<?xml version="1.0" encoding="UTF-8"?>
<TestRun id="672d9b96-bb39-4ac3-a247-5f4157362a2a" name="tfsmladm@TFSBUILD11 2015-09-28 09:43:43" runUser="REDMOND\tfsmladm" xmlns="http://microsoft.com/schemas/VisualStudio/TeamTest/2010">
  <Times creation="2015-09-28T09:43:43.7195263-07:00" queuing="2015-09-28T09:43:43.7195263-07:00" start="2015-09-28T09:43:43.7195263-07:00" finish="2015-09-28T09:44:19.8314685-07:00" />
  <TestSettings name="default" id="2665c025-1c3a-43dd-a5e7-3e950c0f1036">
    <Execution>
      <TestTypeSpecific />
    </Execution>
    <Deployment runDeploymentRoot="tfsmladm_TFSBUILD11 2015-09-28 09_43_43" />
    <Properties />
  </TestSettings>
  <Results>
    <UnitTestResult executionId="0dfe1c6c-e1e9-4370-90d2-85f3098e739f" testId="65ff61e8-b3cf-c66d-9976-5f06d5d9f78b" testName="GetAttachment" computerName="TFSBUILD11" duration="00:00:01.9905291" startTime="2015-09-28T09:43:40.9380777-07:00" endTime="2015-09-28T09:43:42.9850985-07:00" testType="13cdc9d9-ddb5-4fa4-a97d-d965ccfc6d4b" outcome="Passed" testListId="8c84fa94-04c1-424b-9868-57a2d4851a1d" relativeResultsDirectory="0dfe1c6c-e1e9-4370-90d2-85f3098e739f" />
    <UnitTestResult executionId="59264868-1be4-4ee2-b0af-85de16071dfc" testId="e40a797f-dab5-aac9-7450-a75a73c86dc0" testName="CreateAttachment" computerName="TFSBUILD11" duration="00:00:00.1196240" startTime="2015-09-28T09:43:43.0007249-07:00" endTime="2015-09-28T09:43:43.1101077-07:00" testType="13cdc9d9-ddb5-4fa4-a97d-d965ccfc6d4b" outcome="Passed" testListId="8c84fa94-04c1-424b-9868-57a2d4851a1d" relativeResultsDirectory="59264868-1be4-4ee2-b0af-85de16071dfc" />
    <UnitTestResult executionId="d37d6827-77b5-48af-a3b5-caee82a7f8e1" testId="f241d98e-2709-5dab-6d00-178537d97a9b" testName="GetField" computerName="TFSBUILD11" duration="00:00:00.0755639" startTime="2015-09-28T09:43:43.1101077-07:00" endTime="2015-09-28T09:43:43.1882396-07:00" testType="13cdc9d9-ddb5-4fa4-a97d-d965ccfc6d4b" outcome="Passed" testListId="8c84fa94-04c1-424b-9868-57a2d4851a1d" relativeResultsDirectory="d37d6827-77b5-48af-a3b5-caee82a7f8e1" />
    <UnitTestResult executionId="36dd8e85-a664-4162-9b4a-06eafc121ae5" testId="e0fb55f6-0a0a-981b-a5b7-79e723274145" testName="GetNegativeField" computerName="TFSBUILD11" duration="00:00:00.0531065" startTime="2015-09-28T09:43:43.1882396-07:00" endTime="2015-09-28T09:43:43.2507424-07:00" testType="13cdc9d9-ddb5-4fa4-a97d-d965ccfc6d4b" outcome="Passed" testListId="8c84fa94-04c1-424b-9868-57a2d4851a1d" relativeResultsDirectory="36dd8e85-a664-4162-9b4a-06eafc121ae5" />
    <UnitTestResult executionId="3f788500-ef60-4eed-96e8-da0cadd96a0d" testId="66cddd09-61ec-b199-03f0-02254f6cb995" testName="GetFields" computerName="TFSBUILD11" duration="00:00:00.0644871" startTime="2015-09-28T09:43:43.2507424-07:00" endTime="2015-09-28T09:43:43.3132480-07:00" testType="13cdc9d9-ddb5-4fa4-a97d-d965ccfc6d4b" outcome="Passed" testListId="8c84fa94-04c1-424b-9868-57a2d4851a1d" relativeResultsDirectory="3f788500-ef60-4eed-96e8-da0cadd96a0d" />
    <UnitTestResult executionId="ea5fb24a-25d0-4e88-bb1d-8eb2262e5fec" testId="1dcf0fa3-56e3-6565-47c9-96b5ed8e62e2" testName="GetRelationTypes" computerName="TFSBUILD11" duration="00:00:00.0818865" startTime="2015-09-28T09:43:43.3132480-07:00" endTime="2015-09-28T09:43:43.3913774-07:00" testType="13cdc9d9-ddb5-4fa4-a97d-d965ccfc6d4b" outcome="Passed" testListId="8c84fa94-04c1-424b-9868-57a2d4851a1d" relativeResultsDirectory="ea5fb24a-25d0-4e88-bb1d-8eb2262e5fec" />
    <UnitTestResult executionId="28473c7e-7b7b-4d93-891f-d5f7508952db" testId="b2c1480c-1301-151a-68b7-f6fd6381084c" testName="GetRelationType" computerName="TFSBUILD11" duration="00:00:00.0517713" startTime="2015-09-28T09:43:43.3913774-07:00" endTime="2015-09-28T09:43:43.4382557-07:00" testType="13cdc9d9-ddb5-4fa4-a97d-d965ccfc6d4b" outcome="Passed" testListId="8c84fa94-04c1-424b-9868-57a2d4851a1d" relativeResultsDirectory="28473c7e-7b7b-4d93-891f-d5f7508952db" />
    <UnitTestResult executionId="50837373-a133-421e-a9f0-4587d48b8820" testId="3fe434c2-ef15-0b4c-4f33-aacd8705fb0f" testName="GetQuery_Guid" computerName="TFSBUILD11" duration="00:00:00.1338817" startTime="2015-09-28T09:43:43.4382557-07:00" endTime="2015-09-28T09:43:43.5788910-07:00" testType="13cdc9d9-ddb5-4fa4-a97d-d965ccfc6d4b" outcome="Passed" testListId="8c84fa94-04c1-424b-9868-57a2d4851a1d" relativeResultsDirectory="50837373-a133-421e-a9f0-4587d48b8820" />
    <UnitTestResult executionId="df3c6707-6ec2-4bcc-b86a-be54733f4600" testId="e38ce575-ae12-427f-6520-d589b85e37c1" testName="GetQuery_Path" computerName="TFSBUILD11" duration="00:00:00.1050215" startTime="2015-09-28T09:43:43.5788910-07:00" endTime="2015-09-28T09:43:43.6882738-07:00" testType="13cdc9d9-ddb5-4fa4-a97d-d965ccfc6d4b" outcome="Passed" testListId="8c84fa94-04c1-424b-9868-57a2d4851a1d" relativeResultsDirectory="df3c6707-6ec2-4bcc-b86a-be54733f4600" />
    <UnitTestResult executionId="0bb98510-a5b1-4ab7-9768-bf79508e8ea0" testId="aed6036d-757f-775b-426e-dcbef8f261c6" testName="GetQueries" computerName="TFSBUILD11" duration="00:00:00.1263124" startTime="2015-09-28T09:43:43.6882738-07:00" endTime="2015-09-28T09:43:43.8132830-07:00" testType="13cdc9d9-ddb5-4fa4-a97d-d965ccfc6d4b" outcome="Passed" testListId="8c84fa94-04c1-424b-9868-57a2d4851a1d" relativeResultsDirectory="0bb98510-a5b1-4ab7-9768-bf79508e8ea0" />
    <UnitTestResult executionId="f43d40da-8b5f-4701-a6e8-44f091b79543" testId="9a78fede-1c08-a4a9-778a-734cf03d9475" testName="CreateQuery_Guid" computerName="TFSBUILD11" duration="00:00:00.1060674" startTime="2015-09-28T09:43:43.8132830-07:00" endTime="2015-09-28T09:43:43.9226654-07:00" testType="13cdc9d9-ddb5-4fa4-a97d-d965ccfc6d4b" outcome="Passed" testListId="8c84fa94-04c1-424b-9868-57a2d4851a1d" relativeResultsDirectory="f43d40da-8b5f-4701-a6e8-44f091b79543" />
    <UnitTestResult executionId="5798514d-cce6-4cb5-9e78-9e08a9402fd8" testId="04f7f791-3e18-530e-3c05-1ab4a6f1ea4d" testName="CreateQuery_Path" computerName="TFSBUILD11" duration="00:00:00.1146618" startTime="2015-09-28T09:43:43.9226654-07:00" endTime="2015-09-28T09:43:44.0320488-07:00" testType="13cdc9d9-ddb5-4fa4-a97d-d965ccfc6d4b" outcome="Passed" testListId="8c84fa94-04c1-424b-9868-57a2d4851a1d" relativeResultsDirectory="5798514d-cce6-4cb5-9e78-9e08a9402fd8" />
    <UnitTestResult executionId="5512161d-2c8b-4bbd-a831-f7485cbc28eb" testId="90ff44be-bb2b-2363-28ab-081b0f39d9a3" testName="UpdateQuery_Guid" computerName="TFSBUILD11" duration="00:00:00.1109302" startTime="2015-09-28T09:43:44.0320488-07:00" endTime="2015-09-28T09:43:44.1414313-07:00" testType="13cdc9d9-ddb5-4fa4-a97d-d965ccfc6d4b" outcome="Passed" testListId="8c84fa94-04c1-424b-9868-57a2d4851a1d" relativeResultsDirectory="5512161d-2c8b-4bbd-a831-f7485cbc28eb" />
    <UnitTestResult executionId="eac8c2de-3d74-41e0-8111-4d5b8db4bc34" testId="5a23d093-50c0-0ab9-abdd-d30c5507b966" testName="UpdateQuery_Path" computerName="TFSBUILD11" duration="00:00:00.1096221" startTime="2015-09-28T09:43:44.1414313-07:00" endTime="2015-09-28T09:43:44.2508138-07:00" testType="13cdc9d9-ddb5-4fa4-a97d-d965ccfc6d4b" outcome="Passed" testListId="8c84fa94-04c1-424b-9868-57a2d4851a1d" relativeResultsDirectory="eac8c2de-3d74-41e0-8111-4d5b8db4bc34" />
    <UnitTestResult executionId="61fac0e4-c2ef-4ef4-ab4e-81d15573ee2d" testId="31f3e478-7c13-1116-f44e-784511ac247c" testName="DeleteQuery_Guid" computerName="TFSBUILD11" duration="00:00:00.1067296" startTime="2015-09-28T09:43:44.2508138-07:00" endTime="2015-09-28T09:43:44.3601971-07:00" testType="13cdc9d9-ddb5-4fa4-a97d-d965ccfc6d4b" outcome="Passed" testListId="8c84fa94-04c1-424b-9868-57a2d4851a1d" relativeResultsDirectory="61fac0e4-c2ef-4ef4-ab4e-81d15573ee2d" />
    <UnitTestResult executionId="be585624-b878-488b-a08d-683d8560b93d" testId="fc558bd3-8144-4a1e-acc8-37c4c51b1c9f" testName="DeleteQuery_Path" computerName="TFSBUILD11" duration="00:00:00.0976908" startTime="2015-09-28T09:43:44.3601971-07:00" endTime="2015-09-28T09:43:44.4539535-07:00" testType="13cdc9d9-ddb5-4fa4-a97d-d965ccfc6d4b" outcome="Passed" testListId="8c84fa94-04c1-424b-9868-57a2d4851a1d" relativeResultsDirectory="be585624-b878-488b-a08d-683d8560b93d" />
    <UnitTestResult executionId="dc655725-23fa-4aaf-a019-eaf62307a590" testId="34c4d72b-528e-8f3e-8375-2cb0916897e5" testName="PatchQuery" computerName="TFSBUILD11" duration="00:00:00.0788950" startTime="2015-09-28T09:43:44.4539535-07:00" endTime="2015-09-28T09:43:44.5320835-07:00" testType="13cdc9d9-ddb5-4fa4-a97d-d965ccfc6d4b" outcome="Passed" testListId="8c84fa94-04c1-424b-9868-57a2d4851a1d" relativeResultsDirectory="dc655725-23fa-4aaf-a019-eaf62307a590" />
    <UnitTestResult executionId="09f97788-c6f6-4b21-985f-5f2d16e2ae2b" testId="25cf0c7f-6f23-8bac-2953-4b7ea785f218" testName="GetWorkItemLinksDefault" computerName="TFSBUILD11" duration="00:00:00.1285319" startTime="2015-09-28T09:43:44.5320835-07:00" endTime="2015-09-28T09:43:44.6727191-07:00" testType="13cdc9d9-ddb5-4fa4-a97d-d965ccfc6d4b" outcome="Passed" testListId="8c84fa94-04c1-424b-9868-57a2d4851a1d" relativeResultsDirectory="09f97788-c6f6-4b21-985f-5f2d16e2ae2b" />
    <UnitTestResult executionId="fa39f2c4-621e-4a01-990a-ac8e8807ecf2" testId="e7771da0-d894-ec3b-0e09-d094b33fd8e8" testName="GetWorkItemLinksWatermark" computerName="TFSBUILD11" duration="00:00:00.1060713" startTime="2015-09-28T09:43:44.6727191-07:00" endTime="2015-09-28T09:43:44.7664760-07:00" testType="13cdc9d9-ddb5-4fa4-a97d-d965ccfc6d4b" outcome="Passed" testListId="8c84fa94-04c1-424b-9868-57a2d4851a1d" relativeResultsDirectory="fa39f2c4-621e-4a01-990a-ac8e8807ecf2" />
    <UnitTestResult executionId="63300b39-ceff-4c84-a8ac-5f69ac1eaf7d" testId="967128e1-be15-deec-a906-8933f69fa00b" testName="GetWorkItemLinksWatermarkAndTypes" computerName="TFSBUILD11" duration="00:00:00.1052083" startTime="2015-09-28T09:43:44.7664760-07:00" endTime="2015-09-28T09:43:44.8758582-07:00" testType="13cdc9d9-ddb5-4fa4-a97d-d965ccfc6d4b" outcome="Passed" testListId="8c84fa94-04c1-424b-9868-57a2d4851a1d" relativeResultsDirectory="63300b39-ceff-4c84-a8ac-5f69ac1eaf7d" />
    <UnitTestResult executionId="b448002c-8f20-4b34-a9f2-0944b2448641" testId="ef7eb9da-ba92-2397-643e-8e15d6dd0651" testName="GetWorkItemLinksStartDateAndTypes" computerName="TFSBUILD11" duration="00:00:00.1010225" startTime="2015-09-28T09:43:44.8758582-07:00" endTime="2015-09-28T09:43:44.9852410-07:00" testType="13cdc9d9-ddb5-4fa4-a97d-d965ccfc6d4b" outcome="Passed" testListId="8c84fa94-04c1-424b-9868-57a2d4851a1d" relativeResultsDirectory="b448002c-8f20-4b34-a9f2-0944b2448641" />
    <UnitTestResult executionId="b80e54c7-5d60-4644-b658-0aa7b97c2d76" testId="511506d6-2141-9e97-9d47-76aa4bd74f0d" testName="GetWorkItemRevisionsDefault" computerName="TFSBUILD11" duration="00:00:00.1487917" startTime="2015-09-28T09:43:44.9852410-07:00" endTime="2015-09-28T09:43:45.1258760-07:00" testType="13cdc9d9-ddb5-4fa4-a97d-d965ccfc6d4b" outcome="Passed" testListId="8c84fa94-04c1-424b-9868-57a2d4851a1d" relativeResultsDirectory="b80e54c7-5d60-4644-b658-0aa7b97c2d76" />
    <UnitTestResult executionId="9ef91957-d9a9-43e7-b9ff-b9342bb4e416" testId="77111445-9ec7-da09-408b-c404d26463a5" testName="GetWorkItemRevisionsWatermark" computerName="TFSBUILD11" duration="00:00:00.1130687" startTime="2015-09-28T09:43:45.1258760-07:00" endTime="2015-09-28T09:43:45.2508849-07:00" testType="13cdc9d9-ddb5-4fa4-a97d-d965ccfc6d4b" outcome="Passed" testListId="8c84fa94-04c1-424b-9868-57a2d4851a1d" relativeResultsDirectory="9ef91957-d9a9-43e7-b9ff-b9342bb4e416" />
    <UnitTestResult executionId="b66a458b-245b-40d8-baa6-697b29c4db48" testId="73b79f30-5aba-29e8-38d0-8121d9391087" testName="GetWorkItemRevisionsWatermarkAndFields" computerName="TFSBUILD11" duration="00:00:00.1101420" startTime="2015-09-28T09:43:45.2508849-07:00" endTime="2015-09-28T09:43:45.3602677-07:00" testType="13cdc9d9-ddb5-4fa4-a97d-d965ccfc6d4b" outcome="Passed" testListId="8c84fa94-04c1-424b-9868-57a2d4851a1d" relativeResultsDirectory="b66a458b-245b-40d8-baa6-697b29c4db48" />
    <UnitTestResult executionId="1ddae469-e730-4421-878a-e3263cd4b603" testId="9e6e2b82-d28f-3e0e-c414-5aadd2187766" testName="GetWorkItemRevisionsWatermarkTypesAndFields" computerName="TFSBUILD11" duration="00:00:00.1048613" startTime="2015-09-28T09:43:45.3602677-07:00" endTime="2015-09-28T09:43:45.4540246-07:00" testType="13cdc9d9-ddb5-4fa4-a97d-d965ccfc6d4b" outcome="Passed" testListId="8c84fa94-04c1-424b-9868-57a2d4851a1d" relativeResultsDirectory="1ddae469-e730-4421-878a-e3263cd4b603" />
    <UnitTestResult executionId="0b8b9314-7db5-40dd-a019-184cceaf3e3d" testId="168d79ad-615b-f09a-31d2-9c0532961685" testName="GetWorkItemRevisionsStartDateTypesAndFields" computerName="TFSBUILD11" duration="00:00:00.0937350" startTime="2015-09-28T09:43:45.4540246-07:00" endTime="2015-09-28T09:43:45.5477810-07:00" testType="13cdc9d9-ddb5-4fa4-a97d-d965ccfc6d4b" outcome="Passed" testListId="8c84fa94-04c1-424b-9868-57a2d4851a1d" relativeResultsDirectory="0b8b9314-7db5-40dd-a019-184cceaf3e3d" />
    <UnitTestResult executionId="28810c92-a206-46aa-8ee3-95c5cf481b92" testId="4cba08bf-bef1-bebc-3c6f-47cc13239d83" testName="PostWorkItemRevisionsWatermark" computerName="TFSBUILD11" duration="00:00:00.1046523" startTime="2015-09-28T09:43:45.5477810-07:00" endTime="2015-09-28T09:43:45.6571641-07:00" testType="13cdc9d9-ddb5-4fa4-a97d-d965ccfc6d4b" outcome="Passed" testListId="8c84fa94-04c1-424b-9868-57a2d4851a1d" relativeResultsDirectory="28810c92-a206-46aa-8ee3-95c5cf481b92" />
    <UnitTestResult executionId="4851c222-2822-4a4a-8da8-480d7ca526dc" testId="563281c1-d99b-8518-53fc-d4329850ada3" testName="PostWorkItemRevisionsStartDate" computerName="TFSBUILD11" duration="00:00:00.1019256" startTime="2015-09-28T09:43:45.6571641-07:00" endTime="2015-09-28T09:43:45.7665463-07:00" testType="13cdc9d9-ddb5-4fa4-a97d-d965ccfc6d4b" outcome="Passed" testListId="8c84fa94-04c1-424b-9868-57a2d4851a1d" relativeResultsDirectory="4851c222-2822-4a4a-8da8-480d7ca526dc" />
    <UnitTestResult executionId="fb8f2c7b-6c91-4146-a199-e8f023fe7694" testId="9ac6f70e-1e31-2102-3a04-ce64cfeb6f6e" testName="GetRootNodes" computerName="TFSBUILD11" duration="00:00:00.0799463" startTime="2015-09-28T09:43:45.7665463-07:00" endTime="2015-09-28T09:43:45.8446771-07:00" testType="13cdc9d9-ddb5-4fa4-a97d-d965ccfc6d4b" outcome="Passed" testListId="8c84fa94-04c1-424b-9868-57a2d4851a1d" relativeResultsDirectory="fb8f2c7b-6c91-4146-a199-e8f023fe7694" />
    <UnitTestResult executionId="fcf5014c-d91f-4469-b76d-1afa9ab32d63" testId="da45bc0e-ffd3-e15d-9af6-224d6fe29ea4" testName="GetRootIterationNode" computerName="TFSBUILD11" duration="00:00:00.0546120" startTime="2015-09-28T09:43:45.8446771-07:00" endTime="2015-09-28T09:43:45.8915557-07:00" testType="13cdc9d9-ddb5-4fa4-a97d-d965ccfc6d4b" outcome="Passed" testListId="8c84fa94-04c1-424b-9868-57a2d4851a1d" relativeResultsDirectory="fcf5014c-d91f-4469-b76d-1afa9ab32d63" />
    <UnitTestResult executionId="a52da142-2d58-4bd9-9f57-421d2b7bb8fc" testId="6266391d-cfda-71ce-d41f-c505d260095f" testName="GetRootAreaNode" computerName="TFSBUILD11" duration="00:00:00.0534842" startTime="2015-09-28T09:43:45.8915557-07:00" endTime="2015-09-28T09:43:45.9540596-07:00" testType="13cdc9d9-ddb5-4fa4-a97d-d965ccfc6d4b" outcome="Passed" testListId="8c84fa94-04c1-424b-9868-57a2d4851a1d" relativeResultsDirectory="a52da142-2d58-4bd9-9f57-421d2b7bb8fc" />
    <UnitTestResult executionId="63fc2fa9-d500-4f3d-968e-3c9654b57dc1" testId="8f4aff25-8ee2-74b7-c6b8-c6f8dbed33de" testName="GetIterationNode" computerName="TFSBUILD11" duration="00:00:00.0546914" startTime="2015-09-28T09:43:45.9540596-07:00" endTime="2015-09-28T09:43:46.0009382-07:00" testType="13cdc9d9-ddb5-4fa4-a97d-d965ccfc6d4b" outcome="Passed" testListId="8c84fa94-04c1-424b-9868-57a2d4851a1d" relativeResultsDirectory="63fc2fa9-d500-4f3d-968e-3c9654b57dc1" />
    <UnitTestResult executionId="34eb2655-6d46-4fd8-9954-8c5162bdfe3a" testId="b1ab5f37-479c-92b9-8ebe-4f4dc4f1fef7" testName="GetAreaNode" computerName="TFSBUILD11" duration="00:00:00.0527742" startTime="2015-09-28T09:43:46.0009382-07:00" endTime="2015-09-28T09:43:46.0634424-07:00" testType="13cdc9d9-ddb5-4fa4-a97d-d965ccfc6d4b" outcome="Passed" testListId="8c84fa94-04c1-424b-9868-57a2d4851a1d" relativeResultsDirectory="34eb2655-6d46-4fd8-9954-8c5162bdfe3a" />
    <UnitTestResult executionId="87bdf8fd-b8ac-46b0-b010-6ef0c36797fe" testId="049c1ab6-edab-e858-ff93-10053eda5552" testName="EvaluateRulesOnField" computerName="TFSBUILD11" duration="00:00:00.1301578" startTime="2015-09-28T09:43:46.0634424-07:00" endTime="2015-09-28T09:43:46.1884513-07:00" testType="13cdc9d9-ddb5-4fa4-a97d-d965ccfc6d4b" outcome="Passed" testListId="8c84fa94-04c1-424b-9868-57a2d4851a1d" relativeResultsDirectory="87bdf8fd-b8ac-46b0-b010-6ef0c36797fe" />
    <UnitTestResult executionId="3b0ca039-66c6-4d8c-80c0-e5280fa27481" testId="8f4af474-e542-a492-12af-7f2b9ce252f3" testName="GetWiqlResults" computerName="TFSBUILD11" duration="00:00:00.1269492" startTime="2015-09-28T09:43:46.1884513-07:00" endTime="2015-09-28T09:43:46.3134604-07:00" testType="13cdc9d9-ddb5-4fa4-a97d-d965ccfc6d4b" outcome="Passed" testListId="8c84fa94-04c1-424b-9868-57a2d4851a1d" relativeResultsDirectory="3b0ca039-66c6-4d8c-80c0-e5280fa27481" />
    <UnitTestResult executionId="f7184ecd-57e1-4881-a0e1-dd159c6d0e12" testId="34e2aa40-77b1-2447-72ee-19534ec07d76" testName="GetWiqlResults_Project" computerName="TFSBUILD11" duration="00:00:00.1054154" startTime="2015-09-28T09:43:46.3134604-07:00" endTime="2015-09-28T09:43:46.4228435-07:00" testType="13cdc9d9-ddb5-4fa4-a97d-d965ccfc6d4b" outcome="Passed" testListId="8c84fa94-04c1-424b-9868-57a2d4851a1d" relativeResultsDirectory="f7184ecd-57e1-4881-a0e1-dd159c6d0e12" />
    <UnitTestResult executionId="16cdc1e9-7b09-4678-a44e-fd500e62d9a3" testId="bfe1094e-28c7-cc48-da61-2131b4730d2d" testName="GetWiqlResults_Team" computerName="TFSBUILD11" duration="00:00:00.1090862" startTime="2015-09-28T09:43:46.4228435-07:00" endTime="2015-09-28T09:43:46.5322263-07:00" testType="13cdc9d9-ddb5-4fa4-a97d-d965ccfc6d4b" outcome="Passed" testListId="8c84fa94-04c1-424b-9868-57a2d4851a1d" relativeResultsDirectory="16cdc1e9-7b09-4678-a44e-fd500e62d9a3" />
    <UnitTestResult executionId="2be85bbf-db49-4aa3-b6d5-0642fa6b9ff5" testId="982b3150-8086-ffe4-9c4f-69aac5bcaa05" testName="GetWiqlResultsById" computerName="TFSBUILD11" duration="00:00:00.1028810" startTime="2015-09-28T09:43:46.5322263-07:00" endTime="2015-09-28T09:43:46.6259824-07:00" testType="13cdc9d9-ddb5-4fa4-a97d-d965ccfc6d4b" outcome="Passed" testListId="8c84fa94-04c1-424b-9868-57a2d4851a1d" relativeResultsDirectory="2be85bbf-db49-4aa3-b6d5-0642fa6b9ff5" />
    <UnitTestResult executionId="58e53fb5-5cf4-4113-9a5b-115a51f744fe" testId="3430f251-b03f-5110-c44d-1a5e9aa17dae" testName="GetWorkItemAllHistory" computerName="TFSBUILD11" duration="00:00:00.1392668" startTime="2015-09-28T09:43:46.6259824-07:00" endTime="2015-09-28T09:43:46.7666177-07:00" testType="13cdc9d9-ddb5-4fa4-a97d-d965ccfc6d4b" outcome="Passed" testListId="8c84fa94-04c1-424b-9868-57a2d4851a1d" relativeResultsDirectory="58e53fb5-5cf4-4113-9a5b-115a51f744fe" />
    <UnitTestResult executionId="dac29ec0-c710-43f5-bfaa-7880541c7728" testId="ad3cd5b4-06ba-9a80-2eb9-7341ee83fb3b" testName="GetWorkItemHistory" computerName="TFSBUILD11" duration="00:00:00.1106876" startTime="2015-09-28T09:43:46.7666177-07:00" endTime="2015-09-28T09:43:46.8760004-07:00" testType="13cdc9d9-ddb5-4fa4-a97d-d965ccfc6d4b" outcome="Passed" testListId="8c84fa94-04c1-424b-9868-57a2d4851a1d" relativeResultsDirectory="dac29ec0-c710-43f5-bfaa-7880541c7728" />
    <UnitTestResult executionId="303c079d-dbfc-48a7-8119-33698de8e7af" testId="75ca4089-33d4-b427-91bb-1bd31c352cd9" testName="GetWorkItemRevision" computerName="TFSBUILD11" duration="00:00:00.1267169" startTime="2015-09-28T09:43:46.8760004-07:00" endTime="2015-09-28T09:43:47.0166349-07:00" testType="13cdc9d9-ddb5-4fa4-a97d-d965ccfc6d4b" outcome="Passed" testListId="8c84fa94-04c1-424b-9868-57a2d4851a1d" relativeResultsDirectory="303c079d-dbfc-48a7-8119-33698de8e7af" />
    <UnitTestResult executionId="c7504e29-0a3c-45a8-870a-9440dbc7f3fa" testId="e611266b-2311-6f20-9a57-ac3d45f06a27" testName="GetWorkItemRevisions" computerName="TFSBUILD11" duration="00:00:00.1064892" startTime="2015-09-28T09:43:47.0166349-07:00" endTime="2015-09-28T09:43:47.1103918-07:00" testType="13cdc9d9-ddb5-4fa4-a97d-d965ccfc6d4b" outcome="Passed" testListId="8c84fa94-04c1-424b-9868-57a2d4851a1d" relativeResultsDirectory="c7504e29-0a3c-45a8-870a-9440dbc7f3fa" />
    <UnitTestResult executionId="6686ad6d-1688-46f7-9fea-a8f9134517b1" testId="911829fc-36d4-73f0-25e7-575caf46e2cc" testName="GetWorkItem" computerName="TFSBUILD11" duration="00:00:00.1194718" startTime="2015-09-28T09:43:47.1103918-07:00" endTime="2015-09-28T09:43:47.2354013-07:00" testType="13cdc9d9-ddb5-4fa4-a97d-d965ccfc6d4b" outcome="Passed" testListId="8c84fa94-04c1-424b-9868-57a2d4851a1d" relativeResultsDirectory="6686ad6d-1688-46f7-9fea-a8f9134517b1" />
    <UnitTestResult executionId="1dcc2c31-421d-435a-8a43-67ea0ca585a0" testId="e435ea31-507b-6fb1-ba80-65b411a718ab" testName="GetWorkItems" computerName="TFSBUILD11" duration="00:00:00.1041468" startTime="2015-09-28T09:43:47.2354013-07:00" endTime="2015-09-28T09:43:47.3447835-07:00" testType="13cdc9d9-ddb5-4fa4-a97d-d965ccfc6d4b" outcome="Passed" testListId="8c84fa94-04c1-424b-9868-57a2d4851a1d" relativeResultsDirectory="1dcc2c31-421d-435a-8a43-67ea0ca585a0" />
    <UnitTestResult executionId="8315edd7-cf02-4258-a3f6-a309f0b8bf2e" testId="37a6e86c-db7c-d176-777d-4b8442d3ad66" testName="GetWorkItemTemplate" computerName="TFSBUILD11" duration="00:00:00.1053437" startTime="2015-09-28T09:43:47.3447835-07:00" endTime="2015-09-28T09:43:47.4541663-07:00" testType="13cdc9d9-ddb5-4fa4-a97d-d965ccfc6d4b" outcome="Passed" testListId="8c84fa94-04c1-424b-9868-57a2d4851a1d" relativeResultsDirectory="8315edd7-cf02-4258-a3f6-a309f0b8bf2e" />
    <UnitTestResult executionId="e1b84257-f056-4808-88b1-a7b2d0e3b0f3" testId="b8f14544-3dc2-8c47-9528-f92f46babdd8" testName="UpdateWorkItem" computerName="TFSBUILD11" duration="00:00:00.0720652" startTime="2015-09-28T09:43:47.4541663-07:00" endTime="2015-09-28T09:43:47.5166710-07:00" testType="13cdc9d9-ddb5-4fa4-a97d-d965ccfc6d4b" outcome="Passed" testListId="8c84fa94-04c1-424b-9868-57a2d4851a1d" relativeResultsDirectory="e1b84257-f056-4808-88b1-a7b2d0e3b0f3" />
    <UnitTestResult executionId="e95ebbe3-f5f5-463f-a086-9a0cc720dfb5" testId="146c5fda-a3b3-6a23-a30d-e56e747e8314" testName="UpdateWorkItemTemplate" computerName="TFSBUILD11" duration="00:00:00.0624186" startTime="2015-09-28T09:43:47.5166710-07:00" endTime="2015-09-28T09:43:47.5791757-07:00" testType="13cdc9d9-ddb5-4fa4-a97d-d965ccfc6d4b" outcome="Passed" testListId="8c84fa94-04c1-424b-9868-57a2d4851a1d" relativeResultsDirectory="e95ebbe3-f5f5-463f-a086-9a0cc720dfb5" />
    <UnitTestResult executionId="29e6cea0-c7cd-41e5-92d7-8dba0623d1a8" testId="cae6b520-cabb-421e-9ebd-eb2d7853bbf6" testName="GetDependentFields" computerName="TFSBUILD11" duration="00:00:00.0777581" startTime="2015-09-28T09:43:47.5791757-07:00" endTime="2015-09-28T09:43:47.6573060-07:00" testType="13cdc9d9-ddb5-4fa4-a97d-d965ccfc6d4b" outcome="Passed" testListId="8c84fa94-04c1-424b-9868-57a2d4851a1d" relativeResultsDirectory="29e6cea0-c7cd-41e5-92d7-8dba0623d1a8" />
    <UnitTestResult executionId="cda11325-074d-4786-995a-233eeef13dbe" testId="89cb9b43-de78-056b-7379-4ff75582a586" testName="GetWorkItemType" computerName="TFSBUILD11" duration="00:00:00.1075118" startTime="2015-09-28T09:43:47.6573060-07:00" endTime="2015-09-28T09:43:47.7666891-07:00" testType="13cdc9d9-ddb5-4fa4-a97d-d965ccfc6d4b" outcome="Passed" testListId="8c84fa94-04c1-424b-9868-57a2d4851a1d" relativeResultsDirectory="cda11325-074d-4786-995a-233eeef13dbe" />
    <UnitTestResult executionId="7b5ecfce-137b-4a52-9141-4b0c6bdf3944" testId="ac32ffc3-8f15-8b5e-3a6f-1f0e6a4809d7" testName="GetWorkItemTypes" computerName="TFSBUILD11" duration="00:00:00.0772745" startTime="2015-09-28T09:43:47.7666891-07:00" endTime="2015-09-28T09:43:47.8448205-07:00" testType="13cdc9d9-ddb5-4fa4-a97d-d965ccfc6d4b" outcome="Passed" testListId="8c84fa94-04c1-424b-9868-57a2d4851a1d" relativeResultsDirectory="7b5ecfce-137b-4a52-9141-4b0c6bdf3944" />
    <UnitTestResult executionId="ce4761ce-007a-4b08-ba0f-e835b60f6819" testId="1c3ff276-0623-4ceb-79c6-3bf3a5d89a06" testName="TestOAuthScopes" computerName="TFSBUILD11" duration="00:00:00.0435486" startTime="2015-09-28T09:43:47.8448205-07:00" endTime="2015-09-28T09:43:47.8916977-07:00" testType="13cdc9d9-ddb5-4fa4-a97d-d965ccfc6d4b" outcome="Passed" testListId="8c84fa94-04c1-424b-9868-57a2d4851a1d" relativeResultsDirectory="ce4761ce-007a-4b08-ba0f-e835b60f6819" />
    <UnitTestResult executionId="b96ad179-4327-4e1c-8aef-87641f6b3354" testId="8f779901-adba-553f-22cc-e74794eb5660" testName="TestCreateMultiple_DistinctConstantRecords" computerName="TFSBUILD11" duration="00:00:00.0890485" startTime="2015-09-28T09:43:47.8916977-07:00" endTime="2015-09-28T09:43:47.9854563-07:00" testType="13cdc9d9-ddb5-4fa4-a97d-d965ccfc6d4b" outcome="Passed" testListId="8c84fa94-04c1-424b-9868-57a2d4851a1d" relativeResultsDirectory="b96ad179-4327-4e1c-8aef-87641f6b3354" />
    <UnitTestResult executionId="a18cd37c-3734-4675-ac9e-b31c9e2b2c30" testId="77a155c4-04ac-7a22-a565-59d994ccb700" testName="TestCreateMultiple_NonDistinctConstantRecords" computerName="TFSBUILD11" duration="00:00:00.0097205" startTime="2015-09-28T09:43:47.9854563-07:00" endTime="2015-09-28T09:43:47.9854563-07:00" testType="13cdc9d9-ddb5-4fa4-a97d-d965ccfc6d4b" outcome="Passed" testListId="8c84fa94-04c1-424b-9868-57a2d4851a1d" relativeResultsDirectory="a18cd37c-3734-4675-ac9e-b31c9e2b2c30" />
    <UnitTestResult executionId="cd33ec88-dbb7-4989-a087-b535a135fad0" testId="d7d39df4-fe08-f445-dfce-a61da5f23935" testName="ReportingWorkItemLinksSerializationDoesNotThrow" computerName="TFSBUILD11" duration="00:00:00.1069827" startTime="2015-09-28T09:43:47.9854563-07:00" endTime="2015-09-28T09:43:48.0948388-07:00" testType="13cdc9d9-ddb5-4fa4-a97d-d965ccfc6d4b" outcome="Passed" testListId="8c84fa94-04c1-424b-9868-57a2d4851a1d" relativeResultsDirectory="cd33ec88-dbb7-4989-a087-b535a135fad0" />
    <UnitTestResult executionId="6e114e91-0f0e-446c-9e9e-bbe6477642ba" testId="d531b1aa-c9be-d32d-cf20-9b3ef42c45d9" testName="ReportingWorkItemRevisionsSerializationDoesNotThrow" computerName="TFSBUILD11" duration="00:00:00.0051566" startTime="2015-09-28T09:43:48.0948388-07:00" endTime="2015-09-28T09:43:48.0948388-07:00" testType="13cdc9d9-ddb5-4fa4-a97d-d965ccfc6d4b" outcome="Passed" testListId="8c84fa94-04c1-424b-9868-57a2d4851a1d" relativeResultsDirectory="6e114e91-0f0e-446c-9e9e-bbe6477642ba" />
    <UnitTestResult executionId="3cce0e22-4f10-4951-9c38-2dd1dbffe4e8" testId="02252d8b-a19e-64ab-1a3e-5e753300a369" testName="CreateFromFieldData" computerName="TFSBUILD11" duration="00:00:00.6837851" startTime="2015-09-28T09:43:48.0948388-07:00" endTime="2015-09-28T09:43:48.7823869-07:00" testType="13cdc9d9-ddb5-4fa4-a97d-d965ccfc6d4b" outcome="Passed" testListId="8c84fa94-04c1-424b-9868-57a2d4851a1d" relativeResultsDirectory="3cce0e22-4f10-4951-9c38-2dd1dbffe4e8" />
    <UnitTestResult executionId="a8aca24a-ee59-4acd-a91a-d2d6743da1be" testId="a87aa1c9-5457-9c7e-db1d-e3e40d6ce165" testName="CreateFromFieldData_ExpandFields" computerName="TFSBUILD11" duration="00:00:00.0504483" startTime="2015-09-28T09:43:48.7823869-07:00" endTime="2015-09-28T09:43:48.8292640-07:00" testType="13cdc9d9-ddb5-4fa4-a97d-d965ccfc6d4b" outcome="Passed" testListId="8c84fa94-04c1-424b-9868-57a2d4851a1d" relativeResultsDirectory="a8aca24a-ee59-4acd-a91a-d2d6743da1be" />
    <UnitTestResult executionId="f54c9b57-5674-4b4d-8150-c22ad9a3dd74" testId="61c902b2-34f0-b40f-cd82-801dbf88f7c3" testName="ToWorkItemResourceLinkUpdate_Attachment" computerName="TFSBUILD11" duration="00:00:00.0032452" startTime="2015-09-28T09:43:48.8292640-07:00" endTime="2015-09-28T09:43:48.8448916-07:00" testType="13cdc9d9-ddb5-4fa4-a97d-d965ccfc6d4b" outcome="Passed" testListId="8c84fa94-04c1-424b-9868-57a2d4851a1d" relativeResultsDirectory="f54c9b57-5674-4b4d-8150-c22ad9a3dd74" />
    <UnitTestResult executionId="c630fa48-cc03-4d4a-9986-2cccda498321" testId="df0eb6f7-d78e-0ef0-e42a-06b0741d0194" testName="ToWorkItemResourceLinkUpdate_AttachmentFileName" computerName="TFSBUILD11" duration="00:00:00.0039671" startTime="2015-09-28T09:43:48.8448916-07:00" endTime="2015-09-28T09:43:48.8448916-07:00" testType="13cdc9d9-ddb5-4fa4-a97d-d965ccfc6d4b" outcome="Passed" testListId="8c84fa94-04c1-424b-9868-57a2d4851a1d" relativeResultsDirectory="c630fa48-cc03-4d4a-9986-2cccda498321" />
    <UnitTestResult executionId="7aa5957f-4e74-4f9f-a25c-4f3f86c1a830" testId="f42d76d8-39c4-b0c0-4435-a380247b39cd" testName="ToWorkItemResourceLinkUpdate_AttachmentFileNameInAttributes" computerName="TFSBUILD11" duration="00:00:00.0006641" startTime="2015-09-28T09:43:48.8448916-07:00" endTime="2015-09-28T09:43:48.8448916-07:00" testType="13cdc9d9-ddb5-4fa4-a97d-d965ccfc6d4b" outcome="Passed" testListId="8c84fa94-04c1-424b-9868-57a2d4851a1d" relativeResultsDirectory="7aa5957f-4e74-4f9f-a25c-4f3f86c1a830" />
    <UnitTestResult executionId="7fa3ae49-cd8d-44d3-8065-86c7667df23f" testId="5e6978af-da6d-16ba-2dc9-ce25d0dd66e7" testName="ToWorkItemResourceLinkUpdate_InvalidUrl" computerName="TFSBUILD11" duration="00:00:00.0013641" startTime="2015-09-28T09:43:48.8448916-07:00" endTime="2015-09-28T09:43:48.8448916-07:00" testType="13cdc9d9-ddb5-4fa4-a97d-d965ccfc6d4b" outcome="Passed" testListId="8c84fa94-04c1-424b-9868-57a2d4851a1d" relativeResultsDirectory="7fa3ae49-cd8d-44d3-8065-86c7667df23f" />
    <UnitTestResult executionId="7140652b-1797-4b8e-95c7-15717fb178a6" testId="e7bc15b0-fc00-68d9-96dc-fb0a27aba615" testName="ToWorkItemResourceLinkUpdate_InvalidUrlGuidOnly" computerName="TFSBUILD11" duration="00:00:00.0006732" startTime="2015-09-28T09:43:48.8448916-07:00" endTime="2015-09-28T09:43:48.8448916-07:00" testType="13cdc9d9-ddb5-4fa4-a97d-d965ccfc6d4b" outcome="Passed" testListId="8c84fa94-04c1-424b-9868-57a2d4851a1d" relativeResultsDirectory="7140652b-1797-4b8e-95c7-15717fb178a6" />
    <UnitTestResult executionId="31b100c1-a8ca-48da-b9af-2b8a627f7876" testId="35176342-1c5b-f1f0-d5b0-3dde388e95a5" testName="ToWorkItemLinkUpdate" computerName="TFSBUILD11" duration="00:00:00.0016011" startTime="2015-09-28T09:43:48.8448916-07:00" endTime="2015-09-28T09:43:48.8448916-07:00" testType="13cdc9d9-ddb5-4fa4-a97d-d965ccfc6d4b" outcome="Passed" testListId="8c84fa94-04c1-424b-9868-57a2d4851a1d" relativeResultsDirectory="31b100c1-a8ca-48da-b9af-2b8a627f7876" />
    <UnitTestResult executionId="a5ddace8-edda-46eb-8411-765ac105f9e9" testId="277c38ac-1b8e-130c-ce9d-0513c0d51edf" testName="ToWorkItemLinkUpdate_InvalidUrl" computerName="TFSBUILD11" duration="00:00:00.0007771" startTime="2015-09-28T09:43:48.8448916-07:00" endTime="2015-09-28T09:43:48.8448916-07:00" testType="13cdc9d9-ddb5-4fa4-a97d-d965ccfc6d4b" outcome="Passed" testListId="8c84fa94-04c1-424b-9868-57a2d4851a1d" relativeResultsDirectory="a5ddace8-edda-46eb-8411-765ac105f9e9" />
    <UnitTestResult executionId="68a802a8-ec76-42cd-a63d-3ab52beca153" testId="f43efb9f-319a-2be4-0bc8-b94b0cb37053" testName="WorkItemRule" computerName="TFSBUILD11" duration="00:00:00.0222804" startTime="2015-09-28T09:43:48.8448916-07:00" endTime="2015-09-28T09:43:48.8761429-07:00" testType="13cdc9d9-ddb5-4fa4-a97d-d965ccfc6d4b" outcome="Passed" testListId="8c84fa94-04c1-424b-9868-57a2d4851a1d" relativeResultsDirectory="68a802a8-ec76-42cd-a63d-3ab52beca153" />
    <UnitTestResult executionId="ff2e09b4-cc45-4f1a-b917-1ff6b2a31aa1" testId="af53f229-95c9-6f0a-a8c5-50bd2f5b1045" testName="RuleBlock" computerName="TFSBUILD11" duration="00:00:00.0168242" startTime="2015-09-28T09:43:48.8761429-07:00" endTime="2015-09-28T09:43:48.8917688-07:00" testType="13cdc9d9-ddb5-4fa4-a97d-d965ccfc6d4b" outcome="Passed" testListId="8c84fa94-04c1-424b-9868-57a2d4851a1d" relativeResultsDirectory="ff2e09b4-cc45-4f1a-b917-1ff6b2a31aa1" />
    <UnitTestResult executionId="0588b03b-0d73-4a4c-9f75-6e42e9bf5800" testId="3f671f9b-7f2e-16de-6289-ebb763c1a948" testName="DependentRule" computerName="TFSBUILD11" duration="00:00:00.0779751" startTime="2015-09-28T09:43:48.8917688-07:00" endTime="2015-09-28T09:43:48.9698996-07:00" testType="13cdc9d9-ddb5-4fa4-a97d-d965ccfc6d4b" outcome="Passed" testListId="8c84fa94-04c1-424b-9868-57a2d4851a1d" relativeResultsDirectory="0588b03b-0d73-4a4c-9f75-6e42e9bf5800" />
    <UnitTestResult executionId="4f44c0bb-445a-4104-80b8-c7ea7f3cb692" testId="bd61265b-52f3-d1f9-8fdc-72bb87717e7b" testName="ConditionalBlockRule" computerName="TFSBUILD11" duration="00:00:00.0253630" startTime="2015-09-28T09:43:48.9698996-07:00" endTime="2015-09-28T09:43:49.0011527-07:00" testType="13cdc9d9-ddb5-4fa4-a97d-d965ccfc6d4b" outcome="Passed" testListId="8c84fa94-04c1-424b-9868-57a2d4851a1d" relativeResultsDirectory="4f44c0bb-445a-4104-80b8-c7ea7f3cb692" />
    <UnitTestResult executionId="89795345-0077-47bf-8908-cf3a7e4154d8" testId="a918a175-12f3-9923-b672-25b7ce6fbd60" testName="MapRule" computerName="TFSBUILD11" duration="00:00:00.0181199" startTime="2015-09-28T09:43:49.0011527-07:00" endTime="2015-09-28T09:43:49.0167782-07:00" testType="13cdc9d9-ddb5-4fa4-a97d-d965ccfc6d4b" outcome="Passed" testListId="8c84fa94-04c1-424b-9868-57a2d4851a1d" relativeResultsDirectory="89795345-0077-47bf-8908-cf3a7e4154d8" />
    <UnitTestResult executionId="584827bb-dd81-4252-92d7-84045f0f8d17" testId="c062e452-69d0-725b-8ec7-a231b8e340c4" testName="SameAsRule" computerName="TFSBUILD11" duration="00:00:00.0158381" startTime="2015-09-28T09:43:49.0167782-07:00" endTime="2015-09-28T09:43:49.0324055-07:00" testType="13cdc9d9-ddb5-4fa4-a97d-d965ccfc6d4b" outcome="Passed" testListId="8c84fa94-04c1-424b-9868-57a2d4851a1d" relativeResultsDirectory="584827bb-dd81-4252-92d7-84045f0f8d17" />
    <UnitTestResult executionId="ed6ce50f-cca0-46cf-ac37-792ff2ccd81e" testId="b1a91e90-2015-b49c-c317-fda4297ba3c5" testName="ListRule" computerName="TFSBUILD11" duration="00:00:00.0203075" startTime="2015-09-28T09:43:49.0324055-07:00" endTime="2015-09-28T09:43:49.0480324-07:00" testType="13cdc9d9-ddb5-4fa4-a97d-d965ccfc6d4b" outcome="Passed" testListId="8c84fa94-04c1-424b-9868-57a2d4851a1d" relativeResultsDirectory="ed6ce50f-cca0-46cf-ac37-792ff2ccd81e" />
    <UnitTestResult executionId="0f900619-7d09-4918-86c4-01b3812df1a6" testId="9d18eb58-1500-4756-4443-410e35507814" testName="ActionRule" computerName="TFSBUILD11" duration="00:00:00.0176861" startTime="2015-09-28T09:43:49.0480324-07:00" endTime="2015-09-28T09:43:49.0636580-07:00" testType="13cdc9d9-ddb5-4fa4-a97d-d965ccfc6d4b" outcome="Passed" testListId="8c84fa94-04c1-424b-9868-57a2d4851a1d" relativeResultsDirectory="0f900619-7d09-4918-86c4-01b3812df1a6" />
    <UnitTestResult executionId="96832528-71dd-46f5-85d6-9711c251eadd" testId="2be9b13e-b89d-19be-64da-2f3233ccc4bd" testName="ServerDefaultRule" computerName="TFSBUILD11" duration="00:00:00.0193228" startTime="2015-09-28T09:43:49.0636580-07:00" endTime="2015-09-28T09:43:49.0792830-07:00" testType="13cdc9d9-ddb5-4fa4-a97d-d965ccfc6d4b" outcome="Passed" testListId="8c84fa94-04c1-424b-9868-57a2d4851a1d" relativeResultsDirectory="96832528-71dd-46f5-85d6-9711c251eadd" />
    <UnitTestResult executionId="436dc2c2-8ebb-43e2-9c4c-f46844c2a3a8" testId="23554b51-c1eb-81c6-d674-2a3a0409c550" testName="TriggerRule" computerName="TFSBUILD11" duration="00:00:00.0215548" startTime="2015-09-28T09:43:49.0792830-07:00" endTime="2015-09-28T09:43:49.1105352-07:00" testType="13cdc9d9-ddb5-4fa4-a97d-d965ccfc6d4b" outcome="Passed" testListId="8c84fa94-04c1-424b-9868-57a2d4851a1d" relativeResultsDirectory="436dc2c2-8ebb-43e2-9c4c-f46844c2a3a8" />
    <UnitTestResult executionId="4f66194a-6e07-4baa-a3e4-0d8717cd59ab" testId="39f69dfc-2133-938f-3a9f-2df9c1a153b6" testName="Rules" computerName="TFSBUILD11" duration="00:00:00.0711726" startTime="2015-09-28T09:43:49.1105352-07:00" endTime="2015-09-28T09:43:49.1730405-07:00" testType="13cdc9d9-ddb5-4fa4-a97d-d965ccfc6d4b" outcome="Passed" testListId="8c84fa94-04c1-424b-9868-57a2d4851a1d" relativeResultsDirectory="4f66194a-6e07-4baa-a3e4-0d8717cd59ab" />
    <UnitTestResult executionId="0a5ea9ba-5c36-488c-9df5-c4460444ca71" testId="1cca20b8-8524-19c4-c46b-809667760261" testName="Transitions" computerName="TFSBUILD11" duration="00:00:00.0477851" startTime="2015-09-28T09:43:49.1730405-07:00" endTime="2015-09-28T09:43:49.2355469-07:00" testType="13cdc9d9-ddb5-4fa4-a97d-d965ccfc6d4b" outcome="Passed" testListId="8c84fa94-04c1-424b-9868-57a2d4851a1d" relativeResultsDirectory="0a5ea9ba-5c36-488c-9df5-c4460444ca71" />
    <UnitTestResult executionId="290989d0-308e-4fd4-bee6-11f8c7df7ec8" testId="28f11042-99df-91e0-8770-82ae7b4e5820" testName="TestUpdateWorkItemTemplate" computerName="TFSBUILD11" duration="00:00:01.9404218" startTime="2015-09-28T09:43:49.2355469-07:00" endTime="2015-09-28T09:43:51.1731833-07:00" testType="13cdc9d9-ddb5-4fa4-a97d-d965ccfc6d4b" outcome="Passed" testListId="8c84fa94-04c1-424b-9868-57a2d4851a1d" relativeResultsDirectory="290989d0-308e-4fd4-bee6-11f8c7df7ec8" />
    <UnitTestResult executionId="c9330143-d4c6-43e7-afc0-1c7330e21e50" testId="97c94660-44a5-92a8-60f3-df200cc1893c" testName="TestUpdateWorkItemTemplate_Disallowed" computerName="TFSBUILD11" duration="00:00:00.1557372" startTime="2015-09-28T09:43:51.1731833-07:00" endTime="2015-09-28T09:43:51.3294464-07:00" testType="13cdc9d9-ddb5-4fa4-a97d-d965ccfc6d4b" outcome="Passed" testListId="8c84fa94-04c1-424b-9868-57a2d4851a1d" relativeResultsDirectory="c9330143-d4c6-43e7-afc0-1c7330e21e50" />
    <UnitTestResult executionId="05dd3943-af8c-4fad-b054-4117acf7174d" testId="6fd32b94-7de9-469e-fea1-0811e7539977" testName="TestGetWorkItem" computerName="TFSBUILD11" duration="00:00:00.2104623" startTime="2015-09-28T09:43:51.3294464-07:00" endTime="2015-09-28T09:43:51.5325847-07:00" testType="13cdc9d9-ddb5-4fa4-a97d-d965ccfc6d4b" outcome="Passed" testListId="8c84fa94-04c1-424b-9868-57a2d4851a1d" relativeResultsDirectory="05dd3943-af8c-4fad-b054-4117acf7174d" />
    <UnitTestResult executionId="f15d5d22-81a3-46f0-a9cb-73d3f2ad547a" testId="8b36c75d-5ff3-9719-6b9d-1cbfe405b295" testName="TestGetWorkItem_Disallowed" computerName="TFSBUILD11" duration="00:00:00.1317487" startTime="2015-09-28T09:43:51.5325847-07:00" endTime="2015-09-28T09:43:51.6732180-07:00" testType="13cdc9d9-ddb5-4fa4-a97d-d965ccfc6d4b" outcome="Passed" testListId="8c84fa94-04c1-424b-9868-57a2d4851a1d" relativeResultsDirectory="f15d5d22-81a3-46f0-a9cb-73d3f2ad547a" />
    <UnitTestResult executionId="6e725fad-cd27-4ba2-a80b-5f9a780f167a" testId="54c56e1e-5e87-951a-9d26-dd2e627e53c1" testName="TestUpdateWorkItem" computerName="TFSBUILD11" duration="00:00:00.1452987" startTime="2015-09-28T09:43:51.6732180-07:00" endTime="2015-09-28T09:43:51.8138547-07:00" testType="13cdc9d9-ddb5-4fa4-a97d-d965ccfc6d4b" outcome="Passed" testListId="8c84fa94-04c1-424b-9868-57a2d4851a1d" relativeResultsDirectory="6e725fad-cd27-4ba2-a80b-5f9a780f167a" />
    <UnitTestResult executionId="8ed0193e-239e-4c55-a459-f28f33939999" testId="11fea4ef-aaab-324a-1f69-98ebc2d92a46" testName="TestUpdateWorkItem_Disallowed" computerName="TFSBUILD11" duration="00:00:00.1314233" startTime="2015-09-28T09:43:51.8138547-07:00" endTime="2015-09-28T09:43:51.9388604-07:00" testType="13cdc9d9-ddb5-4fa4-a97d-d965ccfc6d4b" outcome="Passed" testListId="8c84fa94-04c1-424b-9868-57a2d4851a1d" relativeResultsDirectory="8ed0193e-239e-4c55-a459-f28f33939999" />
    <UnitTestResult executionId="dd8f5610-a089-4190-9378-e12880711fb1" testId="4b160e8a-b9ac-f4ee-65f6-8e13408d3342" testName="GetWorkItems_IdsNull" computerName="TFSBUILD11" duration="00:00:00.0900637" startTime="2015-09-28T09:43:51.9388604-07:00" endTime="2015-09-28T09:43:52.0326165-07:00" testType="13cdc9d9-ddb5-4fa4-a97d-d965ccfc6d4b" outcome="Passed" testListId="8c84fa94-04c1-424b-9868-57a2d4851a1d" relativeResultsDirectory="dd8f5610-a089-4190-9378-e12880711fb1" />
    <UnitTestResult executionId="4106514d-cb36-4717-9ee0-319fc71466fb" testId="6480f76c-37f5-509a-a1ac-127d3ca68b1a" testName="GetWorkItems_IdsEmpty" computerName="TFSBUILD11" duration="00:00:00.1068965" startTime="2015-09-28T09:43:52.0326165-07:00" endTime="2015-09-28T09:43:52.1419999-07:00" testType="13cdc9d9-ddb5-4fa4-a97d-d965ccfc6d4b" outcome="Passed" testListId="8c84fa94-04c1-424b-9868-57a2d4851a1d" relativeResultsDirectory="4106514d-cb36-4717-9ee0-319fc71466fb" />
    <UnitTestResult executionId="249f82a2-9db4-468c-9804-206caa2ed3f9" testId="6f340da6-76a4-49ab-87eb-65a9bf4a5708" testName="GetWorkItems_IllegalIds" computerName="TFSBUILD11" duration="00:00:00.1906874" startTime="2015-09-28T09:43:52.1419999-07:00" endTime="2015-09-28T09:43:52.3295311-07:00" testType="13cdc9d9-ddb5-4fa4-a97d-d965ccfc6d4b" outcome="Passed" testListId="8c84fa94-04c1-424b-9868-57a2d4851a1d" relativeResultsDirectory="249f82a2-9db4-468c-9804-206caa2ed3f9" />
    <UnitTestResult executionId="9ed76a0a-125e-4345-97dc-ace7912c1143" testId="5d1eb8c3-1756-cb41-abe6-83e8e1da12f0" testName="GetWorkItems_InvalidAsOfDateTime" computerName="TFSBUILD11" duration="00:00:00.1860206" startTime="2015-09-28T09:43:52.3295311-07:00" endTime="2015-09-28T09:43:52.5170422-07:00" testType="13cdc9d9-ddb5-4fa4-a97d-d965ccfc6d4b" outcome="Passed" testListId="8c84fa94-04c1-424b-9868-57a2d4851a1d" relativeResultsDirectory="9ed76a0a-125e-4345-97dc-ace7912c1143" />
    <UnitTestResult executionId="cd843e67-97de-4d7e-83bf-7079114cf760" testId="504d6870-6198-22f1-ced1-6285707ae896" testName="GetWorkItem_NullWorkItem" computerName="TFSBUILD11" duration="00:00:00.1399333" startTime="2015-09-28T09:43:52.5170422-07:00" endTime="2015-09-28T09:43:52.6576613-07:00" testType="13cdc9d9-ddb5-4fa4-a97d-d965ccfc6d4b" outcome="Passed" testListId="8c84fa94-04c1-424b-9868-57a2d4851a1d" relativeResultsDirectory="cd843e67-97de-4d7e-83bf-7079114cf760" />
    <UnitTestResult executionId="09c4de76-8cf6-4dcf-b4a7-d287403dc2ba" testId="41e2966d-2fe6-349b-f160-340231c89e14" testName="GetWorkItems_FieldsAndExpand" computerName="TFSBUILD11" duration="00:00:00.1079606" startTime="2015-09-28T09:43:52.6576613-07:00" endTime="2015-09-28T09:43:52.7670443-07:00" testType="13cdc9d9-ddb5-4fa4-a97d-d965ccfc6d4b" outcome="Passed" testListId="8c84fa94-04c1-424b-9868-57a2d4851a1d" relativeResultsDirectory="09c4de76-8cf6-4dcf-b4a7-d287403dc2ba" />
    <UnitTestResult executionId="c572c2de-2f56-4b7c-91df-36a3b441fe1e" testId="1f45ba66-c175-243e-2492-db814eed7d8a" testName="GetWorkItems_FieldsAsOfAndExpand" computerName="TFSBUILD11" duration="00:00:00.1438156" startTime="2015-09-28T09:43:52.7670443-07:00" endTime="2015-09-28T09:43:52.9076799-07:00" testType="13cdc9d9-ddb5-4fa4-a97d-d965ccfc6d4b" outcome="Passed" testListId="8c84fa94-04c1-424b-9868-57a2d4851a1d" relativeResultsDirectory="c572c2de-2f56-4b7c-91df-36a3b441fe1e" />
    <UnitTestResult executionId="aa4ab9d3-90e4-40e7-ba0a-48ad75d67577" testId="e7143363-2690-1bbb-5078-72de59d1e4f5" testName="UpdateWorkItem_NullDocument" computerName="TFSBUILD11" duration="00:00:00.0006473" startTime="2015-09-28T09:43:52.9076799-07:00" endTime="2015-09-28T09:43:52.9076799-07:00" testType="13cdc9d9-ddb5-4fa4-a97d-d965ccfc6d4b" outcome="Passed" testListId="8c84fa94-04c1-424b-9868-57a2d4851a1d" relativeResultsDirectory="aa4ab9d3-90e4-40e7-ba0a-48ad75d67577" />
    <UnitTestResult executionId="2f6c58dc-6a48-444d-b0db-5cadbc7eb923" testId="3b454649-68a3-e7a0-f8ff-83a238a08299" testName="UpdateWorkItem_WithTypeNullDocument" computerName="TFSBUILD11" duration="00:00:00.1213039" startTime="2015-09-28T09:43:52.9076799-07:00" endTime="2015-09-28T09:43:53.0326936-07:00" testType="13cdc9d9-ddb5-4fa4-a97d-d965ccfc6d4b" outcome="Passed" testListId="8c84fa94-04c1-424b-9868-57a2d4851a1d" relativeResultsDirectory="2f6c58dc-6a48-444d-b0db-5cadbc7eb923" />
    <UnitTestResult executionId="4c0f0e4c-3925-49f8-b959-a7ff6a1853f0" testId="27862cfe-18fd-0f49-e375-5a6cf86cf62f" testName="UpdateWorkItem_InvalidPathStart" computerName="TFSBUILD11" duration="00:00:00.0010703" startTime="2015-09-28T09:43:53.0326936-07:00" endTime="2015-09-28T09:43:53.0326936-07:00" testType="13cdc9d9-ddb5-4fa4-a97d-d965ccfc6d4b" outcome="Passed" testListId="8c84fa94-04c1-424b-9868-57a2d4851a1d" relativeResultsDirectory="4c0f0e4c-3925-49f8-b959-a7ff6a1853f0" />
    <UnitTestResult executionId="8c1b1a64-06e9-4fa3-8c34-e2c35056b2bd" testId="56136ca7-ce63-00d5-e0d9-ad392d02da86" testName="UpdateWorkItem_RemoveEntireObject" computerName="TFSBUILD11" duration="00:00:00.1703793" startTime="2015-09-28T09:43:53.0326936-07:00" endTime="2015-09-28T09:43:53.2045791-07:00" testType="13cdc9d9-ddb5-4fa4-a97d-d965ccfc6d4b" outcome="Passed" testListId="8c84fa94-04c1-424b-9868-57a2d4851a1d" relativeResultsDirectory="8c1b1a64-06e9-4fa3-8c34-e2c35056b2bd" />
    <UnitTestResult executionId="a22ce3f3-371d-4e60-92d6-9d537fb37ae1" testId="74e128f5-5c98-b89b-977c-5ec8ef1729cd" testName="UpdateWorkItem_RemoveTopLevelProperty" computerName="TFSBUILD11" duration="00:00:00.1196507" startTime="2015-09-28T09:43:53.2045791-07:00" endTime="2015-09-28T09:43:53.3295852-07:00" testType="13cdc9d9-ddb5-4fa4-a97d-d965ccfc6d4b" outcome="Passed" testListId="8c84fa94-04c1-424b-9868-57a2d4851a1d" relativeResultsDirectory="a22ce3f3-371d-4e60-92d6-9d537fb37ae1" />
    <UnitTestResult executionId="8bd17dd9-6ffe-4b1f-9547-f2792aa01d97" testId="bec5dbf1-9898-2d0e-388c-4411b5c65490" testName="UpdateWorkItem_AddEntireObject" computerName="TFSBUILD11" duration="00:00:00.1407607" startTime="2015-09-28T09:43:53.3295852-07:00" endTime="2015-09-28T09:43:53.4702233-07:00" testType="13cdc9d9-ddb5-4fa4-a97d-d965ccfc6d4b" outcome="Passed" testListId="8c84fa94-04c1-424b-9868-57a2d4851a1d" relativeResultsDirectory="8bd17dd9-6ffe-4b1f-9547-f2792aa01d97" />
    <UnitTestResult executionId="190375df-7e77-40ca-be9c-4dbd974f7a84" testId="f1364cc4-3b00-4838-51b8-ea5ee2eab14e" testName="UpdateWorkItem_AddTopLevelProperty" computerName="TFSBUILD11" duration="00:00:00.1660771" startTime="2015-09-28T09:43:53.4702233-07:00" endTime="2015-09-28T09:43:53.6421097-07:00" testType="13cdc9d9-ddb5-4fa4-a97d-d965ccfc6d4b" outcome="Passed" testListId="8c84fa94-04c1-424b-9868-57a2d4851a1d" relativeResultsDirectory="190375df-7e77-40ca-be9c-4dbd974f7a84" />
    <UnitTestResult executionId="2cb4eeef-705e-416f-98ba-3c78d471ddd9" testId="d32da0dc-6d69-9384-2638-108723243641" testName="UpdateWorkItem_InvalidRelationType" computerName="TFSBUILD11" duration="00:00:00.2323294" startTime="2015-09-28T09:43:53.6421097-07:00" endTime="2015-09-28T09:43:53.8608747-07:00" testType="13cdc9d9-ddb5-4fa4-a97d-d965ccfc6d4b" outcome="Passed" testListId="8c84fa94-04c1-424b-9868-57a2d4851a1d" relativeResultsDirectory="2cb4eeef-705e-416f-98ba-3c78d471ddd9" />
    <UnitTestResult executionId="427bf58a-16fe-4b76-86a8-b79fda988440" testId="4906be0c-2fe8-51c1-8739-607e6f2a4f7a" testName="GetRevisions_TopOutOfRange" computerName="TFSBUILD11" duration="00:00:00.0011369" startTime="2015-09-28T09:43:53.8608747-07:00" endTime="2015-09-28T09:43:53.8765008-07:00" testType="13cdc9d9-ddb5-4fa4-a97d-d965ccfc6d4b" outcome="Passed" testListId="8c84fa94-04c1-424b-9868-57a2d4851a1d" relativeResultsDirectory="427bf58a-16fe-4b76-86a8-b79fda988440" />
    <UnitTestResult executionId="02b87efa-b23d-4fb3-95bf-6d09b88ad6f1" testId="3a0bab9b-cfd5-7bce-2c7b-169899d5559f" testName="GetRevisions_SkipOutOfRange" computerName="TFSBUILD11" duration="00:00:00.0003583" startTime="2015-09-28T09:43:53.8765008-07:00" endTime="2015-09-28T09:43:53.8765008-07:00" testType="13cdc9d9-ddb5-4fa4-a97d-d965ccfc6d4b" outcome="Passed" testListId="8c84fa94-04c1-424b-9868-57a2d4851a1d" relativeResultsDirectory="02b87efa-b23d-4fb3-95bf-6d09b88ad6f1" />
    <UnitTestResult executionId="7b0fe0f2-011f-416e-a247-e325f0e03f62" testId="b8d9bec7-4617-b8ac-546a-1cb19f18693a" testName="GetRevision_InvalidRevision" computerName="TFSBUILD11" duration="00:00:00.2690546" startTime="2015-09-28T09:43:53.8765008-07:00" endTime="2015-09-28T09:43:54.1421427-07:00" testType="13cdc9d9-ddb5-4fa4-a97d-d965ccfc6d4b" outcome="Passed" testListId="8c84fa94-04c1-424b-9868-57a2d4851a1d" relativeResultsDirectory="7b0fe0f2-011f-416e-a247-e325f0e03f62" />
    <UnitTestResult executionId="4bc1c020-bbb3-42d8-acea-e511b1c0cb24" testId="18276e90-ad90-f7dc-1f77-ceda58f20dc5" testName="GetWorkItemById" computerName="TFSBUILD11" duration="00:00:00.0792011" startTime="2015-09-28T09:43:54.1421427-07:00" endTime="2015-09-28T09:43:54.2202747-07:00" testType="13cdc9d9-ddb5-4fa4-a97d-d965ccfc6d4b" outcome="Passed" testListId="8c84fa94-04c1-424b-9868-57a2d4851a1d" relativeResultsDirectory="4bc1c020-bbb3-42d8-acea-e511b1c0cb24" />
    <UnitTestResult executionId="13fbcc77-a165-403e-ad08-0fb799d23fb3" testId="80d8d6b4-22ab-983e-c17e-4fe9ba2ab315" testName="GetWorkItemByIds_WithLinks" computerName="TFSBUILD11" duration="00:00:00.0784527" startTime="2015-09-28T09:43:54.2202747-07:00" endTime="2015-09-28T09:43:54.2984029-07:00" testType="13cdc9d9-ddb5-4fa4-a97d-d965ccfc6d4b" outcome="Passed" testListId="8c84fa94-04c1-424b-9868-57a2d4851a1d" relativeResultsDirectory="13fbcc77-a165-403e-ad08-0fb799d23fb3" />
    <UnitTestResult executionId="ea65be53-0a1c-4689-84a2-2cc772458c54" testId="e00f8605-9708-bce9-2c7f-48e9bdc5a373" testName="GetWorkItemByIdAndFields" computerName="TFSBUILD11" duration="00:00:00.0687526" startTime="2015-09-28T09:43:54.2984029-07:00" endTime="2015-09-28T09:43:54.3609082-07:00" testType="13cdc9d9-ddb5-4fa4-a97d-d965ccfc6d4b" outcome="Passed" testListId="8c84fa94-04c1-424b-9868-57a2d4851a1d" relativeResultsDirectory="ea65be53-0a1c-4689-84a2-2cc772458c54" />
    <UnitTestResult executionId="2ff00abc-89a4-4604-8ced-0c99fedb2072" testId="5530dbbc-210f-4758-5ba7-5a3766075e8c" testName="GetWorkItemsById" computerName="TFSBUILD11" duration="00:00:00.0712796" startTime="2015-09-28T09:43:54.3609082-07:00" endTime="2015-09-28T09:43:54.4390379-07:00" testType="13cdc9d9-ddb5-4fa4-a97d-d965ccfc6d4b" outcome="Passed" testListId="8c84fa94-04c1-424b-9868-57a2d4851a1d" relativeResultsDirectory="2ff00abc-89a4-4604-8ced-0c99fedb2072" />
    <UnitTestResult executionId="66664047-9989-4085-9d0c-36debff475b1" testId="ca2ae1d6-3827-ee80-4dca-09b0ed60f289" testName="GetWorkItemsByIdAndAsof" computerName="TFSBUILD11" duration="00:00:00.0704803" startTime="2015-09-28T09:43:54.4390379-07:00" endTime="2015-09-28T09:43:54.5015421-07:00" testType="13cdc9d9-ddb5-4fa4-a97d-d965ccfc6d4b" outcome="Passed" testListId="8c84fa94-04c1-424b-9868-57a2d4851a1d" relativeResultsDirectory="66664047-9989-4085-9d0c-36debff475b1" />
    <UnitTestResult executionId="d4c3c84b-45a2-4675-b4df-ba389aaa8038" testId="4953f04e-566a-78f4-d866-4b4c02b44313" testName="GetWorkItems_AsOfNoFields" computerName="TFSBUILD11" duration="00:00:00.0800268" startTime="2015-09-28T09:43:54.5015421-07:00" endTime="2015-09-28T09:43:54.5952990-07:00" testType="13cdc9d9-ddb5-4fa4-a97d-d965ccfc6d4b" outcome="Passed" testListId="8c84fa94-04c1-424b-9868-57a2d4851a1d" relativeResultsDirectory="d4c3c84b-45a2-4675-b4df-ba389aaa8038" />
    <UnitTestResult executionId="5e7d2b32-621c-4883-992e-3a4e4e028c0e" testId="731a690e-f2a4-6685-1fc3-ba3585f6ecf9" testName="CreateWorkItem" computerName="TFSBUILD11" duration="00:00:00.0842915" startTime="2015-09-28T09:43:54.5952990-07:00" endTime="2015-09-28T09:43:54.6734302-07:00" testType="13cdc9d9-ddb5-4fa4-a97d-d965ccfc6d4b" outcome="Passed" testListId="8c84fa94-04c1-424b-9868-57a2d4851a1d" relativeResultsDirectory="5e7d2b32-621c-4883-992e-3a4e4e028c0e" />
    <UnitTestResult executionId="7e1e3861-856f-4d4a-97e8-2c0d8a65cc93" testId="37066c43-36fa-ec09-56e7-9a5e9beddbd9" testName="CreateWorkItemWithResourceLink" computerName="TFSBUILD11" duration="00:00:00.1444491" startTime="2015-09-28T09:43:54.6734302-07:00" endTime="2015-09-28T09:43:54.8140652-07:00" testType="13cdc9d9-ddb5-4fa4-a97d-d965ccfc6d4b" outcome="Passed" testListId="8c84fa94-04c1-424b-9868-57a2d4851a1d" relativeResultsDirectory="7e1e3861-856f-4d4a-97e8-2c0d8a65cc93" />
    <UnitTestResult executionId="20c09510-c5e2-41ec-8bd1-3aae98302127" testId="2196d4f9-1105-359b-053b-25f5e28bbebe" testName="CreateWorkItemWithWorkItemLink" computerName="TFSBUILD11" duration="00:00:00.0895287" startTime="2015-09-28T09:43:54.8140652-07:00" endTime="2015-09-28T09:43:54.9078213-07:00" testType="13cdc9d9-ddb5-4fa4-a97d-d965ccfc6d4b" outcome="Passed" testListId="8c84fa94-04c1-424b-9868-57a2d4851a1d" relativeResultsDirectory="20c09510-c5e2-41ec-8bd1-3aae98302127" />
    <UnitTestResult executionId="72adbb4c-7be0-4d7a-9547-a3d030c1aa46" testId="e92ee296-d898-6ff3-0367-a1cbe1e186a2" testName="GetWorkItemTemplate_WithExpand" computerName="TFSBUILD11" duration="00:00:00.1497733" startTime="2015-09-28T09:43:54.9078213-07:00" endTime="2015-09-28T09:43:55.0640872-07:00" testType="13cdc9d9-ddb5-4fa4-a97d-d965ccfc6d4b" outcome="Passed" testListId="8c84fa94-04c1-424b-9868-57a2d4851a1d" relativeResultsDirectory="72adbb4c-7be0-4d7a-9547-a3d030c1aa46" />
    <UnitTestResult executionId="ae5fb057-7dc9-4dea-ac03-543e2ee168f2" testId="59a199a7-033f-3f55-9cfb-af34a791dd24" testName="UpdateWorkItem" computerName="TFSBUILD11" duration="00:00:00.1130067" startTime="2015-09-28T09:43:55.0640872-07:00" endTime="2015-09-28T09:43:55.1734666-07:00" testType="13cdc9d9-ddb5-4fa4-a97d-d965ccfc6d4b" outcome="Passed" testListId="8c84fa94-04c1-424b-9868-57a2d4851a1d" relativeResultsDirectory="ae5fb057-7dc9-4dea-ac03-543e2ee168f2" />
    <UnitTestResult executionId="8fb5edf5-0a50-41b3-bae0-aead15204fd7" testId="d4df85c8-3f44-88a1-5222-41ac77284c57" testName="UpdateWorkItem_WithWorkItemLinksAndResourceLinks" computerName="TFSBUILD11" duration="00:00:00.1174491" startTime="2015-09-28T09:43:55.1734666-07:00" endTime="2015-09-28T09:43:55.2828485-07:00" testType="13cdc9d9-ddb5-4fa4-a97d-d965ccfc6d4b" outcome="Passed" testListId="8c84fa94-04c1-424b-9868-57a2d4851a1d" relativeResultsDirectory="8fb5edf5-0a50-41b3-bae0-aead15204fd7" />
    <UnitTestResult executionId="e49de2a1-9c8b-436e-a91a-885d2a825152" testId="a98dc41e-07e6-6540-5744-6dec950bb69c" testName="GetWorkItem_RetrievesHistoryWhenNecessary" computerName="TFSBUILD11" duration="00:00:00.0313459" startTime="2015-09-28T09:43:55.2828485-07:00" endTime="2015-09-28T09:43:55.3141007-07:00" testType="13cdc9d9-ddb5-4fa4-a97d-d965ccfc6d4b" outcome="Passed" testListId="8c84fa94-04c1-424b-9868-57a2d4851a1d" relativeResultsDirectory="e49de2a1-9c8b-436e-a91a-885d2a825152" />
    <UnitTestResult executionId="cbfbe851-a6ef-452c-9d23-c590106fb152" testId="6f12a53a-5d70-4496-9f84-7fcee0383d78" testName="GetWorkItem_NoRetrievesHistoryWhenUnnecessary" computerName="TFSBUILD11" duration="00:00:00.0074837" startTime="2015-09-28T09:43:55.3141007-07:00" endTime="2015-09-28T09:43:55.3297260-07:00" testType="13cdc9d9-ddb5-4fa4-a97d-d965ccfc6d4b" outcome="Passed" testListId="8c84fa94-04c1-424b-9868-57a2d4851a1d" relativeResultsDirectory="cbfbe851-a6ef-452c-9d23-c590106fb152" />
    <UnitTestResult executionId="23a690a6-1092-4cad-b88e-000bcd8db841" testId="a56bc1c6-e95e-b459-248a-9482d7393b41" testName="GetWorkItem_RetrievesNoLinksOnNoExpand" computerName="TFSBUILD11" duration="00:00:00.0070923" startTime="2015-09-28T09:43:55.3297260-07:00" endTime="2015-09-28T09:43:55.3297260-07:00" testType="13cdc9d9-ddb5-4fa4-a97d-d965ccfc6d4b" outcome="Passed" testListId="8c84fa94-04c1-424b-9868-57a2d4851a1d" relativeResultsDirectory="23a690a6-1092-4cad-b88e-000bcd8db841" />
    <UnitTestResult executionId="18bcf1c5-e07a-4476-ab69-f273dfc720b5" testId="f600b8d8-7f6f-d474-5924-5a5d1e5e008a" testName="GetWorkItem_RetrievesLinksOnExpandRelations" computerName="TFSBUILD11" duration="00:00:00.0071022" startTime="2015-09-28T09:43:55.3297260-07:00" endTime="2015-09-28T09:43:55.3453527-07:00" testType="13cdc9d9-ddb5-4fa4-a97d-d965ccfc6d4b" outcome="Passed" testListId="8c84fa94-04c1-424b-9868-57a2d4851a1d" relativeResultsDirectory="18bcf1c5-e07a-4476-ab69-f273dfc720b5" />
    <UnitTestResult executionId="197b08fa-3f04-4ac4-b330-32330d099e8a" testId="679aa429-2b34-3359-531b-7c5ebb21376a" testName="GetWorkItem_RetrievesLinksOnExpandAll" computerName="TFSBUILD11" duration="00:00:00.0071025" startTime="2015-09-28T09:43:55.3453527-07:00" endTime="2015-09-28T09:43:55.3453527-07:00" testType="13cdc9d9-ddb5-4fa4-a97d-d965ccfc6d4b" outcome="Passed" testListId="8c84fa94-04c1-424b-9868-57a2d4851a1d" relativeResultsDirectory="197b08fa-3f04-4ac4-b330-32330d099e8a" />
    <UnitTestResult executionId="f8b3a457-9ab2-4d61-b110-de3faff9e620" testId="5987e5cd-506e-8602-0636-d48095073756" testName="GetUpdates_TopOutOfRange" computerName="TFSBUILD11" duration="00:00:00.0012182" startTime="2015-09-28T09:43:55.3453527-07:00" endTime="2015-09-28T09:43:55.3453527-07:00" testType="13cdc9d9-ddb5-4fa4-a97d-d965ccfc6d4b" outcome="Passed" testListId="8c84fa94-04c1-424b-9868-57a2d4851a1d" relativeResultsDirectory="f8b3a457-9ab2-4d61-b110-de3faff9e620" />
    <UnitTestResult executionId="09a269c6-fa22-4158-8533-da3a0250476b" testId="afdc6513-eefc-02bd-53de-565002e28e53" testName="GetUpdates_SkipOutOfRange" computerName="TFSBUILD11" duration="00:00:00.0005905" startTime="2015-09-28T09:43:55.3453527-07:00" endTime="2015-09-28T09:43:55.3453527-07:00" testType="13cdc9d9-ddb5-4fa4-a97d-d965ccfc6d4b" outcome="Passed" testListId="8c84fa94-04c1-424b-9868-57a2d4851a1d" relativeResultsDirectory="09a269c6-fa22-4158-8533-da3a0250476b" />
    <UnitTestResult executionId="368e20c9-827f-4170-a349-90b2d84fd1a5" testId="2f970b36-c56a-1bf1-008d-eb3424512ef2" testName="GetUpdate_InvalidUpdateNumber" computerName="TFSBUILD11" duration="00:00:00.4725651" startTime="2015-09-28T09:43:55.3453527-07:00" endTime="2015-09-28T09:43:55.8297667-07:00" testType="13cdc9d9-ddb5-4fa4-a97d-d965ccfc6d4b" outcome="Passed" testListId="8c84fa94-04c1-424b-9868-57a2d4851a1d" relativeResultsDirectory="368e20c9-827f-4170-a349-90b2d84fd1a5" />
    <UnitTestResult executionId="e31c9356-beb2-4e7e-bd78-2b41aee647cd" testId="85d9501a-b92a-20e7-e130-93995dc95eb1" testName="GetWorkItemLinksNegativeWatermark" computerName="TFSBUILD11" duration="00:00:00.0109533" startTime="2015-09-28T09:43:55.8297667-07:00" endTime="2015-09-28T09:43:55.8297667-07:00" testType="13cdc9d9-ddb5-4fa4-a97d-d965ccfc6d4b" outcome="Passed" testListId="8c84fa94-04c1-424b-9868-57a2d4851a1d" relativeResultsDirectory="e31c9356-beb2-4e7e-bd78-2b41aee647cd" />
    <UnitTestResult executionId="5a2b04e6-c806-4b9c-8a33-040fe7106a6b" testId="614e5abd-7dfd-3824-3062-406c07ad5721" testName="GetRevisionsNegativeWatermark" computerName="TFSBUILD11" duration="00:00:00.0023819" startTime="2015-09-28T09:43:55.8297667-07:00" endTime="2015-09-28T09:43:55.8453922-07:00" testType="13cdc9d9-ddb5-4fa4-a97d-d965ccfc6d4b" outcome="Passed" testListId="8c84fa94-04c1-424b-9868-57a2d4851a1d" relativeResultsDirectory="5a2b04e6-c806-4b9c-8a33-040fe7106a6b" />
    <UnitTestResult executionId="45822ad3-2f97-4269-8d98-2373c46ec605" testId="5a4c1634-80db-4ebd-822b-768d6bf705df" testName="GetRevisionsInvalidField" computerName="TFSBUILD11" duration="00:00:00.3627077" startTime="2015-09-28T09:43:55.8453922-07:00" endTime="2015-09-28T09:43:56.2047919-07:00" testType="13cdc9d9-ddb5-4fa4-a97d-d965ccfc6d4b" outcome="Passed" testListId="8c84fa94-04c1-424b-9868-57a2d4851a1d" relativeResultsDirectory="45822ad3-2f97-4269-8d98-2373c46ec605" />
    <UnitTestResult executionId="6e3948ab-8b86-471d-bdaa-a2d134a55e19" testId="da23fc18-2037-86c3-767d-9829849522c8" testName="CreateAttachment" computerName="TFSBUILD11" duration="00:00:00.4323709" startTime="2015-09-28T09:43:56.2047919-07:00" endTime="2015-09-28T09:43:56.6423239-07:00" testType="13cdc9d9-ddb5-4fa4-a97d-d965ccfc6d4b" outcome="Passed" testListId="8c84fa94-04c1-424b-9868-57a2d4851a1d" relativeResultsDirectory="6e3948ab-8b86-471d-bdaa-a2d134a55e19" />
    <UnitTestResult executionId="1158da30-a344-4349-91f6-1b19e6bd0b73" testId="5647d784-6611-e70a-ba09-6fdfec019483" testName="GetAttachment" computerName="TFSBUILD11" duration="00:00:00.2674847" startTime="2015-09-28T09:43:56.6423239-07:00" endTime="2015-09-28T09:43:56.9079641-07:00" testType="13cdc9d9-ddb5-4fa4-a97d-d965ccfc6d4b" outcome="Passed" testListId="8c84fa94-04c1-424b-9868-57a2d4851a1d" relativeResultsDirectory="1158da30-a344-4349-91f6-1b19e6bd0b73" />
    <UnitTestResult executionId="d0edd615-9f45-4b61-9445-680d995ec92b" testId="9302bad0-b32d-5d58-9235-703e1789952d" testName="GetRootNodes" computerName="TFSBUILD11" duration="00:00:00.3139731" startTime="2015-09-28T09:43:56.9079641-07:00" endTime="2015-09-28T09:43:57.2204857-07:00" testType="13cdc9d9-ddb5-4fa4-a97d-d965ccfc6d4b" outcome="Passed" testListId="8c84fa94-04c1-424b-9868-57a2d4851a1d" relativeResultsDirectory="d0edd615-9f45-4b61-9445-680d995ec92b" />
    <UnitTestResult executionId="5aeecded-9060-4810-aa2b-4da25a3db726" testId="f8e723e8-0a17-ba45-0a11-87f390db6738" testName="GetRootNodes_Depth" computerName="TFSBUILD11" duration="00:00:00.0968170" startTime="2015-09-28T09:43:57.2204857-07:00" endTime="2015-09-28T09:43:57.3298685-07:00" testType="13cdc9d9-ddb5-4fa4-a97d-d965ccfc6d4b" outcome="Passed" testListId="8c84fa94-04c1-424b-9868-57a2d4851a1d" relativeResultsDirectory="5aeecded-9060-4810-aa2b-4da25a3db726" />
    <UnitTestResult executionId="b62f9ca3-11db-46db-a471-0e8eebd93f85" testId="2cb3455d-d2ce-70de-25b5-cd1aa70a3fe3" testName="GetAreaNode" computerName="TFSBUILD11" duration="00:00:00.0902438" startTime="2015-09-28T09:43:57.3298685-07:00" endTime="2015-09-28T09:43:57.4236252-07:00" testType="13cdc9d9-ddb5-4fa4-a97d-d965ccfc6d4b" outcome="Passed" testListId="8c84fa94-04c1-424b-9868-57a2d4851a1d" relativeResultsDirectory="b62f9ca3-11db-46db-a471-0e8eebd93f85" />
    <UnitTestResult executionId="7da5c8ba-a846-4839-865c-fef8d1881b59" testId="be1d6b67-1e8f-268e-73bc-bf2b1396fef3" testName="GetAreaNode_InvalidNode" computerName="TFSBUILD11" duration="00:00:00.0991810" startTime="2015-09-28T09:43:57.4236252-07:00" endTime="2015-09-28T09:43:57.5330099-07:00" testType="13cdc9d9-ddb5-4fa4-a97d-d965ccfc6d4b" outcome="Passed" testListId="8c84fa94-04c1-424b-9868-57a2d4851a1d" relativeResultsDirectory="7da5c8ba-a846-4839-865c-fef8d1881b59" />
    <UnitTestResult executionId="c4360474-7af6-4369-b483-f94130f0d6ba" testId="74bdf547-f61b-1eed-3b4c-81db91230735" testName="GetAreaNode_Path" computerName="TFSBUILD11" duration="00:00:00.1026936" startTime="2015-09-28T09:43:57.5330099-07:00" endTime="2015-09-28T09:43:57.6424041-07:00" testType="13cdc9d9-ddb5-4fa4-a97d-d965ccfc6d4b" outcome="Passed" testListId="8c84fa94-04c1-424b-9868-57a2d4851a1d" relativeResultsDirectory="c4360474-7af6-4369-b483-f94130f0d6ba" />
    <UnitTestResult executionId="00f62bea-f447-4ef3-a905-b5a3dd0d109c" testId="94862118-8146-715c-1723-74e360236975" testName="GetIterationNode" computerName="TFSBUILD11" duration="00:00:00.1188799" startTime="2015-09-28T09:43:57.6424041-07:00" endTime="2015-09-28T09:43:57.7673993-07:00" testType="13cdc9d9-ddb5-4fa4-a97d-d965ccfc6d4b" outcome="Passed" testListId="8c84fa94-04c1-424b-9868-57a2d4851a1d" relativeResultsDirectory="00f62bea-f447-4ef3-a905-b5a3dd0d109c" />
    <UnitTestResult executionId="451188a5-0d2b-4e87-95a0-7decb11a1a1b" testId="c3a26e36-b372-1e8d-9f5b-3041d4b66692" testName="GetIterationNode_InvalidPath" computerName="TFSBUILD11" duration="00:00:00.1259190" startTime="2015-09-28T09:43:57.7673993-07:00" endTime="2015-09-28T09:43:57.8924139-07:00" testType="13cdc9d9-ddb5-4fa4-a97d-d965ccfc6d4b" outcome="Passed" testListId="8c84fa94-04c1-424b-9868-57a2d4851a1d" relativeResultsDirectory="451188a5-0d2b-4e87-95a0-7decb11a1a1b" />
    <UnitTestResult executionId="0cf85264-8c17-4483-8782-9d79dd34d749" testId="dd86d740-7b8f-37a2-2645-9001384c47e9" testName="GetIterationNode_Path" computerName="TFSBUILD11" duration="00:00:00.1482538" startTime="2015-09-28T09:43:57.8924139-07:00" endTime="2015-09-28T09:43:58.0642997-07:00" testType="13cdc9d9-ddb5-4fa4-a97d-d965ccfc6d4b" outcome="Passed" testListId="8c84fa94-04c1-424b-9868-57a2d4851a1d" relativeResultsDirectory="0cf85264-8c17-4483-8782-9d79dd34d749" />
    <UnitTestResult executionId="15d70769-43d5-4431-8c3c-4398af238d9b" testId="48dd742c-2cec-c643-149f-d1b75d565b31" testName="CreateAreaNode" computerName="TFSBUILD11" duration="00:00:00.0000631" startTime="2015-09-28T09:43:58.0642997-07:00" endTime="2015-09-28T09:43:58.0642997-07:00" testType="13cdc9d9-ddb5-4fa4-a97d-d965ccfc6d4b" outcome="Passed" testListId="8c84fa94-04c1-424b-9868-57a2d4851a1d" relativeResultsDirectory="15d70769-43d5-4431-8c3c-4398af238d9b" />
    <UnitTestResult executionId="7bf1a4be-b9e2-486b-addc-ad003ae8225b" testId="100cd35b-6146-c735-c117-2f532631865a" testName="GetFields" computerName="TFSBUILD11" duration="00:00:00.5218808" startTime="2015-09-28T09:43:58.0642997-07:00" endTime="2015-09-28T09:43:58.5955841-07:00" testType="13cdc9d9-ddb5-4fa4-a97d-d965ccfc6d4b" outcome="Passed" testListId="8c84fa94-04c1-424b-9868-57a2d4851a1d" relativeResultsDirectory="7bf1a4be-b9e2-486b-addc-ad003ae8225b" />
    <UnitTestResult executionId="d84092e8-ad41-4469-8809-dab022c0c6f3" testId="c1c728af-fd9c-a969-56bb-c7e7d69beae8" testName="GetField" computerName="TFSBUILD11" duration="00:00:00.1185021" startTime="2015-09-28T09:43:58.5955841-07:00" endTime="2015-09-28T09:43:58.7049663-07:00" testType="13cdc9d9-ddb5-4fa4-a97d-d965ccfc6d4b" outcome="Passed" testListId="8c84fa94-04c1-424b-9868-57a2d4851a1d" relativeResultsDirectory="d84092e8-ad41-4469-8809-dab022c0c6f3" />
    <UnitTestResult executionId="c6ca66ea-c077-4969-8815-dfef5bf483fe" testId="c2adb7fb-58f6-38a6-737e-d7eb545f9817" testName="GetQuery_NullQuery" computerName="TFSBUILD11" duration="00:00:01.1389528" startTime="2015-09-28T09:43:58.7049663-07:00" endTime="2015-09-28T09:43:59.8456766-07:00" testType="13cdc9d9-ddb5-4fa4-a97d-d965ccfc6d4b" outcome="Passed" testListId="8c84fa94-04c1-424b-9868-57a2d4851a1d" relativeResultsDirectory="c6ca66ea-c077-4969-8815-dfef5bf483fe" />
    <UnitTestResult executionId="004b47c1-371f-40c2-8663-4d8ea28e0cd4" testId="f803a2d8-0d82-230a-03e4-344b0b1c3f12" testName="GetQuery_OutofBoundDepth" computerName="TFSBUILD11" duration="00:00:00.1614358" startTime="2015-09-28T09:43:59.8456766-07:00" endTime="2015-09-28T09:44:00.0175630-07:00" testType="13cdc9d9-ddb5-4fa4-a97d-d965ccfc6d4b" outcome="Passed" testListId="8c84fa94-04c1-424b-9868-57a2d4851a1d" relativeResultsDirectory="004b47c1-371f-40c2-8663-4d8ea28e0cd4" />
    <UnitTestResult executionId="b9084200-25e9-4b1e-8d9b-4ed5e55f06e0" testId="afe6590b-5b3c-e64f-b66a-41be9c16b01f" testName="GetQuery_NegativeDepth" computerName="TFSBUILD11" duration="00:00:00.1325371" startTime="2015-09-28T09:44:00.0175630-07:00" endTime="2015-09-28T09:44:00.1425719-07:00" testType="13cdc9d9-ddb5-4fa4-a97d-d965ccfc6d4b" outcome="Passed" testListId="8c84fa94-04c1-424b-9868-57a2d4851a1d" relativeResultsDirectory="b9084200-25e9-4b1e-8d9b-4ed5e55f06e0" />
    <UnitTestResult executionId="771e82a9-56e0-488c-837d-979cd1ae8a3c" testId="6d07d227-eb57-ddb9-c681-04ac525a1cd9" testName="CreateQuery_NullQueryItem" computerName="TFSBUILD11" duration="00:00:00.1118174" startTime="2015-09-28T09:44:00.1425719-07:00" endTime="2015-09-28T09:44:00.2519541-07:00" testType="13cdc9d9-ddb5-4fa4-a97d-d965ccfc6d4b" outcome="Passed" testListId="8c84fa94-04c1-424b-9868-57a2d4851a1d" relativeResultsDirectory="771e82a9-56e0-488c-837d-979cd1ae8a3c" />
    <UnitTestResult executionId="78d8c7d8-aa62-4b77-84bc-dfd5bd2afad2" testId="7af7fd9b-098c-85e4-1c57-5e3c85e52c9e" testName="CreateQuery_NullQuery" computerName="TFSBUILD11" duration="00:00:00.1091069" startTime="2015-09-28T09:44:00.2519541-07:00" endTime="2015-09-28T09:44:00.3613355-07:00" testType="13cdc9d9-ddb5-4fa4-a97d-d965ccfc6d4b" outcome="Passed" testListId="8c84fa94-04c1-424b-9868-57a2d4851a1d" relativeResultsDirectory="78d8c7d8-aa62-4b77-84bc-dfd5bd2afad2" />
    <UnitTestResult executionId="00b89df1-2f2d-4ada-af8c-ef7ae4fda5af" testId="650bf342-7518-8b65-5796-c157939d50f8" testName="CreateQuery_EmptyQueryItem" computerName="TFSBUILD11" duration="00:00:00.0965354" startTime="2015-09-28T09:44:00.3613355-07:00" endTime="2015-09-28T09:44:00.4707168-07:00" testType="13cdc9d9-ddb5-4fa4-a97d-d965ccfc6d4b" outcome="Passed" testListId="8c84fa94-04c1-424b-9868-57a2d4851a1d" relativeResultsDirectory="00b89df1-2f2d-4ada-af8c-ef7ae4fda5af" />
    <UnitTestResult executionId="d23412a8-b493-4ec8-8571-ef74603be6db" testId="d8e6024e-e40a-a0d4-fe96-b91fb4fb8da4" testName="CreateQuery_WithoutWiql" computerName="TFSBUILD11" duration="00:00:00.0913133" startTime="2015-09-28T09:44:00.4707168-07:00" endTime="2015-09-28T09:44:00.5488474-07:00" testType="13cdc9d9-ddb5-4fa4-a97d-d965ccfc6d4b" outcome="Passed" testListId="8c84fa94-04c1-424b-9868-57a2d4851a1d" relativeResultsDirectory="d23412a8-b493-4ec8-8571-ef74603be6db" />
    <UnitTestResult executionId="741f58b6-dcc1-459a-972a-6b2487854713" testId="9a0e54ce-dec5-10ef-6576-de88eb02c3bf" testName="CreateQuery_InvalidWiql" computerName="TFSBUILD11" duration="00:00:00.1955656" startTime="2015-09-28T09:44:00.5488474-07:00" endTime="2015-09-28T09:44:00.7519888-07:00" testType="13cdc9d9-ddb5-4fa4-a97d-d965ccfc6d4b" outcome="Passed" testListId="8c84fa94-04c1-424b-9868-57a2d4851a1d" relativeResultsDirectory="741f58b6-dcc1-459a-972a-6b2487854713" />
    <UnitTestResult executionId="4f573952-7487-48a1-8ffb-91559b1e3b90" testId="49c99257-f5c4-04c2-ffad-79e65bd3917a" testName="CreateQuery_InvalidProject" computerName="TFSBUILD11" duration="00:00:00.1329479" startTime="2015-09-28T09:44:00.7519888-07:00" endTime="2015-09-28T09:44:00.8769971-07:00" testType="13cdc9d9-ddb5-4fa4-a97d-d965ccfc6d4b" outcome="Passed" testListId="8c84fa94-04c1-424b-9868-57a2d4851a1d" relativeResultsDirectory="4f573952-7487-48a1-8ffb-91559b1e3b90" />
    <UnitTestResult executionId="fba5bcff-d484-4a8f-885a-2d6729e8e806" testId="95f81263-9184-74f1-e7bb-8010acb56820" testName="UpdateQuery_InvalidProject" computerName="TFSBUILD11" duration="00:00:00.3250320" startTime="2015-09-28T09:44:00.8926224-07:00" endTime="2015-09-28T09:44:01.2051486-07:00" testType="13cdc9d9-ddb5-4fa4-a97d-d965ccfc6d4b" outcome="Passed" testListId="8c84fa94-04c1-424b-9868-57a2d4851a1d" relativeResultsDirectory="fba5bcff-d484-4a8f-885a-2d6729e8e806" />
    <UnitTestResult executionId="26289cff-589f-4a9f-897c-4272965462ad" testId="d03800dc-3510-6fe5-8879-64a3802313e3" testName="UpdateQuery_FolderIdWithInvalidPatch" computerName="TFSBUILD11" duration="00:00:00.1728704" startTime="2015-09-28T09:44:01.2051486-07:00" endTime="2015-09-28T09:44:01.3770350-07:00" testType="13cdc9d9-ddb5-4fa4-a97d-d965ccfc6d4b" outcome="Passed" testListId="8c84fa94-04c1-424b-9868-57a2d4851a1d" relativeResultsDirectory="26289cff-589f-4a9f-897c-4272965462ad" />
    <UnitTestResult executionId="bfda3079-7f73-4a73-862c-edef943fad75" testId="142f0123-a662-6f66-20b5-49555a9d0c51" testName="CreateQuery_FolderIdWithInvalidPatch" computerName="TFSBUILD11" duration="00:00:00.1413023" startTime="2015-09-28T09:44:01.3770350-07:00" endTime="2015-09-28T09:44:01.5332966-07:00" testType="13cdc9d9-ddb5-4fa4-a97d-d965ccfc6d4b" outcome="Passed" testListId="8c84fa94-04c1-424b-9868-57a2d4851a1d" relativeResultsDirectory="bfda3079-7f73-4a73-862c-edef943fad75" />
    <UnitTestResult executionId="26d6e810-2da4-467a-bbc2-1feeb1360d7e" testId="5ac344d8-d21b-e598-6e74-4bb2bb44056f" testName="CreateQuery_FolderIdWithNullQuery" computerName="TFSBUILD11" duration="00:00:00.1227386" startTime="2015-09-28T09:44:01.5332966-07:00" endTime="2015-09-28T09:44:01.6426786-07:00" testType="13cdc9d9-ddb5-4fa4-a97d-d965ccfc6d4b" outcome="Passed" testListId="8c84fa94-04c1-424b-9868-57a2d4851a1d" relativeResultsDirectory="26d6e810-2da4-467a-bbc2-1feeb1360d7e" />
    <UnitTestResult executionId="a850db91-6c83-4c7b-b2c5-f0fb9a8d10db" testId="db36de26-82e4-1220-d616-d078719207d2" testName="CreateQuery_FolderIdWithInvalidQuery" computerName="TFSBUILD11" duration="00:00:00.1090404" startTime="2015-09-28T09:44:01.6426786-07:00" endTime="2015-09-28T09:44:01.7520611-07:00" testType="13cdc9d9-ddb5-4fa4-a97d-d965ccfc6d4b" outcome="Passed" testListId="8c84fa94-04c1-424b-9868-57a2d4851a1d" relativeResultsDirectory="a850db91-6c83-4c7b-b2c5-f0fb9a8d10db" />
    <UnitTestResult executionId="a3408a43-7c2d-42d5-8102-f832cafa20c2" testId="e93cea39-5c39-3a94-2ebe-22d89493a099" testName="CreateQuery_FolderIdWithMissingQueryParameter" computerName="TFSBUILD11" duration="00:00:00.0989477" startTime="2015-09-28T09:44:01.7520611-07:00" endTime="2015-09-28T09:44:01.8614435-07:00" testType="13cdc9d9-ddb5-4fa4-a97d-d965ccfc6d4b" outcome="Passed" testListId="8c84fa94-04c1-424b-9868-57a2d4851a1d" relativeResultsDirectory="a3408a43-7c2d-42d5-8102-f832cafa20c2" />
    <UnitTestResult executionId="cabaecf7-3544-4b11-895b-1fc038d7a055" testId="8d4f4f59-fdf3-08cf-3dc7-9549809f2a87" testName="CreateQuery_QueryIdInvalidFolder" computerName="TFSBUILD11" duration="00:00:00.1194405" startTime="2015-09-28T09:44:01.8614435-07:00" endTime="2015-09-28T09:44:01.9708258-07:00" testType="13cdc9d9-ddb5-4fa4-a97d-d965ccfc6d4b" outcome="Passed" testListId="8c84fa94-04c1-424b-9868-57a2d4851a1d" relativeResultsDirectory="cabaecf7-3544-4b11-895b-1fc038d7a055" />
    <UnitTestResult executionId="f3c2447d-04b9-47af-aebd-07e5a4da7ebd" testId="2d33e5d4-456b-5129-5653-755719285f63" testName="UpdateQuery_NullQuery" computerName="TFSBUILD11" duration="00:00:00.0963607" startTime="2015-09-28T09:44:01.9708258-07:00" endTime="2015-09-28T09:44:02.0802083-07:00" testType="13cdc9d9-ddb5-4fa4-a97d-d965ccfc6d4b" outcome="Passed" testListId="8c84fa94-04c1-424b-9868-57a2d4851a1d" relativeResultsDirectory="f3c2447d-04b9-47af-aebd-07e5a4da7ebd" />
    <UnitTestResult executionId="d197617b-42dc-4f40-b3c2-40282dc40948" testId="46156bce-9d34-6178-aaa6-4a9f243c514a" testName="UpdateQuery_EmptyQuery" computerName="TFSBUILD11" duration="00:00:00.0854859" startTime="2015-09-28T09:44:02.0802083-07:00" endTime="2015-09-28T09:44:02.1583362-07:00" testType="13cdc9d9-ddb5-4fa4-a97d-d965ccfc6d4b" outcome="Passed" testListId="8c84fa94-04c1-424b-9868-57a2d4851a1d" relativeResultsDirectory="d197617b-42dc-4f40-b3c2-40282dc40948" />
    <UnitTestResult executionId="13fe4226-c285-43f0-92bd-f3fa281622d7" testId="4cd0a2f2-357b-3865-c572-91bf3057af47" testName="GetQueries_ExceedingDepth" computerName="TFSBUILD11" duration="00:00:00.1296995" startTime="2015-09-28T09:44:02.1583362-07:00" endTime="2015-09-28T09:44:02.2833494-07:00" testType="13cdc9d9-ddb5-4fa4-a97d-d965ccfc6d4b" outcome="Passed" testListId="8c84fa94-04c1-424b-9868-57a2d4851a1d" relativeResultsDirectory="13fe4226-c285-43f0-92bd-f3fa281622d7" />
    <UnitTestResult executionId="7d16a179-6ec7-4c44-bbd2-22148c7fa00f" testId="dba19400-a982-b28d-29e3-e4a201ef620e" testName="DeleteQuery_EmptyQuery" computerName="TFSBUILD11" duration="00:00:00.1570488" startTime="2015-09-28T09:44:02.2833494-07:00" endTime="2015-09-28T09:44:02.4396077-07:00" testType="13cdc9d9-ddb5-4fa4-a97d-d965ccfc6d4b" outcome="Passed" testListId="8c84fa94-04c1-424b-9868-57a2d4851a1d" relativeResultsDirectory="7d16a179-6ec7-4c44-bbd2-22148c7fa00f" />
    <UnitTestResult executionId="cb65b08f-a3c9-4a5d-acd7-48c51bcd9ea3" testId="21566c08-628d-22e5-2cf7-e9095f5fa497" testName="UpdateQuery_MismatchId" computerName="TFSBUILD11" duration="00:00:00.4744080" startTime="2015-09-28T09:44:02.4396077-07:00" endTime="2015-09-28T09:44:02.9240171-07:00" testType="13cdc9d9-ddb5-4fa4-a97d-d965ccfc6d4b" outcome="Passed" testListId="8c84fa94-04c1-424b-9868-57a2d4851a1d" relativeResultsDirectory="cb65b08f-a3c9-4a5d-acd7-48c51bcd9ea3" />
    <UnitTestResult executionId="f4d7d302-f66e-4168-a4ae-7a26c724a530" testId="55e406c8-79d1-5470-9559-c3dfa05d2380" testName="UpdateQuery_FolderConflict" computerName="TFSBUILD11" duration="00:00:00.2182446" startTime="2015-09-28T09:44:02.9240171-07:00" endTime="2015-09-28T09:44:03.1428063-07:00" testType="13cdc9d9-ddb5-4fa4-a97d-d965ccfc6d4b" outcome="Passed" testListId="8c84fa94-04c1-424b-9868-57a2d4851a1d" relativeResultsDirectory="f4d7d302-f66e-4168-a4ae-7a26c724a530" />
    <UnitTestResult executionId="8d2b5c54-c6de-4047-8ff3-5ed52691a924" testId="c3e305cc-5135-7d1e-225a-5f87521479d4" testName="GetQueries" computerName="TFSBUILD11" duration="00:00:00.3528196" startTime="2015-09-28T09:44:03.1428063-07:00" endTime="2015-09-28T09:44:03.4865725-07:00" testType="13cdc9d9-ddb5-4fa4-a97d-d965ccfc6d4b" outcome="Passed" testListId="8c84fa94-04c1-424b-9868-57a2d4851a1d" relativeResultsDirectory="8d2b5c54-c6de-4047-8ff3-5ed52691a924" />
    <UnitTestResult executionId="85fc4442-2328-481d-a010-4f3728e50b3a" testId="c96090d8-aca5-6c3e-cda3-b02ffa44a72c" testName="GetQueries_depth" computerName="TFSBUILD11" duration="00:00:00.1852702" startTime="2015-09-28T09:44:03.4865725-07:00" endTime="2015-09-28T09:44:03.6740850-07:00" testType="13cdc9d9-ddb5-4fa4-a97d-d965ccfc6d4b" outcome="Passed" testListId="8c84fa94-04c1-424b-9868-57a2d4851a1d" relativeResultsDirectory="85fc4442-2328-481d-a010-4f3728e50b3a" />
    <UnitTestResult executionId="b5971a8d-944c-4910-8d3d-f26762ff8110" testId="f92975bb-1a70-feda-8c16-2f0c7e211a60" testName="GetQuery_QueryId" computerName="TFSBUILD11" duration="00:00:00.5073961" startTime="2015-09-28T09:44:03.6740850-07:00" endTime="2015-09-28T09:44:04.1897321-07:00" testType="13cdc9d9-ddb5-4fa4-a97d-d965ccfc6d4b" outcome="Passed" testListId="8c84fa94-04c1-424b-9868-57a2d4851a1d" relativeResultsDirectory="b5971a8d-944c-4910-8d3d-f26762ff8110" />
    <UnitTestResult executionId="274e6546-afca-4e7f-91dc-d71a741fc0d6" testId="73858d56-4580-f063-4216-a944ae60c2de" testName="GetQuery_QueryFolder" computerName="TFSBUILD11" duration="00:00:00.3061133" startTime="2015-09-28T09:44:04.1897321-07:00" endTime="2015-09-28T09:44:04.4866274-07:00" testType="13cdc9d9-ddb5-4fa4-a97d-d965ccfc6d4b" outcome="Passed" testListId="8c84fa94-04c1-424b-9868-57a2d4851a1d" relativeResultsDirectory="274e6546-afca-4e7f-91dc-d71a741fc0d6" />
    <UnitTestResult executionId="a1c657d2-bf9f-4243-81bb-5f2ee38535ba" testId="8c86343a-ba2e-f356-2dee-d0a3f32a22ee" testName="GetQueries_Clauses" computerName="TFSBUILD11" duration="00:00:00.1378147" startTime="2015-09-28T09:44:04.4866274-07:00" endTime="2015-09-28T09:44:04.6272618-07:00" testType="13cdc9d9-ddb5-4fa4-a97d-d965ccfc6d4b" outcome="Passed" testListId="8c84fa94-04c1-424b-9868-57a2d4851a1d" relativeResultsDirectory="a1c657d2-bf9f-4243-81bb-5f2ee38535ba" />
    <UnitTestResult executionId="a570693f-904e-4746-8996-62279c8e419c" testId="53e2e3d7-ab25-5924-7dda-3ec396095bf2" testName="CreateQuery_IsFolder" computerName="TFSBUILD11" duration="00:00:00.1697342" startTime="2015-09-28T09:44:04.6272618-07:00" endTime="2015-09-28T09:44:04.7991490-07:00" testType="13cdc9d9-ddb5-4fa4-a97d-d965ccfc6d4b" outcome="Passed" testListId="8c84fa94-04c1-424b-9868-57a2d4851a1d" relativeResultsDirectory="a570693f-904e-4746-8996-62279c8e419c" />
    <UnitTestResult executionId="050cfa07-6f42-4caf-9a82-e497a9522da4" testId="99fc8431-0027-640a-38e8-05d97a3f474c" testName="CreateQuery_Wiql" computerName="TFSBUILD11" duration="00:00:00.2531220" startTime="2015-09-28T09:44:04.7991490-07:00" endTime="2015-09-28T09:44:05.0491679-07:00" testType="13cdc9d9-ddb5-4fa4-a97d-d965ccfc6d4b" outcome="Passed" testListId="8c84fa94-04c1-424b-9868-57a2d4851a1d" relativeResultsDirectory="050cfa07-6f42-4caf-9a82-e497a9522da4" />
    <UnitTestResult executionId="ff772b03-97d6-47ab-8fba-f596b60d7979" testId="f9f9b93a-7f1d-56d4-7baf-4a1f68663dbb" testName="UpdateQuery_Wiql" computerName="TFSBUILD11" duration="00:00:00.2586988" startTime="2015-09-28T09:44:05.0491679-07:00" endTime="2015-09-28T09:44:05.3148152-07:00" testType="13cdc9d9-ddb5-4fa4-a97d-d965ccfc6d4b" outcome="Passed" testListId="8c84fa94-04c1-424b-9868-57a2d4851a1d" relativeResultsDirectory="ff772b03-97d6-47ab-8fba-f596b60d7979" />
    <UnitTestResult executionId="90889bbe-3f35-41ec-96d2-7a029e8ded92" testId="82f3f23c-cee1-d950-ab8d-972f5aa02f64" testName="UpdateQuery_RenameQuery" computerName="TFSBUILD11" duration="00:00:00.1841916" startTime="2015-09-28T09:44:05.3148152-07:00" endTime="2015-09-28T09:44:05.5023277-07:00" testType="13cdc9d9-ddb5-4fa4-a97d-d965ccfc6d4b" outcome="Passed" testListId="8c84fa94-04c1-424b-9868-57a2d4851a1d" relativeResultsDirectory="90889bbe-3f35-41ec-96d2-7a029e8ded92" />
    <UnitTestResult executionId="dfa6b7f4-849b-4c4c-a229-82170d78ebcb" testId="d558a773-81e8-b84a-2fe9-3d8e4d8b9f3c" testName="UpdateQuery_RenameFolder" computerName="TFSBUILD11" duration="00:00:00.1848981" startTime="2015-09-28T09:44:05.5023277-07:00" endTime="2015-09-28T09:44:05.6898413-07:00" testType="13cdc9d9-ddb5-4fa4-a97d-d965ccfc6d4b" outcome="Passed" testListId="8c84fa94-04c1-424b-9868-57a2d4851a1d" relativeResultsDirectory="dfa6b7f4-849b-4c4c-a229-82170d78ebcb" />
    <UnitTestResult executionId="ffca26d4-9a55-4c7e-a4d2-feb322e5a920" testId="c6d131e5-a97a-8467-e6c0-82bbc2b7f25e" testName="DeleteQuery" computerName="TFSBUILD11" duration="00:00:00.2394809" startTime="2015-09-28T09:44:05.6898413-07:00" endTime="2015-09-28T09:44:05.9242319-07:00" testType="13cdc9d9-ddb5-4fa4-a97d-d965ccfc6d4b" outcome="Passed" testListId="8c84fa94-04c1-424b-9868-57a2d4851a1d" relativeResultsDirectory="ffca26d4-9a55-4c7e-a4d2-feb322e5a920" />
    <UnitTestResult executionId="d7d75357-3599-4e01-91f2-8c81a8d52316" testId="7b114736-f57a-93b1-53c2-3aded8bf753c" testName="DeleteFolder" computerName="TFSBUILD11" duration="00:00:00.2593738" startTime="2015-09-28T09:44:05.9242319-07:00" endTime="2015-09-28T09:44:06.1898897-07:00" testType="13cdc9d9-ddb5-4fa4-a97d-d965ccfc6d4b" outcome="Passed" testListId="8c84fa94-04c1-424b-9868-57a2d4851a1d" relativeResultsDirectory="d7d75357-3599-4e01-91f2-8c81a8d52316" />
    <UnitTestResult executionId="79a0f5ec-1f53-4d09-8b7a-7a3460cb7804" testId="93b7a9e3-3e6b-04e8-1bac-65392a51ec62" testName="UpdateQuery_UndeleteQuery" computerName="TFSBUILD11" duration="00:00:00.2500648" startTime="2015-09-28T09:44:06.1898897-07:00" endTime="2015-09-28T09:44:06.4399060-07:00" testType="13cdc9d9-ddb5-4fa4-a97d-d965ccfc6d4b" outcome="Passed" testListId="8c84fa94-04c1-424b-9868-57a2d4851a1d" relativeResultsDirectory="79a0f5ec-1f53-4d09-8b7a-7a3460cb7804" />
    <UnitTestResult executionId="e421e34f-6600-4223-98b9-346739b896c7" testId="304527dd-1473-464f-68fb-5314b31df100" testName="UpdateQuery_NoOpUpdate" computerName="TFSBUILD11" duration="00:00:00.1964520" startTime="2015-09-28T09:44:06.4399060-07:00" endTime="2015-09-28T09:44:06.6274174-07:00" testType="13cdc9d9-ddb5-4fa4-a97d-d965ccfc6d4b" outcome="Passed" testListId="8c84fa94-04c1-424b-9868-57a2d4851a1d" relativeResultsDirectory="e421e34f-6600-4223-98b9-346739b896c7" />
    <UnitTestResult executionId="fa4b6c76-137b-4240-895d-7c55c7a1bf72" testId="d864b423-c8c1-6673-c3f8-95299ea07ec4" testName="ValidateFields_NullRulesFrom" computerName="TFSBUILD11" duration="00:00:00.6493227" startTime="2015-09-28T09:44:06.6274174-07:00" endTime="2015-09-28T09:44:07.2837252-07:00" testType="13cdc9d9-ddb5-4fa4-a97d-d965ccfc6d4b" outcome="Passed" testListId="8c84fa94-04c1-424b-9868-57a2d4851a1d" relativeResultsDirectory="fa4b6c76-137b-4240-895d-7c55c7a1bf72" />
    <UnitTestResult executionId="48ebd43b-86ac-4662-a03e-13ad52ea1c82" testId="9d3449fa-67be-7705-d90f-1a06cf536e13" testName="ValidateFields_NullOriginalValues" computerName="TFSBUILD11" duration="00:00:00.1978785" startTime="2015-09-28T09:44:07.2837252-07:00" endTime="2015-09-28T09:44:07.4712334-07:00" testType="13cdc9d9-ddb5-4fa4-a97d-d965ccfc6d4b" outcome="Passed" testListId="8c84fa94-04c1-424b-9868-57a2d4851a1d" relativeResultsDirectory="48ebd43b-86ac-4662-a03e-13ad52ea1c82" />
    <UnitTestResult executionId="906e13aa-572a-41b7-9240-b9e10cd88ea3" testId="fc654b05-7c92-b982-2fca-9ae191c0ec4b" testName="ValidateFields_NullFieldName" computerName="TFSBUILD11" duration="00:00:00.1660028" startTime="2015-09-28T09:44:07.4712334-07:00" endTime="2015-09-28T09:44:07.6431047-07:00" testType="13cdc9d9-ddb5-4fa4-a97d-d965ccfc6d4b" outcome="Passed" testListId="8c84fa94-04c1-424b-9868-57a2d4851a1d" relativeResultsDirectory="906e13aa-572a-41b7-9240-b9e10cd88ea3" />
    <UnitTestResult executionId="cc761bda-bfce-4d45-b162-8a8b7912f184" testId="58bdc8e5-1c66-c747-a76a-ae160e41e53b" testName="ValidateFields_UnknownField" computerName="TFSBUILD11" duration="00:00:00.1294159" startTime="2015-09-28T09:44:07.6431047-07:00" endTime="2015-09-28T09:44:07.7681138-07:00" testType="13cdc9d9-ddb5-4fa4-a97d-d965ccfc6d4b" outcome="Passed" testListId="8c84fa94-04c1-424b-9868-57a2d4851a1d" relativeResultsDirectory="cc761bda-bfce-4d45-b162-8a8b7912f184" />
    <UnitTestResult executionId="3bab890f-a274-450a-84fc-846128c03882" testId="0d92662c-b0ca-c499-2592-87938b30f63c" testName="ValidateFields_UnknownWorkItemType" computerName="TFSBUILD11" duration="00:00:00.1256209" startTime="2015-09-28T09:44:07.7681138-07:00" endTime="2015-09-28T09:44:07.8931222-07:00" testType="13cdc9d9-ddb5-4fa4-a97d-d965ccfc6d4b" outcome="Passed" testListId="8c84fa94-04c1-424b-9868-57a2d4851a1d" relativeResultsDirectory="3bab890f-a274-450a-84fc-846128c03882" />
    <UnitTestResult executionId="0229de8e-3ce4-446f-a1d7-0d6036f62848" testId="030ff72a-d33d-0464-af36-bd3218b92386" testName="ValidateFields_NotValidFieldDictionary" computerName="TFSBUILD11" duration="00:00:00.1670860" startTime="2015-09-28T09:44:07.8931222-07:00" endTime="2015-09-28T09:44:08.0650196-07:00" testType="13cdc9d9-ddb5-4fa4-a97d-d965ccfc6d4b" outcome="Passed" testListId="8c84fa94-04c1-424b-9868-57a2d4851a1d" relativeResultsDirectory="0229de8e-3ce4-446f-a1d7-0d6036f62848" />
    <UnitTestResult executionId="c85a15a1-8419-4af7-ba90-5daec456686e" testId="31138291-cc83-27bf-d2ef-3cd6f9fcb21d" testName="ValidateFields_MissingMultipleFields" computerName="TFSBUILD11" duration="00:00:00.1016423" startTime="2015-09-28T09:44:08.0650196-07:00" endTime="2015-09-28T09:44:08.1743896-07:00" testType="13cdc9d9-ddb5-4fa4-a97d-d965ccfc6d4b" outcome="Passed" testListId="8c84fa94-04c1-424b-9868-57a2d4851a1d" relativeResultsDirectory="c85a15a1-8419-4af7-ba90-5daec456686e" />
    <UnitTestResult executionId="7f640136-80ca-491a-8346-85d196850f18" testId="983019b2-e192-ee2b-f581-54d11e8fbc44" testName="ValidateFieldValues_Null" computerName="TFSBUILD11" duration="00:00:00.1464644" startTime="2015-09-28T09:44:08.1743896-07:00" endTime="2015-09-28T09:44:08.3150334-07:00" testType="13cdc9d9-ddb5-4fa4-a97d-d965ccfc6d4b" outcome="Passed" testListId="8c84fa94-04c1-424b-9868-57a2d4851a1d" relativeResultsDirectory="7f640136-80ca-491a-8346-85d196850f18" />
    <UnitTestResult executionId="6577eceb-b515-41fc-be9f-9f58dcd44c5d" testId="eddaff82-b2ba-760d-6ca4-9be6278ad516" testName="ValidateFields_Bug" computerName="TFSBUILD11" duration="00:00:00.3009197" startTime="2015-09-28T09:44:08.3150334-07:00" endTime="2015-09-28T09:44:08.6119216-07:00" testType="13cdc9d9-ddb5-4fa4-a97d-d965ccfc6d4b" outcome="Passed" testListId="8c84fa94-04c1-424b-9868-57a2d4851a1d" relativeResultsDirectory="6577eceb-b515-41fc-be9f-9f58dcd44c5d" />
    <UnitTestResult executionId="b294a3c2-2f6f-42d0-a808-3b9f3295e036" testId="4ee41d5d-8a87-703a-3e06-b6bc28cb4332" testName="ValidateFields_CodeReviewRequest" computerName="TFSBUILD11" duration="00:00:00.2190240" startTime="2015-09-28T09:44:08.6119216-07:00" endTime="2015-09-28T09:44:08.8306868-07:00" testType="13cdc9d9-ddb5-4fa4-a97d-d965ccfc6d4b" outcome="Passed" testListId="8c84fa94-04c1-424b-9868-57a2d4851a1d" relativeResultsDirectory="b294a3c2-2f6f-42d0-a808-3b9f3295e036" />
    <UnitTestResult executionId="c679c478-2ebd-4ad2-9169-6bba1d7c2e31" testId="ba35fda7-926f-77df-0ddb-528fa36188b9" testName="UpdateQuery_NullWiql" computerName="TFSBUILD11" duration="00:00:00.3922722" startTime="2015-09-28T09:44:08.8306868-07:00" endTime="2015-09-28T09:44:09.2369651-07:00" testType="13cdc9d9-ddb5-4fa4-a97d-d965ccfc6d4b" outcome="Passed" testListId="8c84fa94-04c1-424b-9868-57a2d4851a1d" relativeResultsDirectory="c679c478-2ebd-4ad2-9169-6bba1d7c2e31" />
    <UnitTestResult executionId="cfe6468a-e22b-4916-a409-67912bd5b68b" testId="71f92327-6590-0c70-672d-782fe845de3b" testName="Query_IdEmpty" computerName="TFSBUILD11" duration="00:00:00.0948876" startTime="2015-09-28T09:44:09.2369651-07:00" endTime="2015-09-28T09:44:09.3307349-07:00" testType="13cdc9d9-ddb5-4fa4-a97d-d965ccfc6d4b" outcome="Passed" testListId="8c84fa94-04c1-424b-9868-57a2d4851a1d" relativeResultsDirectory="cfe6468a-e22b-4916-a409-67912bd5b68b" />
    <UnitTestResult executionId="aae1c1b0-7005-44bb-ab26-d532ffdf85ff" testId="8f9727d6-7d8b-26a7-1dfd-98291a8f8f8f" testName="UpdateQuery_InvalidQuery" computerName="TFSBUILD11" duration="00:00:00.0935769" startTime="2015-09-28T09:44:09.3307349-07:00" endTime="2015-09-28T09:44:09.4244921-07:00" testType="13cdc9d9-ddb5-4fa4-a97d-d965ccfc6d4b" outcome="Passed" testListId="8c84fa94-04c1-424b-9868-57a2d4851a1d" relativeResultsDirectory="aae1c1b0-7005-44bb-ab26-d532ffdf85ff" />
    <UnitTestResult executionId="0c8687db-fc21-40de-82b8-5f2740be21bc" testId="d5e1a50f-a192-31d1-5bd9-681f550de1fc" testName="UpdateQuery_NullQuery" computerName="TFSBUILD11" duration="00:00:00.0786310" startTime="2015-09-28T09:44:09.4244921-07:00" endTime="2015-09-28T09:44:09.5026213-07:00" testType="13cdc9d9-ddb5-4fa4-a97d-d965ccfc6d4b" outcome="Passed" testListId="8c84fa94-04c1-424b-9868-57a2d4851a1d" relativeResultsDirectory="0c8687db-fc21-40de-82b8-5f2740be21bc" />
    <UnitTestResult executionId="889f7d1f-a40c-4462-b678-be3d463f8b54" testId="f0965381-a03f-940e-b264-4c2d1bc784af" testName="UpdateQuery_MissingQueryParameter" computerName="TFSBUILD11" duration="00:00:00.0879656" startTime="2015-09-28T09:44:09.5026213-07:00" endTime="2015-09-28T09:44:09.5807527-07:00" testType="13cdc9d9-ddb5-4fa4-a97d-d965ccfc6d4b" outcome="Passed" testListId="8c84fa94-04c1-424b-9868-57a2d4851a1d" relativeResultsDirectory="889f7d1f-a40c-4462-b678-be3d463f8b54" />
    <UnitTestResult executionId="0fae3e19-eb0e-41cb-a3bd-460eb533936a" testId="02f90cbd-03aa-73a8-ca53-6618d36ff3a7" testName="GetQueryResult_QueryingFolder" computerName="TFSBUILD11" duration="00:00:00.1417921" startTime="2015-09-28T09:44:09.5807527-07:00" endTime="2015-09-28T09:44:09.7213868-07:00" testType="13cdc9d9-ddb5-4fa4-a97d-d965ccfc6d4b" outcome="Passed" testListId="8c84fa94-04c1-424b-9868-57a2d4851a1d" relativeResultsDirectory="0fae3e19-eb0e-41cb-a3bd-460eb533936a" />
    <UnitTestResult executionId="6ed39ab7-34a9-48fb-b2ca-650e1265f257" testId="47fe99d9-db80-9bf4-03e4-d33796ab3103" testName="GetQueryResult" computerName="TFSBUILD11" duration="00:00:00.1339184" startTime="2015-09-28T09:44:09.7213868-07:00" endTime="2015-09-28T09:44:09.8620261-07:00" testType="13cdc9d9-ddb5-4fa4-a97d-d965ccfc6d4b" outcome="Passed" testListId="8c84fa94-04c1-424b-9868-57a2d4851a1d" relativeResultsDirectory="6ed39ab7-34a9-48fb-b2ca-650e1265f257" />
    <UnitTestResult executionId="a107f81d-fd47-40d5-befa-38b426b612bd" testId="24414cd7-b7ae-a738-ea35-364efca99c86" testName="UpdateQuery" computerName="TFSBUILD11" duration="00:00:00.1268850" startTime="2015-09-28T09:44:09.8620261-07:00" endTime="2015-09-28T09:44:09.9870350-07:00" testType="13cdc9d9-ddb5-4fa4-a97d-d965ccfc6d4b" outcome="Passed" testListId="8c84fa94-04c1-424b-9868-57a2d4851a1d" relativeResultsDirectory="a107f81d-fd47-40d5-befa-38b426b612bd" />
    <UnitTestResult executionId="04ebe025-0678-44a5-961c-2926b7421956" testId="ab015eea-3856-61f4-4e91-9b80cbbada77" testName="GetWorkItemHistory_CheckNull" computerName="TFSBUILD11" duration="00:00:00.4311489" startTime="2015-09-28T09:44:09.9870350-07:00" endTime="2015-09-28T09:44:10.4245490-07:00" testType="13cdc9d9-ddb5-4fa4-a97d-d965ccfc6d4b" outcome="Passed" testListId="8c84fa94-04c1-424b-9868-57a2d4851a1d" relativeResultsDirectory="04ebe025-0678-44a5-961c-2926b7421956" />
    <UnitTestResult executionId="3e8518bb-a915-460a-94d4-6c8cde7f450b" testId="4a28524f-b6df-37cf-2e0b-e6a97db0034a" testName="GetWorkItemHistory_NotValidId" computerName="TFSBUILD11" duration="00:00:00.1135713" startTime="2015-09-28T09:44:10.4245490-07:00" endTime="2015-09-28T09:44:10.5339329-07:00" testType="13cdc9d9-ddb5-4fa4-a97d-d965ccfc6d4b" outcome="Passed" testListId="8c84fa94-04c1-424b-9868-57a2d4851a1d" relativeResultsDirectory="3e8518bb-a915-460a-94d4-6c8cde7f450b" />
    <UnitTestResult executionId="d2371d1d-dd2b-45f1-9b83-bdf43427ad12" testId="cd5b0c86-b3f0-c0d1-60e6-918dfbcd0a58" testName="GetWorkItemHistory_MultipleRevisions" computerName="TFSBUILD11" duration="00:00:00.0994361" startTime="2015-09-28T09:44:10.5339329-07:00" endTime="2015-09-28T09:44:10.6277024-07:00" testType="13cdc9d9-ddb5-4fa4-a97d-d965ccfc6d4b" outcome="Passed" testListId="8c84fa94-04c1-424b-9868-57a2d4851a1d" relativeResultsDirectory="d2371d1d-dd2b-45f1-9b83-bdf43427ad12" />
    <UnitTestResult executionId="9a159767-225b-46c3-9ceb-a6b36e6eb01d" testId="56bc43cb-ed33-81cb-5ef6-5a735dd3cba8" testName="GetWorkItem_CheckHistoryLink" computerName="TFSBUILD11" duration="00:00:00.0936210" startTime="2015-09-28T09:44:10.6277024-07:00" endTime="2015-09-28T09:44:10.7214591-07:00" testType="13cdc9d9-ddb5-4fa4-a97d-d965ccfc6d4b" outcome="Passed" testListId="8c84fa94-04c1-424b-9868-57a2d4851a1d" relativeResultsDirectory="9a159767-225b-46c3-9ceb-a6b36e6eb01d" />
    <UnitTestResult executionId="945b891a-8a29-4fa7-9df7-16030269e52e" testId="bb251513-3c2e-95ef-b7e7-c3d52a26ff3c" testName="GetWorkItemHistory_InvalidRevisionNumber" computerName="TFSBUILD11" duration="00:00:00.0896166" startTime="2015-09-28T09:44:10.7214591-07:00" endTime="2015-09-28T09:44:10.8152149-07:00" testType="13cdc9d9-ddb5-4fa4-a97d-d965ccfc6d4b" outcome="Passed" testListId="8c84fa94-04c1-424b-9868-57a2d4851a1d" relativeResultsDirectory="945b891a-8a29-4fa7-9df7-16030269e52e" />
    <UnitTestResult executionId="bec57760-e8f8-4f13-853a-d74629f1adf9" testId="670cfa98-3559-5c8f-35ba-f9a2b8172f18" testName="GetWorkItemHistory_EmptyHistory" computerName="TFSBUILD11" duration="00:00:00.0746167" startTime="2015-09-28T09:44:10.8152149-07:00" endTime="2015-09-28T09:44:10.8933452-07:00" testType="13cdc9d9-ddb5-4fa4-a97d-d965ccfc6d4b" outcome="Passed" testListId="8c84fa94-04c1-424b-9868-57a2d4851a1d" relativeResultsDirectory="bec57760-e8f8-4f13-853a-d74629f1adf9" />
    <UnitTestResult executionId="bc101646-2a5d-465e-a024-1300d3f2fd09" testId="0cd77355-6d28-d5bb-cbd3-489c7eb680d4" testName="GetWorkItemHistoryByRevisionNumber" computerName="TFSBUILD11" duration="00:00:00.1686408" startTime="2015-09-28T09:44:10.8933452-07:00" endTime="2015-09-28T09:44:11.0652395-07:00" testType="13cdc9d9-ddb5-4fa4-a97d-d965ccfc6d4b" outcome="Passed" testListId="8c84fa94-04c1-424b-9868-57a2d4851a1d" relativeResultsDirectory="bc101646-2a5d-465e-a024-1300d3f2fd09" />
    <UnitTestResult executionId="f17f47c2-cd5a-41b5-8375-e602d9cd4677" testId="40e5e9ec-ee63-e35a-f52e-6c8a125a1cfb" testName="GetHistory_TopOutOfRange" computerName="TFSBUILD11" duration="00:00:00.0010820" startTime="2015-09-28T09:44:11.0652395-07:00" endTime="2015-09-28T09:44:11.0652395-07:00" testType="13cdc9d9-ddb5-4fa4-a97d-d965ccfc6d4b" outcome="Passed" testListId="8c84fa94-04c1-424b-9868-57a2d4851a1d" relativeResultsDirectory="f17f47c2-cd5a-41b5-8375-e602d9cd4677" />
    <UnitTestResult executionId="2ea6424e-7404-4669-a4ee-b7b8a00757a2" testId="5568e322-d90f-0bd1-e7bc-59f095d65788" testName="GetHistory_SkipOutOfRange" computerName="TFSBUILD11" duration="00:00:00.0008228" startTime="2015-09-28T09:44:11.0652395-07:00" endTime="2015-09-28T09:44:11.0652395-07:00" testType="13cdc9d9-ddb5-4fa4-a97d-d965ccfc6d4b" outcome="Passed" testListId="8c84fa94-04c1-424b-9868-57a2d4851a1d" relativeResultsDirectory="2ea6424e-7404-4669-a4ee-b7b8a00757a2" />
    <UnitTestResult executionId="4635084c-e2eb-4619-a110-b997f1040b25" testId="5f5a2ac2-c703-d9d2-93aa-614a83a48616" testName="GetHistory_Skip" computerName="TFSBUILD11" duration="00:00:00.1703443" startTime="2015-09-28T09:44:11.0652395-07:00" endTime="2015-09-28T09:44:11.2371241-07:00" testType="13cdc9d9-ddb5-4fa4-a97d-d965ccfc6d4b" outcome="Passed" testListId="8c84fa94-04c1-424b-9868-57a2d4851a1d" relativeResultsDirectory="4635084c-e2eb-4619-a110-b997f1040b25" />
    <UnitTestResult executionId="4433aa49-8950-491c-9fc1-342dd644684f" testId="ea840565-ef31-00f8-a843-c1b639bd7d38" testName="GetWorkItemRevision_Top" computerName="TFSBUILD11" duration="00:00:00.2101562" startTime="2015-09-28T09:44:11.2371241-07:00" endTime="2015-09-28T09:44:11.4402477-07:00" testType="13cdc9d9-ddb5-4fa4-a97d-d965ccfc6d4b" outcome="Passed" testListId="8c84fa94-04c1-424b-9868-57a2d4851a1d" relativeResultsDirectory="4433aa49-8950-491c-9fc1-342dd644684f" />
    <UnitTestResult executionId="dfac8c41-70dd-49e8-bd06-256b0312b429" testId="7d212336-e299-b1d5-298e-6a09ba6a958e" testName="GetWorkItemRevision_TopSkip" computerName="TFSBUILD11" duration="00:00:00.2193841" startTime="2015-09-28T09:44:11.4402477-07:00" endTime="2015-09-28T09:44:11.6590124-07:00" testType="13cdc9d9-ddb5-4fa4-a97d-d965ccfc6d4b" outcome="Passed" testListId="8c84fa94-04c1-424b-9868-57a2d4851a1d" relativeResultsDirectory="dfac8c41-70dd-49e8-bd06-256b0312b429" />
    <UnitTestResult executionId="49d4f115-2e66-4259-8baa-2e15d58a96f3" testId="6541d567-b80d-ec79-6cf1-bc46ade7aa14" testName="GetWorkItemRevisions_WithWorkItemLinks" computerName="TFSBUILD11" duration="00:00:00.1684055" startTime="2015-09-28T09:44:11.6590124-07:00" endTime="2015-09-28T09:44:11.8308993-07:00" testType="13cdc9d9-ddb5-4fa4-a97d-d965ccfc6d4b" outcome="Passed" testListId="8c84fa94-04c1-424b-9868-57a2d4851a1d" relativeResultsDirectory="49d4f115-2e66-4259-8baa-2e15d58a96f3" />
    <UnitTestResult executionId="bc256c72-e387-44d1-b6d0-92a7c48476a2" testId="0ad7c40c-0e96-e493-816d-8a49ef8133ef" testName="GetWorkItemRevision_LatestRevision" computerName="TFSBUILD11" duration="00:00:00.1315126" startTime="2015-09-28T09:44:11.8308993-07:00" endTime="2015-09-28T09:44:11.9715346-07:00" testType="13cdc9d9-ddb5-4fa4-a97d-d965ccfc6d4b" outcome="Passed" testListId="8c84fa94-04c1-424b-9868-57a2d4851a1d" relativeResultsDirectory="bc256c72-e387-44d1-b6d0-92a7c48476a2" />
    <UnitTestResult executionId="e015e480-5345-4ebd-82a1-98ccbee19f40" testId="5c1aadd6-7f09-8875-502a-d25be1c82e2b" testName="GetWorkItemRevision_AnyRevision" computerName="TFSBUILD11" duration="00:00:00.1217746" startTime="2015-09-28T09:44:11.9715346-07:00" endTime="2015-09-28T09:44:12.0809168-07:00" testType="13cdc9d9-ddb5-4fa4-a97d-d965ccfc6d4b" outcome="Passed" testListId="8c84fa94-04c1-424b-9868-57a2d4851a1d" relativeResultsDirectory="e015e480-5345-4ebd-82a1-98ccbee19f40" />
    <UnitTestResult executionId="85938f8c-89ee-4a0d-be83-7275ece4caf6" testId="d746cea5-1255-b1fa-3044-d1929cfde332" testName="GetWorkItemRevision_ExpandRelations" computerName="TFSBUILD11" duration="00:00:00.1023073" startTime="2015-09-28T09:44:12.0809168-07:00" endTime="2015-09-28T09:44:12.1902996-07:00" testType="13cdc9d9-ddb5-4fa4-a97d-d965ccfc6d4b" outcome="Passed" testListId="8c84fa94-04c1-424b-9868-57a2d4851a1d" relativeResultsDirectory="85938f8c-89ee-4a0d-be83-7275ece4caf6" />
    <UnitTestResult executionId="42fa0fe1-eb51-4c23-a75d-46210cbad82c" testId="838f987a-04a7-12b3-5265-25adf33013ce" testName="GetWorkItemRevision_Skip" computerName="TFSBUILD11" duration="00:00:00.1006035" startTime="2015-09-28T09:44:12.1902996-07:00" endTime="2015-09-28T09:44:12.2840577-07:00" testType="13cdc9d9-ddb5-4fa4-a97d-d965ccfc6d4b" outcome="Passed" testListId="8c84fa94-04c1-424b-9868-57a2d4851a1d" relativeResultsDirectory="42fa0fe1-eb51-4c23-a75d-46210cbad82c" />
    <UnitTestResult executionId="d1f56acb-86b8-4b09-b0ce-a92a5165321c" testId="06c7c0d0-17c6-9708-1355-bcce1b0d53fd" testName="GetWorkItemRevision_Top" computerName="TFSBUILD11" duration="00:00:00.2186906" startTime="2015-09-28T09:44:12.2840577-07:00" endTime="2015-09-28T09:44:12.5028266-07:00" testType="13cdc9d9-ddb5-4fa4-a97d-d965ccfc6d4b" outcome="Passed" testListId="8c84fa94-04c1-424b-9868-57a2d4851a1d" relativeResultsDirectory="d1f56acb-86b8-4b09-b0ce-a92a5165321c" />
    <UnitTestResult executionId="e01de700-f071-4c52-8e81-83da4e16384b" testId="a6c9d927-1a63-b514-8fca-1f0eeb7783f0" testName="GetWorkItemRevision_TopSkip" computerName="TFSBUILD11" duration="00:00:00.1629322" startTime="2015-09-28T09:44:12.5028266-07:00" endTime="2015-09-28T09:44:12.6747124-07:00" testType="13cdc9d9-ddb5-4fa4-a97d-d965ccfc6d4b" outcome="Passed" testListId="8c84fa94-04c1-424b-9868-57a2d4851a1d" relativeResultsDirectory="e01de700-f071-4c52-8e81-83da4e16384b" />
    <UnitTestResult executionId="1ed728b2-9907-4c32-8929-69dc43e29e6f" testId="1e3a16d2-20df-47c3-654a-85abc0b83d98" testName="GetWorkItemCategory_InvalidCategory" computerName="TFSBUILD11" duration="00:00:00.3865817" startTime="2015-09-28T09:44:12.6747124-07:00" endTime="2015-09-28T09:44:13.0653646-07:00" testType="13cdc9d9-ddb5-4fa4-a97d-d965ccfc6d4b" outcome="Passed" testListId="8c84fa94-04c1-424b-9868-57a2d4851a1d" relativeResultsDirectory="1ed728b2-9907-4c32-8929-69dc43e29e6f" />
    <UnitTestResult executionId="752121d7-2696-4dc6-9667-ddfdfc0704d2" testId="e6e5ec65-f364-8bfa-0b39-69b3ebe1e7d8" testName="GetWorkItemTypeCategories" computerName="TFSBUILD11" duration="00:00:00.1048699" startTime="2015-09-28T09:44:13.0653646-07:00" endTime="2015-09-28T09:44:13.1591207-07:00" testType="13cdc9d9-ddb5-4fa4-a97d-d965ccfc6d4b" outcome="Passed" testListId="8c84fa94-04c1-424b-9868-57a2d4851a1d" relativeResultsDirectory="752121d7-2696-4dc6-9667-ddfdfc0704d2" />
    <UnitTestResult executionId="8cc659d0-a73f-4d83-989e-8ed662407cd8" testId="b0111896-691b-2f68-f1f9-e765f376aa05" testName="GetWorkItemTypeCategory" computerName="TFSBUILD11" duration="00:00:00.0916040" startTime="2015-09-28T09:44:13.1591207-07:00" endTime="2015-09-28T09:44:13.2528879-07:00" testType="13cdc9d9-ddb5-4fa4-a97d-d965ccfc6d4b" outcome="Passed" testListId="8c84fa94-04c1-424b-9868-57a2d4851a1d" relativeResultsDirectory="8cc659d0-a73f-4d83-989e-8ed662407cd8" />
    <UnitTestResult executionId="d5b46826-a2f1-4b6c-9bf4-bb597d783f5c" testId="33134f8f-5cc7-0630-7e5e-8206b9cf7f04" testName="GetWorkItemType_InvalidType" computerName="TFSBUILD11" duration="00:00:00.2429386" startTime="2015-09-28T09:44:13.2528879-07:00" endTime="2015-09-28T09:44:13.5029063-07:00" testType="13cdc9d9-ddb5-4fa4-a97d-d965ccfc6d4b" outcome="Passed" testListId="8c84fa94-04c1-424b-9868-57a2d4851a1d" relativeResultsDirectory="d5b46826-a2f1-4b6c-9bf4-bb597d783f5c" />
    <UnitTestResult executionId="d72a8cfe-5fef-4a61-ae16-d1c6cdefaff7" testId="c0120ba5-9bd8-439a-44dc-7e0ab9e81e85" testName="GetWorkItemTypes" computerName="TFSBUILD11" duration="00:00:00.2637090" startTime="2015-09-28T09:44:13.5029063-07:00" endTime="2015-09-28T09:44:13.7685419-07:00" testType="13cdc9d9-ddb5-4fa4-a97d-d965ccfc6d4b" outcome="Passed" testListId="8c84fa94-04c1-424b-9868-57a2d4851a1d" relativeResultsDirectory="d72a8cfe-5fef-4a61-ae16-d1c6cdefaff7" />
    <UnitTestResult executionId="725fd174-aac9-421c-9e88-96ed61d53351" testId="511704ea-d1e7-5db4-199d-8b91c26c211a" testName="GetWorkItemType" computerName="TFSBUILD11" duration="00:00:00.1683481" startTime="2015-09-28T09:44:13.7685419-07:00" endTime="2015-09-28T09:44:13.9404297-07:00" testType="13cdc9d9-ddb5-4fa4-a97d-d965ccfc6d4b" outcome="Passed" testListId="8c84fa94-04c1-424b-9868-57a2d4851a1d" relativeResultsDirectory="725fd174-aac9-421c-9e88-96ed61d53351" />
    <UnitTestResult executionId="e933fcc4-13ca-4cfe-a8b3-6834a6acf847" testId="6e0b38b2-3abc-5288-70a5-b86e0141501d" testName="GetWorkItemRelationType_InvalidType" computerName="TFSBUILD11" duration="00:00:00.4650998" startTime="2015-09-28T09:44:13.9404297-07:00" endTime="2015-09-28T09:44:14.3936111-07:00" testType="13cdc9d9-ddb5-4fa4-a97d-d965ccfc6d4b" outcome="Passed" testListId="8c84fa94-04c1-424b-9868-57a2d4851a1d" relativeResultsDirectory="e933fcc4-13ca-4cfe-a8b3-6834a6acf847" />
    <UnitTestResult executionId="d492f5e0-fb1a-4e52-a95e-c165f0552234" testId="b3c31fda-e1b7-efa9-1d49-f9d8c4632b5d" testName="GetWorkItemRelationTypes" computerName="TFSBUILD11" duration="00:00:00.2619412" startTime="2015-09-28T09:44:14.3936111-07:00" endTime="2015-09-28T09:44:14.6592502-07:00" testType="13cdc9d9-ddb5-4fa4-a97d-d965ccfc6d4b" outcome="Passed" testListId="8c84fa94-04c1-424b-9868-57a2d4851a1d" relativeResultsDirectory="d492f5e0-fb1a-4e52-a95e-c165f0552234" />
    <UnitTestResult executionId="9cd867a6-f1fa-4832-a0c5-a9f0970f535d" testId="0e14dae3-b69c-c490-c513-85b873609e9b" testName="GetWorkItemRelationType" computerName="TFSBUILD11" duration="00:00:00.1854605" startTime="2015-09-28T09:44:14.6592502-07:00" endTime="2015-09-28T09:44:14.8467567-07:00" testType="13cdc9d9-ddb5-4fa4-a97d-d965ccfc6d4b" outcome="Passed" testListId="8c84fa94-04c1-424b-9868-57a2d4851a1d" relativeResultsDirectory="9cd867a6-f1fa-4832-a0c5-a9f0970f535d" />
    <UnitTestResult executionId="18f6aceb-4ec4-44df-9fb7-a64de6d5701c" testId="6219b828-b662-1b17-1a2b-75e5648e0436" testName="GetWorkItemRelationType_ArtifactLink" computerName="TFSBUILD11" duration="00:00:00.1323022" startTime="2015-09-28T09:44:14.8467567-07:00" endTime="2015-09-28T09:44:14.9717647-07:00" testType="13cdc9d9-ddb5-4fa4-a97d-d965ccfc6d4b" outcome="Passed" testListId="8c84fa94-04c1-424b-9868-57a2d4851a1d" relativeResultsDirectory="18f6aceb-4ec4-44df-9fb7-a64de6d5701c" />
    <UnitTestResult executionId="abdafe8c-a8fd-426c-a4ab-d00b85159dfa" testId="e1798e00-80f8-dca4-c522-86feeb4a9e81" testName="GetDependentFields_EmptyType" computerName="TFSBUILD11" duration="00:00:00.4103358" startTime="2015-09-28T09:44:14.9717647-07:00" endTime="2015-09-28T09:44:15.3936680-07:00" testType="13cdc9d9-ddb5-4fa4-a97d-d965ccfc6d4b" outcome="Passed" testListId="8c84fa94-04c1-424b-9868-57a2d4851a1d" relativeResultsDirectory="abdafe8c-a8fd-426c-a4ab-d00b85159dfa" />
    <UnitTestResult executionId="c1d7e406-d234-4e88-8c38-f2e013b084d0" testId="9a23268a-0f71-9568-add9-a011e3531d6c" testName="GetDependentFields_EmptyField" computerName="TFSBUILD11" duration="00:00:00.1007136" startTime="2015-09-28T09:44:15.3936680-07:00" endTime="2015-09-28T09:44:15.4874247-07:00" testType="13cdc9d9-ddb5-4fa4-a97d-d965ccfc6d4b" outcome="Passed" testListId="8c84fa94-04c1-424b-9868-57a2d4851a1d" relativeResultsDirectory="c1d7e406-d234-4e88-8c38-f2e013b084d0" />
    <UnitTestResult executionId="5b5d4bd5-8ab2-4c56-b1a5-d80ab289e657" testId="2adb1f04-7842-e7f2-3ee1-1eb8586b3647" testName="GetDependentFields_UnknownField" computerName="TFSBUILD11" duration="00:00:00.0926905" startTime="2015-09-28T09:44:15.4874247-07:00" endTime="2015-09-28T09:44:15.5811805-07:00" testType="13cdc9d9-ddb5-4fa4-a97d-d965ccfc6d4b" outcome="Passed" testListId="8c84fa94-04c1-424b-9868-57a2d4851a1d" relativeResultsDirectory="5b5d4bd5-8ab2-4c56-b1a5-d80ab289e657" />
    <UnitTestResult executionId="dc363cdd-7f3d-44b5-9635-f45cf88f1f1c" testId="c7f0f62e-c3ed-8823-01ad-ad9240568524" testName="GetDependentFields" computerName="TFSBUILD11" duration="00:00:00.1916827" startTime="2015-09-28T09:44:15.5811805-07:00" endTime="2015-09-28T09:44:15.7687029-07:00" testType="13cdc9d9-ddb5-4fa4-a97d-d965ccfc6d4b" outcome="Passed" testListId="8c84fa94-04c1-424b-9868-57a2d4851a1d" relativeResultsDirectory="dc363cdd-7f3d-44b5-9635-f45cf88f1f1c" />
    <UnitTestResult executionId="0852f4f3-5d86-4e75-b9f1-b621973d5879" testId="58c7c960-d801-c9f7-59af-4d89c4406326" testName="GetWorkItemUpdatesById_WithWorkItemLinks" computerName="TFSBUILD11" duration="00:00:00.2038560" startTime="2015-09-28T09:44:15.7687029-07:00" endTime="2015-09-28T09:44:15.9874636-07:00" testType="13cdc9d9-ddb5-4fa4-a97d-d965ccfc6d4b" outcome="Passed" testListId="8c84fa94-04c1-424b-9868-57a2d4851a1d" relativeResultsDirectory="0852f4f3-5d86-4e75-b9f1-b621973d5879" />
    <UnitTestResult executionId="c698186c-7a7d-43c6-8b29-589a408738a6" testId="6ea6ba9c-c0a9-c5c5-fcf3-e513cfcfd365" testName="GetWorkItemUpdate" computerName="TFSBUILD11" duration="00:00:00.1566560" startTime="2015-09-28T09:44:15.9874636-07:00" endTime="2015-09-28T09:44:16.1437111-07:00" testType="13cdc9d9-ddb5-4fa4-a97d-d965ccfc6d4b" outcome="Passed" testListId="8c84fa94-04c1-424b-9868-57a2d4851a1d" relativeResultsDirectory="c698186c-7a7d-43c6-8b29-589a408738a6" />
    <UnitTestResult executionId="6394f74f-93f3-4d08-a0e7-bfa840bf7dbb" testId="8b3ecf3c-b223-6811-fb5b-f698b5f1411d" testName="GetWorkItemUpdate_Skip" computerName="TFSBUILD11" duration="00:00:00.1242166" startTime="2015-09-28T09:44:16.1437111-07:00" endTime="2015-09-28T09:44:16.2687197-07:00" testType="13cdc9d9-ddb5-4fa4-a97d-d965ccfc6d4b" outcome="Passed" testListId="8c84fa94-04c1-424b-9868-57a2d4851a1d" relativeResultsDirectory="6394f74f-93f3-4d08-a0e7-bfa840bf7dbb" />
    <UnitTestResult executionId="268862f1-1561-48c8-9ad7-612f3ea2a276" testId="e8f81754-31d5-eb76-e4c6-6bf47dc0080b" testName="GetWorkItemUpdate_Top" computerName="TFSBUILD11" duration="00:00:00.1124216" startTime="2015-09-28T09:44:16.2687197-07:00" endTime="2015-09-28T09:44:16.3781022-07:00" testType="13cdc9d9-ddb5-4fa4-a97d-d965ccfc6d4b" outcome="Passed" testListId="8c84fa94-04c1-424b-9868-57a2d4851a1d" relativeResultsDirectory="268862f1-1561-48c8-9ad7-612f3ea2a276" />
    <UnitTestResult executionId="e701fec5-bb8b-459c-8be5-42abed114d62" testId="8f79e338-ea90-dd31-e062-a9e3fada29f0" testName="GetWorkItemUpdate_TopSkip" computerName="TFSBUILD11" duration="00:00:00.1913402" startTime="2015-09-28T09:44:16.3781022-07:00" endTime="2015-09-28T09:44:16.5656175-07:00" testType="13cdc9d9-ddb5-4fa4-a97d-d965ccfc6d4b" outcome="Passed" testListId="8c84fa94-04c1-424b-9868-57a2d4851a1d" relativeResultsDirectory="e701fec5-bb8b-459c-8be5-42abed114d62" />
    <UnitTestResult executionId="86a97311-cc81-4017-9de9-f3d0ef9aae6e" testId="4c05ec93-398d-a169-91f0-f46f3b4c51c0" testName="NullBatchRequest" computerName="TFSBUILD11" duration="00:00:00.0465563" startTime="2015-09-28T09:44:16.5656175-07:00" endTime="2015-09-28T09:44:16.6124950-07:00" testType="13cdc9d9-ddb5-4fa4-a97d-d965ccfc6d4b" outcome="Passed" testListId="8c84fa94-04c1-424b-9868-57a2d4851a1d" relativeResultsDirectory="86a97311-cc81-4017-9de9-f3d0ef9aae6e" />
    <UnitTestResult executionId="d01d5e01-70fb-4297-907c-33d2bd6dfdc2" testId="8aab6a2b-1ec0-99d7-b434-0657bce5efde" testName="EmptyBatchRequest" computerName="TFSBUILD11" duration="00:00:00.0183361" startTime="2015-09-28T09:44:16.6124950-07:00" endTime="2015-09-28T09:44:16.6281211-07:00" testType="13cdc9d9-ddb5-4fa4-a97d-d965ccfc6d4b" outcome="Passed" testListId="8c84fa94-04c1-424b-9868-57a2d4851a1d" relativeResultsDirectory="d01d5e01-70fb-4297-907c-33d2bd6dfdc2" />
    <UnitTestResult executionId="6ce570aa-3624-4786-bbe4-54eb71f72388" testId="4c6ba9c0-29a1-e281-061f-5590f6f50f29" testName="InvalidModel" computerName="TFSBUILD11" duration="00:00:00.0131000" startTime="2015-09-28T09:44:16.6281211-07:00" endTime="2015-09-28T09:44:16.6437478-07:00" testType="13cdc9d9-ddb5-4fa4-a97d-d965ccfc6d4b" outcome="Passed" testListId="8c84fa94-04c1-424b-9868-57a2d4851a1d" relativeResultsDirectory="6ce570aa-3624-4786-bbe4-54eb71f72388" />
    <UnitTestResult executionId="6648860f-a6c2-4616-8e5f-ff4b0dac47e0" testId="2fdf5ec0-ff75-e1f8-3e9e-5b99c523fd17" testName="InvalidModel_Method" computerName="TFSBUILD11" duration="00:00:00.0088655" startTime="2015-09-28T09:44:16.6437478-07:00" endTime="2015-09-28T09:44:16.6593733-07:00" testType="13cdc9d9-ddb5-4fa4-a97d-d965ccfc6d4b" outcome="Passed" testListId="8c84fa94-04c1-424b-9868-57a2d4851a1d" relativeResultsDirectory="6648860f-a6c2-4616-8e5f-ff4b0dac47e0" />
    <UnitTestResult executionId="df65ffc8-3a30-4f25-a675-b969c68d3204" testId="2bb8cf3b-126c-3d98-c50f-e9d34bbbc45e" testName="SingleRequest" computerName="TFSBUILD11" duration="00:00:00.0125050" startTime="2015-09-28T09:44:16.6593733-07:00" endTime="2015-09-28T09:44:16.6750014-07:00" testType="13cdc9d9-ddb5-4fa4-a97d-d965ccfc6d4b" outcome="Passed" testListId="8c84fa94-04c1-424b-9868-57a2d4851a1d" relativeResultsDirectory="df65ffc8-3a30-4f25-a675-b969c68d3204" />
    <UnitTestResult executionId="f1926ece-4c50-42df-a7d2-c1adce064e3e" testId="a97b629e-254d-9ebf-ba11-cc98f19215f8" testName="MultipleRequests" computerName="TFSBUILD11" duration="00:00:00.0098389" startTime="2015-09-28T09:44:16.6750014-07:00" endTime="2015-09-28T09:44:16.6750014-07:00" testType="13cdc9d9-ddb5-4fa4-a97d-d965ccfc6d4b" outcome="Passed" testListId="8c84fa94-04c1-424b-9868-57a2d4851a1d" relativeResultsDirectory="f1926ece-4c50-42df-a7d2-c1adce064e3e" />
    <UnitTestResult executionId="a69930ee-ef8d-46f1-bb11-6b767f2114bb" testId="e75240a8-ef5e-0bb7-dd53-91a78566f447" testName="SingleCreate" computerName="TFSBUILD11" duration="00:00:01.6967532" startTime="2015-09-28T09:44:16.6750014-07:00" endTime="2015-09-28T09:44:18.3782473-07:00" testType="13cdc9d9-ddb5-4fa4-a97d-d965ccfc6d4b" outcome="Passed" testListId="8c84fa94-04c1-424b-9868-57a2d4851a1d" relativeResultsDirectory="a69930ee-ef8d-46f1-bb11-6b767f2114bb" />
    <UnitTestResult executionId="08fb711b-1c08-4414-8e5f-a6ef47231ebd" testId="8085beb4-da59-2868-3c73-6ec2013cdf6f" testName="SingleUpdate" computerName="TFSBUILD11" duration="00:00:00.1851018" startTime="2015-09-28T09:44:18.3782473-07:00" endTime="2015-09-28T09:44:18.5657583-07:00" testType="13cdc9d9-ddb5-4fa4-a97d-d965ccfc6d4b" outcome="Passed" testListId="8c84fa94-04c1-424b-9868-57a2d4851a1d" relativeResultsDirectory="08fb711b-1c08-4414-8e5f-a6ef47231ebd" />
    <UnitTestResult executionId="79a00a91-8fe3-4fb4-a63e-7a2ed0ab885d" testId="531944af-4cd4-4f60-e91b-d8b46644ed8c" testName="CreateAndUpdate" computerName="TFSBUILD11" duration="00:00:00.1848299" startTime="2015-09-28T09:44:18.5657583-07:00" endTime="2015-09-28T09:44:18.7532702-07:00" testType="13cdc9d9-ddb5-4fa4-a97d-d965ccfc6d4b" outcome="Passed" testListId="8c84fa94-04c1-424b-9868-57a2d4851a1d" relativeResultsDirectory="79a00a91-8fe3-4fb4-a63e-7a2ed0ab885d" />
    <UnitTestResult executionId="2a59c915-2408-4f3f-b1fa-5f426e0c9b28" testId="a6bcffc0-74b4-b629-8695-89a74c7b7382" testName="InvalidMethod" computerName="TFSBUILD11" duration="00:00:00.1537965" startTime="2015-09-28T09:44:18.7532702-07:00" endTime="2015-09-28T09:44:18.8939049-07:00" testType="13cdc9d9-ddb5-4fa4-a97d-d965ccfc6d4b" outcome="Passed" testListId="8c84fa94-04c1-424b-9868-57a2d4851a1d" relativeResultsDirectory="2a59c915-2408-4f3f-b1fa-5f426e0c9b28" />
    <UnitTestResult executionId="3f7b3edc-29d3-4abd-bfdd-9df63f354021" testId="f4341c05-a630-7f91-33fd-5971ac1c5f74" testName="InvalidArea" computerName="TFSBUILD11" duration="00:00:00.1118370" startTime="2015-09-28T09:44:18.8939049-07:00" endTime="2015-09-28T09:44:19.0189141-07:00" testType="13cdc9d9-ddb5-4fa4-a97d-d965ccfc6d4b" outcome="Passed" testListId="8c84fa94-04c1-424b-9868-57a2d4851a1d" relativeResultsDirectory="3f7b3edc-29d3-4abd-bfdd-9df63f354021" />
    <UnitTestResult executionId="1a3463b4-f5f8-495f-9697-948c92ccbc6d" testId="89e68dd1-75f2-450e-2f9e-155b0d0ab3e0" testName="InvalidResource" computerName="TFSBUILD11" duration="00:00:00.1075257" startTime="2015-09-28T09:44:19.0189141-07:00" endTime="2015-09-28T09:44:19.1126705-07:00" testType="13cdc9d9-ddb5-4fa4-a97d-d965ccfc6d4b" outcome="Passed" testListId="8c84fa94-04c1-424b-9868-57a2d4851a1d" relativeResultsDirectory="1a3463b4-f5f8-495f-9697-948c92ccbc6d" />
    <UnitTestResult executionId="3abef4cf-695f-4543-9d89-6b21b52f5ee8" testId="13ad0df5-6afd-737c-8a87-954a12ef6275" testName="InvalidQueryParams" computerName="TFSBUILD11" duration="00:00:00.0924004" startTime="2015-09-28T09:44:19.1126705-07:00" endTime="2015-09-28T09:44:19.2064266-07:00" testType="13cdc9d9-ddb5-4fa4-a97d-d965ccfc6d4b" outcome="Passed" testListId="8c84fa94-04c1-424b-9868-57a2d4851a1d" relativeResultsDirectory="3abef4cf-695f-4543-9d89-6b21b52f5ee8" />
    <UnitTestResult executionId="a022115b-855a-44c5-9e6b-6b34ff6d7861" testId="a96bf794-298e-c749-6fb6-9f397e18c253" testName="InvalidTemplate" computerName="TFSBUILD11" duration="00:00:00.0846857" startTime="2015-09-28T09:44:19.2064266-07:00" endTime="2015-09-28T09:44:19.3001833-07:00" testType="13cdc9d9-ddb5-4fa4-a97d-d965ccfc6d4b" outcome="Passed" testListId="8c84fa94-04c1-424b-9868-57a2d4851a1d" relativeResultsDirectory="a022115b-855a-44c5-9e6b-6b34ff6d7861" />
    <UnitTestResult executionId="93b62a5d-b7fc-45d7-b28e-229ffd378710" testId="4091df40-1373-0155-12e8-17308b7a6258" testName="InvalidId" computerName="TFSBUILD11" duration="00:00:00.0805963" startTime="2015-09-28T09:44:19.3001833-07:00" endTime="2015-09-28T09:44:19.3783130-07:00" testType="13cdc9d9-ddb5-4fa4-a97d-d965ccfc6d4b" outcome="Passed" testListId="8c84fa94-04c1-424b-9868-57a2d4851a1d" relativeResultsDirectory="93b62a5d-b7fc-45d7-b28e-229ffd378710" />
    <UnitTestResult executionId="d398296f-53e4-4a3b-ba38-4ac9efacdfc1" testId="52615cc7-3fef-82a6-5efe-0d8f9d6f406f" testName="InvalidProject" computerName="TFSBUILD11" duration="00:00:00.0745314" startTime="2015-09-28T09:44:19.3783130-07:00" endTime="2015-09-28T09:44:19.4564444-07:00" testType="13cdc9d9-ddb5-4fa4-a97d-d965ccfc6d4b" outcome="Passed" testListId="8c84fa94-04c1-424b-9868-57a2d4851a1d" relativeResultsDirectory="d398296f-53e4-4a3b-ba38-4ac9efacdfc1" />
    <UnitTestResult executionId="2fe6a6dd-3851-4e43-b47f-2a5802c9484d" testId="5b0d6337-1fc8-b30c-5710-17b46e5c298a" testName="InvalidType" computerName="TFSBUILD11" duration="00:00:00.0756845" startTime="2015-09-28T09:44:19.4564444-07:00" endTime="2015-09-28T09:44:19.5345741-07:00" testType="13cdc9d9-ddb5-4fa4-a97d-d965ccfc6d4b" outcome="Passed" testListId="8c84fa94-04c1-424b-9868-57a2d4851a1d" relativeResultsDirectory="2fe6a6dd-3851-4e43-b47f-2a5802c9484d" />
    <UnitTestResult executionId="02769466-406b-4911-aaed-9095c0c39868" testId="2207b6dc-1b5f-a3d8-5f30-47ee764eb266" testName="GetWorkItemTypeCategory" computerName="TFSBUILD11" duration="00:00:00.0856358" startTime="2015-09-28T09:44:19.5345741-07:00" endTime="2015-09-28T09:44:19.6127049-07:00" testType="13cdc9d9-ddb5-4fa4-a97d-d965ccfc6d4b" outcome="Passed" testListId="8c84fa94-04c1-424b-9868-57a2d4851a1d" relativeResultsDirectory="02769466-406b-4911-aaed-9095c0c39868" />
    <UnitTestResult executionId="740c2df4-72c5-424a-bdf9-e7fe5c89c020" testId="b1a2c6f3-21bc-d1dc-5927-acaff5d5ed59" testName="GetWorkItemTypeCategories" computerName="TFSBUILD11" duration="00:00:00.0639600" startTime="2015-09-28T09:44:19.6127049-07:00" endTime="2015-09-28T09:44:19.6752096-07:00" testType="13cdc9d9-ddb5-4fa4-a97d-d965ccfc6d4b" outcome="Passed" testListId="8c84fa94-04c1-424b-9868-57a2d4851a1d" relativeResultsDirectory="740c2df4-72c5-424a-bdf9-e7fe5c89c020" />
    <UnitTestResult executionId="0c7e5729-d35c-4ccd-b224-324d96a0e4f9" testId="294a1c01-cf1a-178e-90e4-b5878707da88" testName="GetWorkItemUpdates" computerName="TFSBUILD11" duration="00:00:00.0752359" startTime="2015-09-28T09:44:19.6752096-07:00" endTime="2015-09-28T09:44:19.7533453-07:00" testType="13cdc9d9-ddb5-4fa4-a97d-d965ccfc6d4b" outcome="Passed" testListId="8c84fa94-04c1-424b-9868-57a2d4851a1d" relativeResultsDirectory="0c7e5729-d35c-4ccd-b224-324d96a0e4f9" />
    <UnitTestResult executionId="387ccf64-83e9-4fea-9850-04ea891d8e8a" testId="2c1da19e-148c-fd2e-35de-2534bc71a927" testName="GetWorkItemUpdate" computerName="TFSBUILD11" duration="00:00:00.0608914" startTime="2015-09-28T09:44:19.7533453-07:00" endTime="2015-09-28T09:44:19.8158458-07:00" testType="13cdc9d9-ddb5-4fa4-a97d-d965ccfc6d4b" outcome="Passed" testListId="8c84fa94-04c1-424b-9868-57a2d4851a1d" relativeResultsDirectory="387ccf64-83e9-4fea-9850-04ea891d8e8a" />
  </Results>
  <TestDefinitions>
    <UnitTest name="GetAttachment" storage="d:\v2.0\a1\_work\dbded102\bin\release.anycpu\tfs.service\ms.tf.workitemtracking.web.l0.tests\ms.tf.workitemtracking.web.l0.tests.dll" id="65ff61e8-b3cf-c66d-9976-5f06d5d9f78b">
      <Owners>
        <Owner name="tfsmwit" />
      </Owners>
      <Execution id="0dfe1c6c-e1e9-4370-90d2-85f3098e739f" />
      <TestMethod codeBase="D:\v2.0\A1\_work\dbded102\bin\Release.AnyCPU\Tfs.Service\MS.TF.WorkItemTracking.Web.L0.Tests\MS.TF.WorkItemTracking.Web.L0.Tests.dll" adapterTypeName="Microsoft.VisualStudio.TestTools.TestTypes.Unit.UnitTestAdapter" className="MS.TF.WorkItemTracking.Web.L0.Tests.Routing.AttachmentRoutesTest" name="GetAttachment" />
    </UnitTest>
    <UnitTest name="CreateAttachment" storage="d:\v2.0\a1\_work\dbded102\bin\release.anycpu\tfs.service\ms.tf.workitemtracking.web.l0.tests\ms.tf.workitemtracking.web.l0.tests.dll" id="e40a797f-dab5-aac9-7450-a75a73c86dc0">
      <Owners>
        <Owner name="tfsmwit" />
      </Owners>
      <Execution id="59264868-1be4-4ee2-b0af-85de16071dfc" />
      <TestMethod codeBase="D:\v2.0\A1\_work\dbded102\bin\Release.AnyCPU\Tfs.Service\MS.TF.WorkItemTracking.Web.L0.Tests\MS.TF.WorkItemTracking.Web.L0.Tests.dll" adapterTypeName="Microsoft.VisualStudio.TestTools.TestTypes.Unit.UnitTestAdapter" className="MS.TF.WorkItemTracking.Web.L0.Tests.Routing.AttachmentRoutesTest" name="CreateAttachment" />
    </UnitTest>
    <UnitTest name="GetField" storage="d:\v2.0\a1\_work\dbded102\bin\release.anycpu\tfs.service\ms.tf.workitemtracking.web.l0.tests\ms.tf.workitemtracking.web.l0.tests.dll" id="f241d98e-2709-5dab-6d00-178537d97a9b">
      <Owners>
        <Owner name="tfsmwit" />
      </Owners>
      <Execution id="d37d6827-77b5-48af-a3b5-caee82a7f8e1" />
      <TestMethod codeBase="D:\v2.0\A1\_work\dbded102\bin\Release.AnyCPU\Tfs.Service\MS.TF.WorkItemTracking.Web.L0.Tests\MS.TF.WorkItemTracking.Web.L0.Tests.dll" adapterTypeName="Microsoft.VisualStudio.TestTools.TestTypes.Unit.UnitTestAdapter" className="MS.TF.WorkItemTracking.Web.L0.Tests.Routing.FieldsRoutesTest" name="GetField" />
    </UnitTest>
    <UnitTest name="GetNegativeField" storage="d:\v2.0\a1\_work\dbded102\bin\release.anycpu\tfs.service\ms.tf.workitemtracking.web.l0.tests\ms.tf.workitemtracking.web.l0.tests.dll" id="e0fb55f6-0a0a-981b-a5b7-79e723274145">
      <Owners>
        <Owner name="tfsmwit" />
      </Owners>
      <Execution id="36dd8e85-a664-4162-9b4a-06eafc121ae5" />
      <TestMethod codeBase="D:\v2.0\A1\_work\dbded102\bin\Release.AnyCPU\Tfs.Service\MS.TF.WorkItemTracking.Web.L0.Tests\MS.TF.WorkItemTracking.Web.L0.Tests.dll" adapterTypeName="Microsoft.VisualStudio.TestTools.TestTypes.Unit.UnitTestAdapter" className="MS.TF.WorkItemTracking.Web.L0.Tests.Routing.FieldsRoutesTest" name="GetNegativeField" />
    </UnitTest>
    <UnitTest name="GetFields" storage="d:\v2.0\a1\_work\dbded102\bin\release.anycpu\tfs.service\ms.tf.workitemtracking.web.l0.tests\ms.tf.workitemtracking.web.l0.tests.dll" id="66cddd09-61ec-b199-03f0-02254f6cb995">
      <Owners>
        <Owner name="tfsmwit" />
      </Owners>
      <Execution id="3f788500-ef60-4eed-96e8-da0cadd96a0d" />
      <TestMethod codeBase="D:\v2.0\A1\_work\dbded102\bin\Release.AnyCPU\Tfs.Service\MS.TF.WorkItemTracking.Web.L0.Tests\MS.TF.WorkItemTracking.Web.L0.Tests.dll" adapterTypeName="Microsoft.VisualStudio.TestTools.TestTypes.Unit.UnitTestAdapter" className="MS.TF.WorkItemTracking.Web.L0.Tests.Routing.FieldsRoutesTest" name="GetFields" />
    </UnitTest>
    <UnitTest name="GetRelationTypes" storage="d:\v2.0\a1\_work\dbded102\bin\release.anycpu\tfs.service\ms.tf.workitemtracking.web.l0.tests\ms.tf.workitemtracking.web.l0.tests.dll" id="1dcf0fa3-56e3-6565-47c9-96b5ed8e62e2">
      <Owners>
        <Owner name="tfsmwit" />
      </Owners>
      <Execution id="ea5fb24a-25d0-4e88-bb1d-8eb2262e5fec" />
      <TestMethod codeBase="D:\v2.0\A1\_work\dbded102\bin\Release.AnyCPU\Tfs.Service\MS.TF.WorkItemTracking.Web.L0.Tests\MS.TF.WorkItemTracking.Web.L0.Tests.dll" adapterTypeName="Microsoft.VisualStudio.TestTools.TestTypes.Unit.UnitTestAdapter" className="MS.TF.WorkItemTracking.Web.L0.Tests.Routing.RelationTypeRoutesTest" name="GetRelationTypes" />
    </UnitTest>
    <UnitTest name="GetRelationType" storage="d:\v2.0\a1\_work\dbded102\bin\release.anycpu\tfs.service\ms.tf.workitemtracking.web.l0.tests\ms.tf.workitemtracking.web.l0.tests.dll" id="b2c1480c-1301-151a-68b7-f6fd6381084c">
      <Owners>
        <Owner name="tfsmwit" />
      </Owners>
      <Execution id="28473c7e-7b7b-4d93-891f-d5f7508952db" />
      <TestMethod codeBase="D:\v2.0\A1\_work\dbded102\bin\Release.AnyCPU\Tfs.Service\MS.TF.WorkItemTracking.Web.L0.Tests\MS.TF.WorkItemTracking.Web.L0.Tests.dll" adapterTypeName="Microsoft.VisualStudio.TestTools.TestTypes.Unit.UnitTestAdapter" className="MS.TF.WorkItemTracking.Web.L0.Tests.Routing.RelationTypeRoutesTest" name="GetRelationType" />
    </UnitTest>
    <UnitTest name="GetQuery_Guid" storage="d:\v2.0\a1\_work\dbded102\bin\release.anycpu\tfs.service\ms.tf.workitemtracking.web.l0.tests\ms.tf.workitemtracking.web.l0.tests.dll" id="3fe434c2-ef15-0b4c-4f33-aacd8705fb0f">
      <Owners>
        <Owner name="tfsmwit" />
      </Owners>
      <Execution id="50837373-a133-421e-a9f0-4587d48b8820" />
      <TestMethod codeBase="D:\v2.0\A1\_work\dbded102\bin\Release.AnyCPU\Tfs.Service\MS.TF.WorkItemTracking.Web.L0.Tests\MS.TF.WorkItemTracking.Web.L0.Tests.dll" adapterTypeName="Microsoft.VisualStudio.TestTools.TestTypes.Unit.UnitTestAdapter" className="MS.TF.WorkItemTracking.Web.L0.Tests.Routing.QueryRoutesTest" name="GetQuery_Guid" />
    </UnitTest>
    <UnitTest name="GetQuery_Path" storage="d:\v2.0\a1\_work\dbded102\bin\release.anycpu\tfs.service\ms.tf.workitemtracking.web.l0.tests\ms.tf.workitemtracking.web.l0.tests.dll" id="e38ce575-ae12-427f-6520-d589b85e37c1">
      <Owners>
        <Owner name="tfsmwit" />
      </Owners>
      <Execution id="df3c6707-6ec2-4bcc-b86a-be54733f4600" />
      <TestMethod codeBase="D:\v2.0\A1\_work\dbded102\bin\Release.AnyCPU\Tfs.Service\MS.TF.WorkItemTracking.Web.L0.Tests\MS.TF.WorkItemTracking.Web.L0.Tests.dll" adapterTypeName="Microsoft.VisualStudio.TestTools.TestTypes.Unit.UnitTestAdapter" className="MS.TF.WorkItemTracking.Web.L0.Tests.Routing.QueryRoutesTest" name="GetQuery_Path" />
    </UnitTest>
    <UnitTest name="GetQueries" storage="d:\v2.0\a1\_work\dbded102\bin\release.anycpu\tfs.service\ms.tf.workitemtracking.web.l0.tests\ms.tf.workitemtracking.web.l0.tests.dll" id="aed6036d-757f-775b-426e-dcbef8f261c6">
      <Owners>
        <Owner name="tfsmwit" />
      </Owners>
      <Execution id="0bb98510-a5b1-4ab7-9768-bf79508e8ea0" />
      <TestMethod codeBase="D:\v2.0\A1\_work\dbded102\bin\Release.AnyCPU\Tfs.Service\MS.TF.WorkItemTracking.Web.L0.Tests\MS.TF.WorkItemTracking.Web.L0.Tests.dll" adapterTypeName="Microsoft.VisualStudio.TestTools.TestTypes.Unit.UnitTestAdapter" className="MS.TF.WorkItemTracking.Web.L0.Tests.Routing.QueryRoutesTest" name="GetQueries" />
    </UnitTest>
    <UnitTest name="CreateQuery_Guid" storage="d:\v2.0\a1\_work\dbded102\bin\release.anycpu\tfs.service\ms.tf.workitemtracking.web.l0.tests\ms.tf.workitemtracking.web.l0.tests.dll" id="9a78fede-1c08-a4a9-778a-734cf03d9475">
      <Owners>
        <Owner name="tfsmwit" />
      </Owners>
      <Execution id="f43d40da-8b5f-4701-a6e8-44f091b79543" />
      <TestMethod codeBase="D:\v2.0\A1\_work\dbded102\bin\Release.AnyCPU\Tfs.Service\MS.TF.WorkItemTracking.Web.L0.Tests\MS.TF.WorkItemTracking.Web.L0.Tests.dll" adapterTypeName="Microsoft.VisualStudio.TestTools.TestTypes.Unit.UnitTestAdapter" className="MS.TF.WorkItemTracking.Web.L0.Tests.Routing.QueryRoutesTest" name="CreateQuery_Guid" />
    </UnitTest>
    <UnitTest name="CreateQuery_Path" storage="d:\v2.0\a1\_work\dbded102\bin\release.anycpu\tfs.service\ms.tf.workitemtracking.web.l0.tests\ms.tf.workitemtracking.web.l0.tests.dll" id="04f7f791-3e18-530e-3c05-1ab4a6f1ea4d">
      <Owners>
        <Owner name="tfsmwit" />
      </Owners>
      <Execution id="5798514d-cce6-4cb5-9e78-9e08a9402fd8" />
      <TestMethod codeBase="D:\v2.0\A1\_work\dbded102\bin\Release.AnyCPU\Tfs.Service\MS.TF.WorkItemTracking.Web.L0.Tests\MS.TF.WorkItemTracking.Web.L0.Tests.dll" adapterTypeName="Microsoft.VisualStudio.TestTools.TestTypes.Unit.UnitTestAdapter" className="MS.TF.WorkItemTracking.Web.L0.Tests.Routing.QueryRoutesTest" name="CreateQuery_Path" />
    </UnitTest>
    <UnitTest name="UpdateQuery_Guid" storage="d:\v2.0\a1\_work\dbded102\bin\release.anycpu\tfs.service\ms.tf.workitemtracking.web.l0.tests\ms.tf.workitemtracking.web.l0.tests.dll" id="90ff44be-bb2b-2363-28ab-081b0f39d9a3">
      <Owners>
        <Owner name="tfsmwit" />
      </Owners>
      <Execution id="5512161d-2c8b-4bbd-a831-f7485cbc28eb" />
      <TestMethod codeBase="D:\v2.0\A1\_work\dbded102\bin\Release.AnyCPU\Tfs.Service\MS.TF.WorkItemTracking.Web.L0.Tests\MS.TF.WorkItemTracking.Web.L0.Tests.dll" adapterTypeName="Microsoft.VisualStudio.TestTools.TestTypes.Unit.UnitTestAdapter" className="MS.TF.WorkItemTracking.Web.L0.Tests.Routing.QueryRoutesTest" name="UpdateQuery_Guid" />
    </UnitTest>
    <UnitTest name="UpdateQuery_Path" storage="d:\v2.0\a1\_work\dbded102\bin\release.anycpu\tfs.service\ms.tf.workitemtracking.web.l0.tests\ms.tf.workitemtracking.web.l0.tests.dll" id="5a23d093-50c0-0ab9-abdd-d30c5507b966">
      <Owners>
        <Owner name="tfsmwit" />
      </Owners>
      <Execution id="eac8c2de-3d74-41e0-8111-4d5b8db4bc34" />
      <TestMethod codeBase="D:\v2.0\A1\_work\dbded102\bin\Release.AnyCPU\Tfs.Service\MS.TF.WorkItemTracking.Web.L0.Tests\MS.TF.WorkItemTracking.Web.L0.Tests.dll" adapterTypeName="Microsoft.VisualStudio.TestTools.TestTypes.Unit.UnitTestAdapter" className="MS.TF.WorkItemTracking.Web.L0.Tests.Routing.QueryRoutesTest" name="UpdateQuery_Path" />
    </UnitTest>
    <UnitTest name="DeleteQuery_Guid" storage="d:\v2.0\a1\_work\dbded102\bin\release.anycpu\tfs.service\ms.tf.workitemtracking.web.l0.tests\ms.tf.workitemtracking.web.l0.tests.dll" id="31f3e478-7c13-1116-f44e-784511ac247c">
      <Owners>
        <Owner name="tfsmwit" />
      </Owners>
      <Execution id="61fac0e4-c2ef-4ef4-ab4e-81d15573ee2d" />
      <TestMethod codeBase="D:\v2.0\A1\_work\dbded102\bin\Release.AnyCPU\Tfs.Service\MS.TF.WorkItemTracking.Web.L0.Tests\MS.TF.WorkItemTracking.Web.L0.Tests.dll" adapterTypeName="Microsoft.VisualStudio.TestTools.TestTypes.Unit.UnitTestAdapter" className="MS.TF.WorkItemTracking.Web.L0.Tests.Routing.QueryRoutesTest" name="DeleteQuery_Guid" />
    </UnitTest>
    <UnitTest name="DeleteQuery_Path" storage="d:\v2.0\a1\_work\dbded102\bin\release.anycpu\tfs.service\ms.tf.workitemtracking.web.l0.tests\ms.tf.workitemtracking.web.l0.tests.dll" id="fc558bd3-8144-4a1e-acc8-37c4c51b1c9f">
      <Owners>
        <Owner name="tfsmwit" />
      </Owners>
      <Execution id="be585624-b878-488b-a08d-683d8560b93d" />
      <TestMethod codeBase="D:\v2.0\A1\_work\dbded102\bin\Release.AnyCPU\Tfs.Service\MS.TF.WorkItemTracking.Web.L0.Tests\MS.TF.WorkItemTracking.Web.L0.Tests.dll" adapterTypeName="Microsoft.VisualStudio.TestTools.TestTypes.Unit.UnitTestAdapter" className="MS.TF.WorkItemTracking.Web.L0.Tests.Routing.QueryRoutesTest" name="DeleteQuery_Path" />
    </UnitTest>
    <UnitTest name="PatchQuery" storage="d:\v2.0\a1\_work\dbded102\bin\release.anycpu\tfs.service\ms.tf.workitemtracking.web.l0.tests\ms.tf.workitemtracking.web.l0.tests.dll" id="34c4d72b-528e-8f3e-8375-2cb0916897e5">
      <Owners>
        <Owner name="tfsmwit" />
      </Owners>
      <Execution id="dc655725-23fa-4aaf-a019-eaf62307a590" />
      <TestMethod codeBase="D:\v2.0\A1\_work\dbded102\bin\Release.AnyCPU\Tfs.Service\MS.TF.WorkItemTracking.Web.L0.Tests\MS.TF.WorkItemTracking.Web.L0.Tests.dll" adapterTypeName="Microsoft.VisualStudio.TestTools.TestTypes.Unit.UnitTestAdapter" className="MS.TF.WorkItemTracking.Web.L0.Tests.Routing.QueryRoutesTest" name="PatchQuery" />
    </UnitTest>
    <UnitTest name="GetWorkItemLinksDefault" storage="d:\v2.0\a1\_work\dbded102\bin\release.anycpu\tfs.service\ms.tf.workitemtracking.web.l0.tests\ms.tf.workitemtracking.web.l0.tests.dll" id="25cf0c7f-6f23-8bac-2953-4b7ea785f218">
      <Owners>
        <Owner name="witiq" />
      </Owners>
      <Execution id="09f97788-c6f6-4b21-985f-5f2d16e2ae2b" />
      <TestMethod codeBase="D:\v2.0\A1\_work\dbded102\bin\Release.AnyCPU\Tfs.Service\MS.TF.WorkItemTracking.Web.L0.Tests\MS.TF.WorkItemTracking.Web.L0.Tests.dll" adapterTypeName="Microsoft.VisualStudio.TestTools.TestTypes.Unit.UnitTestAdapter" className="MS.TF.WorkItemTracking.Web.L0.Tests.Routing.ReportingWorkItemLinksRoutesTest" name="GetWorkItemLinksDefault" />
    </UnitTest>
    <UnitTest name="GetWorkItemLinksWatermark" storage="d:\v2.0\a1\_work\dbded102\bin\release.anycpu\tfs.service\ms.tf.workitemtracking.web.l0.tests\ms.tf.workitemtracking.web.l0.tests.dll" id="e7771da0-d894-ec3b-0e09-d094b33fd8e8">
      <Owners>
        <Owner name="witiq" />
      </Owners>
      <Execution id="fa39f2c4-621e-4a01-990a-ac8e8807ecf2" />
      <TestMethod codeBase="D:\v2.0\A1\_work\dbded102\bin\Release.AnyCPU\Tfs.Service\MS.TF.WorkItemTracking.Web.L0.Tests\MS.TF.WorkItemTracking.Web.L0.Tests.dll" adapterTypeName="Microsoft.VisualStudio.TestTools.TestTypes.Unit.UnitTestAdapter" className="MS.TF.WorkItemTracking.Web.L0.Tests.Routing.ReportingWorkItemLinksRoutesTest" name="GetWorkItemLinksWatermark" />
    </UnitTest>
    <UnitTest name="GetWorkItemLinksWatermarkAndTypes" storage="d:\v2.0\a1\_work\dbded102\bin\release.anycpu\tfs.service\ms.tf.workitemtracking.web.l0.tests\ms.tf.workitemtracking.web.l0.tests.dll" id="967128e1-be15-deec-a906-8933f69fa00b">
      <Owners>
        <Owner name="witiq" />
      </Owners>
      <Execution id="63300b39-ceff-4c84-a8ac-5f69ac1eaf7d" />
      <TestMethod codeBase="D:\v2.0\A1\_work\dbded102\bin\Release.AnyCPU\Tfs.Service\MS.TF.WorkItemTracking.Web.L0.Tests\MS.TF.WorkItemTracking.Web.L0.Tests.dll" adapterTypeName="Microsoft.VisualStudio.TestTools.TestTypes.Unit.UnitTestAdapter" className="MS.TF.WorkItemTracking.Web.L0.Tests.Routing.ReportingWorkItemLinksRoutesTest" name="GetWorkItemLinksWatermarkAndTypes" />
    </UnitTest>
    <UnitTest name="GetWorkItemLinksStartDateAndTypes" storage="d:\v2.0\a1\_work\dbded102\bin\release.anycpu\tfs.service\ms.tf.workitemtracking.web.l0.tests\ms.tf.workitemtracking.web.l0.tests.dll" id="ef7eb9da-ba92-2397-643e-8e15d6dd0651">
      <Owners>
        <Owner name="witiq" />
      </Owners>
      <Execution id="b448002c-8f20-4b34-a9f2-0944b2448641" />
      <TestMethod codeBase="D:\v2.0\A1\_work\dbded102\bin\Release.AnyCPU\Tfs.Service\MS.TF.WorkItemTracking.Web.L0.Tests\MS.TF.WorkItemTracking.Web.L0.Tests.dll" adapterTypeName="Microsoft.VisualStudio.TestTools.TestTypes.Unit.UnitTestAdapter" className="MS.TF.WorkItemTracking.Web.L0.Tests.Routing.ReportingWorkItemLinksRoutesTest" name="GetWorkItemLinksStartDateAndTypes" />
    </UnitTest>
    <UnitTest name="GetWorkItemRevisionsDefault" storage="d:\v2.0\a1\_work\dbded102\bin\release.anycpu\tfs.service\ms.tf.workitemtracking.web.l0.tests\ms.tf.workitemtracking.web.l0.tests.dll" id="511506d6-2141-9e97-9d47-76aa4bd74f0d">
      <Owners>
        <Owner name="witiq" />
      </Owners>
      <Execution id="b80e54c7-5d60-4644-b658-0aa7b97c2d76" />
      <TestMethod codeBase="D:\v2.0\A1\_work\dbded102\bin\Release.AnyCPU\Tfs.Service\MS.TF.WorkItemTracking.Web.L0.Tests\MS.TF.WorkItemTracking.Web.L0.Tests.dll" adapterTypeName="Microsoft.VisualStudio.TestTools.TestTypes.Unit.UnitTestAdapter" className="MS.TF.WorkItemTracking.Web.L0.Tests.Routing.ReportingWorkItemRevisionsRoutesTest" name="GetWorkItemRevisionsDefault" />
    </UnitTest>
    <UnitTest name="GetWorkItemRevisionsWatermark" storage="d:\v2.0\a1\_work\dbded102\bin\release.anycpu\tfs.service\ms.tf.workitemtracking.web.l0.tests\ms.tf.workitemtracking.web.l0.tests.dll" id="77111445-9ec7-da09-408b-c404d26463a5">
      <Owners>
        <Owner name="witiq" />
      </Owners>
      <Execution id="9ef91957-d9a9-43e7-b9ff-b9342bb4e416" />
      <TestMethod codeBase="D:\v2.0\A1\_work\dbded102\bin\Release.AnyCPU\Tfs.Service\MS.TF.WorkItemTracking.Web.L0.Tests\MS.TF.WorkItemTracking.Web.L0.Tests.dll" adapterTypeName="Microsoft.VisualStudio.TestTools.TestTypes.Unit.UnitTestAdapter" className="MS.TF.WorkItemTracking.Web.L0.Tests.Routing.ReportingWorkItemRevisionsRoutesTest" name="GetWorkItemRevisionsWatermark" />
    </UnitTest>
    <UnitTest name="GetWorkItemRevisionsWatermarkAndFields" storage="d:\v2.0\a1\_work\dbded102\bin\release.anycpu\tfs.service\ms.tf.workitemtracking.web.l0.tests\ms.tf.workitemtracking.web.l0.tests.dll" id="73b79f30-5aba-29e8-38d0-8121d9391087">
      <Owners>
        <Owner name="witiq" />
      </Owners>
      <Execution id="b66a458b-245b-40d8-baa6-697b29c4db48" />
      <TestMethod codeBase="D:\v2.0\A1\_work\dbded102\bin\Release.AnyCPU\Tfs.Service\MS.TF.WorkItemTracking.Web.L0.Tests\MS.TF.WorkItemTracking.Web.L0.Tests.dll" adapterTypeName="Microsoft.VisualStudio.TestTools.TestTypes.Unit.UnitTestAdapter" className="MS.TF.WorkItemTracking.Web.L0.Tests.Routing.ReportingWorkItemRevisionsRoutesTest" name="GetWorkItemRevisionsWatermarkAndFields" />
    </UnitTest>
    <UnitTest name="GetWorkItemRevisionsWatermarkTypesAndFields" storage="d:\v2.0\a1\_work\dbded102\bin\release.anycpu\tfs.service\ms.tf.workitemtracking.web.l0.tests\ms.tf.workitemtracking.web.l0.tests.dll" id="9e6e2b82-d28f-3e0e-c414-5aadd2187766">
      <Owners>
        <Owner name="witiq" />
      </Owners>
      <Execution id="1ddae469-e730-4421-878a-e3263cd4b603" />
      <TestMethod codeBase="D:\v2.0\A1\_work\dbded102\bin\Release.AnyCPU\Tfs.Service\MS.TF.WorkItemTracking.Web.L0.Tests\MS.TF.WorkItemTracking.Web.L0.Tests.dll" adapterTypeName="Microsoft.VisualStudio.TestTools.TestTypes.Unit.UnitTestAdapter" className="MS.TF.WorkItemTracking.Web.L0.Tests.Routing.ReportingWorkItemRevisionsRoutesTest" name="GetWorkItemRevisionsWatermarkTypesAndFields" />
    </UnitTest>
    <UnitTest name="GetWorkItemRevisionsStartDateTypesAndFields" storage="d:\v2.0\a1\_work\dbded102\bin\release.anycpu\tfs.service\ms.tf.workitemtracking.web.l0.tests\ms.tf.workitemtracking.web.l0.tests.dll" id="168d79ad-615b-f09a-31d2-9c0532961685">
      <Owners>
        <Owner name="witiq" />
      </Owners>
      <Execution id="0b8b9314-7db5-40dd-a019-184cceaf3e3d" />
      <TestMethod codeBase="D:\v2.0\A1\_work\dbded102\bin\Release.AnyCPU\Tfs.Service\MS.TF.WorkItemTracking.Web.L0.Tests\MS.TF.WorkItemTracking.Web.L0.Tests.dll" adapterTypeName="Microsoft.VisualStudio.TestTools.TestTypes.Unit.UnitTestAdapter" className="MS.TF.WorkItemTracking.Web.L0.Tests.Routing.ReportingWorkItemRevisionsRoutesTest" name="GetWorkItemRevisionsStartDateTypesAndFields" />
    </UnitTest>
    <UnitTest name="PostWorkItemRevisionsWatermark" storage="d:\v2.0\a1\_work\dbded102\bin\release.anycpu\tfs.service\ms.tf.workitemtracking.web.l0.tests\ms.tf.workitemtracking.web.l0.tests.dll" id="4cba08bf-bef1-bebc-3c6f-47cc13239d83">
      <Owners>
        <Owner name="witiq" />
      </Owners>
      <Execution id="28810c92-a206-46aa-8ee3-95c5cf481b92" />
      <TestMethod codeBase="D:\v2.0\A1\_work\dbded102\bin\Release.AnyCPU\Tfs.Service\MS.TF.WorkItemTracking.Web.L0.Tests\MS.TF.WorkItemTracking.Web.L0.Tests.dll" adapterTypeName="Microsoft.VisualStudio.TestTools.TestTypes.Unit.UnitTestAdapter" className="MS.TF.WorkItemTracking.Web.L0.Tests.Routing.ReportingWorkItemRevisionsRoutesTest" name="PostWorkItemRevisionsWatermark" />
    </UnitTest>
    <UnitTest name="PostWorkItemRevisionsStartDate" storage="d:\v2.0\a1\_work\dbded102\bin\release.anycpu\tfs.service\ms.tf.workitemtracking.web.l0.tests\ms.tf.workitemtracking.web.l0.tests.dll" id="563281c1-d99b-8518-53fc-d4329850ada3">
      <Owners>
        <Owner name="witiq" />
      </Owners>
      <Execution id="4851c222-2822-4a4a-8da8-480d7ca526dc" />
      <TestMethod codeBase="D:\v2.0\A1\_work\dbded102\bin\Release.AnyCPU\Tfs.Service\MS.TF.WorkItemTracking.Web.L0.Tests\MS.TF.WorkItemTracking.Web.L0.Tests.dll" adapterTypeName="Microsoft.VisualStudio.TestTools.TestTypes.Unit.UnitTestAdapter" className="MS.TF.WorkItemTracking.Web.L0.Tests.Routing.ReportingWorkItemRevisionsRoutesTest" name="PostWorkItemRevisionsStartDate" />
    </UnitTest>
    <UnitTest name="GetRootNodes" storage="d:\v2.0\a1\_work\dbded102\bin\release.anycpu\tfs.service\ms.tf.workitemtracking.web.l0.tests\ms.tf.workitemtracking.web.l0.tests.dll" id="9ac6f70e-1e31-2102-3a04-ce64cfeb6f6e">
      <Owners>
        <Owner name="tfsmwit" />
      </Owners>
      <Execution id="fb8f2c7b-6c91-4146-a199-e8f023fe7694" />
      <TestMethod codeBase="D:\v2.0\A1\_work\dbded102\bin\Release.AnyCPU\Tfs.Service\MS.TF.WorkItemTracking.Web.L0.Tests\MS.TF.WorkItemTracking.Web.L0.Tests.dll" adapterTypeName="Microsoft.VisualStudio.TestTools.TestTypes.Unit.UnitTestAdapter" className="MS.TF.WorkItemTracking.Web.L0.Tests.Routing.ClassificationNodesRoutesTest" name="GetRootNodes" />
    </UnitTest>
    <UnitTest name="GetRootIterationNode" storage="d:\v2.0\a1\_work\dbded102\bin\release.anycpu\tfs.service\ms.tf.workitemtracking.web.l0.tests\ms.tf.workitemtracking.web.l0.tests.dll" id="da45bc0e-ffd3-e15d-9af6-224d6fe29ea4">
      <Owners>
        <Owner name="tfsmwit" />
      </Owners>
      <Execution id="fcf5014c-d91f-4469-b76d-1afa9ab32d63" />
      <TestMethod codeBase="D:\v2.0\A1\_work\dbded102\bin\Release.AnyCPU\Tfs.Service\MS.TF.WorkItemTracking.Web.L0.Tests\MS.TF.WorkItemTracking.Web.L0.Tests.dll" adapterTypeName="Microsoft.VisualStudio.TestTools.TestTypes.Unit.UnitTestAdapter" className="MS.TF.WorkItemTracking.Web.L0.Tests.Routing.ClassificationNodesRoutesTest" name="GetRootIterationNode" />
    </UnitTest>
    <UnitTest name="GetRootAreaNode" storage="d:\v2.0\a1\_work\dbded102\bin\release.anycpu\tfs.service\ms.tf.workitemtracking.web.l0.tests\ms.tf.workitemtracking.web.l0.tests.dll" id="6266391d-cfda-71ce-d41f-c505d260095f">
      <Owners>
        <Owner name="tfsmwit" />
      </Owners>
      <Execution id="a52da142-2d58-4bd9-9f57-421d2b7bb8fc" />
      <TestMethod codeBase="D:\v2.0\A1\_work\dbded102\bin\Release.AnyCPU\Tfs.Service\MS.TF.WorkItemTracking.Web.L0.Tests\MS.TF.WorkItemTracking.Web.L0.Tests.dll" adapterTypeName="Microsoft.VisualStudio.TestTools.TestTypes.Unit.UnitTestAdapter" className="MS.TF.WorkItemTracking.Web.L0.Tests.Routing.ClassificationNodesRoutesTest" name="GetRootAreaNode" />
    </UnitTest>
    <UnitTest name="GetIterationNode" storage="d:\v2.0\a1\_work\dbded102\bin\release.anycpu\tfs.service\ms.tf.workitemtracking.web.l0.tests\ms.tf.workitemtracking.web.l0.tests.dll" id="8f4aff25-8ee2-74b7-c6b8-c6f8dbed33de">
      <Owners>
        <Owner name="tfsmwit" />
      </Owners>
      <Execution id="63fc2fa9-d500-4f3d-968e-3c9654b57dc1" />
      <TestMethod codeBase="D:\v2.0\A1\_work\dbded102\bin\Release.AnyCPU\Tfs.Service\MS.TF.WorkItemTracking.Web.L0.Tests\MS.TF.WorkItemTracking.Web.L0.Tests.dll" adapterTypeName="Microsoft.VisualStudio.TestTools.TestTypes.Unit.UnitTestAdapter" className="MS.TF.WorkItemTracking.Web.L0.Tests.Routing.ClassificationNodesRoutesTest" name="GetIterationNode" />
    </UnitTest>
    <UnitTest name="GetAreaNode" storage="d:\v2.0\a1\_work\dbded102\bin\release.anycpu\tfs.service\ms.tf.workitemtracking.web.l0.tests\ms.tf.workitemtracking.web.l0.tests.dll" id="b1ab5f37-479c-92b9-8ebe-4f4dc4f1fef7">
      <Owners>
        <Owner name="tfsmwit" />
      </Owners>
      <Execution id="34eb2655-6d46-4fd8-9954-8c5162bdfe3a" />
      <TestMethod codeBase="D:\v2.0\A1\_work\dbded102\bin\Release.AnyCPU\Tfs.Service\MS.TF.WorkItemTracking.Web.L0.Tests\MS.TF.WorkItemTracking.Web.L0.Tests.dll" adapterTypeName="Microsoft.VisualStudio.TestTools.TestTypes.Unit.UnitTestAdapter" className="MS.TF.WorkItemTracking.Web.L0.Tests.Routing.ClassificationNodesRoutesTest" name="GetAreaNode" />
    </UnitTest>
    <UnitTest name="EvaluateRulesOnField" storage="d:\v2.0\a1\_work\dbded102\bin\release.anycpu\tfs.service\ms.tf.workitemtracking.web.l0.tests\ms.tf.workitemtracking.web.l0.tests.dll" id="049c1ab6-edab-e858-ff93-10053eda5552">
      <Owners>
        <Owner name="tfsmwit" />
      </Owners>
      <Execution id="87bdf8fd-b8ac-46b0-b010-6ef0c36797fe" />
      <TestMethod codeBase="D:\v2.0\A1\_work\dbded102\bin\Release.AnyCPU\Tfs.Service\MS.TF.WorkItemTracking.Web.L0.Tests\MS.TF.WorkItemTracking.Web.L0.Tests.dll" adapterTypeName="Microsoft.VisualStudio.TestTools.TestTypes.Unit.UnitTestAdapter" className="MS.TF.WorkItemTracking.Web.L0.Tests.Routing.RuleEngineRoutesTest" name="EvaluateRulesOnField" />
    </UnitTest>
    <UnitTest name="GetWiqlResults" storage="d:\v2.0\a1\_work\dbded102\bin\release.anycpu\tfs.service\ms.tf.workitemtracking.web.l0.tests\ms.tf.workitemtracking.web.l0.tests.dll" id="8f4af474-e542-a492-12af-7f2b9ce252f3">
      <Owners>
        <Owner name="tfsmwit" />
      </Owners>
      <Execution id="3b0ca039-66c6-4d8c-80c0-e5280fa27481" />
      <TestMethod codeBase="D:\v2.0\A1\_work\dbded102\bin\Release.AnyCPU\Tfs.Service\MS.TF.WorkItemTracking.Web.L0.Tests\MS.TF.WorkItemTracking.Web.L0.Tests.dll" adapterTypeName="Microsoft.VisualStudio.TestTools.TestTypes.Unit.UnitTestAdapter" className="MS.TF.WorkItemTracking.Web.L0.Tests.Routing.WiqlRoutesTest" name="GetWiqlResults" />
    </UnitTest>
    <UnitTest name="GetWiqlResults_Project" storage="d:\v2.0\a1\_work\dbded102\bin\release.anycpu\tfs.service\ms.tf.workitemtracking.web.l0.tests\ms.tf.workitemtracking.web.l0.tests.dll" id="34e2aa40-77b1-2447-72ee-19534ec07d76">
      <Owners>
        <Owner name="tfsmwit" />
      </Owners>
      <Execution id="f7184ecd-57e1-4881-a0e1-dd159c6d0e12" />
      <TestMethod codeBase="D:\v2.0\A1\_work\dbded102\bin\Release.AnyCPU\Tfs.Service\MS.TF.WorkItemTracking.Web.L0.Tests\MS.TF.WorkItemTracking.Web.L0.Tests.dll" adapterTypeName="Microsoft.VisualStudio.TestTools.TestTypes.Unit.UnitTestAdapter" className="MS.TF.WorkItemTracking.Web.L0.Tests.Routing.WiqlRoutesTest" name="GetWiqlResults_Project" />
    </UnitTest>
    <UnitTest name="GetWiqlResults_Team" storage="d:\v2.0\a1\_work\dbded102\bin\release.anycpu\tfs.service\ms.tf.workitemtracking.web.l0.tests\ms.tf.workitemtracking.web.l0.tests.dll" id="bfe1094e-28c7-cc48-da61-2131b4730d2d">
      <Owners>
        <Owner name="tfsmwit" />
      </Owners>
      <Execution id="16cdc1e9-7b09-4678-a44e-fd500e62d9a3" />
      <TestMethod codeBase="D:\v2.0\A1\_work\dbded102\bin\Release.AnyCPU\Tfs.Service\MS.TF.WorkItemTracking.Web.L0.Tests\MS.TF.WorkItemTracking.Web.L0.Tests.dll" adapterTypeName="Microsoft.VisualStudio.TestTools.TestTypes.Unit.UnitTestAdapter" className="MS.TF.WorkItemTracking.Web.L0.Tests.Routing.WiqlRoutesTest" name="GetWiqlResults_Team" />
    </UnitTest>
    <UnitTest name="GetWiqlResultsById" storage="d:\v2.0\a1\_work\dbded102\bin\release.anycpu\tfs.service\ms.tf.workitemtracking.web.l0.tests\ms.tf.workitemtracking.web.l0.tests.dll" id="982b3150-8086-ffe4-9c4f-69aac5bcaa05">
      <Owners>
        <Owner name="tfsmwit" />
      </Owners>
      <Execution id="2be85bbf-db49-4aa3-b6d5-0642fa6b9ff5" />
      <TestMethod codeBase="D:\v2.0\A1\_work\dbded102\bin\Release.AnyCPU\Tfs.Service\MS.TF.WorkItemTracking.Web.L0.Tests\MS.TF.WorkItemTracking.Web.L0.Tests.dll" adapterTypeName="Microsoft.VisualStudio.TestTools.TestTypes.Unit.UnitTestAdapter" className="MS.TF.WorkItemTracking.Web.L0.Tests.Routing.WiqlRoutesTest" name="GetWiqlResultsById" />
    </UnitTest>
    <UnitTest name="GetWorkItemAllHistory" storage="d:\v2.0\a1\_work\dbded102\bin\release.anycpu\tfs.service\ms.tf.workitemtracking.web.l0.tests\ms.tf.workitemtracking.web.l0.tests.dll" id="3430f251-b03f-5110-c44d-1a5e9aa17dae">
      <Owners>
        <Owner name="tfsmwit" />
      </Owners>
      <Execution id="58e53fb5-5cf4-4113-9a5b-115a51f744fe" />
      <TestMethod codeBase="D:\v2.0\A1\_work\dbded102\bin\Release.AnyCPU\Tfs.Service\MS.TF.WorkItemTracking.Web.L0.Tests\MS.TF.WorkItemTracking.Web.L0.Tests.dll" adapterTypeName="Microsoft.VisualStudio.TestTools.TestTypes.Unit.UnitTestAdapter" className="MS.TF.WorkItemTracking.Web.L0.Tests.Routing.WorkItemHistoryRoutesTest" name="GetWorkItemAllHistory" />
    </UnitTest>
    <UnitTest name="GetWorkItemHistory" storage="d:\v2.0\a1\_work\dbded102\bin\release.anycpu\tfs.service\ms.tf.workitemtracking.web.l0.tests\ms.tf.workitemtracking.web.l0.tests.dll" id="ad3cd5b4-06ba-9a80-2eb9-7341ee83fb3b">
      <Owners>
        <Owner name="tfsmwit" />
      </Owners>
      <Execution id="dac29ec0-c710-43f5-bfaa-7880541c7728" />
      <TestMethod codeBase="D:\v2.0\A1\_work\dbded102\bin\Release.AnyCPU\Tfs.Service\MS.TF.WorkItemTracking.Web.L0.Tests\MS.TF.WorkItemTracking.Web.L0.Tests.dll" adapterTypeName="Microsoft.VisualStudio.TestTools.TestTypes.Unit.UnitTestAdapter" className="MS.TF.WorkItemTracking.Web.L0.Tests.Routing.WorkItemHistoryRoutesTest" name="GetWorkItemHistory" />
    </UnitTest>
    <UnitTest name="GetWorkItemRevision" storage="d:\v2.0\a1\_work\dbded102\bin\release.anycpu\tfs.service\ms.tf.workitemtracking.web.l0.tests\ms.tf.workitemtracking.web.l0.tests.dll" id="75ca4089-33d4-b427-91bb-1bd31c352cd9">
      <Owners>
        <Owner name="tfsmwit" />
      </Owners>
      <Execution id="303c079d-dbfc-48a7-8119-33698de8e7af" />
      <TestMethod codeBase="D:\v2.0\A1\_work\dbded102\bin\Release.AnyCPU\Tfs.Service\MS.TF.WorkItemTracking.Web.L0.Tests\MS.TF.WorkItemTracking.Web.L0.Tests.dll" adapterTypeName="Microsoft.VisualStudio.TestTools.TestTypes.Unit.UnitTestAdapter" className="MS.TF.WorkItemTracking.Web.L0.Tests.Routing.WorkItemRevisionRoutesTest" name="GetWorkItemRevision" />
    </UnitTest>
    <UnitTest name="GetWorkItemRevisions" storage="d:\v2.0\a1\_work\dbded102\bin\release.anycpu\tfs.service\ms.tf.workitemtracking.web.l0.tests\ms.tf.workitemtracking.web.l0.tests.dll" id="e611266b-2311-6f20-9a57-ac3d45f06a27">
      <Owners>
        <Owner name="tfsmwit" />
      </Owners>
      <Execution id="c7504e29-0a3c-45a8-870a-9440dbc7f3fa" />
      <TestMethod codeBase="D:\v2.0\A1\_work\dbded102\bin\Release.AnyCPU\Tfs.Service\MS.TF.WorkItemTracking.Web.L0.Tests\MS.TF.WorkItemTracking.Web.L0.Tests.dll" adapterTypeName="Microsoft.VisualStudio.TestTools.TestTypes.Unit.UnitTestAdapter" className="MS.TF.WorkItemTracking.Web.L0.Tests.Routing.WorkItemRevisionRoutesTest" name="GetWorkItemRevisions" />
    </UnitTest>
    <UnitTest name="GetWorkItem" storage="d:\v2.0\a1\_work\dbded102\bin\release.anycpu\tfs.service\ms.tf.workitemtracking.web.l0.tests\ms.tf.workitemtracking.web.l0.tests.dll" id="911829fc-36d4-73f0-25e7-575caf46e2cc">
      <Owners>
        <Owner name="tfsmwit" />
      </Owners>
      <Execution id="6686ad6d-1688-46f7-9fea-a8f9134517b1" />
      <TestMethod codeBase="D:\v2.0\A1\_work\dbded102\bin\Release.AnyCPU\Tfs.Service\MS.TF.WorkItemTracking.Web.L0.Tests\MS.TF.WorkItemTracking.Web.L0.Tests.dll" adapterTypeName="Microsoft.VisualStudio.TestTools.TestTypes.Unit.UnitTestAdapter" className="MS.TF.WorkItemTracking.Web.L0.Tests.Routing.WorkItemRoutesTest" name="GetWorkItem" />
    </UnitTest>
    <UnitTest name="GetWorkItems" storage="d:\v2.0\a1\_work\dbded102\bin\release.anycpu\tfs.service\ms.tf.workitemtracking.web.l0.tests\ms.tf.workitemtracking.web.l0.tests.dll" id="e435ea31-507b-6fb1-ba80-65b411a718ab">
      <Owners>
        <Owner name="tfsmwit" />
      </Owners>
      <Execution id="1dcc2c31-421d-435a-8a43-67ea0ca585a0" />
      <TestMethod codeBase="D:\v2.0\A1\_work\dbded102\bin\Release.AnyCPU\Tfs.Service\MS.TF.WorkItemTracking.Web.L0.Tests\MS.TF.WorkItemTracking.Web.L0.Tests.dll" adapterTypeName="Microsoft.VisualStudio.TestTools.TestTypes.Unit.UnitTestAdapter" className="MS.TF.WorkItemTracking.Web.L0.Tests.Routing.WorkItemRoutesTest" name="GetWorkItems" />
    </UnitTest>
    <UnitTest name="GetWorkItemTemplate" storage="d:\v2.0\a1\_work\dbded102\bin\release.anycpu\tfs.service\ms.tf.workitemtracking.web.l0.tests\ms.tf.workitemtracking.web.l0.tests.dll" id="37a6e86c-db7c-d176-777d-4b8442d3ad66">
      <Owners>
        <Owner name="tfsmwit" />
      </Owners>
      <Execution id="8315edd7-cf02-4258-a3f6-a309f0b8bf2e" />
      <TestMethod codeBase="D:\v2.0\A1\_work\dbded102\bin\Release.AnyCPU\Tfs.Service\MS.TF.WorkItemTracking.Web.L0.Tests\MS.TF.WorkItemTracking.Web.L0.Tests.dll" adapterTypeName="Microsoft.VisualStudio.TestTools.TestTypes.Unit.UnitTestAdapter" className="MS.TF.WorkItemTracking.Web.L0.Tests.Routing.WorkItemRoutesTest" name="GetWorkItemTemplate" />
    </UnitTest>
    <UnitTest name="UpdateWorkItem" storage="d:\v2.0\a1\_work\dbded102\bin\release.anycpu\tfs.service\ms.tf.workitemtracking.web.l0.tests\ms.tf.workitemtracking.web.l0.tests.dll" id="b8f14544-3dc2-8c47-9528-f92f46babdd8">
      <Owners>
        <Owner name="tfsmwit" />
      </Owners>
      <Execution id="e1b84257-f056-4808-88b1-a7b2d0e3b0f3" />
      <TestMethod codeBase="D:\v2.0\A1\_work\dbded102\bin\Release.AnyCPU\Tfs.Service\MS.TF.WorkItemTracking.Web.L0.Tests\MS.TF.WorkItemTracking.Web.L0.Tests.dll" adapterTypeName="Microsoft.VisualStudio.TestTools.TestTypes.Unit.UnitTestAdapter" className="MS.TF.WorkItemTracking.Web.L0.Tests.Routing.WorkItemRoutesTest" name="UpdateWorkItem" />
    </UnitTest>
    <UnitTest name="UpdateWorkItemTemplate" storage="d:\v2.0\a1\_work\dbded102\bin\release.anycpu\tfs.service\ms.tf.workitemtracking.web.l0.tests\ms.tf.workitemtracking.web.l0.tests.dll" id="146c5fda-a3b3-6a23-a30d-e56e747e8314">
      <Owners>
        <Owner name="tfsmwit" />
      </Owners>
      <Execution id="e95ebbe3-f5f5-463f-a086-9a0cc720dfb5" />
      <TestMethod codeBase="D:\v2.0\A1\_work\dbded102\bin\Release.AnyCPU\Tfs.Service\MS.TF.WorkItemTracking.Web.L0.Tests\MS.TF.WorkItemTracking.Web.L0.Tests.dll" adapterTypeName="Microsoft.VisualStudio.TestTools.TestTypes.Unit.UnitTestAdapter" className="MS.TF.WorkItemTracking.Web.L0.Tests.Routing.WorkItemRoutesTest" name="UpdateWorkItemTemplate" />
    </UnitTest>
    <UnitTest name="GetDependentFields" storage="d:\v2.0\a1\_work\dbded102\bin\release.anycpu\tfs.service\ms.tf.workitemtracking.web.l0.tests\ms.tf.workitemtracking.web.l0.tests.dll" id="cae6b520-cabb-421e-9ebd-eb2d7853bbf6">
      <Owners>
        <Owner name="tfsmwit" />
      </Owners>
      <Execution id="29e6cea0-c7cd-41e5-92d7-8dba0623d1a8" />
      <TestMethod codeBase="D:\v2.0\A1\_work\dbded102\bin\Release.AnyCPU\Tfs.Service\MS.TF.WorkItemTracking.Web.L0.Tests\MS.TF.WorkItemTracking.Web.L0.Tests.dll" adapterTypeName="Microsoft.VisualStudio.TestTools.TestTypes.Unit.UnitTestAdapter" className="MS.TF.WorkItemTracking.Web.L0.Tests.Routing.WorkItemTypeFieldRoutesTest" name="GetDependentFields" />
    </UnitTest>
    <UnitTest name="GetWorkItemType" storage="d:\v2.0\a1\_work\dbded102\bin\release.anycpu\tfs.service\ms.tf.workitemtracking.web.l0.tests\ms.tf.workitemtracking.web.l0.tests.dll" id="89cb9b43-de78-056b-7379-4ff75582a586">
      <Owners>
        <Owner name="tfsmwit" />
      </Owners>
      <Execution id="cda11325-074d-4786-995a-233eeef13dbe" />
      <TestMethod codeBase="D:\v2.0\A1\_work\dbded102\bin\Release.AnyCPU\Tfs.Service\MS.TF.WorkItemTracking.Web.L0.Tests\MS.TF.WorkItemTracking.Web.L0.Tests.dll" adapterTypeName="Microsoft.VisualStudio.TestTools.TestTypes.Unit.UnitTestAdapter" className="MS.TF.WorkItemTracking.Web.L0.Tests.Routing.WorkItemTypeRoutesTest" name="GetWorkItemType" />
    </UnitTest>
    <UnitTest name="GetWorkItemTypes" storage="d:\v2.0\a1\_work\dbded102\bin\release.anycpu\tfs.service\ms.tf.workitemtracking.web.l0.tests\ms.tf.workitemtracking.web.l0.tests.dll" id="ac32ffc3-8f15-8b5e-3a6f-1f0e6a4809d7">
      <Owners>
        <Owner name="tfsmwit" />
      </Owners>
      <Execution id="7b5ecfce-137b-4a52-9141-4b0c6bdf3944" />
      <TestMethod codeBase="D:\v2.0\A1\_work\dbded102\bin\Release.AnyCPU\Tfs.Service\MS.TF.WorkItemTracking.Web.L0.Tests\MS.TF.WorkItemTracking.Web.L0.Tests.dll" adapterTypeName="Microsoft.VisualStudio.TestTools.TestTypes.Unit.UnitTestAdapter" className="MS.TF.WorkItemTracking.Web.L0.Tests.Routing.WorkItemTypeRoutesTest" name="GetWorkItemTypes" />
    </UnitTest>
    <UnitTest name="TestOAuthScopes" storage="d:\v2.0\a1\_work\dbded102\bin\release.anycpu\tfs.service\ms.tf.workitemtracking.web.l0.tests\ms.tf.workitemtracking.web.l0.tests.dll" id="1c3ff276-0623-4ceb-79c6-3bf3a5d89a06">
      <Owners>
        <Owner name="tfsmwit" />
      </Owners>
      <Execution id="ce4761ce-007a-4b08-ba0f-e835b60f6819" />
      <TestMethod codeBase="D:\v2.0\A1\_work\dbded102\bin\Release.AnyCPU\Tfs.Service\MS.TF.WorkItemTracking.Web.L0.Tests\MS.TF.WorkItemTracking.Web.L0.Tests.dll" adapterTypeName="Microsoft.VisualStudio.TestTools.TestTypes.Unit.UnitTestAdapter" className="MS.TF.WorkItemTracking.Web.L0.Tests.OAuth.OAuthTests" name="TestOAuthScopes" />
    </UnitTest>
    <UnitTest name="TestCreateMultiple_DistinctConstantRecords" storage="d:\v2.0\a1\_work\dbded102\bin\release.anycpu\tfs.service\ms.tf.workitemtracking.web.l0.tests\ms.tf.workitemtracking.web.l0.tests.dll" id="8f779901-adba-553f-22cc-e74794eb5660">
      <Execution id="b96ad179-4327-4e1c-8aef-87641f6b3354" />
      <TestMethod codeBase="D:\v2.0\A1\_work\dbded102\bin\Release.AnyCPU\Tfs.Service\MS.TF.WorkItemTracking.Web.L0.Tests\MS.TF.WorkItemTracking.Web.L0.Tests.dll" adapterTypeName="Microsoft.VisualStudio.TestTools.TestTypes.Unit.UnitTestAdapter" className="MS.TF.WorkItemTracking.Web.L0.Tests.Model.IdentityReferenceModelTests" name="TestCreateMultiple_DistinctConstantRecords" />
    </UnitTest>
    <UnitTest name="TestCreateMultiple_NonDistinctConstantRecords" storage="d:\v2.0\a1\_work\dbded102\bin\release.anycpu\tfs.service\ms.tf.workitemtracking.web.l0.tests\ms.tf.workitemtracking.web.l0.tests.dll" id="77a155c4-04ac-7a22-a565-59d994ccb700">
      <Execution id="a18cd37c-3734-4675-ac9e-b31c9e2b2c30" />
      <TestMethod codeBase="D:\v2.0\A1\_work\dbded102\bin\Release.AnyCPU\Tfs.Service\MS.TF.WorkItemTracking.Web.L0.Tests\MS.TF.WorkItemTracking.Web.L0.Tests.dll" adapterTypeName="Microsoft.VisualStudio.TestTools.TestTypes.Unit.UnitTestAdapter" className="MS.TF.WorkItemTracking.Web.L0.Tests.Model.IdentityReferenceModelTests" name="TestCreateMultiple_NonDistinctConstantRecords" />
    </UnitTest>
    <UnitTest name="ReportingWorkItemLinksSerializationDoesNotThrow" storage="d:\v2.0\a1\_work\dbded102\bin\release.anycpu\tfs.service\ms.tf.workitemtracking.web.l0.tests\ms.tf.workitemtracking.web.l0.tests.dll" id="d7d39df4-fe08-f445-dfce-a61da5f23935">
      <Owners>
        <Owner name="tfsmwit" />
      </Owners>
      <Execution id="cd33ec88-dbb7-4989-a087-b535a135fad0" />
      <TestMethod codeBase="D:\v2.0\A1\_work\dbded102\bin\Release.AnyCPU\Tfs.Service\MS.TF.WorkItemTracking.Web.L0.Tests\MS.TF.WorkItemTracking.Web.L0.Tests.dll" adapterTypeName="Microsoft.VisualStudio.TestTools.TestTypes.Unit.UnitTestAdapter" className="MS.TF.WorkItemTracking.Web.L0.Tests.Model.ReportingWorkItemLinksModelTests" name="ReportingWorkItemLinksSerializationDoesNotThrow" />
    </UnitTest>
    <UnitTest name="ReportingWorkItemRevisionsSerializationDoesNotThrow" storage="d:\v2.0\a1\_work\dbded102\bin\release.anycpu\tfs.service\ms.tf.workitemtracking.web.l0.tests\ms.tf.workitemtracking.web.l0.tests.dll" id="d531b1aa-c9be-d32d-cf20-9b3ef42c45d9">
      <Owners>
        <Owner name="tfsmwit" />
      </Owners>
      <Execution id="6e114e91-0f0e-446c-9e9e-bbe6477642ba" />
      <TestMethod codeBase="D:\v2.0\A1\_work\dbded102\bin\Release.AnyCPU\Tfs.Service\MS.TF.WorkItemTracking.Web.L0.Tests\MS.TF.WorkItemTracking.Web.L0.Tests.dll" adapterTypeName="Microsoft.VisualStudio.TestTools.TestTypes.Unit.UnitTestAdapter" className="MS.TF.WorkItemTracking.Web.L0.Tests.Model.ReportingWorkItemRevisionsModelTests" name="ReportingWorkItemRevisionsSerializationDoesNotThrow" />
    </UnitTest>
    <UnitTest name="CreateFromFieldData" storage="d:\v2.0\a1\_work\dbded102\bin\release.anycpu\tfs.service\ms.tf.workitemtracking.web.l0.tests\ms.tf.workitemtracking.web.l0.tests.dll" id="02252d8b-a19e-64ab-1a3e-5e753300a369">
      <Execution id="3cce0e22-4f10-4951-9c38-2dd1dbffe4e8" />
      <TestMethod codeBase="D:\v2.0\A1\_work\dbded102\bin\Release.AnyCPU\Tfs.Service\MS.TF.WorkItemTracking.Web.L0.Tests\MS.TF.WorkItemTracking.Web.L0.Tests.dll" adapterTypeName="Microsoft.VisualStudio.TestTools.TestTypes.Unit.UnitTestAdapter" className="MS.TF.WorkItemTracking.Web.L0.Tests.Model.WorkItemModelTests" name="CreateFromFieldData" />
    </UnitTest>
    <UnitTest name="CreateFromFieldData_ExpandFields" storage="d:\v2.0\a1\_work\dbded102\bin\release.anycpu\tfs.service\ms.tf.workitemtracking.web.l0.tests\ms.tf.workitemtracking.web.l0.tests.dll" id="a87aa1c9-5457-9c7e-db1d-e3e40d6ce165">
      <Execution id="a8aca24a-ee59-4acd-a91a-d2d6743da1be" />
      <TestMethod codeBase="D:\v2.0\A1\_work\dbded102\bin\Release.AnyCPU\Tfs.Service\MS.TF.WorkItemTracking.Web.L0.Tests\MS.TF.WorkItemTracking.Web.L0.Tests.dll" adapterTypeName="Microsoft.VisualStudio.TestTools.TestTypes.Unit.UnitTestAdapter" className="MS.TF.WorkItemTracking.Web.L0.Tests.Model.WorkItemModelTests" name="CreateFromFieldData_ExpandFields" />
    </UnitTest>
    <UnitTest name="ToWorkItemResourceLinkUpdate_Attachment" storage="d:\v2.0\a1\_work\dbded102\bin\release.anycpu\tfs.service\ms.tf.workitemtracking.web.l0.tests\ms.tf.workitemtracking.web.l0.tests.dll" id="61c902b2-34f0-b40f-cd82-801dbf88f7c3">
      <Execution id="f54c9b57-5674-4b4d-8150-c22ad9a3dd74" />
      <TestMethod codeBase="D:\v2.0\A1\_work\dbded102\bin\Release.AnyCPU\Tfs.Service\MS.TF.WorkItemTracking.Web.L0.Tests\MS.TF.WorkItemTracking.Web.L0.Tests.dll" adapterTypeName="Microsoft.VisualStudio.TestTools.TestTypes.Unit.UnitTestAdapter" className="MS.TF.WorkItemTracking.Web.L0.Tests.Model.WorkItemRelationModelTests" name="ToWorkItemResourceLinkUpdate_Attachment" />
    </UnitTest>
    <UnitTest name="ToWorkItemResourceLinkUpdate_AttachmentFileName" storage="d:\v2.0\a1\_work\dbded102\bin\release.anycpu\tfs.service\ms.tf.workitemtracking.web.l0.tests\ms.tf.workitemtracking.web.l0.tests.dll" id="df0eb6f7-d78e-0ef0-e42a-06b0741d0194">
      <Execution id="c630fa48-cc03-4d4a-9986-2cccda498321" />
      <TestMethod codeBase="D:\v2.0\A1\_work\dbded102\bin\Release.AnyCPU\Tfs.Service\MS.TF.WorkItemTracking.Web.L0.Tests\MS.TF.WorkItemTracking.Web.L0.Tests.dll" adapterTypeName="Microsoft.VisualStudio.TestTools.TestTypes.Unit.UnitTestAdapter" className="MS.TF.WorkItemTracking.Web.L0.Tests.Model.WorkItemRelationModelTests" name="ToWorkItemResourceLinkUpdate_AttachmentFileName" />
    </UnitTest>
    <UnitTest name="ToWorkItemResourceLinkUpdate_AttachmentFileNameInAttributes" storage="d:\v2.0\a1\_work\dbded102\bin\release.anycpu\tfs.service\ms.tf.workitemtracking.web.l0.tests\ms.tf.workitemtracking.web.l0.tests.dll" id="f42d76d8-39c4-b0c0-4435-a380247b39cd">
      <Execution id="7aa5957f-4e74-4f9f-a25c-4f3f86c1a830" />
      <TestMethod codeBase="D:\v2.0\A1\_work\dbded102\bin\Release.AnyCPU\Tfs.Service\MS.TF.WorkItemTracking.Web.L0.Tests\MS.TF.WorkItemTracking.Web.L0.Tests.dll" adapterTypeName="Microsoft.VisualStudio.TestTools.TestTypes.Unit.UnitTestAdapter" className="MS.TF.WorkItemTracking.Web.L0.Tests.Model.WorkItemRelationModelTests" name="ToWorkItemResourceLinkUpdate_AttachmentFileNameInAttributes" />
    </UnitTest>
    <UnitTest name="ToWorkItemResourceLinkUpdate_InvalidUrl" storage="d:\v2.0\a1\_work\dbded102\bin\release.anycpu\tfs.service\ms.tf.workitemtracking.web.l0.tests\ms.tf.workitemtracking.web.l0.tests.dll" id="5e6978af-da6d-16ba-2dc9-ce25d0dd66e7">
      <Execution id="7fa3ae49-cd8d-44d3-8065-86c7667df23f" />
      <TestMethod codeBase="D:\v2.0\A1\_work\dbded102\bin\Release.AnyCPU\Tfs.Service\MS.TF.WorkItemTracking.Web.L0.Tests\MS.TF.WorkItemTracking.Web.L0.Tests.dll" adapterTypeName="Microsoft.VisualStudio.TestTools.TestTypes.Unit.UnitTestAdapter" className="MS.TF.WorkItemTracking.Web.L0.Tests.Model.WorkItemRelationModelTests" name="ToWorkItemResourceLinkUpdate_InvalidUrl" />
    </UnitTest>
    <UnitTest name="ToWorkItemResourceLinkUpdate_InvalidUrlGuidOnly" storage="d:\v2.0\a1\_work\dbded102\bin\release.anycpu\tfs.service\ms.tf.workitemtracking.web.l0.tests\ms.tf.workitemtracking.web.l0.tests.dll" id="e7bc15b0-fc00-68d9-96dc-fb0a27aba615">
      <Execution id="7140652b-1797-4b8e-95c7-15717fb178a6" />
      <TestMethod codeBase="D:\v2.0\A1\_work\dbded102\bin\Release.AnyCPU\Tfs.Service\MS.TF.WorkItemTracking.Web.L0.Tests\MS.TF.WorkItemTracking.Web.L0.Tests.dll" adapterTypeName="Microsoft.VisualStudio.TestTools.TestTypes.Unit.UnitTestAdapter" className="MS.TF.WorkItemTracking.Web.L0.Tests.Model.WorkItemRelationModelTests" name="ToWorkItemResourceLinkUpdate_InvalidUrlGuidOnly" />
    </UnitTest>
    <UnitTest name="ToWorkItemLinkUpdate" storage="d:\v2.0\a1\_work\dbded102\bin\release.anycpu\tfs.service\ms.tf.workitemtracking.web.l0.tests\ms.tf.workitemtracking.web.l0.tests.dll" id="35176342-1c5b-f1f0-d5b0-3dde388e95a5">
      <Execution id="31b100c1-a8ca-48da-b9af-2b8a627f7876" />
      <TestMethod codeBase="D:\v2.0\A1\_work\dbded102\bin\Release.AnyCPU\Tfs.Service\MS.TF.WorkItemTracking.Web.L0.Tests\MS.TF.WorkItemTracking.Web.L0.Tests.dll" adapterTypeName="Microsoft.VisualStudio.TestTools.TestTypes.Unit.UnitTestAdapter" className="MS.TF.WorkItemTracking.Web.L0.Tests.Model.WorkItemRelationModelTests" name="ToWorkItemLinkUpdate" />
    </UnitTest>
    <UnitTest name="ToWorkItemLinkUpdate_InvalidUrl" storage="d:\v2.0\a1\_work\dbded102\bin\release.anycpu\tfs.service\ms.tf.workitemtracking.web.l0.tests\ms.tf.workitemtracking.web.l0.tests.dll" id="277c38ac-1b8e-130c-ce9d-0513c0d51edf">
      <Execution id="a5ddace8-edda-46eb-8411-765ac105f9e9" />
      <TestMethod codeBase="D:\v2.0\A1\_work\dbded102\bin\Release.AnyCPU\Tfs.Service\MS.TF.WorkItemTracking.Web.L0.Tests\MS.TF.WorkItemTracking.Web.L0.Tests.dll" adapterTypeName="Microsoft.VisualStudio.TestTools.TestTypes.Unit.UnitTestAdapter" className="MS.TF.WorkItemTracking.Web.L0.Tests.Model.WorkItemRelationModelTests" name="ToWorkItemLinkUpdate_InvalidUrl" />
    </UnitTest>
    <UnitTest name="WorkItemRule" storage="d:\v2.0\a1\_work\dbded102\bin\release.anycpu\tfs.service\ms.tf.workitemtracking.web.l0.tests\ms.tf.workitemtracking.web.l0.tests.dll" id="f43efb9f-319a-2be4-0bc8-b94b0cb37053">
      <Execution id="68a802a8-ec76-42cd-a63d-3ab52beca153" />
      <TestMethod codeBase="D:\v2.0\A1\_work\dbded102\bin\Release.AnyCPU\Tfs.Service\MS.TF.WorkItemTracking.Web.L0.Tests\MS.TF.WorkItemTracking.Web.L0.Tests.dll" adapterTypeName="Microsoft.VisualStudio.TestTools.TestTypes.Unit.UnitTestAdapter" className="MS.TF.WorkItemTracking.Web.L0.Tests.Model.WorkItemRuleModelTests" name="WorkItemRule" />
    </UnitTest>
    <UnitTest name="RuleBlock" storage="d:\v2.0\a1\_work\dbded102\bin\release.anycpu\tfs.service\ms.tf.workitemtracking.web.l0.tests\ms.tf.workitemtracking.web.l0.tests.dll" id="af53f229-95c9-6f0a-a8c5-50bd2f5b1045">
      <Execution id="ff2e09b4-cc45-4f1a-b917-1ff6b2a31aa1" />
      <TestMethod codeBase="D:\v2.0\A1\_work\dbded102\bin\Release.AnyCPU\Tfs.Service\MS.TF.WorkItemTracking.Web.L0.Tests\MS.TF.WorkItemTracking.Web.L0.Tests.dll" adapterTypeName="Microsoft.VisualStudio.TestTools.TestTypes.Unit.UnitTestAdapter" className="MS.TF.WorkItemTracking.Web.L0.Tests.Model.WorkItemRuleModelTests" name="RuleBlock" />
    </UnitTest>
    <UnitTest name="DependentRule" storage="d:\v2.0\a1\_work\dbded102\bin\release.anycpu\tfs.service\ms.tf.workitemtracking.web.l0.tests\ms.tf.workitemtracking.web.l0.tests.dll" id="3f671f9b-7f2e-16de-6289-ebb763c1a948">
      <Execution id="0588b03b-0d73-4a4c-9f75-6e42e9bf5800" />
      <TestMethod codeBase="D:\v2.0\A1\_work\dbded102\bin\Release.AnyCPU\Tfs.Service\MS.TF.WorkItemTracking.Web.L0.Tests\MS.TF.WorkItemTracking.Web.L0.Tests.dll" adapterTypeName="Microsoft.VisualStudio.TestTools.TestTypes.Unit.UnitTestAdapter" className="MS.TF.WorkItemTracking.Web.L0.Tests.Model.WorkItemRuleModelTests" name="DependentRule" />
    </UnitTest>
    <UnitTest name="ConditionalBlockRule" storage="d:\v2.0\a1\_work\dbded102\bin\release.anycpu\tfs.service\ms.tf.workitemtracking.web.l0.tests\ms.tf.workitemtracking.web.l0.tests.dll" id="bd61265b-52f3-d1f9-8fdc-72bb87717e7b">
      <Execution id="4f44c0bb-445a-4104-80b8-c7ea7f3cb692" />
      <TestMethod codeBase="D:\v2.0\A1\_work\dbded102\bin\Release.AnyCPU\Tfs.Service\MS.TF.WorkItemTracking.Web.L0.Tests\MS.TF.WorkItemTracking.Web.L0.Tests.dll" adapterTypeName="Microsoft.VisualStudio.TestTools.TestTypes.Unit.UnitTestAdapter" className="MS.TF.WorkItemTracking.Web.L0.Tests.Model.WorkItemRuleModelTests" name="ConditionalBlockRule" />
    </UnitTest>
    <UnitTest name="MapRule" storage="d:\v2.0\a1\_work\dbded102\bin\release.anycpu\tfs.service\ms.tf.workitemtracking.web.l0.tests\ms.tf.workitemtracking.web.l0.tests.dll" id="a918a175-12f3-9923-b672-25b7ce6fbd60">
      <Execution id="89795345-0077-47bf-8908-cf3a7e4154d8" />
      <TestMethod codeBase="D:\v2.0\A1\_work\dbded102\bin\Release.AnyCPU\Tfs.Service\MS.TF.WorkItemTracking.Web.L0.Tests\MS.TF.WorkItemTracking.Web.L0.Tests.dll" adapterTypeName="Microsoft.VisualStudio.TestTools.TestTypes.Unit.UnitTestAdapter" className="MS.TF.WorkItemTracking.Web.L0.Tests.Model.WorkItemRuleModelTests" name="MapRule" />
    </UnitTest>
    <UnitTest name="SameAsRule" storage="d:\v2.0\a1\_work\dbded102\bin\release.anycpu\tfs.service\ms.tf.workitemtracking.web.l0.tests\ms.tf.workitemtracking.web.l0.tests.dll" id="c062e452-69d0-725b-8ec7-a231b8e340c4">
      <Execution id="584827bb-dd81-4252-92d7-84045f0f8d17" />
      <TestMethod codeBase="D:\v2.0\A1\_work\dbded102\bin\Release.AnyCPU\Tfs.Service\MS.TF.WorkItemTracking.Web.L0.Tests\MS.TF.WorkItemTracking.Web.L0.Tests.dll" adapterTypeName="Microsoft.VisualStudio.TestTools.TestTypes.Unit.UnitTestAdapter" className="MS.TF.WorkItemTracking.Web.L0.Tests.Model.WorkItemRuleModelTests" name="SameAsRule" />
    </UnitTest>
    <UnitTest name="ListRule" storage="d:\v2.0\a1\_work\dbded102\bin\release.anycpu\tfs.service\ms.tf.workitemtracking.web.l0.tests\ms.tf.workitemtracking.web.l0.tests.dll" id="b1a91e90-2015-b49c-c317-fda4297ba3c5">
      <Execution id="ed6ce50f-cca0-46cf-ac37-792ff2ccd81e" />
      <TestMethod codeBase="D:\v2.0\A1\_work\dbded102\bin\Release.AnyCPU\Tfs.Service\MS.TF.WorkItemTracking.Web.L0.Tests\MS.TF.WorkItemTracking.Web.L0.Tests.dll" adapterTypeName="Microsoft.VisualStudio.TestTools.TestTypes.Unit.UnitTestAdapter" className="MS.TF.WorkItemTracking.Web.L0.Tests.Model.WorkItemRuleModelTests" name="ListRule" />
    </UnitTest>
    <UnitTest name="ActionRule" storage="d:\v2.0\a1\_work\dbded102\bin\release.anycpu\tfs.service\ms.tf.workitemtracking.web.l0.tests\ms.tf.workitemtracking.web.l0.tests.dll" id="9d18eb58-1500-4756-4443-410e35507814">
      <Execution id="0f900619-7d09-4918-86c4-01b3812df1a6" />
      <TestMethod codeBase="D:\v2.0\A1\_work\dbded102\bin\Release.AnyCPU\Tfs.Service\MS.TF.WorkItemTracking.Web.L0.Tests\MS.TF.WorkItemTracking.Web.L0.Tests.dll" adapterTypeName="Microsoft.VisualStudio.TestTools.TestTypes.Unit.UnitTestAdapter" className="MS.TF.WorkItemTracking.Web.L0.Tests.Model.WorkItemRuleModelTests" name="ActionRule" />
    </UnitTest>
    <UnitTest name="ServerDefaultRule" storage="d:\v2.0\a1\_work\dbded102\bin\release.anycpu\tfs.service\ms.tf.workitemtracking.web.l0.tests\ms.tf.workitemtracking.web.l0.tests.dll" id="2be9b13e-b89d-19be-64da-2f3233ccc4bd">
      <Execution id="96832528-71dd-46f5-85d6-9711c251eadd" />
      <TestMethod codeBase="D:\v2.0\A1\_work\dbded102\bin\Release.AnyCPU\Tfs.Service\MS.TF.WorkItemTracking.Web.L0.Tests\MS.TF.WorkItemTracking.Web.L0.Tests.dll" adapterTypeName="Microsoft.VisualStudio.TestTools.TestTypes.Unit.UnitTestAdapter" className="MS.TF.WorkItemTracking.Web.L0.Tests.Model.WorkItemRuleModelTests" name="ServerDefaultRule" />
    </UnitTest>
    <UnitTest name="TriggerRule" storage="d:\v2.0\a1\_work\dbded102\bin\release.anycpu\tfs.service\ms.tf.workitemtracking.web.l0.tests\ms.tf.workitemtracking.web.l0.tests.dll" id="23554b51-c1eb-81c6-d674-2a3a0409c550">
      <Execution id="436dc2c2-8ebb-43e2-9c4c-f46844c2a3a8" />
      <TestMethod codeBase="D:\v2.0\A1\_work\dbded102\bin\Release.AnyCPU\Tfs.Service\MS.TF.WorkItemTracking.Web.L0.Tests\MS.TF.WorkItemTracking.Web.L0.Tests.dll" adapterTypeName="Microsoft.VisualStudio.TestTools.TestTypes.Unit.UnitTestAdapter" className="MS.TF.WorkItemTracking.Web.L0.Tests.Model.WorkItemRuleModelTests" name="TriggerRule" />
    </UnitTest>
    <UnitTest name="Rules" storage="d:\v2.0\a1\_work\dbded102\bin\release.anycpu\tfs.service\ms.tf.workitemtracking.web.l0.tests\ms.tf.workitemtracking.web.l0.tests.dll" id="39f69dfc-2133-938f-3a9f-2df9c1a153b6">
      <Execution id="4f66194a-6e07-4baa-a3e4-0d8717cd59ab" />
      <TestMethod codeBase="D:\v2.0\A1\_work\dbded102\bin\Release.AnyCPU\Tfs.Service\MS.TF.WorkItemTracking.Web.L0.Tests\MS.TF.WorkItemTracking.Web.L0.Tests.dll" adapterTypeName="Microsoft.VisualStudio.TestTools.TestTypes.Unit.UnitTestAdapter" className="MS.TF.WorkItemTracking.Web.L0.Tests.Model.WorkItemTypeFieldInstanceModelTests" name="Rules" />
    </UnitTest>
    <UnitTest name="Transitions" storage="d:\v2.0\a1\_work\dbded102\bin\release.anycpu\tfs.service\ms.tf.workitemtracking.web.l0.tests\ms.tf.workitemtracking.web.l0.tests.dll" id="1cca20b8-8524-19c4-c46b-809667760261">
      <Execution id="0a5ea9ba-5c36-488c-9df5-c4460444ca71" />
      <TestMethod codeBase="D:\v2.0\A1\_work\dbded102\bin\Release.AnyCPU\Tfs.Service\MS.TF.WorkItemTracking.Web.L0.Tests\MS.TF.WorkItemTracking.Web.L0.Tests.dll" adapterTypeName="Microsoft.VisualStudio.TestTools.TestTypes.Unit.UnitTestAdapter" className="MS.TF.WorkItemTracking.Web.L0.Tests.Model.WorkItemTypeModelTests" name="Transitions" />
    </UnitTest>
    <UnitTest name="TestUpdateWorkItemTemplate" storage="d:\v2.0\a1\_work\dbded102\bin\release.anycpu\tfs.service\ms.tf.workitemtracking.web.l0.tests\ms.tf.workitemtracking.web.l0.tests.dll" priority="1" id="28f11042-99df-91e0-8770-82ae7b4e5820">
      <Owners>
        <Owner name="tfmwit" />
      </Owners>
      <Execution id="290989d0-308e-4fd4-bee6-11f8c7df7ec8" />
      <TestMethod codeBase="D:\v2.0\A1\_work\dbded102\bin\Release.AnyCPU\Tfs.Service\MS.TF.WorkItemTracking.Web.L0.Tests\MS.TF.WorkItemTracking.Web.L0.Tests.dll" adapterTypeName="Microsoft.VisualStudio.TestTools.TestTypes.Unit.UnitTestAdapter" className="MS.TF.WorkItemTracking.Web.L0.Tests.V2.Controllers.WorkItemControllerPermissionTests" name="TestUpdateWorkItemTemplate" />
    </UnitTest>
    <UnitTest name="TestUpdateWorkItemTemplate_Disallowed" storage="d:\v2.0\a1\_work\dbded102\bin\release.anycpu\tfs.service\ms.tf.workitemtracking.web.l0.tests\ms.tf.workitemtracking.web.l0.tests.dll" priority="1" id="97c94660-44a5-92a8-60f3-df200cc1893c">
      <Owners>
        <Owner name="tfmwit" />
      </Owners>
      <Execution id="c9330143-d4c6-43e7-afc0-1c7330e21e50" />
      <TestMethod codeBase="D:\v2.0\A1\_work\dbded102\bin\Release.AnyCPU\Tfs.Service\MS.TF.WorkItemTracking.Web.L0.Tests\MS.TF.WorkItemTracking.Web.L0.Tests.dll" adapterTypeName="Microsoft.VisualStudio.TestTools.TestTypes.Unit.UnitTestAdapter" className="MS.TF.WorkItemTracking.Web.L0.Tests.V2.Controllers.WorkItemControllerPermissionTests" name="TestUpdateWorkItemTemplate_Disallowed" />
    </UnitTest>
    <UnitTest name="TestGetWorkItem" storage="d:\v2.0\a1\_work\dbded102\bin\release.anycpu\tfs.service\ms.tf.workitemtracking.web.l0.tests\ms.tf.workitemtracking.web.l0.tests.dll" priority="1" id="6fd32b94-7de9-469e-fea1-0811e7539977">
      <Owners>
        <Owner name="tfmwit" />
      </Owners>
      <Execution id="05dd3943-af8c-4fad-b054-4117acf7174d" />
      <TestMethod codeBase="D:\v2.0\A1\_work\dbded102\bin\Release.AnyCPU\Tfs.Service\MS.TF.WorkItemTracking.Web.L0.Tests\MS.TF.WorkItemTracking.Web.L0.Tests.dll" adapterTypeName="Microsoft.VisualStudio.TestTools.TestTypes.Unit.UnitTestAdapter" className="MS.TF.WorkItemTracking.Web.L0.Tests.V2.Controllers.WorkItemControllerPermissionTests" name="TestGetWorkItem" />
    </UnitTest>
    <UnitTest name="TestGetWorkItem_Disallowed" storage="d:\v2.0\a1\_work\dbded102\bin\release.anycpu\tfs.service\ms.tf.workitemtracking.web.l0.tests\ms.tf.workitemtracking.web.l0.tests.dll" priority="1" id="8b36c75d-5ff3-9719-6b9d-1cbfe405b295">
      <Owners>
        <Owner name="tfmwit" />
      </Owners>
      <Execution id="f15d5d22-81a3-46f0-a9cb-73d3f2ad547a" />
      <TestMethod codeBase="D:\v2.0\A1\_work\dbded102\bin\Release.AnyCPU\Tfs.Service\MS.TF.WorkItemTracking.Web.L0.Tests\MS.TF.WorkItemTracking.Web.L0.Tests.dll" adapterTypeName="Microsoft.VisualStudio.TestTools.TestTypes.Unit.UnitTestAdapter" className="MS.TF.WorkItemTracking.Web.L0.Tests.V2.Controllers.WorkItemControllerPermissionTests" name="TestGetWorkItem_Disallowed" />
    </UnitTest>
    <UnitTest name="TestUpdateWorkItem" storage="d:\v2.0\a1\_work\dbded102\bin\release.anycpu\tfs.service\ms.tf.workitemtracking.web.l0.tests\ms.tf.workitemtracking.web.l0.tests.dll" priority="1" id="54c56e1e-5e87-951a-9d26-dd2e627e53c1">
      <Owners>
        <Owner name="tfmwit" />
      </Owners>
      <Execution id="6e725fad-cd27-4ba2-a80b-5f9a780f167a" />
      <TestMethod codeBase="D:\v2.0\A1\_work\dbded102\bin\Release.AnyCPU\Tfs.Service\MS.TF.WorkItemTracking.Web.L0.Tests\MS.TF.WorkItemTracking.Web.L0.Tests.dll" adapterTypeName="Microsoft.VisualStudio.TestTools.TestTypes.Unit.UnitTestAdapter" className="MS.TF.WorkItemTracking.Web.L0.Tests.V2.Controllers.WorkItemControllerPermissionTests" name="TestUpdateWorkItem" />
    </UnitTest>
    <UnitTest name="TestUpdateWorkItem_Disallowed" storage="d:\v2.0\a1\_work\dbded102\bin\release.anycpu\tfs.service\ms.tf.workitemtracking.web.l0.tests\ms.tf.workitemtracking.web.l0.tests.dll" priority="1" id="11fea4ef-aaab-324a-1f69-98ebc2d92a46">
      <Owners>
        <Owner name="tfmwit" />
      </Owners>
      <Execution id="8ed0193e-239e-4c55-a459-f28f33939999" />
      <TestMethod codeBase="D:\v2.0\A1\_work\dbded102\bin\Release.AnyCPU\Tfs.Service\MS.TF.WorkItemTracking.Web.L0.Tests\MS.TF.WorkItemTracking.Web.L0.Tests.dll" adapterTypeName="Microsoft.VisualStudio.TestTools.TestTypes.Unit.UnitTestAdapter" className="MS.TF.WorkItemTracking.Web.L0.Tests.V2.Controllers.WorkItemControllerPermissionTests" name="TestUpdateWorkItem_Disallowed" />
    </UnitTest>
    <UnitTest name="GetWorkItems_IdsNull" storage="d:\v2.0\a1\_work\dbded102\bin\release.anycpu\tfs.service\ms.tf.workitemtracking.web.l0.tests\ms.tf.workitemtracking.web.l0.tests.dll" id="4b160e8a-b9ac-f4ee-65f6-8e13408d3342">
      <Owners>
        <Owner name="tfsmwit" />
      </Owners>
      <Execution id="dd8f5610-a089-4190-9378-e12880711fb1" />
      <TestMethod codeBase="D:\v2.0\A1\_work\dbded102\bin\Release.AnyCPU\Tfs.Service\MS.TF.WorkItemTracking.Web.L0.Tests\MS.TF.WorkItemTracking.Web.L0.Tests.dll" adapterTypeName="Microsoft.VisualStudio.TestTools.TestTypes.Unit.UnitTestAdapter" className="MS.TF.WorkItemTracking.Web.L0.Tests.V2.Controllers.WorkItemsControllerValidationTests" name="GetWorkItems_IdsNull" />
    </UnitTest>
    <UnitTest name="GetWorkItems_IdsEmpty" storage="d:\v2.0\a1\_work\dbded102\bin\release.anycpu\tfs.service\ms.tf.workitemtracking.web.l0.tests\ms.tf.workitemtracking.web.l0.tests.dll" id="6480f76c-37f5-509a-a1ac-127d3ca68b1a">
      <Owners>
        <Owner name="tfsmwit" />
      </Owners>
      <Execution id="4106514d-cb36-4717-9ee0-319fc71466fb" />
      <TestMethod codeBase="D:\v2.0\A1\_work\dbded102\bin\Release.AnyCPU\Tfs.Service\MS.TF.WorkItemTracking.Web.L0.Tests\MS.TF.WorkItemTracking.Web.L0.Tests.dll" adapterTypeName="Microsoft.VisualStudio.TestTools.TestTypes.Unit.UnitTestAdapter" className="MS.TF.WorkItemTracking.Web.L0.Tests.V2.Controllers.WorkItemsControllerValidationTests" name="GetWorkItems_IdsEmpty" />
    </UnitTest>
    <UnitTest name="GetWorkItems_IllegalIds" storage="d:\v2.0\a1\_work\dbded102\bin\release.anycpu\tfs.service\ms.tf.workitemtracking.web.l0.tests\ms.tf.workitemtracking.web.l0.tests.dll" id="6f340da6-76a4-49ab-87eb-65a9bf4a5708">
      <Owners>
        <Owner name="tfsmwit" />
      </Owners>
      <Execution id="249f82a2-9db4-468c-9804-206caa2ed3f9" />
      <TestMethod codeBase="D:\v2.0\A1\_work\dbded102\bin\Release.AnyCPU\Tfs.Service\MS.TF.WorkItemTracking.Web.L0.Tests\MS.TF.WorkItemTracking.Web.L0.Tests.dll" adapterTypeName="Microsoft.VisualStudio.TestTools.TestTypes.Unit.UnitTestAdapter" className="MS.TF.WorkItemTracking.Web.L0.Tests.V2.Controllers.WorkItemsControllerValidationTests" name="GetWorkItems_IllegalIds" />
    </UnitTest>
    <UnitTest name="GetWorkItems_InvalidAsOfDateTime" storage="d:\v2.0\a1\_work\dbded102\bin\release.anycpu\tfs.service\ms.tf.workitemtracking.web.l0.tests\ms.tf.workitemtracking.web.l0.tests.dll" id="5d1eb8c3-1756-cb41-abe6-83e8e1da12f0">
      <Owners>
        <Owner name="tfsmwit" />
      </Owners>
      <Execution id="9ed76a0a-125e-4345-97dc-ace7912c1143" />
      <TestMethod codeBase="D:\v2.0\A1\_work\dbded102\bin\Release.AnyCPU\Tfs.Service\MS.TF.WorkItemTracking.Web.L0.Tests\MS.TF.WorkItemTracking.Web.L0.Tests.dll" adapterTypeName="Microsoft.VisualStudio.TestTools.TestTypes.Unit.UnitTestAdapter" className="MS.TF.WorkItemTracking.Web.L0.Tests.V2.Controllers.WorkItemsControllerValidationTests" name="GetWorkItems_InvalidAsOfDateTime" />
    </UnitTest>
    <UnitTest name="GetWorkItem_NullWorkItem" storage="d:\v2.0\a1\_work\dbded102\bin\release.anycpu\tfs.service\ms.tf.workitemtracking.web.l0.tests\ms.tf.workitemtracking.web.l0.tests.dll" id="504d6870-6198-22f1-ced1-6285707ae896">
      <Owners>
        <Owner name="tfsmwit" />
      </Owners>
      <Execution id="cd843e67-97de-4d7e-83bf-7079114cf760" />
      <TestMethod codeBase="D:\v2.0\A1\_work\dbded102\bin\Release.AnyCPU\Tfs.Service\MS.TF.WorkItemTracking.Web.L0.Tests\MS.TF.WorkItemTracking.Web.L0.Tests.dll" adapterTypeName="Microsoft.VisualStudio.TestTools.TestTypes.Unit.UnitTestAdapter" className="MS.TF.WorkItemTracking.Web.L0.Tests.V2.Controllers.WorkItemsControllerValidationTests" name="GetWorkItem_NullWorkItem" />
    </UnitTest>
    <UnitTest name="GetWorkItems_FieldsAndExpand" storage="d:\v2.0\a1\_work\dbded102\bin\release.anycpu\tfs.service\ms.tf.workitemtracking.web.l0.tests\ms.tf.workitemtracking.web.l0.tests.dll" id="41e2966d-2fe6-349b-f160-340231c89e14">
      <Owners>
        <Owner name="tfsmwit" />
      </Owners>
      <Execution id="09c4de76-8cf6-4dcf-b4a7-d287403dc2ba" />
      <TestMethod codeBase="D:\v2.0\A1\_work\dbded102\bin\Release.AnyCPU\Tfs.Service\MS.TF.WorkItemTracking.Web.L0.Tests\MS.TF.WorkItemTracking.Web.L0.Tests.dll" adapterTypeName="Microsoft.VisualStudio.TestTools.TestTypes.Unit.UnitTestAdapter" className="MS.TF.WorkItemTracking.Web.L0.Tests.V2.Controllers.WorkItemsControllerValidationTests" name="GetWorkItems_FieldsAndExpand" />
    </UnitTest>
    <UnitTest name="GetWorkItems_FieldsAsOfAndExpand" storage="d:\v2.0\a1\_work\dbded102\bin\release.anycpu\tfs.service\ms.tf.workitemtracking.web.l0.tests\ms.tf.workitemtracking.web.l0.tests.dll" id="1f45ba66-c175-243e-2492-db814eed7d8a">
      <Owners>
        <Owner name="tfsmwit" />
      </Owners>
      <Execution id="c572c2de-2f56-4b7c-91df-36a3b441fe1e" />
      <TestMethod codeBase="D:\v2.0\A1\_work\dbded102\bin\Release.AnyCPU\Tfs.Service\MS.TF.WorkItemTracking.Web.L0.Tests\MS.TF.WorkItemTracking.Web.L0.Tests.dll" adapterTypeName="Microsoft.VisualStudio.TestTools.TestTypes.Unit.UnitTestAdapter" className="MS.TF.WorkItemTracking.Web.L0.Tests.V2.Controllers.WorkItemsControllerValidationTests" name="GetWorkItems_FieldsAsOfAndExpand" />
    </UnitTest>
    <UnitTest name="UpdateWorkItem_NullDocument" storage="d:\v2.0\a1\_work\dbded102\bin\release.anycpu\tfs.service\ms.tf.workitemtracking.web.l0.tests\ms.tf.workitemtracking.web.l0.tests.dll" id="e7143363-2690-1bbb-5078-72de59d1e4f5">
      <Owners>
        <Owner name="tfsmwit" />
      </Owners>
      <Execution id="aa4ab9d3-90e4-40e7-ba0a-48ad75d67577" />
      <TestMethod codeBase="D:\v2.0\A1\_work\dbded102\bin\Release.AnyCPU\Tfs.Service\MS.TF.WorkItemTracking.Web.L0.Tests\MS.TF.WorkItemTracking.Web.L0.Tests.dll" adapterTypeName="Microsoft.VisualStudio.TestTools.TestTypes.Unit.UnitTestAdapter" className="MS.TF.WorkItemTracking.Web.L0.Tests.V2.Controllers.WorkItemsControllerValidationTests" name="UpdateWorkItem_NullDocument" />
    </UnitTest>
    <UnitTest name="UpdateWorkItem_WithTypeNullDocument" storage="d:\v2.0\a1\_work\dbded102\bin\release.anycpu\tfs.service\ms.tf.workitemtracking.web.l0.tests\ms.tf.workitemtracking.web.l0.tests.dll" id="3b454649-68a3-e7a0-f8ff-83a238a08299">
      <Owners>
        <Owner name="tfsmwit" />
      </Owners>
      <Execution id="2f6c58dc-6a48-444d-b0db-5cadbc7eb923" />
      <TestMethod codeBase="D:\v2.0\A1\_work\dbded102\bin\Release.AnyCPU\Tfs.Service\MS.TF.WorkItemTracking.Web.L0.Tests\MS.TF.WorkItemTracking.Web.L0.Tests.dll" adapterTypeName="Microsoft.VisualStudio.TestTools.TestTypes.Unit.UnitTestAdapter" className="MS.TF.WorkItemTracking.Web.L0.Tests.V2.Controllers.WorkItemsControllerValidationTests" name="UpdateWorkItem_WithTypeNullDocument" />
    </UnitTest>
    <UnitTest name="UpdateWorkItem_InvalidPathStart" storage="d:\v2.0\a1\_work\dbded102\bin\release.anycpu\tfs.service\ms.tf.workitemtracking.web.l0.tests\ms.tf.workitemtracking.web.l0.tests.dll" id="27862cfe-18fd-0f49-e375-5a6cf86cf62f">
      <Owners>
        <Owner name="tfsmwit" />
      </Owners>
      <Execution id="4c0f0e4c-3925-49f8-b959-a7ff6a1853f0" />
      <TestMethod codeBase="D:\v2.0\A1\_work\dbded102\bin\Release.AnyCPU\Tfs.Service\MS.TF.WorkItemTracking.Web.L0.Tests\MS.TF.WorkItemTracking.Web.L0.Tests.dll" adapterTypeName="Microsoft.VisualStudio.TestTools.TestTypes.Unit.UnitTestAdapter" className="MS.TF.WorkItemTracking.Web.L0.Tests.V2.Controllers.WorkItemsControllerValidationTests" name="UpdateWorkItem_InvalidPathStart" />
    </UnitTest>
    <UnitTest name="UpdateWorkItem_RemoveEntireObject" storage="d:\v2.0\a1\_work\dbded102\bin\release.anycpu\tfs.service\ms.tf.workitemtracking.web.l0.tests\ms.tf.workitemtracking.web.l0.tests.dll" id="56136ca7-ce63-00d5-e0d9-ad392d02da86">
      <Owners>
        <Owner name="tfsmwit" />
      </Owners>
      <Execution id="8c1b1a64-06e9-4fa3-8c34-e2c35056b2bd" />
      <TestMethod codeBase="D:\v2.0\A1\_work\dbded102\bin\Release.AnyCPU\Tfs.Service\MS.TF.WorkItemTracking.Web.L0.Tests\MS.TF.WorkItemTracking.Web.L0.Tests.dll" adapterTypeName="Microsoft.VisualStudio.TestTools.TestTypes.Unit.UnitTestAdapter" className="MS.TF.WorkItemTracking.Web.L0.Tests.V2.Controllers.WorkItemsControllerValidationTests" name="UpdateWorkItem_RemoveEntireObject" />
    </UnitTest>
    <UnitTest name="UpdateWorkItem_RemoveTopLevelProperty" storage="d:\v2.0\a1\_work\dbded102\bin\release.anycpu\tfs.service\ms.tf.workitemtracking.web.l0.tests\ms.tf.workitemtracking.web.l0.tests.dll" id="74e128f5-5c98-b89b-977c-5ec8ef1729cd">
      <Owners>
        <Owner name="tfsmwit" />
      </Owners>
      <Execution id="a22ce3f3-371d-4e60-92d6-9d537fb37ae1" />
      <TestMethod codeBase="D:\v2.0\A1\_work\dbded102\bin\Release.AnyCPU\Tfs.Service\MS.TF.WorkItemTracking.Web.L0.Tests\MS.TF.WorkItemTracking.Web.L0.Tests.dll" adapterTypeName="Microsoft.VisualStudio.TestTools.TestTypes.Unit.UnitTestAdapter" className="MS.TF.WorkItemTracking.Web.L0.Tests.V2.Controllers.WorkItemsControllerValidationTests" name="UpdateWorkItem_RemoveTopLevelProperty" />
    </UnitTest>
    <UnitTest name="UpdateWorkItem_AddEntireObject" storage="d:\v2.0\a1\_work\dbded102\bin\release.anycpu\tfs.service\ms.tf.workitemtracking.web.l0.tests\ms.tf.workitemtracking.web.l0.tests.dll" id="bec5dbf1-9898-2d0e-388c-4411b5c65490">
      <Owners>
        <Owner name="tfsmwit" />
      </Owners>
      <Execution id="8bd17dd9-6ffe-4b1f-9547-f2792aa01d97" />
      <TestMethod codeBase="D:\v2.0\A1\_work\dbded102\bin\Release.AnyCPU\Tfs.Service\MS.TF.WorkItemTracking.Web.L0.Tests\MS.TF.WorkItemTracking.Web.L0.Tests.dll" adapterTypeName="Microsoft.VisualStudio.TestTools.TestTypes.Unit.UnitTestAdapter" className="MS.TF.WorkItemTracking.Web.L0.Tests.V2.Controllers.WorkItemsControllerValidationTests" name="UpdateWorkItem_AddEntireObject" />
    </UnitTest>
    <UnitTest name="UpdateWorkItem_AddTopLevelProperty" storage="d:\v2.0\a1\_work\dbded102\bin\release.anycpu\tfs.service\ms.tf.workitemtracking.web.l0.tests\ms.tf.workitemtracking.web.l0.tests.dll" id="f1364cc4-3b00-4838-51b8-ea5ee2eab14e">
      <Owners>
        <Owner name="tfsmwit" />
      </Owners>
      <Execution id="190375df-7e77-40ca-be9c-4dbd974f7a84" />
      <TestMethod codeBase="D:\v2.0\A1\_work\dbded102\bin\Release.AnyCPU\Tfs.Service\MS.TF.WorkItemTracking.Web.L0.Tests\MS.TF.WorkItemTracking.Web.L0.Tests.dll" adapterTypeName="Microsoft.VisualStudio.TestTools.TestTypes.Unit.UnitTestAdapter" className="MS.TF.WorkItemTracking.Web.L0.Tests.V2.Controllers.WorkItemsControllerValidationTests" name="UpdateWorkItem_AddTopLevelProperty" />
    </UnitTest>
    <UnitTest name="UpdateWorkItem_InvalidRelationType" storage="d:\v2.0\a1\_work\dbded102\bin\release.anycpu\tfs.service\ms.tf.workitemtracking.web.l0.tests\ms.tf.workitemtracking.web.l0.tests.dll" id="d32da0dc-6d69-9384-2638-108723243641">
      <Owners>
        <Owner name="tfsmwit" />
      </Owners>
      <Execution id="2cb4eeef-705e-416f-98ba-3c78d471ddd9" />
      <TestMethod codeBase="D:\v2.0\A1\_work\dbded102\bin\Release.AnyCPU\Tfs.Service\MS.TF.WorkItemTracking.Web.L0.Tests\MS.TF.WorkItemTracking.Web.L0.Tests.dll" adapterTypeName="Microsoft.VisualStudio.TestTools.TestTypes.Unit.UnitTestAdapter" className="MS.TF.WorkItemTracking.Web.L0.Tests.V2.Controllers.WorkItemsControllerValidationTests" name="UpdateWorkItem_InvalidRelationType" />
    </UnitTest>
    <UnitTest name="GetRevisions_TopOutOfRange" storage="d:\v2.0\a1\_work\dbded102\bin\release.anycpu\tfs.service\ms.tf.workitemtracking.web.l0.tests\ms.tf.workitemtracking.web.l0.tests.dll" id="4906be0c-2fe8-51c1-8739-607e6f2a4f7a">
      <Owners>
        <Owner name="tfsmwit" />
      </Owners>
      <Execution id="427bf58a-16fe-4b76-86a8-b79fda988440" />
      <TestMethod codeBase="D:\v2.0\A1\_work\dbded102\bin\Release.AnyCPU\Tfs.Service\MS.TF.WorkItemTracking.Web.L0.Tests\MS.TF.WorkItemTracking.Web.L0.Tests.dll" adapterTypeName="Microsoft.VisualStudio.TestTools.TestTypes.Unit.UnitTestAdapter" className="MS.TF.WorkItemTracking.Web.L0.Tests.V2.Controllers.WorkItemRevisionControllerValidationTests" name="GetRevisions_TopOutOfRange" />
    </UnitTest>
    <UnitTest name="GetRevisions_SkipOutOfRange" storage="d:\v2.0\a1\_work\dbded102\bin\release.anycpu\tfs.service\ms.tf.workitemtracking.web.l0.tests\ms.tf.workitemtracking.web.l0.tests.dll" id="3a0bab9b-cfd5-7bce-2c7b-169899d5559f">
      <Owners>
        <Owner name="tfsmwit" />
      </Owners>
      <Execution id="02b87efa-b23d-4fb3-95bf-6d09b88ad6f1" />
      <TestMethod codeBase="D:\v2.0\A1\_work\dbded102\bin\Release.AnyCPU\Tfs.Service\MS.TF.WorkItemTracking.Web.L0.Tests\MS.TF.WorkItemTracking.Web.L0.Tests.dll" adapterTypeName="Microsoft.VisualStudio.TestTools.TestTypes.Unit.UnitTestAdapter" className="MS.TF.WorkItemTracking.Web.L0.Tests.V2.Controllers.WorkItemRevisionControllerValidationTests" name="GetRevisions_SkipOutOfRange" />
    </UnitTest>
    <UnitTest name="GetRevision_InvalidRevision" storage="d:\v2.0\a1\_work\dbded102\bin\release.anycpu\tfs.service\ms.tf.workitemtracking.web.l0.tests\ms.tf.workitemtracking.web.l0.tests.dll" id="b8d9bec7-4617-b8ac-546a-1cb19f18693a">
      <Owners>
        <Owner name="tfsmwit" />
      </Owners>
      <Execution id="7b0fe0f2-011f-416e-a247-e325f0e03f62" />
      <TestMethod codeBase="D:\v2.0\A1\_work\dbded102\bin\Release.AnyCPU\Tfs.Service\MS.TF.WorkItemTracking.Web.L0.Tests\MS.TF.WorkItemTracking.Web.L0.Tests.dll" adapterTypeName="Microsoft.VisualStudio.TestTools.TestTypes.Unit.UnitTestAdapter" className="MS.TF.WorkItemTracking.Web.L0.Tests.V2.Controllers.WorkItemRevisionControllerValidationTests" name="GetRevision_InvalidRevision" />
    </UnitTest>
    <UnitTest name="GetWorkItemById" storage="d:\v2.0\a1\_work\dbded102\bin\release.anycpu\tfs.service\ms.tf.workitemtracking.web.l0.tests\ms.tf.workitemtracking.web.l0.tests.dll" id="18276e90-ad90-f7dc-1f77-ceda58f20dc5">
      <Owners>
        <Owner name="tfsmwit" />
      </Owners>
      <Execution id="4bc1c020-bbb3-42d8-acea-e511b1c0cb24" />
      <TestMethod codeBase="D:\v2.0\A1\_work\dbded102\bin\Release.AnyCPU\Tfs.Service\MS.TF.WorkItemTracking.Web.L0.Tests\MS.TF.WorkItemTracking.Web.L0.Tests.dll" adapterTypeName="Microsoft.VisualStudio.TestTools.TestTypes.Unit.UnitTestAdapter" className="MS.TF.WorkItemTracking.Web.L0.Tests.V2.Controllers.WorkItemsControllerTests" name="GetWorkItemById" />
    </UnitTest>
    <UnitTest name="GetWorkItemByIds_WithLinks" storage="d:\v2.0\a1\_work\dbded102\bin\release.anycpu\tfs.service\ms.tf.workitemtracking.web.l0.tests\ms.tf.workitemtracking.web.l0.tests.dll" id="80d8d6b4-22ab-983e-c17e-4fe9ba2ab315">
      <Owners>
        <Owner name="tfsmwit" />
      </Owners>
      <Execution id="13fbcc77-a165-403e-ad08-0fb799d23fb3" />
      <TestMethod codeBase="D:\v2.0\A1\_work\dbded102\bin\Release.AnyCPU\Tfs.Service\MS.TF.WorkItemTracking.Web.L0.Tests\MS.TF.WorkItemTracking.Web.L0.Tests.dll" adapterTypeName="Microsoft.VisualStudio.TestTools.TestTypes.Unit.UnitTestAdapter" className="MS.TF.WorkItemTracking.Web.L0.Tests.V2.Controllers.WorkItemsControllerTests" name="GetWorkItemByIds_WithLinks" />
    </UnitTest>
    <UnitTest name="GetWorkItemByIdAndFields" storage="d:\v2.0\a1\_work\dbded102\bin\release.anycpu\tfs.service\ms.tf.workitemtracking.web.l0.tests\ms.tf.workitemtracking.web.l0.tests.dll" id="e00f8605-9708-bce9-2c7f-48e9bdc5a373">
      <Owners>
        <Owner name="tfsmwit" />
      </Owners>
      <Execution id="ea65be53-0a1c-4689-84a2-2cc772458c54" />
      <TestMethod codeBase="D:\v2.0\A1\_work\dbded102\bin\Release.AnyCPU\Tfs.Service\MS.TF.WorkItemTracking.Web.L0.Tests\MS.TF.WorkItemTracking.Web.L0.Tests.dll" adapterTypeName="Microsoft.VisualStudio.TestTools.TestTypes.Unit.UnitTestAdapter" className="MS.TF.WorkItemTracking.Web.L0.Tests.V2.Controllers.WorkItemsControllerTests" name="GetWorkItemByIdAndFields" />
    </UnitTest>
    <UnitTest name="GetWorkItemsById" storage="d:\v2.0\a1\_work\dbded102\bin\release.anycpu\tfs.service\ms.tf.workitemtracking.web.l0.tests\ms.tf.workitemtracking.web.l0.tests.dll" id="5530dbbc-210f-4758-5ba7-5a3766075e8c">
      <Owners>
        <Owner name="tfsmwit" />
      </Owners>
      <Execution id="2ff00abc-89a4-4604-8ced-0c99fedb2072" />
      <TestMethod codeBase="D:\v2.0\A1\_work\dbded102\bin\Release.AnyCPU\Tfs.Service\MS.TF.WorkItemTracking.Web.L0.Tests\MS.TF.WorkItemTracking.Web.L0.Tests.dll" adapterTypeName="Microsoft.VisualStudio.TestTools.TestTypes.Unit.UnitTestAdapter" className="MS.TF.WorkItemTracking.Web.L0.Tests.V2.Controllers.WorkItemsControllerTests" name="GetWorkItemsById" />
    </UnitTest>
    <UnitTest name="GetWorkItemsByIdAndAsof" storage="d:\v2.0\a1\_work\dbded102\bin\release.anycpu\tfs.service\ms.tf.workitemtracking.web.l0.tests\ms.tf.workitemtracking.web.l0.tests.dll" id="ca2ae1d6-3827-ee80-4dca-09b0ed60f289">
      <Owners>
        <Owner name="tfsmwit" />
      </Owners>
      <Execution id="66664047-9989-4085-9d0c-36debff475b1" />
      <TestMethod codeBase="D:\v2.0\A1\_work\dbded102\bin\Release.AnyCPU\Tfs.Service\MS.TF.WorkItemTracking.Web.L0.Tests\MS.TF.WorkItemTracking.Web.L0.Tests.dll" adapterTypeName="Microsoft.VisualStudio.TestTools.TestTypes.Unit.UnitTestAdapter" className="MS.TF.WorkItemTracking.Web.L0.Tests.V2.Controllers.WorkItemsControllerTests" name="GetWorkItemsByIdAndAsof" />
    </UnitTest>
    <UnitTest name="GetWorkItems_AsOfNoFields" storage="d:\v2.0\a1\_work\dbded102\bin\release.anycpu\tfs.service\ms.tf.workitemtracking.web.l0.tests\ms.tf.workitemtracking.web.l0.tests.dll" id="4953f04e-566a-78f4-d866-4b4c02b44313">
      <Owners>
        <Owner name="tfsmwit" />
      </Owners>
      <Execution id="d4c3c84b-45a2-4675-b4df-ba389aaa8038" />
      <TestMethod codeBase="D:\v2.0\A1\_work\dbded102\bin\Release.AnyCPU\Tfs.Service\MS.TF.WorkItemTracking.Web.L0.Tests\MS.TF.WorkItemTracking.Web.L0.Tests.dll" adapterTypeName="Microsoft.VisualStudio.TestTools.TestTypes.Unit.UnitTestAdapter" className="MS.TF.WorkItemTracking.Web.L0.Tests.V2.Controllers.WorkItemsControllerTests" name="GetWorkItems_AsOfNoFields" />
    </UnitTest>
    <UnitTest name="CreateWorkItem" storage="d:\v2.0\a1\_work\dbded102\bin\release.anycpu\tfs.service\ms.tf.workitemtracking.web.l0.tests\ms.tf.workitemtracking.web.l0.tests.dll" id="731a690e-f2a4-6685-1fc3-ba3585f6ecf9">
      <Owners>
        <Owner name="tfsmwit" />
      </Owners>
      <Execution id="5e7d2b32-621c-4883-992e-3a4e4e028c0e" />
      <TestMethod codeBase="D:\v2.0\A1\_work\dbded102\bin\Release.AnyCPU\Tfs.Service\MS.TF.WorkItemTracking.Web.L0.Tests\MS.TF.WorkItemTracking.Web.L0.Tests.dll" adapterTypeName="Microsoft.VisualStudio.TestTools.TestTypes.Unit.UnitTestAdapter" className="MS.TF.WorkItemTracking.Web.L0.Tests.V2.Controllers.WorkItemsControllerTests" name="CreateWorkItem" />
    </UnitTest>
    <UnitTest name="CreateWorkItemWithResourceLink" storage="d:\v2.0\a1\_work\dbded102\bin\release.anycpu\tfs.service\ms.tf.workitemtracking.web.l0.tests\ms.tf.workitemtracking.web.l0.tests.dll" id="37066c43-36fa-ec09-56e7-9a5e9beddbd9">
      <Owners>
        <Owner name="tfsmwit" />
      </Owners>
      <Execution id="7e1e3861-856f-4d4a-97e8-2c0d8a65cc93" />
      <TestMethod codeBase="D:\v2.0\A1\_work\dbded102\bin\Release.AnyCPU\Tfs.Service\MS.TF.WorkItemTracking.Web.L0.Tests\MS.TF.WorkItemTracking.Web.L0.Tests.dll" adapterTypeName="Microsoft.VisualStudio.TestTools.TestTypes.Unit.UnitTestAdapter" className="MS.TF.WorkItemTracking.Web.L0.Tests.V2.Controllers.WorkItemsControllerTests" name="CreateWorkItemWithResourceLink" />
    </UnitTest>
    <UnitTest name="CreateWorkItemWithWorkItemLink" storage="d:\v2.0\a1\_work\dbded102\bin\release.anycpu\tfs.service\ms.tf.workitemtracking.web.l0.tests\ms.tf.workitemtracking.web.l0.tests.dll" id="2196d4f9-1105-359b-053b-25f5e28bbebe">
      <Owners>
        <Owner name="tfsmwit" />
      </Owners>
      <Execution id="20c09510-c5e2-41ec-8bd1-3aae98302127" />
      <TestMethod codeBase="D:\v2.0\A1\_work\dbded102\bin\Release.AnyCPU\Tfs.Service\MS.TF.WorkItemTracking.Web.L0.Tests\MS.TF.WorkItemTracking.Web.L0.Tests.dll" adapterTypeName="Microsoft.VisualStudio.TestTools.TestTypes.Unit.UnitTestAdapter" className="MS.TF.WorkItemTracking.Web.L0.Tests.V2.Controllers.WorkItemsControllerTests" name="CreateWorkItemWithWorkItemLink" />
    </UnitTest>
    <UnitTest name="GetWorkItemTemplate_WithExpand" storage="d:\v2.0\a1\_work\dbded102\bin\release.anycpu\tfs.service\ms.tf.workitemtracking.web.l0.tests\ms.tf.workitemtracking.web.l0.tests.dll" id="e92ee296-d898-6ff3-0367-a1cbe1e186a2">
      <Owners>
        <Owner name="tfsmwit" />
      </Owners>
      <Execution id="72adbb4c-7be0-4d7a-9547-a3d030c1aa46" />
      <TestMethod codeBase="D:\v2.0\A1\_work\dbded102\bin\Release.AnyCPU\Tfs.Service\MS.TF.WorkItemTracking.Web.L0.Tests\MS.TF.WorkItemTracking.Web.L0.Tests.dll" adapterTypeName="Microsoft.VisualStudio.TestTools.TestTypes.Unit.UnitTestAdapter" className="MS.TF.WorkItemTracking.Web.L0.Tests.V2.Controllers.WorkItemsControllerTests" name="GetWorkItemTemplate_WithExpand" />
    </UnitTest>
    <UnitTest name="UpdateWorkItem" storage="d:\v2.0\a1\_work\dbded102\bin\release.anycpu\tfs.service\ms.tf.workitemtracking.web.l0.tests\ms.tf.workitemtracking.web.l0.tests.dll" id="59a199a7-033f-3f55-9cfb-af34a791dd24">
      <Owners>
        <Owner name="tfsmwit" />
      </Owners>
      <Execution id="ae5fb057-7dc9-4dea-ac03-543e2ee168f2" />
      <TestMethod codeBase="D:\v2.0\A1\_work\dbded102\bin\Release.AnyCPU\Tfs.Service\MS.TF.WorkItemTracking.Web.L0.Tests\MS.TF.WorkItemTracking.Web.L0.Tests.dll" adapterTypeName="Microsoft.VisualStudio.TestTools.TestTypes.Unit.UnitTestAdapter" className="MS.TF.WorkItemTracking.Web.L0.Tests.V2.Controllers.WorkItemsControllerTests" name="UpdateWorkItem" />
    </UnitTest>
    <UnitTest name="UpdateWorkItem_WithWorkItemLinksAndResourceLinks" storage="d:\v2.0\a1\_work\dbded102\bin\release.anycpu\tfs.service\ms.tf.workitemtracking.web.l0.tests\ms.tf.workitemtracking.web.l0.tests.dll" id="d4df85c8-3f44-88a1-5222-41ac77284c57">
      <Owners>
        <Owner name="tfsmwit" />
      </Owners>
      <Execution id="8fb5edf5-0a50-41b3-bae0-aead15204fd7" />
      <TestMethod codeBase="D:\v2.0\A1\_work\dbded102\bin\Release.AnyCPU\Tfs.Service\MS.TF.WorkItemTracking.Web.L0.Tests\MS.TF.WorkItemTracking.Web.L0.Tests.dll" adapterTypeName="Microsoft.VisualStudio.TestTools.TestTypes.Unit.UnitTestAdapter" className="MS.TF.WorkItemTracking.Web.L0.Tests.V2.Controllers.WorkItemsControllerTests" name="UpdateWorkItem_WithWorkItemLinksAndResourceLinks" />
    </UnitTest>
    <UnitTest name="GetWorkItem_RetrievesHistoryWhenNecessary" storage="d:\v2.0\a1\_work\dbded102\bin\release.anycpu\tfs.service\ms.tf.workitemtracking.web.l0.tests\ms.tf.workitemtracking.web.l0.tests.dll" id="a98dc41e-07e6-6540-5744-6dec950bb69c">
      <Owners>
        <Owner name="tfsmwit" />
      </Owners>
      <Execution id="e49de2a1-9c8b-436e-a91a-885d2a825152" />
      <TestMethod codeBase="D:\v2.0\A1\_work\dbded102\bin\Release.AnyCPU\Tfs.Service\MS.TF.WorkItemTracking.Web.L0.Tests\MS.TF.WorkItemTracking.Web.L0.Tests.dll" adapterTypeName="Microsoft.VisualStudio.TestTools.TestTypes.Unit.UnitTestAdapter" className="MS.TF.WorkItemTracking.Web.L0.Tests.V2.Controllers.WorkItemsControllerTests" name="GetWorkItem_RetrievesHistoryWhenNecessary" />
    </UnitTest>
    <UnitTest name="GetWorkItem_NoRetrievesHistoryWhenUnnecessary" storage="d:\v2.0\a1\_work\dbded102\bin\release.anycpu\tfs.service\ms.tf.workitemtracking.web.l0.tests\ms.tf.workitemtracking.web.l0.tests.dll" id="6f12a53a-5d70-4496-9f84-7fcee0383d78">
      <Owners>
        <Owner name="tfsmwit" />
      </Owners>
      <Execution id="cbfbe851-a6ef-452c-9d23-c590106fb152" />
      <TestMethod codeBase="D:\v2.0\A1\_work\dbded102\bin\Release.AnyCPU\Tfs.Service\MS.TF.WorkItemTracking.Web.L0.Tests\MS.TF.WorkItemTracking.Web.L0.Tests.dll" adapterTypeName="Microsoft.VisualStudio.TestTools.TestTypes.Unit.UnitTestAdapter" className="MS.TF.WorkItemTracking.Web.L0.Tests.V2.Controllers.WorkItemsControllerTests" name="GetWorkItem_NoRetrievesHistoryWhenUnnecessary" />
    </UnitTest>
    <UnitTest name="GetWorkItem_RetrievesNoLinksOnNoExpand" storage="d:\v2.0\a1\_work\dbded102\bin\release.anycpu\tfs.service\ms.tf.workitemtracking.web.l0.tests\ms.tf.workitemtracking.web.l0.tests.dll" id="a56bc1c6-e95e-b459-248a-9482d7393b41">
      <Owners>
        <Owner name="tfsmwit" />
      </Owners>
      <Execution id="23a690a6-1092-4cad-b88e-000bcd8db841" />
      <TestMethod codeBase="D:\v2.0\A1\_work\dbded102\bin\Release.AnyCPU\Tfs.Service\MS.TF.WorkItemTracking.Web.L0.Tests\MS.TF.WorkItemTracking.Web.L0.Tests.dll" adapterTypeName="Microsoft.VisualStudio.TestTools.TestTypes.Unit.UnitTestAdapter" className="MS.TF.WorkItemTracking.Web.L0.Tests.V2.Controllers.WorkItemsControllerTests" name="GetWorkItem_RetrievesNoLinksOnNoExpand" />
    </UnitTest>
    <UnitTest name="GetWorkItem_RetrievesLinksOnExpandRelations" storage="d:\v2.0\a1\_work\dbded102\bin\release.anycpu\tfs.service\ms.tf.workitemtracking.web.l0.tests\ms.tf.workitemtracking.web.l0.tests.dll" id="f600b8d8-7f6f-d474-5924-5a5d1e5e008a">
      <Owners>
        <Owner name="tfsmwit" />
      </Owners>
      <Execution id="18bcf1c5-e07a-4476-ab69-f273dfc720b5" />
      <TestMethod codeBase="D:\v2.0\A1\_work\dbded102\bin\Release.AnyCPU\Tfs.Service\MS.TF.WorkItemTracking.Web.L0.Tests\MS.TF.WorkItemTracking.Web.L0.Tests.dll" adapterTypeName="Microsoft.VisualStudio.TestTools.TestTypes.Unit.UnitTestAdapter" className="MS.TF.WorkItemTracking.Web.L0.Tests.V2.Controllers.WorkItemsControllerTests" name="GetWorkItem_RetrievesLinksOnExpandRelations" />
    </UnitTest>
    <UnitTest name="GetWorkItem_RetrievesLinksOnExpandAll" storage="d:\v2.0\a1\_work\dbded102\bin\release.anycpu\tfs.service\ms.tf.workitemtracking.web.l0.tests\ms.tf.workitemtracking.web.l0.tests.dll" id="679aa429-2b34-3359-531b-7c5ebb21376a">
      <Owners>
        <Owner name="tfsmwit" />
      </Owners>
      <Execution id="197b08fa-3f04-4ac4-b330-32330d099e8a" />
      <TestMethod codeBase="D:\v2.0\A1\_work\dbded102\bin\Release.AnyCPU\Tfs.Service\MS.TF.WorkItemTracking.Web.L0.Tests\MS.TF.WorkItemTracking.Web.L0.Tests.dll" adapterTypeName="Microsoft.VisualStudio.TestTools.TestTypes.Unit.UnitTestAdapter" className="MS.TF.WorkItemTracking.Web.L0.Tests.V2.Controllers.WorkItemsControllerTests" name="GetWorkItem_RetrievesLinksOnExpandAll" />
    </UnitTest>
    <UnitTest name="GetUpdates_TopOutOfRange" storage="d:\v2.0\a1\_work\dbded102\bin\release.anycpu\tfs.service\ms.tf.workitemtracking.web.l0.tests\ms.tf.workitemtracking.web.l0.tests.dll" id="5987e5cd-506e-8602-0636-d48095073756">
      <Owners>
        <Owner name="tfsmwit" />
      </Owners>
      <Execution id="f8b3a457-9ab2-4d61-b110-de3faff9e620" />
      <TestMethod codeBase="D:\v2.0\A1\_work\dbded102\bin\Release.AnyCPU\Tfs.Service\MS.TF.WorkItemTracking.Web.L0.Tests\MS.TF.WorkItemTracking.Web.L0.Tests.dll" adapterTypeName="Microsoft.VisualStudio.TestTools.TestTypes.Unit.UnitTestAdapter" className="MS.TF.WorkItemTracking.Web.L0.Tests.V2.Controllers.WorkItemUpdateControllerValidationTests" name="GetUpdates_TopOutOfRange" />
    </UnitTest>
    <UnitTest name="GetUpdates_SkipOutOfRange" storage="d:\v2.0\a1\_work\dbded102\bin\release.anycpu\tfs.service\ms.tf.workitemtracking.web.l0.tests\ms.tf.workitemtracking.web.l0.tests.dll" id="afdc6513-eefc-02bd-53de-565002e28e53">
      <Owners>
        <Owner name="tfsmwit" />
      </Owners>
      <Execution id="09a269c6-fa22-4158-8533-da3a0250476b" />
      <TestMethod codeBase="D:\v2.0\A1\_work\dbded102\bin\Release.AnyCPU\Tfs.Service\MS.TF.WorkItemTracking.Web.L0.Tests\MS.TF.WorkItemTracking.Web.L0.Tests.dll" adapterTypeName="Microsoft.VisualStudio.TestTools.TestTypes.Unit.UnitTestAdapter" className="MS.TF.WorkItemTracking.Web.L0.Tests.V2.Controllers.WorkItemUpdateControllerValidationTests" name="GetUpdates_SkipOutOfRange" />
    </UnitTest>
    <UnitTest name="GetUpdate_InvalidUpdateNumber" storage="d:\v2.0\a1\_work\dbded102\bin\release.anycpu\tfs.service\ms.tf.workitemtracking.web.l0.tests\ms.tf.workitemtracking.web.l0.tests.dll" id="2f970b36-c56a-1bf1-008d-eb3424512ef2">
      <Owners>
        <Owner name="tfsmwit" />
      </Owners>
      <Execution id="368e20c9-827f-4170-a349-90b2d84fd1a5" />
      <TestMethod codeBase="D:\v2.0\A1\_work\dbded102\bin\Release.AnyCPU\Tfs.Service\MS.TF.WorkItemTracking.Web.L0.Tests\MS.TF.WorkItemTracking.Web.L0.Tests.dll" adapterTypeName="Microsoft.VisualStudio.TestTools.TestTypes.Unit.UnitTestAdapter" className="MS.TF.WorkItemTracking.Web.L0.Tests.V2.Controllers.WorkItemUpdateControllerValidationTests" name="GetUpdate_InvalidUpdateNumber" />
    </UnitTest>
    <UnitTest name="GetWorkItemLinksNegativeWatermark" storage="d:\v2.0\a1\_work\dbded102\bin\release.anycpu\tfs.service\ms.tf.workitemtracking.web.l0.tests\ms.tf.workitemtracking.web.l0.tests.dll" id="85d9501a-b92a-20e7-e130-93995dc95eb1">
      <Owners>
        <Owner name="witiq" />
      </Owners>
      <Execution id="e31c9356-beb2-4e7e-bd78-2b41aee647cd" />
      <TestMethod codeBase="D:\v2.0\A1\_work\dbded102\bin\Release.AnyCPU\Tfs.Service\MS.TF.WorkItemTracking.Web.L0.Tests\MS.TF.WorkItemTracking.Web.L0.Tests.dll" adapterTypeName="Microsoft.VisualStudio.TestTools.TestTypes.Unit.UnitTestAdapter" className="MS.TF.WorkItemTracking.Web.L0.Tests.Controllers.ReportingWorkItemLinksControllerTests" name="GetWorkItemLinksNegativeWatermark" />
    </UnitTest>
    <UnitTest name="GetRevisionsNegativeWatermark" storage="d:\v2.0\a1\_work\dbded102\bin\release.anycpu\tfs.service\ms.tf.workitemtracking.web.l0.tests\ms.tf.workitemtracking.web.l0.tests.dll" id="614e5abd-7dfd-3824-3062-406c07ad5721">
      <Owners>
        <Owner name="witiq" />
      </Owners>
      <Execution id="5a2b04e6-c806-4b9c-8a33-040fe7106a6b" />
      <TestMethod codeBase="D:\v2.0\A1\_work\dbded102\bin\Release.AnyCPU\Tfs.Service\MS.TF.WorkItemTracking.Web.L0.Tests\MS.TF.WorkItemTracking.Web.L0.Tests.dll" adapterTypeName="Microsoft.VisualStudio.TestTools.TestTypes.Unit.UnitTestAdapter" className="MS.TF.WorkItemTracking.Web.L0.Tests.Controllers.ReportingWorkItemRevisionsControllerTests" name="GetRevisionsNegativeWatermark" />
    </UnitTest>
    <UnitTest name="GetRevisionsInvalidField" storage="d:\v2.0\a1\_work\dbded102\bin\release.anycpu\tfs.service\ms.tf.workitemtracking.web.l0.tests\ms.tf.workitemtracking.web.l0.tests.dll" id="5a4c1634-80db-4ebd-822b-768d6bf705df">
      <Owners>
        <Owner name="witiq" />
      </Owners>
      <Execution id="45822ad3-2f97-4269-8d98-2373c46ec605" />
      <TestMethod codeBase="D:\v2.0\A1\_work\dbded102\bin\Release.AnyCPU\Tfs.Service\MS.TF.WorkItemTracking.Web.L0.Tests\MS.TF.WorkItemTracking.Web.L0.Tests.dll" adapterTypeName="Microsoft.VisualStudio.TestTools.TestTypes.Unit.UnitTestAdapter" className="MS.TF.WorkItemTracking.Web.L0.Tests.Controllers.ReportingWorkItemRevisionsControllerTests" name="GetRevisionsInvalidField" />
    </UnitTest>
    <UnitTest name="CreateAttachment" storage="d:\v2.0\a1\_work\dbded102\bin\release.anycpu\tfs.service\ms.tf.workitemtracking.web.l0.tests\ms.tf.workitemtracking.web.l0.tests.dll" id="da23fc18-2037-86c3-767d-9829849522c8">
      <Owners>
        <Owner name="tfsmwit" />
      </Owners>
      <Execution id="6e3948ab-8b86-471d-bdaa-a2d134a55e19" />
      <TestMethod codeBase="D:\v2.0\A1\_work\dbded102\bin\Release.AnyCPU\Tfs.Service\MS.TF.WorkItemTracking.Web.L0.Tests\MS.TF.WorkItemTracking.Web.L0.Tests.dll" adapterTypeName="Microsoft.VisualStudio.TestTools.TestTypes.Unit.UnitTestAdapter" className="MS.TF.WorkItemTracking.Web.L0.Tests.Controllers.V2.AttachementControllerTests" name="CreateAttachment" />
    </UnitTest>
    <UnitTest name="GetAttachment" storage="d:\v2.0\a1\_work\dbded102\bin\release.anycpu\tfs.service\ms.tf.workitemtracking.web.l0.tests\ms.tf.workitemtracking.web.l0.tests.dll" id="5647d784-6611-e70a-ba09-6fdfec019483">
      <Owners>
        <Owner name="tfsmwit" />
      </Owners>
      <Execution id="1158da30-a344-4349-91f6-1b19e6bd0b73" />
      <TestMethod codeBase="D:\v2.0\A1\_work\dbded102\bin\Release.AnyCPU\Tfs.Service\MS.TF.WorkItemTracking.Web.L0.Tests\MS.TF.WorkItemTracking.Web.L0.Tests.dll" adapterTypeName="Microsoft.VisualStudio.TestTools.TestTypes.Unit.UnitTestAdapter" className="MS.TF.WorkItemTracking.Web.L0.Tests.Controllers.V2.AttachementControllerTests" name="GetAttachment" />
    </UnitTest>
    <UnitTest name="GetRootNodes" storage="d:\v2.0\a1\_work\dbded102\bin\release.anycpu\tfs.service\ms.tf.workitemtracking.web.l0.tests\ms.tf.workitemtracking.web.l0.tests.dll" id="9302bad0-b32d-5d58-9235-703e1789952d">
      <Owners>
        <Owner name="tfsmwit" />
      </Owners>
      <Execution id="d0edd615-9f45-4b61-9445-680d995ec92b" />
      <TestMethod codeBase="D:\v2.0\A1\_work\dbded102\bin\Release.AnyCPU\Tfs.Service\MS.TF.WorkItemTracking.Web.L0.Tests\MS.TF.WorkItemTracking.Web.L0.Tests.dll" adapterTypeName="Microsoft.VisualStudio.TestTools.TestTypes.Unit.UnitTestAdapter" className="MS.TF.WorkItemTracking.Web.L0.Tests.Controllers.V2.ClassificationNodeControllerTests" name="GetRootNodes" />
    </UnitTest>
    <UnitTest name="GetRootNodes_Depth" storage="d:\v2.0\a1\_work\dbded102\bin\release.anycpu\tfs.service\ms.tf.workitemtracking.web.l0.tests\ms.tf.workitemtracking.web.l0.tests.dll" id="f8e723e8-0a17-ba45-0a11-87f390db6738">
      <Owners>
        <Owner name="tfsmwit" />
      </Owners>
      <Execution id="5aeecded-9060-4810-aa2b-4da25a3db726" />
      <TestMethod codeBase="D:\v2.0\A1\_work\dbded102\bin\Release.AnyCPU\Tfs.Service\MS.TF.WorkItemTracking.Web.L0.Tests\MS.TF.WorkItemTracking.Web.L0.Tests.dll" adapterTypeName="Microsoft.VisualStudio.TestTools.TestTypes.Unit.UnitTestAdapter" className="MS.TF.WorkItemTracking.Web.L0.Tests.Controllers.V2.ClassificationNodeControllerTests" name="GetRootNodes_Depth" />
    </UnitTest>
    <UnitTest name="GetAreaNode" storage="d:\v2.0\a1\_work\dbded102\bin\release.anycpu\tfs.service\ms.tf.workitemtracking.web.l0.tests\ms.tf.workitemtracking.web.l0.tests.dll" id="2cb3455d-d2ce-70de-25b5-cd1aa70a3fe3">
      <Owners>
        <Owner name="tfsmwit" />
      </Owners>
      <Execution id="b62f9ca3-11db-46db-a471-0e8eebd93f85" />
      <TestMethod codeBase="D:\v2.0\A1\_work\dbded102\bin\Release.AnyCPU\Tfs.Service\MS.TF.WorkItemTracking.Web.L0.Tests\MS.TF.WorkItemTracking.Web.L0.Tests.dll" adapterTypeName="Microsoft.VisualStudio.TestTools.TestTypes.Unit.UnitTestAdapter" className="MS.TF.WorkItemTracking.Web.L0.Tests.Controllers.V2.ClassificationNodeControllerTests" name="GetAreaNode" />
    </UnitTest>
    <UnitTest name="GetAreaNode_InvalidNode" storage="d:\v2.0\a1\_work\dbded102\bin\release.anycpu\tfs.service\ms.tf.workitemtracking.web.l0.tests\ms.tf.workitemtracking.web.l0.tests.dll" id="be1d6b67-1e8f-268e-73bc-bf2b1396fef3">
      <Owners>
        <Owner name="tfsmwit" />
      </Owners>
      <Execution id="7da5c8ba-a846-4839-865c-fef8d1881b59" />
      <TestMethod codeBase="D:\v2.0\A1\_work\dbded102\bin\Release.AnyCPU\Tfs.Service\MS.TF.WorkItemTracking.Web.L0.Tests\MS.TF.WorkItemTracking.Web.L0.Tests.dll" adapterTypeName="Microsoft.VisualStudio.TestTools.TestTypes.Unit.UnitTestAdapter" className="MS.TF.WorkItemTracking.Web.L0.Tests.Controllers.V2.ClassificationNodeControllerTests" name="GetAreaNode_InvalidNode" />
    </UnitTest>
    <UnitTest name="GetAreaNode_Path" storage="d:\v2.0\a1\_work\dbded102\bin\release.anycpu\tfs.service\ms.tf.workitemtracking.web.l0.tests\ms.tf.workitemtracking.web.l0.tests.dll" id="74bdf547-f61b-1eed-3b4c-81db91230735">
      <Owners>
        <Owner name="tfsmwit" />
      </Owners>
      <Execution id="c4360474-7af6-4369-b483-f94130f0d6ba" />
      <TestMethod codeBase="D:\v2.0\A1\_work\dbded102\bin\Release.AnyCPU\Tfs.Service\MS.TF.WorkItemTracking.Web.L0.Tests\MS.TF.WorkItemTracking.Web.L0.Tests.dll" adapterTypeName="Microsoft.VisualStudio.TestTools.TestTypes.Unit.UnitTestAdapter" className="MS.TF.WorkItemTracking.Web.L0.Tests.Controllers.V2.ClassificationNodeControllerTests" name="GetAreaNode_Path" />
    </UnitTest>
    <UnitTest name="GetIterationNode" storage="d:\v2.0\a1\_work\dbded102\bin\release.anycpu\tfs.service\ms.tf.workitemtracking.web.l0.tests\ms.tf.workitemtracking.web.l0.tests.dll" id="94862118-8146-715c-1723-74e360236975">
      <Owners>
        <Owner name="tfsmwit" />
      </Owners>
      <Execution id="00f62bea-f447-4ef3-a905-b5a3dd0d109c" />
      <TestMethod codeBase="D:\v2.0\A1\_work\dbded102\bin\Release.AnyCPU\Tfs.Service\MS.TF.WorkItemTracking.Web.L0.Tests\MS.TF.WorkItemTracking.Web.L0.Tests.dll" adapterTypeName="Microsoft.VisualStudio.TestTools.TestTypes.Unit.UnitTestAdapter" className="MS.TF.WorkItemTracking.Web.L0.Tests.Controllers.V2.ClassificationNodeControllerTests" name="GetIterationNode" />
    </UnitTest>
    <UnitTest name="GetIterationNode_InvalidPath" storage="d:\v2.0\a1\_work\dbded102\bin\release.anycpu\tfs.service\ms.tf.workitemtracking.web.l0.tests\ms.tf.workitemtracking.web.l0.tests.dll" id="c3a26e36-b372-1e8d-9f5b-3041d4b66692">
      <Owners>
        <Owner name="tfsmwit" />
      </Owners>
      <Execution id="451188a5-0d2b-4e87-95a0-7decb11a1a1b" />
      <TestMethod codeBase="D:\v2.0\A1\_work\dbded102\bin\Release.AnyCPU\Tfs.Service\MS.TF.WorkItemTracking.Web.L0.Tests\MS.TF.WorkItemTracking.Web.L0.Tests.dll" adapterTypeName="Microsoft.VisualStudio.TestTools.TestTypes.Unit.UnitTestAdapter" className="MS.TF.WorkItemTracking.Web.L0.Tests.Controllers.V2.ClassificationNodeControllerTests" name="GetIterationNode_InvalidPath" />
    </UnitTest>
    <UnitTest name="GetIterationNode_Path" storage="d:\v2.0\a1\_work\dbded102\bin\release.anycpu\tfs.service\ms.tf.workitemtracking.web.l0.tests\ms.tf.workitemtracking.web.l0.tests.dll" id="dd86d740-7b8f-37a2-2645-9001384c47e9">
      <Owners>
        <Owner name="tfsmwit" />
      </Owners>
      <Execution id="0cf85264-8c17-4483-8782-9d79dd34d749" />
      <TestMethod codeBase="D:\v2.0\A1\_work\dbded102\bin\Release.AnyCPU\Tfs.Service\MS.TF.WorkItemTracking.Web.L0.Tests\MS.TF.WorkItemTracking.Web.L0.Tests.dll" adapterTypeName="Microsoft.VisualStudio.TestTools.TestTypes.Unit.UnitTestAdapter" className="MS.TF.WorkItemTracking.Web.L0.Tests.Controllers.V2.ClassificationNodeControllerTests" name="GetIterationNode_Path" />
    </UnitTest>
    <UnitTest name="CreateAreaNode" storage="d:\v2.0\a1\_work\dbded102\bin\release.anycpu\tfs.service\ms.tf.workitemtracking.web.l0.tests\ms.tf.workitemtracking.web.l0.tests.dll" id="48dd742c-2cec-c643-149f-d1b75d565b31">
      <Owners>
        <Owner name="tfsmwit" />
      </Owners>
      <Execution id="15d70769-43d5-4431-8c3c-4398af238d9b" />
      <TestMethod codeBase="D:\v2.0\A1\_work\dbded102\bin\Release.AnyCPU\Tfs.Service\MS.TF.WorkItemTracking.Web.L0.Tests\MS.TF.WorkItemTracking.Web.L0.Tests.dll" adapterTypeName="Microsoft.VisualStudio.TestTools.TestTypes.Unit.UnitTestAdapter" className="MS.TF.WorkItemTracking.Web.L0.Tests.Controllers.V2.ClassificationNodeControllerTests" name="CreateAreaNode" />
    </UnitTest>
    <UnitTest name="GetFields" storage="d:\v2.0\a1\_work\dbded102\bin\release.anycpu\tfs.service\ms.tf.workitemtracking.web.l0.tests\ms.tf.workitemtracking.web.l0.tests.dll" id="100cd35b-6146-c735-c117-2f532631865a">
      <Owners>
        <Owner name="tfsmwit" />
      </Owners>
      <Execution id="7bf1a4be-b9e2-486b-addc-ad003ae8225b" />
      <TestMethod codeBase="D:\v2.0\A1\_work\dbded102\bin\Release.AnyCPU\Tfs.Service\MS.TF.WorkItemTracking.Web.L0.Tests\MS.TF.WorkItemTracking.Web.L0.Tests.dll" adapterTypeName="Microsoft.VisualStudio.TestTools.TestTypes.Unit.UnitTestAdapter" className="MS.TF.WorkItemTracking.Web.L0.Tests.Controllers.V2.FieldsControllerTests" name="GetFields" />
    </UnitTest>
    <UnitTest name="GetField" storage="d:\v2.0\a1\_work\dbded102\bin\release.anycpu\tfs.service\ms.tf.workitemtracking.web.l0.tests\ms.tf.workitemtracking.web.l0.tests.dll" id="c1c728af-fd9c-a969-56bb-c7e7d69beae8">
      <Owners>
        <Owner name="tfsmwit" />
      </Owners>
      <Execution id="d84092e8-ad41-4469-8809-dab022c0c6f3" />
      <TestMethod codeBase="D:\v2.0\A1\_work\dbded102\bin\Release.AnyCPU\Tfs.Service\MS.TF.WorkItemTracking.Web.L0.Tests\MS.TF.WorkItemTracking.Web.L0.Tests.dll" adapterTypeName="Microsoft.VisualStudio.TestTools.TestTypes.Unit.UnitTestAdapter" className="MS.TF.WorkItemTracking.Web.L0.Tests.Controllers.V2.FieldsControllerTests" name="GetField" />
    </UnitTest>
    <UnitTest name="GetQuery_NullQuery" storage="d:\v2.0\a1\_work\dbded102\bin\release.anycpu\tfs.service\ms.tf.workitemtracking.web.l0.tests\ms.tf.workitemtracking.web.l0.tests.dll" id="c2adb7fb-58f6-38a6-737e-d7eb545f9817">
      <Owners>
        <Owner name="witiq" />
      </Owners>
      <Execution id="c6ca66ea-c077-4969-8815-dfef5bf483fe" />
      <TestMethod codeBase="D:\v2.0\A1\_work\dbded102\bin\Release.AnyCPU\Tfs.Service\MS.TF.WorkItemTracking.Web.L0.Tests\MS.TF.WorkItemTracking.Web.L0.Tests.dll" adapterTypeName="Microsoft.VisualStudio.TestTools.TestTypes.Unit.UnitTestAdapter" className="MS.TF.WorkItemTracking.Web.L0.Tests.Controllers.V2.QueryControllerTests" name="GetQuery_NullQuery" />
    </UnitTest>
    <UnitTest name="GetQuery_OutofBoundDepth" storage="d:\v2.0\a1\_work\dbded102\bin\release.anycpu\tfs.service\ms.tf.workitemtracking.web.l0.tests\ms.tf.workitemtracking.web.l0.tests.dll" id="f803a2d8-0d82-230a-03e4-344b0b1c3f12">
      <Owners>
        <Owner name="witiq" />
      </Owners>
      <Execution id="004b47c1-371f-40c2-8663-4d8ea28e0cd4" />
      <TestMethod codeBase="D:\v2.0\A1\_work\dbded102\bin\Release.AnyCPU\Tfs.Service\MS.TF.WorkItemTracking.Web.L0.Tests\MS.TF.WorkItemTracking.Web.L0.Tests.dll" adapterTypeName="Microsoft.VisualStudio.TestTools.TestTypes.Unit.UnitTestAdapter" className="MS.TF.WorkItemTracking.Web.L0.Tests.Controllers.V2.QueryControllerTests" name="GetQuery_OutofBoundDepth" />
    </UnitTest>
    <UnitTest name="GetQuery_NegativeDepth" storage="d:\v2.0\a1\_work\dbded102\bin\release.anycpu\tfs.service\ms.tf.workitemtracking.web.l0.tests\ms.tf.workitemtracking.web.l0.tests.dll" id="afe6590b-5b3c-e64f-b66a-41be9c16b01f">
      <Owners>
        <Owner name="witiq" />
      </Owners>
      <Execution id="b9084200-25e9-4b1e-8d9b-4ed5e55f06e0" />
      <TestMethod codeBase="D:\v2.0\A1\_work\dbded102\bin\Release.AnyCPU\Tfs.Service\MS.TF.WorkItemTracking.Web.L0.Tests\MS.TF.WorkItemTracking.Web.L0.Tests.dll" adapterTypeName="Microsoft.VisualStudio.TestTools.TestTypes.Unit.UnitTestAdapter" className="MS.TF.WorkItemTracking.Web.L0.Tests.Controllers.V2.QueryControllerTests" name="GetQuery_NegativeDepth" />
    </UnitTest>
    <UnitTest name="CreateQuery_NullQueryItem" storage="d:\v2.0\a1\_work\dbded102\bin\release.anycpu\tfs.service\ms.tf.workitemtracking.web.l0.tests\ms.tf.workitemtracking.web.l0.tests.dll" id="6d07d227-eb57-ddb9-c681-04ac525a1cd9">
      <Owners>
        <Owner name="witiq" />
      </Owners>
      <Execution id="771e82a9-56e0-488c-837d-979cd1ae8a3c" />
      <TestMethod codeBase="D:\v2.0\A1\_work\dbded102\bin\Release.AnyCPU\Tfs.Service\MS.TF.WorkItemTracking.Web.L0.Tests\MS.TF.WorkItemTracking.Web.L0.Tests.dll" adapterTypeName="Microsoft.VisualStudio.TestTools.TestTypes.Unit.UnitTestAdapter" className="MS.TF.WorkItemTracking.Web.L0.Tests.Controllers.V2.QueryControllerTests" name="CreateQuery_NullQueryItem" />
    </UnitTest>
    <UnitTest name="CreateQuery_NullQuery" storage="d:\v2.0\a1\_work\dbded102\bin\release.anycpu\tfs.service\ms.tf.workitemtracking.web.l0.tests\ms.tf.workitemtracking.web.l0.tests.dll" id="7af7fd9b-098c-85e4-1c57-5e3c85e52c9e">
      <Owners>
        <Owner name="witiq" />
      </Owners>
      <Execution id="78d8c7d8-aa62-4b77-84bc-dfd5bd2afad2" />
      <TestMethod codeBase="D:\v2.0\A1\_work\dbded102\bin\Release.AnyCPU\Tfs.Service\MS.TF.WorkItemTracking.Web.L0.Tests\MS.TF.WorkItemTracking.Web.L0.Tests.dll" adapterTypeName="Microsoft.VisualStudio.TestTools.TestTypes.Unit.UnitTestAdapter" className="MS.TF.WorkItemTracking.Web.L0.Tests.Controllers.V2.QueryControllerTests" name="CreateQuery_NullQuery" />
    </UnitTest>
    <UnitTest name="CreateQuery_EmptyQueryItem" storage="d:\v2.0\a1\_work\dbded102\bin\release.anycpu\tfs.service\ms.tf.workitemtracking.web.l0.tests\ms.tf.workitemtracking.web.l0.tests.dll" id="650bf342-7518-8b65-5796-c157939d50f8">
      <Owners>
        <Owner name="witiq" />
      </Owners>
      <Execution id="00b89df1-2f2d-4ada-af8c-ef7ae4fda5af" />
      <TestMethod codeBase="D:\v2.0\A1\_work\dbded102\bin\Release.AnyCPU\Tfs.Service\MS.TF.WorkItemTracking.Web.L0.Tests\MS.TF.WorkItemTracking.Web.L0.Tests.dll" adapterTypeName="Microsoft.VisualStudio.TestTools.TestTypes.Unit.UnitTestAdapter" className="MS.TF.WorkItemTracking.Web.L0.Tests.Controllers.V2.QueryControllerTests" name="CreateQuery_EmptyQueryItem" />
    </UnitTest>
    <UnitTest name="CreateQuery_WithoutWiql" storage="d:\v2.0\a1\_work\dbded102\bin\release.anycpu\tfs.service\ms.tf.workitemtracking.web.l0.tests\ms.tf.workitemtracking.web.l0.tests.dll" id="d8e6024e-e40a-a0d4-fe96-b91fb4fb8da4">
      <Owners>
        <Owner name="witiq" />
      </Owners>
      <Execution id="d23412a8-b493-4ec8-8571-ef74603be6db" />
      <TestMethod codeBase="D:\v2.0\A1\_work\dbded102\bin\Release.AnyCPU\Tfs.Service\MS.TF.WorkItemTracking.Web.L0.Tests\MS.TF.WorkItemTracking.Web.L0.Tests.dll" adapterTypeName="Microsoft.VisualStudio.TestTools.TestTypes.Unit.UnitTestAdapter" className="MS.TF.WorkItemTracking.Web.L0.Tests.Controllers.V2.QueryControllerTests" name="CreateQuery_WithoutWiql" />
    </UnitTest>
    <UnitTest name="CreateQuery_InvalidWiql" storage="d:\v2.0\a1\_work\dbded102\bin\release.anycpu\tfs.service\ms.tf.workitemtracking.web.l0.tests\ms.tf.workitemtracking.web.l0.tests.dll" id="9a0e54ce-dec5-10ef-6576-de88eb02c3bf">
      <Owners>
        <Owner name="witiq" />
      </Owners>
      <Execution id="741f58b6-dcc1-459a-972a-6b2487854713" />
      <TestMethod codeBase="D:\v2.0\A1\_work\dbded102\bin\Release.AnyCPU\Tfs.Service\MS.TF.WorkItemTracking.Web.L0.Tests\MS.TF.WorkItemTracking.Web.L0.Tests.dll" adapterTypeName="Microsoft.VisualStudio.TestTools.TestTypes.Unit.UnitTestAdapter" className="MS.TF.WorkItemTracking.Web.L0.Tests.Controllers.V2.QueryControllerTests" name="CreateQuery_InvalidWiql" />
    </UnitTest>
    <UnitTest name="CreateQuery_InvalidProject" storage="d:\v2.0\a1\_work\dbded102\bin\release.anycpu\tfs.service\ms.tf.workitemtracking.web.l0.tests\ms.tf.workitemtracking.web.l0.tests.dll" id="49c99257-f5c4-04c2-ffad-79e65bd3917a">
      <Owners>
        <Owner name="witiq" />
      </Owners>
      <Execution id="4f573952-7487-48a1-8ffb-91559b1e3b90" />
      <TestMethod codeBase="D:\v2.0\A1\_work\dbded102\bin\Release.AnyCPU\Tfs.Service\MS.TF.WorkItemTracking.Web.L0.Tests\MS.TF.WorkItemTracking.Web.L0.Tests.dll" adapterTypeName="Microsoft.VisualStudio.TestTools.TestTypes.Unit.UnitTestAdapter" className="MS.TF.WorkItemTracking.Web.L0.Tests.Controllers.V2.QueryControllerTests" name="CreateQuery_InvalidProject" />
    </UnitTest>
    <UnitTest name="UpdateQuery_InvalidProject" storage="d:\v2.0\a1\_work\dbded102\bin\release.anycpu\tfs.service\ms.tf.workitemtracking.web.l0.tests\ms.tf.workitemtracking.web.l0.tests.dll" id="95f81263-9184-74f1-e7bb-8010acb56820">
      <Owners>
        <Owner name="witiq" />
      </Owners>
      <Execution id="fba5bcff-d484-4a8f-885a-2d6729e8e806" />
      <TestMethod codeBase="D:\v2.0\A1\_work\dbded102\bin\Release.AnyCPU\Tfs.Service\MS.TF.WorkItemTracking.Web.L0.Tests\MS.TF.WorkItemTracking.Web.L0.Tests.dll" adapterTypeName="Microsoft.VisualStudio.TestTools.TestTypes.Unit.UnitTestAdapter" className="MS.TF.WorkItemTracking.Web.L0.Tests.Controllers.V2.QueryControllerTests" name="UpdateQuery_InvalidProject" />
    </UnitTest>
    <UnitTest name="UpdateQuery_FolderIdWithInvalidPatch" storage="d:\v2.0\a1\_work\dbded102\bin\release.anycpu\tfs.service\ms.tf.workitemtracking.web.l0.tests\ms.tf.workitemtracking.web.l0.tests.dll" id="d03800dc-3510-6fe5-8879-64a3802313e3">
      <Owners>
        <Owner name="witiq" />
      </Owners>
      <Execution id="26289cff-589f-4a9f-897c-4272965462ad" />
      <TestMethod codeBase="D:\v2.0\A1\_work\dbded102\bin\Release.AnyCPU\Tfs.Service\MS.TF.WorkItemTracking.Web.L0.Tests\MS.TF.WorkItemTracking.Web.L0.Tests.dll" adapterTypeName="Microsoft.VisualStudio.TestTools.TestTypes.Unit.UnitTestAdapter" className="MS.TF.WorkItemTracking.Web.L0.Tests.Controllers.V2.QueryControllerTests" name="UpdateQuery_FolderIdWithInvalidPatch" />
    </UnitTest>
    <UnitTest name="CreateQuery_FolderIdWithInvalidPatch" storage="d:\v2.0\a1\_work\dbded102\bin\release.anycpu\tfs.service\ms.tf.workitemtracking.web.l0.tests\ms.tf.workitemtracking.web.l0.tests.dll" id="142f0123-a662-6f66-20b5-49555a9d0c51">
      <Owners>
        <Owner name="witiq" />
      </Owners>
      <Execution id="bfda3079-7f73-4a73-862c-edef943fad75" />
      <TestMethod codeBase="D:\v2.0\A1\_work\dbded102\bin\Release.AnyCPU\Tfs.Service\MS.TF.WorkItemTracking.Web.L0.Tests\MS.TF.WorkItemTracking.Web.L0.Tests.dll" adapterTypeName="Microsoft.VisualStudio.TestTools.TestTypes.Unit.UnitTestAdapter" className="MS.TF.WorkItemTracking.Web.L0.Tests.Controllers.V2.QueryControllerTests" name="CreateQuery_FolderIdWithInvalidPatch" />
    </UnitTest>
    <UnitTest name="CreateQuery_FolderIdWithNullQuery" storage="d:\v2.0\a1\_work\dbded102\bin\release.anycpu\tfs.service\ms.tf.workitemtracking.web.l0.tests\ms.tf.workitemtracking.web.l0.tests.dll" id="5ac344d8-d21b-e598-6e74-4bb2bb44056f">
      <Owners>
        <Owner name="witiq" />
      </Owners>
      <Execution id="26d6e810-2da4-467a-bbc2-1feeb1360d7e" />
      <TestMethod codeBase="D:\v2.0\A1\_work\dbded102\bin\Release.AnyCPU\Tfs.Service\MS.TF.WorkItemTracking.Web.L0.Tests\MS.TF.WorkItemTracking.Web.L0.Tests.dll" adapterTypeName="Microsoft.VisualStudio.TestTools.TestTypes.Unit.UnitTestAdapter" className="MS.TF.WorkItemTracking.Web.L0.Tests.Controllers.V2.QueryControllerTests" name="CreateQuery_FolderIdWithNullQuery" />
    </UnitTest>
    <UnitTest name="CreateQuery_FolderIdWithInvalidQuery" storage="d:\v2.0\a1\_work\dbded102\bin\release.anycpu\tfs.service\ms.tf.workitemtracking.web.l0.tests\ms.tf.workitemtracking.web.l0.tests.dll" id="db36de26-82e4-1220-d616-d078719207d2">
      <Owners>
        <Owner name="witiq" />
      </Owners>
      <Execution id="a850db91-6c83-4c7b-b2c5-f0fb9a8d10db" />
      <TestMethod codeBase="D:\v2.0\A1\_work\dbded102\bin\Release.AnyCPU\Tfs.Service\MS.TF.WorkItemTracking.Web.L0.Tests\MS.TF.WorkItemTracking.Web.L0.Tests.dll" adapterTypeName="Microsoft.VisualStudio.TestTools.TestTypes.Unit.UnitTestAdapter" className="MS.TF.WorkItemTracking.Web.L0.Tests.Controllers.V2.QueryControllerTests" name="CreateQuery_FolderIdWithInvalidQuery" />
    </UnitTest>
    <UnitTest name="CreateQuery_FolderIdWithMissingQueryParameter" storage="d:\v2.0\a1\_work\dbded102\bin\release.anycpu\tfs.service\ms.tf.workitemtracking.web.l0.tests\ms.tf.workitemtracking.web.l0.tests.dll" id="e93cea39-5c39-3a94-2ebe-22d89493a099">
      <Owners>
        <Owner name="witiq" />
      </Owners>
      <Execution id="a3408a43-7c2d-42d5-8102-f832cafa20c2" />
      <TestMethod codeBase="D:\v2.0\A1\_work\dbded102\bin\Release.AnyCPU\Tfs.Service\MS.TF.WorkItemTracking.Web.L0.Tests\MS.TF.WorkItemTracking.Web.L0.Tests.dll" adapterTypeName="Microsoft.VisualStudio.TestTools.TestTypes.Unit.UnitTestAdapter" className="MS.TF.WorkItemTracking.Web.L0.Tests.Controllers.V2.QueryControllerTests" name="CreateQuery_FolderIdWithMissingQueryParameter" />
    </UnitTest>
    <UnitTest name="CreateQuery_QueryIdInvalidFolder" storage="d:\v2.0\a1\_work\dbded102\bin\release.anycpu\tfs.service\ms.tf.workitemtracking.web.l0.tests\ms.tf.workitemtracking.web.l0.tests.dll" id="8d4f4f59-fdf3-08cf-3dc7-9549809f2a87">
      <Owners>
        <Owner name="witiq" />
      </Owners>
      <Execution id="cabaecf7-3544-4b11-895b-1fc038d7a055" />
      <TestMethod codeBase="D:\v2.0\A1\_work\dbded102\bin\Release.AnyCPU\Tfs.Service\MS.TF.WorkItemTracking.Web.L0.Tests\MS.TF.WorkItemTracking.Web.L0.Tests.dll" adapterTypeName="Microsoft.VisualStudio.TestTools.TestTypes.Unit.UnitTestAdapter" className="MS.TF.WorkItemTracking.Web.L0.Tests.Controllers.V2.QueryControllerTests" name="CreateQuery_QueryIdInvalidFolder" />
    </UnitTest>
    <UnitTest name="UpdateQuery_NullQuery" storage="d:\v2.0\a1\_work\dbded102\bin\release.anycpu\tfs.service\ms.tf.workitemtracking.web.l0.tests\ms.tf.workitemtracking.web.l0.tests.dll" id="2d33e5d4-456b-5129-5653-755719285f63">
      <Owners>
        <Owner name="witiq" />
      </Owners>
      <Execution id="f3c2447d-04b9-47af-aebd-07e5a4da7ebd" />
      <TestMethod codeBase="D:\v2.0\A1\_work\dbded102\bin\Release.AnyCPU\Tfs.Service\MS.TF.WorkItemTracking.Web.L0.Tests\MS.TF.WorkItemTracking.Web.L0.Tests.dll" adapterTypeName="Microsoft.VisualStudio.TestTools.TestTypes.Unit.UnitTestAdapter" className="MS.TF.WorkItemTracking.Web.L0.Tests.Controllers.V2.QueryControllerTests" name="UpdateQuery_NullQuery" />
    </UnitTest>
    <UnitTest name="UpdateQuery_EmptyQuery" storage="d:\v2.0\a1\_work\dbded102\bin\release.anycpu\tfs.service\ms.tf.workitemtracking.web.l0.tests\ms.tf.workitemtracking.web.l0.tests.dll" id="46156bce-9d34-6178-aaa6-4a9f243c514a">
      <Owners>
        <Owner name="witiq" />
      </Owners>
      <Execution id="d197617b-42dc-4f40-b3c2-40282dc40948" />
      <TestMethod codeBase="D:\v2.0\A1\_work\dbded102\bin\Release.AnyCPU\Tfs.Service\MS.TF.WorkItemTracking.Web.L0.Tests\MS.TF.WorkItemTracking.Web.L0.Tests.dll" adapterTypeName="Microsoft.VisualStudio.TestTools.TestTypes.Unit.UnitTestAdapter" className="MS.TF.WorkItemTracking.Web.L0.Tests.Controllers.V2.QueryControllerTests" name="UpdateQuery_EmptyQuery" />
    </UnitTest>
    <UnitTest name="GetQueries_ExceedingDepth" storage="d:\v2.0\a1\_work\dbded102\bin\release.anycpu\tfs.service\ms.tf.workitemtracking.web.l0.tests\ms.tf.workitemtracking.web.l0.tests.dll" id="4cd0a2f2-357b-3865-c572-91bf3057af47">
      <Owners>
        <Owner name="witiq" />
      </Owners>
      <Execution id="13fe4226-c285-43f0-92bd-f3fa281622d7" />
      <TestMethod codeBase="D:\v2.0\A1\_work\dbded102\bin\Release.AnyCPU\Tfs.Service\MS.TF.WorkItemTracking.Web.L0.Tests\MS.TF.WorkItemTracking.Web.L0.Tests.dll" adapterTypeName="Microsoft.VisualStudio.TestTools.TestTypes.Unit.UnitTestAdapter" className="MS.TF.WorkItemTracking.Web.L0.Tests.Controllers.V2.QueryControllerTests" name="GetQueries_ExceedingDepth" />
    </UnitTest>
    <UnitTest name="DeleteQuery_EmptyQuery" storage="d:\v2.0\a1\_work\dbded102\bin\release.anycpu\tfs.service\ms.tf.workitemtracking.web.l0.tests\ms.tf.workitemtracking.web.l0.tests.dll" id="dba19400-a982-b28d-29e3-e4a201ef620e">
      <Owners>
        <Owner name="witiq" />
      </Owners>
      <Execution id="7d16a179-6ec7-4c44-bbd2-22148c7fa00f" />
      <TestMethod codeBase="D:\v2.0\A1\_work\dbded102\bin\Release.AnyCPU\Tfs.Service\MS.TF.WorkItemTracking.Web.L0.Tests\MS.TF.WorkItemTracking.Web.L0.Tests.dll" adapterTypeName="Microsoft.VisualStudio.TestTools.TestTypes.Unit.UnitTestAdapter" className="MS.TF.WorkItemTracking.Web.L0.Tests.Controllers.V2.QueryControllerTests" name="DeleteQuery_EmptyQuery" />
    </UnitTest>
    <UnitTest name="UpdateQuery_MismatchId" storage="d:\v2.0\a1\_work\dbded102\bin\release.anycpu\tfs.service\ms.tf.workitemtracking.web.l0.tests\ms.tf.workitemtracking.web.l0.tests.dll" id="21566c08-628d-22e5-2cf7-e9095f5fa497">
      <Owners>
        <Owner name="witiq" />
      </Owners>
      <Execution id="cb65b08f-a3c9-4a5d-acd7-48c51bcd9ea3" />
      <TestMethod codeBase="D:\v2.0\A1\_work\dbded102\bin\Release.AnyCPU\Tfs.Service\MS.TF.WorkItemTracking.Web.L0.Tests\MS.TF.WorkItemTracking.Web.L0.Tests.dll" adapterTypeName="Microsoft.VisualStudio.TestTools.TestTypes.Unit.UnitTestAdapter" className="MS.TF.WorkItemTracking.Web.L0.Tests.Controllers.V2.QueryControllerTests" name="UpdateQuery_MismatchId" />
    </UnitTest>
    <UnitTest name="UpdateQuery_FolderConflict" storage="d:\v2.0\a1\_work\dbded102\bin\release.anycpu\tfs.service\ms.tf.workitemtracking.web.l0.tests\ms.tf.workitemtracking.web.l0.tests.dll" id="55e406c8-79d1-5470-9559-c3dfa05d2380">
      <Owners>
        <Owner name="witiq" />
      </Owners>
      <Execution id="f4d7d302-f66e-4168-a4ae-7a26c724a530" />
      <TestMethod codeBase="D:\v2.0\A1\_work\dbded102\bin\Release.AnyCPU\Tfs.Service\MS.TF.WorkItemTracking.Web.L0.Tests\MS.TF.WorkItemTracking.Web.L0.Tests.dll" adapterTypeName="Microsoft.VisualStudio.TestTools.TestTypes.Unit.UnitTestAdapter" className="MS.TF.WorkItemTracking.Web.L0.Tests.Controllers.V2.QueryControllerTests" name="UpdateQuery_FolderConflict" />
    </UnitTest>
    <UnitTest name="GetQueries" storage="d:\v2.0\a1\_work\dbded102\bin\release.anycpu\tfs.service\ms.tf.workitemtracking.web.l0.tests\ms.tf.workitemtracking.web.l0.tests.dll" id="c3e305cc-5135-7d1e-225a-5f87521479d4">
      <Owners>
        <Owner name="witiq" />
      </Owners>
      <Execution id="8d2b5c54-c6de-4047-8ff3-5ed52691a924" />
      <TestMethod codeBase="D:\v2.0\A1\_work\dbded102\bin\Release.AnyCPU\Tfs.Service\MS.TF.WorkItemTracking.Web.L0.Tests\MS.TF.WorkItemTracking.Web.L0.Tests.dll" adapterTypeName="Microsoft.VisualStudio.TestTools.TestTypes.Unit.UnitTestAdapter" className="MS.TF.WorkItemTracking.Web.L0.Tests.Controllers.V2.QueryControllerTests" name="GetQueries" />
    </UnitTest>
    <UnitTest name="GetQueries_depth" storage="d:\v2.0\a1\_work\dbded102\bin\release.anycpu\tfs.service\ms.tf.workitemtracking.web.l0.tests\ms.tf.workitemtracking.web.l0.tests.dll" id="c96090d8-aca5-6c3e-cda3-b02ffa44a72c">
      <Owners>
        <Owner name="witiq" />
      </Owners>
      <Execution id="85fc4442-2328-481d-a010-4f3728e50b3a" />
      <TestMethod codeBase="D:\v2.0\A1\_work\dbded102\bin\Release.AnyCPU\Tfs.Service\MS.TF.WorkItemTracking.Web.L0.Tests\MS.TF.WorkItemTracking.Web.L0.Tests.dll" adapterTypeName="Microsoft.VisualStudio.TestTools.TestTypes.Unit.UnitTestAdapter" className="MS.TF.WorkItemTracking.Web.L0.Tests.Controllers.V2.QueryControllerTests" name="GetQueries_depth" />
    </UnitTest>
    <UnitTest name="GetQuery_QueryId" storage="d:\v2.0\a1\_work\dbded102\bin\release.anycpu\tfs.service\ms.tf.workitemtracking.web.l0.tests\ms.tf.workitemtracking.web.l0.tests.dll" id="f92975bb-1a70-feda-8c16-2f0c7e211a60">
      <Owners>
        <Owner name="witiq" />
      </Owners>
      <Execution id="b5971a8d-944c-4910-8d3d-f26762ff8110" />
      <TestMethod codeBase="D:\v2.0\A1\_work\dbded102\bin\Release.AnyCPU\Tfs.Service\MS.TF.WorkItemTracking.Web.L0.Tests\MS.TF.WorkItemTracking.Web.L0.Tests.dll" adapterTypeName="Microsoft.VisualStudio.TestTools.TestTypes.Unit.UnitTestAdapter" className="MS.TF.WorkItemTracking.Web.L0.Tests.Controllers.V2.QueryControllerTests" name="GetQuery_QueryId" />
    </UnitTest>
    <UnitTest name="GetQuery_QueryFolder" storage="d:\v2.0\a1\_work\dbded102\bin\release.anycpu\tfs.service\ms.tf.workitemtracking.web.l0.tests\ms.tf.workitemtracking.web.l0.tests.dll" id="73858d56-4580-f063-4216-a944ae60c2de">
      <Owners>
        <Owner name="witiq" />
      </Owners>
      <Execution id="274e6546-afca-4e7f-91dc-d71a741fc0d6" />
      <TestMethod codeBase="D:\v2.0\A1\_work\dbded102\bin\Release.AnyCPU\Tfs.Service\MS.TF.WorkItemTracking.Web.L0.Tests\MS.TF.WorkItemTracking.Web.L0.Tests.dll" adapterTypeName="Microsoft.VisualStudio.TestTools.TestTypes.Unit.UnitTestAdapter" className="MS.TF.WorkItemTracking.Web.L0.Tests.Controllers.V2.QueryControllerTests" name="GetQuery_QueryFolder" />
    </UnitTest>
    <UnitTest name="GetQueries_Clauses" storage="d:\v2.0\a1\_work\dbded102\bin\release.anycpu\tfs.service\ms.tf.workitemtracking.web.l0.tests\ms.tf.workitemtracking.web.l0.tests.dll" id="8c86343a-ba2e-f356-2dee-d0a3f32a22ee">
      <Owners>
        <Owner name="witiq" />
      </Owners>
      <Execution id="a1c657d2-bf9f-4243-81bb-5f2ee38535ba" />
      <TestMethod codeBase="D:\v2.0\A1\_work\dbded102\bin\Release.AnyCPU\Tfs.Service\MS.TF.WorkItemTracking.Web.L0.Tests\MS.TF.WorkItemTracking.Web.L0.Tests.dll" adapterTypeName="Microsoft.VisualStudio.TestTools.TestTypes.Unit.UnitTestAdapter" className="MS.TF.WorkItemTracking.Web.L0.Tests.Controllers.V2.QueryControllerTests" name="GetQueries_Clauses" />
    </UnitTest>
    <UnitTest name="CreateQuery_IsFolder" storage="d:\v2.0\a1\_work\dbded102\bin\release.anycpu\tfs.service\ms.tf.workitemtracking.web.l0.tests\ms.tf.workitemtracking.web.l0.tests.dll" id="53e2e3d7-ab25-5924-7dda-3ec396095bf2">
      <Owners>
        <Owner name="witiq" />
      </Owners>
      <Execution id="a570693f-904e-4746-8996-62279c8e419c" />
      <TestMethod codeBase="D:\v2.0\A1\_work\dbded102\bin\Release.AnyCPU\Tfs.Service\MS.TF.WorkItemTracking.Web.L0.Tests\MS.TF.WorkItemTracking.Web.L0.Tests.dll" adapterTypeName="Microsoft.VisualStudio.TestTools.TestTypes.Unit.UnitTestAdapter" className="MS.TF.WorkItemTracking.Web.L0.Tests.Controllers.V2.QueryControllerTests" name="CreateQuery_IsFolder" />
    </UnitTest>
    <UnitTest name="CreateQuery_Wiql" storage="d:\v2.0\a1\_work\dbded102\bin\release.anycpu\tfs.service\ms.tf.workitemtracking.web.l0.tests\ms.tf.workitemtracking.web.l0.tests.dll" id="99fc8431-0027-640a-38e8-05d97a3f474c">
      <Owners>
        <Owner name="witiq" />
      </Owners>
      <Execution id="050cfa07-6f42-4caf-9a82-e497a9522da4" />
      <TestMethod codeBase="D:\v2.0\A1\_work\dbded102\bin\Release.AnyCPU\Tfs.Service\MS.TF.WorkItemTracking.Web.L0.Tests\MS.TF.WorkItemTracking.Web.L0.Tests.dll" adapterTypeName="Microsoft.VisualStudio.TestTools.TestTypes.Unit.UnitTestAdapter" className="MS.TF.WorkItemTracking.Web.L0.Tests.Controllers.V2.QueryControllerTests" name="CreateQuery_Wiql" />
    </UnitTest>
    <UnitTest name="UpdateQuery_Wiql" storage="d:\v2.0\a1\_work\dbded102\bin\release.anycpu\tfs.service\ms.tf.workitemtracking.web.l0.tests\ms.tf.workitemtracking.web.l0.tests.dll" id="f9f9b93a-7f1d-56d4-7baf-4a1f68663dbb">
      <Owners>
        <Owner name="witiq" />
      </Owners>
      <Execution id="ff772b03-97d6-47ab-8fba-f596b60d7979" />
      <TestMethod codeBase="D:\v2.0\A1\_work\dbded102\bin\Release.AnyCPU\Tfs.Service\MS.TF.WorkItemTracking.Web.L0.Tests\MS.TF.WorkItemTracking.Web.L0.Tests.dll" adapterTypeName="Microsoft.VisualStudio.TestTools.TestTypes.Unit.UnitTestAdapter" className="MS.TF.WorkItemTracking.Web.L0.Tests.Controllers.V2.QueryControllerTests" name="UpdateQuery_Wiql" />
    </UnitTest>
    <UnitTest name="UpdateQuery_RenameQuery" storage="d:\v2.0\a1\_work\dbded102\bin\release.anycpu\tfs.service\ms.tf.workitemtracking.web.l0.tests\ms.tf.workitemtracking.web.l0.tests.dll" id="82f3f23c-cee1-d950-ab8d-972f5aa02f64">
      <Owners>
        <Owner name="witiq" />
      </Owners>
      <Execution id="90889bbe-3f35-41ec-96d2-7a029e8ded92" />
      <TestMethod codeBase="D:\v2.0\A1\_work\dbded102\bin\Release.AnyCPU\Tfs.Service\MS.TF.WorkItemTracking.Web.L0.Tests\MS.TF.WorkItemTracking.Web.L0.Tests.dll" adapterTypeName="Microsoft.VisualStudio.TestTools.TestTypes.Unit.UnitTestAdapter" className="MS.TF.WorkItemTracking.Web.L0.Tests.Controllers.V2.QueryControllerTests" name="UpdateQuery_RenameQuery" />
    </UnitTest>
    <UnitTest name="UpdateQuery_RenameFolder" storage="d:\v2.0\a1\_work\dbded102\bin\release.anycpu\tfs.service\ms.tf.workitemtracking.web.l0.tests\ms.tf.workitemtracking.web.l0.tests.dll" id="d558a773-81e8-b84a-2fe9-3d8e4d8b9f3c">
      <Owners>
        <Owner name="witiq" />
      </Owners>
      <Execution id="dfa6b7f4-849b-4c4c-a229-82170d78ebcb" />
      <TestMethod codeBase="D:\v2.0\A1\_work\dbded102\bin\Release.AnyCPU\Tfs.Service\MS.TF.WorkItemTracking.Web.L0.Tests\MS.TF.WorkItemTracking.Web.L0.Tests.dll" adapterTypeName="Microsoft.VisualStudio.TestTools.TestTypes.Unit.UnitTestAdapter" className="MS.TF.WorkItemTracking.Web.L0.Tests.Controllers.V2.QueryControllerTests" name="UpdateQuery_RenameFolder" />
    </UnitTest>
    <UnitTest name="DeleteQuery" storage="d:\v2.0\a1\_work\dbded102\bin\release.anycpu\tfs.service\ms.tf.workitemtracking.web.l0.tests\ms.tf.workitemtracking.web.l0.tests.dll" id="c6d131e5-a97a-8467-e6c0-82bbc2b7f25e">
      <Owners>
        <Owner name="witiq" />
      </Owners>
      <Execution id="ffca26d4-9a55-4c7e-a4d2-feb322e5a920" />
      <TestMethod codeBase="D:\v2.0\A1\_work\dbded102\bin\Release.AnyCPU\Tfs.Service\MS.TF.WorkItemTracking.Web.L0.Tests\MS.TF.WorkItemTracking.Web.L0.Tests.dll" adapterTypeName="Microsoft.VisualStudio.TestTools.TestTypes.Unit.UnitTestAdapter" className="MS.TF.WorkItemTracking.Web.L0.Tests.Controllers.V2.QueryControllerTests" name="DeleteQuery" />
    </UnitTest>
    <UnitTest name="DeleteFolder" storage="d:\v2.0\a1\_work\dbded102\bin\release.anycpu\tfs.service\ms.tf.workitemtracking.web.l0.tests\ms.tf.workitemtracking.web.l0.tests.dll" id="7b114736-f57a-93b1-53c2-3aded8bf753c">
      <Owners>
        <Owner name="witiq" />
      </Owners>
      <Execution id="d7d75357-3599-4e01-91f2-8c81a8d52316" />
      <TestMethod codeBase="D:\v2.0\A1\_work\dbded102\bin\Release.AnyCPU\Tfs.Service\MS.TF.WorkItemTracking.Web.L0.Tests\MS.TF.WorkItemTracking.Web.L0.Tests.dll" adapterTypeName="Microsoft.VisualStudio.TestTools.TestTypes.Unit.UnitTestAdapter" className="MS.TF.WorkItemTracking.Web.L0.Tests.Controllers.V2.QueryControllerTests" name="DeleteFolder" />
    </UnitTest>
    <UnitTest name="UpdateQuery_UndeleteQuery" storage="d:\v2.0\a1\_work\dbded102\bin\release.anycpu\tfs.service\ms.tf.workitemtracking.web.l0.tests\ms.tf.workitemtracking.web.l0.tests.dll" id="93b7a9e3-3e6b-04e8-1bac-65392a51ec62">
      <Owners>
        <Owner name="witiq" />
      </Owners>
      <Execution id="79a0f5ec-1f53-4d09-8b7a-7a3460cb7804" />
      <TestMethod codeBase="D:\v2.0\A1\_work\dbded102\bin\Release.AnyCPU\Tfs.Service\MS.TF.WorkItemTracking.Web.L0.Tests\MS.TF.WorkItemTracking.Web.L0.Tests.dll" adapterTypeName="Microsoft.VisualStudio.TestTools.TestTypes.Unit.UnitTestAdapter" className="MS.TF.WorkItemTracking.Web.L0.Tests.Controllers.V2.QueryControllerTests" name="UpdateQuery_UndeleteQuery" />
    </UnitTest>
    <UnitTest name="UpdateQuery_NoOpUpdate" storage="d:\v2.0\a1\_work\dbded102\bin\release.anycpu\tfs.service\ms.tf.workitemtracking.web.l0.tests\ms.tf.workitemtracking.web.l0.tests.dll" id="304527dd-1473-464f-68fb-5314b31df100">
      <Owners>
        <Owner name="witiq" />
      </Owners>
      <Execution id="e421e34f-6600-4223-98b9-346739b896c7" />
      <TestMethod codeBase="D:\v2.0\A1\_work\dbded102\bin\Release.AnyCPU\Tfs.Service\MS.TF.WorkItemTracking.Web.L0.Tests\MS.TF.WorkItemTracking.Web.L0.Tests.dll" adapterTypeName="Microsoft.VisualStudio.TestTools.TestTypes.Unit.UnitTestAdapter" className="MS.TF.WorkItemTracking.Web.L0.Tests.Controllers.V2.QueryControllerTests" name="UpdateQuery_NoOpUpdate" />
    </UnitTest>
    <UnitTest name="ValidateFields_NullRulesFrom" storage="d:\v2.0\a1\_work\dbded102\bin\release.anycpu\tfs.service\ms.tf.workitemtracking.web.l0.tests\ms.tf.workitemtracking.web.l0.tests.dll" id="d864b423-c8c1-6673-c3f8-95299ea07ec4">
      <Owners>
        <Owner name="tfsmwit" />
      </Owners>
      <Execution id="fa4b6c76-137b-4240-895d-7c55c7a1bf72" />
      <TestMethod codeBase="D:\v2.0\A1\_work\dbded102\bin\Release.AnyCPU\Tfs.Service\MS.TF.WorkItemTracking.Web.L0.Tests\MS.TF.WorkItemTracking.Web.L0.Tests.dll" adapterTypeName="Microsoft.VisualStudio.TestTools.TestTypes.Unit.UnitTestAdapter" className="MS.TF.WorkItemTracking.Web.L0.Tests.Controllers.V2.RuleEngineControllerTests" name="ValidateFields_NullRulesFrom" />
    </UnitTest>
    <UnitTest name="ValidateFields_NullOriginalValues" storage="d:\v2.0\a1\_work\dbded102\bin\release.anycpu\tfs.service\ms.tf.workitemtracking.web.l0.tests\ms.tf.workitemtracking.web.l0.tests.dll" id="9d3449fa-67be-7705-d90f-1a06cf536e13">
      <Owners>
        <Owner name="tfsmwit" />
      </Owners>
      <Execution id="48ebd43b-86ac-4662-a03e-13ad52ea1c82" />
      <TestMethod codeBase="D:\v2.0\A1\_work\dbded102\bin\Release.AnyCPU\Tfs.Service\MS.TF.WorkItemTracking.Web.L0.Tests\MS.TF.WorkItemTracking.Web.L0.Tests.dll" adapterTypeName="Microsoft.VisualStudio.TestTools.TestTypes.Unit.UnitTestAdapter" className="MS.TF.WorkItemTracking.Web.L0.Tests.Controllers.V2.RuleEngineControllerTests" name="ValidateFields_NullOriginalValues" />
    </UnitTest>
    <UnitTest name="ValidateFields_NullFieldName" storage="d:\v2.0\a1\_work\dbded102\bin\release.anycpu\tfs.service\ms.tf.workitemtracking.web.l0.tests\ms.tf.workitemtracking.web.l0.tests.dll" id="fc654b05-7c92-b982-2fca-9ae191c0ec4b">
      <Owners>
        <Owner name="tfsmwit" />
      </Owners>
      <Execution id="906e13aa-572a-41b7-9240-b9e10cd88ea3" />
      <TestMethod codeBase="D:\v2.0\A1\_work\dbded102\bin\Release.AnyCPU\Tfs.Service\MS.TF.WorkItemTracking.Web.L0.Tests\MS.TF.WorkItemTracking.Web.L0.Tests.dll" adapterTypeName="Microsoft.VisualStudio.TestTools.TestTypes.Unit.UnitTestAdapter" className="MS.TF.WorkItemTracking.Web.L0.Tests.Controllers.V2.RuleEngineControllerTests" name="ValidateFields_NullFieldName" />
    </UnitTest>
    <UnitTest name="ValidateFields_UnknownField" storage="d:\v2.0\a1\_work\dbded102\bin\release.anycpu\tfs.service\ms.tf.workitemtracking.web.l0.tests\ms.tf.workitemtracking.web.l0.tests.dll" id="58bdc8e5-1c66-c747-a76a-ae160e41e53b">
      <Owners>
        <Owner name="tfsmwit" />
      </Owners>
      <Execution id="cc761bda-bfce-4d45-b162-8a8b7912f184" />
      <TestMethod codeBase="D:\v2.0\A1\_work\dbded102\bin\Release.AnyCPU\Tfs.Service\MS.TF.WorkItemTracking.Web.L0.Tests\MS.TF.WorkItemTracking.Web.L0.Tests.dll" adapterTypeName="Microsoft.VisualStudio.TestTools.TestTypes.Unit.UnitTestAdapter" className="MS.TF.WorkItemTracking.Web.L0.Tests.Controllers.V2.RuleEngineControllerTests" name="ValidateFields_UnknownField" />
    </UnitTest>
    <UnitTest name="ValidateFields_UnknownWorkItemType" storage="d:\v2.0\a1\_work\dbded102\bin\release.anycpu\tfs.service\ms.tf.workitemtracking.web.l0.tests\ms.tf.workitemtracking.web.l0.tests.dll" id="0d92662c-b0ca-c499-2592-87938b30f63c">
      <Owners>
        <Owner name="tfsmwit" />
      </Owners>
      <Execution id="3bab890f-a274-450a-84fc-846128c03882" />
      <TestMethod codeBase="D:\v2.0\A1\_work\dbded102\bin\Release.AnyCPU\Tfs.Service\MS.TF.WorkItemTracking.Web.L0.Tests\MS.TF.WorkItemTracking.Web.L0.Tests.dll" adapterTypeName="Microsoft.VisualStudio.TestTools.TestTypes.Unit.UnitTestAdapter" className="MS.TF.WorkItemTracking.Web.L0.Tests.Controllers.V2.RuleEngineControllerTests" name="ValidateFields_UnknownWorkItemType" />
    </UnitTest>
    <UnitTest name="ValidateFields_NotValidFieldDictionary" storage="d:\v2.0\a1\_work\dbded102\bin\release.anycpu\tfs.service\ms.tf.workitemtracking.web.l0.tests\ms.tf.workitemtracking.web.l0.tests.dll" id="030ff72a-d33d-0464-af36-bd3218b92386">
      <Owners>
        <Owner name="tfsmwit" />
      </Owners>
      <Execution id="0229de8e-3ce4-446f-a1d7-0d6036f62848" />
      <TestMethod codeBase="D:\v2.0\A1\_work\dbded102\bin\Release.AnyCPU\Tfs.Service\MS.TF.WorkItemTracking.Web.L0.Tests\MS.TF.WorkItemTracking.Web.L0.Tests.dll" adapterTypeName="Microsoft.VisualStudio.TestTools.TestTypes.Unit.UnitTestAdapter" className="MS.TF.WorkItemTracking.Web.L0.Tests.Controllers.V2.RuleEngineControllerTests" name="ValidateFields_NotValidFieldDictionary" />
    </UnitTest>
    <UnitTest name="ValidateFields_MissingMultipleFields" storage="d:\v2.0\a1\_work\dbded102\bin\release.anycpu\tfs.service\ms.tf.workitemtracking.web.l0.tests\ms.tf.workitemtracking.web.l0.tests.dll" id="31138291-cc83-27bf-d2ef-3cd6f9fcb21d">
      <Owners>
        <Owner name="tfsmwit" />
      </Owners>
      <Execution id="c85a15a1-8419-4af7-ba90-5daec456686e" />
      <TestMethod codeBase="D:\v2.0\A1\_work\dbded102\bin\Release.AnyCPU\Tfs.Service\MS.TF.WorkItemTracking.Web.L0.Tests\MS.TF.WorkItemTracking.Web.L0.Tests.dll" adapterTypeName="Microsoft.VisualStudio.TestTools.TestTypes.Unit.UnitTestAdapter" className="MS.TF.WorkItemTracking.Web.L0.Tests.Controllers.V2.RuleEngineControllerTests" name="ValidateFields_MissingMultipleFields" />
    </UnitTest>
    <UnitTest name="ValidateFieldValues_Null" storage="d:\v2.0\a1\_work\dbded102\bin\release.anycpu\tfs.service\ms.tf.workitemtracking.web.l0.tests\ms.tf.workitemtracking.web.l0.tests.dll" id="983019b2-e192-ee2b-f581-54d11e8fbc44">
      <Owners>
        <Owner name="tfsmwit" />
      </Owners>
      <Execution id="7f640136-80ca-491a-8346-85d196850f18" />
      <TestMethod codeBase="D:\v2.0\A1\_work\dbded102\bin\Release.AnyCPU\Tfs.Service\MS.TF.WorkItemTracking.Web.L0.Tests\MS.TF.WorkItemTracking.Web.L0.Tests.dll" adapterTypeName="Microsoft.VisualStudio.TestTools.TestTypes.Unit.UnitTestAdapter" className="MS.TF.WorkItemTracking.Web.L0.Tests.Controllers.V2.RuleEngineControllerTests" name="ValidateFieldValues_Null" />
    </UnitTest>
    <UnitTest name="ValidateFields_Bug" storage="d:\v2.0\a1\_work\dbded102\bin\release.anycpu\tfs.service\ms.tf.workitemtracking.web.l0.tests\ms.tf.workitemtracking.web.l0.tests.dll" id="eddaff82-b2ba-760d-6ca4-9be6278ad516">
      <Owners>
        <Owner name="tfsmwit" />
      </Owners>
      <Execution id="6577eceb-b515-41fc-be9f-9f58dcd44c5d" />
      <TestMethod codeBase="D:\v2.0\A1\_work\dbded102\bin\Release.AnyCPU\Tfs.Service\MS.TF.WorkItemTracking.Web.L0.Tests\MS.TF.WorkItemTracking.Web.L0.Tests.dll" adapterTypeName="Microsoft.VisualStudio.TestTools.TestTypes.Unit.UnitTestAdapter" className="MS.TF.WorkItemTracking.Web.L0.Tests.Controllers.V2.RuleEngineControllerTests" name="ValidateFields_Bug" />
    </UnitTest>
    <UnitTest name="ValidateFields_CodeReviewRequest" storage="d:\v2.0\a1\_work\dbded102\bin\release.anycpu\tfs.service\ms.tf.workitemtracking.web.l0.tests\ms.tf.workitemtracking.web.l0.tests.dll" id="4ee41d5d-8a87-703a-3e06-b6bc28cb4332">
      <Owners>
        <Owner name="tfsmwit" />
      </Owners>
      <Execution id="b294a3c2-2f6f-42d0-a808-3b9f3295e036" />
      <TestMethod codeBase="D:\v2.0\A1\_work\dbded102\bin\Release.AnyCPU\Tfs.Service\MS.TF.WorkItemTracking.Web.L0.Tests\MS.TF.WorkItemTracking.Web.L0.Tests.dll" adapterTypeName="Microsoft.VisualStudio.TestTools.TestTypes.Unit.UnitTestAdapter" className="MS.TF.WorkItemTracking.Web.L0.Tests.Controllers.V2.RuleEngineControllerTests" name="ValidateFields_CodeReviewRequest" />
    </UnitTest>
    <UnitTest name="UpdateQuery_NullWiql" storage="d:\v2.0\a1\_work\dbded102\bin\release.anycpu\tfs.service\ms.tf.workitemtracking.web.l0.tests\ms.tf.workitemtracking.web.l0.tests.dll" id="ba35fda7-926f-77df-0ddb-528fa36188b9">
      <Owners>
        <Owner name="witiq" />
      </Owners>
      <Execution id="c679c478-2ebd-4ad2-9169-6bba1d7c2e31" />
      <TestMethod codeBase="D:\v2.0\A1\_work\dbded102\bin\Release.AnyCPU\Tfs.Service\MS.TF.WorkItemTracking.Web.L0.Tests\MS.TF.WorkItemTracking.Web.L0.Tests.dll" adapterTypeName="Microsoft.VisualStudio.TestTools.TestTypes.Unit.UnitTestAdapter" className="MS.TF.WorkItemTracking.Web.L0.Tests.Controllers.V2.WiqlControllerTests" name="UpdateQuery_NullWiql" />
    </UnitTest>
    <UnitTest name="Query_IdEmpty" storage="d:\v2.0\a1\_work\dbded102\bin\release.anycpu\tfs.service\ms.tf.workitemtracking.web.l0.tests\ms.tf.workitemtracking.web.l0.tests.dll" id="71f92327-6590-0c70-672d-782fe845de3b">
      <Owners>
        <Owner name="witiq" />
      </Owners>
      <Execution id="cfe6468a-e22b-4916-a409-67912bd5b68b" />
      <TestMethod codeBase="D:\v2.0\A1\_work\dbded102\bin\Release.AnyCPU\Tfs.Service\MS.TF.WorkItemTracking.Web.L0.Tests\MS.TF.WorkItemTracking.Web.L0.Tests.dll" adapterTypeName="Microsoft.VisualStudio.TestTools.TestTypes.Unit.UnitTestAdapter" className="MS.TF.WorkItemTracking.Web.L0.Tests.Controllers.V2.WiqlControllerTests" name="Query_IdEmpty" />
    </UnitTest>
    <UnitTest name="UpdateQuery_InvalidQuery" storage="d:\v2.0\a1\_work\dbded102\bin\release.anycpu\tfs.service\ms.tf.workitemtracking.web.l0.tests\ms.tf.workitemtracking.web.l0.tests.dll" id="8f9727d6-7d8b-26a7-1dfd-98291a8f8f8f">
      <Owners>
        <Owner name="witiq" />
      </Owners>
      <Execution id="aae1c1b0-7005-44bb-ab26-d532ffdf85ff" />
      <TestMethod codeBase="D:\v2.0\A1\_work\dbded102\bin\Release.AnyCPU\Tfs.Service\MS.TF.WorkItemTracking.Web.L0.Tests\MS.TF.WorkItemTracking.Web.L0.Tests.dll" adapterTypeName="Microsoft.VisualStudio.TestTools.TestTypes.Unit.UnitTestAdapter" className="MS.TF.WorkItemTracking.Web.L0.Tests.Controllers.V2.WiqlControllerTests" name="UpdateQuery_InvalidQuery" />
    </UnitTest>
    <UnitTest name="UpdateQuery_NullQuery" storage="d:\v2.0\a1\_work\dbded102\bin\release.anycpu\tfs.service\ms.tf.workitemtracking.web.l0.tests\ms.tf.workitemtracking.web.l0.tests.dll" id="d5e1a50f-a192-31d1-5bd9-681f550de1fc">
      <Owners>
        <Owner name="witiq" />
      </Owners>
      <Execution id="0c8687db-fc21-40de-82b8-5f2740be21bc" />
      <TestMethod codeBase="D:\v2.0\A1\_work\dbded102\bin\Release.AnyCPU\Tfs.Service\MS.TF.WorkItemTracking.Web.L0.Tests\MS.TF.WorkItemTracking.Web.L0.Tests.dll" adapterTypeName="Microsoft.VisualStudio.TestTools.TestTypes.Unit.UnitTestAdapter" className="MS.TF.WorkItemTracking.Web.L0.Tests.Controllers.V2.WiqlControllerTests" name="UpdateQuery_NullQuery" />
    </UnitTest>
    <UnitTest name="UpdateQuery_MissingQueryParameter" storage="d:\v2.0\a1\_work\dbded102\bin\release.anycpu\tfs.service\ms.tf.workitemtracking.web.l0.tests\ms.tf.workitemtracking.web.l0.tests.dll" id="f0965381-a03f-940e-b264-4c2d1bc784af">
      <Owners>
        <Owner name="witiq" />
      </Owners>
      <Execution id="889f7d1f-a40c-4462-b678-be3d463f8b54" />
      <TestMethod codeBase="D:\v2.0\A1\_work\dbded102\bin\Release.AnyCPU\Tfs.Service\MS.TF.WorkItemTracking.Web.L0.Tests\MS.TF.WorkItemTracking.Web.L0.Tests.dll" adapterTypeName="Microsoft.VisualStudio.TestTools.TestTypes.Unit.UnitTestAdapter" className="MS.TF.WorkItemTracking.Web.L0.Tests.Controllers.V2.WiqlControllerTests" name="UpdateQuery_MissingQueryParameter" />
    </UnitTest>
    <UnitTest name="GetQueryResult_QueryingFolder" storage="d:\v2.0\a1\_work\dbded102\bin\release.anycpu\tfs.service\ms.tf.workitemtracking.web.l0.tests\ms.tf.workitemtracking.web.l0.tests.dll" id="02f90cbd-03aa-73a8-ca53-6618d36ff3a7">
      <Owners>
        <Owner name="witiq" />
      </Owners>
      <Execution id="0fae3e19-eb0e-41cb-a3bd-460eb533936a" />
      <TestMethod codeBase="D:\v2.0\A1\_work\dbded102\bin\Release.AnyCPU\Tfs.Service\MS.TF.WorkItemTracking.Web.L0.Tests\MS.TF.WorkItemTracking.Web.L0.Tests.dll" adapterTypeName="Microsoft.VisualStudio.TestTools.TestTypes.Unit.UnitTestAdapter" className="MS.TF.WorkItemTracking.Web.L0.Tests.Controllers.V2.WiqlControllerTests" name="GetQueryResult_QueryingFolder" />
    </UnitTest>
    <UnitTest name="GetQueryResult" storage="d:\v2.0\a1\_work\dbded102\bin\release.anycpu\tfs.service\ms.tf.workitemtracking.web.l0.tests\ms.tf.workitemtracking.web.l0.tests.dll" id="47fe99d9-db80-9bf4-03e4-d33796ab3103">
      <Owners>
        <Owner name="witiq" />
      </Owners>
      <Execution id="6ed39ab7-34a9-48fb-b2ca-650e1265f257" />
      <TestMethod codeBase="D:\v2.0\A1\_work\dbded102\bin\Release.AnyCPU\Tfs.Service\MS.TF.WorkItemTracking.Web.L0.Tests\MS.TF.WorkItemTracking.Web.L0.Tests.dll" adapterTypeName="Microsoft.VisualStudio.TestTools.TestTypes.Unit.UnitTestAdapter" className="MS.TF.WorkItemTracking.Web.L0.Tests.Controllers.V2.WiqlControllerTests" name="GetQueryResult" />
    </UnitTest>
    <UnitTest name="UpdateQuery" storage="d:\v2.0\a1\_work\dbded102\bin\release.anycpu\tfs.service\ms.tf.workitemtracking.web.l0.tests\ms.tf.workitemtracking.web.l0.tests.dll" id="24414cd7-b7ae-a738-ea35-364efca99c86">
      <Owners>
        <Owner name="witiq" />
      </Owners>
      <Execution id="a107f81d-fd47-40d5-befa-38b426b612bd" />
      <TestMethod codeBase="D:\v2.0\A1\_work\dbded102\bin\Release.AnyCPU\Tfs.Service\MS.TF.WorkItemTracking.Web.L0.Tests\MS.TF.WorkItemTracking.Web.L0.Tests.dll" adapterTypeName="Microsoft.VisualStudio.TestTools.TestTypes.Unit.UnitTestAdapter" className="MS.TF.WorkItemTracking.Web.L0.Tests.Controllers.V2.WiqlControllerTests" name="UpdateQuery" />
    </UnitTest>
    <UnitTest name="GetWorkItemHistory_CheckNull" storage="d:\v2.0\a1\_work\dbded102\bin\release.anycpu\tfs.service\ms.tf.workitemtracking.web.l0.tests\ms.tf.workitemtracking.web.l0.tests.dll" id="ab015eea-3856-61f4-4e91-9b80cbbada77">
      <Owners>
        <Owner name="tfsmwit" />
      </Owners>
      <Execution id="04ebe025-0678-44a5-961c-2926b7421956" />
      <TestMethod codeBase="D:\v2.0\A1\_work\dbded102\bin\Release.AnyCPU\Tfs.Service\MS.TF.WorkItemTracking.Web.L0.Tests\MS.TF.WorkItemTracking.Web.L0.Tests.dll" adapterTypeName="Microsoft.VisualStudio.TestTools.TestTypes.Unit.UnitTestAdapter" className="MS.TF.WorkItemTracking.Web.L0.Tests.Controllers.V2.WorkItemHistoryControllerTests" name="GetWorkItemHistory_CheckNull" />
    </UnitTest>
    <UnitTest name="GetWorkItemHistory_NotValidId" storage="d:\v2.0\a1\_work\dbded102\bin\release.anycpu\tfs.service\ms.tf.workitemtracking.web.l0.tests\ms.tf.workitemtracking.web.l0.tests.dll" id="4a28524f-b6df-37cf-2e0b-e6a97db0034a">
      <Execution id="3e8518bb-a915-460a-94d4-6c8cde7f450b" />
      <TestMethod codeBase="D:\v2.0\A1\_work\dbded102\bin\Release.AnyCPU\Tfs.Service\MS.TF.WorkItemTracking.Web.L0.Tests\MS.TF.WorkItemTracking.Web.L0.Tests.dll" adapterTypeName="Microsoft.VisualStudio.TestTools.TestTypes.Unit.UnitTestAdapter" className="MS.TF.WorkItemTracking.Web.L0.Tests.Controllers.V2.WorkItemHistoryControllerTests" name="GetWorkItemHistory_NotValidId" />
    </UnitTest>
    <UnitTest name="GetWorkItemHistory_MultipleRevisions" storage="d:\v2.0\a1\_work\dbded102\bin\release.anycpu\tfs.service\ms.tf.workitemtracking.web.l0.tests\ms.tf.workitemtracking.web.l0.tests.dll" id="cd5b0c86-b3f0-c0d1-60e6-918dfbcd0a58">
      <Owners>
        <Owner name="tfsmwit" />
      </Owners>
      <Execution id="d2371d1d-dd2b-45f1-9b83-bdf43427ad12" />
      <TestMethod codeBase="D:\v2.0\A1\_work\dbded102\bin\Release.AnyCPU\Tfs.Service\MS.TF.WorkItemTracking.Web.L0.Tests\MS.TF.WorkItemTracking.Web.L0.Tests.dll" adapterTypeName="Microsoft.VisualStudio.TestTools.TestTypes.Unit.UnitTestAdapter" className="MS.TF.WorkItemTracking.Web.L0.Tests.Controllers.V2.WorkItemHistoryControllerTests" name="GetWorkItemHistory_MultipleRevisions" />
    </UnitTest>
    <UnitTest name="GetWorkItem_CheckHistoryLink" storage="d:\v2.0\a1\_work\dbded102\bin\release.anycpu\tfs.service\ms.tf.workitemtracking.web.l0.tests\ms.tf.workitemtracking.web.l0.tests.dll" id="56bc43cb-ed33-81cb-5ef6-5a735dd3cba8">
      <Owners>
        <Owner name="tfsmwit" />
      </Owners>
      <Execution id="9a159767-225b-46c3-9ceb-a6b36e6eb01d" />
      <TestMethod codeBase="D:\v2.0\A1\_work\dbded102\bin\Release.AnyCPU\Tfs.Service\MS.TF.WorkItemTracking.Web.L0.Tests\MS.TF.WorkItemTracking.Web.L0.Tests.dll" adapterTypeName="Microsoft.VisualStudio.TestTools.TestTypes.Unit.UnitTestAdapter" className="MS.TF.WorkItemTracking.Web.L0.Tests.Controllers.V2.WorkItemHistoryControllerTests" name="GetWorkItem_CheckHistoryLink" />
    </UnitTest>
    <UnitTest name="GetWorkItemHistory_InvalidRevisionNumber" storage="d:\v2.0\a1\_work\dbded102\bin\release.anycpu\tfs.service\ms.tf.workitemtracking.web.l0.tests\ms.tf.workitemtracking.web.l0.tests.dll" id="bb251513-3c2e-95ef-b7e7-c3d52a26ff3c">
      <Execution id="945b891a-8a29-4fa7-9df7-16030269e52e" />
      <TestMethod codeBase="D:\v2.0\A1\_work\dbded102\bin\Release.AnyCPU\Tfs.Service\MS.TF.WorkItemTracking.Web.L0.Tests\MS.TF.WorkItemTracking.Web.L0.Tests.dll" adapterTypeName="Microsoft.VisualStudio.TestTools.TestTypes.Unit.UnitTestAdapter" className="MS.TF.WorkItemTracking.Web.L0.Tests.Controllers.V2.WorkItemHistoryControllerTests" name="GetWorkItemHistory_InvalidRevisionNumber" />
    </UnitTest>
    <UnitTest name="GetWorkItemHistory_EmptyHistory" storage="d:\v2.0\a1\_work\dbded102\bin\release.anycpu\tfs.service\ms.tf.workitemtracking.web.l0.tests\ms.tf.workitemtracking.web.l0.tests.dll" id="670cfa98-3559-5c8f-35ba-f9a2b8172f18">
      <Execution id="bec57760-e8f8-4f13-853a-d74629f1adf9" />
      <TestMethod codeBase="D:\v2.0\A1\_work\dbded102\bin\Release.AnyCPU\Tfs.Service\MS.TF.WorkItemTracking.Web.L0.Tests\MS.TF.WorkItemTracking.Web.L0.Tests.dll" adapterTypeName="Microsoft.VisualStudio.TestTools.TestTypes.Unit.UnitTestAdapter" className="MS.TF.WorkItemTracking.Web.L0.Tests.Controllers.V2.WorkItemHistoryControllerTests" name="GetWorkItemHistory_EmptyHistory" />
    </UnitTest>
    <UnitTest name="GetWorkItemHistoryByRevisionNumber" storage="d:\v2.0\a1\_work\dbded102\bin\release.anycpu\tfs.service\ms.tf.workitemtracking.web.l0.tests\ms.tf.workitemtracking.web.l0.tests.dll" id="0cd77355-6d28-d5bb-cbd3-489c7eb680d4">
      <Owners>
        <Owner name="tfsmwit" />
      </Owners>
      <Execution id="bc101646-2a5d-465e-a024-1300d3f2fd09" />
      <TestMethod codeBase="D:\v2.0\A1\_work\dbded102\bin\Release.AnyCPU\Tfs.Service\MS.TF.WorkItemTracking.Web.L0.Tests\MS.TF.WorkItemTracking.Web.L0.Tests.dll" adapterTypeName="Microsoft.VisualStudio.TestTools.TestTypes.Unit.UnitTestAdapter" className="MS.TF.WorkItemTracking.Web.L0.Tests.Controllers.V2.WorkItemHistoryControllerTests" name="GetWorkItemHistoryByRevisionNumber" />
    </UnitTest>
    <UnitTest name="GetHistory_TopOutOfRange" storage="d:\v2.0\a1\_work\dbded102\bin\release.anycpu\tfs.service\ms.tf.workitemtracking.web.l0.tests\ms.tf.workitemtracking.web.l0.tests.dll" id="40e5e9ec-ee63-e35a-f52e-6c8a125a1cfb">
      <Owners>
        <Owner name="tfsmwit" />
      </Owners>
      <Execution id="f17f47c2-cd5a-41b5-8375-e602d9cd4677" />
      <TestMethod codeBase="D:\v2.0\A1\_work\dbded102\bin\Release.AnyCPU\Tfs.Service\MS.TF.WorkItemTracking.Web.L0.Tests\MS.TF.WorkItemTracking.Web.L0.Tests.dll" adapterTypeName="Microsoft.VisualStudio.TestTools.TestTypes.Unit.UnitTestAdapter" className="MS.TF.WorkItemTracking.Web.L0.Tests.Controllers.V2.WorkItemHistoryControllerTests" name="GetHistory_TopOutOfRange" />
    </UnitTest>
    <UnitTest name="GetHistory_SkipOutOfRange" storage="d:\v2.0\a1\_work\dbded102\bin\release.anycpu\tfs.service\ms.tf.workitemtracking.web.l0.tests\ms.tf.workitemtracking.web.l0.tests.dll" id="5568e322-d90f-0bd1-e7bc-59f095d65788">
      <Owners>
        <Owner name="tfsmwit" />
      </Owners>
      <Execution id="2ea6424e-7404-4669-a4ee-b7b8a00757a2" />
      <TestMethod codeBase="D:\v2.0\A1\_work\dbded102\bin\Release.AnyCPU\Tfs.Service\MS.TF.WorkItemTracking.Web.L0.Tests\MS.TF.WorkItemTracking.Web.L0.Tests.dll" adapterTypeName="Microsoft.VisualStudio.TestTools.TestTypes.Unit.UnitTestAdapter" className="MS.TF.WorkItemTracking.Web.L0.Tests.Controllers.V2.WorkItemHistoryControllerTests" name="GetHistory_SkipOutOfRange" />
    </UnitTest>
    <UnitTest name="GetHistory_Skip" storage="d:\v2.0\a1\_work\dbded102\bin\release.anycpu\tfs.service\ms.tf.workitemtracking.web.l0.tests\ms.tf.workitemtracking.web.l0.tests.dll" id="5f5a2ac2-c703-d9d2-93aa-614a83a48616">
      <Owners>
        <Owner name="tfsmwit" />
      </Owners>
      <Execution id="4635084c-e2eb-4619-a110-b997f1040b25" />
      <TestMethod codeBase="D:\v2.0\A1\_work\dbded102\bin\Release.AnyCPU\Tfs.Service\MS.TF.WorkItemTracking.Web.L0.Tests\MS.TF.WorkItemTracking.Web.L0.Tests.dll" adapterTypeName="Microsoft.VisualStudio.TestTools.TestTypes.Unit.UnitTestAdapter" className="MS.TF.WorkItemTracking.Web.L0.Tests.Controllers.V2.WorkItemHistoryControllerTests" name="GetHistory_Skip" />
    </UnitTest>
    <UnitTest name="GetWorkItemRevision_Top" storage="d:\v2.0\a1\_work\dbded102\bin\release.anycpu\tfs.service\ms.tf.workitemtracking.web.l0.tests\ms.tf.workitemtracking.web.l0.tests.dll" id="ea840565-ef31-00f8-a843-c1b639bd7d38">
      <Owners>
        <Owner name="tfsmwit" />
      </Owners>
      <Execution id="4433aa49-8950-491c-9fc1-342dd644684f" />
      <TestMethod codeBase="D:\v2.0\A1\_work\dbded102\bin\Release.AnyCPU\Tfs.Service\MS.TF.WorkItemTracking.Web.L0.Tests\MS.TF.WorkItemTracking.Web.L0.Tests.dll" adapterTypeName="Microsoft.VisualStudio.TestTools.TestTypes.Unit.UnitTestAdapter" className="MS.TF.WorkItemTracking.Web.L0.Tests.Controllers.V2.WorkItemHistoryControllerTests" name="GetWorkItemRevision_Top" />
    </UnitTest>
    <UnitTest name="GetWorkItemRevision_TopSkip" storage="d:\v2.0\a1\_work\dbded102\bin\release.anycpu\tfs.service\ms.tf.workitemtracking.web.l0.tests\ms.tf.workitemtracking.web.l0.tests.dll" id="7d212336-e299-b1d5-298e-6a09ba6a958e">
      <Owners>
        <Owner name="tfsmwit" />
      </Owners>
      <Execution id="dfac8c41-70dd-49e8-bd06-256b0312b429" />
      <TestMethod codeBase="D:\v2.0\A1\_work\dbded102\bin\Release.AnyCPU\Tfs.Service\MS.TF.WorkItemTracking.Web.L0.Tests\MS.TF.WorkItemTracking.Web.L0.Tests.dll" adapterTypeName="Microsoft.VisualStudio.TestTools.TestTypes.Unit.UnitTestAdapter" className="MS.TF.WorkItemTracking.Web.L0.Tests.Controllers.V2.WorkItemHistoryControllerTests" name="GetWorkItemRevision_TopSkip" />
    </UnitTest>
    <UnitTest name="GetWorkItemRevisions_WithWorkItemLinks" storage="d:\v2.0\a1\_work\dbded102\bin\release.anycpu\tfs.service\ms.tf.workitemtracking.web.l0.tests\ms.tf.workitemtracking.web.l0.tests.dll" id="6541d567-b80d-ec79-6cf1-bc46ade7aa14">
      <Owners>
        <Owner name="tfsmwit" />
      </Owners>
      <Execution id="49d4f115-2e66-4259-8baa-2e15d58a96f3" />
      <TestMethod codeBase="D:\v2.0\A1\_work\dbded102\bin\Release.AnyCPU\Tfs.Service\MS.TF.WorkItemTracking.Web.L0.Tests\MS.TF.WorkItemTracking.Web.L0.Tests.dll" adapterTypeName="Microsoft.VisualStudio.TestTools.TestTypes.Unit.UnitTestAdapter" className="MS.TF.WorkItemTracking.Web.L0.Tests.Controllers.V2.WorkItemRevisionControllerTests" name="GetWorkItemRevisions_WithWorkItemLinks" />
    </UnitTest>
    <UnitTest name="GetWorkItemRevision_LatestRevision" storage="d:\v2.0\a1\_work\dbded102\bin\release.anycpu\tfs.service\ms.tf.workitemtracking.web.l0.tests\ms.tf.workitemtracking.web.l0.tests.dll" id="0ad7c40c-0e96-e493-816d-8a49ef8133ef">
      <Owners>
        <Owner name="tfsmwit" />
      </Owners>
      <Execution id="bc256c72-e387-44d1-b6d0-92a7c48476a2" />
      <TestMethod codeBase="D:\v2.0\A1\_work\dbded102\bin\Release.AnyCPU\Tfs.Service\MS.TF.WorkItemTracking.Web.L0.Tests\MS.TF.WorkItemTracking.Web.L0.Tests.dll" adapterTypeName="Microsoft.VisualStudio.TestTools.TestTypes.Unit.UnitTestAdapter" className="MS.TF.WorkItemTracking.Web.L0.Tests.Controllers.V2.WorkItemRevisionControllerTests" name="GetWorkItemRevision_LatestRevision" />
    </UnitTest>
    <UnitTest name="GetWorkItemRevision_AnyRevision" storage="d:\v2.0\a1\_work\dbded102\bin\release.anycpu\tfs.service\ms.tf.workitemtracking.web.l0.tests\ms.tf.workitemtracking.web.l0.tests.dll" id="5c1aadd6-7f09-8875-502a-d25be1c82e2b">
      <Owners>
        <Owner name="tfsmwit" />
      </Owners>
      <Execution id="e015e480-5345-4ebd-82a1-98ccbee19f40" />
      <TestMethod codeBase="D:\v2.0\A1\_work\dbded102\bin\Release.AnyCPU\Tfs.Service\MS.TF.WorkItemTracking.Web.L0.Tests\MS.TF.WorkItemTracking.Web.L0.Tests.dll" adapterTypeName="Microsoft.VisualStudio.TestTools.TestTypes.Unit.UnitTestAdapter" className="MS.TF.WorkItemTracking.Web.L0.Tests.Controllers.V2.WorkItemRevisionControllerTests" name="GetWorkItemRevision_AnyRevision" />
    </UnitTest>
    <UnitTest name="GetWorkItemRevision_ExpandRelations" storage="d:\v2.0\a1\_work\dbded102\bin\release.anycpu\tfs.service\ms.tf.workitemtracking.web.l0.tests\ms.tf.workitemtracking.web.l0.tests.dll" id="d746cea5-1255-b1fa-3044-d1929cfde332">
      <Owners>
        <Owner name="tfsmwit" />
      </Owners>
      <Execution id="85938f8c-89ee-4a0d-be83-7275ece4caf6" />
      <TestMethod codeBase="D:\v2.0\A1\_work\dbded102\bin\Release.AnyCPU\Tfs.Service\MS.TF.WorkItemTracking.Web.L0.Tests\MS.TF.WorkItemTracking.Web.L0.Tests.dll" adapterTypeName="Microsoft.VisualStudio.TestTools.TestTypes.Unit.UnitTestAdapter" className="MS.TF.WorkItemTracking.Web.L0.Tests.Controllers.V2.WorkItemRevisionControllerTests" name="GetWorkItemRevision_ExpandRelations" />
    </UnitTest>
    <UnitTest name="GetWorkItemRevision_Skip" storage="d:\v2.0\a1\_work\dbded102\bin\release.anycpu\tfs.service\ms.tf.workitemtracking.web.l0.tests\ms.tf.workitemtracking.web.l0.tests.dll" id="838f987a-04a7-12b3-5265-25adf33013ce">
      <Owners>
        <Owner name="tfsmwit" />
      </Owners>
      <Execution id="42fa0fe1-eb51-4c23-a75d-46210cbad82c" />
      <TestMethod codeBase="D:\v2.0\A1\_work\dbded102\bin\Release.AnyCPU\Tfs.Service\MS.TF.WorkItemTracking.Web.L0.Tests\MS.TF.WorkItemTracking.Web.L0.Tests.dll" adapterTypeName="Microsoft.VisualStudio.TestTools.TestTypes.Unit.UnitTestAdapter" className="MS.TF.WorkItemTracking.Web.L0.Tests.Controllers.V2.WorkItemRevisionControllerTests" name="GetWorkItemRevision_Skip" />
    </UnitTest>
    <UnitTest name="GetWorkItemRevision_Top" storage="d:\v2.0\a1\_work\dbded102\bin\release.anycpu\tfs.service\ms.tf.workitemtracking.web.l0.tests\ms.tf.workitemtracking.web.l0.tests.dll" id="06c7c0d0-17c6-9708-1355-bcce1b0d53fd">
      <Owners>
        <Owner name="tfsmwit" />
      </Owners>
      <Execution id="d1f56acb-86b8-4b09-b0ce-a92a5165321c" />
      <TestMethod codeBase="D:\v2.0\A1\_work\dbded102\bin\Release.AnyCPU\Tfs.Service\MS.TF.WorkItemTracking.Web.L0.Tests\MS.TF.WorkItemTracking.Web.L0.Tests.dll" adapterTypeName="Microsoft.VisualStudio.TestTools.TestTypes.Unit.UnitTestAdapter" className="MS.TF.WorkItemTracking.Web.L0.Tests.Controllers.V2.WorkItemRevisionControllerTests" name="GetWorkItemRevision_Top" />
    </UnitTest>
    <UnitTest name="GetWorkItemRevision_TopSkip" storage="d:\v2.0\a1\_work\dbded102\bin\release.anycpu\tfs.service\ms.tf.workitemtracking.web.l0.tests\ms.tf.workitemtracking.web.l0.tests.dll" id="a6c9d927-1a63-b514-8fca-1f0eeb7783f0">
      <Owners>
        <Owner name="tfsmwit" />
      </Owners>
      <Execution id="e01de700-f071-4c52-8e81-83da4e16384b" />
      <TestMethod codeBase="D:\v2.0\A1\_work\dbded102\bin\Release.AnyCPU\Tfs.Service\MS.TF.WorkItemTracking.Web.L0.Tests\MS.TF.WorkItemTracking.Web.L0.Tests.dll" adapterTypeName="Microsoft.VisualStudio.TestTools.TestTypes.Unit.UnitTestAdapter" className="MS.TF.WorkItemTracking.Web.L0.Tests.Controllers.V2.WorkItemRevisionControllerTests" name="GetWorkItemRevision_TopSkip" />
    </UnitTest>
    <UnitTest name="GetWorkItemCategory_InvalidCategory" storage="d:\v2.0\a1\_work\dbded102\bin\release.anycpu\tfs.service\ms.tf.workitemtracking.web.l0.tests\ms.tf.workitemtracking.web.l0.tests.dll" id="1e3a16d2-20df-47c3-654a-85abc0b83d98">
      <Owners>
        <Owner name="tfsmwit" />
      </Owners>
      <Execution id="1ed728b2-9907-4c32-8929-69dc43e29e6f" />
      <TestMethod codeBase="D:\v2.0\A1\_work\dbded102\bin\Release.AnyCPU\Tfs.Service\MS.TF.WorkItemTracking.Web.L0.Tests\MS.TF.WorkItemTracking.Web.L0.Tests.dll" adapterTypeName="Microsoft.VisualStudio.TestTools.TestTypes.Unit.UnitTestAdapter" className="MS.TF.WorkItemTracking.Web.L0.Tests.Controllers.V2.WorkItemTypeCategoriesControllerTests" name="GetWorkItemCategory_InvalidCategory" />
    </UnitTest>
    <UnitTest name="GetWorkItemTypeCategories" storage="d:\v2.0\a1\_work\dbded102\bin\release.anycpu\tfs.service\ms.tf.workitemtracking.web.l0.tests\ms.tf.workitemtracking.web.l0.tests.dll" id="e6e5ec65-f364-8bfa-0b39-69b3ebe1e7d8">
      <Owners>
        <Owner name="tfsmwit" />
      </Owners>
      <Execution id="752121d7-2696-4dc6-9667-ddfdfc0704d2" />
      <TestMethod codeBase="D:\v2.0\A1\_work\dbded102\bin\Release.AnyCPU\Tfs.Service\MS.TF.WorkItemTracking.Web.L0.Tests\MS.TF.WorkItemTracking.Web.L0.Tests.dll" adapterTypeName="Microsoft.VisualStudio.TestTools.TestTypes.Unit.UnitTestAdapter" className="MS.TF.WorkItemTracking.Web.L0.Tests.Controllers.V2.WorkItemTypeCategoriesControllerTests" name="GetWorkItemTypeCategories" />
    </UnitTest>
    <UnitTest name="GetWorkItemTypeCategory" storage="d:\v2.0\a1\_work\dbded102\bin\release.anycpu\tfs.service\ms.tf.workitemtracking.web.l0.tests\ms.tf.workitemtracking.web.l0.tests.dll" id="b0111896-691b-2f68-f1f9-e765f376aa05">
      <Owners>
        <Owner name="tfsmwit" />
      </Owners>
      <Execution id="8cc659d0-a73f-4d83-989e-8ed662407cd8" />
      <TestMethod codeBase="D:\v2.0\A1\_work\dbded102\bin\Release.AnyCPU\Tfs.Service\MS.TF.WorkItemTracking.Web.L0.Tests\MS.TF.WorkItemTracking.Web.L0.Tests.dll" adapterTypeName="Microsoft.VisualStudio.TestTools.TestTypes.Unit.UnitTestAdapter" className="MS.TF.WorkItemTracking.Web.L0.Tests.Controllers.V2.WorkItemTypeCategoriesControllerTests" name="GetWorkItemTypeCategory" />
    </UnitTest>
    <UnitTest name="GetWorkItemType_InvalidType" storage="d:\v2.0\a1\_work\dbded102\bin\release.anycpu\tfs.service\ms.tf.workitemtracking.web.l0.tests\ms.tf.workitemtracking.web.l0.tests.dll" id="33134f8f-5cc7-0630-7e5e-8206b9cf7f04">
      <Owners>
        <Owner name="tfsmwit" />
      </Owners>
      <Execution id="d5b46826-a2f1-4b6c-9bf4-bb597d783f5c" />
      <TestMethod codeBase="D:\v2.0\A1\_work\dbded102\bin\Release.AnyCPU\Tfs.Service\MS.TF.WorkItemTracking.Web.L0.Tests\MS.TF.WorkItemTracking.Web.L0.Tests.dll" adapterTypeName="Microsoft.VisualStudio.TestTools.TestTypes.Unit.UnitTestAdapter" className="MS.TF.WorkItemTracking.Web.L0.Tests.Controllers.V2.WorkItemTypeControllerTests" name="GetWorkItemType_InvalidType" />
    </UnitTest>
    <UnitTest name="GetWorkItemTypes" storage="d:\v2.0\a1\_work\dbded102\bin\release.anycpu\tfs.service\ms.tf.workitemtracking.web.l0.tests\ms.tf.workitemtracking.web.l0.tests.dll" id="c0120ba5-9bd8-439a-44dc-7e0ab9e81e85">
      <Owners>
        <Owner name="tfsmwit" />
      </Owners>
      <Execution id="d72a8cfe-5fef-4a61-ae16-d1c6cdefaff7" />
      <TestMethod codeBase="D:\v2.0\A1\_work\dbded102\bin\Release.AnyCPU\Tfs.Service\MS.TF.WorkItemTracking.Web.L0.Tests\MS.TF.WorkItemTracking.Web.L0.Tests.dll" adapterTypeName="Microsoft.VisualStudio.TestTools.TestTypes.Unit.UnitTestAdapter" className="MS.TF.WorkItemTracking.Web.L0.Tests.Controllers.V2.WorkItemTypeControllerTests" name="GetWorkItemTypes" />
    </UnitTest>
    <UnitTest name="GetWorkItemType" storage="d:\v2.0\a1\_work\dbded102\bin\release.anycpu\tfs.service\ms.tf.workitemtracking.web.l0.tests\ms.tf.workitemtracking.web.l0.tests.dll" id="511704ea-d1e7-5db4-199d-8b91c26c211a">
      <Owners>
        <Owner name="tfsmwit" />
      </Owners>
      <Execution id="725fd174-aac9-421c-9e88-96ed61d53351" />
      <TestMethod codeBase="D:\v2.0\A1\_work\dbded102\bin\Release.AnyCPU\Tfs.Service\MS.TF.WorkItemTracking.Web.L0.Tests\MS.TF.WorkItemTracking.Web.L0.Tests.dll" adapterTypeName="Microsoft.VisualStudio.TestTools.TestTypes.Unit.UnitTestAdapter" className="MS.TF.WorkItemTracking.Web.L0.Tests.Controllers.V2.WorkItemTypeControllerTests" name="GetWorkItemType" />
    </UnitTest>
    <UnitTest name="GetWorkItemRelationType_InvalidType" storage="d:\v2.0\a1\_work\dbded102\bin\release.anycpu\tfs.service\ms.tf.workitemtracking.web.l0.tests\ms.tf.workitemtracking.web.l0.tests.dll" id="6e0b38b2-3abc-5288-70a5-b86e0141501d">
      <Owners>
        <Owner name="tfsmwit" />
      </Owners>
      <Execution id="e933fcc4-13ca-4cfe-a8b3-6834a6acf847" />
      <TestMethod codeBase="D:\v2.0\A1\_work\dbded102\bin\Release.AnyCPU\Tfs.Service\MS.TF.WorkItemTracking.Web.L0.Tests\MS.TF.WorkItemTracking.Web.L0.Tests.dll" adapterTypeName="Microsoft.VisualStudio.TestTools.TestTypes.Unit.UnitTestAdapter" className="MS.TF.WorkItemTracking.Web.L0.Tests.Controllers.V2.WorkItemRelationTypesControllerTests" name="GetWorkItemRelationType_InvalidType" />
    </UnitTest>
    <UnitTest name="GetWorkItemRelationTypes" storage="d:\v2.0\a1\_work\dbded102\bin\release.anycpu\tfs.service\ms.tf.workitemtracking.web.l0.tests\ms.tf.workitemtracking.web.l0.tests.dll" id="b3c31fda-e1b7-efa9-1d49-f9d8c4632b5d">
      <Owners>
        <Owner name="tfsmwit" />
      </Owners>
      <Execution id="d492f5e0-fb1a-4e52-a95e-c165f0552234" />
      <TestMethod codeBase="D:\v2.0\A1\_work\dbded102\bin\Release.AnyCPU\Tfs.Service\MS.TF.WorkItemTracking.Web.L0.Tests\MS.TF.WorkItemTracking.Web.L0.Tests.dll" adapterTypeName="Microsoft.VisualStudio.TestTools.TestTypes.Unit.UnitTestAdapter" className="MS.TF.WorkItemTracking.Web.L0.Tests.Controllers.V2.WorkItemRelationTypesControllerTests" name="GetWorkItemRelationTypes" />
    </UnitTest>
    <UnitTest name="GetWorkItemRelationType" storage="d:\v2.0\a1\_work\dbded102\bin\release.anycpu\tfs.service\ms.tf.workitemtracking.web.l0.tests\ms.tf.workitemtracking.web.l0.tests.dll" id="0e14dae3-b69c-c490-c513-85b873609e9b">
      <Owners>
        <Owner name="tfsmwit" />
      </Owners>
      <Execution id="9cd867a6-f1fa-4832-a0c5-a9f0970f535d" />
      <TestMethod codeBase="D:\v2.0\A1\_work\dbded102\bin\Release.AnyCPU\Tfs.Service\MS.TF.WorkItemTracking.Web.L0.Tests\MS.TF.WorkItemTracking.Web.L0.Tests.dll" adapterTypeName="Microsoft.VisualStudio.TestTools.TestTypes.Unit.UnitTestAdapter" className="MS.TF.WorkItemTracking.Web.L0.Tests.Controllers.V2.WorkItemRelationTypesControllerTests" name="GetWorkItemRelationType" />
    </UnitTest>
    <UnitTest name="GetWorkItemRelationType_ArtifactLink" storage="d:\v2.0\a1\_work\dbded102\bin\release.anycpu\tfs.service\ms.tf.workitemtracking.web.l0.tests\ms.tf.workitemtracking.web.l0.tests.dll" id="6219b828-b662-1b17-1a2b-75e5648e0436">
      <Owners>
        <Owner name="tfsmwit" />
      </Owners>
      <Execution id="18f6aceb-4ec4-44df-9fb7-a64de6d5701c" />
      <TestMethod codeBase="D:\v2.0\A1\_work\dbded102\bin\Release.AnyCPU\Tfs.Service\MS.TF.WorkItemTracking.Web.L0.Tests\MS.TF.WorkItemTracking.Web.L0.Tests.dll" adapterTypeName="Microsoft.VisualStudio.TestTools.TestTypes.Unit.UnitTestAdapter" className="MS.TF.WorkItemTracking.Web.L0.Tests.Controllers.V2.WorkItemRelationTypesControllerTests" name="GetWorkItemRelationType_ArtifactLink" />
    </UnitTest>
    <UnitTest name="GetDependentFields_EmptyType" storage="d:\v2.0\a1\_work\dbded102\bin\release.anycpu\tfs.service\ms.tf.workitemtracking.web.l0.tests\ms.tf.workitemtracking.web.l0.tests.dll" id="e1798e00-80f8-dca4-c522-86feeb4a9e81">
      <Owners>
        <Owner name="tfsmwit" />
      </Owners>
      <Execution id="abdafe8c-a8fd-426c-a4ab-d00b85159dfa" />
      <TestMethod codeBase="D:\v2.0\A1\_work\dbded102\bin\Release.AnyCPU\Tfs.Service\MS.TF.WorkItemTracking.Web.L0.Tests\MS.TF.WorkItemTracking.Web.L0.Tests.dll" adapterTypeName="Microsoft.VisualStudio.TestTools.TestTypes.Unit.UnitTestAdapter" className="MS.TF.WorkItemTracking.Web.L0.Tests.Controllers.V2.WorkItemTypeFieldController" name="GetDependentFields_EmptyType" />
    </UnitTest>
    <UnitTest name="GetDependentFields_EmptyField" storage="d:\v2.0\a1\_work\dbded102\bin\release.anycpu\tfs.service\ms.tf.workitemtracking.web.l0.tests\ms.tf.workitemtracking.web.l0.tests.dll" id="9a23268a-0f71-9568-add9-a011e3531d6c">
      <Owners>
        <Owner name="tfsmwit" />
      </Owners>
      <Execution id="c1d7e406-d234-4e88-8c38-f2e013b084d0" />
      <TestMethod codeBase="D:\v2.0\A1\_work\dbded102\bin\Release.AnyCPU\Tfs.Service\MS.TF.WorkItemTracking.Web.L0.Tests\MS.TF.WorkItemTracking.Web.L0.Tests.dll" adapterTypeName="Microsoft.VisualStudio.TestTools.TestTypes.Unit.UnitTestAdapter" className="MS.TF.WorkItemTracking.Web.L0.Tests.Controllers.V2.WorkItemTypeFieldController" name="GetDependentFields_EmptyField" />
    </UnitTest>
    <UnitTest name="GetDependentFields_UnknownField" storage="d:\v2.0\a1\_work\dbded102\bin\release.anycpu\tfs.service\ms.tf.workitemtracking.web.l0.tests\ms.tf.workitemtracking.web.l0.tests.dll" id="2adb1f04-7842-e7f2-3ee1-1eb8586b3647">
      <Owners>
        <Owner name="tfsmwit" />
      </Owners>
      <Execution id="5b5d4bd5-8ab2-4c56-b1a5-d80ab289e657" />
      <TestMethod codeBase="D:\v2.0\A1\_work\dbded102\bin\Release.AnyCPU\Tfs.Service\MS.TF.WorkItemTracking.Web.L0.Tests\MS.TF.WorkItemTracking.Web.L0.Tests.dll" adapterTypeName="Microsoft.VisualStudio.TestTools.TestTypes.Unit.UnitTestAdapter" className="MS.TF.WorkItemTracking.Web.L0.Tests.Controllers.V2.WorkItemTypeFieldController" name="GetDependentFields_UnknownField" />
    </UnitTest>
    <UnitTest name="GetDependentFields" storage="d:\v2.0\a1\_work\dbded102\bin\release.anycpu\tfs.service\ms.tf.workitemtracking.web.l0.tests\ms.tf.workitemtracking.web.l0.tests.dll" id="c7f0f62e-c3ed-8823-01ad-ad9240568524">
      <Owners>
        <Owner name="tfsmwit" />
      </Owners>
      <Execution id="dc363cdd-7f3d-44b5-9635-f45cf88f1f1c" />
      <TestMethod codeBase="D:\v2.0\A1\_work\dbded102\bin\Release.AnyCPU\Tfs.Service\MS.TF.WorkItemTracking.Web.L0.Tests\MS.TF.WorkItemTracking.Web.L0.Tests.dll" adapterTypeName="Microsoft.VisualStudio.TestTools.TestTypes.Unit.UnitTestAdapter" className="MS.TF.WorkItemTracking.Web.L0.Tests.Controllers.V2.WorkItemTypeFieldController" name="GetDependentFields" />
    </UnitTest>
    <UnitTest name="GetWorkItemUpdatesById_WithWorkItemLinks" storage="d:\v2.0\a1\_work\dbded102\bin\release.anycpu\tfs.service\ms.tf.workitemtracking.web.l0.tests\ms.tf.workitemtracking.web.l0.tests.dll" id="58c7c960-d801-c9f7-59af-4d89c4406326">
      <Owners>
        <Owner name="tfsmwit" />
      </Owners>
      <Execution id="0852f4f3-5d86-4e75-b9f1-b621973d5879" />
      <TestMethod codeBase="D:\v2.0\A1\_work\dbded102\bin\Release.AnyCPU\Tfs.Service\MS.TF.WorkItemTracking.Web.L0.Tests\MS.TF.WorkItemTracking.Web.L0.Tests.dll" adapterTypeName="Microsoft.VisualStudio.TestTools.TestTypes.Unit.UnitTestAdapter" className="MS.TF.WorkItemTracking.Web.L0.Tests.Controllers.V2.WorkItemUpdateControllerTests" name="GetWorkItemUpdatesById_WithWorkItemLinks" />
    </UnitTest>
    <UnitTest name="GetWorkItemUpdate" storage="d:\v2.0\a1\_work\dbded102\bin\release.anycpu\tfs.service\ms.tf.workitemtracking.web.l0.tests\ms.tf.workitemtracking.web.l0.tests.dll" id="6ea6ba9c-c0a9-c5c5-fcf3-e513cfcfd365">
      <Owners>
        <Owner name="tfsmwit" />
      </Owners>
      <Execution id="c698186c-7a7d-43c6-8b29-589a408738a6" />
      <TestMethod codeBase="D:\v2.0\A1\_work\dbded102\bin\Release.AnyCPU\Tfs.Service\MS.TF.WorkItemTracking.Web.L0.Tests\MS.TF.WorkItemTracking.Web.L0.Tests.dll" adapterTypeName="Microsoft.VisualStudio.TestTools.TestTypes.Unit.UnitTestAdapter" className="MS.TF.WorkItemTracking.Web.L0.Tests.Controllers.V2.WorkItemUpdateControllerTests" name="GetWorkItemUpdate" />
    </UnitTest>
    <UnitTest name="GetWorkItemUpdate_Skip" storage="d:\v2.0\a1\_work\dbded102\bin\release.anycpu\tfs.service\ms.tf.workitemtracking.web.l0.tests\ms.tf.workitemtracking.web.l0.tests.dll" id="8b3ecf3c-b223-6811-fb5b-f698b5f1411d">
      <Owners>
        <Owner name="tfsmwit" />
      </Owners>
      <Execution id="6394f74f-93f3-4d08-a0e7-bfa840bf7dbb" />
      <TestMethod codeBase="D:\v2.0\A1\_work\dbded102\bin\Release.AnyCPU\Tfs.Service\MS.TF.WorkItemTracking.Web.L0.Tests\MS.TF.WorkItemTracking.Web.L0.Tests.dll" adapterTypeName="Microsoft.VisualStudio.TestTools.TestTypes.Unit.UnitTestAdapter" className="MS.TF.WorkItemTracking.Web.L0.Tests.Controllers.V2.WorkItemUpdateControllerTests" name="GetWorkItemUpdate_Skip" />
    </UnitTest>
    <UnitTest name="GetWorkItemUpdate_Top" storage="d:\v2.0\a1\_work\dbded102\bin\release.anycpu\tfs.service\ms.tf.workitemtracking.web.l0.tests\ms.tf.workitemtracking.web.l0.tests.dll" id="e8f81754-31d5-eb76-e4c6-6bf47dc0080b">
      <Owners>
        <Owner name="tfsmwit" />
      </Owners>
      <Execution id="268862f1-1561-48c8-9ad7-612f3ea2a276" />
      <TestMethod codeBase="D:\v2.0\A1\_work\dbded102\bin\Release.AnyCPU\Tfs.Service\MS.TF.WorkItemTracking.Web.L0.Tests\MS.TF.WorkItemTracking.Web.L0.Tests.dll" adapterTypeName="Microsoft.VisualStudio.TestTools.TestTypes.Unit.UnitTestAdapter" className="MS.TF.WorkItemTracking.Web.L0.Tests.Controllers.V2.WorkItemUpdateControllerTests" name="GetWorkItemUpdate_Top" />
    </UnitTest>
    <UnitTest name="GetWorkItemUpdate_TopSkip" storage="d:\v2.0\a1\_work\dbded102\bin\release.anycpu\tfs.service\ms.tf.workitemtracking.web.l0.tests\ms.tf.workitemtracking.web.l0.tests.dll" id="8f79e338-ea90-dd31-e062-a9e3fada29f0">
      <Owners>
        <Owner name="tfsmwit" />
      </Owners>
      <Execution id="e701fec5-bb8b-459c-8be5-42abed114d62" />
      <TestMethod codeBase="D:\v2.0\A1\_work\dbded102\bin\Release.AnyCPU\Tfs.Service\MS.TF.WorkItemTracking.Web.L0.Tests\MS.TF.WorkItemTracking.Web.L0.Tests.dll" adapterTypeName="Microsoft.VisualStudio.TestTools.TestTypes.Unit.UnitTestAdapter" className="MS.TF.WorkItemTracking.Web.L0.Tests.Controllers.V2.WorkItemUpdateControllerTests" name="GetWorkItemUpdate_TopSkip" />
    </UnitTest>
    <UnitTest name="NullBatchRequest" storage="d:\v2.0\a1\_work\dbded102\bin\release.anycpu\tfs.service\ms.tf.workitemtracking.web.l0.tests\ms.tf.workitemtracking.web.l0.tests.dll" id="4c05ec93-398d-a169-91f0-f46f3b4c51c0">
      <Owners>
        <Owner name="tfsmwit" />
      </Owners>
      <Execution id="86a97311-cc81-4017-9de9-f3d0ef9aae6e" />
      <TestMethod codeBase="D:\v2.0\A1\_work\dbded102\bin\Release.AnyCPU\Tfs.Service\MS.TF.WorkItemTracking.Web.L0.Tests\MS.TF.WorkItemTracking.Web.L0.Tests.dll" adapterTypeName="Microsoft.VisualStudio.TestTools.TestTypes.Unit.UnitTestAdapter" className="MS.TF.WorkItemTracking.Web.L0.Tests.Batch.WitHttpBatchHandlerTests" name="NullBatchRequest" />
    </UnitTest>
    <UnitTest name="EmptyBatchRequest" storage="d:\v2.0\a1\_work\dbded102\bin\release.anycpu\tfs.service\ms.tf.workitemtracking.web.l0.tests\ms.tf.workitemtracking.web.l0.tests.dll" id="8aab6a2b-1ec0-99d7-b434-0657bce5efde">
      <Owners>
        <Owner name="tfsmwit" />
      </Owners>
      <Execution id="d01d5e01-70fb-4297-907c-33d2bd6dfdc2" />
      <TestMethod codeBase="D:\v2.0\A1\_work\dbded102\bin\Release.AnyCPU\Tfs.Service\MS.TF.WorkItemTracking.Web.L0.Tests\MS.TF.WorkItemTracking.Web.L0.Tests.dll" adapterTypeName="Microsoft.VisualStudio.TestTools.TestTypes.Unit.UnitTestAdapter" className="MS.TF.WorkItemTracking.Web.L0.Tests.Batch.WitHttpBatchHandlerTests" name="EmptyBatchRequest" />
    </UnitTest>
    <UnitTest name="InvalidModel" storage="d:\v2.0\a1\_work\dbded102\bin\release.anycpu\tfs.service\ms.tf.workitemtracking.web.l0.tests\ms.tf.workitemtracking.web.l0.tests.dll" id="4c6ba9c0-29a1-e281-061f-5590f6f50f29">
      <Owners>
        <Owner name="tfsmwit" />
      </Owners>
      <Execution id="6ce570aa-3624-4786-bbe4-54eb71f72388" />
      <TestMethod codeBase="D:\v2.0\A1\_work\dbded102\bin\Release.AnyCPU\Tfs.Service\MS.TF.WorkItemTracking.Web.L0.Tests\MS.TF.WorkItemTracking.Web.L0.Tests.dll" adapterTypeName="Microsoft.VisualStudio.TestTools.TestTypes.Unit.UnitTestAdapter" className="MS.TF.WorkItemTracking.Web.L0.Tests.Batch.WitHttpBatchHandlerTests" name="InvalidModel" />
    </UnitTest>
    <UnitTest name="InvalidModel_Method" storage="d:\v2.0\a1\_work\dbded102\bin\release.anycpu\tfs.service\ms.tf.workitemtracking.web.l0.tests\ms.tf.workitemtracking.web.l0.tests.dll" id="2fdf5ec0-ff75-e1f8-3e9e-5b99c523fd17">
      <Owners>
        <Owner name="tfsmwit" />
      </Owners>
      <Execution id="6648860f-a6c2-4616-8e5f-ff4b0dac47e0" />
      <TestMethod codeBase="D:\v2.0\A1\_work\dbded102\bin\Release.AnyCPU\Tfs.Service\MS.TF.WorkItemTracking.Web.L0.Tests\MS.TF.WorkItemTracking.Web.L0.Tests.dll" adapterTypeName="Microsoft.VisualStudio.TestTools.TestTypes.Unit.UnitTestAdapter" className="MS.TF.WorkItemTracking.Web.L0.Tests.Batch.WitHttpBatchHandlerTests" name="InvalidModel_Method" />
    </UnitTest>
    <UnitTest name="SingleRequest" storage="d:\v2.0\a1\_work\dbded102\bin\release.anycpu\tfs.service\ms.tf.workitemtracking.web.l0.tests\ms.tf.workitemtracking.web.l0.tests.dll" id="2bb8cf3b-126c-3d98-c50f-e9d34bbbc45e">
      <Owners>
        <Owner name="tfsmwit" />
      </Owners>
      <Execution id="df65ffc8-3a30-4f25-a675-b969c68d3204" />
      <TestMethod codeBase="D:\v2.0\A1\_work\dbded102\bin\Release.AnyCPU\Tfs.Service\MS.TF.WorkItemTracking.Web.L0.Tests\MS.TF.WorkItemTracking.Web.L0.Tests.dll" adapterTypeName="Microsoft.VisualStudio.TestTools.TestTypes.Unit.UnitTestAdapter" className="MS.TF.WorkItemTracking.Web.L0.Tests.Batch.WitHttpBatchHandlerTests" name="SingleRequest" />
    </UnitTest>
    <UnitTest name="MultipleRequests" storage="d:\v2.0\a1\_work\dbded102\bin\release.anycpu\tfs.service\ms.tf.workitemtracking.web.l0.tests\ms.tf.workitemtracking.web.l0.tests.dll" id="a97b629e-254d-9ebf-ba11-cc98f19215f8">
      <Owners>
        <Owner name="tfsmwit" />
      </Owners>
      <Execution id="f1926ece-4c50-42df-a7d2-c1adce064e3e" />
      <TestMethod codeBase="D:\v2.0\A1\_work\dbded102\bin\Release.AnyCPU\Tfs.Service\MS.TF.WorkItemTracking.Web.L0.Tests\MS.TF.WorkItemTracking.Web.L0.Tests.dll" adapterTypeName="Microsoft.VisualStudio.TestTools.TestTypes.Unit.UnitTestAdapter" className="MS.TF.WorkItemTracking.Web.L0.Tests.Batch.WitHttpBatchHandlerTests" name="MultipleRequests" />
    </UnitTest>
    <UnitTest name="SingleCreate" storage="d:\v2.0\a1\_work\dbded102\bin\release.anycpu\tfs.service\ms.tf.workitemtracking.web.l0.tests\ms.tf.workitemtracking.web.l0.tests.dll" id="e75240a8-ef5e-0bb7-dd53-91a78566f447">
      <Owners>
        <Owner name="tfsmwit" />
      </Owners>
      <Execution id="a69930ee-ef8d-46f1-bb11-6b767f2114bb" />
      <TestMethod codeBase="D:\v2.0\A1\_work\dbded102\bin\Release.AnyCPU\Tfs.Service\MS.TF.WorkItemTracking.Web.L0.Tests\MS.TF.WorkItemTracking.Web.L0.Tests.dll" adapterTypeName="Microsoft.VisualStudio.TestTools.TestTypes.Unit.UnitTestAdapter" className="MS.TF.WorkItemTracking.Web.L0.Tests.Batch.WorkItemUpdateBatchHandlerTests" name="SingleCreate" />
    </UnitTest>
    <UnitTest name="SingleUpdate" storage="d:\v2.0\a1\_work\dbded102\bin\release.anycpu\tfs.service\ms.tf.workitemtracking.web.l0.tests\ms.tf.workitemtracking.web.l0.tests.dll" id="8085beb4-da59-2868-3c73-6ec2013cdf6f">
      <Owners>
        <Owner name="tfsmwit" />
      </Owners>
      <Execution id="08fb711b-1c08-4414-8e5f-a6ef47231ebd" />
      <TestMethod codeBase="D:\v2.0\A1\_work\dbded102\bin\Release.AnyCPU\Tfs.Service\MS.TF.WorkItemTracking.Web.L0.Tests\MS.TF.WorkItemTracking.Web.L0.Tests.dll" adapterTypeName="Microsoft.VisualStudio.TestTools.TestTypes.Unit.UnitTestAdapter" className="MS.TF.WorkItemTracking.Web.L0.Tests.Batch.WorkItemUpdateBatchHandlerTests" name="SingleUpdate" />
    </UnitTest>
    <UnitTest name="CreateAndUpdate" storage="d:\v2.0\a1\_work\dbded102\bin\release.anycpu\tfs.service\ms.tf.workitemtracking.web.l0.tests\ms.tf.workitemtracking.web.l0.tests.dll" id="531944af-4cd4-4f60-e91b-d8b46644ed8c">
      <Owners>
        <Owner name="tfsmwit" />
      </Owners>
      <Execution id="79a00a91-8fe3-4fb4-a63e-7a2ed0ab885d" />
      <TestMethod codeBase="D:\v2.0\A1\_work\dbded102\bin\Release.AnyCPU\Tfs.Service\MS.TF.WorkItemTracking.Web.L0.Tests\MS.TF.WorkItemTracking.Web.L0.Tests.dll" adapterTypeName="Microsoft.VisualStudio.TestTools.TestTypes.Unit.UnitTestAdapter" className="MS.TF.WorkItemTracking.Web.L0.Tests.Batch.WorkItemUpdateBatchHandlerTests" name="CreateAndUpdate" />
    </UnitTest>
    <UnitTest name="InvalidMethod" storage="d:\v2.0\a1\_work\dbded102\bin\release.anycpu\tfs.service\ms.tf.workitemtracking.web.l0.tests\ms.tf.workitemtracking.web.l0.tests.dll" id="a6bcffc0-74b4-b629-8695-89a74c7b7382">
      <Owners>
        <Owner name="tfsmwit" />
      </Owners>
      <Execution id="2a59c915-2408-4f3f-b1fa-5f426e0c9b28" />
      <TestMethod codeBase="D:\v2.0\A1\_work\dbded102\bin\Release.AnyCPU\Tfs.Service\MS.TF.WorkItemTracking.Web.L0.Tests\MS.TF.WorkItemTracking.Web.L0.Tests.dll" adapterTypeName="Microsoft.VisualStudio.TestTools.TestTypes.Unit.UnitTestAdapter" className="MS.TF.WorkItemTracking.Web.L0.Tests.Batch.WorkItemUpdateBatchHandlerTests" name="InvalidMethod" />
    </UnitTest>
    <UnitTest name="InvalidArea" storage="d:\v2.0\a1\_work\dbded102\bin\release.anycpu\tfs.service\ms.tf.workitemtracking.web.l0.tests\ms.tf.workitemtracking.web.l0.tests.dll" id="f4341c05-a630-7f91-33fd-5971ac1c5f74">
      <Owners>
        <Owner name="tfsmwit" />
      </Owners>
      <Execution id="3f7b3edc-29d3-4abd-bfdd-9df63f354021" />
      <TestMethod codeBase="D:\v2.0\A1\_work\dbded102\bin\Release.AnyCPU\Tfs.Service\MS.TF.WorkItemTracking.Web.L0.Tests\MS.TF.WorkItemTracking.Web.L0.Tests.dll" adapterTypeName="Microsoft.VisualStudio.TestTools.TestTypes.Unit.UnitTestAdapter" className="MS.TF.WorkItemTracking.Web.L0.Tests.Batch.WorkItemUpdateBatchHandlerTests" name="InvalidArea" />
    </UnitTest>
    <UnitTest name="InvalidResource" storage="d:\v2.0\a1\_work\dbded102\bin\release.anycpu\tfs.service\ms.tf.workitemtracking.web.l0.tests\ms.tf.workitemtracking.web.l0.tests.dll" id="89e68dd1-75f2-450e-2f9e-155b0d0ab3e0">
      <Owners>
        <Owner name="tfsmwit" />
      </Owners>
      <Execution id="1a3463b4-f5f8-495f-9697-948c92ccbc6d" />
      <TestMethod codeBase="D:\v2.0\A1\_work\dbded102\bin\Release.AnyCPU\Tfs.Service\MS.TF.WorkItemTracking.Web.L0.Tests\MS.TF.WorkItemTracking.Web.L0.Tests.dll" adapterTypeName="Microsoft.VisualStudio.TestTools.TestTypes.Unit.UnitTestAdapter" className="MS.TF.WorkItemTracking.Web.L0.Tests.Batch.WorkItemUpdateBatchHandlerTests" name="InvalidResource" />
    </UnitTest>
    <UnitTest name="InvalidQueryParams" storage="d:\v2.0\a1\_work\dbded102\bin\release.anycpu\tfs.service\ms.tf.workitemtracking.web.l0.tests\ms.tf.workitemtracking.web.l0.tests.dll" id="13ad0df5-6afd-737c-8a87-954a12ef6275">
      <Owners>
        <Owner name="tfsmwit" />
      </Owners>
      <Execution id="3abef4cf-695f-4543-9d89-6b21b52f5ee8" />
      <TestMethod codeBase="D:\v2.0\A1\_work\dbded102\bin\Release.AnyCPU\Tfs.Service\MS.TF.WorkItemTracking.Web.L0.Tests\MS.TF.WorkItemTracking.Web.L0.Tests.dll" adapterTypeName="Microsoft.VisualStudio.TestTools.TestTypes.Unit.UnitTestAdapter" className="MS.TF.WorkItemTracking.Web.L0.Tests.Batch.WorkItemUpdateBatchHandlerTests" name="InvalidQueryParams" />
    </UnitTest>
    <UnitTest name="InvalidTemplate" storage="d:\v2.0\a1\_work\dbded102\bin\release.anycpu\tfs.service\ms.tf.workitemtracking.web.l0.tests\ms.tf.workitemtracking.web.l0.tests.dll" id="a96bf794-298e-c749-6fb6-9f397e18c253">
      <Owners>
        <Owner name="tfsmwit" />
      </Owners>
      <Execution id="a022115b-855a-44c5-9e6b-6b34ff6d7861" />
      <TestMethod codeBase="D:\v2.0\A1\_work\dbded102\bin\Release.AnyCPU\Tfs.Service\MS.TF.WorkItemTracking.Web.L0.Tests\MS.TF.WorkItemTracking.Web.L0.Tests.dll" adapterTypeName="Microsoft.VisualStudio.TestTools.TestTypes.Unit.UnitTestAdapter" className="MS.TF.WorkItemTracking.Web.L0.Tests.Batch.WorkItemUpdateBatchHandlerTests" name="InvalidTemplate" />
    </UnitTest>
    <UnitTest name="InvalidId" storage="d:\v2.0\a1\_work\dbded102\bin\release.anycpu\tfs.service\ms.tf.workitemtracking.web.l0.tests\ms.tf.workitemtracking.web.l0.tests.dll" id="4091df40-1373-0155-12e8-17308b7a6258">
      <Owners>
        <Owner name="tfsmwit" />
      </Owners>
      <Execution id="93b62a5d-b7fc-45d7-b28e-229ffd378710" />
      <TestMethod codeBase="D:\v2.0\A1\_work\dbded102\bin\Release.AnyCPU\Tfs.Service\MS.TF.WorkItemTracking.Web.L0.Tests\MS.TF.WorkItemTracking.Web.L0.Tests.dll" adapterTypeName="Microsoft.VisualStudio.TestTools.TestTypes.Unit.UnitTestAdapter" className="MS.TF.WorkItemTracking.Web.L0.Tests.Batch.WorkItemUpdateBatchHandlerTests" name="InvalidId" />
    </UnitTest>
    <UnitTest name="InvalidProject" storage="d:\v2.0\a1\_work\dbded102\bin\release.anycpu\tfs.service\ms.tf.workitemtracking.web.l0.tests\ms.tf.workitemtracking.web.l0.tests.dll" id="52615cc7-3fef-82a6-5efe-0d8f9d6f406f">
      <Owners>
        <Owner name="tfsmwit" />
      </Owners>
      <Execution id="d398296f-53e4-4a3b-ba38-4ac9efacdfc1" />
      <TestMethod codeBase="D:\v2.0\A1\_work\dbded102\bin\Release.AnyCPU\Tfs.Service\MS.TF.WorkItemTracking.Web.L0.Tests\MS.TF.WorkItemTracking.Web.L0.Tests.dll" adapterTypeName="Microsoft.VisualStudio.TestTools.TestTypes.Unit.UnitTestAdapter" className="MS.TF.WorkItemTracking.Web.L0.Tests.Batch.WorkItemUpdateBatchHandlerTests" name="InvalidProject" />
    </UnitTest>
    <UnitTest name="InvalidType" storage="d:\v2.0\a1\_work\dbded102\bin\release.anycpu\tfs.service\ms.tf.workitemtracking.web.l0.tests\ms.tf.workitemtracking.web.l0.tests.dll" id="5b0d6337-1fc8-b30c-5710-17b46e5c298a">
      <Owners>
        <Owner name="tfsmwit" />
      </Owners>
      <Execution id="2fe6a6dd-3851-4e43-b47f-2a5802c9484d" />
      <TestMethod codeBase="D:\v2.0\A1\_work\dbded102\bin\Release.AnyCPU\Tfs.Service\MS.TF.WorkItemTracking.Web.L0.Tests\MS.TF.WorkItemTracking.Web.L0.Tests.dll" adapterTypeName="Microsoft.VisualStudio.TestTools.TestTypes.Unit.UnitTestAdapter" className="MS.TF.WorkItemTracking.Web.L0.Tests.Batch.WorkItemUpdateBatchHandlerTests" name="InvalidType" />
    </UnitTest>
    <UnitTest name="GetWorkItemTypeCategory" storage="d:\v2.0\a1\_work\dbded102\bin\release.anycpu\tfs.service\ms.tf.workitemtracking.web.l0.tests\ms.tf.workitemtracking.web.l0.tests.dll" id="2207b6dc-1b5f-a3d8-5f30-47ee764eb266">
      <Owners>
        <Owner name="tfsmwit" />
      </Owners>
      <Execution id="02769466-406b-4911-aaed-9095c0c39868" />
      <TestMethod codeBase="D:\v2.0\A1\_work\dbded102\bin\Release.AnyCPU\Tfs.Service\MS.TF.WorkItemTracking.Web.L0.Tests\MS.TF.WorkItemTracking.Web.L0.Tests.dll" adapterTypeName="Microsoft.VisualStudio.TestTools.TestTypes.Unit.UnitTestAdapter" className="MS.TF.WorkItemTracking.Web.L0.Tests.Routing.WorkItemTypeCategoriesRoutesTest+WorkItemTypeCategoriesRoutesTestV2" name="GetWorkItemTypeCategory" />
    </UnitTest>
    <UnitTest name="GetWorkItemTypeCategories" storage="d:\v2.0\a1\_work\dbded102\bin\release.anycpu\tfs.service\ms.tf.workitemtracking.web.l0.tests\ms.tf.workitemtracking.web.l0.tests.dll" id="b1a2c6f3-21bc-d1dc-5927-acaff5d5ed59">
      <Owners>
        <Owner name="tfsmwit" />
      </Owners>
      <Execution id="740c2df4-72c5-424a-bdf9-e7fe5c89c020" />
      <TestMethod codeBase="D:\v2.0\A1\_work\dbded102\bin\Release.AnyCPU\Tfs.Service\MS.TF.WorkItemTracking.Web.L0.Tests\MS.TF.WorkItemTracking.Web.L0.Tests.dll" adapterTypeName="Microsoft.VisualStudio.TestTools.TestTypes.Unit.UnitTestAdapter" className="MS.TF.WorkItemTracking.Web.L0.Tests.Routing.WorkItemTypeCategoriesRoutesTest+WorkItemTypeCategoriesRoutesTestV2" name="GetWorkItemTypeCategories" />
    </UnitTest>
    <UnitTest name="GetWorkItemUpdates" storage="d:\v2.0\a1\_work\dbded102\bin\release.anycpu\tfs.service\ms.tf.workitemtracking.web.l0.tests\ms.tf.workitemtracking.web.l0.tests.dll" id="294a1c01-cf1a-178e-90e4-b5878707da88">
      <Owners>
        <Owner name="tfsmwit" />
      </Owners>
      <Execution id="0c7e5729-d35c-4ccd-b224-324d96a0e4f9" />
      <TestMethod codeBase="D:\v2.0\A1\_work\dbded102\bin\Release.AnyCPU\Tfs.Service\MS.TF.WorkItemTracking.Web.L0.Tests\MS.TF.WorkItemTracking.Web.L0.Tests.dll" adapterTypeName="Microsoft.VisualStudio.TestTools.TestTypes.Unit.UnitTestAdapter" className="MS.TF.WorkItemTracking.Web.L0.Tests.Routing.WorkItemUpdateRoutesTest+WorkItemUpdatesRoutesTest" name="GetWorkItemUpdates" />
    </UnitTest>
    <UnitTest name="GetWorkItemUpdate" storage="d:\v2.0\a1\_work\dbded102\bin\release.anycpu\tfs.service\ms.tf.workitemtracking.web.l0.tests\ms.tf.workitemtracking.web.l0.tests.dll" id="2c1da19e-148c-fd2e-35de-2534bc71a927">
      <Owners>
        <Owner name="tfsmwit" />
      </Owners>
      <Execution id="387ccf64-83e9-4fea-9850-04ea891d8e8a" />
      <TestMethod codeBase="D:\v2.0\A1\_work\dbded102\bin\Release.AnyCPU\Tfs.Service\MS.TF.WorkItemTracking.Web.L0.Tests\MS.TF.WorkItemTracking.Web.L0.Tests.dll" adapterTypeName="Microsoft.VisualStudio.TestTools.TestTypes.Unit.UnitTestAdapter" className="MS.TF.WorkItemTracking.Web.L0.Tests.Routing.WorkItemUpdateRoutesTest+WorkItemUpdatesRoutesTest" name="GetWorkItemUpdate" />
    </UnitTest>
  </TestDefinitions>
  <TestEntries>
    <TestEntry testId="65ff61e8-b3cf-c66d-9976-5f06d5d9f78b" executionId="0dfe1c6c-e1e9-4370-90d2-85f3098e739f" testListId="8c84fa94-04c1-424b-9868-57a2d4851a1d" />
    <TestEntry testId="e40a797f-dab5-aac9-7450-a75a73c86dc0" executionId="59264868-1be4-4ee2-b0af-85de16071dfc" testListId="8c84fa94-04c1-424b-9868-57a2d4851a1d" />
    <TestEntry testId="f241d98e-2709-5dab-6d00-178537d97a9b" executionId="d37d6827-77b5-48af-a3b5-caee82a7f8e1" testListId="8c84fa94-04c1-424b-9868-57a2d4851a1d" />
    <TestEntry testId="e0fb55f6-0a0a-981b-a5b7-79e723274145" executionId="36dd8e85-a664-4162-9b4a-06eafc121ae5" testListId="8c84fa94-04c1-424b-9868-57a2d4851a1d" />
    <TestEntry testId="66cddd09-61ec-b199-03f0-02254f6cb995" executionId="3f788500-ef60-4eed-96e8-da0cadd96a0d" testListId="8c84fa94-04c1-424b-9868-57a2d4851a1d" />
    <TestEntry testId="1dcf0fa3-56e3-6565-47c9-96b5ed8e62e2" executionId="ea5fb24a-25d0-4e88-bb1d-8eb2262e5fec" testListId="8c84fa94-04c1-424b-9868-57a2d4851a1d" />
    <TestEntry testId="b2c1480c-1301-151a-68b7-f6fd6381084c" executionId="28473c7e-7b7b-4d93-891f-d5f7508952db" testListId="8c84fa94-04c1-424b-9868-57a2d4851a1d" />
    <TestEntry testId="3fe434c2-ef15-0b4c-4f33-aacd8705fb0f" executionId="50837373-a133-421e-a9f0-4587d48b8820" testListId="8c84fa94-04c1-424b-9868-57a2d4851a1d" />
    <TestEntry testId="e38ce575-ae12-427f-6520-d589b85e37c1" executionId="df3c6707-6ec2-4bcc-b86a-be54733f4600" testListId="8c84fa94-04c1-424b-9868-57a2d4851a1d" />
    <TestEntry testId="aed6036d-757f-775b-426e-dcbef8f261c6" executionId="0bb98510-a5b1-4ab7-9768-bf79508e8ea0" testListId="8c84fa94-04c1-424b-9868-57a2d4851a1d" />
    <TestEntry testId="9a78fede-1c08-a4a9-778a-734cf03d9475" executionId="f43d40da-8b5f-4701-a6e8-44f091b79543" testListId="8c84fa94-04c1-424b-9868-57a2d4851a1d" />
    <TestEntry testId="04f7f791-3e18-530e-3c05-1ab4a6f1ea4d" executionId="5798514d-cce6-4cb5-9e78-9e08a9402fd8" testListId="8c84fa94-04c1-424b-9868-57a2d4851a1d" />
    <TestEntry testId="90ff44be-bb2b-2363-28ab-081b0f39d9a3" executionId="5512161d-2c8b-4bbd-a831-f7485cbc28eb" testListId="8c84fa94-04c1-424b-9868-57a2d4851a1d" />
    <TestEntry testId="5a23d093-50c0-0ab9-abdd-d30c5507b966" executionId="eac8c2de-3d74-41e0-8111-4d5b8db4bc34" testListId="8c84fa94-04c1-424b-9868-57a2d4851a1d" />
    <TestEntry testId="31f3e478-7c13-1116-f44e-784511ac247c" executionId="61fac0e4-c2ef-4ef4-ab4e-81d15573ee2d" testListId="8c84fa94-04c1-424b-9868-57a2d4851a1d" />
    <TestEntry testId="fc558bd3-8144-4a1e-acc8-37c4c51b1c9f" executionId="be585624-b878-488b-a08d-683d8560b93d" testListId="8c84fa94-04c1-424b-9868-57a2d4851a1d" />
    <TestEntry testId="34c4d72b-528e-8f3e-8375-2cb0916897e5" executionId="dc655725-23fa-4aaf-a019-eaf62307a590" testListId="8c84fa94-04c1-424b-9868-57a2d4851a1d" />
    <TestEntry testId="25cf0c7f-6f23-8bac-2953-4b7ea785f218" executionId="09f97788-c6f6-4b21-985f-5f2d16e2ae2b" testListId="8c84fa94-04c1-424b-9868-57a2d4851a1d" />
    <TestEntry testId="e7771da0-d894-ec3b-0e09-d094b33fd8e8" executionId="fa39f2c4-621e-4a01-990a-ac8e8807ecf2" testListId="8c84fa94-04c1-424b-9868-57a2d4851a1d" />
    <TestEntry testId="967128e1-be15-deec-a906-8933f69fa00b" executionId="63300b39-ceff-4c84-a8ac-5f69ac1eaf7d" testListId="8c84fa94-04c1-424b-9868-57a2d4851a1d" />
    <TestEntry testId="ef7eb9da-ba92-2397-643e-8e15d6dd0651" executionId="b448002c-8f20-4b34-a9f2-0944b2448641" testListId="8c84fa94-04c1-424b-9868-57a2d4851a1d" />
    <TestEntry testId="511506d6-2141-9e97-9d47-76aa4bd74f0d" executionId="b80e54c7-5d60-4644-b658-0aa7b97c2d76" testListId="8c84fa94-04c1-424b-9868-57a2d4851a1d" />
    <TestEntry testId="77111445-9ec7-da09-408b-c404d26463a5" executionId="9ef91957-d9a9-43e7-b9ff-b9342bb4e416" testListId="8c84fa94-04c1-424b-9868-57a2d4851a1d" />
    <TestEntry testId="73b79f30-5aba-29e8-38d0-8121d9391087" executionId="b66a458b-245b-40d8-baa6-697b29c4db48" testListId="8c84fa94-04c1-424b-9868-57a2d4851a1d" />
    <TestEntry testId="9e6e2b82-d28f-3e0e-c414-5aadd2187766" executionId="1ddae469-e730-4421-878a-e3263cd4b603" testListId="8c84fa94-04c1-424b-9868-57a2d4851a1d" />
    <TestEntry testId="168d79ad-615b-f09a-31d2-9c0532961685" executionId="0b8b9314-7db5-40dd-a019-184cceaf3e3d" testListId="8c84fa94-04c1-424b-9868-57a2d4851a1d" />
    <TestEntry testId="4cba08bf-bef1-bebc-3c6f-47cc13239d83" executionId="28810c92-a206-46aa-8ee3-95c5cf481b92" testListId="8c84fa94-04c1-424b-9868-57a2d4851a1d" />
    <TestEntry testId="563281c1-d99b-8518-53fc-d4329850ada3" executionId="4851c222-2822-4a4a-8da8-480d7ca526dc" testListId="8c84fa94-04c1-424b-9868-57a2d4851a1d" />
    <TestEntry testId="9ac6f70e-1e31-2102-3a04-ce64cfeb6f6e" executionId="fb8f2c7b-6c91-4146-a199-e8f023fe7694" testListId="8c84fa94-04c1-424b-9868-57a2d4851a1d" />
    <TestEntry testId="da45bc0e-ffd3-e15d-9af6-224d6fe29ea4" executionId="fcf5014c-d91f-4469-b76d-1afa9ab32d63" testListId="8c84fa94-04c1-424b-9868-57a2d4851a1d" />
    <TestEntry testId="6266391d-cfda-71ce-d41f-c505d260095f" executionId="a52da142-2d58-4bd9-9f57-421d2b7bb8fc" testListId="8c84fa94-04c1-424b-9868-57a2d4851a1d" />
    <TestEntry testId="8f4aff25-8ee2-74b7-c6b8-c6f8dbed33de" executionId="63fc2fa9-d500-4f3d-968e-3c9654b57dc1" testListId="8c84fa94-04c1-424b-9868-57a2d4851a1d" />
    <TestEntry testId="b1ab5f37-479c-92b9-8ebe-4f4dc4f1fef7" executionId="34eb2655-6d46-4fd8-9954-8c5162bdfe3a" testListId="8c84fa94-04c1-424b-9868-57a2d4851a1d" />
    <TestEntry testId="049c1ab6-edab-e858-ff93-10053eda5552" executionId="87bdf8fd-b8ac-46b0-b010-6ef0c36797fe" testListId="8c84fa94-04c1-424b-9868-57a2d4851a1d" />
    <TestEntry testId="8f4af474-e542-a492-12af-7f2b9ce252f3" executionId="3b0ca039-66c6-4d8c-80c0-e5280fa27481" testListId="8c84fa94-04c1-424b-9868-57a2d4851a1d" />
    <TestEntry testId="34e2aa40-77b1-2447-72ee-19534ec07d76" executionId="f7184ecd-57e1-4881-a0e1-dd159c6d0e12" testListId="8c84fa94-04c1-424b-9868-57a2d4851a1d" />
    <TestEntry testId="bfe1094e-28c7-cc48-da61-2131b4730d2d" executionId="16cdc1e9-7b09-4678-a44e-fd500e62d9a3" testListId="8c84fa94-04c1-424b-9868-57a2d4851a1d" />
    <TestEntry testId="982b3150-8086-ffe4-9c4f-69aac5bcaa05" executionId="2be85bbf-db49-4aa3-b6d5-0642fa6b9ff5" testListId="8c84fa94-04c1-424b-9868-57a2d4851a1d" />
    <TestEntry testId="3430f251-b03f-5110-c44d-1a5e9aa17dae" executionId="58e53fb5-5cf4-4113-9a5b-115a51f744fe" testListId="8c84fa94-04c1-424b-9868-57a2d4851a1d" />
    <TestEntry testId="ad3cd5b4-06ba-9a80-2eb9-7341ee83fb3b" executionId="dac29ec0-c710-43f5-bfaa-7880541c7728" testListId="8c84fa94-04c1-424b-9868-57a2d4851a1d" />
    <TestEntry testId="75ca4089-33d4-b427-91bb-1bd31c352cd9" executionId="303c079d-dbfc-48a7-8119-33698de8e7af" testListId="8c84fa94-04c1-424b-9868-57a2d4851a1d" />
    <TestEntry testId="e611266b-2311-6f20-9a57-ac3d45f06a27" executionId="c7504e29-0a3c-45a8-870a-9440dbc7f3fa" testListId="8c84fa94-04c1-424b-9868-57a2d4851a1d" />
    <TestEntry testId="911829fc-36d4-73f0-25e7-575caf46e2cc" executionId="6686ad6d-1688-46f7-9fea-a8f9134517b1" testListId="8c84fa94-04c1-424b-9868-57a2d4851a1d" />
    <TestEntry testId="e435ea31-507b-6fb1-ba80-65b411a718ab" executionId="1dcc2c31-421d-435a-8a43-67ea0ca585a0" testListId="8c84fa94-04c1-424b-9868-57a2d4851a1d" />
    <TestEntry testId="37a6e86c-db7c-d176-777d-4b8442d3ad66" executionId="8315edd7-cf02-4258-a3f6-a309f0b8bf2e" testListId="8c84fa94-04c1-424b-9868-57a2d4851a1d" />
    <TestEntry testId="b8f14544-3dc2-8c47-9528-f92f46babdd8" executionId="e1b84257-f056-4808-88b1-a7b2d0e3b0f3" testListId="8c84fa94-04c1-424b-9868-57a2d4851a1d" />
    <TestEntry testId="146c5fda-a3b3-6a23-a30d-e56e747e8314" executionId="e95ebbe3-f5f5-463f-a086-9a0cc720dfb5" testListId="8c84fa94-04c1-424b-9868-57a2d4851a1d" />
    <TestEntry testId="cae6b520-cabb-421e-9ebd-eb2d7853bbf6" executionId="29e6cea0-c7cd-41e5-92d7-8dba0623d1a8" testListId="8c84fa94-04c1-424b-9868-57a2d4851a1d" />
    <TestEntry testId="89cb9b43-de78-056b-7379-4ff75582a586" executionId="cda11325-074d-4786-995a-233eeef13dbe" testListId="8c84fa94-04c1-424b-9868-57a2d4851a1d" />
    <TestEntry testId="ac32ffc3-8f15-8b5e-3a6f-1f0e6a4809d7" executionId="7b5ecfce-137b-4a52-9141-4b0c6bdf3944" testListId="8c84fa94-04c1-424b-9868-57a2d4851a1d" />
    <TestEntry testId="1c3ff276-0623-4ceb-79c6-3bf3a5d89a06" executionId="ce4761ce-007a-4b08-ba0f-e835b60f6819" testListId="8c84fa94-04c1-424b-9868-57a2d4851a1d" />
    <TestEntry testId="8f779901-adba-553f-22cc-e74794eb5660" executionId="b96ad179-4327-4e1c-8aef-87641f6b3354" testListId="8c84fa94-04c1-424b-9868-57a2d4851a1d" />
    <TestEntry testId="77a155c4-04ac-7a22-a565-59d994ccb700" executionId="a18cd37c-3734-4675-ac9e-b31c9e2b2c30" testListId="8c84fa94-04c1-424b-9868-57a2d4851a1d" />
    <TestEntry testId="d7d39df4-fe08-f445-dfce-a61da5f23935" executionId="cd33ec88-dbb7-4989-a087-b535a135fad0" testListId="8c84fa94-04c1-424b-9868-57a2d4851a1d" />
    <TestEntry testId="d531b1aa-c9be-d32d-cf20-9b3ef42c45d9" executionId="6e114e91-0f0e-446c-9e9e-bbe6477642ba" testListId="8c84fa94-04c1-424b-9868-57a2d4851a1d" />
    <TestEntry testId="02252d8b-a19e-64ab-1a3e-5e753300a369" executionId="3cce0e22-4f10-4951-9c38-2dd1dbffe4e8" testListId="8c84fa94-04c1-424b-9868-57a2d4851a1d" />
    <TestEntry testId="a87aa1c9-5457-9c7e-db1d-e3e40d6ce165" executionId="a8aca24a-ee59-4acd-a91a-d2d6743da1be" testListId="8c84fa94-04c1-424b-9868-57a2d4851a1d" />
    <TestEntry testId="61c902b2-34f0-b40f-cd82-801dbf88f7c3" executionId="f54c9b57-5674-4b4d-8150-c22ad9a3dd74" testListId="8c84fa94-04c1-424b-9868-57a2d4851a1d" />
    <TestEntry testId="df0eb6f7-d78e-0ef0-e42a-06b0741d0194" executionId="c630fa48-cc03-4d4a-9986-2cccda498321" testListId="8c84fa94-04c1-424b-9868-57a2d4851a1d" />
    <TestEntry testId="f42d76d8-39c4-b0c0-4435-a380247b39cd" executionId="7aa5957f-4e74-4f9f-a25c-4f3f86c1a830" testListId="8c84fa94-04c1-424b-9868-57a2d4851a1d" />
    <TestEntry testId="5e6978af-da6d-16ba-2dc9-ce25d0dd66e7" executionId="7fa3ae49-cd8d-44d3-8065-86c7667df23f" testListId="8c84fa94-04c1-424b-9868-57a2d4851a1d" />
    <TestEntry testId="e7bc15b0-fc00-68d9-96dc-fb0a27aba615" executionId="7140652b-1797-4b8e-95c7-15717fb178a6" testListId="8c84fa94-04c1-424b-9868-57a2d4851a1d" />
    <TestEntry testId="35176342-1c5b-f1f0-d5b0-3dde388e95a5" executionId="31b100c1-a8ca-48da-b9af-2b8a627f7876" testListId="8c84fa94-04c1-424b-9868-57a2d4851a1d" />
    <TestEntry testId="277c38ac-1b8e-130c-ce9d-0513c0d51edf" executionId="a5ddace8-edda-46eb-8411-765ac105f9e9" testListId="8c84fa94-04c1-424b-9868-57a2d4851a1d" />
    <TestEntry testId="f43efb9f-319a-2be4-0bc8-b94b0cb37053" executionId="68a802a8-ec76-42cd-a63d-3ab52beca153" testListId="8c84fa94-04c1-424b-9868-57a2d4851a1d" />
    <TestEntry testId="af53f229-95c9-6f0a-a8c5-50bd2f5b1045" executionId="ff2e09b4-cc45-4f1a-b917-1ff6b2a31aa1" testListId="8c84fa94-04c1-424b-9868-57a2d4851a1d" />
    <TestEntry testId="3f671f9b-7f2e-16de-6289-ebb763c1a948" executionId="0588b03b-0d73-4a4c-9f75-6e42e9bf5800" testListId="8c84fa94-04c1-424b-9868-57a2d4851a1d" />
    <TestEntry testId="bd61265b-52f3-d1f9-8fdc-72bb87717e7b" executionId="4f44c0bb-445a-4104-80b8-c7ea7f3cb692" testListId="8c84fa94-04c1-424b-9868-57a2d4851a1d" />
    <TestEntry testId="a918a175-12f3-9923-b672-25b7ce6fbd60" executionId="89795345-0077-47bf-8908-cf3a7e4154d8" testListId="8c84fa94-04c1-424b-9868-57a2d4851a1d" />
    <TestEntry testId="c062e452-69d0-725b-8ec7-a231b8e340c4" executionId="584827bb-dd81-4252-92d7-84045f0f8d17" testListId="8c84fa94-04c1-424b-9868-57a2d4851a1d" />
    <TestEntry testId="b1a91e90-2015-b49c-c317-fda4297ba3c5" executionId="ed6ce50f-cca0-46cf-ac37-792ff2ccd81e" testListId="8c84fa94-04c1-424b-9868-57a2d4851a1d" />
    <TestEntry testId="9d18eb58-1500-4756-4443-410e35507814" executionId="0f900619-7d09-4918-86c4-01b3812df1a6" testListId="8c84fa94-04c1-424b-9868-57a2d4851a1d" />
    <TestEntry testId="2be9b13e-b89d-19be-64da-2f3233ccc4bd" executionId="96832528-71dd-46f5-85d6-9711c251eadd" testListId="8c84fa94-04c1-424b-9868-57a2d4851a1d" />
    <TestEntry testId="23554b51-c1eb-81c6-d674-2a3a0409c550" executionId="436dc2c2-8ebb-43e2-9c4c-f46844c2a3a8" testListId="8c84fa94-04c1-424b-9868-57a2d4851a1d" />
    <TestEntry testId="39f69dfc-2133-938f-3a9f-2df9c1a153b6" executionId="4f66194a-6e07-4baa-a3e4-0d8717cd59ab" testListId="8c84fa94-04c1-424b-9868-57a2d4851a1d" />
    <TestEntry testId="1cca20b8-8524-19c4-c46b-809667760261" executionId="0a5ea9ba-5c36-488c-9df5-c4460444ca71" testListId="8c84fa94-04c1-424b-9868-57a2d4851a1d" />
    <TestEntry testId="28f11042-99df-91e0-8770-82ae7b4e5820" executionId="290989d0-308e-4fd4-bee6-11f8c7df7ec8" testListId="8c84fa94-04c1-424b-9868-57a2d4851a1d" />
    <TestEntry testId="97c94660-44a5-92a8-60f3-df200cc1893c" executionId="c9330143-d4c6-43e7-afc0-1c7330e21e50" testListId="8c84fa94-04c1-424b-9868-57a2d4851a1d" />
    <TestEntry testId="6fd32b94-7de9-469e-fea1-0811e7539977" executionId="05dd3943-af8c-4fad-b054-4117acf7174d" testListId="8c84fa94-04c1-424b-9868-57a2d4851a1d" />
    <TestEntry testId="8b36c75d-5ff3-9719-6b9d-1cbfe405b295" executionId="f15d5d22-81a3-46f0-a9cb-73d3f2ad547a" testListId="8c84fa94-04c1-424b-9868-57a2d4851a1d" />
    <TestEntry testId="54c56e1e-5e87-951a-9d26-dd2e627e53c1" executionId="6e725fad-cd27-4ba2-a80b-5f9a780f167a" testListId="8c84fa94-04c1-424b-9868-57a2d4851a1d" />
    <TestEntry testId="11fea4ef-aaab-324a-1f69-98ebc2d92a46" executionId="8ed0193e-239e-4c55-a459-f28f33939999" testListId="8c84fa94-04c1-424b-9868-57a2d4851a1d" />
    <TestEntry testId="4b160e8a-b9ac-f4ee-65f6-8e13408d3342" executionId="dd8f5610-a089-4190-9378-e12880711fb1" testListId="8c84fa94-04c1-424b-9868-57a2d4851a1d" />
    <TestEntry testId="6480f76c-37f5-509a-a1ac-127d3ca68b1a" executionId="4106514d-cb36-4717-9ee0-319fc71466fb" testListId="8c84fa94-04c1-424b-9868-57a2d4851a1d" />
    <TestEntry testId="6f340da6-76a4-49ab-87eb-65a9bf4a5708" executionId="249f82a2-9db4-468c-9804-206caa2ed3f9" testListId="8c84fa94-04c1-424b-9868-57a2d4851a1d" />
    <TestEntry testId="5d1eb8c3-1756-cb41-abe6-83e8e1da12f0" executionId="9ed76a0a-125e-4345-97dc-ace7912c1143" testListId="8c84fa94-04c1-424b-9868-57a2d4851a1d" />
    <TestEntry testId="504d6870-6198-22f1-ced1-6285707ae896" executionId="cd843e67-97de-4d7e-83bf-7079114cf760" testListId="8c84fa94-04c1-424b-9868-57a2d4851a1d" />
    <TestEntry testId="41e2966d-2fe6-349b-f160-340231c89e14" executionId="09c4de76-8cf6-4dcf-b4a7-d287403dc2ba" testListId="8c84fa94-04c1-424b-9868-57a2d4851a1d" />
    <TestEntry testId="1f45ba66-c175-243e-2492-db814eed7d8a" executionId="c572c2de-2f56-4b7c-91df-36a3b441fe1e" testListId="8c84fa94-04c1-424b-9868-57a2d4851a1d" />
    <TestEntry testId="e7143363-2690-1bbb-5078-72de59d1e4f5" executionId="aa4ab9d3-90e4-40e7-ba0a-48ad75d67577" testListId="8c84fa94-04c1-424b-9868-57a2d4851a1d" />
    <TestEntry testId="3b454649-68a3-e7a0-f8ff-83a238a08299" executionId="2f6c58dc-6a48-444d-b0db-5cadbc7eb923" testListId="8c84fa94-04c1-424b-9868-57a2d4851a1d" />
    <TestEntry testId="27862cfe-18fd-0f49-e375-5a6cf86cf62f" executionId="4c0f0e4c-3925-49f8-b959-a7ff6a1853f0" testListId="8c84fa94-04c1-424b-9868-57a2d4851a1d" />
    <TestEntry testId="56136ca7-ce63-00d5-e0d9-ad392d02da86" executionId="8c1b1a64-06e9-4fa3-8c34-e2c35056b2bd" testListId="8c84fa94-04c1-424b-9868-57a2d4851a1d" />
    <TestEntry testId="74e128f5-5c98-b89b-977c-5ec8ef1729cd" executionId="a22ce3f3-371d-4e60-92d6-9d537fb37ae1" testListId="8c84fa94-04c1-424b-9868-57a2d4851a1d" />
    <TestEntry testId="bec5dbf1-9898-2d0e-388c-4411b5c65490" executionId="8bd17dd9-6ffe-4b1f-9547-f2792aa01d97" testListId="8c84fa94-04c1-424b-9868-57a2d4851a1d" />
    <TestEntry testId="f1364cc4-3b00-4838-51b8-ea5ee2eab14e" executionId="190375df-7e77-40ca-be9c-4dbd974f7a84" testListId="8c84fa94-04c1-424b-9868-57a2d4851a1d" />
    <TestEntry testId="d32da0dc-6d69-9384-2638-108723243641" executionId="2cb4eeef-705e-416f-98ba-3c78d471ddd9" testListId="8c84fa94-04c1-424b-9868-57a2d4851a1d" />
    <TestEntry testId="4906be0c-2fe8-51c1-8739-607e6f2a4f7a" executionId="427bf58a-16fe-4b76-86a8-b79fda988440" testListId="8c84fa94-04c1-424b-9868-57a2d4851a1d" />
    <TestEntry testId="3a0bab9b-cfd5-7bce-2c7b-169899d5559f" executionId="02b87efa-b23d-4fb3-95bf-6d09b88ad6f1" testListId="8c84fa94-04c1-424b-9868-57a2d4851a1d" />
    <TestEntry testId="b8d9bec7-4617-b8ac-546a-1cb19f18693a" executionId="7b0fe0f2-011f-416e-a247-e325f0e03f62" testListId="8c84fa94-04c1-424b-9868-57a2d4851a1d" />
    <TestEntry testId="18276e90-ad90-f7dc-1f77-ceda58f20dc5" executionId="4bc1c020-bbb3-42d8-acea-e511b1c0cb24" testListId="8c84fa94-04c1-424b-9868-57a2d4851a1d" />
    <TestEntry testId="80d8d6b4-22ab-983e-c17e-4fe9ba2ab315" executionId="13fbcc77-a165-403e-ad08-0fb799d23fb3" testListId="8c84fa94-04c1-424b-9868-57a2d4851a1d" />
    <TestEntry testId="e00f8605-9708-bce9-2c7f-48e9bdc5a373" executionId="ea65be53-0a1c-4689-84a2-2cc772458c54" testListId="8c84fa94-04c1-424b-9868-57a2d4851a1d" />
    <TestEntry testId="5530dbbc-210f-4758-5ba7-5a3766075e8c" executionId="2ff00abc-89a4-4604-8ced-0c99fedb2072" testListId="8c84fa94-04c1-424b-9868-57a2d4851a1d" />
    <TestEntry testId="ca2ae1d6-3827-ee80-4dca-09b0ed60f289" executionId="66664047-9989-4085-9d0c-36debff475b1" testListId="8c84fa94-04c1-424b-9868-57a2d4851a1d" />
    <TestEntry testId="4953f04e-566a-78f4-d866-4b4c02b44313" executionId="d4c3c84b-45a2-4675-b4df-ba389aaa8038" testListId="8c84fa94-04c1-424b-9868-57a2d4851a1d" />
    <TestEntry testId="731a690e-f2a4-6685-1fc3-ba3585f6ecf9" executionId="5e7d2b32-621c-4883-992e-3a4e4e028c0e" testListId="8c84fa94-04c1-424b-9868-57a2d4851a1d" />
    <TestEntry testId="37066c43-36fa-ec09-56e7-9a5e9beddbd9" executionId="7e1e3861-856f-4d4a-97e8-2c0d8a65cc93" testListId="8c84fa94-04c1-424b-9868-57a2d4851a1d" />
    <TestEntry testId="2196d4f9-1105-359b-053b-25f5e28bbebe" executionId="20c09510-c5e2-41ec-8bd1-3aae98302127" testListId="8c84fa94-04c1-424b-9868-57a2d4851a1d" />
    <TestEntry testId="e92ee296-d898-6ff3-0367-a1cbe1e186a2" executionId="72adbb4c-7be0-4d7a-9547-a3d030c1aa46" testListId="8c84fa94-04c1-424b-9868-57a2d4851a1d" />
    <TestEntry testId="59a199a7-033f-3f55-9cfb-af34a791dd24" executionId="ae5fb057-7dc9-4dea-ac03-543e2ee168f2" testListId="8c84fa94-04c1-424b-9868-57a2d4851a1d" />
    <TestEntry testId="d4df85c8-3f44-88a1-5222-41ac77284c57" executionId="8fb5edf5-0a50-41b3-bae0-aead15204fd7" testListId="8c84fa94-04c1-424b-9868-57a2d4851a1d" />
    <TestEntry testId="a98dc41e-07e6-6540-5744-6dec950bb69c" executionId="e49de2a1-9c8b-436e-a91a-885d2a825152" testListId="8c84fa94-04c1-424b-9868-57a2d4851a1d" />
    <TestEntry testId="6f12a53a-5d70-4496-9f84-7fcee0383d78" executionId="cbfbe851-a6ef-452c-9d23-c590106fb152" testListId="8c84fa94-04c1-424b-9868-57a2d4851a1d" />
    <TestEntry testId="a56bc1c6-e95e-b459-248a-9482d7393b41" executionId="23a690a6-1092-4cad-b88e-000bcd8db841" testListId="8c84fa94-04c1-424b-9868-57a2d4851a1d" />
    <TestEntry testId="f600b8d8-7f6f-d474-5924-5a5d1e5e008a" executionId="18bcf1c5-e07a-4476-ab69-f273dfc720b5" testListId="8c84fa94-04c1-424b-9868-57a2d4851a1d" />
    <TestEntry testId="679aa429-2b34-3359-531b-7c5ebb21376a" executionId="197b08fa-3f04-4ac4-b330-32330d099e8a" testListId="8c84fa94-04c1-424b-9868-57a2d4851a1d" />
    <TestEntry testId="5987e5cd-506e-8602-0636-d48095073756" executionId="f8b3a457-9ab2-4d61-b110-de3faff9e620" testListId="8c84fa94-04c1-424b-9868-57a2d4851a1d" />
    <TestEntry testId="afdc6513-eefc-02bd-53de-565002e28e53" executionId="09a269c6-fa22-4158-8533-da3a0250476b" testListId="8c84fa94-04c1-424b-9868-57a2d4851a1d" />
    <TestEntry testId="2f970b36-c56a-1bf1-008d-eb3424512ef2" executionId="368e20c9-827f-4170-a349-90b2d84fd1a5" testListId="8c84fa94-04c1-424b-9868-57a2d4851a1d" />
    <TestEntry testId="85d9501a-b92a-20e7-e130-93995dc95eb1" executionId="e31c9356-beb2-4e7e-bd78-2b41aee647cd" testListId="8c84fa94-04c1-424b-9868-57a2d4851a1d" />
    <TestEntry testId="614e5abd-7dfd-3824-3062-406c07ad5721" executionId="5a2b04e6-c806-4b9c-8a33-040fe7106a6b" testListId="8c84fa94-04c1-424b-9868-57a2d4851a1d" />
    <TestEntry testId="5a4c1634-80db-4ebd-822b-768d6bf705df" executionId="45822ad3-2f97-4269-8d98-2373c46ec605" testListId="8c84fa94-04c1-424b-9868-57a2d4851a1d" />
    <TestEntry testId="da23fc18-2037-86c3-767d-9829849522c8" executionId="6e3948ab-8b86-471d-bdaa-a2d134a55e19" testListId="8c84fa94-04c1-424b-9868-57a2d4851a1d" />
    <TestEntry testId="5647d784-6611-e70a-ba09-6fdfec019483" executionId="1158da30-a344-4349-91f6-1b19e6bd0b73" testListId="8c84fa94-04c1-424b-9868-57a2d4851a1d" />
    <TestEntry testId="9302bad0-b32d-5d58-9235-703e1789952d" executionId="d0edd615-9f45-4b61-9445-680d995ec92b" testListId="8c84fa94-04c1-424b-9868-57a2d4851a1d" />
    <TestEntry testId="f8e723e8-0a17-ba45-0a11-87f390db6738" executionId="5aeecded-9060-4810-aa2b-4da25a3db726" testListId="8c84fa94-04c1-424b-9868-57a2d4851a1d" />
    <TestEntry testId="2cb3455d-d2ce-70de-25b5-cd1aa70a3fe3" executionId="b62f9ca3-11db-46db-a471-0e8eebd93f85" testListId="8c84fa94-04c1-424b-9868-57a2d4851a1d" />
    <TestEntry testId="be1d6b67-1e8f-268e-73bc-bf2b1396fef3" executionId="7da5c8ba-a846-4839-865c-fef8d1881b59" testListId="8c84fa94-04c1-424b-9868-57a2d4851a1d" />
    <TestEntry testId="74bdf547-f61b-1eed-3b4c-81db91230735" executionId="c4360474-7af6-4369-b483-f94130f0d6ba" testListId="8c84fa94-04c1-424b-9868-57a2d4851a1d" />
    <TestEntry testId="94862118-8146-715c-1723-74e360236975" executionId="00f62bea-f447-4ef3-a905-b5a3dd0d109c" testListId="8c84fa94-04c1-424b-9868-57a2d4851a1d" />
    <TestEntry testId="c3a26e36-b372-1e8d-9f5b-3041d4b66692" executionId="451188a5-0d2b-4e87-95a0-7decb11a1a1b" testListId="8c84fa94-04c1-424b-9868-57a2d4851a1d" />
    <TestEntry testId="dd86d740-7b8f-37a2-2645-9001384c47e9" executionId="0cf85264-8c17-4483-8782-9d79dd34d749" testListId="8c84fa94-04c1-424b-9868-57a2d4851a1d" />
    <TestEntry testId="48dd742c-2cec-c643-149f-d1b75d565b31" executionId="15d70769-43d5-4431-8c3c-4398af238d9b" testListId="8c84fa94-04c1-424b-9868-57a2d4851a1d" />
    <TestEntry testId="100cd35b-6146-c735-c117-2f532631865a" executionId="7bf1a4be-b9e2-486b-addc-ad003ae8225b" testListId="8c84fa94-04c1-424b-9868-57a2d4851a1d" />
    <TestEntry testId="c1c728af-fd9c-a969-56bb-c7e7d69beae8" executionId="d84092e8-ad41-4469-8809-dab022c0c6f3" testListId="8c84fa94-04c1-424b-9868-57a2d4851a1d" />
    <TestEntry testId="c2adb7fb-58f6-38a6-737e-d7eb545f9817" executionId="c6ca66ea-c077-4969-8815-dfef5bf483fe" testListId="8c84fa94-04c1-424b-9868-57a2d4851a1d" />
    <TestEntry testId="f803a2d8-0d82-230a-03e4-344b0b1c3f12" executionId="004b47c1-371f-40c2-8663-4d8ea28e0cd4" testListId="8c84fa94-04c1-424b-9868-57a2d4851a1d" />
    <TestEntry testId="afe6590b-5b3c-e64f-b66a-41be9c16b01f" executionId="b9084200-25e9-4b1e-8d9b-4ed5e55f06e0" testListId="8c84fa94-04c1-424b-9868-57a2d4851a1d" />
    <TestEntry testId="6d07d227-eb57-ddb9-c681-04ac525a1cd9" executionId="771e82a9-56e0-488c-837d-979cd1ae8a3c" testListId="8c84fa94-04c1-424b-9868-57a2d4851a1d" />
    <TestEntry testId="7af7fd9b-098c-85e4-1c57-5e3c85e52c9e" executionId="78d8c7d8-aa62-4b77-84bc-dfd5bd2afad2" testListId="8c84fa94-04c1-424b-9868-57a2d4851a1d" />
    <TestEntry testId="650bf342-7518-8b65-5796-c157939d50f8" executionId="00b89df1-2f2d-4ada-af8c-ef7ae4fda5af" testListId="8c84fa94-04c1-424b-9868-57a2d4851a1d" />
    <TestEntry testId="d8e6024e-e40a-a0d4-fe96-b91fb4fb8da4" executionId="d23412a8-b493-4ec8-8571-ef74603be6db" testListId="8c84fa94-04c1-424b-9868-57a2d4851a1d" />
    <TestEntry testId="9a0e54ce-dec5-10ef-6576-de88eb02c3bf" executionId="741f58b6-dcc1-459a-972a-6b2487854713" testListId="8c84fa94-04c1-424b-9868-57a2d4851a1d" />
    <TestEntry testId="49c99257-f5c4-04c2-ffad-79e65bd3917a" executionId="4f573952-7487-48a1-8ffb-91559b1e3b90" testListId="8c84fa94-04c1-424b-9868-57a2d4851a1d" />
    <TestEntry testId="95f81263-9184-74f1-e7bb-8010acb56820" executionId="fba5bcff-d484-4a8f-885a-2d6729e8e806" testListId="8c84fa94-04c1-424b-9868-57a2d4851a1d" />
    <TestEntry testId="d03800dc-3510-6fe5-8879-64a3802313e3" executionId="26289cff-589f-4a9f-897c-4272965462ad" testListId="8c84fa94-04c1-424b-9868-57a2d4851a1d" />
    <TestEntry testId="142f0123-a662-6f66-20b5-49555a9d0c51" executionId="bfda3079-7f73-4a73-862c-edef943fad75" testListId="8c84fa94-04c1-424b-9868-57a2d4851a1d" />
    <TestEntry testId="5ac344d8-d21b-e598-6e74-4bb2bb44056f" executionId="26d6e810-2da4-467a-bbc2-1feeb1360d7e" testListId="8c84fa94-04c1-424b-9868-57a2d4851a1d" />
    <TestEntry testId="db36de26-82e4-1220-d616-d078719207d2" executionId="a850db91-6c83-4c7b-b2c5-f0fb9a8d10db" testListId="8c84fa94-04c1-424b-9868-57a2d4851a1d" />
    <TestEntry testId="e93cea39-5c39-3a94-2ebe-22d89493a099" executionId="a3408a43-7c2d-42d5-8102-f832cafa20c2" testListId="8c84fa94-04c1-424b-9868-57a2d4851a1d" />
    <TestEntry testId="8d4f4f59-fdf3-08cf-3dc7-9549809f2a87" executionId="cabaecf7-3544-4b11-895b-1fc038d7a055" testListId="8c84fa94-04c1-424b-9868-57a2d4851a1d" />
    <TestEntry testId="2d33e5d4-456b-5129-5653-755719285f63" executionId="f3c2447d-04b9-47af-aebd-07e5a4da7ebd" testListId="8c84fa94-04c1-424b-9868-57a2d4851a1d" />
    <TestEntry testId="46156bce-9d34-6178-aaa6-4a9f243c514a" executionId="d197617b-42dc-4f40-b3c2-40282dc40948" testListId="8c84fa94-04c1-424b-9868-57a2d4851a1d" />
    <TestEntry testId="4cd0a2f2-357b-3865-c572-91bf3057af47" executionId="13fe4226-c285-43f0-92bd-f3fa281622d7" testListId="8c84fa94-04c1-424b-9868-57a2d4851a1d" />
    <TestEntry testId="dba19400-a982-b28d-29e3-e4a201ef620e" executionId="7d16a179-6ec7-4c44-bbd2-22148c7fa00f" testListId="8c84fa94-04c1-424b-9868-57a2d4851a1d" />
    <TestEntry testId="21566c08-628d-22e5-2cf7-e9095f5fa497" executionId="cb65b08f-a3c9-4a5d-acd7-48c51bcd9ea3" testListId="8c84fa94-04c1-424b-9868-57a2d4851a1d" />
    <TestEntry testId="55e406c8-79d1-5470-9559-c3dfa05d2380" executionId="f4d7d302-f66e-4168-a4ae-7a26c724a530" testListId="8c84fa94-04c1-424b-9868-57a2d4851a1d" />
    <TestEntry testId="c3e305cc-5135-7d1e-225a-5f87521479d4" executionId="8d2b5c54-c6de-4047-8ff3-5ed52691a924" testListId="8c84fa94-04c1-424b-9868-57a2d4851a1d" />
    <TestEntry testId="c96090d8-aca5-6c3e-cda3-b02ffa44a72c" executionId="85fc4442-2328-481d-a010-4f3728e50b3a" testListId="8c84fa94-04c1-424b-9868-57a2d4851a1d" />
    <TestEntry testId="f92975bb-1a70-feda-8c16-2f0c7e211a60" executionId="b5971a8d-944c-4910-8d3d-f26762ff8110" testListId="8c84fa94-04c1-424b-9868-57a2d4851a1d" />
    <TestEntry testId="73858d56-4580-f063-4216-a944ae60c2de" executionId="274e6546-afca-4e7f-91dc-d71a741fc0d6" testListId="8c84fa94-04c1-424b-9868-57a2d4851a1d" />
    <TestEntry testId="8c86343a-ba2e-f356-2dee-d0a3f32a22ee" executionId="a1c657d2-bf9f-4243-81bb-5f2ee38535ba" testListId="8c84fa94-04c1-424b-9868-57a2d4851a1d" />
    <TestEntry testId="53e2e3d7-ab25-5924-7dda-3ec396095bf2" executionId="a570693f-904e-4746-8996-62279c8e419c" testListId="8c84fa94-04c1-424b-9868-57a2d4851a1d" />
    <TestEntry testId="99fc8431-0027-640a-38e8-05d97a3f474c" executionId="050cfa07-6f42-4caf-9a82-e497a9522da4" testListId="8c84fa94-04c1-424b-9868-57a2d4851a1d" />
    <TestEntry testId="f9f9b93a-7f1d-56d4-7baf-4a1f68663dbb" executionId="ff772b03-97d6-47ab-8fba-f596b60d7979" testListId="8c84fa94-04c1-424b-9868-57a2d4851a1d" />
    <TestEntry testId="82f3f23c-cee1-d950-ab8d-972f5aa02f64" executionId="90889bbe-3f35-41ec-96d2-7a029e8ded92" testListId="8c84fa94-04c1-424b-9868-57a2d4851a1d" />
    <TestEntry testId="d558a773-81e8-b84a-2fe9-3d8e4d8b9f3c" executionId="dfa6b7f4-849b-4c4c-a229-82170d78ebcb" testListId="8c84fa94-04c1-424b-9868-57a2d4851a1d" />
    <TestEntry testId="c6d131e5-a97a-8467-e6c0-82bbc2b7f25e" executionId="ffca26d4-9a55-4c7e-a4d2-feb322e5a920" testListId="8c84fa94-04c1-424b-9868-57a2d4851a1d" />
    <TestEntry testId="7b114736-f57a-93b1-53c2-3aded8bf753c" executionId="d7d75357-3599-4e01-91f2-8c81a8d52316" testListId="8c84fa94-04c1-424b-9868-57a2d4851a1d" />
    <TestEntry testId="93b7a9e3-3e6b-04e8-1bac-65392a51ec62" executionId="79a0f5ec-1f53-4d09-8b7a-7a3460cb7804" testListId="8c84fa94-04c1-424b-9868-57a2d4851a1d" />
    <TestEntry testId="304527dd-1473-464f-68fb-5314b31df100" executionId="e421e34f-6600-4223-98b9-346739b896c7" testListId="8c84fa94-04c1-424b-9868-57a2d4851a1d" />
    <TestEntry testId="d864b423-c8c1-6673-c3f8-95299ea07ec4" executionId="fa4b6c76-137b-4240-895d-7c55c7a1bf72" testListId="8c84fa94-04c1-424b-9868-57a2d4851a1d" />
    <TestEntry testId="9d3449fa-67be-7705-d90f-1a06cf536e13" executionId="48ebd43b-86ac-4662-a03e-13ad52ea1c82" testListId="8c84fa94-04c1-424b-9868-57a2d4851a1d" />
    <TestEntry testId="fc654b05-7c92-b982-2fca-9ae191c0ec4b" executionId="906e13aa-572a-41b7-9240-b9e10cd88ea3" testListId="8c84fa94-04c1-424b-9868-57a2d4851a1d" />
    <TestEntry testId="58bdc8e5-1c66-c747-a76a-ae160e41e53b" executionId="cc761bda-bfce-4d45-b162-8a8b7912f184" testListId="8c84fa94-04c1-424b-9868-57a2d4851a1d" />
    <TestEntry testId="0d92662c-b0ca-c499-2592-87938b30f63c" executionId="3bab890f-a274-450a-84fc-846128c03882" testListId="8c84fa94-04c1-424b-9868-57a2d4851a1d" />
    <TestEntry testId="030ff72a-d33d-0464-af36-bd3218b92386" executionId="0229de8e-3ce4-446f-a1d7-0d6036f62848" testListId="8c84fa94-04c1-424b-9868-57a2d4851a1d" />
    <TestEntry testId="31138291-cc83-27bf-d2ef-3cd6f9fcb21d" executionId="c85a15a1-8419-4af7-ba90-5daec456686e" testListId="8c84fa94-04c1-424b-9868-57a2d4851a1d" />
    <TestEntry testId="983019b2-e192-ee2b-f581-54d11e8fbc44" executionId="7f640136-80ca-491a-8346-85d196850f18" testListId="8c84fa94-04c1-424b-9868-57a2d4851a1d" />
    <TestEntry testId="eddaff82-b2ba-760d-6ca4-9be6278ad516" executionId="6577eceb-b515-41fc-be9f-9f58dcd44c5d" testListId="8c84fa94-04c1-424b-9868-57a2d4851a1d" />
    <TestEntry testId="4ee41d5d-8a87-703a-3e06-b6bc28cb4332" executionId="b294a3c2-2f6f-42d0-a808-3b9f3295e036" testListId="8c84fa94-04c1-424b-9868-57a2d4851a1d" />
    <TestEntry testId="ba35fda7-926f-77df-0ddb-528fa36188b9" executionId="c679c478-2ebd-4ad2-9169-6bba1d7c2e31" testListId="8c84fa94-04c1-424b-9868-57a2d4851a1d" />
    <TestEntry testId="71f92327-6590-0c70-672d-782fe845de3b" executionId="cfe6468a-e22b-4916-a409-67912bd5b68b" testListId="8c84fa94-04c1-424b-9868-57a2d4851a1d" />
    <TestEntry testId="8f9727d6-7d8b-26a7-1dfd-98291a8f8f8f" executionId="aae1c1b0-7005-44bb-ab26-d532ffdf85ff" testListId="8c84fa94-04c1-424b-9868-57a2d4851a1d" />
    <TestEntry testId="d5e1a50f-a192-31d1-5bd9-681f550de1fc" executionId="0c8687db-fc21-40de-82b8-5f2740be21bc" testListId="8c84fa94-04c1-424b-9868-57a2d4851a1d" />
    <TestEntry testId="f0965381-a03f-940e-b264-4c2d1bc784af" executionId="889f7d1f-a40c-4462-b678-be3d463f8b54" testListId="8c84fa94-04c1-424b-9868-57a2d4851a1d" />
    <TestEntry testId="02f90cbd-03aa-73a8-ca53-6618d36ff3a7" executionId="0fae3e19-eb0e-41cb-a3bd-460eb533936a" testListId="8c84fa94-04c1-424b-9868-57a2d4851a1d" />
    <TestEntry testId="47fe99d9-db80-9bf4-03e4-d33796ab3103" executionId="6ed39ab7-34a9-48fb-b2ca-650e1265f257" testListId="8c84fa94-04c1-424b-9868-57a2d4851a1d" />
    <TestEntry testId="24414cd7-b7ae-a738-ea35-364efca99c86" executionId="a107f81d-fd47-40d5-befa-38b426b612bd" testListId="8c84fa94-04c1-424b-9868-57a2d4851a1d" />
    <TestEntry testId="ab015eea-3856-61f4-4e91-9b80cbbada77" executionId="04ebe025-0678-44a5-961c-2926b7421956" testListId="8c84fa94-04c1-424b-9868-57a2d4851a1d" />
    <TestEntry testId="4a28524f-b6df-37cf-2e0b-e6a97db0034a" executionId="3e8518bb-a915-460a-94d4-6c8cde7f450b" testListId="8c84fa94-04c1-424b-9868-57a2d4851a1d" />
    <TestEntry testId="cd5b0c86-b3f0-c0d1-60e6-918dfbcd0a58" executionId="d2371d1d-dd2b-45f1-9b83-bdf43427ad12" testListId="8c84fa94-04c1-424b-9868-57a2d4851a1d" />
    <TestEntry testId="56bc43cb-ed33-81cb-5ef6-5a735dd3cba8" executionId="9a159767-225b-46c3-9ceb-a6b36e6eb01d" testListId="8c84fa94-04c1-424b-9868-57a2d4851a1d" />
    <TestEntry testId="bb251513-3c2e-95ef-b7e7-c3d52a26ff3c" executionId="945b891a-8a29-4fa7-9df7-16030269e52e" testListId="8c84fa94-04c1-424b-9868-57a2d4851a1d" />
    <TestEntry testId="670cfa98-3559-5c8f-35ba-f9a2b8172f18" executionId="bec57760-e8f8-4f13-853a-d74629f1adf9" testListId="8c84fa94-04c1-424b-9868-57a2d4851a1d" />
    <TestEntry testId="0cd77355-6d28-d5bb-cbd3-489c7eb680d4" executionId="bc101646-2a5d-465e-a024-1300d3f2fd09" testListId="8c84fa94-04c1-424b-9868-57a2d4851a1d" />
    <TestEntry testId="40e5e9ec-ee63-e35a-f52e-6c8a125a1cfb" executionId="f17f47c2-cd5a-41b5-8375-e602d9cd4677" testListId="8c84fa94-04c1-424b-9868-57a2d4851a1d" />
    <TestEntry testId="5568e322-d90f-0bd1-e7bc-59f095d65788" executionId="2ea6424e-7404-4669-a4ee-b7b8a00757a2" testListId="8c84fa94-04c1-424b-9868-57a2d4851a1d" />
    <TestEntry testId="5f5a2ac2-c703-d9d2-93aa-614a83a48616" executionId="4635084c-e2eb-4619-a110-b997f1040b25" testListId="8c84fa94-04c1-424b-9868-57a2d4851a1d" />
    <TestEntry testId="ea840565-ef31-00f8-a843-c1b639bd7d38" executionId="4433aa49-8950-491c-9fc1-342dd644684f" testListId="8c84fa94-04c1-424b-9868-57a2d4851a1d" />
    <TestEntry testId="7d212336-e299-b1d5-298e-6a09ba6a958e" executionId="dfac8c41-70dd-49e8-bd06-256b0312b429" testListId="8c84fa94-04c1-424b-9868-57a2d4851a1d" />
    <TestEntry testId="6541d567-b80d-ec79-6cf1-bc46ade7aa14" executionId="49d4f115-2e66-4259-8baa-2e15d58a96f3" testListId="8c84fa94-04c1-424b-9868-57a2d4851a1d" />
    <TestEntry testId="0ad7c40c-0e96-e493-816d-8a49ef8133ef" executionId="bc256c72-e387-44d1-b6d0-92a7c48476a2" testListId="8c84fa94-04c1-424b-9868-57a2d4851a1d" />
    <TestEntry testId="5c1aadd6-7f09-8875-502a-d25be1c82e2b" executionId="e015e480-5345-4ebd-82a1-98ccbee19f40" testListId="8c84fa94-04c1-424b-9868-57a2d4851a1d" />
    <TestEntry testId="d746cea5-1255-b1fa-3044-d1929cfde332" executionId="85938f8c-89ee-4a0d-be83-7275ece4caf6" testListId="8c84fa94-04c1-424b-9868-57a2d4851a1d" />
    <TestEntry testId="838f987a-04a7-12b3-5265-25adf33013ce" executionId="42fa0fe1-eb51-4c23-a75d-46210cbad82c" testListId="8c84fa94-04c1-424b-9868-57a2d4851a1d" />
    <TestEntry testId="06c7c0d0-17c6-9708-1355-bcce1b0d53fd" executionId="d1f56acb-86b8-4b09-b0ce-a92a5165321c" testListId="8c84fa94-04c1-424b-9868-57a2d4851a1d" />
    <TestEntry testId="a6c9d927-1a63-b514-8fca-1f0eeb7783f0" executionId="e01de700-f071-4c52-8e81-83da4e16384b" testListId="8c84fa94-04c1-424b-9868-57a2d4851a1d" />
    <TestEntry testId="1e3a16d2-20df-47c3-654a-85abc0b83d98" executionId="1ed728b2-9907-4c32-8929-69dc43e29e6f" testListId="8c84fa94-04c1-424b-9868-57a2d4851a1d" />
    <TestEntry testId="e6e5ec65-f364-8bfa-0b39-69b3ebe1e7d8" executionId="752121d7-2696-4dc6-9667-ddfdfc0704d2" testListId="8c84fa94-04c1-424b-9868-57a2d4851a1d" />
    <TestEntry testId="b0111896-691b-2f68-f1f9-e765f376aa05" executionId="8cc659d0-a73f-4d83-989e-8ed662407cd8" testListId="8c84fa94-04c1-424b-9868-57a2d4851a1d" />
    <TestEntry testId="33134f8f-5cc7-0630-7e5e-8206b9cf7f04" executionId="d5b46826-a2f1-4b6c-9bf4-bb597d783f5c" testListId="8c84fa94-04c1-424b-9868-57a2d4851a1d" />
    <TestEntry testId="c0120ba5-9bd8-439a-44dc-7e0ab9e81e85" executionId="d72a8cfe-5fef-4a61-ae16-d1c6cdefaff7" testListId="8c84fa94-04c1-424b-9868-57a2d4851a1d" />
    <TestEntry testId="511704ea-d1e7-5db4-199d-8b91c26c211a" executionId="725fd174-aac9-421c-9e88-96ed61d53351" testListId="8c84fa94-04c1-424b-9868-57a2d4851a1d" />
    <TestEntry testId="6e0b38b2-3abc-5288-70a5-b86e0141501d" executionId="e933fcc4-13ca-4cfe-a8b3-6834a6acf847" testListId="8c84fa94-04c1-424b-9868-57a2d4851a1d" />
    <TestEntry testId="b3c31fda-e1b7-efa9-1d49-f9d8c4632b5d" executionId="d492f5e0-fb1a-4e52-a95e-c165f0552234" testListId="8c84fa94-04c1-424b-9868-57a2d4851a1d" />
    <TestEntry testId="0e14dae3-b69c-c490-c513-85b873609e9b" executionId="9cd867a6-f1fa-4832-a0c5-a9f0970f535d" testListId="8c84fa94-04c1-424b-9868-57a2d4851a1d" />
    <TestEntry testId="6219b828-b662-1b17-1a2b-75e5648e0436" executionId="18f6aceb-4ec4-44df-9fb7-a64de6d5701c" testListId="8c84fa94-04c1-424b-9868-57a2d4851a1d" />
    <TestEntry testId="e1798e00-80f8-dca4-c522-86feeb4a9e81" executionId="abdafe8c-a8fd-426c-a4ab-d00b85159dfa" testListId="8c84fa94-04c1-424b-9868-57a2d4851a1d" />
    <TestEntry testId="9a23268a-0f71-9568-add9-a011e3531d6c" executionId="c1d7e406-d234-4e88-8c38-f2e013b084d0" testListId="8c84fa94-04c1-424b-9868-57a2d4851a1d" />
    <TestEntry testId="2adb1f04-7842-e7f2-3ee1-1eb8586b3647" executionId="5b5d4bd5-8ab2-4c56-b1a5-d80ab289e657" testListId="8c84fa94-04c1-424b-9868-57a2d4851a1d" />
    <TestEntry testId="c7f0f62e-c3ed-8823-01ad-ad9240568524" executionId="dc363cdd-7f3d-44b5-9635-f45cf88f1f1c" testListId="8c84fa94-04c1-424b-9868-57a2d4851a1d" />
    <TestEntry testId="58c7c960-d801-c9f7-59af-4d89c4406326" executionId="0852f4f3-5d86-4e75-b9f1-b621973d5879" testListId="8c84fa94-04c1-424b-9868-57a2d4851a1d" />
    <TestEntry testId="6ea6ba9c-c0a9-c5c5-fcf3-e513cfcfd365" executionId="c698186c-7a7d-43c6-8b29-589a408738a6" testListId="8c84fa94-04c1-424b-9868-57a2d4851a1d" />
    <TestEntry testId="8b3ecf3c-b223-6811-fb5b-f698b5f1411d" executionId="6394f74f-93f3-4d08-a0e7-bfa840bf7dbb" testListId="8c84fa94-04c1-424b-9868-57a2d4851a1d" />
    <TestEntry testId="e8f81754-31d5-eb76-e4c6-6bf47dc0080b" executionId="268862f1-1561-48c8-9ad7-612f3ea2a276" testListId="8c84fa94-04c1-424b-9868-57a2d4851a1d" />
    <TestEntry testId="8f79e338-ea90-dd31-e062-a9e3fada29f0" executionId="e701fec5-bb8b-459c-8be5-42abed114d62" testListId="8c84fa94-04c1-424b-9868-57a2d4851a1d" />
    <TestEntry testId="4c05ec93-398d-a169-91f0-f46f3b4c51c0" executionId="86a97311-cc81-4017-9de9-f3d0ef9aae6e" testListId="8c84fa94-04c1-424b-9868-57a2d4851a1d" />
    <TestEntry testId="8aab6a2b-1ec0-99d7-b434-0657bce5efde" executionId="d01d5e01-70fb-4297-907c-33d2bd6dfdc2" testListId="8c84fa94-04c1-424b-9868-57a2d4851a1d" />
    <TestEntry testId="4c6ba9c0-29a1-e281-061f-5590f6f50f29" executionId="6ce570aa-3624-4786-bbe4-54eb71f72388" testListId="8c84fa94-04c1-424b-9868-57a2d4851a1d" />
    <TestEntry testId="2fdf5ec0-ff75-e1f8-3e9e-5b99c523fd17" executionId="6648860f-a6c2-4616-8e5f-ff4b0dac47e0" testListId="8c84fa94-04c1-424b-9868-57a2d4851a1d" />
    <TestEntry testId="2bb8cf3b-126c-3d98-c50f-e9d34bbbc45e" executionId="df65ffc8-3a30-4f25-a675-b969c68d3204" testListId="8c84fa94-04c1-424b-9868-57a2d4851a1d" />
    <TestEntry testId="a97b629e-254d-9ebf-ba11-cc98f19215f8" executionId="f1926ece-4c50-42df-a7d2-c1adce064e3e" testListId="8c84fa94-04c1-424b-9868-57a2d4851a1d" />
    <TestEntry testId="e75240a8-ef5e-0bb7-dd53-91a78566f447" executionId="a69930ee-ef8d-46f1-bb11-6b767f2114bb" testListId="8c84fa94-04c1-424b-9868-57a2d4851a1d" />
    <TestEntry testId="8085beb4-da59-2868-3c73-6ec2013cdf6f" executionId="08fb711b-1c08-4414-8e5f-a6ef47231ebd" testListId="8c84fa94-04c1-424b-9868-57a2d4851a1d" />
    <TestEntry testId="531944af-4cd4-4f60-e91b-d8b46644ed8c" executionId="79a00a91-8fe3-4fb4-a63e-7a2ed0ab885d" testListId="8c84fa94-04c1-424b-9868-57a2d4851a1d" />
    <TestEntry testId="a6bcffc0-74b4-b629-8695-89a74c7b7382" executionId="2a59c915-2408-4f3f-b1fa-5f426e0c9b28" testListId="8c84fa94-04c1-424b-9868-57a2d4851a1d" />
    <TestEntry testId="f4341c05-a630-7f91-33fd-5971ac1c5f74" executionId="3f7b3edc-29d3-4abd-bfdd-9df63f354021" testListId="8c84fa94-04c1-424b-9868-57a2d4851a1d" />
    <TestEntry testId="89e68dd1-75f2-450e-2f9e-155b0d0ab3e0" executionId="1a3463b4-f5f8-495f-9697-948c92ccbc6d" testListId="8c84fa94-04c1-424b-9868-57a2d4851a1d" />
    <TestEntry testId="13ad0df5-6afd-737c-8a87-954a12ef6275" executionId="3abef4cf-695f-4543-9d89-6b21b52f5ee8" testListId="8c84fa94-04c1-424b-9868-57a2d4851a1d" />
    <TestEntry testId="a96bf794-298e-c749-6fb6-9f397e18c253" executionId="a022115b-855a-44c5-9e6b-6b34ff6d7861" testListId="8c84fa94-04c1-424b-9868-57a2d4851a1d" />
    <TestEntry testId="4091df40-1373-0155-12e8-17308b7a6258" executionId="93b62a5d-b7fc-45d7-b28e-229ffd378710" testListId="8c84fa94-04c1-424b-9868-57a2d4851a1d" />
    <TestEntry testId="52615cc7-3fef-82a6-5efe-0d8f9d6f406f" executionId="d398296f-53e4-4a3b-ba38-4ac9efacdfc1" testListId="8c84fa94-04c1-424b-9868-57a2d4851a1d" />
    <TestEntry testId="5b0d6337-1fc8-b30c-5710-17b46e5c298a" executionId="2fe6a6dd-3851-4e43-b47f-2a5802c9484d" testListId="8c84fa94-04c1-424b-9868-57a2d4851a1d" />
    <TestEntry testId="2207b6dc-1b5f-a3d8-5f30-47ee764eb266" executionId="02769466-406b-4911-aaed-9095c0c39868" testListId="8c84fa94-04c1-424b-9868-57a2d4851a1d" />
    <TestEntry testId="b1a2c6f3-21bc-d1dc-5927-acaff5d5ed59" executionId="740c2df4-72c5-424a-bdf9-e7fe5c89c020" testListId="8c84fa94-04c1-424b-9868-57a2d4851a1d" />
    <TestEntry testId="294a1c01-cf1a-178e-90e4-b5878707da88" executionId="0c7e5729-d35c-4ccd-b224-324d96a0e4f9" testListId="8c84fa94-04c1-424b-9868-57a2d4851a1d" />
    <TestEntry testId="2c1da19e-148c-fd2e-35de-2534bc71a927" executionId="387ccf64-83e9-4fea-9850-04ea891d8e8a" testListId="8c84fa94-04c1-424b-9868-57a2d4851a1d" />
  </TestEntries>
  <TestLists>
    <TestList name="Results Not in a List" id="8c84fa94-04c1-424b-9868-57a2d4851a1d" />
    <TestList name="All Loaded Results" id="19431567-8539-422a-85d7-44ee4e166bda" />
  </TestLists>
  <ResultSummary outcome="Completed">
    <Counters total="249" executed="249" passed="249" failed="0" error="0" timeout="0" aborted="0" inconclusive="0" passedButRunAborted="0" notRunnable="0" notExecuted="0" disconnected="0" warning="0" completed="0" inProgress="0" pending="0" />
  </ResultSummary>
</TestRun>