<?xml version="1.0" encoding="UTF-8"?>
<TestRun id="251883d1-b5ec-4787-bf9c-c217342ec3f8" name="tfsmladm@TFSBUILD11 2015-09-28 09:43:36" runUser="REDMOND\tfsmladm" xmlns="http://microsoft.com/schemas/VisualStudio/TeamTest/2010">
  <Times creation="2015-09-28T09:43:36.3440013-07:00" queuing="2015-09-28T09:43:36.3440013-07:00" start="2015-09-28T09:43:36.3596277-07:00" finish="2015-09-28T09:43:38.3285180-07:00" />
  <TestSettings name="default" id="11371d66-4aaf-427f-9983-223ef263e748">
    <Execution>
      <TestTypeSpecific />
    </Execution>
    <Deployment runDeploymentRoot="tfsmladm_TFSBUILD11 2015-09-28 09_43_36" />
    <Properties />
  </TestSettings>
  <Results>
    <UnitTestResult executionId="6c856c61-c66c-4ed4-96ff-804cd517ff10" testId="8c68509f-f0d0-3ae4-4fc6-3ff2a0969c6b" testName="Build_ForNewFeatures_Throws" computerName="TFSBUILD11" duration="00:00:00.3408903" startTime="2015-09-28T09:43:35.6095746-07:00" endTime="2015-09-28T09:43:36.0002274-07:00" testType="13cdc9d9-ddb5-4fa4-a97d-d965ccfc6d4b" outcome="Passed" testListId="8c84fa94-04c1-424b-9868-57a2d4851a1d" relativeResultsDirectory="6c856c61-c66c-4ed4-96ff-804cd517ff10" />
    <UnitTestResult executionId="728e8044-8c01-46d8-b77b-75e905151c61" testId="33da9e3c-a1a2-0af4-582a-d0501bf92d41" testName="GetBuilder_ForNotConfiguredBuilder_Throws" computerName="TFSBUILD11" duration="00:00:00.0057210" startTime="2015-09-28T09:43:36.0158529-07:00" endTime="2015-09-28T09:43:36.0158529-07:00" testType="13cdc9d9-ddb5-4fa4-a97d-d965ccfc6d4b" outcome="Passed" testListId="8c84fa94-04c1-424b-9868-57a2d4851a1d" relativeResultsDirectory="728e8044-8c01-46d8-b77b-75e905151c61" />
    <UnitTestResult executionId="c95e87ac-a74e-431d-be6f-69e080535cc2" testId="a7dd2040-4cd7-6467-ce7c-686c5ccf0e8f" testName="GetBuilder_ForNewFeatures_BuildsNewFeatureBuilder" computerName="TFSBUILD11" duration="00:00:00.0008601" startTime="2015-09-28T09:43:36.0158529-07:00" endTime="2015-09-28T09:43:36.0158529-07:00" testType="13cdc9d9-ddb5-4fa4-a97d-d965ccfc6d4b" outcome="Passed" testListId="8c84fa94-04c1-424b-9868-57a2d4851a1d" relativeResultsDirectory="c95e87ac-a74e-431d-be6f-69e080535cc2" />
    <UnitTestResult executionId="dbda31f9-c6b7-4c98-947d-27343a27cc5d" testId="95efafa2-e5ee-7879-3206-7befa856165a" testName="GetRecommendations_WithOneRecommenadation_Builds" computerName="TFSBUILD11" duration="00:00:00.0319569" startTime="2015-09-28T09:43:36.0158529-07:00" endTime="2015-09-28T09:43:36.0471060-07:00" testType="13cdc9d9-ddb5-4fa4-a97d-d965ccfc6d4b" outcome="Passed" testListId="8c84fa94-04c1-424b-9868-57a2d4851a1d" relativeResultsDirectory="dbda31f9-c6b7-4c98-947d-27343a27cc5d" />
    <UnitTestResult executionId="6a1d0db9-dbee-46b2-b09b-a3bf21c76897" testId="2901d625-a4f2-e1bb-d8ef-781ab304ba99" testName="GetData_WithNullQuickStartIdInput_ReturnsNull" computerName="TFSBUILD11" duration="00:00:00.0677522" startTime="2015-09-28T09:43:36.0471060-07:00" endTime="2015-09-28T09:43:36.1252357-07:00" testType="13cdc9d9-ddb5-4fa4-a97d-d965ccfc6d4b" outcome="Passed" testListId="8c84fa94-04c1-424b-9868-57a2d4851a1d" relativeResultsDirectory="6a1d0db9-dbee-46b2-b09b-a3bf21c76897" />
    <UnitTestResult executionId="196c87b2-9f4b-4ff0-a509-b2ad91e5443e" testId="2368f49f-60a1-8bd4-ec23-1cdf7e288e27" testName="GetData_WithNullDataFromProfileService_ReturnsNull" computerName="TFSBUILD11" duration="00:00:00.0049359" startTime="2015-09-28T09:43:36.1252357-07:00" endTime="2015-09-28T09:43:36.1252357-07:00" testType="13cdc9d9-ddb5-4fa4-a97d-d965ccfc6d4b" outcome="Passed" testListId="8c84fa94-04c1-424b-9868-57a2d4851a1d" relativeResultsDirectory="196c87b2-9f4b-4ff0-a509-b2ad91e5443e" />
    <UnitTestResult executionId="90196c84-f641-4fcd-ad93-3cc9dc21b60d" testId="7687adc3-9cd6-5b57-1ba9-0b6caba09be2" testName="GetData_WithNullProfileAttributeFromProfileService_ReturnsNull" computerName="TFSBUILD11" duration="00:00:00.0051652" startTime="2015-09-28T09:43:36.1252357-07:00" endTime="2015-09-28T09:43:36.1252357-07:00" testType="13cdc9d9-ddb5-4fa4-a97d-d965ccfc6d4b" outcome="Passed" testListId="8c84fa94-04c1-424b-9868-57a2d4851a1d" relativeResultsDirectory="90196c84-f641-4fcd-ad93-3cc9dc21b60d" />
    <UnitTestResult executionId="ca7bcbcd-6990-4810-b7a3-d9f7b9d54881" testId="196b92e6-27c1-918e-7fef-380e2d55e9c8" testName="GetData_WtihValidInputAndCaseIgnored_ReturnsData" computerName="TFSBUILD11" duration="00:00:00.1799261" startTime="2015-09-28T09:43:36.1252357-07:00" endTime="2015-09-28T09:43:36.3127493-07:00" testType="13cdc9d9-ddb5-4fa4-a97d-d965ccfc6d4b" outcome="Passed" testListId="8c84fa94-04c1-424b-9868-57a2d4851a1d" relativeResultsDirectory="ca7bcbcd-6990-4810-b7a3-d9f7b9d54881" />
    <UnitTestResult executionId="c1df916f-767a-4a2e-8f6f-54542880d6a8" testId="6e084c32-a425-b988-5364-1493164ce570" testName="GetRecommendation_NullInput_Throws" computerName="TFSBUILD11" duration="00:00:00.0061889" startTime="2015-09-28T09:43:36.3127493-07:00" endTime="2015-09-28T09:43:36.3127493-07:00" testType="13cdc9d9-ddb5-4fa4-a97d-d965ccfc6d4b" outcome="Passed" testListId="8c84fa94-04c1-424b-9868-57a2d4851a1d" relativeResultsDirectory="c1df916f-767a-4a2e-8f6f-54542880d6a8" />
    <UnitTestResult executionId="57a328b8-3516-46c3-bf42-0aa7b6696135" testId="9cb059ac-c797-35ce-e9b3-fa2118d1c452" testName="GetRecommendation_NewFeatures_BuildsUsingFactory" computerName="TFSBUILD11" duration="00:00:00.0121878" startTime="2015-09-28T09:43:36.3283760-07:00" endTime="2015-09-28T09:43:36.3440013-07:00" testType="13cdc9d9-ddb5-4fa4-a97d-d965ccfc6d4b" outcome="Passed" testListId="8c84fa94-04c1-424b-9868-57a2d4851a1d" relativeResultsDirectory="57a328b8-3516-46c3-bf42-0aa7b6696135" />
    <UnitTestResult executionId="3e0c9c29-8a35-4f97-8468-9b696c706fd0" testId="6cee8212-8d02-89c0-8797-f8b1415e5b0e" testName="GetRecommendations_Throws" computerName="TFSBUILD11" duration="00:00:00.0033026" startTime="2015-09-28T09:43:36.3440013-07:00" endTime="2015-09-28T09:43:36.3440013-07:00" testType="13cdc9d9-ddb5-4fa4-a97d-d965ccfc6d4b" outcome="Passed" testListId="8c84fa94-04c1-424b-9868-57a2d4851a1d" relativeResultsDirectory="3e0c9c29-8a35-4f97-8468-9b696c706fd0" />
    <UnitTestResult executionId="cae060b6-38d6-4a01-bbf1-05cfdb6ed2cf" testId="be9b4d76-931f-2f86-0b91-a4fe665430f9" testName="ServiceStart_ForOnPrem_Throws" computerName="TFSBUILD11" duration="00:00:00.0277170" startTime="2015-09-28T09:43:36.3440013-07:00" endTime="2015-09-28T09:43:36.3752541-07:00" testType="13cdc9d9-ddb5-4fa4-a97d-d965ccfc6d4b" outcome="Passed" testListId="8c84fa94-04c1-424b-9868-57a2d4851a1d" relativeResultsDirectory="cae060b6-38d6-4a01-bbf1-05cfdb6ed2cf" />
    <UnitTestResult executionId="c1cd4037-1e26-4e17-97ff-00bcc165958d" testId="b84f39f3-ff4a-7537-8d3e-9dc8e3481421" testName="Routes_OneRecommendation_Gets" computerName="TFSBUILD11" duration="00:00:01.5912814" startTime="2015-09-28T09:43:36.3752541-07:00" endTime="2015-09-28T09:43:38.0159957-07:00" testType="13cdc9d9-ddb5-4fa4-a97d-d965ccfc6d4b" outcome="Passed" testListId="8c84fa94-04c1-424b-9868-57a2d4851a1d" relativeResultsDirectory="c1cd4037-1e26-4e17-97ff-00bcc165958d" />
    <UnitTestResult executionId="50463f28-bd13-45d1-ad11-dfa2bb4bd7fa" testId="8b9f1395-5c1b-eb11-2a74-f92952beba6a" testName="GetData" computerName="TFSBUILD11" duration="00:00:00.0245659" startTime="2015-09-28T09:43:38.0159957-07:00" endTime="2015-09-28T09:43:38.0472482-07:00" testType="13cdc9d9-ddb5-4fa4-a97d-d965ccfc6d4b" outcome="Passed" testListId="8c84fa94-04c1-424b-9868-57a2d4851a1d" relativeResultsDirectory="50463f28-bd13-45d1-ad11-dfa2bb4bd7fa" />
    <UnitTestResult executionId="f4061ff3-32d7-4d23-8250-cdbeec0e737c" testId="fec5d647-f337-83dd-66fd-d86eb1f1e40c" testName="GetData_Throws" computerName="TFSBUILD11" duration="00:00:00.0042285" startTime="2015-09-28T09:43:38.0472482-07:00" endTime="2015-09-28T09:43:38.0472482-07:00" testType="13cdc9d9-ddb5-4fa4-a97d-d965ccfc6d4b" outcome="Passed" testListId="8c84fa94-04c1-424b-9868-57a2d4851a1d" relativeResultsDirectory="f4061ff3-32d7-4d23-8250-cdbeec0e737c" />
    <UnitTestResult executionId="84996759-a994-44a9-a9a5-9ca96e135af7" testId="a88da671-8373-0410-9c21-30141235fd6e" testName="GetData" computerName="TFSBUILD11" duration="00:00:00.0295377" startTime="2015-09-28T09:43:38.0472482-07:00" endTime="2015-09-28T09:43:38.0785005-07:00" testType="13cdc9d9-ddb5-4fa4-a97d-d965ccfc6d4b" outcome="Passed" testListId="8c84fa94-04c1-424b-9868-57a2d4851a1d" relativeResultsDirectory="84996759-a994-44a9-a9a5-9ca96e135af7" />
    <UnitTestResult executionId="a265db9c-b02f-40ef-959b-7a4ff751adf2" testId="961a03bf-c3e6-e09b-db85-f5cf98db44b1" testName="GetData_Throws" computerName="TFSBUILD11" duration="00:00:00.0039947" startTime="2015-09-28T09:43:38.0785005-07:00" endTime="2015-09-28T09:43:38.0785005-07:00" testType="13cdc9d9-ddb5-4fa4-a97d-d965ccfc6d4b" outcome="Passed" testListId="8c84fa94-04c1-424b-9868-57a2d4851a1d" relativeResultsDirectory="a265db9c-b02f-40ef-959b-7a4ff751adf2" />
    <UnitTestResult executionId="cd033e61-bed2-4a67-9a25-33193de44ce7" testId="cf190ce0-3250-b21e-ce27-3cae206ed8d2" testName="GetData" computerName="TFSBUILD11" duration="00:00:00.0210585" startTime="2015-09-28T09:43:38.0785005-07:00" endTime="2015-09-28T09:43:38.1097521-07:00" testType="13cdc9d9-ddb5-4fa4-a97d-d965ccfc6d4b" outcome="Passed" testListId="8c84fa94-04c1-424b-9868-57a2d4851a1d" relativeResultsDirectory="cd033e61-bed2-4a67-9a25-33193de44ce7" />
    <UnitTestResult executionId="54c9082a-f274-4bb4-85cc-e7ce0d2e3e99" testId="96ea20ec-3878-8a8b-c8bc-777440321377" testName="GetData_Throws_RetrievalException" computerName="TFSBUILD11" duration="00:00:00.0039574" startTime="2015-09-28T09:43:38.1097521-07:00" endTime="2015-09-28T09:43:38.1097521-07:00" testType="13cdc9d9-ddb5-4fa4-a97d-d965ccfc6d4b" outcome="Passed" testListId="8c84fa94-04c1-424b-9868-57a2d4851a1d" relativeResultsDirectory="54c9082a-f274-4bb4-85cc-e7ce0d2e3e99" />
    <UnitTestResult executionId="583ea3fc-d027-4585-8174-92bf1ecfcb94" testId="df583014-ea7e-a857-89ef-13e285e7257f" testName="GetData_Throws_NullTeamProject" computerName="TFSBUILD11" duration="00:00:00.0042456" startTime="2015-09-28T09:43:38.1097521-07:00" endTime="2015-09-28T09:43:38.1097521-07:00" testType="13cdc9d9-ddb5-4fa4-a97d-d965ccfc6d4b" outcome="Passed" testListId="8c84fa94-04c1-424b-9868-57a2d4851a1d" relativeResultsDirectory="583ea3fc-d027-4585-8174-92bf1ecfcb94" />
    <UnitTestResult executionId="67b96943-ce5b-4760-ba1c-4950fdc083d7" testId="b9956215-7a59-40b5-084c-bc7812f71fdd" testName="GetData_Throws_NullCapabilities" computerName="TFSBUILD11" duration="00:00:00.0038829" startTime="2015-09-28T09:43:38.1097521-07:00" endTime="2015-09-28T09:43:38.1097521-07:00" testType="13cdc9d9-ddb5-4fa4-a97d-d965ccfc6d4b" outcome="Passed" testListId="8c84fa94-04c1-424b-9868-57a2d4851a1d" relativeResultsDirectory="67b96943-ce5b-4760-ba1c-4950fdc083d7" />
    <UnitTestResult executionId="64708744-6ee4-4007-a16d-c793eca5b5d3" testId="e7e776bc-6925-8bad-2d12-83bed444808f" testName="GetData_Throws_NullVersionControl" computerName="TFSBUILD11" duration="00:00:00.0039640" startTime="2015-09-28T09:43:38.1097521-07:00" endTime="2015-09-28T09:43:38.1253782-07:00" testType="13cdc9d9-ddb5-4fa4-a97d-d965ccfc6d4b" outcome="Passed" testListId="8c84fa94-04c1-424b-9868-57a2d4851a1d" relativeResultsDirectory="64708744-6ee4-4007-a16d-c793eca5b5d3" />
    <UnitTestResult executionId="0fba8077-d561-46d6-b4cc-761e5a71a7db" testId="96c51ef8-3650-623d-b262-21aecfb7258e" testName="GetData_Throws_NullSourceControlType" computerName="TFSBUILD11" duration="00:00:00.0041961" startTime="2015-09-28T09:43:38.1253782-07:00" endTime="2015-09-28T09:43:38.1253782-07:00" testType="13cdc9d9-ddb5-4fa4-a97d-d965ccfc6d4b" outcome="Passed" testListId="8c84fa94-04c1-424b-9868-57a2d4851a1d" relativeResultsDirectory="0fba8077-d561-46d6-b4cc-761e5a71a7db" />
    <UnitTestResult executionId="748e22bd-57ea-46ad-a65d-84f6f9989a9e" testId="efa122d9-33f3-b303-338b-03431022097c" testName="GetData_Throws_InvalidSourceControlType" computerName="TFSBUILD11" duration="00:00:00.0040032" startTime="2015-09-28T09:43:38.1253782-07:00" endTime="2015-09-28T09:43:38.1253782-07:00" testType="13cdc9d9-ddb5-4fa4-a97d-d965ccfc6d4b" outcome="Passed" testListId="8c84fa94-04c1-424b-9868-57a2d4851a1d" relativeResultsDirectory="748e22bd-57ea-46ad-a65d-84f6f9989a9e" />
    <UnitTestResult executionId="b1b36dae-05ab-4190-b072-3ded3bbc7db8" testId="717009c6-f8df-5385-18b9-7e797d721dc5" testName="GetData" computerName="TFSBUILD11" duration="00:00:00.0181645" startTime="2015-09-28T09:43:38.1253782-07:00" endTime="2015-09-28T09:43:38.1410043-07:00" testType="13cdc9d9-ddb5-4fa4-a97d-d965ccfc6d4b" outcome="Passed" testListId="8c84fa94-04c1-424b-9868-57a2d4851a1d" relativeResultsDirectory="b1b36dae-05ab-4190-b072-3ded3bbc7db8" />
    <UnitTestResult executionId="3c459dba-0f49-4cbd-bb00-e7b8c3d03cd4" testId="2bd8a9cc-bafd-11e3-09e4-d7e56526e1c8" testName="GetData_Throws" computerName="TFSBUILD11" duration="00:00:00.0052303" startTime="2015-09-28T09:43:38.1410043-07:00" endTime="2015-09-28T09:43:38.1566304-07:00" testType="13cdc9d9-ddb5-4fa4-a97d-d965ccfc6d4b" outcome="Passed" testListId="8c84fa94-04c1-424b-9868-57a2d4851a1d" relativeResultsDirectory="3c459dba-0f49-4cbd-bb00-e7b8c3d03cd4" />
    <UnitTestResult executionId="c22a3d1a-1cc8-4f0e-bec6-21b3f83660f3" testId="d55ad6e9-f8d2-ab85-7214-9af0dc14f992" testName="GetData_CountCommits" computerName="TFSBUILD11" duration="00:00:00.0191009" startTime="2015-09-28T09:43:38.1566304-07:00" endTime="2015-09-28T09:43:38.1722568-07:00" testType="13cdc9d9-ddb5-4fa4-a97d-d965ccfc6d4b" outcome="Passed" testListId="8c84fa94-04c1-424b-9868-57a2d4851a1d" relativeResultsDirectory="c22a3d1a-1cc8-4f0e-bec6-21b3f83660f3" />
    <UnitTestResult executionId="f84322b2-8112-47e2-871c-fca1de0a8e7b" testId="c8033566-5f2c-79ea-e1e0-83cda3bb48ce" testName="GetData_Throws" computerName="TFSBUILD11" duration="00:00:00.0046466" startTime="2015-09-28T09:43:38.1722568-07:00" endTime="2015-09-28T09:43:38.1722568-07:00" testType="13cdc9d9-ddb5-4fa4-a97d-d965ccfc6d4b" outcome="Passed" testListId="8c84fa94-04c1-424b-9868-57a2d4851a1d" relativeResultsDirectory="f84322b2-8112-47e2-871c-fca1de0a8e7b" />
    <UnitTestResult executionId="f25dc9b9-4cfe-4978-98bc-c69b66012a9c" testId="3baa5ddb-b62c-902c-9a84-15cbd9657c82" testName="Evaluate" computerName="TFSBUILD11" duration="00:00:00.0005930" startTime="2015-09-28T09:43:38.1722568-07:00" endTime="2015-09-28T09:43:38.1722568-07:00" testType="13cdc9d9-ddb5-4fa4-a97d-d965ccfc6d4b" outcome="Passed" testListId="8c84fa94-04c1-424b-9868-57a2d4851a1d" relativeResultsDirectory="f25dc9b9-4cfe-4978-98bc-c69b66012a9c" />
    <UnitTestResult executionId="ea7cc2ad-ba34-48dd-9390-a91ecdc29e05" testId="9fa992c1-eebb-6470-b155-fc3d9e2bd0e3" testName="Recommend" computerName="TFSBUILD11" duration="00:00:00.0324863" startTime="2015-09-28T09:43:38.1722568-07:00" endTime="2015-09-28T09:43:38.2035096-07:00" testType="13cdc9d9-ddb5-4fa4-a97d-d965ccfc6d4b" outcome="Passed" testListId="8c84fa94-04c1-424b-9868-57a2d4851a1d" relativeResultsDirectory="ea7cc2ad-ba34-48dd-9390-a91ecdc29e05" />
    <UnitTestResult executionId="ea0d7257-c4f6-470d-8c7c-e62460f3f45f" testId="12603f1d-92a7-feb2-0f29-43aa486b477f" testName="Recommend" computerName="TFSBUILD11" duration="00:00:00.0169349" startTime="2015-09-28T09:43:38.2191352-07:00" endTime="2015-09-28T09:43:38.2347616-07:00" testType="13cdc9d9-ddb5-4fa4-a97d-d965ccfc6d4b" outcome="Passed" testListId="8c84fa94-04c1-424b-9868-57a2d4851a1d" relativeResultsDirectory="ea0d7257-c4f6-470d-8c7c-e62460f3f45f" />
    <UnitTestResult executionId="1a84f721-b65d-4537-a876-217769b9c7b0" testId="ba8bc7ac-40ca-8b19-c66c-a3a2815ecb26" testName="ProjectHasCode_Git_0Repo" computerName="TFSBUILD11" duration="00:00:00.0125246" startTime="2015-09-28T09:43:38.2347616-07:00" endTime="2015-09-28T09:43:38.2347616-07:00" testType="13cdc9d9-ddb5-4fa4-a97d-d965ccfc6d4b" outcome="Passed" testListId="8c84fa94-04c1-424b-9868-57a2d4851a1d" relativeResultsDirectory="1a84f721-b65d-4537-a876-217769b9c7b0" />
    <UnitTestResult executionId="851ce38a-7993-4674-bbbc-9bef6934a541" testId="519b4494-812b-1c3b-d409-4f7211492217" testName="ProjectHasCode_Git_2Repo" computerName="TFSBUILD11" duration="00:00:00.0045027" startTime="2015-09-28T09:43:38.2347616-07:00" endTime="2015-09-28T09:43:38.2503880-07:00" testType="13cdc9d9-ddb5-4fa4-a97d-d965ccfc6d4b" outcome="Passed" testListId="8c84fa94-04c1-424b-9868-57a2d4851a1d" relativeResultsDirectory="851ce38a-7993-4674-bbbc-9bef6934a541" />
    <UnitTestResult executionId="c6e52404-c080-41db-857c-0832b9ef2660" testId="3217994d-07dc-bc4a-840d-a26d8a154a2a" testName="ProjectHasCode_Git_1Repo_NoCommit" computerName="TFSBUILD11" duration="00:00:00.0062387" startTime="2015-09-28T09:43:38.2503880-07:00" endTime="2015-09-28T09:43:38.2503880-07:00" testType="13cdc9d9-ddb5-4fa4-a97d-d965ccfc6d4b" outcome="Passed" testListId="8c84fa94-04c1-424b-9868-57a2d4851a1d" relativeResultsDirectory="c6e52404-c080-41db-857c-0832b9ef2660" />
    <UnitTestResult executionId="c0ddb1a3-afac-45bd-820e-0afef26493dc" testId="65a09143-9701-3b47-ee1a-29e4feea9cd7" testName="ProjectHasCode_Git_1Repo_HasCommit" computerName="TFSBUILD11" duration="00:00:00.0060572" startTime="2015-09-28T09:43:38.2503880-07:00" endTime="2015-09-28T09:43:38.2660132-07:00" testType="13cdc9d9-ddb5-4fa4-a97d-d965ccfc6d4b" outcome="Passed" testListId="8c84fa94-04c1-424b-9868-57a2d4851a1d" relativeResultsDirectory="c0ddb1a3-afac-45bd-820e-0afef26493dc" />
    <UnitTestResult executionId="65ed4a4a-d11a-40ed-bde9-18eb48523f5b" testId="bf6aab8f-d889-1edc-a18b-9a2e0646d0f3" testName="ProjectHasCode_Tfvc_NoItem" computerName="TFSBUILD11" duration="00:00:00.0047652" startTime="2015-09-28T09:43:38.2660132-07:00" endTime="2015-09-28T09:43:38.2660132-07:00" testType="13cdc9d9-ddb5-4fa4-a97d-d965ccfc6d4b" outcome="Passed" testListId="8c84fa94-04c1-424b-9868-57a2d4851a1d" relativeResultsDirectory="65ed4a4a-d11a-40ed-bde9-18eb48523f5b" />
    <UnitTestResult executionId="8e873005-cf75-4e55-a206-d4422f95c9ac" testId="51babcf2-5a7c-347a-4f27-90a3c20a56e3" testName="ProjectHasCode_Tfvc_HasItem" computerName="TFSBUILD11" duration="00:00:00.0037859" startTime="2015-09-28T09:43:38.2660132-07:00" endTime="2015-09-28T09:43:38.2660132-07:00" testType="13cdc9d9-ddb5-4fa4-a97d-d965ccfc6d4b" outcome="Passed" testListId="8c84fa94-04c1-424b-9868-57a2d4851a1d" relativeResultsDirectory="8e873005-cf75-4e55-a206-d4422f95c9ac" />
    <UnitTestResult executionId="475d80e5-e42b-4e28-91e7-8cdfb7b90721" testId="4df6ddb9-0291-69b7-f18b-c29331a00a40" testName="Evaluate_HasCode_NoWork_Enabled" computerName="TFSBUILD11" duration="00:00:00.0176505" startTime="2015-09-28T09:43:38.2660132-07:00" endTime="2015-09-28T09:43:38.2816396-07:00" testType="13cdc9d9-ddb5-4fa4-a97d-d965ccfc6d4b" outcome="Passed" testListId="8c84fa94-04c1-424b-9868-57a2d4851a1d" relativeResultsDirectory="475d80e5-e42b-4e28-91e7-8cdfb7b90721" />
    <UnitTestResult executionId="72e59fab-04b9-426d-be1d-fd410fc0af64" testId="ff64864b-43f3-0287-ca92-f550feee12f8" testName="Evaluate_NoCode_HasWork" computerName="TFSBUILD11" duration="00:00:00.0057113" startTime="2015-09-28T09:43:38.2816396-07:00" endTime="2015-09-28T09:43:38.2972657-07:00" testType="13cdc9d9-ddb5-4fa4-a97d-d965ccfc6d4b" outcome="Passed" testListId="8c84fa94-04c1-424b-9868-57a2d4851a1d" relativeResultsDirectory="72e59fab-04b9-426d-be1d-fd410fc0af64" />
    <UnitTestResult executionId="89fb2cb0-73bc-4b21-8623-743171b62e8d" testId="820a7b49-50fa-2734-d58b-e4bd80987461" testName="Evaluate_NoCode_NoWork" computerName="TFSBUILD11" duration="00:00:00.0055876" startTime="2015-09-28T09:43:38.2972657-07:00" endTime="2015-09-28T09:43:38.2972657-07:00" testType="13cdc9d9-ddb5-4fa4-a97d-d965ccfc6d4b" outcome="Passed" testListId="8c84fa94-04c1-424b-9868-57a2d4851a1d" relativeResultsDirectory="89fb2cb0-73bc-4b21-8623-743171b62e8d" />
    <UnitTestResult executionId="a0d1c39b-5b96-4ec9-ac3c-c5298d99f0f2" testId="cf7c6dfc-3d05-36c3-913a-1195e1645b08" testName="Recommend" computerName="TFSBUILD11" duration="00:00:00.0008024" startTime="2015-09-28T09:43:38.2972657-07:00" endTime="2015-09-28T09:43:38.2972657-07:00" testType="13cdc9d9-ddb5-4fa4-a97d-d965ccfc6d4b" outcome="Passed" testListId="8c84fa94-04c1-424b-9868-57a2d4851a1d" relativeResultsDirectory="a0d1c39b-5b96-4ec9-ac3c-c5298d99f0f2" />
  </Results>
  <TestDefinitions>
    <UnitTest name="Build_ForNewFeatures_Throws" storage="d:\v2.0\a1\_work\dbded102\bin\release.anycpu\tfs.service\ms.tf.recommendation.server.l0.tests\ms.tf.recommendation.server.l0.tests.dll" priority="1" id="8c68509f-f0d0-3ae4-4fc6-3ff2a0969c6b">
      <Owners>
        <Owner name="vsacquisition" />
      </Owners>
      <Execution id="6c856c61-c66c-4ed4-96ff-804cd517ff10" />
      <TestMethod codeBase="D:\v2.0\A1\_work\dbded102\bin\Release.AnyCPU\Tfs.Service\MS.TF.Recommendation.Server.L0.Tests\MS.TF.Recommendation.Server.L0.Tests.dll" adapterTypeName="Microsoft.VisualStudio.TestTools.TestTypes.Unit.UnitTestAdapter" className="MS.TF.Recommendation.Server.L0.Tests.NewFeaturesRecommendationBuilderTests" name="Build_ForNewFeatures_Throws" />
    </UnitTest>
    <UnitTest name="GetBuilder_ForNotConfiguredBuilder_Throws" storage="d:\v2.0\a1\_work\dbded102\bin\release.anycpu\tfs.service\ms.tf.recommendation.server.l0.tests\ms.tf.recommendation.server.l0.tests.dll" priority="1" id="33da9e3c-a1a2-0af4-582a-d0501bf92d41">
      <Owners>
        <Owner name="vsacquisition" />
      </Owners>
      <Execution id="728e8044-8c01-46d8-b77b-75e905151c61" />
      <TestMethod codeBase="D:\v2.0\A1\_work\dbded102\bin\Release.AnyCPU\Tfs.Service\MS.TF.Recommendation.Server.L0.Tests\MS.TF.Recommendation.Server.L0.Tests.dll" adapterTypeName="Microsoft.VisualStudio.TestTools.TestTypes.Unit.UnitTestAdapter" className="MS.TF.Recommendation.Server.L0.Tests.RecommendationBuilderFactoryTests" name="GetBuilder_ForNotConfiguredBuilder_Throws" />
    </UnitTest>
    <UnitTest name="GetBuilder_ForNewFeatures_BuildsNewFeatureBuilder" storage="d:\v2.0\a1\_work\dbded102\bin\release.anycpu\tfs.service\ms.tf.recommendation.server.l0.tests\ms.tf.recommendation.server.l0.tests.dll" priority="1" id="a7dd2040-4cd7-6467-ce7c-686c5ccf0e8f">
      <Owners>
        <Owner name="vsacquisition" />
      </Owners>
      <Execution id="c95e87ac-a74e-431d-be6f-69e080535cc2" />
      <TestMethod codeBase="D:\v2.0\A1\_work\dbded102\bin\Release.AnyCPU\Tfs.Service\MS.TF.Recommendation.Server.L0.Tests\MS.TF.Recommendation.Server.L0.Tests.dll" adapterTypeName="Microsoft.VisualStudio.TestTools.TestTypes.Unit.UnitTestAdapter" className="MS.TF.Recommendation.Server.L0.Tests.RecommendationBuilderFactoryTests" name="GetBuilder_ForNewFeatures_BuildsNewFeatureBuilder" />
    </UnitTest>
    <UnitTest name="GetRecommendations_WithOneRecommenadation_Builds" storage="d:\v2.0\a1\_work\dbded102\bin\release.anycpu\tfs.service\ms.tf.recommendation.server.l0.tests\ms.tf.recommendation.server.l0.tests.dll" priority="1" id="95efafa2-e5ee-7879-3206-7befa856165a">
      <Owners>
        <Owner name="vsacquisition" />
      </Owners>
      <Execution id="dbda31f9-c6b7-4c98-947d-27343a27cc5d" />
      <TestMethod codeBase="D:\v2.0\A1\_work\dbded102\bin\Release.AnyCPU\Tfs.Service\MS.TF.Recommendation.Server.L0.Tests\MS.TF.Recommendation.Server.L0.Tests.dll" adapterTypeName="Microsoft.VisualStudio.TestTools.TestTypes.Unit.UnitTestAdapter" className="MS.TF.Recommendation.Server.L0.Tests.RecommendationsControllerTests" name="GetRecommendations_WithOneRecommenadation_Builds" />
    </UnitTest>
    <UnitTest name="GetData_WithNullQuickStartIdInput_ReturnsNull" storage="d:\v2.0\a1\_work\dbded102\bin\release.anycpu\tfs.service\ms.tf.recommendation.server.l0.tests\ms.tf.recommendation.server.l0.tests.dll" priority="1" id="2901d625-a4f2-e1bb-d8ef-781ab304ba99">
      <Owners>
        <Owner name="vsacquisition" />
      </Owners>
      <Execution id="6a1d0db9-dbee-46b2-b09b-a3bf21c76897" />
      <TestMethod codeBase="D:\v2.0\A1\_work\dbded102\bin\Release.AnyCPU\Tfs.Service\MS.TF.Recommendation.Server.L0.Tests\MS.TF.Recommendation.Server.L0.Tests.dll" adapterTypeName="Microsoft.VisualStudio.TestTools.TestTypes.Unit.UnitTestAdapter" className="MS.TF.Recommendation.Server.L0.Tests.UserContextProviderTests" name="GetData_WithNullQuickStartIdInput_ReturnsNull" />
    </UnitTest>
    <UnitTest name="GetData_WithNullDataFromProfileService_ReturnsNull" storage="d:\v2.0\a1\_work\dbded102\bin\release.anycpu\tfs.service\ms.tf.recommendation.server.l0.tests\ms.tf.recommendation.server.l0.tests.dll" priority="1" id="2368f49f-60a1-8bd4-ec23-1cdf7e288e27">
      <Owners>
        <Owner name="vsacquisition" />
      </Owners>
      <Execution id="196c87b2-9f4b-4ff0-a509-b2ad91e5443e" />
      <TestMethod codeBase="D:\v2.0\A1\_work\dbded102\bin\Release.AnyCPU\Tfs.Service\MS.TF.Recommendation.Server.L0.Tests\MS.TF.Recommendation.Server.L0.Tests.dll" adapterTypeName="Microsoft.VisualStudio.TestTools.TestTypes.Unit.UnitTestAdapter" className="MS.TF.Recommendation.Server.L0.Tests.UserContextProviderTests" name="GetData_WithNullDataFromProfileService_ReturnsNull" />
    </UnitTest>
    <UnitTest name="GetData_WithNullProfileAttributeFromProfileService_ReturnsNull" storage="d:\v2.0\a1\_work\dbded102\bin\release.anycpu\tfs.service\ms.tf.recommendation.server.l0.tests\ms.tf.recommendation.server.l0.tests.dll" priority="1" id="7687adc3-9cd6-5b57-1ba9-0b6caba09be2">
      <Owners>
        <Owner name="vsacquisition" />
      </Owners>
      <Execution id="90196c84-f641-4fcd-ad93-3cc9dc21b60d" />
      <TestMethod codeBase="D:\v2.0\A1\_work\dbded102\bin\Release.AnyCPU\Tfs.Service\MS.TF.Recommendation.Server.L0.Tests\MS.TF.Recommendation.Server.L0.Tests.dll" adapterTypeName="Microsoft.VisualStudio.TestTools.TestTypes.Unit.UnitTestAdapter" className="MS.TF.Recommendation.Server.L0.Tests.UserContextProviderTests" name="GetData_WithNullProfileAttributeFromProfileService_ReturnsNull" />
    </UnitTest>
    <UnitTest name="GetData_WtihValidInputAndCaseIgnored_ReturnsData" storage="d:\v2.0\a1\_work\dbded102\bin\release.anycpu\tfs.service\ms.tf.recommendation.server.l0.tests\ms.tf.recommendation.server.l0.tests.dll" priority="1" id="196b92e6-27c1-918e-7fef-380e2d55e9c8">
      <Owners>
        <Owner name="vsacquisition" />
      </Owners>
      <Execution id="ca7bcbcd-6990-4810-b7a3-d9f7b9d54881" />
      <TestMethod codeBase="D:\v2.0\A1\_work\dbded102\bin\Release.AnyCPU\Tfs.Service\MS.TF.Recommendation.Server.L0.Tests\MS.TF.Recommendation.Server.L0.Tests.dll" adapterTypeName="Microsoft.VisualStudio.TestTools.TestTypes.Unit.UnitTestAdapter" className="MS.TF.Recommendation.Server.L0.Tests.UserContextProviderTests" name="GetData_WtihValidInputAndCaseIgnored_ReturnsData" />
    </UnitTest>
    <UnitTest name="GetRecommendation_NullInput_Throws" storage="d:\v2.0\a1\_work\dbded102\bin\release.anycpu\tfs.service\ms.tf.recommendation.server.l0.tests\ms.tf.recommendation.server.l0.tests.dll" priority="1" id="6e084c32-a425-b988-5364-1493164ce570">
      <Owners>
        <Owner name="vsacquisition" />
      </Owners>
      <Execution id="c1df916f-767a-4a2e-8f6f-54542880d6a8" />
      <TestMethod codeBase="D:\v2.0\A1\_work\dbded102\bin\Release.AnyCPU\Tfs.Service\MS.TF.Recommendation.Server.L0.Tests\MS.TF.Recommendation.Server.L0.Tests.dll" adapterTypeName="Microsoft.VisualStudio.TestTools.TestTypes.Unit.UnitTestAdapter" className="MS.TF.Recommendation.Server.L0.Tests.PlatformRecommendationServiceTests" name="GetRecommendation_NullInput_Throws" />
    </UnitTest>
    <UnitTest name="GetRecommendation_NewFeatures_BuildsUsingFactory" storage="d:\v2.0\a1\_work\dbded102\bin\release.anycpu\tfs.service\ms.tf.recommendation.server.l0.tests\ms.tf.recommendation.server.l0.tests.dll" priority="1" id="9cb059ac-c797-35ce-e9b3-fa2118d1c452">
      <Owners>
        <Owner name="vsacquisition" />
      </Owners>
      <Execution id="57a328b8-3516-46c3-bf42-0aa7b6696135" />
      <TestMethod codeBase="D:\v2.0\A1\_work\dbded102\bin\Release.AnyCPU\Tfs.Service\MS.TF.Recommendation.Server.L0.Tests\MS.TF.Recommendation.Server.L0.Tests.dll" adapterTypeName="Microsoft.VisualStudio.TestTools.TestTypes.Unit.UnitTestAdapter" className="MS.TF.Recommendation.Server.L0.Tests.PlatformRecommendationServiceTests" name="GetRecommendation_NewFeatures_BuildsUsingFactory" />
    </UnitTest>
    <UnitTest name="GetRecommendations_Throws" storage="d:\v2.0\a1\_work\dbded102\bin\release.anycpu\tfs.service\ms.tf.recommendation.server.l0.tests\ms.tf.recommendation.server.l0.tests.dll" priority="1" id="6cee8212-8d02-89c0-8797-f8b1415e5b0e">
      <Owners>
        <Owner name="vsacquisition" />
      </Owners>
      <Execution id="3e0c9c29-8a35-4f97-8468-9b696c706fd0" />
      <TestMethod codeBase="D:\v2.0\A1\_work\dbded102\bin\Release.AnyCPU\Tfs.Service\MS.TF.Recommendation.Server.L0.Tests\MS.TF.Recommendation.Server.L0.Tests.dll" adapterTypeName="Microsoft.VisualStudio.TestTools.TestTypes.Unit.UnitTestAdapter" className="MS.TF.Recommendation.Server.L0.Tests.PlatformRecommendationServiceTests" name="GetRecommendations_Throws" />
    </UnitTest>
    <UnitTest name="ServiceStart_ForOnPrem_Throws" storage="d:\v2.0\a1\_work\dbded102\bin\release.anycpu\tfs.service\ms.tf.recommendation.server.l0.tests\ms.tf.recommendation.server.l0.tests.dll" priority="1" id="be9b4d76-931f-2f86-0b91-a4fe665430f9">
      <Owners>
        <Owner name="vsacquisition" />
      </Owners>
      <Execution id="cae060b6-38d6-4a01-bbf1-05cfdb6ed2cf" />
      <TestMethod codeBase="D:\v2.0\A1\_work\dbded102\bin\Release.AnyCPU\Tfs.Service\MS.TF.Recommendation.Server.L0.Tests\MS.TF.Recommendation.Server.L0.Tests.dll" adapterTypeName="Microsoft.VisualStudio.TestTools.TestTypes.Unit.UnitTestAdapter" className="MS.TF.Recommendation.Server.L0.Tests.PlatformRecommendationServiceTests" name="ServiceStart_ForOnPrem_Throws" />
    </UnitTest>
    <UnitTest name="Routes_OneRecommendation_Gets" storage="d:\v2.0\a1\_work\dbded102\bin\release.anycpu\tfs.service\ms.tf.recommendation.server.l0.tests\ms.tf.recommendation.server.l0.tests.dll" priority="1" id="b84f39f3-ff4a-7537-8d3e-9dc8e3481421">
      <Owners>
        <Owner name="vsacquisition" />
      </Owners>
      <Execution id="c1cd4037-1e26-4e17-97ff-00bcc165958d" />
      <TestMethod codeBase="D:\v2.0\A1\_work\dbded102\bin\Release.AnyCPU\Tfs.Service\MS.TF.Recommendation.Server.L0.Tests\MS.TF.Recommendation.Server.L0.Tests.dll" adapterTypeName="Microsoft.VisualStudio.TestTools.TestTypes.Unit.UnitTestAdapter" className="MS.TF.Recommendation.Server.L0.Tests.Routes.RecommendationRoutesTests" name="Routes_OneRecommendation_Gets" />
    </UnitTest>
    <UnitTest name="GetData" storage="d:\v2.0\a1\_work\dbded102\bin\release.anycpu\tfs.service\ms.tf.recommendation.server.l0.tests\ms.tf.recommendation.server.l0.tests.dll" priority="1" id="8b9f1395-5c1b-eb11-2a74-f92952beba6a">
      <Owners>
        <Owner name="vsacquisition" />
      </Owners>
      <Execution id="50463f28-bd13-45d1-ad11-dfa2bb4bd7fa" />
      <TestMethod codeBase="D:\v2.0\A1\_work\dbded102\bin\Release.AnyCPU\Tfs.Service\MS.TF.Recommendation.Server.L0.Tests\MS.TF.Recommendation.Server.L0.Tests.dll" adapterTypeName="Microsoft.VisualStudio.TestTools.TestTypes.Unit.UnitTestAdapter" className="MS.TF.Recommendation.Server.L0.Tests.DataSources.Providers.WorkItemTrackingDataProviderTests" name="GetData" />
    </UnitTest>
    <UnitTest name="GetData_Throws" storage="d:\v2.0\a1\_work\dbded102\bin\release.anycpu\tfs.service\ms.tf.recommendation.server.l0.tests\ms.tf.recommendation.server.l0.tests.dll" priority="1" id="fec5d647-f337-83dd-66fd-d86eb1f1e40c">
      <Owners>
        <Owner name="vsacquisition" />
      </Owners>
      <Execution id="f4061ff3-32d7-4d23-8250-cdbeec0e737c" />
      <TestMethod codeBase="D:\v2.0\A1\_work\dbded102\bin\Release.AnyCPU\Tfs.Service\MS.TF.Recommendation.Server.L0.Tests\MS.TF.Recommendation.Server.L0.Tests.dll" adapterTypeName="Microsoft.VisualStudio.TestTools.TestTypes.Unit.UnitTestAdapter" className="MS.TF.Recommendation.Server.L0.Tests.DataSources.Providers.WorkItemTrackingDataProviderTests" name="GetData_Throws" />
    </UnitTest>
    <UnitTest name="GetData" storage="d:\v2.0\a1\_work\dbded102\bin\release.anycpu\tfs.service\ms.tf.recommendation.server.l0.tests\ms.tf.recommendation.server.l0.tests.dll" priority="1" id="a88da671-8373-0410-9c21-30141235fd6e">
      <Owners>
        <Owner name="vsacquisition" />
      </Owners>
      <Execution id="84996759-a994-44a9-a9a5-9ca96e135af7" />
      <TestMethod codeBase="D:\v2.0\A1\_work\dbded102\bin\Release.AnyCPU\Tfs.Service\MS.TF.Recommendation.Server.L0.Tests\MS.TF.Recommendation.Server.L0.Tests.dll" adapterTypeName="Microsoft.VisualStudio.TestTools.TestTypes.Unit.UnitTestAdapter" className="MS.TF.Recommendation.Server.L0.Tests.DataSources.Providers.TfvcProjectItemsDataProviderTests" name="GetData" />
    </UnitTest>
    <UnitTest name="GetData_Throws" storage="d:\v2.0\a1\_work\dbded102\bin\release.anycpu\tfs.service\ms.tf.recommendation.server.l0.tests\ms.tf.recommendation.server.l0.tests.dll" priority="1" id="961a03bf-c3e6-e09b-db85-f5cf98db44b1">
      <Owners>
        <Owner name="vsacquisition" />
      </Owners>
      <Execution id="a265db9c-b02f-40ef-959b-7a4ff751adf2" />
      <TestMethod codeBase="D:\v2.0\A1\_work\dbded102\bin\Release.AnyCPU\Tfs.Service\MS.TF.Recommendation.Server.L0.Tests\MS.TF.Recommendation.Server.L0.Tests.dll" adapterTypeName="Microsoft.VisualStudio.TestTools.TestTypes.Unit.UnitTestAdapter" className="MS.TF.Recommendation.Server.L0.Tests.DataSources.Providers.TfvcProjectItemsDataProviderTests" name="GetData_Throws" />
    </UnitTest>
    <UnitTest name="GetData" storage="d:\v2.0\a1\_work\dbded102\bin\release.anycpu\tfs.service\ms.tf.recommendation.server.l0.tests\ms.tf.recommendation.server.l0.tests.dll" priority="1" id="cf190ce0-3250-b21e-ce27-3cae206ed8d2">
      <Owners>
        <Owner name="vsacquisition" />
      </Owners>
      <Execution id="cd033e61-bed2-4a67-9a25-33193de44ce7" />
      <TestMethod codeBase="D:\v2.0\A1\_work\dbded102\bin\Release.AnyCPU\Tfs.Service\MS.TF.Recommendation.Server.L0.Tests\MS.TF.Recommendation.Server.L0.Tests.dll" adapterTypeName="Microsoft.VisualStudio.TestTools.TestTypes.Unit.UnitTestAdapter" className="MS.TF.Recommendation.Server.L0.Tests.DataSources.Providers.ProjectDataProviderTests" name="GetData" />
    </UnitTest>
    <UnitTest name="GetData_Throws_RetrievalException" storage="d:\v2.0\a1\_work\dbded102\bin\release.anycpu\tfs.service\ms.tf.recommendation.server.l0.tests\ms.tf.recommendation.server.l0.tests.dll" priority="1" id="96ea20ec-3878-8a8b-c8bc-777440321377">
      <Owners>
        <Owner name="vsacquisition" />
      </Owners>
      <Execution id="54c9082a-f274-4bb4-85cc-e7ce0d2e3e99" />
      <TestMethod codeBase="D:\v2.0\A1\_work\dbded102\bin\Release.AnyCPU\Tfs.Service\MS.TF.Recommendation.Server.L0.Tests\MS.TF.Recommendation.Server.L0.Tests.dll" adapterTypeName="Microsoft.VisualStudio.TestTools.TestTypes.Unit.UnitTestAdapter" className="MS.TF.Recommendation.Server.L0.Tests.DataSources.Providers.ProjectDataProviderTests" name="GetData_Throws_RetrievalException" />
    </UnitTest>
    <UnitTest name="GetData_Throws_NullTeamProject" storage="d:\v2.0\a1\_work\dbded102\bin\release.anycpu\tfs.service\ms.tf.recommendation.server.l0.tests\ms.tf.recommendation.server.l0.tests.dll" priority="1" id="df583014-ea7e-a857-89ef-13e285e7257f">
      <Owners>
        <Owner name="vsacquisition" />
      </Owners>
      <Execution id="583ea3fc-d027-4585-8174-92bf1ecfcb94" />
      <TestMethod codeBase="D:\v2.0\A1\_work\dbded102\bin\Release.AnyCPU\Tfs.Service\MS.TF.Recommendation.Server.L0.Tests\MS.TF.Recommendation.Server.L0.Tests.dll" adapterTypeName="Microsoft.VisualStudio.TestTools.TestTypes.Unit.UnitTestAdapter" className="MS.TF.Recommendation.Server.L0.Tests.DataSources.Providers.ProjectDataProviderTests" name="GetData_Throws_NullTeamProject" />
    </UnitTest>
    <UnitTest name="GetData_Throws_NullCapabilities" storage="d:\v2.0\a1\_work\dbded102\bin\release.anycpu\tfs.service\ms.tf.recommendation.server.l0.tests\ms.tf.recommendation.server.l0.tests.dll" priority="1" id="b9956215-7a59-40b5-084c-bc7812f71fdd">
      <Owners>
        <Owner name="vsacquisition" />
      </Owners>
      <Execution id="67b96943-ce5b-4760-ba1c-4950fdc083d7" />
      <TestMethod codeBase="D:\v2.0\A1\_work\dbded102\bin\Release.AnyCPU\Tfs.Service\MS.TF.Recommendation.Server.L0.Tests\MS.TF.Recommendation.Server.L0.Tests.dll" adapterTypeName="Microsoft.VisualStudio.TestTools.TestTypes.Unit.UnitTestAdapter" className="MS.TF.Recommendation.Server.L0.Tests.DataSources.Providers.ProjectDataProviderTests" name="GetData_Throws_NullCapabilities" />
    </UnitTest>
    <UnitTest name="GetData_Throws_NullVersionControl" storage="d:\v2.0\a1\_work\dbded102\bin\release.anycpu\tfs.service\ms.tf.recommendation.server.l0.tests\ms.tf.recommendation.server.l0.tests.dll" priority="1" id="e7e776bc-6925-8bad-2d12-83bed444808f">
      <Owners>
        <Owner name="vsacquisition" />
      </Owners>
      <Execution id="64708744-6ee4-4007-a16d-c793eca5b5d3" />
      <TestMethod codeBase="D:\v2.0\A1\_work\dbded102\bin\Release.AnyCPU\Tfs.Service\MS.TF.Recommendation.Server.L0.Tests\MS.TF.Recommendation.Server.L0.Tests.dll" adapterTypeName="Microsoft.VisualStudio.TestTools.TestTypes.Unit.UnitTestAdapter" className="MS.TF.Recommendation.Server.L0.Tests.DataSources.Providers.ProjectDataProviderTests" name="GetData_Throws_NullVersionControl" />
    </UnitTest>
    <UnitTest name="GetData_Throws_NullSourceControlType" storage="d:\v2.0\a1\_work\dbded102\bin\release.anycpu\tfs.service\ms.tf.recommendation.server.l0.tests\ms.tf.recommendation.server.l0.tests.dll" priority="1" id="96c51ef8-3650-623d-b262-21aecfb7258e">
      <Owners>
        <Owner name="vsacquisition" />
      </Owners>
      <Execution id="0fba8077-d561-46d6-b4cc-761e5a71a7db" />
      <TestMethod codeBase="D:\v2.0\A1\_work\dbded102\bin\Release.AnyCPU\Tfs.Service\MS.TF.Recommendation.Server.L0.Tests\MS.TF.Recommendation.Server.L0.Tests.dll" adapterTypeName="Microsoft.VisualStudio.TestTools.TestTypes.Unit.UnitTestAdapter" className="MS.TF.Recommendation.Server.L0.Tests.DataSources.Providers.ProjectDataProviderTests" name="GetData_Throws_NullSourceControlType" />
    </UnitTest>
    <UnitTest name="GetData_Throws_InvalidSourceControlType" storage="d:\v2.0\a1\_work\dbded102\bin\release.anycpu\tfs.service\ms.tf.recommendation.server.l0.tests\ms.tf.recommendation.server.l0.tests.dll" priority="1" id="efa122d9-33f3-b303-338b-03431022097c">
      <Owners>
        <Owner name="vsacquisition" />
      </Owners>
      <Execution id="748e22bd-57ea-46ad-a65d-84f6f9989a9e" />
      <TestMethod codeBase="D:\v2.0\A1\_work\dbded102\bin\Release.AnyCPU\Tfs.Service\MS.TF.Recommendation.Server.L0.Tests\MS.TF.Recommendation.Server.L0.Tests.dll" adapterTypeName="Microsoft.VisualStudio.TestTools.TestTypes.Unit.UnitTestAdapter" className="MS.TF.Recommendation.Server.L0.Tests.DataSources.Providers.ProjectDataProviderTests" name="GetData_Throws_InvalidSourceControlType" />
    </UnitTest>
    <UnitTest name="GetData" storage="d:\v2.0\a1\_work\dbded102\bin\release.anycpu\tfs.service\ms.tf.recommendation.server.l0.tests\ms.tf.recommendation.server.l0.tests.dll" priority="1" id="717009c6-f8df-5385-18b9-7e797d721dc5">
      <Owners>
        <Owner name="vsacquisition" />
      </Owners>
      <Execution id="b1b36dae-05ab-4190-b072-3ded3bbc7db8" />
      <TestMethod codeBase="D:\v2.0\A1\_work\dbded102\bin\Release.AnyCPU\Tfs.Service\MS.TF.Recommendation.Server.L0.Tests\MS.TF.Recommendation.Server.L0.Tests.dll" adapterTypeName="Microsoft.VisualStudio.TestTools.TestTypes.Unit.UnitTestAdapter" className="MS.TF.Recommendation.Server.L0.Tests.DataSources.Providers.GitRepositoriesDataProviderTests" name="GetData" />
    </UnitTest>
    <UnitTest name="GetData_Throws" storage="d:\v2.0\a1\_work\dbded102\bin\release.anycpu\tfs.service\ms.tf.recommendation.server.l0.tests\ms.tf.recommendation.server.l0.tests.dll" priority="1" id="2bd8a9cc-bafd-11e3-09e4-d7e56526e1c8">
      <Owners>
        <Owner name="vsacquisition" />
      </Owners>
      <Execution id="3c459dba-0f49-4cbd-bb00-e7b8c3d03cd4" />
      <TestMethod codeBase="D:\v2.0\A1\_work\dbded102\bin\Release.AnyCPU\Tfs.Service\MS.TF.Recommendation.Server.L0.Tests\MS.TF.Recommendation.Server.L0.Tests.dll" adapterTypeName="Microsoft.VisualStudio.TestTools.TestTypes.Unit.UnitTestAdapter" className="MS.TF.Recommendation.Server.L0.Tests.DataSources.Providers.GitRepositoriesDataProviderTests" name="GetData_Throws" />
    </UnitTest>
    <UnitTest name="GetData_CountCommits" storage="d:\v2.0\a1\_work\dbded102\bin\release.anycpu\tfs.service\ms.tf.recommendation.server.l0.tests\ms.tf.recommendation.server.l0.tests.dll" priority="1" id="d55ad6e9-f8d2-ab85-7214-9af0dc14f992">
      <Owners>
        <Owner name="vsacquisition" />
      </Owners>
      <Execution id="c22a3d1a-1cc8-4f0e-bec6-21b3f83660f3" />
      <TestMethod codeBase="D:\v2.0\A1\_work\dbded102\bin\Release.AnyCPU\Tfs.Service\MS.TF.Recommendation.Server.L0.Tests\MS.TF.Recommendation.Server.L0.Tests.dll" adapterTypeName="Microsoft.VisualStudio.TestTools.TestTypes.Unit.UnitTestAdapter" className="MS.TF.Recommendation.Server.L0.Tests.DataSources.Providers.GitRepoHasCommitsDataProviderTests" name="GetData_CountCommits" />
    </UnitTest>
    <UnitTest name="GetData_Throws" storage="d:\v2.0\a1\_work\dbded102\bin\release.anycpu\tfs.service\ms.tf.recommendation.server.l0.tests\ms.tf.recommendation.server.l0.tests.dll" priority="1" id="c8033566-5f2c-79ea-e1e0-83cda3bb48ce">
      <Owners>
        <Owner name="vsacquisition" />
      </Owners>
      <Execution id="f84322b2-8112-47e2-871c-fca1de0a8e7b" />
      <TestMethod codeBase="D:\v2.0\A1\_work\dbded102\bin\Release.AnyCPU\Tfs.Service\MS.TF.Recommendation.Server.L0.Tests\MS.TF.Recommendation.Server.L0.Tests.dll" adapterTypeName="Microsoft.VisualStudio.TestTools.TestTypes.Unit.UnitTestAdapter" className="MS.TF.Recommendation.Server.L0.Tests.DataSources.Providers.GitRepoHasCommitsDataProviderTests" name="GetData_Throws" />
    </UnitTest>
    <UnitTest name="Evaluate" storage="d:\v2.0\a1\_work\dbded102\bin\release.anycpu\tfs.service\ms.tf.recommendation.server.l0.tests\ms.tf.recommendation.server.l0.tests.dll" priority="1" id="3baa5ddb-b62c-902c-9a84-15cbd9657c82">
      <Owners>
        <Owner name="vsacquisition" />
      </Owners>
      <Execution id="f25dc9b9-4cfe-4978-98bc-c69b66012a9c" />
      <TestMethod codeBase="D:\v2.0\A1\_work\dbded102\bin\Release.AnyCPU\Tfs.Service\MS.TF.Recommendation.Server.L0.Tests\MS.TF.Recommendation.Server.L0.Tests.dll" adapterTypeName="Microsoft.VisualStudio.TestTools.TestTypes.Unit.UnitTestAdapter" className="MS.TF.Recommendation.Server.L0.Tests.Builders.Rules.PriorityRuleSetTests" name="Evaluate" />
    </UnitTest>
    <UnitTest name="Recommend" storage="d:\v2.0\a1\_work\dbded102\bin\release.anycpu\tfs.service\ms.tf.recommendation.server.l0.tests\ms.tf.recommendation.server.l0.tests.dll" priority="1" id="9fa992c1-eebb-6470-b155-fc3d9e2bd0e3">
      <Owners>
        <Owner name="vsacquisition" />
      </Owners>
      <Execution id="ea7cc2ad-ba34-48dd-9390-a91ecdc29e05" />
      <TestMethod codeBase="D:\v2.0\A1\_work\dbded102\bin\Release.AnyCPU\Tfs.Service\MS.TF.Recommendation.Server.L0.Tests\MS.TF.Recommendation.Server.L0.Tests.dll" adapterTypeName="Microsoft.VisualStudio.TestTools.TestTypes.Unit.UnitTestAdapter" className="MS.TF.Recommendation.Server.L0.Tests.Builders.Rules.PriorityRuleSetTests" name="Recommend" />
    </UnitTest>
    <UnitTest name="Recommend" storage="d:\v2.0\a1\_work\dbded102\bin\release.anycpu\tfs.service\ms.tf.recommendation.server.l0.tests\ms.tf.recommendation.server.l0.tests.dll" priority="1" id="12603f1d-92a7-feb2-0f29-43aa486b477f">
      <Owners>
        <Owner name="vsacquisition" />
      </Owners>
      <Execution id="ea0d7257-c4f6-470d-8c7c-e62460f3f45f" />
      <TestMethod codeBase="D:\v2.0\A1\_work\dbded102\bin\Release.AnyCPU\Tfs.Service\MS.TF.Recommendation.Server.L0.Tests\MS.TF.Recommendation.Server.L0.Tests.dll" adapterTypeName="Microsoft.VisualStudio.TestTools.TestTypes.Unit.UnitTestAdapter" className="MS.TF.Recommendation.Server.L0.Tests.Builders.Rules.QuickStart.QuickStartRuleSetTests" name="Recommend" />
    </UnitTest>
    <UnitTest name="ProjectHasCode_Git_0Repo" storage="d:\v2.0\a1\_work\dbded102\bin\release.anycpu\tfs.service\ms.tf.recommendation.server.l0.tests\ms.tf.recommendation.server.l0.tests.dll" priority="1" id="ba8bc7ac-40ca-8b19-c66c-a3a2815ecb26">
      <Owners>
        <Owner name="vsacquisition" />
      </Owners>
      <Execution id="1a84f721-b65d-4537-a876-217769b9c7b0" />
      <TestMethod codeBase="D:\v2.0\A1\_work\dbded102\bin\Release.AnyCPU\Tfs.Service\MS.TF.Recommendation.Server.L0.Tests\MS.TF.Recommendation.Server.L0.Tests.dll" adapterTypeName="Microsoft.VisualStudio.TestTools.TestTypes.Unit.UnitTestAdapter" className="MS.TF.Recommendation.Server.L0.Tests.Builders.Rules.QuickStart.JumpStartRuleTests" name="ProjectHasCode_Git_0Repo" />
    </UnitTest>
    <UnitTest name="ProjectHasCode_Git_2Repo" storage="d:\v2.0\a1\_work\dbded102\bin\release.anycpu\tfs.service\ms.tf.recommendation.server.l0.tests\ms.tf.recommendation.server.l0.tests.dll" priority="1" id="519b4494-812b-1c3b-d409-4f7211492217">
      <Owners>
        <Owner name="vsacquisition" />
      </Owners>
      <Execution id="851ce38a-7993-4674-bbbc-9bef6934a541" />
      <TestMethod codeBase="D:\v2.0\A1\_work\dbded102\bin\Release.AnyCPU\Tfs.Service\MS.TF.Recommendation.Server.L0.Tests\MS.TF.Recommendation.Server.L0.Tests.dll" adapterTypeName="Microsoft.VisualStudio.TestTools.TestTypes.Unit.UnitTestAdapter" className="MS.TF.Recommendation.Server.L0.Tests.Builders.Rules.QuickStart.JumpStartRuleTests" name="ProjectHasCode_Git_2Repo" />
    </UnitTest>
    <UnitTest name="ProjectHasCode_Git_1Repo_NoCommit" storage="d:\v2.0\a1\_work\dbded102\bin\release.anycpu\tfs.service\ms.tf.recommendation.server.l0.tests\ms.tf.recommendation.server.l0.tests.dll" priority="1" id="3217994d-07dc-bc4a-840d-a26d8a154a2a">
      <Owners>
        <Owner name="vsacquisition" />
      </Owners>
      <Execution id="c6e52404-c080-41db-857c-0832b9ef2660" />
      <TestMethod codeBase="D:\v2.0\A1\_work\dbded102\bin\Release.AnyCPU\Tfs.Service\MS.TF.Recommendation.Server.L0.Tests\MS.TF.Recommendation.Server.L0.Tests.dll" adapterTypeName="Microsoft.VisualStudio.TestTools.TestTypes.Unit.UnitTestAdapter" className="MS.TF.Recommendation.Server.L0.Tests.Builders.Rules.QuickStart.JumpStartRuleTests" name="ProjectHasCode_Git_1Repo_NoCommit" />
    </UnitTest>
    <UnitTest name="ProjectHasCode_Git_1Repo_HasCommit" storage="d:\v2.0\a1\_work\dbded102\bin\release.anycpu\tfs.service\ms.tf.recommendation.server.l0.tests\ms.tf.recommendation.server.l0.tests.dll" priority="1" id="65a09143-9701-3b47-ee1a-29e4feea9cd7">
      <Owners>
        <Owner name="vsacquisition" />
      </Owners>
      <Execution id="c0ddb1a3-afac-45bd-820e-0afef26493dc" />
      <TestMethod codeBase="D:\v2.0\A1\_work\dbded102\bin\Release.AnyCPU\Tfs.Service\MS.TF.Recommendation.Server.L0.Tests\MS.TF.Recommendation.Server.L0.Tests.dll" adapterTypeName="Microsoft.VisualStudio.TestTools.TestTypes.Unit.UnitTestAdapter" className="MS.TF.Recommendation.Server.L0.Tests.Builders.Rules.QuickStart.JumpStartRuleTests" name="ProjectHasCode_Git_1Repo_HasCommit" />
    </UnitTest>
    <UnitTest name="ProjectHasCode_Tfvc_NoItem" storage="d:\v2.0\a1\_work\dbded102\bin\release.anycpu\tfs.service\ms.tf.recommendation.server.l0.tests\ms.tf.recommendation.server.l0.tests.dll" priority="1" id="bf6aab8f-d889-1edc-a18b-9a2e0646d0f3">
      <Owners>
        <Owner name="vsacquisition" />
      </Owners>
      <Execution id="65ed4a4a-d11a-40ed-bde9-18eb48523f5b" />
      <TestMethod codeBase="D:\v2.0\A1\_work\dbded102\bin\Release.AnyCPU\Tfs.Service\MS.TF.Recommendation.Server.L0.Tests\MS.TF.Recommendation.Server.L0.Tests.dll" adapterTypeName="Microsoft.VisualStudio.TestTools.TestTypes.Unit.UnitTestAdapter" className="MS.TF.Recommendation.Server.L0.Tests.Builders.Rules.QuickStart.JumpStartRuleTests" name="ProjectHasCode_Tfvc_NoItem" />
    </UnitTest>
    <UnitTest name="ProjectHasCode_Tfvc_HasItem" storage="d:\v2.0\a1\_work\dbded102\bin\release.anycpu\tfs.service\ms.tf.recommendation.server.l0.tests\ms.tf.recommendation.server.l0.tests.dll" priority="1" id="51babcf2-5a7c-347a-4f27-90a3c20a56e3">
      <Owners>
        <Owner name="vsacquisition" />
      </Owners>
      <Execution id="8e873005-cf75-4e55-a206-d4422f95c9ac" />
      <TestMethod codeBase="D:\v2.0\A1\_work\dbded102\bin\Release.AnyCPU\Tfs.Service\MS.TF.Recommendation.Server.L0.Tests\MS.TF.Recommendation.Server.L0.Tests.dll" adapterTypeName="Microsoft.VisualStudio.TestTools.TestTypes.Unit.UnitTestAdapter" className="MS.TF.Recommendation.Server.L0.Tests.Builders.Rules.QuickStart.JumpStartRuleTests" name="ProjectHasCode_Tfvc_HasItem" />
    </UnitTest>
    <UnitTest name="Evaluate_HasCode_NoWork_Enabled" storage="d:\v2.0\a1\_work\dbded102\bin\release.anycpu\tfs.service\ms.tf.recommendation.server.l0.tests\ms.tf.recommendation.server.l0.tests.dll" priority="1" id="4df6ddb9-0291-69b7-f18b-c29331a00a40">
      <Owners>
        <Owner name="vsacquisition" />
      </Owners>
      <Execution id="475d80e5-e42b-4e28-91e7-8cdfb7b90721" />
      <TestMethod codeBase="D:\v2.0\A1\_work\dbded102\bin\Release.AnyCPU\Tfs.Service\MS.TF.Recommendation.Server.L0.Tests\MS.TF.Recommendation.Server.L0.Tests.dll" adapterTypeName="Microsoft.VisualStudio.TestTools.TestTypes.Unit.UnitTestAdapter" className="MS.TF.Recommendation.Server.L0.Tests.Builders.Rules.QuickStart.JumpStartRuleTests" name="Evaluate_HasCode_NoWork_Enabled" />
    </UnitTest>
    <UnitTest name="Evaluate_NoCode_HasWork" storage="d:\v2.0\a1\_work\dbded102\bin\release.anycpu\tfs.service\ms.tf.recommendation.server.l0.tests\ms.tf.recommendation.server.l0.tests.dll" priority="1" id="ff64864b-43f3-0287-ca92-f550feee12f8">
      <Owners>
        <Owner name="vsacquisition" />
      </Owners>
      <Execution id="72e59fab-04b9-426d-be1d-fd410fc0af64" />
      <TestMethod codeBase="D:\v2.0\A1\_work\dbded102\bin\Release.AnyCPU\Tfs.Service\MS.TF.Recommendation.Server.L0.Tests\MS.TF.Recommendation.Server.L0.Tests.dll" adapterTypeName="Microsoft.VisualStudio.TestTools.TestTypes.Unit.UnitTestAdapter" className="MS.TF.Recommendation.Server.L0.Tests.Builders.Rules.QuickStart.JumpStartRuleTests" name="Evaluate_NoCode_HasWork" />
    </UnitTest>
    <UnitTest name="Evaluate_NoCode_NoWork" storage="d:\v2.0\a1\_work\dbded102\bin\release.anycpu\tfs.service\ms.tf.recommendation.server.l0.tests\ms.tf.recommendation.server.l0.tests.dll" priority="1" id="820a7b49-50fa-2734-d58b-e4bd80987461">
      <Owners>
        <Owner name="vsacquisition" />
      </Owners>
      <Execution id="89fb2cb0-73bc-4b21-8623-743171b62e8d" />
      <TestMethod codeBase="D:\v2.0\A1\_work\dbded102\bin\Release.AnyCPU\Tfs.Service\MS.TF.Recommendation.Server.L0.Tests\MS.TF.Recommendation.Server.L0.Tests.dll" adapterTypeName="Microsoft.VisualStudio.TestTools.TestTypes.Unit.UnitTestAdapter" className="MS.TF.Recommendation.Server.L0.Tests.Builders.Rules.QuickStart.JumpStartRuleTests" name="Evaluate_NoCode_NoWork" />
    </UnitTest>
    <UnitTest name="Recommend" storage="d:\v2.0\a1\_work\dbded102\bin\release.anycpu\tfs.service\ms.tf.recommendation.server.l0.tests\ms.tf.recommendation.server.l0.tests.dll" priority="1" id="cf7c6dfc-3d05-36c3-913a-1195e1645b08">
      <Owners>
        <Owner name="vsacquisition" />
      </Owners>
      <Execution id="a0d1c39b-5b96-4ec9-ac3c-c5298d99f0f2" />
      <TestMethod codeBase="D:\v2.0\A1\_work\dbded102\bin\Release.AnyCPU\Tfs.Service\MS.TF.Recommendation.Server.L0.Tests\MS.TF.Recommendation.Server.L0.Tests.dll" adapterTypeName="Microsoft.VisualStudio.TestTools.TestTypes.Unit.UnitTestAdapter" className="MS.TF.Recommendation.Server.L0.Tests.Builders.Rules.QuickStart.JumpStartRuleTests" name="Recommend" />
    </UnitTest>
  </TestDefinitions>
  <TestEntries>
    <TestEntry testId="8c68509f-f0d0-3ae4-4fc6-3ff2a0969c6b" executionId="6c856c61-c66c-4ed4-96ff-804cd517ff10" testListId="8c84fa94-04c1-424b-9868-57a2d4851a1d" />
    <TestEntry testId="33da9e3c-a1a2-0af4-582a-d0501bf92d41" executionId="728e8044-8c01-46d8-b77b-75e905151c61" testListId="8c84fa94-04c1-424b-9868-57a2d4851a1d" />
    <TestEntry testId="a7dd2040-4cd7-6467-ce7c-686c5ccf0e8f" executionId="c95e87ac-a74e-431d-be6f-69e080535cc2" testListId="8c84fa94-04c1-424b-9868-57a2d4851a1d" />
    <TestEntry testId="95efafa2-e5ee-7879-3206-7befa856165a" executionId="dbda31f9-c6b7-4c98-947d-27343a27cc5d" testListId="8c84fa94-04c1-424b-9868-57a2d4851a1d" />
    <TestEntry testId="2901d625-a4f2-e1bb-d8ef-781ab304ba99" executionId="6a1d0db9-dbee-46b2-b09b-a3bf21c76897" testListId="8c84fa94-04c1-424b-9868-57a2d4851a1d" />
    <TestEntry testId="2368f49f-60a1-8bd4-ec23-1cdf7e288e27" executionId="196c87b2-9f4b-4ff0-a509-b2ad91e5443e" testListId="8c84fa94-04c1-424b-9868-57a2d4851a1d" />
    <TestEntry testId="7687adc3-9cd6-5b57-1ba9-0b6caba09be2" executionId="90196c84-f641-4fcd-ad93-3cc9dc21b60d" testListId="8c84fa94-04c1-424b-9868-57a2d4851a1d" />
    <TestEntry testId="196b92e6-27c1-918e-7fef-380e2d55e9c8" executionId="ca7bcbcd-6990-4810-b7a3-d9f7b9d54881" testListId="8c84fa94-04c1-424b-9868-57a2d4851a1d" />
    <TestEntry testId="6e084c32-a425-b988-5364-1493164ce570" executionId="c1df916f-767a-4a2e-8f6f-54542880d6a8" testListId="8c84fa94-04c1-424b-9868-57a2d4851a1d" />
    <TestEntry testId="9cb059ac-c797-35ce-e9b3-fa2118d1c452" executionId="57a328b8-3516-46c3-bf42-0aa7b6696135" testListId="8c84fa94-04c1-424b-9868-57a2d4851a1d" />
    <TestEntry testId="6cee8212-8d02-89c0-8797-f8b1415e5b0e" executionId="3e0c9c29-8a35-4f97-8468-9b696c706fd0" testListId="8c84fa94-04c1-424b-9868-57a2d4851a1d" />
    <TestEntry testId="be9b4d76-931f-2f86-0b91-a4fe665430f9" executionId="cae060b6-38d6-4a01-bbf1-05cfdb6ed2cf" testListId="8c84fa94-04c1-424b-9868-57a2d4851a1d" />
    <TestEntry testId="b84f39f3-ff4a-7537-8d3e-9dc8e3481421" executionId="c1cd4037-1e26-4e17-97ff-00bcc165958d" testListId="8c84fa94-04c1-424b-9868-57a2d4851a1d" />
    <TestEntry testId="8b9f1395-5c1b-eb11-2a74-f92952beba6a" executionId="50463f28-bd13-45d1-ad11-dfa2bb4bd7fa" testListId="8c84fa94-04c1-424b-9868-57a2d4851a1d" />
    <TestEntry testId="fec5d647-f337-83dd-66fd-d86eb1f1e40c" executionId="f4061ff3-32d7-4d23-8250-cdbeec0e737c" testListId="8c84fa94-04c1-424b-9868-57a2d4851a1d" />
    <TestEntry testId="a88da671-8373-0410-9c21-30141235fd6e" executionId="84996759-a994-44a9-a9a5-9ca96e135af7" testListId="8c84fa94-04c1-424b-9868-57a2d4851a1d" />
    <TestEntry testId="961a03bf-c3e6-e09b-db85-f5cf98db44b1" executionId="a265db9c-b02f-40ef-959b-7a4ff751adf2" testListId="8c84fa94-04c1-424b-9868-57a2d4851a1d" />
    <TestEntry testId="cf190ce0-3250-b21e-ce27-3cae206ed8d2" executionId="cd033e61-bed2-4a67-9a25-33193de44ce7" testListId="8c84fa94-04c1-424b-9868-57a2d4851a1d" />
    <TestEntry testId="96ea20ec-3878-8a8b-c8bc-777440321377" executionId="54c9082a-f274-4bb4-85cc-e7ce0d2e3e99" testListId="8c84fa94-04c1-424b-9868-57a2d4851a1d" />
    <TestEntry testId="df583014-ea7e-a857-89ef-13e285e7257f" executionId="583ea3fc-d027-4585-8174-92bf1ecfcb94" testListId="8c84fa94-04c1-424b-9868-57a2d4851a1d" />
    <TestEntry testId="b9956215-7a59-40b5-084c-bc7812f71fdd" executionId="67b96943-ce5b-4760-ba1c-4950fdc083d7" testListId="8c84fa94-04c1-424b-9868-57a2d4851a1d" />
    <TestEntry testId="e7e776bc-6925-8bad-2d12-83bed444808f" executionId="64708744-6ee4-4007-a16d-c793eca5b5d3" testListId="8c84fa94-04c1-424b-9868-57a2d4851a1d" />
    <TestEntry testId="96c51ef8-3650-623d-b262-21aecfb7258e" executionId="0fba8077-d561-46d6-b4cc-761e5a71a7db" testListId="8c84fa94-04c1-424b-9868-57a2d4851a1d" />
    <TestEntry testId="efa122d9-33f3-b303-338b-03431022097c" executionId="748e22bd-57ea-46ad-a65d-84f6f9989a9e" testListId="8c84fa94-04c1-424b-9868-57a2d4851a1d" />
    <TestEntry testId="717009c6-f8df-5385-18b9-7e797d721dc5" executionId="b1b36dae-05ab-4190-b072-3ded3bbc7db8" testListId="8c84fa94-04c1-424b-9868-57a2d4851a1d" />
    <TestEntry testId="2bd8a9cc-bafd-11e3-09e4-d7e56526e1c8" executionId="3c459dba-0f49-4cbd-bb00-e7b8c3d03cd4" testListId="8c84fa94-04c1-424b-9868-57a2d4851a1d" />
    <TestEntry testId="d55ad6e9-f8d2-ab85-7214-9af0dc14f992" executionId="c22a3d1a-1cc8-4f0e-bec6-21b3f83660f3" testListId="8c84fa94-04c1-424b-9868-57a2d4851a1d" />
    <TestEntry testId="c8033566-5f2c-79ea-e1e0-83cda3bb48ce" executionId="f84322b2-8112-47e2-871c-fca1de0a8e7b" testListId="8c84fa94-04c1-424b-9868-57a2d4851a1d" />
    <TestEntry testId="3baa5ddb-b62c-902c-9a84-15cbd9657c82" executionId="f25dc9b9-4cfe-4978-98bc-c69b66012a9c" testListId="8c84fa94-04c1-424b-9868-57a2d4851a1d" />
    <TestEntry testId="9fa992c1-eebb-6470-b155-fc3d9e2bd0e3" executionId="ea7cc2ad-ba34-48dd-9390-a91ecdc29e05" testListId="8c84fa94-04c1-424b-9868-57a2d4851a1d" />
    <TestEntry testId="12603f1d-92a7-feb2-0f29-43aa486b477f" executionId="ea0d7257-c4f6-470d-8c7c-e62460f3f45f" testListId="8c84fa94-04c1-424b-9868-57a2d4851a1d" />
    <TestEntry testId="ba8bc7ac-40ca-8b19-c66c-a3a2815ecb26" executionId="1a84f721-b65d-4537-a876-217769b9c7b0" testListId="8c84fa94-04c1-424b-9868-57a2d4851a1d" />
    <TestEntry testId="519b4494-812b-1c3b-d409-4f7211492217" executionId="851ce38a-7993-4674-bbbc-9bef6934a541" testListId="8c84fa94-04c1-424b-9868-57a2d4851a1d" />
    <TestEntry testId="3217994d-07dc-bc4a-840d-a26d8a154a2a" executionId="c6e52404-c080-41db-857c-0832b9ef2660" testListId="8c84fa94-04c1-424b-9868-57a2d4851a1d" />
    <TestEntry testId="65a09143-9701-3b47-ee1a-29e4feea9cd7" executionId="c0ddb1a3-afac-45bd-820e-0afef26493dc" testListId="8c84fa94-04c1-424b-9868-57a2d4851a1d" />
    <TestEntry testId="bf6aab8f-d889-1edc-a18b-9a2e0646d0f3" executionId="65ed4a4a-d11a-40ed-bde9-18eb48523f5b" testListId="8c84fa94-04c1-424b-9868-57a2d4851a1d" />
    <TestEntry testId="51babcf2-5a7c-347a-4f27-90a3c20a56e3" executionId="8e873005-cf75-4e55-a206-d4422f95c9ac" testListId="8c84fa94-04c1-424b-9868-57a2d4851a1d" />
    <TestEntry testId="4df6ddb9-0291-69b7-f18b-c29331a00a40" executionId="475d80e5-e42b-4e28-91e7-8cdfb7b90721" testListId="8c84fa94-04c1-424b-9868-57a2d4851a1d" />
    <TestEntry testId="ff64864b-43f3-0287-ca92-f550feee12f8" executionId="72e59fab-04b9-426d-be1d-fd410fc0af64" testListId="8c84fa94-04c1-424b-9868-57a2d4851a1d" />
    <TestEntry testId="820a7b49-50fa-2734-d58b-e4bd80987461" executionId="89fb2cb0-73bc-4b21-8623-743171b62e8d" testListId="8c84fa94-04c1-424b-9868-57a2d4851a1d" />
    <TestEntry testId="cf7c6dfc-3d05-36c3-913a-1195e1645b08" executionId="a0d1c39b-5b96-4ec9-ac3c-c5298d99f0f2" testListId="8c84fa94-04c1-424b-9868-57a2d4851a1d" />
  </TestEntries>
  <TestLists>
    <TestList name="Results Not in a List" id="8c84fa94-04c1-424b-9868-57a2d4851a1d" />
    <TestList name="All Loaded Results" id="19431567-8539-422a-85d7-44ee4e166bda" />
  </TestLists>
  <ResultSummary outcome="Completed">
    <Counters total="41" executed="41" passed="41" failed="0" error="0" timeout="0" aborted="0" inconclusive="0" passedButRunAborted="0" notRunnable="0" notExecuted="0" disconnected="0" warning="0" completed="0" inProgress="0" pending="0" />
  </ResultSummary>
</TestRun>