<?xml version="1.0" encoding="UTF-8"?>
<TestRun id="8b634817-068d-4638-822c-58d50838c566" name="tfsmladm@TFSBUILD11 2015-09-28 09:43:38" runUser="REDMOND\tfsmladm" xmlns="http://microsoft.com/schemas/VisualStudio/TeamTest/2010">
  <Times creation="2015-09-28T09:43:38.4847793-07:00" queuing="2015-09-28T09:43:38.4847793-07:00" start="2015-09-28T09:43:38.4847793-07:00" finish="2015-09-28T09:43:38.5472835-07:00" />
  <TestSettings name="default" id="c37d3a9e-6263-4439-becc-1d83ded47944">
    <Execution>
      <TestTypeSpecific />
    </Execution>
    <Deployment runDeploymentRoot="tfsmladm_TFSBUILD11 2015-09-28 09_43_38" />
    <Properties />
  </TestSettings>
  <Results>
    <UnitTestResult executionId="dee420b7-9991-44aa-8f0e-32dc4a406ae1" testId="0e046589-4928-7da2-2f03-91fbe5733114" testName="AppScopedAdapterSavesDimensions" computerName="TFSBUILD11" duration="00:00:01.7724190" startTime="2015-09-28T09:43:35.9689746-07:00" endTime="2015-09-28T09:43:37.8128566-07:00" testType="13cdc9d9-ddb5-4fa4-a97d-d965ccfc6d4b" outcome="Passed" testListId="8c84fa94-04c1-424b-9868-57a2d4851a1d" relativeResultsDirectory="dee420b7-9991-44aa-8f0e-32dc4a406ae1" />
    <UnitTestResult executionId="b0b30fc1-3906-4300-9611-eba8204d646f" testId="4f3fa779-1ade-b8c9-8eb1-0aa0de0e5719" testName="NonAppScopedAdapterSavesDimensions" computerName="TFSBUILD11" duration="00:00:00.5863267" startTime="2015-09-28T09:43:37.8284824-07:00" endTime="2015-09-28T09:43:38.4222749-07:00" testType="13cdc9d9-ddb5-4fa4-a97d-d965ccfc6d4b" outcome="Passed" testListId="8c84fa94-04c1-424b-9868-57a2d4851a1d" relativeResultsDirectory="b0b30fc1-3906-4300-9611-eba8204d646f" />
  </Results>
  <TestDefinitions>
    <UnitTest name="AppScopedAdapterSavesDimensions" storage="d:\v2.0\a1\_work\dbded102\bin\release.anycpu\tfs.service\ms.tf.adapter.l0.tests\microsoft.teamfoundation.adapter.l0.tests.dll" id="0e046589-4928-7da2-2f03-91fbe5733114">
      <Execution id="dee420b7-9991-44aa-8f0e-32dc4a406ae1" />
      <TestMethod codeBase="D:\v2.0\A1\_work\dbded102\bin\Release.AnyCPU\Tfs.Service\MS.TF.Adapter.L0.Tests\Microsoft.TeamFoundation.Adapter.L0.Tests.dll" adapterTypeName="Microsoft.VisualStudio.TestTools.TestTypes.Unit.UnitTestAdapter" className="Microsoft.TeamFoundation.Adapter.L0.Tests.CssAdapterTests" name="AppScopedAdapterSavesDimensions" />
    </UnitTest>
    <UnitTest name="NonAppScopedAdapterSavesDimensions" storage="d:\v2.0\a1\_work\dbded102\bin\release.anycpu\tfs.service\ms.tf.adapter.l0.tests\microsoft.teamfoundation.adapter.l0.tests.dll" id="4f3fa779-1ade-b8c9-8eb1-0aa0de0e5719">
      <Execution id="b0b30fc1-3906-4300-9611-eba8204d646f" />
      <TestMethod codeBase="D:\v2.0\A1\_work\dbded102\bin\Release.AnyCPU\Tfs.Service\MS.TF.Adapter.L0.Tests\Microsoft.TeamFoundation.Adapter.L0.Tests.dll" adapterTypeName="Microsoft.VisualStudio.TestTools.TestTypes.Unit.UnitTestAdapter" className="Microsoft.TeamFoundation.Adapter.L0.Tests.CssAdapterTests" name="NonAppScopedAdapterSavesDimensions" />
    </UnitTest>
  </TestDefinitions>
  <TestEntries>
    <TestEntry testId="0e046589-4928-7da2-2f03-91fbe5733114" executionId="dee420b7-9991-44aa-8f0e-32dc4a406ae1" testListId="8c84fa94-04c1-424b-9868-57a2d4851a1d" />
    <TestEntry testId="4f3fa779-1ade-b8c9-8eb1-0aa0de0e5719" executionId="b0b30fc1-3906-4300-9611-eba8204d646f" testListId="8c84fa94-04c1-424b-9868-57a2d4851a1d" />
  </TestEntries>
  <TestLists>
    <TestList name="Results Not in a List" id="8c84fa94-04c1-424b-9868-57a2d4851a1d" />
    <TestList name="All Loaded Results" id="19431567-8539-422a-85d7-44ee4e166bda" />
  </TestLists>
  <ResultSummary outcome="Completed">
    <Counters total="2" executed="2" passed="2" failed="0" error="0" timeout="0" aborted="0" inconclusive="0" passedButRunAborted="0" notRunnable="0" notExecuted="0" disconnected="0" warning="0" completed="0" inProgress="0" pending="0" />
  </ResultSummary>
</TestRun>