<?xml version="1.0" encoding="UTF-8"?>
<TestRun id="d651da06-61f6-45d2-9648-880066803ec9" name="tfsmladm@TFSBUILD11 2015-09-28 09:43:43" runUser="REDMOND\tfsmladm" xmlns="http://microsoft.com/schemas/VisualStudio/TeamTest/2010">
  <Times creation="2015-09-28T09:43:43.9695441-07:00" queuing="2015-09-28T09:43:43.9695441-07:00" start="2015-09-28T09:43:43.9851699-07:00" finish="2015-09-28T09:43:44.0164227-07:00" />
  <TestSettings name="default" id="69b417a7-3f7e-4814-9b44-34f6a78812bd">
    <Execution>
      <TestTypeSpecific />
    </Execution>
    <Deployment runDeploymentRoot="tfsmladm_TFSBUILD11 2015-09-28 09_43_43" />
    <Properties />
  </TestSettings>
  <Results>
    <UnitTestResult executionId="c3f618d6-e31c-45d5-b6d5-ade42d11a7f6" testId="bd7862a8-b58a-5c85-bdda-e71df4378d72" testName="FakeTest" computerName="TFSBUILD11" duration="00:00:00.0034306" startTime="2015-09-28T09:43:43.8914138-07:00" endTime="2015-09-28T09:43:43.9226654-07:00" testType="13cdc9d9-ddb5-4fa4-a97d-d965ccfc6d4b" outcome="Passed" testListId="8c84fa94-04c1-424b-9868-57a2d4851a1d" relativeResultsDirectory="c3f618d6-e31c-45d5-b6d5-ade42d11a7f6" />
  </Results>
  <TestDefinitions>
    <UnitTest name="FakeTest" storage="d:\v2.0\a1\_work\dbded102\bin\release.anycpu\vssf.client\vssf.testframework.client.l2.common.l0.tests\vssf.testframework.client.l2.common.l0.tests.dll" id="bd7862a8-b58a-5c85-bdda-e71df4378d72">
      <Owners>
        <Owner name="johnmo" />
      </Owners>
      <Execution id="c3f618d6-e31c-45d5-b6d5-ade42d11a7f6" />
      <TestMethod codeBase="D:\v2.0\A1\_work\dbded102\bin\Release.AnyCPU\Vssf.Client\Vssf.TestFramework.Client.L2.Common.L0.Tests\Vssf.TestFramework.Client.L2.Common.L0.Tests.dll" adapterTypeName="Microsoft.VisualStudio.TestTools.TestTypes.Unit.UnitTestAdapter" className="MS.TF.Test.Fuzz.UnitTests.FuzzLibraryTests" name="FakeTest" />
    </UnitTest>
  </TestDefinitions>
  <TestEntries>
    <TestEntry testId="bd7862a8-b58a-5c85-bdda-e71df4378d72" executionId="c3f618d6-e31c-45d5-b6d5-ade42d11a7f6" testListId="8c84fa94-04c1-424b-9868-57a2d4851a1d" />
  </TestEntries>
  <TestLists>
    <TestList name="Results Not in a List" id="8c84fa94-04c1-424b-9868-57a2d4851a1d" />
    <TestList name="All Loaded Results" id="19431567-8539-422a-85d7-44ee4e166bda" />
  </TestLists>
  <ResultSummary outcome="Completed">
    <Counters total="1" executed="1" passed="1" failed="0" error="0" timeout="0" aborted="0" inconclusive="0" passedButRunAborted="0" notRunnable="0" notExecuted="0" disconnected="0" warning="0" completed="0" inProgress="0" pending="0" />
  </ResultSummary>
</TestRun>