<?xml version="1.0" encoding="UTF-8"?>
<TestRun id="e62e3cc3-d0f5-4115-bcf0-c6796f796e94" name="tfsmladm@TFSBUILD11 2015-09-28 09:43:23" runUser="REDMOND\tfsmladm" xmlns="http://microsoft.com/schemas/VisualStudio/TeamTest/2010">
  <Times creation="2015-09-28T09:43:23.8899916-07:00" queuing="2015-09-28T09:43:23.8899916-07:00" start="2015-09-28T09:43:23.9056166-07:00" finish="2015-09-28T09:43:26.5308038-07:00" />
  <TestSettings name="default" id="07aebdc3-cadd-4b48-a9a8-7cd30e1d1729">
    <Execution>
      <TestTypeSpecific />
    </Execution>
    <Deployment runDeploymentRoot="tfsmladm_TFSBUILD11 2015-09-28 09_43_23" />
    <Properties />
  </TestSettings>
  <Results>
    <UnitTestResult executionId="a582d279-9920-476f-ba69-7f64fe0ee29f" testId="4208c724-b613-c2c4-c4a6-d218d1c8337a" testName="TryGetBytes_Null_WhenTextWrongLengthForHexAndNoHexSpecifier" computerName="TFSBUILD11" duration="00:00:00.0045562" startTime="2015-09-28T09:43:23.7649827-07:00" endTime="2015-09-28T09:43:23.8431127-07:00" testType="13cdc9d9-ddb5-4fa4-a97d-d965ccfc6d4b" outcome="Passed" testListId="8c84fa94-04c1-424b-9868-57a2d4851a1d" relativeResultsDirectory="a582d279-9920-476f-ba69-7f64fe0ee29f" />
    <UnitTestResult executionId="f75464cf-6730-479b-a52f-15a026883893" testId="890a5a68-6ae2-f5cb-9ce9-5aa7bbb76986" testName="TryGetBytes_Null_WhenTextWrongLengthForHexAndHexSpecifier" computerName="TFSBUILD11" duration="00:00:00.0001393" startTime="2015-09-28T09:43:23.8587388-07:00" endTime="2015-09-28T09:43:23.8587388-07:00" testType="13cdc9d9-ddb5-4fa4-a97d-d965ccfc6d4b" outcome="Passed" testListId="8c84fa94-04c1-424b-9868-57a2d4851a1d" relativeResultsDirectory="f75464cf-6730-479b-a52f-15a026883893" />
    <UnitTestResult executionId="1b797e74-f2a3-40e8-8283-7457164f6070" testId="acd405a2-d099-3790-b0de-0b8d9aac0524" testName="TryGetBytes_Empty_WhenTextEmpty" computerName="TFSBUILD11" duration="00:00:00.0017570" startTime="2015-09-28T09:43:23.8587388-07:00" endTime="2015-09-28T09:43:23.8587388-07:00" testType="13cdc9d9-ddb5-4fa4-a97d-d965ccfc6d4b" outcome="Passed" testListId="8c84fa94-04c1-424b-9868-57a2d4851a1d" relativeResultsDirectory="1b797e74-f2a3-40e8-8283-7457164f6070" />
    <UnitTestResult executionId="4da79024-c557-452c-b69c-fc22aeeabb72" testId="082c96ad-b3e5-8a77-8449-5afa39746c77" testName="TryGetBytes_Empty_WhenTextOnlyHexSpecifier" computerName="TFSBUILD11" duration="00:00:00.0003191" startTime="2015-09-28T09:43:23.8587388-07:00" endTime="2015-09-28T09:43:23.8587388-07:00" testType="13cdc9d9-ddb5-4fa4-a97d-d965ccfc6d4b" outcome="Passed" testListId="8c84fa94-04c1-424b-9868-57a2d4851a1d" relativeResultsDirectory="4da79024-c557-452c-b69c-fc22aeeabb72" />
    <UnitTestResult executionId="275c835a-c8a7-4de2-9360-5560c6908768" testId="24a91ba9-3c67-f61d-27ee-9827339c25ba" testName="TryGetBytes_ValidResult_WhenTextSingleByteNoHexSpecifier" computerName="TFSBUILD11" duration="00:00:00.0015908" startTime="2015-09-28T09:43:23.8587388-07:00" endTime="2015-09-28T09:43:23.8587388-07:00" testType="13cdc9d9-ddb5-4fa4-a97d-d965ccfc6d4b" outcome="Passed" testListId="8c84fa94-04c1-424b-9868-57a2d4851a1d" relativeResultsDirectory="275c835a-c8a7-4de2-9360-5560c6908768" />
    <UnitTestResult executionId="2028f43c-1d3b-469d-8829-7e9e3de3e698" testId="36a5cf5c-7950-eb7e-1d30-1d840c96c4aa" testName="TryGetBytes_ValidResult_WhenTextSingleByteHexSpecifier" computerName="TFSBUILD11" duration="00:00:00.0002978" startTime="2015-09-28T09:43:23.8587388-07:00" endTime="2015-09-28T09:43:23.8587388-07:00" testType="13cdc9d9-ddb5-4fa4-a97d-d965ccfc6d4b" outcome="Passed" testListId="8c84fa94-04c1-424b-9868-57a2d4851a1d" relativeResultsDirectory="2028f43c-1d3b-469d-8829-7e9e3de3e698" />
    <UnitTestResult executionId="85709969-23b4-41ab-9e93-130f77461dde" testId="d673864e-bf1e-63fd-accf-761e4b48b7b6" testName="TryGetBytes_InvalidResult_WhenTextNotValidByteAndNoHexSpecifier" computerName="TFSBUILD11" duration="00:00:00.0001262" startTime="2015-09-28T09:43:23.8587388-07:00" endTime="2015-09-28T09:43:23.8587388-07:00" testType="13cdc9d9-ddb5-4fa4-a97d-d965ccfc6d4b" outcome="Passed" testListId="8c84fa94-04c1-424b-9868-57a2d4851a1d" relativeResultsDirectory="85709969-23b4-41ab-9e93-130f77461dde" />
    <UnitTestResult executionId="b6f70077-a559-4011-b86e-c84c674e4899" testId="eafe812c-5ec7-9dbc-49f1-4a9a1d0f2129" testName="TryGetBytes_InvalidResult_WhenTextNotValidByteAndHexSpecifier" computerName="TFSBUILD11" duration="00:00:00.0001208" startTime="2015-09-28T09:43:23.8587388-07:00" endTime="2015-09-28T09:43:23.8587388-07:00" testType="13cdc9d9-ddb5-4fa4-a97d-d965ccfc6d4b" outcome="Passed" testListId="8c84fa94-04c1-424b-9868-57a2d4851a1d" relativeResultsDirectory="b6f70077-a559-4011-b86e-c84c674e4899" />
    <UnitTestResult executionId="cac82f53-5f9d-4d86-8bf6-28d791fc13df" testId="922a5ca7-4e24-98d5-f70b-eee677dff80f" testName="TryGetBytes_ValidResult_WhenTextMultiByteNoHexSpecifier" computerName="TFSBUILD11" duration="00:00:00.0002565" startTime="2015-09-28T09:43:23.8587388-07:00" endTime="2015-09-28T09:43:23.8587388-07:00" testType="13cdc9d9-ddb5-4fa4-a97d-d965ccfc6d4b" outcome="Passed" testListId="8c84fa94-04c1-424b-9868-57a2d4851a1d" relativeResultsDirectory="cac82f53-5f9d-4d86-8bf6-28d791fc13df" />
    <UnitTestResult executionId="a5626565-9488-4924-94ff-b0330a1a72ee" testId="20b8281c-0650-2b22-4943-1a80e5032732" testName="TryGetBytes_ValidResult_WhenTextMultiByteHexSpecifier" computerName="TFSBUILD11" duration="00:00:00.0003262" startTime="2015-09-28T09:43:23.8899916-07:00" endTime="2015-09-28T09:43:23.8899916-07:00" testType="13cdc9d9-ddb5-4fa4-a97d-d965ccfc6d4b" outcome="Passed" testListId="8c84fa94-04c1-424b-9868-57a2d4851a1d" relativeResultsDirectory="a5626565-9488-4924-94ff-b0330a1a72ee" />
    <UnitTestResult executionId="71fea154-1d04-4512-897e-788981725d1f" testId="ed864f42-3834-3c3b-cf55-ecca730f4691" testName="TryGetBytes_Throws_WhenTextNull" computerName="TFSBUILD11" duration="00:00:00.0005176" startTime="2015-09-28T09:43:23.8899916-07:00" endTime="2015-09-28T09:43:23.8899916-07:00" testType="13cdc9d9-ddb5-4fa4-a97d-d965ccfc6d4b" outcome="Passed" testListId="8c84fa94-04c1-424b-9868-57a2d4851a1d" relativeResultsDirectory="71fea154-1d04-4512-897e-788981725d1f" />
    <UnitTestResult executionId="51c7f6e5-e2d2-4f98-adea-8c4cf4a1b750" testId="ca9cc12a-8108-04db-0834-6dfbcc6eb94f" testName="GetBytes_Throws_WhenTextWrongLengthForHexAndNoHexSpecifier" computerName="TFSBUILD11" duration="00:00:00.0006900" startTime="2015-09-28T09:43:23.8899916-07:00" endTime="2015-09-28T09:43:23.8899916-07:00" testType="13cdc9d9-ddb5-4fa4-a97d-d965ccfc6d4b" outcome="Passed" testListId="8c84fa94-04c1-424b-9868-57a2d4851a1d" relativeResultsDirectory="51c7f6e5-e2d2-4f98-adea-8c4cf4a1b750" />
    <UnitTestResult executionId="bd246285-dba5-4590-b38d-17bda6532956" testId="44891a4f-90b0-7e6c-3f66-b09917360129" testName="GetBytes_Throws_WhenTextWrongLengthForHexAndHexSpecifier" computerName="TFSBUILD11" duration="00:00:00.0002980" startTime="2015-09-28T09:43:23.8899916-07:00" endTime="2015-09-28T09:43:23.8899916-07:00" testType="13cdc9d9-ddb5-4fa4-a97d-d965ccfc6d4b" outcome="Passed" testListId="8c84fa94-04c1-424b-9868-57a2d4851a1d" relativeResultsDirectory="bd246285-dba5-4590-b38d-17bda6532956" />
    <UnitTestResult executionId="21d8297f-4cbd-4cb6-acce-9d6f326980e9" testId="bf59f362-1ccd-b3ee-fbb2-12d9da1bf862" testName="GetBytes_Empty_WhenTextEmpty" computerName="TFSBUILD11" duration="00:00:00.0001544" startTime="2015-09-28T09:43:23.8899916-07:00" endTime="2015-09-28T09:43:23.8899916-07:00" testType="13cdc9d9-ddb5-4fa4-a97d-d965ccfc6d4b" outcome="Passed" testListId="8c84fa94-04c1-424b-9868-57a2d4851a1d" relativeResultsDirectory="21d8297f-4cbd-4cb6-acce-9d6f326980e9" />
    <UnitTestResult executionId="e864312c-d234-4d5c-8033-76a28cd0e110" testId="dca00ca7-e784-f25c-c82a-1ef28ef6e894" testName="GetBytes_Empty_WhenTextOnlyHexSpecifier" computerName="TFSBUILD11" duration="00:00:00.0001490" startTime="2015-09-28T09:43:23.8899916-07:00" endTime="2015-09-28T09:43:23.8899916-07:00" testType="13cdc9d9-ddb5-4fa4-a97d-d965ccfc6d4b" outcome="Passed" testListId="8c84fa94-04c1-424b-9868-57a2d4851a1d" relativeResultsDirectory="e864312c-d234-4d5c-8033-76a28cd0e110" />
    <UnitTestResult executionId="f94b96e8-1aff-47d7-a51d-bd1f841dbe13" testId="a52f2f55-573c-4edc-04b9-8053d7d2d34c" testName="GetBytes_ValidResult_WhenTextSingleByteNoHexSpecifier" computerName="TFSBUILD11" duration="00:00:00.0001959" startTime="2015-09-28T09:43:23.8899916-07:00" endTime="2015-09-28T09:43:23.8899916-07:00" testType="13cdc9d9-ddb5-4fa4-a97d-d965ccfc6d4b" outcome="Passed" testListId="8c84fa94-04c1-424b-9868-57a2d4851a1d" relativeResultsDirectory="f94b96e8-1aff-47d7-a51d-bd1f841dbe13" />
    <UnitTestResult executionId="2b87f756-02a3-44c8-989b-96fcf0777eab" testId="866aada4-cf8b-3cfa-ddda-b4cedc34c461" testName="GetBytes_ValidResult_WhenTextSingleByteHexSpecifier" computerName="TFSBUILD11" duration="00:00:00.0001942" startTime="2015-09-28T09:43:23.8899916-07:00" endTime="2015-09-28T09:43:23.8899916-07:00" testType="13cdc9d9-ddb5-4fa4-a97d-d965ccfc6d4b" outcome="Passed" testListId="8c84fa94-04c1-424b-9868-57a2d4851a1d" relativeResultsDirectory="2b87f756-02a3-44c8-989b-96fcf0777eab" />
    <UnitTestResult executionId="4cd2e118-6948-4374-ac5e-b86594f52205" testId="bef3476f-8a26-e203-97d1-b9ec38e2db69" testName="GetBytes_Throws_WhenTextNotValidByteAndNoHexSpecifier" computerName="TFSBUILD11" duration="00:00:00.0003544" startTime="2015-09-28T09:43:23.8899916-07:00" endTime="2015-09-28T09:43:23.8899916-07:00" testType="13cdc9d9-ddb5-4fa4-a97d-d965ccfc6d4b" outcome="Passed" testListId="8c84fa94-04c1-424b-9868-57a2d4851a1d" relativeResultsDirectory="4cd2e118-6948-4374-ac5e-b86594f52205" />
    <UnitTestResult executionId="2b8cb9ea-e50b-4b9b-a90b-9ba90cbb64df" testId="6036f078-d960-40e4-fdc9-49e0aa32833e" testName="GetBytes_Throws_WhenTextNotValidByteAndHexSpecifier" computerName="TFSBUILD11" duration="00:00:00.0003242" startTime="2015-09-28T09:43:23.8899916-07:00" endTime="2015-09-28T09:43:23.8899916-07:00" testType="13cdc9d9-ddb5-4fa4-a97d-d965ccfc6d4b" outcome="Passed" testListId="8c84fa94-04c1-424b-9868-57a2d4851a1d" relativeResultsDirectory="2b8cb9ea-e50b-4b9b-a90b-9ba90cbb64df" />
    <UnitTestResult executionId="4bc34312-c6ba-448f-8376-aac6e81fb5ac" testId="3edfe0a7-bea1-5745-87da-80a68c002726" testName="GetBytes_ValidResult_WhenTextMultiByteNoHexSpecifier" computerName="TFSBUILD11" duration="00:00:00.0002653" startTime="2015-09-28T09:43:23.8899916-07:00" endTime="2015-09-28T09:43:23.8899916-07:00" testType="13cdc9d9-ddb5-4fa4-a97d-d965ccfc6d4b" outcome="Passed" testListId="8c84fa94-04c1-424b-9868-57a2d4851a1d" relativeResultsDirectory="4bc34312-c6ba-448f-8376-aac6e81fb5ac" />
    <UnitTestResult executionId="60dbeff0-fa08-4bc1-b7de-4cb872c96e31" testId="4f2b5c53-0260-c5cc-6347-bfc72c65e489" testName="GetBytes_ValidResult_WhenTextMultiByteHexSpecifier" computerName="TFSBUILD11" duration="00:00:00.0002602" startTime="2015-09-28T09:43:23.8899916-07:00" endTime="2015-09-28T09:43:23.8899916-07:00" testType="13cdc9d9-ddb5-4fa4-a97d-d965ccfc6d4b" outcome="Passed" testListId="8c84fa94-04c1-424b-9868-57a2d4851a1d" relativeResultsDirectory="60dbeff0-fa08-4bc1-b7de-4cb872c96e31" />
    <UnitTestResult executionId="01fd8318-6da3-42a2-98e2-982772a69436" testId="ad8d8720-4225-864c-c939-8c8f60caf241" testName="GetBytes_Throws_WhenTextNull" computerName="TFSBUILD11" duration="00:00:00.0003006" startTime="2015-09-28T09:43:23.8899916-07:00" endTime="2015-09-28T09:43:23.8899916-07:00" testType="13cdc9d9-ddb5-4fa4-a97d-d965ccfc6d4b" outcome="Passed" testListId="8c84fa94-04c1-424b-9868-57a2d4851a1d" relativeResultsDirectory="01fd8318-6da3-42a2-98e2-982772a69436" />
    <UnitTestResult executionId="9ef5ae33-fadb-4e1a-a0a8-f71e7d8c0662" testId="7dc7430b-ef0d-c12d-075e-ab2db850afbc" testName="GetString_Throws_WhenDataNull" computerName="TFSBUILD11" duration="00:00:00.0007799" startTime="2015-09-28T09:43:23.8899916-07:00" endTime="2015-09-28T09:43:23.9056166-07:00" testType="13cdc9d9-ddb5-4fa4-a97d-d965ccfc6d4b" outcome="Passed" testListId="8c84fa94-04c1-424b-9868-57a2d4851a1d" relativeResultsDirectory="9ef5ae33-fadb-4e1a-a0a8-f71e7d8c0662" />
    <UnitTestResult executionId="0ab8e506-b24b-4ace-a4b7-15adebed7530" testId="68813b84-9a41-c440-9faf-298c63e4ad96" testName="GetString_EmptyString_WhenDataEmptyAndNoHexSpecifier" computerName="TFSBUILD11" duration="00:00:00.0005438" startTime="2015-09-28T09:43:23.9056166-07:00" endTime="2015-09-28T09:43:23.9056166-07:00" testType="13cdc9d9-ddb5-4fa4-a97d-d965ccfc6d4b" outcome="Passed" testListId="8c84fa94-04c1-424b-9868-57a2d4851a1d" relativeResultsDirectory="0ab8e506-b24b-4ace-a4b7-15adebed7530" />
    <UnitTestResult executionId="48db2d92-3b4f-40be-90cd-1d6af6db78d2" testId="3a1b8728-2446-5115-8071-9c1cd8a2284e" testName="GetString_OnlyHexSpecifier_WhenDataEmptyAndHexSpecifier" computerName="TFSBUILD11" duration="00:00:00.0001368" startTime="2015-09-28T09:43:23.9056166-07:00" endTime="2015-09-28T09:43:23.9056166-07:00" testType="13cdc9d9-ddb5-4fa4-a97d-d965ccfc6d4b" outcome="Passed" testListId="8c84fa94-04c1-424b-9868-57a2d4851a1d" relativeResultsDirectory="48db2d92-3b4f-40be-90cd-1d6af6db78d2" />
    <UnitTestResult executionId="f24ada1a-2e1d-45f2-bfbe-d26a31b14a77" testId="7bdfffa9-fb25-b5be-a501-bcf524beb5f3" testName="GetString_ValidResultNoHexSpecifier_WhenDataSingleByteAndNoHexSpecifier" computerName="TFSBUILD11" duration="00:00:00.0001652" startTime="2015-09-28T09:43:23.9056166-07:00" endTime="2015-09-28T09:43:23.9056166-07:00" testType="13cdc9d9-ddb5-4fa4-a97d-d965ccfc6d4b" outcome="Passed" testListId="8c84fa94-04c1-424b-9868-57a2d4851a1d" relativeResultsDirectory="f24ada1a-2e1d-45f2-bfbe-d26a31b14a77" />
    <UnitTestResult executionId="626b2ec4-19d8-48ef-9dc6-750e915f31de" testId="19b6a5d3-7ebe-4fdc-de23-272f67e4945d" testName="GetString_ValidResultWithHexSpecifier_WhenDataSingleByteAndHexSpecifier" computerName="TFSBUILD11" duration="00:00:00.0001345" startTime="2015-09-28T09:43:23.9056166-07:00" endTime="2015-09-28T09:43:23.9056166-07:00" testType="13cdc9d9-ddb5-4fa4-a97d-d965ccfc6d4b" outcome="Passed" testListId="8c84fa94-04c1-424b-9868-57a2d4851a1d" relativeResultsDirectory="626b2ec4-19d8-48ef-9dc6-750e915f31de" />
    <UnitTestResult executionId="9ca3e1c5-18a3-4437-b82d-ddab15445703" testId="2bc69c65-afb7-3e37-ee9e-7629dfe0f35c" testName="GetString_ValidResultAndLowercase_WhenDataMultiByte" computerName="TFSBUILD11" duration="00:00:00.0001703" startTime="2015-09-28T09:43:23.9056166-07:00" endTime="2015-09-28T09:43:23.9056166-07:00" testType="13cdc9d9-ddb5-4fa4-a97d-d965ccfc6d4b" outcome="Passed" testListId="8c84fa94-04c1-424b-9868-57a2d4851a1d" relativeResultsDirectory="9ca3e1c5-18a3-4437-b82d-ddab15445703" />
    <UnitTestResult executionId="4a88d995-1399-4687-9caf-ea5045ca04d4" testId="6f3f5807-7942-9d8e-a372-0a2a769144de" testName="DependencyResolver_Add_FactoryArgumentNull_Throws" computerName="TFSBUILD11" duration="00:00:00.0027010" startTime="2015-09-28T09:43:23.9056166-07:00" endTime="2015-09-28T09:43:23.9056166-07:00" testType="13cdc9d9-ddb5-4fa4-a97d-d965ccfc6d4b" outcome="Passed" testListId="8c84fa94-04c1-424b-9868-57a2d4851a1d" relativeResultsDirectory="4a88d995-1399-4687-9caf-ea5045ca04d4" />
    <UnitTestResult executionId="434f1a80-033e-4700-a837-4026a063f285" testId="5fa61a1d-dac5-5b3d-9c38-5a3d2ea70d08" testName="DependencyResolver_Add_ResolverFactoryArgumentNull_Throws" computerName="TFSBUILD11" duration="00:00:00.0008234" startTime="2015-09-28T09:43:23.9056166-07:00" endTime="2015-09-28T09:43:23.9056166-07:00" testType="13cdc9d9-ddb5-4fa4-a97d-d965ccfc6d4b" outcome="Passed" testListId="8c84fa94-04c1-424b-9868-57a2d4851a1d" relativeResultsDirectory="434f1a80-033e-4700-a837-4026a063f285" />
    <UnitTestResult executionId="b25dd099-6733-471c-a5b4-f8d08d6e7323" testId="61dc380b-b28a-73a0-7175-90f56ae4096c" testName="DependencyResolver_Add_RequestContextResolverFactoryArgumentNull_Throws" computerName="TFSBUILD11" duration="00:00:00.0008362" startTime="2015-09-28T09:43:23.9056166-07:00" endTime="2015-09-28T09:43:23.9056166-07:00" testType="13cdc9d9-ddb5-4fa4-a97d-d965ccfc6d4b" outcome="Passed" testListId="8c84fa94-04c1-424b-9868-57a2d4851a1d" relativeResultsDirectory="b25dd099-6733-471c-a5b4-f8d08d6e7323" />
    <UnitTestResult executionId="041d23da-bf9e-4dc7-ae21-fd597fdeee24" testId="cde51cf6-3ee9-7868-ef1c-ee0fe7865498" testName="DependencyResolver_AddShared_ValueArgumentNull_Throws" computerName="TFSBUILD11" duration="00:00:00.0008049" startTime="2015-09-28T09:43:23.9056166-07:00" endTime="2015-09-28T09:43:23.9056166-07:00" testType="13cdc9d9-ddb5-4fa4-a97d-d965ccfc6d4b" outcome="Passed" testListId="8c84fa94-04c1-424b-9868-57a2d4851a1d" relativeResultsDirectory="041d23da-bf9e-4dc7-ae21-fd597fdeee24" />
    <UnitTestResult executionId="1af8d919-6e31-4d55-863f-e9a3e0c930a1" testId="8e0bf385-e0f9-e0c0-3221-3a9fe1446faf" testName="DependencyResolver_AddShared_FactoryArgumentNull_Throws" computerName="TFSBUILD11" duration="00:00:00.0008248" startTime="2015-09-28T09:43:23.9056166-07:00" endTime="2015-09-28T09:43:23.9056166-07:00" testType="13cdc9d9-ddb5-4fa4-a97d-d965ccfc6d4b" outcome="Passed" testListId="8c84fa94-04c1-424b-9868-57a2d4851a1d" relativeResultsDirectory="1af8d919-6e31-4d55-863f-e9a3e0c930a1" />
    <UnitTestResult executionId="c1d5c62d-e90b-4f85-b2f0-77735b114a3b" testId="3628a84e-271a-75e6-af50-246ee9bb99ca" testName="DependencyResolver_AddShared_ResolverFactoryArgumentNull_Throws" computerName="TFSBUILD11" duration="00:00:00.0008263" startTime="2015-09-28T09:43:23.9056166-07:00" endTime="2015-09-28T09:43:23.9056166-07:00" testType="13cdc9d9-ddb5-4fa4-a97d-d965ccfc6d4b" outcome="Passed" testListId="8c84fa94-04c1-424b-9868-57a2d4851a1d" relativeResultsDirectory="c1d5c62d-e90b-4f85-b2f0-77735b114a3b" />
    <UnitTestResult executionId="3e0e7997-9d97-4476-a45b-01585c5be45e" testId="570e4e66-816c-b9da-3516-abf31919df32" testName="DependencyResolver_AddShared_RequestContextResolverFactoryArgumentNull_Throws" computerName="TFSBUILD11" duration="00:00:00.0008319" startTime="2015-09-28T09:43:23.9056166-07:00" endTime="2015-09-28T09:43:23.9056166-07:00" testType="13cdc9d9-ddb5-4fa4-a97d-d965ccfc6d4b" outcome="Passed" testListId="8c84fa94-04c1-424b-9868-57a2d4851a1d" relativeResultsDirectory="3e0e7997-9d97-4476-a45b-01585c5be45e" />
    <UnitTestResult executionId="f05539c6-bc9d-49d5-a666-50e32e4b422f" testId="98352a9a-f8d0-c3af-2cc1-d1d8383df927" testName="DependencyResolver_Add_WhenDisposed_Throws" computerName="TFSBUILD11" duration="00:00:00.0015928" startTime="2015-09-28T09:43:23.9056166-07:00" endTime="2015-09-28T09:43:23.9056166-07:00" testType="13cdc9d9-ddb5-4fa4-a97d-d965ccfc6d4b" outcome="Passed" testListId="8c84fa94-04c1-424b-9868-57a2d4851a1d" relativeResultsDirectory="f05539c6-bc9d-49d5-a666-50e32e4b422f" />
    <UnitTestResult executionId="5c9b9f7d-9291-45f1-93e5-b8c3276ea45f" testId="d0faea5d-5ad5-1588-bacf-e5b0e3f67400" testName="DependencyResolver_GetExport_WhenDisposed_Throws" computerName="TFSBUILD11" duration="00:00:00.0006013" startTime="2015-09-28T09:43:23.9056166-07:00" endTime="2015-09-28T09:43:23.9056166-07:00" testType="13cdc9d9-ddb5-4fa4-a97d-d965ccfc6d4b" outcome="Passed" testListId="8c84fa94-04c1-424b-9868-57a2d4851a1d" relativeResultsDirectory="5c9b9f7d-9291-45f1-93e5-b8c3276ea45f" />
    <UnitTestResult executionId="479ade78-88c6-4937-8f3b-4d1757afda85" testId="0945dec6-2ed7-9f27-ddbd-9a3acb93b411" testName="DependencyResolver_AddSharedAndGetExport_Value_Flat" computerName="TFSBUILD11" duration="00:00:00.0029203" startTime="2015-09-28T09:43:23.9056166-07:00" endTime="2015-09-28T09:43:23.9212441-07:00" testType="13cdc9d9-ddb5-4fa4-a97d-d965ccfc6d4b" outcome="Passed" testListId="8c84fa94-04c1-424b-9868-57a2d4851a1d" relativeResultsDirectory="479ade78-88c6-4937-8f3b-4d1757afda85" />
    <UnitTestResult executionId="0cad1e9e-b6f2-482e-b1f2-f69774450d1d" testId="73d9e1f0-473b-de46-a355-b05eb38e1840" testName="DependencyResolver_AddSharedAndGetExport_Value_Nested_DefinedOnChildAndParent_PrefersChild" computerName="TFSBUILD11" duration="00:00:00.0005996" startTime="2015-09-28T09:43:23.9212441-07:00" endTime="2015-09-28T09:43:23.9212441-07:00" testType="13cdc9d9-ddb5-4fa4-a97d-d965ccfc6d4b" outcome="Passed" testListId="8c84fa94-04c1-424b-9868-57a2d4851a1d" relativeResultsDirectory="0cad1e9e-b6f2-482e-b1f2-f69774450d1d" />
    <UnitTestResult executionId="39401b4e-5203-4701-a8d3-88b768ba1a16" testId="fb2ba09a-b79e-b096-2acf-a0db9c573840" testName="DependencyResolver_AddSharedAndGetExport_Value_Nested_DefinedOnParent_PrefersParent" computerName="TFSBUILD11" duration="00:00:00.0002540" startTime="2015-09-28T09:43:23.9212441-07:00" endTime="2015-09-28T09:43:23.9212441-07:00" testType="13cdc9d9-ddb5-4fa4-a97d-d965ccfc6d4b" outcome="Passed" testListId="8c84fa94-04c1-424b-9868-57a2d4851a1d" relativeResultsDirectory="39401b4e-5203-4701-a8d3-88b768ba1a16" />
    <UnitTestResult executionId="1e45e675-47b5-40db-ac5e-78b253cc834c" testId="540e8f53-0764-e23f-4aec-07e67928cdd7" testName="DependencyResolver_AddSharedAndGetExport_Factory_Flat" computerName="TFSBUILD11" duration="00:00:00.0006254" startTime="2015-09-28T09:43:23.9212441-07:00" endTime="2015-09-28T09:43:23.9212441-07:00" testType="13cdc9d9-ddb5-4fa4-a97d-d965ccfc6d4b" outcome="Passed" testListId="8c84fa94-04c1-424b-9868-57a2d4851a1d" relativeResultsDirectory="1e45e675-47b5-40db-ac5e-78b253cc834c" />
    <UnitTestResult executionId="41e2d5f5-2ee9-4c67-a216-9ae3a682a74a" testId="731e876f-5016-78f3-4df5-be662a387910" testName="DependencyResolver_AddSharedAndGetExport_ResolverFactory_Flat" computerName="TFSBUILD11" duration="00:00:00.0007020" startTime="2015-09-28T09:43:23.9212441-07:00" endTime="2015-09-28T09:43:23.9212441-07:00" testType="13cdc9d9-ddb5-4fa4-a97d-d965ccfc6d4b" outcome="Passed" testListId="8c84fa94-04c1-424b-9868-57a2d4851a1d" relativeResultsDirectory="41e2d5f5-2ee9-4c67-a216-9ae3a682a74a" />
    <UnitTestResult executionId="22caa516-47f6-4046-bf77-a89e6781f1fd" testId="8c592956-8247-e5d4-f9cf-acdba39f06c9" testName="DependencyResolver_AddAndGetExport_UsingFactory_Flat" computerName="TFSBUILD11" duration="00:00:00.0007142" startTime="2015-09-28T09:43:23.9212441-07:00" endTime="2015-09-28T09:43:23.9212441-07:00" testType="13cdc9d9-ddb5-4fa4-a97d-d965ccfc6d4b" outcome="Passed" testListId="8c84fa94-04c1-424b-9868-57a2d4851a1d" relativeResultsDirectory="22caa516-47f6-4046-bf77-a89e6781f1fd" />
    <UnitTestResult executionId="ecf52f4f-4a94-41c8-a5e0-106cbea97692" testId="cb78649f-740c-2b55-6f6a-ae2b49eafd4b" testName="DependencyResolver_AddAndGetExport_UsingFactory_Nested_DefinedOnChildAndParent_PrefersChild" computerName="TFSBUILD11" duration="00:00:00.0005649" startTime="2015-09-28T09:43:23.9212441-07:00" endTime="2015-09-28T09:43:23.9212441-07:00" testType="13cdc9d9-ddb5-4fa4-a97d-d965ccfc6d4b" outcome="Passed" testListId="8c84fa94-04c1-424b-9868-57a2d4851a1d" relativeResultsDirectory="ecf52f4f-4a94-41c8-a5e0-106cbea97692" />
    <UnitTestResult executionId="d7495259-e864-4e12-b74c-1f573983921c" testId="00fbfce9-fe3c-b4ef-a293-0255e586d840" testName="DependencyResolver_AddAndGetExport_UsingFactory_Nested_DefinedOnParent_PrefersParent" computerName="TFSBUILD11" duration="00:00:00.0004602" startTime="2015-09-28T09:43:23.9212441-07:00" endTime="2015-09-28T09:43:23.9212441-07:00" testType="13cdc9d9-ddb5-4fa4-a97d-d965ccfc6d4b" outcome="Passed" testListId="8c84fa94-04c1-424b-9868-57a2d4851a1d" relativeResultsDirectory="d7495259-e864-4e12-b74c-1f573983921c" />
    <UnitTestResult executionId="8314d665-4226-4d24-b5f6-74a5c7acd89e" testId="a6862753-fc3f-6570-316e-c01787e7ff42" testName="DependencyResolver_AddAndGetExport_UsingResolverFactory_Flat" computerName="TFSBUILD11" duration="00:00:00.0007128" startTime="2015-09-28T09:43:23.9212441-07:00" endTime="2015-09-28T09:43:23.9212441-07:00" testType="13cdc9d9-ddb5-4fa4-a97d-d965ccfc6d4b" outcome="Passed" testListId="8c84fa94-04c1-424b-9868-57a2d4851a1d" relativeResultsDirectory="8314d665-4226-4d24-b5f6-74a5c7acd89e" />
    <UnitTestResult executionId="d44ea684-38c7-46bd-90e9-2e302f67a2ee" testId="da2dadda-8c94-ace5-b102-6cad0bffd4c0" testName="DependencyResolver_AddAndGetExport_UsingResolverFactory_Nested_DefinedOnChildAndParent_PrefersChild" computerName="TFSBUILD11" duration="00:00:00.0006812" startTime="2015-09-28T09:43:23.9212441-07:00" endTime="2015-09-28T09:43:23.9212441-07:00" testType="13cdc9d9-ddb5-4fa4-a97d-d965ccfc6d4b" outcome="Passed" testListId="8c84fa94-04c1-424b-9868-57a2d4851a1d" relativeResultsDirectory="d44ea684-38c7-46bd-90e9-2e302f67a2ee" />
    <UnitTestResult executionId="cff498f1-9f59-41ad-b6db-f186cb67aab7" testId="aebfdebf-4b01-14f0-f76a-cd9d0ea947fa" testName="DependencyResolver_AddAndGetExport_UsingResolverFactory_Nested_DefinedOnParent_PrefersPArent" computerName="TFSBUILD11" duration="00:00:00.0005489" startTime="2015-09-28T09:43:23.9212441-07:00" endTime="2015-09-28T09:43:23.9212441-07:00" testType="13cdc9d9-ddb5-4fa4-a97d-d965ccfc6d4b" outcome="Passed" testListId="8c84fa94-04c1-424b-9868-57a2d4851a1d" relativeResultsDirectory="cff498f1-9f59-41ad-b6db-f186cb67aab7" />
    <UnitTestResult executionId="2ecdfde3-1756-41ff-9b21-28b22cb05640" testId="be1218cd-9854-c280-8172-13fbb9843d4c" testName="DependencyResolver_AddFactoryAndGetExport_UsingResolverFactory_DisposesExportWhenResolverIsDisposed" computerName="TFSBUILD11" duration="00:00:00.0006112" startTime="2015-09-28T09:43:23.9212441-07:00" endTime="2015-09-28T09:43:23.9212441-07:00" testType="13cdc9d9-ddb5-4fa4-a97d-d965ccfc6d4b" outcome="Passed" testListId="8c84fa94-04c1-424b-9868-57a2d4851a1d" relativeResultsDirectory="2ecdfde3-1756-41ff-9b21-28b22cb05640" />
    <UnitTestResult executionId="def3b6e6-a80e-4f70-a88e-61346650cf39" testId="7fe2c8f9-8ada-e5b6-542c-1da6619ab2f0" testName="DependencyResolver_AddAndGetExport_UsingRequestContextResolverFactory_NoExportWhenRequestContextNotProvided" computerName="TFSBUILD11" duration="00:00:00.0009076" startTime="2015-09-28T09:43:23.9212441-07:00" endTime="2015-09-28T09:43:23.9212441-07:00" testType="13cdc9d9-ddb5-4fa4-a97d-d965ccfc6d4b" outcome="Passed" testListId="8c84fa94-04c1-424b-9868-57a2d4851a1d" relativeResultsDirectory="def3b6e6-a80e-4f70-a88e-61346650cf39" />
    <UnitTestResult executionId="ab078d13-64a9-46ff-905a-6cd336fd8820" testId="69d8f21e-c707-38b6-c6b4-e621cba659f2" testName="DependencyResolver_AddSharedAndGetExport_UsingRequestContextResolverFactory_NoExportWhenRequestContextNotProvided" computerName="TFSBUILD11" duration="00:00:00.0003342" startTime="2015-09-28T09:43:23.9212441-07:00" endTime="2015-09-28T09:43:23.9212441-07:00" testType="13cdc9d9-ddb5-4fa4-a97d-d965ccfc6d4b" outcome="Passed" testListId="8c84fa94-04c1-424b-9868-57a2d4851a1d" relativeResultsDirectory="ab078d13-64a9-46ff-905a-6cd336fd8820" />
    <UnitTestResult executionId="2eb81392-c217-4027-b36e-7d9b92393c0a" testId="7bafedfc-ab1b-9606-9633-67d2b1b138b0" testName="DependencyResolver_AddShared_Value_NoDuplicates_WhenExistingResolverDependency" computerName="TFSBUILD11" duration="00:00:00.0004579" startTime="2015-09-28T09:43:23.9212441-07:00" endTime="2015-09-28T09:43:23.9212441-07:00" testType="13cdc9d9-ddb5-4fa4-a97d-d965ccfc6d4b" outcome="Passed" testListId="8c84fa94-04c1-424b-9868-57a2d4851a1d" relativeResultsDirectory="2eb81392-c217-4027-b36e-7d9b92393c0a" />
    <UnitTestResult executionId="baabcbf2-c675-4a6b-9cfd-203db8de3704" testId="5e58a456-80b1-20fe-6cee-c8368e2372d2" testName="DependencyResolver_AddShared_Factory_NoDuplicates_WhenExistingResolverDependency" computerName="TFSBUILD11" duration="00:00:00.0005412" startTime="2015-09-28T09:43:23.9212441-07:00" endTime="2015-09-28T09:43:23.9212441-07:00" testType="13cdc9d9-ddb5-4fa4-a97d-d965ccfc6d4b" outcome="Passed" testListId="8c84fa94-04c1-424b-9868-57a2d4851a1d" relativeResultsDirectory="baabcbf2-c675-4a6b-9cfd-203db8de3704" />
    <UnitTestResult executionId="20901e23-2b54-40a5-8456-ff2cab1c63cd" testId="bea0b39d-d49e-7e68-f0ff-547a2a89a5d9" testName="DependencyResolver_AddShared_ResolverFactory_NoDuplicates_WhenExistingResolverDependency" computerName="TFSBUILD11" duration="00:00:00.0005455" startTime="2015-09-28T09:43:23.9212441-07:00" endTime="2015-09-28T09:43:23.9212441-07:00" testType="13cdc9d9-ddb5-4fa4-a97d-d965ccfc6d4b" outcome="Passed" testListId="8c84fa94-04c1-424b-9868-57a2d4851a1d" relativeResultsDirectory="20901e23-2b54-40a5-8456-ff2cab1c63cd" />
    <UnitTestResult executionId="e4978df4-3808-45e2-81a2-5499b2f0b500" testId="0490008a-ee87-9f5b-44ae-91b0feebc1b8" testName="DependencyResolver_AddShared_RequestContextResolverFactory_NoDuplicates_WhenExistingResolverDependency" computerName="TFSBUILD11" duration="00:00:00.0005512" startTime="2015-09-28T09:43:23.9212441-07:00" endTime="2015-09-28T09:43:23.9212441-07:00" testType="13cdc9d9-ddb5-4fa4-a97d-d965ccfc6d4b" outcome="Passed" testListId="8c84fa94-04c1-424b-9868-57a2d4851a1d" relativeResultsDirectory="e4978df4-3808-45e2-81a2-5499b2f0b500" />
    <UnitTestResult executionId="66d40fb8-020c-4d53-8f6d-dec3fd3c0f3d" testId="9c4315c2-38dc-19bd-d6aa-d9b9ad2f3205" testName="DependencyResolver_AddResolverFactory_NoDuplicates_WhenExistingResolverDependency" computerName="TFSBUILD11" duration="00:00:00.0008009" startTime="2015-09-28T09:43:23.9212441-07:00" endTime="2015-09-28T09:43:23.9212441-07:00" testType="13cdc9d9-ddb5-4fa4-a97d-d965ccfc6d4b" outcome="Passed" testListId="8c84fa94-04c1-424b-9868-57a2d4851a1d" relativeResultsDirectory="66d40fb8-020c-4d53-8f6d-dec3fd3c0f3d" />
    <UnitTestResult executionId="85bb2a7a-2029-4542-a76a-cd36ae0cdf24" testId="8858d918-b61c-3542-77ad-1afdadf15384" testName="DependencyResolver_AddRequestContextResolverFactory_NoDuplicates_WhenExistingResolverDependency" computerName="TFSBUILD11" duration="00:00:00.0009722" startTime="2015-09-28T09:43:23.9212441-07:00" endTime="2015-09-28T09:43:23.9368708-07:00" testType="13cdc9d9-ddb5-4fa4-a97d-d965ccfc6d4b" outcome="Passed" testListId="8c84fa94-04c1-424b-9868-57a2d4851a1d" relativeResultsDirectory="85bb2a7a-2029-4542-a76a-cd36ae0cdf24" />
    <UnitTestResult executionId="8fc9f3ea-f389-4ae7-9845-031e883dee31" testId="9d7aa59e-e2fa-6938-2809-c6a9b0c01197" testName="DependencyResolver_AddSharedValue_NoDuplicates_WhenExistingRequestContextResolverDependency" computerName="TFSBUILD11" duration="00:00:00.0005174" startTime="2015-09-28T09:43:23.9368708-07:00" endTime="2015-09-28T09:43:23.9368708-07:00" testType="13cdc9d9-ddb5-4fa4-a97d-d965ccfc6d4b" outcome="Passed" testListId="8c84fa94-04c1-424b-9868-57a2d4851a1d" relativeResultsDirectory="8fc9f3ea-f389-4ae7-9845-031e883dee31" />
    <UnitTestResult executionId="9d59f0f6-b9d6-4d5a-b5bc-773b8b918fbc" testId="c3c732ff-60df-5629-9772-47eb95e71ecc" testName="DependencyResolver_AddSharedFactory_NoDuplicates_WhenExistingRequestContextResolverDependency" computerName="TFSBUILD11" duration="00:00:00.0006465" startTime="2015-09-28T09:43:23.9368708-07:00" endTime="2015-09-28T09:43:23.9368708-07:00" testType="13cdc9d9-ddb5-4fa4-a97d-d965ccfc6d4b" outcome="Passed" testListId="8c84fa94-04c1-424b-9868-57a2d4851a1d" relativeResultsDirectory="9d59f0f6-b9d6-4d5a-b5bc-773b8b918fbc" />
    <UnitTestResult executionId="b80a671c-768a-4bd9-b556-51d79159d160" testId="469679f0-e88c-1cbd-731f-47f18a80c750" testName="DependencyResolver_AddResolverFactory_NoDuplicates_WhenExistingRequestContextResolverDependency" computerName="TFSBUILD11" duration="00:00:00.0006872" startTime="2015-09-28T09:43:23.9368708-07:00" endTime="2015-09-28T09:43:23.9368708-07:00" testType="13cdc9d9-ddb5-4fa4-a97d-d965ccfc6d4b" outcome="Passed" testListId="8c84fa94-04c1-424b-9868-57a2d4851a1d" relativeResultsDirectory="b80a671c-768a-4bd9-b556-51d79159d160" />
    <UnitTestResult executionId="100f2ebb-91fc-44ca-8798-b58d0c66c8fc" testId="c19325b8-b02c-5a39-4969-5a854ddefe45" testName="DependencyResolver_AddRequestContextResolverFactory_NoDuplicates_WhenExistingRequestContextResolverDependency" computerName="TFSBUILD11" duration="00:00:00.0007096" startTime="2015-09-28T09:43:23.9368708-07:00" endTime="2015-09-28T09:43:23.9368708-07:00" testType="13cdc9d9-ddb5-4fa4-a97d-d965ccfc6d4b" outcome="Passed" testListId="8c84fa94-04c1-424b-9868-57a2d4851a1d" relativeResultsDirectory="100f2ebb-91fc-44ca-8798-b58d0c66c8fc" />
    <UnitTestResult executionId="4068f33f-9281-49fb-98c1-d8fb457e44c3" testId="37d81fe1-efc5-7670-49df-0802d18095a9" testName="SignedInController_SignedIn_EndToEnd" computerName="TFSBUILD11" duration="00:00:00.6559844" startTime="2015-09-28T09:43:23.9368708-07:00" endTime="2015-09-28T09:43:24.5931663-07:00" testType="13cdc9d9-ddb5-4fa4-a97d-d965ccfc6d4b" outcome="Passed" testListId="8c84fa94-04c1-424b-9868-57a2d4851a1d" relativeResultsDirectory="4068f33f-9281-49fb-98c1-d8fb457e44c3" />
    <UnitTestResult executionId="1a267b38-eb3d-4d7b-86af-b149ee4e4586" testId="08cdef4f-d0e3-c30e-cc92-9fc970b263ed" testName="SignedInController_SignedIn_WhenAllParametersMissing" computerName="TFSBUILD11" duration="00:00:00.0085907" startTime="2015-09-28T09:43:24.5931663-07:00" endTime="2015-09-28T09:43:24.5931663-07:00" testType="13cdc9d9-ddb5-4fa4-a97d-d965ccfc6d4b" outcome="Passed" testListId="8c84fa94-04c1-424b-9868-57a2d4851a1d" relativeResultsDirectory="1a267b38-eb3d-4d7b-86af-b149ee4e4586" />
    <UnitTestResult executionId="3cc24c03-bdd3-46d5-8106-bc0d214e4569" testId="3daeb082-5553-0737-9f8a-e88498b14d08" testName="SignedInController_SignedIn_WhenInvalidReplyTo" computerName="TFSBUILD11" duration="00:00:00.0068405" startTime="2015-09-28T09:43:24.5931663-07:00" endTime="2015-09-28T09:43:24.6087930-07:00" testType="13cdc9d9-ddb5-4fa4-a97d-d965ccfc6d4b" outcome="Passed" testListId="8c84fa94-04c1-424b-9868-57a2d4851a1d" relativeResultsDirectory="3cc24c03-bdd3-46d5-8106-bc0d214e4569" />
    <UnitTestResult executionId="5b2cf9c3-9eac-4cbb-b677-cdb802c05770" testId="6274b27a-d3ea-82e6-d186-2549aee19785" testName="SignedInController_SignedIn_WhenInvalidProtocol" computerName="TFSBUILD11" duration="00:00:00.0068169" startTime="2015-09-28T09:43:24.6087930-07:00" endTime="2015-09-28T09:43:24.6087930-07:00" testType="13cdc9d9-ddb5-4fa4-a97d-d965ccfc6d4b" outcome="Passed" testListId="8c84fa94-04c1-424b-9868-57a2d4851a1d" relativeResultsDirectory="5b2cf9c3-9eac-4cbb-b677-cdb802c05770" />
    <UnitTestResult executionId="89d900ce-fb2a-4b63-b41f-d9f6c3032e14" testId="b753e39c-0657-a23a-9e84-0aa8ecdccbf4" testName="SignedInController_SignedIn_WhenUnregisteredReplyTo" computerName="TFSBUILD11" duration="00:00:00.0102240" startTime="2015-09-28T09:43:24.6087930-07:00" endTime="2015-09-28T09:43:24.6244188-07:00" testType="13cdc9d9-ddb5-4fa4-a97d-d965ccfc6d4b" outcome="Passed" testListId="8c84fa94-04c1-424b-9868-57a2d4851a1d" relativeResultsDirectory="89d900ce-fb2a-4b63-b41f-d9f6c3032e14" />
    <UnitTestResult executionId="275e589e-af19-4748-b53e-4a2d34195503" testId="29f28b1a-273c-d465-5d1f-cd256c41f723" testName="SignedInController_SignedIn_WhenRegisteredReplyTo" computerName="TFSBUILD11" duration="00:00:00.0137414" startTime="2015-09-28T09:43:24.6244188-07:00" endTime="2015-09-28T09:43:24.6400449-07:00" testType="13cdc9d9-ddb5-4fa4-a97d-d965ccfc6d4b" outcome="Passed" testListId="8c84fa94-04c1-424b-9868-57a2d4851a1d" relativeResultsDirectory="275e589e-af19-4748-b53e-4a2d34195503" />
    <UnitTestResult executionId="cff110cb-c98e-4c1c-95af-b461da435d20" testId="f0b5aa87-9abe-0741-4d8f-5b524d5b54de" testName="SignedInController_SignedIn_WhenRegisteredSubdomainReplyTo" computerName="TFSBUILD11" startTime="2015-09-28T09:43:24.6400449-07:00" endTime="2015-09-28T09:43:24.6400449-07:00" testType="13cdc9d9-ddb5-4fa4-a97d-d965ccfc6d4b" outcome="NotExecuted" testListId="8c84fa94-04c1-424b-9868-57a2d4851a1d" relativeResultsDirectory="cff110cb-c98e-4c1c-95af-b461da435d20" />
    <UnitTestResult executionId="24f8ca9f-28b9-4fb9-8b31-dd834f5e4cde" testId="32503eae-1129-dc33-b64b-6a7761941393" testName="SignedInController_SignedIn_WhenSameDomainReplyTo" computerName="TFSBUILD11" duration="00:00:00.0114918" startTime="2015-09-28T09:43:24.6400449-07:00" endTime="2015-09-28T09:43:24.6400449-07:00" testType="13cdc9d9-ddb5-4fa4-a97d-d965ccfc6d4b" outcome="Passed" testListId="8c84fa94-04c1-424b-9868-57a2d4851a1d" relativeResultsDirectory="24f8ca9f-28b9-4fb9-8b31-dd834f5e4cde" />
    <UnitTestResult executionId="97651152-7a59-4638-923b-bf95e54913d5" testId="ff033488-c500-d626-f27e-0f364447b7ce" testName="SignedInController_SignedIn_WhenSameRealmReplyTo" computerName="TFSBUILD11" duration="00:00:00.0113003" startTime="2015-09-28T09:43:24.6556716-07:00" endTime="2015-09-28T09:43:24.6556716-07:00" testType="13cdc9d9-ddb5-4fa4-a97d-d965ccfc6d4b" outcome="Passed" testListId="8c84fa94-04c1-424b-9868-57a2d4851a1d" relativeResultsDirectory="97651152-7a59-4638-923b-bf95e54913d5" />
    <UnitTestResult executionId="fd4f7621-b20c-43ff-b794-ce8b449afad6" testId="f2ae776c-df8a-05a0-9327-e9698e833bc2" testName="SignedInController_SignedIn_WhenDifferentRealmReplyTo" computerName="TFSBUILD11" duration="00:00:00.0222076" startTime="2015-09-28T09:43:24.6556716-07:00" endTime="2015-09-28T09:43:24.6869232-07:00" testType="13cdc9d9-ddb5-4fa4-a97d-d965ccfc6d4b" outcome="Passed" testListId="8c84fa94-04c1-424b-9868-57a2d4851a1d" relativeResultsDirectory="fd4f7621-b20c-43ff-b794-ce8b449afad6" />
    <UnitTestResult executionId="dd9f8c01-1590-49f7-a11a-b60eef0e8c3d" testId="a571d5fb-cce4-792e-7478-be4340c893bd" testName="SignedInController_SignedIn_WhenSameRealmReplyToPortDifferent" computerName="TFSBUILD11" duration="00:00:00.0113968" startTime="2015-09-28T09:43:24.6869232-07:00" endTime="2015-09-28T09:43:24.6869232-07:00" testType="13cdc9d9-ddb5-4fa4-a97d-d965ccfc6d4b" outcome="Passed" testListId="8c84fa94-04c1-424b-9868-57a2d4851a1d" relativeResultsDirectory="dd9f8c01-1590-49f7-a11a-b60eef0e8c3d" />
    <UnitTestResult executionId="84adf492-f853-49b9-bd48-733af690ead2" testId="189957b7-0984-458e-1b40-fe7d8e307b6d" testName="SignedInController_SignedIn_WhenDifferentRealmReplyToPortDifferent" computerName="TFSBUILD11" duration="00:00:00.0140722" startTime="2015-09-28T09:43:24.6869232-07:00" endTime="2015-09-28T09:43:24.7025491-07:00" testType="13cdc9d9-ddb5-4fa4-a97d-d965ccfc6d4b" outcome="Passed" testListId="8c84fa94-04c1-424b-9868-57a2d4851a1d" relativeResultsDirectory="84adf492-f853-49b9-bd48-733af690ead2" />
    <UnitTestResult executionId="f7a69da9-4909-4da4-9bb1-5954636eeaea" testId="1dd788a2-bc7d-e150-0830-ad4cbcf24035" testName="SignedInController_SignedIn_WhenInvalidRealmSameDomainReplyTo" computerName="TFSBUILD11" duration="00:00:00.0096011" startTime="2015-09-28T09:43:24.7025491-07:00" endTime="2015-09-28T09:43:24.7181758-07:00" testType="13cdc9d9-ddb5-4fa4-a97d-d965ccfc6d4b" outcome="Passed" testListId="8c84fa94-04c1-424b-9868-57a2d4851a1d" relativeResultsDirectory="f7a69da9-4909-4da4-9bb1-5954636eeaea" />
    <UnitTestResult executionId="2a586e23-5a27-4082-858e-c752b7be6ef0" testId="1244a623-9c7c-9a17-5151-3781d2444ff8" testName="SignedInController_SignedIn_WhenInvalidRealmUnregisteredReplyTo" computerName="TFSBUILD11" duration="00:00:00.0097854" startTime="2015-09-28T09:43:24.7181758-07:00" endTime="2015-09-28T09:43:24.7338013-07:00" testType="13cdc9d9-ddb5-4fa4-a97d-d965ccfc6d4b" outcome="Passed" testListId="8c84fa94-04c1-424b-9868-57a2d4851a1d" relativeResultsDirectory="2a586e23-5a27-4082-858e-c752b7be6ef0" />
    <UnitTestResult executionId="e7c7dd39-5277-4927-900b-6da7b6041d79" testId="49e425fa-6abc-3dce-b180-d76e3ef6c937" testName="SignedInController_SignedIn_WhenStaticRealmRegisteredReplyTo" computerName="TFSBUILD11" duration="00:00:00.0153195" startTime="2015-09-28T09:43:24.7338013-07:00" endTime="2015-09-28T09:43:24.7494274-07:00" testType="13cdc9d9-ddb5-4fa4-a97d-d965ccfc6d4b" outcome="Passed" testListId="8c84fa94-04c1-424b-9868-57a2d4851a1d" relativeResultsDirectory="e7c7dd39-5277-4927-900b-6da7b6041d79" />
    <UnitTestResult executionId="687b327d-ba71-4956-9239-6ea8bc01251d" testId="b390f492-62b3-7b2d-b556-4c030282d10a" testName="SignedInController_SignedIn_WhenRegisteredRealmAndReplyToDoNotMatchUrlAndRealmIsNotDomain" computerName="TFSBUILD11" duration="00:00:00.0338684" startTime="2015-09-28T09:43:24.7494274-07:00" endTime="2015-09-28T09:43:24.7806796-07:00" testType="13cdc9d9-ddb5-4fa4-a97d-d965ccfc6d4b" outcome="Passed" testListId="8c84fa94-04c1-424b-9868-57a2d4851a1d" relativeResultsDirectory="687b327d-ba71-4956-9239-6ea8bc01251d" />
    <UnitTestResult executionId="93767906-8c26-43c9-89f0-c3cb11d53071" testId="b12ee9b2-11a0-7822-2599-856e563480b2" testName="SignedInController_SignedIn_WhenStaticAbsoluteRealmRegisteredReplyTo" computerName="TFSBUILD11" duration="00:00:00.0104828" startTime="2015-09-28T09:43:24.7806796-07:00" endTime="2015-09-28T09:43:24.7806796-07:00" testType="13cdc9d9-ddb5-4fa4-a97d-d965ccfc6d4b" outcome="Passed" testListId="8c84fa94-04c1-424b-9868-57a2d4851a1d" relativeResultsDirectory="93767906-8c26-43c9-89f0-c3cb11d53071" />
    <UnitTestResult executionId="45f62d86-1611-4b76-b51f-e1b03d89c484" testId="b221170f-16b9-857e-148c-6f4d65e8e2de" testName="SignedInController_SignedIn_WhenRealmFrameworkDeploymentHost" computerName="TFSBUILD11" duration="00:00:00.0115524" startTime="2015-09-28T09:43:24.7806796-07:00" endTime="2015-09-28T09:43:24.7963060-07:00" testType="13cdc9d9-ddb5-4fa4-a97d-d965ccfc6d4b" outcome="Passed" testListId="8c84fa94-04c1-424b-9868-57a2d4851a1d" relativeResultsDirectory="45f62d86-1611-4b76-b51f-e1b03d89c484" />
    <UnitTestResult executionId="c378d5d2-fa7f-4636-990e-257df51a59b5" testId="28e6d59d-d4ce-7a2a-f042-f7580c3c221d" testName="SignedInController_SignedIn_WhenStaticRealmUnregisteredReplyTo" computerName="TFSBUILD11" duration="00:00:00.0096176" startTime="2015-09-28T09:43:24.7963060-07:00" endTime="2015-09-28T09:43:24.8119321-07:00" testType="13cdc9d9-ddb5-4fa4-a97d-d965ccfc6d4b" outcome="Passed" testListId="8c84fa94-04c1-424b-9868-57a2d4851a1d" relativeResultsDirectory="c378d5d2-fa7f-4636-990e-257df51a59b5" />
    <UnitTestResult executionId="5fd5efb9-f202-4b2b-95fc-9c2290a25a44" testId="33dc12a5-7346-430d-77f8-b031b028f597" testName="GetToken_should_throw_argument_null_when_resource_is_null" computerName="TFSBUILD11" duration="00:00:00.0334133" startTime="2015-09-28T09:43:24.8119321-07:00" endTime="2015-09-28T09:43:24.8431844-07:00" testType="13cdc9d9-ddb5-4fa4-a97d-d965ccfc6d4b" outcome="Passed" testListId="8c84fa94-04c1-424b-9868-57a2d4851a1d" relativeResultsDirectory="5fd5efb9-f202-4b2b-95fc-9c2290a25a44" />
    <UnitTestResult executionId="b2857acb-ed3a-4037-b756-161ece6b290b" testId="6074498b-e339-0194-72ee-7fb982ea5226" testName="GetToken_should_throw_argument_null_when_tenant_is_null" computerName="TFSBUILD11" duration="00:00:00.0005256" startTime="2015-09-28T09:43:24.8431844-07:00" endTime="2015-09-28T09:43:24.8588099-07:00" testType="13cdc9d9-ddb5-4fa4-a97d-d965ccfc6d4b" outcome="Passed" testListId="8c84fa94-04c1-424b-9868-57a2d4851a1d" relativeResultsDirectory="b2857acb-ed3a-4037-b756-161ece6b290b" />
    <UnitTestResult executionId="4dd079eb-9ca2-4ce6-84fd-a02f3db12b84" testId="ed4931f0-33da-43f1-b1af-3601afe434eb" testName="GetToken_should_throw_identity_not_found_when_identity_is_not_a_proper_formatted_identity_descriptor" computerName="TFSBUILD11" duration="00:00:00.0390268" startTime="2015-09-28T09:43:24.8588099-07:00" endTime="2015-09-28T09:43:24.8900630-07:00" testType="13cdc9d9-ddb5-4fa4-a97d-d965ccfc6d4b" outcome="Passed" testListId="8c84fa94-04c1-424b-9868-57a2d4851a1d" relativeResultsDirectory="4dd079eb-9ca2-4ce6-84fd-a02f3db12b84" />
    <UnitTestResult executionId="3feb04de-cea8-476a-97bf-72e87f13a13e" testId="3d539131-c4d8-1c6a-9044-599bba1d3fc8" testName="GetToken_should_get_token_for_identity_when_authenticated_identity_is_same" computerName="TFSBUILD11" startTime="2015-09-28T09:43:24.8900630-07:00" endTime="2015-09-28T09:43:24.8900630-07:00" testType="13cdc9d9-ddb5-4fa4-a97d-d965ccfc6d4b" outcome="NotExecuted" testListId="8c84fa94-04c1-424b-9868-57a2d4851a1d" relativeResultsDirectory="3feb04de-cea8-476a-97bf-72e87f13a13e" />
    <UnitTestResult executionId="9ee8ff3d-7c2f-4ac7-91be-0242b001ca41" testId="10c7775d-ecfe-dc35-d46e-54024de43ca1" testName="GetToken_should_get_token_for_identity_when_authenticated_identity_is_service_identity" computerName="TFSBUILD11" startTime="2015-09-28T09:43:24.8900630-07:00" endTime="2015-09-28T09:43:24.8900630-07:00" testType="13cdc9d9-ddb5-4fa4-a97d-d965ccfc6d4b" outcome="NotExecuted" testListId="8c84fa94-04c1-424b-9868-57a2d4851a1d" relativeResultsDirectory="9ee8ff3d-7c2f-4ac7-91be-0242b001ca41" />
    <UnitTestResult executionId="5bcc33b8-7b77-4d2d-993f-fd721171b372" testId="2f46fa70-e942-3ad9-5854-3d75a21e393d" testName="GetToken_should_throw_aad_authorization_exception_when_identity_is_not_same_as_authenticated_identity_and_not_service_identity" computerName="TFSBUILD11" startTime="2015-09-28T09:43:24.8900630-07:00" endTime="2015-09-28T09:43:24.8900630-07:00" testType="13cdc9d9-ddb5-4fa4-a97d-d965ccfc6d4b" outcome="NotExecuted" testListId="8c84fa94-04c1-424b-9868-57a2d4851a1d" relativeResultsDirectory="5bcc33b8-7b77-4d2d-993f-fd721171b372" />
    <UnitTestResult executionId="42d275bd-5a81-404d-89e5-cf3ddc9e2f53" testId="967993f8-0818-69a5-2c90-8f4585611086" testName="GetToken_should_get_token_for_identity_when_identity_is_not_same_as_authenticated_identity_and_context_is_system_context" computerName="TFSBUILD11" startTime="2015-09-28T09:43:24.8900630-07:00" endTime="2015-09-28T09:43:24.8900630-07:00" testType="13cdc9d9-ddb5-4fa4-a97d-d965ccfc6d4b" outcome="NotExecuted" testListId="8c84fa94-04c1-424b-9868-57a2d4851a1d" relativeResultsDirectory="42d275bd-5a81-404d-89e5-cf3ddc9e2f53" />
    <UnitTestResult executionId="d506972d-d89c-43f0-b337-f72b11867903" testId="b3312b7f-8941-7a14-8479-fe037719319c" testName="AadAppTokensController_GetToken_should_throw_argument_null_when_resource_is_null" computerName="TFSBUILD11" duration="00:00:00.0010259" startTime="2015-09-28T09:43:24.8900630-07:00" endTime="2015-09-28T09:43:24.9213146-07:00" testType="13cdc9d9-ddb5-4fa4-a97d-d965ccfc6d4b" outcome="Passed" testListId="8c84fa94-04c1-424b-9868-57a2d4851a1d" relativeResultsDirectory="d506972d-d89c-43f0-b337-f72b11867903" />
    <UnitTestResult executionId="29efc218-7faa-413c-96d7-c89010f3f7e0" testId="9d6e5d24-0633-6df7-b975-b6e90aea9feb" testName="AadAppTokensController_GetToken_should_throw_argument_null_when_tenant_is_null" computerName="TFSBUILD11" duration="00:00:00.0004514" startTime="2015-09-28T09:43:24.9213146-07:00" endTime="2015-09-28T09:43:24.9213146-07:00" testType="13cdc9d9-ddb5-4fa4-a97d-d965ccfc6d4b" outcome="Passed" testListId="8c84fa94-04c1-424b-9868-57a2d4851a1d" relativeResultsDirectory="29efc218-7faa-413c-96d7-c89010f3f7e0" />
    <UnitTestResult executionId="4cfe91a0-9ead-4092-b208-6f75b2fd28b8" testId="301dabde-4e4e-73e4-e0d5-a9b3531a1bc8" testName="AadAppTokensController_GetToken_should_throw_aad_authorization_exception_when_authenticated_identity_is_not_a_service_identity" computerName="TFSBUILD11" startTime="2015-09-28T09:43:24.9213146-07:00" endTime="2015-09-28T09:43:24.9213146-07:00" testType="13cdc9d9-ddb5-4fa4-a97d-d965ccfc6d4b" outcome="NotExecuted" testListId="8c84fa94-04c1-424b-9868-57a2d4851a1d" relativeResultsDirectory="4cfe91a0-9ead-4092-b208-6f75b2fd28b8" />
    <UnitTestResult executionId="42c26df8-851b-41b2-bf14-5f8414b07817" testId="5d2dede4-5392-01de-b3f3-d2d5755e79a7" testName="AadAppTokensController_GetToken_should_return_token_from_service" computerName="TFSBUILD11" startTime="2015-09-28T09:43:24.9369405-07:00" endTime="2015-09-28T09:43:24.9369405-07:00" testType="13cdc9d9-ddb5-4fa4-a97d-d965ccfc6d4b" outcome="NotExecuted" testListId="8c84fa94-04c1-424b-9868-57a2d4851a1d" relativeResultsDirectory="42c26df8-851b-41b2-bf14-5f8414b07817" />
    <UnitTestResult executionId="bd496de5-d856-409f-adcc-33be254c4591" testId="790fead9-10d2-0a8b-4381-89d7260a4f7f" testName="PlatformAadTokenService_GetUserAccessToken_should_throw_argument_null_when_request_context_is_null" computerName="TFSBUILD11" duration="00:00:00.0036118" startTime="2015-09-28T09:43:24.9369405-07:00" endTime="2015-09-28T09:43:25.0463229-07:00" testType="13cdc9d9-ddb5-4fa4-a97d-d965ccfc6d4b" outcome="Passed" testListId="8c84fa94-04c1-424b-9868-57a2d4851a1d" relativeResultsDirectory="bd496de5-d856-409f-adcc-33be254c4591" />
    <UnitTestResult executionId="bf4df7d4-12b9-4d6c-bbe3-4ae8bf9ee4cf" testId="1369e95c-56e9-ce6b-78bd-c88ec67c9f07" testName="PlatformAadTokenService_GetUserAcessToken_should_throw_argument_null_when_resource_is_null" computerName="TFSBUILD11" duration="00:00:00.0013266" startTime="2015-09-28T09:43:25.0463229-07:00" endTime="2015-09-28T09:43:25.0932016-07:00" testType="13cdc9d9-ddb5-4fa4-a97d-d965ccfc6d4b" outcome="Passed" testListId="8c84fa94-04c1-424b-9868-57a2d4851a1d" relativeResultsDirectory="bf4df7d4-12b9-4d6c-bbe3-4ae8bf9ee4cf" />
    <UnitTestResult executionId="bf72f1f8-b008-442a-9d6e-768862778f5c" testId="3ed62b85-f0b3-8566-fcfb-5c4e418291f3" testName="PlatformAadTokenService_GetUserAccessToken_should_throw_argument_null_when_tenantid_is_null" computerName="TFSBUILD11" duration="00:00:00.0006374" startTime="2015-09-28T09:43:25.0932016-07:00" endTime="2015-09-28T09:43:25.1400802-07:00" testType="13cdc9d9-ddb5-4fa4-a97d-d965ccfc6d4b" outcome="Passed" testListId="8c84fa94-04c1-424b-9868-57a2d4851a1d" relativeResultsDirectory="bf72f1f8-b008-442a-9d6e-768862778f5c" />
    <UnitTestResult executionId="e8f071c2-eef8-4741-b2ab-0f1ee1036c87" testId="78ce4532-2f88-3a1e-baca-03ef0a658047" testName="PlatformAadTokenService_GetUserAccessToken_should_throw_argument_null_when_identity_descriptor_is_null" computerName="TFSBUILD11" duration="00:00:00.0006220" startTime="2015-09-28T09:43:25.1400802-07:00" endTime="2015-09-28T09:43:25.1869582-07:00" testType="13cdc9d9-ddb5-4fa4-a97d-d965ccfc6d4b" outcome="Passed" testListId="8c84fa94-04c1-424b-9868-57a2d4851a1d" relativeResultsDirectory="e8f071c2-eef8-4741-b2ab-0f1ee1036c87" />
    <UnitTestResult executionId="fe7d5727-86d1-4777-99ec-b80fd557435d" testId="a187ad33-2a83-eb7f-a64d-668854bc6714" testName="PlatformAadTokenService_GetUserAccessToken_should_throw_unexpected_host_exception_when_host_type_is_not_deployment" computerName="TFSBUILD11" duration="00:00:00.0051410" startTime="2015-09-28T09:43:25.1869582-07:00" endTime="2015-09-28T09:43:25.2338371-07:00" testType="13cdc9d9-ddb5-4fa4-a97d-d965ccfc6d4b" outcome="Passed" testListId="8c84fa94-04c1-424b-9868-57a2d4851a1d" relativeResultsDirectory="fe7d5727-86d1-4777-99ec-b80fd557435d" />
    <UnitTestResult executionId="289ef673-8f32-4052-8c24-a9813db94347" testId="343eb880-2f91-ae47-834e-4e056ac3c7d3" testName="PlatformAadTokenService_GetUserAccessToken_should_throw_identity_not_found_when_identity_could_not_be_resolved" computerName="TFSBUILD11" duration="00:00:00.0826966" startTime="2015-09-28T09:43:25.2338371-07:00" endTime="2015-09-28T09:43:25.3744713-07:00" testType="13cdc9d9-ddb5-4fa4-a97d-d965ccfc6d4b" outcome="Passed" testListId="8c84fa94-04c1-424b-9868-57a2d4851a1d" relativeResultsDirectory="289ef673-8f32-4052-8c24-a9813db94347" />
    <UnitTestResult executionId="cb244a35-5896-4022-975c-6f72c96ab79e" testId="9a068acc-c349-e057-ad79-898e29f6e099" testName="PlatformAadTokenService_GetUserAccessToken_should_throw_aad_credentials_not_found_when_identity_refresh_token_was_not_found" computerName="TFSBUILD11" duration="00:00:00.0029872" startTime="2015-09-28T09:43:25.3744713-07:00" endTime="2015-09-28T09:43:25.4057235-07:00" testType="13cdc9d9-ddb5-4fa4-a97d-d965ccfc6d4b" outcome="Passed" testListId="8c84fa94-04c1-424b-9868-57a2d4851a1d" relativeResultsDirectory="cb244a35-5896-4022-975c-6f72c96ab79e" />
    <UnitTestResult executionId="3beca956-1408-488c-8620-2745287bd701" testId="0e1c518a-7c77-fcbc-9421-9007209596f4" testName="PlatformAadTokenService_GetUserAccessToken_should_throw_aad_access_exception_when_acquire_token_result_is_null" computerName="TFSBUILD11" duration="00:00:00.0639438" startTime="2015-09-28T09:43:25.4057235-07:00" endTime="2015-09-28T09:43:25.5151066-07:00" testType="13cdc9d9-ddb5-4fa4-a97d-d965ccfc6d4b" outcome="Passed" testListId="8c84fa94-04c1-424b-9868-57a2d4851a1d" relativeResultsDirectory="3beca956-1408-488c-8620-2745287bd701" />
    <UnitTestResult executionId="f627a30f-8f69-46c4-a8bd-3424ca3b645e" testId="a64ddfd1-c334-c487-2919-e13107d5cac1" testName="PlatformAadTokenService_GetUserAccessToken_should_throw_aad_access_exception_when_acquire_token_result_access_token_is_null" computerName="TFSBUILD11" duration="00:00:00.0016301" startTime="2015-09-28T09:43:25.5151066-07:00" endTime="2015-09-28T09:43:25.5619849-07:00" testType="13cdc9d9-ddb5-4fa4-a97d-d965ccfc6d4b" outcome="Passed" testListId="8c84fa94-04c1-424b-9868-57a2d4851a1d" relativeResultsDirectory="f627a30f-8f69-46c4-a8bd-3424ca3b645e" />
    <UnitTestResult executionId="3c1fcbc4-c72a-46c0-8383-862357f53c12" testId="398c2c16-a26d-e26a-6a2f-b5f4172e6801" testName="PlatformAadTokenService_GetUserAccessToken_should_return_access_token_from_authentication_result" computerName="TFSBUILD11" duration="00:00:00.0354610" startTime="2015-09-28T09:43:25.5619849-07:00" endTime="2015-09-28T09:43:25.6401152-07:00" testType="13cdc9d9-ddb5-4fa4-a97d-d965ccfc6d4b" outcome="Passed" testListId="8c84fa94-04c1-424b-9868-57a2d4851a1d" relativeResultsDirectory="3c1fcbc4-c72a-46c0-8383-862357f53c12" />
    <UnitTestResult executionId="90e78d1f-ab87-4ed9-b491-9bae8a0410a3" testId="430d6cd2-9f88-ad23-6807-3851ab3027e4" testName="PlatformAadTokenService_GetUserAccessToken_should_not_attempt_to_update_refresh_token_when_acquire_token_result_does_not_have_a_refresh_token" computerName="TFSBUILD11" duration="00:00:00.0118667" startTime="2015-09-28T09:43:25.6401152-07:00" endTime="2015-09-28T09:43:25.6869935-07:00" testType="13cdc9d9-ddb5-4fa4-a97d-d965ccfc6d4b" outcome="Passed" testListId="8c84fa94-04c1-424b-9868-57a2d4851a1d" relativeResultsDirectory="90e78d1f-ab87-4ed9-b491-9bae8a0410a3" />
    <UnitTestResult executionId="6e95a4a5-27ba-472d-a60c-9414cbe6373c" testId="df567ca4-86ac-eafb-a6f1-0c5c8ea23cb5" testName="PlatformAadTokenService_GetUserAccessToken_should_update_refresh_token_in_identity_when_token_result_contains_a_refresh_token" computerName="TFSBUILD11" duration="00:00:00.0034841" startTime="2015-09-28T09:43:25.6869935-07:00" endTime="2015-09-28T09:43:25.7338721-07:00" testType="13cdc9d9-ddb5-4fa4-a97d-d965ccfc6d4b" outcome="Passed" testListId="8c84fa94-04c1-424b-9868-57a2d4851a1d" relativeResultsDirectory="6e95a4a5-27ba-472d-a60c-9414cbe6373c" />
    <UnitTestResult executionId="c555623c-957d-4c6c-88ef-8cedbfce6373" testId="d2bbf0d0-3f5e-0e8c-0c5b-9056acc30242" testName="PlatformAadTokenService_GetUserAccessToken_should_raise_user_token_update_event_when_acquire_token_successful" computerName="TFSBUILD11" duration="00:00:00.0034952" startTime="2015-09-28T09:43:25.7338721-07:00" endTime="2015-09-28T09:43:25.7807510-07:00" testType="13cdc9d9-ddb5-4fa4-a97d-d965ccfc6d4b" outcome="Passed" testListId="8c84fa94-04c1-424b-9868-57a2d4851a1d" relativeResultsDirectory="c555623c-957d-4c6c-88ef-8cedbfce6373" />
    <UnitTestResult executionId="ed6de7b2-afa5-4601-81df-377879aa6834" testId="88fc3d94-ef55-5b8e-6c17-4377d1a054fc" testName="PlatformAadTokenService_GetAppAccessToken_should_throw_argument_null_when_request_context_is_null" computerName="TFSBUILD11" duration="00:00:00.0018540" startTime="2015-09-28T09:43:25.7807510-07:00" endTime="2015-09-28T09:43:25.8120024-07:00" testType="13cdc9d9-ddb5-4fa4-a97d-d965ccfc6d4b" outcome="Passed" testListId="8c84fa94-04c1-424b-9868-57a2d4851a1d" relativeResultsDirectory="ed6de7b2-afa5-4601-81df-377879aa6834" />
    <UnitTestResult executionId="74334adc-1c8b-460d-bb50-e38176052ce0" testId="8bb1777e-9efc-3790-5e7f-689721276eb5" testName="PlatformAadTokenService_GetAppAccessToken_should_throw_argument_null_when_resource_is_null" computerName="TFSBUILD11" duration="00:00:00.0005905" startTime="2015-09-28T09:43:25.8120024-07:00" endTime="2015-09-28T09:43:25.8588807-07:00" testType="13cdc9d9-ddb5-4fa4-a97d-d965ccfc6d4b" outcome="Passed" testListId="8c84fa94-04c1-424b-9868-57a2d4851a1d" relativeResultsDirectory="74334adc-1c8b-460d-bb50-e38176052ce0" />
    <UnitTestResult executionId="9542dfb5-c9f3-452b-a246-922f2d5ebc3f" testId="a18257d8-83a7-ea23-80d8-52fa5a7a4af2" testName="PlatformAadTokenService_GetAppAccessToken_should_throw_argument_null_when_tenant_id_is_null" computerName="TFSBUILD11" duration="00:00:00.0004929" startTime="2015-09-28T09:43:25.8588807-07:00" endTime="2015-09-28T09:43:25.8901332-07:00" testType="13cdc9d9-ddb5-4fa4-a97d-d965ccfc6d4b" outcome="Passed" testListId="8c84fa94-04c1-424b-9868-57a2d4851a1d" relativeResultsDirectory="9542dfb5-c9f3-452b-a246-922f2d5ebc3f" />
    <UnitTestResult executionId="df8e4005-3bd0-4802-95b9-52faaa496e83" testId="4b130165-0fdf-c940-b55e-921b8f94a3b0" testName="PlatformAadTokenService_GetAppAccessToken_should_throw_aad_access_when_authentication_result_is_null" computerName="TFSBUILD11" duration="00:00:00.0017763" startTime="2015-09-28T09:43:25.8901332-07:00" endTime="2015-09-28T09:43:25.9213855-07:00" testType="13cdc9d9-ddb5-4fa4-a97d-d965ccfc6d4b" outcome="Passed" testListId="8c84fa94-04c1-424b-9868-57a2d4851a1d" relativeResultsDirectory="df8e4005-3bd0-4802-95b9-52faaa496e83" />
    <UnitTestResult executionId="963c7a2a-4ce6-4456-9879-aee1e3976f7c" testId="15704e88-6fcf-503b-8fe5-ff183067a248" testName="PlatformAadTokenService_GetAppAccessToken_should_throw_aad_access_when_authentication_result_access_token_is_null" computerName="TFSBUILD11" duration="00:00:00.0013528" startTime="2015-09-28T09:43:25.9213855-07:00" endTime="2015-09-28T09:43:25.9682644-07:00" testType="13cdc9d9-ddb5-4fa4-a97d-d965ccfc6d4b" outcome="Passed" testListId="8c84fa94-04c1-424b-9868-57a2d4851a1d" relativeResultsDirectory="963c7a2a-4ce6-4456-9879-aee1e3976f7c" />
    <UnitTestResult executionId="866abd91-481c-4706-a771-14f9135ca810" testId="16f8ca02-c692-df30-d4b0-3c46cb0ad7e2" testName="PlatformAadTokenService_GetAppAccessToken_should_return_access_token_from_authentication_result" computerName="TFSBUILD11" duration="00:00:00.0010649" startTime="2015-09-28T09:43:25.9682644-07:00" endTime="2015-09-28T09:43:25.9995163-07:00" testType="13cdc9d9-ddb5-4fa4-a97d-d965ccfc6d4b" outcome="Passed" testListId="8c84fa94-04c1-424b-9868-57a2d4851a1d" relativeResultsDirectory="866abd91-481c-4706-a771-14f9135ca810" />
    <UnitTestResult executionId="f83f06e8-4787-4b57-b42e-b68bcdfd9a74" testId="3638965e-460e-f932-b316-eaab99bcc909" testName="PlatformAadTokenService_GetUserAccessTokenFromAuthCode_should_throw_argument_null_when_request_context_is_null" computerName="TFSBUILD11" duration="00:00:00.0023699" startTime="2015-09-28T09:43:25.9995163-07:00" endTime="2015-09-28T09:43:26.0463946-07:00" testType="13cdc9d9-ddb5-4fa4-a97d-d965ccfc6d4b" outcome="Passed" testListId="8c84fa94-04c1-424b-9868-57a2d4851a1d" relativeResultsDirectory="f83f06e8-4787-4b57-b42e-b68bcdfd9a74" />
    <UnitTestResult executionId="cd1e8b7d-f715-4816-804a-af5660236ae6" testId="f44247f2-2ba4-691b-33de-499c6bd4740f" testName="PlatformAadTokenService_GetUserAccessTokenFromAuthCode_should_throw_argument_null_when_auth_code_is_null" computerName="TFSBUILD11" duration="00:00:00.0005560" startTime="2015-09-28T09:43:26.0463946-07:00" endTime="2015-09-28T09:43:26.0776466-07:00" testType="13cdc9d9-ddb5-4fa4-a97d-d965ccfc6d4b" outcome="Passed" testListId="8c84fa94-04c1-424b-9868-57a2d4851a1d" relativeResultsDirectory="cd1e8b7d-f715-4816-804a-af5660236ae6" />
    <UnitTestResult executionId="10291c68-cc34-4926-be02-66b560f46a8b" testId="74a544e1-2aa8-947d-fca6-571937ef742c" testName="PlatformAadTokenService_GetUserAccessTokenFromAuthCode_should_throw_argument_null_when_resource_is_null" computerName="TFSBUILD11" duration="00:00:00.0005774" startTime="2015-09-28T09:43:26.0776466-07:00" endTime="2015-09-28T09:43:26.1245249-07:00" testType="13cdc9d9-ddb5-4fa4-a97d-d965ccfc6d4b" outcome="Passed" testListId="8c84fa94-04c1-424b-9868-57a2d4851a1d" relativeResultsDirectory="10291c68-cc34-4926-be02-66b560f46a8b" />
    <UnitTestResult executionId="a2387f85-e2cf-4eee-ab02-9a2f6a0134d7" testId="59262ffe-3dd8-ad12-017c-d5266943321a" testName="PlatformAadTokenService_GetUserAccessTokenFromAuthCode_should_throw_argument_null_when_tenant_id_is_null" computerName="TFSBUILD11" duration="00:00:00.0005134" startTime="2015-09-28T09:43:26.1245249-07:00" endTime="2015-09-28T09:43:26.1557774-07:00" testType="13cdc9d9-ddb5-4fa4-a97d-d965ccfc6d4b" outcome="Passed" testListId="8c84fa94-04c1-424b-9868-57a2d4851a1d" relativeResultsDirectory="a2387f85-e2cf-4eee-ab02-9a2f6a0134d7" />
    <UnitTestResult executionId="a749933f-462a-4a57-9b57-65427e262e3d" testId="d855fe46-2c00-be3e-889b-d510199b799a" testName="PlatformAadTokenService_GetUserAccessTokenFromAuthCode_should_throw_argument_null_when_reply_to_is_null" computerName="TFSBUILD11" duration="00:00:00.0005051" startTime="2015-09-28T09:43:26.1557774-07:00" endTime="2015-09-28T09:43:26.2026552-07:00" testType="13cdc9d9-ddb5-4fa4-a97d-d965ccfc6d4b" outcome="Passed" testListId="8c84fa94-04c1-424b-9868-57a2d4851a1d" relativeResultsDirectory="a749933f-462a-4a57-9b57-65427e262e3d" />
    <UnitTestResult executionId="3ba3737f-386c-4030-be13-e3b95ddd0ef4" testId="e2ea0c74-7340-8576-8eb6-4e3a8f4502af" testName="PlatformAadTokenService_GetUserAccessTokenFromAuthCode_should_throw_argument_null_when_identity_descriptor_is_null" computerName="TFSBUILD11" duration="00:00:00.0004679" startTime="2015-09-28T09:43:26.2026552-07:00" endTime="2015-09-28T09:43:26.2339082-07:00" testType="13cdc9d9-ddb5-4fa4-a97d-d965ccfc6d4b" outcome="Passed" testListId="8c84fa94-04c1-424b-9868-57a2d4851a1d" relativeResultsDirectory="3ba3737f-386c-4030-be13-e3b95ddd0ef4" />
    <UnitTestResult executionId="f806bed6-42ba-4909-ba3a-60c3447ea2fa" testId="be83ebd3-d324-ca36-4a85-6edf31161306" testName="PlatformAadTokenService_GetUserAccessTokenFromAuthCode_should_throw_identity_not_found_when_identity_was_not_found" computerName="TFSBUILD11" duration="00:00:00.0051908" startTime="2015-09-28T09:43:26.2339082-07:00" endTime="2015-09-28T09:43:26.2807857-07:00" testType="13cdc9d9-ddb5-4fa4-a97d-d965ccfc6d4b" outcome="Passed" testListId="8c84fa94-04c1-424b-9868-57a2d4851a1d" relativeResultsDirectory="f806bed6-42ba-4909-ba3a-60c3447ea2fa" />
    <UnitTestResult executionId="74dcd99c-ef66-448d-89d4-c329cb3fc73b" testId="a0b10833-9d75-2e2b-f7f7-1106b6e6cbb8" testName="PlatformAadTokenService_GetUserAccessTokenFromAuthCode_should_throw_aad_exception_when_authentication_result_is_null" computerName="TFSBUILD11" duration="00:00:00.0018210" startTime="2015-09-28T09:43:26.2807857-07:00" endTime="2015-09-28T09:43:26.3276649-07:00" testType="13cdc9d9-ddb5-4fa4-a97d-d965ccfc6d4b" outcome="Passed" testListId="8c84fa94-04c1-424b-9868-57a2d4851a1d" relativeResultsDirectory="74dcd99c-ef66-448d-89d4-c329cb3fc73b" />
    <UnitTestResult executionId="cf387ea2-5faf-4ab0-a3be-5d29bb70d4a3" testId="3ac4e749-320e-5546-fdaf-83a3437d15f5" testName="PlatformAadTokenService_GetUserAccessTokenFromAuthCode_should_throw_aad_exception_when_result_does_not_have_an_access_token" computerName="TFSBUILD11" duration="00:00:00.0014813" startTime="2015-09-28T09:43:26.3276649-07:00" endTime="2015-09-28T09:43:26.3589169-07:00" testType="13cdc9d9-ddb5-4fa4-a97d-d965ccfc6d4b" outcome="Passed" testListId="8c84fa94-04c1-424b-9868-57a2d4851a1d" relativeResultsDirectory="cf387ea2-5faf-4ab0-a3be-5d29bb70d4a3" />
    <UnitTestResult executionId="cfb5efe3-d123-4671-a122-2eb361653fe0" testId="6f1cf7e9-0917-e461-edac-6c6b2ac85b67" testName="PlatformAadTokenService_GetUserAccessTokenFromAuthCode_should_return_access_token_from_result" computerName="TFSBUILD11" duration="00:00:00.0029937" startTime="2015-09-28T09:43:26.3589169-07:00" endTime="2015-09-28T09:43:26.4214216-07:00" testType="13cdc9d9-ddb5-4fa4-a97d-d965ccfc6d4b" outcome="Passed" testListId="8c84fa94-04c1-424b-9868-57a2d4851a1d" relativeResultsDirectory="cfb5efe3-d123-4671-a122-2eb361653fe0" />
    <UnitTestResult executionId="f819c53d-4bfb-4971-89cd-d56a0e6d6764" testId="fbc48029-440a-c78d-4269-10fca7735575" testName="PlatformAadTokenService_GetUserAccessTokenFromAuthCode_should_not_update_identity_when_result_doesnt_have_refresh_token" computerName="TFSBUILD11" duration="00:00:00.0029331" startTime="2015-09-28T09:43:26.4214216-07:00" endTime="2015-09-28T09:43:26.4526735-07:00" testType="13cdc9d9-ddb5-4fa4-a97d-d965ccfc6d4b" outcome="Passed" testListId="8c84fa94-04c1-424b-9868-57a2d4851a1d" relativeResultsDirectory="f819c53d-4bfb-4971-89cd-d56a0e6d6764" />
    <UnitTestResult executionId="9a037fe8-25c0-4e5e-b729-9f4e66216c63" testId="ea3e6bdf-3d42-6f6c-57f2-44e91d2b0921" testName="PlatformAadTokenServie_GetUserAccessTokenFromAuthCode_should_update_identity_when_result_contains_refresh_token" computerName="TFSBUILD11" duration="00:00:00.0035939" startTime="2015-09-28T09:43:26.4526735-07:00" endTime="2015-09-28T09:43:26.4995513-07:00" testType="13cdc9d9-ddb5-4fa4-a97d-d965ccfc6d4b" outcome="Passed" testListId="8c84fa94-04c1-424b-9868-57a2d4851a1d" relativeResultsDirectory="9a037fe8-25c0-4e5e-b729-9f4e66216c63" />
  </Results>
  <TestDefinitions>
    <UnitTest name="TryGetBytes_Null_WhenTextWrongLengthForHexAndNoHexSpecifier" storage="d:\v2.0\a1\_work\dbded102\bin\release.anycpu\sps.service\ms.vs.services.sharedplatform.l0.tests\ms.vs.services.sharedplatform.l0.tests.dll" id="4208c724-b613-c2c4-c4a6-d218d1c8337a">
      <Execution id="a582d279-9920-476f-ba69-7f64fe0ee29f" />
      <TestMethod codeBase="D:\v2.0\A1\_work\dbded102\bin\Release.AnyCPU\Sps.Service\MS.VS.Services.SharedPlatform.L0.Tests\MS.VS.Services.SharedPlatform.L0.Tests.dll" adapterTypeName="Microsoft.VisualStudio.TestTools.TestTypes.Unit.UnitTestAdapter" className="MS.VS.Services.SharedPlatform.L0.Tests.Base16EncoderTests" name="TryGetBytes_Null_WhenTextWrongLengthForHexAndNoHexSpecifier" />
    </UnitTest>
    <UnitTest name="TryGetBytes_Null_WhenTextWrongLengthForHexAndHexSpecifier" storage="d:\v2.0\a1\_work\dbded102\bin\release.anycpu\sps.service\ms.vs.services.sharedplatform.l0.tests\ms.vs.services.sharedplatform.l0.tests.dll" id="890a5a68-6ae2-f5cb-9ce9-5aa7bbb76986">
      <Execution id="f75464cf-6730-479b-a52f-15a026883893" />
      <TestMethod codeBase="D:\v2.0\A1\_work\dbded102\bin\Release.AnyCPU\Sps.Service\MS.VS.Services.SharedPlatform.L0.Tests\MS.VS.Services.SharedPlatform.L0.Tests.dll" adapterTypeName="Microsoft.VisualStudio.TestTools.TestTypes.Unit.UnitTestAdapter" className="MS.VS.Services.SharedPlatform.L0.Tests.Base16EncoderTests" name="TryGetBytes_Null_WhenTextWrongLengthForHexAndHexSpecifier" />
    </UnitTest>
    <UnitTest name="TryGetBytes_Empty_WhenTextEmpty" storage="d:\v2.0\a1\_work\dbded102\bin\release.anycpu\sps.service\ms.vs.services.sharedplatform.l0.tests\ms.vs.services.sharedplatform.l0.tests.dll" id="acd405a2-d099-3790-b0de-0b8d9aac0524">
      <Execution id="1b797e74-f2a3-40e8-8283-7457164f6070" />
      <TestMethod codeBase="D:\v2.0\A1\_work\dbded102\bin\Release.AnyCPU\Sps.Service\MS.VS.Services.SharedPlatform.L0.Tests\MS.VS.Services.SharedPlatform.L0.Tests.dll" adapterTypeName="Microsoft.VisualStudio.TestTools.TestTypes.Unit.UnitTestAdapter" className="MS.VS.Services.SharedPlatform.L0.Tests.Base16EncoderTests" name="TryGetBytes_Empty_WhenTextEmpty" />
    </UnitTest>
    <UnitTest name="TryGetBytes_Empty_WhenTextOnlyHexSpecifier" storage="d:\v2.0\a1\_work\dbded102\bin\release.anycpu\sps.service\ms.vs.services.sharedplatform.l0.tests\ms.vs.services.sharedplatform.l0.tests.dll" id="082c96ad-b3e5-8a77-8449-5afa39746c77">
      <Execution id="4da79024-c557-452c-b69c-fc22aeeabb72" />
      <TestMethod codeBase="D:\v2.0\A1\_work\dbded102\bin\Release.AnyCPU\Sps.Service\MS.VS.Services.SharedPlatform.L0.Tests\MS.VS.Services.SharedPlatform.L0.Tests.dll" adapterTypeName="Microsoft.VisualStudio.TestTools.TestTypes.Unit.UnitTestAdapter" className="MS.VS.Services.SharedPlatform.L0.Tests.Base16EncoderTests" name="TryGetBytes_Empty_WhenTextOnlyHexSpecifier" />
    </UnitTest>
    <UnitTest name="TryGetBytes_ValidResult_WhenTextSingleByteNoHexSpecifier" storage="d:\v2.0\a1\_work\dbded102\bin\release.anycpu\sps.service\ms.vs.services.sharedplatform.l0.tests\ms.vs.services.sharedplatform.l0.tests.dll" id="24a91ba9-3c67-f61d-27ee-9827339c25ba">
      <Execution id="275c835a-c8a7-4de2-9360-5560c6908768" />
      <TestMethod codeBase="D:\v2.0\A1\_work\dbded102\bin\Release.AnyCPU\Sps.Service\MS.VS.Services.SharedPlatform.L0.Tests\MS.VS.Services.SharedPlatform.L0.Tests.dll" adapterTypeName="Microsoft.VisualStudio.TestTools.TestTypes.Unit.UnitTestAdapter" className="MS.VS.Services.SharedPlatform.L0.Tests.Base16EncoderTests" name="TryGetBytes_ValidResult_WhenTextSingleByteNoHexSpecifier" />
    </UnitTest>
    <UnitTest name="TryGetBytes_ValidResult_WhenTextSingleByteHexSpecifier" storage="d:\v2.0\a1\_work\dbded102\bin\release.anycpu\sps.service\ms.vs.services.sharedplatform.l0.tests\ms.vs.services.sharedplatform.l0.tests.dll" id="36a5cf5c-7950-eb7e-1d30-1d840c96c4aa">
      <Execution id="2028f43c-1d3b-469d-8829-7e9e3de3e698" />
      <TestMethod codeBase="D:\v2.0\A1\_work\dbded102\bin\Release.AnyCPU\Sps.Service\MS.VS.Services.SharedPlatform.L0.Tests\MS.VS.Services.SharedPlatform.L0.Tests.dll" adapterTypeName="Microsoft.VisualStudio.TestTools.TestTypes.Unit.UnitTestAdapter" className="MS.VS.Services.SharedPlatform.L0.Tests.Base16EncoderTests" name="TryGetBytes_ValidResult_WhenTextSingleByteHexSpecifier" />
    </UnitTest>
    <UnitTest name="TryGetBytes_InvalidResult_WhenTextNotValidByteAndNoHexSpecifier" storage="d:\v2.0\a1\_work\dbded102\bin\release.anycpu\sps.service\ms.vs.services.sharedplatform.l0.tests\ms.vs.services.sharedplatform.l0.tests.dll" id="d673864e-bf1e-63fd-accf-761e4b48b7b6">
      <Execution id="85709969-23b4-41ab-9e93-130f77461dde" />
      <TestMethod codeBase="D:\v2.0\A1\_work\dbded102\bin\Release.AnyCPU\Sps.Service\MS.VS.Services.SharedPlatform.L0.Tests\MS.VS.Services.SharedPlatform.L0.Tests.dll" adapterTypeName="Microsoft.VisualStudio.TestTools.TestTypes.Unit.UnitTestAdapter" className="MS.VS.Services.SharedPlatform.L0.Tests.Base16EncoderTests" name="TryGetBytes_InvalidResult_WhenTextNotValidByteAndNoHexSpecifier" />
    </UnitTest>
    <UnitTest name="TryGetBytes_InvalidResult_WhenTextNotValidByteAndHexSpecifier" storage="d:\v2.0\a1\_work\dbded102\bin\release.anycpu\sps.service\ms.vs.services.sharedplatform.l0.tests\ms.vs.services.sharedplatform.l0.tests.dll" id="eafe812c-5ec7-9dbc-49f1-4a9a1d0f2129">
      <Execution id="b6f70077-a559-4011-b86e-c84c674e4899" />
      <TestMethod codeBase="D:\v2.0\A1\_work\dbded102\bin\Release.AnyCPU\Sps.Service\MS.VS.Services.SharedPlatform.L0.Tests\MS.VS.Services.SharedPlatform.L0.Tests.dll" adapterTypeName="Microsoft.VisualStudio.TestTools.TestTypes.Unit.UnitTestAdapter" className="MS.VS.Services.SharedPlatform.L0.Tests.Base16EncoderTests" name="TryGetBytes_InvalidResult_WhenTextNotValidByteAndHexSpecifier" />
    </UnitTest>
    <UnitTest name="TryGetBytes_ValidResult_WhenTextMultiByteNoHexSpecifier" storage="d:\v2.0\a1\_work\dbded102\bin\release.anycpu\sps.service\ms.vs.services.sharedplatform.l0.tests\ms.vs.services.sharedplatform.l0.tests.dll" id="922a5ca7-4e24-98d5-f70b-eee677dff80f">
      <Execution id="cac82f53-5f9d-4d86-8bf6-28d791fc13df" />
      <TestMethod codeBase="D:\v2.0\A1\_work\dbded102\bin\Release.AnyCPU\Sps.Service\MS.VS.Services.SharedPlatform.L0.Tests\MS.VS.Services.SharedPlatform.L0.Tests.dll" adapterTypeName="Microsoft.VisualStudio.TestTools.TestTypes.Unit.UnitTestAdapter" className="MS.VS.Services.SharedPlatform.L0.Tests.Base16EncoderTests" name="TryGetBytes_ValidResult_WhenTextMultiByteNoHexSpecifier" />
    </UnitTest>
    <UnitTest name="TryGetBytes_ValidResult_WhenTextMultiByteHexSpecifier" storage="d:\v2.0\a1\_work\dbded102\bin\release.anycpu\sps.service\ms.vs.services.sharedplatform.l0.tests\ms.vs.services.sharedplatform.l0.tests.dll" id="20b8281c-0650-2b22-4943-1a80e5032732">
      <Execution id="a5626565-9488-4924-94ff-b0330a1a72ee" />
      <TestMethod codeBase="D:\v2.0\A1\_work\dbded102\bin\Release.AnyCPU\Sps.Service\MS.VS.Services.SharedPlatform.L0.Tests\MS.VS.Services.SharedPlatform.L0.Tests.dll" adapterTypeName="Microsoft.VisualStudio.TestTools.TestTypes.Unit.UnitTestAdapter" className="MS.VS.Services.SharedPlatform.L0.Tests.Base16EncoderTests" name="TryGetBytes_ValidResult_WhenTextMultiByteHexSpecifier" />
    </UnitTest>
    <UnitTest name="TryGetBytes_Throws_WhenTextNull" storage="d:\v2.0\a1\_work\dbded102\bin\release.anycpu\sps.service\ms.vs.services.sharedplatform.l0.tests\ms.vs.services.sharedplatform.l0.tests.dll" id="ed864f42-3834-3c3b-cf55-ecca730f4691">
      <Execution id="71fea154-1d04-4512-897e-788981725d1f" />
      <TestMethod codeBase="D:\v2.0\A1\_work\dbded102\bin\Release.AnyCPU\Sps.Service\MS.VS.Services.SharedPlatform.L0.Tests\MS.VS.Services.SharedPlatform.L0.Tests.dll" adapterTypeName="Microsoft.VisualStudio.TestTools.TestTypes.Unit.UnitTestAdapter" className="MS.VS.Services.SharedPlatform.L0.Tests.Base16EncoderTests" name="TryGetBytes_Throws_WhenTextNull" />
    </UnitTest>
    <UnitTest name="GetBytes_Throws_WhenTextWrongLengthForHexAndNoHexSpecifier" storage="d:\v2.0\a1\_work\dbded102\bin\release.anycpu\sps.service\ms.vs.services.sharedplatform.l0.tests\ms.vs.services.sharedplatform.l0.tests.dll" id="ca9cc12a-8108-04db-0834-6dfbcc6eb94f">
      <Execution id="51c7f6e5-e2d2-4f98-adea-8c4cf4a1b750" />
      <TestMethod codeBase="D:\v2.0\A1\_work\dbded102\bin\Release.AnyCPU\Sps.Service\MS.VS.Services.SharedPlatform.L0.Tests\MS.VS.Services.SharedPlatform.L0.Tests.dll" adapterTypeName="Microsoft.VisualStudio.TestTools.TestTypes.Unit.UnitTestAdapter" className="MS.VS.Services.SharedPlatform.L0.Tests.Base16EncoderTests" name="GetBytes_Throws_WhenTextWrongLengthForHexAndNoHexSpecifier" />
    </UnitTest>
    <UnitTest name="GetBytes_Throws_WhenTextWrongLengthForHexAndHexSpecifier" storage="d:\v2.0\a1\_work\dbded102\bin\release.anycpu\sps.service\ms.vs.services.sharedplatform.l0.tests\ms.vs.services.sharedplatform.l0.tests.dll" id="44891a4f-90b0-7e6c-3f66-b09917360129">
      <Execution id="bd246285-dba5-4590-b38d-17bda6532956" />
      <TestMethod codeBase="D:\v2.0\A1\_work\dbded102\bin\Release.AnyCPU\Sps.Service\MS.VS.Services.SharedPlatform.L0.Tests\MS.VS.Services.SharedPlatform.L0.Tests.dll" adapterTypeName="Microsoft.VisualStudio.TestTools.TestTypes.Unit.UnitTestAdapter" className="MS.VS.Services.SharedPlatform.L0.Tests.Base16EncoderTests" name="GetBytes_Throws_WhenTextWrongLengthForHexAndHexSpecifier" />
    </UnitTest>
    <UnitTest name="GetBytes_Empty_WhenTextEmpty" storage="d:\v2.0\a1\_work\dbded102\bin\release.anycpu\sps.service\ms.vs.services.sharedplatform.l0.tests\ms.vs.services.sharedplatform.l0.tests.dll" id="bf59f362-1ccd-b3ee-fbb2-12d9da1bf862">
      <Execution id="21d8297f-4cbd-4cb6-acce-9d6f326980e9" />
      <TestMethod codeBase="D:\v2.0\A1\_work\dbded102\bin\Release.AnyCPU\Sps.Service\MS.VS.Services.SharedPlatform.L0.Tests\MS.VS.Services.SharedPlatform.L0.Tests.dll" adapterTypeName="Microsoft.VisualStudio.TestTools.TestTypes.Unit.UnitTestAdapter" className="MS.VS.Services.SharedPlatform.L0.Tests.Base16EncoderTests" name="GetBytes_Empty_WhenTextEmpty" />
    </UnitTest>
    <UnitTest name="GetBytes_Empty_WhenTextOnlyHexSpecifier" storage="d:\v2.0\a1\_work\dbded102\bin\release.anycpu\sps.service\ms.vs.services.sharedplatform.l0.tests\ms.vs.services.sharedplatform.l0.tests.dll" id="dca00ca7-e784-f25c-c82a-1ef28ef6e894">
      <Execution id="e864312c-d234-4d5c-8033-76a28cd0e110" />
      <TestMethod codeBase="D:\v2.0\A1\_work\dbded102\bin\Release.AnyCPU\Sps.Service\MS.VS.Services.SharedPlatform.L0.Tests\MS.VS.Services.SharedPlatform.L0.Tests.dll" adapterTypeName="Microsoft.VisualStudio.TestTools.TestTypes.Unit.UnitTestAdapter" className="MS.VS.Services.SharedPlatform.L0.Tests.Base16EncoderTests" name="GetBytes_Empty_WhenTextOnlyHexSpecifier" />
    </UnitTest>
    <UnitTest name="GetBytes_ValidResult_WhenTextSingleByteNoHexSpecifier" storage="d:\v2.0\a1\_work\dbded102\bin\release.anycpu\sps.service\ms.vs.services.sharedplatform.l0.tests\ms.vs.services.sharedplatform.l0.tests.dll" id="a52f2f55-573c-4edc-04b9-8053d7d2d34c">
      <Execution id="f94b96e8-1aff-47d7-a51d-bd1f841dbe13" />
      <TestMethod codeBase="D:\v2.0\A1\_work\dbded102\bin\Release.AnyCPU\Sps.Service\MS.VS.Services.SharedPlatform.L0.Tests\MS.VS.Services.SharedPlatform.L0.Tests.dll" adapterTypeName="Microsoft.VisualStudio.TestTools.TestTypes.Unit.UnitTestAdapter" className="MS.VS.Services.SharedPlatform.L0.Tests.Base16EncoderTests" name="GetBytes_ValidResult_WhenTextSingleByteNoHexSpecifier" />
    </UnitTest>
    <UnitTest name="GetBytes_ValidResult_WhenTextSingleByteHexSpecifier" storage="d:\v2.0\a1\_work\dbded102\bin\release.anycpu\sps.service\ms.vs.services.sharedplatform.l0.tests\ms.vs.services.sharedplatform.l0.tests.dll" id="866aada4-cf8b-3cfa-ddda-b4cedc34c461">
      <Execution id="2b87f756-02a3-44c8-989b-96fcf0777eab" />
      <TestMethod codeBase="D:\v2.0\A1\_work\dbded102\bin\Release.AnyCPU\Sps.Service\MS.VS.Services.SharedPlatform.L0.Tests\MS.VS.Services.SharedPlatform.L0.Tests.dll" adapterTypeName="Microsoft.VisualStudio.TestTools.TestTypes.Unit.UnitTestAdapter" className="MS.VS.Services.SharedPlatform.L0.Tests.Base16EncoderTests" name="GetBytes_ValidResult_WhenTextSingleByteHexSpecifier" />
    </UnitTest>
    <UnitTest name="GetBytes_Throws_WhenTextNotValidByteAndNoHexSpecifier" storage="d:\v2.0\a1\_work\dbded102\bin\release.anycpu\sps.service\ms.vs.services.sharedplatform.l0.tests\ms.vs.services.sharedplatform.l0.tests.dll" id="bef3476f-8a26-e203-97d1-b9ec38e2db69">
      <Execution id="4cd2e118-6948-4374-ac5e-b86594f52205" />
      <TestMethod codeBase="D:\v2.0\A1\_work\dbded102\bin\Release.AnyCPU\Sps.Service\MS.VS.Services.SharedPlatform.L0.Tests\MS.VS.Services.SharedPlatform.L0.Tests.dll" adapterTypeName="Microsoft.VisualStudio.TestTools.TestTypes.Unit.UnitTestAdapter" className="MS.VS.Services.SharedPlatform.L0.Tests.Base16EncoderTests" name="GetBytes_Throws_WhenTextNotValidByteAndNoHexSpecifier" />
    </UnitTest>
    <UnitTest name="GetBytes_Throws_WhenTextNotValidByteAndHexSpecifier" storage="d:\v2.0\a1\_work\dbded102\bin\release.anycpu\sps.service\ms.vs.services.sharedplatform.l0.tests\ms.vs.services.sharedplatform.l0.tests.dll" id="6036f078-d960-40e4-fdc9-49e0aa32833e">
      <Execution id="2b8cb9ea-e50b-4b9b-a90b-9ba90cbb64df" />
      <TestMethod codeBase="D:\v2.0\A1\_work\dbded102\bin\Release.AnyCPU\Sps.Service\MS.VS.Services.SharedPlatform.L0.Tests\MS.VS.Services.SharedPlatform.L0.Tests.dll" adapterTypeName="Microsoft.VisualStudio.TestTools.TestTypes.Unit.UnitTestAdapter" className="MS.VS.Services.SharedPlatform.L0.Tests.Base16EncoderTests" name="GetBytes_Throws_WhenTextNotValidByteAndHexSpecifier" />
    </UnitTest>
    <UnitTest name="GetBytes_ValidResult_WhenTextMultiByteNoHexSpecifier" storage="d:\v2.0\a1\_work\dbded102\bin\release.anycpu\sps.service\ms.vs.services.sharedplatform.l0.tests\ms.vs.services.sharedplatform.l0.tests.dll" id="3edfe0a7-bea1-5745-87da-80a68c002726">
      <Execution id="4bc34312-c6ba-448f-8376-aac6e81fb5ac" />
      <TestMethod codeBase="D:\v2.0\A1\_work\dbded102\bin\Release.AnyCPU\Sps.Service\MS.VS.Services.SharedPlatform.L0.Tests\MS.VS.Services.SharedPlatform.L0.Tests.dll" adapterTypeName="Microsoft.VisualStudio.TestTools.TestTypes.Unit.UnitTestAdapter" className="MS.VS.Services.SharedPlatform.L0.Tests.Base16EncoderTests" name="GetBytes_ValidResult_WhenTextMultiByteNoHexSpecifier" />
    </UnitTest>
    <UnitTest name="GetBytes_ValidResult_WhenTextMultiByteHexSpecifier" storage="d:\v2.0\a1\_work\dbded102\bin\release.anycpu\sps.service\ms.vs.services.sharedplatform.l0.tests\ms.vs.services.sharedplatform.l0.tests.dll" id="4f2b5c53-0260-c5cc-6347-bfc72c65e489">
      <Execution id="60dbeff0-fa08-4bc1-b7de-4cb872c96e31" />
      <TestMethod codeBase="D:\v2.0\A1\_work\dbded102\bin\Release.AnyCPU\Sps.Service\MS.VS.Services.SharedPlatform.L0.Tests\MS.VS.Services.SharedPlatform.L0.Tests.dll" adapterTypeName="Microsoft.VisualStudio.TestTools.TestTypes.Unit.UnitTestAdapter" className="MS.VS.Services.SharedPlatform.L0.Tests.Base16EncoderTests" name="GetBytes_ValidResult_WhenTextMultiByteHexSpecifier" />
    </UnitTest>
    <UnitTest name="GetBytes_Throws_WhenTextNull" storage="d:\v2.0\a1\_work\dbded102\bin\release.anycpu\sps.service\ms.vs.services.sharedplatform.l0.tests\ms.vs.services.sharedplatform.l0.tests.dll" id="ad8d8720-4225-864c-c939-8c8f60caf241">
      <Execution id="01fd8318-6da3-42a2-98e2-982772a69436" />
      <TestMethod codeBase="D:\v2.0\A1\_work\dbded102\bin\Release.AnyCPU\Sps.Service\MS.VS.Services.SharedPlatform.L0.Tests\MS.VS.Services.SharedPlatform.L0.Tests.dll" adapterTypeName="Microsoft.VisualStudio.TestTools.TestTypes.Unit.UnitTestAdapter" className="MS.VS.Services.SharedPlatform.L0.Tests.Base16EncoderTests" name="GetBytes_Throws_WhenTextNull" />
    </UnitTest>
    <UnitTest name="GetString_Throws_WhenDataNull" storage="d:\v2.0\a1\_work\dbded102\bin\release.anycpu\sps.service\ms.vs.services.sharedplatform.l0.tests\ms.vs.services.sharedplatform.l0.tests.dll" id="7dc7430b-ef0d-c12d-075e-ab2db850afbc">
      <Execution id="9ef5ae33-fadb-4e1a-a0a8-f71e7d8c0662" />
      <TestMethod codeBase="D:\v2.0\A1\_work\dbded102\bin\Release.AnyCPU\Sps.Service\MS.VS.Services.SharedPlatform.L0.Tests\MS.VS.Services.SharedPlatform.L0.Tests.dll" adapterTypeName="Microsoft.VisualStudio.TestTools.TestTypes.Unit.UnitTestAdapter" className="MS.VS.Services.SharedPlatform.L0.Tests.Base16EncoderTests" name="GetString_Throws_WhenDataNull" />
    </UnitTest>
    <UnitTest name="GetString_EmptyString_WhenDataEmptyAndNoHexSpecifier" storage="d:\v2.0\a1\_work\dbded102\bin\release.anycpu\sps.service\ms.vs.services.sharedplatform.l0.tests\ms.vs.services.sharedplatform.l0.tests.dll" id="68813b84-9a41-c440-9faf-298c63e4ad96">
      <Execution id="0ab8e506-b24b-4ace-a4b7-15adebed7530" />
      <TestMethod codeBase="D:\v2.0\A1\_work\dbded102\bin\Release.AnyCPU\Sps.Service\MS.VS.Services.SharedPlatform.L0.Tests\MS.VS.Services.SharedPlatform.L0.Tests.dll" adapterTypeName="Microsoft.VisualStudio.TestTools.TestTypes.Unit.UnitTestAdapter" className="MS.VS.Services.SharedPlatform.L0.Tests.Base16EncoderTests" name="GetString_EmptyString_WhenDataEmptyAndNoHexSpecifier" />
    </UnitTest>
    <UnitTest name="GetString_OnlyHexSpecifier_WhenDataEmptyAndHexSpecifier" storage="d:\v2.0\a1\_work\dbded102\bin\release.anycpu\sps.service\ms.vs.services.sharedplatform.l0.tests\ms.vs.services.sharedplatform.l0.tests.dll" id="3a1b8728-2446-5115-8071-9c1cd8a2284e">
      <Execution id="48db2d92-3b4f-40be-90cd-1d6af6db78d2" />
      <TestMethod codeBase="D:\v2.0\A1\_work\dbded102\bin\Release.AnyCPU\Sps.Service\MS.VS.Services.SharedPlatform.L0.Tests\MS.VS.Services.SharedPlatform.L0.Tests.dll" adapterTypeName="Microsoft.VisualStudio.TestTools.TestTypes.Unit.UnitTestAdapter" className="MS.VS.Services.SharedPlatform.L0.Tests.Base16EncoderTests" name="GetString_OnlyHexSpecifier_WhenDataEmptyAndHexSpecifier" />
    </UnitTest>
    <UnitTest name="GetString_ValidResultNoHexSpecifier_WhenDataSingleByteAndNoHexSpecifier" storage="d:\v2.0\a1\_work\dbded102\bin\release.anycpu\sps.service\ms.vs.services.sharedplatform.l0.tests\ms.vs.services.sharedplatform.l0.tests.dll" id="7bdfffa9-fb25-b5be-a501-bcf524beb5f3">
      <Execution id="f24ada1a-2e1d-45f2-bfbe-d26a31b14a77" />
      <TestMethod codeBase="D:\v2.0\A1\_work\dbded102\bin\Release.AnyCPU\Sps.Service\MS.VS.Services.SharedPlatform.L0.Tests\MS.VS.Services.SharedPlatform.L0.Tests.dll" adapterTypeName="Microsoft.VisualStudio.TestTools.TestTypes.Unit.UnitTestAdapter" className="MS.VS.Services.SharedPlatform.L0.Tests.Base16EncoderTests" name="GetString_ValidResultNoHexSpecifier_WhenDataSingleByteAndNoHexSpecifier" />
    </UnitTest>
    <UnitTest name="GetString_ValidResultWithHexSpecifier_WhenDataSingleByteAndHexSpecifier" storage="d:\v2.0\a1\_work\dbded102\bin\release.anycpu\sps.service\ms.vs.services.sharedplatform.l0.tests\ms.vs.services.sharedplatform.l0.tests.dll" id="19b6a5d3-7ebe-4fdc-de23-272f67e4945d">
      <Execution id="626b2ec4-19d8-48ef-9dc6-750e915f31de" />
      <TestMethod codeBase="D:\v2.0\A1\_work\dbded102\bin\Release.AnyCPU\Sps.Service\MS.VS.Services.SharedPlatform.L0.Tests\MS.VS.Services.SharedPlatform.L0.Tests.dll" adapterTypeName="Microsoft.VisualStudio.TestTools.TestTypes.Unit.UnitTestAdapter" className="MS.VS.Services.SharedPlatform.L0.Tests.Base16EncoderTests" name="GetString_ValidResultWithHexSpecifier_WhenDataSingleByteAndHexSpecifier" />
    </UnitTest>
    <UnitTest name="GetString_ValidResultAndLowercase_WhenDataMultiByte" storage="d:\v2.0\a1\_work\dbded102\bin\release.anycpu\sps.service\ms.vs.services.sharedplatform.l0.tests\ms.vs.services.sharedplatform.l0.tests.dll" id="2bc69c65-afb7-3e37-ee9e-7629dfe0f35c">
      <Execution id="9ca3e1c5-18a3-4437-b82d-ddab15445703" />
      <TestMethod codeBase="D:\v2.0\A1\_work\dbded102\bin\Release.AnyCPU\Sps.Service\MS.VS.Services.SharedPlatform.L0.Tests\MS.VS.Services.SharedPlatform.L0.Tests.dll" adapterTypeName="Microsoft.VisualStudio.TestTools.TestTypes.Unit.UnitTestAdapter" className="MS.VS.Services.SharedPlatform.L0.Tests.Base16EncoderTests" name="GetString_ValidResultAndLowercase_WhenDataMultiByte" />
    </UnitTest>
    <UnitTest name="DependencyResolver_Add_FactoryArgumentNull_Throws" storage="d:\v2.0\a1\_work\dbded102\bin\release.anycpu\sps.service\ms.vs.services.sharedplatform.l0.tests\ms.vs.services.sharedplatform.l0.tests.dll" id="6f3f5807-7942-9d8e-a372-0a2a769144de">
      <Execution id="4a88d995-1399-4687-9caf-ea5045ca04d4" />
      <TestMethod codeBase="D:\v2.0\A1\_work\dbded102\bin\Release.AnyCPU\Sps.Service\MS.VS.Services.SharedPlatform.L0.Tests\MS.VS.Services.SharedPlatform.L0.Tests.dll" adapterTypeName="Microsoft.VisualStudio.TestTools.TestTypes.Unit.UnitTestAdapter" className="MS.VS.Services.SharedPlatform.L0.Tests.DependencyResolverTests" name="DependencyResolver_Add_FactoryArgumentNull_Throws" />
    </UnitTest>
    <UnitTest name="DependencyResolver_Add_ResolverFactoryArgumentNull_Throws" storage="d:\v2.0\a1\_work\dbded102\bin\release.anycpu\sps.service\ms.vs.services.sharedplatform.l0.tests\ms.vs.services.sharedplatform.l0.tests.dll" id="5fa61a1d-dac5-5b3d-9c38-5a3d2ea70d08">
      <Execution id="434f1a80-033e-4700-a837-4026a063f285" />
      <TestMethod codeBase="D:\v2.0\A1\_work\dbded102\bin\Release.AnyCPU\Sps.Service\MS.VS.Services.SharedPlatform.L0.Tests\MS.VS.Services.SharedPlatform.L0.Tests.dll" adapterTypeName="Microsoft.VisualStudio.TestTools.TestTypes.Unit.UnitTestAdapter" className="MS.VS.Services.SharedPlatform.L0.Tests.DependencyResolverTests" name="DependencyResolver_Add_ResolverFactoryArgumentNull_Throws" />
    </UnitTest>
    <UnitTest name="DependencyResolver_Add_RequestContextResolverFactoryArgumentNull_Throws" storage="d:\v2.0\a1\_work\dbded102\bin\release.anycpu\sps.service\ms.vs.services.sharedplatform.l0.tests\ms.vs.services.sharedplatform.l0.tests.dll" id="61dc380b-b28a-73a0-7175-90f56ae4096c">
      <Execution id="b25dd099-6733-471c-a5b4-f8d08d6e7323" />
      <TestMethod codeBase="D:\v2.0\A1\_work\dbded102\bin\Release.AnyCPU\Sps.Service\MS.VS.Services.SharedPlatform.L0.Tests\MS.VS.Services.SharedPlatform.L0.Tests.dll" adapterTypeName="Microsoft.VisualStudio.TestTools.TestTypes.Unit.UnitTestAdapter" className="MS.VS.Services.SharedPlatform.L0.Tests.DependencyResolverTests" name="DependencyResolver_Add_RequestContextResolverFactoryArgumentNull_Throws" />
    </UnitTest>
    <UnitTest name="DependencyResolver_AddShared_ValueArgumentNull_Throws" storage="d:\v2.0\a1\_work\dbded102\bin\release.anycpu\sps.service\ms.vs.services.sharedplatform.l0.tests\ms.vs.services.sharedplatform.l0.tests.dll" id="cde51cf6-3ee9-7868-ef1c-ee0fe7865498">
      <Execution id="041d23da-bf9e-4dc7-ae21-fd597fdeee24" />
      <TestMethod codeBase="D:\v2.0\A1\_work\dbded102\bin\Release.AnyCPU\Sps.Service\MS.VS.Services.SharedPlatform.L0.Tests\MS.VS.Services.SharedPlatform.L0.Tests.dll" adapterTypeName="Microsoft.VisualStudio.TestTools.TestTypes.Unit.UnitTestAdapter" className="MS.VS.Services.SharedPlatform.L0.Tests.DependencyResolverTests" name="DependencyResolver_AddShared_ValueArgumentNull_Throws" />
    </UnitTest>
    <UnitTest name="DependencyResolver_AddShared_FactoryArgumentNull_Throws" storage="d:\v2.0\a1\_work\dbded102\bin\release.anycpu\sps.service\ms.vs.services.sharedplatform.l0.tests\ms.vs.services.sharedplatform.l0.tests.dll" id="8e0bf385-e0f9-e0c0-3221-3a9fe1446faf">
      <Execution id="1af8d919-6e31-4d55-863f-e9a3e0c930a1" />
      <TestMethod codeBase="D:\v2.0\A1\_work\dbded102\bin\Release.AnyCPU\Sps.Service\MS.VS.Services.SharedPlatform.L0.Tests\MS.VS.Services.SharedPlatform.L0.Tests.dll" adapterTypeName="Microsoft.VisualStudio.TestTools.TestTypes.Unit.UnitTestAdapter" className="MS.VS.Services.SharedPlatform.L0.Tests.DependencyResolverTests" name="DependencyResolver_AddShared_FactoryArgumentNull_Throws" />
    </UnitTest>
    <UnitTest name="DependencyResolver_AddShared_ResolverFactoryArgumentNull_Throws" storage="d:\v2.0\a1\_work\dbded102\bin\release.anycpu\sps.service\ms.vs.services.sharedplatform.l0.tests\ms.vs.services.sharedplatform.l0.tests.dll" id="3628a84e-271a-75e6-af50-246ee9bb99ca">
      <Execution id="c1d5c62d-e90b-4f85-b2f0-77735b114a3b" />
      <TestMethod codeBase="D:\v2.0\A1\_work\dbded102\bin\Release.AnyCPU\Sps.Service\MS.VS.Services.SharedPlatform.L0.Tests\MS.VS.Services.SharedPlatform.L0.Tests.dll" adapterTypeName="Microsoft.VisualStudio.TestTools.TestTypes.Unit.UnitTestAdapter" className="MS.VS.Services.SharedPlatform.L0.Tests.DependencyResolverTests" name="DependencyResolver_AddShared_ResolverFactoryArgumentNull_Throws" />
    </UnitTest>
    <UnitTest name="DependencyResolver_AddShared_RequestContextResolverFactoryArgumentNull_Throws" storage="d:\v2.0\a1\_work\dbded102\bin\release.anycpu\sps.service\ms.vs.services.sharedplatform.l0.tests\ms.vs.services.sharedplatform.l0.tests.dll" id="570e4e66-816c-b9da-3516-abf31919df32">
      <Execution id="3e0e7997-9d97-4476-a45b-01585c5be45e" />
      <TestMethod codeBase="D:\v2.0\A1\_work\dbded102\bin\Release.AnyCPU\Sps.Service\MS.VS.Services.SharedPlatform.L0.Tests\MS.VS.Services.SharedPlatform.L0.Tests.dll" adapterTypeName="Microsoft.VisualStudio.TestTools.TestTypes.Unit.UnitTestAdapter" className="MS.VS.Services.SharedPlatform.L0.Tests.DependencyResolverTests" name="DependencyResolver_AddShared_RequestContextResolverFactoryArgumentNull_Throws" />
    </UnitTest>
    <UnitTest name="DependencyResolver_Add_WhenDisposed_Throws" storage="d:\v2.0\a1\_work\dbded102\bin\release.anycpu\sps.service\ms.vs.services.sharedplatform.l0.tests\ms.vs.services.sharedplatform.l0.tests.dll" id="98352a9a-f8d0-c3af-2cc1-d1d8383df927">
      <Execution id="f05539c6-bc9d-49d5-a666-50e32e4b422f" />
      <TestMethod codeBase="D:\v2.0\A1\_work\dbded102\bin\Release.AnyCPU\Sps.Service\MS.VS.Services.SharedPlatform.L0.Tests\MS.VS.Services.SharedPlatform.L0.Tests.dll" adapterTypeName="Microsoft.VisualStudio.TestTools.TestTypes.Unit.UnitTestAdapter" className="MS.VS.Services.SharedPlatform.L0.Tests.DependencyResolverTests" name="DependencyResolver_Add_WhenDisposed_Throws" />
    </UnitTest>
    <UnitTest name="DependencyResolver_GetExport_WhenDisposed_Throws" storage="d:\v2.0\a1\_work\dbded102\bin\release.anycpu\sps.service\ms.vs.services.sharedplatform.l0.tests\ms.vs.services.sharedplatform.l0.tests.dll" id="d0faea5d-5ad5-1588-bacf-e5b0e3f67400">
      <Execution id="5c9b9f7d-9291-45f1-93e5-b8c3276ea45f" />
      <TestMethod codeBase="D:\v2.0\A1\_work\dbded102\bin\Release.AnyCPU\Sps.Service\MS.VS.Services.SharedPlatform.L0.Tests\MS.VS.Services.SharedPlatform.L0.Tests.dll" adapterTypeName="Microsoft.VisualStudio.TestTools.TestTypes.Unit.UnitTestAdapter" className="MS.VS.Services.SharedPlatform.L0.Tests.DependencyResolverTests" name="DependencyResolver_GetExport_WhenDisposed_Throws" />
    </UnitTest>
    <UnitTest name="DependencyResolver_AddSharedAndGetExport_Value_Flat" storage="d:\v2.0\a1\_work\dbded102\bin\release.anycpu\sps.service\ms.vs.services.sharedplatform.l0.tests\ms.vs.services.sharedplatform.l0.tests.dll" id="0945dec6-2ed7-9f27-ddbd-9a3acb93b411">
      <Execution id="479ade78-88c6-4937-8f3b-4d1757afda85" />
      <TestMethod codeBase="D:\v2.0\A1\_work\dbded102\bin\Release.AnyCPU\Sps.Service\MS.VS.Services.SharedPlatform.L0.Tests\MS.VS.Services.SharedPlatform.L0.Tests.dll" adapterTypeName="Microsoft.VisualStudio.TestTools.TestTypes.Unit.UnitTestAdapter" className="MS.VS.Services.SharedPlatform.L0.Tests.DependencyResolverTests" name="DependencyResolver_AddSharedAndGetExport_Value_Flat" />
    </UnitTest>
    <UnitTest name="DependencyResolver_AddSharedAndGetExport_Value_Nested_DefinedOnChildAndParent_PrefersChild" storage="d:\v2.0\a1\_work\dbded102\bin\release.anycpu\sps.service\ms.vs.services.sharedplatform.l0.tests\ms.vs.services.sharedplatform.l0.tests.dll" id="73d9e1f0-473b-de46-a355-b05eb38e1840">
      <Execution id="0cad1e9e-b6f2-482e-b1f2-f69774450d1d" />
      <TestMethod codeBase="D:\v2.0\A1\_work\dbded102\bin\Release.AnyCPU\Sps.Service\MS.VS.Services.SharedPlatform.L0.Tests\MS.VS.Services.SharedPlatform.L0.Tests.dll" adapterTypeName="Microsoft.VisualStudio.TestTools.TestTypes.Unit.UnitTestAdapter" className="MS.VS.Services.SharedPlatform.L0.Tests.DependencyResolverTests" name="DependencyResolver_AddSharedAndGetExport_Value_Nested_DefinedOnChildAndParent_PrefersChild" />
    </UnitTest>
    <UnitTest name="DependencyResolver_AddSharedAndGetExport_Value_Nested_DefinedOnParent_PrefersParent" storage="d:\v2.0\a1\_work\dbded102\bin\release.anycpu\sps.service\ms.vs.services.sharedplatform.l0.tests\ms.vs.services.sharedplatform.l0.tests.dll" id="fb2ba09a-b79e-b096-2acf-a0db9c573840">
      <Execution id="39401b4e-5203-4701-a8d3-88b768ba1a16" />
      <TestMethod codeBase="D:\v2.0\A1\_work\dbded102\bin\Release.AnyCPU\Sps.Service\MS.VS.Services.SharedPlatform.L0.Tests\MS.VS.Services.SharedPlatform.L0.Tests.dll" adapterTypeName="Microsoft.VisualStudio.TestTools.TestTypes.Unit.UnitTestAdapter" className="MS.VS.Services.SharedPlatform.L0.Tests.DependencyResolverTests" name="DependencyResolver_AddSharedAndGetExport_Value_Nested_DefinedOnParent_PrefersParent" />
    </UnitTest>
    <UnitTest name="DependencyResolver_AddSharedAndGetExport_Factory_Flat" storage="d:\v2.0\a1\_work\dbded102\bin\release.anycpu\sps.service\ms.vs.services.sharedplatform.l0.tests\ms.vs.services.sharedplatform.l0.tests.dll" id="540e8f53-0764-e23f-4aec-07e67928cdd7">
      <Execution id="1e45e675-47b5-40db-ac5e-78b253cc834c" />
      <TestMethod codeBase="D:\v2.0\A1\_work\dbded102\bin\Release.AnyCPU\Sps.Service\MS.VS.Services.SharedPlatform.L0.Tests\MS.VS.Services.SharedPlatform.L0.Tests.dll" adapterTypeName="Microsoft.VisualStudio.TestTools.TestTypes.Unit.UnitTestAdapter" className="MS.VS.Services.SharedPlatform.L0.Tests.DependencyResolverTests" name="DependencyResolver_AddSharedAndGetExport_Factory_Flat" />
    </UnitTest>
    <UnitTest name="DependencyResolver_AddSharedAndGetExport_ResolverFactory_Flat" storage="d:\v2.0\a1\_work\dbded102\bin\release.anycpu\sps.service\ms.vs.services.sharedplatform.l0.tests\ms.vs.services.sharedplatform.l0.tests.dll" id="731e876f-5016-78f3-4df5-be662a387910">
      <Execution id="41e2d5f5-2ee9-4c67-a216-9ae3a682a74a" />
      <TestMethod codeBase="D:\v2.0\A1\_work\dbded102\bin\Release.AnyCPU\Sps.Service\MS.VS.Services.SharedPlatform.L0.Tests\MS.VS.Services.SharedPlatform.L0.Tests.dll" adapterTypeName="Microsoft.VisualStudio.TestTools.TestTypes.Unit.UnitTestAdapter" className="MS.VS.Services.SharedPlatform.L0.Tests.DependencyResolverTests" name="DependencyResolver_AddSharedAndGetExport_ResolverFactory_Flat" />
    </UnitTest>
    <UnitTest name="DependencyResolver_AddAndGetExport_UsingFactory_Flat" storage="d:\v2.0\a1\_work\dbded102\bin\release.anycpu\sps.service\ms.vs.services.sharedplatform.l0.tests\ms.vs.services.sharedplatform.l0.tests.dll" id="8c592956-8247-e5d4-f9cf-acdba39f06c9">
      <Execution id="22caa516-47f6-4046-bf77-a89e6781f1fd" />
      <TestMethod codeBase="D:\v2.0\A1\_work\dbded102\bin\Release.AnyCPU\Sps.Service\MS.VS.Services.SharedPlatform.L0.Tests\MS.VS.Services.SharedPlatform.L0.Tests.dll" adapterTypeName="Microsoft.VisualStudio.TestTools.TestTypes.Unit.UnitTestAdapter" className="MS.VS.Services.SharedPlatform.L0.Tests.DependencyResolverTests" name="DependencyResolver_AddAndGetExport_UsingFactory_Flat" />
    </UnitTest>
    <UnitTest name="DependencyResolver_AddAndGetExport_UsingFactory_Nested_DefinedOnChildAndParent_PrefersChild" storage="d:\v2.0\a1\_work\dbded102\bin\release.anycpu\sps.service\ms.vs.services.sharedplatform.l0.tests\ms.vs.services.sharedplatform.l0.tests.dll" id="cb78649f-740c-2b55-6f6a-ae2b49eafd4b">
      <Execution id="ecf52f4f-4a94-41c8-a5e0-106cbea97692" />
      <TestMethod codeBase="D:\v2.0\A1\_work\dbded102\bin\Release.AnyCPU\Sps.Service\MS.VS.Services.SharedPlatform.L0.Tests\MS.VS.Services.SharedPlatform.L0.Tests.dll" adapterTypeName="Microsoft.VisualStudio.TestTools.TestTypes.Unit.UnitTestAdapter" className="MS.VS.Services.SharedPlatform.L0.Tests.DependencyResolverTests" name="DependencyResolver_AddAndGetExport_UsingFactory_Nested_DefinedOnChildAndParent_PrefersChild" />
    </UnitTest>
    <UnitTest name="DependencyResolver_AddAndGetExport_UsingFactory_Nested_DefinedOnParent_PrefersParent" storage="d:\v2.0\a1\_work\dbded102\bin\release.anycpu\sps.service\ms.vs.services.sharedplatform.l0.tests\ms.vs.services.sharedplatform.l0.tests.dll" id="00fbfce9-fe3c-b4ef-a293-0255e586d840">
      <Execution id="d7495259-e864-4e12-b74c-1f573983921c" />
      <TestMethod codeBase="D:\v2.0\A1\_work\dbded102\bin\Release.AnyCPU\Sps.Service\MS.VS.Services.SharedPlatform.L0.Tests\MS.VS.Services.SharedPlatform.L0.Tests.dll" adapterTypeName="Microsoft.VisualStudio.TestTools.TestTypes.Unit.UnitTestAdapter" className="MS.VS.Services.SharedPlatform.L0.Tests.DependencyResolverTests" name="DependencyResolver_AddAndGetExport_UsingFactory_Nested_DefinedOnParent_PrefersParent" />
    </UnitTest>
    <UnitTest name="DependencyResolver_AddAndGetExport_UsingResolverFactory_Flat" storage="d:\v2.0\a1\_work\dbded102\bin\release.anycpu\sps.service\ms.vs.services.sharedplatform.l0.tests\ms.vs.services.sharedplatform.l0.tests.dll" id="a6862753-fc3f-6570-316e-c01787e7ff42">
      <Execution id="8314d665-4226-4d24-b5f6-74a5c7acd89e" />
      <TestMethod codeBase="D:\v2.0\A1\_work\dbded102\bin\Release.AnyCPU\Sps.Service\MS.VS.Services.SharedPlatform.L0.Tests\MS.VS.Services.SharedPlatform.L0.Tests.dll" adapterTypeName="Microsoft.VisualStudio.TestTools.TestTypes.Unit.UnitTestAdapter" className="MS.VS.Services.SharedPlatform.L0.Tests.DependencyResolverTests" name="DependencyResolver_AddAndGetExport_UsingResolverFactory_Flat" />
    </UnitTest>
    <UnitTest name="DependencyResolver_AddAndGetExport_UsingResolverFactory_Nested_DefinedOnChildAndParent_PrefersChild" storage="d:\v2.0\a1\_work\dbded102\bin\release.anycpu\sps.service\ms.vs.services.sharedplatform.l0.tests\ms.vs.services.sharedplatform.l0.tests.dll" id="da2dadda-8c94-ace5-b102-6cad0bffd4c0">
      <Execution id="d44ea684-38c7-46bd-90e9-2e302f67a2ee" />
      <TestMethod codeBase="D:\v2.0\A1\_work\dbded102\bin\Release.AnyCPU\Sps.Service\MS.VS.Services.SharedPlatform.L0.Tests\MS.VS.Services.SharedPlatform.L0.Tests.dll" adapterTypeName="Microsoft.VisualStudio.TestTools.TestTypes.Unit.UnitTestAdapter" className="MS.VS.Services.SharedPlatform.L0.Tests.DependencyResolverTests" name="DependencyResolver_AddAndGetExport_UsingResolverFactory_Nested_DefinedOnChildAndParent_PrefersChild" />
    </UnitTest>
    <UnitTest name="DependencyResolver_AddAndGetExport_UsingResolverFactory_Nested_DefinedOnParent_PrefersPArent" storage="d:\v2.0\a1\_work\dbded102\bin\release.anycpu\sps.service\ms.vs.services.sharedplatform.l0.tests\ms.vs.services.sharedplatform.l0.tests.dll" id="aebfdebf-4b01-14f0-f76a-cd9d0ea947fa">
      <Execution id="cff498f1-9f59-41ad-b6db-f186cb67aab7" />
      <TestMethod codeBase="D:\v2.0\A1\_work\dbded102\bin\Release.AnyCPU\Sps.Service\MS.VS.Services.SharedPlatform.L0.Tests\MS.VS.Services.SharedPlatform.L0.Tests.dll" adapterTypeName="Microsoft.VisualStudio.TestTools.TestTypes.Unit.UnitTestAdapter" className="MS.VS.Services.SharedPlatform.L0.Tests.DependencyResolverTests" name="DependencyResolver_AddAndGetExport_UsingResolverFactory_Nested_DefinedOnParent_PrefersPArent" />
    </UnitTest>
    <UnitTest name="DependencyResolver_AddFactoryAndGetExport_UsingResolverFactory_DisposesExportWhenResolverIsDisposed" storage="d:\v2.0\a1\_work\dbded102\bin\release.anycpu\sps.service\ms.vs.services.sharedplatform.l0.tests\ms.vs.services.sharedplatform.l0.tests.dll" id="be1218cd-9854-c280-8172-13fbb9843d4c">
      <Execution id="2ecdfde3-1756-41ff-9b21-28b22cb05640" />
      <TestMethod codeBase="D:\v2.0\A1\_work\dbded102\bin\Release.AnyCPU\Sps.Service\MS.VS.Services.SharedPlatform.L0.Tests\MS.VS.Services.SharedPlatform.L0.Tests.dll" adapterTypeName="Microsoft.VisualStudio.TestTools.TestTypes.Unit.UnitTestAdapter" className="MS.VS.Services.SharedPlatform.L0.Tests.DependencyResolverTests" name="DependencyResolver_AddFactoryAndGetExport_UsingResolverFactory_DisposesExportWhenResolverIsDisposed" />
    </UnitTest>
    <UnitTest name="DependencyResolver_AddAndGetExport_UsingRequestContextResolverFactory_NoExportWhenRequestContextNotProvided" storage="d:\v2.0\a1\_work\dbded102\bin\release.anycpu\sps.service\ms.vs.services.sharedplatform.l0.tests\ms.vs.services.sharedplatform.l0.tests.dll" id="7fe2c8f9-8ada-e5b6-542c-1da6619ab2f0">
      <Execution id="def3b6e6-a80e-4f70-a88e-61346650cf39" />
      <TestMethod codeBase="D:\v2.0\A1\_work\dbded102\bin\Release.AnyCPU\Sps.Service\MS.VS.Services.SharedPlatform.L0.Tests\MS.VS.Services.SharedPlatform.L0.Tests.dll" adapterTypeName="Microsoft.VisualStudio.TestTools.TestTypes.Unit.UnitTestAdapter" className="MS.VS.Services.SharedPlatform.L0.Tests.DependencyResolverTests" name="DependencyResolver_AddAndGetExport_UsingRequestContextResolverFactory_NoExportWhenRequestContextNotProvided" />
    </UnitTest>
    <UnitTest name="DependencyResolver_AddSharedAndGetExport_UsingRequestContextResolverFactory_NoExportWhenRequestContextNotProvided" storage="d:\v2.0\a1\_work\dbded102\bin\release.anycpu\sps.service\ms.vs.services.sharedplatform.l0.tests\ms.vs.services.sharedplatform.l0.tests.dll" id="69d8f21e-c707-38b6-c6b4-e621cba659f2">
      <Execution id="ab078d13-64a9-46ff-905a-6cd336fd8820" />
      <TestMethod codeBase="D:\v2.0\A1\_work\dbded102\bin\Release.AnyCPU\Sps.Service\MS.VS.Services.SharedPlatform.L0.Tests\MS.VS.Services.SharedPlatform.L0.Tests.dll" adapterTypeName="Microsoft.VisualStudio.TestTools.TestTypes.Unit.UnitTestAdapter" className="MS.VS.Services.SharedPlatform.L0.Tests.DependencyResolverTests" name="DependencyResolver_AddSharedAndGetExport_UsingRequestContextResolverFactory_NoExportWhenRequestContextNotProvided" />
    </UnitTest>
    <UnitTest name="DependencyResolver_AddShared_Value_NoDuplicates_WhenExistingResolverDependency" storage="d:\v2.0\a1\_work\dbded102\bin\release.anycpu\sps.service\ms.vs.services.sharedplatform.l0.tests\ms.vs.services.sharedplatform.l0.tests.dll" id="7bafedfc-ab1b-9606-9633-67d2b1b138b0">
      <Execution id="2eb81392-c217-4027-b36e-7d9b92393c0a" />
      <TestMethod codeBase="D:\v2.0\A1\_work\dbded102\bin\Release.AnyCPU\Sps.Service\MS.VS.Services.SharedPlatform.L0.Tests\MS.VS.Services.SharedPlatform.L0.Tests.dll" adapterTypeName="Microsoft.VisualStudio.TestTools.TestTypes.Unit.UnitTestAdapter" className="MS.VS.Services.SharedPlatform.L0.Tests.DependencyResolverTests" name="DependencyResolver_AddShared_Value_NoDuplicates_WhenExistingResolverDependency" />
    </UnitTest>
    <UnitTest name="DependencyResolver_AddShared_Factory_NoDuplicates_WhenExistingResolverDependency" storage="d:\v2.0\a1\_work\dbded102\bin\release.anycpu\sps.service\ms.vs.services.sharedplatform.l0.tests\ms.vs.services.sharedplatform.l0.tests.dll" id="5e58a456-80b1-20fe-6cee-c8368e2372d2">
      <Execution id="baabcbf2-c675-4a6b-9cfd-203db8de3704" />
      <TestMethod codeBase="D:\v2.0\A1\_work\dbded102\bin\Release.AnyCPU\Sps.Service\MS.VS.Services.SharedPlatform.L0.Tests\MS.VS.Services.SharedPlatform.L0.Tests.dll" adapterTypeName="Microsoft.VisualStudio.TestTools.TestTypes.Unit.UnitTestAdapter" className="MS.VS.Services.SharedPlatform.L0.Tests.DependencyResolverTests" name="DependencyResolver_AddShared_Factory_NoDuplicates_WhenExistingResolverDependency" />
    </UnitTest>
    <UnitTest name="DependencyResolver_AddShared_ResolverFactory_NoDuplicates_WhenExistingResolverDependency" storage="d:\v2.0\a1\_work\dbded102\bin\release.anycpu\sps.service\ms.vs.services.sharedplatform.l0.tests\ms.vs.services.sharedplatform.l0.tests.dll" id="bea0b39d-d49e-7e68-f0ff-547a2a89a5d9">
      <Execution id="20901e23-2b54-40a5-8456-ff2cab1c63cd" />
      <TestMethod codeBase="D:\v2.0\A1\_work\dbded102\bin\Release.AnyCPU\Sps.Service\MS.VS.Services.SharedPlatform.L0.Tests\MS.VS.Services.SharedPlatform.L0.Tests.dll" adapterTypeName="Microsoft.VisualStudio.TestTools.TestTypes.Unit.UnitTestAdapter" className="MS.VS.Services.SharedPlatform.L0.Tests.DependencyResolverTests" name="DependencyResolver_AddShared_ResolverFactory_NoDuplicates_WhenExistingResolverDependency" />
    </UnitTest>
    <UnitTest name="DependencyResolver_AddShared_RequestContextResolverFactory_NoDuplicates_WhenExistingResolverDependency" storage="d:\v2.0\a1\_work\dbded102\bin\release.anycpu\sps.service\ms.vs.services.sharedplatform.l0.tests\ms.vs.services.sharedplatform.l0.tests.dll" id="0490008a-ee87-9f5b-44ae-91b0feebc1b8">
      <Execution id="e4978df4-3808-45e2-81a2-5499b2f0b500" />
      <TestMethod codeBase="D:\v2.0\A1\_work\dbded102\bin\Release.AnyCPU\Sps.Service\MS.VS.Services.SharedPlatform.L0.Tests\MS.VS.Services.SharedPlatform.L0.Tests.dll" adapterTypeName="Microsoft.VisualStudio.TestTools.TestTypes.Unit.UnitTestAdapter" className="MS.VS.Services.SharedPlatform.L0.Tests.DependencyResolverTests" name="DependencyResolver_AddShared_RequestContextResolverFactory_NoDuplicates_WhenExistingResolverDependency" />
    </UnitTest>
    <UnitTest name="DependencyResolver_AddResolverFactory_NoDuplicates_WhenExistingResolverDependency" storage="d:\v2.0\a1\_work\dbded102\bin\release.anycpu\sps.service\ms.vs.services.sharedplatform.l0.tests\ms.vs.services.sharedplatform.l0.tests.dll" id="9c4315c2-38dc-19bd-d6aa-d9b9ad2f3205">
      <Execution id="66d40fb8-020c-4d53-8f6d-dec3fd3c0f3d" />
      <TestMethod codeBase="D:\v2.0\A1\_work\dbded102\bin\Release.AnyCPU\Sps.Service\MS.VS.Services.SharedPlatform.L0.Tests\MS.VS.Services.SharedPlatform.L0.Tests.dll" adapterTypeName="Microsoft.VisualStudio.TestTools.TestTypes.Unit.UnitTestAdapter" className="MS.VS.Services.SharedPlatform.L0.Tests.DependencyResolverTests" name="DependencyResolver_AddResolverFactory_NoDuplicates_WhenExistingResolverDependency" />
    </UnitTest>
    <UnitTest name="DependencyResolver_AddRequestContextResolverFactory_NoDuplicates_WhenExistingResolverDependency" storage="d:\v2.0\a1\_work\dbded102\bin\release.anycpu\sps.service\ms.vs.services.sharedplatform.l0.tests\ms.vs.services.sharedplatform.l0.tests.dll" id="8858d918-b61c-3542-77ad-1afdadf15384">
      <Execution id="85bb2a7a-2029-4542-a76a-cd36ae0cdf24" />
      <TestMethod codeBase="D:\v2.0\A1\_work\dbded102\bin\Release.AnyCPU\Sps.Service\MS.VS.Services.SharedPlatform.L0.Tests\MS.VS.Services.SharedPlatform.L0.Tests.dll" adapterTypeName="Microsoft.VisualStudio.TestTools.TestTypes.Unit.UnitTestAdapter" className="MS.VS.Services.SharedPlatform.L0.Tests.DependencyResolverTests" name="DependencyResolver_AddRequestContextResolverFactory_NoDuplicates_WhenExistingResolverDependency" />
    </UnitTest>
    <UnitTest name="DependencyResolver_AddSharedValue_NoDuplicates_WhenExistingRequestContextResolverDependency" storage="d:\v2.0\a1\_work\dbded102\bin\release.anycpu\sps.service\ms.vs.services.sharedplatform.l0.tests\ms.vs.services.sharedplatform.l0.tests.dll" id="9d7aa59e-e2fa-6938-2809-c6a9b0c01197">
      <Execution id="8fc9f3ea-f389-4ae7-9845-031e883dee31" />
      <TestMethod codeBase="D:\v2.0\A1\_work\dbded102\bin\Release.AnyCPU\Sps.Service\MS.VS.Services.SharedPlatform.L0.Tests\MS.VS.Services.SharedPlatform.L0.Tests.dll" adapterTypeName="Microsoft.VisualStudio.TestTools.TestTypes.Unit.UnitTestAdapter" className="MS.VS.Services.SharedPlatform.L0.Tests.DependencyResolverTests" name="DependencyResolver_AddSharedValue_NoDuplicates_WhenExistingRequestContextResolverDependency" />
    </UnitTest>
    <UnitTest name="DependencyResolver_AddSharedFactory_NoDuplicates_WhenExistingRequestContextResolverDependency" storage="d:\v2.0\a1\_work\dbded102\bin\release.anycpu\sps.service\ms.vs.services.sharedplatform.l0.tests\ms.vs.services.sharedplatform.l0.tests.dll" id="c3c732ff-60df-5629-9772-47eb95e71ecc">
      <Execution id="9d59f0f6-b9d6-4d5a-b5bc-773b8b918fbc" />
      <TestMethod codeBase="D:\v2.0\A1\_work\dbded102\bin\Release.AnyCPU\Sps.Service\MS.VS.Services.SharedPlatform.L0.Tests\MS.VS.Services.SharedPlatform.L0.Tests.dll" adapterTypeName="Microsoft.VisualStudio.TestTools.TestTypes.Unit.UnitTestAdapter" className="MS.VS.Services.SharedPlatform.L0.Tests.DependencyResolverTests" name="DependencyResolver_AddSharedFactory_NoDuplicates_WhenExistingRequestContextResolverDependency" />
    </UnitTest>
    <UnitTest name="DependencyResolver_AddResolverFactory_NoDuplicates_WhenExistingRequestContextResolverDependency" storage="d:\v2.0\a1\_work\dbded102\bin\release.anycpu\sps.service\ms.vs.services.sharedplatform.l0.tests\ms.vs.services.sharedplatform.l0.tests.dll" id="469679f0-e88c-1cbd-731f-47f18a80c750">
      <Execution id="b80a671c-768a-4bd9-b556-51d79159d160" />
      <TestMethod codeBase="D:\v2.0\A1\_work\dbded102\bin\Release.AnyCPU\Sps.Service\MS.VS.Services.SharedPlatform.L0.Tests\MS.VS.Services.SharedPlatform.L0.Tests.dll" adapterTypeName="Microsoft.VisualStudio.TestTools.TestTypes.Unit.UnitTestAdapter" className="MS.VS.Services.SharedPlatform.L0.Tests.DependencyResolverTests" name="DependencyResolver_AddResolverFactory_NoDuplicates_WhenExistingRequestContextResolverDependency" />
    </UnitTest>
    <UnitTest name="DependencyResolver_AddRequestContextResolverFactory_NoDuplicates_WhenExistingRequestContextResolverDependency" storage="d:\v2.0\a1\_work\dbded102\bin\release.anycpu\sps.service\ms.vs.services.sharedplatform.l0.tests\ms.vs.services.sharedplatform.l0.tests.dll" id="c19325b8-b02c-5a39-4969-5a854ddefe45">
      <Execution id="100f2ebb-91fc-44ca-8798-b58d0c66c8fc" />
      <TestMethod codeBase="D:\v2.0\A1\_work\dbded102\bin\Release.AnyCPU\Sps.Service\MS.VS.Services.SharedPlatform.L0.Tests\MS.VS.Services.SharedPlatform.L0.Tests.dll" adapterTypeName="Microsoft.VisualStudio.TestTools.TestTypes.Unit.UnitTestAdapter" className="MS.VS.Services.SharedPlatform.L0.Tests.DependencyResolverTests" name="DependencyResolver_AddRequestContextResolverFactory_NoDuplicates_WhenExistingRequestContextResolverDependency" />
    </UnitTest>
    <UnitTest name="SignedInController_SignedIn_EndToEnd" storage="d:\v2.0\a1\_work\dbded102\bin\release.anycpu\sps.service\ms.vs.services.sharedplatform.l0.tests\ms.vs.services.sharedplatform.l0.tests.dll" id="37d81fe1-efc5-7670-49df-0802d18095a9">
      <Execution id="4068f33f-9281-49fb-98c1-d8fb457e44c3" />
      <TestMethod codeBase="D:\v2.0\A1\_work\dbded102\bin\Release.AnyCPU\Sps.Service\MS.VS.Services.SharedPlatform.L0.Tests\MS.VS.Services.SharedPlatform.L0.Tests.dll" adapterTypeName="Microsoft.VisualStudio.TestTools.TestTypes.Unit.UnitTestAdapter" className="MS.VS.Services.SharedPlatform.L0.Tests.SignedInControllerTests" name="SignedInController_SignedIn_EndToEnd" />
    </UnitTest>
    <UnitTest name="SignedInController_SignedIn_WhenAllParametersMissing" storage="d:\v2.0\a1\_work\dbded102\bin\release.anycpu\sps.service\ms.vs.services.sharedplatform.l0.tests\ms.vs.services.sharedplatform.l0.tests.dll" id="08cdef4f-d0e3-c30e-cc92-9fc970b263ed">
      <Execution id="1a267b38-eb3d-4d7b-86af-b149ee4e4586" />
      <TestMethod codeBase="D:\v2.0\A1\_work\dbded102\bin\Release.AnyCPU\Sps.Service\MS.VS.Services.SharedPlatform.L0.Tests\MS.VS.Services.SharedPlatform.L0.Tests.dll" adapterTypeName="Microsoft.VisualStudio.TestTools.TestTypes.Unit.UnitTestAdapter" className="MS.VS.Services.SharedPlatform.L0.Tests.SignedInControllerTests" name="SignedInController_SignedIn_WhenAllParametersMissing" />
    </UnitTest>
    <UnitTest name="SignedInController_SignedIn_WhenInvalidReplyTo" storage="d:\v2.0\a1\_work\dbded102\bin\release.anycpu\sps.service\ms.vs.services.sharedplatform.l0.tests\ms.vs.services.sharedplatform.l0.tests.dll" id="3daeb082-5553-0737-9f8a-e88498b14d08">
      <Execution id="3cc24c03-bdd3-46d5-8106-bc0d214e4569" />
      <TestMethod codeBase="D:\v2.0\A1\_work\dbded102\bin\Release.AnyCPU\Sps.Service\MS.VS.Services.SharedPlatform.L0.Tests\MS.VS.Services.SharedPlatform.L0.Tests.dll" adapterTypeName="Microsoft.VisualStudio.TestTools.TestTypes.Unit.UnitTestAdapter" className="MS.VS.Services.SharedPlatform.L0.Tests.SignedInControllerTests" name="SignedInController_SignedIn_WhenInvalidReplyTo" />
    </UnitTest>
    <UnitTest name="SignedInController_SignedIn_WhenInvalidProtocol" storage="d:\v2.0\a1\_work\dbded102\bin\release.anycpu\sps.service\ms.vs.services.sharedplatform.l0.tests\ms.vs.services.sharedplatform.l0.tests.dll" id="6274b27a-d3ea-82e6-d186-2549aee19785">
      <Execution id="5b2cf9c3-9eac-4cbb-b677-cdb802c05770" />
      <TestMethod codeBase="D:\v2.0\A1\_work\dbded102\bin\Release.AnyCPU\Sps.Service\MS.VS.Services.SharedPlatform.L0.Tests\MS.VS.Services.SharedPlatform.L0.Tests.dll" adapterTypeName="Microsoft.VisualStudio.TestTools.TestTypes.Unit.UnitTestAdapter" className="MS.VS.Services.SharedPlatform.L0.Tests.SignedInControllerTests" name="SignedInController_SignedIn_WhenInvalidProtocol" />
    </UnitTest>
    <UnitTest name="SignedInController_SignedIn_WhenUnregisteredReplyTo" storage="d:\v2.0\a1\_work\dbded102\bin\release.anycpu\sps.service\ms.vs.services.sharedplatform.l0.tests\ms.vs.services.sharedplatform.l0.tests.dll" id="b753e39c-0657-a23a-9e84-0aa8ecdccbf4">
      <Execution id="89d900ce-fb2a-4b63-b41f-d9f6c3032e14" />
      <TestMethod codeBase="D:\v2.0\A1\_work\dbded102\bin\Release.AnyCPU\Sps.Service\MS.VS.Services.SharedPlatform.L0.Tests\MS.VS.Services.SharedPlatform.L0.Tests.dll" adapterTypeName="Microsoft.VisualStudio.TestTools.TestTypes.Unit.UnitTestAdapter" className="MS.VS.Services.SharedPlatform.L0.Tests.SignedInControllerTests" name="SignedInController_SignedIn_WhenUnregisteredReplyTo" />
    </UnitTest>
    <UnitTest name="SignedInController_SignedIn_WhenRegisteredReplyTo" storage="d:\v2.0\a1\_work\dbded102\bin\release.anycpu\sps.service\ms.vs.services.sharedplatform.l0.tests\ms.vs.services.sharedplatform.l0.tests.dll" id="29f28b1a-273c-d465-5d1f-cd256c41f723">
      <Execution id="275e589e-af19-4748-b53e-4a2d34195503" />
      <TestMethod codeBase="D:\v2.0\A1\_work\dbded102\bin\Release.AnyCPU\Sps.Service\MS.VS.Services.SharedPlatform.L0.Tests\MS.VS.Services.SharedPlatform.L0.Tests.dll" adapterTypeName="Microsoft.VisualStudio.TestTools.TestTypes.Unit.UnitTestAdapter" className="MS.VS.Services.SharedPlatform.L0.Tests.SignedInControllerTests" name="SignedInController_SignedIn_WhenRegisteredReplyTo" />
    </UnitTest>
    <UnitTest name="SignedInController_SignedIn_WhenRegisteredSubdomainReplyTo" storage="d:\v2.0\a1\_work\dbded102\bin\release.anycpu\sps.service\ms.vs.services.sharedplatform.l0.tests\ms.vs.services.sharedplatform.l0.tests.dll" id="f0b5aa87-9abe-0741-4d8f-5b524d5b54de">
      <Execution id="cff110cb-c98e-4c1c-95af-b461da435d20" />
      <TestMethod codeBase="D:\v2.0\A1\_work\dbded102\bin\Release.AnyCPU\Sps.Service\MS.VS.Services.SharedPlatform.L0.Tests\MS.VS.Services.SharedPlatform.L0.Tests.dll" adapterTypeName="Microsoft.VisualStudio.TestTools.TestTypes.Unit.UnitTestAdapter" className="MS.VS.Services.SharedPlatform.L0.Tests.SignedInControllerTests" name="SignedInController_SignedIn_WhenRegisteredSubdomainReplyTo" />
    </UnitTest>
    <UnitTest name="SignedInController_SignedIn_WhenSameDomainReplyTo" storage="d:\v2.0\a1\_work\dbded102\bin\release.anycpu\sps.service\ms.vs.services.sharedplatform.l0.tests\ms.vs.services.sharedplatform.l0.tests.dll" id="32503eae-1129-dc33-b64b-6a7761941393">
      <Execution id="24f8ca9f-28b9-4fb9-8b31-dd834f5e4cde" />
      <TestMethod codeBase="D:\v2.0\A1\_work\dbded102\bin\Release.AnyCPU\Sps.Service\MS.VS.Services.SharedPlatform.L0.Tests\MS.VS.Services.SharedPlatform.L0.Tests.dll" adapterTypeName="Microsoft.VisualStudio.TestTools.TestTypes.Unit.UnitTestAdapter" className="MS.VS.Services.SharedPlatform.L0.Tests.SignedInControllerTests" name="SignedInController_SignedIn_WhenSameDomainReplyTo" />
    </UnitTest>
    <UnitTest name="SignedInController_SignedIn_WhenSameRealmReplyTo" storage="d:\v2.0\a1\_work\dbded102\bin\release.anycpu\sps.service\ms.vs.services.sharedplatform.l0.tests\ms.vs.services.sharedplatform.l0.tests.dll" id="ff033488-c500-d626-f27e-0f364447b7ce">
      <Execution id="97651152-7a59-4638-923b-bf95e54913d5" />
      <TestMethod codeBase="D:\v2.0\A1\_work\dbded102\bin\Release.AnyCPU\Sps.Service\MS.VS.Services.SharedPlatform.L0.Tests\MS.VS.Services.SharedPlatform.L0.Tests.dll" adapterTypeName="Microsoft.VisualStudio.TestTools.TestTypes.Unit.UnitTestAdapter" className="MS.VS.Services.SharedPlatform.L0.Tests.SignedInControllerTests" name="SignedInController_SignedIn_WhenSameRealmReplyTo" />
    </UnitTest>
    <UnitTest name="SignedInController_SignedIn_WhenDifferentRealmReplyTo" storage="d:\v2.0\a1\_work\dbded102\bin\release.anycpu\sps.service\ms.vs.services.sharedplatform.l0.tests\ms.vs.services.sharedplatform.l0.tests.dll" id="f2ae776c-df8a-05a0-9327-e9698e833bc2">
      <Execution id="fd4f7621-b20c-43ff-b794-ce8b449afad6" />
      <TestMethod codeBase="D:\v2.0\A1\_work\dbded102\bin\Release.AnyCPU\Sps.Service\MS.VS.Services.SharedPlatform.L0.Tests\MS.VS.Services.SharedPlatform.L0.Tests.dll" adapterTypeName="Microsoft.VisualStudio.TestTools.TestTypes.Unit.UnitTestAdapter" className="MS.VS.Services.SharedPlatform.L0.Tests.SignedInControllerTests" name="SignedInController_SignedIn_WhenDifferentRealmReplyTo" />
    </UnitTest>
    <UnitTest name="SignedInController_SignedIn_WhenSameRealmReplyToPortDifferent" storage="d:\v2.0\a1\_work\dbded102\bin\release.anycpu\sps.service\ms.vs.services.sharedplatform.l0.tests\ms.vs.services.sharedplatform.l0.tests.dll" id="a571d5fb-cce4-792e-7478-be4340c893bd">
      <Execution id="dd9f8c01-1590-49f7-a11a-b60eef0e8c3d" />
      <TestMethod codeBase="D:\v2.0\A1\_work\dbded102\bin\Release.AnyCPU\Sps.Service\MS.VS.Services.SharedPlatform.L0.Tests\MS.VS.Services.SharedPlatform.L0.Tests.dll" adapterTypeName="Microsoft.VisualStudio.TestTools.TestTypes.Unit.UnitTestAdapter" className="MS.VS.Services.SharedPlatform.L0.Tests.SignedInControllerTests" name="SignedInController_SignedIn_WhenSameRealmReplyToPortDifferent" />
    </UnitTest>
    <UnitTest name="SignedInController_SignedIn_WhenDifferentRealmReplyToPortDifferent" storage="d:\v2.0\a1\_work\dbded102\bin\release.anycpu\sps.service\ms.vs.services.sharedplatform.l0.tests\ms.vs.services.sharedplatform.l0.tests.dll" id="189957b7-0984-458e-1b40-fe7d8e307b6d">
      <Execution id="84adf492-f853-49b9-bd48-733af690ead2" />
      <TestMethod codeBase="D:\v2.0\A1\_work\dbded102\bin\Release.AnyCPU\Sps.Service\MS.VS.Services.SharedPlatform.L0.Tests\MS.VS.Services.SharedPlatform.L0.Tests.dll" adapterTypeName="Microsoft.VisualStudio.TestTools.TestTypes.Unit.UnitTestAdapter" className="MS.VS.Services.SharedPlatform.L0.Tests.SignedInControllerTests" name="SignedInController_SignedIn_WhenDifferentRealmReplyToPortDifferent" />
    </UnitTest>
    <UnitTest name="SignedInController_SignedIn_WhenInvalidRealmSameDomainReplyTo" storage="d:\v2.0\a1\_work\dbded102\bin\release.anycpu\sps.service\ms.vs.services.sharedplatform.l0.tests\ms.vs.services.sharedplatform.l0.tests.dll" id="1dd788a2-bc7d-e150-0830-ad4cbcf24035">
      <Execution id="f7a69da9-4909-4da4-9bb1-5954636eeaea" />
      <TestMethod codeBase="D:\v2.0\A1\_work\dbded102\bin\Release.AnyCPU\Sps.Service\MS.VS.Services.SharedPlatform.L0.Tests\MS.VS.Services.SharedPlatform.L0.Tests.dll" adapterTypeName="Microsoft.VisualStudio.TestTools.TestTypes.Unit.UnitTestAdapter" className="MS.VS.Services.SharedPlatform.L0.Tests.SignedInControllerTests" name="SignedInController_SignedIn_WhenInvalidRealmSameDomainReplyTo" />
    </UnitTest>
    <UnitTest name="SignedInController_SignedIn_WhenInvalidRealmUnregisteredReplyTo" storage="d:\v2.0\a1\_work\dbded102\bin\release.anycpu\sps.service\ms.vs.services.sharedplatform.l0.tests\ms.vs.services.sharedplatform.l0.tests.dll" id="1244a623-9c7c-9a17-5151-3781d2444ff8">
      <Execution id="2a586e23-5a27-4082-858e-c752b7be6ef0" />
      <TestMethod codeBase="D:\v2.0\A1\_work\dbded102\bin\Release.AnyCPU\Sps.Service\MS.VS.Services.SharedPlatform.L0.Tests\MS.VS.Services.SharedPlatform.L0.Tests.dll" adapterTypeName="Microsoft.VisualStudio.TestTools.TestTypes.Unit.UnitTestAdapter" className="MS.VS.Services.SharedPlatform.L0.Tests.SignedInControllerTests" name="SignedInController_SignedIn_WhenInvalidRealmUnregisteredReplyTo" />
    </UnitTest>
    <UnitTest name="SignedInController_SignedIn_WhenStaticRealmRegisteredReplyTo" storage="d:\v2.0\a1\_work\dbded102\bin\release.anycpu\sps.service\ms.vs.services.sharedplatform.l0.tests\ms.vs.services.sharedplatform.l0.tests.dll" id="49e425fa-6abc-3dce-b180-d76e3ef6c937">
      <Execution id="e7c7dd39-5277-4927-900b-6da7b6041d79" />
      <TestMethod codeBase="D:\v2.0\A1\_work\dbded102\bin\Release.AnyCPU\Sps.Service\MS.VS.Services.SharedPlatform.L0.Tests\MS.VS.Services.SharedPlatform.L0.Tests.dll" adapterTypeName="Microsoft.VisualStudio.TestTools.TestTypes.Unit.UnitTestAdapter" className="MS.VS.Services.SharedPlatform.L0.Tests.SignedInControllerTests" name="SignedInController_SignedIn_WhenStaticRealmRegisteredReplyTo" />
    </UnitTest>
    <UnitTest name="SignedInController_SignedIn_WhenRegisteredRealmAndReplyToDoNotMatchUrlAndRealmIsNotDomain" storage="d:\v2.0\a1\_work\dbded102\bin\release.anycpu\sps.service\ms.vs.services.sharedplatform.l0.tests\ms.vs.services.sharedplatform.l0.tests.dll" id="b390f492-62b3-7b2d-b556-4c030282d10a">
      <Execution id="687b327d-ba71-4956-9239-6ea8bc01251d" />
      <TestMethod codeBase="D:\v2.0\A1\_work\dbded102\bin\Release.AnyCPU\Sps.Service\MS.VS.Services.SharedPlatform.L0.Tests\MS.VS.Services.SharedPlatform.L0.Tests.dll" adapterTypeName="Microsoft.VisualStudio.TestTools.TestTypes.Unit.UnitTestAdapter" className="MS.VS.Services.SharedPlatform.L0.Tests.SignedInControllerTests" name="SignedInController_SignedIn_WhenRegisteredRealmAndReplyToDoNotMatchUrlAndRealmIsNotDomain" />
    </UnitTest>
    <UnitTest name="SignedInController_SignedIn_WhenStaticAbsoluteRealmRegisteredReplyTo" storage="d:\v2.0\a1\_work\dbded102\bin\release.anycpu\sps.service\ms.vs.services.sharedplatform.l0.tests\ms.vs.services.sharedplatform.l0.tests.dll" id="b12ee9b2-11a0-7822-2599-856e563480b2">
      <Execution id="93767906-8c26-43c9-89f0-c3cb11d53071" />
      <TestMethod codeBase="D:\v2.0\A1\_work\dbded102\bin\Release.AnyCPU\Sps.Service\MS.VS.Services.SharedPlatform.L0.Tests\MS.VS.Services.SharedPlatform.L0.Tests.dll" adapterTypeName="Microsoft.VisualStudio.TestTools.TestTypes.Unit.UnitTestAdapter" className="MS.VS.Services.SharedPlatform.L0.Tests.SignedInControllerTests" name="SignedInController_SignedIn_WhenStaticAbsoluteRealmRegisteredReplyTo" />
    </UnitTest>
    <UnitTest name="SignedInController_SignedIn_WhenRealmFrameworkDeploymentHost" storage="d:\v2.0\a1\_work\dbded102\bin\release.anycpu\sps.service\ms.vs.services.sharedplatform.l0.tests\ms.vs.services.sharedplatform.l0.tests.dll" id="b221170f-16b9-857e-148c-6f4d65e8e2de">
      <Execution id="45f62d86-1611-4b76-b51f-e1b03d89c484" />
      <TestMethod codeBase="D:\v2.0\A1\_work\dbded102\bin\Release.AnyCPU\Sps.Service\MS.VS.Services.SharedPlatform.L0.Tests\MS.VS.Services.SharedPlatform.L0.Tests.dll" adapterTypeName="Microsoft.VisualStudio.TestTools.TestTypes.Unit.UnitTestAdapter" className="MS.VS.Services.SharedPlatform.L0.Tests.SignedInControllerTests" name="SignedInController_SignedIn_WhenRealmFrameworkDeploymentHost" />
    </UnitTest>
    <UnitTest name="SignedInController_SignedIn_WhenStaticRealmUnregisteredReplyTo" storage="d:\v2.0\a1\_work\dbded102\bin\release.anycpu\sps.service\ms.vs.services.sharedplatform.l0.tests\ms.vs.services.sharedplatform.l0.tests.dll" id="28e6d59d-d4ce-7a2a-f042-f7580c3c221d">
      <Execution id="c378d5d2-fa7f-4636-990e-257df51a59b5" />
      <TestMethod codeBase="D:\v2.0\A1\_work\dbded102\bin\Release.AnyCPU\Sps.Service\MS.VS.Services.SharedPlatform.L0.Tests\MS.VS.Services.SharedPlatform.L0.Tests.dll" adapterTypeName="Microsoft.VisualStudio.TestTools.TestTypes.Unit.UnitTestAdapter" className="MS.VS.Services.SharedPlatform.L0.Tests.SignedInControllerTests" name="SignedInController_SignedIn_WhenStaticRealmUnregisteredReplyTo" />
    </UnitTest>
    <UnitTest name="GetToken_should_throw_argument_null_when_resource_is_null" storage="d:\v2.0\a1\_work\dbded102\bin\release.anycpu\sps.service\ms.vs.services.sharedplatform.l0.tests\ms.vs.services.sharedplatform.l0.tests.dll" id="33dc12a5-7346-430d-77f8-b031b028f597">
      <Execution id="5fd5efb9-f202-4b2b-95fc-9c2290a25a44" />
      <TestMethod codeBase="D:\v2.0\A1\_work\dbded102\bin\Release.AnyCPU\Sps.Service\MS.VS.Services.SharedPlatform.L0.Tests\MS.VS.Services.SharedPlatform.L0.Tests.dll" adapterTypeName="Microsoft.VisualStudio.TestTools.TestTypes.Unit.UnitTestAdapter" className="MS.VS.Services.SharedPlatform.L0.Testss.AzureActiveDirectory.AadUserTokenControllerTests+AadUserTokenController_GetToken" name="GetToken_should_throw_argument_null_when_resource_is_null" />
    </UnitTest>
    <UnitTest name="GetToken_should_throw_argument_null_when_tenant_is_null" storage="d:\v2.0\a1\_work\dbded102\bin\release.anycpu\sps.service\ms.vs.services.sharedplatform.l0.tests\ms.vs.services.sharedplatform.l0.tests.dll" id="6074498b-e339-0194-72ee-7fb982ea5226">
      <Execution id="b2857acb-ed3a-4037-b756-161ece6b290b" />
      <TestMethod codeBase="D:\v2.0\A1\_work\dbded102\bin\Release.AnyCPU\Sps.Service\MS.VS.Services.SharedPlatform.L0.Tests\MS.VS.Services.SharedPlatform.L0.Tests.dll" adapterTypeName="Microsoft.VisualStudio.TestTools.TestTypes.Unit.UnitTestAdapter" className="MS.VS.Services.SharedPlatform.L0.Testss.AzureActiveDirectory.AadUserTokenControllerTests+AadUserTokenController_GetToken" name="GetToken_should_throw_argument_null_when_tenant_is_null" />
    </UnitTest>
    <UnitTest name="GetToken_should_throw_identity_not_found_when_identity_is_not_a_proper_formatted_identity_descriptor" storage="d:\v2.0\a1\_work\dbded102\bin\release.anycpu\sps.service\ms.vs.services.sharedplatform.l0.tests\ms.vs.services.sharedplatform.l0.tests.dll" id="ed4931f0-33da-43f1-b1af-3601afe434eb">
      <Execution id="4dd079eb-9ca2-4ce6-84fd-a02f3db12b84" />
      <TestMethod codeBase="D:\v2.0\A1\_work\dbded102\bin\Release.AnyCPU\Sps.Service\MS.VS.Services.SharedPlatform.L0.Tests\MS.VS.Services.SharedPlatform.L0.Tests.dll" adapterTypeName="Microsoft.VisualStudio.TestTools.TestTypes.Unit.UnitTestAdapter" className="MS.VS.Services.SharedPlatform.L0.Testss.AzureActiveDirectory.AadUserTokenControllerTests+AadUserTokenController_GetToken" name="GetToken_should_throw_identity_not_found_when_identity_is_not_a_proper_formatted_identity_descriptor" />
    </UnitTest>
    <UnitTest name="GetToken_should_get_token_for_identity_when_authenticated_identity_is_same" storage="d:\v2.0\a1\_work\dbded102\bin\release.anycpu\sps.service\ms.vs.services.sharedplatform.l0.tests\ms.vs.services.sharedplatform.l0.tests.dll" id="3d539131-c4d8-1c6a-9044-599bba1d3fc8">
      <Execution id="3feb04de-cea8-476a-97bf-72e87f13a13e" />
      <TestMethod codeBase="D:\v2.0\A1\_work\dbded102\bin\Release.AnyCPU\Sps.Service\MS.VS.Services.SharedPlatform.L0.Tests\MS.VS.Services.SharedPlatform.L0.Tests.dll" adapterTypeName="Microsoft.VisualStudio.TestTools.TestTypes.Unit.UnitTestAdapter" className="MS.VS.Services.SharedPlatform.L0.Testss.AzureActiveDirectory.AadUserTokenControllerTests+AadUserTokenController_GetToken" name="GetToken_should_get_token_for_identity_when_authenticated_identity_is_same" />
    </UnitTest>
    <UnitTest name="GetToken_should_get_token_for_identity_when_authenticated_identity_is_service_identity" storage="d:\v2.0\a1\_work\dbded102\bin\release.anycpu\sps.service\ms.vs.services.sharedplatform.l0.tests\ms.vs.services.sharedplatform.l0.tests.dll" id="10c7775d-ecfe-dc35-d46e-54024de43ca1">
      <Execution id="9ee8ff3d-7c2f-4ac7-91be-0242b001ca41" />
      <TestMethod codeBase="D:\v2.0\A1\_work\dbded102\bin\Release.AnyCPU\Sps.Service\MS.VS.Services.SharedPlatform.L0.Tests\MS.VS.Services.SharedPlatform.L0.Tests.dll" adapterTypeName="Microsoft.VisualStudio.TestTools.TestTypes.Unit.UnitTestAdapter" className="MS.VS.Services.SharedPlatform.L0.Testss.AzureActiveDirectory.AadUserTokenControllerTests+AadUserTokenController_GetToken" name="GetToken_should_get_token_for_identity_when_authenticated_identity_is_service_identity" />
    </UnitTest>
    <UnitTest name="GetToken_should_throw_aad_authorization_exception_when_identity_is_not_same_as_authenticated_identity_and_not_service_identity" storage="d:\v2.0\a1\_work\dbded102\bin\release.anycpu\sps.service\ms.vs.services.sharedplatform.l0.tests\ms.vs.services.sharedplatform.l0.tests.dll" id="2f46fa70-e942-3ad9-5854-3d75a21e393d">
      <Execution id="5bcc33b8-7b77-4d2d-993f-fd721171b372" />
      <TestMethod codeBase="D:\v2.0\A1\_work\dbded102\bin\Release.AnyCPU\Sps.Service\MS.VS.Services.SharedPlatform.L0.Tests\MS.VS.Services.SharedPlatform.L0.Tests.dll" adapterTypeName="Microsoft.VisualStudio.TestTools.TestTypes.Unit.UnitTestAdapter" className="MS.VS.Services.SharedPlatform.L0.Testss.AzureActiveDirectory.AadUserTokenControllerTests+AadUserTokenController_GetToken" name="GetToken_should_throw_aad_authorization_exception_when_identity_is_not_same_as_authenticated_identity_and_not_service_identity" />
    </UnitTest>
    <UnitTest name="GetToken_should_get_token_for_identity_when_identity_is_not_same_as_authenticated_identity_and_context_is_system_context" storage="d:\v2.0\a1\_work\dbded102\bin\release.anycpu\sps.service\ms.vs.services.sharedplatform.l0.tests\ms.vs.services.sharedplatform.l0.tests.dll" id="967993f8-0818-69a5-2c90-8f4585611086">
      <Execution id="42d275bd-5a81-404d-89e5-cf3ddc9e2f53" />
      <TestMethod codeBase="D:\v2.0\A1\_work\dbded102\bin\Release.AnyCPU\Sps.Service\MS.VS.Services.SharedPlatform.L0.Tests\MS.VS.Services.SharedPlatform.L0.Tests.dll" adapterTypeName="Microsoft.VisualStudio.TestTools.TestTypes.Unit.UnitTestAdapter" className="MS.VS.Services.SharedPlatform.L0.Testss.AzureActiveDirectory.AadUserTokenControllerTests+AadUserTokenController_GetToken" name="GetToken_should_get_token_for_identity_when_identity_is_not_same_as_authenticated_identity_and_context_is_system_context" />
    </UnitTest>
    <UnitTest name="AadAppTokensController_GetToken_should_throw_argument_null_when_resource_is_null" storage="d:\v2.0\a1\_work\dbded102\bin\release.anycpu\sps.service\ms.vs.services.sharedplatform.l0.tests\ms.vs.services.sharedplatform.l0.tests.dll" id="b3312b7f-8941-7a14-8479-fe037719319c">
      <Execution id="d506972d-d89c-43f0-b337-f72b11867903" />
      <TestMethod codeBase="D:\v2.0\A1\_work\dbded102\bin\Release.AnyCPU\Sps.Service\MS.VS.Services.SharedPlatform.L0.Tests\MS.VS.Services.SharedPlatform.L0.Tests.dll" adapterTypeName="Microsoft.VisualStudio.TestTools.TestTypes.Unit.UnitTestAdapter" className="MS.VS.Services.SharedPlatform.L0.Tests.AzureActiveDirectory.AadAppTokensControllerTests+AadAppTokensController_GetToken" name="AadAppTokensController_GetToken_should_throw_argument_null_when_resource_is_null" />
    </UnitTest>
    <UnitTest name="AadAppTokensController_GetToken_should_throw_argument_null_when_tenant_is_null" storage="d:\v2.0\a1\_work\dbded102\bin\release.anycpu\sps.service\ms.vs.services.sharedplatform.l0.tests\ms.vs.services.sharedplatform.l0.tests.dll" id="9d6e5d24-0633-6df7-b975-b6e90aea9feb">
      <Execution id="29efc218-7faa-413c-96d7-c89010f3f7e0" />
      <TestMethod codeBase="D:\v2.0\A1\_work\dbded102\bin\Release.AnyCPU\Sps.Service\MS.VS.Services.SharedPlatform.L0.Tests\MS.VS.Services.SharedPlatform.L0.Tests.dll" adapterTypeName="Microsoft.VisualStudio.TestTools.TestTypes.Unit.UnitTestAdapter" className="MS.VS.Services.SharedPlatform.L0.Tests.AzureActiveDirectory.AadAppTokensControllerTests+AadAppTokensController_GetToken" name="AadAppTokensController_GetToken_should_throw_argument_null_when_tenant_is_null" />
    </UnitTest>
    <UnitTest name="AadAppTokensController_GetToken_should_throw_aad_authorization_exception_when_authenticated_identity_is_not_a_service_identity" storage="d:\v2.0\a1\_work\dbded102\bin\release.anycpu\sps.service\ms.vs.services.sharedplatform.l0.tests\ms.vs.services.sharedplatform.l0.tests.dll" id="301dabde-4e4e-73e4-e0d5-a9b3531a1bc8">
      <Execution id="4cfe91a0-9ead-4092-b208-6f75b2fd28b8" />
      <TestMethod codeBase="D:\v2.0\A1\_work\dbded102\bin\Release.AnyCPU\Sps.Service\MS.VS.Services.SharedPlatform.L0.Tests\MS.VS.Services.SharedPlatform.L0.Tests.dll" adapterTypeName="Microsoft.VisualStudio.TestTools.TestTypes.Unit.UnitTestAdapter" className="MS.VS.Services.SharedPlatform.L0.Tests.AzureActiveDirectory.AadAppTokensControllerTests+AadAppTokensController_GetToken" name="AadAppTokensController_GetToken_should_throw_aad_authorization_exception_when_authenticated_identity_is_not_a_service_identity" />
    </UnitTest>
    <UnitTest name="AadAppTokensController_GetToken_should_return_token_from_service" storage="d:\v2.0\a1\_work\dbded102\bin\release.anycpu\sps.service\ms.vs.services.sharedplatform.l0.tests\ms.vs.services.sharedplatform.l0.tests.dll" id="5d2dede4-5392-01de-b3f3-d2d5755e79a7">
      <Execution id="42c26df8-851b-41b2-bf14-5f8414b07817" />
      <TestMethod codeBase="D:\v2.0\A1\_work\dbded102\bin\Release.AnyCPU\Sps.Service\MS.VS.Services.SharedPlatform.L0.Tests\MS.VS.Services.SharedPlatform.L0.Tests.dll" adapterTypeName="Microsoft.VisualStudio.TestTools.TestTypes.Unit.UnitTestAdapter" className="MS.VS.Services.SharedPlatform.L0.Tests.AzureActiveDirectory.AadAppTokensControllerTests+AadAppTokensController_GetToken" name="AadAppTokensController_GetToken_should_return_token_from_service" />
    </UnitTest>
    <UnitTest name="PlatformAadTokenService_GetUserAccessToken_should_throw_argument_null_when_request_context_is_null" storage="d:\v2.0\a1\_work\dbded102\bin\release.anycpu\sps.service\ms.vs.services.sharedplatform.l0.tests\ms.vs.services.sharedplatform.l0.tests.dll" id="790fead9-10d2-0a8b-4381-89d7260a4f7f">
      <Execution id="bd496de5-d856-409f-adcc-33be254c4591" />
      <TestMethod codeBase="D:\v2.0\A1\_work\dbded102\bin\Release.AnyCPU\Sps.Service\MS.VS.Services.SharedPlatform.L0.Tests\MS.VS.Services.SharedPlatform.L0.Tests.dll" adapterTypeName="Microsoft.VisualStudio.TestTools.TestTypes.Unit.UnitTestAdapter" className="MS.VS.Services.SharedPlatform.L0.Tests.AzureActiveDirectory.PlatformAadTokenServiceTests+PlatformAadTokenService_GetUserAccessToken" name="PlatformAadTokenService_GetUserAccessToken_should_throw_argument_null_when_request_context_is_null" />
    </UnitTest>
    <UnitTest name="PlatformAadTokenService_GetUserAcessToken_should_throw_argument_null_when_resource_is_null" storage="d:\v2.0\a1\_work\dbded102\bin\release.anycpu\sps.service\ms.vs.services.sharedplatform.l0.tests\ms.vs.services.sharedplatform.l0.tests.dll" id="1369e95c-56e9-ce6b-78bd-c88ec67c9f07">
      <Execution id="bf4df7d4-12b9-4d6c-bbe3-4ae8bf9ee4cf" />
      <TestMethod codeBase="D:\v2.0\A1\_work\dbded102\bin\Release.AnyCPU\Sps.Service\MS.VS.Services.SharedPlatform.L0.Tests\MS.VS.Services.SharedPlatform.L0.Tests.dll" adapterTypeName="Microsoft.VisualStudio.TestTools.TestTypes.Unit.UnitTestAdapter" className="MS.VS.Services.SharedPlatform.L0.Tests.AzureActiveDirectory.PlatformAadTokenServiceTests+PlatformAadTokenService_GetUserAccessToken" name="PlatformAadTokenService_GetUserAcessToken_should_throw_argument_null_when_resource_is_null" />
    </UnitTest>
    <UnitTest name="PlatformAadTokenService_GetUserAccessToken_should_throw_argument_null_when_tenantid_is_null" storage="d:\v2.0\a1\_work\dbded102\bin\release.anycpu\sps.service\ms.vs.services.sharedplatform.l0.tests\ms.vs.services.sharedplatform.l0.tests.dll" id="3ed62b85-f0b3-8566-fcfb-5c4e418291f3">
      <Execution id="bf72f1f8-b008-442a-9d6e-768862778f5c" />
      <TestMethod codeBase="D:\v2.0\A1\_work\dbded102\bin\Release.AnyCPU\Sps.Service\MS.VS.Services.SharedPlatform.L0.Tests\MS.VS.Services.SharedPlatform.L0.Tests.dll" adapterTypeName="Microsoft.VisualStudio.TestTools.TestTypes.Unit.UnitTestAdapter" className="MS.VS.Services.SharedPlatform.L0.Tests.AzureActiveDirectory.PlatformAadTokenServiceTests+PlatformAadTokenService_GetUserAccessToken" name="PlatformAadTokenService_GetUserAccessToken_should_throw_argument_null_when_tenantid_is_null" />
    </UnitTest>
    <UnitTest name="PlatformAadTokenService_GetUserAccessToken_should_throw_argument_null_when_identity_descriptor_is_null" storage="d:\v2.0\a1\_work\dbded102\bin\release.anycpu\sps.service\ms.vs.services.sharedplatform.l0.tests\ms.vs.services.sharedplatform.l0.tests.dll" id="78ce4532-2f88-3a1e-baca-03ef0a658047">
      <Execution id="e8f071c2-eef8-4741-b2ab-0f1ee1036c87" />
      <TestMethod codeBase="D:\v2.0\A1\_work\dbded102\bin\Release.AnyCPU\Sps.Service\MS.VS.Services.SharedPlatform.L0.Tests\MS.VS.Services.SharedPlatform.L0.Tests.dll" adapterTypeName="Microsoft.VisualStudio.TestTools.TestTypes.Unit.UnitTestAdapter" className="MS.VS.Services.SharedPlatform.L0.Tests.AzureActiveDirectory.PlatformAadTokenServiceTests+PlatformAadTokenService_GetUserAccessToken" name="PlatformAadTokenService_GetUserAccessToken_should_throw_argument_null_when_identity_descriptor_is_null" />
    </UnitTest>
    <UnitTest name="PlatformAadTokenService_GetUserAccessToken_should_throw_unexpected_host_exception_when_host_type_is_not_deployment" storage="d:\v2.0\a1\_work\dbded102\bin\release.anycpu\sps.service\ms.vs.services.sharedplatform.l0.tests\ms.vs.services.sharedplatform.l0.tests.dll" id="a187ad33-2a83-eb7f-a64d-668854bc6714">
      <Execution id="fe7d5727-86d1-4777-99ec-b80fd557435d" />
      <TestMethod codeBase="D:\v2.0\A1\_work\dbded102\bin\Release.AnyCPU\Sps.Service\MS.VS.Services.SharedPlatform.L0.Tests\MS.VS.Services.SharedPlatform.L0.Tests.dll" adapterTypeName="Microsoft.VisualStudio.TestTools.TestTypes.Unit.UnitTestAdapter" className="MS.VS.Services.SharedPlatform.L0.Tests.AzureActiveDirectory.PlatformAadTokenServiceTests+PlatformAadTokenService_GetUserAccessToken" name="PlatformAadTokenService_GetUserAccessToken_should_throw_unexpected_host_exception_when_host_type_is_not_deployment" />
    </UnitTest>
    <UnitTest name="PlatformAadTokenService_GetUserAccessToken_should_throw_identity_not_found_when_identity_could_not_be_resolved" storage="d:\v2.0\a1\_work\dbded102\bin\release.anycpu\sps.service\ms.vs.services.sharedplatform.l0.tests\ms.vs.services.sharedplatform.l0.tests.dll" id="343eb880-2f91-ae47-834e-4e056ac3c7d3">
      <Execution id="289ef673-8f32-4052-8c24-a9813db94347" />
      <TestMethod codeBase="D:\v2.0\A1\_work\dbded102\bin\Release.AnyCPU\Sps.Service\MS.VS.Services.SharedPlatform.L0.Tests\MS.VS.Services.SharedPlatform.L0.Tests.dll" adapterTypeName="Microsoft.VisualStudio.TestTools.TestTypes.Unit.UnitTestAdapter" className="MS.VS.Services.SharedPlatform.L0.Tests.AzureActiveDirectory.PlatformAadTokenServiceTests+PlatformAadTokenService_GetUserAccessToken" name="PlatformAadTokenService_GetUserAccessToken_should_throw_identity_not_found_when_identity_could_not_be_resolved" />
    </UnitTest>
    <UnitTest name="PlatformAadTokenService_GetUserAccessToken_should_throw_aad_credentials_not_found_when_identity_refresh_token_was_not_found" storage="d:\v2.0\a1\_work\dbded102\bin\release.anycpu\sps.service\ms.vs.services.sharedplatform.l0.tests\ms.vs.services.sharedplatform.l0.tests.dll" id="9a068acc-c349-e057-ad79-898e29f6e099">
      <Execution id="cb244a35-5896-4022-975c-6f72c96ab79e" />
      <TestMethod codeBase="D:\v2.0\A1\_work\dbded102\bin\Release.AnyCPU\Sps.Service\MS.VS.Services.SharedPlatform.L0.Tests\MS.VS.Services.SharedPlatform.L0.Tests.dll" adapterTypeName="Microsoft.VisualStudio.TestTools.TestTypes.Unit.UnitTestAdapter" className="MS.VS.Services.SharedPlatform.L0.Tests.AzureActiveDirectory.PlatformAadTokenServiceTests+PlatformAadTokenService_GetUserAccessToken" name="PlatformAadTokenService_GetUserAccessToken_should_throw_aad_credentials_not_found_when_identity_refresh_token_was_not_found" />
    </UnitTest>
    <UnitTest name="PlatformAadTokenService_GetUserAccessToken_should_throw_aad_access_exception_when_acquire_token_result_is_null" storage="d:\v2.0\a1\_work\dbded102\bin\release.anycpu\sps.service\ms.vs.services.sharedplatform.l0.tests\ms.vs.services.sharedplatform.l0.tests.dll" id="0e1c518a-7c77-fcbc-9421-9007209596f4">
      <Execution id="3beca956-1408-488c-8620-2745287bd701" />
      <TestMethod codeBase="D:\v2.0\A1\_work\dbded102\bin\Release.AnyCPU\Sps.Service\MS.VS.Services.SharedPlatform.L0.Tests\MS.VS.Services.SharedPlatform.L0.Tests.dll" adapterTypeName="Microsoft.VisualStudio.TestTools.TestTypes.Unit.UnitTestAdapter" className="MS.VS.Services.SharedPlatform.L0.Tests.AzureActiveDirectory.PlatformAadTokenServiceTests+PlatformAadTokenService_GetUserAccessToken" name="PlatformAadTokenService_GetUserAccessToken_should_throw_aad_access_exception_when_acquire_token_result_is_null" />
    </UnitTest>
    <UnitTest name="PlatformAadTokenService_GetUserAccessToken_should_throw_aad_access_exception_when_acquire_token_result_access_token_is_null" storage="d:\v2.0\a1\_work\dbded102\bin\release.anycpu\sps.service\ms.vs.services.sharedplatform.l0.tests\ms.vs.services.sharedplatform.l0.tests.dll" id="a64ddfd1-c334-c487-2919-e13107d5cac1">
      <Execution id="f627a30f-8f69-46c4-a8bd-3424ca3b645e" />
      <TestMethod codeBase="D:\v2.0\A1\_work\dbded102\bin\Release.AnyCPU\Sps.Service\MS.VS.Services.SharedPlatform.L0.Tests\MS.VS.Services.SharedPlatform.L0.Tests.dll" adapterTypeName="Microsoft.VisualStudio.TestTools.TestTypes.Unit.UnitTestAdapter" className="MS.VS.Services.SharedPlatform.L0.Tests.AzureActiveDirectory.PlatformAadTokenServiceTests+PlatformAadTokenService_GetUserAccessToken" name="PlatformAadTokenService_GetUserAccessToken_should_throw_aad_access_exception_when_acquire_token_result_access_token_is_null" />
    </UnitTest>
    <UnitTest name="PlatformAadTokenService_GetUserAccessToken_should_return_access_token_from_authentication_result" storage="d:\v2.0\a1\_work\dbded102\bin\release.anycpu\sps.service\ms.vs.services.sharedplatform.l0.tests\ms.vs.services.sharedplatform.l0.tests.dll" id="398c2c16-a26d-e26a-6a2f-b5f4172e6801">
      <Execution id="3c1fcbc4-c72a-46c0-8383-862357f53c12" />
      <TestMethod codeBase="D:\v2.0\A1\_work\dbded102\bin\Release.AnyCPU\Sps.Service\MS.VS.Services.SharedPlatform.L0.Tests\MS.VS.Services.SharedPlatform.L0.Tests.dll" adapterTypeName="Microsoft.VisualStudio.TestTools.TestTypes.Unit.UnitTestAdapter" className="MS.VS.Services.SharedPlatform.L0.Tests.AzureActiveDirectory.PlatformAadTokenServiceTests+PlatformAadTokenService_GetUserAccessToken" name="PlatformAadTokenService_GetUserAccessToken_should_return_access_token_from_authentication_result" />
    </UnitTest>
    <UnitTest name="PlatformAadTokenService_GetUserAccessToken_should_not_attempt_to_update_refresh_token_when_acquire_token_result_does_not_have_a_refresh_token" storage="d:\v2.0\a1\_work\dbded102\bin\release.anycpu\sps.service\ms.vs.services.sharedplatform.l0.tests\ms.vs.services.sharedplatform.l0.tests.dll" id="430d6cd2-9f88-ad23-6807-3851ab3027e4">
      <Execution id="90e78d1f-ab87-4ed9-b491-9bae8a0410a3" />
      <TestMethod codeBase="D:\v2.0\A1\_work\dbded102\bin\Release.AnyCPU\Sps.Service\MS.VS.Services.SharedPlatform.L0.Tests\MS.VS.Services.SharedPlatform.L0.Tests.dll" adapterTypeName="Microsoft.VisualStudio.TestTools.TestTypes.Unit.UnitTestAdapter" className="MS.VS.Services.SharedPlatform.L0.Tests.AzureActiveDirectory.PlatformAadTokenServiceTests+PlatformAadTokenService_GetUserAccessToken" name="PlatformAadTokenService_GetUserAccessToken_should_not_attempt_to_update_refresh_token_when_acquire_token_result_does_not_have_a_refresh_token" />
    </UnitTest>
    <UnitTest name="PlatformAadTokenService_GetUserAccessToken_should_update_refresh_token_in_identity_when_token_result_contains_a_refresh_token" storage="d:\v2.0\a1\_work\dbded102\bin\release.anycpu\sps.service\ms.vs.services.sharedplatform.l0.tests\ms.vs.services.sharedplatform.l0.tests.dll" id="df567ca4-86ac-eafb-a6f1-0c5c8ea23cb5">
      <Execution id="6e95a4a5-27ba-472d-a60c-9414cbe6373c" />
      <TestMethod codeBase="D:\v2.0\A1\_work\dbded102\bin\Release.AnyCPU\Sps.Service\MS.VS.Services.SharedPlatform.L0.Tests\MS.VS.Services.SharedPlatform.L0.Tests.dll" adapterTypeName="Microsoft.VisualStudio.TestTools.TestTypes.Unit.UnitTestAdapter" className="MS.VS.Services.SharedPlatform.L0.Tests.AzureActiveDirectory.PlatformAadTokenServiceTests+PlatformAadTokenService_GetUserAccessToken" name="PlatformAadTokenService_GetUserAccessToken_should_update_refresh_token_in_identity_when_token_result_contains_a_refresh_token" />
    </UnitTest>
    <UnitTest name="PlatformAadTokenService_GetUserAccessToken_should_raise_user_token_update_event_when_acquire_token_successful" storage="d:\v2.0\a1\_work\dbded102\bin\release.anycpu\sps.service\ms.vs.services.sharedplatform.l0.tests\ms.vs.services.sharedplatform.l0.tests.dll" id="d2bbf0d0-3f5e-0e8c-0c5b-9056acc30242">
      <Execution id="c555623c-957d-4c6c-88ef-8cedbfce6373" />
      <TestMethod codeBase="D:\v2.0\A1\_work\dbded102\bin\Release.AnyCPU\Sps.Service\MS.VS.Services.SharedPlatform.L0.Tests\MS.VS.Services.SharedPlatform.L0.Tests.dll" adapterTypeName="Microsoft.VisualStudio.TestTools.TestTypes.Unit.UnitTestAdapter" className="MS.VS.Services.SharedPlatform.L0.Tests.AzureActiveDirectory.PlatformAadTokenServiceTests+PlatformAadTokenService_GetUserAccessToken" name="PlatformAadTokenService_GetUserAccessToken_should_raise_user_token_update_event_when_acquire_token_successful" />
    </UnitTest>
    <UnitTest name="PlatformAadTokenService_GetAppAccessToken_should_throw_argument_null_when_request_context_is_null" storage="d:\v2.0\a1\_work\dbded102\bin\release.anycpu\sps.service\ms.vs.services.sharedplatform.l0.tests\ms.vs.services.sharedplatform.l0.tests.dll" id="88fc3d94-ef55-5b8e-6c17-4377d1a054fc">
      <Execution id="ed6de7b2-afa5-4601-81df-377879aa6834" />
      <TestMethod codeBase="D:\v2.0\A1\_work\dbded102\bin\Release.AnyCPU\Sps.Service\MS.VS.Services.SharedPlatform.L0.Tests\MS.VS.Services.SharedPlatform.L0.Tests.dll" adapterTypeName="Microsoft.VisualStudio.TestTools.TestTypes.Unit.UnitTestAdapter" className="MS.VS.Services.SharedPlatform.L0.Tests.AzureActiveDirectory.PlatformAadTokenServiceTests+PlatformAadTokenService_GetAppAccessToken" name="PlatformAadTokenService_GetAppAccessToken_should_throw_argument_null_when_request_context_is_null" />
    </UnitTest>
    <UnitTest name="PlatformAadTokenService_GetAppAccessToken_should_throw_argument_null_when_resource_is_null" storage="d:\v2.0\a1\_work\dbded102\bin\release.anycpu\sps.service\ms.vs.services.sharedplatform.l0.tests\ms.vs.services.sharedplatform.l0.tests.dll" id="8bb1777e-9efc-3790-5e7f-689721276eb5">
      <Execution id="74334adc-1c8b-460d-bb50-e38176052ce0" />
      <TestMethod codeBase="D:\v2.0\A1\_work\dbded102\bin\Release.AnyCPU\Sps.Service\MS.VS.Services.SharedPlatform.L0.Tests\MS.VS.Services.SharedPlatform.L0.Tests.dll" adapterTypeName="Microsoft.VisualStudio.TestTools.TestTypes.Unit.UnitTestAdapter" className="MS.VS.Services.SharedPlatform.L0.Tests.AzureActiveDirectory.PlatformAadTokenServiceTests+PlatformAadTokenService_GetAppAccessToken" name="PlatformAadTokenService_GetAppAccessToken_should_throw_argument_null_when_resource_is_null" />
    </UnitTest>
    <UnitTest name="PlatformAadTokenService_GetAppAccessToken_should_throw_argument_null_when_tenant_id_is_null" storage="d:\v2.0\a1\_work\dbded102\bin\release.anycpu\sps.service\ms.vs.services.sharedplatform.l0.tests\ms.vs.services.sharedplatform.l0.tests.dll" id="a18257d8-83a7-ea23-80d8-52fa5a7a4af2">
      <Execution id="9542dfb5-c9f3-452b-a246-922f2d5ebc3f" />
      <TestMethod codeBase="D:\v2.0\A1\_work\dbded102\bin\Release.AnyCPU\Sps.Service\MS.VS.Services.SharedPlatform.L0.Tests\MS.VS.Services.SharedPlatform.L0.Tests.dll" adapterTypeName="Microsoft.VisualStudio.TestTools.TestTypes.Unit.UnitTestAdapter" className="MS.VS.Services.SharedPlatform.L0.Tests.AzureActiveDirectory.PlatformAadTokenServiceTests+PlatformAadTokenService_GetAppAccessToken" name="PlatformAadTokenService_GetAppAccessToken_should_throw_argument_null_when_tenant_id_is_null" />
    </UnitTest>
    <UnitTest name="PlatformAadTokenService_GetAppAccessToken_should_throw_aad_access_when_authentication_result_is_null" storage="d:\v2.0\a1\_work\dbded102\bin\release.anycpu\sps.service\ms.vs.services.sharedplatform.l0.tests\ms.vs.services.sharedplatform.l0.tests.dll" id="4b130165-0fdf-c940-b55e-921b8f94a3b0">
      <Execution id="df8e4005-3bd0-4802-95b9-52faaa496e83" />
      <TestMethod codeBase="D:\v2.0\A1\_work\dbded102\bin\Release.AnyCPU\Sps.Service\MS.VS.Services.SharedPlatform.L0.Tests\MS.VS.Services.SharedPlatform.L0.Tests.dll" adapterTypeName="Microsoft.VisualStudio.TestTools.TestTypes.Unit.UnitTestAdapter" className="MS.VS.Services.SharedPlatform.L0.Tests.AzureActiveDirectory.PlatformAadTokenServiceTests+PlatformAadTokenService_GetAppAccessToken" name="PlatformAadTokenService_GetAppAccessToken_should_throw_aad_access_when_authentication_result_is_null" />
    </UnitTest>
    <UnitTest name="PlatformAadTokenService_GetAppAccessToken_should_throw_aad_access_when_authentication_result_access_token_is_null" storage="d:\v2.0\a1\_work\dbded102\bin\release.anycpu\sps.service\ms.vs.services.sharedplatform.l0.tests\ms.vs.services.sharedplatform.l0.tests.dll" id="15704e88-6fcf-503b-8fe5-ff183067a248">
      <Execution id="963c7a2a-4ce6-4456-9879-aee1e3976f7c" />
      <TestMethod codeBase="D:\v2.0\A1\_work\dbded102\bin\Release.AnyCPU\Sps.Service\MS.VS.Services.SharedPlatform.L0.Tests\MS.VS.Services.SharedPlatform.L0.Tests.dll" adapterTypeName="Microsoft.VisualStudio.TestTools.TestTypes.Unit.UnitTestAdapter" className="MS.VS.Services.SharedPlatform.L0.Tests.AzureActiveDirectory.PlatformAadTokenServiceTests+PlatformAadTokenService_GetAppAccessToken" name="PlatformAadTokenService_GetAppAccessToken_should_throw_aad_access_when_authentication_result_access_token_is_null" />
    </UnitTest>
    <UnitTest name="PlatformAadTokenService_GetAppAccessToken_should_return_access_token_from_authentication_result" storage="d:\v2.0\a1\_work\dbded102\bin\release.anycpu\sps.service\ms.vs.services.sharedplatform.l0.tests\ms.vs.services.sharedplatform.l0.tests.dll" id="16f8ca02-c692-df30-d4b0-3c46cb0ad7e2">
      <Execution id="866abd91-481c-4706-a771-14f9135ca810" />
      <TestMethod codeBase="D:\v2.0\A1\_work\dbded102\bin\Release.AnyCPU\Sps.Service\MS.VS.Services.SharedPlatform.L0.Tests\MS.VS.Services.SharedPlatform.L0.Tests.dll" adapterTypeName="Microsoft.VisualStudio.TestTools.TestTypes.Unit.UnitTestAdapter" className="MS.VS.Services.SharedPlatform.L0.Tests.AzureActiveDirectory.PlatformAadTokenServiceTests+PlatformAadTokenService_GetAppAccessToken" name="PlatformAadTokenService_GetAppAccessToken_should_return_access_token_from_authentication_result" />
    </UnitTest>
    <UnitTest name="PlatformAadTokenService_GetUserAccessTokenFromAuthCode_should_throw_argument_null_when_request_context_is_null" storage="d:\v2.0\a1\_work\dbded102\bin\release.anycpu\sps.service\ms.vs.services.sharedplatform.l0.tests\ms.vs.services.sharedplatform.l0.tests.dll" id="3638965e-460e-f932-b316-eaab99bcc909">
      <Execution id="f83f06e8-4787-4b57-b42e-b68bcdfd9a74" />
      <TestMethod codeBase="D:\v2.0\A1\_work\dbded102\bin\Release.AnyCPU\Sps.Service\MS.VS.Services.SharedPlatform.L0.Tests\MS.VS.Services.SharedPlatform.L0.Tests.dll" adapterTypeName="Microsoft.VisualStudio.TestTools.TestTypes.Unit.UnitTestAdapter" className="MS.VS.Services.SharedPlatform.L0.Tests.AzureActiveDirectory.PlatformAadTokenServiceTests+PlatformAadTokenService_GetUserAccessTokenFromAuthCode" name="PlatformAadTokenService_GetUserAccessTokenFromAuthCode_should_throw_argument_null_when_request_context_is_null" />
    </UnitTest>
    <UnitTest name="PlatformAadTokenService_GetUserAccessTokenFromAuthCode_should_throw_argument_null_when_auth_code_is_null" storage="d:\v2.0\a1\_work\dbded102\bin\release.anycpu\sps.service\ms.vs.services.sharedplatform.l0.tests\ms.vs.services.sharedplatform.l0.tests.dll" id="f44247f2-2ba4-691b-33de-499c6bd4740f">
      <Execution id="cd1e8b7d-f715-4816-804a-af5660236ae6" />
      <TestMethod codeBase="D:\v2.0\A1\_work\dbded102\bin\Release.AnyCPU\Sps.Service\MS.VS.Services.SharedPlatform.L0.Tests\MS.VS.Services.SharedPlatform.L0.Tests.dll" adapterTypeName="Microsoft.VisualStudio.TestTools.TestTypes.Unit.UnitTestAdapter" className="MS.VS.Services.SharedPlatform.L0.Tests.AzureActiveDirectory.PlatformAadTokenServiceTests+PlatformAadTokenService_GetUserAccessTokenFromAuthCode" name="PlatformAadTokenService_GetUserAccessTokenFromAuthCode_should_throw_argument_null_when_auth_code_is_null" />
    </UnitTest>
    <UnitTest name="PlatformAadTokenService_GetUserAccessTokenFromAuthCode_should_throw_argument_null_when_resource_is_null" storage="d:\v2.0\a1\_work\dbded102\bin\release.anycpu\sps.service\ms.vs.services.sharedplatform.l0.tests\ms.vs.services.sharedplatform.l0.tests.dll" id="74a544e1-2aa8-947d-fca6-571937ef742c">
      <Execution id="10291c68-cc34-4926-be02-66b560f46a8b" />
      <TestMethod codeBase="D:\v2.0\A1\_work\dbded102\bin\Release.AnyCPU\Sps.Service\MS.VS.Services.SharedPlatform.L0.Tests\MS.VS.Services.SharedPlatform.L0.Tests.dll" adapterTypeName="Microsoft.VisualStudio.TestTools.TestTypes.Unit.UnitTestAdapter" className="MS.VS.Services.SharedPlatform.L0.Tests.AzureActiveDirectory.PlatformAadTokenServiceTests+PlatformAadTokenService_GetUserAccessTokenFromAuthCode" name="PlatformAadTokenService_GetUserAccessTokenFromAuthCode_should_throw_argument_null_when_resource_is_null" />
    </UnitTest>
    <UnitTest name="PlatformAadTokenService_GetUserAccessTokenFromAuthCode_should_throw_argument_null_when_tenant_id_is_null" storage="d:\v2.0\a1\_work\dbded102\bin\release.anycpu\sps.service\ms.vs.services.sharedplatform.l0.tests\ms.vs.services.sharedplatform.l0.tests.dll" id="59262ffe-3dd8-ad12-017c-d5266943321a">
      <Execution id="a2387f85-e2cf-4eee-ab02-9a2f6a0134d7" />
      <TestMethod codeBase="D:\v2.0\A1\_work\dbded102\bin\Release.AnyCPU\Sps.Service\MS.VS.Services.SharedPlatform.L0.Tests\MS.VS.Services.SharedPlatform.L0.Tests.dll" adapterTypeName="Microsoft.VisualStudio.TestTools.TestTypes.Unit.UnitTestAdapter" className="MS.VS.Services.SharedPlatform.L0.Tests.AzureActiveDirectory.PlatformAadTokenServiceTests+PlatformAadTokenService_GetUserAccessTokenFromAuthCode" name="PlatformAadTokenService_GetUserAccessTokenFromAuthCode_should_throw_argument_null_when_tenant_id_is_null" />
    </UnitTest>
    <UnitTest name="PlatformAadTokenService_GetUserAccessTokenFromAuthCode_should_throw_argument_null_when_reply_to_is_null" storage="d:\v2.0\a1\_work\dbded102\bin\release.anycpu\sps.service\ms.vs.services.sharedplatform.l0.tests\ms.vs.services.sharedplatform.l0.tests.dll" id="d855fe46-2c00-be3e-889b-d510199b799a">
      <Execution id="a749933f-462a-4a57-9b57-65427e262e3d" />
      <TestMethod codeBase="D:\v2.0\A1\_work\dbded102\bin\Release.AnyCPU\Sps.Service\MS.VS.Services.SharedPlatform.L0.Tests\MS.VS.Services.SharedPlatform.L0.Tests.dll" adapterTypeName="Microsoft.VisualStudio.TestTools.TestTypes.Unit.UnitTestAdapter" className="MS.VS.Services.SharedPlatform.L0.Tests.AzureActiveDirectory.PlatformAadTokenServiceTests+PlatformAadTokenService_GetUserAccessTokenFromAuthCode" name="PlatformAadTokenService_GetUserAccessTokenFromAuthCode_should_throw_argument_null_when_reply_to_is_null" />
    </UnitTest>
    <UnitTest name="PlatformAadTokenService_GetUserAccessTokenFromAuthCode_should_throw_argument_null_when_identity_descriptor_is_null" storage="d:\v2.0\a1\_work\dbded102\bin\release.anycpu\sps.service\ms.vs.services.sharedplatform.l0.tests\ms.vs.services.sharedplatform.l0.tests.dll" id="e2ea0c74-7340-8576-8eb6-4e3a8f4502af">
      <Execution id="3ba3737f-386c-4030-be13-e3b95ddd0ef4" />
      <TestMethod codeBase="D:\v2.0\A1\_work\dbded102\bin\Release.AnyCPU\Sps.Service\MS.VS.Services.SharedPlatform.L0.Tests\MS.VS.Services.SharedPlatform.L0.Tests.dll" adapterTypeName="Microsoft.VisualStudio.TestTools.TestTypes.Unit.UnitTestAdapter" className="MS.VS.Services.SharedPlatform.L0.Tests.AzureActiveDirectory.PlatformAadTokenServiceTests+PlatformAadTokenService_GetUserAccessTokenFromAuthCode" name="PlatformAadTokenService_GetUserAccessTokenFromAuthCode_should_throw_argument_null_when_identity_descriptor_is_null" />
    </UnitTest>
    <UnitTest name="PlatformAadTokenService_GetUserAccessTokenFromAuthCode_should_throw_identity_not_found_when_identity_was_not_found" storage="d:\v2.0\a1\_work\dbded102\bin\release.anycpu\sps.service\ms.vs.services.sharedplatform.l0.tests\ms.vs.services.sharedplatform.l0.tests.dll" id="be83ebd3-d324-ca36-4a85-6edf31161306">
      <Execution id="f806bed6-42ba-4909-ba3a-60c3447ea2fa" />
      <TestMethod codeBase="D:\v2.0\A1\_work\dbded102\bin\Release.AnyCPU\Sps.Service\MS.VS.Services.SharedPlatform.L0.Tests\MS.VS.Services.SharedPlatform.L0.Tests.dll" adapterTypeName="Microsoft.VisualStudio.TestTools.TestTypes.Unit.UnitTestAdapter" className="MS.VS.Services.SharedPlatform.L0.Tests.AzureActiveDirectory.PlatformAadTokenServiceTests+PlatformAadTokenService_GetUserAccessTokenFromAuthCode" name="PlatformAadTokenService_GetUserAccessTokenFromAuthCode_should_throw_identity_not_found_when_identity_was_not_found" />
    </UnitTest>
    <UnitTest name="PlatformAadTokenService_GetUserAccessTokenFromAuthCode_should_throw_aad_exception_when_authentication_result_is_null" storage="d:\v2.0\a1\_work\dbded102\bin\release.anycpu\sps.service\ms.vs.services.sharedplatform.l0.tests\ms.vs.services.sharedplatform.l0.tests.dll" id="a0b10833-9d75-2e2b-f7f7-1106b6e6cbb8">
      <Execution id="74dcd99c-ef66-448d-89d4-c329cb3fc73b" />
      <TestMethod codeBase="D:\v2.0\A1\_work\dbded102\bin\Release.AnyCPU\Sps.Service\MS.VS.Services.SharedPlatform.L0.Tests\MS.VS.Services.SharedPlatform.L0.Tests.dll" adapterTypeName="Microsoft.VisualStudio.TestTools.TestTypes.Unit.UnitTestAdapter" className="MS.VS.Services.SharedPlatform.L0.Tests.AzureActiveDirectory.PlatformAadTokenServiceTests+PlatformAadTokenService_GetUserAccessTokenFromAuthCode" name="PlatformAadTokenService_GetUserAccessTokenFromAuthCode_should_throw_aad_exception_when_authentication_result_is_null" />
    </UnitTest>
    <UnitTest name="PlatformAadTokenService_GetUserAccessTokenFromAuthCode_should_throw_aad_exception_when_result_does_not_have_an_access_token" storage="d:\v2.0\a1\_work\dbded102\bin\release.anycpu\sps.service\ms.vs.services.sharedplatform.l0.tests\ms.vs.services.sharedplatform.l0.tests.dll" id="3ac4e749-320e-5546-fdaf-83a3437d15f5">
      <Execution id="cf387ea2-5faf-4ab0-a3be-5d29bb70d4a3" />
      <TestMethod codeBase="D:\v2.0\A1\_work\dbded102\bin\Release.AnyCPU\Sps.Service\MS.VS.Services.SharedPlatform.L0.Tests\MS.VS.Services.SharedPlatform.L0.Tests.dll" adapterTypeName="Microsoft.VisualStudio.TestTools.TestTypes.Unit.UnitTestAdapter" className="MS.VS.Services.SharedPlatform.L0.Tests.AzureActiveDirectory.PlatformAadTokenServiceTests+PlatformAadTokenService_GetUserAccessTokenFromAuthCode" name="PlatformAadTokenService_GetUserAccessTokenFromAuthCode_should_throw_aad_exception_when_result_does_not_have_an_access_token" />
    </UnitTest>
    <UnitTest name="PlatformAadTokenService_GetUserAccessTokenFromAuthCode_should_return_access_token_from_result" storage="d:\v2.0\a1\_work\dbded102\bin\release.anycpu\sps.service\ms.vs.services.sharedplatform.l0.tests\ms.vs.services.sharedplatform.l0.tests.dll" id="6f1cf7e9-0917-e461-edac-6c6b2ac85b67">
      <Execution id="cfb5efe3-d123-4671-a122-2eb361653fe0" />
      <TestMethod codeBase="D:\v2.0\A1\_work\dbded102\bin\Release.AnyCPU\Sps.Service\MS.VS.Services.SharedPlatform.L0.Tests\MS.VS.Services.SharedPlatform.L0.Tests.dll" adapterTypeName="Microsoft.VisualStudio.TestTools.TestTypes.Unit.UnitTestAdapter" className="MS.VS.Services.SharedPlatform.L0.Tests.AzureActiveDirectory.PlatformAadTokenServiceTests+PlatformAadTokenService_GetUserAccessTokenFromAuthCode" name="PlatformAadTokenService_GetUserAccessTokenFromAuthCode_should_return_access_token_from_result" />
    </UnitTest>
    <UnitTest name="PlatformAadTokenService_GetUserAccessTokenFromAuthCode_should_not_update_identity_when_result_doesnt_have_refresh_token" storage="d:\v2.0\a1\_work\dbded102\bin\release.anycpu\sps.service\ms.vs.services.sharedplatform.l0.tests\ms.vs.services.sharedplatform.l0.tests.dll" id="fbc48029-440a-c78d-4269-10fca7735575">
      <Execution id="f819c53d-4bfb-4971-89cd-d56a0e6d6764" />
      <TestMethod codeBase="D:\v2.0\A1\_work\dbded102\bin\Release.AnyCPU\Sps.Service\MS.VS.Services.SharedPlatform.L0.Tests\MS.VS.Services.SharedPlatform.L0.Tests.dll" adapterTypeName="Microsoft.VisualStudio.TestTools.TestTypes.Unit.UnitTestAdapter" className="MS.VS.Services.SharedPlatform.L0.Tests.AzureActiveDirectory.PlatformAadTokenServiceTests+PlatformAadTokenService_GetUserAccessTokenFromAuthCode" name="PlatformAadTokenService_GetUserAccessTokenFromAuthCode_should_not_update_identity_when_result_doesnt_have_refresh_token" />
    </UnitTest>
    <UnitTest name="PlatformAadTokenServie_GetUserAccessTokenFromAuthCode_should_update_identity_when_result_contains_refresh_token" storage="d:\v2.0\a1\_work\dbded102\bin\release.anycpu\sps.service\ms.vs.services.sharedplatform.l0.tests\ms.vs.services.sharedplatform.l0.tests.dll" id="ea3e6bdf-3d42-6f6c-57f2-44e91d2b0921">
      <Execution id="9a037fe8-25c0-4e5e-b729-9f4e66216c63" />
      <TestMethod codeBase="D:\v2.0\A1\_work\dbded102\bin\Release.AnyCPU\Sps.Service\MS.VS.Services.SharedPlatform.L0.Tests\MS.VS.Services.SharedPlatform.L0.Tests.dll" adapterTypeName="Microsoft.VisualStudio.TestTools.TestTypes.Unit.UnitTestAdapter" className="MS.VS.Services.SharedPlatform.L0.Tests.AzureActiveDirectory.PlatformAadTokenServiceTests+PlatformAadTokenService_GetUserAccessTokenFromAuthCode" name="PlatformAadTokenServie_GetUserAccessTokenFromAuthCode_should_update_identity_when_result_contains_refresh_token" />
    </UnitTest>
  </TestDefinitions>
  <TestEntries>
    <TestEntry testId="4208c724-b613-c2c4-c4a6-d218d1c8337a" executionId="a582d279-9920-476f-ba69-7f64fe0ee29f" testListId="8c84fa94-04c1-424b-9868-57a2d4851a1d" />
    <TestEntry testId="890a5a68-6ae2-f5cb-9ce9-5aa7bbb76986" executionId="f75464cf-6730-479b-a52f-15a026883893" testListId="8c84fa94-04c1-424b-9868-57a2d4851a1d" />
    <TestEntry testId="acd405a2-d099-3790-b0de-0b8d9aac0524" executionId="1b797e74-f2a3-40e8-8283-7457164f6070" testListId="8c84fa94-04c1-424b-9868-57a2d4851a1d" />
    <TestEntry testId="082c96ad-b3e5-8a77-8449-5afa39746c77" executionId="4da79024-c557-452c-b69c-fc22aeeabb72" testListId="8c84fa94-04c1-424b-9868-57a2d4851a1d" />
    <TestEntry testId="24a91ba9-3c67-f61d-27ee-9827339c25ba" executionId="275c835a-c8a7-4de2-9360-5560c6908768" testListId="8c84fa94-04c1-424b-9868-57a2d4851a1d" />
    <TestEntry testId="36a5cf5c-7950-eb7e-1d30-1d840c96c4aa" executionId="2028f43c-1d3b-469d-8829-7e9e3de3e698" testListId="8c84fa94-04c1-424b-9868-57a2d4851a1d" />
    <TestEntry testId="d673864e-bf1e-63fd-accf-761e4b48b7b6" executionId="85709969-23b4-41ab-9e93-130f77461dde" testListId="8c84fa94-04c1-424b-9868-57a2d4851a1d" />
    <TestEntry testId="eafe812c-5ec7-9dbc-49f1-4a9a1d0f2129" executionId="b6f70077-a559-4011-b86e-c84c674e4899" testListId="8c84fa94-04c1-424b-9868-57a2d4851a1d" />
    <TestEntry testId="922a5ca7-4e24-98d5-f70b-eee677dff80f" executionId="cac82f53-5f9d-4d86-8bf6-28d791fc13df" testListId="8c84fa94-04c1-424b-9868-57a2d4851a1d" />
    <TestEntry testId="20b8281c-0650-2b22-4943-1a80e5032732" executionId="a5626565-9488-4924-94ff-b0330a1a72ee" testListId="8c84fa94-04c1-424b-9868-57a2d4851a1d" />
    <TestEntry testId="ed864f42-3834-3c3b-cf55-ecca730f4691" executionId="71fea154-1d04-4512-897e-788981725d1f" testListId="8c84fa94-04c1-424b-9868-57a2d4851a1d" />
    <TestEntry testId="ca9cc12a-8108-04db-0834-6dfbcc6eb94f" executionId="51c7f6e5-e2d2-4f98-adea-8c4cf4a1b750" testListId="8c84fa94-04c1-424b-9868-57a2d4851a1d" />
    <TestEntry testId="44891a4f-90b0-7e6c-3f66-b09917360129" executionId="bd246285-dba5-4590-b38d-17bda6532956" testListId="8c84fa94-04c1-424b-9868-57a2d4851a1d" />
    <TestEntry testId="bf59f362-1ccd-b3ee-fbb2-12d9da1bf862" executionId="21d8297f-4cbd-4cb6-acce-9d6f326980e9" testListId="8c84fa94-04c1-424b-9868-57a2d4851a1d" />
    <TestEntry testId="dca00ca7-e784-f25c-c82a-1ef28ef6e894" executionId="e864312c-d234-4d5c-8033-76a28cd0e110" testListId="8c84fa94-04c1-424b-9868-57a2d4851a1d" />
    <TestEntry testId="a52f2f55-573c-4edc-04b9-8053d7d2d34c" executionId="f94b96e8-1aff-47d7-a51d-bd1f841dbe13" testListId="8c84fa94-04c1-424b-9868-57a2d4851a1d" />
    <TestEntry testId="866aada4-cf8b-3cfa-ddda-b4cedc34c461" executionId="2b87f756-02a3-44c8-989b-96fcf0777eab" testListId="8c84fa94-04c1-424b-9868-57a2d4851a1d" />
    <TestEntry testId="bef3476f-8a26-e203-97d1-b9ec38e2db69" executionId="4cd2e118-6948-4374-ac5e-b86594f52205" testListId="8c84fa94-04c1-424b-9868-57a2d4851a1d" />
    <TestEntry testId="6036f078-d960-40e4-fdc9-49e0aa32833e" executionId="2b8cb9ea-e50b-4b9b-a90b-9ba90cbb64df" testListId="8c84fa94-04c1-424b-9868-57a2d4851a1d" />
    <TestEntry testId="3edfe0a7-bea1-5745-87da-80a68c002726" executionId="4bc34312-c6ba-448f-8376-aac6e81fb5ac" testListId="8c84fa94-04c1-424b-9868-57a2d4851a1d" />
    <TestEntry testId="4f2b5c53-0260-c5cc-6347-bfc72c65e489" executionId="60dbeff0-fa08-4bc1-b7de-4cb872c96e31" testListId="8c84fa94-04c1-424b-9868-57a2d4851a1d" />
    <TestEntry testId="ad8d8720-4225-864c-c939-8c8f60caf241" executionId="01fd8318-6da3-42a2-98e2-982772a69436" testListId="8c84fa94-04c1-424b-9868-57a2d4851a1d" />
    <TestEntry testId="7dc7430b-ef0d-c12d-075e-ab2db850afbc" executionId="9ef5ae33-fadb-4e1a-a0a8-f71e7d8c0662" testListId="8c84fa94-04c1-424b-9868-57a2d4851a1d" />
    <TestEntry testId="68813b84-9a41-c440-9faf-298c63e4ad96" executionId="0ab8e506-b24b-4ace-a4b7-15adebed7530" testListId="8c84fa94-04c1-424b-9868-57a2d4851a1d" />
    <TestEntry testId="3a1b8728-2446-5115-8071-9c1cd8a2284e" executionId="48db2d92-3b4f-40be-90cd-1d6af6db78d2" testListId="8c84fa94-04c1-424b-9868-57a2d4851a1d" />
    <TestEntry testId="7bdfffa9-fb25-b5be-a501-bcf524beb5f3" executionId="f24ada1a-2e1d-45f2-bfbe-d26a31b14a77" testListId="8c84fa94-04c1-424b-9868-57a2d4851a1d" />
    <TestEntry testId="19b6a5d3-7ebe-4fdc-de23-272f67e4945d" executionId="626b2ec4-19d8-48ef-9dc6-750e915f31de" testListId="8c84fa94-04c1-424b-9868-57a2d4851a1d" />
    <TestEntry testId="2bc69c65-afb7-3e37-ee9e-7629dfe0f35c" executionId="9ca3e1c5-18a3-4437-b82d-ddab15445703" testListId="8c84fa94-04c1-424b-9868-57a2d4851a1d" />
    <TestEntry testId="6f3f5807-7942-9d8e-a372-0a2a769144de" executionId="4a88d995-1399-4687-9caf-ea5045ca04d4" testListId="8c84fa94-04c1-424b-9868-57a2d4851a1d" />
    <TestEntry testId="5fa61a1d-dac5-5b3d-9c38-5a3d2ea70d08" executionId="434f1a80-033e-4700-a837-4026a063f285" testListId="8c84fa94-04c1-424b-9868-57a2d4851a1d" />
    <TestEntry testId="61dc380b-b28a-73a0-7175-90f56ae4096c" executionId="b25dd099-6733-471c-a5b4-f8d08d6e7323" testListId="8c84fa94-04c1-424b-9868-57a2d4851a1d" />
    <TestEntry testId="cde51cf6-3ee9-7868-ef1c-ee0fe7865498" executionId="041d23da-bf9e-4dc7-ae21-fd597fdeee24" testListId="8c84fa94-04c1-424b-9868-57a2d4851a1d" />
    <TestEntry testId="8e0bf385-e0f9-e0c0-3221-3a9fe1446faf" executionId="1af8d919-6e31-4d55-863f-e9a3e0c930a1" testListId="8c84fa94-04c1-424b-9868-57a2d4851a1d" />
    <TestEntry testId="3628a84e-271a-75e6-af50-246ee9bb99ca" executionId="c1d5c62d-e90b-4f85-b2f0-77735b114a3b" testListId="8c84fa94-04c1-424b-9868-57a2d4851a1d" />
    <TestEntry testId="570e4e66-816c-b9da-3516-abf31919df32" executionId="3e0e7997-9d97-4476-a45b-01585c5be45e" testListId="8c84fa94-04c1-424b-9868-57a2d4851a1d" />
    <TestEntry testId="98352a9a-f8d0-c3af-2cc1-d1d8383df927" executionId="f05539c6-bc9d-49d5-a666-50e32e4b422f" testListId="8c84fa94-04c1-424b-9868-57a2d4851a1d" />
    <TestEntry testId="d0faea5d-5ad5-1588-bacf-e5b0e3f67400" executionId="5c9b9f7d-9291-45f1-93e5-b8c3276ea45f" testListId="8c84fa94-04c1-424b-9868-57a2d4851a1d" />
    <TestEntry testId="0945dec6-2ed7-9f27-ddbd-9a3acb93b411" executionId="479ade78-88c6-4937-8f3b-4d1757afda85" testListId="8c84fa94-04c1-424b-9868-57a2d4851a1d" />
    <TestEntry testId="73d9e1f0-473b-de46-a355-b05eb38e1840" executionId="0cad1e9e-b6f2-482e-b1f2-f69774450d1d" testListId="8c84fa94-04c1-424b-9868-57a2d4851a1d" />
    <TestEntry testId="fb2ba09a-b79e-b096-2acf-a0db9c573840" executionId="39401b4e-5203-4701-a8d3-88b768ba1a16" testListId="8c84fa94-04c1-424b-9868-57a2d4851a1d" />
    <TestEntry testId="540e8f53-0764-e23f-4aec-07e67928cdd7" executionId="1e45e675-47b5-40db-ac5e-78b253cc834c" testListId="8c84fa94-04c1-424b-9868-57a2d4851a1d" />
    <TestEntry testId="731e876f-5016-78f3-4df5-be662a387910" executionId="41e2d5f5-2ee9-4c67-a216-9ae3a682a74a" testListId="8c84fa94-04c1-424b-9868-57a2d4851a1d" />
    <TestEntry testId="8c592956-8247-e5d4-f9cf-acdba39f06c9" executionId="22caa516-47f6-4046-bf77-a89e6781f1fd" testListId="8c84fa94-04c1-424b-9868-57a2d4851a1d" />
    <TestEntry testId="cb78649f-740c-2b55-6f6a-ae2b49eafd4b" executionId="ecf52f4f-4a94-41c8-a5e0-106cbea97692" testListId="8c84fa94-04c1-424b-9868-57a2d4851a1d" />
    <TestEntry testId="00fbfce9-fe3c-b4ef-a293-0255e586d840" executionId="d7495259-e864-4e12-b74c-1f573983921c" testListId="8c84fa94-04c1-424b-9868-57a2d4851a1d" />
    <TestEntry testId="a6862753-fc3f-6570-316e-c01787e7ff42" executionId="8314d665-4226-4d24-b5f6-74a5c7acd89e" testListId="8c84fa94-04c1-424b-9868-57a2d4851a1d" />
    <TestEntry testId="da2dadda-8c94-ace5-b102-6cad0bffd4c0" executionId="d44ea684-38c7-46bd-90e9-2e302f67a2ee" testListId="8c84fa94-04c1-424b-9868-57a2d4851a1d" />
    <TestEntry testId="aebfdebf-4b01-14f0-f76a-cd9d0ea947fa" executionId="cff498f1-9f59-41ad-b6db-f186cb67aab7" testListId="8c84fa94-04c1-424b-9868-57a2d4851a1d" />
    <TestEntry testId="be1218cd-9854-c280-8172-13fbb9843d4c" executionId="2ecdfde3-1756-41ff-9b21-28b22cb05640" testListId="8c84fa94-04c1-424b-9868-57a2d4851a1d" />
    <TestEntry testId="7fe2c8f9-8ada-e5b6-542c-1da6619ab2f0" executionId="def3b6e6-a80e-4f70-a88e-61346650cf39" testListId="8c84fa94-04c1-424b-9868-57a2d4851a1d" />
    <TestEntry testId="69d8f21e-c707-38b6-c6b4-e621cba659f2" executionId="ab078d13-64a9-46ff-905a-6cd336fd8820" testListId="8c84fa94-04c1-424b-9868-57a2d4851a1d" />
    <TestEntry testId="7bafedfc-ab1b-9606-9633-67d2b1b138b0" executionId="2eb81392-c217-4027-b36e-7d9b92393c0a" testListId="8c84fa94-04c1-424b-9868-57a2d4851a1d" />
    <TestEntry testId="5e58a456-80b1-20fe-6cee-c8368e2372d2" executionId="baabcbf2-c675-4a6b-9cfd-203db8de3704" testListId="8c84fa94-04c1-424b-9868-57a2d4851a1d" />
    <TestEntry testId="bea0b39d-d49e-7e68-f0ff-547a2a89a5d9" executionId="20901e23-2b54-40a5-8456-ff2cab1c63cd" testListId="8c84fa94-04c1-424b-9868-57a2d4851a1d" />
    <TestEntry testId="0490008a-ee87-9f5b-44ae-91b0feebc1b8" executionId="e4978df4-3808-45e2-81a2-5499b2f0b500" testListId="8c84fa94-04c1-424b-9868-57a2d4851a1d" />
    <TestEntry testId="9c4315c2-38dc-19bd-d6aa-d9b9ad2f3205" executionId="66d40fb8-020c-4d53-8f6d-dec3fd3c0f3d" testListId="8c84fa94-04c1-424b-9868-57a2d4851a1d" />
    <TestEntry testId="8858d918-b61c-3542-77ad-1afdadf15384" executionId="85bb2a7a-2029-4542-a76a-cd36ae0cdf24" testListId="8c84fa94-04c1-424b-9868-57a2d4851a1d" />
    <TestEntry testId="9d7aa59e-e2fa-6938-2809-c6a9b0c01197" executionId="8fc9f3ea-f389-4ae7-9845-031e883dee31" testListId="8c84fa94-04c1-424b-9868-57a2d4851a1d" />
    <TestEntry testId="c3c732ff-60df-5629-9772-47eb95e71ecc" executionId="9d59f0f6-b9d6-4d5a-b5bc-773b8b918fbc" testListId="8c84fa94-04c1-424b-9868-57a2d4851a1d" />
    <TestEntry testId="469679f0-e88c-1cbd-731f-47f18a80c750" executionId="b80a671c-768a-4bd9-b556-51d79159d160" testListId="8c84fa94-04c1-424b-9868-57a2d4851a1d" />
    <TestEntry testId="c19325b8-b02c-5a39-4969-5a854ddefe45" executionId="100f2ebb-91fc-44ca-8798-b58d0c66c8fc" testListId="8c84fa94-04c1-424b-9868-57a2d4851a1d" />
    <TestEntry testId="37d81fe1-efc5-7670-49df-0802d18095a9" executionId="4068f33f-9281-49fb-98c1-d8fb457e44c3" testListId="8c84fa94-04c1-424b-9868-57a2d4851a1d" />
    <TestEntry testId="08cdef4f-d0e3-c30e-cc92-9fc970b263ed" executionId="1a267b38-eb3d-4d7b-86af-b149ee4e4586" testListId="8c84fa94-04c1-424b-9868-57a2d4851a1d" />
    <TestEntry testId="3daeb082-5553-0737-9f8a-e88498b14d08" executionId="3cc24c03-bdd3-46d5-8106-bc0d214e4569" testListId="8c84fa94-04c1-424b-9868-57a2d4851a1d" />
    <TestEntry testId="6274b27a-d3ea-82e6-d186-2549aee19785" executionId="5b2cf9c3-9eac-4cbb-b677-cdb802c05770" testListId="8c84fa94-04c1-424b-9868-57a2d4851a1d" />
    <TestEntry testId="b753e39c-0657-a23a-9e84-0aa8ecdccbf4" executionId="89d900ce-fb2a-4b63-b41f-d9f6c3032e14" testListId="8c84fa94-04c1-424b-9868-57a2d4851a1d" />
    <TestEntry testId="29f28b1a-273c-d465-5d1f-cd256c41f723" executionId="275e589e-af19-4748-b53e-4a2d34195503" testListId="8c84fa94-04c1-424b-9868-57a2d4851a1d" />
    <TestEntry testId="f0b5aa87-9abe-0741-4d8f-5b524d5b54de" executionId="cff110cb-c98e-4c1c-95af-b461da435d20" testListId="8c84fa94-04c1-424b-9868-57a2d4851a1d" />
    <TestEntry testId="32503eae-1129-dc33-b64b-6a7761941393" executionId="24f8ca9f-28b9-4fb9-8b31-dd834f5e4cde" testListId="8c84fa94-04c1-424b-9868-57a2d4851a1d" />
    <TestEntry testId="ff033488-c500-d626-f27e-0f364447b7ce" executionId="97651152-7a59-4638-923b-bf95e54913d5" testListId="8c84fa94-04c1-424b-9868-57a2d4851a1d" />
    <TestEntry testId="f2ae776c-df8a-05a0-9327-e9698e833bc2" executionId="fd4f7621-b20c-43ff-b794-ce8b449afad6" testListId="8c84fa94-04c1-424b-9868-57a2d4851a1d" />
    <TestEntry testId="a571d5fb-cce4-792e-7478-be4340c893bd" executionId="dd9f8c01-1590-49f7-a11a-b60eef0e8c3d" testListId="8c84fa94-04c1-424b-9868-57a2d4851a1d" />
    <TestEntry testId="189957b7-0984-458e-1b40-fe7d8e307b6d" executionId="84adf492-f853-49b9-bd48-733af690ead2" testListId="8c84fa94-04c1-424b-9868-57a2d4851a1d" />
    <TestEntry testId="1dd788a2-bc7d-e150-0830-ad4cbcf24035" executionId="f7a69da9-4909-4da4-9bb1-5954636eeaea" testListId="8c84fa94-04c1-424b-9868-57a2d4851a1d" />
    <TestEntry testId="1244a623-9c7c-9a17-5151-3781d2444ff8" executionId="2a586e23-5a27-4082-858e-c752b7be6ef0" testListId="8c84fa94-04c1-424b-9868-57a2d4851a1d" />
    <TestEntry testId="49e425fa-6abc-3dce-b180-d76e3ef6c937" executionId="e7c7dd39-5277-4927-900b-6da7b6041d79" testListId="8c84fa94-04c1-424b-9868-57a2d4851a1d" />
    <TestEntry testId="b390f492-62b3-7b2d-b556-4c030282d10a" executionId="687b327d-ba71-4956-9239-6ea8bc01251d" testListId="8c84fa94-04c1-424b-9868-57a2d4851a1d" />
    <TestEntry testId="b12ee9b2-11a0-7822-2599-856e563480b2" executionId="93767906-8c26-43c9-89f0-c3cb11d53071" testListId="8c84fa94-04c1-424b-9868-57a2d4851a1d" />
    <TestEntry testId="b221170f-16b9-857e-148c-6f4d65e8e2de" executionId="45f62d86-1611-4b76-b51f-e1b03d89c484" testListId="8c84fa94-04c1-424b-9868-57a2d4851a1d" />
    <TestEntry testId="28e6d59d-d4ce-7a2a-f042-f7580c3c221d" executionId="c378d5d2-fa7f-4636-990e-257df51a59b5" testListId="8c84fa94-04c1-424b-9868-57a2d4851a1d" />
    <TestEntry testId="33dc12a5-7346-430d-77f8-b031b028f597" executionId="5fd5efb9-f202-4b2b-95fc-9c2290a25a44" testListId="8c84fa94-04c1-424b-9868-57a2d4851a1d" />
    <TestEntry testId="6074498b-e339-0194-72ee-7fb982ea5226" executionId="b2857acb-ed3a-4037-b756-161ece6b290b" testListId="8c84fa94-04c1-424b-9868-57a2d4851a1d" />
    <TestEntry testId="ed4931f0-33da-43f1-b1af-3601afe434eb" executionId="4dd079eb-9ca2-4ce6-84fd-a02f3db12b84" testListId="8c84fa94-04c1-424b-9868-57a2d4851a1d" />
    <TestEntry testId="3d539131-c4d8-1c6a-9044-599bba1d3fc8" executionId="3feb04de-cea8-476a-97bf-72e87f13a13e" testListId="8c84fa94-04c1-424b-9868-57a2d4851a1d" />
    <TestEntry testId="10c7775d-ecfe-dc35-d46e-54024de43ca1" executionId="9ee8ff3d-7c2f-4ac7-91be-0242b001ca41" testListId="8c84fa94-04c1-424b-9868-57a2d4851a1d" />
    <TestEntry testId="2f46fa70-e942-3ad9-5854-3d75a21e393d" executionId="5bcc33b8-7b77-4d2d-993f-fd721171b372" testListId="8c84fa94-04c1-424b-9868-57a2d4851a1d" />
    <TestEntry testId="967993f8-0818-69a5-2c90-8f4585611086" executionId="42d275bd-5a81-404d-89e5-cf3ddc9e2f53" testListId="8c84fa94-04c1-424b-9868-57a2d4851a1d" />
    <TestEntry testId="b3312b7f-8941-7a14-8479-fe037719319c" executionId="d506972d-d89c-43f0-b337-f72b11867903" testListId="8c84fa94-04c1-424b-9868-57a2d4851a1d" />
    <TestEntry testId="9d6e5d24-0633-6df7-b975-b6e90aea9feb" executionId="29efc218-7faa-413c-96d7-c89010f3f7e0" testListId="8c84fa94-04c1-424b-9868-57a2d4851a1d" />
    <TestEntry testId="301dabde-4e4e-73e4-e0d5-a9b3531a1bc8" executionId="4cfe91a0-9ead-4092-b208-6f75b2fd28b8" testListId="8c84fa94-04c1-424b-9868-57a2d4851a1d" />
    <TestEntry testId="5d2dede4-5392-01de-b3f3-d2d5755e79a7" executionId="42c26df8-851b-41b2-bf14-5f8414b07817" testListId="8c84fa94-04c1-424b-9868-57a2d4851a1d" />
    <TestEntry testId="790fead9-10d2-0a8b-4381-89d7260a4f7f" executionId="bd496de5-d856-409f-adcc-33be254c4591" testListId="8c84fa94-04c1-424b-9868-57a2d4851a1d" />
    <TestEntry testId="1369e95c-56e9-ce6b-78bd-c88ec67c9f07" executionId="bf4df7d4-12b9-4d6c-bbe3-4ae8bf9ee4cf" testListId="8c84fa94-04c1-424b-9868-57a2d4851a1d" />
    <TestEntry testId="3ed62b85-f0b3-8566-fcfb-5c4e418291f3" executionId="bf72f1f8-b008-442a-9d6e-768862778f5c" testListId="8c84fa94-04c1-424b-9868-57a2d4851a1d" />
    <TestEntry testId="78ce4532-2f88-3a1e-baca-03ef0a658047" executionId="e8f071c2-eef8-4741-b2ab-0f1ee1036c87" testListId="8c84fa94-04c1-424b-9868-57a2d4851a1d" />
    <TestEntry testId="a187ad33-2a83-eb7f-a64d-668854bc6714" executionId="fe7d5727-86d1-4777-99ec-b80fd557435d" testListId="8c84fa94-04c1-424b-9868-57a2d4851a1d" />
    <TestEntry testId="343eb880-2f91-ae47-834e-4e056ac3c7d3" executionId="289ef673-8f32-4052-8c24-a9813db94347" testListId="8c84fa94-04c1-424b-9868-57a2d4851a1d" />
    <TestEntry testId="9a068acc-c349-e057-ad79-898e29f6e099" executionId="cb244a35-5896-4022-975c-6f72c96ab79e" testListId="8c84fa94-04c1-424b-9868-57a2d4851a1d" />
    <TestEntry testId="0e1c518a-7c77-fcbc-9421-9007209596f4" executionId="3beca956-1408-488c-8620-2745287bd701" testListId="8c84fa94-04c1-424b-9868-57a2d4851a1d" />
    <TestEntry testId="a64ddfd1-c334-c487-2919-e13107d5cac1" executionId="f627a30f-8f69-46c4-a8bd-3424ca3b645e" testListId="8c84fa94-04c1-424b-9868-57a2d4851a1d" />
    <TestEntry testId="398c2c16-a26d-e26a-6a2f-b5f4172e6801" executionId="3c1fcbc4-c72a-46c0-8383-862357f53c12" testListId="8c84fa94-04c1-424b-9868-57a2d4851a1d" />
    <TestEntry testId="430d6cd2-9f88-ad23-6807-3851ab3027e4" executionId="90e78d1f-ab87-4ed9-b491-9bae8a0410a3" testListId="8c84fa94-04c1-424b-9868-57a2d4851a1d" />
    <TestEntry testId="df567ca4-86ac-eafb-a6f1-0c5c8ea23cb5" executionId="6e95a4a5-27ba-472d-a60c-9414cbe6373c" testListId="8c84fa94-04c1-424b-9868-57a2d4851a1d" />
    <TestEntry testId="d2bbf0d0-3f5e-0e8c-0c5b-9056acc30242" executionId="c555623c-957d-4c6c-88ef-8cedbfce6373" testListId="8c84fa94-04c1-424b-9868-57a2d4851a1d" />
    <TestEntry testId="88fc3d94-ef55-5b8e-6c17-4377d1a054fc" executionId="ed6de7b2-afa5-4601-81df-377879aa6834" testListId="8c84fa94-04c1-424b-9868-57a2d4851a1d" />
    <TestEntry testId="8bb1777e-9efc-3790-5e7f-689721276eb5" executionId="74334adc-1c8b-460d-bb50-e38176052ce0" testListId="8c84fa94-04c1-424b-9868-57a2d4851a1d" />
    <TestEntry testId="a18257d8-83a7-ea23-80d8-52fa5a7a4af2" executionId="9542dfb5-c9f3-452b-a246-922f2d5ebc3f" testListId="8c84fa94-04c1-424b-9868-57a2d4851a1d" />
    <TestEntry testId="4b130165-0fdf-c940-b55e-921b8f94a3b0" executionId="df8e4005-3bd0-4802-95b9-52faaa496e83" testListId="8c84fa94-04c1-424b-9868-57a2d4851a1d" />
    <TestEntry testId="15704e88-6fcf-503b-8fe5-ff183067a248" executionId="963c7a2a-4ce6-4456-9879-aee1e3976f7c" testListId="8c84fa94-04c1-424b-9868-57a2d4851a1d" />
    <TestEntry testId="16f8ca02-c692-df30-d4b0-3c46cb0ad7e2" executionId="866abd91-481c-4706-a771-14f9135ca810" testListId="8c84fa94-04c1-424b-9868-57a2d4851a1d" />
    <TestEntry testId="3638965e-460e-f932-b316-eaab99bcc909" executionId="f83f06e8-4787-4b57-b42e-b68bcdfd9a74" testListId="8c84fa94-04c1-424b-9868-57a2d4851a1d" />
    <TestEntry testId="f44247f2-2ba4-691b-33de-499c6bd4740f" executionId="cd1e8b7d-f715-4816-804a-af5660236ae6" testListId="8c84fa94-04c1-424b-9868-57a2d4851a1d" />
    <TestEntry testId="74a544e1-2aa8-947d-fca6-571937ef742c" executionId="10291c68-cc34-4926-be02-66b560f46a8b" testListId="8c84fa94-04c1-424b-9868-57a2d4851a1d" />
    <TestEntry testId="59262ffe-3dd8-ad12-017c-d5266943321a" executionId="a2387f85-e2cf-4eee-ab02-9a2f6a0134d7" testListId="8c84fa94-04c1-424b-9868-57a2d4851a1d" />
    <TestEntry testId="d855fe46-2c00-be3e-889b-d510199b799a" executionId="a749933f-462a-4a57-9b57-65427e262e3d" testListId="8c84fa94-04c1-424b-9868-57a2d4851a1d" />
    <TestEntry testId="e2ea0c74-7340-8576-8eb6-4e3a8f4502af" executionId="3ba3737f-386c-4030-be13-e3b95ddd0ef4" testListId="8c84fa94-04c1-424b-9868-57a2d4851a1d" />
    <TestEntry testId="be83ebd3-d324-ca36-4a85-6edf31161306" executionId="f806bed6-42ba-4909-ba3a-60c3447ea2fa" testListId="8c84fa94-04c1-424b-9868-57a2d4851a1d" />
    <TestEntry testId="a0b10833-9d75-2e2b-f7f7-1106b6e6cbb8" executionId="74dcd99c-ef66-448d-89d4-c329cb3fc73b" testListId="8c84fa94-04c1-424b-9868-57a2d4851a1d" />
    <TestEntry testId="3ac4e749-320e-5546-fdaf-83a3437d15f5" executionId="cf387ea2-5faf-4ab0-a3be-5d29bb70d4a3" testListId="8c84fa94-04c1-424b-9868-57a2d4851a1d" />
    <TestEntry testId="6f1cf7e9-0917-e461-edac-6c6b2ac85b67" executionId="cfb5efe3-d123-4671-a122-2eb361653fe0" testListId="8c84fa94-04c1-424b-9868-57a2d4851a1d" />
    <TestEntry testId="fbc48029-440a-c78d-4269-10fca7735575" executionId="f819c53d-4bfb-4971-89cd-d56a0e6d6764" testListId="8c84fa94-04c1-424b-9868-57a2d4851a1d" />
    <TestEntry testId="ea3e6bdf-3d42-6f6c-57f2-44e91d2b0921" executionId="9a037fe8-25c0-4e5e-b729-9f4e66216c63" testListId="8c84fa94-04c1-424b-9868-57a2d4851a1d" />
  </TestEntries>
  <TestLists>
    <TestList name="Results Not in a List" id="8c84fa94-04c1-424b-9868-57a2d4851a1d" />
    <TestList name="All Loaded Results" id="19431567-8539-422a-85d7-44ee4e166bda" />
  </TestLists>
  <ResultSummary outcome="Completed">
    <Counters total="122" executed="115" passed="115" failed="0" error="0" timeout="0" aborted="0" inconclusive="0" passedButRunAborted="0" notRunnable="0" notExecuted="0" disconnected="0" warning="0" completed="0" inProgress="0" pending="0" />
    <Output>
      <StdOut>Test 'SignedInController_SignedIn_WhenRegisteredSubdomainReplyTo' was skipped in the test run.Test 'GetToken_should_get_token_for_identity_when_authenticated_identity_is_same' was skipped in the test run.Test 'GetToken_should_get_token_for_identity_when_authenticated_identity_is_service_identity' was skipped in the test run.Test 'GetToken_should_throw_aad_authorization_exception_when_identity_is_not_same_as_authenticated_identity_and_not_service_identity' was skipped in the test run.Test 'GetToken_should_get_token_for_identity_when_identity_is_not_same_as_authenticated_identity_and_context_is_system_context' was skipped in the test run.Test 'AadAppTokensController_GetToken_should_throw_aad_authorization_exception_when_authenticated_identity_is_not_a_service_identity' was skipped in the test run.Test 'AadAppTokensController_GetToken_should_return_token_from_service' was skipped in the test run.</StdOut>
    </Output>
  </ResultSummary>
</TestRun>