<?xml version="1.0" encoding="UTF-8"?>
<TestRun id="ed2fb3be-8d4a-4612-92da-6df97260be4c" name="tfsmladm@TFSBUILD11 2015-09-28 09:43:29" runUser="REDMOND\tfsmladm" xmlns="http://microsoft.com/schemas/VisualStudio/TeamTest/2010">
  <Times creation="2015-09-28T09:43:29.5778957-07:00" queuing="2015-09-28T09:43:29.5778957-07:00" start="2015-09-28T09:43:29.5778957-07:00" finish="2015-09-28T09:43:30.6248455-07:00" />
  <TestSettings name="default" id="2dd8a022-65ac-4e51-9e64-65afa3f41a2b">
    <Execution>
      <TestTypeSpecific />
    </Execution>
    <Deployment runDeploymentRoot="tfsmladm_TFSBUILD11 2015-09-28 09_43_29" />
    <Properties />
  </TestSettings>
  <Results>
    <UnitTestResult executionId="b708723a-ac53-444b-89e3-630cfef8aacd" testId="e41fe999-fb45-203b-e473-af2724086aa8" testName="WillDeleteDirtyCheckinProjectsJob" computerName="TFSBUILD11" duration="00:00:00.4678740" startTime="2015-09-28T09:43:28.5778246-07:00" endTime="2015-09-28T09:43:29.0934860-07:00" testType="13cdc9d9-ddb5-4fa4-a97d-d965ccfc6d4b" outcome="Passed" testListId="8c84fa94-04c1-424b-9868-57a2d4851a1d" relativeResultsDirectory="b708723a-ac53-444b-89e3-630cfef8aacd" />
    <UnitTestResult executionId="0fadfa10-e554-438a-8b2c-3cb5df1159af" testId="3e459f45-4d2e-e333-f6a6-fd355339036e" testName="Will_return_false_delivery_type_is_not_chat_room" computerName="TFSBUILD11" duration="00:00:00.0066872" startTime="2015-09-28T09:43:29.1091124-07:00" endTime="2015-09-28T09:43:29.1091124-07:00" testType="13cdc9d9-ddb5-4fa4-a97d-d965ccfc6d4b" outcome="Passed" testListId="8c84fa94-04c1-424b-9868-57a2d4851a1d" relativeResultsDirectory="0fadfa10-e554-438a-8b2c-3cb5df1159af" />
    <UnitTestResult executionId="9f4ff21b-c2f0-40c0-afc7-02ec8d447e4b" testId="6d5a646c-c121-2908-d751-4f7f84133d93" testName="Will_return_false_if_delivery_address_is_not_an_int" computerName="TFSBUILD11" duration="00:00:00.0022957" startTime="2015-09-28T09:43:29.1091124-07:00" endTime="2015-09-28T09:43:29.1091124-07:00" testType="13cdc9d9-ddb5-4fa4-a97d-d965ccfc6d4b" outcome="Passed" testListId="8c84fa94-04c1-424b-9868-57a2d4851a1d" relativeResultsDirectory="9f4ff21b-c2f0-40c0-afc7-02ec8d447e4b" />
    <UnitTestResult executionId="b2a0ba66-a40c-4be6-a5cd-526c427e3a82" testId="420d8ba5-106f-cb2c-c52c-51b1ec1ac107" testName="Will_return_false_if_guid_identity_is_found_and_not_have_read_message_perms" computerName="TFSBUILD11" duration="00:00:00.1761711" startTime="2015-09-28T09:43:29.1091124-07:00" endTime="2015-09-28T09:43:29.2966255-07:00" testType="13cdc9d9-ddb5-4fa4-a97d-d965ccfc6d4b" outcome="Passed" testListId="8c84fa94-04c1-424b-9868-57a2d4851a1d" relativeResultsDirectory="b2a0ba66-a40c-4be6-a5cd-526c427e3a82" />
    <UnitTestResult executionId="6242b34c-6734-4337-8620-38bfcf9b03d4" testId="75eeab97-7ab8-e33a-aa9c-32531bae943b" testName="Will_return_false_if_unique_name_identity_is_found_and_not_have_read_message_perms" computerName="TFSBUILD11" duration="00:00:00.0264601" startTime="2015-09-28T09:43:29.2966255-07:00" endTime="2015-09-28T09:43:29.3122518-07:00" testType="13cdc9d9-ddb5-4fa4-a97d-d965ccfc6d4b" outcome="Passed" testListId="8c84fa94-04c1-424b-9868-57a2d4851a1d" relativeResultsDirectory="6242b34c-6734-4337-8620-38bfcf9b03d4" />
    <UnitTestResult executionId="fd323e5b-301e-4636-9605-75da68ec6a88" testId="495cf0c8-eb2a-e22a-77c6-a90e2911510f" testName="Will_return_true_if_guid_identity_is_found_and_is_a_member" computerName="TFSBUILD11" duration="00:00:00.1840445" startTime="2015-09-28T09:43:29.3122518-07:00" endTime="2015-09-28T09:43:29.4997655-07:00" testType="13cdc9d9-ddb5-4fa4-a97d-d965ccfc6d4b" outcome="Passed" testListId="8c84fa94-04c1-424b-9868-57a2d4851a1d" relativeResultsDirectory="fd323e5b-301e-4636-9605-75da68ec6a88" />
    <UnitTestResult executionId="7026068f-cea6-4a33-b1fc-35182d2a8870" testId="b3929dcb-9773-b7f0-48d0-59e39cf26b51" testName="Will_return_true_if_unique_name_identity_is_found_and_is_a_member" computerName="TFSBUILD11" duration="00:00:00.0088180" startTime="2015-09-28T09:43:29.4997655-07:00" endTime="2015-09-28T09:43:29.5153916-07:00" testType="13cdc9d9-ddb5-4fa4-a97d-d965ccfc6d4b" outcome="Passed" testListId="8c84fa94-04c1-424b-9868-57a2d4851a1d" relativeResultsDirectory="7026068f-cea6-4a33-b1fc-35182d2a8870" />
    <UnitTestResult executionId="b4074a9b-5895-4a03-9f4e-631f0f3db507" testId="e778b935-02b2-accb-87f7-5b5020e034b3" testName="Will_return_false_if_user_does_not_have_permission" computerName="TFSBUILD11" duration="00:00:00.0056348" startTime="2015-09-28T09:43:29.5153916-07:00" endTime="2015-09-28T09:43:29.5153916-07:00" testType="13cdc9d9-ddb5-4fa4-a97d-d965ccfc6d4b" outcome="Passed" testListId="8c84fa94-04c1-424b-9868-57a2d4851a1d" relativeResultsDirectory="b4074a9b-5895-4a03-9f4e-631f0f3db507" />
    <UnitTestResult executionId="90521a69-5140-450a-b722-e137fb9928bf" testId="8ded0391-b1f6-349c-ed84-11bded7adb13" testName="Will_return_false_if_user_is_null" computerName="TFSBUILD11" duration="00:00:00.0041238" startTime="2015-09-28T09:43:29.5153916-07:00" endTime="2015-09-28T09:43:29.5153916-07:00" testType="13cdc9d9-ddb5-4fa4-a97d-d965ccfc6d4b" outcome="Passed" testListId="8c84fa94-04c1-424b-9868-57a2d4851a1d" relativeResultsDirectory="90521a69-5140-450a-b722-e137fb9928bf" />
    <UnitTestResult executionId="94cbe83a-2f71-4874-bc5a-38ce43f6aaa8" testId="9707336e-af93-a510-b7e3-9e9ce8f36a42" testName="Will_return_true_if_firstIdentity_is_found_and_is_a_member" computerName="TFSBUILD11" duration="00:00:00.0094406" startTime="2015-09-28T09:43:29.5310171-07:00" endTime="2015-09-28T09:43:29.5310171-07:00" testType="13cdc9d9-ddb5-4fa4-a97d-d965ccfc6d4b" outcome="Passed" testListId="8c84fa94-04c1-424b-9868-57a2d4851a1d" relativeResultsDirectory="94cbe83a-2f71-4874-bc5a-38ce43f6aaa8" />
    <UnitTestResult executionId="dc2a43eb-69d0-4494-98fb-0684e88a0ffd" testId="2d9de0f1-b8cc-94a3-e324-c42e2e871d21" testName="Will_return_true_if_secondIdentity_is_found_and_is_a_member" computerName="TFSBUILD11" duration="00:00:00.0103127" startTime="2015-09-28T09:43:29.5310171-07:00" endTime="2015-09-28T09:43:29.5466435-07:00" testType="13cdc9d9-ddb5-4fa4-a97d-d965ccfc6d4b" outcome="Passed" testListId="8c84fa94-04c1-424b-9868-57a2d4851a1d" relativeResultsDirectory="dc2a43eb-69d0-4494-98fb-0684e88a0ffd" />
    <UnitTestResult executionId="56716613-d5dc-4767-bdbf-8cc0e7366e3b" testId="2f039091-f053-32c9-9b05-7e68cfc3a236" testName="Will_return_false_if_noIdentity_is_found" computerName="TFSBUILD11" duration="00:00:00.0072399" startTime="2015-09-28T09:43:29.5466435-07:00" endTime="2015-09-28T09:43:29.5466435-07:00" testType="13cdc9d9-ddb5-4fa4-a97d-d965ccfc6d4b" outcome="Passed" testListId="8c84fa94-04c1-424b-9868-57a2d4851a1d" relativeResultsDirectory="56716613-d5dc-4767-bdbf-8cc0e7366e3b" />
    <UnitTestResult executionId="78d4f502-b4e8-41e2-9ccc-7b89ab2b1619" testId="eb6c5d53-96b9-33c3-d14b-618890aa3e79" testName="Will_return_false_if_noIdentity_is_member" computerName="TFSBUILD11" duration="00:00:00.0074734" startTime="2015-09-28T09:43:29.5466435-07:00" endTime="2015-09-28T09:43:29.5622699-07:00" testType="13cdc9d9-ddb5-4fa4-a97d-d965ccfc6d4b" outcome="Passed" testListId="8c84fa94-04c1-424b-9868-57a2d4851a1d" relativeResultsDirectory="78d4f502-b4e8-41e2-9ccc-7b89ab2b1619" />
    <UnitTestResult executionId="e6b6d2ac-9f05-4d18-8dd7-6792cbb25b6e" testId="38058115-b009-8db2-345a-649774dffe6c" testName="Will_return_false_if_user_is_member_of_security_group" computerName="TFSBUILD11" duration="00:00:00.0258838" startTime="2015-09-28T09:43:29.5622699-07:00" endTime="2015-09-28T09:43:29.5935216-07:00" testType="13cdc9d9-ddb5-4fa4-a97d-d965ccfc6d4b" outcome="Passed" testListId="8c84fa94-04c1-424b-9868-57a2d4851a1d" relativeResultsDirectory="e6b6d2ac-9f05-4d18-8dd7-6792cbb25b6e" />
    <UnitTestResult executionId="fa11baff-c725-4020-adda-7ad54e77896e" testId="9dd40adb-6894-e4da-dfeb-4b124262ea31" testName="SupportsGitPullRequestEvent" computerName="TFSBUILD11" duration="00:00:00.0005156" startTime="2015-09-28T09:43:29.5935216-07:00" endTime="2015-09-28T09:43:29.5935216-07:00" testType="13cdc9d9-ddb5-4fa4-a97d-d965ccfc6d4b" outcome="Passed" testListId="8c84fa94-04c1-424b-9868-57a2d4851a1d" relativeResultsDirectory="fa11baff-c725-4020-adda-7ad54e77896e" />
    <UnitTestResult executionId="2b4cddf6-c2df-4560-a41c-35decda5f505" testId="0c56de74-5768-cb21-0281-f414fbe73228" testName="WillRemoveAdminFromRoom" computerName="TFSBUILD11" duration="00:00:00.2328565" startTime="2015-09-28T09:43:29.5935216-07:00" endTime="2015-09-28T09:43:29.8279132-07:00" testType="13cdc9d9-ddb5-4fa4-a97d-d965ccfc6d4b" outcome="Passed" testListId="8c84fa94-04c1-424b-9868-57a2d4851a1d" relativeResultsDirectory="2b4cddf6-c2df-4560-a41c-35decda5f505" />
    <UnitTestResult executionId="af29ea29-25ed-4fb2-a3dd-6fb2d8d296e8" testId="5314b4a8-b11f-cc76-a809-d75f1f9435d8" testName="WillNotRemoveAdminFromRoomIfUserIsAdminInAnyOtherRoom" computerName="TFSBUILD11" duration="00:00:00.0133680" startTime="2015-09-28T09:43:29.8279132-07:00" endTime="2015-09-28T09:43:29.8279132-07:00" testType="13cdc9d9-ddb5-4fa4-a97d-d965ccfc6d4b" outcome="Passed" testListId="8c84fa94-04c1-424b-9868-57a2d4851a1d" relativeResultsDirectory="af29ea29-25ed-4fb2-a3dd-6fb2d8d296e8" />
    <UnitTestResult executionId="182a5c46-7b4f-45e5-9bbb-5e8018721878" testId="49356f31-6e92-0a87-d9bc-7f458a6678d5" testName="WillNotRemoveAdminIfServiceHostIsNotCollection" computerName="TFSBUILD11" duration="00:00:00.0085688" startTime="2015-09-28T09:43:29.8279132-07:00" endTime="2015-09-28T09:43:29.8435402-07:00" testType="13cdc9d9-ddb5-4fa4-a97d-d965ccfc6d4b" outcome="Passed" testListId="8c84fa94-04c1-424b-9868-57a2d4851a1d" relativeResultsDirectory="182a5c46-7b4f-45e5-9bbb-5e8018721878" />
    <UnitTestResult executionId="eb4469b1-c3d8-44f0-bb78-a052e9760000" testId="4c3d3c53-0a9a-5484-6cbc-3ea370166221" testName="WillNotRemoveAdminIfTeamIsNull" computerName="TFSBUILD11" duration="00:00:00.0075937" startTime="2015-09-28T09:43:29.8435402-07:00" endTime="2015-09-28T09:43:29.8435402-07:00" testType="13cdc9d9-ddb5-4fa4-a97d-d965ccfc6d4b" outcome="Passed" testListId="8c84fa94-04c1-424b-9868-57a2d4851a1d" relativeResultsDirectory="eb4469b1-c3d8-44f0-bb78-a052e9760000" />
    <UnitTestResult executionId="a6c649fe-399f-4b7b-bdc5-d66e2ef69591" testId="efebbe4a-3acc-4d5d-a8b8-8e4ba8854339" testName="WillNotRemoveAdminIfAdminIsNull" computerName="TFSBUILD11" duration="00:00:00.0078119" startTime="2015-09-28T09:43:29.8435402-07:00" endTime="2015-09-28T09:43:29.8591655-07:00" testType="13cdc9d9-ddb5-4fa4-a97d-d965ccfc6d4b" outcome="Passed" testListId="8c84fa94-04c1-424b-9868-57a2d4851a1d" relativeResultsDirectory="a6c649fe-399f-4b7b-bdc5-d66e2ef69591" />
    <UnitTestResult executionId="1a19ea1e-44a9-4b91-b7df-5779332f011c" testId="d7b5f1a6-e90e-1838-c5b7-69ea9901ad7a" testName="WillAddAdminToRoom" computerName="TFSBUILD11" duration="00:00:00.0160093" startTime="2015-09-28T09:43:29.8591655-07:00" endTime="2015-09-28T09:43:29.8747918-07:00" testType="13cdc9d9-ddb5-4fa4-a97d-d965ccfc6d4b" outcome="Passed" testListId="8c84fa94-04c1-424b-9868-57a2d4851a1d" relativeResultsDirectory="1a19ea1e-44a9-4b91-b7df-5779332f011c" />
    <UnitTestResult executionId="847d42ab-e935-4238-96a8-15c6396b370e" testId="d19d70c5-8e4c-e3b3-7054-8238c6ba5ce1" testName="WillNotAddAdminIfServiceHostIsNotCollection" computerName="TFSBUILD11" duration="00:00:00.0086331" startTime="2015-09-28T09:43:29.8747918-07:00" endTime="2015-09-28T09:43:29.8904177-07:00" testType="13cdc9d9-ddb5-4fa4-a97d-d965ccfc6d4b" outcome="Passed" testListId="8c84fa94-04c1-424b-9868-57a2d4851a1d" relativeResultsDirectory="847d42ab-e935-4238-96a8-15c6396b370e" />
    <UnitTestResult executionId="818b8965-96f1-4f7b-acac-6170903263ee" testId="90144972-e5eb-1286-4410-385b7b12cb4c" testName="WillNotAddAdminIfTeamIsNull" computerName="TFSBUILD11" duration="00:00:00.0073520" startTime="2015-09-28T09:43:29.8904177-07:00" endTime="2015-09-28T09:43:29.8904177-07:00" testType="13cdc9d9-ddb5-4fa4-a97d-d965ccfc6d4b" outcome="Passed" testListId="8c84fa94-04c1-424b-9868-57a2d4851a1d" relativeResultsDirectory="818b8965-96f1-4f7b-acac-6170903263ee" />
    <UnitTestResult executionId="276d8f57-d57f-49cc-ad75-4b9dbfa68a6a" testId="2a4b2272-9ea8-0990-0ed9-5df9c807d3eb" testName="WillNotAddAdminIfAdminIsNull" computerName="TFSBUILD11" duration="00:00:00.0073764" startTime="2015-09-28T09:43:29.8904177-07:00" endTime="2015-09-28T09:43:29.9060438-07:00" testType="13cdc9d9-ddb5-4fa4-a97d-d965ccfc6d4b" outcome="Passed" testListId="8c84fa94-04c1-424b-9868-57a2d4851a1d" relativeResultsDirectory="276d8f57-d57f-49cc-ad75-4b9dbfa68a6a" />
    <UnitTestResult executionId="f33b4bf1-da9a-44b2-a646-ef666bf1235b" testId="591cc566-1bf8-2e7d-640b-4a4b0b3904de" testName="SupportsBuildCompletedEvent" computerName="TFSBUILD11" duration="00:00:00.0002958" startTime="2015-09-28T09:43:29.9060438-07:00" endTime="2015-09-28T09:43:29.9060438-07:00" testType="13cdc9d9-ddb5-4fa4-a97d-d965ccfc6d4b" outcome="Passed" testListId="8c84fa94-04c1-424b-9868-57a2d4851a1d" relativeResultsDirectory="f33b4bf1-da9a-44b2-a646-ef666bf1235b" />
    <UnitTestResult executionId="3f2f1990-1461-496e-8b5e-0fdfa5b528ff" testId="c960679c-1ed6-baa3-07f0-a4eccca3904d" testName="SupportsCheckinEvent" computerName="TFSBUILD11" duration="00:00:00.0016867" startTime="2015-09-28T09:43:29.9060438-07:00" endTime="2015-09-28T09:43:29.9060438-07:00" testType="13cdc9d9-ddb5-4fa4-a97d-d965ccfc6d4b" outcome="Passed" testListId="8c84fa94-04c1-424b-9868-57a2d4851a1d" relativeResultsDirectory="3f2f1990-1461-496e-8b5e-0fdfa5b528ff" />
    <UnitTestResult executionId="04d59002-723e-4161-93ac-b2929b31bf8d" testId="27a0e788-154f-ca8f-445c-f9aab0b3b647" testName="SupportsCodeReviewChangedEvent" computerName="TFSBUILD11" duration="00:00:00.0019316" startTime="2015-09-28T09:43:29.9060438-07:00" endTime="2015-09-28T09:43:29.9060438-07:00" testType="13cdc9d9-ddb5-4fa4-a97d-d965ccfc6d4b" outcome="Passed" testListId="8c84fa94-04c1-424b-9868-57a2d4851a1d" relativeResultsDirectory="04d59002-723e-4161-93ac-b2929b31bf8d" />
    <UnitTestResult executionId="64e64a15-2b55-40c8-af29-cd440c3c3ad8" testId="7be31cc9-9b3e-df9e-ce45-b9e7b6a94be2" testName="SupportsGitPushEvent" computerName="TFSBUILD11" duration="00:00:00.0003063" startTime="2015-09-28T09:43:29.9060438-07:00" endTime="2015-09-28T09:43:29.9060438-07:00" testType="13cdc9d9-ddb5-4fa4-a97d-d965ccfc6d4b" outcome="Passed" testListId="8c84fa94-04c1-424b-9868-57a2d4851a1d" relativeResultsDirectory="64e64a15-2b55-40c8-af29-cd440c3c3ad8" />
    <UnitTestResult executionId="4f8cd5b5-f7c5-4a42-9455-55eaa5d6d1ff" testId="7cf1977d-5bae-2c55-f1d4-1dde7aab2a69" testName="SupportsWorkItemChangedEvent" computerName="TFSBUILD11" duration="00:00:00.0002656" startTime="2015-09-28T09:43:29.9060438-07:00" endTime="2015-09-28T09:43:29.9060438-07:00" testType="13cdc9d9-ddb5-4fa4-a97d-d965ccfc6d4b" outcome="Passed" testListId="8c84fa94-04c1-424b-9868-57a2d4851a1d" relativeResultsDirectory="4f8cd5b5-f7c5-4a42-9455-55eaa5d6d1ff" />
    <UnitTestResult executionId="c1a23e8f-8770-4ac2-a04d-831dc51d0e35" testId="8a394011-4e5d-e9ad-4523-9b52ffaa83ad" testName="WillDeleteRoomsInJob" computerName="TFSBUILD11" duration="00:00:00.2401576" startTime="2015-09-28T09:43:29.9060438-07:00" endTime="2015-09-28T09:43:30.1404357-07:00" testType="13cdc9d9-ddb5-4fa4-a97d-d965ccfc6d4b" outcome="Passed" testListId="8c84fa94-04c1-424b-9868-57a2d4851a1d" relativeResultsDirectory="c1a23e8f-8770-4ac2-a04d-831dc51d0e35" />
    <UnitTestResult executionId="6fc39f17-cf82-428d-aab0-697a9baf574b" testId="ef122e98-35d4-b718-951e-41558632ba4b" testName="WillDeleteAllClosedRoomsInScheduledJob" computerName="TFSBUILD11" duration="00:00:00.0081490" startTime="2015-09-28T09:43:30.1404357-07:00" endTime="2015-09-28T09:43:30.1560616-07:00" testType="13cdc9d9-ddb5-4fa4-a97d-d965ccfc6d4b" outcome="Passed" testListId="8c84fa94-04c1-424b-9868-57a2d4851a1d" relativeResultsDirectory="6fc39f17-cf82-428d-aab0-697a9baf574b" />
    <UnitTestResult executionId="7ae4535d-ffd7-46e9-95c7-3d2c14367063" testId="3b7b6f23-309e-be5a-3009-20d8e85dc097" testName="WillCreateChatRoomGivingTeamIdentityWithTeamPropertyNameUpdatedToTrue" computerName="TFSBUILD11" duration="00:00:00.0443177" startTime="2015-09-28T09:43:30.1560616-07:00" endTime="2015-09-28T09:43:30.2029405-07:00" testType="13cdc9d9-ddb5-4fa4-a97d-d965ccfc6d4b" outcome="Passed" testListId="8c84fa94-04c1-424b-9868-57a2d4851a1d" relativeResultsDirectory="7ae4535d-ffd7-46e9-95c7-3d2c14367063" />
    <UnitTestResult executionId="fa33c3f8-4d63-4296-ab37-c9bbfed52953" testId="5943a654-8911-1e7c-c2cf-8056b93a61da" testName="WillNotCreateChatRoomGivingTeamIdentityWithoutTeamPropertyNameSet" computerName="TFSBUILD11" duration="00:00:00.0087955" startTime="2015-09-28T09:43:30.2029405-07:00" endTime="2015-09-28T09:43:30.2029405-07:00" testType="13cdc9d9-ddb5-4fa4-a97d-d965ccfc6d4b" outcome="Passed" testListId="8c84fa94-04c1-424b-9868-57a2d4851a1d" relativeResultsDirectory="fa33c3f8-4d63-4296-ab37-c9bbfed52953" />
    <UnitTestResult executionId="c3a165f9-1732-42f9-b780-b42fdf122af3" testId="dfaeb194-19c3-81fe-2995-86ad469c73a8" testName="WillNotCreateChatRoomGivingTeamIdentityIfProperyScopeIsGlobal" computerName="TFSBUILD11" duration="00:00:00.0083612" startTime="2015-09-28T09:43:30.2029405-07:00" endTime="2015-09-28T09:43:30.2185663-07:00" testType="13cdc9d9-ddb5-4fa4-a97d-d965ccfc6d4b" outcome="Passed" testListId="8c84fa94-04c1-424b-9868-57a2d4851a1d" relativeResultsDirectory="c3a165f9-1732-42f9-b780-b42fdf122af3" />
    <UnitTestResult executionId="d5a1e1ea-b8c6-44e6-b9f8-456404eb128d" testId="93752290-6f7d-162c-dbdc-1c3dc4f42d45" testName="WillNotCreateChatRoomIfServiceHostIsNotCollection" computerName="TFSBUILD11" duration="00:00:00.0222844" startTime="2015-09-28T09:43:30.2185663-07:00" endTime="2015-09-28T09:43:30.2341930-07:00" testType="13cdc9d9-ddb5-4fa4-a97d-d965ccfc6d4b" outcome="Passed" testListId="8c84fa94-04c1-424b-9868-57a2d4851a1d" relativeResultsDirectory="d5a1e1ea-b8c6-44e6-b9f8-456404eb128d" />
    <UnitTestResult executionId="f7791067-96c3-48c2-b7de-dfb14c7f5bba" testId="55fbc6c8-2a36-67f1-86f3-f113f449af3e" testName="WillReturnBaseEventProperties" computerName="TFSBUILD11" duration="00:00:00.0158685" startTime="2015-09-28T09:43:30.2341930-07:00" endTime="2015-09-28T09:43:30.2498179-07:00" testType="13cdc9d9-ddb5-4fa4-a97d-d965ccfc6d4b" outcome="Passed" testListId="8c84fa94-04c1-424b-9868-57a2d4851a1d" relativeResultsDirectory="f7791067-96c3-48c2-b7de-dfb14c7f5bba" />
    <UnitTestResult executionId="4df176b3-f8fa-4c79-9fd0-545dc8d8f055" testId="6cceee8e-44ed-bd2d-3ec1-427a3664cede" testName="WillReturnBaseEventProperties" computerName="TFSBUILD11" duration="00:00:00.0222253" startTime="2015-09-28T09:43:30.2498179-07:00" endTime="2015-09-28T09:43:30.2810713-07:00" testType="13cdc9d9-ddb5-4fa4-a97d-d965ccfc6d4b" outcome="Passed" testListId="8c84fa94-04c1-424b-9868-57a2d4851a1d" relativeResultsDirectory="4df176b3-f8fa-4c79-9fd0-545dc8d8f055" />
    <UnitTestResult executionId="ba454a51-bae2-4d84-8bcc-5e600df7ae3a" testId="d7ff342a-cee1-998c-6f91-64063292400a" testName="WillReturnBaseEventProperties" computerName="TFSBUILD11" duration="00:00:00.0386471" startTime="2015-09-28T09:43:30.2810713-07:00" endTime="2015-09-28T09:43:30.3123227-07:00" testType="13cdc9d9-ddb5-4fa4-a97d-d965ccfc6d4b" outcome="Passed" testListId="8c84fa94-04c1-424b-9868-57a2d4851a1d" relativeResultsDirectory="ba454a51-bae2-4d84-8bcc-5e600df7ae3a" />
    <UnitTestResult executionId="156eb859-b986-4b04-b9e2-fab6a301a97e" testId="f58c7e60-217b-6588-c9e3-159f99800e27" testName="WillReturnBaseEventProperties" computerName="TFSBUILD11" duration="00:00:00.0976308" startTime="2015-09-28T09:43:30.3123227-07:00" endTime="2015-09-28T09:43:30.4217055-07:00" testType="13cdc9d9-ddb5-4fa4-a97d-d965ccfc6d4b" outcome="Passed" testListId="8c84fa94-04c1-424b-9868-57a2d4851a1d" relativeResultsDirectory="156eb859-b986-4b04-b9e2-fab6a301a97e" />
    <UnitTestResult executionId="ee0e87ef-323a-4f11-8bc2-5dce100f8cd8" testId="1d9d5100-fe80-28e6-2564-e218448789b0" testName="WillReturnBaseEventProperties" computerName="TFSBUILD11" duration="00:00:00.1818904" startTime="2015-09-28T09:43:30.4217055-07:00" endTime="2015-09-28T09:43:30.5935938-07:00" testType="13cdc9d9-ddb5-4fa4-a97d-d965ccfc6d4b" outcome="Passed" testListId="8c84fa94-04c1-424b-9868-57a2d4851a1d" relativeResultsDirectory="ee0e87ef-323a-4f11-8bc2-5dce100f8cd8" />
    <UnitTestResult executionId="6c38df46-2fff-41e3-9a23-44fe64025f53" testId="c9283e7f-0a7c-2b3b-30ae-2bfe726da89a" testName="WillReturnBaseEventProperties" computerName="TFSBUILD11" duration="00:00:00.0100698" startTime="2015-09-28T09:43:30.5935938-07:00" endTime="2015-09-28T09:43:30.6092185-07:00" testType="13cdc9d9-ddb5-4fa4-a97d-d965ccfc6d4b" outcome="Passed" testListId="8c84fa94-04c1-424b-9868-57a2d4851a1d" relativeResultsDirectory="6c38df46-2fff-41e3-9a23-44fe64025f53" />
  </Results>
  <TestDefinitions>
    <UnitTest name="WillDeleteDirtyCheckinProjectsJob" storage="d:\v2.0\a1\_work\dbded102\bin\release.anycpu\tfs.service\ms.tf.chat.plugins.l0.tests\ms.tf.chat.plugins.l0.tests.dll" id="e41fe999-fb45-203b-e473-af2724086aa8">
      <Owners>
        <Owner name="colinthodirects" />
      </Owners>
      <Execution id="b708723a-ac53-444b-89e3-630cfef8aacd" />
      <TestMethod codeBase="D:\v2.0\A1\_work\dbded102\bin\Release.AnyCPU\Tfs.Service\MS.TF.Chat.Plugins.L0.Tests\MS.TF.Chat.Plugins.L0.Tests.dll" adapterTypeName="Microsoft.VisualStudio.TestTools.TestTypes.Unit.UnitTestAdapter" className="MS.TF.Chat.Plugins.L0.Tests.ChatCheckinSubscriptionsCleanupJobTests" name="WillDeleteDirtyCheckinProjectsJob" />
    </UnitTest>
    <UnitTest name="Will_return_false_delivery_type_is_not_chat_room" storage="d:\v2.0\a1\_work\dbded102\bin\release.anycpu\tfs.service\ms.tf.chat.plugins.l0.tests\ms.tf.chat.plugins.l0.tests.dll" id="3e459f45-4d2e-e333-f6a6-fd355339036e">
      <Owners>
        <Owner name="colinthodirects" />
      </Owners>
      <Execution id="0fadfa10-e554-438a-8b2c-3cb5df1159af" />
      <TestMethod codeBase="D:\v2.0\A1\_work\dbded102\bin\Release.AnyCPU\Tfs.Service\MS.TF.Chat.Plugins.L0.Tests\MS.TF.Chat.Plugins.L0.Tests.dll" adapterTypeName="Microsoft.VisualStudio.TestTools.TestTypes.Unit.UnitTestAdapter" className="MS.TF.Chat.Plugins.L0.Tests.ChatRoomMembersEventPredicateTests" name="Will_return_false_delivery_type_is_not_chat_room" />
    </UnitTest>
    <UnitTest name="Will_return_false_if_delivery_address_is_not_an_int" storage="d:\v2.0\a1\_work\dbded102\bin\release.anycpu\tfs.service\ms.tf.chat.plugins.l0.tests\ms.tf.chat.plugins.l0.tests.dll" id="6d5a646c-c121-2908-d751-4f7f84133d93">
      <Owners>
        <Owner name="colinthodirects" />
      </Owners>
      <Execution id="9f4ff21b-c2f0-40c0-afc7-02ec8d447e4b" />
      <TestMethod codeBase="D:\v2.0\A1\_work\dbded102\bin\Release.AnyCPU\Tfs.Service\MS.TF.Chat.Plugins.L0.Tests\MS.TF.Chat.Plugins.L0.Tests.dll" adapterTypeName="Microsoft.VisualStudio.TestTools.TestTypes.Unit.UnitTestAdapter" className="MS.TF.Chat.Plugins.L0.Tests.ChatRoomMembersEventPredicateTests" name="Will_return_false_if_delivery_address_is_not_an_int" />
    </UnitTest>
    <UnitTest name="Will_return_false_if_guid_identity_is_found_and_not_have_read_message_perms" storage="d:\v2.0\a1\_work\dbded102\bin\release.anycpu\tfs.service\ms.tf.chat.plugins.l0.tests\ms.tf.chat.plugins.l0.tests.dll" id="420d8ba5-106f-cb2c-c52c-51b1ec1ac107">
      <Owners>
        <Owner name="colinthodirects" />
      </Owners>
      <Execution id="b2a0ba66-a40c-4be6-a5cd-526c427e3a82" />
      <TestMethod codeBase="D:\v2.0\A1\_work\dbded102\bin\Release.AnyCPU\Tfs.Service\MS.TF.Chat.Plugins.L0.Tests\MS.TF.Chat.Plugins.L0.Tests.dll" adapterTypeName="Microsoft.VisualStudio.TestTools.TestTypes.Unit.UnitTestAdapter" className="MS.TF.Chat.Plugins.L0.Tests.ChatRoomMembersEventPredicateTests" name="Will_return_false_if_guid_identity_is_found_and_not_have_read_message_perms" />
    </UnitTest>
    <UnitTest name="Will_return_false_if_unique_name_identity_is_found_and_not_have_read_message_perms" storage="d:\v2.0\a1\_work\dbded102\bin\release.anycpu\tfs.service\ms.tf.chat.plugins.l0.tests\ms.tf.chat.plugins.l0.tests.dll" id="75eeab97-7ab8-e33a-aa9c-32531bae943b">
      <Owners>
        <Owner name="colinthodirects" />
      </Owners>
      <Execution id="6242b34c-6734-4337-8620-38bfcf9b03d4" />
      <TestMethod codeBase="D:\v2.0\A1\_work\dbded102\bin\Release.AnyCPU\Tfs.Service\MS.TF.Chat.Plugins.L0.Tests\MS.TF.Chat.Plugins.L0.Tests.dll" adapterTypeName="Microsoft.VisualStudio.TestTools.TestTypes.Unit.UnitTestAdapter" className="MS.TF.Chat.Plugins.L0.Tests.ChatRoomMembersEventPredicateTests" name="Will_return_false_if_unique_name_identity_is_found_and_not_have_read_message_perms" />
    </UnitTest>
    <UnitTest name="Will_return_true_if_guid_identity_is_found_and_is_a_member" storage="d:\v2.0\a1\_work\dbded102\bin\release.anycpu\tfs.service\ms.tf.chat.plugins.l0.tests\ms.tf.chat.plugins.l0.tests.dll" id="495cf0c8-eb2a-e22a-77c6-a90e2911510f">
      <Owners>
        <Owner name="colinthodirects" />
      </Owners>
      <Execution id="fd323e5b-301e-4636-9605-75da68ec6a88" />
      <TestMethod codeBase="D:\v2.0\A1\_work\dbded102\bin\Release.AnyCPU\Tfs.Service\MS.TF.Chat.Plugins.L0.Tests\MS.TF.Chat.Plugins.L0.Tests.dll" adapterTypeName="Microsoft.VisualStudio.TestTools.TestTypes.Unit.UnitTestAdapter" className="MS.TF.Chat.Plugins.L0.Tests.ChatRoomMembersEventPredicateTests" name="Will_return_true_if_guid_identity_is_found_and_is_a_member" />
    </UnitTest>
    <UnitTest name="Will_return_true_if_unique_name_identity_is_found_and_is_a_member" storage="d:\v2.0\a1\_work\dbded102\bin\release.anycpu\tfs.service\ms.tf.chat.plugins.l0.tests\ms.tf.chat.plugins.l0.tests.dll" id="b3929dcb-9773-b7f0-48d0-59e39cf26b51">
      <Owners>
        <Owner name="colinthodirects" />
      </Owners>
      <Execution id="7026068f-cea6-4a33-b1fc-35182d2a8870" />
      <TestMethod codeBase="D:\v2.0\A1\_work\dbded102\bin\Release.AnyCPU\Tfs.Service\MS.TF.Chat.Plugins.L0.Tests\MS.TF.Chat.Plugins.L0.Tests.dll" adapterTypeName="Microsoft.VisualStudio.TestTools.TestTypes.Unit.UnitTestAdapter" className="MS.TF.Chat.Plugins.L0.Tests.ChatRoomMembersEventPredicateTests" name="Will_return_true_if_unique_name_identity_is_found_and_is_a_member" />
    </UnitTest>
    <UnitTest name="Will_return_false_if_user_does_not_have_permission" storage="d:\v2.0\a1\_work\dbded102\bin\release.anycpu\tfs.service\ms.tf.chat.plugins.l0.tests\ms.tf.chat.plugins.l0.tests.dll" id="e778b935-02b2-accb-87f7-5b5020e034b3">
      <Owners>
        <Owner name="colinthodirects" />
      </Owners>
      <Execution id="b4074a9b-5895-4a03-9f4e-631f0f3db507" />
      <TestMethod codeBase="D:\v2.0\A1\_work\dbded102\bin\Release.AnyCPU\Tfs.Service\MS.TF.Chat.Plugins.L0.Tests\MS.TF.Chat.Plugins.L0.Tests.dll" adapterTypeName="Microsoft.VisualStudio.TestTools.TestTypes.Unit.UnitTestAdapter" className="MS.TF.Chat.Plugins.L0.Tests.ChatRoomMembersEventPredicateTests" name="Will_return_false_if_user_does_not_have_permission" />
    </UnitTest>
    <UnitTest name="Will_return_false_if_user_is_null" storage="d:\v2.0\a1\_work\dbded102\bin\release.anycpu\tfs.service\ms.tf.chat.plugins.l0.tests\ms.tf.chat.plugins.l0.tests.dll" id="8ded0391-b1f6-349c-ed84-11bded7adb13">
      <Owners>
        <Owner name="colinthodirects" />
      </Owners>
      <Execution id="90521a69-5140-450a-b722-e137fb9928bf" />
      <TestMethod codeBase="D:\v2.0\A1\_work\dbded102\bin\Release.AnyCPU\Tfs.Service\MS.TF.Chat.Plugins.L0.Tests\MS.TF.Chat.Plugins.L0.Tests.dll" adapterTypeName="Microsoft.VisualStudio.TestTools.TestTypes.Unit.UnitTestAdapter" className="MS.TF.Chat.Plugins.L0.Tests.ChatRoomMembersEventPredicateTests" name="Will_return_false_if_user_is_null" />
    </UnitTest>
    <UnitTest name="Will_return_true_if_firstIdentity_is_found_and_is_a_member" storage="d:\v2.0\a1\_work\dbded102\bin\release.anycpu\tfs.service\ms.tf.chat.plugins.l0.tests\ms.tf.chat.plugins.l0.tests.dll" id="9707336e-af93-a510-b7e3-9e9ce8f36a42">
      <Owners>
        <Owner name="colinthodirects" />
      </Owners>
      <Execution id="94cbe83a-2f71-4874-bc5a-38ce43f6aaa8" />
      <TestMethod codeBase="D:\v2.0\A1\_work\dbded102\bin\Release.AnyCPU\Tfs.Service\MS.TF.Chat.Plugins.L0.Tests\MS.TF.Chat.Plugins.L0.Tests.dll" adapterTypeName="Microsoft.VisualStudio.TestTools.TestTypes.Unit.UnitTestAdapter" className="MS.TF.Chat.Plugins.L0.Tests.ChatRoomMembersEventPredicateTests" name="Will_return_true_if_firstIdentity_is_found_and_is_a_member" />
    </UnitTest>
    <UnitTest name="Will_return_true_if_secondIdentity_is_found_and_is_a_member" storage="d:\v2.0\a1\_work\dbded102\bin\release.anycpu\tfs.service\ms.tf.chat.plugins.l0.tests\ms.tf.chat.plugins.l0.tests.dll" id="2d9de0f1-b8cc-94a3-e324-c42e2e871d21">
      <Owners>
        <Owner name="colinthodirects" />
      </Owners>
      <Execution id="dc2a43eb-69d0-4494-98fb-0684e88a0ffd" />
      <TestMethod codeBase="D:\v2.0\A1\_work\dbded102\bin\Release.AnyCPU\Tfs.Service\MS.TF.Chat.Plugins.L0.Tests\MS.TF.Chat.Plugins.L0.Tests.dll" adapterTypeName="Microsoft.VisualStudio.TestTools.TestTypes.Unit.UnitTestAdapter" className="MS.TF.Chat.Plugins.L0.Tests.ChatRoomMembersEventPredicateTests" name="Will_return_true_if_secondIdentity_is_found_and_is_a_member" />
    </UnitTest>
    <UnitTest name="Will_return_false_if_noIdentity_is_found" storage="d:\v2.0\a1\_work\dbded102\bin\release.anycpu\tfs.service\ms.tf.chat.plugins.l0.tests\ms.tf.chat.plugins.l0.tests.dll" id="2f039091-f053-32c9-9b05-7e68cfc3a236">
      <Owners>
        <Owner name="colinthodirects" />
      </Owners>
      <Execution id="56716613-d5dc-4767-bdbf-8cc0e7366e3b" />
      <TestMethod codeBase="D:\v2.0\A1\_work\dbded102\bin\Release.AnyCPU\Tfs.Service\MS.TF.Chat.Plugins.L0.Tests\MS.TF.Chat.Plugins.L0.Tests.dll" adapterTypeName="Microsoft.VisualStudio.TestTools.TestTypes.Unit.UnitTestAdapter" className="MS.TF.Chat.Plugins.L0.Tests.ChatRoomMembersEventPredicateTests" name="Will_return_false_if_noIdentity_is_found" />
    </UnitTest>
    <UnitTest name="Will_return_false_if_noIdentity_is_member" storage="d:\v2.0\a1\_work\dbded102\bin\release.anycpu\tfs.service\ms.tf.chat.plugins.l0.tests\ms.tf.chat.plugins.l0.tests.dll" id="eb6c5d53-96b9-33c3-d14b-618890aa3e79">
      <Owners>
        <Owner name="colinthodirects" />
      </Owners>
      <Execution id="78d4f502-b4e8-41e2-9ccc-7b89ab2b1619" />
      <TestMethod codeBase="D:\v2.0\A1\_work\dbded102\bin\Release.AnyCPU\Tfs.Service\MS.TF.Chat.Plugins.L0.Tests\MS.TF.Chat.Plugins.L0.Tests.dll" adapterTypeName="Microsoft.VisualStudio.TestTools.TestTypes.Unit.UnitTestAdapter" className="MS.TF.Chat.Plugins.L0.Tests.ChatRoomMembersEventPredicateTests" name="Will_return_false_if_noIdentity_is_member" />
    </UnitTest>
    <UnitTest name="Will_return_false_if_user_is_member_of_security_group" storage="d:\v2.0\a1\_work\dbded102\bin\release.anycpu\tfs.service\ms.tf.chat.plugins.l0.tests\ms.tf.chat.plugins.l0.tests.dll" id="38058115-b009-8db2-345a-649774dffe6c">
      <Owners>
        <Owner name="colinthodirects" />
      </Owners>
      <Execution id="e6b6d2ac-9f05-4d18-8dd7-6792cbb25b6e" />
      <TestMethod codeBase="D:\v2.0\A1\_work\dbded102\bin\Release.AnyCPU\Tfs.Service\MS.TF.Chat.Plugins.L0.Tests\MS.TF.Chat.Plugins.L0.Tests.dll" adapterTypeName="Microsoft.VisualStudio.TestTools.TestTypes.Unit.UnitTestAdapter" className="MS.TF.Chat.Plugins.L0.Tests.ChatRoomMembersEventPredicateTests" name="Will_return_false_if_user_is_member_of_security_group" />
    </UnitTest>
    <UnitTest name="SupportsGitPullRequestEvent" storage="d:\v2.0\a1\_work\dbded102\bin\release.anycpu\tfs.service\ms.tf.chat.plugins.l0.tests\ms.tf.chat.plugins.l0.tests.dll" id="9dd40adb-6894-e4da-dfeb-4b124262ea31">
      <Owners>
        <Owner name="colinthodirects" />
      </Owners>
      <Execution id="fa11baff-c725-4020-adda-7ad54e77896e" />
      <TestMethod codeBase="D:\v2.0\A1\_work\dbded102\bin\Release.AnyCPU\Tfs.Service\MS.TF.Chat.Plugins.L0.Tests\MS.TF.Chat.Plugins.L0.Tests.dll" adapterTypeName="Microsoft.VisualStudio.TestTools.TestTypes.Unit.UnitTestAdapter" className="MS.TF.Chat.Plugins.L0.Tests.GitPullRequestEventNotificationFormatterTests" name="SupportsGitPullRequestEvent" />
    </UnitTest>
    <UnitTest name="WillRemoveAdminFromRoom" storage="d:\v2.0\a1\_work\dbded102\bin\release.anycpu\tfs.service\ms.tf.chat.plugins.l0.tests\ms.tf.chat.plugins.l0.tests.dll" id="0c56de74-5768-cb21-0281-f414fbe73228">
      <Owners>
        <Owner name="colinthodirects" />
      </Owners>
      <Execution id="2b4cddf6-c2df-4560-a41c-35decda5f505" />
      <TestMethod codeBase="D:\v2.0\A1\_work\dbded102\bin\Release.AnyCPU\Tfs.Service\MS.TF.Chat.Plugins.L0.Tests\MS.TF.Chat.Plugins.L0.Tests.dll" adapterTypeName="Microsoft.VisualStudio.TestTools.TestTypes.Unit.UnitTestAdapter" className="MS.TF.Chat.Plugins.L0.Tests.TeamAdminRemovedSubscriberTests" name="WillRemoveAdminFromRoom" />
    </UnitTest>
    <UnitTest name="WillNotRemoveAdminFromRoomIfUserIsAdminInAnyOtherRoom" storage="d:\v2.0\a1\_work\dbded102\bin\release.anycpu\tfs.service\ms.tf.chat.plugins.l0.tests\ms.tf.chat.plugins.l0.tests.dll" id="5314b4a8-b11f-cc76-a809-d75f1f9435d8">
      <Owners>
        <Owner name="colinthodirects" />
      </Owners>
      <Execution id="af29ea29-25ed-4fb2-a3dd-6fb2d8d296e8" />
      <TestMethod codeBase="D:\v2.0\A1\_work\dbded102\bin\Release.AnyCPU\Tfs.Service\MS.TF.Chat.Plugins.L0.Tests\MS.TF.Chat.Plugins.L0.Tests.dll" adapterTypeName="Microsoft.VisualStudio.TestTools.TestTypes.Unit.UnitTestAdapter" className="MS.TF.Chat.Plugins.L0.Tests.TeamAdminRemovedSubscriberTests" name="WillNotRemoveAdminFromRoomIfUserIsAdminInAnyOtherRoom" />
    </UnitTest>
    <UnitTest name="WillNotRemoveAdminIfServiceHostIsNotCollection" storage="d:\v2.0\a1\_work\dbded102\bin\release.anycpu\tfs.service\ms.tf.chat.plugins.l0.tests\ms.tf.chat.plugins.l0.tests.dll" id="49356f31-6e92-0a87-d9bc-7f458a6678d5">
      <Owners>
        <Owner name="colinthodirects" />
      </Owners>
      <Execution id="182a5c46-7b4f-45e5-9bbb-5e8018721878" />
      <TestMethod codeBase="D:\v2.0\A1\_work\dbded102\bin\Release.AnyCPU\Tfs.Service\MS.TF.Chat.Plugins.L0.Tests\MS.TF.Chat.Plugins.L0.Tests.dll" adapterTypeName="Microsoft.VisualStudio.TestTools.TestTypes.Unit.UnitTestAdapter" className="MS.TF.Chat.Plugins.L0.Tests.TeamAdminRemovedSubscriberTests" name="WillNotRemoveAdminIfServiceHostIsNotCollection" />
    </UnitTest>
    <UnitTest name="WillNotRemoveAdminIfTeamIsNull" storage="d:\v2.0\a1\_work\dbded102\bin\release.anycpu\tfs.service\ms.tf.chat.plugins.l0.tests\ms.tf.chat.plugins.l0.tests.dll" id="4c3d3c53-0a9a-5484-6cbc-3ea370166221">
      <Owners>
        <Owner name="colinthodirects" />
      </Owners>
      <Execution id="eb4469b1-c3d8-44f0-bb78-a052e9760000" />
      <TestMethod codeBase="D:\v2.0\A1\_work\dbded102\bin\Release.AnyCPU\Tfs.Service\MS.TF.Chat.Plugins.L0.Tests\MS.TF.Chat.Plugins.L0.Tests.dll" adapterTypeName="Microsoft.VisualStudio.TestTools.TestTypes.Unit.UnitTestAdapter" className="MS.TF.Chat.Plugins.L0.Tests.TeamAdminRemovedSubscriberTests" name="WillNotRemoveAdminIfTeamIsNull" />
    </UnitTest>
    <UnitTest name="WillNotRemoveAdminIfAdminIsNull" storage="d:\v2.0\a1\_work\dbded102\bin\release.anycpu\tfs.service\ms.tf.chat.plugins.l0.tests\ms.tf.chat.plugins.l0.tests.dll" id="efebbe4a-3acc-4d5d-a8b8-8e4ba8854339">
      <Owners>
        <Owner name="colinthodirects" />
      </Owners>
      <Execution id="a6c649fe-399f-4b7b-bdc5-d66e2ef69591" />
      <TestMethod codeBase="D:\v2.0\A1\_work\dbded102\bin\Release.AnyCPU\Tfs.Service\MS.TF.Chat.Plugins.L0.Tests\MS.TF.Chat.Plugins.L0.Tests.dll" adapterTypeName="Microsoft.VisualStudio.TestTools.TestTypes.Unit.UnitTestAdapter" className="MS.TF.Chat.Plugins.L0.Tests.TeamAdminRemovedSubscriberTests" name="WillNotRemoveAdminIfAdminIsNull" />
    </UnitTest>
    <UnitTest name="WillAddAdminToRoom" storage="d:\v2.0\a1\_work\dbded102\bin\release.anycpu\tfs.service\ms.tf.chat.plugins.l0.tests\ms.tf.chat.plugins.l0.tests.dll" id="d7b5f1a6-e90e-1838-c5b7-69ea9901ad7a">
      <Owners>
        <Owner name="colinthodirects" />
      </Owners>
      <Execution id="1a19ea1e-44a9-4b91-b7df-5779332f011c" />
      <TestMethod codeBase="D:\v2.0\A1\_work\dbded102\bin\Release.AnyCPU\Tfs.Service\MS.TF.Chat.Plugins.L0.Tests\MS.TF.Chat.Plugins.L0.Tests.dll" adapterTypeName="Microsoft.VisualStudio.TestTools.TestTypes.Unit.UnitTestAdapter" className="MS.TF.Chat.Plugins.L0.Tests.TeamAdminAddedSubscriberTests" name="WillAddAdminToRoom" />
    </UnitTest>
    <UnitTest name="WillNotAddAdminIfServiceHostIsNotCollection" storage="d:\v2.0\a1\_work\dbded102\bin\release.anycpu\tfs.service\ms.tf.chat.plugins.l0.tests\ms.tf.chat.plugins.l0.tests.dll" id="d19d70c5-8e4c-e3b3-7054-8238c6ba5ce1">
      <Owners>
        <Owner name="colinthodirects" />
      </Owners>
      <Execution id="847d42ab-e935-4238-96a8-15c6396b370e" />
      <TestMethod codeBase="D:\v2.0\A1\_work\dbded102\bin\Release.AnyCPU\Tfs.Service\MS.TF.Chat.Plugins.L0.Tests\MS.TF.Chat.Plugins.L0.Tests.dll" adapterTypeName="Microsoft.VisualStudio.TestTools.TestTypes.Unit.UnitTestAdapter" className="MS.TF.Chat.Plugins.L0.Tests.TeamAdminAddedSubscriberTests" name="WillNotAddAdminIfServiceHostIsNotCollection" />
    </UnitTest>
    <UnitTest name="WillNotAddAdminIfTeamIsNull" storage="d:\v2.0\a1\_work\dbded102\bin\release.anycpu\tfs.service\ms.tf.chat.plugins.l0.tests\ms.tf.chat.plugins.l0.tests.dll" id="90144972-e5eb-1286-4410-385b7b12cb4c">
      <Owners>
        <Owner name="colinthodirects" />
      </Owners>
      <Execution id="818b8965-96f1-4f7b-acac-6170903263ee" />
      <TestMethod codeBase="D:\v2.0\A1\_work\dbded102\bin\Release.AnyCPU\Tfs.Service\MS.TF.Chat.Plugins.L0.Tests\MS.TF.Chat.Plugins.L0.Tests.dll" adapterTypeName="Microsoft.VisualStudio.TestTools.TestTypes.Unit.UnitTestAdapter" className="MS.TF.Chat.Plugins.L0.Tests.TeamAdminAddedSubscriberTests" name="WillNotAddAdminIfTeamIsNull" />
    </UnitTest>
    <UnitTest name="WillNotAddAdminIfAdminIsNull" storage="d:\v2.0\a1\_work\dbded102\bin\release.anycpu\tfs.service\ms.tf.chat.plugins.l0.tests\ms.tf.chat.plugins.l0.tests.dll" id="2a4b2272-9ea8-0990-0ed9-5df9c807d3eb">
      <Owners>
        <Owner name="colinthodirects" />
      </Owners>
      <Execution id="276d8f57-d57f-49cc-ad75-4b9dbfa68a6a" />
      <TestMethod codeBase="D:\v2.0\A1\_work\dbded102\bin\Release.AnyCPU\Tfs.Service\MS.TF.Chat.Plugins.L0.Tests\MS.TF.Chat.Plugins.L0.Tests.dll" adapterTypeName="Microsoft.VisualStudio.TestTools.TestTypes.Unit.UnitTestAdapter" className="MS.TF.Chat.Plugins.L0.Tests.TeamAdminAddedSubscriberTests" name="WillNotAddAdminIfAdminIsNull" />
    </UnitTest>
    <UnitTest name="SupportsBuildCompletedEvent" storage="d:\v2.0\a1\_work\dbded102\bin\release.anycpu\tfs.service\ms.tf.chat.plugins.l0.tests\ms.tf.chat.plugins.l0.tests.dll" id="591cc566-1bf8-2e7d-640b-4a4b0b3904de">
      <Owners>
        <Owner name="colinthodirects" />
      </Owners>
      <Execution id="f33b4bf1-da9a-44b2-a646-ef666bf1235b" />
      <TestMethod codeBase="D:\v2.0\A1\_work\dbded102\bin\Release.AnyCPU\Tfs.Service\MS.TF.Chat.Plugins.L0.Tests\MS.TF.Chat.Plugins.L0.Tests.dll" adapterTypeName="Microsoft.VisualStudio.TestTools.TestTypes.Unit.UnitTestAdapter" className="MS.TF.Chat.Plugins.L0.Tests.BuildCompletedEventNotificationFormatterTests" name="SupportsBuildCompletedEvent" />
    </UnitTest>
    <UnitTest name="SupportsCheckinEvent" storage="d:\v2.0\a1\_work\dbded102\bin\release.anycpu\tfs.service\ms.tf.chat.plugins.l0.tests\ms.tf.chat.plugins.l0.tests.dll" id="c960679c-1ed6-baa3-07f0-a4eccca3904d">
      <Owners>
        <Owner name="colinthodirects" />
      </Owners>
      <Execution id="3f2f1990-1461-496e-8b5e-0fdfa5b528ff" />
      <TestMethod codeBase="D:\v2.0\A1\_work\dbded102\bin\Release.AnyCPU\Tfs.Service\MS.TF.Chat.Plugins.L0.Tests\MS.TF.Chat.Plugins.L0.Tests.dll" adapterTypeName="Microsoft.VisualStudio.TestTools.TestTypes.Unit.UnitTestAdapter" className="MS.TF.Chat.Plugins.L0.Tests.CheckinEventNotificationFormatterTests" name="SupportsCheckinEvent" />
    </UnitTest>
    <UnitTest name="SupportsCodeReviewChangedEvent" storage="d:\v2.0\a1\_work\dbded102\bin\release.anycpu\tfs.service\ms.tf.chat.plugins.l0.tests\ms.tf.chat.plugins.l0.tests.dll" id="27a0e788-154f-ca8f-445c-f9aab0b3b647">
      <Owners>
        <Owner name="colinthodirects" />
      </Owners>
      <Execution id="04d59002-723e-4161-93ac-b2929b31bf8d" />
      <TestMethod codeBase="D:\v2.0\A1\_work\dbded102\bin\Release.AnyCPU\Tfs.Service\MS.TF.Chat.Plugins.L0.Tests\MS.TF.Chat.Plugins.L0.Tests.dll" adapterTypeName="Microsoft.VisualStudio.TestTools.TestTypes.Unit.UnitTestAdapter" className="MS.TF.Chat.Plugins.L0.Tests.CodeReviewChangedEventFormatterTests" name="SupportsCodeReviewChangedEvent" />
    </UnitTest>
    <UnitTest name="SupportsGitPushEvent" storage="d:\v2.0\a1\_work\dbded102\bin\release.anycpu\tfs.service\ms.tf.chat.plugins.l0.tests\ms.tf.chat.plugins.l0.tests.dll" id="7be31cc9-9b3e-df9e-ce45-b9e7b6a94be2">
      <Owners>
        <Owner name="colinthodirects" />
      </Owners>
      <Execution id="64e64a15-2b55-40c8-af29-cd440c3c3ad8" />
      <TestMethod codeBase="D:\v2.0\A1\_work\dbded102\bin\Release.AnyCPU\Tfs.Service\MS.TF.Chat.Plugins.L0.Tests\MS.TF.Chat.Plugins.L0.Tests.dll" adapterTypeName="Microsoft.VisualStudio.TestTools.TestTypes.Unit.UnitTestAdapter" className="MS.TF.Chat.Plugins.L0.Tests.GitPushEventNotificationFormatterTests" name="SupportsGitPushEvent" />
    </UnitTest>
    <UnitTest name="SupportsWorkItemChangedEvent" storage="d:\v2.0\a1\_work\dbded102\bin\release.anycpu\tfs.service\ms.tf.chat.plugins.l0.tests\ms.tf.chat.plugins.l0.tests.dll" id="7cf1977d-5bae-2c55-f1d4-1dde7aab2a69">
      <Owners>
        <Owner name="colinthodirects" />
      </Owners>
      <Execution id="4f8cd5b5-f7c5-4a42-9455-55eaa5d6d1ff" />
      <TestMethod codeBase="D:\v2.0\A1\_work\dbded102\bin\Release.AnyCPU\Tfs.Service\MS.TF.Chat.Plugins.L0.Tests\MS.TF.Chat.Plugins.L0.Tests.dll" adapterTypeName="Microsoft.VisualStudio.TestTools.TestTypes.Unit.UnitTestAdapter" className="MS.TF.Chat.Plugins.L0.Tests.WorkItemChangeEventFormatterTests" name="SupportsWorkItemChangedEvent" />
    </UnitTest>
    <UnitTest name="WillDeleteRoomsInJob" storage="d:\v2.0\a1\_work\dbded102\bin\release.anycpu\tfs.service\ms.tf.chat.plugins.l0.tests\ms.tf.chat.plugins.l0.tests.dll" id="8a394011-4e5d-e9ad-4523-9b52ffaa83ad">
      <Owners>
        <Owner name="colinthodirects" />
      </Owners>
      <Execution id="c1a23e8f-8770-4ac2-a04d-831dc51d0e35" />
      <TestMethod codeBase="D:\v2.0\A1\_work\dbded102\bin\Release.AnyCPU\Tfs.Service\MS.TF.Chat.Plugins.L0.Tests\MS.TF.Chat.Plugins.L0.Tests.dll" adapterTypeName="Microsoft.VisualStudio.TestTools.TestTypes.Unit.UnitTestAdapter" className="MS.TF.Chat.Plugins.L0.Tests.ChatRoomDeleteJobTests" name="WillDeleteRoomsInJob" />
    </UnitTest>
    <UnitTest name="WillDeleteAllClosedRoomsInScheduledJob" storage="d:\v2.0\a1\_work\dbded102\bin\release.anycpu\tfs.service\ms.tf.chat.plugins.l0.tests\ms.tf.chat.plugins.l0.tests.dll" id="ef122e98-35d4-b718-951e-41558632ba4b">
      <Owners>
        <Owner name="colinthodirects" />
      </Owners>
      <Execution id="6fc39f17-cf82-428d-aab0-697a9baf574b" />
      <TestMethod codeBase="D:\v2.0\A1\_work\dbded102\bin\Release.AnyCPU\Tfs.Service\MS.TF.Chat.Plugins.L0.Tests\MS.TF.Chat.Plugins.L0.Tests.dll" adapterTypeName="Microsoft.VisualStudio.TestTools.TestTypes.Unit.UnitTestAdapter" className="MS.TF.Chat.Plugins.L0.Tests.ChatRoomDeleteJobTests" name="WillDeleteAllClosedRoomsInScheduledJob" />
    </UnitTest>
    <UnitTest name="WillCreateChatRoomGivingTeamIdentityWithTeamPropertyNameUpdatedToTrue" storage="d:\v2.0\a1\_work\dbded102\bin\release.anycpu\tfs.service\ms.tf.chat.plugins.l0.tests\ms.tf.chat.plugins.l0.tests.dll" id="3b7b6f23-309e-be5a-3009-20d8e85dc097">
      <Owners>
        <Owner name="colinthodirects" />
      </Owners>
      <Execution id="7ae4535d-ffd7-46e9-95c7-3d2c14367063" />
      <TestMethod codeBase="D:\v2.0\A1\_work\dbded102\bin\Release.AnyCPU\Tfs.Service\MS.TF.Chat.Plugins.L0.Tests\MS.TF.Chat.Plugins.L0.Tests.dll" adapterTypeName="Microsoft.VisualStudio.TestTools.TestTypes.Unit.UnitTestAdapter" className="MS.TF.Chat.Plugins.L0.Tests.TeamCreationSubscriberTests" name="WillCreateChatRoomGivingTeamIdentityWithTeamPropertyNameUpdatedToTrue" />
    </UnitTest>
    <UnitTest name="WillNotCreateChatRoomGivingTeamIdentityWithoutTeamPropertyNameSet" storage="d:\v2.0\a1\_work\dbded102\bin\release.anycpu\tfs.service\ms.tf.chat.plugins.l0.tests\ms.tf.chat.plugins.l0.tests.dll" id="5943a654-8911-1e7c-c2cf-8056b93a61da">
      <Owners>
        <Owner name="colinthodirects" />
      </Owners>
      <Execution id="fa33c3f8-4d63-4296-ab37-c9bbfed52953" />
      <TestMethod codeBase="D:\v2.0\A1\_work\dbded102\bin\Release.AnyCPU\Tfs.Service\MS.TF.Chat.Plugins.L0.Tests\MS.TF.Chat.Plugins.L0.Tests.dll" adapterTypeName="Microsoft.VisualStudio.TestTools.TestTypes.Unit.UnitTestAdapter" className="MS.TF.Chat.Plugins.L0.Tests.TeamCreationSubscriberTests" name="WillNotCreateChatRoomGivingTeamIdentityWithoutTeamPropertyNameSet" />
    </UnitTest>
    <UnitTest name="WillNotCreateChatRoomGivingTeamIdentityIfProperyScopeIsGlobal" storage="d:\v2.0\a1\_work\dbded102\bin\release.anycpu\tfs.service\ms.tf.chat.plugins.l0.tests\ms.tf.chat.plugins.l0.tests.dll" id="dfaeb194-19c3-81fe-2995-86ad469c73a8">
      <Owners>
        <Owner name="colinthodirects" />
      </Owners>
      <Execution id="c3a165f9-1732-42f9-b780-b42fdf122af3" />
      <TestMethod codeBase="D:\v2.0\A1\_work\dbded102\bin\Release.AnyCPU\Tfs.Service\MS.TF.Chat.Plugins.L0.Tests\MS.TF.Chat.Plugins.L0.Tests.dll" adapterTypeName="Microsoft.VisualStudio.TestTools.TestTypes.Unit.UnitTestAdapter" className="MS.TF.Chat.Plugins.L0.Tests.TeamCreationSubscriberTests" name="WillNotCreateChatRoomGivingTeamIdentityIfProperyScopeIsGlobal" />
    </UnitTest>
    <UnitTest name="WillNotCreateChatRoomIfServiceHostIsNotCollection" storage="d:\v2.0\a1\_work\dbded102\bin\release.anycpu\tfs.service\ms.tf.chat.plugins.l0.tests\ms.tf.chat.plugins.l0.tests.dll" id="93752290-6f7d-162c-dbdc-1c3dc4f42d45">
      <Owners>
        <Owner name="colinthodirects" />
      </Owners>
      <Execution id="d5a1e1ea-b8c6-44e6-b9f8-456404eb128d" />
      <TestMethod codeBase="D:\v2.0\A1\_work\dbded102\bin\Release.AnyCPU\Tfs.Service\MS.TF.Chat.Plugins.L0.Tests\MS.TF.Chat.Plugins.L0.Tests.dll" adapterTypeName="Microsoft.VisualStudio.TestTools.TestTypes.Unit.UnitTestAdapter" className="MS.TF.Chat.Plugins.L0.Tests.TeamCreationSubscriberTests" name="WillNotCreateChatRoomIfServiceHostIsNotCollection" />
    </UnitTest>
    <UnitTest name="WillReturnBaseEventProperties" storage="d:\v2.0\a1\_work\dbded102\bin\release.anycpu\tfs.service\ms.tf.chat.plugins.l0.tests\ms.tf.chat.plugins.l0.tests.dll" id="55fbc6c8-2a36-67f1-86f3-f113f449af3e">
      <Owners>
        <Owner name="colinthodirects" />
      </Owners>
      <Execution id="f7791067-96c3-48c2-b7de-dfb14c7f5bba" />
      <TestMethod codeBase="D:\v2.0\A1\_work\dbded102\bin\Release.AnyCPU\Tfs.Service\MS.TF.Chat.Plugins.L0.Tests\MS.TF.Chat.Plugins.L0.Tests.dll" adapterTypeName="Microsoft.VisualStudio.TestTools.TestTypes.Unit.UnitTestAdapter" className="MS.TF.Chat.Plugins.L0.Tests.GitPullRequestEventNotificationFormatterTests+GetEventData" name="WillReturnBaseEventProperties" />
    </UnitTest>
    <UnitTest name="WillReturnBaseEventProperties" storage="d:\v2.0\a1\_work\dbded102\bin\release.anycpu\tfs.service\ms.tf.chat.plugins.l0.tests\ms.tf.chat.plugins.l0.tests.dll" id="6cceee8e-44ed-bd2d-3ec1-427a3664cede">
      <Owners>
        <Owner name="colinthodirects" />
      </Owners>
      <Execution id="4df176b3-f8fa-4c79-9fd0-545dc8d8f055" />
      <TestMethod codeBase="D:\v2.0\A1\_work\dbded102\bin\Release.AnyCPU\Tfs.Service\MS.TF.Chat.Plugins.L0.Tests\MS.TF.Chat.Plugins.L0.Tests.dll" adapterTypeName="Microsoft.VisualStudio.TestTools.TestTypes.Unit.UnitTestAdapter" className="MS.TF.Chat.Plugins.L0.Tests.BuildCompletedEventNotificationFormatterTests+GetEventData" name="WillReturnBaseEventProperties" />
    </UnitTest>
    <UnitTest name="WillReturnBaseEventProperties" storage="d:\v2.0\a1\_work\dbded102\bin\release.anycpu\tfs.service\ms.tf.chat.plugins.l0.tests\ms.tf.chat.plugins.l0.tests.dll" id="d7ff342a-cee1-998c-6f91-64063292400a">
      <Owners>
        <Owner name="colinthodirects" />
      </Owners>
      <Execution id="ba454a51-bae2-4d84-8bcc-5e600df7ae3a" />
      <TestMethod codeBase="D:\v2.0\A1\_work\dbded102\bin\Release.AnyCPU\Tfs.Service\MS.TF.Chat.Plugins.L0.Tests\MS.TF.Chat.Plugins.L0.Tests.dll" adapterTypeName="Microsoft.VisualStudio.TestTools.TestTypes.Unit.UnitTestAdapter" className="MS.TF.Chat.Plugins.L0.Tests.CheckinEventNotificationFormatterTests+GetEventData" name="WillReturnBaseEventProperties" />
    </UnitTest>
    <UnitTest name="WillReturnBaseEventProperties" storage="d:\v2.0\a1\_work\dbded102\bin\release.anycpu\tfs.service\ms.tf.chat.plugins.l0.tests\ms.tf.chat.plugins.l0.tests.dll" id="f58c7e60-217b-6588-c9e3-159f99800e27">
      <Owners>
        <Owner name="colinthodirects" />
      </Owners>
      <Execution id="156eb859-b986-4b04-b9e2-fab6a301a97e" />
      <TestMethod codeBase="D:\v2.0\A1\_work\dbded102\bin\Release.AnyCPU\Tfs.Service\MS.TF.Chat.Plugins.L0.Tests\MS.TF.Chat.Plugins.L0.Tests.dll" adapterTypeName="Microsoft.VisualStudio.TestTools.TestTypes.Unit.UnitTestAdapter" className="MS.TF.Chat.Plugins.L0.Tests.CodeReviewChangedEventFormatterTests+GetEventData" name="WillReturnBaseEventProperties" />
    </UnitTest>
    <UnitTest name="WillReturnBaseEventProperties" storage="d:\v2.0\a1\_work\dbded102\bin\release.anycpu\tfs.service\ms.tf.chat.plugins.l0.tests\ms.tf.chat.plugins.l0.tests.dll" id="1d9d5100-fe80-28e6-2564-e218448789b0">
      <Owners>
        <Owner name="colinthodirects" />
      </Owners>
      <Execution id="ee0e87ef-323a-4f11-8bc2-5dce100f8cd8" />
      <TestMethod codeBase="D:\v2.0\A1\_work\dbded102\bin\Release.AnyCPU\Tfs.Service\MS.TF.Chat.Plugins.L0.Tests\MS.TF.Chat.Plugins.L0.Tests.dll" adapterTypeName="Microsoft.VisualStudio.TestTools.TestTypes.Unit.UnitTestAdapter" className="MS.TF.Chat.Plugins.L0.Tests.GitPushEventNotificationFormatterTests+GetEventData" name="WillReturnBaseEventProperties" />
    </UnitTest>
    <UnitTest name="WillReturnBaseEventProperties" storage="d:\v2.0\a1\_work\dbded102\bin\release.anycpu\tfs.service\ms.tf.chat.plugins.l0.tests\ms.tf.chat.plugins.l0.tests.dll" id="c9283e7f-0a7c-2b3b-30ae-2bfe726da89a">
      <Owners>
        <Owner name="colinthodirects" />
      </Owners>
      <Execution id="6c38df46-2fff-41e3-9a23-44fe64025f53" />
      <TestMethod codeBase="D:\v2.0\A1\_work\dbded102\bin\Release.AnyCPU\Tfs.Service\MS.TF.Chat.Plugins.L0.Tests\MS.TF.Chat.Plugins.L0.Tests.dll" adapterTypeName="Microsoft.VisualStudio.TestTools.TestTypes.Unit.UnitTestAdapter" className="MS.TF.Chat.Plugins.L0.Tests.WorkItemChangeEventFormatterTests+GetEventData" name="WillReturnBaseEventProperties" />
    </UnitTest>
  </TestDefinitions>
  <TestEntries>
    <TestEntry testId="e41fe999-fb45-203b-e473-af2724086aa8" executionId="b708723a-ac53-444b-89e3-630cfef8aacd" testListId="8c84fa94-04c1-424b-9868-57a2d4851a1d" />
    <TestEntry testId="3e459f45-4d2e-e333-f6a6-fd355339036e" executionId="0fadfa10-e554-438a-8b2c-3cb5df1159af" testListId="8c84fa94-04c1-424b-9868-57a2d4851a1d" />
    <TestEntry testId="6d5a646c-c121-2908-d751-4f7f84133d93" executionId="9f4ff21b-c2f0-40c0-afc7-02ec8d447e4b" testListId="8c84fa94-04c1-424b-9868-57a2d4851a1d" />
    <TestEntry testId="420d8ba5-106f-cb2c-c52c-51b1ec1ac107" executionId="b2a0ba66-a40c-4be6-a5cd-526c427e3a82" testListId="8c84fa94-04c1-424b-9868-57a2d4851a1d" />
    <TestEntry testId="75eeab97-7ab8-e33a-aa9c-32531bae943b" executionId="6242b34c-6734-4337-8620-38bfcf9b03d4" testListId="8c84fa94-04c1-424b-9868-57a2d4851a1d" />
    <TestEntry testId="495cf0c8-eb2a-e22a-77c6-a90e2911510f" executionId="fd323e5b-301e-4636-9605-75da68ec6a88" testListId="8c84fa94-04c1-424b-9868-57a2d4851a1d" />
    <TestEntry testId="b3929dcb-9773-b7f0-48d0-59e39cf26b51" executionId="7026068f-cea6-4a33-b1fc-35182d2a8870" testListId="8c84fa94-04c1-424b-9868-57a2d4851a1d" />
    <TestEntry testId="e778b935-02b2-accb-87f7-5b5020e034b3" executionId="b4074a9b-5895-4a03-9f4e-631f0f3db507" testListId="8c84fa94-04c1-424b-9868-57a2d4851a1d" />
    <TestEntry testId="8ded0391-b1f6-349c-ed84-11bded7adb13" executionId="90521a69-5140-450a-b722-e137fb9928bf" testListId="8c84fa94-04c1-424b-9868-57a2d4851a1d" />
    <TestEntry testId="9707336e-af93-a510-b7e3-9e9ce8f36a42" executionId="94cbe83a-2f71-4874-bc5a-38ce43f6aaa8" testListId="8c84fa94-04c1-424b-9868-57a2d4851a1d" />
    <TestEntry testId="2d9de0f1-b8cc-94a3-e324-c42e2e871d21" executionId="dc2a43eb-69d0-4494-98fb-0684e88a0ffd" testListId="8c84fa94-04c1-424b-9868-57a2d4851a1d" />
    <TestEntry testId="2f039091-f053-32c9-9b05-7e68cfc3a236" executionId="56716613-d5dc-4767-bdbf-8cc0e7366e3b" testListId="8c84fa94-04c1-424b-9868-57a2d4851a1d" />
    <TestEntry testId="eb6c5d53-96b9-33c3-d14b-618890aa3e79" executionId="78d4f502-b4e8-41e2-9ccc-7b89ab2b1619" testListId="8c84fa94-04c1-424b-9868-57a2d4851a1d" />
    <TestEntry testId="38058115-b009-8db2-345a-649774dffe6c" executionId="e6b6d2ac-9f05-4d18-8dd7-6792cbb25b6e" testListId="8c84fa94-04c1-424b-9868-57a2d4851a1d" />
    <TestEntry testId="9dd40adb-6894-e4da-dfeb-4b124262ea31" executionId="fa11baff-c725-4020-adda-7ad54e77896e" testListId="8c84fa94-04c1-424b-9868-57a2d4851a1d" />
    <TestEntry testId="0c56de74-5768-cb21-0281-f414fbe73228" executionId="2b4cddf6-c2df-4560-a41c-35decda5f505" testListId="8c84fa94-04c1-424b-9868-57a2d4851a1d" />
    <TestEntry testId="5314b4a8-b11f-cc76-a809-d75f1f9435d8" executionId="af29ea29-25ed-4fb2-a3dd-6fb2d8d296e8" testListId="8c84fa94-04c1-424b-9868-57a2d4851a1d" />
    <TestEntry testId="49356f31-6e92-0a87-d9bc-7f458a6678d5" executionId="182a5c46-7b4f-45e5-9bbb-5e8018721878" testListId="8c84fa94-04c1-424b-9868-57a2d4851a1d" />
    <TestEntry testId="4c3d3c53-0a9a-5484-6cbc-3ea370166221" executionId="eb4469b1-c3d8-44f0-bb78-a052e9760000" testListId="8c84fa94-04c1-424b-9868-57a2d4851a1d" />
    <TestEntry testId="efebbe4a-3acc-4d5d-a8b8-8e4ba8854339" executionId="a6c649fe-399f-4b7b-bdc5-d66e2ef69591" testListId="8c84fa94-04c1-424b-9868-57a2d4851a1d" />
    <TestEntry testId="d7b5f1a6-e90e-1838-c5b7-69ea9901ad7a" executionId="1a19ea1e-44a9-4b91-b7df-5779332f011c" testListId="8c84fa94-04c1-424b-9868-57a2d4851a1d" />
    <TestEntry testId="d19d70c5-8e4c-e3b3-7054-8238c6ba5ce1" executionId="847d42ab-e935-4238-96a8-15c6396b370e" testListId="8c84fa94-04c1-424b-9868-57a2d4851a1d" />
    <TestEntry testId="90144972-e5eb-1286-4410-385b7b12cb4c" executionId="818b8965-96f1-4f7b-acac-6170903263ee" testListId="8c84fa94-04c1-424b-9868-57a2d4851a1d" />
    <TestEntry testId="2a4b2272-9ea8-0990-0ed9-5df9c807d3eb" executionId="276d8f57-d57f-49cc-ad75-4b9dbfa68a6a" testListId="8c84fa94-04c1-424b-9868-57a2d4851a1d" />
    <TestEntry testId="591cc566-1bf8-2e7d-640b-4a4b0b3904de" executionId="f33b4bf1-da9a-44b2-a646-ef666bf1235b" testListId="8c84fa94-04c1-424b-9868-57a2d4851a1d" />
    <TestEntry testId="c960679c-1ed6-baa3-07f0-a4eccca3904d" executionId="3f2f1990-1461-496e-8b5e-0fdfa5b528ff" testListId="8c84fa94-04c1-424b-9868-57a2d4851a1d" />
    <TestEntry testId="27a0e788-154f-ca8f-445c-f9aab0b3b647" executionId="04d59002-723e-4161-93ac-b2929b31bf8d" testListId="8c84fa94-04c1-424b-9868-57a2d4851a1d" />
    <TestEntry testId="7be31cc9-9b3e-df9e-ce45-b9e7b6a94be2" executionId="64e64a15-2b55-40c8-af29-cd440c3c3ad8" testListId="8c84fa94-04c1-424b-9868-57a2d4851a1d" />
    <TestEntry testId="7cf1977d-5bae-2c55-f1d4-1dde7aab2a69" executionId="4f8cd5b5-f7c5-4a42-9455-55eaa5d6d1ff" testListId="8c84fa94-04c1-424b-9868-57a2d4851a1d" />
    <TestEntry testId="8a394011-4e5d-e9ad-4523-9b52ffaa83ad" executionId="c1a23e8f-8770-4ac2-a04d-831dc51d0e35" testListId="8c84fa94-04c1-424b-9868-57a2d4851a1d" />
    <TestEntry testId="ef122e98-35d4-b718-951e-41558632ba4b" executionId="6fc39f17-cf82-428d-aab0-697a9baf574b" testListId="8c84fa94-04c1-424b-9868-57a2d4851a1d" />
    <TestEntry testId="3b7b6f23-309e-be5a-3009-20d8e85dc097" executionId="7ae4535d-ffd7-46e9-95c7-3d2c14367063" testListId="8c84fa94-04c1-424b-9868-57a2d4851a1d" />
    <TestEntry testId="5943a654-8911-1e7c-c2cf-8056b93a61da" executionId="fa33c3f8-4d63-4296-ab37-c9bbfed52953" testListId="8c84fa94-04c1-424b-9868-57a2d4851a1d" />
    <TestEntry testId="dfaeb194-19c3-81fe-2995-86ad469c73a8" executionId="c3a165f9-1732-42f9-b780-b42fdf122af3" testListId="8c84fa94-04c1-424b-9868-57a2d4851a1d" />
    <TestEntry testId="93752290-6f7d-162c-dbdc-1c3dc4f42d45" executionId="d5a1e1ea-b8c6-44e6-b9f8-456404eb128d" testListId="8c84fa94-04c1-424b-9868-57a2d4851a1d" />
    <TestEntry testId="55fbc6c8-2a36-67f1-86f3-f113f449af3e" executionId="f7791067-96c3-48c2-b7de-dfb14c7f5bba" testListId="8c84fa94-04c1-424b-9868-57a2d4851a1d" />
    <TestEntry testId="6cceee8e-44ed-bd2d-3ec1-427a3664cede" executionId="4df176b3-f8fa-4c79-9fd0-545dc8d8f055" testListId="8c84fa94-04c1-424b-9868-57a2d4851a1d" />
    <TestEntry testId="d7ff342a-cee1-998c-6f91-64063292400a" executionId="ba454a51-bae2-4d84-8bcc-5e600df7ae3a" testListId="8c84fa94-04c1-424b-9868-57a2d4851a1d" />
    <TestEntry testId="f58c7e60-217b-6588-c9e3-159f99800e27" executionId="156eb859-b986-4b04-b9e2-fab6a301a97e" testListId="8c84fa94-04c1-424b-9868-57a2d4851a1d" />
    <TestEntry testId="1d9d5100-fe80-28e6-2564-e218448789b0" executionId="ee0e87ef-323a-4f11-8bc2-5dce100f8cd8" testListId="8c84fa94-04c1-424b-9868-57a2d4851a1d" />
    <TestEntry testId="c9283e7f-0a7c-2b3b-30ae-2bfe726da89a" executionId="6c38df46-2fff-41e3-9a23-44fe64025f53" testListId="8c84fa94-04c1-424b-9868-57a2d4851a1d" />
  </TestEntries>
  <TestLists>
    <TestList name="Results Not in a List" id="8c84fa94-04c1-424b-9868-57a2d4851a1d" />
    <TestList name="All Loaded Results" id="19431567-8539-422a-85d7-44ee4e166bda" />
  </TestLists>
  <ResultSummary outcome="Completed">
    <Counters total="41" executed="41" passed="41" failed="0" error="0" timeout="0" aborted="0" inconclusive="0" passedButRunAborted="0" notRunnable="0" notExecuted="0" disconnected="0" warning="0" completed="0" inProgress="0" pending="0" />
  </ResultSummary>
</TestRun>