<?xml version="1.0" encoding="UTF-8"?>
<TestRun id="257a40f2-b79b-45d4-a573-53c2984b9532" name="tfsmladm@TFSBUILD11 2015-09-28 09:45:46" runUser="REDMOND\tfsmladm" xmlns="http://microsoft.com/schemas/VisualStudio/TeamTest/2010">
  <Times creation="2015-09-28T09:45:46.9336723-07:00" queuing="2015-09-28T09:45:46.9336723-07:00" start="2015-09-28T09:45:46.9421270-07:00" finish="2015-09-28T09:45:51.5972184-07:00" />
  <TestSettings name="default" id="493d0c24-545a-4667-8df4-92c23118f863">
    <Execution>
      <TestTypeSpecific />
    </Execution>
    <Deployment runDeploymentRoot="tfsmladm_TFSBUILD11 2015-09-28 09_45_46" />
    <Properties />
  </TestSettings>
  <Results>
    <UnitTestResult executionId="1ea36b75-4a7a-46b5-b9a0-8ad45085bd3d" testId="f3294102-0961-427a-8be2-449e7ac31aa1" testName="TFSTests.ChatRoom.Controls VerifyRoomMembers" computerName="TFSBUILD11" duration="00:00:00.1460000" startTime="2015-09-28T09:45:46.9861446-07:00" endTime="2015-09-28T09:45:46.9861446-07:00" testType="13cdc9d9-ddb5-4fa4-a97d-d965ccfc6d4b" outcome="Passed" testListId="8c84fa94-04c1-424b-9868-57a2d4851a1d" relativeResultsDirectory="1ea36b75-4a7a-46b5-b9a0-8ad45085bd3d" />
    <UnitTestResult executionId="1c2a920e-12f1-4cca-894b-cbbc3410a5be" testId="b33064f6-ba5a-4597-8475-660cb75ed888" testName="TFSTests.ChatRoom.Controls VerifyRecentChatLoaded" computerName="TFSBUILD11" duration="00:00:00.0500000" startTime="2015-09-28T09:45:46.9961486-07:00" endTime="2015-09-28T09:45:46.9961486-07:00" testType="13cdc9d9-ddb5-4fa4-a97d-d965ccfc6d4b" outcome="Passed" testListId="8c84fa94-04c1-424b-9868-57a2d4851a1d" relativeResultsDirectory="1c2a920e-12f1-4cca-894b-cbbc3410a5be" />
    <UnitTestResult executionId="57074a62-fe21-48dc-8a80-85bcac4331ea" testId="82f7431c-7c03-4b92-be1e-905887011619" testName="TFSTests.ChatRoom.Controls Will render messages that were missed between join and ready for streaming" computerName="TFSBUILD11" duration="00:00:00.0440000" startTime="2015-09-28T09:45:46.9961486-07:00" endTime="2015-09-28T09:45:46.9961486-07:00" testType="13cdc9d9-ddb5-4fa4-a97d-d965ccfc6d4b" outcome="Passed" testListId="8c84fa94-04c1-424b-9868-57a2d4851a1d" relativeResultsDirectory="57074a62-fe21-48dc-8a80-85bcac4331ea" />
    <UnitTestResult executionId="e937b5fc-3428-4a9c-831b-e648d7fa8f20" testId="9495ab64-0976-4196-9f1f-56ca7a773423" testName="TFSTests.ChatRoom.Controls VerifyMembersDisplayed" computerName="TFSBUILD11" duration="00:00:00.0550000" startTime="2015-09-28T09:45:46.9961486-07:00" endTime="2015-09-28T09:45:46.9961486-07:00" testType="13cdc9d9-ddb5-4fa4-a97d-d965ccfc6d4b" outcome="Passed" testListId="8c84fa94-04c1-424b-9868-57a2d4851a1d" relativeResultsDirectory="e937b5fc-3428-4a9c-831b-e648d7fa8f20" />
    <UnitTestResult executionId="b7e19e6c-886e-451c-807b-5ea2b3da6628" testId="ed467e8a-7b13-4c2d-a54a-46e9e05cefbd" testName="TFSTests.ChatRoom.Controls VerifyMembersDisplayedWithCorrectPresenceValue" computerName="TFSBUILD11" duration="00:00:00.0610000" startTime="2015-09-28T09:45:46.9961486-07:00" endTime="2015-09-28T09:45:46.9961486-07:00" testType="13cdc9d9-ddb5-4fa4-a97d-d965ccfc6d4b" outcome="Passed" testListId="8c84fa94-04c1-424b-9868-57a2d4851a1d" relativeResultsDirectory="b7e19e6c-886e-451c-807b-5ea2b3da6628" />
    <UnitTestResult executionId="637c1fe9-cb79-4860-a669-13b6c083db38" testId="5bcd4201-5705-46b5-b625-7210547f2fc8" testName="TFSTests.ChatRoom.Controls VerifyMessageSent" computerName="TFSBUILD11" duration="00:00:00.0520000" startTime="2015-09-28T09:45:46.9961486-07:00" endTime="2015-09-28T09:45:46.9961486-07:00" testType="13cdc9d9-ddb5-4fa4-a97d-d965ccfc6d4b" outcome="Passed" testListId="8c84fa94-04c1-424b-9868-57a2d4851a1d" relativeResultsDirectory="637c1fe9-cb79-4860-a669-13b6c083db38" />
    <UnitTestResult executionId="a98530ca-08e1-43e7-ac25-2f5f97cc2e0d" testId="76aed157-ff51-41c8-8579-c16cd241f10c" testName="TFSTests.ChatRoom.Controls VerifyMessageReceivedIsDisplayed" computerName="TFSBUILD11" duration="00:00:00.0480000" startTime="2015-09-28T09:45:46.9971490-07:00" endTime="2015-09-28T09:45:46.9971490-07:00" testType="13cdc9d9-ddb5-4fa4-a97d-d965ccfc6d4b" outcome="Passed" testListId="8c84fa94-04c1-424b-9868-57a2d4851a1d" relativeResultsDirectory="a98530ca-08e1-43e7-ac25-2f5f97cc2e0d" />
    <UnitTestResult executionId="84487e0a-d74d-48df-bb7e-8037fbc25f57" testId="5dd79443-8a2f-486c-b524-f927601c2af8" testName="TFSTests.ChatRoom.Controls WillRenderMessageWhenUserSendsIt" computerName="TFSBUILD11" duration="00:00:00.0550000" startTime="2015-09-28T09:45:46.9971490-07:00" endTime="2015-09-28T09:45:46.9971490-07:00" testType="13cdc9d9-ddb5-4fa4-a97d-d965ccfc6d4b" outcome="Passed" testListId="8c84fa94-04c1-424b-9868-57a2d4851a1d" relativeResultsDirectory="84487e0a-d74d-48df-bb7e-8037fbc25f57" />
    <UnitTestResult executionId="81f1b759-b646-43cf-8210-c9ef5a0dd5a6" testId="8b5d13c9-ce42-4b98-836f-8bb4291e4b72" testName="TFSTests.ChatRoom.Controls WillNotRenderDuplicateMessage" computerName="TFSBUILD11" duration="00:00:00.0440000" startTime="2015-09-28T09:45:46.9971490-07:00" endTime="2015-09-28T09:45:46.9971490-07:00" testType="13cdc9d9-ddb5-4fa4-a97d-d965ccfc6d4b" outcome="Passed" testListId="8c84fa94-04c1-424b-9868-57a2d4851a1d" relativeResultsDirectory="81f1b759-b646-43cf-8210-c9ef5a0dd5a6" />
    <UnitTestResult executionId="ac683f6a-519b-4079-a35d-e3a0ac872d03" testId="ced23700-be2d-43aa-8945-df89c65e5958" testName="TFSTests.ChatRoom.Controls VerifyMemberIsUpdatedWhenHeEnters" computerName="TFSBUILD11" duration="00:00:00.0590000" startTime="2015-09-28T09:45:47.3675859-07:00" endTime="2015-09-28T09:45:47.3675859-07:00" testType="13cdc9d9-ddb5-4fa4-a97d-d965ccfc6d4b" outcome="Passed" testListId="8c84fa94-04c1-424b-9868-57a2d4851a1d" relativeResultsDirectory="ac683f6a-519b-4079-a35d-e3a0ac872d03" />
    <UnitTestResult executionId="3bcafb48-3d95-444e-b113-21e4db19dfb5" testId="da3d7f74-03e6-4d24-af57-341612ae8246" testName="TFSTests.ChatRoom.Controls VerifyMemberUiIsUpdatedWhenHeEntersWithDifferentName" computerName="TFSBUILD11" duration="00:00:00.0550000" startTime="2015-09-28T09:45:47.3675859-07:00" endTime="2015-09-28T09:45:47.3675859-07:00" testType="13cdc9d9-ddb5-4fa4-a97d-d965ccfc6d4b" outcome="Passed" testListId="8c84fa94-04c1-424b-9868-57a2d4851a1d" relativeResultsDirectory="3bcafb48-3d95-444e-b113-21e4db19dfb5" />
    <UnitTestResult executionId="b6f50d8c-b4aa-4b4d-968f-bec30bd07d5d" testId="8825f91d-b950-47a1-9578-b05418e94368" testName="TFSTests.ChatRoom.Controls VerifyPreviouslyUnseenMemberIsAddedWhenHeEnters" computerName="TFSBUILD11" duration="00:00:00.0420000" startTime="2015-09-28T09:45:47.3675859-07:00" endTime="2015-09-28T09:45:47.3675859-07:00" testType="13cdc9d9-ddb5-4fa4-a97d-d965ccfc6d4b" outcome="Passed" testListId="8c84fa94-04c1-424b-9868-57a2d4851a1d" relativeResultsDirectory="b6f50d8c-b4aa-4b4d-968f-bec30bd07d5d" />
    <UnitTestResult executionId="66f01611-9749-4c93-a8d8-9d290fd9ff94" testId="da43f670-3695-4cef-95aa-db89e4a72117" testName="TFSTests.ChatRoom.Controls VerifyMemberIsUpdatedWhenHeLeaves" computerName="TFSBUILD11" duration="00:00:00.0460000" startTime="2015-09-28T09:45:47.3675859-07:00" endTime="2015-09-28T09:45:47.3675859-07:00" testType="13cdc9d9-ddb5-4fa4-a97d-d965ccfc6d4b" outcome="Passed" testListId="8c84fa94-04c1-424b-9868-57a2d4851a1d" relativeResultsDirectory="66f01611-9749-4c93-a8d8-9d290fd9ff94" />
    <UnitTestResult executionId="98aa4f36-9c16-4343-8f6e-bf3958d19561" testId="f4137a58-6d9a-401f-aa3f-8f728444608a" testName="TFSTests.ChatRoom.Controls VerifyPreviouslyUnseenMemberIsUpdatedWhenHeLeaves" computerName="TFSBUILD11" duration="00:00:00.0490000" startTime="2015-09-28T09:45:47.3675859-07:00" endTime="2015-09-28T09:45:47.3675859-07:00" testType="13cdc9d9-ddb5-4fa4-a97d-d965ccfc6d4b" outcome="Passed" testListId="8c84fa94-04c1-424b-9868-57a2d4851a1d" relativeResultsDirectory="98aa4f36-9c16-4343-8f6e-bf3958d19561" />
    <UnitTestResult executionId="a9ee6730-f528-465a-b79c-f43e84e51e8f" testId="9f2b8c5e-1996-44a1-b432-be6a194d513a" testName="TFSTests.ChatRoom.Controls VerifyMemberIsAdded" computerName="TFSBUILD11" duration="00:00:00.0520000" startTime="2015-09-28T09:45:47.3675859-07:00" endTime="2015-09-28T09:45:47.3675859-07:00" testType="13cdc9d9-ddb5-4fa4-a97d-d965ccfc6d4b" outcome="Passed" testListId="8c84fa94-04c1-424b-9868-57a2d4851a1d" relativeResultsDirectory="a9ee6730-f528-465a-b79c-f43e84e51e8f" />
    <UnitTestResult executionId="0f7d3d73-dbba-4e6d-bddc-a00ec7a70f49" testId="55252c7c-7708-4d46-bfc9-ef61be9b6c26" testName="TFSTests.ChatRoom.Controls VerifyMemberIsRemoved" computerName="TFSBUILD11" duration="00:00:00.0490000" startTime="2015-09-28T09:45:47.3675859-07:00" endTime="2015-09-28T09:45:47.3675859-07:00" testType="13cdc9d9-ddb5-4fa4-a97d-d965ccfc6d4b" outcome="Passed" testListId="8c84fa94-04c1-424b-9868-57a2d4851a1d" relativeResultsDirectory="0f7d3d73-dbba-4e6d-bddc-a00ec7a70f49" />
    <UnitTestResult executionId="6d3d33d8-26d5-4e81-9649-3463f40e4482" testId="43d85edc-738b-41c6-88c7-eca75d8d0287" testName="TFSTests.ChatRoom.Controls VerifyMessageIsTruncatedToMaxLength" computerName="TFSBUILD11" duration="00:00:00.0550000" startTime="2015-09-28T09:45:47.3675859-07:00" endTime="2015-09-28T09:45:47.3675859-07:00" testType="13cdc9d9-ddb5-4fa4-a97d-d965ccfc6d4b" outcome="Passed" testListId="8c84fa94-04c1-424b-9868-57a2d4851a1d" relativeResultsDirectory="6d3d33d8-26d5-4e81-9649-3463f40e4482" />
    <UnitTestResult executionId="5e61a284-cedb-4d78-b72d-87ee836879b6" testId="85dd11ea-6d0d-41ea-8a6b-432afc58fe8a" testName="TFSTests.ChatRoom.Controls VerifyMessageShorterThanMaxLengthAreNotTruncated" computerName="TFSBUILD11" duration="00:00:00.0580000" startTime="2015-09-28T09:45:47.3675859-07:00" endTime="2015-09-28T09:45:47.3675859-07:00" testType="13cdc9d9-ddb5-4fa4-a97d-d965ccfc6d4b" outcome="Passed" testListId="8c84fa94-04c1-424b-9868-57a2d4851a1d" relativeResultsDirectory="5e61a284-cedb-4d78-b72d-87ee836879b6" />
    <UnitTestResult executionId="c8a7aa7a-d2e4-4301-9342-a5b15a9af1cb" testId="41ae2761-1260-4a06-b36c-c258d266a0d4" testName="TFSTests.ChatRoom.Controls VerifyTheMessageLengthMessageIsCorrectlyDisplayedWhenMessageGrowsOverOrUnderTheThresholdLength" computerName="TFSBUILD11" duration="00:00:00.0560000" startTime="2015-09-28T09:45:47.9265493-07:00" endTime="2015-09-28T09:45:47.9265493-07:00" testType="13cdc9d9-ddb5-4fa4-a97d-d965ccfc6d4b" outcome="Passed" testListId="8c84fa94-04c1-424b-9868-57a2d4851a1d" relativeResultsDirectory="c8a7aa7a-d2e4-4301-9342-a5b15a9af1cb" />
    <UnitTestResult executionId="0eb2904a-8850-4c05-91f7-69ce909fb047" testId="54b3ff3c-a5b7-426b-9564-f86a09ec2420" testName="TFSTests.ChatRoom.Controls VerifyTranscriptLoaded" computerName="TFSBUILD11" duration="00:00:00.0680000" startTime="2015-09-28T09:45:47.9265493-07:00" endTime="2015-09-28T09:45:47.9265493-07:00" testType="13cdc9d9-ddb5-4fa4-a97d-d965ccfc6d4b" outcome="Passed" testListId="8c84fa94-04c1-424b-9868-57a2d4851a1d" relativeResultsDirectory="0eb2904a-8850-4c05-91f7-69ce909fb047" />
    <UnitTestResult executionId="eca1b511-1f03-49b8-9911-0fe3102a263a" testId="0797ac1e-5cb9-41b8-968d-216d07531d52" testName="TFSTests.ChatRoom.Controls VerifyTranscriptMembersDisplayed" computerName="TFSBUILD11" duration="00:00:00.0820000" startTime="2015-09-28T09:45:47.9276313-07:00" endTime="2015-09-28T09:45:47.9276313-07:00" testType="13cdc9d9-ddb5-4fa4-a97d-d965ccfc6d4b" outcome="Passed" testListId="8c84fa94-04c1-424b-9868-57a2d4851a1d" relativeResultsDirectory="eca1b511-1f03-49b8-9911-0fe3102a263a" />
    <UnitTestResult executionId="9234acda-b018-44ed-abed-b8550e5a9f0f" testId="12e4a04e-9ff2-4bd5-b76e-c0d9ff6936f9" testName="TFSTests.ChatRoom.Controls VerifyChatControlScrollsToBottomIfAlreadyAtBottom" computerName="TFSBUILD11" duration="00:00:00.0620000" startTime="2015-09-28T09:45:47.9276313-07:00" endTime="2015-09-28T09:45:47.9276313-07:00" testType="13cdc9d9-ddb5-4fa4-a97d-d965ccfc6d4b" outcome="Passed" testListId="8c84fa94-04c1-424b-9868-57a2d4851a1d" relativeResultsDirectory="9234acda-b018-44ed-abed-b8550e5a9f0f" />
    <UnitTestResult executionId="567ba588-349d-4d0b-b517-259ee4f8027f" testId="18a9ecbc-4081-421f-b840-9bf70b6c64e2" testName="TFSTests.ChatRoom.Controls VerifyChatControlDoesNotScrollToBottomIfNotAlreadyAtBottom" computerName="TFSBUILD11" duration="00:00:00.0530000" startTime="2015-09-28T09:45:47.9276313-07:00" endTime="2015-09-28T09:45:47.9276313-07:00" testType="13cdc9d9-ddb5-4fa4-a97d-d965ccfc6d4b" outcome="Passed" testListId="8c84fa94-04c1-424b-9868-57a2d4851a1d" relativeResultsDirectory="567ba588-349d-4d0b-b517-259ee4f8027f" />
    <UnitTestResult executionId="f20d7fd0-f601-44a9-9c77-70fc6eaa2d7a" testId="cb191c8b-ad7a-4027-940d-d4f429bf83d8" testName="TFSTests.ChatRoom.Controls VerifyMentionDropDownIsShown" computerName="TFSBUILD11" duration="00:00:00.0680000" startTime="2015-09-28T09:45:47.9276313-07:00" endTime="2015-09-28T09:45:47.9276313-07:00" testType="13cdc9d9-ddb5-4fa4-a97d-d965ccfc6d4b" outcome="Passed" testListId="8c84fa94-04c1-424b-9868-57a2d4851a1d" relativeResultsDirectory="f20d7fd0-f601-44a9-9c77-70fc6eaa2d7a" />
    <UnitTestResult executionId="9e310be5-358b-4c65-a9a4-c41ab2585252" testId="854507dd-6df6-468f-8f2a-c9bdb56808e4" testName="TFSTests.ChatRoom.Controls VerifyMentionDropDownDisplaysCorrectListOfMembers" computerName="TFSBUILD11" duration="00:00:00.0550000" startTime="2015-09-28T09:45:47.9286325-07:00" endTime="2015-09-28T09:45:47.9276313-07:00" testType="13cdc9d9-ddb5-4fa4-a97d-d965ccfc6d4b" outcome="Passed" testListId="8c84fa94-04c1-424b-9868-57a2d4851a1d" relativeResultsDirectory="9e310be5-358b-4c65-a9a4-c41ab2585252" />
    <UnitTestResult executionId="168c0129-e45d-4ed9-a541-20ef89b7c568" testId="450dafb2-1417-484b-8d49-be2528ae0d04" testName="TFSTests.ChatRoom.Controls VerifyMentionDropDownDisplaysMessageWhenNoMatchFound" computerName="TFSBUILD11" duration="00:00:00.0460000" startTime="2015-09-28T09:45:47.9286811-07:00" endTime="2015-09-28T09:45:47.9286811-07:00" testType="13cdc9d9-ddb5-4fa4-a97d-d965ccfc6d4b" outcome="Passed" testListId="8c84fa94-04c1-424b-9868-57a2d4851a1d" relativeResultsDirectory="168c0129-e45d-4ed9-a541-20ef89b7c568" />
    <UnitTestResult executionId="97db4192-a10d-4373-8456-208453f78b91" testId="8d84d922-ca30-41fc-bbe9-0d24378e2166" testName="TFSTests.ChatRoom.Controls VerifyOnlyOneSpinningDonutPerChat" computerName="TFSBUILD11" duration="00:00:00.0610000" startTime="2015-09-28T09:45:47.9286811-07:00" endTime="2015-09-28T09:45:47.9286811-07:00" testType="13cdc9d9-ddb5-4fa4-a97d-d965ccfc6d4b" outcome="Passed" testListId="8c84fa94-04c1-424b-9868-57a2d4851a1d" relativeResultsDirectory="97db4192-a10d-4373-8456-208453f78b91" />
    <UnitTestResult executionId="4e7379f3-a01a-4226-928c-46079dfed2f8" testId="81d87376-ac39-47ba-9b08-0d4158c1a21f" testName="TFSTests.ChatRoom.Controls VerifyMessageDisplayedWhenNewDayBeginsWithANewMessage" computerName="TFSBUILD11" duration="00:00:00.0660000" startTime="2015-09-28T09:45:48.4733711-07:00" endTime="2015-09-28T09:45:48.4733711-07:00" testType="13cdc9d9-ddb5-4fa4-a97d-d965ccfc6d4b" outcome="Passed" testListId="8c84fa94-04c1-424b-9868-57a2d4851a1d" relativeResultsDirectory="4e7379f3-a01a-4226-928c-46079dfed2f8" />
    <UnitTestResult executionId="0a741ce4-5b01-40fb-aae0-491698f4b7c0" testId="3e197a74-5054-4b86-9f30-298c4b0650aa" testName="TFSTests.ChatRoom.Controls VerifyDateChangedWhenNewDayBeginsWithANewMessage" computerName="TFSBUILD11" duration="00:00:00.0550000" startTime="2015-09-28T09:45:48.4733711-07:00" endTime="2015-09-28T09:45:48.4733711-07:00" testType="13cdc9d9-ddb5-4fa4-a97d-d965ccfc6d4b" outcome="Passed" testListId="8c84fa94-04c1-424b-9868-57a2d4851a1d" relativeResultsDirectory="0a741ce4-5b01-40fb-aae0-491698f4b7c0" />
    <UnitTestResult executionId="dd8bc08c-6f11-4148-90af-bd57c65b6bf1" testId="02bc92cc-792b-41b8-b6df-a815cdbdfc4b" testName="TFSTests.ChatRoom.Controls VerifyCreateEmojiPicker" computerName="TFSBUILD11" duration="00:00:00.0550000" startTime="2015-09-28T09:45:48.4743721-07:00" endTime="2015-09-28T09:45:48.4743721-07:00" testType="13cdc9d9-ddb5-4fa4-a97d-d965ccfc6d4b" outcome="Passed" testListId="8c84fa94-04c1-424b-9868-57a2d4851a1d" relativeResultsDirectory="dd8bc08c-6f11-4148-90af-bd57c65b6bf1" />
    <UnitTestResult executionId="b1710c02-b87b-4e4f-af68-e06cf8ea6bfe" testId="46ac8820-b1f0-476a-b4df-df50dee11793" testName="TFSTests.ChatRoom.Controls VerifyClickEmojiButtonCreatesIconSelector" computerName="TFSBUILD11" duration="00:00:00.0600000" startTime="2015-09-28T09:45:48.4743721-07:00" endTime="2015-09-28T09:45:48.4743721-07:00" testType="13cdc9d9-ddb5-4fa4-a97d-d965ccfc6d4b" outcome="Passed" testListId="8c84fa94-04c1-424b-9868-57a2d4851a1d" relativeResultsDirectory="b1710c02-b87b-4e4f-af68-e06cf8ea6bfe" />
    <UnitTestResult executionId="1671e171-c2af-4095-98ec-e9406795c06d" testId="dafaad28-cb35-45ad-a8dc-11f4fbcda764" testName="TFSTests.ChatRoom.Controls VerifyIconSelectorLoadsAllIcons" computerName="TFSBUILD11" duration="00:00:00.0680000" startTime="2015-09-28T09:45:48.4743721-07:00" endTime="2015-09-28T09:45:48.4743721-07:00" testType="13cdc9d9-ddb5-4fa4-a97d-d965ccfc6d4b" outcome="Passed" testListId="8c84fa94-04c1-424b-9868-57a2d4851a1d" relativeResultsDirectory="1671e171-c2af-4095-98ec-e9406795c06d" />
    <UnitTestResult executionId="692639bf-dc24-4110-af1d-49f329a6268b" testId="009c6753-3e77-49bf-aa21-81c314579724" testName="TFSTests.ChatRoom.Controls VerifyIconSelectorMouseMove" computerName="TFSBUILD11" duration="00:00:00.0560000" startTime="2015-09-28T09:45:48.4743721-07:00" endTime="2015-09-28T09:45:48.4743721-07:00" testType="13cdc9d9-ddb5-4fa4-a97d-d965ccfc6d4b" outcome="Passed" testListId="8c84fa94-04c1-424b-9868-57a2d4851a1d" relativeResultsDirectory="692639bf-dc24-4110-af1d-49f329a6268b" />
    <UnitTestResult executionId="c93e9030-8c07-49ee-b4aa-1254077a55c6" testId="6e2a36ac-ab94-467e-9ae5-88b4208da3b7" testName="TFSTests.ChatRoom.Controls VerifyIconSelectorClick" computerName="TFSBUILD11" duration="00:00:00.0540000" startTime="2015-09-28T09:45:48.4743721-07:00" endTime="2015-09-28T09:45:48.4743721-07:00" testType="13cdc9d9-ddb5-4fa4-a97d-d965ccfc6d4b" outcome="Passed" testListId="8c84fa94-04c1-424b-9868-57a2d4851a1d" relativeResultsDirectory="c93e9030-8c07-49ee-b4aa-1254077a55c6" />
    <UnitTestResult executionId="bc9ac9ee-2db1-45b7-9230-c0081cd832ef" testId="e8781a7a-8842-465a-9bc6-80a1059e1912" testName="TFSTests.ChatRoom.Controls VerifyIconSelectorLeftKey-FirstElement" computerName="TFSBUILD11" duration="00:00:00.0680000" startTime="2015-09-28T09:45:48.4743721-07:00" endTime="2015-09-28T09:45:48.4743721-07:00" testType="13cdc9d9-ddb5-4fa4-a97d-d965ccfc6d4b" outcome="Passed" testListId="8c84fa94-04c1-424b-9868-57a2d4851a1d" relativeResultsDirectory="bc9ac9ee-2db1-45b7-9230-c0081cd832ef" />
    <UnitTestResult executionId="531ca8c4-d072-476b-bde1-e1b59eae7408" testId="f9c08566-8380-4601-87d6-64ca3109e787" testName="TFSTests.ChatRoom.Controls VerifyIconSelectorRightKey-LastElement" computerName="TFSBUILD11" duration="00:00:00.0620000" startTime="2015-09-28T09:45:48.4743721-07:00" endTime="2015-09-28T09:45:48.4743721-07:00" testType="13cdc9d9-ddb5-4fa4-a97d-d965ccfc6d4b" outcome="Passed" testListId="8c84fa94-04c1-424b-9868-57a2d4851a1d" relativeResultsDirectory="531ca8c4-d072-476b-bde1-e1b59eae7408" />
    <UnitTestResult executionId="0a573e1e-5473-4b85-9463-96b6ddd9b930" testId="15b30057-1e96-499c-8f3e-4d5663f1628e" testName="TFSTests.ChatRoom.Controls VerifyIconSelectorDownKey-SkipEmptyRow" computerName="TFSBUILD11" duration="00:00:00.0590000" startTime="2015-09-28T09:45:48.9958209-07:00" endTime="2015-09-28T09:45:48.9958209-07:00" testType="13cdc9d9-ddb5-4fa4-a97d-d965ccfc6d4b" outcome="Passed" testListId="8c84fa94-04c1-424b-9868-57a2d4851a1d" relativeResultsDirectory="0a573e1e-5473-4b85-9463-96b6ddd9b930" />
    <UnitTestResult executionId="1cc055ec-9cd5-4aa1-8011-cec6ee11b19a" testId="67b13f0a-df38-468a-9660-6ccdb1558fff" testName="TFSTests.ChatRoom.Controls VerifyIconSelectorUpKey-SkipEmptyRow" computerName="TFSBUILD11" duration="00:00:00.0510000" startTime="2015-09-28T09:45:48.9958209-07:00" endTime="2015-09-28T09:45:48.9958209-07:00" testType="13cdc9d9-ddb5-4fa4-a97d-d965ccfc6d4b" outcome="Passed" testListId="8c84fa94-04c1-424b-9868-57a2d4851a1d" relativeResultsDirectory="1cc055ec-9cd5-4aa1-8011-cec6ee11b19a" />
    <UnitTestResult executionId="23f0fb6d-f8af-46f1-9483-38063abf26a3" testId="2c4d7892-5983-4ed5-bd0a-bdcd4a2f9c0b" testName="TFSTests.ChatRoom.Controls VerifyCanGetWindowHash" computerName="TFSBUILD11" duration="00:00:00.0420000" startTime="2015-09-28T09:45:48.9958209-07:00" endTime="2015-09-28T09:45:48.9958209-07:00" testType="13cdc9d9-ddb5-4fa4-a97d-d965ccfc6d4b" outcome="Passed" testListId="8c84fa94-04c1-424b-9868-57a2d4851a1d" relativeResultsDirectory="23f0fb6d-f8af-46f1-9483-38063abf26a3" />
    <UnitTestResult executionId="f0e1eeb5-8484-4a33-a8dd-161ae4f952e7" testId="430bbe5b-75bc-4097-8920-1d454871d8e8" testName="TFSTests.ChatRoom.Controls VerifyCanGetCollectionNameFromHashOfCollectionName" computerName="TFSBUILD11" duration="00:00:00.0540000" startTime="2015-09-28T09:45:48.9968213-07:00" endTime="2015-09-28T09:45:48.9968213-07:00" testType="13cdc9d9-ddb5-4fa4-a97d-d965ccfc6d4b" outcome="Passed" testListId="8c84fa94-04c1-424b-9868-57a2d4851a1d" relativeResultsDirectory="f0e1eeb5-8484-4a33-a8dd-161ae4f952e7" />
    <UnitTestResult executionId="820eb581-709d-4647-9be8-decd9607a563" testId="8bcedab7-74ba-4530-8ae9-bbc53f921a14" testName="TFSTests.ChatRoom.Controls VerifyCanGetCollectionNameFromLargeHash" computerName="TFSBUILD11" duration="00:00:00.0490000" startTime="2015-09-28T09:45:48.9968213-07:00" endTime="2015-09-28T09:45:48.9968213-07:00" testType="13cdc9d9-ddb5-4fa4-a97d-d965ccfc6d4b" outcome="Passed" testListId="8c84fa94-04c1-424b-9868-57a2d4851a1d" relativeResultsDirectory="820eb581-709d-4647-9be8-decd9607a563" />
    <UnitTestResult executionId="0b6a3c5a-e9b5-4e3e-b12f-609e79ae4195" testId="5a9d5b08-f7e1-456b-a57b-8c24a1556b32" testName="TFSTests.ChatRoom.Controls VerifyCanNotGetCollectionNameFromEmptyHash" computerName="TFSBUILD11" duration="00:00:00.0580000" startTime="2015-09-28T09:45:48.9968213-07:00" endTime="2015-09-28T09:45:48.9968213-07:00" testType="13cdc9d9-ddb5-4fa4-a97d-d965ccfc6d4b" outcome="Passed" testListId="8c84fa94-04c1-424b-9868-57a2d4851a1d" relativeResultsDirectory="0b6a3c5a-e9b5-4e3e-b12f-609e79ae4195" />
    <UnitTestResult executionId="afde68c6-28a3-4090-8cb4-d9e0f8fb306a" testId="722da410-396d-4180-9f11-9d9b5dda83ec" testName="TFSTests.ChatRoom.Controls VerifyCollectionDataIsRetrievedFromTheServer" computerName="TFSBUILD11" duration="00:00:00.0710000" startTime="2015-09-28T09:45:48.9968213-07:00" endTime="2015-09-28T09:45:48.9968213-07:00" testType="13cdc9d9-ddb5-4fa4-a97d-d965ccfc6d4b" outcome="Passed" testListId="8c84fa94-04c1-424b-9868-57a2d4851a1d" relativeResultsDirectory="afde68c6-28a3-4090-8cb4-d9e0f8fb306a" />
    <UnitTestResult executionId="54e5e211-024a-4c34-af1e-65d89b3cab50" testId="8969c9de-e330-4c2c-b608-a61fe8e213fa" testName="TFSTests.ChatRoom.Controls VerifyCollectionContextIsRetrievedFromTheHashWhenRequestingContext" computerName="TFSBUILD11" duration="00:00:00.0610000" startTime="2015-09-28T09:45:48.9968213-07:00" endTime="2015-09-28T09:45:48.9968213-07:00" testType="13cdc9d9-ddb5-4fa4-a97d-d965ccfc6d4b" outcome="Passed" testListId="8c84fa94-04c1-424b-9868-57a2d4851a1d" relativeResultsDirectory="54e5e211-024a-4c34-af1e-65d89b3cab50" />
    <UnitTestResult executionId="f255fa2b-8e87-4872-bff3-9676e1299e6d" testId="55ebf05c-e045-4600-bb98-1e06911f596d" testName="TFSTests.ChatRoom.Controls VerifyCollectionContextIsRetrievedFromTheServerWhenRequestingContext" computerName="TFSBUILD11" duration="00:00:00.0720000" startTime="2015-09-28T09:45:48.9968213-07:00" endTime="2015-09-28T09:45:48.9968213-07:00" testType="13cdc9d9-ddb5-4fa4-a97d-d965ccfc6d4b" outcome="Passed" testListId="8c84fa94-04c1-424b-9868-57a2d4851a1d" relativeResultsDirectory="f255fa2b-8e87-4872-bff3-9676e1299e6d" />
    <UnitTestResult executionId="69cefaf3-5d0f-4a77-90d8-cc4002b282ba" testId="b9fcbab3-8fde-484b-aeb3-95ed45d844bf" testName="TFSTests.ChatRoom.Controls VerifyCanGetCollectionIdFromName" computerName="TFSBUILD11" duration="00:00:00.0720000" startTime="2015-09-28T09:45:49.6501379-07:00" endTime="2015-09-28T09:45:49.6501379-07:00" testType="13cdc9d9-ddb5-4fa4-a97d-d965ccfc6d4b" outcome="Passed" testListId="8c84fa94-04c1-424b-9868-57a2d4851a1d" relativeResultsDirectory="69cefaf3-5d0f-4a77-90d8-cc4002b282ba" />
    <UnitTestResult executionId="e907941a-d0e2-4e71-9caa-165e76898caa" testId="be8669bb-b412-4ccf-9ed8-dd6654ff6639" testName="TFSTests.ChatRoom.Controls VerifyThatIfTheCollectionIdCanNotBeFoundWeFallBackToValidCollection" computerName="TFSBUILD11" duration="00:00:00.0610000" startTime="2015-09-28T09:45:49.6501379-07:00" endTime="2015-09-28T09:45:49.6501379-07:00" testType="13cdc9d9-ddb5-4fa4-a97d-d965ccfc6d4b" outcome="Passed" testListId="8c84fa94-04c1-424b-9868-57a2d4851a1d" relativeResultsDirectory="e907941a-d0e2-4e71-9caa-165e76898caa" />
    <UnitTestResult executionId="c6a20493-4fa2-40d7-a2f8-f0b2235139fb" testId="09f22452-6ff5-4edc-8b9f-194d6bb9053d" testName="TFSTests.ChatRoom.Controls VerifyThatWeCanPopulateRoomsForACollection" computerName="TFSBUILD11" duration="00:00:00.0950000" startTime="2015-09-28T09:45:49.6501379-07:00" endTime="2015-09-28T09:45:49.6501379-07:00" testType="13cdc9d9-ddb5-4fa4-a97d-d965ccfc6d4b" outcome="Passed" testListId="8c84fa94-04c1-424b-9868-57a2d4851a1d" relativeResultsDirectory="c6a20493-4fa2-40d7-a2f8-f0b2235139fb" />
    <UnitTestResult executionId="6ff87507-7829-4d59-bcf2-11724a04d915" testId="0de1e890-e869-4413-b288-1674cf4ebfe4" testName="TFSTests.ChatRoom.Controls VerifyThatWeCanFindARoomBasedOnRoomName" computerName="TFSBUILD11" duration="00:00:00.0840000" startTime="2015-09-28T09:45:49.6501379-07:00" endTime="2015-09-28T09:45:49.6501379-07:00" testType="13cdc9d9-ddb5-4fa4-a97d-d965ccfc6d4b" outcome="Passed" testListId="8c84fa94-04c1-424b-9868-57a2d4851a1d" relativeResultsDirectory="6ff87507-7829-4d59-bcf2-11724a04d915" />
    <UnitTestResult executionId="21bc926b-2bac-4284-bffd-47dce479697a" testId="8ddc1079-a395-4962-b29d-5143e48e9b46" testName="TFSTests.ChatRoom.Controls VerifyThatTheFirstRoomIsSelectedIfItCantFindTheDesiredRoom" computerName="TFSBUILD11" duration="00:00:00.0690000" startTime="2015-09-28T09:45:49.6501379-07:00" endTime="2015-09-28T09:45:49.6501379-07:00" testType="13cdc9d9-ddb5-4fa4-a97d-d965ccfc6d4b" outcome="Passed" testListId="8c84fa94-04c1-424b-9868-57a2d4851a1d" relativeResultsDirectory="21bc926b-2bac-4284-bffd-47dce479697a" />
    <UnitTestResult executionId="69049885-4329-45df-8abf-baee49793e7e" testId="41236b53-b708-4980-9969-b88edcd12d2d" testName="TFSTests.ChatRoom.Controls VerifyThatWeCanGetRoomsForACollection" computerName="TFSBUILD11" duration="00:00:00.0690000" startTime="2015-09-28T09:45:49.6501379-07:00" endTime="2015-09-28T09:45:49.6501379-07:00" testType="13cdc9d9-ddb5-4fa4-a97d-d965ccfc6d4b" outcome="Passed" testListId="8c84fa94-04c1-424b-9868-57a2d4851a1d" relativeResultsDirectory="69049885-4329-45df-8abf-baee49793e7e" />
    <UnitTestResult executionId="3e7efa08-eeba-4303-be02-3654242c2d8e" testId="e2f900ad-e59b-482c-bd6a-4f6ef1eacdfa" testName="TFSTests.ChatRoom.Controls VerifyTranscriptControlLoadsOnlyPageSizeMessagesInInitialLoad" computerName="TFSBUILD11" duration="00:00:00.0840000" startTime="2015-09-28T09:45:49.6501379-07:00" endTime="2015-09-28T09:45:49.6501379-07:00" testType="13cdc9d9-ddb5-4fa4-a97d-d965ccfc6d4b" outcome="Passed" testListId="8c84fa94-04c1-424b-9868-57a2d4851a1d" relativeResultsDirectory="3e7efa08-eeba-4303-be02-3654242c2d8e" />
    <UnitTestResult executionId="4fac823a-7a42-4595-9b1a-6d1472c62c27" testId="cf781735-e862-422e-af02-31590b1f7882" testName="TFSTests.ChatRoom.AlertsView Will add existing alerts for basic templates if they do exist" computerName="TFSBUILD11" duration="00:00:00.0810000" startTime="2015-09-28T09:45:49.6501379-07:00" endTime="2015-09-28T09:45:49.6501379-07:00" testType="13cdc9d9-ddb5-4fa4-a97d-d965ccfc6d4b" outcome="Passed" testListId="8c84fa94-04c1-424b-9868-57a2d4851a1d" relativeResultsDirectory="4fac823a-7a42-4595-9b1a-6d1472c62c27" />
    <UnitTestResult executionId="39122a33-246b-4216-95a6-0c2ca00794c0" testId="4007c4ac-7c1d-4162-83b0-5e899010ac8b" testName="TFSTests.ChatRoom.AlertsView Will add build alerts from team default if they do not exist" computerName="TFSBUILD11" duration="00:00:00.0360000" startTime="2015-09-28T09:45:49.6501379-07:00" endTime="2015-09-28T09:45:49.6501379-07:00" testType="13cdc9d9-ddb5-4fa4-a97d-d965ccfc6d4b" outcome="Passed" testListId="8c84fa94-04c1-424b-9868-57a2d4851a1d" relativeResultsDirectory="39122a33-246b-4216-95a6-0c2ca00794c0" />
    <UnitTestResult executionId="393d3d8e-c9b3-49e0-9264-cf633c9d0dfd" testId="17aa54f5-6b8e-4d47-abc4-4f48d887a20e" testName="TFSTests.ChatRoom.AlertsView Will add build alerts from team default if they do exist" computerName="TFSBUILD11" duration="00:00:00.0350000" startTime="2015-09-28T09:45:50.0100692-07:00" endTime="2015-09-28T09:45:50.0100692-07:00" testType="13cdc9d9-ddb5-4fa4-a97d-d965ccfc6d4b" outcome="Passed" testListId="8c84fa94-04c1-424b-9868-57a2d4851a1d" relativeResultsDirectory="393d3d8e-c9b3-49e0-9264-cf633c9d0dfd" />
    <UnitTestResult executionId="413da5b4-8f25-4825-8246-e48603423c6c" testId="ba0e58da-cbbd-4c79-b71d-17ccf0850d60" testName="TFSTests.ChatRoom.AlertsView Will remove dirty code change alerts for git projects" computerName="TFSBUILD11" duration="00:00:00.0470000" startTime="2015-09-28T09:45:50.0100692-07:00" endTime="2015-09-28T09:45:50.0100692-07:00" testType="13cdc9d9-ddb5-4fa4-a97d-d965ccfc6d4b" outcome="Passed" testListId="8c84fa94-04c1-424b-9868-57a2d4851a1d" relativeResultsDirectory="413da5b4-8f25-4825-8246-e48603423c6c" />
    <UnitTestResult executionId="2dab8683-fe82-4444-8d8b-a9d215aa70a7" testId="2a9b1022-ae5a-4fb8-9c02-db0b61383440" testName="TFSTests.ChatRoom.AlertsView Will place git events in code change section" computerName="TFSBUILD11" duration="00:00:00.0510000" startTime="2015-09-28T09:45:50.0110696-07:00" endTime="2015-09-28T09:45:50.0110696-07:00" testType="13cdc9d9-ddb5-4fa4-a97d-d965ccfc6d4b" outcome="Passed" testListId="8c84fa94-04c1-424b-9868-57a2d4851a1d" relativeResultsDirectory="2dab8683-fe82-4444-8d8b-a9d215aa70a7" />
    <UnitTestResult executionId="cd2287e9-4d7e-4228-8fa6-4328b8e49a6a" testId="cacb8b2c-22d4-41b5-9148-7e488836d721" testName="TFSTests.ChatRoom.AlertsView Will throw error if alert exists and error is cleaned up after error alert is removed" computerName="TFSBUILD11" duration="00:00:00.0480000" startTime="2015-09-28T09:45:50.0110696-07:00" endTime="2015-09-28T09:45:50.0110696-07:00" testType="13cdc9d9-ddb5-4fa4-a97d-d965ccfc6d4b" outcome="Passed" testListId="8c84fa94-04c1-424b-9868-57a2d4851a1d" relativeResultsDirectory="cd2287e9-4d7e-4228-8fa6-4328b8e49a6a" />
    <UnitTestResult executionId="f0db9c7c-174e-40b4-948b-78d57b39185d" testId="8f41d39c-500e-4207-8b6f-a5532f5c8150" testName="TFSTests.ChatRoom.AlertsView Will not throw error if alert does not exist" computerName="TFSBUILD11" duration="00:00:00.0470000" startTime="2015-09-28T09:45:50.0110696-07:00" endTime="2015-09-28T09:45:50.0110696-07:00" testType="13cdc9d9-ddb5-4fa4-a97d-d965ccfc6d4b" outcome="Passed" testListId="8c84fa94-04c1-424b-9868-57a2d4851a1d" relativeResultsDirectory="f0db9c7c-174e-40b4-948b-78d57b39185d" />
    <UnitTestResult executionId="2b07d947-e0bf-474b-9659-9ae667644ad0" testId="32f2ff7d-9e12-4582-8820-0d0fdcd81433" testName="TFSTests.ChatRoom.AlertsView Will not change URL on clicking hyperlinks" computerName="TFSBUILD11" duration="00:00:00.0430000" startTime="2015-09-28T09:45:50.0110696-07:00" endTime="2015-09-28T09:45:50.0110696-07:00" testType="13cdc9d9-ddb5-4fa4-a97d-d965ccfc6d4b" outcome="Passed" testListId="8c84fa94-04c1-424b-9868-57a2d4851a1d" relativeResultsDirectory="2b07d947-e0bf-474b-9659-9ae667644ad0" />
    <UnitTestResult executionId="7856eaa5-ab76-46e0-a870-f537fc383da3" testId="1e0f7135-7f0d-4891-96ac-9be112ade6b3" testName="TFSTests.ChatRoom.AlertsView Will update AreaPath Project Name to Project Guid" computerName="TFSBUILD11" duration="00:00:00.0400000" startTime="2015-09-28T09:45:50.0110696-07:00" endTime="2015-09-28T09:45:50.0110696-07:00" testType="13cdc9d9-ddb5-4fa4-a97d-d965ccfc6d4b" outcome="Passed" testListId="8c84fa94-04c1-424b-9868-57a2d4851a1d" relativeResultsDirectory="7856eaa5-ab76-46e0-a870-f537fc383da3" />
    <UnitTestResult executionId="aea66400-ef82-4eef-b2dd-b01190c5602d" testId="fa2beddf-ce42-495a-b09e-b76fd686b620" testName="TFSTests.ChatRoom.Renderers IsRendererCreatedForNormalMessageType" computerName="TFSBUILD11" duration="00:00:00.0140000" startTime="2015-09-28T09:45:50.0110696-07:00" endTime="2015-09-28T09:45:50.0110696-07:00" testType="13cdc9d9-ddb5-4fa4-a97d-d965ccfc6d4b" outcome="Passed" testListId="8c84fa94-04c1-424b-9868-57a2d4851a1d" relativeResultsDirectory="aea66400-ef82-4eef-b2dd-b01190c5602d" />
    <UnitTestResult executionId="4fd8abbe-88b4-4caa-9f7e-2d0e78ed996c" testId="e4c2d2b0-b22e-4c41-8a26-721a59a89d96" testName="TFSTests.ChatRoom.Renderers IsRendererCreatedForSystemMessageType" computerName="TFSBUILD11" duration="00:00:00.0300000" startTime="2015-09-28T09:45:50.0110696-07:00" endTime="2015-09-28T09:45:50.0110696-07:00" testType="13cdc9d9-ddb5-4fa4-a97d-d965ccfc6d4b" outcome="Passed" testListId="8c84fa94-04c1-424b-9868-57a2d4851a1d" relativeResultsDirectory="4fd8abbe-88b4-4caa-9f7e-2d0e78ed996c" />
    <UnitTestResult executionId="bf7369a3-1c53-45a6-bd30-ee03a6413adf" testId="62151334-1cf8-41b8-b86e-0f49a06c502e" testName="TFSTests.ChatRoom.Renderers IsRendererCreatedForWitNotifications" computerName="TFSBUILD11" duration="00:00:00.0150000" startTime="2015-09-28T09:45:50.1468498-07:00" endTime="2015-09-28T09:45:50.1468498-07:00" testType="13cdc9d9-ddb5-4fa4-a97d-d965ccfc6d4b" outcome="Passed" testListId="8c84fa94-04c1-424b-9868-57a2d4851a1d" relativeResultsDirectory="bf7369a3-1c53-45a6-bd30-ee03a6413adf" />
    <UnitTestResult executionId="6229b62a-62fc-4316-b334-f3178c20b5fc" testId="ff5ac287-b553-4fb4-a06a-109e02c69b4e" testName="TFSTests.ChatRoom.Renderers IsRendererCreatedForBuildNotifications" computerName="TFSBUILD11" duration="00:00:00.0140000" startTime="2015-09-28T09:45:50.1468498-07:00" endTime="2015-09-28T09:45:50.1468498-07:00" testType="13cdc9d9-ddb5-4fa4-a97d-d965ccfc6d4b" outcome="Passed" testListId="8c84fa94-04c1-424b-9868-57a2d4851a1d" relativeResultsDirectory="6229b62a-62fc-4316-b334-f3178c20b5fc" />
    <UnitTestResult executionId="13239222-f383-4383-9d2b-510b6bd676f0" testId="6264cbc7-acac-44d2-852d-689a20b36d63" testName="TFSTests.ChatRoom.Renderers IsRendererCreatedForGitNotifications" computerName="TFSBUILD11" duration="00:00:00.0140000" startTime="2015-09-28T09:45:50.1468498-07:00" endTime="2015-09-28T09:45:50.1468498-07:00" testType="13cdc9d9-ddb5-4fa4-a97d-d965ccfc6d4b" outcome="Passed" testListId="8c84fa94-04c1-424b-9868-57a2d4851a1d" relativeResultsDirectory="13239222-f383-4383-9d2b-510b6bd676f0" />
    <UnitTestResult executionId="5a14308a-3c9a-4868-bff0-157160b62370" testId="c77995f1-7d0a-4150-ad00-1bfb1ca190f3" testName="TFSTests.ChatRoom.Renderers IsRendererCreatedForCheckinNotifications" computerName="TFSBUILD11" duration="00:00:00.0140000" startTime="2015-09-28T09:45:50.1468498-07:00" endTime="2015-09-28T09:45:50.1468498-07:00" testType="13cdc9d9-ddb5-4fa4-a97d-d965ccfc6d4b" outcome="Passed" testListId="8c84fa94-04c1-424b-9868-57a2d4851a1d" relativeResultsDirectory="5a14308a-3c9a-4868-bff0-157160b62370" />
    <UnitTestResult executionId="a05b7d15-f311-4452-be4a-bf756639538d" testId="5c49a6d2-afcf-4131-aa09-133c241f152a" testName="TFSTests.ChatRoom.Renderers IsRendererNotReCreatedOnceCreated" computerName="TFSBUILD11" duration="00:00:00.0140000" startTime="2015-09-28T09:45:50.1478499-07:00" endTime="2015-09-28T09:45:50.1478499-07:00" testType="13cdc9d9-ddb5-4fa4-a97d-d965ccfc6d4b" outcome="Passed" testListId="8c84fa94-04c1-424b-9868-57a2d4851a1d" relativeResultsDirectory="a05b7d15-f311-4452-be4a-bf756639538d" />
    <UnitTestResult executionId="e15edd6e-714d-41bb-a0d1-a8a2c9686280" testId="f85da359-a31c-40b7-9888-0df42b9e0d40" testName="TFSTests.ChatRoom.Renderers IsSystemTextRendererNotReCreatedOnceCreated" computerName="TFSBUILD11" duration="00:00:00.0140000" startTime="2015-09-28T09:45:50.1478499-07:00" endTime="2015-09-28T09:45:50.1478499-07:00" testType="13cdc9d9-ddb5-4fa4-a97d-d965ccfc6d4b" outcome="Passed" testListId="8c84fa94-04c1-424b-9868-57a2d4851a1d" relativeResultsDirectory="e15edd6e-714d-41bb-a0d1-a8a2c9686280" />
    <UnitTestResult executionId="40fa1006-3ead-4655-909e-7b06ea7a8bbe" testId="0c87cf23-08f0-45a4-bf76-d0f7c197b3b6" testName="TFSTests.ChatRoom.Renderers IsErrorTextRendererNotReCreatedOnceCreated" computerName="TFSBUILD11" duration="00:00:00.0150000" startTime="2015-09-28T09:45:50.1478499-07:00" endTime="2015-09-28T09:45:50.1478499-07:00" testType="13cdc9d9-ddb5-4fa4-a97d-d965ccfc6d4b" outcome="Passed" testListId="8c84fa94-04c1-424b-9868-57a2d4851a1d" relativeResultsDirectory="40fa1006-3ead-4655-909e-7b06ea7a8bbe" />
    <UnitTestResult executionId="649f2f4d-157b-4134-92d7-618e2aa7c4c1" testId="b66700b7-43b0-4b49-ab56-8232d54a726e" testName="TFSTests.ChatRoom.Renderers CanRenderErrorMessage" computerName="TFSBUILD11" duration="00:00:00.0180000" startTime="2015-09-28T09:45:50.1478499-07:00" endTime="2015-09-28T09:45:50.1478499-07:00" testType="13cdc9d9-ddb5-4fa4-a97d-d965ccfc6d4b" outcome="Passed" testListId="8c84fa94-04c1-424b-9868-57a2d4851a1d" relativeResultsDirectory="649f2f4d-157b-4134-92d7-618e2aa7c4c1" />
    <UnitTestResult executionId="3889b648-3ed5-4412-8b26-dd54625c91f3" testId="f6f577ea-7020-4662-ae41-3633ac2912a1" testName="TFSTests.ChatRoom.Renderers CanRenderSystemMessage" computerName="TFSBUILD11" duration="00:00:00.0150000" startTime="2015-09-28T09:45:50.1478499-07:00" endTime="2015-09-28T09:45:50.1478499-07:00" testType="13cdc9d9-ddb5-4fa4-a97d-d965ccfc6d4b" outcome="Passed" testListId="8c84fa94-04c1-424b-9868-57a2d4851a1d" relativeResultsDirectory="3889b648-3ed5-4412-8b26-dd54625c91f3" />
    <UnitTestResult executionId="1a3d400b-83b9-4627-b22e-3238cd0e8af1" testId="cbff3b02-144a-49cf-8531-df665cc4e59b" testName="TFSTests.ChatRoom.Renderers CanRenderTestResultsInBuildMessage" computerName="TFSBUILD11" duration="00:00:00.0200000" startTime="2015-09-28T09:45:51.5901300-07:00" endTime="2015-09-28T09:45:51.5901300-07:00" testType="13cdc9d9-ddb5-4fa4-a97d-d965ccfc6d4b" outcome="Passed" testListId="8c84fa94-04c1-424b-9868-57a2d4851a1d" relativeResultsDirectory="1a3d400b-83b9-4627-b22e-3238cd0e8af1" />
    <UnitTestResult executionId="b10a7dc6-8904-4c83-b224-2a775b2c7db2" testId="73c1227e-b0d0-4912-96e3-834085c359a2" testName="TFSTests.ChatRoom.Renderers DontRenderTestResultsWhenBuildIsSuccessful" computerName="TFSBUILD11" duration="00:00:00.0150000" startTime="2015-09-28T09:45:51.5901300-07:00" endTime="2015-09-28T09:45:51.5901300-07:00" testType="13cdc9d9-ddb5-4fa4-a97d-d965ccfc6d4b" outcome="Passed" testListId="8c84fa94-04c1-424b-9868-57a2d4851a1d" relativeResultsDirectory="b10a7dc6-8904-4c83-b224-2a775b2c7db2" />
    <UnitTestResult executionId="09886ece-0078-4bb0-87fa-a6f745393708" testId="fe6b8610-df4c-4e16-9b90-92ae1b124385" testName="TFSTests.ChatRoom.MessageProcessor VerifyURLParsing" computerName="TFSBUILD11" duration="00:00:00.0190000" startTime="2015-09-28T09:45:51.5901300-07:00" endTime="2015-09-28T09:45:51.5901300-07:00" testType="13cdc9d9-ddb5-4fa4-a97d-d965ccfc6d4b" outcome="Passed" testListId="8c84fa94-04c1-424b-9868-57a2d4851a1d" relativeResultsDirectory="09886ece-0078-4bb0-87fa-a6f745393708" />
    <UnitTestResult executionId="475f899b-f650-4da6-b496-b94e915ac6ad" testId="24034f73-c878-4a57-ab3e-74dd003a9c1a" testName="TFSTests.ChatRoom.MessageProcessor VerifyUNCParsing" computerName="TFSBUILD11" duration="00:00:00.0150000" startTime="2015-09-28T09:45:51.5901300-07:00" endTime="2015-09-28T09:45:51.5901300-07:00" testType="13cdc9d9-ddb5-4fa4-a97d-d965ccfc6d4b" outcome="Passed" testListId="8c84fa94-04c1-424b-9868-57a2d4851a1d" relativeResultsDirectory="475f899b-f650-4da6-b496-b94e915ac6ad" />
    <UnitTestResult executionId="b7b2bcfb-4fdd-4989-b6a9-72d0b16758da" testId="4e12b3a1-6fdc-4b56-8dc2-7f38e3d3f17d" testName="TFSTests.ChatRoom.MessageProcessor VerifyEmojiParsing" computerName="TFSBUILD11" duration="00:00:00.0460000" startTime="2015-09-28T09:45:51.5901300-07:00" endTime="2015-09-28T09:45:51.5901300-07:00" testType="13cdc9d9-ddb5-4fa4-a97d-d965ccfc6d4b" outcome="Passed" testListId="8c84fa94-04c1-424b-9868-57a2d4851a1d" relativeResultsDirectory="b7b2bcfb-4fdd-4989-b6a9-72d0b16758da" />
    <UnitTestResult executionId="f65f67ed-9a6a-449d-9fca-46ded424da52" testId="8d591ea8-c705-4b36-926d-b5018b51e675" testName="TFSTests.ChatRoom.MessageProcessor VerifyWITMentionParsing" computerName="TFSBUILD11" duration="00:00:00.0170000" startTime="2015-09-28T09:45:51.5901300-07:00" endTime="2015-09-28T09:45:51.5901300-07:00" testType="13cdc9d9-ddb5-4fa4-a97d-d965ccfc6d4b" outcome="Passed" testListId="8c84fa94-04c1-424b-9868-57a2d4851a1d" relativeResultsDirectory="f65f67ed-9a6a-449d-9fca-46ded424da52" />
    <UnitTestResult executionId="c2bfac02-4ee1-485a-ae69-d147affb6107" testId="57190bc9-ee79-4a4a-ab60-33f98a045a5d" testName="TFSTests.ChatRoom.MessageProcessor VerifyUserMentionParsing" computerName="TFSBUILD11" duration="00:00:00.0170000" startTime="2015-09-28T09:45:51.5901300-07:00" endTime="2015-09-28T09:45:51.5901300-07:00" testType="13cdc9d9-ddb5-4fa4-a97d-d965ccfc6d4b" outcome="Passed" testListId="8c84fa94-04c1-424b-9868-57a2d4851a1d" relativeResultsDirectory="c2bfac02-4ee1-485a-ae69-d147affb6107" />
  </Results>
  <TestDefinitions>
    <UnitTest name="TFSTests.ChatRoom.Controls VerifyRoomMembers" storage="d:\v2.0\a1\_work\dbded102\vso\tfs\service\webaccess\chat\chat\testscripts\tests\tfstests.chatroom.controls.ts" id="f3294102-0961-427a-8be2-449e7ac31aa1">
      <Execution id="1ea36b75-4a7a-46b5-b9a0-8ad45085bd3d" />
      <TestMethod codeBase="d:\v2.0\a1\_work\dbded102\vso\tfs\service\webaccess\chat\chat\testscripts\tests\tfstests.chatroom.controls.ts" adapterTypeName="Microsoft.VisualStudio.TestTools.TestTypes.Unit.UnitTestAdapter" className="d:\v2.0\a1\_work\dbded102\vso\tfs\service\webaccess\chat\chat\testscripts\tests\tfstests.chatroom.controls.ts::tfstests.chatroom" name="TFSTests.ChatRoom.Controls VerifyRoomMembers" />
    </UnitTest>
    <UnitTest name="TFSTests.ChatRoom.Controls VerifyRecentChatLoaded" storage="d:\v2.0\a1\_work\dbded102\vso\tfs\service\webaccess\chat\chat\testscripts\tests\tfstests.chatroom.controls.ts" id="b33064f6-ba5a-4597-8475-660cb75ed888">
      <Execution id="1c2a920e-12f1-4cca-894b-cbbc3410a5be" />
      <TestMethod codeBase="d:\v2.0\a1\_work\dbded102\vso\tfs\service\webaccess\chat\chat\testscripts\tests\tfstests.chatroom.controls.ts" adapterTypeName="Microsoft.VisualStudio.TestTools.TestTypes.Unit.UnitTestAdapter" className="d:\v2.0\a1\_work\dbded102\vso\tfs\service\webaccess\chat\chat\testscripts\tests\tfstests.chatroom.controls.ts::tfstests.chatroom" name="TFSTests.ChatRoom.Controls VerifyRecentChatLoaded" />
    </UnitTest>
    <UnitTest name="TFSTests.ChatRoom.Controls Will render messages that were missed between join and ready for streaming" storage="d:\v2.0\a1\_work\dbded102\vso\tfs\service\webaccess\chat\chat\testscripts\tests\tfstests.chatroom.controls.ts" id="82f7431c-7c03-4b92-be1e-905887011619">
      <Execution id="57074a62-fe21-48dc-8a80-85bcac4331ea" />
      <TestMethod codeBase="d:\v2.0\a1\_work\dbded102\vso\tfs\service\webaccess\chat\chat\testscripts\tests\tfstests.chatroom.controls.ts" adapterTypeName="Microsoft.VisualStudio.TestTools.TestTypes.Unit.UnitTestAdapter" className="d:\v2.0\a1\_work\dbded102\vso\tfs\service\webaccess\chat\chat\testscripts\tests\tfstests.chatroom.controls.ts::tfstests.chatroom" name="TFSTests.ChatRoom.Controls Will render messages that were missed between join and ready for streaming" />
    </UnitTest>
    <UnitTest name="TFSTests.ChatRoom.Controls VerifyMembersDisplayed" storage="d:\v2.0\a1\_work\dbded102\vso\tfs\service\webaccess\chat\chat\testscripts\tests\tfstests.chatroom.controls.ts" id="9495ab64-0976-4196-9f1f-56ca7a773423">
      <Execution id="e937b5fc-3428-4a9c-831b-e648d7fa8f20" />
      <TestMethod codeBase="d:\v2.0\a1\_work\dbded102\vso\tfs\service\webaccess\chat\chat\testscripts\tests\tfstests.chatroom.controls.ts" adapterTypeName="Microsoft.VisualStudio.TestTools.TestTypes.Unit.UnitTestAdapter" className="d:\v2.0\a1\_work\dbded102\vso\tfs\service\webaccess\chat\chat\testscripts\tests\tfstests.chatroom.controls.ts::tfstests.chatroom" name="TFSTests.ChatRoom.Controls VerifyMembersDisplayed" />
    </UnitTest>
    <UnitTest name="TFSTests.ChatRoom.Controls VerifyMembersDisplayedWithCorrectPresenceValue" storage="d:\v2.0\a1\_work\dbded102\vso\tfs\service\webaccess\chat\chat\testscripts\tests\tfstests.chatroom.controls.ts" id="ed467e8a-7b13-4c2d-a54a-46e9e05cefbd">
      <Execution id="b7e19e6c-886e-451c-807b-5ea2b3da6628" />
      <TestMethod codeBase="d:\v2.0\a1\_work\dbded102\vso\tfs\service\webaccess\chat\chat\testscripts\tests\tfstests.chatroom.controls.ts" adapterTypeName="Microsoft.VisualStudio.TestTools.TestTypes.Unit.UnitTestAdapter" className="d:\v2.0\a1\_work\dbded102\vso\tfs\service\webaccess\chat\chat\testscripts\tests\tfstests.chatroom.controls.ts::tfstests.chatroom" name="TFSTests.ChatRoom.Controls VerifyMembersDisplayedWithCorrectPresenceValue" />
    </UnitTest>
    <UnitTest name="TFSTests.ChatRoom.Controls VerifyMessageSent" storage="d:\v2.0\a1\_work\dbded102\vso\tfs\service\webaccess\chat\chat\testscripts\tests\tfstests.chatroom.controls.ts" id="5bcd4201-5705-46b5-b625-7210547f2fc8">
      <Execution id="637c1fe9-cb79-4860-a669-13b6c083db38" />
      <TestMethod codeBase="d:\v2.0\a1\_work\dbded102\vso\tfs\service\webaccess\chat\chat\testscripts\tests\tfstests.chatroom.controls.ts" adapterTypeName="Microsoft.VisualStudio.TestTools.TestTypes.Unit.UnitTestAdapter" className="d:\v2.0\a1\_work\dbded102\vso\tfs\service\webaccess\chat\chat\testscripts\tests\tfstests.chatroom.controls.ts::tfstests.chatroom" name="TFSTests.ChatRoom.Controls VerifyMessageSent" />
    </UnitTest>
    <UnitTest name="TFSTests.ChatRoom.Controls VerifyMessageReceivedIsDisplayed" storage="d:\v2.0\a1\_work\dbded102\vso\tfs\service\webaccess\chat\chat\testscripts\tests\tfstests.chatroom.controls.ts" id="76aed157-ff51-41c8-8579-c16cd241f10c">
      <Execution id="a98530ca-08e1-43e7-ac25-2f5f97cc2e0d" />
      <TestMethod codeBase="d:\v2.0\a1\_work\dbded102\vso\tfs\service\webaccess\chat\chat\testscripts\tests\tfstests.chatroom.controls.ts" adapterTypeName="Microsoft.VisualStudio.TestTools.TestTypes.Unit.UnitTestAdapter" className="d:\v2.0\a1\_work\dbded102\vso\tfs\service\webaccess\chat\chat\testscripts\tests\tfstests.chatroom.controls.ts::tfstests.chatroom" name="TFSTests.ChatRoom.Controls VerifyMessageReceivedIsDisplayed" />
    </UnitTest>
    <UnitTest name="TFSTests.ChatRoom.Controls WillRenderMessageWhenUserSendsIt" storage="d:\v2.0\a1\_work\dbded102\vso\tfs\service\webaccess\chat\chat\testscripts\tests\tfstests.chatroom.controls.ts" id="5dd79443-8a2f-486c-b524-f927601c2af8">
      <Execution id="84487e0a-d74d-48df-bb7e-8037fbc25f57" />
      <TestMethod codeBase="d:\v2.0\a1\_work\dbded102\vso\tfs\service\webaccess\chat\chat\testscripts\tests\tfstests.chatroom.controls.ts" adapterTypeName="Microsoft.VisualStudio.TestTools.TestTypes.Unit.UnitTestAdapter" className="d:\v2.0\a1\_work\dbded102\vso\tfs\service\webaccess\chat\chat\testscripts\tests\tfstests.chatroom.controls.ts::tfstests.chatroom" name="TFSTests.ChatRoom.Controls WillRenderMessageWhenUserSendsIt" />
    </UnitTest>
    <UnitTest name="TFSTests.ChatRoom.Controls WillNotRenderDuplicateMessage" storage="d:\v2.0\a1\_work\dbded102\vso\tfs\service\webaccess\chat\chat\testscripts\tests\tfstests.chatroom.controls.ts" id="8b5d13c9-ce42-4b98-836f-8bb4291e4b72">
      <Execution id="81f1b759-b646-43cf-8210-c9ef5a0dd5a6" />
      <TestMethod codeBase="d:\v2.0\a1\_work\dbded102\vso\tfs\service\webaccess\chat\chat\testscripts\tests\tfstests.chatroom.controls.ts" adapterTypeName="Microsoft.VisualStudio.TestTools.TestTypes.Unit.UnitTestAdapter" className="d:\v2.0\a1\_work\dbded102\vso\tfs\service\webaccess\chat\chat\testscripts\tests\tfstests.chatroom.controls.ts::tfstests.chatroom" name="TFSTests.ChatRoom.Controls WillNotRenderDuplicateMessage" />
    </UnitTest>
    <UnitTest name="TFSTests.ChatRoom.Controls VerifyMemberIsUpdatedWhenHeEnters" storage="d:\v2.0\a1\_work\dbded102\vso\tfs\service\webaccess\chat\chat\testscripts\tests\tfstests.chatroom.controls.ts" id="ced23700-be2d-43aa-8945-df89c65e5958">
      <Execution id="ac683f6a-519b-4079-a35d-e3a0ac872d03" />
      <TestMethod codeBase="d:\v2.0\a1\_work\dbded102\vso\tfs\service\webaccess\chat\chat\testscripts\tests\tfstests.chatroom.controls.ts" adapterTypeName="Microsoft.VisualStudio.TestTools.TestTypes.Unit.UnitTestAdapter" className="d:\v2.0\a1\_work\dbded102\vso\tfs\service\webaccess\chat\chat\testscripts\tests\tfstests.chatroom.controls.ts::tfstests.chatroom" name="TFSTests.ChatRoom.Controls VerifyMemberIsUpdatedWhenHeEnters" />
    </UnitTest>
    <UnitTest name="TFSTests.ChatRoom.Controls VerifyMemberUiIsUpdatedWhenHeEntersWithDifferentName" storage="d:\v2.0\a1\_work\dbded102\vso\tfs\service\webaccess\chat\chat\testscripts\tests\tfstests.chatroom.controls.ts" id="da3d7f74-03e6-4d24-af57-341612ae8246">
      <Execution id="3bcafb48-3d95-444e-b113-21e4db19dfb5" />
      <TestMethod codeBase="d:\v2.0\a1\_work\dbded102\vso\tfs\service\webaccess\chat\chat\testscripts\tests\tfstests.chatroom.controls.ts" adapterTypeName="Microsoft.VisualStudio.TestTools.TestTypes.Unit.UnitTestAdapter" className="d:\v2.0\a1\_work\dbded102\vso\tfs\service\webaccess\chat\chat\testscripts\tests\tfstests.chatroom.controls.ts::tfstests.chatroom" name="TFSTests.ChatRoom.Controls VerifyMemberUiIsUpdatedWhenHeEntersWithDifferentName" />
    </UnitTest>
    <UnitTest name="TFSTests.ChatRoom.Controls VerifyPreviouslyUnseenMemberIsAddedWhenHeEnters" storage="d:\v2.0\a1\_work\dbded102\vso\tfs\service\webaccess\chat\chat\testscripts\tests\tfstests.chatroom.controls.ts" id="8825f91d-b950-47a1-9578-b05418e94368">
      <Execution id="b6f50d8c-b4aa-4b4d-968f-bec30bd07d5d" />
      <TestMethod codeBase="d:\v2.0\a1\_work\dbded102\vso\tfs\service\webaccess\chat\chat\testscripts\tests\tfstests.chatroom.controls.ts" adapterTypeName="Microsoft.VisualStudio.TestTools.TestTypes.Unit.UnitTestAdapter" className="d:\v2.0\a1\_work\dbded102\vso\tfs\service\webaccess\chat\chat\testscripts\tests\tfstests.chatroom.controls.ts::tfstests.chatroom" name="TFSTests.ChatRoom.Controls VerifyPreviouslyUnseenMemberIsAddedWhenHeEnters" />
    </UnitTest>
    <UnitTest name="TFSTests.ChatRoom.Controls VerifyMemberIsUpdatedWhenHeLeaves" storage="d:\v2.0\a1\_work\dbded102\vso\tfs\service\webaccess\chat\chat\testscripts\tests\tfstests.chatroom.controls.ts" id="da43f670-3695-4cef-95aa-db89e4a72117">
      <Execution id="66f01611-9749-4c93-a8d8-9d290fd9ff94" />
      <TestMethod codeBase="d:\v2.0\a1\_work\dbded102\vso\tfs\service\webaccess\chat\chat\testscripts\tests\tfstests.chatroom.controls.ts" adapterTypeName="Microsoft.VisualStudio.TestTools.TestTypes.Unit.UnitTestAdapter" className="d:\v2.0\a1\_work\dbded102\vso\tfs\service\webaccess\chat\chat\testscripts\tests\tfstests.chatroom.controls.ts::tfstests.chatroom" name="TFSTests.ChatRoom.Controls VerifyMemberIsUpdatedWhenHeLeaves" />
    </UnitTest>
    <UnitTest name="TFSTests.ChatRoom.Controls VerifyPreviouslyUnseenMemberIsUpdatedWhenHeLeaves" storage="d:\v2.0\a1\_work\dbded102\vso\tfs\service\webaccess\chat\chat\testscripts\tests\tfstests.chatroom.controls.ts" id="f4137a58-6d9a-401f-aa3f-8f728444608a">
      <Execution id="98aa4f36-9c16-4343-8f6e-bf3958d19561" />
      <TestMethod codeBase="d:\v2.0\a1\_work\dbded102\vso\tfs\service\webaccess\chat\chat\testscripts\tests\tfstests.chatroom.controls.ts" adapterTypeName="Microsoft.VisualStudio.TestTools.TestTypes.Unit.UnitTestAdapter" className="d:\v2.0\a1\_work\dbded102\vso\tfs\service\webaccess\chat\chat\testscripts\tests\tfstests.chatroom.controls.ts::tfstests.chatroom" name="TFSTests.ChatRoom.Controls VerifyPreviouslyUnseenMemberIsUpdatedWhenHeLeaves" />
    </UnitTest>
    <UnitTest name="TFSTests.ChatRoom.Controls VerifyMemberIsAdded" storage="d:\v2.0\a1\_work\dbded102\vso\tfs\service\webaccess\chat\chat\testscripts\tests\tfstests.chatroom.controls.ts" id="9f2b8c5e-1996-44a1-b432-be6a194d513a">
      <Execution id="a9ee6730-f528-465a-b79c-f43e84e51e8f" />
      <TestMethod codeBase="d:\v2.0\a1\_work\dbded102\vso\tfs\service\webaccess\chat\chat\testscripts\tests\tfstests.chatroom.controls.ts" adapterTypeName="Microsoft.VisualStudio.TestTools.TestTypes.Unit.UnitTestAdapter" className="d:\v2.0\a1\_work\dbded102\vso\tfs\service\webaccess\chat\chat\testscripts\tests\tfstests.chatroom.controls.ts::tfstests.chatroom" name="TFSTests.ChatRoom.Controls VerifyMemberIsAdded" />
    </UnitTest>
    <UnitTest name="TFSTests.ChatRoom.Controls VerifyMemberIsRemoved" storage="d:\v2.0\a1\_work\dbded102\vso\tfs\service\webaccess\chat\chat\testscripts\tests\tfstests.chatroom.controls.ts" id="55252c7c-7708-4d46-bfc9-ef61be9b6c26">
      <Execution id="0f7d3d73-dbba-4e6d-bddc-a00ec7a70f49" />
      <TestMethod codeBase="d:\v2.0\a1\_work\dbded102\vso\tfs\service\webaccess\chat\chat\testscripts\tests\tfstests.chatroom.controls.ts" adapterTypeName="Microsoft.VisualStudio.TestTools.TestTypes.Unit.UnitTestAdapter" className="d:\v2.0\a1\_work\dbded102\vso\tfs\service\webaccess\chat\chat\testscripts\tests\tfstests.chatroom.controls.ts::tfstests.chatroom" name="TFSTests.ChatRoom.Controls VerifyMemberIsRemoved" />
    </UnitTest>
    <UnitTest name="TFSTests.ChatRoom.Controls VerifyMessageIsTruncatedToMaxLength" storage="d:\v2.0\a1\_work\dbded102\vso\tfs\service\webaccess\chat\chat\testscripts\tests\tfstests.chatroom.controls.ts" id="43d85edc-738b-41c6-88c7-eca75d8d0287">
      <Execution id="6d3d33d8-26d5-4e81-9649-3463f40e4482" />
      <TestMethod codeBase="d:\v2.0\a1\_work\dbded102\vso\tfs\service\webaccess\chat\chat\testscripts\tests\tfstests.chatroom.controls.ts" adapterTypeName="Microsoft.VisualStudio.TestTools.TestTypes.Unit.UnitTestAdapter" className="d:\v2.0\a1\_work\dbded102\vso\tfs\service\webaccess\chat\chat\testscripts\tests\tfstests.chatroom.controls.ts::tfstests.chatroom" name="TFSTests.ChatRoom.Controls VerifyMessageIsTruncatedToMaxLength" />
    </UnitTest>
    <UnitTest name="TFSTests.ChatRoom.Controls VerifyMessageShorterThanMaxLengthAreNotTruncated" storage="d:\v2.0\a1\_work\dbded102\vso\tfs\service\webaccess\chat\chat\testscripts\tests\tfstests.chatroom.controls.ts" id="85dd11ea-6d0d-41ea-8a6b-432afc58fe8a">
      <Execution id="5e61a284-cedb-4d78-b72d-87ee836879b6" />
      <TestMethod codeBase="d:\v2.0\a1\_work\dbded102\vso\tfs\service\webaccess\chat\chat\testscripts\tests\tfstests.chatroom.controls.ts" adapterTypeName="Microsoft.VisualStudio.TestTools.TestTypes.Unit.UnitTestAdapter" className="d:\v2.0\a1\_work\dbded102\vso\tfs\service\webaccess\chat\chat\testscripts\tests\tfstests.chatroom.controls.ts::tfstests.chatroom" name="TFSTests.ChatRoom.Controls VerifyMessageShorterThanMaxLengthAreNotTruncated" />
    </UnitTest>
    <UnitTest name="TFSTests.ChatRoom.Controls VerifyTheMessageLengthMessageIsCorrectlyDisplayedWhenMessageGrowsOverOrUnderTheThresholdLength" storage="d:\v2.0\a1\_work\dbded102\vso\tfs\service\webaccess\chat\chat\testscripts\tests\tfstests.chatroom.controls.ts" id="41ae2761-1260-4a06-b36c-c258d266a0d4">
      <Execution id="c8a7aa7a-d2e4-4301-9342-a5b15a9af1cb" />
      <TestMethod codeBase="d:\v2.0\a1\_work\dbded102\vso\tfs\service\webaccess\chat\chat\testscripts\tests\tfstests.chatroom.controls.ts" adapterTypeName="Microsoft.VisualStudio.TestTools.TestTypes.Unit.UnitTestAdapter" className="d:\v2.0\a1\_work\dbded102\vso\tfs\service\webaccess\chat\chat\testscripts\tests\tfstests.chatroom.controls.ts::tfstests.chatroom" name="TFSTests.ChatRoom.Controls VerifyTheMessageLengthMessageIsCorrectlyDisplayedWhenMessageGrowsOverOrUnderTheThresholdLength" />
    </UnitTest>
    <UnitTest name="TFSTests.ChatRoom.Controls VerifyTranscriptLoaded" storage="d:\v2.0\a1\_work\dbded102\vso\tfs\service\webaccess\chat\chat\testscripts\tests\tfstests.chatroom.controls.ts" id="54b3ff3c-a5b7-426b-9564-f86a09ec2420">
      <Execution id="0eb2904a-8850-4c05-91f7-69ce909fb047" />
      <TestMethod codeBase="d:\v2.0\a1\_work\dbded102\vso\tfs\service\webaccess\chat\chat\testscripts\tests\tfstests.chatroom.controls.ts" adapterTypeName="Microsoft.VisualStudio.TestTools.TestTypes.Unit.UnitTestAdapter" className="d:\v2.0\a1\_work\dbded102\vso\tfs\service\webaccess\chat\chat\testscripts\tests\tfstests.chatroom.controls.ts::tfstests.chatroom" name="TFSTests.ChatRoom.Controls VerifyTranscriptLoaded" />
    </UnitTest>
    <UnitTest name="TFSTests.ChatRoom.Controls VerifyTranscriptMembersDisplayed" storage="d:\v2.0\a1\_work\dbded102\vso\tfs\service\webaccess\chat\chat\testscripts\tests\tfstests.chatroom.controls.ts" id="0797ac1e-5cb9-41b8-968d-216d07531d52">
      <Execution id="eca1b511-1f03-49b8-9911-0fe3102a263a" />
      <TestMethod codeBase="d:\v2.0\a1\_work\dbded102\vso\tfs\service\webaccess\chat\chat\testscripts\tests\tfstests.chatroom.controls.ts" adapterTypeName="Microsoft.VisualStudio.TestTools.TestTypes.Unit.UnitTestAdapter" className="d:\v2.0\a1\_work\dbded102\vso\tfs\service\webaccess\chat\chat\testscripts\tests\tfstests.chatroom.controls.ts::tfstests.chatroom" name="TFSTests.ChatRoom.Controls VerifyTranscriptMembersDisplayed" />
    </UnitTest>
    <UnitTest name="TFSTests.ChatRoom.Controls VerifyChatControlScrollsToBottomIfAlreadyAtBottom" storage="d:\v2.0\a1\_work\dbded102\vso\tfs\service\webaccess\chat\chat\testscripts\tests\tfstests.chatroom.controls.ts" id="12e4a04e-9ff2-4bd5-b76e-c0d9ff6936f9">
      <Execution id="9234acda-b018-44ed-abed-b8550e5a9f0f" />
      <TestMethod codeBase="d:\v2.0\a1\_work\dbded102\vso\tfs\service\webaccess\chat\chat\testscripts\tests\tfstests.chatroom.controls.ts" adapterTypeName="Microsoft.VisualStudio.TestTools.TestTypes.Unit.UnitTestAdapter" className="d:\v2.0\a1\_work\dbded102\vso\tfs\service\webaccess\chat\chat\testscripts\tests\tfstests.chatroom.controls.ts::tfstests.chatroom" name="TFSTests.ChatRoom.Controls VerifyChatControlScrollsToBottomIfAlreadyAtBottom" />
    </UnitTest>
    <UnitTest name="TFSTests.ChatRoom.Controls VerifyChatControlDoesNotScrollToBottomIfNotAlreadyAtBottom" storage="d:\v2.0\a1\_work\dbded102\vso\tfs\service\webaccess\chat\chat\testscripts\tests\tfstests.chatroom.controls.ts" id="18a9ecbc-4081-421f-b840-9bf70b6c64e2">
      <Execution id="567ba588-349d-4d0b-b517-259ee4f8027f" />
      <TestMethod codeBase="d:\v2.0\a1\_work\dbded102\vso\tfs\service\webaccess\chat\chat\testscripts\tests\tfstests.chatroom.controls.ts" adapterTypeName="Microsoft.VisualStudio.TestTools.TestTypes.Unit.UnitTestAdapter" className="d:\v2.0\a1\_work\dbded102\vso\tfs\service\webaccess\chat\chat\testscripts\tests\tfstests.chatroom.controls.ts::tfstests.chatroom" name="TFSTests.ChatRoom.Controls VerifyChatControlDoesNotScrollToBottomIfNotAlreadyAtBottom" />
    </UnitTest>
    <UnitTest name="TFSTests.ChatRoom.Controls VerifyMentionDropDownIsShown" storage="d:\v2.0\a1\_work\dbded102\vso\tfs\service\webaccess\chat\chat\testscripts\tests\tfstests.chatroom.controls.ts" id="cb191c8b-ad7a-4027-940d-d4f429bf83d8">
      <Execution id="f20d7fd0-f601-44a9-9c77-70fc6eaa2d7a" />
      <TestMethod codeBase="d:\v2.0\a1\_work\dbded102\vso\tfs\service\webaccess\chat\chat\testscripts\tests\tfstests.chatroom.controls.ts" adapterTypeName="Microsoft.VisualStudio.TestTools.TestTypes.Unit.UnitTestAdapter" className="d:\v2.0\a1\_work\dbded102\vso\tfs\service\webaccess\chat\chat\testscripts\tests\tfstests.chatroom.controls.ts::tfstests.chatroom" name="TFSTests.ChatRoom.Controls VerifyMentionDropDownIsShown" />
    </UnitTest>
    <UnitTest name="TFSTests.ChatRoom.Controls VerifyMentionDropDownDisplaysCorrectListOfMembers" storage="d:\v2.0\a1\_work\dbded102\vso\tfs\service\webaccess\chat\chat\testscripts\tests\tfstests.chatroom.controls.ts" id="854507dd-6df6-468f-8f2a-c9bdb56808e4">
      <Execution id="9e310be5-358b-4c65-a9a4-c41ab2585252" />
      <TestMethod codeBase="d:\v2.0\a1\_work\dbded102\vso\tfs\service\webaccess\chat\chat\testscripts\tests\tfstests.chatroom.controls.ts" adapterTypeName="Microsoft.VisualStudio.TestTools.TestTypes.Unit.UnitTestAdapter" className="d:\v2.0\a1\_work\dbded102\vso\tfs\service\webaccess\chat\chat\testscripts\tests\tfstests.chatroom.controls.ts::tfstests.chatroom" name="TFSTests.ChatRoom.Controls VerifyMentionDropDownDisplaysCorrectListOfMembers" />
    </UnitTest>
    <UnitTest name="TFSTests.ChatRoom.Controls VerifyMentionDropDownDisplaysMessageWhenNoMatchFound" storage="d:\v2.0\a1\_work\dbded102\vso\tfs\service\webaccess\chat\chat\testscripts\tests\tfstests.chatroom.controls.ts" id="450dafb2-1417-484b-8d49-be2528ae0d04">
      <Execution id="168c0129-e45d-4ed9-a541-20ef89b7c568" />
      <TestMethod codeBase="d:\v2.0\a1\_work\dbded102\vso\tfs\service\webaccess\chat\chat\testscripts\tests\tfstests.chatroom.controls.ts" adapterTypeName="Microsoft.VisualStudio.TestTools.TestTypes.Unit.UnitTestAdapter" className="d:\v2.0\a1\_work\dbded102\vso\tfs\service\webaccess\chat\chat\testscripts\tests\tfstests.chatroom.controls.ts::tfstests.chatroom" name="TFSTests.ChatRoom.Controls VerifyMentionDropDownDisplaysMessageWhenNoMatchFound" />
    </UnitTest>
    <UnitTest name="TFSTests.ChatRoom.Controls VerifyOnlyOneSpinningDonutPerChat" storage="d:\v2.0\a1\_work\dbded102\vso\tfs\service\webaccess\chat\chat\testscripts\tests\tfstests.chatroom.controls.ts" id="8d84d922-ca30-41fc-bbe9-0d24378e2166">
      <Execution id="97db4192-a10d-4373-8456-208453f78b91" />
      <TestMethod codeBase="d:\v2.0\a1\_work\dbded102\vso\tfs\service\webaccess\chat\chat\testscripts\tests\tfstests.chatroom.controls.ts" adapterTypeName="Microsoft.VisualStudio.TestTools.TestTypes.Unit.UnitTestAdapter" className="d:\v2.0\a1\_work\dbded102\vso\tfs\service\webaccess\chat\chat\testscripts\tests\tfstests.chatroom.controls.ts::tfstests.chatroom" name="TFSTests.ChatRoom.Controls VerifyOnlyOneSpinningDonutPerChat" />
    </UnitTest>
    <UnitTest name="TFSTests.ChatRoom.Controls VerifyMessageDisplayedWhenNewDayBeginsWithANewMessage" storage="d:\v2.0\a1\_work\dbded102\vso\tfs\service\webaccess\chat\chat\testscripts\tests\tfstests.chatroom.controls.ts" id="81d87376-ac39-47ba-9b08-0d4158c1a21f">
      <Execution id="4e7379f3-a01a-4226-928c-46079dfed2f8" />
      <TestMethod codeBase="d:\v2.0\a1\_work\dbded102\vso\tfs\service\webaccess\chat\chat\testscripts\tests\tfstests.chatroom.controls.ts" adapterTypeName="Microsoft.VisualStudio.TestTools.TestTypes.Unit.UnitTestAdapter" className="d:\v2.0\a1\_work\dbded102\vso\tfs\service\webaccess\chat\chat\testscripts\tests\tfstests.chatroom.controls.ts::tfstests.chatroom" name="TFSTests.ChatRoom.Controls VerifyMessageDisplayedWhenNewDayBeginsWithANewMessage" />
    </UnitTest>
    <UnitTest name="TFSTests.ChatRoom.Controls VerifyDateChangedWhenNewDayBeginsWithANewMessage" storage="d:\v2.0\a1\_work\dbded102\vso\tfs\service\webaccess\chat\chat\testscripts\tests\tfstests.chatroom.controls.ts" id="3e197a74-5054-4b86-9f30-298c4b0650aa">
      <Execution id="0a741ce4-5b01-40fb-aae0-491698f4b7c0" />
      <TestMethod codeBase="d:\v2.0\a1\_work\dbded102\vso\tfs\service\webaccess\chat\chat\testscripts\tests\tfstests.chatroom.controls.ts" adapterTypeName="Microsoft.VisualStudio.TestTools.TestTypes.Unit.UnitTestAdapter" className="d:\v2.0\a1\_work\dbded102\vso\tfs\service\webaccess\chat\chat\testscripts\tests\tfstests.chatroom.controls.ts::tfstests.chatroom" name="TFSTests.ChatRoom.Controls VerifyDateChangedWhenNewDayBeginsWithANewMessage" />
    </UnitTest>
    <UnitTest name="TFSTests.ChatRoom.Controls VerifyCreateEmojiPicker" storage="d:\v2.0\a1\_work\dbded102\vso\tfs\service\webaccess\chat\chat\testscripts\tests\tfstests.chatroom.controls.ts" id="02bc92cc-792b-41b8-b6df-a815cdbdfc4b">
      <Execution id="dd8bc08c-6f11-4148-90af-bd57c65b6bf1" />
      <TestMethod codeBase="d:\v2.0\a1\_work\dbded102\vso\tfs\service\webaccess\chat\chat\testscripts\tests\tfstests.chatroom.controls.ts" adapterTypeName="Microsoft.VisualStudio.TestTools.TestTypes.Unit.UnitTestAdapter" className="d:\v2.0\a1\_work\dbded102\vso\tfs\service\webaccess\chat\chat\testscripts\tests\tfstests.chatroom.controls.ts::tfstests.chatroom" name="TFSTests.ChatRoom.Controls VerifyCreateEmojiPicker" />
    </UnitTest>
    <UnitTest name="TFSTests.ChatRoom.Controls VerifyClickEmojiButtonCreatesIconSelector" storage="d:\v2.0\a1\_work\dbded102\vso\tfs\service\webaccess\chat\chat\testscripts\tests\tfstests.chatroom.controls.ts" id="46ac8820-b1f0-476a-b4df-df50dee11793">
      <Execution id="b1710c02-b87b-4e4f-af68-e06cf8ea6bfe" />
      <TestMethod codeBase="d:\v2.0\a1\_work\dbded102\vso\tfs\service\webaccess\chat\chat\testscripts\tests\tfstests.chatroom.controls.ts" adapterTypeName="Microsoft.VisualStudio.TestTools.TestTypes.Unit.UnitTestAdapter" className="d:\v2.0\a1\_work\dbded102\vso\tfs\service\webaccess\chat\chat\testscripts\tests\tfstests.chatroom.controls.ts::tfstests.chatroom" name="TFSTests.ChatRoom.Controls VerifyClickEmojiButtonCreatesIconSelector" />
    </UnitTest>
    <UnitTest name="TFSTests.ChatRoom.Controls VerifyIconSelectorLoadsAllIcons" storage="d:\v2.0\a1\_work\dbded102\vso\tfs\service\webaccess\chat\chat\testscripts\tests\tfstests.chatroom.controls.ts" id="dafaad28-cb35-45ad-a8dc-11f4fbcda764">
      <Execution id="1671e171-c2af-4095-98ec-e9406795c06d" />
      <TestMethod codeBase="d:\v2.0\a1\_work\dbded102\vso\tfs\service\webaccess\chat\chat\testscripts\tests\tfstests.chatroom.controls.ts" adapterTypeName="Microsoft.VisualStudio.TestTools.TestTypes.Unit.UnitTestAdapter" className="d:\v2.0\a1\_work\dbded102\vso\tfs\service\webaccess\chat\chat\testscripts\tests\tfstests.chatroom.controls.ts::tfstests.chatroom" name="TFSTests.ChatRoom.Controls VerifyIconSelectorLoadsAllIcons" />
    </UnitTest>
    <UnitTest name="TFSTests.ChatRoom.Controls VerifyIconSelectorMouseMove" storage="d:\v2.0\a1\_work\dbded102\vso\tfs\service\webaccess\chat\chat\testscripts\tests\tfstests.chatroom.controls.ts" id="009c6753-3e77-49bf-aa21-81c314579724">
      <Execution id="692639bf-dc24-4110-af1d-49f329a6268b" />
      <TestMethod codeBase="d:\v2.0\a1\_work\dbded102\vso\tfs\service\webaccess\chat\chat\testscripts\tests\tfstests.chatroom.controls.ts" adapterTypeName="Microsoft.VisualStudio.TestTools.TestTypes.Unit.UnitTestAdapter" className="d:\v2.0\a1\_work\dbded102\vso\tfs\service\webaccess\chat\chat\testscripts\tests\tfstests.chatroom.controls.ts::tfstests.chatroom" name="TFSTests.ChatRoom.Controls VerifyIconSelectorMouseMove" />
    </UnitTest>
    <UnitTest name="TFSTests.ChatRoom.Controls VerifyIconSelectorClick" storage="d:\v2.0\a1\_work\dbded102\vso\tfs\service\webaccess\chat\chat\testscripts\tests\tfstests.chatroom.controls.ts" id="6e2a36ac-ab94-467e-9ae5-88b4208da3b7">
      <Execution id="c93e9030-8c07-49ee-b4aa-1254077a55c6" />
      <TestMethod codeBase="d:\v2.0\a1\_work\dbded102\vso\tfs\service\webaccess\chat\chat\testscripts\tests\tfstests.chatroom.controls.ts" adapterTypeName="Microsoft.VisualStudio.TestTools.TestTypes.Unit.UnitTestAdapter" className="d:\v2.0\a1\_work\dbded102\vso\tfs\service\webaccess\chat\chat\testscripts\tests\tfstests.chatroom.controls.ts::tfstests.chatroom" name="TFSTests.ChatRoom.Controls VerifyIconSelectorClick" />
    </UnitTest>
    <UnitTest name="TFSTests.ChatRoom.Controls VerifyIconSelectorLeftKey-FirstElement" storage="d:\v2.0\a1\_work\dbded102\vso\tfs\service\webaccess\chat\chat\testscripts\tests\tfstests.chatroom.controls.ts" id="e8781a7a-8842-465a-9bc6-80a1059e1912">
      <Execution id="bc9ac9ee-2db1-45b7-9230-c0081cd832ef" />
      <TestMethod codeBase="d:\v2.0\a1\_work\dbded102\vso\tfs\service\webaccess\chat\chat\testscripts\tests\tfstests.chatroom.controls.ts" adapterTypeName="Microsoft.VisualStudio.TestTools.TestTypes.Unit.UnitTestAdapter" className="d:\v2.0\a1\_work\dbded102\vso\tfs\service\webaccess\chat\chat\testscripts\tests\tfstests.chatroom.controls.ts::tfstests.chatroom" name="TFSTests.ChatRoom.Controls VerifyIconSelectorLeftKey-FirstElement" />
    </UnitTest>
    <UnitTest name="TFSTests.ChatRoom.Controls VerifyIconSelectorRightKey-LastElement" storage="d:\v2.0\a1\_work\dbded102\vso\tfs\service\webaccess\chat\chat\testscripts\tests\tfstests.chatroom.controls.ts" id="f9c08566-8380-4601-87d6-64ca3109e787">
      <Execution id="531ca8c4-d072-476b-bde1-e1b59eae7408" />
      <TestMethod codeBase="d:\v2.0\a1\_work\dbded102\vso\tfs\service\webaccess\chat\chat\testscripts\tests\tfstests.chatroom.controls.ts" adapterTypeName="Microsoft.VisualStudio.TestTools.TestTypes.Unit.UnitTestAdapter" className="d:\v2.0\a1\_work\dbded102\vso\tfs\service\webaccess\chat\chat\testscripts\tests\tfstests.chatroom.controls.ts::tfstests.chatroom" name="TFSTests.ChatRoom.Controls VerifyIconSelectorRightKey-LastElement" />
    </UnitTest>
    <UnitTest name="TFSTests.ChatRoom.Controls VerifyIconSelectorDownKey-SkipEmptyRow" storage="d:\v2.0\a1\_work\dbded102\vso\tfs\service\webaccess\chat\chat\testscripts\tests\tfstests.chatroom.controls.ts" id="15b30057-1e96-499c-8f3e-4d5663f1628e">
      <Execution id="0a573e1e-5473-4b85-9463-96b6ddd9b930" />
      <TestMethod codeBase="d:\v2.0\a1\_work\dbded102\vso\tfs\service\webaccess\chat\chat\testscripts\tests\tfstests.chatroom.controls.ts" adapterTypeName="Microsoft.VisualStudio.TestTools.TestTypes.Unit.UnitTestAdapter" className="d:\v2.0\a1\_work\dbded102\vso\tfs\service\webaccess\chat\chat\testscripts\tests\tfstests.chatroom.controls.ts::tfstests.chatroom" name="TFSTests.ChatRoom.Controls VerifyIconSelectorDownKey-SkipEmptyRow" />
    </UnitTest>
    <UnitTest name="TFSTests.ChatRoom.Controls VerifyIconSelectorUpKey-SkipEmptyRow" storage="d:\v2.0\a1\_work\dbded102\vso\tfs\service\webaccess\chat\chat\testscripts\tests\tfstests.chatroom.controls.ts" id="67b13f0a-df38-468a-9660-6ccdb1558fff">
      <Execution id="1cc055ec-9cd5-4aa1-8011-cec6ee11b19a" />
      <TestMethod codeBase="d:\v2.0\a1\_work\dbded102\vso\tfs\service\webaccess\chat\chat\testscripts\tests\tfstests.chatroom.controls.ts" adapterTypeName="Microsoft.VisualStudio.TestTools.TestTypes.Unit.UnitTestAdapter" className="d:\v2.0\a1\_work\dbded102\vso\tfs\service\webaccess\chat\chat\testscripts\tests\tfstests.chatroom.controls.ts::tfstests.chatroom" name="TFSTests.ChatRoom.Controls VerifyIconSelectorUpKey-SkipEmptyRow" />
    </UnitTest>
    <UnitTest name="TFSTests.ChatRoom.Controls VerifyCanGetWindowHash" storage="d:\v2.0\a1\_work\dbded102\vso\tfs\service\webaccess\chat\chat\testscripts\tests\tfstests.chatroom.controls.ts" id="2c4d7892-5983-4ed5-bd0a-bdcd4a2f9c0b">
      <Execution id="23f0fb6d-f8af-46f1-9483-38063abf26a3" />
      <TestMethod codeBase="d:\v2.0\a1\_work\dbded102\vso\tfs\service\webaccess\chat\chat\testscripts\tests\tfstests.chatroom.controls.ts" adapterTypeName="Microsoft.VisualStudio.TestTools.TestTypes.Unit.UnitTestAdapter" className="d:\v2.0\a1\_work\dbded102\vso\tfs\service\webaccess\chat\chat\testscripts\tests\tfstests.chatroom.controls.ts::tfstests.chatroom" name="TFSTests.ChatRoom.Controls VerifyCanGetWindowHash" />
    </UnitTest>
    <UnitTest name="TFSTests.ChatRoom.Controls VerifyCanGetCollectionNameFromHashOfCollectionName" storage="d:\v2.0\a1\_work\dbded102\vso\tfs\service\webaccess\chat\chat\testscripts\tests\tfstests.chatroom.controls.ts" id="430bbe5b-75bc-4097-8920-1d454871d8e8">
      <Execution id="f0e1eeb5-8484-4a33-a8dd-161ae4f952e7" />
      <TestMethod codeBase="d:\v2.0\a1\_work\dbded102\vso\tfs\service\webaccess\chat\chat\testscripts\tests\tfstests.chatroom.controls.ts" adapterTypeName="Microsoft.VisualStudio.TestTools.TestTypes.Unit.UnitTestAdapter" className="d:\v2.0\a1\_work\dbded102\vso\tfs\service\webaccess\chat\chat\testscripts\tests\tfstests.chatroom.controls.ts::tfstests.chatroom" name="TFSTests.ChatRoom.Controls VerifyCanGetCollectionNameFromHashOfCollectionName" />
    </UnitTest>
    <UnitTest name="TFSTests.ChatRoom.Controls VerifyCanGetCollectionNameFromLargeHash" storage="d:\v2.0\a1\_work\dbded102\vso\tfs\service\webaccess\chat\chat\testscripts\tests\tfstests.chatroom.controls.ts" id="8bcedab7-74ba-4530-8ae9-bbc53f921a14">
      <Execution id="820eb581-709d-4647-9be8-decd9607a563" />
      <TestMethod codeBase="d:\v2.0\a1\_work\dbded102\vso\tfs\service\webaccess\chat\chat\testscripts\tests\tfstests.chatroom.controls.ts" adapterTypeName="Microsoft.VisualStudio.TestTools.TestTypes.Unit.UnitTestAdapter" className="d:\v2.0\a1\_work\dbded102\vso\tfs\service\webaccess\chat\chat\testscripts\tests\tfstests.chatroom.controls.ts::tfstests.chatroom" name="TFSTests.ChatRoom.Controls VerifyCanGetCollectionNameFromLargeHash" />
    </UnitTest>
    <UnitTest name="TFSTests.ChatRoom.Controls VerifyCanNotGetCollectionNameFromEmptyHash" storage="d:\v2.0\a1\_work\dbded102\vso\tfs\service\webaccess\chat\chat\testscripts\tests\tfstests.chatroom.controls.ts" id="5a9d5b08-f7e1-456b-a57b-8c24a1556b32">
      <Execution id="0b6a3c5a-e9b5-4e3e-b12f-609e79ae4195" />
      <TestMethod codeBase="d:\v2.0\a1\_work\dbded102\vso\tfs\service\webaccess\chat\chat\testscripts\tests\tfstests.chatroom.controls.ts" adapterTypeName="Microsoft.VisualStudio.TestTools.TestTypes.Unit.UnitTestAdapter" className="d:\v2.0\a1\_work\dbded102\vso\tfs\service\webaccess\chat\chat\testscripts\tests\tfstests.chatroom.controls.ts::tfstests.chatroom" name="TFSTests.ChatRoom.Controls VerifyCanNotGetCollectionNameFromEmptyHash" />
    </UnitTest>
    <UnitTest name="TFSTests.ChatRoom.Controls VerifyCollectionDataIsRetrievedFromTheServer" storage="d:\v2.0\a1\_work\dbded102\vso\tfs\service\webaccess\chat\chat\testscripts\tests\tfstests.chatroom.controls.ts" id="722da410-396d-4180-9f11-9d9b5dda83ec">
      <Execution id="afde68c6-28a3-4090-8cb4-d9e0f8fb306a" />
      <TestMethod codeBase="d:\v2.0\a1\_work\dbded102\vso\tfs\service\webaccess\chat\chat\testscripts\tests\tfstests.chatroom.controls.ts" adapterTypeName="Microsoft.VisualStudio.TestTools.TestTypes.Unit.UnitTestAdapter" className="d:\v2.0\a1\_work\dbded102\vso\tfs\service\webaccess\chat\chat\testscripts\tests\tfstests.chatroom.controls.ts::tfstests.chatroom" name="TFSTests.ChatRoom.Controls VerifyCollectionDataIsRetrievedFromTheServer" />
    </UnitTest>
    <UnitTest name="TFSTests.ChatRoom.Controls VerifyCollectionContextIsRetrievedFromTheHashWhenRequestingContext" storage="d:\v2.0\a1\_work\dbded102\vso\tfs\service\webaccess\chat\chat\testscripts\tests\tfstests.chatroom.controls.ts" id="8969c9de-e330-4c2c-b608-a61fe8e213fa">
      <Execution id="54e5e211-024a-4c34-af1e-65d89b3cab50" />
      <TestMethod codeBase="d:\v2.0\a1\_work\dbded102\vso\tfs\service\webaccess\chat\chat\testscripts\tests\tfstests.chatroom.controls.ts" adapterTypeName="Microsoft.VisualStudio.TestTools.TestTypes.Unit.UnitTestAdapter" className="d:\v2.0\a1\_work\dbded102\vso\tfs\service\webaccess\chat\chat\testscripts\tests\tfstests.chatroom.controls.ts::tfstests.chatroom" name="TFSTests.ChatRoom.Controls VerifyCollectionContextIsRetrievedFromTheHashWhenRequestingContext" />
    </UnitTest>
    <UnitTest name="TFSTests.ChatRoom.Controls VerifyCollectionContextIsRetrievedFromTheServerWhenRequestingContext" storage="d:\v2.0\a1\_work\dbded102\vso\tfs\service\webaccess\chat\chat\testscripts\tests\tfstests.chatroom.controls.ts" id="55ebf05c-e045-4600-bb98-1e06911f596d">
      <Execution id="f255fa2b-8e87-4872-bff3-9676e1299e6d" />
      <TestMethod codeBase="d:\v2.0\a1\_work\dbded102\vso\tfs\service\webaccess\chat\chat\testscripts\tests\tfstests.chatroom.controls.ts" adapterTypeName="Microsoft.VisualStudio.TestTools.TestTypes.Unit.UnitTestAdapter" className="d:\v2.0\a1\_work\dbded102\vso\tfs\service\webaccess\chat\chat\testscripts\tests\tfstests.chatroom.controls.ts::tfstests.chatroom" name="TFSTests.ChatRoom.Controls VerifyCollectionContextIsRetrievedFromTheServerWhenRequestingContext" />
    </UnitTest>
    <UnitTest name="TFSTests.ChatRoom.Controls VerifyCanGetCollectionIdFromName" storage="d:\v2.0\a1\_work\dbded102\vso\tfs\service\webaccess\chat\chat\testscripts\tests\tfstests.chatroom.controls.ts" id="b9fcbab3-8fde-484b-aeb3-95ed45d844bf">
      <Execution id="69cefaf3-5d0f-4a77-90d8-cc4002b282ba" />
      <TestMethod codeBase="d:\v2.0\a1\_work\dbded102\vso\tfs\service\webaccess\chat\chat\testscripts\tests\tfstests.chatroom.controls.ts" adapterTypeName="Microsoft.VisualStudio.TestTools.TestTypes.Unit.UnitTestAdapter" className="d:\v2.0\a1\_work\dbded102\vso\tfs\service\webaccess\chat\chat\testscripts\tests\tfstests.chatroom.controls.ts::tfstests.chatroom" name="TFSTests.ChatRoom.Controls VerifyCanGetCollectionIdFromName" />
    </UnitTest>
    <UnitTest name="TFSTests.ChatRoom.Controls VerifyThatIfTheCollectionIdCanNotBeFoundWeFallBackToValidCollection" storage="d:\v2.0\a1\_work\dbded102\vso\tfs\service\webaccess\chat\chat\testscripts\tests\tfstests.chatroom.controls.ts" id="be8669bb-b412-4ccf-9ed8-dd6654ff6639">
      <Execution id="e907941a-d0e2-4e71-9caa-165e76898caa" />
      <TestMethod codeBase="d:\v2.0\a1\_work\dbded102\vso\tfs\service\webaccess\chat\chat\testscripts\tests\tfstests.chatroom.controls.ts" adapterTypeName="Microsoft.VisualStudio.TestTools.TestTypes.Unit.UnitTestAdapter" className="d:\v2.0\a1\_work\dbded102\vso\tfs\service\webaccess\chat\chat\testscripts\tests\tfstests.chatroom.controls.ts::tfstests.chatroom" name="TFSTests.ChatRoom.Controls VerifyThatIfTheCollectionIdCanNotBeFoundWeFallBackToValidCollection" />
    </UnitTest>
    <UnitTest name="TFSTests.ChatRoom.Controls VerifyThatWeCanPopulateRoomsForACollection" storage="d:\v2.0\a1\_work\dbded102\vso\tfs\service\webaccess\chat\chat\testscripts\tests\tfstests.chatroom.controls.ts" id="09f22452-6ff5-4edc-8b9f-194d6bb9053d">
      <Execution id="c6a20493-4fa2-40d7-a2f8-f0b2235139fb" />
      <TestMethod codeBase="d:\v2.0\a1\_work\dbded102\vso\tfs\service\webaccess\chat\chat\testscripts\tests\tfstests.chatroom.controls.ts" adapterTypeName="Microsoft.VisualStudio.TestTools.TestTypes.Unit.UnitTestAdapter" className="d:\v2.0\a1\_work\dbded102\vso\tfs\service\webaccess\chat\chat\testscripts\tests\tfstests.chatroom.controls.ts::tfstests.chatroom" name="TFSTests.ChatRoom.Controls VerifyThatWeCanPopulateRoomsForACollection" />
    </UnitTest>
    <UnitTest name="TFSTests.ChatRoom.Controls VerifyThatWeCanFindARoomBasedOnRoomName" storage="d:\v2.0\a1\_work\dbded102\vso\tfs\service\webaccess\chat\chat\testscripts\tests\tfstests.chatroom.controls.ts" id="0de1e890-e869-4413-b288-1674cf4ebfe4">
      <Execution id="6ff87507-7829-4d59-bcf2-11724a04d915" />
      <TestMethod codeBase="d:\v2.0\a1\_work\dbded102\vso\tfs\service\webaccess\chat\chat\testscripts\tests\tfstests.chatroom.controls.ts" adapterTypeName="Microsoft.VisualStudio.TestTools.TestTypes.Unit.UnitTestAdapter" className="d:\v2.0\a1\_work\dbded102\vso\tfs\service\webaccess\chat\chat\testscripts\tests\tfstests.chatroom.controls.ts::tfstests.chatroom" name="TFSTests.ChatRoom.Controls VerifyThatWeCanFindARoomBasedOnRoomName" />
    </UnitTest>
    <UnitTest name="TFSTests.ChatRoom.Controls VerifyThatTheFirstRoomIsSelectedIfItCantFindTheDesiredRoom" storage="d:\v2.0\a1\_work\dbded102\vso\tfs\service\webaccess\chat\chat\testscripts\tests\tfstests.chatroom.controls.ts" id="8ddc1079-a395-4962-b29d-5143e48e9b46">
      <Execution id="21bc926b-2bac-4284-bffd-47dce479697a" />
      <TestMethod codeBase="d:\v2.0\a1\_work\dbded102\vso\tfs\service\webaccess\chat\chat\testscripts\tests\tfstests.chatroom.controls.ts" adapterTypeName="Microsoft.VisualStudio.TestTools.TestTypes.Unit.UnitTestAdapter" className="d:\v2.0\a1\_work\dbded102\vso\tfs\service\webaccess\chat\chat\testscripts\tests\tfstests.chatroom.controls.ts::tfstests.chatroom" name="TFSTests.ChatRoom.Controls VerifyThatTheFirstRoomIsSelectedIfItCantFindTheDesiredRoom" />
    </UnitTest>
    <UnitTest name="TFSTests.ChatRoom.Controls VerifyThatWeCanGetRoomsForACollection" storage="d:\v2.0\a1\_work\dbded102\vso\tfs\service\webaccess\chat\chat\testscripts\tests\tfstests.chatroom.controls.ts" id="41236b53-b708-4980-9969-b88edcd12d2d">
      <Execution id="69049885-4329-45df-8abf-baee49793e7e" />
      <TestMethod codeBase="d:\v2.0\a1\_work\dbded102\vso\tfs\service\webaccess\chat\chat\testscripts\tests\tfstests.chatroom.controls.ts" adapterTypeName="Microsoft.VisualStudio.TestTools.TestTypes.Unit.UnitTestAdapter" className="d:\v2.0\a1\_work\dbded102\vso\tfs\service\webaccess\chat\chat\testscripts\tests\tfstests.chatroom.controls.ts::tfstests.chatroom" name="TFSTests.ChatRoom.Controls VerifyThatWeCanGetRoomsForACollection" />
    </UnitTest>
    <UnitTest name="TFSTests.ChatRoom.Controls VerifyTranscriptControlLoadsOnlyPageSizeMessagesInInitialLoad" storage="d:\v2.0\a1\_work\dbded102\vso\tfs\service\webaccess\chat\chat\testscripts\tests\tfstests.chatroom.controls.ts" id="e2f900ad-e59b-482c-bd6a-4f6ef1eacdfa">
      <Execution id="3e7efa08-eeba-4303-be02-3654242c2d8e" />
      <TestMethod codeBase="d:\v2.0\a1\_work\dbded102\vso\tfs\service\webaccess\chat\chat\testscripts\tests\tfstests.chatroom.controls.ts" adapterTypeName="Microsoft.VisualStudio.TestTools.TestTypes.Unit.UnitTestAdapter" className="d:\v2.0\a1\_work\dbded102\vso\tfs\service\webaccess\chat\chat\testscripts\tests\tfstests.chatroom.controls.ts::tfstests.chatroom" name="TFSTests.ChatRoom.Controls VerifyTranscriptControlLoadsOnlyPageSizeMessagesInInitialLoad" />
    </UnitTest>
    <UnitTest name="TFSTests.ChatRoom.AlertsView Will add existing alerts for basic templates if they do exist" storage="d:\v2.0\a1\_work\dbded102\vso\tfs\service\webaccess\chat\chat\testscripts\tests\tfstests.chatroom.controls.ts" id="cf781735-e862-422e-af02-31590b1f7882">
      <Execution id="4fac823a-7a42-4595-9b1a-6d1472c62c27" />
      <TestMethod codeBase="d:\v2.0\a1\_work\dbded102\vso\tfs\service\webaccess\chat\chat\testscripts\tests\tfstests.chatroom.controls.ts" adapterTypeName="Microsoft.VisualStudio.TestTools.TestTypes.Unit.UnitTestAdapter" className="d:\v2.0\a1\_work\dbded102\vso\tfs\service\webaccess\chat\chat\testscripts\tests\tfstests.chatroom.controls.ts::tfstests.chatroom" name="TFSTests.ChatRoom.AlertsView Will add existing alerts for basic templates if they do exist" />
    </UnitTest>
    <UnitTest name="TFSTests.ChatRoom.AlertsView Will add build alerts from team default if they do not exist" storage="d:\v2.0\a1\_work\dbded102\vso\tfs\service\webaccess\chat\chat\testscripts\tests\tfstests.chatroom.controls.ts" id="4007c4ac-7c1d-4162-83b0-5e899010ac8b">
      <Execution id="39122a33-246b-4216-95a6-0c2ca00794c0" />
      <TestMethod codeBase="d:\v2.0\a1\_work\dbded102\vso\tfs\service\webaccess\chat\chat\testscripts\tests\tfstests.chatroom.controls.ts" adapterTypeName="Microsoft.VisualStudio.TestTools.TestTypes.Unit.UnitTestAdapter" className="d:\v2.0\a1\_work\dbded102\vso\tfs\service\webaccess\chat\chat\testscripts\tests\tfstests.chatroom.controls.ts::tfstests.chatroom" name="TFSTests.ChatRoom.AlertsView Will add build alerts from team default if they do not exist" />
    </UnitTest>
    <UnitTest name="TFSTests.ChatRoom.AlertsView Will add build alerts from team default if they do exist" storage="d:\v2.0\a1\_work\dbded102\vso\tfs\service\webaccess\chat\chat\testscripts\tests\tfstests.chatroom.controls.ts" id="17aa54f5-6b8e-4d47-abc4-4f48d887a20e">
      <Execution id="393d3d8e-c9b3-49e0-9264-cf633c9d0dfd" />
      <TestMethod codeBase="d:\v2.0\a1\_work\dbded102\vso\tfs\service\webaccess\chat\chat\testscripts\tests\tfstests.chatroom.controls.ts" adapterTypeName="Microsoft.VisualStudio.TestTools.TestTypes.Unit.UnitTestAdapter" className="d:\v2.0\a1\_work\dbded102\vso\tfs\service\webaccess\chat\chat\testscripts\tests\tfstests.chatroom.controls.ts::tfstests.chatroom" name="TFSTests.ChatRoom.AlertsView Will add build alerts from team default if they do exist" />
    </UnitTest>
    <UnitTest name="TFSTests.ChatRoom.AlertsView Will remove dirty code change alerts for git projects" storage="d:\v2.0\a1\_work\dbded102\vso\tfs\service\webaccess\chat\chat\testscripts\tests\tfstests.chatroom.controls.ts" id="ba0e58da-cbbd-4c79-b71d-17ccf0850d60">
      <Execution id="413da5b4-8f25-4825-8246-e48603423c6c" />
      <TestMethod codeBase="d:\v2.0\a1\_work\dbded102\vso\tfs\service\webaccess\chat\chat\testscripts\tests\tfstests.chatroom.controls.ts" adapterTypeName="Microsoft.VisualStudio.TestTools.TestTypes.Unit.UnitTestAdapter" className="d:\v2.0\a1\_work\dbded102\vso\tfs\service\webaccess\chat\chat\testscripts\tests\tfstests.chatroom.controls.ts::tfstests.chatroom" name="TFSTests.ChatRoom.AlertsView Will remove dirty code change alerts for git projects" />
    </UnitTest>
    <UnitTest name="TFSTests.ChatRoom.AlertsView Will place git events in code change section" storage="d:\v2.0\a1\_work\dbded102\vso\tfs\service\webaccess\chat\chat\testscripts\tests\tfstests.chatroom.controls.ts" id="2a9b1022-ae5a-4fb8-9c02-db0b61383440">
      <Execution id="2dab8683-fe82-4444-8d8b-a9d215aa70a7" />
      <TestMethod codeBase="d:\v2.0\a1\_work\dbded102\vso\tfs\service\webaccess\chat\chat\testscripts\tests\tfstests.chatroom.controls.ts" adapterTypeName="Microsoft.VisualStudio.TestTools.TestTypes.Unit.UnitTestAdapter" className="d:\v2.0\a1\_work\dbded102\vso\tfs\service\webaccess\chat\chat\testscripts\tests\tfstests.chatroom.controls.ts::tfstests.chatroom" name="TFSTests.ChatRoom.AlertsView Will place git events in code change section" />
    </UnitTest>
    <UnitTest name="TFSTests.ChatRoom.AlertsView Will throw error if alert exists and error is cleaned up after error alert is removed" storage="d:\v2.0\a1\_work\dbded102\vso\tfs\service\webaccess\chat\chat\testscripts\tests\tfstests.chatroom.controls.ts" id="cacb8b2c-22d4-41b5-9148-7e488836d721">
      <Execution id="cd2287e9-4d7e-4228-8fa6-4328b8e49a6a" />
      <TestMethod codeBase="d:\v2.0\a1\_work\dbded102\vso\tfs\service\webaccess\chat\chat\testscripts\tests\tfstests.chatroom.controls.ts" adapterTypeName="Microsoft.VisualStudio.TestTools.TestTypes.Unit.UnitTestAdapter" className="d:\v2.0\a1\_work\dbded102\vso\tfs\service\webaccess\chat\chat\testscripts\tests\tfstests.chatroom.controls.ts::tfstests.chatroom" name="TFSTests.ChatRoom.AlertsView Will throw error if alert exists and error is cleaned up after error alert is removed" />
    </UnitTest>
    <UnitTest name="TFSTests.ChatRoom.AlertsView Will not throw error if alert does not exist" storage="d:\v2.0\a1\_work\dbded102\vso\tfs\service\webaccess\chat\chat\testscripts\tests\tfstests.chatroom.controls.ts" id="8f41d39c-500e-4207-8b6f-a5532f5c8150">
      <Execution id="f0db9c7c-174e-40b4-948b-78d57b39185d" />
      <TestMethod codeBase="d:\v2.0\a1\_work\dbded102\vso\tfs\service\webaccess\chat\chat\testscripts\tests\tfstests.chatroom.controls.ts" adapterTypeName="Microsoft.VisualStudio.TestTools.TestTypes.Unit.UnitTestAdapter" className="d:\v2.0\a1\_work\dbded102\vso\tfs\service\webaccess\chat\chat\testscripts\tests\tfstests.chatroom.controls.ts::tfstests.chatroom" name="TFSTests.ChatRoom.AlertsView Will not throw error if alert does not exist" />
    </UnitTest>
    <UnitTest name="TFSTests.ChatRoom.AlertsView Will not change URL on clicking hyperlinks" storage="d:\v2.0\a1\_work\dbded102\vso\tfs\service\webaccess\chat\chat\testscripts\tests\tfstests.chatroom.controls.ts" id="32f2ff7d-9e12-4582-8820-0d0fdcd81433">
      <Execution id="2b07d947-e0bf-474b-9659-9ae667644ad0" />
      <TestMethod codeBase="d:\v2.0\a1\_work\dbded102\vso\tfs\service\webaccess\chat\chat\testscripts\tests\tfstests.chatroom.controls.ts" adapterTypeName="Microsoft.VisualStudio.TestTools.TestTypes.Unit.UnitTestAdapter" className="d:\v2.0\a1\_work\dbded102\vso\tfs\service\webaccess\chat\chat\testscripts\tests\tfstests.chatroom.controls.ts::tfstests.chatroom" name="TFSTests.ChatRoom.AlertsView Will not change URL on clicking hyperlinks" />
    </UnitTest>
    <UnitTest name="TFSTests.ChatRoom.AlertsView Will update AreaPath Project Name to Project Guid" storage="d:\v2.0\a1\_work\dbded102\vso\tfs\service\webaccess\chat\chat\testscripts\tests\tfstests.chatroom.controls.ts" id="1e0f7135-7f0d-4891-96ac-9be112ade6b3">
      <Execution id="7856eaa5-ab76-46e0-a870-f537fc383da3" />
      <TestMethod codeBase="d:\v2.0\a1\_work\dbded102\vso\tfs\service\webaccess\chat\chat\testscripts\tests\tfstests.chatroom.controls.ts" adapterTypeName="Microsoft.VisualStudio.TestTools.TestTypes.Unit.UnitTestAdapter" className="d:\v2.0\a1\_work\dbded102\vso\tfs\service\webaccess\chat\chat\testscripts\tests\tfstests.chatroom.controls.ts::tfstests.chatroom" name="TFSTests.ChatRoom.AlertsView Will update AreaPath Project Name to Project Guid" />
    </UnitTest>
    <UnitTest name="TFSTests.ChatRoom.Renderers IsRendererCreatedForNormalMessageType" storage="d:\v2.0\a1\_work\dbded102\vso\tfs\service\webaccess\chat\chat\testscripts\tests\tfstests.chatroom.renderers.ts" id="fa2beddf-ce42-495a-b09e-b76fd686b620">
      <Execution id="aea66400-ef82-4eef-b2dd-b01190c5602d" />
      <TestMethod codeBase="d:\v2.0\a1\_work\dbded102\vso\tfs\service\webaccess\chat\chat\testscripts\tests\tfstests.chatroom.renderers.ts" adapterTypeName="Microsoft.VisualStudio.TestTools.TestTypes.Unit.UnitTestAdapter" className="d:\v2.0\a1\_work\dbded102\vso\tfs\service\webaccess\chat\chat\testscripts\tests\tfstests.chatroom.renderers.ts::tfstests.chatroom" name="TFSTests.ChatRoom.Renderers IsRendererCreatedForNormalMessageType" />
    </UnitTest>
    <UnitTest name="TFSTests.ChatRoom.Renderers IsRendererCreatedForSystemMessageType" storage="d:\v2.0\a1\_work\dbded102\vso\tfs\service\webaccess\chat\chat\testscripts\tests\tfstests.chatroom.renderers.ts" id="e4c2d2b0-b22e-4c41-8a26-721a59a89d96">
      <Execution id="4fd8abbe-88b4-4caa-9f7e-2d0e78ed996c" />
      <TestMethod codeBase="d:\v2.0\a1\_work\dbded102\vso\tfs\service\webaccess\chat\chat\testscripts\tests\tfstests.chatroom.renderers.ts" adapterTypeName="Microsoft.VisualStudio.TestTools.TestTypes.Unit.UnitTestAdapter" className="d:\v2.0\a1\_work\dbded102\vso\tfs\service\webaccess\chat\chat\testscripts\tests\tfstests.chatroom.renderers.ts::tfstests.chatroom" name="TFSTests.ChatRoom.Renderers IsRendererCreatedForSystemMessageType" />
    </UnitTest>
    <UnitTest name="TFSTests.ChatRoom.Renderers IsRendererCreatedForWitNotifications" storage="d:\v2.0\a1\_work\dbded102\vso\tfs\service\webaccess\chat\chat\testscripts\tests\tfstests.chatroom.renderers.ts" id="62151334-1cf8-41b8-b86e-0f49a06c502e">
      <Execution id="bf7369a3-1c53-45a6-bd30-ee03a6413adf" />
      <TestMethod codeBase="d:\v2.0\a1\_work\dbded102\vso\tfs\service\webaccess\chat\chat\testscripts\tests\tfstests.chatroom.renderers.ts" adapterTypeName="Microsoft.VisualStudio.TestTools.TestTypes.Unit.UnitTestAdapter" className="d:\v2.0\a1\_work\dbded102\vso\tfs\service\webaccess\chat\chat\testscripts\tests\tfstests.chatroom.renderers.ts::tfstests.chatroom" name="TFSTests.ChatRoom.Renderers IsRendererCreatedForWitNotifications" />
    </UnitTest>
    <UnitTest name="TFSTests.ChatRoom.Renderers IsRendererCreatedForBuildNotifications" storage="d:\v2.0\a1\_work\dbded102\vso\tfs\service\webaccess\chat\chat\testscripts\tests\tfstests.chatroom.renderers.ts" id="ff5ac287-b553-4fb4-a06a-109e02c69b4e">
      <Execution id="6229b62a-62fc-4316-b334-f3178c20b5fc" />
      <TestMethod codeBase="d:\v2.0\a1\_work\dbded102\vso\tfs\service\webaccess\chat\chat\testscripts\tests\tfstests.chatroom.renderers.ts" adapterTypeName="Microsoft.VisualStudio.TestTools.TestTypes.Unit.UnitTestAdapter" className="d:\v2.0\a1\_work\dbded102\vso\tfs\service\webaccess\chat\chat\testscripts\tests\tfstests.chatroom.renderers.ts::tfstests.chatroom" name="TFSTests.ChatRoom.Renderers IsRendererCreatedForBuildNotifications" />
    </UnitTest>
    <UnitTest name="TFSTests.ChatRoom.Renderers IsRendererCreatedForGitNotifications" storage="d:\v2.0\a1\_work\dbded102\vso\tfs\service\webaccess\chat\chat\testscripts\tests\tfstests.chatroom.renderers.ts" id="6264cbc7-acac-44d2-852d-689a20b36d63">
      <Execution id="13239222-f383-4383-9d2b-510b6bd676f0" />
      <TestMethod codeBase="d:\v2.0\a1\_work\dbded102\vso\tfs\service\webaccess\chat\chat\testscripts\tests\tfstests.chatroom.renderers.ts" adapterTypeName="Microsoft.VisualStudio.TestTools.TestTypes.Unit.UnitTestAdapter" className="d:\v2.0\a1\_work\dbded102\vso\tfs\service\webaccess\chat\chat\testscripts\tests\tfstests.chatroom.renderers.ts::tfstests.chatroom" name="TFSTests.ChatRoom.Renderers IsRendererCreatedForGitNotifications" />
    </UnitTest>
    <UnitTest name="TFSTests.ChatRoom.Renderers IsRendererCreatedForCheckinNotifications" storage="d:\v2.0\a1\_work\dbded102\vso\tfs\service\webaccess\chat\chat\testscripts\tests\tfstests.chatroom.renderers.ts" id="c77995f1-7d0a-4150-ad00-1bfb1ca190f3">
      <Execution id="5a14308a-3c9a-4868-bff0-157160b62370" />
      <TestMethod codeBase="d:\v2.0\a1\_work\dbded102\vso\tfs\service\webaccess\chat\chat\testscripts\tests\tfstests.chatroom.renderers.ts" adapterTypeName="Microsoft.VisualStudio.TestTools.TestTypes.Unit.UnitTestAdapter" className="d:\v2.0\a1\_work\dbded102\vso\tfs\service\webaccess\chat\chat\testscripts\tests\tfstests.chatroom.renderers.ts::tfstests.chatroom" name="TFSTests.ChatRoom.Renderers IsRendererCreatedForCheckinNotifications" />
    </UnitTest>
    <UnitTest name="TFSTests.ChatRoom.Renderers IsRendererNotReCreatedOnceCreated" storage="d:\v2.0\a1\_work\dbded102\vso\tfs\service\webaccess\chat\chat\testscripts\tests\tfstests.chatroom.renderers.ts" id="5c49a6d2-afcf-4131-aa09-133c241f152a">
      <Execution id="a05b7d15-f311-4452-be4a-bf756639538d" />
      <TestMethod codeBase="d:\v2.0\a1\_work\dbded102\vso\tfs\service\webaccess\chat\chat\testscripts\tests\tfstests.chatroom.renderers.ts" adapterTypeName="Microsoft.VisualStudio.TestTools.TestTypes.Unit.UnitTestAdapter" className="d:\v2.0\a1\_work\dbded102\vso\tfs\service\webaccess\chat\chat\testscripts\tests\tfstests.chatroom.renderers.ts::tfstests.chatroom" name="TFSTests.ChatRoom.Renderers IsRendererNotReCreatedOnceCreated" />
    </UnitTest>
    <UnitTest name="TFSTests.ChatRoom.Renderers IsSystemTextRendererNotReCreatedOnceCreated" storage="d:\v2.0\a1\_work\dbded102\vso\tfs\service\webaccess\chat\chat\testscripts\tests\tfstests.chatroom.renderers.ts" id="f85da359-a31c-40b7-9888-0df42b9e0d40">
      <Execution id="e15edd6e-714d-41bb-a0d1-a8a2c9686280" />
      <TestMethod codeBase="d:\v2.0\a1\_work\dbded102\vso\tfs\service\webaccess\chat\chat\testscripts\tests\tfstests.chatroom.renderers.ts" adapterTypeName="Microsoft.VisualStudio.TestTools.TestTypes.Unit.UnitTestAdapter" className="d:\v2.0\a1\_work\dbded102\vso\tfs\service\webaccess\chat\chat\testscripts\tests\tfstests.chatroom.renderers.ts::tfstests.chatroom" name="TFSTests.ChatRoom.Renderers IsSystemTextRendererNotReCreatedOnceCreated" />
    </UnitTest>
    <UnitTest name="TFSTests.ChatRoom.Renderers IsErrorTextRendererNotReCreatedOnceCreated" storage="d:\v2.0\a1\_work\dbded102\vso\tfs\service\webaccess\chat\chat\testscripts\tests\tfstests.chatroom.renderers.ts" id="0c87cf23-08f0-45a4-bf76-d0f7c197b3b6">
      <Execution id="40fa1006-3ead-4655-909e-7b06ea7a8bbe" />
      <TestMethod codeBase="d:\v2.0\a1\_work\dbded102\vso\tfs\service\webaccess\chat\chat\testscripts\tests\tfstests.chatroom.renderers.ts" adapterTypeName="Microsoft.VisualStudio.TestTools.TestTypes.Unit.UnitTestAdapter" className="d:\v2.0\a1\_work\dbded102\vso\tfs\service\webaccess\chat\chat\testscripts\tests\tfstests.chatroom.renderers.ts::tfstests.chatroom" name="TFSTests.ChatRoom.Renderers IsErrorTextRendererNotReCreatedOnceCreated" />
    </UnitTest>
    <UnitTest name="TFSTests.ChatRoom.Renderers CanRenderErrorMessage" storage="d:\v2.0\a1\_work\dbded102\vso\tfs\service\webaccess\chat\chat\testscripts\tests\tfstests.chatroom.renderers.ts" id="b66700b7-43b0-4b49-ab56-8232d54a726e">
      <Execution id="649f2f4d-157b-4134-92d7-618e2aa7c4c1" />
      <TestMethod codeBase="d:\v2.0\a1\_work\dbded102\vso\tfs\service\webaccess\chat\chat\testscripts\tests\tfstests.chatroom.renderers.ts" adapterTypeName="Microsoft.VisualStudio.TestTools.TestTypes.Unit.UnitTestAdapter" className="d:\v2.0\a1\_work\dbded102\vso\tfs\service\webaccess\chat\chat\testscripts\tests\tfstests.chatroom.renderers.ts::tfstests.chatroom" name="TFSTests.ChatRoom.Renderers CanRenderErrorMessage" />
    </UnitTest>
    <UnitTest name="TFSTests.ChatRoom.Renderers CanRenderSystemMessage" storage="d:\v2.0\a1\_work\dbded102\vso\tfs\service\webaccess\chat\chat\testscripts\tests\tfstests.chatroom.renderers.ts" id="f6f577ea-7020-4662-ae41-3633ac2912a1">
      <Execution id="3889b648-3ed5-4412-8b26-dd54625c91f3" />
      <TestMethod codeBase="d:\v2.0\a1\_work\dbded102\vso\tfs\service\webaccess\chat\chat\testscripts\tests\tfstests.chatroom.renderers.ts" adapterTypeName="Microsoft.VisualStudio.TestTools.TestTypes.Unit.UnitTestAdapter" className="d:\v2.0\a1\_work\dbded102\vso\tfs\service\webaccess\chat\chat\testscripts\tests\tfstests.chatroom.renderers.ts::tfstests.chatroom" name="TFSTests.ChatRoom.Renderers CanRenderSystemMessage" />
    </UnitTest>
    <UnitTest name="TFSTests.ChatRoom.Renderers CanRenderTestResultsInBuildMessage" storage="d:\v2.0\a1\_work\dbded102\vso\tfs\service\webaccess\chat\chat\testscripts\tests\tfstests.chatroom.renderers.ts" id="cbff3b02-144a-49cf-8531-df665cc4e59b">
      <Execution id="1a3d400b-83b9-4627-b22e-3238cd0e8af1" />
      <TestMethod codeBase="d:\v2.0\a1\_work\dbded102\vso\tfs\service\webaccess\chat\chat\testscripts\tests\tfstests.chatroom.renderers.ts" adapterTypeName="Microsoft.VisualStudio.TestTools.TestTypes.Unit.UnitTestAdapter" className="d:\v2.0\a1\_work\dbded102\vso\tfs\service\webaccess\chat\chat\testscripts\tests\tfstests.chatroom.renderers.ts::tfstests.chatroom" name="TFSTests.ChatRoom.Renderers CanRenderTestResultsInBuildMessage" />
    </UnitTest>
    <UnitTest name="TFSTests.ChatRoom.Renderers DontRenderTestResultsWhenBuildIsSuccessful" storage="d:\v2.0\a1\_work\dbded102\vso\tfs\service\webaccess\chat\chat\testscripts\tests\tfstests.chatroom.renderers.ts" id="73c1227e-b0d0-4912-96e3-834085c359a2">
      <Execution id="b10a7dc6-8904-4c83-b224-2a775b2c7db2" />
      <TestMethod codeBase="d:\v2.0\a1\_work\dbded102\vso\tfs\service\webaccess\chat\chat\testscripts\tests\tfstests.chatroom.renderers.ts" adapterTypeName="Microsoft.VisualStudio.TestTools.TestTypes.Unit.UnitTestAdapter" className="d:\v2.0\a1\_work\dbded102\vso\tfs\service\webaccess\chat\chat\testscripts\tests\tfstests.chatroom.renderers.ts::tfstests.chatroom" name="TFSTests.ChatRoom.Renderers DontRenderTestResultsWhenBuildIsSuccessful" />
    </UnitTest>
    <UnitTest name="TFSTests.ChatRoom.MessageProcessor VerifyURLParsing" storage="d:\v2.0\a1\_work\dbded102\vso\tfs\service\webaccess\chat\chat\testscripts\tests\tfstests.chatroom.renderers.ts" id="fe6b8610-df4c-4e16-9b90-92ae1b124385">
      <Execution id="09886ece-0078-4bb0-87fa-a6f745393708" />
      <TestMethod codeBase="d:\v2.0\a1\_work\dbded102\vso\tfs\service\webaccess\chat\chat\testscripts\tests\tfstests.chatroom.renderers.ts" adapterTypeName="Microsoft.VisualStudio.TestTools.TestTypes.Unit.UnitTestAdapter" className="d:\v2.0\a1\_work\dbded102\vso\tfs\service\webaccess\chat\chat\testscripts\tests\tfstests.chatroom.renderers.ts::tfstests.chatroom" name="TFSTests.ChatRoom.MessageProcessor VerifyURLParsing" />
    </UnitTest>
    <UnitTest name="TFSTests.ChatRoom.MessageProcessor VerifyUNCParsing" storage="d:\v2.0\a1\_work\dbded102\vso\tfs\service\webaccess\chat\chat\testscripts\tests\tfstests.chatroom.renderers.ts" id="24034f73-c878-4a57-ab3e-74dd003a9c1a">
      <Execution id="475f899b-f650-4da6-b496-b94e915ac6ad" />
      <TestMethod codeBase="d:\v2.0\a1\_work\dbded102\vso\tfs\service\webaccess\chat\chat\testscripts\tests\tfstests.chatroom.renderers.ts" adapterTypeName="Microsoft.VisualStudio.TestTools.TestTypes.Unit.UnitTestAdapter" className="d:\v2.0\a1\_work\dbded102\vso\tfs\service\webaccess\chat\chat\testscripts\tests\tfstests.chatroom.renderers.ts::tfstests.chatroom" name="TFSTests.ChatRoom.MessageProcessor VerifyUNCParsing" />
    </UnitTest>
    <UnitTest name="TFSTests.ChatRoom.MessageProcessor VerifyEmojiParsing" storage="d:\v2.0\a1\_work\dbded102\vso\tfs\service\webaccess\chat\chat\testscripts\tests\tfstests.chatroom.renderers.ts" id="4e12b3a1-6fdc-4b56-8dc2-7f38e3d3f17d">
      <Execution id="b7b2bcfb-4fdd-4989-b6a9-72d0b16758da" />
      <TestMethod codeBase="d:\v2.0\a1\_work\dbded102\vso\tfs\service\webaccess\chat\chat\testscripts\tests\tfstests.chatroom.renderers.ts" adapterTypeName="Microsoft.VisualStudio.TestTools.TestTypes.Unit.UnitTestAdapter" className="d:\v2.0\a1\_work\dbded102\vso\tfs\service\webaccess\chat\chat\testscripts\tests\tfstests.chatroom.renderers.ts::tfstests.chatroom" name="TFSTests.ChatRoom.MessageProcessor VerifyEmojiParsing" />
    </UnitTest>
    <UnitTest name="TFSTests.ChatRoom.MessageProcessor VerifyWITMentionParsing" storage="d:\v2.0\a1\_work\dbded102\vso\tfs\service\webaccess\chat\chat\testscripts\tests\tfstests.chatroom.renderers.ts" id="8d591ea8-c705-4b36-926d-b5018b51e675">
      <Execution id="f65f67ed-9a6a-449d-9fca-46ded424da52" />
      <TestMethod codeBase="d:\v2.0\a1\_work\dbded102\vso\tfs\service\webaccess\chat\chat\testscripts\tests\tfstests.chatroom.renderers.ts" adapterTypeName="Microsoft.VisualStudio.TestTools.TestTypes.Unit.UnitTestAdapter" className="d:\v2.0\a1\_work\dbded102\vso\tfs\service\webaccess\chat\chat\testscripts\tests\tfstests.chatroom.renderers.ts::tfstests.chatroom" name="TFSTests.ChatRoom.MessageProcessor VerifyWITMentionParsing" />
    </UnitTest>
    <UnitTest name="TFSTests.ChatRoom.MessageProcessor VerifyUserMentionParsing" storage="d:\v2.0\a1\_work\dbded102\vso\tfs\service\webaccess\chat\chat\testscripts\tests\tfstests.chatroom.renderers.ts" id="57190bc9-ee79-4a4a-ab60-33f98a045a5d">
      <Execution id="c2bfac02-4ee1-485a-ae69-d147affb6107" />
      <TestMethod codeBase="d:\v2.0\a1\_work\dbded102\vso\tfs\service\webaccess\chat\chat\testscripts\tests\tfstests.chatroom.renderers.ts" adapterTypeName="Microsoft.VisualStudio.TestTools.TestTypes.Unit.UnitTestAdapter" className="d:\v2.0\a1\_work\dbded102\vso\tfs\service\webaccess\chat\chat\testscripts\tests\tfstests.chatroom.renderers.ts::tfstests.chatroom" name="TFSTests.ChatRoom.MessageProcessor VerifyUserMentionParsing" />
    </UnitTest>
  </TestDefinitions>
  <TestEntries>
    <TestEntry testId="f3294102-0961-427a-8be2-449e7ac31aa1" executionId="1ea36b75-4a7a-46b5-b9a0-8ad45085bd3d" testListId="8c84fa94-04c1-424b-9868-57a2d4851a1d" />
    <TestEntry testId="b33064f6-ba5a-4597-8475-660cb75ed888" executionId="1c2a920e-12f1-4cca-894b-cbbc3410a5be" testListId="8c84fa94-04c1-424b-9868-57a2d4851a1d" />
    <TestEntry testId="82f7431c-7c03-4b92-be1e-905887011619" executionId="57074a62-fe21-48dc-8a80-85bcac4331ea" testListId="8c84fa94-04c1-424b-9868-57a2d4851a1d" />
    <TestEntry testId="9495ab64-0976-4196-9f1f-56ca7a773423" executionId="e937b5fc-3428-4a9c-831b-e648d7fa8f20" testListId="8c84fa94-04c1-424b-9868-57a2d4851a1d" />
    <TestEntry testId="ed467e8a-7b13-4c2d-a54a-46e9e05cefbd" executionId="b7e19e6c-886e-451c-807b-5ea2b3da6628" testListId="8c84fa94-04c1-424b-9868-57a2d4851a1d" />
    <TestEntry testId="5bcd4201-5705-46b5-b625-7210547f2fc8" executionId="637c1fe9-cb79-4860-a669-13b6c083db38" testListId="8c84fa94-04c1-424b-9868-57a2d4851a1d" />
    <TestEntry testId="76aed157-ff51-41c8-8579-c16cd241f10c" executionId="a98530ca-08e1-43e7-ac25-2f5f97cc2e0d" testListId="8c84fa94-04c1-424b-9868-57a2d4851a1d" />
    <TestEntry testId="5dd79443-8a2f-486c-b524-f927601c2af8" executionId="84487e0a-d74d-48df-bb7e-8037fbc25f57" testListId="8c84fa94-04c1-424b-9868-57a2d4851a1d" />
    <TestEntry testId="8b5d13c9-ce42-4b98-836f-8bb4291e4b72" executionId="81f1b759-b646-43cf-8210-c9ef5a0dd5a6" testListId="8c84fa94-04c1-424b-9868-57a2d4851a1d" />
    <TestEntry testId="ced23700-be2d-43aa-8945-df89c65e5958" executionId="ac683f6a-519b-4079-a35d-e3a0ac872d03" testListId="8c84fa94-04c1-424b-9868-57a2d4851a1d" />
    <TestEntry testId="da3d7f74-03e6-4d24-af57-341612ae8246" executionId="3bcafb48-3d95-444e-b113-21e4db19dfb5" testListId="8c84fa94-04c1-424b-9868-57a2d4851a1d" />
    <TestEntry testId="8825f91d-b950-47a1-9578-b05418e94368" executionId="b6f50d8c-b4aa-4b4d-968f-bec30bd07d5d" testListId="8c84fa94-04c1-424b-9868-57a2d4851a1d" />
    <TestEntry testId="da43f670-3695-4cef-95aa-db89e4a72117" executionId="66f01611-9749-4c93-a8d8-9d290fd9ff94" testListId="8c84fa94-04c1-424b-9868-57a2d4851a1d" />
    <TestEntry testId="f4137a58-6d9a-401f-aa3f-8f728444608a" executionId="98aa4f36-9c16-4343-8f6e-bf3958d19561" testListId="8c84fa94-04c1-424b-9868-57a2d4851a1d" />
    <TestEntry testId="9f2b8c5e-1996-44a1-b432-be6a194d513a" executionId="a9ee6730-f528-465a-b79c-f43e84e51e8f" testListId="8c84fa94-04c1-424b-9868-57a2d4851a1d" />
    <TestEntry testId="55252c7c-7708-4d46-bfc9-ef61be9b6c26" executionId="0f7d3d73-dbba-4e6d-bddc-a00ec7a70f49" testListId="8c84fa94-04c1-424b-9868-57a2d4851a1d" />
    <TestEntry testId="43d85edc-738b-41c6-88c7-eca75d8d0287" executionId="6d3d33d8-26d5-4e81-9649-3463f40e4482" testListId="8c84fa94-04c1-424b-9868-57a2d4851a1d" />
    <TestEntry testId="85dd11ea-6d0d-41ea-8a6b-432afc58fe8a" executionId="5e61a284-cedb-4d78-b72d-87ee836879b6" testListId="8c84fa94-04c1-424b-9868-57a2d4851a1d" />
    <TestEntry testId="41ae2761-1260-4a06-b36c-c258d266a0d4" executionId="c8a7aa7a-d2e4-4301-9342-a5b15a9af1cb" testListId="8c84fa94-04c1-424b-9868-57a2d4851a1d" />
    <TestEntry testId="54b3ff3c-a5b7-426b-9564-f86a09ec2420" executionId="0eb2904a-8850-4c05-91f7-69ce909fb047" testListId="8c84fa94-04c1-424b-9868-57a2d4851a1d" />
    <TestEntry testId="0797ac1e-5cb9-41b8-968d-216d07531d52" executionId="eca1b511-1f03-49b8-9911-0fe3102a263a" testListId="8c84fa94-04c1-424b-9868-57a2d4851a1d" />
    <TestEntry testId="12e4a04e-9ff2-4bd5-b76e-c0d9ff6936f9" executionId="9234acda-b018-44ed-abed-b8550e5a9f0f" testListId="8c84fa94-04c1-424b-9868-57a2d4851a1d" />
    <TestEntry testId="18a9ecbc-4081-421f-b840-9bf70b6c64e2" executionId="567ba588-349d-4d0b-b517-259ee4f8027f" testListId="8c84fa94-04c1-424b-9868-57a2d4851a1d" />
    <TestEntry testId="cb191c8b-ad7a-4027-940d-d4f429bf83d8" executionId="f20d7fd0-f601-44a9-9c77-70fc6eaa2d7a" testListId="8c84fa94-04c1-424b-9868-57a2d4851a1d" />
    <TestEntry testId="854507dd-6df6-468f-8f2a-c9bdb56808e4" executionId="9e310be5-358b-4c65-a9a4-c41ab2585252" testListId="8c84fa94-04c1-424b-9868-57a2d4851a1d" />
    <TestEntry testId="450dafb2-1417-484b-8d49-be2528ae0d04" executionId="168c0129-e45d-4ed9-a541-20ef89b7c568" testListId="8c84fa94-04c1-424b-9868-57a2d4851a1d" />
    <TestEntry testId="8d84d922-ca30-41fc-bbe9-0d24378e2166" executionId="97db4192-a10d-4373-8456-208453f78b91" testListId="8c84fa94-04c1-424b-9868-57a2d4851a1d" />
    <TestEntry testId="81d87376-ac39-47ba-9b08-0d4158c1a21f" executionId="4e7379f3-a01a-4226-928c-46079dfed2f8" testListId="8c84fa94-04c1-424b-9868-57a2d4851a1d" />
    <TestEntry testId="3e197a74-5054-4b86-9f30-298c4b0650aa" executionId="0a741ce4-5b01-40fb-aae0-491698f4b7c0" testListId="8c84fa94-04c1-424b-9868-57a2d4851a1d" />
    <TestEntry testId="02bc92cc-792b-41b8-b6df-a815cdbdfc4b" executionId="dd8bc08c-6f11-4148-90af-bd57c65b6bf1" testListId="8c84fa94-04c1-424b-9868-57a2d4851a1d" />
    <TestEntry testId="46ac8820-b1f0-476a-b4df-df50dee11793" executionId="b1710c02-b87b-4e4f-af68-e06cf8ea6bfe" testListId="8c84fa94-04c1-424b-9868-57a2d4851a1d" />
    <TestEntry testId="dafaad28-cb35-45ad-a8dc-11f4fbcda764" executionId="1671e171-c2af-4095-98ec-e9406795c06d" testListId="8c84fa94-04c1-424b-9868-57a2d4851a1d" />
    <TestEntry testId="009c6753-3e77-49bf-aa21-81c314579724" executionId="692639bf-dc24-4110-af1d-49f329a6268b" testListId="8c84fa94-04c1-424b-9868-57a2d4851a1d" />
    <TestEntry testId="6e2a36ac-ab94-467e-9ae5-88b4208da3b7" executionId="c93e9030-8c07-49ee-b4aa-1254077a55c6" testListId="8c84fa94-04c1-424b-9868-57a2d4851a1d" />
    <TestEntry testId="e8781a7a-8842-465a-9bc6-80a1059e1912" executionId="bc9ac9ee-2db1-45b7-9230-c0081cd832ef" testListId="8c84fa94-04c1-424b-9868-57a2d4851a1d" />
    <TestEntry testId="f9c08566-8380-4601-87d6-64ca3109e787" executionId="531ca8c4-d072-476b-bde1-e1b59eae7408" testListId="8c84fa94-04c1-424b-9868-57a2d4851a1d" />
    <TestEntry testId="15b30057-1e96-499c-8f3e-4d5663f1628e" executionId="0a573e1e-5473-4b85-9463-96b6ddd9b930" testListId="8c84fa94-04c1-424b-9868-57a2d4851a1d" />
    <TestEntry testId="67b13f0a-df38-468a-9660-6ccdb1558fff" executionId="1cc055ec-9cd5-4aa1-8011-cec6ee11b19a" testListId="8c84fa94-04c1-424b-9868-57a2d4851a1d" />
    <TestEntry testId="2c4d7892-5983-4ed5-bd0a-bdcd4a2f9c0b" executionId="23f0fb6d-f8af-46f1-9483-38063abf26a3" testListId="8c84fa94-04c1-424b-9868-57a2d4851a1d" />
    <TestEntry testId="430bbe5b-75bc-4097-8920-1d454871d8e8" executionId="f0e1eeb5-8484-4a33-a8dd-161ae4f952e7" testListId="8c84fa94-04c1-424b-9868-57a2d4851a1d" />
    <TestEntry testId="8bcedab7-74ba-4530-8ae9-bbc53f921a14" executionId="820eb581-709d-4647-9be8-decd9607a563" testListId="8c84fa94-04c1-424b-9868-57a2d4851a1d" />
    <TestEntry testId="5a9d5b08-f7e1-456b-a57b-8c24a1556b32" executionId="0b6a3c5a-e9b5-4e3e-b12f-609e79ae4195" testListId="8c84fa94-04c1-424b-9868-57a2d4851a1d" />
    <TestEntry testId="722da410-396d-4180-9f11-9d9b5dda83ec" executionId="afde68c6-28a3-4090-8cb4-d9e0f8fb306a" testListId="8c84fa94-04c1-424b-9868-57a2d4851a1d" />
    <TestEntry testId="8969c9de-e330-4c2c-b608-a61fe8e213fa" executionId="54e5e211-024a-4c34-af1e-65d89b3cab50" testListId="8c84fa94-04c1-424b-9868-57a2d4851a1d" />
    <TestEntry testId="55ebf05c-e045-4600-bb98-1e06911f596d" executionId="f255fa2b-8e87-4872-bff3-9676e1299e6d" testListId="8c84fa94-04c1-424b-9868-57a2d4851a1d" />
    <TestEntry testId="b9fcbab3-8fde-484b-aeb3-95ed45d844bf" executionId="69cefaf3-5d0f-4a77-90d8-cc4002b282ba" testListId="8c84fa94-04c1-424b-9868-57a2d4851a1d" />
    <TestEntry testId="be8669bb-b412-4ccf-9ed8-dd6654ff6639" executionId="e907941a-d0e2-4e71-9caa-165e76898caa" testListId="8c84fa94-04c1-424b-9868-57a2d4851a1d" />
    <TestEntry testId="09f22452-6ff5-4edc-8b9f-194d6bb9053d" executionId="c6a20493-4fa2-40d7-a2f8-f0b2235139fb" testListId="8c84fa94-04c1-424b-9868-57a2d4851a1d" />
    <TestEntry testId="0de1e890-e869-4413-b288-1674cf4ebfe4" executionId="6ff87507-7829-4d59-bcf2-11724a04d915" testListId="8c84fa94-04c1-424b-9868-57a2d4851a1d" />
    <TestEntry testId="8ddc1079-a395-4962-b29d-5143e48e9b46" executionId="21bc926b-2bac-4284-bffd-47dce479697a" testListId="8c84fa94-04c1-424b-9868-57a2d4851a1d" />
    <TestEntry testId="41236b53-b708-4980-9969-b88edcd12d2d" executionId="69049885-4329-45df-8abf-baee49793e7e" testListId="8c84fa94-04c1-424b-9868-57a2d4851a1d" />
    <TestEntry testId="e2f900ad-e59b-482c-bd6a-4f6ef1eacdfa" executionId="3e7efa08-eeba-4303-be02-3654242c2d8e" testListId="8c84fa94-04c1-424b-9868-57a2d4851a1d" />
    <TestEntry testId="cf781735-e862-422e-af02-31590b1f7882" executionId="4fac823a-7a42-4595-9b1a-6d1472c62c27" testListId="8c84fa94-04c1-424b-9868-57a2d4851a1d" />
    <TestEntry testId="4007c4ac-7c1d-4162-83b0-5e899010ac8b" executionId="39122a33-246b-4216-95a6-0c2ca00794c0" testListId="8c84fa94-04c1-424b-9868-57a2d4851a1d" />
    <TestEntry testId="17aa54f5-6b8e-4d47-abc4-4f48d887a20e" executionId="393d3d8e-c9b3-49e0-9264-cf633c9d0dfd" testListId="8c84fa94-04c1-424b-9868-57a2d4851a1d" />
    <TestEntry testId="ba0e58da-cbbd-4c79-b71d-17ccf0850d60" executionId="413da5b4-8f25-4825-8246-e48603423c6c" testListId="8c84fa94-04c1-424b-9868-57a2d4851a1d" />
    <TestEntry testId="2a9b1022-ae5a-4fb8-9c02-db0b61383440" executionId="2dab8683-fe82-4444-8d8b-a9d215aa70a7" testListId="8c84fa94-04c1-424b-9868-57a2d4851a1d" />
    <TestEntry testId="cacb8b2c-22d4-41b5-9148-7e488836d721" executionId="cd2287e9-4d7e-4228-8fa6-4328b8e49a6a" testListId="8c84fa94-04c1-424b-9868-57a2d4851a1d" />
    <TestEntry testId="8f41d39c-500e-4207-8b6f-a5532f5c8150" executionId="f0db9c7c-174e-40b4-948b-78d57b39185d" testListId="8c84fa94-04c1-424b-9868-57a2d4851a1d" />
    <TestEntry testId="32f2ff7d-9e12-4582-8820-0d0fdcd81433" executionId="2b07d947-e0bf-474b-9659-9ae667644ad0" testListId="8c84fa94-04c1-424b-9868-57a2d4851a1d" />
    <TestEntry testId="1e0f7135-7f0d-4891-96ac-9be112ade6b3" executionId="7856eaa5-ab76-46e0-a870-f537fc383da3" testListId="8c84fa94-04c1-424b-9868-57a2d4851a1d" />
    <TestEntry testId="fa2beddf-ce42-495a-b09e-b76fd686b620" executionId="aea66400-ef82-4eef-b2dd-b01190c5602d" testListId="8c84fa94-04c1-424b-9868-57a2d4851a1d" />
    <TestEntry testId="e4c2d2b0-b22e-4c41-8a26-721a59a89d96" executionId="4fd8abbe-88b4-4caa-9f7e-2d0e78ed996c" testListId="8c84fa94-04c1-424b-9868-57a2d4851a1d" />
    <TestEntry testId="62151334-1cf8-41b8-b86e-0f49a06c502e" executionId="bf7369a3-1c53-45a6-bd30-ee03a6413adf" testListId="8c84fa94-04c1-424b-9868-57a2d4851a1d" />
    <TestEntry testId="ff5ac287-b553-4fb4-a06a-109e02c69b4e" executionId="6229b62a-62fc-4316-b334-f3178c20b5fc" testListId="8c84fa94-04c1-424b-9868-57a2d4851a1d" />
    <TestEntry testId="6264cbc7-acac-44d2-852d-689a20b36d63" executionId="13239222-f383-4383-9d2b-510b6bd676f0" testListId="8c84fa94-04c1-424b-9868-57a2d4851a1d" />
    <TestEntry testId="c77995f1-7d0a-4150-ad00-1bfb1ca190f3" executionId="5a14308a-3c9a-4868-bff0-157160b62370" testListId="8c84fa94-04c1-424b-9868-57a2d4851a1d" />
    <TestEntry testId="5c49a6d2-afcf-4131-aa09-133c241f152a" executionId="a05b7d15-f311-4452-be4a-bf756639538d" testListId="8c84fa94-04c1-424b-9868-57a2d4851a1d" />
    <TestEntry testId="f85da359-a31c-40b7-9888-0df42b9e0d40" executionId="e15edd6e-714d-41bb-a0d1-a8a2c9686280" testListId="8c84fa94-04c1-424b-9868-57a2d4851a1d" />
    <TestEntry testId="0c87cf23-08f0-45a4-bf76-d0f7c197b3b6" executionId="40fa1006-3ead-4655-909e-7b06ea7a8bbe" testListId="8c84fa94-04c1-424b-9868-57a2d4851a1d" />
    <TestEntry testId="b66700b7-43b0-4b49-ab56-8232d54a726e" executionId="649f2f4d-157b-4134-92d7-618e2aa7c4c1" testListId="8c84fa94-04c1-424b-9868-57a2d4851a1d" />
    <TestEntry testId="f6f577ea-7020-4662-ae41-3633ac2912a1" executionId="3889b648-3ed5-4412-8b26-dd54625c91f3" testListId="8c84fa94-04c1-424b-9868-57a2d4851a1d" />
    <TestEntry testId="cbff3b02-144a-49cf-8531-df665cc4e59b" executionId="1a3d400b-83b9-4627-b22e-3238cd0e8af1" testListId="8c84fa94-04c1-424b-9868-57a2d4851a1d" />
    <TestEntry testId="73c1227e-b0d0-4912-96e3-834085c359a2" executionId="b10a7dc6-8904-4c83-b224-2a775b2c7db2" testListId="8c84fa94-04c1-424b-9868-57a2d4851a1d" />
    <TestEntry testId="fe6b8610-df4c-4e16-9b90-92ae1b124385" executionId="09886ece-0078-4bb0-87fa-a6f745393708" testListId="8c84fa94-04c1-424b-9868-57a2d4851a1d" />
    <TestEntry testId="24034f73-c878-4a57-ab3e-74dd003a9c1a" executionId="475f899b-f650-4da6-b496-b94e915ac6ad" testListId="8c84fa94-04c1-424b-9868-57a2d4851a1d" />
    <TestEntry testId="4e12b3a1-6fdc-4b56-8dc2-7f38e3d3f17d" executionId="b7b2bcfb-4fdd-4989-b6a9-72d0b16758da" testListId="8c84fa94-04c1-424b-9868-57a2d4851a1d" />
    <TestEntry testId="8d591ea8-c705-4b36-926d-b5018b51e675" executionId="f65f67ed-9a6a-449d-9fca-46ded424da52" testListId="8c84fa94-04c1-424b-9868-57a2d4851a1d" />
    <TestEntry testId="57190bc9-ee79-4a4a-ab60-33f98a045a5d" executionId="c2bfac02-4ee1-485a-ae69-d147affb6107" testListId="8c84fa94-04c1-424b-9868-57a2d4851a1d" />
  </TestEntries>
  <TestLists>
    <TestList name="Results Not in a List" id="8c84fa94-04c1-424b-9868-57a2d4851a1d" />
    <TestList name="All Loaded Results" id="19431567-8539-422a-85d7-44ee4e166bda" />
  </TestLists>
  <ResultSummary outcome="Completed">
    <Counters total="79" executed="79" passed="79" failed="0" error="0" timeout="0" aborted="0" inconclusive="0" passedButRunAborted="0" notRunnable="0" notExecuted="0" disconnected="0" warning="0" completed="0" inProgress="0" pending="0" />
  </ResultSummary>
</TestRun>