<?xml version="1.0" encoding="UTF-8"?>
<TestRun id="6abe91ba-9a5d-458a-a6ad-9f55e15fec7b" name="tfsmladm@TFSBUILD11 2015-09-28 09:43:16" runUser="REDMOND\tfsmladm" xmlns="http://microsoft.com/schemas/VisualStudio/TeamTest/2010">
  <Times creation="2015-09-28T09:43:16.1706921-07:00" queuing="2015-09-28T09:43:16.1706921-07:00" start="2015-09-28T09:43:16.1706921-07:00" finish="2015-09-28T09:43:16.2175702-07:00" />
  <TestSettings name="default" id="2b32866e-4a03-4bea-b93f-1ec656dcaf7a">
    <Execution>
      <TestTypeSpecific />
    </Execution>
    <Deployment runDeploymentRoot="tfsmladm_TFSBUILD11 2015-09-28 09_43_16" />
    <Properties />
  </TestSettings>
  <Results>
    <UnitTestResult executionId="9b854ab4-06d5-460d-bced-6d2fe0c87137" testId="dc0bca66-7432-bca4-fdf1-83168b70affd" testName="SecretMasker_MaskSecrets_EmptyInput" computerName="TFSBUILD11" duration="00:00:00.0104134" startTime="2015-09-28T09:43:16.0613093-07:00" endTime="2015-09-28T09:43:16.1081874-07:00" testType="13cdc9d9-ddb5-4fa4-a97d-d965ccfc6d4b" outcome="Passed" testListId="8c84fa94-04c1-424b-9868-57a2d4851a1d" relativeResultsDirectory="9b854ab4-06d5-460d-bced-6d2fe0c87137" />
    <UnitTestResult executionId="b38137d7-a046-474b-bc56-09bf46fbdbfe" testId="1bce08c7-1c30-c6f7-ec2a-6b603505c7c0" testName="SecretMasker_MaskSecrets_NoMasks" computerName="TFSBUILD11" duration="00:00:00.0002102" startTime="2015-09-28T09:43:16.1081874-07:00" endTime="2015-09-28T09:43:16.1081874-07:00" testType="13cdc9d9-ddb5-4fa4-a97d-d965ccfc6d4b" outcome="Passed" testListId="8c84fa94-04c1-424b-9868-57a2d4851a1d" relativeResultsDirectory="b38137d7-a046-474b-bc56-09bf46fbdbfe" />
    <UnitTestResult executionId="8ec31135-1c7c-4670-bc8f-c74ccbfd123b" testId="f908964c-a8d5-e994-da7f-b5df7015680c" testName="SecretMasker_MaskSecrets_BasicReplacement" computerName="TFSBUILD11" duration="00:00:00.0015479" startTime="2015-09-28T09:43:16.1081874-07:00" endTime="2015-09-28T09:43:16.1238141-07:00" testType="13cdc9d9-ddb5-4fa4-a97d-d965ccfc6d4b" outcome="Passed" testListId="8c84fa94-04c1-424b-9868-57a2d4851a1d" relativeResultsDirectory="8ec31135-1c7c-4670-bc8f-c74ccbfd123b" />
    <UnitTestResult executionId="531bcae0-e296-4cbb-8a72-4a6ec364cbb8" testId="4c521e69-e581-a543-84ea-e8754b45ed57" testName="SecretMasker_MaskSecrets_MultipleInstances" computerName="TFSBUILD11" duration="00:00:00.0002596" startTime="2015-09-28T09:43:16.1238141-07:00" endTime="2015-09-28T09:43:16.1238141-07:00" testType="13cdc9d9-ddb5-4fa4-a97d-d965ccfc6d4b" outcome="Passed" testListId="8c84fa94-04c1-424b-9868-57a2d4851a1d" relativeResultsDirectory="531bcae0-e296-4cbb-8a72-4a6ec364cbb8" />
    <UnitTestResult executionId="f96fc54b-ed50-4fc4-a055-ac5489b71f9f" testId="f827c26a-7cd5-3aa1-1f0e-14a0fde9ab5a" testName="SecretMasker_MaskSecrets_MultipleAdjacentInstances" computerName="TFSBUILD11" duration="00:00:00.0002349" startTime="2015-09-28T09:43:16.1238141-07:00" endTime="2015-09-28T09:43:16.1238141-07:00" testType="13cdc9d9-ddb5-4fa4-a97d-d965ccfc6d4b" outcome="Passed" testListId="8c84fa94-04c1-424b-9868-57a2d4851a1d" relativeResultsDirectory="f96fc54b-ed50-4fc4-a055-ac5489b71f9f" />
    <UnitTestResult executionId="84b93b16-9941-44f0-804f-a2cd270cca99" testId="f17a0be8-0ad7-ebdb-31a2-b3861786fa2d" testName="SecretMasker_MaskSecrets_MultipleSecrets" computerName="TFSBUILD11" duration="00:00:00.0002733" startTime="2015-09-28T09:43:16.1238141-07:00" endTime="2015-09-28T09:43:16.1238141-07:00" testType="13cdc9d9-ddb5-4fa4-a97d-d965ccfc6d4b" outcome="Passed" testListId="8c84fa94-04c1-424b-9868-57a2d4851a1d" relativeResultsDirectory="84b93b16-9941-44f0-804f-a2cd270cca99" />
    <UnitTestResult executionId="78ab339d-5d30-4c1c-8be6-49a1b96c5fbd" testId="e981b783-ba20-69ca-ce5e-ccd3d77af862" testName="SecretMasker_MaskSecrets_OverlappingSecrets" computerName="TFSBUILD11" duration="00:00:00.0002705" startTime="2015-09-28T09:43:16.1238141-07:00" endTime="2015-09-28T09:43:16.1238141-07:00" testType="13cdc9d9-ddb5-4fa4-a97d-d965ccfc6d4b" outcome="Passed" testListId="8c84fa94-04c1-424b-9868-57a2d4851a1d" relativeResultsDirectory="78ab339d-5d30-4c1c-8be6-49a1b96c5fbd" />
    <UnitTestResult executionId="db8fdefd-bb13-49e6-9608-6b91566d8a7a" testId="e8bcb687-9431-140d-5d3c-cba800f3c398" testName="SecretMasker_MaskSecrets_AdjacentSecrets" computerName="TFSBUILD11" duration="00:00:00.0002739" startTime="2015-09-28T09:43:16.1238141-07:00" endTime="2015-09-28T09:43:16.1238141-07:00" testType="13cdc9d9-ddb5-4fa4-a97d-d965ccfc6d4b" outcome="Passed" testListId="8c84fa94-04c1-424b-9868-57a2d4851a1d" relativeResultsDirectory="db8fdefd-bb13-49e6-9608-6b91566d8a7a" />
    <UnitTestResult executionId="23c31406-be0d-4e25-9eac-2867f7722d98" testId="3ac6cccb-0249-a43b-defc-3ba711624cfa" testName="ValueMaskTests_GetPositions_EmptyValue" computerName="TFSBUILD11" duration="00:00:00.0007401" startTime="2015-09-28T09:43:16.1238141-07:00" endTime="2015-09-28T09:43:16.1238141-07:00" testType="13cdc9d9-ddb5-4fa4-a97d-d965ccfc6d4b" outcome="Passed" testListId="8c84fa94-04c1-424b-9868-57a2d4851a1d" relativeResultsDirectory="23c31406-be0d-4e25-9eac-2867f7722d98" />
    <UnitTestResult executionId="2f883219-bd4a-4987-a3cf-b731f00dc857" testId="914cf768-903e-7810-b978-bf238f930c55" testName="ValueMaskTests_GetPositions_EmptyInput" computerName="TFSBUILD11" duration="00:00:00.0001649" startTime="2015-09-28T09:43:16.1238141-07:00" endTime="2015-09-28T09:43:16.1238141-07:00" testType="13cdc9d9-ddb5-4fa4-a97d-d965ccfc6d4b" outcome="Passed" testListId="8c84fa94-04c1-424b-9868-57a2d4851a1d" relativeResultsDirectory="2f883219-bd4a-4987-a3cf-b731f00dc857" />
    <UnitTestResult executionId="9f47c0b4-de39-4110-aba2-c90e793b221d" testId="65fb0e01-a9be-e7cc-01b4-314d7826ac69" testName="ValueMaskTests_GetPositions_Basic" computerName="TFSBUILD11" duration="00:00:00.0004371" startTime="2015-09-28T09:43:16.1238141-07:00" endTime="2015-09-28T09:43:16.1238141-07:00" testType="13cdc9d9-ddb5-4fa4-a97d-d965ccfc6d4b" outcome="Passed" testListId="8c84fa94-04c1-424b-9868-57a2d4851a1d" relativeResultsDirectory="9f47c0b4-de39-4110-aba2-c90e793b221d" />
    <UnitTestResult executionId="81a352f6-b3a8-4ec6-98ce-9a16b71ce9bc" testId="c2b35968-6517-96da-1dd0-d69445fd578f" testName="ValueMaskTests_GetPositions_BeginningOfString" computerName="TFSBUILD11" duration="00:00:00.0004010" startTime="2015-09-28T09:43:16.1238141-07:00" endTime="2015-09-28T09:43:16.1238141-07:00" testType="13cdc9d9-ddb5-4fa4-a97d-d965ccfc6d4b" outcome="Passed" testListId="8c84fa94-04c1-424b-9868-57a2d4851a1d" relativeResultsDirectory="81a352f6-b3a8-4ec6-98ce-9a16b71ce9bc" />
    <UnitTestResult executionId="0c6e63f2-f140-4e10-b8fe-63de85440103" testId="ac99777b-71e9-0134-64b8-afb0354869d0" testName="ValueMaskTests_GetPositions_EndOfString" computerName="TFSBUILD11" duration="00:00:00.0004138" startTime="2015-09-28T09:43:16.1238141-07:00" endTime="2015-09-28T09:43:16.1238141-07:00" testType="13cdc9d9-ddb5-4fa4-a97d-d965ccfc6d4b" outcome="Passed" testListId="8c84fa94-04c1-424b-9868-57a2d4851a1d" relativeResultsDirectory="0c6e63f2-f140-4e10-b8fe-63de85440103" />
    <UnitTestResult executionId="f5470d79-9b29-4f80-b1d7-a48176df0f38" testId="d6a4b5e2-b245-252a-9f88-9ab7a9a4191e" testName="ValueMaskTests_GetPositions_Multiple" computerName="TFSBUILD11" duration="00:00:00.0005953" startTime="2015-09-28T09:43:16.1238141-07:00" endTime="2015-09-28T09:43:16.1238141-07:00" testType="13cdc9d9-ddb5-4fa4-a97d-d965ccfc6d4b" outcome="Passed" testListId="8c84fa94-04c1-424b-9868-57a2d4851a1d" relativeResultsDirectory="f5470d79-9b29-4f80-b1d7-a48176df0f38" />
    <UnitTestResult executionId="3632d429-fbad-4b59-93e3-76e64dbae91f" testId="4d997955-5374-b94e-ca50-521c2b0ad16e" testName="ValueMaskTests_GetPositions_Overlap" computerName="TFSBUILD11" duration="00:00:00.0005845" startTime="2015-09-28T09:43:16.1238141-07:00" endTime="2015-09-28T09:43:16.1238141-07:00" testType="13cdc9d9-ddb5-4fa4-a97d-d965ccfc6d4b" outcome="Passed" testListId="8c84fa94-04c1-424b-9868-57a2d4851a1d" relativeResultsDirectory="3632d429-fbad-4b59-93e3-76e64dbae91f" />
  </Results>
  <TestDefinitions>
    <UnitTest name="SecretMasker_MaskSecrets_EmptyInput" storage="d:\v2.0\a1\_work\dbded102\bin\release.anycpu\distributedtask.agent\ms.tf.distributedtask.agent.worker.common.l0.tests\microsoft.teamfoundation.distributedtask.agent.worker.common.l0.tests.dll" id="dc0bca66-7432-bca4-fdf1-83168b70affd">
      <Execution id="9b854ab4-06d5-460d-bced-6d2fe0c87137" />
      <TestMethod codeBase="D:\v2.0\A1\_work\dbded102\bin\Release.AnyCPU\DistributedTask.Agent\MS.TF.DistributedTask.Agent.Worker.Common.L0.Tests\Microsoft.TeamFoundation.DistributedTask.Agent.Worker.Common.L0.Tests.dll" adapterTypeName="Microsoft.VisualStudio.TestTools.TestTypes.Unit.UnitTestAdapter" className="Microsoft.DistributedTask.Agent.Worker.Common.L0.Tests.SecretMaskerTests" name="SecretMasker_MaskSecrets_EmptyInput" />
    </UnitTest>
    <UnitTest name="SecretMasker_MaskSecrets_NoMasks" storage="d:\v2.0\a1\_work\dbded102\bin\release.anycpu\distributedtask.agent\ms.tf.distributedtask.agent.worker.common.l0.tests\microsoft.teamfoundation.distributedtask.agent.worker.common.l0.tests.dll" id="1bce08c7-1c30-c6f7-ec2a-6b603505c7c0">
      <Execution id="b38137d7-a046-474b-bc56-09bf46fbdbfe" />
      <TestMethod codeBase="D:\v2.0\A1\_work\dbded102\bin\Release.AnyCPU\DistributedTask.Agent\MS.TF.DistributedTask.Agent.Worker.Common.L0.Tests\Microsoft.TeamFoundation.DistributedTask.Agent.Worker.Common.L0.Tests.dll" adapterTypeName="Microsoft.VisualStudio.TestTools.TestTypes.Unit.UnitTestAdapter" className="Microsoft.DistributedTask.Agent.Worker.Common.L0.Tests.SecretMaskerTests" name="SecretMasker_MaskSecrets_NoMasks" />
    </UnitTest>
    <UnitTest name="SecretMasker_MaskSecrets_BasicReplacement" storage="d:\v2.0\a1\_work\dbded102\bin\release.anycpu\distributedtask.agent\ms.tf.distributedtask.agent.worker.common.l0.tests\microsoft.teamfoundation.distributedtask.agent.worker.common.l0.tests.dll" id="f908964c-a8d5-e994-da7f-b5df7015680c">
      <Execution id="8ec31135-1c7c-4670-bc8f-c74ccbfd123b" />
      <TestMethod codeBase="D:\v2.0\A1\_work\dbded102\bin\Release.AnyCPU\DistributedTask.Agent\MS.TF.DistributedTask.Agent.Worker.Common.L0.Tests\Microsoft.TeamFoundation.DistributedTask.Agent.Worker.Common.L0.Tests.dll" adapterTypeName="Microsoft.VisualStudio.TestTools.TestTypes.Unit.UnitTestAdapter" className="Microsoft.DistributedTask.Agent.Worker.Common.L0.Tests.SecretMaskerTests" name="SecretMasker_MaskSecrets_BasicReplacement" />
    </UnitTest>
    <UnitTest name="SecretMasker_MaskSecrets_MultipleInstances" storage="d:\v2.0\a1\_work\dbded102\bin\release.anycpu\distributedtask.agent\ms.tf.distributedtask.agent.worker.common.l0.tests\microsoft.teamfoundation.distributedtask.agent.worker.common.l0.tests.dll" id="4c521e69-e581-a543-84ea-e8754b45ed57">
      <Execution id="531bcae0-e296-4cbb-8a72-4a6ec364cbb8" />
      <TestMethod codeBase="D:\v2.0\A1\_work\dbded102\bin\Release.AnyCPU\DistributedTask.Agent\MS.TF.DistributedTask.Agent.Worker.Common.L0.Tests\Microsoft.TeamFoundation.DistributedTask.Agent.Worker.Common.L0.Tests.dll" adapterTypeName="Microsoft.VisualStudio.TestTools.TestTypes.Unit.UnitTestAdapter" className="Microsoft.DistributedTask.Agent.Worker.Common.L0.Tests.SecretMaskerTests" name="SecretMasker_MaskSecrets_MultipleInstances" />
    </UnitTest>
    <UnitTest name="SecretMasker_MaskSecrets_MultipleAdjacentInstances" storage="d:\v2.0\a1\_work\dbded102\bin\release.anycpu\distributedtask.agent\ms.tf.distributedtask.agent.worker.common.l0.tests\microsoft.teamfoundation.distributedtask.agent.worker.common.l0.tests.dll" id="f827c26a-7cd5-3aa1-1f0e-14a0fde9ab5a">
      <Execution id="f96fc54b-ed50-4fc4-a055-ac5489b71f9f" />
      <TestMethod codeBase="D:\v2.0\A1\_work\dbded102\bin\Release.AnyCPU\DistributedTask.Agent\MS.TF.DistributedTask.Agent.Worker.Common.L0.Tests\Microsoft.TeamFoundation.DistributedTask.Agent.Worker.Common.L0.Tests.dll" adapterTypeName="Microsoft.VisualStudio.TestTools.TestTypes.Unit.UnitTestAdapter" className="Microsoft.DistributedTask.Agent.Worker.Common.L0.Tests.SecretMaskerTests" name="SecretMasker_MaskSecrets_MultipleAdjacentInstances" />
    </UnitTest>
    <UnitTest name="SecretMasker_MaskSecrets_MultipleSecrets" storage="d:\v2.0\a1\_work\dbded102\bin\release.anycpu\distributedtask.agent\ms.tf.distributedtask.agent.worker.common.l0.tests\microsoft.teamfoundation.distributedtask.agent.worker.common.l0.tests.dll" id="f17a0be8-0ad7-ebdb-31a2-b3861786fa2d">
      <Execution id="84b93b16-9941-44f0-804f-a2cd270cca99" />
      <TestMethod codeBase="D:\v2.0\A1\_work\dbded102\bin\Release.AnyCPU\DistributedTask.Agent\MS.TF.DistributedTask.Agent.Worker.Common.L0.Tests\Microsoft.TeamFoundation.DistributedTask.Agent.Worker.Common.L0.Tests.dll" adapterTypeName="Microsoft.VisualStudio.TestTools.TestTypes.Unit.UnitTestAdapter" className="Microsoft.DistributedTask.Agent.Worker.Common.L0.Tests.SecretMaskerTests" name="SecretMasker_MaskSecrets_MultipleSecrets" />
    </UnitTest>
    <UnitTest name="SecretMasker_MaskSecrets_OverlappingSecrets" storage="d:\v2.0\a1\_work\dbded102\bin\release.anycpu\distributedtask.agent\ms.tf.distributedtask.agent.worker.common.l0.tests\microsoft.teamfoundation.distributedtask.agent.worker.common.l0.tests.dll" id="e981b783-ba20-69ca-ce5e-ccd3d77af862">
      <Execution id="78ab339d-5d30-4c1c-8be6-49a1b96c5fbd" />
      <TestMethod codeBase="D:\v2.0\A1\_work\dbded102\bin\Release.AnyCPU\DistributedTask.Agent\MS.TF.DistributedTask.Agent.Worker.Common.L0.Tests\Microsoft.TeamFoundation.DistributedTask.Agent.Worker.Common.L0.Tests.dll" adapterTypeName="Microsoft.VisualStudio.TestTools.TestTypes.Unit.UnitTestAdapter" className="Microsoft.DistributedTask.Agent.Worker.Common.L0.Tests.SecretMaskerTests" name="SecretMasker_MaskSecrets_OverlappingSecrets" />
    </UnitTest>
    <UnitTest name="SecretMasker_MaskSecrets_AdjacentSecrets" storage="d:\v2.0\a1\_work\dbded102\bin\release.anycpu\distributedtask.agent\ms.tf.distributedtask.agent.worker.common.l0.tests\microsoft.teamfoundation.distributedtask.agent.worker.common.l0.tests.dll" id="e8bcb687-9431-140d-5d3c-cba800f3c398">
      <Execution id="db8fdefd-bb13-49e6-9608-6b91566d8a7a" />
      <TestMethod codeBase="D:\v2.0\A1\_work\dbded102\bin\Release.AnyCPU\DistributedTask.Agent\MS.TF.DistributedTask.Agent.Worker.Common.L0.Tests\Microsoft.TeamFoundation.DistributedTask.Agent.Worker.Common.L0.Tests.dll" adapterTypeName="Microsoft.VisualStudio.TestTools.TestTypes.Unit.UnitTestAdapter" className="Microsoft.DistributedTask.Agent.Worker.Common.L0.Tests.SecretMaskerTests" name="SecretMasker_MaskSecrets_AdjacentSecrets" />
    </UnitTest>
    <UnitTest name="ValueMaskTests_GetPositions_EmptyValue" storage="d:\v2.0\a1\_work\dbded102\bin\release.anycpu\distributedtask.agent\ms.tf.distributedtask.agent.worker.common.l0.tests\microsoft.teamfoundation.distributedtask.agent.worker.common.l0.tests.dll" id="3ac6cccb-0249-a43b-defc-3ba711624cfa">
      <Execution id="23c31406-be0d-4e25-9eac-2867f7722d98" />
      <TestMethod codeBase="D:\v2.0\A1\_work\dbded102\bin\Release.AnyCPU\DistributedTask.Agent\MS.TF.DistributedTask.Agent.Worker.Common.L0.Tests\Microsoft.TeamFoundation.DistributedTask.Agent.Worker.Common.L0.Tests.dll" adapterTypeName="Microsoft.VisualStudio.TestTools.TestTypes.Unit.UnitTestAdapter" className="Microsoft.DistributedTask.Agent.Worker.Common.L0.Tests.ValueMaskTests" name="ValueMaskTests_GetPositions_EmptyValue" />
    </UnitTest>
    <UnitTest name="ValueMaskTests_GetPositions_EmptyInput" storage="d:\v2.0\a1\_work\dbded102\bin\release.anycpu\distributedtask.agent\ms.tf.distributedtask.agent.worker.common.l0.tests\microsoft.teamfoundation.distributedtask.agent.worker.common.l0.tests.dll" id="914cf768-903e-7810-b978-bf238f930c55">
      <Execution id="2f883219-bd4a-4987-a3cf-b731f00dc857" />
      <TestMethod codeBase="D:\v2.0\A1\_work\dbded102\bin\Release.AnyCPU\DistributedTask.Agent\MS.TF.DistributedTask.Agent.Worker.Common.L0.Tests\Microsoft.TeamFoundation.DistributedTask.Agent.Worker.Common.L0.Tests.dll" adapterTypeName="Microsoft.VisualStudio.TestTools.TestTypes.Unit.UnitTestAdapter" className="Microsoft.DistributedTask.Agent.Worker.Common.L0.Tests.ValueMaskTests" name="ValueMaskTests_GetPositions_EmptyInput" />
    </UnitTest>
    <UnitTest name="ValueMaskTests_GetPositions_Basic" storage="d:\v2.0\a1\_work\dbded102\bin\release.anycpu\distributedtask.agent\ms.tf.distributedtask.agent.worker.common.l0.tests\microsoft.teamfoundation.distributedtask.agent.worker.common.l0.tests.dll" id="65fb0e01-a9be-e7cc-01b4-314d7826ac69">
      <Execution id="9f47c0b4-de39-4110-aba2-c90e793b221d" />
      <TestMethod codeBase="D:\v2.0\A1\_work\dbded102\bin\Release.AnyCPU\DistributedTask.Agent\MS.TF.DistributedTask.Agent.Worker.Common.L0.Tests\Microsoft.TeamFoundation.DistributedTask.Agent.Worker.Common.L0.Tests.dll" adapterTypeName="Microsoft.VisualStudio.TestTools.TestTypes.Unit.UnitTestAdapter" className="Microsoft.DistributedTask.Agent.Worker.Common.L0.Tests.ValueMaskTests" name="ValueMaskTests_GetPositions_Basic" />
    </UnitTest>
    <UnitTest name="ValueMaskTests_GetPositions_BeginningOfString" storage="d:\v2.0\a1\_work\dbded102\bin\release.anycpu\distributedtask.agent\ms.tf.distributedtask.agent.worker.common.l0.tests\microsoft.teamfoundation.distributedtask.agent.worker.common.l0.tests.dll" id="c2b35968-6517-96da-1dd0-d69445fd578f">
      <Execution id="81a352f6-b3a8-4ec6-98ce-9a16b71ce9bc" />
      <TestMethod codeBase="D:\v2.0\A1\_work\dbded102\bin\Release.AnyCPU\DistributedTask.Agent\MS.TF.DistributedTask.Agent.Worker.Common.L0.Tests\Microsoft.TeamFoundation.DistributedTask.Agent.Worker.Common.L0.Tests.dll" adapterTypeName="Microsoft.VisualStudio.TestTools.TestTypes.Unit.UnitTestAdapter" className="Microsoft.DistributedTask.Agent.Worker.Common.L0.Tests.ValueMaskTests" name="ValueMaskTests_GetPositions_BeginningOfString" />
    </UnitTest>
    <UnitTest name="ValueMaskTests_GetPositions_EndOfString" storage="d:\v2.0\a1\_work\dbded102\bin\release.anycpu\distributedtask.agent\ms.tf.distributedtask.agent.worker.common.l0.tests\microsoft.teamfoundation.distributedtask.agent.worker.common.l0.tests.dll" id="ac99777b-71e9-0134-64b8-afb0354869d0">
      <Execution id="0c6e63f2-f140-4e10-b8fe-63de85440103" />
      <TestMethod codeBase="D:\v2.0\A1\_work\dbded102\bin\Release.AnyCPU\DistributedTask.Agent\MS.TF.DistributedTask.Agent.Worker.Common.L0.Tests\Microsoft.TeamFoundation.DistributedTask.Agent.Worker.Common.L0.Tests.dll" adapterTypeName="Microsoft.VisualStudio.TestTools.TestTypes.Unit.UnitTestAdapter" className="Microsoft.DistributedTask.Agent.Worker.Common.L0.Tests.ValueMaskTests" name="ValueMaskTests_GetPositions_EndOfString" />
    </UnitTest>
    <UnitTest name="ValueMaskTests_GetPositions_Multiple" storage="d:\v2.0\a1\_work\dbded102\bin\release.anycpu\distributedtask.agent\ms.tf.distributedtask.agent.worker.common.l0.tests\microsoft.teamfoundation.distributedtask.agent.worker.common.l0.tests.dll" id="d6a4b5e2-b245-252a-9f88-9ab7a9a4191e">
      <Execution id="f5470d79-9b29-4f80-b1d7-a48176df0f38" />
      <TestMethod codeBase="D:\v2.0\A1\_work\dbded102\bin\Release.AnyCPU\DistributedTask.Agent\MS.TF.DistributedTask.Agent.Worker.Common.L0.Tests\Microsoft.TeamFoundation.DistributedTask.Agent.Worker.Common.L0.Tests.dll" adapterTypeName="Microsoft.VisualStudio.TestTools.TestTypes.Unit.UnitTestAdapter" className="Microsoft.DistributedTask.Agent.Worker.Common.L0.Tests.ValueMaskTests" name="ValueMaskTests_GetPositions_Multiple" />
    </UnitTest>
    <UnitTest name="ValueMaskTests_GetPositions_Overlap" storage="d:\v2.0\a1\_work\dbded102\bin\release.anycpu\distributedtask.agent\ms.tf.distributedtask.agent.worker.common.l0.tests\microsoft.teamfoundation.distributedtask.agent.worker.common.l0.tests.dll" id="4d997955-5374-b94e-ca50-521c2b0ad16e">
      <Execution id="3632d429-fbad-4b59-93e3-76e64dbae91f" />
      <TestMethod codeBase="D:\v2.0\A1\_work\dbded102\bin\Release.AnyCPU\DistributedTask.Agent\MS.TF.DistributedTask.Agent.Worker.Common.L0.Tests\Microsoft.TeamFoundation.DistributedTask.Agent.Worker.Common.L0.Tests.dll" adapterTypeName="Microsoft.VisualStudio.TestTools.TestTypes.Unit.UnitTestAdapter" className="Microsoft.DistributedTask.Agent.Worker.Common.L0.Tests.ValueMaskTests" name="ValueMaskTests_GetPositions_Overlap" />
    </UnitTest>
  </TestDefinitions>
  <TestEntries>
    <TestEntry testId="dc0bca66-7432-bca4-fdf1-83168b70affd" executionId="9b854ab4-06d5-460d-bced-6d2fe0c87137" testListId="8c84fa94-04c1-424b-9868-57a2d4851a1d" />
    <TestEntry testId="1bce08c7-1c30-c6f7-ec2a-6b603505c7c0" executionId="b38137d7-a046-474b-bc56-09bf46fbdbfe" testListId="8c84fa94-04c1-424b-9868-57a2d4851a1d" />
    <TestEntry testId="f908964c-a8d5-e994-da7f-b5df7015680c" executionId="8ec31135-1c7c-4670-bc8f-c74ccbfd123b" testListId="8c84fa94-04c1-424b-9868-57a2d4851a1d" />
    <TestEntry testId="4c521e69-e581-a543-84ea-e8754b45ed57" executionId="531bcae0-e296-4cbb-8a72-4a6ec364cbb8" testListId="8c84fa94-04c1-424b-9868-57a2d4851a1d" />
    <TestEntry testId="f827c26a-7cd5-3aa1-1f0e-14a0fde9ab5a" executionId="f96fc54b-ed50-4fc4-a055-ac5489b71f9f" testListId="8c84fa94-04c1-424b-9868-57a2d4851a1d" />
    <TestEntry testId="f17a0be8-0ad7-ebdb-31a2-b3861786fa2d" executionId="84b93b16-9941-44f0-804f-a2cd270cca99" testListId="8c84fa94-04c1-424b-9868-57a2d4851a1d" />
    <TestEntry testId="e981b783-ba20-69ca-ce5e-ccd3d77af862" executionId="78ab339d-5d30-4c1c-8be6-49a1b96c5fbd" testListId="8c84fa94-04c1-424b-9868-57a2d4851a1d" />
    <TestEntry testId="e8bcb687-9431-140d-5d3c-cba800f3c398" executionId="db8fdefd-bb13-49e6-9608-6b91566d8a7a" testListId="8c84fa94-04c1-424b-9868-57a2d4851a1d" />
    <TestEntry testId="3ac6cccb-0249-a43b-defc-3ba711624cfa" executionId="23c31406-be0d-4e25-9eac-2867f7722d98" testListId="8c84fa94-04c1-424b-9868-57a2d4851a1d" />
    <TestEntry testId="914cf768-903e-7810-b978-bf238f930c55" executionId="2f883219-bd4a-4987-a3cf-b731f00dc857" testListId="8c84fa94-04c1-424b-9868-57a2d4851a1d" />
    <TestEntry testId="65fb0e01-a9be-e7cc-01b4-314d7826ac69" executionId="9f47c0b4-de39-4110-aba2-c90e793b221d" testListId="8c84fa94-04c1-424b-9868-57a2d4851a1d" />
    <TestEntry testId="c2b35968-6517-96da-1dd0-d69445fd578f" executionId="81a352f6-b3a8-4ec6-98ce-9a16b71ce9bc" testListId="8c84fa94-04c1-424b-9868-57a2d4851a1d" />
    <TestEntry testId="ac99777b-71e9-0134-64b8-afb0354869d0" executionId="0c6e63f2-f140-4e10-b8fe-63de85440103" testListId="8c84fa94-04c1-424b-9868-57a2d4851a1d" />
    <TestEntry testId="d6a4b5e2-b245-252a-9f88-9ab7a9a4191e" executionId="f5470d79-9b29-4f80-b1d7-a48176df0f38" testListId="8c84fa94-04c1-424b-9868-57a2d4851a1d" />
    <TestEntry testId="4d997955-5374-b94e-ca50-521c2b0ad16e" executionId="3632d429-fbad-4b59-93e3-76e64dbae91f" testListId="8c84fa94-04c1-424b-9868-57a2d4851a1d" />
  </TestEntries>
  <TestLists>
    <TestList name="Results Not in a List" id="8c84fa94-04c1-424b-9868-57a2d4851a1d" />
    <TestList name="All Loaded Results" id="19431567-8539-422a-85d7-44ee4e166bda" />
  </TestLists>
  <ResultSummary outcome="Completed">
    <Counters total="15" executed="15" passed="15" failed="0" error="0" timeout="0" aborted="0" inconclusive="0" passedButRunAborted="0" notRunnable="0" notExecuted="0" disconnected="0" warning="0" completed="0" inProgress="0" pending="0" />
  </ResultSummary>
</TestRun>