<?xml version="1.0" encoding="UTF-8"?>
<TestRun id="4b5d14f9-5c54-4d3e-b34f-ea8f56f5c2b0" name="tfsmladm@TFSBUILD11 2015-09-28 09:43:45" runUser="REDMOND\tfsmladm" xmlns="http://microsoft.com/schemas/VisualStudio/TeamTest/2010">
  <Times creation="2015-09-28T09:43:45.7977991-07:00" queuing="2015-09-28T09:43:45.7977991-07:00" start="2015-09-28T09:43:45.8134243-07:00" finish="2015-09-28T09:43:45.8446771-07:00" />
  <TestSettings name="default" id="8bb32bce-f0a3-4254-8f09-779382dc179f">
    <Execution>
      <TestTypeSpecific />
    </Execution>
    <Deployment runDeploymentRoot="tfsmladm_TFSBUILD11 2015-09-28 09_43_45" />
    <Properties />
  </TestSettings>
  <Results>
    <UnitTestResult executionId="4f2d9f69-179c-4010-9a5b-33af3f383e12" testId="fc5f404d-d588-92dd-9bff-4fd0e379366c" testName="FakeTest" computerName="TFSBUILD11" duration="00:00:00.0034008" startTime="2015-09-28T09:43:45.7196679-07:00" endTime="2015-09-28T09:43:45.7509199-07:00" testType="13cdc9d9-ddb5-4fa4-a97d-d965ccfc6d4b" outcome="Passed" testListId="8c84fa94-04c1-424b-9868-57a2d4851a1d" relativeResultsDirectory="4f2d9f69-179c-4010-9a5b-33af3f383e12" />
  </Results>
  <TestDefinitions>
    <UnitTest name="FakeTest" storage="d:\v2.0\a1\_work\dbded102\bin\release.anycpu\vssf.interactiveclient\vssf.testframework.interactiveclient.l3.l0.tests\vssf.testframework.interactiveclient.l3.l0.tests.dll" id="fc5f404d-d588-92dd-9bff-4fd0e379366c">
      <Owners>
        <Owner name="johnmo" />
      </Owners>
      <Execution id="4f2d9f69-179c-4010-9a5b-33af3f383e12" />
      <TestMethod codeBase="D:\v2.0\A1\_work\dbded102\bin\Release.AnyCPU\Vssf.InteractiveClient\Vssf.TestFramework.InteractiveClient.L3.L0.Tests\Vssf.TestFramework.InteractiveClient.L3.L0.Tests.dll" adapterTypeName="Microsoft.VisualStudio.TestTools.TestTypes.Unit.UnitTestAdapter" className="MS.TF.Test.Fuzz.UnitTests.FuzzLibraryTests" name="FakeTest" />
    </UnitTest>
  </TestDefinitions>
  <TestEntries>
    <TestEntry testId="fc5f404d-d588-92dd-9bff-4fd0e379366c" executionId="4f2d9f69-179c-4010-9a5b-33af3f383e12" testListId="8c84fa94-04c1-424b-9868-57a2d4851a1d" />
  </TestEntries>
  <TestLists>
    <TestList name="Results Not in a List" id="8c84fa94-04c1-424b-9868-57a2d4851a1d" />
    <TestList name="All Loaded Results" id="19431567-8539-422a-85d7-44ee4e166bda" />
  </TestLists>
  <ResultSummary outcome="Completed">
    <Counters total="1" executed="1" passed="1" failed="0" error="0" timeout="0" aborted="0" inconclusive="0" passedButRunAborted="0" notRunnable="0" notExecuted="0" disconnected="0" warning="0" completed="0" inProgress="0" pending="0" />
  </ResultSummary>
</TestRun>