<?xml version="1.0" encoding="UTF-8"?>
<TestRun id="bae8a772-3229-4e38-84d7-ee5ae191a193" name="tfsmladm@TFSBUILD11 2015-09-28 09:43:44" runUser="REDMOND\tfsmladm" xmlns="http://microsoft.com/schemas/VisualStudio/TeamTest/2010">
  <Times creation="2015-09-28T09:43:44.8914846-07:00" queuing="2015-09-28T09:43:44.8914846-07:00" start="2015-09-28T09:43:44.8914846-07:00" finish="2015-09-28T09:43:44.9383635-07:00" />
  <TestSettings name="default" id="9ac6e9f9-049e-4e29-8fce-b3cfeb55e237">
    <Execution>
      <TestTypeSpecific />
    </Execution>
    <Deployment runDeploymentRoot="tfsmladm_TFSBUILD11 2015-09-28 09_43_44" />
    <Properties />
  </TestSettings>
  <Results>
    <UnitTestResult executionId="546342d1-514c-426a-bccb-27c311426825" testId="c6cd0401-7c04-ae9c-f3da-02fd6f3a4b5d" testName="FakeTest" computerName="TFSBUILD11" duration="00:00:00.0034852" startTime="2015-09-28T09:43:44.7977280-07:00" endTime="2015-09-28T09:43:44.8289802-07:00" testType="13cdc9d9-ddb5-4fa4-a97d-d965ccfc6d4b" outcome="Passed" testListId="8c84fa94-04c1-424b-9868-57a2d4851a1d" relativeResultsDirectory="546342d1-514c-426a-bccb-27c311426825" />
  </Results>
  <TestDefinitions>
    <UnitTest name="FakeTest" storage="d:\v2.0\a1\_work\dbded102\bin\release.anycpu\vssf.interactiveclient\vssf.testframework.interactiveclient.l2.common.l0.tests\vssf.testframework.interactiveclient.l2.common.l0.tests.dll" id="c6cd0401-7c04-ae9c-f3da-02fd6f3a4b5d">
      <Owners>
        <Owner name="johnmo" />
      </Owners>
      <Execution id="546342d1-514c-426a-bccb-27c311426825" />
      <TestMethod codeBase="D:\v2.0\A1\_work\dbded102\bin\Release.AnyCPU\Vssf.InteractiveClient\Vssf.TestFramework.InteractiveClient.L2.Common.L0.Tests\Vssf.TestFramework.InteractiveClient.L2.Common.L0.Tests.dll" adapterTypeName="Microsoft.VisualStudio.TestTools.TestTypes.Unit.UnitTestAdapter" className="MS.TF.Test.Fuzz.UnitTests.FuzzLibraryTests" name="FakeTest" />
    </UnitTest>
  </TestDefinitions>
  <TestEntries>
    <TestEntry testId="c6cd0401-7c04-ae9c-f3da-02fd6f3a4b5d" executionId="546342d1-514c-426a-bccb-27c311426825" testListId="8c84fa94-04c1-424b-9868-57a2d4851a1d" />
  </TestEntries>
  <TestLists>
    <TestList name="Results Not in a List" id="8c84fa94-04c1-424b-9868-57a2d4851a1d" />
    <TestList name="All Loaded Results" id="19431567-8539-422a-85d7-44ee4e166bda" />
  </TestLists>
  <ResultSummary outcome="Completed">
    <Counters total="1" executed="1" passed="1" failed="0" error="0" timeout="0" aborted="0" inconclusive="0" passedButRunAborted="0" notRunnable="0" notExecuted="0" disconnected="0" warning="0" completed="0" inProgress="0" pending="0" />
  </ResultSummary>
</TestRun>