<?xml version="1.0" encoding="UTF-8"?>
<TestRun id="e93e6ed1-ef14-4c10-b531-2283bc066135" name="tfsmladm@TFSBUILD11 2015-09-28 09:43:23" runUser="REDMOND\tfsmladm" xmlns="http://microsoft.com/schemas/VisualStudio/TeamTest/2010">
  <Times creation="2015-09-28T09:43:23.6712257-07:00" queuing="2015-09-28T09:43:23.6712257-07:00" start="2015-09-28T09:43:23.6712257-07:00" finish="2015-09-28T09:43:32.3280913-07:00" />
  <TestSettings name="default" id="683f125b-96a6-4aa0-ae28-a31c4cce0bb6">
    <Execution>
      <TestTypeSpecific />
    </Execution>
    <Deployment runDeploymentRoot="tfsmladm_TFSBUILD11 2015-09-28 09_43_23" />
    <Properties />
  </TestSettings>
  <Results>
    <UnitTestResult executionId="2db2c2f9-ddb0-4316-b978-da68356813ff" testId="b2e24c9d-73ff-b3d0-d877-1e9372848f41" testName="AccountEntitlementProcessor_Constructor_ThrowsWhenAccountRequestContextNull" computerName="TFSBUILD11" duration="00:00:00.0107679" startTime="2015-09-28T09:43:22.9524249-07:00" endTime="2015-09-28T09:43:23.0149296-07:00" testType="13cdc9d9-ddb5-4fa4-a97d-d965ccfc6d4b" outcome="Passed" testListId="8c84fa94-04c1-424b-9868-57a2d4851a1d" relativeResultsDirectory="2db2c2f9-ddb0-4316-b978-da68356813ff" />
    <UnitTestResult executionId="357d3afa-9459-4242-8966-aaae5ab1f787" testId="9f671690-06bb-936a-536d-57f286d50497" testName="AccountEntitlementProcessor_Constructor_ThrowsWhenAccountRequestContextIsNotAccount" computerName="TFSBUILD11" duration="00:00:00.2570866" startTime="2015-09-28T09:43:23.0305549-07:00" endTime="2015-09-28T09:43:23.2805730-07:00" testType="13cdc9d9-ddb5-4fa4-a97d-d965ccfc6d4b" outcome="Passed" testListId="8c84fa94-04c1-424b-9868-57a2d4851a1d" relativeResultsDirectory="357d3afa-9459-4242-8966-aaae5ab1f787" />
    <UnitTestResult executionId="d03a775f-4976-49ba-9604-8132a3113220" testId="11b2362d-25ff-fc6b-6859-2ab4ffb9ea47" testName="AccountEntitlementProcessor_Constructor_GetServiceCallsUseCorrectContext" computerName="TFSBUILD11" duration="00:00:00.2176957" startTime="2015-09-28T09:43:23.2805730-07:00" endTime="2015-09-28T09:43:23.4993382-07:00" testType="13cdc9d9-ddb5-4fa4-a97d-d965ccfc6d4b" outcome="Passed" testListId="8c84fa94-04c1-424b-9868-57a2d4851a1d" relativeResultsDirectory="d03a775f-4976-49ba-9604-8132a3113220" />
    <UnitTestResult executionId="0dd63c7d-2a79-4e8d-a9a5-224894a53a2b" testId="ac62c82e-20e7-8453-fcc6-fd68c2831a46" testName="AccountEntitlementProcessor_Reconcile_Downgrade6ExpressTo5ExpressWithAlreadyDisabledUser_HasNoChanges" computerName="TFSBUILD11" duration="00:00:00.0719480" startTime="2015-09-28T09:43:23.4993382-07:00" endTime="2015-09-28T09:43:23.5774688-07:00" testType="13cdc9d9-ddb5-4fa4-a97d-d965ccfc6d4b" outcome="Passed" testListId="8c84fa94-04c1-424b-9868-57a2d4851a1d" relativeResultsDirectory="0dd63c7d-2a79-4e8d-a9a5-224894a53a2b" />
    <UnitTestResult executionId="9a326c88-4919-4355-be3b-dcbe2c2c69a7" testId="b9627f2a-d16a-3a48-6e4c-b1ac48270c63" testName="AccountEntitlementProcessor_Reconcile_Downgrade6ExpressTo5Express_NonAccountOwnerIsDisabled" computerName="TFSBUILD11" duration="00:00:00.0125343" startTime="2015-09-28T09:43:23.5774688-07:00" endTime="2015-09-28T09:43:23.5930949-07:00" testType="13cdc9d9-ddb5-4fa4-a97d-d965ccfc6d4b" outcome="Passed" testListId="8c84fa94-04c1-424b-9868-57a2d4851a1d" relativeResultsDirectory="9a326c88-4919-4355-be3b-dcbe2c2c69a7" />
    <UnitTestResult executionId="267904ba-7a4b-4c93-9812-de816295d53b" testId="c8d0d9b8-1890-dfab-7411-9000e35f8730" testName="AccountEntitlementProcessor_Reconcile_Downgrade5Express1AdvancedTo5Express_NonAccountOwnerDisabled" computerName="TFSBUILD11" duration="00:00:00.0087861" startTime="2015-09-28T09:43:23.5930949-07:00" endTime="2015-09-28T09:43:23.5930949-07:00" testType="13cdc9d9-ddb5-4fa4-a97d-d965ccfc6d4b" outcome="Passed" testListId="8c84fa94-04c1-424b-9868-57a2d4851a1d" relativeResultsDirectory="267904ba-7a4b-4c93-9812-de816295d53b" />
    <UnitTestResult executionId="ac40df68-b977-46ca-ad02-c80bfbfb4721" testId="f4dc455d-de5e-4ea0-fc9e-e8668931adbd" testName="AccountEntitlementProcessor_Reconcile_Downgrade5Express1AdvancedTo5Express_PendingNonAccountOwnerDisabled" computerName="TFSBUILD11" duration="00:00:00.0089139" startTime="2015-09-28T09:43:23.5930949-07:00" endTime="2015-09-28T09:43:23.6087210-07:00" testType="13cdc9d9-ddb5-4fa4-a97d-d965ccfc6d4b" outcome="Passed" testListId="8c84fa94-04c1-424b-9868-57a2d4851a1d" relativeResultsDirectory="ac40df68-b977-46ca-ad02-c80bfbfb4721" />
    <UnitTestResult executionId="6d17d7fc-2536-4515-b9c2-9dd6eb1c71d8" testId="5d69b123-7638-7600-eeec-3bf518904555" testName="AccountEntitlementProcessor_Reconcile_DowngradeAccountOwnerWithAdvancedToExpress_NonAccountOwnerIsDisabled_AccountOwnerReassigned" computerName="TFSBUILD11" duration="00:00:00.0203747" startTime="2015-09-28T09:43:23.6087210-07:00" endTime="2015-09-28T09:43:23.6243468-07:00" testType="13cdc9d9-ddb5-4fa4-a97d-d965ccfc6d4b" outcome="Passed" testListId="8c84fa94-04c1-424b-9868-57a2d4851a1d" relativeResultsDirectory="6d17d7fc-2536-4515-b9c2-9dd6eb1c71d8" />
    <UnitTestResult executionId="513ad8eb-9461-4eea-af80-54c908d41e8b" testId="1b46c71e-fa20-352a-b310-942f81430eec" testName="AccountEntitlementProcessor_Reconcile_DowngradeAccountOwnerWithAdvancedToProfessional_AccountOwnerIsReassignedToProfessional" computerName="TFSBUILD11" duration="00:00:00.0097222" startTime="2015-09-28T09:43:23.6243468-07:00" endTime="2015-09-28T09:43:23.6399732-07:00" testType="13cdc9d9-ddb5-4fa4-a97d-d965ccfc6d4b" outcome="Passed" testListId="8c84fa94-04c1-424b-9868-57a2d4851a1d" relativeResultsDirectory="513ad8eb-9461-4eea-af80-54c908d41e8b" />
    <UnitTestResult executionId="b67c95c1-0ebe-417e-98e7-c2c5858ab117" testId="5ea82ae1-8946-b4a5-b1af-368512540215" testName="AccountEntitlementProcessor_Reconcile_RehydrateAccountNoChangeToAccountOwner_DisabledUserIsReEnabled" computerName="TFSBUILD11" duration="00:00:00.0176244" startTime="2015-09-28T09:43:23.6399732-07:00" endTime="2015-09-28T09:43:23.6555993-07:00" testType="13cdc9d9-ddb5-4fa4-a97d-d965ccfc6d4b" outcome="Passed" testListId="8c84fa94-04c1-424b-9868-57a2d4851a1d" relativeResultsDirectory="b67c95c1-0ebe-417e-98e7-c2c5858ab117" />
    <UnitTestResult executionId="d5983ffa-9a87-4d1d-bf29-4fb14d82828a" testId="d65c178b-65d9-9259-18f4-3a95c339f4e8" testName="AccountEntitlementProcessor_Reconcile_RehydrateAccountNoChangeToAccountOwner_PendingDisabledUserIsReEnabled" computerName="TFSBUILD11" duration="00:00:00.0094162" startTime="2015-09-28T09:43:23.6555993-07:00" endTime="2015-09-28T09:43:23.6712257-07:00" testType="13cdc9d9-ddb5-4fa4-a97d-d965ccfc6d4b" outcome="Passed" testListId="8c84fa94-04c1-424b-9868-57a2d4851a1d" relativeResultsDirectory="d5983ffa-9a87-4d1d-bf29-4fb14d82828a" />
    <UnitTestResult executionId="eb621245-302e-4625-a14d-2c5d05025413" testId="d3025566-4c27-a5a9-226e-a69bb9e39473" testName="AccountEntitlementProcessor_Reconcile_RehydrateAccount_AccountOwnerTakesOverNewLicense" computerName="TFSBUILD11" duration="00:00:00.0110665" startTime="2015-09-28T09:43:23.6712257-07:00" endTime="2015-09-28T09:43:23.6868513-07:00" testType="13cdc9d9-ddb5-4fa4-a97d-d965ccfc6d4b" outcome="Passed" testListId="8c84fa94-04c1-424b-9868-57a2d4851a1d" relativeResultsDirectory="eb621245-302e-4625-a14d-2c5d05025413" />
    <UnitTestResult executionId="35ee73ab-7bbc-4787-af56-69adbf7c6b56" testId="365ad5be-2d8b-0933-54ce-e0baa00741bf" testName="AccountEntitlementProcessor_Reconcile_NoChangeWhenAccountInvalid" computerName="TFSBUILD11" duration="00:00:00.0039745" startTime="2015-09-28T09:43:23.6868513-07:00" endTime="2015-09-28T09:43:23.6868513-07:00" testType="13cdc9d9-ddb5-4fa4-a97d-d965ccfc6d4b" outcome="Passed" testListId="8c84fa94-04c1-424b-9868-57a2d4851a1d" relativeResultsDirectory="35ee73ab-7bbc-4787-af56-69adbf7c6b56" />
    <UnitTestResult executionId="d499bb25-3b90-4f0b-8649-2a483fb22d89" testId="febf3739-e6aa-2dae-655c-33629048dcb5" testName="AccountEntitlementProcessor_AssignAvailable_UnassignedPendingAssignsLicense" computerName="TFSBUILD11" duration="00:00:00.0126648" startTime="2015-09-28T09:43:23.6868513-07:00" endTime="2015-09-28T09:43:23.7024777-07:00" testType="13cdc9d9-ddb5-4fa4-a97d-d965ccfc6d4b" outcome="Passed" testListId="8c84fa94-04c1-424b-9868-57a2d4851a1d" relativeResultsDirectory="d499bb25-3b90-4f0b-8649-2a483fb22d89" />
    <UnitTestResult executionId="b367956c-0eff-4922-8a7b-fb95086f8134" testId="1f54e210-4aad-0194-4dcb-c4ac8f4acbdf" testName="AccountEntitlementProcessor_AssignAvailable_UnassignedDisabledAssignsLicenseAndEnables" computerName="TFSBUILD11" duration="00:00:00.0105394" startTime="2015-09-28T09:43:23.7024777-07:00" endTime="2015-09-28T09:43:23.7181035-07:00" testType="13cdc9d9-ddb5-4fa4-a97d-d965ccfc6d4b" outcome="Passed" testListId="8c84fa94-04c1-424b-9868-57a2d4851a1d" relativeResultsDirectory="b367956c-0eff-4922-8a7b-fb95086f8134" />
    <UnitTestResult executionId="e44b0334-1f9a-43ec-8945-2699179beb78" testId="5b6a501c-a59e-3c6a-b07b-ad467b7088b0" testName="AccountEntitlementProcessor_AssignAvailable_AssignedActiveDoesNothing" computerName="TFSBUILD11" duration="00:00:00.0077434" startTime="2015-09-28T09:43:23.7181035-07:00" endTime="2015-09-28T09:43:23.7181035-07:00" testType="13cdc9d9-ddb5-4fa4-a97d-d965ccfc6d4b" outcome="Passed" testListId="8c84fa94-04c1-424b-9868-57a2d4851a1d" relativeResultsDirectory="e44b0334-1f9a-43ec-8945-2699179beb78" />
    <UnitTestResult executionId="c1707feb-0a37-4ccd-abac-1ebc3d3d03f6" testId="29915276-da42-4701-9ef4-406bc3f870c5" testName="AccountEntitlementProcessor_AssignAvailable_AssignedDisabledEnablesUser" computerName="TFSBUILD11" duration="00:00:00.0078699" startTime="2015-09-28T09:43:23.7181035-07:00" endTime="2015-09-28T09:43:23.7337302-07:00" testType="13cdc9d9-ddb5-4fa4-a97d-d965ccfc6d4b" outcome="Passed" testListId="8c84fa94-04c1-424b-9868-57a2d4851a1d" relativeResultsDirectory="c1707feb-0a37-4ccd-abac-1ebc3d3d03f6" />
    <UnitTestResult executionId="662f5faf-a73e-4cdc-9266-dfdd2e593f83" testId="d77ced81-53f9-6a61-1e66-81fedd5061aa" testName="AccountEntitlementProcessor_AssignAvailable_AccountOwnerAssigned" computerName="TFSBUILD11" duration="00:00:00.0089301" startTime="2015-09-28T09:43:23.7337302-07:00" endTime="2015-09-28T09:43:23.7337302-07:00" testType="13cdc9d9-ddb5-4fa4-a97d-d965ccfc6d4b" outcome="Passed" testListId="8c84fa94-04c1-424b-9868-57a2d4851a1d" relativeResultsDirectory="662f5faf-a73e-4cdc-9266-dfdd2e593f83" />
    <UnitTestResult executionId="063c8067-bd74-4b17-8d0e-5d0848bd3b9c" testId="0a09080f-cf35-28f2-9a37-b209ba4b564f" testName="AccountEntitlementProcessor_AssignAvailable_AccountOwnerAssignedWithMsdnLicense" computerName="TFSBUILD11" duration="00:00:00.0113734" startTime="2015-09-28T09:43:23.7337302-07:00" endTime="2015-09-28T09:43:23.7493566-07:00" testType="13cdc9d9-ddb5-4fa4-a97d-d965ccfc6d4b" outcome="Passed" testListId="8c84fa94-04c1-424b-9868-57a2d4851a1d" relativeResultsDirectory="063c8067-bd74-4b17-8d0e-5d0848bd3b9c" />
    <UnitTestResult executionId="90bcfba1-a4b3-480e-8f8e-1c27cf810e1b" testId="073b26dd-e621-6c15-747b-48db3ebb78be" testName="AccountEntitlementProcessor_AssignAvailable_AccountOwnerAssignedDisablesLastUser" computerName="TFSBUILD11" duration="00:00:00.0131597" startTime="2015-09-28T09:43:23.7493566-07:00" endTime="2015-09-28T09:43:23.7649827-07:00" testType="13cdc9d9-ddb5-4fa4-a97d-d965ccfc6d4b" outcome="Passed" testListId="8c84fa94-04c1-424b-9868-57a2d4851a1d" relativeResultsDirectory="90bcfba1-a4b3-480e-8f8e-1c27cf810e1b" />
    <UnitTestResult executionId="362177e4-598a-46f5-a9a5-43f7603bb19f" testId="6316bbff-29ec-ab4c-d875-157279723728" testName="AccountEntitlementProcessor_AssignAvailable_NoChangeWhenAccountInvalid" computerName="TFSBUILD11" duration="00:00:00.0045903" startTime="2015-09-28T09:43:23.7649827-07:00" endTime="2015-09-28T09:43:23.7649827-07:00" testType="13cdc9d9-ddb5-4fa4-a97d-d965ccfc6d4b" outcome="Passed" testListId="8c84fa94-04c1-424b-9868-57a2d4851a1d" relativeResultsDirectory="362177e4-598a-46f5-a9a5-43f7603bb19f" />
    <UnitTestResult executionId="c0262027-b210-4550-8eec-99c3b95f1c69" testId="0c6c8af5-2470-7a00-5842-488eb6474735" testName="AccountEntitlementProcessor_Assign_UnassignedPendingAssignsLicense" computerName="TFSBUILD11" duration="00:00:00.0122765" startTime="2015-09-28T09:43:23.7649827-07:00" endTime="2015-09-28T09:43:23.7806085-07:00" testType="13cdc9d9-ddb5-4fa4-a97d-d965ccfc6d4b" outcome="Passed" testListId="8c84fa94-04c1-424b-9868-57a2d4851a1d" relativeResultsDirectory="c0262027-b210-4550-8eec-99c3b95f1c69" />
    <UnitTestResult executionId="30e356bc-f608-4fc7-9f9e-e3f5a7e91803" testId="44456b41-a45e-5259-114f-908d492e736c" testName="AccountEntitlementProcessor_Assign_UnassignedDisabledAssignsLicenseAndEnables" computerName="TFSBUILD11" duration="00:00:00.0091471" startTime="2015-09-28T09:43:23.7806085-07:00" endTime="2015-09-28T09:43:23.7806085-07:00" testType="13cdc9d9-ddb5-4fa4-a97d-d965ccfc6d4b" outcome="Passed" testListId="8c84fa94-04c1-424b-9868-57a2d4851a1d" relativeResultsDirectory="30e356bc-f608-4fc7-9f9e-e3f5a7e91803" />
    <UnitTestResult executionId="1e7375bb-b9b8-4540-a50d-af9d990a9e6d" testId="34097c4c-e17d-51c3-12fd-6b90f264f351" testName="AccountEntitlementProcessor_Assign_AssignedActiveDoesNothing" computerName="TFSBUILD11" duration="00:00:00.0083879" startTime="2015-09-28T09:43:23.7806085-07:00" endTime="2015-09-28T09:43:23.7962346-07:00" testType="13cdc9d9-ddb5-4fa4-a97d-d965ccfc6d4b" outcome="Passed" testListId="8c84fa94-04c1-424b-9868-57a2d4851a1d" relativeResultsDirectory="1e7375bb-b9b8-4540-a50d-af9d990a9e6d" />
    <UnitTestResult executionId="9967f7be-9283-45c8-8fe6-ea6c57872b55" testId="2fddf385-00dd-f181-3e73-26e7f3c78629" testName="AccountEntitlementProcessor_Assign_AssignedDisabledEnablesUser" computerName="TFSBUILD11" duration="00:00:00.0091693" startTime="2015-09-28T09:43:23.7962346-07:00" endTime="2015-09-28T09:43:23.8118605-07:00" testType="13cdc9d9-ddb5-4fa4-a97d-d965ccfc6d4b" outcome="Passed" testListId="8c84fa94-04c1-424b-9868-57a2d4851a1d" relativeResultsDirectory="9967f7be-9283-45c8-8fe6-ea6c57872b55" />
    <UnitTestResult executionId="af14964d-6ff5-4c40-876e-d18a1957c43f" testId="09ab51f3-21e8-f9f9-2a73-cc7a5420a5dc" testName="AccountEntitlementProcessor_Assign_AccountOwnerAssigned" computerName="TFSBUILD11" duration="00:00:00.0095649" startTime="2015-09-28T09:43:23.8118605-07:00" endTime="2015-09-28T09:43:23.8118605-07:00" testType="13cdc9d9-ddb5-4fa4-a97d-d965ccfc6d4b" outcome="Passed" testListId="8c84fa94-04c1-424b-9868-57a2d4851a1d" relativeResultsDirectory="af14964d-6ff5-4c40-876e-d18a1957c43f" />
    <UnitTestResult executionId="6a0fa0f3-a27c-449a-881d-d187c65e3028" testId="39c4d1b9-dc27-6a7c-ffe0-613cc4b09c92" testName="AccountEntitlementProcessor_Assign_AccountOwnerWhenNoRoomIsNotAssigned" computerName="TFSBUILD11" duration="00:00:00.0069085" startTime="2015-09-28T09:43:23.8118605-07:00" endTime="2015-09-28T09:43:23.8274871-07:00" testType="13cdc9d9-ddb5-4fa4-a97d-d965ccfc6d4b" outcome="Passed" testListId="8c84fa94-04c1-424b-9868-57a2d4851a1d" relativeResultsDirectory="6a0fa0f3-a27c-449a-881d-d187c65e3028" />
    <UnitTestResult executionId="6e098cbc-bdbe-4ef5-941b-577727d6d7f9" testId="83053536-8a5d-a52c-f3ba-8b698148ae0f" testName="AccountEntitlementProcessor_Assign_AccountOwnerEarlyAdopterNotModified" computerName="TFSBUILD11" duration="00:00:00.0103230" startTime="2015-09-28T09:43:23.8274871-07:00" endTime="2015-09-28T09:43:23.8274871-07:00" testType="13cdc9d9-ddb5-4fa4-a97d-d965ccfc6d4b" outcome="Passed" testListId="8c84fa94-04c1-424b-9868-57a2d4851a1d" relativeResultsDirectory="6e098cbc-bdbe-4ef5-941b-577727d6d7f9" />
    <UnitTestResult executionId="222b88ad-2133-4720-a8a4-a005f5cf46a2" testId="d718f28e-6f36-0a29-71af-e64046558fc5" testName="AccountEntitlementProcessor_Assign_NonAccountOwnerEarlyAdopterNotModified" computerName="TFSBUILD11" duration="00:00:00.0090959" startTime="2015-09-28T09:43:23.8274871-07:00" endTime="2015-09-28T09:43:23.8431127-07:00" testType="13cdc9d9-ddb5-4fa4-a97d-d965ccfc6d4b" outcome="Passed" testListId="8c84fa94-04c1-424b-9868-57a2d4851a1d" relativeResultsDirectory="222b88ad-2133-4720-a8a4-a005f5cf46a2" />
    <UnitTestResult executionId="32c2e68f-eb6a-497e-9fde-1d55da20081b" testId="15a4b244-1228-1de9-7d02-17851e982736" testName="AccountEntitlementProcessor_Assign_NoChangeWhenAccountInvalid" computerName="TFSBUILD11" duration="00:00:00.0042151" startTime="2015-09-28T09:43:23.8431127-07:00" endTime="2015-09-28T09:43:23.8431127-07:00" testType="13cdc9d9-ddb5-4fa4-a97d-d965ccfc6d4b" outcome="Passed" testListId="8c84fa94-04c1-424b-9868-57a2d4851a1d" relativeResultsDirectory="32c2e68f-eb6a-497e-9fde-1d55da20081b" />
    <UnitTestResult executionId="71a34a62-16da-4b7f-b409-71244849e442" testId="614f158e-372f-bd9f-6219-6f31c5826511" testName="AccountEntitlementProcessor_Assign_DoesNotThrowNullReferenceWhenUserIsMissing" computerName="TFSBUILD11" duration="00:00:00.0161461" startTime="2015-09-28T09:43:23.8431127-07:00" endTime="2015-09-28T09:43:23.8587388-07:00" testType="13cdc9d9-ddb5-4fa4-a97d-d965ccfc6d4b" outcome="Passed" testListId="8c84fa94-04c1-424b-9868-57a2d4851a1d" relativeResultsDirectory="71a34a62-16da-4b7f-b409-71244849e442" />
    <UnitTestResult executionId="a11ea51c-7b82-464a-b61e-0062b258b00a" testId="a8ced472-6d79-d61f-5963-c27bf35d0a0d" testName="EnsureLicenseAccountEventSubscriber_ProcessEvent_ForCreate_CallsAssignAvailable" computerName="TFSBUILD11" duration="00:00:00.1459345" startTime="2015-09-28T09:43:23.8587388-07:00" endTime="2015-09-28T09:43:24.0149996-07:00" testType="13cdc9d9-ddb5-4fa4-a97d-d965ccfc6d4b" outcome="Passed" testListId="8c84fa94-04c1-424b-9868-57a2d4851a1d" relativeResultsDirectory="a11ea51c-7b82-464a-b61e-0062b258b00a" />
    <UnitTestResult executionId="87668fd0-8ade-445c-bd8a-946204864446" testId="4f3d34cd-e364-754f-44d8-3df93c2f7874" testName="EnsureLicenseAccountEventSubscriber_ProcessEvent_ForPrecreate_DoesNotCallAssignAvailable" computerName="TFSBUILD11" duration="00:00:00.0057326" startTime="2015-09-28T09:43:24.0149996-07:00" endTime="2015-09-28T09:43:24.0149996-07:00" testType="13cdc9d9-ddb5-4fa4-a97d-d965ccfc6d4b" outcome="Passed" testListId="8c84fa94-04c1-424b-9868-57a2d4851a1d" relativeResultsDirectory="87668fd0-8ade-445c-bd8a-946204864446" />
    <UnitTestResult executionId="8bce2bba-8400-4623-ab4b-209bf86294d0" testId="0e56c391-82c0-4bc2-9452-01c00a631632" testName="EnsureLicenseAccountEventSubscriber_ProcessEvent_ForAssign_CallsAssignAvailable" computerName="TFSBUILD11" duration="00:00:00.0071122" startTime="2015-09-28T09:43:24.0149996-07:00" endTime="2015-09-28T09:43:24.0149996-07:00" testType="13cdc9d9-ddb5-4fa4-a97d-d965ccfc6d4b" outcome="Passed" testListId="8c84fa94-04c1-424b-9868-57a2d4851a1d" relativeResultsDirectory="8bce2bba-8400-4623-ab4b-209bf86294d0" />
    <UnitTestResult executionId="6409c245-d7f2-4668-ba61-5f39eee2f0d9" testId="7ef81200-42cc-672a-d6d4-bc8abb2da41b" testName="EnsureLicenseAccountEventSubscriber_ProcessEvent_ForRenameNoAssign_DoesNotCallAssignAvailable" computerName="TFSBUILD11" duration="00:00:00.0054300" startTime="2015-09-28T09:43:24.0149996-07:00" endTime="2015-09-28T09:43:24.0306260-07:00" testType="13cdc9d9-ddb5-4fa4-a97d-d965ccfc6d4b" outcome="Passed" testListId="8c84fa94-04c1-424b-9868-57a2d4851a1d" relativeResultsDirectory="6409c245-d7f2-4668-ba61-5f39eee2f0d9" />
    <UnitTestResult executionId="8b2d6c00-6644-4840-b4bb-4257dc180665" testId="c8d20601-2115-c0d8-497f-58708ffd408f" testName="AccountEntitlementChangedEventSubscriber_ProcessEvent_ForAssignedEntitlement" computerName="TFSBUILD11" duration="00:00:00.0387569" startTime="2015-09-28T09:43:24.0306260-07:00" endTime="2015-09-28T09:43:24.0618788-07:00" testType="13cdc9d9-ddb5-4fa4-a97d-d965ccfc6d4b" outcome="Passed" testListId="8c84fa94-04c1-424b-9868-57a2d4851a1d" relativeResultsDirectory="8b2d6c00-6644-4840-b4bb-4257dc180665" />
    <UnitTestResult executionId="325120e2-7398-4479-9317-8e0998bbc0c7" testId="c3388923-690f-1579-d290-6a2d72898775" testName="AccountEntitlementChangedEventSubscriber_ProcessEvent_ForUpdatedEntitlement" computerName="TFSBUILD11" duration="00:00:00.0030244" startTime="2015-09-28T09:43:24.0618788-07:00" endTime="2015-09-28T09:43:24.0775046-07:00" testType="13cdc9d9-ddb5-4fa4-a97d-d965ccfc6d4b" outcome="Passed" testListId="8c84fa94-04c1-424b-9868-57a2d4851a1d" relativeResultsDirectory="325120e2-7398-4479-9317-8e0998bbc0c7" />
    <UnitTestResult executionId="20187764-1522-4ee1-bb01-1415bd93eeca" testId="bbf6b12e-6856-c64b-9297-0ba07d515f6b" testName="AccountEntitlementChangedEventSubscriber_ProcessEvent_ForRemovedEntitlement" computerName="TFSBUILD11" duration="00:00:00.0026803" startTime="2015-09-28T09:43:24.0775046-07:00" endTime="2015-09-28T09:43:24.0775046-07:00" testType="13cdc9d9-ddb5-4fa4-a97d-d965ccfc6d4b" outcome="Passed" testListId="8c84fa94-04c1-424b-9868-57a2d4851a1d" relativeResultsDirectory="20187764-1522-4ee1-bb01-1415bd93eeca" />
    <UnitTestResult executionId="3e3648b1-e083-4931-a71d-4289708d61f3" testId="7715ae6a-d6f6-38e3-0190-6b9ff1585f5c" testName="AccountRightsChangedEventSubscriber_ProcessEvent_WithDecisionPointNotification" computerName="TFSBUILD11" duration="00:00:00.0263426" startTime="2015-09-28T09:43:24.0775046-07:00" endTime="2015-09-28T09:43:24.0931307-07:00" testType="13cdc9d9-ddb5-4fa4-a97d-d965ccfc6d4b" outcome="Passed" testListId="8c84fa94-04c1-424b-9868-57a2d4851a1d" relativeResultsDirectory="3e3648b1-e083-4931-a71d-4289708d61f3" />
    <UnitTestResult executionId="ada61335-fb1c-478c-9f34-bfd6a35627a2" testId="1fce20f0-5285-c7b6-6320-4698e340c379" testName="AccountRightsChangedEventSubscriber_ProcessEvent_WithNotification" computerName="TFSBUILD11" duration="00:00:00.0534205" startTime="2015-09-28T09:43:24.0931307-07:00" endTime="2015-09-28T09:43:24.1556349-07:00" testType="13cdc9d9-ddb5-4fa4-a97d-d965ccfc6d4b" outcome="Passed" testListId="8c84fa94-04c1-424b-9868-57a2d4851a1d" relativeResultsDirectory="ada61335-fb1c-478c-9f34-bfd6a35627a2" />
    <UnitTestResult executionId="a1b96c18-66e9-464b-b20d-940f65827dff" testId="a34626d9-8cfb-ed45-f8d9-453fe3837d43" testName="AccountUserRemovedEventSubscriber_ProcessEvent_ForAdded" computerName="TFSBUILD11" duration="00:00:00.0169349" startTime="2015-09-28T09:43:24.1556349-07:00" endTime="2015-09-28T09:43:24.1712621-07:00" testType="13cdc9d9-ddb5-4fa4-a97d-d965ccfc6d4b" outcome="Passed" testListId="8c84fa94-04c1-424b-9868-57a2d4851a1d" relativeResultsDirectory="a1b96c18-66e9-464b-b20d-940f65827dff" />
    <UnitTestResult executionId="14739c62-fcb3-4f8d-85f2-0a19e04d9a96" testId="11d883f3-5175-3b72-9542-d731161aceba" testName="AccountUserRemovedEventSubscriber_ProcessEvent_ForUpdated" computerName="TFSBUILD11" duration="00:00:00.0012526" startTime="2015-09-28T09:43:24.1712621-07:00" endTime="2015-09-28T09:43:24.1712621-07:00" testType="13cdc9d9-ddb5-4fa4-a97d-d965ccfc6d4b" outcome="Passed" testListId="8c84fa94-04c1-424b-9868-57a2d4851a1d" relativeResultsDirectory="14739c62-fcb3-4f8d-85f2-0a19e04d9a96" />
    <UnitTestResult executionId="ec9e1a55-5afd-4856-93e1-d08f55864bc5" testId="d79a5656-4bc4-ff79-954d-5edc9f2baa3b" testName="AccountUserRemovedEventSubscriber_ProcessEvent_ForRemoved" computerName="TFSBUILD11" duration="00:00:00.0023213" startTime="2015-09-28T09:43:24.1712621-07:00" endTime="2015-09-28T09:43:24.1712621-07:00" testType="13cdc9d9-ddb5-4fa4-a97d-d965ccfc6d4b" outcome="Passed" testListId="8c84fa94-04c1-424b-9868-57a2d4851a1d" relativeResultsDirectory="ec9e1a55-5afd-4856-93e1-d08f55864bc5" />
    <UnitTestResult executionId="3cbfac6c-ea26-4b94-804d-f19da18aefd2" testId="f2faa77d-cae2-1b9e-ca15-6f1d2e3ab4fd" testName="GetEntitlements_ReturnsJsonContent" computerName="TFSBUILD11" duration="00:00:00.0939654" startTime="2015-09-28T09:43:24.1712621-07:00" endTime="2015-09-28T09:43:24.2650180-07:00" testType="13cdc9d9-ddb5-4fa4-a97d-d965ccfc6d4b" outcome="Passed" testListId="8c84fa94-04c1-424b-9868-57a2d4851a1d" relativeResultsDirectory="3cbfac6c-ea26-4b94-804d-f19da18aefd2" />
    <UnitTestResult executionId="5f1d5489-369b-453c-9f30-4b392600aec8" testId="94d51d2e-1050-0a93-8110-3e49707c154f" testName="GetEntitlements_ReturnsHTTP_OK_WhenReturnedEntitlementsAreAnEmptyList" computerName="TFSBUILD11" duration="00:00:00.0095396" startTime="2015-09-28T09:43:24.2650180-07:00" endTime="2015-09-28T09:43:24.2806441-07:00" testType="13cdc9d9-ddb5-4fa4-a97d-d965ccfc6d4b" outcome="Passed" testListId="8c84fa94-04c1-424b-9868-57a2d4851a1d" relativeResultsDirectory="5f1d5489-369b-453c-9f30-4b392600aec8" />
    <UnitTestResult executionId="f64ef51b-8943-45fa-945b-d135dfe689ce" testId="2f0e89ba-fc0b-cdb9-5cde-e49d147b72f4" testName="GetEntitlements_ReturnsHTTP_OK_WhenAllEntitlementsAreFound" computerName="TFSBUILD11" duration="00:00:00.0044910" startTime="2015-09-28T09:43:24.2806441-07:00" endTime="2015-09-28T09:43:24.2806441-07:00" testType="13cdc9d9-ddb5-4fa4-a97d-d965ccfc6d4b" outcome="Passed" testListId="8c84fa94-04c1-424b-9868-57a2d4851a1d" relativeResultsDirectory="f64ef51b-8943-45fa-945b-d135dfe689ce" />
    <UnitTestResult executionId="0890c26b-a69d-47cb-a65d-53410ab0808f" testId="5022aa35-9954-9196-5727-98f88164a412" testName="GetEntitlements_ReturnsHTTP_NotFound_WhenFeatureIsDisabled" computerName="TFSBUILD11" duration="00:00:00.0055335" startTime="2015-09-28T09:43:24.2806441-07:00" endTime="2015-09-28T09:43:24.2962699-07:00" testType="13cdc9d9-ddb5-4fa4-a97d-d965ccfc6d4b" outcome="Passed" testListId="8c84fa94-04c1-424b-9868-57a2d4851a1d" relativeResultsDirectory="0890c26b-a69d-47cb-a65d-53410ab0808f" />
    <UnitTestResult executionId="7378bb7c-1de5-494e-b943-4c9ca9163b36" testId="33e73ff2-3b15-f7e0-d727-bddd54321bcb" testName="GetEntitlements_ReturnsHTTP_ServiceUnavailable_WhenExceptionIsThrownFromTheLicensingService" computerName="TFSBUILD11" duration="00:00:00.0106598" startTime="2015-09-28T09:43:24.2962699-07:00" endTime="2015-09-28T09:43:24.2962699-07:00" testType="13cdc9d9-ddb5-4fa4-a97d-d965ccfc6d4b" outcome="Passed" testListId="8c84fa94-04c1-424b-9868-57a2d4851a1d" relativeResultsDirectory="7378bb7c-1de5-494e-b943-4c9ca9163b36" />
    <UnitTestResult executionId="a702ea8b-6433-42c7-a626-89dd2d561f62" testId="04fa00df-cae5-7755-fb7c-ec65692fa814" testName="GetCertificate_ReturnsByteContent" computerName="TFSBUILD11" duration="00:00:00.0059585" startTime="2015-09-28T09:43:24.2962699-07:00" endTime="2015-09-28T09:43:24.3118966-07:00" testType="13cdc9d9-ddb5-4fa4-a97d-d965ccfc6d4b" outcome="Passed" testListId="8c84fa94-04c1-424b-9868-57a2d4851a1d" relativeResultsDirectory="a702ea8b-6433-42c7-a626-89dd2d561f62" />
    <UnitTestResult executionId="07e731c1-4182-4332-bf1c-c9c6d3268623" testId="1fb790dc-2b01-a2a9-6b55-741d51287198" testName="GetCertificate_ReturnsHTTP_OK" computerName="TFSBUILD11" duration="00:00:00.0030398" startTime="2015-09-28T09:43:24.3118966-07:00" endTime="2015-09-28T09:43:24.3118966-07:00" testType="13cdc9d9-ddb5-4fa4-a97d-d965ccfc6d4b" outcome="Passed" testListId="8c84fa94-04c1-424b-9868-57a2d4851a1d" relativeResultsDirectory="07e731c1-4182-4332-bf1c-c9c6d3268623" />
    <UnitTestResult executionId="e612aab9-cfed-49d4-b5e1-7b0605ebea7d" testId="dde49555-20c7-363b-638d-1c81655c03b7" testName="GetClientRights_GeneratesQueryContext" computerName="TFSBUILD11" duration="00:00:00.0148104" startTime="2015-09-28T09:43:24.3118966-07:00" endTime="2015-09-28T09:43:24.3275224-07:00" testType="13cdc9d9-ddb5-4fa4-a97d-d965ccfc6d4b" outcome="Passed" testListId="8c84fa94-04c1-424b-9868-57a2d4851a1d" relativeResultsDirectory="e612aab9-cfed-49d4-b5e1-7b0605ebea7d" />
    <UnitTestResult executionId="cfe8b0cc-04b8-4039-a0b0-b9c116d8d52f" testId="baf5053a-e8b7-be02-d4bd-641d0b5ea643" testName="GetClientRights_GeneratesQueryContext_WithSplitMachineId" computerName="TFSBUILD11" duration="00:00:00.0060270" startTime="2015-09-28T09:43:24.3275224-07:00" endTime="2015-09-28T09:43:24.3275224-07:00" testType="13cdc9d9-ddb5-4fa4-a97d-d965ccfc6d4b" outcome="Passed" testListId="8c84fa94-04c1-424b-9868-57a2d4851a1d" relativeResultsDirectory="cfe8b0cc-04b8-4039-a0b0-b9c116d8d52f" />
    <UnitTestResult executionId="d44dfb94-dead-4ca4-b1db-703630930746" testId="d0ee1eda-3d6f-6f14-2081-de0a89ea0d30" testName="GetClientRights_GeneratesTelemetryContext_NoApplicableTelemetryParameters" computerName="TFSBUILD11" duration="00:00:00.0147651" startTime="2015-09-28T09:43:24.3275224-07:00" endTime="2015-09-28T09:43:24.3431491-07:00" testType="13cdc9d9-ddb5-4fa4-a97d-d965ccfc6d4b" outcome="Passed" testListId="8c84fa94-04c1-424b-9868-57a2d4851a1d" relativeResultsDirectory="d44dfb94-dead-4ca4-b1db-703630930746" />
    <UnitTestResult executionId="04f014c1-0aa7-45d2-9788-b4582d2cb5ad" testId="8d6c1793-2ebe-6b26-e0c4-5e935fdb1d33" testName="GetClientRights_GeneratesTelemetryContext_TelemetryParameterNameAcceptsOnlyAlphaChars" computerName="TFSBUILD11" duration="00:00:00.0042077" startTime="2015-09-28T09:43:24.3431491-07:00" endTime="2015-09-28T09:43:24.3431491-07:00" testType="13cdc9d9-ddb5-4fa4-a97d-d965ccfc6d4b" outcome="Passed" testListId="8c84fa94-04c1-424b-9868-57a2d4851a1d" relativeResultsDirectory="04f014c1-0aa7-45d2-9788-b4582d2cb5ad" />
    <UnitTestResult executionId="816d40de-a203-4023-b451-0c688ba55f1f" testId="a678f7b6-503b-4b82-d38c-850876017048" testName="GetClientRights_GeneratesTelemetryContext_TelemetryParameterNameIsMax100Chars" computerName="TFSBUILD11" duration="00:00:00.0045650" startTime="2015-09-28T09:43:24.3431491-07:00" endTime="2015-09-28T09:43:24.3587746-07:00" testType="13cdc9d9-ddb5-4fa4-a97d-d965ccfc6d4b" outcome="Passed" testListId="8c84fa94-04c1-424b-9868-57a2d4851a1d" relativeResultsDirectory="816d40de-a203-4023-b451-0c688ba55f1f" />
    <UnitTestResult executionId="4151b538-dac7-4900-a6be-3878e9a23fba" testId="452ef22c-20d8-2b6e-256f-30ed5a9c215c" testName="GetClientRights_GeneratesTelemetryContext_TelemetryParameterValueIsMax1000Chars" computerName="TFSBUILD11" duration="00:00:00.0043804" startTime="2015-09-28T09:43:24.3587746-07:00" endTime="2015-09-28T09:43:24.3587746-07:00" testType="13cdc9d9-ddb5-4fa4-a97d-d965ccfc6d4b" outcome="Passed" testListId="8c84fa94-04c1-424b-9868-57a2d4851a1d" relativeResultsDirectory="4151b538-dac7-4900-a6be-3878e9a23fba" />
    <UnitTestResult executionId="68cc87aa-9974-4821-908c-bb49dad576ae" testId="66d7431d-b582-aa0a-a730-6892179da67a" testName="GetClientRights_GeneratesTelemetryContext_WithSplitMachineId" computerName="TFSBUILD11" duration="00:00:00.0049658" startTime="2015-09-28T09:43:24.3587746-07:00" endTime="2015-09-28T09:43:24.3587746-07:00" testType="13cdc9d9-ddb5-4fa4-a97d-d965ccfc6d4b" outcome="Passed" testListId="8c84fa94-04c1-424b-9868-57a2d4851a1d" relativeResultsDirectory="68cc87aa-9974-4821-908c-bb49dad576ae" />
    <UnitTestResult executionId="b9429865-65f5-46ab-a5ec-bc5988a815eb" testId="77e0c7e9-4680-7716-3f13-7f5169fcf775" testName="GetClientRights_GeneratesTelemetryContext_WithParameters" computerName="TFSBUILD11" duration="00:00:00.0058097" startTime="2015-09-28T09:43:24.3587746-07:00" endTime="2015-09-28T09:43:24.3744010-07:00" testType="13cdc9d9-ddb5-4fa4-a97d-d965ccfc6d4b" outcome="Passed" testListId="8c84fa94-04c1-424b-9868-57a2d4851a1d" relativeResultsDirectory="b9429865-65f5-46ab-a5ec-bc5988a815eb" />
    <UnitTestResult executionId="441eb54e-d6b5-4af2-87d1-afb59b681a1d" testId="b80f8a42-1b8c-d5c2-c685-91833ad9b645" testName="GetClientRights_GeneratesTelemetryContext_WithMax100Items" computerName="TFSBUILD11" duration="00:00:00.0138962" startTime="2015-09-28T09:43:24.3744010-07:00" endTime="2015-09-28T09:43:24.3900269-07:00" testType="13cdc9d9-ddb5-4fa4-a97d-d965ccfc6d4b" outcome="Passed" testListId="8c84fa94-04c1-424b-9868-57a2d4851a1d" relativeResultsDirectory="441eb54e-d6b5-4af2-87d1-afb59b681a1d" />
    <UnitTestResult executionId="f00fc561-22fb-4e4c-9b41-b7c9db8b6e1a" testId="bfb46776-2fa5-4711-c2eb-c706195b61f4" testName="GetClientRights_ReturnsJsonContent" computerName="TFSBUILD11" duration="00:00:00.0035609" startTime="2015-09-28T09:43:24.3900269-07:00" endTime="2015-09-28T09:43:24.3900269-07:00" testType="13cdc9d9-ddb5-4fa4-a97d-d965ccfc6d4b" outcome="Passed" testListId="8c84fa94-04c1-424b-9868-57a2d4851a1d" relativeResultsDirectory="f00fc561-22fb-4e4c-9b41-b7c9db8b6e1a" />
    <UnitTestResult executionId="e30b9717-9d22-45f4-bada-ce54459a4611" testId="0fe6a781-1e30-ccdf-d47f-e5926de2cd9b" testName="GetClientRights_ReturnsHTTP_OK_WhenReturnedClientRightsToken" computerName="TFSBUILD11" duration="00:00:00.0034594" startTime="2015-09-28T09:43:24.3900269-07:00" endTime="2015-09-28T09:43:24.3900269-07:00" testType="13cdc9d9-ddb5-4fa4-a97d-d965ccfc6d4b" outcome="Passed" testListId="8c84fa94-04c1-424b-9868-57a2d4851a1d" relativeResultsDirectory="e30b9717-9d22-45f4-bada-ce54459a4611" />
    <UnitTestResult executionId="47123ac3-5da0-4293-a0b8-cfe7a284d0b4" testId="35502e15-9c35-927b-e4bc-951cf107c47a" testName="GetServiceRights_ReturnsJsonContent" computerName="TFSBUILD11" duration="00:00:00.4794648" startTime="2015-09-28T09:43:24.3900269-07:00" endTime="2015-09-28T09:43:24.8744366-07:00" testType="13cdc9d9-ddb5-4fa4-a97d-d965ccfc6d4b" outcome="Passed" testListId="8c84fa94-04c1-424b-9868-57a2d4851a1d" relativeResultsDirectory="47123ac3-5da0-4293-a0b8-cfe7a284d0b4" />
    <UnitTestResult executionId="b76850ec-1327-4372-8a4c-be87c36b43e0" testId="bf512c35-70ca-2daa-0938-db9ee8da9e02" testName="GetServiceRights_ReturnsHTTP_OK_WhenAllRightsAreFound" computerName="TFSBUILD11" duration="00:00:00.0303746" startTime="2015-09-28T09:43:24.8744366-07:00" endTime="2015-09-28T09:43:24.9056879-07:00" testType="13cdc9d9-ddb5-4fa4-a97d-d965ccfc6d4b" outcome="Passed" testListId="8c84fa94-04c1-424b-9868-57a2d4851a1d" relativeResultsDirectory="b76850ec-1327-4372-8a4c-be87c36b43e0" />
    <UnitTestResult executionId="8bc5e0e4-7234-4611-98c4-6252956ded0f" testId="ad79a7ee-6c15-ce6a-32e5-71e1023036b5" testName="GetServiceRights_ReturnsHTTP_OK_WhenRightsAreFound" computerName="TFSBUILD11" duration="00:00:00.0410887" startTime="2015-09-28T09:43:24.9056879-07:00" endTime="2015-09-28T09:43:24.9369405-07:00" testType="13cdc9d9-ddb5-4fa4-a97d-d965ccfc6d4b" outcome="Passed" testListId="8c84fa94-04c1-424b-9868-57a2d4851a1d" relativeResultsDirectory="8bc5e0e4-7234-4611-98c4-6252956ded0f" />
    <UnitTestResult executionId="af18f346-d5d4-4b55-b1d4-db32f883a5c7" testId="46881f50-3f03-9362-6484-63266deef3a4" testName="GetServiceRights_ReturnsHTTP_OK_WhenReturnedRightsAreAnEmptyList" computerName="TFSBUILD11" duration="00:00:00.0304514" startTime="2015-09-28T09:43:24.9369405-07:00" endTime="2015-09-28T09:43:24.9681921-07:00" testType="13cdc9d9-ddb5-4fa4-a97d-d965ccfc6d4b" outcome="Passed" testListId="8c84fa94-04c1-424b-9868-57a2d4851a1d" relativeResultsDirectory="af18f346-d5d4-4b55-b1d4-db32f883a5c7" />
    <UnitTestResult executionId="feb28cb2-67eb-4a03-a785-9b3d9e065a72" testId="c2629215-26c1-2b90-c599-c5271c9927a6" testName="GetServiceRights_ReturnsHTTP_OK_WhenReturnedRightsIsNull" computerName="TFSBUILD11" duration="00:00:00.0389662" startTime="2015-09-28T09:43:24.9681921-07:00" endTime="2015-09-28T09:43:25.0150713-07:00" testType="13cdc9d9-ddb5-4fa4-a97d-d965ccfc6d4b" outcome="Passed" testListId="8c84fa94-04c1-424b-9868-57a2d4851a1d" relativeResultsDirectory="feb28cb2-67eb-4a03-a785-9b3d9e065a72" />
    <UnitTestResult executionId="bfecbcf8-5a33-4d67-9371-bc802b0654eb" testId="8afe3738-8725-e525-a950-3c3030a1f36b" testName="GetAccountLicensesUsageRights_ReturnsJsonContent" computerName="TFSBUILD11" duration="00:00:00.0580402" startTime="2015-09-28T09:43:25.0150713-07:00" endTime="2015-09-28T09:43:25.0775752-07:00" testType="13cdc9d9-ddb5-4fa4-a97d-d965ccfc6d4b" outcome="Passed" testListId="8c84fa94-04c1-424b-9868-57a2d4851a1d" relativeResultsDirectory="bfecbcf8-5a33-4d67-9371-bc802b0654eb" />
    <UnitTestResult executionId="691e0500-a3e3-43bf-8864-309aa7b13d13" testId="5a4c49e0-15d1-fcfc-5cf8-3993731a9176" testName="GetAccountLicensesUsageRights_ReturnsHTTP_OK_WhenAllUsagesAreFound" computerName="TFSBUILD11" duration="00:00:00.0272044" startTime="2015-09-28T09:43:25.0775752-07:00" endTime="2015-09-28T09:43:25.0932016-07:00" testType="13cdc9d9-ddb5-4fa4-a97d-d965ccfc6d4b" outcome="Passed" testListId="8c84fa94-04c1-424b-9868-57a2d4851a1d" relativeResultsDirectory="691e0500-a3e3-43bf-8864-309aa7b13d13" />
    <UnitTestResult executionId="64f2dfd1-628c-43d3-b128-69f433cac868" testId="af00ae9a-4f4f-ccb1-dda4-bc56ff9ac283" testName="GetAccountLicensesUsageRights_ReturnsHTTP_OK_WhenReturnedUsagesAreAnEmptyList" computerName="TFSBUILD11" duration="00:00:00.0274701" startTime="2015-09-28T09:43:25.0932016-07:00" endTime="2015-09-28T09:43:25.1244541-07:00" testType="13cdc9d9-ddb5-4fa4-a97d-d965ccfc6d4b" outcome="Passed" testListId="8c84fa94-04c1-424b-9868-57a2d4851a1d" relativeResultsDirectory="64f2dfd1-628c-43d3-b128-69f433cac868" />
    <UnitTestResult executionId="0010b9c1-9755-47aa-bf19-dc3664556a37" testId="0b579150-3e5c-11f2-7164-090c114cc153" testName="GetAccountLicensesUsageRights_ReturnsHTTP_OK_WhenReturnedUsagesIsNull" computerName="TFSBUILD11" duration="00:00:00.0284233" startTime="2015-09-28T09:43:25.1244541-07:00" endTime="2015-09-28T09:43:25.1557060-07:00" testType="13cdc9d9-ddb5-4fa4-a97d-d965ccfc6d4b" outcome="Passed" testListId="8c84fa94-04c1-424b-9868-57a2d4851a1d" relativeResultsDirectory="0010b9c1-9755-47aa-bf19-dc3664556a37" />
    <UnitTestResult executionId="019cbc80-4aba-4a8f-a6bd-33f64258f545" testId="221cbe8f-d846-a737-5e1a-b6fb4f294561" testName="GetUsageRights_ReturnsJsonContent" computerName="TFSBUILD11" duration="00:00:00.0074945" startTime="2015-09-28T09:43:25.1557060-07:00" endTime="2015-09-28T09:43:25.1713318-07:00" testType="13cdc9d9-ddb5-4fa4-a97d-d965ccfc6d4b" outcome="Passed" testListId="8c84fa94-04c1-424b-9868-57a2d4851a1d" relativeResultsDirectory="019cbc80-4aba-4a8f-a6bd-33f64258f545" />
    <UnitTestResult executionId="7250771e-32c1-40bb-9746-d4dd2bb00ff8" testId="14e6580c-ea79-7b3b-a7d4-053efce89b8c" testName="GetUsageRights_ReturnsHTTP_OK_WhenAllRightsAreFound" computerName="TFSBUILD11" duration="00:00:00.0028737" startTime="2015-09-28T09:43:25.1713318-07:00" endTime="2015-09-28T09:43:25.1713318-07:00" testType="13cdc9d9-ddb5-4fa4-a97d-d965ccfc6d4b" outcome="Passed" testListId="8c84fa94-04c1-424b-9868-57a2d4851a1d" relativeResultsDirectory="7250771e-32c1-40bb-9746-d4dd2bb00ff8" />
    <UnitTestResult executionId="49df87ad-6b5e-4164-88cd-345afed3c0fa" testId="3bce5ff9-b3e2-e565-4252-9e6ec2c44c02" testName="GetUsageRights_ReturnsHTTP_OK_WhenRightsAreFound" computerName="TFSBUILD11" duration="00:00:00.0032986" startTime="2015-09-28T09:43:25.1713318-07:00" endTime="2015-09-28T09:43:25.1713318-07:00" testType="13cdc9d9-ddb5-4fa4-a97d-d965ccfc6d4b" outcome="Passed" testListId="8c84fa94-04c1-424b-9868-57a2d4851a1d" relativeResultsDirectory="49df87ad-6b5e-4164-88cd-345afed3c0fa" />
    <UnitTestResult executionId="c0e411fb-6e8e-42c6-a012-f5ec8563572f" testId="341c3888-ddab-32c3-8e8d-1e7833e4c793" testName="GetUsageRights_ReturnsHTTP_OK_WhenReturnedRightsAreAnEmptyList" computerName="TFSBUILD11" duration="00:00:00.0026385" startTime="2015-09-28T09:43:25.1713318-07:00" endTime="2015-09-28T09:43:25.1713318-07:00" testType="13cdc9d9-ddb5-4fa4-a97d-d965ccfc6d4b" outcome="Passed" testListId="8c84fa94-04c1-424b-9868-57a2d4851a1d" relativeResultsDirectory="c0e411fb-6e8e-42c6-a012-f5ec8563572f" />
    <UnitTestResult executionId="c2345a4b-a8d7-4ac5-9254-19de1033c6e4" testId="c7968aea-f39d-84f4-5000-e791fc4888fc" testName="GetUsageRights_ReturnsHTTP_OK_WhenReturnedRightsIsNull" computerName="TFSBUILD11" duration="00:00:00.0028085" startTime="2015-09-28T09:43:25.1713318-07:00" endTime="2015-09-28T09:43:25.1713318-07:00" testType="13cdc9d9-ddb5-4fa4-a97d-d965ccfc6d4b" outcome="Passed" testListId="8c84fa94-04c1-424b-9868-57a2d4851a1d" relativeResultsDirectory="c2345a4b-a8d7-4ac5-9254-19de1033c6e4" />
    <UnitTestResult executionId="cc8a3476-e215-4788-95c3-87e9c883be4e" testId="6044a486-841c-d5b5-25ad-7d4b9546ffc3" testName="GetEntitlement_CallsComponentMethod_WithAccountRequestContext" computerName="TFSBUILD11" duration="00:00:00.0389087" startTime="2015-09-28T09:43:25.1713318-07:00" endTime="2015-09-28T09:43:25.2182107-07:00" testType="13cdc9d9-ddb5-4fa4-a97d-d965ccfc6d4b" outcome="Passed" testListId="8c84fa94-04c1-424b-9868-57a2d4851a1d" relativeResultsDirectory="cc8a3476-e215-4788-95c3-87e9c883be4e" />
    <UnitTestResult executionId="3acb104d-c78c-4196-b2f4-0db81be0809e" testId="c14b5cb4-219b-255e-de6e-30284cb0d37c" testName="GetEntitlement_Throws_WhenDeploymentRequestContextIsPassed" computerName="TFSBUILD11" duration="00:00:00.0392350" startTime="2015-09-28T09:43:25.2182107-07:00" endTime="2015-09-28T09:43:25.2494632-07:00" testType="13cdc9d9-ddb5-4fa4-a97d-d965ccfc6d4b" outcome="Passed" testListId="8c84fa94-04c1-424b-9868-57a2d4851a1d" relativeResultsDirectory="3acb104d-c78c-4196-b2f4-0db81be0809e" />
    <UnitTestResult executionId="33776c1a-89cd-44e5-a8a3-84473d9a8454" testId="c3603cbb-f5fc-f47c-e087-bec12b714ffd" testName="GetEntitlements_CallsComponentMethod_WithAccountRequestContext" computerName="TFSBUILD11" duration="00:00:00.0304007" startTime="2015-09-28T09:43:25.2494632-07:00" endTime="2015-09-28T09:43:25.2807152-07:00" testType="13cdc9d9-ddb5-4fa4-a97d-d965ccfc6d4b" outcome="Passed" testListId="8c84fa94-04c1-424b-9868-57a2d4851a1d" relativeResultsDirectory="33776c1a-89cd-44e5-a8a3-84473d9a8454" />
    <UnitTestResult executionId="2adbc027-2f90-4859-90e8-7342372cc6ec" testId="429a0f12-8153-856b-cad0-9734fe2ecf3a" testName="GetEntitlements_Throws_WhenDeploymentRequestContextIsPassed" computerName="TFSBUILD11" duration="00:00:00.0382514" startTime="2015-09-28T09:43:25.2807152-07:00" endTime="2015-09-28T09:43:25.3275935-07:00" testType="13cdc9d9-ddb5-4fa4-a97d-d965ccfc6d4b" outcome="Passed" testListId="8c84fa94-04c1-424b-9868-57a2d4851a1d" relativeResultsDirectory="2adbc027-2f90-4859-90e8-7342372cc6ec" />
    <UnitTestResult executionId="e466e4a0-3429-4702-806e-966fcab159b0" testId="d10b3044-0111-ac1e-0058-67ccc3e78875" testName="GetEntitlements_ReturnsAnEmptyList_WhenComponentReturnsNull" computerName="TFSBUILD11" duration="00:00:00.0318525" startTime="2015-09-28T09:43:25.3275935-07:00" endTime="2015-09-28T09:43:25.3588455-07:00" testType="13cdc9d9-ddb5-4fa4-a97d-d965ccfc6d4b" outcome="Passed" testListId="8c84fa94-04c1-424b-9868-57a2d4851a1d" relativeResultsDirectory="e466e4a0-3429-4702-806e-966fcab159b0" />
    <UnitTestResult executionId="681e4994-85f1-4795-857a-bba26a1268f7" testId="d5e2e1fc-e066-a620-1ea4-5999c2601d55" testName="DeleteEntitlement_Throws_WhenDeploymentRequestContextIsPassed" computerName="TFSBUILD11" duration="00:00:00.0507382" startTime="2015-09-28T09:43:25.3588455-07:00" endTime="2015-09-28T09:43:25.4057235-07:00" testType="13cdc9d9-ddb5-4fa4-a97d-d965ccfc6d4b" outcome="Passed" testListId="8c84fa94-04c1-424b-9868-57a2d4851a1d" relativeResultsDirectory="681e4994-85f1-4795-857a-bba26a1268f7" />
    <UnitTestResult executionId="4e798ede-d68a-4002-8f2e-72661c87a8a1" testId="745615c9-43dc-6c35-00a8-44ac405a77b1" testName="DeleteEntitlement_CallsComponentMethod_WithAccountRequestContext" computerName="TFSBUILD11" duration="00:00:00.1688507" startTime="2015-09-28T09:43:25.4057235-07:00" endTime="2015-09-28T09:43:25.5776110-07:00" testType="13cdc9d9-ddb5-4fa4-a97d-d965ccfc6d4b" outcome="Passed" testListId="8c84fa94-04c1-424b-9868-57a2d4851a1d" relativeResultsDirectory="4e798ede-d68a-4002-8f2e-72661c87a8a1" />
    <UnitTestResult executionId="185b923e-63b1-46dd-80fa-b234ff890bcb" testId="7ac999a6-de17-8dd7-1414-ca5cda8a2f13" testName="AssignEntitlement_Throws_WhenDeploymentRequestContextIsPassed" computerName="TFSBUILD11" duration="00:00:00.0462400" startTime="2015-09-28T09:43:25.5776110-07:00" endTime="2015-09-28T09:43:25.6244896-07:00" testType="13cdc9d9-ddb5-4fa4-a97d-d965ccfc6d4b" outcome="Passed" testListId="8c84fa94-04c1-424b-9868-57a2d4851a1d" relativeResultsDirectory="185b923e-63b1-46dd-80fa-b234ff890bcb" />
    <UnitTestResult executionId="4fe386b1-869e-4852-b081-80287aa860d0" testId="2ef1f016-361e-d5af-04cc-fc17385d4d2c" testName="AssignEntitlement_CallsComponentMethod_WithAccountRequestContext" computerName="TFSBUILD11" duration="00:00:00.0351763" startTime="2015-09-28T09:43:25.6244896-07:00" endTime="2015-09-28T09:43:25.6557421-07:00" testType="13cdc9d9-ddb5-4fa4-a97d-d965ccfc6d4b" outcome="Passed" testListId="8c84fa94-04c1-424b-9868-57a2d4851a1d" relativeResultsDirectory="4fe386b1-869e-4852-b081-80287aa860d0" />
    <UnitTestResult executionId="4f4d9d9e-4a38-4ea6-a0a6-f9452b74545c" testId="01fb6908-427b-6cd5-5027-497c873fae77" testName="GetLicensesCount_Throws_WhenDeploymentRequestContextIsPassed" computerName="TFSBUILD11" duration="00:00:00.0492875" startTime="2015-09-28T09:43:25.6557421-07:00" endTime="2015-09-28T09:43:25.7026205-07:00" testType="13cdc9d9-ddb5-4fa4-a97d-d965ccfc6d4b" outcome="Passed" testListId="8c84fa94-04c1-424b-9868-57a2d4851a1d" relativeResultsDirectory="4f4d9d9e-4a38-4ea6-a0a6-f9452b74545c" />
    <UnitTestResult executionId="b1a28fb0-d857-4dfc-b602-37228ee65863" testId="68a047b4-ef62-203b-c72c-58a9fea876d3" testName="GetLicensesCount_CallsComponentMethod_WithAccountRequestContext" computerName="TFSBUILD11" duration="00:00:00.0323059" startTime="2015-09-28T09:43:25.7026205-07:00" endTime="2015-09-28T09:43:25.7338721-07:00" testType="13cdc9d9-ddb5-4fa4-a97d-d965ccfc6d4b" outcome="Passed" testListId="8c84fa94-04c1-424b-9868-57a2d4851a1d" relativeResultsDirectory="b1a28fb0-d857-4dfc-b602-37228ee65863" />
    <UnitTestResult executionId="1c29a849-4733-444a-85af-73d71633723c" testId="944cd9ea-1a9a-6aa2-1c99-753dac498759" testName="GetLicensesCount_ReturnsAnEmptyList_WhenComponentReturnsNull" computerName="TFSBUILD11" duration="00:00:00.0292425" startTime="2015-09-28T09:43:25.7338721-07:00" endTime="2015-09-28T09:43:25.7651255-07:00" testType="13cdc9d9-ddb5-4fa4-a97d-d965ccfc6d4b" outcome="Passed" testListId="8c84fa94-04c1-424b-9868-57a2d4851a1d" relativeResultsDirectory="1c29a849-4733-444a-85af-73d71633723c" />
    <UnitTestResult executionId="73830adf-da68-4ed7-90f8-c12357eae699" testId="c23e023b-8415-07e8-abf4-ac8f23ab2fb1" testName="UpdateUserLastAccessed_CallsComponentMethod" computerName="TFSBUILD11" duration="00:00:00.0339324" startTime="2015-09-28T09:43:25.7651255-07:00" endTime="2015-09-28T09:43:25.8120024-07:00" testType="13cdc9d9-ddb5-4fa4-a97d-d965ccfc6d4b" outcome="Passed" testListId="8c84fa94-04c1-424b-9868-57a2d4851a1d" relativeResultsDirectory="73830adf-da68-4ed7-90f8-c12357eae699" />
    <UnitTestResult executionId="510d8c0d-5f62-4ca0-b785-2067639dd527" testId="9e2e7e7f-b044-a17a-b0c4-ad4b6479aca8" testName="IsInRange_BuildLabMatches_CaseInsensitive" computerName="TFSBUILD11" duration="00:00:00.0006306" startTime="2015-09-28T09:43:25.8120024-07:00" endTime="2015-09-28T09:43:25.8120024-07:00" testType="13cdc9d9-ddb5-4fa4-a97d-d965ccfc6d4b" outcome="Passed" testListId="8c84fa94-04c1-424b-9868-57a2d4851a1d" relativeResultsDirectory="510d8c0d-5f62-4ca0-b785-2067639dd527" />
    <UnitTestResult executionId="31f590ba-ea6f-488d-9b82-7a53b113bba1" testId="14527351-d1d6-6500-a223-8742e1dd420b" testName="IsInRange_BuildLabIsWildCard" computerName="TFSBUILD11" duration="00:00:00.0003009" startTime="2015-09-28T09:43:25.8120024-07:00" endTime="2015-09-28T09:43:25.8120024-07:00" testType="13cdc9d9-ddb5-4fa4-a97d-d965ccfc6d4b" outcome="Passed" testListId="8c84fa94-04c1-424b-9868-57a2d4851a1d" relativeResultsDirectory="31f590ba-ea6f-488d-9b82-7a53b113bba1" />
    <UnitTestResult executionId="99895c62-5092-4ebc-983c-e6eae01fcbc8" testId="b5d774fc-f3df-5282-d5f6-14d677d0c0d2" testName="IsInRange_BuildLabDoesNotMatch" computerName="TFSBUILD11" duration="00:00:00.0003583" startTime="2015-09-28T09:43:25.8120024-07:00" endTime="2015-09-28T09:43:25.8120024-07:00" testType="13cdc9d9-ddb5-4fa4-a97d-d965ccfc6d4b" outcome="Passed" testListId="8c84fa94-04c1-424b-9868-57a2d4851a1d" relativeResultsDirectory="99895c62-5092-4ebc-983c-e6eae01fcbc8" />
    <UnitTestResult executionId="9bab8c87-92e5-4050-bbed-1ae1933a97b2" testId="7f7b6bd2-671b-1c37-a4bf-974719b3e14e" testName="IsInRange_VersionMatches" computerName="TFSBUILD11" duration="00:00:00.0003427" startTime="2015-09-28T09:43:25.8120024-07:00" endTime="2015-09-28T09:43:25.8120024-07:00" testType="13cdc9d9-ddb5-4fa4-a97d-d965ccfc6d4b" outcome="Passed" testListId="8c84fa94-04c1-424b-9868-57a2d4851a1d" relativeResultsDirectory="9bab8c87-92e5-4050-bbed-1ae1933a97b2" />
    <UnitTestResult executionId="9a7ea670-c853-4199-a476-7f78c5cc5f61" testId="27322b61-9202-c55e-6b7e-5505e7ab3cee" testName="IsInRange_VersionDoesNotMatches" computerName="TFSBUILD11" duration="00:00:00.0003248" startTime="2015-09-28T09:43:25.8120024-07:00" endTime="2015-09-28T09:43:25.8120024-07:00" testType="13cdc9d9-ddb5-4fa4-a97d-d965ccfc6d4b" outcome="Passed" testListId="8c84fa94-04c1-424b-9868-57a2d4851a1d" relativeResultsDirectory="9a7ea670-c853-4199-a476-7f78c5cc5f61" />
    <UnitTestResult executionId="0c5e3871-2cf8-443f-994f-acf1f513c613" testId="334334c5-a25c-a70d-5c63-023527649bda" testName="Start_WillThrowWhenPassedNullRequestContext" computerName="TFSBUILD11" duration="00:00:00.0206267" startTime="2015-09-28T09:43:25.8120024-07:00" endTime="2015-09-28T09:43:25.8276296-07:00" testType="13cdc9d9-ddb5-4fa4-a97d-d965ccfc6d4b" outcome="Passed" testListId="8c84fa94-04c1-424b-9868-57a2d4851a1d" relativeResultsDirectory="0c5e3871-2cf8-443f-994f-acf1f513c613" />
    <UnitTestResult executionId="445e4c4a-f11b-4491-9f49-822f6f22944f" testId="4f7df149-8baf-7756-34d6-bd6b0cc8367e" testName="Start_WillThrowWhenPassedNullServiceSettings" computerName="TFSBUILD11" duration="00:00:00.0134268" startTime="2015-09-28T09:43:25.8276296-07:00" endTime="2015-09-28T09:43:25.8432549-07:00" testType="13cdc9d9-ddb5-4fa4-a97d-d965ccfc6d4b" outcome="Passed" testListId="8c84fa94-04c1-424b-9868-57a2d4851a1d" relativeResultsDirectory="445e4c4a-f11b-4491-9f49-822f6f22944f" />
    <UnitTestResult executionId="11dff80a-a0ca-4f21-9f0e-a108ffb77781" testId="1b891b37-a58a-7dda-b6ae-dba980eb97ed" testName="Start_WillCallAdaptersStart" computerName="TFSBUILD11" duration="00:00:00.0264692" startTime="2015-09-28T09:43:25.8432549-07:00" endTime="2015-09-28T09:43:25.8745074-07:00" testType="13cdc9d9-ddb5-4fa4-a97d-d965ccfc6d4b" outcome="Passed" testListId="8c84fa94-04c1-424b-9868-57a2d4851a1d" relativeResultsDirectory="11dff80a-a0ca-4f21-9f0e-a108ffb77781" />
    <UnitTestResult executionId="92b16ee3-ccd3-4192-9abf-8fdcfc94495d" testId="bb5a6f4e-b40f-1a4a-a244-591f3d3e74a8" testName="Stop_WillCallAdaptersStop" computerName="TFSBUILD11" duration="00:00:00.0144969" startTime="2015-09-28T09:43:25.8745074-07:00" endTime="2015-09-28T09:43:25.8901332-07:00" testType="13cdc9d9-ddb5-4fa4-a97d-d965ccfc6d4b" outcome="Passed" testListId="8c84fa94-04c1-424b-9868-57a2d4851a1d" relativeResultsDirectory="92b16ee3-ccd3-4192-9abf-8fdcfc94495d" />
    <UnitTestResult executionId="06252750-4771-4942-9d8a-def2d2b5845b" testId="6c8fddec-05ce-1288-1c7b-8611f49a723b" testName="GetClientAdapters_ReturnsAllAdapters" computerName="TFSBUILD11" duration="00:00:00.0006951" startTime="2015-09-28T09:43:25.8901332-07:00" endTime="2015-09-28T09:43:25.8901332-07:00" testType="13cdc9d9-ddb5-4fa4-a97d-d965ccfc6d4b" outcome="Passed" testListId="8c84fa94-04c1-424b-9868-57a2d4851a1d" relativeResultsDirectory="06252750-4771-4942-9d8a-def2d2b5845b" />
    <UnitTestResult executionId="c599bca8-9192-44a5-8509-17b750031120" testId="ae2b3101-f7ab-fdd2-19ee-f22d2e85b0ba" testName="GetClientAdapters_VisualStudioRightReturnsExpectedLicensingAdapters" computerName="TFSBUILD11" duration="00:00:00.0005378" startTime="2015-09-28T09:43:25.8901332-07:00" endTime="2015-09-28T09:43:25.8901332-07:00" testType="13cdc9d9-ddb5-4fa4-a97d-d965ccfc6d4b" outcome="Passed" testListId="8c84fa94-04c1-424b-9868-57a2d4851a1d" relativeResultsDirectory="c599bca8-9192-44a5-8509-17b750031120" />
    <UnitTestResult executionId="2361f8ac-9cac-4af7-89ab-1cbe0a46493c" testId="51bb6661-d3f8-cb4c-9c25-35feb6d5ae4d" testName="GetClientAdapters_VisualStudioExpressRightReturnsExpectedLicensingAdapters" computerName="TFSBUILD11" duration="00:00:00.0005228" startTime="2015-09-28T09:43:25.8901332-07:00" endTime="2015-09-28T09:43:25.8901332-07:00" testType="13cdc9d9-ddb5-4fa4-a97d-d965ccfc6d4b" outcome="Passed" testListId="8c84fa94-04c1-424b-9868-57a2d4851a1d" relativeResultsDirectory="2361f8ac-9cac-4af7-89ab-1cbe0a46493c" />
    <UnitTestResult executionId="146876a3-1292-479a-8871-ce6f1d050549" testId="65e0aa7a-4c87-4927-eec0-54949ed6dc55" testName="Start_WillThrowWhenPassedNullRequestContext" computerName="TFSBUILD11" duration="00:00:00.0475723" startTime="2015-09-28T09:43:25.8901332-07:00" endTime="2015-09-28T09:43:25.9370121-07:00" testType="13cdc9d9-ddb5-4fa4-a97d-d965ccfc6d4b" outcome="Passed" testListId="8c84fa94-04c1-424b-9868-57a2d4851a1d" relativeResultsDirectory="146876a3-1292-479a-8871-ce6f1d050549" />
    <UnitTestResult executionId="da7d2f22-2088-4023-90a3-4feb1dc905fa" testId="336cf182-0a41-49cf-11a7-65de90165c31" testName="Start_WillThrowWhenPassedNullServiceSettings" computerName="TFSBUILD11" duration="00:00:00.0239734" startTime="2015-09-28T09:43:25.9370121-07:00" endTime="2015-09-28T09:43:25.9526377-07:00" testType="13cdc9d9-ddb5-4fa4-a97d-d965ccfc6d4b" outcome="Passed" testListId="8c84fa94-04c1-424b-9868-57a2d4851a1d" relativeResultsDirectory="da7d2f22-2088-4023-90a3-4feb1dc905fa" />
    <UnitTestResult executionId="9e84265e-45a7-4d3c-ab2c-195b2853b315" testId="0cf10257-8f63-0ddc-a4aa-65ed4f34d533" testName="Stop_WillThrowWhenPassedNullRequestContext" computerName="TFSBUILD11" duration="00:00:00.0135264" startTime="2015-09-28T09:43:25.9526377-07:00" endTime="2015-09-28T09:43:25.9682644-07:00" testType="13cdc9d9-ddb5-4fa4-a97d-d965ccfc6d4b" outcome="Passed" testListId="8c84fa94-04c1-424b-9868-57a2d4851a1d" relativeResultsDirectory="9e84265e-45a7-4d3c-ab2c-195b2853b315" />
    <UnitTestResult executionId="78ebd184-ef8b-4cc3-a72d-e9bb23da4705" testId="a12dfeaf-384b-cd91-e726-80f193278a0e" testName="GetEntitlements_HandleValidIsAcivated_True" computerName="TFSBUILD11" duration="00:00:00.1583962" startTime="2015-09-28T09:43:25.9682644-07:00" endTime="2015-09-28T09:43:26.1245249-07:00" testType="13cdc9d9-ddb5-4fa4-a97d-d965ccfc6d4b" outcome="Passed" testListId="8c84fa94-04c1-424b-9868-57a2d4851a1d" relativeResultsDirectory="78ebd184-ef8b-4cc3-a72d-e9bb23da4705" />
    <UnitTestResult executionId="8ffa69f2-1c4c-4d81-8fdf-5cd123094299" testId="1393f629-74d7-ed3a-54d1-25b537466705" testName="GetEntitlements_HandleValidIsAcivated_False" computerName="TFSBUILD11" duration="00:00:00.0157897" startTime="2015-09-28T09:43:26.1245249-07:00" endTime="2015-09-28T09:43:26.1401524-07:00" testType="13cdc9d9-ddb5-4fa4-a97d-d965ccfc6d4b" outcome="Passed" testListId="8c84fa94-04c1-424b-9868-57a2d4851a1d" relativeResultsDirectory="8ffa69f2-1c4c-4d81-8fdf-5cd123094299" />
    <UnitTestResult executionId="517ce85b-e3e0-466e-996b-18f2f770bfe2" testId="1270357b-d502-f63d-a57d-670d2855d868" testName="GetEntitlements_HandleValidIsAcivated_Null" computerName="TFSBUILD11" duration="00:00:00.0155425" startTime="2015-09-28T09:43:26.1401524-07:00" endTime="2015-09-28T09:43:26.1557774-07:00" testType="13cdc9d9-ddb5-4fa4-a97d-d965ccfc6d4b" outcome="Passed" testListId="8c84fa94-04c1-424b-9868-57a2d4851a1d" relativeResultsDirectory="517ce85b-e3e0-466e-996b-18f2f770bfe2" />
    <UnitTestResult executionId="08b56eee-3186-42c0-9e6c-a77a0e4583a2" testId="d3075b2d-d993-e904-eeab-c7f3745323c9" testName="GetEntitlements_ThrowsServiceUnavailableException_WhenConnectionIssuesWithSubscriptionsApi" computerName="TFSBUILD11" startTime="2015-09-28T09:43:26.1557774-07:00" endTime="2015-09-28T09:43:26.1557774-07:00" testType="13cdc9d9-ddb5-4fa4-a97d-d965ccfc6d4b" outcome="NotExecuted" testListId="8c84fa94-04c1-424b-9868-57a2d4851a1d" relativeResultsDirectory="08b56eee-3186-42c0-9e6c-a77a0e4583a2" />
    <UnitTestResult executionId="e829c150-82a0-4596-aac2-7a9587e3d335" testId="ee2d3494-5f4b-fc68-f807-d8770b920c7e" testName="GetRights_WillThrowWhenPassedNullRequestContext" computerName="TFSBUILD11" duration="00:00:00.0275259" startTime="2015-09-28T09:43:26.1557774-07:00" endTime="2015-09-28T09:43:26.1870299-07:00" testType="13cdc9d9-ddb5-4fa4-a97d-d965ccfc6d4b" outcome="Passed" testListId="8c84fa94-04c1-424b-9868-57a2d4851a1d" relativeResultsDirectory="e829c150-82a0-4596-aac2-7a9587e3d335" />
    <UnitTestResult executionId="89a417ed-df28-4f08-a88b-8637be178ef4" testId="106e2321-450d-2a7d-ba62-c7f01022b658" testName="GetRights_WillThrowWhenPassedNullQueryContext" computerName="TFSBUILD11" duration="00:00:00.0146741" startTime="2015-09-28T09:43:26.1870299-07:00" endTime="2015-09-28T09:43:26.2026552-07:00" testType="13cdc9d9-ddb5-4fa4-a97d-d965ccfc6d4b" outcome="Passed" testListId="8c84fa94-04c1-424b-9868-57a2d4851a1d" relativeResultsDirectory="89a417ed-df28-4f08-a88b-8637be178ef4" />
    <UnitTestResult executionId="ca3274a5-0f51-4bc5-843f-95b01340331d" testId="5bb03446-e23d-3909-5f3c-c5a10e616514" testName="GetRights_WillReturnNoRightsWhenRequestContexHasNoIdentity" computerName="TFSBUILD11" duration="00:00:00.0228123" startTime="2015-09-28T09:43:26.2026552-07:00" endTime="2015-09-28T09:43:26.2339082-07:00" testType="13cdc9d9-ddb5-4fa4-a97d-d965ccfc6d4b" outcome="Passed" testListId="8c84fa94-04c1-424b-9868-57a2d4851a1d" relativeResultsDirectory="ca3274a5-0f51-4bc5-843f-95b01340331d" />
    <UnitTestResult executionId="e385a504-4df3-4163-a854-d19a2463e740" testId="dd68b97c-8578-470e-c50e-ff08dcc1f7a3" testName="GetRights_WillLogWarningWhenRequestContexHasNoIdentity" computerName="TFSBUILD11" duration="00:00:00.0168100" startTime="2015-09-28T09:43:26.2339082-07:00" endTime="2015-09-28T09:43:26.2495344-07:00" testType="13cdc9d9-ddb5-4fa4-a97d-d965ccfc6d4b" outcome="Passed" testListId="8c84fa94-04c1-424b-9868-57a2d4851a1d" relativeResultsDirectory="e385a504-4df3-4163-a854-d19a2463e740" />
    <UnitTestResult executionId="87db105f-2e81-4a8d-9fd1-24744ace59cf" testId="f54869f2-0c1f-d6bc-456d-4578c9f3c6ec" testName="GetRights_WillLogWarningWhenRequestContexHasNoIdentityDescriptor" computerName="TFSBUILD11" duration="00:00:00.0187838" startTime="2015-09-28T09:43:26.2495344-07:00" endTime="2015-09-28T09:43:26.2651599-07:00" testType="13cdc9d9-ddb5-4fa4-a97d-d965ccfc6d4b" outcome="Passed" testListId="8c84fa94-04c1-424b-9868-57a2d4851a1d" relativeResultsDirectory="87db105f-2e81-4a8d-9fd1-24744ace59cf" />
    <UnitTestResult executionId="bd0c4516-4748-42e8-ad17-7d40623cc451" testId="e4442d0b-2255-a1b1-ee5f-8cd0b274bfbd" testName="GetRights_HandleHttpErrors" computerName="TFSBUILD11" startTime="2015-09-28T09:43:26.2651599-07:00" endTime="2015-09-28T09:43:26.2651599-07:00" testType="13cdc9d9-ddb5-4fa4-a97d-d965ccfc6d4b" outcome="NotExecuted" testListId="8c84fa94-04c1-424b-9868-57a2d4851a1d" relativeResultsDirectory="bd0c4516-4748-42e8-ad17-7d40623cc451" />
    <UnitTestResult executionId="fc813035-43fc-4103-93d2-d5ed9299b7f7" testId="a9abc7b7-1558-3d4a-b024-26bbc0c1fa57" testName="GetRights_HandleInvalidJson" computerName="TFSBUILD11" startTime="2015-09-28T09:43:26.2651599-07:00" endTime="2015-09-28T09:43:26.2651599-07:00" testType="13cdc9d9-ddb5-4fa4-a97d-d965ccfc6d4b" outcome="NotExecuted" testListId="8c84fa94-04c1-424b-9868-57a2d4851a1d" relativeResultsDirectory="fc813035-43fc-4103-93d2-d5ed9299b7f7" />
    <UnitTestResult executionId="07729579-00ff-468b-b818-74685acf9f55" testId="d1e52944-0b70-a7c0-55e3-7eb1f445d340" testName="GetRights_HandleEmptyResponse" computerName="TFSBUILD11" startTime="2015-09-28T09:43:26.2651599-07:00" endTime="2015-09-28T09:43:26.2651599-07:00" testType="13cdc9d9-ddb5-4fa4-a97d-d965ccfc6d4b" outcome="NotExecuted" testListId="8c84fa94-04c1-424b-9868-57a2d4851a1d" relativeResultsDirectory="07729579-00ff-468b-b818-74685acf9f55" />
    <UnitTestResult executionId="b00f42a0-3040-4da1-9d5e-3d28278dc64a" testId="22bb9015-8044-bf74-b7a4-217cddf94bc4" testName="GetRights_Client_HandleEmptyJsonSequence" computerName="TFSBUILD11" startTime="2015-09-28T09:43:26.2651599-07:00" endTime="2015-09-28T09:43:26.2651599-07:00" testType="13cdc9d9-ddb5-4fa4-a97d-d965ccfc6d4b" outcome="NotExecuted" testListId="8c84fa94-04c1-424b-9868-57a2d4851a1d" relativeResultsDirectory="b00f42a0-3040-4da1-9d5e-3d28278dc64a" />
    <UnitTestResult executionId="6b441eb0-af66-490d-8384-14868ccb3dfd" testId="f750a382-501e-a817-8b42-244b8ea40540" testName="GetRights_Client_HandleInvalidBoolForIsEntitlementAvailable" computerName="TFSBUILD11" startTime="2015-09-28T09:43:26.2651599-07:00" endTime="2015-09-28T09:43:26.2651599-07:00" testType="13cdc9d9-ddb5-4fa4-a97d-d965ccfc6d4b" outcome="NotExecuted" testListId="8c84fa94-04c1-424b-9868-57a2d4851a1d" relativeResultsDirectory="6b441eb0-af66-490d-8384-14868ccb3dfd" />
    <UnitTestResult executionId="99708d5c-4786-42e2-bc6a-95dd4b5fb30b" testId="fbb6b580-6bd2-bd32-a154-c3cd9c52108c" testName="GetRights_Client_HandleInvalidDateForSubscriptionExpirationDate" computerName="TFSBUILD11" startTime="2015-09-28T09:43:26.2651599-07:00" endTime="2015-09-28T09:43:26.2651599-07:00" testType="13cdc9d9-ddb5-4fa4-a97d-d965ccfc6d4b" outcome="NotExecuted" testListId="8c84fa94-04c1-424b-9868-57a2d4851a1d" relativeResultsDirectory="99708d5c-4786-42e2-bc6a-95dd4b5fb30b" />
    <UnitTestResult executionId="89a12b6c-badc-4b9d-aa28-24901804ba46" testId="87d534ba-cb25-113f-2ab4-0fe64d52ef47" testName="GetRights_Client_HandleValidResponse_TestManager" computerName="TFSBUILD11" duration="00:00:00.0515272" startTime="2015-09-28T09:43:26.2651599-07:00" endTime="2015-09-28T09:43:26.3120382-07:00" testType="13cdc9d9-ddb5-4fa4-a97d-d965ccfc6d4b" outcome="Passed" testListId="8c84fa94-04c1-424b-9868-57a2d4851a1d" relativeResultsDirectory="89a12b6c-badc-4b9d-aa28-24901804ba46" />
    <UnitTestResult executionId="b222caf8-4e0f-493d-8780-eaa3a8627bb2" testId="54053755-d0bf-d9b5-72c4-610415fe3a5d" testName="GetRights_Client_ReturnsNoClientRights_For_TestManager_For_IDE_PRO_Entitlement" computerName="TFSBUILD11" duration="00:00:00.0204728" startTime="2015-09-28T09:43:26.3120382-07:00" endTime="2015-09-28T09:43:26.3432907-07:00" testType="13cdc9d9-ddb5-4fa4-a97d-d965ccfc6d4b" outcome="Passed" testListId="8c84fa94-04c1-424b-9868-57a2d4851a1d" relativeResultsDirectory="b222caf8-4e0f-493d-8780-eaa3a8627bb2" />
    <UnitTestResult executionId="f2290d8c-16a5-4967-99be-f6eeec1589b7" testId="3e806e7e-b053-6b75-eaa4-90c810448dfb" testName="GetRights_Client_ReturnsNoClientRights_For_VSE_ANU_Entitlement" computerName="TFSBUILD11" duration="00:00:00.0282509" startTime="2015-09-28T09:43:26.3432907-07:00" endTime="2015-09-28T09:43:26.3589169-07:00" testType="13cdc9d9-ddb5-4fa4-a97d-d965ccfc6d4b" outcome="Passed" testListId="8c84fa94-04c1-424b-9868-57a2d4851a1d" relativeResultsDirectory="f2290d8c-16a5-4967-99be-f6eeec1589b7" />
    <UnitTestResult executionId="4dcb7377-1a22-4e74-92a0-5bd83e7f7727" testId="bf12945d-213b-3f94-6aed-f1c39ef66c81" testName="GetRights_Client_HandleValidResponse_TestManager_Extension" computerName="TFSBUILD11" duration="00:00:00.0243222" startTime="2015-09-28T09:43:26.3589169-07:00" endTime="2015-09-28T09:43:26.3901691-07:00" testType="13cdc9d9-ddb5-4fa4-a97d-d965ccfc6d4b" outcome="Passed" testListId="8c84fa94-04c1-424b-9868-57a2d4851a1d" relativeResultsDirectory="4dcb7377-1a22-4e74-92a0-5bd83e7f7727" />
    <UnitTestResult executionId="f995ae8c-3a64-4cad-8ffe-9cecac1058ee" testId="caa3a28d-83ed-be7b-7bba-b2a118e92844" testName="GetRights_Client_HandleValidResponse_Enterprise" computerName="TFSBUILD11" duration="00:00:00.0227606" startTime="2015-09-28T09:43:26.3901691-07:00" endTime="2015-09-28T09:43:26.4057952-07:00" testType="13cdc9d9-ddb5-4fa4-a97d-d965ccfc6d4b" outcome="Passed" testListId="8c84fa94-04c1-424b-9868-57a2d4851a1d" relativeResultsDirectory="f995ae8c-3a64-4cad-8ffe-9cecac1058ee" />
    <UnitTestResult executionId="463675cf-9675-44dd-9f56-e0d927dc71e3" testId="e179312e-ad67-4625-2f7b-85cc4b1bf372" testName="GetRights_Client_HandleValidResponse_Premium_Compatibility" computerName="TFSBUILD11" duration="00:00:00.0279045" startTime="2015-09-28T09:43:26.4057952-07:00" endTime="2015-09-28T09:43:26.4370468-07:00" testType="13cdc9d9-ddb5-4fa4-a97d-d965ccfc6d4b" outcome="Passed" testListId="8c84fa94-04c1-424b-9868-57a2d4851a1d" relativeResultsDirectory="463675cf-9675-44dd-9f56-e0d927dc71e3" />
    <UnitTestResult executionId="6a9f6c7f-b309-4c0c-b84a-de5d2d7c2304" testId="f3b0056a-ec9b-a7af-4da4-072d0fdef050" testName="GetRights_Client_HandleValidResponse_Ultimate_Compatibility" computerName="TFSBUILD11" duration="00:00:00.0195125" startTime="2015-09-28T09:43:26.4370468-07:00" endTime="2015-09-28T09:43:26.4682996-07:00" testType="13cdc9d9-ddb5-4fa4-a97d-d965ccfc6d4b" outcome="Passed" testListId="8c84fa94-04c1-424b-9868-57a2d4851a1d" relativeResultsDirectory="6a9f6c7f-b309-4c0c-b84a-de5d2d7c2304" />
    <UnitTestResult executionId="87dd7ddc-445c-4b4f-8162-e9c56bf83f4a" testId="55670624-3613-26bc-1448-8b96c2b510f1" testName="GetRights_Client_HandleValidResponse_Professional_Compatibility" computerName="TFSBUILD11" duration="00:00:00.0189123" startTime="2015-09-28T09:43:26.4682996-07:00" endTime="2015-09-28T09:43:26.4839260-07:00" testType="13cdc9d9-ddb5-4fa4-a97d-d965ccfc6d4b" outcome="Passed" testListId="8c84fa94-04c1-424b-9868-57a2d4851a1d" relativeResultsDirectory="87dd7ddc-445c-4b4f-8162-e9c56bf83f4a" />
    <UnitTestResult executionId="28f620c9-9c40-4d14-89d5-778ca01d7763" testId="23e9c70e-adce-72fc-5369-515fefc9e394" testName="GetRights_Client_HandleValidResponse" computerName="TFSBUILD11" duration="00:00:00.0196638" startTime="2015-09-28T09:43:26.4839260-07:00" endTime="2015-09-28T09:43:26.4995513-07:00" testType="13cdc9d9-ddb5-4fa4-a97d-d965ccfc6d4b" outcome="Passed" testListId="8c84fa94-04c1-424b-9868-57a2d4851a1d" relativeResultsDirectory="28f620c9-9c40-4d14-89d5-778ca01d7763" />
    <UnitTestResult executionId="0dbf8cc0-ebe6-4cc9-847d-cec2aff5ab42" testId="a1ee2c93-090f-5a75-d7a1-2f65ffd54d68" testName="GetRights_Client_HandleValidResponse_With_SubscriptionChannel" computerName="TFSBUILD11" duration="00:00:00.0207937" startTime="2015-09-28T09:43:26.4995513-07:00" endTime="2015-09-28T09:43:26.5151777-07:00" testType="13cdc9d9-ddb5-4fa4-a97d-d965ccfc6d4b" outcome="Passed" testListId="8c84fa94-04c1-424b-9868-57a2d4851a1d" relativeResultsDirectory="0dbf8cc0-ebe6-4cc9-847d-cec2aff5ab42" />
    <UnitTestResult executionId="fc9a0d8e-0077-40c8-a300-1d4a62c92ab1" testId="2981bac9-e4fc-d729-e97f-c58e24a1fa67" testName="GetRightsInternal_HandleNullAsMsdnEntitlements" computerName="TFSBUILD11" duration="00:00:00.0145746" startTime="2015-09-28T09:43:26.5151777-07:00" endTime="2015-09-28T09:43:26.5308038-07:00" testType="13cdc9d9-ddb5-4fa4-a97d-d965ccfc6d4b" outcome="Passed" testListId="8c84fa94-04c1-424b-9868-57a2d4851a1d" relativeResultsDirectory="fc9a0d8e-0077-40c8-a300-1d4a62c92ab1" />
    <UnitTestResult executionId="b79810c6-01d0-4b57-9dd5-f43a4ecb1fee" testId="4ea4eb43-6ab6-3d24-10a5-9a7758c26406" testName="GetRightsInternal_HandleNoMsdnEntitlements" computerName="TFSBUILD11" duration="00:00:00.0189971" startTime="2015-09-28T09:43:26.5308038-07:00" endTime="2015-09-28T09:43:26.5620563-07:00" testType="13cdc9d9-ddb5-4fa4-a97d-d965ccfc6d4b" outcome="Passed" testListId="8c84fa94-04c1-424b-9868-57a2d4851a1d" relativeResultsDirectory="b79810c6-01d0-4b57-9dd5-f43a4ecb1fee" />
    <UnitTestResult executionId="4b4fb85e-ecdf-43b2-be92-b1d83323dd78" testId="ec7c5a5a-498f-f69c-29c1-efb24e840be7" testName="GetRightsInternal_Client_HandleNoActiveEntitlements" computerName="TFSBUILD11" duration="00:00:00.0182934" startTime="2015-09-28T09:43:26.5620563-07:00" endTime="2015-09-28T09:43:26.5776818-07:00" testType="13cdc9d9-ddb5-4fa4-a97d-d965ccfc6d4b" outcome="Passed" testListId="8c84fa94-04c1-424b-9868-57a2d4851a1d" relativeResultsDirectory="4b4fb85e-ecdf-43b2-be92-b1d83323dd78" />
    <UnitTestResult executionId="0685922b-9260-4ce7-8037-6255211ac7b7" testId="69ba51ff-9368-cc26-1936-b29036b7978b" testName="GetRightsInternal_Client_HandleInactiveRequestedEntitlement" computerName="TFSBUILD11" duration="00:00:00.0188691" startTime="2015-09-28T09:43:26.5776818-07:00" endTime="2015-09-28T09:43:26.5933088-07:00" testType="13cdc9d9-ddb5-4fa4-a97d-d965ccfc6d4b" outcome="Passed" testListId="8c84fa94-04c1-424b-9868-57a2d4851a1d" relativeResultsDirectory="0685922b-9260-4ce7-8037-6255211ac7b7" />
    <UnitTestResult executionId="b0b9548f-25c1-4819-882d-528564b83b9c" testId="e326c03a-5f40-29b4-d1b5-6de4770ab762" testName="GetRightsInternal_Client_HandleMultipleActiveEntitlementsWhenNoQueryContextEditionIsNotSpecified" computerName="TFSBUILD11" duration="00:00:00.0206187" startTime="2015-09-28T09:43:26.5933088-07:00" endTime="2015-09-28T09:43:26.6089343-07:00" testType="13cdc9d9-ddb5-4fa4-a97d-d965ccfc6d4b" outcome="Passed" testListId="8c84fa94-04c1-424b-9868-57a2d4851a1d" relativeResultsDirectory="b0b9548f-25c1-4819-882d-528564b83b9c" />
    <UnitTestResult executionId="04d222e7-aa62-49ec-978a-2462233ca7d3" testId="05b7fd2d-9119-ec84-b666-7dda277ea4bc" testName="GetRightsInternal_Client_HandleMultipleActiveEntitlementsWhenQueryContextEditionIsHigherThanMaxEntitlement" computerName="TFSBUILD11" duration="00:00:00.0210241" startTime="2015-09-28T09:43:26.6089343-07:00" endTime="2015-09-28T09:43:26.6401866-07:00" testType="13cdc9d9-ddb5-4fa4-a97d-d965ccfc6d4b" outcome="Passed" testListId="8c84fa94-04c1-424b-9868-57a2d4851a1d" relativeResultsDirectory="04d222e7-aa62-49ec-978a-2462233ca7d3" />
    <UnitTestResult executionId="303c3ffc-4665-4dd3-9c68-b36aa66f9ea7" testId="2fa1a3c5-9c15-aa98-b227-2cbca750fe8e" testName="GetRightsInternal_Client_HandleMultipleActiveEntitlementsWhenQueryContextEditionIsEqualToMaxEntitlement" computerName="TFSBUILD11" duration="00:00:00.0139747" startTime="2015-09-28T09:43:26.6401866-07:00" endTime="2015-09-28T09:43:26.6558124-07:00" testType="13cdc9d9-ddb5-4fa4-a97d-d965ccfc6d4b" outcome="Passed" testListId="8c84fa94-04c1-424b-9868-57a2d4851a1d" relativeResultsDirectory="303c3ffc-4665-4dd3-9c68-b36aa66f9ea7" />
    <UnitTestResult executionId="c3775352-bc61-48e0-b50d-57e0656bb89d" testId="670b3e0b-8af3-480d-f403-a00f93927bf2" testName="GetRightsInternal_Client_Handle_VisualStudio_Enterprise_Annual_ActiveEntitlement" computerName="TFSBUILD11" duration="00:00:00.0158568" startTime="2015-09-28T09:43:26.6558124-07:00" endTime="2015-09-28T09:43:26.6714388-07:00" testType="13cdc9d9-ddb5-4fa4-a97d-d965ccfc6d4b" outcome="Passed" testListId="8c84fa94-04c1-424b-9868-57a2d4851a1d" relativeResultsDirectory="c3775352-bc61-48e0-b50d-57e0656bb89d" />
    <UnitTestResult executionId="7317c01f-0c10-4637-881c-5c900ae2a64b" testId="ebd01e97-ebb9-3872-778e-8ba0e428aa6b" testName="GetRightsInternal_Client_Handle_VisualStudio_Enterprise_Monthly_ActiveEntitlement" computerName="TFSBUILD11" duration="00:00:00.0159536" startTime="2015-09-28T09:43:26.6714388-07:00" endTime="2015-09-28T09:43:26.6870652-07:00" testType="13cdc9d9-ddb5-4fa4-a97d-d965ccfc6d4b" outcome="Passed" testListId="8c84fa94-04c1-424b-9868-57a2d4851a1d" relativeResultsDirectory="7317c01f-0c10-4637-881c-5c900ae2a64b" />
    <UnitTestResult executionId="f21cc44b-6322-4e9d-907d-eaf1b196d25e" testId="99a46b8d-5ee9-6e22-0d00-5434555535da" testName="GetRightsInternal_Client_Handle_VisualStudio_Professional_Monthly_ActiveEntitlement" computerName="TFSBUILD11" duration="00:00:00.0165335" startTime="2015-09-28T09:43:26.6870652-07:00" endTime="2015-09-28T09:43:26.7026916-07:00" testType="13cdc9d9-ddb5-4fa4-a97d-d965ccfc6d4b" outcome="Passed" testListId="8c84fa94-04c1-424b-9868-57a2d4851a1d" relativeResultsDirectory="f21cc44b-6322-4e9d-907d-eaf1b196d25e" />
    <UnitTestResult executionId="7147b421-b5a4-4db2-817d-90d638db42b1" testId="659981cf-c583-6413-9799-bf549827b2cf" testName="GetRightsInternal_Client_Handle_VisualStudio_Professional_Annual_ActiveEntitlement" computerName="TFSBUILD11" duration="00:00:00.0213731" startTime="2015-09-28T09:43:26.7026916-07:00" endTime="2015-09-28T09:43:26.7183171-07:00" testType="13cdc9d9-ddb5-4fa4-a97d-d965ccfc6d4b" outcome="Passed" testListId="8c84fa94-04c1-424b-9868-57a2d4851a1d" relativeResultsDirectory="7147b421-b5a4-4db2-817d-90d638db42b1" />
    <UnitTestResult executionId="d67eb898-ed78-4423-96ae-86fe2efa00e9" testId="63ae2c13-63c0-6555-2e70-4059c2172008" testName="GetRightsInternal_Client_Returns_Test_Manager_Extension_Although_User_Have_MSDN_TestProfessional_Subscription" computerName="TFSBUILD11" duration="00:00:00.0202046" startTime="2015-09-28T09:43:26.7183171-07:00" endTime="2015-09-28T09:43:26.7339432-07:00" testType="13cdc9d9-ddb5-4fa4-a97d-d965ccfc6d4b" outcome="Passed" testListId="8c84fa94-04c1-424b-9868-57a2d4851a1d" relativeResultsDirectory="d67eb898-ed78-4423-96ae-86fe2efa00e9" />
    <UnitTestResult executionId="e44b0ec0-c3f0-4d3c-a5d6-382bb058f21f" testId="c17eed9c-2c6e-f453-1931-240a81b73745" testName="GetRightsInternal_Client_Returns_VisualStudio_Professional_Annual_Although_User_Have_MSDN_Professional_Subscription" computerName="TFSBUILD11" duration="00:00:00.0161586" startTime="2015-09-28T09:43:26.7339432-07:00" endTime="2015-09-28T09:43:26.7495696-07:00" testType="13cdc9d9-ddb5-4fa4-a97d-d965ccfc6d4b" outcome="Passed" testListId="8c84fa94-04c1-424b-9868-57a2d4851a1d" relativeResultsDirectory="e44b0ec0-c3f0-4d3c-a5d6-382bb058f21f" />
    <UnitTestResult executionId="e7adfd70-07f9-414f-99a1-6d4e7cd386f0" testId="3d283c61-6c4e-177c-b484-6898e62bc161" testName="GetRightsInternal_Client_Returns_VisualStudio_Professional_Annual_Although_User_Have_VisualStudio_Professional_Monthly_Subscription" computerName="TFSBUILD11" duration="00:00:00.0152439" startTime="2015-09-28T09:43:26.7495696-07:00" endTime="2015-09-28T09:43:26.7651955-07:00" testType="13cdc9d9-ddb5-4fa4-a97d-d965ccfc6d4b" outcome="Passed" testListId="8c84fa94-04c1-424b-9868-57a2d4851a1d" relativeResultsDirectory="e7adfd70-07f9-414f-99a1-6d4e7cd386f0" />
    <UnitTestResult executionId="a63d483d-b32b-47f4-a350-a2808fece4d4" testId="202141cc-ab34-47d5-0ac4-dbbfa9ce6981" testName="GetRightsInternal_Client_Returns_MSDN_Professional_Although_User_Have_VisualStudio_Professional_Monthly_Subscription" computerName="TFSBUILD11" duration="00:00:00.0150888" startTime="2015-09-28T09:43:26.7651955-07:00" endTime="2015-09-28T09:43:26.7808224-07:00" testType="13cdc9d9-ddb5-4fa4-a97d-d965ccfc6d4b" outcome="Passed" testListId="8c84fa94-04c1-424b-9868-57a2d4851a1d" relativeResultsDirectory="a63d483d-b32b-47f4-a350-a2808fece4d4" />
    <UnitTestResult executionId="ab7a6688-20ef-4ecb-95c0-49c8c15e8d0f" testId="5fe8c0e5-4055-d784-acdb-c71b9cbd8d3b" testName="GetRightsInternal_Client_Returns_VisualStudio_Enterprise_Edition_For_Version_14_Although_User_Have_VisualStudio_Professional_Annual_Subscription" computerName="TFSBUILD11" duration="00:00:00.0202774" startTime="2015-09-28T09:43:26.7808224-07:00" endTime="2015-09-28T09:43:26.8120738-07:00" testType="13cdc9d9-ddb5-4fa4-a97d-d965ccfc6d4b" outcome="Passed" testListId="8c84fa94-04c1-424b-9868-57a2d4851a1d" relativeResultsDirectory="ab7a6688-20ef-4ecb-95c0-49c8c15e8d0f" />
    <UnitTestResult executionId="babfcf75-f091-445d-bab6-235e733fa637" testId="001e0a2f-01ce-eee5-afee-0dc32db14569" testName="GetRightsInternal_Client_Returns_VisualStudio_Professional_Edition_For_Version_12_Although_User_Have_VisualStudio_Professional_Annual_Subscription" computerName="TFSBUILD11" duration="00:00:00.0153443" startTime="2015-09-28T09:43:26.8120738-07:00" endTime="2015-09-28T09:43:26.8277005-07:00" testType="13cdc9d9-ddb5-4fa4-a97d-d965ccfc6d4b" outcome="Passed" testListId="8c84fa94-04c1-424b-9868-57a2d4851a1d" relativeResultsDirectory="babfcf75-f091-445d-bab6-235e733fa637" />
    <UnitTestResult executionId="a7813a8b-33b1-46e7-8559-45c3bd8aba95" testId="4db560c4-b15e-a80b-f21d-743abdb43963" testName="GetRightsInternal_Client_Returns_VisualStudio_Enterprise_Annual_Although_User_Have_MSDN_Enterprise_Subscription" computerName="TFSBUILD11" duration="00:00:00.0172108" startTime="2015-09-28T09:43:26.8277005-07:00" endTime="2015-09-28T09:43:26.8433257-07:00" testType="13cdc9d9-ddb5-4fa4-a97d-d965ccfc6d4b" outcome="Passed" testListId="8c84fa94-04c1-424b-9868-57a2d4851a1d" relativeResultsDirectory="a7813a8b-33b1-46e7-8559-45c3bd8aba95" />
    <UnitTestResult executionId="d7cc2ae3-35ea-4aa6-b3a1-b649a269a870" testId="ffd153b8-7a25-ae21-6139-98b13be443bc" testName="GetRightsInternal_Client_Returns_VisualStudio_Enterprise_Annual_Although_User_Have_VisualStudio_Enterprise_Monthly_Subscription" computerName="TFSBUILD11" duration="00:00:00.0159217" startTime="2015-09-28T09:43:26.8433257-07:00" endTime="2015-09-28T09:43:26.8589521-07:00" testType="13cdc9d9-ddb5-4fa4-a97d-d965ccfc6d4b" outcome="Passed" testListId="8c84fa94-04c1-424b-9868-57a2d4851a1d" relativeResultsDirectory="d7cc2ae3-35ea-4aa6-b3a1-b649a269a870" />
    <UnitTestResult executionId="3972ec2c-5966-41b4-b88c-895e9b7aabeb" testId="bfb47944-fa36-d44a-15a4-e3d55cf32730" testName="GetRightsInternal_Client_Returns_MSDN_Enterprise_Although_User_Have_VisualStudio_Enterprise_Monthly_Subscription" computerName="TFSBUILD11" duration="00:00:00.0157968" startTime="2015-09-28T09:43:26.8589521-07:00" endTime="2015-09-28T09:43:26.8745777-07:00" testType="13cdc9d9-ddb5-4fa4-a97d-d965ccfc6d4b" outcome="Passed" testListId="8c84fa94-04c1-424b-9868-57a2d4851a1d" relativeResultsDirectory="3972ec2c-5966-41b4-b88c-895e9b7aabeb" />
    <UnitTestResult executionId="8b5b12b9-2659-4bdc-97d4-60c11c272067" testId="7114b87c-2ea2-58f8-bdef-298175ac62c7" testName="GetRightsInternal_Client_HandleMultipleActiveEntitlementsWhenQueryContextEditionIsLessThanMaxEntitlement" computerName="TFSBUILD11" duration="00:00:00.0146494" startTime="2015-09-28T09:43:26.8745777-07:00" endTime="2015-09-28T09:43:26.8902041-07:00" testType="13cdc9d9-ddb5-4fa4-a97d-d965ccfc6d4b" outcome="Passed" testListId="8c84fa94-04c1-424b-9868-57a2d4851a1d" relativeResultsDirectory="8b5b12b9-2659-4bdc-97d4-60c11c272067" />
    <UnitTestResult executionId="12e1f024-fb46-40d8-bb87-c61e08f6bca9" testId="d3c189e9-928d-1b4e-aa79-7300f3755464" testName="GetRightsInternal_Client_InvalidEntitlementType" computerName="TFSBUILD11" duration="00:00:00.0207180" startTime="2015-09-28T09:43:26.8902041-07:00" endTime="2015-09-28T09:43:26.9058305-07:00" testType="13cdc9d9-ddb5-4fa4-a97d-d965ccfc6d4b" outcome="Passed" testListId="8c84fa94-04c1-424b-9868-57a2d4851a1d" relativeResultsDirectory="12e1f024-fb46-40d8-bb87-c61e08f6bca9" />
    <UnitTestResult executionId="faff1ba2-ba5c-40df-acc9-d7aa1481e742" testId="5c63a3db-dbc8-3c9c-ccde-6b5f5f4ee7bb" testName="GetRightsInternal_Client_EmptyEntitlementCode" computerName="TFSBUILD11" duration="00:00:00.0232692" startTime="2015-09-28T09:43:26.9058305-07:00" endTime="2015-09-28T09:43:26.9370832-07:00" testType="13cdc9d9-ddb5-4fa4-a97d-d965ccfc6d4b" outcome="Passed" testListId="8c84fa94-04c1-424b-9868-57a2d4851a1d" relativeResultsDirectory="faff1ba2-ba5c-40df-acc9-d7aa1481e742" />
    <UnitTestResult executionId="3d82a72d-7fb4-4830-bb0a-5feadb384ea7" testId="8edeb92c-ea17-513f-fda7-347349321687" testName="GetRightsInternal_Client_InvalidEntitlementCode" computerName="TFSBUILD11" duration="00:00:00.0191328" startTime="2015-09-28T09:43:26.9370832-07:00" endTime="2015-09-28T09:43:26.9527085-07:00" testType="13cdc9d9-ddb5-4fa4-a97d-d965ccfc6d4b" outcome="Passed" testListId="8c84fa94-04c1-424b-9868-57a2d4851a1d" relativeResultsDirectory="3d82a72d-7fb4-4830-bb0a-5feadb384ea7" />
    <UnitTestResult executionId="01c42d97-842a-4071-805c-4ce821d7b187" testId="7f498f6f-f594-030d-2e70-5b17371c54d2" testName="GetRightsInternal_Client_EntitlementCodeIsTestPro" computerName="TFSBUILD11" duration="00:00:00.0148934" startTime="2015-09-28T09:43:26.9527085-07:00" endTime="2015-09-28T09:43:26.9683346-07:00" testType="13cdc9d9-ddb5-4fa4-a97d-d965ccfc6d4b" outcome="Passed" testListId="8c84fa94-04c1-424b-9868-57a2d4851a1d" relativeResultsDirectory="01c42d97-842a-4071-805c-4ce821d7b187" />
    <UnitTestResult executionId="8cecbb0b-ab9e-4756-80f4-d43a8eaffb51" testId="bf96a341-0a4c-79de-d4ba-12952e49455f" testName="GetRightsInternal_Client_EntitlementTypeIsCaseAgnostic" computerName="TFSBUILD11" duration="00:00:00.0143220" startTime="2015-09-28T09:43:26.9683346-07:00" endTime="2015-09-28T09:43:26.9839610-07:00" testType="13cdc9d9-ddb5-4fa4-a97d-d965ccfc6d4b" outcome="Passed" testListId="8c84fa94-04c1-424b-9868-57a2d4851a1d" relativeResultsDirectory="8cecbb0b-ab9e-4756-80f4-d43a8eaffb51" />
    <UnitTestResult executionId="a70a9701-5d4d-457a-82d1-0a193b943874" testId="af4b07eb-2347-7399-b703-43e446788f15" testName="GetRightsInternal_Client_EntitlementCodeIsCaseAgnostic" computerName="TFSBUILD11" duration="00:00:00.0143513" startTime="2015-09-28T09:43:26.9839610-07:00" endTime="2015-09-28T09:43:26.9995868-07:00" testType="13cdc9d9-ddb5-4fa4-a97d-d965ccfc6d4b" outcome="Passed" testListId="8c84fa94-04c1-424b-9868-57a2d4851a1d" relativeResultsDirectory="a70a9701-5d4d-457a-82d1-0a193b943874" />
    <UnitTestResult executionId="4f0b40bf-2652-4b52-b54a-4ad7adb25a5d" testId="e887ce39-2c36-a9c4-9d9c-2b7679d18c86" testName="GetRightsInternal_Client_PassedExpirationDateIsNotRespected" computerName="TFSBUILD11" duration="00:00:00.0210081" startTime="2015-09-28T09:43:26.9995868-07:00" endTime="2015-09-28T09:43:27.0152135-07:00" testType="13cdc9d9-ddb5-4fa4-a97d-d965ccfc6d4b" outcome="Passed" testListId="8c84fa94-04c1-424b-9868-57a2d4851a1d" relativeResultsDirectory="4f0b40bf-2652-4b52-b54a-4ad7adb25a5d" />
    <UnitTestResult executionId="7b247eb6-b4fb-45dc-a109-3c6dd95b6cbf" testId="f6372865-d9c8-4289-5cec-b43fa6687953" testName="GetRightsInternal_Client_HandleGraceSubscriptionStatusAsActiveEntitlement" computerName="TFSBUILD11" duration="00:00:00.0141249" startTime="2015-09-28T09:43:27.0152135-07:00" endTime="2015-09-28T09:43:27.0308396-07:00" testType="13cdc9d9-ddb5-4fa4-a97d-d965ccfc6d4b" outcome="Passed" testListId="8c84fa94-04c1-424b-9868-57a2d4851a1d" relativeResultsDirectory="7b247eb6-b4fb-45dc-a109-3c6dd95b6cbf" />
    <UnitTestResult executionId="dff67883-1d89-4b83-be91-b1d938c546de" testId="ec5a4b8a-1cca-97b3-b128-34e7a4093f24" testName="GetRightsInternal_Client_HandleProductVersion" computerName="TFSBUILD11" duration="00:00:00.0180664" startTime="2015-09-28T09:43:27.0308396-07:00" endTime="2015-09-28T09:43:27.0464652-07:00" testType="13cdc9d9-ddb5-4fa4-a97d-d965ccfc6d4b" outcome="Passed" testListId="8c84fa94-04c1-424b-9868-57a2d4851a1d" relativeResultsDirectory="dff67883-1d89-4b83-be91-b1d938c546de" />
    <UnitTestResult executionId="ed7be018-b41c-450f-b044-67a447a17bed" testId="dcd5d742-33b8-5801-e690-9b65d236f877" testName="TranslateMsdnEntitlementsToMsdnLicense_ReturnMaxForMultipleSubscriptions" computerName="TFSBUILD11" duration="00:00:00.0102561" startTime="2015-09-28T09:43:27.0464652-07:00" endTime="2015-09-28T09:43:27.0620916-07:00" testType="13cdc9d9-ddb5-4fa4-a97d-d965ccfc6d4b" outcome="Passed" testListId="8c84fa94-04c1-424b-9868-57a2d4851a1d" relativeResultsDirectory="ed7be018-b41c-450f-b044-67a447a17bed" />
    <UnitTestResult executionId="f9159f75-33da-49e2-8943-e89b19e46ba8" testId="b0a0052d-1b07-165e-bd38-7975acab8b15" testName="TranslateMsdnEntitlementsToMsdnLicense_ReturnMaxForMultipleClientEntitlements" computerName="TFSBUILD11" duration="00:00:00.0004104" startTime="2015-09-28T09:43:27.0620916-07:00" endTime="2015-09-28T09:43:27.0620916-07:00" testType="13cdc9d9-ddb5-4fa4-a97d-d965ccfc6d4b" outcome="Passed" testListId="8c84fa94-04c1-424b-9868-57a2d4851a1d" relativeResultsDirectory="f9159f75-33da-49e2-8943-e89b19e46ba8" />
    <UnitTestResult executionId="29f90f9c-da9e-4f82-b7c6-7cf629059c2e" testId="1ea65b0d-b398-385a-f66f-a43b6ed64fb9" testName="TranslateMsdnEntitlementsToMsdnLicense_ReturnMaxForMultipleServiceEntitlements" computerName="TFSBUILD11" duration="00:00:00.0004010" startTime="2015-09-28T09:43:27.0620916-07:00" endTime="2015-09-28T09:43:27.0620916-07:00" testType="13cdc9d9-ddb5-4fa4-a97d-d965ccfc6d4b" outcome="Passed" testListId="8c84fa94-04c1-424b-9868-57a2d4851a1d" relativeResultsDirectory="29f90f9c-da9e-4f82-b7c6-7cf629059c2e" />
    <UnitTestResult executionId="604648ff-c662-4d4d-8f4b-3ec2e47466f2" testId="6a9ecbc5-eb35-bf3c-d514-dc11226c7917" testName="TranslateMsdnEntitlementsToMsdnLicense_ReturnTestProfessionalForMultipleClientEntitlementsWithTestProfessionalAndPlatforms" computerName="TFSBUILD11" duration="00:00:00.0005114" startTime="2015-09-28T09:43:27.0620916-07:00" endTime="2015-09-28T09:43:27.0620916-07:00" testType="13cdc9d9-ddb5-4fa4-a97d-d965ccfc6d4b" outcome="Passed" testListId="8c84fa94-04c1-424b-9868-57a2d4851a1d" relativeResultsDirectory="604648ff-c662-4d4d-8f4b-3ec2e47466f2" />
    <UnitTestResult executionId="9b589337-db6b-445c-98af-76a7e8a41051" testId="7bde16c2-a8aa-ac94-7695-421ef1bfa1ec" testName="TranslateMsdnEntitlementsToMsdnLicense_ReturnPlatformsForWithValidSubscriptionLevelCode" computerName="TFSBUILD11" duration="00:00:00.0004397" startTime="2015-09-28T09:43:27.0620916-07:00" endTime="2015-09-28T09:43:27.0620916-07:00" testType="13cdc9d9-ddb5-4fa4-a97d-d965ccfc6d4b" outcome="Passed" testListId="8c84fa94-04c1-424b-9868-57a2d4851a1d" relativeResultsDirectory="9b589337-db6b-445c-98af-76a7e8a41051" />
    <UnitTestResult executionId="4f5dd219-0818-4fb6-a301-8986a6429ea3" testId="3ccc0502-1d50-8afd-be51-b899ba9a5e4a" testName="TranslateMsdnEntitlementsToMsdnLicense_ReturnNoPlatformsForWithInValidSubscriptionLevelCode" computerName="TFSBUILD11" duration="00:00:00.0003242" startTime="2015-09-28T09:43:27.0620916-07:00" endTime="2015-09-28T09:43:27.0620916-07:00" testType="13cdc9d9-ddb5-4fa4-a97d-d965ccfc6d4b" outcome="Passed" testListId="8c84fa94-04c1-424b-9868-57a2d4851a1d" relativeResultsDirectory="4f5dd219-0818-4fb6-a301-8986a6429ea3" />
    <UnitTestResult executionId="bfc47c6f-dd25-4e69-acf4-c65493f7171b" testId="ef854d9e-7497-1a51-8f1e-3bc5d6cba61d" testName="TranslateMsdnEntitlementsToMsdnLicense_ReturnNoLicenseForInvalidEntitlementCode" computerName="TFSBUILD11" duration="00:00:00.0003017" startTime="2015-09-28T09:43:27.0620916-07:00" endTime="2015-09-28T09:43:27.0620916-07:00" testType="13cdc9d9-ddb5-4fa4-a97d-d965ccfc6d4b" outcome="Passed" testListId="8c84fa94-04c1-424b-9868-57a2d4851a1d" relativeResultsDirectory="bfc47c6f-dd25-4e69-acf4-c65493f7171b" />
    <UnitTestResult executionId="56faa027-dd48-4b13-8581-64114ccac2a4" testId="6b68dd7f-6014-f702-46d6-476f0a7747fc" testName="TranslateMsdnEntitlementsToMsdnLicense_ReturnNoLicenseForNonActiveSubscription" computerName="TFSBUILD11" duration="00:00:00.0003407" startTime="2015-09-28T09:43:27.0620916-07:00" endTime="2015-09-28T09:43:27.0620916-07:00" testType="13cdc9d9-ddb5-4fa4-a97d-d965ccfc6d4b" outcome="Passed" testListId="8c84fa94-04c1-424b-9868-57a2d4851a1d" relativeResultsDirectory="56faa027-dd48-4b13-8581-64114ccac2a4" />
    <UnitTestResult executionId="ac6e2782-2b16-4cbe-922d-2bf6785e77d6" testId="791931f2-17f4-708a-8980-095585722f89" testName="TracingMsdnEntitlementsWorks" computerName="TFSBUILD11" duration="00:00:00.0009776" startTime="2015-09-28T09:43:27.0620916-07:00" endTime="2015-09-28T09:43:27.0620916-07:00" testType="13cdc9d9-ddb5-4fa4-a97d-d965ccfc6d4b" outcome="Passed" testListId="8c84fa94-04c1-424b-9868-57a2d4851a1d" relativeResultsDirectory="ac6e2782-2b16-4cbe-922d-2bf6785e77d6" />
    <UnitTestResult executionId="d73e4dfe-ca08-4a67-a378-c806afe77c10" testId="7830a678-094c-4fb6-c4ab-4d7dcb5513ac" testName="Start_WillThrowWhenPassedNullRequestContext" computerName="TFSBUILD11" duration="00:00:00.0007998" startTime="2015-09-28T09:43:27.0620916-07:00" endTime="2015-09-28T09:43:27.0620916-07:00" testType="13cdc9d9-ddb5-4fa4-a97d-d965ccfc6d4b" outcome="Passed" testListId="8c84fa94-04c1-424b-9868-57a2d4851a1d" relativeResultsDirectory="d73e4dfe-ca08-4a67-a378-c806afe77c10" />
    <UnitTestResult executionId="90e5ca2b-cb82-4459-9cbc-59341529cb65" testId="2743d772-bdf9-7dbc-b727-c3b82018ccc9" testName="Stop_WillThrowWhenPassedNullRequestContext" computerName="TFSBUILD11" duration="00:00:00.0005788" startTime="2015-09-28T09:43:27.0620916-07:00" endTime="2015-09-28T09:43:27.0620916-07:00" testType="13cdc9d9-ddb5-4fa4-a97d-d965ccfc6d4b" outcome="Passed" testListId="8c84fa94-04c1-424b-9868-57a2d4851a1d" relativeResultsDirectory="90e5ca2b-cb82-4459-9cbc-59341529cb65" />
    <UnitTestResult executionId="63babcd0-1194-46cb-aaf2-dc12773df6a1" testId="2ec39f4d-bbcc-8117-c9ae-2e50dc47fb17" testName="GetRights_WillThrowWhenPassedNullRequestContext" computerName="TFSBUILD11" duration="00:00:00.0009995" startTime="2015-09-28T09:43:27.0620916-07:00" endTime="2015-09-28T09:43:27.0620916-07:00" testType="13cdc9d9-ddb5-4fa4-a97d-d965ccfc6d4b" outcome="Passed" testListId="8c84fa94-04c1-424b-9868-57a2d4851a1d" relativeResultsDirectory="63babcd0-1194-46cb-aaf2-dc12773df6a1" />
    <UnitTestResult executionId="b78dc17e-1460-4cb9-9ffc-8c1150997001" testId="10bc0bb7-7517-9d54-0ce8-aab9fe2eafea" testName="GetRights_WillThrowWhenPassedNullAdapterContext" computerName="TFSBUILD11" duration="00:00:00.0129148" startTime="2015-09-28T09:43:27.0620916-07:00" endTime="2015-09-28T09:43:27.0777177-07:00" testType="13cdc9d9-ddb5-4fa4-a97d-d965ccfc6d4b" outcome="Passed" testListId="8c84fa94-04c1-424b-9868-57a2d4851a1d" relativeResultsDirectory="b78dc17e-1460-4cb9-9ffc-8c1150997001" />
    <UnitTestResult executionId="441aeca2-0749-4a3f-8d2a-4d5ff7720a9b" testId="3ca41836-d049-33e5-dbb2-a3199b8a1e61" testName="GetRights_WillThrowWhenPassedInvalidProductVersion" computerName="TFSBUILD11" duration="00:00:00.0134601" startTime="2015-09-28T09:43:27.0777177-07:00" endTime="2015-09-28T09:43:27.0933438-07:00" testType="13cdc9d9-ddb5-4fa4-a97d-d965ccfc6d4b" outcome="Passed" testListId="8c84fa94-04c1-424b-9868-57a2d4851a1d" relativeResultsDirectory="441aeca2-0749-4a3f-8d2a-4d5ff7720a9b" />
    <UnitTestResult executionId="4c6a47ef-8572-4648-b48d-7bfcb82183f5" testId="1d9ac3a6-667f-f7ac-25ce-ffe46e8f2d41" testName="GetRights_ReturnsNoRightsWhenLicenseSourcesAreNotApplicable" computerName="TFSBUILD11" duration="00:00:00.0893062" startTime="2015-09-28T09:43:27.0933438-07:00" endTime="2015-09-28T09:43:27.1871007-07:00" testType="13cdc9d9-ddb5-4fa4-a97d-d965ccfc6d4b" outcome="Passed" testListId="8c84fa94-04c1-424b-9868-57a2d4851a1d" relativeResultsDirectory="4c6a47ef-8572-4648-b48d-7bfcb82183f5" />
    <UnitTestResult executionId="687b7625-7bdf-45b6-9916-4270397d5847" testId="c95909ba-b8a5-b6eb-3983-8f5b5fbe3ad0" testName="GetRights_ReturnsNoRightsWhenLicensesAreNotApplicable" computerName="TFSBUILD11" duration="00:00:00.0238045" startTime="2015-09-28T09:43:27.1871007-07:00" endTime="2015-09-28T09:43:27.2027266-07:00" testType="13cdc9d9-ddb5-4fa4-a97d-d965ccfc6d4b" outcome="Passed" testListId="8c84fa94-04c1-424b-9868-57a2d4851a1d" relativeResultsDirectory="687b7625-7bdf-45b6-9916-4270397d5847" />
    <UnitTestResult executionId="079127e4-15b4-4922-b516-6e2e82943d0e" testId="0a023647-1eb1-6a36-1be0-9922279f70ee" testName="GetRights_ReturnsNoRightsWhenLicensesAreApplicableButQueryContextEditionIsHigherThanMaxEntitlement" computerName="TFSBUILD11" duration="00:00:00.0255680" startTime="2015-09-28T09:43:27.2027266-07:00" endTime="2015-09-28T09:43:27.2339788-07:00" testType="13cdc9d9-ddb5-4fa4-a97d-d965ccfc6d4b" outcome="Passed" testListId="8c84fa94-04c1-424b-9868-57a2d4851a1d" relativeResultsDirectory="079127e4-15b4-4922-b516-6e2e82943d0e" />
    <UnitTestResult executionId="72281915-6804-433f-94e5-80c1e251bd31" testId="78fec4ea-4d9d-1513-cdcd-e25d5d58ee1b" testName="GetRights_ReturnsOneClientRightWhenQueryContextEditionIsEqualToMaxEntitlement" computerName="TFSBUILD11" duration="00:00:00.0216299" startTime="2015-09-28T09:43:27.2339788-07:00" endTime="2015-09-28T09:43:27.2496055-07:00" testType="13cdc9d9-ddb5-4fa4-a97d-d965ccfc6d4b" outcome="Passed" testListId="8c84fa94-04c1-424b-9868-57a2d4851a1d" relativeResultsDirectory="72281915-6804-433f-94e5-80c1e251bd31" />
    <UnitTestResult executionId="302182cf-10e3-4801-b6f2-9e825e28d4c0" testId="c7aa2af8-4d9b-8f4b-c4a9-e3163d8944b3" testName="GetRights_ReturnsOneClientRightWhenQueryContextEditionIsLessThanMaxEntitlement" computerName="TFSBUILD11" duration="00:00:00.0207888" startTime="2015-09-28T09:43:27.2496055-07:00" endTime="2015-09-28T09:43:27.2808580-07:00" testType="13cdc9d9-ddb5-4fa4-a97d-d965ccfc6d4b" outcome="Passed" testListId="8c84fa94-04c1-424b-9868-57a2d4851a1d" relativeResultsDirectory="302182cf-10e3-4801-b6f2-9e825e28d4c0" />
    <UnitTestResult executionId="cb36969e-5f8f-44e3-bade-6b5bc89cdcb3" testId="02a5b9cb-f5b9-76f0-7daf-cf9534006dae" testName="GetRights_ReturnsOneClientRightWhenQueryEditionIsNotSpecified" computerName="TFSBUILD11" duration="00:00:00.0213574" startTime="2015-09-28T09:43:27.2808580-07:00" endTime="2015-09-28T09:43:27.2964829-07:00" testType="13cdc9d9-ddb5-4fa4-a97d-d965ccfc6d4b" outcome="Passed" testListId="8c84fa94-04c1-424b-9868-57a2d4851a1d" relativeResultsDirectory="cb36969e-5f8f-44e3-bade-6b5bc89cdcb3" />
    <UnitTestResult executionId="bd2fc2d4-2ed6-4be7-a420-1880885c36c7" testId="e488f37d-cc69-ae8e-7361-7fe016c237c4" testName="GetRights_ReturnsOneClientRightWhenProfessionalEditionIsSpecified" computerName="TFSBUILD11" duration="00:00:00.0206548" startTime="2015-09-28T09:43:27.2964829-07:00" endTime="2015-09-28T09:43:27.3277355-07:00" testType="13cdc9d9-ddb5-4fa4-a97d-d965ccfc6d4b" outcome="Passed" testListId="8c84fa94-04c1-424b-9868-57a2d4851a1d" relativeResultsDirectory="bd2fc2d4-2ed6-4be7-a420-1880885c36c7" />
    <UnitTestResult executionId="549d6126-306b-43b1-8355-7a4a5c1364fc" testId="7122fa79-2b6a-8275-44fc-5246ea9fe953" testName="GetRights_ReturnsOneClientRightWhenUserHaveVsoAdvancedLicenseAndClientIsTestManager" computerName="TFSBUILD11" duration="00:00:00.0255862" startTime="2015-09-28T09:43:27.3277355-07:00" endTime="2015-09-28T09:43:27.3433621-07:00" testType="13cdc9d9-ddb5-4fa4-a97d-d965ccfc6d4b" outcome="Passed" testListId="8c84fa94-04c1-424b-9868-57a2d4851a1d" relativeResultsDirectory="549d6126-306b-43b1-8355-7a4a5c1364fc" />
    <UnitTestResult executionId="b29c9183-6dd5-47f2-ade3-ff7646e91fb5" testId="1caf2f54-cbb3-0c68-2ed2-4b42d23c0fb2" testName="GetRights_ReturnsOneClientRight_MsdnTestPro" computerName="TFSBUILD11" duration="00:00:00.0243515" startTime="2015-09-28T09:43:27.3433621-07:00" endTime="2015-09-28T09:43:27.3746138-07:00" testType="13cdc9d9-ddb5-4fa4-a97d-d965ccfc6d4b" outcome="Passed" testListId="8c84fa94-04c1-424b-9868-57a2d4851a1d" relativeResultsDirectory="b29c9183-6dd5-47f2-ade3-ff7646e91fb5" />
    <UnitTestResult executionId="1f565c61-0bf9-4784-878c-4f5fcb1b7c37" testId="16bb9ef5-e6bb-5a58-4a56-ac63c85ebe23" testName="GetRights_ReturnsOneServiceRight" computerName="TFSBUILD11" duration="00:00:00.0188475" startTime="2015-09-28T09:43:27.3746138-07:00" endTime="2015-09-28T09:43:27.3902402-07:00" testType="13cdc9d9-ddb5-4fa4-a97d-d965ccfc6d4b" outcome="Passed" testListId="8c84fa94-04c1-424b-9868-57a2d4851a1d" relativeResultsDirectory="1f565c61-0bf9-4784-878c-4f5fcb1b7c37" />
    <UnitTestResult executionId="c35cd227-f490-48a6-a0f0-efac4c69e093" testId="712ab65e-f627-2cb9-353a-9e6b7c24b7d3" testName="GetRights_ReturnsOneServiceRight_MsdnTestPro" computerName="TFSBUILD11" duration="00:00:00.0178070" startTime="2015-09-28T09:43:27.3902402-07:00" endTime="2015-09-28T09:43:27.4058666-07:00" testType="13cdc9d9-ddb5-4fa4-a97d-d965ccfc6d4b" outcome="Passed" testListId="8c84fa94-04c1-424b-9868-57a2d4851a1d" relativeResultsDirectory="c35cd227-f490-48a6-a0f0-efac4c69e093" />
    <UnitTestResult executionId="cace90e8-525e-47a8-bb09-f4e0446dbf48" testId="9ff8a724-941c-b317-d1f8-90286ffbed56" testName="GetRights_ReturnsFiveClientRights_TestManager_For_MsdnEnterprise_MsdnUltimate_MsdnPremium_MsdnTestProfessional_VsoAdvanced_Entitlements" computerName="TFSBUILD11" duration="00:00:00.0210889" startTime="2015-09-28T09:43:27.4058666-07:00" endTime="2015-09-28T09:43:27.4371185-07:00" testType="13cdc9d9-ddb5-4fa4-a97d-d965ccfc6d4b" outcome="Passed" testListId="8c84fa94-04c1-424b-9868-57a2d4851a1d" relativeResultsDirectory="cace90e8-525e-47a8-bb09-f4e0446dbf48" />
    <UnitTestResult executionId="2f993812-8242-44b3-be8a-868d61c33f9a" testId="bbccaf2a-a024-8d50-b370-5259e1b14d5d" testName="GetRights_ReturnsNoClientRight_TestManager_For_VsoEarlyAdopter_VsoStakeholder_VsoBasic_VsoProfessional_MsdnProfessional_Entitlements" computerName="TFSBUILD11" duration="00:00:00.0219351" startTime="2015-09-28T09:43:27.4371185-07:00" endTime="2015-09-28T09:43:27.4527443-07:00" testType="13cdc9d9-ddb5-4fa4-a97d-d965ccfc6d4b" outcome="Passed" testListId="8c84fa94-04c1-424b-9868-57a2d4851a1d" relativeResultsDirectory="2f993812-8242-44b3-be8a-868d61c33f9a" />
    <UnitTestResult executionId="f5688fa6-4d5a-44d4-9afb-875f3ac7bb98" testId="ecfd498e-77f2-4d62-0d92-16127dec5c03" testName="Start_WillThrowWhenPassedNullRequestContext" computerName="TFSBUILD11" duration="00:00:00.0007321" startTime="2015-09-28T09:43:27.4527443-07:00" endTime="2015-09-28T09:43:27.4527443-07:00" testType="13cdc9d9-ddb5-4fa4-a97d-d965ccfc6d4b" outcome="Passed" testListId="8c84fa94-04c1-424b-9868-57a2d4851a1d" relativeResultsDirectory="f5688fa6-4d5a-44d4-9afb-875f3ac7bb98" />
    <UnitTestResult executionId="ff2d64eb-d362-47d3-89b1-25e7c7e31ffa" testId="4a7683d2-e725-b11b-0241-f21c7a0cd57e" testName="Stop_WillThrowWhenPassedNullRequestContext" computerName="TFSBUILD11" duration="00:00:00.0004024" startTime="2015-09-28T09:43:27.4527443-07:00" endTime="2015-09-28T09:43:27.4527443-07:00" testType="13cdc9d9-ddb5-4fa4-a97d-d965ccfc6d4b" outcome="Passed" testListId="8c84fa94-04c1-424b-9868-57a2d4851a1d" relativeResultsDirectory="ff2d64eb-d362-47d3-89b1-25e7c7e31ffa" />
    <UnitTestResult executionId="7096c1f0-a596-4739-84ae-bbe47ae54bd6" testId="aa4557ce-12f3-7b1a-4e1b-e1dda612087d" testName="GetRights_WillThrowWhenPassedNullRequestContext" computerName="TFSBUILD11" duration="00:00:00.0006434" startTime="2015-09-28T09:43:27.4527443-07:00" endTime="2015-09-28T09:43:27.4527443-07:00" testType="13cdc9d9-ddb5-4fa4-a97d-d965ccfc6d4b" outcome="Passed" testListId="8c84fa94-04c1-424b-9868-57a2d4851a1d" relativeResultsDirectory="7096c1f0-a596-4739-84ae-bbe47ae54bd6" />
    <UnitTestResult executionId="44147617-1e68-4be1-b065-ea42b3d334db" testId="187f3367-7e1c-e9b0-f609-2c152147b561" testName="GetRights_WillThrowWhenPassedNullAdapterContext" computerName="TFSBUILD11" duration="00:00:00.0159132" startTime="2015-09-28T09:43:27.4527443-07:00" endTime="2015-09-28T09:43:27.4683705-07:00" testType="13cdc9d9-ddb5-4fa4-a97d-d965ccfc6d4b" outcome="Passed" testListId="8c84fa94-04c1-424b-9868-57a2d4851a1d" relativeResultsDirectory="44147617-1e68-4be1-b065-ea42b3d334db" />
    <UnitTestResult executionId="e4d45bb7-0f5e-4965-966e-bf4c09e78a66" testId="2e9e8f1b-9ac4-4dea-d47c-c1b86571cd1f" testName="GetRights_WillThrowWhenPassedInvalidProductFamily" computerName="TFSBUILD11" duration="00:00:00.0181281" startTime="2015-09-28T09:43:27.4683705-07:00" endTime="2015-09-28T09:43:27.4839966-07:00" testType="13cdc9d9-ddb5-4fa4-a97d-d965ccfc6d4b" outcome="Passed" testListId="8c84fa94-04c1-424b-9868-57a2d4851a1d" relativeResultsDirectory="e4d45bb7-0f5e-4965-966e-bf4c09e78a66" />
    <UnitTestResult executionId="20e3f58f-5b6d-4ab4-9ece-5e1796b8c233" testId="0f40c776-3d55-f470-0615-3fd67c0a7b6d" testName="GetRights_WillNotThrowWhenPassedInvalidProductEdition" computerName="TFSBUILD11" duration="00:00:00.0129092" startTime="2015-09-28T09:43:27.4839966-07:00" endTime="2015-09-28T09:43:27.4996230-07:00" testType="13cdc9d9-ddb5-4fa4-a97d-d965ccfc6d4b" outcome="Passed" testListId="8c84fa94-04c1-424b-9868-57a2d4851a1d" relativeResultsDirectory="20e3f58f-5b6d-4ab4-9ece-5e1796b8c233" />
    <UnitTestResult executionId="14fa887a-253e-486b-9e21-9f9e3b0633f0" testId="9300d2d9-8ef9-f29e-ea79-30e50abe0cd5" testName="GetRights_WillThrowWhenPassedInvalidProductVersion" computerName="TFSBUILD11" duration="00:00:00.0143305" startTime="2015-09-28T09:43:27.4996230-07:00" endTime="2015-09-28T09:43:27.5152491-07:00" testType="13cdc9d9-ddb5-4fa4-a97d-d965ccfc6d4b" outcome="Passed" testListId="8c84fa94-04c1-424b-9868-57a2d4851a1d" relativeResultsDirectory="14fa887a-253e-486b-9e21-9f9e3b0633f0" />
    <UnitTestResult executionId="d0c123e4-263d-4a89-b8ec-0087c57b05d5" testId="ad8a0e8e-4ed2-def0-e3e4-2b702f9c2f42" testName="GetRights_HandleCommunityRightWithDifferentCapitalization" computerName="TFSBUILD11" duration="00:00:00.0132644" startTime="2015-09-28T09:43:27.5152491-07:00" endTime="2015-09-28T09:43:27.5308749-07:00" testType="13cdc9d9-ddb5-4fa4-a97d-d965ccfc6d4b" outcome="Passed" testListId="8c84fa94-04c1-424b-9868-57a2d4851a1d" relativeResultsDirectory="d0c123e4-263d-4a89-b8ec-0087c57b05d5" />
    <UnitTestResult executionId="e2bc5aad-89fc-4a48-b921-6e57f7c2bc58" testId="e00cc53c-1424-ebcf-a1d3-d7642e290f2a" testName="GetRights_VerifyValidReleaseVisualStudioCommunityRightForDev14Version" computerName="TFSBUILD11" duration="00:00:00.0130989" startTime="2015-09-28T09:43:27.5308749-07:00" endTime="2015-09-28T09:43:27.5465013-07:00" testType="13cdc9d9-ddb5-4fa4-a97d-d965ccfc6d4b" outcome="Passed" testListId="8c84fa94-04c1-424b-9868-57a2d4851a1d" relativeResultsDirectory="e2bc5aad-89fc-4a48-b921-6e57f7c2bc58" />
    <UnitTestResult executionId="9c09d50f-3d96-446a-9eca-a8b6964fd6af" testId="aadc25b3-6ed2-17df-1bdc-cfab17a5b2f8" testName="GetRights_VerifyValidReleaseVisualStudioCommunityRight" computerName="TFSBUILD11" duration="00:00:00.0128457" startTime="2015-09-28T09:43:27.5465013-07:00" endTime="2015-09-28T09:43:27.5621283-07:00" testType="13cdc9d9-ddb5-4fa4-a97d-d965ccfc6d4b" outcome="Passed" testListId="8c84fa94-04c1-424b-9868-57a2d4851a1d" relativeResultsDirectory="9c09d50f-3d96-446a-9eca-a8b6964fd6af" />
    <UnitTestResult executionId="7604fd25-b66c-4f1d-bee4-075fc82f0d53" testId="168081b7-dfaf-8280-f5ff-90cf7a6aefe7" testName="Start_WillThrowWhenPassedNullRequestContext" computerName="TFSBUILD11" duration="00:00:00.0007583" startTime="2015-09-28T09:43:27.5621283-07:00" endTime="2015-09-28T09:43:27.5621283-07:00" testType="13cdc9d9-ddb5-4fa4-a97d-d965ccfc6d4b" outcome="Passed" testListId="8c84fa94-04c1-424b-9868-57a2d4851a1d" relativeResultsDirectory="7604fd25-b66c-4f1d-bee4-075fc82f0d53" />
    <UnitTestResult executionId="53a86f5e-3503-4619-96b4-2b53039fe010" testId="4cad3970-99aa-43d5-c21b-3892f0264eba" testName="Stop_WillThrowWhenPassedNullRequestContext" computerName="TFSBUILD11" duration="00:00:00.0004181" startTime="2015-09-28T09:43:27.5621283-07:00" endTime="2015-09-28T09:43:27.5621283-07:00" testType="13cdc9d9-ddb5-4fa4-a97d-d965ccfc6d4b" outcome="Passed" testListId="8c84fa94-04c1-424b-9868-57a2d4851a1d" relativeResultsDirectory="53a86f5e-3503-4619-96b4-2b53039fe010" />
    <UnitTestResult executionId="8eb2ce85-d58b-4a0e-b447-996ecf51e711" testId="ae9192b0-4adc-dc6d-cb90-ad6c08ca81ae" testName="GetRights_WillThrowWhenPassedNullRequestContext" computerName="TFSBUILD11" duration="00:00:00.0008356" startTime="2015-09-28T09:43:27.5621283-07:00" endTime="2015-09-28T09:43:27.5621283-07:00" testType="13cdc9d9-ddb5-4fa4-a97d-d965ccfc6d4b" outcome="Passed" testListId="8c84fa94-04c1-424b-9868-57a2d4851a1d" relativeResultsDirectory="8eb2ce85-d58b-4a0e-b447-996ecf51e711" />
    <UnitTestResult executionId="db4840f2-8bd1-49ae-9831-70f298f05864" testId="86c86385-7b3d-32a0-e66f-6388674b895b" testName="GetRights_WillThrowWhenPassedNullAdapterContext" computerName="TFSBUILD11" duration="00:00:00.0132712" startTime="2015-09-28T09:43:27.5621283-07:00" endTime="2015-09-28T09:43:27.5777535-07:00" testType="13cdc9d9-ddb5-4fa4-a97d-d965ccfc6d4b" outcome="Passed" testListId="8c84fa94-04c1-424b-9868-57a2d4851a1d" relativeResultsDirectory="db4840f2-8bd1-49ae-9831-70f298f05864" />
    <UnitTestResult executionId="deb2f92a-7a34-422a-91e5-946b6b814b2c" testId="d9a23cb0-391f-ae8e-ae40-1f7f7f2b244f" testName="GetRights_WillThrowWhenPassedInvalidProductEdition" computerName="TFSBUILD11" duration="00:00:00.0177074" startTime="2015-09-28T09:43:27.5777535-07:00" endTime="2015-09-28T09:43:27.5933793-07:00" testType="13cdc9d9-ddb5-4fa4-a97d-d965ccfc6d4b" outcome="Passed" testListId="8c84fa94-04c1-424b-9868-57a2d4851a1d" relativeResultsDirectory="deb2f92a-7a34-422a-91e5-946b6b814b2c" />
    <UnitTestResult executionId="bbe6a40c-4789-40c6-bf19-8a1ac3389b47" testId="c73f4bf6-1043-9639-285a-c88944b9e6c2" testName="GetRights_WillNotThrowWhenPassedOtherProductFamily" computerName="TFSBUILD11" duration="00:00:00.0129015" startTime="2015-09-28T09:43:27.5933793-07:00" endTime="2015-09-28T09:43:27.6090055-07:00" testType="13cdc9d9-ddb5-4fa4-a97d-d965ccfc6d4b" outcome="Passed" testListId="8c84fa94-04c1-424b-9868-57a2d4851a1d" relativeResultsDirectory="bbe6a40c-4789-40c6-bf19-8a1ac3389b47" />
    <UnitTestResult executionId="98aac5ce-3824-4868-93ea-48b3595a0cad" testId="bd63e7e7-f98b-767e-a61c-d2d1b3a13719" testName="GetRights_WillThrowWhenPassedInvalidProductVersion" computerName="TFSBUILD11" duration="00:00:00.0132442" startTime="2015-09-28T09:43:27.6090055-07:00" endTime="2015-09-28T09:43:27.6246318-07:00" testType="13cdc9d9-ddb5-4fa4-a97d-d965ccfc6d4b" outcome="Passed" testListId="8c84fa94-04c1-424b-9868-57a2d4851a1d" relativeResultsDirectory="98aac5ce-3824-4868-93ea-48b3595a0cad" />
    <UnitTestResult executionId="52631cda-b920-4187-a8ca-a20cc098ca46" testId="66239d39-0397-bc96-d0be-6c1ef4eb5e3b" testName="GetRights_HandleAndroidEmulatorRightWithDifferentCapitalization" computerName="TFSBUILD11" duration="00:00:00.0128938" startTime="2015-09-28T09:43:27.6246318-07:00" endTime="2015-09-28T09:43:27.6246318-07:00" testType="13cdc9d9-ddb5-4fa4-a97d-d965ccfc6d4b" outcome="Passed" testListId="8c84fa94-04c1-424b-9868-57a2d4851a1d" relativeResultsDirectory="52631cda-b920-4187-a8ca-a20cc098ca46" />
    <UnitTestResult executionId="a3029ae3-7a13-40e8-b11d-5e9d86b5d7b3" testId="fa28a68b-2ab1-a8b9-a583-9b3c3b07c455" testName="GetRights_VerifyValidReleaseVisualStudioAndroidEmulatorRightForDev14Version" computerName="TFSBUILD11" duration="00:00:00.0127979" startTime="2015-09-28T09:43:27.6246318-07:00" endTime="2015-09-28T09:43:27.6402582-07:00" testType="13cdc9d9-ddb5-4fa4-a97d-d965ccfc6d4b" outcome="Passed" testListId="8c84fa94-04c1-424b-9868-57a2d4851a1d" relativeResultsDirectory="a3029ae3-7a13-40e8-b11d-5e9d86b5d7b3" />
    <UnitTestResult executionId="18a0b497-9ae3-4f23-8fba-792ea3a1ab5f" testId="89f3a8fb-002c-e2ed-9534-cde7c2bc6d1e" testName="GetRights_VerifyValidReleaseVisualStudioAndroidEmulatorRight" computerName="TFSBUILD11" duration="00:00:00.0142907" startTime="2015-09-28T09:43:27.6402582-07:00" endTime="2015-09-28T09:43:27.6558838-07:00" testType="13cdc9d9-ddb5-4fa4-a97d-d965ccfc6d4b" outcome="Passed" testListId="8c84fa94-04c1-424b-9868-57a2d4851a1d" relativeResultsDirectory="18a0b497-9ae3-4f23-8fba-792ea3a1ab5f" />
    <UnitTestResult executionId="c2827dc0-44ae-4457-8058-4186da83e712" testId="2f2bbe19-c803-aab7-dcd0-3f07a52d0c89" testName="Start_WillThrowWhenPassedNullRequestContext" computerName="TFSBUILD11" duration="00:00:00.0006436" startTime="2015-09-28T09:43:27.6558838-07:00" endTime="2015-09-28T09:43:27.6558838-07:00" testType="13cdc9d9-ddb5-4fa4-a97d-d965ccfc6d4b" outcome="Passed" testListId="8c84fa94-04c1-424b-9868-57a2d4851a1d" relativeResultsDirectory="c2827dc0-44ae-4457-8058-4186da83e712" />
    <UnitTestResult executionId="2edc2a84-59a9-40f0-89de-c9cbe81bbc62" testId="e2421e9d-690a-4eed-a1c0-cc223ea3b4b4" testName="Stop_WillThrowWhenPassedNullRequestContext" computerName="TFSBUILD11" duration="00:00:00.0004312" startTime="2015-09-28T09:43:27.6558838-07:00" endTime="2015-09-28T09:43:27.6558838-07:00" testType="13cdc9d9-ddb5-4fa4-a97d-d965ccfc6d4b" outcome="Passed" testListId="8c84fa94-04c1-424b-9868-57a2d4851a1d" relativeResultsDirectory="2edc2a84-59a9-40f0-89de-c9cbe81bbc62" />
    <UnitTestResult executionId="27d9bb3d-6d10-491f-9b25-1d3aa97850de" testId="9128f667-83d9-2457-89d5-79073cfd2901" testName="GetRights_WillThrowWhenPassedNullRequestContext" computerName="TFSBUILD11" duration="00:00:00.0015408" startTime="2015-09-28T09:43:27.6558838-07:00" endTime="2015-09-28T09:43:27.6558838-07:00" testType="13cdc9d9-ddb5-4fa4-a97d-d965ccfc6d4b" outcome="Passed" testListId="8c84fa94-04c1-424b-9868-57a2d4851a1d" relativeResultsDirectory="27d9bb3d-6d10-491f-9b25-1d3aa97850de" />
    <UnitTestResult executionId="0a5d9ef9-5a56-49ed-ab62-fe876631dc69" testId="453010f9-083d-e581-7520-83bab51a4913" testName="GetRights_WillThrowWhenPassedNullAdapterContext" computerName="TFSBUILD11" duration="00:00:00.0124896" startTime="2015-09-28T09:43:27.6558838-07:00" endTime="2015-09-28T09:43:27.6715102-07:00" testType="13cdc9d9-ddb5-4fa4-a97d-d965ccfc6d4b" outcome="Passed" testListId="8c84fa94-04c1-424b-9868-57a2d4851a1d" relativeResultsDirectory="0a5d9ef9-5a56-49ed-ab62-fe876631dc69" />
    <UnitTestResult executionId="ffff51cd-75f0-40ed-86f0-1c090b9495bf" testId="ff85445b-d9f3-ab2f-0927-03322c26be24" testName="GetRights_HandleAllRights" computerName="TFSBUILD11" duration="00:00:00.0141277" startTime="2015-09-28T09:43:27.6715102-07:00" endTime="2015-09-28T09:43:27.6871357-07:00" testType="13cdc9d9-ddb5-4fa4-a97d-d965ccfc6d4b" outcome="Passed" testListId="8c84fa94-04c1-424b-9868-57a2d4851a1d" relativeResultsDirectory="ffff51cd-75f0-40ed-86f0-1c090b9495bf" />
    <UnitTestResult executionId="8de9c218-5269-4004-a39d-8bd0853538eb" testId="16facd86-cc16-87ee-f179-325a69190f36" testName="GetRights_HandleUnexpectedRightName" computerName="TFSBUILD11" duration="00:00:00.0220543" startTime="2015-09-28T09:43:27.6871357-07:00" endTime="2015-09-28T09:43:27.7183885-07:00" testType="13cdc9d9-ddb5-4fa4-a97d-d965ccfc6d4b" outcome="Passed" testListId="8c84fa94-04c1-424b-9868-57a2d4851a1d" relativeResultsDirectory="8de9c218-5269-4004-a39d-8bd0853538eb" />
    <UnitTestResult executionId="e27c05d9-b442-426b-b71b-1baea40d78e5" testId="a0c89a68-d88c-3e9c-4d2f-f8fc2cd820c8" testName="GetRights_HandleOneRight" computerName="TFSBUILD11" duration="00:00:00.0129808" startTime="2015-09-28T09:43:27.7183885-07:00" endTime="2015-09-28T09:43:27.7183885-07:00" testType="13cdc9d9-ddb5-4fa4-a97d-d965ccfc6d4b" outcome="Passed" testListId="8c84fa94-04c1-424b-9868-57a2d4851a1d" relativeResultsDirectory="e27c05d9-b442-426b-b71b-1baea40d78e5" />
    <UnitTestResult executionId="089dabbe-ffff-44b1-a26d-9f8de42d7bc6" testId="1940fae1-bb49-a213-e232-08910b7837e2" testName="GetRights_HandleOneRightWithDifferentCapitalization" computerName="TFSBUILD11" duration="00:00:00.0126386" startTime="2015-09-28T09:43:27.7183885-07:00" endTime="2015-09-28T09:43:27.7340149-07:00" testType="13cdc9d9-ddb5-4fa4-a97d-d965ccfc6d4b" outcome="Passed" testListId="8c84fa94-04c1-424b-9868-57a2d4851a1d" relativeResultsDirectory="089dabbe-ffff-44b1-a26d-9f8de42d7bc6" />
    <UnitTestResult executionId="c36d7dde-e89f-44f7-8d80-e096e1e635a8" testId="35cc3a22-91c2-c067-b156-9ed8cbf45264" testName="GetRights_VerifyValidReleaseVisualStudioExpressRight" computerName="TFSBUILD11" duration="00:00:00.0127786" startTime="2015-09-28T09:43:27.7340149-07:00" endTime="2015-09-28T09:43:27.7496405-07:00" testType="13cdc9d9-ddb5-4fa4-a97d-d965ccfc6d4b" outcome="Passed" testListId="8c84fa94-04c1-424b-9868-57a2d4851a1d" relativeResultsDirectory="c36d7dde-e89f-44f7-8d80-e096e1e635a8" />
    <UnitTestResult executionId="7523b1b9-365b-4663-abfd-4c889a39ea21" testId="c0371f0d-9782-e497-a6f5-858d6a867346" testName="Start_WillThrowWhenPassedNullRequestContext" computerName="TFSBUILD11" duration="00:00:00.0007170" startTime="2015-09-28T09:43:27.7496405-07:00" endTime="2015-09-28T09:43:27.7496405-07:00" testType="13cdc9d9-ddb5-4fa4-a97d-d965ccfc6d4b" outcome="Passed" testListId="8c84fa94-04c1-424b-9868-57a2d4851a1d" relativeResultsDirectory="7523b1b9-365b-4663-abfd-4c889a39ea21" />
    <UnitTestResult executionId="1fca622b-e1fd-4aba-b3c6-62bc2a73abc6" testId="ae1dee2f-f27d-e095-fbe0-53d7fd382d8a" testName="Stop_WillThrowWhenPassedNullRequestContext" computerName="TFSBUILD11" duration="00:00:00.0005068" startTime="2015-09-28T09:43:27.7496405-07:00" endTime="2015-09-28T09:43:27.7496405-07:00" testType="13cdc9d9-ddb5-4fa4-a97d-d965ccfc6d4b" outcome="Passed" testListId="8c84fa94-04c1-424b-9868-57a2d4851a1d" relativeResultsDirectory="1fca622b-e1fd-4aba-b3c6-62bc2a73abc6" />
    <UnitTestResult executionId="a6c08af6-e4e4-48cc-8988-88201cc3c66f" testId="5b33ef56-1b9f-bb20-8301-9deb3e3a1a71" testName="GetRights_WillThrowWhenPassedNullRequestContext" computerName="TFSBUILD11" duration="00:00:00.0004346" startTime="2015-09-28T09:43:27.7496405-07:00" endTime="2015-09-28T09:43:27.7496405-07:00" testType="13cdc9d9-ddb5-4fa4-a97d-d965ccfc6d4b" outcome="Passed" testListId="8c84fa94-04c1-424b-9868-57a2d4851a1d" relativeResultsDirectory="a6c08af6-e4e4-48cc-8988-88201cc3c66f" />
    <UnitTestResult executionId="d6b158b9-7344-44d3-b313-969e75e1e987" testId="c4b45d48-e44f-93f0-2696-c72257633edf" testName="GetRights_WillThrowWhenPassedNullAdapterContext" computerName="TFSBUILD11" duration="00:00:00.0131316" startTime="2015-09-28T09:43:27.7496405-07:00" endTime="2015-09-28T09:43:27.7652668-07:00" testType="13cdc9d9-ddb5-4fa4-a97d-d965ccfc6d4b" outcome="Passed" testListId="8c84fa94-04c1-424b-9868-57a2d4851a1d" relativeResultsDirectory="d6b158b9-7344-44d3-b313-969e75e1e987" />
    <UnitTestResult executionId="33083807-0ba4-42e8-b75f-f3e91dadc140" testId="b48a4391-0113-65a8-8e63-4af5920c7401" testName="GetRights_WillThrowWhenPassedNullMachineId" computerName="TFSBUILD11" duration="00:00:00.0130582" startTime="2015-09-28T09:43:27.7652668-07:00" endTime="2015-09-28T09:43:27.7808932-07:00" testType="13cdc9d9-ddb5-4fa4-a97d-d965ccfc6d4b" outcome="Passed" testListId="8c84fa94-04c1-424b-9868-57a2d4851a1d" relativeResultsDirectory="33083807-0ba4-42e8-b75f-f3e91dadc140" />
    <UnitTestResult executionId="717dcad2-306b-477e-8ed5-c860fb6ba12c" testId="66fdb966-3788-cac3-3411-03c09c588ce6" testName="GetRights_WillThrowWhenPassedInvalidProductFamily" computerName="TFSBUILD11" duration="00:00:00.0157746" startTime="2015-09-28T09:43:27.7808932-07:00" endTime="2015-09-28T09:43:27.7965185-07:00" testType="13cdc9d9-ddb5-4fa4-a97d-d965ccfc6d4b" outcome="Passed" testListId="8c84fa94-04c1-424b-9868-57a2d4851a1d" relativeResultsDirectory="717dcad2-306b-477e-8ed5-c860fb6ba12c" />
    <UnitTestResult executionId="4765c16c-024f-474b-90c7-57773faed888" testId="63be9548-a798-c1db-5598-7f2ed6ad0c41" testName="GetRights_WillThrowWhenPassedInvalidProductEdition" computerName="TFSBUILD11" duration="00:00:00.0148377" startTime="2015-09-28T09:43:27.7965185-07:00" endTime="2015-09-28T09:43:27.8121449-07:00" testType="13cdc9d9-ddb5-4fa4-a97d-d965ccfc6d4b" outcome="Passed" testListId="8c84fa94-04c1-424b-9868-57a2d4851a1d" relativeResultsDirectory="4765c16c-024f-474b-90c7-57773faed888" />
    <UnitTestResult executionId="23a278da-b262-4588-80c4-32b0e02cb10e" testId="e9651d59-0127-8338-2c42-a72bb5506fea" testName="GetRights_WillThrowWhenPassedInvalidProductVersion" computerName="TFSBUILD11" duration="00:00:00.0200174" startTime="2015-09-28T09:43:27.8121449-07:00" endTime="2015-09-28T09:43:27.8277707-07:00" testType="13cdc9d9-ddb5-4fa4-a97d-d965ccfc6d4b" outcome="Passed" testListId="8c84fa94-04c1-424b-9868-57a2d4851a1d" relativeResultsDirectory="23a278da-b262-4588-80c4-32b0e02cb10e" />
    <UnitTestResult executionId="63fc95b6-f0bb-462a-9cff-319504873122" testId="66f72b90-fa4b-85b4-cfba-8277a3314355" testName="GetRights_ReturnsRightsWhenParametersAreValid" computerName="TFSBUILD11" duration="00:00:00.0253337" startTime="2015-09-28T09:43:27.8277707-07:00" endTime="2015-09-28T09:43:27.8590238-07:00" testType="13cdc9d9-ddb5-4fa4-a97d-d965ccfc6d4b" outcome="Passed" testListId="8c84fa94-04c1-424b-9868-57a2d4851a1d" relativeResultsDirectory="63fc95b6-f0bb-462a-9cff-319504873122" />
    <UnitTestResult executionId="9ab9c66f-7b40-4742-8011-92bc28be652a" testId="e685dbec-ea9e-1d8f-fab1-4a495e9eb6c8" testName="GetRights_ReturnsRightsForTestMananger" computerName="TFSBUILD11" duration="00:00:00.0181259" startTime="2015-09-28T09:43:27.8590238-07:00" endTime="2015-09-28T09:43:27.8746488-07:00" testType="13cdc9d9-ddb5-4fa4-a97d-d965ccfc6d4b" outcome="Passed" testListId="8c84fa94-04c1-424b-9868-57a2d4851a1d" relativeResultsDirectory="9ab9c66f-7b40-4742-8011-92bc28be652a" />
    <UnitTestResult executionId="a9b86404-d9de-4335-9830-9855c3649f40" testId="4cdee75e-0dd3-7373-f5a7-87cc63b1ee78" testName="GetAccountEntitlement_ThrowsWhenPassedNullRequestContext" computerName="TFSBUILD11" duration="00:00:00.0008695" startTime="2015-09-28T09:43:27.8746488-07:00" endTime="2015-09-28T09:43:27.8746488-07:00" testType="13cdc9d9-ddb5-4fa4-a97d-d965ccfc6d4b" outcome="Passed" testListId="8c84fa94-04c1-424b-9868-57a2d4851a1d" relativeResultsDirectory="a9b86404-d9de-4335-9830-9855c3649f40" />
    <UnitTestResult executionId="68ff0326-8506-43f0-947c-e992df8c148e" testId="8a46a0af-b2ab-8291-0369-2fb3e556911e" testName="GetAccountEntitlement_ThrowsWhenPassedEmptyUserId" computerName="TFSBUILD11" duration="00:00:00.0270782" startTime="2015-09-28T09:43:27.8746488-07:00" endTime="2015-09-28T09:43:27.9059018-07:00" testType="13cdc9d9-ddb5-4fa4-a97d-d965ccfc6d4b" outcome="Passed" testListId="8c84fa94-04c1-424b-9868-57a2d4851a1d" relativeResultsDirectory="68ff0326-8506-43f0-947c-e992df8c148e" />
    <UnitTestResult executionId="a485e100-e1e5-4a39-95a8-c40b33b963f1" testId="84819791-d70f-6b36-b33d-5e4231f66268" testName="GetAccountEntitlement_ThrowsWhenPassedEmptyAccountId" computerName="TFSBUILD11" duration="00:00:00.0275441" startTime="2015-09-28T09:43:27.9059018-07:00" endTime="2015-09-28T09:43:27.9371541-07:00" testType="13cdc9d9-ddb5-4fa4-a97d-d965ccfc6d4b" outcome="Passed" testListId="8c84fa94-04c1-424b-9868-57a2d4851a1d" relativeResultsDirectory="a485e100-e1e5-4a39-95a8-c40b33b963f1" />
    <UnitTestResult executionId="42628698-2a2a-4981-8f95-41d01138c841" testId="b6d33d96-f458-ea9f-b67d-6675b2956705" testName="GetAccountEntitlement_ReturnsFromIdentityCache_WhenLicenseIsAvailableOnIdentityCache" computerName="TFSBUILD11" duration="00:00:00.0659192" startTime="2015-09-28T09:43:27.9371541-07:00" endTime="2015-09-28T09:43:27.9996582-07:00" testType="13cdc9d9-ddb5-4fa4-a97d-d965ccfc6d4b" outcome="Passed" testListId="8c84fa94-04c1-424b-9868-57a2d4851a1d" relativeResultsDirectory="42628698-2a2a-4981-8f95-41d01138c841" />
    <UnitTestResult executionId="1346e76a-37db-4b5a-84b9-d158699b6068" testId="033813b4-a754-1ef3-50d2-63efe12973a3" testName="GetAccountEntitlement_CallsAccountEntilementService_WhenLicenseIsNotAvailableOnIdentityCache" computerName="TFSBUILD11" duration="00:00:00.1180632" startTime="2015-09-28T09:43:27.9996582-07:00" endTime="2015-09-28T09:43:28.1090407-07:00" testType="13cdc9d9-ddb5-4fa4-a97d-d965ccfc6d4b" outcome="Passed" testListId="8c84fa94-04c1-424b-9868-57a2d4851a1d" relativeResultsDirectory="1346e76a-37db-4b5a-84b9-d158699b6068" />
    <UnitTestResult executionId="3f573dd1-ac42-45b1-b42e-1b6fcdb7a58e" testId="7cf5b80c-7787-3497-478a-00af70785011" testName="GetAccountEntitlement_UpdatesCache_WhenLicenseIsNotFoundOnIdentityCache" computerName="TFSBUILD11" duration="00:00:00.0532296" startTime="2015-09-28T09:43:28.1090407-07:00" endTime="2015-09-28T09:43:28.1715457-07:00" testType="13cdc9d9-ddb5-4fa4-a97d-d965ccfc6d4b" outcome="Passed" testListId="8c84fa94-04c1-424b-9868-57a2d4851a1d" relativeResultsDirectory="3f573dd1-ac42-45b1-b42e-1b6fcdb7a58e" />
    <UnitTestResult executionId="3c5a8d22-c507-495c-927d-4693302b354f" testId="bdc6221b-59ee-32e9-5a74-00061affbe64" testName="GetAccountEntitlement_DoesNotThrow_IfCacheUpdateFails" computerName="TFSBUILD11" duration="00:00:00.0465941" startTime="2015-09-28T09:43:28.1715457-07:00" endTime="2015-09-28T09:43:28.2184238-07:00" testType="13cdc9d9-ddb5-4fa4-a97d-d965ccfc6d4b" outcome="Passed" testListId="8c84fa94-04c1-424b-9868-57a2d4851a1d" relativeResultsDirectory="3c5a8d22-c507-495c-927d-4693302b354f" />
    <UnitTestResult executionId="20e0b678-a386-4356-9919-76df2723e7a0" testId="c15b42d8-5963-c9e3-74fc-723596effa80" testName="GetAccountEntitlements_ThrowsWhenPassedNullRequestContext" computerName="TFSBUILD11" duration="00:00:00.0012563" startTime="2015-09-28T09:43:28.2184238-07:00" endTime="2015-09-28T09:43:28.2184238-07:00" testType="13cdc9d9-ddb5-4fa4-a97d-d965ccfc6d4b" outcome="Passed" testListId="8c84fa94-04c1-424b-9868-57a2d4851a1d" relativeResultsDirectory="20e0b678-a386-4356-9919-76df2723e7a0" />
    <UnitTestResult executionId="bdbc25ae-8c64-406a-91f0-088a2e82e2df" testId="343fa799-969c-d4e4-1891-94ac4208effa" testName="GetAccountEntitlements_ThrowsWhenPassedEmptyUserId" computerName="TFSBUILD11" duration="00:00:00.0253502" startTime="2015-09-28T09:43:28.2184238-07:00" endTime="2015-09-28T09:43:28.2496754-07:00" testType="13cdc9d9-ddb5-4fa4-a97d-d965ccfc6d4b" outcome="Passed" testListId="8c84fa94-04c1-424b-9868-57a2d4851a1d" relativeResultsDirectory="bdbc25ae-8c64-406a-91f0-088a2e82e2df" />
    <UnitTestResult executionId="96f80bdc-2c1f-402e-9231-fa01195d316c" testId="1c4a2d7e-4de3-6a46-b6fa-87de34810b30" testName="GetAccountEntitlements_ThrowsWhenPassedEmptyAccountId" computerName="TFSBUILD11" duration="00:00:00.0257586" startTime="2015-09-28T09:43:28.2496754-07:00" endTime="2015-09-28T09:43:28.2653021-07:00" testType="13cdc9d9-ddb5-4fa4-a97d-d965ccfc6d4b" outcome="Passed" testListId="8c84fa94-04c1-424b-9868-57a2d4851a1d" relativeResultsDirectory="96f80bdc-2c1f-402e-9231-fa01195d316c" />
    <UnitTestResult executionId="7f9adab7-c179-4f7b-91b4-ce69bc6c6a4a" testId="b2194e98-4b49-6cbf-9e6c-77560dabef48" testName="GetAccountEntitlements_ThrowsWhenPassedEmptyAccount" computerName="TFSBUILD11" duration="00:00:00.0324954" startTime="2015-09-28T09:43:28.2653021-07:00" endTime="2015-09-28T09:43:28.2965546-07:00" testType="13cdc9d9-ddb5-4fa4-a97d-d965ccfc6d4b" outcome="Passed" testListId="8c84fa94-04c1-424b-9868-57a2d4851a1d" relativeResultsDirectory="7f9adab7-c179-4f7b-91b4-ce69bc6c6a4a" />
    <UnitTestResult executionId="ae31c5c5-bf8f-4dfb-92a3-9cbf8b69a920" testId="2bcbc063-bc5f-837b-d50c-4eb0b9c34393" testName="GetAccountEntitlements_CallsGetAccountEntitlement_ForEachAccount" computerName="TFSBUILD11" duration="00:00:00.0626783" startTime="2015-09-28T09:43:28.2965546-07:00" endTime="2015-09-28T09:43:28.3590582-07:00" testType="13cdc9d9-ddb5-4fa4-a97d-d965ccfc6d4b" outcome="Passed" testListId="8c84fa94-04c1-424b-9868-57a2d4851a1d" relativeResultsDirectory="ae31c5c5-bf8f-4dfb-92a3-9cbf8b69a920" />
    <UnitTestResult executionId="b0a80bcb-1cdb-4cfb-bc74-da01d6765488" testId="1ca74c55-da25-88a7-dfd1-c77d38efc4e1" testName="GetAccountEntitlements_DoesNotReturnNullsInTheResultSet" computerName="TFSBUILD11" duration="00:00:00.0256352" startTime="2015-09-28T09:43:28.3590582-07:00" endTime="2015-09-28T09:43:28.3903107-07:00" testType="13cdc9d9-ddb5-4fa4-a97d-d965ccfc6d4b" outcome="Passed" testListId="8c84fa94-04c1-424b-9868-57a2d4851a1d" relativeResultsDirectory="b0a80bcb-1cdb-4cfb-bc74-da01d6765488" />
    <UnitTestResult executionId="da2f1397-4222-4da7-a247-90e50cde0c0c" testId="5c335e5f-93f5-c9d0-64c0-5beef7f8fd4a" testName="GetAccountEntitlements_CallsGetAccountEntitlement_FromAccounts_ForEachAccount" computerName="TFSBUILD11" duration="00:00:00.0330776" startTime="2015-09-28T09:43:28.3903107-07:00" endTime="2015-09-28T09:43:28.4215629-07:00" testType="13cdc9d9-ddb5-4fa4-a97d-d965ccfc6d4b" outcome="Passed" testListId="8c84fa94-04c1-424b-9868-57a2d4851a1d" relativeResultsDirectory="da2f1397-4222-4da7-a247-90e50cde0c0c" />
    <UnitTestResult executionId="f11aef0a-81f5-44ee-9880-7a74e4bf9148" testId="b354fde1-6715-78bd-f814-b047d6e81884" testName="GetAccountEntitlements_FromAccounts_DoesNotReturnNullsInTheResultSet" computerName="TFSBUILD11" duration="00:00:00.0299220" startTime="2015-09-28T09:43:28.4215629-07:00" endTime="2015-09-28T09:43:28.4528155-07:00" testType="13cdc9d9-ddb5-4fa4-a97d-d965ccfc6d4b" outcome="Passed" testListId="8c84fa94-04c1-424b-9868-57a2d4851a1d" relativeResultsDirectory="f11aef0a-81f5-44ee-9880-7a74e4bf9148" />
    <UnitTestResult executionId="17422985-ef15-4dd6-bf51-a3330f184611" testId="907aed55-b25f-d314-70f0-865354338480" testName="GetLicensesUsage_WillThrowWhenPassedNullRequestContext" computerName="TFSBUILD11" duration="00:00:00.0356382" startTime="2015-09-28T09:43:28.4528155-07:00" endTime="2015-09-28T09:43:28.4840674-07:00" testType="13cdc9d9-ddb5-4fa4-a97d-d965ccfc6d4b" outcome="Passed" testListId="8c84fa94-04c1-424b-9868-57a2d4851a1d" relativeResultsDirectory="17422985-ef15-4dd6-bf51-a3330f184611" />
    <UnitTestResult executionId="cd16774d-d73e-4a13-98a9-79de9c2cfc96" testId="322e6517-7ec2-7ffd-955e-3ebdc27f4431" testName="GetLicensesUsage_WillThrowWhenPassedNonAccountRequestContext" computerName="TFSBUILD11" duration="00:00:00.0381959" startTime="2015-09-28T09:43:28.4840674-07:00" endTime="2015-09-28T09:43:28.5309469-07:00" testType="13cdc9d9-ddb5-4fa4-a97d-d965ccfc6d4b" outcome="Passed" testListId="8c84fa94-04c1-424b-9868-57a2d4851a1d" relativeResultsDirectory="cd16774d-d73e-4a13-98a9-79de9c2cfc96" />
    <UnitTestResult executionId="e970545f-70a7-4235-b142-af807e3e6af6" testId="a1ed701c-0f7b-d204-a279-f4de922a4ad0" testName="GetLicensesUsage_Throws_WhenUserDoesNotHavePermission" computerName="TFSBUILD11" duration="00:00:00.0351811" startTime="2015-09-28T09:43:28.5309469-07:00" endTime="2015-09-28T09:43:28.5621982-07:00" testType="13cdc9d9-ddb5-4fa4-a97d-d965ccfc6d4b" outcome="Passed" testListId="8c84fa94-04c1-424b-9868-57a2d4851a1d" relativeResultsDirectory="e970545f-70a7-4235-b142-af807e3e6af6" />
    <UnitTestResult executionId="5750dd9c-e1a0-4434-8cbe-310267a444a0" testId="5611e97f-9ff8-7860-2915-36c47efa8ed0" testName="GetLicensesUsage_NoResultsWhenMeteringServiceReturnsNoSubscriptions" computerName="TFSBUILD11" duration="00:00:00.0567326" startTime="2015-09-28T09:43:28.5621982-07:00" endTime="2015-09-28T09:43:28.6247030-07:00" testType="13cdc9d9-ddb5-4fa4-a97d-d965ccfc6d4b" outcome="Passed" testListId="8c84fa94-04c1-424b-9868-57a2d4851a1d" relativeResultsDirectory="5750dd9c-e1a0-4434-8cbe-310267a444a0" />
    <UnitTestResult executionId="47063f7c-6661-45b1-a097-efaac6ca9f76" testId="e3f89e45-6545-34f7-524c-71d0020648e7" testName="GetLicensesUsage_ReturnsResultsFromMeteringService" computerName="TFSBUILD11" duration="00:00:00.0358831" startTime="2015-09-28T09:43:28.6247030-07:00" endTime="2015-09-28T09:43:28.6559552-07:00" testType="13cdc9d9-ddb5-4fa4-a97d-d965ccfc6d4b" outcome="Passed" testListId="8c84fa94-04c1-424b-9868-57a2d4851a1d" relativeResultsDirectory="47063f7c-6661-45b1-a097-efaac6ca9f76" />
    <UnitTestResult executionId="86adf671-faeb-4c4e-b4e8-49acccc21759" testId="b67a3bb8-0334-c673-ad96-4a599893c3f5" testName="GetLicensesUsage_MergesResultsFromMeteringServiceWithLicensesUsage" computerName="TFSBUILD11" duration="00:00:00.0346628" startTime="2015-09-28T09:43:28.6559552-07:00" endTime="2015-09-28T09:43:28.6872077-07:00" testType="13cdc9d9-ddb5-4fa4-a97d-d965ccfc6d4b" outcome="Passed" testListId="8c84fa94-04c1-424b-9868-57a2d4851a1d" relativeResultsDirectory="86adf671-faeb-4c4e-b4e8-49acccc21759" />
    <UnitTestResult executionId="f63d3cb1-511f-4336-9128-78156f6346bf" testId="f587db5a-a4ec-3799-4697-47d982efa842" testName="GetLicensesUsage_MergesResultsFromMeteringServiceWithLicensesUsageWhenOnlyActiveOrPendingOrExpiredLicensesAreConsidered" computerName="TFSBUILD11" duration="00:00:00.0366892" startTime="2015-09-28T09:43:28.6872077-07:00" endTime="2015-09-28T09:43:28.7340863-07:00" testType="13cdc9d9-ddb5-4fa4-a97d-d965ccfc6d4b" outcome="Passed" testListId="8c84fa94-04c1-424b-9868-57a2d4851a1d" relativeResultsDirectory="f63d3cb1-511f-4336-9128-78156f6346bf" />
    <UnitTestResult executionId="c59e0555-e580-4764-932b-2999e3bd2c08" testId="a94b8820-40ee-a60e-ac2a-535c2f9cbed1" testName="GetLicensesUsage_ConsidersStakeholderLicenses" computerName="TFSBUILD11" duration="00:00:00.0374365" startTime="2015-09-28T09:43:28.7340863-07:00" endTime="2015-09-28T09:43:28.7653377-07:00" testType="13cdc9d9-ddb5-4fa4-a97d-d965ccfc6d4b" outcome="Passed" testListId="8c84fa94-04c1-424b-9868-57a2d4851a1d" relativeResultsDirectory="c59e0555-e580-4764-932b-2999e3bd2c08" />
    <UnitTestResult executionId="241c469e-6dcd-4c4b-9a37-a1987fe418e8" testId="aa5eedf9-2f05-ebac-168e-14bd231f1ab6" testName="CalculateAccountLicensesUsage_ReturnsDictionaryWithAvailableLicenses" computerName="TFSBUILD11" duration="00:00:00.0252276" startTime="2015-09-28T09:43:28.7653377-07:00" endTime="2015-09-28T09:43:28.7965908-07:00" testType="13cdc9d9-ddb5-4fa4-a97d-d965ccfc6d4b" outcome="Passed" testListId="8c84fa94-04c1-424b-9868-57a2d4851a1d" relativeResultsDirectory="241c469e-6dcd-4c4b-9a37-a1987fe418e8" />
    <UnitTestResult executionId="32be6497-936b-4447-b770-57d2c8925c51" testId="24c28ae0-42a2-1483-1f66-8e0d71d05aa2" testName="CalculateAccountLicensesUsage_ReturnsValidResultWithThreeLicenses" computerName="TFSBUILD11" duration="00:00:00.0270053" startTime="2015-09-28T09:43:28.7965908-07:00" endTime="2015-09-28T09:43:28.8278427-07:00" testType="13cdc9d9-ddb5-4fa4-a97d-d965ccfc6d4b" outcome="Passed" testListId="8c84fa94-04c1-424b-9868-57a2d4851a1d" relativeResultsDirectory="32be6497-936b-4447-b770-57d2c8925c51" />
    <UnitTestResult executionId="9c319297-01c9-4d31-9f08-e0fb97a9f2da" testId="1598bccf-3cd5-7f49-37c9-3d5c9df1d2c7" testName="GetAccountEntitlements_WillThrowWhenPassedNullRequestContext" computerName="TFSBUILD11" duration="00:00:00.0286070" startTime="2015-09-28T09:43:28.8278427-07:00" endTime="2015-09-28T09:43:28.8434679-07:00" testType="13cdc9d9-ddb5-4fa4-a97d-d965ccfc6d4b" outcome="Passed" testListId="8c84fa94-04c1-424b-9868-57a2d4851a1d" relativeResultsDirectory="9c319297-01c9-4d31-9f08-e0fb97a9f2da" />
    <UnitTestResult executionId="af9fc2bf-ba9d-4206-9daf-5a675ed23582" testId="d068813a-6dce-ff8f-0481-cc1ef7681d8c" testName="GetAccountEntitlements_WillThrowWhenPassedNonAccountRequestContext" computerName="TFSBUILD11" duration="00:00:00.0438945" startTime="2015-09-28T09:43:28.8434679-07:00" endTime="2015-09-28T09:43:28.8903474-07:00" testType="13cdc9d9-ddb5-4fa4-a97d-d965ccfc6d4b" outcome="Passed" testListId="8c84fa94-04c1-424b-9868-57a2d4851a1d" relativeResultsDirectory="af9fc2bf-ba9d-4206-9daf-5a675ed23582" />
    <UnitTestResult executionId="3f2ecfd3-173f-4d71-92a3-05c078729ac1" testId="5d13ca4c-24de-3f07-3593-25135af7d5a1" testName="GetAccountEntitlements_Throws_WhenUserDoesNotHavePermission" computerName="TFSBUILD11" duration="00:00:00.0307372" startTime="2015-09-28T09:43:28.8903474-07:00" endTime="2015-09-28T09:43:28.9215991-07:00" testType="13cdc9d9-ddb5-4fa4-a97d-d965ccfc6d4b" outcome="Passed" testListId="8c84fa94-04c1-424b-9868-57a2d4851a1d" relativeResultsDirectory="3f2ecfd3-173f-4d71-92a3-05c078729ac1" />
    <UnitTestResult executionId="411c9efb-e872-4936-b07b-10165da4067c" testId="7af24146-e5a8-86b3-ab8a-5aa61ab2bd97" testName="GetAccountEntitlements_ReturnsConvertedUserLicenses" computerName="TFSBUILD11" startTime="2015-09-28T09:43:28.9215991-07:00" endTime="2015-09-28T09:43:28.9215991-07:00" testType="13cdc9d9-ddb5-4fa4-a97d-d965ccfc6d4b" outcome="NotExecuted" testListId="8c84fa94-04c1-424b-9868-57a2d4851a1d" relativeResultsDirectory="411c9efb-e872-4936-b07b-10165da4067c" />
    <UnitTestResult executionId="68d23def-857c-4826-ad63-c8cc232cd49f" testId="fb5169b5-1399-1031-e3e9-c5faaf2539ca" testName="GetAccountEntitlements_ReturnsEnterpriseForUltimate" computerName="TFSBUILD11" duration="00:00:00.0495910" startTime="2015-09-28T09:43:28.9215991-07:00" endTime="2015-09-28T09:43:28.9684777-07:00" testType="13cdc9d9-ddb5-4fa4-a97d-d965ccfc6d4b" outcome="Passed" testListId="8c84fa94-04c1-424b-9868-57a2d4851a1d" relativeResultsDirectory="68d23def-857c-4826-ad63-c8cc232cd49f" />
    <UnitTestResult executionId="131d2caf-945b-481d-800b-fbb9291e7cf7" testId="a819b3e1-92ea-389b-4620-18e3d9c7fc8c" testName="GetAccountEntitlements_ReturnsConvertedUserLicenses_MsdnEnterprise" computerName="TFSBUILD11" duration="00:00:00.0366141" startTime="2015-09-28T09:43:28.9684777-07:00" endTime="2015-09-28T09:43:29.0153557-07:00" testType="13cdc9d9-ddb5-4fa4-a97d-d965ccfc6d4b" outcome="Passed" testListId="8c84fa94-04c1-424b-9868-57a2d4851a1d" relativeResultsDirectory="131d2caf-945b-481d-800b-fbb9291e7cf7" />
    <UnitTestResult executionId="d4430efa-3f8d-4d2c-9693-98e446c660b1" testId="c81a04e8-dba2-a7a1-f0f8-1b0ecb0846e0" testName="GetAccountEntitlements_WhenShortCircuitFlagIsEnabled_ReturnAllEntitlementsAsEarlyAdopter" computerName="TFSBUILD11" duration="00:00:00.0344074" startTime="2015-09-28T09:43:29.0153557-07:00" endTime="2015-09-28T09:43:29.0466080-07:00" testType="13cdc9d9-ddb5-4fa4-a97d-d965ccfc6d4b" outcome="Passed" testListId="8c84fa94-04c1-424b-9868-57a2d4851a1d" relativeResultsDirectory="d4430efa-3f8d-4d2c-9693-98e446c660b1" />
    <UnitTestResult executionId="03675eb2-bcb4-413c-9d89-3ae45a8b32c4" testId="48b6882f-3105-8982-1074-ac56a7123803" testName="AssignAvailableAccountEntitlement_WillThrowWhenPassedNullRequestContext" computerName="TFSBUILD11" duration="00:00:00.0278413" startTime="2015-09-28T09:43:29.0466080-07:00" endTime="2015-09-28T09:43:29.0778608-07:00" testType="13cdc9d9-ddb5-4fa4-a97d-d965ccfc6d4b" outcome="Passed" testListId="8c84fa94-04c1-424b-9868-57a2d4851a1d" relativeResultsDirectory="03675eb2-bcb4-413c-9d89-3ae45a8b32c4" />
    <UnitTestResult executionId="7ad092af-0a39-4df2-bda2-9afe0e97e468" testId="58ef9119-fb56-1f7c-559b-91aa082aaf9a" testName="AssignAvailableAccountEntitlement_WillThrowWhenPassedNonAccountRequestContext" computerName="TFSBUILD11" duration="00:00:00.0400943" startTime="2015-09-28T09:43:29.0778608-07:00" endTime="2015-09-28T09:43:29.1091124-07:00" testType="13cdc9d9-ddb5-4fa4-a97d-d965ccfc6d4b" outcome="Passed" testListId="8c84fa94-04c1-424b-9868-57a2d4851a1d" relativeResultsDirectory="7ad092af-0a39-4df2-bda2-9afe0e97e468" />
    <UnitTestResult executionId="c2448d66-3758-4c8d-9a47-624f03b0ef8b" testId="d7c3c857-6396-1a5d-28a3-3ec8e5e81429" testName="AssignAvailableAccountEntitlement_Throws_WhenUserDoesNotHavePermission" computerName="TFSBUILD11" duration="00:00:00.0359332" startTime="2015-09-28T09:43:29.1091124-07:00" endTime="2015-09-28T09:43:29.1559910-07:00" testType="13cdc9d9-ddb5-4fa4-a97d-d965ccfc6d4b" outcome="Passed" testListId="8c84fa94-04c1-424b-9868-57a2d4851a1d" relativeResultsDirectory="c2448d66-3758-4c8d-9a47-624f03b0ef8b" />
    <UnitTestResult executionId="909be9ef-d657-4944-98e2-63ed712ccab8" testId="ea2f8b81-c945-9cff-3b15-e7df85011f00" testName="AssignAccountEntitlement_WillThrowWhenPassedNullRequestContext" computerName="TFSBUILD11" duration="00:00:00.0292638" startTime="2015-09-28T09:43:29.1559910-07:00" endTime="2015-09-28T09:43:29.1872432-07:00" testType="13cdc9d9-ddb5-4fa4-a97d-d965ccfc6d4b" outcome="Passed" testListId="8c84fa94-04c1-424b-9868-57a2d4851a1d" relativeResultsDirectory="909be9ef-d657-4944-98e2-63ed712ccab8" />
    <UnitTestResult executionId="e82b41a4-9e1f-459d-ae1c-88daa8dc555c" testId="0d369182-15fc-7ef4-0d77-3150ce55cb22" testName="AssignAccountEntitlement_WillThrowWhenPassedEmptyUserId" computerName="TFSBUILD11" duration="00:00:00.0274397" startTime="2015-09-28T09:43:29.1872432-07:00" endTime="2015-09-28T09:43:29.2028691-07:00" testType="13cdc9d9-ddb5-4fa4-a97d-d965ccfc6d4b" outcome="Passed" testListId="8c84fa94-04c1-424b-9868-57a2d4851a1d" relativeResultsDirectory="e82b41a4-9e1f-459d-ae1c-88daa8dc555c" />
    <UnitTestResult executionId="12ec6d82-78ed-489b-8502-a821b844feaa" testId="f86b134b-ea24-d0c8-b723-d68912d81e2e" testName="AssignAccountEntitlement_WillThrowWhenNotApplicationContext" computerName="TFSBUILD11" duration="00:00:00.0493908" startTime="2015-09-28T09:43:29.2028691-07:00" endTime="2015-09-28T09:43:29.2653738-07:00" testType="13cdc9d9-ddb5-4fa4-a97d-d965ccfc6d4b" outcome="Passed" testListId="8c84fa94-04c1-424b-9868-57a2d4851a1d" relativeResultsDirectory="12ec6d82-78ed-489b-8502-a821b844feaa" />
    <UnitTestResult executionId="62a74797-9342-4280-8126-975d60ee8e93" testId="f3ba5f69-e4d5-9cfb-23ec-bd8c6a184d3f" testName="AssignAccountEntitlement_Throws_WhenUserDoesNotHavePermission" computerName="TFSBUILD11" duration="00:00:00.0449665" startTime="2015-09-28T09:43:29.2653738-07:00" endTime="2015-09-28T09:43:29.2966255-07:00" testType="13cdc9d9-ddb5-4fa4-a97d-d965ccfc6d4b" outcome="Passed" testListId="8c84fa94-04c1-424b-9868-57a2d4851a1d" relativeResultsDirectory="62a74797-9342-4280-8126-975d60ee8e93" />
    <UnitTestResult executionId="103a1c25-acc1-4fee-a237-19702cc67126" testId="3b6d08f9-5029-37d9-f42a-f0ea07c474f7" testName="AssignAccountEntitlementInternal_CallsLicensingAssignAccountEntitlementInternal" computerName="TFSBUILD11" duration="00:00:00.0996762" startTime="2015-09-28T09:43:29.2966255-07:00" endTime="2015-09-28T09:43:29.4060085-07:00" testType="13cdc9d9-ddb5-4fa4-a97d-d965ccfc6d4b" outcome="Passed" testListId="8c84fa94-04c1-424b-9868-57a2d4851a1d" relativeResultsDirectory="103a1c25-acc1-4fee-a237-19702cc67126" />
    <UnitTestResult executionId="d8072280-8c23-438d-9faf-712c04b67746" testId="400fa34b-a9bc-37a7-3db4-f1035d9f0090" testName="DeleteAccountEntitlement_WillThrowWhenPassedNullRequestContext" computerName="TFSBUILD11" duration="00:00:00.0271151" startTime="2015-09-28T09:43:29.4060085-07:00" endTime="2015-09-28T09:43:29.4372610-07:00" testType="13cdc9d9-ddb5-4fa4-a97d-d965ccfc6d4b" outcome="Passed" testListId="8c84fa94-04c1-424b-9868-57a2d4851a1d" relativeResultsDirectory="d8072280-8c23-438d-9faf-712c04b67746" />
    <UnitTestResult executionId="98ce508a-c806-402a-98eb-73e597dd51f6" testId="a8312e38-e603-e9bd-87f4-efc10cd8bf69" testName="DeleteAccountEntitlement_WillThrowWhenPassedEmptyUserId" computerName="TFSBUILD11" duration="00:00:00.0315001" startTime="2015-09-28T09:43:29.4372610-07:00" endTime="2015-09-28T09:43:29.4685130-07:00" testType="13cdc9d9-ddb5-4fa4-a97d-d965ccfc6d4b" outcome="Passed" testListId="8c84fa94-04c1-424b-9868-57a2d4851a1d" relativeResultsDirectory="98ce508a-c806-402a-98eb-73e597dd51f6" />
    <UnitTestResult executionId="4b54b3cb-aacc-4ad5-a4f7-50d07ef7ebcc" testId="67bbe011-9aa1-6a9e-4b6c-9ecf26836336" testName="DeleteAccountEntitlement_WillThrowWhenNotApplicationContext" computerName="TFSBUILD11" duration="00:00:00.0407087" startTime="2015-09-28T09:43:29.4685130-07:00" endTime="2015-09-28T09:43:29.4997655-07:00" testType="13cdc9d9-ddb5-4fa4-a97d-d965ccfc6d4b" outcome="Passed" testListId="8c84fa94-04c1-424b-9868-57a2d4851a1d" relativeResultsDirectory="4b54b3cb-aacc-4ad5-a4f7-50d07ef7ebcc" />
    <UnitTestResult executionId="f08c0870-8c16-40ba-b6ea-7ff818df5022" testId="5f1f5d8f-c82a-6b43-616b-cd8a71b58bd4" testName="DeleteAccountEntitlement_CallsLicensingDeleteAccountEntitlement" computerName="TFSBUILD11" duration="00:00:00.0447836" startTime="2015-09-28T09:43:29.4997655-07:00" endTime="2015-09-28T09:43:29.5466435-07:00" testType="13cdc9d9-ddb5-4fa4-a97d-d965ccfc6d4b" outcome="Passed" testListId="8c84fa94-04c1-424b-9868-57a2d4851a1d" relativeResultsDirectory="f08c0870-8c16-40ba-b6ea-7ff818df5022" />
    <UnitTestResult executionId="5bbb8fc6-8791-4751-bdd9-05cc477bed6b" testId="c129f8cf-0ce1-b296-d12b-30571836375d" testName="DeleteAccountEntitlement_WillThrowWhen_UserHasInsufficientPermissions" computerName="TFSBUILD11" duration="00:00:00.0326396" startTime="2015-09-28T09:43:29.5466435-07:00" endTime="2015-09-28T09:43:29.5778957-07:00" testType="13cdc9d9-ddb5-4fa4-a97d-d965ccfc6d4b" outcome="Passed" testListId="8c84fa94-04c1-424b-9868-57a2d4851a1d" relativeResultsDirectory="5bbb8fc6-8791-4751-bdd9-05cc477bed6b" />
    <UnitTestResult executionId="4490e19f-3798-4c88-b6c0-0c2e692b0134" testId="d6057ee3-cece-35b4-fc36-25614edb23ef" testName="DeleteAccountEntitlement_WillThrowIf_QueriedByGroupIdentity" computerName="TFSBUILD11" duration="00:00:00.0348315" startTime="2015-09-28T09:43:29.5778957-07:00" endTime="2015-09-28T09:43:29.6247741-07:00" testType="13cdc9d9-ddb5-4fa4-a97d-d965ccfc6d4b" outcome="Passed" testListId="8c84fa94-04c1-424b-9868-57a2d4851a1d" relativeResultsDirectory="4490e19f-3798-4c88-b6c0-0c2e692b0134" />
    <UnitTestResult executionId="da6d9030-77b0-436f-96b8-e502e20e9e49" testId="8ef00733-f285-d14e-abaa-ef5cedfe1e44" testName="DeleteAccountEntitlement_WillThrowIf_QueriedByServiceIdentity" computerName="TFSBUILD11" duration="00:00:00.0376083" startTime="2015-09-28T09:43:29.6247741-07:00" endTime="2015-09-28T09:43:29.6560271-07:00" testType="13cdc9d9-ddb5-4fa4-a97d-d965ccfc6d4b" outcome="Passed" testListId="8c84fa94-04c1-424b-9868-57a2d4851a1d" relativeResultsDirectory="da6d9030-77b0-436f-96b8-e502e20e9e49" />
    <UnitTestResult executionId="6ff1c9cd-80d7-4ef4-81ed-0e309bdc27d8" testId="2c985baa-469f-8e87-8a84-ec5e4d04e376" testName="DeleteAccountEntitlement_WillThrowIf_QueriedByAnonymousPrincipal" computerName="TFSBUILD11" duration="00:00:00.0364304" startTime="2015-09-28T09:43:29.6560271-07:00" endTime="2015-09-28T09:43:29.6872782-07:00" testType="13cdc9d9-ddb5-4fa4-a97d-d965ccfc6d4b" outcome="Passed" testListId="8c84fa94-04c1-424b-9868-57a2d4851a1d" relativeResultsDirectory="6ff1c9cd-80d7-4ef4-81ed-0e309bdc27d8" />
    <UnitTestResult executionId="a7dfc9c1-be42-4afa-aa66-a54a3d073272" testId="aef30e4b-b8af-58bd-aaba-222af2b2464a" testName="AssignAvailableAccountEntitlement_WillThrowWhenPassedNullRequestContext" computerName="TFSBUILD11" duration="00:00:00.0306943" startTime="2015-09-28T09:43:29.6872782-07:00" endTime="2015-09-28T09:43:29.7185305-07:00" testType="13cdc9d9-ddb5-4fa4-a97d-d965ccfc6d4b" outcome="Passed" testListId="8c84fa94-04c1-424b-9868-57a2d4851a1d" relativeResultsDirectory="a7dfc9c1-be42-4afa-aa66-a54a3d073272" />
    <UnitTestResult executionId="42f41d99-9de6-4f8e-89c4-78bfe3cad915" testId="e90e52a2-b2b2-fe6e-9d4c-9175d54ebe2d" testName="AssignAvailableAccountEntitlement_WillThrowWhenPassedEmptyUserId" computerName="TFSBUILD11" duration="00:00:00.0261292" startTime="2015-09-28T09:43:29.7185305-07:00" endTime="2015-09-28T09:43:29.7497827-07:00" testType="13cdc9d9-ddb5-4fa4-a97d-d965ccfc6d4b" outcome="Passed" testListId="8c84fa94-04c1-424b-9868-57a2d4851a1d" relativeResultsDirectory="42f41d99-9de6-4f8e-89c4-78bfe3cad915" />
    <UnitTestResult executionId="448dc148-5726-4d30-9166-25737148bafc" testId="f9cfaeb1-62e3-8bc4-ac87-016888c6f53a" testName="AssignAvailableAccountEntitlement_WillThrowWhenNotApplicationContext" computerName="TFSBUILD11" duration="00:00:00.0391869" startTime="2015-09-28T09:43:29.7497827-07:00" endTime="2015-09-28T09:43:29.7966619-07:00" testType="13cdc9d9-ddb5-4fa4-a97d-d965ccfc6d4b" outcome="Passed" testListId="8c84fa94-04c1-424b-9868-57a2d4851a1d" relativeResultsDirectory="448dc148-5726-4d30-9166-25737148bafc" />
    <UnitTestResult executionId="abf3d1ce-76d1-41dd-a72a-42d2fc30a860" testId="8e281afc-8461-3222-6e2d-dfc9c62c675b" testName="AssignAvailableAccountEntitlement_WillNotCallAddUserToAccountWhenUserAlreadyExistInAccount" computerName="TFSBUILD11" duration="00:00:00.0427044" startTime="2015-09-28T09:43:29.7966619-07:00" endTime="2015-09-28T09:43:29.8279132-07:00" testType="13cdc9d9-ddb5-4fa4-a97d-d965ccfc6d4b" outcome="Passed" testListId="8c84fa94-04c1-424b-9868-57a2d4851a1d" relativeResultsDirectory="abf3d1ce-76d1-41dd-a72a-42d2fc30a860" />
    <UnitTestResult executionId="c374505c-ae8e-432a-9f85-cb89058618f5" testId="d22db10b-d669-57e1-bd0a-98ed466033c9" testName="AssignAvailableAccountEntitlement_Throws_WhenUserDoesNotHavePermission" computerName="TFSBUILD11" duration="00:00:00.0372257" startTime="2015-09-28T09:43:29.8279132-07:00" endTime="2015-09-28T09:43:29.8747918-07:00" testType="13cdc9d9-ddb5-4fa4-a97d-d965ccfc6d4b" outcome="Passed" testListId="8c84fa94-04c1-424b-9868-57a2d4851a1d" relativeResultsDirectory="c374505c-ae8e-432a-9f85-cb89058618f5" />
    <UnitTestResult executionId="854703d7-09e3-4c43-9114-2ad7f45560a0" testId="7abede03-6b88-57b5-4043-733935ee99a7" testName="GetUserAccountRights_WillThrowWhenPassedNullRequestContext" computerName="TFSBUILD11" duration="00:00:00.0300987" startTime="2015-09-28T09:43:29.8747918-07:00" endTime="2015-09-28T09:43:29.9060438-07:00" testType="13cdc9d9-ddb5-4fa4-a97d-d965ccfc6d4b" outcome="Passed" testListId="8c84fa94-04c1-424b-9868-57a2d4851a1d" relativeResultsDirectory="854703d7-09e3-4c43-9114-2ad7f45560a0" />
    <UnitTestResult executionId="15366913-d828-4c9f-ae4b-5fa357f949ba" testId="0f6ac1c5-fe24-b496-47b5-a574be439f03" testName="GetUserAccountRights_GetAccountUserReturnNullForNonOwner" computerName="TFSBUILD11" duration="00:00:00.0376501" startTime="2015-09-28T09:43:29.9060438-07:00" endTime="2015-09-28T09:43:29.9372966-07:00" testType="13cdc9d9-ddb5-4fa4-a97d-d965ccfc6d4b" outcome="Passed" testListId="8c84fa94-04c1-424b-9868-57a2d4851a1d" relativeResultsDirectory="15366913-d828-4c9f-ae4b-5fa357f949ba" />
    <UnitTestResult executionId="cf8412d4-3636-403d-ac6f-79468e629e43" testId="a7393598-a776-b0d1-5567-a67b247cc419" testName="GetUserAccountRights_GetAccountUserReturnNullForOwner" computerName="TFSBUILD11" duration="00:00:00.0595298" startTime="2015-09-28T09:43:29.9372966-07:00" endTime="2015-09-28T09:43:29.9998005-07:00" testType="13cdc9d9-ddb5-4fa4-a97d-d965ccfc6d4b" outcome="Passed" testListId="8c84fa94-04c1-424b-9868-57a2d4851a1d" relativeResultsDirectory="cf8412d4-3636-403d-ac6f-79468e629e43" />
    <UnitTestResult executionId="62237f00-0044-4943-9518-a7539bce695a" testId="a6b8a1f6-4f1c-b25d-1ee2-ee159da13b41" testName="GetUserAccountRights_GetAccountUserReturnDisableedForOwner" computerName="TFSBUILD11" duration="00:00:00.0387805" startTime="2015-09-28T09:43:29.9998005-07:00" endTime="2015-09-28T09:43:30.0466791-07:00" testType="13cdc9d9-ddb5-4fa4-a97d-d965ccfc6d4b" outcome="Passed" testListId="8c84fa94-04c1-424b-9868-57a2d4851a1d" relativeResultsDirectory="62237f00-0044-4943-9518-a7539bce695a" />
    <UnitTestResult executionId="df3d5fd0-a18e-4e8c-a8d2-c953ec7db862" testId="e82e0960-a6ed-a6a5-2895-3dc110b651f8" testName="GetUserAccountRights_GetAccountUserReturnDisableedForNormalUser" computerName="TFSBUILD11" duration="00:00:00.0429663" startTime="2015-09-28T09:43:30.0466791-07:00" endTime="2015-09-28T09:43:30.0779313-07:00" testType="13cdc9d9-ddb5-4fa4-a97d-d965ccfc6d4b" outcome="Passed" testListId="8c84fa94-04c1-424b-9868-57a2d4851a1d" relativeResultsDirectory="df3d5fd0-a18e-4e8c-a8d2-c953ec7db862" />
    <UnitTestResult executionId="88058b22-577e-4070-b69c-38d73b84d054" testId="968c3619-ab26-0eaa-7933-ce4882b09c23" testName="GetUserAccountRights_GetAccountUserReturnNoLicenseForNormalUser" computerName="TFSBUILD11" duration="00:00:00.0375090" startTime="2015-09-28T09:43:30.0779313-07:00" endTime="2015-09-28T09:43:30.1248091-07:00" testType="13cdc9d9-ddb5-4fa4-a97d-d965ccfc6d4b" outcome="Passed" testListId="8c84fa94-04c1-424b-9868-57a2d4851a1d" relativeResultsDirectory="88058b22-577e-4070-b69c-38d73b84d054" />
    <UnitTestResult executionId="6f7cca40-90f3-4244-8617-38c88e98764f" testId="b14652fd-e243-b277-1110-583f537ee9d7" testName="GetUserAccountRights_GetAccountUserReturnLicenseForNormalUserPositiveTestCase" computerName="TFSBUILD11" duration="00:00:00.0379138" startTime="2015-09-28T09:43:30.1248091-07:00" endTime="2015-09-28T09:43:30.1560616-07:00" testType="13cdc9d9-ddb5-4fa4-a97d-d965ccfc6d4b" outcome="Passed" testListId="8c84fa94-04c1-424b-9868-57a2d4851a1d" relativeResultsDirectory="6f7cca40-90f3-4244-8617-38c88e98764f" />
    <UnitTestResult executionId="5571e186-20ab-4ba8-8b11-10836a7c1e4a" testId="43c612ef-ff1d-12ff-d8f2-56eb074af166" testName="GetUserAccountRights_DoNotDisableUserIfMsdnAdapterReturnNoLicenseForMsdnEligiblePendingUser" computerName="TFSBUILD11" duration="00:00:00.0606513" startTime="2015-09-28T09:43:30.1560616-07:00" endTime="2015-09-28T09:43:30.2185663-07:00" testType="13cdc9d9-ddb5-4fa4-a97d-d965ccfc6d4b" outcome="Passed" testListId="8c84fa94-04c1-424b-9868-57a2d4851a1d" relativeResultsDirectory="5571e186-20ab-4ba8-8b11-10836a7c1e4a" />
    <UnitTestResult executionId="a0d27257-570f-4cec-a15d-b4d609cb8149" testId="ff8c4033-319b-4112-dc34-449ef61831c4" testName="GetUserAccountRights_ReturnsAdvancedPlusLicense_WhenUnrestrictedFeatureFlagIsEnabled" computerName="TFSBUILD11" duration="00:00:00.0272101" startTime="2015-09-28T09:43:30.2185663-07:00" endTime="2015-09-28T09:43:30.2498179-07:00" testType="13cdc9d9-ddb5-4fa4-a97d-d965ccfc6d4b" outcome="Passed" testListId="8c84fa94-04c1-424b-9868-57a2d4851a1d" relativeResultsDirectory="a0d27257-570f-4cec-a15d-b4d609cb8149" />
    <UnitTestResult executionId="a04acad4-9dd4-4b2e-b0e5-05c0ee594a94" testId="5611e0c0-77aa-c635-5767-e62f7ffc56be" testName="GetUserAccountRights_DisablesUserIntoPendingDisabledStateWhenMsdnAdapterReturnNoLicenseForMsdnProfessionalForPendingUser" computerName="TFSBUILD11" duration="00:00:00.0409365" startTime="2015-09-28T09:43:30.2498179-07:00" endTime="2015-09-28T09:43:30.2810713-07:00" testType="13cdc9d9-ddb5-4fa4-a97d-d965ccfc6d4b" outcome="Passed" testListId="8c84fa94-04c1-424b-9868-57a2d4851a1d" relativeResultsDirectory="a04acad4-9dd4-4b2e-b0e5-05c0ee594a94" />
    <UnitTestResult executionId="40869394-42f7-4218-8734-9c27bd913830" testId="e2b3f1cd-bbde-26a7-1602-8b66efad3d14" testName="GetUserAccountRights_DisablesUserIntoDisabledStateWhenMsdnAdapterReturnNoLicenseForMsdnProfessionalForActiveUser" computerName="TFSBUILD11" duration="00:00:00.0444736" startTime="2015-09-28T09:43:30.2810713-07:00" endTime="2015-09-28T09:43:30.3279494-07:00" testType="13cdc9d9-ddb5-4fa4-a97d-d965ccfc6d4b" outcome="Passed" testListId="8c84fa94-04c1-424b-9868-57a2d4851a1d" relativeResultsDirectory="40869394-42f7-4218-8734-9c27bd913830" />
    <UnitTestResult executionId="f8c904bd-39ba-4b9a-9fb9-eaae29292875" testId="fa9dea81-217c-3b79-4f93-802e56a309d0" testName="FaultInjectionTestingUpdateUserLastAccessedDate" computerName="TFSBUILD11" duration="00:00:00.0676691" startTime="2015-09-28T09:43:30.3279494-07:00" endTime="2015-09-28T09:43:30.4060802-07:00" testType="13cdc9d9-ddb5-4fa4-a97d-d965ccfc6d4b" outcome="Passed" testListId="8c84fa94-04c1-424b-9868-57a2d4851a1d" relativeResultsDirectory="f8c904bd-39ba-4b9a-9fb9-eaae29292875" />
    <UnitTestResult executionId="7aee779d-a236-4bca-8b26-3f1787f83b6a" testId="b3b85caa-6257-cc60-b620-5aba1b7a4b64" testName="SendNewInvitationEmail_ThrowsExceptionIfAccountIsNull" computerName="TFSBUILD11" duration="00:00:00.0445953" startTime="2015-09-28T09:43:30.4060802-07:00" endTime="2015-09-28T09:43:30.4529577-07:00" testType="13cdc9d9-ddb5-4fa4-a97d-d965ccfc6d4b" outcome="Passed" testListId="8c84fa94-04c1-424b-9868-57a2d4851a1d" relativeResultsDirectory="7aee779d-a236-4bca-8b26-3f1787f83b6a" />
    <UnitTestResult executionId="02f897de-2f99-4f39-ab77-194616669b2c" testId="61e12e0c-54f9-50ed-2f32-53c5afd12703" testName="SendNewInvitationEmail_ThrowsExceptionIfUserIdIsEmpty" computerName="TFSBUILD11" duration="00:00:00.0278459" startTime="2015-09-28T09:43:30.4529577-07:00" endTime="2015-09-28T09:43:30.4685844-07:00" testType="13cdc9d9-ddb5-4fa4-a97d-d965ccfc6d4b" outcome="Passed" testListId="8c84fa94-04c1-424b-9868-57a2d4851a1d" relativeResultsDirectory="02f897de-2f99-4f39-ab77-194616669b2c" />
    <UnitTestResult executionId="88986312-42ec-4c5d-a4d2-3666ec96cd06" testId="80d57b37-221c-07f5-0685-11a51bef4f5d" testName="SendNewInvitationEmail_ThrowsExceptionIfRequestContextIsNull" computerName="TFSBUILD11" duration="00:00:00.0319928" startTime="2015-09-28T09:43:30.4685844-07:00" endTime="2015-09-28T09:43:30.4998363-07:00" testType="13cdc9d9-ddb5-4fa4-a97d-d965ccfc6d4b" outcome="Passed" testListId="8c84fa94-04c1-424b-9868-57a2d4851a1d" relativeResultsDirectory="88986312-42ec-4c5d-a4d2-3666ec96cd06" />
    <UnitTestResult executionId="fa5694b1-1cc1-404a-b76a-b0fd33a6fd19" testId="f9aeedc5-6f1e-c282-f50e-ba86446ad6cc" testName="SendNewInvitationEmail_SuccessfullyFinishesWithValidArguments" computerName="TFSBUILD11" duration="00:00:00.0315650" startTime="2015-09-28T09:43:30.4998363-07:00" endTime="2015-09-28T09:43:30.5310885-07:00" testType="13cdc9d9-ddb5-4fa4-a97d-d965ccfc6d4b" outcome="Passed" testListId="8c84fa94-04c1-424b-9868-57a2d4851a1d" relativeResultsDirectory="fa5694b1-1cc1-404a-b76a-b0fd33a6fd19" />
    <UnitTestResult executionId="3b0be900-f615-418d-97bc-3a46a2acd762" testId="6a987020-3266-ae2f-baf5-5575f9997194" testName="SerializeWorksForAccountEntitlements" computerName="TFSBUILD11" duration="00:00:00.0270398" startTime="2015-09-28T09:43:30.5467152-07:00" endTime="2015-09-28T09:43:30.5623413-07:00" testType="13cdc9d9-ddb5-4fa4-a97d-d965ccfc6d4b" outcome="Passed" testListId="8c84fa94-04c1-424b-9868-57a2d4851a1d" relativeResultsDirectory="3b0be900-f615-418d-97bc-3a46a2acd762" />
    <UnitTestResult executionId="4677ccec-0b66-4077-8965-9ca7cf025d1b" testId="2df73a10-d861-7c6b-9d93-f115cd4ccedf" testName="ServiceStart_MustCallLicensingAdapterFactory" computerName="TFSBUILD11" duration="00:00:00.0418300" startTime="2015-09-28T09:43:30.5623413-07:00" endTime="2015-09-28T09:43:30.6092185-07:00" testType="13cdc9d9-ddb5-4fa4-a97d-d965ccfc6d4b" outcome="Passed" testListId="8c84fa94-04c1-424b-9868-57a2d4851a1d" relativeResultsDirectory="4677ccec-0b66-4077-8965-9ca7cf025d1b" />
    <UnitTestResult executionId="517eab22-5b0f-4a72-a7bd-4bb83e2035f0" testId="4646ba6a-d777-33b6-14cb-765aa229eabd" testName="ServiceEnd_MustCallLicensingAdapterFactory" computerName="TFSBUILD11" duration="00:00:00.0160926" startTime="2015-09-28T09:43:30.6092185-07:00" endTime="2015-09-28T09:43:30.6248455-07:00" testType="13cdc9d9-ddb5-4fa4-a97d-d965ccfc6d4b" outcome="Passed" testListId="8c84fa94-04c1-424b-9868-57a2d4851a1d" relativeResultsDirectory="517eab22-5b0f-4a72-a7bd-4bb83e2035f0" />
    <UnitTestResult executionId="6c05cf1e-ce5f-4093-bd62-68dd4ad19a4e" testId="5d5a2f0d-6a3d-c979-8dcb-f1cd2f212d4c" testName="GetUsageRightsAll_WillThrowWhenPassedNullRequestContext" computerName="TFSBUILD11" duration="00:00:00.0008743" startTime="2015-09-28T09:43:30.6248455-07:00" endTime="2015-09-28T09:43:30.6248455-07:00" testType="13cdc9d9-ddb5-4fa4-a97d-d965ccfc6d4b" outcome="Passed" testListId="8c84fa94-04c1-424b-9868-57a2d4851a1d" relativeResultsDirectory="6c05cf1e-ce5f-4093-bd62-68dd4ad19a4e" />
    <UnitTestResult executionId="b5f1bb65-7b5b-4b43-a41d-3d5e94c9239d" testId="a5251bd3-6e3f-341a-b4b4-0fcef25c6956" testName="GetUsageRightsAll_WillThrowWhenPassedNonDeploymentRequestContext" computerName="TFSBUILD11" duration="00:00:00.0331075" startTime="2015-09-28T09:43:30.6248455-07:00" endTime="2015-09-28T09:43:30.6560974-07:00" testType="13cdc9d9-ddb5-4fa4-a97d-d965ccfc6d4b" outcome="Passed" testListId="8c84fa94-04c1-424b-9868-57a2d4851a1d" relativeResultsDirectory="b5f1bb65-7b5b-4b43-a41d-3d5e94c9239d" />
    <UnitTestResult executionId="c8c75271-644d-466b-9347-abadc694b4bd" testId="fcabcddf-bd06-3083-66df-04be36f95fac" testName="GetUsageRightsOne_WillThrowWhenPassedNullRequestContext" computerName="TFSBUILD11" duration="00:00:00.0003669" startTime="2015-09-28T09:43:30.6560974-07:00" endTime="2015-09-28T09:43:30.6560974-07:00" testType="13cdc9d9-ddb5-4fa4-a97d-d965ccfc6d4b" outcome="Passed" testListId="8c84fa94-04c1-424b-9868-57a2d4851a1d" relativeResultsDirectory="c8c75271-644d-466b-9347-abadc694b4bd" />
    <UnitTestResult executionId="5c0e5b13-0cab-4e7e-8e33-1a29c2b5a0a5" testId="412b966d-dcfa-73d7-82b8-e8e0936f4c71" testName="GetUsageRightsOne_WillThrowWhenPassedNonDeploymentRequestContext" computerName="TFSBUILD11" duration="00:00:00.0322050" startTime="2015-09-28T09:43:30.6560974-07:00" endTime="2015-09-28T09:43:30.6873496-07:00" testType="13cdc9d9-ddb5-4fa4-a97d-d965ccfc6d4b" outcome="Passed" testListId="8c84fa94-04c1-424b-9868-57a2d4851a1d" relativeResultsDirectory="5c0e5b13-0cab-4e7e-8e33-1a29c2b5a0a5" />
    <UnitTestResult executionId="05182a43-f8a6-43c9-8d49-f3e676f576d1" testId="9a17672d-43e8-7bd7-0c59-b4e7ebe67bf6" testName="GetUsageRightsOne_WillThrowWhenRightNameIsEmpty" computerName="TFSBUILD11" duration="00:00:00.0189539" startTime="2015-09-28T09:43:30.6873496-07:00" endTime="2015-09-28T09:43:30.7186016-07:00" testType="13cdc9d9-ddb5-4fa4-a97d-d965ccfc6d4b" outcome="Passed" testListId="8c84fa94-04c1-424b-9868-57a2d4851a1d" relativeResultsDirectory="05182a43-f8a6-43c9-8d49-f3e676f576d1" />
    <UnitTestResult executionId="f30b5d7c-a2ef-4a35-ab50-00d68360691b" testId="103bb4cc-d52a-b97c-f003-7a4eb0c87735" testName="GetUsageRightsOne_WillThrowWhenRightNameLengthExceedsMax" computerName="TFSBUILD11" duration="00:00:00.0207370" startTime="2015-09-28T09:43:30.7186016-07:00" endTime="2015-09-28T09:43:30.7342280-07:00" testType="13cdc9d9-ddb5-4fa4-a97d-d965ccfc6d4b" outcome="Passed" testListId="8c84fa94-04c1-424b-9868-57a2d4851a1d" relativeResultsDirectory="f30b5d7c-a2ef-4a35-ab50-00d68360691b" />
    <UnitTestResult executionId="63281118-374a-441e-8b7c-faa251cb09e8" testId="1d9546da-843d-c1bc-e324-b1f9a4e8a89e" testName="GetUsageRightsOne_WillThrowWhenRightNameContainsInvalidCharacters" computerName="TFSBUILD11" duration="00:00:00.0158918" startTime="2015-09-28T09:43:30.7342280-07:00" endTime="2015-09-28T09:43:30.7498538-07:00" testType="13cdc9d9-ddb5-4fa4-a97d-d965ccfc6d4b" outcome="Passed" testListId="8c84fa94-04c1-424b-9868-57a2d4851a1d" relativeResultsDirectory="63281118-374a-441e-8b7c-faa251cb09e8" />
    <UnitTestResult executionId="ab4cccd5-d573-41f5-b31a-2a9adc1c2101" testId="31a097c0-862d-1447-885e-d6b03a8d1cae" testName="GetRights_ValidateFallBackWithCircuitBreakerOpen_FFOn" computerName="TFSBUILD11" duration="00:00:00.0197455" startTime="2015-09-28T09:43:30.7498538-07:00" endTime="2015-09-28T09:43:30.7654805-07:00" testType="13cdc9d9-ddb5-4fa4-a97d-d965ccfc6d4b" outcome="Passed" testListId="8c84fa94-04c1-424b-9868-57a2d4851a1d" relativeResultsDirectory="ab4cccd5-d573-41f5-b31a-2a9adc1c2101" />
    <UnitTestResult executionId="a4afad5d-368f-41b0-8e65-1c4e7adbcff3" testId="c518e9b8-24ed-ff6a-1c29-d9bf5a01fbc5" testName="GetRights_ValidateFallBackWithCircuitBreakerOpen_FFOff" computerName="TFSBUILD11" duration="00:00:00.0231759" startTime="2015-09-28T09:43:30.7654805-07:00" endTime="2015-09-28T09:43:30.7967324-07:00" testType="13cdc9d9-ddb5-4fa4-a97d-d965ccfc6d4b" outcome="Passed" testListId="8c84fa94-04c1-424b-9868-57a2d4851a1d" relativeResultsDirectory="a4afad5d-368f-41b0-8e65-1c4e7adbcff3" />
    <UnitTestResult executionId="ba39cca7-b8d2-470d-98db-8ca83809f955" testId="d71bea9d-2470-3966-6db6-9277bac6f98a" testName="GetRights_VerifyPrereleaseWithUnknownRightNameReturnsNoRightsAndWarning" computerName="TFSBUILD11" duration="00:00:00.0189414" startTime="2015-09-28T09:43:30.7967324-07:00" endTime="2015-09-28T09:43:30.8123585-07:00" testType="13cdc9d9-ddb5-4fa4-a97d-d965ccfc6d4b" outcome="Passed" testListId="8c84fa94-04c1-424b-9868-57a2d4851a1d" relativeResultsDirectory="ba39cca7-b8d2-470d-98db-8ca83809f955" />
    <UnitTestResult executionId="8482d8c6-36a7-4087-8dfc-eef58d69eacd" testId="444de1b7-62ff-0628-49b8-eb0ec8b786b6" testName="GetRights_VerifyPrereleaseVisualStudioWithUndefinedEditionReturnsNoRightsAndWarning" computerName="TFSBUILD11" duration="00:00:00.0224039" startTime="2015-09-28T09:43:30.8123585-07:00" endTime="2015-09-28T09:43:30.8279846-07:00" testType="13cdc9d9-ddb5-4fa4-a97d-d965ccfc6d4b" outcome="Passed" testListId="8c84fa94-04c1-424b-9868-57a2d4851a1d" relativeResultsDirectory="8482d8c6-36a7-4087-8dfc-eef58d69eacd" />
    <UnitTestResult executionId="12f0877c-3cfb-442c-a458-605f95dd4252" testId="8faed918-8420-99f4-d883-89cc912ebc6e" testName="GetRights_VerifyValidPrereleaseExpirationDate12" computerName="TFSBUILD11" duration="00:00:00.0145794" startTime="2015-09-28T09:43:30.8279846-07:00" endTime="2015-09-28T09:43:30.8436105-07:00" testType="13cdc9d9-ddb5-4fa4-a97d-d965ccfc6d4b" outcome="Passed" testListId="8c84fa94-04c1-424b-9868-57a2d4851a1d" relativeResultsDirectory="12f0877c-3cfb-442c-a458-605f95dd4252" />
    <UnitTestResult executionId="9fade33f-4492-4ac0-acd8-5f85ec41db77" testId="255e2877-d627-a881-bee6-cb2db947470a" testName="GetRights_VerifyValidPrereleaseExpirationDate14" computerName="TFSBUILD11" duration="00:00:00.0181091" startTime="2015-09-28T09:43:30.8436105-07:00" endTime="2015-09-28T09:43:30.8748630-07:00" testType="13cdc9d9-ddb5-4fa4-a97d-d965ccfc6d4b" outcome="Passed" testListId="8c84fa94-04c1-424b-9868-57a2d4851a1d" relativeResultsDirectory="9fade33f-4492-4ac0-acd8-5f85ec41db77" />
    <UnitTestResult executionId="041f60b7-a720-4892-bd1f-da4cce8ad968" testId="b07d4e50-4f7c-eeca-b69b-0d7a117aab89" testName="GetRights_VerifyValidPrereleaseVisualStudioRight" computerName="TFSBUILD11" duration="00:00:00.0141900" startTime="2015-09-28T09:43:30.8748630-07:00" endTime="2015-09-28T09:43:30.8748630-07:00" testType="13cdc9d9-ddb5-4fa4-a97d-d965ccfc6d4b" outcome="Passed" testListId="8c84fa94-04c1-424b-9868-57a2d4851a1d" relativeResultsDirectory="041f60b7-a720-4892-bd1f-da4cce8ad968" />
    <UnitTestResult executionId="1e0a9967-0351-4b53-89b3-63b679ffdb81" testId="df284a63-9db0-acef-49d5-8eb8a3fad6ec" testName="GetRights_VerifyValidPrereleaseVisualStudioExpressRight" computerName="TFSBUILD11" duration="00:00:00.0247972" startTime="2015-09-28T09:43:30.8748630-07:00" endTime="2015-09-28T09:43:30.9061149-07:00" testType="13cdc9d9-ddb5-4fa4-a97d-d965ccfc6d4b" outcome="Passed" testListId="8c84fa94-04c1-424b-9868-57a2d4851a1d" relativeResultsDirectory="1e0a9967-0351-4b53-89b3-63b679ffdb81" />
    <UnitTestResult executionId="1114b52c-3c28-4cfd-8db1-9751b4b5c7a8" testId="9b098da8-4431-e8c6-d62c-acd2e73c260d" testName="GetRights_ValidateFallBackWithFaultInjection_Exception_User" computerName="TFSBUILD11" duration="00:00:00.0299832" startTime="2015-09-28T09:43:30.9061149-07:00" endTime="2015-09-28T09:43:30.9373683-07:00" testType="13cdc9d9-ddb5-4fa4-a97d-d965ccfc6d4b" outcome="Passed" testListId="8c84fa94-04c1-424b-9868-57a2d4851a1d" relativeResultsDirectory="1114b52c-3c28-4cfd-8db1-9751b4b5c7a8" />
    <UnitTestResult executionId="857921f6-5191-47f6-aa75-4d5d42fcf25d" testId="a7a576eb-de9f-bae2-83c5-750a7a8cd492" testName="GetRights_WhenAllRights_VerifyFactoryCallsGetClientAdapters" computerName="TFSBUILD11" duration="00:00:00.0170165" startTime="2015-09-28T09:43:30.9373683-07:00" endTime="2015-09-28T09:43:30.9529932-07:00" testType="13cdc9d9-ddb5-4fa4-a97d-d965ccfc6d4b" outcome="Passed" testListId="8c84fa94-04c1-424b-9868-57a2d4851a1d" relativeResultsDirectory="857921f6-5191-47f6-aa75-4d5d42fcf25d" />
    <UnitTestResult executionId="eff8099e-881f-48a0-ba43-2674315e0bf8" testId="9d3795bd-255a-06d2-ee4f-5727d06ed76b" testName="GetRights_WhenOneRight_VerifyFactoryCallsGetClientAdapters" computerName="TFSBUILD11" duration="00:00:00.0142921" startTime="2015-09-28T09:43:30.9529932-07:00" endTime="2015-09-28T09:43:30.9686196-07:00" testType="13cdc9d9-ddb5-4fa4-a97d-d965ccfc6d4b" outcome="Passed" testListId="8c84fa94-04c1-424b-9868-57a2d4851a1d" relativeResultsDirectory="eff8099e-881f-48a0-ba43-2674315e0bf8" />
    <UnitTestResult executionId="86f0eafb-3f09-42ce-88f1-d5d098cfbc78" testId="ed338f2d-6163-5ab7-0b17-e58bf4d8689f" testName="GetRights_VerifyAdaptersCallGetRights" computerName="TFSBUILD11" duration="00:00:00.0177677" startTime="2015-09-28T09:43:30.9686196-07:00" endTime="2015-09-28T09:43:30.9842455-07:00" testType="13cdc9d9-ddb5-4fa4-a97d-d965ccfc6d4b" outcome="Passed" testListId="8c84fa94-04c1-424b-9868-57a2d4851a1d" relativeResultsDirectory="86f0eafb-3f09-42ce-88f1-d5d098cfbc78" />
    <UnitTestResult executionId="c3fbe1bd-26b6-40e1-96e5-23d46e2c6c47" testId="ed653d46-dba6-d05b-f4f9-70c8a73b8cfd" testName="GetRights_UnrecognizedRightNameYieldsNoRightsAndWarning" computerName="TFSBUILD11" duration="00:00:00.0375130" startTime="2015-09-28T09:43:30.9842455-07:00" endTime="2015-09-28T09:43:31.0311238-07:00" testType="13cdc9d9-ddb5-4fa4-a97d-d965ccfc6d4b" outcome="Passed" testListId="8c84fa94-04c1-424b-9868-57a2d4851a1d" relativeResultsDirectory="c3fbe1bd-26b6-40e1-96e5-23d46e2c6c47" />
    <UnitTestResult executionId="d7635910-0067-4ca3-95c7-69bd425e835a" testId="4c3580f9-0322-1d19-fe9f-7793a7f32b00" testName="GetRights_VerifyRightsWhenOneAdapterIsReturningZeroRights" computerName="TFSBUILD11" duration="00:00:00.0198314" startTime="2015-09-28T09:43:31.0311238-07:00" endTime="2015-09-28T09:43:31.0467505-07:00" testType="13cdc9d9-ddb5-4fa4-a97d-d965ccfc6d4b" outcome="Passed" testListId="8c84fa94-04c1-424b-9868-57a2d4851a1d" relativeResultsDirectory="d7635910-0067-4ca3-95c7-69bd425e835a" />
    <UnitTestResult executionId="a55bbb10-9aba-43c2-afd8-7637bb0cb1b0" testId="12bea8fb-fe15-a8a0-1a73-4a510c1df038" testName="GetRights_VerifyRightsWhenOneAdapterIsThrowingException" computerName="TFSBUILD11" duration="00:00:00.0169281" startTime="2015-09-28T09:43:31.0467505-07:00" endTime="2015-09-28T09:43:31.0623760-07:00" testType="13cdc9d9-ddb5-4fa4-a97d-d965ccfc6d4b" outcome="Passed" testListId="8c84fa94-04c1-424b-9868-57a2d4851a1d" relativeResultsDirectory="a55bbb10-9aba-43c2-afd8-7637bb0cb1b0" />
    <UnitTestResult executionId="b0c23966-bc81-4c1a-9e06-07edc84ea926" testId="22fb848f-0866-3d18-cd88-47d158881597" testName="GetRights_VerifyRightsWithThreeAdapters" computerName="TFSBUILD11" duration="00:00:00.0332580" startTime="2015-09-28T09:43:31.0623760-07:00" endTime="2015-09-28T09:43:31.0936282-07:00" testType="13cdc9d9-ddb5-4fa4-a97d-d965ccfc6d4b" outcome="Passed" testListId="8c84fa94-04c1-424b-9868-57a2d4851a1d" relativeResultsDirectory="b0c23966-bc81-4c1a-9e06-07edc84ea926" />
    <UnitTestResult executionId="f91040d1-19cc-4b09-b6d3-016349eca5c7" testId="31e77c27-377e-97b8-e843-2b952debd77a" testName="GetRights_AggregateRights_MustImplementIComparable" computerName="TFSBUILD11" duration="00:00:00.0268136" startTime="2015-09-28T09:43:31.0936282-07:00" endTime="2015-09-28T09:43:31.1248807-07:00" testType="13cdc9d9-ddb5-4fa4-a97d-d965ccfc6d4b" outcome="Passed" testListId="8c84fa94-04c1-424b-9868-57a2d4851a1d" relativeResultsDirectory="f91040d1-19cc-4b09-b6d3-016349eca5c7" />
    <UnitTestResult executionId="9df4c299-fcba-4762-b13b-503e5805d740" testId="60979e05-9199-9277-ca11-f00087afe3b4" testName="GetRights_AggregateRights_NoDuplicateRights" computerName="TFSBUILD11" duration="00:00:00.0166120" startTime="2015-09-28T09:43:31.1248807-07:00" endTime="2015-09-28T09:43:31.1405068-07:00" testType="13cdc9d9-ddb5-4fa4-a97d-d965ccfc6d4b" outcome="Passed" testListId="8c84fa94-04c1-424b-9868-57a2d4851a1d" relativeResultsDirectory="9df4c299-fcba-4762-b13b-503e5805d740" />
    <UnitTestResult executionId="f28cc070-d9d2-473f-86c1-b98b223a5dd1" testId="1bbdae17-4b26-9db5-4525-117be88360d8" testName="GetRights_AggregateRights_DifferentRights" computerName="TFSBUILD11" duration="00:00:00.0159146" startTime="2015-09-28T09:43:31.1405068-07:00" endTime="2015-09-28T09:43:31.1561327-07:00" testType="13cdc9d9-ddb5-4fa4-a97d-d965ccfc6d4b" outcome="Passed" testListId="8c84fa94-04c1-424b-9868-57a2d4851a1d" relativeResultsDirectory="f28cc070-d9d2-473f-86c1-b98b223a5dd1" />
    <UnitTestResult executionId="bfc578ec-2ab6-4506-acc9-064febb629ff" testId="76dbebf3-82dc-a4f4-ac0d-4cfebad16dc9" testName="GetRights_AggregateRights_MaxRightWins" computerName="TFSBUILD11" duration="00:00:00.0174051" startTime="2015-09-28T09:43:31.1561327-07:00" endTime="2015-09-28T09:43:31.1717591-07:00" testType="13cdc9d9-ddb5-4fa4-a97d-d965ccfc6d4b" outcome="Passed" testListId="8c84fa94-04c1-424b-9868-57a2d4851a1d" relativeResultsDirectory="bfc578ec-2ab6-4506-acc9-064febb629ff" />
    <UnitTestResult executionId="56621fb5-6d51-422c-9ebb-baa655077c16" testId="4bf26df7-dd5c-8322-0ec9-d7a702f52a6d" testName="GetRights_AggregateRights_MaxRightWins_Ultimate" computerName="TFSBUILD11" duration="00:00:00.0200433" startTime="2015-09-28T09:43:31.1717591-07:00" endTime="2015-09-28T09:43:31.1873852-07:00" testType="13cdc9d9-ddb5-4fa4-a97d-d965ccfc6d4b" outcome="Passed" testListId="8c84fa94-04c1-424b-9868-57a2d4851a1d" relativeResultsDirectory="56621fb5-6d51-422c-9ebb-baa655077c16" />
    <UnitTestResult executionId="f09ef489-9a88-493a-9365-fe3474033cd0" testId="7d09c064-1bbd-2e56-05c2-4b16baa1ee07" testName="GetRights_AggregateRights_MaxRightWins_Premium" computerName="TFSBUILD11" duration="00:00:00.0160275" startTime="2015-09-28T09:43:31.1873852-07:00" endTime="2015-09-28T09:43:31.2030110-07:00" testType="13cdc9d9-ddb5-4fa4-a97d-d965ccfc6d4b" outcome="Passed" testListId="8c84fa94-04c1-424b-9868-57a2d4851a1d" relativeResultsDirectory="f09ef489-9a88-493a-9365-fe3474033cd0" />
    <UnitTestResult executionId="71352256-91d9-4c46-845d-d1377811fb58" testId="1d9b7e66-471c-ce20-b2a1-f30cbb1b8361" testName="GetRights_AggregateRights_MaxRightWins_Professional" computerName="TFSBUILD11" duration="00:00:00.0155912" startTime="2015-09-28T09:43:31.2030110-07:00" endTime="2015-09-28T09:43:31.2186374-07:00" testType="13cdc9d9-ddb5-4fa4-a97d-d965ccfc6d4b" outcome="Passed" testListId="8c84fa94-04c1-424b-9868-57a2d4851a1d" relativeResultsDirectory="71352256-91d9-4c46-845d-d1377811fb58" />
    <UnitTestResult executionId="ac3db45a-c0a1-49d0-ad73-cb28e9ac8a80" testId="7843819f-d71b-db7f-6837-943ec7f802e9" testName="CreateClientRightsEnvelope_WillThrowWhenPassedNullRights" computerName="TFSBUILD11" duration="00:00:00.0184581" startTime="2015-09-28T09:43:31.2186374-07:00" endTime="2015-09-28T09:43:31.2498899-07:00" testType="13cdc9d9-ddb5-4fa4-a97d-d965ccfc6d4b" outcome="Passed" testListId="8c84fa94-04c1-424b-9868-57a2d4851a1d" relativeResultsDirectory="ac3db45a-c0a1-49d0-ad73-cb28e9ac8a80" />
    <UnitTestResult executionId="b746ca41-261c-4de7-a5a6-0363ce8b0447" testId="08ee1196-a4f3-feac-aec6-d5f6617ed21f" testName="CreateClientRightsEnvelope_WillThrowWhenPassedNullQueryContext" computerName="TFSBUILD11" duration="00:00:00.0150007" startTime="2015-09-28T09:43:31.2498899-07:00" endTime="2015-09-28T09:43:31.2655157-07:00" testType="13cdc9d9-ddb5-4fa4-a97d-d965ccfc6d4b" outcome="Passed" testListId="8c84fa94-04c1-424b-9868-57a2d4851a1d" relativeResultsDirectory="b746ca41-261c-4de7-a5a6-0363ce8b0447" />
    <UnitTestResult executionId="6d50058b-ec46-45eb-aa21-75ea7db535d7" testId="e162d3ce-2e28-c913-6f3e-06a96fdee0b1" testName="CreateClientRightsEnvelope_SetsRights" computerName="TFSBUILD11" duration="00:00:00.0405301" startTime="2015-09-28T09:43:31.2655157-07:00" endTime="2015-09-28T09:43:31.2967680-07:00" testType="13cdc9d9-ddb5-4fa4-a97d-d965ccfc6d4b" outcome="Passed" testListId="8c84fa94-04c1-424b-9868-57a2d4851a1d" relativeResultsDirectory="6d50058b-ec46-45eb-aa21-75ea7db535d7" />
    <UnitTestResult executionId="12c9e8c9-5824-493c-8b7f-f49c793f8857" testId="3ece845c-1929-bd43-7cd4-b4458ffce4ae" testName="CreateClientRightsEnvelope_SetsUserId" computerName="TFSBUILD11" duration="00:00:00.0143331" startTime="2015-09-28T09:43:31.2967680-07:00" endTime="2015-09-28T09:43:31.3123952-07:00" testType="13cdc9d9-ddb5-4fa4-a97d-d965ccfc6d4b" outcome="Passed" testListId="8c84fa94-04c1-424b-9868-57a2d4851a1d" relativeResultsDirectory="12c9e8c9-5824-493c-8b7f-f49c793f8857" />
    <UnitTestResult executionId="841c8a6d-3fe6-429e-b393-048ebeb7ac1a" testId="8e8c71aa-ddd4-6d44-19e0-2c551d3a34c3" testName="CreateClientRightsEnvelope_SetsUserName" computerName="TFSBUILD11" duration="00:00:00.0158105" startTime="2015-09-28T09:43:31.3123952-07:00" endTime="2015-09-28T09:43:31.3280202-07:00" testType="13cdc9d9-ddb5-4fa4-a97d-d965ccfc6d4b" outcome="Passed" testListId="8c84fa94-04c1-424b-9868-57a2d4851a1d" relativeResultsDirectory="841c8a6d-3fe6-429e-b393-048ebeb7ac1a" />
    <UnitTestResult executionId="721153f4-e274-424d-9e5c-bfa900b23122" testId="042a4c32-5f48-c636-1a5b-79e92adda5be" testName="CreateClientRightsEnvelope_SetsCanary" computerName="TFSBUILD11" duration="00:00:00.0143100" startTime="2015-09-28T09:43:31.3280202-07:00" endTime="2015-09-28T09:43:31.3436466-07:00" testType="13cdc9d9-ddb5-4fa4-a97d-d965ccfc6d4b" outcome="Passed" testListId="8c84fa94-04c1-424b-9868-57a2d4851a1d" relativeResultsDirectory="721153f4-e274-424d-9e5c-bfa900b23122" />
    <UnitTestResult executionId="0fadd0dd-e4ce-4adc-bf36-7659c67f8f43" testId="c823081b-8316-51bb-125c-fffdf64cb83d" testName="CreateClientRightsEnvelope_SetsActivityId" computerName="TFSBUILD11" duration="00:00:00.0142534" startTime="2015-09-28T09:43:31.3436466-07:00" endTime="2015-09-28T09:43:31.3592727-07:00" testType="13cdc9d9-ddb5-4fa4-a97d-d965ccfc6d4b" outcome="Passed" testListId="8c84fa94-04c1-424b-9868-57a2d4851a1d" relativeResultsDirectory="0fadd0dd-e4ce-4adc-bf36-7659c67f8f43" />
    <UnitTestResult executionId="a547b22e-ae4a-4b1a-9634-4d20583ce496" testId="92e93edf-4e1f-a3a8-607c-b6475fce27f3" testName="CreateClientRightsEnvelope_AnyNonExpressRightsUseNonExpressExpiration" computerName="TFSBUILD11" duration="00:00:00.0137935" startTime="2015-09-28T09:43:31.3592727-07:00" endTime="2015-09-28T09:43:31.3748982-07:00" testType="13cdc9d9-ddb5-4fa4-a97d-d965ccfc6d4b" outcome="Passed" testListId="8c84fa94-04c1-424b-9868-57a2d4851a1d" relativeResultsDirectory="a547b22e-ae4a-4b1a-9634-4d20583ce496" />
    <UnitTestResult executionId="2d15fb8d-5ddd-4d69-9de2-0b14816640ae" testId="50c257b1-4b8f-4645-922e-15ac1a94ce60" testName="CreateClientRightsEnvelope_OnlyExpressRightsUseExpressExpiration" computerName="TFSBUILD11" duration="00:00:00.0146448" startTime="2015-09-28T09:43:31.3748982-07:00" endTime="2015-09-28T09:43:31.3905243-07:00" testType="13cdc9d9-ddb5-4fa4-a97d-d965ccfc6d4b" outcome="Passed" testListId="8c84fa94-04c1-424b-9868-57a2d4851a1d" relativeResultsDirectory="2d15fb8d-5ddd-4d69-9de2-0b14816640ae" />
    <UnitTestResult executionId="cae115a5-fb7f-40be-ae0e-d4758158f4d6" testId="a3452703-72bc-f063-ef46-f13f198784bd" testName="CreateClientRightsEnvelope_Preview_UseExpressRightsPrereleaseEnvelopeExpiration" computerName="TFSBUILD11" duration="00:00:00.0192230" startTime="2015-09-28T09:43:31.3905243-07:00" endTime="2015-09-28T09:43:31.4061510-07:00" testType="13cdc9d9-ddb5-4fa4-a97d-d965ccfc6d4b" outcome="Passed" testListId="8c84fa94-04c1-424b-9868-57a2d4851a1d" relativeResultsDirectory="cae115a5-fb7f-40be-ae0e-d4758158f4d6" />
    <UnitTestResult executionId="d38083b4-481f-42cf-b00f-b212c145f6e7" testId="4019890c-082e-6962-f78d-562d6d6b2640" testName="CreateClientRightsEnvelope_RC_UseExpressRightsReleaseEnvelopeExpiration" computerName="TFSBUILD11" duration="00:00:00.0144952" startTime="2015-09-28T09:43:31.4061510-07:00" endTime="2015-09-28T09:43:31.4217766-07:00" testType="13cdc9d9-ddb5-4fa4-a97d-d965ccfc6d4b" outcome="Passed" testListId="8c84fa94-04c1-424b-9868-57a2d4851a1d" relativeResultsDirectory="d38083b4-481f-42cf-b00f-b212c145f6e7" />
    <UnitTestResult executionId="306492a7-0b6e-4da9-9b40-5a86bf378b76" testId="2d4fa9da-d7b1-e923-95a4-523a770e94b6" testName="CreateClientRightsEnvelope_OnlyAllTrialRightsReleaseRightsUseTrialRightsReleaseEnvelopeExpiration" computerName="TFSBUILD11" duration="00:00:00.0157118" startTime="2015-09-28T09:43:31.4217766-07:00" endTime="2015-09-28T09:43:31.4374032-07:00" testType="13cdc9d9-ddb5-4fa4-a97d-d965ccfc6d4b" outcome="Passed" testListId="8c84fa94-04c1-424b-9868-57a2d4851a1d" relativeResultsDirectory="306492a7-0b6e-4da9-9b40-5a86bf378b76" />
    <UnitTestResult executionId="f9f88ecf-9931-42b0-9a00-e26d980ccbdb" testId="18bfb618-c91a-b2ab-61c5-33d9d5c3ca34" testName="CreateClientRightsEnvelope_PrereleaseExpressRightsCanHaveMaxValueAsExpiration" computerName="TFSBUILD11" duration="00:00:00.0141459" startTime="2015-09-28T09:43:31.4374032-07:00" endTime="2015-09-28T09:43:31.4530288-07:00" testType="13cdc9d9-ddb5-4fa4-a97d-d965ccfc6d4b" outcome="Passed" testListId="8c84fa94-04c1-424b-9868-57a2d4851a1d" relativeResultsDirectory="f9f88ecf-9931-42b0-9a00-e26d980ccbdb" />
    <UnitTestResult executionId="5196857b-d5c9-4b14-89e1-06acd359ed3a" testId="3ba5c654-bb6b-0f21-be7b-13feed6af238" testName="CreateClientRightsEnvelope_ReleaseExpressRightsCanHaveMaxValueAsExpiration" computerName="TFSBUILD11" duration="00:00:00.0152550" startTime="2015-09-28T09:43:31.4530288-07:00" endTime="2015-09-28T09:43:31.4686552-07:00" testType="13cdc9d9-ddb5-4fa4-a97d-d965ccfc6d4b" outcome="Passed" testListId="8c84fa94-04c1-424b-9868-57a2d4851a1d" relativeResultsDirectory="5196857b-d5c9-4b14-89e1-06acd359ed3a" />
    <UnitTestResult executionId="4856d47c-2d41-4ce6-951e-303425d8a1c2" testId="622b145c-5757-702e-d43b-7c07a0b180b4" testName="CreateClientRightsEnvelope_AnyNonExpressRightsUseNonExpressRefreshInterval" computerName="TFSBUILD11" duration="00:00:00.0134755" startTime="2015-09-28T09:43:31.4686552-07:00" endTime="2015-09-28T09:43:31.4842816-07:00" testType="13cdc9d9-ddb5-4fa4-a97d-d965ccfc6d4b" outcome="Passed" testListId="8c84fa94-04c1-424b-9868-57a2d4851a1d" relativeResultsDirectory="4856d47c-2d41-4ce6-951e-303425d8a1c2" />
    <UnitTestResult executionId="118f770e-9d92-40d8-9b9e-7acf28250e0c" testId="1b7b143c-eff7-9dac-3a8f-8efa4ec86656" testName="CreateClientRightsEnvelope_OnlyAllTrialRightsReleaseRightsUseTrialRightsReleaseEnvelopeRefreshInterval" computerName="TFSBUILD11" duration="00:00:00.0142170" startTime="2015-09-28T09:43:31.4842816-07:00" endTime="2015-09-28T09:43:31.4999068-07:00" testType="13cdc9d9-ddb5-4fa4-a97d-d965ccfc6d4b" outcome="Passed" testListId="8c84fa94-04c1-424b-9868-57a2d4851a1d" relativeResultsDirectory="118f770e-9d92-40d8-9b9e-7acf28250e0c" />
    <UnitTestResult executionId="85589853-336c-4f39-8df2-672e231eca1a" testId="75fc7042-3595-a3a8-bd93-58a8553a4cc7" testName="CreateClientRightsEnvelope_OnlyAllExpressRightsUsePrereleaseExpressRefreshInterval" computerName="TFSBUILD11" duration="00:00:00.0138959" startTime="2015-09-28T09:43:31.4999068-07:00" endTime="2015-09-28T09:43:31.5155335-07:00" testType="13cdc9d9-ddb5-4fa4-a97d-d965ccfc6d4b" outcome="Passed" testListId="8c84fa94-04c1-424b-9868-57a2d4851a1d" relativeResultsDirectory="85589853-336c-4f39-8df2-672e231eca1a" />
    <UnitTestResult executionId="0f7457a8-5279-4606-91bd-54d2bc358948" testId="1dc9d2ba-0d31-adfb-9895-53042489006e" testName="CreateClientRightsEnvelope_OnlyAllExpressRightsUseReleaseExpressRefreshInterval" computerName="TFSBUILD11" duration="00:00:00.0190472" startTime="2015-09-28T09:43:31.5155335-07:00" endTime="2015-09-28T09:43:31.5311596-07:00" testType="13cdc9d9-ddb5-4fa4-a97d-d965ccfc6d4b" outcome="Passed" testListId="8c84fa94-04c1-424b-9868-57a2d4851a1d" relativeResultsDirectory="0f7457a8-5279-4606-91bd-54d2bc358948" />
    <UnitTestResult executionId="a61fd18e-1cdc-4fc3-b94a-5c3cf090743f" testId="ff33139d-ff3d-a646-ebc8-b41ae01a99dd" testName="ReturnTimeBombExpirationDateFromVisualStudioRelease_ForPreview" computerName="TFSBUILD11" duration="00:00:00.0145436" startTime="2015-09-28T09:43:31.5311596-07:00" endTime="2015-09-28T09:43:31.5467855-07:00" testType="13cdc9d9-ddb5-4fa4-a97d-d965ccfc6d4b" outcome="Passed" testListId="8c84fa94-04c1-424b-9868-57a2d4851a1d" relativeResultsDirectory="a61fd18e-1cdc-4fc3-b94a-5c3cf090743f" />
    <UnitTestResult executionId="9e8d3308-670a-4958-9216-1441ae1e8b06" testId="39f950ee-16f9-3ebf-ceca-2f5e9a5fd40a" testName="DoNotReturnTimeBombExpirationDateFromVisualStudioRelease_ForRelease" computerName="TFSBUILD11" duration="00:00:00.0139673" startTime="2015-09-28T09:43:31.5467855-07:00" endTime="2015-09-28T09:43:31.5624124-07:00" testType="13cdc9d9-ddb5-4fa4-a97d-d965ccfc6d4b" outcome="Passed" testListId="8c84fa94-04c1-424b-9868-57a2d4851a1d" relativeResultsDirectory="9e8d3308-670a-4958-9216-1441ae1e8b06" />
    <UnitTestResult executionId="8206dceb-0b0f-4a64-ae89-cf5e77b0155e" testId="4d5cf9a2-e724-9139-aae1-98535b42ce7c" testName="GetClientRightsContainer_WillThrowWhenPassedNullRequestContext" computerName="TFSBUILD11" duration="00:00:00.0009520" startTime="2015-09-28T09:43:31.5624124-07:00" endTime="2015-09-28T09:43:31.5624124-07:00" testType="13cdc9d9-ddb5-4fa4-a97d-d965ccfc6d4b" outcome="Passed" testListId="8c84fa94-04c1-424b-9868-57a2d4851a1d" relativeResultsDirectory="8206dceb-0b0f-4a64-ae89-cf5e77b0155e" />
    <UnitTestResult executionId="38223da0-9345-446c-93bd-3c9a27366d21" testId="f9f47011-1703-1552-f8e3-d2b05125cba0" testName="GetClientRightsContainer_WillThrowWhenPassedNonDeploymentRequestContext" computerName="TFSBUILD11" duration="00:00:00.0278282" startTime="2015-09-28T09:43:31.5624124-07:00" endTime="2015-09-28T09:43:31.5936641-07:00" testType="13cdc9d9-ddb5-4fa4-a97d-d965ccfc6d4b" outcome="Passed" testListId="8c84fa94-04c1-424b-9868-57a2d4851a1d" relativeResultsDirectory="38223da0-9345-446c-93bd-3c9a27366d21" />
    <UnitTestResult executionId="415412e4-e4f6-49c2-8328-0e41a1879f4e" testId="e4557645-4264-2072-0d5b-1fd2cf7005ba" testName="GetClientRightsContainer_WillThrowWhenQueryContextProductFamilyIsNull" computerName="TFSBUILD11" duration="00:00:00.0147336" startTime="2015-09-28T09:43:31.5936641-07:00" endTime="2015-09-28T09:43:31.6092902-07:00" testType="13cdc9d9-ddb5-4fa4-a97d-d965ccfc6d4b" outcome="Passed" testListId="8c84fa94-04c1-424b-9868-57a2d4851a1d" relativeResultsDirectory="415412e4-e4f6-49c2-8328-0e41a1879f4e" />
    <UnitTestResult executionId="c3299d3d-11ed-4d0d-9498-e3a7a0571e33" testId="55a9d46f-da15-9848-b1aa-928835f4b929" testName="GetClientRightsContainer_StoreClientRightsTelemetryContextIsNull" computerName="TFSBUILD11" duration="00:00:00.0608894" startTime="2015-09-28T09:43:31.6092902-07:00" endTime="2015-09-28T09:43:31.6717943-07:00" testType="13cdc9d9-ddb5-4fa4-a97d-d965ccfc6d4b" outcome="Passed" testListId="8c84fa94-04c1-424b-9868-57a2d4851a1d" relativeResultsDirectory="c3299d3d-11ed-4d0d-9498-e3a7a0571e33" />
    <UnitTestResult executionId="8dce13ef-cdb6-4eb1-8959-fb670c51d8a3" testId="72c74b53-fbb0-02c6-f6c5-48694810a42b" testName="GetClientRightsContainer_StoreClientRightsTelemetryContextAttributesIsNull" computerName="TFSBUILD11" duration="00:00:00.0177180" startTime="2015-09-28T09:43:31.6717943-07:00" endTime="2015-09-28T09:43:31.6874210-07:00" testType="13cdc9d9-ddb5-4fa4-a97d-d965ccfc6d4b" outcome="Passed" testListId="8c84fa94-04c1-424b-9868-57a2d4851a1d" relativeResultsDirectory="8dce13ef-cdb6-4eb1-8959-fb670c51d8a3" />
    <UnitTestResult executionId="4bddbbd3-8134-4b76-b61f-c6179a066795" testId="57237b46-1946-1e53-bd5a-92a964ef4d28" testName="GetClientRightsContainer_StoreClientRightsTelemetryContextAttributesIsEmpty" computerName="TFSBUILD11" duration="00:00:00.0226821" startTime="2015-09-28T09:43:31.6874210-07:00" endTime="2015-09-28T09:43:31.7030471-07:00" testType="13cdc9d9-ddb5-4fa4-a97d-d965ccfc6d4b" outcome="Passed" testListId="8c84fa94-04c1-424b-9868-57a2d4851a1d" relativeResultsDirectory="4bddbbd3-8134-4b76-b61f-c6179a066795" />
    <UnitTestResult executionId="b4fdf5be-33af-4029-86a5-a070b268acb9" testId="dfb280be-3bcd-9c5b-ac07-8fd8e01b451d" testName="GetClientRightsContainer_StoreClientRightsTelemetryPublished" computerName="TFSBUILD11" duration="00:00:00.0180587" startTime="2015-09-28T09:43:31.7030471-07:00" endTime="2015-09-28T09:43:31.7186738-07:00" testType="13cdc9d9-ddb5-4fa4-a97d-d965ccfc6d4b" outcome="Passed" testListId="8c84fa94-04c1-424b-9868-57a2d4851a1d" relativeResultsDirectory="b4fdf5be-33af-4029-86a5-a070b268acb9" />
    <UnitTestResult executionId="057d8014-1edc-4ce6-b1b8-99b85c7faec5" testId="e93ef041-7d3f-7def-1505-a981ee2eb312" testName="GetClientRightsContainer_StoreClientRightsTelemetryCorrectParameter" computerName="TFSBUILD11" duration="00:00:00.0192872" startTime="2015-09-28T09:43:31.7186738-07:00" endTime="2015-09-28T09:43:31.7499249-07:00" testType="13cdc9d9-ddb5-4fa4-a97d-d965ccfc6d4b" outcome="Passed" testListId="8c84fa94-04c1-424b-9868-57a2d4851a1d" relativeResultsDirectory="057d8014-1edc-4ce6-b1b8-99b85c7faec5" />
    <UnitTestResult executionId="9088d234-0780-4293-9ad4-1267450e833e" testId="011b93b9-c755-6fb9-5a5c-fa91aab56df5" testName="GetClientRightsContainer_WillThrowWhenQueryContextProductFamilyIsEmpty" computerName="TFSBUILD11" duration="00:00:00.0140267" startTime="2015-09-28T09:43:31.7499249-07:00" endTime="2015-09-28T09:43:31.7499249-07:00" testType="13cdc9d9-ddb5-4fa4-a97d-d965ccfc6d4b" outcome="Passed" testListId="8c84fa94-04c1-424b-9868-57a2d4851a1d" relativeResultsDirectory="9088d234-0780-4293-9ad4-1267450e833e" />
    <UnitTestResult executionId="00ebbdbc-0e67-4b19-bf9a-8aa123d511ab" testId="e5f022ac-ece4-8d19-2000-299524bf1ec2" testName="GetClientRightsContainer_WillThrowWhenQueryContextProductFamilyIsLongerThanMaxAllowed" computerName="TFSBUILD11" duration="00:00:00.0142543" startTime="2015-09-28T09:43:31.7499249-07:00" endTime="2015-09-28T09:43:31.7655516-07:00" testType="13cdc9d9-ddb5-4fa4-a97d-d965ccfc6d4b" outcome="Passed" testListId="8c84fa94-04c1-424b-9868-57a2d4851a1d" relativeResultsDirectory="00ebbdbc-0e67-4b19-bf9a-8aa123d511ab" />
    <UnitTestResult executionId="bff4df52-e91e-4371-971d-e29256ade057" testId="a914418c-2e86-8663-2ecd-772d64384b2c" testName="GetClientRightsContainer_WillThrowWhenQueryContextProductFamilyContainsInvalidCharacters" computerName="TFSBUILD11" duration="00:00:00.0145771" startTime="2015-09-28T09:43:31.7655516-07:00" endTime="2015-09-28T09:43:31.7811774-07:00" testType="13cdc9d9-ddb5-4fa4-a97d-d965ccfc6d4b" outcome="Passed" testListId="8c84fa94-04c1-424b-9868-57a2d4851a1d" relativeResultsDirectory="bff4df52-e91e-4371-971d-e29256ade057" />
    <UnitTestResult executionId="90c5fe1c-df39-45e7-a53e-e3630c59d9f8" testId="cafc5e53-abf2-277b-afb1-669080c13a7c" testName="GetClientRightsContainer_WillThrowWhenQueryContextProductVersionIsNull" computerName="TFSBUILD11" duration="00:00:00.0146243" startTime="2015-09-28T09:43:31.7811774-07:00" endTime="2015-09-28T09:43:31.7968038-07:00" testType="13cdc9d9-ddb5-4fa4-a97d-d965ccfc6d4b" outcome="Passed" testListId="8c84fa94-04c1-424b-9868-57a2d4851a1d" relativeResultsDirectory="90c5fe1c-df39-45e7-a53e-e3630c59d9f8" />
    <UnitTestResult executionId="57bd9621-b227-4bb9-b8d5-826c8b246a6f" testId="646a55aa-e056-7468-e505-774b5aaf2fe3" testName="GetClientRightsContainer_WillThrowWhenQueryContextProductVersionIsEmpty" computerName="TFSBUILD11" duration="00:00:00.0142787" startTime="2015-09-28T09:43:31.7968038-07:00" endTime="2015-09-28T09:43:31.8124299-07:00" testType="13cdc9d9-ddb5-4fa4-a97d-d965ccfc6d4b" outcome="Passed" testListId="8c84fa94-04c1-424b-9868-57a2d4851a1d" relativeResultsDirectory="57bd9621-b227-4bb9-b8d5-826c8b246a6f" />
    <UnitTestResult executionId="856061a3-eeff-4d7f-a23e-4610c2ea2afd" testId="e569efd1-78fb-1f1b-09c0-dc68abedd4ce" testName="GetClientRightsContainer_WillThrowWhenQueryContextProductVersionIsInvalid" computerName="TFSBUILD11" duration="00:00:00.0180638" startTime="2015-09-28T09:43:31.8124299-07:00" endTime="2015-09-28T09:43:31.8280555-07:00" testType="13cdc9d9-ddb5-4fa4-a97d-d965ccfc6d4b" outcome="Passed" testListId="8c84fa94-04c1-424b-9868-57a2d4851a1d" relativeResultsDirectory="856061a3-eeff-4d7f-a23e-4610c2ea2afd" />
    <UnitTestResult executionId="0d7800df-7311-4ea8-b47e-1477ae6e4772" testId="64a650fc-b134-df77-e375-4122cd863dbb" testName="GetClientRightsContainer_TestMananger_WillThrowWhenQueryContextProductVersionIsInvalid" computerName="TFSBUILD11" duration="00:00:00.0146133" startTime="2015-09-28T09:43:31.8280555-07:00" endTime="2015-09-28T09:43:31.8436816-07:00" testType="13cdc9d9-ddb5-4fa4-a97d-d965ccfc6d4b" outcome="Passed" testListId="8c84fa94-04c1-424b-9868-57a2d4851a1d" relativeResultsDirectory="0d7800df-7311-4ea8-b47e-1477ae6e4772" />
    <UnitTestResult executionId="fcb8c16a-4a07-4051-963a-08a18a9eddd1" testId="df1a2c9e-72c2-e5dc-6515-ca3951516b22" testName="GetClientRightsContainer_WillThrowWhenQueryContextProductVersionCarriesMoreThanTwoParts" computerName="TFSBUILD11" duration="00:00:00.0129677" startTime="2015-09-28T09:43:31.8436816-07:00" endTime="2015-09-28T09:43:31.8593080-07:00" testType="13cdc9d9-ddb5-4fa4-a97d-d965ccfc6d4b" outcome="Passed" testListId="8c84fa94-04c1-424b-9868-57a2d4851a1d" relativeResultsDirectory="fcb8c16a-4a07-4051-963a-08a18a9eddd1" />
    <UnitTestResult executionId="c959c38a-2ce3-42fd-81cd-f5b9ccbaba4c" testId="4ce613d7-0044-e8bd-64eb-d3cc96d8623c" testName="GetClientRightsContainer_WillThrowWhenQueryContextProductVersionIsBelowMinimumSupported" computerName="TFSBUILD11" duration="00:00:00.0152737" startTime="2015-09-28T09:43:31.8593080-07:00" endTime="2015-09-28T09:43:31.8749344-07:00" testType="13cdc9d9-ddb5-4fa4-a97d-d965ccfc6d4b" outcome="Passed" testListId="8c84fa94-04c1-424b-9868-57a2d4851a1d" relativeResultsDirectory="c959c38a-2ce3-42fd-81cd-f5b9ccbaba4c" />
    <UnitTestResult executionId="3c13aa4e-c3b1-43ba-abb0-68cfbc47fc03" testId="958f89a3-a776-6e50-60e2-6d86af82f47f" testName="GetClientRightsContainer_WillThrowWhenQueryContextProductEditionLengthExceedsMax" computerName="TFSBUILD11" duration="00:00:00.0140933" startTime="2015-09-28T09:43:31.8749344-07:00" endTime="2015-09-28T09:43:31.8905596-07:00" testType="13cdc9d9-ddb5-4fa4-a97d-d965ccfc6d4b" outcome="Passed" testListId="8c84fa94-04c1-424b-9868-57a2d4851a1d" relativeResultsDirectory="3c13aa4e-c3b1-43ba-abb0-68cfbc47fc03" />
    <UnitTestResult executionId="0a1664b4-689f-4747-871b-de9169710f5d" testId="860ee325-9702-af46-a751-48e93d410abe" testName="GetClientRightsContainer_WillThrowWhenQueryContextProductEditionHasInvalidCharacters" computerName="TFSBUILD11" duration="00:00:00.0138125" startTime="2015-09-28T09:43:31.8905596-07:00" endTime="2015-09-28T09:43:31.9061863-07:00" testType="13cdc9d9-ddb5-4fa4-a97d-d965ccfc6d4b" outcome="Passed" testListId="8c84fa94-04c1-424b-9868-57a2d4851a1d" relativeResultsDirectory="0a1664b4-689f-4747-871b-de9169710f5d" />
    <UnitTestResult executionId="5f189315-b965-47d5-a9b8-18b81ce22e16" testId="23703a55-053f-3d38-f772-5a12c908ab1a" testName="GetClientRightsContainer_WillThrowWhenQueryContextReleaseTypeLengthExceedsMax" computerName="TFSBUILD11" duration="00:00:00.0158964" startTime="2015-09-28T09:43:31.9061863-07:00" endTime="2015-09-28T09:43:31.9218121-07:00" testType="13cdc9d9-ddb5-4fa4-a97d-d965ccfc6d4b" outcome="Passed" testListId="8c84fa94-04c1-424b-9868-57a2d4851a1d" relativeResultsDirectory="5f189315-b965-47d5-a9b8-18b81ce22e16" />
    <UnitTestResult executionId="408eb989-9ee1-427b-abc9-84c62a0c049b" testId="8c10bbd4-92b7-097a-f818-8a160bdb48af" testName="GetClientRightsContainer_WillThrowWhenQueryContextReleaseTypeHasInvalidCharacters" computerName="TFSBUILD11" duration="00:00:00.0142620" startTime="2015-09-28T09:43:31.9218121-07:00" endTime="2015-09-28T09:43:31.9374388-07:00" testType="13cdc9d9-ddb5-4fa4-a97d-d965ccfc6d4b" outcome="Passed" testListId="8c84fa94-04c1-424b-9868-57a2d4851a1d" relativeResultsDirectory="408eb989-9ee1-427b-abc9-84c62a0c049b" />
    <UnitTestResult executionId="1804e7fd-755e-4804-b391-c11fc02d02f8" testId="0f54cfa4-6738-3eee-a051-5fa5a015d7a8" testName="GetClientRightsContainer_WillThrowWhenQueryContextCanaryLengthExceedsMax" computerName="TFSBUILD11" duration="00:00:00.0186586" startTime="2015-09-28T09:43:31.9374388-07:00" endTime="2015-09-28T09:43:31.9530643-07:00" testType="13cdc9d9-ddb5-4fa4-a97d-d965ccfc6d4b" outcome="Passed" testListId="8c84fa94-04c1-424b-9868-57a2d4851a1d" relativeResultsDirectory="1804e7fd-755e-4804-b391-c11fc02d02f8" />
    <UnitTestResult executionId="0f56296f-d852-434e-947a-27c4bd10beeb" testId="17609a6b-5ae7-a5fa-b54b-e03eb3b4a162" testName="GetClientRightsContainer_WillThrowWhenQueryContextCanaryHasInvalidCharacters" computerName="TFSBUILD11" duration="00:00:00.0137477" startTime="2015-09-28T09:43:31.9530643-07:00" endTime="2015-09-28T09:43:31.9686919-07:00" testType="13cdc9d9-ddb5-4fa4-a97d-d965ccfc6d4b" outcome="Passed" testListId="8c84fa94-04c1-424b-9868-57a2d4851a1d" relativeResultsDirectory="0f56296f-d852-434e-947a-27c4bd10beeb" />
    <UnitTestResult executionId="a7f62fcf-b136-4b9b-b85b-73ed1a54b826" testId="67c7928c-851b-4ecb-30ae-e5e4daa232fb" testName="GetClientRightsContainer_WillThrowWhenQueryContextMachineIdLengthExceedsMax" computerName="TFSBUILD11" duration="00:00:00.0145396" startTime="2015-09-28T09:43:31.9686919-07:00" endTime="2015-09-28T09:43:31.9843168-07:00" testType="13cdc9d9-ddb5-4fa4-a97d-d965ccfc6d4b" outcome="Passed" testListId="8c84fa94-04c1-424b-9868-57a2d4851a1d" relativeResultsDirectory="a7f62fcf-b136-4b9b-b85b-73ed1a54b826" />
    <UnitTestResult executionId="eb0717f4-3085-4c21-a59f-ffaf6363e3d7" testId="2f120f45-b909-596a-66d4-7a3c074ec5ea" testName="GetClientRightsContainer_WillThrowWhenQueryContextMachineIdHasInvalidCharacters" computerName="TFSBUILD11" duration="00:00:00.0158167" startTime="2015-09-28T09:43:31.9843168-07:00" endTime="2015-09-28T09:43:31.9999435-07:00" testType="13cdc9d9-ddb5-4fa4-a97d-d965ccfc6d4b" outcome="Passed" testListId="8c84fa94-04c1-424b-9868-57a2d4851a1d" relativeResultsDirectory="eb0717f4-3085-4c21-a59f-ffaf6363e3d7" />
    <UnitTestResult executionId="95263af9-94d9-40f8-aba6-337f823f8fd1" testId="944bb8c4-d24b-fdd8-33dd-7587093c1a18" testName="WillThrowWhenPassedNullRequestContext" computerName="TFSBUILD11" duration="00:00:00.0008220" startTime="2015-09-28T09:43:31.9999435-07:00" endTime="2015-09-28T09:43:31.9999435-07:00" testType="13cdc9d9-ddb5-4fa4-a97d-d965ccfc6d4b" outcome="Passed" testListId="8c84fa94-04c1-424b-9868-57a2d4851a1d" relativeResultsDirectory="95263af9-94d9-40f8-aba6-337f823f8fd1" />
    <UnitTestResult executionId="fa7b1bef-ea29-4b70-8ff0-6f802f251ec9" testId="ce9263da-252e-043d-288e-6821438e6840" testName="WillThrowWhenPassedNonDeploymentRequestContext" computerName="TFSBUILD11" duration="00:00:00.0275125" startTime="2015-09-28T09:43:31.9999435-07:00" endTime="2015-09-28T09:43:32.0311949-07:00" testType="13cdc9d9-ddb5-4fa4-a97d-d965ccfc6d4b" outcome="Passed" testListId="8c84fa94-04c1-424b-9868-57a2d4851a1d" relativeResultsDirectory="fa7b1bef-ea29-4b70-8ff0-6f802f251ec9" />
    <UnitTestResult executionId="60bab485-0150-4c8a-b366-7099615f574f" testId="03ee37d1-6664-b66e-bafc-ca4873813991" testName="DoNotReturnAnyEntitlementsWhenMsdnAdapterDoesNotReturnAny" computerName="TFSBUILD11" duration="00:00:00.0205396" startTime="2015-09-28T09:43:32.0311949-07:00" endTime="2015-09-28T09:43:32.0468213-07:00" testType="13cdc9d9-ddb5-4fa4-a97d-d965ccfc6d4b" outcome="Passed" testListId="8c84fa94-04c1-424b-9868-57a2d4851a1d" relativeResultsDirectory="60bab485-0150-4c8a-b366-7099615f574f" />
    <UnitTestResult executionId="2efbc8f7-ff81-4cf6-adc7-7f2b4ff8e8e9" testId="f0fdb86d-5148-5faf-6269-9bf7837fa8d7" testName="ReturnTheEntitlementsThatTheMsdnAdapterReturns" computerName="TFSBUILD11" duration="00:00:00.0446386" startTime="2015-09-28T09:43:32.0468213-07:00" endTime="2015-09-28T09:43:32.0936996-07:00" testType="13cdc9d9-ddb5-4fa4-a97d-d965ccfc6d4b" outcome="Passed" testListId="8c84fa94-04c1-424b-9868-57a2d4851a1d" relativeResultsDirectory="2efbc8f7-ff81-4cf6-adc7-7f2b4ff8e8e9" />
    <UnitTestResult executionId="d80accd3-80a0-4582-a0a2-d9fb08e20591" testId="4a500337-9e14-2b17-f423-67b2a6bcbb54" testName="GetLicensingServiceSettings_WillThrowIfCertificateThumbprintIsNotInRegistry" computerName="TFSBUILD11" duration="00:00:00.0244664" startTime="2015-09-28T09:43:32.0936996-07:00" endTime="2015-09-28T09:43:32.1249518-07:00" testType="13cdc9d9-ddb5-4fa4-a97d-d965ccfc6d4b" outcome="Passed" testListId="8c84fa94-04c1-424b-9868-57a2d4851a1d" relativeResultsDirectory="d80accd3-80a0-4582-a0a2-d9fb08e20591" />
    <UnitTestResult executionId="7e7a096a-d2a4-468b-bafe-4642cb1502ed" testId="fa43be62-bbef-8121-bfe4-f644e9a64db3" testName="GetLicensingServiceSettings_RequiresSettingsInRegistry" computerName="TFSBUILD11" duration="00:00:00.0337111" startTime="2015-09-28T09:43:32.1249518-07:00" endTime="2015-09-28T09:43:32.1562038-07:00" testType="13cdc9d9-ddb5-4fa4-a97d-d965ccfc6d4b" outcome="Passed" testListId="8c84fa94-04c1-424b-9868-57a2d4851a1d" relativeResultsDirectory="7e7a096a-d2a4-468b-bafe-4642cb1502ed" />
    <UnitTestResult executionId="5c9be00a-a3e4-47a1-aecf-0a0bb6575522" testId="ee875cd9-40bf-42bf-2321-15142460a077" testName="GetLicensingServiceSettings_VisualStudioRelease_LogErrorWhenRegistryContainsInvalidVersion" computerName="TFSBUILD11" duration="00:00:00.0201613" startTime="2015-09-28T09:43:32.1562038-07:00" endTime="2015-09-28T09:43:32.1718302-07:00" testType="13cdc9d9-ddb5-4fa4-a97d-d965ccfc6d4b" outcome="Passed" testListId="8c84fa94-04c1-424b-9868-57a2d4851a1d" relativeResultsDirectory="5c9be00a-a3e4-47a1-aecf-0a0bb6575522" />
    <UnitTestResult executionId="bd2969b3-47d1-4462-a511-8c7101e97fe3" testId="5154d685-4d7e-1074-3a22-5f699abc186e" testName="GetLicensingServiceSettings_VisualStudioRelease_LogErrorWhenRegistryContainsInvalidReleaseType" computerName="TFSBUILD11" duration="00:00:00.0174176" startTime="2015-09-28T09:43:32.1718302-07:00" endTime="2015-09-28T09:43:32.1874563-07:00" testType="13cdc9d9-ddb5-4fa4-a97d-d965ccfc6d4b" outcome="Passed" testListId="8c84fa94-04c1-424b-9868-57a2d4851a1d" relativeResultsDirectory="bd2969b3-47d1-4462-a511-8c7101e97fe3" />
    <UnitTestResult executionId="b5fa7225-29ef-4137-99b7-73f2e75da4b6" testId="da0df51f-6879-18e4-1c6f-22fdd089e9bb" testName="GetMsdnAdapterSettings_WillThrowIfEntitlementServiceUrlIsNotInRegistry" computerName="TFSBUILD11" duration="00:00:00.0150240" startTime="2015-09-28T09:43:32.1874563-07:00" endTime="2015-09-28T09:43:32.2030824-07:00" testType="13cdc9d9-ddb5-4fa4-a97d-d965ccfc6d4b" outcome="Passed" testListId="8c84fa94-04c1-424b-9868-57a2d4851a1d" relativeResultsDirectory="b5fa7225-29ef-4137-99b7-73f2e75da4b6" />
    <UnitTestResult executionId="96e850a0-f9ec-4cfd-9a01-7846e7a3ef9f" testId="0bea2b1a-432f-52e1-5f29-30ee3c282c0b" testName="GetMsdnAdapterSettings_WillThrowIfCertificateThumbprintIsNotInRegistry" computerName="TFSBUILD11" duration="00:00:00.0135184" startTime="2015-09-28T09:43:32.2030824-07:00" endTime="2015-09-28T09:43:32.2187085-07:00" testType="13cdc9d9-ddb5-4fa4-a97d-d965ccfc6d4b" outcome="Passed" testListId="8c84fa94-04c1-424b-9868-57a2d4851a1d" relativeResultsDirectory="96e850a0-f9ec-4cfd-9a01-7846e7a3ef9f" />
    <UnitTestResult executionId="a221fc8f-de3b-4cac-9911-41bf36dd9810" testId="06152f46-1397-6f17-07fb-01244a5f28dc" testName="GetLicensingServiceSettings_SettingsInRegistryWhenEntitlementServiceNeedsCertificateIsFalse" computerName="TFSBUILD11" duration="00:00:00.0149495" startTime="2015-09-28T09:43:32.2187085-07:00" endTime="2015-09-28T09:43:32.2343352-07:00" testType="13cdc9d9-ddb5-4fa4-a97d-d965ccfc6d4b" outcome="Passed" testListId="8c84fa94-04c1-424b-9868-57a2d4851a1d" relativeResultsDirectory="a221fc8f-de3b-4cac-9911-41bf36dd9810" />
    <UnitTestResult executionId="c4378632-340e-4419-bff0-d0de5be75e08" testId="0bd301b1-07f8-c0f1-099a-167aa34e919c" testName="GetLicensingServiceSettings_SettingsInRegistryWhenEntitlementServiceNeedsCertificateIsTrue" computerName="TFSBUILD11" duration="00:00:00.0128178" startTime="2015-09-28T09:43:32.2343352-07:00" endTime="2015-09-28T09:43:32.2499610-07:00" testType="13cdc9d9-ddb5-4fa4-a97d-d965ccfc6d4b" outcome="Passed" testListId="8c84fa94-04c1-424b-9868-57a2d4851a1d" relativeResultsDirectory="c4378632-340e-4419-bff0-d0de5be75e08" />
    <UnitTestResult executionId="151712b8-5167-47a3-a920-7b5d94dd1e86" testId="68d5ac77-8a01-2c5b-b39e-09c8ff141dcb" testName="GetVisualStudioAccountAdapterSettings_VerifyExpectedSettings" computerName="TFSBUILD11" duration="00:00:00.0133003" startTime="2015-09-28T09:43:32.2499610-07:00" endTime="2015-09-28T09:43:32.2655868-07:00" testType="13cdc9d9-ddb5-4fa4-a97d-d965ccfc6d4b" outcome="Passed" testListId="8c84fa94-04c1-424b-9868-57a2d4851a1d" relativeResultsDirectory="151712b8-5167-47a3-a920-7b5d94dd1e86" />
    <UnitTestResult executionId="7537d639-aff2-43b2-a826-4ec4500ea3b9" testId="163da1ac-42f2-cd3f-7e7b-0d279fc43986" testName="GetVisualStudioTrialAdapterSettings_VerifyExpectedSettings" computerName="TFSBUILD11" duration="00:00:00.0187619" startTime="2015-09-28T09:43:32.2655868-07:00" endTime="2015-09-28T09:43:32.2812132-07:00" testType="13cdc9d9-ddb5-4fa4-a97d-d965ccfc6d4b" outcome="Passed" testListId="8c84fa94-04c1-424b-9868-57a2d4851a1d" relativeResultsDirectory="7537d639-aff2-43b2-a826-4ec4500ea3b9" />
  </Results>
  <TestDefinitions>
    <UnitTest name="AccountEntitlementProcessor_Constructor_ThrowsWhenAccountRequestContextNull" storage="d:\v2.0\a1\_work\dbded102\bin\release.anycpu\sps.service\ms.vs.services.licensing.l0.tests\ms.vs.services.licensing.l0.tests.dll" id="b2e24c9d-73ff-b3d0-d877-1e9372848f41">
      <Execution id="2db2c2f9-ddb0-4316-b978-da68356813ff" />
      <TestMethod codeBase="D:\v2.0\A1\_work\dbded102\bin\Release.AnyCPU\Sps.Service\MS.VS.Services.Licensing.L0.Tests\MS.VS.Services.Licensing.L0.Tests.dll" adapterTypeName="Microsoft.VisualStudio.TestTools.TestTypes.Unit.UnitTestAdapter" className="MS.VS.Services.Licensing.L0.Tests.AccountEntitlementProcessorTests" name="AccountEntitlementProcessor_Constructor_ThrowsWhenAccountRequestContextNull" />
    </UnitTest>
    <UnitTest name="AccountEntitlementProcessor_Constructor_ThrowsWhenAccountRequestContextIsNotAccount" storage="d:\v2.0\a1\_work\dbded102\bin\release.anycpu\sps.service\ms.vs.services.licensing.l0.tests\ms.vs.services.licensing.l0.tests.dll" id="9f671690-06bb-936a-536d-57f286d50497">
      <Execution id="357d3afa-9459-4242-8966-aaae5ab1f787" />
      <TestMethod codeBase="D:\v2.0\A1\_work\dbded102\bin\Release.AnyCPU\Sps.Service\MS.VS.Services.Licensing.L0.Tests\MS.VS.Services.Licensing.L0.Tests.dll" adapterTypeName="Microsoft.VisualStudio.TestTools.TestTypes.Unit.UnitTestAdapter" className="MS.VS.Services.Licensing.L0.Tests.AccountEntitlementProcessorTests" name="AccountEntitlementProcessor_Constructor_ThrowsWhenAccountRequestContextIsNotAccount" />
    </UnitTest>
    <UnitTest name="AccountEntitlementProcessor_Constructor_GetServiceCallsUseCorrectContext" storage="d:\v2.0\a1\_work\dbded102\bin\release.anycpu\sps.service\ms.vs.services.licensing.l0.tests\ms.vs.services.licensing.l0.tests.dll" id="11b2362d-25ff-fc6b-6859-2ab4ffb9ea47">
      <Execution id="d03a775f-4976-49ba-9604-8132a3113220" />
      <TestMethod codeBase="D:\v2.0\A1\_work\dbded102\bin\Release.AnyCPU\Sps.Service\MS.VS.Services.Licensing.L0.Tests\MS.VS.Services.Licensing.L0.Tests.dll" adapterTypeName="Microsoft.VisualStudio.TestTools.TestTypes.Unit.UnitTestAdapter" className="MS.VS.Services.Licensing.L0.Tests.AccountEntitlementProcessorTests" name="AccountEntitlementProcessor_Constructor_GetServiceCallsUseCorrectContext" />
    </UnitTest>
    <UnitTest name="AccountEntitlementProcessor_Reconcile_Downgrade6ExpressTo5ExpressWithAlreadyDisabledUser_HasNoChanges" storage="d:\v2.0\a1\_work\dbded102\bin\release.anycpu\sps.service\ms.vs.services.licensing.l0.tests\ms.vs.services.licensing.l0.tests.dll" id="ac62c82e-20e7-8453-fcc6-fd68c2831a46">
      <Execution id="0dd63c7d-2a79-4e8d-a9a5-224894a53a2b" />
      <TestMethod codeBase="D:\v2.0\A1\_work\dbded102\bin\Release.AnyCPU\Sps.Service\MS.VS.Services.Licensing.L0.Tests\MS.VS.Services.Licensing.L0.Tests.dll" adapterTypeName="Microsoft.VisualStudio.TestTools.TestTypes.Unit.UnitTestAdapter" className="MS.VS.Services.Licensing.L0.Tests.AccountEntitlementProcessorTests" name="AccountEntitlementProcessor_Reconcile_Downgrade6ExpressTo5ExpressWithAlreadyDisabledUser_HasNoChanges" />
    </UnitTest>
    <UnitTest name="AccountEntitlementProcessor_Reconcile_Downgrade6ExpressTo5Express_NonAccountOwnerIsDisabled" storage="d:\v2.0\a1\_work\dbded102\bin\release.anycpu\sps.service\ms.vs.services.licensing.l0.tests\ms.vs.services.licensing.l0.tests.dll" id="b9627f2a-d16a-3a48-6e4c-b1ac48270c63">
      <Execution id="9a326c88-4919-4355-be3b-dcbe2c2c69a7" />
      <TestMethod codeBase="D:\v2.0\A1\_work\dbded102\bin\Release.AnyCPU\Sps.Service\MS.VS.Services.Licensing.L0.Tests\MS.VS.Services.Licensing.L0.Tests.dll" adapterTypeName="Microsoft.VisualStudio.TestTools.TestTypes.Unit.UnitTestAdapter" className="MS.VS.Services.Licensing.L0.Tests.AccountEntitlementProcessorTests" name="AccountEntitlementProcessor_Reconcile_Downgrade6ExpressTo5Express_NonAccountOwnerIsDisabled" />
    </UnitTest>
    <UnitTest name="AccountEntitlementProcessor_Reconcile_Downgrade5Express1AdvancedTo5Express_NonAccountOwnerDisabled" storage="d:\v2.0\a1\_work\dbded102\bin\release.anycpu\sps.service\ms.vs.services.licensing.l0.tests\ms.vs.services.licensing.l0.tests.dll" id="c8d0d9b8-1890-dfab-7411-9000e35f8730">
      <Execution id="267904ba-7a4b-4c93-9812-de816295d53b" />
      <TestMethod codeBase="D:\v2.0\A1\_work\dbded102\bin\Release.AnyCPU\Sps.Service\MS.VS.Services.Licensing.L0.Tests\MS.VS.Services.Licensing.L0.Tests.dll" adapterTypeName="Microsoft.VisualStudio.TestTools.TestTypes.Unit.UnitTestAdapter" className="MS.VS.Services.Licensing.L0.Tests.AccountEntitlementProcessorTests" name="AccountEntitlementProcessor_Reconcile_Downgrade5Express1AdvancedTo5Express_NonAccountOwnerDisabled" />
    </UnitTest>
    <UnitTest name="AccountEntitlementProcessor_Reconcile_Downgrade5Express1AdvancedTo5Express_PendingNonAccountOwnerDisabled" storage="d:\v2.0\a1\_work\dbded102\bin\release.anycpu\sps.service\ms.vs.services.licensing.l0.tests\ms.vs.services.licensing.l0.tests.dll" id="f4dc455d-de5e-4ea0-fc9e-e8668931adbd">
      <Execution id="ac40df68-b977-46ca-ad02-c80bfbfb4721" />
      <TestMethod codeBase="D:\v2.0\A1\_work\dbded102\bin\Release.AnyCPU\Sps.Service\MS.VS.Services.Licensing.L0.Tests\MS.VS.Services.Licensing.L0.Tests.dll" adapterTypeName="Microsoft.VisualStudio.TestTools.TestTypes.Unit.UnitTestAdapter" className="MS.VS.Services.Licensing.L0.Tests.AccountEntitlementProcessorTests" name="AccountEntitlementProcessor_Reconcile_Downgrade5Express1AdvancedTo5Express_PendingNonAccountOwnerDisabled" />
    </UnitTest>
    <UnitTest name="AccountEntitlementProcessor_Reconcile_DowngradeAccountOwnerWithAdvancedToExpress_NonAccountOwnerIsDisabled_AccountOwnerReassigned" storage="d:\v2.0\a1\_work\dbded102\bin\release.anycpu\sps.service\ms.vs.services.licensing.l0.tests\ms.vs.services.licensing.l0.tests.dll" id="5d69b123-7638-7600-eeec-3bf518904555">
      <Execution id="6d17d7fc-2536-4515-b9c2-9dd6eb1c71d8" />
      <TestMethod codeBase="D:\v2.0\A1\_work\dbded102\bin\Release.AnyCPU\Sps.Service\MS.VS.Services.Licensing.L0.Tests\MS.VS.Services.Licensing.L0.Tests.dll" adapterTypeName="Microsoft.VisualStudio.TestTools.TestTypes.Unit.UnitTestAdapter" className="MS.VS.Services.Licensing.L0.Tests.AccountEntitlementProcessorTests" name="AccountEntitlementProcessor_Reconcile_DowngradeAccountOwnerWithAdvancedToExpress_NonAccountOwnerIsDisabled_AccountOwnerReassigned" />
    </UnitTest>
    <UnitTest name="AccountEntitlementProcessor_Reconcile_DowngradeAccountOwnerWithAdvancedToProfessional_AccountOwnerIsReassignedToProfessional" storage="d:\v2.0\a1\_work\dbded102\bin\release.anycpu\sps.service\ms.vs.services.licensing.l0.tests\ms.vs.services.licensing.l0.tests.dll" id="1b46c71e-fa20-352a-b310-942f81430eec">
      <Execution id="513ad8eb-9461-4eea-af80-54c908d41e8b" />
      <TestMethod codeBase="D:\v2.0\A1\_work\dbded102\bin\Release.AnyCPU\Sps.Service\MS.VS.Services.Licensing.L0.Tests\MS.VS.Services.Licensing.L0.Tests.dll" adapterTypeName="Microsoft.VisualStudio.TestTools.TestTypes.Unit.UnitTestAdapter" className="MS.VS.Services.Licensing.L0.Tests.AccountEntitlementProcessorTests" name="AccountEntitlementProcessor_Reconcile_DowngradeAccountOwnerWithAdvancedToProfessional_AccountOwnerIsReassignedToProfessional" />
    </UnitTest>
    <UnitTest name="AccountEntitlementProcessor_Reconcile_RehydrateAccountNoChangeToAccountOwner_DisabledUserIsReEnabled" storage="d:\v2.0\a1\_work\dbded102\bin\release.anycpu\sps.service\ms.vs.services.licensing.l0.tests\ms.vs.services.licensing.l0.tests.dll" id="5ea82ae1-8946-b4a5-b1af-368512540215">
      <Execution id="b67c95c1-0ebe-417e-98e7-c2c5858ab117" />
      <TestMethod codeBase="D:\v2.0\A1\_work\dbded102\bin\Release.AnyCPU\Sps.Service\MS.VS.Services.Licensing.L0.Tests\MS.VS.Services.Licensing.L0.Tests.dll" adapterTypeName="Microsoft.VisualStudio.TestTools.TestTypes.Unit.UnitTestAdapter" className="MS.VS.Services.Licensing.L0.Tests.AccountEntitlementProcessorTests" name="AccountEntitlementProcessor_Reconcile_RehydrateAccountNoChangeToAccountOwner_DisabledUserIsReEnabled" />
    </UnitTest>
    <UnitTest name="AccountEntitlementProcessor_Reconcile_RehydrateAccountNoChangeToAccountOwner_PendingDisabledUserIsReEnabled" storage="d:\v2.0\a1\_work\dbded102\bin\release.anycpu\sps.service\ms.vs.services.licensing.l0.tests\ms.vs.services.licensing.l0.tests.dll" id="d65c178b-65d9-9259-18f4-3a95c339f4e8">
      <Execution id="d5983ffa-9a87-4d1d-bf29-4fb14d82828a" />
      <TestMethod codeBase="D:\v2.0\A1\_work\dbded102\bin\Release.AnyCPU\Sps.Service\MS.VS.Services.Licensing.L0.Tests\MS.VS.Services.Licensing.L0.Tests.dll" adapterTypeName="Microsoft.VisualStudio.TestTools.TestTypes.Unit.UnitTestAdapter" className="MS.VS.Services.Licensing.L0.Tests.AccountEntitlementProcessorTests" name="AccountEntitlementProcessor_Reconcile_RehydrateAccountNoChangeToAccountOwner_PendingDisabledUserIsReEnabled" />
    </UnitTest>
    <UnitTest name="AccountEntitlementProcessor_Reconcile_RehydrateAccount_AccountOwnerTakesOverNewLicense" storage="d:\v2.0\a1\_work\dbded102\bin\release.anycpu\sps.service\ms.vs.services.licensing.l0.tests\ms.vs.services.licensing.l0.tests.dll" id="d3025566-4c27-a5a9-226e-a69bb9e39473">
      <Execution id="eb621245-302e-4625-a14d-2c5d05025413" />
      <TestMethod codeBase="D:\v2.0\A1\_work\dbded102\bin\Release.AnyCPU\Sps.Service\MS.VS.Services.Licensing.L0.Tests\MS.VS.Services.Licensing.L0.Tests.dll" adapterTypeName="Microsoft.VisualStudio.TestTools.TestTypes.Unit.UnitTestAdapter" className="MS.VS.Services.Licensing.L0.Tests.AccountEntitlementProcessorTests" name="AccountEntitlementProcessor_Reconcile_RehydrateAccount_AccountOwnerTakesOverNewLicense" />
    </UnitTest>
    <UnitTest name="AccountEntitlementProcessor_Reconcile_NoChangeWhenAccountInvalid" storage="d:\v2.0\a1\_work\dbded102\bin\release.anycpu\sps.service\ms.vs.services.licensing.l0.tests\ms.vs.services.licensing.l0.tests.dll" id="365ad5be-2d8b-0933-54ce-e0baa00741bf">
      <Execution id="35ee73ab-7bbc-4787-af56-69adbf7c6b56" />
      <TestMethod codeBase="D:\v2.0\A1\_work\dbded102\bin\Release.AnyCPU\Sps.Service\MS.VS.Services.Licensing.L0.Tests\MS.VS.Services.Licensing.L0.Tests.dll" adapterTypeName="Microsoft.VisualStudio.TestTools.TestTypes.Unit.UnitTestAdapter" className="MS.VS.Services.Licensing.L0.Tests.AccountEntitlementProcessorTests" name="AccountEntitlementProcessor_Reconcile_NoChangeWhenAccountInvalid" />
    </UnitTest>
    <UnitTest name="AccountEntitlementProcessor_AssignAvailable_UnassignedPendingAssignsLicense" storage="d:\v2.0\a1\_work\dbded102\bin\release.anycpu\sps.service\ms.vs.services.licensing.l0.tests\ms.vs.services.licensing.l0.tests.dll" id="febf3739-e6aa-2dae-655c-33629048dcb5">
      <Execution id="d499bb25-3b90-4f0b-8649-2a483fb22d89" />
      <TestMethod codeBase="D:\v2.0\A1\_work\dbded102\bin\Release.AnyCPU\Sps.Service\MS.VS.Services.Licensing.L0.Tests\MS.VS.Services.Licensing.L0.Tests.dll" adapterTypeName="Microsoft.VisualStudio.TestTools.TestTypes.Unit.UnitTestAdapter" className="MS.VS.Services.Licensing.L0.Tests.AccountEntitlementProcessorTests" name="AccountEntitlementProcessor_AssignAvailable_UnassignedPendingAssignsLicense" />
    </UnitTest>
    <UnitTest name="AccountEntitlementProcessor_AssignAvailable_UnassignedDisabledAssignsLicenseAndEnables" storage="d:\v2.0\a1\_work\dbded102\bin\release.anycpu\sps.service\ms.vs.services.licensing.l0.tests\ms.vs.services.licensing.l0.tests.dll" id="1f54e210-4aad-0194-4dcb-c4ac8f4acbdf">
      <Execution id="b367956c-0eff-4922-8a7b-fb95086f8134" />
      <TestMethod codeBase="D:\v2.0\A1\_work\dbded102\bin\Release.AnyCPU\Sps.Service\MS.VS.Services.Licensing.L0.Tests\MS.VS.Services.Licensing.L0.Tests.dll" adapterTypeName="Microsoft.VisualStudio.TestTools.TestTypes.Unit.UnitTestAdapter" className="MS.VS.Services.Licensing.L0.Tests.AccountEntitlementProcessorTests" name="AccountEntitlementProcessor_AssignAvailable_UnassignedDisabledAssignsLicenseAndEnables" />
    </UnitTest>
    <UnitTest name="AccountEntitlementProcessor_AssignAvailable_AssignedActiveDoesNothing" storage="d:\v2.0\a1\_work\dbded102\bin\release.anycpu\sps.service\ms.vs.services.licensing.l0.tests\ms.vs.services.licensing.l0.tests.dll" id="5b6a501c-a59e-3c6a-b07b-ad467b7088b0">
      <Execution id="e44b0334-1f9a-43ec-8945-2699179beb78" />
      <TestMethod codeBase="D:\v2.0\A1\_work\dbded102\bin\Release.AnyCPU\Sps.Service\MS.VS.Services.Licensing.L0.Tests\MS.VS.Services.Licensing.L0.Tests.dll" adapterTypeName="Microsoft.VisualStudio.TestTools.TestTypes.Unit.UnitTestAdapter" className="MS.VS.Services.Licensing.L0.Tests.AccountEntitlementProcessorTests" name="AccountEntitlementProcessor_AssignAvailable_AssignedActiveDoesNothing" />
    </UnitTest>
    <UnitTest name="AccountEntitlementProcessor_AssignAvailable_AssignedDisabledEnablesUser" storage="d:\v2.0\a1\_work\dbded102\bin\release.anycpu\sps.service\ms.vs.services.licensing.l0.tests\ms.vs.services.licensing.l0.tests.dll" id="29915276-da42-4701-9ef4-406bc3f870c5">
      <Execution id="c1707feb-0a37-4ccd-abac-1ebc3d3d03f6" />
      <TestMethod codeBase="D:\v2.0\A1\_work\dbded102\bin\Release.AnyCPU\Sps.Service\MS.VS.Services.Licensing.L0.Tests\MS.VS.Services.Licensing.L0.Tests.dll" adapterTypeName="Microsoft.VisualStudio.TestTools.TestTypes.Unit.UnitTestAdapter" className="MS.VS.Services.Licensing.L0.Tests.AccountEntitlementProcessorTests" name="AccountEntitlementProcessor_AssignAvailable_AssignedDisabledEnablesUser" />
    </UnitTest>
    <UnitTest name="AccountEntitlementProcessor_AssignAvailable_AccountOwnerAssigned" storage="d:\v2.0\a1\_work\dbded102\bin\release.anycpu\sps.service\ms.vs.services.licensing.l0.tests\ms.vs.services.licensing.l0.tests.dll" id="d77ced81-53f9-6a61-1e66-81fedd5061aa">
      <Execution id="662f5faf-a73e-4cdc-9266-dfdd2e593f83" />
      <TestMethod codeBase="D:\v2.0\A1\_work\dbded102\bin\Release.AnyCPU\Sps.Service\MS.VS.Services.Licensing.L0.Tests\MS.VS.Services.Licensing.L0.Tests.dll" adapterTypeName="Microsoft.VisualStudio.TestTools.TestTypes.Unit.UnitTestAdapter" className="MS.VS.Services.Licensing.L0.Tests.AccountEntitlementProcessorTests" name="AccountEntitlementProcessor_AssignAvailable_AccountOwnerAssigned" />
    </UnitTest>
    <UnitTest name="AccountEntitlementProcessor_AssignAvailable_AccountOwnerAssignedWithMsdnLicense" storage="d:\v2.0\a1\_work\dbded102\bin\release.anycpu\sps.service\ms.vs.services.licensing.l0.tests\ms.vs.services.licensing.l0.tests.dll" id="0a09080f-cf35-28f2-9a37-b209ba4b564f">
      <Execution id="063c8067-bd74-4b17-8d0e-5d0848bd3b9c" />
      <TestMethod codeBase="D:\v2.0\A1\_work\dbded102\bin\Release.AnyCPU\Sps.Service\MS.VS.Services.Licensing.L0.Tests\MS.VS.Services.Licensing.L0.Tests.dll" adapterTypeName="Microsoft.VisualStudio.TestTools.TestTypes.Unit.UnitTestAdapter" className="MS.VS.Services.Licensing.L0.Tests.AccountEntitlementProcessorTests" name="AccountEntitlementProcessor_AssignAvailable_AccountOwnerAssignedWithMsdnLicense" />
    </UnitTest>
    <UnitTest name="AccountEntitlementProcessor_AssignAvailable_AccountOwnerAssignedDisablesLastUser" storage="d:\v2.0\a1\_work\dbded102\bin\release.anycpu\sps.service\ms.vs.services.licensing.l0.tests\ms.vs.services.licensing.l0.tests.dll" id="073b26dd-e621-6c15-747b-48db3ebb78be">
      <Execution id="90bcfba1-a4b3-480e-8f8e-1c27cf810e1b" />
      <TestMethod codeBase="D:\v2.0\A1\_work\dbded102\bin\Release.AnyCPU\Sps.Service\MS.VS.Services.Licensing.L0.Tests\MS.VS.Services.Licensing.L0.Tests.dll" adapterTypeName="Microsoft.VisualStudio.TestTools.TestTypes.Unit.UnitTestAdapter" className="MS.VS.Services.Licensing.L0.Tests.AccountEntitlementProcessorTests" name="AccountEntitlementProcessor_AssignAvailable_AccountOwnerAssignedDisablesLastUser" />
    </UnitTest>
    <UnitTest name="AccountEntitlementProcessor_AssignAvailable_NoChangeWhenAccountInvalid" storage="d:\v2.0\a1\_work\dbded102\bin\release.anycpu\sps.service\ms.vs.services.licensing.l0.tests\ms.vs.services.licensing.l0.tests.dll" id="6316bbff-29ec-ab4c-d875-157279723728">
      <Execution id="362177e4-598a-46f5-a9a5-43f7603bb19f" />
      <TestMethod codeBase="D:\v2.0\A1\_work\dbded102\bin\Release.AnyCPU\Sps.Service\MS.VS.Services.Licensing.L0.Tests\MS.VS.Services.Licensing.L0.Tests.dll" adapterTypeName="Microsoft.VisualStudio.TestTools.TestTypes.Unit.UnitTestAdapter" className="MS.VS.Services.Licensing.L0.Tests.AccountEntitlementProcessorTests" name="AccountEntitlementProcessor_AssignAvailable_NoChangeWhenAccountInvalid" />
    </UnitTest>
    <UnitTest name="AccountEntitlementProcessor_Assign_UnassignedPendingAssignsLicense" storage="d:\v2.0\a1\_work\dbded102\bin\release.anycpu\sps.service\ms.vs.services.licensing.l0.tests\ms.vs.services.licensing.l0.tests.dll" id="0c6c8af5-2470-7a00-5842-488eb6474735">
      <Execution id="c0262027-b210-4550-8eec-99c3b95f1c69" />
      <TestMethod codeBase="D:\v2.0\A1\_work\dbded102\bin\Release.AnyCPU\Sps.Service\MS.VS.Services.Licensing.L0.Tests\MS.VS.Services.Licensing.L0.Tests.dll" adapterTypeName="Microsoft.VisualStudio.TestTools.TestTypes.Unit.UnitTestAdapter" className="MS.VS.Services.Licensing.L0.Tests.AccountEntitlementProcessorTests" name="AccountEntitlementProcessor_Assign_UnassignedPendingAssignsLicense" />
    </UnitTest>
    <UnitTest name="AccountEntitlementProcessor_Assign_UnassignedDisabledAssignsLicenseAndEnables" storage="d:\v2.0\a1\_work\dbded102\bin\release.anycpu\sps.service\ms.vs.services.licensing.l0.tests\ms.vs.services.licensing.l0.tests.dll" id="44456b41-a45e-5259-114f-908d492e736c">
      <Execution id="30e356bc-f608-4fc7-9f9e-e3f5a7e91803" />
      <TestMethod codeBase="D:\v2.0\A1\_work\dbded102\bin\Release.AnyCPU\Sps.Service\MS.VS.Services.Licensing.L0.Tests\MS.VS.Services.Licensing.L0.Tests.dll" adapterTypeName="Microsoft.VisualStudio.TestTools.TestTypes.Unit.UnitTestAdapter" className="MS.VS.Services.Licensing.L0.Tests.AccountEntitlementProcessorTests" name="AccountEntitlementProcessor_Assign_UnassignedDisabledAssignsLicenseAndEnables" />
    </UnitTest>
    <UnitTest name="AccountEntitlementProcessor_Assign_AssignedActiveDoesNothing" storage="d:\v2.0\a1\_work\dbded102\bin\release.anycpu\sps.service\ms.vs.services.licensing.l0.tests\ms.vs.services.licensing.l0.tests.dll" id="34097c4c-e17d-51c3-12fd-6b90f264f351">
      <Execution id="1e7375bb-b9b8-4540-a50d-af9d990a9e6d" />
      <TestMethod codeBase="D:\v2.0\A1\_work\dbded102\bin\Release.AnyCPU\Sps.Service\MS.VS.Services.Licensing.L0.Tests\MS.VS.Services.Licensing.L0.Tests.dll" adapterTypeName="Microsoft.VisualStudio.TestTools.TestTypes.Unit.UnitTestAdapter" className="MS.VS.Services.Licensing.L0.Tests.AccountEntitlementProcessorTests" name="AccountEntitlementProcessor_Assign_AssignedActiveDoesNothing" />
    </UnitTest>
    <UnitTest name="AccountEntitlementProcessor_Assign_AssignedDisabledEnablesUser" storage="d:\v2.0\a1\_work\dbded102\bin\release.anycpu\sps.service\ms.vs.services.licensing.l0.tests\ms.vs.services.licensing.l0.tests.dll" id="2fddf385-00dd-f181-3e73-26e7f3c78629">
      <Execution id="9967f7be-9283-45c8-8fe6-ea6c57872b55" />
      <TestMethod codeBase="D:\v2.0\A1\_work\dbded102\bin\Release.AnyCPU\Sps.Service\MS.VS.Services.Licensing.L0.Tests\MS.VS.Services.Licensing.L0.Tests.dll" adapterTypeName="Microsoft.VisualStudio.TestTools.TestTypes.Unit.UnitTestAdapter" className="MS.VS.Services.Licensing.L0.Tests.AccountEntitlementProcessorTests" name="AccountEntitlementProcessor_Assign_AssignedDisabledEnablesUser" />
    </UnitTest>
    <UnitTest name="AccountEntitlementProcessor_Assign_AccountOwnerAssigned" storage="d:\v2.0\a1\_work\dbded102\bin\release.anycpu\sps.service\ms.vs.services.licensing.l0.tests\ms.vs.services.licensing.l0.tests.dll" id="09ab51f3-21e8-f9f9-2a73-cc7a5420a5dc">
      <Execution id="af14964d-6ff5-4c40-876e-d18a1957c43f" />
      <TestMethod codeBase="D:\v2.0\A1\_work\dbded102\bin\Release.AnyCPU\Sps.Service\MS.VS.Services.Licensing.L0.Tests\MS.VS.Services.Licensing.L0.Tests.dll" adapterTypeName="Microsoft.VisualStudio.TestTools.TestTypes.Unit.UnitTestAdapter" className="MS.VS.Services.Licensing.L0.Tests.AccountEntitlementProcessorTests" name="AccountEntitlementProcessor_Assign_AccountOwnerAssigned" />
    </UnitTest>
    <UnitTest name="AccountEntitlementProcessor_Assign_AccountOwnerWhenNoRoomIsNotAssigned" storage="d:\v2.0\a1\_work\dbded102\bin\release.anycpu\sps.service\ms.vs.services.licensing.l0.tests\ms.vs.services.licensing.l0.tests.dll" id="39c4d1b9-dc27-6a7c-ffe0-613cc4b09c92">
      <Execution id="6a0fa0f3-a27c-449a-881d-d187c65e3028" />
      <TestMethod codeBase="D:\v2.0\A1\_work\dbded102\bin\Release.AnyCPU\Sps.Service\MS.VS.Services.Licensing.L0.Tests\MS.VS.Services.Licensing.L0.Tests.dll" adapterTypeName="Microsoft.VisualStudio.TestTools.TestTypes.Unit.UnitTestAdapter" className="MS.VS.Services.Licensing.L0.Tests.AccountEntitlementProcessorTests" name="AccountEntitlementProcessor_Assign_AccountOwnerWhenNoRoomIsNotAssigned" />
    </UnitTest>
    <UnitTest name="AccountEntitlementProcessor_Assign_AccountOwnerEarlyAdopterNotModified" storage="d:\v2.0\a1\_work\dbded102\bin\release.anycpu\sps.service\ms.vs.services.licensing.l0.tests\ms.vs.services.licensing.l0.tests.dll" id="83053536-8a5d-a52c-f3ba-8b698148ae0f">
      <Execution id="6e098cbc-bdbe-4ef5-941b-577727d6d7f9" />
      <TestMethod codeBase="D:\v2.0\A1\_work\dbded102\bin\Release.AnyCPU\Sps.Service\MS.VS.Services.Licensing.L0.Tests\MS.VS.Services.Licensing.L0.Tests.dll" adapterTypeName="Microsoft.VisualStudio.TestTools.TestTypes.Unit.UnitTestAdapter" className="MS.VS.Services.Licensing.L0.Tests.AccountEntitlementProcessorTests" name="AccountEntitlementProcessor_Assign_AccountOwnerEarlyAdopterNotModified" />
    </UnitTest>
    <UnitTest name="AccountEntitlementProcessor_Assign_NonAccountOwnerEarlyAdopterNotModified" storage="d:\v2.0\a1\_work\dbded102\bin\release.anycpu\sps.service\ms.vs.services.licensing.l0.tests\ms.vs.services.licensing.l0.tests.dll" id="d718f28e-6f36-0a29-71af-e64046558fc5">
      <Execution id="222b88ad-2133-4720-a8a4-a005f5cf46a2" />
      <TestMethod codeBase="D:\v2.0\A1\_work\dbded102\bin\Release.AnyCPU\Sps.Service\MS.VS.Services.Licensing.L0.Tests\MS.VS.Services.Licensing.L0.Tests.dll" adapterTypeName="Microsoft.VisualStudio.TestTools.TestTypes.Unit.UnitTestAdapter" className="MS.VS.Services.Licensing.L0.Tests.AccountEntitlementProcessorTests" name="AccountEntitlementProcessor_Assign_NonAccountOwnerEarlyAdopterNotModified" />
    </UnitTest>
    <UnitTest name="AccountEntitlementProcessor_Assign_NoChangeWhenAccountInvalid" storage="d:\v2.0\a1\_work\dbded102\bin\release.anycpu\sps.service\ms.vs.services.licensing.l0.tests\ms.vs.services.licensing.l0.tests.dll" id="15a4b244-1228-1de9-7d02-17851e982736">
      <Execution id="32c2e68f-eb6a-497e-9fde-1d55da20081b" />
      <TestMethod codeBase="D:\v2.0\A1\_work\dbded102\bin\Release.AnyCPU\Sps.Service\MS.VS.Services.Licensing.L0.Tests\MS.VS.Services.Licensing.L0.Tests.dll" adapterTypeName="Microsoft.VisualStudio.TestTools.TestTypes.Unit.UnitTestAdapter" className="MS.VS.Services.Licensing.L0.Tests.AccountEntitlementProcessorTests" name="AccountEntitlementProcessor_Assign_NoChangeWhenAccountInvalid" />
    </UnitTest>
    <UnitTest name="AccountEntitlementProcessor_Assign_DoesNotThrowNullReferenceWhenUserIsMissing" storage="d:\v2.0\a1\_work\dbded102\bin\release.anycpu\sps.service\ms.vs.services.licensing.l0.tests\ms.vs.services.licensing.l0.tests.dll" id="614f158e-372f-bd9f-6219-6f31c5826511">
      <Execution id="71a34a62-16da-4b7f-b409-71244849e442" />
      <TestMethod codeBase="D:\v2.0\A1\_work\dbded102\bin\Release.AnyCPU\Sps.Service\MS.VS.Services.Licensing.L0.Tests\MS.VS.Services.Licensing.L0.Tests.dll" adapterTypeName="Microsoft.VisualStudio.TestTools.TestTypes.Unit.UnitTestAdapter" className="MS.VS.Services.Licensing.L0.Tests.AccountEntitlementProcessorTests" name="AccountEntitlementProcessor_Assign_DoesNotThrowNullReferenceWhenUserIsMissing" />
    </UnitTest>
    <UnitTest name="EnsureLicenseAccountEventSubscriber_ProcessEvent_ForCreate_CallsAssignAvailable" storage="d:\v2.0\a1\_work\dbded102\bin\release.anycpu\sps.service\ms.vs.services.licensing.l0.tests\ms.vs.services.licensing.l0.tests.dll" id="a8ced472-6d79-d61f-5963-c27bf35d0a0d">
      <Execution id="a11ea51c-7b82-464a-b61e-0062b258b00a" />
      <TestMethod codeBase="D:\v2.0\A1\_work\dbded102\bin\Release.AnyCPU\Sps.Service\MS.VS.Services.Licensing.L0.Tests\MS.VS.Services.Licensing.L0.Tests.dll" adapterTypeName="Microsoft.VisualStudio.TestTools.TestTypes.Unit.UnitTestAdapter" className="MS.VS.Services.Licensing.L0.Tests.EnsureLicenseAccountEventSubscriberTests" name="EnsureLicenseAccountEventSubscriber_ProcessEvent_ForCreate_CallsAssignAvailable" />
    </UnitTest>
    <UnitTest name="EnsureLicenseAccountEventSubscriber_ProcessEvent_ForPrecreate_DoesNotCallAssignAvailable" storage="d:\v2.0\a1\_work\dbded102\bin\release.anycpu\sps.service\ms.vs.services.licensing.l0.tests\ms.vs.services.licensing.l0.tests.dll" id="4f3d34cd-e364-754f-44d8-3df93c2f7874">
      <Execution id="87668fd0-8ade-445c-bd8a-946204864446" />
      <TestMethod codeBase="D:\v2.0\A1\_work\dbded102\bin\Release.AnyCPU\Sps.Service\MS.VS.Services.Licensing.L0.Tests\MS.VS.Services.Licensing.L0.Tests.dll" adapterTypeName="Microsoft.VisualStudio.TestTools.TestTypes.Unit.UnitTestAdapter" className="MS.VS.Services.Licensing.L0.Tests.EnsureLicenseAccountEventSubscriberTests" name="EnsureLicenseAccountEventSubscriber_ProcessEvent_ForPrecreate_DoesNotCallAssignAvailable" />
    </UnitTest>
    <UnitTest name="EnsureLicenseAccountEventSubscriber_ProcessEvent_ForAssign_CallsAssignAvailable" storage="d:\v2.0\a1\_work\dbded102\bin\release.anycpu\sps.service\ms.vs.services.licensing.l0.tests\ms.vs.services.licensing.l0.tests.dll" id="0e56c391-82c0-4bc2-9452-01c00a631632">
      <Execution id="8bce2bba-8400-4623-ab4b-209bf86294d0" />
      <TestMethod codeBase="D:\v2.0\A1\_work\dbded102\bin\Release.AnyCPU\Sps.Service\MS.VS.Services.Licensing.L0.Tests\MS.VS.Services.Licensing.L0.Tests.dll" adapterTypeName="Microsoft.VisualStudio.TestTools.TestTypes.Unit.UnitTestAdapter" className="MS.VS.Services.Licensing.L0.Tests.EnsureLicenseAccountEventSubscriberTests" name="EnsureLicenseAccountEventSubscriber_ProcessEvent_ForAssign_CallsAssignAvailable" />
    </UnitTest>
    <UnitTest name="EnsureLicenseAccountEventSubscriber_ProcessEvent_ForRenameNoAssign_DoesNotCallAssignAvailable" storage="d:\v2.0\a1\_work\dbded102\bin\release.anycpu\sps.service\ms.vs.services.licensing.l0.tests\ms.vs.services.licensing.l0.tests.dll" id="7ef81200-42cc-672a-d6d4-bc8abb2da41b">
      <Execution id="6409c245-d7f2-4668-ba61-5f39eee2f0d9" />
      <TestMethod codeBase="D:\v2.0\A1\_work\dbded102\bin\Release.AnyCPU\Sps.Service\MS.VS.Services.Licensing.L0.Tests\MS.VS.Services.Licensing.L0.Tests.dll" adapterTypeName="Microsoft.VisualStudio.TestTools.TestTypes.Unit.UnitTestAdapter" className="MS.VS.Services.Licensing.L0.Tests.EnsureLicenseAccountEventSubscriberTests" name="EnsureLicenseAccountEventSubscriber_ProcessEvent_ForRenameNoAssign_DoesNotCallAssignAvailable" />
    </UnitTest>
    <UnitTest name="AccountEntitlementChangedEventSubscriber_ProcessEvent_ForAssignedEntitlement" storage="d:\v2.0\a1\_work\dbded102\bin\release.anycpu\sps.service\ms.vs.services.licensing.l0.tests\ms.vs.services.licensing.l0.tests.dll" id="c8d20601-2115-c0d8-497f-58708ffd408f">
      <Execution id="8b2d6c00-6644-4840-b4bb-4257dc180665" />
      <TestMethod codeBase="D:\v2.0\A1\_work\dbded102\bin\Release.AnyCPU\Sps.Service\MS.VS.Services.Licensing.L0.Tests\MS.VS.Services.Licensing.L0.Tests.dll" adapterTypeName="Microsoft.VisualStudio.TestTools.TestTypes.Unit.UnitTestAdapter" className="MS.VS.Services.Licensing.L0.Tests.AccountEntitlementChangedEventSubscriberTests" name="AccountEntitlementChangedEventSubscriber_ProcessEvent_ForAssignedEntitlement" />
    </UnitTest>
    <UnitTest name="AccountEntitlementChangedEventSubscriber_ProcessEvent_ForUpdatedEntitlement" storage="d:\v2.0\a1\_work\dbded102\bin\release.anycpu\sps.service\ms.vs.services.licensing.l0.tests\ms.vs.services.licensing.l0.tests.dll" id="c3388923-690f-1579-d290-6a2d72898775">
      <Execution id="325120e2-7398-4479-9317-8e0998bbc0c7" />
      <TestMethod codeBase="D:\v2.0\A1\_work\dbded102\bin\Release.AnyCPU\Sps.Service\MS.VS.Services.Licensing.L0.Tests\MS.VS.Services.Licensing.L0.Tests.dll" adapterTypeName="Microsoft.VisualStudio.TestTools.TestTypes.Unit.UnitTestAdapter" className="MS.VS.Services.Licensing.L0.Tests.AccountEntitlementChangedEventSubscriberTests" name="AccountEntitlementChangedEventSubscriber_ProcessEvent_ForUpdatedEntitlement" />
    </UnitTest>
    <UnitTest name="AccountEntitlementChangedEventSubscriber_ProcessEvent_ForRemovedEntitlement" storage="d:\v2.0\a1\_work\dbded102\bin\release.anycpu\sps.service\ms.vs.services.licensing.l0.tests\ms.vs.services.licensing.l0.tests.dll" id="bbf6b12e-6856-c64b-9297-0ba07d515f6b">
      <Execution id="20187764-1522-4ee1-bb01-1415bd93eeca" />
      <TestMethod codeBase="D:\v2.0\A1\_work\dbded102\bin\Release.AnyCPU\Sps.Service\MS.VS.Services.Licensing.L0.Tests\MS.VS.Services.Licensing.L0.Tests.dll" adapterTypeName="Microsoft.VisualStudio.TestTools.TestTypes.Unit.UnitTestAdapter" className="MS.VS.Services.Licensing.L0.Tests.AccountEntitlementChangedEventSubscriberTests" name="AccountEntitlementChangedEventSubscriber_ProcessEvent_ForRemovedEntitlement" />
    </UnitTest>
    <UnitTest name="AccountRightsChangedEventSubscriber_ProcessEvent_WithDecisionPointNotification" storage="d:\v2.0\a1\_work\dbded102\bin\release.anycpu\sps.service\ms.vs.services.licensing.l0.tests\ms.vs.services.licensing.l0.tests.dll" id="7715ae6a-d6f6-38e3-0190-6b9ff1585f5c">
      <Execution id="3e3648b1-e083-4931-a71d-4289708d61f3" />
      <TestMethod codeBase="D:\v2.0\A1\_work\dbded102\bin\Release.AnyCPU\Sps.Service\MS.VS.Services.Licensing.L0.Tests\MS.VS.Services.Licensing.L0.Tests.dll" adapterTypeName="Microsoft.VisualStudio.TestTools.TestTypes.Unit.UnitTestAdapter" className="MS.VS.Services.Licensing.L0.Tests.AccountRightsChangedEventSubscriberTests" name="AccountRightsChangedEventSubscriber_ProcessEvent_WithDecisionPointNotification" />
    </UnitTest>
    <UnitTest name="AccountRightsChangedEventSubscriber_ProcessEvent_WithNotification" storage="d:\v2.0\a1\_work\dbded102\bin\release.anycpu\sps.service\ms.vs.services.licensing.l0.tests\ms.vs.services.licensing.l0.tests.dll" id="1fce20f0-5285-c7b6-6320-4698e340c379">
      <Execution id="ada61335-fb1c-478c-9f34-bfd6a35627a2" />
      <TestMethod codeBase="D:\v2.0\A1\_work\dbded102\bin\Release.AnyCPU\Sps.Service\MS.VS.Services.Licensing.L0.Tests\MS.VS.Services.Licensing.L0.Tests.dll" adapterTypeName="Microsoft.VisualStudio.TestTools.TestTypes.Unit.UnitTestAdapter" className="MS.VS.Services.Licensing.L0.Tests.AccountRightsChangedEventSubscriberTests" name="AccountRightsChangedEventSubscriber_ProcessEvent_WithNotification" />
    </UnitTest>
    <UnitTest name="AccountUserRemovedEventSubscriber_ProcessEvent_ForAdded" storage="d:\v2.0\a1\_work\dbded102\bin\release.anycpu\sps.service\ms.vs.services.licensing.l0.tests\ms.vs.services.licensing.l0.tests.dll" id="a34626d9-8cfb-ed45-f8d9-453fe3837d43">
      <Execution id="a1b96c18-66e9-464b-b20d-940f65827dff" />
      <TestMethod codeBase="D:\v2.0\A1\_work\dbded102\bin\Release.AnyCPU\Sps.Service\MS.VS.Services.Licensing.L0.Tests\MS.VS.Services.Licensing.L0.Tests.dll" adapterTypeName="Microsoft.VisualStudio.TestTools.TestTypes.Unit.UnitTestAdapter" className="MS.VS.Services.Licensing.L0.Tests.AccountUserRemovedEventSubscriberTests" name="AccountUserRemovedEventSubscriber_ProcessEvent_ForAdded" />
    </UnitTest>
    <UnitTest name="AccountUserRemovedEventSubscriber_ProcessEvent_ForUpdated" storage="d:\v2.0\a1\_work\dbded102\bin\release.anycpu\sps.service\ms.vs.services.licensing.l0.tests\ms.vs.services.licensing.l0.tests.dll" id="11d883f3-5175-3b72-9542-d731161aceba">
      <Execution id="14739c62-fcb3-4f8d-85f2-0a19e04d9a96" />
      <TestMethod codeBase="D:\v2.0\A1\_work\dbded102\bin\Release.AnyCPU\Sps.Service\MS.VS.Services.Licensing.L0.Tests\MS.VS.Services.Licensing.L0.Tests.dll" adapterTypeName="Microsoft.VisualStudio.TestTools.TestTypes.Unit.UnitTestAdapter" className="MS.VS.Services.Licensing.L0.Tests.AccountUserRemovedEventSubscriberTests" name="AccountUserRemovedEventSubscriber_ProcessEvent_ForUpdated" />
    </UnitTest>
    <UnitTest name="AccountUserRemovedEventSubscriber_ProcessEvent_ForRemoved" storage="d:\v2.0\a1\_work\dbded102\bin\release.anycpu\sps.service\ms.vs.services.licensing.l0.tests\ms.vs.services.licensing.l0.tests.dll" id="d79a5656-4bc4-ff79-954d-5edc9f2baa3b">
      <Execution id="ec9e1a55-5afd-4856-93e1-d08f55864bc5" />
      <TestMethod codeBase="D:\v2.0\A1\_work\dbded102\bin\Release.AnyCPU\Sps.Service\MS.VS.Services.Licensing.L0.Tests\MS.VS.Services.Licensing.L0.Tests.dll" adapterTypeName="Microsoft.VisualStudio.TestTools.TestTypes.Unit.UnitTestAdapter" className="MS.VS.Services.Licensing.L0.Tests.AccountUserRemovedEventSubscriberTests" name="AccountUserRemovedEventSubscriber_ProcessEvent_ForRemoved" />
    </UnitTest>
    <UnitTest name="GetEntitlements_ReturnsJsonContent" storage="d:\v2.0\a1\_work\dbded102\bin\release.anycpu\sps.service\ms.vs.services.licensing.l0.tests\ms.vs.services.licensing.l0.tests.dll" id="f2faa77d-cae2-1b9e-ca15-6f1d2e3ab4fd">
      <Execution id="3cbfac6c-ea26-4b94-804d-f19da18aefd2" />
      <TestMethod codeBase="D:\v2.0\A1\_work\dbded102\bin\Release.AnyCPU\Sps.Service\MS.VS.Services.Licensing.L0.Tests\MS.VS.Services.Licensing.L0.Tests.dll" adapterTypeName="Microsoft.VisualStudio.TestTools.TestTypes.Unit.UnitTestAdapter" className="MS.VS.Services.Licensing.L0.Tests.Controller.Msdn" name="GetEntitlements_ReturnsJsonContent" />
    </UnitTest>
    <UnitTest name="GetEntitlements_ReturnsHTTP_OK_WhenReturnedEntitlementsAreAnEmptyList" storage="d:\v2.0\a1\_work\dbded102\bin\release.anycpu\sps.service\ms.vs.services.licensing.l0.tests\ms.vs.services.licensing.l0.tests.dll" id="94d51d2e-1050-0a93-8110-3e49707c154f">
      <Execution id="5f1d5489-369b-453c-9f30-4b392600aec8" />
      <TestMethod codeBase="D:\v2.0\A1\_work\dbded102\bin\Release.AnyCPU\Sps.Service\MS.VS.Services.Licensing.L0.Tests\MS.VS.Services.Licensing.L0.Tests.dll" adapterTypeName="Microsoft.VisualStudio.TestTools.TestTypes.Unit.UnitTestAdapter" className="MS.VS.Services.Licensing.L0.Tests.Controller.Msdn" name="GetEntitlements_ReturnsHTTP_OK_WhenReturnedEntitlementsAreAnEmptyList" />
    </UnitTest>
    <UnitTest name="GetEntitlements_ReturnsHTTP_OK_WhenAllEntitlementsAreFound" storage="d:\v2.0\a1\_work\dbded102\bin\release.anycpu\sps.service\ms.vs.services.licensing.l0.tests\ms.vs.services.licensing.l0.tests.dll" id="2f0e89ba-fc0b-cdb9-5cde-e49d147b72f4">
      <Execution id="f64ef51b-8943-45fa-945b-d135dfe689ce" />
      <TestMethod codeBase="D:\v2.0\A1\_work\dbded102\bin\Release.AnyCPU\Sps.Service\MS.VS.Services.Licensing.L0.Tests\MS.VS.Services.Licensing.L0.Tests.dll" adapterTypeName="Microsoft.VisualStudio.TestTools.TestTypes.Unit.UnitTestAdapter" className="MS.VS.Services.Licensing.L0.Tests.Controller.Msdn" name="GetEntitlements_ReturnsHTTP_OK_WhenAllEntitlementsAreFound" />
    </UnitTest>
    <UnitTest name="GetEntitlements_ReturnsHTTP_NotFound_WhenFeatureIsDisabled" storage="d:\v2.0\a1\_work\dbded102\bin\release.anycpu\sps.service\ms.vs.services.licensing.l0.tests\ms.vs.services.licensing.l0.tests.dll" id="5022aa35-9954-9196-5727-98f88164a412">
      <Execution id="0890c26b-a69d-47cb-a65d-53410ab0808f" />
      <TestMethod codeBase="D:\v2.0\A1\_work\dbded102\bin\Release.AnyCPU\Sps.Service\MS.VS.Services.Licensing.L0.Tests\MS.VS.Services.Licensing.L0.Tests.dll" adapterTypeName="Microsoft.VisualStudio.TestTools.TestTypes.Unit.UnitTestAdapter" className="MS.VS.Services.Licensing.L0.Tests.Controller.Msdn" name="GetEntitlements_ReturnsHTTP_NotFound_WhenFeatureIsDisabled" />
    </UnitTest>
    <UnitTest name="GetEntitlements_ReturnsHTTP_ServiceUnavailable_WhenExceptionIsThrownFromTheLicensingService" storage="d:\v2.0\a1\_work\dbded102\bin\release.anycpu\sps.service\ms.vs.services.licensing.l0.tests\ms.vs.services.licensing.l0.tests.dll" id="33e73ff2-3b15-f7e0-d727-bddd54321bcb">
      <Execution id="7378bb7c-1de5-494e-b943-4c9ca9163b36" />
      <TestMethod codeBase="D:\v2.0\A1\_work\dbded102\bin\Release.AnyCPU\Sps.Service\MS.VS.Services.Licensing.L0.Tests\MS.VS.Services.Licensing.L0.Tests.dll" adapterTypeName="Microsoft.VisualStudio.TestTools.TestTypes.Unit.UnitTestAdapter" className="MS.VS.Services.Licensing.L0.Tests.Controller.Msdn" name="GetEntitlements_ReturnsHTTP_ServiceUnavailable_WhenExceptionIsThrownFromTheLicensingService" />
    </UnitTest>
    <UnitTest name="GetCertificate_ReturnsByteContent" storage="d:\v2.0\a1\_work\dbded102\bin\release.anycpu\sps.service\ms.vs.services.licensing.l0.tests\ms.vs.services.licensing.l0.tests.dll" id="04fa00df-cae5-7755-fb7c-ec65692fa814">
      <Execution id="a702ea8b-6433-42c7-a626-89dd2d561f62" />
      <TestMethod codeBase="D:\v2.0\A1\_work\dbded102\bin\Release.AnyCPU\Sps.Service\MS.VS.Services.Licensing.L0.Tests\MS.VS.Services.Licensing.L0.Tests.dll" adapterTypeName="Microsoft.VisualStudio.TestTools.TestTypes.Unit.UnitTestAdapter" className="MS.TF.Test.VisualStudioServices.Licensing.GetCertificate" name="GetCertificate_ReturnsByteContent" />
    </UnitTest>
    <UnitTest name="GetCertificate_ReturnsHTTP_OK" storage="d:\v2.0\a1\_work\dbded102\bin\release.anycpu\sps.service\ms.vs.services.licensing.l0.tests\ms.vs.services.licensing.l0.tests.dll" id="1fb790dc-2b01-a2a9-6b55-741d51287198">
      <Execution id="07e731c1-4182-4332-bf1c-c9c6d3268623" />
      <TestMethod codeBase="D:\v2.0\A1\_work\dbded102\bin\Release.AnyCPU\Sps.Service\MS.VS.Services.Licensing.L0.Tests\MS.VS.Services.Licensing.L0.Tests.dll" adapterTypeName="Microsoft.VisualStudio.TestTools.TestTypes.Unit.UnitTestAdapter" className="MS.TF.Test.VisualStudioServices.Licensing.GetCertificate" name="GetCertificate_ReturnsHTTP_OK" />
    </UnitTest>
    <UnitTest name="GetClientRights_GeneratesQueryContext" storage="d:\v2.0\a1\_work\dbded102\bin\release.anycpu\sps.service\ms.vs.services.licensing.l0.tests\ms.vs.services.licensing.l0.tests.dll" id="dde49555-20c7-363b-638d-1c81655c03b7">
      <Execution id="e612aab9-cfed-49d4-b5e1-7b0605ebea7d" />
      <TestMethod codeBase="D:\v2.0\A1\_work\dbded102\bin\Release.AnyCPU\Sps.Service\MS.VS.Services.Licensing.L0.Tests\MS.VS.Services.Licensing.L0.Tests.dll" adapterTypeName="Microsoft.VisualStudio.TestTools.TestTypes.Unit.UnitTestAdapter" className="MS.TF.Test.VisualStudioServices.Licensing.GetClientRights" name="GetClientRights_GeneratesQueryContext" />
    </UnitTest>
    <UnitTest name="GetClientRights_GeneratesQueryContext_WithSplitMachineId" storage="d:\v2.0\a1\_work\dbded102\bin\release.anycpu\sps.service\ms.vs.services.licensing.l0.tests\ms.vs.services.licensing.l0.tests.dll" id="baf5053a-e8b7-be02-d4bd-641d0b5ea643">
      <Execution id="cfe8b0cc-04b8-4039-a0b0-b9c116d8d52f" />
      <TestMethod codeBase="D:\v2.0\A1\_work\dbded102\bin\Release.AnyCPU\Sps.Service\MS.VS.Services.Licensing.L0.Tests\MS.VS.Services.Licensing.L0.Tests.dll" adapterTypeName="Microsoft.VisualStudio.TestTools.TestTypes.Unit.UnitTestAdapter" className="MS.TF.Test.VisualStudioServices.Licensing.GetClientRights" name="GetClientRights_GeneratesQueryContext_WithSplitMachineId" />
    </UnitTest>
    <UnitTest name="GetClientRights_GeneratesTelemetryContext_NoApplicableTelemetryParameters" storage="d:\v2.0\a1\_work\dbded102\bin\release.anycpu\sps.service\ms.vs.services.licensing.l0.tests\ms.vs.services.licensing.l0.tests.dll" id="d0ee1eda-3d6f-6f14-2081-de0a89ea0d30">
      <Execution id="d44dfb94-dead-4ca4-b1db-703630930746" />
      <TestMethod codeBase="D:\v2.0\A1\_work\dbded102\bin\Release.AnyCPU\Sps.Service\MS.VS.Services.Licensing.L0.Tests\MS.VS.Services.Licensing.L0.Tests.dll" adapterTypeName="Microsoft.VisualStudio.TestTools.TestTypes.Unit.UnitTestAdapter" className="MS.TF.Test.VisualStudioServices.Licensing.GetClientRights" name="GetClientRights_GeneratesTelemetryContext_NoApplicableTelemetryParameters" />
    </UnitTest>
    <UnitTest name="GetClientRights_GeneratesTelemetryContext_TelemetryParameterNameAcceptsOnlyAlphaChars" storage="d:\v2.0\a1\_work\dbded102\bin\release.anycpu\sps.service\ms.vs.services.licensing.l0.tests\ms.vs.services.licensing.l0.tests.dll" id="8d6c1793-2ebe-6b26-e0c4-5e935fdb1d33">
      <Execution id="04f014c1-0aa7-45d2-9788-b4582d2cb5ad" />
      <TestMethod codeBase="D:\v2.0\A1\_work\dbded102\bin\Release.AnyCPU\Sps.Service\MS.VS.Services.Licensing.L0.Tests\MS.VS.Services.Licensing.L0.Tests.dll" adapterTypeName="Microsoft.VisualStudio.TestTools.TestTypes.Unit.UnitTestAdapter" className="MS.TF.Test.VisualStudioServices.Licensing.GetClientRights" name="GetClientRights_GeneratesTelemetryContext_TelemetryParameterNameAcceptsOnlyAlphaChars" />
    </UnitTest>
    <UnitTest name="GetClientRights_GeneratesTelemetryContext_TelemetryParameterNameIsMax100Chars" storage="d:\v2.0\a1\_work\dbded102\bin\release.anycpu\sps.service\ms.vs.services.licensing.l0.tests\ms.vs.services.licensing.l0.tests.dll" id="a678f7b6-503b-4b82-d38c-850876017048">
      <Execution id="816d40de-a203-4023-b451-0c688ba55f1f" />
      <TestMethod codeBase="D:\v2.0\A1\_work\dbded102\bin\Release.AnyCPU\Sps.Service\MS.VS.Services.Licensing.L0.Tests\MS.VS.Services.Licensing.L0.Tests.dll" adapterTypeName="Microsoft.VisualStudio.TestTools.TestTypes.Unit.UnitTestAdapter" className="MS.TF.Test.VisualStudioServices.Licensing.GetClientRights" name="GetClientRights_GeneratesTelemetryContext_TelemetryParameterNameIsMax100Chars" />
    </UnitTest>
    <UnitTest name="GetClientRights_GeneratesTelemetryContext_TelemetryParameterValueIsMax1000Chars" storage="d:\v2.0\a1\_work\dbded102\bin\release.anycpu\sps.service\ms.vs.services.licensing.l0.tests\ms.vs.services.licensing.l0.tests.dll" id="452ef22c-20d8-2b6e-256f-30ed5a9c215c">
      <Execution id="4151b538-dac7-4900-a6be-3878e9a23fba" />
      <TestMethod codeBase="D:\v2.0\A1\_work\dbded102\bin\Release.AnyCPU\Sps.Service\MS.VS.Services.Licensing.L0.Tests\MS.VS.Services.Licensing.L0.Tests.dll" adapterTypeName="Microsoft.VisualStudio.TestTools.TestTypes.Unit.UnitTestAdapter" className="MS.TF.Test.VisualStudioServices.Licensing.GetClientRights" name="GetClientRights_GeneratesTelemetryContext_TelemetryParameterValueIsMax1000Chars" />
    </UnitTest>
    <UnitTest name="GetClientRights_GeneratesTelemetryContext_WithSplitMachineId" storage="d:\v2.0\a1\_work\dbded102\bin\release.anycpu\sps.service\ms.vs.services.licensing.l0.tests\ms.vs.services.licensing.l0.tests.dll" id="66d7431d-b582-aa0a-a730-6892179da67a">
      <Execution id="68cc87aa-9974-4821-908c-bb49dad576ae" />
      <TestMethod codeBase="D:\v2.0\A1\_work\dbded102\bin\Release.AnyCPU\Sps.Service\MS.VS.Services.Licensing.L0.Tests\MS.VS.Services.Licensing.L0.Tests.dll" adapterTypeName="Microsoft.VisualStudio.TestTools.TestTypes.Unit.UnitTestAdapter" className="MS.TF.Test.VisualStudioServices.Licensing.GetClientRights" name="GetClientRights_GeneratesTelemetryContext_WithSplitMachineId" />
    </UnitTest>
    <UnitTest name="GetClientRights_GeneratesTelemetryContext_WithParameters" storage="d:\v2.0\a1\_work\dbded102\bin\release.anycpu\sps.service\ms.vs.services.licensing.l0.tests\ms.vs.services.licensing.l0.tests.dll" id="77e0c7e9-4680-7716-3f13-7f5169fcf775">
      <Execution id="b9429865-65f5-46ab-a5ec-bc5988a815eb" />
      <TestMethod codeBase="D:\v2.0\A1\_work\dbded102\bin\Release.AnyCPU\Sps.Service\MS.VS.Services.Licensing.L0.Tests\MS.VS.Services.Licensing.L0.Tests.dll" adapterTypeName="Microsoft.VisualStudio.TestTools.TestTypes.Unit.UnitTestAdapter" className="MS.TF.Test.VisualStudioServices.Licensing.GetClientRights" name="GetClientRights_GeneratesTelemetryContext_WithParameters" />
    </UnitTest>
    <UnitTest name="GetClientRights_GeneratesTelemetryContext_WithMax100Items" storage="d:\v2.0\a1\_work\dbded102\bin\release.anycpu\sps.service\ms.vs.services.licensing.l0.tests\ms.vs.services.licensing.l0.tests.dll" id="b80f8a42-1b8c-d5c2-c685-91833ad9b645">
      <Execution id="441eb54e-d6b5-4af2-87d1-afb59b681a1d" />
      <TestMethod codeBase="D:\v2.0\A1\_work\dbded102\bin\Release.AnyCPU\Sps.Service\MS.VS.Services.Licensing.L0.Tests\MS.VS.Services.Licensing.L0.Tests.dll" adapterTypeName="Microsoft.VisualStudio.TestTools.TestTypes.Unit.UnitTestAdapter" className="MS.TF.Test.VisualStudioServices.Licensing.GetClientRights" name="GetClientRights_GeneratesTelemetryContext_WithMax100Items" />
    </UnitTest>
    <UnitTest name="GetClientRights_ReturnsJsonContent" storage="d:\v2.0\a1\_work\dbded102\bin\release.anycpu\sps.service\ms.vs.services.licensing.l0.tests\ms.vs.services.licensing.l0.tests.dll" id="bfb46776-2fa5-4711-c2eb-c706195b61f4">
      <Execution id="f00fc561-22fb-4e4c-9b41-b7c9db8b6e1a" />
      <TestMethod codeBase="D:\v2.0\A1\_work\dbded102\bin\Release.AnyCPU\Sps.Service\MS.VS.Services.Licensing.L0.Tests\MS.VS.Services.Licensing.L0.Tests.dll" adapterTypeName="Microsoft.VisualStudio.TestTools.TestTypes.Unit.UnitTestAdapter" className="MS.TF.Test.VisualStudioServices.Licensing.GetClientRights" name="GetClientRights_ReturnsJsonContent" />
    </UnitTest>
    <UnitTest name="GetClientRights_ReturnsHTTP_OK_WhenReturnedClientRightsToken" storage="d:\v2.0\a1\_work\dbded102\bin\release.anycpu\sps.service\ms.vs.services.licensing.l0.tests\ms.vs.services.licensing.l0.tests.dll" id="0fe6a781-1e30-ccdf-d47f-e5926de2cd9b">
      <Execution id="e30b9717-9d22-45f4-bada-ce54459a4611" />
      <TestMethod codeBase="D:\v2.0\A1\_work\dbded102\bin\Release.AnyCPU\Sps.Service\MS.VS.Services.Licensing.L0.Tests\MS.VS.Services.Licensing.L0.Tests.dll" adapterTypeName="Microsoft.VisualStudio.TestTools.TestTypes.Unit.UnitTestAdapter" className="MS.TF.Test.VisualStudioServices.Licensing.GetClientRights" name="GetClientRights_ReturnsHTTP_OK_WhenReturnedClientRightsToken" />
    </UnitTest>
    <UnitTest name="GetServiceRights_ReturnsJsonContent" storage="d:\v2.0\a1\_work\dbded102\bin\release.anycpu\sps.service\ms.vs.services.licensing.l0.tests\ms.vs.services.licensing.l0.tests.dll" id="35502e15-9c35-927b-e4bc-951cf107c47a">
      <Execution id="47123ac3-5da0-4293-a0b8-cfe7a284d0b4" />
      <TestMethod codeBase="D:\v2.0\A1\_work\dbded102\bin\Release.AnyCPU\Sps.Service\MS.VS.Services.Licensing.L0.Tests\MS.VS.Services.Licensing.L0.Tests.dll" adapterTypeName="Microsoft.VisualStudio.TestTools.TestTypes.Unit.UnitTestAdapter" className="MS.TF.Test.VisualStudioServices.Licensing.GetServiceRights" name="GetServiceRights_ReturnsJsonContent" />
    </UnitTest>
    <UnitTest name="GetServiceRights_ReturnsHTTP_OK_WhenAllRightsAreFound" storage="d:\v2.0\a1\_work\dbded102\bin\release.anycpu\sps.service\ms.vs.services.licensing.l0.tests\ms.vs.services.licensing.l0.tests.dll" id="bf512c35-70ca-2daa-0938-db9ee8da9e02">
      <Execution id="b76850ec-1327-4372-8a4c-be87c36b43e0" />
      <TestMethod codeBase="D:\v2.0\A1\_work\dbded102\bin\Release.AnyCPU\Sps.Service\MS.VS.Services.Licensing.L0.Tests\MS.VS.Services.Licensing.L0.Tests.dll" adapterTypeName="Microsoft.VisualStudio.TestTools.TestTypes.Unit.UnitTestAdapter" className="MS.TF.Test.VisualStudioServices.Licensing.GetServiceRights" name="GetServiceRights_ReturnsHTTP_OK_WhenAllRightsAreFound" />
    </UnitTest>
    <UnitTest name="GetServiceRights_ReturnsHTTP_OK_WhenRightsAreFound" storage="d:\v2.0\a1\_work\dbded102\bin\release.anycpu\sps.service\ms.vs.services.licensing.l0.tests\ms.vs.services.licensing.l0.tests.dll" id="ad79a7ee-6c15-ce6a-32e5-71e1023036b5">
      <Execution id="8bc5e0e4-7234-4611-98c4-6252956ded0f" />
      <TestMethod codeBase="D:\v2.0\A1\_work\dbded102\bin\Release.AnyCPU\Sps.Service\MS.VS.Services.Licensing.L0.Tests\MS.VS.Services.Licensing.L0.Tests.dll" adapterTypeName="Microsoft.VisualStudio.TestTools.TestTypes.Unit.UnitTestAdapter" className="MS.TF.Test.VisualStudioServices.Licensing.GetServiceRights" name="GetServiceRights_ReturnsHTTP_OK_WhenRightsAreFound" />
    </UnitTest>
    <UnitTest name="GetServiceRights_ReturnsHTTP_OK_WhenReturnedRightsAreAnEmptyList" storage="d:\v2.0\a1\_work\dbded102\bin\release.anycpu\sps.service\ms.vs.services.licensing.l0.tests\ms.vs.services.licensing.l0.tests.dll" id="46881f50-3f03-9362-6484-63266deef3a4">
      <Execution id="af18f346-d5d4-4b55-b1d4-db32f883a5c7" />
      <TestMethod codeBase="D:\v2.0\A1\_work\dbded102\bin\Release.AnyCPU\Sps.Service\MS.VS.Services.Licensing.L0.Tests\MS.VS.Services.Licensing.L0.Tests.dll" adapterTypeName="Microsoft.VisualStudio.TestTools.TestTypes.Unit.UnitTestAdapter" className="MS.TF.Test.VisualStudioServices.Licensing.GetServiceRights" name="GetServiceRights_ReturnsHTTP_OK_WhenReturnedRightsAreAnEmptyList" />
    </UnitTest>
    <UnitTest name="GetServiceRights_ReturnsHTTP_OK_WhenReturnedRightsIsNull" storage="d:\v2.0\a1\_work\dbded102\bin\release.anycpu\sps.service\ms.vs.services.licensing.l0.tests\ms.vs.services.licensing.l0.tests.dll" id="c2629215-26c1-2b90-c599-c5271c9927a6">
      <Execution id="feb28cb2-67eb-4a03-a785-9b3d9e065a72" />
      <TestMethod codeBase="D:\v2.0\A1\_work\dbded102\bin\Release.AnyCPU\Sps.Service\MS.VS.Services.Licensing.L0.Tests\MS.VS.Services.Licensing.L0.Tests.dll" adapterTypeName="Microsoft.VisualStudio.TestTools.TestTypes.Unit.UnitTestAdapter" className="MS.TF.Test.VisualStudioServices.Licensing.GetServiceRights" name="GetServiceRights_ReturnsHTTP_OK_WhenReturnedRightsIsNull" />
    </UnitTest>
    <UnitTest name="GetAccountLicensesUsageRights_ReturnsJsonContent" storage="d:\v2.0\a1\_work\dbded102\bin\release.anycpu\sps.service\ms.vs.services.licensing.l0.tests\ms.vs.services.licensing.l0.tests.dll" id="8afe3738-8725-e525-a950-3c3030a1f36b">
      <Execution id="bfecbcf8-5a33-4d67-9371-bc802b0654eb" />
      <TestMethod codeBase="D:\v2.0\A1\_work\dbded102\bin\Release.AnyCPU\Sps.Service\MS.VS.Services.Licensing.L0.Tests\MS.VS.Services.Licensing.L0.Tests.dll" adapterTypeName="Microsoft.VisualStudio.TestTools.TestTypes.Unit.UnitTestAdapter" className="MS.TF.Test.VisualStudioServices.Licensing.GetAccountLicensesUsageRights" name="GetAccountLicensesUsageRights_ReturnsJsonContent" />
    </UnitTest>
    <UnitTest name="GetAccountLicensesUsageRights_ReturnsHTTP_OK_WhenAllUsagesAreFound" storage="d:\v2.0\a1\_work\dbded102\bin\release.anycpu\sps.service\ms.vs.services.licensing.l0.tests\ms.vs.services.licensing.l0.tests.dll" id="5a4c49e0-15d1-fcfc-5cf8-3993731a9176">
      <Execution id="691e0500-a3e3-43bf-8864-309aa7b13d13" />
      <TestMethod codeBase="D:\v2.0\A1\_work\dbded102\bin\Release.AnyCPU\Sps.Service\MS.VS.Services.Licensing.L0.Tests\MS.VS.Services.Licensing.L0.Tests.dll" adapterTypeName="Microsoft.VisualStudio.TestTools.TestTypes.Unit.UnitTestAdapter" className="MS.TF.Test.VisualStudioServices.Licensing.GetAccountLicensesUsageRights" name="GetAccountLicensesUsageRights_ReturnsHTTP_OK_WhenAllUsagesAreFound" />
    </UnitTest>
    <UnitTest name="GetAccountLicensesUsageRights_ReturnsHTTP_OK_WhenReturnedUsagesAreAnEmptyList" storage="d:\v2.0\a1\_work\dbded102\bin\release.anycpu\sps.service\ms.vs.services.licensing.l0.tests\ms.vs.services.licensing.l0.tests.dll" id="af00ae9a-4f4f-ccb1-dda4-bc56ff9ac283">
      <Execution id="64f2dfd1-628c-43d3-b128-69f433cac868" />
      <TestMethod codeBase="D:\v2.0\A1\_work\dbded102\bin\Release.AnyCPU\Sps.Service\MS.VS.Services.Licensing.L0.Tests\MS.VS.Services.Licensing.L0.Tests.dll" adapterTypeName="Microsoft.VisualStudio.TestTools.TestTypes.Unit.UnitTestAdapter" className="MS.TF.Test.VisualStudioServices.Licensing.GetAccountLicensesUsageRights" name="GetAccountLicensesUsageRights_ReturnsHTTP_OK_WhenReturnedUsagesAreAnEmptyList" />
    </UnitTest>
    <UnitTest name="GetAccountLicensesUsageRights_ReturnsHTTP_OK_WhenReturnedUsagesIsNull" storage="d:\v2.0\a1\_work\dbded102\bin\release.anycpu\sps.service\ms.vs.services.licensing.l0.tests\ms.vs.services.licensing.l0.tests.dll" id="0b579150-3e5c-11f2-7164-090c114cc153">
      <Execution id="0010b9c1-9755-47aa-bf19-dc3664556a37" />
      <TestMethod codeBase="D:\v2.0\A1\_work\dbded102\bin\Release.AnyCPU\Sps.Service\MS.VS.Services.Licensing.L0.Tests\MS.VS.Services.Licensing.L0.Tests.dll" adapterTypeName="Microsoft.VisualStudio.TestTools.TestTypes.Unit.UnitTestAdapter" className="MS.TF.Test.VisualStudioServices.Licensing.GetAccountLicensesUsageRights" name="GetAccountLicensesUsageRights_ReturnsHTTP_OK_WhenReturnedUsagesIsNull" />
    </UnitTest>
    <UnitTest name="GetUsageRights_ReturnsJsonContent" storage="d:\v2.0\a1\_work\dbded102\bin\release.anycpu\sps.service\ms.vs.services.licensing.l0.tests\ms.vs.services.licensing.l0.tests.dll" id="221cbe8f-d846-a737-5e1a-b6fb4f294561">
      <Execution id="019cbc80-4aba-4a8f-a6bd-33f64258f545" />
      <TestMethod codeBase="D:\v2.0\A1\_work\dbded102\bin\Release.AnyCPU\Sps.Service\MS.VS.Services.Licensing.L0.Tests\MS.VS.Services.Licensing.L0.Tests.dll" adapterTypeName="Microsoft.VisualStudio.TestTools.TestTypes.Unit.UnitTestAdapter" className="MS.TF.Test.VisualStudioServices.Licensing.GetUsageRights" name="GetUsageRights_ReturnsJsonContent" />
    </UnitTest>
    <UnitTest name="GetUsageRights_ReturnsHTTP_OK_WhenAllRightsAreFound" storage="d:\v2.0\a1\_work\dbded102\bin\release.anycpu\sps.service\ms.vs.services.licensing.l0.tests\ms.vs.services.licensing.l0.tests.dll" id="14e6580c-ea79-7b3b-a7d4-053efce89b8c">
      <Execution id="7250771e-32c1-40bb-9746-d4dd2bb00ff8" />
      <TestMethod codeBase="D:\v2.0\A1\_work\dbded102\bin\Release.AnyCPU\Sps.Service\MS.VS.Services.Licensing.L0.Tests\MS.VS.Services.Licensing.L0.Tests.dll" adapterTypeName="Microsoft.VisualStudio.TestTools.TestTypes.Unit.UnitTestAdapter" className="MS.TF.Test.VisualStudioServices.Licensing.GetUsageRights" name="GetUsageRights_ReturnsHTTP_OK_WhenAllRightsAreFound" />
    </UnitTest>
    <UnitTest name="GetUsageRights_ReturnsHTTP_OK_WhenRightsAreFound" storage="d:\v2.0\a1\_work\dbded102\bin\release.anycpu\sps.service\ms.vs.services.licensing.l0.tests\ms.vs.services.licensing.l0.tests.dll" id="3bce5ff9-b3e2-e565-4252-9e6ec2c44c02">
      <Execution id="49df87ad-6b5e-4164-88cd-345afed3c0fa" />
      <TestMethod codeBase="D:\v2.0\A1\_work\dbded102\bin\Release.AnyCPU\Sps.Service\MS.VS.Services.Licensing.L0.Tests\MS.VS.Services.Licensing.L0.Tests.dll" adapterTypeName="Microsoft.VisualStudio.TestTools.TestTypes.Unit.UnitTestAdapter" className="MS.TF.Test.VisualStudioServices.Licensing.GetUsageRights" name="GetUsageRights_ReturnsHTTP_OK_WhenRightsAreFound" />
    </UnitTest>
    <UnitTest name="GetUsageRights_ReturnsHTTP_OK_WhenReturnedRightsAreAnEmptyList" storage="d:\v2.0\a1\_work\dbded102\bin\release.anycpu\sps.service\ms.vs.services.licensing.l0.tests\ms.vs.services.licensing.l0.tests.dll" id="341c3888-ddab-32c3-8e8d-1e7833e4c793">
      <Execution id="c0e411fb-6e8e-42c6-a012-f5ec8563572f" />
      <TestMethod codeBase="D:\v2.0\A1\_work\dbded102\bin\Release.AnyCPU\Sps.Service\MS.VS.Services.Licensing.L0.Tests\MS.VS.Services.Licensing.L0.Tests.dll" adapterTypeName="Microsoft.VisualStudio.TestTools.TestTypes.Unit.UnitTestAdapter" className="MS.TF.Test.VisualStudioServices.Licensing.GetUsageRights" name="GetUsageRights_ReturnsHTTP_OK_WhenReturnedRightsAreAnEmptyList" />
    </UnitTest>
    <UnitTest name="GetUsageRights_ReturnsHTTP_OK_WhenReturnedRightsIsNull" storage="d:\v2.0\a1\_work\dbded102\bin\release.anycpu\sps.service\ms.vs.services.licensing.l0.tests\ms.vs.services.licensing.l0.tests.dll" id="c7968aea-f39d-84f4-5000-e791fc4888fc">
      <Execution id="c2345a4b-a8d7-4ac5-9254-19de1033c6e4" />
      <TestMethod codeBase="D:\v2.0\A1\_work\dbded102\bin\Release.AnyCPU\Sps.Service\MS.VS.Services.Licensing.L0.Tests\MS.VS.Services.Licensing.L0.Tests.dll" adapterTypeName="Microsoft.VisualStudio.TestTools.TestTypes.Unit.UnitTestAdapter" className="MS.TF.Test.VisualStudioServices.Licensing.GetUsageRights" name="GetUsageRights_ReturnsHTTP_OK_WhenReturnedRightsIsNull" />
    </UnitTest>
    <UnitTest name="GetEntitlement_CallsComponentMethod_WithAccountRequestContext" storage="d:\v2.0\a1\_work\dbded102\bin\release.anycpu\sps.service\ms.vs.services.licensing.l0.tests\ms.vs.services.licensing.l0.tests.dll" id="6044a486-841c-d5b5-25ad-7d4b9546ffc3">
      <Execution id="cc8a3476-e215-4788-95c3-87e9c883be4e" />
      <TestMethod codeBase="D:\v2.0\A1\_work\dbded102\bin\Release.AnyCPU\Sps.Service\MS.VS.Services.Licensing.L0.Tests\MS.VS.Services.Licensing.L0.Tests.dll" adapterTypeName="Microsoft.VisualStudio.TestTools.TestTypes.Unit.UnitTestAdapter" className="MS.TF.Test.VisualStudioServices.Licensing.ApplicationRepositoryTests" name="GetEntitlement_CallsComponentMethod_WithAccountRequestContext" />
    </UnitTest>
    <UnitTest name="GetEntitlement_Throws_WhenDeploymentRequestContextIsPassed" storage="d:\v2.0\a1\_work\dbded102\bin\release.anycpu\sps.service\ms.vs.services.licensing.l0.tests\ms.vs.services.licensing.l0.tests.dll" id="c14b5cb4-219b-255e-de6e-30284cb0d37c">
      <Execution id="3acb104d-c78c-4196-b2f4-0db81be0809e" />
      <TestMethod codeBase="D:\v2.0\A1\_work\dbded102\bin\Release.AnyCPU\Sps.Service\MS.VS.Services.Licensing.L0.Tests\MS.VS.Services.Licensing.L0.Tests.dll" adapterTypeName="Microsoft.VisualStudio.TestTools.TestTypes.Unit.UnitTestAdapter" className="MS.TF.Test.VisualStudioServices.Licensing.ApplicationRepositoryTests" name="GetEntitlement_Throws_WhenDeploymentRequestContextIsPassed" />
    </UnitTest>
    <UnitTest name="GetEntitlements_CallsComponentMethod_WithAccountRequestContext" storage="d:\v2.0\a1\_work\dbded102\bin\release.anycpu\sps.service\ms.vs.services.licensing.l0.tests\ms.vs.services.licensing.l0.tests.dll" id="c3603cbb-f5fc-f47c-e087-bec12b714ffd">
      <Execution id="33776c1a-89cd-44e5-a8a3-84473d9a8454" />
      <TestMethod codeBase="D:\v2.0\A1\_work\dbded102\bin\Release.AnyCPU\Sps.Service\MS.VS.Services.Licensing.L0.Tests\MS.VS.Services.Licensing.L0.Tests.dll" adapterTypeName="Microsoft.VisualStudio.TestTools.TestTypes.Unit.UnitTestAdapter" className="MS.TF.Test.VisualStudioServices.Licensing.ApplicationRepositoryTests" name="GetEntitlements_CallsComponentMethod_WithAccountRequestContext" />
    </UnitTest>
    <UnitTest name="GetEntitlements_Throws_WhenDeploymentRequestContextIsPassed" storage="d:\v2.0\a1\_work\dbded102\bin\release.anycpu\sps.service\ms.vs.services.licensing.l0.tests\ms.vs.services.licensing.l0.tests.dll" id="429a0f12-8153-856b-cad0-9734fe2ecf3a">
      <Execution id="2adbc027-2f90-4859-90e8-7342372cc6ec" />
      <TestMethod codeBase="D:\v2.0\A1\_work\dbded102\bin\Release.AnyCPU\Sps.Service\MS.VS.Services.Licensing.L0.Tests\MS.VS.Services.Licensing.L0.Tests.dll" adapterTypeName="Microsoft.VisualStudio.TestTools.TestTypes.Unit.UnitTestAdapter" className="MS.TF.Test.VisualStudioServices.Licensing.ApplicationRepositoryTests" name="GetEntitlements_Throws_WhenDeploymentRequestContextIsPassed" />
    </UnitTest>
    <UnitTest name="GetEntitlements_ReturnsAnEmptyList_WhenComponentReturnsNull" storage="d:\v2.0\a1\_work\dbded102\bin\release.anycpu\sps.service\ms.vs.services.licensing.l0.tests\ms.vs.services.licensing.l0.tests.dll" id="d10b3044-0111-ac1e-0058-67ccc3e78875">
      <Execution id="e466e4a0-3429-4702-806e-966fcab159b0" />
      <TestMethod codeBase="D:\v2.0\A1\_work\dbded102\bin\Release.AnyCPU\Sps.Service\MS.VS.Services.Licensing.L0.Tests\MS.VS.Services.Licensing.L0.Tests.dll" adapterTypeName="Microsoft.VisualStudio.TestTools.TestTypes.Unit.UnitTestAdapter" className="MS.TF.Test.VisualStudioServices.Licensing.ApplicationRepositoryTests" name="GetEntitlements_ReturnsAnEmptyList_WhenComponentReturnsNull" />
    </UnitTest>
    <UnitTest name="DeleteEntitlement_Throws_WhenDeploymentRequestContextIsPassed" storage="d:\v2.0\a1\_work\dbded102\bin\release.anycpu\sps.service\ms.vs.services.licensing.l0.tests\ms.vs.services.licensing.l0.tests.dll" id="d5e2e1fc-e066-a620-1ea4-5999c2601d55">
      <Execution id="681e4994-85f1-4795-857a-bba26a1268f7" />
      <TestMethod codeBase="D:\v2.0\A1\_work\dbded102\bin\Release.AnyCPU\Sps.Service\MS.VS.Services.Licensing.L0.Tests\MS.VS.Services.Licensing.L0.Tests.dll" adapterTypeName="Microsoft.VisualStudio.TestTools.TestTypes.Unit.UnitTestAdapter" className="MS.TF.Test.VisualStudioServices.Licensing.ApplicationRepositoryTests" name="DeleteEntitlement_Throws_WhenDeploymentRequestContextIsPassed" />
    </UnitTest>
    <UnitTest name="DeleteEntitlement_CallsComponentMethod_WithAccountRequestContext" storage="d:\v2.0\a1\_work\dbded102\bin\release.anycpu\sps.service\ms.vs.services.licensing.l0.tests\ms.vs.services.licensing.l0.tests.dll" id="745615c9-43dc-6c35-00a8-44ac405a77b1">
      <Execution id="4e798ede-d68a-4002-8f2e-72661c87a8a1" />
      <TestMethod codeBase="D:\v2.0\A1\_work\dbded102\bin\Release.AnyCPU\Sps.Service\MS.VS.Services.Licensing.L0.Tests\MS.VS.Services.Licensing.L0.Tests.dll" adapterTypeName="Microsoft.VisualStudio.TestTools.TestTypes.Unit.UnitTestAdapter" className="MS.TF.Test.VisualStudioServices.Licensing.ApplicationRepositoryTests" name="DeleteEntitlement_CallsComponentMethod_WithAccountRequestContext" />
    </UnitTest>
    <UnitTest name="AssignEntitlement_Throws_WhenDeploymentRequestContextIsPassed" storage="d:\v2.0\a1\_work\dbded102\bin\release.anycpu\sps.service\ms.vs.services.licensing.l0.tests\ms.vs.services.licensing.l0.tests.dll" id="7ac999a6-de17-8dd7-1414-ca5cda8a2f13">
      <Execution id="185b923e-63b1-46dd-80fa-b234ff890bcb" />
      <TestMethod codeBase="D:\v2.0\A1\_work\dbded102\bin\Release.AnyCPU\Sps.Service\MS.VS.Services.Licensing.L0.Tests\MS.VS.Services.Licensing.L0.Tests.dll" adapterTypeName="Microsoft.VisualStudio.TestTools.TestTypes.Unit.UnitTestAdapter" className="MS.TF.Test.VisualStudioServices.Licensing.ApplicationRepositoryTests" name="AssignEntitlement_Throws_WhenDeploymentRequestContextIsPassed" />
    </UnitTest>
    <UnitTest name="AssignEntitlement_CallsComponentMethod_WithAccountRequestContext" storage="d:\v2.0\a1\_work\dbded102\bin\release.anycpu\sps.service\ms.vs.services.licensing.l0.tests\ms.vs.services.licensing.l0.tests.dll" id="2ef1f016-361e-d5af-04cc-fc17385d4d2c">
      <Execution id="4fe386b1-869e-4852-b081-80287aa860d0" />
      <TestMethod codeBase="D:\v2.0\A1\_work\dbded102\bin\Release.AnyCPU\Sps.Service\MS.VS.Services.Licensing.L0.Tests\MS.VS.Services.Licensing.L0.Tests.dll" adapterTypeName="Microsoft.VisualStudio.TestTools.TestTypes.Unit.UnitTestAdapter" className="MS.TF.Test.VisualStudioServices.Licensing.ApplicationRepositoryTests" name="AssignEntitlement_CallsComponentMethod_WithAccountRequestContext" />
    </UnitTest>
    <UnitTest name="GetLicensesCount_Throws_WhenDeploymentRequestContextIsPassed" storage="d:\v2.0\a1\_work\dbded102\bin\release.anycpu\sps.service\ms.vs.services.licensing.l0.tests\ms.vs.services.licensing.l0.tests.dll" id="01fb6908-427b-6cd5-5027-497c873fae77">
      <Execution id="4f4d9d9e-4a38-4ea6-a0a6-f9452b74545c" />
      <TestMethod codeBase="D:\v2.0\A1\_work\dbded102\bin\Release.AnyCPU\Sps.Service\MS.VS.Services.Licensing.L0.Tests\MS.VS.Services.Licensing.L0.Tests.dll" adapterTypeName="Microsoft.VisualStudio.TestTools.TestTypes.Unit.UnitTestAdapter" className="MS.TF.Test.VisualStudioServices.Licensing.ApplicationRepositoryTests" name="GetLicensesCount_Throws_WhenDeploymentRequestContextIsPassed" />
    </UnitTest>
    <UnitTest name="GetLicensesCount_CallsComponentMethod_WithAccountRequestContext" storage="d:\v2.0\a1\_work\dbded102\bin\release.anycpu\sps.service\ms.vs.services.licensing.l0.tests\ms.vs.services.licensing.l0.tests.dll" id="68a047b4-ef62-203b-c72c-58a9fea876d3">
      <Execution id="b1a28fb0-d857-4dfc-b602-37228ee65863" />
      <TestMethod codeBase="D:\v2.0\A1\_work\dbded102\bin\Release.AnyCPU\Sps.Service\MS.VS.Services.Licensing.L0.Tests\MS.VS.Services.Licensing.L0.Tests.dll" adapterTypeName="Microsoft.VisualStudio.TestTools.TestTypes.Unit.UnitTestAdapter" className="MS.TF.Test.VisualStudioServices.Licensing.ApplicationRepositoryTests" name="GetLicensesCount_CallsComponentMethod_WithAccountRequestContext" />
    </UnitTest>
    <UnitTest name="GetLicensesCount_ReturnsAnEmptyList_WhenComponentReturnsNull" storage="d:\v2.0\a1\_work\dbded102\bin\release.anycpu\sps.service\ms.vs.services.licensing.l0.tests\ms.vs.services.licensing.l0.tests.dll" id="944cd9ea-1a9a-6aa2-1c99-753dac498759">
      <Execution id="1c29a849-4733-444a-85af-73d71633723c" />
      <TestMethod codeBase="D:\v2.0\A1\_work\dbded102\bin\Release.AnyCPU\Sps.Service\MS.VS.Services.Licensing.L0.Tests\MS.VS.Services.Licensing.L0.Tests.dll" adapterTypeName="Microsoft.VisualStudio.TestTools.TestTypes.Unit.UnitTestAdapter" className="MS.TF.Test.VisualStudioServices.Licensing.ApplicationRepositoryTests" name="GetLicensesCount_ReturnsAnEmptyList_WhenComponentReturnsNull" />
    </UnitTest>
    <UnitTest name="UpdateUserLastAccessed_CallsComponentMethod" storage="d:\v2.0\a1\_work\dbded102\bin\release.anycpu\sps.service\ms.vs.services.licensing.l0.tests\ms.vs.services.licensing.l0.tests.dll" id="c23e023b-8415-07e8-abf4-ac8f23ab2fb1">
      <Execution id="73830adf-da68-4ed7-90f8-c12357eae699" />
      <TestMethod codeBase="D:\v2.0\A1\_work\dbded102\bin\Release.AnyCPU\Sps.Service\MS.VS.Services.Licensing.L0.Tests\MS.VS.Services.Licensing.L0.Tests.dll" adapterTypeName="Microsoft.VisualStudio.TestTools.TestTypes.Unit.UnitTestAdapter" className="MS.TF.Test.VisualStudioServices.Licensing.ApplicationRepositoryTests" name="UpdateUserLastAccessed_CallsComponentMethod" />
    </UnitTest>
    <UnitTest name="IsInRange_BuildLabMatches_CaseInsensitive" storage="d:\v2.0\a1\_work\dbded102\bin\release.anycpu\sps.service\ms.vs.services.licensing.l0.tests\ms.vs.services.licensing.l0.tests.dll" id="9e2e7e7f-b044-a17a-b0c4-ad4b6479aca8">
      <Execution id="510d8c0d-5f62-4ca0-b785-2067639dd527" />
      <TestMethod codeBase="D:\v2.0\A1\_work\dbded102\bin\Release.AnyCPU\Sps.Service\MS.VS.Services.Licensing.L0.Tests\MS.VS.Services.Licensing.L0.Tests.dll" adapterTypeName="Microsoft.VisualStudio.TestTools.TestTypes.Unit.UnitTestAdapter" className="MS.VS.Services.Licensing.L0.Tests.VisualStudioReleaseTests+IsInRange" name="IsInRange_BuildLabMatches_CaseInsensitive" />
    </UnitTest>
    <UnitTest name="IsInRange_BuildLabIsWildCard" storage="d:\v2.0\a1\_work\dbded102\bin\release.anycpu\sps.service\ms.vs.services.licensing.l0.tests\ms.vs.services.licensing.l0.tests.dll" id="14527351-d1d6-6500-a223-8742e1dd420b">
      <Execution id="31f590ba-ea6f-488d-9b82-7a53b113bba1" />
      <TestMethod codeBase="D:\v2.0\A1\_work\dbded102\bin\Release.AnyCPU\Sps.Service\MS.VS.Services.Licensing.L0.Tests\MS.VS.Services.Licensing.L0.Tests.dll" adapterTypeName="Microsoft.VisualStudio.TestTools.TestTypes.Unit.UnitTestAdapter" className="MS.VS.Services.Licensing.L0.Tests.VisualStudioReleaseTests+IsInRange" name="IsInRange_BuildLabIsWildCard" />
    </UnitTest>
    <UnitTest name="IsInRange_BuildLabDoesNotMatch" storage="d:\v2.0\a1\_work\dbded102\bin\release.anycpu\sps.service\ms.vs.services.licensing.l0.tests\ms.vs.services.licensing.l0.tests.dll" id="b5d774fc-f3df-5282-d5f6-14d677d0c0d2">
      <Execution id="99895c62-5092-4ebc-983c-e6eae01fcbc8" />
      <TestMethod codeBase="D:\v2.0\A1\_work\dbded102\bin\Release.AnyCPU\Sps.Service\MS.VS.Services.Licensing.L0.Tests\MS.VS.Services.Licensing.L0.Tests.dll" adapterTypeName="Microsoft.VisualStudio.TestTools.TestTypes.Unit.UnitTestAdapter" className="MS.VS.Services.Licensing.L0.Tests.VisualStudioReleaseTests+IsInRange" name="IsInRange_BuildLabDoesNotMatch" />
    </UnitTest>
    <UnitTest name="IsInRange_VersionMatches" storage="d:\v2.0\a1\_work\dbded102\bin\release.anycpu\sps.service\ms.vs.services.licensing.l0.tests\ms.vs.services.licensing.l0.tests.dll" id="7f7b6bd2-671b-1c37-a4bf-974719b3e14e">
      <Execution id="9bab8c87-92e5-4050-bbed-1ae1933a97b2" />
      <TestMethod codeBase="D:\v2.0\A1\_work\dbded102\bin\Release.AnyCPU\Sps.Service\MS.VS.Services.Licensing.L0.Tests\MS.VS.Services.Licensing.L0.Tests.dll" adapterTypeName="Microsoft.VisualStudio.TestTools.TestTypes.Unit.UnitTestAdapter" className="MS.VS.Services.Licensing.L0.Tests.VisualStudioReleaseTests+IsInRange" name="IsInRange_VersionMatches" />
    </UnitTest>
    <UnitTest name="IsInRange_VersionDoesNotMatches" storage="d:\v2.0\a1\_work\dbded102\bin\release.anycpu\sps.service\ms.vs.services.licensing.l0.tests\ms.vs.services.licensing.l0.tests.dll" id="27322b61-9202-c55e-6b7e-5505e7ab3cee">
      <Execution id="9a7ea670-c853-4199-a476-7f78c5cc5f61" />
      <TestMethod codeBase="D:\v2.0\A1\_work\dbded102\bin\Release.AnyCPU\Sps.Service\MS.VS.Services.Licensing.L0.Tests\MS.VS.Services.Licensing.L0.Tests.dll" adapterTypeName="Microsoft.VisualStudio.TestTools.TestTypes.Unit.UnitTestAdapter" className="MS.VS.Services.Licensing.L0.Tests.VisualStudioReleaseTests+IsInRange" name="IsInRange_VersionDoesNotMatches" />
    </UnitTest>
    <UnitTest name="Start_WillThrowWhenPassedNullRequestContext" storage="d:\v2.0\a1\_work\dbded102\bin\release.anycpu\sps.service\ms.vs.services.licensing.l0.tests\ms.vs.services.licensing.l0.tests.dll" id="334334c5-a25c-a70d-5c63-023527649bda">
      <Execution id="0c5e3871-2cf8-443f-994f-acf1f513c613" />
      <TestMethod codeBase="D:\v2.0\A1\_work\dbded102\bin\Release.AnyCPU\Sps.Service\MS.VS.Services.Licensing.L0.Tests\MS.VS.Services.Licensing.L0.Tests.dll" adapterTypeName="Microsoft.VisualStudio.TestTools.TestTypes.Unit.UnitTestAdapter" className="MS.TF.Test.VisualStudioServices.Licensing.LicensingAdapterFactoryTests+Start" name="Start_WillThrowWhenPassedNullRequestContext" />
    </UnitTest>
    <UnitTest name="Start_WillThrowWhenPassedNullServiceSettings" storage="d:\v2.0\a1\_work\dbded102\bin\release.anycpu\sps.service\ms.vs.services.licensing.l0.tests\ms.vs.services.licensing.l0.tests.dll" id="4f7df149-8baf-7756-34d6-bd6b0cc8367e">
      <Execution id="445e4c4a-f11b-4491-9f49-822f6f22944f" />
      <TestMethod codeBase="D:\v2.0\A1\_work\dbded102\bin\Release.AnyCPU\Sps.Service\MS.VS.Services.Licensing.L0.Tests\MS.VS.Services.Licensing.L0.Tests.dll" adapterTypeName="Microsoft.VisualStudio.TestTools.TestTypes.Unit.UnitTestAdapter" className="MS.TF.Test.VisualStudioServices.Licensing.LicensingAdapterFactoryTests+Start" name="Start_WillThrowWhenPassedNullServiceSettings" />
    </UnitTest>
    <UnitTest name="Start_WillCallAdaptersStart" storage="d:\v2.0\a1\_work\dbded102\bin\release.anycpu\sps.service\ms.vs.services.licensing.l0.tests\ms.vs.services.licensing.l0.tests.dll" id="1b891b37-a58a-7dda-b6ae-dba980eb97ed">
      <Execution id="11dff80a-a0ca-4f21-9f0e-a108ffb77781" />
      <TestMethod codeBase="D:\v2.0\A1\_work\dbded102\bin\Release.AnyCPU\Sps.Service\MS.VS.Services.Licensing.L0.Tests\MS.VS.Services.Licensing.L0.Tests.dll" adapterTypeName="Microsoft.VisualStudio.TestTools.TestTypes.Unit.UnitTestAdapter" className="MS.TF.Test.VisualStudioServices.Licensing.LicensingAdapterFactoryTests+Start" name="Start_WillCallAdaptersStart" />
    </UnitTest>
    <UnitTest name="Stop_WillCallAdaptersStop" storage="d:\v2.0\a1\_work\dbded102\bin\release.anycpu\sps.service\ms.vs.services.licensing.l0.tests\ms.vs.services.licensing.l0.tests.dll" id="bb5a6f4e-b40f-1a4a-a244-591f3d3e74a8">
      <Execution id="92b16ee3-ccd3-4192-9abf-8fdcfc94495d" />
      <TestMethod codeBase="D:\v2.0\A1\_work\dbded102\bin\Release.AnyCPU\Sps.Service\MS.VS.Services.Licensing.L0.Tests\MS.VS.Services.Licensing.L0.Tests.dll" adapterTypeName="Microsoft.VisualStudio.TestTools.TestTypes.Unit.UnitTestAdapter" className="MS.TF.Test.VisualStudioServices.Licensing.LicensingAdapterFactoryTests+Stop" name="Stop_WillCallAdaptersStop" />
    </UnitTest>
    <UnitTest name="GetClientAdapters_ReturnsAllAdapters" storage="d:\v2.0\a1\_work\dbded102\bin\release.anycpu\sps.service\ms.vs.services.licensing.l0.tests\ms.vs.services.licensing.l0.tests.dll" id="6c8fddec-05ce-1288-1c7b-8611f49a723b">
      <Execution id="06252750-4771-4942-9d8a-def2d2b5845b" />
      <TestMethod codeBase="D:\v2.0\A1\_work\dbded102\bin\Release.AnyCPU\Sps.Service\MS.VS.Services.Licensing.L0.Tests\MS.VS.Services.Licensing.L0.Tests.dll" adapterTypeName="Microsoft.VisualStudio.TestTools.TestTypes.Unit.UnitTestAdapter" className="MS.TF.Test.VisualStudioServices.Licensing.LicensingAdapterFactoryTests+GetClientAdapters" name="GetClientAdapters_ReturnsAllAdapters" />
    </UnitTest>
    <UnitTest name="GetClientAdapters_VisualStudioRightReturnsExpectedLicensingAdapters" storage="d:\v2.0\a1\_work\dbded102\bin\release.anycpu\sps.service\ms.vs.services.licensing.l0.tests\ms.vs.services.licensing.l0.tests.dll" id="ae2b3101-f7ab-fdd2-19ee-f22d2e85b0ba">
      <Execution id="c599bca8-9192-44a5-8509-17b750031120" />
      <TestMethod codeBase="D:\v2.0\A1\_work\dbded102\bin\Release.AnyCPU\Sps.Service\MS.VS.Services.Licensing.L0.Tests\MS.VS.Services.Licensing.L0.Tests.dll" adapterTypeName="Microsoft.VisualStudio.TestTools.TestTypes.Unit.UnitTestAdapter" className="MS.TF.Test.VisualStudioServices.Licensing.LicensingAdapterFactoryTests+GetClientAdapters" name="GetClientAdapters_VisualStudioRightReturnsExpectedLicensingAdapters" />
    </UnitTest>
    <UnitTest name="GetClientAdapters_VisualStudioExpressRightReturnsExpectedLicensingAdapters" storage="d:\v2.0\a1\_work\dbded102\bin\release.anycpu\sps.service\ms.vs.services.licensing.l0.tests\ms.vs.services.licensing.l0.tests.dll" id="51bb6661-d3f8-cb4c-9c25-35feb6d5ae4d">
      <Execution id="2361f8ac-9cac-4af7-89ab-1cbe0a46493c" />
      <TestMethod codeBase="D:\v2.0\A1\_work\dbded102\bin\Release.AnyCPU\Sps.Service\MS.VS.Services.Licensing.L0.Tests\MS.VS.Services.Licensing.L0.Tests.dll" adapterTypeName="Microsoft.VisualStudio.TestTools.TestTypes.Unit.UnitTestAdapter" className="MS.TF.Test.VisualStudioServices.Licensing.LicensingAdapterFactoryTests+GetClientAdapters" name="GetClientAdapters_VisualStudioExpressRightReturnsExpectedLicensingAdapters" />
    </UnitTest>
    <UnitTest name="Start_WillThrowWhenPassedNullRequestContext" storage="d:\v2.0\a1\_work\dbded102\bin\release.anycpu\sps.service\ms.vs.services.licensing.l0.tests\ms.vs.services.licensing.l0.tests.dll" id="65e0aa7a-4c87-4927-eec0-54949ed6dc55">
      <Execution id="146876a3-1292-479a-8871-ce6f1d050549" />
      <TestMethod codeBase="D:\v2.0\A1\_work\dbded102\bin\Release.AnyCPU\Sps.Service\MS.VS.Services.Licensing.L0.Tests\MS.VS.Services.Licensing.L0.Tests.dll" adapterTypeName="Microsoft.VisualStudio.TestTools.TestTypes.Unit.UnitTestAdapter" className="MS.TF.Test.VisualStudioServices.Licensing.MsdnLicensingAdapterTests+Start" name="Start_WillThrowWhenPassedNullRequestContext" />
    </UnitTest>
    <UnitTest name="Start_WillThrowWhenPassedNullServiceSettings" storage="d:\v2.0\a1\_work\dbded102\bin\release.anycpu\sps.service\ms.vs.services.licensing.l0.tests\ms.vs.services.licensing.l0.tests.dll" id="336cf182-0a41-49cf-11a7-65de90165c31">
      <Execution id="da7d2f22-2088-4023-90a3-4feb1dc905fa" />
      <TestMethod codeBase="D:\v2.0\A1\_work\dbded102\bin\Release.AnyCPU\Sps.Service\MS.VS.Services.Licensing.L0.Tests\MS.VS.Services.Licensing.L0.Tests.dll" adapterTypeName="Microsoft.VisualStudio.TestTools.TestTypes.Unit.UnitTestAdapter" className="MS.TF.Test.VisualStudioServices.Licensing.MsdnLicensingAdapterTests+Start" name="Start_WillThrowWhenPassedNullServiceSettings" />
    </UnitTest>
    <UnitTest name="Stop_WillThrowWhenPassedNullRequestContext" storage="d:\v2.0\a1\_work\dbded102\bin\release.anycpu\sps.service\ms.vs.services.licensing.l0.tests\ms.vs.services.licensing.l0.tests.dll" id="0cf10257-8f63-0ddc-a4aa-65ed4f34d533">
      <Execution id="9e84265e-45a7-4d3c-ab2c-195b2853b315" />
      <TestMethod codeBase="D:\v2.0\A1\_work\dbded102\bin\Release.AnyCPU\Sps.Service\MS.VS.Services.Licensing.L0.Tests\MS.VS.Services.Licensing.L0.Tests.dll" adapterTypeName="Microsoft.VisualStudio.TestTools.TestTypes.Unit.UnitTestAdapter" className="MS.TF.Test.VisualStudioServices.Licensing.MsdnLicensingAdapterTests+Stop" name="Stop_WillThrowWhenPassedNullRequestContext" />
    </UnitTest>
    <UnitTest name="GetEntitlements_HandleValidIsAcivated_True" storage="d:\v2.0\a1\_work\dbded102\bin\release.anycpu\sps.service\ms.vs.services.licensing.l0.tests\ms.vs.services.licensing.l0.tests.dll" id="a12dfeaf-384b-cd91-e726-80f193278a0e">
      <Execution id="78ebd184-ef8b-4cc3-a72d-e9bb23da4705" />
      <TestMethod codeBase="D:\v2.0\A1\_work\dbded102\bin\Release.AnyCPU\Sps.Service\MS.VS.Services.Licensing.L0.Tests\MS.VS.Services.Licensing.L0.Tests.dll" adapterTypeName="Microsoft.VisualStudio.TestTools.TestTypes.Unit.UnitTestAdapter" className="MS.TF.Test.VisualStudioServices.Licensing.MsdnLicensingAdapterTests+GetEntitlements" name="GetEntitlements_HandleValidIsAcivated_True" />
    </UnitTest>
    <UnitTest name="GetEntitlements_HandleValidIsAcivated_False" storage="d:\v2.0\a1\_work\dbded102\bin\release.anycpu\sps.service\ms.vs.services.licensing.l0.tests\ms.vs.services.licensing.l0.tests.dll" id="1393f629-74d7-ed3a-54d1-25b537466705">
      <Execution id="8ffa69f2-1c4c-4d81-8fdf-5cd123094299" />
      <TestMethod codeBase="D:\v2.0\A1\_work\dbded102\bin\Release.AnyCPU\Sps.Service\MS.VS.Services.Licensing.L0.Tests\MS.VS.Services.Licensing.L0.Tests.dll" adapterTypeName="Microsoft.VisualStudio.TestTools.TestTypes.Unit.UnitTestAdapter" className="MS.TF.Test.VisualStudioServices.Licensing.MsdnLicensingAdapterTests+GetEntitlements" name="GetEntitlements_HandleValidIsAcivated_False" />
    </UnitTest>
    <UnitTest name="GetEntitlements_HandleValidIsAcivated_Null" storage="d:\v2.0\a1\_work\dbded102\bin\release.anycpu\sps.service\ms.vs.services.licensing.l0.tests\ms.vs.services.licensing.l0.tests.dll" id="1270357b-d502-f63d-a57d-670d2855d868">
      <Execution id="517ce85b-e3e0-466e-996b-18f2f770bfe2" />
      <TestMethod codeBase="D:\v2.0\A1\_work\dbded102\bin\Release.AnyCPU\Sps.Service\MS.VS.Services.Licensing.L0.Tests\MS.VS.Services.Licensing.L0.Tests.dll" adapterTypeName="Microsoft.VisualStudio.TestTools.TestTypes.Unit.UnitTestAdapter" className="MS.TF.Test.VisualStudioServices.Licensing.MsdnLicensingAdapterTests+GetEntitlements" name="GetEntitlements_HandleValidIsAcivated_Null" />
    </UnitTest>
    <UnitTest name="GetEntitlements_ThrowsServiceUnavailableException_WhenConnectionIssuesWithSubscriptionsApi" storage="d:\v2.0\a1\_work\dbded102\bin\release.anycpu\sps.service\ms.vs.services.licensing.l0.tests\ms.vs.services.licensing.l0.tests.dll" id="d3075b2d-d993-e904-eeab-c7f3745323c9">
      <Execution id="08b56eee-3186-42c0-9e6c-a77a0e4583a2" />
      <TestMethod codeBase="D:\v2.0\A1\_work\dbded102\bin\Release.AnyCPU\Sps.Service\MS.VS.Services.Licensing.L0.Tests\MS.VS.Services.Licensing.L0.Tests.dll" adapterTypeName="Microsoft.VisualStudio.TestTools.TestTypes.Unit.UnitTestAdapter" className="MS.TF.Test.VisualStudioServices.Licensing.MsdnLicensingAdapterTests+GetEntitlements" name="GetEntitlements_ThrowsServiceUnavailableException_WhenConnectionIssuesWithSubscriptionsApi" />
    </UnitTest>
    <UnitTest name="GetRights_WillThrowWhenPassedNullRequestContext" storage="d:\v2.0\a1\_work\dbded102\bin\release.anycpu\sps.service\ms.vs.services.licensing.l0.tests\ms.vs.services.licensing.l0.tests.dll" id="ee2d3494-5f4b-fc68-f807-d8770b920c7e">
      <Execution id="e829c150-82a0-4596-aac2-7a9587e3d335" />
      <TestMethod codeBase="D:\v2.0\A1\_work\dbded102\bin\Release.AnyCPU\Sps.Service\MS.VS.Services.Licensing.L0.Tests\MS.VS.Services.Licensing.L0.Tests.dll" adapterTypeName="Microsoft.VisualStudio.TestTools.TestTypes.Unit.UnitTestAdapter" className="MS.TF.Test.VisualStudioServices.Licensing.MsdnLicensingAdapterTests+GetRights" name="GetRights_WillThrowWhenPassedNullRequestContext" />
    </UnitTest>
    <UnitTest name="GetRights_WillThrowWhenPassedNullQueryContext" storage="d:\v2.0\a1\_work\dbded102\bin\release.anycpu\sps.service\ms.vs.services.licensing.l0.tests\ms.vs.services.licensing.l0.tests.dll" id="106e2321-450d-2a7d-ba62-c7f01022b658">
      <Execution id="89a417ed-df28-4f08-a88b-8637be178ef4" />
      <TestMethod codeBase="D:\v2.0\A1\_work\dbded102\bin\Release.AnyCPU\Sps.Service\MS.VS.Services.Licensing.L0.Tests\MS.VS.Services.Licensing.L0.Tests.dll" adapterTypeName="Microsoft.VisualStudio.TestTools.TestTypes.Unit.UnitTestAdapter" className="MS.TF.Test.VisualStudioServices.Licensing.MsdnLicensingAdapterTests+GetRights" name="GetRights_WillThrowWhenPassedNullQueryContext" />
    </UnitTest>
    <UnitTest name="GetRights_WillReturnNoRightsWhenRequestContexHasNoIdentity" storage="d:\v2.0\a1\_work\dbded102\bin\release.anycpu\sps.service\ms.vs.services.licensing.l0.tests\ms.vs.services.licensing.l0.tests.dll" id="5bb03446-e23d-3909-5f3c-c5a10e616514">
      <Execution id="ca3274a5-0f51-4bc5-843f-95b01340331d" />
      <TestMethod codeBase="D:\v2.0\A1\_work\dbded102\bin\Release.AnyCPU\Sps.Service\MS.VS.Services.Licensing.L0.Tests\MS.VS.Services.Licensing.L0.Tests.dll" adapterTypeName="Microsoft.VisualStudio.TestTools.TestTypes.Unit.UnitTestAdapter" className="MS.TF.Test.VisualStudioServices.Licensing.MsdnLicensingAdapterTests+GetRights" name="GetRights_WillReturnNoRightsWhenRequestContexHasNoIdentity" />
    </UnitTest>
    <UnitTest name="GetRights_WillLogWarningWhenRequestContexHasNoIdentity" storage="d:\v2.0\a1\_work\dbded102\bin\release.anycpu\sps.service\ms.vs.services.licensing.l0.tests\ms.vs.services.licensing.l0.tests.dll" id="dd68b97c-8578-470e-c50e-ff08dcc1f7a3">
      <Execution id="e385a504-4df3-4163-a854-d19a2463e740" />
      <TestMethod codeBase="D:\v2.0\A1\_work\dbded102\bin\Release.AnyCPU\Sps.Service\MS.VS.Services.Licensing.L0.Tests\MS.VS.Services.Licensing.L0.Tests.dll" adapterTypeName="Microsoft.VisualStudio.TestTools.TestTypes.Unit.UnitTestAdapter" className="MS.TF.Test.VisualStudioServices.Licensing.MsdnLicensingAdapterTests+GetRights" name="GetRights_WillLogWarningWhenRequestContexHasNoIdentity" />
    </UnitTest>
    <UnitTest name="GetRights_WillLogWarningWhenRequestContexHasNoIdentityDescriptor" storage="d:\v2.0\a1\_work\dbded102\bin\release.anycpu\sps.service\ms.vs.services.licensing.l0.tests\ms.vs.services.licensing.l0.tests.dll" id="f54869f2-0c1f-d6bc-456d-4578c9f3c6ec">
      <Execution id="87db105f-2e81-4a8d-9fd1-24744ace59cf" />
      <TestMethod codeBase="D:\v2.0\A1\_work\dbded102\bin\Release.AnyCPU\Sps.Service\MS.VS.Services.Licensing.L0.Tests\MS.VS.Services.Licensing.L0.Tests.dll" adapterTypeName="Microsoft.VisualStudio.TestTools.TestTypes.Unit.UnitTestAdapter" className="MS.TF.Test.VisualStudioServices.Licensing.MsdnLicensingAdapterTests+GetRights" name="GetRights_WillLogWarningWhenRequestContexHasNoIdentityDescriptor" />
    </UnitTest>
    <UnitTest name="GetRights_HandleHttpErrors" storage="d:\v2.0\a1\_work\dbded102\bin\release.anycpu\sps.service\ms.vs.services.licensing.l0.tests\ms.vs.services.licensing.l0.tests.dll" id="e4442d0b-2255-a1b1-ee5f-8cd0b274bfbd">
      <Execution id="bd0c4516-4748-42e8-ad17-7d40623cc451" />
      <TestMethod codeBase="D:\v2.0\A1\_work\dbded102\bin\Release.AnyCPU\Sps.Service\MS.VS.Services.Licensing.L0.Tests\MS.VS.Services.Licensing.L0.Tests.dll" adapterTypeName="Microsoft.VisualStudio.TestTools.TestTypes.Unit.UnitTestAdapter" className="MS.TF.Test.VisualStudioServices.Licensing.MsdnLicensingAdapterTests+GetRights" name="GetRights_HandleHttpErrors" />
    </UnitTest>
    <UnitTest name="GetRights_HandleInvalidJson" storage="d:\v2.0\a1\_work\dbded102\bin\release.anycpu\sps.service\ms.vs.services.licensing.l0.tests\ms.vs.services.licensing.l0.tests.dll" id="a9abc7b7-1558-3d4a-b024-26bbc0c1fa57">
      <Execution id="fc813035-43fc-4103-93d2-d5ed9299b7f7" />
      <TestMethod codeBase="D:\v2.0\A1\_work\dbded102\bin\Release.AnyCPU\Sps.Service\MS.VS.Services.Licensing.L0.Tests\MS.VS.Services.Licensing.L0.Tests.dll" adapterTypeName="Microsoft.VisualStudio.TestTools.TestTypes.Unit.UnitTestAdapter" className="MS.TF.Test.VisualStudioServices.Licensing.MsdnLicensingAdapterTests+GetRights" name="GetRights_HandleInvalidJson" />
    </UnitTest>
    <UnitTest name="GetRights_HandleEmptyResponse" storage="d:\v2.0\a1\_work\dbded102\bin\release.anycpu\sps.service\ms.vs.services.licensing.l0.tests\ms.vs.services.licensing.l0.tests.dll" id="d1e52944-0b70-a7c0-55e3-7eb1f445d340">
      <Execution id="07729579-00ff-468b-b818-74685acf9f55" />
      <TestMethod codeBase="D:\v2.0\A1\_work\dbded102\bin\Release.AnyCPU\Sps.Service\MS.VS.Services.Licensing.L0.Tests\MS.VS.Services.Licensing.L0.Tests.dll" adapterTypeName="Microsoft.VisualStudio.TestTools.TestTypes.Unit.UnitTestAdapter" className="MS.TF.Test.VisualStudioServices.Licensing.MsdnLicensingAdapterTests+GetRights" name="GetRights_HandleEmptyResponse" />
    </UnitTest>
    <UnitTest name="GetRights_Client_HandleEmptyJsonSequence" storage="d:\v2.0\a1\_work\dbded102\bin\release.anycpu\sps.service\ms.vs.services.licensing.l0.tests\ms.vs.services.licensing.l0.tests.dll" id="22bb9015-8044-bf74-b7a4-217cddf94bc4">
      <Execution id="b00f42a0-3040-4da1-9d5e-3d28278dc64a" />
      <TestMethod codeBase="D:\v2.0\A1\_work\dbded102\bin\Release.AnyCPU\Sps.Service\MS.VS.Services.Licensing.L0.Tests\MS.VS.Services.Licensing.L0.Tests.dll" adapterTypeName="Microsoft.VisualStudio.TestTools.TestTypes.Unit.UnitTestAdapter" className="MS.TF.Test.VisualStudioServices.Licensing.MsdnLicensingAdapterTests+GetRights" name="GetRights_Client_HandleEmptyJsonSequence" />
    </UnitTest>
    <UnitTest name="GetRights_Client_HandleInvalidBoolForIsEntitlementAvailable" storage="d:\v2.0\a1\_work\dbded102\bin\release.anycpu\sps.service\ms.vs.services.licensing.l0.tests\ms.vs.services.licensing.l0.tests.dll" id="f750a382-501e-a817-8b42-244b8ea40540">
      <Execution id="6b441eb0-af66-490d-8384-14868ccb3dfd" />
      <TestMethod codeBase="D:\v2.0\A1\_work\dbded102\bin\Release.AnyCPU\Sps.Service\MS.VS.Services.Licensing.L0.Tests\MS.VS.Services.Licensing.L0.Tests.dll" adapterTypeName="Microsoft.VisualStudio.TestTools.TestTypes.Unit.UnitTestAdapter" className="MS.TF.Test.VisualStudioServices.Licensing.MsdnLicensingAdapterTests+GetRights" name="GetRights_Client_HandleInvalidBoolForIsEntitlementAvailable" />
    </UnitTest>
    <UnitTest name="GetRights_Client_HandleInvalidDateForSubscriptionExpirationDate" storage="d:\v2.0\a1\_work\dbded102\bin\release.anycpu\sps.service\ms.vs.services.licensing.l0.tests\ms.vs.services.licensing.l0.tests.dll" id="fbb6b580-6bd2-bd32-a154-c3cd9c52108c">
      <Execution id="99708d5c-4786-42e2-bc6a-95dd4b5fb30b" />
      <TestMethod codeBase="D:\v2.0\A1\_work\dbded102\bin\Release.AnyCPU\Sps.Service\MS.VS.Services.Licensing.L0.Tests\MS.VS.Services.Licensing.L0.Tests.dll" adapterTypeName="Microsoft.VisualStudio.TestTools.TestTypes.Unit.UnitTestAdapter" className="MS.TF.Test.VisualStudioServices.Licensing.MsdnLicensingAdapterTests+GetRights" name="GetRights_Client_HandleInvalidDateForSubscriptionExpirationDate" />
    </UnitTest>
    <UnitTest name="GetRights_Client_HandleValidResponse_TestManager" storage="d:\v2.0\a1\_work\dbded102\bin\release.anycpu\sps.service\ms.vs.services.licensing.l0.tests\ms.vs.services.licensing.l0.tests.dll" id="87d534ba-cb25-113f-2ab4-0fe64d52ef47">
      <Execution id="89a12b6c-badc-4b9d-aa28-24901804ba46" />
      <TestMethod codeBase="D:\v2.0\A1\_work\dbded102\bin\Release.AnyCPU\Sps.Service\MS.VS.Services.Licensing.L0.Tests\MS.VS.Services.Licensing.L0.Tests.dll" adapterTypeName="Microsoft.VisualStudio.TestTools.TestTypes.Unit.UnitTestAdapter" className="MS.TF.Test.VisualStudioServices.Licensing.MsdnLicensingAdapterTests+GetRights" name="GetRights_Client_HandleValidResponse_TestManager" />
    </UnitTest>
    <UnitTest name="GetRights_Client_ReturnsNoClientRights_For_TestManager_For_IDE_PRO_Entitlement" storage="d:\v2.0\a1\_work\dbded102\bin\release.anycpu\sps.service\ms.vs.services.licensing.l0.tests\ms.vs.services.licensing.l0.tests.dll" id="54053755-d0bf-d9b5-72c4-610415fe3a5d">
      <Execution id="b222caf8-4e0f-493d-8780-eaa3a8627bb2" />
      <TestMethod codeBase="D:\v2.0\A1\_work\dbded102\bin\Release.AnyCPU\Sps.Service\MS.VS.Services.Licensing.L0.Tests\MS.VS.Services.Licensing.L0.Tests.dll" adapterTypeName="Microsoft.VisualStudio.TestTools.TestTypes.Unit.UnitTestAdapter" className="MS.TF.Test.VisualStudioServices.Licensing.MsdnLicensingAdapterTests+GetRights" name="GetRights_Client_ReturnsNoClientRights_For_TestManager_For_IDE_PRO_Entitlement" />
    </UnitTest>
    <UnitTest name="GetRights_Client_ReturnsNoClientRights_For_VSE_ANU_Entitlement" storage="d:\v2.0\a1\_work\dbded102\bin\release.anycpu\sps.service\ms.vs.services.licensing.l0.tests\ms.vs.services.licensing.l0.tests.dll" id="3e806e7e-b053-6b75-eaa4-90c810448dfb">
      <Execution id="f2290d8c-16a5-4967-99be-f6eeec1589b7" />
      <TestMethod codeBase="D:\v2.0\A1\_work\dbded102\bin\Release.AnyCPU\Sps.Service\MS.VS.Services.Licensing.L0.Tests\MS.VS.Services.Licensing.L0.Tests.dll" adapterTypeName="Microsoft.VisualStudio.TestTools.TestTypes.Unit.UnitTestAdapter" className="MS.TF.Test.VisualStudioServices.Licensing.MsdnLicensingAdapterTests+GetRights" name="GetRights_Client_ReturnsNoClientRights_For_VSE_ANU_Entitlement" />
    </UnitTest>
    <UnitTest name="GetRights_Client_HandleValidResponse_TestManager_Extension" storage="d:\v2.0\a1\_work\dbded102\bin\release.anycpu\sps.service\ms.vs.services.licensing.l0.tests\ms.vs.services.licensing.l0.tests.dll" id="bf12945d-213b-3f94-6aed-f1c39ef66c81">
      <Execution id="4dcb7377-1a22-4e74-92a0-5bd83e7f7727" />
      <TestMethod codeBase="D:\v2.0\A1\_work\dbded102\bin\Release.AnyCPU\Sps.Service\MS.VS.Services.Licensing.L0.Tests\MS.VS.Services.Licensing.L0.Tests.dll" adapterTypeName="Microsoft.VisualStudio.TestTools.TestTypes.Unit.UnitTestAdapter" className="MS.TF.Test.VisualStudioServices.Licensing.MsdnLicensingAdapterTests+GetRights" name="GetRights_Client_HandleValidResponse_TestManager_Extension" />
    </UnitTest>
    <UnitTest name="GetRights_Client_HandleValidResponse_Enterprise" storage="d:\v2.0\a1\_work\dbded102\bin\release.anycpu\sps.service\ms.vs.services.licensing.l0.tests\ms.vs.services.licensing.l0.tests.dll" id="caa3a28d-83ed-be7b-7bba-b2a118e92844">
      <Execution id="f995ae8c-3a64-4cad-8ffe-9cecac1058ee" />
      <TestMethod codeBase="D:\v2.0\A1\_work\dbded102\bin\Release.AnyCPU\Sps.Service\MS.VS.Services.Licensing.L0.Tests\MS.VS.Services.Licensing.L0.Tests.dll" adapterTypeName="Microsoft.VisualStudio.TestTools.TestTypes.Unit.UnitTestAdapter" className="MS.TF.Test.VisualStudioServices.Licensing.MsdnLicensingAdapterTests+GetRights" name="GetRights_Client_HandleValidResponse_Enterprise" />
    </UnitTest>
    <UnitTest name="GetRights_Client_HandleValidResponse_Premium_Compatibility" storage="d:\v2.0\a1\_work\dbded102\bin\release.anycpu\sps.service\ms.vs.services.licensing.l0.tests\ms.vs.services.licensing.l0.tests.dll" id="e179312e-ad67-4625-2f7b-85cc4b1bf372">
      <Execution id="463675cf-9675-44dd-9f56-e0d927dc71e3" />
      <TestMethod codeBase="D:\v2.0\A1\_work\dbded102\bin\Release.AnyCPU\Sps.Service\MS.VS.Services.Licensing.L0.Tests\MS.VS.Services.Licensing.L0.Tests.dll" adapterTypeName="Microsoft.VisualStudio.TestTools.TestTypes.Unit.UnitTestAdapter" className="MS.TF.Test.VisualStudioServices.Licensing.MsdnLicensingAdapterTests+GetRights" name="GetRights_Client_HandleValidResponse_Premium_Compatibility" />
    </UnitTest>
    <UnitTest name="GetRights_Client_HandleValidResponse_Ultimate_Compatibility" storage="d:\v2.0\a1\_work\dbded102\bin\release.anycpu\sps.service\ms.vs.services.licensing.l0.tests\ms.vs.services.licensing.l0.tests.dll" id="f3b0056a-ec9b-a7af-4da4-072d0fdef050">
      <Execution id="6a9f6c7f-b309-4c0c-b84a-de5d2d7c2304" />
      <TestMethod codeBase="D:\v2.0\A1\_work\dbded102\bin\Release.AnyCPU\Sps.Service\MS.VS.Services.Licensing.L0.Tests\MS.VS.Services.Licensing.L0.Tests.dll" adapterTypeName="Microsoft.VisualStudio.TestTools.TestTypes.Unit.UnitTestAdapter" className="MS.TF.Test.VisualStudioServices.Licensing.MsdnLicensingAdapterTests+GetRights" name="GetRights_Client_HandleValidResponse_Ultimate_Compatibility" />
    </UnitTest>
    <UnitTest name="GetRights_Client_HandleValidResponse_Professional_Compatibility" storage="d:\v2.0\a1\_work\dbded102\bin\release.anycpu\sps.service\ms.vs.services.licensing.l0.tests\ms.vs.services.licensing.l0.tests.dll" id="55670624-3613-26bc-1448-8b96c2b510f1">
      <Execution id="87dd7ddc-445c-4b4f-8162-e9c56bf83f4a" />
      <TestMethod codeBase="D:\v2.0\A1\_work\dbded102\bin\Release.AnyCPU\Sps.Service\MS.VS.Services.Licensing.L0.Tests\MS.VS.Services.Licensing.L0.Tests.dll" adapterTypeName="Microsoft.VisualStudio.TestTools.TestTypes.Unit.UnitTestAdapter" className="MS.TF.Test.VisualStudioServices.Licensing.MsdnLicensingAdapterTests+GetRights" name="GetRights_Client_HandleValidResponse_Professional_Compatibility" />
    </UnitTest>
    <UnitTest name="GetRights_Client_HandleValidResponse" storage="d:\v2.0\a1\_work\dbded102\bin\release.anycpu\sps.service\ms.vs.services.licensing.l0.tests\ms.vs.services.licensing.l0.tests.dll" id="23e9c70e-adce-72fc-5369-515fefc9e394">
      <Execution id="28f620c9-9c40-4d14-89d5-778ca01d7763" />
      <TestMethod codeBase="D:\v2.0\A1\_work\dbded102\bin\Release.AnyCPU\Sps.Service\MS.VS.Services.Licensing.L0.Tests\MS.VS.Services.Licensing.L0.Tests.dll" adapterTypeName="Microsoft.VisualStudio.TestTools.TestTypes.Unit.UnitTestAdapter" className="MS.TF.Test.VisualStudioServices.Licensing.MsdnLicensingAdapterTests+GetRights" name="GetRights_Client_HandleValidResponse" />
    </UnitTest>
    <UnitTest name="GetRights_Client_HandleValidResponse_With_SubscriptionChannel" storage="d:\v2.0\a1\_work\dbded102\bin\release.anycpu\sps.service\ms.vs.services.licensing.l0.tests\ms.vs.services.licensing.l0.tests.dll" id="a1ee2c93-090f-5a75-d7a1-2f65ffd54d68">
      <Execution id="0dbf8cc0-ebe6-4cc9-847d-cec2aff5ab42" />
      <TestMethod codeBase="D:\v2.0\A1\_work\dbded102\bin\Release.AnyCPU\Sps.Service\MS.VS.Services.Licensing.L0.Tests\MS.VS.Services.Licensing.L0.Tests.dll" adapterTypeName="Microsoft.VisualStudio.TestTools.TestTypes.Unit.UnitTestAdapter" className="MS.TF.Test.VisualStudioServices.Licensing.MsdnLicensingAdapterTests+GetRights" name="GetRights_Client_HandleValidResponse_With_SubscriptionChannel" />
    </UnitTest>
    <UnitTest name="GetRightsInternal_HandleNullAsMsdnEntitlements" storage="d:\v2.0\a1\_work\dbded102\bin\release.anycpu\sps.service\ms.vs.services.licensing.l0.tests\ms.vs.services.licensing.l0.tests.dll" id="2981bac9-e4fc-d729-e97f-c58e24a1fa67">
      <Execution id="fc9a0d8e-0077-40c8-a300-1d4a62c92ab1" />
      <TestMethod codeBase="D:\v2.0\A1\_work\dbded102\bin\Release.AnyCPU\Sps.Service\MS.VS.Services.Licensing.L0.Tests\MS.VS.Services.Licensing.L0.Tests.dll" adapterTypeName="Microsoft.VisualStudio.TestTools.TestTypes.Unit.UnitTestAdapter" className="MS.TF.Test.VisualStudioServices.Licensing.MsdnLicensingAdapterTests+GetRightsInternal" name="GetRightsInternal_HandleNullAsMsdnEntitlements" />
    </UnitTest>
    <UnitTest name="GetRightsInternal_HandleNoMsdnEntitlements" storage="d:\v2.0\a1\_work\dbded102\bin\release.anycpu\sps.service\ms.vs.services.licensing.l0.tests\ms.vs.services.licensing.l0.tests.dll" id="4ea4eb43-6ab6-3d24-10a5-9a7758c26406">
      <Execution id="b79810c6-01d0-4b57-9dd5-f43a4ecb1fee" />
      <TestMethod codeBase="D:\v2.0\A1\_work\dbded102\bin\Release.AnyCPU\Sps.Service\MS.VS.Services.Licensing.L0.Tests\MS.VS.Services.Licensing.L0.Tests.dll" adapterTypeName="Microsoft.VisualStudio.TestTools.TestTypes.Unit.UnitTestAdapter" className="MS.TF.Test.VisualStudioServices.Licensing.MsdnLicensingAdapterTests+GetRightsInternal" name="GetRightsInternal_HandleNoMsdnEntitlements" />
    </UnitTest>
    <UnitTest name="GetRightsInternal_Client_HandleNoActiveEntitlements" storage="d:\v2.0\a1\_work\dbded102\bin\release.anycpu\sps.service\ms.vs.services.licensing.l0.tests\ms.vs.services.licensing.l0.tests.dll" id="ec7c5a5a-498f-f69c-29c1-efb24e840be7">
      <Execution id="4b4fb85e-ecdf-43b2-be92-b1d83323dd78" />
      <TestMethod codeBase="D:\v2.0\A1\_work\dbded102\bin\Release.AnyCPU\Sps.Service\MS.VS.Services.Licensing.L0.Tests\MS.VS.Services.Licensing.L0.Tests.dll" adapterTypeName="Microsoft.VisualStudio.TestTools.TestTypes.Unit.UnitTestAdapter" className="MS.TF.Test.VisualStudioServices.Licensing.MsdnLicensingAdapterTests+GetRightsInternal" name="GetRightsInternal_Client_HandleNoActiveEntitlements" />
    </UnitTest>
    <UnitTest name="GetRightsInternal_Client_HandleInactiveRequestedEntitlement" storage="d:\v2.0\a1\_work\dbded102\bin\release.anycpu\sps.service\ms.vs.services.licensing.l0.tests\ms.vs.services.licensing.l0.tests.dll" id="69ba51ff-9368-cc26-1936-b29036b7978b">
      <Execution id="0685922b-9260-4ce7-8037-6255211ac7b7" />
      <TestMethod codeBase="D:\v2.0\A1\_work\dbded102\bin\Release.AnyCPU\Sps.Service\MS.VS.Services.Licensing.L0.Tests\MS.VS.Services.Licensing.L0.Tests.dll" adapterTypeName="Microsoft.VisualStudio.TestTools.TestTypes.Unit.UnitTestAdapter" className="MS.TF.Test.VisualStudioServices.Licensing.MsdnLicensingAdapterTests+GetRightsInternal" name="GetRightsInternal_Client_HandleInactiveRequestedEntitlement" />
    </UnitTest>
    <UnitTest name="GetRightsInternal_Client_HandleMultipleActiveEntitlementsWhenNoQueryContextEditionIsNotSpecified" storage="d:\v2.0\a1\_work\dbded102\bin\release.anycpu\sps.service\ms.vs.services.licensing.l0.tests\ms.vs.services.licensing.l0.tests.dll" id="e326c03a-5f40-29b4-d1b5-6de4770ab762">
      <Execution id="b0b9548f-25c1-4819-882d-528564b83b9c" />
      <TestMethod codeBase="D:\v2.0\A1\_work\dbded102\bin\Release.AnyCPU\Sps.Service\MS.VS.Services.Licensing.L0.Tests\MS.VS.Services.Licensing.L0.Tests.dll" adapterTypeName="Microsoft.VisualStudio.TestTools.TestTypes.Unit.UnitTestAdapter" className="MS.TF.Test.VisualStudioServices.Licensing.MsdnLicensingAdapterTests+GetRightsInternal" name="GetRightsInternal_Client_HandleMultipleActiveEntitlementsWhenNoQueryContextEditionIsNotSpecified" />
    </UnitTest>
    <UnitTest name="GetRightsInternal_Client_HandleMultipleActiveEntitlementsWhenQueryContextEditionIsHigherThanMaxEntitlement" storage="d:\v2.0\a1\_work\dbded102\bin\release.anycpu\sps.service\ms.vs.services.licensing.l0.tests\ms.vs.services.licensing.l0.tests.dll" id="05b7fd2d-9119-ec84-b666-7dda277ea4bc">
      <Execution id="04d222e7-aa62-49ec-978a-2462233ca7d3" />
      <TestMethod codeBase="D:\v2.0\A1\_work\dbded102\bin\Release.AnyCPU\Sps.Service\MS.VS.Services.Licensing.L0.Tests\MS.VS.Services.Licensing.L0.Tests.dll" adapterTypeName="Microsoft.VisualStudio.TestTools.TestTypes.Unit.UnitTestAdapter" className="MS.TF.Test.VisualStudioServices.Licensing.MsdnLicensingAdapterTests+GetRightsInternal" name="GetRightsInternal_Client_HandleMultipleActiveEntitlementsWhenQueryContextEditionIsHigherThanMaxEntitlement" />
    </UnitTest>
    <UnitTest name="GetRightsInternal_Client_HandleMultipleActiveEntitlementsWhenQueryContextEditionIsEqualToMaxEntitlement" storage="d:\v2.0\a1\_work\dbded102\bin\release.anycpu\sps.service\ms.vs.services.licensing.l0.tests\ms.vs.services.licensing.l0.tests.dll" id="2fa1a3c5-9c15-aa98-b227-2cbca750fe8e">
      <Execution id="303c3ffc-4665-4dd3-9c68-b36aa66f9ea7" />
      <TestMethod codeBase="D:\v2.0\A1\_work\dbded102\bin\Release.AnyCPU\Sps.Service\MS.VS.Services.Licensing.L0.Tests\MS.VS.Services.Licensing.L0.Tests.dll" adapterTypeName="Microsoft.VisualStudio.TestTools.TestTypes.Unit.UnitTestAdapter" className="MS.TF.Test.VisualStudioServices.Licensing.MsdnLicensingAdapterTests+GetRightsInternal" name="GetRightsInternal_Client_HandleMultipleActiveEntitlementsWhenQueryContextEditionIsEqualToMaxEntitlement" />
    </UnitTest>
    <UnitTest name="GetRightsInternal_Client_Handle_VisualStudio_Enterprise_Annual_ActiveEntitlement" storage="d:\v2.0\a1\_work\dbded102\bin\release.anycpu\sps.service\ms.vs.services.licensing.l0.tests\ms.vs.services.licensing.l0.tests.dll" id="670b3e0b-8af3-480d-f403-a00f93927bf2">
      <Execution id="c3775352-bc61-48e0-b50d-57e0656bb89d" />
      <TestMethod codeBase="D:\v2.0\A1\_work\dbded102\bin\Release.AnyCPU\Sps.Service\MS.VS.Services.Licensing.L0.Tests\MS.VS.Services.Licensing.L0.Tests.dll" adapterTypeName="Microsoft.VisualStudio.TestTools.TestTypes.Unit.UnitTestAdapter" className="MS.TF.Test.VisualStudioServices.Licensing.MsdnLicensingAdapterTests+GetRightsInternal" name="GetRightsInternal_Client_Handle_VisualStudio_Enterprise_Annual_ActiveEntitlement" />
    </UnitTest>
    <UnitTest name="GetRightsInternal_Client_Handle_VisualStudio_Enterprise_Monthly_ActiveEntitlement" storage="d:\v2.0\a1\_work\dbded102\bin\release.anycpu\sps.service\ms.vs.services.licensing.l0.tests\ms.vs.services.licensing.l0.tests.dll" id="ebd01e97-ebb9-3872-778e-8ba0e428aa6b">
      <Execution id="7317c01f-0c10-4637-881c-5c900ae2a64b" />
      <TestMethod codeBase="D:\v2.0\A1\_work\dbded102\bin\Release.AnyCPU\Sps.Service\MS.VS.Services.Licensing.L0.Tests\MS.VS.Services.Licensing.L0.Tests.dll" adapterTypeName="Microsoft.VisualStudio.TestTools.TestTypes.Unit.UnitTestAdapter" className="MS.TF.Test.VisualStudioServices.Licensing.MsdnLicensingAdapterTests+GetRightsInternal" name="GetRightsInternal_Client_Handle_VisualStudio_Enterprise_Monthly_ActiveEntitlement" />
    </UnitTest>
    <UnitTest name="GetRightsInternal_Client_Handle_VisualStudio_Professional_Monthly_ActiveEntitlement" storage="d:\v2.0\a1\_work\dbded102\bin\release.anycpu\sps.service\ms.vs.services.licensing.l0.tests\ms.vs.services.licensing.l0.tests.dll" id="99a46b8d-5ee9-6e22-0d00-5434555535da">
      <Execution id="f21cc44b-6322-4e9d-907d-eaf1b196d25e" />
      <TestMethod codeBase="D:\v2.0\A1\_work\dbded102\bin\Release.AnyCPU\Sps.Service\MS.VS.Services.Licensing.L0.Tests\MS.VS.Services.Licensing.L0.Tests.dll" adapterTypeName="Microsoft.VisualStudio.TestTools.TestTypes.Unit.UnitTestAdapter" className="MS.TF.Test.VisualStudioServices.Licensing.MsdnLicensingAdapterTests+GetRightsInternal" name="GetRightsInternal_Client_Handle_VisualStudio_Professional_Monthly_ActiveEntitlement" />
    </UnitTest>
    <UnitTest name="GetRightsInternal_Client_Handle_VisualStudio_Professional_Annual_ActiveEntitlement" storage="d:\v2.0\a1\_work\dbded102\bin\release.anycpu\sps.service\ms.vs.services.licensing.l0.tests\ms.vs.services.licensing.l0.tests.dll" id="659981cf-c583-6413-9799-bf549827b2cf">
      <Execution id="7147b421-b5a4-4db2-817d-90d638db42b1" />
      <TestMethod codeBase="D:\v2.0\A1\_work\dbded102\bin\Release.AnyCPU\Sps.Service\MS.VS.Services.Licensing.L0.Tests\MS.VS.Services.Licensing.L0.Tests.dll" adapterTypeName="Microsoft.VisualStudio.TestTools.TestTypes.Unit.UnitTestAdapter" className="MS.TF.Test.VisualStudioServices.Licensing.MsdnLicensingAdapterTests+GetRightsInternal" name="GetRightsInternal_Client_Handle_VisualStudio_Professional_Annual_ActiveEntitlement" />
    </UnitTest>
    <UnitTest name="GetRightsInternal_Client_Returns_Test_Manager_Extension_Although_User_Have_MSDN_TestProfessional_Subscription" storage="d:\v2.0\a1\_work\dbded102\bin\release.anycpu\sps.service\ms.vs.services.licensing.l0.tests\ms.vs.services.licensing.l0.tests.dll" id="63ae2c13-63c0-6555-2e70-4059c2172008">
      <Execution id="d67eb898-ed78-4423-96ae-86fe2efa00e9" />
      <TestMethod codeBase="D:\v2.0\A1\_work\dbded102\bin\Release.AnyCPU\Sps.Service\MS.VS.Services.Licensing.L0.Tests\MS.VS.Services.Licensing.L0.Tests.dll" adapterTypeName="Microsoft.VisualStudio.TestTools.TestTypes.Unit.UnitTestAdapter" className="MS.TF.Test.VisualStudioServices.Licensing.MsdnLicensingAdapterTests+GetRightsInternal" name="GetRightsInternal_Client_Returns_Test_Manager_Extension_Although_User_Have_MSDN_TestProfessional_Subscription" />
    </UnitTest>
    <UnitTest name="GetRightsInternal_Client_Returns_VisualStudio_Professional_Annual_Although_User_Have_MSDN_Professional_Subscription" storage="d:\v2.0\a1\_work\dbded102\bin\release.anycpu\sps.service\ms.vs.services.licensing.l0.tests\ms.vs.services.licensing.l0.tests.dll" id="c17eed9c-2c6e-f453-1931-240a81b73745">
      <Execution id="e44b0ec0-c3f0-4d3c-a5d6-382bb058f21f" />
      <TestMethod codeBase="D:\v2.0\A1\_work\dbded102\bin\Release.AnyCPU\Sps.Service\MS.VS.Services.Licensing.L0.Tests\MS.VS.Services.Licensing.L0.Tests.dll" adapterTypeName="Microsoft.VisualStudio.TestTools.TestTypes.Unit.UnitTestAdapter" className="MS.TF.Test.VisualStudioServices.Licensing.MsdnLicensingAdapterTests+GetRightsInternal" name="GetRightsInternal_Client_Returns_VisualStudio_Professional_Annual_Although_User_Have_MSDN_Professional_Subscription" />
    </UnitTest>
    <UnitTest name="GetRightsInternal_Client_Returns_VisualStudio_Professional_Annual_Although_User_Have_VisualStudio_Professional_Monthly_Subscription" storage="d:\v2.0\a1\_work\dbded102\bin\release.anycpu\sps.service\ms.vs.services.licensing.l0.tests\ms.vs.services.licensing.l0.tests.dll" id="3d283c61-6c4e-177c-b484-6898e62bc161">
      <Execution id="e7adfd70-07f9-414f-99a1-6d4e7cd386f0" />
      <TestMethod codeBase="D:\v2.0\A1\_work\dbded102\bin\Release.AnyCPU\Sps.Service\MS.VS.Services.Licensing.L0.Tests\MS.VS.Services.Licensing.L0.Tests.dll" adapterTypeName="Microsoft.VisualStudio.TestTools.TestTypes.Unit.UnitTestAdapter" className="MS.TF.Test.VisualStudioServices.Licensing.MsdnLicensingAdapterTests+GetRightsInternal" name="GetRightsInternal_Client_Returns_VisualStudio_Professional_Annual_Although_User_Have_VisualStudio_Professional_Monthly_Subscription" />
    </UnitTest>
    <UnitTest name="GetRightsInternal_Client_Returns_MSDN_Professional_Although_User_Have_VisualStudio_Professional_Monthly_Subscription" storage="d:\v2.0\a1\_work\dbded102\bin\release.anycpu\sps.service\ms.vs.services.licensing.l0.tests\ms.vs.services.licensing.l0.tests.dll" id="202141cc-ab34-47d5-0ac4-dbbfa9ce6981">
      <Execution id="a63d483d-b32b-47f4-a350-a2808fece4d4" />
      <TestMethod codeBase="D:\v2.0\A1\_work\dbded102\bin\Release.AnyCPU\Sps.Service\MS.VS.Services.Licensing.L0.Tests\MS.VS.Services.Licensing.L0.Tests.dll" adapterTypeName="Microsoft.VisualStudio.TestTools.TestTypes.Unit.UnitTestAdapter" className="MS.TF.Test.VisualStudioServices.Licensing.MsdnLicensingAdapterTests+GetRightsInternal" name="GetRightsInternal_Client_Returns_MSDN_Professional_Although_User_Have_VisualStudio_Professional_Monthly_Subscription" />
    </UnitTest>
    <UnitTest name="GetRightsInternal_Client_Returns_VisualStudio_Enterprise_Edition_For_Version_14_Although_User_Have_VisualStudio_Professional_Annual_Subscription" storage="d:\v2.0\a1\_work\dbded102\bin\release.anycpu\sps.service\ms.vs.services.licensing.l0.tests\ms.vs.services.licensing.l0.tests.dll" id="5fe8c0e5-4055-d784-acdb-c71b9cbd8d3b">
      <Execution id="ab7a6688-20ef-4ecb-95c0-49c8c15e8d0f" />
      <TestMethod codeBase="D:\v2.0\A1\_work\dbded102\bin\Release.AnyCPU\Sps.Service\MS.VS.Services.Licensing.L0.Tests\MS.VS.Services.Licensing.L0.Tests.dll" adapterTypeName="Microsoft.VisualStudio.TestTools.TestTypes.Unit.UnitTestAdapter" className="MS.TF.Test.VisualStudioServices.Licensing.MsdnLicensingAdapterTests+GetRightsInternal" name="GetRightsInternal_Client_Returns_VisualStudio_Enterprise_Edition_For_Version_14_Although_User_Have_VisualStudio_Professional_Annual_Subscription" />
    </UnitTest>
    <UnitTest name="GetRightsInternal_Client_Returns_VisualStudio_Professional_Edition_For_Version_12_Although_User_Have_VisualStudio_Professional_Annual_Subscription" storage="d:\v2.0\a1\_work\dbded102\bin\release.anycpu\sps.service\ms.vs.services.licensing.l0.tests\ms.vs.services.licensing.l0.tests.dll" id="001e0a2f-01ce-eee5-afee-0dc32db14569">
      <Execution id="babfcf75-f091-445d-bab6-235e733fa637" />
      <TestMethod codeBase="D:\v2.0\A1\_work\dbded102\bin\Release.AnyCPU\Sps.Service\MS.VS.Services.Licensing.L0.Tests\MS.VS.Services.Licensing.L0.Tests.dll" adapterTypeName="Microsoft.VisualStudio.TestTools.TestTypes.Unit.UnitTestAdapter" className="MS.TF.Test.VisualStudioServices.Licensing.MsdnLicensingAdapterTests+GetRightsInternal" name="GetRightsInternal_Client_Returns_VisualStudio_Professional_Edition_For_Version_12_Although_User_Have_VisualStudio_Professional_Annual_Subscription" />
    </UnitTest>
    <UnitTest name="GetRightsInternal_Client_Returns_VisualStudio_Enterprise_Annual_Although_User_Have_MSDN_Enterprise_Subscription" storage="d:\v2.0\a1\_work\dbded102\bin\release.anycpu\sps.service\ms.vs.services.licensing.l0.tests\ms.vs.services.licensing.l0.tests.dll" id="4db560c4-b15e-a80b-f21d-743abdb43963">
      <Execution id="a7813a8b-33b1-46e7-8559-45c3bd8aba95" />
      <TestMethod codeBase="D:\v2.0\A1\_work\dbded102\bin\Release.AnyCPU\Sps.Service\MS.VS.Services.Licensing.L0.Tests\MS.VS.Services.Licensing.L0.Tests.dll" adapterTypeName="Microsoft.VisualStudio.TestTools.TestTypes.Unit.UnitTestAdapter" className="MS.TF.Test.VisualStudioServices.Licensing.MsdnLicensingAdapterTests+GetRightsInternal" name="GetRightsInternal_Client_Returns_VisualStudio_Enterprise_Annual_Although_User_Have_MSDN_Enterprise_Subscription" />
    </UnitTest>
    <UnitTest name="GetRightsInternal_Client_Returns_VisualStudio_Enterprise_Annual_Although_User_Have_VisualStudio_Enterprise_Monthly_Subscription" storage="d:\v2.0\a1\_work\dbded102\bin\release.anycpu\sps.service\ms.vs.services.licensing.l0.tests\ms.vs.services.licensing.l0.tests.dll" id="ffd153b8-7a25-ae21-6139-98b13be443bc">
      <Execution id="d7cc2ae3-35ea-4aa6-b3a1-b649a269a870" />
      <TestMethod codeBase="D:\v2.0\A1\_work\dbded102\bin\Release.AnyCPU\Sps.Service\MS.VS.Services.Licensing.L0.Tests\MS.VS.Services.Licensing.L0.Tests.dll" adapterTypeName="Microsoft.VisualStudio.TestTools.TestTypes.Unit.UnitTestAdapter" className="MS.TF.Test.VisualStudioServices.Licensing.MsdnLicensingAdapterTests+GetRightsInternal" name="GetRightsInternal_Client_Returns_VisualStudio_Enterprise_Annual_Although_User_Have_VisualStudio_Enterprise_Monthly_Subscription" />
    </UnitTest>
    <UnitTest name="GetRightsInternal_Client_Returns_MSDN_Enterprise_Although_User_Have_VisualStudio_Enterprise_Monthly_Subscription" storage="d:\v2.0\a1\_work\dbded102\bin\release.anycpu\sps.service\ms.vs.services.licensing.l0.tests\ms.vs.services.licensing.l0.tests.dll" id="bfb47944-fa36-d44a-15a4-e3d55cf32730">
      <Execution id="3972ec2c-5966-41b4-b88c-895e9b7aabeb" />
      <TestMethod codeBase="D:\v2.0\A1\_work\dbded102\bin\Release.AnyCPU\Sps.Service\MS.VS.Services.Licensing.L0.Tests\MS.VS.Services.Licensing.L0.Tests.dll" adapterTypeName="Microsoft.VisualStudio.TestTools.TestTypes.Unit.UnitTestAdapter" className="MS.TF.Test.VisualStudioServices.Licensing.MsdnLicensingAdapterTests+GetRightsInternal" name="GetRightsInternal_Client_Returns_MSDN_Enterprise_Although_User_Have_VisualStudio_Enterprise_Monthly_Subscription" />
    </UnitTest>
    <UnitTest name="GetRightsInternal_Client_HandleMultipleActiveEntitlementsWhenQueryContextEditionIsLessThanMaxEntitlement" storage="d:\v2.0\a1\_work\dbded102\bin\release.anycpu\sps.service\ms.vs.services.licensing.l0.tests\ms.vs.services.licensing.l0.tests.dll" id="7114b87c-2ea2-58f8-bdef-298175ac62c7">
      <Execution id="8b5b12b9-2659-4bdc-97d4-60c11c272067" />
      <TestMethod codeBase="D:\v2.0\A1\_work\dbded102\bin\Release.AnyCPU\Sps.Service\MS.VS.Services.Licensing.L0.Tests\MS.VS.Services.Licensing.L0.Tests.dll" adapterTypeName="Microsoft.VisualStudio.TestTools.TestTypes.Unit.UnitTestAdapter" className="MS.TF.Test.VisualStudioServices.Licensing.MsdnLicensingAdapterTests+GetRightsInternal" name="GetRightsInternal_Client_HandleMultipleActiveEntitlementsWhenQueryContextEditionIsLessThanMaxEntitlement" />
    </UnitTest>
    <UnitTest name="GetRightsInternal_Client_InvalidEntitlementType" storage="d:\v2.0\a1\_work\dbded102\bin\release.anycpu\sps.service\ms.vs.services.licensing.l0.tests\ms.vs.services.licensing.l0.tests.dll" id="d3c189e9-928d-1b4e-aa79-7300f3755464">
      <Execution id="12e1f024-fb46-40d8-bb87-c61e08f6bca9" />
      <TestMethod codeBase="D:\v2.0\A1\_work\dbded102\bin\Release.AnyCPU\Sps.Service\MS.VS.Services.Licensing.L0.Tests\MS.VS.Services.Licensing.L0.Tests.dll" adapterTypeName="Microsoft.VisualStudio.TestTools.TestTypes.Unit.UnitTestAdapter" className="MS.TF.Test.VisualStudioServices.Licensing.MsdnLicensingAdapterTests+GetRightsInternal" name="GetRightsInternal_Client_InvalidEntitlementType" />
    </UnitTest>
    <UnitTest name="GetRightsInternal_Client_EmptyEntitlementCode" storage="d:\v2.0\a1\_work\dbded102\bin\release.anycpu\sps.service\ms.vs.services.licensing.l0.tests\ms.vs.services.licensing.l0.tests.dll" id="5c63a3db-dbc8-3c9c-ccde-6b5f5f4ee7bb">
      <Execution id="faff1ba2-ba5c-40df-acc9-d7aa1481e742" />
      <TestMethod codeBase="D:\v2.0\A1\_work\dbded102\bin\Release.AnyCPU\Sps.Service\MS.VS.Services.Licensing.L0.Tests\MS.VS.Services.Licensing.L0.Tests.dll" adapterTypeName="Microsoft.VisualStudio.TestTools.TestTypes.Unit.UnitTestAdapter" className="MS.TF.Test.VisualStudioServices.Licensing.MsdnLicensingAdapterTests+GetRightsInternal" name="GetRightsInternal_Client_EmptyEntitlementCode" />
    </UnitTest>
    <UnitTest name="GetRightsInternal_Client_InvalidEntitlementCode" storage="d:\v2.0\a1\_work\dbded102\bin\release.anycpu\sps.service\ms.vs.services.licensing.l0.tests\ms.vs.services.licensing.l0.tests.dll" id="8edeb92c-ea17-513f-fda7-347349321687">
      <Execution id="3d82a72d-7fb4-4830-bb0a-5feadb384ea7" />
      <TestMethod codeBase="D:\v2.0\A1\_work\dbded102\bin\Release.AnyCPU\Sps.Service\MS.VS.Services.Licensing.L0.Tests\MS.VS.Services.Licensing.L0.Tests.dll" adapterTypeName="Microsoft.VisualStudio.TestTools.TestTypes.Unit.UnitTestAdapter" className="MS.TF.Test.VisualStudioServices.Licensing.MsdnLicensingAdapterTests+GetRightsInternal" name="GetRightsInternal_Client_InvalidEntitlementCode" />
    </UnitTest>
    <UnitTest name="GetRightsInternal_Client_EntitlementCodeIsTestPro" storage="d:\v2.0\a1\_work\dbded102\bin\release.anycpu\sps.service\ms.vs.services.licensing.l0.tests\ms.vs.services.licensing.l0.tests.dll" id="7f498f6f-f594-030d-2e70-5b17371c54d2">
      <Execution id="01c42d97-842a-4071-805c-4ce821d7b187" />
      <TestMethod codeBase="D:\v2.0\A1\_work\dbded102\bin\Release.AnyCPU\Sps.Service\MS.VS.Services.Licensing.L0.Tests\MS.VS.Services.Licensing.L0.Tests.dll" adapterTypeName="Microsoft.VisualStudio.TestTools.TestTypes.Unit.UnitTestAdapter" className="MS.TF.Test.VisualStudioServices.Licensing.MsdnLicensingAdapterTests+GetRightsInternal" name="GetRightsInternal_Client_EntitlementCodeIsTestPro" />
    </UnitTest>
    <UnitTest name="GetRightsInternal_Client_EntitlementTypeIsCaseAgnostic" storage="d:\v2.0\a1\_work\dbded102\bin\release.anycpu\sps.service\ms.vs.services.licensing.l0.tests\ms.vs.services.licensing.l0.tests.dll" id="bf96a341-0a4c-79de-d4ba-12952e49455f">
      <Execution id="8cecbb0b-ab9e-4756-80f4-d43a8eaffb51" />
      <TestMethod codeBase="D:\v2.0\A1\_work\dbded102\bin\Release.AnyCPU\Sps.Service\MS.VS.Services.Licensing.L0.Tests\MS.VS.Services.Licensing.L0.Tests.dll" adapterTypeName="Microsoft.VisualStudio.TestTools.TestTypes.Unit.UnitTestAdapter" className="MS.TF.Test.VisualStudioServices.Licensing.MsdnLicensingAdapterTests+GetRightsInternal" name="GetRightsInternal_Client_EntitlementTypeIsCaseAgnostic" />
    </UnitTest>
    <UnitTest name="GetRightsInternal_Client_EntitlementCodeIsCaseAgnostic" storage="d:\v2.0\a1\_work\dbded102\bin\release.anycpu\sps.service\ms.vs.services.licensing.l0.tests\ms.vs.services.licensing.l0.tests.dll" id="af4b07eb-2347-7399-b703-43e446788f15">
      <Execution id="a70a9701-5d4d-457a-82d1-0a193b943874" />
      <TestMethod codeBase="D:\v2.0\A1\_work\dbded102\bin\Release.AnyCPU\Sps.Service\MS.VS.Services.Licensing.L0.Tests\MS.VS.Services.Licensing.L0.Tests.dll" adapterTypeName="Microsoft.VisualStudio.TestTools.TestTypes.Unit.UnitTestAdapter" className="MS.TF.Test.VisualStudioServices.Licensing.MsdnLicensingAdapterTests+GetRightsInternal" name="GetRightsInternal_Client_EntitlementCodeIsCaseAgnostic" />
    </UnitTest>
    <UnitTest name="GetRightsInternal_Client_PassedExpirationDateIsNotRespected" storage="d:\v2.0\a1\_work\dbded102\bin\release.anycpu\sps.service\ms.vs.services.licensing.l0.tests\ms.vs.services.licensing.l0.tests.dll" id="e887ce39-2c36-a9c4-9d9c-2b7679d18c86">
      <Execution id="4f0b40bf-2652-4b52-b54a-4ad7adb25a5d" />
      <TestMethod codeBase="D:\v2.0\A1\_work\dbded102\bin\Release.AnyCPU\Sps.Service\MS.VS.Services.Licensing.L0.Tests\MS.VS.Services.Licensing.L0.Tests.dll" adapterTypeName="Microsoft.VisualStudio.TestTools.TestTypes.Unit.UnitTestAdapter" className="MS.TF.Test.VisualStudioServices.Licensing.MsdnLicensingAdapterTests+GetRightsInternal" name="GetRightsInternal_Client_PassedExpirationDateIsNotRespected" />
    </UnitTest>
    <UnitTest name="GetRightsInternal_Client_HandleGraceSubscriptionStatusAsActiveEntitlement" storage="d:\v2.0\a1\_work\dbded102\bin\release.anycpu\sps.service\ms.vs.services.licensing.l0.tests\ms.vs.services.licensing.l0.tests.dll" id="f6372865-d9c8-4289-5cec-b43fa6687953">
      <Execution id="7b247eb6-b4fb-45dc-a109-3c6dd95b6cbf" />
      <TestMethod codeBase="D:\v2.0\A1\_work\dbded102\bin\Release.AnyCPU\Sps.Service\MS.VS.Services.Licensing.L0.Tests\MS.VS.Services.Licensing.L0.Tests.dll" adapterTypeName="Microsoft.VisualStudio.TestTools.TestTypes.Unit.UnitTestAdapter" className="MS.TF.Test.VisualStudioServices.Licensing.MsdnLicensingAdapterTests+GetRightsInternal" name="GetRightsInternal_Client_HandleGraceSubscriptionStatusAsActiveEntitlement" />
    </UnitTest>
    <UnitTest name="GetRightsInternal_Client_HandleProductVersion" storage="d:\v2.0\a1\_work\dbded102\bin\release.anycpu\sps.service\ms.vs.services.licensing.l0.tests\ms.vs.services.licensing.l0.tests.dll" id="ec5a4b8a-1cca-97b3-b128-34e7a4093f24">
      <Execution id="dff67883-1d89-4b83-be91-b1d938c546de" />
      <TestMethod codeBase="D:\v2.0\A1\_work\dbded102\bin\Release.AnyCPU\Sps.Service\MS.VS.Services.Licensing.L0.Tests\MS.VS.Services.Licensing.L0.Tests.dll" adapterTypeName="Microsoft.VisualStudio.TestTools.TestTypes.Unit.UnitTestAdapter" className="MS.TF.Test.VisualStudioServices.Licensing.MsdnLicensingAdapterTests+GetRightsInternal" name="GetRightsInternal_Client_HandleProductVersion" />
    </UnitTest>
    <UnitTest name="TranslateMsdnEntitlementsToMsdnLicense_ReturnMaxForMultipleSubscriptions" storage="d:\v2.0\a1\_work\dbded102\bin\release.anycpu\sps.service\ms.vs.services.licensing.l0.tests\ms.vs.services.licensing.l0.tests.dll" id="dcd5d742-33b8-5801-e690-9b65d236f877">
      <Execution id="ed7be018-b41c-450f-b044-67a447a17bed" />
      <TestMethod codeBase="D:\v2.0\A1\_work\dbded102\bin\Release.AnyCPU\Sps.Service\MS.VS.Services.Licensing.L0.Tests\MS.VS.Services.Licensing.L0.Tests.dll" adapterTypeName="Microsoft.VisualStudio.TestTools.TestTypes.Unit.UnitTestAdapter" className="MS.TF.Test.VisualStudioServices.Licensing.MsdnLicensingAdapterTests+TranslateMsdnEntitlementsToMsdnLicense" name="TranslateMsdnEntitlementsToMsdnLicense_ReturnMaxForMultipleSubscriptions" />
    </UnitTest>
    <UnitTest name="TranslateMsdnEntitlementsToMsdnLicense_ReturnMaxForMultipleClientEntitlements" storage="d:\v2.0\a1\_work\dbded102\bin\release.anycpu\sps.service\ms.vs.services.licensing.l0.tests\ms.vs.services.licensing.l0.tests.dll" id="b0a0052d-1b07-165e-bd38-7975acab8b15">
      <Execution id="f9159f75-33da-49e2-8943-e89b19e46ba8" />
      <TestMethod codeBase="D:\v2.0\A1\_work\dbded102\bin\Release.AnyCPU\Sps.Service\MS.VS.Services.Licensing.L0.Tests\MS.VS.Services.Licensing.L0.Tests.dll" adapterTypeName="Microsoft.VisualStudio.TestTools.TestTypes.Unit.UnitTestAdapter" className="MS.TF.Test.VisualStudioServices.Licensing.MsdnLicensingAdapterTests+TranslateMsdnEntitlementsToMsdnLicense" name="TranslateMsdnEntitlementsToMsdnLicense_ReturnMaxForMultipleClientEntitlements" />
    </UnitTest>
    <UnitTest name="TranslateMsdnEntitlementsToMsdnLicense_ReturnMaxForMultipleServiceEntitlements" storage="d:\v2.0\a1\_work\dbded102\bin\release.anycpu\sps.service\ms.vs.services.licensing.l0.tests\ms.vs.services.licensing.l0.tests.dll" id="1ea65b0d-b398-385a-f66f-a43b6ed64fb9">
      <Execution id="29f90f9c-da9e-4f82-b7c6-7cf629059c2e" />
      <TestMethod codeBase="D:\v2.0\A1\_work\dbded102\bin\Release.AnyCPU\Sps.Service\MS.VS.Services.Licensing.L0.Tests\MS.VS.Services.Licensing.L0.Tests.dll" adapterTypeName="Microsoft.VisualStudio.TestTools.TestTypes.Unit.UnitTestAdapter" className="MS.TF.Test.VisualStudioServices.Licensing.MsdnLicensingAdapterTests+TranslateMsdnEntitlementsToMsdnLicense" name="TranslateMsdnEntitlementsToMsdnLicense_ReturnMaxForMultipleServiceEntitlements" />
    </UnitTest>
    <UnitTest name="TranslateMsdnEntitlementsToMsdnLicense_ReturnTestProfessionalForMultipleClientEntitlementsWithTestProfessionalAndPlatforms" storage="d:\v2.0\a1\_work\dbded102\bin\release.anycpu\sps.service\ms.vs.services.licensing.l0.tests\ms.vs.services.licensing.l0.tests.dll" id="6a9ecbc5-eb35-bf3c-d514-dc11226c7917">
      <Execution id="604648ff-c662-4d4d-8f4b-3ec2e47466f2" />
      <TestMethod codeBase="D:\v2.0\A1\_work\dbded102\bin\Release.AnyCPU\Sps.Service\MS.VS.Services.Licensing.L0.Tests\MS.VS.Services.Licensing.L0.Tests.dll" adapterTypeName="Microsoft.VisualStudio.TestTools.TestTypes.Unit.UnitTestAdapter" className="MS.TF.Test.VisualStudioServices.Licensing.MsdnLicensingAdapterTests+TranslateMsdnEntitlementsToMsdnLicense" name="TranslateMsdnEntitlementsToMsdnLicense_ReturnTestProfessionalForMultipleClientEntitlementsWithTestProfessionalAndPlatforms" />
    </UnitTest>
    <UnitTest name="TranslateMsdnEntitlementsToMsdnLicense_ReturnPlatformsForWithValidSubscriptionLevelCode" storage="d:\v2.0\a1\_work\dbded102\bin\release.anycpu\sps.service\ms.vs.services.licensing.l0.tests\ms.vs.services.licensing.l0.tests.dll" id="7bde16c2-a8aa-ac94-7695-421ef1bfa1ec">
      <Execution id="9b589337-db6b-445c-98af-76a7e8a41051" />
      <TestMethod codeBase="D:\v2.0\A1\_work\dbded102\bin\Release.AnyCPU\Sps.Service\MS.VS.Services.Licensing.L0.Tests\MS.VS.Services.Licensing.L0.Tests.dll" adapterTypeName="Microsoft.VisualStudio.TestTools.TestTypes.Unit.UnitTestAdapter" className="MS.TF.Test.VisualStudioServices.Licensing.MsdnLicensingAdapterTests+TranslateMsdnEntitlementsToMsdnLicense" name="TranslateMsdnEntitlementsToMsdnLicense_ReturnPlatformsForWithValidSubscriptionLevelCode" />
    </UnitTest>
    <UnitTest name="TranslateMsdnEntitlementsToMsdnLicense_ReturnNoPlatformsForWithInValidSubscriptionLevelCode" storage="d:\v2.0\a1\_work\dbded102\bin\release.anycpu\sps.service\ms.vs.services.licensing.l0.tests\ms.vs.services.licensing.l0.tests.dll" id="3ccc0502-1d50-8afd-be51-b899ba9a5e4a">
      <Execution id="4f5dd219-0818-4fb6-a301-8986a6429ea3" />
      <TestMethod codeBase="D:\v2.0\A1\_work\dbded102\bin\Release.AnyCPU\Sps.Service\MS.VS.Services.Licensing.L0.Tests\MS.VS.Services.Licensing.L0.Tests.dll" adapterTypeName="Microsoft.VisualStudio.TestTools.TestTypes.Unit.UnitTestAdapter" className="MS.TF.Test.VisualStudioServices.Licensing.MsdnLicensingAdapterTests+TranslateMsdnEntitlementsToMsdnLicense" name="TranslateMsdnEntitlementsToMsdnLicense_ReturnNoPlatformsForWithInValidSubscriptionLevelCode" />
    </UnitTest>
    <UnitTest name="TranslateMsdnEntitlementsToMsdnLicense_ReturnNoLicenseForInvalidEntitlementCode" storage="d:\v2.0\a1\_work\dbded102\bin\release.anycpu\sps.service\ms.vs.services.licensing.l0.tests\ms.vs.services.licensing.l0.tests.dll" id="ef854d9e-7497-1a51-8f1e-3bc5d6cba61d">
      <Execution id="bfc47c6f-dd25-4e69-acf4-c65493f7171b" />
      <TestMethod codeBase="D:\v2.0\A1\_work\dbded102\bin\Release.AnyCPU\Sps.Service\MS.VS.Services.Licensing.L0.Tests\MS.VS.Services.Licensing.L0.Tests.dll" adapterTypeName="Microsoft.VisualStudio.TestTools.TestTypes.Unit.UnitTestAdapter" className="MS.TF.Test.VisualStudioServices.Licensing.MsdnLicensingAdapterTests+TranslateMsdnEntitlementsToMsdnLicense" name="TranslateMsdnEntitlementsToMsdnLicense_ReturnNoLicenseForInvalidEntitlementCode" />
    </UnitTest>
    <UnitTest name="TranslateMsdnEntitlementsToMsdnLicense_ReturnNoLicenseForNonActiveSubscription" storage="d:\v2.0\a1\_work\dbded102\bin\release.anycpu\sps.service\ms.vs.services.licensing.l0.tests\ms.vs.services.licensing.l0.tests.dll" id="6b68dd7f-6014-f702-46d6-476f0a7747fc">
      <Execution id="56faa027-dd48-4b13-8581-64114ccac2a4" />
      <TestMethod codeBase="D:\v2.0\A1\_work\dbded102\bin\Release.AnyCPU\Sps.Service\MS.VS.Services.Licensing.L0.Tests\MS.VS.Services.Licensing.L0.Tests.dll" adapterTypeName="Microsoft.VisualStudio.TestTools.TestTypes.Unit.UnitTestAdapter" className="MS.TF.Test.VisualStudioServices.Licensing.MsdnLicensingAdapterTests+TranslateMsdnEntitlementsToMsdnLicense" name="TranslateMsdnEntitlementsToMsdnLicense_ReturnNoLicenseForNonActiveSubscription" />
    </UnitTest>
    <UnitTest name="TracingMsdnEntitlementsWorks" storage="d:\v2.0\a1\_work\dbded102\bin\release.anycpu\sps.service\ms.vs.services.licensing.l0.tests\ms.vs.services.licensing.l0.tests.dll" id="791931f2-17f4-708a-8980-095585722f89">
      <Execution id="ac6e2782-2b16-4cbe-922d-2bf6785e77d6" />
      <TestMethod codeBase="D:\v2.0\A1\_work\dbded102\bin\Release.AnyCPU\Sps.Service\MS.VS.Services.Licensing.L0.Tests\MS.VS.Services.Licensing.L0.Tests.dll" adapterTypeName="Microsoft.VisualStudio.TestTools.TestTypes.Unit.UnitTestAdapter" className="MS.TF.Test.VisualStudioServices.Licensing.MsdnLicensingAdapterTests+TranslateMsdnEntitlementsToMsdnLicense" name="TracingMsdnEntitlementsWorks" />
    </UnitTest>
    <UnitTest name="Start_WillThrowWhenPassedNullRequestContext" storage="d:\v2.0\a1\_work\dbded102\bin\release.anycpu\sps.service\ms.vs.services.licensing.l0.tests\ms.vs.services.licensing.l0.tests.dll" id="7830a678-094c-4fb6-c4ab-4d7dcb5513ac">
      <Execution id="d73e4dfe-ca08-4a67-a378-c806afe77c10" />
      <TestMethod codeBase="D:\v2.0\A1\_work\dbded102\bin\Release.AnyCPU\Sps.Service\MS.VS.Services.Licensing.L0.Tests\MS.VS.Services.Licensing.L0.Tests.dll" adapterTypeName="Microsoft.VisualStudio.TestTools.TestTypes.Unit.UnitTestAdapter" className="MS.TF.Test.VisualStudioServices.Licensing.VisualStudioAccountLicensingAdapterTests+Start" name="Start_WillThrowWhenPassedNullRequestContext" />
    </UnitTest>
    <UnitTest name="Stop_WillThrowWhenPassedNullRequestContext" storage="d:\v2.0\a1\_work\dbded102\bin\release.anycpu\sps.service\ms.vs.services.licensing.l0.tests\ms.vs.services.licensing.l0.tests.dll" id="2743d772-bdf9-7dbc-b727-c3b82018ccc9">
      <Execution id="90e5ca2b-cb82-4459-9cbc-59341529cb65" />
      <TestMethod codeBase="D:\v2.0\A1\_work\dbded102\bin\Release.AnyCPU\Sps.Service\MS.VS.Services.Licensing.L0.Tests\MS.VS.Services.Licensing.L0.Tests.dll" adapterTypeName="Microsoft.VisualStudio.TestTools.TestTypes.Unit.UnitTestAdapter" className="MS.TF.Test.VisualStudioServices.Licensing.VisualStudioAccountLicensingAdapterTests+Stop" name="Stop_WillThrowWhenPassedNullRequestContext" />
    </UnitTest>
    <UnitTest name="GetRights_WillThrowWhenPassedNullRequestContext" storage="d:\v2.0\a1\_work\dbded102\bin\release.anycpu\sps.service\ms.vs.services.licensing.l0.tests\ms.vs.services.licensing.l0.tests.dll" id="2ec39f4d-bbcc-8117-c9ae-2e50dc47fb17">
      <Execution id="63babcd0-1194-46cb-aaf2-dc12773df6a1" />
      <TestMethod codeBase="D:\v2.0\A1\_work\dbded102\bin\Release.AnyCPU\Sps.Service\MS.VS.Services.Licensing.L0.Tests\MS.VS.Services.Licensing.L0.Tests.dll" adapterTypeName="Microsoft.VisualStudio.TestTools.TestTypes.Unit.UnitTestAdapter" className="MS.TF.Test.VisualStudioServices.Licensing.VisualStudioAccountLicensingAdapterTests+GetRights" name="GetRights_WillThrowWhenPassedNullRequestContext" />
    </UnitTest>
    <UnitTest name="GetRights_WillThrowWhenPassedNullAdapterContext" storage="d:\v2.0\a1\_work\dbded102\bin\release.anycpu\sps.service\ms.vs.services.licensing.l0.tests\ms.vs.services.licensing.l0.tests.dll" id="10bc0bb7-7517-9d54-0ce8-aab9fe2eafea">
      <Execution id="b78dc17e-1460-4cb9-9ffc-8c1150997001" />
      <TestMethod codeBase="D:\v2.0\A1\_work\dbded102\bin\Release.AnyCPU\Sps.Service\MS.VS.Services.Licensing.L0.Tests\MS.VS.Services.Licensing.L0.Tests.dll" adapterTypeName="Microsoft.VisualStudio.TestTools.TestTypes.Unit.UnitTestAdapter" className="MS.TF.Test.VisualStudioServices.Licensing.VisualStudioAccountLicensingAdapterTests+GetRights" name="GetRights_WillThrowWhenPassedNullAdapterContext" />
    </UnitTest>
    <UnitTest name="GetRights_WillThrowWhenPassedInvalidProductVersion" storage="d:\v2.0\a1\_work\dbded102\bin\release.anycpu\sps.service\ms.vs.services.licensing.l0.tests\ms.vs.services.licensing.l0.tests.dll" id="3ca41836-d049-33e5-dbb2-a3199b8a1e61">
      <Execution id="441aeca2-0749-4a3f-8d2a-4d5ff7720a9b" />
      <TestMethod codeBase="D:\v2.0\A1\_work\dbded102\bin\Release.AnyCPU\Sps.Service\MS.VS.Services.Licensing.L0.Tests\MS.VS.Services.Licensing.L0.Tests.dll" adapterTypeName="Microsoft.VisualStudio.TestTools.TestTypes.Unit.UnitTestAdapter" className="MS.TF.Test.VisualStudioServices.Licensing.VisualStudioAccountLicensingAdapterTests+GetRights" name="GetRights_WillThrowWhenPassedInvalidProductVersion" />
    </UnitTest>
    <UnitTest name="GetRights_ReturnsNoRightsWhenLicenseSourcesAreNotApplicable" storage="d:\v2.0\a1\_work\dbded102\bin\release.anycpu\sps.service\ms.vs.services.licensing.l0.tests\ms.vs.services.licensing.l0.tests.dll" id="1d9ac3a6-667f-f7ac-25ce-ffe46e8f2d41">
      <Execution id="4c6a47ef-8572-4648-b48d-7bfcb82183f5" />
      <TestMethod codeBase="D:\v2.0\A1\_work\dbded102\bin\Release.AnyCPU\Sps.Service\MS.VS.Services.Licensing.L0.Tests\MS.VS.Services.Licensing.L0.Tests.dll" adapterTypeName="Microsoft.VisualStudio.TestTools.TestTypes.Unit.UnitTestAdapter" className="MS.TF.Test.VisualStudioServices.Licensing.VisualStudioAccountLicensingAdapterTests+GetRights" name="GetRights_ReturnsNoRightsWhenLicenseSourcesAreNotApplicable" />
    </UnitTest>
    <UnitTest name="GetRights_ReturnsNoRightsWhenLicensesAreNotApplicable" storage="d:\v2.0\a1\_work\dbded102\bin\release.anycpu\sps.service\ms.vs.services.licensing.l0.tests\ms.vs.services.licensing.l0.tests.dll" id="c95909ba-b8a5-b6eb-3983-8f5b5fbe3ad0">
      <Execution id="687b7625-7bdf-45b6-9916-4270397d5847" />
      <TestMethod codeBase="D:\v2.0\A1\_work\dbded102\bin\Release.AnyCPU\Sps.Service\MS.VS.Services.Licensing.L0.Tests\MS.VS.Services.Licensing.L0.Tests.dll" adapterTypeName="Microsoft.VisualStudio.TestTools.TestTypes.Unit.UnitTestAdapter" className="MS.TF.Test.VisualStudioServices.Licensing.VisualStudioAccountLicensingAdapterTests+GetRights" name="GetRights_ReturnsNoRightsWhenLicensesAreNotApplicable" />
    </UnitTest>
    <UnitTest name="GetRights_ReturnsNoRightsWhenLicensesAreApplicableButQueryContextEditionIsHigherThanMaxEntitlement" storage="d:\v2.0\a1\_work\dbded102\bin\release.anycpu\sps.service\ms.vs.services.licensing.l0.tests\ms.vs.services.licensing.l0.tests.dll" id="0a023647-1eb1-6a36-1be0-9922279f70ee">
      <Execution id="079127e4-15b4-4922-b516-6e2e82943d0e" />
      <TestMethod codeBase="D:\v2.0\A1\_work\dbded102\bin\Release.AnyCPU\Sps.Service\MS.VS.Services.Licensing.L0.Tests\MS.VS.Services.Licensing.L0.Tests.dll" adapterTypeName="Microsoft.VisualStudio.TestTools.TestTypes.Unit.UnitTestAdapter" className="MS.TF.Test.VisualStudioServices.Licensing.VisualStudioAccountLicensingAdapterTests+GetRights" name="GetRights_ReturnsNoRightsWhenLicensesAreApplicableButQueryContextEditionIsHigherThanMaxEntitlement" />
    </UnitTest>
    <UnitTest name="GetRights_ReturnsOneClientRightWhenQueryContextEditionIsEqualToMaxEntitlement" storage="d:\v2.0\a1\_work\dbded102\bin\release.anycpu\sps.service\ms.vs.services.licensing.l0.tests\ms.vs.services.licensing.l0.tests.dll" id="78fec4ea-4d9d-1513-cdcd-e25d5d58ee1b">
      <Execution id="72281915-6804-433f-94e5-80c1e251bd31" />
      <TestMethod codeBase="D:\v2.0\A1\_work\dbded102\bin\Release.AnyCPU\Sps.Service\MS.VS.Services.Licensing.L0.Tests\MS.VS.Services.Licensing.L0.Tests.dll" adapterTypeName="Microsoft.VisualStudio.TestTools.TestTypes.Unit.UnitTestAdapter" className="MS.TF.Test.VisualStudioServices.Licensing.VisualStudioAccountLicensingAdapterTests+GetRights" name="GetRights_ReturnsOneClientRightWhenQueryContextEditionIsEqualToMaxEntitlement" />
    </UnitTest>
    <UnitTest name="GetRights_ReturnsOneClientRightWhenQueryContextEditionIsLessThanMaxEntitlement" storage="d:\v2.0\a1\_work\dbded102\bin\release.anycpu\sps.service\ms.vs.services.licensing.l0.tests\ms.vs.services.licensing.l0.tests.dll" id="c7aa2af8-4d9b-8f4b-c4a9-e3163d8944b3">
      <Execution id="302182cf-10e3-4801-b6f2-9e825e28d4c0" />
      <TestMethod codeBase="D:\v2.0\A1\_work\dbded102\bin\Release.AnyCPU\Sps.Service\MS.VS.Services.Licensing.L0.Tests\MS.VS.Services.Licensing.L0.Tests.dll" adapterTypeName="Microsoft.VisualStudio.TestTools.TestTypes.Unit.UnitTestAdapter" className="MS.TF.Test.VisualStudioServices.Licensing.VisualStudioAccountLicensingAdapterTests+GetRights" name="GetRights_ReturnsOneClientRightWhenQueryContextEditionIsLessThanMaxEntitlement" />
    </UnitTest>
    <UnitTest name="GetRights_ReturnsOneClientRightWhenQueryEditionIsNotSpecified" storage="d:\v2.0\a1\_work\dbded102\bin\release.anycpu\sps.service\ms.vs.services.licensing.l0.tests\ms.vs.services.licensing.l0.tests.dll" id="02a5b9cb-f5b9-76f0-7daf-cf9534006dae">
      <Execution id="cb36969e-5f8f-44e3-bade-6b5bc89cdcb3" />
      <TestMethod codeBase="D:\v2.0\A1\_work\dbded102\bin\Release.AnyCPU\Sps.Service\MS.VS.Services.Licensing.L0.Tests\MS.VS.Services.Licensing.L0.Tests.dll" adapterTypeName="Microsoft.VisualStudio.TestTools.TestTypes.Unit.UnitTestAdapter" className="MS.TF.Test.VisualStudioServices.Licensing.VisualStudioAccountLicensingAdapterTests+GetRights" name="GetRights_ReturnsOneClientRightWhenQueryEditionIsNotSpecified" />
    </UnitTest>
    <UnitTest name="GetRights_ReturnsOneClientRightWhenProfessionalEditionIsSpecified" storage="d:\v2.0\a1\_work\dbded102\bin\release.anycpu\sps.service\ms.vs.services.licensing.l0.tests\ms.vs.services.licensing.l0.tests.dll" id="e488f37d-cc69-ae8e-7361-7fe016c237c4">
      <Execution id="bd2fc2d4-2ed6-4be7-a420-1880885c36c7" />
      <TestMethod codeBase="D:\v2.0\A1\_work\dbded102\bin\Release.AnyCPU\Sps.Service\MS.VS.Services.Licensing.L0.Tests\MS.VS.Services.Licensing.L0.Tests.dll" adapterTypeName="Microsoft.VisualStudio.TestTools.TestTypes.Unit.UnitTestAdapter" className="MS.TF.Test.VisualStudioServices.Licensing.VisualStudioAccountLicensingAdapterTests+GetRights" name="GetRights_ReturnsOneClientRightWhenProfessionalEditionIsSpecified" />
    </UnitTest>
    <UnitTest name="GetRights_ReturnsOneClientRightWhenUserHaveVsoAdvancedLicenseAndClientIsTestManager" storage="d:\v2.0\a1\_work\dbded102\bin\release.anycpu\sps.service\ms.vs.services.licensing.l0.tests\ms.vs.services.licensing.l0.tests.dll" id="7122fa79-2b6a-8275-44fc-5246ea9fe953">
      <Execution id="549d6126-306b-43b1-8355-7a4a5c1364fc" />
      <TestMethod codeBase="D:\v2.0\A1\_work\dbded102\bin\Release.AnyCPU\Sps.Service\MS.VS.Services.Licensing.L0.Tests\MS.VS.Services.Licensing.L0.Tests.dll" adapterTypeName="Microsoft.VisualStudio.TestTools.TestTypes.Unit.UnitTestAdapter" className="MS.TF.Test.VisualStudioServices.Licensing.VisualStudioAccountLicensingAdapterTests+GetRights" name="GetRights_ReturnsOneClientRightWhenUserHaveVsoAdvancedLicenseAndClientIsTestManager" />
    </UnitTest>
    <UnitTest name="GetRights_ReturnsOneClientRight_MsdnTestPro" storage="d:\v2.0\a1\_work\dbded102\bin\release.anycpu\sps.service\ms.vs.services.licensing.l0.tests\ms.vs.services.licensing.l0.tests.dll" id="1caf2f54-cbb3-0c68-2ed2-4b42d23c0fb2">
      <Execution id="b29c9183-6dd5-47f2-ade3-ff7646e91fb5" />
      <TestMethod codeBase="D:\v2.0\A1\_work\dbded102\bin\Release.AnyCPU\Sps.Service\MS.VS.Services.Licensing.L0.Tests\MS.VS.Services.Licensing.L0.Tests.dll" adapterTypeName="Microsoft.VisualStudio.TestTools.TestTypes.Unit.UnitTestAdapter" className="MS.TF.Test.VisualStudioServices.Licensing.VisualStudioAccountLicensingAdapterTests+GetRights" name="GetRights_ReturnsOneClientRight_MsdnTestPro" />
    </UnitTest>
    <UnitTest name="GetRights_ReturnsOneServiceRight" storage="d:\v2.0\a1\_work\dbded102\bin\release.anycpu\sps.service\ms.vs.services.licensing.l0.tests\ms.vs.services.licensing.l0.tests.dll" id="16bb9ef5-e6bb-5a58-4a56-ac63c85ebe23">
      <Execution id="1f565c61-0bf9-4784-878c-4f5fcb1b7c37" />
      <TestMethod codeBase="D:\v2.0\A1\_work\dbded102\bin\Release.AnyCPU\Sps.Service\MS.VS.Services.Licensing.L0.Tests\MS.VS.Services.Licensing.L0.Tests.dll" adapterTypeName="Microsoft.VisualStudio.TestTools.TestTypes.Unit.UnitTestAdapter" className="MS.TF.Test.VisualStudioServices.Licensing.VisualStudioAccountLicensingAdapterTests+GetRights" name="GetRights_ReturnsOneServiceRight" />
    </UnitTest>
    <UnitTest name="GetRights_ReturnsOneServiceRight_MsdnTestPro" storage="d:\v2.0\a1\_work\dbded102\bin\release.anycpu\sps.service\ms.vs.services.licensing.l0.tests\ms.vs.services.licensing.l0.tests.dll" id="712ab65e-f627-2cb9-353a-9e6b7c24b7d3">
      <Execution id="c35cd227-f490-48a6-a0f0-efac4c69e093" />
      <TestMethod codeBase="D:\v2.0\A1\_work\dbded102\bin\Release.AnyCPU\Sps.Service\MS.VS.Services.Licensing.L0.Tests\MS.VS.Services.Licensing.L0.Tests.dll" adapterTypeName="Microsoft.VisualStudio.TestTools.TestTypes.Unit.UnitTestAdapter" className="MS.TF.Test.VisualStudioServices.Licensing.VisualStudioAccountLicensingAdapterTests+GetRights" name="GetRights_ReturnsOneServiceRight_MsdnTestPro" />
    </UnitTest>
    <UnitTest name="GetRights_ReturnsFiveClientRights_TestManager_For_MsdnEnterprise_MsdnUltimate_MsdnPremium_MsdnTestProfessional_VsoAdvanced_Entitlements" storage="d:\v2.0\a1\_work\dbded102\bin\release.anycpu\sps.service\ms.vs.services.licensing.l0.tests\ms.vs.services.licensing.l0.tests.dll" id="9ff8a724-941c-b317-d1f8-90286ffbed56">
      <Execution id="cace90e8-525e-47a8-bb09-f4e0446dbf48" />
      <TestMethod codeBase="D:\v2.0\A1\_work\dbded102\bin\Release.AnyCPU\Sps.Service\MS.VS.Services.Licensing.L0.Tests\MS.VS.Services.Licensing.L0.Tests.dll" adapterTypeName="Microsoft.VisualStudio.TestTools.TestTypes.Unit.UnitTestAdapter" className="MS.TF.Test.VisualStudioServices.Licensing.VisualStudioAccountLicensingAdapterTests+GetRights" name="GetRights_ReturnsFiveClientRights_TestManager_For_MsdnEnterprise_MsdnUltimate_MsdnPremium_MsdnTestProfessional_VsoAdvanced_Entitlements" />
    </UnitTest>
    <UnitTest name="GetRights_ReturnsNoClientRight_TestManager_For_VsoEarlyAdopter_VsoStakeholder_VsoBasic_VsoProfessional_MsdnProfessional_Entitlements" storage="d:\v2.0\a1\_work\dbded102\bin\release.anycpu\sps.service\ms.vs.services.licensing.l0.tests\ms.vs.services.licensing.l0.tests.dll" id="bbccaf2a-a024-8d50-b370-5259e1b14d5d">
      <Execution id="2f993812-8242-44b3-be8a-868d61c33f9a" />
      <TestMethod codeBase="D:\v2.0\A1\_work\dbded102\bin\Release.AnyCPU\Sps.Service\MS.VS.Services.Licensing.L0.Tests\MS.VS.Services.Licensing.L0.Tests.dll" adapterTypeName="Microsoft.VisualStudio.TestTools.TestTypes.Unit.UnitTestAdapter" className="MS.TF.Test.VisualStudioServices.Licensing.VisualStudioAccountLicensingAdapterTests+GetRights" name="GetRights_ReturnsNoClientRight_TestManager_For_VsoEarlyAdopter_VsoStakeholder_VsoBasic_VsoProfessional_MsdnProfessional_Entitlements" />
    </UnitTest>
    <UnitTest name="Start_WillThrowWhenPassedNullRequestContext" storage="d:\v2.0\a1\_work\dbded102\bin\release.anycpu\sps.service\ms.vs.services.licensing.l0.tests\ms.vs.services.licensing.l0.tests.dll" id="ecfd498e-77f2-4d62-0d92-16127dec5c03">
      <Execution id="f5688fa6-4d5a-44d4-9afb-875f3ac7bb98" />
      <TestMethod codeBase="D:\v2.0\A1\_work\dbded102\bin\Release.AnyCPU\Sps.Service\MS.VS.Services.Licensing.L0.Tests\MS.VS.Services.Licensing.L0.Tests.dll" adapterTypeName="Microsoft.VisualStudio.TestTools.TestTypes.Unit.UnitTestAdapter" className="MS.TF.Test.VisualStudioServices.Licensing.VisualStudioCommunityLicensingAdapterTests+Start" name="Start_WillThrowWhenPassedNullRequestContext" />
    </UnitTest>
    <UnitTest name="Stop_WillThrowWhenPassedNullRequestContext" storage="d:\v2.0\a1\_work\dbded102\bin\release.anycpu\sps.service\ms.vs.services.licensing.l0.tests\ms.vs.services.licensing.l0.tests.dll" id="4a7683d2-e725-b11b-0241-f21c7a0cd57e">
      <Execution id="ff2d64eb-d362-47d3-89b1-25e7c7e31ffa" />
      <TestMethod codeBase="D:\v2.0\A1\_work\dbded102\bin\Release.AnyCPU\Sps.Service\MS.VS.Services.Licensing.L0.Tests\MS.VS.Services.Licensing.L0.Tests.dll" adapterTypeName="Microsoft.VisualStudio.TestTools.TestTypes.Unit.UnitTestAdapter" className="MS.TF.Test.VisualStudioServices.Licensing.VisualStudioCommunityLicensingAdapterTests+Stop" name="Stop_WillThrowWhenPassedNullRequestContext" />
    </UnitTest>
    <UnitTest name="GetRights_WillThrowWhenPassedNullRequestContext" storage="d:\v2.0\a1\_work\dbded102\bin\release.anycpu\sps.service\ms.vs.services.licensing.l0.tests\ms.vs.services.licensing.l0.tests.dll" id="aa4557ce-12f3-7b1a-4e1b-e1dda612087d">
      <Execution id="7096c1f0-a596-4739-84ae-bbe47ae54bd6" />
      <TestMethod codeBase="D:\v2.0\A1\_work\dbded102\bin\Release.AnyCPU\Sps.Service\MS.VS.Services.Licensing.L0.Tests\MS.VS.Services.Licensing.L0.Tests.dll" adapterTypeName="Microsoft.VisualStudio.TestTools.TestTypes.Unit.UnitTestAdapter" className="MS.TF.Test.VisualStudioServices.Licensing.VisualStudioCommunityLicensingAdapterTests+GetRights" name="GetRights_WillThrowWhenPassedNullRequestContext" />
    </UnitTest>
    <UnitTest name="GetRights_WillThrowWhenPassedNullAdapterContext" storage="d:\v2.0\a1\_work\dbded102\bin\release.anycpu\sps.service\ms.vs.services.licensing.l0.tests\ms.vs.services.licensing.l0.tests.dll" id="187f3367-7e1c-e9b0-f609-2c152147b561">
      <Execution id="44147617-1e68-4be1-b065-ea42b3d334db" />
      <TestMethod codeBase="D:\v2.0\A1\_work\dbded102\bin\Release.AnyCPU\Sps.Service\MS.VS.Services.Licensing.L0.Tests\MS.VS.Services.Licensing.L0.Tests.dll" adapterTypeName="Microsoft.VisualStudio.TestTools.TestTypes.Unit.UnitTestAdapter" className="MS.TF.Test.VisualStudioServices.Licensing.VisualStudioCommunityLicensingAdapterTests+GetRights" name="GetRights_WillThrowWhenPassedNullAdapterContext" />
    </UnitTest>
    <UnitTest name="GetRights_WillThrowWhenPassedInvalidProductFamily" storage="d:\v2.0\a1\_work\dbded102\bin\release.anycpu\sps.service\ms.vs.services.licensing.l0.tests\ms.vs.services.licensing.l0.tests.dll" id="2e9e8f1b-9ac4-4dea-d47c-c1b86571cd1f">
      <Execution id="e4d45bb7-0f5e-4965-966e-bf4c09e78a66" />
      <TestMethod codeBase="D:\v2.0\A1\_work\dbded102\bin\Release.AnyCPU\Sps.Service\MS.VS.Services.Licensing.L0.Tests\MS.VS.Services.Licensing.L0.Tests.dll" adapterTypeName="Microsoft.VisualStudio.TestTools.TestTypes.Unit.UnitTestAdapter" className="MS.TF.Test.VisualStudioServices.Licensing.VisualStudioCommunityLicensingAdapterTests+GetRights" name="GetRights_WillThrowWhenPassedInvalidProductFamily" />
    </UnitTest>
    <UnitTest name="GetRights_WillNotThrowWhenPassedInvalidProductEdition" storage="d:\v2.0\a1\_work\dbded102\bin\release.anycpu\sps.service\ms.vs.services.licensing.l0.tests\ms.vs.services.licensing.l0.tests.dll" id="0f40c776-3d55-f470-0615-3fd67c0a7b6d">
      <Execution id="20e3f58f-5b6d-4ab4-9ece-5e1796b8c233" />
      <TestMethod codeBase="D:\v2.0\A1\_work\dbded102\bin\Release.AnyCPU\Sps.Service\MS.VS.Services.Licensing.L0.Tests\MS.VS.Services.Licensing.L0.Tests.dll" adapterTypeName="Microsoft.VisualStudio.TestTools.TestTypes.Unit.UnitTestAdapter" className="MS.TF.Test.VisualStudioServices.Licensing.VisualStudioCommunityLicensingAdapterTests+GetRights" name="GetRights_WillNotThrowWhenPassedInvalidProductEdition" />
    </UnitTest>
    <UnitTest name="GetRights_WillThrowWhenPassedInvalidProductVersion" storage="d:\v2.0\a1\_work\dbded102\bin\release.anycpu\sps.service\ms.vs.services.licensing.l0.tests\ms.vs.services.licensing.l0.tests.dll" id="9300d2d9-8ef9-f29e-ea79-30e50abe0cd5">
      <Execution id="14fa887a-253e-486b-9e21-9f9e3b0633f0" />
      <TestMethod codeBase="D:\v2.0\A1\_work\dbded102\bin\Release.AnyCPU\Sps.Service\MS.VS.Services.Licensing.L0.Tests\MS.VS.Services.Licensing.L0.Tests.dll" adapterTypeName="Microsoft.VisualStudio.TestTools.TestTypes.Unit.UnitTestAdapter" className="MS.TF.Test.VisualStudioServices.Licensing.VisualStudioCommunityLicensingAdapterTests+GetRights" name="GetRights_WillThrowWhenPassedInvalidProductVersion" />
    </UnitTest>
    <UnitTest name="GetRights_HandleCommunityRightWithDifferentCapitalization" storage="d:\v2.0\a1\_work\dbded102\bin\release.anycpu\sps.service\ms.vs.services.licensing.l0.tests\ms.vs.services.licensing.l0.tests.dll" id="ad8a0e8e-4ed2-def0-e3e4-2b702f9c2f42">
      <Execution id="d0c123e4-263d-4a89-b8ec-0087c57b05d5" />
      <TestMethod codeBase="D:\v2.0\A1\_work\dbded102\bin\Release.AnyCPU\Sps.Service\MS.VS.Services.Licensing.L0.Tests\MS.VS.Services.Licensing.L0.Tests.dll" adapterTypeName="Microsoft.VisualStudio.TestTools.TestTypes.Unit.UnitTestAdapter" className="MS.TF.Test.VisualStudioServices.Licensing.VisualStudioCommunityLicensingAdapterTests+GetRights" name="GetRights_HandleCommunityRightWithDifferentCapitalization" />
    </UnitTest>
    <UnitTest name="GetRights_VerifyValidReleaseVisualStudioCommunityRightForDev14Version" storage="d:\v2.0\a1\_work\dbded102\bin\release.anycpu\sps.service\ms.vs.services.licensing.l0.tests\ms.vs.services.licensing.l0.tests.dll" id="e00cc53c-1424-ebcf-a1d3-d7642e290f2a">
      <Execution id="e2bc5aad-89fc-4a48-b921-6e57f7c2bc58" />
      <TestMethod codeBase="D:\v2.0\A1\_work\dbded102\bin\Release.AnyCPU\Sps.Service\MS.VS.Services.Licensing.L0.Tests\MS.VS.Services.Licensing.L0.Tests.dll" adapterTypeName="Microsoft.VisualStudio.TestTools.TestTypes.Unit.UnitTestAdapter" className="MS.TF.Test.VisualStudioServices.Licensing.VisualStudioCommunityLicensingAdapterTests+GetRights" name="GetRights_VerifyValidReleaseVisualStudioCommunityRightForDev14Version" />
    </UnitTest>
    <UnitTest name="GetRights_VerifyValidReleaseVisualStudioCommunityRight" storage="d:\v2.0\a1\_work\dbded102\bin\release.anycpu\sps.service\ms.vs.services.licensing.l0.tests\ms.vs.services.licensing.l0.tests.dll" id="aadc25b3-6ed2-17df-1bdc-cfab17a5b2f8">
      <Execution id="9c09d50f-3d96-446a-9eca-a8b6964fd6af" />
      <TestMethod codeBase="D:\v2.0\A1\_work\dbded102\bin\Release.AnyCPU\Sps.Service\MS.VS.Services.Licensing.L0.Tests\MS.VS.Services.Licensing.L0.Tests.dll" adapterTypeName="Microsoft.VisualStudio.TestTools.TestTypes.Unit.UnitTestAdapter" className="MS.TF.Test.VisualStudioServices.Licensing.VisualStudioCommunityLicensingAdapterTests+GetRights" name="GetRights_VerifyValidReleaseVisualStudioCommunityRight" />
    </UnitTest>
    <UnitTest name="Start_WillThrowWhenPassedNullRequestContext" storage="d:\v2.0\a1\_work\dbded102\bin\release.anycpu\sps.service\ms.vs.services.licensing.l0.tests\ms.vs.services.licensing.l0.tests.dll" id="168081b7-dfaf-8280-f5ff-90cf7a6aefe7">
      <Execution id="7604fd25-b66c-4f1d-bee4-075fc82f0d53" />
      <TestMethod codeBase="D:\v2.0\A1\_work\dbded102\bin\Release.AnyCPU\Sps.Service\MS.VS.Services.Licensing.L0.Tests\MS.VS.Services.Licensing.L0.Tests.dll" adapterTypeName="Microsoft.VisualStudio.TestTools.TestTypes.Unit.UnitTestAdapter" className="MS.TF.Test.VisualStudioServices.Licensing.VisualStudioAndroidEmulatorLicensingAdapterTests+Start" name="Start_WillThrowWhenPassedNullRequestContext" />
    </UnitTest>
    <UnitTest name="Stop_WillThrowWhenPassedNullRequestContext" storage="d:\v2.0\a1\_work\dbded102\bin\release.anycpu\sps.service\ms.vs.services.licensing.l0.tests\ms.vs.services.licensing.l0.tests.dll" id="4cad3970-99aa-43d5-c21b-3892f0264eba">
      <Execution id="53a86f5e-3503-4619-96b4-2b53039fe010" />
      <TestMethod codeBase="D:\v2.0\A1\_work\dbded102\bin\Release.AnyCPU\Sps.Service\MS.VS.Services.Licensing.L0.Tests\MS.VS.Services.Licensing.L0.Tests.dll" adapterTypeName="Microsoft.VisualStudio.TestTools.TestTypes.Unit.UnitTestAdapter" className="MS.TF.Test.VisualStudioServices.Licensing.VisualStudioAndroidEmulatorLicensingAdapterTests+Stop" name="Stop_WillThrowWhenPassedNullRequestContext" />
    </UnitTest>
    <UnitTest name="GetRights_WillThrowWhenPassedNullRequestContext" storage="d:\v2.0\a1\_work\dbded102\bin\release.anycpu\sps.service\ms.vs.services.licensing.l0.tests\ms.vs.services.licensing.l0.tests.dll" id="ae9192b0-4adc-dc6d-cb90-ad6c08ca81ae">
      <Execution id="8eb2ce85-d58b-4a0e-b447-996ecf51e711" />
      <TestMethod codeBase="D:\v2.0\A1\_work\dbded102\bin\Release.AnyCPU\Sps.Service\MS.VS.Services.Licensing.L0.Tests\MS.VS.Services.Licensing.L0.Tests.dll" adapterTypeName="Microsoft.VisualStudio.TestTools.TestTypes.Unit.UnitTestAdapter" className="MS.TF.Test.VisualStudioServices.Licensing.VisualStudioAndroidEmulatorLicensingAdapterTests+GetRights" name="GetRights_WillThrowWhenPassedNullRequestContext" />
    </UnitTest>
    <UnitTest name="GetRights_WillThrowWhenPassedNullAdapterContext" storage="d:\v2.0\a1\_work\dbded102\bin\release.anycpu\sps.service\ms.vs.services.licensing.l0.tests\ms.vs.services.licensing.l0.tests.dll" id="86c86385-7b3d-32a0-e66f-6388674b895b">
      <Execution id="db4840f2-8bd1-49ae-9831-70f298f05864" />
      <TestMethod codeBase="D:\v2.0\A1\_work\dbded102\bin\Release.AnyCPU\Sps.Service\MS.VS.Services.Licensing.L0.Tests\MS.VS.Services.Licensing.L0.Tests.dll" adapterTypeName="Microsoft.VisualStudio.TestTools.TestTypes.Unit.UnitTestAdapter" className="MS.TF.Test.VisualStudioServices.Licensing.VisualStudioAndroidEmulatorLicensingAdapterTests+GetRights" name="GetRights_WillThrowWhenPassedNullAdapterContext" />
    </UnitTest>
    <UnitTest name="GetRights_WillThrowWhenPassedInvalidProductEdition" storage="d:\v2.0\a1\_work\dbded102\bin\release.anycpu\sps.service\ms.vs.services.licensing.l0.tests\ms.vs.services.licensing.l0.tests.dll" id="d9a23cb0-391f-ae8e-ae40-1f7f7f2b244f">
      <Execution id="deb2f92a-7a34-422a-91e5-946b6b814b2c" />
      <TestMethod codeBase="D:\v2.0\A1\_work\dbded102\bin\Release.AnyCPU\Sps.Service\MS.VS.Services.Licensing.L0.Tests\MS.VS.Services.Licensing.L0.Tests.dll" adapterTypeName="Microsoft.VisualStudio.TestTools.TestTypes.Unit.UnitTestAdapter" className="MS.TF.Test.VisualStudioServices.Licensing.VisualStudioAndroidEmulatorLicensingAdapterTests+GetRights" name="GetRights_WillThrowWhenPassedInvalidProductEdition" />
    </UnitTest>
    <UnitTest name="GetRights_WillNotThrowWhenPassedOtherProductFamily" storage="d:\v2.0\a1\_work\dbded102\bin\release.anycpu\sps.service\ms.vs.services.licensing.l0.tests\ms.vs.services.licensing.l0.tests.dll" id="c73f4bf6-1043-9639-285a-c88944b9e6c2">
      <Execution id="bbe6a40c-4789-40c6-bf19-8a1ac3389b47" />
      <TestMethod codeBase="D:\v2.0\A1\_work\dbded102\bin\Release.AnyCPU\Sps.Service\MS.VS.Services.Licensing.L0.Tests\MS.VS.Services.Licensing.L0.Tests.dll" adapterTypeName="Microsoft.VisualStudio.TestTools.TestTypes.Unit.UnitTestAdapter" className="MS.TF.Test.VisualStudioServices.Licensing.VisualStudioAndroidEmulatorLicensingAdapterTests+GetRights" name="GetRights_WillNotThrowWhenPassedOtherProductFamily" />
    </UnitTest>
    <UnitTest name="GetRights_WillThrowWhenPassedInvalidProductVersion" storage="d:\v2.0\a1\_work\dbded102\bin\release.anycpu\sps.service\ms.vs.services.licensing.l0.tests\ms.vs.services.licensing.l0.tests.dll" id="bd63e7e7-f98b-767e-a61c-d2d1b3a13719">
      <Execution id="98aac5ce-3824-4868-93ea-48b3595a0cad" />
      <TestMethod codeBase="D:\v2.0\A1\_work\dbded102\bin\Release.AnyCPU\Sps.Service\MS.VS.Services.Licensing.L0.Tests\MS.VS.Services.Licensing.L0.Tests.dll" adapterTypeName="Microsoft.VisualStudio.TestTools.TestTypes.Unit.UnitTestAdapter" className="MS.TF.Test.VisualStudioServices.Licensing.VisualStudioAndroidEmulatorLicensingAdapterTests+GetRights" name="GetRights_WillThrowWhenPassedInvalidProductVersion" />
    </UnitTest>
    <UnitTest name="GetRights_HandleAndroidEmulatorRightWithDifferentCapitalization" storage="d:\v2.0\a1\_work\dbded102\bin\release.anycpu\sps.service\ms.vs.services.licensing.l0.tests\ms.vs.services.licensing.l0.tests.dll" id="66239d39-0397-bc96-d0be-6c1ef4eb5e3b">
      <Execution id="52631cda-b920-4187-a8ca-a20cc098ca46" />
      <TestMethod codeBase="D:\v2.0\A1\_work\dbded102\bin\Release.AnyCPU\Sps.Service\MS.VS.Services.Licensing.L0.Tests\MS.VS.Services.Licensing.L0.Tests.dll" adapterTypeName="Microsoft.VisualStudio.TestTools.TestTypes.Unit.UnitTestAdapter" className="MS.TF.Test.VisualStudioServices.Licensing.VisualStudioAndroidEmulatorLicensingAdapterTests+GetRights" name="GetRights_HandleAndroidEmulatorRightWithDifferentCapitalization" />
    </UnitTest>
    <UnitTest name="GetRights_VerifyValidReleaseVisualStudioAndroidEmulatorRightForDev14Version" storage="d:\v2.0\a1\_work\dbded102\bin\release.anycpu\sps.service\ms.vs.services.licensing.l0.tests\ms.vs.services.licensing.l0.tests.dll" id="fa28a68b-2ab1-a8b9-a583-9b3c3b07c455">
      <Execution id="a3029ae3-7a13-40e8-b11d-5e9d86b5d7b3" />
      <TestMethod codeBase="D:\v2.0\A1\_work\dbded102\bin\Release.AnyCPU\Sps.Service\MS.VS.Services.Licensing.L0.Tests\MS.VS.Services.Licensing.L0.Tests.dll" adapterTypeName="Microsoft.VisualStudio.TestTools.TestTypes.Unit.UnitTestAdapter" className="MS.TF.Test.VisualStudioServices.Licensing.VisualStudioAndroidEmulatorLicensingAdapterTests+GetRights" name="GetRights_VerifyValidReleaseVisualStudioAndroidEmulatorRightForDev14Version" />
    </UnitTest>
    <UnitTest name="GetRights_VerifyValidReleaseVisualStudioAndroidEmulatorRight" storage="d:\v2.0\a1\_work\dbded102\bin\release.anycpu\sps.service\ms.vs.services.licensing.l0.tests\ms.vs.services.licensing.l0.tests.dll" id="89f3a8fb-002c-e2ed-9534-cde7c2bc6d1e">
      <Execution id="18a0b497-9ae3-4f23-8fba-792ea3a1ab5f" />
      <TestMethod codeBase="D:\v2.0\A1\_work\dbded102\bin\Release.AnyCPU\Sps.Service\MS.VS.Services.Licensing.L0.Tests\MS.VS.Services.Licensing.L0.Tests.dll" adapterTypeName="Microsoft.VisualStudio.TestTools.TestTypes.Unit.UnitTestAdapter" className="MS.TF.Test.VisualStudioServices.Licensing.VisualStudioAndroidEmulatorLicensingAdapterTests+GetRights" name="GetRights_VerifyValidReleaseVisualStudioAndroidEmulatorRight" />
    </UnitTest>
    <UnitTest name="Start_WillThrowWhenPassedNullRequestContext" storage="d:\v2.0\a1\_work\dbded102\bin\release.anycpu\sps.service\ms.vs.services.licensing.l0.tests\ms.vs.services.licensing.l0.tests.dll" id="2f2bbe19-c803-aab7-dcd0-3f07a52d0c89">
      <Execution id="c2827dc0-44ae-4457-8058-4186da83e712" />
      <TestMethod codeBase="D:\v2.0\A1\_work\dbded102\bin\Release.AnyCPU\Sps.Service\MS.VS.Services.Licensing.L0.Tests\MS.VS.Services.Licensing.L0.Tests.dll" adapterTypeName="Microsoft.VisualStudio.TestTools.TestTypes.Unit.UnitTestAdapter" className="MS.TF.Test.VisualStudioServices.Licensing.VisualStudioExpressLicensingAdapterTests+Start" name="Start_WillThrowWhenPassedNullRequestContext" />
    </UnitTest>
    <UnitTest name="Stop_WillThrowWhenPassedNullRequestContext" storage="d:\v2.0\a1\_work\dbded102\bin\release.anycpu\sps.service\ms.vs.services.licensing.l0.tests\ms.vs.services.licensing.l0.tests.dll" id="e2421e9d-690a-4eed-a1c0-cc223ea3b4b4">
      <Execution id="2edc2a84-59a9-40f0-89de-c9cbe81bbc62" />
      <TestMethod codeBase="D:\v2.0\A1\_work\dbded102\bin\Release.AnyCPU\Sps.Service\MS.VS.Services.Licensing.L0.Tests\MS.VS.Services.Licensing.L0.Tests.dll" adapterTypeName="Microsoft.VisualStudio.TestTools.TestTypes.Unit.UnitTestAdapter" className="MS.TF.Test.VisualStudioServices.Licensing.VisualStudioExpressLicensingAdapterTests+Stop" name="Stop_WillThrowWhenPassedNullRequestContext" />
    </UnitTest>
    <UnitTest name="GetRights_WillThrowWhenPassedNullRequestContext" storage="d:\v2.0\a1\_work\dbded102\bin\release.anycpu\sps.service\ms.vs.services.licensing.l0.tests\ms.vs.services.licensing.l0.tests.dll" id="9128f667-83d9-2457-89d5-79073cfd2901">
      <Execution id="27d9bb3d-6d10-491f-9b25-1d3aa97850de" />
      <TestMethod codeBase="D:\v2.0\A1\_work\dbded102\bin\Release.AnyCPU\Sps.Service\MS.VS.Services.Licensing.L0.Tests\MS.VS.Services.Licensing.L0.Tests.dll" adapterTypeName="Microsoft.VisualStudio.TestTools.TestTypes.Unit.UnitTestAdapter" className="MS.TF.Test.VisualStudioServices.Licensing.VisualStudioExpressLicensingAdapterTests+GetRights" name="GetRights_WillThrowWhenPassedNullRequestContext" />
    </UnitTest>
    <UnitTest name="GetRights_WillThrowWhenPassedNullAdapterContext" storage="d:\v2.0\a1\_work\dbded102\bin\release.anycpu\sps.service\ms.vs.services.licensing.l0.tests\ms.vs.services.licensing.l0.tests.dll" id="453010f9-083d-e581-7520-83bab51a4913">
      <Execution id="0a5d9ef9-5a56-49ed-ab62-fe876631dc69" />
      <TestMethod codeBase="D:\v2.0\A1\_work\dbded102\bin\Release.AnyCPU\Sps.Service\MS.VS.Services.Licensing.L0.Tests\MS.VS.Services.Licensing.L0.Tests.dll" adapterTypeName="Microsoft.VisualStudio.TestTools.TestTypes.Unit.UnitTestAdapter" className="MS.TF.Test.VisualStudioServices.Licensing.VisualStudioExpressLicensingAdapterTests+GetRights" name="GetRights_WillThrowWhenPassedNullAdapterContext" />
    </UnitTest>
    <UnitTest name="GetRights_HandleAllRights" storage="d:\v2.0\a1\_work\dbded102\bin\release.anycpu\sps.service\ms.vs.services.licensing.l0.tests\ms.vs.services.licensing.l0.tests.dll" id="ff85445b-d9f3-ab2f-0927-03322c26be24">
      <Execution id="ffff51cd-75f0-40ed-86f0-1c090b9495bf" />
      <TestMethod codeBase="D:\v2.0\A1\_work\dbded102\bin\Release.AnyCPU\Sps.Service\MS.VS.Services.Licensing.L0.Tests\MS.VS.Services.Licensing.L0.Tests.dll" adapterTypeName="Microsoft.VisualStudio.TestTools.TestTypes.Unit.UnitTestAdapter" className="MS.TF.Test.VisualStudioServices.Licensing.VisualStudioExpressLicensingAdapterTests+GetRights" name="GetRights_HandleAllRights" />
    </UnitTest>
    <UnitTest name="GetRights_HandleUnexpectedRightName" storage="d:\v2.0\a1\_work\dbded102\bin\release.anycpu\sps.service\ms.vs.services.licensing.l0.tests\ms.vs.services.licensing.l0.tests.dll" id="16facd86-cc16-87ee-f179-325a69190f36">
      <Execution id="8de9c218-5269-4004-a39d-8bd0853538eb" />
      <TestMethod codeBase="D:\v2.0\A1\_work\dbded102\bin\Release.AnyCPU\Sps.Service\MS.VS.Services.Licensing.L0.Tests\MS.VS.Services.Licensing.L0.Tests.dll" adapterTypeName="Microsoft.VisualStudio.TestTools.TestTypes.Unit.UnitTestAdapter" className="MS.TF.Test.VisualStudioServices.Licensing.VisualStudioExpressLicensingAdapterTests+GetRights" name="GetRights_HandleUnexpectedRightName" />
    </UnitTest>
    <UnitTest name="GetRights_HandleOneRight" storage="d:\v2.0\a1\_work\dbded102\bin\release.anycpu\sps.service\ms.vs.services.licensing.l0.tests\ms.vs.services.licensing.l0.tests.dll" id="a0c89a68-d88c-3e9c-4d2f-f8fc2cd820c8">
      <Execution id="e27c05d9-b442-426b-b71b-1baea40d78e5" />
      <TestMethod codeBase="D:\v2.0\A1\_work\dbded102\bin\Release.AnyCPU\Sps.Service\MS.VS.Services.Licensing.L0.Tests\MS.VS.Services.Licensing.L0.Tests.dll" adapterTypeName="Microsoft.VisualStudio.TestTools.TestTypes.Unit.UnitTestAdapter" className="MS.TF.Test.VisualStudioServices.Licensing.VisualStudioExpressLicensingAdapterTests+GetRights" name="GetRights_HandleOneRight" />
    </UnitTest>
    <UnitTest name="GetRights_HandleOneRightWithDifferentCapitalization" storage="d:\v2.0\a1\_work\dbded102\bin\release.anycpu\sps.service\ms.vs.services.licensing.l0.tests\ms.vs.services.licensing.l0.tests.dll" id="1940fae1-bb49-a213-e232-08910b7837e2">
      <Execution id="089dabbe-ffff-44b1-a26d-9f8de42d7bc6" />
      <TestMethod codeBase="D:\v2.0\A1\_work\dbded102\bin\Release.AnyCPU\Sps.Service\MS.VS.Services.Licensing.L0.Tests\MS.VS.Services.Licensing.L0.Tests.dll" adapterTypeName="Microsoft.VisualStudio.TestTools.TestTypes.Unit.UnitTestAdapter" className="MS.TF.Test.VisualStudioServices.Licensing.VisualStudioExpressLicensingAdapterTests+GetRights" name="GetRights_HandleOneRightWithDifferentCapitalization" />
    </UnitTest>
    <UnitTest name="GetRights_VerifyValidReleaseVisualStudioExpressRight" storage="d:\v2.0\a1\_work\dbded102\bin\release.anycpu\sps.service\ms.vs.services.licensing.l0.tests\ms.vs.services.licensing.l0.tests.dll" id="35cc3a22-91c2-c067-b156-9ed8cbf45264">
      <Execution id="c36d7dde-e89f-44f7-8d80-e096e1e635a8" />
      <TestMethod codeBase="D:\v2.0\A1\_work\dbded102\bin\Release.AnyCPU\Sps.Service\MS.VS.Services.Licensing.L0.Tests\MS.VS.Services.Licensing.L0.Tests.dll" adapterTypeName="Microsoft.VisualStudio.TestTools.TestTypes.Unit.UnitTestAdapter" className="MS.TF.Test.VisualStudioServices.Licensing.VisualStudioExpressLicensingAdapterTests+GetRights" name="GetRights_VerifyValidReleaseVisualStudioExpressRight" />
    </UnitTest>
    <UnitTest name="Start_WillThrowWhenPassedNullRequestContext" storage="d:\v2.0\a1\_work\dbded102\bin\release.anycpu\sps.service\ms.vs.services.licensing.l0.tests\ms.vs.services.licensing.l0.tests.dll" id="c0371f0d-9782-e497-a6f5-858d6a867346">
      <Execution id="7523b1b9-365b-4663-abfd-4c889a39ea21" />
      <TestMethod codeBase="D:\v2.0\A1\_work\dbded102\bin\Release.AnyCPU\Sps.Service\MS.VS.Services.Licensing.L0.Tests\MS.VS.Services.Licensing.L0.Tests.dll" adapterTypeName="Microsoft.VisualStudio.TestTools.TestTypes.Unit.UnitTestAdapter" className="MS.TF.Test.VisualStudioServices.Licensing.VisualStudioTrialLicensingAdapterTests+Start" name="Start_WillThrowWhenPassedNullRequestContext" />
    </UnitTest>
    <UnitTest name="Stop_WillThrowWhenPassedNullRequestContext" storage="d:\v2.0\a1\_work\dbded102\bin\release.anycpu\sps.service\ms.vs.services.licensing.l0.tests\ms.vs.services.licensing.l0.tests.dll" id="ae1dee2f-f27d-e095-fbe0-53d7fd382d8a">
      <Execution id="1fca622b-e1fd-4aba-b3c6-62bc2a73abc6" />
      <TestMethod codeBase="D:\v2.0\A1\_work\dbded102\bin\Release.AnyCPU\Sps.Service\MS.VS.Services.Licensing.L0.Tests\MS.VS.Services.Licensing.L0.Tests.dll" adapterTypeName="Microsoft.VisualStudio.TestTools.TestTypes.Unit.UnitTestAdapter" className="MS.TF.Test.VisualStudioServices.Licensing.VisualStudioTrialLicensingAdapterTests+Stop" name="Stop_WillThrowWhenPassedNullRequestContext" />
    </UnitTest>
    <UnitTest name="GetRights_WillThrowWhenPassedNullRequestContext" storage="d:\v2.0\a1\_work\dbded102\bin\release.anycpu\sps.service\ms.vs.services.licensing.l0.tests\ms.vs.services.licensing.l0.tests.dll" id="5b33ef56-1b9f-bb20-8301-9deb3e3a1a71">
      <Execution id="a6c08af6-e4e4-48cc-8988-88201cc3c66f" />
      <TestMethod codeBase="D:\v2.0\A1\_work\dbded102\bin\Release.AnyCPU\Sps.Service\MS.VS.Services.Licensing.L0.Tests\MS.VS.Services.Licensing.L0.Tests.dll" adapterTypeName="Microsoft.VisualStudio.TestTools.TestTypes.Unit.UnitTestAdapter" className="MS.TF.Test.VisualStudioServices.Licensing.VisualStudioTrialLicensingAdapterTests+GetRights" name="GetRights_WillThrowWhenPassedNullRequestContext" />
    </UnitTest>
    <UnitTest name="GetRights_WillThrowWhenPassedNullAdapterContext" storage="d:\v2.0\a1\_work\dbded102\bin\release.anycpu\sps.service\ms.vs.services.licensing.l0.tests\ms.vs.services.licensing.l0.tests.dll" id="c4b45d48-e44f-93f0-2696-c72257633edf">
      <Execution id="d6b158b9-7344-44d3-b313-969e75e1e987" />
      <TestMethod codeBase="D:\v2.0\A1\_work\dbded102\bin\Release.AnyCPU\Sps.Service\MS.VS.Services.Licensing.L0.Tests\MS.VS.Services.Licensing.L0.Tests.dll" adapterTypeName="Microsoft.VisualStudio.TestTools.TestTypes.Unit.UnitTestAdapter" className="MS.TF.Test.VisualStudioServices.Licensing.VisualStudioTrialLicensingAdapterTests+GetRights" name="GetRights_WillThrowWhenPassedNullAdapterContext" />
    </UnitTest>
    <UnitTest name="GetRights_WillThrowWhenPassedNullMachineId" storage="d:\v2.0\a1\_work\dbded102\bin\release.anycpu\sps.service\ms.vs.services.licensing.l0.tests\ms.vs.services.licensing.l0.tests.dll" id="b48a4391-0113-65a8-8e63-4af5920c7401">
      <Execution id="33083807-0ba4-42e8-b75f-f3e91dadc140" />
      <TestMethod codeBase="D:\v2.0\A1\_work\dbded102\bin\Release.AnyCPU\Sps.Service\MS.VS.Services.Licensing.L0.Tests\MS.VS.Services.Licensing.L0.Tests.dll" adapterTypeName="Microsoft.VisualStudio.TestTools.TestTypes.Unit.UnitTestAdapter" className="MS.TF.Test.VisualStudioServices.Licensing.VisualStudioTrialLicensingAdapterTests+GetRights" name="GetRights_WillThrowWhenPassedNullMachineId" />
    </UnitTest>
    <UnitTest name="GetRights_WillThrowWhenPassedInvalidProductFamily" storage="d:\v2.0\a1\_work\dbded102\bin\release.anycpu\sps.service\ms.vs.services.licensing.l0.tests\ms.vs.services.licensing.l0.tests.dll" id="66fdb966-3788-cac3-3411-03c09c588ce6">
      <Execution id="717dcad2-306b-477e-8ed5-c860fb6ba12c" />
      <TestMethod codeBase="D:\v2.0\A1\_work\dbded102\bin\Release.AnyCPU\Sps.Service\MS.VS.Services.Licensing.L0.Tests\MS.VS.Services.Licensing.L0.Tests.dll" adapterTypeName="Microsoft.VisualStudio.TestTools.TestTypes.Unit.UnitTestAdapter" className="MS.TF.Test.VisualStudioServices.Licensing.VisualStudioTrialLicensingAdapterTests+GetRights" name="GetRights_WillThrowWhenPassedInvalidProductFamily" />
    </UnitTest>
    <UnitTest name="GetRights_WillThrowWhenPassedInvalidProductEdition" storage="d:\v2.0\a1\_work\dbded102\bin\release.anycpu\sps.service\ms.vs.services.licensing.l0.tests\ms.vs.services.licensing.l0.tests.dll" id="63be9548-a798-c1db-5598-7f2ed6ad0c41">
      <Execution id="4765c16c-024f-474b-90c7-57773faed888" />
      <TestMethod codeBase="D:\v2.0\A1\_work\dbded102\bin\Release.AnyCPU\Sps.Service\MS.VS.Services.Licensing.L0.Tests\MS.VS.Services.Licensing.L0.Tests.dll" adapterTypeName="Microsoft.VisualStudio.TestTools.TestTypes.Unit.UnitTestAdapter" className="MS.TF.Test.VisualStudioServices.Licensing.VisualStudioTrialLicensingAdapterTests+GetRights" name="GetRights_WillThrowWhenPassedInvalidProductEdition" />
    </UnitTest>
    <UnitTest name="GetRights_WillThrowWhenPassedInvalidProductVersion" storage="d:\v2.0\a1\_work\dbded102\bin\release.anycpu\sps.service\ms.vs.services.licensing.l0.tests\ms.vs.services.licensing.l0.tests.dll" id="e9651d59-0127-8338-2c42-a72bb5506fea">
      <Execution id="23a278da-b262-4588-80c4-32b0e02cb10e" />
      <TestMethod codeBase="D:\v2.0\A1\_work\dbded102\bin\Release.AnyCPU\Sps.Service\MS.VS.Services.Licensing.L0.Tests\MS.VS.Services.Licensing.L0.Tests.dll" adapterTypeName="Microsoft.VisualStudio.TestTools.TestTypes.Unit.UnitTestAdapter" className="MS.TF.Test.VisualStudioServices.Licensing.VisualStudioTrialLicensingAdapterTests+GetRights" name="GetRights_WillThrowWhenPassedInvalidProductVersion" />
    </UnitTest>
    <UnitTest name="GetRights_ReturnsRightsWhenParametersAreValid" storage="d:\v2.0\a1\_work\dbded102\bin\release.anycpu\sps.service\ms.vs.services.licensing.l0.tests\ms.vs.services.licensing.l0.tests.dll" id="66f72b90-fa4b-85b4-cfba-8277a3314355">
      <Execution id="63fc95b6-f0bb-462a-9cff-319504873122" />
      <TestMethod codeBase="D:\v2.0\A1\_work\dbded102\bin\Release.AnyCPU\Sps.Service\MS.VS.Services.Licensing.L0.Tests\MS.VS.Services.Licensing.L0.Tests.dll" adapterTypeName="Microsoft.VisualStudio.TestTools.TestTypes.Unit.UnitTestAdapter" className="MS.TF.Test.VisualStudioServices.Licensing.VisualStudioTrialLicensingAdapterTests+GetRights" name="GetRights_ReturnsRightsWhenParametersAreValid" />
    </UnitTest>
    <UnitTest name="GetRights_ReturnsRightsForTestMananger" storage="d:\v2.0\a1\_work\dbded102\bin\release.anycpu\sps.service\ms.vs.services.licensing.l0.tests\ms.vs.services.licensing.l0.tests.dll" id="e685dbec-ea9e-1d8f-fab1-4a495e9eb6c8">
      <Execution id="9ab9c66f-7b40-4742-8011-92bc28be652a" />
      <TestMethod codeBase="D:\v2.0\A1\_work\dbded102\bin\Release.AnyCPU\Sps.Service\MS.VS.Services.Licensing.L0.Tests\MS.VS.Services.Licensing.L0.Tests.dll" adapterTypeName="Microsoft.VisualStudio.TestTools.TestTypes.Unit.UnitTestAdapter" className="MS.TF.Test.VisualStudioServices.Licensing.VisualStudioTrialLicensingAdapterTests+GetRights" name="GetRights_ReturnsRightsForTestMananger" />
    </UnitTest>
    <UnitTest name="GetAccountEntitlement_ThrowsWhenPassedNullRequestContext" storage="d:\v2.0\a1\_work\dbded102\bin\release.anycpu\sps.service\ms.vs.services.licensing.l0.tests\ms.vs.services.licensing.l0.tests.dll" id="4cdee75e-0dd3-7373-f5a7-87cc63b1ee78">
      <Execution id="a9b86404-d9de-4335-9830-9855c3649f40" />
      <TestMethod codeBase="D:\v2.0\A1\_work\dbded102\bin\Release.AnyCPU\Sps.Service\MS.VS.Services.Licensing.L0.Tests\MS.VS.Services.Licensing.L0.Tests.dll" adapterTypeName="Microsoft.VisualStudio.TestTools.TestTypes.Unit.UnitTestAdapter" className="MS.TF.Test.VisualStudioServices.Licensing.AccountEntitlementCacheTests+GetAccountEntitlement" name="GetAccountEntitlement_ThrowsWhenPassedNullRequestContext" />
    </UnitTest>
    <UnitTest name="GetAccountEntitlement_ThrowsWhenPassedEmptyUserId" storage="d:\v2.0\a1\_work\dbded102\bin\release.anycpu\sps.service\ms.vs.services.licensing.l0.tests\ms.vs.services.licensing.l0.tests.dll" id="8a46a0af-b2ab-8291-0369-2fb3e556911e">
      <Execution id="68ff0326-8506-43f0-947c-e992df8c148e" />
      <TestMethod codeBase="D:\v2.0\A1\_work\dbded102\bin\Release.AnyCPU\Sps.Service\MS.VS.Services.Licensing.L0.Tests\MS.VS.Services.Licensing.L0.Tests.dll" adapterTypeName="Microsoft.VisualStudio.TestTools.TestTypes.Unit.UnitTestAdapter" className="MS.TF.Test.VisualStudioServices.Licensing.AccountEntitlementCacheTests+GetAccountEntitlement" name="GetAccountEntitlement_ThrowsWhenPassedEmptyUserId" />
    </UnitTest>
    <UnitTest name="GetAccountEntitlement_ThrowsWhenPassedEmptyAccountId" storage="d:\v2.0\a1\_work\dbded102\bin\release.anycpu\sps.service\ms.vs.services.licensing.l0.tests\ms.vs.services.licensing.l0.tests.dll" id="84819791-d70f-6b36-b33d-5e4231f66268">
      <Execution id="a485e100-e1e5-4a39-95a8-c40b33b963f1" />
      <TestMethod codeBase="D:\v2.0\A1\_work\dbded102\bin\Release.AnyCPU\Sps.Service\MS.VS.Services.Licensing.L0.Tests\MS.VS.Services.Licensing.L0.Tests.dll" adapterTypeName="Microsoft.VisualStudio.TestTools.TestTypes.Unit.UnitTestAdapter" className="MS.TF.Test.VisualStudioServices.Licensing.AccountEntitlementCacheTests+GetAccountEntitlement" name="GetAccountEntitlement_ThrowsWhenPassedEmptyAccountId" />
    </UnitTest>
    <UnitTest name="GetAccountEntitlement_ReturnsFromIdentityCache_WhenLicenseIsAvailableOnIdentityCache" storage="d:\v2.0\a1\_work\dbded102\bin\release.anycpu\sps.service\ms.vs.services.licensing.l0.tests\ms.vs.services.licensing.l0.tests.dll" id="b6d33d96-f458-ea9f-b67d-6675b2956705">
      <Execution id="42628698-2a2a-4981-8f95-41d01138c841" />
      <TestMethod codeBase="D:\v2.0\A1\_work\dbded102\bin\Release.AnyCPU\Sps.Service\MS.VS.Services.Licensing.L0.Tests\MS.VS.Services.Licensing.L0.Tests.dll" adapterTypeName="Microsoft.VisualStudio.TestTools.TestTypes.Unit.UnitTestAdapter" className="MS.TF.Test.VisualStudioServices.Licensing.AccountEntitlementCacheTests+GetAccountEntitlement" name="GetAccountEntitlement_ReturnsFromIdentityCache_WhenLicenseIsAvailableOnIdentityCache" />
    </UnitTest>
    <UnitTest name="GetAccountEntitlement_CallsAccountEntilementService_WhenLicenseIsNotAvailableOnIdentityCache" storage="d:\v2.0\a1\_work\dbded102\bin\release.anycpu\sps.service\ms.vs.services.licensing.l0.tests\ms.vs.services.licensing.l0.tests.dll" id="033813b4-a754-1ef3-50d2-63efe12973a3">
      <Execution id="1346e76a-37db-4b5a-84b9-d158699b6068" />
      <TestMethod codeBase="D:\v2.0\A1\_work\dbded102\bin\Release.AnyCPU\Sps.Service\MS.VS.Services.Licensing.L0.Tests\MS.VS.Services.Licensing.L0.Tests.dll" adapterTypeName="Microsoft.VisualStudio.TestTools.TestTypes.Unit.UnitTestAdapter" className="MS.TF.Test.VisualStudioServices.Licensing.AccountEntitlementCacheTests+GetAccountEntitlement" name="GetAccountEntitlement_CallsAccountEntilementService_WhenLicenseIsNotAvailableOnIdentityCache" />
    </UnitTest>
    <UnitTest name="GetAccountEntitlement_UpdatesCache_WhenLicenseIsNotFoundOnIdentityCache" storage="d:\v2.0\a1\_work\dbded102\bin\release.anycpu\sps.service\ms.vs.services.licensing.l0.tests\ms.vs.services.licensing.l0.tests.dll" id="7cf5b80c-7787-3497-478a-00af70785011">
      <Execution id="3f573dd1-ac42-45b1-b42e-1b6fcdb7a58e" />
      <TestMethod codeBase="D:\v2.0\A1\_work\dbded102\bin\Release.AnyCPU\Sps.Service\MS.VS.Services.Licensing.L0.Tests\MS.VS.Services.Licensing.L0.Tests.dll" adapterTypeName="Microsoft.VisualStudio.TestTools.TestTypes.Unit.UnitTestAdapter" className="MS.TF.Test.VisualStudioServices.Licensing.AccountEntitlementCacheTests+GetAccountEntitlement" name="GetAccountEntitlement_UpdatesCache_WhenLicenseIsNotFoundOnIdentityCache" />
    </UnitTest>
    <UnitTest name="GetAccountEntitlement_DoesNotThrow_IfCacheUpdateFails" storage="d:\v2.0\a1\_work\dbded102\bin\release.anycpu\sps.service\ms.vs.services.licensing.l0.tests\ms.vs.services.licensing.l0.tests.dll" id="bdc6221b-59ee-32e9-5a74-00061affbe64">
      <Execution id="3c5a8d22-c507-495c-927d-4693302b354f" />
      <TestMethod codeBase="D:\v2.0\A1\_work\dbded102\bin\Release.AnyCPU\Sps.Service\MS.VS.Services.Licensing.L0.Tests\MS.VS.Services.Licensing.L0.Tests.dll" adapterTypeName="Microsoft.VisualStudio.TestTools.TestTypes.Unit.UnitTestAdapter" className="MS.TF.Test.VisualStudioServices.Licensing.AccountEntitlementCacheTests+GetAccountEntitlement" name="GetAccountEntitlement_DoesNotThrow_IfCacheUpdateFails" />
    </UnitTest>
    <UnitTest name="GetAccountEntitlements_ThrowsWhenPassedNullRequestContext" storage="d:\v2.0\a1\_work\dbded102\bin\release.anycpu\sps.service\ms.vs.services.licensing.l0.tests\ms.vs.services.licensing.l0.tests.dll" id="c15b42d8-5963-c9e3-74fc-723596effa80">
      <Execution id="20e0b678-a386-4356-9919-76df2723e7a0" />
      <TestMethod codeBase="D:\v2.0\A1\_work\dbded102\bin\Release.AnyCPU\Sps.Service\MS.VS.Services.Licensing.L0.Tests\MS.VS.Services.Licensing.L0.Tests.dll" adapterTypeName="Microsoft.VisualStudio.TestTools.TestTypes.Unit.UnitTestAdapter" className="MS.TF.Test.VisualStudioServices.Licensing.AccountEntitlementCacheTests+GetAccountEntitlements" name="GetAccountEntitlements_ThrowsWhenPassedNullRequestContext" />
    </UnitTest>
    <UnitTest name="GetAccountEntitlements_ThrowsWhenPassedEmptyUserId" storage="d:\v2.0\a1\_work\dbded102\bin\release.anycpu\sps.service\ms.vs.services.licensing.l0.tests\ms.vs.services.licensing.l0.tests.dll" id="343fa799-969c-d4e4-1891-94ac4208effa">
      <Execution id="bdbc25ae-8c64-406a-91f0-088a2e82e2df" />
      <TestMethod codeBase="D:\v2.0\A1\_work\dbded102\bin\Release.AnyCPU\Sps.Service\MS.VS.Services.Licensing.L0.Tests\MS.VS.Services.Licensing.L0.Tests.dll" adapterTypeName="Microsoft.VisualStudio.TestTools.TestTypes.Unit.UnitTestAdapter" className="MS.TF.Test.VisualStudioServices.Licensing.AccountEntitlementCacheTests+GetAccountEntitlements" name="GetAccountEntitlements_ThrowsWhenPassedEmptyUserId" />
    </UnitTest>
    <UnitTest name="GetAccountEntitlements_ThrowsWhenPassedEmptyAccountId" storage="d:\v2.0\a1\_work\dbded102\bin\release.anycpu\sps.service\ms.vs.services.licensing.l0.tests\ms.vs.services.licensing.l0.tests.dll" id="1c4a2d7e-4de3-6a46-b6fa-87de34810b30">
      <Execution id="96f80bdc-2c1f-402e-9231-fa01195d316c" />
      <TestMethod codeBase="D:\v2.0\A1\_work\dbded102\bin\Release.AnyCPU\Sps.Service\MS.VS.Services.Licensing.L0.Tests\MS.VS.Services.Licensing.L0.Tests.dll" adapterTypeName="Microsoft.VisualStudio.TestTools.TestTypes.Unit.UnitTestAdapter" className="MS.TF.Test.VisualStudioServices.Licensing.AccountEntitlementCacheTests+GetAccountEntitlements" name="GetAccountEntitlements_ThrowsWhenPassedEmptyAccountId" />
    </UnitTest>
    <UnitTest name="GetAccountEntitlements_ThrowsWhenPassedEmptyAccount" storage="d:\v2.0\a1\_work\dbded102\bin\release.anycpu\sps.service\ms.vs.services.licensing.l0.tests\ms.vs.services.licensing.l0.tests.dll" id="b2194e98-4b49-6cbf-9e6c-77560dabef48">
      <Execution id="7f9adab7-c179-4f7b-91b4-ce69bc6c6a4a" />
      <TestMethod codeBase="D:\v2.0\A1\_work\dbded102\bin\Release.AnyCPU\Sps.Service\MS.VS.Services.Licensing.L0.Tests\MS.VS.Services.Licensing.L0.Tests.dll" adapterTypeName="Microsoft.VisualStudio.TestTools.TestTypes.Unit.UnitTestAdapter" className="MS.TF.Test.VisualStudioServices.Licensing.AccountEntitlementCacheTests+GetAccountEntitlements" name="GetAccountEntitlements_ThrowsWhenPassedEmptyAccount" />
    </UnitTest>
    <UnitTest name="GetAccountEntitlements_CallsGetAccountEntitlement_ForEachAccount" storage="d:\v2.0\a1\_work\dbded102\bin\release.anycpu\sps.service\ms.vs.services.licensing.l0.tests\ms.vs.services.licensing.l0.tests.dll" id="2bcbc063-bc5f-837b-d50c-4eb0b9c34393">
      <Execution id="ae31c5c5-bf8f-4dfb-92a3-9cbf8b69a920" />
      <TestMethod codeBase="D:\v2.0\A1\_work\dbded102\bin\Release.AnyCPU\Sps.Service\MS.VS.Services.Licensing.L0.Tests\MS.VS.Services.Licensing.L0.Tests.dll" adapterTypeName="Microsoft.VisualStudio.TestTools.TestTypes.Unit.UnitTestAdapter" className="MS.TF.Test.VisualStudioServices.Licensing.AccountEntitlementCacheTests+GetAccountEntitlements" name="GetAccountEntitlements_CallsGetAccountEntitlement_ForEachAccount" />
    </UnitTest>
    <UnitTest name="GetAccountEntitlements_DoesNotReturnNullsInTheResultSet" storage="d:\v2.0\a1\_work\dbded102\bin\release.anycpu\sps.service\ms.vs.services.licensing.l0.tests\ms.vs.services.licensing.l0.tests.dll" id="1ca74c55-da25-88a7-dfd1-c77d38efc4e1">
      <Execution id="b0a80bcb-1cdb-4cfb-bc74-da01d6765488" />
      <TestMethod codeBase="D:\v2.0\A1\_work\dbded102\bin\Release.AnyCPU\Sps.Service\MS.VS.Services.Licensing.L0.Tests\MS.VS.Services.Licensing.L0.Tests.dll" adapterTypeName="Microsoft.VisualStudio.TestTools.TestTypes.Unit.UnitTestAdapter" className="MS.TF.Test.VisualStudioServices.Licensing.AccountEntitlementCacheTests+GetAccountEntitlements" name="GetAccountEntitlements_DoesNotReturnNullsInTheResultSet" />
    </UnitTest>
    <UnitTest name="GetAccountEntitlements_CallsGetAccountEntitlement_FromAccounts_ForEachAccount" storage="d:\v2.0\a1\_work\dbded102\bin\release.anycpu\sps.service\ms.vs.services.licensing.l0.tests\ms.vs.services.licensing.l0.tests.dll" id="5c335e5f-93f5-c9d0-64c0-5beef7f8fd4a">
      <Execution id="da2f1397-4222-4da7-a247-90e50cde0c0c" />
      <TestMethod codeBase="D:\v2.0\A1\_work\dbded102\bin\Release.AnyCPU\Sps.Service\MS.VS.Services.Licensing.L0.Tests\MS.VS.Services.Licensing.L0.Tests.dll" adapterTypeName="Microsoft.VisualStudio.TestTools.TestTypes.Unit.UnitTestAdapter" className="MS.TF.Test.VisualStudioServices.Licensing.AccountEntitlementCacheTests+GetAccountEntitlements" name="GetAccountEntitlements_CallsGetAccountEntitlement_FromAccounts_ForEachAccount" />
    </UnitTest>
    <UnitTest name="GetAccountEntitlements_FromAccounts_DoesNotReturnNullsInTheResultSet" storage="d:\v2.0\a1\_work\dbded102\bin\release.anycpu\sps.service\ms.vs.services.licensing.l0.tests\ms.vs.services.licensing.l0.tests.dll" id="b354fde1-6715-78bd-f814-b047d6e81884">
      <Execution id="f11aef0a-81f5-44ee-9880-7a74e4bf9148" />
      <TestMethod codeBase="D:\v2.0\A1\_work\dbded102\bin\Release.AnyCPU\Sps.Service\MS.VS.Services.Licensing.L0.Tests\MS.VS.Services.Licensing.L0.Tests.dll" adapterTypeName="Microsoft.VisualStudio.TestTools.TestTypes.Unit.UnitTestAdapter" className="MS.TF.Test.VisualStudioServices.Licensing.AccountEntitlementCacheTests+GetAccountEntitlements" name="GetAccountEntitlements_FromAccounts_DoesNotReturnNullsInTheResultSet" />
    </UnitTest>
    <UnitTest name="GetLicensesUsage_WillThrowWhenPassedNullRequestContext" storage="d:\v2.0\a1\_work\dbded102\bin\release.anycpu\sps.service\ms.vs.services.licensing.l0.tests\ms.vs.services.licensing.l0.tests.dll" id="907aed55-b25f-d314-70f0-865354338480">
      <Execution id="17422985-ef15-4dd6-bf51-a3330f184611" />
      <TestMethod codeBase="D:\v2.0\A1\_work\dbded102\bin\Release.AnyCPU\Sps.Service\MS.VS.Services.Licensing.L0.Tests\MS.VS.Services.Licensing.L0.Tests.dll" adapterTypeName="Microsoft.VisualStudio.TestTools.TestTypes.Unit.UnitTestAdapter" className="MS.TF.Test.VisualStudioServices.Licensing.PlatformAccountEntitlementServiceTests+GetLicensesUsage" name="GetLicensesUsage_WillThrowWhenPassedNullRequestContext" />
    </UnitTest>
    <UnitTest name="GetLicensesUsage_WillThrowWhenPassedNonAccountRequestContext" storage="d:\v2.0\a1\_work\dbded102\bin\release.anycpu\sps.service\ms.vs.services.licensing.l0.tests\ms.vs.services.licensing.l0.tests.dll" id="322e6517-7ec2-7ffd-955e-3ebdc27f4431">
      <Execution id="cd16774d-d73e-4a13-98a9-79de9c2cfc96" />
      <TestMethod codeBase="D:\v2.0\A1\_work\dbded102\bin\Release.AnyCPU\Sps.Service\MS.VS.Services.Licensing.L0.Tests\MS.VS.Services.Licensing.L0.Tests.dll" adapterTypeName="Microsoft.VisualStudio.TestTools.TestTypes.Unit.UnitTestAdapter" className="MS.TF.Test.VisualStudioServices.Licensing.PlatformAccountEntitlementServiceTests+GetLicensesUsage" name="GetLicensesUsage_WillThrowWhenPassedNonAccountRequestContext" />
    </UnitTest>
    <UnitTest name="GetLicensesUsage_Throws_WhenUserDoesNotHavePermission" storage="d:\v2.0\a1\_work\dbded102\bin\release.anycpu\sps.service\ms.vs.services.licensing.l0.tests\ms.vs.services.licensing.l0.tests.dll" id="a1ed701c-0f7b-d204-a279-f4de922a4ad0">
      <Execution id="e970545f-70a7-4235-b142-af807e3e6af6" />
      <TestMethod codeBase="D:\v2.0\A1\_work\dbded102\bin\Release.AnyCPU\Sps.Service\MS.VS.Services.Licensing.L0.Tests\MS.VS.Services.Licensing.L0.Tests.dll" adapterTypeName="Microsoft.VisualStudio.TestTools.TestTypes.Unit.UnitTestAdapter" className="MS.TF.Test.VisualStudioServices.Licensing.PlatformAccountEntitlementServiceTests+GetLicensesUsage" name="GetLicensesUsage_Throws_WhenUserDoesNotHavePermission" />
    </UnitTest>
    <UnitTest name="GetLicensesUsage_NoResultsWhenMeteringServiceReturnsNoSubscriptions" storage="d:\v2.0\a1\_work\dbded102\bin\release.anycpu\sps.service\ms.vs.services.licensing.l0.tests\ms.vs.services.licensing.l0.tests.dll" id="5611e97f-9ff8-7860-2915-36c47efa8ed0">
      <Execution id="5750dd9c-e1a0-4434-8cbe-310267a444a0" />
      <TestMethod codeBase="D:\v2.0\A1\_work\dbded102\bin\Release.AnyCPU\Sps.Service\MS.VS.Services.Licensing.L0.Tests\MS.VS.Services.Licensing.L0.Tests.dll" adapterTypeName="Microsoft.VisualStudio.TestTools.TestTypes.Unit.UnitTestAdapter" className="MS.TF.Test.VisualStudioServices.Licensing.PlatformAccountEntitlementServiceTests+GetLicensesUsage" name="GetLicensesUsage_NoResultsWhenMeteringServiceReturnsNoSubscriptions" />
    </UnitTest>
    <UnitTest name="GetLicensesUsage_ReturnsResultsFromMeteringService" storage="d:\v2.0\a1\_work\dbded102\bin\release.anycpu\sps.service\ms.vs.services.licensing.l0.tests\ms.vs.services.licensing.l0.tests.dll" id="e3f89e45-6545-34f7-524c-71d0020648e7">
      <Execution id="47063f7c-6661-45b1-a097-efaac6ca9f76" />
      <TestMethod codeBase="D:\v2.0\A1\_work\dbded102\bin\Release.AnyCPU\Sps.Service\MS.VS.Services.Licensing.L0.Tests\MS.VS.Services.Licensing.L0.Tests.dll" adapterTypeName="Microsoft.VisualStudio.TestTools.TestTypes.Unit.UnitTestAdapter" className="MS.TF.Test.VisualStudioServices.Licensing.PlatformAccountEntitlementServiceTests+GetLicensesUsage" name="GetLicensesUsage_ReturnsResultsFromMeteringService" />
    </UnitTest>
    <UnitTest name="GetLicensesUsage_MergesResultsFromMeteringServiceWithLicensesUsage" storage="d:\v2.0\a1\_work\dbded102\bin\release.anycpu\sps.service\ms.vs.services.licensing.l0.tests\ms.vs.services.licensing.l0.tests.dll" id="b67a3bb8-0334-c673-ad96-4a599893c3f5">
      <Execution id="86adf671-faeb-4c4e-b4e8-49acccc21759" />
      <TestMethod codeBase="D:\v2.0\A1\_work\dbded102\bin\Release.AnyCPU\Sps.Service\MS.VS.Services.Licensing.L0.Tests\MS.VS.Services.Licensing.L0.Tests.dll" adapterTypeName="Microsoft.VisualStudio.TestTools.TestTypes.Unit.UnitTestAdapter" className="MS.TF.Test.VisualStudioServices.Licensing.PlatformAccountEntitlementServiceTests+GetLicensesUsage" name="GetLicensesUsage_MergesResultsFromMeteringServiceWithLicensesUsage" />
    </UnitTest>
    <UnitTest name="GetLicensesUsage_MergesResultsFromMeteringServiceWithLicensesUsageWhenOnlyActiveOrPendingOrExpiredLicensesAreConsidered" storage="d:\v2.0\a1\_work\dbded102\bin\release.anycpu\sps.service\ms.vs.services.licensing.l0.tests\ms.vs.services.licensing.l0.tests.dll" id="f587db5a-a4ec-3799-4697-47d982efa842">
      <Execution id="f63d3cb1-511f-4336-9128-78156f6346bf" />
      <TestMethod codeBase="D:\v2.0\A1\_work\dbded102\bin\Release.AnyCPU\Sps.Service\MS.VS.Services.Licensing.L0.Tests\MS.VS.Services.Licensing.L0.Tests.dll" adapterTypeName="Microsoft.VisualStudio.TestTools.TestTypes.Unit.UnitTestAdapter" className="MS.TF.Test.VisualStudioServices.Licensing.PlatformAccountEntitlementServiceTests+GetLicensesUsage" name="GetLicensesUsage_MergesResultsFromMeteringServiceWithLicensesUsageWhenOnlyActiveOrPendingOrExpiredLicensesAreConsidered" />
    </UnitTest>
    <UnitTest name="GetLicensesUsage_ConsidersStakeholderLicenses" storage="d:\v2.0\a1\_work\dbded102\bin\release.anycpu\sps.service\ms.vs.services.licensing.l0.tests\ms.vs.services.licensing.l0.tests.dll" id="a94b8820-40ee-a60e-ac2a-535c2f9cbed1">
      <Execution id="c59e0555-e580-4764-932b-2999e3bd2c08" />
      <TestMethod codeBase="D:\v2.0\A1\_work\dbded102\bin\Release.AnyCPU\Sps.Service\MS.VS.Services.Licensing.L0.Tests\MS.VS.Services.Licensing.L0.Tests.dll" adapterTypeName="Microsoft.VisualStudio.TestTools.TestTypes.Unit.UnitTestAdapter" className="MS.TF.Test.VisualStudioServices.Licensing.PlatformAccountEntitlementServiceTests+GetLicensesUsage" name="GetLicensesUsage_ConsidersStakeholderLicenses" />
    </UnitTest>
    <UnitTest name="CalculateAccountLicensesUsage_ReturnsDictionaryWithAvailableLicenses" storage="d:\v2.0\a1\_work\dbded102\bin\release.anycpu\sps.service\ms.vs.services.licensing.l0.tests\ms.vs.services.licensing.l0.tests.dll" id="aa5eedf9-2f05-ebac-168e-14bd231f1ab6">
      <Execution id="241c469e-6dcd-4c4b-9a37-a1987fe418e8" />
      <TestMethod codeBase="D:\v2.0\A1\_work\dbded102\bin\Release.AnyCPU\Sps.Service\MS.VS.Services.Licensing.L0.Tests\MS.VS.Services.Licensing.L0.Tests.dll" adapterTypeName="Microsoft.VisualStudio.TestTools.TestTypes.Unit.UnitTestAdapter" className="MS.TF.Test.VisualStudioServices.Licensing.PlatformAccountEntitlementServiceTests+GetLicensesUsage" name="CalculateAccountLicensesUsage_ReturnsDictionaryWithAvailableLicenses" />
    </UnitTest>
    <UnitTest name="CalculateAccountLicensesUsage_ReturnsValidResultWithThreeLicenses" storage="d:\v2.0\a1\_work\dbded102\bin\release.anycpu\sps.service\ms.vs.services.licensing.l0.tests\ms.vs.services.licensing.l0.tests.dll" id="24c28ae0-42a2-1483-1f66-8e0d71d05aa2">
      <Execution id="32be6497-936b-4447-b770-57d2c8925c51" />
      <TestMethod codeBase="D:\v2.0\A1\_work\dbded102\bin\Release.AnyCPU\Sps.Service\MS.VS.Services.Licensing.L0.Tests\MS.VS.Services.Licensing.L0.Tests.dll" adapterTypeName="Microsoft.VisualStudio.TestTools.TestTypes.Unit.UnitTestAdapter" className="MS.TF.Test.VisualStudioServices.Licensing.PlatformAccountEntitlementServiceTests+GetLicensesUsage" name="CalculateAccountLicensesUsage_ReturnsValidResultWithThreeLicenses" />
    </UnitTest>
    <UnitTest name="GetAccountEntitlements_WillThrowWhenPassedNullRequestContext" storage="d:\v2.0\a1\_work\dbded102\bin\release.anycpu\sps.service\ms.vs.services.licensing.l0.tests\ms.vs.services.licensing.l0.tests.dll" id="1598bccf-3cd5-7f49-37c9-3d5c9df1d2c7">
      <Execution id="9c319297-01c9-4d31-9f08-e0fb97a9f2da" />
      <TestMethod codeBase="D:\v2.0\A1\_work\dbded102\bin\Release.AnyCPU\Sps.Service\MS.VS.Services.Licensing.L0.Tests\MS.VS.Services.Licensing.L0.Tests.dll" adapterTypeName="Microsoft.VisualStudio.TestTools.TestTypes.Unit.UnitTestAdapter" className="MS.TF.Test.VisualStudioServices.Licensing.PlatformAccountEntitlementServiceTests+GetAccountEntitlements" name="GetAccountEntitlements_WillThrowWhenPassedNullRequestContext" />
    </UnitTest>
    <UnitTest name="GetAccountEntitlements_WillThrowWhenPassedNonAccountRequestContext" storage="d:\v2.0\a1\_work\dbded102\bin\release.anycpu\sps.service\ms.vs.services.licensing.l0.tests\ms.vs.services.licensing.l0.tests.dll" id="d068813a-6dce-ff8f-0481-cc1ef7681d8c">
      <Execution id="af9fc2bf-ba9d-4206-9daf-5a675ed23582" />
      <TestMethod codeBase="D:\v2.0\A1\_work\dbded102\bin\Release.AnyCPU\Sps.Service\MS.VS.Services.Licensing.L0.Tests\MS.VS.Services.Licensing.L0.Tests.dll" adapterTypeName="Microsoft.VisualStudio.TestTools.TestTypes.Unit.UnitTestAdapter" className="MS.TF.Test.VisualStudioServices.Licensing.PlatformAccountEntitlementServiceTests+GetAccountEntitlements" name="GetAccountEntitlements_WillThrowWhenPassedNonAccountRequestContext" />
    </UnitTest>
    <UnitTest name="GetAccountEntitlements_Throws_WhenUserDoesNotHavePermission" storage="d:\v2.0\a1\_work\dbded102\bin\release.anycpu\sps.service\ms.vs.services.licensing.l0.tests\ms.vs.services.licensing.l0.tests.dll" id="5d13ca4c-24de-3f07-3593-25135af7d5a1">
      <Execution id="3f2ecfd3-173f-4d71-92a3-05c078729ac1" />
      <TestMethod codeBase="D:\v2.0\A1\_work\dbded102\bin\Release.AnyCPU\Sps.Service\MS.VS.Services.Licensing.L0.Tests\MS.VS.Services.Licensing.L0.Tests.dll" adapterTypeName="Microsoft.VisualStudio.TestTools.TestTypes.Unit.UnitTestAdapter" className="MS.TF.Test.VisualStudioServices.Licensing.PlatformAccountEntitlementServiceTests+GetAccountEntitlements" name="GetAccountEntitlements_Throws_WhenUserDoesNotHavePermission" />
    </UnitTest>
    <UnitTest name="GetAccountEntitlements_ReturnsConvertedUserLicenses" storage="d:\v2.0\a1\_work\dbded102\bin\release.anycpu\sps.service\ms.vs.services.licensing.l0.tests\ms.vs.services.licensing.l0.tests.dll" id="7af24146-e5a8-86b3-ab8a-5aa61ab2bd97">
      <Execution id="411c9efb-e872-4936-b07b-10165da4067c" />
      <TestMethod codeBase="D:\v2.0\A1\_work\dbded102\bin\Release.AnyCPU\Sps.Service\MS.VS.Services.Licensing.L0.Tests\MS.VS.Services.Licensing.L0.Tests.dll" adapterTypeName="Microsoft.VisualStudio.TestTools.TestTypes.Unit.UnitTestAdapter" className="MS.TF.Test.VisualStudioServices.Licensing.PlatformAccountEntitlementServiceTests+GetAccountEntitlements" name="GetAccountEntitlements_ReturnsConvertedUserLicenses" />
    </UnitTest>
    <UnitTest name="GetAccountEntitlements_ReturnsEnterpriseForUltimate" storage="d:\v2.0\a1\_work\dbded102\bin\release.anycpu\sps.service\ms.vs.services.licensing.l0.tests\ms.vs.services.licensing.l0.tests.dll" id="fb5169b5-1399-1031-e3e9-c5faaf2539ca">
      <Execution id="68d23def-857c-4826-ad63-c8cc232cd49f" />
      <TestMethod codeBase="D:\v2.0\A1\_work\dbded102\bin\Release.AnyCPU\Sps.Service\MS.VS.Services.Licensing.L0.Tests\MS.VS.Services.Licensing.L0.Tests.dll" adapterTypeName="Microsoft.VisualStudio.TestTools.TestTypes.Unit.UnitTestAdapter" className="MS.TF.Test.VisualStudioServices.Licensing.PlatformAccountEntitlementServiceTests+GetAccountEntitlements" name="GetAccountEntitlements_ReturnsEnterpriseForUltimate" />
    </UnitTest>
    <UnitTest name="GetAccountEntitlements_ReturnsConvertedUserLicenses_MsdnEnterprise" storage="d:\v2.0\a1\_work\dbded102\bin\release.anycpu\sps.service\ms.vs.services.licensing.l0.tests\ms.vs.services.licensing.l0.tests.dll" id="a819b3e1-92ea-389b-4620-18e3d9c7fc8c">
      <Execution id="131d2caf-945b-481d-800b-fbb9291e7cf7" />
      <TestMethod codeBase="D:\v2.0\A1\_work\dbded102\bin\Release.AnyCPU\Sps.Service\MS.VS.Services.Licensing.L0.Tests\MS.VS.Services.Licensing.L0.Tests.dll" adapterTypeName="Microsoft.VisualStudio.TestTools.TestTypes.Unit.UnitTestAdapter" className="MS.TF.Test.VisualStudioServices.Licensing.PlatformAccountEntitlementServiceTests+GetAccountEntitlements" name="GetAccountEntitlements_ReturnsConvertedUserLicenses_MsdnEnterprise" />
    </UnitTest>
    <UnitTest name="GetAccountEntitlements_WhenShortCircuitFlagIsEnabled_ReturnAllEntitlementsAsEarlyAdopter" storage="d:\v2.0\a1\_work\dbded102\bin\release.anycpu\sps.service\ms.vs.services.licensing.l0.tests\ms.vs.services.licensing.l0.tests.dll" id="c81a04e8-dba2-a7a1-f0f8-1b0ecb0846e0">
      <Execution id="d4430efa-3f8d-4d2c-9693-98e446c660b1" />
      <TestMethod codeBase="D:\v2.0\A1\_work\dbded102\bin\Release.AnyCPU\Sps.Service\MS.VS.Services.Licensing.L0.Tests\MS.VS.Services.Licensing.L0.Tests.dll" adapterTypeName="Microsoft.VisualStudio.TestTools.TestTypes.Unit.UnitTestAdapter" className="MS.TF.Test.VisualStudioServices.Licensing.PlatformAccountEntitlementServiceTests+GetAccountEntitlements" name="GetAccountEntitlements_WhenShortCircuitFlagIsEnabled_ReturnAllEntitlementsAsEarlyAdopter" />
    </UnitTest>
    <UnitTest name="AssignAvailableAccountEntitlement_WillThrowWhenPassedNullRequestContext" storage="d:\v2.0\a1\_work\dbded102\bin\release.anycpu\sps.service\ms.vs.services.licensing.l0.tests\ms.vs.services.licensing.l0.tests.dll" id="48b6882f-3105-8982-1074-ac56a7123803">
      <Execution id="03675eb2-bcb4-413c-9d89-3ae45a8b32c4" />
      <TestMethod codeBase="D:\v2.0\A1\_work\dbded102\bin\Release.AnyCPU\Sps.Service\MS.VS.Services.Licensing.L0.Tests\MS.VS.Services.Licensing.L0.Tests.dll" adapterTypeName="Microsoft.VisualStudio.TestTools.TestTypes.Unit.UnitTestAdapter" className="MS.TF.Test.VisualStudioServices.Licensing.PlatformAccountEntitlementServiceTests+AssignAvailableAccountEntitlement" name="AssignAvailableAccountEntitlement_WillThrowWhenPassedNullRequestContext" />
    </UnitTest>
    <UnitTest name="AssignAvailableAccountEntitlement_WillThrowWhenPassedNonAccountRequestContext" storage="d:\v2.0\a1\_work\dbded102\bin\release.anycpu\sps.service\ms.vs.services.licensing.l0.tests\ms.vs.services.licensing.l0.tests.dll" id="58ef9119-fb56-1f7c-559b-91aa082aaf9a">
      <Execution id="7ad092af-0a39-4df2-bda2-9afe0e97e468" />
      <TestMethod codeBase="D:\v2.0\A1\_work\dbded102\bin\Release.AnyCPU\Sps.Service\MS.VS.Services.Licensing.L0.Tests\MS.VS.Services.Licensing.L0.Tests.dll" adapterTypeName="Microsoft.VisualStudio.TestTools.TestTypes.Unit.UnitTestAdapter" className="MS.TF.Test.VisualStudioServices.Licensing.PlatformAccountEntitlementServiceTests+AssignAvailableAccountEntitlement" name="AssignAvailableAccountEntitlement_WillThrowWhenPassedNonAccountRequestContext" />
    </UnitTest>
    <UnitTest name="AssignAvailableAccountEntitlement_Throws_WhenUserDoesNotHavePermission" storage="d:\v2.0\a1\_work\dbded102\bin\release.anycpu\sps.service\ms.vs.services.licensing.l0.tests\ms.vs.services.licensing.l0.tests.dll" id="d7c3c857-6396-1a5d-28a3-3ec8e5e81429">
      <Execution id="c2448d66-3758-4c8d-9a47-624f03b0ef8b" />
      <TestMethod codeBase="D:\v2.0\A1\_work\dbded102\bin\Release.AnyCPU\Sps.Service\MS.VS.Services.Licensing.L0.Tests\MS.VS.Services.Licensing.L0.Tests.dll" adapterTypeName="Microsoft.VisualStudio.TestTools.TestTypes.Unit.UnitTestAdapter" className="MS.TF.Test.VisualStudioServices.Licensing.PlatformAccountEntitlementServiceTests+AssignAvailableAccountEntitlement" name="AssignAvailableAccountEntitlement_Throws_WhenUserDoesNotHavePermission" />
    </UnitTest>
    <UnitTest name="AssignAccountEntitlement_WillThrowWhenPassedNullRequestContext" storage="d:\v2.0\a1\_work\dbded102\bin\release.anycpu\sps.service\ms.vs.services.licensing.l0.tests\ms.vs.services.licensing.l0.tests.dll" id="ea2f8b81-c945-9cff-3b15-e7df85011f00">
      <Execution id="909be9ef-d657-4944-98e2-63ed712ccab8" />
      <TestMethod codeBase="D:\v2.0\A1\_work\dbded102\bin\Release.AnyCPU\Sps.Service\MS.VS.Services.Licensing.L0.Tests\MS.VS.Services.Licensing.L0.Tests.dll" adapterTypeName="Microsoft.VisualStudio.TestTools.TestTypes.Unit.UnitTestAdapter" className="MS.TF.Test.VisualStudioServices.Licensing.PlatformAccountEntitlementServiceTests+AssignAccountEntitlement" name="AssignAccountEntitlement_WillThrowWhenPassedNullRequestContext" />
    </UnitTest>
    <UnitTest name="AssignAccountEntitlement_WillThrowWhenPassedEmptyUserId" storage="d:\v2.0\a1\_work\dbded102\bin\release.anycpu\sps.service\ms.vs.services.licensing.l0.tests\ms.vs.services.licensing.l0.tests.dll" id="0d369182-15fc-7ef4-0d77-3150ce55cb22">
      <Execution id="e82b41a4-9e1f-459d-ae1c-88daa8dc555c" />
      <TestMethod codeBase="D:\v2.0\A1\_work\dbded102\bin\Release.AnyCPU\Sps.Service\MS.VS.Services.Licensing.L0.Tests\MS.VS.Services.Licensing.L0.Tests.dll" adapterTypeName="Microsoft.VisualStudio.TestTools.TestTypes.Unit.UnitTestAdapter" className="MS.TF.Test.VisualStudioServices.Licensing.PlatformAccountEntitlementServiceTests+AssignAccountEntitlement" name="AssignAccountEntitlement_WillThrowWhenPassedEmptyUserId" />
    </UnitTest>
    <UnitTest name="AssignAccountEntitlement_WillThrowWhenNotApplicationContext" storage="d:\v2.0\a1\_work\dbded102\bin\release.anycpu\sps.service\ms.vs.services.licensing.l0.tests\ms.vs.services.licensing.l0.tests.dll" id="f86b134b-ea24-d0c8-b723-d68912d81e2e">
      <Execution id="12ec6d82-78ed-489b-8502-a821b844feaa" />
      <TestMethod codeBase="D:\v2.0\A1\_work\dbded102\bin\Release.AnyCPU\Sps.Service\MS.VS.Services.Licensing.L0.Tests\MS.VS.Services.Licensing.L0.Tests.dll" adapterTypeName="Microsoft.VisualStudio.TestTools.TestTypes.Unit.UnitTestAdapter" className="MS.TF.Test.VisualStudioServices.Licensing.PlatformAccountEntitlementServiceTests+AssignAccountEntitlement" name="AssignAccountEntitlement_WillThrowWhenNotApplicationContext" />
    </UnitTest>
    <UnitTest name="AssignAccountEntitlement_Throws_WhenUserDoesNotHavePermission" storage="d:\v2.0\a1\_work\dbded102\bin\release.anycpu\sps.service\ms.vs.services.licensing.l0.tests\ms.vs.services.licensing.l0.tests.dll" id="f3ba5f69-e4d5-9cfb-23ec-bd8c6a184d3f">
      <Execution id="62a74797-9342-4280-8126-975d60ee8e93" />
      <TestMethod codeBase="D:\v2.0\A1\_work\dbded102\bin\Release.AnyCPU\Sps.Service\MS.VS.Services.Licensing.L0.Tests\MS.VS.Services.Licensing.L0.Tests.dll" adapterTypeName="Microsoft.VisualStudio.TestTools.TestTypes.Unit.UnitTestAdapter" className="MS.TF.Test.VisualStudioServices.Licensing.PlatformAccountEntitlementServiceTests+AssignAccountEntitlement" name="AssignAccountEntitlement_Throws_WhenUserDoesNotHavePermission" />
    </UnitTest>
    <UnitTest name="AssignAccountEntitlementInternal_CallsLicensingAssignAccountEntitlementInternal" storage="d:\v2.0\a1\_work\dbded102\bin\release.anycpu\sps.service\ms.vs.services.licensing.l0.tests\ms.vs.services.licensing.l0.tests.dll" id="3b6d08f9-5029-37d9-f42a-f0ea07c474f7">
      <Execution id="103a1c25-acc1-4fee-a237-19702cc67126" />
      <TestMethod codeBase="D:\v2.0\A1\_work\dbded102\bin\Release.AnyCPU\Sps.Service\MS.VS.Services.Licensing.L0.Tests\MS.VS.Services.Licensing.L0.Tests.dll" adapterTypeName="Microsoft.VisualStudio.TestTools.TestTypes.Unit.UnitTestAdapter" className="MS.TF.Test.VisualStudioServices.Licensing.PlatformAccountEntitlementServiceTests+AssignAccountEntitlementInternal" name="AssignAccountEntitlementInternal_CallsLicensingAssignAccountEntitlementInternal" />
    </UnitTest>
    <UnitTest name="DeleteAccountEntitlement_WillThrowWhenPassedNullRequestContext" storage="d:\v2.0\a1\_work\dbded102\bin\release.anycpu\sps.service\ms.vs.services.licensing.l0.tests\ms.vs.services.licensing.l0.tests.dll" id="400fa34b-a9bc-37a7-3db4-f1035d9f0090">
      <Execution id="d8072280-8c23-438d-9faf-712c04b67746" />
      <TestMethod codeBase="D:\v2.0\A1\_work\dbded102\bin\Release.AnyCPU\Sps.Service\MS.VS.Services.Licensing.L0.Tests\MS.VS.Services.Licensing.L0.Tests.dll" adapterTypeName="Microsoft.VisualStudio.TestTools.TestTypes.Unit.UnitTestAdapter" className="MS.TF.Test.VisualStudioServices.Licensing.PlatformAccountEntitlementServiceTests+DeleteAccountEntitlement" name="DeleteAccountEntitlement_WillThrowWhenPassedNullRequestContext" />
    </UnitTest>
    <UnitTest name="DeleteAccountEntitlement_WillThrowWhenPassedEmptyUserId" storage="d:\v2.0\a1\_work\dbded102\bin\release.anycpu\sps.service\ms.vs.services.licensing.l0.tests\ms.vs.services.licensing.l0.tests.dll" id="a8312e38-e603-e9bd-87f4-efc10cd8bf69">
      <Execution id="98ce508a-c806-402a-98eb-73e597dd51f6" />
      <TestMethod codeBase="D:\v2.0\A1\_work\dbded102\bin\Release.AnyCPU\Sps.Service\MS.VS.Services.Licensing.L0.Tests\MS.VS.Services.Licensing.L0.Tests.dll" adapterTypeName="Microsoft.VisualStudio.TestTools.TestTypes.Unit.UnitTestAdapter" className="MS.TF.Test.VisualStudioServices.Licensing.PlatformAccountEntitlementServiceTests+DeleteAccountEntitlement" name="DeleteAccountEntitlement_WillThrowWhenPassedEmptyUserId" />
    </UnitTest>
    <UnitTest name="DeleteAccountEntitlement_WillThrowWhenNotApplicationContext" storage="d:\v2.0\a1\_work\dbded102\bin\release.anycpu\sps.service\ms.vs.services.licensing.l0.tests\ms.vs.services.licensing.l0.tests.dll" id="67bbe011-9aa1-6a9e-4b6c-9ecf26836336">
      <Execution id="4b54b3cb-aacc-4ad5-a4f7-50d07ef7ebcc" />
      <TestMethod codeBase="D:\v2.0\A1\_work\dbded102\bin\Release.AnyCPU\Sps.Service\MS.VS.Services.Licensing.L0.Tests\MS.VS.Services.Licensing.L0.Tests.dll" adapterTypeName="Microsoft.VisualStudio.TestTools.TestTypes.Unit.UnitTestAdapter" className="MS.TF.Test.VisualStudioServices.Licensing.PlatformAccountEntitlementServiceTests+DeleteAccountEntitlement" name="DeleteAccountEntitlement_WillThrowWhenNotApplicationContext" />
    </UnitTest>
    <UnitTest name="DeleteAccountEntitlement_CallsLicensingDeleteAccountEntitlement" storage="d:\v2.0\a1\_work\dbded102\bin\release.anycpu\sps.service\ms.vs.services.licensing.l0.tests\ms.vs.services.licensing.l0.tests.dll" id="5f1f5d8f-c82a-6b43-616b-cd8a71b58bd4">
      <Execution id="f08c0870-8c16-40ba-b6ea-7ff818df5022" />
      <TestMethod codeBase="D:\v2.0\A1\_work\dbded102\bin\Release.AnyCPU\Sps.Service\MS.VS.Services.Licensing.L0.Tests\MS.VS.Services.Licensing.L0.Tests.dll" adapterTypeName="Microsoft.VisualStudio.TestTools.TestTypes.Unit.UnitTestAdapter" className="MS.TF.Test.VisualStudioServices.Licensing.PlatformAccountEntitlementServiceTests+DeleteAccountEntitlement" name="DeleteAccountEntitlement_CallsLicensingDeleteAccountEntitlement" />
    </UnitTest>
    <UnitTest name="DeleteAccountEntitlement_WillThrowWhen_UserHasInsufficientPermissions" storage="d:\v2.0\a1\_work\dbded102\bin\release.anycpu\sps.service\ms.vs.services.licensing.l0.tests\ms.vs.services.licensing.l0.tests.dll" id="c129f8cf-0ce1-b296-d12b-30571836375d">
      <Execution id="5bbb8fc6-8791-4751-bdd9-05cc477bed6b" />
      <TestMethod codeBase="D:\v2.0\A1\_work\dbded102\bin\Release.AnyCPU\Sps.Service\MS.VS.Services.Licensing.L0.Tests\MS.VS.Services.Licensing.L0.Tests.dll" adapterTypeName="Microsoft.VisualStudio.TestTools.TestTypes.Unit.UnitTestAdapter" className="MS.TF.Test.VisualStudioServices.Licensing.PlatformAccountEntitlementServiceTests+DeleteAccountEntitlement" name="DeleteAccountEntitlement_WillThrowWhen_UserHasInsufficientPermissions" />
    </UnitTest>
    <UnitTest name="DeleteAccountEntitlement_WillThrowIf_QueriedByGroupIdentity" storage="d:\v2.0\a1\_work\dbded102\bin\release.anycpu\sps.service\ms.vs.services.licensing.l0.tests\ms.vs.services.licensing.l0.tests.dll" id="d6057ee3-cece-35b4-fc36-25614edb23ef">
      <Execution id="4490e19f-3798-4c88-b6c0-0c2e692b0134" />
      <TestMethod codeBase="D:\v2.0\A1\_work\dbded102\bin\Release.AnyCPU\Sps.Service\MS.VS.Services.Licensing.L0.Tests\MS.VS.Services.Licensing.L0.Tests.dll" adapterTypeName="Microsoft.VisualStudio.TestTools.TestTypes.Unit.UnitTestAdapter" className="MS.TF.Test.VisualStudioServices.Licensing.PlatformAccountEntitlementServiceTests+DeleteAccountEntitlement" name="DeleteAccountEntitlement_WillThrowIf_QueriedByGroupIdentity" />
    </UnitTest>
    <UnitTest name="DeleteAccountEntitlement_WillThrowIf_QueriedByServiceIdentity" storage="d:\v2.0\a1\_work\dbded102\bin\release.anycpu\sps.service\ms.vs.services.licensing.l0.tests\ms.vs.services.licensing.l0.tests.dll" id="8ef00733-f285-d14e-abaa-ef5cedfe1e44">
      <Execution id="da6d9030-77b0-436f-96b8-e502e20e9e49" />
      <TestMethod codeBase="D:\v2.0\A1\_work\dbded102\bin\Release.AnyCPU\Sps.Service\MS.VS.Services.Licensing.L0.Tests\MS.VS.Services.Licensing.L0.Tests.dll" adapterTypeName="Microsoft.VisualStudio.TestTools.TestTypes.Unit.UnitTestAdapter" className="MS.TF.Test.VisualStudioServices.Licensing.PlatformAccountEntitlementServiceTests+DeleteAccountEntitlement" name="DeleteAccountEntitlement_WillThrowIf_QueriedByServiceIdentity" />
    </UnitTest>
    <UnitTest name="DeleteAccountEntitlement_WillThrowIf_QueriedByAnonymousPrincipal" storage="d:\v2.0\a1\_work\dbded102\bin\release.anycpu\sps.service\ms.vs.services.licensing.l0.tests\ms.vs.services.licensing.l0.tests.dll" id="2c985baa-469f-8e87-8a84-ec5e4d04e376">
      <Execution id="6ff1c9cd-80d7-4ef4-81ed-0e309bdc27d8" />
      <TestMethod codeBase="D:\v2.0\A1\_work\dbded102\bin\Release.AnyCPU\Sps.Service\MS.VS.Services.Licensing.L0.Tests\MS.VS.Services.Licensing.L0.Tests.dll" adapterTypeName="Microsoft.VisualStudio.TestTools.TestTypes.Unit.UnitTestAdapter" className="MS.TF.Test.VisualStudioServices.Licensing.PlatformAccountEntitlementServiceTests+DeleteAccountEntitlement" name="DeleteAccountEntitlement_WillThrowIf_QueriedByAnonymousPrincipal" />
    </UnitTest>
    <UnitTest name="AssignAvailableAccountEntitlement_WillThrowWhenPassedNullRequestContext" storage="d:\v2.0\a1\_work\dbded102\bin\release.anycpu\sps.service\ms.vs.services.licensing.l0.tests\ms.vs.services.licensing.l0.tests.dll" id="aef30e4b-b8af-58bd-aaba-222af2b2464a">
      <Execution id="a7dfc9c1-be42-4afa-aa66-a54a3d073272" />
      <TestMethod codeBase="D:\v2.0\A1\_work\dbded102\bin\Release.AnyCPU\Sps.Service\MS.VS.Services.Licensing.L0.Tests\MS.VS.Services.Licensing.L0.Tests.dll" adapterTypeName="Microsoft.VisualStudio.TestTools.TestTypes.Unit.UnitTestAdapter" className="MS.TF.Test.VisualStudioServices.Licensing.PlatformAccountEntitlementServiceTests+AssignAvailableAccountEntitlementEntitlement" name="AssignAvailableAccountEntitlement_WillThrowWhenPassedNullRequestContext" />
    </UnitTest>
    <UnitTest name="AssignAvailableAccountEntitlement_WillThrowWhenPassedEmptyUserId" storage="d:\v2.0\a1\_work\dbded102\bin\release.anycpu\sps.service\ms.vs.services.licensing.l0.tests\ms.vs.services.licensing.l0.tests.dll" id="e90e52a2-b2b2-fe6e-9d4c-9175d54ebe2d">
      <Execution id="42f41d99-9de6-4f8e-89c4-78bfe3cad915" />
      <TestMethod codeBase="D:\v2.0\A1\_work\dbded102\bin\Release.AnyCPU\Sps.Service\MS.VS.Services.Licensing.L0.Tests\MS.VS.Services.Licensing.L0.Tests.dll" adapterTypeName="Microsoft.VisualStudio.TestTools.TestTypes.Unit.UnitTestAdapter" className="MS.TF.Test.VisualStudioServices.Licensing.PlatformAccountEntitlementServiceTests+AssignAvailableAccountEntitlementEntitlement" name="AssignAvailableAccountEntitlement_WillThrowWhenPassedEmptyUserId" />
    </UnitTest>
    <UnitTest name="AssignAvailableAccountEntitlement_WillThrowWhenNotApplicationContext" storage="d:\v2.0\a1\_work\dbded102\bin\release.anycpu\sps.service\ms.vs.services.licensing.l0.tests\ms.vs.services.licensing.l0.tests.dll" id="f9cfaeb1-62e3-8bc4-ac87-016888c6f53a">
      <Execution id="448dc148-5726-4d30-9166-25737148bafc" />
      <TestMethod codeBase="D:\v2.0\A1\_work\dbded102\bin\Release.AnyCPU\Sps.Service\MS.VS.Services.Licensing.L0.Tests\MS.VS.Services.Licensing.L0.Tests.dll" adapterTypeName="Microsoft.VisualStudio.TestTools.TestTypes.Unit.UnitTestAdapter" className="MS.TF.Test.VisualStudioServices.Licensing.PlatformAccountEntitlementServiceTests+AssignAvailableAccountEntitlementEntitlement" name="AssignAvailableAccountEntitlement_WillThrowWhenNotApplicationContext" />
    </UnitTest>
    <UnitTest name="AssignAvailableAccountEntitlement_WillNotCallAddUserToAccountWhenUserAlreadyExistInAccount" storage="d:\v2.0\a1\_work\dbded102\bin\release.anycpu\sps.service\ms.vs.services.licensing.l0.tests\ms.vs.services.licensing.l0.tests.dll" id="8e281afc-8461-3222-6e2d-dfc9c62c675b">
      <Execution id="abf3d1ce-76d1-41dd-a72a-42d2fc30a860" />
      <TestMethod codeBase="D:\v2.0\A1\_work\dbded102\bin\Release.AnyCPU\Sps.Service\MS.VS.Services.Licensing.L0.Tests\MS.VS.Services.Licensing.L0.Tests.dll" adapterTypeName="Microsoft.VisualStudio.TestTools.TestTypes.Unit.UnitTestAdapter" className="MS.TF.Test.VisualStudioServices.Licensing.PlatformAccountEntitlementServiceTests+AssignAvailableAccountEntitlementEntitlement" name="AssignAvailableAccountEntitlement_WillNotCallAddUserToAccountWhenUserAlreadyExistInAccount" />
    </UnitTest>
    <UnitTest name="AssignAvailableAccountEntitlement_Throws_WhenUserDoesNotHavePermission" storage="d:\v2.0\a1\_work\dbded102\bin\release.anycpu\sps.service\ms.vs.services.licensing.l0.tests\ms.vs.services.licensing.l0.tests.dll" id="d22db10b-d669-57e1-bd0a-98ed466033c9">
      <Execution id="c374505c-ae8e-432a-9f85-cb89058618f5" />
      <TestMethod codeBase="D:\v2.0\A1\_work\dbded102\bin\Release.AnyCPU\Sps.Service\MS.VS.Services.Licensing.L0.Tests\MS.VS.Services.Licensing.L0.Tests.dll" adapterTypeName="Microsoft.VisualStudio.TestTools.TestTypes.Unit.UnitTestAdapter" className="MS.TF.Test.VisualStudioServices.Licensing.PlatformAccountEntitlementServiceTests+AssignAvailableAccountEntitlementEntitlement" name="AssignAvailableAccountEntitlement_Throws_WhenUserDoesNotHavePermission" />
    </UnitTest>
    <UnitTest name="GetUserAccountRights_WillThrowWhenPassedNullRequestContext" storage="d:\v2.0\a1\_work\dbded102\bin\release.anycpu\sps.service\ms.vs.services.licensing.l0.tests\ms.vs.services.licensing.l0.tests.dll" id="7abede03-6b88-57b5-4043-733935ee99a7">
      <Execution id="854703d7-09e3-4c43-9114-2ad7f45560a0" />
      <TestMethod codeBase="D:\v2.0\A1\_work\dbded102\bin\Release.AnyCPU\Sps.Service\MS.VS.Services.Licensing.L0.Tests\MS.VS.Services.Licensing.L0.Tests.dll" adapterTypeName="Microsoft.VisualStudio.TestTools.TestTypes.Unit.UnitTestAdapter" className="MS.TF.Test.VisualStudioServices.Licensing.PlatformAccountEntitlementServiceTests+GetUserAccountRights" name="GetUserAccountRights_WillThrowWhenPassedNullRequestContext" />
    </UnitTest>
    <UnitTest name="GetUserAccountRights_GetAccountUserReturnNullForNonOwner" storage="d:\v2.0\a1\_work\dbded102\bin\release.anycpu\sps.service\ms.vs.services.licensing.l0.tests\ms.vs.services.licensing.l0.tests.dll" id="0f6ac1c5-fe24-b496-47b5-a574be439f03">
      <Execution id="15366913-d828-4c9f-ae4b-5fa357f949ba" />
      <TestMethod codeBase="D:\v2.0\A1\_work\dbded102\bin\Release.AnyCPU\Sps.Service\MS.VS.Services.Licensing.L0.Tests\MS.VS.Services.Licensing.L0.Tests.dll" adapterTypeName="Microsoft.VisualStudio.TestTools.TestTypes.Unit.UnitTestAdapter" className="MS.TF.Test.VisualStudioServices.Licensing.PlatformAccountEntitlementServiceTests+GetUserAccountRights" name="GetUserAccountRights_GetAccountUserReturnNullForNonOwner" />
    </UnitTest>
    <UnitTest name="GetUserAccountRights_GetAccountUserReturnNullForOwner" storage="d:\v2.0\a1\_work\dbded102\bin\release.anycpu\sps.service\ms.vs.services.licensing.l0.tests\ms.vs.services.licensing.l0.tests.dll" id="a7393598-a776-b0d1-5567-a67b247cc419">
      <Execution id="cf8412d4-3636-403d-ac6f-79468e629e43" />
      <TestMethod codeBase="D:\v2.0\A1\_work\dbded102\bin\Release.AnyCPU\Sps.Service\MS.VS.Services.Licensing.L0.Tests\MS.VS.Services.Licensing.L0.Tests.dll" adapterTypeName="Microsoft.VisualStudio.TestTools.TestTypes.Unit.UnitTestAdapter" className="MS.TF.Test.VisualStudioServices.Licensing.PlatformAccountEntitlementServiceTests+GetUserAccountRights" name="GetUserAccountRights_GetAccountUserReturnNullForOwner" />
    </UnitTest>
    <UnitTest name="GetUserAccountRights_GetAccountUserReturnDisableedForOwner" storage="d:\v2.0\a1\_work\dbded102\bin\release.anycpu\sps.service\ms.vs.services.licensing.l0.tests\ms.vs.services.licensing.l0.tests.dll" id="a6b8a1f6-4f1c-b25d-1ee2-ee159da13b41">
      <Execution id="62237f00-0044-4943-9518-a7539bce695a" />
      <TestMethod codeBase="D:\v2.0\A1\_work\dbded102\bin\Release.AnyCPU\Sps.Service\MS.VS.Services.Licensing.L0.Tests\MS.VS.Services.Licensing.L0.Tests.dll" adapterTypeName="Microsoft.VisualStudio.TestTools.TestTypes.Unit.UnitTestAdapter" className="MS.TF.Test.VisualStudioServices.Licensing.PlatformAccountEntitlementServiceTests+GetUserAccountRights" name="GetUserAccountRights_GetAccountUserReturnDisableedForOwner" />
    </UnitTest>
    <UnitTest name="GetUserAccountRights_GetAccountUserReturnDisableedForNormalUser" storage="d:\v2.0\a1\_work\dbded102\bin\release.anycpu\sps.service\ms.vs.services.licensing.l0.tests\ms.vs.services.licensing.l0.tests.dll" id="e82e0960-a6ed-a6a5-2895-3dc110b651f8">
      <Execution id="df3d5fd0-a18e-4e8c-a8d2-c953ec7db862" />
      <TestMethod codeBase="D:\v2.0\A1\_work\dbded102\bin\Release.AnyCPU\Sps.Service\MS.VS.Services.Licensing.L0.Tests\MS.VS.Services.Licensing.L0.Tests.dll" adapterTypeName="Microsoft.VisualStudio.TestTools.TestTypes.Unit.UnitTestAdapter" className="MS.TF.Test.VisualStudioServices.Licensing.PlatformAccountEntitlementServiceTests+GetUserAccountRights" name="GetUserAccountRights_GetAccountUserReturnDisableedForNormalUser" />
    </UnitTest>
    <UnitTest name="GetUserAccountRights_GetAccountUserReturnNoLicenseForNormalUser" storage="d:\v2.0\a1\_work\dbded102\bin\release.anycpu\sps.service\ms.vs.services.licensing.l0.tests\ms.vs.services.licensing.l0.tests.dll" id="968c3619-ab26-0eaa-7933-ce4882b09c23">
      <Execution id="88058b22-577e-4070-b69c-38d73b84d054" />
      <TestMethod codeBase="D:\v2.0\A1\_work\dbded102\bin\Release.AnyCPU\Sps.Service\MS.VS.Services.Licensing.L0.Tests\MS.VS.Services.Licensing.L0.Tests.dll" adapterTypeName="Microsoft.VisualStudio.TestTools.TestTypes.Unit.UnitTestAdapter" className="MS.TF.Test.VisualStudioServices.Licensing.PlatformAccountEntitlementServiceTests+GetUserAccountRights" name="GetUserAccountRights_GetAccountUserReturnNoLicenseForNormalUser" />
    </UnitTest>
    <UnitTest name="GetUserAccountRights_GetAccountUserReturnLicenseForNormalUserPositiveTestCase" storage="d:\v2.0\a1\_work\dbded102\bin\release.anycpu\sps.service\ms.vs.services.licensing.l0.tests\ms.vs.services.licensing.l0.tests.dll" id="b14652fd-e243-b277-1110-583f537ee9d7">
      <Execution id="6f7cca40-90f3-4244-8617-38c88e98764f" />
      <TestMethod codeBase="D:\v2.0\A1\_work\dbded102\bin\Release.AnyCPU\Sps.Service\MS.VS.Services.Licensing.L0.Tests\MS.VS.Services.Licensing.L0.Tests.dll" adapterTypeName="Microsoft.VisualStudio.TestTools.TestTypes.Unit.UnitTestAdapter" className="MS.TF.Test.VisualStudioServices.Licensing.PlatformAccountEntitlementServiceTests+GetUserAccountRights" name="GetUserAccountRights_GetAccountUserReturnLicenseForNormalUserPositiveTestCase" />
    </UnitTest>
    <UnitTest name="GetUserAccountRights_DoNotDisableUserIfMsdnAdapterReturnNoLicenseForMsdnEligiblePendingUser" storage="d:\v2.0\a1\_work\dbded102\bin\release.anycpu\sps.service\ms.vs.services.licensing.l0.tests\ms.vs.services.licensing.l0.tests.dll" id="43c612ef-ff1d-12ff-d8f2-56eb074af166">
      <Execution id="5571e186-20ab-4ba8-8b11-10836a7c1e4a" />
      <TestMethod codeBase="D:\v2.0\A1\_work\dbded102\bin\Release.AnyCPU\Sps.Service\MS.VS.Services.Licensing.L0.Tests\MS.VS.Services.Licensing.L0.Tests.dll" adapterTypeName="Microsoft.VisualStudio.TestTools.TestTypes.Unit.UnitTestAdapter" className="MS.TF.Test.VisualStudioServices.Licensing.PlatformAccountEntitlementServiceTests+GetUserAccountRights" name="GetUserAccountRights_DoNotDisableUserIfMsdnAdapterReturnNoLicenseForMsdnEligiblePendingUser" />
    </UnitTest>
    <UnitTest name="GetUserAccountRights_ReturnsAdvancedPlusLicense_WhenUnrestrictedFeatureFlagIsEnabled" storage="d:\v2.0\a1\_work\dbded102\bin\release.anycpu\sps.service\ms.vs.services.licensing.l0.tests\ms.vs.services.licensing.l0.tests.dll" id="ff8c4033-319b-4112-dc34-449ef61831c4">
      <Execution id="a0d27257-570f-4cec-a15d-b4d609cb8149" />
      <TestMethod codeBase="D:\v2.0\A1\_work\dbded102\bin\Release.AnyCPU\Sps.Service\MS.VS.Services.Licensing.L0.Tests\MS.VS.Services.Licensing.L0.Tests.dll" adapterTypeName="Microsoft.VisualStudio.TestTools.TestTypes.Unit.UnitTestAdapter" className="MS.TF.Test.VisualStudioServices.Licensing.PlatformAccountEntitlementServiceTests+GetUserAccountRights" name="GetUserAccountRights_ReturnsAdvancedPlusLicense_WhenUnrestrictedFeatureFlagIsEnabled" />
    </UnitTest>
    <UnitTest name="GetUserAccountRights_DisablesUserIntoPendingDisabledStateWhenMsdnAdapterReturnNoLicenseForMsdnProfessionalForPendingUser" storage="d:\v2.0\a1\_work\dbded102\bin\release.anycpu\sps.service\ms.vs.services.licensing.l0.tests\ms.vs.services.licensing.l0.tests.dll" id="5611e0c0-77aa-c635-5767-e62f7ffc56be">
      <Execution id="a04acad4-9dd4-4b2e-b0e5-05c0ee594a94" />
      <TestMethod codeBase="D:\v2.0\A1\_work\dbded102\bin\Release.AnyCPU\Sps.Service\MS.VS.Services.Licensing.L0.Tests\MS.VS.Services.Licensing.L0.Tests.dll" adapterTypeName="Microsoft.VisualStudio.TestTools.TestTypes.Unit.UnitTestAdapter" className="MS.TF.Test.VisualStudioServices.Licensing.PlatformAccountEntitlementServiceTests+GetUserAccountRights" name="GetUserAccountRights_DisablesUserIntoPendingDisabledStateWhenMsdnAdapterReturnNoLicenseForMsdnProfessionalForPendingUser" />
    </UnitTest>
    <UnitTest name="GetUserAccountRights_DisablesUserIntoDisabledStateWhenMsdnAdapterReturnNoLicenseForMsdnProfessionalForActiveUser" storage="d:\v2.0\a1\_work\dbded102\bin\release.anycpu\sps.service\ms.vs.services.licensing.l0.tests\ms.vs.services.licensing.l0.tests.dll" id="e2b3f1cd-bbde-26a7-1602-8b66efad3d14">
      <Execution id="40869394-42f7-4218-8734-9c27bd913830" />
      <TestMethod codeBase="D:\v2.0\A1\_work\dbded102\bin\Release.AnyCPU\Sps.Service\MS.VS.Services.Licensing.L0.Tests\MS.VS.Services.Licensing.L0.Tests.dll" adapterTypeName="Microsoft.VisualStudio.TestTools.TestTypes.Unit.UnitTestAdapter" className="MS.TF.Test.VisualStudioServices.Licensing.PlatformAccountEntitlementServiceTests+GetUserAccountRights" name="GetUserAccountRights_DisablesUserIntoDisabledStateWhenMsdnAdapterReturnNoLicenseForMsdnProfessionalForActiveUser" />
    </UnitTest>
    <UnitTest name="FaultInjectionTestingUpdateUserLastAccessedDate" storage="d:\v2.0\a1\_work\dbded102\bin\release.anycpu\sps.service\ms.vs.services.licensing.l0.tests\ms.vs.services.licensing.l0.tests.dll" id="fa9dea81-217c-3b79-4f93-802e56a309d0">
      <Execution id="f8c904bd-39ba-4b9a-9fb9-eaae29292875" />
      <TestMethod codeBase="D:\v2.0\A1\_work\dbded102\bin\Release.AnyCPU\Sps.Service\MS.VS.Services.Licensing.L0.Tests\MS.VS.Services.Licensing.L0.Tests.dll" adapterTypeName="Microsoft.VisualStudio.TestTools.TestTypes.Unit.UnitTestAdapter" className="MS.TF.Test.VisualStudioServices.Licensing.PlatformAccountEntitlementServiceTests+UpdateUserLastAccessed" name="FaultInjectionTestingUpdateUserLastAccessedDate" />
    </UnitTest>
    <UnitTest name="SendNewInvitationEmail_ThrowsExceptionIfAccountIsNull" storage="d:\v2.0\a1\_work\dbded102\bin\release.anycpu\sps.service\ms.vs.services.licensing.l0.tests\ms.vs.services.licensing.l0.tests.dll" id="b3b85caa-6257-cc60-b620-5aba1b7a4b64">
      <Execution id="7aee779d-a236-4bca-8b26-3f1787f83b6a" />
      <TestMethod codeBase="D:\v2.0\A1\_work\dbded102\bin\Release.AnyCPU\Sps.Service\MS.VS.Services.Licensing.L0.Tests\MS.VS.Services.Licensing.L0.Tests.dll" adapterTypeName="Microsoft.VisualStudio.TestTools.TestTypes.Unit.UnitTestAdapter" className="MS.TF.Test.VisualStudioServices.Licensing.PlatformAccountEntitlementServiceTests+SendEmailTest" name="SendNewInvitationEmail_ThrowsExceptionIfAccountIsNull" />
    </UnitTest>
    <UnitTest name="SendNewInvitationEmail_ThrowsExceptionIfUserIdIsEmpty" storage="d:\v2.0\a1\_work\dbded102\bin\release.anycpu\sps.service\ms.vs.services.licensing.l0.tests\ms.vs.services.licensing.l0.tests.dll" id="61e12e0c-54f9-50ed-2f32-53c5afd12703">
      <Execution id="02f897de-2f99-4f39-ab77-194616669b2c" />
      <TestMethod codeBase="D:\v2.0\A1\_work\dbded102\bin\Release.AnyCPU\Sps.Service\MS.VS.Services.Licensing.L0.Tests\MS.VS.Services.Licensing.L0.Tests.dll" adapterTypeName="Microsoft.VisualStudio.TestTools.TestTypes.Unit.UnitTestAdapter" className="MS.TF.Test.VisualStudioServices.Licensing.PlatformAccountEntitlementServiceTests+SendEmailTest" name="SendNewInvitationEmail_ThrowsExceptionIfUserIdIsEmpty" />
    </UnitTest>
    <UnitTest name="SendNewInvitationEmail_ThrowsExceptionIfRequestContextIsNull" storage="d:\v2.0\a1\_work\dbded102\bin\release.anycpu\sps.service\ms.vs.services.licensing.l0.tests\ms.vs.services.licensing.l0.tests.dll" id="80d57b37-221c-07f5-0685-11a51bef4f5d">
      <Execution id="88986312-42ec-4c5d-a4d2-3666ec96cd06" />
      <TestMethod codeBase="D:\v2.0\A1\_work\dbded102\bin\Release.AnyCPU\Sps.Service\MS.VS.Services.Licensing.L0.Tests\MS.VS.Services.Licensing.L0.Tests.dll" adapterTypeName="Microsoft.VisualStudio.TestTools.TestTypes.Unit.UnitTestAdapter" className="MS.TF.Test.VisualStudioServices.Licensing.PlatformAccountEntitlementServiceTests+SendEmailTest" name="SendNewInvitationEmail_ThrowsExceptionIfRequestContextIsNull" />
    </UnitTest>
    <UnitTest name="SendNewInvitationEmail_SuccessfullyFinishesWithValidArguments" storage="d:\v2.0\a1\_work\dbded102\bin\release.anycpu\sps.service\ms.vs.services.licensing.l0.tests\ms.vs.services.licensing.l0.tests.dll" id="f9aeedc5-6f1e-c282-f50e-ba86446ad6cc">
      <Execution id="fa5694b1-1cc1-404a-b76a-b0fd33a6fd19" />
      <TestMethod codeBase="D:\v2.0\A1\_work\dbded102\bin\Release.AnyCPU\Sps.Service\MS.VS.Services.Licensing.L0.Tests\MS.VS.Services.Licensing.L0.Tests.dll" adapterTypeName="Microsoft.VisualStudio.TestTools.TestTypes.Unit.UnitTestAdapter" className="MS.TF.Test.VisualStudioServices.Licensing.PlatformAccountEntitlementServiceTests+SendEmailTest" name="SendNewInvitationEmail_SuccessfullyFinishesWithValidArguments" />
    </UnitTest>
    <UnitTest name="SerializeWorksForAccountEntitlements" storage="d:\v2.0\a1\_work\dbded102\bin\release.anycpu\sps.service\ms.vs.services.licensing.l0.tests\ms.vs.services.licensing.l0.tests.dll" id="6a987020-3266-ae2f-baf5-5575f9997194">
      <Execution id="3b0be900-f615-418d-97bc-3a46a2acd762" />
      <TestMethod codeBase="D:\v2.0\A1\_work\dbded102\bin\Release.AnyCPU\Sps.Service\MS.VS.Services.Licensing.L0.Tests\MS.VS.Services.Licensing.L0.Tests.dll" adapterTypeName="Microsoft.VisualStudio.TestTools.TestTypes.Unit.UnitTestAdapter" className="MS.TF.Test.VisualStudioServices.Licensing.PlatformAccountEntitlementServiceTests+SendEmailTest" name="SerializeWorksForAccountEntitlements" />
    </UnitTest>
    <UnitTest name="ServiceStart_MustCallLicensingAdapterFactory" storage="d:\v2.0\a1\_work\dbded102\bin\release.anycpu\sps.service\ms.vs.services.licensing.l0.tests\ms.vs.services.licensing.l0.tests.dll" id="2df73a10-d861-7c6b-9d93-f115cd4ccedf">
      <Execution id="4677ccec-0b66-4077-8965-9ca7cf025d1b" />
      <TestMethod codeBase="D:\v2.0\A1\_work\dbded102\bin\Release.AnyCPU\Sps.Service\MS.VS.Services.Licensing.L0.Tests\MS.VS.Services.Licensing.L0.Tests.dll" adapterTypeName="Microsoft.VisualStudio.TestTools.TestTypes.Unit.UnitTestAdapter" className="MS.TF.Test.VisualStudioServices.Licensing.PlatformLicensingServiceTests+ServiceStart" name="ServiceStart_MustCallLicensingAdapterFactory" />
    </UnitTest>
    <UnitTest name="ServiceEnd_MustCallLicensingAdapterFactory" storage="d:\v2.0\a1\_work\dbded102\bin\release.anycpu\sps.service\ms.vs.services.licensing.l0.tests\ms.vs.services.licensing.l0.tests.dll" id="4646ba6a-d777-33b6-14cb-765aa229eabd">
      <Execution id="517eab22-5b0f-4a72-a7bd-4bb83e2035f0" />
      <TestMethod codeBase="D:\v2.0\A1\_work\dbded102\bin\Release.AnyCPU\Sps.Service\MS.VS.Services.Licensing.L0.Tests\MS.VS.Services.Licensing.L0.Tests.dll" adapterTypeName="Microsoft.VisualStudio.TestTools.TestTypes.Unit.UnitTestAdapter" className="MS.TF.Test.VisualStudioServices.Licensing.PlatformLicensingServiceTests+ServiceEnd" name="ServiceEnd_MustCallLicensingAdapterFactory" />
    </UnitTest>
    <UnitTest name="GetUsageRightsAll_WillThrowWhenPassedNullRequestContext" storage="d:\v2.0\a1\_work\dbded102\bin\release.anycpu\sps.service\ms.vs.services.licensing.l0.tests\ms.vs.services.licensing.l0.tests.dll" id="5d5a2f0d-6a3d-c979-8dcb-f1cd2f212d4c">
      <Execution id="6c05cf1e-ce5f-4093-bd62-68dd4ad19a4e" />
      <TestMethod codeBase="D:\v2.0\A1\_work\dbded102\bin\Release.AnyCPU\Sps.Service\MS.VS.Services.Licensing.L0.Tests\MS.VS.Services.Licensing.L0.Tests.dll" adapterTypeName="Microsoft.VisualStudio.TestTools.TestTypes.Unit.UnitTestAdapter" className="MS.TF.Test.VisualStudioServices.Licensing.PlatformLicensingServiceTests+GetUsageRightsAll" name="GetUsageRightsAll_WillThrowWhenPassedNullRequestContext" />
    </UnitTest>
    <UnitTest name="GetUsageRightsAll_WillThrowWhenPassedNonDeploymentRequestContext" storage="d:\v2.0\a1\_work\dbded102\bin\release.anycpu\sps.service\ms.vs.services.licensing.l0.tests\ms.vs.services.licensing.l0.tests.dll" id="a5251bd3-6e3f-341a-b4b4-0fcef25c6956">
      <Execution id="b5f1bb65-7b5b-4b43-a41d-3d5e94c9239d" />
      <TestMethod codeBase="D:\v2.0\A1\_work\dbded102\bin\Release.AnyCPU\Sps.Service\MS.VS.Services.Licensing.L0.Tests\MS.VS.Services.Licensing.L0.Tests.dll" adapterTypeName="Microsoft.VisualStudio.TestTools.TestTypes.Unit.UnitTestAdapter" className="MS.TF.Test.VisualStudioServices.Licensing.PlatformLicensingServiceTests+GetUsageRightsAll" name="GetUsageRightsAll_WillThrowWhenPassedNonDeploymentRequestContext" />
    </UnitTest>
    <UnitTest name="GetUsageRightsOne_WillThrowWhenPassedNullRequestContext" storage="d:\v2.0\a1\_work\dbded102\bin\release.anycpu\sps.service\ms.vs.services.licensing.l0.tests\ms.vs.services.licensing.l0.tests.dll" id="fcabcddf-bd06-3083-66df-04be36f95fac">
      <Execution id="c8c75271-644d-466b-9347-abadc694b4bd" />
      <TestMethod codeBase="D:\v2.0\A1\_work\dbded102\bin\Release.AnyCPU\Sps.Service\MS.VS.Services.Licensing.L0.Tests\MS.VS.Services.Licensing.L0.Tests.dll" adapterTypeName="Microsoft.VisualStudio.TestTools.TestTypes.Unit.UnitTestAdapter" className="MS.TF.Test.VisualStudioServices.Licensing.PlatformLicensingServiceTests+GetUsageRightsOne" name="GetUsageRightsOne_WillThrowWhenPassedNullRequestContext" />
    </UnitTest>
    <UnitTest name="GetUsageRightsOne_WillThrowWhenPassedNonDeploymentRequestContext" storage="d:\v2.0\a1\_work\dbded102\bin\release.anycpu\sps.service\ms.vs.services.licensing.l0.tests\ms.vs.services.licensing.l0.tests.dll" id="412b966d-dcfa-73d7-82b8-e8e0936f4c71">
      <Execution id="5c0e5b13-0cab-4e7e-8e33-1a29c2b5a0a5" />
      <TestMethod codeBase="D:\v2.0\A1\_work\dbded102\bin\Release.AnyCPU\Sps.Service\MS.VS.Services.Licensing.L0.Tests\MS.VS.Services.Licensing.L0.Tests.dll" adapterTypeName="Microsoft.VisualStudio.TestTools.TestTypes.Unit.UnitTestAdapter" className="MS.TF.Test.VisualStudioServices.Licensing.PlatformLicensingServiceTests+GetUsageRightsOne" name="GetUsageRightsOne_WillThrowWhenPassedNonDeploymentRequestContext" />
    </UnitTest>
    <UnitTest name="GetUsageRightsOne_WillThrowWhenRightNameIsEmpty" storage="d:\v2.0\a1\_work\dbded102\bin\release.anycpu\sps.service\ms.vs.services.licensing.l0.tests\ms.vs.services.licensing.l0.tests.dll" id="9a17672d-43e8-7bd7-0c59-b4e7ebe67bf6">
      <Execution id="05182a43-f8a6-43c9-8d49-f3e676f576d1" />
      <TestMethod codeBase="D:\v2.0\A1\_work\dbded102\bin\Release.AnyCPU\Sps.Service\MS.VS.Services.Licensing.L0.Tests\MS.VS.Services.Licensing.L0.Tests.dll" adapterTypeName="Microsoft.VisualStudio.TestTools.TestTypes.Unit.UnitTestAdapter" className="MS.TF.Test.VisualStudioServices.Licensing.PlatformLicensingServiceTests+GetUsageRightsOne" name="GetUsageRightsOne_WillThrowWhenRightNameIsEmpty" />
    </UnitTest>
    <UnitTest name="GetUsageRightsOne_WillThrowWhenRightNameLengthExceedsMax" storage="d:\v2.0\a1\_work\dbded102\bin\release.anycpu\sps.service\ms.vs.services.licensing.l0.tests\ms.vs.services.licensing.l0.tests.dll" id="103bb4cc-d52a-b97c-f003-7a4eb0c87735">
      <Execution id="f30b5d7c-a2ef-4a35-ab50-00d68360691b" />
      <TestMethod codeBase="D:\v2.0\A1\_work\dbded102\bin\Release.AnyCPU\Sps.Service\MS.VS.Services.Licensing.L0.Tests\MS.VS.Services.Licensing.L0.Tests.dll" adapterTypeName="Microsoft.VisualStudio.TestTools.TestTypes.Unit.UnitTestAdapter" className="MS.TF.Test.VisualStudioServices.Licensing.PlatformLicensingServiceTests+GetUsageRightsOne" name="GetUsageRightsOne_WillThrowWhenRightNameLengthExceedsMax" />
    </UnitTest>
    <UnitTest name="GetUsageRightsOne_WillThrowWhenRightNameContainsInvalidCharacters" storage="d:\v2.0\a1\_work\dbded102\bin\release.anycpu\sps.service\ms.vs.services.licensing.l0.tests\ms.vs.services.licensing.l0.tests.dll" id="1d9546da-843d-c1bc-e324-b1f9a4e8a89e">
      <Execution id="63281118-374a-441e-8b7c-faa251cb09e8" />
      <TestMethod codeBase="D:\v2.0\A1\_work\dbded102\bin\Release.AnyCPU\Sps.Service\MS.VS.Services.Licensing.L0.Tests\MS.VS.Services.Licensing.L0.Tests.dll" adapterTypeName="Microsoft.VisualStudio.TestTools.TestTypes.Unit.UnitTestAdapter" className="MS.TF.Test.VisualStudioServices.Licensing.PlatformLicensingServiceTests+GetUsageRightsOne" name="GetUsageRightsOne_WillThrowWhenRightNameContainsInvalidCharacters" />
    </UnitTest>
    <UnitTest name="GetRights_ValidateFallBackWithCircuitBreakerOpen_FFOn" storage="d:\v2.0\a1\_work\dbded102\bin\release.anycpu\sps.service\ms.vs.services.licensing.l0.tests\ms.vs.services.licensing.l0.tests.dll" id="31a097c0-862d-1447-885e-d6b03a8d1cae">
      <Execution id="ab4cccd5-d573-41f5-b31a-2a9adc1c2101" />
      <TestMethod codeBase="D:\v2.0\A1\_work\dbded102\bin\Release.AnyCPU\Sps.Service\MS.VS.Services.Licensing.L0.Tests\MS.VS.Services.Licensing.L0.Tests.dll" adapterTypeName="Microsoft.VisualStudio.TestTools.TestTypes.Unit.UnitTestAdapter" className="MS.TF.Test.VisualStudioServices.Licensing.PlatformLicensingServiceTests+GetRights" name="GetRights_ValidateFallBackWithCircuitBreakerOpen_FFOn" />
    </UnitTest>
    <UnitTest name="GetRights_ValidateFallBackWithCircuitBreakerOpen_FFOff" storage="d:\v2.0\a1\_work\dbded102\bin\release.anycpu\sps.service\ms.vs.services.licensing.l0.tests\ms.vs.services.licensing.l0.tests.dll" id="c518e9b8-24ed-ff6a-1c29-d9bf5a01fbc5">
      <Execution id="a4afad5d-368f-41b0-8e65-1c4e7adbcff3" />
      <TestMethod codeBase="D:\v2.0\A1\_work\dbded102\bin\Release.AnyCPU\Sps.Service\MS.VS.Services.Licensing.L0.Tests\MS.VS.Services.Licensing.L0.Tests.dll" adapterTypeName="Microsoft.VisualStudio.TestTools.TestTypes.Unit.UnitTestAdapter" className="MS.TF.Test.VisualStudioServices.Licensing.PlatformLicensingServiceTests+GetRights" name="GetRights_ValidateFallBackWithCircuitBreakerOpen_FFOff" />
    </UnitTest>
    <UnitTest name="GetRights_VerifyPrereleaseWithUnknownRightNameReturnsNoRightsAndWarning" storage="d:\v2.0\a1\_work\dbded102\bin\release.anycpu\sps.service\ms.vs.services.licensing.l0.tests\ms.vs.services.licensing.l0.tests.dll" id="d71bea9d-2470-3966-6db6-9277bac6f98a">
      <Execution id="ba39cca7-b8d2-470d-98db-8ca83809f955" />
      <TestMethod codeBase="D:\v2.0\A1\_work\dbded102\bin\Release.AnyCPU\Sps.Service\MS.VS.Services.Licensing.L0.Tests\MS.VS.Services.Licensing.L0.Tests.dll" adapterTypeName="Microsoft.VisualStudio.TestTools.TestTypes.Unit.UnitTestAdapter" className="MS.TF.Test.VisualStudioServices.Licensing.PlatformLicensingServiceTests+GetRights" name="GetRights_VerifyPrereleaseWithUnknownRightNameReturnsNoRightsAndWarning" />
    </UnitTest>
    <UnitTest name="GetRights_VerifyPrereleaseVisualStudioWithUndefinedEditionReturnsNoRightsAndWarning" storage="d:\v2.0\a1\_work\dbded102\bin\release.anycpu\sps.service\ms.vs.services.licensing.l0.tests\ms.vs.services.licensing.l0.tests.dll" id="444de1b7-62ff-0628-49b8-eb0ec8b786b6">
      <Execution id="8482d8c6-36a7-4087-8dfc-eef58d69eacd" />
      <TestMethod codeBase="D:\v2.0\A1\_work\dbded102\bin\Release.AnyCPU\Sps.Service\MS.VS.Services.Licensing.L0.Tests\MS.VS.Services.Licensing.L0.Tests.dll" adapterTypeName="Microsoft.VisualStudio.TestTools.TestTypes.Unit.UnitTestAdapter" className="MS.TF.Test.VisualStudioServices.Licensing.PlatformLicensingServiceTests+GetRights" name="GetRights_VerifyPrereleaseVisualStudioWithUndefinedEditionReturnsNoRightsAndWarning" />
    </UnitTest>
    <UnitTest name="GetRights_VerifyValidPrereleaseExpirationDate12" storage="d:\v2.0\a1\_work\dbded102\bin\release.anycpu\sps.service\ms.vs.services.licensing.l0.tests\ms.vs.services.licensing.l0.tests.dll" id="8faed918-8420-99f4-d883-89cc912ebc6e">
      <Execution id="12f0877c-3cfb-442c-a458-605f95dd4252" />
      <TestMethod codeBase="D:\v2.0\A1\_work\dbded102\bin\Release.AnyCPU\Sps.Service\MS.VS.Services.Licensing.L0.Tests\MS.VS.Services.Licensing.L0.Tests.dll" adapterTypeName="Microsoft.VisualStudio.TestTools.TestTypes.Unit.UnitTestAdapter" className="MS.TF.Test.VisualStudioServices.Licensing.PlatformLicensingServiceTests+GetRights" name="GetRights_VerifyValidPrereleaseExpirationDate12" />
    </UnitTest>
    <UnitTest name="GetRights_VerifyValidPrereleaseExpirationDate14" storage="d:\v2.0\a1\_work\dbded102\bin\release.anycpu\sps.service\ms.vs.services.licensing.l0.tests\ms.vs.services.licensing.l0.tests.dll" id="255e2877-d627-a881-bee6-cb2db947470a">
      <Execution id="9fade33f-4492-4ac0-acd8-5f85ec41db77" />
      <TestMethod codeBase="D:\v2.0\A1\_work\dbded102\bin\Release.AnyCPU\Sps.Service\MS.VS.Services.Licensing.L0.Tests\MS.VS.Services.Licensing.L0.Tests.dll" adapterTypeName="Microsoft.VisualStudio.TestTools.TestTypes.Unit.UnitTestAdapter" className="MS.TF.Test.VisualStudioServices.Licensing.PlatformLicensingServiceTests+GetRights" name="GetRights_VerifyValidPrereleaseExpirationDate14" />
    </UnitTest>
    <UnitTest name="GetRights_VerifyValidPrereleaseVisualStudioRight" storage="d:\v2.0\a1\_work\dbded102\bin\release.anycpu\sps.service\ms.vs.services.licensing.l0.tests\ms.vs.services.licensing.l0.tests.dll" id="b07d4e50-4f7c-eeca-b69b-0d7a117aab89">
      <Execution id="041f60b7-a720-4892-bd1f-da4cce8ad968" />
      <TestMethod codeBase="D:\v2.0\A1\_work\dbded102\bin\Release.AnyCPU\Sps.Service\MS.VS.Services.Licensing.L0.Tests\MS.VS.Services.Licensing.L0.Tests.dll" adapterTypeName="Microsoft.VisualStudio.TestTools.TestTypes.Unit.UnitTestAdapter" className="MS.TF.Test.VisualStudioServices.Licensing.PlatformLicensingServiceTests+GetRights" name="GetRights_VerifyValidPrereleaseVisualStudioRight" />
    </UnitTest>
    <UnitTest name="GetRights_VerifyValidPrereleaseVisualStudioExpressRight" storage="d:\v2.0\a1\_work\dbded102\bin\release.anycpu\sps.service\ms.vs.services.licensing.l0.tests\ms.vs.services.licensing.l0.tests.dll" id="df284a63-9db0-acef-49d5-8eb8a3fad6ec">
      <Execution id="1e0a9967-0351-4b53-89b3-63b679ffdb81" />
      <TestMethod codeBase="D:\v2.0\A1\_work\dbded102\bin\Release.AnyCPU\Sps.Service\MS.VS.Services.Licensing.L0.Tests\MS.VS.Services.Licensing.L0.Tests.dll" adapterTypeName="Microsoft.VisualStudio.TestTools.TestTypes.Unit.UnitTestAdapter" className="MS.TF.Test.VisualStudioServices.Licensing.PlatformLicensingServiceTests+GetRights" name="GetRights_VerifyValidPrereleaseVisualStudioExpressRight" />
    </UnitTest>
    <UnitTest name="GetRights_ValidateFallBackWithFaultInjection_Exception_User" storage="d:\v2.0\a1\_work\dbded102\bin\release.anycpu\sps.service\ms.vs.services.licensing.l0.tests\ms.vs.services.licensing.l0.tests.dll" id="9b098da8-4431-e8c6-d62c-acd2e73c260d">
      <Execution id="1114b52c-3c28-4cfd-8db1-9751b4b5c7a8" />
      <TestMethod codeBase="D:\v2.0\A1\_work\dbded102\bin\Release.AnyCPU\Sps.Service\MS.VS.Services.Licensing.L0.Tests\MS.VS.Services.Licensing.L0.Tests.dll" adapterTypeName="Microsoft.VisualStudio.TestTools.TestTypes.Unit.UnitTestAdapter" className="MS.TF.Test.VisualStudioServices.Licensing.PlatformLicensingServiceTests+GetRights" name="GetRights_ValidateFallBackWithFaultInjection_Exception_User" />
    </UnitTest>
    <UnitTest name="GetRights_WhenAllRights_VerifyFactoryCallsGetClientAdapters" storage="d:\v2.0\a1\_work\dbded102\bin\release.anycpu\sps.service\ms.vs.services.licensing.l0.tests\ms.vs.services.licensing.l0.tests.dll" id="a7a576eb-de9f-bae2-83c5-750a7a8cd492">
      <Execution id="857921f6-5191-47f6-aa75-4d5d42fcf25d" />
      <TestMethod codeBase="D:\v2.0\A1\_work\dbded102\bin\Release.AnyCPU\Sps.Service\MS.VS.Services.Licensing.L0.Tests\MS.VS.Services.Licensing.L0.Tests.dll" adapterTypeName="Microsoft.VisualStudio.TestTools.TestTypes.Unit.UnitTestAdapter" className="MS.TF.Test.VisualStudioServices.Licensing.PlatformLicensingServiceTests+GetRights" name="GetRights_WhenAllRights_VerifyFactoryCallsGetClientAdapters" />
    </UnitTest>
    <UnitTest name="GetRights_WhenOneRight_VerifyFactoryCallsGetClientAdapters" storage="d:\v2.0\a1\_work\dbded102\bin\release.anycpu\sps.service\ms.vs.services.licensing.l0.tests\ms.vs.services.licensing.l0.tests.dll" id="9d3795bd-255a-06d2-ee4f-5727d06ed76b">
      <Execution id="eff8099e-881f-48a0-ba43-2674315e0bf8" />
      <TestMethod codeBase="D:\v2.0\A1\_work\dbded102\bin\Release.AnyCPU\Sps.Service\MS.VS.Services.Licensing.L0.Tests\MS.VS.Services.Licensing.L0.Tests.dll" adapterTypeName="Microsoft.VisualStudio.TestTools.TestTypes.Unit.UnitTestAdapter" className="MS.TF.Test.VisualStudioServices.Licensing.PlatformLicensingServiceTests+GetRights" name="GetRights_WhenOneRight_VerifyFactoryCallsGetClientAdapters" />
    </UnitTest>
    <UnitTest name="GetRights_VerifyAdaptersCallGetRights" storage="d:\v2.0\a1\_work\dbded102\bin\release.anycpu\sps.service\ms.vs.services.licensing.l0.tests\ms.vs.services.licensing.l0.tests.dll" id="ed338f2d-6163-5ab7-0b17-e58bf4d8689f">
      <Execution id="86f0eafb-3f09-42ce-88f1-d5d098cfbc78" />
      <TestMethod codeBase="D:\v2.0\A1\_work\dbded102\bin\Release.AnyCPU\Sps.Service\MS.VS.Services.Licensing.L0.Tests\MS.VS.Services.Licensing.L0.Tests.dll" adapterTypeName="Microsoft.VisualStudio.TestTools.TestTypes.Unit.UnitTestAdapter" className="MS.TF.Test.VisualStudioServices.Licensing.PlatformLicensingServiceTests+GetRights" name="GetRights_VerifyAdaptersCallGetRights" />
    </UnitTest>
    <UnitTest name="GetRights_UnrecognizedRightNameYieldsNoRightsAndWarning" storage="d:\v2.0\a1\_work\dbded102\bin\release.anycpu\sps.service\ms.vs.services.licensing.l0.tests\ms.vs.services.licensing.l0.tests.dll" id="ed653d46-dba6-d05b-f4f9-70c8a73b8cfd">
      <Execution id="c3fbe1bd-26b6-40e1-96e5-23d46e2c6c47" />
      <TestMethod codeBase="D:\v2.0\A1\_work\dbded102\bin\Release.AnyCPU\Sps.Service\MS.VS.Services.Licensing.L0.Tests\MS.VS.Services.Licensing.L0.Tests.dll" adapterTypeName="Microsoft.VisualStudio.TestTools.TestTypes.Unit.UnitTestAdapter" className="MS.TF.Test.VisualStudioServices.Licensing.PlatformLicensingServiceTests+GetRights" name="GetRights_UnrecognizedRightNameYieldsNoRightsAndWarning" />
    </UnitTest>
    <UnitTest name="GetRights_VerifyRightsWhenOneAdapterIsReturningZeroRights" storage="d:\v2.0\a1\_work\dbded102\bin\release.anycpu\sps.service\ms.vs.services.licensing.l0.tests\ms.vs.services.licensing.l0.tests.dll" id="4c3580f9-0322-1d19-fe9f-7793a7f32b00">
      <Execution id="d7635910-0067-4ca3-95c7-69bd425e835a" />
      <TestMethod codeBase="D:\v2.0\A1\_work\dbded102\bin\Release.AnyCPU\Sps.Service\MS.VS.Services.Licensing.L0.Tests\MS.VS.Services.Licensing.L0.Tests.dll" adapterTypeName="Microsoft.VisualStudio.TestTools.TestTypes.Unit.UnitTestAdapter" className="MS.TF.Test.VisualStudioServices.Licensing.PlatformLicensingServiceTests+GetRights" name="GetRights_VerifyRightsWhenOneAdapterIsReturningZeroRights" />
    </UnitTest>
    <UnitTest name="GetRights_VerifyRightsWhenOneAdapterIsThrowingException" storage="d:\v2.0\a1\_work\dbded102\bin\release.anycpu\sps.service\ms.vs.services.licensing.l0.tests\ms.vs.services.licensing.l0.tests.dll" id="12bea8fb-fe15-a8a0-1a73-4a510c1df038">
      <Execution id="a55bbb10-9aba-43c2-afd8-7637bb0cb1b0" />
      <TestMethod codeBase="D:\v2.0\A1\_work\dbded102\bin\Release.AnyCPU\Sps.Service\MS.VS.Services.Licensing.L0.Tests\MS.VS.Services.Licensing.L0.Tests.dll" adapterTypeName="Microsoft.VisualStudio.TestTools.TestTypes.Unit.UnitTestAdapter" className="MS.TF.Test.VisualStudioServices.Licensing.PlatformLicensingServiceTests+GetRights" name="GetRights_VerifyRightsWhenOneAdapterIsThrowingException" />
    </UnitTest>
    <UnitTest name="GetRights_VerifyRightsWithThreeAdapters" storage="d:\v2.0\a1\_work\dbded102\bin\release.anycpu\sps.service\ms.vs.services.licensing.l0.tests\ms.vs.services.licensing.l0.tests.dll" id="22fb848f-0866-3d18-cd88-47d158881597">
      <Execution id="b0c23966-bc81-4c1a-9e06-07edc84ea926" />
      <TestMethod codeBase="D:\v2.0\A1\_work\dbded102\bin\Release.AnyCPU\Sps.Service\MS.VS.Services.Licensing.L0.Tests\MS.VS.Services.Licensing.L0.Tests.dll" adapterTypeName="Microsoft.VisualStudio.TestTools.TestTypes.Unit.UnitTestAdapter" className="MS.TF.Test.VisualStudioServices.Licensing.PlatformLicensingServiceTests+GetRights" name="GetRights_VerifyRightsWithThreeAdapters" />
    </UnitTest>
    <UnitTest name="GetRights_AggregateRights_MustImplementIComparable" storage="d:\v2.0\a1\_work\dbded102\bin\release.anycpu\sps.service\ms.vs.services.licensing.l0.tests\ms.vs.services.licensing.l0.tests.dll" id="31e77c27-377e-97b8-e843-2b952debd77a">
      <Execution id="f91040d1-19cc-4b09-b6d3-016349eca5c7" />
      <TestMethod codeBase="D:\v2.0\A1\_work\dbded102\bin\Release.AnyCPU\Sps.Service\MS.VS.Services.Licensing.L0.Tests\MS.VS.Services.Licensing.L0.Tests.dll" adapterTypeName="Microsoft.VisualStudio.TestTools.TestTypes.Unit.UnitTestAdapter" className="MS.TF.Test.VisualStudioServices.Licensing.PlatformLicensingServiceTests+GetRights" name="GetRights_AggregateRights_MustImplementIComparable" />
    </UnitTest>
    <UnitTest name="GetRights_AggregateRights_NoDuplicateRights" storage="d:\v2.0\a1\_work\dbded102\bin\release.anycpu\sps.service\ms.vs.services.licensing.l0.tests\ms.vs.services.licensing.l0.tests.dll" id="60979e05-9199-9277-ca11-f00087afe3b4">
      <Execution id="9df4c299-fcba-4762-b13b-503e5805d740" />
      <TestMethod codeBase="D:\v2.0\A1\_work\dbded102\bin\Release.AnyCPU\Sps.Service\MS.VS.Services.Licensing.L0.Tests\MS.VS.Services.Licensing.L0.Tests.dll" adapterTypeName="Microsoft.VisualStudio.TestTools.TestTypes.Unit.UnitTestAdapter" className="MS.TF.Test.VisualStudioServices.Licensing.PlatformLicensingServiceTests+GetRights" name="GetRights_AggregateRights_NoDuplicateRights" />
    </UnitTest>
    <UnitTest name="GetRights_AggregateRights_DifferentRights" storage="d:\v2.0\a1\_work\dbded102\bin\release.anycpu\sps.service\ms.vs.services.licensing.l0.tests\ms.vs.services.licensing.l0.tests.dll" id="1bbdae17-4b26-9db5-4525-117be88360d8">
      <Execution id="f28cc070-d9d2-473f-86c1-b98b223a5dd1" />
      <TestMethod codeBase="D:\v2.0\A1\_work\dbded102\bin\Release.AnyCPU\Sps.Service\MS.VS.Services.Licensing.L0.Tests\MS.VS.Services.Licensing.L0.Tests.dll" adapterTypeName="Microsoft.VisualStudio.TestTools.TestTypes.Unit.UnitTestAdapter" className="MS.TF.Test.VisualStudioServices.Licensing.PlatformLicensingServiceTests+GetRights" name="GetRights_AggregateRights_DifferentRights" />
    </UnitTest>
    <UnitTest name="GetRights_AggregateRights_MaxRightWins" storage="d:\v2.0\a1\_work\dbded102\bin\release.anycpu\sps.service\ms.vs.services.licensing.l0.tests\ms.vs.services.licensing.l0.tests.dll" id="76dbebf3-82dc-a4f4-ac0d-4cfebad16dc9">
      <Execution id="bfc578ec-2ab6-4506-acc9-064febb629ff" />
      <TestMethod codeBase="D:\v2.0\A1\_work\dbded102\bin\Release.AnyCPU\Sps.Service\MS.VS.Services.Licensing.L0.Tests\MS.VS.Services.Licensing.L0.Tests.dll" adapterTypeName="Microsoft.VisualStudio.TestTools.TestTypes.Unit.UnitTestAdapter" className="MS.TF.Test.VisualStudioServices.Licensing.PlatformLicensingServiceTests+GetRights" name="GetRights_AggregateRights_MaxRightWins" />
    </UnitTest>
    <UnitTest name="GetRights_AggregateRights_MaxRightWins_Ultimate" storage="d:\v2.0\a1\_work\dbded102\bin\release.anycpu\sps.service\ms.vs.services.licensing.l0.tests\ms.vs.services.licensing.l0.tests.dll" id="4bf26df7-dd5c-8322-0ec9-d7a702f52a6d">
      <Execution id="56621fb5-6d51-422c-9ebb-baa655077c16" />
      <TestMethod codeBase="D:\v2.0\A1\_work\dbded102\bin\Release.AnyCPU\Sps.Service\MS.VS.Services.Licensing.L0.Tests\MS.VS.Services.Licensing.L0.Tests.dll" adapterTypeName="Microsoft.VisualStudio.TestTools.TestTypes.Unit.UnitTestAdapter" className="MS.TF.Test.VisualStudioServices.Licensing.PlatformLicensingServiceTests+GetRights" name="GetRights_AggregateRights_MaxRightWins_Ultimate" />
    </UnitTest>
    <UnitTest name="GetRights_AggregateRights_MaxRightWins_Premium" storage="d:\v2.0\a1\_work\dbded102\bin\release.anycpu\sps.service\ms.vs.services.licensing.l0.tests\ms.vs.services.licensing.l0.tests.dll" id="7d09c064-1bbd-2e56-05c2-4b16baa1ee07">
      <Execution id="f09ef489-9a88-493a-9365-fe3474033cd0" />
      <TestMethod codeBase="D:\v2.0\A1\_work\dbded102\bin\Release.AnyCPU\Sps.Service\MS.VS.Services.Licensing.L0.Tests\MS.VS.Services.Licensing.L0.Tests.dll" adapterTypeName="Microsoft.VisualStudio.TestTools.TestTypes.Unit.UnitTestAdapter" className="MS.TF.Test.VisualStudioServices.Licensing.PlatformLicensingServiceTests+GetRights" name="GetRights_AggregateRights_MaxRightWins_Premium" />
    </UnitTest>
    <UnitTest name="GetRights_AggregateRights_MaxRightWins_Professional" storage="d:\v2.0\a1\_work\dbded102\bin\release.anycpu\sps.service\ms.vs.services.licensing.l0.tests\ms.vs.services.licensing.l0.tests.dll" id="1d9b7e66-471c-ce20-b2a1-f30cbb1b8361">
      <Execution id="71352256-91d9-4c46-845d-d1377811fb58" />
      <TestMethod codeBase="D:\v2.0\A1\_work\dbded102\bin\Release.AnyCPU\Sps.Service\MS.VS.Services.Licensing.L0.Tests\MS.VS.Services.Licensing.L0.Tests.dll" adapterTypeName="Microsoft.VisualStudio.TestTools.TestTypes.Unit.UnitTestAdapter" className="MS.TF.Test.VisualStudioServices.Licensing.PlatformLicensingServiceTests+GetRights" name="GetRights_AggregateRights_MaxRightWins_Professional" />
    </UnitTest>
    <UnitTest name="CreateClientRightsEnvelope_WillThrowWhenPassedNullRights" storage="d:\v2.0\a1\_work\dbded102\bin\release.anycpu\sps.service\ms.vs.services.licensing.l0.tests\ms.vs.services.licensing.l0.tests.dll" id="7843819f-d71b-db7f-6837-943ec7f802e9">
      <Execution id="ac3db45a-c0a1-49d0-ad73-cb28e9ac8a80" />
      <TestMethod codeBase="D:\v2.0\A1\_work\dbded102\bin\Release.AnyCPU\Sps.Service\MS.VS.Services.Licensing.L0.Tests\MS.VS.Services.Licensing.L0.Tests.dll" adapterTypeName="Microsoft.VisualStudio.TestTools.TestTypes.Unit.UnitTestAdapter" className="MS.TF.Test.VisualStudioServices.Licensing.PlatformLicensingServiceTests+CreateClientRightsEnvelope" name="CreateClientRightsEnvelope_WillThrowWhenPassedNullRights" />
    </UnitTest>
    <UnitTest name="CreateClientRightsEnvelope_WillThrowWhenPassedNullQueryContext" storage="d:\v2.0\a1\_work\dbded102\bin\release.anycpu\sps.service\ms.vs.services.licensing.l0.tests\ms.vs.services.licensing.l0.tests.dll" id="08ee1196-a4f3-feac-aec6-d5f6617ed21f">
      <Execution id="b746ca41-261c-4de7-a5a6-0363ce8b0447" />
      <TestMethod codeBase="D:\v2.0\A1\_work\dbded102\bin\Release.AnyCPU\Sps.Service\MS.VS.Services.Licensing.L0.Tests\MS.VS.Services.Licensing.L0.Tests.dll" adapterTypeName="Microsoft.VisualStudio.TestTools.TestTypes.Unit.UnitTestAdapter" className="MS.TF.Test.VisualStudioServices.Licensing.PlatformLicensingServiceTests+CreateClientRightsEnvelope" name="CreateClientRightsEnvelope_WillThrowWhenPassedNullQueryContext" />
    </UnitTest>
    <UnitTest name="CreateClientRightsEnvelope_SetsRights" storage="d:\v2.0\a1\_work\dbded102\bin\release.anycpu\sps.service\ms.vs.services.licensing.l0.tests\ms.vs.services.licensing.l0.tests.dll" id="e162d3ce-2e28-c913-6f3e-06a96fdee0b1">
      <Execution id="6d50058b-ec46-45eb-aa21-75ea7db535d7" />
      <TestMethod codeBase="D:\v2.0\A1\_work\dbded102\bin\Release.AnyCPU\Sps.Service\MS.VS.Services.Licensing.L0.Tests\MS.VS.Services.Licensing.L0.Tests.dll" adapterTypeName="Microsoft.VisualStudio.TestTools.TestTypes.Unit.UnitTestAdapter" className="MS.TF.Test.VisualStudioServices.Licensing.PlatformLicensingServiceTests+CreateClientRightsEnvelope" name="CreateClientRightsEnvelope_SetsRights" />
    </UnitTest>
    <UnitTest name="CreateClientRightsEnvelope_SetsUserId" storage="d:\v2.0\a1\_work\dbded102\bin\release.anycpu\sps.service\ms.vs.services.licensing.l0.tests\ms.vs.services.licensing.l0.tests.dll" id="3ece845c-1929-bd43-7cd4-b4458ffce4ae">
      <Execution id="12c9e8c9-5824-493c-8b7f-f49c793f8857" />
      <TestMethod codeBase="D:\v2.0\A1\_work\dbded102\bin\Release.AnyCPU\Sps.Service\MS.VS.Services.Licensing.L0.Tests\MS.VS.Services.Licensing.L0.Tests.dll" adapterTypeName="Microsoft.VisualStudio.TestTools.TestTypes.Unit.UnitTestAdapter" className="MS.TF.Test.VisualStudioServices.Licensing.PlatformLicensingServiceTests+CreateClientRightsEnvelope" name="CreateClientRightsEnvelope_SetsUserId" />
    </UnitTest>
    <UnitTest name="CreateClientRightsEnvelope_SetsUserName" storage="d:\v2.0\a1\_work\dbded102\bin\release.anycpu\sps.service\ms.vs.services.licensing.l0.tests\ms.vs.services.licensing.l0.tests.dll" id="8e8c71aa-ddd4-6d44-19e0-2c551d3a34c3">
      <Execution id="841c8a6d-3fe6-429e-b393-048ebeb7ac1a" />
      <TestMethod codeBase="D:\v2.0\A1\_work\dbded102\bin\Release.AnyCPU\Sps.Service\MS.VS.Services.Licensing.L0.Tests\MS.VS.Services.Licensing.L0.Tests.dll" adapterTypeName="Microsoft.VisualStudio.TestTools.TestTypes.Unit.UnitTestAdapter" className="MS.TF.Test.VisualStudioServices.Licensing.PlatformLicensingServiceTests+CreateClientRightsEnvelope" name="CreateClientRightsEnvelope_SetsUserName" />
    </UnitTest>
    <UnitTest name="CreateClientRightsEnvelope_SetsCanary" storage="d:\v2.0\a1\_work\dbded102\bin\release.anycpu\sps.service\ms.vs.services.licensing.l0.tests\ms.vs.services.licensing.l0.tests.dll" id="042a4c32-5f48-c636-1a5b-79e92adda5be">
      <Execution id="721153f4-e274-424d-9e5c-bfa900b23122" />
      <TestMethod codeBase="D:\v2.0\A1\_work\dbded102\bin\Release.AnyCPU\Sps.Service\MS.VS.Services.Licensing.L0.Tests\MS.VS.Services.Licensing.L0.Tests.dll" adapterTypeName="Microsoft.VisualStudio.TestTools.TestTypes.Unit.UnitTestAdapter" className="MS.TF.Test.VisualStudioServices.Licensing.PlatformLicensingServiceTests+CreateClientRightsEnvelope" name="CreateClientRightsEnvelope_SetsCanary" />
    </UnitTest>
    <UnitTest name="CreateClientRightsEnvelope_SetsActivityId" storage="d:\v2.0\a1\_work\dbded102\bin\release.anycpu\sps.service\ms.vs.services.licensing.l0.tests\ms.vs.services.licensing.l0.tests.dll" id="c823081b-8316-51bb-125c-fffdf64cb83d">
      <Execution id="0fadd0dd-e4ce-4adc-bf36-7659c67f8f43" />
      <TestMethod codeBase="D:\v2.0\A1\_work\dbded102\bin\Release.AnyCPU\Sps.Service\MS.VS.Services.Licensing.L0.Tests\MS.VS.Services.Licensing.L0.Tests.dll" adapterTypeName="Microsoft.VisualStudio.TestTools.TestTypes.Unit.UnitTestAdapter" className="MS.TF.Test.VisualStudioServices.Licensing.PlatformLicensingServiceTests+CreateClientRightsEnvelope" name="CreateClientRightsEnvelope_SetsActivityId" />
    </UnitTest>
    <UnitTest name="CreateClientRightsEnvelope_AnyNonExpressRightsUseNonExpressExpiration" storage="d:\v2.0\a1\_work\dbded102\bin\release.anycpu\sps.service\ms.vs.services.licensing.l0.tests\ms.vs.services.licensing.l0.tests.dll" id="92e93edf-4e1f-a3a8-607c-b6475fce27f3">
      <Execution id="a547b22e-ae4a-4b1a-9634-4d20583ce496" />
      <TestMethod codeBase="D:\v2.0\A1\_work\dbded102\bin\Release.AnyCPU\Sps.Service\MS.VS.Services.Licensing.L0.Tests\MS.VS.Services.Licensing.L0.Tests.dll" adapterTypeName="Microsoft.VisualStudio.TestTools.TestTypes.Unit.UnitTestAdapter" className="MS.TF.Test.VisualStudioServices.Licensing.PlatformLicensingServiceTests+CreateClientRightsEnvelope" name="CreateClientRightsEnvelope_AnyNonExpressRightsUseNonExpressExpiration" />
    </UnitTest>
    <UnitTest name="CreateClientRightsEnvelope_OnlyExpressRightsUseExpressExpiration" storage="d:\v2.0\a1\_work\dbded102\bin\release.anycpu\sps.service\ms.vs.services.licensing.l0.tests\ms.vs.services.licensing.l0.tests.dll" id="50c257b1-4b8f-4645-922e-15ac1a94ce60">
      <Execution id="2d15fb8d-5ddd-4d69-9de2-0b14816640ae" />
      <TestMethod codeBase="D:\v2.0\A1\_work\dbded102\bin\Release.AnyCPU\Sps.Service\MS.VS.Services.Licensing.L0.Tests\MS.VS.Services.Licensing.L0.Tests.dll" adapterTypeName="Microsoft.VisualStudio.TestTools.TestTypes.Unit.UnitTestAdapter" className="MS.TF.Test.VisualStudioServices.Licensing.PlatformLicensingServiceTests+CreateClientRightsEnvelope" name="CreateClientRightsEnvelope_OnlyExpressRightsUseExpressExpiration" />
    </UnitTest>
    <UnitTest name="CreateClientRightsEnvelope_Preview_UseExpressRightsPrereleaseEnvelopeExpiration" storage="d:\v2.0\a1\_work\dbded102\bin\release.anycpu\sps.service\ms.vs.services.licensing.l0.tests\ms.vs.services.licensing.l0.tests.dll" id="a3452703-72bc-f063-ef46-f13f198784bd">
      <Execution id="cae115a5-fb7f-40be-ae0e-d4758158f4d6" />
      <TestMethod codeBase="D:\v2.0\A1\_work\dbded102\bin\Release.AnyCPU\Sps.Service\MS.VS.Services.Licensing.L0.Tests\MS.VS.Services.Licensing.L0.Tests.dll" adapterTypeName="Microsoft.VisualStudio.TestTools.TestTypes.Unit.UnitTestAdapter" className="MS.TF.Test.VisualStudioServices.Licensing.PlatformLicensingServiceTests+CreateClientRightsEnvelope" name="CreateClientRightsEnvelope_Preview_UseExpressRightsPrereleaseEnvelopeExpiration" />
    </UnitTest>
    <UnitTest name="CreateClientRightsEnvelope_RC_UseExpressRightsReleaseEnvelopeExpiration" storage="d:\v2.0\a1\_work\dbded102\bin\release.anycpu\sps.service\ms.vs.services.licensing.l0.tests\ms.vs.services.licensing.l0.tests.dll" id="4019890c-082e-6962-f78d-562d6d6b2640">
      <Execution id="d38083b4-481f-42cf-b00f-b212c145f6e7" />
      <TestMethod codeBase="D:\v2.0\A1\_work\dbded102\bin\Release.AnyCPU\Sps.Service\MS.VS.Services.Licensing.L0.Tests\MS.VS.Services.Licensing.L0.Tests.dll" adapterTypeName="Microsoft.VisualStudio.TestTools.TestTypes.Unit.UnitTestAdapter" className="MS.TF.Test.VisualStudioServices.Licensing.PlatformLicensingServiceTests+CreateClientRightsEnvelope" name="CreateClientRightsEnvelope_RC_UseExpressRightsReleaseEnvelopeExpiration" />
    </UnitTest>
    <UnitTest name="CreateClientRightsEnvelope_OnlyAllTrialRightsReleaseRightsUseTrialRightsReleaseEnvelopeExpiration" storage="d:\v2.0\a1\_work\dbded102\bin\release.anycpu\sps.service\ms.vs.services.licensing.l0.tests\ms.vs.services.licensing.l0.tests.dll" id="2d4fa9da-d7b1-e923-95a4-523a770e94b6">
      <Execution id="306492a7-0b6e-4da9-9b40-5a86bf378b76" />
      <TestMethod codeBase="D:\v2.0\A1\_work\dbded102\bin\Release.AnyCPU\Sps.Service\MS.VS.Services.Licensing.L0.Tests\MS.VS.Services.Licensing.L0.Tests.dll" adapterTypeName="Microsoft.VisualStudio.TestTools.TestTypes.Unit.UnitTestAdapter" className="MS.TF.Test.VisualStudioServices.Licensing.PlatformLicensingServiceTests+CreateClientRightsEnvelope" name="CreateClientRightsEnvelope_OnlyAllTrialRightsReleaseRightsUseTrialRightsReleaseEnvelopeExpiration" />
    </UnitTest>
    <UnitTest name="CreateClientRightsEnvelope_PrereleaseExpressRightsCanHaveMaxValueAsExpiration" storage="d:\v2.0\a1\_work\dbded102\bin\release.anycpu\sps.service\ms.vs.services.licensing.l0.tests\ms.vs.services.licensing.l0.tests.dll" id="18bfb618-c91a-b2ab-61c5-33d9d5c3ca34">
      <Execution id="f9f88ecf-9931-42b0-9a00-e26d980ccbdb" />
      <TestMethod codeBase="D:\v2.0\A1\_work\dbded102\bin\Release.AnyCPU\Sps.Service\MS.VS.Services.Licensing.L0.Tests\MS.VS.Services.Licensing.L0.Tests.dll" adapterTypeName="Microsoft.VisualStudio.TestTools.TestTypes.Unit.UnitTestAdapter" className="MS.TF.Test.VisualStudioServices.Licensing.PlatformLicensingServiceTests+CreateClientRightsEnvelope" name="CreateClientRightsEnvelope_PrereleaseExpressRightsCanHaveMaxValueAsExpiration" />
    </UnitTest>
    <UnitTest name="CreateClientRightsEnvelope_ReleaseExpressRightsCanHaveMaxValueAsExpiration" storage="d:\v2.0\a1\_work\dbded102\bin\release.anycpu\sps.service\ms.vs.services.licensing.l0.tests\ms.vs.services.licensing.l0.tests.dll" id="3ba5c654-bb6b-0f21-be7b-13feed6af238">
      <Execution id="5196857b-d5c9-4b14-89e1-06acd359ed3a" />
      <TestMethod codeBase="D:\v2.0\A1\_work\dbded102\bin\Release.AnyCPU\Sps.Service\MS.VS.Services.Licensing.L0.Tests\MS.VS.Services.Licensing.L0.Tests.dll" adapterTypeName="Microsoft.VisualStudio.TestTools.TestTypes.Unit.UnitTestAdapter" className="MS.TF.Test.VisualStudioServices.Licensing.PlatformLicensingServiceTests+CreateClientRightsEnvelope" name="CreateClientRightsEnvelope_ReleaseExpressRightsCanHaveMaxValueAsExpiration" />
    </UnitTest>
    <UnitTest name="CreateClientRightsEnvelope_AnyNonExpressRightsUseNonExpressRefreshInterval" storage="d:\v2.0\a1\_work\dbded102\bin\release.anycpu\sps.service\ms.vs.services.licensing.l0.tests\ms.vs.services.licensing.l0.tests.dll" id="622b145c-5757-702e-d43b-7c07a0b180b4">
      <Execution id="4856d47c-2d41-4ce6-951e-303425d8a1c2" />
      <TestMethod codeBase="D:\v2.0\A1\_work\dbded102\bin\Release.AnyCPU\Sps.Service\MS.VS.Services.Licensing.L0.Tests\MS.VS.Services.Licensing.L0.Tests.dll" adapterTypeName="Microsoft.VisualStudio.TestTools.TestTypes.Unit.UnitTestAdapter" className="MS.TF.Test.VisualStudioServices.Licensing.PlatformLicensingServiceTests+CreateClientRightsEnvelope" name="CreateClientRightsEnvelope_AnyNonExpressRightsUseNonExpressRefreshInterval" />
    </UnitTest>
    <UnitTest name="CreateClientRightsEnvelope_OnlyAllTrialRightsReleaseRightsUseTrialRightsReleaseEnvelopeRefreshInterval" storage="d:\v2.0\a1\_work\dbded102\bin\release.anycpu\sps.service\ms.vs.services.licensing.l0.tests\ms.vs.services.licensing.l0.tests.dll" id="1b7b143c-eff7-9dac-3a8f-8efa4ec86656">
      <Execution id="118f770e-9d92-40d8-9b9e-7acf28250e0c" />
      <TestMethod codeBase="D:\v2.0\A1\_work\dbded102\bin\Release.AnyCPU\Sps.Service\MS.VS.Services.Licensing.L0.Tests\MS.VS.Services.Licensing.L0.Tests.dll" adapterTypeName="Microsoft.VisualStudio.TestTools.TestTypes.Unit.UnitTestAdapter" className="MS.TF.Test.VisualStudioServices.Licensing.PlatformLicensingServiceTests+CreateClientRightsEnvelope" name="CreateClientRightsEnvelope_OnlyAllTrialRightsReleaseRightsUseTrialRightsReleaseEnvelopeRefreshInterval" />
    </UnitTest>
    <UnitTest name="CreateClientRightsEnvelope_OnlyAllExpressRightsUsePrereleaseExpressRefreshInterval" storage="d:\v2.0\a1\_work\dbded102\bin\release.anycpu\sps.service\ms.vs.services.licensing.l0.tests\ms.vs.services.licensing.l0.tests.dll" id="75fc7042-3595-a3a8-bd93-58a8553a4cc7">
      <Execution id="85589853-336c-4f39-8df2-672e231eca1a" />
      <TestMethod codeBase="D:\v2.0\A1\_work\dbded102\bin\Release.AnyCPU\Sps.Service\MS.VS.Services.Licensing.L0.Tests\MS.VS.Services.Licensing.L0.Tests.dll" adapterTypeName="Microsoft.VisualStudio.TestTools.TestTypes.Unit.UnitTestAdapter" className="MS.TF.Test.VisualStudioServices.Licensing.PlatformLicensingServiceTests+CreateClientRightsEnvelope" name="CreateClientRightsEnvelope_OnlyAllExpressRightsUsePrereleaseExpressRefreshInterval" />
    </UnitTest>
    <UnitTest name="CreateClientRightsEnvelope_OnlyAllExpressRightsUseReleaseExpressRefreshInterval" storage="d:\v2.0\a1\_work\dbded102\bin\release.anycpu\sps.service\ms.vs.services.licensing.l0.tests\ms.vs.services.licensing.l0.tests.dll" id="1dc9d2ba-0d31-adfb-9895-53042489006e">
      <Execution id="0f7457a8-5279-4606-91bd-54d2bc358948" />
      <TestMethod codeBase="D:\v2.0\A1\_work\dbded102\bin\Release.AnyCPU\Sps.Service\MS.VS.Services.Licensing.L0.Tests\MS.VS.Services.Licensing.L0.Tests.dll" adapterTypeName="Microsoft.VisualStudio.TestTools.TestTypes.Unit.UnitTestAdapter" className="MS.TF.Test.VisualStudioServices.Licensing.PlatformLicensingServiceTests+CreateClientRightsEnvelope" name="CreateClientRightsEnvelope_OnlyAllExpressRightsUseReleaseExpressRefreshInterval" />
    </UnitTest>
    <UnitTest name="ReturnTimeBombExpirationDateFromVisualStudioRelease_ForPreview" storage="d:\v2.0\a1\_work\dbded102\bin\release.anycpu\sps.service\ms.vs.services.licensing.l0.tests\ms.vs.services.licensing.l0.tests.dll" id="ff33139d-ff3d-a646-ebc8-b41ae01a99dd">
      <Execution id="a61fd18e-1cdc-4fc3-b94a-5c3cf090743f" />
      <TestMethod codeBase="D:\v2.0\A1\_work\dbded102\bin\Release.AnyCPU\Sps.Service\MS.VS.Services.Licensing.L0.Tests\MS.VS.Services.Licensing.L0.Tests.dll" adapterTypeName="Microsoft.VisualStudio.TestTools.TestTypes.Unit.UnitTestAdapter" className="MS.TF.Test.VisualStudioServices.Licensing.PlatformLicensingServiceTests+CreateClientRightsEnvelope" name="ReturnTimeBombExpirationDateFromVisualStudioRelease_ForPreview" />
    </UnitTest>
    <UnitTest name="DoNotReturnTimeBombExpirationDateFromVisualStudioRelease_ForRelease" storage="d:\v2.0\a1\_work\dbded102\bin\release.anycpu\sps.service\ms.vs.services.licensing.l0.tests\ms.vs.services.licensing.l0.tests.dll" id="39f950ee-16f9-3ebf-ceca-2f5e9a5fd40a">
      <Execution id="9e8d3308-670a-4958-9216-1441ae1e8b06" />
      <TestMethod codeBase="D:\v2.0\A1\_work\dbded102\bin\Release.AnyCPU\Sps.Service\MS.VS.Services.Licensing.L0.Tests\MS.VS.Services.Licensing.L0.Tests.dll" adapterTypeName="Microsoft.VisualStudio.TestTools.TestTypes.Unit.UnitTestAdapter" className="MS.TF.Test.VisualStudioServices.Licensing.PlatformLicensingServiceTests+CreateClientRightsEnvelope" name="DoNotReturnTimeBombExpirationDateFromVisualStudioRelease_ForRelease" />
    </UnitTest>
    <UnitTest name="GetClientRightsContainer_WillThrowWhenPassedNullRequestContext" storage="d:\v2.0\a1\_work\dbded102\bin\release.anycpu\sps.service\ms.vs.services.licensing.l0.tests\ms.vs.services.licensing.l0.tests.dll" id="4d5cf9a2-e724-9139-aae1-98535b42ce7c">
      <Execution id="8206dceb-0b0f-4a64-ae89-cf5e77b0155e" />
      <TestMethod codeBase="D:\v2.0\A1\_work\dbded102\bin\Release.AnyCPU\Sps.Service\MS.VS.Services.Licensing.L0.Tests\MS.VS.Services.Licensing.L0.Tests.dll" adapterTypeName="Microsoft.VisualStudio.TestTools.TestTypes.Unit.UnitTestAdapter" className="MS.TF.Test.VisualStudioServices.Licensing.PlatformLicensingServiceTests+GetClientRightsContainer" name="GetClientRightsContainer_WillThrowWhenPassedNullRequestContext" />
    </UnitTest>
    <UnitTest name="GetClientRightsContainer_WillThrowWhenPassedNonDeploymentRequestContext" storage="d:\v2.0\a1\_work\dbded102\bin\release.anycpu\sps.service\ms.vs.services.licensing.l0.tests\ms.vs.services.licensing.l0.tests.dll" id="f9f47011-1703-1552-f8e3-d2b05125cba0">
      <Execution id="38223da0-9345-446c-93bd-3c9a27366d21" />
      <TestMethod codeBase="D:\v2.0\A1\_work\dbded102\bin\Release.AnyCPU\Sps.Service\MS.VS.Services.Licensing.L0.Tests\MS.VS.Services.Licensing.L0.Tests.dll" adapterTypeName="Microsoft.VisualStudio.TestTools.TestTypes.Unit.UnitTestAdapter" className="MS.TF.Test.VisualStudioServices.Licensing.PlatformLicensingServiceTests+GetClientRightsContainer" name="GetClientRightsContainer_WillThrowWhenPassedNonDeploymentRequestContext" />
    </UnitTest>
    <UnitTest name="GetClientRightsContainer_WillThrowWhenQueryContextProductFamilyIsNull" storage="d:\v2.0\a1\_work\dbded102\bin\release.anycpu\sps.service\ms.vs.services.licensing.l0.tests\ms.vs.services.licensing.l0.tests.dll" id="e4557645-4264-2072-0d5b-1fd2cf7005ba">
      <Execution id="415412e4-e4f6-49c2-8328-0e41a1879f4e" />
      <TestMethod codeBase="D:\v2.0\A1\_work\dbded102\bin\Release.AnyCPU\Sps.Service\MS.VS.Services.Licensing.L0.Tests\MS.VS.Services.Licensing.L0.Tests.dll" adapterTypeName="Microsoft.VisualStudio.TestTools.TestTypes.Unit.UnitTestAdapter" className="MS.TF.Test.VisualStudioServices.Licensing.PlatformLicensingServiceTests+GetClientRightsContainer" name="GetClientRightsContainer_WillThrowWhenQueryContextProductFamilyIsNull" />
    </UnitTest>
    <UnitTest name="GetClientRightsContainer_StoreClientRightsTelemetryContextIsNull" storage="d:\v2.0\a1\_work\dbded102\bin\release.anycpu\sps.service\ms.vs.services.licensing.l0.tests\ms.vs.services.licensing.l0.tests.dll" id="55a9d46f-da15-9848-b1aa-928835f4b929">
      <Execution id="c3299d3d-11ed-4d0d-9498-e3a7a0571e33" />
      <TestMethod codeBase="D:\v2.0\A1\_work\dbded102\bin\Release.AnyCPU\Sps.Service\MS.VS.Services.Licensing.L0.Tests\MS.VS.Services.Licensing.L0.Tests.dll" adapterTypeName="Microsoft.VisualStudio.TestTools.TestTypes.Unit.UnitTestAdapter" className="MS.TF.Test.VisualStudioServices.Licensing.PlatformLicensingServiceTests+GetClientRightsContainer" name="GetClientRightsContainer_StoreClientRightsTelemetryContextIsNull" />
    </UnitTest>
    <UnitTest name="GetClientRightsContainer_StoreClientRightsTelemetryContextAttributesIsNull" storage="d:\v2.0\a1\_work\dbded102\bin\release.anycpu\sps.service\ms.vs.services.licensing.l0.tests\ms.vs.services.licensing.l0.tests.dll" id="72c74b53-fbb0-02c6-f6c5-48694810a42b">
      <Execution id="8dce13ef-cdb6-4eb1-8959-fb670c51d8a3" />
      <TestMethod codeBase="D:\v2.0\A1\_work\dbded102\bin\Release.AnyCPU\Sps.Service\MS.VS.Services.Licensing.L0.Tests\MS.VS.Services.Licensing.L0.Tests.dll" adapterTypeName="Microsoft.VisualStudio.TestTools.TestTypes.Unit.UnitTestAdapter" className="MS.TF.Test.VisualStudioServices.Licensing.PlatformLicensingServiceTests+GetClientRightsContainer" name="GetClientRightsContainer_StoreClientRightsTelemetryContextAttributesIsNull" />
    </UnitTest>
    <UnitTest name="GetClientRightsContainer_StoreClientRightsTelemetryContextAttributesIsEmpty" storage="d:\v2.0\a1\_work\dbded102\bin\release.anycpu\sps.service\ms.vs.services.licensing.l0.tests\ms.vs.services.licensing.l0.tests.dll" id="57237b46-1946-1e53-bd5a-92a964ef4d28">
      <Execution id="4bddbbd3-8134-4b76-b61f-c6179a066795" />
      <TestMethod codeBase="D:\v2.0\A1\_work\dbded102\bin\Release.AnyCPU\Sps.Service\MS.VS.Services.Licensing.L0.Tests\MS.VS.Services.Licensing.L0.Tests.dll" adapterTypeName="Microsoft.VisualStudio.TestTools.TestTypes.Unit.UnitTestAdapter" className="MS.TF.Test.VisualStudioServices.Licensing.PlatformLicensingServiceTests+GetClientRightsContainer" name="GetClientRightsContainer_StoreClientRightsTelemetryContextAttributesIsEmpty" />
    </UnitTest>
    <UnitTest name="GetClientRightsContainer_StoreClientRightsTelemetryPublished" storage="d:\v2.0\a1\_work\dbded102\bin\release.anycpu\sps.service\ms.vs.services.licensing.l0.tests\ms.vs.services.licensing.l0.tests.dll" id="dfb280be-3bcd-9c5b-ac07-8fd8e01b451d">
      <Execution id="b4fdf5be-33af-4029-86a5-a070b268acb9" />
      <TestMethod codeBase="D:\v2.0\A1\_work\dbded102\bin\Release.AnyCPU\Sps.Service\MS.VS.Services.Licensing.L0.Tests\MS.VS.Services.Licensing.L0.Tests.dll" adapterTypeName="Microsoft.VisualStudio.TestTools.TestTypes.Unit.UnitTestAdapter" className="MS.TF.Test.VisualStudioServices.Licensing.PlatformLicensingServiceTests+GetClientRightsContainer" name="GetClientRightsContainer_StoreClientRightsTelemetryPublished" />
    </UnitTest>
    <UnitTest name="GetClientRightsContainer_StoreClientRightsTelemetryCorrectParameter" storage="d:\v2.0\a1\_work\dbded102\bin\release.anycpu\sps.service\ms.vs.services.licensing.l0.tests\ms.vs.services.licensing.l0.tests.dll" id="e93ef041-7d3f-7def-1505-a981ee2eb312">
      <Execution id="057d8014-1edc-4ce6-b1b8-99b85c7faec5" />
      <TestMethod codeBase="D:\v2.0\A1\_work\dbded102\bin\Release.AnyCPU\Sps.Service\MS.VS.Services.Licensing.L0.Tests\MS.VS.Services.Licensing.L0.Tests.dll" adapterTypeName="Microsoft.VisualStudio.TestTools.TestTypes.Unit.UnitTestAdapter" className="MS.TF.Test.VisualStudioServices.Licensing.PlatformLicensingServiceTests+GetClientRightsContainer" name="GetClientRightsContainer_StoreClientRightsTelemetryCorrectParameter" />
    </UnitTest>
    <UnitTest name="GetClientRightsContainer_WillThrowWhenQueryContextProductFamilyIsEmpty" storage="d:\v2.0\a1\_work\dbded102\bin\release.anycpu\sps.service\ms.vs.services.licensing.l0.tests\ms.vs.services.licensing.l0.tests.dll" id="011b93b9-c755-6fb9-5a5c-fa91aab56df5">
      <Execution id="9088d234-0780-4293-9ad4-1267450e833e" />
      <TestMethod codeBase="D:\v2.0\A1\_work\dbded102\bin\Release.AnyCPU\Sps.Service\MS.VS.Services.Licensing.L0.Tests\MS.VS.Services.Licensing.L0.Tests.dll" adapterTypeName="Microsoft.VisualStudio.TestTools.TestTypes.Unit.UnitTestAdapter" className="MS.TF.Test.VisualStudioServices.Licensing.PlatformLicensingServiceTests+GetClientRightsContainer" name="GetClientRightsContainer_WillThrowWhenQueryContextProductFamilyIsEmpty" />
    </UnitTest>
    <UnitTest name="GetClientRightsContainer_WillThrowWhenQueryContextProductFamilyIsLongerThanMaxAllowed" storage="d:\v2.0\a1\_work\dbded102\bin\release.anycpu\sps.service\ms.vs.services.licensing.l0.tests\ms.vs.services.licensing.l0.tests.dll" id="e5f022ac-ece4-8d19-2000-299524bf1ec2">
      <Execution id="00ebbdbc-0e67-4b19-bf9a-8aa123d511ab" />
      <TestMethod codeBase="D:\v2.0\A1\_work\dbded102\bin\Release.AnyCPU\Sps.Service\MS.VS.Services.Licensing.L0.Tests\MS.VS.Services.Licensing.L0.Tests.dll" adapterTypeName="Microsoft.VisualStudio.TestTools.TestTypes.Unit.UnitTestAdapter" className="MS.TF.Test.VisualStudioServices.Licensing.PlatformLicensingServiceTests+GetClientRightsContainer" name="GetClientRightsContainer_WillThrowWhenQueryContextProductFamilyIsLongerThanMaxAllowed" />
    </UnitTest>
    <UnitTest name="GetClientRightsContainer_WillThrowWhenQueryContextProductFamilyContainsInvalidCharacters" storage="d:\v2.0\a1\_work\dbded102\bin\release.anycpu\sps.service\ms.vs.services.licensing.l0.tests\ms.vs.services.licensing.l0.tests.dll" id="a914418c-2e86-8663-2ecd-772d64384b2c">
      <Execution id="bff4df52-e91e-4371-971d-e29256ade057" />
      <TestMethod codeBase="D:\v2.0\A1\_work\dbded102\bin\Release.AnyCPU\Sps.Service\MS.VS.Services.Licensing.L0.Tests\MS.VS.Services.Licensing.L0.Tests.dll" adapterTypeName="Microsoft.VisualStudio.TestTools.TestTypes.Unit.UnitTestAdapter" className="MS.TF.Test.VisualStudioServices.Licensing.PlatformLicensingServiceTests+GetClientRightsContainer" name="GetClientRightsContainer_WillThrowWhenQueryContextProductFamilyContainsInvalidCharacters" />
    </UnitTest>
    <UnitTest name="GetClientRightsContainer_WillThrowWhenQueryContextProductVersionIsNull" storage="d:\v2.0\a1\_work\dbded102\bin\release.anycpu\sps.service\ms.vs.services.licensing.l0.tests\ms.vs.services.licensing.l0.tests.dll" id="cafc5e53-abf2-277b-afb1-669080c13a7c">
      <Execution id="90c5fe1c-df39-45e7-a53e-e3630c59d9f8" />
      <TestMethod codeBase="D:\v2.0\A1\_work\dbded102\bin\Release.AnyCPU\Sps.Service\MS.VS.Services.Licensing.L0.Tests\MS.VS.Services.Licensing.L0.Tests.dll" adapterTypeName="Microsoft.VisualStudio.TestTools.TestTypes.Unit.UnitTestAdapter" className="MS.TF.Test.VisualStudioServices.Licensing.PlatformLicensingServiceTests+GetClientRightsContainer" name="GetClientRightsContainer_WillThrowWhenQueryContextProductVersionIsNull" />
    </UnitTest>
    <UnitTest name="GetClientRightsContainer_WillThrowWhenQueryContextProductVersionIsEmpty" storage="d:\v2.0\a1\_work\dbded102\bin\release.anycpu\sps.service\ms.vs.services.licensing.l0.tests\ms.vs.services.licensing.l0.tests.dll" id="646a55aa-e056-7468-e505-774b5aaf2fe3">
      <Execution id="57bd9621-b227-4bb9-b8d5-826c8b246a6f" />
      <TestMethod codeBase="D:\v2.0\A1\_work\dbded102\bin\Release.AnyCPU\Sps.Service\MS.VS.Services.Licensing.L0.Tests\MS.VS.Services.Licensing.L0.Tests.dll" adapterTypeName="Microsoft.VisualStudio.TestTools.TestTypes.Unit.UnitTestAdapter" className="MS.TF.Test.VisualStudioServices.Licensing.PlatformLicensingServiceTests+GetClientRightsContainer" name="GetClientRightsContainer_WillThrowWhenQueryContextProductVersionIsEmpty" />
    </UnitTest>
    <UnitTest name="GetClientRightsContainer_WillThrowWhenQueryContextProductVersionIsInvalid" storage="d:\v2.0\a1\_work\dbded102\bin\release.anycpu\sps.service\ms.vs.services.licensing.l0.tests\ms.vs.services.licensing.l0.tests.dll" id="e569efd1-78fb-1f1b-09c0-dc68abedd4ce">
      <Execution id="856061a3-eeff-4d7f-a23e-4610c2ea2afd" />
      <TestMethod codeBase="D:\v2.0\A1\_work\dbded102\bin\Release.AnyCPU\Sps.Service\MS.VS.Services.Licensing.L0.Tests\MS.VS.Services.Licensing.L0.Tests.dll" adapterTypeName="Microsoft.VisualStudio.TestTools.TestTypes.Unit.UnitTestAdapter" className="MS.TF.Test.VisualStudioServices.Licensing.PlatformLicensingServiceTests+GetClientRightsContainer" name="GetClientRightsContainer_WillThrowWhenQueryContextProductVersionIsInvalid" />
    </UnitTest>
    <UnitTest name="GetClientRightsContainer_TestMananger_WillThrowWhenQueryContextProductVersionIsInvalid" storage="d:\v2.0\a1\_work\dbded102\bin\release.anycpu\sps.service\ms.vs.services.licensing.l0.tests\ms.vs.services.licensing.l0.tests.dll" id="64a650fc-b134-df77-e375-4122cd863dbb">
      <Execution id="0d7800df-7311-4ea8-b47e-1477ae6e4772" />
      <TestMethod codeBase="D:\v2.0\A1\_work\dbded102\bin\Release.AnyCPU\Sps.Service\MS.VS.Services.Licensing.L0.Tests\MS.VS.Services.Licensing.L0.Tests.dll" adapterTypeName="Microsoft.VisualStudio.TestTools.TestTypes.Unit.UnitTestAdapter" className="MS.TF.Test.VisualStudioServices.Licensing.PlatformLicensingServiceTests+GetClientRightsContainer" name="GetClientRightsContainer_TestMananger_WillThrowWhenQueryContextProductVersionIsInvalid" />
    </UnitTest>
    <UnitTest name="GetClientRightsContainer_WillThrowWhenQueryContextProductVersionCarriesMoreThanTwoParts" storage="d:\v2.0\a1\_work\dbded102\bin\release.anycpu\sps.service\ms.vs.services.licensing.l0.tests\ms.vs.services.licensing.l0.tests.dll" id="df1a2c9e-72c2-e5dc-6515-ca3951516b22">
      <Execution id="fcb8c16a-4a07-4051-963a-08a18a9eddd1" />
      <TestMethod codeBase="D:\v2.0\A1\_work\dbded102\bin\Release.AnyCPU\Sps.Service\MS.VS.Services.Licensing.L0.Tests\MS.VS.Services.Licensing.L0.Tests.dll" adapterTypeName="Microsoft.VisualStudio.TestTools.TestTypes.Unit.UnitTestAdapter" className="MS.TF.Test.VisualStudioServices.Licensing.PlatformLicensingServiceTests+GetClientRightsContainer" name="GetClientRightsContainer_WillThrowWhenQueryContextProductVersionCarriesMoreThanTwoParts" />
    </UnitTest>
    <UnitTest name="GetClientRightsContainer_WillThrowWhenQueryContextProductVersionIsBelowMinimumSupported" storage="d:\v2.0\a1\_work\dbded102\bin\release.anycpu\sps.service\ms.vs.services.licensing.l0.tests\ms.vs.services.licensing.l0.tests.dll" id="4ce613d7-0044-e8bd-64eb-d3cc96d8623c">
      <Execution id="c959c38a-2ce3-42fd-81cd-f5b9ccbaba4c" />
      <TestMethod codeBase="D:\v2.0\A1\_work\dbded102\bin\Release.AnyCPU\Sps.Service\MS.VS.Services.Licensing.L0.Tests\MS.VS.Services.Licensing.L0.Tests.dll" adapterTypeName="Microsoft.VisualStudio.TestTools.TestTypes.Unit.UnitTestAdapter" className="MS.TF.Test.VisualStudioServices.Licensing.PlatformLicensingServiceTests+GetClientRightsContainer" name="GetClientRightsContainer_WillThrowWhenQueryContextProductVersionIsBelowMinimumSupported" />
    </UnitTest>
    <UnitTest name="GetClientRightsContainer_WillThrowWhenQueryContextProductEditionLengthExceedsMax" storage="d:\v2.0\a1\_work\dbded102\bin\release.anycpu\sps.service\ms.vs.services.licensing.l0.tests\ms.vs.services.licensing.l0.tests.dll" id="958f89a3-a776-6e50-60e2-6d86af82f47f">
      <Execution id="3c13aa4e-c3b1-43ba-abb0-68cfbc47fc03" />
      <TestMethod codeBase="D:\v2.0\A1\_work\dbded102\bin\Release.AnyCPU\Sps.Service\MS.VS.Services.Licensing.L0.Tests\MS.VS.Services.Licensing.L0.Tests.dll" adapterTypeName="Microsoft.VisualStudio.TestTools.TestTypes.Unit.UnitTestAdapter" className="MS.TF.Test.VisualStudioServices.Licensing.PlatformLicensingServiceTests+GetClientRightsContainer" name="GetClientRightsContainer_WillThrowWhenQueryContextProductEditionLengthExceedsMax" />
    </UnitTest>
    <UnitTest name="GetClientRightsContainer_WillThrowWhenQueryContextProductEditionHasInvalidCharacters" storage="d:\v2.0\a1\_work\dbded102\bin\release.anycpu\sps.service\ms.vs.services.licensing.l0.tests\ms.vs.services.licensing.l0.tests.dll" id="860ee325-9702-af46-a751-48e93d410abe">
      <Execution id="0a1664b4-689f-4747-871b-de9169710f5d" />
      <TestMethod codeBase="D:\v2.0\A1\_work\dbded102\bin\Release.AnyCPU\Sps.Service\MS.VS.Services.Licensing.L0.Tests\MS.VS.Services.Licensing.L0.Tests.dll" adapterTypeName="Microsoft.VisualStudio.TestTools.TestTypes.Unit.UnitTestAdapter" className="MS.TF.Test.VisualStudioServices.Licensing.PlatformLicensingServiceTests+GetClientRightsContainer" name="GetClientRightsContainer_WillThrowWhenQueryContextProductEditionHasInvalidCharacters" />
    </UnitTest>
    <UnitTest name="GetClientRightsContainer_WillThrowWhenQueryContextReleaseTypeLengthExceedsMax" storage="d:\v2.0\a1\_work\dbded102\bin\release.anycpu\sps.service\ms.vs.services.licensing.l0.tests\ms.vs.services.licensing.l0.tests.dll" id="23703a55-053f-3d38-f772-5a12c908ab1a">
      <Execution id="5f189315-b965-47d5-a9b8-18b81ce22e16" />
      <TestMethod codeBase="D:\v2.0\A1\_work\dbded102\bin\Release.AnyCPU\Sps.Service\MS.VS.Services.Licensing.L0.Tests\MS.VS.Services.Licensing.L0.Tests.dll" adapterTypeName="Microsoft.VisualStudio.TestTools.TestTypes.Unit.UnitTestAdapter" className="MS.TF.Test.VisualStudioServices.Licensing.PlatformLicensingServiceTests+GetClientRightsContainer" name="GetClientRightsContainer_WillThrowWhenQueryContextReleaseTypeLengthExceedsMax" />
    </UnitTest>
    <UnitTest name="GetClientRightsContainer_WillThrowWhenQueryContextReleaseTypeHasInvalidCharacters" storage="d:\v2.0\a1\_work\dbded102\bin\release.anycpu\sps.service\ms.vs.services.licensing.l0.tests\ms.vs.services.licensing.l0.tests.dll" id="8c10bbd4-92b7-097a-f818-8a160bdb48af">
      <Execution id="408eb989-9ee1-427b-abc9-84c62a0c049b" />
      <TestMethod codeBase="D:\v2.0\A1\_work\dbded102\bin\Release.AnyCPU\Sps.Service\MS.VS.Services.Licensing.L0.Tests\MS.VS.Services.Licensing.L0.Tests.dll" adapterTypeName="Microsoft.VisualStudio.TestTools.TestTypes.Unit.UnitTestAdapter" className="MS.TF.Test.VisualStudioServices.Licensing.PlatformLicensingServiceTests+GetClientRightsContainer" name="GetClientRightsContainer_WillThrowWhenQueryContextReleaseTypeHasInvalidCharacters" />
    </UnitTest>
    <UnitTest name="GetClientRightsContainer_WillThrowWhenQueryContextCanaryLengthExceedsMax" storage="d:\v2.0\a1\_work\dbded102\bin\release.anycpu\sps.service\ms.vs.services.licensing.l0.tests\ms.vs.services.licensing.l0.tests.dll" id="0f54cfa4-6738-3eee-a051-5fa5a015d7a8">
      <Execution id="1804e7fd-755e-4804-b391-c11fc02d02f8" />
      <TestMethod codeBase="D:\v2.0\A1\_work\dbded102\bin\Release.AnyCPU\Sps.Service\MS.VS.Services.Licensing.L0.Tests\MS.VS.Services.Licensing.L0.Tests.dll" adapterTypeName="Microsoft.VisualStudio.TestTools.TestTypes.Unit.UnitTestAdapter" className="MS.TF.Test.VisualStudioServices.Licensing.PlatformLicensingServiceTests+GetClientRightsContainer" name="GetClientRightsContainer_WillThrowWhenQueryContextCanaryLengthExceedsMax" />
    </UnitTest>
    <UnitTest name="GetClientRightsContainer_WillThrowWhenQueryContextCanaryHasInvalidCharacters" storage="d:\v2.0\a1\_work\dbded102\bin\release.anycpu\sps.service\ms.vs.services.licensing.l0.tests\ms.vs.services.licensing.l0.tests.dll" id="17609a6b-5ae7-a5fa-b54b-e03eb3b4a162">
      <Execution id="0f56296f-d852-434e-947a-27c4bd10beeb" />
      <TestMethod codeBase="D:\v2.0\A1\_work\dbded102\bin\Release.AnyCPU\Sps.Service\MS.VS.Services.Licensing.L0.Tests\MS.VS.Services.Licensing.L0.Tests.dll" adapterTypeName="Microsoft.VisualStudio.TestTools.TestTypes.Unit.UnitTestAdapter" className="MS.TF.Test.VisualStudioServices.Licensing.PlatformLicensingServiceTests+GetClientRightsContainer" name="GetClientRightsContainer_WillThrowWhenQueryContextCanaryHasInvalidCharacters" />
    </UnitTest>
    <UnitTest name="GetClientRightsContainer_WillThrowWhenQueryContextMachineIdLengthExceedsMax" storage="d:\v2.0\a1\_work\dbded102\bin\release.anycpu\sps.service\ms.vs.services.licensing.l0.tests\ms.vs.services.licensing.l0.tests.dll" id="67c7928c-851b-4ecb-30ae-e5e4daa232fb">
      <Execution id="a7f62fcf-b136-4b9b-b85b-73ed1a54b826" />
      <TestMethod codeBase="D:\v2.0\A1\_work\dbded102\bin\Release.AnyCPU\Sps.Service\MS.VS.Services.Licensing.L0.Tests\MS.VS.Services.Licensing.L0.Tests.dll" adapterTypeName="Microsoft.VisualStudio.TestTools.TestTypes.Unit.UnitTestAdapter" className="MS.TF.Test.VisualStudioServices.Licensing.PlatformLicensingServiceTests+GetClientRightsContainer" name="GetClientRightsContainer_WillThrowWhenQueryContextMachineIdLengthExceedsMax" />
    </UnitTest>
    <UnitTest name="GetClientRightsContainer_WillThrowWhenQueryContextMachineIdHasInvalidCharacters" storage="d:\v2.0\a1\_work\dbded102\bin\release.anycpu\sps.service\ms.vs.services.licensing.l0.tests\ms.vs.services.licensing.l0.tests.dll" id="2f120f45-b909-596a-66d4-7a3c074ec5ea">
      <Execution id="eb0717f4-3085-4c21-a59f-ffaf6363e3d7" />
      <TestMethod codeBase="D:\v2.0\A1\_work\dbded102\bin\Release.AnyCPU\Sps.Service\MS.VS.Services.Licensing.L0.Tests\MS.VS.Services.Licensing.L0.Tests.dll" adapterTypeName="Microsoft.VisualStudio.TestTools.TestTypes.Unit.UnitTestAdapter" className="MS.TF.Test.VisualStudioServices.Licensing.PlatformLicensingServiceTests+GetClientRightsContainer" name="GetClientRightsContainer_WillThrowWhenQueryContextMachineIdHasInvalidCharacters" />
    </UnitTest>
    <UnitTest name="WillThrowWhenPassedNullRequestContext" storage="d:\v2.0\a1\_work\dbded102\bin\release.anycpu\sps.service\ms.vs.services.licensing.l0.tests\ms.vs.services.licensing.l0.tests.dll" id="944bb8c4-d24b-fdd8-33dd-7587093c1a18">
      <Execution id="95263af9-94d9-40f8-aba6-337f823f8fd1" />
      <TestMethod codeBase="D:\v2.0\A1\_work\dbded102\bin\Release.AnyCPU\Sps.Service\MS.VS.Services.Licensing.L0.Tests\MS.VS.Services.Licensing.L0.Tests.dll" adapterTypeName="Microsoft.VisualStudio.TestTools.TestTypes.Unit.UnitTestAdapter" className="MS.TF.Test.VisualStudioServices.Licensing.PlatformLicensingServiceTests+GetMsdnEntitlements" name="WillThrowWhenPassedNullRequestContext" />
    </UnitTest>
    <UnitTest name="WillThrowWhenPassedNonDeploymentRequestContext" storage="d:\v2.0\a1\_work\dbded102\bin\release.anycpu\sps.service\ms.vs.services.licensing.l0.tests\ms.vs.services.licensing.l0.tests.dll" id="ce9263da-252e-043d-288e-6821438e6840">
      <Execution id="fa7b1bef-ea29-4b70-8ff0-6f802f251ec9" />
      <TestMethod codeBase="D:\v2.0\A1\_work\dbded102\bin\Release.AnyCPU\Sps.Service\MS.VS.Services.Licensing.L0.Tests\MS.VS.Services.Licensing.L0.Tests.dll" adapterTypeName="Microsoft.VisualStudio.TestTools.TestTypes.Unit.UnitTestAdapter" className="MS.TF.Test.VisualStudioServices.Licensing.PlatformLicensingServiceTests+GetMsdnEntitlements" name="WillThrowWhenPassedNonDeploymentRequestContext" />
    </UnitTest>
    <UnitTest name="DoNotReturnAnyEntitlementsWhenMsdnAdapterDoesNotReturnAny" storage="d:\v2.0\a1\_work\dbded102\bin\release.anycpu\sps.service\ms.vs.services.licensing.l0.tests\ms.vs.services.licensing.l0.tests.dll" id="03ee37d1-6664-b66e-bafc-ca4873813991">
      <Execution id="60bab485-0150-4c8a-b366-7099615f574f" />
      <TestMethod codeBase="D:\v2.0\A1\_work\dbded102\bin\Release.AnyCPU\Sps.Service\MS.VS.Services.Licensing.L0.Tests\MS.VS.Services.Licensing.L0.Tests.dll" adapterTypeName="Microsoft.VisualStudio.TestTools.TestTypes.Unit.UnitTestAdapter" className="MS.TF.Test.VisualStudioServices.Licensing.PlatformLicensingServiceTests+GetMsdnEntitlements" name="DoNotReturnAnyEntitlementsWhenMsdnAdapterDoesNotReturnAny" />
    </UnitTest>
    <UnitTest name="ReturnTheEntitlementsThatTheMsdnAdapterReturns" storage="d:\v2.0\a1\_work\dbded102\bin\release.anycpu\sps.service\ms.vs.services.licensing.l0.tests\ms.vs.services.licensing.l0.tests.dll" id="f0fdb86d-5148-5faf-6269-9bf7837fa8d7">
      <Execution id="2efbc8f7-ff81-4cf6-adc7-7f2b4ff8e8e9" />
      <TestMethod codeBase="D:\v2.0\A1\_work\dbded102\bin\Release.AnyCPU\Sps.Service\MS.VS.Services.Licensing.L0.Tests\MS.VS.Services.Licensing.L0.Tests.dll" adapterTypeName="Microsoft.VisualStudio.TestTools.TestTypes.Unit.UnitTestAdapter" className="MS.TF.Test.VisualStudioServices.Licensing.PlatformLicensingServiceTests+GetMsdnEntitlements" name="ReturnTheEntitlementsThatTheMsdnAdapterReturns" />
    </UnitTest>
    <UnitTest name="GetLicensingServiceSettings_WillThrowIfCertificateThumbprintIsNotInRegistry" storage="d:\v2.0\a1\_work\dbded102\bin\release.anycpu\sps.service\ms.vs.services.licensing.l0.tests\ms.vs.services.licensing.l0.tests.dll" id="4a500337-9e14-2b17-f423-67b2a6bcbb54">
      <Execution id="d80accd3-80a0-4582-a0a2-d9fb08e20591" />
      <TestMethod codeBase="D:\v2.0\A1\_work\dbded102\bin\Release.AnyCPU\Sps.Service\MS.VS.Services.Licensing.L0.Tests\MS.VS.Services.Licensing.L0.Tests.dll" adapterTypeName="Microsoft.VisualStudio.TestTools.TestTypes.Unit.UnitTestAdapter" className="MS.TF.Test.VisualStudioServices.Licensing.LicensingSettingsRegistryManagerTests+GetLicensingServiceSettings" name="GetLicensingServiceSettings_WillThrowIfCertificateThumbprintIsNotInRegistry" />
    </UnitTest>
    <UnitTest name="GetLicensingServiceSettings_RequiresSettingsInRegistry" storage="d:\v2.0\a1\_work\dbded102\bin\release.anycpu\sps.service\ms.vs.services.licensing.l0.tests\ms.vs.services.licensing.l0.tests.dll" id="fa43be62-bbef-8121-bfe4-f644e9a64db3">
      <Execution id="7e7a096a-d2a4-468b-bafe-4642cb1502ed" />
      <TestMethod codeBase="D:\v2.0\A1\_work\dbded102\bin\Release.AnyCPU\Sps.Service\MS.VS.Services.Licensing.L0.Tests\MS.VS.Services.Licensing.L0.Tests.dll" adapterTypeName="Microsoft.VisualStudio.TestTools.TestTypes.Unit.UnitTestAdapter" className="MS.TF.Test.VisualStudioServices.Licensing.LicensingSettingsRegistryManagerTests+GetLicensingServiceSettings" name="GetLicensingServiceSettings_RequiresSettingsInRegistry" />
    </UnitTest>
    <UnitTest name="GetLicensingServiceSettings_VisualStudioRelease_LogErrorWhenRegistryContainsInvalidVersion" storage="d:\v2.0\a1\_work\dbded102\bin\release.anycpu\sps.service\ms.vs.services.licensing.l0.tests\ms.vs.services.licensing.l0.tests.dll" id="ee875cd9-40bf-42bf-2321-15142460a077">
      <Execution id="5c9be00a-a3e4-47a1-aecf-0a0bb6575522" />
      <TestMethod codeBase="D:\v2.0\A1\_work\dbded102\bin\Release.AnyCPU\Sps.Service\MS.VS.Services.Licensing.L0.Tests\MS.VS.Services.Licensing.L0.Tests.dll" adapterTypeName="Microsoft.VisualStudio.TestTools.TestTypes.Unit.UnitTestAdapter" className="MS.TF.Test.VisualStudioServices.Licensing.LicensingSettingsRegistryManagerTests+GetLicensingServiceSettings" name="GetLicensingServiceSettings_VisualStudioRelease_LogErrorWhenRegistryContainsInvalidVersion" />
    </UnitTest>
    <UnitTest name="GetLicensingServiceSettings_VisualStudioRelease_LogErrorWhenRegistryContainsInvalidReleaseType" storage="d:\v2.0\a1\_work\dbded102\bin\release.anycpu\sps.service\ms.vs.services.licensing.l0.tests\ms.vs.services.licensing.l0.tests.dll" id="5154d685-4d7e-1074-3a22-5f699abc186e">
      <Execution id="bd2969b3-47d1-4462-a511-8c7101e97fe3" />
      <TestMethod codeBase="D:\v2.0\A1\_work\dbded102\bin\Release.AnyCPU\Sps.Service\MS.VS.Services.Licensing.L0.Tests\MS.VS.Services.Licensing.L0.Tests.dll" adapterTypeName="Microsoft.VisualStudio.TestTools.TestTypes.Unit.UnitTestAdapter" className="MS.TF.Test.VisualStudioServices.Licensing.LicensingSettingsRegistryManagerTests+GetLicensingServiceSettings" name="GetLicensingServiceSettings_VisualStudioRelease_LogErrorWhenRegistryContainsInvalidReleaseType" />
    </UnitTest>
    <UnitTest name="GetMsdnAdapterSettings_WillThrowIfEntitlementServiceUrlIsNotInRegistry" storage="d:\v2.0\a1\_work\dbded102\bin\release.anycpu\sps.service\ms.vs.services.licensing.l0.tests\ms.vs.services.licensing.l0.tests.dll" id="da0df51f-6879-18e4-1c6f-22fdd089e9bb">
      <Execution id="b5fa7225-29ef-4137-99b7-73f2e75da4b6" />
      <TestMethod codeBase="D:\v2.0\A1\_work\dbded102\bin\Release.AnyCPU\Sps.Service\MS.VS.Services.Licensing.L0.Tests\MS.VS.Services.Licensing.L0.Tests.dll" adapterTypeName="Microsoft.VisualStudio.TestTools.TestTypes.Unit.UnitTestAdapter" className="MS.TF.Test.VisualStudioServices.Licensing.LicensingSettingsRegistryManagerTests+GetMsdnAdapterSettings" name="GetMsdnAdapterSettings_WillThrowIfEntitlementServiceUrlIsNotInRegistry" />
    </UnitTest>
    <UnitTest name="GetMsdnAdapterSettings_WillThrowIfCertificateThumbprintIsNotInRegistry" storage="d:\v2.0\a1\_work\dbded102\bin\release.anycpu\sps.service\ms.vs.services.licensing.l0.tests\ms.vs.services.licensing.l0.tests.dll" id="0bea2b1a-432f-52e1-5f29-30ee3c282c0b">
      <Execution id="96e850a0-f9ec-4cfd-9a01-7846e7a3ef9f" />
      <TestMethod codeBase="D:\v2.0\A1\_work\dbded102\bin\Release.AnyCPU\Sps.Service\MS.VS.Services.Licensing.L0.Tests\MS.VS.Services.Licensing.L0.Tests.dll" adapterTypeName="Microsoft.VisualStudio.TestTools.TestTypes.Unit.UnitTestAdapter" className="MS.TF.Test.VisualStudioServices.Licensing.LicensingSettingsRegistryManagerTests+GetMsdnAdapterSettings" name="GetMsdnAdapterSettings_WillThrowIfCertificateThumbprintIsNotInRegistry" />
    </UnitTest>
    <UnitTest name="GetLicensingServiceSettings_SettingsInRegistryWhenEntitlementServiceNeedsCertificateIsFalse" storage="d:\v2.0\a1\_work\dbded102\bin\release.anycpu\sps.service\ms.vs.services.licensing.l0.tests\ms.vs.services.licensing.l0.tests.dll" id="06152f46-1397-6f17-07fb-01244a5f28dc">
      <Execution id="a221fc8f-de3b-4cac-9911-41bf36dd9810" />
      <TestMethod codeBase="D:\v2.0\A1\_work\dbded102\bin\Release.AnyCPU\Sps.Service\MS.VS.Services.Licensing.L0.Tests\MS.VS.Services.Licensing.L0.Tests.dll" adapterTypeName="Microsoft.VisualStudio.TestTools.TestTypes.Unit.UnitTestAdapter" className="MS.TF.Test.VisualStudioServices.Licensing.LicensingSettingsRegistryManagerTests+GetMsdnAdapterSettings" name="GetLicensingServiceSettings_SettingsInRegistryWhenEntitlementServiceNeedsCertificateIsFalse" />
    </UnitTest>
    <UnitTest name="GetLicensingServiceSettings_SettingsInRegistryWhenEntitlementServiceNeedsCertificateIsTrue" storage="d:\v2.0\a1\_work\dbded102\bin\release.anycpu\sps.service\ms.vs.services.licensing.l0.tests\ms.vs.services.licensing.l0.tests.dll" id="0bd301b1-07f8-c0f1-099a-167aa34e919c">
      <Execution id="c4378632-340e-4419-bff0-d0de5be75e08" />
      <TestMethod codeBase="D:\v2.0\A1\_work\dbded102\bin\Release.AnyCPU\Sps.Service\MS.VS.Services.Licensing.L0.Tests\MS.VS.Services.Licensing.L0.Tests.dll" adapterTypeName="Microsoft.VisualStudio.TestTools.TestTypes.Unit.UnitTestAdapter" className="MS.TF.Test.VisualStudioServices.Licensing.LicensingSettingsRegistryManagerTests+GetMsdnAdapterSettings" name="GetLicensingServiceSettings_SettingsInRegistryWhenEntitlementServiceNeedsCertificateIsTrue" />
    </UnitTest>
    <UnitTest name="GetVisualStudioAccountAdapterSettings_VerifyExpectedSettings" storage="d:\v2.0\a1\_work\dbded102\bin\release.anycpu\sps.service\ms.vs.services.licensing.l0.tests\ms.vs.services.licensing.l0.tests.dll" id="68d5ac77-8a01-2c5b-b39e-09c8ff141dcb">
      <Execution id="151712b8-5167-47a3-a920-7b5d94dd1e86" />
      <TestMethod codeBase="D:\v2.0\A1\_work\dbded102\bin\Release.AnyCPU\Sps.Service\MS.VS.Services.Licensing.L0.Tests\MS.VS.Services.Licensing.L0.Tests.dll" adapterTypeName="Microsoft.VisualStudio.TestTools.TestTypes.Unit.UnitTestAdapter" className="MS.TF.Test.VisualStudioServices.Licensing.LicensingSettingsRegistryManagerTests+GetVisualStudioAccountAdapterSettings" name="GetVisualStudioAccountAdapterSettings_VerifyExpectedSettings" />
    </UnitTest>
    <UnitTest name="GetVisualStudioTrialAdapterSettings_VerifyExpectedSettings" storage="d:\v2.0\a1\_work\dbded102\bin\release.anycpu\sps.service\ms.vs.services.licensing.l0.tests\ms.vs.services.licensing.l0.tests.dll" id="163da1ac-42f2-cd3f-7e7b-0d279fc43986">
      <Execution id="7537d639-aff2-43b2-a826-4ec4500ea3b9" />
      <TestMethod codeBase="D:\v2.0\A1\_work\dbded102\bin\Release.AnyCPU\Sps.Service\MS.VS.Services.Licensing.L0.Tests\MS.VS.Services.Licensing.L0.Tests.dll" adapterTypeName="Microsoft.VisualStudio.TestTools.TestTypes.Unit.UnitTestAdapter" className="MS.TF.Test.VisualStudioServices.Licensing.LicensingSettingsRegistryManagerTests+GetVisualStudioTrialAdapterSettings" name="GetVisualStudioTrialAdapterSettings_VerifyExpectedSettings" />
    </UnitTest>
  </TestDefinitions>
  <TestEntries>
    <TestEntry testId="b2e24c9d-73ff-b3d0-d877-1e9372848f41" executionId="2db2c2f9-ddb0-4316-b978-da68356813ff" testListId="8c84fa94-04c1-424b-9868-57a2d4851a1d" />
    <TestEntry testId="9f671690-06bb-936a-536d-57f286d50497" executionId="357d3afa-9459-4242-8966-aaae5ab1f787" testListId="8c84fa94-04c1-424b-9868-57a2d4851a1d" />
    <TestEntry testId="11b2362d-25ff-fc6b-6859-2ab4ffb9ea47" executionId="d03a775f-4976-49ba-9604-8132a3113220" testListId="8c84fa94-04c1-424b-9868-57a2d4851a1d" />
    <TestEntry testId="ac62c82e-20e7-8453-fcc6-fd68c2831a46" executionId="0dd63c7d-2a79-4e8d-a9a5-224894a53a2b" testListId="8c84fa94-04c1-424b-9868-57a2d4851a1d" />
    <TestEntry testId="b9627f2a-d16a-3a48-6e4c-b1ac48270c63" executionId="9a326c88-4919-4355-be3b-dcbe2c2c69a7" testListId="8c84fa94-04c1-424b-9868-57a2d4851a1d" />
    <TestEntry testId="c8d0d9b8-1890-dfab-7411-9000e35f8730" executionId="267904ba-7a4b-4c93-9812-de816295d53b" testListId="8c84fa94-04c1-424b-9868-57a2d4851a1d" />
    <TestEntry testId="f4dc455d-de5e-4ea0-fc9e-e8668931adbd" executionId="ac40df68-b977-46ca-ad02-c80bfbfb4721" testListId="8c84fa94-04c1-424b-9868-57a2d4851a1d" />
    <TestEntry testId="5d69b123-7638-7600-eeec-3bf518904555" executionId="6d17d7fc-2536-4515-b9c2-9dd6eb1c71d8" testListId="8c84fa94-04c1-424b-9868-57a2d4851a1d" />
    <TestEntry testId="1b46c71e-fa20-352a-b310-942f81430eec" executionId="513ad8eb-9461-4eea-af80-54c908d41e8b" testListId="8c84fa94-04c1-424b-9868-57a2d4851a1d" />
    <TestEntry testId="5ea82ae1-8946-b4a5-b1af-368512540215" executionId="b67c95c1-0ebe-417e-98e7-c2c5858ab117" testListId="8c84fa94-04c1-424b-9868-57a2d4851a1d" />
    <TestEntry testId="d65c178b-65d9-9259-18f4-3a95c339f4e8" executionId="d5983ffa-9a87-4d1d-bf29-4fb14d82828a" testListId="8c84fa94-04c1-424b-9868-57a2d4851a1d" />
    <TestEntry testId="d3025566-4c27-a5a9-226e-a69bb9e39473" executionId="eb621245-302e-4625-a14d-2c5d05025413" testListId="8c84fa94-04c1-424b-9868-57a2d4851a1d" />
    <TestEntry testId="365ad5be-2d8b-0933-54ce-e0baa00741bf" executionId="35ee73ab-7bbc-4787-af56-69adbf7c6b56" testListId="8c84fa94-04c1-424b-9868-57a2d4851a1d" />
    <TestEntry testId="febf3739-e6aa-2dae-655c-33629048dcb5" executionId="d499bb25-3b90-4f0b-8649-2a483fb22d89" testListId="8c84fa94-04c1-424b-9868-57a2d4851a1d" />
    <TestEntry testId="1f54e210-4aad-0194-4dcb-c4ac8f4acbdf" executionId="b367956c-0eff-4922-8a7b-fb95086f8134" testListId="8c84fa94-04c1-424b-9868-57a2d4851a1d" />
    <TestEntry testId="5b6a501c-a59e-3c6a-b07b-ad467b7088b0" executionId="e44b0334-1f9a-43ec-8945-2699179beb78" testListId="8c84fa94-04c1-424b-9868-57a2d4851a1d" />
    <TestEntry testId="29915276-da42-4701-9ef4-406bc3f870c5" executionId="c1707feb-0a37-4ccd-abac-1ebc3d3d03f6" testListId="8c84fa94-04c1-424b-9868-57a2d4851a1d" />
    <TestEntry testId="d77ced81-53f9-6a61-1e66-81fedd5061aa" executionId="662f5faf-a73e-4cdc-9266-dfdd2e593f83" testListId="8c84fa94-04c1-424b-9868-57a2d4851a1d" />
    <TestEntry testId="0a09080f-cf35-28f2-9a37-b209ba4b564f" executionId="063c8067-bd74-4b17-8d0e-5d0848bd3b9c" testListId="8c84fa94-04c1-424b-9868-57a2d4851a1d" />
    <TestEntry testId="073b26dd-e621-6c15-747b-48db3ebb78be" executionId="90bcfba1-a4b3-480e-8f8e-1c27cf810e1b" testListId="8c84fa94-04c1-424b-9868-57a2d4851a1d" />
    <TestEntry testId="6316bbff-29ec-ab4c-d875-157279723728" executionId="362177e4-598a-46f5-a9a5-43f7603bb19f" testListId="8c84fa94-04c1-424b-9868-57a2d4851a1d" />
    <TestEntry testId="0c6c8af5-2470-7a00-5842-488eb6474735" executionId="c0262027-b210-4550-8eec-99c3b95f1c69" testListId="8c84fa94-04c1-424b-9868-57a2d4851a1d" />
    <TestEntry testId="44456b41-a45e-5259-114f-908d492e736c" executionId="30e356bc-f608-4fc7-9f9e-e3f5a7e91803" testListId="8c84fa94-04c1-424b-9868-57a2d4851a1d" />
    <TestEntry testId="34097c4c-e17d-51c3-12fd-6b90f264f351" executionId="1e7375bb-b9b8-4540-a50d-af9d990a9e6d" testListId="8c84fa94-04c1-424b-9868-57a2d4851a1d" />
    <TestEntry testId="2fddf385-00dd-f181-3e73-26e7f3c78629" executionId="9967f7be-9283-45c8-8fe6-ea6c57872b55" testListId="8c84fa94-04c1-424b-9868-57a2d4851a1d" />
    <TestEntry testId="09ab51f3-21e8-f9f9-2a73-cc7a5420a5dc" executionId="af14964d-6ff5-4c40-876e-d18a1957c43f" testListId="8c84fa94-04c1-424b-9868-57a2d4851a1d" />
    <TestEntry testId="39c4d1b9-dc27-6a7c-ffe0-613cc4b09c92" executionId="6a0fa0f3-a27c-449a-881d-d187c65e3028" testListId="8c84fa94-04c1-424b-9868-57a2d4851a1d" />
    <TestEntry testId="83053536-8a5d-a52c-f3ba-8b698148ae0f" executionId="6e098cbc-bdbe-4ef5-941b-577727d6d7f9" testListId="8c84fa94-04c1-424b-9868-57a2d4851a1d" />
    <TestEntry testId="d718f28e-6f36-0a29-71af-e64046558fc5" executionId="222b88ad-2133-4720-a8a4-a005f5cf46a2" testListId="8c84fa94-04c1-424b-9868-57a2d4851a1d" />
    <TestEntry testId="15a4b244-1228-1de9-7d02-17851e982736" executionId="32c2e68f-eb6a-497e-9fde-1d55da20081b" testListId="8c84fa94-04c1-424b-9868-57a2d4851a1d" />
    <TestEntry testId="614f158e-372f-bd9f-6219-6f31c5826511" executionId="71a34a62-16da-4b7f-b409-71244849e442" testListId="8c84fa94-04c1-424b-9868-57a2d4851a1d" />
    <TestEntry testId="a8ced472-6d79-d61f-5963-c27bf35d0a0d" executionId="a11ea51c-7b82-464a-b61e-0062b258b00a" testListId="8c84fa94-04c1-424b-9868-57a2d4851a1d" />
    <TestEntry testId="4f3d34cd-e364-754f-44d8-3df93c2f7874" executionId="87668fd0-8ade-445c-bd8a-946204864446" testListId="8c84fa94-04c1-424b-9868-57a2d4851a1d" />
    <TestEntry testId="0e56c391-82c0-4bc2-9452-01c00a631632" executionId="8bce2bba-8400-4623-ab4b-209bf86294d0" testListId="8c84fa94-04c1-424b-9868-57a2d4851a1d" />
    <TestEntry testId="7ef81200-42cc-672a-d6d4-bc8abb2da41b" executionId="6409c245-d7f2-4668-ba61-5f39eee2f0d9" testListId="8c84fa94-04c1-424b-9868-57a2d4851a1d" />
    <TestEntry testId="c8d20601-2115-c0d8-497f-58708ffd408f" executionId="8b2d6c00-6644-4840-b4bb-4257dc180665" testListId="8c84fa94-04c1-424b-9868-57a2d4851a1d" />
    <TestEntry testId="c3388923-690f-1579-d290-6a2d72898775" executionId="325120e2-7398-4479-9317-8e0998bbc0c7" testListId="8c84fa94-04c1-424b-9868-57a2d4851a1d" />
    <TestEntry testId="bbf6b12e-6856-c64b-9297-0ba07d515f6b" executionId="20187764-1522-4ee1-bb01-1415bd93eeca" testListId="8c84fa94-04c1-424b-9868-57a2d4851a1d" />
    <TestEntry testId="7715ae6a-d6f6-38e3-0190-6b9ff1585f5c" executionId="3e3648b1-e083-4931-a71d-4289708d61f3" testListId="8c84fa94-04c1-424b-9868-57a2d4851a1d" />
    <TestEntry testId="1fce20f0-5285-c7b6-6320-4698e340c379" executionId="ada61335-fb1c-478c-9f34-bfd6a35627a2" testListId="8c84fa94-04c1-424b-9868-57a2d4851a1d" />
    <TestEntry testId="a34626d9-8cfb-ed45-f8d9-453fe3837d43" executionId="a1b96c18-66e9-464b-b20d-940f65827dff" testListId="8c84fa94-04c1-424b-9868-57a2d4851a1d" />
    <TestEntry testId="11d883f3-5175-3b72-9542-d731161aceba" executionId="14739c62-fcb3-4f8d-85f2-0a19e04d9a96" testListId="8c84fa94-04c1-424b-9868-57a2d4851a1d" />
    <TestEntry testId="d79a5656-4bc4-ff79-954d-5edc9f2baa3b" executionId="ec9e1a55-5afd-4856-93e1-d08f55864bc5" testListId="8c84fa94-04c1-424b-9868-57a2d4851a1d" />
    <TestEntry testId="f2faa77d-cae2-1b9e-ca15-6f1d2e3ab4fd" executionId="3cbfac6c-ea26-4b94-804d-f19da18aefd2" testListId="8c84fa94-04c1-424b-9868-57a2d4851a1d" />
    <TestEntry testId="94d51d2e-1050-0a93-8110-3e49707c154f" executionId="5f1d5489-369b-453c-9f30-4b392600aec8" testListId="8c84fa94-04c1-424b-9868-57a2d4851a1d" />
    <TestEntry testId="2f0e89ba-fc0b-cdb9-5cde-e49d147b72f4" executionId="f64ef51b-8943-45fa-945b-d135dfe689ce" testListId="8c84fa94-04c1-424b-9868-57a2d4851a1d" />
    <TestEntry testId="5022aa35-9954-9196-5727-98f88164a412" executionId="0890c26b-a69d-47cb-a65d-53410ab0808f" testListId="8c84fa94-04c1-424b-9868-57a2d4851a1d" />
    <TestEntry testId="33e73ff2-3b15-f7e0-d727-bddd54321bcb" executionId="7378bb7c-1de5-494e-b943-4c9ca9163b36" testListId="8c84fa94-04c1-424b-9868-57a2d4851a1d" />
    <TestEntry testId="04fa00df-cae5-7755-fb7c-ec65692fa814" executionId="a702ea8b-6433-42c7-a626-89dd2d561f62" testListId="8c84fa94-04c1-424b-9868-57a2d4851a1d" />
    <TestEntry testId="1fb790dc-2b01-a2a9-6b55-741d51287198" executionId="07e731c1-4182-4332-bf1c-c9c6d3268623" testListId="8c84fa94-04c1-424b-9868-57a2d4851a1d" />
    <TestEntry testId="dde49555-20c7-363b-638d-1c81655c03b7" executionId="e612aab9-cfed-49d4-b5e1-7b0605ebea7d" testListId="8c84fa94-04c1-424b-9868-57a2d4851a1d" />
    <TestEntry testId="baf5053a-e8b7-be02-d4bd-641d0b5ea643" executionId="cfe8b0cc-04b8-4039-a0b0-b9c116d8d52f" testListId="8c84fa94-04c1-424b-9868-57a2d4851a1d" />
    <TestEntry testId="d0ee1eda-3d6f-6f14-2081-de0a89ea0d30" executionId="d44dfb94-dead-4ca4-b1db-703630930746" testListId="8c84fa94-04c1-424b-9868-57a2d4851a1d" />
    <TestEntry testId="8d6c1793-2ebe-6b26-e0c4-5e935fdb1d33" executionId="04f014c1-0aa7-45d2-9788-b4582d2cb5ad" testListId="8c84fa94-04c1-424b-9868-57a2d4851a1d" />
    <TestEntry testId="a678f7b6-503b-4b82-d38c-850876017048" executionId="816d40de-a203-4023-b451-0c688ba55f1f" testListId="8c84fa94-04c1-424b-9868-57a2d4851a1d" />
    <TestEntry testId="452ef22c-20d8-2b6e-256f-30ed5a9c215c" executionId="4151b538-dac7-4900-a6be-3878e9a23fba" testListId="8c84fa94-04c1-424b-9868-57a2d4851a1d" />
    <TestEntry testId="66d7431d-b582-aa0a-a730-6892179da67a" executionId="68cc87aa-9974-4821-908c-bb49dad576ae" testListId="8c84fa94-04c1-424b-9868-57a2d4851a1d" />
    <TestEntry testId="77e0c7e9-4680-7716-3f13-7f5169fcf775" executionId="b9429865-65f5-46ab-a5ec-bc5988a815eb" testListId="8c84fa94-04c1-424b-9868-57a2d4851a1d" />
    <TestEntry testId="b80f8a42-1b8c-d5c2-c685-91833ad9b645" executionId="441eb54e-d6b5-4af2-87d1-afb59b681a1d" testListId="8c84fa94-04c1-424b-9868-57a2d4851a1d" />
    <TestEntry testId="bfb46776-2fa5-4711-c2eb-c706195b61f4" executionId="f00fc561-22fb-4e4c-9b41-b7c9db8b6e1a" testListId="8c84fa94-04c1-424b-9868-57a2d4851a1d" />
    <TestEntry testId="0fe6a781-1e30-ccdf-d47f-e5926de2cd9b" executionId="e30b9717-9d22-45f4-bada-ce54459a4611" testListId="8c84fa94-04c1-424b-9868-57a2d4851a1d" />
    <TestEntry testId="35502e15-9c35-927b-e4bc-951cf107c47a" executionId="47123ac3-5da0-4293-a0b8-cfe7a284d0b4" testListId="8c84fa94-04c1-424b-9868-57a2d4851a1d" />
    <TestEntry testId="bf512c35-70ca-2daa-0938-db9ee8da9e02" executionId="b76850ec-1327-4372-8a4c-be87c36b43e0" testListId="8c84fa94-04c1-424b-9868-57a2d4851a1d" />
    <TestEntry testId="ad79a7ee-6c15-ce6a-32e5-71e1023036b5" executionId="8bc5e0e4-7234-4611-98c4-6252956ded0f" testListId="8c84fa94-04c1-424b-9868-57a2d4851a1d" />
    <TestEntry testId="46881f50-3f03-9362-6484-63266deef3a4" executionId="af18f346-d5d4-4b55-b1d4-db32f883a5c7" testListId="8c84fa94-04c1-424b-9868-57a2d4851a1d" />
    <TestEntry testId="c2629215-26c1-2b90-c599-c5271c9927a6" executionId="feb28cb2-67eb-4a03-a785-9b3d9e065a72" testListId="8c84fa94-04c1-424b-9868-57a2d4851a1d" />
    <TestEntry testId="8afe3738-8725-e525-a950-3c3030a1f36b" executionId="bfecbcf8-5a33-4d67-9371-bc802b0654eb" testListId="8c84fa94-04c1-424b-9868-57a2d4851a1d" />
    <TestEntry testId="5a4c49e0-15d1-fcfc-5cf8-3993731a9176" executionId="691e0500-a3e3-43bf-8864-309aa7b13d13" testListId="8c84fa94-04c1-424b-9868-57a2d4851a1d" />
    <TestEntry testId="af00ae9a-4f4f-ccb1-dda4-bc56ff9ac283" executionId="64f2dfd1-628c-43d3-b128-69f433cac868" testListId="8c84fa94-04c1-424b-9868-57a2d4851a1d" />
    <TestEntry testId="0b579150-3e5c-11f2-7164-090c114cc153" executionId="0010b9c1-9755-47aa-bf19-dc3664556a37" testListId="8c84fa94-04c1-424b-9868-57a2d4851a1d" />
    <TestEntry testId="221cbe8f-d846-a737-5e1a-b6fb4f294561" executionId="019cbc80-4aba-4a8f-a6bd-33f64258f545" testListId="8c84fa94-04c1-424b-9868-57a2d4851a1d" />
    <TestEntry testId="14e6580c-ea79-7b3b-a7d4-053efce89b8c" executionId="7250771e-32c1-40bb-9746-d4dd2bb00ff8" testListId="8c84fa94-04c1-424b-9868-57a2d4851a1d" />
    <TestEntry testId="3bce5ff9-b3e2-e565-4252-9e6ec2c44c02" executionId="49df87ad-6b5e-4164-88cd-345afed3c0fa" testListId="8c84fa94-04c1-424b-9868-57a2d4851a1d" />
    <TestEntry testId="341c3888-ddab-32c3-8e8d-1e7833e4c793" executionId="c0e411fb-6e8e-42c6-a012-f5ec8563572f" testListId="8c84fa94-04c1-424b-9868-57a2d4851a1d" />
    <TestEntry testId="c7968aea-f39d-84f4-5000-e791fc4888fc" executionId="c2345a4b-a8d7-4ac5-9254-19de1033c6e4" testListId="8c84fa94-04c1-424b-9868-57a2d4851a1d" />
    <TestEntry testId="6044a486-841c-d5b5-25ad-7d4b9546ffc3" executionId="cc8a3476-e215-4788-95c3-87e9c883be4e" testListId="8c84fa94-04c1-424b-9868-57a2d4851a1d" />
    <TestEntry testId="c14b5cb4-219b-255e-de6e-30284cb0d37c" executionId="3acb104d-c78c-4196-b2f4-0db81be0809e" testListId="8c84fa94-04c1-424b-9868-57a2d4851a1d" />
    <TestEntry testId="c3603cbb-f5fc-f47c-e087-bec12b714ffd" executionId="33776c1a-89cd-44e5-a8a3-84473d9a8454" testListId="8c84fa94-04c1-424b-9868-57a2d4851a1d" />
    <TestEntry testId="429a0f12-8153-856b-cad0-9734fe2ecf3a" executionId="2adbc027-2f90-4859-90e8-7342372cc6ec" testListId="8c84fa94-04c1-424b-9868-57a2d4851a1d" />
    <TestEntry testId="d10b3044-0111-ac1e-0058-67ccc3e78875" executionId="e466e4a0-3429-4702-806e-966fcab159b0" testListId="8c84fa94-04c1-424b-9868-57a2d4851a1d" />
    <TestEntry testId="d5e2e1fc-e066-a620-1ea4-5999c2601d55" executionId="681e4994-85f1-4795-857a-bba26a1268f7" testListId="8c84fa94-04c1-424b-9868-57a2d4851a1d" />
    <TestEntry testId="745615c9-43dc-6c35-00a8-44ac405a77b1" executionId="4e798ede-d68a-4002-8f2e-72661c87a8a1" testListId="8c84fa94-04c1-424b-9868-57a2d4851a1d" />
    <TestEntry testId="7ac999a6-de17-8dd7-1414-ca5cda8a2f13" executionId="185b923e-63b1-46dd-80fa-b234ff890bcb" testListId="8c84fa94-04c1-424b-9868-57a2d4851a1d" />
    <TestEntry testId="2ef1f016-361e-d5af-04cc-fc17385d4d2c" executionId="4fe386b1-869e-4852-b081-80287aa860d0" testListId="8c84fa94-04c1-424b-9868-57a2d4851a1d" />
    <TestEntry testId="01fb6908-427b-6cd5-5027-497c873fae77" executionId="4f4d9d9e-4a38-4ea6-a0a6-f9452b74545c" testListId="8c84fa94-04c1-424b-9868-57a2d4851a1d" />
    <TestEntry testId="68a047b4-ef62-203b-c72c-58a9fea876d3" executionId="b1a28fb0-d857-4dfc-b602-37228ee65863" testListId="8c84fa94-04c1-424b-9868-57a2d4851a1d" />
    <TestEntry testId="944cd9ea-1a9a-6aa2-1c99-753dac498759" executionId="1c29a849-4733-444a-85af-73d71633723c" testListId="8c84fa94-04c1-424b-9868-57a2d4851a1d" />
    <TestEntry testId="c23e023b-8415-07e8-abf4-ac8f23ab2fb1" executionId="73830adf-da68-4ed7-90f8-c12357eae699" testListId="8c84fa94-04c1-424b-9868-57a2d4851a1d" />
    <TestEntry testId="9e2e7e7f-b044-a17a-b0c4-ad4b6479aca8" executionId="510d8c0d-5f62-4ca0-b785-2067639dd527" testListId="8c84fa94-04c1-424b-9868-57a2d4851a1d" />
    <TestEntry testId="14527351-d1d6-6500-a223-8742e1dd420b" executionId="31f590ba-ea6f-488d-9b82-7a53b113bba1" testListId="8c84fa94-04c1-424b-9868-57a2d4851a1d" />
    <TestEntry testId="b5d774fc-f3df-5282-d5f6-14d677d0c0d2" executionId="99895c62-5092-4ebc-983c-e6eae01fcbc8" testListId="8c84fa94-04c1-424b-9868-57a2d4851a1d" />
    <TestEntry testId="7f7b6bd2-671b-1c37-a4bf-974719b3e14e" executionId="9bab8c87-92e5-4050-bbed-1ae1933a97b2" testListId="8c84fa94-04c1-424b-9868-57a2d4851a1d" />
    <TestEntry testId="27322b61-9202-c55e-6b7e-5505e7ab3cee" executionId="9a7ea670-c853-4199-a476-7f78c5cc5f61" testListId="8c84fa94-04c1-424b-9868-57a2d4851a1d" />
    <TestEntry testId="334334c5-a25c-a70d-5c63-023527649bda" executionId="0c5e3871-2cf8-443f-994f-acf1f513c613" testListId="8c84fa94-04c1-424b-9868-57a2d4851a1d" />
    <TestEntry testId="4f7df149-8baf-7756-34d6-bd6b0cc8367e" executionId="445e4c4a-f11b-4491-9f49-822f6f22944f" testListId="8c84fa94-04c1-424b-9868-57a2d4851a1d" />
    <TestEntry testId="1b891b37-a58a-7dda-b6ae-dba980eb97ed" executionId="11dff80a-a0ca-4f21-9f0e-a108ffb77781" testListId="8c84fa94-04c1-424b-9868-57a2d4851a1d" />
    <TestEntry testId="bb5a6f4e-b40f-1a4a-a244-591f3d3e74a8" executionId="92b16ee3-ccd3-4192-9abf-8fdcfc94495d" testListId="8c84fa94-04c1-424b-9868-57a2d4851a1d" />
    <TestEntry testId="6c8fddec-05ce-1288-1c7b-8611f49a723b" executionId="06252750-4771-4942-9d8a-def2d2b5845b" testListId="8c84fa94-04c1-424b-9868-57a2d4851a1d" />
    <TestEntry testId="ae2b3101-f7ab-fdd2-19ee-f22d2e85b0ba" executionId="c599bca8-9192-44a5-8509-17b750031120" testListId="8c84fa94-04c1-424b-9868-57a2d4851a1d" />
    <TestEntry testId="51bb6661-d3f8-cb4c-9c25-35feb6d5ae4d" executionId="2361f8ac-9cac-4af7-89ab-1cbe0a46493c" testListId="8c84fa94-04c1-424b-9868-57a2d4851a1d" />
    <TestEntry testId="65e0aa7a-4c87-4927-eec0-54949ed6dc55" executionId="146876a3-1292-479a-8871-ce6f1d050549" testListId="8c84fa94-04c1-424b-9868-57a2d4851a1d" />
    <TestEntry testId="336cf182-0a41-49cf-11a7-65de90165c31" executionId="da7d2f22-2088-4023-90a3-4feb1dc905fa" testListId="8c84fa94-04c1-424b-9868-57a2d4851a1d" />
    <TestEntry testId="0cf10257-8f63-0ddc-a4aa-65ed4f34d533" executionId="9e84265e-45a7-4d3c-ab2c-195b2853b315" testListId="8c84fa94-04c1-424b-9868-57a2d4851a1d" />
    <TestEntry testId="a12dfeaf-384b-cd91-e726-80f193278a0e" executionId="78ebd184-ef8b-4cc3-a72d-e9bb23da4705" testListId="8c84fa94-04c1-424b-9868-57a2d4851a1d" />
    <TestEntry testId="1393f629-74d7-ed3a-54d1-25b537466705" executionId="8ffa69f2-1c4c-4d81-8fdf-5cd123094299" testListId="8c84fa94-04c1-424b-9868-57a2d4851a1d" />
    <TestEntry testId="1270357b-d502-f63d-a57d-670d2855d868" executionId="517ce85b-e3e0-466e-996b-18f2f770bfe2" testListId="8c84fa94-04c1-424b-9868-57a2d4851a1d" />
    <TestEntry testId="d3075b2d-d993-e904-eeab-c7f3745323c9" executionId="08b56eee-3186-42c0-9e6c-a77a0e4583a2" testListId="8c84fa94-04c1-424b-9868-57a2d4851a1d" />
    <TestEntry testId="ee2d3494-5f4b-fc68-f807-d8770b920c7e" executionId="e829c150-82a0-4596-aac2-7a9587e3d335" testListId="8c84fa94-04c1-424b-9868-57a2d4851a1d" />
    <TestEntry testId="106e2321-450d-2a7d-ba62-c7f01022b658" executionId="89a417ed-df28-4f08-a88b-8637be178ef4" testListId="8c84fa94-04c1-424b-9868-57a2d4851a1d" />
    <TestEntry testId="5bb03446-e23d-3909-5f3c-c5a10e616514" executionId="ca3274a5-0f51-4bc5-843f-95b01340331d" testListId="8c84fa94-04c1-424b-9868-57a2d4851a1d" />
    <TestEntry testId="dd68b97c-8578-470e-c50e-ff08dcc1f7a3" executionId="e385a504-4df3-4163-a854-d19a2463e740" testListId="8c84fa94-04c1-424b-9868-57a2d4851a1d" />
    <TestEntry testId="f54869f2-0c1f-d6bc-456d-4578c9f3c6ec" executionId="87db105f-2e81-4a8d-9fd1-24744ace59cf" testListId="8c84fa94-04c1-424b-9868-57a2d4851a1d" />
    <TestEntry testId="e4442d0b-2255-a1b1-ee5f-8cd0b274bfbd" executionId="bd0c4516-4748-42e8-ad17-7d40623cc451" testListId="8c84fa94-04c1-424b-9868-57a2d4851a1d" />
    <TestEntry testId="a9abc7b7-1558-3d4a-b024-26bbc0c1fa57" executionId="fc813035-43fc-4103-93d2-d5ed9299b7f7" testListId="8c84fa94-04c1-424b-9868-57a2d4851a1d" />
    <TestEntry testId="d1e52944-0b70-a7c0-55e3-7eb1f445d340" executionId="07729579-00ff-468b-b818-74685acf9f55" testListId="8c84fa94-04c1-424b-9868-57a2d4851a1d" />
    <TestEntry testId="22bb9015-8044-bf74-b7a4-217cddf94bc4" executionId="b00f42a0-3040-4da1-9d5e-3d28278dc64a" testListId="8c84fa94-04c1-424b-9868-57a2d4851a1d" />
    <TestEntry testId="f750a382-501e-a817-8b42-244b8ea40540" executionId="6b441eb0-af66-490d-8384-14868ccb3dfd" testListId="8c84fa94-04c1-424b-9868-57a2d4851a1d" />
    <TestEntry testId="fbb6b580-6bd2-bd32-a154-c3cd9c52108c" executionId="99708d5c-4786-42e2-bc6a-95dd4b5fb30b" testListId="8c84fa94-04c1-424b-9868-57a2d4851a1d" />
    <TestEntry testId="87d534ba-cb25-113f-2ab4-0fe64d52ef47" executionId="89a12b6c-badc-4b9d-aa28-24901804ba46" testListId="8c84fa94-04c1-424b-9868-57a2d4851a1d" />
    <TestEntry testId="54053755-d0bf-d9b5-72c4-610415fe3a5d" executionId="b222caf8-4e0f-493d-8780-eaa3a8627bb2" testListId="8c84fa94-04c1-424b-9868-57a2d4851a1d" />
    <TestEntry testId="3e806e7e-b053-6b75-eaa4-90c810448dfb" executionId="f2290d8c-16a5-4967-99be-f6eeec1589b7" testListId="8c84fa94-04c1-424b-9868-57a2d4851a1d" />
    <TestEntry testId="bf12945d-213b-3f94-6aed-f1c39ef66c81" executionId="4dcb7377-1a22-4e74-92a0-5bd83e7f7727" testListId="8c84fa94-04c1-424b-9868-57a2d4851a1d" />
    <TestEntry testId="caa3a28d-83ed-be7b-7bba-b2a118e92844" executionId="f995ae8c-3a64-4cad-8ffe-9cecac1058ee" testListId="8c84fa94-04c1-424b-9868-57a2d4851a1d" />
    <TestEntry testId="e179312e-ad67-4625-2f7b-85cc4b1bf372" executionId="463675cf-9675-44dd-9f56-e0d927dc71e3" testListId="8c84fa94-04c1-424b-9868-57a2d4851a1d" />
    <TestEntry testId="f3b0056a-ec9b-a7af-4da4-072d0fdef050" executionId="6a9f6c7f-b309-4c0c-b84a-de5d2d7c2304" testListId="8c84fa94-04c1-424b-9868-57a2d4851a1d" />
    <TestEntry testId="55670624-3613-26bc-1448-8b96c2b510f1" executionId="87dd7ddc-445c-4b4f-8162-e9c56bf83f4a" testListId="8c84fa94-04c1-424b-9868-57a2d4851a1d" />
    <TestEntry testId="23e9c70e-adce-72fc-5369-515fefc9e394" executionId="28f620c9-9c40-4d14-89d5-778ca01d7763" testListId="8c84fa94-04c1-424b-9868-57a2d4851a1d" />
    <TestEntry testId="a1ee2c93-090f-5a75-d7a1-2f65ffd54d68" executionId="0dbf8cc0-ebe6-4cc9-847d-cec2aff5ab42" testListId="8c84fa94-04c1-424b-9868-57a2d4851a1d" />
    <TestEntry testId="2981bac9-e4fc-d729-e97f-c58e24a1fa67" executionId="fc9a0d8e-0077-40c8-a300-1d4a62c92ab1" testListId="8c84fa94-04c1-424b-9868-57a2d4851a1d" />
    <TestEntry testId="4ea4eb43-6ab6-3d24-10a5-9a7758c26406" executionId="b79810c6-01d0-4b57-9dd5-f43a4ecb1fee" testListId="8c84fa94-04c1-424b-9868-57a2d4851a1d" />
    <TestEntry testId="ec7c5a5a-498f-f69c-29c1-efb24e840be7" executionId="4b4fb85e-ecdf-43b2-be92-b1d83323dd78" testListId="8c84fa94-04c1-424b-9868-57a2d4851a1d" />
    <TestEntry testId="69ba51ff-9368-cc26-1936-b29036b7978b" executionId="0685922b-9260-4ce7-8037-6255211ac7b7" testListId="8c84fa94-04c1-424b-9868-57a2d4851a1d" />
    <TestEntry testId="e326c03a-5f40-29b4-d1b5-6de4770ab762" executionId="b0b9548f-25c1-4819-882d-528564b83b9c" testListId="8c84fa94-04c1-424b-9868-57a2d4851a1d" />
    <TestEntry testId="05b7fd2d-9119-ec84-b666-7dda277ea4bc" executionId="04d222e7-aa62-49ec-978a-2462233ca7d3" testListId="8c84fa94-04c1-424b-9868-57a2d4851a1d" />
    <TestEntry testId="2fa1a3c5-9c15-aa98-b227-2cbca750fe8e" executionId="303c3ffc-4665-4dd3-9c68-b36aa66f9ea7" testListId="8c84fa94-04c1-424b-9868-57a2d4851a1d" />
    <TestEntry testId="670b3e0b-8af3-480d-f403-a00f93927bf2" executionId="c3775352-bc61-48e0-b50d-57e0656bb89d" testListId="8c84fa94-04c1-424b-9868-57a2d4851a1d" />
    <TestEntry testId="ebd01e97-ebb9-3872-778e-8ba0e428aa6b" executionId="7317c01f-0c10-4637-881c-5c900ae2a64b" testListId="8c84fa94-04c1-424b-9868-57a2d4851a1d" />
    <TestEntry testId="99a46b8d-5ee9-6e22-0d00-5434555535da" executionId="f21cc44b-6322-4e9d-907d-eaf1b196d25e" testListId="8c84fa94-04c1-424b-9868-57a2d4851a1d" />
    <TestEntry testId="659981cf-c583-6413-9799-bf549827b2cf" executionId="7147b421-b5a4-4db2-817d-90d638db42b1" testListId="8c84fa94-04c1-424b-9868-57a2d4851a1d" />
    <TestEntry testId="63ae2c13-63c0-6555-2e70-4059c2172008" executionId="d67eb898-ed78-4423-96ae-86fe2efa00e9" testListId="8c84fa94-04c1-424b-9868-57a2d4851a1d" />
    <TestEntry testId="c17eed9c-2c6e-f453-1931-240a81b73745" executionId="e44b0ec0-c3f0-4d3c-a5d6-382bb058f21f" testListId="8c84fa94-04c1-424b-9868-57a2d4851a1d" />
    <TestEntry testId="3d283c61-6c4e-177c-b484-6898e62bc161" executionId="e7adfd70-07f9-414f-99a1-6d4e7cd386f0" testListId="8c84fa94-04c1-424b-9868-57a2d4851a1d" />
    <TestEntry testId="202141cc-ab34-47d5-0ac4-dbbfa9ce6981" executionId="a63d483d-b32b-47f4-a350-a2808fece4d4" testListId="8c84fa94-04c1-424b-9868-57a2d4851a1d" />
    <TestEntry testId="5fe8c0e5-4055-d784-acdb-c71b9cbd8d3b" executionId="ab7a6688-20ef-4ecb-95c0-49c8c15e8d0f" testListId="8c84fa94-04c1-424b-9868-57a2d4851a1d" />
    <TestEntry testId="001e0a2f-01ce-eee5-afee-0dc32db14569" executionId="babfcf75-f091-445d-bab6-235e733fa637" testListId="8c84fa94-04c1-424b-9868-57a2d4851a1d" />
    <TestEntry testId="4db560c4-b15e-a80b-f21d-743abdb43963" executionId="a7813a8b-33b1-46e7-8559-45c3bd8aba95" testListId="8c84fa94-04c1-424b-9868-57a2d4851a1d" />
    <TestEntry testId="ffd153b8-7a25-ae21-6139-98b13be443bc" executionId="d7cc2ae3-35ea-4aa6-b3a1-b649a269a870" testListId="8c84fa94-04c1-424b-9868-57a2d4851a1d" />
    <TestEntry testId="bfb47944-fa36-d44a-15a4-e3d55cf32730" executionId="3972ec2c-5966-41b4-b88c-895e9b7aabeb" testListId="8c84fa94-04c1-424b-9868-57a2d4851a1d" />
    <TestEntry testId="7114b87c-2ea2-58f8-bdef-298175ac62c7" executionId="8b5b12b9-2659-4bdc-97d4-60c11c272067" testListId="8c84fa94-04c1-424b-9868-57a2d4851a1d" />
    <TestEntry testId="d3c189e9-928d-1b4e-aa79-7300f3755464" executionId="12e1f024-fb46-40d8-bb87-c61e08f6bca9" testListId="8c84fa94-04c1-424b-9868-57a2d4851a1d" />
    <TestEntry testId="5c63a3db-dbc8-3c9c-ccde-6b5f5f4ee7bb" executionId="faff1ba2-ba5c-40df-acc9-d7aa1481e742" testListId="8c84fa94-04c1-424b-9868-57a2d4851a1d" />
    <TestEntry testId="8edeb92c-ea17-513f-fda7-347349321687" executionId="3d82a72d-7fb4-4830-bb0a-5feadb384ea7" testListId="8c84fa94-04c1-424b-9868-57a2d4851a1d" />
    <TestEntry testId="7f498f6f-f594-030d-2e70-5b17371c54d2" executionId="01c42d97-842a-4071-805c-4ce821d7b187" testListId="8c84fa94-04c1-424b-9868-57a2d4851a1d" />
    <TestEntry testId="bf96a341-0a4c-79de-d4ba-12952e49455f" executionId="8cecbb0b-ab9e-4756-80f4-d43a8eaffb51" testListId="8c84fa94-04c1-424b-9868-57a2d4851a1d" />
    <TestEntry testId="af4b07eb-2347-7399-b703-43e446788f15" executionId="a70a9701-5d4d-457a-82d1-0a193b943874" testListId="8c84fa94-04c1-424b-9868-57a2d4851a1d" />
    <TestEntry testId="e887ce39-2c36-a9c4-9d9c-2b7679d18c86" executionId="4f0b40bf-2652-4b52-b54a-4ad7adb25a5d" testListId="8c84fa94-04c1-424b-9868-57a2d4851a1d" />
    <TestEntry testId="f6372865-d9c8-4289-5cec-b43fa6687953" executionId="7b247eb6-b4fb-45dc-a109-3c6dd95b6cbf" testListId="8c84fa94-04c1-424b-9868-57a2d4851a1d" />
    <TestEntry testId="ec5a4b8a-1cca-97b3-b128-34e7a4093f24" executionId="dff67883-1d89-4b83-be91-b1d938c546de" testListId="8c84fa94-04c1-424b-9868-57a2d4851a1d" />
    <TestEntry testId="dcd5d742-33b8-5801-e690-9b65d236f877" executionId="ed7be018-b41c-450f-b044-67a447a17bed" testListId="8c84fa94-04c1-424b-9868-57a2d4851a1d" />
    <TestEntry testId="b0a0052d-1b07-165e-bd38-7975acab8b15" executionId="f9159f75-33da-49e2-8943-e89b19e46ba8" testListId="8c84fa94-04c1-424b-9868-57a2d4851a1d" />
    <TestEntry testId="1ea65b0d-b398-385a-f66f-a43b6ed64fb9" executionId="29f90f9c-da9e-4f82-b7c6-7cf629059c2e" testListId="8c84fa94-04c1-424b-9868-57a2d4851a1d" />
    <TestEntry testId="6a9ecbc5-eb35-bf3c-d514-dc11226c7917" executionId="604648ff-c662-4d4d-8f4b-3ec2e47466f2" testListId="8c84fa94-04c1-424b-9868-57a2d4851a1d" />
    <TestEntry testId="7bde16c2-a8aa-ac94-7695-421ef1bfa1ec" executionId="9b589337-db6b-445c-98af-76a7e8a41051" testListId="8c84fa94-04c1-424b-9868-57a2d4851a1d" />
    <TestEntry testId="3ccc0502-1d50-8afd-be51-b899ba9a5e4a" executionId="4f5dd219-0818-4fb6-a301-8986a6429ea3" testListId="8c84fa94-04c1-424b-9868-57a2d4851a1d" />
    <TestEntry testId="ef854d9e-7497-1a51-8f1e-3bc5d6cba61d" executionId="bfc47c6f-dd25-4e69-acf4-c65493f7171b" testListId="8c84fa94-04c1-424b-9868-57a2d4851a1d" />
    <TestEntry testId="6b68dd7f-6014-f702-46d6-476f0a7747fc" executionId="56faa027-dd48-4b13-8581-64114ccac2a4" testListId="8c84fa94-04c1-424b-9868-57a2d4851a1d" />
    <TestEntry testId="791931f2-17f4-708a-8980-095585722f89" executionId="ac6e2782-2b16-4cbe-922d-2bf6785e77d6" testListId="8c84fa94-04c1-424b-9868-57a2d4851a1d" />
    <TestEntry testId="7830a678-094c-4fb6-c4ab-4d7dcb5513ac" executionId="d73e4dfe-ca08-4a67-a378-c806afe77c10" testListId="8c84fa94-04c1-424b-9868-57a2d4851a1d" />
    <TestEntry testId="2743d772-bdf9-7dbc-b727-c3b82018ccc9" executionId="90e5ca2b-cb82-4459-9cbc-59341529cb65" testListId="8c84fa94-04c1-424b-9868-57a2d4851a1d" />
    <TestEntry testId="2ec39f4d-bbcc-8117-c9ae-2e50dc47fb17" executionId="63babcd0-1194-46cb-aaf2-dc12773df6a1" testListId="8c84fa94-04c1-424b-9868-57a2d4851a1d" />
    <TestEntry testId="10bc0bb7-7517-9d54-0ce8-aab9fe2eafea" executionId="b78dc17e-1460-4cb9-9ffc-8c1150997001" testListId="8c84fa94-04c1-424b-9868-57a2d4851a1d" />
    <TestEntry testId="3ca41836-d049-33e5-dbb2-a3199b8a1e61" executionId="441aeca2-0749-4a3f-8d2a-4d5ff7720a9b" testListId="8c84fa94-04c1-424b-9868-57a2d4851a1d" />
    <TestEntry testId="1d9ac3a6-667f-f7ac-25ce-ffe46e8f2d41" executionId="4c6a47ef-8572-4648-b48d-7bfcb82183f5" testListId="8c84fa94-04c1-424b-9868-57a2d4851a1d" />
    <TestEntry testId="c95909ba-b8a5-b6eb-3983-8f5b5fbe3ad0" executionId="687b7625-7bdf-45b6-9916-4270397d5847" testListId="8c84fa94-04c1-424b-9868-57a2d4851a1d" />
    <TestEntry testId="0a023647-1eb1-6a36-1be0-9922279f70ee" executionId="079127e4-15b4-4922-b516-6e2e82943d0e" testListId="8c84fa94-04c1-424b-9868-57a2d4851a1d" />
    <TestEntry testId="78fec4ea-4d9d-1513-cdcd-e25d5d58ee1b" executionId="72281915-6804-433f-94e5-80c1e251bd31" testListId="8c84fa94-04c1-424b-9868-57a2d4851a1d" />
    <TestEntry testId="c7aa2af8-4d9b-8f4b-c4a9-e3163d8944b3" executionId="302182cf-10e3-4801-b6f2-9e825e28d4c0" testListId="8c84fa94-04c1-424b-9868-57a2d4851a1d" />
    <TestEntry testId="02a5b9cb-f5b9-76f0-7daf-cf9534006dae" executionId="cb36969e-5f8f-44e3-bade-6b5bc89cdcb3" testListId="8c84fa94-04c1-424b-9868-57a2d4851a1d" />
    <TestEntry testId="e488f37d-cc69-ae8e-7361-7fe016c237c4" executionId="bd2fc2d4-2ed6-4be7-a420-1880885c36c7" testListId="8c84fa94-04c1-424b-9868-57a2d4851a1d" />
    <TestEntry testId="7122fa79-2b6a-8275-44fc-5246ea9fe953" executionId="549d6126-306b-43b1-8355-7a4a5c1364fc" testListId="8c84fa94-04c1-424b-9868-57a2d4851a1d" />
    <TestEntry testId="1caf2f54-cbb3-0c68-2ed2-4b42d23c0fb2" executionId="b29c9183-6dd5-47f2-ade3-ff7646e91fb5" testListId="8c84fa94-04c1-424b-9868-57a2d4851a1d" />
    <TestEntry testId="16bb9ef5-e6bb-5a58-4a56-ac63c85ebe23" executionId="1f565c61-0bf9-4784-878c-4f5fcb1b7c37" testListId="8c84fa94-04c1-424b-9868-57a2d4851a1d" />
    <TestEntry testId="712ab65e-f627-2cb9-353a-9e6b7c24b7d3" executionId="c35cd227-f490-48a6-a0f0-efac4c69e093" testListId="8c84fa94-04c1-424b-9868-57a2d4851a1d" />
    <TestEntry testId="9ff8a724-941c-b317-d1f8-90286ffbed56" executionId="cace90e8-525e-47a8-bb09-f4e0446dbf48" testListId="8c84fa94-04c1-424b-9868-57a2d4851a1d" />
    <TestEntry testId="bbccaf2a-a024-8d50-b370-5259e1b14d5d" executionId="2f993812-8242-44b3-be8a-868d61c33f9a" testListId="8c84fa94-04c1-424b-9868-57a2d4851a1d" />
    <TestEntry testId="ecfd498e-77f2-4d62-0d92-16127dec5c03" executionId="f5688fa6-4d5a-44d4-9afb-875f3ac7bb98" testListId="8c84fa94-04c1-424b-9868-57a2d4851a1d" />
    <TestEntry testId="4a7683d2-e725-b11b-0241-f21c7a0cd57e" executionId="ff2d64eb-d362-47d3-89b1-25e7c7e31ffa" testListId="8c84fa94-04c1-424b-9868-57a2d4851a1d" />
    <TestEntry testId="aa4557ce-12f3-7b1a-4e1b-e1dda612087d" executionId="7096c1f0-a596-4739-84ae-bbe47ae54bd6" testListId="8c84fa94-04c1-424b-9868-57a2d4851a1d" />
    <TestEntry testId="187f3367-7e1c-e9b0-f609-2c152147b561" executionId="44147617-1e68-4be1-b065-ea42b3d334db" testListId="8c84fa94-04c1-424b-9868-57a2d4851a1d" />
    <TestEntry testId="2e9e8f1b-9ac4-4dea-d47c-c1b86571cd1f" executionId="e4d45bb7-0f5e-4965-966e-bf4c09e78a66" testListId="8c84fa94-04c1-424b-9868-57a2d4851a1d" />
    <TestEntry testId="0f40c776-3d55-f470-0615-3fd67c0a7b6d" executionId="20e3f58f-5b6d-4ab4-9ece-5e1796b8c233" testListId="8c84fa94-04c1-424b-9868-57a2d4851a1d" />
    <TestEntry testId="9300d2d9-8ef9-f29e-ea79-30e50abe0cd5" executionId="14fa887a-253e-486b-9e21-9f9e3b0633f0" testListId="8c84fa94-04c1-424b-9868-57a2d4851a1d" />
    <TestEntry testId="ad8a0e8e-4ed2-def0-e3e4-2b702f9c2f42" executionId="d0c123e4-263d-4a89-b8ec-0087c57b05d5" testListId="8c84fa94-04c1-424b-9868-57a2d4851a1d" />
    <TestEntry testId="e00cc53c-1424-ebcf-a1d3-d7642e290f2a" executionId="e2bc5aad-89fc-4a48-b921-6e57f7c2bc58" testListId="8c84fa94-04c1-424b-9868-57a2d4851a1d" />
    <TestEntry testId="aadc25b3-6ed2-17df-1bdc-cfab17a5b2f8" executionId="9c09d50f-3d96-446a-9eca-a8b6964fd6af" testListId="8c84fa94-04c1-424b-9868-57a2d4851a1d" />
    <TestEntry testId="168081b7-dfaf-8280-f5ff-90cf7a6aefe7" executionId="7604fd25-b66c-4f1d-bee4-075fc82f0d53" testListId="8c84fa94-04c1-424b-9868-57a2d4851a1d" />
    <TestEntry testId="4cad3970-99aa-43d5-c21b-3892f0264eba" executionId="53a86f5e-3503-4619-96b4-2b53039fe010" testListId="8c84fa94-04c1-424b-9868-57a2d4851a1d" />
    <TestEntry testId="ae9192b0-4adc-dc6d-cb90-ad6c08ca81ae" executionId="8eb2ce85-d58b-4a0e-b447-996ecf51e711" testListId="8c84fa94-04c1-424b-9868-57a2d4851a1d" />
    <TestEntry testId="86c86385-7b3d-32a0-e66f-6388674b895b" executionId="db4840f2-8bd1-49ae-9831-70f298f05864" testListId="8c84fa94-04c1-424b-9868-57a2d4851a1d" />
    <TestEntry testId="d9a23cb0-391f-ae8e-ae40-1f7f7f2b244f" executionId="deb2f92a-7a34-422a-91e5-946b6b814b2c" testListId="8c84fa94-04c1-424b-9868-57a2d4851a1d" />
    <TestEntry testId="c73f4bf6-1043-9639-285a-c88944b9e6c2" executionId="bbe6a40c-4789-40c6-bf19-8a1ac3389b47" testListId="8c84fa94-04c1-424b-9868-57a2d4851a1d" />
    <TestEntry testId="bd63e7e7-f98b-767e-a61c-d2d1b3a13719" executionId="98aac5ce-3824-4868-93ea-48b3595a0cad" testListId="8c84fa94-04c1-424b-9868-57a2d4851a1d" />
    <TestEntry testId="66239d39-0397-bc96-d0be-6c1ef4eb5e3b" executionId="52631cda-b920-4187-a8ca-a20cc098ca46" testListId="8c84fa94-04c1-424b-9868-57a2d4851a1d" />
    <TestEntry testId="fa28a68b-2ab1-a8b9-a583-9b3c3b07c455" executionId="a3029ae3-7a13-40e8-b11d-5e9d86b5d7b3" testListId="8c84fa94-04c1-424b-9868-57a2d4851a1d" />
    <TestEntry testId="89f3a8fb-002c-e2ed-9534-cde7c2bc6d1e" executionId="18a0b497-9ae3-4f23-8fba-792ea3a1ab5f" testListId="8c84fa94-04c1-424b-9868-57a2d4851a1d" />
    <TestEntry testId="2f2bbe19-c803-aab7-dcd0-3f07a52d0c89" executionId="c2827dc0-44ae-4457-8058-4186da83e712" testListId="8c84fa94-04c1-424b-9868-57a2d4851a1d" />
    <TestEntry testId="e2421e9d-690a-4eed-a1c0-cc223ea3b4b4" executionId="2edc2a84-59a9-40f0-89de-c9cbe81bbc62" testListId="8c84fa94-04c1-424b-9868-57a2d4851a1d" />
    <TestEntry testId="9128f667-83d9-2457-89d5-79073cfd2901" executionId="27d9bb3d-6d10-491f-9b25-1d3aa97850de" testListId="8c84fa94-04c1-424b-9868-57a2d4851a1d" />
    <TestEntry testId="453010f9-083d-e581-7520-83bab51a4913" executionId="0a5d9ef9-5a56-49ed-ab62-fe876631dc69" testListId="8c84fa94-04c1-424b-9868-57a2d4851a1d" />
    <TestEntry testId="ff85445b-d9f3-ab2f-0927-03322c26be24" executionId="ffff51cd-75f0-40ed-86f0-1c090b9495bf" testListId="8c84fa94-04c1-424b-9868-57a2d4851a1d" />
    <TestEntry testId="16facd86-cc16-87ee-f179-325a69190f36" executionId="8de9c218-5269-4004-a39d-8bd0853538eb" testListId="8c84fa94-04c1-424b-9868-57a2d4851a1d" />
    <TestEntry testId="a0c89a68-d88c-3e9c-4d2f-f8fc2cd820c8" executionId="e27c05d9-b442-426b-b71b-1baea40d78e5" testListId="8c84fa94-04c1-424b-9868-57a2d4851a1d" />
    <TestEntry testId="1940fae1-bb49-a213-e232-08910b7837e2" executionId="089dabbe-ffff-44b1-a26d-9f8de42d7bc6" testListId="8c84fa94-04c1-424b-9868-57a2d4851a1d" />
    <TestEntry testId="35cc3a22-91c2-c067-b156-9ed8cbf45264" executionId="c36d7dde-e89f-44f7-8d80-e096e1e635a8" testListId="8c84fa94-04c1-424b-9868-57a2d4851a1d" />
    <TestEntry testId="c0371f0d-9782-e497-a6f5-858d6a867346" executionId="7523b1b9-365b-4663-abfd-4c889a39ea21" testListId="8c84fa94-04c1-424b-9868-57a2d4851a1d" />
    <TestEntry testId="ae1dee2f-f27d-e095-fbe0-53d7fd382d8a" executionId="1fca622b-e1fd-4aba-b3c6-62bc2a73abc6" testListId="8c84fa94-04c1-424b-9868-57a2d4851a1d" />
    <TestEntry testId="5b33ef56-1b9f-bb20-8301-9deb3e3a1a71" executionId="a6c08af6-e4e4-48cc-8988-88201cc3c66f" testListId="8c84fa94-04c1-424b-9868-57a2d4851a1d" />
    <TestEntry testId="c4b45d48-e44f-93f0-2696-c72257633edf" executionId="d6b158b9-7344-44d3-b313-969e75e1e987" testListId="8c84fa94-04c1-424b-9868-57a2d4851a1d" />
    <TestEntry testId="b48a4391-0113-65a8-8e63-4af5920c7401" executionId="33083807-0ba4-42e8-b75f-f3e91dadc140" testListId="8c84fa94-04c1-424b-9868-57a2d4851a1d" />
    <TestEntry testId="66fdb966-3788-cac3-3411-03c09c588ce6" executionId="717dcad2-306b-477e-8ed5-c860fb6ba12c" testListId="8c84fa94-04c1-424b-9868-57a2d4851a1d" />
    <TestEntry testId="63be9548-a798-c1db-5598-7f2ed6ad0c41" executionId="4765c16c-024f-474b-90c7-57773faed888" testListId="8c84fa94-04c1-424b-9868-57a2d4851a1d" />
    <TestEntry testId="e9651d59-0127-8338-2c42-a72bb5506fea" executionId="23a278da-b262-4588-80c4-32b0e02cb10e" testListId="8c84fa94-04c1-424b-9868-57a2d4851a1d" />
    <TestEntry testId="66f72b90-fa4b-85b4-cfba-8277a3314355" executionId="63fc95b6-f0bb-462a-9cff-319504873122" testListId="8c84fa94-04c1-424b-9868-57a2d4851a1d" />
    <TestEntry testId="e685dbec-ea9e-1d8f-fab1-4a495e9eb6c8" executionId="9ab9c66f-7b40-4742-8011-92bc28be652a" testListId="8c84fa94-04c1-424b-9868-57a2d4851a1d" />
    <TestEntry testId="4cdee75e-0dd3-7373-f5a7-87cc63b1ee78" executionId="a9b86404-d9de-4335-9830-9855c3649f40" testListId="8c84fa94-04c1-424b-9868-57a2d4851a1d" />
    <TestEntry testId="8a46a0af-b2ab-8291-0369-2fb3e556911e" executionId="68ff0326-8506-43f0-947c-e992df8c148e" testListId="8c84fa94-04c1-424b-9868-57a2d4851a1d" />
    <TestEntry testId="84819791-d70f-6b36-b33d-5e4231f66268" executionId="a485e100-e1e5-4a39-95a8-c40b33b963f1" testListId="8c84fa94-04c1-424b-9868-57a2d4851a1d" />
    <TestEntry testId="b6d33d96-f458-ea9f-b67d-6675b2956705" executionId="42628698-2a2a-4981-8f95-41d01138c841" testListId="8c84fa94-04c1-424b-9868-57a2d4851a1d" />
    <TestEntry testId="033813b4-a754-1ef3-50d2-63efe12973a3" executionId="1346e76a-37db-4b5a-84b9-d158699b6068" testListId="8c84fa94-04c1-424b-9868-57a2d4851a1d" />
    <TestEntry testId="7cf5b80c-7787-3497-478a-00af70785011" executionId="3f573dd1-ac42-45b1-b42e-1b6fcdb7a58e" testListId="8c84fa94-04c1-424b-9868-57a2d4851a1d" />
    <TestEntry testId="bdc6221b-59ee-32e9-5a74-00061affbe64" executionId="3c5a8d22-c507-495c-927d-4693302b354f" testListId="8c84fa94-04c1-424b-9868-57a2d4851a1d" />
    <TestEntry testId="c15b42d8-5963-c9e3-74fc-723596effa80" executionId="20e0b678-a386-4356-9919-76df2723e7a0" testListId="8c84fa94-04c1-424b-9868-57a2d4851a1d" />
    <TestEntry testId="343fa799-969c-d4e4-1891-94ac4208effa" executionId="bdbc25ae-8c64-406a-91f0-088a2e82e2df" testListId="8c84fa94-04c1-424b-9868-57a2d4851a1d" />
    <TestEntry testId="1c4a2d7e-4de3-6a46-b6fa-87de34810b30" executionId="96f80bdc-2c1f-402e-9231-fa01195d316c" testListId="8c84fa94-04c1-424b-9868-57a2d4851a1d" />
    <TestEntry testId="b2194e98-4b49-6cbf-9e6c-77560dabef48" executionId="7f9adab7-c179-4f7b-91b4-ce69bc6c6a4a" testListId="8c84fa94-04c1-424b-9868-57a2d4851a1d" />
    <TestEntry testId="2bcbc063-bc5f-837b-d50c-4eb0b9c34393" executionId="ae31c5c5-bf8f-4dfb-92a3-9cbf8b69a920" testListId="8c84fa94-04c1-424b-9868-57a2d4851a1d" />
    <TestEntry testId="1ca74c55-da25-88a7-dfd1-c77d38efc4e1" executionId="b0a80bcb-1cdb-4cfb-bc74-da01d6765488" testListId="8c84fa94-04c1-424b-9868-57a2d4851a1d" />
    <TestEntry testId="5c335e5f-93f5-c9d0-64c0-5beef7f8fd4a" executionId="da2f1397-4222-4da7-a247-90e50cde0c0c" testListId="8c84fa94-04c1-424b-9868-57a2d4851a1d" />
    <TestEntry testId="b354fde1-6715-78bd-f814-b047d6e81884" executionId="f11aef0a-81f5-44ee-9880-7a74e4bf9148" testListId="8c84fa94-04c1-424b-9868-57a2d4851a1d" />
    <TestEntry testId="907aed55-b25f-d314-70f0-865354338480" executionId="17422985-ef15-4dd6-bf51-a3330f184611" testListId="8c84fa94-04c1-424b-9868-57a2d4851a1d" />
    <TestEntry testId="322e6517-7ec2-7ffd-955e-3ebdc27f4431" executionId="cd16774d-d73e-4a13-98a9-79de9c2cfc96" testListId="8c84fa94-04c1-424b-9868-57a2d4851a1d" />
    <TestEntry testId="a1ed701c-0f7b-d204-a279-f4de922a4ad0" executionId="e970545f-70a7-4235-b142-af807e3e6af6" testListId="8c84fa94-04c1-424b-9868-57a2d4851a1d" />
    <TestEntry testId="5611e97f-9ff8-7860-2915-36c47efa8ed0" executionId="5750dd9c-e1a0-4434-8cbe-310267a444a0" testListId="8c84fa94-04c1-424b-9868-57a2d4851a1d" />
    <TestEntry testId="e3f89e45-6545-34f7-524c-71d0020648e7" executionId="47063f7c-6661-45b1-a097-efaac6ca9f76" testListId="8c84fa94-04c1-424b-9868-57a2d4851a1d" />
    <TestEntry testId="b67a3bb8-0334-c673-ad96-4a599893c3f5" executionId="86adf671-faeb-4c4e-b4e8-49acccc21759" testListId="8c84fa94-04c1-424b-9868-57a2d4851a1d" />
    <TestEntry testId="f587db5a-a4ec-3799-4697-47d982efa842" executionId="f63d3cb1-511f-4336-9128-78156f6346bf" testListId="8c84fa94-04c1-424b-9868-57a2d4851a1d" />
    <TestEntry testId="a94b8820-40ee-a60e-ac2a-535c2f9cbed1" executionId="c59e0555-e580-4764-932b-2999e3bd2c08" testListId="8c84fa94-04c1-424b-9868-57a2d4851a1d" />
    <TestEntry testId="aa5eedf9-2f05-ebac-168e-14bd231f1ab6" executionId="241c469e-6dcd-4c4b-9a37-a1987fe418e8" testListId="8c84fa94-04c1-424b-9868-57a2d4851a1d" />
    <TestEntry testId="24c28ae0-42a2-1483-1f66-8e0d71d05aa2" executionId="32be6497-936b-4447-b770-57d2c8925c51" testListId="8c84fa94-04c1-424b-9868-57a2d4851a1d" />
    <TestEntry testId="1598bccf-3cd5-7f49-37c9-3d5c9df1d2c7" executionId="9c319297-01c9-4d31-9f08-e0fb97a9f2da" testListId="8c84fa94-04c1-424b-9868-57a2d4851a1d" />
    <TestEntry testId="d068813a-6dce-ff8f-0481-cc1ef7681d8c" executionId="af9fc2bf-ba9d-4206-9daf-5a675ed23582" testListId="8c84fa94-04c1-424b-9868-57a2d4851a1d" />
    <TestEntry testId="5d13ca4c-24de-3f07-3593-25135af7d5a1" executionId="3f2ecfd3-173f-4d71-92a3-05c078729ac1" testListId="8c84fa94-04c1-424b-9868-57a2d4851a1d" />
    <TestEntry testId="7af24146-e5a8-86b3-ab8a-5aa61ab2bd97" executionId="411c9efb-e872-4936-b07b-10165da4067c" testListId="8c84fa94-04c1-424b-9868-57a2d4851a1d" />
    <TestEntry testId="fb5169b5-1399-1031-e3e9-c5faaf2539ca" executionId="68d23def-857c-4826-ad63-c8cc232cd49f" testListId="8c84fa94-04c1-424b-9868-57a2d4851a1d" />
    <TestEntry testId="a819b3e1-92ea-389b-4620-18e3d9c7fc8c" executionId="131d2caf-945b-481d-800b-fbb9291e7cf7" testListId="8c84fa94-04c1-424b-9868-57a2d4851a1d" />
    <TestEntry testId="c81a04e8-dba2-a7a1-f0f8-1b0ecb0846e0" executionId="d4430efa-3f8d-4d2c-9693-98e446c660b1" testListId="8c84fa94-04c1-424b-9868-57a2d4851a1d" />
    <TestEntry testId="48b6882f-3105-8982-1074-ac56a7123803" executionId="03675eb2-bcb4-413c-9d89-3ae45a8b32c4" testListId="8c84fa94-04c1-424b-9868-57a2d4851a1d" />
    <TestEntry testId="58ef9119-fb56-1f7c-559b-91aa082aaf9a" executionId="7ad092af-0a39-4df2-bda2-9afe0e97e468" testListId="8c84fa94-04c1-424b-9868-57a2d4851a1d" />
    <TestEntry testId="d7c3c857-6396-1a5d-28a3-3ec8e5e81429" executionId="c2448d66-3758-4c8d-9a47-624f03b0ef8b" testListId="8c84fa94-04c1-424b-9868-57a2d4851a1d" />
    <TestEntry testId="ea2f8b81-c945-9cff-3b15-e7df85011f00" executionId="909be9ef-d657-4944-98e2-63ed712ccab8" testListId="8c84fa94-04c1-424b-9868-57a2d4851a1d" />
    <TestEntry testId="0d369182-15fc-7ef4-0d77-3150ce55cb22" executionId="e82b41a4-9e1f-459d-ae1c-88daa8dc555c" testListId="8c84fa94-04c1-424b-9868-57a2d4851a1d" />
    <TestEntry testId="f86b134b-ea24-d0c8-b723-d68912d81e2e" executionId="12ec6d82-78ed-489b-8502-a821b844feaa" testListId="8c84fa94-04c1-424b-9868-57a2d4851a1d" />
    <TestEntry testId="f3ba5f69-e4d5-9cfb-23ec-bd8c6a184d3f" executionId="62a74797-9342-4280-8126-975d60ee8e93" testListId="8c84fa94-04c1-424b-9868-57a2d4851a1d" />
    <TestEntry testId="3b6d08f9-5029-37d9-f42a-f0ea07c474f7" executionId="103a1c25-acc1-4fee-a237-19702cc67126" testListId="8c84fa94-04c1-424b-9868-57a2d4851a1d" />
    <TestEntry testId="400fa34b-a9bc-37a7-3db4-f1035d9f0090" executionId="d8072280-8c23-438d-9faf-712c04b67746" testListId="8c84fa94-04c1-424b-9868-57a2d4851a1d" />
    <TestEntry testId="a8312e38-e603-e9bd-87f4-efc10cd8bf69" executionId="98ce508a-c806-402a-98eb-73e597dd51f6" testListId="8c84fa94-04c1-424b-9868-57a2d4851a1d" />
    <TestEntry testId="67bbe011-9aa1-6a9e-4b6c-9ecf26836336" executionId="4b54b3cb-aacc-4ad5-a4f7-50d07ef7ebcc" testListId="8c84fa94-04c1-424b-9868-57a2d4851a1d" />
    <TestEntry testId="5f1f5d8f-c82a-6b43-616b-cd8a71b58bd4" executionId="f08c0870-8c16-40ba-b6ea-7ff818df5022" testListId="8c84fa94-04c1-424b-9868-57a2d4851a1d" />
    <TestEntry testId="c129f8cf-0ce1-b296-d12b-30571836375d" executionId="5bbb8fc6-8791-4751-bdd9-05cc477bed6b" testListId="8c84fa94-04c1-424b-9868-57a2d4851a1d" />
    <TestEntry testId="d6057ee3-cece-35b4-fc36-25614edb23ef" executionId="4490e19f-3798-4c88-b6c0-0c2e692b0134" testListId="8c84fa94-04c1-424b-9868-57a2d4851a1d" />
    <TestEntry testId="8ef00733-f285-d14e-abaa-ef5cedfe1e44" executionId="da6d9030-77b0-436f-96b8-e502e20e9e49" testListId="8c84fa94-04c1-424b-9868-57a2d4851a1d" />
    <TestEntry testId="2c985baa-469f-8e87-8a84-ec5e4d04e376" executionId="6ff1c9cd-80d7-4ef4-81ed-0e309bdc27d8" testListId="8c84fa94-04c1-424b-9868-57a2d4851a1d" />
    <TestEntry testId="aef30e4b-b8af-58bd-aaba-222af2b2464a" executionId="a7dfc9c1-be42-4afa-aa66-a54a3d073272" testListId="8c84fa94-04c1-424b-9868-57a2d4851a1d" />
    <TestEntry testId="e90e52a2-b2b2-fe6e-9d4c-9175d54ebe2d" executionId="42f41d99-9de6-4f8e-89c4-78bfe3cad915" testListId="8c84fa94-04c1-424b-9868-57a2d4851a1d" />
    <TestEntry testId="f9cfaeb1-62e3-8bc4-ac87-016888c6f53a" executionId="448dc148-5726-4d30-9166-25737148bafc" testListId="8c84fa94-04c1-424b-9868-57a2d4851a1d" />
    <TestEntry testId="8e281afc-8461-3222-6e2d-dfc9c62c675b" executionId="abf3d1ce-76d1-41dd-a72a-42d2fc30a860" testListId="8c84fa94-04c1-424b-9868-57a2d4851a1d" />
    <TestEntry testId="d22db10b-d669-57e1-bd0a-98ed466033c9" executionId="c374505c-ae8e-432a-9f85-cb89058618f5" testListId="8c84fa94-04c1-424b-9868-57a2d4851a1d" />
    <TestEntry testId="7abede03-6b88-57b5-4043-733935ee99a7" executionId="854703d7-09e3-4c43-9114-2ad7f45560a0" testListId="8c84fa94-04c1-424b-9868-57a2d4851a1d" />
    <TestEntry testId="0f6ac1c5-fe24-b496-47b5-a574be439f03" executionId="15366913-d828-4c9f-ae4b-5fa357f949ba" testListId="8c84fa94-04c1-424b-9868-57a2d4851a1d" />
    <TestEntry testId="a7393598-a776-b0d1-5567-a67b247cc419" executionId="cf8412d4-3636-403d-ac6f-79468e629e43" testListId="8c84fa94-04c1-424b-9868-57a2d4851a1d" />
    <TestEntry testId="a6b8a1f6-4f1c-b25d-1ee2-ee159da13b41" executionId="62237f00-0044-4943-9518-a7539bce695a" testListId="8c84fa94-04c1-424b-9868-57a2d4851a1d" />
    <TestEntry testId="e82e0960-a6ed-a6a5-2895-3dc110b651f8" executionId="df3d5fd0-a18e-4e8c-a8d2-c953ec7db862" testListId="8c84fa94-04c1-424b-9868-57a2d4851a1d" />
    <TestEntry testId="968c3619-ab26-0eaa-7933-ce4882b09c23" executionId="88058b22-577e-4070-b69c-38d73b84d054" testListId="8c84fa94-04c1-424b-9868-57a2d4851a1d" />
    <TestEntry testId="b14652fd-e243-b277-1110-583f537ee9d7" executionId="6f7cca40-90f3-4244-8617-38c88e98764f" testListId="8c84fa94-04c1-424b-9868-57a2d4851a1d" />
    <TestEntry testId="43c612ef-ff1d-12ff-d8f2-56eb074af166" executionId="5571e186-20ab-4ba8-8b11-10836a7c1e4a" testListId="8c84fa94-04c1-424b-9868-57a2d4851a1d" />
    <TestEntry testId="ff8c4033-319b-4112-dc34-449ef61831c4" executionId="a0d27257-570f-4cec-a15d-b4d609cb8149" testListId="8c84fa94-04c1-424b-9868-57a2d4851a1d" />
    <TestEntry testId="5611e0c0-77aa-c635-5767-e62f7ffc56be" executionId="a04acad4-9dd4-4b2e-b0e5-05c0ee594a94" testListId="8c84fa94-04c1-424b-9868-57a2d4851a1d" />
    <TestEntry testId="e2b3f1cd-bbde-26a7-1602-8b66efad3d14" executionId="40869394-42f7-4218-8734-9c27bd913830" testListId="8c84fa94-04c1-424b-9868-57a2d4851a1d" />
    <TestEntry testId="fa9dea81-217c-3b79-4f93-802e56a309d0" executionId="f8c904bd-39ba-4b9a-9fb9-eaae29292875" testListId="8c84fa94-04c1-424b-9868-57a2d4851a1d" />
    <TestEntry testId="b3b85caa-6257-cc60-b620-5aba1b7a4b64" executionId="7aee779d-a236-4bca-8b26-3f1787f83b6a" testListId="8c84fa94-04c1-424b-9868-57a2d4851a1d" />
    <TestEntry testId="61e12e0c-54f9-50ed-2f32-53c5afd12703" executionId="02f897de-2f99-4f39-ab77-194616669b2c" testListId="8c84fa94-04c1-424b-9868-57a2d4851a1d" />
    <TestEntry testId="80d57b37-221c-07f5-0685-11a51bef4f5d" executionId="88986312-42ec-4c5d-a4d2-3666ec96cd06" testListId="8c84fa94-04c1-424b-9868-57a2d4851a1d" />
    <TestEntry testId="f9aeedc5-6f1e-c282-f50e-ba86446ad6cc" executionId="fa5694b1-1cc1-404a-b76a-b0fd33a6fd19" testListId="8c84fa94-04c1-424b-9868-57a2d4851a1d" />
    <TestEntry testId="6a987020-3266-ae2f-baf5-5575f9997194" executionId="3b0be900-f615-418d-97bc-3a46a2acd762" testListId="8c84fa94-04c1-424b-9868-57a2d4851a1d" />
    <TestEntry testId="2df73a10-d861-7c6b-9d93-f115cd4ccedf" executionId="4677ccec-0b66-4077-8965-9ca7cf025d1b" testListId="8c84fa94-04c1-424b-9868-57a2d4851a1d" />
    <TestEntry testId="4646ba6a-d777-33b6-14cb-765aa229eabd" executionId="517eab22-5b0f-4a72-a7bd-4bb83e2035f0" testListId="8c84fa94-04c1-424b-9868-57a2d4851a1d" />
    <TestEntry testId="5d5a2f0d-6a3d-c979-8dcb-f1cd2f212d4c" executionId="6c05cf1e-ce5f-4093-bd62-68dd4ad19a4e" testListId="8c84fa94-04c1-424b-9868-57a2d4851a1d" />
    <TestEntry testId="a5251bd3-6e3f-341a-b4b4-0fcef25c6956" executionId="b5f1bb65-7b5b-4b43-a41d-3d5e94c9239d" testListId="8c84fa94-04c1-424b-9868-57a2d4851a1d" />
    <TestEntry testId="fcabcddf-bd06-3083-66df-04be36f95fac" executionId="c8c75271-644d-466b-9347-abadc694b4bd" testListId="8c84fa94-04c1-424b-9868-57a2d4851a1d" />
    <TestEntry testId="412b966d-dcfa-73d7-82b8-e8e0936f4c71" executionId="5c0e5b13-0cab-4e7e-8e33-1a29c2b5a0a5" testListId="8c84fa94-04c1-424b-9868-57a2d4851a1d" />
    <TestEntry testId="9a17672d-43e8-7bd7-0c59-b4e7ebe67bf6" executionId="05182a43-f8a6-43c9-8d49-f3e676f576d1" testListId="8c84fa94-04c1-424b-9868-57a2d4851a1d" />
    <TestEntry testId="103bb4cc-d52a-b97c-f003-7a4eb0c87735" executionId="f30b5d7c-a2ef-4a35-ab50-00d68360691b" testListId="8c84fa94-04c1-424b-9868-57a2d4851a1d" />
    <TestEntry testId="1d9546da-843d-c1bc-e324-b1f9a4e8a89e" executionId="63281118-374a-441e-8b7c-faa251cb09e8" testListId="8c84fa94-04c1-424b-9868-57a2d4851a1d" />
    <TestEntry testId="31a097c0-862d-1447-885e-d6b03a8d1cae" executionId="ab4cccd5-d573-41f5-b31a-2a9adc1c2101" testListId="8c84fa94-04c1-424b-9868-57a2d4851a1d" />
    <TestEntry testId="c518e9b8-24ed-ff6a-1c29-d9bf5a01fbc5" executionId="a4afad5d-368f-41b0-8e65-1c4e7adbcff3" testListId="8c84fa94-04c1-424b-9868-57a2d4851a1d" />
    <TestEntry testId="d71bea9d-2470-3966-6db6-9277bac6f98a" executionId="ba39cca7-b8d2-470d-98db-8ca83809f955" testListId="8c84fa94-04c1-424b-9868-57a2d4851a1d" />
    <TestEntry testId="444de1b7-62ff-0628-49b8-eb0ec8b786b6" executionId="8482d8c6-36a7-4087-8dfc-eef58d69eacd" testListId="8c84fa94-04c1-424b-9868-57a2d4851a1d" />
    <TestEntry testId="8faed918-8420-99f4-d883-89cc912ebc6e" executionId="12f0877c-3cfb-442c-a458-605f95dd4252" testListId="8c84fa94-04c1-424b-9868-57a2d4851a1d" />
    <TestEntry testId="255e2877-d627-a881-bee6-cb2db947470a" executionId="9fade33f-4492-4ac0-acd8-5f85ec41db77" testListId="8c84fa94-04c1-424b-9868-57a2d4851a1d" />
    <TestEntry testId="b07d4e50-4f7c-eeca-b69b-0d7a117aab89" executionId="041f60b7-a720-4892-bd1f-da4cce8ad968" testListId="8c84fa94-04c1-424b-9868-57a2d4851a1d" />
    <TestEntry testId="df284a63-9db0-acef-49d5-8eb8a3fad6ec" executionId="1e0a9967-0351-4b53-89b3-63b679ffdb81" testListId="8c84fa94-04c1-424b-9868-57a2d4851a1d" />
    <TestEntry testId="9b098da8-4431-e8c6-d62c-acd2e73c260d" executionId="1114b52c-3c28-4cfd-8db1-9751b4b5c7a8" testListId="8c84fa94-04c1-424b-9868-57a2d4851a1d" />
    <TestEntry testId="a7a576eb-de9f-bae2-83c5-750a7a8cd492" executionId="857921f6-5191-47f6-aa75-4d5d42fcf25d" testListId="8c84fa94-04c1-424b-9868-57a2d4851a1d" />
    <TestEntry testId="9d3795bd-255a-06d2-ee4f-5727d06ed76b" executionId="eff8099e-881f-48a0-ba43-2674315e0bf8" testListId="8c84fa94-04c1-424b-9868-57a2d4851a1d" />
    <TestEntry testId="ed338f2d-6163-5ab7-0b17-e58bf4d8689f" executionId="86f0eafb-3f09-42ce-88f1-d5d098cfbc78" testListId="8c84fa94-04c1-424b-9868-57a2d4851a1d" />
    <TestEntry testId="ed653d46-dba6-d05b-f4f9-70c8a73b8cfd" executionId="c3fbe1bd-26b6-40e1-96e5-23d46e2c6c47" testListId="8c84fa94-04c1-424b-9868-57a2d4851a1d" />
    <TestEntry testId="4c3580f9-0322-1d19-fe9f-7793a7f32b00" executionId="d7635910-0067-4ca3-95c7-69bd425e835a" testListId="8c84fa94-04c1-424b-9868-57a2d4851a1d" />
    <TestEntry testId="12bea8fb-fe15-a8a0-1a73-4a510c1df038" executionId="a55bbb10-9aba-43c2-afd8-7637bb0cb1b0" testListId="8c84fa94-04c1-424b-9868-57a2d4851a1d" />
    <TestEntry testId="22fb848f-0866-3d18-cd88-47d158881597" executionId="b0c23966-bc81-4c1a-9e06-07edc84ea926" testListId="8c84fa94-04c1-424b-9868-57a2d4851a1d" />
    <TestEntry testId="31e77c27-377e-97b8-e843-2b952debd77a" executionId="f91040d1-19cc-4b09-b6d3-016349eca5c7" testListId="8c84fa94-04c1-424b-9868-57a2d4851a1d" />
    <TestEntry testId="60979e05-9199-9277-ca11-f00087afe3b4" executionId="9df4c299-fcba-4762-b13b-503e5805d740" testListId="8c84fa94-04c1-424b-9868-57a2d4851a1d" />
    <TestEntry testId="1bbdae17-4b26-9db5-4525-117be88360d8" executionId="f28cc070-d9d2-473f-86c1-b98b223a5dd1" testListId="8c84fa94-04c1-424b-9868-57a2d4851a1d" />
    <TestEntry testId="76dbebf3-82dc-a4f4-ac0d-4cfebad16dc9" executionId="bfc578ec-2ab6-4506-acc9-064febb629ff" testListId="8c84fa94-04c1-424b-9868-57a2d4851a1d" />
    <TestEntry testId="4bf26df7-dd5c-8322-0ec9-d7a702f52a6d" executionId="56621fb5-6d51-422c-9ebb-baa655077c16" testListId="8c84fa94-04c1-424b-9868-57a2d4851a1d" />
    <TestEntry testId="7d09c064-1bbd-2e56-05c2-4b16baa1ee07" executionId="f09ef489-9a88-493a-9365-fe3474033cd0" testListId="8c84fa94-04c1-424b-9868-57a2d4851a1d" />
    <TestEntry testId="1d9b7e66-471c-ce20-b2a1-f30cbb1b8361" executionId="71352256-91d9-4c46-845d-d1377811fb58" testListId="8c84fa94-04c1-424b-9868-57a2d4851a1d" />
    <TestEntry testId="7843819f-d71b-db7f-6837-943ec7f802e9" executionId="ac3db45a-c0a1-49d0-ad73-cb28e9ac8a80" testListId="8c84fa94-04c1-424b-9868-57a2d4851a1d" />
    <TestEntry testId="08ee1196-a4f3-feac-aec6-d5f6617ed21f" executionId="b746ca41-261c-4de7-a5a6-0363ce8b0447" testListId="8c84fa94-04c1-424b-9868-57a2d4851a1d" />
    <TestEntry testId="e162d3ce-2e28-c913-6f3e-06a96fdee0b1" executionId="6d50058b-ec46-45eb-aa21-75ea7db535d7" testListId="8c84fa94-04c1-424b-9868-57a2d4851a1d" />
    <TestEntry testId="3ece845c-1929-bd43-7cd4-b4458ffce4ae" executionId="12c9e8c9-5824-493c-8b7f-f49c793f8857" testListId="8c84fa94-04c1-424b-9868-57a2d4851a1d" />
    <TestEntry testId="8e8c71aa-ddd4-6d44-19e0-2c551d3a34c3" executionId="841c8a6d-3fe6-429e-b393-048ebeb7ac1a" testListId="8c84fa94-04c1-424b-9868-57a2d4851a1d" />
    <TestEntry testId="042a4c32-5f48-c636-1a5b-79e92adda5be" executionId="721153f4-e274-424d-9e5c-bfa900b23122" testListId="8c84fa94-04c1-424b-9868-57a2d4851a1d" />
    <TestEntry testId="c823081b-8316-51bb-125c-fffdf64cb83d" executionId="0fadd0dd-e4ce-4adc-bf36-7659c67f8f43" testListId="8c84fa94-04c1-424b-9868-57a2d4851a1d" />
    <TestEntry testId="92e93edf-4e1f-a3a8-607c-b6475fce27f3" executionId="a547b22e-ae4a-4b1a-9634-4d20583ce496" testListId="8c84fa94-04c1-424b-9868-57a2d4851a1d" />
    <TestEntry testId="50c257b1-4b8f-4645-922e-15ac1a94ce60" executionId="2d15fb8d-5ddd-4d69-9de2-0b14816640ae" testListId="8c84fa94-04c1-424b-9868-57a2d4851a1d" />
    <TestEntry testId="a3452703-72bc-f063-ef46-f13f198784bd" executionId="cae115a5-fb7f-40be-ae0e-d4758158f4d6" testListId="8c84fa94-04c1-424b-9868-57a2d4851a1d" />
    <TestEntry testId="4019890c-082e-6962-f78d-562d6d6b2640" executionId="d38083b4-481f-42cf-b00f-b212c145f6e7" testListId="8c84fa94-04c1-424b-9868-57a2d4851a1d" />
    <TestEntry testId="2d4fa9da-d7b1-e923-95a4-523a770e94b6" executionId="306492a7-0b6e-4da9-9b40-5a86bf378b76" testListId="8c84fa94-04c1-424b-9868-57a2d4851a1d" />
    <TestEntry testId="18bfb618-c91a-b2ab-61c5-33d9d5c3ca34" executionId="f9f88ecf-9931-42b0-9a00-e26d980ccbdb" testListId="8c84fa94-04c1-424b-9868-57a2d4851a1d" />
    <TestEntry testId="3ba5c654-bb6b-0f21-be7b-13feed6af238" executionId="5196857b-d5c9-4b14-89e1-06acd359ed3a" testListId="8c84fa94-04c1-424b-9868-57a2d4851a1d" />
    <TestEntry testId="622b145c-5757-702e-d43b-7c07a0b180b4" executionId="4856d47c-2d41-4ce6-951e-303425d8a1c2" testListId="8c84fa94-04c1-424b-9868-57a2d4851a1d" />
    <TestEntry testId="1b7b143c-eff7-9dac-3a8f-8efa4ec86656" executionId="118f770e-9d92-40d8-9b9e-7acf28250e0c" testListId="8c84fa94-04c1-424b-9868-57a2d4851a1d" />
    <TestEntry testId="75fc7042-3595-a3a8-bd93-58a8553a4cc7" executionId="85589853-336c-4f39-8df2-672e231eca1a" testListId="8c84fa94-04c1-424b-9868-57a2d4851a1d" />
    <TestEntry testId="1dc9d2ba-0d31-adfb-9895-53042489006e" executionId="0f7457a8-5279-4606-91bd-54d2bc358948" testListId="8c84fa94-04c1-424b-9868-57a2d4851a1d" />
    <TestEntry testId="ff33139d-ff3d-a646-ebc8-b41ae01a99dd" executionId="a61fd18e-1cdc-4fc3-b94a-5c3cf090743f" testListId="8c84fa94-04c1-424b-9868-57a2d4851a1d" />
    <TestEntry testId="39f950ee-16f9-3ebf-ceca-2f5e9a5fd40a" executionId="9e8d3308-670a-4958-9216-1441ae1e8b06" testListId="8c84fa94-04c1-424b-9868-57a2d4851a1d" />
    <TestEntry testId="4d5cf9a2-e724-9139-aae1-98535b42ce7c" executionId="8206dceb-0b0f-4a64-ae89-cf5e77b0155e" testListId="8c84fa94-04c1-424b-9868-57a2d4851a1d" />
    <TestEntry testId="f9f47011-1703-1552-f8e3-d2b05125cba0" executionId="38223da0-9345-446c-93bd-3c9a27366d21" testListId="8c84fa94-04c1-424b-9868-57a2d4851a1d" />
    <TestEntry testId="e4557645-4264-2072-0d5b-1fd2cf7005ba" executionId="415412e4-e4f6-49c2-8328-0e41a1879f4e" testListId="8c84fa94-04c1-424b-9868-57a2d4851a1d" />
    <TestEntry testId="55a9d46f-da15-9848-b1aa-928835f4b929" executionId="c3299d3d-11ed-4d0d-9498-e3a7a0571e33" testListId="8c84fa94-04c1-424b-9868-57a2d4851a1d" />
    <TestEntry testId="72c74b53-fbb0-02c6-f6c5-48694810a42b" executionId="8dce13ef-cdb6-4eb1-8959-fb670c51d8a3" testListId="8c84fa94-04c1-424b-9868-57a2d4851a1d" />
    <TestEntry testId="57237b46-1946-1e53-bd5a-92a964ef4d28" executionId="4bddbbd3-8134-4b76-b61f-c6179a066795" testListId="8c84fa94-04c1-424b-9868-57a2d4851a1d" />
    <TestEntry testId="dfb280be-3bcd-9c5b-ac07-8fd8e01b451d" executionId="b4fdf5be-33af-4029-86a5-a070b268acb9" testListId="8c84fa94-04c1-424b-9868-57a2d4851a1d" />
    <TestEntry testId="e93ef041-7d3f-7def-1505-a981ee2eb312" executionId="057d8014-1edc-4ce6-b1b8-99b85c7faec5" testListId="8c84fa94-04c1-424b-9868-57a2d4851a1d" />
    <TestEntry testId="011b93b9-c755-6fb9-5a5c-fa91aab56df5" executionId="9088d234-0780-4293-9ad4-1267450e833e" testListId="8c84fa94-04c1-424b-9868-57a2d4851a1d" />
    <TestEntry testId="e5f022ac-ece4-8d19-2000-299524bf1ec2" executionId="00ebbdbc-0e67-4b19-bf9a-8aa123d511ab" testListId="8c84fa94-04c1-424b-9868-57a2d4851a1d" />
    <TestEntry testId="a914418c-2e86-8663-2ecd-772d64384b2c" executionId="bff4df52-e91e-4371-971d-e29256ade057" testListId="8c84fa94-04c1-424b-9868-57a2d4851a1d" />
    <TestEntry testId="cafc5e53-abf2-277b-afb1-669080c13a7c" executionId="90c5fe1c-df39-45e7-a53e-e3630c59d9f8" testListId="8c84fa94-04c1-424b-9868-57a2d4851a1d" />
    <TestEntry testId="646a55aa-e056-7468-e505-774b5aaf2fe3" executionId="57bd9621-b227-4bb9-b8d5-826c8b246a6f" testListId="8c84fa94-04c1-424b-9868-57a2d4851a1d" />
    <TestEntry testId="e569efd1-78fb-1f1b-09c0-dc68abedd4ce" executionId="856061a3-eeff-4d7f-a23e-4610c2ea2afd" testListId="8c84fa94-04c1-424b-9868-57a2d4851a1d" />
    <TestEntry testId="64a650fc-b134-df77-e375-4122cd863dbb" executionId="0d7800df-7311-4ea8-b47e-1477ae6e4772" testListId="8c84fa94-04c1-424b-9868-57a2d4851a1d" />
    <TestEntry testId="df1a2c9e-72c2-e5dc-6515-ca3951516b22" executionId="fcb8c16a-4a07-4051-963a-08a18a9eddd1" testListId="8c84fa94-04c1-424b-9868-57a2d4851a1d" />
    <TestEntry testId="4ce613d7-0044-e8bd-64eb-d3cc96d8623c" executionId="c959c38a-2ce3-42fd-81cd-f5b9ccbaba4c" testListId="8c84fa94-04c1-424b-9868-57a2d4851a1d" />
    <TestEntry testId="958f89a3-a776-6e50-60e2-6d86af82f47f" executionId="3c13aa4e-c3b1-43ba-abb0-68cfbc47fc03" testListId="8c84fa94-04c1-424b-9868-57a2d4851a1d" />
    <TestEntry testId="860ee325-9702-af46-a751-48e93d410abe" executionId="0a1664b4-689f-4747-871b-de9169710f5d" testListId="8c84fa94-04c1-424b-9868-57a2d4851a1d" />
    <TestEntry testId="23703a55-053f-3d38-f772-5a12c908ab1a" executionId="5f189315-b965-47d5-a9b8-18b81ce22e16" testListId="8c84fa94-04c1-424b-9868-57a2d4851a1d" />
    <TestEntry testId="8c10bbd4-92b7-097a-f818-8a160bdb48af" executionId="408eb989-9ee1-427b-abc9-84c62a0c049b" testListId="8c84fa94-04c1-424b-9868-57a2d4851a1d" />
    <TestEntry testId="0f54cfa4-6738-3eee-a051-5fa5a015d7a8" executionId="1804e7fd-755e-4804-b391-c11fc02d02f8" testListId="8c84fa94-04c1-424b-9868-57a2d4851a1d" />
    <TestEntry testId="17609a6b-5ae7-a5fa-b54b-e03eb3b4a162" executionId="0f56296f-d852-434e-947a-27c4bd10beeb" testListId="8c84fa94-04c1-424b-9868-57a2d4851a1d" />
    <TestEntry testId="67c7928c-851b-4ecb-30ae-e5e4daa232fb" executionId="a7f62fcf-b136-4b9b-b85b-73ed1a54b826" testListId="8c84fa94-04c1-424b-9868-57a2d4851a1d" />
    <TestEntry testId="2f120f45-b909-596a-66d4-7a3c074ec5ea" executionId="eb0717f4-3085-4c21-a59f-ffaf6363e3d7" testListId="8c84fa94-04c1-424b-9868-57a2d4851a1d" />
    <TestEntry testId="944bb8c4-d24b-fdd8-33dd-7587093c1a18" executionId="95263af9-94d9-40f8-aba6-337f823f8fd1" testListId="8c84fa94-04c1-424b-9868-57a2d4851a1d" />
    <TestEntry testId="ce9263da-252e-043d-288e-6821438e6840" executionId="fa7b1bef-ea29-4b70-8ff0-6f802f251ec9" testListId="8c84fa94-04c1-424b-9868-57a2d4851a1d" />
    <TestEntry testId="03ee37d1-6664-b66e-bafc-ca4873813991" executionId="60bab485-0150-4c8a-b366-7099615f574f" testListId="8c84fa94-04c1-424b-9868-57a2d4851a1d" />
    <TestEntry testId="f0fdb86d-5148-5faf-6269-9bf7837fa8d7" executionId="2efbc8f7-ff81-4cf6-adc7-7f2b4ff8e8e9" testListId="8c84fa94-04c1-424b-9868-57a2d4851a1d" />
    <TestEntry testId="4a500337-9e14-2b17-f423-67b2a6bcbb54" executionId="d80accd3-80a0-4582-a0a2-d9fb08e20591" testListId="8c84fa94-04c1-424b-9868-57a2d4851a1d" />
    <TestEntry testId="fa43be62-bbef-8121-bfe4-f644e9a64db3" executionId="7e7a096a-d2a4-468b-bafe-4642cb1502ed" testListId="8c84fa94-04c1-424b-9868-57a2d4851a1d" />
    <TestEntry testId="ee875cd9-40bf-42bf-2321-15142460a077" executionId="5c9be00a-a3e4-47a1-aecf-0a0bb6575522" testListId="8c84fa94-04c1-424b-9868-57a2d4851a1d" />
    <TestEntry testId="5154d685-4d7e-1074-3a22-5f699abc186e" executionId="bd2969b3-47d1-4462-a511-8c7101e97fe3" testListId="8c84fa94-04c1-424b-9868-57a2d4851a1d" />
    <TestEntry testId="da0df51f-6879-18e4-1c6f-22fdd089e9bb" executionId="b5fa7225-29ef-4137-99b7-73f2e75da4b6" testListId="8c84fa94-04c1-424b-9868-57a2d4851a1d" />
    <TestEntry testId="0bea2b1a-432f-52e1-5f29-30ee3c282c0b" executionId="96e850a0-f9ec-4cfd-9a01-7846e7a3ef9f" testListId="8c84fa94-04c1-424b-9868-57a2d4851a1d" />
    <TestEntry testId="06152f46-1397-6f17-07fb-01244a5f28dc" executionId="a221fc8f-de3b-4cac-9911-41bf36dd9810" testListId="8c84fa94-04c1-424b-9868-57a2d4851a1d" />
    <TestEntry testId="0bd301b1-07f8-c0f1-099a-167aa34e919c" executionId="c4378632-340e-4419-bff0-d0de5be75e08" testListId="8c84fa94-04c1-424b-9868-57a2d4851a1d" />
    <TestEntry testId="68d5ac77-8a01-2c5b-b39e-09c8ff141dcb" executionId="151712b8-5167-47a3-a920-7b5d94dd1e86" testListId="8c84fa94-04c1-424b-9868-57a2d4851a1d" />
    <TestEntry testId="163da1ac-42f2-cd3f-7e7b-0d279fc43986" executionId="7537d639-aff2-43b2-a826-4ec4500ea3b9" testListId="8c84fa94-04c1-424b-9868-57a2d4851a1d" />
  </TestEntries>
  <TestLists>
    <TestList name="Results Not in a List" id="8c84fa94-04c1-424b-9868-57a2d4851a1d" />
    <TestList name="All Loaded Results" id="19431567-8539-422a-85d7-44ee4e166bda" />
  </TestLists>
  <ResultSummary outcome="Completed">
    <Counters total="385" executed="377" passed="377" failed="0" error="0" timeout="0" aborted="0" inconclusive="0" passedButRunAborted="0" notRunnable="0" notExecuted="0" disconnected="0" warning="0" completed="0" inProgress="0" pending="0" />
    <Output>
      <StdOut>Test 'GetEntitlements_ThrowsServiceUnavailableException_WhenConnectionIssuesWithSubscriptionsApi' was skipped in the test run.Test 'GetRights_HandleHttpErrors' was skipped in the test run.Test 'GetRights_HandleInvalidJson' was skipped in the test run.Test 'GetRights_HandleEmptyResponse' was skipped in the test run.Test 'GetRights_Client_HandleEmptyJsonSequence' was skipped in the test run.Test 'GetRights_Client_HandleInvalidBoolForIsEntitlementAvailable' was skipped in the test run.Test 'GetRights_Client_HandleInvalidDateForSubscriptionExpirationDate' was skipped in the test run.Test 'GetAccountEntitlements_ReturnsConvertedUserLicenses' was skipped in the test run.</StdOut>
    </Output>
  </ResultSummary>
</TestRun>