<?xml version="1.0" encoding="UTF-8"?>
<TestRun id="ec8e0b4d-9d01-4da7-abbb-4cb72a42a9ff" name="tfsmladm@TFSBUILD11 2015-09-28 09:43:36" runUser="REDMOND\tfsmladm" xmlns="http://microsoft.com/schemas/VisualStudio/TeamTest/2010">
  <Times creation="2015-09-28T09:43:36.8909160-07:00" queuing="2015-09-28T09:43:36.8909160-07:00" start="2015-09-28T09:43:36.8909160-07:00" finish="2015-09-28T09:43:36.9377941-07:00" />
  <TestSettings name="default" id="bbf6245a-06de-4ea6-9ba9-29b7331aae7f">
    <Execution>
      <TestTypeSpecific />
    </Execution>
    <Deployment runDeploymentRoot="tfsmladm_TFSBUILD11 2015-09-28 09_43_36" />
    <Properties />
  </TestSettings>
  <Results>
    <UnitTestResult executionId="29432264-b845-4224-bba0-fb723a6db613" testId="1afc061e-00bf-5a0c-0ae0-6a3da3d0990c" testName="SubscribedTypes_Is_RepositoryCreatedNotification" computerName="TFSBUILD11" duration="00:00:00.0125425" startTime="2015-09-28T09:43:36.3752541-07:00" endTime="2015-09-28T09:43:36.7502807-07:00" testType="13cdc9d9-ddb5-4fa4-a97d-d965ccfc6d4b" outcome="Passed" testListId="8c84fa94-04c1-424b-9868-57a2d4851a1d" relativeResultsDirectory="29432264-b845-4224-bba0-fb723a6db613" />
    <UnitTestResult executionId="c05b48d4-c8eb-4f65-a71a-43aaa3604461" testId="cb9dc836-e28c-3730-ed1f-719e7448493a" testName="ProcessEvent_ShouldBeNoOpForServicingContext" computerName="TFSBUILD11" duration="00:00:00.0118815" startTime="2015-09-28T09:43:36.7659063-07:00" endTime="2015-09-28T09:43:36.7659063-07:00" testType="13cdc9d9-ddb5-4fa4-a97d-d965ccfc6d4b" outcome="Passed" testListId="8c84fa94-04c1-424b-9868-57a2d4851a1d" relativeResultsDirectory="c05b48d4-c8eb-4f65-a71a-43aaa3604461" />
    <UnitTestResult executionId="3a1929f6-7627-4705-af4a-a9852e5f2083" testId="b902e428-469d-46cc-8d5d-3db06a7bcf08" testName="ProcessEvent_ShouldBeNoOpForNonNotification" computerName="TFSBUILD11" duration="00:00:00.0009636" startTime="2015-09-28T09:43:36.7659063-07:00" endTime="2015-09-28T09:43:36.7815321-07:00" testType="13cdc9d9-ddb5-4fa4-a97d-d965ccfc6d4b" outcome="Passed" testListId="8c84fa94-04c1-424b-9868-57a2d4851a1d" relativeResultsDirectory="3a1929f6-7627-4705-af4a-a9852e5f2083" />
    <UnitTestResult executionId="7edc2ceb-22bc-470f-981d-21c38ae8ffe0" testId="6c0bc78d-003e-7a08-cac1-db080ef8cdfc" testName="EnableCodeSearch_DoesNothingIfAutoFaultInFeatureFlagIsOff" computerName="TFSBUILD11" duration="00:00:00.0328669" startTime="2015-09-28T09:43:36.7815321-07:00" endTime="2015-09-28T09:43:36.8127852-07:00" testType="13cdc9d9-ddb5-4fa4-a97d-d965ccfc6d4b" outcome="Passed" testListId="8c84fa94-04c1-424b-9868-57a2d4851a1d" relativeResultsDirectory="7edc2ceb-22bc-470f-981d-21c38ae8ffe0" />
    <UnitTestResult executionId="9fda53de-616c-43ec-bf45-707a5aaaf9aa" testId="c5706d70-cd6c-e228-6fc8-6e47002ef7e6" testName="EnableCodeSearch_DoesNotEnablePortalFeatureFlagIfItsAlreadyEnabled" computerName="TFSBUILD11" duration="00:00:00.0041924" startTime="2015-09-28T09:43:36.8127852-07:00" endTime="2015-09-28T09:43:36.8127852-07:00" testType="13cdc9d9-ddb5-4fa4-a97d-d965ccfc6d4b" outcome="Passed" testListId="8c84fa94-04c1-424b-9868-57a2d4851a1d" relativeResultsDirectory="9fda53de-616c-43ec-bf45-707a5aaaf9aa" />
    <UnitTestResult executionId="3928aac7-5116-4449-bb9a-95fa3857fdf4" testId="1101c459-409e-e8e3-940e-ef5563f040a6" testName="EnableCodeSearch_ShouldEnablePortalFeatureFlagIfItsNotAlreadyEnabled" computerName="TFSBUILD11" duration="00:00:00.0167685" startTime="2015-09-28T09:43:36.8127852-07:00" endTime="2015-09-28T09:43:36.8440368-07:00" testType="13cdc9d9-ddb5-4fa4-a97d-d965ccfc6d4b" outcome="Passed" testListId="8c84fa94-04c1-424b-9868-57a2d4851a1d" relativeResultsDirectory="3928aac7-5116-4449-bb9a-95fa3857fdf4" />
    <UnitTestResult executionId="3f0ed6dc-e894-437d-a2a6-87ef4f0c5e9a" testId="950a3ae6-b4de-571c-8700-2c8dc220cb71" testName="EnableCodeSearch_ShouldInstantiateSearchHttpClient" computerName="TFSBUILD11" duration="00:00:00.0074595" startTime="2015-09-28T09:43:36.8440368-07:00" endTime="2015-09-28T09:43:36.8440368-07:00" testType="13cdc9d9-ddb5-4fa4-a97d-d965ccfc6d4b" outcome="Passed" testListId="8c84fa94-04c1-424b-9868-57a2d4851a1d" relativeResultsDirectory="3f0ed6dc-e894-437d-a2a6-87ef4f0c5e9a" />
  </Results>
  <TestDefinitions>
    <UnitTest name="SubscribedTypes_Is_RepositoryCreatedNotification" storage="d:\v2.0\a1\_work\dbded102\bin\release.anycpu\tfs.service\ms.tf.search.extensions.l0.tests\ms.tf.search.extensions.l0.tests.dll" id="1afc061e-00bf-5a0c-0ae0-6a3da3d0990c">
      <Owners>
        <Owner name="ravindp" />
      </Owners>
      <Execution id="29432264-b845-4224-bba0-fb723a6db613" />
      <TestMethod codeBase="D:\v2.0\A1\_work\dbded102\bin\Release.AnyCPU\Tfs.Service\MS.TF.Search.Extensions.L0.Tests\MS.TF.Search.Extensions.L0.Tests.dll" adapterTypeName="Microsoft.VisualStudio.TestTools.TestTypes.Unit.UnitTestAdapter" className="MS.TF.Search.Extensions.L0.Tests.GitRepositoryCreatedEventSubscriberTests" name="SubscribedTypes_Is_RepositoryCreatedNotification" />
    </UnitTest>
    <UnitTest name="ProcessEvent_ShouldBeNoOpForServicingContext" storage="d:\v2.0\a1\_work\dbded102\bin\release.anycpu\tfs.service\ms.tf.search.extensions.l0.tests\ms.tf.search.extensions.l0.tests.dll" id="cb9dc836-e28c-3730-ed1f-719e7448493a">
      <Owners>
        <Owner name="ravindp" />
      </Owners>
      <Execution id="c05b48d4-c8eb-4f65-a71a-43aaa3604461" />
      <TestMethod codeBase="D:\v2.0\A1\_work\dbded102\bin\Release.AnyCPU\Tfs.Service\MS.TF.Search.Extensions.L0.Tests\MS.TF.Search.Extensions.L0.Tests.dll" adapterTypeName="Microsoft.VisualStudio.TestTools.TestTypes.Unit.UnitTestAdapter" className="MS.TF.Search.Extensions.L0.Tests.GitRepositoryCreatedEventSubscriberTests" name="ProcessEvent_ShouldBeNoOpForServicingContext" />
    </UnitTest>
    <UnitTest name="ProcessEvent_ShouldBeNoOpForNonNotification" storage="d:\v2.0\a1\_work\dbded102\bin\release.anycpu\tfs.service\ms.tf.search.extensions.l0.tests\ms.tf.search.extensions.l0.tests.dll" id="b902e428-469d-46cc-8d5d-3db06a7bcf08">
      <Owners>
        <Owner name="ravindp" />
      </Owners>
      <Execution id="3a1929f6-7627-4705-af4a-a9852e5f2083" />
      <TestMethod codeBase="D:\v2.0\A1\_work\dbded102\bin\Release.AnyCPU\Tfs.Service\MS.TF.Search.Extensions.L0.Tests\MS.TF.Search.Extensions.L0.Tests.dll" adapterTypeName="Microsoft.VisualStudio.TestTools.TestTypes.Unit.UnitTestAdapter" className="MS.TF.Search.Extensions.L0.Tests.GitRepositoryCreatedEventSubscriberTests" name="ProcessEvent_ShouldBeNoOpForNonNotification" />
    </UnitTest>
    <UnitTest name="EnableCodeSearch_DoesNothingIfAutoFaultInFeatureFlagIsOff" storage="d:\v2.0\a1\_work\dbded102\bin\release.anycpu\tfs.service\ms.tf.search.extensions.l0.tests\ms.tf.search.extensions.l0.tests.dll" id="6c0bc78d-003e-7a08-cac1-db080ef8cdfc">
      <Owners>
        <Owner name="ravindp" />
      </Owners>
      <Execution id="7edc2ceb-22bc-470f-981d-21c38ae8ffe0" />
      <TestMethod codeBase="D:\v2.0\A1\_work\dbded102\bin\Release.AnyCPU\Tfs.Service\MS.TF.Search.Extensions.L0.Tests\MS.TF.Search.Extensions.L0.Tests.dll" adapterTypeName="Microsoft.VisualStudio.TestTools.TestTypes.Unit.UnitTestAdapter" className="MS.TF.Search.Extensions.L0.Tests.GitRepositoryCreatedEventSubscriberTests" name="EnableCodeSearch_DoesNothingIfAutoFaultInFeatureFlagIsOff" />
    </UnitTest>
    <UnitTest name="EnableCodeSearch_DoesNotEnablePortalFeatureFlagIfItsAlreadyEnabled" storage="d:\v2.0\a1\_work\dbded102\bin\release.anycpu\tfs.service\ms.tf.search.extensions.l0.tests\ms.tf.search.extensions.l0.tests.dll" id="c5706d70-cd6c-e228-6fc8-6e47002ef7e6">
      <Owners>
        <Owner name="ravindp" />
      </Owners>
      <Execution id="9fda53de-616c-43ec-bf45-707a5aaaf9aa" />
      <TestMethod codeBase="D:\v2.0\A1\_work\dbded102\bin\Release.AnyCPU\Tfs.Service\MS.TF.Search.Extensions.L0.Tests\MS.TF.Search.Extensions.L0.Tests.dll" adapterTypeName="Microsoft.VisualStudio.TestTools.TestTypes.Unit.UnitTestAdapter" className="MS.TF.Search.Extensions.L0.Tests.GitRepositoryCreatedEventSubscriberTests" name="EnableCodeSearch_DoesNotEnablePortalFeatureFlagIfItsAlreadyEnabled" />
    </UnitTest>
    <UnitTest name="EnableCodeSearch_ShouldEnablePortalFeatureFlagIfItsNotAlreadyEnabled" storage="d:\v2.0\a1\_work\dbded102\bin\release.anycpu\tfs.service\ms.tf.search.extensions.l0.tests\ms.tf.search.extensions.l0.tests.dll" id="1101c459-409e-e8e3-940e-ef5563f040a6">
      <Owners>
        <Owner name="ravindp" />
      </Owners>
      <Execution id="3928aac7-5116-4449-bb9a-95fa3857fdf4" />
      <TestMethod codeBase="D:\v2.0\A1\_work\dbded102\bin\Release.AnyCPU\Tfs.Service\MS.TF.Search.Extensions.L0.Tests\MS.TF.Search.Extensions.L0.Tests.dll" adapterTypeName="Microsoft.VisualStudio.TestTools.TestTypes.Unit.UnitTestAdapter" className="MS.TF.Search.Extensions.L0.Tests.GitRepositoryCreatedEventSubscriberTests" name="EnableCodeSearch_ShouldEnablePortalFeatureFlagIfItsNotAlreadyEnabled" />
    </UnitTest>
    <UnitTest name="EnableCodeSearch_ShouldInstantiateSearchHttpClient" storage="d:\v2.0\a1\_work\dbded102\bin\release.anycpu\tfs.service\ms.tf.search.extensions.l0.tests\ms.tf.search.extensions.l0.tests.dll" id="950a3ae6-b4de-571c-8700-2c8dc220cb71">
      <Owners>
        <Owner name="ravindp" />
      </Owners>
      <Execution id="3f0ed6dc-e894-437d-a2a6-87ef4f0c5e9a" />
      <TestMethod codeBase="D:\v2.0\A1\_work\dbded102\bin\Release.AnyCPU\Tfs.Service\MS.TF.Search.Extensions.L0.Tests\MS.TF.Search.Extensions.L0.Tests.dll" adapterTypeName="Microsoft.VisualStudio.TestTools.TestTypes.Unit.UnitTestAdapter" className="MS.TF.Search.Extensions.L0.Tests.GitRepositoryCreatedEventSubscriberTests" name="EnableCodeSearch_ShouldInstantiateSearchHttpClient" />
    </UnitTest>
  </TestDefinitions>
  <TestEntries>
    <TestEntry testId="1afc061e-00bf-5a0c-0ae0-6a3da3d0990c" executionId="29432264-b845-4224-bba0-fb723a6db613" testListId="8c84fa94-04c1-424b-9868-57a2d4851a1d" />
    <TestEntry testId="cb9dc836-e28c-3730-ed1f-719e7448493a" executionId="c05b48d4-c8eb-4f65-a71a-43aaa3604461" testListId="8c84fa94-04c1-424b-9868-57a2d4851a1d" />
    <TestEntry testId="b902e428-469d-46cc-8d5d-3db06a7bcf08" executionId="3a1929f6-7627-4705-af4a-a9852e5f2083" testListId="8c84fa94-04c1-424b-9868-57a2d4851a1d" />
    <TestEntry testId="6c0bc78d-003e-7a08-cac1-db080ef8cdfc" executionId="7edc2ceb-22bc-470f-981d-21c38ae8ffe0" testListId="8c84fa94-04c1-424b-9868-57a2d4851a1d" />
    <TestEntry testId="c5706d70-cd6c-e228-6fc8-6e47002ef7e6" executionId="9fda53de-616c-43ec-bf45-707a5aaaf9aa" testListId="8c84fa94-04c1-424b-9868-57a2d4851a1d" />
    <TestEntry testId="1101c459-409e-e8e3-940e-ef5563f040a6" executionId="3928aac7-5116-4449-bb9a-95fa3857fdf4" testListId="8c84fa94-04c1-424b-9868-57a2d4851a1d" />
    <TestEntry testId="950a3ae6-b4de-571c-8700-2c8dc220cb71" executionId="3f0ed6dc-e894-437d-a2a6-87ef4f0c5e9a" testListId="8c84fa94-04c1-424b-9868-57a2d4851a1d" />
  </TestEntries>
  <TestLists>
    <TestList name="Results Not in a List" id="8c84fa94-04c1-424b-9868-57a2d4851a1d" />
    <TestList name="All Loaded Results" id="19431567-8539-422a-85d7-44ee4e166bda" />
  </TestLists>
  <ResultSummary outcome="Completed">
    <Counters total="7" executed="7" passed="7" failed="0" error="0" timeout="0" aborted="0" inconclusive="0" passedButRunAborted="0" notRunnable="0" notExecuted="0" disconnected="0" warning="0" completed="0" inProgress="0" pending="0" />
  </ResultSummary>
</TestRun>