<?xml version="1.0" encoding="UTF-8"?>
<TestRun id="5ab3ecf0-dfc9-439b-ae27-e356d5061d21" name="tfsmladm@TFSBUILD11 2015-09-28 09:43:19" runUser="REDMOND\tfsmladm" xmlns="http://microsoft.com/schemas/VisualStudio/TeamTest/2010">
  <Times creation="2015-09-28T09:43:19.4834277-07:00" queuing="2015-09-28T09:43:19.4834277-07:00" start="2015-09-28T09:43:19.4834277-07:00" finish="2015-09-28T09:43:29.4685130-07:00" />
  <TestSettings name="default" id="99df8386-9e15-40fc-9048-989100727fef">
    <Execution>
      <TestTypeSpecific />
    </Execution>
    <Deployment runDeploymentRoot="tfsmladm_TFSBUILD11 2015-09-28 09_43_19" />
    <Properties />
  </TestSettings>
  <Results>
    <UnitTestResult executionId="77e6b8ef-2298-4121-aa5d-1eb7f62a3228" testId="1f98f606-0bf8-a36f-a6f4-5092e0b63e23" testName="SetResetEarlyAdopterResourceQuantities_NonAffectingResources" computerName="TFSBUILD11" duration="00:00:00.4859552" startTime="2015-09-28T09:43:18.6864957-07:00" endTime="2015-09-28T09:43:19.2646621-07:00" testType="13cdc9d9-ddb5-4fa4-a97d-d965ccfc6d4b" outcome="Passed" testListId="8c84fa94-04c1-424b-9868-57a2d4851a1d" relativeResultsDirectory="77e6b8ef-2298-4121-aa5d-1eb7f62a3228" />
    <UnitTestResult executionId="a4754cdf-3ae3-4517-ace1-f9efa493d95a" testId="9c86aa46-863b-4ad5-d95b-47feb7dbacb6" testName="SetResetEarlyAdopterResourceQuantities_EarlyDate" computerName="TFSBUILD11" duration="00:00:00.0248712" startTime="2015-09-28T09:43:19.2802888-07:00" endTime="2015-09-28T09:43:19.2959149-07:00" testType="13cdc9d9-ddb5-4fa4-a97d-d965ccfc6d4b" outcome="Passed" testListId="8c84fa94-04c1-424b-9868-57a2d4851a1d" relativeResultsDirectory="a4754cdf-3ae3-4517-ace1-f9efa493d95a" />
    <UnitTestResult executionId="eb4b439a-dcf4-4161-a92c-cbca0f3cc25b" testId="036c4888-b876-c650-a57e-ca2e2f7d04cb" testName="SetResetEarlyAdopterResourceQuantities_NonEarlyAdopterNonSpecialAccount" computerName="TFSBUILD11" duration="00:00:00.0080025" startTime="2015-09-28T09:43:19.2959149-07:00" endTime="2015-09-28T09:43:19.3115410-07:00" testType="13cdc9d9-ddb5-4fa4-a97d-d965ccfc6d4b" outcome="Passed" testListId="8c84fa94-04c1-424b-9868-57a2d4851a1d" relativeResultsDirectory="eb4b439a-dcf4-4161-a92c-cbca0f3cc25b" />
    <UnitTestResult executionId="f62e3f01-0b60-459b-8063-b70de9583ff8" testId="c18546ba-bfc0-2030-eb20-3088e275323c" testName="SetResetEarlyAdopterResourceQuantities_LoadTestEarlyAdopterExpiredWithCustomValues" computerName="TFSBUILD11" duration="00:00:00.0123482" startTime="2015-09-28T09:43:19.3115410-07:00" endTime="2015-09-28T09:43:19.3115410-07:00" testType="13cdc9d9-ddb5-4fa4-a97d-d965ccfc6d4b" outcome="Passed" testListId="8c84fa94-04c1-424b-9868-57a2d4851a1d" relativeResultsDirectory="f62e3f01-0b60-459b-8063-b70de9583ff8" />
    <UnitTestResult executionId="673fd275-2ad6-4828-8351-31c4f8ad2a87" testId="23f55b73-bc64-9836-cf2d-530931a8aa66" testName="SetResetEarlyAdopterResourceQuantities_BuildInternalAccountWithinPreview" computerName="TFSBUILD11" duration="00:00:00.0266523" startTime="2015-09-28T09:43:19.3115410-07:00" endTime="2015-09-28T09:43:19.3427932-07:00" testType="13cdc9d9-ddb5-4fa4-a97d-d965ccfc6d4b" outcome="Passed" testListId="8c84fa94-04c1-424b-9868-57a2d4851a1d" relativeResultsDirectory="673fd275-2ad6-4828-8351-31c4f8ad2a87" />
    <UnitTestResult executionId="cec7990a-b249-4c7b-84e9-270ded3a7f05" testId="a502647c-2d47-0c0b-feae-bed79fb90983" testName="SetResetEarlyAdopterResourceQuantities_LoadTestInternalAccountWithinPreview" computerName="TFSBUILD11" duration="00:00:00.0136248" startTime="2015-09-28T09:43:19.3427932-07:00" endTime="2015-09-28T09:43:19.3584194-07:00" testType="13cdc9d9-ddb5-4fa4-a97d-d965ccfc6d4b" outcome="Passed" testListId="8c84fa94-04c1-424b-9868-57a2d4851a1d" relativeResultsDirectory="cec7990a-b249-4c7b-84e9-270ded3a7f05" />
    <UnitTestResult executionId="dd4609f6-6041-4ab7-bf35-0235f58ebdb6" testId="a7b3cd60-57d3-937f-d11e-5b9444e52147" testName="SetResetEarlyAdopterResourceQuantities_BuildInternalAccountAfterPreview" computerName="TFSBUILD11" duration="00:00:00.0162465" startTime="2015-09-28T09:43:19.3584194-07:00" endTime="2015-09-28T09:43:19.3740449-07:00" testType="13cdc9d9-ddb5-4fa4-a97d-d965ccfc6d4b" outcome="Passed" testListId="8c84fa94-04c1-424b-9868-57a2d4851a1d" relativeResultsDirectory="dd4609f6-6041-4ab7-bf35-0235f58ebdb6" />
    <UnitTestResult executionId="0917d21d-fb87-4a23-a1b2-8703adb2f11d" testId="34b723e0-02a0-368f-73a7-6e3a38d87d7e" testName="SetResetEarlyAdopterResourceQuantities_LoadTestInternalAccountAfterPreview" computerName="TFSBUILD11" duration="00:00:00.0097609" startTime="2015-09-28T09:43:19.3740449-07:00" endTime="2015-09-28T09:43:19.3896716-07:00" testType="13cdc9d9-ddb5-4fa4-a97d-d965ccfc6d4b" outcome="Passed" testListId="8c84fa94-04c1-424b-9868-57a2d4851a1d" relativeResultsDirectory="0917d21d-fb87-4a23-a1b2-8703adb2f11d" />
    <UnitTestResult executionId="11c766aa-0194-4540-86c7-34dfa7418633" testId="c44835bb-9948-af17-4294-3c7053b9b6de" testName="SetResetEarlyAdopterResourceQuantities_StartService" computerName="TFSBUILD11" duration="00:00:00.0582265" startTime="2015-09-28T09:43:19.3896716-07:00" endTime="2015-09-28T09:43:19.4365496-07:00" testType="13cdc9d9-ddb5-4fa4-a97d-d965ccfc6d4b" outcome="Passed" testListId="8c84fa94-04c1-424b-9868-57a2d4851a1d" relativeResultsDirectory="11c766aa-0194-4540-86c7-34dfa7418633" />
    <UnitTestResult executionId="3f3f79b6-36bf-494d-b12f-b8f1827f21a5" testId="bbd567de-7623-e49e-b093-20deacda89d8" testName="SetResetEarlyAdopterResourceQuantities_StartEnd" computerName="TFSBUILD11" duration="00:00:00.0079883" startTime="2015-09-28T09:43:19.4521757-07:00" endTime="2015-09-28T09:43:19.4521757-07:00" testType="13cdc9d9-ddb5-4fa4-a97d-d965ccfc6d4b" outcome="Passed" testListId="8c84fa94-04c1-424b-9868-57a2d4851a1d" relativeResultsDirectory="3f3f79b6-36bf-494d-b12f-b8f1827f21a5" />
    <UnitTestResult executionId="7d0ec2f9-2b30-49a1-9b72-27bd5de2229e" testId="63ee62f9-68ce-3913-dd60-eaa7596dbba1" testName="SetResetEarlyAdopterResourceQuantities_GetAccountProperties" computerName="TFSBUILD11" duration="00:00:00.0596527" startTime="2015-09-28T09:43:19.4521757-07:00" endTime="2015-09-28T09:43:19.5146802-07:00" testType="13cdc9d9-ddb5-4fa4-a97d-d965ccfc6d4b" outcome="Passed" testListId="8c84fa94-04c1-424b-9868-57a2d4851a1d" relativeResultsDirectory="7d0ec2f9-2b30-49a1-9b72-27bd5de2229e" />
    <UnitTestResult executionId="c318434a-41b7-4465-9c24-bd9e6a8b5265" testId="09cc0eef-2658-db76-bab1-3afa03eb6d3f" testName="SetResetEarlyAdopterResourceQuantities_UpdateMeterNoPermission" computerName="TFSBUILD11" startTime="2015-09-28T09:43:19.5146802-07:00" endTime="2015-09-28T09:43:19.5146802-07:00" testType="13cdc9d9-ddb5-4fa4-a97d-d965ccfc6d4b" outcome="NotExecuted" testListId="8c84fa94-04c1-424b-9868-57a2d4851a1d" relativeResultsDirectory="c318434a-41b7-4465-9c24-bd9e6a8b5265" />
    <UnitTestResult executionId="0074f8f3-f7a1-48ec-9dc8-4bac0ed23926" testId="01041eac-0537-7a14-b4d8-05bf14e0ec5d" testName="SetResetEarlyAdopterResourceQuantities_WithMetersPermisions" computerName="TFSBUILD11" startTime="2015-09-28T09:43:19.5146802-07:00" endTime="2015-09-28T09:43:19.5146802-07:00" testType="13cdc9d9-ddb5-4fa4-a97d-d965ccfc6d4b" outcome="NotExecuted" testListId="8c84fa94-04c1-424b-9868-57a2d4851a1d" relativeResultsDirectory="0074f8f3-f7a1-48ec-9dc8-4bac0ed23926" />
    <UnitTestResult executionId="d215c9c2-3c3e-4199-ba18-0a5306125c2c" testId="edd36b12-ae55-8f02-71e3-f764caf4d7e0" testName="ControllerSetAccountQuantity_ServiceExceptionTest" computerName="TFSBUILD11" startTime="2015-09-28T09:43:19.5146802-07:00" endTime="2015-09-28T09:43:19.5146802-07:00" testType="13cdc9d9-ddb5-4fa4-a97d-d965ccfc6d4b" outcome="NotExecuted" testListId="8c84fa94-04c1-424b-9868-57a2d4851a1d" relativeResultsDirectory="d215c9c2-3c3e-4199-ba18-0a5306125c2c" />
    <UnitTestResult executionId="1ae69e88-7378-4d27-bffd-1cbf11a2a4eb" testId="db9f4c07-42f9-dbc2-e2f1-49d31372be35" testName="ControllerSetAccountQuantity_NullMaximumAndIncluded" computerName="TFSBUILD11" startTime="2015-09-28T09:43:19.5146802-07:00" endTime="2015-09-28T09:43:19.5146802-07:00" testType="13cdc9d9-ddb5-4fa4-a97d-d965ccfc6d4b" outcome="NotExecuted" testListId="8c84fa94-04c1-424b-9868-57a2d4851a1d" relativeResultsDirectory="1ae69e88-7378-4d27-bffd-1cbf11a2a4eb" />
    <UnitTestResult executionId="8b2cde31-deb7-4dd7-b86e-2cb3c4a378e9" testId="d817a961-8e3d-80fe-19b5-3953f4018b64" testName="ControllerSetAccountQuantity_GetResourceQuantityTest" computerName="TFSBUILD11" duration="00:00:00.0126142" startTime="2015-09-28T09:43:19.5146802-07:00" endTime="2015-09-28T09:43:19.5303063-07:00" testType="13cdc9d9-ddb5-4fa4-a97d-d965ccfc6d4b" outcome="Passed" testListId="8c84fa94-04c1-424b-9868-57a2d4851a1d" relativeResultsDirectory="8b2cde31-deb7-4dd7-b86e-2cb3c4a378e9" />
    <UnitTestResult executionId="082aadd9-14b9-4154-93ed-abbadba1c69d" testId="4ee3d68d-0b17-52d0-a521-3ef5ede0c1ee" testName="ControllerSetAccountQuantity_GetResourceQuantityStrategicLoadTest" computerName="TFSBUILD11" duration="00:00:00.0064912" startTime="2015-09-28T09:43:19.5303063-07:00" endTime="2015-09-28T09:43:19.5303063-07:00" testType="13cdc9d9-ddb5-4fa4-a97d-d965ccfc6d4b" outcome="Passed" testListId="8c84fa94-04c1-424b-9868-57a2d4851a1d" relativeResultsDirectory="082aadd9-14b9-4154-93ed-abbadba1c69d" />
    <UnitTestResult executionId="722a95fc-65cb-4fd8-b0de-f7b9c641b194" testId="2f02270b-96cc-d775-4ccc-0f7f0b05d7f7" testName="CheckPermissions_SubscriptionSuccess" computerName="TFSBUILD11" duration="00:00:00.0192429" startTime="2015-09-28T09:43:19.5303063-07:00" endTime="2015-09-28T09:43:19.5615585-07:00" testType="13cdc9d9-ddb5-4fa4-a97d-d965ccfc6d4b" outcome="Passed" testListId="8c84fa94-04c1-424b-9868-57a2d4851a1d" relativeResultsDirectory="722a95fc-65cb-4fd8-b0de-f7b9c641b194" />
    <UnitTestResult executionId="c888e7e4-8a28-45e5-8b06-cef081689bcb" testId="376a6a3d-9df8-2d40-439d-629e9dfe8a12" testName="CheckPermissions_SubscriptionWithNullUserContext" computerName="TFSBUILD11" duration="00:00:00.0719569" startTime="2015-09-28T09:43:19.5615585-07:00" endTime="2015-09-28T09:43:19.6240632-07:00" testType="13cdc9d9-ddb5-4fa4-a97d-d965ccfc6d4b" outcome="Passed" testListId="8c84fa94-04c1-424b-9868-57a2d4851a1d" relativeResultsDirectory="c888e7e4-8a28-45e5-8b06-cef081689bcb" />
    <UnitTestResult executionId="ee691170-88a6-450e-8847-c8706494ba80" testId="d8af05ec-012e-e09a-37b5-09efcca1bd8a" testName="CheckPermissions_MeteringWithNullUserContext" computerName="TFSBUILD11" duration="00:00:00.0074399" startTime="2015-09-28T09:43:19.6240632-07:00" endTime="2015-09-28T09:43:19.6396891-07:00" testType="13cdc9d9-ddb5-4fa4-a97d-d965ccfc6d4b" outcome="Passed" testListId="8c84fa94-04c1-424b-9868-57a2d4851a1d" relativeResultsDirectory="ee691170-88a6-450e-8847-c8706494ba80" />
    <UnitTestResult executionId="dd2151a6-fb07-4fcc-9696-88fa36e6cba2" testId="9f20b3d0-46f7-c02b-2497-ea681531e247" testName="CheckPermissions_LicensingSuccess" computerName="TFSBUILD11" duration="00:00:00.0083313" startTime="2015-09-28T09:43:19.6396891-07:00" endTime="2015-09-28T09:43:19.6396891-07:00" testType="13cdc9d9-ddb5-4fa4-a97d-d965ccfc6d4b" outcome="Passed" testListId="8c84fa94-04c1-424b-9868-57a2d4851a1d" relativeResultsDirectory="dd2151a6-fb07-4fcc-9696-88fa36e6cba2" />
    <UnitTestResult executionId="3490083f-b86b-4e85-9e4a-2763defb2718" testId="0d794b79-d739-442c-9513-c164600911f2" testName="CheckPermissions_ServiceStart" computerName="TFSBUILD11" duration="00:00:00.0063686" startTime="2015-09-28T09:43:19.6396891-07:00" endTime="2015-09-28T09:43:19.6553160-07:00" testType="13cdc9d9-ddb5-4fa4-a97d-d965ccfc6d4b" outcome="Passed" testListId="8c84fa94-04c1-424b-9868-57a2d4851a1d" relativeResultsDirectory="3490083f-b86b-4e85-9e4a-2763defb2718" />
    <UnitTestResult executionId="e7709293-4909-4945-b5fe-33066bfd028f" testId="ab8e7ddd-046d-5084-f397-6734de0951b4" testName="CheckPermissions_ServiceEnd" computerName="TFSBUILD11" duration="00:00:00.0164491" startTime="2015-09-28T09:43:19.6553160-07:00" endTime="2015-09-28T09:43:19.6709427-07:00" testType="13cdc9d9-ddb5-4fa4-a97d-d965ccfc6d4b" outcome="Passed" testListId="8c84fa94-04c1-424b-9868-57a2d4851a1d" relativeResultsDirectory="e7709293-4909-4945-b5fe-33066bfd028f" />
    <UnitTestResult executionId="9b78ac9e-077a-4b35-8245-e2e674b5fb0b" testId="abe3269c-ba95-0c1c-a7f2-ff026d4ca5eb" testName="EventServiceNotificationPublisherPublish_Test" computerName="TFSBUILD11" duration="00:00:00.0212365" startTime="2015-09-28T09:43:19.6709427-07:00" endTime="2015-09-28T09:43:19.6865674-07:00" testType="13cdc9d9-ddb5-4fa4-a97d-d965ccfc6d4b" outcome="Passed" testListId="8c84fa94-04c1-424b-9868-57a2d4851a1d" relativeResultsDirectory="9b78ac9e-077a-4b35-8245-e2e674b5fb0b" />
    <UnitTestResult executionId="c3faad0c-d184-471c-a9c1-3a02df66dd84" testId="80a3ea89-6c97-f0ce-05ab-731cb71f2a66" testName="EventServiceNotificationPublisherPublish_ExceptionTest" computerName="TFSBUILD11" duration="00:00:00.0123434" startTime="2015-09-28T09:43:19.6865674-07:00" endTime="2015-09-28T09:43:19.7021935-07:00" testType="13cdc9d9-ddb5-4fa4-a97d-d965ccfc6d4b" outcome="Passed" testListId="8c84fa94-04c1-424b-9868-57a2d4851a1d" relativeResultsDirectory="c3faad0c-d184-471c-a9c1-3a02df66dd84" />
    <UnitTestResult executionId="1a184156-26de-45d6-8c37-9dd6c0041d3c" testId="29e600f6-a9de-fe82-5d32-63cafcea5b8e" testName="LinkAccount_AzureResourceAccountDoesNotExistExceptionTest" computerName="TFSBUILD11" duration="00:00:00.1217698" startTime="2015-09-28T09:43:19.7021935-07:00" endTime="2015-09-28T09:43:19.8272016-07:00" testType="13cdc9d9-ddb5-4fa4-a97d-d965ccfc6d4b" outcome="Passed" testListId="8c84fa94-04c1-424b-9868-57a2d4851a1d" relativeResultsDirectory="1a184156-26de-45d6-8c37-9dd6c0041d3c" />
    <UnitTestResult executionId="8b95ca0e-1512-492b-b031-bc39ba82eeac" testId="8413eca2-b58d-7f44-53a4-918df16815db" testName="LinkAccount_SubscriptionIdTest" computerName="TFSBUILD11" duration="00:00:00.1113947" startTime="2015-09-28T09:43:19.8272016-07:00" endTime="2015-09-28T09:43:19.9365849-07:00" testType="13cdc9d9-ddb5-4fa4-a97d-d965ccfc6d4b" outcome="Passed" testListId="8c84fa94-04c1-424b-9868-57a2d4851a1d" relativeResultsDirectory="8b95ca0e-1512-492b-b031-bc39ba82eeac" />
    <UnitTestResult executionId="9458a261-e90f-440f-a5e9-23cf187760fa" testId="dfa423f1-fff2-d429-5b6c-723cef7ba337" testName="LinkAccount_HydrationTest" computerName="TFSBUILD11" duration="00:00:00.0748104" startTime="2015-09-28T09:43:19.9365849-07:00" endTime="2015-09-28T09:43:20.0147163-07:00" testType="13cdc9d9-ddb5-4fa4-a97d-d965ccfc6d4b" outcome="Passed" testListId="8c84fa94-04c1-424b-9868-57a2d4851a1d" relativeResultsDirectory="9458a261-e90f-440f-a5e9-23cf187760fa" />
    <UnitTestResult executionId="afa70653-9bb3-4685-83c7-d1ac19a58151" testId="6e356bd6-a711-0850-4234-63ca02ec5c21" testName="UnlinkAccount_AccountServiceAzureResourceAccountDoesNotExistExceptionTest" computerName="TFSBUILD11" duration="00:00:00.0280268" startTime="2015-09-28T09:43:20.0147163-07:00" endTime="2015-09-28T09:43:20.0459680-07:00" testType="13cdc9d9-ddb5-4fa4-a97d-d965ccfc6d4b" outcome="Passed" testListId="8c84fa94-04c1-424b-9868-57a2d4851a1d" relativeResultsDirectory="afa70653-9bb3-4685-83c7-d1ac19a58151" />
    <UnitTestResult executionId="7bedb809-f22d-42ab-9021-ac07855d1a7a" testId="b94b87ff-210d-e25b-2339-d35f0dc8ac7c" testName="UnlinkAccount_AzureResourceAccountDoesNotExistExceptionTest" computerName="TFSBUILD11" duration="00:00:00.0125041" startTime="2015-09-28T09:43:20.0459680-07:00" endTime="2015-09-28T09:43:20.0459680-07:00" testType="13cdc9d9-ddb5-4fa4-a97d-d965ccfc6d4b" outcome="Passed" testListId="8c84fa94-04c1-424b-9868-57a2d4851a1d" relativeResultsDirectory="7bedb809-f22d-42ab-9021-ac07855d1a7a" />
    <UnitTestResult executionId="9bc85ab5-31a9-44c6-afbd-a8a5325a5bd6" testId="313f28de-10bb-f53c-e8df-b8316508435e" testName="UnlinkAccount_AzureSubscriptionNotLinkedToAccountExceptionTest" computerName="TFSBUILD11" duration="00:00:00.0121761" startTime="2015-09-28T09:43:20.0459680-07:00" endTime="2015-09-28T09:43:20.0615946-07:00" testType="13cdc9d9-ddb5-4fa4-a97d-d965ccfc6d4b" outcome="Passed" testListId="8c84fa94-04c1-424b-9868-57a2d4851a1d" relativeResultsDirectory="9bc85ab5-31a9-44c6-afbd-a8a5325a5bd6" />
    <UnitTestResult executionId="884b2053-77a3-4e7c-8814-5723eb9f69f4" testId="e5995a54-64cd-4d0a-3fd5-094a8b9f70d9" testName="UnlinkAccount_HapyPathTest" computerName="TFSBUILD11" duration="00:00:00.0252921" startTime="2015-09-28T09:43:20.0615946-07:00" endTime="2015-09-28T09:43:20.0928466-07:00" testType="13cdc9d9-ddb5-4fa4-a97d-d965ccfc6d4b" outcome="Passed" testListId="8c84fa94-04c1-424b-9868-57a2d4851a1d" relativeResultsDirectory="884b2053-77a3-4e7c-8814-5723eb9f69f4" />
    <UnitTestResult executionId="d77059cb-4c10-49dc-905e-f17e5ccf0aaa" testId="25d0323f-d9aa-a3a0-cdf3-11dda3a558d5" testName="GetAccountsInternal_QueryForAccountsByMemberTest" computerName="TFSBUILD11" duration="00:00:00.2721115" startTime="2015-09-28T09:43:20.0928466-07:00" endTime="2015-09-28T09:43:20.3584902-07:00" testType="13cdc9d9-ddb5-4fa4-a97d-d965ccfc6d4b" outcome="Passed" testListId="8c84fa94-04c1-424b-9868-57a2d4851a1d" relativeResultsDirectory="d77059cb-4c10-49dc-905e-f17e5ccf0aaa" />
    <UnitTestResult executionId="f27c94f1-59e0-4a14-a0d9-f7108868f7cb" testId="c74db529-176f-d6d2-1821-e5fe66888b97" testName="GetAccountsInternal_QueryForAccountsByOwnerTest" computerName="TFSBUILD11" duration="00:00:00.0118027" startTime="2015-09-28T09:43:20.3584902-07:00" endTime="2015-09-28T09:43:20.3741169-07:00" testType="13cdc9d9-ddb5-4fa4-a97d-d965ccfc6d4b" outcome="Passed" testListId="8c84fa94-04c1-424b-9868-57a2d4851a1d" relativeResultsDirectory="f27c94f1-59e0-4a14-a0d9-f7108868f7cb" />
    <UnitTestResult executionId="61a94045-5bd5-49d4-8d60-3e14b481fe8d" testId="60ce3efd-c0ad-2d8d-64a5-5a32f296d50a" testName="PopulateServiceOwnerUrls_Test" computerName="TFSBUILD11" duration="00:00:00.0113231" startTime="2015-09-28T09:43:20.3741169-07:00" endTime="2015-09-28T09:43:20.3897424-07:00" testType="13cdc9d9-ddb5-4fa4-a97d-d965ccfc6d4b" outcome="Passed" testListId="8c84fa94-04c1-424b-9868-57a2d4851a1d" relativeResultsDirectory="61a94045-5bd5-49d4-8d60-3e14b481fe8d" />
    <UnitTestResult executionId="40e0fbea-cf31-4f2c-865e-d80d947a340e" testId="7821f9b0-f5c2-3104-0e8f-c5799b6774b9" testName="PopulateServiceOwnerUrls_SwallowExceptionTest" computerName="TFSBUILD11" duration="00:00:00.0119659" startTime="2015-09-28T09:43:20.3897424-07:00" endTime="2015-09-28T09:43:20.4053691-07:00" testType="13cdc9d9-ddb5-4fa4-a97d-d965ccfc6d4b" outcome="Passed" testListId="8c84fa94-04c1-424b-9868-57a2d4851a1d" relativeResultsDirectory="40e0fbea-cf31-4f2c-865e-d80d947a340e" />
    <UnitTestResult executionId="805608e8-b67a-4484-802f-fd53ef322445" testId="5c0bcbbd-2311-b1d9-77c6-819c7ee956a4" testName="PopulateAccountProperties_Test" computerName="TFSBUILD11" duration="00:00:00.0024334" startTime="2015-09-28T09:43:20.4053691-07:00" endTime="2015-09-28T09:43:20.4053691-07:00" testType="13cdc9d9-ddb5-4fa4-a97d-d965ccfc6d4b" outcome="Passed" testListId="8c84fa94-04c1-424b-9868-57a2d4851a1d" relativeResultsDirectory="805608e8-b67a-4484-802f-fd53ef322445" />
    <UnitTestResult executionId="3452aaf2-033a-411b-b34a-62d653eed29a" testId="e7f61e39-456e-171b-fb90-db2e068d62ba" testName="PopulateAccountProperties_TestMissingRegion" computerName="TFSBUILD11" duration="00:00:00.0008800" startTime="2015-09-28T09:43:20.4053691-07:00" endTime="2015-09-28T09:43:20.4053691-07:00" testType="13cdc9d9-ddb5-4fa4-a97d-d965ccfc6d4b" outcome="Passed" testListId="8c84fa94-04c1-424b-9868-57a2d4851a1d" relativeResultsDirectory="3452aaf2-033a-411b-b34a-62d653eed29a" />
    <UnitTestResult executionId="5b2d0ca9-79b6-4668-83df-8d24cb6125af" testId="b44aad92-2c22-c924-8fdf-c94939197a78" testName="GetPublishAccount_Test" computerName="TFSBUILD11" duration="00:00:00.0177242" startTime="2015-09-28T09:43:20.4053691-07:00" endTime="2015-09-28T09:43:20.4209949-07:00" testType="13cdc9d9-ddb5-4fa4-a97d-d965ccfc6d4b" outcome="Passed" testListId="8c84fa94-04c1-424b-9868-57a2d4851a1d" relativeResultsDirectory="5b2d0ca9-79b6-4668-83df-8d24cb6125af" />
    <UnitTestResult executionId="63090920-cc7d-41bc-80aa-e8451140f142" testId="bbdbcfc9-99cc-ae5b-e63e-96b5a4154680" testName="PlatformSubscriptionService_GetSubscriptionAccountTest" computerName="TFSBUILD11" duration="00:00:00.0162556" startTime="2015-09-28T09:43:20.4209949-07:00" endTime="2015-09-28T09:43:20.4366210-07:00" testType="13cdc9d9-ddb5-4fa4-a97d-d965ccfc6d4b" outcome="Passed" testListId="8c84fa94-04c1-424b-9868-57a2d4851a1d" relativeResultsDirectory="63090920-cc7d-41bc-80aa-e8451140f142" />
    <UnitTestResult executionId="35d1efdb-8a12-4ce2-82ba-409fb4f5af2f" testId="04665b29-1fa7-7c49-cb8a-6bb4442f77f5" testName="PlatformSubscriptionService_AddDeleteCIEventTest" computerName="TFSBUILD11" duration="00:00:00.0509322" startTime="2015-09-28T09:43:20.4366210-07:00" endTime="2015-09-28T09:43:20.4834991-07:00" testType="13cdc9d9-ddb5-4fa4-a97d-d965ccfc6d4b" outcome="Passed" testListId="8c84fa94-04c1-424b-9868-57a2d4851a1d" relativeResultsDirectory="35d1efdb-8a12-4ce2-82ba-409fb4f5af2f" />
    <UnitTestResult executionId="0d949518-b895-44a2-bff1-3ea185d0f332" testId="96ae31c5-4862-8be9-d7f2-56a333abaad2" testName="PlatformSubscriptionGetNotificationPublisher_NonNullTest" computerName="TFSBUILD11" duration="00:00:00.0319345" startTime="2015-09-28T09:43:20.4834991-07:00" endTime="2015-09-28T09:43:20.5147516-07:00" testType="13cdc9d9-ddb5-4fa4-a97d-d965ccfc6d4b" outcome="Passed" testListId="8c84fa94-04c1-424b-9868-57a2d4851a1d" relativeResultsDirectory="0d949518-b895-44a2-bff1-3ea185d0f332" />
    <UnitTestResult executionId="a6bd76fb-bed9-4117-a65e-25515249345d" testId="6c1b0a4e-dcf1-b496-07c6-239551a8dbc3" testName="PlatformSubscriptionGetNotificationPublisher_ExceptionTest" computerName="TFSBUILD11" duration="00:00:00.0068559" startTime="2015-09-28T09:43:20.5147516-07:00" endTime="2015-09-28T09:43:20.5303777-07:00" testType="13cdc9d9-ddb5-4fa4-a97d-d965ccfc6d4b" outcome="Passed" testListId="8c84fa94-04c1-424b-9868-57a2d4851a1d" relativeResultsDirectory="a6bd76fb-bed9-4117-a65e-25515249345d" />
    <UnitTestResult executionId="76c6ae40-c771-4513-8240-f410f613571c" testId="b850ed5c-8f4d-f8e1-bada-4253a378788f" testName="ServiceStart_Test" computerName="TFSBUILD11" duration="00:00:00.0191703" startTime="2015-09-28T09:43:20.5303777-07:00" endTime="2015-09-28T09:43:20.5460032-07:00" testType="13cdc9d9-ddb5-4fa4-a97d-d965ccfc6d4b" outcome="Passed" testListId="8c84fa94-04c1-424b-9868-57a2d4851a1d" relativeResultsDirectory="76c6ae40-c771-4513-8240-f410f613571c" />
    <UnitTestResult executionId="197f6b78-9566-442d-9fa6-ae89edaf67db" testId="fa4df64c-0864-cf9f-5a8b-2fc688fcb1ce" testName="ServiceStart_NullNotificationProviderTest" computerName="TFSBUILD11" duration="00:00:00.0090572" startTime="2015-09-28T09:43:20.5460032-07:00" endTime="2015-09-28T09:43:20.5616293-07:00" testType="13cdc9d9-ddb5-4fa4-a97d-d965ccfc6d4b" outcome="Passed" testListId="8c84fa94-04c1-424b-9868-57a2d4851a1d" relativeResultsDirectory="197f6b78-9566-442d-9fa6-ae89edaf67db" />
    <UnitTestResult executionId="80097fc0-b699-43b3-aa6c-5fc6cdf34cb1" testId="75d0c8f8-7690-69ff-8153-78029eeb6697" testName="ServiceStart_NonDeploymentHostTypeTest" computerName="TFSBUILD11" duration="00:00:00.0166260" startTime="2015-09-28T09:43:20.5616293-07:00" endTime="2015-09-28T09:43:20.5772557-07:00" testType="13cdc9d9-ddb5-4fa4-a97d-d965ccfc6d4b" outcome="Passed" testListId="8c84fa94-04c1-424b-9868-57a2d4851a1d" relativeResultsDirectory="80097fc0-b699-43b3-aa6c-5fc6cdf34cb1" />
    <UnitTestResult executionId="da9b8af2-d4b3-4d93-b3fd-9723fea47acf" testId="126ba6fd-4a44-dff6-813c-57da14027b2d" testName="ServiceEnd_Test" computerName="TFSBUILD11" duration="00:00:00.0046537" startTime="2015-09-28T09:43:20.5772557-07:00" endTime="2015-09-28T09:43:20.5772557-07:00" testType="13cdc9d9-ddb5-4fa4-a97d-d965ccfc6d4b" outcome="Passed" testListId="8c84fa94-04c1-424b-9868-57a2d4851a1d" relativeResultsDirectory="da9b8af2-d4b3-4d93-b3fd-9723fea47acf" />
    <UnitTestResult executionId="3fb09fea-e071-4edf-ab73-b6bc93edb28e" testId="097208be-da37-5a24-8573-a38cadb7e9c3" testName="PlatformSubscriptionGetAzureResourceAccount_Test" computerName="TFSBUILD11" duration="00:00:00.0576004" startTime="2015-09-28T09:43:20.5772557-07:00" endTime="2015-09-28T09:43:20.6397602-07:00" testType="13cdc9d9-ddb5-4fa4-a97d-d965ccfc6d4b" outcome="Passed" testListId="8c84fa94-04c1-424b-9868-57a2d4851a1d" relativeResultsDirectory="3fb09fea-e071-4edf-ab73-b6bc93edb28e" />
    <UnitTestResult executionId="7d72bd4e-5d17-4ea5-a624-6eba4baba7af" testId="55a37e48-0e83-0486-661f-11eb093954cf" testName="PlatformSubscriptionGetAzureResourceAccount_ExceptionTest" computerName="TFSBUILD11" duration="00:00:00.0150061" startTime="2015-09-28T09:43:20.6397602-07:00" endTime="2015-09-28T09:43:20.6553860-07:00" testType="13cdc9d9-ddb5-4fa4-a97d-d965ccfc6d4b" outcome="Passed" testListId="8c84fa94-04c1-424b-9868-57a2d4851a1d" relativeResultsDirectory="7d72bd4e-5d17-4ea5-a624-6eba4baba7af" />
    <UnitTestResult executionId="38a2b8ca-cc92-47aa-b376-20d351107a24" testId="6e26902d-23ec-38a7-7d58-2958bc17f6d4" testName="PlatformSubscriptionGetAzureResourceAccountByAccountId_Test" computerName="TFSBUILD11" duration="00:00:00.0157616" startTime="2015-09-28T09:43:20.6553860-07:00" endTime="2015-09-28T09:43:20.6710124-07:00" testType="13cdc9d9-ddb5-4fa4-a97d-d965ccfc6d4b" outcome="Passed" testListId="8c84fa94-04c1-424b-9868-57a2d4851a1d" relativeResultsDirectory="38a2b8ca-cc92-47aa-b376-20d351107a24" />
    <UnitTestResult executionId="c81da068-f1ea-4575-af7d-1eefd4f4e6f0" testId="e4042a7e-ade4-1cdf-76b9-0a5d788d8892" testName="PlatformSubscriptionGetAzureResourceAccountByAccountId_ExceptionTest" computerName="TFSBUILD11" duration="00:00:00.0281457" startTime="2015-09-28T09:43:20.6710124-07:00" endTime="2015-09-28T09:43:20.7022641-07:00" testType="13cdc9d9-ddb5-4fa4-a97d-d965ccfc6d4b" outcome="Passed" testListId="8c84fa94-04c1-424b-9868-57a2d4851a1d" relativeResultsDirectory="c81da068-f1ea-4575-af7d-1eefd4f4e6f0" />
    <UnitTestResult executionId="e1c18bba-75e2-42b3-a237-cd1ff2f305ee" testId="5806ea5a-9557-109f-a502-0323bac29df4" testName="PlatformSubscriptionQueryForAzureResourceAccountsBySubscriptionId_Test" computerName="TFSBUILD11" duration="00:00:00.0636158" startTime="2015-09-28T09:43:20.7022641-07:00" endTime="2015-09-28T09:43:20.7647691-07:00" testType="13cdc9d9-ddb5-4fa4-a97d-d965ccfc6d4b" outcome="Passed" testListId="8c84fa94-04c1-424b-9868-57a2d4851a1d" relativeResultsDirectory="e1c18bba-75e2-42b3-a237-cd1ff2f305ee" />
    <UnitTestResult executionId="3e632d38-6d9a-4bc2-b65e-cda3fbf7908b" testId="a30ded10-c14b-4c00-17b7-bf3881aca5dd" testName="PlatformSubscriptionQueryForAzureResourceAccountsBySubscriptionId_ExceptionTest" computerName="TFSBUILD11" duration="00:00:00.0150357" startTime="2015-09-28T09:43:20.7647691-07:00" endTime="2015-09-28T09:43:20.7803946-07:00" testType="13cdc9d9-ddb5-4fa4-a97d-d965ccfc6d4b" outcome="Passed" testListId="8c84fa94-04c1-424b-9868-57a2d4851a1d" relativeResultsDirectory="3e632d38-6d9a-4bc2-b65e-cda3fbf7908b" />
    <UnitTestResult executionId="2f944270-3d89-4fdf-b2ef-184a2b0f169e" testId="ed924527-4e30-1585-e1ea-ba14c1ba2305" testName="GetAzureResourceAccountsCountBySubscriptionId_Test" computerName="TFSBUILD11" duration="00:00:00.0110970" startTime="2015-09-28T09:43:20.7803946-07:00" endTime="2015-09-28T09:43:20.7803946-07:00" testType="13cdc9d9-ddb5-4fa4-a97d-d965ccfc6d4b" outcome="Passed" testListId="8c84fa94-04c1-424b-9868-57a2d4851a1d" relativeResultsDirectory="2f944270-3d89-4fdf-b2ef-184a2b0f169e" />
    <UnitTestResult executionId="e4313578-920a-453e-bfa4-d64fcf210814" testId="54e65164-e0bb-e100-ba21-41a2cfab0cf5" testName="GetAzureResourceAccountsCountBySubscriptionId_ExceptionTest" computerName="TFSBUILD11" duration="00:00:00.0106248" startTime="2015-09-28T09:43:20.7803946-07:00" endTime="2015-09-28T09:43:20.7960210-07:00" testType="13cdc9d9-ddb5-4fa4-a97d-d965ccfc6d4b" outcome="Passed" testListId="8c84fa94-04c1-424b-9868-57a2d4851a1d" relativeResultsDirectory="e4313578-920a-453e-bfa4-d64fcf210814" />
    <UnitTestResult executionId="8e1bdeae-9af3-4b57-8dc2-a3055e4c8016" testId="e790de26-26a2-6498-ebe1-acb363e8bd96" testName="PlatformSubscriptionCreateAzureResourceAccount_Test" computerName="TFSBUILD11" duration="00:00:00.0177239" startTime="2015-09-28T09:43:20.7960210-07:00" endTime="2015-09-28T09:43:20.8116471-07:00" testType="13cdc9d9-ddb5-4fa4-a97d-d965ccfc6d4b" outcome="Passed" testListId="8c84fa94-04c1-424b-9868-57a2d4851a1d" relativeResultsDirectory="8e1bdeae-9af3-4b57-8dc2-a3055e4c8016" />
    <UnitTestResult executionId="5637cc50-ef44-40b2-ada8-524b59130175" testId="ecf7bbe6-753b-49ca-b929-cd38a59850be" testName="PlatformSubscriptionCreateAzureResourceAccount_SubscriptionDisabledTest" computerName="TFSBUILD11" duration="00:00:00.0092046" startTime="2015-09-28T09:43:20.8116471-07:00" endTime="2015-09-28T09:43:20.8272735-07:00" testType="13cdc9d9-ddb5-4fa4-a97d-d965ccfc6d4b" outcome="Passed" testListId="8c84fa94-04c1-424b-9868-57a2d4851a1d" relativeResultsDirectory="5637cc50-ef44-40b2-ada8-524b59130175" />
    <UnitTestResult executionId="96368e69-dcda-44f0-b36a-ce95c0df7600" testId="91cab532-bbcc-cd93-8e28-5f97b25519bd" testName="PlatformSubscriptionCreateAzureResourceAccount_ExceptionTest" computerName="TFSBUILD11" duration="00:00:00.0204222" startTime="2015-09-28T09:43:20.8272735-07:00" endTime="2015-09-28T09:43:20.8428996-07:00" testType="13cdc9d9-ddb5-4fa4-a97d-d965ccfc6d4b" outcome="Passed" testListId="8c84fa94-04c1-424b-9868-57a2d4851a1d" relativeResultsDirectory="96368e69-dcda-44f0-b36a-ce95c0df7600" />
    <UnitTestResult executionId="608072b4-1c02-46c7-a0c5-95b1d179e3b4" testId="ac37f72e-1284-87fd-82df-19e92e68ccd9" testName="PlatformSubscriptionUpdateAzureResourceAccount_Test" computerName="TFSBUILD11" duration="00:00:00.0113313" startTime="2015-09-28T09:43:20.8428996-07:00" endTime="2015-09-28T09:43:20.8585252-07:00" testType="13cdc9d9-ddb5-4fa4-a97d-d965ccfc6d4b" outcome="Passed" testListId="8c84fa94-04c1-424b-9868-57a2d4851a1d" relativeResultsDirectory="608072b4-1c02-46c7-a0c5-95b1d179e3b4" />
    <UnitTestResult executionId="7a08e82e-fc20-4bff-abbe-818c0ae9c09b" testId="e7aa133e-476d-e545-6827-5b17c8c37bda" testName="PlatformSubscriptionDeleteAzureResourceAccount_Test" computerName="TFSBUILD11" duration="00:00:00.0413350" startTime="2015-09-28T09:43:20.8585252-07:00" endTime="2015-09-28T09:43:20.9054038-07:00" testType="13cdc9d9-ddb5-4fa4-a97d-d965ccfc6d4b" outcome="Passed" testListId="8c84fa94-04c1-424b-9868-57a2d4851a1d" relativeResultsDirectory="7a08e82e-fc20-4bff-abbe-818c0ae9c09b" />
    <UnitTestResult executionId="5e14552e-649e-4ce9-a37f-445a0ae96d00" testId="eea7b530-87a4-62e4-8951-f5732384faf8" testName="PlatformSubscriptionDeleteAzureResourceAccount_NoReset" computerName="TFSBUILD11" duration="00:00:00.1174699" startTime="2015-09-28T09:43:20.9054038-07:00" endTime="2015-09-28T09:43:21.0147869-07:00" testType="13cdc9d9-ddb5-4fa4-a97d-d965ccfc6d4b" outcome="Passed" testListId="8c84fa94-04c1-424b-9868-57a2d4851a1d" relativeResultsDirectory="5e14552e-649e-4ce9-a37f-445a0ae96d00" />
    <UnitTestResult executionId="b0908ef4-d6e2-4309-8e70-810f110d9b22" testId="c95222c3-63ab-5f05-ea84-c65d2e1edeea" testName="PlatformSubscriptionDeleteAzureResourceAccount_AccountGuidEmpty" computerName="TFSBUILD11" duration="00:00:00.0339796" startTime="2015-09-28T09:43:21.0147869-07:00" endTime="2015-09-28T09:43:21.0460388-07:00" testType="13cdc9d9-ddb5-4fa4-a97d-d965ccfc6d4b" outcome="Passed" testListId="8c84fa94-04c1-424b-9868-57a2d4851a1d" relativeResultsDirectory="b0908ef4-d6e2-4309-8e70-810f110d9b22" />
    <UnitTestResult executionId="a331cb2d-c748-4a44-beef-655dd6ef1518" testId="ba81035a-81b6-a186-c002-c0d73895dfab" testName="PlatformSubscriptionDeleteAzureResourceAccount_ExceptionTest" computerName="TFSBUILD11" duration="00:00:00.0140287" startTime="2015-09-28T09:43:21.0460388-07:00" endTime="2015-09-28T09:43:21.0616652-07:00" testType="13cdc9d9-ddb5-4fa4-a97d-d965ccfc6d4b" outcome="Passed" testListId="8c84fa94-04c1-424b-9868-57a2d4851a1d" relativeResultsDirectory="a331cb2d-c748-4a44-beef-655dd6ef1518" />
    <UnitTestResult executionId="9202187d-2275-4d3b-8db0-9aba5216444b" testId="67b8a0c8-0f74-7355-9016-f271d4290eb1" testName="PlatformSubscriptionDeleteAzureCloudService_Test" computerName="TFSBUILD11" duration="00:00:00.0977906" startTime="2015-09-28T09:43:21.0616652-07:00" endTime="2015-09-28T09:43:21.1554219-07:00" testType="13cdc9d9-ddb5-4fa4-a97d-d965ccfc6d4b" outcome="Passed" testListId="8c84fa94-04c1-424b-9868-57a2d4851a1d" relativeResultsDirectory="9202187d-2275-4d3b-8db0-9aba5216444b" />
    <UnitTestResult executionId="7356c9f0-ab62-4f45-94cf-b754a39828e8" testId="fbda5ca2-246f-7a33-db68-863e08c3b367" testName="PlatformSubscriptionDeleteAzureCloudService_ExceptionTest" computerName="TFSBUILD11" duration="00:00:00.0135133" startTime="2015-09-28T09:43:21.1554219-07:00" endTime="2015-09-28T09:43:21.1710480-07:00" testType="13cdc9d9-ddb5-4fa4-a97d-d965ccfc6d4b" outcome="Passed" testListId="8c84fa94-04c1-424b-9868-57a2d4851a1d" relativeResultsDirectory="7356c9f0-ab62-4f45-94cf-b754a39828e8" />
    <UnitTestResult executionId="52a8e8f6-7677-4e53-bc56-1740711f6173" testId="853dbd76-a60b-1005-3361-3038a71cbe96" testName="PlatformSubscriptionGetAzureSubscription_Test" computerName="TFSBUILD11" duration="00:00:00.0177188" startTime="2015-09-28T09:43:21.1710480-07:00" endTime="2015-09-28T09:43:21.1866735-07:00" testType="13cdc9d9-ddb5-4fa4-a97d-d965ccfc6d4b" outcome="Passed" testListId="8c84fa94-04c1-424b-9868-57a2d4851a1d" relativeResultsDirectory="52a8e8f6-7677-4e53-bc56-1740711f6173" />
    <UnitTestResult executionId="e3c5f20c-1d6e-4363-afc1-eb02aade4c39" testId="1478882a-246b-95c8-ffd0-1eadd7a34465" testName="PlatformSubscriptionGetAzureSubscription_ExceptionTest" computerName="TFSBUILD11" duration="00:00:00.0138248" startTime="2015-09-28T09:43:21.2022996-07:00" endTime="2015-09-28T09:43:21.2022996-07:00" testType="13cdc9d9-ddb5-4fa4-a97d-d965ccfc6d4b" outcome="Passed" testListId="8c84fa94-04c1-424b-9868-57a2d4851a1d" relativeResultsDirectory="e3c5f20c-1d6e-4363-afc1-eb02aade4c39" />
    <UnitTestResult executionId="e3844e0d-51a7-4ca1-91d9-cb1478bd886d" testId="1a0c75ba-df6b-30d9-587b-2deb0e5eeafa" testName="PlatformSubscriptionCreateAzureSubscription_Test" computerName="TFSBUILD11" duration="00:00:00.0167790" startTime="2015-09-28T09:43:21.2022996-07:00" endTime="2015-09-28T09:43:21.2179257-07:00" testType="13cdc9d9-ddb5-4fa4-a97d-d965ccfc6d4b" outcome="Passed" testListId="8c84fa94-04c1-424b-9868-57a2d4851a1d" relativeResultsDirectory="e3844e0d-51a7-4ca1-91d9-cb1478bd886d" />
    <UnitTestResult executionId="3645bbec-05c2-4a12-adcf-e3204de86983" testId="7dee31ee-3fa6-7f03-3d98-571751569b35" testName="PlatformSubscriptionCreateAzureSubscription_ExceptionTest" computerName="TFSBUILD11" duration="00:00:00.0266939" startTime="2015-09-28T09:43:21.2179257-07:00" endTime="2015-09-28T09:43:21.2491797-07:00" testType="13cdc9d9-ddb5-4fa4-a97d-d965ccfc6d4b" outcome="Passed" testListId="8c84fa94-04c1-424b-9868-57a2d4851a1d" relativeResultsDirectory="3645bbec-05c2-4a12-adcf-e3204de86983" />
    <UnitTestResult executionId="07a9bf85-7897-4602-bc21-c4b3c2e0c20f" testId="e3be60d7-17c0-8e3e-4a81-a6f2626402c9" testName="PlatformSubscriptionUpdateAzureSubscription_Test" computerName="TFSBUILD11" duration="00:00:00.0203439" startTime="2015-09-28T09:43:21.2491797-07:00" endTime="2015-09-28T09:43:21.2804299-07:00" testType="13cdc9d9-ddb5-4fa4-a97d-d965ccfc6d4b" outcome="Passed" testListId="8c84fa94-04c1-424b-9868-57a2d4851a1d" relativeResultsDirectory="07a9bf85-7897-4602-bc21-c4b3c2e0c20f" />
    <UnitTestResult executionId="f8b6bf1c-48fd-456d-a1b9-1125739d881b" testId="f1c0e423-b0d0-cf74-13c7-58575ab6e97a" testName="PlatformSubscriptionUpdateAzureSubscription_NoReset" computerName="TFSBUILD11" duration="00:00:00.0222742" startTime="2015-09-28T09:43:21.2804299-07:00" endTime="2015-09-28T09:43:21.2960569-07:00" testType="13cdc9d9-ddb5-4fa4-a97d-d965ccfc6d4b" outcome="Passed" testListId="8c84fa94-04c1-424b-9868-57a2d4851a1d" relativeResultsDirectory="f8b6bf1c-48fd-456d-a1b9-1125739d881b" />
    <UnitTestResult executionId="25491a9b-2f7a-4bd7-b5b0-96a04d69af75" testId="098d548f-8dd3-edd4-f86e-13a27b74d3fa" testName="PlatformSubscriptionUpdateAzureSubscription_HasDefaultTest" computerName="TFSBUILD11" duration="00:00:00.0168018" startTime="2015-09-28T09:43:21.2960569-07:00" endTime="2015-09-28T09:43:21.3116835-07:00" testType="13cdc9d9-ddb5-4fa4-a97d-d965ccfc6d4b" outcome="Passed" testListId="8c84fa94-04c1-424b-9868-57a2d4851a1d" relativeResultsDirectory="25491a9b-2f7a-4bd7-b5b0-96a04d69af75" />
    <UnitTestResult executionId="b2d67133-4f17-4abd-8331-36f48d777e16" testId="b1573eaa-3e23-1901-d19a-f15c05a9ea1a" testName="PlatformSubscriptionUpdateAzureSubscription_HasDefaultDifferentSubscriptionStatusTest" computerName="TFSBUILD11" duration="00:00:00.0203075" startTime="2015-09-28T09:43:21.3116835-07:00" endTime="2015-09-28T09:43:21.3273094-07:00" testType="13cdc9d9-ddb5-4fa4-a97d-d965ccfc6d4b" outcome="Passed" testListId="8c84fa94-04c1-424b-9868-57a2d4851a1d" relativeResultsDirectory="b2d67133-4f17-4abd-8331-36f48d777e16" />
    <UnitTestResult executionId="d056c74e-d4df-4dea-8643-ca4996e989b4" testId="50c347ee-78f8-7368-0489-c1955135917d" testName="PlatformSubscriptionUpdateAzureSubscription_ExceptionTest" computerName="TFSBUILD11" duration="00:00:00.0164562" startTime="2015-09-28T09:43:21.3273094-07:00" endTime="2015-09-28T09:43:21.3429349-07:00" testType="13cdc9d9-ddb5-4fa4-a97d-d965ccfc6d4b" outcome="Passed" testListId="8c84fa94-04c1-424b-9868-57a2d4851a1d" relativeResultsDirectory="d056c74e-d4df-4dea-8643-ca4996e989b4" />
    <UnitTestResult executionId="7e8c85a0-7323-4fa1-b9ed-3a5837a4a171" testId="c383c7d3-e502-ef44-2441-c98841b637be" testName="PlatformSubscriptionIsAccountLinked_TrueTest" computerName="TFSBUILD11" duration="00:00:00.0155550" startTime="2015-09-28T09:43:21.3429349-07:00" endTime="2015-09-28T09:43:21.3585616-07:00" testType="13cdc9d9-ddb5-4fa4-a97d-d965ccfc6d4b" outcome="Passed" testListId="8c84fa94-04c1-424b-9868-57a2d4851a1d" relativeResultsDirectory="7e8c85a0-7323-4fa1-b9ed-3a5837a4a171" />
    <UnitTestResult executionId="f75d7ec9-7b29-4903-abb9-03d38d36383d" testId="b02801e2-95c9-374f-c781-85c597bf998a" testName="PlatformSubscriptionIsAccountLinked_FalseNotLinkedTest" computerName="TFSBUILD11" duration="00:00:00.0189937" startTime="2015-09-28T09:43:21.3585616-07:00" endTime="2015-09-28T09:43:21.3898132-07:00" testType="13cdc9d9-ddb5-4fa4-a97d-d965ccfc6d4b" outcome="Passed" testListId="8c84fa94-04c1-424b-9868-57a2d4851a1d" relativeResultsDirectory="f75d7ec9-7b29-4903-abb9-03d38d36383d" />
    <UnitTestResult executionId="716c2707-a3ff-425a-878d-97dae343258d" testId="b8c24804-ef07-7ace-7832-39df1d689ead" testName="PlatformSubscriptionIsAccountLinked_FalseAccountNullTest" computerName="TFSBUILD11" duration="00:00:00.0131592" startTime="2015-09-28T09:43:21.3898132-07:00" endTime="2015-09-28T09:43:21.4054391-07:00" testType="13cdc9d9-ddb5-4fa4-a97d-d965ccfc6d4b" outcome="Passed" testListId="8c84fa94-04c1-424b-9868-57a2d4851a1d" relativeResultsDirectory="716c2707-a3ff-425a-878d-97dae343258d" />
    <UnitTestResult executionId="2331a559-5f6c-4d0c-a67b-a1dca66b4fd1" testId="cf028cd8-916f-ad5d-567f-fa3a55988d30" testName="PlatformSubscriptionLinkAccount_ValidateCheckForNullRequestContext" computerName="TFSBUILD11" duration="00:00:00.0029172" startTime="2015-09-28T09:43:21.4054391-07:00" endTime="2015-09-28T09:43:21.4054391-07:00" testType="13cdc9d9-ddb5-4fa4-a97d-d965ccfc6d4b" outcome="Passed" testListId="8c84fa94-04c1-424b-9868-57a2d4851a1d" relativeResultsDirectory="2331a559-5f6c-4d0c-a67b-a1dca66b4fd1" />
    <UnitTestResult executionId="464cb51b-cf9f-4da8-8463-10b37803130e" testId="1ed9eb85-6ab3-e1bd-500f-de9df09f9daa" testName="PlatformSubscriptionLinkAccount_ValidateCheckForNullAzureResourceAccount" computerName="TFSBUILD11" duration="00:00:00.0087631" startTime="2015-09-28T09:43:21.4054391-07:00" endTime="2015-09-28T09:43:21.4054391-07:00" testType="13cdc9d9-ddb5-4fa4-a97d-d965ccfc6d4b" outcome="Passed" testListId="8c84fa94-04c1-424b-9868-57a2d4851a1d" relativeResultsDirectory="464cb51b-cf9f-4da8-8463-10b37803130e" />
    <UnitTestResult executionId="308882c3-6f54-4fb6-b1d6-729852567bf0" testId="b2d6b1bc-70b7-50e6-d451-fab1d07412a4" testName="PlatformSubscriptionLinkAccount_ValidateCheckForNullAccount" computerName="TFSBUILD11" duration="00:00:00.0083703" startTime="2015-09-28T09:43:21.4054391-07:00" endTime="2015-09-28T09:43:21.4210657-07:00" testType="13cdc9d9-ddb5-4fa4-a97d-d965ccfc6d4b" outcome="Passed" testListId="8c84fa94-04c1-424b-9868-57a2d4851a1d" relativeResultsDirectory="308882c3-6f54-4fb6-b1d6-729852567bf0" />
    <UnitTestResult executionId="a419c761-0efd-4f8f-b7b7-465d44b107a7" testId="c27c1c9c-6470-14c8-2f4c-d813d74a68eb" testName="PlatformSubscriptionLinkAccount_ValidateCheckForNullIdentity" computerName="TFSBUILD11" duration="00:00:00.0084875" startTime="2015-09-28T09:43:21.4210657-07:00" endTime="2015-09-28T09:43:21.4210657-07:00" testType="13cdc9d9-ddb5-4fa4-a97d-d965ccfc6d4b" outcome="Passed" testListId="8c84fa94-04c1-424b-9868-57a2d4851a1d" relativeResultsDirectory="a419c761-0efd-4f8f-b7b7-465d44b107a7" />
    <UnitTestResult executionId="e7e8cca9-2aa5-4fb5-8ea8-f079d4851300" testId="12299a96-a2e4-030f-7888-96efa50626db" testName="PlatformSubscriptionLinkAccount_ValidateCheckForEmptyGuidSubscriptionId" computerName="TFSBUILD11" duration="00:00:00.0091534" startTime="2015-09-28T09:43:21.4210657-07:00" endTime="2015-09-28T09:43:21.4366916-07:00" testType="13cdc9d9-ddb5-4fa4-a97d-d965ccfc6d4b" outcome="Passed" testListId="8c84fa94-04c1-424b-9868-57a2d4851a1d" relativeResultsDirectory="e7e8cca9-2aa5-4fb5-8ea8-f079d4851300" />
    <UnitTestResult executionId="819aa935-03cc-4ea6-aba6-2033f7aa1cf0" testId="b30d8417-d226-124d-e8fe-6c5364324fa1" testName="PlatformSubscriptionLinkAccount_ValidateCheckForEmptyGuidAccountId" computerName="TFSBUILD11" duration="00:00:00.0085947" startTime="2015-09-28T09:43:21.4366916-07:00" endTime="2015-09-28T09:43:21.4523182-07:00" testType="13cdc9d9-ddb5-4fa4-a97d-d965ccfc6d4b" outcome="Passed" testListId="8c84fa94-04c1-424b-9868-57a2d4851a1d" relativeResultsDirectory="819aa935-03cc-4ea6-aba6-2033f7aa1cf0" />
    <UnitTestResult executionId="b81bcd7d-e21a-4a7e-9f2f-ef1bd79178cb" testId="7c13e6bc-35ce-33e0-48d0-da1dcce9a8c6" testName="PlatformSubscriptionLinkAccount_ValidateCheckForEmptyGuidIdentityId" computerName="TFSBUILD11" duration="00:00:00.0149745" startTime="2015-09-28T09:43:21.4523182-07:00" endTime="2015-09-28T09:43:21.4679441-07:00" testType="13cdc9d9-ddb5-4fa4-a97d-d965ccfc6d4b" outcome="Passed" testListId="8c84fa94-04c1-424b-9868-57a2d4851a1d" relativeResultsDirectory="b81bcd7d-e21a-4a7e-9f2f-ef1bd79178cb" />
    <UnitTestResult executionId="f04791f8-edac-43c1-b741-49126e122b87" testId="b0f1379e-d02d-d854-ea24-55ddaf0c491d" testName="PlatformSubscriptionLinkAccount_Test" computerName="TFSBUILD11" duration="00:00:00.0268790" startTime="2015-09-28T09:43:21.4679441-07:00" endTime="2015-09-28T09:43:21.4835696-07:00" testType="13cdc9d9-ddb5-4fa4-a97d-d965ccfc6d4b" outcome="Passed" testListId="8c84fa94-04c1-424b-9868-57a2d4851a1d" relativeResultsDirectory="f04791f8-edac-43c1-b741-49126e122b87" />
    <UnitTestResult executionId="0f7cd846-7148-418a-91c0-4ffa217f41b4" testId="4c2f6218-f956-5742-438c-8588a52ff34e" testName="PlatformSubscriptionLinkAccount_NoReset" computerName="TFSBUILD11" duration="00:00:00.0205502" startTime="2015-09-28T09:43:21.4835696-07:00" endTime="2015-09-28T09:43:21.5148221-07:00" testType="13cdc9d9-ddb5-4fa4-a97d-d965ccfc6d4b" outcome="Passed" testListId="8c84fa94-04c1-424b-9868-57a2d4851a1d" relativeResultsDirectory="0f7cd846-7148-418a-91c0-4ffa217f41b4" />
    <UnitTestResult executionId="d5d787c7-1cb9-4ff4-87bc-a6a433f2728a" testId="4914ce74-2b86-1c63-aed6-b72ca651b118" testName="PlatformSubscriptionLinkAccount_NullTest" computerName="TFSBUILD11" duration="00:00:00.0200527" startTime="2015-09-28T09:43:21.5148221-07:00" endTime="2015-09-28T09:43:21.5304482-07:00" testType="13cdc9d9-ddb5-4fa4-a97d-d965ccfc6d4b" outcome="Passed" testListId="8c84fa94-04c1-424b-9868-57a2d4851a1d" relativeResultsDirectory="d5d787c7-1cb9-4ff4-87bc-a6a433f2728a" />
    <UnitTestResult executionId="4e3f7ce6-0d1d-40eb-9eb3-ed30419a4a40" testId="fbf5b499-2c8a-705f-b0cf-288ee13f7bd5" testName="PlatformSubscriptionLinkAccount_FailureAccountDneTest" computerName="TFSBUILD11" duration="00:00:00.0205496" startTime="2015-09-28T09:43:21.5304482-07:00" endTime="2015-09-28T09:43:21.5460746-07:00" testType="13cdc9d9-ddb5-4fa4-a97d-d965ccfc6d4b" outcome="Passed" testListId="8c84fa94-04c1-424b-9868-57a2d4851a1d" relativeResultsDirectory="4e3f7ce6-0d1d-40eb-9eb3-ed30419a4a40" />
    <UnitTestResult executionId="fe4003bc-0314-46d7-b54f-bbd2766aaf44" testId="f46d2246-e864-0d1c-83aa-79d60b6106b0" testName="PlatformSubscriptionLinkAccount_MultipleAccountsPerSubscriptionTest" computerName="TFSBUILD11" startTime="2015-09-28T09:43:21.5460746-07:00" endTime="2015-09-28T09:43:21.5460746-07:00" testType="13cdc9d9-ddb5-4fa4-a97d-d965ccfc6d4b" outcome="NotExecuted" testListId="8c84fa94-04c1-424b-9868-57a2d4851a1d" relativeResultsDirectory="fe4003bc-0314-46d7-b54f-bbd2766aaf44" />
    <UnitTestResult executionId="3b3f1ad9-9db2-4b27-a490-8994ef9df809" testId="358e06af-ffea-97b0-f643-648462535a81" testName="PlatformSubscriptionLinkAccount_FailureSubscriptionDisabledTest" computerName="TFSBUILD11" duration="00:00:00.0254443" startTime="2015-09-28T09:43:21.5460746-07:00" endTime="2015-09-28T09:43:21.5773260-07:00" testType="13cdc9d9-ddb5-4fa4-a97d-d965ccfc6d4b" outcome="Passed" testListId="8c84fa94-04c1-424b-9868-57a2d4851a1d" relativeResultsDirectory="3b3f1ad9-9db2-4b27-a490-8994ef9df809" />
    <UnitTestResult executionId="312ff495-a60a-40fe-b8d7-1f38dab6ef30" testId="b43a4863-2b4d-303a-a6ee-f929934050ac" testName="PlatformSubscriptionLinkAccount_FailureRequestorNotAccountOwnerTest" computerName="TFSBUILD11" duration="00:00:00.0536611" startTime="2015-09-28T09:43:21.5773260-07:00" endTime="2015-09-28T09:43:21.6242055-07:00" testType="13cdc9d9-ddb5-4fa4-a97d-d965ccfc6d4b" outcome="Passed" testListId="8c84fa94-04c1-424b-9868-57a2d4851a1d" relativeResultsDirectory="312ff495-a60a-40fe-b8d7-1f38dab6ef30" />
    <UnitTestResult executionId="dae2f762-6f09-4ab6-b676-45c859f590ff" testId="986f82f2-267a-83eb-048c-8c03907b71d5" testName="PlatformSubscriptionLinkAccount_FailureAccountAlreadyLinkedTest" computerName="TFSBUILD11" startTime="2015-09-28T09:43:21.6242055-07:00" endTime="2015-09-28T09:43:21.6242055-07:00" testType="13cdc9d9-ddb5-4fa4-a97d-d965ccfc6d4b" outcome="NotExecuted" testListId="8c84fa94-04c1-424b-9868-57a2d4851a1d" relativeResultsDirectory="dae2f762-6f09-4ab6-b676-45c859f590ff" />
    <UnitTestResult executionId="2d51da77-7be2-456f-a297-3092055496d0" testId="da2033fa-ad5a-78dd-4f86-595b9d002901" testName="PlatformSubscriptionLinkAccountByName_Test" computerName="TFSBUILD11" duration="00:00:00.0262288" startTime="2015-09-28T09:43:21.6242055-07:00" endTime="2015-09-28T09:43:21.6554574-07:00" testType="13cdc9d9-ddb5-4fa4-a97d-d965ccfc6d4b" outcome="Passed" testListId="8c84fa94-04c1-424b-9868-57a2d4851a1d" relativeResultsDirectory="2d51da77-7be2-456f-a297-3092055496d0" />
    <UnitTestResult executionId="fc7ef566-de4a-4eba-904a-07def8cb8a82" testId="84ce3e5a-9ae1-4c40-4a54-c69a89e1bcfe" testName="PlatformSubscriptionCreateAndLinkAccount_Test" computerName="TFSBUILD11" duration="00:00:00.1768629" startTime="2015-09-28T09:43:21.6554574-07:00" endTime="2015-09-28T09:43:21.8273443-07:00" testType="13cdc9d9-ddb5-4fa4-a97d-d965ccfc6d4b" outcome="Passed" testListId="8c84fa94-04c1-424b-9868-57a2d4851a1d" relativeResultsDirectory="fc7ef566-de4a-4eba-904a-07def8cb8a82" />
    <UnitTestResult executionId="b1bc609a-9fd5-4508-b6cd-f0a6e4217828" testId="a0b4baab-e57c-a22c-d959-2e7e7b202653" testName="PlatformSubscriptionCreateAndLinkAccount_MultipleAccountsPerSubscriptionTest" computerName="TFSBUILD11" duration="00:00:00.0409115" startTime="2015-09-28T09:43:21.8273443-07:00" endTime="2015-09-28T09:43:21.8742230-07:00" testType="13cdc9d9-ddb5-4fa4-a97d-d965ccfc6d4b" outcome="Passed" testListId="8c84fa94-04c1-424b-9868-57a2d4851a1d" relativeResultsDirectory="b1bc609a-9fd5-4508-b6cd-f0a6e4217828" />
    <UnitTestResult executionId="82c44075-4490-45c0-a4a8-d6058ecb4272" testId="03689066-d2d9-b615-1fa0-77aeb4a36bbc" testName="PlatformSubscriptionCreateAndLinkAPI_CreatesSubscriptionOnDemandTest" computerName="TFSBUILD11" duration="00:00:00.0145384" startTime="2015-09-28T09:43:21.8742230-07:00" endTime="2015-09-28T09:43:21.8898491-07:00" testType="13cdc9d9-ddb5-4fa4-a97d-d965ccfc6d4b" outcome="Passed" testListId="8c84fa94-04c1-424b-9868-57a2d4851a1d" relativeResultsDirectory="82c44075-4490-45c0-a4a8-d6058ecb4272" />
    <UnitTestResult executionId="509c9eea-2b1f-4c96-bdb7-749b3280c54b" testId="cde57d90-47c8-54cd-1e29-b1687743859e" testName="PlatformSubscriptionCreateAndLinkAccount_FailureAccountCreationFailureTest" computerName="TFSBUILD11" duration="00:00:00.0259358" startTime="2015-09-28T09:43:21.8898491-07:00" endTime="2015-09-28T09:43:21.9211016-07:00" testType="13cdc9d9-ddb5-4fa4-a97d-d965ccfc6d4b" outcome="Passed" testListId="8c84fa94-04c1-424b-9868-57a2d4851a1d" relativeResultsDirectory="509c9eea-2b1f-4c96-bdb7-749b3280c54b" />
    <UnitTestResult executionId="80e8e528-6d4f-4db7-896c-de895d4cba9f" testId="e22ec2a9-cb84-3822-1ae3-0e86bfcb5357" testName="PlatformSubscriptionCreateAndLinkAccount_RepeatRequestTest" computerName="TFSBUILD11" duration="00:00:00.0282785" startTime="2015-09-28T09:43:21.9211016-07:00" endTime="2015-09-28T09:43:21.9367271-07:00" testType="13cdc9d9-ddb5-4fa4-a97d-d965ccfc6d4b" outcome="Passed" testListId="8c84fa94-04c1-424b-9868-57a2d4851a1d" relativeResultsDirectory="80e8e528-6d4f-4db7-896c-de895d4cba9f" />
    <UnitTestResult executionId="d716a735-73fe-4aaa-8a63-d62e336577d5" testId="ed97a896-4218-bebc-97e5-327ad508f63f" testName="PlatformSubscriptionCreateAndLinkAccount_RepeatRequestResourceAccountDneTest" computerName="TFSBUILD11" duration="00:00:00.0270693" startTime="2015-09-28T09:43:21.9367271-07:00" endTime="2015-09-28T09:43:21.9679799-07:00" testType="13cdc9d9-ddb5-4fa4-a97d-d965ccfc6d4b" outcome="Passed" testListId="8c84fa94-04c1-424b-9868-57a2d4851a1d" relativeResultsDirectory="d716a735-73fe-4aaa-8a63-d62e336577d5" />
    <UnitTestResult executionId="a0e25d99-69f6-4856-a271-cc31146140f5" testId="fde43bce-f499-0cad-796f-8074dfbd1ee6" testName="PlatformSubscriptionCreateAndLinkAccount_FailureAccountAlreadyLinkedTest" computerName="TFSBUILD11" duration="00:00:00.0306383" startTime="2015-09-28T09:43:21.9679799-07:00" endTime="2015-09-28T09:43:21.9992316-07:00" testType="13cdc9d9-ddb5-4fa4-a97d-d965ccfc6d4b" outcome="Passed" testListId="8c84fa94-04c1-424b-9868-57a2d4851a1d" relativeResultsDirectory="a0e25d99-69f6-4856-a271-cc31146140f5" />
    <UnitTestResult executionId="aabf736a-fe98-45f8-a7f5-1aa60912cb40" testId="ef736cb3-37c3-7312-6228-6bff91918751" testName="GetAccounts_Test" computerName="TFSBUILD11" duration="00:00:00.0103073" startTime="2015-09-28T09:43:21.9992316-07:00" endTime="2015-09-28T09:43:22.0148577-07:00" testType="13cdc9d9-ddb5-4fa4-a97d-d965ccfc6d4b" outcome="Passed" testListId="8c84fa94-04c1-424b-9868-57a2d4851a1d" relativeResultsDirectory="aabf736a-fe98-45f8-a7f5-1aa60912cb40" />
    <UnitTestResult executionId="1d6ec7ce-1f25-4c9d-a6f2-00c654fe8941" testId="4168857f-8748-1973-7e58-bb6883895041" testName="PlatformSubscriptionGetAccounts_DoNotIncludeMSAAccountsAndHasReadSubscriptionDataPermissionTest" computerName="TFSBUILD11" duration="00:00:00.0244692" startTime="2015-09-28T09:43:22.0148577-07:00" endTime="2015-09-28T09:43:22.0461110-07:00" testType="13cdc9d9-ddb5-4fa4-a97d-d965ccfc6d4b" outcome="Passed" testListId="8c84fa94-04c1-424b-9868-57a2d4851a1d" relativeResultsDirectory="1d6ec7ce-1f25-4c9d-a6f2-00c654fe8941" />
    <UnitTestResult executionId="5339a28a-5fca-45cc-b5a3-f52125ffd045" testId="a8f2f42d-ada7-40ce-2f27-78439bb663ee" testName="PlatformSubscriptionGetAccounts_IncludeMSAAndMemberAccountsAndHasReadSubscriptionDataPermissionTest" computerName="TFSBUILD11" duration="00:00:00.0452871" startTime="2015-09-28T09:43:22.0461110-07:00" endTime="2015-09-28T09:43:22.0773624-07:00" testType="13cdc9d9-ddb5-4fa4-a97d-d965ccfc6d4b" outcome="Passed" testListId="8c84fa94-04c1-424b-9868-57a2d4851a1d" relativeResultsDirectory="5339a28a-5fca-45cc-b5a3-f52125ffd045" />
    <UnitTestResult executionId="53efc755-4cf8-43a1-bdba-6f24e5f4bd78" testId="033b54aa-265e-932e-cecf-56b3deed1a1d" testName="PlatformSubscriptionGetAccounts_IncludeMSAAndOwnerAccountsAndHasReadSubscriptionDataPermissionTest" computerName="TFSBUILD11" duration="00:00:00.0156077" startTime="2015-09-28T09:43:22.0773624-07:00" endTime="2015-09-28T09:43:22.0929885-07:00" testType="13cdc9d9-ddb5-4fa4-a97d-d965ccfc6d4b" outcome="Passed" testListId="8c84fa94-04c1-424b-9868-57a2d4851a1d" relativeResultsDirectory="53efc755-4cf8-43a1-bdba-6f24e5f4bd78" />
    <UnitTestResult executionId="f54f85e2-42ac-467e-b91f-f73129eba5f8" testId="76404d47-ea24-e83c-cf52-3dc9db7b9762" testName="PlatformSubscriptionGetAccounts_EliminatesDuplicatesTest" computerName="TFSBUILD11" duration="00:00:00.0175570" startTime="2015-09-28T09:43:22.0929885-07:00" endTime="2015-09-28T09:43:22.1242405-07:00" testType="13cdc9d9-ddb5-4fa4-a97d-d965ccfc6d4b" outcome="Passed" testListId="8c84fa94-04c1-424b-9868-57a2d4851a1d" relativeResultsDirectory="f54f85e2-42ac-467e-b91f-f73129eba5f8" />
    <UnitTestResult executionId="8da408ae-9d9b-4bbd-819f-a7ed24e2659e" testId="d61a7f24-5e5e-1ceb-5e1c-e80763489a6b" testName="PlatformSubscriptionGetAccounts_ReturnsAccountOwnerSetToTrueIfMemberIsAccountOwnerOnAnyOfTheCorrespondingDuplicateAccountsTest" computerName="TFSBUILD11" duration="00:00:00.0189664" startTime="2015-09-28T09:43:22.1242405-07:00" endTime="2015-09-28T09:43:22.1398666-07:00" testType="13cdc9d9-ddb5-4fa4-a97d-d965ccfc6d4b" outcome="Passed" testListId="8c84fa94-04c1-424b-9868-57a2d4851a1d" relativeResultsDirectory="8da408ae-9d9b-4bbd-819f-a7ed24e2659e" />
    <UnitTestResult executionId="169f473a-4301-4367-a8d1-679f013c49cf" testId="fa55eb92-4882-e6b7-2410-9d6684e30323" testName="PlatformSubscriptionGetAccounts_DoNotIncludeMSAAccountsAndDoesNotHaveReadSubscriptionDataPermissionTest" computerName="TFSBUILD11" duration="00:00:00.0128343" startTime="2015-09-28T09:43:22.1398666-07:00" endTime="2015-09-28T09:43:22.1554930-07:00" testType="13cdc9d9-ddb5-4fa4-a97d-d965ccfc6d4b" outcome="Passed" testListId="8c84fa94-04c1-424b-9868-57a2d4851a1d" relativeResultsDirectory="169f473a-4301-4367-a8d1-679f013c49cf" />
    <UnitTestResult executionId="b68a790c-a79b-4faf-bbae-5650e6313e20" testId="8e265957-73cc-226b-1aea-007fc4e369b0" testName="PlatformSubscriptionGetMSAIdentities_WhenMemberIdDostNotHaveValue_ItShouldUseAuthenticatedIdentityTest" computerName="TFSBUILD11" duration="00:00:00.0191245" startTime="2015-09-28T09:43:22.1554930-07:00" endTime="2015-09-28T09:43:22.1711194-07:00" testType="13cdc9d9-ddb5-4fa4-a97d-d965ccfc6d4b" outcome="Passed" testListId="8c84fa94-04c1-424b-9868-57a2d4851a1d" relativeResultsDirectory="b68a790c-a79b-4faf-bbae-5650e6313e20" />
    <UnitTestResult executionId="004184bf-28ec-4008-9925-733fb5ae50f4" testId="fcebf52d-f386-7830-77fb-a5f6e8a7795b" testName="PlatformSubscriptionGetMSAIdentities_WhenMemberIdHasValue_ItShouldReturnCorrectIdentitiesTest" computerName="TFSBUILD11" duration="00:00:00.0179569" startTime="2015-09-28T09:43:22.1711194-07:00" endTime="2015-09-28T09:43:22.1867446-07:00" testType="13cdc9d9-ddb5-4fa4-a97d-d965ccfc6d4b" outcome="Passed" testListId="8c84fa94-04c1-424b-9868-57a2d4851a1d" relativeResultsDirectory="004184bf-28ec-4008-9925-733fb5ae50f4" />
    <UnitTestResult executionId="b21962f3-a23f-4dc5-bd8c-d45543cdc905" testId="f575f3ac-edbd-408a-b1b1-4ad87a90efb9" testName="PlatformSubscriptionGetMSAIdentities_WhenMemberIdHasValue_ItShouldReturnFilteredIdentitiesTest" computerName="TFSBUILD11" duration="00:00:00.0130522" startTime="2015-09-28T09:43:22.1867446-07:00" endTime="2015-09-28T09:43:22.2023716-07:00" testType="13cdc9d9-ddb5-4fa4-a97d-d965ccfc6d4b" outcome="Passed" testListId="8c84fa94-04c1-424b-9868-57a2d4851a1d" relativeResultsDirectory="b21962f3-a23f-4dc5-bd8c-d45543cdc905" />
    <UnitTestResult executionId="5f02fae7-8753-40f1-ad9d-e2b16bb3738a" testId="78c3de2b-dda1-0ec1-2f38-2d6a8ef53268" testName="PlatformSubscriptionGetMSAIdentities_SwallowsExceptionTest" computerName="TFSBUILD11" duration="00:00:00.0081490" startTime="2015-09-28T09:43:22.2023716-07:00" endTime="2015-09-28T09:43:22.2023716-07:00" testType="13cdc9d9-ddb5-4fa4-a97d-d965ccfc6d4b" outcome="Passed" testListId="8c84fa94-04c1-424b-9868-57a2d4851a1d" relativeResultsDirectory="5f02fae7-8753-40f1-ad9d-e2b16bb3738a" />
    <UnitTestResult executionId="78acc5d9-8dd9-4fc4-810c-e447186b2813" testId="23b8c61f-c9a0-c513-0333-933a6fc34804" testName="PlatformSubscriptionGetEmailAddress_WithProviderDisplayNameAndNullAccountAndNullEmail_ItShouldReturnProviderDisplayNameTest" computerName="TFSBUILD11" duration="00:00:00.0008905" startTime="2015-09-28T09:43:22.2023716-07:00" endTime="2015-09-28T09:43:22.2179971-07:00" testType="13cdc9d9-ddb5-4fa4-a97d-d965ccfc6d4b" outcome="Passed" testListId="8c84fa94-04c1-424b-9868-57a2d4851a1d" relativeResultsDirectory="78acc5d9-8dd9-4fc4-810c-e447186b2813" />
    <UnitTestResult executionId="998694bf-edfa-4c78-a034-8135ee9cc3dc" testId="4674bd0a-3dd9-146c-eaca-3ef1121105bf" testName="PlatformSubscriptionGetEmailAddress_WithProviderDisplayNameAndEmptyAccountAndEmptyEmail_ItShouldReturnProviderDisplayNameTest" computerName="TFSBUILD11" duration="00:00:00.0002540" startTime="2015-09-28T09:43:22.2179971-07:00" endTime="2015-09-28T09:43:22.2179971-07:00" testType="13cdc9d9-ddb5-4fa4-a97d-d965ccfc6d4b" outcome="Passed" testListId="8c84fa94-04c1-424b-9868-57a2d4851a1d" relativeResultsDirectory="998694bf-edfa-4c78-a034-8135ee9cc3dc" />
    <UnitTestResult executionId="fdadfc74-84ae-49b2-b335-0fb3362823d9" testId="e8db66bc-461e-5283-9b84-5e75f035bac7" testName="PlatformSubscriptionGetEmailAddress_WithProviderDisplayNameAndAccountAndEmptyEmail_ItShouldReturnAccountNameTest" computerName="TFSBUILD11" duration="00:00:00.0003182" startTime="2015-09-28T09:43:22.2179971-07:00" endTime="2015-09-28T09:43:22.2179971-07:00" testType="13cdc9d9-ddb5-4fa4-a97d-d965ccfc6d4b" outcome="Passed" testListId="8c84fa94-04c1-424b-9868-57a2d4851a1d" relativeResultsDirectory="fdadfc74-84ae-49b2-b335-0fb3362823d9" />
    <UnitTestResult executionId="d7dc28fd-de83-46fa-8345-6531bad3c589" testId="e7e46da3-ec30-4cec-4a05-7176bc7f0eee" testName="PlatformSubscriptionGetEmailAddress_WithProviderDisplayNameAndAccountAndEmail_ItShouldReturnEmailTest" computerName="TFSBUILD11" duration="00:00:00.0003012" startTime="2015-09-28T09:43:22.2179971-07:00" endTime="2015-09-28T09:43:22.2179971-07:00" testType="13cdc9d9-ddb5-4fa4-a97d-d965ccfc6d4b" outcome="Passed" testListId="8c84fa94-04c1-424b-9868-57a2d4851a1d" relativeResultsDirectory="d7dc28fd-de83-46fa-8345-6531bad3c589" />
    <UnitTestResult executionId="5de5b251-6ce6-4228-ad00-1c86c7e2c499" testId="5064d67b-6c65-3f55-5dfd-1a0dbf1f6be4" testName="PlatformSubscriptionGetEmailAddress_WithProviderDisplayNameAndEmptyAccountAndEmail_ItShouldReturnEmailTest" computerName="TFSBUILD11" duration="00:00:00.0003791" startTime="2015-09-28T09:43:22.2179971-07:00" endTime="2015-09-28T09:43:22.2179971-07:00" testType="13cdc9d9-ddb5-4fa4-a97d-d965ccfc6d4b" outcome="Passed" testListId="8c84fa94-04c1-424b-9868-57a2d4851a1d" relativeResultsDirectory="5de5b251-6ce6-4228-ad00-1c86c7e2c499" />
    <UnitTestResult executionId="159f2140-58a9-47ac-bfef-cd9b0a769570" testId="3488874c-2e16-5cb6-ce2f-b04702f5780a" testName="PlatformSubscriptionInvalidateSubscriptionServiceCache_WhenAzureResourceAccountIsValid_ItShouldInvalidateCacheObjectsTest" computerName="TFSBUILD11" duration="00:00:00.0194519" startTime="2015-09-28T09:43:22.2179971-07:00" endTime="2015-09-28T09:43:22.2336232-07:00" testType="13cdc9d9-ddb5-4fa4-a97d-d965ccfc6d4b" outcome="Passed" testListId="8c84fa94-04c1-424b-9868-57a2d4851a1d" relativeResultsDirectory="159f2140-58a9-47ac-bfef-cd9b0a769570" />
    <UnitTestResult executionId="59d28ac4-b187-45be-81dc-253e10b7aa0f" testId="e345850b-f758-a338-3c6f-b490519004af" testName="PlatformSubscriptionInvalidateSubscriptionServiceCache_WhenAzureResourceAccountIsNull_ItShouldSimplyReturnTest" computerName="TFSBUILD11" duration="00:00:00.0057830" startTime="2015-09-28T09:43:22.2336232-07:00" endTime="2015-09-28T09:43:22.2336232-07:00" testType="13cdc9d9-ddb5-4fa4-a97d-d965ccfc6d4b" outcome="Passed" testListId="8c84fa94-04c1-424b-9868-57a2d4851a1d" relativeResultsDirectory="59d28ac4-b187-45be-81dc-253e10b7aa0f" />
    <UnitTestResult executionId="8886b587-cc6e-43b8-94bc-4455846f80af" testId="6407c16b-274f-ad71-fbb6-4024e742247d" testName="PlatformSubscriptionInvalidateSubscriptionServiceCache_WhenThereAreMoreAccountsForSubscriptionIdAndProviderNamespaceId_ItShouldInvalidateAllCacheObjectsTest" computerName="TFSBUILD11" duration="00:00:00.0288477" startTime="2015-09-28T09:43:22.2336232-07:00" endTime="2015-09-28T09:43:22.2648752-07:00" testType="13cdc9d9-ddb5-4fa4-a97d-d965ccfc6d4b" outcome="Passed" testListId="8c84fa94-04c1-424b-9868-57a2d4851a1d" relativeResultsDirectory="8886b587-cc6e-43b8-94bc-4455846f80af" />
    <UnitTestResult executionId="55f7b646-d96c-4d01-89a3-d3e45d6837bc" testId="091346a8-3cbf-0515-cd78-58e0b2df1f8f" testName="PlatformSubscriptionInvalidateSubscriptionServiceCache_WhenThereAreNoAccountsForSubscriptionIdAndProviderNamespaceId_ItShouldOnlyInvalidateAzureSubscriptionCacheTest" computerName="TFSBUILD11" duration="00:00:00.0138751" startTime="2015-09-28T09:43:22.2648752-07:00" endTime="2015-09-28T09:43:22.2805010-07:00" testType="13cdc9d9-ddb5-4fa4-a97d-d965ccfc6d4b" outcome="Passed" testListId="8c84fa94-04c1-424b-9868-57a2d4851a1d" relativeResultsDirectory="55f7b646-d96c-4d01-89a3-d3e45d6837bc" />
    <UnitTestResult executionId="06c33c3c-ced3-4352-91da-02b8a5f0ee54" testId="4926d44f-75c7-5ef6-3024-3d23f6279f9a" testName="ResourceMetricResponsesTest" computerName="TFSBUILD11" duration="00:00:00.1391180" startTime="2015-09-28T09:43:22.2805010-07:00" endTime="2015-09-28T09:43:22.4211363-07:00" testType="13cdc9d9-ddb5-4fa4-a97d-d965ccfc6d4b" outcome="Passed" testListId="8c84fa94-04c1-424b-9868-57a2d4851a1d" relativeResultsDirectory="06c33c3c-ced3-4352-91da-02b8a5f0ee54" />
    <UnitTestResult executionId="69c5b248-4c5b-414b-8447-db2b68ab665c" testId="78ac1613-673a-4d78-2989-1976972f1ac9" testName="ResourceMetricResponses_AggregateExceptionTest" computerName="TFSBUILD11" duration="00:00:00.0110352" startTime="2015-09-28T09:43:22.4211363-07:00" endTime="2015-09-28T09:43:22.4367624-07:00" testType="13cdc9d9-ddb5-4fa4-a97d-d965ccfc6d4b" outcome="Passed" testListId="8c84fa94-04c1-424b-9868-57a2d4851a1d" relativeResultsDirectory="69c5b248-4c5b-414b-8447-db2b68ab665c" />
    <UnitTestResult executionId="cd4e0d34-9023-49ac-879a-5606d9ae4360" testId="3d1b63f4-2c94-3d58-98bd-cd81ef5e88bf" testName="SingleQueryUsageDataAggregatorGetMetricSampleTest" computerName="TFSBUILD11" duration="00:00:00.0018318" startTime="2015-09-28T09:43:22.4367624-07:00" endTime="2015-09-28T09:43:22.4367624-07:00" testType="13cdc9d9-ddb5-4fa4-a97d-d965ccfc6d4b" outcome="Passed" testListId="8c84fa94-04c1-424b-9868-57a2d4851a1d" relativeResultsDirectory="cd4e0d34-9023-49ac-879a-5606d9ae4360" />
    <UnitTestResult executionId="228bc134-73e9-4922-a7ba-69647c8addf1" testId="58aa7851-d61d-1a58-6854-96695f3d29f7" testName="AzureResourceAccountBinderBasic_Test" computerName="TFSBUILD11" duration="00:00:00.0065515" startTime="2015-09-28T09:43:22.4367624-07:00" endTime="2015-09-28T09:43:22.4367624-07:00" testType="13cdc9d9-ddb5-4fa4-a97d-d965ccfc6d4b" outcome="Passed" testListId="8c84fa94-04c1-424b-9868-57a2d4851a1d" relativeResultsDirectory="228bc134-73e9-4922-a7ba-69647c8addf1" />
    <UnitTestResult executionId="843eb05b-c9df-4cb4-9a3d-e35f3d00fcad" testId="d19ae829-d37d-3fcf-bc61-b8dd0da31740" testName="AzureResourceAccountBinderBasic_ExceptionTest" computerName="TFSBUILD11" duration="00:00:00.0070015" startTime="2015-09-28T09:43:22.4367624-07:00" endTime="2015-09-28T09:43:22.4523888-07:00" testType="13cdc9d9-ddb5-4fa4-a97d-d965ccfc6d4b" outcome="Passed" testListId="8c84fa94-04c1-424b-9868-57a2d4851a1d" relativeResultsDirectory="843eb05b-c9df-4cb4-9a3d-e35f3d00fcad" />
    <UnitTestResult executionId="0ebe04ac-37a4-4278-ba4b-6a43e7566cfe" testId="960e0365-198b-360b-122f-70b1772ea017" testName="AzureResourceAccountBinderBind_Test" computerName="TFSBUILD11" duration="00:00:00.1408125" startTime="2015-09-28T09:43:22.4523888-07:00" endTime="2015-09-28T09:43:22.5930241-07:00" testType="13cdc9d9-ddb5-4fa4-a97d-d965ccfc6d4b" outcome="Passed" testListId="8c84fa94-04c1-424b-9868-57a2d4851a1d" relativeResultsDirectory="0ebe04ac-37a4-4278-ba4b-6a43e7566cfe" />
    <UnitTestResult executionId="d985c9b7-beb4-4040-ae67-b8d566bc3f54" testId="e2610bef-1f87-d9a3-018d-6ce00c4400c5" testName="AzureSubscriptionAccountBinderBasic_Test" computerName="TFSBUILD11" duration="00:00:00.0077712" startTime="2015-09-28T09:43:22.5930241-07:00" endTime="2015-09-28T09:43:22.5930241-07:00" testType="13cdc9d9-ddb5-4fa4-a97d-d965ccfc6d4b" outcome="Passed" testListId="8c84fa94-04c1-424b-9868-57a2d4851a1d" relativeResultsDirectory="d985c9b7-beb4-4040-ae67-b8d566bc3f54" />
    <UnitTestResult executionId="2eb02d4a-261e-4d29-a647-78ad71406a43" testId="571d7ab6-52bb-88b6-cd75-73aeed599aaf" testName="AzureSubscriptionAccountBinderBasic_ExceptionTest" computerName="TFSBUILD11" duration="00:00:00.0370234" startTime="2015-09-28T09:43:22.5930241-07:00" endTime="2015-09-28T09:43:22.6399024-07:00" testType="13cdc9d9-ddb5-4fa4-a97d-d965ccfc6d4b" outcome="Passed" testListId="8c84fa94-04c1-424b-9868-57a2d4851a1d" relativeResultsDirectory="2eb02d4a-261e-4d29-a647-78ad71406a43" />
    <UnitTestResult executionId="76ac7d7b-4730-414e-ab33-423acd7b68c0" testId="a28dfd51-2b76-3268-26dd-6c9f976a2823" testName="AzureSubscriptionAccountBinderBind_Test" computerName="TFSBUILD11" duration="00:00:00.0093038" startTime="2015-09-28T09:43:22.6399024-07:00" endTime="2015-09-28T09:43:22.6399024-07:00" testType="13cdc9d9-ddb5-4fa4-a97d-d965ccfc6d4b" outcome="Passed" testListId="8c84fa94-04c1-424b-9868-57a2d4851a1d" relativeResultsDirectory="76ac7d7b-4730-414e-ab33-423acd7b68c0" />
    <UnitTestResult executionId="d243dbf5-965e-461b-bb0f-3fc90346b0e4" testId="e03619f6-b51a-e4de-5633-80357a5ca426" testName="AzureSubscriptionBinderBasic_Test" computerName="TFSBUILD11" duration="00:00:00.0054374" startTime="2015-09-28T09:43:22.6399024-07:00" endTime="2015-09-28T09:43:22.6555282-07:00" testType="13cdc9d9-ddb5-4fa4-a97d-d965ccfc6d4b" outcome="Passed" testListId="8c84fa94-04c1-424b-9868-57a2d4851a1d" relativeResultsDirectory="d243dbf5-965e-461b-bb0f-3fc90346b0e4" />
    <UnitTestResult executionId="b3be231f-6c1d-4de8-9e1c-6464c6c34430" testId="8f600fad-f33d-df9c-1180-86d830cc8226" testName="AzureSubscriptionBinderBasic_ExceptionTest" computerName="TFSBUILD11" duration="00:00:00.0058948" startTime="2015-09-28T09:43:22.6555282-07:00" endTime="2015-09-28T09:43:22.6555282-07:00" testType="13cdc9d9-ddb5-4fa4-a97d-d965ccfc6d4b" outcome="Passed" testListId="8c84fa94-04c1-424b-9868-57a2d4851a1d" relativeResultsDirectory="b3be231f-6c1d-4de8-9e1c-6464c6c34430" />
    <UnitTestResult executionId="d33a22b1-65eb-430d-9a23-d3ccbbe8aeac" testId="096a699d-933c-e808-9407-ff87ac4e32a8" testName="AzureSubscriptionBinderBind_Test" computerName="TFSBUILD11" duration="00:00:00.0105952" startTime="2015-09-28T09:43:22.6555282-07:00" endTime="2015-09-28T09:43:22.6711541-07:00" testType="13cdc9d9-ddb5-4fa4-a97d-d965ccfc6d4b" outcome="Passed" testListId="8c84fa94-04c1-424b-9868-57a2d4851a1d" relativeResultsDirectory="d33a22b1-65eb-430d-9a23-d3ccbbe8aeac" />
    <UnitTestResult executionId="bd8f8dbd-ace2-44dc-9e90-dbc55132ff0c" testId="4af955d1-5ec7-92e1-f8be-c8422079d117" testName="CloudServicesController_GetAllResourcesInCloudServiceBasic" computerName="TFSBUILD11" duration="00:00:00.1537655" startTime="2015-09-28T09:43:22.6711541-07:00" endTime="2015-09-28T09:43:22.8274157-07:00" testType="13cdc9d9-ddb5-4fa4-a97d-d965ccfc6d4b" outcome="Passed" testListId="8c84fa94-04c1-424b-9868-57a2d4851a1d" relativeResultsDirectory="bd8f8dbd-ace2-44dc-9e90-dbc55132ff0c" />
    <UnitTestResult executionId="a0a4032c-7f80-4aab-8d05-8496ebcae731" testId="24c23a84-2631-c95d-4ca4-a3312878772e" testName="CloudServicesController_GetAllResourcesInCloudServiceInvalidGuid" computerName="TFSBUILD11" duration="00:00:00.0057457" startTime="2015-09-28T09:43:22.8274157-07:00" endTime="2015-09-28T09:43:22.8274157-07:00" testType="13cdc9d9-ddb5-4fa4-a97d-d965ccfc6d4b" outcome="Passed" testListId="8c84fa94-04c1-424b-9868-57a2d4851a1d" relativeResultsDirectory="a0a4032c-7f80-4aab-8d05-8496ebcae731" />
    <UnitTestResult executionId="e7f63a92-42b3-4b20-91a2-4cb144a08dfc" testId="7900149b-3071-6050-cdab-bbaac6f33972" testName="CloudServicesController_DeleteCloudService" computerName="TFSBUILD11" duration="00:00:00.0195563" startTime="2015-09-28T09:43:22.8274157-07:00" endTime="2015-09-28T09:43:22.8430424-07:00" testType="13cdc9d9-ddb5-4fa4-a97d-d965ccfc6d4b" outcome="Passed" testListId="8c84fa94-04c1-424b-9868-57a2d4851a1d" relativeResultsDirectory="e7f63a92-42b3-4b20-91a2-4cb144a08dfc" />
    <UnitTestResult executionId="eb1c15e3-41dc-4f21-9f50-11d575f97336" testId="0e956bb4-bb31-0240-ce33-6a4fc7310444" testName="CloudServicesController_DeleteCloudServiceArguementException" computerName="TFSBUILD11" duration="00:00:00.0005020" startTime="2015-09-28T09:43:22.8430424-07:00" endTime="2015-09-28T09:43:22.8430424-07:00" testType="13cdc9d9-ddb5-4fa4-a97d-d965ccfc6d4b" outcome="Passed" testListId="8c84fa94-04c1-424b-9868-57a2d4851a1d" relativeResultsDirectory="eb1c15e3-41dc-4f21-9f50-11d575f97336" />
    <UnitTestResult executionId="302ad149-9bf5-4844-a818-2b519035b7f3" testId="ea35c565-642a-61d5-12c8-a3fb717b276d" testName="CloudServicesController_PutCloudService" computerName="TFSBUILD11" duration="00:00:00.0010049" startTime="2015-09-28T09:43:22.8430424-07:00" endTime="2015-09-28T09:43:22.8430424-07:00" testType="13cdc9d9-ddb5-4fa4-a97d-d965ccfc6d4b" outcome="Passed" testListId="8c84fa94-04c1-424b-9868-57a2d4851a1d" relativeResultsDirectory="302ad149-9bf5-4844-a818-2b519035b7f3" />
    <UnitTestResult executionId="5cf20fdf-c43d-4225-805d-b93b2ab7d9d2" testId="77b1f942-728c-337d-6437-b9a2bbb17de0" testName="CommerceController_InitializeSql" computerName="TFSBUILD11" duration="00:00:00.0003905" startTime="2015-09-28T09:43:22.8430424-07:00" endTime="2015-09-28T09:43:22.8430424-07:00" testType="13cdc9d9-ddb5-4fa4-a97d-d965ccfc6d4b" outcome="Passed" testListId="8c84fa94-04c1-424b-9868-57a2d4851a1d" relativeResultsDirectory="5cf20fdf-c43d-4225-805d-b93b2ab7d9d2" />
    <UnitTestResult executionId="9af64cd9-f6eb-4b54-b1c6-8b0feb63bdd7" testId="8c91fd57-279d-9e35-cb35-56e3f3dc357d" testName="CommerceController_ConstructSqlComponentBase" computerName="TFSBUILD11" duration="00:00:00.0006971" startTime="2015-09-28T09:43:22.8430424-07:00" endTime="2015-09-28T09:43:22.8430424-07:00" testType="13cdc9d9-ddb5-4fa4-a97d-d965ccfc6d4b" outcome="Passed" testListId="8c84fa94-04c1-424b-9868-57a2d4851a1d" relativeResultsDirectory="9af64cd9-f6eb-4b54-b1c6-8b0feb63bdd7" />
    <UnitTestResult executionId="7696b91f-26b9-4cd9-94a1-cc9601e7a84a" testId="6e5b8a99-a7d7-fe8f-5063-2089799dc07a" testName="CommerceController_ConsturctSqlComponentNoBase" computerName="TFSBUILD11" duration="00:00:00.0070587" startTime="2015-09-28T09:43:22.8430424-07:00" endTime="2015-09-28T09:43:22.8586677-07:00" testType="13cdc9d9-ddb5-4fa4-a97d-d965ccfc6d4b" outcome="Passed" testListId="8c84fa94-04c1-424b-9868-57a2d4851a1d" relativeResultsDirectory="7696b91f-26b9-4cd9-94a1-cc9601e7a84a" />
    <UnitTestResult executionId="08e275fe-e5e9-4fa7-b429-3ef3ef140f6d" testId="b7a184c8-9310-1c39-5d89-e335fa3df3fa" testName="CommerceEventsController_InitializeSql" computerName="TFSBUILD11" duration="00:00:00.0003473" startTime="2015-09-28T09:43:22.8586677-07:00" endTime="2015-09-28T09:43:22.8586677-07:00" testType="13cdc9d9-ddb5-4fa4-a97d-d965ccfc6d4b" outcome="Passed" testListId="8c84fa94-04c1-424b-9868-57a2d4851a1d" relativeResultsDirectory="08e275fe-e5e9-4fa7-b429-3ef3ef140f6d" />
    <UnitTestResult executionId="38b1e8fb-435f-439b-b27b-2cdb0b18fd05" testId="72c1ce5c-1a96-7fb4-6b92-3c1659feacaa" testName="CommerceEventsController_BadFormatters" computerName="TFSBUILD11" duration="00:00:00.1534990" startTime="2015-09-28T09:43:22.8586677-07:00" endTime="2015-09-28T09:43:23.0149296-07:00" testType="13cdc9d9-ddb5-4fa4-a97d-d965ccfc6d4b" outcome="Passed" testListId="8c84fa94-04c1-424b-9868-57a2d4851a1d" relativeResultsDirectory="38b1e8fb-435f-439b-b27b-2cdb0b18fd05" />
    <UnitTestResult executionId="bcc14126-b885-4695-a72a-9e74482f314b" testId="5d8d504c-6d20-00f9-9ec5-8ef00c4d101e" testName="CommerceEventsController_HandleSubscriptionNotificationEnabled" computerName="TFSBUILD11" duration="00:00:00.0232219" startTime="2015-09-28T09:43:23.0149296-07:00" endTime="2015-09-28T09:43:23.0305549-07:00" testType="13cdc9d9-ddb5-4fa4-a97d-d965ccfc6d4b" outcome="Passed" testListId="8c84fa94-04c1-424b-9868-57a2d4851a1d" relativeResultsDirectory="bcc14126-b885-4695-a72a-9e74482f314b" />
    <UnitTestResult executionId="96bb1cfc-7ccf-40b7-b116-6b55a348098c" testId="f3ab039c-0511-6665-5b44-00ee4fa9a7b3" testName="CommerceEventsController_HandleSubscriptionNotifaction_DefaultTime" computerName="TFSBUILD11" duration="00:00:00.0128358" startTime="2015-09-28T09:43:23.0305549-07:00" endTime="2015-09-28T09:43:23.0461816-07:00" testType="13cdc9d9-ddb5-4fa4-a97d-d965ccfc6d4b" outcome="Passed" testListId="8c84fa94-04c1-424b-9868-57a2d4851a1d" relativeResultsDirectory="96bb1cfc-7ccf-40b7-b116-6b55a348098c" />
    <UnitTestResult executionId="2939e90f-42cd-4741-890c-659e1feea6eb" testId="6b7ea0ff-5453-c2f0-ef44-9a83bb82e29c" testName="CommerceEventsController_HandleSubscriptionNotifactionEnable" computerName="TFSBUILD11" duration="00:00:00.0076077" startTime="2015-09-28T09:43:23.0461816-07:00" endTime="2015-09-28T09:43:23.0618071-07:00" testType="13cdc9d9-ddb5-4fa4-a97d-d965ccfc6d4b" outcome="Passed" testListId="8c84fa94-04c1-424b-9868-57a2d4851a1d" relativeResultsDirectory="2939e90f-42cd-4741-890c-659e1feea6eb" />
    <UnitTestResult executionId="6f424917-1a69-4939-8924-512c6550aeed" testId="e442aef2-5770-6211-3313-0df402d44a2c" testName="CommerceEventsController_HandleSubscriptionNotifactionEnableNegative" computerName="TFSBUILD11" duration="00:00:00.0077707" startTime="2015-09-28T09:43:23.0618071-07:00" endTime="2015-09-28T09:43:23.0618071-07:00" testType="13cdc9d9-ddb5-4fa4-a97d-d965ccfc6d4b" outcome="Passed" testListId="8c84fa94-04c1-424b-9868-57a2d4851a1d" relativeResultsDirectory="6f424917-1a69-4939-8924-512c6550aeed" />
    <UnitTestResult executionId="32370e73-1b39-4f43-a83a-d4e4caf13199" testId="92d48632-04e3-f479-8795-52a85c7e4cce" testName="CommerceEventsController_HandleSubscriptionNotifactionDisabled" computerName="TFSBUILD11" duration="00:00:00.0088863" startTime="2015-09-28T09:43:23.0618071-07:00" endTime="2015-09-28T09:43:23.0774338-07:00" testType="13cdc9d9-ddb5-4fa4-a97d-d965ccfc6d4b" outcome="Passed" testListId="8c84fa94-04c1-424b-9868-57a2d4851a1d" relativeResultsDirectory="32370e73-1b39-4f43-a83a-d4e4caf13199" />
    <UnitTestResult executionId="0260eaf2-9cfb-404a-902a-9e1c21a7cbd7" testId="d8e4bf9a-8c06-8325-0bfe-33d9ef9042de" testName="CommerceEventsController_HandleSubscriptionNotifactionDeleted" computerName="TFSBUILD11" duration="00:00:00.0078074" startTime="2015-09-28T09:43:23.0774338-07:00" endTime="2015-09-28T09:43:23.0774338-07:00" testType="13cdc9d9-ddb5-4fa4-a97d-d965ccfc6d4b" outcome="Passed" testListId="8c84fa94-04c1-424b-9868-57a2d4851a1d" relativeResultsDirectory="0260eaf2-9cfb-404a-902a-9e1c21a7cbd7" />
    <UnitTestResult executionId="b050dcd2-d6d5-4ac1-9031-f9404863f77f" testId="b71067db-1ba0-ec7f-3020-cf00292a5edf" testName="ResourceGroupController_GetResources" computerName="TFSBUILD11" duration="00:00:00.0757198" startTime="2015-09-28T09:43:23.0774338-07:00" endTime="2015-09-28T09:43:23.1555638-07:00" testType="13cdc9d9-ddb5-4fa4-a97d-d965ccfc6d4b" outcome="Passed" testListId="8c84fa94-04c1-424b-9868-57a2d4851a1d" relativeResultsDirectory="b050dcd2-d6d5-4ac1-9031-f9404863f77f" />
    <UnitTestResult executionId="9301d7f5-a17d-4cca-bdaa-a3fafd1aae35" testId="fb0acc19-e031-cfa3-9806-37a2e356839a" testName="ResourceController_DeleteResourceTest" computerName="TFSBUILD11" duration="00:00:00.0428509" startTime="2015-09-28T09:43:23.1555638-07:00" endTime="2015-09-28T09:43:23.2024427-07:00" testType="13cdc9d9-ddb5-4fa4-a97d-d965ccfc6d4b" outcome="Passed" testListId="8c84fa94-04c1-424b-9868-57a2d4851a1d" relativeResultsDirectory="9301d7f5-a17d-4cca-bdaa-a3fafd1aae35" />
    <UnitTestResult executionId="44b963df-602b-4ebb-896d-50543dcb3aad" testId="24297132-6086-0543-5375-fe7a3929b485" testName="ResourceController_DeleteResourceTest_NonmatchingResourceType" computerName="TFSBUILD11" duration="00:00:00.0106805" startTime="2015-09-28T09:43:23.2024427-07:00" endTime="2015-09-28T09:43:23.2180682-07:00" testType="13cdc9d9-ddb5-4fa4-a97d-d965ccfc6d4b" outcome="Passed" testListId="8c84fa94-04c1-424b-9868-57a2d4851a1d" relativeResultsDirectory="44b963df-602b-4ebb-896d-50543dcb3aad" />
    <UnitTestResult executionId="6d0cc0b5-3c68-4115-9b4b-9438ac91ffec" testId="e5a55388-a716-8d0c-f257-0ea510bdce63" testName="ResourceController_DeleteResourceTest_SoftDeleteEnabled" computerName="TFSBUILD11" duration="00:00:00.0131000" startTime="2015-09-28T09:43:23.2180682-07:00" endTime="2015-09-28T09:43:23.2336946-07:00" testType="13cdc9d9-ddb5-4fa4-a97d-d965ccfc6d4b" outcome="Passed" testListId="8c84fa94-04c1-424b-9868-57a2d4851a1d" relativeResultsDirectory="6d0cc0b5-3c68-4115-9b4b-9438ac91ffec" />
    <UnitTestResult executionId="cf1b3f5a-20c6-486d-b91c-c9ac73a87d1a" testId="fe4d4209-1fcd-e95b-06e9-88aab3686d86" testName="ResourceController_GetResource" computerName="TFSBUILD11" duration="00:00:00.0232936" startTime="2015-09-28T09:43:23.2336946-07:00" endTime="2015-09-28T09:43:23.2493213-07:00" testType="13cdc9d9-ddb5-4fa4-a97d-d965ccfc6d4b" outcome="Passed" testListId="8c84fa94-04c1-424b-9868-57a2d4851a1d" relativeResultsDirectory="cf1b3f5a-20c6-486d-b91c-c9ac73a87d1a" />
    <UnitTestResult executionId="1f847cd2-763e-4733-b227-3887735a608c" testId="003f2b5b-3770-70f0-32aa-cffdacc4636e" testName="ResourceController_GetAzureResourceAccountWithFallback" computerName="TFSBUILD11" duration="00:00:00.0129666" startTime="2015-09-28T09:43:23.2493213-07:00" endTime="2015-09-28T09:43:23.2649466-07:00" testType="13cdc9d9-ddb5-4fa4-a97d-d965ccfc6d4b" outcome="Passed" testListId="8c84fa94-04c1-424b-9868-57a2d4851a1d" relativeResultsDirectory="1f847cd2-763e-4733-b227-3887735a608c" />
    <UnitTestResult executionId="3eace208-c417-47c5-81cd-46db6292adad" testId="8373a1bf-af3c-5111-721e-6bb16bf7cffa" testName="ResourceController_GetResource_NotExisting_NullResource" computerName="TFSBUILD11" duration="00:00:00.0136646" startTime="2015-09-28T09:43:23.2649466-07:00" endTime="2015-09-28T09:43:23.2805730-07:00" testType="13cdc9d9-ddb5-4fa4-a97d-d965ccfc6d4b" outcome="Passed" testListId="8c84fa94-04c1-424b-9868-57a2d4851a1d" relativeResultsDirectory="3eace208-c417-47c5-81cd-46db6292adad" />
    <UnitTestResult executionId="7fe94330-1eec-4b75-9268-4bac2fc753de" testId="5914497b-3800-fbb6-ed45-a1ae55cb7d19" testName="ResourceController_GetResource_NotExisting_EmptyAccountGuid" computerName="TFSBUILD11" duration="00:00:00.0092316" startTime="2015-09-28T09:43:23.2805730-07:00" endTime="2015-09-28T09:43:23.2805730-07:00" testType="13cdc9d9-ddb5-4fa4-a97d-d965ccfc6d4b" outcome="Passed" testListId="8c84fa94-04c1-424b-9868-57a2d4851a1d" relativeResultsDirectory="7fe94330-1eec-4b75-9268-4bac2fc753de" />
    <UnitTestResult executionId="c94e4708-9e4d-4611-b7c3-60a9aa8cdc4d" testId="bb07d4ff-b0b7-186a-45e1-c6d1c27d4b05" testName="ResourceController_GetResource_NotExisting_MismatchResourceGroup" computerName="TFSBUILD11" duration="00:00:00.0126975" startTime="2015-09-28T09:43:23.2805730-07:00" endTime="2015-09-28T09:43:23.2961991-07:00" testType="13cdc9d9-ddb5-4fa4-a97d-d965ccfc6d4b" outcome="Passed" testListId="8c84fa94-04c1-424b-9868-57a2d4851a1d" relativeResultsDirectory="c94e4708-9e4d-4611-b7c3-60a9aa8cdc4d" />
    <UnitTestResult executionId="cbdb0b16-add8-4454-84b6-2a24cb356f2c" testId="2bdc78cd-2de2-93c9-e856-64d1ddbcee40" testName="ResourceController_CreateAccountReturnsExistingAccount" computerName="TFSBUILD11" duration="00:00:00.0932916" startTime="2015-09-28T09:43:23.2961991-07:00" endTime="2015-09-28T09:43:23.3899557-07:00" testType="13cdc9d9-ddb5-4fa4-a97d-d965ccfc6d4b" outcome="Passed" testListId="8c84fa94-04c1-424b-9868-57a2d4851a1d" relativeResultsDirectory="cbdb0b16-add8-4454-84b6-2a24cb356f2c" />
    <UnitTestResult executionId="5ff7f950-5c46-4e16-9461-d5ea34344200" testId="c1174def-5867-2323-c904-d137cdaee061" testName="ResourceController_CreateAccountReturnsNewAccount" computerName="TFSBUILD11" duration="00:00:00.0258476" startTime="2015-09-28T09:43:23.3899557-07:00" endTime="2015-09-28T09:43:23.4212077-07:00" testType="13cdc9d9-ddb5-4fa4-a97d-d965ccfc6d4b" outcome="Passed" testListId="8c84fa94-04c1-424b-9868-57a2d4851a1d" relativeResultsDirectory="5ff7f950-5c46-4e16-9461-d5ea34344200" />
    <UnitTestResult executionId="8e5af8ac-0685-4b54-9d46-07deb03a5538" testId="2c5baab6-8e58-5643-eb35-dd8182cfef96" testName="ResourceController_CreateAccountLinksExistingAccount" computerName="TFSBUILD11" duration="00:00:00.0229563" startTime="2015-09-28T09:43:23.4212077-07:00" endTime="2015-09-28T09:43:23.4368341-07:00" testType="13cdc9d9-ddb5-4fa4-a97d-d965ccfc6d4b" outcome="Passed" testListId="8c84fa94-04c1-424b-9868-57a2d4851a1d" relativeResultsDirectory="8e5af8ac-0685-4b54-9d46-07deb03a5538" />
    <UnitTestResult executionId="ab90fa9b-2243-4017-b78b-97744535cf00" testId="e1631e91-6c21-c340-2df5-ea37a1c2cf47" testName="ResourceController_CheckIbizaSourceLinkExistingAccount" computerName="TFSBUILD11" duration="00:00:00.0176084" startTime="2015-09-28T09:43:23.4368341-07:00" endTime="2015-09-28T09:43:23.4524602-07:00" testType="13cdc9d9-ddb5-4fa4-a97d-d965ccfc6d4b" outcome="Passed" testListId="8c84fa94-04c1-424b-9868-57a2d4851a1d" relativeResultsDirectory="ab90fa9b-2243-4017-b78b-97744535cf00" />
    <UnitTestResult executionId="868732fc-9459-4c79-9a35-15660cc92a7c" testId="7f7ee4bf-d768-0039-7bb5-9a4840e92235" testName="ResourceController_SaveAccountTags" computerName="TFSBUILD11" duration="00:00:00.0295591" startTime="2015-09-28T09:43:23.4524602-07:00" endTime="2015-09-28T09:43:23.4837133-07:00" testType="13cdc9d9-ddb5-4fa4-a97d-d965ccfc6d4b" outcome="Passed" testListId="8c84fa94-04c1-424b-9868-57a2d4851a1d" relativeResultsDirectory="868732fc-9459-4c79-9a35-15660cc92a7c" />
    <UnitTestResult executionId="1179b208-605a-4e3e-8ada-04c6d386ca6b" testId="eb455cdc-3bcd-60ba-92c4-ece4a5e120d9" testName="ResourceController_GetResourceNotExisting" computerName="TFSBUILD11" duration="00:00:00.0121989" startTime="2015-09-28T09:43:23.4837133-07:00" endTime="2015-09-28T09:43:23.4993382-07:00" testType="13cdc9d9-ddb5-4fa4-a97d-d965ccfc6d4b" outcome="Passed" testListId="8c84fa94-04c1-424b-9868-57a2d4851a1d" relativeResultsDirectory="1179b208-605a-4e3e-8ada-04c6d386ca6b" />
    <UnitTestResult executionId="82001d08-dbf6-421f-bf9b-3083b1325449" testId="07bda7c0-de1a-63e7-3260-d39474e5cf5d" testName="ResourceController_LinkAccount" computerName="TFSBUILD11" duration="00:00:00.0096486" startTime="2015-09-28T09:43:23.4993382-07:00" endTime="2015-09-28T09:43:23.5149643-07:00" testType="13cdc9d9-ddb5-4fa4-a97d-d965ccfc6d4b" outcome="Passed" testListId="8c84fa94-04c1-424b-9868-57a2d4851a1d" relativeResultsDirectory="82001d08-dbf6-421f-bf9b-3083b1325449" />
    <UnitTestResult executionId="5ed8cc1a-26ad-42b6-aeec-6e4522e552ef" testId="6cea9572-e6dc-92aa-ded4-ef488cec75f0" testName="ResourceController_UpdateAccount" computerName="TFSBUILD11" duration="00:00:00.0167617" startTime="2015-09-28T09:43:23.5149643-07:00" endTime="2015-09-28T09:43:23.5305905-07:00" testType="13cdc9d9-ddb5-4fa4-a97d-d965ccfc6d4b" outcome="Passed" testListId="8c84fa94-04c1-424b-9868-57a2d4851a1d" relativeResultsDirectory="5ed8cc1a-26ad-42b6-aeec-6e4522e552ef" />
    <UnitTestResult executionId="d3580c58-966d-4b0a-92ab-d977a3ed7118" testId="4024034c-3419-7591-12f8-54d66b9fc4d5" testName="SubscriptionController_GetAccountsForSubscriptionTest" computerName="TFSBUILD11" duration="00:00:00.0356903" startTime="2015-09-28T09:43:23.5305905-07:00" endTime="2015-09-28T09:43:23.5618430-07:00" testType="13cdc9d9-ddb5-4fa4-a97d-d965ccfc6d4b" outcome="Passed" testListId="8c84fa94-04c1-424b-9868-57a2d4851a1d" relativeResultsDirectory="d3580c58-966d-4b0a-92ab-d977a3ed7118" />
    <UnitTestResult executionId="4867e5ef-276a-4e41-9247-b957bf832c72" testId="5aa3afc9-44ff-77d1-3915-c00f0524cdcb" testName="SubscriptionController_GetAccountsForOwnerTest" computerName="TFSBUILD11" duration="00:00:00.0159109" startTime="2015-09-28T09:43:23.5618430-07:00" endTime="2015-09-28T09:43:23.5774688-07:00" testType="13cdc9d9-ddb5-4fa4-a97d-d965ccfc6d4b" outcome="Passed" testListId="8c84fa94-04c1-424b-9868-57a2d4851a1d" relativeResultsDirectory="4867e5ef-276a-4e41-9247-b957bf832c72" />
    <UnitTestResult executionId="45019859-cec9-481e-bfd6-fbf920b9852e" testId="8dc4c0af-8b2e-d5e7-9a9a-3c6a6af427a8" testName="SubscriptionController_CreateSubscriptionTest" computerName="TFSBUILD11" duration="00:00:00.0094543" startTime="2015-09-28T09:43:23.5774688-07:00" endTime="2015-09-28T09:43:23.5930949-07:00" testType="13cdc9d9-ddb5-4fa4-a97d-d965ccfc6d4b" outcome="Passed" testListId="8c84fa94-04c1-424b-9868-57a2d4851a1d" relativeResultsDirectory="45019859-cec9-481e-bfd6-fbf920b9852e" />
    <UnitTestResult executionId="92d436b5-a53c-4180-97d6-fe4de1e3946d" testId="1d4521b8-2ed9-484a-e248-b4a81866a22a" testName="SubscriptionController_LinkAccountTest" computerName="TFSBUILD11" duration="00:00:00.0071489" startTime="2015-09-28T09:43:23.5930949-07:00" endTime="2015-09-28T09:43:23.5930949-07:00" testType="13cdc9d9-ddb5-4fa4-a97d-d965ccfc6d4b" outcome="Passed" testListId="8c84fa94-04c1-424b-9868-57a2d4851a1d" relativeResultsDirectory="92d436b5-a53c-4180-97d6-fe4de1e3946d" />
    <UnitTestResult executionId="b9a30993-080f-45d5-bdbc-2495393c099e" testId="28185e03-ee9c-af7a-3dd1-6958200b4250" testName="SubscriptionController_UnlinkAccountTest" computerName="TFSBUILD11" duration="00:00:00.0078614" startTime="2015-09-28T09:43:23.5930949-07:00" endTime="2015-09-28T09:43:23.6087210-07:00" testType="13cdc9d9-ddb5-4fa4-a97d-d965ccfc6d4b" outcome="Passed" testListId="8c84fa94-04c1-424b-9868-57a2d4851a1d" relativeResultsDirectory="b9a30993-080f-45d5-bdbc-2495393c099e" />
    <UnitTestResult executionId="456e31d5-9a7c-41dc-9120-f54a05113943" testId="d03b406a-5ff1-6e99-011d-4b93c58a8bfa" testName="SubscriptionController_GetSubscriptionTest" computerName="TFSBUILD11" duration="00:00:00.0083646" startTime="2015-09-28T09:43:23.6087210-07:00" endTime="2015-09-28T09:43:23.6087210-07:00" testType="13cdc9d9-ddb5-4fa4-a97d-d965ccfc6d4b" outcome="Passed" testListId="8c84fa94-04c1-424b-9868-57a2d4851a1d" relativeResultsDirectory="456e31d5-9a7c-41dc-9120-f54a05113943" />
    <UnitTestResult executionId="2df464eb-f33d-4020-bdff-5bdd7895ae81" testId="6ddaa317-2505-2a3e-f72f-1085625b1726" testName="SubscriptionEvents_PutSubsRequestDataTests" computerName="TFSBUILD11" duration="00:00:00.0076344" startTime="2015-09-28T09:43:23.6087210-07:00" endTime="2015-09-28T09:43:23.6243468-07:00" testType="13cdc9d9-ddb5-4fa4-a97d-d965ccfc6d4b" outcome="Passed" testListId="8c84fa94-04c1-424b-9868-57a2d4851a1d" relativeResultsDirectory="2df464eb-f33d-4020-bdff-5bdd7895ae81" />
    <UnitTestResult executionId="5d7f06c6-1b74-4412-89fc-f9314725ce18" testId="df0adc04-5a34-274e-5214-1d724d888672" testName="SubscriptionEvents_PutSubsRequestDataFreeTierTests" computerName="TFSBUILD11" duration="00:00:00.0051655" startTime="2015-09-28T09:43:23.6243468-07:00" endTime="2015-09-28T09:43:23.6243468-07:00" testType="13cdc9d9-ddb5-4fa4-a97d-d965ccfc6d4b" outcome="Passed" testListId="8c84fa94-04c1-424b-9868-57a2d4851a1d" relativeResultsDirectory="5d7f06c6-1b74-4412-89fc-f9314725ce18" />
    <UnitTestResult executionId="f3af0cea-6640-4cea-8039-42bf812e5c91" testId="e6d8d3dc-b1f1-7cd5-4847-99a226ca7655" testName="SubscriptionEvents_PutSubsRequestDataNoQuotaIdTest" computerName="TFSBUILD11" duration="00:00:00.0048281" startTime="2015-09-28T09:43:23.6243468-07:00" endTime="2015-09-28T09:43:23.6399732-07:00" testType="13cdc9d9-ddb5-4fa4-a97d-d965ccfc6d4b" outcome="Passed" testListId="8c84fa94-04c1-424b-9868-57a2d4851a1d" relativeResultsDirectory="f3af0cea-6640-4cea-8039-42bf812e5c91" />
    <UnitTestResult executionId="864d51a6-c219-4922-9cd0-e5cf61cdbe39" testId="c3bbb384-9f13-b68f-a283-a28c75ee1205" testName="SubscriptionEvents_HandleRegisteredNotificationTests" computerName="TFSBUILD11" duration="00:00:00.0426219" startTime="2015-09-28T09:43:23.6399732-07:00" endTime="2015-09-28T09:43:23.6712257-07:00" testType="13cdc9d9-ddb5-4fa4-a97d-d965ccfc6d4b" outcome="Passed" testListId="8c84fa94-04c1-424b-9868-57a2d4851a1d" relativeResultsDirectory="864d51a6-c219-4922-9cd0-e5cf61cdbe39" />
    <UnitTestResult executionId="99fdcc66-234c-4337-a106-0fb75902035c" testId="d431e9e5-17ca-6f45-e4e9-2f204ef4c89c" testName="SubscriptionEvents_HandleUnregisteredNotificationTests" computerName="TFSBUILD11" duration="00:00:00.0066702" startTime="2015-09-28T09:43:23.6712257-07:00" endTime="2015-09-28T09:43:23.6868513-07:00" testType="13cdc9d9-ddb5-4fa4-a97d-d965ccfc6d4b" outcome="Passed" testListId="8c84fa94-04c1-424b-9868-57a2d4851a1d" relativeResultsDirectory="99fdcc66-234c-4337-a106-0fb75902035c" />
    <UnitTestResult executionId="c4bab5cf-b973-45bd-b482-1ba1e17041a2" testId="4e72acb3-5abc-0dba-e8a2-d9bd7f91d93d" testName="SubscriptionEvents_HandleSuspendedNotificationTests" computerName="TFSBUILD11" duration="00:00:00.0066386" startTime="2015-09-28T09:43:23.6868513-07:00" endTime="2015-09-28T09:43:23.6868513-07:00" testType="13cdc9d9-ddb5-4fa4-a97d-d965ccfc6d4b" outcome="Passed" testListId="8c84fa94-04c1-424b-9868-57a2d4851a1d" relativeResultsDirectory="c4bab5cf-b973-45bd-b482-1ba1e17041a2" />
    <UnitTestResult executionId="1348da66-f7dd-44dc-adc7-25f4718bc4db" testId="3003dd9f-2a68-1bd4-ad8c-1a0c10addeec" testName="SubscriptionEvents_HandleDeletedNotificationTests" computerName="TFSBUILD11" duration="00:00:00.0090012" startTime="2015-09-28T09:43:23.6868513-07:00" endTime="2015-09-28T09:43:23.7024777-07:00" testType="13cdc9d9-ddb5-4fa4-a97d-d965ccfc6d4b" outcome="Passed" testListId="8c84fa94-04c1-424b-9868-57a2d4851a1d" relativeResultsDirectory="1348da66-f7dd-44dc-adc7-25f4718bc4db" />
    <UnitTestResult executionId="8575de4d-f2a3-48f1-8df3-39e7add3b93f" testId="71318c03-7a34-ce74-e8e7-56e6feb46122" testName="SubscriptionEvents_HandleEnabledNotificationForExistingSubscription" computerName="TFSBUILD11" duration="00:00:00.0085159" startTime="2015-09-28T09:43:23.7024777-07:00" endTime="2015-09-28T09:43:23.7024777-07:00" testType="13cdc9d9-ddb5-4fa4-a97d-d965ccfc6d4b" outcome="Passed" testListId="8c84fa94-04c1-424b-9868-57a2d4851a1d" relativeResultsDirectory="8575de4d-f2a3-48f1-8df3-39e7add3b93f" />
    <UnitTestResult executionId="d72b82db-ad49-473d-89ea-10b9cc60769a" testId="8bec1a91-50ec-f526-835c-bb09e2f3ba96" testName="SubscriptionEvents_HandleUnknownNotificationForExistingSubscription" computerName="TFSBUILD11" duration="00:00:00.0104780" startTime="2015-09-28T09:43:23.7024777-07:00" endTime="2015-09-28T09:43:23.7181035-07:00" testType="13cdc9d9-ddb5-4fa4-a97d-d965ccfc6d4b" outcome="Passed" testListId="8c84fa94-04c1-424b-9868-57a2d4851a1d" relativeResultsDirectory="d72b82db-ad49-473d-89ea-10b9cc60769a" />
    <UnitTestResult executionId="41832855-67f8-447d-84e6-9bab90d2ecc1" testId="28fee332-205d-4521-6e4f-72d67df9e733" testName="SubscriptionEvents_InvalidNotificationTests" computerName="TFSBUILD11" duration="00:00:00.0050403" startTime="2015-09-28T09:43:23.7181035-07:00" endTime="2015-09-28T09:43:23.7181035-07:00" testType="13cdc9d9-ddb5-4fa4-a97d-d965ccfc6d4b" outcome="Passed" testListId="8c84fa94-04c1-424b-9868-57a2d4851a1d" relativeResultsDirectory="41832855-67f8-447d-84e6-9bab90d2ecc1" />
    <UnitTestResult executionId="5c0a0b91-7e8b-4332-b10d-221503a39ac7" testId="f5ae338a-61b6-cbca-111d-ace61fefb335" testName="SubscriptionEvents_ExemptFromGlobalExceptionFormattingTest" computerName="TFSBUILD11" duration="00:00:00.0047999" startTime="2015-09-28T09:43:23.7181035-07:00" endTime="2015-09-28T09:43:23.7337302-07:00" testType="13cdc9d9-ddb5-4fa4-a97d-d965ccfc6d4b" outcome="Passed" testListId="8c84fa94-04c1-424b-9868-57a2d4851a1d" relativeResultsDirectory="5c0a0b91-7e8b-4332-b10d-221503a39ac7" />
    <UnitTestResult executionId="02b3966d-ec8c-4d40-9395-904de697d0b9" testId="218dd9b4-6382-bce8-5a15-af3a75cefe4e" testName="TestGetUsages" computerName="TFSBUILD11" duration="00:00:00.2102506" startTime="2015-09-28T09:43:23.7337302-07:00" endTime="2015-09-28T09:43:23.9368708-07:00" testType="13cdc9d9-ddb5-4fa4-a97d-d965ccfc6d4b" outcome="Passed" testListId="8c84fa94-04c1-424b-9868-57a2d4851a1d" relativeResultsDirectory="02b3966d-ec8c-4d40-9395-904de697d0b9" />
    <UnitTestResult executionId="490e2927-56ef-4368-b8cc-41c7975f280b" testId="11fb472f-250e-63db-666d-710c69ec5fd1" testName="GetMetricsByNameTest_UseAggregationTables" computerName="TFSBUILD11" duration="00:00:00.0227028" startTime="2015-09-28T09:43:23.9368708-07:00" endTime="2015-09-28T09:43:23.9681216-07:00" testType="13cdc9d9-ddb5-4fa4-a97d-d965ccfc6d4b" outcome="Passed" testListId="8c84fa94-04c1-424b-9868-57a2d4851a1d" relativeResultsDirectory="490e2927-56ef-4368-b8cc-41c7975f280b" />
    <UnitTestResult executionId="4102c5b8-e84c-42ff-8eb0-e9d33597764f" testId="708d4179-e524-8866-fb74-1149f7e3dafc" testName="GetMetricsByCategoryTest" computerName="TFSBUILD11" duration="00:00:00.0166118" startTime="2015-09-28T09:43:23.9681216-07:00" endTime="2015-09-28T09:43:23.9837477-07:00" testType="13cdc9d9-ddb5-4fa4-a97d-d965ccfc6d4b" outcome="Passed" testListId="8c84fa94-04c1-424b-9868-57a2d4851a1d" relativeResultsDirectory="4102c5b8-e84c-42ff-8eb0-e9d33597764f" />
    <UnitTestResult executionId="aecb0ab4-512f-42a7-80dc-0f82b67590de" testId="ddc19afb-0fab-af57-8a0f-c6148636ae01" testName="GetAllMetricsTest" computerName="TFSBUILD11" duration="00:00:00.0118920" startTime="2015-09-28T09:43:23.9837477-07:00" endTime="2015-09-28T09:43:23.9993744-07:00" testType="13cdc9d9-ddb5-4fa4-a97d-d965ccfc6d4b" outcome="Passed" testListId="8c84fa94-04c1-424b-9868-57a2d4851a1d" relativeResultsDirectory="aecb0ab4-512f-42a7-80dc-0f82b67590de" />
    <UnitTestResult executionId="0bae1ae3-05dc-4038-95b0-b9267c3c27a2" testId="831999cc-9d70-89cb-f0a1-ea5ea22d14f4" testName="GetMetricsTest_ByNames" computerName="TFSBUILD11" duration="00:00:00.0179088" startTime="2015-09-28T09:43:23.9993744-07:00" endTime="2015-09-28T09:43:24.0149996-07:00" testType="13cdc9d9-ddb5-4fa4-a97d-d965ccfc6d4b" outcome="Passed" testListId="8c84fa94-04c1-424b-9868-57a2d4851a1d" relativeResultsDirectory="0bae1ae3-05dc-4038-95b0-b9267c3c27a2" />
    <UnitTestResult executionId="b44b2234-ee10-4738-8f7a-8ebb75eb9649" testId="fd01cfbb-9505-7c86-836d-983dec28e7eb" testName="GetMetricsTest_ByCategory" computerName="TFSBUILD11" duration="00:00:00.0162133" startTime="2015-09-28T09:43:24.0149996-07:00" endTime="2015-09-28T09:43:24.0306260-07:00" testType="13cdc9d9-ddb5-4fa4-a97d-d965ccfc6d4b" outcome="Passed" testListId="8c84fa94-04c1-424b-9868-57a2d4851a1d" relativeResultsDirectory="b44b2234-ee10-4738-8f7a-8ebb75eb9649" />
    <UnitTestResult executionId="dcc968c2-5f5e-4048-8e37-f67dc1be7d65" testId="9a534a21-9913-23f7-86df-436fc0b30bd5" testName="GetMetricDefinition_Test" computerName="TFSBUILD11" duration="00:00:00.0044196" startTime="2015-09-28T09:43:24.0306260-07:00" endTime="2015-09-28T09:43:24.0306260-07:00" testType="13cdc9d9-ddb5-4fa4-a97d-d965ccfc6d4b" outcome="Passed" testListId="8c84fa94-04c1-424b-9868-57a2d4851a1d" relativeResultsDirectory="dcc968c2-5f5e-4048-8e37-f67dc1be7d65" />
    <UnitTestResult executionId="0a4be413-f369-4842-9d53-7b83ea4fa0c6" testId="95c18aaf-a26f-3d98-ceb5-a2eeb24df18a" testName="InitializeUsageEventStore_DefaultImplementationTest" computerName="TFSBUILD11" duration="00:00:00.0084582" startTime="2015-09-28T09:43:24.0306260-07:00" endTime="2015-09-28T09:43:24.0462521-07:00" testType="13cdc9d9-ddb5-4fa4-a97d-d965ccfc6d4b" outcome="Passed" testListId="8c84fa94-04c1-424b-9868-57a2d4851a1d" relativeResultsDirectory="0a4be413-f369-4842-9d53-7b83ea4fa0c6" />
    <UnitTestResult executionId="fc78bfa8-1930-487f-87e3-51c316f79855" testId="aef4217e-0ddc-49f8-dcb8-c53cac4562b5" testName="UsageDataAggregatorResolver_DefaultImplementationSingleQueryTest" computerName="TFSBUILD11" duration="00:00:00.0005967" startTime="2015-09-28T09:43:24.0462521-07:00" endTime="2015-09-28T09:43:24.0462521-07:00" testType="13cdc9d9-ddb5-4fa4-a97d-d965ccfc6d4b" outcome="Passed" testListId="8c84fa94-04c1-424b-9868-57a2d4851a1d" relativeResultsDirectory="fc78bfa8-1930-487f-87e3-51c316f79855" />
    <UnitTestResult executionId="a966e946-be3c-46dc-8aba-a2b2f7264bdb" testId="a9e251f6-5301-b638-35f7-de701ee916d2" testName="UsageDataAggregatorResolver_DefaultImplementationParallelQueryTest" computerName="TFSBUILD11" duration="00:00:00.0002505" startTime="2015-09-28T09:43:24.0462521-07:00" endTime="2015-09-28T09:43:24.0462521-07:00" testType="13cdc9d9-ddb5-4fa4-a97d-d965ccfc6d4b" outcome="Passed" testListId="8c84fa94-04c1-424b-9868-57a2d4851a1d" relativeResultsDirectory="a966e946-be3c-46dc-8aba-a2b2f7264bdb" />
    <UnitTestResult executionId="c1ff7b13-0096-4336-84ca-d0f02ce5b9aa" testId="8f997a3f-a73f-797e-5263-ef2c3b9c7633" testName="GetDefaultResponse_Test" computerName="TFSBUILD11" duration="00:00:00.0047982" startTime="2015-09-28T09:43:24.0462521-07:00" endTime="2015-09-28T09:43:24.0462521-07:00" testType="13cdc9d9-ddb5-4fa4-a97d-d965ccfc6d4b" outcome="Passed" testListId="8c84fa94-04c1-424b-9868-57a2d4851a1d" relativeResultsDirectory="c1ff7b13-0096-4336-84ca-d0f02ce5b9aa" />
    <UnitTestResult executionId="5c1cc5d3-0283-4750-8ce3-e874ac0d4287" testId="e9d8d0c7-a81b-962d-53f7-2a96d2a718d4" testName="GetOperationResourcesTest" computerName="TFSBUILD11" duration="00:00:00.0094879" startTime="2015-09-28T09:43:24.0462521-07:00" endTime="2015-09-28T09:43:24.0618788-07:00" testType="13cdc9d9-ddb5-4fa4-a97d-d965ccfc6d4b" outcome="Passed" testListId="8c84fa94-04c1-424b-9868-57a2d4851a1d" relativeResultsDirectory="5c1cc5d3-0283-4750-8ce3-e874ac0d4287" />
    <UnitTestResult executionId="e4d7fa4e-8e9d-4221-9069-e04253f2ef56" testId="45efe9be-e876-966e-a7f0-44ed3c50904e" testName="PutResourceRequestData_PopulatePropertyFields_NullProeprties" computerName="TFSBUILD11" duration="00:00:00.0050016" startTime="2015-09-28T09:43:24.0618788-07:00" endTime="2015-09-28T09:43:24.0618788-07:00" testType="13cdc9d9-ddb5-4fa4-a97d-d965ccfc6d4b" outcome="Passed" testListId="8c84fa94-04c1-424b-9868-57a2d4851a1d" relativeResultsDirectory="e4d7fa4e-8e9d-4221-9069-e04253f2ef56" />
    <UnitTestResult executionId="bbee87d2-58c0-4c29-9bd4-96039131c63e" testId="5849b603-79f5-7962-0aa7-7755e8f689e2" testName="PutResourceRequestData_PopulatePropertyFields_EmptyProeprties" computerName="TFSBUILD11" duration="00:00:00.0047442" startTime="2015-09-28T09:43:24.0618788-07:00" endTime="2015-09-28T09:43:24.0618788-07:00" testType="13cdc9d9-ddb5-4fa4-a97d-d965ccfc6d4b" outcome="Passed" testListId="8c84fa94-04c1-424b-9868-57a2d4851a1d" relativeResultsDirectory="bbee87d2-58c0-4c29-9bd4-96039131c63e" />
    <UnitTestResult executionId="9204989f-97b1-4c38-b53f-323a6dd24321" testId="67dfd72d-3d52-3cdd-c305-4f5366a31707" testName="PutResourceRequestData_PopulatePropertyFields_SetInvalidOperationKey" computerName="TFSBUILD11" duration="00:00:00.0057187" startTime="2015-09-28T09:43:24.0618788-07:00" endTime="2015-09-28T09:43:24.0775046-07:00" testType="13cdc9d9-ddb5-4fa4-a97d-d965ccfc6d4b" outcome="Passed" testListId="8c84fa94-04c1-424b-9868-57a2d4851a1d" relativeResultsDirectory="9204989f-97b1-4c38-b53f-323a6dd24321" />
    <UnitTestResult executionId="deb01218-e5d8-4716-b751-dea3bb3e038d" testId="ddb21842-3993-8f2d-4b5c-7a40ad6fe2a9" testName="PutResourceRequestData_PopulatePropertyFields_SetOperationKey" computerName="TFSBUILD11" duration="00:00:00.0043377" startTime="2015-09-28T09:43:24.0775046-07:00" endTime="2015-09-28T09:43:24.0775046-07:00" testType="13cdc9d9-ddb5-4fa4-a97d-d965ccfc6d4b" outcome="Passed" testListId="8c84fa94-04c1-424b-9868-57a2d4851a1d" relativeResultsDirectory="deb01218-e5d8-4716-b751-dea3bb3e038d" />
    <UnitTestResult executionId="b75ed59b-64e6-420b-bba7-e156f08dc4cb" testId="8c84a278-7480-8353-b860-e71aa2198e58" testName="PutResourceRequestData_PopulatePropertyFields_SetSubscriptionSource" computerName="TFSBUILD11" duration="00:00:00.0046020" startTime="2015-09-28T09:43:24.0775046-07:00" endTime="2015-09-28T09:43:24.0775046-07:00" testType="13cdc9d9-ddb5-4fa4-a97d-d965ccfc6d4b" outcome="Passed" testListId="8c84fa94-04c1-424b-9868-57a2d4851a1d" relativeResultsDirectory="b75ed59b-64e6-420b-bba7-e156f08dc4cb" />
    <UnitTestResult executionId="8a0c400c-7678-4306-a96c-411a67d0851c" testId="c6eda0d4-31ff-fafd-a8dc-b40e4f46b912" testName="PutResourceRequestData_PopulatePropertyFields_SetSubscriptionSourceUnknown" computerName="TFSBUILD11" duration="00:00:00.0050184" startTime="2015-09-28T09:43:24.0775046-07:00" endTime="2015-09-28T09:43:24.0931307-07:00" testType="13cdc9d9-ddb5-4fa4-a97d-d965ccfc6d4b" outcome="Passed" testListId="8c84fa94-04c1-424b-9868-57a2d4851a1d" relativeResultsDirectory="8a0c400c-7678-4306-a96c-411a67d0851c" />
    <UnitTestResult executionId="a39c49af-c3e9-457a-9f4c-2db8defb9d7b" testId="80afb0eb-2c60-82cd-57a8-062b79f92364" testName="PutResourceRequestData_PopulatePropertyFields_LinkTest" computerName="TFSBUILD11" duration="00:00:00.0043770" startTime="2015-09-28T09:43:24.0931307-07:00" endTime="2015-09-28T09:43:24.0931307-07:00" testType="13cdc9d9-ddb5-4fa4-a97d-d965ccfc6d4b" outcome="Passed" testListId="8c84fa94-04c1-424b-9868-57a2d4851a1d" relativeResultsDirectory="a39c49af-c3e9-457a-9f4c-2db8defb9d7b" />
    <UnitTestResult executionId="069c006a-f0ce-469c-83a4-f8793877db99" testId="779c562d-2397-885f-7209-52ef6a3c924a" testName="PutResourceRequestData_PopulatePropertyFields_LinkWithoutAccountNameTest" computerName="TFSBUILD11" duration="00:00:00.0047507" startTime="2015-09-28T09:43:24.0931307-07:00" endTime="2015-09-28T09:43:24.0931307-07:00" testType="13cdc9d9-ddb5-4fa4-a97d-d965ccfc6d4b" outcome="Passed" testListId="8c84fa94-04c1-424b-9868-57a2d4851a1d" relativeResultsDirectory="069c006a-f0ce-469c-83a4-f8793877db99" />
    <UnitTestResult executionId="3488c828-46f0-4839-aaf2-24189d4759a8" testId="31d22451-2283-52e5-77eb-1add5b379f18" testName="PutResourceRequestData_SetRequestHeaderData" computerName="TFSBUILD11" duration="00:00:00.0046475" startTime="2015-09-28T09:43:24.0931307-07:00" endTime="2015-09-28T09:43:24.1087574-07:00" testType="13cdc9d9-ddb5-4fa4-a97d-d965ccfc6d4b" outcome="Passed" testListId="8c84fa94-04c1-424b-9868-57a2d4851a1d" relativeResultsDirectory="3488c828-46f0-4839-aaf2-24189d4759a8" />
    <UnitTestResult executionId="7871295d-ebc9-4be1-add4-097df74ebbcf" testId="7dfb7f47-8bf7-1247-a69e-cb1721ea0e73" testName="PutResourceRequestData_SetIdentityInfo" computerName="TFSBUILD11" duration="00:00:00.0046506" startTime="2015-09-28T09:43:24.1087574-07:00" endTime="2015-09-28T09:43:24.1087574-07:00" testType="13cdc9d9-ddb5-4fa4-a97d-d965ccfc6d4b" outcome="Passed" testListId="8c84fa94-04c1-424b-9868-57a2d4851a1d" relativeResultsDirectory="7871295d-ebc9-4be1-add4-097df74ebbcf" />
    <UnitTestResult executionId="21a28bec-e56c-41c4-a5ae-fd8088dc8e6f" testId="8eb768d4-7364-6601-6d6b-94e3886884fb" testName="PutResourceRequestData_ToString" computerName="TFSBUILD11" duration="00:00:00.0064415" startTime="2015-09-28T09:43:24.1087574-07:00" endTime="2015-09-28T09:43:24.1087574-07:00" testType="13cdc9d9-ddb5-4fa4-a97d-d965ccfc6d4b" outcome="Passed" testListId="8c84fa94-04c1-424b-9868-57a2d4851a1d" relativeResultsDirectory="21a28bec-e56c-41c4-a5ae-fd8088dc8e6f" />
    <UnitTestResult executionId="8526882b-a6a6-4ae7-810e-1307a92387f8" testId="9b8c1e86-63cb-de98-23c8-b5c1d7340776" testName="ResourcesControllerTests_VerifyGetResource1" computerName="TFSBUILD11" duration="00:00:00.0653393" startTime="2015-09-28T09:43:24.1087574-07:00" endTime="2015-09-28T09:43:24.1868874-07:00" testType="13cdc9d9-ddb5-4fa4-a97d-d965ccfc6d4b" outcome="Passed" testListId="8c84fa94-04c1-424b-9868-57a2d4851a1d" relativeResultsDirectory="8526882b-a6a6-4ae7-810e-1307a92387f8" />
    <UnitTestResult executionId="0a42bc35-a101-4f94-8708-10975c5bbcca" testId="15258c1f-cab2-63c7-d4a5-feb2cd5aa021" testName="ResourcesControllerTests_VerifyGetResource2" computerName="TFSBUILD11" duration="00:00:00.0175669" startTime="2015-09-28T09:43:24.1868874-07:00" endTime="2015-09-28T09:43:24.2025135-07:00" testType="13cdc9d9-ddb5-4fa4-a97d-d965ccfc6d4b" outcome="Passed" testListId="8c84fa94-04c1-424b-9868-57a2d4851a1d" relativeResultsDirectory="0a42bc35-a101-4f94-8708-10975c5bbcca" />
    <UnitTestResult executionId="a047d2a4-a473-4aa3-aa6c-30a12ca620eb" testId="b5c89d3a-eec8-941c-d8a2-ae66a50e2d23" testName="ResourcesControllerTests_GetResourceThrowsExceptionOnNullAccount" computerName="TFSBUILD11" duration="00:00:00.0116030" startTime="2015-09-28T09:43:24.2025135-07:00" endTime="2015-09-28T09:43:24.2181396-07:00" testType="13cdc9d9-ddb5-4fa4-a97d-d965ccfc6d4b" outcome="Passed" testListId="8c84fa94-04c1-424b-9868-57a2d4851a1d" relativeResultsDirectory="a047d2a4-a473-4aa3-aa6c-30a12ca620eb" />
    <UnitTestResult executionId="059c64df-a95b-4d0b-8fd2-973ff069f50f" testId="7c2569e7-8ad0-9d5b-97ea-b8a27b5bfaf2" testName="ResourcesController_ProvisionOrUpdateResource_Create_ExistingRequest" computerName="TFSBUILD11" duration="00:00:00.1050732" startTime="2015-09-28T09:43:24.2181396-07:00" endTime="2015-09-28T09:43:24.3118966-07:00" testType="13cdc9d9-ddb5-4fa4-a97d-d965ccfc6d4b" outcome="Passed" testListId="8c84fa94-04c1-424b-9868-57a2d4851a1d" relativeResultsDirectory="059c64df-a95b-4d0b-8fd2-973ff069f50f" />
    <UnitTestResult executionId="63b2cf96-1c27-4373-bc32-829f5600584a" testId="2eb248b5-4c68-8aff-064d-3965ca8b74bd" testName="ResourcesController_ProvisionOrUpdateResource_Create_NonExistingRequest" computerName="TFSBUILD11" duration="00:00:00.0239385" startTime="2015-09-28T09:43:24.3118966-07:00" endTime="2015-09-28T09:43:24.3431491-07:00" testType="13cdc9d9-ddb5-4fa4-a97d-d965ccfc6d4b" outcome="Passed" testListId="8c84fa94-04c1-424b-9868-57a2d4851a1d" relativeResultsDirectory="63b2cf96-1c27-4373-bc32-829f5600584a" />
    <UnitTestResult executionId="4990de86-76fc-4f34-8dc2-8adcfc4dd288" testId="415f6fad-2f71-e658-4bcf-7d38df5861d0" testName="ResourcesController_ProvisionOrUpdateResource_Create_NoIntrinsicSettings" computerName="TFSBUILD11" duration="00:00:00.0142597" startTime="2015-09-28T09:43:24.3431491-07:00" endTime="2015-09-28T09:43:24.3587746-07:00" testType="13cdc9d9-ddb5-4fa4-a97d-d965ccfc6d4b" outcome="Passed" testListId="8c84fa94-04c1-424b-9868-57a2d4851a1d" relativeResultsDirectory="4990de86-76fc-4f34-8dc2-8adcfc4dd288" />
    <UnitTestResult executionId="987740ed-8a4b-44ff-b3a4-6042d31fce38" testId="77c414b4-d629-4d0e-5101-7d741074b02c" testName="ResourcesController_ProvisionOrUpdateResource_Update" computerName="TFSBUILD11" duration="00:00:00.0234023" startTime="2015-09-28T09:43:24.3587746-07:00" endTime="2015-09-28T09:43:24.3744010-07:00" testType="13cdc9d9-ddb5-4fa4-a97d-d965ccfc6d4b" outcome="Passed" testListId="8c84fa94-04c1-424b-9868-57a2d4851a1d" relativeResultsDirectory="987740ed-8a4b-44ff-b3a4-6042d31fce38" />
    <UnitTestResult executionId="2874976a-f8db-401e-8f2e-231bb22f8214" testId="a6fcd878-bc76-ccb1-d5ef-d9f43061c38a" testName="ResourcesController_ProvisionOrUpdateResource_Link" computerName="TFSBUILD11" duration="00:00:00.0222358" startTime="2015-09-28T09:43:24.3744010-07:00" endTime="2015-09-28T09:43:24.4056535-07:00" testType="13cdc9d9-ddb5-4fa4-a97d-d965ccfc6d4b" outcome="Passed" testListId="8c84fa94-04c1-424b-9868-57a2d4851a1d" relativeResultsDirectory="2874976a-f8db-401e-8f2e-231bb22f8214" />
    <UnitTestResult executionId="df8baf0e-1e45-4084-8c19-ebebd449b44e" testId="54a8cbe8-751c-223d-28ab-e6ed0abc759a" testName="ResourceController_CheckAuxSourceLinkExistingAccount" computerName="TFSBUILD11" duration="00:00:00.0225114" startTime="2015-09-28T09:43:24.4056535-07:00" endTime="2015-09-28T09:43:24.4212785-07:00" testType="13cdc9d9-ddb5-4fa4-a97d-d965ccfc6d4b" outcome="Passed" testListId="8c84fa94-04c1-424b-9868-57a2d4851a1d" relativeResultsDirectory="df8baf0e-1e45-4084-8c19-ebebd449b44e" />
    <UnitTestResult executionId="42d5a514-ac2a-4176-be91-086824c46ef9" testId="fa73d292-2fb8-609c-fc34-06ba9832f58e" testName="ResourcesController_Delete" computerName="TFSBUILD11" duration="00:00:00.1356262" startTime="2015-09-28T09:43:24.4212785-07:00" endTime="2015-09-28T09:43:24.5619141-07:00" testType="13cdc9d9-ddb5-4fa4-a97d-d965ccfc6d4b" outcome="Passed" testListId="8c84fa94-04c1-424b-9868-57a2d4851a1d" relativeResultsDirectory="42d5a514-ac2a-4176-be91-086824c46ef9" />
    <UnitTestResult executionId="53762dcb-7b29-4d8f-aed6-22906639c255" testId="107d9bae-b004-284a-7923-e14d6c3c19dd" testName="ResourcesController_EnableDisableAADTest" computerName="TFSBUILD11" duration="00:00:00.0081760" startTime="2015-09-28T09:43:24.5619141-07:00" endTime="2015-09-28T09:43:24.5619141-07:00" testType="13cdc9d9-ddb5-4fa4-a97d-d965ccfc6d4b" outcome="Passed" testListId="8c84fa94-04c1-424b-9868-57a2d4851a1d" relativeResultsDirectory="53762dcb-7b29-4d8f-aed6-22906639c255" />
    <UnitTestResult executionId="13e77e85-71e5-45dd-9bdb-b7866b6846bc" testId="c046620d-3769-e5b2-8768-6d3757fbaf0e" testName="ResourcesController_EnableDisableAADEnableTest" computerName="TFSBUILD11" duration="00:00:00.0178616" startTime="2015-09-28T09:43:24.5619141-07:00" endTime="2015-09-28T09:43:24.5931663-07:00" testType="13cdc9d9-ddb5-4fa4-a97d-d965ccfc6d4b" outcome="Passed" testListId="8c84fa94-04c1-424b-9868-57a2d4851a1d" relativeResultsDirectory="13e77e85-71e5-45dd-9bdb-b7866b6846bc" />
    <UnitTestResult executionId="e07bd1cf-2f2a-4f8d-a1bc-9a3c364c2ff2" testId="aba06b03-6450-3675-65e8-b9e74e9edcdc" testName="ResourcesController_EnableDisableAADDisableTest" computerName="TFSBUILD11" duration="00:00:00.0157968" startTime="2015-09-28T09:43:24.5931663-07:00" endTime="2015-09-28T09:43:24.6087930-07:00" testType="13cdc9d9-ddb5-4fa4-a97d-d965ccfc6d4b" outcome="Passed" testListId="8c84fa94-04c1-424b-9868-57a2d4851a1d" relativeResultsDirectory="e07bd1cf-2f2a-4f8d-a1bc-9a3c364c2ff2" />
    <UnitTestResult executionId="89ca7ab5-3666-4b32-b957-1344e425c9b0" testId="fb7ff4ae-12d4-f1be-7e8d-fd755b93c83c" testName="ResourcesController_CheckAccountOwner_PositiveByIdTest" computerName="TFSBUILD11" duration="00:00:00.1642165" startTime="2015-09-28T09:43:24.6087930-07:00" endTime="2015-09-28T09:43:24.7650538-07:00" testType="13cdc9d9-ddb5-4fa4-a97d-d965ccfc6d4b" outcome="Passed" testListId="8c84fa94-04c1-424b-9868-57a2d4851a1d" relativeResultsDirectory="89ca7ab5-3666-4b32-b957-1344e425c9b0" />
    <UnitTestResult executionId="156555fb-a2de-4112-b1e2-22cda8890e80" testId="91fa4387-7e3b-43c2-3db3-e56ad6bed1e2" testName="ResourcesController_CheckAccountOwner_NegativeByIdTest" computerName="TFSBUILD11" duration="00:00:00.0198385" startTime="2015-09-28T09:43:24.7650538-07:00" endTime="2015-09-28T09:43:24.7806796-07:00" testType="13cdc9d9-ddb5-4fa4-a97d-d965ccfc6d4b" outcome="Passed" testListId="8c84fa94-04c1-424b-9868-57a2d4851a1d" relativeResultsDirectory="156555fb-a2de-4112-b1e2-22cda8890e80" />
    <UnitTestResult executionId="fac05866-5d68-40bd-94b1-38007c7f813a" testId="49a7ac71-ace3-4c53-9c1f-8b1bc5f26ba0" testName="ResourcesController_CheckAccountOwner_PositiveByEmailTest" computerName="TFSBUILD11" duration="00:00:00.0191840" startTime="2015-09-28T09:43:24.7806796-07:00" endTime="2015-09-28T09:43:24.8119321-07:00" testType="13cdc9d9-ddb5-4fa4-a97d-d965ccfc6d4b" outcome="Passed" testListId="8c84fa94-04c1-424b-9868-57a2d4851a1d" relativeResultsDirectory="fac05866-5d68-40bd-94b1-38007c7f813a" />
    <UnitTestResult executionId="1b507031-5be3-4d72-affc-7ad13b2c715f" testId="0f4685d3-6994-da96-603c-0db698193527" testName="ResourcesController_CheckAccountOwner_PositiveByEmailCaseInsensitiveTest" computerName="TFSBUILD11" duration="00:00:00.0200035" startTime="2015-09-28T09:43:24.8119321-07:00" endTime="2015-09-28T09:43:24.8275577-07:00" testType="13cdc9d9-ddb5-4fa4-a97d-d965ccfc6d4b" outcome="Passed" testListId="8c84fa94-04c1-424b-9868-57a2d4851a1d" relativeResultsDirectory="1b507031-5be3-4d72-affc-7ad13b2c715f" />
    <UnitTestResult executionId="7879d35d-c140-41a6-95f7-360459fcb036" testId="e9932b46-040b-f3ef-e74f-eb10e8be87d7" testName="ResourcesController_CheckAccountOwner_NegativeByEmailTest" computerName="TFSBUILD11" duration="00:00:00.0309935" startTime="2015-09-28T09:43:24.8275577-07:00" endTime="2015-09-28T09:43:24.8588099-07:00" testType="13cdc9d9-ddb5-4fa4-a97d-d965ccfc6d4b" outcome="Passed" testListId="8c84fa94-04c1-424b-9868-57a2d4851a1d" relativeResultsDirectory="7879d35d-c140-41a6-95f7-360459fcb036" />
    <UnitTestResult executionId="5b051f50-8ef1-4b56-a732-3286af470ed9" testId="e3060bfd-c465-9fdd-7033-11ee78c3bb8b" testName="PassthroughControllerQueryAccountsByOwner_Test" computerName="TFSBUILD11" duration="00:00:00.1454566" startTime="2015-09-28T09:43:24.8588099-07:00" endTime="2015-09-28T09:43:24.9994449-07:00" testType="13cdc9d9-ddb5-4fa4-a97d-d965ccfc6d4b" outcome="Passed" testListId="8c84fa94-04c1-424b-9868-57a2d4851a1d" relativeResultsDirectory="5b051f50-8ef1-4b56-a732-3286af470ed9" />
    <UnitTestResult executionId="5f6b8258-63af-4e12-8577-782c5817af96" testId="4abdcb09-ee7a-9c22-c614-c7f04a25e947" testName="PassthroughControllerLayerVerify_Test" computerName="TFSBUILD11" duration="00:00:00.0002127" startTime="2015-09-28T09:43:24.9994449-07:00" endTime="2015-09-28T09:43:24.9994449-07:00" testType="13cdc9d9-ddb5-4fa4-a97d-d965ccfc6d4b" outcome="Passed" testListId="8c84fa94-04c1-424b-9868-57a2d4851a1d" relativeResultsDirectory="5f6b8258-63af-4e12-8577-782c5817af96" />
    <UnitTestResult executionId="914629c4-b7d1-409c-9125-18b439fd9c95" testId="64a7b379-b286-beb7-ee0a-e0943de6fea9" testName="PassthroughController_EmptyGetRegionList" computerName="TFSBUILD11" duration="00:00:00.0094734" startTime="2015-09-28T09:43:24.9994449-07:00" endTime="2015-09-28T09:43:25.0150713-07:00" testType="13cdc9d9-ddb5-4fa4-a97d-d965ccfc6d4b" outcome="Passed" testListId="8c84fa94-04c1-424b-9868-57a2d4851a1d" relativeResultsDirectory="914629c4-b7d1-409c-9125-18b439fd9c95" />
    <UnitTestResult executionId="8fc0a57f-0f0c-4e84-96cf-ba8a9e78591a" testId="67bb203d-d2e3-dc48-eeae-34a86f07e563" testName="PassthroughController_GetRegionList" computerName="TFSBUILD11" duration="00:00:00.0090768" startTime="2015-09-28T09:43:25.0150713-07:00" endTime="2015-09-28T09:43:25.0306977-07:00" testType="13cdc9d9-ddb5-4fa4-a97d-d965ccfc6d4b" outcome="Passed" testListId="8c84fa94-04c1-424b-9868-57a2d4851a1d" relativeResultsDirectory="8fc0a57f-0f0c-4e84-96cf-ba8a9e78591a" />
    <UnitTestResult executionId="0ef22841-4001-4665-b16e-21dafdf02fe7" testId="8b6d0bbc-b714-1b95-0792-dbf85e6557f5" testName="PassthroughController_QueryAccountsByOwnerWithTenantExtendedTest" computerName="TFSBUILD11" duration="00:00:00.0181554" startTime="2015-09-28T09:43:25.0306977-07:00" endTime="2015-09-28T09:43:25.0463229-07:00" testType="13cdc9d9-ddb5-4fa4-a97d-d965ccfc6d4b" outcome="Passed" testListId="8c84fa94-04c1-424b-9868-57a2d4851a1d" relativeResultsDirectory="0ef22841-4001-4665-b16e-21dafdf02fe7" />
    <UnitTestResult executionId="021a93ed-d0e1-4870-bac0-ae89570f30da" testId="177df362-221c-4d53-53ee-1289ff8955a5" testName="TestExceptionDictionary" computerName="TFSBUILD11" duration="00:00:00.0075221" startTime="2015-09-28T09:43:25.0463229-07:00" endTime="2015-09-28T09:43:25.0463229-07:00" testType="13cdc9d9-ddb5-4fa4-a97d-d965ccfc6d4b" outcome="Passed" testListId="8c84fa94-04c1-424b-9868-57a2d4851a1d" relativeResultsDirectory="021a93ed-d0e1-4870-bac0-ae89570f30da" />
    <UnitTestResult executionId="5b6bf6b9-a5dc-4152-bb74-363a48940f7b" testId="8de86570-3ae4-9764-e4be-f7f7fdf3fd74" testName="TraceExceptionsAttribute_OnExceptionContollerNull" computerName="TFSBUILD11" duration="00:00:00.1410753" startTime="2015-09-28T09:43:25.0463229-07:00" endTime="2015-09-28T09:43:25.1869582-07:00" testType="13cdc9d9-ddb5-4fa4-a97d-d965ccfc6d4b" outcome="Passed" testListId="8c84fa94-04c1-424b-9868-57a2d4851a1d" relativeResultsDirectory="5b6bf6b9-a5dc-4152-bb74-363a48940f7b" />
    <UnitTestResult executionId="14ffdf98-b5e1-49c6-9b9a-567cfa814d05" testId="f054066d-3ab5-e1f3-247f-e82b0703df90" testName="TraceExceptionsAttribute_OnException" computerName="TFSBUILD11" duration="00:00:00.1483306" startTime="2015-09-28T09:43:25.1869582-07:00" endTime="2015-09-28T09:43:25.3432196-07:00" testType="13cdc9d9-ddb5-4fa4-a97d-d965ccfc6d4b" outcome="Passed" testListId="8c84fa94-04c1-424b-9868-57a2d4851a1d" relativeResultsDirectory="14ffdf98-b5e1-49c6-9b9a-567cfa814d05" />
    <UnitTestResult executionId="b41cdbd0-d487-4c06-ab7a-1cbc9e2bc5c6" testId="a0912ffd-5d1d-7200-f483-5bd6a8f06ac2" testName="TraceExceptionsAttribute_ProductionConstructionCall" computerName="TFSBUILD11" duration="00:00:00.0046367" startTime="2015-09-28T09:43:25.3432196-07:00" endTime="2015-09-28T09:43:25.3432196-07:00" testType="13cdc9d9-ddb5-4fa4-a97d-d965ccfc6d4b" outcome="Passed" testListId="8c84fa94-04c1-424b-9868-57a2d4851a1d" relativeResultsDirectory="b41cdbd0-d487-4c06-ab7a-1cbc9e2bc5c6" />
    <UnitTestResult executionId="f3423386-2428-4766-8580-b3a4e966121b" testId="9d4dbefc-d0cc-bf1a-d820-b5ec73388689" testName="XmlFormatterAttribute_InitializationTest" computerName="TFSBUILD11" duration="00:00:00.0015962" startTime="2015-09-28T09:43:25.3432196-07:00" endTime="2015-09-28T09:43:25.3432196-07:00" testType="13cdc9d9-ddb5-4fa4-a97d-d965ccfc6d4b" outcome="Passed" testListId="8c84fa94-04c1-424b-9868-57a2d4851a1d" relativeResultsDirectory="f3423386-2428-4766-8580-b3a4e966121b" />
    <UnitTestResult executionId="ea510faa-2c79-4c47-82ce-c8ea9d83a019" testId="7d75a350-a9d3-da39-e248-bd744d50f284" testName="ResourceOutputBuilderTests_CreateResourceOutputTest" computerName="TFSBUILD11" duration="00:00:00.0618833" startTime="2015-09-28T09:43:25.3432196-07:00" endTime="2015-09-28T09:43:25.4057235-07:00" testType="13cdc9d9-ddb5-4fa4-a97d-d965ccfc6d4b" outcome="Passed" testListId="8c84fa94-04c1-424b-9868-57a2d4851a1d" relativeResultsDirectory="ea510faa-2c79-4c47-82ce-c8ea9d83a019" />
    <UnitTestResult executionId="7a249fc7-d3e1-43f1-aa7e-4963ef37a593" testId="99d71fee-aaa3-5422-b2ab-38c9aeeac699" testName="ResourceOutputBuilderTests_CreateResourceOutputFailedOperationTest" computerName="TFSBUILD11" duration="00:00:00.0637330" startTime="2015-09-28T09:43:25.4057235-07:00" endTime="2015-09-28T09:43:25.4682282-07:00" testType="13cdc9d9-ddb5-4fa4-a97d-d965ccfc6d4b" outcome="Passed" testListId="8c84fa94-04c1-424b-9868-57a2d4851a1d" relativeResultsDirectory="7a249fc7-d3e1-43f1-aa7e-4963ef37a593" />
    <UnitTestResult executionId="2b488306-f79b-4394-9395-de8de2f87e6f" testId="83786169-ce16-4437-06fb-8ae071801dff" testName="ResourceOutputBuilderTests_CreateResourceExceptionOutput" computerName="TFSBUILD11" duration="00:00:00.0170899" startTime="2015-09-28T09:43:25.4682282-07:00" endTime="2015-09-28T09:43:25.4838538-07:00" testType="13cdc9d9-ddb5-4fa4-a97d-d965ccfc6d4b" outcome="Passed" testListId="8c84fa94-04c1-424b-9868-57a2d4851a1d" relativeResultsDirectory="2b488306-f79b-4394-9395-de8de2f87e6f" />
    <UnitTestResult executionId="e9ee3051-46b5-415e-a0ba-1e0681848210" testId="e66c6565-b0d4-ce3a-753f-5c31265ea7ce" testName="ResourceOutputBuilderTests_CreateResourceOutputMeteringExceptionTest" computerName="TFSBUILD11" duration="00:00:00.0236210" startTime="2015-09-28T09:43:25.4838538-07:00" endTime="2015-09-28T09:43:25.5151066-07:00" testType="13cdc9d9-ddb5-4fa4-a97d-d965ccfc6d4b" outcome="Passed" testListId="8c84fa94-04c1-424b-9868-57a2d4851a1d" relativeResultsDirectory="e9ee3051-46b5-415e-a0ba-1e0681848210" />
    <UnitTestResult executionId="f9f2c04f-1271-4f01-9c04-ca63f0f7cd95" testId="0c99bc4a-5847-7a13-8210-fe2e2e9276fd" testName="ResourceOutputBuilderTests_GetDefaultResourceOutputTest" computerName="TFSBUILD11" duration="00:00:00.0008305" startTime="2015-09-28T09:43:25.5151066-07:00" endTime="2015-09-28T09:43:25.5151066-07:00" testType="13cdc9d9-ddb5-4fa4-a97d-d965ccfc6d4b" outcome="Passed" testListId="8c84fa94-04c1-424b-9868-57a2d4851a1d" relativeResultsDirectory="f9f2c04f-1271-4f01-9c04-ca63f0f7cd95" />
    <UnitTestResult executionId="9a1bbbc4-27ab-4ad8-a73b-e204fbe89c18" testId="cb3ecf9e-afc5-83e1-dc21-4b450e063544" testName="ResourceOutputBuilderTests_GetResourceOutputTest" computerName="TFSBUILD11" duration="00:00:00.0008234" startTime="2015-09-28T09:43:25.5151066-07:00" endTime="2015-09-28T09:43:25.5151066-07:00" testType="13cdc9d9-ddb5-4fa4-a97d-d965ccfc6d4b" outcome="Passed" testListId="8c84fa94-04c1-424b-9868-57a2d4851a1d" relativeResultsDirectory="9a1bbbc4-27ab-4ad8-a73b-e204fbe89c18" />
    <UnitTestResult executionId="5aefa21e-4026-4b54-8c3c-6b539688f3f3" testId="d28278fe-47fd-5961-8b56-afa169550f9b" testName="IntrinsicsSettingsManager_BuildResource" computerName="TFSBUILD11" duration="00:00:00.0300091" startTime="2015-09-28T09:43:25.5151066-07:00" endTime="2015-09-28T09:43:25.5463588-07:00" testType="13cdc9d9-ddb5-4fa4-a97d-d965ccfc6d4b" outcome="Passed" testListId="8c84fa94-04c1-424b-9868-57a2d4851a1d" relativeResultsDirectory="5aefa21e-4026-4b54-8c3c-6b539688f3f3" />
    <UnitTestResult executionId="be3247dc-40e8-4fab-b37d-cd2e33c82ddf" testId="028ac6b5-3d72-1ff8-5b25-f4f7b624196b" testName="IntrinsicsSettingsManager_ResourceBadValue" computerName="TFSBUILD11" duration="00:00:00.0149890" startTime="2015-09-28T09:43:25.5463588-07:00" endTime="2015-09-28T09:43:25.5619849-07:00" testType="13cdc9d9-ddb5-4fa4-a97d-d965ccfc6d4b" outcome="Passed" testListId="8c84fa94-04c1-424b-9868-57a2d4851a1d" relativeResultsDirectory="be3247dc-40e8-4fab-b37d-cd2e33c82ddf" />
    <UnitTestResult executionId="25890db3-d3e1-41f3-8297-bf820652a6f3" testId="36f7f567-6116-d254-cc3d-576e2bd7aec1" testName="IntrinsicsSettingsManager_LicenseResource" computerName="TFSBUILD11" startTime="2015-09-28T09:43:25.5619849-07:00" endTime="2015-09-28T09:43:25.5619849-07:00" testType="13cdc9d9-ddb5-4fa4-a97d-d965ccfc6d4b" outcome="NotExecuted" testListId="8c84fa94-04c1-424b-9868-57a2d4851a1d" relativeResultsDirectory="25890db3-d3e1-41f3-8297-bf820652a6f3" />
    <UnitTestResult executionId="cbb87e32-1810-436f-8d92-940cc6be4634" testId="589bbf33-ad68-f590-6970-148a7f5dde95" testName="IntrinsicsSettingsManager_LicenseResourceBadValue" computerName="TFSBUILD11" duration="00:00:00.0173908" startTime="2015-09-28T09:43:25.5619849-07:00" endTime="2015-09-28T09:43:25.5776110-07:00" testType="13cdc9d9-ddb5-4fa4-a97d-d965ccfc6d4b" outcome="Passed" testListId="8c84fa94-04c1-424b-9868-57a2d4851a1d" relativeResultsDirectory="cbb87e32-1810-436f-8d92-940cc6be4634" />
    <UnitTestResult executionId="8eb23b22-42f3-4099-b03f-4562c1cf7ac4" testId="f5ffde63-e0a2-6507-08ca-3c697a8755bc" testName="IntrinsicsSettingsManager_MultipleResources" computerName="TFSBUILD11" startTime="2015-09-28T09:43:25.5776110-07:00" endTime="2015-09-28T09:43:25.5776110-07:00" testType="13cdc9d9-ddb5-4fa4-a97d-d965ccfc6d4b" outcome="NotExecuted" testListId="8c84fa94-04c1-424b-9868-57a2d4851a1d" relativeResultsDirectory="8eb23b22-42f3-4099-b03f-4562c1cf7ac4" />
    <UnitTestResult executionId="684676d4-0c44-401c-8e39-231aa6f7f483" testId="d72927bc-a773-863c-e426-0a5061339bbb" testName="CommerceUtil_GetDefaultUsageMetersTest" computerName="TFSBUILD11" duration="00:00:00.0054934" startTime="2015-09-28T09:43:25.5776110-07:00" endTime="2015-09-28T09:43:25.5932377-07:00" testType="13cdc9d9-ddb5-4fa4-a97d-d965ccfc6d4b" outcome="Passed" testListId="8c84fa94-04c1-424b-9868-57a2d4851a1d" relativeResultsDirectory="684676d4-0c44-401c-8e39-231aa6f7f483" />
    <UnitTestResult executionId="7904663f-11aa-4768-9d73-2f0e813d6b78" testId="b3e26e70-d53a-4c65-5593-3e0f715380dd" testName="CommerceUtil_GetUsageMetersTest" computerName="TFSBUILD11" duration="00:00:00.0292260" startTime="2015-09-28T09:43:25.5932377-07:00" endTime="2015-09-28T09:43:25.6088635-07:00" testType="13cdc9d9-ddb5-4fa4-a97d-d965ccfc6d4b" outcome="Passed" testListId="8c84fa94-04c1-424b-9868-57a2d4851a1d" relativeResultsDirectory="7904663f-11aa-4768-9d73-2f0e813d6b78" />
    <UnitTestResult executionId="85824ab5-cc1e-45ce-889d-8ca615821dc6" testId="3992c438-53c3-0a48-f8f0-81dc725c22fc" testName="CommerceUtil_DeserializeTest" computerName="TFSBUILD11" duration="00:00:00.0018056" startTime="2015-09-28T09:43:25.6088635-07:00" endTime="2015-09-28T09:43:25.6244896-07:00" testType="13cdc9d9-ddb5-4fa4-a97d-d965ccfc6d4b" outcome="Passed" testListId="8c84fa94-04c1-424b-9868-57a2d4851a1d" relativeResultsDirectory="85824ab5-cc1e-45ce-889d-8ca615821dc6" />
    <UnitTestResult executionId="89a07c97-fdd6-4f9f-aa61-af35ed1d1e60" testId="7ee829d6-2d30-018e-6f64-12a0db5c7f76" testName="CommerceUtil_EncodeToBase64Test" computerName="TFSBUILD11" duration="00:00:00.0001487" startTime="2015-09-28T09:43:25.6244896-07:00" endTime="2015-09-28T09:43:25.6244896-07:00" testType="13cdc9d9-ddb5-4fa4-a97d-d965ccfc6d4b" outcome="Passed" testListId="8c84fa94-04c1-424b-9868-57a2d4851a1d" relativeResultsDirectory="89a07c97-fdd6-4f9f-aa61-af35ed1d1e60" />
    <UnitTestResult executionId="5a3903ec-dde1-4f37-901d-fd5a74b68821" testId="67cc8dd3-0baf-f7b7-95ea-d0e199b45f87" testName="OnActionExecutedContollerNull" computerName="TFSBUILD11" duration="00:00:00.0906673" startTime="2015-09-28T09:43:25.6244896-07:00" endTime="2015-09-28T09:43:25.7026205-07:00" testType="13cdc9d9-ddb5-4fa4-a97d-d965ccfc6d4b" outcome="Passed" testListId="8c84fa94-04c1-424b-9868-57a2d4851a1d" relativeResultsDirectory="5a3903ec-dde1-4f37-901d-fd5a74b68821" />
    <UnitTestResult executionId="a235384f-bbb0-43c2-aa8f-fbdea86a6c23" testId="0c3a9e33-82c9-fc4a-285a-23c3397ecf6b" testName="OnActionExecutedContentAndHeaderWrite" computerName="TFSBUILD11" duration="00:00:00.0275569" startTime="2015-09-28T09:43:25.7026205-07:00" endTime="2015-09-28T09:43:25.7338721-07:00" testType="13cdc9d9-ddb5-4fa4-a97d-d965ccfc6d4b" outcome="Passed" testListId="8c84fa94-04c1-424b-9868-57a2d4851a1d" relativeResultsDirectory="a235384f-bbb0-43c2-aa8f-fbdea86a6c23" />
    <UnitTestResult executionId="f08b1996-1035-47d2-958f-f76aa7566ac1" testId="485a0718-e82e-d030-9201-055f23e49406" testName="OnActionExecutedExceptionTrace" computerName="TFSBUILD11" duration="00:00:00.0236981" startTime="2015-09-28T09:43:25.7338721-07:00" endTime="2015-09-28T09:43:25.7651255-07:00" testType="13cdc9d9-ddb5-4fa4-a97d-d965ccfc6d4b" outcome="Passed" testListId="8c84fa94-04c1-424b-9868-57a2d4851a1d" relativeResultsDirectory="f08b1996-1035-47d2-958f-f76aa7566ac1" />
    <UnitTestResult executionId="5bf15a8e-14f7-4940-bebf-97b299f8eaab" testId="e34d591b-1f43-bf19-47ae-85ca0e9c40b4" testName="OnActionExecutingContollerNull" computerName="TFSBUILD11" duration="00:00:00.0208082" startTime="2015-09-28T09:43:25.7651255-07:00" endTime="2015-09-28T09:43:25.7807510-07:00" testType="13cdc9d9-ddb5-4fa4-a97d-d965ccfc6d4b" outcome="Passed" testListId="8c84fa94-04c1-424b-9868-57a2d4851a1d" relativeResultsDirectory="5bf15a8e-14f7-4940-bebf-97b299f8eaab" />
    <UnitTestResult executionId="6613a781-1be4-4630-bd42-197e10b16fbe" testId="3a547af1-064d-6e94-9641-46872457b39c" testName="OnActionExecutingContentAndHeaderWrite" computerName="TFSBUILD11" duration="00:00:00.0284409" startTime="2015-09-28T09:43:25.7807510-07:00" endTime="2015-09-28T09:43:25.8120024-07:00" testType="13cdc9d9-ddb5-4fa4-a97d-d965ccfc6d4b" outcome="Passed" testListId="8c84fa94-04c1-424b-9868-57a2d4851a1d" relativeResultsDirectory="6613a781-1be4-4630-bd42-197e10b16fbe" />
    <UnitTestResult executionId="9665ed1e-79b4-46bf-8ec2-e85e3231a955" testId="7e157a32-e097-bd52-7bf2-e7b0cde0c03c" testName="OnActionExecutingExceptionTrace" computerName="TFSBUILD11" duration="00:00:00.0172589" startTime="2015-09-28T09:43:25.8120024-07:00" endTime="2015-09-28T09:43:25.8276296-07:00" testType="13cdc9d9-ddb5-4fa4-a97d-d965ccfc6d4b" outcome="Passed" testListId="8c84fa94-04c1-424b-9868-57a2d4851a1d" relativeResultsDirectory="9665ed1e-79b4-46bf-8ec2-e85e3231a955" />
    <UnitTestResult executionId="76250cfa-dc6a-4177-a33d-a65925029af5" testId="9fb9f2ca-43a8-17ca-70c2-e477495ee88b" testName="TraceRequest_OnActionExecutingContollerNull" computerName="TFSBUILD11" duration="00:00:00.0889330" startTime="2015-09-28T09:43:25.8276296-07:00" endTime="2015-09-28T09:43:25.9213855-07:00" testType="13cdc9d9-ddb5-4fa4-a97d-d965ccfc6d4b" outcome="Passed" testListId="8c84fa94-04c1-424b-9868-57a2d4851a1d" relativeResultsDirectory="76250cfa-dc6a-4177-a33d-a65925029af5" />
    <UnitTestResult executionId="8f3b9916-9944-41fe-af88-de9b86f6fce5" testId="85413449-ec88-ca7a-409a-6b2b2ec8eedd" testName="TraceRequest_OnActionExecutingContentAndHeaderWrite" computerName="TFSBUILD11" duration="00:00:00.0126247" startTime="2015-09-28T09:43:25.9213855-07:00" endTime="2015-09-28T09:43:25.9370121-07:00" testType="13cdc9d9-ddb5-4fa4-a97d-d965ccfc6d4b" outcome="Passed" testListId="8c84fa94-04c1-424b-9868-57a2d4851a1d" relativeResultsDirectory="8f3b9916-9944-41fe-af88-de9b86f6fce5" />
    <UnitTestResult executionId="449bea78-d85a-4c15-a7d7-ed40fd061b02" testId="a204528b-7bf5-c00c-8457-70b6cc9caab7" testName="TraceRequest_OnActionExecutingExceptionTrace" computerName="TFSBUILD11" duration="00:00:00.0094003" startTime="2015-09-28T09:43:25.9370121-07:00" endTime="2015-09-28T09:43:25.9370121-07:00" testType="13cdc9d9-ddb5-4fa4-a97d-d965ccfc6d4b" outcome="Passed" testListId="8c84fa94-04c1-424b-9868-57a2d4851a1d" relativeResultsDirectory="449bea78-d85a-4c15-a7d7-ed40fd061b02" />
    <UnitTestResult executionId="388d8d66-ef71-4efb-b858-3417573abb14" testId="5fc06dd4-eafd-0fb4-37c1-c0be9dc67e9c" testName="TraceRequest_ProductionConstrcutorCall" computerName="TFSBUILD11" duration="00:00:00.0044469" startTime="2015-09-28T09:43:25.9370121-07:00" endTime="2015-09-28T09:43:25.9370121-07:00" testType="13cdc9d9-ddb5-4fa4-a97d-d965ccfc6d4b" outcome="Passed" testListId="8c84fa94-04c1-424b-9868-57a2d4851a1d" relativeResultsDirectory="388d8d66-ef71-4efb-b858-3417573abb14" />
    <UnitTestResult executionId="5700ff55-cbf7-4d60-85bf-d2caa267a2d0" testId="04a72fdf-7318-4673-5881-a33afeef42a2" testName="OnActionExecutedContollerNull" computerName="TFSBUILD11" duration="00:00:00.0907529" startTime="2015-09-28T09:43:25.9370121-07:00" endTime="2015-09-28T09:43:26.0307679-07:00" testType="13cdc9d9-ddb5-4fa4-a97d-d965ccfc6d4b" outcome="Passed" testListId="8c84fa94-04c1-424b-9868-57a2d4851a1d" relativeResultsDirectory="5700ff55-cbf7-4d60-85bf-d2caa267a2d0" />
    <UnitTestResult executionId="bb251401-d764-4742-b33e-8f4ca4636a62" testId="297203c9-b002-5976-8852-5eaf726bd2fd" testName="OnActionExecutedContentAndHeaderWrite" computerName="TFSBUILD11" duration="00:00:00.0185281" startTime="2015-09-28T09:43:26.0307679-07:00" endTime="2015-09-28T09:43:26.0463946-07:00" testType="13cdc9d9-ddb5-4fa4-a97d-d965ccfc6d4b" outcome="Passed" testListId="8c84fa94-04c1-424b-9868-57a2d4851a1d" relativeResultsDirectory="bb251401-d764-4742-b33e-8f4ca4636a62" />
    <UnitTestResult executionId="4d15ead6-c7d0-4a4a-b50a-58801f80a2d0" testId="a337afd9-44c7-b1f9-7b29-c8ac477b96c2" testName="OnActionExecutedExceptionTrace" computerName="TFSBUILD11" duration="00:00:00.0130127" startTime="2015-09-28T09:43:26.0463946-07:00" endTime="2015-09-28T09:43:26.0620202-07:00" testType="13cdc9d9-ddb5-4fa4-a97d-d965ccfc6d4b" outcome="Passed" testListId="8c84fa94-04c1-424b-9868-57a2d4851a1d" relativeResultsDirectory="4d15ead6-c7d0-4a4a-b50a-58801f80a2d0" />
    <UnitTestResult executionId="e0f4b05a-21cb-4cb3-af35-f5c2836253a0" testId="1de00129-7946-b771-65bd-375bf77c5cbd" testName="AccountIdBinder_Test" computerName="TFSBUILD11" duration="00:00:00.0031172" startTime="2015-09-28T09:43:26.0620202-07:00" endTime="2015-09-28T09:43:26.0776466-07:00" testType="13cdc9d9-ddb5-4fa4-a97d-d965ccfc6d4b" outcome="Passed" testListId="8c84fa94-04c1-424b-9868-57a2d4851a1d" relativeResultsDirectory="e0f4b05a-21cb-4cb3-af35-f5c2836253a0" />
    <UnitTestResult executionId="dc448f74-d63a-4cf5-9cde-4956ee268332" testId="641f3a05-ccd5-dedf-c479-e4d1f1b28a79" testName="AzureBillableEventBinderConstructor_Test" computerName="TFSBUILD11" duration="00:00:00.0064011" startTime="2015-09-28T09:43:26.0776466-07:00" endTime="2015-09-28T09:43:26.0776466-07:00" testType="13cdc9d9-ddb5-4fa4-a97d-d965ccfc6d4b" outcome="Passed" testListId="8c84fa94-04c1-424b-9868-57a2d4851a1d" relativeResultsDirectory="dc448f74-d63a-4cf5-9cde-4956ee268332" />
    <UnitTestResult executionId="f1286197-582b-4d54-b631-2b5b4141f17c" testId="2cc3ead4-0254-dfbf-d544-b88d14be95b0" testName="AzureBillableEventBinderBind_ExceptionTest" computerName="TFSBUILD11" duration="00:00:00.0083979" startTime="2015-09-28T09:43:26.0776466-07:00" endTime="2015-09-28T09:43:26.0932724-07:00" testType="13cdc9d9-ddb5-4fa4-a97d-d965ccfc6d4b" outcome="Passed" testListId="8c84fa94-04c1-424b-9868-57a2d4851a1d" relativeResultsDirectory="f1286197-582b-4d54-b631-2b5b4141f17c" />
    <UnitTestResult executionId="45ec6374-a6d1-4085-804d-878beb95a0cb" testId="4fcb381e-42ac-44ac-ef55-950aae9951a4" testName="AzureBillableEventBinderBind_Test" computerName="TFSBUILD11" duration="00:00:00.0214760" startTime="2015-09-28T09:43:26.0932724-07:00" endTime="2015-09-28T09:43:26.1088985-07:00" testType="13cdc9d9-ddb5-4fa4-a97d-d965ccfc6d4b" outcome="Passed" testListId="8c84fa94-04c1-424b-9868-57a2d4851a1d" relativeResultsDirectory="45ec6374-a6d1-4085-804d-878beb95a0cb" />
    <UnitTestResult executionId="bbaca7b9-9adf-43d7-85f6-1b5f65e2b9da" testId="ce550e3b-fb5e-8235-4dda-e6aa28e0847f" testName="AzureUsageEventStore_ToAzureUsageEventTest" computerName="TFSBUILD11" duration="00:00:00.1864796" startTime="2015-09-28T09:43:26.1088985-07:00" endTime="2015-09-28T09:43:26.2964121-07:00" testType="13cdc9d9-ddb5-4fa4-a97d-d965ccfc6d4b" outcome="Passed" testListId="8c84fa94-04c1-424b-9868-57a2d4851a1d" relativeResultsDirectory="bbaca7b9-9adf-43d7-85f6-1b5f65e2b9da" />
    <UnitTestResult executionId="4de9fab7-2bb3-4aa8-9a60-062deac0dd1f" testId="28166fe4-26ce-faac-f1bc-5b7f335ee6ee" testName="AzureUsageEventStore_ToUsageEventTest" computerName="TFSBUILD11" duration="00:00:00.0118129" startTime="2015-09-28T09:43:26.2964121-07:00" endTime="2015-09-28T09:43:26.3120382-07:00" testType="13cdc9d9-ddb5-4fa4-a97d-d965ccfc6d4b" outcome="Passed" testListId="8c84fa94-04c1-424b-9868-57a2d4851a1d" relativeResultsDirectory="4de9fab7-2bb3-4aa8-9a60-062deac0dd1f" />
    <UnitTestResult executionId="dc82b75b-33b1-4e19-bb15-ef034fd05215" testId="1d1179ff-cba4-610a-fe26-d78d516e4015" testName="AzureUsageEventStore_GetUnprocessedEventsTest" computerName="TFSBUILD11" duration="00:00:00.0126768" startTime="2015-09-28T09:43:26.3120382-07:00" endTime="2015-09-28T09:43:26.3120382-07:00" testType="13cdc9d9-ddb5-4fa4-a97d-d965ccfc6d4b" outcome="Passed" testListId="8c84fa94-04c1-424b-9868-57a2d4851a1d" relativeResultsDirectory="dc82b75b-33b1-4e19-bb15-ef034fd05215" />
    <UnitTestResult executionId="2890eafa-775b-47cf-9296-377f016a8046" testId="3a04cb5d-9ead-6d40-9a67-750de42c95d9" testName="AzureUsageEventStore_BillableEvents" computerName="TFSBUILD11" duration="00:00:00.1449335" startTime="2015-09-28T09:43:26.3120382-07:00" endTime="2015-09-28T09:43:26.4682996-07:00" testType="13cdc9d9-ddb5-4fa4-a97d-d965ccfc6d4b" outcome="Passed" testListId="8c84fa94-04c1-424b-9868-57a2d4851a1d" relativeResultsDirectory="2890eafa-775b-47cf-9296-377f016a8046" />
    <UnitTestResult executionId="c6d1342b-446f-4c04-8fc3-74dccc82e61a" testId="f94d1f44-70e2-03cb-8765-5078c268bff1" testName="AzureUsageEventStore_UsageEvents" computerName="TFSBUILD11" duration="00:00:00.0392802" startTime="2015-09-28T09:43:26.4682996-07:00" endTime="2015-09-28T09:43:26.4995513-07:00" testType="13cdc9d9-ddb5-4fa4-a97d-d965ccfc6d4b" outcome="Passed" testListId="8c84fa94-04c1-424b-9868-57a2d4851a1d" relativeResultsDirectory="c6d1342b-446f-4c04-8fc3-74dccc82e61a" />
    <UnitTestResult executionId="6cbdb93f-55bd-48fd-9369-07562e91ed13" testId="e3a6b508-cec7-8a64-6478-47fddbe7168a" testName="AzureUsageEvent_ConstructorTest" computerName="TFSBUILD11" duration="00:00:00.0003217" startTime="2015-09-28T09:43:26.4995513-07:00" endTime="2015-09-28T09:43:26.4995513-07:00" testType="13cdc9d9-ddb5-4fa4-a97d-d965ccfc6d4b" outcome="Passed" testListId="8c84fa94-04c1-424b-9868-57a2d4851a1d" relativeResultsDirectory="6cbdb93f-55bd-48fd-9369-07562e91ed13" />
    <UnitTestResult executionId="bf8c8cf4-e996-436c-a566-b8bb0066b07b" testId="5e06faca-da4c-0acf-3241-9a7a64c4104b" testName="AzureUsageEvent_DefaultConstructorTest" computerName="TFSBUILD11" duration="00:00:00.0001846" startTime="2015-09-28T09:43:26.4995513-07:00" endTime="2015-09-28T09:43:26.4995513-07:00" testType="13cdc9d9-ddb5-4fa4-a97d-d965ccfc6d4b" outcome="Passed" testListId="8c84fa94-04c1-424b-9868-57a2d4851a1d" relativeResultsDirectory="bf8c8cf4-e996-436c-a566-b8bb0066b07b" />
    <UnitTestResult executionId="74fad342-cdaa-42a6-b0fb-9ee63f92e973" testId="a7ec9f03-8211-af61-93e0-0ac9819f71a3" testName="FrameworkGetResourceStatus_RequestContextNullValidationTest" computerName="TFSBUILD11" duration="00:00:00.0027289" startTime="2015-09-28T09:43:26.4995513-07:00" endTime="2015-09-28T09:43:26.5151777-07:00" testType="13cdc9d9-ddb5-4fa4-a97d-d965ccfc6d4b" outcome="Passed" testListId="8c84fa94-04c1-424b-9868-57a2d4851a1d" relativeResultsDirectory="74fad342-cdaa-42a6-b0fb-9ee63f92e973" />
    <UnitTestResult executionId="e6bbafdb-fe7b-499d-9624-ab2a0a45ea06" testId="d8dae775-253e-f494-d099-0a78e83b55ca" testName="FrameworkGetResourceStatus_HostTypeValidationTest" computerName="TFSBUILD11" duration="00:00:00.0104194" startTime="2015-09-28T09:43:26.5151777-07:00" endTime="2015-09-28T09:43:26.5151777-07:00" testType="13cdc9d9-ddb5-4fa4-a97d-d965ccfc6d4b" outcome="Passed" testListId="8c84fa94-04c1-424b-9868-57a2d4851a1d" relativeResultsDirectory="e6bbafdb-fe7b-499d-9624-ab2a0a45ea06" />
    <UnitTestResult executionId="190b6d40-f256-4941-b04f-63ed394caccb" testId="fe145ed9-4519-dfc1-7668-f65435672abf" testName="FrameworkGetResourceStatus_Test" computerName="TFSBUILD11" duration="00:00:00.1146798" startTime="2015-09-28T09:43:26.5151777-07:00" endTime="2015-09-28T09:43:26.6401866-07:00" testType="13cdc9d9-ddb5-4fa4-a97d-d965ccfc6d4b" outcome="Passed" testListId="8c84fa94-04c1-424b-9868-57a2d4851a1d" relativeResultsDirectory="190b6d40-f256-4941-b04f-63ed394caccb" />
    <UnitTestResult executionId="aa032067-5807-44b0-8637-6a6f7e4b56dd" testId="85915601-891d-334f-e466-4d3c0bc620da" testName="FrameworkReportUsage_RequestContextNullValidationTest" computerName="TFSBUILD11" duration="00:00:00.0012848" startTime="2015-09-28T09:43:26.6401866-07:00" endTime="2015-09-28T09:43:26.6401866-07:00" testType="13cdc9d9-ddb5-4fa4-a97d-d965ccfc6d4b" outcome="Passed" testListId="8c84fa94-04c1-424b-9868-57a2d4851a1d" relativeResultsDirectory="aa032067-5807-44b0-8637-6a6f7e4b56dd" />
    <UnitTestResult executionId="3fa17146-8a43-4ce3-b095-478bee864ccf" testId="14f193d6-6303-b383-4ef3-593fa89a90ac" testName="FrameworkReportUsage_QuantityGreaterThanZeroValidationTest" computerName="TFSBUILD11" duration="00:00:00.0151796" startTime="2015-09-28T09:43:26.6401866-07:00" endTime="2015-09-28T09:43:26.6558124-07:00" testType="13cdc9d9-ddb5-4fa4-a97d-d965ccfc6d4b" outcome="Passed" testListId="8c84fa94-04c1-424b-9868-57a2d4851a1d" relativeResultsDirectory="3fa17146-8a43-4ce3-b095-478bee864ccf" />
    <UnitTestResult executionId="b5f9e9f5-cd85-47c9-8673-7cdf42cf1ff2" testId="5ba4d833-ba44-9cec-0814-9ae14d63c51a" testName="FrameworkReportUsage_EventIdValidationTest" computerName="TFSBUILD11" duration="00:00:00.0159996" startTime="2015-09-28T09:43:26.6558124-07:00" endTime="2015-09-28T09:43:26.6714388-07:00" testType="13cdc9d9-ddb5-4fa4-a97d-d965ccfc6d4b" outcome="Passed" testListId="8c84fa94-04c1-424b-9868-57a2d4851a1d" relativeResultsDirectory="b5f9e9f5-cd85-47c9-8673-7cdf42cf1ff2" />
    <UnitTestResult executionId="8e49c8d0-bf9b-4e9b-afda-f2f4a2846567" testId="d9190bed-9f15-2c67-3f3e-f151f5a7c7a1" testName="FrameworkReportUsage_AccountIdValidationTest" computerName="TFSBUILD11" duration="00:00:00.0096454" startTime="2015-09-28T09:43:26.6714388-07:00" endTime="2015-09-28T09:43:26.6714388-07:00" testType="13cdc9d9-ddb5-4fa4-a97d-d965ccfc6d4b" outcome="Passed" testListId="8c84fa94-04c1-424b-9868-57a2d4851a1d" relativeResultsDirectory="8e49c8d0-bf9b-4e9b-afda-f2f4a2846567" />
    <UnitTestResult executionId="3b5dfcf2-810f-4cdf-b97a-c12c295257db" testId="69863d47-ff00-866f-02bc-4eb24dcad546" testName="FrameworkReportUsage_EventUserIdValidationTest" computerName="TFSBUILD11" duration="00:00:00.0096227" startTime="2015-09-28T09:43:26.6714388-07:00" endTime="2015-09-28T09:43:26.6870652-07:00" testType="13cdc9d9-ddb5-4fa4-a97d-d965ccfc6d4b" outcome="Passed" testListId="8c84fa94-04c1-424b-9868-57a2d4851a1d" relativeResultsDirectory="3b5dfcf2-810f-4cdf-b97a-c12c295257db" />
    <UnitTestResult executionId="c55a7559-108b-4dfe-a09c-87ebe231e25a" testId="c6958c2e-1211-a468-50ae-8f83931ee2ba" testName="FrameworkReportUsageStatus_HostTypeValidationTest" computerName="TFSBUILD11" duration="00:00:00.0092791" startTime="2015-09-28T09:43:26.6870652-07:00" endTime="2015-09-28T09:43:26.7026916-07:00" testType="13cdc9d9-ddb5-4fa4-a97d-d965ccfc6d4b" outcome="Passed" testListId="8c84fa94-04c1-424b-9868-57a2d4851a1d" relativeResultsDirectory="c55a7559-108b-4dfe-a09c-87ebe231e25a" />
    <UnitTestResult executionId="89e74e2f-cd83-485e-a15a-93cfeb3879e7" testId="c63147e1-d77f-28ab-4abe-edafe86b6ab7" testName="FrameworkServiceStartOnPrem_FailureTest" computerName="TFSBUILD11" duration="00:00:00.0055782" startTime="2015-09-28T09:43:26.7026916-07:00" endTime="2015-09-28T09:43:26.7026916-07:00" testType="13cdc9d9-ddb5-4fa4-a97d-d965ccfc6d4b" outcome="Passed" testListId="8c84fa94-04c1-424b-9868-57a2d4851a1d" relativeResultsDirectory="89e74e2f-cd83-485e-a15a-93cfeb3879e7" />
    <UnitTestResult executionId="124ac3e9-ccac-48cd-9b3f-4441ddc15e09" testId="25fd2936-99d6-5f78-ff0e-4bfc299da5cf" testName="FrameworkServiceStart_SuccessTest" computerName="TFSBUILD11" duration="00:00:00.0771360" startTime="2015-09-28T09:43:26.7026916-07:00" endTime="2015-09-28T09:43:26.7808224-07:00" testType="13cdc9d9-ddb5-4fa4-a97d-d965ccfc6d4b" outcome="Passed" testListId="8c84fa94-04c1-424b-9868-57a2d4851a1d" relativeResultsDirectory="124ac3e9-ccac-48cd-9b3f-4441ddc15e09" />
    <UnitTestResult executionId="b68ab40a-010b-46d0-9d76-016317d5e7fd" testId="1751c104-94a5-99a6-29b9-2dad756f41da" testName="FrameworkServiceEnd_SuccessTest" computerName="TFSBUILD11" duration="00:00:00.0069307" startTime="2015-09-28T09:43:26.7808224-07:00" endTime="2015-09-28T09:43:26.7808224-07:00" testType="13cdc9d9-ddb5-4fa4-a97d-d965ccfc6d4b" outcome="Passed" testListId="8c84fa94-04c1-424b-9868-57a2d4851a1d" relativeResultsDirectory="b68ab40a-010b-46d0-9d76-016317d5e7fd" />
    <UnitTestResult executionId="17a4a90e-6711-468c-858d-32bb92a06018" testId="950bd106-cefe-51fb-a348-f5886e7102dc" testName="MeteredResourceBinderConstructor_Test" computerName="TFSBUILD11" duration="00:00:00.0067982" startTime="2015-09-28T09:43:26.7808224-07:00" endTime="2015-09-28T09:43:26.7964480-07:00" testType="13cdc9d9-ddb5-4fa4-a97d-d965ccfc6d4b" outcome="Passed" testListId="8c84fa94-04c1-424b-9868-57a2d4851a1d" relativeResultsDirectory="17a4a90e-6711-468c-858d-32bb92a06018" />
    <UnitTestResult executionId="97027162-ede8-46b5-971b-4a1dd1c957dc" testId="d0365555-1930-a1a2-3075-48298685d9b3" testName="MeteredResourceBinderBind_BuildSuccessTest" computerName="TFSBUILD11" duration="00:00:00.0184461" startTime="2015-09-28T09:43:26.7964480-07:00" endTime="2015-09-28T09:43:26.8120738-07:00" testType="13cdc9d9-ddb5-4fa4-a97d-d965ccfc6d4b" outcome="Passed" testListId="8c84fa94-04c1-424b-9868-57a2d4851a1d" relativeResultsDirectory="97027162-ede8-46b5-971b-4a1dd1c957dc" />
    <UnitTestResult executionId="bef0550c-59c1-41c6-8900-ea420be6fc77" testId="5acd21a8-ecb8-6c18-2f1f-385cce2dca57" testName="MeteredResourceBinderBind_LoadTestSuccessTest" computerName="TFSBUILD11" duration="00:00:00.0090160" startTime="2015-09-28T09:43:26.8120738-07:00" endTime="2015-09-28T09:43:26.8277005-07:00" testType="13cdc9d9-ddb5-4fa4-a97d-d965ccfc6d4b" outcome="Passed" testListId="8c84fa94-04c1-424b-9868-57a2d4851a1d" relativeResultsDirectory="bef0550c-59c1-41c6-8900-ea420be6fc77" />
    <UnitTestResult executionId="1d6da14c-4953-432d-80d3-b509d6f4e1ee" testId="bd261c42-0275-634a-3211-544fba7bc9fd" testName="MeteredResourceBinderBind_StandardSuccessTest" computerName="TFSBUILD11" duration="00:00:00.0097376" startTime="2015-09-28T09:43:26.8277005-07:00" endTime="2015-09-28T09:43:26.8277005-07:00" testType="13cdc9d9-ddb5-4fa4-a97d-d965ccfc6d4b" outcome="Passed" testListId="8c84fa94-04c1-424b-9868-57a2d4851a1d" relativeResultsDirectory="1d6da14c-4953-432d-80d3-b509d6f4e1ee" />
    <UnitTestResult executionId="8f7fdc98-6b80-4e0a-b9de-2215701d45a2" testId="afe38911-7f25-2dbb-1d96-713e89e56932" testName="MeteredResourceBinderBind_AdvancedSuccessTest" computerName="TFSBUILD11" duration="00:00:00.0090325" startTime="2015-09-28T09:43:26.8277005-07:00" endTime="2015-09-28T09:43:26.8433257-07:00" testType="13cdc9d9-ddb5-4fa4-a97d-d965ccfc6d4b" outcome="Passed" testListId="8c84fa94-04c1-424b-9868-57a2d4851a1d" relativeResultsDirectory="8f7fdc98-6b80-4e0a-b9de-2215701d45a2" />
    <UnitTestResult executionId="38ec9772-d817-422c-aadd-d7799f11f141" testId="912e6008-effe-77ee-08eb-0a5585e3b021" testName="MeteredResourceBinderBind_ProfessionalSuccessTest" computerName="TFSBUILD11" duration="00:00:00.0079712" startTime="2015-09-28T09:43:26.8433257-07:00" endTime="2015-09-28T09:43:26.8433257-07:00" testType="13cdc9d9-ddb5-4fa4-a97d-d965ccfc6d4b" outcome="Passed" testListId="8c84fa94-04c1-424b-9868-57a2d4851a1d" relativeResultsDirectory="38ec9772-d817-422c-aadd-d7799f11f141" />
    <UnitTestResult executionId="87369430-d56e-4765-8e7f-6d25f8e62548" testId="8b897dae-a980-6501-2143-d496d5dd8943" testName="MeteredResourceBinderBind_ExceptionTest" computerName="TFSBUILD11" duration="00:00:00.0060285" startTime="2015-09-28T09:43:26.8433257-07:00" endTime="2015-09-28T09:43:26.8589521-07:00" testType="13cdc9d9-ddb5-4fa4-a97d-d965ccfc6d4b" outcome="Passed" testListId="8c84fa94-04c1-424b-9868-57a2d4851a1d" relativeResultsDirectory="87369430-d56e-4765-8e7f-6d25f8e62548" />
    <UnitTestResult executionId="92fe0c96-5c32-4233-93b9-56a1139a145a" testId="f1309f88-2ff6-b15c-ad19-75703e050bf3" testName="ControllerGetResourceStatus_Test" computerName="TFSBUILD11" duration="00:00:00.1719901" startTime="2015-09-28T09:43:26.8589521-07:00" endTime="2015-09-28T09:43:27.0308396-07:00" testType="13cdc9d9-ddb5-4fa4-a97d-d965ccfc6d4b" outcome="Passed" testListId="8c84fa94-04c1-424b-9868-57a2d4851a1d" relativeResultsDirectory="92fe0c96-5c32-4233-93b9-56a1139a145a" />
    <UnitTestResult executionId="c64ba81f-648f-4482-b1b7-a69ded0112f0" testId="bf432947-91bb-b484-219d-0e46ec8c8d10" testName="ControllerGetResourceException_Test" computerName="TFSBUILD11" duration="00:00:00.0105275" startTime="2015-09-28T09:43:27.0308396-07:00" endTime="2015-09-28T09:43:27.0464652-07:00" testType="13cdc9d9-ddb5-4fa4-a97d-d965ccfc6d4b" outcome="Passed" testListId="8c84fa94-04c1-424b-9868-57a2d4851a1d" relativeResultsDirectory="c64ba81f-648f-4482-b1b7-a69ded0112f0" />
    <UnitTestResult executionId="41d1a911-b8b3-4b87-b9a4-9619198c9eb3" testId="d11a7e02-7c8d-1369-18af-7f383b0c8aad" testName="ControllerReportUsage_Test" computerName="TFSBUILD11" startTime="2015-09-28T09:43:27.0464652-07:00" endTime="2015-09-28T09:43:27.0464652-07:00" testType="13cdc9d9-ddb5-4fa4-a97d-d965ccfc6d4b" outcome="NotExecuted" testListId="8c84fa94-04c1-424b-9868-57a2d4851a1d" relativeResultsDirectory="41d1a911-b8b3-4b87-b9a4-9619198c9eb3" />
    <UnitTestResult executionId="500021f7-2e70-44f5-b14c-ca138ad6740d" testId="11611758-8a2d-98d4-68f0-1acb93e03482" testName="ControllerReportUsage_ServiceExceptionTest" computerName="TFSBUILD11" startTime="2015-09-28T09:43:27.0464652-07:00" endTime="2015-09-28T09:43:27.0464652-07:00" testType="13cdc9d9-ddb5-4fa4-a97d-d965ccfc6d4b" outcome="NotExecuted" testListId="8c84fa94-04c1-424b-9868-57a2d4851a1d" relativeResultsDirectory="500021f7-2e70-44f5-b14c-ca138ad6740d" />
    <UnitTestResult executionId="44381706-dbfc-445c-8e37-55d1a3734f3f" testId="20259aa6-9993-9f25-996f-cb3948e5e50f" testName="ControllerReportUsageInvalidResource_Test" computerName="TFSBUILD11" duration="00:00:00.1532811" startTime="2015-09-28T09:43:27.0464652-07:00" endTime="2015-09-28T09:43:27.1871007-07:00" testType="13cdc9d9-ddb5-4fa4-a97d-d965ccfc6d4b" outcome="Passed" testListId="8c84fa94-04c1-424b-9868-57a2d4851a1d" relativeResultsDirectory="44381706-dbfc-445c-8e37-55d1a3734f3f" />
    <UnitTestResult executionId="a4c42878-dd66-4943-9b80-407b11a94f19" testId="44fddf77-db63-7321-edff-92438b081c3c" testName="ControllerSetAccountQuantity" computerName="TFSBUILD11" duration="00:00:00.0390643" startTime="2015-09-28T09:43:27.1871007-07:00" endTime="2015-09-28T09:43:27.2339788-07:00" testType="13cdc9d9-ddb5-4fa4-a97d-d965ccfc6d4b" outcome="Passed" testListId="8c84fa94-04c1-424b-9868-57a2d4851a1d" relativeResultsDirectory="a4c42878-dd66-4943-9b80-407b11a94f19" />
    <UnitTestResult executionId="650b63e8-f0a7-4ccb-bd94-d86eaa4813f2" testId="d2926b4f-6aa5-cd74-8b99-74faef0e1e07" testName="ClientMeteringConstructor_Test" computerName="TFSBUILD11" duration="00:00:00.0004844" startTime="2015-09-28T09:43:27.2339788-07:00" endTime="2015-09-28T09:43:27.2339788-07:00" testType="13cdc9d9-ddb5-4fa4-a97d-d965ccfc6d4b" outcome="Passed" testListId="8c84fa94-04c1-424b-9868-57a2d4851a1d" relativeResultsDirectory="650b63e8-f0a7-4ccb-bd94-d86eaa4813f2" />
    <UnitTestResult executionId="99eda0e2-c5e0-4b69-a971-c204f68ed12d" testId="f1c28c3b-1c9c-8313-5235-b6572dedf219" testName="ClientMeteringConstructorOverload_Test" computerName="TFSBUILD11" duration="00:00:00.0004437" startTime="2015-09-28T09:43:27.2339788-07:00" endTime="2015-09-28T09:43:27.2339788-07:00" testType="13cdc9d9-ddb5-4fa4-a97d-d965ccfc6d4b" outcome="Passed" testListId="8c84fa94-04c1-424b-9868-57a2d4851a1d" relativeResultsDirectory="99eda0e2-c5e0-4b69-a971-c204f68ed12d" />
    <UnitTestResult executionId="7b6391b4-d940-4cff-bd46-92133ad5613a" testId="a5194f46-79f8-45c0-3e0e-2aaf8a690447" testName="ClientMeteringExceptions_Test" computerName="TFSBUILD11" duration="00:00:00.0006399" startTime="2015-09-28T09:43:27.2339788-07:00" endTime="2015-09-28T09:43:27.2339788-07:00" testType="13cdc9d9-ddb5-4fa4-a97d-d965ccfc6d4b" outcome="Passed" testListId="8c84fa94-04c1-424b-9868-57a2d4851a1d" relativeResultsDirectory="7b6391b4-d940-4cff-bd46-92133ad5613a" />
    <UnitTestResult executionId="b4353383-3058-45d4-8eb0-25cb716fc532" testId="2988d19e-2b66-c653-5b3c-1aebb2fdebce" testName="ClientMeteringGetResourceStatus_Test" computerName="TFSBUILD11" duration="00:00:00.0149111" startTime="2015-09-28T09:43:27.2339788-07:00" endTime="2015-09-28T09:43:27.2496055-07:00" testType="13cdc9d9-ddb5-4fa4-a97d-d965ccfc6d4b" outcome="Passed" testListId="8c84fa94-04c1-424b-9868-57a2d4851a1d" relativeResultsDirectory="b4353383-3058-45d4-8eb0-25cb716fc532" />
    <UnitTestResult executionId="416a85c4-4810-48cd-b805-bc1d60355de9" testId="00b8d928-4339-4568-03d0-cad31c3dc7d5" testName="PlatformGetResourceStatus_RequestContextNullValidationTest" computerName="TFSBUILD11" duration="00:00:00.0009395" startTime="2015-09-28T09:43:27.2496055-07:00" endTime="2015-09-28T09:43:27.2496055-07:00" testType="13cdc9d9-ddb5-4fa4-a97d-d965ccfc6d4b" outcome="Passed" testListId="8c84fa94-04c1-424b-9868-57a2d4851a1d" relativeResultsDirectory="416a85c4-4810-48cd-b805-bc1d60355de9" />
    <UnitTestResult executionId="bee28e75-7884-4cc4-b49e-0828b8eeb092" testId="add6e6e3-2cce-43ff-f139-27352b8665a5" testName="PlatformReportUsage_UserCantReportMinutes" computerName="TFSBUILD11" duration="00:00:00.0138527" startTime="2015-09-28T09:43:27.2496055-07:00" endTime="2015-09-28T09:43:27.2652307-07:00" testType="13cdc9d9-ddb5-4fa4-a97d-d965ccfc6d4b" outcome="Passed" testListId="8c84fa94-04c1-424b-9868-57a2d4851a1d" relativeResultsDirectory="bee28e75-7884-4cc4-b49e-0828b8eeb092" />
    <UnitTestResult executionId="c8a1c0af-d518-45d4-b5a8-c891c294cb38" testId="ba3dd785-ff26-9663-62c5-fca0791ae870" testName="PlatformReportUsage_RequestContextNullValidationTest" computerName="TFSBUILD11" duration="00:00:00.0004764" startTime="2015-09-28T09:43:27.2652307-07:00" endTime="2015-09-28T09:43:27.2652307-07:00" testType="13cdc9d9-ddb5-4fa4-a97d-d965ccfc6d4b" outcome="Passed" testListId="8c84fa94-04c1-424b-9868-57a2d4851a1d" relativeResultsDirectory="c8a1c0af-d518-45d4-b5a8-c891c294cb38" />
    <UnitTestResult executionId="1769fdd3-d302-48fb-89b0-9c96694f5ab5" testId="c728d833-4d98-19ec-8f8c-1713dc342424" testName="PlatformReportUsage_QuantityGreaterThanMaxValidationTest" computerName="TFSBUILD11" duration="00:00:00.0336522" startTime="2015-09-28T09:43:27.2652307-07:00" endTime="2015-09-28T09:43:27.2964829-07:00" testType="13cdc9d9-ddb5-4fa4-a97d-d965ccfc6d4b" outcome="Passed" testListId="8c84fa94-04c1-424b-9868-57a2d4851a1d" relativeResultsDirectory="1769fdd3-d302-48fb-89b0-9c96694f5ab5" />
    <UnitTestResult executionId="e3497f83-84c8-4adb-ab42-599996ab2511" testId="52d9b04e-7bc1-d947-bfdc-9203bfc5ba73" testName="PlatformReportUsage_InvalidDateTimeKind" computerName="TFSBUILD11" duration="00:00:00.0051933" startTime="2015-09-28T09:43:27.2964829-07:00" endTime="2015-09-28T09:43:27.3121096-07:00" testType="13cdc9d9-ddb5-4fa4-a97d-d965ccfc6d4b" outcome="Passed" testListId="8c84fa94-04c1-424b-9868-57a2d4851a1d" relativeResultsDirectory="e3497f83-84c8-4adb-ab42-599996ab2511" />
    <UnitTestResult executionId="e665ace4-b62d-48bc-a5db-f92c71714485" testId="0594cb89-d4a4-acea-5a7d-a3cab194de43" testName="PlatformReportUsage_QuantityGreaterThanZeroValidationTest" computerName="TFSBUILD11" duration="00:00:00.0200868" startTime="2015-09-28T09:43:27.3121096-07:00" endTime="2015-09-28T09:43:27.3277355-07:00" testType="13cdc9d9-ddb5-4fa4-a97d-d965ccfc6d4b" outcome="Passed" testListId="8c84fa94-04c1-424b-9868-57a2d4851a1d" relativeResultsDirectory="e665ace4-b62d-48bc-a5db-f92c71714485" />
    <UnitTestResult executionId="93aa2752-eb9a-4709-a50b-b0192df6ab7c" testId="7ddaa77d-194d-305b-6ad5-548fba31b09d" testName="PlatformReportUsage_EventIdValidationTest" computerName="TFSBUILD11" duration="00:00:00.0050522" startTime="2015-09-28T09:43:27.3277355-07:00" endTime="2015-09-28T09:43:27.3277355-07:00" testType="13cdc9d9-ddb5-4fa4-a97d-d965ccfc6d4b" outcome="Passed" testListId="8c84fa94-04c1-424b-9868-57a2d4851a1d" relativeResultsDirectory="93aa2752-eb9a-4709-a50b-b0192df6ab7c" />
    <UnitTestResult executionId="5277e64e-03dc-4c91-a3f3-0b17c8aff772" testId="71080c3c-9431-9e3c-baad-45f8a187e224" testName="PlatformReportUsage_EventUserIdValidationTest" computerName="TFSBUILD11" duration="00:00:00.0049001" startTime="2015-09-28T09:43:27.3277355-07:00" endTime="2015-09-28T09:43:27.3433621-07:00" testType="13cdc9d9-ddb5-4fa4-a97d-d965ccfc6d4b" outcome="Passed" testListId="8c84fa94-04c1-424b-9868-57a2d4851a1d" relativeResultsDirectory="5277e64e-03dc-4c91-a3f3-0b17c8aff772" />
    <UnitTestResult executionId="aa221245-0e43-415d-a31d-3de6c0e810a0" testId="8dc0af2e-494a-eccd-2906-b2fa91b01ad8" testName="PlatformGetResourceStatus_HostTypeValidationTest" computerName="TFSBUILD11" duration="00:00:00.0049615" startTime="2015-09-28T09:43:27.3433621-07:00" endTime="2015-09-28T09:43:27.3433621-07:00" testType="13cdc9d9-ddb5-4fa4-a97d-d965ccfc6d4b" outcome="Passed" testListId="8c84fa94-04c1-424b-9868-57a2d4851a1d" relativeResultsDirectory="aa221245-0e43-415d-a31d-3de6c0e810a0" />
    <UnitTestResult executionId="a932a031-b4df-4ea2-8025-ffdbf8faa0de" testId="1629efe0-9191-93f2-a470-8c59fc6f03fd" testName="PlatformReportUsageStatus_HostTypeValidationTest" computerName="TFSBUILD11" duration="00:00:00.0063103" startTime="2015-09-28T09:43:27.3433621-07:00" endTime="2015-09-28T09:43:27.3433621-07:00" testType="13cdc9d9-ddb5-4fa4-a97d-d965ccfc6d4b" outcome="Passed" testListId="8c84fa94-04c1-424b-9868-57a2d4851a1d" relativeResultsDirectory="a932a031-b4df-4ea2-8025-ffdbf8faa0de" />
    <UnitTestResult executionId="b024f93b-15e5-4efb-bab7-21af1668af38" testId="60ef1c80-9907-a90f-ace3-300f10410fd9" testName="PlatformReportUsage_CommitmentQuanityIsUsableForUnlinkedAccount" computerName="TFSBUILD11" duration="00:00:00.0072453" startTime="2015-09-28T09:43:27.3433621-07:00" endTime="2015-09-28T09:43:27.3589880-07:00" testType="13cdc9d9-ddb5-4fa4-a97d-d965ccfc6d4b" outcome="Passed" testListId="8c84fa94-04c1-424b-9868-57a2d4851a1d" relativeResultsDirectory="b024f93b-15e5-4efb-bab7-21af1668af38" />
    <UnitTestResult executionId="217d479f-df3b-4f79-b6c7-fd595a5d9784" testId="908505e0-6dbe-5112-0c6d-5ae1da39e25d" testName="PlatformReportUsage_HappyPathTests" computerName="TFSBUILD11" duration="00:00:00.4834049" startTime="2015-09-28T09:43:27.3589880-07:00" endTime="2015-09-28T09:43:27.8433968-07:00" testType="13cdc9d9-ddb5-4fa4-a97d-d965ccfc6d4b" outcome="Passed" testListId="8c84fa94-04c1-424b-9868-57a2d4851a1d" relativeResultsDirectory="217d479f-df3b-4f79-b6c7-fd595a5d9784" />
    <UnitTestResult executionId="950a2bab-2129-4b08-b7b7-8dc5dbedd17e" testId="0ee9cd9d-7470-2c2e-5325-bf3eb354fecf" testName="PlatformServiceStartOnPrem_FailureTest" computerName="TFSBUILD11" duration="00:00:00.0062552" startTime="2015-09-28T09:43:27.8433968-07:00" endTime="2015-09-28T09:43:27.8433968-07:00" testType="13cdc9d9-ddb5-4fa4-a97d-d965ccfc6d4b" outcome="Passed" testListId="8c84fa94-04c1-424b-9868-57a2d4851a1d" relativeResultsDirectory="950a2bab-2129-4b08-b7b7-8dc5dbedd17e" />
    <UnitTestResult executionId="508d88f3-352d-4418-8746-a71bf7646d38" testId="fd593795-cf74-7bd4-a127-cf2330cd7804" testName="PlatformServiceStart_SuccessTest" computerName="TFSBUILD11" duration="00:00:00.0058117" startTime="2015-09-28T09:43:27.8433968-07:00" endTime="2015-09-28T09:43:27.8590238-07:00" testType="13cdc9d9-ddb5-4fa4-a97d-d965ccfc6d4b" outcome="Passed" testListId="8c84fa94-04c1-424b-9868-57a2d4851a1d" relativeResultsDirectory="508d88f3-352d-4418-8746-a71bf7646d38" />
    <UnitTestResult executionId="0c858537-fa29-4fd7-9476-630c654ff873" testId="3c8bd2aa-95c7-ecec-c821-41958d9b3346" testName="PlatformServiceEnd_SuccessTest" computerName="TFSBUILD11" duration="00:00:00.0088675" startTime="2015-09-28T09:43:27.8590238-07:00" endTime="2015-09-28T09:43:27.8590238-07:00" testType="13cdc9d9-ddb5-4fa4-a97d-d965ccfc6d4b" outcome="Passed" testListId="8c84fa94-04c1-424b-9868-57a2d4851a1d" relativeResultsDirectory="0c858537-fa29-4fd7-9476-630c654ff873" />
    <UnitTestResult executionId="732b833b-729b-4bda-9f18-8c4a24470f07" testId="54bd66bc-fe6e-78ae-90e9-4c931906822f" testName="PlatformGetResourceStatus_SuccessTest" computerName="TFSBUILD11" duration="00:00:00.0302799" startTime="2015-09-28T09:43:27.8590238-07:00" endTime="2015-09-28T09:43:27.8902760-07:00" testType="13cdc9d9-ddb5-4fa4-a97d-d965ccfc6d4b" outcome="Passed" testListId="8c84fa94-04c1-424b-9868-57a2d4851a1d" relativeResultsDirectory="732b833b-729b-4bda-9f18-8c4a24470f07" />
    <UnitTestResult executionId="27a479f6-a2f8-428e-9474-15de593828ff" testId="4445ac4c-b46d-f11c-acba-82a19c9242a2" testName="PlatformGetResourceStatus_SubscriptionDisabledTest" computerName="TFSBUILD11" duration="00:00:00.0315607" startTime="2015-09-28T09:43:27.8902760-07:00" endTime="2015-09-28T09:43:27.9215274-07:00" testType="13cdc9d9-ddb5-4fa4-a97d-d965ccfc6d4b" outcome="Passed" testListId="8c84fa94-04c1-424b-9868-57a2d4851a1d" relativeResultsDirectory="27a479f6-a2f8-428e-9474-15de593828ff" />
    <UnitTestResult executionId="52361598-01fa-407d-ab1f-c59eb92ab2ef" testId="78fcab9a-4eca-643e-3415-fecb53563147" testName="PlatformGetResourceStatus_NoIncludeQuantityLeftTest" computerName="TFSBUILD11" duration="00:00:00.0411177" startTime="2015-09-28T09:43:27.9215274-07:00" endTime="2015-09-28T09:43:27.9684071-07:00" testType="13cdc9d9-ddb5-4fa4-a97d-d965ccfc6d4b" outcome="Passed" testListId="8c84fa94-04c1-424b-9868-57a2d4851a1d" relativeResultsDirectory="52361598-01fa-407d-ab1f-c59eb92ab2ef" />
    <UnitTestResult executionId="f3e7baf7-3270-483b-a5d8-57df8f589981" testId="9a0ed5ea-6377-c3da-9286-d083d8d8a62d" testName="PlatformGetResourceStatus_NoSubscriptionTest" computerName="TFSBUILD11" duration="00:00:00.0371315" startTime="2015-09-28T09:43:27.9684071-07:00" endTime="2015-09-28T09:43:27.9996582-07:00" testType="13cdc9d9-ddb5-4fa4-a97d-d965ccfc6d4b" outcome="Passed" testListId="8c84fa94-04c1-424b-9868-57a2d4851a1d" relativeResultsDirectory="f3e7baf7-3270-483b-a5d8-57df8f589981" />
    <UnitTestResult executionId="9ae782a8-d53d-4a04-8a62-0081d02e6578" testId="416379e1-67b2-39cb-443e-005de5f754a7" testName="PlatformSetAccountQuantity_SqlExceptionTest" computerName="TFSBUILD11" duration="00:00:00.0396605" startTime="2015-09-28T09:43:27.9996582-07:00" endTime="2015-09-28T09:43:28.0465366-07:00" testType="13cdc9d9-ddb5-4fa4-a97d-d965ccfc6d4b" outcome="Passed" testListId="8c84fa94-04c1-424b-9868-57a2d4851a1d" relativeResultsDirectory="9ae782a8-d53d-4a04-8a62-0081d02e6578" />
    <UnitTestResult executionId="efba09cb-dd67-4246-96db-89c18cd723a1" testId="457124d1-a573-0431-56b0-6b942599d433" testName="SetAccountQuantity_NegativeTests_OutofRange" computerName="TFSBUILD11" duration="00:00:00.0150425" startTime="2015-09-28T09:43:28.0465366-07:00" endTime="2015-09-28T09:43:28.0621627-07:00" testType="13cdc9d9-ddb5-4fa4-a97d-d965ccfc6d4b" outcome="Passed" testListId="8c84fa94-04c1-424b-9868-57a2d4851a1d" relativeResultsDirectory="efba09cb-dd67-4246-96db-89c18cd723a1" />
    <UnitTestResult executionId="3e71e1cb-4fad-4f83-841a-1c93899b9335" testId="a65f2ba0-c712-6dc8-23bd-29d8302df963" testName="SetAccountQuantity_NegativeTests_AccountQty" computerName="TFSBUILD11" duration="00:00:00.0209094" startTime="2015-09-28T09:43:28.0621627-07:00" endTime="2015-09-28T09:43:28.0777885-07:00" testType="13cdc9d9-ddb5-4fa4-a97d-d965ccfc6d4b" outcome="Passed" testListId="8c84fa94-04c1-424b-9868-57a2d4851a1d" relativeResultsDirectory="3e71e1cb-4fad-4f83-841a-1c93899b9335" />
    <UnitTestResult executionId="557e54d8-2b18-4aca-b9db-dd84ada0a387" testId="6c50d5f3-de15-a3c7-abe2-250af806489c" testName="GetNextMonthDate_Test" computerName="TFSBUILD11" duration="00:00:00.0058814" startTime="2015-09-28T09:43:28.0777885-07:00" endTime="2015-09-28T09:43:28.0777885-07:00" testType="13cdc9d9-ddb5-4fa4-a97d-d965ccfc6d4b" outcome="Passed" testListId="8c84fa94-04c1-424b-9868-57a2d4851a1d" relativeResultsDirectory="557e54d8-2b18-4aca-b9db-dd84ada0a387" />
    <UnitTestResult executionId="84a563eb-6946-455b-8d90-df5becbb293b" testId="e1b7706a-172d-e60f-b39f-ef7e879c4eb7" testName="GetNextMonthResetDate_For_FreeAccount_Test" computerName="TFSBUILD11" duration="00:00:00.0023964" startTime="2015-09-28T09:43:28.0777885-07:00" endTime="2015-09-28T09:43:28.0934149-07:00" testType="13cdc9d9-ddb5-4fa4-a97d-d965ccfc6d4b" outcome="Passed" testListId="8c84fa94-04c1-424b-9868-57a2d4851a1d" relativeResultsDirectory="84a563eb-6946-455b-8d90-df5becbb293b" />
    <UnitTestResult executionId="05149ad1-eae7-4b4f-865d-f1e10b2401ac" testId="9e59a302-cc07-b98c-29b9-77d0d51ff0a9" testName="GetNextMonthResetDate_For_LinkedAccount_Test" computerName="TFSBUILD11" duration="00:00:00.0024908" startTime="2015-09-28T09:43:28.0934149-07:00" endTime="2015-09-28T09:43:28.0934149-07:00" testType="13cdc9d9-ddb5-4fa4-a97d-d965ccfc6d4b" outcome="Passed" testListId="8c84fa94-04c1-424b-9868-57a2d4851a1d" relativeResultsDirectory="05149ad1-eae7-4b4f-865d-f1e10b2401ac" />
    <UnitTestResult executionId="a5225d79-dcde-461a-bdbe-2ca58ca51949" testId="3e6d9283-736a-ed63-0edd-5f9d0ac9aab2" testName="ResetResourceUsage_Test" computerName="TFSBUILD11" duration="00:00:00.0285695" startTime="2015-09-28T09:43:28.0934149-07:00" endTime="2015-09-28T09:43:28.1246671-07:00" testType="13cdc9d9-ddb5-4fa4-a97d-d965ccfc6d4b" outcome="Passed" testListId="8c84fa94-04c1-424b-9868-57a2d4851a1d" relativeResultsDirectory="a5225d79-dcde-461a-bdbe-2ca58ca51949" />
    <UnitTestResult executionId="ceff6bd5-4918-4bfe-a29e-89846583f3a1" testId="33e07624-fb6e-acb2-382b-1d352fb29518" testName="TogglePaidBilling_UnexpectedHostTypeExceptionTest" computerName="TFSBUILD11" duration="00:00:00.0100183" startTime="2015-09-28T09:43:28.1246671-07:00" endTime="2015-09-28T09:43:28.1246671-07:00" testType="13cdc9d9-ddb5-4fa4-a97d-d965ccfc6d4b" outcome="Passed" testListId="8c84fa94-04c1-424b-9868-57a2d4851a1d" relativeResultsDirectory="ceff6bd5-4918-4bfe-a29e-89846583f3a1" />
    <UnitTestResult executionId="429ee3b1-d670-48ee-b5da-40d6b0e4027d" testId="c80e2a59-65f8-56d8-6416-2b84e6db8b8c" testName="TogglePaidBilling_InvalidResourceExceptionAzureAccountNullTest" computerName="TFSBUILD11" duration="00:00:00.0162204" startTime="2015-09-28T09:43:28.1246671-07:00" endTime="2015-09-28T09:43:28.1402935-07:00" testType="13cdc9d9-ddb5-4fa4-a97d-d965ccfc6d4b" outcome="Passed" testListId="8c84fa94-04c1-424b-9868-57a2d4851a1d" relativeResultsDirectory="429ee3b1-d670-48ee-b5da-40d6b0e4027d" />
    <UnitTestResult executionId="5c8a9673-6b1b-4521-9ed9-cfdf57c55a4c" testId="167cf20a-6594-f3c3-7db7-b0076d311b6e" testName="TogglePaidBilling_InvalidResourceExceptionBillingModeTest" computerName="TFSBUILD11" duration="00:00:00.0145143" startTime="2015-09-28T09:43:28.1402935-07:00" endTime="2015-09-28T09:43:28.1559196-07:00" testType="13cdc9d9-ddb5-4fa4-a97d-d965ccfc6d4b" outcome="Passed" testListId="8c84fa94-04c1-424b-9868-57a2d4851a1d" relativeResultsDirectory="5c8a9673-6b1b-4521-9ed9-cfdf57c55a4c" />
    <UnitTestResult executionId="03c4c05c-27e6-49a8-ae93-fbc75cf70ed5" testId="172480ae-3d25-ec04-05c2-998043cc9eeb" testName="TogglePaidBilling_HappyPathTest" computerName="TFSBUILD11" duration="00:00:00.0236583" startTime="2015-09-28T09:43:28.1559196-07:00" endTime="2015-09-28T09:43:28.1871716-07:00" testType="13cdc9d9-ddb5-4fa4-a97d-d965ccfc6d4b" outcome="Passed" testListId="8c84fa94-04c1-424b-9868-57a2d4851a1d" relativeResultsDirectory="03c4c05c-27e6-49a8-ae93-fbc75cf70ed5" />
    <UnitTestResult executionId="2fa730cf-95fb-4b4c-95fd-a45bf5ed24a6" testId="dd7b551b-864b-e749-8205-6adeec41c59f" testName="TogglePaidBilling_NegativeTests_AzureSubscription" computerName="TFSBUILD11" duration="00:00:00.0323503" startTime="2015-09-28T09:43:28.1871716-07:00" endTime="2015-09-28T09:43:28.2184238-07:00" testType="13cdc9d9-ddb5-4fa4-a97d-d965ccfc6d4b" outcome="Passed" testListId="8c84fa94-04c1-424b-9868-57a2d4851a1d" relativeResultsDirectory="2fa730cf-95fb-4b4c-95fd-a45bf5ed24a6" />
    <UnitTestResult executionId="e197e85b-c768-44b0-82ef-cc53976e4658" testId="ed8d3806-01b3-5b19-1f23-d76f96df2e68" testName="TogglePaidBilling_NegativeTests_NoAzureSubscription" computerName="TFSBUILD11" duration="00:00:00.0225643" startTime="2015-09-28T09:43:28.2184238-07:00" endTime="2015-09-28T09:43:28.2340499-07:00" testType="13cdc9d9-ddb5-4fa4-a97d-d965ccfc6d4b" outcome="Passed" testListId="8c84fa94-04c1-424b-9868-57a2d4851a1d" relativeResultsDirectory="e197e85b-c768-44b0-82ef-cc53976e4658" />
    <UnitTestResult executionId="e80876e8-2b07-48f1-9a9f-315cf15b16b0" testId="775c451e-b4b1-9b8e-0d24-3c6f810bcdf3" testName="GetResourceStatus_UnexpectedHostTypeExceptionTest" computerName="TFSBUILD11" duration="00:00:00.0074896" startTime="2015-09-28T09:43:28.2340499-07:00" endTime="2015-09-28T09:43:28.2496754-07:00" testType="13cdc9d9-ddb5-4fa4-a97d-d965ccfc6d4b" outcome="Passed" testListId="8c84fa94-04c1-424b-9868-57a2d4851a1d" relativeResultsDirectory="e80876e8-2b07-48f1-9a9f-315cf15b16b0" />
    <UnitTestResult executionId="83b660f8-26a2-48db-a648-9d9ec9c3859c" testId="9d8fd74e-e299-ea60-183f-8a8794d38652" testName="GetResourceStatus_NullAzureAccountTest" computerName="TFSBUILD11" duration="00:00:00.0632153" startTime="2015-09-28T09:43:28.2496754-07:00" endTime="2015-09-28T09:43:28.3121807-07:00" testType="13cdc9d9-ddb5-4fa4-a97d-d965ccfc6d4b" outcome="Passed" testListId="8c84fa94-04c1-424b-9868-57a2d4851a1d" relativeResultsDirectory="83b660f8-26a2-48db-a648-9d9ec9c3859c" />
    <UnitTestResult executionId="4cc1a864-0798-4af5-80af-7166c5ad5790" testId="f341c209-c558-4eee-f023-f35e9a1c1d3b" testName="GetResourceStatus_NotNullAzureAccountTest" computerName="TFSBUILD11" duration="00:00:00.0074584" startTime="2015-09-28T09:43:28.3121807-07:00" endTime="2015-09-28T09:43:28.3121807-07:00" testType="13cdc9d9-ddb5-4fa4-a97d-d965ccfc6d4b" outcome="Passed" testListId="8c84fa94-04c1-424b-9868-57a2d4851a1d" relativeResultsDirectory="4cc1a864-0798-4af5-80af-7166c5ad5790" />
    <UnitTestResult executionId="dfc6c433-80f7-4447-b614-e1a5bcd5c817" testId="e7787031-f84a-bbdd-33e6-a29a494c929c" testName="GetSubscriptionResource_BuildTest" computerName="TFSBUILD11" duration="00:00:00.0172995" startTime="2015-09-28T09:43:28.3121807-07:00" endTime="2015-09-28T09:43:28.3434327-07:00" testType="13cdc9d9-ddb5-4fa4-a97d-d965ccfc6d4b" outcome="Passed" testListId="8c84fa94-04c1-424b-9868-57a2d4851a1d" relativeResultsDirectory="dfc6c433-80f7-4447-b614-e1a5bcd5c817" />
    <UnitTestResult executionId="effa5aa9-622b-4ac2-ae02-ef68d6e7ce6c" testId="df87f049-b7dd-9291-159f-7bf0db9acca0" testName="GetSubscriptionResource_StandardLicenseTest" computerName="TFSBUILD11" duration="00:00:00.0180280" startTime="2015-09-28T09:43:28.3434327-07:00" endTime="2015-09-28T09:43:28.3590582-07:00" testType="13cdc9d9-ddb5-4fa4-a97d-d965ccfc6d4b" outcome="Passed" testListId="8c84fa94-04c1-424b-9868-57a2d4851a1d" relativeResultsDirectory="effa5aa9-622b-4ac2-ae02-ef68d6e7ce6c" />
    <UnitTestResult executionId="2a0381ab-9994-4b7a-8ede-4bfe9499baed" testId="af978c93-3e16-be87-de1b-fd4b0eae4dee" testName="PlatformBillingService_GetUsageCommitmentTest" computerName="TFSBUILD11" duration="00:00:00.0096614" startTime="2015-09-28T09:43:28.3590582-07:00" endTime="2015-09-28T09:43:28.3590582-07:00" testType="13cdc9d9-ddb5-4fa4-a97d-d965ccfc6d4b" outcome="Passed" testListId="8c84fa94-04c1-424b-9868-57a2d4851a1d" relativeResultsDirectory="2a0381ab-9994-4b7a-8ede-4bfe9499baed" />
    <UnitTestResult executionId="7cf1aefb-cf25-4ebc-9fd7-232d40d78ed1" testId="eacddf62-a7c0-b8d8-d879-116bd0b430d7" testName="PlatformBillingService_GetUsageInvalidTimespanTest" computerName="TFSBUILD11" duration="00:00:00.0072470" startTime="2015-09-28T09:43:28.3590582-07:00" endTime="2015-09-28T09:43:28.3746846-07:00" testType="13cdc9d9-ddb5-4fa4-a97d-d965ccfc6d4b" outcome="Passed" testListId="8c84fa94-04c1-424b-9868-57a2d4851a1d" relativeResultsDirectory="7cf1aefb-cf25-4ebc-9fd7-232d40d78ed1" />
    <UnitTestResult executionId="3956874e-a113-46df-8efb-8f160ec3a30a" testId="c98b27b0-0207-2458-f396-e76a6fffcf36" testName="PlatformBillingService_ReportUsageQueuingNewJob" computerName="TFSBUILD11" startTime="2015-09-28T09:43:28.3746846-07:00" endTime="2015-09-28T09:43:28.3746846-07:00" testType="13cdc9d9-ddb5-4fa4-a97d-d965ccfc6d4b" outcome="NotExecuted" testListId="8c84fa94-04c1-424b-9868-57a2d4851a1d" relativeResultsDirectory="3956874e-a113-46df-8efb-8f160ec3a30a" />
    <UnitTestResult executionId="d2d5fe05-2b9d-4b2d-8fb5-4b34c9979052" testId="2be407d4-c9d0-f45d-f433-415541947731" testName="PlatformBillingService_GetUsageBuildHourlyTest" computerName="TFSBUILD11" duration="00:00:00.0168180" startTime="2015-09-28T09:43:28.3746846-07:00" endTime="2015-09-28T09:43:28.3903107-07:00" testType="13cdc9d9-ddb5-4fa4-a97d-d965ccfc6d4b" outcome="Passed" testListId="8c84fa94-04c1-424b-9868-57a2d4851a1d" relativeResultsDirectory="d2d5fe05-2b9d-4b2d-8fb5-4b34c9979052" />
    <UnitTestResult executionId="06f20b81-6da1-420a-a62a-3430d3b76628" testId="213d963a-c02f-1375-9038-d07975d6cde5" testName="PlatformBillingService_GetUsageBuildDailyTest" computerName="TFSBUILD11" duration="00:00:00.0162940" startTime="2015-09-28T09:43:28.3903107-07:00" endTime="2015-09-28T09:43:28.4059371-07:00" testType="13cdc9d9-ddb5-4fa4-a97d-d965ccfc6d4b" outcome="Passed" testListId="8c84fa94-04c1-424b-9868-57a2d4851a1d" relativeResultsDirectory="06f20b81-6da1-420a-a62a-3430d3b76628" />
    <UnitTestResult executionId="54c31e52-55ea-42fc-a2eb-6661d9e66ba6" testId="107aaa71-5e0c-0bea-5bd4-311f349c7ae0" testName="ResetResourceUsage_DisabledSubscriptionTest" computerName="TFSBUILD11" duration="00:00:00.0272073" startTime="2015-09-28T09:43:28.4059371-07:00" endTime="2015-09-28T09:43:28.4371896-07:00" testType="13cdc9d9-ddb5-4fa4-a97d-d965ccfc6d4b" outcome="Passed" testListId="8c84fa94-04c1-424b-9868-57a2d4851a1d" relativeResultsDirectory="54c31e52-55ea-42fc-a2eb-6661d9e66ba6" />
    <UnitTestResult executionId="ca7f8092-764f-4d3b-a465-f96a2342e005" testId="04e5b6d6-71da-a84a-fc86-676f68f77ee6" testName="CreateSubscriptionResourceForActiveSubscriptionWhereCurrentQuantityGreaterThanIncludedAandBillingIsOff" computerName="TFSBUILD11" duration="00:00:00.0289575" startTime="2015-09-28T09:43:28.4371896-07:00" endTime="2015-09-28T09:43:28.4684410-07:00" testType="13cdc9d9-ddb5-4fa4-a97d-d965ccfc6d4b" outcome="Passed" testListId="8c84fa94-04c1-424b-9868-57a2d4851a1d" relativeResultsDirectory="ca7f8092-764f-4d3b-a465-f96a2342e005" />
    <UnitTestResult executionId="a229169d-4303-4797-b8b1-7e5adc99f74d" testId="6b085bdd-a580-dad1-801d-19ec4ec2b908" testName="CreateSubscriptionResourceForActiveSubscriptionWhereCurrentQuantityGreaterThanMaximumAandBillingIsOff" computerName="TFSBUILD11" duration="00:00:00.0066858" startTime="2015-09-28T09:43:28.4684410-07:00" endTime="2015-09-28T09:43:28.4684410-07:00" testType="13cdc9d9-ddb5-4fa4-a97d-d965ccfc6d4b" outcome="Passed" testListId="8c84fa94-04c1-424b-9868-57a2d4851a1d" relativeResultsDirectory="a229169d-4303-4797-b8b1-7e5adc99f74d" />
    <UnitTestResult executionId="13a59dd7-6148-4af1-bbd0-c7910a918e3f" testId="fae5280d-1505-ca03-4fe5-b6c1d0260dd3" testName="CreateSubscriptionResourceForDisabledSubscriptionAndCommitmentResource" computerName="TFSBUILD11" duration="00:00:00.0065820" startTime="2015-09-28T09:43:28.4684410-07:00" endTime="2015-09-28T09:43:28.4840674-07:00" testType="13cdc9d9-ddb5-4fa4-a97d-d965ccfc6d4b" outcome="Passed" testListId="8c84fa94-04c1-424b-9868-57a2d4851a1d" relativeResultsDirectory="13a59dd7-6148-4af1-bbd0-c7910a918e3f" />
    <UnitTestResult executionId="094cbb2a-5542-4000-9a9f-6a98a5c64498" testId="50326724-ee8a-fdf3-aa0f-9c7d1637a1e6" testName="CreateSubscriptionResourceForDisabledSubscriptionAndPayAsYouGoResource" computerName="TFSBUILD11" duration="00:00:00.0064881" startTime="2015-09-28T09:43:28.4840674-07:00" endTime="2015-09-28T09:43:28.4840674-07:00" testType="13cdc9d9-ddb5-4fa4-a97d-d965ccfc6d4b" outcome="Passed" testListId="8c84fa94-04c1-424b-9868-57a2d4851a1d" relativeResultsDirectory="094cbb2a-5542-4000-9a9f-6a98a5c64498" />
    <UnitTestResult executionId="67a38da7-0036-46c0-b015-bbc3eab3c1ed" testId="d0dc208b-ce6e-bdff-d40c-fab3c1eeeebe" testName="GetAzureResourceAccountAndSubscriptionWhenSubscriptionIsNotNull" computerName="TFSBUILD11" duration="00:00:00.0112648" startTime="2015-09-28T09:43:28.4840674-07:00" endTime="2015-09-28T09:43:28.4996944-07:00" testType="13cdc9d9-ddb5-4fa4-a97d-d965ccfc6d4b" outcome="Passed" testListId="8c84fa94-04c1-424b-9868-57a2d4851a1d" relativeResultsDirectory="67a38da7-0036-46c0-b015-bbc3eab3c1ed" />
    <UnitTestResult executionId="65fa74cc-6830-416e-8513-972a4d533581" testId="89b0830a-ec9c-4c5e-ef51-f105c8acee06" testName="IsValidUsage_WhenReportedQuantityNotEqualToCommitedAndCurrentAndWithinRangeAndNoAzureSubscription" computerName="TFSBUILD11" duration="00:00:00.0004866" startTime="2015-09-28T09:43:28.4996944-07:00" endTime="2015-09-28T09:43:28.4996944-07:00" testType="13cdc9d9-ddb5-4fa4-a97d-d965ccfc6d4b" outcome="Passed" testListId="8c84fa94-04c1-424b-9868-57a2d4851a1d" relativeResultsDirectory="65fa74cc-6830-416e-8513-972a4d533581" />
    <UnitTestResult executionId="89327afb-6cc9-4477-8d33-30a599352b6e" testId="17c9756c-bd8c-9820-ab4c-eb4e5fbf5e7f" testName="IsValidUsage_WhenReportedQuantityIsEqualToCommitedAndCurrentAndNotLinkedToAzureAccount" computerName="TFSBUILD11" duration="00:00:00.0003888" startTime="2015-09-28T09:43:28.4996944-07:00" endTime="2015-09-28T09:43:28.4996944-07:00" testType="13cdc9d9-ddb5-4fa4-a97d-d965ccfc6d4b" outcome="Passed" testListId="8c84fa94-04c1-424b-9868-57a2d4851a1d" relativeResultsDirectory="89327afb-6cc9-4477-8d33-30a599352b6e" />
    <UnitTestResult executionId="8ebcfe21-6f34-4835-b91e-ca39f86c61a2" testId="8e389031-8113-15b1-4581-2abec323db5a" testName="IsValidUsage_WhenReportedQuantityIsNotEqualToCommitedAndCurrentAndLinkedToAzureAccount" computerName="TFSBUILD11" duration="00:00:00.0004033" startTime="2015-09-28T09:43:28.4996944-07:00" endTime="2015-09-28T09:43:28.4996944-07:00" testType="13cdc9d9-ddb5-4fa4-a97d-d965ccfc6d4b" outcome="Passed" testListId="8c84fa94-04c1-424b-9868-57a2d4851a1d" relativeResultsDirectory="8ebcfe21-6f34-4835-b91e-ca39f86c61a2" />
    <UnitTestResult executionId="f7430d8e-55fa-46a8-90f4-2679bc8b2c96" testId="2857cb5a-d919-8bea-21cd-2aaa71e36f3e" testName="IsValidUsage_WhenBillableDateIsBeforePaidBillingUpdateDate" computerName="TFSBUILD11" duration="00:00:00.0004215" startTime="2015-09-28T09:43:28.4996944-07:00" endTime="2015-09-28T09:43:28.4996944-07:00" testType="13cdc9d9-ddb5-4fa4-a97d-d965ccfc6d4b" outcome="Passed" testListId="8c84fa94-04c1-424b-9868-57a2d4851a1d" relativeResultsDirectory="f7430d8e-55fa-46a8-90f4-2679bc8b2c96" />
    <UnitTestResult executionId="4315a957-0068-4ab4-b06b-5f4f9635cef0" testId="80e3cedf-64ae-f80d-7d13-63de9d8eb81e" testName="IsValidUsage_WhenResourceIsUsableAndUnlinkedAzureSusbcription" computerName="TFSBUILD11" duration="00:00:00.0004249" startTime="2015-09-28T09:43:28.4996944-07:00" endTime="2015-09-28T09:43:28.4996944-07:00" testType="13cdc9d9-ddb5-4fa4-a97d-d965ccfc6d4b" outcome="Passed" testListId="8c84fa94-04c1-424b-9868-57a2d4851a1d" relativeResultsDirectory="4315a957-0068-4ab4-b06b-5f4f9635cef0" />
    <UnitTestResult executionId="89eab2d8-e3d3-40db-a7ca-d620292259dc" testId="92d2aaf8-1fbc-80ea-a6c0-8b99267d4263" testName="IsValidUsage_InvalidResourceException_ForCommitmenResource" computerName="TFSBUILD11" duration="00:00:00.0008285" startTime="2015-09-28T09:43:28.4996944-07:00" endTime="2015-09-28T09:43:28.4996944-07:00" testType="13cdc9d9-ddb5-4fa4-a97d-d965ccfc6d4b" outcome="Passed" testListId="8c84fa94-04c1-424b-9868-57a2d4851a1d" relativeResultsDirectory="89eab2d8-e3d3-40db-a7ca-d620292259dc" />
    <UnitTestResult executionId="633a4256-4ed7-4ab4-828d-2fa54edc8a1b" testId="365816ce-8e8f-1de8-acf1-514ae2a99437" testName="IsValidUsage_InvalidResourceException_ForPayAsYouGo" computerName="TFSBUILD11" duration="00:00:00.0006985" startTime="2015-09-28T09:43:28.4996944-07:00" endTime="2015-09-28T09:43:28.4996944-07:00" testType="13cdc9d9-ddb5-4fa4-a97d-d965ccfc6d4b" outcome="Passed" testListId="8c84fa94-04c1-424b-9868-57a2d4851a1d" relativeResultsDirectory="633a4256-4ed7-4ab4-828d-2fa54edc8a1b" />
    <UnitTestResult executionId="15be9f8c-d984-410a-a4e8-bab06c206a60" testId="500e6467-a087-3a81-26cc-9f68d44dd4e6" testName="IsValidUsage_AccountQuantityException" computerName="TFSBUILD11" duration="00:00:00.0006985" startTime="2015-09-28T09:43:28.4996944-07:00" endTime="2015-09-28T09:43:28.4996944-07:00" testType="13cdc9d9-ddb5-4fa4-a97d-d965ccfc6d4b" outcome="Passed" testListId="8c84fa94-04c1-424b-9868-57a2d4851a1d" relativeResultsDirectory="15be9f8c-d984-410a-a4e8-bab06c206a60" />
    <UnitTestResult executionId="0e8fa36a-39b0-4383-8fdf-a17ed8f24937" testId="035e08b5-da34-a1e3-8e35-a04e1a5d22ad" testName="ResetResourceUsage_FreeTierSubscription" computerName="TFSBUILD11" duration="00:00:00.0140245" startTime="2015-09-28T09:43:28.4996944-07:00" endTime="2015-09-28T09:43:28.5153196-07:00" testType="13cdc9d9-ddb5-4fa4-a97d-d965ccfc6d4b" outcome="Passed" testListId="8c84fa94-04c1-424b-9868-57a2d4851a1d" relativeResultsDirectory="0e8fa36a-39b0-4383-8fdf-a17ed8f24937" />
    <UnitTestResult executionId="d0f35fad-1bfb-49c6-a098-6c766035e9b9" testId="245f5c96-8e83-f1cf-5cfc-4a85383ef11c" testName="ResetResourceUsage_NotFreeTierSubscriptionShouldReportBillingEvent" computerName="TFSBUILD11" duration="00:00:00.0069788" startTime="2015-09-28T09:43:28.5153196-07:00" endTime="2015-09-28T09:43:28.5309469-07:00" testType="13cdc9d9-ddb5-4fa4-a97d-d965ccfc6d4b" outcome="Passed" testListId="8c84fa94-04c1-424b-9868-57a2d4851a1d" relativeResultsDirectory="d0f35fad-1bfb-49c6-a098-6c766035e9b9" />
    <UnitTestResult executionId="de474dc2-b009-4cbf-84ae-eb74754de8e5" testId="b5e93057-4240-81b9-c578-53a180a0dfc6" testName="SendMessageForMeterQuantityChangesTest" computerName="TFSBUILD11" duration="00:00:00.0384181" startTime="2015-09-28T09:43:28.5309469-07:00" endTime="2015-09-28T09:43:28.5621982-07:00" testType="13cdc9d9-ddb5-4fa4-a97d-d965ccfc6d4b" outcome="Passed" testListId="8c84fa94-04c1-424b-9868-57a2d4851a1d" relativeResultsDirectory="de474dc2-b009-4cbf-84ae-eb74754de8e5" />
    <UnitTestResult executionId="93d4b46e-958f-4a9b-8853-c781beb06f94" testId="02f94163-521a-5a31-291c-169410a6268f" testName="CheckDefaulQunatityViaGetMeteredResources" computerName="TFSBUILD11" duration="00:00:00.0205780" startTime="2015-09-28T09:43:28.5621982-07:00" endTime="2015-09-28T09:43:28.5778246-07:00" testType="13cdc9d9-ddb5-4fa4-a97d-d965ccfc6d4b" outcome="Passed" testListId="8c84fa94-04c1-424b-9868-57a2d4851a1d" relativeResultsDirectory="93d4b46e-958f-4a9b-8853-c781beb06f94" />
    <UnitTestResult executionId="0fe9bf15-5f3a-4e9d-a042-336b50803573" testId="336ab74b-a418-9b76-a7ce-0b22ebf390b3" testName="PerformResourceTypeOperations_InvalidSubscriptionId" computerName="TFSBUILD11" duration="00:00:00.0014074" startTime="2015-09-28T09:43:28.5778246-07:00" endTime="2015-09-28T09:43:28.5934627-07:00" testType="13cdc9d9-ddb5-4fa4-a97d-d965ccfc6d4b" outcome="Passed" testListId="8c84fa94-04c1-424b-9868-57a2d4851a1d" relativeResultsDirectory="0fe9bf15-5f3a-4e9d-a042-336b50803573" />
    <UnitTestResult executionId="0b6ce5b5-2206-413e-83b2-8d2b194cafce" testId="25e33967-ffa4-1e3d-7dc1-42e047f701f6" testName="PerformResourceTypeOperations_MissingQueryString" computerName="TFSBUILD11" duration="00:00:00.1701372" startTime="2015-09-28T09:43:28.5934627-07:00" endTime="2015-09-28T09:43:28.7653377-07:00" testType="13cdc9d9-ddb5-4fa4-a97d-d965ccfc6d4b" outcome="Passed" testListId="8c84fa94-04c1-424b-9868-57a2d4851a1d" relativeResultsDirectory="0b6ce5b5-2206-413e-83b2-8d2b194cafce" />
    <UnitTestResult executionId="d5c1a889-810e-4eb4-bd88-17df921cad3c" testId="92906e6e-9844-f439-1584-defc5026ed0f" testName="PerformResourceTypeOperations_BadOperationTypeQueryString" computerName="TFSBUILD11" duration="00:00:00.0007554" startTime="2015-09-28T09:43:28.7653377-07:00" endTime="2015-09-28T09:43:28.7809635-07:00" testType="13cdc9d9-ddb5-4fa4-a97d-d965ccfc6d4b" outcome="Passed" testListId="8c84fa94-04c1-424b-9868-57a2d4851a1d" relativeResultsDirectory="d5c1a889-810e-4eb4-bd88-17df921cad3c" />
    <UnitTestResult executionId="f513a31a-8576-464d-a10a-d9be87346a97" testId="65371671-bacb-9070-4b27-7a42767e20a5" testName="PerformResourceTypeOperations_HappyPath" computerName="TFSBUILD11" duration="00:00:00.0023034" startTime="2015-09-28T09:43:28.7809635-07:00" endTime="2015-09-28T09:43:28.7809635-07:00" testType="13cdc9d9-ddb5-4fa4-a97d-d965ccfc6d4b" outcome="Passed" testListId="8c84fa94-04c1-424b-9868-57a2d4851a1d" relativeResultsDirectory="f513a31a-8576-464d-a10a-d9be87346a97" />
    <UnitTestResult executionId="560003c5-1821-4971-ad61-45168385d15b" testId="4b32f76a-813e-f900-578a-7ab5b619990b" testName="CheckNameAvailability_GetAccountHappyPath" computerName="TFSBUILD11" duration="00:00:00.0111530" startTime="2015-09-28T09:43:28.7809635-07:00" endTime="2015-09-28T09:43:28.7965908-07:00" testType="13cdc9d9-ddb5-4fa4-a97d-d965ccfc6d4b" outcome="Passed" testListId="8c84fa94-04c1-424b-9868-57a2d4851a1d" relativeResultsDirectory="560003c5-1821-4971-ad61-45168385d15b" />
    <UnitTestResult executionId="1ea7e3b9-235d-484c-a82d-6a5a08201179" testId="4b37bf2e-7721-7ab8-4fdb-2ae25d4a99b7" testName="CheckNameAvailability_MissingResourceName" computerName="TFSBUILD11" duration="00:00:00.0004315" startTime="2015-09-28T09:43:28.7965908-07:00" endTime="2015-09-28T09:43:28.8122160-07:00" testType="13cdc9d9-ddb5-4fa4-a97d-d965ccfc6d4b" outcome="Passed" testListId="8c84fa94-04c1-424b-9868-57a2d4851a1d" relativeResultsDirectory="1ea7e3b9-235d-484c-a82d-6a5a08201179" />
    <UnitTestResult executionId="617b0290-da1b-44ff-b39b-e03edf1f7db2" testId="219ceaeb-1569-afbf-966a-d5747ab020a4" testName="MeterResetJob_QueueJobForNextMonth_QueueTimeDec" computerName="TFSBUILD11" duration="00:00:00.0098374" startTime="2015-09-28T09:43:28.8122160-07:00" endTime="2015-09-28T09:43:28.8122160-07:00" testType="13cdc9d9-ddb5-4fa4-a97d-d965ccfc6d4b" outcome="Passed" testListId="8c84fa94-04c1-424b-9868-57a2d4851a1d" relativeResultsDirectory="617b0290-da1b-44ff-b39b-e03edf1f7db2" />
    <UnitTestResult executionId="bb857b39-f6bf-4ceb-9c82-a4676089e887" testId="319baaa0-b9c5-892c-99e5-6d89e6477a27" testName="MeterResetJob_QueueJobForNextMonth_SubscriptionIsNull" computerName="TFSBUILD11" duration="00:00:00.0138185" startTime="2015-09-28T09:43:28.8122160-07:00" endTime="2015-09-28T09:43:28.8278427-07:00" testType="13cdc9d9-ddb5-4fa4-a97d-d965ccfc6d4b" outcome="Passed" testListId="8c84fa94-04c1-424b-9868-57a2d4851a1d" relativeResultsDirectory="bb857b39-f6bf-4ceb-9c82-a4676089e887" />
    <UnitTestResult executionId="5ee7b7e3-7038-4ef1-9d94-977387eaca06" testId="5f0db8ce-9fd5-8527-9212-81cdbf8d33f5" testName="MeterResetJob_IsResourceBilledMonthlyThisMonth_AdvancedLicense" computerName="TFSBUILD11" duration="00:00:00.0018451" startTime="2015-09-28T09:43:28.8278427-07:00" endTime="2015-09-28T09:43:28.8278427-07:00" testType="13cdc9d9-ddb5-4fa4-a97d-d965ccfc6d4b" outcome="Passed" testListId="8c84fa94-04c1-424b-9868-57a2d4851a1d" relativeResultsDirectory="5ee7b7e3-7038-4ef1-9d94-977387eaca06" />
    <UnitTestResult executionId="01b06082-cffe-4026-b11d-d4ba2c8dee08" testId="6fb9ffd9-9a75-fdef-2339-2dd6610b2797" testName="MeterResetJob_IsResourceBilledMonthlyThisMonth_DefaultQuantities" computerName="TFSBUILD11" duration="00:00:00.0010120" startTime="2015-09-28T09:43:28.8278427-07:00" endTime="2015-09-28T09:43:28.8278427-07:00" testType="13cdc9d9-ddb5-4fa4-a97d-d965ccfc6d4b" outcome="Passed" testListId="8c84fa94-04c1-424b-9868-57a2d4851a1d" relativeResultsDirectory="01b06082-cffe-4026-b11d-d4ba2c8dee08" />
    <UnitTestResult executionId="1a5be851-59ce-4474-b88a-a629d2010218" testId="882f4f0f-5076-88cd-dd84-33991cb4a528" testName="MeterResetJob_IsResourceBilledMonthlyNextMonth_AdvancedLicense" computerName="TFSBUILD11" duration="00:00:00.0016267" startTime="2015-09-28T09:43:28.8278427-07:00" endTime="2015-09-28T09:43:28.8434679-07:00" testType="13cdc9d9-ddb5-4fa4-a97d-d965ccfc6d4b" outcome="Passed" testListId="8c84fa94-04c1-424b-9868-57a2d4851a1d" relativeResultsDirectory="1a5be851-59ce-4474-b88a-a629d2010218" />
    <UnitTestResult executionId="4377409b-03ee-4b72-95e8-41392927d122" testId="05e78d00-1efc-2f8a-4cb2-cdbd1f4e5b20" testName="MeterResetJob_IsResourceBilledMonthlyNextMonth_DefaultQuantities" computerName="TFSBUILD11" duration="00:00:00.0006510" startTime="2015-09-28T09:43:28.8434679-07:00" endTime="2015-09-28T09:43:28.8434679-07:00" testType="13cdc9d9-ddb5-4fa4-a97d-d965ccfc6d4b" outcome="Passed" testListId="8c84fa94-04c1-424b-9868-57a2d4851a1d" relativeResultsDirectory="4377409b-03ee-4b72-95e8-41392927d122" />
    <UnitTestResult executionId="2b97c313-1f57-458c-8f24-1e68de19a053" testId="c9572712-50ca-10f4-52ca-d9c5b0352518" testName="MeterResetJob_ShouldBillUser_Positive_LastOnFirst" computerName="TFSBUILD11" duration="00:00:00.0570870" startTime="2015-09-28T09:43:28.8434679-07:00" endTime="2015-09-28T09:43:28.8903474-07:00" testType="13cdc9d9-ddb5-4fa4-a97d-d965ccfc6d4b" outcome="Passed" testListId="8c84fa94-04c1-424b-9868-57a2d4851a1d" relativeResultsDirectory="2b97c313-1f57-458c-8f24-1e68de19a053" />
    <UnitTestResult executionId="9c658718-f9c6-4644-b9f2-1563d4dfc57b" testId="1030d638-b7dc-159a-b34a-4f37fb22c3df" testName="MeterResetJob_ShouldBillUser_Positive_LastOn15" computerName="TFSBUILD11" duration="00:00:00.0078071" startTime="2015-09-28T09:43:28.8903474-07:00" endTime="2015-09-28T09:43:28.9059732-07:00" testType="13cdc9d9-ddb5-4fa4-a97d-d965ccfc6d4b" outcome="Passed" testListId="8c84fa94-04c1-424b-9868-57a2d4851a1d" relativeResultsDirectory="9c658718-f9c6-4644-b9f2-1563d4dfc57b" />
    <UnitTestResult executionId="467c5c0c-f569-4c04-91f6-a0f336b6a1fe" testId="667227f0-5d33-1f19-a374-394d675f2195" testName="MeterResetJob_ShouldBillUser_Negative" computerName="TFSBUILD11" startTime="2015-09-28T09:43:28.9059732-07:00" endTime="2015-09-28T09:43:28.9059732-07:00" testType="13cdc9d9-ddb5-4fa4-a97d-d965ccfc6d4b" outcome="NotExecuted" testListId="8c84fa94-04c1-424b-9868-57a2d4851a1d" relativeResultsDirectory="467c5c0c-f569-4c04-91f6-a0f336b6a1fe" />
    <UnitTestResult executionId="6bc55fe8-f10d-4296-a411-64ce7cd5ed67" testId="9bad8a8b-68b2-7b54-0bb8-ae130ebaf48f" testName="MeterResetJob_SendBillingEventsToAzure_Test" computerName="TFSBUILD11" duration="00:00:00.0150817" startTime="2015-09-28T09:43:28.9059732-07:00" endTime="2015-09-28T09:43:28.9215991-07:00" testType="13cdc9d9-ddb5-4fa4-a97d-d965ccfc6d4b" outcome="Passed" testListId="8c84fa94-04c1-424b-9868-57a2d4851a1d" relativeResultsDirectory="6bc55fe8-f10d-4296-a411-64ce7cd5ed67" />
    <UnitTestResult executionId="087323b8-8a8d-486a-be30-7b709a1d22c2" testId="c5fa4228-1cc6-f9b9-b888-d87cee87bc69" testName="MeterResetJob_SendBillingEventsToAzure_NullUsageEvents" computerName="TFSBUILD11" duration="00:00:00.0077971" startTime="2015-09-28T09:43:28.9215991-07:00" endTime="2015-09-28T09:43:28.9215991-07:00" testType="13cdc9d9-ddb5-4fa4-a97d-d965ccfc6d4b" outcome="Passed" testListId="8c84fa94-04c1-424b-9868-57a2d4851a1d" relativeResultsDirectory="087323b8-8a8d-486a-be30-7b709a1d22c2" />
    <UnitTestResult executionId="b79ee8f3-5365-49a9-ba0c-a41aea72cbb2" testId="4c18a841-7181-c4c7-573c-b2fd1757931b" testName="MeterResetJob_SendBillingEventsToAzure_FreeTierSubscription" computerName="TFSBUILD11" duration="00:00:00.0108748" startTime="2015-09-28T09:43:28.9215991-07:00" endTime="2015-09-28T09:43:28.9372249-07:00" testType="13cdc9d9-ddb5-4fa4-a97d-d965ccfc6d4b" outcome="Passed" testListId="8c84fa94-04c1-424b-9868-57a2d4851a1d" relativeResultsDirectory="b79ee8f3-5365-49a9-ba0c-a41aea72cbb2" />
    <UnitTestResult executionId="fd951d64-3fe6-423f-a931-f4fbec83de7d" testId="6d5e98f8-fb51-06b0-7b05-bcac8a34de34" testName="MeterResetJob_Run_PaidAccountWithLicenses_RunningOnFirst" computerName="TFSBUILD11" duration="00:00:00.0269385" startTime="2015-09-28T09:43:28.9372249-07:00" endTime="2015-09-28T09:43:28.9684777-07:00" testType="13cdc9d9-ddb5-4fa4-a97d-d965ccfc6d4b" outcome="Passed" testListId="8c84fa94-04c1-424b-9868-57a2d4851a1d" relativeResultsDirectory="fd951d64-3fe6-423f-a931-f4fbec83de7d" />
    <UnitTestResult executionId="a49c0061-e59f-4f57-a167-3f9943703b98" testId="cc6785f3-c963-bf21-6bf1-21a75f124d44" testName="MeterResetJob_Run_FreeAccountWithLicenses_RunningOnFirst" computerName="TFSBUILD11" duration="00:00:00.0147930" startTime="2015-09-28T09:43:28.9684777-07:00" endTime="2015-09-28T09:43:28.9841035-07:00" testType="13cdc9d9-ddb5-4fa4-a97d-d965ccfc6d4b" outcome="Passed" testListId="8c84fa94-04c1-424b-9868-57a2d4851a1d" relativeResultsDirectory="a49c0061-e59f-4f57-a167-3f9943703b98" />
    <UnitTestResult executionId="a48c2af5-32a9-43ed-846a-c92b01e1068e" testId="5df6a401-f668-0050-b293-96faed6ff1b2" testName="MeterResetJob_Run_AccountNoLicenses_RunningOnFirst" computerName="TFSBUILD11" duration="00:00:00.0154177" startTime="2015-09-28T09:43:28.9841035-07:00" endTime="2015-09-28T09:43:28.9997293-07:00" testType="13cdc9d9-ddb5-4fa4-a97d-d965ccfc6d4b" outcome="Passed" testListId="8c84fa94-04c1-424b-9868-57a2d4851a1d" relativeResultsDirectory="a48c2af5-32a9-43ed-846a-c92b01e1068e" />
    <UnitTestResult executionId="322d210b-57b3-402f-bda0-62961c7badf2" testId="01e7b061-ffbd-73fc-0ccb-813af7563b1c" testName="MeterResetJob_Run_AccountWithLicenses_NotRunningOnFirst" computerName="TFSBUILD11" duration="00:00:00.0178022" startTime="2015-09-28T09:43:28.9997293-07:00" endTime="2015-09-28T09:43:29.0153557-07:00" testType="13cdc9d9-ddb5-4fa4-a97d-d965ccfc6d4b" outcome="Passed" testListId="8c84fa94-04c1-424b-9868-57a2d4851a1d" relativeResultsDirectory="322d210b-57b3-402f-bda0-62961c7badf2" />
    <UnitTestResult executionId="1fab42f0-140c-49a0-b5db-03c1cd2d4e5f" testId="f1b9e1ee-a905-cd41-994f-cfea9699ebc9" testName="MeterResetJob_Run_AccountNoLicenses_NotRunningOnFirst" computerName="TFSBUILD11" duration="00:00:00.0154211" startTime="2015-09-28T09:43:29.0153557-07:00" endTime="2015-09-28T09:43:29.0309816-07:00" testType="13cdc9d9-ddb5-4fa4-a97d-d965ccfc6d4b" outcome="Passed" testListId="8c84fa94-04c1-424b-9868-57a2d4851a1d" relativeResultsDirectory="1fab42f0-140c-49a0-b5db-03c1cd2d4e5f" />
    <UnitTestResult executionId="cc6c3800-6a23-49c7-8190-2f91311bd1a6" testId="19f4c03e-a52e-4a3d-a289-ee96bbdc4573" testName="TryGet_throws_argumentnull_when_request_context_isnull" computerName="TFSBUILD11" duration="00:00:00.0012350" startTime="2015-09-28T09:43:29.0309816-07:00" endTime="2015-09-28T09:43:29.0309816-07:00" testType="13cdc9d9-ddb5-4fa4-a97d-d965ccfc6d4b" outcome="Passed" testListId="8c84fa94-04c1-424b-9868-57a2d4851a1d" relativeResultsDirectory="cc6c3800-6a23-49c7-8190-2f91311bd1a6" />
    <UnitTestResult executionId="67593c15-db1b-4043-9fa3-07ce753ced1e" testId="95e22259-9b99-59d0-36be-571f481c14c3" testName="TryGet_throws_argumentnull_when_key_isnull" computerName="TFSBUILD11" duration="00:00:00.0005916" startTime="2015-09-28T09:43:29.0309816-07:00" endTime="2015-09-28T09:43:29.0466080-07:00" testType="13cdc9d9-ddb5-4fa4-a97d-d965ccfc6d4b" outcome="Passed" testListId="8c84fa94-04c1-424b-9868-57a2d4851a1d" relativeResultsDirectory="67593c15-db1b-4043-9fa3-07ce753ced1e" />
    <UnitTestResult executionId="a57f980a-1999-4e48-85f7-65ce7afa6ce3" testId="b45b9b30-d54a-f4fb-d5f3-e088ca2399a5" testName="TryGet_returns_false_when_redis_is_disabled" computerName="TFSBUILD11" duration="00:00:00.0029630" startTime="2015-09-28T09:43:29.0466080-07:00" endTime="2015-09-28T09:43:29.0466080-07:00" testType="13cdc9d9-ddb5-4fa4-a97d-d965ccfc6d4b" outcome="Passed" testListId="8c84fa94-04c1-424b-9868-57a2d4851a1d" relativeResultsDirectory="a57f980a-1999-4e48-85f7-65ce7afa6ce3" />
    <UnitTestResult executionId="d92803a8-c86e-45b3-8eca-dc929d3dd5fe" testId="21e0230b-02ca-6a51-abf5-0294d2c2dc1a" testName="TryGet_returns_false_when_commercecache_is_disabled" computerName="TFSBUILD11" duration="00:00:00.0016292" startTime="2015-09-28T09:43:29.0466080-07:00" endTime="2015-09-28T09:43:29.0622341-07:00" testType="13cdc9d9-ddb5-4fa4-a97d-d965ccfc6d4b" outcome="Passed" testListId="8c84fa94-04c1-424b-9868-57a2d4851a1d" relativeResultsDirectory="d92803a8-c86e-45b3-8eca-dc929d3dd5fe" />
    <UnitTestResult executionId="28f945e7-82d6-4fac-ba19-9b96f95edfa7" testId="6d6a1d8f-a70e-78d4-e945-bc4cb4555e19" testName="TryGet_should_get_cacheitem_from_redis" computerName="TFSBUILD11" duration="00:00:00.0587026" startTime="2015-09-28T09:43:29.0622341-07:00" endTime="2015-09-28T09:43:29.1247391-07:00" testType="13cdc9d9-ddb5-4fa4-a97d-d965ccfc6d4b" outcome="Passed" testListId="8c84fa94-04c1-424b-9868-57a2d4851a1d" relativeResultsDirectory="28f945e7-82d6-4fac-ba19-9b96f95edfa7" />
    <UnitTestResult executionId="7a5331c9-2cd0-4d60-80ad-222db63bfe41" testId="09caa532-26f2-e42b-454f-ab8551acb4c5" testName="TryGet_should_miss_cache_from_redis" computerName="TFSBUILD11" duration="00:00:00.0065402" startTime="2015-09-28T09:43:29.1247391-07:00" endTime="2015-09-28T09:43:29.1403649-07:00" testType="13cdc9d9-ddb5-4fa4-a97d-d965ccfc6d4b" outcome="Passed" testListId="8c84fa94-04c1-424b-9868-57a2d4851a1d" relativeResultsDirectory="7a5331c9-2cd0-4d60-80ad-222db63bfe41" />
    <UnitTestResult executionId="252029fa-0c9d-4006-a7f1-b92885152431" testId="be1e587c-1e19-3abf-4f81-34c4ec134584" testName="TrySet_throws_argumentnull_when_request_context_isnull" computerName="TFSBUILD11" duration="00:00:00.0012196" startTime="2015-09-28T09:43:29.1403649-07:00" endTime="2015-09-28T09:43:29.1403649-07:00" testType="13cdc9d9-ddb5-4fa4-a97d-d965ccfc6d4b" outcome="Passed" testListId="8c84fa94-04c1-424b-9868-57a2d4851a1d" relativeResultsDirectory="252029fa-0c9d-4006-a7f1-b92885152431" />
    <UnitTestResult executionId="5dd63882-5caa-40e7-b7f7-d5f214fc9d98" testId="03c4b6fc-0bc3-094e-813a-a1bfef35cacb" testName="TrySet_throws_argumentnull_when_key_isnull" computerName="TFSBUILD11" duration="00:00:00.0005990" startTime="2015-09-28T09:43:29.1403649-07:00" endTime="2015-09-28T09:43:29.1559910-07:00" testType="13cdc9d9-ddb5-4fa4-a97d-d965ccfc6d4b" outcome="Passed" testListId="8c84fa94-04c1-424b-9868-57a2d4851a1d" relativeResultsDirectory="5dd63882-5caa-40e7-b7f7-d5f214fc9d98" />
    <UnitTestResult executionId="c54ad40b-f276-4d46-a226-c5c3d5bc1ce8" testId="b788e648-af20-ebc4-6743-d63e85496f7c" testName="TrySet_returns_false_when_redis_is_disabled" computerName="TFSBUILD11" duration="00:00:00.0017279" startTime="2015-09-28T09:43:29.1559910-07:00" endTime="2015-09-28T09:43:29.1559910-07:00" testType="13cdc9d9-ddb5-4fa4-a97d-d965ccfc6d4b" outcome="Passed" testListId="8c84fa94-04c1-424b-9868-57a2d4851a1d" relativeResultsDirectory="c54ad40b-f276-4d46-a226-c5c3d5bc1ce8" />
    <UnitTestResult executionId="692e32a5-bace-4827-aae2-10e695ce0f1a" testId="4efc71fb-51fa-78b1-1603-6ae3b2875b9f" testName="TrySet_returns_false_when_commercecache_is_disabled" computerName="TFSBUILD11" duration="00:00:00.0010143" startTime="2015-09-28T09:43:29.1559910-07:00" endTime="2015-09-28T09:43:29.1559910-07:00" testType="13cdc9d9-ddb5-4fa4-a97d-d965ccfc6d4b" outcome="Passed" testListId="8c84fa94-04c1-424b-9868-57a2d4851a1d" relativeResultsDirectory="692e32a5-bace-4827-aae2-10e695ce0f1a" />
    <UnitTestResult executionId="0d1ac475-988c-4468-8bcf-e8cb3f33fe51" testId="6d62e9cd-a3ab-baba-f25a-6702661ec821" testName="TrySet_should_set_cacheitem_in_redis" computerName="TFSBUILD11" duration="00:00:00.0034099" startTime="2015-09-28T09:43:29.1559910-07:00" endTime="2015-09-28T09:43:29.1716171-07:00" testType="13cdc9d9-ddb5-4fa4-a97d-d965ccfc6d4b" outcome="Passed" testListId="8c84fa94-04c1-424b-9868-57a2d4851a1d" relativeResultsDirectory="0d1ac475-988c-4468-8bcf-e8cb3f33fe51" />
    <UnitTestResult executionId="de825d9c-0431-48dd-b660-11356abe8ab3" testId="3a0c2b49-64e7-e45b-d824-d2f61cd1d938" testName="Invalidate_throws_argumentnull_when_request_context_isnull" computerName="TFSBUILD11" duration="00:00:00.0023290" startTime="2015-09-28T09:43:29.1716171-07:00" endTime="2015-09-28T09:43:29.1716171-07:00" testType="13cdc9d9-ddb5-4fa4-a97d-d965ccfc6d4b" outcome="Passed" testListId="8c84fa94-04c1-424b-9868-57a2d4851a1d" relativeResultsDirectory="de825d9c-0431-48dd-b660-11356abe8ab3" />
    <UnitTestResult executionId="7194920c-cc05-4468-bc35-f469bd43b0e7" testId="56024ef0-78fe-9ea3-2b40-7193d6d6f3f6" testName="Invalidate_throws_argumentnull_when_key_isnull" computerName="TFSBUILD11" duration="00:00:00.0005765" startTime="2015-09-28T09:43:29.1716171-07:00" endTime="2015-09-28T09:43:29.1872432-07:00" testType="13cdc9d9-ddb5-4fa4-a97d-d965ccfc6d4b" outcome="Passed" testListId="8c84fa94-04c1-424b-9868-57a2d4851a1d" relativeResultsDirectory="7194920c-cc05-4468-bc35-f469bd43b0e7" />
    <UnitTestResult executionId="1e996b48-432f-427c-89d4-2f1e462166dd" testId="658a7383-2992-2ecf-14af-7ffe0c8026b2" testName="Invalidate_returns_false_when_redis_is_disabled" computerName="TFSBUILD11" duration="00:00:00.0015761" startTime="2015-09-28T09:43:29.1872432-07:00" endTime="2015-09-28T09:43:29.1872432-07:00" testType="13cdc9d9-ddb5-4fa4-a97d-d965ccfc6d4b" outcome="Passed" testListId="8c84fa94-04c1-424b-9868-57a2d4851a1d" relativeResultsDirectory="1e996b48-432f-427c-89d4-2f1e462166dd" />
    <UnitTestResult executionId="4cb14f49-22c1-4884-b188-8faaa1fba001" testId="e3506daf-368c-2f4b-3297-b01bf105a1d6" testName="Invalidate_returns_false_when_commercecache_is_disabled" computerName="TFSBUILD11" duration="00:00:00.0010049" startTime="2015-09-28T09:43:29.1872432-07:00" endTime="2015-09-28T09:43:29.1872432-07:00" testType="13cdc9d9-ddb5-4fa4-a97d-d965ccfc6d4b" outcome="Passed" testListId="8c84fa94-04c1-424b-9868-57a2d4851a1d" relativeResultsDirectory="4cb14f49-22c1-4884-b188-8faaa1fba001" />
    <UnitTestResult executionId="210c14b5-f881-47e8-9970-1e453c4123a9" testId="17b9d04c-a2b2-7f4c-d00c-c91f7910196b" testName="Invalidate_should_set_cacheitem_in_redis" computerName="TFSBUILD11" duration="00:00:00.0055600" startTime="2015-09-28T09:43:29.1872432-07:00" endTime="2015-09-28T09:43:29.2028691-07:00" testType="13cdc9d9-ddb5-4fa4-a97d-d965ccfc6d4b" outcome="Passed" testListId="8c84fa94-04c1-424b-9868-57a2d4851a1d" relativeResultsDirectory="210c14b5-f881-47e8-9970-1e453c4123a9" />
    <UnitTestResult executionId="667e8ab7-481a-48c1-8c77-189d4318ec71" testId="75adc562-6c3e-c3a8-fe2c-5f0a90501b36" testName="AzureResourceAccount_Constructor" computerName="TFSBUILD11" duration="00:00:00.0013846" startTime="2015-09-28T09:43:29.2028691-07:00" endTime="2015-09-28T09:43:29.2028691-07:00" testType="13cdc9d9-ddb5-4fa4-a97d-d965ccfc6d4b" outcome="Passed" testListId="8c84fa94-04c1-424b-9868-57a2d4851a1d" relativeResultsDirectory="667e8ab7-481a-48c1-8c77-189d4318ec71" />
    <UnitTestResult executionId="54a323d3-1d40-4759-8d56-6d577fb891fd" testId="074a2641-a169-b249-5b9a-c1e0fb1ec78b" testName="AzureSubscription_ContrcutorTest" computerName="TFSBUILD11" duration="00:00:00.0005313" startTime="2015-09-28T09:43:29.2028691-07:00" endTime="2015-09-28T09:43:29.2028691-07:00" testType="13cdc9d9-ddb5-4fa4-a97d-d965ccfc6d4b" outcome="Passed" testListId="8c84fa94-04c1-424b-9868-57a2d4851a1d" relativeResultsDirectory="54a323d3-1d40-4759-8d56-6d577fb891fd" />
    <UnitTestResult executionId="f8451b89-7a5c-4cba-86db-929a3668673d" testId="6e4e7939-41a8-e39d-c0b9-0c2d3c333db0" testName="AzureSubscriptionDoesNotExistExceptionCtorTest" computerName="TFSBUILD11" duration="00:00:00.0003638" startTime="2015-09-28T09:43:29.2028691-07:00" endTime="2015-09-28T09:43:29.2028691-07:00" testType="13cdc9d9-ddb5-4fa4-a97d-d965ccfc6d4b" outcome="Passed" testListId="8c84fa94-04c1-424b-9868-57a2d4851a1d" relativeResultsDirectory="f8451b89-7a5c-4cba-86db-929a3668673d" />
    <UnitTestResult executionId="1bf39f4b-229e-4b48-b35b-2f492ef7f120" testId="c141825f-4012-76c4-d28f-84edfa2d5ed4" testName="AzureSubscriptionNotLinkedToAccountExceptionCtorTest" computerName="TFSBUILD11" duration="00:00:00.0014040" startTime="2015-09-28T09:43:29.2028691-07:00" endTime="2015-09-28T09:43:29.2028691-07:00" testType="13cdc9d9-ddb5-4fa4-a97d-d965ccfc6d4b" outcome="Passed" testListId="8c84fa94-04c1-424b-9868-57a2d4851a1d" relativeResultsDirectory="1bf39f4b-229e-4b48-b35b-2f492ef7f120" />
    <UnitTestResult executionId="c7568117-acbb-462a-80d1-77d2ae8b004b" testId="ac89852b-1d38-dc8f-dbf8-4001bdcf752b" testName="UserContextNullReferenceExceptionCtorTest" computerName="TFSBUILD11" duration="00:00:00.0002298" startTime="2015-09-28T09:43:29.2028691-07:00" endTime="2015-09-28T09:43:29.2028691-07:00" testType="13cdc9d9-ddb5-4fa4-a97d-d965ccfc6d4b" outcome="Passed" testListId="8c84fa94-04c1-424b-9868-57a2d4851a1d" relativeResultsDirectory="c7568117-acbb-462a-80d1-77d2ae8b004b" />
    <UnitTestResult executionId="0cd00fde-dc83-4641-aaeb-a3a27e888b38" testId="55e132e1-5028-60a9-9acc-5e25938ef2fc" testName="AzureResourceAccountDoesNotExistExceptionCtorTest" computerName="TFSBUILD11" duration="00:00:00.0004312" startTime="2015-09-28T09:43:29.2028691-07:00" endTime="2015-09-28T09:43:29.2028691-07:00" testType="13cdc9d9-ddb5-4fa4-a97d-d965ccfc6d4b" outcome="Passed" testListId="8c84fa94-04c1-424b-9868-57a2d4851a1d" relativeResultsDirectory="0cd00fde-dc83-4641-aaeb-a3a27e888b38" />
    <UnitTestResult executionId="c18329cc-e1e2-4001-938a-406d9a3a9932" testId="33028fb9-1d87-1a43-83ff-2a6b5585469c" testName="AzureResourceAccountMissingExceptionCtorTest" computerName="TFSBUILD11" duration="00:00:00.0004485" startTime="2015-09-28T09:43:29.2028691-07:00" endTime="2015-09-28T09:43:29.2028691-07:00" testType="13cdc9d9-ddb5-4fa4-a97d-d965ccfc6d4b" outcome="Passed" testListId="8c84fa94-04c1-424b-9868-57a2d4851a1d" relativeResultsDirectory="c18329cc-e1e2-4001-938a-406d9a3a9932" />
    <UnitTestResult executionId="fd3919e2-f3af-4d8a-96c4-ccdee3476375" testId="dee8a70d-a195-fd36-836a-f26cf61939f5" testName="AccountAlreadyLinkedExceptionCtorTest" computerName="TFSBUILD11" duration="00:00:00.0004184" startTime="2015-09-28T09:43:29.2028691-07:00" endTime="2015-09-28T09:43:29.2184943-07:00" testType="13cdc9d9-ddb5-4fa4-a97d-d965ccfc6d4b" outcome="Passed" testListId="8c84fa94-04c1-424b-9868-57a2d4851a1d" relativeResultsDirectory="fd3919e2-f3af-4d8a-96c4-ccdee3476375" />
    <UnitTestResult executionId="3aeba54e-ad30-4abe-acb0-cbae69bc845d" testId="e5b71c35-5146-37a2-0fcf-504ae9f36a5b" testName="AzureSubscriptionDisabledExceptionCtorTest" computerName="TFSBUILD11" duration="00:00:00.0001900" startTime="2015-09-28T09:43:29.2184943-07:00" endTime="2015-09-28T09:43:29.2184943-07:00" testType="13cdc9d9-ddb5-4fa4-a97d-d965ccfc6d4b" outcome="Passed" testListId="8c84fa94-04c1-424b-9868-57a2d4851a1d" relativeResultsDirectory="3aeba54e-ad30-4abe-acb0-cbae69bc845d" />
    <UnitTestResult executionId="0f2eb299-81ae-4619-b9b1-f2b8d3c799e6" testId="a3d8e17a-a64e-08f1-a05f-b5f78901f4bd" testName="UserIsNotAccountOwnerExceptionCtorTest" computerName="TFSBUILD11" duration="00:00:00.0008172" startTime="2015-09-28T09:43:29.2184943-07:00" endTime="2015-09-28T09:43:29.2184943-07:00" testType="13cdc9d9-ddb5-4fa4-a97d-d965ccfc6d4b" outcome="Passed" testListId="8c84fa94-04c1-424b-9868-57a2d4851a1d" relativeResultsDirectory="0f2eb299-81ae-4619-b9b1-f2b8d3c799e6" />
    <UnitTestResult executionId="4f3efc04-dbf1-4338-97e7-b2765d468315" testId="b7640aba-c319-bbf1-98fb-fd0082a47c0f" testName="AccountServiceFailureExceptionCtorTest" computerName="TFSBUILD11" duration="00:00:00.0002727" startTime="2015-09-28T09:43:29.2184943-07:00" endTime="2015-09-28T09:43:29.2184943-07:00" testType="13cdc9d9-ddb5-4fa4-a97d-d965ccfc6d4b" outcome="Passed" testListId="8c84fa94-04c1-424b-9868-57a2d4851a1d" relativeResultsDirectory="4f3efc04-dbf1-4338-97e7-b2765d468315" />
    <UnitTestResult executionId="2295dda3-7817-4f03-8212-53f22a0eef93" testId="4c2024f6-a1f9-3d6d-6f76-00f9421ca46d" testName="AccountToBeCreatedAlreadyExistsExceptionCtorTest" computerName="TFSBUILD11" duration="00:00:00.0001442" startTime="2015-09-28T09:43:29.2184943-07:00" endTime="2015-09-28T09:43:29.2184943-07:00" testType="13cdc9d9-ddb5-4fa4-a97d-d965ccfc6d4b" outcome="Passed" testListId="8c84fa94-04c1-424b-9868-57a2d4851a1d" relativeResultsDirectory="2295dda3-7817-4f03-8212-53f22a0eef93" />
    <UnitTestResult executionId="291d2d26-8f0e-4939-9acb-a29e7340ff81" testId="548bfdf0-f152-8168-e3b3-bbc5db0bbb62" testName="CommerceFormatterLogger_LogErrorWithExceptionTest" computerName="TFSBUILD11" duration="00:00:00.0067689" startTime="2015-09-28T09:43:29.2184943-07:00" endTime="2015-09-28T09:43:29.2184943-07:00" testType="13cdc9d9-ddb5-4fa4-a97d-d965ccfc6d4b" outcome="Passed" testListId="8c84fa94-04c1-424b-9868-57a2d4851a1d" relativeResultsDirectory="291d2d26-8f0e-4939-9acb-a29e7340ff81" />
    <UnitTestResult executionId="55cf079d-a614-44e7-9017-8aef21368f1e" testId="4b6cdde0-ce6a-4a75-bbeb-1c14b9e793c8" testName="CommerceFormatterLogger_LogErrorWithMessageTest" computerName="TFSBUILD11" duration="00:00:00.0065922" startTime="2015-09-28T09:43:29.2184943-07:00" endTime="2015-09-28T09:43:29.2341213-07:00" testType="13cdc9d9-ddb5-4fa4-a97d-d965ccfc6d4b" outcome="Passed" testListId="8c84fa94-04c1-424b-9868-57a2d4851a1d" relativeResultsDirectory="55cf079d-a614-44e7-9017-8aef21368f1e" />
    <UnitTestResult executionId="c5872daa-fead-4a6b-8bcd-2755b9a13873" testId="637babd6-ea5e-3905-4048-abd2c0067ff6" testName="FilterAttributeHelper_GetHeadersAsStringTest" computerName="TFSBUILD11" duration="00:00:00.0015604" startTime="2015-09-28T09:43:29.2341213-07:00" endTime="2015-09-28T09:43:29.2341213-07:00" testType="13cdc9d9-ddb5-4fa4-a97d-d965ccfc6d4b" outcome="Passed" testListId="8c84fa94-04c1-424b-9868-57a2d4851a1d" relativeResultsDirectory="c5872daa-fead-4a6b-8bcd-2755b9a13873" />
    <UnitTestResult executionId="921b6a30-9db2-45b7-8625-8421b5cb3726" testId="15f97b7d-ee0c-f196-d537-0af3aae996a7" testName="FilterAttributeHelper_GetHeadersAsStringEmptyContentTest" computerName="TFSBUILD11" duration="00:00:00.0002008" startTime="2015-09-28T09:43:29.2341213-07:00" endTime="2015-09-28T09:43:29.2341213-07:00" testType="13cdc9d9-ddb5-4fa4-a97d-d965ccfc6d4b" outcome="Passed" testListId="8c84fa94-04c1-424b-9868-57a2d4851a1d" relativeResultsDirectory="921b6a30-9db2-45b7-8625-8421b5cb3726" />
    <UnitTestResult executionId="be167f8c-7d77-4419-a4b4-e7af654a38e3" testId="7904009c-4ad2-0e30-a546-cec4675386e9" testName="FilterAttributeHelper_GetResponseHeadersTest" computerName="TFSBUILD11" duration="00:00:00.0038946" startTime="2015-09-28T09:43:29.2341213-07:00" endTime="2015-09-28T09:43:29.2341213-07:00" testType="13cdc9d9-ddb5-4fa4-a97d-d965ccfc6d4b" outcome="Passed" testListId="8c84fa94-04c1-424b-9868-57a2d4851a1d" relativeResultsDirectory="be167f8c-7d77-4419-a4b4-e7af654a38e3" />
    <UnitTestResult executionId="e4488a6e-e716-4e02-9c91-01f478765a48" testId="96d89a37-3aed-e0d2-24ca-ae6588cd7280" testName="FilterAttributeHelper_GetRequestHeadersTest" computerName="TFSBUILD11" duration="00:00:00.1004101" startTime="2015-09-28T09:43:29.2341213-07:00" endTime="2015-09-28T09:43:29.3278780-07:00" testType="13cdc9d9-ddb5-4fa4-a97d-d965ccfc6d4b" outcome="Passed" testListId="8c84fa94-04c1-424b-9868-57a2d4851a1d" relativeResultsDirectory="e4488a6e-e716-4e02-9c91-01f478765a48" />
    <UnitTestResult executionId="b5377d99-6d45-4e67-9160-e617b0bf577c" testId="c9d0e2ab-c652-23a5-4eed-a39d19a9f56c" testName="FilterAttributeHelper_GetResponseHeadersResponseHeadersNullTest" computerName="TFSBUILD11" duration="00:00:00.0003657" startTime="2015-09-28T09:43:29.3278780-07:00" endTime="2015-09-28T09:43:29.3278780-07:00" testType="13cdc9d9-ddb5-4fa4-a97d-d965ccfc6d4b" outcome="Passed" testListId="8c84fa94-04c1-424b-9868-57a2d4851a1d" relativeResultsDirectory="b5377d99-6d45-4e67-9160-e617b0bf577c" />
    <UnitTestResult executionId="fcd07376-bb10-4f1d-bda7-fcc11917e3a9" testId="619647c0-9a9d-fa7b-f6f2-42bc2c395f61" testName="FilterAttributeHelper_GetActionContextControllerTest" computerName="TFSBUILD11" duration="00:00:00.0009116" startTime="2015-09-28T09:43:29.3278780-07:00" endTime="2015-09-28T09:43:29.3435041-07:00" testType="13cdc9d9-ddb5-4fa4-a97d-d965ccfc6d4b" outcome="Passed" testListId="8c84fa94-04c1-424b-9868-57a2d4851a1d" relativeResultsDirectory="fcd07376-bb10-4f1d-bda7-fcc11917e3a9" />
    <UnitTestResult executionId="37ce4181-7727-4efe-b1f5-edca083ec632" testId="f7ee04f8-b3e2-ba4a-ea7a-9d3171821214" testName="FilterAttributeHelper_GetResponseContentResponseNullTest" computerName="TFSBUILD11" duration="00:00:00.0003009" startTime="2015-09-28T09:43:29.3435041-07:00" endTime="2015-09-28T09:43:29.3435041-07:00" testType="13cdc9d9-ddb5-4fa4-a97d-d965ccfc6d4b" outcome="Passed" testListId="8c84fa94-04c1-424b-9868-57a2d4851a1d" relativeResultsDirectory="37ce4181-7727-4efe-b1f5-edca083ec632" />
    <UnitTestResult executionId="088cfd00-4300-4061-8c29-8ebf60bba6b5" testId="4db3e50b-7d6f-2d6c-94ac-113f23c21203" testName="FilterAttributeHelper_GetResponseContentResponseContentNullTest" computerName="TFSBUILD11" duration="00:00:00.0002210" startTime="2015-09-28T09:43:29.3435041-07:00" endTime="2015-09-28T09:43:29.3435041-07:00" testType="13cdc9d9-ddb5-4fa4-a97d-d965ccfc6d4b" outcome="Passed" testListId="8c84fa94-04c1-424b-9868-57a2d4851a1d" relativeResultsDirectory="088cfd00-4300-4061-8c29-8ebf60bba6b5" />
    <UnitTestResult executionId="ee7ef6fa-61d6-485a-afea-dc6c8f1d513e" testId="4f01a021-9a46-d07c-823c-2abb2737ab96" testName="FilterAttributeHelper_GetResponseContentTest" computerName="TFSBUILD11" duration="00:00:00.0003848" startTime="2015-09-28T09:43:29.3435041-07:00" endTime="2015-09-28T09:43:29.3435041-07:00" testType="13cdc9d9-ddb5-4fa4-a97d-d965ccfc6d4b" outcome="Passed" testListId="8c84fa94-04c1-424b-9868-57a2d4851a1d" relativeResultsDirectory="ee7ef6fa-61d6-485a-afea-dc6c8f1d513e" />
    <UnitTestResult executionId="e8f8911a-59a7-4494-a4c5-99164f8d75e2" testId="dedeb234-1613-365b-f1ad-fd6556847176" testName="FilterAttributeHelper_GetRequestContentTest" computerName="TFSBUILD11" duration="00:00:00.0032637" startTime="2015-09-28T09:43:29.3435041-07:00" endTime="2015-09-28T09:43:29.3435041-07:00" testType="13cdc9d9-ddb5-4fa4-a97d-d965ccfc6d4b" outcome="Passed" testListId="8c84fa94-04c1-424b-9868-57a2d4851a1d" relativeResultsDirectory="e8f8911a-59a7-4494-a4c5-99164f8d75e2" />
    <UnitTestResult executionId="8bee3d6d-2692-4723-80be-429e73977ba3" testId="93ed8553-180c-a248-39a7-30bda0c84e6d" testName="FilterAttributeHelper_GetRequestContentEmptyTest" computerName="TFSBUILD11" duration="00:00:00.0008214" startTime="2015-09-28T09:43:29.3435041-07:00" endTime="2015-09-28T09:43:29.3435041-07:00" testType="13cdc9d9-ddb5-4fa4-a97d-d965ccfc6d4b" outcome="Passed" testListId="8c84fa94-04c1-424b-9868-57a2d4851a1d" relativeResultsDirectory="8bee3d6d-2692-4723-80be-429e73977ba3" />
    <UnitTestResult executionId="ca83a713-4436-4155-8a2e-aa5cb7726ae7" testId="e85b6859-3500-705b-3241-3ecac734ddcf" testName="FilterAttributeHelper_GetResponseHeadersResponseNullTest" computerName="TFSBUILD11" duration="00:00:00.0003421" startTime="2015-09-28T09:43:29.3435041-07:00" endTime="2015-09-28T09:43:29.3435041-07:00" testType="13cdc9d9-ddb5-4fa4-a97d-d965ccfc6d4b" outcome="Passed" testListId="8c84fa94-04c1-424b-9868-57a2d4851a1d" relativeResultsDirectory="ca83a713-4436-4155-8a2e-aa5cb7726ae7" />
    <UnitTestResult executionId="f86d6c5b-e0ff-416b-8155-91ef7f7147ec" testId="e61b9598-f3f4-b15d-2ba4-71999f62b38e" testName="FilterAttributeHelper_GetActionContextControllerFromExecutedContextTest" computerName="TFSBUILD11" duration="00:00:00.0004221" startTime="2015-09-28T09:43:29.3435041-07:00" endTime="2015-09-28T09:43:29.3435041-07:00" testType="13cdc9d9-ddb5-4fa4-a97d-d965ccfc6d4b" outcome="Passed" testListId="8c84fa94-04c1-424b-9868-57a2d4851a1d" relativeResultsDirectory="f86d6c5b-e0ff-416b-8155-91ef7f7147ec" />
    <UnitTestResult executionId="47d566d9-11b5-4607-96b8-b47baf33bd15" testId="c4adfd84-3c91-4383-bcb1-e782364a2351" testName="AddCIEventWithStringNameValuePairs" computerName="TFSBUILD11" duration="00:00:00.0090805" startTime="2015-09-28T09:43:29.3435041-07:00" endTime="2015-09-28T09:43:29.3591305-07:00" testType="13cdc9d9-ddb5-4fa4-a97d-d965ccfc6d4b" outcome="Passed" testListId="8c84fa94-04c1-424b-9868-57a2d4851a1d" relativeResultsDirectory="47d566d9-11b5-4607-96b8-b47baf33bd15" />
    <UnitTestResult executionId="ba1901e1-a37b-4771-96e1-fa8ee44ca3e5" testId="9826d470-d793-1d98-d7bd-575977df8279" testName="ParallelUsageDataAggregator_AggregateUsageTwoResources" computerName="TFSBUILD11" duration="00:00:00.0152021" startTime="2015-09-28T09:43:29.3591305-07:00" endTime="2015-09-28T09:43:29.3747566-07:00" testType="13cdc9d9-ddb5-4fa4-a97d-d965ccfc6d4b" outcome="Passed" testListId="8c84fa94-04c1-424b-9868-57a2d4851a1d" relativeResultsDirectory="ba1901e1-a37b-4771-96e1-fa8ee44ca3e5" />
    <UnitTestResult executionId="61e555d3-2599-4297-8f41-236d7cdaef8b" testId="591016b0-5a40-7f6d-6a71-7809bf64de51" testName="ParallelUsageDataAggregator_AggregateExceptionTest" computerName="TFSBUILD11" duration="00:00:00.0111317" startTime="2015-09-28T09:43:29.3747566-07:00" endTime="2015-09-28T09:43:29.3747566-07:00" testType="13cdc9d9-ddb5-4fa4-a97d-d965ccfc6d4b" outcome="Passed" testListId="8c84fa94-04c1-424b-9868-57a2d4851a1d" relativeResultsDirectory="61e555d3-2599-4297-8f41-236d7cdaef8b" />
    <UnitTestResult executionId="579bcee1-e2f7-40c7-8f33-44335e61dd3d" testId="74559eb5-9699-a186-e905-ce60c0e8dfa0" testName="ParallelUsageDataAggregator_AggregateMultipleTimeSlices" computerName="TFSBUILD11" duration="00:00:00.0112261" startTime="2015-09-28T09:43:29.3747566-07:00" endTime="2015-09-28T09:43:29.3903830-07:00" testType="13cdc9d9-ddb5-4fa4-a97d-d965ccfc6d4b" outcome="Passed" testListId="8c84fa94-04c1-424b-9868-57a2d4851a1d" relativeResultsDirectory="579bcee1-e2f7-40c7-8f33-44335e61dd3d" />
    <UnitTestResult executionId="9df2bed5-1de2-491c-a196-1f49e18ee5bb" testId="56ae9f34-1804-f744-2d0e-25df2786c2c1" testName="CheckForMissingContentTypeTest_ValidRequest" computerName="TFSBUILD11" duration="00:00:00.0046984" startTime="2015-09-28T09:43:29.3903830-07:00" endTime="2015-09-28T09:43:29.3903830-07:00" testType="13cdc9d9-ddb5-4fa4-a97d-d965ccfc6d4b" outcome="Passed" testListId="8c84fa94-04c1-424b-9868-57a2d4851a1d" relativeResultsDirectory="9df2bed5-1de2-491c-a196-1f49e18ee5bb" />
    <UnitTestResult executionId="071a0680-69ef-4210-aeb5-b8e8bc4c49e2" testId="14b1ae54-c1b2-fef1-17d2-a8268062fa1c" testName="CheckForMissingContentTypeTest_NoContentType" computerName="TFSBUILD11" duration="00:00:00.0065982" startTime="2015-09-28T09:43:29.3903830-07:00" endTime="2015-09-28T09:43:29.4060085-07:00" testType="13cdc9d9-ddb5-4fa4-a97d-d965ccfc6d4b" outcome="Passed" testListId="8c84fa94-04c1-424b-9868-57a2d4851a1d" relativeResultsDirectory="071a0680-69ef-4210-aeb5-b8e8bc4c49e2" />
    <UnitTestResult executionId="08ffb5b4-f66a-42c3-a9cf-c7eb71ca1778" testId="89f56a6f-b4b8-4570-2e93-049f82234805" testName="CheckForMissingContentTypeTest_NoContent" computerName="TFSBUILD11" duration="00:00:00.0050579" startTime="2015-09-28T09:43:29.4060085-07:00" endTime="2015-09-28T09:43:29.4060085-07:00" testType="13cdc9d9-ddb5-4fa4-a97d-d965ccfc6d4b" outcome="Passed" testListId="8c84fa94-04c1-424b-9868-57a2d4851a1d" relativeResultsDirectory="08ffb5b4-f66a-42c3-a9cf-c7eb71ca1778" />
    <UnitTestResult executionId="366cb6fd-1573-4e3c-8059-2a0dc3bc69ef" testId="9f294d49-4971-d70a-ebe8-64f4dc3d830c" testName="CheckResourceTypeIsAccount_IsAccount" computerName="TFSBUILD11" duration="00:00:00.0048625" startTime="2015-09-28T09:43:29.4060085-07:00" endTime="2015-09-28T09:43:29.4216338-07:00" testType="13cdc9d9-ddb5-4fa4-a97d-d965ccfc6d4b" outcome="Passed" testListId="8c84fa94-04c1-424b-9868-57a2d4851a1d" relativeResultsDirectory="366cb6fd-1573-4e3c-8059-2a0dc3bc69ef" />
    <UnitTestResult executionId="f89a1189-9200-4cbc-981e-faa84668b7a1" testId="23257223-a390-3f97-dc65-fa4d02e6c3a8" testName="CheckResourceTypeIsAccount_NoAccountFail" computerName="TFSBUILD11" duration="00:00:00.0048631" startTime="2015-09-28T09:43:29.4216338-07:00" endTime="2015-09-28T09:43:29.4216338-07:00" testType="13cdc9d9-ddb5-4fa4-a97d-d965ccfc6d4b" outcome="Passed" testListId="8c84fa94-04c1-424b-9868-57a2d4851a1d" relativeResultsDirectory="f89a1189-9200-4cbc-981e-faa84668b7a1" />
    <UnitTestResult executionId="4ace2d78-e44e-49f9-9ec0-854b32bf3924" testId="c53a8475-aa86-318a-7a34-19aafebf10f2" testName="CheckResourceTypeIsAccount_NoAccountNoFail" computerName="TFSBUILD11" duration="00:00:00.0047576" startTime="2015-09-28T09:43:29.4216338-07:00" endTime="2015-09-28T09:43:29.4216338-07:00" testType="13cdc9d9-ddb5-4fa4-a97d-d965ccfc6d4b" outcome="Passed" testListId="8c84fa94-04c1-424b-9868-57a2d4851a1d" relativeResultsDirectory="4ace2d78-e44e-49f9-9ec0-854b32bf3924" />
    <UnitTestResult executionId="1dc98897-7f75-4b84-b7e7-b0c767217f2c" testId="4780daf3-869d-eb20-cb0f-73b9e8479072" testName="GetKpiArea_Increment" computerName="TFSBUILD11" duration="00:00:00.0048281" startTime="2015-09-28T09:43:29.4216338-07:00" endTime="2015-09-28T09:43:29.4372610-07:00" testType="13cdc9d9-ddb5-4fa4-a97d-d965ccfc6d4b" outcome="Passed" testListId="8c84fa94-04c1-424b-9868-57a2d4851a1d" relativeResultsDirectory="1dc98897-7f75-4b84-b7e7-b0c767217f2c" />
    <UnitTestResult executionId="b7dee96d-cc8a-4314-89a2-bfb77d4a1fd5" testId="7659438b-b47b-686a-8457-37cca31a047e" testName="GetKpi_IncrementByOne" computerName="TFSBUILD11" duration="00:00:00.0048321" startTime="2015-09-28T09:43:29.4372610-07:00" endTime="2015-09-28T09:43:29.4372610-07:00" testType="13cdc9d9-ddb5-4fa4-a97d-d965ccfc6d4b" outcome="Passed" testListId="8c84fa94-04c1-424b-9868-57a2d4851a1d" relativeResultsDirectory="b7dee96d-cc8a-4314-89a2-bfb77d4a1fd5" />
    <UnitTestResult executionId="c44a2ed9-be1f-471d-8c3d-809dcc4b104a" testId="8fa2df84-2d6d-ab4e-8e77-e609b6107d2d" testName="CaptureRdfeOperationIdAttribute_OnActionExecutingTest" computerName="TFSBUILD11" duration="00:00:00.0052715" startTime="2015-09-28T09:43:29.4372610-07:00" endTime="2015-09-28T09:43:29.4372610-07:00" testType="13cdc9d9-ddb5-4fa4-a97d-d965ccfc6d4b" outcome="Passed" testListId="8c84fa94-04c1-424b-9868-57a2d4851a1d" relativeResultsDirectory="c44a2ed9-be1f-471d-8c3d-809dcc4b104a" />
    <UnitTestResult executionId="d3ba6981-e2be-4a24-b7c6-15d2f744371e" testId="170ca2b7-2491-6355-7cef-eec204928b35" testName="CaptureRdfeOperationIdAttribute_OnActionExecutingExceptionTest" computerName="TFSBUILD11" duration="00:00:00.0049109" startTime="2015-09-28T09:43:29.4372610-07:00" endTime="2015-09-28T09:43:29.4528863-07:00" testType="13cdc9d9-ddb5-4fa4-a97d-d965ccfc6d4b" outcome="Passed" testListId="8c84fa94-04c1-424b-9868-57a2d4851a1d" relativeResultsDirectory="d3ba6981-e2be-4a24-b7c6-15d2f744371e" />
  </Results>
  <TestDefinitions>
    <UnitTest name="SetResetEarlyAdopterResourceQuantities_NonAffectingResources" storage="d:\v2.0\a1\_work\dbded102\bin\release.anycpu\sps.service\ms.vs.services.commerce.l0.tests\ms.vs.services.commerce.l0.tests.dll" priority="1" id="1f98f606-0bf8-a36f-a6f4-5092e0b63e23">
      <Owners>
        <Owner name="vsc" />
      </Owners>
      <Execution id="77e6b8ef-2298-4121-aa5d-1eb7f62a3228" />
      <TestMethod codeBase="D:\v2.0\A1\_work\dbded102\bin\Release.AnyCPU\Sps.Service\MS.VS.Services.Commerce.L0.Tests\MS.VS.Services.Commerce.L0.Tests.dll" adapterTypeName="Microsoft.VisualStudio.TestTools.TestTypes.Unit.UnitTestAdapter" className="MS.VS.Services.Commerce.L0.Tests.InternalResourceQuantityUpdaterServiceTest" name="SetResetEarlyAdopterResourceQuantities_NonAffectingResources" />
    </UnitTest>
    <UnitTest name="SetResetEarlyAdopterResourceQuantities_EarlyDate" storage="d:\v2.0\a1\_work\dbded102\bin\release.anycpu\sps.service\ms.vs.services.commerce.l0.tests\ms.vs.services.commerce.l0.tests.dll" priority="1" id="9c86aa46-863b-4ad5-d95b-47feb7dbacb6">
      <Owners>
        <Owner name="vsc" />
      </Owners>
      <Execution id="a4754cdf-3ae3-4517-ace1-f9efa493d95a" />
      <TestMethod codeBase="D:\v2.0\A1\_work\dbded102\bin\Release.AnyCPU\Sps.Service\MS.VS.Services.Commerce.L0.Tests\MS.VS.Services.Commerce.L0.Tests.dll" adapterTypeName="Microsoft.VisualStudio.TestTools.TestTypes.Unit.UnitTestAdapter" className="MS.VS.Services.Commerce.L0.Tests.InternalResourceQuantityUpdaterServiceTest" name="SetResetEarlyAdopterResourceQuantities_EarlyDate" />
    </UnitTest>
    <UnitTest name="SetResetEarlyAdopterResourceQuantities_NonEarlyAdopterNonSpecialAccount" storage="d:\v2.0\a1\_work\dbded102\bin\release.anycpu\sps.service\ms.vs.services.commerce.l0.tests\ms.vs.services.commerce.l0.tests.dll" priority="1" id="036c4888-b876-c650-a57e-ca2e2f7d04cb">
      <Owners>
        <Owner name="vsc" />
      </Owners>
      <Execution id="eb4b439a-dcf4-4161-a92c-cbca0f3cc25b" />
      <TestMethod codeBase="D:\v2.0\A1\_work\dbded102\bin\Release.AnyCPU\Sps.Service\MS.VS.Services.Commerce.L0.Tests\MS.VS.Services.Commerce.L0.Tests.dll" adapterTypeName="Microsoft.VisualStudio.TestTools.TestTypes.Unit.UnitTestAdapter" className="MS.VS.Services.Commerce.L0.Tests.InternalResourceQuantityUpdaterServiceTest" name="SetResetEarlyAdopterResourceQuantities_NonEarlyAdopterNonSpecialAccount" />
    </UnitTest>
    <UnitTest name="SetResetEarlyAdopterResourceQuantities_LoadTestEarlyAdopterExpiredWithCustomValues" storage="d:\v2.0\a1\_work\dbded102\bin\release.anycpu\sps.service\ms.vs.services.commerce.l0.tests\ms.vs.services.commerce.l0.tests.dll" priority="1" id="c18546ba-bfc0-2030-eb20-3088e275323c">
      <Owners>
        <Owner name="vsc" />
      </Owners>
      <Execution id="f62e3f01-0b60-459b-8063-b70de9583ff8" />
      <TestMethod codeBase="D:\v2.0\A1\_work\dbded102\bin\Release.AnyCPU\Sps.Service\MS.VS.Services.Commerce.L0.Tests\MS.VS.Services.Commerce.L0.Tests.dll" adapterTypeName="Microsoft.VisualStudio.TestTools.TestTypes.Unit.UnitTestAdapter" className="MS.VS.Services.Commerce.L0.Tests.InternalResourceQuantityUpdaterServiceTest" name="SetResetEarlyAdopterResourceQuantities_LoadTestEarlyAdopterExpiredWithCustomValues" />
    </UnitTest>
    <UnitTest name="SetResetEarlyAdopterResourceQuantities_BuildInternalAccountWithinPreview" storage="d:\v2.0\a1\_work\dbded102\bin\release.anycpu\sps.service\ms.vs.services.commerce.l0.tests\ms.vs.services.commerce.l0.tests.dll" priority="1" id="23f55b73-bc64-9836-cf2d-530931a8aa66">
      <Owners>
        <Owner name="vsc" />
      </Owners>
      <Execution id="673fd275-2ad6-4828-8351-31c4f8ad2a87" />
      <TestMethod codeBase="D:\v2.0\A1\_work\dbded102\bin\Release.AnyCPU\Sps.Service\MS.VS.Services.Commerce.L0.Tests\MS.VS.Services.Commerce.L0.Tests.dll" adapterTypeName="Microsoft.VisualStudio.TestTools.TestTypes.Unit.UnitTestAdapter" className="MS.VS.Services.Commerce.L0.Tests.InternalResourceQuantityUpdaterServiceTest" name="SetResetEarlyAdopterResourceQuantities_BuildInternalAccountWithinPreview" />
    </UnitTest>
    <UnitTest name="SetResetEarlyAdopterResourceQuantities_LoadTestInternalAccountWithinPreview" storage="d:\v2.0\a1\_work\dbded102\bin\release.anycpu\sps.service\ms.vs.services.commerce.l0.tests\ms.vs.services.commerce.l0.tests.dll" priority="1" id="a502647c-2d47-0c0b-feae-bed79fb90983">
      <Owners>
        <Owner name="vsc" />
      </Owners>
      <Execution id="cec7990a-b249-4c7b-84e9-270ded3a7f05" />
      <TestMethod codeBase="D:\v2.0\A1\_work\dbded102\bin\Release.AnyCPU\Sps.Service\MS.VS.Services.Commerce.L0.Tests\MS.VS.Services.Commerce.L0.Tests.dll" adapterTypeName="Microsoft.VisualStudio.TestTools.TestTypes.Unit.UnitTestAdapter" className="MS.VS.Services.Commerce.L0.Tests.InternalResourceQuantityUpdaterServiceTest" name="SetResetEarlyAdopterResourceQuantities_LoadTestInternalAccountWithinPreview" />
    </UnitTest>
    <UnitTest name="SetResetEarlyAdopterResourceQuantities_BuildInternalAccountAfterPreview" storage="d:\v2.0\a1\_work\dbded102\bin\release.anycpu\sps.service\ms.vs.services.commerce.l0.tests\ms.vs.services.commerce.l0.tests.dll" priority="1" id="a7b3cd60-57d3-937f-d11e-5b9444e52147">
      <Owners>
        <Owner name="vsc" />
      </Owners>
      <Execution id="dd4609f6-6041-4ab7-bf35-0235f58ebdb6" />
      <TestMethod codeBase="D:\v2.0\A1\_work\dbded102\bin\Release.AnyCPU\Sps.Service\MS.VS.Services.Commerce.L0.Tests\MS.VS.Services.Commerce.L0.Tests.dll" adapterTypeName="Microsoft.VisualStudio.TestTools.TestTypes.Unit.UnitTestAdapter" className="MS.VS.Services.Commerce.L0.Tests.InternalResourceQuantityUpdaterServiceTest" name="SetResetEarlyAdopterResourceQuantities_BuildInternalAccountAfterPreview" />
    </UnitTest>
    <UnitTest name="SetResetEarlyAdopterResourceQuantities_LoadTestInternalAccountAfterPreview" storage="d:\v2.0\a1\_work\dbded102\bin\release.anycpu\sps.service\ms.vs.services.commerce.l0.tests\ms.vs.services.commerce.l0.tests.dll" priority="1" id="34b723e0-02a0-368f-73a7-6e3a38d87d7e">
      <Owners>
        <Owner name="vsc" />
      </Owners>
      <Execution id="0917d21d-fb87-4a23-a1b2-8703adb2f11d" />
      <TestMethod codeBase="D:\v2.0\A1\_work\dbded102\bin\Release.AnyCPU\Sps.Service\MS.VS.Services.Commerce.L0.Tests\MS.VS.Services.Commerce.L0.Tests.dll" adapterTypeName="Microsoft.VisualStudio.TestTools.TestTypes.Unit.UnitTestAdapter" className="MS.VS.Services.Commerce.L0.Tests.InternalResourceQuantityUpdaterServiceTest" name="SetResetEarlyAdopterResourceQuantities_LoadTestInternalAccountAfterPreview" />
    </UnitTest>
    <UnitTest name="SetResetEarlyAdopterResourceQuantities_StartService" storage="d:\v2.0\a1\_work\dbded102\bin\release.anycpu\sps.service\ms.vs.services.commerce.l0.tests\ms.vs.services.commerce.l0.tests.dll" priority="1" id="c44835bb-9948-af17-4294-3c7053b9b6de">
      <Owners>
        <Owner name="vsc" />
      </Owners>
      <Execution id="11c766aa-0194-4540-86c7-34dfa7418633" />
      <TestMethod codeBase="D:\v2.0\A1\_work\dbded102\bin\Release.AnyCPU\Sps.Service\MS.VS.Services.Commerce.L0.Tests\MS.VS.Services.Commerce.L0.Tests.dll" adapterTypeName="Microsoft.VisualStudio.TestTools.TestTypes.Unit.UnitTestAdapter" className="MS.VS.Services.Commerce.L0.Tests.InternalResourceQuantityUpdaterServiceTest" name="SetResetEarlyAdopterResourceQuantities_StartService" />
    </UnitTest>
    <UnitTest name="SetResetEarlyAdopterResourceQuantities_StartEnd" storage="d:\v2.0\a1\_work\dbded102\bin\release.anycpu\sps.service\ms.vs.services.commerce.l0.tests\ms.vs.services.commerce.l0.tests.dll" priority="1" id="bbd567de-7623-e49e-b093-20deacda89d8">
      <Owners>
        <Owner name="vsc" />
      </Owners>
      <Execution id="3f3f79b6-36bf-494d-b12f-b8f1827f21a5" />
      <TestMethod codeBase="D:\v2.0\A1\_work\dbded102\bin\Release.AnyCPU\Sps.Service\MS.VS.Services.Commerce.L0.Tests\MS.VS.Services.Commerce.L0.Tests.dll" adapterTypeName="Microsoft.VisualStudio.TestTools.TestTypes.Unit.UnitTestAdapter" className="MS.VS.Services.Commerce.L0.Tests.InternalResourceQuantityUpdaterServiceTest" name="SetResetEarlyAdopterResourceQuantities_StartEnd" />
    </UnitTest>
    <UnitTest name="SetResetEarlyAdopterResourceQuantities_GetAccountProperties" storage="d:\v2.0\a1\_work\dbded102\bin\release.anycpu\sps.service\ms.vs.services.commerce.l0.tests\ms.vs.services.commerce.l0.tests.dll" priority="1" id="63ee62f9-68ce-3913-dd60-eaa7596dbba1">
      <Owners>
        <Owner name="vsc" />
      </Owners>
      <Execution id="7d0ec2f9-2b30-49a1-9b72-27bd5de2229e" />
      <TestMethod codeBase="D:\v2.0\A1\_work\dbded102\bin\Release.AnyCPU\Sps.Service\MS.VS.Services.Commerce.L0.Tests\MS.VS.Services.Commerce.L0.Tests.dll" adapterTypeName="Microsoft.VisualStudio.TestTools.TestTypes.Unit.UnitTestAdapter" className="MS.VS.Services.Commerce.L0.Tests.InternalResourceQuantityUpdaterServiceTest" name="SetResetEarlyAdopterResourceQuantities_GetAccountProperties" />
    </UnitTest>
    <UnitTest name="SetResetEarlyAdopterResourceQuantities_UpdateMeterNoPermission" storage="d:\v2.0\a1\_work\dbded102\bin\release.anycpu\sps.service\ms.vs.services.commerce.l0.tests\ms.vs.services.commerce.l0.tests.dll" priority="1" id="09cc0eef-2658-db76-bab1-3afa03eb6d3f">
      <Owners>
        <Owner name="vsc" />
      </Owners>
      <Execution id="c318434a-41b7-4465-9c24-bd9e6a8b5265" />
      <TestMethod codeBase="D:\v2.0\A1\_work\dbded102\bin\Release.AnyCPU\Sps.Service\MS.VS.Services.Commerce.L0.Tests\MS.VS.Services.Commerce.L0.Tests.dll" adapterTypeName="Microsoft.VisualStudio.TestTools.TestTypes.Unit.UnitTestAdapter" className="MS.VS.Services.Commerce.L0.Tests.InternalResourceQuantityUpdaterServiceTest" name="SetResetEarlyAdopterResourceQuantities_UpdateMeterNoPermission" />
    </UnitTest>
    <UnitTest name="SetResetEarlyAdopterResourceQuantities_WithMetersPermisions" storage="d:\v2.0\a1\_work\dbded102\bin\release.anycpu\sps.service\ms.vs.services.commerce.l0.tests\ms.vs.services.commerce.l0.tests.dll" priority="1" id="01041eac-0537-7a14-b4d8-05bf14e0ec5d">
      <Owners>
        <Owner name="vsc" />
      </Owners>
      <Execution id="0074f8f3-f7a1-48ec-9dc8-4bac0ed23926" />
      <TestMethod codeBase="D:\v2.0\A1\_work\dbded102\bin\Release.AnyCPU\Sps.Service\MS.VS.Services.Commerce.L0.Tests\MS.VS.Services.Commerce.L0.Tests.dll" adapterTypeName="Microsoft.VisualStudio.TestTools.TestTypes.Unit.UnitTestAdapter" className="MS.VS.Services.Commerce.L0.Tests.InternalResourceQuantityUpdaterServiceTest" name="SetResetEarlyAdopterResourceQuantities_WithMetersPermisions" />
    </UnitTest>
    <UnitTest name="ControllerSetAccountQuantity_ServiceExceptionTest" storage="d:\v2.0\a1\_work\dbded102\bin\release.anycpu\sps.service\ms.vs.services.commerce.l0.tests\ms.vs.services.commerce.l0.tests.dll" priority="1" id="edd36b12-ae55-8f02-71e3-f764caf4d7e0">
      <Owners>
        <Owner name="vsc" />
      </Owners>
      <Execution id="d215c9c2-3c3e-4199-ba18-0a5306125c2c" />
      <TestMethod codeBase="D:\v2.0\A1\_work\dbded102\bin\Release.AnyCPU\Sps.Service\MS.VS.Services.Commerce.L0.Tests\MS.VS.Services.Commerce.L0.Tests.dll" adapterTypeName="Microsoft.VisualStudio.TestTools.TestTypes.Unit.UnitTestAdapter" className="MS.VS.Services.Commerce.L0.Tests.InternalResourceQuantityUpdaterServiceTest" name="ControllerSetAccountQuantity_ServiceExceptionTest" />
    </UnitTest>
    <UnitTest name="ControllerSetAccountQuantity_NullMaximumAndIncluded" storage="d:\v2.0\a1\_work\dbded102\bin\release.anycpu\sps.service\ms.vs.services.commerce.l0.tests\ms.vs.services.commerce.l0.tests.dll" priority="1" id="db9f4c07-42f9-dbc2-e2f1-49d31372be35">
      <Owners>
        <Owner name="vsc" />
      </Owners>
      <Execution id="1ae69e88-7378-4d27-bffd-1cbf11a2a4eb" />
      <TestMethod codeBase="D:\v2.0\A1\_work\dbded102\bin\Release.AnyCPU\Sps.Service\MS.VS.Services.Commerce.L0.Tests\MS.VS.Services.Commerce.L0.Tests.dll" adapterTypeName="Microsoft.VisualStudio.TestTools.TestTypes.Unit.UnitTestAdapter" className="MS.VS.Services.Commerce.L0.Tests.InternalResourceQuantityUpdaterServiceTest" name="ControllerSetAccountQuantity_NullMaximumAndIncluded" />
    </UnitTest>
    <UnitTest name="ControllerSetAccountQuantity_GetResourceQuantityTest" storage="d:\v2.0\a1\_work\dbded102\bin\release.anycpu\sps.service\ms.vs.services.commerce.l0.tests\ms.vs.services.commerce.l0.tests.dll" priority="1" id="d817a961-8e3d-80fe-19b5-3953f4018b64">
      <Owners>
        <Owner name="vsc" />
      </Owners>
      <Execution id="8b2cde31-deb7-4dd7-b86e-2cb3c4a378e9" />
      <TestMethod codeBase="D:\v2.0\A1\_work\dbded102\bin\Release.AnyCPU\Sps.Service\MS.VS.Services.Commerce.L0.Tests\MS.VS.Services.Commerce.L0.Tests.dll" adapterTypeName="Microsoft.VisualStudio.TestTools.TestTypes.Unit.UnitTestAdapter" className="MS.VS.Services.Commerce.L0.Tests.InternalResourceQuantityUpdaterServiceTest" name="ControllerSetAccountQuantity_GetResourceQuantityTest" />
    </UnitTest>
    <UnitTest name="ControllerSetAccountQuantity_GetResourceQuantityStrategicLoadTest" storage="d:\v2.0\a1\_work\dbded102\bin\release.anycpu\sps.service\ms.vs.services.commerce.l0.tests\ms.vs.services.commerce.l0.tests.dll" priority="1" id="4ee3d68d-0b17-52d0-a521-3ef5ede0c1ee">
      <Owners>
        <Owner name="vsc" />
      </Owners>
      <Execution id="082aadd9-14b9-4154-93ed-abbadba1c69d" />
      <TestMethod codeBase="D:\v2.0\A1\_work\dbded102\bin\Release.AnyCPU\Sps.Service\MS.VS.Services.Commerce.L0.Tests\MS.VS.Services.Commerce.L0.Tests.dll" adapterTypeName="Microsoft.VisualStudio.TestTools.TestTypes.Unit.UnitTestAdapter" className="MS.VS.Services.Commerce.L0.Tests.InternalResourceQuantityUpdaterServiceTest" name="ControllerSetAccountQuantity_GetResourceQuantityStrategicLoadTest" />
    </UnitTest>
    <UnitTest name="CheckPermissions_SubscriptionSuccess" storage="d:\v2.0\a1\_work\dbded102\bin\release.anycpu\sps.service\ms.vs.services.commerce.l0.tests\ms.vs.services.commerce.l0.tests.dll" priority="1" id="2f02270b-96cc-d775-4ccc-0f7f0b05d7f7">
      <Owners>
        <Owner name="vsc" />
      </Owners>
      <Execution id="722a95fc-65cb-4fd8-b0de-f7b9c641b194" />
      <TestMethod codeBase="D:\v2.0\A1\_work\dbded102\bin\Release.AnyCPU\Sps.Service\MS.VS.Services.Commerce.L0.Tests\MS.VS.Services.Commerce.L0.Tests.dll" adapterTypeName="Microsoft.VisualStudio.TestTools.TestTypes.Unit.UnitTestAdapter" className="MS.VS.Services.Commerce.L0.Tests.PermissionsCheckerServiceTest" name="CheckPermissions_SubscriptionSuccess" />
    </UnitTest>
    <UnitTest name="CheckPermissions_SubscriptionWithNullUserContext" storage="d:\v2.0\a1\_work\dbded102\bin\release.anycpu\sps.service\ms.vs.services.commerce.l0.tests\ms.vs.services.commerce.l0.tests.dll" priority="1" id="376a6a3d-9df8-2d40-439d-629e9dfe8a12">
      <Owners>
        <Owner name="vsc" />
      </Owners>
      <Execution id="c888e7e4-8a28-45e5-8b06-cef081689bcb" />
      <TestMethod codeBase="D:\v2.0\A1\_work\dbded102\bin\Release.AnyCPU\Sps.Service\MS.VS.Services.Commerce.L0.Tests\MS.VS.Services.Commerce.L0.Tests.dll" adapterTypeName="Microsoft.VisualStudio.TestTools.TestTypes.Unit.UnitTestAdapter" className="MS.VS.Services.Commerce.L0.Tests.PermissionsCheckerServiceTest" name="CheckPermissions_SubscriptionWithNullUserContext" />
    </UnitTest>
    <UnitTest name="CheckPermissions_MeteringWithNullUserContext" storage="d:\v2.0\a1\_work\dbded102\bin\release.anycpu\sps.service\ms.vs.services.commerce.l0.tests\ms.vs.services.commerce.l0.tests.dll" priority="1" id="d8af05ec-012e-e09a-37b5-09efcca1bd8a">
      <Owners>
        <Owner name="vsc" />
      </Owners>
      <Execution id="ee691170-88a6-450e-8847-c8706494ba80" />
      <TestMethod codeBase="D:\v2.0\A1\_work\dbded102\bin\Release.AnyCPU\Sps.Service\MS.VS.Services.Commerce.L0.Tests\MS.VS.Services.Commerce.L0.Tests.dll" adapterTypeName="Microsoft.VisualStudio.TestTools.TestTypes.Unit.UnitTestAdapter" className="MS.VS.Services.Commerce.L0.Tests.PermissionsCheckerServiceTest" name="CheckPermissions_MeteringWithNullUserContext" />
    </UnitTest>
    <UnitTest name="CheckPermissions_LicensingSuccess" storage="d:\v2.0\a1\_work\dbded102\bin\release.anycpu\sps.service\ms.vs.services.commerce.l0.tests\ms.vs.services.commerce.l0.tests.dll" priority="1" id="9f20b3d0-46f7-c02b-2497-ea681531e247">
      <Owners>
        <Owner name="vsc" />
      </Owners>
      <Execution id="dd2151a6-fb07-4fcc-9696-88fa36e6cba2" />
      <TestMethod codeBase="D:\v2.0\A1\_work\dbded102\bin\Release.AnyCPU\Sps.Service\MS.VS.Services.Commerce.L0.Tests\MS.VS.Services.Commerce.L0.Tests.dll" adapterTypeName="Microsoft.VisualStudio.TestTools.TestTypes.Unit.UnitTestAdapter" className="MS.VS.Services.Commerce.L0.Tests.PermissionsCheckerServiceTest" name="CheckPermissions_LicensingSuccess" />
    </UnitTest>
    <UnitTest name="CheckPermissions_ServiceStart" storage="d:\v2.0\a1\_work\dbded102\bin\release.anycpu\sps.service\ms.vs.services.commerce.l0.tests\ms.vs.services.commerce.l0.tests.dll" priority="1" id="0d794b79-d739-442c-9513-c164600911f2">
      <Owners>
        <Owner name="vsc" />
      </Owners>
      <Execution id="3490083f-b86b-4e85-9e4a-2763defb2718" />
      <TestMethod codeBase="D:\v2.0\A1\_work\dbded102\bin\Release.AnyCPU\Sps.Service\MS.VS.Services.Commerce.L0.Tests\MS.VS.Services.Commerce.L0.Tests.dll" adapterTypeName="Microsoft.VisualStudio.TestTools.TestTypes.Unit.UnitTestAdapter" className="MS.VS.Services.Commerce.L0.Tests.PermissionsCheckerServiceTest" name="CheckPermissions_ServiceStart" />
    </UnitTest>
    <UnitTest name="CheckPermissions_ServiceEnd" storage="d:\v2.0\a1\_work\dbded102\bin\release.anycpu\sps.service\ms.vs.services.commerce.l0.tests\ms.vs.services.commerce.l0.tests.dll" priority="1" id="ab8e7ddd-046d-5084-f397-6734de0951b4">
      <Owners>
        <Owner name="vsc" />
      </Owners>
      <Execution id="e7709293-4909-4945-b5fe-33066bfd028f" />
      <TestMethod codeBase="D:\v2.0\A1\_work\dbded102\bin\Release.AnyCPU\Sps.Service\MS.VS.Services.Commerce.L0.Tests\MS.VS.Services.Commerce.L0.Tests.dll" adapterTypeName="Microsoft.VisualStudio.TestTools.TestTypes.Unit.UnitTestAdapter" className="MS.VS.Services.Commerce.L0.Tests.PermissionsCheckerServiceTest" name="CheckPermissions_ServiceEnd" />
    </UnitTest>
    <UnitTest name="EventServiceNotificationPublisherPublish_Test" storage="d:\v2.0\a1\_work\dbded102\bin\release.anycpu\sps.service\ms.vs.services.commerce.l0.tests\ms.vs.services.commerce.l0.tests.dll" priority="1" id="abe3269c-ba95-0c1c-a7f2-ff026d4ca5eb">
      <Owners>
        <Owner name="vsc" />
      </Owners>
      <Execution id="9b78ac9e-077a-4b35-8245-e2e674b5fb0b" />
      <TestMethod codeBase="D:\v2.0\A1\_work\dbded102\bin\Release.AnyCPU\Sps.Service\MS.VS.Services.Commerce.L0.Tests\MS.VS.Services.Commerce.L0.Tests.dll" adapterTypeName="Microsoft.VisualStudio.TestTools.TestTypes.Unit.UnitTestAdapter" className="MS.VS.Services.Commerce.L0.Tests.SubscriptionService.EventServiceNotificationPublisherTests" name="EventServiceNotificationPublisherPublish_Test" />
    </UnitTest>
    <UnitTest name="EventServiceNotificationPublisherPublish_ExceptionTest" storage="d:\v2.0\a1\_work\dbded102\bin\release.anycpu\sps.service\ms.vs.services.commerce.l0.tests\ms.vs.services.commerce.l0.tests.dll" priority="1" id="80a3ea89-6c97-f0ce-05ab-731cb71f2a66">
      <Owners>
        <Owner name="vsc" />
      </Owners>
      <Execution id="c3faad0c-d184-471c-a9c1-3a02df66dd84" />
      <TestMethod codeBase="D:\v2.0\A1\_work\dbded102\bin\Release.AnyCPU\Sps.Service\MS.VS.Services.Commerce.L0.Tests\MS.VS.Services.Commerce.L0.Tests.dll" adapterTypeName="Microsoft.VisualStudio.TestTools.TestTypes.Unit.UnitTestAdapter" className="MS.VS.Services.Commerce.L0.Tests.SubscriptionService.EventServiceNotificationPublisherTests" name="EventServiceNotificationPublisherPublish_ExceptionTest" />
    </UnitTest>
    <UnitTest name="LinkAccount_AzureResourceAccountDoesNotExistExceptionTest" storage="d:\v2.0\a1\_work\dbded102\bin\release.anycpu\sps.service\ms.vs.services.commerce.l0.tests\ms.vs.services.commerce.l0.tests.dll" priority="1" id="29e600f6-a9de-fe82-5d32-63cafcea5b8e">
      <Owners>
        <Owner name="vsc" />
      </Owners>
      <Execution id="1a184156-26de-45d6-8c37-9dd6c0041d3c" />
      <TestMethod codeBase="D:\v2.0\A1\_work\dbded102\bin\Release.AnyCPU\Sps.Service\MS.VS.Services.Commerce.L0.Tests\MS.VS.Services.Commerce.L0.Tests.dll" adapterTypeName="Microsoft.VisualStudio.TestTools.TestTypes.Unit.UnitTestAdapter" className="MS.VS.Services.Commerce.L0.Tests.SubscriptionService.PlatformSubscriptionServiceTests" name="LinkAccount_AzureResourceAccountDoesNotExistExceptionTest" />
    </UnitTest>
    <UnitTest name="LinkAccount_SubscriptionIdTest" storage="d:\v2.0\a1\_work\dbded102\bin\release.anycpu\sps.service\ms.vs.services.commerce.l0.tests\ms.vs.services.commerce.l0.tests.dll" priority="1" id="8413eca2-b58d-7f44-53a4-918df16815db">
      <Owners>
        <Owner name="vsc" />
      </Owners>
      <Execution id="8b95ca0e-1512-492b-b031-bc39ba82eeac" />
      <TestMethod codeBase="D:\v2.0\A1\_work\dbded102\bin\Release.AnyCPU\Sps.Service\MS.VS.Services.Commerce.L0.Tests\MS.VS.Services.Commerce.L0.Tests.dll" adapterTypeName="Microsoft.VisualStudio.TestTools.TestTypes.Unit.UnitTestAdapter" className="MS.VS.Services.Commerce.L0.Tests.SubscriptionService.PlatformSubscriptionServiceTests" name="LinkAccount_SubscriptionIdTest" />
    </UnitTest>
    <UnitTest name="LinkAccount_HydrationTest" storage="d:\v2.0\a1\_work\dbded102\bin\release.anycpu\sps.service\ms.vs.services.commerce.l0.tests\ms.vs.services.commerce.l0.tests.dll" priority="1" id="dfa423f1-fff2-d429-5b6c-723cef7ba337">
      <Owners>
        <Owner name="vsc" />
      </Owners>
      <Execution id="9458a261-e90f-440f-a5e9-23cf187760fa" />
      <TestMethod codeBase="D:\v2.0\A1\_work\dbded102\bin\Release.AnyCPU\Sps.Service\MS.VS.Services.Commerce.L0.Tests\MS.VS.Services.Commerce.L0.Tests.dll" adapterTypeName="Microsoft.VisualStudio.TestTools.TestTypes.Unit.UnitTestAdapter" className="MS.VS.Services.Commerce.L0.Tests.SubscriptionService.PlatformSubscriptionServiceTests" name="LinkAccount_HydrationTest" />
    </UnitTest>
    <UnitTest name="UnlinkAccount_AccountServiceAzureResourceAccountDoesNotExistExceptionTest" storage="d:\v2.0\a1\_work\dbded102\bin\release.anycpu\sps.service\ms.vs.services.commerce.l0.tests\ms.vs.services.commerce.l0.tests.dll" priority="1" id="6e356bd6-a711-0850-4234-63ca02ec5c21">
      <Owners>
        <Owner name="vsc" />
      </Owners>
      <Execution id="afa70653-9bb3-4685-83c7-d1ac19a58151" />
      <TestMethod codeBase="D:\v2.0\A1\_work\dbded102\bin\Release.AnyCPU\Sps.Service\MS.VS.Services.Commerce.L0.Tests\MS.VS.Services.Commerce.L0.Tests.dll" adapterTypeName="Microsoft.VisualStudio.TestTools.TestTypes.Unit.UnitTestAdapter" className="MS.VS.Services.Commerce.L0.Tests.SubscriptionService.PlatformSubscriptionServiceTests" name="UnlinkAccount_AccountServiceAzureResourceAccountDoesNotExistExceptionTest" />
    </UnitTest>
    <UnitTest name="UnlinkAccount_AzureResourceAccountDoesNotExistExceptionTest" storage="d:\v2.0\a1\_work\dbded102\bin\release.anycpu\sps.service\ms.vs.services.commerce.l0.tests\ms.vs.services.commerce.l0.tests.dll" priority="1" id="b94b87ff-210d-e25b-2339-d35f0dc8ac7c">
      <Owners>
        <Owner name="vsc" />
      </Owners>
      <Execution id="7bedb809-f22d-42ab-9021-ac07855d1a7a" />
      <TestMethod codeBase="D:\v2.0\A1\_work\dbded102\bin\Release.AnyCPU\Sps.Service\MS.VS.Services.Commerce.L0.Tests\MS.VS.Services.Commerce.L0.Tests.dll" adapterTypeName="Microsoft.VisualStudio.TestTools.TestTypes.Unit.UnitTestAdapter" className="MS.VS.Services.Commerce.L0.Tests.SubscriptionService.PlatformSubscriptionServiceTests" name="UnlinkAccount_AzureResourceAccountDoesNotExistExceptionTest" />
    </UnitTest>
    <UnitTest name="UnlinkAccount_AzureSubscriptionNotLinkedToAccountExceptionTest" storage="d:\v2.0\a1\_work\dbded102\bin\release.anycpu\sps.service\ms.vs.services.commerce.l0.tests\ms.vs.services.commerce.l0.tests.dll" priority="1" id="313f28de-10bb-f53c-e8df-b8316508435e">
      <Owners>
        <Owner name="vsc" />
      </Owners>
      <Execution id="9bc85ab5-31a9-44c6-afbd-a8a5325a5bd6" />
      <TestMethod codeBase="D:\v2.0\A1\_work\dbded102\bin\Release.AnyCPU\Sps.Service\MS.VS.Services.Commerce.L0.Tests\MS.VS.Services.Commerce.L0.Tests.dll" adapterTypeName="Microsoft.VisualStudio.TestTools.TestTypes.Unit.UnitTestAdapter" className="MS.VS.Services.Commerce.L0.Tests.SubscriptionService.PlatformSubscriptionServiceTests" name="UnlinkAccount_AzureSubscriptionNotLinkedToAccountExceptionTest" />
    </UnitTest>
    <UnitTest name="UnlinkAccount_HapyPathTest" storage="d:\v2.0\a1\_work\dbded102\bin\release.anycpu\sps.service\ms.vs.services.commerce.l0.tests\ms.vs.services.commerce.l0.tests.dll" priority="1" id="e5995a54-64cd-4d0a-3fd5-094a8b9f70d9">
      <Owners>
        <Owner name="vsc" />
      </Owners>
      <Execution id="884b2053-77a3-4e7c-8814-5723eb9f69f4" />
      <TestMethod codeBase="D:\v2.0\A1\_work\dbded102\bin\Release.AnyCPU\Sps.Service\MS.VS.Services.Commerce.L0.Tests\MS.VS.Services.Commerce.L0.Tests.dll" adapterTypeName="Microsoft.VisualStudio.TestTools.TestTypes.Unit.UnitTestAdapter" className="MS.VS.Services.Commerce.L0.Tests.SubscriptionService.PlatformSubscriptionServiceTests" name="UnlinkAccount_HapyPathTest" />
    </UnitTest>
    <UnitTest name="GetAccountsInternal_QueryForAccountsByMemberTest" storage="d:\v2.0\a1\_work\dbded102\bin\release.anycpu\sps.service\ms.vs.services.commerce.l0.tests\ms.vs.services.commerce.l0.tests.dll" priority="1" id="25d0323f-d9aa-a3a0-cdf3-11dda3a558d5">
      <Owners>
        <Owner name="vsc" />
      </Owners>
      <Execution id="d77059cb-4c10-49dc-905e-f17e5ccf0aaa" />
      <TestMethod codeBase="D:\v2.0\A1\_work\dbded102\bin\Release.AnyCPU\Sps.Service\MS.VS.Services.Commerce.L0.Tests\MS.VS.Services.Commerce.L0.Tests.dll" adapterTypeName="Microsoft.VisualStudio.TestTools.TestTypes.Unit.UnitTestAdapter" className="MS.VS.Services.Commerce.L0.Tests.SubscriptionService.PlatformSubscriptionServiceTests" name="GetAccountsInternal_QueryForAccountsByMemberTest" />
    </UnitTest>
    <UnitTest name="GetAccountsInternal_QueryForAccountsByOwnerTest" storage="d:\v2.0\a1\_work\dbded102\bin\release.anycpu\sps.service\ms.vs.services.commerce.l0.tests\ms.vs.services.commerce.l0.tests.dll" priority="1" id="c74db529-176f-d6d2-1821-e5fe66888b97">
      <Owners>
        <Owner name="vsc" />
      </Owners>
      <Execution id="f27c94f1-59e0-4a14-a0d9-f7108868f7cb" />
      <TestMethod codeBase="D:\v2.0\A1\_work\dbded102\bin\Release.AnyCPU\Sps.Service\MS.VS.Services.Commerce.L0.Tests\MS.VS.Services.Commerce.L0.Tests.dll" adapterTypeName="Microsoft.VisualStudio.TestTools.TestTypes.Unit.UnitTestAdapter" className="MS.VS.Services.Commerce.L0.Tests.SubscriptionService.PlatformSubscriptionServiceTests" name="GetAccountsInternal_QueryForAccountsByOwnerTest" />
    </UnitTest>
    <UnitTest name="PopulateServiceOwnerUrls_Test" storage="d:\v2.0\a1\_work\dbded102\bin\release.anycpu\sps.service\ms.vs.services.commerce.l0.tests\ms.vs.services.commerce.l0.tests.dll" priority="1" id="60ce3efd-c0ad-2d8d-64a5-5a32f296d50a">
      <Owners>
        <Owner name="vsc" />
      </Owners>
      <Execution id="61a94045-5bd5-49d4-8d60-3e14b481fe8d" />
      <TestMethod codeBase="D:\v2.0\A1\_work\dbded102\bin\Release.AnyCPU\Sps.Service\MS.VS.Services.Commerce.L0.Tests\MS.VS.Services.Commerce.L0.Tests.dll" adapterTypeName="Microsoft.VisualStudio.TestTools.TestTypes.Unit.UnitTestAdapter" className="MS.VS.Services.Commerce.L0.Tests.SubscriptionService.PlatformSubscriptionServiceTests" name="PopulateServiceOwnerUrls_Test" />
    </UnitTest>
    <UnitTest name="PopulateServiceOwnerUrls_SwallowExceptionTest" storage="d:\v2.0\a1\_work\dbded102\bin\release.anycpu\sps.service\ms.vs.services.commerce.l0.tests\ms.vs.services.commerce.l0.tests.dll" priority="1" id="7821f9b0-f5c2-3104-0e8f-c5799b6774b9">
      <Owners>
        <Owner name="vsc" />
      </Owners>
      <Execution id="40e0fbea-cf31-4f2c-865e-d80d947a340e" />
      <TestMethod codeBase="D:\v2.0\A1\_work\dbded102\bin\Release.AnyCPU\Sps.Service\MS.VS.Services.Commerce.L0.Tests\MS.VS.Services.Commerce.L0.Tests.dll" adapterTypeName="Microsoft.VisualStudio.TestTools.TestTypes.Unit.UnitTestAdapter" className="MS.VS.Services.Commerce.L0.Tests.SubscriptionService.PlatformSubscriptionServiceTests" name="PopulateServiceOwnerUrls_SwallowExceptionTest" />
    </UnitTest>
    <UnitTest name="PopulateAccountProperties_Test" storage="d:\v2.0\a1\_work\dbded102\bin\release.anycpu\sps.service\ms.vs.services.commerce.l0.tests\ms.vs.services.commerce.l0.tests.dll" priority="1" id="5c0bcbbd-2311-b1d9-77c6-819c7ee956a4">
      <Owners>
        <Owner name="vsc" />
      </Owners>
      <Execution id="805608e8-b67a-4484-802f-fd53ef322445" />
      <TestMethod codeBase="D:\v2.0\A1\_work\dbded102\bin\Release.AnyCPU\Sps.Service\MS.VS.Services.Commerce.L0.Tests\MS.VS.Services.Commerce.L0.Tests.dll" adapterTypeName="Microsoft.VisualStudio.TestTools.TestTypes.Unit.UnitTestAdapter" className="MS.VS.Services.Commerce.L0.Tests.SubscriptionService.PlatformSubscriptionServiceTests" name="PopulateAccountProperties_Test" />
    </UnitTest>
    <UnitTest name="PopulateAccountProperties_TestMissingRegion" storage="d:\v2.0\a1\_work\dbded102\bin\release.anycpu\sps.service\ms.vs.services.commerce.l0.tests\ms.vs.services.commerce.l0.tests.dll" priority="1" id="e7f61e39-456e-171b-fb90-db2e068d62ba">
      <Owners>
        <Owner name="vsc" />
      </Owners>
      <Execution id="3452aaf2-033a-411b-b34a-62d653eed29a" />
      <TestMethod codeBase="D:\v2.0\A1\_work\dbded102\bin\Release.AnyCPU\Sps.Service\MS.VS.Services.Commerce.L0.Tests\MS.VS.Services.Commerce.L0.Tests.dll" adapterTypeName="Microsoft.VisualStudio.TestTools.TestTypes.Unit.UnitTestAdapter" className="MS.VS.Services.Commerce.L0.Tests.SubscriptionService.PlatformSubscriptionServiceTests" name="PopulateAccountProperties_TestMissingRegion" />
    </UnitTest>
    <UnitTest name="GetPublishAccount_Test" storage="d:\v2.0\a1\_work\dbded102\bin\release.anycpu\sps.service\ms.vs.services.commerce.l0.tests\ms.vs.services.commerce.l0.tests.dll" priority="1" id="b44aad92-2c22-c924-8fdf-c94939197a78">
      <Owners>
        <Owner name="vsc" />
      </Owners>
      <Execution id="5b2d0ca9-79b6-4668-83df-8d24cb6125af" />
      <TestMethod codeBase="D:\v2.0\A1\_work\dbded102\bin\Release.AnyCPU\Sps.Service\MS.VS.Services.Commerce.L0.Tests\MS.VS.Services.Commerce.L0.Tests.dll" adapterTypeName="Microsoft.VisualStudio.TestTools.TestTypes.Unit.UnitTestAdapter" className="MS.VS.Services.Commerce.L0.Tests.SubscriptionService.PlatformSubscriptionServiceTests" name="GetPublishAccount_Test" />
    </UnitTest>
    <UnitTest name="PlatformSubscriptionService_GetSubscriptionAccountTest" storage="d:\v2.0\a1\_work\dbded102\bin\release.anycpu\sps.service\ms.vs.services.commerce.l0.tests\ms.vs.services.commerce.l0.tests.dll" priority="1" id="bbdbcfc9-99cc-ae5b-e63e-96b5a4154680">
      <Owners>
        <Owner name="vsc" />
      </Owners>
      <Execution id="63090920-cc7d-41bc-80aa-e8451140f142" />
      <TestMethod codeBase="D:\v2.0\A1\_work\dbded102\bin\Release.AnyCPU\Sps.Service\MS.VS.Services.Commerce.L0.Tests\MS.VS.Services.Commerce.L0.Tests.dll" adapterTypeName="Microsoft.VisualStudio.TestTools.TestTypes.Unit.UnitTestAdapter" className="MS.VS.Services.Commerce.L0.Tests.SubscriptionService.PlatformSubscriptionServiceTests" name="PlatformSubscriptionService_GetSubscriptionAccountTest" />
    </UnitTest>
    <UnitTest name="PlatformSubscriptionService_AddDeleteCIEventTest" storage="d:\v2.0\a1\_work\dbded102\bin\release.anycpu\sps.service\ms.vs.services.commerce.l0.tests\ms.vs.services.commerce.l0.tests.dll" priority="1" id="04665b29-1fa7-7c49-cb8a-6bb4442f77f5">
      <Owners>
        <Owner name="vsc" />
      </Owners>
      <Execution id="35d1efdb-8a12-4ce2-82ba-409fb4f5af2f" />
      <TestMethod codeBase="D:\v2.0\A1\_work\dbded102\bin\Release.AnyCPU\Sps.Service\MS.VS.Services.Commerce.L0.Tests\MS.VS.Services.Commerce.L0.Tests.dll" adapterTypeName="Microsoft.VisualStudio.TestTools.TestTypes.Unit.UnitTestAdapter" className="MS.VS.Services.Commerce.L0.Tests.SubscriptionService.PlatformSubscriptionServiceTests" name="PlatformSubscriptionService_AddDeleteCIEventTest" />
    </UnitTest>
    <UnitTest name="PlatformSubscriptionGetNotificationPublisher_NonNullTest" storage="d:\v2.0\a1\_work\dbded102\bin\release.anycpu\sps.service\ms.vs.services.commerce.l0.tests\ms.vs.services.commerce.l0.tests.dll" priority="1" id="96ae31c5-4862-8be9-d7f2-56a333abaad2">
      <Owners>
        <Owner name="vsc" />
      </Owners>
      <Execution id="0d949518-b895-44a2-bff1-3ea185d0f332" />
      <TestMethod codeBase="D:\v2.0\A1\_work\dbded102\bin\Release.AnyCPU\Sps.Service\MS.VS.Services.Commerce.L0.Tests\MS.VS.Services.Commerce.L0.Tests.dll" adapterTypeName="Microsoft.VisualStudio.TestTools.TestTypes.Unit.UnitTestAdapter" className="MS.VS.Services.Commerce.L0.Tests.SubscriptionService.PlatformSubscriptionServiceTests" name="PlatformSubscriptionGetNotificationPublisher_NonNullTest" />
    </UnitTest>
    <UnitTest name="PlatformSubscriptionGetNotificationPublisher_ExceptionTest" storage="d:\v2.0\a1\_work\dbded102\bin\release.anycpu\sps.service\ms.vs.services.commerce.l0.tests\ms.vs.services.commerce.l0.tests.dll" priority="1" id="6c1b0a4e-dcf1-b496-07c6-239551a8dbc3">
      <Owners>
        <Owner name="vsc" />
      </Owners>
      <Execution id="a6bd76fb-bed9-4117-a65e-25515249345d" />
      <TestMethod codeBase="D:\v2.0\A1\_work\dbded102\bin\Release.AnyCPU\Sps.Service\MS.VS.Services.Commerce.L0.Tests\MS.VS.Services.Commerce.L0.Tests.dll" adapterTypeName="Microsoft.VisualStudio.TestTools.TestTypes.Unit.UnitTestAdapter" className="MS.VS.Services.Commerce.L0.Tests.SubscriptionService.PlatformSubscriptionServiceTests" name="PlatformSubscriptionGetNotificationPublisher_ExceptionTest" />
    </UnitTest>
    <UnitTest name="ServiceStart_Test" storage="d:\v2.0\a1\_work\dbded102\bin\release.anycpu\sps.service\ms.vs.services.commerce.l0.tests\ms.vs.services.commerce.l0.tests.dll" priority="1" id="b850ed5c-8f4d-f8e1-bada-4253a378788f">
      <Owners>
        <Owner name="vsc" />
      </Owners>
      <Execution id="76c6ae40-c771-4513-8240-f410f613571c" />
      <TestMethod codeBase="D:\v2.0\A1\_work\dbded102\bin\Release.AnyCPU\Sps.Service\MS.VS.Services.Commerce.L0.Tests\MS.VS.Services.Commerce.L0.Tests.dll" adapterTypeName="Microsoft.VisualStudio.TestTools.TestTypes.Unit.UnitTestAdapter" className="MS.VS.Services.Commerce.L0.Tests.SubscriptionService.PlatformSubscriptionServiceTests" name="ServiceStart_Test" />
    </UnitTest>
    <UnitTest name="ServiceStart_NullNotificationProviderTest" storage="d:\v2.0\a1\_work\dbded102\bin\release.anycpu\sps.service\ms.vs.services.commerce.l0.tests\ms.vs.services.commerce.l0.tests.dll" priority="1" id="fa4df64c-0864-cf9f-5a8b-2fc688fcb1ce">
      <Owners>
        <Owner name="vsc" />
      </Owners>
      <Execution id="197f6b78-9566-442d-9fa6-ae89edaf67db" />
      <TestMethod codeBase="D:\v2.0\A1\_work\dbded102\bin\Release.AnyCPU\Sps.Service\MS.VS.Services.Commerce.L0.Tests\MS.VS.Services.Commerce.L0.Tests.dll" adapterTypeName="Microsoft.VisualStudio.TestTools.TestTypes.Unit.UnitTestAdapter" className="MS.VS.Services.Commerce.L0.Tests.SubscriptionService.PlatformSubscriptionServiceTests" name="ServiceStart_NullNotificationProviderTest" />
    </UnitTest>
    <UnitTest name="ServiceStart_NonDeploymentHostTypeTest" storage="d:\v2.0\a1\_work\dbded102\bin\release.anycpu\sps.service\ms.vs.services.commerce.l0.tests\ms.vs.services.commerce.l0.tests.dll" priority="1" id="75d0c8f8-7690-69ff-8153-78029eeb6697">
      <Owners>
        <Owner name="vsc" />
      </Owners>
      <Execution id="80097fc0-b699-43b3-aa6c-5fc6cdf34cb1" />
      <TestMethod codeBase="D:\v2.0\A1\_work\dbded102\bin\Release.AnyCPU\Sps.Service\MS.VS.Services.Commerce.L0.Tests\MS.VS.Services.Commerce.L0.Tests.dll" adapterTypeName="Microsoft.VisualStudio.TestTools.TestTypes.Unit.UnitTestAdapter" className="MS.VS.Services.Commerce.L0.Tests.SubscriptionService.PlatformSubscriptionServiceTests" name="ServiceStart_NonDeploymentHostTypeTest" />
    </UnitTest>
    <UnitTest name="ServiceEnd_Test" storage="d:\v2.0\a1\_work\dbded102\bin\release.anycpu\sps.service\ms.vs.services.commerce.l0.tests\ms.vs.services.commerce.l0.tests.dll" priority="1" id="126ba6fd-4a44-dff6-813c-57da14027b2d">
      <Owners>
        <Owner name="vsc" />
      </Owners>
      <Execution id="da9b8af2-d4b3-4d93-b3fd-9723fea47acf" />
      <TestMethod codeBase="D:\v2.0\A1\_work\dbded102\bin\Release.AnyCPU\Sps.Service\MS.VS.Services.Commerce.L0.Tests\MS.VS.Services.Commerce.L0.Tests.dll" adapterTypeName="Microsoft.VisualStudio.TestTools.TestTypes.Unit.UnitTestAdapter" className="MS.VS.Services.Commerce.L0.Tests.SubscriptionService.PlatformSubscriptionServiceTests" name="ServiceEnd_Test" />
    </UnitTest>
    <UnitTest name="PlatformSubscriptionGetAzureResourceAccount_Test" storage="d:\v2.0\a1\_work\dbded102\bin\release.anycpu\sps.service\ms.vs.services.commerce.l0.tests\ms.vs.services.commerce.l0.tests.dll" priority="1" id="097208be-da37-5a24-8573-a38cadb7e9c3">
      <Owners>
        <Owner name="vsc" />
      </Owners>
      <Execution id="3fb09fea-e071-4edf-ab73-b6bc93edb28e" />
      <TestMethod codeBase="D:\v2.0\A1\_work\dbded102\bin\Release.AnyCPU\Sps.Service\MS.VS.Services.Commerce.L0.Tests\MS.VS.Services.Commerce.L0.Tests.dll" adapterTypeName="Microsoft.VisualStudio.TestTools.TestTypes.Unit.UnitTestAdapter" className="MS.VS.Services.Commerce.L0.Tests.SubscriptionService.PlatformSubscriptionServiceTests" name="PlatformSubscriptionGetAzureResourceAccount_Test" />
    </UnitTest>
    <UnitTest name="PlatformSubscriptionGetAzureResourceAccount_ExceptionTest" storage="d:\v2.0\a1\_work\dbded102\bin\release.anycpu\sps.service\ms.vs.services.commerce.l0.tests\ms.vs.services.commerce.l0.tests.dll" priority="1" id="55a37e48-0e83-0486-661f-11eb093954cf">
      <Owners>
        <Owner name="vsc" />
      </Owners>
      <Execution id="7d72bd4e-5d17-4ea5-a624-6eba4baba7af" />
      <TestMethod codeBase="D:\v2.0\A1\_work\dbded102\bin\Release.AnyCPU\Sps.Service\MS.VS.Services.Commerce.L0.Tests\MS.VS.Services.Commerce.L0.Tests.dll" adapterTypeName="Microsoft.VisualStudio.TestTools.TestTypes.Unit.UnitTestAdapter" className="MS.VS.Services.Commerce.L0.Tests.SubscriptionService.PlatformSubscriptionServiceTests" name="PlatformSubscriptionGetAzureResourceAccount_ExceptionTest" />
    </UnitTest>
    <UnitTest name="PlatformSubscriptionGetAzureResourceAccountByAccountId_Test" storage="d:\v2.0\a1\_work\dbded102\bin\release.anycpu\sps.service\ms.vs.services.commerce.l0.tests\ms.vs.services.commerce.l0.tests.dll" priority="1" id="6e26902d-23ec-38a7-7d58-2958bc17f6d4">
      <Owners>
        <Owner name="vsc" />
      </Owners>
      <Execution id="38a2b8ca-cc92-47aa-b376-20d351107a24" />
      <TestMethod codeBase="D:\v2.0\A1\_work\dbded102\bin\Release.AnyCPU\Sps.Service\MS.VS.Services.Commerce.L0.Tests\MS.VS.Services.Commerce.L0.Tests.dll" adapterTypeName="Microsoft.VisualStudio.TestTools.TestTypes.Unit.UnitTestAdapter" className="MS.VS.Services.Commerce.L0.Tests.SubscriptionService.PlatformSubscriptionServiceTests" name="PlatformSubscriptionGetAzureResourceAccountByAccountId_Test" />
    </UnitTest>
    <UnitTest name="PlatformSubscriptionGetAzureResourceAccountByAccountId_ExceptionTest" storage="d:\v2.0\a1\_work\dbded102\bin\release.anycpu\sps.service\ms.vs.services.commerce.l0.tests\ms.vs.services.commerce.l0.tests.dll" priority="1" id="e4042a7e-ade4-1cdf-76b9-0a5d788d8892">
      <Owners>
        <Owner name="vsc" />
      </Owners>
      <Execution id="c81da068-f1ea-4575-af7d-1eefd4f4e6f0" />
      <TestMethod codeBase="D:\v2.0\A1\_work\dbded102\bin\Release.AnyCPU\Sps.Service\MS.VS.Services.Commerce.L0.Tests\MS.VS.Services.Commerce.L0.Tests.dll" adapterTypeName="Microsoft.VisualStudio.TestTools.TestTypes.Unit.UnitTestAdapter" className="MS.VS.Services.Commerce.L0.Tests.SubscriptionService.PlatformSubscriptionServiceTests" name="PlatformSubscriptionGetAzureResourceAccountByAccountId_ExceptionTest" />
    </UnitTest>
    <UnitTest name="PlatformSubscriptionQueryForAzureResourceAccountsBySubscriptionId_Test" storage="d:\v2.0\a1\_work\dbded102\bin\release.anycpu\sps.service\ms.vs.services.commerce.l0.tests\ms.vs.services.commerce.l0.tests.dll" priority="1" id="5806ea5a-9557-109f-a502-0323bac29df4">
      <Owners>
        <Owner name="vsc" />
      </Owners>
      <Execution id="e1c18bba-75e2-42b3-a237-cd1ff2f305ee" />
      <TestMethod codeBase="D:\v2.0\A1\_work\dbded102\bin\Release.AnyCPU\Sps.Service\MS.VS.Services.Commerce.L0.Tests\MS.VS.Services.Commerce.L0.Tests.dll" adapterTypeName="Microsoft.VisualStudio.TestTools.TestTypes.Unit.UnitTestAdapter" className="MS.VS.Services.Commerce.L0.Tests.SubscriptionService.PlatformSubscriptionServiceTests" name="PlatformSubscriptionQueryForAzureResourceAccountsBySubscriptionId_Test" />
    </UnitTest>
    <UnitTest name="PlatformSubscriptionQueryForAzureResourceAccountsBySubscriptionId_ExceptionTest" storage="d:\v2.0\a1\_work\dbded102\bin\release.anycpu\sps.service\ms.vs.services.commerce.l0.tests\ms.vs.services.commerce.l0.tests.dll" priority="1" id="a30ded10-c14b-4c00-17b7-bf3881aca5dd">
      <Owners>
        <Owner name="vsc" />
      </Owners>
      <Execution id="3e632d38-6d9a-4bc2-b65e-cda3fbf7908b" />
      <TestMethod codeBase="D:\v2.0\A1\_work\dbded102\bin\Release.AnyCPU\Sps.Service\MS.VS.Services.Commerce.L0.Tests\MS.VS.Services.Commerce.L0.Tests.dll" adapterTypeName="Microsoft.VisualStudio.TestTools.TestTypes.Unit.UnitTestAdapter" className="MS.VS.Services.Commerce.L0.Tests.SubscriptionService.PlatformSubscriptionServiceTests" name="PlatformSubscriptionQueryForAzureResourceAccountsBySubscriptionId_ExceptionTest" />
    </UnitTest>
    <UnitTest name="GetAzureResourceAccountsCountBySubscriptionId_Test" storage="d:\v2.0\a1\_work\dbded102\bin\release.anycpu\sps.service\ms.vs.services.commerce.l0.tests\ms.vs.services.commerce.l0.tests.dll" priority="1" id="ed924527-4e30-1585-e1ea-ba14c1ba2305">
      <Owners>
        <Owner name="vsc" />
      </Owners>
      <Execution id="2f944270-3d89-4fdf-b2ef-184a2b0f169e" />
      <TestMethod codeBase="D:\v2.0\A1\_work\dbded102\bin\Release.AnyCPU\Sps.Service\MS.VS.Services.Commerce.L0.Tests\MS.VS.Services.Commerce.L0.Tests.dll" adapterTypeName="Microsoft.VisualStudio.TestTools.TestTypes.Unit.UnitTestAdapter" className="MS.VS.Services.Commerce.L0.Tests.SubscriptionService.PlatformSubscriptionServiceTests" name="GetAzureResourceAccountsCountBySubscriptionId_Test" />
    </UnitTest>
    <UnitTest name="GetAzureResourceAccountsCountBySubscriptionId_ExceptionTest" storage="d:\v2.0\a1\_work\dbded102\bin\release.anycpu\sps.service\ms.vs.services.commerce.l0.tests\ms.vs.services.commerce.l0.tests.dll" priority="1" id="54e65164-e0bb-e100-ba21-41a2cfab0cf5">
      <Owners>
        <Owner name="vsc" />
      </Owners>
      <Execution id="e4313578-920a-453e-bfa4-d64fcf210814" />
      <TestMethod codeBase="D:\v2.0\A1\_work\dbded102\bin\Release.AnyCPU\Sps.Service\MS.VS.Services.Commerce.L0.Tests\MS.VS.Services.Commerce.L0.Tests.dll" adapterTypeName="Microsoft.VisualStudio.TestTools.TestTypes.Unit.UnitTestAdapter" className="MS.VS.Services.Commerce.L0.Tests.SubscriptionService.PlatformSubscriptionServiceTests" name="GetAzureResourceAccountsCountBySubscriptionId_ExceptionTest" />
    </UnitTest>
    <UnitTest name="PlatformSubscriptionCreateAzureResourceAccount_Test" storage="d:\v2.0\a1\_work\dbded102\bin\release.anycpu\sps.service\ms.vs.services.commerce.l0.tests\ms.vs.services.commerce.l0.tests.dll" priority="1" id="e790de26-26a2-6498-ebe1-acb363e8bd96">
      <Owners>
        <Owner name="vsc" />
      </Owners>
      <Execution id="8e1bdeae-9af3-4b57-8dc2-a3055e4c8016" />
      <TestMethod codeBase="D:\v2.0\A1\_work\dbded102\bin\Release.AnyCPU\Sps.Service\MS.VS.Services.Commerce.L0.Tests\MS.VS.Services.Commerce.L0.Tests.dll" adapterTypeName="Microsoft.VisualStudio.TestTools.TestTypes.Unit.UnitTestAdapter" className="MS.VS.Services.Commerce.L0.Tests.SubscriptionService.PlatformSubscriptionServiceTests" name="PlatformSubscriptionCreateAzureResourceAccount_Test" />
    </UnitTest>
    <UnitTest name="PlatformSubscriptionCreateAzureResourceAccount_SubscriptionDisabledTest" storage="d:\v2.0\a1\_work\dbded102\bin\release.anycpu\sps.service\ms.vs.services.commerce.l0.tests\ms.vs.services.commerce.l0.tests.dll" priority="1" id="ecf7bbe6-753b-49ca-b929-cd38a59850be">
      <Owners>
        <Owner name="vsc" />
      </Owners>
      <Execution id="5637cc50-ef44-40b2-ada8-524b59130175" />
      <TestMethod codeBase="D:\v2.0\A1\_work\dbded102\bin\Release.AnyCPU\Sps.Service\MS.VS.Services.Commerce.L0.Tests\MS.VS.Services.Commerce.L0.Tests.dll" adapterTypeName="Microsoft.VisualStudio.TestTools.TestTypes.Unit.UnitTestAdapter" className="MS.VS.Services.Commerce.L0.Tests.SubscriptionService.PlatformSubscriptionServiceTests" name="PlatformSubscriptionCreateAzureResourceAccount_SubscriptionDisabledTest" />
    </UnitTest>
    <UnitTest name="PlatformSubscriptionCreateAzureResourceAccount_ExceptionTest" storage="d:\v2.0\a1\_work\dbded102\bin\release.anycpu\sps.service\ms.vs.services.commerce.l0.tests\ms.vs.services.commerce.l0.tests.dll" priority="1" id="91cab532-bbcc-cd93-8e28-5f97b25519bd">
      <Owners>
        <Owner name="vsc" />
      </Owners>
      <Execution id="96368e69-dcda-44f0-b36a-ce95c0df7600" />
      <TestMethod codeBase="D:\v2.0\A1\_work\dbded102\bin\Release.AnyCPU\Sps.Service\MS.VS.Services.Commerce.L0.Tests\MS.VS.Services.Commerce.L0.Tests.dll" adapterTypeName="Microsoft.VisualStudio.TestTools.TestTypes.Unit.UnitTestAdapter" className="MS.VS.Services.Commerce.L0.Tests.SubscriptionService.PlatformSubscriptionServiceTests" name="PlatformSubscriptionCreateAzureResourceAccount_ExceptionTest" />
    </UnitTest>
    <UnitTest name="PlatformSubscriptionUpdateAzureResourceAccount_Test" storage="d:\v2.0\a1\_work\dbded102\bin\release.anycpu\sps.service\ms.vs.services.commerce.l0.tests\ms.vs.services.commerce.l0.tests.dll" priority="1" id="ac37f72e-1284-87fd-82df-19e92e68ccd9">
      <Owners>
        <Owner name="vsc" />
      </Owners>
      <Execution id="608072b4-1c02-46c7-a0c5-95b1d179e3b4" />
      <TestMethod codeBase="D:\v2.0\A1\_work\dbded102\bin\Release.AnyCPU\Sps.Service\MS.VS.Services.Commerce.L0.Tests\MS.VS.Services.Commerce.L0.Tests.dll" adapterTypeName="Microsoft.VisualStudio.TestTools.TestTypes.Unit.UnitTestAdapter" className="MS.VS.Services.Commerce.L0.Tests.SubscriptionService.PlatformSubscriptionServiceTests" name="PlatformSubscriptionUpdateAzureResourceAccount_Test" />
    </UnitTest>
    <UnitTest name="PlatformSubscriptionDeleteAzureResourceAccount_Test" storage="d:\v2.0\a1\_work\dbded102\bin\release.anycpu\sps.service\ms.vs.services.commerce.l0.tests\ms.vs.services.commerce.l0.tests.dll" priority="1" id="e7aa133e-476d-e545-6827-5b17c8c37bda">
      <Owners>
        <Owner name="vsc" />
      </Owners>
      <Execution id="7a08e82e-fc20-4bff-abbe-818c0ae9c09b" />
      <TestMethod codeBase="D:\v2.0\A1\_work\dbded102\bin\Release.AnyCPU\Sps.Service\MS.VS.Services.Commerce.L0.Tests\MS.VS.Services.Commerce.L0.Tests.dll" adapterTypeName="Microsoft.VisualStudio.TestTools.TestTypes.Unit.UnitTestAdapter" className="MS.VS.Services.Commerce.L0.Tests.SubscriptionService.PlatformSubscriptionServiceTests" name="PlatformSubscriptionDeleteAzureResourceAccount_Test" />
    </UnitTest>
    <UnitTest name="PlatformSubscriptionDeleteAzureResourceAccount_NoReset" storage="d:\v2.0\a1\_work\dbded102\bin\release.anycpu\sps.service\ms.vs.services.commerce.l0.tests\ms.vs.services.commerce.l0.tests.dll" priority="1" id="eea7b530-87a4-62e4-8951-f5732384faf8">
      <Owners>
        <Owner name="vsc" />
      </Owners>
      <Execution id="5e14552e-649e-4ce9-a37f-445a0ae96d00" />
      <TestMethod codeBase="D:\v2.0\A1\_work\dbded102\bin\Release.AnyCPU\Sps.Service\MS.VS.Services.Commerce.L0.Tests\MS.VS.Services.Commerce.L0.Tests.dll" adapterTypeName="Microsoft.VisualStudio.TestTools.TestTypes.Unit.UnitTestAdapter" className="MS.VS.Services.Commerce.L0.Tests.SubscriptionService.PlatformSubscriptionServiceTests" name="PlatformSubscriptionDeleteAzureResourceAccount_NoReset" />
    </UnitTest>
    <UnitTest name="PlatformSubscriptionDeleteAzureResourceAccount_AccountGuidEmpty" storage="d:\v2.0\a1\_work\dbded102\bin\release.anycpu\sps.service\ms.vs.services.commerce.l0.tests\ms.vs.services.commerce.l0.tests.dll" priority="1" id="c95222c3-63ab-5f05-ea84-c65d2e1edeea">
      <Owners>
        <Owner name="vsc" />
      </Owners>
      <Execution id="b0908ef4-d6e2-4309-8e70-810f110d9b22" />
      <TestMethod codeBase="D:\v2.0\A1\_work\dbded102\bin\Release.AnyCPU\Sps.Service\MS.VS.Services.Commerce.L0.Tests\MS.VS.Services.Commerce.L0.Tests.dll" adapterTypeName="Microsoft.VisualStudio.TestTools.TestTypes.Unit.UnitTestAdapter" className="MS.VS.Services.Commerce.L0.Tests.SubscriptionService.PlatformSubscriptionServiceTests" name="PlatformSubscriptionDeleteAzureResourceAccount_AccountGuidEmpty" />
    </UnitTest>
    <UnitTest name="PlatformSubscriptionDeleteAzureResourceAccount_ExceptionTest" storage="d:\v2.0\a1\_work\dbded102\bin\release.anycpu\sps.service\ms.vs.services.commerce.l0.tests\ms.vs.services.commerce.l0.tests.dll" priority="1" id="ba81035a-81b6-a186-c002-c0d73895dfab">
      <Owners>
        <Owner name="vsc" />
      </Owners>
      <Execution id="a331cb2d-c748-4a44-beef-655dd6ef1518" />
      <TestMethod codeBase="D:\v2.0\A1\_work\dbded102\bin\Release.AnyCPU\Sps.Service\MS.VS.Services.Commerce.L0.Tests\MS.VS.Services.Commerce.L0.Tests.dll" adapterTypeName="Microsoft.VisualStudio.TestTools.TestTypes.Unit.UnitTestAdapter" className="MS.VS.Services.Commerce.L0.Tests.SubscriptionService.PlatformSubscriptionServiceTests" name="PlatformSubscriptionDeleteAzureResourceAccount_ExceptionTest" />
    </UnitTest>
    <UnitTest name="PlatformSubscriptionDeleteAzureCloudService_Test" storage="d:\v2.0\a1\_work\dbded102\bin\release.anycpu\sps.service\ms.vs.services.commerce.l0.tests\ms.vs.services.commerce.l0.tests.dll" priority="1" id="67b8a0c8-0f74-7355-9016-f271d4290eb1">
      <Owners>
        <Owner name="vsc" />
      </Owners>
      <Execution id="9202187d-2275-4d3b-8db0-9aba5216444b" />
      <TestMethod codeBase="D:\v2.0\A1\_work\dbded102\bin\Release.AnyCPU\Sps.Service\MS.VS.Services.Commerce.L0.Tests\MS.VS.Services.Commerce.L0.Tests.dll" adapterTypeName="Microsoft.VisualStudio.TestTools.TestTypes.Unit.UnitTestAdapter" className="MS.VS.Services.Commerce.L0.Tests.SubscriptionService.PlatformSubscriptionServiceTests" name="PlatformSubscriptionDeleteAzureCloudService_Test" />
    </UnitTest>
    <UnitTest name="PlatformSubscriptionDeleteAzureCloudService_ExceptionTest" storage="d:\v2.0\a1\_work\dbded102\bin\release.anycpu\sps.service\ms.vs.services.commerce.l0.tests\ms.vs.services.commerce.l0.tests.dll" priority="1" id="fbda5ca2-246f-7a33-db68-863e08c3b367">
      <Owners>
        <Owner name="vsc" />
      </Owners>
      <Execution id="7356c9f0-ab62-4f45-94cf-b754a39828e8" />
      <TestMethod codeBase="D:\v2.0\A1\_work\dbded102\bin\Release.AnyCPU\Sps.Service\MS.VS.Services.Commerce.L0.Tests\MS.VS.Services.Commerce.L0.Tests.dll" adapterTypeName="Microsoft.VisualStudio.TestTools.TestTypes.Unit.UnitTestAdapter" className="MS.VS.Services.Commerce.L0.Tests.SubscriptionService.PlatformSubscriptionServiceTests" name="PlatformSubscriptionDeleteAzureCloudService_ExceptionTest" />
    </UnitTest>
    <UnitTest name="PlatformSubscriptionGetAzureSubscription_Test" storage="d:\v2.0\a1\_work\dbded102\bin\release.anycpu\sps.service\ms.vs.services.commerce.l0.tests\ms.vs.services.commerce.l0.tests.dll" priority="1" id="853dbd76-a60b-1005-3361-3038a71cbe96">
      <Owners>
        <Owner name="vsc" />
      </Owners>
      <Execution id="52a8e8f6-7677-4e53-bc56-1740711f6173" />
      <TestMethod codeBase="D:\v2.0\A1\_work\dbded102\bin\Release.AnyCPU\Sps.Service\MS.VS.Services.Commerce.L0.Tests\MS.VS.Services.Commerce.L0.Tests.dll" adapterTypeName="Microsoft.VisualStudio.TestTools.TestTypes.Unit.UnitTestAdapter" className="MS.VS.Services.Commerce.L0.Tests.SubscriptionService.PlatformSubscriptionServiceTests" name="PlatformSubscriptionGetAzureSubscription_Test" />
    </UnitTest>
    <UnitTest name="PlatformSubscriptionGetAzureSubscription_ExceptionTest" storage="d:\v2.0\a1\_work\dbded102\bin\release.anycpu\sps.service\ms.vs.services.commerce.l0.tests\ms.vs.services.commerce.l0.tests.dll" priority="1" id="1478882a-246b-95c8-ffd0-1eadd7a34465">
      <Owners>
        <Owner name="vsc" />
      </Owners>
      <Execution id="e3c5f20c-1d6e-4363-afc1-eb02aade4c39" />
      <TestMethod codeBase="D:\v2.0\A1\_work\dbded102\bin\Release.AnyCPU\Sps.Service\MS.VS.Services.Commerce.L0.Tests\MS.VS.Services.Commerce.L0.Tests.dll" adapterTypeName="Microsoft.VisualStudio.TestTools.TestTypes.Unit.UnitTestAdapter" className="MS.VS.Services.Commerce.L0.Tests.SubscriptionService.PlatformSubscriptionServiceTests" name="PlatformSubscriptionGetAzureSubscription_ExceptionTest" />
    </UnitTest>
    <UnitTest name="PlatformSubscriptionCreateAzureSubscription_Test" storage="d:\v2.0\a1\_work\dbded102\bin\release.anycpu\sps.service\ms.vs.services.commerce.l0.tests\ms.vs.services.commerce.l0.tests.dll" priority="1" id="1a0c75ba-df6b-30d9-587b-2deb0e5eeafa">
      <Owners>
        <Owner name="vsc" />
      </Owners>
      <Execution id="e3844e0d-51a7-4ca1-91d9-cb1478bd886d" />
      <TestMethod codeBase="D:\v2.0\A1\_work\dbded102\bin\Release.AnyCPU\Sps.Service\MS.VS.Services.Commerce.L0.Tests\MS.VS.Services.Commerce.L0.Tests.dll" adapterTypeName="Microsoft.VisualStudio.TestTools.TestTypes.Unit.UnitTestAdapter" className="MS.VS.Services.Commerce.L0.Tests.SubscriptionService.PlatformSubscriptionServiceTests" name="PlatformSubscriptionCreateAzureSubscription_Test" />
    </UnitTest>
    <UnitTest name="PlatformSubscriptionCreateAzureSubscription_ExceptionTest" storage="d:\v2.0\a1\_work\dbded102\bin\release.anycpu\sps.service\ms.vs.services.commerce.l0.tests\ms.vs.services.commerce.l0.tests.dll" priority="1" id="7dee31ee-3fa6-7f03-3d98-571751569b35">
      <Owners>
        <Owner name="vsc" />
      </Owners>
      <Execution id="3645bbec-05c2-4a12-adcf-e3204de86983" />
      <TestMethod codeBase="D:\v2.0\A1\_work\dbded102\bin\Release.AnyCPU\Sps.Service\MS.VS.Services.Commerce.L0.Tests\MS.VS.Services.Commerce.L0.Tests.dll" adapterTypeName="Microsoft.VisualStudio.TestTools.TestTypes.Unit.UnitTestAdapter" className="MS.VS.Services.Commerce.L0.Tests.SubscriptionService.PlatformSubscriptionServiceTests" name="PlatformSubscriptionCreateAzureSubscription_ExceptionTest" />
    </UnitTest>
    <UnitTest name="PlatformSubscriptionUpdateAzureSubscription_Test" storage="d:\v2.0\a1\_work\dbded102\bin\release.anycpu\sps.service\ms.vs.services.commerce.l0.tests\ms.vs.services.commerce.l0.tests.dll" priority="1" id="e3be60d7-17c0-8e3e-4a81-a6f2626402c9">
      <Owners>
        <Owner name="vsc" />
      </Owners>
      <Execution id="07a9bf85-7897-4602-bc21-c4b3c2e0c20f" />
      <TestMethod codeBase="D:\v2.0\A1\_work\dbded102\bin\Release.AnyCPU\Sps.Service\MS.VS.Services.Commerce.L0.Tests\MS.VS.Services.Commerce.L0.Tests.dll" adapterTypeName="Microsoft.VisualStudio.TestTools.TestTypes.Unit.UnitTestAdapter" className="MS.VS.Services.Commerce.L0.Tests.SubscriptionService.PlatformSubscriptionServiceTests" name="PlatformSubscriptionUpdateAzureSubscription_Test" />
    </UnitTest>
    <UnitTest name="PlatformSubscriptionUpdateAzureSubscription_NoReset" storage="d:\v2.0\a1\_work\dbded102\bin\release.anycpu\sps.service\ms.vs.services.commerce.l0.tests\ms.vs.services.commerce.l0.tests.dll" priority="1" id="f1c0e423-b0d0-cf74-13c7-58575ab6e97a">
      <Owners>
        <Owner name="vsc" />
      </Owners>
      <Execution id="f8b6bf1c-48fd-456d-a1b9-1125739d881b" />
      <TestMethod codeBase="D:\v2.0\A1\_work\dbded102\bin\Release.AnyCPU\Sps.Service\MS.VS.Services.Commerce.L0.Tests\MS.VS.Services.Commerce.L0.Tests.dll" adapterTypeName="Microsoft.VisualStudio.TestTools.TestTypes.Unit.UnitTestAdapter" className="MS.VS.Services.Commerce.L0.Tests.SubscriptionService.PlatformSubscriptionServiceTests" name="PlatformSubscriptionUpdateAzureSubscription_NoReset" />
    </UnitTest>
    <UnitTest name="PlatformSubscriptionUpdateAzureSubscription_HasDefaultTest" storage="d:\v2.0\a1\_work\dbded102\bin\release.anycpu\sps.service\ms.vs.services.commerce.l0.tests\ms.vs.services.commerce.l0.tests.dll" priority="1" id="098d548f-8dd3-edd4-f86e-13a27b74d3fa">
      <Owners>
        <Owner name="vsc" />
      </Owners>
      <Execution id="25491a9b-2f7a-4bd7-b5b0-96a04d69af75" />
      <TestMethod codeBase="D:\v2.0\A1\_work\dbded102\bin\Release.AnyCPU\Sps.Service\MS.VS.Services.Commerce.L0.Tests\MS.VS.Services.Commerce.L0.Tests.dll" adapterTypeName="Microsoft.VisualStudio.TestTools.TestTypes.Unit.UnitTestAdapter" className="MS.VS.Services.Commerce.L0.Tests.SubscriptionService.PlatformSubscriptionServiceTests" name="PlatformSubscriptionUpdateAzureSubscription_HasDefaultTest" />
    </UnitTest>
    <UnitTest name="PlatformSubscriptionUpdateAzureSubscription_HasDefaultDifferentSubscriptionStatusTest" storage="d:\v2.0\a1\_work\dbded102\bin\release.anycpu\sps.service\ms.vs.services.commerce.l0.tests\ms.vs.services.commerce.l0.tests.dll" priority="1" id="b1573eaa-3e23-1901-d19a-f15c05a9ea1a">
      <Owners>
        <Owner name="vsc" />
      </Owners>
      <Execution id="b2d67133-4f17-4abd-8331-36f48d777e16" />
      <TestMethod codeBase="D:\v2.0\A1\_work\dbded102\bin\Release.AnyCPU\Sps.Service\MS.VS.Services.Commerce.L0.Tests\MS.VS.Services.Commerce.L0.Tests.dll" adapterTypeName="Microsoft.VisualStudio.TestTools.TestTypes.Unit.UnitTestAdapter" className="MS.VS.Services.Commerce.L0.Tests.SubscriptionService.PlatformSubscriptionServiceTests" name="PlatformSubscriptionUpdateAzureSubscription_HasDefaultDifferentSubscriptionStatusTest" />
    </UnitTest>
    <UnitTest name="PlatformSubscriptionUpdateAzureSubscription_ExceptionTest" storage="d:\v2.0\a1\_work\dbded102\bin\release.anycpu\sps.service\ms.vs.services.commerce.l0.tests\ms.vs.services.commerce.l0.tests.dll" priority="1" id="50c347ee-78f8-7368-0489-c1955135917d">
      <Owners>
        <Owner name="vsc" />
      </Owners>
      <Execution id="d056c74e-d4df-4dea-8643-ca4996e989b4" />
      <TestMethod codeBase="D:\v2.0\A1\_work\dbded102\bin\Release.AnyCPU\Sps.Service\MS.VS.Services.Commerce.L0.Tests\MS.VS.Services.Commerce.L0.Tests.dll" adapterTypeName="Microsoft.VisualStudio.TestTools.TestTypes.Unit.UnitTestAdapter" className="MS.VS.Services.Commerce.L0.Tests.SubscriptionService.PlatformSubscriptionServiceTests" name="PlatformSubscriptionUpdateAzureSubscription_ExceptionTest" />
    </UnitTest>
    <UnitTest name="PlatformSubscriptionIsAccountLinked_TrueTest" storage="d:\v2.0\a1\_work\dbded102\bin\release.anycpu\sps.service\ms.vs.services.commerce.l0.tests\ms.vs.services.commerce.l0.tests.dll" priority="1" id="c383c7d3-e502-ef44-2441-c98841b637be">
      <Owners>
        <Owner name="vsc" />
      </Owners>
      <Execution id="7e8c85a0-7323-4fa1-b9ed-3a5837a4a171" />
      <TestMethod codeBase="D:\v2.0\A1\_work\dbded102\bin\Release.AnyCPU\Sps.Service\MS.VS.Services.Commerce.L0.Tests\MS.VS.Services.Commerce.L0.Tests.dll" adapterTypeName="Microsoft.VisualStudio.TestTools.TestTypes.Unit.UnitTestAdapter" className="MS.VS.Services.Commerce.L0.Tests.SubscriptionService.PlatformSubscriptionServiceTests" name="PlatformSubscriptionIsAccountLinked_TrueTest" />
    </UnitTest>
    <UnitTest name="PlatformSubscriptionIsAccountLinked_FalseNotLinkedTest" storage="d:\v2.0\a1\_work\dbded102\bin\release.anycpu\sps.service\ms.vs.services.commerce.l0.tests\ms.vs.services.commerce.l0.tests.dll" priority="1" id="b02801e2-95c9-374f-c781-85c597bf998a">
      <Owners>
        <Owner name="vsc" />
      </Owners>
      <Execution id="f75d7ec9-7b29-4903-abb9-03d38d36383d" />
      <TestMethod codeBase="D:\v2.0\A1\_work\dbded102\bin\Release.AnyCPU\Sps.Service\MS.VS.Services.Commerce.L0.Tests\MS.VS.Services.Commerce.L0.Tests.dll" adapterTypeName="Microsoft.VisualStudio.TestTools.TestTypes.Unit.UnitTestAdapter" className="MS.VS.Services.Commerce.L0.Tests.SubscriptionService.PlatformSubscriptionServiceTests" name="PlatformSubscriptionIsAccountLinked_FalseNotLinkedTest" />
    </UnitTest>
    <UnitTest name="PlatformSubscriptionIsAccountLinked_FalseAccountNullTest" storage="d:\v2.0\a1\_work\dbded102\bin\release.anycpu\sps.service\ms.vs.services.commerce.l0.tests\ms.vs.services.commerce.l0.tests.dll" priority="1" id="b8c24804-ef07-7ace-7832-39df1d689ead">
      <Owners>
        <Owner name="vsc" />
      </Owners>
      <Execution id="716c2707-a3ff-425a-878d-97dae343258d" />
      <TestMethod codeBase="D:\v2.0\A1\_work\dbded102\bin\Release.AnyCPU\Sps.Service\MS.VS.Services.Commerce.L0.Tests\MS.VS.Services.Commerce.L0.Tests.dll" adapterTypeName="Microsoft.VisualStudio.TestTools.TestTypes.Unit.UnitTestAdapter" className="MS.VS.Services.Commerce.L0.Tests.SubscriptionService.PlatformSubscriptionServiceTests" name="PlatformSubscriptionIsAccountLinked_FalseAccountNullTest" />
    </UnitTest>
    <UnitTest name="PlatformSubscriptionLinkAccount_ValidateCheckForNullRequestContext" storage="d:\v2.0\a1\_work\dbded102\bin\release.anycpu\sps.service\ms.vs.services.commerce.l0.tests\ms.vs.services.commerce.l0.tests.dll" priority="1" id="cf028cd8-916f-ad5d-567f-fa3a55988d30">
      <Owners>
        <Owner name="vsc" />
      </Owners>
      <Execution id="2331a559-5f6c-4d0c-a67b-a1dca66b4fd1" />
      <TestMethod codeBase="D:\v2.0\A1\_work\dbded102\bin\Release.AnyCPU\Sps.Service\MS.VS.Services.Commerce.L0.Tests\MS.VS.Services.Commerce.L0.Tests.dll" adapterTypeName="Microsoft.VisualStudio.TestTools.TestTypes.Unit.UnitTestAdapter" className="MS.VS.Services.Commerce.L0.Tests.SubscriptionService.PlatformSubscriptionServiceTests" name="PlatformSubscriptionLinkAccount_ValidateCheckForNullRequestContext" />
    </UnitTest>
    <UnitTest name="PlatformSubscriptionLinkAccount_ValidateCheckForNullAzureResourceAccount" storage="d:\v2.0\a1\_work\dbded102\bin\release.anycpu\sps.service\ms.vs.services.commerce.l0.tests\ms.vs.services.commerce.l0.tests.dll" priority="1" id="1ed9eb85-6ab3-e1bd-500f-de9df09f9daa">
      <Owners>
        <Owner name="vsc" />
      </Owners>
      <Execution id="464cb51b-cf9f-4da8-8463-10b37803130e" />
      <TestMethod codeBase="D:\v2.0\A1\_work\dbded102\bin\Release.AnyCPU\Sps.Service\MS.VS.Services.Commerce.L0.Tests\MS.VS.Services.Commerce.L0.Tests.dll" adapterTypeName="Microsoft.VisualStudio.TestTools.TestTypes.Unit.UnitTestAdapter" className="MS.VS.Services.Commerce.L0.Tests.SubscriptionService.PlatformSubscriptionServiceTests" name="PlatformSubscriptionLinkAccount_ValidateCheckForNullAzureResourceAccount" />
    </UnitTest>
    <UnitTest name="PlatformSubscriptionLinkAccount_ValidateCheckForNullAccount" storage="d:\v2.0\a1\_work\dbded102\bin\release.anycpu\sps.service\ms.vs.services.commerce.l0.tests\ms.vs.services.commerce.l0.tests.dll" priority="1" id="b2d6b1bc-70b7-50e6-d451-fab1d07412a4">
      <Owners>
        <Owner name="vsc" />
      </Owners>
      <Execution id="308882c3-6f54-4fb6-b1d6-729852567bf0" />
      <TestMethod codeBase="D:\v2.0\A1\_work\dbded102\bin\Release.AnyCPU\Sps.Service\MS.VS.Services.Commerce.L0.Tests\MS.VS.Services.Commerce.L0.Tests.dll" adapterTypeName="Microsoft.VisualStudio.TestTools.TestTypes.Unit.UnitTestAdapter" className="MS.VS.Services.Commerce.L0.Tests.SubscriptionService.PlatformSubscriptionServiceTests" name="PlatformSubscriptionLinkAccount_ValidateCheckForNullAccount" />
    </UnitTest>
    <UnitTest name="PlatformSubscriptionLinkAccount_ValidateCheckForNullIdentity" storage="d:\v2.0\a1\_work\dbded102\bin\release.anycpu\sps.service\ms.vs.services.commerce.l0.tests\ms.vs.services.commerce.l0.tests.dll" priority="1" id="c27c1c9c-6470-14c8-2f4c-d813d74a68eb">
      <Owners>
        <Owner name="vsc" />
      </Owners>
      <Execution id="a419c761-0efd-4f8f-b7b7-465d44b107a7" />
      <TestMethod codeBase="D:\v2.0\A1\_work\dbded102\bin\Release.AnyCPU\Sps.Service\MS.VS.Services.Commerce.L0.Tests\MS.VS.Services.Commerce.L0.Tests.dll" adapterTypeName="Microsoft.VisualStudio.TestTools.TestTypes.Unit.UnitTestAdapter" className="MS.VS.Services.Commerce.L0.Tests.SubscriptionService.PlatformSubscriptionServiceTests" name="PlatformSubscriptionLinkAccount_ValidateCheckForNullIdentity" />
    </UnitTest>
    <UnitTest name="PlatformSubscriptionLinkAccount_ValidateCheckForEmptyGuidSubscriptionId" storage="d:\v2.0\a1\_work\dbded102\bin\release.anycpu\sps.service\ms.vs.services.commerce.l0.tests\ms.vs.services.commerce.l0.tests.dll" priority="1" id="12299a96-a2e4-030f-7888-96efa50626db">
      <Owners>
        <Owner name="vsc" />
      </Owners>
      <Execution id="e7e8cca9-2aa5-4fb5-8ea8-f079d4851300" />
      <TestMethod codeBase="D:\v2.0\A1\_work\dbded102\bin\Release.AnyCPU\Sps.Service\MS.VS.Services.Commerce.L0.Tests\MS.VS.Services.Commerce.L0.Tests.dll" adapterTypeName="Microsoft.VisualStudio.TestTools.TestTypes.Unit.UnitTestAdapter" className="MS.VS.Services.Commerce.L0.Tests.SubscriptionService.PlatformSubscriptionServiceTests" name="PlatformSubscriptionLinkAccount_ValidateCheckForEmptyGuidSubscriptionId" />
    </UnitTest>
    <UnitTest name="PlatformSubscriptionLinkAccount_ValidateCheckForEmptyGuidAccountId" storage="d:\v2.0\a1\_work\dbded102\bin\release.anycpu\sps.service\ms.vs.services.commerce.l0.tests\ms.vs.services.commerce.l0.tests.dll" priority="1" id="b30d8417-d226-124d-e8fe-6c5364324fa1">
      <Owners>
        <Owner name="vsc" />
      </Owners>
      <Execution id="819aa935-03cc-4ea6-aba6-2033f7aa1cf0" />
      <TestMethod codeBase="D:\v2.0\A1\_work\dbded102\bin\Release.AnyCPU\Sps.Service\MS.VS.Services.Commerce.L0.Tests\MS.VS.Services.Commerce.L0.Tests.dll" adapterTypeName="Microsoft.VisualStudio.TestTools.TestTypes.Unit.UnitTestAdapter" className="MS.VS.Services.Commerce.L0.Tests.SubscriptionService.PlatformSubscriptionServiceTests" name="PlatformSubscriptionLinkAccount_ValidateCheckForEmptyGuidAccountId" />
    </UnitTest>
    <UnitTest name="PlatformSubscriptionLinkAccount_ValidateCheckForEmptyGuidIdentityId" storage="d:\v2.0\a1\_work\dbded102\bin\release.anycpu\sps.service\ms.vs.services.commerce.l0.tests\ms.vs.services.commerce.l0.tests.dll" priority="1" id="7c13e6bc-35ce-33e0-48d0-da1dcce9a8c6">
      <Owners>
        <Owner name="vsc" />
      </Owners>
      <Execution id="b81bcd7d-e21a-4a7e-9f2f-ef1bd79178cb" />
      <TestMethod codeBase="D:\v2.0\A1\_work\dbded102\bin\Release.AnyCPU\Sps.Service\MS.VS.Services.Commerce.L0.Tests\MS.VS.Services.Commerce.L0.Tests.dll" adapterTypeName="Microsoft.VisualStudio.TestTools.TestTypes.Unit.UnitTestAdapter" className="MS.VS.Services.Commerce.L0.Tests.SubscriptionService.PlatformSubscriptionServiceTests" name="PlatformSubscriptionLinkAccount_ValidateCheckForEmptyGuidIdentityId" />
    </UnitTest>
    <UnitTest name="PlatformSubscriptionLinkAccount_Test" storage="d:\v2.0\a1\_work\dbded102\bin\release.anycpu\sps.service\ms.vs.services.commerce.l0.tests\ms.vs.services.commerce.l0.tests.dll" priority="1" id="b0f1379e-d02d-d854-ea24-55ddaf0c491d">
      <Owners>
        <Owner name="vsc" />
      </Owners>
      <Execution id="f04791f8-edac-43c1-b741-49126e122b87" />
      <TestMethod codeBase="D:\v2.0\A1\_work\dbded102\bin\Release.AnyCPU\Sps.Service\MS.VS.Services.Commerce.L0.Tests\MS.VS.Services.Commerce.L0.Tests.dll" adapterTypeName="Microsoft.VisualStudio.TestTools.TestTypes.Unit.UnitTestAdapter" className="MS.VS.Services.Commerce.L0.Tests.SubscriptionService.PlatformSubscriptionServiceTests" name="PlatformSubscriptionLinkAccount_Test" />
    </UnitTest>
    <UnitTest name="PlatformSubscriptionLinkAccount_NoReset" storage="d:\v2.0\a1\_work\dbded102\bin\release.anycpu\sps.service\ms.vs.services.commerce.l0.tests\ms.vs.services.commerce.l0.tests.dll" priority="1" id="4c2f6218-f956-5742-438c-8588a52ff34e">
      <Owners>
        <Owner name="vsc" />
      </Owners>
      <Execution id="0f7cd846-7148-418a-91c0-4ffa217f41b4" />
      <TestMethod codeBase="D:\v2.0\A1\_work\dbded102\bin\Release.AnyCPU\Sps.Service\MS.VS.Services.Commerce.L0.Tests\MS.VS.Services.Commerce.L0.Tests.dll" adapterTypeName="Microsoft.VisualStudio.TestTools.TestTypes.Unit.UnitTestAdapter" className="MS.VS.Services.Commerce.L0.Tests.SubscriptionService.PlatformSubscriptionServiceTests" name="PlatformSubscriptionLinkAccount_NoReset" />
    </UnitTest>
    <UnitTest name="PlatformSubscriptionLinkAccount_NullTest" storage="d:\v2.0\a1\_work\dbded102\bin\release.anycpu\sps.service\ms.vs.services.commerce.l0.tests\ms.vs.services.commerce.l0.tests.dll" priority="1" id="4914ce74-2b86-1c63-aed6-b72ca651b118">
      <Owners>
        <Owner name="vsc" />
      </Owners>
      <Execution id="d5d787c7-1cb9-4ff4-87bc-a6a433f2728a" />
      <TestMethod codeBase="D:\v2.0\A1\_work\dbded102\bin\Release.AnyCPU\Sps.Service\MS.VS.Services.Commerce.L0.Tests\MS.VS.Services.Commerce.L0.Tests.dll" adapterTypeName="Microsoft.VisualStudio.TestTools.TestTypes.Unit.UnitTestAdapter" className="MS.VS.Services.Commerce.L0.Tests.SubscriptionService.PlatformSubscriptionServiceTests" name="PlatformSubscriptionLinkAccount_NullTest" />
    </UnitTest>
    <UnitTest name="PlatformSubscriptionLinkAccount_FailureAccountDneTest" storage="d:\v2.0\a1\_work\dbded102\bin\release.anycpu\sps.service\ms.vs.services.commerce.l0.tests\ms.vs.services.commerce.l0.tests.dll" priority="1" id="fbf5b499-2c8a-705f-b0cf-288ee13f7bd5">
      <Owners>
        <Owner name="vsc" />
      </Owners>
      <Execution id="4e3f7ce6-0d1d-40eb-9eb3-ed30419a4a40" />
      <TestMethod codeBase="D:\v2.0\A1\_work\dbded102\bin\Release.AnyCPU\Sps.Service\MS.VS.Services.Commerce.L0.Tests\MS.VS.Services.Commerce.L0.Tests.dll" adapterTypeName="Microsoft.VisualStudio.TestTools.TestTypes.Unit.UnitTestAdapter" className="MS.VS.Services.Commerce.L0.Tests.SubscriptionService.PlatformSubscriptionServiceTests" name="PlatformSubscriptionLinkAccount_FailureAccountDneTest" />
    </UnitTest>
    <UnitTest name="PlatformSubscriptionLinkAccount_MultipleAccountsPerSubscriptionTest" storage="d:\v2.0\a1\_work\dbded102\bin\release.anycpu\sps.service\ms.vs.services.commerce.l0.tests\ms.vs.services.commerce.l0.tests.dll" priority="1" id="f46d2246-e864-0d1c-83aa-79d60b6106b0">
      <Owners>
        <Owner name="vsc" />
      </Owners>
      <Execution id="fe4003bc-0314-46d7-b54f-bbd2766aaf44" />
      <TestMethod codeBase="D:\v2.0\A1\_work\dbded102\bin\Release.AnyCPU\Sps.Service\MS.VS.Services.Commerce.L0.Tests\MS.VS.Services.Commerce.L0.Tests.dll" adapterTypeName="Microsoft.VisualStudio.TestTools.TestTypes.Unit.UnitTestAdapter" className="MS.VS.Services.Commerce.L0.Tests.SubscriptionService.PlatformSubscriptionServiceTests" name="PlatformSubscriptionLinkAccount_MultipleAccountsPerSubscriptionTest" />
    </UnitTest>
    <UnitTest name="PlatformSubscriptionLinkAccount_FailureSubscriptionDisabledTest" storage="d:\v2.0\a1\_work\dbded102\bin\release.anycpu\sps.service\ms.vs.services.commerce.l0.tests\ms.vs.services.commerce.l0.tests.dll" priority="1" id="358e06af-ffea-97b0-f643-648462535a81">
      <Owners>
        <Owner name="vsc" />
      </Owners>
      <Execution id="3b3f1ad9-9db2-4b27-a490-8994ef9df809" />
      <TestMethod codeBase="D:\v2.0\A1\_work\dbded102\bin\Release.AnyCPU\Sps.Service\MS.VS.Services.Commerce.L0.Tests\MS.VS.Services.Commerce.L0.Tests.dll" adapterTypeName="Microsoft.VisualStudio.TestTools.TestTypes.Unit.UnitTestAdapter" className="MS.VS.Services.Commerce.L0.Tests.SubscriptionService.PlatformSubscriptionServiceTests" name="PlatformSubscriptionLinkAccount_FailureSubscriptionDisabledTest" />
    </UnitTest>
    <UnitTest name="PlatformSubscriptionLinkAccount_FailureRequestorNotAccountOwnerTest" storage="d:\v2.0\a1\_work\dbded102\bin\release.anycpu\sps.service\ms.vs.services.commerce.l0.tests\ms.vs.services.commerce.l0.tests.dll" priority="1" id="b43a4863-2b4d-303a-a6ee-f929934050ac">
      <Owners>
        <Owner name="vsc" />
      </Owners>
      <Execution id="312ff495-a60a-40fe-b8d7-1f38dab6ef30" />
      <TestMethod codeBase="D:\v2.0\A1\_work\dbded102\bin\Release.AnyCPU\Sps.Service\MS.VS.Services.Commerce.L0.Tests\MS.VS.Services.Commerce.L0.Tests.dll" adapterTypeName="Microsoft.VisualStudio.TestTools.TestTypes.Unit.UnitTestAdapter" className="MS.VS.Services.Commerce.L0.Tests.SubscriptionService.PlatformSubscriptionServiceTests" name="PlatformSubscriptionLinkAccount_FailureRequestorNotAccountOwnerTest" />
    </UnitTest>
    <UnitTest name="PlatformSubscriptionLinkAccount_FailureAccountAlreadyLinkedTest" storage="d:\v2.0\a1\_work\dbded102\bin\release.anycpu\sps.service\ms.vs.services.commerce.l0.tests\ms.vs.services.commerce.l0.tests.dll" priority="1" id="986f82f2-267a-83eb-048c-8c03907b71d5">
      <Owners>
        <Owner name="vsc" />
      </Owners>
      <Execution id="dae2f762-6f09-4ab6-b676-45c859f590ff" />
      <TestMethod codeBase="D:\v2.0\A1\_work\dbded102\bin\Release.AnyCPU\Sps.Service\MS.VS.Services.Commerce.L0.Tests\MS.VS.Services.Commerce.L0.Tests.dll" adapterTypeName="Microsoft.VisualStudio.TestTools.TestTypes.Unit.UnitTestAdapter" className="MS.VS.Services.Commerce.L0.Tests.SubscriptionService.PlatformSubscriptionServiceTests" name="PlatformSubscriptionLinkAccount_FailureAccountAlreadyLinkedTest" />
    </UnitTest>
    <UnitTest name="PlatformSubscriptionLinkAccountByName_Test" storage="d:\v2.0\a1\_work\dbded102\bin\release.anycpu\sps.service\ms.vs.services.commerce.l0.tests\ms.vs.services.commerce.l0.tests.dll" priority="1" id="da2033fa-ad5a-78dd-4f86-595b9d002901">
      <Owners>
        <Owner name="vsc" />
      </Owners>
      <Execution id="2d51da77-7be2-456f-a297-3092055496d0" />
      <TestMethod codeBase="D:\v2.0\A1\_work\dbded102\bin\Release.AnyCPU\Sps.Service\MS.VS.Services.Commerce.L0.Tests\MS.VS.Services.Commerce.L0.Tests.dll" adapterTypeName="Microsoft.VisualStudio.TestTools.TestTypes.Unit.UnitTestAdapter" className="MS.VS.Services.Commerce.L0.Tests.SubscriptionService.PlatformSubscriptionServiceTests" name="PlatformSubscriptionLinkAccountByName_Test" />
    </UnitTest>
    <UnitTest name="PlatformSubscriptionCreateAndLinkAccount_Test" storage="d:\v2.0\a1\_work\dbded102\bin\release.anycpu\sps.service\ms.vs.services.commerce.l0.tests\ms.vs.services.commerce.l0.tests.dll" priority="1" id="84ce3e5a-9ae1-4c40-4a54-c69a89e1bcfe">
      <Owners>
        <Owner name="vsc" />
      </Owners>
      <Execution id="fc7ef566-de4a-4eba-904a-07def8cb8a82" />
      <TestMethod codeBase="D:\v2.0\A1\_work\dbded102\bin\Release.AnyCPU\Sps.Service\MS.VS.Services.Commerce.L0.Tests\MS.VS.Services.Commerce.L0.Tests.dll" adapterTypeName="Microsoft.VisualStudio.TestTools.TestTypes.Unit.UnitTestAdapter" className="MS.VS.Services.Commerce.L0.Tests.SubscriptionService.PlatformSubscriptionServiceTests" name="PlatformSubscriptionCreateAndLinkAccount_Test" />
    </UnitTest>
    <UnitTest name="PlatformSubscriptionCreateAndLinkAccount_MultipleAccountsPerSubscriptionTest" storage="d:\v2.0\a1\_work\dbded102\bin\release.anycpu\sps.service\ms.vs.services.commerce.l0.tests\ms.vs.services.commerce.l0.tests.dll" priority="1" id="a0b4baab-e57c-a22c-d959-2e7e7b202653">
      <Owners>
        <Owner name="vsc" />
      </Owners>
      <Execution id="b1bc609a-9fd5-4508-b6cd-f0a6e4217828" />
      <TestMethod codeBase="D:\v2.0\A1\_work\dbded102\bin\Release.AnyCPU\Sps.Service\MS.VS.Services.Commerce.L0.Tests\MS.VS.Services.Commerce.L0.Tests.dll" adapterTypeName="Microsoft.VisualStudio.TestTools.TestTypes.Unit.UnitTestAdapter" className="MS.VS.Services.Commerce.L0.Tests.SubscriptionService.PlatformSubscriptionServiceTests" name="PlatformSubscriptionCreateAndLinkAccount_MultipleAccountsPerSubscriptionTest" />
    </UnitTest>
    <UnitTest name="PlatformSubscriptionCreateAndLinkAPI_CreatesSubscriptionOnDemandTest" storage="d:\v2.0\a1\_work\dbded102\bin\release.anycpu\sps.service\ms.vs.services.commerce.l0.tests\ms.vs.services.commerce.l0.tests.dll" priority="1" id="03689066-d2d9-b615-1fa0-77aeb4a36bbc">
      <Owners>
        <Owner name="vsc" />
      </Owners>
      <Execution id="82c44075-4490-45c0-a4a8-d6058ecb4272" />
      <TestMethod codeBase="D:\v2.0\A1\_work\dbded102\bin\Release.AnyCPU\Sps.Service\MS.VS.Services.Commerce.L0.Tests\MS.VS.Services.Commerce.L0.Tests.dll" adapterTypeName="Microsoft.VisualStudio.TestTools.TestTypes.Unit.UnitTestAdapter" className="MS.VS.Services.Commerce.L0.Tests.SubscriptionService.PlatformSubscriptionServiceTests" name="PlatformSubscriptionCreateAndLinkAPI_CreatesSubscriptionOnDemandTest" />
    </UnitTest>
    <UnitTest name="PlatformSubscriptionCreateAndLinkAccount_FailureAccountCreationFailureTest" storage="d:\v2.0\a1\_work\dbded102\bin\release.anycpu\sps.service\ms.vs.services.commerce.l0.tests\ms.vs.services.commerce.l0.tests.dll" priority="1" id="cde57d90-47c8-54cd-1e29-b1687743859e">
      <Owners>
        <Owner name="vsc" />
      </Owners>
      <Execution id="509c9eea-2b1f-4c96-bdb7-749b3280c54b" />
      <TestMethod codeBase="D:\v2.0\A1\_work\dbded102\bin\Release.AnyCPU\Sps.Service\MS.VS.Services.Commerce.L0.Tests\MS.VS.Services.Commerce.L0.Tests.dll" adapterTypeName="Microsoft.VisualStudio.TestTools.TestTypes.Unit.UnitTestAdapter" className="MS.VS.Services.Commerce.L0.Tests.SubscriptionService.PlatformSubscriptionServiceTests" name="PlatformSubscriptionCreateAndLinkAccount_FailureAccountCreationFailureTest" />
    </UnitTest>
    <UnitTest name="PlatformSubscriptionCreateAndLinkAccount_RepeatRequestTest" storage="d:\v2.0\a1\_work\dbded102\bin\release.anycpu\sps.service\ms.vs.services.commerce.l0.tests\ms.vs.services.commerce.l0.tests.dll" priority="1" id="e22ec2a9-cb84-3822-1ae3-0e86bfcb5357">
      <Owners>
        <Owner name="vsc" />
      </Owners>
      <Execution id="80e8e528-6d4f-4db7-896c-de895d4cba9f" />
      <TestMethod codeBase="D:\v2.0\A1\_work\dbded102\bin\Release.AnyCPU\Sps.Service\MS.VS.Services.Commerce.L0.Tests\MS.VS.Services.Commerce.L0.Tests.dll" adapterTypeName="Microsoft.VisualStudio.TestTools.TestTypes.Unit.UnitTestAdapter" className="MS.VS.Services.Commerce.L0.Tests.SubscriptionService.PlatformSubscriptionServiceTests" name="PlatformSubscriptionCreateAndLinkAccount_RepeatRequestTest" />
    </UnitTest>
    <UnitTest name="PlatformSubscriptionCreateAndLinkAccount_RepeatRequestResourceAccountDneTest" storage="d:\v2.0\a1\_work\dbded102\bin\release.anycpu\sps.service\ms.vs.services.commerce.l0.tests\ms.vs.services.commerce.l0.tests.dll" priority="1" id="ed97a896-4218-bebc-97e5-327ad508f63f">
      <Owners>
        <Owner name="vsc" />
      </Owners>
      <Execution id="d716a735-73fe-4aaa-8a63-d62e336577d5" />
      <TestMethod codeBase="D:\v2.0\A1\_work\dbded102\bin\Release.AnyCPU\Sps.Service\MS.VS.Services.Commerce.L0.Tests\MS.VS.Services.Commerce.L0.Tests.dll" adapterTypeName="Microsoft.VisualStudio.TestTools.TestTypes.Unit.UnitTestAdapter" className="MS.VS.Services.Commerce.L0.Tests.SubscriptionService.PlatformSubscriptionServiceTests" name="PlatformSubscriptionCreateAndLinkAccount_RepeatRequestResourceAccountDneTest" />
    </UnitTest>
    <UnitTest name="PlatformSubscriptionCreateAndLinkAccount_FailureAccountAlreadyLinkedTest" storage="d:\v2.0\a1\_work\dbded102\bin\release.anycpu\sps.service\ms.vs.services.commerce.l0.tests\ms.vs.services.commerce.l0.tests.dll" priority="1" id="fde43bce-f499-0cad-796f-8074dfbd1ee6">
      <Owners>
        <Owner name="vsc" />
      </Owners>
      <Execution id="a0e25d99-69f6-4856-a271-cc31146140f5" />
      <TestMethod codeBase="D:\v2.0\A1\_work\dbded102\bin\Release.AnyCPU\Sps.Service\MS.VS.Services.Commerce.L0.Tests\MS.VS.Services.Commerce.L0.Tests.dll" adapterTypeName="Microsoft.VisualStudio.TestTools.TestTypes.Unit.UnitTestAdapter" className="MS.VS.Services.Commerce.L0.Tests.SubscriptionService.PlatformSubscriptionServiceTests" name="PlatformSubscriptionCreateAndLinkAccount_FailureAccountAlreadyLinkedTest" />
    </UnitTest>
    <UnitTest name="GetAccounts_Test" storage="d:\v2.0\a1\_work\dbded102\bin\release.anycpu\sps.service\ms.vs.services.commerce.l0.tests\ms.vs.services.commerce.l0.tests.dll" priority="1" id="ef736cb3-37c3-7312-6228-6bff91918751">
      <Owners>
        <Owner name="vsc" />
      </Owners>
      <Execution id="aabf736a-fe98-45f8-a7f5-1aa60912cb40" />
      <TestMethod codeBase="D:\v2.0\A1\_work\dbded102\bin\Release.AnyCPU\Sps.Service\MS.VS.Services.Commerce.L0.Tests\MS.VS.Services.Commerce.L0.Tests.dll" adapterTypeName="Microsoft.VisualStudio.TestTools.TestTypes.Unit.UnitTestAdapter" className="MS.VS.Services.Commerce.L0.Tests.SubscriptionService.PlatformSubscriptionServiceTests" name="GetAccounts_Test" />
    </UnitTest>
    <UnitTest name="PlatformSubscriptionGetAccounts_DoNotIncludeMSAAccountsAndHasReadSubscriptionDataPermissionTest" storage="d:\v2.0\a1\_work\dbded102\bin\release.anycpu\sps.service\ms.vs.services.commerce.l0.tests\ms.vs.services.commerce.l0.tests.dll" priority="1" id="4168857f-8748-1973-7e58-bb6883895041">
      <Owners>
        <Owner name="vsc" />
      </Owners>
      <Execution id="1d6ec7ce-1f25-4c9d-a6f2-00c654fe8941" />
      <TestMethod codeBase="D:\v2.0\A1\_work\dbded102\bin\Release.AnyCPU\Sps.Service\MS.VS.Services.Commerce.L0.Tests\MS.VS.Services.Commerce.L0.Tests.dll" adapterTypeName="Microsoft.VisualStudio.TestTools.TestTypes.Unit.UnitTestAdapter" className="MS.VS.Services.Commerce.L0.Tests.SubscriptionService.PlatformSubscriptionServiceTests" name="PlatformSubscriptionGetAccounts_DoNotIncludeMSAAccountsAndHasReadSubscriptionDataPermissionTest" />
    </UnitTest>
    <UnitTest name="PlatformSubscriptionGetAccounts_IncludeMSAAndMemberAccountsAndHasReadSubscriptionDataPermissionTest" storage="d:\v2.0\a1\_work\dbded102\bin\release.anycpu\sps.service\ms.vs.services.commerce.l0.tests\ms.vs.services.commerce.l0.tests.dll" priority="1" id="a8f2f42d-ada7-40ce-2f27-78439bb663ee">
      <Owners>
        <Owner name="vsc" />
      </Owners>
      <Execution id="5339a28a-5fca-45cc-b5a3-f52125ffd045" />
      <TestMethod codeBase="D:\v2.0\A1\_work\dbded102\bin\Release.AnyCPU\Sps.Service\MS.VS.Services.Commerce.L0.Tests\MS.VS.Services.Commerce.L0.Tests.dll" adapterTypeName="Microsoft.VisualStudio.TestTools.TestTypes.Unit.UnitTestAdapter" className="MS.VS.Services.Commerce.L0.Tests.SubscriptionService.PlatformSubscriptionServiceTests" name="PlatformSubscriptionGetAccounts_IncludeMSAAndMemberAccountsAndHasReadSubscriptionDataPermissionTest" />
    </UnitTest>
    <UnitTest name="PlatformSubscriptionGetAccounts_IncludeMSAAndOwnerAccountsAndHasReadSubscriptionDataPermissionTest" storage="d:\v2.0\a1\_work\dbded102\bin\release.anycpu\sps.service\ms.vs.services.commerce.l0.tests\ms.vs.services.commerce.l0.tests.dll" priority="1" id="033b54aa-265e-932e-cecf-56b3deed1a1d">
      <Owners>
        <Owner name="vsc" />
      </Owners>
      <Execution id="53efc755-4cf8-43a1-bdba-6f24e5f4bd78" />
      <TestMethod codeBase="D:\v2.0\A1\_work\dbded102\bin\Release.AnyCPU\Sps.Service\MS.VS.Services.Commerce.L0.Tests\MS.VS.Services.Commerce.L0.Tests.dll" adapterTypeName="Microsoft.VisualStudio.TestTools.TestTypes.Unit.UnitTestAdapter" className="MS.VS.Services.Commerce.L0.Tests.SubscriptionService.PlatformSubscriptionServiceTests" name="PlatformSubscriptionGetAccounts_IncludeMSAAndOwnerAccountsAndHasReadSubscriptionDataPermissionTest" />
    </UnitTest>
    <UnitTest name="PlatformSubscriptionGetAccounts_EliminatesDuplicatesTest" storage="d:\v2.0\a1\_work\dbded102\bin\release.anycpu\sps.service\ms.vs.services.commerce.l0.tests\ms.vs.services.commerce.l0.tests.dll" priority="1" id="76404d47-ea24-e83c-cf52-3dc9db7b9762">
      <Owners>
        <Owner name="vsc" />
      </Owners>
      <Execution id="f54f85e2-42ac-467e-b91f-f73129eba5f8" />
      <TestMethod codeBase="D:\v2.0\A1\_work\dbded102\bin\Release.AnyCPU\Sps.Service\MS.VS.Services.Commerce.L0.Tests\MS.VS.Services.Commerce.L0.Tests.dll" adapterTypeName="Microsoft.VisualStudio.TestTools.TestTypes.Unit.UnitTestAdapter" className="MS.VS.Services.Commerce.L0.Tests.SubscriptionService.PlatformSubscriptionServiceTests" name="PlatformSubscriptionGetAccounts_EliminatesDuplicatesTest" />
    </UnitTest>
    <UnitTest name="PlatformSubscriptionGetAccounts_ReturnsAccountOwnerSetToTrueIfMemberIsAccountOwnerOnAnyOfTheCorrespondingDuplicateAccountsTest" storage="d:\v2.0\a1\_work\dbded102\bin\release.anycpu\sps.service\ms.vs.services.commerce.l0.tests\ms.vs.services.commerce.l0.tests.dll" priority="1" id="d61a7f24-5e5e-1ceb-5e1c-e80763489a6b">
      <Owners>
        <Owner name="vsc" />
      </Owners>
      <Execution id="8da408ae-9d9b-4bbd-819f-a7ed24e2659e" />
      <TestMethod codeBase="D:\v2.0\A1\_work\dbded102\bin\Release.AnyCPU\Sps.Service\MS.VS.Services.Commerce.L0.Tests\MS.VS.Services.Commerce.L0.Tests.dll" adapterTypeName="Microsoft.VisualStudio.TestTools.TestTypes.Unit.UnitTestAdapter" className="MS.VS.Services.Commerce.L0.Tests.SubscriptionService.PlatformSubscriptionServiceTests" name="PlatformSubscriptionGetAccounts_ReturnsAccountOwnerSetToTrueIfMemberIsAccountOwnerOnAnyOfTheCorrespondingDuplicateAccountsTest" />
    </UnitTest>
    <UnitTest name="PlatformSubscriptionGetAccounts_DoNotIncludeMSAAccountsAndDoesNotHaveReadSubscriptionDataPermissionTest" storage="d:\v2.0\a1\_work\dbded102\bin\release.anycpu\sps.service\ms.vs.services.commerce.l0.tests\ms.vs.services.commerce.l0.tests.dll" priority="1" id="fa55eb92-4882-e6b7-2410-9d6684e30323">
      <Owners>
        <Owner name="vsc" />
      </Owners>
      <Execution id="169f473a-4301-4367-a8d1-679f013c49cf" />
      <TestMethod codeBase="D:\v2.0\A1\_work\dbded102\bin\Release.AnyCPU\Sps.Service\MS.VS.Services.Commerce.L0.Tests\MS.VS.Services.Commerce.L0.Tests.dll" adapterTypeName="Microsoft.VisualStudio.TestTools.TestTypes.Unit.UnitTestAdapter" className="MS.VS.Services.Commerce.L0.Tests.SubscriptionService.PlatformSubscriptionServiceTests" name="PlatformSubscriptionGetAccounts_DoNotIncludeMSAAccountsAndDoesNotHaveReadSubscriptionDataPermissionTest" />
    </UnitTest>
    <UnitTest name="PlatformSubscriptionGetMSAIdentities_WhenMemberIdDostNotHaveValue_ItShouldUseAuthenticatedIdentityTest" storage="d:\v2.0\a1\_work\dbded102\bin\release.anycpu\sps.service\ms.vs.services.commerce.l0.tests\ms.vs.services.commerce.l0.tests.dll" priority="1" id="8e265957-73cc-226b-1aea-007fc4e369b0">
      <Owners>
        <Owner name="vsc" />
      </Owners>
      <Execution id="b68a790c-a79b-4faf-bbae-5650e6313e20" />
      <TestMethod codeBase="D:\v2.0\A1\_work\dbded102\bin\Release.AnyCPU\Sps.Service\MS.VS.Services.Commerce.L0.Tests\MS.VS.Services.Commerce.L0.Tests.dll" adapterTypeName="Microsoft.VisualStudio.TestTools.TestTypes.Unit.UnitTestAdapter" className="MS.VS.Services.Commerce.L0.Tests.SubscriptionService.PlatformSubscriptionServiceTests" name="PlatformSubscriptionGetMSAIdentities_WhenMemberIdDostNotHaveValue_ItShouldUseAuthenticatedIdentityTest" />
    </UnitTest>
    <UnitTest name="PlatformSubscriptionGetMSAIdentities_WhenMemberIdHasValue_ItShouldReturnCorrectIdentitiesTest" storage="d:\v2.0\a1\_work\dbded102\bin\release.anycpu\sps.service\ms.vs.services.commerce.l0.tests\ms.vs.services.commerce.l0.tests.dll" priority="1" id="fcebf52d-f386-7830-77fb-a5f6e8a7795b">
      <Owners>
        <Owner name="vsc" />
      </Owners>
      <Execution id="004184bf-28ec-4008-9925-733fb5ae50f4" />
      <TestMethod codeBase="D:\v2.0\A1\_work\dbded102\bin\Release.AnyCPU\Sps.Service\MS.VS.Services.Commerce.L0.Tests\MS.VS.Services.Commerce.L0.Tests.dll" adapterTypeName="Microsoft.VisualStudio.TestTools.TestTypes.Unit.UnitTestAdapter" className="MS.VS.Services.Commerce.L0.Tests.SubscriptionService.PlatformSubscriptionServiceTests" name="PlatformSubscriptionGetMSAIdentities_WhenMemberIdHasValue_ItShouldReturnCorrectIdentitiesTest" />
    </UnitTest>
    <UnitTest name="PlatformSubscriptionGetMSAIdentities_WhenMemberIdHasValue_ItShouldReturnFilteredIdentitiesTest" storage="d:\v2.0\a1\_work\dbded102\bin\release.anycpu\sps.service\ms.vs.services.commerce.l0.tests\ms.vs.services.commerce.l0.tests.dll" priority="1" id="f575f3ac-edbd-408a-b1b1-4ad87a90efb9">
      <Owners>
        <Owner name="vsc" />
      </Owners>
      <Execution id="b21962f3-a23f-4dc5-bd8c-d45543cdc905" />
      <TestMethod codeBase="D:\v2.0\A1\_work\dbded102\bin\Release.AnyCPU\Sps.Service\MS.VS.Services.Commerce.L0.Tests\MS.VS.Services.Commerce.L0.Tests.dll" adapterTypeName="Microsoft.VisualStudio.TestTools.TestTypes.Unit.UnitTestAdapter" className="MS.VS.Services.Commerce.L0.Tests.SubscriptionService.PlatformSubscriptionServiceTests" name="PlatformSubscriptionGetMSAIdentities_WhenMemberIdHasValue_ItShouldReturnFilteredIdentitiesTest" />
    </UnitTest>
    <UnitTest name="PlatformSubscriptionGetMSAIdentities_SwallowsExceptionTest" storage="d:\v2.0\a1\_work\dbded102\bin\release.anycpu\sps.service\ms.vs.services.commerce.l0.tests\ms.vs.services.commerce.l0.tests.dll" priority="1" id="78c3de2b-dda1-0ec1-2f38-2d6a8ef53268">
      <Owners>
        <Owner name="vsc" />
      </Owners>
      <Execution id="5f02fae7-8753-40f1-ad9d-e2b16bb3738a" />
      <TestMethod codeBase="D:\v2.0\A1\_work\dbded102\bin\Release.AnyCPU\Sps.Service\MS.VS.Services.Commerce.L0.Tests\MS.VS.Services.Commerce.L0.Tests.dll" adapterTypeName="Microsoft.VisualStudio.TestTools.TestTypes.Unit.UnitTestAdapter" className="MS.VS.Services.Commerce.L0.Tests.SubscriptionService.PlatformSubscriptionServiceTests" name="PlatformSubscriptionGetMSAIdentities_SwallowsExceptionTest" />
    </UnitTest>
    <UnitTest name="PlatformSubscriptionGetEmailAddress_WithProviderDisplayNameAndNullAccountAndNullEmail_ItShouldReturnProviderDisplayNameTest" storage="d:\v2.0\a1\_work\dbded102\bin\release.anycpu\sps.service\ms.vs.services.commerce.l0.tests\ms.vs.services.commerce.l0.tests.dll" priority="1" id="23b8c61f-c9a0-c513-0333-933a6fc34804">
      <Owners>
        <Owner name="vsc" />
      </Owners>
      <Execution id="78acc5d9-8dd9-4fc4-810c-e447186b2813" />
      <TestMethod codeBase="D:\v2.0\A1\_work\dbded102\bin\Release.AnyCPU\Sps.Service\MS.VS.Services.Commerce.L0.Tests\MS.VS.Services.Commerce.L0.Tests.dll" adapterTypeName="Microsoft.VisualStudio.TestTools.TestTypes.Unit.UnitTestAdapter" className="MS.VS.Services.Commerce.L0.Tests.SubscriptionService.PlatformSubscriptionServiceTests" name="PlatformSubscriptionGetEmailAddress_WithProviderDisplayNameAndNullAccountAndNullEmail_ItShouldReturnProviderDisplayNameTest" />
    </UnitTest>
    <UnitTest name="PlatformSubscriptionGetEmailAddress_WithProviderDisplayNameAndEmptyAccountAndEmptyEmail_ItShouldReturnProviderDisplayNameTest" storage="d:\v2.0\a1\_work\dbded102\bin\release.anycpu\sps.service\ms.vs.services.commerce.l0.tests\ms.vs.services.commerce.l0.tests.dll" priority="1" id="4674bd0a-3dd9-146c-eaca-3ef1121105bf">
      <Owners>
        <Owner name="vsc" />
      </Owners>
      <Execution id="998694bf-edfa-4c78-a034-8135ee9cc3dc" />
      <TestMethod codeBase="D:\v2.0\A1\_work\dbded102\bin\Release.AnyCPU\Sps.Service\MS.VS.Services.Commerce.L0.Tests\MS.VS.Services.Commerce.L0.Tests.dll" adapterTypeName="Microsoft.VisualStudio.TestTools.TestTypes.Unit.UnitTestAdapter" className="MS.VS.Services.Commerce.L0.Tests.SubscriptionService.PlatformSubscriptionServiceTests" name="PlatformSubscriptionGetEmailAddress_WithProviderDisplayNameAndEmptyAccountAndEmptyEmail_ItShouldReturnProviderDisplayNameTest" />
    </UnitTest>
    <UnitTest name="PlatformSubscriptionGetEmailAddress_WithProviderDisplayNameAndAccountAndEmptyEmail_ItShouldReturnAccountNameTest" storage="d:\v2.0\a1\_work\dbded102\bin\release.anycpu\sps.service\ms.vs.services.commerce.l0.tests\ms.vs.services.commerce.l0.tests.dll" priority="1" id="e8db66bc-461e-5283-9b84-5e75f035bac7">
      <Owners>
        <Owner name="vsc" />
      </Owners>
      <Execution id="fdadfc74-84ae-49b2-b335-0fb3362823d9" />
      <TestMethod codeBase="D:\v2.0\A1\_work\dbded102\bin\Release.AnyCPU\Sps.Service\MS.VS.Services.Commerce.L0.Tests\MS.VS.Services.Commerce.L0.Tests.dll" adapterTypeName="Microsoft.VisualStudio.TestTools.TestTypes.Unit.UnitTestAdapter" className="MS.VS.Services.Commerce.L0.Tests.SubscriptionService.PlatformSubscriptionServiceTests" name="PlatformSubscriptionGetEmailAddress_WithProviderDisplayNameAndAccountAndEmptyEmail_ItShouldReturnAccountNameTest" />
    </UnitTest>
    <UnitTest name="PlatformSubscriptionGetEmailAddress_WithProviderDisplayNameAndAccountAndEmail_ItShouldReturnEmailTest" storage="d:\v2.0\a1\_work\dbded102\bin\release.anycpu\sps.service\ms.vs.services.commerce.l0.tests\ms.vs.services.commerce.l0.tests.dll" priority="1" id="e7e46da3-ec30-4cec-4a05-7176bc7f0eee">
      <Owners>
        <Owner name="vsc" />
      </Owners>
      <Execution id="d7dc28fd-de83-46fa-8345-6531bad3c589" />
      <TestMethod codeBase="D:\v2.0\A1\_work\dbded102\bin\Release.AnyCPU\Sps.Service\MS.VS.Services.Commerce.L0.Tests\MS.VS.Services.Commerce.L0.Tests.dll" adapterTypeName="Microsoft.VisualStudio.TestTools.TestTypes.Unit.UnitTestAdapter" className="MS.VS.Services.Commerce.L0.Tests.SubscriptionService.PlatformSubscriptionServiceTests" name="PlatformSubscriptionGetEmailAddress_WithProviderDisplayNameAndAccountAndEmail_ItShouldReturnEmailTest" />
    </UnitTest>
    <UnitTest name="PlatformSubscriptionGetEmailAddress_WithProviderDisplayNameAndEmptyAccountAndEmail_ItShouldReturnEmailTest" storage="d:\v2.0\a1\_work\dbded102\bin\release.anycpu\sps.service\ms.vs.services.commerce.l0.tests\ms.vs.services.commerce.l0.tests.dll" priority="1" id="5064d67b-6c65-3f55-5dfd-1a0dbf1f6be4">
      <Owners>
        <Owner name="vsc" />
      </Owners>
      <Execution id="5de5b251-6ce6-4228-ad00-1c86c7e2c499" />
      <TestMethod codeBase="D:\v2.0\A1\_work\dbded102\bin\Release.AnyCPU\Sps.Service\MS.VS.Services.Commerce.L0.Tests\MS.VS.Services.Commerce.L0.Tests.dll" adapterTypeName="Microsoft.VisualStudio.TestTools.TestTypes.Unit.UnitTestAdapter" className="MS.VS.Services.Commerce.L0.Tests.SubscriptionService.PlatformSubscriptionServiceTests" name="PlatformSubscriptionGetEmailAddress_WithProviderDisplayNameAndEmptyAccountAndEmail_ItShouldReturnEmailTest" />
    </UnitTest>
    <UnitTest name="PlatformSubscriptionInvalidateSubscriptionServiceCache_WhenAzureResourceAccountIsValid_ItShouldInvalidateCacheObjectsTest" storage="d:\v2.0\a1\_work\dbded102\bin\release.anycpu\sps.service\ms.vs.services.commerce.l0.tests\ms.vs.services.commerce.l0.tests.dll" priority="1" id="3488874c-2e16-5cb6-ce2f-b04702f5780a">
      <Owners>
        <Owner name="vsc" />
      </Owners>
      <Execution id="159f2140-58a9-47ac-bfef-cd9b0a769570" />
      <TestMethod codeBase="D:\v2.0\A1\_work\dbded102\bin\Release.AnyCPU\Sps.Service\MS.VS.Services.Commerce.L0.Tests\MS.VS.Services.Commerce.L0.Tests.dll" adapterTypeName="Microsoft.VisualStudio.TestTools.TestTypes.Unit.UnitTestAdapter" className="MS.VS.Services.Commerce.L0.Tests.SubscriptionService.PlatformSubscriptionServiceTests" name="PlatformSubscriptionInvalidateSubscriptionServiceCache_WhenAzureResourceAccountIsValid_ItShouldInvalidateCacheObjectsTest" />
    </UnitTest>
    <UnitTest name="PlatformSubscriptionInvalidateSubscriptionServiceCache_WhenAzureResourceAccountIsNull_ItShouldSimplyReturnTest" storage="d:\v2.0\a1\_work\dbded102\bin\release.anycpu\sps.service\ms.vs.services.commerce.l0.tests\ms.vs.services.commerce.l0.tests.dll" priority="1" id="e345850b-f758-a338-3c6f-b490519004af">
      <Owners>
        <Owner name="vsc" />
      </Owners>
      <Execution id="59d28ac4-b187-45be-81dc-253e10b7aa0f" />
      <TestMethod codeBase="D:\v2.0\A1\_work\dbded102\bin\Release.AnyCPU\Sps.Service\MS.VS.Services.Commerce.L0.Tests\MS.VS.Services.Commerce.L0.Tests.dll" adapterTypeName="Microsoft.VisualStudio.TestTools.TestTypes.Unit.UnitTestAdapter" className="MS.VS.Services.Commerce.L0.Tests.SubscriptionService.PlatformSubscriptionServiceTests" name="PlatformSubscriptionInvalidateSubscriptionServiceCache_WhenAzureResourceAccountIsNull_ItShouldSimplyReturnTest" />
    </UnitTest>
    <UnitTest name="PlatformSubscriptionInvalidateSubscriptionServiceCache_WhenThereAreMoreAccountsForSubscriptionIdAndProviderNamespaceId_ItShouldInvalidateAllCacheObjectsTest" storage="d:\v2.0\a1\_work\dbded102\bin\release.anycpu\sps.service\ms.vs.services.commerce.l0.tests\ms.vs.services.commerce.l0.tests.dll" priority="1" id="6407c16b-274f-ad71-fbb6-4024e742247d">
      <Owners>
        <Owner name="vsc" />
      </Owners>
      <Execution id="8886b587-cc6e-43b8-94bc-4455846f80af" />
      <TestMethod codeBase="D:\v2.0\A1\_work\dbded102\bin\Release.AnyCPU\Sps.Service\MS.VS.Services.Commerce.L0.Tests\MS.VS.Services.Commerce.L0.Tests.dll" adapterTypeName="Microsoft.VisualStudio.TestTools.TestTypes.Unit.UnitTestAdapter" className="MS.VS.Services.Commerce.L0.Tests.SubscriptionService.PlatformSubscriptionServiceTests" name="PlatformSubscriptionInvalidateSubscriptionServiceCache_WhenThereAreMoreAccountsForSubscriptionIdAndProviderNamespaceId_ItShouldInvalidateAllCacheObjectsTest" />
    </UnitTest>
    <UnitTest name="PlatformSubscriptionInvalidateSubscriptionServiceCache_WhenThereAreNoAccountsForSubscriptionIdAndProviderNamespaceId_ItShouldOnlyInvalidateAzureSubscriptionCacheTest" storage="d:\v2.0\a1\_work\dbded102\bin\release.anycpu\sps.service\ms.vs.services.commerce.l0.tests\ms.vs.services.commerce.l0.tests.dll" priority="1" id="091346a8-3cbf-0515-cd78-58e0b2df1f8f">
      <Owners>
        <Owner name="vsc" />
      </Owners>
      <Execution id="55f7b646-d96c-4d01-89a3-d3e45d6837bc" />
      <TestMethod codeBase="D:\v2.0\A1\_work\dbded102\bin\Release.AnyCPU\Sps.Service\MS.VS.Services.Commerce.L0.Tests\MS.VS.Services.Commerce.L0.Tests.dll" adapterTypeName="Microsoft.VisualStudio.TestTools.TestTypes.Unit.UnitTestAdapter" className="MS.VS.Services.Commerce.L0.Tests.SubscriptionService.PlatformSubscriptionServiceTests" name="PlatformSubscriptionInvalidateSubscriptionServiceCache_WhenThereAreNoAccountsForSubscriptionIdAndProviderNamespaceId_ItShouldOnlyInvalidateAzureSubscriptionCacheTest" />
    </UnitTest>
    <UnitTest name="ResourceMetricResponsesTest" storage="d:\v2.0\a1\_work\dbded102\bin\release.anycpu\sps.service\ms.vs.services.commerce.l0.tests\ms.vs.services.commerce.l0.tests.dll" priority="1" id="4926d44f-75c7-5ef6-3024-3d23f6279f9a">
      <Owners>
        <Owner name="vsc" />
      </Owners>
      <Execution id="06c33c3c-ced3-4352-91da-02b8a5f0ee54" />
      <TestMethod codeBase="D:\v2.0\A1\_work\dbded102\bin\Release.AnyCPU\Sps.Service\MS.VS.Services.Commerce.L0.Tests\MS.VS.Services.Commerce.L0.Tests.dll" adapterTypeName="Microsoft.VisualStudio.TestTools.TestTypes.Unit.UnitTestAdapter" className="MS.VS.Services.Commerce.L0.Tests.SubscriptionService.SingleQueryUsageDataAggregatorTests" name="ResourceMetricResponsesTest" />
    </UnitTest>
    <UnitTest name="ResourceMetricResponses_AggregateExceptionTest" storage="d:\v2.0\a1\_work\dbded102\bin\release.anycpu\sps.service\ms.vs.services.commerce.l0.tests\ms.vs.services.commerce.l0.tests.dll" priority="1" id="78ac1613-673a-4d78-2989-1976972f1ac9">
      <Owners>
        <Owner name="vsc" />
      </Owners>
      <Execution id="69c5b248-4c5b-414b-8447-db2b68ab665c" />
      <TestMethod codeBase="D:\v2.0\A1\_work\dbded102\bin\Release.AnyCPU\Sps.Service\MS.VS.Services.Commerce.L0.Tests\MS.VS.Services.Commerce.L0.Tests.dll" adapterTypeName="Microsoft.VisualStudio.TestTools.TestTypes.Unit.UnitTestAdapter" className="MS.VS.Services.Commerce.L0.Tests.SubscriptionService.SingleQueryUsageDataAggregatorTests" name="ResourceMetricResponses_AggregateExceptionTest" />
    </UnitTest>
    <UnitTest name="SingleQueryUsageDataAggregatorGetMetricSampleTest" storage="d:\v2.0\a1\_work\dbded102\bin\release.anycpu\sps.service\ms.vs.services.commerce.l0.tests\ms.vs.services.commerce.l0.tests.dll" priority="1" id="3d1b63f4-2c94-3d58-98bd-cd81ef5e88bf">
      <Owners>
        <Owner name="vsc" />
      </Owners>
      <Execution id="cd4e0d34-9023-49ac-879a-5606d9ae4360" />
      <TestMethod codeBase="D:\v2.0\A1\_work\dbded102\bin\Release.AnyCPU\Sps.Service\MS.VS.Services.Commerce.L0.Tests\MS.VS.Services.Commerce.L0.Tests.dll" adapterTypeName="Microsoft.VisualStudio.TestTools.TestTypes.Unit.UnitTestAdapter" className="MS.VS.Services.Commerce.L0.Tests.SubscriptionService.SingleQueryUsageDataAggregatorTests" name="SingleQueryUsageDataAggregatorGetMetricSampleTest" />
    </UnitTest>
    <UnitTest name="AzureResourceAccountBinderBasic_Test" storage="d:\v2.0\a1\_work\dbded102\bin\release.anycpu\sps.service\ms.vs.services.commerce.l0.tests\ms.vs.services.commerce.l0.tests.dll" priority="1" id="58aa7851-d61d-1a58-6854-96695f3d29f7">
      <Owners>
        <Owner name="vsc" />
      </Owners>
      <Execution id="228bc134-73e9-4922-a7ba-69647c8addf1" />
      <TestMethod codeBase="D:\v2.0\A1\_work\dbded102\bin\Release.AnyCPU\Sps.Service\MS.VS.Services.Commerce.L0.Tests\MS.VS.Services.Commerce.L0.Tests.dll" adapterTypeName="Microsoft.VisualStudio.TestTools.TestTypes.Unit.UnitTestAdapter" className="MS.VS.Services.Commerce.L0.Tests.SqlComponent.AzureResourceAccountBinderTests" name="AzureResourceAccountBinderBasic_Test" />
    </UnitTest>
    <UnitTest name="AzureResourceAccountBinderBasic_ExceptionTest" storage="d:\v2.0\a1\_work\dbded102\bin\release.anycpu\sps.service\ms.vs.services.commerce.l0.tests\ms.vs.services.commerce.l0.tests.dll" priority="1" id="d19ae829-d37d-3fcf-bc61-b8dd0da31740">
      <Owners>
        <Owner name="vsc" />
      </Owners>
      <Execution id="843eb05b-c9df-4cb4-9a3d-e35f3d00fcad" />
      <TestMethod codeBase="D:\v2.0\A1\_work\dbded102\bin\Release.AnyCPU\Sps.Service\MS.VS.Services.Commerce.L0.Tests\MS.VS.Services.Commerce.L0.Tests.dll" adapterTypeName="Microsoft.VisualStudio.TestTools.TestTypes.Unit.UnitTestAdapter" className="MS.VS.Services.Commerce.L0.Tests.SqlComponent.AzureResourceAccountBinderTests" name="AzureResourceAccountBinderBasic_ExceptionTest" />
    </UnitTest>
    <UnitTest name="AzureResourceAccountBinderBind_Test" storage="d:\v2.0\a1\_work\dbded102\bin\release.anycpu\sps.service\ms.vs.services.commerce.l0.tests\ms.vs.services.commerce.l0.tests.dll" priority="1" id="960e0365-198b-360b-122f-70b1772ea017">
      <Owners>
        <Owner name="vsc" />
      </Owners>
      <Execution id="0ebe04ac-37a4-4278-ba4b-6a43e7566cfe" />
      <TestMethod codeBase="D:\v2.0\A1\_work\dbded102\bin\Release.AnyCPU\Sps.Service\MS.VS.Services.Commerce.L0.Tests\MS.VS.Services.Commerce.L0.Tests.dll" adapterTypeName="Microsoft.VisualStudio.TestTools.TestTypes.Unit.UnitTestAdapter" className="MS.VS.Services.Commerce.L0.Tests.SqlComponent.AzureResourceAccountBinderTests" name="AzureResourceAccountBinderBind_Test" />
    </UnitTest>
    <UnitTest name="AzureSubscriptionAccountBinderBasic_Test" storage="d:\v2.0\a1\_work\dbded102\bin\release.anycpu\sps.service\ms.vs.services.commerce.l0.tests\ms.vs.services.commerce.l0.tests.dll" priority="1" id="e2610bef-1f87-d9a3-018d-6ce00c4400c5">
      <Owners>
        <Owner name="vsc" />
      </Owners>
      <Execution id="d985c9b7-beb4-4040-ae67-b8d566bc3f54" />
      <TestMethod codeBase="D:\v2.0\A1\_work\dbded102\bin\Release.AnyCPU\Sps.Service\MS.VS.Services.Commerce.L0.Tests\MS.VS.Services.Commerce.L0.Tests.dll" adapterTypeName="Microsoft.VisualStudio.TestTools.TestTypes.Unit.UnitTestAdapter" className="MS.VS.Services.Commerce.L0.Tests.SqlComponent.AzureSubscriptionAccountBinderTests" name="AzureSubscriptionAccountBinderBasic_Test" />
    </UnitTest>
    <UnitTest name="AzureSubscriptionAccountBinderBasic_ExceptionTest" storage="d:\v2.0\a1\_work\dbded102\bin\release.anycpu\sps.service\ms.vs.services.commerce.l0.tests\ms.vs.services.commerce.l0.tests.dll" priority="1" id="571d7ab6-52bb-88b6-cd75-73aeed599aaf">
      <Owners>
        <Owner name="vsc" />
      </Owners>
      <Execution id="2eb02d4a-261e-4d29-a647-78ad71406a43" />
      <TestMethod codeBase="D:\v2.0\A1\_work\dbded102\bin\Release.AnyCPU\Sps.Service\MS.VS.Services.Commerce.L0.Tests\MS.VS.Services.Commerce.L0.Tests.dll" adapterTypeName="Microsoft.VisualStudio.TestTools.TestTypes.Unit.UnitTestAdapter" className="MS.VS.Services.Commerce.L0.Tests.SqlComponent.AzureSubscriptionAccountBinderTests" name="AzureSubscriptionAccountBinderBasic_ExceptionTest" />
    </UnitTest>
    <UnitTest name="AzureSubscriptionAccountBinderBind_Test" storage="d:\v2.0\a1\_work\dbded102\bin\release.anycpu\sps.service\ms.vs.services.commerce.l0.tests\ms.vs.services.commerce.l0.tests.dll" priority="1" id="a28dfd51-2b76-3268-26dd-6c9f976a2823">
      <Owners>
        <Owner name="vsc" />
      </Owners>
      <Execution id="76ac7d7b-4730-414e-ab33-423acd7b68c0" />
      <TestMethod codeBase="D:\v2.0\A1\_work\dbded102\bin\Release.AnyCPU\Sps.Service\MS.VS.Services.Commerce.L0.Tests\MS.VS.Services.Commerce.L0.Tests.dll" adapterTypeName="Microsoft.VisualStudio.TestTools.TestTypes.Unit.UnitTestAdapter" className="MS.VS.Services.Commerce.L0.Tests.SqlComponent.AzureSubscriptionAccountBinderTests" name="AzureSubscriptionAccountBinderBind_Test" />
    </UnitTest>
    <UnitTest name="AzureSubscriptionBinderBasic_Test" storage="d:\v2.0\a1\_work\dbded102\bin\release.anycpu\sps.service\ms.vs.services.commerce.l0.tests\ms.vs.services.commerce.l0.tests.dll" priority="1" id="e03619f6-b51a-e4de-5633-80357a5ca426">
      <Owners>
        <Owner name="vsc" />
      </Owners>
      <Execution id="d243dbf5-965e-461b-bb0f-3fc90346b0e4" />
      <TestMethod codeBase="D:\v2.0\A1\_work\dbded102\bin\Release.AnyCPU\Sps.Service\MS.VS.Services.Commerce.L0.Tests\MS.VS.Services.Commerce.L0.Tests.dll" adapterTypeName="Microsoft.VisualStudio.TestTools.TestTypes.Unit.UnitTestAdapter" className="MS.VS.Services.Commerce.L0.Tests.SqlComponent.AzureSubscriptionBinderTests" name="AzureSubscriptionBinderBasic_Test" />
    </UnitTest>
    <UnitTest name="AzureSubscriptionBinderBasic_ExceptionTest" storage="d:\v2.0\a1\_work\dbded102\bin\release.anycpu\sps.service\ms.vs.services.commerce.l0.tests\ms.vs.services.commerce.l0.tests.dll" priority="1" id="8f600fad-f33d-df9c-1180-86d830cc8226">
      <Owners>
        <Owner name="vsc" />
      </Owners>
      <Execution id="b3be231f-6c1d-4de8-9e1c-6464c6c34430" />
      <TestMethod codeBase="D:\v2.0\A1\_work\dbded102\bin\Release.AnyCPU\Sps.Service\MS.VS.Services.Commerce.L0.Tests\MS.VS.Services.Commerce.L0.Tests.dll" adapterTypeName="Microsoft.VisualStudio.TestTools.TestTypes.Unit.UnitTestAdapter" className="MS.VS.Services.Commerce.L0.Tests.SqlComponent.AzureSubscriptionBinderTests" name="AzureSubscriptionBinderBasic_ExceptionTest" />
    </UnitTest>
    <UnitTest name="AzureSubscriptionBinderBind_Test" storage="d:\v2.0\a1\_work\dbded102\bin\release.anycpu\sps.service\ms.vs.services.commerce.l0.tests\ms.vs.services.commerce.l0.tests.dll" priority="1" id="096a699d-933c-e808-9407-ff87ac4e32a8">
      <Owners>
        <Owner name="vsc" />
      </Owners>
      <Execution id="d33a22b1-65eb-430d-9a23-d3ccbbe8aeac" />
      <TestMethod codeBase="D:\v2.0\A1\_work\dbded102\bin\Release.AnyCPU\Sps.Service\MS.VS.Services.Commerce.L0.Tests\MS.VS.Services.Commerce.L0.Tests.dll" adapterTypeName="Microsoft.VisualStudio.TestTools.TestTypes.Unit.UnitTestAdapter" className="MS.VS.Services.Commerce.L0.Tests.SqlComponent.AzureSubscriptionBinderTests" name="AzureSubscriptionBinderBind_Test" />
    </UnitTest>
    <UnitTest name="CloudServicesController_GetAllResourcesInCloudServiceBasic" storage="d:\v2.0\a1\_work\dbded102\bin\release.anycpu\sps.service\ms.vs.services.commerce.l0.tests\ms.vs.services.commerce.l0.tests.dll" priority="1" id="4af955d1-5ec7-92e1-f8be-c8422079d117">
      <Owners>
        <Owner name="vsc" />
      </Owners>
      <Execution id="bd8f8dbd-ace2-44dc-9e90-dbc55132ff0c" />
      <TestMethod codeBase="D:\v2.0\A1\_work\dbded102\bin\Release.AnyCPU\Sps.Service\MS.VS.Services.Commerce.L0.Tests\MS.VS.Services.Commerce.L0.Tests.dll" adapterTypeName="Microsoft.VisualStudio.TestTools.TestTypes.Unit.UnitTestAdapter" className="MS.VS.Services.Commerce.L0.Tests.RestServices.Controllers.CloudServicesControllerTests" name="CloudServicesController_GetAllResourcesInCloudServiceBasic" />
    </UnitTest>
    <UnitTest name="CloudServicesController_GetAllResourcesInCloudServiceInvalidGuid" storage="d:\v2.0\a1\_work\dbded102\bin\release.anycpu\sps.service\ms.vs.services.commerce.l0.tests\ms.vs.services.commerce.l0.tests.dll" priority="1" id="24c23a84-2631-c95d-4ca4-a3312878772e">
      <Owners>
        <Owner name="vsc" />
      </Owners>
      <Execution id="a0a4032c-7f80-4aab-8d05-8496ebcae731" />
      <TestMethod codeBase="D:\v2.0\A1\_work\dbded102\bin\Release.AnyCPU\Sps.Service\MS.VS.Services.Commerce.L0.Tests\MS.VS.Services.Commerce.L0.Tests.dll" adapterTypeName="Microsoft.VisualStudio.TestTools.TestTypes.Unit.UnitTestAdapter" className="MS.VS.Services.Commerce.L0.Tests.RestServices.Controllers.CloudServicesControllerTests" name="CloudServicesController_GetAllResourcesInCloudServiceInvalidGuid" />
    </UnitTest>
    <UnitTest name="CloudServicesController_DeleteCloudService" storage="d:\v2.0\a1\_work\dbded102\bin\release.anycpu\sps.service\ms.vs.services.commerce.l0.tests\ms.vs.services.commerce.l0.tests.dll" priority="1" id="7900149b-3071-6050-cdab-bbaac6f33972">
      <Owners>
        <Owner name="vsc" />
      </Owners>
      <Execution id="e7f63a92-42b3-4b20-91a2-4cb144a08dfc" />
      <TestMethod codeBase="D:\v2.0\A1\_work\dbded102\bin\Release.AnyCPU\Sps.Service\MS.VS.Services.Commerce.L0.Tests\MS.VS.Services.Commerce.L0.Tests.dll" adapterTypeName="Microsoft.VisualStudio.TestTools.TestTypes.Unit.UnitTestAdapter" className="MS.VS.Services.Commerce.L0.Tests.RestServices.Controllers.CloudServicesControllerTests" name="CloudServicesController_DeleteCloudService" />
    </UnitTest>
    <UnitTest name="CloudServicesController_DeleteCloudServiceArguementException" storage="d:\v2.0\a1\_work\dbded102\bin\release.anycpu\sps.service\ms.vs.services.commerce.l0.tests\ms.vs.services.commerce.l0.tests.dll" priority="1" id="0e956bb4-bb31-0240-ce33-6a4fc7310444">
      <Owners>
        <Owner name="vsc" />
      </Owners>
      <Execution id="eb1c15e3-41dc-4f21-9f50-11d575f97336" />
      <TestMethod codeBase="D:\v2.0\A1\_work\dbded102\bin\Release.AnyCPU\Sps.Service\MS.VS.Services.Commerce.L0.Tests\MS.VS.Services.Commerce.L0.Tests.dll" adapterTypeName="Microsoft.VisualStudio.TestTools.TestTypes.Unit.UnitTestAdapter" className="MS.VS.Services.Commerce.L0.Tests.RestServices.Controllers.CloudServicesControllerTests" name="CloudServicesController_DeleteCloudServiceArguementException" />
    </UnitTest>
    <UnitTest name="CloudServicesController_PutCloudService" storage="d:\v2.0\a1\_work\dbded102\bin\release.anycpu\sps.service\ms.vs.services.commerce.l0.tests\ms.vs.services.commerce.l0.tests.dll" priority="1" id="ea35c565-642a-61d5-12c8-a3fb717b276d">
      <Owners>
        <Owner name="vsc" />
      </Owners>
      <Execution id="302ad149-9bf5-4844-a818-2b519035b7f3" />
      <TestMethod codeBase="D:\v2.0\A1\_work\dbded102\bin\Release.AnyCPU\Sps.Service\MS.VS.Services.Commerce.L0.Tests\MS.VS.Services.Commerce.L0.Tests.dll" adapterTypeName="Microsoft.VisualStudio.TestTools.TestTypes.Unit.UnitTestAdapter" className="MS.VS.Services.Commerce.L0.Tests.RestServices.Controllers.CloudServicesControllerTests" name="CloudServicesController_PutCloudService" />
    </UnitTest>
    <UnitTest name="CommerceController_InitializeSql" storage="d:\v2.0\a1\_work\dbded102\bin\release.anycpu\sps.service\ms.vs.services.commerce.l0.tests\ms.vs.services.commerce.l0.tests.dll" priority="1" id="77b1f942-728c-337d-6437-b9a2bbb17de0">
      <Owners>
        <Owner name="vsc" />
      </Owners>
      <Execution id="5cf20fdf-c43d-4225-805d-b93b2ab7d9d2" />
      <TestMethod codeBase="D:\v2.0\A1\_work\dbded102\bin\Release.AnyCPU\Sps.Service\MS.VS.Services.Commerce.L0.Tests\MS.VS.Services.Commerce.L0.Tests.dll" adapterTypeName="Microsoft.VisualStudio.TestTools.TestTypes.Unit.UnitTestAdapter" className="MS.VS.Services.Commerce.L0.Tests.RestServices.Controllers.CommerceControllerTests" name="CommerceController_InitializeSql" />
    </UnitTest>
    <UnitTest name="CommerceController_ConstructSqlComponentBase" storage="d:\v2.0\a1\_work\dbded102\bin\release.anycpu\sps.service\ms.vs.services.commerce.l0.tests\ms.vs.services.commerce.l0.tests.dll" priority="1" id="8c91fd57-279d-9e35-cb35-56e3f3dc357d">
      <Owners>
        <Owner name="vsc" />
      </Owners>
      <Execution id="9af64cd9-f6eb-4b54-b1c6-8b0feb63bdd7" />
      <TestMethod codeBase="D:\v2.0\A1\_work\dbded102\bin\Release.AnyCPU\Sps.Service\MS.VS.Services.Commerce.L0.Tests\MS.VS.Services.Commerce.L0.Tests.dll" adapterTypeName="Microsoft.VisualStudio.TestTools.TestTypes.Unit.UnitTestAdapter" className="MS.VS.Services.Commerce.L0.Tests.RestServices.Controllers.CommerceControllerTests" name="CommerceController_ConstructSqlComponentBase" />
    </UnitTest>
    <UnitTest name="CommerceController_ConsturctSqlComponentNoBase" storage="d:\v2.0\a1\_work\dbded102\bin\release.anycpu\sps.service\ms.vs.services.commerce.l0.tests\ms.vs.services.commerce.l0.tests.dll" priority="1" id="6e5b8a99-a7d7-fe8f-5063-2089799dc07a">
      <Owners>
        <Owner name="vsc" />
      </Owners>
      <Execution id="7696b91f-26b9-4cd9-94a1-cc9601e7a84a" />
      <TestMethod codeBase="D:\v2.0\A1\_work\dbded102\bin\Release.AnyCPU\Sps.Service\MS.VS.Services.Commerce.L0.Tests\MS.VS.Services.Commerce.L0.Tests.dll" adapterTypeName="Microsoft.VisualStudio.TestTools.TestTypes.Unit.UnitTestAdapter" className="MS.VS.Services.Commerce.L0.Tests.RestServices.Controllers.CommerceControllerTests" name="CommerceController_ConsturctSqlComponentNoBase" />
    </UnitTest>
    <UnitTest name="CommerceEventsController_InitializeSql" storage="d:\v2.0\a1\_work\dbded102\bin\release.anycpu\sps.service\ms.vs.services.commerce.l0.tests\ms.vs.services.commerce.l0.tests.dll" priority="1" id="b7a184c8-9310-1c39-5d89-e335fa3df3fa">
      <Owners>
        <Owner name="vsc" />
      </Owners>
      <Execution id="08e275fe-e5e9-4fa7-b429-3ef3ef140f6d" />
      <TestMethod codeBase="D:\v2.0\A1\_work\dbded102\bin\Release.AnyCPU\Sps.Service\MS.VS.Services.Commerce.L0.Tests\MS.VS.Services.Commerce.L0.Tests.dll" adapterTypeName="Microsoft.VisualStudio.TestTools.TestTypes.Unit.UnitTestAdapter" className="MS.VS.Services.Commerce.L0.Tests.RestServices.Controllers.CommerceEventsControllerTests" name="CommerceEventsController_InitializeSql" />
    </UnitTest>
    <UnitTest name="CommerceEventsController_BadFormatters" storage="d:\v2.0\a1\_work\dbded102\bin\release.anycpu\sps.service\ms.vs.services.commerce.l0.tests\ms.vs.services.commerce.l0.tests.dll" priority="1" id="72c1ce5c-1a96-7fb4-6b92-3c1659feacaa">
      <Owners>
        <Owner name="vsc" />
      </Owners>
      <Execution id="38b1e8fb-435f-439b-b27b-2cdb0b18fd05" />
      <TestMethod codeBase="D:\v2.0\A1\_work\dbded102\bin\Release.AnyCPU\Sps.Service\MS.VS.Services.Commerce.L0.Tests\MS.VS.Services.Commerce.L0.Tests.dll" adapterTypeName="Microsoft.VisualStudio.TestTools.TestTypes.Unit.UnitTestAdapter" className="MS.VS.Services.Commerce.L0.Tests.RestServices.Controllers.CommerceEventsControllerTests" name="CommerceEventsController_BadFormatters" />
    </UnitTest>
    <UnitTest name="CommerceEventsController_HandleSubscriptionNotificationEnabled" storage="d:\v2.0\a1\_work\dbded102\bin\release.anycpu\sps.service\ms.vs.services.commerce.l0.tests\ms.vs.services.commerce.l0.tests.dll" priority="1" id="5d8d504c-6d20-00f9-9ec5-8ef00c4d101e">
      <Owners>
        <Owner name="vsc" />
      </Owners>
      <Execution id="bcc14126-b885-4695-a72a-9e74482f314b" />
      <TestMethod codeBase="D:\v2.0\A1\_work\dbded102\bin\Release.AnyCPU\Sps.Service\MS.VS.Services.Commerce.L0.Tests\MS.VS.Services.Commerce.L0.Tests.dll" adapterTypeName="Microsoft.VisualStudio.TestTools.TestTypes.Unit.UnitTestAdapter" className="MS.VS.Services.Commerce.L0.Tests.RestServices.Controllers.CommerceEventsControllerTests" name="CommerceEventsController_HandleSubscriptionNotificationEnabled" />
    </UnitTest>
    <UnitTest name="CommerceEventsController_HandleSubscriptionNotifaction_DefaultTime" storage="d:\v2.0\a1\_work\dbded102\bin\release.anycpu\sps.service\ms.vs.services.commerce.l0.tests\ms.vs.services.commerce.l0.tests.dll" priority="1" id="f3ab039c-0511-6665-5b44-00ee4fa9a7b3">
      <Owners>
        <Owner name="vsc" />
      </Owners>
      <Execution id="96bb1cfc-7ccf-40b7-b116-6b55a348098c" />
      <TestMethod codeBase="D:\v2.0\A1\_work\dbded102\bin\Release.AnyCPU\Sps.Service\MS.VS.Services.Commerce.L0.Tests\MS.VS.Services.Commerce.L0.Tests.dll" adapterTypeName="Microsoft.VisualStudio.TestTools.TestTypes.Unit.UnitTestAdapter" className="MS.VS.Services.Commerce.L0.Tests.RestServices.Controllers.CommerceEventsControllerTests" name="CommerceEventsController_HandleSubscriptionNotifaction_DefaultTime" />
    </UnitTest>
    <UnitTest name="CommerceEventsController_HandleSubscriptionNotifactionEnable" storage="d:\v2.0\a1\_work\dbded102\bin\release.anycpu\sps.service\ms.vs.services.commerce.l0.tests\ms.vs.services.commerce.l0.tests.dll" priority="1" id="6b7ea0ff-5453-c2f0-ef44-9a83bb82e29c">
      <Owners>
        <Owner name="vsc" />
      </Owners>
      <Execution id="2939e90f-42cd-4741-890c-659e1feea6eb" />
      <TestMethod codeBase="D:\v2.0\A1\_work\dbded102\bin\Release.AnyCPU\Sps.Service\MS.VS.Services.Commerce.L0.Tests\MS.VS.Services.Commerce.L0.Tests.dll" adapterTypeName="Microsoft.VisualStudio.TestTools.TestTypes.Unit.UnitTestAdapter" className="MS.VS.Services.Commerce.L0.Tests.RestServices.Controllers.CommerceEventsControllerTests" name="CommerceEventsController_HandleSubscriptionNotifactionEnable" />
    </UnitTest>
    <UnitTest name="CommerceEventsController_HandleSubscriptionNotifactionEnableNegative" storage="d:\v2.0\a1\_work\dbded102\bin\release.anycpu\sps.service\ms.vs.services.commerce.l0.tests\ms.vs.services.commerce.l0.tests.dll" priority="1" id="e442aef2-5770-6211-3313-0df402d44a2c">
      <Owners>
        <Owner name="vsc" />
      </Owners>
      <Execution id="6f424917-1a69-4939-8924-512c6550aeed" />
      <TestMethod codeBase="D:\v2.0\A1\_work\dbded102\bin\Release.AnyCPU\Sps.Service\MS.VS.Services.Commerce.L0.Tests\MS.VS.Services.Commerce.L0.Tests.dll" adapterTypeName="Microsoft.VisualStudio.TestTools.TestTypes.Unit.UnitTestAdapter" className="MS.VS.Services.Commerce.L0.Tests.RestServices.Controllers.CommerceEventsControllerTests" name="CommerceEventsController_HandleSubscriptionNotifactionEnableNegative" />
    </UnitTest>
    <UnitTest name="CommerceEventsController_HandleSubscriptionNotifactionDisabled" storage="d:\v2.0\a1\_work\dbded102\bin\release.anycpu\sps.service\ms.vs.services.commerce.l0.tests\ms.vs.services.commerce.l0.tests.dll" priority="1" id="92d48632-04e3-f479-8795-52a85c7e4cce">
      <Owners>
        <Owner name="vsc" />
      </Owners>
      <Execution id="32370e73-1b39-4f43-a83a-d4e4caf13199" />
      <TestMethod codeBase="D:\v2.0\A1\_work\dbded102\bin\Release.AnyCPU\Sps.Service\MS.VS.Services.Commerce.L0.Tests\MS.VS.Services.Commerce.L0.Tests.dll" adapterTypeName="Microsoft.VisualStudio.TestTools.TestTypes.Unit.UnitTestAdapter" className="MS.VS.Services.Commerce.L0.Tests.RestServices.Controllers.CommerceEventsControllerTests" name="CommerceEventsController_HandleSubscriptionNotifactionDisabled" />
    </UnitTest>
    <UnitTest name="CommerceEventsController_HandleSubscriptionNotifactionDeleted" storage="d:\v2.0\a1\_work\dbded102\bin\release.anycpu\sps.service\ms.vs.services.commerce.l0.tests\ms.vs.services.commerce.l0.tests.dll" priority="1" id="d8e4bf9a-8c06-8325-0bfe-33d9ef9042de">
      <Owners>
        <Owner name="vsc" />
      </Owners>
      <Execution id="0260eaf2-9cfb-404a-902a-9e1c21a7cbd7" />
      <TestMethod codeBase="D:\v2.0\A1\_work\dbded102\bin\Release.AnyCPU\Sps.Service\MS.VS.Services.Commerce.L0.Tests\MS.VS.Services.Commerce.L0.Tests.dll" adapterTypeName="Microsoft.VisualStudio.TestTools.TestTypes.Unit.UnitTestAdapter" className="MS.VS.Services.Commerce.L0.Tests.RestServices.Controllers.CommerceEventsControllerTests" name="CommerceEventsController_HandleSubscriptionNotifactionDeleted" />
    </UnitTest>
    <UnitTest name="ResourceGroupController_GetResources" storage="d:\v2.0\a1\_work\dbded102\bin\release.anycpu\sps.service\ms.vs.services.commerce.l0.tests\ms.vs.services.commerce.l0.tests.dll" priority="1" id="b71067db-1ba0-ec7f-3020-cf00292a5edf">
      <Owners>
        <Owner name="vsc" />
      </Owners>
      <Execution id="b050dcd2-d6d5-4ac1-9031-f9404863f77f" />
      <TestMethod codeBase="D:\v2.0\A1\_work\dbded102\bin\Release.AnyCPU\Sps.Service\MS.VS.Services.Commerce.L0.Tests\MS.VS.Services.Commerce.L0.Tests.dll" adapterTypeName="Microsoft.VisualStudio.TestTools.TestTypes.Unit.UnitTestAdapter" className="MS.VS.Services.Commerce.L0.Tests.RestServices.Controllers.CsmV2ResourceGroupControllerTests" name="ResourceGroupController_GetResources" />
    </UnitTest>
    <UnitTest name="ResourceController_DeleteResourceTest" storage="d:\v2.0\a1\_work\dbded102\bin\release.anycpu\sps.service\ms.vs.services.commerce.l0.tests\ms.vs.services.commerce.l0.tests.dll" priority="1" id="fb0acc19-e031-cfa3-9806-37a2e356839a">
      <Owners>
        <Owner name="vsc" />
      </Owners>
      <Execution id="9301d7f5-a17d-4cca-bdaa-a3fafd1aae35" />
      <TestMethod codeBase="D:\v2.0\A1\_work\dbded102\bin\Release.AnyCPU\Sps.Service\MS.VS.Services.Commerce.L0.Tests\MS.VS.Services.Commerce.L0.Tests.dll" adapterTypeName="Microsoft.VisualStudio.TestTools.TestTypes.Unit.UnitTestAdapter" className="MS.VS.Services.Commerce.L0.Tests.RestServices.Controllers.CsmV2ResourceControllerTests" name="ResourceController_DeleteResourceTest" />
    </UnitTest>
    <UnitTest name="ResourceController_DeleteResourceTest_NonmatchingResourceType" storage="d:\v2.0\a1\_work\dbded102\bin\release.anycpu\sps.service\ms.vs.services.commerce.l0.tests\ms.vs.services.commerce.l0.tests.dll" priority="1" id="24297132-6086-0543-5375-fe7a3929b485">
      <Owners>
        <Owner name="vsc" />
      </Owners>
      <Execution id="44b963df-602b-4ebb-896d-50543dcb3aad" />
      <TestMethod codeBase="D:\v2.0\A1\_work\dbded102\bin\Release.AnyCPU\Sps.Service\MS.VS.Services.Commerce.L0.Tests\MS.VS.Services.Commerce.L0.Tests.dll" adapterTypeName="Microsoft.VisualStudio.TestTools.TestTypes.Unit.UnitTestAdapter" className="MS.VS.Services.Commerce.L0.Tests.RestServices.Controllers.CsmV2ResourceControllerTests" name="ResourceController_DeleteResourceTest_NonmatchingResourceType" />
    </UnitTest>
    <UnitTest name="ResourceController_DeleteResourceTest_SoftDeleteEnabled" storage="d:\v2.0\a1\_work\dbded102\bin\release.anycpu\sps.service\ms.vs.services.commerce.l0.tests\ms.vs.services.commerce.l0.tests.dll" priority="1" id="e5a55388-a716-8d0c-f257-0ea510bdce63">
      <Owners>
        <Owner name="vsc" />
      </Owners>
      <Execution id="6d0cc0b5-3c68-4115-9b4b-9438ac91ffec" />
      <TestMethod codeBase="D:\v2.0\A1\_work\dbded102\bin\Release.AnyCPU\Sps.Service\MS.VS.Services.Commerce.L0.Tests\MS.VS.Services.Commerce.L0.Tests.dll" adapterTypeName="Microsoft.VisualStudio.TestTools.TestTypes.Unit.UnitTestAdapter" className="MS.VS.Services.Commerce.L0.Tests.RestServices.Controllers.CsmV2ResourceControllerTests" name="ResourceController_DeleteResourceTest_SoftDeleteEnabled" />
    </UnitTest>
    <UnitTest name="ResourceController_GetResource" storage="d:\v2.0\a1\_work\dbded102\bin\release.anycpu\sps.service\ms.vs.services.commerce.l0.tests\ms.vs.services.commerce.l0.tests.dll" priority="1" id="fe4d4209-1fcd-e95b-06e9-88aab3686d86">
      <Owners>
        <Owner name="vsc" />
      </Owners>
      <Execution id="cf1b3f5a-20c6-486d-b91c-c9ac73a87d1a" />
      <TestMethod codeBase="D:\v2.0\A1\_work\dbded102\bin\Release.AnyCPU\Sps.Service\MS.VS.Services.Commerce.L0.Tests\MS.VS.Services.Commerce.L0.Tests.dll" adapterTypeName="Microsoft.VisualStudio.TestTools.TestTypes.Unit.UnitTestAdapter" className="MS.VS.Services.Commerce.L0.Tests.RestServices.Controllers.CsmV2ResourceControllerTests" name="ResourceController_GetResource" />
    </UnitTest>
    <UnitTest name="ResourceController_GetAzureResourceAccountWithFallback" storage="d:\v2.0\a1\_work\dbded102\bin\release.anycpu\sps.service\ms.vs.services.commerce.l0.tests\ms.vs.services.commerce.l0.tests.dll" priority="1" id="003f2b5b-3770-70f0-32aa-cffdacc4636e">
      <Owners>
        <Owner name="vsc" />
      </Owners>
      <Execution id="1f847cd2-763e-4733-b227-3887735a608c" />
      <TestMethod codeBase="D:\v2.0\A1\_work\dbded102\bin\Release.AnyCPU\Sps.Service\MS.VS.Services.Commerce.L0.Tests\MS.VS.Services.Commerce.L0.Tests.dll" adapterTypeName="Microsoft.VisualStudio.TestTools.TestTypes.Unit.UnitTestAdapter" className="MS.VS.Services.Commerce.L0.Tests.RestServices.Controllers.CsmV2ResourceControllerTests" name="ResourceController_GetAzureResourceAccountWithFallback" />
    </UnitTest>
    <UnitTest name="ResourceController_GetResource_NotExisting_NullResource" storage="d:\v2.0\a1\_work\dbded102\bin\release.anycpu\sps.service\ms.vs.services.commerce.l0.tests\ms.vs.services.commerce.l0.tests.dll" priority="1" id="8373a1bf-af3c-5111-721e-6bb16bf7cffa">
      <Owners>
        <Owner name="vsc" />
      </Owners>
      <Execution id="3eace208-c417-47c5-81cd-46db6292adad" />
      <TestMethod codeBase="D:\v2.0\A1\_work\dbded102\bin\Release.AnyCPU\Sps.Service\MS.VS.Services.Commerce.L0.Tests\MS.VS.Services.Commerce.L0.Tests.dll" adapterTypeName="Microsoft.VisualStudio.TestTools.TestTypes.Unit.UnitTestAdapter" className="MS.VS.Services.Commerce.L0.Tests.RestServices.Controllers.CsmV2ResourceControllerTests" name="ResourceController_GetResource_NotExisting_NullResource" />
    </UnitTest>
    <UnitTest name="ResourceController_GetResource_NotExisting_EmptyAccountGuid" storage="d:\v2.0\a1\_work\dbded102\bin\release.anycpu\sps.service\ms.vs.services.commerce.l0.tests\ms.vs.services.commerce.l0.tests.dll" priority="1" id="5914497b-3800-fbb6-ed45-a1ae55cb7d19">
      <Owners>
        <Owner name="vsc" />
      </Owners>
      <Execution id="7fe94330-1eec-4b75-9268-4bac2fc753de" />
      <TestMethod codeBase="D:\v2.0\A1\_work\dbded102\bin\Release.AnyCPU\Sps.Service\MS.VS.Services.Commerce.L0.Tests\MS.VS.Services.Commerce.L0.Tests.dll" adapterTypeName="Microsoft.VisualStudio.TestTools.TestTypes.Unit.UnitTestAdapter" className="MS.VS.Services.Commerce.L0.Tests.RestServices.Controllers.CsmV2ResourceControllerTests" name="ResourceController_GetResource_NotExisting_EmptyAccountGuid" />
    </UnitTest>
    <UnitTest name="ResourceController_GetResource_NotExisting_MismatchResourceGroup" storage="d:\v2.0\a1\_work\dbded102\bin\release.anycpu\sps.service\ms.vs.services.commerce.l0.tests\ms.vs.services.commerce.l0.tests.dll" priority="1" id="bb07d4ff-b0b7-186a-45e1-c6d1c27d4b05">
      <Owners>
        <Owner name="vsc" />
      </Owners>
      <Execution id="c94e4708-9e4d-4611-b7c3-60a9aa8cdc4d" />
      <TestMethod codeBase="D:\v2.0\A1\_work\dbded102\bin\Release.AnyCPU\Sps.Service\MS.VS.Services.Commerce.L0.Tests\MS.VS.Services.Commerce.L0.Tests.dll" adapterTypeName="Microsoft.VisualStudio.TestTools.TestTypes.Unit.UnitTestAdapter" className="MS.VS.Services.Commerce.L0.Tests.RestServices.Controllers.CsmV2ResourceControllerTests" name="ResourceController_GetResource_NotExisting_MismatchResourceGroup" />
    </UnitTest>
    <UnitTest name="ResourceController_CreateAccountReturnsExistingAccount" storage="d:\v2.0\a1\_work\dbded102\bin\release.anycpu\sps.service\ms.vs.services.commerce.l0.tests\ms.vs.services.commerce.l0.tests.dll" priority="1" id="2bdc78cd-2de2-93c9-e856-64d1ddbcee40">
      <Owners>
        <Owner name="vsc" />
      </Owners>
      <Execution id="cbdb0b16-add8-4454-84b6-2a24cb356f2c" />
      <TestMethod codeBase="D:\v2.0\A1\_work\dbded102\bin\Release.AnyCPU\Sps.Service\MS.VS.Services.Commerce.L0.Tests\MS.VS.Services.Commerce.L0.Tests.dll" adapterTypeName="Microsoft.VisualStudio.TestTools.TestTypes.Unit.UnitTestAdapter" className="MS.VS.Services.Commerce.L0.Tests.RestServices.Controllers.CsmV2ResourceControllerTests" name="ResourceController_CreateAccountReturnsExistingAccount" />
    </UnitTest>
    <UnitTest name="ResourceController_CreateAccountReturnsNewAccount" storage="d:\v2.0\a1\_work\dbded102\bin\release.anycpu\sps.service\ms.vs.services.commerce.l0.tests\ms.vs.services.commerce.l0.tests.dll" priority="1" id="c1174def-5867-2323-c904-d137cdaee061">
      <Owners>
        <Owner name="vsc" />
      </Owners>
      <Execution id="5ff7f950-5c46-4e16-9461-d5ea34344200" />
      <TestMethod codeBase="D:\v2.0\A1\_work\dbded102\bin\Release.AnyCPU\Sps.Service\MS.VS.Services.Commerce.L0.Tests\MS.VS.Services.Commerce.L0.Tests.dll" adapterTypeName="Microsoft.VisualStudio.TestTools.TestTypes.Unit.UnitTestAdapter" className="MS.VS.Services.Commerce.L0.Tests.RestServices.Controllers.CsmV2ResourceControllerTests" name="ResourceController_CreateAccountReturnsNewAccount" />
    </UnitTest>
    <UnitTest name="ResourceController_CreateAccountLinksExistingAccount" storage="d:\v2.0\a1\_work\dbded102\bin\release.anycpu\sps.service\ms.vs.services.commerce.l0.tests\ms.vs.services.commerce.l0.tests.dll" priority="1" id="2c5baab6-8e58-5643-eb35-dd8182cfef96">
      <Owners>
        <Owner name="vsc" />
      </Owners>
      <Execution id="8e5af8ac-0685-4b54-9d46-07deb03a5538" />
      <TestMethod codeBase="D:\v2.0\A1\_work\dbded102\bin\Release.AnyCPU\Sps.Service\MS.VS.Services.Commerce.L0.Tests\MS.VS.Services.Commerce.L0.Tests.dll" adapterTypeName="Microsoft.VisualStudio.TestTools.TestTypes.Unit.UnitTestAdapter" className="MS.VS.Services.Commerce.L0.Tests.RestServices.Controllers.CsmV2ResourceControllerTests" name="ResourceController_CreateAccountLinksExistingAccount" />
    </UnitTest>
    <UnitTest name="ResourceController_CheckIbizaSourceLinkExistingAccount" storage="d:\v2.0\a1\_work\dbded102\bin\release.anycpu\sps.service\ms.vs.services.commerce.l0.tests\ms.vs.services.commerce.l0.tests.dll" priority="2" id="e1631e91-6c21-c340-2df5-ea37a1c2cf47">
      <Owners>
        <Owner name="vsc" />
      </Owners>
      <Execution id="ab90fa9b-2243-4017-b78b-97744535cf00" />
      <TestMethod codeBase="D:\v2.0\A1\_work\dbded102\bin\Release.AnyCPU\Sps.Service\MS.VS.Services.Commerce.L0.Tests\MS.VS.Services.Commerce.L0.Tests.dll" adapterTypeName="Microsoft.VisualStudio.TestTools.TestTypes.Unit.UnitTestAdapter" className="MS.VS.Services.Commerce.L0.Tests.RestServices.Controllers.CsmV2ResourceControllerTests" name="ResourceController_CheckIbizaSourceLinkExistingAccount" />
    </UnitTest>
    <UnitTest name="ResourceController_SaveAccountTags" storage="d:\v2.0\a1\_work\dbded102\bin\release.anycpu\sps.service\ms.vs.services.commerce.l0.tests\ms.vs.services.commerce.l0.tests.dll" priority="1" id="7f7ee4bf-d768-0039-7bb5-9a4840e92235">
      <Owners>
        <Owner name="vsc" />
      </Owners>
      <Execution id="868732fc-9459-4c79-9a35-15660cc92a7c" />
      <TestMethod codeBase="D:\v2.0\A1\_work\dbded102\bin\Release.AnyCPU\Sps.Service\MS.VS.Services.Commerce.L0.Tests\MS.VS.Services.Commerce.L0.Tests.dll" adapterTypeName="Microsoft.VisualStudio.TestTools.TestTypes.Unit.UnitTestAdapter" className="MS.VS.Services.Commerce.L0.Tests.RestServices.Controllers.CsmV2ResourceControllerTests" name="ResourceController_SaveAccountTags" />
    </UnitTest>
    <UnitTest name="ResourceController_GetResourceNotExisting" storage="d:\v2.0\a1\_work\dbded102\bin\release.anycpu\sps.service\ms.vs.services.commerce.l0.tests\ms.vs.services.commerce.l0.tests.dll" priority="1" id="eb455cdc-3bcd-60ba-92c4-ece4a5e120d9">
      <Owners>
        <Owner name="vsc" />
      </Owners>
      <Execution id="1179b208-605a-4e3e-8ada-04c6d386ca6b" />
      <TestMethod codeBase="D:\v2.0\A1\_work\dbded102\bin\Release.AnyCPU\Sps.Service\MS.VS.Services.Commerce.L0.Tests\MS.VS.Services.Commerce.L0.Tests.dll" adapterTypeName="Microsoft.VisualStudio.TestTools.TestTypes.Unit.UnitTestAdapter" className="MS.VS.Services.Commerce.L0.Tests.RestServices.Controllers.CsmV2ResourceControllerTests" name="ResourceController_GetResourceNotExisting" />
    </UnitTest>
    <UnitTest name="ResourceController_LinkAccount" storage="d:\v2.0\a1\_work\dbded102\bin\release.anycpu\sps.service\ms.vs.services.commerce.l0.tests\ms.vs.services.commerce.l0.tests.dll" priority="1" id="07bda7c0-de1a-63e7-3260-d39474e5cf5d">
      <Owners>
        <Owner name="vsc" />
      </Owners>
      <Execution id="82001d08-dbf6-421f-bf9b-3083b1325449" />
      <TestMethod codeBase="D:\v2.0\A1\_work\dbded102\bin\Release.AnyCPU\Sps.Service\MS.VS.Services.Commerce.L0.Tests\MS.VS.Services.Commerce.L0.Tests.dll" adapterTypeName="Microsoft.VisualStudio.TestTools.TestTypes.Unit.UnitTestAdapter" className="MS.VS.Services.Commerce.L0.Tests.RestServices.Controllers.CsmV2ResourceControllerTests" name="ResourceController_LinkAccount" />
    </UnitTest>
    <UnitTest name="ResourceController_UpdateAccount" storage="d:\v2.0\a1\_work\dbded102\bin\release.anycpu\sps.service\ms.vs.services.commerce.l0.tests\ms.vs.services.commerce.l0.tests.dll" priority="1" id="6cea9572-e6dc-92aa-ded4-ef488cec75f0">
      <Owners>
        <Owner name="vsc" />
      </Owners>
      <Execution id="5ed8cc1a-26ad-42b6-aeec-6e4522e552ef" />
      <TestMethod codeBase="D:\v2.0\A1\_work\dbded102\bin\Release.AnyCPU\Sps.Service\MS.VS.Services.Commerce.L0.Tests\MS.VS.Services.Commerce.L0.Tests.dll" adapterTypeName="Microsoft.VisualStudio.TestTools.TestTypes.Unit.UnitTestAdapter" className="MS.VS.Services.Commerce.L0.Tests.RestServices.Controllers.CsmV2ResourceControllerTests" name="ResourceController_UpdateAccount" />
    </UnitTest>
    <UnitTest name="SubscriptionController_GetAccountsForSubscriptionTest" storage="d:\v2.0\a1\_work\dbded102\bin\release.anycpu\sps.service\ms.vs.services.commerce.l0.tests\ms.vs.services.commerce.l0.tests.dll" priority="1" id="4024034c-3419-7591-12f8-54d66b9fc4d5">
      <Owners>
        <Owner name="vsc" />
      </Owners>
      <Execution id="d3580c58-966d-4b0a-92ab-d977a3ed7118" />
      <TestMethod codeBase="D:\v2.0\A1\_work\dbded102\bin\Release.AnyCPU\Sps.Service\MS.VS.Services.Commerce.L0.Tests\MS.VS.Services.Commerce.L0.Tests.dll" adapterTypeName="Microsoft.VisualStudio.TestTools.TestTypes.Unit.UnitTestAdapter" className="MS.VS.Services.Commerce.L0.Tests.RestServices.Controllers.CsmV2SubscriptionControllerTests" name="SubscriptionController_GetAccountsForSubscriptionTest" />
    </UnitTest>
    <UnitTest name="SubscriptionController_GetAccountsForOwnerTest" storage="d:\v2.0\a1\_work\dbded102\bin\release.anycpu\sps.service\ms.vs.services.commerce.l0.tests\ms.vs.services.commerce.l0.tests.dll" priority="1" id="5aa3afc9-44ff-77d1-3915-c00f0524cdcb">
      <Owners>
        <Owner name="vsc" />
      </Owners>
      <Execution id="4867e5ef-276a-4e41-9247-b957bf832c72" />
      <TestMethod codeBase="D:\v2.0\A1\_work\dbded102\bin\Release.AnyCPU\Sps.Service\MS.VS.Services.Commerce.L0.Tests\MS.VS.Services.Commerce.L0.Tests.dll" adapterTypeName="Microsoft.VisualStudio.TestTools.TestTypes.Unit.UnitTestAdapter" className="MS.VS.Services.Commerce.L0.Tests.RestServices.Controllers.CsmV2SubscriptionControllerTests" name="SubscriptionController_GetAccountsForOwnerTest" />
    </UnitTest>
    <UnitTest name="SubscriptionController_CreateSubscriptionTest" storage="d:\v2.0\a1\_work\dbded102\bin\release.anycpu\sps.service\ms.vs.services.commerce.l0.tests\ms.vs.services.commerce.l0.tests.dll" priority="1" id="8dc4c0af-8b2e-d5e7-9a9a-3c6a6af427a8">
      <Owners>
        <Owner name="vsc" />
      </Owners>
      <Execution id="45019859-cec9-481e-bfd6-fbf920b9852e" />
      <TestMethod codeBase="D:\v2.0\A1\_work\dbded102\bin\Release.AnyCPU\Sps.Service\MS.VS.Services.Commerce.L0.Tests\MS.VS.Services.Commerce.L0.Tests.dll" adapterTypeName="Microsoft.VisualStudio.TestTools.TestTypes.Unit.UnitTestAdapter" className="MS.VS.Services.Commerce.L0.Tests.RestServices.Controllers.CsmV2SubscriptionControllerTests" name="SubscriptionController_CreateSubscriptionTest" />
    </UnitTest>
    <UnitTest name="SubscriptionController_LinkAccountTest" storage="d:\v2.0\a1\_work\dbded102\bin\release.anycpu\sps.service\ms.vs.services.commerce.l0.tests\ms.vs.services.commerce.l0.tests.dll" priority="1" id="1d4521b8-2ed9-484a-e248-b4a81866a22a">
      <Owners>
        <Owner name="vsc" />
      </Owners>
      <Execution id="92d436b5-a53c-4180-97d6-fe4de1e3946d" />
      <TestMethod codeBase="D:\v2.0\A1\_work\dbded102\bin\Release.AnyCPU\Sps.Service\MS.VS.Services.Commerce.L0.Tests\MS.VS.Services.Commerce.L0.Tests.dll" adapterTypeName="Microsoft.VisualStudio.TestTools.TestTypes.Unit.UnitTestAdapter" className="MS.VS.Services.Commerce.L0.Tests.RestServices.Controllers.CsmV2SubscriptionControllerTests" name="SubscriptionController_LinkAccountTest" />
    </UnitTest>
    <UnitTest name="SubscriptionController_UnlinkAccountTest" storage="d:\v2.0\a1\_work\dbded102\bin\release.anycpu\sps.service\ms.vs.services.commerce.l0.tests\ms.vs.services.commerce.l0.tests.dll" priority="1" id="28185e03-ee9c-af7a-3dd1-6958200b4250">
      <Owners>
        <Owner name="vsc" />
      </Owners>
      <Execution id="b9a30993-080f-45d5-bdbc-2495393c099e" />
      <TestMethod codeBase="D:\v2.0\A1\_work\dbded102\bin\Release.AnyCPU\Sps.Service\MS.VS.Services.Commerce.L0.Tests\MS.VS.Services.Commerce.L0.Tests.dll" adapterTypeName="Microsoft.VisualStudio.TestTools.TestTypes.Unit.UnitTestAdapter" className="MS.VS.Services.Commerce.L0.Tests.RestServices.Controllers.CsmV2SubscriptionControllerTests" name="SubscriptionController_UnlinkAccountTest" />
    </UnitTest>
    <UnitTest name="SubscriptionController_GetSubscriptionTest" storage="d:\v2.0\a1\_work\dbded102\bin\release.anycpu\sps.service\ms.vs.services.commerce.l0.tests\ms.vs.services.commerce.l0.tests.dll" priority="1" id="d03b406a-5ff1-6e99-011d-4b93c58a8bfa">
      <Owners>
        <Owner name="vsc" />
      </Owners>
      <Execution id="456e31d5-9a7c-41dc-9120-f54a05113943" />
      <TestMethod codeBase="D:\v2.0\A1\_work\dbded102\bin\Release.AnyCPU\Sps.Service\MS.VS.Services.Commerce.L0.Tests\MS.VS.Services.Commerce.L0.Tests.dll" adapterTypeName="Microsoft.VisualStudio.TestTools.TestTypes.Unit.UnitTestAdapter" className="MS.VS.Services.Commerce.L0.Tests.RestServices.Controllers.CsmV2SubscriptionControllerTests" name="SubscriptionController_GetSubscriptionTest" />
    </UnitTest>
    <UnitTest name="SubscriptionEvents_PutSubsRequestDataTests" storage="d:\v2.0\a1\_work\dbded102\bin\release.anycpu\sps.service\ms.vs.services.commerce.l0.tests\ms.vs.services.commerce.l0.tests.dll" priority="1" id="6ddaa317-2505-2a3e-f72f-1085625b1726">
      <Owners>
        <Owner name="vsc" />
      </Owners>
      <Execution id="2df464eb-f33d-4020-bdff-5bdd7895ae81" />
      <TestMethod codeBase="D:\v2.0\A1\_work\dbded102\bin\Release.AnyCPU\Sps.Service\MS.VS.Services.Commerce.L0.Tests\MS.VS.Services.Commerce.L0.Tests.dll" adapterTypeName="Microsoft.VisualStudio.TestTools.TestTypes.Unit.UnitTestAdapter" className="MS.VS.Services.Commerce.L0.Tests.RestServices.Controllers.CsmV2SubscriptionEventsControllerTests" name="SubscriptionEvents_PutSubsRequestDataTests" />
    </UnitTest>
    <UnitTest name="SubscriptionEvents_PutSubsRequestDataFreeTierTests" storage="d:\v2.0\a1\_work\dbded102\bin\release.anycpu\sps.service\ms.vs.services.commerce.l0.tests\ms.vs.services.commerce.l0.tests.dll" priority="1" id="df0adc04-5a34-274e-5214-1d724d888672">
      <Owners>
        <Owner name="vsc" />
      </Owners>
      <Execution id="5d7f06c6-1b74-4412-89fc-f9314725ce18" />
      <TestMethod codeBase="D:\v2.0\A1\_work\dbded102\bin\Release.AnyCPU\Sps.Service\MS.VS.Services.Commerce.L0.Tests\MS.VS.Services.Commerce.L0.Tests.dll" adapterTypeName="Microsoft.VisualStudio.TestTools.TestTypes.Unit.UnitTestAdapter" className="MS.VS.Services.Commerce.L0.Tests.RestServices.Controllers.CsmV2SubscriptionEventsControllerTests" name="SubscriptionEvents_PutSubsRequestDataFreeTierTests" />
    </UnitTest>
    <UnitTest name="SubscriptionEvents_PutSubsRequestDataNoQuotaIdTest" storage="d:\v2.0\a1\_work\dbded102\bin\release.anycpu\sps.service\ms.vs.services.commerce.l0.tests\ms.vs.services.commerce.l0.tests.dll" priority="1" id="e6d8d3dc-b1f1-7cd5-4847-99a226ca7655">
      <Owners>
        <Owner name="vsc" />
      </Owners>
      <Execution id="f3af0cea-6640-4cea-8039-42bf812e5c91" />
      <TestMethod codeBase="D:\v2.0\A1\_work\dbded102\bin\Release.AnyCPU\Sps.Service\MS.VS.Services.Commerce.L0.Tests\MS.VS.Services.Commerce.L0.Tests.dll" adapterTypeName="Microsoft.VisualStudio.TestTools.TestTypes.Unit.UnitTestAdapter" className="MS.VS.Services.Commerce.L0.Tests.RestServices.Controllers.CsmV2SubscriptionEventsControllerTests" name="SubscriptionEvents_PutSubsRequestDataNoQuotaIdTest" />
    </UnitTest>
    <UnitTest name="SubscriptionEvents_HandleRegisteredNotificationTests" storage="d:\v2.0\a1\_work\dbded102\bin\release.anycpu\sps.service\ms.vs.services.commerce.l0.tests\ms.vs.services.commerce.l0.tests.dll" priority="1" id="c3bbb384-9f13-b68f-a283-a28c75ee1205">
      <Owners>
        <Owner name="vsc" />
      </Owners>
      <Execution id="864d51a6-c219-4922-9cd0-e5cf61cdbe39" />
      <TestMethod codeBase="D:\v2.0\A1\_work\dbded102\bin\Release.AnyCPU\Sps.Service\MS.VS.Services.Commerce.L0.Tests\MS.VS.Services.Commerce.L0.Tests.dll" adapterTypeName="Microsoft.VisualStudio.TestTools.TestTypes.Unit.UnitTestAdapter" className="MS.VS.Services.Commerce.L0.Tests.RestServices.Controllers.CsmV2SubscriptionEventsControllerTests" name="SubscriptionEvents_HandleRegisteredNotificationTests" />
    </UnitTest>
    <UnitTest name="SubscriptionEvents_HandleUnregisteredNotificationTests" storage="d:\v2.0\a1\_work\dbded102\bin\release.anycpu\sps.service\ms.vs.services.commerce.l0.tests\ms.vs.services.commerce.l0.tests.dll" priority="1" id="d431e9e5-17ca-6f45-e4e9-2f204ef4c89c">
      <Owners>
        <Owner name="vsc" />
      </Owners>
      <Execution id="99fdcc66-234c-4337-a106-0fb75902035c" />
      <TestMethod codeBase="D:\v2.0\A1\_work\dbded102\bin\Release.AnyCPU\Sps.Service\MS.VS.Services.Commerce.L0.Tests\MS.VS.Services.Commerce.L0.Tests.dll" adapterTypeName="Microsoft.VisualStudio.TestTools.TestTypes.Unit.UnitTestAdapter" className="MS.VS.Services.Commerce.L0.Tests.RestServices.Controllers.CsmV2SubscriptionEventsControllerTests" name="SubscriptionEvents_HandleUnregisteredNotificationTests" />
    </UnitTest>
    <UnitTest name="SubscriptionEvents_HandleSuspendedNotificationTests" storage="d:\v2.0\a1\_work\dbded102\bin\release.anycpu\sps.service\ms.vs.services.commerce.l0.tests\ms.vs.services.commerce.l0.tests.dll" priority="1" id="4e72acb3-5abc-0dba-e8a2-d9bd7f91d93d">
      <Owners>
        <Owner name="vsc" />
      </Owners>
      <Execution id="c4bab5cf-b973-45bd-b482-1ba1e17041a2" />
      <TestMethod codeBase="D:\v2.0\A1\_work\dbded102\bin\Release.AnyCPU\Sps.Service\MS.VS.Services.Commerce.L0.Tests\MS.VS.Services.Commerce.L0.Tests.dll" adapterTypeName="Microsoft.VisualStudio.TestTools.TestTypes.Unit.UnitTestAdapter" className="MS.VS.Services.Commerce.L0.Tests.RestServices.Controllers.CsmV2SubscriptionEventsControllerTests" name="SubscriptionEvents_HandleSuspendedNotificationTests" />
    </UnitTest>
    <UnitTest name="SubscriptionEvents_HandleDeletedNotificationTests" storage="d:\v2.0\a1\_work\dbded102\bin\release.anycpu\sps.service\ms.vs.services.commerce.l0.tests\ms.vs.services.commerce.l0.tests.dll" priority="1" id="3003dd9f-2a68-1bd4-ad8c-1a0c10addeec">
      <Owners>
        <Owner name="vsc" />
      </Owners>
      <Execution id="1348da66-f7dd-44dc-adc7-25f4718bc4db" />
      <TestMethod codeBase="D:\v2.0\A1\_work\dbded102\bin\Release.AnyCPU\Sps.Service\MS.VS.Services.Commerce.L0.Tests\MS.VS.Services.Commerce.L0.Tests.dll" adapterTypeName="Microsoft.VisualStudio.TestTools.TestTypes.Unit.UnitTestAdapter" className="MS.VS.Services.Commerce.L0.Tests.RestServices.Controllers.CsmV2SubscriptionEventsControllerTests" name="SubscriptionEvents_HandleDeletedNotificationTests" />
    </UnitTest>
    <UnitTest name="SubscriptionEvents_HandleEnabledNotificationForExistingSubscription" storage="d:\v2.0\a1\_work\dbded102\bin\release.anycpu\sps.service\ms.vs.services.commerce.l0.tests\ms.vs.services.commerce.l0.tests.dll" priority="1" id="71318c03-7a34-ce74-e8e7-56e6feb46122">
      <Owners>
        <Owner name="vsc" />
      </Owners>
      <Execution id="8575de4d-f2a3-48f1-8df3-39e7add3b93f" />
      <TestMethod codeBase="D:\v2.0\A1\_work\dbded102\bin\Release.AnyCPU\Sps.Service\MS.VS.Services.Commerce.L0.Tests\MS.VS.Services.Commerce.L0.Tests.dll" adapterTypeName="Microsoft.VisualStudio.TestTools.TestTypes.Unit.UnitTestAdapter" className="MS.VS.Services.Commerce.L0.Tests.RestServices.Controllers.CsmV2SubscriptionEventsControllerTests" name="SubscriptionEvents_HandleEnabledNotificationForExistingSubscription" />
    </UnitTest>
    <UnitTest name="SubscriptionEvents_HandleUnknownNotificationForExistingSubscription" storage="d:\v2.0\a1\_work\dbded102\bin\release.anycpu\sps.service\ms.vs.services.commerce.l0.tests\ms.vs.services.commerce.l0.tests.dll" priority="1" id="8bec1a91-50ec-f526-835c-bb09e2f3ba96">
      <Owners>
        <Owner name="vsc" />
      </Owners>
      <Execution id="d72b82db-ad49-473d-89ea-10b9cc60769a" />
      <TestMethod codeBase="D:\v2.0\A1\_work\dbded102\bin\Release.AnyCPU\Sps.Service\MS.VS.Services.Commerce.L0.Tests\MS.VS.Services.Commerce.L0.Tests.dll" adapterTypeName="Microsoft.VisualStudio.TestTools.TestTypes.Unit.UnitTestAdapter" className="MS.VS.Services.Commerce.L0.Tests.RestServices.Controllers.CsmV2SubscriptionEventsControllerTests" name="SubscriptionEvents_HandleUnknownNotificationForExistingSubscription" />
    </UnitTest>
    <UnitTest name="SubscriptionEvents_InvalidNotificationTests" storage="d:\v2.0\a1\_work\dbded102\bin\release.anycpu\sps.service\ms.vs.services.commerce.l0.tests\ms.vs.services.commerce.l0.tests.dll" priority="1" id="28fee332-205d-4521-6e4f-72d67df9e733">
      <Owners>
        <Owner name="vsc" />
      </Owners>
      <Execution id="41832855-67f8-447d-84e6-9bab90d2ecc1" />
      <TestMethod codeBase="D:\v2.0\A1\_work\dbded102\bin\Release.AnyCPU\Sps.Service\MS.VS.Services.Commerce.L0.Tests\MS.VS.Services.Commerce.L0.Tests.dll" adapterTypeName="Microsoft.VisualStudio.TestTools.TestTypes.Unit.UnitTestAdapter" className="MS.VS.Services.Commerce.L0.Tests.RestServices.Controllers.CsmV2SubscriptionEventsControllerTests" name="SubscriptionEvents_InvalidNotificationTests" />
    </UnitTest>
    <UnitTest name="SubscriptionEvents_ExemptFromGlobalExceptionFormattingTest" storage="d:\v2.0\a1\_work\dbded102\bin\release.anycpu\sps.service\ms.vs.services.commerce.l0.tests\ms.vs.services.commerce.l0.tests.dll" priority="1" id="f5ae338a-61b6-cbca-111d-ace61fefb335">
      <Owners>
        <Owner name="vsc" />
      </Owners>
      <Execution id="5c0a0b91-7e8b-4332-b10d-221503a39ac7" />
      <TestMethod codeBase="D:\v2.0\A1\_work\dbded102\bin\Release.AnyCPU\Sps.Service\MS.VS.Services.Commerce.L0.Tests\MS.VS.Services.Commerce.L0.Tests.dll" adapterTypeName="Microsoft.VisualStudio.TestTools.TestTypes.Unit.UnitTestAdapter" className="MS.VS.Services.Commerce.L0.Tests.RestServices.Controllers.CsmV2SubscriptionEventsControllerTests" name="SubscriptionEvents_ExemptFromGlobalExceptionFormattingTest" />
    </UnitTest>
    <UnitTest name="TestGetUsages" storage="d:\v2.0\a1\_work\dbded102\bin\release.anycpu\sps.service\ms.vs.services.commerce.l0.tests\ms.vs.services.commerce.l0.tests.dll" priority="2" id="218dd9b4-6382-bce8-5a15-af3a75cefe4e">
      <Owners>
        <Owner name="vsc" />
      </Owners>
      <Execution id="02b3966d-ec8c-4d40-9395-904de697d0b9" />
      <TestMethod codeBase="D:\v2.0\A1\_work\dbded102\bin\Release.AnyCPU\Sps.Service\MS.VS.Services.Commerce.L0.Tests\MS.VS.Services.Commerce.L0.Tests.dll" adapterTypeName="Microsoft.VisualStudio.TestTools.TestTypes.Unit.UnitTestAdapter" className="MS.VS.Services.Commerce.L0.Tests.RestServices.Controllers.MonitoringControllerTests" name="TestGetUsages" />
    </UnitTest>
    <UnitTest name="GetMetricsByNameTest_UseAggregationTables" storage="d:\v2.0\a1\_work\dbded102\bin\release.anycpu\sps.service\ms.vs.services.commerce.l0.tests\ms.vs.services.commerce.l0.tests.dll" priority="1" id="11fb472f-250e-63db-666d-710c69ec5fd1">
      <Owners>
        <Owner name="vsc" />
      </Owners>
      <Execution id="490e2927-56ef-4368-b8cc-41c7975f280b" />
      <TestMethod codeBase="D:\v2.0\A1\_work\dbded102\bin\Release.AnyCPU\Sps.Service\MS.VS.Services.Commerce.L0.Tests\MS.VS.Services.Commerce.L0.Tests.dll" adapterTypeName="Microsoft.VisualStudio.TestTools.TestTypes.Unit.UnitTestAdapter" className="MS.VS.Services.Commerce.L0.Tests.RestServices.Controllers.MonitoringControllerTests" name="GetMetricsByNameTest_UseAggregationTables" />
    </UnitTest>
    <UnitTest name="GetMetricsByCategoryTest" storage="d:\v2.0\a1\_work\dbded102\bin\release.anycpu\sps.service\ms.vs.services.commerce.l0.tests\ms.vs.services.commerce.l0.tests.dll" priority="3" id="708d4179-e524-8866-fb74-1149f7e3dafc">
      <Owners>
        <Owner name="vsc" />
      </Owners>
      <Execution id="4102c5b8-e84c-42ff-8eb0-e9d33597764f" />
      <TestMethod codeBase="D:\v2.0\A1\_work\dbded102\bin\Release.AnyCPU\Sps.Service\MS.VS.Services.Commerce.L0.Tests\MS.VS.Services.Commerce.L0.Tests.dll" adapterTypeName="Microsoft.VisualStudio.TestTools.TestTypes.Unit.UnitTestAdapter" className="MS.VS.Services.Commerce.L0.Tests.RestServices.Controllers.MonitoringControllerTests" name="GetMetricsByCategoryTest" />
    </UnitTest>
    <UnitTest name="GetAllMetricsTest" storage="d:\v2.0\a1\_work\dbded102\bin\release.anycpu\sps.service\ms.vs.services.commerce.l0.tests\ms.vs.services.commerce.l0.tests.dll" priority="1" id="ddc19afb-0fab-af57-8a0f-c6148636ae01">
      <Owners>
        <Owner name="vsc" />
      </Owners>
      <Execution id="aecb0ab4-512f-42a7-80dc-0f82b67590de" />
      <TestMethod codeBase="D:\v2.0\A1\_work\dbded102\bin\Release.AnyCPU\Sps.Service\MS.VS.Services.Commerce.L0.Tests\MS.VS.Services.Commerce.L0.Tests.dll" adapterTypeName="Microsoft.VisualStudio.TestTools.TestTypes.Unit.UnitTestAdapter" className="MS.VS.Services.Commerce.L0.Tests.RestServices.Controllers.MonitoringControllerTests" name="GetAllMetricsTest" />
    </UnitTest>
    <UnitTest name="GetMetricsTest_ByNames" storage="d:\v2.0\a1\_work\dbded102\bin\release.anycpu\sps.service\ms.vs.services.commerce.l0.tests\ms.vs.services.commerce.l0.tests.dll" priority="1" id="831999cc-9d70-89cb-f0a1-ea5ea22d14f4">
      <Owners>
        <Owner name="vsc" />
      </Owners>
      <Execution id="0bae1ae3-05dc-4038-95b0-b9267c3c27a2" />
      <TestMethod codeBase="D:\v2.0\A1\_work\dbded102\bin\Release.AnyCPU\Sps.Service\MS.VS.Services.Commerce.L0.Tests\MS.VS.Services.Commerce.L0.Tests.dll" adapterTypeName="Microsoft.VisualStudio.TestTools.TestTypes.Unit.UnitTestAdapter" className="MS.VS.Services.Commerce.L0.Tests.RestServices.Controllers.MonitoringControllerTests" name="GetMetricsTest_ByNames" />
    </UnitTest>
    <UnitTest name="GetMetricsTest_ByCategory" storage="d:\v2.0\a1\_work\dbded102\bin\release.anycpu\sps.service\ms.vs.services.commerce.l0.tests\ms.vs.services.commerce.l0.tests.dll" priority="2" id="fd01cfbb-9505-7c86-836d-983dec28e7eb">
      <Owners>
        <Owner name="vsc" />
      </Owners>
      <Execution id="b44b2234-ee10-4738-8f7a-8ebb75eb9649" />
      <TestMethod codeBase="D:\v2.0\A1\_work\dbded102\bin\Release.AnyCPU\Sps.Service\MS.VS.Services.Commerce.L0.Tests\MS.VS.Services.Commerce.L0.Tests.dll" adapterTypeName="Microsoft.VisualStudio.TestTools.TestTypes.Unit.UnitTestAdapter" className="MS.VS.Services.Commerce.L0.Tests.RestServices.Controllers.MonitoringControllerTests" name="GetMetricsTest_ByCategory" />
    </UnitTest>
    <UnitTest name="GetMetricDefinition_Test" storage="d:\v2.0\a1\_work\dbded102\bin\release.anycpu\sps.service\ms.vs.services.commerce.l0.tests\ms.vs.services.commerce.l0.tests.dll" priority="2" id="9a534a21-9913-23f7-86df-436fc0b30bd5">
      <Owners>
        <Owner name="vsc" />
      </Owners>
      <Execution id="dcc968c2-5f5e-4048-8e37-f67dc1be7d65" />
      <TestMethod codeBase="D:\v2.0\A1\_work\dbded102\bin\Release.AnyCPU\Sps.Service\MS.VS.Services.Commerce.L0.Tests\MS.VS.Services.Commerce.L0.Tests.dll" adapterTypeName="Microsoft.VisualStudio.TestTools.TestTypes.Unit.UnitTestAdapter" className="MS.VS.Services.Commerce.L0.Tests.RestServices.Controllers.MonitoringControllerTests" name="GetMetricDefinition_Test" />
    </UnitTest>
    <UnitTest name="InitializeUsageEventStore_DefaultImplementationTest" storage="d:\v2.0\a1\_work\dbded102\bin\release.anycpu\sps.service\ms.vs.services.commerce.l0.tests\ms.vs.services.commerce.l0.tests.dll" priority="1" id="95c18aaf-a26f-3d98-ceb5-a2eeb24df18a">
      <Owners>
        <Owner name="vsc" />
      </Owners>
      <Execution id="0a4be413-f369-4842-9d53-7b83ea4fa0c6" />
      <TestMethod codeBase="D:\v2.0\A1\_work\dbded102\bin\Release.AnyCPU\Sps.Service\MS.VS.Services.Commerce.L0.Tests\MS.VS.Services.Commerce.L0.Tests.dll" adapterTypeName="Microsoft.VisualStudio.TestTools.TestTypes.Unit.UnitTestAdapter" className="MS.VS.Services.Commerce.L0.Tests.RestServices.Controllers.MonitoringControllerTests" name="InitializeUsageEventStore_DefaultImplementationTest" />
    </UnitTest>
    <UnitTest name="UsageDataAggregatorResolver_DefaultImplementationSingleQueryTest" storage="d:\v2.0\a1\_work\dbded102\bin\release.anycpu\sps.service\ms.vs.services.commerce.l0.tests\ms.vs.services.commerce.l0.tests.dll" priority="1" id="aef4217e-0ddc-49f8-dcb8-c53cac4562b5">
      <Owners>
        <Owner name="vsc" />
      </Owners>
      <Execution id="fc78bfa8-1930-487f-87e3-51c316f79855" />
      <TestMethod codeBase="D:\v2.0\A1\_work\dbded102\bin\Release.AnyCPU\Sps.Service\MS.VS.Services.Commerce.L0.Tests\MS.VS.Services.Commerce.L0.Tests.dll" adapterTypeName="Microsoft.VisualStudio.TestTools.TestTypes.Unit.UnitTestAdapter" className="MS.VS.Services.Commerce.L0.Tests.RestServices.Controllers.MonitoringControllerTests" name="UsageDataAggregatorResolver_DefaultImplementationSingleQueryTest" />
    </UnitTest>
    <UnitTest name="UsageDataAggregatorResolver_DefaultImplementationParallelQueryTest" storage="d:\v2.0\a1\_work\dbded102\bin\release.anycpu\sps.service\ms.vs.services.commerce.l0.tests\ms.vs.services.commerce.l0.tests.dll" priority="1" id="a9e251f6-5301-b638-35f7-de701ee916d2">
      <Owners>
        <Owner name="vsc" />
      </Owners>
      <Execution id="a966e946-be3c-46dc-8aba-a2b2f7264bdb" />
      <TestMethod codeBase="D:\v2.0\A1\_work\dbded102\bin\Release.AnyCPU\Sps.Service\MS.VS.Services.Commerce.L0.Tests\MS.VS.Services.Commerce.L0.Tests.dll" adapterTypeName="Microsoft.VisualStudio.TestTools.TestTypes.Unit.UnitTestAdapter" className="MS.VS.Services.Commerce.L0.Tests.RestServices.Controllers.MonitoringControllerTests" name="UsageDataAggregatorResolver_DefaultImplementationParallelQueryTest" />
    </UnitTest>
    <UnitTest name="GetDefaultResponse_Test" storage="d:\v2.0\a1\_work\dbded102\bin\release.anycpu\sps.service\ms.vs.services.commerce.l0.tests\ms.vs.services.commerce.l0.tests.dll" priority="1" id="8f997a3f-a73f-797e-5263-ef2c3b9c7633">
      <Owners>
        <Owner name="vsc" />
      </Owners>
      <Execution id="c1ff7b13-0096-4336-84ca-d0f02ce5b9aa" />
      <TestMethod codeBase="D:\v2.0\A1\_work\dbded102\bin\Release.AnyCPU\Sps.Service\MS.VS.Services.Commerce.L0.Tests\MS.VS.Services.Commerce.L0.Tests.dll" adapterTypeName="Microsoft.VisualStudio.TestTools.TestTypes.Unit.UnitTestAdapter" className="MS.VS.Services.Commerce.L0.Tests.RestServices.Controllers.MonitoringControllerTests" name="GetDefaultResponse_Test" />
    </UnitTest>
    <UnitTest name="GetOperationResourcesTest" storage="d:\v2.0\a1\_work\dbded102\bin\release.anycpu\sps.service\ms.vs.services.commerce.l0.tests\ms.vs.services.commerce.l0.tests.dll" id="e9d8d0c7-a81b-962d-53f7-2a96d2a718d4">
      <Execution id="5c1cc5d3-0283-4750-8ce3-e874ac0d4287" />
      <TestMethod codeBase="D:\v2.0\A1\_work\dbded102\bin\Release.AnyCPU\Sps.Service\MS.VS.Services.Commerce.L0.Tests\MS.VS.Services.Commerce.L0.Tests.dll" adapterTypeName="Microsoft.VisualStudio.TestTools.TestTypes.Unit.UnitTestAdapter" className="MS.VS.Services.Commerce.L0.Tests.RestServices.Controllers.OperationsControllerTest" name="GetOperationResourcesTest" />
    </UnitTest>
    <UnitTest name="PutResourceRequestData_PopulatePropertyFields_NullProeprties" storage="d:\v2.0\a1\_work\dbded102\bin\release.anycpu\sps.service\ms.vs.services.commerce.l0.tests\ms.vs.services.commerce.l0.tests.dll" priority="1" id="45efe9be-e876-966e-a7f0-44ed3c50904e">
      <Owners>
        <Owner name="vsc" />
      </Owners>
      <Execution id="e4d7fa4e-8e9d-4221-9069-e04253f2ef56" />
      <TestMethod codeBase="D:\v2.0\A1\_work\dbded102\bin\Release.AnyCPU\Sps.Service\MS.VS.Services.Commerce.L0.Tests\MS.VS.Services.Commerce.L0.Tests.dll" adapterTypeName="Microsoft.VisualStudio.TestTools.TestTypes.Unit.UnitTestAdapter" className="MS.VS.Services.Commerce.L0.Tests.RestServices.Controllers.PutResourceRequestDataTests" name="PutResourceRequestData_PopulatePropertyFields_NullProeprties" />
    </UnitTest>
    <UnitTest name="PutResourceRequestData_PopulatePropertyFields_EmptyProeprties" storage="d:\v2.0\a1\_work\dbded102\bin\release.anycpu\sps.service\ms.vs.services.commerce.l0.tests\ms.vs.services.commerce.l0.tests.dll" priority="1" id="5849b603-79f5-7962-0aa7-7755e8f689e2">
      <Owners>
        <Owner name="vsc" />
      </Owners>
      <Execution id="bbee87d2-58c0-4c29-9bd4-96039131c63e" />
      <TestMethod codeBase="D:\v2.0\A1\_work\dbded102\bin\Release.AnyCPU\Sps.Service\MS.VS.Services.Commerce.L0.Tests\MS.VS.Services.Commerce.L0.Tests.dll" adapterTypeName="Microsoft.VisualStudio.TestTools.TestTypes.Unit.UnitTestAdapter" className="MS.VS.Services.Commerce.L0.Tests.RestServices.Controllers.PutResourceRequestDataTests" name="PutResourceRequestData_PopulatePropertyFields_EmptyProeprties" />
    </UnitTest>
    <UnitTest name="PutResourceRequestData_PopulatePropertyFields_SetInvalidOperationKey" storage="d:\v2.0\a1\_work\dbded102\bin\release.anycpu\sps.service\ms.vs.services.commerce.l0.tests\ms.vs.services.commerce.l0.tests.dll" priority="1" id="67dfd72d-3d52-3cdd-c305-4f5366a31707">
      <Owners>
        <Owner name="vsc" />
      </Owners>
      <Execution id="9204989f-97b1-4c38-b53f-323a6dd24321" />
      <TestMethod codeBase="D:\v2.0\A1\_work\dbded102\bin\Release.AnyCPU\Sps.Service\MS.VS.Services.Commerce.L0.Tests\MS.VS.Services.Commerce.L0.Tests.dll" adapterTypeName="Microsoft.VisualStudio.TestTools.TestTypes.Unit.UnitTestAdapter" className="MS.VS.Services.Commerce.L0.Tests.RestServices.Controllers.PutResourceRequestDataTests" name="PutResourceRequestData_PopulatePropertyFields_SetInvalidOperationKey" />
    </UnitTest>
    <UnitTest name="PutResourceRequestData_PopulatePropertyFields_SetOperationKey" storage="d:\v2.0\a1\_work\dbded102\bin\release.anycpu\sps.service\ms.vs.services.commerce.l0.tests\ms.vs.services.commerce.l0.tests.dll" priority="1" id="ddb21842-3993-8f2d-4b5c-7a40ad6fe2a9">
      <Owners>
        <Owner name="vsc" />
      </Owners>
      <Execution id="deb01218-e5d8-4716-b751-dea3bb3e038d" />
      <TestMethod codeBase="D:\v2.0\A1\_work\dbded102\bin\Release.AnyCPU\Sps.Service\MS.VS.Services.Commerce.L0.Tests\MS.VS.Services.Commerce.L0.Tests.dll" adapterTypeName="Microsoft.VisualStudio.TestTools.TestTypes.Unit.UnitTestAdapter" className="MS.VS.Services.Commerce.L0.Tests.RestServices.Controllers.PutResourceRequestDataTests" name="PutResourceRequestData_PopulatePropertyFields_SetOperationKey" />
    </UnitTest>
    <UnitTest name="PutResourceRequestData_PopulatePropertyFields_SetSubscriptionSource" storage="d:\v2.0\a1\_work\dbded102\bin\release.anycpu\sps.service\ms.vs.services.commerce.l0.tests\ms.vs.services.commerce.l0.tests.dll" priority="1" id="8c84a278-7480-8353-b860-e71aa2198e58">
      <Owners>
        <Owner name="vsc" />
      </Owners>
      <Execution id="b75ed59b-64e6-420b-bba7-e156f08dc4cb" />
      <TestMethod codeBase="D:\v2.0\A1\_work\dbded102\bin\Release.AnyCPU\Sps.Service\MS.VS.Services.Commerce.L0.Tests\MS.VS.Services.Commerce.L0.Tests.dll" adapterTypeName="Microsoft.VisualStudio.TestTools.TestTypes.Unit.UnitTestAdapter" className="MS.VS.Services.Commerce.L0.Tests.RestServices.Controllers.PutResourceRequestDataTests" name="PutResourceRequestData_PopulatePropertyFields_SetSubscriptionSource" />
    </UnitTest>
    <UnitTest name="PutResourceRequestData_PopulatePropertyFields_SetSubscriptionSourceUnknown" storage="d:\v2.0\a1\_work\dbded102\bin\release.anycpu\sps.service\ms.vs.services.commerce.l0.tests\ms.vs.services.commerce.l0.tests.dll" priority="1" id="c6eda0d4-31ff-fafd-a8dc-b40e4f46b912">
      <Owners>
        <Owner name="vsc" />
      </Owners>
      <Execution id="8a0c400c-7678-4306-a96c-411a67d0851c" />
      <TestMethod codeBase="D:\v2.0\A1\_work\dbded102\bin\Release.AnyCPU\Sps.Service\MS.VS.Services.Commerce.L0.Tests\MS.VS.Services.Commerce.L0.Tests.dll" adapterTypeName="Microsoft.VisualStudio.TestTools.TestTypes.Unit.UnitTestAdapter" className="MS.VS.Services.Commerce.L0.Tests.RestServices.Controllers.PutResourceRequestDataTests" name="PutResourceRequestData_PopulatePropertyFields_SetSubscriptionSourceUnknown" />
    </UnitTest>
    <UnitTest name="PutResourceRequestData_PopulatePropertyFields_LinkTest" storage="d:\v2.0\a1\_work\dbded102\bin\release.anycpu\sps.service\ms.vs.services.commerce.l0.tests\ms.vs.services.commerce.l0.tests.dll" priority="1" id="80afb0eb-2c60-82cd-57a8-062b79f92364">
      <Owners>
        <Owner name="vsc" />
      </Owners>
      <Execution id="a39c49af-c3e9-457a-9f4c-2db8defb9d7b" />
      <TestMethod codeBase="D:\v2.0\A1\_work\dbded102\bin\Release.AnyCPU\Sps.Service\MS.VS.Services.Commerce.L0.Tests\MS.VS.Services.Commerce.L0.Tests.dll" adapterTypeName="Microsoft.VisualStudio.TestTools.TestTypes.Unit.UnitTestAdapter" className="MS.VS.Services.Commerce.L0.Tests.RestServices.Controllers.PutResourceRequestDataTests" name="PutResourceRequestData_PopulatePropertyFields_LinkTest" />
    </UnitTest>
    <UnitTest name="PutResourceRequestData_PopulatePropertyFields_LinkWithoutAccountNameTest" storage="d:\v2.0\a1\_work\dbded102\bin\release.anycpu\sps.service\ms.vs.services.commerce.l0.tests\ms.vs.services.commerce.l0.tests.dll" priority="1" id="779c562d-2397-885f-7209-52ef6a3c924a">
      <Owners>
        <Owner name="vsc" />
      </Owners>
      <Execution id="069c006a-f0ce-469c-83a4-f8793877db99" />
      <TestMethod codeBase="D:\v2.0\A1\_work\dbded102\bin\Release.AnyCPU\Sps.Service\MS.VS.Services.Commerce.L0.Tests\MS.VS.Services.Commerce.L0.Tests.dll" adapterTypeName="Microsoft.VisualStudio.TestTools.TestTypes.Unit.UnitTestAdapter" className="MS.VS.Services.Commerce.L0.Tests.RestServices.Controllers.PutResourceRequestDataTests" name="PutResourceRequestData_PopulatePropertyFields_LinkWithoutAccountNameTest" />
    </UnitTest>
    <UnitTest name="PutResourceRequestData_SetRequestHeaderData" storage="d:\v2.0\a1\_work\dbded102\bin\release.anycpu\sps.service\ms.vs.services.commerce.l0.tests\ms.vs.services.commerce.l0.tests.dll" priority="1" id="31d22451-2283-52e5-77eb-1add5b379f18">
      <Owners>
        <Owner name="vsc" />
      </Owners>
      <Execution id="3488c828-46f0-4839-aaf2-24189d4759a8" />
      <TestMethod codeBase="D:\v2.0\A1\_work\dbded102\bin\Release.AnyCPU\Sps.Service\MS.VS.Services.Commerce.L0.Tests\MS.VS.Services.Commerce.L0.Tests.dll" adapterTypeName="Microsoft.VisualStudio.TestTools.TestTypes.Unit.UnitTestAdapter" className="MS.VS.Services.Commerce.L0.Tests.RestServices.Controllers.PutResourceRequestDataTests" name="PutResourceRequestData_SetRequestHeaderData" />
    </UnitTest>
    <UnitTest name="PutResourceRequestData_SetIdentityInfo" storage="d:\v2.0\a1\_work\dbded102\bin\release.anycpu\sps.service\ms.vs.services.commerce.l0.tests\ms.vs.services.commerce.l0.tests.dll" priority="1" id="7dfb7f47-8bf7-1247-a69e-cb1721ea0e73">
      <Owners>
        <Owner name="vsc" />
      </Owners>
      <Execution id="7871295d-ebc9-4be1-add4-097df74ebbcf" />
      <TestMethod codeBase="D:\v2.0\A1\_work\dbded102\bin\Release.AnyCPU\Sps.Service\MS.VS.Services.Commerce.L0.Tests\MS.VS.Services.Commerce.L0.Tests.dll" adapterTypeName="Microsoft.VisualStudio.TestTools.TestTypes.Unit.UnitTestAdapter" className="MS.VS.Services.Commerce.L0.Tests.RestServices.Controllers.PutResourceRequestDataTests" name="PutResourceRequestData_SetIdentityInfo" />
    </UnitTest>
    <UnitTest name="PutResourceRequestData_ToString" storage="d:\v2.0\a1\_work\dbded102\bin\release.anycpu\sps.service\ms.vs.services.commerce.l0.tests\ms.vs.services.commerce.l0.tests.dll" priority="1" id="8eb768d4-7364-6601-6d6b-94e3886884fb">
      <Owners>
        <Owner name="vsc" />
      </Owners>
      <Execution id="21a28bec-e56c-41c4-a5ae-fd8088dc8e6f" />
      <TestMethod codeBase="D:\v2.0\A1\_work\dbded102\bin\Release.AnyCPU\Sps.Service\MS.VS.Services.Commerce.L0.Tests\MS.VS.Services.Commerce.L0.Tests.dll" adapterTypeName="Microsoft.VisualStudio.TestTools.TestTypes.Unit.UnitTestAdapter" className="MS.VS.Services.Commerce.L0.Tests.RestServices.Controllers.PutResourceRequestDataTests" name="PutResourceRequestData_ToString" />
    </UnitTest>
    <UnitTest name="ResourcesControllerTests_VerifyGetResource1" storage="d:\v2.0\a1\_work\dbded102\bin\release.anycpu\sps.service\ms.vs.services.commerce.l0.tests\ms.vs.services.commerce.l0.tests.dll" priority="1" id="9b8c1e86-63cb-de98-23c8-b5c1d7340776">
      <Owners>
        <Owner name="vsc" />
      </Owners>
      <Execution id="8526882b-a6a6-4ae7-810e-1307a92387f8" />
      <TestMethod codeBase="D:\v2.0\A1\_work\dbded102\bin\Release.AnyCPU\Sps.Service\MS.VS.Services.Commerce.L0.Tests\MS.VS.Services.Commerce.L0.Tests.dll" adapterTypeName="Microsoft.VisualStudio.TestTools.TestTypes.Unit.UnitTestAdapter" className="MS.VS.Services.Commerce.L0.Tests.RestServices.Controllers.ResourcesControllerTests" name="ResourcesControllerTests_VerifyGetResource1" />
    </UnitTest>
    <UnitTest name="ResourcesControllerTests_VerifyGetResource2" storage="d:\v2.0\a1\_work\dbded102\bin\release.anycpu\sps.service\ms.vs.services.commerce.l0.tests\ms.vs.services.commerce.l0.tests.dll" priority="1" id="15258c1f-cab2-63c7-d4a5-feb2cd5aa021">
      <Owners>
        <Owner name="vsc" />
      </Owners>
      <Execution id="0a42bc35-a101-4f94-8708-10975c5bbcca" />
      <TestMethod codeBase="D:\v2.0\A1\_work\dbded102\bin\Release.AnyCPU\Sps.Service\MS.VS.Services.Commerce.L0.Tests\MS.VS.Services.Commerce.L0.Tests.dll" adapterTypeName="Microsoft.VisualStudio.TestTools.TestTypes.Unit.UnitTestAdapter" className="MS.VS.Services.Commerce.L0.Tests.RestServices.Controllers.ResourcesControllerTests" name="ResourcesControllerTests_VerifyGetResource2" />
    </UnitTest>
    <UnitTest name="ResourcesControllerTests_GetResourceThrowsExceptionOnNullAccount" storage="d:\v2.0\a1\_work\dbded102\bin\release.anycpu\sps.service\ms.vs.services.commerce.l0.tests\ms.vs.services.commerce.l0.tests.dll" priority="1" id="b5c89d3a-eec8-941c-d8a2-ae66a50e2d23">
      <Owners>
        <Owner name="vsc" />
      </Owners>
      <Execution id="a047d2a4-a473-4aa3-aa6c-30a12ca620eb" />
      <TestMethod codeBase="D:\v2.0\A1\_work\dbded102\bin\Release.AnyCPU\Sps.Service\MS.VS.Services.Commerce.L0.Tests\MS.VS.Services.Commerce.L0.Tests.dll" adapterTypeName="Microsoft.VisualStudio.TestTools.TestTypes.Unit.UnitTestAdapter" className="MS.VS.Services.Commerce.L0.Tests.RestServices.Controllers.ResourcesControllerTests" name="ResourcesControllerTests_GetResourceThrowsExceptionOnNullAccount" />
    </UnitTest>
    <UnitTest name="ResourcesController_ProvisionOrUpdateResource_Create_ExistingRequest" storage="d:\v2.0\a1\_work\dbded102\bin\release.anycpu\sps.service\ms.vs.services.commerce.l0.tests\ms.vs.services.commerce.l0.tests.dll" priority="1" id="7c2569e7-8ad0-9d5b-97ea-b8a27b5bfaf2">
      <Owners>
        <Owner name="vsc" />
      </Owners>
      <Execution id="059c64df-a95b-4d0b-8fd2-973ff069f50f" />
      <TestMethod codeBase="D:\v2.0\A1\_work\dbded102\bin\Release.AnyCPU\Sps.Service\MS.VS.Services.Commerce.L0.Tests\MS.VS.Services.Commerce.L0.Tests.dll" adapterTypeName="Microsoft.VisualStudio.TestTools.TestTypes.Unit.UnitTestAdapter" className="MS.VS.Services.Commerce.L0.Tests.RestServices.Controllers.ResourcesControllerTests" name="ResourcesController_ProvisionOrUpdateResource_Create_ExistingRequest" />
    </UnitTest>
    <UnitTest name="ResourcesController_ProvisionOrUpdateResource_Create_NonExistingRequest" storage="d:\v2.0\a1\_work\dbded102\bin\release.anycpu\sps.service\ms.vs.services.commerce.l0.tests\ms.vs.services.commerce.l0.tests.dll" priority="1" id="2eb248b5-4c68-8aff-064d-3965ca8b74bd">
      <Owners>
        <Owner name="vsc" />
      </Owners>
      <Execution id="63b2cf96-1c27-4373-bc32-829f5600584a" />
      <TestMethod codeBase="D:\v2.0\A1\_work\dbded102\bin\Release.AnyCPU\Sps.Service\MS.VS.Services.Commerce.L0.Tests\MS.VS.Services.Commerce.L0.Tests.dll" adapterTypeName="Microsoft.VisualStudio.TestTools.TestTypes.Unit.UnitTestAdapter" className="MS.VS.Services.Commerce.L0.Tests.RestServices.Controllers.ResourcesControllerTests" name="ResourcesController_ProvisionOrUpdateResource_Create_NonExistingRequest" />
    </UnitTest>
    <UnitTest name="ResourcesController_ProvisionOrUpdateResource_Create_NoIntrinsicSettings" storage="d:\v2.0\a1\_work\dbded102\bin\release.anycpu\sps.service\ms.vs.services.commerce.l0.tests\ms.vs.services.commerce.l0.tests.dll" priority="1" id="415f6fad-2f71-e658-4bcf-7d38df5861d0">
      <Owners>
        <Owner name="vsc" />
      </Owners>
      <Execution id="4990de86-76fc-4f34-8dc2-8adcfc4dd288" />
      <TestMethod codeBase="D:\v2.0\A1\_work\dbded102\bin\Release.AnyCPU\Sps.Service\MS.VS.Services.Commerce.L0.Tests\MS.VS.Services.Commerce.L0.Tests.dll" adapterTypeName="Microsoft.VisualStudio.TestTools.TestTypes.Unit.UnitTestAdapter" className="MS.VS.Services.Commerce.L0.Tests.RestServices.Controllers.ResourcesControllerTests" name="ResourcesController_ProvisionOrUpdateResource_Create_NoIntrinsicSettings" />
    </UnitTest>
    <UnitTest name="ResourcesController_ProvisionOrUpdateResource_Update" storage="d:\v2.0\a1\_work\dbded102\bin\release.anycpu\sps.service\ms.vs.services.commerce.l0.tests\ms.vs.services.commerce.l0.tests.dll" priority="1" id="77c414b4-d629-4d0e-5101-7d741074b02c">
      <Owners>
        <Owner name="vsc" />
      </Owners>
      <Execution id="987740ed-8a4b-44ff-b3a4-6042d31fce38" />
      <TestMethod codeBase="D:\v2.0\A1\_work\dbded102\bin\Release.AnyCPU\Sps.Service\MS.VS.Services.Commerce.L0.Tests\MS.VS.Services.Commerce.L0.Tests.dll" adapterTypeName="Microsoft.VisualStudio.TestTools.TestTypes.Unit.UnitTestAdapter" className="MS.VS.Services.Commerce.L0.Tests.RestServices.Controllers.ResourcesControllerTests" name="ResourcesController_ProvisionOrUpdateResource_Update" />
    </UnitTest>
    <UnitTest name="ResourcesController_ProvisionOrUpdateResource_Link" storage="d:\v2.0\a1\_work\dbded102\bin\release.anycpu\sps.service\ms.vs.services.commerce.l0.tests\ms.vs.services.commerce.l0.tests.dll" priority="1" id="a6fcd878-bc76-ccb1-d5ef-d9f43061c38a">
      <Owners>
        <Owner name="vsc" />
      </Owners>
      <Execution id="2874976a-f8db-401e-8f2e-231bb22f8214" />
      <TestMethod codeBase="D:\v2.0\A1\_work\dbded102\bin\Release.AnyCPU\Sps.Service\MS.VS.Services.Commerce.L0.Tests\MS.VS.Services.Commerce.L0.Tests.dll" adapterTypeName="Microsoft.VisualStudio.TestTools.TestTypes.Unit.UnitTestAdapter" className="MS.VS.Services.Commerce.L0.Tests.RestServices.Controllers.ResourcesControllerTests" name="ResourcesController_ProvisionOrUpdateResource_Link" />
    </UnitTest>
    <UnitTest name="ResourceController_CheckAuxSourceLinkExistingAccount" storage="d:\v2.0\a1\_work\dbded102\bin\release.anycpu\sps.service\ms.vs.services.commerce.l0.tests\ms.vs.services.commerce.l0.tests.dll" priority="2" id="54a8cbe8-751c-223d-28ab-e6ed0abc759a">
      <Owners>
        <Owner name="vsc" />
      </Owners>
      <Execution id="df8baf0e-1e45-4084-8c19-ebebd449b44e" />
      <TestMethod codeBase="D:\v2.0\A1\_work\dbded102\bin\Release.AnyCPU\Sps.Service\MS.VS.Services.Commerce.L0.Tests\MS.VS.Services.Commerce.L0.Tests.dll" adapterTypeName="Microsoft.VisualStudio.TestTools.TestTypes.Unit.UnitTestAdapter" className="MS.VS.Services.Commerce.L0.Tests.RestServices.Controllers.ResourcesControllerTests" name="ResourceController_CheckAuxSourceLinkExistingAccount" />
    </UnitTest>
    <UnitTest name="ResourcesController_Delete" storage="d:\v2.0\a1\_work\dbded102\bin\release.anycpu\sps.service\ms.vs.services.commerce.l0.tests\ms.vs.services.commerce.l0.tests.dll" priority="1" id="fa73d292-2fb8-609c-fc34-06ba9832f58e">
      <Owners>
        <Owner name="vsc" />
      </Owners>
      <Execution id="42d5a514-ac2a-4176-be91-086824c46ef9" />
      <TestMethod codeBase="D:\v2.0\A1\_work\dbded102\bin\Release.AnyCPU\Sps.Service\MS.VS.Services.Commerce.L0.Tests\MS.VS.Services.Commerce.L0.Tests.dll" adapterTypeName="Microsoft.VisualStudio.TestTools.TestTypes.Unit.UnitTestAdapter" className="MS.VS.Services.Commerce.L0.Tests.RestServices.Controllers.ResourcesControllerTests" name="ResourcesController_Delete" />
    </UnitTest>
    <UnitTest name="ResourcesController_EnableDisableAADTest" storage="d:\v2.0\a1\_work\dbded102\bin\release.anycpu\sps.service\ms.vs.services.commerce.l0.tests\ms.vs.services.commerce.l0.tests.dll" priority="1" id="107d9bae-b004-284a-7923-e14d6c3c19dd">
      <Owners>
        <Owner name="vsc" />
      </Owners>
      <Execution id="53762dcb-7b29-4d8f-aed6-22906639c255" />
      <TestMethod codeBase="D:\v2.0\A1\_work\dbded102\bin\Release.AnyCPU\Sps.Service\MS.VS.Services.Commerce.L0.Tests\MS.VS.Services.Commerce.L0.Tests.dll" adapterTypeName="Microsoft.VisualStudio.TestTools.TestTypes.Unit.UnitTestAdapter" className="MS.VS.Services.Commerce.L0.Tests.RestServices.Controllers.ResourcesControllerTests" name="ResourcesController_EnableDisableAADTest" />
    </UnitTest>
    <UnitTest name="ResourcesController_EnableDisableAADEnableTest" storage="d:\v2.0\a1\_work\dbded102\bin\release.anycpu\sps.service\ms.vs.services.commerce.l0.tests\ms.vs.services.commerce.l0.tests.dll" priority="1" id="c046620d-3769-e5b2-8768-6d3757fbaf0e">
      <Owners>
        <Owner name="vsc" />
      </Owners>
      <Execution id="13e77e85-71e5-45dd-9bdb-b7866b6846bc" />
      <TestMethod codeBase="D:\v2.0\A1\_work\dbded102\bin\Release.AnyCPU\Sps.Service\MS.VS.Services.Commerce.L0.Tests\MS.VS.Services.Commerce.L0.Tests.dll" adapterTypeName="Microsoft.VisualStudio.TestTools.TestTypes.Unit.UnitTestAdapter" className="MS.VS.Services.Commerce.L0.Tests.RestServices.Controllers.ResourcesControllerTests" name="ResourcesController_EnableDisableAADEnableTest" />
    </UnitTest>
    <UnitTest name="ResourcesController_EnableDisableAADDisableTest" storage="d:\v2.0\a1\_work\dbded102\bin\release.anycpu\sps.service\ms.vs.services.commerce.l0.tests\ms.vs.services.commerce.l0.tests.dll" priority="1" id="aba06b03-6450-3675-65e8-b9e74e9edcdc">
      <Owners>
        <Owner name="vsc" />
      </Owners>
      <Execution id="e07bd1cf-2f2a-4f8d-a1bc-9a3c364c2ff2" />
      <TestMethod codeBase="D:\v2.0\A1\_work\dbded102\bin\Release.AnyCPU\Sps.Service\MS.VS.Services.Commerce.L0.Tests\MS.VS.Services.Commerce.L0.Tests.dll" adapterTypeName="Microsoft.VisualStudio.TestTools.TestTypes.Unit.UnitTestAdapter" className="MS.VS.Services.Commerce.L0.Tests.RestServices.Controllers.ResourcesControllerTests" name="ResourcesController_EnableDisableAADDisableTest" />
    </UnitTest>
    <UnitTest name="ResourcesController_CheckAccountOwner_PositiveByIdTest" storage="d:\v2.0\a1\_work\dbded102\bin\release.anycpu\sps.service\ms.vs.services.commerce.l0.tests\ms.vs.services.commerce.l0.tests.dll" priority="1" id="fb7ff4ae-12d4-f1be-7e8d-fd755b93c83c">
      <Owners>
        <Owner name="vsc" />
      </Owners>
      <Execution id="89ca7ab5-3666-4b32-b957-1344e425c9b0" />
      <TestMethod codeBase="D:\v2.0\A1\_work\dbded102\bin\Release.AnyCPU\Sps.Service\MS.VS.Services.Commerce.L0.Tests\MS.VS.Services.Commerce.L0.Tests.dll" adapterTypeName="Microsoft.VisualStudio.TestTools.TestTypes.Unit.UnitTestAdapter" className="MS.VS.Services.Commerce.L0.Tests.RestServices.Controllers.ResourcesControllerTests" name="ResourcesController_CheckAccountOwner_PositiveByIdTest" />
    </UnitTest>
    <UnitTest name="ResourcesController_CheckAccountOwner_NegativeByIdTest" storage="d:\v2.0\a1\_work\dbded102\bin\release.anycpu\sps.service\ms.vs.services.commerce.l0.tests\ms.vs.services.commerce.l0.tests.dll" priority="1" id="91fa4387-7e3b-43c2-3db3-e56ad6bed1e2">
      <Owners>
        <Owner name="vsc" />
      </Owners>
      <Execution id="156555fb-a2de-4112-b1e2-22cda8890e80" />
      <TestMethod codeBase="D:\v2.0\A1\_work\dbded102\bin\Release.AnyCPU\Sps.Service\MS.VS.Services.Commerce.L0.Tests\MS.VS.Services.Commerce.L0.Tests.dll" adapterTypeName="Microsoft.VisualStudio.TestTools.TestTypes.Unit.UnitTestAdapter" className="MS.VS.Services.Commerce.L0.Tests.RestServices.Controllers.ResourcesControllerTests" name="ResourcesController_CheckAccountOwner_NegativeByIdTest" />
    </UnitTest>
    <UnitTest name="ResourcesController_CheckAccountOwner_PositiveByEmailTest" storage="d:\v2.0\a1\_work\dbded102\bin\release.anycpu\sps.service\ms.vs.services.commerce.l0.tests\ms.vs.services.commerce.l0.tests.dll" priority="1" id="49a7ac71-ace3-4c53-9c1f-8b1bc5f26ba0">
      <Owners>
        <Owner name="vsc" />
      </Owners>
      <Execution id="fac05866-5d68-40bd-94b1-38007c7f813a" />
      <TestMethod codeBase="D:\v2.0\A1\_work\dbded102\bin\Release.AnyCPU\Sps.Service\MS.VS.Services.Commerce.L0.Tests\MS.VS.Services.Commerce.L0.Tests.dll" adapterTypeName="Microsoft.VisualStudio.TestTools.TestTypes.Unit.UnitTestAdapter" className="MS.VS.Services.Commerce.L0.Tests.RestServices.Controllers.ResourcesControllerTests" name="ResourcesController_CheckAccountOwner_PositiveByEmailTest" />
    </UnitTest>
    <UnitTest name="ResourcesController_CheckAccountOwner_PositiveByEmailCaseInsensitiveTest" storage="d:\v2.0\a1\_work\dbded102\bin\release.anycpu\sps.service\ms.vs.services.commerce.l0.tests\ms.vs.services.commerce.l0.tests.dll" priority="1" id="0f4685d3-6994-da96-603c-0db698193527">
      <Owners>
        <Owner name="vsc" />
      </Owners>
      <Execution id="1b507031-5be3-4d72-affc-7ad13b2c715f" />
      <TestMethod codeBase="D:\v2.0\A1\_work\dbded102\bin\Release.AnyCPU\Sps.Service\MS.VS.Services.Commerce.L0.Tests\MS.VS.Services.Commerce.L0.Tests.dll" adapterTypeName="Microsoft.VisualStudio.TestTools.TestTypes.Unit.UnitTestAdapter" className="MS.VS.Services.Commerce.L0.Tests.RestServices.Controllers.ResourcesControllerTests" name="ResourcesController_CheckAccountOwner_PositiveByEmailCaseInsensitiveTest" />
    </UnitTest>
    <UnitTest name="ResourcesController_CheckAccountOwner_NegativeByEmailTest" storage="d:\v2.0\a1\_work\dbded102\bin\release.anycpu\sps.service\ms.vs.services.commerce.l0.tests\ms.vs.services.commerce.l0.tests.dll" priority="1" id="e9932b46-040b-f3ef-e74f-eb10e8be87d7">
      <Owners>
        <Owner name="vsc" />
      </Owners>
      <Execution id="7879d35d-c140-41a6-95f7-360459fcb036" />
      <TestMethod codeBase="D:\v2.0\A1\_work\dbded102\bin\Release.AnyCPU\Sps.Service\MS.VS.Services.Commerce.L0.Tests\MS.VS.Services.Commerce.L0.Tests.dll" adapterTypeName="Microsoft.VisualStudio.TestTools.TestTypes.Unit.UnitTestAdapter" className="MS.VS.Services.Commerce.L0.Tests.RestServices.Controllers.ResourcesControllerTests" name="ResourcesController_CheckAccountOwner_NegativeByEmailTest" />
    </UnitTest>
    <UnitTest name="PassthroughControllerQueryAccountsByOwner_Test" storage="d:\v2.0\a1\_work\dbded102\bin\release.anycpu\sps.service\ms.vs.services.commerce.l0.tests\ms.vs.services.commerce.l0.tests.dll" priority="1" id="e3060bfd-c465-9fdd-7033-11ee78c3bb8b">
      <Owners>
        <Owner name="vsc" />
      </Owners>
      <Execution id="5b051f50-8ef1-4b56-a732-3286af470ed9" />
      <TestMethod codeBase="D:\v2.0\A1\_work\dbded102\bin\Release.AnyCPU\Sps.Service\MS.VS.Services.Commerce.L0.Tests\MS.VS.Services.Commerce.L0.Tests.dll" adapterTypeName="Microsoft.VisualStudio.TestTools.TestTypes.Unit.UnitTestAdapter" className="MS.VS.Services.Commerce.L0.Tests.RestServices.Controllers.PassthroughControllerTests" name="PassthroughControllerQueryAccountsByOwner_Test" />
    </UnitTest>
    <UnitTest name="PassthroughControllerLayerVerify_Test" storage="d:\v2.0\a1\_work\dbded102\bin\release.anycpu\sps.service\ms.vs.services.commerce.l0.tests\ms.vs.services.commerce.l0.tests.dll" priority="1" id="4abdcb09-ee7a-9c22-c614-c7f04a25e947">
      <Owners>
        <Owner name="vsc" />
      </Owners>
      <Execution id="5f6b8258-63af-4e12-8577-782c5817af96" />
      <TestMethod codeBase="D:\v2.0\A1\_work\dbded102\bin\Release.AnyCPU\Sps.Service\MS.VS.Services.Commerce.L0.Tests\MS.VS.Services.Commerce.L0.Tests.dll" adapterTypeName="Microsoft.VisualStudio.TestTools.TestTypes.Unit.UnitTestAdapter" className="MS.VS.Services.Commerce.L0.Tests.RestServices.Controllers.PassthroughControllerTests" name="PassthroughControllerLayerVerify_Test" />
    </UnitTest>
    <UnitTest name="PassthroughController_EmptyGetRegionList" storage="d:\v2.0\a1\_work\dbded102\bin\release.anycpu\sps.service\ms.vs.services.commerce.l0.tests\ms.vs.services.commerce.l0.tests.dll" priority="1" id="64a7b379-b286-beb7-ee0a-e0943de6fea9">
      <Owners>
        <Owner name="vsc" />
      </Owners>
      <Execution id="914629c4-b7d1-409c-9125-18b439fd9c95" />
      <TestMethod codeBase="D:\v2.0\A1\_work\dbded102\bin\Release.AnyCPU\Sps.Service\MS.VS.Services.Commerce.L0.Tests\MS.VS.Services.Commerce.L0.Tests.dll" adapterTypeName="Microsoft.VisualStudio.TestTools.TestTypes.Unit.UnitTestAdapter" className="MS.VS.Services.Commerce.L0.Tests.RestServices.Controllers.PassthroughControllerTests" name="PassthroughController_EmptyGetRegionList" />
    </UnitTest>
    <UnitTest name="PassthroughController_GetRegionList" storage="d:\v2.0\a1\_work\dbded102\bin\release.anycpu\sps.service\ms.vs.services.commerce.l0.tests\ms.vs.services.commerce.l0.tests.dll" priority="1" id="67bb203d-d2e3-dc48-eeae-34a86f07e563">
      <Owners>
        <Owner name="vsc" />
      </Owners>
      <Execution id="8fc0a57f-0f0c-4e84-96cf-ba8a9e78591a" />
      <TestMethod codeBase="D:\v2.0\A1\_work\dbded102\bin\Release.AnyCPU\Sps.Service\MS.VS.Services.Commerce.L0.Tests\MS.VS.Services.Commerce.L0.Tests.dll" adapterTypeName="Microsoft.VisualStudio.TestTools.TestTypes.Unit.UnitTestAdapter" className="MS.VS.Services.Commerce.L0.Tests.RestServices.Controllers.PassthroughControllerTests" name="PassthroughController_GetRegionList" />
    </UnitTest>
    <UnitTest name="PassthroughController_QueryAccountsByOwnerWithTenantExtendedTest" storage="d:\v2.0\a1\_work\dbded102\bin\release.anycpu\sps.service\ms.vs.services.commerce.l0.tests\ms.vs.services.commerce.l0.tests.dll" priority="1" id="8b6d0bbc-b714-1b95-0792-dbf85e6557f5">
      <Owners>
        <Owner name="vsc" />
      </Owners>
      <Execution id="0ef22841-4001-4665-b16e-21dafdf02fe7" />
      <TestMethod codeBase="D:\v2.0\A1\_work\dbded102\bin\Release.AnyCPU\Sps.Service\MS.VS.Services.Commerce.L0.Tests\MS.VS.Services.Commerce.L0.Tests.dll" adapterTypeName="Microsoft.VisualStudio.TestTools.TestTypes.Unit.UnitTestAdapter" className="MS.VS.Services.Commerce.L0.Tests.RestServices.Controllers.PassthroughControllerTests" name="PassthroughController_QueryAccountsByOwnerWithTenantExtendedTest" />
    </UnitTest>
    <UnitTest name="TestExceptionDictionary" storage="d:\v2.0\a1\_work\dbded102\bin\release.anycpu\sps.service\ms.vs.services.commerce.l0.tests\ms.vs.services.commerce.l0.tests.dll" priority="1" id="177df362-221c-4d53-53ee-1289ff8955a5">
      <Owners>
        <Owner name="vsc" />
      </Owners>
      <Execution id="021a93ed-d0e1-4870-bac0-ae89570f30da" />
      <TestMethod codeBase="D:\v2.0\A1\_work\dbded102\bin\Release.AnyCPU\Sps.Service\MS.VS.Services.Commerce.L0.Tests\MS.VS.Services.Commerce.L0.Tests.dll" adapterTypeName="Microsoft.VisualStudio.TestTools.TestTypes.Unit.UnitTestAdapter" className="MS.VS.Services.Commerce.L0.Tests.Filters.CsmControllerExceptionHandlerAttributeTests" name="TestExceptionDictionary" />
    </UnitTest>
    <UnitTest name="TraceExceptionsAttribute_OnExceptionContollerNull" storage="d:\v2.0\a1\_work\dbded102\bin\release.anycpu\sps.service\ms.vs.services.commerce.l0.tests\ms.vs.services.commerce.l0.tests.dll" priority="1" id="8de86570-3ae4-9764-e4be-f7f7fdf3fd74">
      <Owners>
        <Owner name="vsc" />
      </Owners>
      <Execution id="5b6bf6b9-a5dc-4152-bb74-363a48940f7b" />
      <TestMethod codeBase="D:\v2.0\A1\_work\dbded102\bin\Release.AnyCPU\Sps.Service\MS.VS.Services.Commerce.L0.Tests\MS.VS.Services.Commerce.L0.Tests.dll" adapterTypeName="Microsoft.VisualStudio.TestTools.TestTypes.Unit.UnitTestAdapter" className="MS.VS.Services.Commerce.L0.Tests.Filters.TraceExceptionsAttributeTests" name="TraceExceptionsAttribute_OnExceptionContollerNull" />
    </UnitTest>
    <UnitTest name="TraceExceptionsAttribute_OnException" storage="d:\v2.0\a1\_work\dbded102\bin\release.anycpu\sps.service\ms.vs.services.commerce.l0.tests\ms.vs.services.commerce.l0.tests.dll" priority="1" id="f054066d-3ab5-e1f3-247f-e82b0703df90">
      <Owners>
        <Owner name="vsc" />
      </Owners>
      <Execution id="14ffdf98-b5e1-49c6-9b9a-567cfa814d05" />
      <TestMethod codeBase="D:\v2.0\A1\_work\dbded102\bin\Release.AnyCPU\Sps.Service\MS.VS.Services.Commerce.L0.Tests\MS.VS.Services.Commerce.L0.Tests.dll" adapterTypeName="Microsoft.VisualStudio.TestTools.TestTypes.Unit.UnitTestAdapter" className="MS.VS.Services.Commerce.L0.Tests.Filters.TraceExceptionsAttributeTests" name="TraceExceptionsAttribute_OnException" />
    </UnitTest>
    <UnitTest name="TraceExceptionsAttribute_ProductionConstructionCall" storage="d:\v2.0\a1\_work\dbded102\bin\release.anycpu\sps.service\ms.vs.services.commerce.l0.tests\ms.vs.services.commerce.l0.tests.dll" priority="1" id="a0912ffd-5d1d-7200-f483-5bd6a8f06ac2">
      <Owners>
        <Owner name="vsc" />
      </Owners>
      <Execution id="b41cdbd0-d487-4c06-ab7a-1cbc9e2bc5c6" />
      <TestMethod codeBase="D:\v2.0\A1\_work\dbded102\bin\Release.AnyCPU\Sps.Service\MS.VS.Services.Commerce.L0.Tests\MS.VS.Services.Commerce.L0.Tests.dll" adapterTypeName="Microsoft.VisualStudio.TestTools.TestTypes.Unit.UnitTestAdapter" className="MS.VS.Services.Commerce.L0.Tests.Filters.TraceExceptionsAttributeTests" name="TraceExceptionsAttribute_ProductionConstructionCall" />
    </UnitTest>
    <UnitTest name="XmlFormatterAttribute_InitializationTest" storage="d:\v2.0\a1\_work\dbded102\bin\release.anycpu\sps.service\ms.vs.services.commerce.l0.tests\ms.vs.services.commerce.l0.tests.dll" priority="1" id="9d4dbefc-d0cc-bf1a-d820-b5ec73388689">
      <Owners>
        <Owner name="vsc" />
      </Owners>
      <Execution id="f3423386-2428-4766-8580-b3a4e966121b" />
      <TestMethod codeBase="D:\v2.0\A1\_work\dbded102\bin\Release.AnyCPU\Sps.Service\MS.VS.Services.Commerce.L0.Tests\MS.VS.Services.Commerce.L0.Tests.dll" adapterTypeName="Microsoft.VisualStudio.TestTools.TestTypes.Unit.UnitTestAdapter" className="MS.VS.Services.Commerce.L0.Tests.Filters.XmlFormatterAttributeTests" name="XmlFormatterAttribute_InitializationTest" />
    </UnitTest>
    <UnitTest name="ResourceOutputBuilderTests_CreateResourceOutputTest" storage="d:\v2.0\a1\_work\dbded102\bin\release.anycpu\sps.service\ms.vs.services.commerce.l0.tests\ms.vs.services.commerce.l0.tests.dll" priority="1" id="7d75a350-a9d3-da39-e248-bd744d50f284">
      <Owners>
        <Owner name="vsc" />
      </Owners>
      <Execution id="ea510faa-2c79-4c47-82ce-c8ea9d83a019" />
      <TestMethod codeBase="D:\v2.0\A1\_work\dbded102\bin\Release.AnyCPU\Sps.Service\MS.VS.Services.Commerce.L0.Tests\MS.VS.Services.Commerce.L0.Tests.dll" adapterTypeName="Microsoft.VisualStudio.TestTools.TestTypes.Unit.UnitTestAdapter" className="MS.VS.Services.Commerce.L0.Tests.UtilityTests.ResourceOutputBuilderTests" name="ResourceOutputBuilderTests_CreateResourceOutputTest" />
    </UnitTest>
    <UnitTest name="ResourceOutputBuilderTests_CreateResourceOutputFailedOperationTest" storage="d:\v2.0\a1\_work\dbded102\bin\release.anycpu\sps.service\ms.vs.services.commerce.l0.tests\ms.vs.services.commerce.l0.tests.dll" priority="1" id="99d71fee-aaa3-5422-b2ab-38c9aeeac699">
      <Owners>
        <Owner name="vsc" />
      </Owners>
      <Execution id="7a249fc7-d3e1-43f1-aa7e-4963ef37a593" />
      <TestMethod codeBase="D:\v2.0\A1\_work\dbded102\bin\Release.AnyCPU\Sps.Service\MS.VS.Services.Commerce.L0.Tests\MS.VS.Services.Commerce.L0.Tests.dll" adapterTypeName="Microsoft.VisualStudio.TestTools.TestTypes.Unit.UnitTestAdapter" className="MS.VS.Services.Commerce.L0.Tests.UtilityTests.ResourceOutputBuilderTests" name="ResourceOutputBuilderTests_CreateResourceOutputFailedOperationTest" />
    </UnitTest>
    <UnitTest name="ResourceOutputBuilderTests_CreateResourceExceptionOutput" storage="d:\v2.0\a1\_work\dbded102\bin\release.anycpu\sps.service\ms.vs.services.commerce.l0.tests\ms.vs.services.commerce.l0.tests.dll" priority="1" id="83786169-ce16-4437-06fb-8ae071801dff">
      <Owners>
        <Owner name="vsc" />
      </Owners>
      <Execution id="2b488306-f79b-4394-9395-de8de2f87e6f" />
      <TestMethod codeBase="D:\v2.0\A1\_work\dbded102\bin\Release.AnyCPU\Sps.Service\MS.VS.Services.Commerce.L0.Tests\MS.VS.Services.Commerce.L0.Tests.dll" adapterTypeName="Microsoft.VisualStudio.TestTools.TestTypes.Unit.UnitTestAdapter" className="MS.VS.Services.Commerce.L0.Tests.UtilityTests.ResourceOutputBuilderTests" name="ResourceOutputBuilderTests_CreateResourceExceptionOutput" />
    </UnitTest>
    <UnitTest name="ResourceOutputBuilderTests_CreateResourceOutputMeteringExceptionTest" storage="d:\v2.0\a1\_work\dbded102\bin\release.anycpu\sps.service\ms.vs.services.commerce.l0.tests\ms.vs.services.commerce.l0.tests.dll" priority="1" id="e66c6565-b0d4-ce3a-753f-5c31265ea7ce">
      <Owners>
        <Owner name="vsc" />
      </Owners>
      <Execution id="e9ee3051-46b5-415e-a0ba-1e0681848210" />
      <TestMethod codeBase="D:\v2.0\A1\_work\dbded102\bin\Release.AnyCPU\Sps.Service\MS.VS.Services.Commerce.L0.Tests\MS.VS.Services.Commerce.L0.Tests.dll" adapterTypeName="Microsoft.VisualStudio.TestTools.TestTypes.Unit.UnitTestAdapter" className="MS.VS.Services.Commerce.L0.Tests.UtilityTests.ResourceOutputBuilderTests" name="ResourceOutputBuilderTests_CreateResourceOutputMeteringExceptionTest" />
    </UnitTest>
    <UnitTest name="ResourceOutputBuilderTests_GetDefaultResourceOutputTest" storage="d:\v2.0\a1\_work\dbded102\bin\release.anycpu\sps.service\ms.vs.services.commerce.l0.tests\ms.vs.services.commerce.l0.tests.dll" priority="2" id="0c99bc4a-5847-7a13-8210-fe2e2e9276fd">
      <Owners>
        <Owner name="vsc" />
      </Owners>
      <Execution id="f9f2c04f-1271-4f01-9c04-ca63f0f7cd95" />
      <TestMethod codeBase="D:\v2.0\A1\_work\dbded102\bin\Release.AnyCPU\Sps.Service\MS.VS.Services.Commerce.L0.Tests\MS.VS.Services.Commerce.L0.Tests.dll" adapterTypeName="Microsoft.VisualStudio.TestTools.TestTypes.Unit.UnitTestAdapter" className="MS.VS.Services.Commerce.L0.Tests.UtilityTests.ResourceOutputBuilderTests" name="ResourceOutputBuilderTests_GetDefaultResourceOutputTest" />
    </UnitTest>
    <UnitTest name="ResourceOutputBuilderTests_GetResourceOutputTest" storage="d:\v2.0\a1\_work\dbded102\bin\release.anycpu\sps.service\ms.vs.services.commerce.l0.tests\ms.vs.services.commerce.l0.tests.dll" priority="1" id="cb3ecf9e-afc5-83e1-dc21-4b450e063544">
      <Owners>
        <Owner name="vsc" />
      </Owners>
      <Execution id="9a1bbbc4-27ab-4ad8-a73b-e204fbe89c18" />
      <TestMethod codeBase="D:\v2.0\A1\_work\dbded102\bin\Release.AnyCPU\Sps.Service\MS.VS.Services.Commerce.L0.Tests\MS.VS.Services.Commerce.L0.Tests.dll" adapterTypeName="Microsoft.VisualStudio.TestTools.TestTypes.Unit.UnitTestAdapter" className="MS.VS.Services.Commerce.L0.Tests.UtilityTests.ResourceOutputBuilderTests" name="ResourceOutputBuilderTests_GetResourceOutputTest" />
    </UnitTest>
    <UnitTest name="IntrinsicsSettingsManager_BuildResource" storage="d:\v2.0\a1\_work\dbded102\bin\release.anycpu\sps.service\ms.vs.services.commerce.l0.tests\ms.vs.services.commerce.l0.tests.dll" priority="1" id="d28278fe-47fd-5961-8b56-afa169550f9b">
      <Owners>
        <Owner name="vsc" />
      </Owners>
      <Execution id="5aefa21e-4026-4b54-8c3c-6b539688f3f3" />
      <TestMethod codeBase="D:\v2.0\A1\_work\dbded102\bin\Release.AnyCPU\Sps.Service\MS.VS.Services.Commerce.L0.Tests\MS.VS.Services.Commerce.L0.Tests.dll" adapterTypeName="Microsoft.VisualStudio.TestTools.TestTypes.Unit.UnitTestAdapter" className="MS.VS.Services.Commerce.L0.Tests.UtilityTests.IntrinsicSettingsManagerTests" name="IntrinsicsSettingsManager_BuildResource" />
    </UnitTest>
    <UnitTest name="IntrinsicsSettingsManager_ResourceBadValue" storage="d:\v2.0\a1\_work\dbded102\bin\release.anycpu\sps.service\ms.vs.services.commerce.l0.tests\ms.vs.services.commerce.l0.tests.dll" priority="1" id="028ac6b5-3d72-1ff8-5b25-f4f7b624196b">
      <Owners>
        <Owner name="vsc" />
      </Owners>
      <Execution id="be3247dc-40e8-4fab-b37d-cd2e33c82ddf" />
      <TestMethod codeBase="D:\v2.0\A1\_work\dbded102\bin\Release.AnyCPU\Sps.Service\MS.VS.Services.Commerce.L0.Tests\MS.VS.Services.Commerce.L0.Tests.dll" adapterTypeName="Microsoft.VisualStudio.TestTools.TestTypes.Unit.UnitTestAdapter" className="MS.VS.Services.Commerce.L0.Tests.UtilityTests.IntrinsicSettingsManagerTests" name="IntrinsicsSettingsManager_ResourceBadValue" />
    </UnitTest>
    <UnitTest name="IntrinsicsSettingsManager_LicenseResource" storage="d:\v2.0\a1\_work\dbded102\bin\release.anycpu\sps.service\ms.vs.services.commerce.l0.tests\ms.vs.services.commerce.l0.tests.dll" priority="1" id="36f7f567-6116-d254-cc3d-576e2bd7aec1">
      <Owners>
        <Owner name="vsc" />
      </Owners>
      <Execution id="25890db3-d3e1-41f3-8297-bf820652a6f3" />
      <TestMethod codeBase="D:\v2.0\A1\_work\dbded102\bin\Release.AnyCPU\Sps.Service\MS.VS.Services.Commerce.L0.Tests\MS.VS.Services.Commerce.L0.Tests.dll" adapterTypeName="Microsoft.VisualStudio.TestTools.TestTypes.Unit.UnitTestAdapter" className="MS.VS.Services.Commerce.L0.Tests.UtilityTests.IntrinsicSettingsManagerTests" name="IntrinsicsSettingsManager_LicenseResource" />
    </UnitTest>
    <UnitTest name="IntrinsicsSettingsManager_LicenseResourceBadValue" storage="d:\v2.0\a1\_work\dbded102\bin\release.anycpu\sps.service\ms.vs.services.commerce.l0.tests\ms.vs.services.commerce.l0.tests.dll" priority="1" id="589bbf33-ad68-f590-6970-148a7f5dde95">
      <Owners>
        <Owner name="vsc" />
      </Owners>
      <Execution id="cbb87e32-1810-436f-8d92-940cc6be4634" />
      <TestMethod codeBase="D:\v2.0\A1\_work\dbded102\bin\Release.AnyCPU\Sps.Service\MS.VS.Services.Commerce.L0.Tests\MS.VS.Services.Commerce.L0.Tests.dll" adapterTypeName="Microsoft.VisualStudio.TestTools.TestTypes.Unit.UnitTestAdapter" className="MS.VS.Services.Commerce.L0.Tests.UtilityTests.IntrinsicSettingsManagerTests" name="IntrinsicsSettingsManager_LicenseResourceBadValue" />
    </UnitTest>
    <UnitTest name="IntrinsicsSettingsManager_MultipleResources" storage="d:\v2.0\a1\_work\dbded102\bin\release.anycpu\sps.service\ms.vs.services.commerce.l0.tests\ms.vs.services.commerce.l0.tests.dll" priority="1" id="f5ffde63-e0a2-6507-08ca-3c697a8755bc">
      <Owners>
        <Owner name="vsc" />
      </Owners>
      <Execution id="8eb23b22-42f3-4099-b03f-4562c1cf7ac4" />
      <TestMethod codeBase="D:\v2.0\A1\_work\dbded102\bin\Release.AnyCPU\Sps.Service\MS.VS.Services.Commerce.L0.Tests\MS.VS.Services.Commerce.L0.Tests.dll" adapterTypeName="Microsoft.VisualStudio.TestTools.TestTypes.Unit.UnitTestAdapter" className="MS.VS.Services.Commerce.L0.Tests.UtilityTests.IntrinsicSettingsManagerTests" name="IntrinsicsSettingsManager_MultipleResources" />
    </UnitTest>
    <UnitTest name="CommerceUtil_GetDefaultUsageMetersTest" storage="d:\v2.0\a1\_work\dbded102\bin\release.anycpu\sps.service\ms.vs.services.commerce.l0.tests\ms.vs.services.commerce.l0.tests.dll" priority="1" id="d72927bc-a773-863c-e426-0a5061339bbb">
      <Owners>
        <Owner name="vsc" />
      </Owners>
      <Execution id="684676d4-0c44-401c-8e39-231aa6f7f483" />
      <TestMethod codeBase="D:\v2.0\A1\_work\dbded102\bin\Release.AnyCPU\Sps.Service\MS.VS.Services.Commerce.L0.Tests\MS.VS.Services.Commerce.L0.Tests.dll" adapterTypeName="Microsoft.VisualStudio.TestTools.TestTypes.Unit.UnitTestAdapter" className="MS.VS.Services.Commerce.L0.Tests.UtilityTests.CommerceUtilTests" name="CommerceUtil_GetDefaultUsageMetersTest" />
    </UnitTest>
    <UnitTest name="CommerceUtil_GetUsageMetersTest" storage="d:\v2.0\a1\_work\dbded102\bin\release.anycpu\sps.service\ms.vs.services.commerce.l0.tests\ms.vs.services.commerce.l0.tests.dll" priority="1" id="b3e26e70-d53a-4c65-5593-3e0f715380dd">
      <Owners>
        <Owner name="vsc" />
      </Owners>
      <Execution id="7904663f-11aa-4768-9d73-2f0e813d6b78" />
      <TestMethod codeBase="D:\v2.0\A1\_work\dbded102\bin\Release.AnyCPU\Sps.Service\MS.VS.Services.Commerce.L0.Tests\MS.VS.Services.Commerce.L0.Tests.dll" adapterTypeName="Microsoft.VisualStudio.TestTools.TestTypes.Unit.UnitTestAdapter" className="MS.VS.Services.Commerce.L0.Tests.UtilityTests.CommerceUtilTests" name="CommerceUtil_GetUsageMetersTest" />
    </UnitTest>
    <UnitTest name="CommerceUtil_DeserializeTest" storage="d:\v2.0\a1\_work\dbded102\bin\release.anycpu\sps.service\ms.vs.services.commerce.l0.tests\ms.vs.services.commerce.l0.tests.dll" priority="1" id="3992c438-53c3-0a48-f8f0-81dc725c22fc">
      <Owners>
        <Owner name="vsc" />
      </Owners>
      <Execution id="85824ab5-cc1e-45ce-889d-8ca615821dc6" />
      <TestMethod codeBase="D:\v2.0\A1\_work\dbded102\bin\Release.AnyCPU\Sps.Service\MS.VS.Services.Commerce.L0.Tests\MS.VS.Services.Commerce.L0.Tests.dll" adapterTypeName="Microsoft.VisualStudio.TestTools.TestTypes.Unit.UnitTestAdapter" className="MS.VS.Services.Commerce.L0.Tests.UtilityTests.CommerceUtilTests" name="CommerceUtil_DeserializeTest" />
    </UnitTest>
    <UnitTest name="CommerceUtil_EncodeToBase64Test" storage="d:\v2.0\a1\_work\dbded102\bin\release.anycpu\sps.service\ms.vs.services.commerce.l0.tests\ms.vs.services.commerce.l0.tests.dll" priority="1" id="7ee829d6-2d30-018e-6f64-12a0db5c7f76">
      <Owners>
        <Owner name="vsc" />
      </Owners>
      <Execution id="89a07c97-fdd6-4f9f-aa61-af35ed1d1e60" />
      <TestMethod codeBase="D:\v2.0\A1\_work\dbded102\bin\Release.AnyCPU\Sps.Service\MS.VS.Services.Commerce.L0.Tests\MS.VS.Services.Commerce.L0.Tests.dll" adapterTypeName="Microsoft.VisualStudio.TestTools.TestTypes.Unit.UnitTestAdapter" className="MS.VS.Services.Commerce.L0.Tests.UtilityTests.CommerceUtilTests" name="CommerceUtil_EncodeToBase64Test" />
    </UnitTest>
    <UnitTest name="OnActionExecutedContollerNull" storage="d:\v2.0\a1\_work\dbded102\bin\release.anycpu\sps.service\ms.vs.services.commerce.l0.tests\ms.vs.services.commerce.l0.tests.dll" priority="1" id="67cc8dd3-0baf-f7b7-95ea-d0e199b45f87">
      <Owners>
        <Owner name="vsc" />
      </Owners>
      <Execution id="5a3903ec-dde1-4f37-901d-fd5a74b68821" />
      <TestMethod codeBase="D:\v2.0\A1\_work\dbded102\bin\Release.AnyCPU\Sps.Service\MS.VS.Services.Commerce.L0.Tests\MS.VS.Services.Commerce.L0.Tests.dll" adapterTypeName="Microsoft.VisualStudio.TestTools.TestTypes.Unit.UnitTestAdapter" className="MS.VS.Services.Commerce.L0.Tests.MeteringService.TraceDetailsFilterAttributeTests" name="OnActionExecutedContollerNull" />
    </UnitTest>
    <UnitTest name="OnActionExecutedContentAndHeaderWrite" storage="d:\v2.0\a1\_work\dbded102\bin\release.anycpu\sps.service\ms.vs.services.commerce.l0.tests\ms.vs.services.commerce.l0.tests.dll" priority="1" id="0c3a9e33-82c9-fc4a-285a-23c3397ecf6b">
      <Owners>
        <Owner name="vsc" />
      </Owners>
      <Execution id="a235384f-bbb0-43c2-aa8f-fbdea86a6c23" />
      <TestMethod codeBase="D:\v2.0\A1\_work\dbded102\bin\Release.AnyCPU\Sps.Service\MS.VS.Services.Commerce.L0.Tests\MS.VS.Services.Commerce.L0.Tests.dll" adapterTypeName="Microsoft.VisualStudio.TestTools.TestTypes.Unit.UnitTestAdapter" className="MS.VS.Services.Commerce.L0.Tests.MeteringService.TraceDetailsFilterAttributeTests" name="OnActionExecutedContentAndHeaderWrite" />
    </UnitTest>
    <UnitTest name="OnActionExecutedExceptionTrace" storage="d:\v2.0\a1\_work\dbded102\bin\release.anycpu\sps.service\ms.vs.services.commerce.l0.tests\ms.vs.services.commerce.l0.tests.dll" priority="1" id="485a0718-e82e-d030-9201-055f23e49406">
      <Owners>
        <Owner name="vsc" />
      </Owners>
      <Execution id="f08b1996-1035-47d2-958f-f76aa7566ac1" />
      <TestMethod codeBase="D:\v2.0\A1\_work\dbded102\bin\Release.AnyCPU\Sps.Service\MS.VS.Services.Commerce.L0.Tests\MS.VS.Services.Commerce.L0.Tests.dll" adapterTypeName="Microsoft.VisualStudio.TestTools.TestTypes.Unit.UnitTestAdapter" className="MS.VS.Services.Commerce.L0.Tests.MeteringService.TraceDetailsFilterAttributeTests" name="OnActionExecutedExceptionTrace" />
    </UnitTest>
    <UnitTest name="OnActionExecutingContollerNull" storage="d:\v2.0\a1\_work\dbded102\bin\release.anycpu\sps.service\ms.vs.services.commerce.l0.tests\ms.vs.services.commerce.l0.tests.dll" priority="1" id="e34d591b-1f43-bf19-47ae-85ca0e9c40b4">
      <Owners>
        <Owner name="vsc" />
      </Owners>
      <Execution id="5bf15a8e-14f7-4940-bebf-97b299f8eaab" />
      <TestMethod codeBase="D:\v2.0\A1\_work\dbded102\bin\Release.AnyCPU\Sps.Service\MS.VS.Services.Commerce.L0.Tests\MS.VS.Services.Commerce.L0.Tests.dll" adapterTypeName="Microsoft.VisualStudio.TestTools.TestTypes.Unit.UnitTestAdapter" className="MS.VS.Services.Commerce.L0.Tests.MeteringService.TraceDetailsFilterAttributeTests" name="OnActionExecutingContollerNull" />
    </UnitTest>
    <UnitTest name="OnActionExecutingContentAndHeaderWrite" storage="d:\v2.0\a1\_work\dbded102\bin\release.anycpu\sps.service\ms.vs.services.commerce.l0.tests\ms.vs.services.commerce.l0.tests.dll" priority="1" id="3a547af1-064d-6e94-9641-46872457b39c">
      <Owners>
        <Owner name="vsc" />
      </Owners>
      <Execution id="6613a781-1be4-4630-bd42-197e10b16fbe" />
      <TestMethod codeBase="D:\v2.0\A1\_work\dbded102\bin\Release.AnyCPU\Sps.Service\MS.VS.Services.Commerce.L0.Tests\MS.VS.Services.Commerce.L0.Tests.dll" adapterTypeName="Microsoft.VisualStudio.TestTools.TestTypes.Unit.UnitTestAdapter" className="MS.VS.Services.Commerce.L0.Tests.MeteringService.TraceDetailsFilterAttributeTests" name="OnActionExecutingContentAndHeaderWrite" />
    </UnitTest>
    <UnitTest name="OnActionExecutingExceptionTrace" storage="d:\v2.0\a1\_work\dbded102\bin\release.anycpu\sps.service\ms.vs.services.commerce.l0.tests\ms.vs.services.commerce.l0.tests.dll" priority="1" id="7e157a32-e097-bd52-7bf2-e7b0cde0c03c">
      <Owners>
        <Owner name="vsc" />
      </Owners>
      <Execution id="9665ed1e-79b4-46bf-8ec2-e85e3231a955" />
      <TestMethod codeBase="D:\v2.0\A1\_work\dbded102\bin\Release.AnyCPU\Sps.Service\MS.VS.Services.Commerce.L0.Tests\MS.VS.Services.Commerce.L0.Tests.dll" adapterTypeName="Microsoft.VisualStudio.TestTools.TestTypes.Unit.UnitTestAdapter" className="MS.VS.Services.Commerce.L0.Tests.MeteringService.TraceDetailsFilterAttributeTests" name="OnActionExecutingExceptionTrace" />
    </UnitTest>
    <UnitTest name="TraceRequest_OnActionExecutingContollerNull" storage="d:\v2.0\a1\_work\dbded102\bin\release.anycpu\sps.service\ms.vs.services.commerce.l0.tests\ms.vs.services.commerce.l0.tests.dll" priority="1" id="9fb9f2ca-43a8-17ca-70c2-e477495ee88b">
      <Owners>
        <Owner name="vsc" />
      </Owners>
      <Execution id="76250cfa-dc6a-4177-a33d-a65925029af5" />
      <TestMethod codeBase="D:\v2.0\A1\_work\dbded102\bin\Release.AnyCPU\Sps.Service\MS.VS.Services.Commerce.L0.Tests\MS.VS.Services.Commerce.L0.Tests.dll" adapterTypeName="Microsoft.VisualStudio.TestTools.TestTypes.Unit.UnitTestAdapter" className="MS.VS.Services.Commerce.L0.Tests.MeteringService.TraceRequestAttributeTests" name="TraceRequest_OnActionExecutingContollerNull" />
    </UnitTest>
    <UnitTest name="TraceRequest_OnActionExecutingContentAndHeaderWrite" storage="d:\v2.0\a1\_work\dbded102\bin\release.anycpu\sps.service\ms.vs.services.commerce.l0.tests\ms.vs.services.commerce.l0.tests.dll" priority="1" id="85413449-ec88-ca7a-409a-6b2b2ec8eedd">
      <Owners>
        <Owner name="vsc" />
      </Owners>
      <Execution id="8f3b9916-9944-41fe-af88-de9b86f6fce5" />
      <TestMethod codeBase="D:\v2.0\A1\_work\dbded102\bin\Release.AnyCPU\Sps.Service\MS.VS.Services.Commerce.L0.Tests\MS.VS.Services.Commerce.L0.Tests.dll" adapterTypeName="Microsoft.VisualStudio.TestTools.TestTypes.Unit.UnitTestAdapter" className="MS.VS.Services.Commerce.L0.Tests.MeteringService.TraceRequestAttributeTests" name="TraceRequest_OnActionExecutingContentAndHeaderWrite" />
    </UnitTest>
    <UnitTest name="TraceRequest_OnActionExecutingExceptionTrace" storage="d:\v2.0\a1\_work\dbded102\bin\release.anycpu\sps.service\ms.vs.services.commerce.l0.tests\ms.vs.services.commerce.l0.tests.dll" priority="1" id="a204528b-7bf5-c00c-8457-70b6cc9caab7">
      <Owners>
        <Owner name="vsc" />
      </Owners>
      <Execution id="449bea78-d85a-4c15-a7d7-ed40fd061b02" />
      <TestMethod codeBase="D:\v2.0\A1\_work\dbded102\bin\Release.AnyCPU\Sps.Service\MS.VS.Services.Commerce.L0.Tests\MS.VS.Services.Commerce.L0.Tests.dll" adapterTypeName="Microsoft.VisualStudio.TestTools.TestTypes.Unit.UnitTestAdapter" className="MS.VS.Services.Commerce.L0.Tests.MeteringService.TraceRequestAttributeTests" name="TraceRequest_OnActionExecutingExceptionTrace" />
    </UnitTest>
    <UnitTest name="TraceRequest_ProductionConstrcutorCall" storage="d:\v2.0\a1\_work\dbded102\bin\release.anycpu\sps.service\ms.vs.services.commerce.l0.tests\ms.vs.services.commerce.l0.tests.dll" priority="1" id="5fc06dd4-eafd-0fb4-37c1-c0be9dc67e9c">
      <Owners>
        <Owner name="vsc" />
      </Owners>
      <Execution id="388d8d66-ef71-4efb-b858-3417573abb14" />
      <TestMethod codeBase="D:\v2.0\A1\_work\dbded102\bin\Release.AnyCPU\Sps.Service\MS.VS.Services.Commerce.L0.Tests\MS.VS.Services.Commerce.L0.Tests.dll" adapterTypeName="Microsoft.VisualStudio.TestTools.TestTypes.Unit.UnitTestAdapter" className="MS.VS.Services.Commerce.L0.Tests.MeteringService.TraceRequestAttributeTests" name="TraceRequest_ProductionConstrcutorCall" />
    </UnitTest>
    <UnitTest name="OnActionExecutedContollerNull" storage="d:\v2.0\a1\_work\dbded102\bin\release.anycpu\sps.service\ms.vs.services.commerce.l0.tests\ms.vs.services.commerce.l0.tests.dll" priority="1" id="04a72fdf-7318-4673-5881-a33afeef42a2">
      <Owners>
        <Owner name="vsc" />
      </Owners>
      <Execution id="5700ff55-cbf7-4d60-85bf-d2caa267a2d0" />
      <TestMethod codeBase="D:\v2.0\A1\_work\dbded102\bin\Release.AnyCPU\Sps.Service\MS.VS.Services.Commerce.L0.Tests\MS.VS.Services.Commerce.L0.Tests.dll" adapterTypeName="Microsoft.VisualStudio.TestTools.TestTypes.Unit.UnitTestAdapter" className="MS.VS.Services.Commerce.L0.Tests.MeteringService.TraceResponseAttributeTests" name="OnActionExecutedContollerNull" />
    </UnitTest>
    <UnitTest name="OnActionExecutedContentAndHeaderWrite" storage="d:\v2.0\a1\_work\dbded102\bin\release.anycpu\sps.service\ms.vs.services.commerce.l0.tests\ms.vs.services.commerce.l0.tests.dll" priority="1" id="297203c9-b002-5976-8852-5eaf726bd2fd">
      <Owners>
        <Owner name="vsc" />
      </Owners>
      <Execution id="bb251401-d764-4742-b33e-8f4ca4636a62" />
      <TestMethod codeBase="D:\v2.0\A1\_work\dbded102\bin\Release.AnyCPU\Sps.Service\MS.VS.Services.Commerce.L0.Tests\MS.VS.Services.Commerce.L0.Tests.dll" adapterTypeName="Microsoft.VisualStudio.TestTools.TestTypes.Unit.UnitTestAdapter" className="MS.VS.Services.Commerce.L0.Tests.MeteringService.TraceResponseAttributeTests" name="OnActionExecutedContentAndHeaderWrite" />
    </UnitTest>
    <UnitTest name="OnActionExecutedExceptionTrace" storage="d:\v2.0\a1\_work\dbded102\bin\release.anycpu\sps.service\ms.vs.services.commerce.l0.tests\ms.vs.services.commerce.l0.tests.dll" priority="1" id="a337afd9-44c7-b1f9-7b29-c8ac477b96c2">
      <Owners>
        <Owner name="vsc" />
      </Owners>
      <Execution id="4d15ead6-c7d0-4a4a-b50a-58801f80a2d0" />
      <TestMethod codeBase="D:\v2.0\A1\_work\dbded102\bin\Release.AnyCPU\Sps.Service\MS.VS.Services.Commerce.L0.Tests\MS.VS.Services.Commerce.L0.Tests.dll" adapterTypeName="Microsoft.VisualStudio.TestTools.TestTypes.Unit.UnitTestAdapter" className="MS.VS.Services.Commerce.L0.Tests.MeteringService.TraceResponseAttributeTests" name="OnActionExecutedExceptionTrace" />
    </UnitTest>
    <UnitTest name="AccountIdBinder_Test" storage="d:\v2.0\a1\_work\dbded102\bin\release.anycpu\sps.service\ms.vs.services.commerce.l0.tests\ms.vs.services.commerce.l0.tests.dll" priority="1" id="1de00129-7946-b771-65bd-375bf77c5cbd">
      <Owners>
        <Owner name="vsc" />
      </Owners>
      <Execution id="e0f4b05a-21cb-4cb3-af35-f5c2836253a0" />
      <TestMethod codeBase="D:\v2.0\A1\_work\dbded102\bin\Release.AnyCPU\Sps.Service\MS.VS.Services.Commerce.L0.Tests\MS.VS.Services.Commerce.L0.Tests.dll" adapterTypeName="Microsoft.VisualStudio.TestTools.TestTypes.Unit.UnitTestAdapter" className="MS.VS.Services.Commerce.L0.Tests.MeteringService.AccountIdBinderTests" name="AccountIdBinder_Test" />
    </UnitTest>
    <UnitTest name="AzureBillableEventBinderConstructor_Test" storage="d:\v2.0\a1\_work\dbded102\bin\release.anycpu\sps.service\ms.vs.services.commerce.l0.tests\ms.vs.services.commerce.l0.tests.dll" priority="1" id="641f3a05-ccd5-dedf-c479-e4d1f1b28a79">
      <Owners>
        <Owner name="vsc" />
      </Owners>
      <Execution id="dc448f74-d63a-4cf5-9cde-4956ee268332" />
      <TestMethod codeBase="D:\v2.0\A1\_work\dbded102\bin\Release.AnyCPU\Sps.Service\MS.VS.Services.Commerce.L0.Tests\MS.VS.Services.Commerce.L0.Tests.dll" adapterTypeName="Microsoft.VisualStudio.TestTools.TestTypes.Unit.UnitTestAdapter" className="MS.VS.Services.Commerce.L0.Tests.MeteringService.AzureBillableEventBinderTests" name="AzureBillableEventBinderConstructor_Test" />
    </UnitTest>
    <UnitTest name="AzureBillableEventBinderBind_ExceptionTest" storage="d:\v2.0\a1\_work\dbded102\bin\release.anycpu\sps.service\ms.vs.services.commerce.l0.tests\ms.vs.services.commerce.l0.tests.dll" priority="1" id="2cc3ead4-0254-dfbf-d544-b88d14be95b0">
      <Owners>
        <Owner name="vsc" />
      </Owners>
      <Execution id="f1286197-582b-4d54-b631-2b5b4141f17c" />
      <TestMethod codeBase="D:\v2.0\A1\_work\dbded102\bin\Release.AnyCPU\Sps.Service\MS.VS.Services.Commerce.L0.Tests\MS.VS.Services.Commerce.L0.Tests.dll" adapterTypeName="Microsoft.VisualStudio.TestTools.TestTypes.Unit.UnitTestAdapter" className="MS.VS.Services.Commerce.L0.Tests.MeteringService.AzureBillableEventBinderTests" name="AzureBillableEventBinderBind_ExceptionTest" />
    </UnitTest>
    <UnitTest name="AzureBillableEventBinderBind_Test" storage="d:\v2.0\a1\_work\dbded102\bin\release.anycpu\sps.service\ms.vs.services.commerce.l0.tests\ms.vs.services.commerce.l0.tests.dll" priority="1" id="4fcb381e-42ac-44ac-ef55-950aae9951a4">
      <Owners>
        <Owner name="vsc" />
      </Owners>
      <Execution id="45ec6374-a6d1-4085-804d-878beb95a0cb" />
      <TestMethod codeBase="D:\v2.0\A1\_work\dbded102\bin\Release.AnyCPU\Sps.Service\MS.VS.Services.Commerce.L0.Tests\MS.VS.Services.Commerce.L0.Tests.dll" adapterTypeName="Microsoft.VisualStudio.TestTools.TestTypes.Unit.UnitTestAdapter" className="MS.VS.Services.Commerce.L0.Tests.MeteringService.AzureBillableEventBinderTests" name="AzureBillableEventBinderBind_Test" />
    </UnitTest>
    <UnitTest name="AzureUsageEventStore_ToAzureUsageEventTest" storage="d:\v2.0\a1\_work\dbded102\bin\release.anycpu\sps.service\ms.vs.services.commerce.l0.tests\ms.vs.services.commerce.l0.tests.dll" priority="1" id="ce550e3b-fb5e-8235-4dda-e6aa28e0847f">
      <Owners>
        <Owner name="vsc" />
      </Owners>
      <Execution id="bbaca7b9-9adf-43d7-85f6-1b5f65e2b9da" />
      <TestMethod codeBase="D:\v2.0\A1\_work\dbded102\bin\Release.AnyCPU\Sps.Service\MS.VS.Services.Commerce.L0.Tests\MS.VS.Services.Commerce.L0.Tests.dll" adapterTypeName="Microsoft.VisualStudio.TestTools.TestTypes.Unit.UnitTestAdapter" className="MS.VS.Services.Commerce.L0.Tests.MeteringService.AzureUsageEventStoreTests" name="AzureUsageEventStore_ToAzureUsageEventTest" />
    </UnitTest>
    <UnitTest name="AzureUsageEventStore_ToUsageEventTest" storage="d:\v2.0\a1\_work\dbded102\bin\release.anycpu\sps.service\ms.vs.services.commerce.l0.tests\ms.vs.services.commerce.l0.tests.dll" priority="1" id="28166fe4-26ce-faac-f1bc-5b7f335ee6ee">
      <Owners>
        <Owner name="vsc" />
      </Owners>
      <Execution id="4de9fab7-2bb3-4aa8-9a60-062deac0dd1f" />
      <TestMethod codeBase="D:\v2.0\A1\_work\dbded102\bin\Release.AnyCPU\Sps.Service\MS.VS.Services.Commerce.L0.Tests\MS.VS.Services.Commerce.L0.Tests.dll" adapterTypeName="Microsoft.VisualStudio.TestTools.TestTypes.Unit.UnitTestAdapter" className="MS.VS.Services.Commerce.L0.Tests.MeteringService.AzureUsageEventStoreTests" name="AzureUsageEventStore_ToUsageEventTest" />
    </UnitTest>
    <UnitTest name="AzureUsageEventStore_GetUnprocessedEventsTest" storage="d:\v2.0\a1\_work\dbded102\bin\release.anycpu\sps.service\ms.vs.services.commerce.l0.tests\ms.vs.services.commerce.l0.tests.dll" priority="1" id="1d1179ff-cba4-610a-fe26-d78d516e4015">
      <Owners>
        <Owner name="vsc" />
      </Owners>
      <Execution id="dc82b75b-33b1-4e19-bb15-ef034fd05215" />
      <TestMethod codeBase="D:\v2.0\A1\_work\dbded102\bin\Release.AnyCPU\Sps.Service\MS.VS.Services.Commerce.L0.Tests\MS.VS.Services.Commerce.L0.Tests.dll" adapterTypeName="Microsoft.VisualStudio.TestTools.TestTypes.Unit.UnitTestAdapter" className="MS.VS.Services.Commerce.L0.Tests.MeteringService.AzureUsageEventStoreTests" name="AzureUsageEventStore_GetUnprocessedEventsTest" />
    </UnitTest>
    <UnitTest name="AzureUsageEventStore_BillableEvents" storage="d:\v2.0\a1\_work\dbded102\bin\release.anycpu\sps.service\ms.vs.services.commerce.l0.tests\ms.vs.services.commerce.l0.tests.dll" priority="1" id="3a04cb5d-9ead-6d40-9a67-750de42c95d9">
      <Owners>
        <Owner name="vsc" />
      </Owners>
      <Execution id="2890eafa-775b-47cf-9296-377f016a8046" />
      <TestMethod codeBase="D:\v2.0\A1\_work\dbded102\bin\Release.AnyCPU\Sps.Service\MS.VS.Services.Commerce.L0.Tests\MS.VS.Services.Commerce.L0.Tests.dll" adapterTypeName="Microsoft.VisualStudio.TestTools.TestTypes.Unit.UnitTestAdapter" className="MS.VS.Services.Commerce.L0.Tests.MeteringService.AzureUsageEventStoreTests" name="AzureUsageEventStore_BillableEvents" />
    </UnitTest>
    <UnitTest name="AzureUsageEventStore_UsageEvents" storage="d:\v2.0\a1\_work\dbded102\bin\release.anycpu\sps.service\ms.vs.services.commerce.l0.tests\ms.vs.services.commerce.l0.tests.dll" priority="1" id="f94d1f44-70e2-03cb-8765-5078c268bff1">
      <Owners>
        <Owner name="vsc" />
      </Owners>
      <Execution id="c6d1342b-446f-4c04-8fc3-74dccc82e61a" />
      <TestMethod codeBase="D:\v2.0\A1\_work\dbded102\bin\Release.AnyCPU\Sps.Service\MS.VS.Services.Commerce.L0.Tests\MS.VS.Services.Commerce.L0.Tests.dll" adapterTypeName="Microsoft.VisualStudio.TestTools.TestTypes.Unit.UnitTestAdapter" className="MS.VS.Services.Commerce.L0.Tests.MeteringService.AzureUsageEventStoreTests" name="AzureUsageEventStore_UsageEvents" />
    </UnitTest>
    <UnitTest name="AzureUsageEvent_ConstructorTest" storage="d:\v2.0\a1\_work\dbded102\bin\release.anycpu\sps.service\ms.vs.services.commerce.l0.tests\ms.vs.services.commerce.l0.tests.dll" priority="1" id="e3a6b508-cec7-8a64-6478-47fddbe7168a">
      <Owners>
        <Owner name="vsc" />
      </Owners>
      <Execution id="6cbdb93f-55bd-48fd-9369-07562e91ed13" />
      <TestMethod codeBase="D:\v2.0\A1\_work\dbded102\bin\Release.AnyCPU\Sps.Service\MS.VS.Services.Commerce.L0.Tests\MS.VS.Services.Commerce.L0.Tests.dll" adapterTypeName="Microsoft.VisualStudio.TestTools.TestTypes.Unit.UnitTestAdapter" className="MS.VS.Services.Commerce.L0.Tests.MeteringService.AzureUsageEventTests" name="AzureUsageEvent_ConstructorTest" />
    </UnitTest>
    <UnitTest name="AzureUsageEvent_DefaultConstructorTest" storage="d:\v2.0\a1\_work\dbded102\bin\release.anycpu\sps.service\ms.vs.services.commerce.l0.tests\ms.vs.services.commerce.l0.tests.dll" priority="1" id="5e06faca-da4c-0acf-3241-9a7a64c4104b">
      <Owners>
        <Owner name="vsc" />
      </Owners>
      <Execution id="bf8c8cf4-e996-436c-a566-b8bb0066b07b" />
      <TestMethod codeBase="D:\v2.0\A1\_work\dbded102\bin\Release.AnyCPU\Sps.Service\MS.VS.Services.Commerce.L0.Tests\MS.VS.Services.Commerce.L0.Tests.dll" adapterTypeName="Microsoft.VisualStudio.TestTools.TestTypes.Unit.UnitTestAdapter" className="MS.VS.Services.Commerce.L0.Tests.MeteringService.AzureUsageEventTests" name="AzureUsageEvent_DefaultConstructorTest" />
    </UnitTest>
    <UnitTest name="FrameworkGetResourceStatus_RequestContextNullValidationTest" storage="d:\v2.0\a1\_work\dbded102\bin\release.anycpu\sps.service\ms.vs.services.commerce.l0.tests\ms.vs.services.commerce.l0.tests.dll" priority="1" id="a7ec9f03-8211-af61-93e0-0ac9819f71a3">
      <Owners>
        <Owner name="vsc" />
      </Owners>
      <Execution id="74fad342-cdaa-42a6-b0fb-9ee63f92e973" />
      <TestMethod codeBase="D:\v2.0\A1\_work\dbded102\bin\Release.AnyCPU\Sps.Service\MS.VS.Services.Commerce.L0.Tests\MS.VS.Services.Commerce.L0.Tests.dll" adapterTypeName="Microsoft.VisualStudio.TestTools.TestTypes.Unit.UnitTestAdapter" className="MS.VS.Services.Commerce.L0.Tests.MeteringService.FrameworkMeteringServiceGetResourceStatusTests" name="FrameworkGetResourceStatus_RequestContextNullValidationTest" />
    </UnitTest>
    <UnitTest name="FrameworkGetResourceStatus_HostTypeValidationTest" storage="d:\v2.0\a1\_work\dbded102\bin\release.anycpu\sps.service\ms.vs.services.commerce.l0.tests\ms.vs.services.commerce.l0.tests.dll" priority="1" id="d8dae775-253e-f494-d099-0a78e83b55ca">
      <Owners>
        <Owner name="vsc" />
      </Owners>
      <Execution id="e6bbafdb-fe7b-499d-9624-ab2a0a45ea06" />
      <TestMethod codeBase="D:\v2.0\A1\_work\dbded102\bin\Release.AnyCPU\Sps.Service\MS.VS.Services.Commerce.L0.Tests\MS.VS.Services.Commerce.L0.Tests.dll" adapterTypeName="Microsoft.VisualStudio.TestTools.TestTypes.Unit.UnitTestAdapter" className="MS.VS.Services.Commerce.L0.Tests.MeteringService.FrameworkMeteringServiceGetResourceStatusTests" name="FrameworkGetResourceStatus_HostTypeValidationTest" />
    </UnitTest>
    <UnitTest name="FrameworkGetResourceStatus_Test" storage="d:\v2.0\a1\_work\dbded102\bin\release.anycpu\sps.service\ms.vs.services.commerce.l0.tests\ms.vs.services.commerce.l0.tests.dll" priority="1" id="fe145ed9-4519-dfc1-7668-f65435672abf">
      <Owners>
        <Owner name="vsc" />
      </Owners>
      <Execution id="190b6d40-f256-4941-b04f-63ed394caccb" />
      <TestMethod codeBase="D:\v2.0\A1\_work\dbded102\bin\Release.AnyCPU\Sps.Service\MS.VS.Services.Commerce.L0.Tests\MS.VS.Services.Commerce.L0.Tests.dll" adapterTypeName="Microsoft.VisualStudio.TestTools.TestTypes.Unit.UnitTestAdapter" className="MS.VS.Services.Commerce.L0.Tests.MeteringService.FrameworkMeteringServiceGetResourceStatusTests" name="FrameworkGetResourceStatus_Test" />
    </UnitTest>
    <UnitTest name="FrameworkReportUsage_RequestContextNullValidationTest" storage="d:\v2.0\a1\_work\dbded102\bin\release.anycpu\sps.service\ms.vs.services.commerce.l0.tests\ms.vs.services.commerce.l0.tests.dll" priority="1" id="85915601-891d-334f-e466-4d3c0bc620da">
      <Owners>
        <Owner name="vsc" />
      </Owners>
      <Execution id="aa032067-5807-44b0-8637-6a6f7e4b56dd" />
      <TestMethod codeBase="D:\v2.0\A1\_work\dbded102\bin\Release.AnyCPU\Sps.Service\MS.VS.Services.Commerce.L0.Tests\MS.VS.Services.Commerce.L0.Tests.dll" adapterTypeName="Microsoft.VisualStudio.TestTools.TestTypes.Unit.UnitTestAdapter" className="MS.VS.Services.Commerce.L0.Tests.MeteringService.FrameworkMeteringServiceReportUsageTests" name="FrameworkReportUsage_RequestContextNullValidationTest" />
    </UnitTest>
    <UnitTest name="FrameworkReportUsage_QuantityGreaterThanZeroValidationTest" storage="d:\v2.0\a1\_work\dbded102\bin\release.anycpu\sps.service\ms.vs.services.commerce.l0.tests\ms.vs.services.commerce.l0.tests.dll" priority="1" id="14f193d6-6303-b383-4ef3-593fa89a90ac">
      <Owners>
        <Owner name="vsc" />
      </Owners>
      <Execution id="3fa17146-8a43-4ce3-b095-478bee864ccf" />
      <TestMethod codeBase="D:\v2.0\A1\_work\dbded102\bin\Release.AnyCPU\Sps.Service\MS.VS.Services.Commerce.L0.Tests\MS.VS.Services.Commerce.L0.Tests.dll" adapterTypeName="Microsoft.VisualStudio.TestTools.TestTypes.Unit.UnitTestAdapter" className="MS.VS.Services.Commerce.L0.Tests.MeteringService.FrameworkMeteringServiceReportUsageTests" name="FrameworkReportUsage_QuantityGreaterThanZeroValidationTest" />
    </UnitTest>
    <UnitTest name="FrameworkReportUsage_EventIdValidationTest" storage="d:\v2.0\a1\_work\dbded102\bin\release.anycpu\sps.service\ms.vs.services.commerce.l0.tests\ms.vs.services.commerce.l0.tests.dll" priority="1" id="5ba4d833-ba44-9cec-0814-9ae14d63c51a">
      <Owners>
        <Owner name="vsc" />
      </Owners>
      <Execution id="b5f9e9f5-cd85-47c9-8673-7cdf42cf1ff2" />
      <TestMethod codeBase="D:\v2.0\A1\_work\dbded102\bin\Release.AnyCPU\Sps.Service\MS.VS.Services.Commerce.L0.Tests\MS.VS.Services.Commerce.L0.Tests.dll" adapterTypeName="Microsoft.VisualStudio.TestTools.TestTypes.Unit.UnitTestAdapter" className="MS.VS.Services.Commerce.L0.Tests.MeteringService.FrameworkMeteringServiceReportUsageTests" name="FrameworkReportUsage_EventIdValidationTest" />
    </UnitTest>
    <UnitTest name="FrameworkReportUsage_AccountIdValidationTest" storage="d:\v2.0\a1\_work\dbded102\bin\release.anycpu\sps.service\ms.vs.services.commerce.l0.tests\ms.vs.services.commerce.l0.tests.dll" priority="1" id="d9190bed-9f15-2c67-3f3e-f151f5a7c7a1">
      <Owners>
        <Owner name="vsc" />
      </Owners>
      <Execution id="8e49c8d0-bf9b-4e9b-afda-f2f4a2846567" />
      <TestMethod codeBase="D:\v2.0\A1\_work\dbded102\bin\Release.AnyCPU\Sps.Service\MS.VS.Services.Commerce.L0.Tests\MS.VS.Services.Commerce.L0.Tests.dll" adapterTypeName="Microsoft.VisualStudio.TestTools.TestTypes.Unit.UnitTestAdapter" className="MS.VS.Services.Commerce.L0.Tests.MeteringService.FrameworkMeteringServiceReportUsageTests" name="FrameworkReportUsage_AccountIdValidationTest" />
    </UnitTest>
    <UnitTest name="FrameworkReportUsage_EventUserIdValidationTest" storage="d:\v2.0\a1\_work\dbded102\bin\release.anycpu\sps.service\ms.vs.services.commerce.l0.tests\ms.vs.services.commerce.l0.tests.dll" priority="1" id="69863d47-ff00-866f-02bc-4eb24dcad546">
      <Owners>
        <Owner name="vsc" />
      </Owners>
      <Execution id="3b5dfcf2-810f-4cdf-b97a-c12c295257db" />
      <TestMethod codeBase="D:\v2.0\A1\_work\dbded102\bin\Release.AnyCPU\Sps.Service\MS.VS.Services.Commerce.L0.Tests\MS.VS.Services.Commerce.L0.Tests.dll" adapterTypeName="Microsoft.VisualStudio.TestTools.TestTypes.Unit.UnitTestAdapter" className="MS.VS.Services.Commerce.L0.Tests.MeteringService.FrameworkMeteringServiceReportUsageTests" name="FrameworkReportUsage_EventUserIdValidationTest" />
    </UnitTest>
    <UnitTest name="FrameworkReportUsageStatus_HostTypeValidationTest" storage="d:\v2.0\a1\_work\dbded102\bin\release.anycpu\sps.service\ms.vs.services.commerce.l0.tests\ms.vs.services.commerce.l0.tests.dll" priority="1" id="c6958c2e-1211-a468-50ae-8f83931ee2ba">
      <Owners>
        <Owner name="vsc" />
      </Owners>
      <Execution id="c55a7559-108b-4dfe-a09c-87ebe231e25a" />
      <TestMethod codeBase="D:\v2.0\A1\_work\dbded102\bin\Release.AnyCPU\Sps.Service\MS.VS.Services.Commerce.L0.Tests\MS.VS.Services.Commerce.L0.Tests.dll" adapterTypeName="Microsoft.VisualStudio.TestTools.TestTypes.Unit.UnitTestAdapter" className="MS.VS.Services.Commerce.L0.Tests.MeteringService.FrameworkMeteringServiceReportUsageTests" name="FrameworkReportUsageStatus_HostTypeValidationTest" />
    </UnitTest>
    <UnitTest name="FrameworkServiceStartOnPrem_FailureTest" storage="d:\v2.0\a1\_work\dbded102\bin\release.anycpu\sps.service\ms.vs.services.commerce.l0.tests\ms.vs.services.commerce.l0.tests.dll" priority="1" id="c63147e1-d77f-28ab-4abe-edafe86b6ab7">
      <Owners>
        <Owner name="vsc" />
      </Owners>
      <Execution id="89e74e2f-cd83-485e-a15a-93cfeb3879e7" />
      <TestMethod codeBase="D:\v2.0\A1\_work\dbded102\bin\Release.AnyCPU\Sps.Service\MS.VS.Services.Commerce.L0.Tests\MS.VS.Services.Commerce.L0.Tests.dll" adapterTypeName="Microsoft.VisualStudio.TestTools.TestTypes.Unit.UnitTestAdapter" className="MS.VS.Services.Commerce.L0.Tests.MeteringService.FrameworkMeteringServiceStartEndTests" name="FrameworkServiceStartOnPrem_FailureTest" />
    </UnitTest>
    <UnitTest name="FrameworkServiceStart_SuccessTest" storage="d:\v2.0\a1\_work\dbded102\bin\release.anycpu\sps.service\ms.vs.services.commerce.l0.tests\ms.vs.services.commerce.l0.tests.dll" priority="1" id="25fd2936-99d6-5f78-ff0e-4bfc299da5cf">
      <Owners>
        <Owner name="vsc" />
      </Owners>
      <Execution id="124ac3e9-ccac-48cd-9b3f-4441ddc15e09" />
      <TestMethod codeBase="D:\v2.0\A1\_work\dbded102\bin\Release.AnyCPU\Sps.Service\MS.VS.Services.Commerce.L0.Tests\MS.VS.Services.Commerce.L0.Tests.dll" adapterTypeName="Microsoft.VisualStudio.TestTools.TestTypes.Unit.UnitTestAdapter" className="MS.VS.Services.Commerce.L0.Tests.MeteringService.FrameworkMeteringServiceStartEndTests" name="FrameworkServiceStart_SuccessTest" />
    </UnitTest>
    <UnitTest name="FrameworkServiceEnd_SuccessTest" storage="d:\v2.0\a1\_work\dbded102\bin\release.anycpu\sps.service\ms.vs.services.commerce.l0.tests\ms.vs.services.commerce.l0.tests.dll" priority="1" id="1751c104-94a5-99a6-29b9-2dad756f41da">
      <Owners>
        <Owner name="vsc" />
      </Owners>
      <Execution id="b68ab40a-010b-46d0-9d76-016317d5e7fd" />
      <TestMethod codeBase="D:\v2.0\A1\_work\dbded102\bin\Release.AnyCPU\Sps.Service\MS.VS.Services.Commerce.L0.Tests\MS.VS.Services.Commerce.L0.Tests.dll" adapterTypeName="Microsoft.VisualStudio.TestTools.TestTypes.Unit.UnitTestAdapter" className="MS.VS.Services.Commerce.L0.Tests.MeteringService.FrameworkMeteringServiceStartEndTests" name="FrameworkServiceEnd_SuccessTest" />
    </UnitTest>
    <UnitTest name="MeteredResourceBinderConstructor_Test" storage="d:\v2.0\a1\_work\dbded102\bin\release.anycpu\sps.service\ms.vs.services.commerce.l0.tests\ms.vs.services.commerce.l0.tests.dll" priority="1" id="950bd106-cefe-51fb-a348-f5886e7102dc">
      <Owners>
        <Owner name="vsc" />
      </Owners>
      <Execution id="17a4a90e-6711-468c-858d-32bb92a06018" />
      <TestMethod codeBase="D:\v2.0\A1\_work\dbded102\bin\Release.AnyCPU\Sps.Service\MS.VS.Services.Commerce.L0.Tests\MS.VS.Services.Commerce.L0.Tests.dll" adapterTypeName="Microsoft.VisualStudio.TestTools.TestTypes.Unit.UnitTestAdapter" className="MS.VS.Services.Commerce.L0.Tests.MeteringService.MeteredResourceBinderTests" name="MeteredResourceBinderConstructor_Test" />
    </UnitTest>
    <UnitTest name="MeteredResourceBinderBind_BuildSuccessTest" storage="d:\v2.0\a1\_work\dbded102\bin\release.anycpu\sps.service\ms.vs.services.commerce.l0.tests\ms.vs.services.commerce.l0.tests.dll" priority="1" id="d0365555-1930-a1a2-3075-48298685d9b3">
      <Owners>
        <Owner name="vsc" />
      </Owners>
      <Execution id="97027162-ede8-46b5-971b-4a1dd1c957dc" />
      <TestMethod codeBase="D:\v2.0\A1\_work\dbded102\bin\Release.AnyCPU\Sps.Service\MS.VS.Services.Commerce.L0.Tests\MS.VS.Services.Commerce.L0.Tests.dll" adapterTypeName="Microsoft.VisualStudio.TestTools.TestTypes.Unit.UnitTestAdapter" className="MS.VS.Services.Commerce.L0.Tests.MeteringService.MeteredResourceBinderTests" name="MeteredResourceBinderBind_BuildSuccessTest" />
    </UnitTest>
    <UnitTest name="MeteredResourceBinderBind_LoadTestSuccessTest" storage="d:\v2.0\a1\_work\dbded102\bin\release.anycpu\sps.service\ms.vs.services.commerce.l0.tests\ms.vs.services.commerce.l0.tests.dll" priority="1" id="5acd21a8-ecb8-6c18-2f1f-385cce2dca57">
      <Owners>
        <Owner name="vsc" />
      </Owners>
      <Execution id="bef0550c-59c1-41c6-8900-ea420be6fc77" />
      <TestMethod codeBase="D:\v2.0\A1\_work\dbded102\bin\Release.AnyCPU\Sps.Service\MS.VS.Services.Commerce.L0.Tests\MS.VS.Services.Commerce.L0.Tests.dll" adapterTypeName="Microsoft.VisualStudio.TestTools.TestTypes.Unit.UnitTestAdapter" className="MS.VS.Services.Commerce.L0.Tests.MeteringService.MeteredResourceBinderTests" name="MeteredResourceBinderBind_LoadTestSuccessTest" />
    </UnitTest>
    <UnitTest name="MeteredResourceBinderBind_StandardSuccessTest" storage="d:\v2.0\a1\_work\dbded102\bin\release.anycpu\sps.service\ms.vs.services.commerce.l0.tests\ms.vs.services.commerce.l0.tests.dll" priority="1" id="bd261c42-0275-634a-3211-544fba7bc9fd">
      <Owners>
        <Owner name="vsc" />
      </Owners>
      <Execution id="1d6da14c-4953-432d-80d3-b509d6f4e1ee" />
      <TestMethod codeBase="D:\v2.0\A1\_work\dbded102\bin\Release.AnyCPU\Sps.Service\MS.VS.Services.Commerce.L0.Tests\MS.VS.Services.Commerce.L0.Tests.dll" adapterTypeName="Microsoft.VisualStudio.TestTools.TestTypes.Unit.UnitTestAdapter" className="MS.VS.Services.Commerce.L0.Tests.MeteringService.MeteredResourceBinderTests" name="MeteredResourceBinderBind_StandardSuccessTest" />
    </UnitTest>
    <UnitTest name="MeteredResourceBinderBind_AdvancedSuccessTest" storage="d:\v2.0\a1\_work\dbded102\bin\release.anycpu\sps.service\ms.vs.services.commerce.l0.tests\ms.vs.services.commerce.l0.tests.dll" priority="1" id="afe38911-7f25-2dbb-1d96-713e89e56932">
      <Owners>
        <Owner name="vsc" />
      </Owners>
      <Execution id="8f7fdc98-6b80-4e0a-b9de-2215701d45a2" />
      <TestMethod codeBase="D:\v2.0\A1\_work\dbded102\bin\Release.AnyCPU\Sps.Service\MS.VS.Services.Commerce.L0.Tests\MS.VS.Services.Commerce.L0.Tests.dll" adapterTypeName="Microsoft.VisualStudio.TestTools.TestTypes.Unit.UnitTestAdapter" className="MS.VS.Services.Commerce.L0.Tests.MeteringService.MeteredResourceBinderTests" name="MeteredResourceBinderBind_AdvancedSuccessTest" />
    </UnitTest>
    <UnitTest name="MeteredResourceBinderBind_ProfessionalSuccessTest" storage="d:\v2.0\a1\_work\dbded102\bin\release.anycpu\sps.service\ms.vs.services.commerce.l0.tests\ms.vs.services.commerce.l0.tests.dll" priority="1" id="912e6008-effe-77ee-08eb-0a5585e3b021">
      <Owners>
        <Owner name="vsc" />
      </Owners>
      <Execution id="38ec9772-d817-422c-aadd-d7799f11f141" />
      <TestMethod codeBase="D:\v2.0\A1\_work\dbded102\bin\Release.AnyCPU\Sps.Service\MS.VS.Services.Commerce.L0.Tests\MS.VS.Services.Commerce.L0.Tests.dll" adapterTypeName="Microsoft.VisualStudio.TestTools.TestTypes.Unit.UnitTestAdapter" className="MS.VS.Services.Commerce.L0.Tests.MeteringService.MeteredResourceBinderTests" name="MeteredResourceBinderBind_ProfessionalSuccessTest" />
    </UnitTest>
    <UnitTest name="MeteredResourceBinderBind_ExceptionTest" storage="d:\v2.0\a1\_work\dbded102\bin\release.anycpu\sps.service\ms.vs.services.commerce.l0.tests\ms.vs.services.commerce.l0.tests.dll" priority="1" id="8b897dae-a980-6501-2143-d496d5dd8943">
      <Owners>
        <Owner name="vsc" />
      </Owners>
      <Execution id="87369430-d56e-4765-8e7f-6d25f8e62548" />
      <TestMethod codeBase="D:\v2.0\A1\_work\dbded102\bin\Release.AnyCPU\Sps.Service\MS.VS.Services.Commerce.L0.Tests\MS.VS.Services.Commerce.L0.Tests.dll" adapterTypeName="Microsoft.VisualStudio.TestTools.TestTypes.Unit.UnitTestAdapter" className="MS.VS.Services.Commerce.L0.Tests.MeteringService.MeteredResourceBinderTests" name="MeteredResourceBinderBind_ExceptionTest" />
    </UnitTest>
    <UnitTest name="ControllerGetResourceStatus_Test" storage="d:\v2.0\a1\_work\dbded102\bin\release.anycpu\sps.service\ms.vs.services.commerce.l0.tests\ms.vs.services.commerce.l0.tests.dll" priority="1" id="f1309f88-2ff6-b15c-ad19-75703e050bf3">
      <Owners>
        <Owner name="vsc" />
      </Owners>
      <Execution id="92fe0c96-5c32-4233-93b9-56a1139a145a" />
      <TestMethod codeBase="D:\v2.0\A1\_work\dbded102\bin\Release.AnyCPU\Sps.Service\MS.VS.Services.Commerce.L0.Tests\MS.VS.Services.Commerce.L0.Tests.dll" adapterTypeName="Microsoft.VisualStudio.TestTools.TestTypes.Unit.UnitTestAdapter" className="MS.VS.Services.Commerce.L0.Tests.MeteringService.MeteringControllerTests" name="ControllerGetResourceStatus_Test" />
    </UnitTest>
    <UnitTest name="ControllerGetResourceException_Test" storage="d:\v2.0\a1\_work\dbded102\bin\release.anycpu\sps.service\ms.vs.services.commerce.l0.tests\ms.vs.services.commerce.l0.tests.dll" priority="1" id="bf432947-91bb-b484-219d-0e46ec8c8d10">
      <Owners>
        <Owner name="vsc" />
      </Owners>
      <Execution id="c64ba81f-648f-4482-b1b7-a69ded0112f0" />
      <TestMethod codeBase="D:\v2.0\A1\_work\dbded102\bin\Release.AnyCPU\Sps.Service\MS.VS.Services.Commerce.L0.Tests\MS.VS.Services.Commerce.L0.Tests.dll" adapterTypeName="Microsoft.VisualStudio.TestTools.TestTypes.Unit.UnitTestAdapter" className="MS.VS.Services.Commerce.L0.Tests.MeteringService.MeteringControllerTests" name="ControllerGetResourceException_Test" />
    </UnitTest>
    <UnitTest name="ControllerReportUsage_Test" storage="d:\v2.0\a1\_work\dbded102\bin\release.anycpu\sps.service\ms.vs.services.commerce.l0.tests\ms.vs.services.commerce.l0.tests.dll" priority="1" id="d11a7e02-7c8d-1369-18af-7f383b0c8aad">
      <Owners>
        <Owner name="vsc" />
      </Owners>
      <Execution id="41d1a911-b8b3-4b87-b9a4-9619198c9eb3" />
      <TestMethod codeBase="D:\v2.0\A1\_work\dbded102\bin\Release.AnyCPU\Sps.Service\MS.VS.Services.Commerce.L0.Tests\MS.VS.Services.Commerce.L0.Tests.dll" adapterTypeName="Microsoft.VisualStudio.TestTools.TestTypes.Unit.UnitTestAdapter" className="MS.VS.Services.Commerce.L0.Tests.MeteringService.MeteringControllerTests" name="ControllerReportUsage_Test" />
    </UnitTest>
    <UnitTest name="ControllerReportUsage_ServiceExceptionTest" storage="d:\v2.0\a1\_work\dbded102\bin\release.anycpu\sps.service\ms.vs.services.commerce.l0.tests\ms.vs.services.commerce.l0.tests.dll" priority="1" id="11611758-8a2d-98d4-68f0-1acb93e03482">
      <Owners>
        <Owner name="vsc" />
      </Owners>
      <Execution id="500021f7-2e70-44f5-b14c-ca138ad6740d" />
      <TestMethod codeBase="D:\v2.0\A1\_work\dbded102\bin\Release.AnyCPU\Sps.Service\MS.VS.Services.Commerce.L0.Tests\MS.VS.Services.Commerce.L0.Tests.dll" adapterTypeName="Microsoft.VisualStudio.TestTools.TestTypes.Unit.UnitTestAdapter" className="MS.VS.Services.Commerce.L0.Tests.MeteringService.MeteringControllerTests" name="ControllerReportUsage_ServiceExceptionTest" />
    </UnitTest>
    <UnitTest name="ControllerReportUsageInvalidResource_Test" storage="d:\v2.0\a1\_work\dbded102\bin\release.anycpu\sps.service\ms.vs.services.commerce.l0.tests\ms.vs.services.commerce.l0.tests.dll" priority="1" id="20259aa6-9993-9f25-996f-cb3948e5e50f">
      <Owners>
        <Owner name="vsc" />
      </Owners>
      <Execution id="44381706-dbfc-445c-8e37-55d1a3734f3f" />
      <TestMethod codeBase="D:\v2.0\A1\_work\dbded102\bin\Release.AnyCPU\Sps.Service\MS.VS.Services.Commerce.L0.Tests\MS.VS.Services.Commerce.L0.Tests.dll" adapterTypeName="Microsoft.VisualStudio.TestTools.TestTypes.Unit.UnitTestAdapter" className="MS.VS.Services.Commerce.L0.Tests.MeteringService.MeteringControllerTests" name="ControllerReportUsageInvalidResource_Test" />
    </UnitTest>
    <UnitTest name="ControllerSetAccountQuantity" storage="d:\v2.0\a1\_work\dbded102\bin\release.anycpu\sps.service\ms.vs.services.commerce.l0.tests\ms.vs.services.commerce.l0.tests.dll" priority="1" id="44fddf77-db63-7321-edff-92438b081c3c">
      <Owners>
        <Owner name="vsc" />
      </Owners>
      <Execution id="a4c42878-dd66-4943-9b80-407b11a94f19" />
      <TestMethod codeBase="D:\v2.0\A1\_work\dbded102\bin\Release.AnyCPU\Sps.Service\MS.VS.Services.Commerce.L0.Tests\MS.VS.Services.Commerce.L0.Tests.dll" adapterTypeName="Microsoft.VisualStudio.TestTools.TestTypes.Unit.UnitTestAdapter" className="MS.VS.Services.Commerce.L0.Tests.MeteringService.MeteringControllerTests" name="ControllerSetAccountQuantity" />
    </UnitTest>
    <UnitTest name="ClientMeteringConstructor_Test" storage="d:\v2.0\a1\_work\dbded102\bin\release.anycpu\sps.service\ms.vs.services.commerce.l0.tests\ms.vs.services.commerce.l0.tests.dll" priority="1" id="d2926b4f-6aa5-cd74-8b99-74faef0e1e07">
      <Owners>
        <Owner name="vsc" />
      </Owners>
      <Execution id="650b63e8-f0a7-4ccb-bd94-d86eaa4813f2" />
      <TestMethod codeBase="D:\v2.0\A1\_work\dbded102\bin\Release.AnyCPU\Sps.Service\MS.VS.Services.Commerce.L0.Tests\MS.VS.Services.Commerce.L0.Tests.dll" adapterTypeName="Microsoft.VisualStudio.TestTools.TestTypes.Unit.UnitTestAdapter" className="MS.VS.Services.Commerce.L0.Tests.MeteringService.MeteringHttpClientTests" name="ClientMeteringConstructor_Test" />
    </UnitTest>
    <UnitTest name="ClientMeteringConstructorOverload_Test" storage="d:\v2.0\a1\_work\dbded102\bin\release.anycpu\sps.service\ms.vs.services.commerce.l0.tests\ms.vs.services.commerce.l0.tests.dll" priority="1" id="f1c28c3b-1c9c-8313-5235-b6572dedf219">
      <Owners>
        <Owner name="vsc" />
      </Owners>
      <Execution id="99eda0e2-c5e0-4b69-a971-c204f68ed12d" />
      <TestMethod codeBase="D:\v2.0\A1\_work\dbded102\bin\Release.AnyCPU\Sps.Service\MS.VS.Services.Commerce.L0.Tests\MS.VS.Services.Commerce.L0.Tests.dll" adapterTypeName="Microsoft.VisualStudio.TestTools.TestTypes.Unit.UnitTestAdapter" className="MS.VS.Services.Commerce.L0.Tests.MeteringService.MeteringHttpClientTests" name="ClientMeteringConstructorOverload_Test" />
    </UnitTest>
    <UnitTest name="ClientMeteringExceptions_Test" storage="d:\v2.0\a1\_work\dbded102\bin\release.anycpu\sps.service\ms.vs.services.commerce.l0.tests\ms.vs.services.commerce.l0.tests.dll" priority="1" id="a5194f46-79f8-45c0-3e0e-2aaf8a690447">
      <Owners>
        <Owner name="vsc" />
      </Owners>
      <Execution id="7b6391b4-d940-4cff-bd46-92133ad5613a" />
      <TestMethod codeBase="D:\v2.0\A1\_work\dbded102\bin\Release.AnyCPU\Sps.Service\MS.VS.Services.Commerce.L0.Tests\MS.VS.Services.Commerce.L0.Tests.dll" adapterTypeName="Microsoft.VisualStudio.TestTools.TestTypes.Unit.UnitTestAdapter" className="MS.VS.Services.Commerce.L0.Tests.MeteringService.MeteringHttpClientTests" name="ClientMeteringExceptions_Test" />
    </UnitTest>
    <UnitTest name="ClientMeteringGetResourceStatus_Test" storage="d:\v2.0\a1\_work\dbded102\bin\release.anycpu\sps.service\ms.vs.services.commerce.l0.tests\ms.vs.services.commerce.l0.tests.dll" priority="1" id="2988d19e-2b66-c653-5b3c-1aebb2fdebce">
      <Owners>
        <Owner name="vsc" />
      </Owners>
      <Execution id="b4353383-3058-45d4-8eb0-25cb716fc532" />
      <TestMethod codeBase="D:\v2.0\A1\_work\dbded102\bin\Release.AnyCPU\Sps.Service\MS.VS.Services.Commerce.L0.Tests\MS.VS.Services.Commerce.L0.Tests.dll" adapterTypeName="Microsoft.VisualStudio.TestTools.TestTypes.Unit.UnitTestAdapter" className="MS.VS.Services.Commerce.L0.Tests.MeteringService.MeteringHttpClientTests" name="ClientMeteringGetResourceStatus_Test" />
    </UnitTest>
    <UnitTest name="PlatformGetResourceStatus_RequestContextNullValidationTest" storage="d:\v2.0\a1\_work\dbded102\bin\release.anycpu\sps.service\ms.vs.services.commerce.l0.tests\ms.vs.services.commerce.l0.tests.dll" priority="1" id="00b8d928-4339-4568-03d0-cad31c3dc7d5">
      <Owners>
        <Owner name="vsc" />
      </Owners>
      <Execution id="416a85c4-4810-48cd-b805-bc1d60355de9" />
      <TestMethod codeBase="D:\v2.0\A1\_work\dbded102\bin\Release.AnyCPU\Sps.Service\MS.VS.Services.Commerce.L0.Tests\MS.VS.Services.Commerce.L0.Tests.dll" adapterTypeName="Microsoft.VisualStudio.TestTools.TestTypes.Unit.UnitTestAdapter" className="MS.VS.Services.Commerce.L0.Tests.MeteringService.PlatformBillingServiceTests" name="PlatformGetResourceStatus_RequestContextNullValidationTest" />
    </UnitTest>
    <UnitTest name="PlatformReportUsage_UserCantReportMinutes" storage="d:\v2.0\a1\_work\dbded102\bin\release.anycpu\sps.service\ms.vs.services.commerce.l0.tests\ms.vs.services.commerce.l0.tests.dll" priority="1" id="add6e6e3-2cce-43ff-f139-27352b8665a5">
      <Owners>
        <Owner name="vsc" />
      </Owners>
      <Execution id="bee28e75-7884-4cc4-b49e-0828b8eeb092" />
      <TestMethod codeBase="D:\v2.0\A1\_work\dbded102\bin\Release.AnyCPU\Sps.Service\MS.VS.Services.Commerce.L0.Tests\MS.VS.Services.Commerce.L0.Tests.dll" adapterTypeName="Microsoft.VisualStudio.TestTools.TestTypes.Unit.UnitTestAdapter" className="MS.VS.Services.Commerce.L0.Tests.MeteringService.PlatformBillingServiceTests" name="PlatformReportUsage_UserCantReportMinutes" />
    </UnitTest>
    <UnitTest name="PlatformReportUsage_RequestContextNullValidationTest" storage="d:\v2.0\a1\_work\dbded102\bin\release.anycpu\sps.service\ms.vs.services.commerce.l0.tests\ms.vs.services.commerce.l0.tests.dll" priority="1" id="ba3dd785-ff26-9663-62c5-fca0791ae870">
      <Owners>
        <Owner name="vsc" />
      </Owners>
      <Execution id="c8a1c0af-d518-45d4-b5a8-c891c294cb38" />
      <TestMethod codeBase="D:\v2.0\A1\_work\dbded102\bin\Release.AnyCPU\Sps.Service\MS.VS.Services.Commerce.L0.Tests\MS.VS.Services.Commerce.L0.Tests.dll" adapterTypeName="Microsoft.VisualStudio.TestTools.TestTypes.Unit.UnitTestAdapter" className="MS.VS.Services.Commerce.L0.Tests.MeteringService.PlatformBillingServiceTests" name="PlatformReportUsage_RequestContextNullValidationTest" />
    </UnitTest>
    <UnitTest name="PlatformReportUsage_QuantityGreaterThanMaxValidationTest" storage="d:\v2.0\a1\_work\dbded102\bin\release.anycpu\sps.service\ms.vs.services.commerce.l0.tests\ms.vs.services.commerce.l0.tests.dll" priority="0" id="c728d833-4d98-19ec-8f8c-1713dc342424">
      <Owners>
        <Owner name="vsc" />
      </Owners>
      <Execution id="1769fdd3-d302-48fb-89b0-9c96694f5ab5" />
      <TestMethod codeBase="D:\v2.0\A1\_work\dbded102\bin\Release.AnyCPU\Sps.Service\MS.VS.Services.Commerce.L0.Tests\MS.VS.Services.Commerce.L0.Tests.dll" adapterTypeName="Microsoft.VisualStudio.TestTools.TestTypes.Unit.UnitTestAdapter" className="MS.VS.Services.Commerce.L0.Tests.MeteringService.PlatformBillingServiceTests" name="PlatformReportUsage_QuantityGreaterThanMaxValidationTest" />
    </UnitTest>
    <UnitTest name="PlatformReportUsage_InvalidDateTimeKind" storage="d:\v2.0\a1\_work\dbded102\bin\release.anycpu\sps.service\ms.vs.services.commerce.l0.tests\ms.vs.services.commerce.l0.tests.dll" priority="1" id="52d9b04e-7bc1-d947-bfdc-9203bfc5ba73">
      <Owners>
        <Owner name="vsc" />
      </Owners>
      <Execution id="e3497f83-84c8-4adb-ab42-599996ab2511" />
      <TestMethod codeBase="D:\v2.0\A1\_work\dbded102\bin\Release.AnyCPU\Sps.Service\MS.VS.Services.Commerce.L0.Tests\MS.VS.Services.Commerce.L0.Tests.dll" adapterTypeName="Microsoft.VisualStudio.TestTools.TestTypes.Unit.UnitTestAdapter" className="MS.VS.Services.Commerce.L0.Tests.MeteringService.PlatformBillingServiceTests" name="PlatformReportUsage_InvalidDateTimeKind" />
    </UnitTest>
    <UnitTest name="PlatformReportUsage_QuantityGreaterThanZeroValidationTest" storage="d:\v2.0\a1\_work\dbded102\bin\release.anycpu\sps.service\ms.vs.services.commerce.l0.tests\ms.vs.services.commerce.l0.tests.dll" priority="1" id="0594cb89-d4a4-acea-5a7d-a3cab194de43">
      <Owners>
        <Owner name="vsc" />
      </Owners>
      <Execution id="e665ace4-b62d-48bc-a5db-f92c71714485" />
      <TestMethod codeBase="D:\v2.0\A1\_work\dbded102\bin\Release.AnyCPU\Sps.Service\MS.VS.Services.Commerce.L0.Tests\MS.VS.Services.Commerce.L0.Tests.dll" adapterTypeName="Microsoft.VisualStudio.TestTools.TestTypes.Unit.UnitTestAdapter" className="MS.VS.Services.Commerce.L0.Tests.MeteringService.PlatformBillingServiceTests" name="PlatformReportUsage_QuantityGreaterThanZeroValidationTest" />
    </UnitTest>
    <UnitTest name="PlatformReportUsage_EventIdValidationTest" storage="d:\v2.0\a1\_work\dbded102\bin\release.anycpu\sps.service\ms.vs.services.commerce.l0.tests\ms.vs.services.commerce.l0.tests.dll" priority="1" id="7ddaa77d-194d-305b-6ad5-548fba31b09d">
      <Owners>
        <Owner name="vsc" />
      </Owners>
      <Execution id="93aa2752-eb9a-4709-a50b-b0192df6ab7c" />
      <TestMethod codeBase="D:\v2.0\A1\_work\dbded102\bin\Release.AnyCPU\Sps.Service\MS.VS.Services.Commerce.L0.Tests\MS.VS.Services.Commerce.L0.Tests.dll" adapterTypeName="Microsoft.VisualStudio.TestTools.TestTypes.Unit.UnitTestAdapter" className="MS.VS.Services.Commerce.L0.Tests.MeteringService.PlatformBillingServiceTests" name="PlatformReportUsage_EventIdValidationTest" />
    </UnitTest>
    <UnitTest name="PlatformReportUsage_EventUserIdValidationTest" storage="d:\v2.0\a1\_work\dbded102\bin\release.anycpu\sps.service\ms.vs.services.commerce.l0.tests\ms.vs.services.commerce.l0.tests.dll" priority="1" id="71080c3c-9431-9e3c-baad-45f8a187e224">
      <Owners>
        <Owner name="vsc" />
      </Owners>
      <Execution id="5277e64e-03dc-4c91-a3f3-0b17c8aff772" />
      <TestMethod codeBase="D:\v2.0\A1\_work\dbded102\bin\Release.AnyCPU\Sps.Service\MS.VS.Services.Commerce.L0.Tests\MS.VS.Services.Commerce.L0.Tests.dll" adapterTypeName="Microsoft.VisualStudio.TestTools.TestTypes.Unit.UnitTestAdapter" className="MS.VS.Services.Commerce.L0.Tests.MeteringService.PlatformBillingServiceTests" name="PlatformReportUsage_EventUserIdValidationTest" />
    </UnitTest>
    <UnitTest name="PlatformGetResourceStatus_HostTypeValidationTest" storage="d:\v2.0\a1\_work\dbded102\bin\release.anycpu\sps.service\ms.vs.services.commerce.l0.tests\ms.vs.services.commerce.l0.tests.dll" priority="1" id="8dc0af2e-494a-eccd-2906-b2fa91b01ad8">
      <Owners>
        <Owner name="vsc" />
      </Owners>
      <Execution id="aa221245-0e43-415d-a31d-3de6c0e810a0" />
      <TestMethod codeBase="D:\v2.0\A1\_work\dbded102\bin\Release.AnyCPU\Sps.Service\MS.VS.Services.Commerce.L0.Tests\MS.VS.Services.Commerce.L0.Tests.dll" adapterTypeName="Microsoft.VisualStudio.TestTools.TestTypes.Unit.UnitTestAdapter" className="MS.VS.Services.Commerce.L0.Tests.MeteringService.PlatformBillingServiceTests" name="PlatformGetResourceStatus_HostTypeValidationTest" />
    </UnitTest>
    <UnitTest name="PlatformReportUsageStatus_HostTypeValidationTest" storage="d:\v2.0\a1\_work\dbded102\bin\release.anycpu\sps.service\ms.vs.services.commerce.l0.tests\ms.vs.services.commerce.l0.tests.dll" priority="1" id="1629efe0-9191-93f2-a470-8c59fc6f03fd">
      <Owners>
        <Owner name="vsc" />
      </Owners>
      <Execution id="a932a031-b4df-4ea2-8025-ffdbf8faa0de" />
      <TestMethod codeBase="D:\v2.0\A1\_work\dbded102\bin\Release.AnyCPU\Sps.Service\MS.VS.Services.Commerce.L0.Tests\MS.VS.Services.Commerce.L0.Tests.dll" adapterTypeName="Microsoft.VisualStudio.TestTools.TestTypes.Unit.UnitTestAdapter" className="MS.VS.Services.Commerce.L0.Tests.MeteringService.PlatformBillingServiceTests" name="PlatformReportUsageStatus_HostTypeValidationTest" />
    </UnitTest>
    <UnitTest name="PlatformReportUsage_CommitmentQuanityIsUsableForUnlinkedAccount" storage="d:\v2.0\a1\_work\dbded102\bin\release.anycpu\sps.service\ms.vs.services.commerce.l0.tests\ms.vs.services.commerce.l0.tests.dll" priority="1" id="60ef1c80-9907-a90f-ace3-300f10410fd9">
      <Owners>
        <Owner name="vsc" />
      </Owners>
      <Execution id="b024f93b-15e5-4efb-bab7-21af1668af38" />
      <TestMethod codeBase="D:\v2.0\A1\_work\dbded102\bin\Release.AnyCPU\Sps.Service\MS.VS.Services.Commerce.L0.Tests\MS.VS.Services.Commerce.L0.Tests.dll" adapterTypeName="Microsoft.VisualStudio.TestTools.TestTypes.Unit.UnitTestAdapter" className="MS.VS.Services.Commerce.L0.Tests.MeteringService.PlatformBillingServiceTests" name="PlatformReportUsage_CommitmentQuanityIsUsableForUnlinkedAccount" />
    </UnitTest>
    <UnitTest name="PlatformReportUsage_HappyPathTests" storage="d:\v2.0\a1\_work\dbded102\bin\release.anycpu\sps.service\ms.vs.services.commerce.l0.tests\ms.vs.services.commerce.l0.tests.dll" priority="1" id="908505e0-6dbe-5112-0c6d-5ae1da39e25d">
      <Owners>
        <Owner name="vsc" />
      </Owners>
      <Execution id="217d479f-df3b-4f79-b6c7-fd595a5d9784" />
      <TestMethod codeBase="D:\v2.0\A1\_work\dbded102\bin\Release.AnyCPU\Sps.Service\MS.VS.Services.Commerce.L0.Tests\MS.VS.Services.Commerce.L0.Tests.dll" adapterTypeName="Microsoft.VisualStudio.TestTools.TestTypes.Unit.UnitTestAdapter" className="MS.VS.Services.Commerce.L0.Tests.MeteringService.PlatformBillingServiceTests" name="PlatformReportUsage_HappyPathTests" />
    </UnitTest>
    <UnitTest name="PlatformServiceStartOnPrem_FailureTest" storage="d:\v2.0\a1\_work\dbded102\bin\release.anycpu\sps.service\ms.vs.services.commerce.l0.tests\ms.vs.services.commerce.l0.tests.dll" priority="1" id="0ee9cd9d-7470-2c2e-5325-bf3eb354fecf">
      <Owners>
        <Owner name="vsc" />
      </Owners>
      <Execution id="950a2bab-2129-4b08-b7b7-8dc5dbedd17e" />
      <TestMethod codeBase="D:\v2.0\A1\_work\dbded102\bin\Release.AnyCPU\Sps.Service\MS.VS.Services.Commerce.L0.Tests\MS.VS.Services.Commerce.L0.Tests.dll" adapterTypeName="Microsoft.VisualStudio.TestTools.TestTypes.Unit.UnitTestAdapter" className="MS.VS.Services.Commerce.L0.Tests.MeteringService.PlatformBillingServiceTests" name="PlatformServiceStartOnPrem_FailureTest" />
    </UnitTest>
    <UnitTest name="PlatformServiceStart_SuccessTest" storage="d:\v2.0\a1\_work\dbded102\bin\release.anycpu\sps.service\ms.vs.services.commerce.l0.tests\ms.vs.services.commerce.l0.tests.dll" priority="1" id="fd593795-cf74-7bd4-a127-cf2330cd7804">
      <Owners>
        <Owner name="vsc" />
      </Owners>
      <Execution id="508d88f3-352d-4418-8746-a71bf7646d38" />
      <TestMethod codeBase="D:\v2.0\A1\_work\dbded102\bin\Release.AnyCPU\Sps.Service\MS.VS.Services.Commerce.L0.Tests\MS.VS.Services.Commerce.L0.Tests.dll" adapterTypeName="Microsoft.VisualStudio.TestTools.TestTypes.Unit.UnitTestAdapter" className="MS.VS.Services.Commerce.L0.Tests.MeteringService.PlatformBillingServiceTests" name="PlatformServiceStart_SuccessTest" />
    </UnitTest>
    <UnitTest name="PlatformServiceEnd_SuccessTest" storage="d:\v2.0\a1\_work\dbded102\bin\release.anycpu\sps.service\ms.vs.services.commerce.l0.tests\ms.vs.services.commerce.l0.tests.dll" priority="1" id="3c8bd2aa-95c7-ecec-c821-41958d9b3346">
      <Owners>
        <Owner name="vsc" />
      </Owners>
      <Execution id="0c858537-fa29-4fd7-9476-630c654ff873" />
      <TestMethod codeBase="D:\v2.0\A1\_work\dbded102\bin\Release.AnyCPU\Sps.Service\MS.VS.Services.Commerce.L0.Tests\MS.VS.Services.Commerce.L0.Tests.dll" adapterTypeName="Microsoft.VisualStudio.TestTools.TestTypes.Unit.UnitTestAdapter" className="MS.VS.Services.Commerce.L0.Tests.MeteringService.PlatformBillingServiceTests" name="PlatformServiceEnd_SuccessTest" />
    </UnitTest>
    <UnitTest name="PlatformGetResourceStatus_SuccessTest" storage="d:\v2.0\a1\_work\dbded102\bin\release.anycpu\sps.service\ms.vs.services.commerce.l0.tests\ms.vs.services.commerce.l0.tests.dll" priority="1" id="54bd66bc-fe6e-78ae-90e9-4c931906822f">
      <Owners>
        <Owner name="vsc" />
      </Owners>
      <Execution id="732b833b-729b-4bda-9f18-8c4a24470f07" />
      <TestMethod codeBase="D:\v2.0\A1\_work\dbded102\bin\Release.AnyCPU\Sps.Service\MS.VS.Services.Commerce.L0.Tests\MS.VS.Services.Commerce.L0.Tests.dll" adapterTypeName="Microsoft.VisualStudio.TestTools.TestTypes.Unit.UnitTestAdapter" className="MS.VS.Services.Commerce.L0.Tests.MeteringService.PlatformBillingServiceTests" name="PlatformGetResourceStatus_SuccessTest" />
    </UnitTest>
    <UnitTest name="PlatformGetResourceStatus_SubscriptionDisabledTest" storage="d:\v2.0\a1\_work\dbded102\bin\release.anycpu\sps.service\ms.vs.services.commerce.l0.tests\ms.vs.services.commerce.l0.tests.dll" priority="1" id="4445ac4c-b46d-f11c-acba-82a19c9242a2">
      <Owners>
        <Owner name="vsc" />
      </Owners>
      <Execution id="27a479f6-a2f8-428e-9474-15de593828ff" />
      <TestMethod codeBase="D:\v2.0\A1\_work\dbded102\bin\Release.AnyCPU\Sps.Service\MS.VS.Services.Commerce.L0.Tests\MS.VS.Services.Commerce.L0.Tests.dll" adapterTypeName="Microsoft.VisualStudio.TestTools.TestTypes.Unit.UnitTestAdapter" className="MS.VS.Services.Commerce.L0.Tests.MeteringService.PlatformBillingServiceTests" name="PlatformGetResourceStatus_SubscriptionDisabledTest" />
    </UnitTest>
    <UnitTest name="PlatformGetResourceStatus_NoIncludeQuantityLeftTest" storage="d:\v2.0\a1\_work\dbded102\bin\release.anycpu\sps.service\ms.vs.services.commerce.l0.tests\ms.vs.services.commerce.l0.tests.dll" priority="1" id="78fcab9a-4eca-643e-3415-fecb53563147">
      <Owners>
        <Owner name="vsc" />
      </Owners>
      <Execution id="52361598-01fa-407d-ab1f-c59eb92ab2ef" />
      <TestMethod codeBase="D:\v2.0\A1\_work\dbded102\bin\Release.AnyCPU\Sps.Service\MS.VS.Services.Commerce.L0.Tests\MS.VS.Services.Commerce.L0.Tests.dll" adapterTypeName="Microsoft.VisualStudio.TestTools.TestTypes.Unit.UnitTestAdapter" className="MS.VS.Services.Commerce.L0.Tests.MeteringService.PlatformBillingServiceTests" name="PlatformGetResourceStatus_NoIncludeQuantityLeftTest" />
    </UnitTest>
    <UnitTest name="PlatformGetResourceStatus_NoSubscriptionTest" storage="d:\v2.0\a1\_work\dbded102\bin\release.anycpu\sps.service\ms.vs.services.commerce.l0.tests\ms.vs.services.commerce.l0.tests.dll" priority="1" id="9a0ed5ea-6377-c3da-9286-d083d8d8a62d">
      <Owners>
        <Owner name="vsc" />
      </Owners>
      <Execution id="f3e7baf7-3270-483b-a5d8-57df8f589981" />
      <TestMethod codeBase="D:\v2.0\A1\_work\dbded102\bin\Release.AnyCPU\Sps.Service\MS.VS.Services.Commerce.L0.Tests\MS.VS.Services.Commerce.L0.Tests.dll" adapterTypeName="Microsoft.VisualStudio.TestTools.TestTypes.Unit.UnitTestAdapter" className="MS.VS.Services.Commerce.L0.Tests.MeteringService.PlatformBillingServiceTests" name="PlatformGetResourceStatus_NoSubscriptionTest" />
    </UnitTest>
    <UnitTest name="PlatformSetAccountQuantity_SqlExceptionTest" storage="d:\v2.0\a1\_work\dbded102\bin\release.anycpu\sps.service\ms.vs.services.commerce.l0.tests\ms.vs.services.commerce.l0.tests.dll" priority="1" id="416379e1-67b2-39cb-443e-005de5f754a7">
      <Owners>
        <Owner name="vsc" />
      </Owners>
      <Execution id="9ae782a8-d53d-4a04-8a62-0081d02e6578" />
      <TestMethod codeBase="D:\v2.0\A1\_work\dbded102\bin\Release.AnyCPU\Sps.Service\MS.VS.Services.Commerce.L0.Tests\MS.VS.Services.Commerce.L0.Tests.dll" adapterTypeName="Microsoft.VisualStudio.TestTools.TestTypes.Unit.UnitTestAdapter" className="MS.VS.Services.Commerce.L0.Tests.MeteringService.PlatformBillingServiceTests" name="PlatformSetAccountQuantity_SqlExceptionTest" />
    </UnitTest>
    <UnitTest name="SetAccountQuantity_NegativeTests_OutofRange" storage="d:\v2.0\a1\_work\dbded102\bin\release.anycpu\sps.service\ms.vs.services.commerce.l0.tests\ms.vs.services.commerce.l0.tests.dll" priority="1" id="457124d1-a573-0431-56b0-6b942599d433">
      <Owners>
        <Owner name="vsc" />
      </Owners>
      <Execution id="efba09cb-dd67-4246-96db-89c18cd723a1" />
      <TestMethod codeBase="D:\v2.0\A1\_work\dbded102\bin\Release.AnyCPU\Sps.Service\MS.VS.Services.Commerce.L0.Tests\MS.VS.Services.Commerce.L0.Tests.dll" adapterTypeName="Microsoft.VisualStudio.TestTools.TestTypes.Unit.UnitTestAdapter" className="MS.VS.Services.Commerce.L0.Tests.MeteringService.PlatformBillingServiceTests" name="SetAccountQuantity_NegativeTests_OutofRange" />
    </UnitTest>
    <UnitTest name="SetAccountQuantity_NegativeTests_AccountQty" storage="d:\v2.0\a1\_work\dbded102\bin\release.anycpu\sps.service\ms.vs.services.commerce.l0.tests\ms.vs.services.commerce.l0.tests.dll" priority="1" id="a65f2ba0-c712-6dc8-23bd-29d8302df963">
      <Owners>
        <Owner name="vsc" />
      </Owners>
      <Execution id="3e71e1cb-4fad-4f83-841a-1c93899b9335" />
      <TestMethod codeBase="D:\v2.0\A1\_work\dbded102\bin\Release.AnyCPU\Sps.Service\MS.VS.Services.Commerce.L0.Tests\MS.VS.Services.Commerce.L0.Tests.dll" adapterTypeName="Microsoft.VisualStudio.TestTools.TestTypes.Unit.UnitTestAdapter" className="MS.VS.Services.Commerce.L0.Tests.MeteringService.PlatformBillingServiceTests" name="SetAccountQuantity_NegativeTests_AccountQty" />
    </UnitTest>
    <UnitTest name="GetNextMonthDate_Test" storage="d:\v2.0\a1\_work\dbded102\bin\release.anycpu\sps.service\ms.vs.services.commerce.l0.tests\ms.vs.services.commerce.l0.tests.dll" priority="1" id="6c50d5f3-de15-a3c7-abe2-250af806489c">
      <Owners>
        <Owner name="vsc" />
      </Owners>
      <Execution id="557e54d8-2b18-4aca-b9db-dd84ada0a387" />
      <TestMethod codeBase="D:\v2.0\A1\_work\dbded102\bin\Release.AnyCPU\Sps.Service\MS.VS.Services.Commerce.L0.Tests\MS.VS.Services.Commerce.L0.Tests.dll" adapterTypeName="Microsoft.VisualStudio.TestTools.TestTypes.Unit.UnitTestAdapter" className="MS.VS.Services.Commerce.L0.Tests.MeteringService.PlatformBillingServiceTests" name="GetNextMonthDate_Test" />
    </UnitTest>
    <UnitTest name="GetNextMonthResetDate_For_FreeAccount_Test" storage="d:\v2.0\a1\_work\dbded102\bin\release.anycpu\sps.service\ms.vs.services.commerce.l0.tests\ms.vs.services.commerce.l0.tests.dll" priority="1" id="e1b7706a-172d-e60f-b39f-ef7e879c4eb7">
      <Owners>
        <Owner name="vsc" />
      </Owners>
      <Execution id="84a563eb-6946-455b-8d90-df5becbb293b" />
      <TestMethod codeBase="D:\v2.0\A1\_work\dbded102\bin\Release.AnyCPU\Sps.Service\MS.VS.Services.Commerce.L0.Tests\MS.VS.Services.Commerce.L0.Tests.dll" adapterTypeName="Microsoft.VisualStudio.TestTools.TestTypes.Unit.UnitTestAdapter" className="MS.VS.Services.Commerce.L0.Tests.MeteringService.PlatformBillingServiceTests" name="GetNextMonthResetDate_For_FreeAccount_Test" />
    </UnitTest>
    <UnitTest name="GetNextMonthResetDate_For_LinkedAccount_Test" storage="d:\v2.0\a1\_work\dbded102\bin\release.anycpu\sps.service\ms.vs.services.commerce.l0.tests\ms.vs.services.commerce.l0.tests.dll" priority="1" id="9e59a302-cc07-b98c-29b9-77d0d51ff0a9">
      <Owners>
        <Owner name="vsc" />
      </Owners>
      <Execution id="05149ad1-eae7-4b4f-865d-f1e10b2401ac" />
      <TestMethod codeBase="D:\v2.0\A1\_work\dbded102\bin\Release.AnyCPU\Sps.Service\MS.VS.Services.Commerce.L0.Tests\MS.VS.Services.Commerce.L0.Tests.dll" adapterTypeName="Microsoft.VisualStudio.TestTools.TestTypes.Unit.UnitTestAdapter" className="MS.VS.Services.Commerce.L0.Tests.MeteringService.PlatformBillingServiceTests" name="GetNextMonthResetDate_For_LinkedAccount_Test" />
    </UnitTest>
    <UnitTest name="ResetResourceUsage_Test" storage="d:\v2.0\a1\_work\dbded102\bin\release.anycpu\sps.service\ms.vs.services.commerce.l0.tests\ms.vs.services.commerce.l0.tests.dll" priority="1" id="3e6d9283-736a-ed63-0edd-5f9d0ac9aab2">
      <Owners>
        <Owner name="vsc" />
      </Owners>
      <Execution id="a5225d79-dcde-461a-bdbe-2ca58ca51949" />
      <TestMethod codeBase="D:\v2.0\A1\_work\dbded102\bin\Release.AnyCPU\Sps.Service\MS.VS.Services.Commerce.L0.Tests\MS.VS.Services.Commerce.L0.Tests.dll" adapterTypeName="Microsoft.VisualStudio.TestTools.TestTypes.Unit.UnitTestAdapter" className="MS.VS.Services.Commerce.L0.Tests.MeteringService.PlatformBillingServiceTests" name="ResetResourceUsage_Test" />
    </UnitTest>
    <UnitTest name="TogglePaidBilling_UnexpectedHostTypeExceptionTest" storage="d:\v2.0\a1\_work\dbded102\bin\release.anycpu\sps.service\ms.vs.services.commerce.l0.tests\ms.vs.services.commerce.l0.tests.dll" priority="1" id="33e07624-fb6e-acb2-382b-1d352fb29518">
      <Owners>
        <Owner name="vsc" />
      </Owners>
      <Execution id="ceff6bd5-4918-4bfe-a29e-89846583f3a1" />
      <TestMethod codeBase="D:\v2.0\A1\_work\dbded102\bin\Release.AnyCPU\Sps.Service\MS.VS.Services.Commerce.L0.Tests\MS.VS.Services.Commerce.L0.Tests.dll" adapterTypeName="Microsoft.VisualStudio.TestTools.TestTypes.Unit.UnitTestAdapter" className="MS.VS.Services.Commerce.L0.Tests.MeteringService.PlatformBillingServiceTests" name="TogglePaidBilling_UnexpectedHostTypeExceptionTest" />
    </UnitTest>
    <UnitTest name="TogglePaidBilling_InvalidResourceExceptionAzureAccountNullTest" storage="d:\v2.0\a1\_work\dbded102\bin\release.anycpu\sps.service\ms.vs.services.commerce.l0.tests\ms.vs.services.commerce.l0.tests.dll" priority="1" id="c80e2a59-65f8-56d8-6416-2b84e6db8b8c">
      <Owners>
        <Owner name="vsc" />
      </Owners>
      <Execution id="429ee3b1-d670-48ee-b5da-40d6b0e4027d" />
      <TestMethod codeBase="D:\v2.0\A1\_work\dbded102\bin\Release.AnyCPU\Sps.Service\MS.VS.Services.Commerce.L0.Tests\MS.VS.Services.Commerce.L0.Tests.dll" adapterTypeName="Microsoft.VisualStudio.TestTools.TestTypes.Unit.UnitTestAdapter" className="MS.VS.Services.Commerce.L0.Tests.MeteringService.PlatformBillingServiceTests" name="TogglePaidBilling_InvalidResourceExceptionAzureAccountNullTest" />
    </UnitTest>
    <UnitTest name="TogglePaidBilling_InvalidResourceExceptionBillingModeTest" storage="d:\v2.0\a1\_work\dbded102\bin\release.anycpu\sps.service\ms.vs.services.commerce.l0.tests\ms.vs.services.commerce.l0.tests.dll" priority="1" id="167cf20a-6594-f3c3-7db7-b0076d311b6e">
      <Owners>
        <Owner name="vsc" />
      </Owners>
      <Execution id="5c8a9673-6b1b-4521-9ed9-cfdf57c55a4c" />
      <TestMethod codeBase="D:\v2.0\A1\_work\dbded102\bin\Release.AnyCPU\Sps.Service\MS.VS.Services.Commerce.L0.Tests\MS.VS.Services.Commerce.L0.Tests.dll" adapterTypeName="Microsoft.VisualStudio.TestTools.TestTypes.Unit.UnitTestAdapter" className="MS.VS.Services.Commerce.L0.Tests.MeteringService.PlatformBillingServiceTests" name="TogglePaidBilling_InvalidResourceExceptionBillingModeTest" />
    </UnitTest>
    <UnitTest name="TogglePaidBilling_HappyPathTest" storage="d:\v2.0\a1\_work\dbded102\bin\release.anycpu\sps.service\ms.vs.services.commerce.l0.tests\ms.vs.services.commerce.l0.tests.dll" priority="1" id="172480ae-3d25-ec04-05c2-998043cc9eeb">
      <Owners>
        <Owner name="vsc" />
      </Owners>
      <Execution id="03c4c05c-27e6-49a8-ae93-fbc75cf70ed5" />
      <TestMethod codeBase="D:\v2.0\A1\_work\dbded102\bin\Release.AnyCPU\Sps.Service\MS.VS.Services.Commerce.L0.Tests\MS.VS.Services.Commerce.L0.Tests.dll" adapterTypeName="Microsoft.VisualStudio.TestTools.TestTypes.Unit.UnitTestAdapter" className="MS.VS.Services.Commerce.L0.Tests.MeteringService.PlatformBillingServiceTests" name="TogglePaidBilling_HappyPathTest" />
    </UnitTest>
    <UnitTest name="TogglePaidBilling_NegativeTests_AzureSubscription" storage="d:\v2.0\a1\_work\dbded102\bin\release.anycpu\sps.service\ms.vs.services.commerce.l0.tests\ms.vs.services.commerce.l0.tests.dll" priority="1" id="dd7b551b-864b-e749-8205-6adeec41c59f">
      <Owners>
        <Owner name="vsc" />
      </Owners>
      <Execution id="2fa730cf-95fb-4b4c-95fd-a45bf5ed24a6" />
      <TestMethod codeBase="D:\v2.0\A1\_work\dbded102\bin\Release.AnyCPU\Sps.Service\MS.VS.Services.Commerce.L0.Tests\MS.VS.Services.Commerce.L0.Tests.dll" adapterTypeName="Microsoft.VisualStudio.TestTools.TestTypes.Unit.UnitTestAdapter" className="MS.VS.Services.Commerce.L0.Tests.MeteringService.PlatformBillingServiceTests" name="TogglePaidBilling_NegativeTests_AzureSubscription" />
    </UnitTest>
    <UnitTest name="TogglePaidBilling_NegativeTests_NoAzureSubscription" storage="d:\v2.0\a1\_work\dbded102\bin\release.anycpu\sps.service\ms.vs.services.commerce.l0.tests\ms.vs.services.commerce.l0.tests.dll" priority="1" id="ed8d3806-01b3-5b19-1f23-d76f96df2e68">
      <Owners>
        <Owner name="vsc" />
      </Owners>
      <Execution id="e197e85b-c768-44b0-82ef-cc53976e4658" />
      <TestMethod codeBase="D:\v2.0\A1\_work\dbded102\bin\Release.AnyCPU\Sps.Service\MS.VS.Services.Commerce.L0.Tests\MS.VS.Services.Commerce.L0.Tests.dll" adapterTypeName="Microsoft.VisualStudio.TestTools.TestTypes.Unit.UnitTestAdapter" className="MS.VS.Services.Commerce.L0.Tests.MeteringService.PlatformBillingServiceTests" name="TogglePaidBilling_NegativeTests_NoAzureSubscription" />
    </UnitTest>
    <UnitTest name="GetResourceStatus_UnexpectedHostTypeExceptionTest" storage="d:\v2.0\a1\_work\dbded102\bin\release.anycpu\sps.service\ms.vs.services.commerce.l0.tests\ms.vs.services.commerce.l0.tests.dll" priority="1" id="775c451e-b4b1-9b8e-0d24-3c6f810bcdf3">
      <Owners>
        <Owner name="vsc" />
      </Owners>
      <Execution id="e80876e8-2b07-48f1-9a9f-315cf15b16b0" />
      <TestMethod codeBase="D:\v2.0\A1\_work\dbded102\bin\Release.AnyCPU\Sps.Service\MS.VS.Services.Commerce.L0.Tests\MS.VS.Services.Commerce.L0.Tests.dll" adapterTypeName="Microsoft.VisualStudio.TestTools.TestTypes.Unit.UnitTestAdapter" className="MS.VS.Services.Commerce.L0.Tests.MeteringService.PlatformBillingServiceTests" name="GetResourceStatus_UnexpectedHostTypeExceptionTest" />
    </UnitTest>
    <UnitTest name="GetResourceStatus_NullAzureAccountTest" storage="d:\v2.0\a1\_work\dbded102\bin\release.anycpu\sps.service\ms.vs.services.commerce.l0.tests\ms.vs.services.commerce.l0.tests.dll" priority="1" id="9d8fd74e-e299-ea60-183f-8a8794d38652">
      <Owners>
        <Owner name="vsc" />
      </Owners>
      <Execution id="83b660f8-26a2-48db-a648-9d9ec9c3859c" />
      <TestMethod codeBase="D:\v2.0\A1\_work\dbded102\bin\Release.AnyCPU\Sps.Service\MS.VS.Services.Commerce.L0.Tests\MS.VS.Services.Commerce.L0.Tests.dll" adapterTypeName="Microsoft.VisualStudio.TestTools.TestTypes.Unit.UnitTestAdapter" className="MS.VS.Services.Commerce.L0.Tests.MeteringService.PlatformBillingServiceTests" name="GetResourceStatus_NullAzureAccountTest" />
    </UnitTest>
    <UnitTest name="GetResourceStatus_NotNullAzureAccountTest" storage="d:\v2.0\a1\_work\dbded102\bin\release.anycpu\sps.service\ms.vs.services.commerce.l0.tests\ms.vs.services.commerce.l0.tests.dll" priority="1" id="f341c209-c558-4eee-f023-f35e9a1c1d3b">
      <Owners>
        <Owner name="vsc" />
      </Owners>
      <Execution id="4cc1a864-0798-4af5-80af-7166c5ad5790" />
      <TestMethod codeBase="D:\v2.0\A1\_work\dbded102\bin\Release.AnyCPU\Sps.Service\MS.VS.Services.Commerce.L0.Tests\MS.VS.Services.Commerce.L0.Tests.dll" adapterTypeName="Microsoft.VisualStudio.TestTools.TestTypes.Unit.UnitTestAdapter" className="MS.VS.Services.Commerce.L0.Tests.MeteringService.PlatformBillingServiceTests" name="GetResourceStatus_NotNullAzureAccountTest" />
    </UnitTest>
    <UnitTest name="GetSubscriptionResource_BuildTest" storage="d:\v2.0\a1\_work\dbded102\bin\release.anycpu\sps.service\ms.vs.services.commerce.l0.tests\ms.vs.services.commerce.l0.tests.dll" priority="1" id="e7787031-f84a-bbdd-33e6-a29a494c929c">
      <Owners>
        <Owner name="vsc" />
      </Owners>
      <Execution id="dfc6c433-80f7-4447-b614-e1a5bcd5c817" />
      <TestMethod codeBase="D:\v2.0\A1\_work\dbded102\bin\Release.AnyCPU\Sps.Service\MS.VS.Services.Commerce.L0.Tests\MS.VS.Services.Commerce.L0.Tests.dll" adapterTypeName="Microsoft.VisualStudio.TestTools.TestTypes.Unit.UnitTestAdapter" className="MS.VS.Services.Commerce.L0.Tests.MeteringService.PlatformBillingServiceTests" name="GetSubscriptionResource_BuildTest" />
    </UnitTest>
    <UnitTest name="GetSubscriptionResource_StandardLicenseTest" storage="d:\v2.0\a1\_work\dbded102\bin\release.anycpu\sps.service\ms.vs.services.commerce.l0.tests\ms.vs.services.commerce.l0.tests.dll" priority="1" id="df87f049-b7dd-9291-159f-7bf0db9acca0">
      <Owners>
        <Owner name="vsc" />
      </Owners>
      <Execution id="effa5aa9-622b-4ac2-ae02-ef68d6e7ce6c" />
      <TestMethod codeBase="D:\v2.0\A1\_work\dbded102\bin\Release.AnyCPU\Sps.Service\MS.VS.Services.Commerce.L0.Tests\MS.VS.Services.Commerce.L0.Tests.dll" adapterTypeName="Microsoft.VisualStudio.TestTools.TestTypes.Unit.UnitTestAdapter" className="MS.VS.Services.Commerce.L0.Tests.MeteringService.PlatformBillingServiceTests" name="GetSubscriptionResource_StandardLicenseTest" />
    </UnitTest>
    <UnitTest name="PlatformBillingService_GetUsageCommitmentTest" storage="d:\v2.0\a1\_work\dbded102\bin\release.anycpu\sps.service\ms.vs.services.commerce.l0.tests\ms.vs.services.commerce.l0.tests.dll" priority="1" id="af978c93-3e16-be87-de1b-fd4b0eae4dee">
      <Owners>
        <Owner name="vsc" />
      </Owners>
      <Execution id="2a0381ab-9994-4b7a-8ede-4bfe9499baed" />
      <TestMethod codeBase="D:\v2.0\A1\_work\dbded102\bin\Release.AnyCPU\Sps.Service\MS.VS.Services.Commerce.L0.Tests\MS.VS.Services.Commerce.L0.Tests.dll" adapterTypeName="Microsoft.VisualStudio.TestTools.TestTypes.Unit.UnitTestAdapter" className="MS.VS.Services.Commerce.L0.Tests.MeteringService.PlatformBillingServiceTests" name="PlatformBillingService_GetUsageCommitmentTest" />
    </UnitTest>
    <UnitTest name="PlatformBillingService_GetUsageInvalidTimespanTest" storage="d:\v2.0\a1\_work\dbded102\bin\release.anycpu\sps.service\ms.vs.services.commerce.l0.tests\ms.vs.services.commerce.l0.tests.dll" priority="1" id="eacddf62-a7c0-b8d8-d879-116bd0b430d7">
      <Owners>
        <Owner name="vsc" />
      </Owners>
      <Execution id="7cf1aefb-cf25-4ebc-9fd7-232d40d78ed1" />
      <TestMethod codeBase="D:\v2.0\A1\_work\dbded102\bin\Release.AnyCPU\Sps.Service\MS.VS.Services.Commerce.L0.Tests\MS.VS.Services.Commerce.L0.Tests.dll" adapterTypeName="Microsoft.VisualStudio.TestTools.TestTypes.Unit.UnitTestAdapter" className="MS.VS.Services.Commerce.L0.Tests.MeteringService.PlatformBillingServiceTests" name="PlatformBillingService_GetUsageInvalidTimespanTest" />
    </UnitTest>
    <UnitTest name="PlatformBillingService_ReportUsageQueuingNewJob" storage="d:\v2.0\a1\_work\dbded102\bin\release.anycpu\sps.service\ms.vs.services.commerce.l0.tests\ms.vs.services.commerce.l0.tests.dll" priority="1" id="c98b27b0-0207-2458-f396-e76a6fffcf36">
      <Owners>
        <Owner name="vsc" />
      </Owners>
      <Execution id="3956874e-a113-46df-8efb-8f160ec3a30a" />
      <TestMethod codeBase="D:\v2.0\A1\_work\dbded102\bin\Release.AnyCPU\Sps.Service\MS.VS.Services.Commerce.L0.Tests\MS.VS.Services.Commerce.L0.Tests.dll" adapterTypeName="Microsoft.VisualStudio.TestTools.TestTypes.Unit.UnitTestAdapter" className="MS.VS.Services.Commerce.L0.Tests.MeteringService.PlatformBillingServiceTests" name="PlatformBillingService_ReportUsageQueuingNewJob" />
    </UnitTest>
    <UnitTest name="PlatformBillingService_GetUsageBuildHourlyTest" storage="d:\v2.0\a1\_work\dbded102\bin\release.anycpu\sps.service\ms.vs.services.commerce.l0.tests\ms.vs.services.commerce.l0.tests.dll" priority="1" id="2be407d4-c9d0-f45d-f433-415541947731">
      <Owners>
        <Owner name="vsc" />
      </Owners>
      <Execution id="d2d5fe05-2b9d-4b2d-8fb5-4b34c9979052" />
      <TestMethod codeBase="D:\v2.0\A1\_work\dbded102\bin\Release.AnyCPU\Sps.Service\MS.VS.Services.Commerce.L0.Tests\MS.VS.Services.Commerce.L0.Tests.dll" adapterTypeName="Microsoft.VisualStudio.TestTools.TestTypes.Unit.UnitTestAdapter" className="MS.VS.Services.Commerce.L0.Tests.MeteringService.PlatformBillingServiceTests" name="PlatformBillingService_GetUsageBuildHourlyTest" />
    </UnitTest>
    <UnitTest name="PlatformBillingService_GetUsageBuildDailyTest" storage="d:\v2.0\a1\_work\dbded102\bin\release.anycpu\sps.service\ms.vs.services.commerce.l0.tests\ms.vs.services.commerce.l0.tests.dll" priority="1" id="213d963a-c02f-1375-9038-d07975d6cde5">
      <Owners>
        <Owner name="vsc" />
      </Owners>
      <Execution id="06f20b81-6da1-420a-a62a-3430d3b76628" />
      <TestMethod codeBase="D:\v2.0\A1\_work\dbded102\bin\Release.AnyCPU\Sps.Service\MS.VS.Services.Commerce.L0.Tests\MS.VS.Services.Commerce.L0.Tests.dll" adapterTypeName="Microsoft.VisualStudio.TestTools.TestTypes.Unit.UnitTestAdapter" className="MS.VS.Services.Commerce.L0.Tests.MeteringService.PlatformBillingServiceTests" name="PlatformBillingService_GetUsageBuildDailyTest" />
    </UnitTest>
    <UnitTest name="ResetResourceUsage_DisabledSubscriptionTest" storage="d:\v2.0\a1\_work\dbded102\bin\release.anycpu\sps.service\ms.vs.services.commerce.l0.tests\ms.vs.services.commerce.l0.tests.dll" priority="1" id="107aaa71-5e0c-0bea-5bd4-311f349c7ae0">
      <Owners>
        <Owner name="vsc" />
      </Owners>
      <Execution id="54c31e52-55ea-42fc-a2eb-6661d9e66ba6" />
      <TestMethod codeBase="D:\v2.0\A1\_work\dbded102\bin\Release.AnyCPU\Sps.Service\MS.VS.Services.Commerce.L0.Tests\MS.VS.Services.Commerce.L0.Tests.dll" adapterTypeName="Microsoft.VisualStudio.TestTools.TestTypes.Unit.UnitTestAdapter" className="MS.VS.Services.Commerce.L0.Tests.MeteringService.PlatformBillingServiceTests" name="ResetResourceUsage_DisabledSubscriptionTest" />
    </UnitTest>
    <UnitTest name="CreateSubscriptionResourceForActiveSubscriptionWhereCurrentQuantityGreaterThanIncludedAandBillingIsOff" storage="d:\v2.0\a1\_work\dbded102\bin\release.anycpu\sps.service\ms.vs.services.commerce.l0.tests\ms.vs.services.commerce.l0.tests.dll" priority="1" id="04e5b6d6-71da-a84a-fc86-676f68f77ee6">
      <Owners>
        <Owner name="vsc" />
      </Owners>
      <Execution id="ca7f8092-764f-4d3b-a465-f96a2342e005" />
      <TestMethod codeBase="D:\v2.0\A1\_work\dbded102\bin\Release.AnyCPU\Sps.Service\MS.VS.Services.Commerce.L0.Tests\MS.VS.Services.Commerce.L0.Tests.dll" adapterTypeName="Microsoft.VisualStudio.TestTools.TestTypes.Unit.UnitTestAdapter" className="MS.VS.Services.Commerce.L0.Tests.MeteringService.PlatformBillingServiceTests" name="CreateSubscriptionResourceForActiveSubscriptionWhereCurrentQuantityGreaterThanIncludedAandBillingIsOff" />
    </UnitTest>
    <UnitTest name="CreateSubscriptionResourceForActiveSubscriptionWhereCurrentQuantityGreaterThanMaximumAandBillingIsOff" storage="d:\v2.0\a1\_work\dbded102\bin\release.anycpu\sps.service\ms.vs.services.commerce.l0.tests\ms.vs.services.commerce.l0.tests.dll" priority="1" id="6b085bdd-a580-dad1-801d-19ec4ec2b908">
      <Owners>
        <Owner name="vsc" />
      </Owners>
      <Execution id="a229169d-4303-4797-b8b1-7e5adc99f74d" />
      <TestMethod codeBase="D:\v2.0\A1\_work\dbded102\bin\Release.AnyCPU\Sps.Service\MS.VS.Services.Commerce.L0.Tests\MS.VS.Services.Commerce.L0.Tests.dll" adapterTypeName="Microsoft.VisualStudio.TestTools.TestTypes.Unit.UnitTestAdapter" className="MS.VS.Services.Commerce.L0.Tests.MeteringService.PlatformBillingServiceTests" name="CreateSubscriptionResourceForActiveSubscriptionWhereCurrentQuantityGreaterThanMaximumAandBillingIsOff" />
    </UnitTest>
    <UnitTest name="CreateSubscriptionResourceForDisabledSubscriptionAndCommitmentResource" storage="d:\v2.0\a1\_work\dbded102\bin\release.anycpu\sps.service\ms.vs.services.commerce.l0.tests\ms.vs.services.commerce.l0.tests.dll" priority="1" id="fae5280d-1505-ca03-4fe5-b6c1d0260dd3">
      <Owners>
        <Owner name="vsc" />
      </Owners>
      <Execution id="13a59dd7-6148-4af1-bbd0-c7910a918e3f" />
      <TestMethod codeBase="D:\v2.0\A1\_work\dbded102\bin\Release.AnyCPU\Sps.Service\MS.VS.Services.Commerce.L0.Tests\MS.VS.Services.Commerce.L0.Tests.dll" adapterTypeName="Microsoft.VisualStudio.TestTools.TestTypes.Unit.UnitTestAdapter" className="MS.VS.Services.Commerce.L0.Tests.MeteringService.PlatformBillingServiceTests" name="CreateSubscriptionResourceForDisabledSubscriptionAndCommitmentResource" />
    </UnitTest>
    <UnitTest name="CreateSubscriptionResourceForDisabledSubscriptionAndPayAsYouGoResource" storage="d:\v2.0\a1\_work\dbded102\bin\release.anycpu\sps.service\ms.vs.services.commerce.l0.tests\ms.vs.services.commerce.l0.tests.dll" priority="1" id="50326724-ee8a-fdf3-aa0f-9c7d1637a1e6">
      <Owners>
        <Owner name="vsc" />
      </Owners>
      <Execution id="094cbb2a-5542-4000-9a9f-6a98a5c64498" />
      <TestMethod codeBase="D:\v2.0\A1\_work\dbded102\bin\Release.AnyCPU\Sps.Service\MS.VS.Services.Commerce.L0.Tests\MS.VS.Services.Commerce.L0.Tests.dll" adapterTypeName="Microsoft.VisualStudio.TestTools.TestTypes.Unit.UnitTestAdapter" className="MS.VS.Services.Commerce.L0.Tests.MeteringService.PlatformBillingServiceTests" name="CreateSubscriptionResourceForDisabledSubscriptionAndPayAsYouGoResource" />
    </UnitTest>
    <UnitTest name="GetAzureResourceAccountAndSubscriptionWhenSubscriptionIsNotNull" storage="d:\v2.0\a1\_work\dbded102\bin\release.anycpu\sps.service\ms.vs.services.commerce.l0.tests\ms.vs.services.commerce.l0.tests.dll" priority="1" id="d0dc208b-ce6e-bdff-d40c-fab3c1eeeebe">
      <Owners>
        <Owner name="vsc" />
      </Owners>
      <Execution id="67a38da7-0036-46c0-b015-bbc3eab3c1ed" />
      <TestMethod codeBase="D:\v2.0\A1\_work\dbded102\bin\Release.AnyCPU\Sps.Service\MS.VS.Services.Commerce.L0.Tests\MS.VS.Services.Commerce.L0.Tests.dll" adapterTypeName="Microsoft.VisualStudio.TestTools.TestTypes.Unit.UnitTestAdapter" className="MS.VS.Services.Commerce.L0.Tests.MeteringService.PlatformBillingServiceTests" name="GetAzureResourceAccountAndSubscriptionWhenSubscriptionIsNotNull" />
    </UnitTest>
    <UnitTest name="IsValidUsage_WhenReportedQuantityNotEqualToCommitedAndCurrentAndWithinRangeAndNoAzureSubscription" storage="d:\v2.0\a1\_work\dbded102\bin\release.anycpu\sps.service\ms.vs.services.commerce.l0.tests\ms.vs.services.commerce.l0.tests.dll" priority="1" id="89b0830a-ec9c-4c5e-ef51-f105c8acee06">
      <Owners>
        <Owner name="vsc" />
      </Owners>
      <Execution id="65fa74cc-6830-416e-8513-972a4d533581" />
      <TestMethod codeBase="D:\v2.0\A1\_work\dbded102\bin\Release.AnyCPU\Sps.Service\MS.VS.Services.Commerce.L0.Tests\MS.VS.Services.Commerce.L0.Tests.dll" adapterTypeName="Microsoft.VisualStudio.TestTools.TestTypes.Unit.UnitTestAdapter" className="MS.VS.Services.Commerce.L0.Tests.MeteringService.PlatformBillingServiceTests" name="IsValidUsage_WhenReportedQuantityNotEqualToCommitedAndCurrentAndWithinRangeAndNoAzureSubscription" />
    </UnitTest>
    <UnitTest name="IsValidUsage_WhenReportedQuantityIsEqualToCommitedAndCurrentAndNotLinkedToAzureAccount" storage="d:\v2.0\a1\_work\dbded102\bin\release.anycpu\sps.service\ms.vs.services.commerce.l0.tests\ms.vs.services.commerce.l0.tests.dll" priority="1" id="17c9756c-bd8c-9820-ab4c-eb4e5fbf5e7f">
      <Owners>
        <Owner name="vsc" />
      </Owners>
      <Execution id="89327afb-6cc9-4477-8d33-30a599352b6e" />
      <TestMethod codeBase="D:\v2.0\A1\_work\dbded102\bin\Release.AnyCPU\Sps.Service\MS.VS.Services.Commerce.L0.Tests\MS.VS.Services.Commerce.L0.Tests.dll" adapterTypeName="Microsoft.VisualStudio.TestTools.TestTypes.Unit.UnitTestAdapter" className="MS.VS.Services.Commerce.L0.Tests.MeteringService.PlatformBillingServiceTests" name="IsValidUsage_WhenReportedQuantityIsEqualToCommitedAndCurrentAndNotLinkedToAzureAccount" />
    </UnitTest>
    <UnitTest name="IsValidUsage_WhenReportedQuantityIsNotEqualToCommitedAndCurrentAndLinkedToAzureAccount" storage="d:\v2.0\a1\_work\dbded102\bin\release.anycpu\sps.service\ms.vs.services.commerce.l0.tests\ms.vs.services.commerce.l0.tests.dll" priority="1" id="8e389031-8113-15b1-4581-2abec323db5a">
      <Owners>
        <Owner name="vsc" />
      </Owners>
      <Execution id="8ebcfe21-6f34-4835-b91e-ca39f86c61a2" />
      <TestMethod codeBase="D:\v2.0\A1\_work\dbded102\bin\Release.AnyCPU\Sps.Service\MS.VS.Services.Commerce.L0.Tests\MS.VS.Services.Commerce.L0.Tests.dll" adapterTypeName="Microsoft.VisualStudio.TestTools.TestTypes.Unit.UnitTestAdapter" className="MS.VS.Services.Commerce.L0.Tests.MeteringService.PlatformBillingServiceTests" name="IsValidUsage_WhenReportedQuantityIsNotEqualToCommitedAndCurrentAndLinkedToAzureAccount" />
    </UnitTest>
    <UnitTest name="IsValidUsage_WhenBillableDateIsBeforePaidBillingUpdateDate" storage="d:\v2.0\a1\_work\dbded102\bin\release.anycpu\sps.service\ms.vs.services.commerce.l0.tests\ms.vs.services.commerce.l0.tests.dll" priority="1" id="2857cb5a-d919-8bea-21cd-2aaa71e36f3e">
      <Owners>
        <Owner name="vsc" />
      </Owners>
      <Execution id="f7430d8e-55fa-46a8-90f4-2679bc8b2c96" />
      <TestMethod codeBase="D:\v2.0\A1\_work\dbded102\bin\Release.AnyCPU\Sps.Service\MS.VS.Services.Commerce.L0.Tests\MS.VS.Services.Commerce.L0.Tests.dll" adapterTypeName="Microsoft.VisualStudio.TestTools.TestTypes.Unit.UnitTestAdapter" className="MS.VS.Services.Commerce.L0.Tests.MeteringService.PlatformBillingServiceTests" name="IsValidUsage_WhenBillableDateIsBeforePaidBillingUpdateDate" />
    </UnitTest>
    <UnitTest name="IsValidUsage_WhenResourceIsUsableAndUnlinkedAzureSusbcription" storage="d:\v2.0\a1\_work\dbded102\bin\release.anycpu\sps.service\ms.vs.services.commerce.l0.tests\ms.vs.services.commerce.l0.tests.dll" priority="1" id="80e3cedf-64ae-f80d-7d13-63de9d8eb81e">
      <Owners>
        <Owner name="vsc" />
      </Owners>
      <Execution id="4315a957-0068-4ab4-b06b-5f4f9635cef0" />
      <TestMethod codeBase="D:\v2.0\A1\_work\dbded102\bin\Release.AnyCPU\Sps.Service\MS.VS.Services.Commerce.L0.Tests\MS.VS.Services.Commerce.L0.Tests.dll" adapterTypeName="Microsoft.VisualStudio.TestTools.TestTypes.Unit.UnitTestAdapter" className="MS.VS.Services.Commerce.L0.Tests.MeteringService.PlatformBillingServiceTests" name="IsValidUsage_WhenResourceIsUsableAndUnlinkedAzureSusbcription" />
    </UnitTest>
    <UnitTest name="IsValidUsage_InvalidResourceException_ForCommitmenResource" storage="d:\v2.0\a1\_work\dbded102\bin\release.anycpu\sps.service\ms.vs.services.commerce.l0.tests\ms.vs.services.commerce.l0.tests.dll" priority="1" id="92d2aaf8-1fbc-80ea-a6c0-8b99267d4263">
      <Owners>
        <Owner name="vsc" />
      </Owners>
      <Execution id="89eab2d8-e3d3-40db-a7ca-d620292259dc" />
      <TestMethod codeBase="D:\v2.0\A1\_work\dbded102\bin\Release.AnyCPU\Sps.Service\MS.VS.Services.Commerce.L0.Tests\MS.VS.Services.Commerce.L0.Tests.dll" adapterTypeName="Microsoft.VisualStudio.TestTools.TestTypes.Unit.UnitTestAdapter" className="MS.VS.Services.Commerce.L0.Tests.MeteringService.PlatformBillingServiceTests" name="IsValidUsage_InvalidResourceException_ForCommitmenResource" />
    </UnitTest>
    <UnitTest name="IsValidUsage_InvalidResourceException_ForPayAsYouGo" storage="d:\v2.0\a1\_work\dbded102\bin\release.anycpu\sps.service\ms.vs.services.commerce.l0.tests\ms.vs.services.commerce.l0.tests.dll" priority="1" id="365816ce-8e8f-1de8-acf1-514ae2a99437">
      <Owners>
        <Owner name="vsc" />
      </Owners>
      <Execution id="633a4256-4ed7-4ab4-828d-2fa54edc8a1b" />
      <TestMethod codeBase="D:\v2.0\A1\_work\dbded102\bin\Release.AnyCPU\Sps.Service\MS.VS.Services.Commerce.L0.Tests\MS.VS.Services.Commerce.L0.Tests.dll" adapterTypeName="Microsoft.VisualStudio.TestTools.TestTypes.Unit.UnitTestAdapter" className="MS.VS.Services.Commerce.L0.Tests.MeteringService.PlatformBillingServiceTests" name="IsValidUsage_InvalidResourceException_ForPayAsYouGo" />
    </UnitTest>
    <UnitTest name="IsValidUsage_AccountQuantityException" storage="d:\v2.0\a1\_work\dbded102\bin\release.anycpu\sps.service\ms.vs.services.commerce.l0.tests\ms.vs.services.commerce.l0.tests.dll" priority="1" id="500e6467-a087-3a81-26cc-9f68d44dd4e6">
      <Owners>
        <Owner name="vsc" />
      </Owners>
      <Execution id="15be9f8c-d984-410a-a4e8-bab06c206a60" />
      <TestMethod codeBase="D:\v2.0\A1\_work\dbded102\bin\Release.AnyCPU\Sps.Service\MS.VS.Services.Commerce.L0.Tests\MS.VS.Services.Commerce.L0.Tests.dll" adapterTypeName="Microsoft.VisualStudio.TestTools.TestTypes.Unit.UnitTestAdapter" className="MS.VS.Services.Commerce.L0.Tests.MeteringService.PlatformBillingServiceTests" name="IsValidUsage_AccountQuantityException" />
    </UnitTest>
    <UnitTest name="ResetResourceUsage_FreeTierSubscription" storage="d:\v2.0\a1\_work\dbded102\bin\release.anycpu\sps.service\ms.vs.services.commerce.l0.tests\ms.vs.services.commerce.l0.tests.dll" priority="1" id="035e08b5-da34-a1e3-8e35-a04e1a5d22ad">
      <Owners>
        <Owner name="vsc" />
      </Owners>
      <Execution id="0e8fa36a-39b0-4383-8fdf-a17ed8f24937" />
      <TestMethod codeBase="D:\v2.0\A1\_work\dbded102\bin\Release.AnyCPU\Sps.Service\MS.VS.Services.Commerce.L0.Tests\MS.VS.Services.Commerce.L0.Tests.dll" adapterTypeName="Microsoft.VisualStudio.TestTools.TestTypes.Unit.UnitTestAdapter" className="MS.VS.Services.Commerce.L0.Tests.MeteringService.PlatformBillingServiceTests" name="ResetResourceUsage_FreeTierSubscription" />
    </UnitTest>
    <UnitTest name="ResetResourceUsage_NotFreeTierSubscriptionShouldReportBillingEvent" storage="d:\v2.0\a1\_work\dbded102\bin\release.anycpu\sps.service\ms.vs.services.commerce.l0.tests\ms.vs.services.commerce.l0.tests.dll" priority="1" id="245f5c96-8e83-f1cf-5cfc-4a85383ef11c">
      <Owners>
        <Owner name="vsc" />
      </Owners>
      <Execution id="d0f35fad-1bfb-49c6-a098-6c766035e9b9" />
      <TestMethod codeBase="D:\v2.0\A1\_work\dbded102\bin\Release.AnyCPU\Sps.Service\MS.VS.Services.Commerce.L0.Tests\MS.VS.Services.Commerce.L0.Tests.dll" adapterTypeName="Microsoft.VisualStudio.TestTools.TestTypes.Unit.UnitTestAdapter" className="MS.VS.Services.Commerce.L0.Tests.MeteringService.PlatformBillingServiceTests" name="ResetResourceUsage_NotFreeTierSubscriptionShouldReportBillingEvent" />
    </UnitTest>
    <UnitTest name="SendMessageForMeterQuantityChangesTest" storage="d:\v2.0\a1\_work\dbded102\bin\release.anycpu\sps.service\ms.vs.services.commerce.l0.tests\ms.vs.services.commerce.l0.tests.dll" priority="1" id="b5e93057-4240-81b9-c578-53a180a0dfc6">
      <Owners>
        <Owner name="vsc" />
      </Owners>
      <Execution id="de474dc2-b009-4cbf-84ae-eb74754de8e5" />
      <TestMethod codeBase="D:\v2.0\A1\_work\dbded102\bin\Release.AnyCPU\Sps.Service\MS.VS.Services.Commerce.L0.Tests\MS.VS.Services.Commerce.L0.Tests.dll" adapterTypeName="Microsoft.VisualStudio.TestTools.TestTypes.Unit.UnitTestAdapter" className="MS.VS.Services.Commerce.L0.Tests.MeteringService.PlatformBillingServiceTests" name="SendMessageForMeterQuantityChangesTest" />
    </UnitTest>
    <UnitTest name="CheckDefaulQunatityViaGetMeteredResources" storage="d:\v2.0\a1\_work\dbded102\bin\release.anycpu\sps.service\ms.vs.services.commerce.l0.tests\ms.vs.services.commerce.l0.tests.dll" priority="1" id="02f94163-521a-5a31-291c-169410a6268f">
      <Owners>
        <Owner name="vsc" />
      </Owners>
      <Execution id="93d4b46e-958f-4a9b-8853-c781beb06f94" />
      <TestMethod codeBase="D:\v2.0\A1\_work\dbded102\bin\Release.AnyCPU\Sps.Service\MS.VS.Services.Commerce.L0.Tests\MS.VS.Services.Commerce.L0.Tests.dll" adapterTypeName="Microsoft.VisualStudio.TestTools.TestTypes.Unit.UnitTestAdapter" className="MS.VS.Services.Commerce.L0.Tests.MeteringService.PlatformBillingServiceTests" name="CheckDefaulQunatityViaGetMeteredResources" />
    </UnitTest>
    <UnitTest name="PerformResourceTypeOperations_InvalidSubscriptionId" storage="d:\v2.0\a1\_work\dbded102\bin\release.anycpu\sps.service\ms.vs.services.commerce.l0.tests\ms.vs.services.commerce.l0.tests.dll" priority="1" id="336ab74b-a418-9b76-a7ce-0b22ebf390b3">
      <Owners>
        <Owner name="vsc" />
      </Owners>
      <Execution id="0fe9bf15-5f3a-4e9d-a042-336b50803573" />
      <TestMethod codeBase="D:\v2.0\A1\_work\dbded102\bin\Release.AnyCPU\Sps.Service\MS.VS.Services.Commerce.L0.Tests\MS.VS.Services.Commerce.L0.Tests.dll" adapterTypeName="Microsoft.VisualStudio.TestTools.TestTypes.Unit.UnitTestAdapter" className="MS.VS.Services.Commerce.L0.Tests.MeteringService.ResourceTypeControllerTests" name="PerformResourceTypeOperations_InvalidSubscriptionId" />
    </UnitTest>
    <UnitTest name="PerformResourceTypeOperations_MissingQueryString" storage="d:\v2.0\a1\_work\dbded102\bin\release.anycpu\sps.service\ms.vs.services.commerce.l0.tests\ms.vs.services.commerce.l0.tests.dll" priority="1" id="25e33967-ffa4-1e3d-7dc1-42e047f701f6">
      <Owners>
        <Owner name="vsc" />
      </Owners>
      <Execution id="0b6ce5b5-2206-413e-83b2-8d2b194cafce" />
      <TestMethod codeBase="D:\v2.0\A1\_work\dbded102\bin\Release.AnyCPU\Sps.Service\MS.VS.Services.Commerce.L0.Tests\MS.VS.Services.Commerce.L0.Tests.dll" adapterTypeName="Microsoft.VisualStudio.TestTools.TestTypes.Unit.UnitTestAdapter" className="MS.VS.Services.Commerce.L0.Tests.MeteringService.ResourceTypeControllerTests" name="PerformResourceTypeOperations_MissingQueryString" />
    </UnitTest>
    <UnitTest name="PerformResourceTypeOperations_BadOperationTypeQueryString" storage="d:\v2.0\a1\_work\dbded102\bin\release.anycpu\sps.service\ms.vs.services.commerce.l0.tests\ms.vs.services.commerce.l0.tests.dll" priority="1" id="92906e6e-9844-f439-1584-defc5026ed0f">
      <Owners>
        <Owner name="vsc" />
      </Owners>
      <Execution id="d5c1a889-810e-4eb4-bd88-17df921cad3c" />
      <TestMethod codeBase="D:\v2.0\A1\_work\dbded102\bin\Release.AnyCPU\Sps.Service\MS.VS.Services.Commerce.L0.Tests\MS.VS.Services.Commerce.L0.Tests.dll" adapterTypeName="Microsoft.VisualStudio.TestTools.TestTypes.Unit.UnitTestAdapter" className="MS.VS.Services.Commerce.L0.Tests.MeteringService.ResourceTypeControllerTests" name="PerformResourceTypeOperations_BadOperationTypeQueryString" />
    </UnitTest>
    <UnitTest name="PerformResourceTypeOperations_HappyPath" storage="d:\v2.0\a1\_work\dbded102\bin\release.anycpu\sps.service\ms.vs.services.commerce.l0.tests\ms.vs.services.commerce.l0.tests.dll" priority="1" id="65371671-bacb-9070-4b27-7a42767e20a5">
      <Owners>
        <Owner name="vsc" />
      </Owners>
      <Execution id="f513a31a-8576-464d-a10a-d9be87346a97" />
      <TestMethod codeBase="D:\v2.0\A1\_work\dbded102\bin\Release.AnyCPU\Sps.Service\MS.VS.Services.Commerce.L0.Tests\MS.VS.Services.Commerce.L0.Tests.dll" adapterTypeName="Microsoft.VisualStudio.TestTools.TestTypes.Unit.UnitTestAdapter" className="MS.VS.Services.Commerce.L0.Tests.MeteringService.ResourceTypeControllerTests" name="PerformResourceTypeOperations_HappyPath" />
    </UnitTest>
    <UnitTest name="CheckNameAvailability_GetAccountHappyPath" storage="d:\v2.0\a1\_work\dbded102\bin\release.anycpu\sps.service\ms.vs.services.commerce.l0.tests\ms.vs.services.commerce.l0.tests.dll" priority="1" id="4b32f76a-813e-f900-578a-7ab5b619990b">
      <Owners>
        <Owner name="vsc" />
      </Owners>
      <Execution id="560003c5-1821-4971-ad61-45168385d15b" />
      <TestMethod codeBase="D:\v2.0\A1\_work\dbded102\bin\Release.AnyCPU\Sps.Service\MS.VS.Services.Commerce.L0.Tests\MS.VS.Services.Commerce.L0.Tests.dll" adapterTypeName="Microsoft.VisualStudio.TestTools.TestTypes.Unit.UnitTestAdapter" className="MS.VS.Services.Commerce.L0.Tests.MeteringService.ResourceTypeControllerTests" name="CheckNameAvailability_GetAccountHappyPath" />
    </UnitTest>
    <UnitTest name="CheckNameAvailability_MissingResourceName" storage="d:\v2.0\a1\_work\dbded102\bin\release.anycpu\sps.service\ms.vs.services.commerce.l0.tests\ms.vs.services.commerce.l0.tests.dll" priority="1" id="4b37bf2e-7721-7ab8-4fdb-2ae25d4a99b7">
      <Owners>
        <Owner name="vsc" />
      </Owners>
      <Execution id="1ea7e3b9-235d-484c-a82d-6a5a08201179" />
      <TestMethod codeBase="D:\v2.0\A1\_work\dbded102\bin\Release.AnyCPU\Sps.Service\MS.VS.Services.Commerce.L0.Tests\MS.VS.Services.Commerce.L0.Tests.dll" adapterTypeName="Microsoft.VisualStudio.TestTools.TestTypes.Unit.UnitTestAdapter" className="MS.VS.Services.Commerce.L0.Tests.MeteringService.ResourceTypeControllerTests" name="CheckNameAvailability_MissingResourceName" />
    </UnitTest>
    <UnitTest name="MeterResetJob_QueueJobForNextMonth_QueueTimeDec" storage="d:\v2.0\a1\_work\dbded102\bin\release.anycpu\sps.service\ms.vs.services.commerce.l0.tests\ms.vs.services.commerce.l0.tests.dll" priority="1" id="219ceaeb-1569-afbf-966a-d5747ab020a4">
      <Owners>
        <Owner name="vsc" />
      </Owners>
      <Execution id="617b0290-da1b-44ff-b39b-e03edf1f7db2" />
      <TestMethod codeBase="D:\v2.0\A1\_work\dbded102\bin\Release.AnyCPU\Sps.Service\MS.VS.Services.Commerce.L0.Tests\MS.VS.Services.Commerce.L0.Tests.dll" adapterTypeName="Microsoft.VisualStudio.TestTools.TestTypes.Unit.UnitTestAdapter" className="MS.VS.Services.Commerce.L0.Tests.JobTests.MeterResetJobExtensionTests" name="MeterResetJob_QueueJobForNextMonth_QueueTimeDec" />
    </UnitTest>
    <UnitTest name="MeterResetJob_QueueJobForNextMonth_SubscriptionIsNull" storage="d:\v2.0\a1\_work\dbded102\bin\release.anycpu\sps.service\ms.vs.services.commerce.l0.tests\ms.vs.services.commerce.l0.tests.dll" priority="1" id="319baaa0-b9c5-892c-99e5-6d89e6477a27">
      <Owners>
        <Owner name="vsc" />
      </Owners>
      <Execution id="bb857b39-f6bf-4ceb-9c82-a4676089e887" />
      <TestMethod codeBase="D:\v2.0\A1\_work\dbded102\bin\Release.AnyCPU\Sps.Service\MS.VS.Services.Commerce.L0.Tests\MS.VS.Services.Commerce.L0.Tests.dll" adapterTypeName="Microsoft.VisualStudio.TestTools.TestTypes.Unit.UnitTestAdapter" className="MS.VS.Services.Commerce.L0.Tests.JobTests.MeterResetJobExtensionTests" name="MeterResetJob_QueueJobForNextMonth_SubscriptionIsNull" />
    </UnitTest>
    <UnitTest name="MeterResetJob_IsResourceBilledMonthlyThisMonth_AdvancedLicense" storage="d:\v2.0\a1\_work\dbded102\bin\release.anycpu\sps.service\ms.vs.services.commerce.l0.tests\ms.vs.services.commerce.l0.tests.dll" priority="1" id="5f0db8ce-9fd5-8527-9212-81cdbf8d33f5">
      <Owners>
        <Owner name="vsc" />
      </Owners>
      <Execution id="5ee7b7e3-7038-4ef1-9d94-977387eaca06" />
      <TestMethod codeBase="D:\v2.0\A1\_work\dbded102\bin\Release.AnyCPU\Sps.Service\MS.VS.Services.Commerce.L0.Tests\MS.VS.Services.Commerce.L0.Tests.dll" adapterTypeName="Microsoft.VisualStudio.TestTools.TestTypes.Unit.UnitTestAdapter" className="MS.VS.Services.Commerce.L0.Tests.JobTests.MeterResetJobExtensionTests" name="MeterResetJob_IsResourceBilledMonthlyThisMonth_AdvancedLicense" />
    </UnitTest>
    <UnitTest name="MeterResetJob_IsResourceBilledMonthlyThisMonth_DefaultQuantities" storage="d:\v2.0\a1\_work\dbded102\bin\release.anycpu\sps.service\ms.vs.services.commerce.l0.tests\ms.vs.services.commerce.l0.tests.dll" priority="1" id="6fb9ffd9-9a75-fdef-2339-2dd6610b2797">
      <Owners>
        <Owner name="vsc" />
      </Owners>
      <Execution id="01b06082-cffe-4026-b11d-d4ba2c8dee08" />
      <TestMethod codeBase="D:\v2.0\A1\_work\dbded102\bin\Release.AnyCPU\Sps.Service\MS.VS.Services.Commerce.L0.Tests\MS.VS.Services.Commerce.L0.Tests.dll" adapterTypeName="Microsoft.VisualStudio.TestTools.TestTypes.Unit.UnitTestAdapter" className="MS.VS.Services.Commerce.L0.Tests.JobTests.MeterResetJobExtensionTests" name="MeterResetJob_IsResourceBilledMonthlyThisMonth_DefaultQuantities" />
    </UnitTest>
    <UnitTest name="MeterResetJob_IsResourceBilledMonthlyNextMonth_AdvancedLicense" storage="d:\v2.0\a1\_work\dbded102\bin\release.anycpu\sps.service\ms.vs.services.commerce.l0.tests\ms.vs.services.commerce.l0.tests.dll" priority="1" id="882f4f0f-5076-88cd-dd84-33991cb4a528">
      <Owners>
        <Owner name="vsc" />
      </Owners>
      <Execution id="1a5be851-59ce-4474-b88a-a629d2010218" />
      <TestMethod codeBase="D:\v2.0\A1\_work\dbded102\bin\Release.AnyCPU\Sps.Service\MS.VS.Services.Commerce.L0.Tests\MS.VS.Services.Commerce.L0.Tests.dll" adapterTypeName="Microsoft.VisualStudio.TestTools.TestTypes.Unit.UnitTestAdapter" className="MS.VS.Services.Commerce.L0.Tests.JobTests.MeterResetJobExtensionTests" name="MeterResetJob_IsResourceBilledMonthlyNextMonth_AdvancedLicense" />
    </UnitTest>
    <UnitTest name="MeterResetJob_IsResourceBilledMonthlyNextMonth_DefaultQuantities" storage="d:\v2.0\a1\_work\dbded102\bin\release.anycpu\sps.service\ms.vs.services.commerce.l0.tests\ms.vs.services.commerce.l0.tests.dll" priority="1" id="05e78d00-1efc-2f8a-4cb2-cdbd1f4e5b20">
      <Owners>
        <Owner name="vsc" />
      </Owners>
      <Execution id="4377409b-03ee-4b72-95e8-41392927d122" />
      <TestMethod codeBase="D:\v2.0\A1\_work\dbded102\bin\Release.AnyCPU\Sps.Service\MS.VS.Services.Commerce.L0.Tests\MS.VS.Services.Commerce.L0.Tests.dll" adapterTypeName="Microsoft.VisualStudio.TestTools.TestTypes.Unit.UnitTestAdapter" className="MS.VS.Services.Commerce.L0.Tests.JobTests.MeterResetJobExtensionTests" name="MeterResetJob_IsResourceBilledMonthlyNextMonth_DefaultQuantities" />
    </UnitTest>
    <UnitTest name="MeterResetJob_ShouldBillUser_Positive_LastOnFirst" storage="d:\v2.0\a1\_work\dbded102\bin\release.anycpu\sps.service\ms.vs.services.commerce.l0.tests\ms.vs.services.commerce.l0.tests.dll" priority="1" id="c9572712-50ca-10f4-52ca-d9c5b0352518">
      <Owners>
        <Owner name="vsc" />
      </Owners>
      <Execution id="2b97c313-1f57-458c-8f24-1e68de19a053" />
      <TestMethod codeBase="D:\v2.0\A1\_work\dbded102\bin\Release.AnyCPU\Sps.Service\MS.VS.Services.Commerce.L0.Tests\MS.VS.Services.Commerce.L0.Tests.dll" adapterTypeName="Microsoft.VisualStudio.TestTools.TestTypes.Unit.UnitTestAdapter" className="MS.VS.Services.Commerce.L0.Tests.JobTests.MeterResetJobExtensionTests" name="MeterResetJob_ShouldBillUser_Positive_LastOnFirst" />
    </UnitTest>
    <UnitTest name="MeterResetJob_ShouldBillUser_Positive_LastOn15" storage="d:\v2.0\a1\_work\dbded102\bin\release.anycpu\sps.service\ms.vs.services.commerce.l0.tests\ms.vs.services.commerce.l0.tests.dll" priority="1" id="1030d638-b7dc-159a-b34a-4f37fb22c3df">
      <Owners>
        <Owner name="vsc" />
      </Owners>
      <Execution id="9c658718-f9c6-4644-b9f2-1563d4dfc57b" />
      <TestMethod codeBase="D:\v2.0\A1\_work\dbded102\bin\Release.AnyCPU\Sps.Service\MS.VS.Services.Commerce.L0.Tests\MS.VS.Services.Commerce.L0.Tests.dll" adapterTypeName="Microsoft.VisualStudio.TestTools.TestTypes.Unit.UnitTestAdapter" className="MS.VS.Services.Commerce.L0.Tests.JobTests.MeterResetJobExtensionTests" name="MeterResetJob_ShouldBillUser_Positive_LastOn15" />
    </UnitTest>
    <UnitTest name="MeterResetJob_ShouldBillUser_Negative" storage="d:\v2.0\a1\_work\dbded102\bin\release.anycpu\sps.service\ms.vs.services.commerce.l0.tests\ms.vs.services.commerce.l0.tests.dll" priority="1" id="667227f0-5d33-1f19-a374-394d675f2195">
      <Owners>
        <Owner name="vsc" />
      </Owners>
      <Execution id="467c5c0c-f569-4c04-91f6-a0f336b6a1fe" />
      <TestMethod codeBase="D:\v2.0\A1\_work\dbded102\bin\Release.AnyCPU\Sps.Service\MS.VS.Services.Commerce.L0.Tests\MS.VS.Services.Commerce.L0.Tests.dll" adapterTypeName="Microsoft.VisualStudio.TestTools.TestTypes.Unit.UnitTestAdapter" className="MS.VS.Services.Commerce.L0.Tests.JobTests.MeterResetJobExtensionTests" name="MeterResetJob_ShouldBillUser_Negative" />
    </UnitTest>
    <UnitTest name="MeterResetJob_SendBillingEventsToAzure_Test" storage="d:\v2.0\a1\_work\dbded102\bin\release.anycpu\sps.service\ms.vs.services.commerce.l0.tests\ms.vs.services.commerce.l0.tests.dll" priority="1" id="9bad8a8b-68b2-7b54-0bb8-ae130ebaf48f">
      <Owners>
        <Owner name="vsc" />
      </Owners>
      <Execution id="6bc55fe8-f10d-4296-a411-64ce7cd5ed67" />
      <TestMethod codeBase="D:\v2.0\A1\_work\dbded102\bin\Release.AnyCPU\Sps.Service\MS.VS.Services.Commerce.L0.Tests\MS.VS.Services.Commerce.L0.Tests.dll" adapterTypeName="Microsoft.VisualStudio.TestTools.TestTypes.Unit.UnitTestAdapter" className="MS.VS.Services.Commerce.L0.Tests.JobTests.MeterResetJobExtensionTests" name="MeterResetJob_SendBillingEventsToAzure_Test" />
    </UnitTest>
    <UnitTest name="MeterResetJob_SendBillingEventsToAzure_NullUsageEvents" storage="d:\v2.0\a1\_work\dbded102\bin\release.anycpu\sps.service\ms.vs.services.commerce.l0.tests\ms.vs.services.commerce.l0.tests.dll" priority="1" id="c5fa4228-1cc6-f9b9-b888-d87cee87bc69">
      <Owners>
        <Owner name="vsc" />
      </Owners>
      <Execution id="087323b8-8a8d-486a-be30-7b709a1d22c2" />
      <TestMethod codeBase="D:\v2.0\A1\_work\dbded102\bin\Release.AnyCPU\Sps.Service\MS.VS.Services.Commerce.L0.Tests\MS.VS.Services.Commerce.L0.Tests.dll" adapterTypeName="Microsoft.VisualStudio.TestTools.TestTypes.Unit.UnitTestAdapter" className="MS.VS.Services.Commerce.L0.Tests.JobTests.MeterResetJobExtensionTests" name="MeterResetJob_SendBillingEventsToAzure_NullUsageEvents" />
    </UnitTest>
    <UnitTest name="MeterResetJob_SendBillingEventsToAzure_FreeTierSubscription" storage="d:\v2.0\a1\_work\dbded102\bin\release.anycpu\sps.service\ms.vs.services.commerce.l0.tests\ms.vs.services.commerce.l0.tests.dll" priority="1" id="4c18a841-7181-c4c7-573c-b2fd1757931b">
      <Owners>
        <Owner name="vsc" />
      </Owners>
      <Execution id="b79ee8f3-5365-49a9-ba0c-a41aea72cbb2" />
      <TestMethod codeBase="D:\v2.0\A1\_work\dbded102\bin\Release.AnyCPU\Sps.Service\MS.VS.Services.Commerce.L0.Tests\MS.VS.Services.Commerce.L0.Tests.dll" adapterTypeName="Microsoft.VisualStudio.TestTools.TestTypes.Unit.UnitTestAdapter" className="MS.VS.Services.Commerce.L0.Tests.JobTests.MeterResetJobExtensionTests" name="MeterResetJob_SendBillingEventsToAzure_FreeTierSubscription" />
    </UnitTest>
    <UnitTest name="MeterResetJob_Run_PaidAccountWithLicenses_RunningOnFirst" storage="d:\v2.0\a1\_work\dbded102\bin\release.anycpu\sps.service\ms.vs.services.commerce.l0.tests\ms.vs.services.commerce.l0.tests.dll" priority="1" id="6d5e98f8-fb51-06b0-7b05-bcac8a34de34">
      <Owners>
        <Owner name="vsc" />
      </Owners>
      <Execution id="fd951d64-3fe6-423f-a931-f4fbec83de7d" />
      <TestMethod codeBase="D:\v2.0\A1\_work\dbded102\bin\Release.AnyCPU\Sps.Service\MS.VS.Services.Commerce.L0.Tests\MS.VS.Services.Commerce.L0.Tests.dll" adapterTypeName="Microsoft.VisualStudio.TestTools.TestTypes.Unit.UnitTestAdapter" className="MS.VS.Services.Commerce.L0.Tests.JobTests.MeterResetJobExtensionTests" name="MeterResetJob_Run_PaidAccountWithLicenses_RunningOnFirst" />
    </UnitTest>
    <UnitTest name="MeterResetJob_Run_FreeAccountWithLicenses_RunningOnFirst" storage="d:\v2.0\a1\_work\dbded102\bin\release.anycpu\sps.service\ms.vs.services.commerce.l0.tests\ms.vs.services.commerce.l0.tests.dll" priority="1" id="cc6785f3-c963-bf21-6bf1-21a75f124d44">
      <Owners>
        <Owner name="vsc" />
      </Owners>
      <Execution id="a49c0061-e59f-4f57-a167-3f9943703b98" />
      <TestMethod codeBase="D:\v2.0\A1\_work\dbded102\bin\Release.AnyCPU\Sps.Service\MS.VS.Services.Commerce.L0.Tests\MS.VS.Services.Commerce.L0.Tests.dll" adapterTypeName="Microsoft.VisualStudio.TestTools.TestTypes.Unit.UnitTestAdapter" className="MS.VS.Services.Commerce.L0.Tests.JobTests.MeterResetJobExtensionTests" name="MeterResetJob_Run_FreeAccountWithLicenses_RunningOnFirst" />
    </UnitTest>
    <UnitTest name="MeterResetJob_Run_AccountNoLicenses_RunningOnFirst" storage="d:\v2.0\a1\_work\dbded102\bin\release.anycpu\sps.service\ms.vs.services.commerce.l0.tests\ms.vs.services.commerce.l0.tests.dll" priority="1" id="5df6a401-f668-0050-b293-96faed6ff1b2">
      <Owners>
        <Owner name="vsc" />
      </Owners>
      <Execution id="a48c2af5-32a9-43ed-846a-c92b01e1068e" />
      <TestMethod codeBase="D:\v2.0\A1\_work\dbded102\bin\Release.AnyCPU\Sps.Service\MS.VS.Services.Commerce.L0.Tests\MS.VS.Services.Commerce.L0.Tests.dll" adapterTypeName="Microsoft.VisualStudio.TestTools.TestTypes.Unit.UnitTestAdapter" className="MS.VS.Services.Commerce.L0.Tests.JobTests.MeterResetJobExtensionTests" name="MeterResetJob_Run_AccountNoLicenses_RunningOnFirst" />
    </UnitTest>
    <UnitTest name="MeterResetJob_Run_AccountWithLicenses_NotRunningOnFirst" storage="d:\v2.0\a1\_work\dbded102\bin\release.anycpu\sps.service\ms.vs.services.commerce.l0.tests\ms.vs.services.commerce.l0.tests.dll" priority="1" id="01e7b061-ffbd-73fc-0ccb-813af7563b1c">
      <Owners>
        <Owner name="vsc" />
      </Owners>
      <Execution id="322d210b-57b3-402f-bda0-62961c7badf2" />
      <TestMethod codeBase="D:\v2.0\A1\_work\dbded102\bin\Release.AnyCPU\Sps.Service\MS.VS.Services.Commerce.L0.Tests\MS.VS.Services.Commerce.L0.Tests.dll" adapterTypeName="Microsoft.VisualStudio.TestTools.TestTypes.Unit.UnitTestAdapter" className="MS.VS.Services.Commerce.L0.Tests.JobTests.MeterResetJobExtensionTests" name="MeterResetJob_Run_AccountWithLicenses_NotRunningOnFirst" />
    </UnitTest>
    <UnitTest name="MeterResetJob_Run_AccountNoLicenses_NotRunningOnFirst" storage="d:\v2.0\a1\_work\dbded102\bin\release.anycpu\sps.service\ms.vs.services.commerce.l0.tests\ms.vs.services.commerce.l0.tests.dll" priority="1" id="f1b9e1ee-a905-cd41-994f-cfea9699ebc9">
      <Owners>
        <Owner name="vsc" />
      </Owners>
      <Execution id="1fab42f0-140c-49a0-b5db-03c1cd2d4e5f" />
      <TestMethod codeBase="D:\v2.0\A1\_work\dbded102\bin\Release.AnyCPU\Sps.Service\MS.VS.Services.Commerce.L0.Tests\MS.VS.Services.Commerce.L0.Tests.dll" adapterTypeName="Microsoft.VisualStudio.TestTools.TestTypes.Unit.UnitTestAdapter" className="MS.VS.Services.Commerce.L0.Tests.JobTests.MeterResetJobExtensionTests" name="MeterResetJob_Run_AccountNoLicenses_NotRunningOnFirst" />
    </UnitTest>
    <UnitTest name="TryGet_throws_argumentnull_when_request_context_isnull" storage="d:\v2.0\a1\_work\dbded102\bin\release.anycpu\sps.service\ms.vs.services.commerce.l0.tests\ms.vs.services.commerce.l0.tests.dll" id="19f4c03e-a52e-4a3d-a289-ee96bbdc4573">
      <Execution id="cc6c3800-6a23-49c7-8190-2f91311bd1a6" />
      <TestMethod codeBase="D:\v2.0\A1\_work\dbded102\bin\Release.AnyCPU\Sps.Service\MS.VS.Services.Commerce.L0.Tests\MS.VS.Services.Commerce.L0.Tests.dll" adapterTypeName="Microsoft.VisualStudio.TestTools.TestTypes.Unit.UnitTestAdapter" className="MS.VS.Services.Commerce.L0.Tests.Common.CommerceCacheTests" name="TryGet_throws_argumentnull_when_request_context_isnull" />
    </UnitTest>
    <UnitTest name="TryGet_throws_argumentnull_when_key_isnull" storage="d:\v2.0\a1\_work\dbded102\bin\release.anycpu\sps.service\ms.vs.services.commerce.l0.tests\ms.vs.services.commerce.l0.tests.dll" id="95e22259-9b99-59d0-36be-571f481c14c3">
      <Execution id="67593c15-db1b-4043-9fa3-07ce753ced1e" />
      <TestMethod codeBase="D:\v2.0\A1\_work\dbded102\bin\Release.AnyCPU\Sps.Service\MS.VS.Services.Commerce.L0.Tests\MS.VS.Services.Commerce.L0.Tests.dll" adapterTypeName="Microsoft.VisualStudio.TestTools.TestTypes.Unit.UnitTestAdapter" className="MS.VS.Services.Commerce.L0.Tests.Common.CommerceCacheTests" name="TryGet_throws_argumentnull_when_key_isnull" />
    </UnitTest>
    <UnitTest name="TryGet_returns_false_when_redis_is_disabled" storage="d:\v2.0\a1\_work\dbded102\bin\release.anycpu\sps.service\ms.vs.services.commerce.l0.tests\ms.vs.services.commerce.l0.tests.dll" id="b45b9b30-d54a-f4fb-d5f3-e088ca2399a5">
      <Execution id="a57f980a-1999-4e48-85f7-65ce7afa6ce3" />
      <TestMethod codeBase="D:\v2.0\A1\_work\dbded102\bin\Release.AnyCPU\Sps.Service\MS.VS.Services.Commerce.L0.Tests\MS.VS.Services.Commerce.L0.Tests.dll" adapterTypeName="Microsoft.VisualStudio.TestTools.TestTypes.Unit.UnitTestAdapter" className="MS.VS.Services.Commerce.L0.Tests.Common.CommerceCacheTests" name="TryGet_returns_false_when_redis_is_disabled" />
    </UnitTest>
    <UnitTest name="TryGet_returns_false_when_commercecache_is_disabled" storage="d:\v2.0\a1\_work\dbded102\bin\release.anycpu\sps.service\ms.vs.services.commerce.l0.tests\ms.vs.services.commerce.l0.tests.dll" id="21e0230b-02ca-6a51-abf5-0294d2c2dc1a">
      <Execution id="d92803a8-c86e-45b3-8eca-dc929d3dd5fe" />
      <TestMethod codeBase="D:\v2.0\A1\_work\dbded102\bin\Release.AnyCPU\Sps.Service\MS.VS.Services.Commerce.L0.Tests\MS.VS.Services.Commerce.L0.Tests.dll" adapterTypeName="Microsoft.VisualStudio.TestTools.TestTypes.Unit.UnitTestAdapter" className="MS.VS.Services.Commerce.L0.Tests.Common.CommerceCacheTests" name="TryGet_returns_false_when_commercecache_is_disabled" />
    </UnitTest>
    <UnitTest name="TryGet_should_get_cacheitem_from_redis" storage="d:\v2.0\a1\_work\dbded102\bin\release.anycpu\sps.service\ms.vs.services.commerce.l0.tests\ms.vs.services.commerce.l0.tests.dll" id="6d6a1d8f-a70e-78d4-e945-bc4cb4555e19">
      <Execution id="28f945e7-82d6-4fac-ba19-9b96f95edfa7" />
      <TestMethod codeBase="D:\v2.0\A1\_work\dbded102\bin\Release.AnyCPU\Sps.Service\MS.VS.Services.Commerce.L0.Tests\MS.VS.Services.Commerce.L0.Tests.dll" adapterTypeName="Microsoft.VisualStudio.TestTools.TestTypes.Unit.UnitTestAdapter" className="MS.VS.Services.Commerce.L0.Tests.Common.CommerceCacheTests" name="TryGet_should_get_cacheitem_from_redis" />
    </UnitTest>
    <UnitTest name="TryGet_should_miss_cache_from_redis" storage="d:\v2.0\a1\_work\dbded102\bin\release.anycpu\sps.service\ms.vs.services.commerce.l0.tests\ms.vs.services.commerce.l0.tests.dll" id="09caa532-26f2-e42b-454f-ab8551acb4c5">
      <Execution id="7a5331c9-2cd0-4d60-80ad-222db63bfe41" />
      <TestMethod codeBase="D:\v2.0\A1\_work\dbded102\bin\Release.AnyCPU\Sps.Service\MS.VS.Services.Commerce.L0.Tests\MS.VS.Services.Commerce.L0.Tests.dll" adapterTypeName="Microsoft.VisualStudio.TestTools.TestTypes.Unit.UnitTestAdapter" className="MS.VS.Services.Commerce.L0.Tests.Common.CommerceCacheTests" name="TryGet_should_miss_cache_from_redis" />
    </UnitTest>
    <UnitTest name="TrySet_throws_argumentnull_when_request_context_isnull" storage="d:\v2.0\a1\_work\dbded102\bin\release.anycpu\sps.service\ms.vs.services.commerce.l0.tests\ms.vs.services.commerce.l0.tests.dll" id="be1e587c-1e19-3abf-4f81-34c4ec134584">
      <Execution id="252029fa-0c9d-4006-a7f1-b92885152431" />
      <TestMethod codeBase="D:\v2.0\A1\_work\dbded102\bin\Release.AnyCPU\Sps.Service\MS.VS.Services.Commerce.L0.Tests\MS.VS.Services.Commerce.L0.Tests.dll" adapterTypeName="Microsoft.VisualStudio.TestTools.TestTypes.Unit.UnitTestAdapter" className="MS.VS.Services.Commerce.L0.Tests.Common.CommerceCacheTests" name="TrySet_throws_argumentnull_when_request_context_isnull" />
    </UnitTest>
    <UnitTest name="TrySet_throws_argumentnull_when_key_isnull" storage="d:\v2.0\a1\_work\dbded102\bin\release.anycpu\sps.service\ms.vs.services.commerce.l0.tests\ms.vs.services.commerce.l0.tests.dll" id="03c4b6fc-0bc3-094e-813a-a1bfef35cacb">
      <Execution id="5dd63882-5caa-40e7-b7f7-d5f214fc9d98" />
      <TestMethod codeBase="D:\v2.0\A1\_work\dbded102\bin\Release.AnyCPU\Sps.Service\MS.VS.Services.Commerce.L0.Tests\MS.VS.Services.Commerce.L0.Tests.dll" adapterTypeName="Microsoft.VisualStudio.TestTools.TestTypes.Unit.UnitTestAdapter" className="MS.VS.Services.Commerce.L0.Tests.Common.CommerceCacheTests" name="TrySet_throws_argumentnull_when_key_isnull" />
    </UnitTest>
    <UnitTest name="TrySet_returns_false_when_redis_is_disabled" storage="d:\v2.0\a1\_work\dbded102\bin\release.anycpu\sps.service\ms.vs.services.commerce.l0.tests\ms.vs.services.commerce.l0.tests.dll" id="b788e648-af20-ebc4-6743-d63e85496f7c">
      <Execution id="c54ad40b-f276-4d46-a226-c5c3d5bc1ce8" />
      <TestMethod codeBase="D:\v2.0\A1\_work\dbded102\bin\Release.AnyCPU\Sps.Service\MS.VS.Services.Commerce.L0.Tests\MS.VS.Services.Commerce.L0.Tests.dll" adapterTypeName="Microsoft.VisualStudio.TestTools.TestTypes.Unit.UnitTestAdapter" className="MS.VS.Services.Commerce.L0.Tests.Common.CommerceCacheTests" name="TrySet_returns_false_when_redis_is_disabled" />
    </UnitTest>
    <UnitTest name="TrySet_returns_false_when_commercecache_is_disabled" storage="d:\v2.0\a1\_work\dbded102\bin\release.anycpu\sps.service\ms.vs.services.commerce.l0.tests\ms.vs.services.commerce.l0.tests.dll" id="4efc71fb-51fa-78b1-1603-6ae3b2875b9f">
      <Execution id="692e32a5-bace-4827-aae2-10e695ce0f1a" />
      <TestMethod codeBase="D:\v2.0\A1\_work\dbded102\bin\Release.AnyCPU\Sps.Service\MS.VS.Services.Commerce.L0.Tests\MS.VS.Services.Commerce.L0.Tests.dll" adapterTypeName="Microsoft.VisualStudio.TestTools.TestTypes.Unit.UnitTestAdapter" className="MS.VS.Services.Commerce.L0.Tests.Common.CommerceCacheTests" name="TrySet_returns_false_when_commercecache_is_disabled" />
    </UnitTest>
    <UnitTest name="TrySet_should_set_cacheitem_in_redis" storage="d:\v2.0\a1\_work\dbded102\bin\release.anycpu\sps.service\ms.vs.services.commerce.l0.tests\ms.vs.services.commerce.l0.tests.dll" id="6d62e9cd-a3ab-baba-f25a-6702661ec821">
      <Execution id="0d1ac475-988c-4468-8bcf-e8cb3f33fe51" />
      <TestMethod codeBase="D:\v2.0\A1\_work\dbded102\bin\Release.AnyCPU\Sps.Service\MS.VS.Services.Commerce.L0.Tests\MS.VS.Services.Commerce.L0.Tests.dll" adapterTypeName="Microsoft.VisualStudio.TestTools.TestTypes.Unit.UnitTestAdapter" className="MS.VS.Services.Commerce.L0.Tests.Common.CommerceCacheTests" name="TrySet_should_set_cacheitem_in_redis" />
    </UnitTest>
    <UnitTest name="Invalidate_throws_argumentnull_when_request_context_isnull" storage="d:\v2.0\a1\_work\dbded102\bin\release.anycpu\sps.service\ms.vs.services.commerce.l0.tests\ms.vs.services.commerce.l0.tests.dll" id="3a0c2b49-64e7-e45b-d824-d2f61cd1d938">
      <Execution id="de825d9c-0431-48dd-b660-11356abe8ab3" />
      <TestMethod codeBase="D:\v2.0\A1\_work\dbded102\bin\Release.AnyCPU\Sps.Service\MS.VS.Services.Commerce.L0.Tests\MS.VS.Services.Commerce.L0.Tests.dll" adapterTypeName="Microsoft.VisualStudio.TestTools.TestTypes.Unit.UnitTestAdapter" className="MS.VS.Services.Commerce.L0.Tests.Common.CommerceCacheTests" name="Invalidate_throws_argumentnull_when_request_context_isnull" />
    </UnitTest>
    <UnitTest name="Invalidate_throws_argumentnull_when_key_isnull" storage="d:\v2.0\a1\_work\dbded102\bin\release.anycpu\sps.service\ms.vs.services.commerce.l0.tests\ms.vs.services.commerce.l0.tests.dll" id="56024ef0-78fe-9ea3-2b40-7193d6d6f3f6">
      <Execution id="7194920c-cc05-4468-bc35-f469bd43b0e7" />
      <TestMethod codeBase="D:\v2.0\A1\_work\dbded102\bin\Release.AnyCPU\Sps.Service\MS.VS.Services.Commerce.L0.Tests\MS.VS.Services.Commerce.L0.Tests.dll" adapterTypeName="Microsoft.VisualStudio.TestTools.TestTypes.Unit.UnitTestAdapter" className="MS.VS.Services.Commerce.L0.Tests.Common.CommerceCacheTests" name="Invalidate_throws_argumentnull_when_key_isnull" />
    </UnitTest>
    <UnitTest name="Invalidate_returns_false_when_redis_is_disabled" storage="d:\v2.0\a1\_work\dbded102\bin\release.anycpu\sps.service\ms.vs.services.commerce.l0.tests\ms.vs.services.commerce.l0.tests.dll" id="658a7383-2992-2ecf-14af-7ffe0c8026b2">
      <Execution id="1e996b48-432f-427c-89d4-2f1e462166dd" />
      <TestMethod codeBase="D:\v2.0\A1\_work\dbded102\bin\Release.AnyCPU\Sps.Service\MS.VS.Services.Commerce.L0.Tests\MS.VS.Services.Commerce.L0.Tests.dll" adapterTypeName="Microsoft.VisualStudio.TestTools.TestTypes.Unit.UnitTestAdapter" className="MS.VS.Services.Commerce.L0.Tests.Common.CommerceCacheTests" name="Invalidate_returns_false_when_redis_is_disabled" />
    </UnitTest>
    <UnitTest name="Invalidate_returns_false_when_commercecache_is_disabled" storage="d:\v2.0\a1\_work\dbded102\bin\release.anycpu\sps.service\ms.vs.services.commerce.l0.tests\ms.vs.services.commerce.l0.tests.dll" id="e3506daf-368c-2f4b-3297-b01bf105a1d6">
      <Execution id="4cb14f49-22c1-4884-b188-8faaa1fba001" />
      <TestMethod codeBase="D:\v2.0\A1\_work\dbded102\bin\Release.AnyCPU\Sps.Service\MS.VS.Services.Commerce.L0.Tests\MS.VS.Services.Commerce.L0.Tests.dll" adapterTypeName="Microsoft.VisualStudio.TestTools.TestTypes.Unit.UnitTestAdapter" className="MS.VS.Services.Commerce.L0.Tests.Common.CommerceCacheTests" name="Invalidate_returns_false_when_commercecache_is_disabled" />
    </UnitTest>
    <UnitTest name="Invalidate_should_set_cacheitem_in_redis" storage="d:\v2.0\a1\_work\dbded102\bin\release.anycpu\sps.service\ms.vs.services.commerce.l0.tests\ms.vs.services.commerce.l0.tests.dll" id="17b9d04c-a2b2-7f4c-d00c-c91f7910196b">
      <Execution id="210c14b5-f881-47e8-9970-1e453c4123a9" />
      <TestMethod codeBase="D:\v2.0\A1\_work\dbded102\bin\Release.AnyCPU\Sps.Service\MS.VS.Services.Commerce.L0.Tests\MS.VS.Services.Commerce.L0.Tests.dll" adapterTypeName="Microsoft.VisualStudio.TestTools.TestTypes.Unit.UnitTestAdapter" className="MS.VS.Services.Commerce.L0.Tests.Common.CommerceCacheTests" name="Invalidate_should_set_cacheitem_in_redis" />
    </UnitTest>
    <UnitTest name="AzureResourceAccount_Constructor" storage="d:\v2.0\a1\_work\dbded102\bin\release.anycpu\sps.service\ms.vs.services.commerce.l0.tests\ms.vs.services.commerce.l0.tests.dll" priority="1" id="75adc562-6c3e-c3a8-fe2c-5f0a90501b36">
      <Owners>
        <Owner name="vsc" />
      </Owners>
      <Execution id="667e8ab7-481a-48c1-8c77-189d4318ec71" />
      <TestMethod codeBase="D:\v2.0\A1\_work\dbded102\bin\Release.AnyCPU\Sps.Service\MS.VS.Services.Commerce.L0.Tests\MS.VS.Services.Commerce.L0.Tests.dll" adapterTypeName="Microsoft.VisualStudio.TestTools.TestTypes.Unit.UnitTestAdapter" className="MS.VS.Services.Commerce.L0.Tests.Common.AzureResourceAccountTests" name="AzureResourceAccount_Constructor" />
    </UnitTest>
    <UnitTest name="AzureSubscription_ContrcutorTest" storage="d:\v2.0\a1\_work\dbded102\bin\release.anycpu\sps.service\ms.vs.services.commerce.l0.tests\ms.vs.services.commerce.l0.tests.dll" priority="1" id="074a2641-a169-b249-5b9a-c1e0fb1ec78b">
      <Owners>
        <Owner name="vsc" />
      </Owners>
      <Execution id="54a323d3-1d40-4759-8d56-6d577fb891fd" />
      <TestMethod codeBase="D:\v2.0\A1\_work\dbded102\bin\Release.AnyCPU\Sps.Service\MS.VS.Services.Commerce.L0.Tests\MS.VS.Services.Commerce.L0.Tests.dll" adapterTypeName="Microsoft.VisualStudio.TestTools.TestTypes.Unit.UnitTestAdapter" className="MS.VS.Services.Commerce.L0.Tests.Common.AzureSubscriptionTests" name="AzureSubscription_ContrcutorTest" />
    </UnitTest>
    <UnitTest name="AzureSubscriptionDoesNotExistExceptionCtorTest" storage="d:\v2.0\a1\_work\dbded102\bin\release.anycpu\sps.service\ms.vs.services.commerce.l0.tests\ms.vs.services.commerce.l0.tests.dll" priority="1" id="6e4e7939-41a8-e39d-c0b9-0c2d3c333db0">
      <Owners>
        <Owner name="vsc" />
      </Owners>
      <Execution id="f8451b89-7a5c-4cba-86db-929a3668673d" />
      <TestMethod codeBase="D:\v2.0\A1\_work\dbded102\bin\Release.AnyCPU\Sps.Service\MS.VS.Services.Commerce.L0.Tests\MS.VS.Services.Commerce.L0.Tests.dll" adapterTypeName="Microsoft.VisualStudio.TestTools.TestTypes.Unit.UnitTestAdapter" className="MS.VS.Services.Commerce.L0.Tests.Common.CommerceExceptionTests" name="AzureSubscriptionDoesNotExistExceptionCtorTest" />
    </UnitTest>
    <UnitTest name="AzureSubscriptionNotLinkedToAccountExceptionCtorTest" storage="d:\v2.0\a1\_work\dbded102\bin\release.anycpu\sps.service\ms.vs.services.commerce.l0.tests\ms.vs.services.commerce.l0.tests.dll" priority="1" id="c141825f-4012-76c4-d28f-84edfa2d5ed4">
      <Owners>
        <Owner name="vsc" />
      </Owners>
      <Execution id="1bf39f4b-229e-4b48-b35b-2f492ef7f120" />
      <TestMethod codeBase="D:\v2.0\A1\_work\dbded102\bin\Release.AnyCPU\Sps.Service\MS.VS.Services.Commerce.L0.Tests\MS.VS.Services.Commerce.L0.Tests.dll" adapterTypeName="Microsoft.VisualStudio.TestTools.TestTypes.Unit.UnitTestAdapter" className="MS.VS.Services.Commerce.L0.Tests.Common.CommerceExceptionTests" name="AzureSubscriptionNotLinkedToAccountExceptionCtorTest" />
    </UnitTest>
    <UnitTest name="UserContextNullReferenceExceptionCtorTest" storage="d:\v2.0\a1\_work\dbded102\bin\release.anycpu\sps.service\ms.vs.services.commerce.l0.tests\ms.vs.services.commerce.l0.tests.dll" priority="1" id="ac89852b-1d38-dc8f-dbf8-4001bdcf752b">
      <Owners>
        <Owner name="vsc" />
      </Owners>
      <Execution id="c7568117-acbb-462a-80d1-77d2ae8b004b" />
      <TestMethod codeBase="D:\v2.0\A1\_work\dbded102\bin\Release.AnyCPU\Sps.Service\MS.VS.Services.Commerce.L0.Tests\MS.VS.Services.Commerce.L0.Tests.dll" adapterTypeName="Microsoft.VisualStudio.TestTools.TestTypes.Unit.UnitTestAdapter" className="MS.VS.Services.Commerce.L0.Tests.Common.CommerceExceptionTests" name="UserContextNullReferenceExceptionCtorTest" />
    </UnitTest>
    <UnitTest name="AzureResourceAccountDoesNotExistExceptionCtorTest" storage="d:\v2.0\a1\_work\dbded102\bin\release.anycpu\sps.service\ms.vs.services.commerce.l0.tests\ms.vs.services.commerce.l0.tests.dll" priority="1" id="55e132e1-5028-60a9-9acc-5e25938ef2fc">
      <Owners>
        <Owner name="vsc" />
      </Owners>
      <Execution id="0cd00fde-dc83-4641-aaeb-a3a27e888b38" />
      <TestMethod codeBase="D:\v2.0\A1\_work\dbded102\bin\Release.AnyCPU\Sps.Service\MS.VS.Services.Commerce.L0.Tests\MS.VS.Services.Commerce.L0.Tests.dll" adapterTypeName="Microsoft.VisualStudio.TestTools.TestTypes.Unit.UnitTestAdapter" className="MS.VS.Services.Commerce.L0.Tests.Common.CommerceExceptionTests" name="AzureResourceAccountDoesNotExistExceptionCtorTest" />
    </UnitTest>
    <UnitTest name="AzureResourceAccountMissingExceptionCtorTest" storage="d:\v2.0\a1\_work\dbded102\bin\release.anycpu\sps.service\ms.vs.services.commerce.l0.tests\ms.vs.services.commerce.l0.tests.dll" priority="1" id="33028fb9-1d87-1a43-83ff-2a6b5585469c">
      <Owners>
        <Owner name="vsc" />
      </Owners>
      <Execution id="c18329cc-e1e2-4001-938a-406d9a3a9932" />
      <TestMethod codeBase="D:\v2.0\A1\_work\dbded102\bin\Release.AnyCPU\Sps.Service\MS.VS.Services.Commerce.L0.Tests\MS.VS.Services.Commerce.L0.Tests.dll" adapterTypeName="Microsoft.VisualStudio.TestTools.TestTypes.Unit.UnitTestAdapter" className="MS.VS.Services.Commerce.L0.Tests.Common.CommerceExceptionTests" name="AzureResourceAccountMissingExceptionCtorTest" />
    </UnitTest>
    <UnitTest name="AccountAlreadyLinkedExceptionCtorTest" storage="d:\v2.0\a1\_work\dbded102\bin\release.anycpu\sps.service\ms.vs.services.commerce.l0.tests\ms.vs.services.commerce.l0.tests.dll" priority="1" id="dee8a70d-a195-fd36-836a-f26cf61939f5">
      <Owners>
        <Owner name="vsc" />
      </Owners>
      <Execution id="fd3919e2-f3af-4d8a-96c4-ccdee3476375" />
      <TestMethod codeBase="D:\v2.0\A1\_work\dbded102\bin\Release.AnyCPU\Sps.Service\MS.VS.Services.Commerce.L0.Tests\MS.VS.Services.Commerce.L0.Tests.dll" adapterTypeName="Microsoft.VisualStudio.TestTools.TestTypes.Unit.UnitTestAdapter" className="MS.VS.Services.Commerce.L0.Tests.Common.CommerceExceptionTests" name="AccountAlreadyLinkedExceptionCtorTest" />
    </UnitTest>
    <UnitTest name="AzureSubscriptionDisabledExceptionCtorTest" storage="d:\v2.0\a1\_work\dbded102\bin\release.anycpu\sps.service\ms.vs.services.commerce.l0.tests\ms.vs.services.commerce.l0.tests.dll" priority="1" id="e5b71c35-5146-37a2-0fcf-504ae9f36a5b">
      <Owners>
        <Owner name="vsc" />
      </Owners>
      <Execution id="3aeba54e-ad30-4abe-acb0-cbae69bc845d" />
      <TestMethod codeBase="D:\v2.0\A1\_work\dbded102\bin\Release.AnyCPU\Sps.Service\MS.VS.Services.Commerce.L0.Tests\MS.VS.Services.Commerce.L0.Tests.dll" adapterTypeName="Microsoft.VisualStudio.TestTools.TestTypes.Unit.UnitTestAdapter" className="MS.VS.Services.Commerce.L0.Tests.Common.CommerceExceptionTests" name="AzureSubscriptionDisabledExceptionCtorTest" />
    </UnitTest>
    <UnitTest name="UserIsNotAccountOwnerExceptionCtorTest" storage="d:\v2.0\a1\_work\dbded102\bin\release.anycpu\sps.service\ms.vs.services.commerce.l0.tests\ms.vs.services.commerce.l0.tests.dll" priority="1" id="a3d8e17a-a64e-08f1-a05f-b5f78901f4bd">
      <Owners>
        <Owner name="vsc" />
      </Owners>
      <Execution id="0f2eb299-81ae-4619-b9b1-f2b8d3c799e6" />
      <TestMethod codeBase="D:\v2.0\A1\_work\dbded102\bin\Release.AnyCPU\Sps.Service\MS.VS.Services.Commerce.L0.Tests\MS.VS.Services.Commerce.L0.Tests.dll" adapterTypeName="Microsoft.VisualStudio.TestTools.TestTypes.Unit.UnitTestAdapter" className="MS.VS.Services.Commerce.L0.Tests.Common.CommerceExceptionTests" name="UserIsNotAccountOwnerExceptionCtorTest" />
    </UnitTest>
    <UnitTest name="AccountServiceFailureExceptionCtorTest" storage="d:\v2.0\a1\_work\dbded102\bin\release.anycpu\sps.service\ms.vs.services.commerce.l0.tests\ms.vs.services.commerce.l0.tests.dll" priority="1" id="b7640aba-c319-bbf1-98fb-fd0082a47c0f">
      <Owners>
        <Owner name="vsc" />
      </Owners>
      <Execution id="4f3efc04-dbf1-4338-97e7-b2765d468315" />
      <TestMethod codeBase="D:\v2.0\A1\_work\dbded102\bin\Release.AnyCPU\Sps.Service\MS.VS.Services.Commerce.L0.Tests\MS.VS.Services.Commerce.L0.Tests.dll" adapterTypeName="Microsoft.VisualStudio.TestTools.TestTypes.Unit.UnitTestAdapter" className="MS.VS.Services.Commerce.L0.Tests.Common.CommerceExceptionTests" name="AccountServiceFailureExceptionCtorTest" />
    </UnitTest>
    <UnitTest name="AccountToBeCreatedAlreadyExistsExceptionCtorTest" storage="d:\v2.0\a1\_work\dbded102\bin\release.anycpu\sps.service\ms.vs.services.commerce.l0.tests\ms.vs.services.commerce.l0.tests.dll" priority="1" id="4c2024f6-a1f9-3d6d-6f76-00f9421ca46d">
      <Owners>
        <Owner name="vsc" />
      </Owners>
      <Execution id="2295dda3-7817-4f03-8212-53f22a0eef93" />
      <TestMethod codeBase="D:\v2.0\A1\_work\dbded102\bin\Release.AnyCPU\Sps.Service\MS.VS.Services.Commerce.L0.Tests\MS.VS.Services.Commerce.L0.Tests.dll" adapterTypeName="Microsoft.VisualStudio.TestTools.TestTypes.Unit.UnitTestAdapter" className="MS.VS.Services.Commerce.L0.Tests.Common.CommerceExceptionTests" name="AccountToBeCreatedAlreadyExistsExceptionCtorTest" />
    </UnitTest>
    <UnitTest name="CommerceFormatterLogger_LogErrorWithExceptionTest" storage="d:\v2.0\a1\_work\dbded102\bin\release.anycpu\sps.service\ms.vs.services.commerce.l0.tests\ms.vs.services.commerce.l0.tests.dll" priority="1" id="548bfdf0-f152-8168-e3b3-bbc5db0bbb62">
      <Owners>
        <Owner name="vsc" />
      </Owners>
      <Execution id="291d2d26-8f0e-4939-9acb-a29e7340ff81" />
      <TestMethod codeBase="D:\v2.0\A1\_work\dbded102\bin\Release.AnyCPU\Sps.Service\MS.VS.Services.Commerce.L0.Tests\MS.VS.Services.Commerce.L0.Tests.dll" adapterTypeName="Microsoft.VisualStudio.TestTools.TestTypes.Unit.UnitTestAdapter" className="MS.VS.Services.Commerce.L0.Tests.Common.CommerceFormatterLoggerTests" name="CommerceFormatterLogger_LogErrorWithExceptionTest" />
    </UnitTest>
    <UnitTest name="CommerceFormatterLogger_LogErrorWithMessageTest" storage="d:\v2.0\a1\_work\dbded102\bin\release.anycpu\sps.service\ms.vs.services.commerce.l0.tests\ms.vs.services.commerce.l0.tests.dll" priority="1" id="4b6cdde0-ce6a-4a75-bbeb-1c14b9e793c8">
      <Owners>
        <Owner name="vsc" />
      </Owners>
      <Execution id="55cf079d-a614-44e7-9017-8aef21368f1e" />
      <TestMethod codeBase="D:\v2.0\A1\_work\dbded102\bin\Release.AnyCPU\Sps.Service\MS.VS.Services.Commerce.L0.Tests\MS.VS.Services.Commerce.L0.Tests.dll" adapterTypeName="Microsoft.VisualStudio.TestTools.TestTypes.Unit.UnitTestAdapter" className="MS.VS.Services.Commerce.L0.Tests.Common.CommerceFormatterLoggerTests" name="CommerceFormatterLogger_LogErrorWithMessageTest" />
    </UnitTest>
    <UnitTest name="FilterAttributeHelper_GetHeadersAsStringTest" storage="d:\v2.0\a1\_work\dbded102\bin\release.anycpu\sps.service\ms.vs.services.commerce.l0.tests\ms.vs.services.commerce.l0.tests.dll" priority="1" id="637babd6-ea5e-3905-4048-abd2c0067ff6">
      <Owners>
        <Owner name="vsc" />
      </Owners>
      <Execution id="c5872daa-fead-4a6b-8bcd-2755b9a13873" />
      <TestMethod codeBase="D:\v2.0\A1\_work\dbded102\bin\Release.AnyCPU\Sps.Service\MS.VS.Services.Commerce.L0.Tests\MS.VS.Services.Commerce.L0.Tests.dll" adapterTypeName="Microsoft.VisualStudio.TestTools.TestTypes.Unit.UnitTestAdapter" className="MS.VS.Services.Commerce.L0.Tests.Common.FilterAttributeHelperTests" name="FilterAttributeHelper_GetHeadersAsStringTest" />
    </UnitTest>
    <UnitTest name="FilterAttributeHelper_GetHeadersAsStringEmptyContentTest" storage="d:\v2.0\a1\_work\dbded102\bin\release.anycpu\sps.service\ms.vs.services.commerce.l0.tests\ms.vs.services.commerce.l0.tests.dll" priority="1" id="15f97b7d-ee0c-f196-d537-0af3aae996a7">
      <Owners>
        <Owner name="vsc" />
      </Owners>
      <Execution id="921b6a30-9db2-45b7-8625-8421b5cb3726" />
      <TestMethod codeBase="D:\v2.0\A1\_work\dbded102\bin\Release.AnyCPU\Sps.Service\MS.VS.Services.Commerce.L0.Tests\MS.VS.Services.Commerce.L0.Tests.dll" adapterTypeName="Microsoft.VisualStudio.TestTools.TestTypes.Unit.UnitTestAdapter" className="MS.VS.Services.Commerce.L0.Tests.Common.FilterAttributeHelperTests" name="FilterAttributeHelper_GetHeadersAsStringEmptyContentTest" />
    </UnitTest>
    <UnitTest name="FilterAttributeHelper_GetResponseHeadersTest" storage="d:\v2.0\a1\_work\dbded102\bin\release.anycpu\sps.service\ms.vs.services.commerce.l0.tests\ms.vs.services.commerce.l0.tests.dll" priority="1" id="7904009c-4ad2-0e30-a546-cec4675386e9">
      <Owners>
        <Owner name="vsc" />
      </Owners>
      <Execution id="be167f8c-7d77-4419-a4b4-e7af654a38e3" />
      <TestMethod codeBase="D:\v2.0\A1\_work\dbded102\bin\Release.AnyCPU\Sps.Service\MS.VS.Services.Commerce.L0.Tests\MS.VS.Services.Commerce.L0.Tests.dll" adapterTypeName="Microsoft.VisualStudio.TestTools.TestTypes.Unit.UnitTestAdapter" className="MS.VS.Services.Commerce.L0.Tests.Common.FilterAttributeHelperTests" name="FilterAttributeHelper_GetResponseHeadersTest" />
    </UnitTest>
    <UnitTest name="FilterAttributeHelper_GetRequestHeadersTest" storage="d:\v2.0\a1\_work\dbded102\bin\release.anycpu\sps.service\ms.vs.services.commerce.l0.tests\ms.vs.services.commerce.l0.tests.dll" priority="1" id="96d89a37-3aed-e0d2-24ca-ae6588cd7280">
      <Owners>
        <Owner name="vsc" />
      </Owners>
      <Execution id="e4488a6e-e716-4e02-9c91-01f478765a48" />
      <TestMethod codeBase="D:\v2.0\A1\_work\dbded102\bin\Release.AnyCPU\Sps.Service\MS.VS.Services.Commerce.L0.Tests\MS.VS.Services.Commerce.L0.Tests.dll" adapterTypeName="Microsoft.VisualStudio.TestTools.TestTypes.Unit.UnitTestAdapter" className="MS.VS.Services.Commerce.L0.Tests.Common.FilterAttributeHelperTests" name="FilterAttributeHelper_GetRequestHeadersTest" />
    </UnitTest>
    <UnitTest name="FilterAttributeHelper_GetResponseHeadersResponseHeadersNullTest" storage="d:\v2.0\a1\_work\dbded102\bin\release.anycpu\sps.service\ms.vs.services.commerce.l0.tests\ms.vs.services.commerce.l0.tests.dll" priority="1" id="c9d0e2ab-c652-23a5-4eed-a39d19a9f56c">
      <Owners>
        <Owner name="vsc" />
      </Owners>
      <Execution id="b5377d99-6d45-4e67-9160-e617b0bf577c" />
      <TestMethod codeBase="D:\v2.0\A1\_work\dbded102\bin\Release.AnyCPU\Sps.Service\MS.VS.Services.Commerce.L0.Tests\MS.VS.Services.Commerce.L0.Tests.dll" adapterTypeName="Microsoft.VisualStudio.TestTools.TestTypes.Unit.UnitTestAdapter" className="MS.VS.Services.Commerce.L0.Tests.Common.FilterAttributeHelperTests" name="FilterAttributeHelper_GetResponseHeadersResponseHeadersNullTest" />
    </UnitTest>
    <UnitTest name="FilterAttributeHelper_GetActionContextControllerTest" storage="d:\v2.0\a1\_work\dbded102\bin\release.anycpu\sps.service\ms.vs.services.commerce.l0.tests\ms.vs.services.commerce.l0.tests.dll" priority="1" id="619647c0-9a9d-fa7b-f6f2-42bc2c395f61">
      <Owners>
        <Owner name="vsc" />
      </Owners>
      <Execution id="fcd07376-bb10-4f1d-bda7-fcc11917e3a9" />
      <TestMethod codeBase="D:\v2.0\A1\_work\dbded102\bin\Release.AnyCPU\Sps.Service\MS.VS.Services.Commerce.L0.Tests\MS.VS.Services.Commerce.L0.Tests.dll" adapterTypeName="Microsoft.VisualStudio.TestTools.TestTypes.Unit.UnitTestAdapter" className="MS.VS.Services.Commerce.L0.Tests.Common.FilterAttributeHelperTests" name="FilterAttributeHelper_GetActionContextControllerTest" />
    </UnitTest>
    <UnitTest name="FilterAttributeHelper_GetResponseContentResponseNullTest" storage="d:\v2.0\a1\_work\dbded102\bin\release.anycpu\sps.service\ms.vs.services.commerce.l0.tests\ms.vs.services.commerce.l0.tests.dll" priority="1" id="f7ee04f8-b3e2-ba4a-ea7a-9d3171821214">
      <Owners>
        <Owner name="vsc" />
      </Owners>
      <Execution id="37ce4181-7727-4efe-b1f5-edca083ec632" />
      <TestMethod codeBase="D:\v2.0\A1\_work\dbded102\bin\Release.AnyCPU\Sps.Service\MS.VS.Services.Commerce.L0.Tests\MS.VS.Services.Commerce.L0.Tests.dll" adapterTypeName="Microsoft.VisualStudio.TestTools.TestTypes.Unit.UnitTestAdapter" className="MS.VS.Services.Commerce.L0.Tests.Common.FilterAttributeHelperTests" name="FilterAttributeHelper_GetResponseContentResponseNullTest" />
    </UnitTest>
    <UnitTest name="FilterAttributeHelper_GetResponseContentResponseContentNullTest" storage="d:\v2.0\a1\_work\dbded102\bin\release.anycpu\sps.service\ms.vs.services.commerce.l0.tests\ms.vs.services.commerce.l0.tests.dll" priority="1" id="4db3e50b-7d6f-2d6c-94ac-113f23c21203">
      <Owners>
        <Owner name="vsc" />
      </Owners>
      <Execution id="088cfd00-4300-4061-8c29-8ebf60bba6b5" />
      <TestMethod codeBase="D:\v2.0\A1\_work\dbded102\bin\Release.AnyCPU\Sps.Service\MS.VS.Services.Commerce.L0.Tests\MS.VS.Services.Commerce.L0.Tests.dll" adapterTypeName="Microsoft.VisualStudio.TestTools.TestTypes.Unit.UnitTestAdapter" className="MS.VS.Services.Commerce.L0.Tests.Common.FilterAttributeHelperTests" name="FilterAttributeHelper_GetResponseContentResponseContentNullTest" />
    </UnitTest>
    <UnitTest name="FilterAttributeHelper_GetResponseContentTest" storage="d:\v2.0\a1\_work\dbded102\bin\release.anycpu\sps.service\ms.vs.services.commerce.l0.tests\ms.vs.services.commerce.l0.tests.dll" priority="1" id="4f01a021-9a46-d07c-823c-2abb2737ab96">
      <Owners>
        <Owner name="vsc" />
      </Owners>
      <Execution id="ee7ef6fa-61d6-485a-afea-dc6c8f1d513e" />
      <TestMethod codeBase="D:\v2.0\A1\_work\dbded102\bin\Release.AnyCPU\Sps.Service\MS.VS.Services.Commerce.L0.Tests\MS.VS.Services.Commerce.L0.Tests.dll" adapterTypeName="Microsoft.VisualStudio.TestTools.TestTypes.Unit.UnitTestAdapter" className="MS.VS.Services.Commerce.L0.Tests.Common.FilterAttributeHelperTests" name="FilterAttributeHelper_GetResponseContentTest" />
    </UnitTest>
    <UnitTest name="FilterAttributeHelper_GetRequestContentTest" storage="d:\v2.0\a1\_work\dbded102\bin\release.anycpu\sps.service\ms.vs.services.commerce.l0.tests\ms.vs.services.commerce.l0.tests.dll" priority="1" id="dedeb234-1613-365b-f1ad-fd6556847176">
      <Owners>
        <Owner name="vsc" />
      </Owners>
      <Execution id="e8f8911a-59a7-4494-a4c5-99164f8d75e2" />
      <TestMethod codeBase="D:\v2.0\A1\_work\dbded102\bin\Release.AnyCPU\Sps.Service\MS.VS.Services.Commerce.L0.Tests\MS.VS.Services.Commerce.L0.Tests.dll" adapterTypeName="Microsoft.VisualStudio.TestTools.TestTypes.Unit.UnitTestAdapter" className="MS.VS.Services.Commerce.L0.Tests.Common.FilterAttributeHelperTests" name="FilterAttributeHelper_GetRequestContentTest" />
    </UnitTest>
    <UnitTest name="FilterAttributeHelper_GetRequestContentEmptyTest" storage="d:\v2.0\a1\_work\dbded102\bin\release.anycpu\sps.service\ms.vs.services.commerce.l0.tests\ms.vs.services.commerce.l0.tests.dll" priority="1" id="93ed8553-180c-a248-39a7-30bda0c84e6d">
      <Owners>
        <Owner name="vsc" />
      </Owners>
      <Execution id="8bee3d6d-2692-4723-80be-429e73977ba3" />
      <TestMethod codeBase="D:\v2.0\A1\_work\dbded102\bin\Release.AnyCPU\Sps.Service\MS.VS.Services.Commerce.L0.Tests\MS.VS.Services.Commerce.L0.Tests.dll" adapterTypeName="Microsoft.VisualStudio.TestTools.TestTypes.Unit.UnitTestAdapter" className="MS.VS.Services.Commerce.L0.Tests.Common.FilterAttributeHelperTests" name="FilterAttributeHelper_GetRequestContentEmptyTest" />
    </UnitTest>
    <UnitTest name="FilterAttributeHelper_GetResponseHeadersResponseNullTest" storage="d:\v2.0\a1\_work\dbded102\bin\release.anycpu\sps.service\ms.vs.services.commerce.l0.tests\ms.vs.services.commerce.l0.tests.dll" priority="1" id="e85b6859-3500-705b-3241-3ecac734ddcf">
      <Owners>
        <Owner name="vsc" />
      </Owners>
      <Execution id="ca83a713-4436-4155-8a2e-aa5cb7726ae7" />
      <TestMethod codeBase="D:\v2.0\A1\_work\dbded102\bin\Release.AnyCPU\Sps.Service\MS.VS.Services.Commerce.L0.Tests\MS.VS.Services.Commerce.L0.Tests.dll" adapterTypeName="Microsoft.VisualStudio.TestTools.TestTypes.Unit.UnitTestAdapter" className="MS.VS.Services.Commerce.L0.Tests.Common.FilterAttributeHelperTests" name="FilterAttributeHelper_GetResponseHeadersResponseNullTest" />
    </UnitTest>
    <UnitTest name="FilterAttributeHelper_GetActionContextControllerFromExecutedContextTest" storage="d:\v2.0\a1\_work\dbded102\bin\release.anycpu\sps.service\ms.vs.services.commerce.l0.tests\ms.vs.services.commerce.l0.tests.dll" priority="1" id="e61b9598-f3f4-b15d-2ba4-71999f62b38e">
      <Owners>
        <Owner name="vsc" />
      </Owners>
      <Execution id="f86d6c5b-e0ff-416b-8155-91ef7f7147ec" />
      <TestMethod codeBase="D:\v2.0\A1\_work\dbded102\bin\Release.AnyCPU\Sps.Service\MS.VS.Services.Commerce.L0.Tests\MS.VS.Services.Commerce.L0.Tests.dll" adapterTypeName="Microsoft.VisualStudio.TestTools.TestTypes.Unit.UnitTestAdapter" className="MS.VS.Services.Commerce.L0.Tests.Common.FilterAttributeHelperTests" name="FilterAttributeHelper_GetActionContextControllerFromExecutedContextTest" />
    </UnitTest>
    <UnitTest name="AddCIEventWithStringNameValuePairs" storage="d:\v2.0\a1\_work\dbded102\bin\release.anycpu\sps.service\ms.vs.services.commerce.l0.tests\ms.vs.services.commerce.l0.tests.dll" priority="1" id="c4adfd84-3c91-4383-bcb1-e782364a2351">
      <Owners>
        <Owner name="vsc" />
      </Owners>
      <Execution id="47d566d9-11b5-4607-96b8-b47baf33bd15" />
      <TestMethod codeBase="D:\v2.0\A1\_work\dbded102\bin\Release.AnyCPU\Sps.Service\MS.VS.Services.Commerce.L0.Tests\MS.VS.Services.Commerce.L0.Tests.dll" adapterTypeName="Microsoft.VisualStudio.TestTools.TestTypes.Unit.UnitTestAdapter" className="MS.VS.Services.Commerce.L0.Tests.Common.CustomerIntelligenceHelperTests" name="AddCIEventWithStringNameValuePairs" />
    </UnitTest>
    <UnitTest name="ParallelUsageDataAggregator_AggregateUsageTwoResources" storage="d:\v2.0\a1\_work\dbded102\bin\release.anycpu\sps.service\ms.vs.services.commerce.l0.tests\ms.vs.services.commerce.l0.tests.dll" priority="1" id="9826d470-d793-1d98-d7bd-575977df8279">
      <Owners>
        <Owner name="vsc" />
      </Owners>
      <Execution id="ba1901e1-a37b-4771-96e1-fa8ee44ca3e5" />
      <TestMethod codeBase="D:\v2.0\A1\_work\dbded102\bin\Release.AnyCPU\Sps.Service\MS.VS.Services.Commerce.L0.Tests\MS.VS.Services.Commerce.L0.Tests.dll" adapterTypeName="Microsoft.VisualStudio.TestTools.TestTypes.Unit.UnitTestAdapter" className="MS.VS.Services.Commerce.L0.Tests.Common.ParallelUsageDataAggregatorTests" name="ParallelUsageDataAggregator_AggregateUsageTwoResources" />
    </UnitTest>
    <UnitTest name="ParallelUsageDataAggregator_AggregateExceptionTest" storage="d:\v2.0\a1\_work\dbded102\bin\release.anycpu\sps.service\ms.vs.services.commerce.l0.tests\ms.vs.services.commerce.l0.tests.dll" priority="1" id="591016b0-5a40-7f6d-6a71-7809bf64de51">
      <Owners>
        <Owner name="vsc" />
      </Owners>
      <Execution id="61e555d3-2599-4297-8f41-236d7cdaef8b" />
      <TestMethod codeBase="D:\v2.0\A1\_work\dbded102\bin\Release.AnyCPU\Sps.Service\MS.VS.Services.Commerce.L0.Tests\MS.VS.Services.Commerce.L0.Tests.dll" adapterTypeName="Microsoft.VisualStudio.TestTools.TestTypes.Unit.UnitTestAdapter" className="MS.VS.Services.Commerce.L0.Tests.Common.ParallelUsageDataAggregatorTests" name="ParallelUsageDataAggregator_AggregateExceptionTest" />
    </UnitTest>
    <UnitTest name="ParallelUsageDataAggregator_AggregateMultipleTimeSlices" storage="d:\v2.0\a1\_work\dbded102\bin\release.anycpu\sps.service\ms.vs.services.commerce.l0.tests\ms.vs.services.commerce.l0.tests.dll" priority="1" id="74559eb5-9699-a186-e905-ce60c0e8dfa0">
      <Owners>
        <Owner name="vsc" />
      </Owners>
      <Execution id="579bcee1-e2f7-40c7-8f33-44335e61dd3d" />
      <TestMethod codeBase="D:\v2.0\A1\_work\dbded102\bin\Release.AnyCPU\Sps.Service\MS.VS.Services.Commerce.L0.Tests\MS.VS.Services.Commerce.L0.Tests.dll" adapterTypeName="Microsoft.VisualStudio.TestTools.TestTypes.Unit.UnitTestAdapter" className="MS.VS.Services.Commerce.L0.Tests.Common.ParallelUsageDataAggregatorTests" name="ParallelUsageDataAggregator_AggregateMultipleTimeSlices" />
    </UnitTest>
    <UnitTest name="CheckForMissingContentTypeTest_ValidRequest" storage="d:\v2.0\a1\_work\dbded102\bin\release.anycpu\sps.service\ms.vs.services.commerce.l0.tests\ms.vs.services.commerce.l0.tests.dll" priority="1" id="56ae9f34-1804-f744-2d0e-25df2786c2c1">
      <Owners>
        <Owner name="vsc" />
      </Owners>
      <Execution id="9df2bed5-1de2-491c-a196-1f49e18ee5bb" />
      <TestMethod codeBase="D:\v2.0\A1\_work\dbded102\bin\Release.AnyCPU\Sps.Service\MS.VS.Services.Commerce.L0.Tests\MS.VS.Services.Commerce.L0.Tests.dll" adapterTypeName="Microsoft.VisualStudio.TestTools.TestTypes.Unit.UnitTestAdapter" className="MS.VS.Services.Commerce.L0.Tests.Common.CommerceValidatorsTests" name="CheckForMissingContentTypeTest_ValidRequest" />
    </UnitTest>
    <UnitTest name="CheckForMissingContentTypeTest_NoContentType" storage="d:\v2.0\a1\_work\dbded102\bin\release.anycpu\sps.service\ms.vs.services.commerce.l0.tests\ms.vs.services.commerce.l0.tests.dll" priority="1" id="14b1ae54-c1b2-fef1-17d2-a8268062fa1c">
      <Owners>
        <Owner name="vsc" />
      </Owners>
      <Execution id="071a0680-69ef-4210-aeb5-b8e8bc4c49e2" />
      <TestMethod codeBase="D:\v2.0\A1\_work\dbded102\bin\Release.AnyCPU\Sps.Service\MS.VS.Services.Commerce.L0.Tests\MS.VS.Services.Commerce.L0.Tests.dll" adapterTypeName="Microsoft.VisualStudio.TestTools.TestTypes.Unit.UnitTestAdapter" className="MS.VS.Services.Commerce.L0.Tests.Common.CommerceValidatorsTests" name="CheckForMissingContentTypeTest_NoContentType" />
    </UnitTest>
    <UnitTest name="CheckForMissingContentTypeTest_NoContent" storage="d:\v2.0\a1\_work\dbded102\bin\release.anycpu\sps.service\ms.vs.services.commerce.l0.tests\ms.vs.services.commerce.l0.tests.dll" priority="1" id="89f56a6f-b4b8-4570-2e93-049f82234805">
      <Owners>
        <Owner name="vsc" />
      </Owners>
      <Execution id="08ffb5b4-f66a-42c3-a9cf-c7eb71ca1778" />
      <TestMethod codeBase="D:\v2.0\A1\_work\dbded102\bin\Release.AnyCPU\Sps.Service\MS.VS.Services.Commerce.L0.Tests\MS.VS.Services.Commerce.L0.Tests.dll" adapterTypeName="Microsoft.VisualStudio.TestTools.TestTypes.Unit.UnitTestAdapter" className="MS.VS.Services.Commerce.L0.Tests.Common.CommerceValidatorsTests" name="CheckForMissingContentTypeTest_NoContent" />
    </UnitTest>
    <UnitTest name="CheckResourceTypeIsAccount_IsAccount" storage="d:\v2.0\a1\_work\dbded102\bin\release.anycpu\sps.service\ms.vs.services.commerce.l0.tests\ms.vs.services.commerce.l0.tests.dll" priority="1" id="9f294d49-4971-d70a-ebe8-64f4dc3d830c">
      <Owners>
        <Owner name="vsc" />
      </Owners>
      <Execution id="366cb6fd-1573-4e3c-8059-2a0dc3bc69ef" />
      <TestMethod codeBase="D:\v2.0\A1\_work\dbded102\bin\Release.AnyCPU\Sps.Service\MS.VS.Services.Commerce.L0.Tests\MS.VS.Services.Commerce.L0.Tests.dll" adapterTypeName="Microsoft.VisualStudio.TestTools.TestTypes.Unit.UnitTestAdapter" className="MS.VS.Services.Commerce.L0.Tests.Common.CommerceValidatorsTests" name="CheckResourceTypeIsAccount_IsAccount" />
    </UnitTest>
    <UnitTest name="CheckResourceTypeIsAccount_NoAccountFail" storage="d:\v2.0\a1\_work\dbded102\bin\release.anycpu\sps.service\ms.vs.services.commerce.l0.tests\ms.vs.services.commerce.l0.tests.dll" priority="1" id="23257223-a390-3f97-dc65-fa4d02e6c3a8">
      <Owners>
        <Owner name="vsc" />
      </Owners>
      <Execution id="f89a1189-9200-4cbc-981e-faa84668b7a1" />
      <TestMethod codeBase="D:\v2.0\A1\_work\dbded102\bin\Release.AnyCPU\Sps.Service\MS.VS.Services.Commerce.L0.Tests\MS.VS.Services.Commerce.L0.Tests.dll" adapterTypeName="Microsoft.VisualStudio.TestTools.TestTypes.Unit.UnitTestAdapter" className="MS.VS.Services.Commerce.L0.Tests.Common.CommerceValidatorsTests" name="CheckResourceTypeIsAccount_NoAccountFail" />
    </UnitTest>
    <UnitTest name="CheckResourceTypeIsAccount_NoAccountNoFail" storage="d:\v2.0\a1\_work\dbded102\bin\release.anycpu\sps.service\ms.vs.services.commerce.l0.tests\ms.vs.services.commerce.l0.tests.dll" priority="1" id="c53a8475-aa86-318a-7a34-19aafebf10f2">
      <Owners>
        <Owner name="vsc" />
      </Owners>
      <Execution id="4ace2d78-e44e-49f9-9ec0-854b32bf3924" />
      <TestMethod codeBase="D:\v2.0\A1\_work\dbded102\bin\Release.AnyCPU\Sps.Service\MS.VS.Services.Commerce.L0.Tests\MS.VS.Services.Commerce.L0.Tests.dll" adapterTypeName="Microsoft.VisualStudio.TestTools.TestTypes.Unit.UnitTestAdapter" className="MS.VS.Services.Commerce.L0.Tests.Common.CommerceValidatorsTests" name="CheckResourceTypeIsAccount_NoAccountNoFail" />
    </UnitTest>
    <UnitTest name="GetKpiArea_Increment" storage="d:\v2.0\a1\_work\dbded102\bin\release.anycpu\sps.service\ms.vs.services.commerce.l0.tests\ms.vs.services.commerce.l0.tests.dll" priority="1" id="4780daf3-869d-eb20-cb0f-73b9e8479072">
      <Owners>
        <Owner name="vsc" />
      </Owners>
      <Execution id="1dc98897-7f75-4b84-b7e7-b0c767217f2c" />
      <TestMethod codeBase="D:\v2.0\A1\_work\dbded102\bin\Release.AnyCPU\Sps.Service\MS.VS.Services.Commerce.L0.Tests\MS.VS.Services.Commerce.L0.Tests.dll" adapterTypeName="Microsoft.VisualStudio.TestTools.TestTypes.Unit.UnitTestAdapter" className="MS.VS.Services.Commerce.L0.Tests.Common.KpiHelperTests" name="GetKpiArea_Increment" />
    </UnitTest>
    <UnitTest name="GetKpi_IncrementByOne" storage="d:\v2.0\a1\_work\dbded102\bin\release.anycpu\sps.service\ms.vs.services.commerce.l0.tests\ms.vs.services.commerce.l0.tests.dll" priority="1" id="7659438b-b47b-686a-8457-37cca31a047e">
      <Owners>
        <Owner name="vsc" />
      </Owners>
      <Execution id="b7dee96d-cc8a-4314-89a2-bfb77d4a1fd5" />
      <TestMethod codeBase="D:\v2.0\A1\_work\dbded102\bin\Release.AnyCPU\Sps.Service\MS.VS.Services.Commerce.L0.Tests\MS.VS.Services.Commerce.L0.Tests.dll" adapterTypeName="Microsoft.VisualStudio.TestTools.TestTypes.Unit.UnitTestAdapter" className="MS.VS.Services.Commerce.L0.Tests.Common.KpiHelperTests" name="GetKpi_IncrementByOne" />
    </UnitTest>
    <UnitTest name="CaptureRdfeOperationIdAttribute_OnActionExecutingTest" storage="d:\v2.0\a1\_work\dbded102\bin\release.anycpu\sps.service\ms.vs.services.commerce.l0.tests\ms.vs.services.commerce.l0.tests.dll" priority="1" id="8fa2df84-2d6d-ab4e-8e77-e609b6107d2d">
      <Owners>
        <Owner name="vsc" />
      </Owners>
      <Execution id="c44a2ed9-be1f-471d-8c3d-809dcc4b104a" />
      <TestMethod codeBase="D:\v2.0\A1\_work\dbded102\bin\Release.AnyCPU\Sps.Service\MS.VS.Services.Commerce.L0.Tests\MS.VS.Services.Commerce.L0.Tests.dll" adapterTypeName="Microsoft.VisualStudio.TestTools.TestTypes.Unit.UnitTestAdapter" className="MS.VS.Services.Commerce.L0.Tests.ActionFilters.CaptureRdfeOperationIdAttributeTests" name="CaptureRdfeOperationIdAttribute_OnActionExecutingTest" />
    </UnitTest>
    <UnitTest name="CaptureRdfeOperationIdAttribute_OnActionExecutingExceptionTest" storage="d:\v2.0\a1\_work\dbded102\bin\release.anycpu\sps.service\ms.vs.services.commerce.l0.tests\ms.vs.services.commerce.l0.tests.dll" priority="1" id="170ca2b7-2491-6355-7cef-eec204928b35">
      <Owners>
        <Owner name="vsc" />
      </Owners>
      <Execution id="d3ba6981-e2be-4a24-b7c6-15d2f744371e" />
      <TestMethod codeBase="D:\v2.0\A1\_work\dbded102\bin\Release.AnyCPU\Sps.Service\MS.VS.Services.Commerce.L0.Tests\MS.VS.Services.Commerce.L0.Tests.dll" adapterTypeName="Microsoft.VisualStudio.TestTools.TestTypes.Unit.UnitTestAdapter" className="MS.VS.Services.Commerce.L0.Tests.ActionFilters.CaptureRdfeOperationIdAttributeTests" name="CaptureRdfeOperationIdAttribute_OnActionExecutingExceptionTest" />
    </UnitTest>
  </TestDefinitions>
  <TestEntries>
    <TestEntry testId="1f98f606-0bf8-a36f-a6f4-5092e0b63e23" executionId="77e6b8ef-2298-4121-aa5d-1eb7f62a3228" testListId="8c84fa94-04c1-424b-9868-57a2d4851a1d" />
    <TestEntry testId="9c86aa46-863b-4ad5-d95b-47feb7dbacb6" executionId="a4754cdf-3ae3-4517-ace1-f9efa493d95a" testListId="8c84fa94-04c1-424b-9868-57a2d4851a1d" />
    <TestEntry testId="036c4888-b876-c650-a57e-ca2e2f7d04cb" executionId="eb4b439a-dcf4-4161-a92c-cbca0f3cc25b" testListId="8c84fa94-04c1-424b-9868-57a2d4851a1d" />
    <TestEntry testId="c18546ba-bfc0-2030-eb20-3088e275323c" executionId="f62e3f01-0b60-459b-8063-b70de9583ff8" testListId="8c84fa94-04c1-424b-9868-57a2d4851a1d" />
    <TestEntry testId="23f55b73-bc64-9836-cf2d-530931a8aa66" executionId="673fd275-2ad6-4828-8351-31c4f8ad2a87" testListId="8c84fa94-04c1-424b-9868-57a2d4851a1d" />
    <TestEntry testId="a502647c-2d47-0c0b-feae-bed79fb90983" executionId="cec7990a-b249-4c7b-84e9-270ded3a7f05" testListId="8c84fa94-04c1-424b-9868-57a2d4851a1d" />
    <TestEntry testId="a7b3cd60-57d3-937f-d11e-5b9444e52147" executionId="dd4609f6-6041-4ab7-bf35-0235f58ebdb6" testListId="8c84fa94-04c1-424b-9868-57a2d4851a1d" />
    <TestEntry testId="34b723e0-02a0-368f-73a7-6e3a38d87d7e" executionId="0917d21d-fb87-4a23-a1b2-8703adb2f11d" testListId="8c84fa94-04c1-424b-9868-57a2d4851a1d" />
    <TestEntry testId="c44835bb-9948-af17-4294-3c7053b9b6de" executionId="11c766aa-0194-4540-86c7-34dfa7418633" testListId="8c84fa94-04c1-424b-9868-57a2d4851a1d" />
    <TestEntry testId="bbd567de-7623-e49e-b093-20deacda89d8" executionId="3f3f79b6-36bf-494d-b12f-b8f1827f21a5" testListId="8c84fa94-04c1-424b-9868-57a2d4851a1d" />
    <TestEntry testId="63ee62f9-68ce-3913-dd60-eaa7596dbba1" executionId="7d0ec2f9-2b30-49a1-9b72-27bd5de2229e" testListId="8c84fa94-04c1-424b-9868-57a2d4851a1d" />
    <TestEntry testId="09cc0eef-2658-db76-bab1-3afa03eb6d3f" executionId="c318434a-41b7-4465-9c24-bd9e6a8b5265" testListId="8c84fa94-04c1-424b-9868-57a2d4851a1d" />
    <TestEntry testId="01041eac-0537-7a14-b4d8-05bf14e0ec5d" executionId="0074f8f3-f7a1-48ec-9dc8-4bac0ed23926" testListId="8c84fa94-04c1-424b-9868-57a2d4851a1d" />
    <TestEntry testId="edd36b12-ae55-8f02-71e3-f764caf4d7e0" executionId="d215c9c2-3c3e-4199-ba18-0a5306125c2c" testListId="8c84fa94-04c1-424b-9868-57a2d4851a1d" />
    <TestEntry testId="db9f4c07-42f9-dbc2-e2f1-49d31372be35" executionId="1ae69e88-7378-4d27-bffd-1cbf11a2a4eb" testListId="8c84fa94-04c1-424b-9868-57a2d4851a1d" />
    <TestEntry testId="d817a961-8e3d-80fe-19b5-3953f4018b64" executionId="8b2cde31-deb7-4dd7-b86e-2cb3c4a378e9" testListId="8c84fa94-04c1-424b-9868-57a2d4851a1d" />
    <TestEntry testId="4ee3d68d-0b17-52d0-a521-3ef5ede0c1ee" executionId="082aadd9-14b9-4154-93ed-abbadba1c69d" testListId="8c84fa94-04c1-424b-9868-57a2d4851a1d" />
    <TestEntry testId="2f02270b-96cc-d775-4ccc-0f7f0b05d7f7" executionId="722a95fc-65cb-4fd8-b0de-f7b9c641b194" testListId="8c84fa94-04c1-424b-9868-57a2d4851a1d" />
    <TestEntry testId="376a6a3d-9df8-2d40-439d-629e9dfe8a12" executionId="c888e7e4-8a28-45e5-8b06-cef081689bcb" testListId="8c84fa94-04c1-424b-9868-57a2d4851a1d" />
    <TestEntry testId="d8af05ec-012e-e09a-37b5-09efcca1bd8a" executionId="ee691170-88a6-450e-8847-c8706494ba80" testListId="8c84fa94-04c1-424b-9868-57a2d4851a1d" />
    <TestEntry testId="9f20b3d0-46f7-c02b-2497-ea681531e247" executionId="dd2151a6-fb07-4fcc-9696-88fa36e6cba2" testListId="8c84fa94-04c1-424b-9868-57a2d4851a1d" />
    <TestEntry testId="0d794b79-d739-442c-9513-c164600911f2" executionId="3490083f-b86b-4e85-9e4a-2763defb2718" testListId="8c84fa94-04c1-424b-9868-57a2d4851a1d" />
    <TestEntry testId="ab8e7ddd-046d-5084-f397-6734de0951b4" executionId="e7709293-4909-4945-b5fe-33066bfd028f" testListId="8c84fa94-04c1-424b-9868-57a2d4851a1d" />
    <TestEntry testId="abe3269c-ba95-0c1c-a7f2-ff026d4ca5eb" executionId="9b78ac9e-077a-4b35-8245-e2e674b5fb0b" testListId="8c84fa94-04c1-424b-9868-57a2d4851a1d" />
    <TestEntry testId="80a3ea89-6c97-f0ce-05ab-731cb71f2a66" executionId="c3faad0c-d184-471c-a9c1-3a02df66dd84" testListId="8c84fa94-04c1-424b-9868-57a2d4851a1d" />
    <TestEntry testId="29e600f6-a9de-fe82-5d32-63cafcea5b8e" executionId="1a184156-26de-45d6-8c37-9dd6c0041d3c" testListId="8c84fa94-04c1-424b-9868-57a2d4851a1d" />
    <TestEntry testId="8413eca2-b58d-7f44-53a4-918df16815db" executionId="8b95ca0e-1512-492b-b031-bc39ba82eeac" testListId="8c84fa94-04c1-424b-9868-57a2d4851a1d" />
    <TestEntry testId="dfa423f1-fff2-d429-5b6c-723cef7ba337" executionId="9458a261-e90f-440f-a5e9-23cf187760fa" testListId="8c84fa94-04c1-424b-9868-57a2d4851a1d" />
    <TestEntry testId="6e356bd6-a711-0850-4234-63ca02ec5c21" executionId="afa70653-9bb3-4685-83c7-d1ac19a58151" testListId="8c84fa94-04c1-424b-9868-57a2d4851a1d" />
    <TestEntry testId="b94b87ff-210d-e25b-2339-d35f0dc8ac7c" executionId="7bedb809-f22d-42ab-9021-ac07855d1a7a" testListId="8c84fa94-04c1-424b-9868-57a2d4851a1d" />
    <TestEntry testId="313f28de-10bb-f53c-e8df-b8316508435e" executionId="9bc85ab5-31a9-44c6-afbd-a8a5325a5bd6" testListId="8c84fa94-04c1-424b-9868-57a2d4851a1d" />
    <TestEntry testId="e5995a54-64cd-4d0a-3fd5-094a8b9f70d9" executionId="884b2053-77a3-4e7c-8814-5723eb9f69f4" testListId="8c84fa94-04c1-424b-9868-57a2d4851a1d" />
    <TestEntry testId="25d0323f-d9aa-a3a0-cdf3-11dda3a558d5" executionId="d77059cb-4c10-49dc-905e-f17e5ccf0aaa" testListId="8c84fa94-04c1-424b-9868-57a2d4851a1d" />
    <TestEntry testId="c74db529-176f-d6d2-1821-e5fe66888b97" executionId="f27c94f1-59e0-4a14-a0d9-f7108868f7cb" testListId="8c84fa94-04c1-424b-9868-57a2d4851a1d" />
    <TestEntry testId="60ce3efd-c0ad-2d8d-64a5-5a32f296d50a" executionId="61a94045-5bd5-49d4-8d60-3e14b481fe8d" testListId="8c84fa94-04c1-424b-9868-57a2d4851a1d" />
    <TestEntry testId="7821f9b0-f5c2-3104-0e8f-c5799b6774b9" executionId="40e0fbea-cf31-4f2c-865e-d80d947a340e" testListId="8c84fa94-04c1-424b-9868-57a2d4851a1d" />
    <TestEntry testId="5c0bcbbd-2311-b1d9-77c6-819c7ee956a4" executionId="805608e8-b67a-4484-802f-fd53ef322445" testListId="8c84fa94-04c1-424b-9868-57a2d4851a1d" />
    <TestEntry testId="e7f61e39-456e-171b-fb90-db2e068d62ba" executionId="3452aaf2-033a-411b-b34a-62d653eed29a" testListId="8c84fa94-04c1-424b-9868-57a2d4851a1d" />
    <TestEntry testId="b44aad92-2c22-c924-8fdf-c94939197a78" executionId="5b2d0ca9-79b6-4668-83df-8d24cb6125af" testListId="8c84fa94-04c1-424b-9868-57a2d4851a1d" />
    <TestEntry testId="bbdbcfc9-99cc-ae5b-e63e-96b5a4154680" executionId="63090920-cc7d-41bc-80aa-e8451140f142" testListId="8c84fa94-04c1-424b-9868-57a2d4851a1d" />
    <TestEntry testId="04665b29-1fa7-7c49-cb8a-6bb4442f77f5" executionId="35d1efdb-8a12-4ce2-82ba-409fb4f5af2f" testListId="8c84fa94-04c1-424b-9868-57a2d4851a1d" />
    <TestEntry testId="96ae31c5-4862-8be9-d7f2-56a333abaad2" executionId="0d949518-b895-44a2-bff1-3ea185d0f332" testListId="8c84fa94-04c1-424b-9868-57a2d4851a1d" />
    <TestEntry testId="6c1b0a4e-dcf1-b496-07c6-239551a8dbc3" executionId="a6bd76fb-bed9-4117-a65e-25515249345d" testListId="8c84fa94-04c1-424b-9868-57a2d4851a1d" />
    <TestEntry testId="b850ed5c-8f4d-f8e1-bada-4253a378788f" executionId="76c6ae40-c771-4513-8240-f410f613571c" testListId="8c84fa94-04c1-424b-9868-57a2d4851a1d" />
    <TestEntry testId="fa4df64c-0864-cf9f-5a8b-2fc688fcb1ce" executionId="197f6b78-9566-442d-9fa6-ae89edaf67db" testListId="8c84fa94-04c1-424b-9868-57a2d4851a1d" />
    <TestEntry testId="75d0c8f8-7690-69ff-8153-78029eeb6697" executionId="80097fc0-b699-43b3-aa6c-5fc6cdf34cb1" testListId="8c84fa94-04c1-424b-9868-57a2d4851a1d" />
    <TestEntry testId="126ba6fd-4a44-dff6-813c-57da14027b2d" executionId="da9b8af2-d4b3-4d93-b3fd-9723fea47acf" testListId="8c84fa94-04c1-424b-9868-57a2d4851a1d" />
    <TestEntry testId="097208be-da37-5a24-8573-a38cadb7e9c3" executionId="3fb09fea-e071-4edf-ab73-b6bc93edb28e" testListId="8c84fa94-04c1-424b-9868-57a2d4851a1d" />
    <TestEntry testId="55a37e48-0e83-0486-661f-11eb093954cf" executionId="7d72bd4e-5d17-4ea5-a624-6eba4baba7af" testListId="8c84fa94-04c1-424b-9868-57a2d4851a1d" />
    <TestEntry testId="6e26902d-23ec-38a7-7d58-2958bc17f6d4" executionId="38a2b8ca-cc92-47aa-b376-20d351107a24" testListId="8c84fa94-04c1-424b-9868-57a2d4851a1d" />
    <TestEntry testId="e4042a7e-ade4-1cdf-76b9-0a5d788d8892" executionId="c81da068-f1ea-4575-af7d-1eefd4f4e6f0" testListId="8c84fa94-04c1-424b-9868-57a2d4851a1d" />
    <TestEntry testId="5806ea5a-9557-109f-a502-0323bac29df4" executionId="e1c18bba-75e2-42b3-a237-cd1ff2f305ee" testListId="8c84fa94-04c1-424b-9868-57a2d4851a1d" />
    <TestEntry testId="a30ded10-c14b-4c00-17b7-bf3881aca5dd" executionId="3e632d38-6d9a-4bc2-b65e-cda3fbf7908b" testListId="8c84fa94-04c1-424b-9868-57a2d4851a1d" />
    <TestEntry testId="ed924527-4e30-1585-e1ea-ba14c1ba2305" executionId="2f944270-3d89-4fdf-b2ef-184a2b0f169e" testListId="8c84fa94-04c1-424b-9868-57a2d4851a1d" />
    <TestEntry testId="54e65164-e0bb-e100-ba21-41a2cfab0cf5" executionId="e4313578-920a-453e-bfa4-d64fcf210814" testListId="8c84fa94-04c1-424b-9868-57a2d4851a1d" />
    <TestEntry testId="e790de26-26a2-6498-ebe1-acb363e8bd96" executionId="8e1bdeae-9af3-4b57-8dc2-a3055e4c8016" testListId="8c84fa94-04c1-424b-9868-57a2d4851a1d" />
    <TestEntry testId="ecf7bbe6-753b-49ca-b929-cd38a59850be" executionId="5637cc50-ef44-40b2-ada8-524b59130175" testListId="8c84fa94-04c1-424b-9868-57a2d4851a1d" />
    <TestEntry testId="91cab532-bbcc-cd93-8e28-5f97b25519bd" executionId="96368e69-dcda-44f0-b36a-ce95c0df7600" testListId="8c84fa94-04c1-424b-9868-57a2d4851a1d" />
    <TestEntry testId="ac37f72e-1284-87fd-82df-19e92e68ccd9" executionId="608072b4-1c02-46c7-a0c5-95b1d179e3b4" testListId="8c84fa94-04c1-424b-9868-57a2d4851a1d" />
    <TestEntry testId="e7aa133e-476d-e545-6827-5b17c8c37bda" executionId="7a08e82e-fc20-4bff-abbe-818c0ae9c09b" testListId="8c84fa94-04c1-424b-9868-57a2d4851a1d" />
    <TestEntry testId="eea7b530-87a4-62e4-8951-f5732384faf8" executionId="5e14552e-649e-4ce9-a37f-445a0ae96d00" testListId="8c84fa94-04c1-424b-9868-57a2d4851a1d" />
    <TestEntry testId="c95222c3-63ab-5f05-ea84-c65d2e1edeea" executionId="b0908ef4-d6e2-4309-8e70-810f110d9b22" testListId="8c84fa94-04c1-424b-9868-57a2d4851a1d" />
    <TestEntry testId="ba81035a-81b6-a186-c002-c0d73895dfab" executionId="a331cb2d-c748-4a44-beef-655dd6ef1518" testListId="8c84fa94-04c1-424b-9868-57a2d4851a1d" />
    <TestEntry testId="67b8a0c8-0f74-7355-9016-f271d4290eb1" executionId="9202187d-2275-4d3b-8db0-9aba5216444b" testListId="8c84fa94-04c1-424b-9868-57a2d4851a1d" />
    <TestEntry testId="fbda5ca2-246f-7a33-db68-863e08c3b367" executionId="7356c9f0-ab62-4f45-94cf-b754a39828e8" testListId="8c84fa94-04c1-424b-9868-57a2d4851a1d" />
    <TestEntry testId="853dbd76-a60b-1005-3361-3038a71cbe96" executionId="52a8e8f6-7677-4e53-bc56-1740711f6173" testListId="8c84fa94-04c1-424b-9868-57a2d4851a1d" />
    <TestEntry testId="1478882a-246b-95c8-ffd0-1eadd7a34465" executionId="e3c5f20c-1d6e-4363-afc1-eb02aade4c39" testListId="8c84fa94-04c1-424b-9868-57a2d4851a1d" />
    <TestEntry testId="1a0c75ba-df6b-30d9-587b-2deb0e5eeafa" executionId="e3844e0d-51a7-4ca1-91d9-cb1478bd886d" testListId="8c84fa94-04c1-424b-9868-57a2d4851a1d" />
    <TestEntry testId="7dee31ee-3fa6-7f03-3d98-571751569b35" executionId="3645bbec-05c2-4a12-adcf-e3204de86983" testListId="8c84fa94-04c1-424b-9868-57a2d4851a1d" />
    <TestEntry testId="e3be60d7-17c0-8e3e-4a81-a6f2626402c9" executionId="07a9bf85-7897-4602-bc21-c4b3c2e0c20f" testListId="8c84fa94-04c1-424b-9868-57a2d4851a1d" />
    <TestEntry testId="f1c0e423-b0d0-cf74-13c7-58575ab6e97a" executionId="f8b6bf1c-48fd-456d-a1b9-1125739d881b" testListId="8c84fa94-04c1-424b-9868-57a2d4851a1d" />
    <TestEntry testId="098d548f-8dd3-edd4-f86e-13a27b74d3fa" executionId="25491a9b-2f7a-4bd7-b5b0-96a04d69af75" testListId="8c84fa94-04c1-424b-9868-57a2d4851a1d" />
    <TestEntry testId="b1573eaa-3e23-1901-d19a-f15c05a9ea1a" executionId="b2d67133-4f17-4abd-8331-36f48d777e16" testListId="8c84fa94-04c1-424b-9868-57a2d4851a1d" />
    <TestEntry testId="50c347ee-78f8-7368-0489-c1955135917d" executionId="d056c74e-d4df-4dea-8643-ca4996e989b4" testListId="8c84fa94-04c1-424b-9868-57a2d4851a1d" />
    <TestEntry testId="c383c7d3-e502-ef44-2441-c98841b637be" executionId="7e8c85a0-7323-4fa1-b9ed-3a5837a4a171" testListId="8c84fa94-04c1-424b-9868-57a2d4851a1d" />
    <TestEntry testId="b02801e2-95c9-374f-c781-85c597bf998a" executionId="f75d7ec9-7b29-4903-abb9-03d38d36383d" testListId="8c84fa94-04c1-424b-9868-57a2d4851a1d" />
    <TestEntry testId="b8c24804-ef07-7ace-7832-39df1d689ead" executionId="716c2707-a3ff-425a-878d-97dae343258d" testListId="8c84fa94-04c1-424b-9868-57a2d4851a1d" />
    <TestEntry testId="cf028cd8-916f-ad5d-567f-fa3a55988d30" executionId="2331a559-5f6c-4d0c-a67b-a1dca66b4fd1" testListId="8c84fa94-04c1-424b-9868-57a2d4851a1d" />
    <TestEntry testId="1ed9eb85-6ab3-e1bd-500f-de9df09f9daa" executionId="464cb51b-cf9f-4da8-8463-10b37803130e" testListId="8c84fa94-04c1-424b-9868-57a2d4851a1d" />
    <TestEntry testId="b2d6b1bc-70b7-50e6-d451-fab1d07412a4" executionId="308882c3-6f54-4fb6-b1d6-729852567bf0" testListId="8c84fa94-04c1-424b-9868-57a2d4851a1d" />
    <TestEntry testId="c27c1c9c-6470-14c8-2f4c-d813d74a68eb" executionId="a419c761-0efd-4f8f-b7b7-465d44b107a7" testListId="8c84fa94-04c1-424b-9868-57a2d4851a1d" />
    <TestEntry testId="12299a96-a2e4-030f-7888-96efa50626db" executionId="e7e8cca9-2aa5-4fb5-8ea8-f079d4851300" testListId="8c84fa94-04c1-424b-9868-57a2d4851a1d" />
    <TestEntry testId="b30d8417-d226-124d-e8fe-6c5364324fa1" executionId="819aa935-03cc-4ea6-aba6-2033f7aa1cf0" testListId="8c84fa94-04c1-424b-9868-57a2d4851a1d" />
    <TestEntry testId="7c13e6bc-35ce-33e0-48d0-da1dcce9a8c6" executionId="b81bcd7d-e21a-4a7e-9f2f-ef1bd79178cb" testListId="8c84fa94-04c1-424b-9868-57a2d4851a1d" />
    <TestEntry testId="b0f1379e-d02d-d854-ea24-55ddaf0c491d" executionId="f04791f8-edac-43c1-b741-49126e122b87" testListId="8c84fa94-04c1-424b-9868-57a2d4851a1d" />
    <TestEntry testId="4c2f6218-f956-5742-438c-8588a52ff34e" executionId="0f7cd846-7148-418a-91c0-4ffa217f41b4" testListId="8c84fa94-04c1-424b-9868-57a2d4851a1d" />
    <TestEntry testId="4914ce74-2b86-1c63-aed6-b72ca651b118" executionId="d5d787c7-1cb9-4ff4-87bc-a6a433f2728a" testListId="8c84fa94-04c1-424b-9868-57a2d4851a1d" />
    <TestEntry testId="fbf5b499-2c8a-705f-b0cf-288ee13f7bd5" executionId="4e3f7ce6-0d1d-40eb-9eb3-ed30419a4a40" testListId="8c84fa94-04c1-424b-9868-57a2d4851a1d" />
    <TestEntry testId="f46d2246-e864-0d1c-83aa-79d60b6106b0" executionId="fe4003bc-0314-46d7-b54f-bbd2766aaf44" testListId="8c84fa94-04c1-424b-9868-57a2d4851a1d" />
    <TestEntry testId="358e06af-ffea-97b0-f643-648462535a81" executionId="3b3f1ad9-9db2-4b27-a490-8994ef9df809" testListId="8c84fa94-04c1-424b-9868-57a2d4851a1d" />
    <TestEntry testId="b43a4863-2b4d-303a-a6ee-f929934050ac" executionId="312ff495-a60a-40fe-b8d7-1f38dab6ef30" testListId="8c84fa94-04c1-424b-9868-57a2d4851a1d" />
    <TestEntry testId="986f82f2-267a-83eb-048c-8c03907b71d5" executionId="dae2f762-6f09-4ab6-b676-45c859f590ff" testListId="8c84fa94-04c1-424b-9868-57a2d4851a1d" />
    <TestEntry testId="da2033fa-ad5a-78dd-4f86-595b9d002901" executionId="2d51da77-7be2-456f-a297-3092055496d0" testListId="8c84fa94-04c1-424b-9868-57a2d4851a1d" />
    <TestEntry testId="84ce3e5a-9ae1-4c40-4a54-c69a89e1bcfe" executionId="fc7ef566-de4a-4eba-904a-07def8cb8a82" testListId="8c84fa94-04c1-424b-9868-57a2d4851a1d" />
    <TestEntry testId="a0b4baab-e57c-a22c-d959-2e7e7b202653" executionId="b1bc609a-9fd5-4508-b6cd-f0a6e4217828" testListId="8c84fa94-04c1-424b-9868-57a2d4851a1d" />
    <TestEntry testId="03689066-d2d9-b615-1fa0-77aeb4a36bbc" executionId="82c44075-4490-45c0-a4a8-d6058ecb4272" testListId="8c84fa94-04c1-424b-9868-57a2d4851a1d" />
    <TestEntry testId="cde57d90-47c8-54cd-1e29-b1687743859e" executionId="509c9eea-2b1f-4c96-bdb7-749b3280c54b" testListId="8c84fa94-04c1-424b-9868-57a2d4851a1d" />
    <TestEntry testId="e22ec2a9-cb84-3822-1ae3-0e86bfcb5357" executionId="80e8e528-6d4f-4db7-896c-de895d4cba9f" testListId="8c84fa94-04c1-424b-9868-57a2d4851a1d" />
    <TestEntry testId="ed97a896-4218-bebc-97e5-327ad508f63f" executionId="d716a735-73fe-4aaa-8a63-d62e336577d5" testListId="8c84fa94-04c1-424b-9868-57a2d4851a1d" />
    <TestEntry testId="fde43bce-f499-0cad-796f-8074dfbd1ee6" executionId="a0e25d99-69f6-4856-a271-cc31146140f5" testListId="8c84fa94-04c1-424b-9868-57a2d4851a1d" />
    <TestEntry testId="ef736cb3-37c3-7312-6228-6bff91918751" executionId="aabf736a-fe98-45f8-a7f5-1aa60912cb40" testListId="8c84fa94-04c1-424b-9868-57a2d4851a1d" />
    <TestEntry testId="4168857f-8748-1973-7e58-bb6883895041" executionId="1d6ec7ce-1f25-4c9d-a6f2-00c654fe8941" testListId="8c84fa94-04c1-424b-9868-57a2d4851a1d" />
    <TestEntry testId="a8f2f42d-ada7-40ce-2f27-78439bb663ee" executionId="5339a28a-5fca-45cc-b5a3-f52125ffd045" testListId="8c84fa94-04c1-424b-9868-57a2d4851a1d" />
    <TestEntry testId="033b54aa-265e-932e-cecf-56b3deed1a1d" executionId="53efc755-4cf8-43a1-bdba-6f24e5f4bd78" testListId="8c84fa94-04c1-424b-9868-57a2d4851a1d" />
    <TestEntry testId="76404d47-ea24-e83c-cf52-3dc9db7b9762" executionId="f54f85e2-42ac-467e-b91f-f73129eba5f8" testListId="8c84fa94-04c1-424b-9868-57a2d4851a1d" />
    <TestEntry testId="d61a7f24-5e5e-1ceb-5e1c-e80763489a6b" executionId="8da408ae-9d9b-4bbd-819f-a7ed24e2659e" testListId="8c84fa94-04c1-424b-9868-57a2d4851a1d" />
    <TestEntry testId="fa55eb92-4882-e6b7-2410-9d6684e30323" executionId="169f473a-4301-4367-a8d1-679f013c49cf" testListId="8c84fa94-04c1-424b-9868-57a2d4851a1d" />
    <TestEntry testId="8e265957-73cc-226b-1aea-007fc4e369b0" executionId="b68a790c-a79b-4faf-bbae-5650e6313e20" testListId="8c84fa94-04c1-424b-9868-57a2d4851a1d" />
    <TestEntry testId="fcebf52d-f386-7830-77fb-a5f6e8a7795b" executionId="004184bf-28ec-4008-9925-733fb5ae50f4" testListId="8c84fa94-04c1-424b-9868-57a2d4851a1d" />
    <TestEntry testId="f575f3ac-edbd-408a-b1b1-4ad87a90efb9" executionId="b21962f3-a23f-4dc5-bd8c-d45543cdc905" testListId="8c84fa94-04c1-424b-9868-57a2d4851a1d" />
    <TestEntry testId="78c3de2b-dda1-0ec1-2f38-2d6a8ef53268" executionId="5f02fae7-8753-40f1-ad9d-e2b16bb3738a" testListId="8c84fa94-04c1-424b-9868-57a2d4851a1d" />
    <TestEntry testId="23b8c61f-c9a0-c513-0333-933a6fc34804" executionId="78acc5d9-8dd9-4fc4-810c-e447186b2813" testListId="8c84fa94-04c1-424b-9868-57a2d4851a1d" />
    <TestEntry testId="4674bd0a-3dd9-146c-eaca-3ef1121105bf" executionId="998694bf-edfa-4c78-a034-8135ee9cc3dc" testListId="8c84fa94-04c1-424b-9868-57a2d4851a1d" />
    <TestEntry testId="e8db66bc-461e-5283-9b84-5e75f035bac7" executionId="fdadfc74-84ae-49b2-b335-0fb3362823d9" testListId="8c84fa94-04c1-424b-9868-57a2d4851a1d" />
    <TestEntry testId="e7e46da3-ec30-4cec-4a05-7176bc7f0eee" executionId="d7dc28fd-de83-46fa-8345-6531bad3c589" testListId="8c84fa94-04c1-424b-9868-57a2d4851a1d" />
    <TestEntry testId="5064d67b-6c65-3f55-5dfd-1a0dbf1f6be4" executionId="5de5b251-6ce6-4228-ad00-1c86c7e2c499" testListId="8c84fa94-04c1-424b-9868-57a2d4851a1d" />
    <TestEntry testId="3488874c-2e16-5cb6-ce2f-b04702f5780a" executionId="159f2140-58a9-47ac-bfef-cd9b0a769570" testListId="8c84fa94-04c1-424b-9868-57a2d4851a1d" />
    <TestEntry testId="e345850b-f758-a338-3c6f-b490519004af" executionId="59d28ac4-b187-45be-81dc-253e10b7aa0f" testListId="8c84fa94-04c1-424b-9868-57a2d4851a1d" />
    <TestEntry testId="6407c16b-274f-ad71-fbb6-4024e742247d" executionId="8886b587-cc6e-43b8-94bc-4455846f80af" testListId="8c84fa94-04c1-424b-9868-57a2d4851a1d" />
    <TestEntry testId="091346a8-3cbf-0515-cd78-58e0b2df1f8f" executionId="55f7b646-d96c-4d01-89a3-d3e45d6837bc" testListId="8c84fa94-04c1-424b-9868-57a2d4851a1d" />
    <TestEntry testId="4926d44f-75c7-5ef6-3024-3d23f6279f9a" executionId="06c33c3c-ced3-4352-91da-02b8a5f0ee54" testListId="8c84fa94-04c1-424b-9868-57a2d4851a1d" />
    <TestEntry testId="78ac1613-673a-4d78-2989-1976972f1ac9" executionId="69c5b248-4c5b-414b-8447-db2b68ab665c" testListId="8c84fa94-04c1-424b-9868-57a2d4851a1d" />
    <TestEntry testId="3d1b63f4-2c94-3d58-98bd-cd81ef5e88bf" executionId="cd4e0d34-9023-49ac-879a-5606d9ae4360" testListId="8c84fa94-04c1-424b-9868-57a2d4851a1d" />
    <TestEntry testId="58aa7851-d61d-1a58-6854-96695f3d29f7" executionId="228bc134-73e9-4922-a7ba-69647c8addf1" testListId="8c84fa94-04c1-424b-9868-57a2d4851a1d" />
    <TestEntry testId="d19ae829-d37d-3fcf-bc61-b8dd0da31740" executionId="843eb05b-c9df-4cb4-9a3d-e35f3d00fcad" testListId="8c84fa94-04c1-424b-9868-57a2d4851a1d" />
    <TestEntry testId="960e0365-198b-360b-122f-70b1772ea017" executionId="0ebe04ac-37a4-4278-ba4b-6a43e7566cfe" testListId="8c84fa94-04c1-424b-9868-57a2d4851a1d" />
    <TestEntry testId="e2610bef-1f87-d9a3-018d-6ce00c4400c5" executionId="d985c9b7-beb4-4040-ae67-b8d566bc3f54" testListId="8c84fa94-04c1-424b-9868-57a2d4851a1d" />
    <TestEntry testId="571d7ab6-52bb-88b6-cd75-73aeed599aaf" executionId="2eb02d4a-261e-4d29-a647-78ad71406a43" testListId="8c84fa94-04c1-424b-9868-57a2d4851a1d" />
    <TestEntry testId="a28dfd51-2b76-3268-26dd-6c9f976a2823" executionId="76ac7d7b-4730-414e-ab33-423acd7b68c0" testListId="8c84fa94-04c1-424b-9868-57a2d4851a1d" />
    <TestEntry testId="e03619f6-b51a-e4de-5633-80357a5ca426" executionId="d243dbf5-965e-461b-bb0f-3fc90346b0e4" testListId="8c84fa94-04c1-424b-9868-57a2d4851a1d" />
    <TestEntry testId="8f600fad-f33d-df9c-1180-86d830cc8226" executionId="b3be231f-6c1d-4de8-9e1c-6464c6c34430" testListId="8c84fa94-04c1-424b-9868-57a2d4851a1d" />
    <TestEntry testId="096a699d-933c-e808-9407-ff87ac4e32a8" executionId="d33a22b1-65eb-430d-9a23-d3ccbbe8aeac" testListId="8c84fa94-04c1-424b-9868-57a2d4851a1d" />
    <TestEntry testId="4af955d1-5ec7-92e1-f8be-c8422079d117" executionId="bd8f8dbd-ace2-44dc-9e90-dbc55132ff0c" testListId="8c84fa94-04c1-424b-9868-57a2d4851a1d" />
    <TestEntry testId="24c23a84-2631-c95d-4ca4-a3312878772e" executionId="a0a4032c-7f80-4aab-8d05-8496ebcae731" testListId="8c84fa94-04c1-424b-9868-57a2d4851a1d" />
    <TestEntry testId="7900149b-3071-6050-cdab-bbaac6f33972" executionId="e7f63a92-42b3-4b20-91a2-4cb144a08dfc" testListId="8c84fa94-04c1-424b-9868-57a2d4851a1d" />
    <TestEntry testId="0e956bb4-bb31-0240-ce33-6a4fc7310444" executionId="eb1c15e3-41dc-4f21-9f50-11d575f97336" testListId="8c84fa94-04c1-424b-9868-57a2d4851a1d" />
    <TestEntry testId="ea35c565-642a-61d5-12c8-a3fb717b276d" executionId="302ad149-9bf5-4844-a818-2b519035b7f3" testListId="8c84fa94-04c1-424b-9868-57a2d4851a1d" />
    <TestEntry testId="77b1f942-728c-337d-6437-b9a2bbb17de0" executionId="5cf20fdf-c43d-4225-805d-b93b2ab7d9d2" testListId="8c84fa94-04c1-424b-9868-57a2d4851a1d" />
    <TestEntry testId="8c91fd57-279d-9e35-cb35-56e3f3dc357d" executionId="9af64cd9-f6eb-4b54-b1c6-8b0feb63bdd7" testListId="8c84fa94-04c1-424b-9868-57a2d4851a1d" />
    <TestEntry testId="6e5b8a99-a7d7-fe8f-5063-2089799dc07a" executionId="7696b91f-26b9-4cd9-94a1-cc9601e7a84a" testListId="8c84fa94-04c1-424b-9868-57a2d4851a1d" />
    <TestEntry testId="b7a184c8-9310-1c39-5d89-e335fa3df3fa" executionId="08e275fe-e5e9-4fa7-b429-3ef3ef140f6d" testListId="8c84fa94-04c1-424b-9868-57a2d4851a1d" />
    <TestEntry testId="72c1ce5c-1a96-7fb4-6b92-3c1659feacaa" executionId="38b1e8fb-435f-439b-b27b-2cdb0b18fd05" testListId="8c84fa94-04c1-424b-9868-57a2d4851a1d" />
    <TestEntry testId="5d8d504c-6d20-00f9-9ec5-8ef00c4d101e" executionId="bcc14126-b885-4695-a72a-9e74482f314b" testListId="8c84fa94-04c1-424b-9868-57a2d4851a1d" />
    <TestEntry testId="f3ab039c-0511-6665-5b44-00ee4fa9a7b3" executionId="96bb1cfc-7ccf-40b7-b116-6b55a348098c" testListId="8c84fa94-04c1-424b-9868-57a2d4851a1d" />
    <TestEntry testId="6b7ea0ff-5453-c2f0-ef44-9a83bb82e29c" executionId="2939e90f-42cd-4741-890c-659e1feea6eb" testListId="8c84fa94-04c1-424b-9868-57a2d4851a1d" />
    <TestEntry testId="e442aef2-5770-6211-3313-0df402d44a2c" executionId="6f424917-1a69-4939-8924-512c6550aeed" testListId="8c84fa94-04c1-424b-9868-57a2d4851a1d" />
    <TestEntry testId="92d48632-04e3-f479-8795-52a85c7e4cce" executionId="32370e73-1b39-4f43-a83a-d4e4caf13199" testListId="8c84fa94-04c1-424b-9868-57a2d4851a1d" />
    <TestEntry testId="d8e4bf9a-8c06-8325-0bfe-33d9ef9042de" executionId="0260eaf2-9cfb-404a-902a-9e1c21a7cbd7" testListId="8c84fa94-04c1-424b-9868-57a2d4851a1d" />
    <TestEntry testId="b71067db-1ba0-ec7f-3020-cf00292a5edf" executionId="b050dcd2-d6d5-4ac1-9031-f9404863f77f" testListId="8c84fa94-04c1-424b-9868-57a2d4851a1d" />
    <TestEntry testId="fb0acc19-e031-cfa3-9806-37a2e356839a" executionId="9301d7f5-a17d-4cca-bdaa-a3fafd1aae35" testListId="8c84fa94-04c1-424b-9868-57a2d4851a1d" />
    <TestEntry testId="24297132-6086-0543-5375-fe7a3929b485" executionId="44b963df-602b-4ebb-896d-50543dcb3aad" testListId="8c84fa94-04c1-424b-9868-57a2d4851a1d" />
    <TestEntry testId="e5a55388-a716-8d0c-f257-0ea510bdce63" executionId="6d0cc0b5-3c68-4115-9b4b-9438ac91ffec" testListId="8c84fa94-04c1-424b-9868-57a2d4851a1d" />
    <TestEntry testId="fe4d4209-1fcd-e95b-06e9-88aab3686d86" executionId="cf1b3f5a-20c6-486d-b91c-c9ac73a87d1a" testListId="8c84fa94-04c1-424b-9868-57a2d4851a1d" />
    <TestEntry testId="003f2b5b-3770-70f0-32aa-cffdacc4636e" executionId="1f847cd2-763e-4733-b227-3887735a608c" testListId="8c84fa94-04c1-424b-9868-57a2d4851a1d" />
    <TestEntry testId="8373a1bf-af3c-5111-721e-6bb16bf7cffa" executionId="3eace208-c417-47c5-81cd-46db6292adad" testListId="8c84fa94-04c1-424b-9868-57a2d4851a1d" />
    <TestEntry testId="5914497b-3800-fbb6-ed45-a1ae55cb7d19" executionId="7fe94330-1eec-4b75-9268-4bac2fc753de" testListId="8c84fa94-04c1-424b-9868-57a2d4851a1d" />
    <TestEntry testId="bb07d4ff-b0b7-186a-45e1-c6d1c27d4b05" executionId="c94e4708-9e4d-4611-b7c3-60a9aa8cdc4d" testListId="8c84fa94-04c1-424b-9868-57a2d4851a1d" />
    <TestEntry testId="2bdc78cd-2de2-93c9-e856-64d1ddbcee40" executionId="cbdb0b16-add8-4454-84b6-2a24cb356f2c" testListId="8c84fa94-04c1-424b-9868-57a2d4851a1d" />
    <TestEntry testId="c1174def-5867-2323-c904-d137cdaee061" executionId="5ff7f950-5c46-4e16-9461-d5ea34344200" testListId="8c84fa94-04c1-424b-9868-57a2d4851a1d" />
    <TestEntry testId="2c5baab6-8e58-5643-eb35-dd8182cfef96" executionId="8e5af8ac-0685-4b54-9d46-07deb03a5538" testListId="8c84fa94-04c1-424b-9868-57a2d4851a1d" />
    <TestEntry testId="e1631e91-6c21-c340-2df5-ea37a1c2cf47" executionId="ab90fa9b-2243-4017-b78b-97744535cf00" testListId="8c84fa94-04c1-424b-9868-57a2d4851a1d" />
    <TestEntry testId="7f7ee4bf-d768-0039-7bb5-9a4840e92235" executionId="868732fc-9459-4c79-9a35-15660cc92a7c" testListId="8c84fa94-04c1-424b-9868-57a2d4851a1d" />
    <TestEntry testId="eb455cdc-3bcd-60ba-92c4-ece4a5e120d9" executionId="1179b208-605a-4e3e-8ada-04c6d386ca6b" testListId="8c84fa94-04c1-424b-9868-57a2d4851a1d" />
    <TestEntry testId="07bda7c0-de1a-63e7-3260-d39474e5cf5d" executionId="82001d08-dbf6-421f-bf9b-3083b1325449" testListId="8c84fa94-04c1-424b-9868-57a2d4851a1d" />
    <TestEntry testId="6cea9572-e6dc-92aa-ded4-ef488cec75f0" executionId="5ed8cc1a-26ad-42b6-aeec-6e4522e552ef" testListId="8c84fa94-04c1-424b-9868-57a2d4851a1d" />
    <TestEntry testId="4024034c-3419-7591-12f8-54d66b9fc4d5" executionId="d3580c58-966d-4b0a-92ab-d977a3ed7118" testListId="8c84fa94-04c1-424b-9868-57a2d4851a1d" />
    <TestEntry testId="5aa3afc9-44ff-77d1-3915-c00f0524cdcb" executionId="4867e5ef-276a-4e41-9247-b957bf832c72" testListId="8c84fa94-04c1-424b-9868-57a2d4851a1d" />
    <TestEntry testId="8dc4c0af-8b2e-d5e7-9a9a-3c6a6af427a8" executionId="45019859-cec9-481e-bfd6-fbf920b9852e" testListId="8c84fa94-04c1-424b-9868-57a2d4851a1d" />
    <TestEntry testId="1d4521b8-2ed9-484a-e248-b4a81866a22a" executionId="92d436b5-a53c-4180-97d6-fe4de1e3946d" testListId="8c84fa94-04c1-424b-9868-57a2d4851a1d" />
    <TestEntry testId="28185e03-ee9c-af7a-3dd1-6958200b4250" executionId="b9a30993-080f-45d5-bdbc-2495393c099e" testListId="8c84fa94-04c1-424b-9868-57a2d4851a1d" />
    <TestEntry testId="d03b406a-5ff1-6e99-011d-4b93c58a8bfa" executionId="456e31d5-9a7c-41dc-9120-f54a05113943" testListId="8c84fa94-04c1-424b-9868-57a2d4851a1d" />
    <TestEntry testId="6ddaa317-2505-2a3e-f72f-1085625b1726" executionId="2df464eb-f33d-4020-bdff-5bdd7895ae81" testListId="8c84fa94-04c1-424b-9868-57a2d4851a1d" />
    <TestEntry testId="df0adc04-5a34-274e-5214-1d724d888672" executionId="5d7f06c6-1b74-4412-89fc-f9314725ce18" testListId="8c84fa94-04c1-424b-9868-57a2d4851a1d" />
    <TestEntry testId="e6d8d3dc-b1f1-7cd5-4847-99a226ca7655" executionId="f3af0cea-6640-4cea-8039-42bf812e5c91" testListId="8c84fa94-04c1-424b-9868-57a2d4851a1d" />
    <TestEntry testId="c3bbb384-9f13-b68f-a283-a28c75ee1205" executionId="864d51a6-c219-4922-9cd0-e5cf61cdbe39" testListId="8c84fa94-04c1-424b-9868-57a2d4851a1d" />
    <TestEntry testId="d431e9e5-17ca-6f45-e4e9-2f204ef4c89c" executionId="99fdcc66-234c-4337-a106-0fb75902035c" testListId="8c84fa94-04c1-424b-9868-57a2d4851a1d" />
    <TestEntry testId="4e72acb3-5abc-0dba-e8a2-d9bd7f91d93d" executionId="c4bab5cf-b973-45bd-b482-1ba1e17041a2" testListId="8c84fa94-04c1-424b-9868-57a2d4851a1d" />
    <TestEntry testId="3003dd9f-2a68-1bd4-ad8c-1a0c10addeec" executionId="1348da66-f7dd-44dc-adc7-25f4718bc4db" testListId="8c84fa94-04c1-424b-9868-57a2d4851a1d" />
    <TestEntry testId="71318c03-7a34-ce74-e8e7-56e6feb46122" executionId="8575de4d-f2a3-48f1-8df3-39e7add3b93f" testListId="8c84fa94-04c1-424b-9868-57a2d4851a1d" />
    <TestEntry testId="8bec1a91-50ec-f526-835c-bb09e2f3ba96" executionId="d72b82db-ad49-473d-89ea-10b9cc60769a" testListId="8c84fa94-04c1-424b-9868-57a2d4851a1d" />
    <TestEntry testId="28fee332-205d-4521-6e4f-72d67df9e733" executionId="41832855-67f8-447d-84e6-9bab90d2ecc1" testListId="8c84fa94-04c1-424b-9868-57a2d4851a1d" />
    <TestEntry testId="f5ae338a-61b6-cbca-111d-ace61fefb335" executionId="5c0a0b91-7e8b-4332-b10d-221503a39ac7" testListId="8c84fa94-04c1-424b-9868-57a2d4851a1d" />
    <TestEntry testId="218dd9b4-6382-bce8-5a15-af3a75cefe4e" executionId="02b3966d-ec8c-4d40-9395-904de697d0b9" testListId="8c84fa94-04c1-424b-9868-57a2d4851a1d" />
    <TestEntry testId="11fb472f-250e-63db-666d-710c69ec5fd1" executionId="490e2927-56ef-4368-b8cc-41c7975f280b" testListId="8c84fa94-04c1-424b-9868-57a2d4851a1d" />
    <TestEntry testId="708d4179-e524-8866-fb74-1149f7e3dafc" executionId="4102c5b8-e84c-42ff-8eb0-e9d33597764f" testListId="8c84fa94-04c1-424b-9868-57a2d4851a1d" />
    <TestEntry testId="ddc19afb-0fab-af57-8a0f-c6148636ae01" executionId="aecb0ab4-512f-42a7-80dc-0f82b67590de" testListId="8c84fa94-04c1-424b-9868-57a2d4851a1d" />
    <TestEntry testId="831999cc-9d70-89cb-f0a1-ea5ea22d14f4" executionId="0bae1ae3-05dc-4038-95b0-b9267c3c27a2" testListId="8c84fa94-04c1-424b-9868-57a2d4851a1d" />
    <TestEntry testId="fd01cfbb-9505-7c86-836d-983dec28e7eb" executionId="b44b2234-ee10-4738-8f7a-8ebb75eb9649" testListId="8c84fa94-04c1-424b-9868-57a2d4851a1d" />
    <TestEntry testId="9a534a21-9913-23f7-86df-436fc0b30bd5" executionId="dcc968c2-5f5e-4048-8e37-f67dc1be7d65" testListId="8c84fa94-04c1-424b-9868-57a2d4851a1d" />
    <TestEntry testId="95c18aaf-a26f-3d98-ceb5-a2eeb24df18a" executionId="0a4be413-f369-4842-9d53-7b83ea4fa0c6" testListId="8c84fa94-04c1-424b-9868-57a2d4851a1d" />
    <TestEntry testId="aef4217e-0ddc-49f8-dcb8-c53cac4562b5" executionId="fc78bfa8-1930-487f-87e3-51c316f79855" testListId="8c84fa94-04c1-424b-9868-57a2d4851a1d" />
    <TestEntry testId="a9e251f6-5301-b638-35f7-de701ee916d2" executionId="a966e946-be3c-46dc-8aba-a2b2f7264bdb" testListId="8c84fa94-04c1-424b-9868-57a2d4851a1d" />
    <TestEntry testId="8f997a3f-a73f-797e-5263-ef2c3b9c7633" executionId="c1ff7b13-0096-4336-84ca-d0f02ce5b9aa" testListId="8c84fa94-04c1-424b-9868-57a2d4851a1d" />
    <TestEntry testId="e9d8d0c7-a81b-962d-53f7-2a96d2a718d4" executionId="5c1cc5d3-0283-4750-8ce3-e874ac0d4287" testListId="8c84fa94-04c1-424b-9868-57a2d4851a1d" />
    <TestEntry testId="45efe9be-e876-966e-a7f0-44ed3c50904e" executionId="e4d7fa4e-8e9d-4221-9069-e04253f2ef56" testListId="8c84fa94-04c1-424b-9868-57a2d4851a1d" />
    <TestEntry testId="5849b603-79f5-7962-0aa7-7755e8f689e2" executionId="bbee87d2-58c0-4c29-9bd4-96039131c63e" testListId="8c84fa94-04c1-424b-9868-57a2d4851a1d" />
    <TestEntry testId="67dfd72d-3d52-3cdd-c305-4f5366a31707" executionId="9204989f-97b1-4c38-b53f-323a6dd24321" testListId="8c84fa94-04c1-424b-9868-57a2d4851a1d" />
    <TestEntry testId="ddb21842-3993-8f2d-4b5c-7a40ad6fe2a9" executionId="deb01218-e5d8-4716-b751-dea3bb3e038d" testListId="8c84fa94-04c1-424b-9868-57a2d4851a1d" />
    <TestEntry testId="8c84a278-7480-8353-b860-e71aa2198e58" executionId="b75ed59b-64e6-420b-bba7-e156f08dc4cb" testListId="8c84fa94-04c1-424b-9868-57a2d4851a1d" />
    <TestEntry testId="c6eda0d4-31ff-fafd-a8dc-b40e4f46b912" executionId="8a0c400c-7678-4306-a96c-411a67d0851c" testListId="8c84fa94-04c1-424b-9868-57a2d4851a1d" />
    <TestEntry testId="80afb0eb-2c60-82cd-57a8-062b79f92364" executionId="a39c49af-c3e9-457a-9f4c-2db8defb9d7b" testListId="8c84fa94-04c1-424b-9868-57a2d4851a1d" />
    <TestEntry testId="779c562d-2397-885f-7209-52ef6a3c924a" executionId="069c006a-f0ce-469c-83a4-f8793877db99" testListId="8c84fa94-04c1-424b-9868-57a2d4851a1d" />
    <TestEntry testId="31d22451-2283-52e5-77eb-1add5b379f18" executionId="3488c828-46f0-4839-aaf2-24189d4759a8" testListId="8c84fa94-04c1-424b-9868-57a2d4851a1d" />
    <TestEntry testId="7dfb7f47-8bf7-1247-a69e-cb1721ea0e73" executionId="7871295d-ebc9-4be1-add4-097df74ebbcf" testListId="8c84fa94-04c1-424b-9868-57a2d4851a1d" />
    <TestEntry testId="8eb768d4-7364-6601-6d6b-94e3886884fb" executionId="21a28bec-e56c-41c4-a5ae-fd8088dc8e6f" testListId="8c84fa94-04c1-424b-9868-57a2d4851a1d" />
    <TestEntry testId="9b8c1e86-63cb-de98-23c8-b5c1d7340776" executionId="8526882b-a6a6-4ae7-810e-1307a92387f8" testListId="8c84fa94-04c1-424b-9868-57a2d4851a1d" />
    <TestEntry testId="15258c1f-cab2-63c7-d4a5-feb2cd5aa021" executionId="0a42bc35-a101-4f94-8708-10975c5bbcca" testListId="8c84fa94-04c1-424b-9868-57a2d4851a1d" />
    <TestEntry testId="b5c89d3a-eec8-941c-d8a2-ae66a50e2d23" executionId="a047d2a4-a473-4aa3-aa6c-30a12ca620eb" testListId="8c84fa94-04c1-424b-9868-57a2d4851a1d" />
    <TestEntry testId="7c2569e7-8ad0-9d5b-97ea-b8a27b5bfaf2" executionId="059c64df-a95b-4d0b-8fd2-973ff069f50f" testListId="8c84fa94-04c1-424b-9868-57a2d4851a1d" />
    <TestEntry testId="2eb248b5-4c68-8aff-064d-3965ca8b74bd" executionId="63b2cf96-1c27-4373-bc32-829f5600584a" testListId="8c84fa94-04c1-424b-9868-57a2d4851a1d" />
    <TestEntry testId="415f6fad-2f71-e658-4bcf-7d38df5861d0" executionId="4990de86-76fc-4f34-8dc2-8adcfc4dd288" testListId="8c84fa94-04c1-424b-9868-57a2d4851a1d" />
    <TestEntry testId="77c414b4-d629-4d0e-5101-7d741074b02c" executionId="987740ed-8a4b-44ff-b3a4-6042d31fce38" testListId="8c84fa94-04c1-424b-9868-57a2d4851a1d" />
    <TestEntry testId="a6fcd878-bc76-ccb1-d5ef-d9f43061c38a" executionId="2874976a-f8db-401e-8f2e-231bb22f8214" testListId="8c84fa94-04c1-424b-9868-57a2d4851a1d" />
    <TestEntry testId="54a8cbe8-751c-223d-28ab-e6ed0abc759a" executionId="df8baf0e-1e45-4084-8c19-ebebd449b44e" testListId="8c84fa94-04c1-424b-9868-57a2d4851a1d" />
    <TestEntry testId="fa73d292-2fb8-609c-fc34-06ba9832f58e" executionId="42d5a514-ac2a-4176-be91-086824c46ef9" testListId="8c84fa94-04c1-424b-9868-57a2d4851a1d" />
    <TestEntry testId="107d9bae-b004-284a-7923-e14d6c3c19dd" executionId="53762dcb-7b29-4d8f-aed6-22906639c255" testListId="8c84fa94-04c1-424b-9868-57a2d4851a1d" />
    <TestEntry testId="c046620d-3769-e5b2-8768-6d3757fbaf0e" executionId="13e77e85-71e5-45dd-9bdb-b7866b6846bc" testListId="8c84fa94-04c1-424b-9868-57a2d4851a1d" />
    <TestEntry testId="aba06b03-6450-3675-65e8-b9e74e9edcdc" executionId="e07bd1cf-2f2a-4f8d-a1bc-9a3c364c2ff2" testListId="8c84fa94-04c1-424b-9868-57a2d4851a1d" />
    <TestEntry testId="fb7ff4ae-12d4-f1be-7e8d-fd755b93c83c" executionId="89ca7ab5-3666-4b32-b957-1344e425c9b0" testListId="8c84fa94-04c1-424b-9868-57a2d4851a1d" />
    <TestEntry testId="91fa4387-7e3b-43c2-3db3-e56ad6bed1e2" executionId="156555fb-a2de-4112-b1e2-22cda8890e80" testListId="8c84fa94-04c1-424b-9868-57a2d4851a1d" />
    <TestEntry testId="49a7ac71-ace3-4c53-9c1f-8b1bc5f26ba0" executionId="fac05866-5d68-40bd-94b1-38007c7f813a" testListId="8c84fa94-04c1-424b-9868-57a2d4851a1d" />
    <TestEntry testId="0f4685d3-6994-da96-603c-0db698193527" executionId="1b507031-5be3-4d72-affc-7ad13b2c715f" testListId="8c84fa94-04c1-424b-9868-57a2d4851a1d" />
    <TestEntry testId="e9932b46-040b-f3ef-e74f-eb10e8be87d7" executionId="7879d35d-c140-41a6-95f7-360459fcb036" testListId="8c84fa94-04c1-424b-9868-57a2d4851a1d" />
    <TestEntry testId="e3060bfd-c465-9fdd-7033-11ee78c3bb8b" executionId="5b051f50-8ef1-4b56-a732-3286af470ed9" testListId="8c84fa94-04c1-424b-9868-57a2d4851a1d" />
    <TestEntry testId="4abdcb09-ee7a-9c22-c614-c7f04a25e947" executionId="5f6b8258-63af-4e12-8577-782c5817af96" testListId="8c84fa94-04c1-424b-9868-57a2d4851a1d" />
    <TestEntry testId="64a7b379-b286-beb7-ee0a-e0943de6fea9" executionId="914629c4-b7d1-409c-9125-18b439fd9c95" testListId="8c84fa94-04c1-424b-9868-57a2d4851a1d" />
    <TestEntry testId="67bb203d-d2e3-dc48-eeae-34a86f07e563" executionId="8fc0a57f-0f0c-4e84-96cf-ba8a9e78591a" testListId="8c84fa94-04c1-424b-9868-57a2d4851a1d" />
    <TestEntry testId="8b6d0bbc-b714-1b95-0792-dbf85e6557f5" executionId="0ef22841-4001-4665-b16e-21dafdf02fe7" testListId="8c84fa94-04c1-424b-9868-57a2d4851a1d" />
    <TestEntry testId="177df362-221c-4d53-53ee-1289ff8955a5" executionId="021a93ed-d0e1-4870-bac0-ae89570f30da" testListId="8c84fa94-04c1-424b-9868-57a2d4851a1d" />
    <TestEntry testId="8de86570-3ae4-9764-e4be-f7f7fdf3fd74" executionId="5b6bf6b9-a5dc-4152-bb74-363a48940f7b" testListId="8c84fa94-04c1-424b-9868-57a2d4851a1d" />
    <TestEntry testId="f054066d-3ab5-e1f3-247f-e82b0703df90" executionId="14ffdf98-b5e1-49c6-9b9a-567cfa814d05" testListId="8c84fa94-04c1-424b-9868-57a2d4851a1d" />
    <TestEntry testId="a0912ffd-5d1d-7200-f483-5bd6a8f06ac2" executionId="b41cdbd0-d487-4c06-ab7a-1cbc9e2bc5c6" testListId="8c84fa94-04c1-424b-9868-57a2d4851a1d" />
    <TestEntry testId="9d4dbefc-d0cc-bf1a-d820-b5ec73388689" executionId="f3423386-2428-4766-8580-b3a4e966121b" testListId="8c84fa94-04c1-424b-9868-57a2d4851a1d" />
    <TestEntry testId="7d75a350-a9d3-da39-e248-bd744d50f284" executionId="ea510faa-2c79-4c47-82ce-c8ea9d83a019" testListId="8c84fa94-04c1-424b-9868-57a2d4851a1d" />
    <TestEntry testId="99d71fee-aaa3-5422-b2ab-38c9aeeac699" executionId="7a249fc7-d3e1-43f1-aa7e-4963ef37a593" testListId="8c84fa94-04c1-424b-9868-57a2d4851a1d" />
    <TestEntry testId="83786169-ce16-4437-06fb-8ae071801dff" executionId="2b488306-f79b-4394-9395-de8de2f87e6f" testListId="8c84fa94-04c1-424b-9868-57a2d4851a1d" />
    <TestEntry testId="e66c6565-b0d4-ce3a-753f-5c31265ea7ce" executionId="e9ee3051-46b5-415e-a0ba-1e0681848210" testListId="8c84fa94-04c1-424b-9868-57a2d4851a1d" />
    <TestEntry testId="0c99bc4a-5847-7a13-8210-fe2e2e9276fd" executionId="f9f2c04f-1271-4f01-9c04-ca63f0f7cd95" testListId="8c84fa94-04c1-424b-9868-57a2d4851a1d" />
    <TestEntry testId="cb3ecf9e-afc5-83e1-dc21-4b450e063544" executionId="9a1bbbc4-27ab-4ad8-a73b-e204fbe89c18" testListId="8c84fa94-04c1-424b-9868-57a2d4851a1d" />
    <TestEntry testId="d28278fe-47fd-5961-8b56-afa169550f9b" executionId="5aefa21e-4026-4b54-8c3c-6b539688f3f3" testListId="8c84fa94-04c1-424b-9868-57a2d4851a1d" />
    <TestEntry testId="028ac6b5-3d72-1ff8-5b25-f4f7b624196b" executionId="be3247dc-40e8-4fab-b37d-cd2e33c82ddf" testListId="8c84fa94-04c1-424b-9868-57a2d4851a1d" />
    <TestEntry testId="36f7f567-6116-d254-cc3d-576e2bd7aec1" executionId="25890db3-d3e1-41f3-8297-bf820652a6f3" testListId="8c84fa94-04c1-424b-9868-57a2d4851a1d" />
    <TestEntry testId="589bbf33-ad68-f590-6970-148a7f5dde95" executionId="cbb87e32-1810-436f-8d92-940cc6be4634" testListId="8c84fa94-04c1-424b-9868-57a2d4851a1d" />
    <TestEntry testId="f5ffde63-e0a2-6507-08ca-3c697a8755bc" executionId="8eb23b22-42f3-4099-b03f-4562c1cf7ac4" testListId="8c84fa94-04c1-424b-9868-57a2d4851a1d" />
    <TestEntry testId="d72927bc-a773-863c-e426-0a5061339bbb" executionId="684676d4-0c44-401c-8e39-231aa6f7f483" testListId="8c84fa94-04c1-424b-9868-57a2d4851a1d" />
    <TestEntry testId="b3e26e70-d53a-4c65-5593-3e0f715380dd" executionId="7904663f-11aa-4768-9d73-2f0e813d6b78" testListId="8c84fa94-04c1-424b-9868-57a2d4851a1d" />
    <TestEntry testId="3992c438-53c3-0a48-f8f0-81dc725c22fc" executionId="85824ab5-cc1e-45ce-889d-8ca615821dc6" testListId="8c84fa94-04c1-424b-9868-57a2d4851a1d" />
    <TestEntry testId="7ee829d6-2d30-018e-6f64-12a0db5c7f76" executionId="89a07c97-fdd6-4f9f-aa61-af35ed1d1e60" testListId="8c84fa94-04c1-424b-9868-57a2d4851a1d" />
    <TestEntry testId="67cc8dd3-0baf-f7b7-95ea-d0e199b45f87" executionId="5a3903ec-dde1-4f37-901d-fd5a74b68821" testListId="8c84fa94-04c1-424b-9868-57a2d4851a1d" />
    <TestEntry testId="0c3a9e33-82c9-fc4a-285a-23c3397ecf6b" executionId="a235384f-bbb0-43c2-aa8f-fbdea86a6c23" testListId="8c84fa94-04c1-424b-9868-57a2d4851a1d" />
    <TestEntry testId="485a0718-e82e-d030-9201-055f23e49406" executionId="f08b1996-1035-47d2-958f-f76aa7566ac1" testListId="8c84fa94-04c1-424b-9868-57a2d4851a1d" />
    <TestEntry testId="e34d591b-1f43-bf19-47ae-85ca0e9c40b4" executionId="5bf15a8e-14f7-4940-bebf-97b299f8eaab" testListId="8c84fa94-04c1-424b-9868-57a2d4851a1d" />
    <TestEntry testId="3a547af1-064d-6e94-9641-46872457b39c" executionId="6613a781-1be4-4630-bd42-197e10b16fbe" testListId="8c84fa94-04c1-424b-9868-57a2d4851a1d" />
    <TestEntry testId="7e157a32-e097-bd52-7bf2-e7b0cde0c03c" executionId="9665ed1e-79b4-46bf-8ec2-e85e3231a955" testListId="8c84fa94-04c1-424b-9868-57a2d4851a1d" />
    <TestEntry testId="9fb9f2ca-43a8-17ca-70c2-e477495ee88b" executionId="76250cfa-dc6a-4177-a33d-a65925029af5" testListId="8c84fa94-04c1-424b-9868-57a2d4851a1d" />
    <TestEntry testId="85413449-ec88-ca7a-409a-6b2b2ec8eedd" executionId="8f3b9916-9944-41fe-af88-de9b86f6fce5" testListId="8c84fa94-04c1-424b-9868-57a2d4851a1d" />
    <TestEntry testId="a204528b-7bf5-c00c-8457-70b6cc9caab7" executionId="449bea78-d85a-4c15-a7d7-ed40fd061b02" testListId="8c84fa94-04c1-424b-9868-57a2d4851a1d" />
    <TestEntry testId="5fc06dd4-eafd-0fb4-37c1-c0be9dc67e9c" executionId="388d8d66-ef71-4efb-b858-3417573abb14" testListId="8c84fa94-04c1-424b-9868-57a2d4851a1d" />
    <TestEntry testId="04a72fdf-7318-4673-5881-a33afeef42a2" executionId="5700ff55-cbf7-4d60-85bf-d2caa267a2d0" testListId="8c84fa94-04c1-424b-9868-57a2d4851a1d" />
    <TestEntry testId="297203c9-b002-5976-8852-5eaf726bd2fd" executionId="bb251401-d764-4742-b33e-8f4ca4636a62" testListId="8c84fa94-04c1-424b-9868-57a2d4851a1d" />
    <TestEntry testId="a337afd9-44c7-b1f9-7b29-c8ac477b96c2" executionId="4d15ead6-c7d0-4a4a-b50a-58801f80a2d0" testListId="8c84fa94-04c1-424b-9868-57a2d4851a1d" />
    <TestEntry testId="1de00129-7946-b771-65bd-375bf77c5cbd" executionId="e0f4b05a-21cb-4cb3-af35-f5c2836253a0" testListId="8c84fa94-04c1-424b-9868-57a2d4851a1d" />
    <TestEntry testId="641f3a05-ccd5-dedf-c479-e4d1f1b28a79" executionId="dc448f74-d63a-4cf5-9cde-4956ee268332" testListId="8c84fa94-04c1-424b-9868-57a2d4851a1d" />
    <TestEntry testId="2cc3ead4-0254-dfbf-d544-b88d14be95b0" executionId="f1286197-582b-4d54-b631-2b5b4141f17c" testListId="8c84fa94-04c1-424b-9868-57a2d4851a1d" />
    <TestEntry testId="4fcb381e-42ac-44ac-ef55-950aae9951a4" executionId="45ec6374-a6d1-4085-804d-878beb95a0cb" testListId="8c84fa94-04c1-424b-9868-57a2d4851a1d" />
    <TestEntry testId="ce550e3b-fb5e-8235-4dda-e6aa28e0847f" executionId="bbaca7b9-9adf-43d7-85f6-1b5f65e2b9da" testListId="8c84fa94-04c1-424b-9868-57a2d4851a1d" />
    <TestEntry testId="28166fe4-26ce-faac-f1bc-5b7f335ee6ee" executionId="4de9fab7-2bb3-4aa8-9a60-062deac0dd1f" testListId="8c84fa94-04c1-424b-9868-57a2d4851a1d" />
    <TestEntry testId="1d1179ff-cba4-610a-fe26-d78d516e4015" executionId="dc82b75b-33b1-4e19-bb15-ef034fd05215" testListId="8c84fa94-04c1-424b-9868-57a2d4851a1d" />
    <TestEntry testId="3a04cb5d-9ead-6d40-9a67-750de42c95d9" executionId="2890eafa-775b-47cf-9296-377f016a8046" testListId="8c84fa94-04c1-424b-9868-57a2d4851a1d" />
    <TestEntry testId="f94d1f44-70e2-03cb-8765-5078c268bff1" executionId="c6d1342b-446f-4c04-8fc3-74dccc82e61a" testListId="8c84fa94-04c1-424b-9868-57a2d4851a1d" />
    <TestEntry testId="e3a6b508-cec7-8a64-6478-47fddbe7168a" executionId="6cbdb93f-55bd-48fd-9369-07562e91ed13" testListId="8c84fa94-04c1-424b-9868-57a2d4851a1d" />
    <TestEntry testId="5e06faca-da4c-0acf-3241-9a7a64c4104b" executionId="bf8c8cf4-e996-436c-a566-b8bb0066b07b" testListId="8c84fa94-04c1-424b-9868-57a2d4851a1d" />
    <TestEntry testId="a7ec9f03-8211-af61-93e0-0ac9819f71a3" executionId="74fad342-cdaa-42a6-b0fb-9ee63f92e973" testListId="8c84fa94-04c1-424b-9868-57a2d4851a1d" />
    <TestEntry testId="d8dae775-253e-f494-d099-0a78e83b55ca" executionId="e6bbafdb-fe7b-499d-9624-ab2a0a45ea06" testListId="8c84fa94-04c1-424b-9868-57a2d4851a1d" />
    <TestEntry testId="fe145ed9-4519-dfc1-7668-f65435672abf" executionId="190b6d40-f256-4941-b04f-63ed394caccb" testListId="8c84fa94-04c1-424b-9868-57a2d4851a1d" />
    <TestEntry testId="85915601-891d-334f-e466-4d3c0bc620da" executionId="aa032067-5807-44b0-8637-6a6f7e4b56dd" testListId="8c84fa94-04c1-424b-9868-57a2d4851a1d" />
    <TestEntry testId="14f193d6-6303-b383-4ef3-593fa89a90ac" executionId="3fa17146-8a43-4ce3-b095-478bee864ccf" testListId="8c84fa94-04c1-424b-9868-57a2d4851a1d" />
    <TestEntry testId="5ba4d833-ba44-9cec-0814-9ae14d63c51a" executionId="b5f9e9f5-cd85-47c9-8673-7cdf42cf1ff2" testListId="8c84fa94-04c1-424b-9868-57a2d4851a1d" />
    <TestEntry testId="d9190bed-9f15-2c67-3f3e-f151f5a7c7a1" executionId="8e49c8d0-bf9b-4e9b-afda-f2f4a2846567" testListId="8c84fa94-04c1-424b-9868-57a2d4851a1d" />
    <TestEntry testId="69863d47-ff00-866f-02bc-4eb24dcad546" executionId="3b5dfcf2-810f-4cdf-b97a-c12c295257db" testListId="8c84fa94-04c1-424b-9868-57a2d4851a1d" />
    <TestEntry testId="c6958c2e-1211-a468-50ae-8f83931ee2ba" executionId="c55a7559-108b-4dfe-a09c-87ebe231e25a" testListId="8c84fa94-04c1-424b-9868-57a2d4851a1d" />
    <TestEntry testId="c63147e1-d77f-28ab-4abe-edafe86b6ab7" executionId="89e74e2f-cd83-485e-a15a-93cfeb3879e7" testListId="8c84fa94-04c1-424b-9868-57a2d4851a1d" />
    <TestEntry testId="25fd2936-99d6-5f78-ff0e-4bfc299da5cf" executionId="124ac3e9-ccac-48cd-9b3f-4441ddc15e09" testListId="8c84fa94-04c1-424b-9868-57a2d4851a1d" />
    <TestEntry testId="1751c104-94a5-99a6-29b9-2dad756f41da" executionId="b68ab40a-010b-46d0-9d76-016317d5e7fd" testListId="8c84fa94-04c1-424b-9868-57a2d4851a1d" />
    <TestEntry testId="950bd106-cefe-51fb-a348-f5886e7102dc" executionId="17a4a90e-6711-468c-858d-32bb92a06018" testListId="8c84fa94-04c1-424b-9868-57a2d4851a1d" />
    <TestEntry testId="d0365555-1930-a1a2-3075-48298685d9b3" executionId="97027162-ede8-46b5-971b-4a1dd1c957dc" testListId="8c84fa94-04c1-424b-9868-57a2d4851a1d" />
    <TestEntry testId="5acd21a8-ecb8-6c18-2f1f-385cce2dca57" executionId="bef0550c-59c1-41c6-8900-ea420be6fc77" testListId="8c84fa94-04c1-424b-9868-57a2d4851a1d" />
    <TestEntry testId="bd261c42-0275-634a-3211-544fba7bc9fd" executionId="1d6da14c-4953-432d-80d3-b509d6f4e1ee" testListId="8c84fa94-04c1-424b-9868-57a2d4851a1d" />
    <TestEntry testId="afe38911-7f25-2dbb-1d96-713e89e56932" executionId="8f7fdc98-6b80-4e0a-b9de-2215701d45a2" testListId="8c84fa94-04c1-424b-9868-57a2d4851a1d" />
    <TestEntry testId="912e6008-effe-77ee-08eb-0a5585e3b021" executionId="38ec9772-d817-422c-aadd-d7799f11f141" testListId="8c84fa94-04c1-424b-9868-57a2d4851a1d" />
    <TestEntry testId="8b897dae-a980-6501-2143-d496d5dd8943" executionId="87369430-d56e-4765-8e7f-6d25f8e62548" testListId="8c84fa94-04c1-424b-9868-57a2d4851a1d" />
    <TestEntry testId="f1309f88-2ff6-b15c-ad19-75703e050bf3" executionId="92fe0c96-5c32-4233-93b9-56a1139a145a" testListId="8c84fa94-04c1-424b-9868-57a2d4851a1d" />
    <TestEntry testId="bf432947-91bb-b484-219d-0e46ec8c8d10" executionId="c64ba81f-648f-4482-b1b7-a69ded0112f0" testListId="8c84fa94-04c1-424b-9868-57a2d4851a1d" />
    <TestEntry testId="d11a7e02-7c8d-1369-18af-7f383b0c8aad" executionId="41d1a911-b8b3-4b87-b9a4-9619198c9eb3" testListId="8c84fa94-04c1-424b-9868-57a2d4851a1d" />
    <TestEntry testId="11611758-8a2d-98d4-68f0-1acb93e03482" executionId="500021f7-2e70-44f5-b14c-ca138ad6740d" testListId="8c84fa94-04c1-424b-9868-57a2d4851a1d" />
    <TestEntry testId="20259aa6-9993-9f25-996f-cb3948e5e50f" executionId="44381706-dbfc-445c-8e37-55d1a3734f3f" testListId="8c84fa94-04c1-424b-9868-57a2d4851a1d" />
    <TestEntry testId="44fddf77-db63-7321-edff-92438b081c3c" executionId="a4c42878-dd66-4943-9b80-407b11a94f19" testListId="8c84fa94-04c1-424b-9868-57a2d4851a1d" />
    <TestEntry testId="d2926b4f-6aa5-cd74-8b99-74faef0e1e07" executionId="650b63e8-f0a7-4ccb-bd94-d86eaa4813f2" testListId="8c84fa94-04c1-424b-9868-57a2d4851a1d" />
    <TestEntry testId="f1c28c3b-1c9c-8313-5235-b6572dedf219" executionId="99eda0e2-c5e0-4b69-a971-c204f68ed12d" testListId="8c84fa94-04c1-424b-9868-57a2d4851a1d" />
    <TestEntry testId="a5194f46-79f8-45c0-3e0e-2aaf8a690447" executionId="7b6391b4-d940-4cff-bd46-92133ad5613a" testListId="8c84fa94-04c1-424b-9868-57a2d4851a1d" />
    <TestEntry testId="2988d19e-2b66-c653-5b3c-1aebb2fdebce" executionId="b4353383-3058-45d4-8eb0-25cb716fc532" testListId="8c84fa94-04c1-424b-9868-57a2d4851a1d" />
    <TestEntry testId="00b8d928-4339-4568-03d0-cad31c3dc7d5" executionId="416a85c4-4810-48cd-b805-bc1d60355de9" testListId="8c84fa94-04c1-424b-9868-57a2d4851a1d" />
    <TestEntry testId="add6e6e3-2cce-43ff-f139-27352b8665a5" executionId="bee28e75-7884-4cc4-b49e-0828b8eeb092" testListId="8c84fa94-04c1-424b-9868-57a2d4851a1d" />
    <TestEntry testId="ba3dd785-ff26-9663-62c5-fca0791ae870" executionId="c8a1c0af-d518-45d4-b5a8-c891c294cb38" testListId="8c84fa94-04c1-424b-9868-57a2d4851a1d" />
    <TestEntry testId="c728d833-4d98-19ec-8f8c-1713dc342424" executionId="1769fdd3-d302-48fb-89b0-9c96694f5ab5" testListId="8c84fa94-04c1-424b-9868-57a2d4851a1d" />
    <TestEntry testId="52d9b04e-7bc1-d947-bfdc-9203bfc5ba73" executionId="e3497f83-84c8-4adb-ab42-599996ab2511" testListId="8c84fa94-04c1-424b-9868-57a2d4851a1d" />
    <TestEntry testId="0594cb89-d4a4-acea-5a7d-a3cab194de43" executionId="e665ace4-b62d-48bc-a5db-f92c71714485" testListId="8c84fa94-04c1-424b-9868-57a2d4851a1d" />
    <TestEntry testId="7ddaa77d-194d-305b-6ad5-548fba31b09d" executionId="93aa2752-eb9a-4709-a50b-b0192df6ab7c" testListId="8c84fa94-04c1-424b-9868-57a2d4851a1d" />
    <TestEntry testId="71080c3c-9431-9e3c-baad-45f8a187e224" executionId="5277e64e-03dc-4c91-a3f3-0b17c8aff772" testListId="8c84fa94-04c1-424b-9868-57a2d4851a1d" />
    <TestEntry testId="8dc0af2e-494a-eccd-2906-b2fa91b01ad8" executionId="aa221245-0e43-415d-a31d-3de6c0e810a0" testListId="8c84fa94-04c1-424b-9868-57a2d4851a1d" />
    <TestEntry testId="1629efe0-9191-93f2-a470-8c59fc6f03fd" executionId="a932a031-b4df-4ea2-8025-ffdbf8faa0de" testListId="8c84fa94-04c1-424b-9868-57a2d4851a1d" />
    <TestEntry testId="60ef1c80-9907-a90f-ace3-300f10410fd9" executionId="b024f93b-15e5-4efb-bab7-21af1668af38" testListId="8c84fa94-04c1-424b-9868-57a2d4851a1d" />
    <TestEntry testId="908505e0-6dbe-5112-0c6d-5ae1da39e25d" executionId="217d479f-df3b-4f79-b6c7-fd595a5d9784" testListId="8c84fa94-04c1-424b-9868-57a2d4851a1d" />
    <TestEntry testId="0ee9cd9d-7470-2c2e-5325-bf3eb354fecf" executionId="950a2bab-2129-4b08-b7b7-8dc5dbedd17e" testListId="8c84fa94-04c1-424b-9868-57a2d4851a1d" />
    <TestEntry testId="fd593795-cf74-7bd4-a127-cf2330cd7804" executionId="508d88f3-352d-4418-8746-a71bf7646d38" testListId="8c84fa94-04c1-424b-9868-57a2d4851a1d" />
    <TestEntry testId="3c8bd2aa-95c7-ecec-c821-41958d9b3346" executionId="0c858537-fa29-4fd7-9476-630c654ff873" testListId="8c84fa94-04c1-424b-9868-57a2d4851a1d" />
    <TestEntry testId="54bd66bc-fe6e-78ae-90e9-4c931906822f" executionId="732b833b-729b-4bda-9f18-8c4a24470f07" testListId="8c84fa94-04c1-424b-9868-57a2d4851a1d" />
    <TestEntry testId="4445ac4c-b46d-f11c-acba-82a19c9242a2" executionId="27a479f6-a2f8-428e-9474-15de593828ff" testListId="8c84fa94-04c1-424b-9868-57a2d4851a1d" />
    <TestEntry testId="78fcab9a-4eca-643e-3415-fecb53563147" executionId="52361598-01fa-407d-ab1f-c59eb92ab2ef" testListId="8c84fa94-04c1-424b-9868-57a2d4851a1d" />
    <TestEntry testId="9a0ed5ea-6377-c3da-9286-d083d8d8a62d" executionId="f3e7baf7-3270-483b-a5d8-57df8f589981" testListId="8c84fa94-04c1-424b-9868-57a2d4851a1d" />
    <TestEntry testId="416379e1-67b2-39cb-443e-005de5f754a7" executionId="9ae782a8-d53d-4a04-8a62-0081d02e6578" testListId="8c84fa94-04c1-424b-9868-57a2d4851a1d" />
    <TestEntry testId="457124d1-a573-0431-56b0-6b942599d433" executionId="efba09cb-dd67-4246-96db-89c18cd723a1" testListId="8c84fa94-04c1-424b-9868-57a2d4851a1d" />
    <TestEntry testId="a65f2ba0-c712-6dc8-23bd-29d8302df963" executionId="3e71e1cb-4fad-4f83-841a-1c93899b9335" testListId="8c84fa94-04c1-424b-9868-57a2d4851a1d" />
    <TestEntry testId="6c50d5f3-de15-a3c7-abe2-250af806489c" executionId="557e54d8-2b18-4aca-b9db-dd84ada0a387" testListId="8c84fa94-04c1-424b-9868-57a2d4851a1d" />
    <TestEntry testId="e1b7706a-172d-e60f-b39f-ef7e879c4eb7" executionId="84a563eb-6946-455b-8d90-df5becbb293b" testListId="8c84fa94-04c1-424b-9868-57a2d4851a1d" />
    <TestEntry testId="9e59a302-cc07-b98c-29b9-77d0d51ff0a9" executionId="05149ad1-eae7-4b4f-865d-f1e10b2401ac" testListId="8c84fa94-04c1-424b-9868-57a2d4851a1d" />
    <TestEntry testId="3e6d9283-736a-ed63-0edd-5f9d0ac9aab2" executionId="a5225d79-dcde-461a-bdbe-2ca58ca51949" testListId="8c84fa94-04c1-424b-9868-57a2d4851a1d" />
    <TestEntry testId="33e07624-fb6e-acb2-382b-1d352fb29518" executionId="ceff6bd5-4918-4bfe-a29e-89846583f3a1" testListId="8c84fa94-04c1-424b-9868-57a2d4851a1d" />
    <TestEntry testId="c80e2a59-65f8-56d8-6416-2b84e6db8b8c" executionId="429ee3b1-d670-48ee-b5da-40d6b0e4027d" testListId="8c84fa94-04c1-424b-9868-57a2d4851a1d" />
    <TestEntry testId="167cf20a-6594-f3c3-7db7-b0076d311b6e" executionId="5c8a9673-6b1b-4521-9ed9-cfdf57c55a4c" testListId="8c84fa94-04c1-424b-9868-57a2d4851a1d" />
    <TestEntry testId="172480ae-3d25-ec04-05c2-998043cc9eeb" executionId="03c4c05c-27e6-49a8-ae93-fbc75cf70ed5" testListId="8c84fa94-04c1-424b-9868-57a2d4851a1d" />
    <TestEntry testId="dd7b551b-864b-e749-8205-6adeec41c59f" executionId="2fa730cf-95fb-4b4c-95fd-a45bf5ed24a6" testListId="8c84fa94-04c1-424b-9868-57a2d4851a1d" />
    <TestEntry testId="ed8d3806-01b3-5b19-1f23-d76f96df2e68" executionId="e197e85b-c768-44b0-82ef-cc53976e4658" testListId="8c84fa94-04c1-424b-9868-57a2d4851a1d" />
    <TestEntry testId="775c451e-b4b1-9b8e-0d24-3c6f810bcdf3" executionId="e80876e8-2b07-48f1-9a9f-315cf15b16b0" testListId="8c84fa94-04c1-424b-9868-57a2d4851a1d" />
    <TestEntry testId="9d8fd74e-e299-ea60-183f-8a8794d38652" executionId="83b660f8-26a2-48db-a648-9d9ec9c3859c" testListId="8c84fa94-04c1-424b-9868-57a2d4851a1d" />
    <TestEntry testId="f341c209-c558-4eee-f023-f35e9a1c1d3b" executionId="4cc1a864-0798-4af5-80af-7166c5ad5790" testListId="8c84fa94-04c1-424b-9868-57a2d4851a1d" />
    <TestEntry testId="e7787031-f84a-bbdd-33e6-a29a494c929c" executionId="dfc6c433-80f7-4447-b614-e1a5bcd5c817" testListId="8c84fa94-04c1-424b-9868-57a2d4851a1d" />
    <TestEntry testId="df87f049-b7dd-9291-159f-7bf0db9acca0" executionId="effa5aa9-622b-4ac2-ae02-ef68d6e7ce6c" testListId="8c84fa94-04c1-424b-9868-57a2d4851a1d" />
    <TestEntry testId="af978c93-3e16-be87-de1b-fd4b0eae4dee" executionId="2a0381ab-9994-4b7a-8ede-4bfe9499baed" testListId="8c84fa94-04c1-424b-9868-57a2d4851a1d" />
    <TestEntry testId="eacddf62-a7c0-b8d8-d879-116bd0b430d7" executionId="7cf1aefb-cf25-4ebc-9fd7-232d40d78ed1" testListId="8c84fa94-04c1-424b-9868-57a2d4851a1d" />
    <TestEntry testId="c98b27b0-0207-2458-f396-e76a6fffcf36" executionId="3956874e-a113-46df-8efb-8f160ec3a30a" testListId="8c84fa94-04c1-424b-9868-57a2d4851a1d" />
    <TestEntry testId="2be407d4-c9d0-f45d-f433-415541947731" executionId="d2d5fe05-2b9d-4b2d-8fb5-4b34c9979052" testListId="8c84fa94-04c1-424b-9868-57a2d4851a1d" />
    <TestEntry testId="213d963a-c02f-1375-9038-d07975d6cde5" executionId="06f20b81-6da1-420a-a62a-3430d3b76628" testListId="8c84fa94-04c1-424b-9868-57a2d4851a1d" />
    <TestEntry testId="107aaa71-5e0c-0bea-5bd4-311f349c7ae0" executionId="54c31e52-55ea-42fc-a2eb-6661d9e66ba6" testListId="8c84fa94-04c1-424b-9868-57a2d4851a1d" />
    <TestEntry testId="04e5b6d6-71da-a84a-fc86-676f68f77ee6" executionId="ca7f8092-764f-4d3b-a465-f96a2342e005" testListId="8c84fa94-04c1-424b-9868-57a2d4851a1d" />
    <TestEntry testId="6b085bdd-a580-dad1-801d-19ec4ec2b908" executionId="a229169d-4303-4797-b8b1-7e5adc99f74d" testListId="8c84fa94-04c1-424b-9868-57a2d4851a1d" />
    <TestEntry testId="fae5280d-1505-ca03-4fe5-b6c1d0260dd3" executionId="13a59dd7-6148-4af1-bbd0-c7910a918e3f" testListId="8c84fa94-04c1-424b-9868-57a2d4851a1d" />
    <TestEntry testId="50326724-ee8a-fdf3-aa0f-9c7d1637a1e6" executionId="094cbb2a-5542-4000-9a9f-6a98a5c64498" testListId="8c84fa94-04c1-424b-9868-57a2d4851a1d" />
    <TestEntry testId="d0dc208b-ce6e-bdff-d40c-fab3c1eeeebe" executionId="67a38da7-0036-46c0-b015-bbc3eab3c1ed" testListId="8c84fa94-04c1-424b-9868-57a2d4851a1d" />
    <TestEntry testId="89b0830a-ec9c-4c5e-ef51-f105c8acee06" executionId="65fa74cc-6830-416e-8513-972a4d533581" testListId="8c84fa94-04c1-424b-9868-57a2d4851a1d" />
    <TestEntry testId="17c9756c-bd8c-9820-ab4c-eb4e5fbf5e7f" executionId="89327afb-6cc9-4477-8d33-30a599352b6e" testListId="8c84fa94-04c1-424b-9868-57a2d4851a1d" />
    <TestEntry testId="8e389031-8113-15b1-4581-2abec323db5a" executionId="8ebcfe21-6f34-4835-b91e-ca39f86c61a2" testListId="8c84fa94-04c1-424b-9868-57a2d4851a1d" />
    <TestEntry testId="2857cb5a-d919-8bea-21cd-2aaa71e36f3e" executionId="f7430d8e-55fa-46a8-90f4-2679bc8b2c96" testListId="8c84fa94-04c1-424b-9868-57a2d4851a1d" />
    <TestEntry testId="80e3cedf-64ae-f80d-7d13-63de9d8eb81e" executionId="4315a957-0068-4ab4-b06b-5f4f9635cef0" testListId="8c84fa94-04c1-424b-9868-57a2d4851a1d" />
    <TestEntry testId="92d2aaf8-1fbc-80ea-a6c0-8b99267d4263" executionId="89eab2d8-e3d3-40db-a7ca-d620292259dc" testListId="8c84fa94-04c1-424b-9868-57a2d4851a1d" />
    <TestEntry testId="365816ce-8e8f-1de8-acf1-514ae2a99437" executionId="633a4256-4ed7-4ab4-828d-2fa54edc8a1b" testListId="8c84fa94-04c1-424b-9868-57a2d4851a1d" />
    <TestEntry testId="500e6467-a087-3a81-26cc-9f68d44dd4e6" executionId="15be9f8c-d984-410a-a4e8-bab06c206a60" testListId="8c84fa94-04c1-424b-9868-57a2d4851a1d" />
    <TestEntry testId="035e08b5-da34-a1e3-8e35-a04e1a5d22ad" executionId="0e8fa36a-39b0-4383-8fdf-a17ed8f24937" testListId="8c84fa94-04c1-424b-9868-57a2d4851a1d" />
    <TestEntry testId="245f5c96-8e83-f1cf-5cfc-4a85383ef11c" executionId="d0f35fad-1bfb-49c6-a098-6c766035e9b9" testListId="8c84fa94-04c1-424b-9868-57a2d4851a1d" />
    <TestEntry testId="b5e93057-4240-81b9-c578-53a180a0dfc6" executionId="de474dc2-b009-4cbf-84ae-eb74754de8e5" testListId="8c84fa94-04c1-424b-9868-57a2d4851a1d" />
    <TestEntry testId="02f94163-521a-5a31-291c-169410a6268f" executionId="93d4b46e-958f-4a9b-8853-c781beb06f94" testListId="8c84fa94-04c1-424b-9868-57a2d4851a1d" />
    <TestEntry testId="336ab74b-a418-9b76-a7ce-0b22ebf390b3" executionId="0fe9bf15-5f3a-4e9d-a042-336b50803573" testListId="8c84fa94-04c1-424b-9868-57a2d4851a1d" />
    <TestEntry testId="25e33967-ffa4-1e3d-7dc1-42e047f701f6" executionId="0b6ce5b5-2206-413e-83b2-8d2b194cafce" testListId="8c84fa94-04c1-424b-9868-57a2d4851a1d" />
    <TestEntry testId="92906e6e-9844-f439-1584-defc5026ed0f" executionId="d5c1a889-810e-4eb4-bd88-17df921cad3c" testListId="8c84fa94-04c1-424b-9868-57a2d4851a1d" />
    <TestEntry testId="65371671-bacb-9070-4b27-7a42767e20a5" executionId="f513a31a-8576-464d-a10a-d9be87346a97" testListId="8c84fa94-04c1-424b-9868-57a2d4851a1d" />
    <TestEntry testId="4b32f76a-813e-f900-578a-7ab5b619990b" executionId="560003c5-1821-4971-ad61-45168385d15b" testListId="8c84fa94-04c1-424b-9868-57a2d4851a1d" />
    <TestEntry testId="4b37bf2e-7721-7ab8-4fdb-2ae25d4a99b7" executionId="1ea7e3b9-235d-484c-a82d-6a5a08201179" testListId="8c84fa94-04c1-424b-9868-57a2d4851a1d" />
    <TestEntry testId="219ceaeb-1569-afbf-966a-d5747ab020a4" executionId="617b0290-da1b-44ff-b39b-e03edf1f7db2" testListId="8c84fa94-04c1-424b-9868-57a2d4851a1d" />
    <TestEntry testId="319baaa0-b9c5-892c-99e5-6d89e6477a27" executionId="bb857b39-f6bf-4ceb-9c82-a4676089e887" testListId="8c84fa94-04c1-424b-9868-57a2d4851a1d" />
    <TestEntry testId="5f0db8ce-9fd5-8527-9212-81cdbf8d33f5" executionId="5ee7b7e3-7038-4ef1-9d94-977387eaca06" testListId="8c84fa94-04c1-424b-9868-57a2d4851a1d" />
    <TestEntry testId="6fb9ffd9-9a75-fdef-2339-2dd6610b2797" executionId="01b06082-cffe-4026-b11d-d4ba2c8dee08" testListId="8c84fa94-04c1-424b-9868-57a2d4851a1d" />
    <TestEntry testId="882f4f0f-5076-88cd-dd84-33991cb4a528" executionId="1a5be851-59ce-4474-b88a-a629d2010218" testListId="8c84fa94-04c1-424b-9868-57a2d4851a1d" />
    <TestEntry testId="05e78d00-1efc-2f8a-4cb2-cdbd1f4e5b20" executionId="4377409b-03ee-4b72-95e8-41392927d122" testListId="8c84fa94-04c1-424b-9868-57a2d4851a1d" />
    <TestEntry testId="c9572712-50ca-10f4-52ca-d9c5b0352518" executionId="2b97c313-1f57-458c-8f24-1e68de19a053" testListId="8c84fa94-04c1-424b-9868-57a2d4851a1d" />
    <TestEntry testId="1030d638-b7dc-159a-b34a-4f37fb22c3df" executionId="9c658718-f9c6-4644-b9f2-1563d4dfc57b" testListId="8c84fa94-04c1-424b-9868-57a2d4851a1d" />
    <TestEntry testId="667227f0-5d33-1f19-a374-394d675f2195" executionId="467c5c0c-f569-4c04-91f6-a0f336b6a1fe" testListId="8c84fa94-04c1-424b-9868-57a2d4851a1d" />
    <TestEntry testId="9bad8a8b-68b2-7b54-0bb8-ae130ebaf48f" executionId="6bc55fe8-f10d-4296-a411-64ce7cd5ed67" testListId="8c84fa94-04c1-424b-9868-57a2d4851a1d" />
    <TestEntry testId="c5fa4228-1cc6-f9b9-b888-d87cee87bc69" executionId="087323b8-8a8d-486a-be30-7b709a1d22c2" testListId="8c84fa94-04c1-424b-9868-57a2d4851a1d" />
    <TestEntry testId="4c18a841-7181-c4c7-573c-b2fd1757931b" executionId="b79ee8f3-5365-49a9-ba0c-a41aea72cbb2" testListId="8c84fa94-04c1-424b-9868-57a2d4851a1d" />
    <TestEntry testId="6d5e98f8-fb51-06b0-7b05-bcac8a34de34" executionId="fd951d64-3fe6-423f-a931-f4fbec83de7d" testListId="8c84fa94-04c1-424b-9868-57a2d4851a1d" />
    <TestEntry testId="cc6785f3-c963-bf21-6bf1-21a75f124d44" executionId="a49c0061-e59f-4f57-a167-3f9943703b98" testListId="8c84fa94-04c1-424b-9868-57a2d4851a1d" />
    <TestEntry testId="5df6a401-f668-0050-b293-96faed6ff1b2" executionId="a48c2af5-32a9-43ed-846a-c92b01e1068e" testListId="8c84fa94-04c1-424b-9868-57a2d4851a1d" />
    <TestEntry testId="01e7b061-ffbd-73fc-0ccb-813af7563b1c" executionId="322d210b-57b3-402f-bda0-62961c7badf2" testListId="8c84fa94-04c1-424b-9868-57a2d4851a1d" />
    <TestEntry testId="f1b9e1ee-a905-cd41-994f-cfea9699ebc9" executionId="1fab42f0-140c-49a0-b5db-03c1cd2d4e5f" testListId="8c84fa94-04c1-424b-9868-57a2d4851a1d" />
    <TestEntry testId="19f4c03e-a52e-4a3d-a289-ee96bbdc4573" executionId="cc6c3800-6a23-49c7-8190-2f91311bd1a6" testListId="8c84fa94-04c1-424b-9868-57a2d4851a1d" />
    <TestEntry testId="95e22259-9b99-59d0-36be-571f481c14c3" executionId="67593c15-db1b-4043-9fa3-07ce753ced1e" testListId="8c84fa94-04c1-424b-9868-57a2d4851a1d" />
    <TestEntry testId="b45b9b30-d54a-f4fb-d5f3-e088ca2399a5" executionId="a57f980a-1999-4e48-85f7-65ce7afa6ce3" testListId="8c84fa94-04c1-424b-9868-57a2d4851a1d" />
    <TestEntry testId="21e0230b-02ca-6a51-abf5-0294d2c2dc1a" executionId="d92803a8-c86e-45b3-8eca-dc929d3dd5fe" testListId="8c84fa94-04c1-424b-9868-57a2d4851a1d" />
    <TestEntry testId="6d6a1d8f-a70e-78d4-e945-bc4cb4555e19" executionId="28f945e7-82d6-4fac-ba19-9b96f95edfa7" testListId="8c84fa94-04c1-424b-9868-57a2d4851a1d" />
    <TestEntry testId="09caa532-26f2-e42b-454f-ab8551acb4c5" executionId="7a5331c9-2cd0-4d60-80ad-222db63bfe41" testListId="8c84fa94-04c1-424b-9868-57a2d4851a1d" />
    <TestEntry testId="be1e587c-1e19-3abf-4f81-34c4ec134584" executionId="252029fa-0c9d-4006-a7f1-b92885152431" testListId="8c84fa94-04c1-424b-9868-57a2d4851a1d" />
    <TestEntry testId="03c4b6fc-0bc3-094e-813a-a1bfef35cacb" executionId="5dd63882-5caa-40e7-b7f7-d5f214fc9d98" testListId="8c84fa94-04c1-424b-9868-57a2d4851a1d" />
    <TestEntry testId="b788e648-af20-ebc4-6743-d63e85496f7c" executionId="c54ad40b-f276-4d46-a226-c5c3d5bc1ce8" testListId="8c84fa94-04c1-424b-9868-57a2d4851a1d" />
    <TestEntry testId="4efc71fb-51fa-78b1-1603-6ae3b2875b9f" executionId="692e32a5-bace-4827-aae2-10e695ce0f1a" testListId="8c84fa94-04c1-424b-9868-57a2d4851a1d" />
    <TestEntry testId="6d62e9cd-a3ab-baba-f25a-6702661ec821" executionId="0d1ac475-988c-4468-8bcf-e8cb3f33fe51" testListId="8c84fa94-04c1-424b-9868-57a2d4851a1d" />
    <TestEntry testId="3a0c2b49-64e7-e45b-d824-d2f61cd1d938" executionId="de825d9c-0431-48dd-b660-11356abe8ab3" testListId="8c84fa94-04c1-424b-9868-57a2d4851a1d" />
    <TestEntry testId="56024ef0-78fe-9ea3-2b40-7193d6d6f3f6" executionId="7194920c-cc05-4468-bc35-f469bd43b0e7" testListId="8c84fa94-04c1-424b-9868-57a2d4851a1d" />
    <TestEntry testId="658a7383-2992-2ecf-14af-7ffe0c8026b2" executionId="1e996b48-432f-427c-89d4-2f1e462166dd" testListId="8c84fa94-04c1-424b-9868-57a2d4851a1d" />
    <TestEntry testId="e3506daf-368c-2f4b-3297-b01bf105a1d6" executionId="4cb14f49-22c1-4884-b188-8faaa1fba001" testListId="8c84fa94-04c1-424b-9868-57a2d4851a1d" />
    <TestEntry testId="17b9d04c-a2b2-7f4c-d00c-c91f7910196b" executionId="210c14b5-f881-47e8-9970-1e453c4123a9" testListId="8c84fa94-04c1-424b-9868-57a2d4851a1d" />
    <TestEntry testId="75adc562-6c3e-c3a8-fe2c-5f0a90501b36" executionId="667e8ab7-481a-48c1-8c77-189d4318ec71" testListId="8c84fa94-04c1-424b-9868-57a2d4851a1d" />
    <TestEntry testId="074a2641-a169-b249-5b9a-c1e0fb1ec78b" executionId="54a323d3-1d40-4759-8d56-6d577fb891fd" testListId="8c84fa94-04c1-424b-9868-57a2d4851a1d" />
    <TestEntry testId="6e4e7939-41a8-e39d-c0b9-0c2d3c333db0" executionId="f8451b89-7a5c-4cba-86db-929a3668673d" testListId="8c84fa94-04c1-424b-9868-57a2d4851a1d" />
    <TestEntry testId="c141825f-4012-76c4-d28f-84edfa2d5ed4" executionId="1bf39f4b-229e-4b48-b35b-2f492ef7f120" testListId="8c84fa94-04c1-424b-9868-57a2d4851a1d" />
    <TestEntry testId="ac89852b-1d38-dc8f-dbf8-4001bdcf752b" executionId="c7568117-acbb-462a-80d1-77d2ae8b004b" testListId="8c84fa94-04c1-424b-9868-57a2d4851a1d" />
    <TestEntry testId="55e132e1-5028-60a9-9acc-5e25938ef2fc" executionId="0cd00fde-dc83-4641-aaeb-a3a27e888b38" testListId="8c84fa94-04c1-424b-9868-57a2d4851a1d" />
    <TestEntry testId="33028fb9-1d87-1a43-83ff-2a6b5585469c" executionId="c18329cc-e1e2-4001-938a-406d9a3a9932" testListId="8c84fa94-04c1-424b-9868-57a2d4851a1d" />
    <TestEntry testId="dee8a70d-a195-fd36-836a-f26cf61939f5" executionId="fd3919e2-f3af-4d8a-96c4-ccdee3476375" testListId="8c84fa94-04c1-424b-9868-57a2d4851a1d" />
    <TestEntry testId="e5b71c35-5146-37a2-0fcf-504ae9f36a5b" executionId="3aeba54e-ad30-4abe-acb0-cbae69bc845d" testListId="8c84fa94-04c1-424b-9868-57a2d4851a1d" />
    <TestEntry testId="a3d8e17a-a64e-08f1-a05f-b5f78901f4bd" executionId="0f2eb299-81ae-4619-b9b1-f2b8d3c799e6" testListId="8c84fa94-04c1-424b-9868-57a2d4851a1d" />
    <TestEntry testId="b7640aba-c319-bbf1-98fb-fd0082a47c0f" executionId="4f3efc04-dbf1-4338-97e7-b2765d468315" testListId="8c84fa94-04c1-424b-9868-57a2d4851a1d" />
    <TestEntry testId="4c2024f6-a1f9-3d6d-6f76-00f9421ca46d" executionId="2295dda3-7817-4f03-8212-53f22a0eef93" testListId="8c84fa94-04c1-424b-9868-57a2d4851a1d" />
    <TestEntry testId="548bfdf0-f152-8168-e3b3-bbc5db0bbb62" executionId="291d2d26-8f0e-4939-9acb-a29e7340ff81" testListId="8c84fa94-04c1-424b-9868-57a2d4851a1d" />
    <TestEntry testId="4b6cdde0-ce6a-4a75-bbeb-1c14b9e793c8" executionId="55cf079d-a614-44e7-9017-8aef21368f1e" testListId="8c84fa94-04c1-424b-9868-57a2d4851a1d" />
    <TestEntry testId="637babd6-ea5e-3905-4048-abd2c0067ff6" executionId="c5872daa-fead-4a6b-8bcd-2755b9a13873" testListId="8c84fa94-04c1-424b-9868-57a2d4851a1d" />
    <TestEntry testId="15f97b7d-ee0c-f196-d537-0af3aae996a7" executionId="921b6a30-9db2-45b7-8625-8421b5cb3726" testListId="8c84fa94-04c1-424b-9868-57a2d4851a1d" />
    <TestEntry testId="7904009c-4ad2-0e30-a546-cec4675386e9" executionId="be167f8c-7d77-4419-a4b4-e7af654a38e3" testListId="8c84fa94-04c1-424b-9868-57a2d4851a1d" />
    <TestEntry testId="96d89a37-3aed-e0d2-24ca-ae6588cd7280" executionId="e4488a6e-e716-4e02-9c91-01f478765a48" testListId="8c84fa94-04c1-424b-9868-57a2d4851a1d" />
    <TestEntry testId="c9d0e2ab-c652-23a5-4eed-a39d19a9f56c" executionId="b5377d99-6d45-4e67-9160-e617b0bf577c" testListId="8c84fa94-04c1-424b-9868-57a2d4851a1d" />
    <TestEntry testId="619647c0-9a9d-fa7b-f6f2-42bc2c395f61" executionId="fcd07376-bb10-4f1d-bda7-fcc11917e3a9" testListId="8c84fa94-04c1-424b-9868-57a2d4851a1d" />
    <TestEntry testId="f7ee04f8-b3e2-ba4a-ea7a-9d3171821214" executionId="37ce4181-7727-4efe-b1f5-edca083ec632" testListId="8c84fa94-04c1-424b-9868-57a2d4851a1d" />
    <TestEntry testId="4db3e50b-7d6f-2d6c-94ac-113f23c21203" executionId="088cfd00-4300-4061-8c29-8ebf60bba6b5" testListId="8c84fa94-04c1-424b-9868-57a2d4851a1d" />
    <TestEntry testId="4f01a021-9a46-d07c-823c-2abb2737ab96" executionId="ee7ef6fa-61d6-485a-afea-dc6c8f1d513e" testListId="8c84fa94-04c1-424b-9868-57a2d4851a1d" />
    <TestEntry testId="dedeb234-1613-365b-f1ad-fd6556847176" executionId="e8f8911a-59a7-4494-a4c5-99164f8d75e2" testListId="8c84fa94-04c1-424b-9868-57a2d4851a1d" />
    <TestEntry testId="93ed8553-180c-a248-39a7-30bda0c84e6d" executionId="8bee3d6d-2692-4723-80be-429e73977ba3" testListId="8c84fa94-04c1-424b-9868-57a2d4851a1d" />
    <TestEntry testId="e85b6859-3500-705b-3241-3ecac734ddcf" executionId="ca83a713-4436-4155-8a2e-aa5cb7726ae7" testListId="8c84fa94-04c1-424b-9868-57a2d4851a1d" />
    <TestEntry testId="e61b9598-f3f4-b15d-2ba4-71999f62b38e" executionId="f86d6c5b-e0ff-416b-8155-91ef7f7147ec" testListId="8c84fa94-04c1-424b-9868-57a2d4851a1d" />
    <TestEntry testId="c4adfd84-3c91-4383-bcb1-e782364a2351" executionId="47d566d9-11b5-4607-96b8-b47baf33bd15" testListId="8c84fa94-04c1-424b-9868-57a2d4851a1d" />
    <TestEntry testId="9826d470-d793-1d98-d7bd-575977df8279" executionId="ba1901e1-a37b-4771-96e1-fa8ee44ca3e5" testListId="8c84fa94-04c1-424b-9868-57a2d4851a1d" />
    <TestEntry testId="591016b0-5a40-7f6d-6a71-7809bf64de51" executionId="61e555d3-2599-4297-8f41-236d7cdaef8b" testListId="8c84fa94-04c1-424b-9868-57a2d4851a1d" />
    <TestEntry testId="74559eb5-9699-a186-e905-ce60c0e8dfa0" executionId="579bcee1-e2f7-40c7-8f33-44335e61dd3d" testListId="8c84fa94-04c1-424b-9868-57a2d4851a1d" />
    <TestEntry testId="56ae9f34-1804-f744-2d0e-25df2786c2c1" executionId="9df2bed5-1de2-491c-a196-1f49e18ee5bb" testListId="8c84fa94-04c1-424b-9868-57a2d4851a1d" />
    <TestEntry testId="14b1ae54-c1b2-fef1-17d2-a8268062fa1c" executionId="071a0680-69ef-4210-aeb5-b8e8bc4c49e2" testListId="8c84fa94-04c1-424b-9868-57a2d4851a1d" />
    <TestEntry testId="89f56a6f-b4b8-4570-2e93-049f82234805" executionId="08ffb5b4-f66a-42c3-a9cf-c7eb71ca1778" testListId="8c84fa94-04c1-424b-9868-57a2d4851a1d" />
    <TestEntry testId="9f294d49-4971-d70a-ebe8-64f4dc3d830c" executionId="366cb6fd-1573-4e3c-8059-2a0dc3bc69ef" testListId="8c84fa94-04c1-424b-9868-57a2d4851a1d" />
    <TestEntry testId="23257223-a390-3f97-dc65-fa4d02e6c3a8" executionId="f89a1189-9200-4cbc-981e-faa84668b7a1" testListId="8c84fa94-04c1-424b-9868-57a2d4851a1d" />
    <TestEntry testId="c53a8475-aa86-318a-7a34-19aafebf10f2" executionId="4ace2d78-e44e-49f9-9ec0-854b32bf3924" testListId="8c84fa94-04c1-424b-9868-57a2d4851a1d" />
    <TestEntry testId="4780daf3-869d-eb20-cb0f-73b9e8479072" executionId="1dc98897-7f75-4b84-b7e7-b0c767217f2c" testListId="8c84fa94-04c1-424b-9868-57a2d4851a1d" />
    <TestEntry testId="7659438b-b47b-686a-8457-37cca31a047e" executionId="b7dee96d-cc8a-4314-89a2-bfb77d4a1fd5" testListId="8c84fa94-04c1-424b-9868-57a2d4851a1d" />
    <TestEntry testId="8fa2df84-2d6d-ab4e-8e77-e609b6107d2d" executionId="c44a2ed9-be1f-471d-8c3d-809dcc4b104a" testListId="8c84fa94-04c1-424b-9868-57a2d4851a1d" />
    <TestEntry testId="170ca2b7-2491-6355-7cef-eec204928b35" executionId="d3ba6981-e2be-4a24-b7c6-15d2f744371e" testListId="8c84fa94-04c1-424b-9868-57a2d4851a1d" />
  </TestEntries>
  <TestLists>
    <TestList name="Results Not in a List" id="8c84fa94-04c1-424b-9868-57a2d4851a1d" />
    <TestList name="All Loaded Results" id="19431567-8539-422a-85d7-44ee4e166bda" />
  </TestLists>
  <ResultSummary outcome="Completed">
    <Counters total="441" executed="429" passed="429" failed="0" error="0" timeout="0" aborted="0" inconclusive="0" passedButRunAborted="0" notRunnable="0" notExecuted="0" disconnected="0" warning="0" completed="0" inProgress="0" pending="0" />
    <Output>
      <StdOut>Test 'SetResetEarlyAdopterResourceQuantities_UpdateMeterNoPermission' was skipped in the test run.Test 'SetResetEarlyAdopterResourceQuantities_WithMetersPermisions' was skipped in the test run.Test 'ControllerSetAccountQuantity_ServiceExceptionTest' was skipped in the test run.Test 'ControllerSetAccountQuantity_NullMaximumAndIncluded' was skipped in the test run.Test 'PlatformSubscriptionLinkAccount_MultipleAccountsPerSubscriptionTest' was skipped in the test run.Test 'PlatformSubscriptionLinkAccount_FailureAccountAlreadyLinkedTest' was skipped in the test run.Test 'IntrinsicsSettingsManager_LicenseResource' was skipped in the test run.Test 'IntrinsicsSettingsManager_MultipleResources' was skipped in the test run.Test 'ControllerReportUsage_Test' was skipped in the test run.Test 'ControllerReportUsage_ServiceExceptionTest' was skipped in the test run.Test 'PlatformBillingService_ReportUsageQueuingNewJob' was skipped in the test run.Test 'MeterResetJob_ShouldBillUser_Negative' was skipped in the test run.</StdOut>
    </Output>
  </ResultSummary>
</TestRun>