<?xml version="1.0" encoding="UTF-8"?>
<TestRun id="557a1289-e421-4019-b396-e961ed2b7d74" name="tfsmladm@TFSBUILD11 2015-09-28 09:43:32" runUser="REDMOND\tfsmladm" xmlns="http://microsoft.com/schemas/VisualStudio/TeamTest/2010">
  <Times creation="2015-09-28T09:43:32.0936996-07:00" queuing="2015-09-28T09:43:32.0936996-07:00" start="2015-09-28T09:43:32.0936996-07:00" finish="2015-09-28T09:43:33.3437879-07:00" />
  <TestSettings name="default" id="8392e99e-96a4-49c5-9716-f5f6fdee3b07">
    <Execution>
      <TestTypeSpecific />
    </Execution>
    <Deployment runDeploymentRoot="tfsmladm_TFSBUILD11 2015-09-28 09_43_32" />
    <Properties />
  </TestSettings>
  <Results>
    <UnitTestResult executionId="206d3588-24fb-4df8-bb98-2c99923808b3" testId="4807cae3-804a-7113-a863-4bc845f4e4a1" testName="FileContainerArtifactProvider_UpdateReferences_SetsDownloadUrl" computerName="TFSBUILD11" duration="00:00:00.3795553" startTime="2015-09-28T09:43:31.2967680-07:00" endTime="2015-09-28T09:43:31.7186738-07:00" testType="13cdc9d9-ddb5-4fa4-a97d-d965ccfc6d4b" outcome="Passed" testListId="8c84fa94-04c1-424b-9868-57a2d4851a1d" relativeResultsDirectory="206d3588-24fb-4df8-bb98-2c99923808b3" />
    <UnitTestResult executionId="9b0f8b9b-eef8-4e13-8877-21851093d3a5" testId="dea2051b-35f0-1538-d802-acc594bb775b" testName="FileContainerArtifactProvider_GetDownloadResponse" computerName="TFSBUILD11" duration="00:00:00.0635217" startTime="2015-09-28T09:43:31.7342999-07:00" endTime="2015-09-28T09:43:31.7968038-07:00" testType="13cdc9d9-ddb5-4fa4-a97d-d965ccfc6d4b" outcome="Passed" testListId="8c84fa94-04c1-424b-9868-57a2d4851a1d" relativeResultsDirectory="9b0f8b9b-eef8-4e13-8877-21851093d3a5" />
    <UnitTestResult executionId="2a243169-edb7-409e-8f95-163caffae58b" testId="9e04ea3a-f112-13fa-f238-53ded5ca0842" testName="FileContainerArtifactProvider_GetDownloadResponse_InvalidArtifactData" computerName="TFSBUILD11" duration="00:00:00.0065365" startTime="2015-09-28T09:43:31.7968038-07:00" endTime="2015-09-28T09:43:31.7968038-07:00" testType="13cdc9d9-ddb5-4fa4-a97d-d965ccfc6d4b" outcome="Passed" testListId="8c84fa94-04c1-424b-9868-57a2d4851a1d" relativeResultsDirectory="2a243169-edb7-409e-8f95-163caffae58b" />
    <UnitTestResult executionId="b2c5c87b-6330-43dd-b08a-4f57fa101778" testId="6bf90e94-75fc-6c79-80ab-645a285a8590" testName="SvnSourceProvider_GetServiceEndpoint" computerName="TFSBUILD11" duration="00:00:00.0239891" startTime="2015-09-28T09:43:31.7968038-07:00" endTime="2015-09-28T09:43:31.8280555-07:00" testType="13cdc9d9-ddb5-4fa4-a97d-d965ccfc6d4b" outcome="Passed" testListId="8c84fa94-04c1-424b-9868-57a2d4851a1d" relativeResultsDirectory="b2c5c87b-6330-43dd-b08a-4f57fa101778" />
    <UnitTestResult executionId="5e8a2a5e-adb0-4632-ab39-776d8fe3b341" testId="78a22e82-9cff-5605-6fda-ee727f7d4567" testName="SvnSourceProvider_SetRepositoryDefaultInfo" computerName="TFSBUILD11" duration="00:00:00.0043408" startTime="2015-09-28T09:43:31.8280555-07:00" endTime="2015-09-28T09:43:31.8280555-07:00" testType="13cdc9d9-ddb5-4fa4-a97d-d965ccfc6d4b" outcome="Passed" testListId="8c84fa94-04c1-424b-9868-57a2d4851a1d" relativeResultsDirectory="5e8a2a5e-adb0-4632-ab39-776d8fe3b341" />
    <UnitTestResult executionId="2ad109dd-0bfb-4237-94e5-0fdbfddb06d1" testId="c6e139b8-60b9-76f4-dc74-d5a6378bdbca" testName="SvnSourceProvider_BeforeSerialize_AlreadyNormalized" computerName="TFSBUILD11" duration="00:00:00.2002186" startTime="2015-09-28T09:43:31.8280555-07:00" endTime="2015-09-28T09:43:32.0311949-07:00" testType="13cdc9d9-ddb5-4fa4-a97d-d965ccfc6d4b" outcome="Passed" testListId="8c84fa94-04c1-424b-9868-57a2d4851a1d" relativeResultsDirectory="2ad109dd-0bfb-4237-94e5-0fdbfddb06d1" />
    <UnitTestResult executionId="57500375-66b4-4e8e-ab64-e95ef2256930" testId="349f8115-af62-2619-acb4-aa279da73c90" testName="SvnSourceProvider_BeforeSerialize_NotNormalized_Branch" computerName="TFSBUILD11" duration="00:00:00.0039184" startTime="2015-09-28T09:43:32.0311949-07:00" endTime="2015-09-28T09:43:32.0311949-07:00" testType="13cdc9d9-ddb5-4fa4-a97d-d965ccfc6d4b" outcome="Passed" testListId="8c84fa94-04c1-424b-9868-57a2d4851a1d" relativeResultsDirectory="57500375-66b4-4e8e-ab64-e95ef2256930" />
    <UnitTestResult executionId="8ce5666c-0319-4477-83cf-0c28cb49da97" testId="1f2f8713-b750-9471-57ba-959924c0fa9e" testName="SvnSourceProvider_BeforeSerialize_NotNormalized_Mappings" computerName="TFSBUILD11" duration="00:00:00.0048491" startTime="2015-09-28T09:43:32.0311949-07:00" endTime="2015-09-28T09:43:32.0468213-07:00" testType="13cdc9d9-ddb5-4fa4-a97d-d965ccfc6d4b" outcome="Passed" testListId="8c84fa94-04c1-424b-9868-57a2d4851a1d" relativeResultsDirectory="8ce5666c-0319-4477-83cf-0c28cb49da97" />
    <UnitTestResult executionId="40763d46-9f4e-448a-ad38-1e8f666589f8" testId="5aeaf5f2-ed43-279c-f557-d18cd6877c0e" testName="SvnSourceProvider_ValidateRepository" computerName="TFSBUILD11" duration="00:00:00.0100070" startTime="2015-09-28T09:43:32.0468213-07:00" endTime="2015-09-28T09:43:32.0468213-07:00" testType="13cdc9d9-ddb5-4fa4-a97d-d965ccfc6d4b" outcome="Passed" testListId="8c84fa94-04c1-424b-9868-57a2d4851a1d" relativeResultsDirectory="40763d46-9f4e-448a-ad38-1e8f666589f8" />
    <UnitTestResult executionId="56e8d074-dd34-418f-8172-5bb5621a5194" testId="eeb731b4-4bd8-5920-cf7b-c9a762f3f397" testName="SvnSourceProvider_RepositoryType_Get" computerName="TFSBUILD11" duration="00:00:00.0052496" startTime="2015-09-28T09:43:32.0624474-07:00" endTime="2015-09-28T09:43:32.0624474-07:00" testType="13cdc9d9-ddb5-4fa4-a97d-d965ccfc6d4b" outcome="Passed" testListId="8c84fa94-04c1-424b-9868-57a2d4851a1d" relativeResultsDirectory="56e8d074-dd34-418f-8172-5bb5621a5194" />
    <UnitTestResult executionId="badd6f4c-412c-4916-9be5-5509cd224dd9" testId="1f3c50d0-f3b5-bc4d-92d5-c41c6f95eefb" testName="SvnSourceProvider_HasTriggerBeenInvalidated_Identical" computerName="TFSBUILD11" duration="00:00:00.0046478" startTime="2015-09-28T09:43:32.0624474-07:00" endTime="2015-09-28T09:43:32.0624474-07:00" testType="13cdc9d9-ddb5-4fa4-a97d-d965ccfc6d4b" outcome="Passed" testListId="8c84fa94-04c1-424b-9868-57a2d4851a1d" relativeResultsDirectory="badd6f4c-412c-4916-9be5-5509cd224dd9" />
    <UnitTestResult executionId="0007b1a9-4a0f-4314-b84e-ed911ffa77a1" testId="7cc9bf91-c0e9-c337-c99a-f07550c81f34" testName="SvnSourceProvider_HasTriggerBeenInvalidated_LaterCreatedDate" computerName="TFSBUILD11" duration="00:00:00.0042584" startTime="2015-09-28T09:43:32.0624474-07:00" endTime="2015-09-28T09:43:32.0780735-07:00" testType="13cdc9d9-ddb5-4fa4-a97d-d965ccfc6d4b" outcome="Passed" testListId="8c84fa94-04c1-424b-9868-57a2d4851a1d" relativeResultsDirectory="0007b1a9-4a0f-4314-b84e-ed911ffa77a1" />
    <UnitTestResult executionId="5630ab02-d52f-4f3e-a276-815c9cc713e2" testId="7b2888c2-ff2d-cad4-a80e-dc264d493aa5" testName="SvnSourceProvider_HasTriggerBeenInvalidated_ChangedRepoUrlCase" computerName="TFSBUILD11" duration="00:00:00.0045112" startTime="2015-09-28T09:43:32.0780735-07:00" endTime="2015-09-28T09:43:32.0780735-07:00" testType="13cdc9d9-ddb5-4fa4-a97d-d965ccfc6d4b" outcome="Passed" testListId="8c84fa94-04c1-424b-9868-57a2d4851a1d" relativeResultsDirectory="5630ab02-d52f-4f3e-a276-815c9cc713e2" />
    <UnitTestResult executionId="82116f3e-943e-4b52-960c-83e08d14680c" testId="a4817e7c-c881-4ce2-42b9-eabb53efc28f" testName="SvnSourceProvider_HasTriggerBeenInvalidated_ChangedRepoDefaultBranch_CaseChange" computerName="TFSBUILD11" duration="00:00:00.0043949" startTime="2015-09-28T09:43:32.0780735-07:00" endTime="2015-09-28T09:43:32.0780735-07:00" testType="13cdc9d9-ddb5-4fa4-a97d-d965ccfc6d4b" outcome="Passed" testListId="8c84fa94-04c1-424b-9868-57a2d4851a1d" relativeResultsDirectory="82116f3e-943e-4b52-960c-83e08d14680c" />
    <UnitTestResult executionId="8aa4eaa8-d50e-4e7f-99ba-11812b5ddb7f" testId="af5e3917-3984-bf07-3a9a-587edf490a35" testName="SvnSourceProvider_HasTriggerBeenInvalidated_ChangedRepoDefaultBranch_NameChange" computerName="TFSBUILD11" duration="00:00:00.0042584" startTime="2015-09-28T09:43:32.0780735-07:00" endTime="2015-09-28T09:43:32.0936996-07:00" testType="13cdc9d9-ddb5-4fa4-a97d-d965ccfc6d4b" outcome="Passed" testListId="8c84fa94-04c1-424b-9868-57a2d4851a1d" relativeResultsDirectory="8aa4eaa8-d50e-4e7f-99ba-11812b5ddb7f" />
    <UnitTestResult executionId="7b42d6ad-9f7c-4784-a7ba-62725c5c9524" testId="64ae59dd-eb8a-b018-9efd-a063e6e8b46c" testName="SvnSourceProvider_HasTriggerBeenInvalidated_ChangedRepoUrlScheme" computerName="TFSBUILD11" duration="00:00:00.0037572" startTime="2015-09-28T09:43:32.0936996-07:00" endTime="2015-09-28T09:43:32.0936996-07:00" testType="13cdc9d9-ddb5-4fa4-a97d-d965ccfc6d4b" outcome="Passed" testListId="8c84fa94-04c1-424b-9868-57a2d4851a1d" relativeResultsDirectory="7b42d6ad-9f7c-4784-a7ba-62725c5c9524" />
    <UnitTestResult executionId="571b649d-5c80-4d45-a6e8-542051f2682c" testId="a88e9605-6598-b2d5-affd-0722d1856d81" testName="SvnSourceProvider_HasTriggerBeenInvalidated_ChangedRepoUrlHost" computerName="TFSBUILD11" duration="00:00:00.0040189" startTime="2015-09-28T09:43:32.0936996-07:00" endTime="2015-09-28T09:43:32.0936996-07:00" testType="13cdc9d9-ddb5-4fa4-a97d-d965ccfc6d4b" outcome="Passed" testListId="8c84fa94-04c1-424b-9868-57a2d4851a1d" relativeResultsDirectory="571b649d-5c80-4d45-a6e8-542051f2682c" />
    <UnitTestResult executionId="07dbaebf-7fba-41c3-bda8-f73cbaebee7e" testId="99c6e77c-1fc9-8274-f8ee-e071ea609497" testName="SvnSourceProvider_HasTriggerBeenInvalidated_AddedDefaultRepoUrlPort" computerName="TFSBUILD11" duration="00:00:00.0040240" startTime="2015-09-28T09:43:32.0936996-07:00" endTime="2015-09-28T09:43:32.0936996-07:00" testType="13cdc9d9-ddb5-4fa4-a97d-d965ccfc6d4b" outcome="Passed" testListId="8c84fa94-04c1-424b-9868-57a2d4851a1d" relativeResultsDirectory="07dbaebf-7fba-41c3-bda8-f73cbaebee7e" />
    <UnitTestResult executionId="608ab2a7-4ddb-40cd-acdf-fe31e9140f24" testId="16fa9959-a220-9f1c-5ccd-ee57a00576ae" testName="SvnSourceProvider_HasTriggerBeenInvalidated_ChangedRepoUrlPort" computerName="TFSBUILD11" duration="00:00:00.0037509" startTime="2015-09-28T09:43:32.0936996-07:00" endTime="2015-09-28T09:43:32.1093257-07:00" testType="13cdc9d9-ddb5-4fa4-a97d-d965ccfc6d4b" outcome="Passed" testListId="8c84fa94-04c1-424b-9868-57a2d4851a1d" relativeResultsDirectory="608ab2a7-4ddb-40cd-acdf-fe31e9140f24" />
    <UnitTestResult executionId="1dfa5e60-da61-435a-a1d2-45733618f027" testId="72985b4a-b1d0-1258-4f61-a7eb70127c29" testName="SvnSourceProvider_HasTriggerBeenInvalidated_ChangedRepoUrlPath" computerName="TFSBUILD11" duration="00:00:00.0043386" startTime="2015-09-28T09:43:32.1093257-07:00" endTime="2015-09-28T09:43:32.1093257-07:00" testType="13cdc9d9-ddb5-4fa4-a97d-d965ccfc6d4b" outcome="Passed" testListId="8c84fa94-04c1-424b-9868-57a2d4851a1d" relativeResultsDirectory="1dfa5e60-da61-435a-a1d2-45733618f027" />
    <UnitTestResult executionId="16fcad6c-a1fd-455c-ab4c-f54269a6a999" testId="f7421679-3dbe-9e64-3f25-8cbedae3fab6" testName="SvnSourceProvider_GetLatestSourceVersion_Basic" computerName="TFSBUILD11" duration="00:00:00.0446827" startTime="2015-09-28T09:43:32.1093257-07:00" endTime="2015-09-28T09:43:32.1562038-07:00" testType="13cdc9d9-ddb5-4fa4-a97d-d965ccfc6d4b" outcome="Passed" testListId="8c84fa94-04c1-424b-9868-57a2d4851a1d" relativeResultsDirectory="16fcad6c-a1fd-455c-ab4c-f54269a6a999" />
    <UnitTestResult executionId="27a4cc73-bf27-4db1-9e74-3faa9640d642" testId="78b23fa3-3c24-6dec-adf7-526b1af6f0c3" testName="SvnSourceProvider_GetSourceVersionsToBuild_PrevVersionNull" computerName="TFSBUILD11" duration="00:00:00.0082807" startTime="2015-09-28T09:43:32.1562038-07:00" endTime="2015-09-28T09:43:32.1562038-07:00" testType="13cdc9d9-ddb5-4fa4-a97d-d965ccfc6d4b" outcome="Passed" testListId="8c84fa94-04c1-424b-9868-57a2d4851a1d" relativeResultsDirectory="27a4cc73-bf27-4db1-9e74-3faa9640d642" />
    <UnitTestResult executionId="d05af638-c871-425f-bf08-a23fd9fffd79" testId="42fbc9b3-c44f-f6c8-d5d3-48ea64c62afb" testName="SvnSourceProvider_GetSourceVersionsToBuild_NoItems" computerName="TFSBUILD11" duration="00:00:00.0037270" startTime="2015-09-28T09:43:32.1562038-07:00" endTime="2015-09-28T09:43:32.1718302-07:00" testType="13cdc9d9-ddb5-4fa4-a97d-d965ccfc6d4b" outcome="Passed" testListId="8c84fa94-04c1-424b-9868-57a2d4851a1d" relativeResultsDirectory="d05af638-c871-425f-bf08-a23fd9fffd79" />
    <UnitTestResult executionId="ed7a3700-2804-40dd-918a-4f8e22d4ee63" testId="5fc536e3-5c22-9408-9780-18872ca98023" testName="SvnSourceProvider_GetSourceVersionsToBuild_OneItemButSameAsLast_FirstItem" computerName="TFSBUILD11" duration="00:00:00.0054482" startTime="2015-09-28T09:43:32.1718302-07:00" endTime="2015-09-28T09:43:32.1718302-07:00" testType="13cdc9d9-ddb5-4fa4-a97d-d965ccfc6d4b" outcome="Passed" testListId="8c84fa94-04c1-424b-9868-57a2d4851a1d" relativeResultsDirectory="ed7a3700-2804-40dd-918a-4f8e22d4ee63" />
    <UnitTestResult executionId="7a6061aa-1dda-48a6-86d1-f7728913c649" testId="1404ae5c-c78b-a90b-bbaf-339c4da326ca" testName="SvnSourceProvider_GetSourceVersionsToBuild_OneItemButSameAsLast_SecondItem" computerName="TFSBUILD11" duration="00:00:00.0039011" startTime="2015-09-28T09:43:32.1718302-07:00" endTime="2015-09-28T09:43:32.1718302-07:00" testType="13cdc9d9-ddb5-4fa4-a97d-d965ccfc6d4b" outcome="Passed" testListId="8c84fa94-04c1-424b-9868-57a2d4851a1d" relativeResultsDirectory="7a6061aa-1dda-48a6-86d1-f7728913c649" />
    <UnitTestResult executionId="a334aaf1-ce7a-482a-aaae-f3333aed8c19" testId="d419e825-c716-d1d6-4cb0-530978810eaa" testName="SvnSourceProvider_GetSourceVersionsToBuild_OneNoCIItemBatched" computerName="TFSBUILD11" duration="00:00:00.0039173" startTime="2015-09-28T09:43:32.1718302-07:00" endTime="2015-09-28T09:43:32.1718302-07:00" testType="13cdc9d9-ddb5-4fa4-a97d-d965ccfc6d4b" outcome="Passed" testListId="8c84fa94-04c1-424b-9868-57a2d4851a1d" relativeResultsDirectory="a334aaf1-ce7a-482a-aaae-f3333aed8c19" />
    <UnitTestResult executionId="d4f0ee0d-1d5c-47a6-8642-68a24f89aa87" testId="c392727a-5446-bd5b-604b-2a5fb0d42da6" testName="SvnSourceProvider_GetSourceVersionsToBuild_OneNoCIItemNotBatched" computerName="TFSBUILD11" duration="00:00:00.0041403" startTime="2015-09-28T09:43:32.1718302-07:00" endTime="2015-09-28T09:43:32.1874563-07:00" testType="13cdc9d9-ddb5-4fa4-a97d-d965ccfc6d4b" outcome="Passed" testListId="8c84fa94-04c1-424b-9868-57a2d4851a1d" relativeResultsDirectory="d4f0ee0d-1d5c-47a6-8642-68a24f89aa87" />
    <UnitTestResult executionId="520cf825-8014-4b3d-8c63-8ce7698ac8f0" testId="17a37585-8a8d-6a67-67e6-370a0e374e9d" testName="SvnSourceProvider_GetSourceVersionsToBuild_OneNoCIChangeBatched" computerName="TFSBUILD11" duration="00:00:00.0038442" startTime="2015-09-28T09:43:32.1874563-07:00" endTime="2015-09-28T09:43:32.1874563-07:00" testType="13cdc9d9-ddb5-4fa4-a97d-d965ccfc6d4b" outcome="Passed" testListId="8c84fa94-04c1-424b-9868-57a2d4851a1d" relativeResultsDirectory="520cf825-8014-4b3d-8c63-8ce7698ac8f0" />
    <UnitTestResult executionId="d6c599cf-67a7-4daf-9237-ce1d77cb08ca" testId="25b9bc84-450c-78b5-acd2-981ed7d550ec" testName="SvnSourceProvider_GetSourceVersionsToBuild_OneNoCIChangeNotBatched" computerName="TFSBUILD11" duration="00:00:00.0039045" startTime="2015-09-28T09:43:32.1874563-07:00" endTime="2015-09-28T09:43:32.1874563-07:00" testType="13cdc9d9-ddb5-4fa4-a97d-d965ccfc6d4b" outcome="Passed" testListId="8c84fa94-04c1-424b-9868-57a2d4851a1d" relativeResultsDirectory="d6c599cf-67a7-4daf-9237-ce1d77cb08ca" />
    <UnitTestResult executionId="4db58d50-b4d0-45ba-ac6e-1c20021d1cb6" testId="6a72cfa5-aa76-fde3-d103-a39a7ebdac06" testName="SvnSourceProvider_GetSourceVersionsToBuild_TwoNoCIChangesBatched" computerName="TFSBUILD11" duration="00:00:00.0041901" startTime="2015-09-28T09:43:32.1874563-07:00" endTime="2015-09-28T09:43:32.1874563-07:00" testType="13cdc9d9-ddb5-4fa4-a97d-d965ccfc6d4b" outcome="Passed" testListId="8c84fa94-04c1-424b-9868-57a2d4851a1d" relativeResultsDirectory="4db58d50-b4d0-45ba-ac6e-1c20021d1cb6" />
    <UnitTestResult executionId="c780f663-4dbe-4373-9717-98ca983d9b7e" testId="da5df982-29dc-a64e-4246-a6fb3846cde6" testName="SvnSourceProvider_GetSourceVersionsToBuild_TwoNoCIChangesNotBatched" computerName="TFSBUILD11" duration="00:00:00.0040408" startTime="2015-09-28T09:43:32.1874563-07:00" endTime="2015-09-28T09:43:32.2030824-07:00" testType="13cdc9d9-ddb5-4fa4-a97d-d965ccfc6d4b" outcome="Passed" testListId="8c84fa94-04c1-424b-9868-57a2d4851a1d" relativeResultsDirectory="c780f663-4dbe-4373-9717-98ca983d9b7e" />
    <UnitTestResult executionId="f253bf33-2836-4d32-a246-509dd8d3d0a3" testId="2c79d8ce-b193-1c9f-28d1-3d2b2ea99a57" testName="SvnSourceProvider_GetSourceVersionsToBuild_OneChangeDifferentThanLast" computerName="TFSBUILD11" duration="00:00:00.0666039" startTime="2015-09-28T09:43:32.2030824-07:00" endTime="2015-09-28T09:43:32.2655868-07:00" testType="13cdc9d9-ddb5-4fa4-a97d-d965ccfc6d4b" outcome="Passed" testListId="8c84fa94-04c1-424b-9868-57a2d4851a1d" relativeResultsDirectory="f253bf33-2836-4d32-a246-509dd8d3d0a3" />
    <UnitTestResult executionId="3c53f57a-d38c-4089-8280-2052bb42025a" testId="8f5608f7-4fb2-5b32-81f6-e2ce72d6dc39" testName="SvnSourceProvider_GetSourceVersionsToBuild_TwoChangesBatched" computerName="TFSBUILD11" duration="00:00:00.0045007" startTime="2015-09-28T09:43:32.2655868-07:00" endTime="2015-09-28T09:43:32.2655868-07:00" testType="13cdc9d9-ddb5-4fa4-a97d-d965ccfc6d4b" outcome="Passed" testListId="8c84fa94-04c1-424b-9868-57a2d4851a1d" relativeResultsDirectory="3c53f57a-d38c-4089-8280-2052bb42025a" />
    <UnitTestResult executionId="ca75af9b-f687-4e70-ad91-74786d46ff21" testId="6530dc9a-da04-b4b7-c37f-636c1bc57a92" testName="SvnSourceProvider_GetSourceVersionsToBuild_TwoChangesNotBatched" computerName="TFSBUILD11" duration="00:00:00.0045852" startTime="2015-09-28T09:43:32.2655868-07:00" endTime="2015-09-28T09:43:32.2812132-07:00" testType="13cdc9d9-ddb5-4fa4-a97d-d965ccfc6d4b" outcome="Passed" testListId="8c84fa94-04c1-424b-9868-57a2d4851a1d" relativeResultsDirectory="ca75af9b-f687-4e70-ad91-74786d46ff21" />
    <UnitTestResult executionId="6204eae0-6a8d-4c7e-8ee3-1c15be8b7267" testId="5c00f38f-ef5c-6d6d-cf6d-aa962893aadd" testName="SvnSourceProvider_GetSourceVersionsToBuild_ThreeChangesWithSkipBatched" computerName="TFSBUILD11" duration="00:00:00.0045752" startTime="2015-09-28T09:43:32.2812132-07:00" endTime="2015-09-28T09:43:32.2812132-07:00" testType="13cdc9d9-ddb5-4fa4-a97d-d965ccfc6d4b" outcome="Passed" testListId="8c84fa94-04c1-424b-9868-57a2d4851a1d" relativeResultsDirectory="6204eae0-6a8d-4c7e-8ee3-1c15be8b7267" />
    <UnitTestResult executionId="49d19d9b-3d6a-438a-854c-96df80b20b93" testId="203ebb50-7bb0-de98-537b-7b180ad3ca1d" testName="SvnSourceProvider_GetSourceVersionsToBuild_ThreeChangesWithSkipNotBatched" computerName="TFSBUILD11" duration="00:00:00.0048193" startTime="2015-09-28T09:43:32.2812132-07:00" endTime="2015-09-28T09:43:32.2812132-07:00" testType="13cdc9d9-ddb5-4fa4-a97d-d965ccfc6d4b" outcome="Passed" testListId="8c84fa94-04c1-424b-9868-57a2d4851a1d" relativeResultsDirectory="49d19d9b-3d6a-438a-854c-96df80b20b93" />
    <UnitTestResult executionId="be0de9bc-9a7d-4dc0-bdd6-ef8033009f2f" testId="388ea013-42a9-0515-5d86-e4ddb9581964" testName="SvnSourceProvider_GetSourceVersionsToBuild_FiveChangesWithNoCIBatched_LastIncluded" computerName="TFSBUILD11" duration="00:00:00.0057090" startTime="2015-09-28T09:43:32.2812132-07:00" endTime="2015-09-28T09:43:32.2968388-07:00" testType="13cdc9d9-ddb5-4fa4-a97d-d965ccfc6d4b" outcome="Passed" testListId="8c84fa94-04c1-424b-9868-57a2d4851a1d" relativeResultsDirectory="be0de9bc-9a7d-4dc0-bdd6-ef8033009f2f" />
    <UnitTestResult executionId="0fd696c9-ce78-4c7b-8999-c16ea0fd1091" testId="4c56a07e-072a-df97-635e-557a01e3370f" testName="SvnSourceProvider_GetSourceVersionsToBuild_FiveChangesWithNoCIBatched_LastNotIncluded" computerName="TFSBUILD11" duration="00:00:00.0045109" startTime="2015-09-28T09:43:32.2968388-07:00" endTime="2015-09-28T09:43:32.2968388-07:00" testType="13cdc9d9-ddb5-4fa4-a97d-d965ccfc6d4b" outcome="Passed" testListId="8c84fa94-04c1-424b-9868-57a2d4851a1d" relativeResultsDirectory="0fd696c9-ce78-4c7b-8999-c16ea0fd1091" />
    <UnitTestResult executionId="1ab282c6-bf51-4816-b04d-d067a48faec2" testId="41587caf-8a90-2986-f8f0-b5d1b5b9b5b9" testName="SvnSourceProvider_GetSourceVersionsToBuild_FiveChangesWithNoCINotBatched_LastIncluded" computerName="TFSBUILD11" duration="00:00:00.0108495" startTime="2015-09-28T09:43:32.2968388-07:00" endTime="2015-09-28T09:43:32.3124660-07:00" testType="13cdc9d9-ddb5-4fa4-a97d-d965ccfc6d4b" outcome="Passed" testListId="8c84fa94-04c1-424b-9868-57a2d4851a1d" relativeResultsDirectory="1ab282c6-bf51-4816-b04d-d067a48faec2" />
    <UnitTestResult executionId="0f0e158d-b842-4f8a-9541-accbcce0c41d" testId="84344314-ef96-c8fc-e5c4-301a38496fda" testName="SvnSourceProvider_GetSourceVersionsToBuild_FiveChangesWithNoCINotBatched_LastNotIncluded" computerName="TFSBUILD11" duration="00:00:00.0051359" startTime="2015-09-28T09:43:32.3124660-07:00" endTime="2015-09-28T09:43:32.3124660-07:00" testType="13cdc9d9-ddb5-4fa4-a97d-d965ccfc6d4b" outcome="Passed" testListId="8c84fa94-04c1-424b-9868-57a2d4851a1d" relativeResultsDirectory="0f0e158d-b842-4f8a-9541-accbcce0c41d" />
    <UnitTestResult executionId="dfefa1c5-aef3-45d3-8029-7b681e638be3" testId="97492233-80ad-3207-b5c3-d6ca52708444" testName="SvnSourceProvider_GetSourceVersionsToBuild_PrevVersion_ErrorWhitespace" computerName="TFSBUILD11" duration="00:00:00.0034938" startTime="2015-09-28T09:43:32.3124660-07:00" endTime="2015-09-28T09:43:32.3124660-07:00" testType="13cdc9d9-ddb5-4fa4-a97d-d965ccfc6d4b" outcome="Passed" testListId="8c84fa94-04c1-424b-9868-57a2d4851a1d" relativeResultsDirectory="dfefa1c5-aef3-45d3-8029-7b681e638be3" />
    <UnitTestResult executionId="e51cab9f-3e84-404d-acfc-2a3eef2ecd5b" testId="d72aabeb-e7b7-20ab-0f7d-06dbc764af60" testName="SvnSourceProvider_GetSourceVersionsToBuild_PrevVersion_ErrorZero" computerName="TFSBUILD11" duration="00:00:00.0032608" startTime="2015-09-28T09:43:32.3124660-07:00" endTime="2015-09-28T09:43:32.3124660-07:00" testType="13cdc9d9-ddb5-4fa4-a97d-d965ccfc6d4b" outcome="Passed" testListId="8c84fa94-04c1-424b-9868-57a2d4851a1d" relativeResultsDirectory="e51cab9f-3e84-404d-acfc-2a3eef2ecd5b" />
    <UnitTestResult executionId="267e0f88-166b-4bd4-8b2c-0000f18d8838" testId="dd96a8a4-5a83-800b-7e06-d586168b85b1" testName="SvnSourceProvider_GetSourceVersionsToBuild_PrevVersion_ErrorNegative" computerName="TFSBUILD11" duration="00:00:00.0037865" startTime="2015-09-28T09:43:32.3124660-07:00" endTime="2015-09-28T09:43:32.3280913-07:00" testType="13cdc9d9-ddb5-4fa4-a97d-d965ccfc6d4b" outcome="Passed" testListId="8c84fa94-04c1-424b-9868-57a2d4851a1d" relativeResultsDirectory="267e0f88-166b-4bd4-8b2c-0000f18d8838" />
    <UnitTestResult executionId="37a593e8-cc5c-4227-a952-60ff0018de2d" testId="52cf2d4c-f233-fef5-0fee-9fb3ae97f89a" testName="SvnSourceProvider_GetSourceVersionsToBuild_PrevVersion_ErrorAlpha" computerName="TFSBUILD11" duration="00:00:00.0038738" startTime="2015-09-28T09:43:32.3280913-07:00" endTime="2015-09-28T09:43:32.3280913-07:00" testType="13cdc9d9-ddb5-4fa4-a97d-d965ccfc6d4b" outcome="Passed" testListId="8c84fa94-04c1-424b-9868-57a2d4851a1d" relativeResultsDirectory="37a593e8-cc5c-4227-a952-60ff0018de2d" />
    <UnitTestResult executionId="d47f0c93-418a-484f-a91b-c03a602df5b5" testId="632813e9-fa91-404e-0023-2f61b1d15b57" testName="TfsGitSourceProvider_CreateLabel" computerName="TFSBUILD11" duration="00:00:00.0550077" startTime="2015-09-28T09:43:32.3280913-07:00" endTime="2015-09-28T09:43:32.3905957-07:00" testType="13cdc9d9-ddb5-4fa4-a97d-d965ccfc6d4b" outcome="Passed" testListId="8c84fa94-04c1-424b-9868-57a2d4851a1d" relativeResultsDirectory="d47f0c93-418a-484f-a91b-c03a602df5b5" />
    <UnitTestResult executionId="20e752e5-f8a6-4752-b8b4-d2631df39043" testId="462d9ba9-7de7-0803-b17c-95887676e37b" testName="TfsGitSourceProvider_CleanupArtifact" computerName="TFSBUILD11" duration="00:00:00.0146659" startTime="2015-09-28T09:43:32.3905957-07:00" endTime="2015-09-28T09:43:32.3905957-07:00" testType="13cdc9d9-ddb5-4fa4-a97d-d965ccfc6d4b" outcome="Passed" testListId="8c84fa94-04c1-424b-9868-57a2d4851a1d" relativeResultsDirectory="20e752e5-f8a6-4752-b8b4-d2631df39043" />
    <UnitTestResult executionId="66f5905e-f7e5-4cc4-91c5-7749bea3d3f3" testId="5bae4a81-6a57-809f-b932-6e0a8fe14fbd" testName="TfvcSourceProvider_ValidateRepositoryTest" computerName="TFSBUILD11" duration="00:00:00.0162733" startTime="2015-09-28T09:43:32.3905957-07:00" endTime="2015-09-28T09:43:32.4218485-07:00" testType="13cdc9d9-ddb5-4fa4-a97d-d965ccfc6d4b" outcome="Passed" testListId="8c84fa94-04c1-424b-9868-57a2d4851a1d" relativeResultsDirectory="66f5905e-f7e5-4cc4-91c5-7749bea3d3f3" />
    <UnitTestResult executionId="0bdfae76-ccb2-4879-bdca-535b2035165f" testId="589fad08-a915-fe3e-660a-7b4ccb032ccf" testName="TfvcSourceProvider_LabelSources" computerName="TFSBUILD11" duration="00:00:00.0563716" startTime="2015-09-28T09:43:32.4218485-07:00" endTime="2015-09-28T09:43:32.4687260-07:00" testType="13cdc9d9-ddb5-4fa4-a97d-d965ccfc6d4b" outcome="Passed" testListId="8c84fa94-04c1-424b-9868-57a2d4851a1d" relativeResultsDirectory="0bdfae76-ccb2-4879-bdca-535b2035165f" />
    <UnitTestResult executionId="7d0ec9d3-8c5f-4b43-8d08-62469b1ca2f5" testId="56788831-b077-2a26-37a4-763b8763c8e0" testName="TfvcSourceProvider_UpdateReferences_SetsDownloadUrl" computerName="TFSBUILD11" duration="00:00:00.0313991" startTime="2015-09-28T09:43:32.4687260-07:00" endTime="2015-09-28T09:43:32.4999788-07:00" testType="13cdc9d9-ddb5-4fa4-a97d-d965ccfc6d4b" outcome="Passed" testListId="8c84fa94-04c1-424b-9868-57a2d4851a1d" relativeResultsDirectory="7d0ec9d3-8c5f-4b43-8d08-62469b1ca2f5" />
    <UnitTestResult executionId="198d4f64-d3c2-41b2-9d66-e521f0515b2e" testId="03e1e267-e2ea-87cf-8845-8f116467b4ab" testName="Retention_DefaultDefinitionThrownCriticalException" computerName="TFSBUILD11" duration="00:00:00.3780569" startTime="2015-09-28T09:43:32.4999788-07:00" endTime="2015-09-28T09:43:32.8750066-07:00" testType="13cdc9d9-ddb5-4fa4-a97d-d965ccfc6d4b" outcome="Passed" testListId="8c84fa94-04c1-424b-9868-57a2d4851a1d" relativeResultsDirectory="198d4f64-d3c2-41b2-9d66-e521f0515b2e" />
    <UnitTestResult executionId="97e24b1b-5831-4613-9fce-a969545a5d00" testId="080b457f-acca-187f-ac03-41360548c93a" testName="Retention_DefaultDefinitionThrownException" computerName="TFSBUILD11" duration="00:00:00.0609352" startTime="2015-09-28T09:43:32.8750066-07:00" endTime="2015-09-28T09:43:32.9375105-07:00" testType="13cdc9d9-ddb5-4fa4-a97d-d965ccfc6d4b" outcome="Passed" testListId="8c84fa94-04c1-424b-9868-57a2d4851a1d" relativeResultsDirectory="97e24b1b-5831-4613-9fce-a969545a5d00" />
    <UnitTestResult executionId="f1fb3dd4-43fd-4fcb-ae84-6416723036b2" testId="df0f7a6d-109a-8cc9-9906-1a002093c859" testName="Retention_DefaultDefinitionThrownExceptionOnLastDefinition" computerName="TFSBUILD11" duration="00:00:00.0161359" startTime="2015-09-28T09:43:32.9375105-07:00" endTime="2015-09-28T09:43:32.9531357-07:00" testType="13cdc9d9-ddb5-4fa4-a97d-d965ccfc6d4b" outcome="Passed" testListId="8c84fa94-04c1-424b-9868-57a2d4851a1d" relativeResultsDirectory="f1fb3dd4-43fd-4fcb-ae84-6416723036b2" />
    <UnitTestResult executionId="87e2af44-8d6f-482b-ac18-601f1a742564" testId="1cdb05a1-b67e-ce9d-3761-094a1fac57cd" testName="Retention_DefaultDefinitionOneBuildWithDeletion" computerName="TFSBUILD11" duration="00:00:00.0220461" startTime="2015-09-28T09:43:32.9531357-07:00" endTime="2015-09-28T09:43:32.9843877-07:00" testType="13cdc9d9-ddb5-4fa4-a97d-d965ccfc6d4b" outcome="Passed" testListId="8c84fa94-04c1-424b-9868-57a2d4851a1d" relativeResultsDirectory="87e2af44-8d6f-482b-ac18-601f1a742564" />
    <UnitTestResult executionId="7ca1a65c-1825-44ac-998e-94ca6ab4fd9f" testId="ab4a8ed4-25a1-95ce-312e-1c4599e0ecee" testName="Retention_SetsDeleteBuildSpecFlagsProperly" computerName="TFSBUILD11" duration="00:00:00.0234515" startTime="2015-09-28T09:43:32.9843877-07:00" endTime="2015-09-28T09:43:33.0000149-07:00" testType="13cdc9d9-ddb5-4fa4-a97d-d965ccfc6d4b" outcome="Passed" testListId="8c84fa94-04c1-424b-9868-57a2d4851a1d" relativeResultsDirectory="7ca1a65c-1825-44ac-998e-94ca6ab4fd9f" />
    <UnitTestResult executionId="89576270-2a57-422d-b94c-f670a8826f55" testId="325afb3d-9891-e757-1ae4-ed5f96dea208" testName="Retention_OneDefinitionFeatureBranchOneBuildWithDeletion" computerName="TFSBUILD11" duration="00:00:00.0189604" startTime="2015-09-28T09:43:33.0000149-07:00" endTime="2015-09-28T09:43:33.0312669-07:00" testType="13cdc9d9-ddb5-4fa4-a97d-d965ccfc6d4b" outcome="Passed" testListId="8c84fa94-04c1-424b-9868-57a2d4851a1d" relativeResultsDirectory="89576270-2a57-422d-b94c-f670a8826f55" />
    <UnitTestResult executionId="37ded4bc-b7f7-4d2f-88d1-b76ac81a49c5" testId="fe0f2464-2a4f-c740-7096-0d37ad568629" testName="Retention_DefinitionWithoutAnyRetentionRules" computerName="TFSBUILD11" duration="00:00:00.0201170" startTime="2015-09-28T09:43:33.0312669-07:00" endTime="2015-09-28T09:43:33.0468918-07:00" testType="13cdc9d9-ddb5-4fa4-a97d-d965ccfc6d4b" outcome="Passed" testListId="8c84fa94-04c1-424b-9868-57a2d4851a1d" relativeResultsDirectory="37ded4bc-b7f7-4d2f-88d1-b76ac81a49c5" />
    <UnitTestResult executionId="2772d635-44dd-4a46-bd35-879afe33490f" testId="9748ebdb-40d2-7467-c230-6f0e7e5625a7" testName="Retention_ZeroDefinitions" computerName="TFSBUILD11" duration="00:00:00.0135893" startTime="2015-09-28T09:43:33.0468918-07:00" endTime="2015-09-28T09:43:33.0625182-07:00" testType="13cdc9d9-ddb5-4fa4-a97d-d965ccfc6d4b" outcome="Passed" testListId="8c84fa94-04c1-424b-9868-57a2d4851a1d" relativeResultsDirectory="2772d635-44dd-4a46-bd35-879afe33490f" />
    <UnitTestResult executionId="005ca762-9952-4b65-b8f0-76824b5d92d7" testId="88c5786d-459d-fa55-5e2a-0638b8bb36ee" testName="Retention_OneDefinitionOneBuildExactlyDaysToKeep" computerName="TFSBUILD11" duration="00:00:00.0174645" startTime="2015-09-28T09:43:33.0625182-07:00" endTime="2015-09-28T09:43:33.0781449-07:00" testType="13cdc9d9-ddb5-4fa4-a97d-d965ccfc6d4b" outcome="Passed" testListId="8c84fa94-04c1-424b-9868-57a2d4851a1d" relativeResultsDirectory="005ca762-9952-4b65-b8f0-76824b5d92d7" />
    <UnitTestResult executionId="3e1792ae-ea74-46b4-a834-a9ec6b84ff9c" testId="ea2a787c-6814-0197-d3bf-0b02ee01b70b" testName="Retention_OneDefinitionTwoRulesSameBranchesDifferentDaysToKeep" computerName="TFSBUILD11" duration="00:00:00.0196408" startTime="2015-09-28T09:43:33.0781449-07:00" endTime="2015-09-28T09:43:33.0937710-07:00" testType="13cdc9d9-ddb5-4fa4-a97d-d965ccfc6d4b" outcome="Passed" testListId="8c84fa94-04c1-424b-9868-57a2d4851a1d" relativeResultsDirectory="3e1792ae-ea74-46b4-a834-a9ec6b84ff9c" />
    <UnitTestResult executionId="d84ab6ed-5881-4a77-adf1-9fe75fd372ff" testId="632128b0-078b-05fe-d335-e6691e11984e" testName="Retention_TwoDefinitionsSameBranchesDifferentDaysToKeep" computerName="TFSBUILD11" duration="00:00:00.0319487" startTime="2015-09-28T09:43:33.0937710-07:00" endTime="2015-09-28T09:43:33.1250235-07:00" testType="13cdc9d9-ddb5-4fa4-a97d-d965ccfc6d4b" outcome="Passed" testListId="8c84fa94-04c1-424b-9868-57a2d4851a1d" relativeResultsDirectory="d84ab6ed-5881-4a77-adf1-9fe75fd372ff" />
    <UnitTestResult executionId="69e71eec-c739-4e2b-8750-803f092080a3" testId="4da05179-22eb-6eb7-7bd2-49a83bf3949a" testName="Retention_ThreeDefinitionsMaxDefinitionBatchSize" computerName="TFSBUILD11" duration="00:00:00.0191965" startTime="2015-09-28T09:43:33.1250235-07:00" endTime="2015-09-28T09:43:33.1406496-07:00" testType="13cdc9d9-ddb5-4fa4-a97d-d965ccfc6d4b" outcome="Passed" testListId="8c84fa94-04c1-424b-9868-57a2d4851a1d" relativeResultsDirectory="69e71eec-c739-4e2b-8750-803f092080a3" />
    <UnitTestResult executionId="95a9f223-41a8-4ac6-b303-8a0f5171201d" testId="25b8dc36-562c-3a32-d78b-2e8e7379aa8f" testName="Retention_TwoProjectsThreeDefinitionsMaxDefinitionBatchSize" computerName="TFSBUILD11" duration="00:00:00.0217983" startTime="2015-09-28T09:43:33.1406496-07:00" endTime="2015-09-28T09:43:33.1719013-07:00" testType="13cdc9d9-ddb5-4fa4-a97d-d965ccfc6d4b" outcome="Passed" testListId="8c84fa94-04c1-424b-9868-57a2d4851a1d" relativeResultsDirectory="95a9f223-41a8-4ac6-b303-8a0f5171201d" />
    <UnitTestResult executionId="51ecc75c-6e0a-4e93-b24c-5ca143c92a12" testId="4bbd04c8-ae8b-51b7-3e32-b2f4576a06f1" testName="Retention_DefaultDefinitionMaxBuildBatchSize" computerName="TFSBUILD11" duration="00:00:00.0586580" startTime="2015-09-28T09:43:33.1719013-07:00" endTime="2015-09-28T09:43:33.2344057-07:00" testType="13cdc9d9-ddb5-4fa4-a97d-d965ccfc6d4b" outcome="Passed" testListId="8c84fa94-04c1-424b-9868-57a2d4851a1d" relativeResultsDirectory="51ecc75c-6e0a-4e93-b24c-5ca143c92a12" />
    <UnitTestResult executionId="68638de6-885c-4f98-bad4-f3b2a1a4649e" testId="3914779d-bb81-e1ad-4a91-32a0ec940409" testName="Retention_TfvcDefinitionOneBuildNoDeletion" computerName="TFSBUILD11" duration="00:00:00.0161595" startTime="2015-09-28T09:43:33.2344057-07:00" endTime="2015-09-28T09:43:33.2500324-07:00" testType="13cdc9d9-ddb5-4fa4-a97d-d965ccfc6d4b" outcome="Passed" testListId="8c84fa94-04c1-424b-9868-57a2d4851a1d" relativeResultsDirectory="68638de6-885c-4f98-bad4-f3b2a1a4649e" />
    <UnitTestResult executionId="9fed626a-5aea-445f-a605-e9b89bc30b76" testId="23142cb8-fb4b-2c54-0b7b-7fab0f5372a3" testName="Retention_TfvcDefinitionOneBuildWithDeletion" computerName="TFSBUILD11" duration="00:00:00.0184422" startTime="2015-09-28T09:43:33.2500324-07:00" endTime="2015-09-28T09:43:33.2656577-07:00" testType="13cdc9d9-ddb5-4fa4-a97d-d965ccfc6d4b" outcome="Passed" testListId="8c84fa94-04c1-424b-9868-57a2d4851a1d" relativeResultsDirectory="9fed626a-5aea-445f-a605-e9b89bc30b76" />
    <UnitTestResult executionId="50635ffb-5db0-4d23-a0e9-4bd41f75f4fa" testId="37f34412-52f4-b19a-da69-9f9ad1f6b5d8" testName="Retention_DefaultDefinitionOneBuildNoDeletion" computerName="TFSBUILD11" duration="00:00:00.0152572" startTime="2015-09-28T09:43:33.2656577-07:00" endTime="2015-09-28T09:43:33.2812838-07:00" testType="13cdc9d9-ddb5-4fa4-a97d-d965ccfc6d4b" outcome="Passed" testListId="8c84fa94-04c1-424b-9868-57a2d4851a1d" relativeResultsDirectory="50635ffb-5db0-4d23-a0e9-4bd41f75f4fa" />
    <UnitTestResult executionId="0d9c982e-ef43-46e9-942c-1b671471f43b" testId="ab3a181f-7be9-1baf-019b-9364477079ac" testName="Retention_DefaultDefinitionZeroBuilds" computerName="TFSBUILD11" duration="00:00:00.0176380" startTime="2015-09-28T09:43:33.2812838-07:00" endTime="2015-09-28T09:43:33.2969099-07:00" testType="13cdc9d9-ddb5-4fa4-a97d-d965ccfc6d4b" outcome="Passed" testListId="8c84fa94-04c1-424b-9868-57a2d4851a1d" relativeResultsDirectory="0d9c982e-ef43-46e9-942c-1b671471f43b" />
    <UnitTestResult executionId="e1932408-6117-4042-86f9-040605f3691e" testId="da623960-27a8-53d8-cfa6-cf0707014636" testName="CheckinNotificationSubscriber_GetAffectedDefinitions" computerName="TFSBUILD11" duration="00:00:00.0110685" startTime="2015-09-28T09:43:33.2969099-07:00" endTime="2015-09-28T09:43:33.3125360-07:00" testType="13cdc9d9-ddb5-4fa4-a97d-d965ccfc6d4b" outcome="Passed" testListId="8c84fa94-04c1-424b-9868-57a2d4851a1d" relativeResultsDirectory="e1932408-6117-4042-86f9-040605f3691e" />
    <UnitTestResult executionId="cb3dc932-feb8-4237-b9c1-78a8d45725cd" testId="bbc09cc0-6e5b-315e-8d11-803a7336b366" testName="RetentionEvaluator_EvaluateBuild" computerName="TFSBUILD11" duration="00:00:00.0006604" startTime="2015-09-28T09:43:33.3125360-07:00" endTime="2015-09-28T09:43:33.3125360-07:00" testType="13cdc9d9-ddb5-4fa4-a97d-d965ccfc6d4b" outcome="Passed" testListId="8c84fa94-04c1-424b-9868-57a2d4851a1d" relativeResultsDirectory="cb3dc932-feb8-4237-b9c1-78a8d45725cd" />
    <UnitTestResult executionId="43234e9a-c6b5-4c38-84c7-6fc2922e8e4e" testId="cb8a5c3c-df74-cebf-9722-7aa142e07e8b" testName="RetentionEvaluator_NullSourceProviderOnlyMaximumPolicy" computerName="TFSBUILD11" duration="00:00:00.0004929" startTime="2015-09-28T09:43:33.3125360-07:00" endTime="2015-09-28T09:43:33.3125360-07:00" testType="13cdc9d9-ddb5-4fa4-a97d-d965ccfc6d4b" outcome="Passed" testListId="8c84fa94-04c1-424b-9868-57a2d4851a1d" relativeResultsDirectory="43234e9a-c6b5-4c38-84c7-6fc2922e8e4e" />
    <UnitTestResult executionId="f2717a24-25b6-4087-80c6-dd99ce06e0bf" testId="b6e24f36-2ab4-b7ed-27fa-ca3514ca10f9" testName="RetentionEvaluator_NullSourceProviderMultiplePolicies" computerName="TFSBUILD11" duration="00:00:00.0008359" startTime="2015-09-28T09:43:33.3125360-07:00" endTime="2015-09-28T09:43:33.3125360-07:00" testType="13cdc9d9-ddb5-4fa4-a97d-d965ccfc6d4b" outcome="Passed" testListId="8c84fa94-04c1-424b-9868-57a2d4851a1d" relativeResultsDirectory="f2717a24-25b6-4087-80c6-dd99ce06e0bf" />
    <UnitTestResult executionId="2570925d-f1b5-43d0-9914-02f9ea27096e" testId="dd29e829-9192-cd97-83c6-18608f299306" testName="RetentionEvaluator_NullSourceProviderMultiplePoliciesNoMatch" computerName="TFSBUILD11" duration="00:00:00.0008115" startTime="2015-09-28T09:43:33.3125360-07:00" endTime="2015-09-28T09:43:33.3125360-07:00" testType="13cdc9d9-ddb5-4fa4-a97d-d965ccfc6d4b" outcome="Passed" testListId="8c84fa94-04c1-424b-9868-57a2d4851a1d" relativeResultsDirectory="2570925d-f1b5-43d0-9914-02f9ea27096e" />
    <UnitTestResult executionId="09592232-aa6f-43af-b71a-5ea36afef2e9" testId="d97c2191-d16e-ec47-b949-3cc27cab6059" testName="RetentionEvaluator_PolicyWithEmptySourceBranch" computerName="TFSBUILD11" duration="00:00:00.0011682" startTime="2015-09-28T09:43:33.3125360-07:00" endTime="2015-09-28T09:43:33.3125360-07:00" testType="13cdc9d9-ddb5-4fa4-a97d-d965ccfc6d4b" outcome="Passed" testListId="8c84fa94-04c1-424b-9868-57a2d4851a1d" relativeResultsDirectory="09592232-aa6f-43af-b71a-5ea36afef2e9" />
    <UnitTestResult executionId="3411e027-b539-46cb-b41a-b390cde46617" testId="2beea0de-dc7c-f57f-14c8-4cbdb7bf8210" testName="RetentionEvaluator_PolicyWithNullSourceBranch" computerName="TFSBUILD11" duration="00:00:00.0006064" startTime="2015-09-28T09:43:33.3125360-07:00" endTime="2015-09-28T09:43:33.3125360-07:00" testType="13cdc9d9-ddb5-4fa4-a97d-d965ccfc6d4b" outcome="Passed" testListId="8c84fa94-04c1-424b-9868-57a2d4851a1d" relativeResultsDirectory="3411e027-b539-46cb-b41a-b390cde46617" />
    <UnitTestResult executionId="80e70c53-3546-43bf-966b-7c298309dd3f" testId="e274d966-fdcf-4295-4dff-ed5f9dab2880" testName="RetentionEvaluator_OnlyMaximumPolicy" computerName="TFSBUILD11" duration="00:00:00.0002972" startTime="2015-09-28T09:43:33.3125360-07:00" endTime="2015-09-28T09:43:33.3125360-07:00" testType="13cdc9d9-ddb5-4fa4-a97d-d965ccfc6d4b" outcome="Passed" testListId="8c84fa94-04c1-424b-9868-57a2d4851a1d" relativeResultsDirectory="80e70c53-3546-43bf-966b-7c298309dd3f" />
    <UnitTestResult executionId="d6c513ac-36b0-484f-853d-e209037c4be9" testId="ac205765-e6d7-e380-0a73-314236d35cc7" testName="RetentionEvaluator_MultiplePolicyWithExclusion" computerName="TFSBUILD11" duration="00:00:00.0007634" startTime="2015-09-28T09:43:33.3125360-07:00" endTime="2015-09-28T09:43:33.3125360-07:00" testType="13cdc9d9-ddb5-4fa4-a97d-d965ccfc6d4b" outcome="Passed" testListId="8c84fa94-04c1-424b-9868-57a2d4851a1d" relativeResultsDirectory="d6c513ac-36b0-484f-853d-e209037c4be9" />
    <UnitTestResult executionId="7e0d7200-c06f-4708-9c8f-3ff09106e7d2" testId="a4924da3-9212-caeb-b5c4-313e24ad9208" testName="RetentionEvaluator_MultiplePolicyWithAllExclusions" computerName="TFSBUILD11" duration="00:00:00.0009636" startTime="2015-09-28T09:43:33.3125360-07:00" endTime="2015-09-28T09:43:33.3125360-07:00" testType="13cdc9d9-ddb5-4fa4-a97d-d965ccfc6d4b" outcome="Passed" testListId="8c84fa94-04c1-424b-9868-57a2d4851a1d" relativeResultsDirectory="7e0d7200-c06f-4708-9c8f-3ff09106e7d2" />
    <UnitTestResult executionId="2ba17952-4a10-4729-acdb-6f4031da06fb" testId="8f4a44f2-84f9-b25d-db55-11ed6b4becc9" testName="RetentionEvaluator_MultiplePolicySameBranch" computerName="TFSBUILD11" duration="00:00:00.0012194" startTime="2015-09-28T09:43:33.3125360-07:00" endTime="2015-09-28T09:43:33.3125360-07:00" testType="13cdc9d9-ddb5-4fa4-a97d-d965ccfc6d4b" outcome="Passed" testListId="8c84fa94-04c1-424b-9868-57a2d4851a1d" relativeResultsDirectory="2ba17952-4a10-4729-acdb-6f4031da06fb" />
    <UnitTestResult executionId="b156f11b-8afc-490b-84cc-8761515c3f09" testId="26496425-81b0-5051-54c3-beaf1bb073e9" testName="RetentionEvaluator_MultiplePolicySameBranchLowerMaximumPolicy" computerName="TFSBUILD11" duration="00:00:00.0016668" startTime="2015-09-28T09:43:33.3125360-07:00" endTime="2015-09-28T09:43:33.3125360-07:00" testType="13cdc9d9-ddb5-4fa4-a97d-d965ccfc6d4b" outcome="Passed" testListId="8c84fa94-04c1-424b-9868-57a2d4851a1d" relativeResultsDirectory="b156f11b-8afc-490b-84cc-8761515c3f09" />
    <UnitTestResult executionId="7fa144f1-2c84-4428-a451-c41cae99562f" testId="c9e82975-b92d-cb78-e875-947a1eaa5554" testName="RetentionEvaluator_MultiplePolicySameBranchNonDefaultDeleteBranchRecord" computerName="TFSBUILD11" duration="00:00:00.0009255" startTime="2015-09-28T09:43:33.3125360-07:00" endTime="2015-09-28T09:43:33.3281621-07:00" testType="13cdc9d9-ddb5-4fa4-a97d-d965ccfc6d4b" outcome="Passed" testListId="8c84fa94-04c1-424b-9868-57a2d4851a1d" relativeResultsDirectory="7fa144f1-2c84-4428-a451-c41cae99562f" />
    <UnitTestResult executionId="87ac2866-0fa6-4bce-8289-b8cb15f0b37c" testId="8400fe41-ae83-82bf-d7a2-8c2b61f03518" testName="RetentionEvaluator_SinglePolicyMultipleBranches" computerName="TFSBUILD11" duration="00:00:00.0005006" startTime="2015-09-28T09:43:33.3281621-07:00" endTime="2015-09-28T09:43:33.3281621-07:00" testType="13cdc9d9-ddb5-4fa4-a97d-d965ccfc6d4b" outcome="Passed" testListId="8c84fa94-04c1-424b-9868-57a2d4851a1d" relativeResultsDirectory="87ac2866-0fa6-4bce-8289-b8cb15f0b37c" />
    <UnitTestResult executionId="3cbb5cb8-9d97-4857-a0f4-2cfeb757553d" testId="55ebc037-30ad-36f7-77df-0808795190b2" testName="RetentionEvaluator_SinglePolicyPartialBranchMatch" computerName="TFSBUILD11" duration="00:00:00.0004784" startTime="2015-09-28T09:43:33.3281621-07:00" endTime="2015-09-28T09:43:33.3281621-07:00" testType="13cdc9d9-ddb5-4fa4-a97d-d965ccfc6d4b" outcome="Passed" testListId="8c84fa94-04c1-424b-9868-57a2d4851a1d" relativeResultsDirectory="3cbb5cb8-9d97-4857-a0f4-2cfeb757553d" />
    <UnitTestResult executionId="8973182c-0d7e-48ae-80fd-845358b82e9d" testId="7da45942-44b9-d2ee-e1bc-4d63a1df16d2" testName="RetentionEvaluator_TfvcSourceProviderBranchSpecs" computerName="TFSBUILD11" duration="00:00:00.0004770" startTime="2015-09-28T09:43:33.3281621-07:00" endTime="2015-09-28T09:43:33.3281621-07:00" testType="13cdc9d9-ddb5-4fa4-a97d-d965ccfc6d4b" outcome="Passed" testListId="8c84fa94-04c1-424b-9868-57a2d4851a1d" relativeResultsDirectory="8973182c-0d7e-48ae-80fd-845358b82e9d" />
  </Results>
  <TestDefinitions>
    <UnitTest name="FileContainerArtifactProvider_UpdateReferences_SetsDownloadUrl" storage="d:\v2.0\a1\_work\dbded102\bin\release.anycpu\tfs.service\ms.tf.build2.server.extensions.l0.tests\ms.tf.build2.server.extensions.plugins.l0.tests.dll" id="4807cae3-804a-7113-a863-4bc845f4e4a1">
      <Owners>
        <Owner name="bigbldt" />
      </Owners>
      <Execution id="206d3588-24fb-4df8-bb98-2c99923808b3" />
      <TestMethod codeBase="D:\v2.0\A1\_work\dbded102\bin\Release.AnyCPU\Tfs.Service\MS.TF.Build2.Server.Extensions.L0.Tests\MS.TF.Build2.Server.Extensions.Plugins.L0.Tests.dll" adapterTypeName="Microsoft.VisualStudio.TestTools.TestTypes.Unit.UnitTestAdapter" className="MS.TF.Build2.Server.Extensions.Plugins.L0.Tests.FileContainerArtifactProviderTests" name="FileContainerArtifactProvider_UpdateReferences_SetsDownloadUrl" />
    </UnitTest>
    <UnitTest name="FileContainerArtifactProvider_GetDownloadResponse" storage="d:\v2.0\a1\_work\dbded102\bin\release.anycpu\tfs.service\ms.tf.build2.server.extensions.l0.tests\ms.tf.build2.server.extensions.plugins.l0.tests.dll" id="dea2051b-35f0-1538-d802-acc594bb775b">
      <Owners>
        <Owner name="bigbldt" />
      </Owners>
      <Execution id="9b0f8b9b-eef8-4e13-8877-21851093d3a5" />
      <TestMethod codeBase="D:\v2.0\A1\_work\dbded102\bin\Release.AnyCPU\Tfs.Service\MS.TF.Build2.Server.Extensions.L0.Tests\MS.TF.Build2.Server.Extensions.Plugins.L0.Tests.dll" adapterTypeName="Microsoft.VisualStudio.TestTools.TestTypes.Unit.UnitTestAdapter" className="MS.TF.Build2.Server.Extensions.Plugins.L0.Tests.FileContainerArtifactProviderTests" name="FileContainerArtifactProvider_GetDownloadResponse" />
    </UnitTest>
    <UnitTest name="FileContainerArtifactProvider_GetDownloadResponse_InvalidArtifactData" storage="d:\v2.0\a1\_work\dbded102\bin\release.anycpu\tfs.service\ms.tf.build2.server.extensions.l0.tests\ms.tf.build2.server.extensions.plugins.l0.tests.dll" id="9e04ea3a-f112-13fa-f238-53ded5ca0842">
      <Owners>
        <Owner name="bigbldt" />
      </Owners>
      <Execution id="2a243169-edb7-409e-8f95-163caffae58b" />
      <TestMethod codeBase="D:\v2.0\A1\_work\dbded102\bin\Release.AnyCPU\Tfs.Service\MS.TF.Build2.Server.Extensions.L0.Tests\MS.TF.Build2.Server.Extensions.Plugins.L0.Tests.dll" adapterTypeName="Microsoft.VisualStudio.TestTools.TestTypes.Unit.UnitTestAdapter" className="MS.TF.Build2.Server.Extensions.Plugins.L0.Tests.FileContainerArtifactProviderTests" name="FileContainerArtifactProvider_GetDownloadResponse_InvalidArtifactData" />
    </UnitTest>
    <UnitTest name="SvnSourceProvider_GetServiceEndpoint" storage="d:\v2.0\a1\_work\dbded102\bin\release.anycpu\tfs.service\ms.tf.build2.server.extensions.l0.tests\ms.tf.build2.server.extensions.plugins.l0.tests.dll" id="6bf90e94-75fc-6c79-80ab-645a285a8590">
      <Execution id="b2c5c87b-6330-43dd-b08a-4f57fa101778" />
      <TestMethod codeBase="D:\v2.0\A1\_work\dbded102\bin\Release.AnyCPU\Tfs.Service\MS.TF.Build2.Server.Extensions.L0.Tests\MS.TF.Build2.Server.Extensions.Plugins.L0.Tests.dll" adapterTypeName="Microsoft.VisualStudio.TestTools.TestTypes.Unit.UnitTestAdapter" className="MS.TF.Build2.Server.Extensions.Plugins.L0.Tests.SvnSourceProviderBasicTests" name="SvnSourceProvider_GetServiceEndpoint" />
    </UnitTest>
    <UnitTest name="SvnSourceProvider_SetRepositoryDefaultInfo" storage="d:\v2.0\a1\_work\dbded102\bin\release.anycpu\tfs.service\ms.tf.build2.server.extensions.l0.tests\ms.tf.build2.server.extensions.plugins.l0.tests.dll" id="78a22e82-9cff-5605-6fda-ee727f7d4567">
      <Execution id="5e8a2a5e-adb0-4632-ab39-776d8fe3b341" />
      <TestMethod codeBase="D:\v2.0\A1\_work\dbded102\bin\Release.AnyCPU\Tfs.Service\MS.TF.Build2.Server.Extensions.L0.Tests\MS.TF.Build2.Server.Extensions.Plugins.L0.Tests.dll" adapterTypeName="Microsoft.VisualStudio.TestTools.TestTypes.Unit.UnitTestAdapter" className="MS.TF.Build2.Server.Extensions.Plugins.L0.Tests.SvnSourceProviderBasicTests" name="SvnSourceProvider_SetRepositoryDefaultInfo" />
    </UnitTest>
    <UnitTest name="SvnSourceProvider_BeforeSerialize_AlreadyNormalized" storage="d:\v2.0\a1\_work\dbded102\bin\release.anycpu\tfs.service\ms.tf.build2.server.extensions.l0.tests\ms.tf.build2.server.extensions.plugins.l0.tests.dll" id="c6e139b8-60b9-76f4-dc74-d5a6378bdbca">
      <Execution id="2ad109dd-0bfb-4237-94e5-0fdbfddb06d1" />
      <TestMethod codeBase="D:\v2.0\A1\_work\dbded102\bin\Release.AnyCPU\Tfs.Service\MS.TF.Build2.Server.Extensions.L0.Tests\MS.TF.Build2.Server.Extensions.Plugins.L0.Tests.dll" adapterTypeName="Microsoft.VisualStudio.TestTools.TestTypes.Unit.UnitTestAdapter" className="MS.TF.Build2.Server.Extensions.Plugins.L0.Tests.SvnSourceProviderBasicTests" name="SvnSourceProvider_BeforeSerialize_AlreadyNormalized" />
    </UnitTest>
    <UnitTest name="SvnSourceProvider_BeforeSerialize_NotNormalized_Branch" storage="d:\v2.0\a1\_work\dbded102\bin\release.anycpu\tfs.service\ms.tf.build2.server.extensions.l0.tests\ms.tf.build2.server.extensions.plugins.l0.tests.dll" id="349f8115-af62-2619-acb4-aa279da73c90">
      <Execution id="57500375-66b4-4e8e-ab64-e95ef2256930" />
      <TestMethod codeBase="D:\v2.0\A1\_work\dbded102\bin\Release.AnyCPU\Tfs.Service\MS.TF.Build2.Server.Extensions.L0.Tests\MS.TF.Build2.Server.Extensions.Plugins.L0.Tests.dll" adapterTypeName="Microsoft.VisualStudio.TestTools.TestTypes.Unit.UnitTestAdapter" className="MS.TF.Build2.Server.Extensions.Plugins.L0.Tests.SvnSourceProviderBasicTests" name="SvnSourceProvider_BeforeSerialize_NotNormalized_Branch" />
    </UnitTest>
    <UnitTest name="SvnSourceProvider_BeforeSerialize_NotNormalized_Mappings" storage="d:\v2.0\a1\_work\dbded102\bin\release.anycpu\tfs.service\ms.tf.build2.server.extensions.l0.tests\ms.tf.build2.server.extensions.plugins.l0.tests.dll" id="1f2f8713-b750-9471-57ba-959924c0fa9e">
      <Execution id="8ce5666c-0319-4477-83cf-0c28cb49da97" />
      <TestMethod codeBase="D:\v2.0\A1\_work\dbded102\bin\Release.AnyCPU\Tfs.Service\MS.TF.Build2.Server.Extensions.L0.Tests\MS.TF.Build2.Server.Extensions.Plugins.L0.Tests.dll" adapterTypeName="Microsoft.VisualStudio.TestTools.TestTypes.Unit.UnitTestAdapter" className="MS.TF.Build2.Server.Extensions.Plugins.L0.Tests.SvnSourceProviderBasicTests" name="SvnSourceProvider_BeforeSerialize_NotNormalized_Mappings" />
    </UnitTest>
    <UnitTest name="SvnSourceProvider_ValidateRepository" storage="d:\v2.0\a1\_work\dbded102\bin\release.anycpu\tfs.service\ms.tf.build2.server.extensions.l0.tests\ms.tf.build2.server.extensions.plugins.l0.tests.dll" id="5aeaf5f2-ed43-279c-f557-d18cd6877c0e">
      <Execution id="40763d46-9f4e-448a-ad38-1e8f666589f8" />
      <TestMethod codeBase="D:\v2.0\A1\_work\dbded102\bin\Release.AnyCPU\Tfs.Service\MS.TF.Build2.Server.Extensions.L0.Tests\MS.TF.Build2.Server.Extensions.Plugins.L0.Tests.dll" adapterTypeName="Microsoft.VisualStudio.TestTools.TestTypes.Unit.UnitTestAdapter" className="MS.TF.Build2.Server.Extensions.Plugins.L0.Tests.SvnSourceProviderBasicTests" name="SvnSourceProvider_ValidateRepository" />
    </UnitTest>
    <UnitTest name="SvnSourceProvider_RepositoryType_Get" storage="d:\v2.0\a1\_work\dbded102\bin\release.anycpu\tfs.service\ms.tf.build2.server.extensions.l0.tests\ms.tf.build2.server.extensions.plugins.l0.tests.dll" id="eeb731b4-4bd8-5920-cf7b-c9a762f3f397">
      <Execution id="56e8d074-dd34-418f-8172-5bb5621a5194" />
      <TestMethod codeBase="D:\v2.0\A1\_work\dbded102\bin\Release.AnyCPU\Tfs.Service\MS.TF.Build2.Server.Extensions.L0.Tests\MS.TF.Build2.Server.Extensions.Plugins.L0.Tests.dll" adapterTypeName="Microsoft.VisualStudio.TestTools.TestTypes.Unit.UnitTestAdapter" className="MS.TF.Build2.Server.Extensions.Plugins.L0.Tests.SvnSourceProviderTests" name="SvnSourceProvider_RepositoryType_Get" />
    </UnitTest>
    <UnitTest name="SvnSourceProvider_HasTriggerBeenInvalidated_Identical" storage="d:\v2.0\a1\_work\dbded102\bin\release.anycpu\tfs.service\ms.tf.build2.server.extensions.l0.tests\ms.tf.build2.server.extensions.plugins.l0.tests.dll" id="1f3c50d0-f3b5-bc4d-92d5-c41c6f95eefb">
      <Execution id="badd6f4c-412c-4916-9be5-5509cd224dd9" />
      <TestMethod codeBase="D:\v2.0\A1\_work\dbded102\bin\Release.AnyCPU\Tfs.Service\MS.TF.Build2.Server.Extensions.L0.Tests\MS.TF.Build2.Server.Extensions.Plugins.L0.Tests.dll" adapterTypeName="Microsoft.VisualStudio.TestTools.TestTypes.Unit.UnitTestAdapter" className="MS.TF.Build2.Server.Extensions.Plugins.L0.Tests.SvnSourceProviderTests" name="SvnSourceProvider_HasTriggerBeenInvalidated_Identical" />
    </UnitTest>
    <UnitTest name="SvnSourceProvider_HasTriggerBeenInvalidated_LaterCreatedDate" storage="d:\v2.0\a1\_work\dbded102\bin\release.anycpu\tfs.service\ms.tf.build2.server.extensions.l0.tests\ms.tf.build2.server.extensions.plugins.l0.tests.dll" id="7cc9bf91-c0e9-c337-c99a-f07550c81f34">
      <Execution id="0007b1a9-4a0f-4314-b84e-ed911ffa77a1" />
      <TestMethod codeBase="D:\v2.0\A1\_work\dbded102\bin\Release.AnyCPU\Tfs.Service\MS.TF.Build2.Server.Extensions.L0.Tests\MS.TF.Build2.Server.Extensions.Plugins.L0.Tests.dll" adapterTypeName="Microsoft.VisualStudio.TestTools.TestTypes.Unit.UnitTestAdapter" className="MS.TF.Build2.Server.Extensions.Plugins.L0.Tests.SvnSourceProviderTests" name="SvnSourceProvider_HasTriggerBeenInvalidated_LaterCreatedDate" />
    </UnitTest>
    <UnitTest name="SvnSourceProvider_HasTriggerBeenInvalidated_ChangedRepoUrlCase" storage="d:\v2.0\a1\_work\dbded102\bin\release.anycpu\tfs.service\ms.tf.build2.server.extensions.l0.tests\ms.tf.build2.server.extensions.plugins.l0.tests.dll" id="7b2888c2-ff2d-cad4-a80e-dc264d493aa5">
      <Execution id="5630ab02-d52f-4f3e-a276-815c9cc713e2" />
      <TestMethod codeBase="D:\v2.0\A1\_work\dbded102\bin\Release.AnyCPU\Tfs.Service\MS.TF.Build2.Server.Extensions.L0.Tests\MS.TF.Build2.Server.Extensions.Plugins.L0.Tests.dll" adapterTypeName="Microsoft.VisualStudio.TestTools.TestTypes.Unit.UnitTestAdapter" className="MS.TF.Build2.Server.Extensions.Plugins.L0.Tests.SvnSourceProviderTests" name="SvnSourceProvider_HasTriggerBeenInvalidated_ChangedRepoUrlCase" />
    </UnitTest>
    <UnitTest name="SvnSourceProvider_HasTriggerBeenInvalidated_ChangedRepoDefaultBranch_CaseChange" storage="d:\v2.0\a1\_work\dbded102\bin\release.anycpu\tfs.service\ms.tf.build2.server.extensions.l0.tests\ms.tf.build2.server.extensions.plugins.l0.tests.dll" id="a4817e7c-c881-4ce2-42b9-eabb53efc28f">
      <Execution id="82116f3e-943e-4b52-960c-83e08d14680c" />
      <TestMethod codeBase="D:\v2.0\A1\_work\dbded102\bin\Release.AnyCPU\Tfs.Service\MS.TF.Build2.Server.Extensions.L0.Tests\MS.TF.Build2.Server.Extensions.Plugins.L0.Tests.dll" adapterTypeName="Microsoft.VisualStudio.TestTools.TestTypes.Unit.UnitTestAdapter" className="MS.TF.Build2.Server.Extensions.Plugins.L0.Tests.SvnSourceProviderTests" name="SvnSourceProvider_HasTriggerBeenInvalidated_ChangedRepoDefaultBranch_CaseChange" />
    </UnitTest>
    <UnitTest name="SvnSourceProvider_HasTriggerBeenInvalidated_ChangedRepoDefaultBranch_NameChange" storage="d:\v2.0\a1\_work\dbded102\bin\release.anycpu\tfs.service\ms.tf.build2.server.extensions.l0.tests\ms.tf.build2.server.extensions.plugins.l0.tests.dll" id="af5e3917-3984-bf07-3a9a-587edf490a35">
      <Execution id="8aa4eaa8-d50e-4e7f-99ba-11812b5ddb7f" />
      <TestMethod codeBase="D:\v2.0\A1\_work\dbded102\bin\Release.AnyCPU\Tfs.Service\MS.TF.Build2.Server.Extensions.L0.Tests\MS.TF.Build2.Server.Extensions.Plugins.L0.Tests.dll" adapterTypeName="Microsoft.VisualStudio.TestTools.TestTypes.Unit.UnitTestAdapter" className="MS.TF.Build2.Server.Extensions.Plugins.L0.Tests.SvnSourceProviderTests" name="SvnSourceProvider_HasTriggerBeenInvalidated_ChangedRepoDefaultBranch_NameChange" />
    </UnitTest>
    <UnitTest name="SvnSourceProvider_HasTriggerBeenInvalidated_ChangedRepoUrlScheme" storage="d:\v2.0\a1\_work\dbded102\bin\release.anycpu\tfs.service\ms.tf.build2.server.extensions.l0.tests\ms.tf.build2.server.extensions.plugins.l0.tests.dll" id="64ae59dd-eb8a-b018-9efd-a063e6e8b46c">
      <Execution id="7b42d6ad-9f7c-4784-a7ba-62725c5c9524" />
      <TestMethod codeBase="D:\v2.0\A1\_work\dbded102\bin\Release.AnyCPU\Tfs.Service\MS.TF.Build2.Server.Extensions.L0.Tests\MS.TF.Build2.Server.Extensions.Plugins.L0.Tests.dll" adapterTypeName="Microsoft.VisualStudio.TestTools.TestTypes.Unit.UnitTestAdapter" className="MS.TF.Build2.Server.Extensions.Plugins.L0.Tests.SvnSourceProviderTests" name="SvnSourceProvider_HasTriggerBeenInvalidated_ChangedRepoUrlScheme" />
    </UnitTest>
    <UnitTest name="SvnSourceProvider_HasTriggerBeenInvalidated_ChangedRepoUrlHost" storage="d:\v2.0\a1\_work\dbded102\bin\release.anycpu\tfs.service\ms.tf.build2.server.extensions.l0.tests\ms.tf.build2.server.extensions.plugins.l0.tests.dll" id="a88e9605-6598-b2d5-affd-0722d1856d81">
      <Execution id="571b649d-5c80-4d45-a6e8-542051f2682c" />
      <TestMethod codeBase="D:\v2.0\A1\_work\dbded102\bin\Release.AnyCPU\Tfs.Service\MS.TF.Build2.Server.Extensions.L0.Tests\MS.TF.Build2.Server.Extensions.Plugins.L0.Tests.dll" adapterTypeName="Microsoft.VisualStudio.TestTools.TestTypes.Unit.UnitTestAdapter" className="MS.TF.Build2.Server.Extensions.Plugins.L0.Tests.SvnSourceProviderTests" name="SvnSourceProvider_HasTriggerBeenInvalidated_ChangedRepoUrlHost" />
    </UnitTest>
    <UnitTest name="SvnSourceProvider_HasTriggerBeenInvalidated_AddedDefaultRepoUrlPort" storage="d:\v2.0\a1\_work\dbded102\bin\release.anycpu\tfs.service\ms.tf.build2.server.extensions.l0.tests\ms.tf.build2.server.extensions.plugins.l0.tests.dll" id="99c6e77c-1fc9-8274-f8ee-e071ea609497">
      <Execution id="07dbaebf-7fba-41c3-bda8-f73cbaebee7e" />
      <TestMethod codeBase="D:\v2.0\A1\_work\dbded102\bin\Release.AnyCPU\Tfs.Service\MS.TF.Build2.Server.Extensions.L0.Tests\MS.TF.Build2.Server.Extensions.Plugins.L0.Tests.dll" adapterTypeName="Microsoft.VisualStudio.TestTools.TestTypes.Unit.UnitTestAdapter" className="MS.TF.Build2.Server.Extensions.Plugins.L0.Tests.SvnSourceProviderTests" name="SvnSourceProvider_HasTriggerBeenInvalidated_AddedDefaultRepoUrlPort" />
    </UnitTest>
    <UnitTest name="SvnSourceProvider_HasTriggerBeenInvalidated_ChangedRepoUrlPort" storage="d:\v2.0\a1\_work\dbded102\bin\release.anycpu\tfs.service\ms.tf.build2.server.extensions.l0.tests\ms.tf.build2.server.extensions.plugins.l0.tests.dll" id="16fa9959-a220-9f1c-5ccd-ee57a00576ae">
      <Execution id="608ab2a7-4ddb-40cd-acdf-fe31e9140f24" />
      <TestMethod codeBase="D:\v2.0\A1\_work\dbded102\bin\Release.AnyCPU\Tfs.Service\MS.TF.Build2.Server.Extensions.L0.Tests\MS.TF.Build2.Server.Extensions.Plugins.L0.Tests.dll" adapterTypeName="Microsoft.VisualStudio.TestTools.TestTypes.Unit.UnitTestAdapter" className="MS.TF.Build2.Server.Extensions.Plugins.L0.Tests.SvnSourceProviderTests" name="SvnSourceProvider_HasTriggerBeenInvalidated_ChangedRepoUrlPort" />
    </UnitTest>
    <UnitTest name="SvnSourceProvider_HasTriggerBeenInvalidated_ChangedRepoUrlPath" storage="d:\v2.0\a1\_work\dbded102\bin\release.anycpu\tfs.service\ms.tf.build2.server.extensions.l0.tests\ms.tf.build2.server.extensions.plugins.l0.tests.dll" id="72985b4a-b1d0-1258-4f61-a7eb70127c29">
      <Execution id="1dfa5e60-da61-435a-a1d2-45733618f027" />
      <TestMethod codeBase="D:\v2.0\A1\_work\dbded102\bin\Release.AnyCPU\Tfs.Service\MS.TF.Build2.Server.Extensions.L0.Tests\MS.TF.Build2.Server.Extensions.Plugins.L0.Tests.dll" adapterTypeName="Microsoft.VisualStudio.TestTools.TestTypes.Unit.UnitTestAdapter" className="MS.TF.Build2.Server.Extensions.Plugins.L0.Tests.SvnSourceProviderTests" name="SvnSourceProvider_HasTriggerBeenInvalidated_ChangedRepoUrlPath" />
    </UnitTest>
    <UnitTest name="SvnSourceProvider_GetLatestSourceVersion_Basic" storage="d:\v2.0\a1\_work\dbded102\bin\release.anycpu\tfs.service\ms.tf.build2.server.extensions.l0.tests\ms.tf.build2.server.extensions.plugins.l0.tests.dll" id="f7421679-3dbe-9e64-3f25-8cbedae3fab6">
      <Execution id="16fcad6c-a1fd-455c-ab4c-f54269a6a999" />
      <TestMethod codeBase="D:\v2.0\A1\_work\dbded102\bin\Release.AnyCPU\Tfs.Service\MS.TF.Build2.Server.Extensions.L0.Tests\MS.TF.Build2.Server.Extensions.Plugins.L0.Tests.dll" adapterTypeName="Microsoft.VisualStudio.TestTools.TestTypes.Unit.UnitTestAdapter" className="MS.TF.Build2.Server.Extensions.Plugins.L0.Tests.SvnSourceProviderTests" name="SvnSourceProvider_GetLatestSourceVersion_Basic" />
    </UnitTest>
    <UnitTest name="SvnSourceProvider_GetSourceVersionsToBuild_PrevVersionNull" storage="d:\v2.0\a1\_work\dbded102\bin\release.anycpu\tfs.service\ms.tf.build2.server.extensions.l0.tests\ms.tf.build2.server.extensions.plugins.l0.tests.dll" id="78b23fa3-3c24-6dec-adf7-526b1af6f0c3">
      <Execution id="27a4cc73-bf27-4db1-9e74-3faa9640d642" />
      <TestMethod codeBase="D:\v2.0\A1\_work\dbded102\bin\Release.AnyCPU\Tfs.Service\MS.TF.Build2.Server.Extensions.L0.Tests\MS.TF.Build2.Server.Extensions.Plugins.L0.Tests.dll" adapterTypeName="Microsoft.VisualStudio.TestTools.TestTypes.Unit.UnitTestAdapter" className="MS.TF.Build2.Server.Extensions.Plugins.L0.Tests.SvnSourceProviderTests" name="SvnSourceProvider_GetSourceVersionsToBuild_PrevVersionNull" />
    </UnitTest>
    <UnitTest name="SvnSourceProvider_GetSourceVersionsToBuild_NoItems" storage="d:\v2.0\a1\_work\dbded102\bin\release.anycpu\tfs.service\ms.tf.build2.server.extensions.l0.tests\ms.tf.build2.server.extensions.plugins.l0.tests.dll" id="42fbc9b3-c44f-f6c8-d5d3-48ea64c62afb">
      <Execution id="d05af638-c871-425f-bf08-a23fd9fffd79" />
      <TestMethod codeBase="D:\v2.0\A1\_work\dbded102\bin\Release.AnyCPU\Tfs.Service\MS.TF.Build2.Server.Extensions.L0.Tests\MS.TF.Build2.Server.Extensions.Plugins.L0.Tests.dll" adapterTypeName="Microsoft.VisualStudio.TestTools.TestTypes.Unit.UnitTestAdapter" className="MS.TF.Build2.Server.Extensions.Plugins.L0.Tests.SvnSourceProviderTests" name="SvnSourceProvider_GetSourceVersionsToBuild_NoItems" />
    </UnitTest>
    <UnitTest name="SvnSourceProvider_GetSourceVersionsToBuild_OneItemButSameAsLast_FirstItem" storage="d:\v2.0\a1\_work\dbded102\bin\release.anycpu\tfs.service\ms.tf.build2.server.extensions.l0.tests\ms.tf.build2.server.extensions.plugins.l0.tests.dll" id="5fc536e3-5c22-9408-9780-18872ca98023">
      <Execution id="ed7a3700-2804-40dd-918a-4f8e22d4ee63" />
      <TestMethod codeBase="D:\v2.0\A1\_work\dbded102\bin\Release.AnyCPU\Tfs.Service\MS.TF.Build2.Server.Extensions.L0.Tests\MS.TF.Build2.Server.Extensions.Plugins.L0.Tests.dll" adapterTypeName="Microsoft.VisualStudio.TestTools.TestTypes.Unit.UnitTestAdapter" className="MS.TF.Build2.Server.Extensions.Plugins.L0.Tests.SvnSourceProviderTests" name="SvnSourceProvider_GetSourceVersionsToBuild_OneItemButSameAsLast_FirstItem" />
    </UnitTest>
    <UnitTest name="SvnSourceProvider_GetSourceVersionsToBuild_OneItemButSameAsLast_SecondItem" storage="d:\v2.0\a1\_work\dbded102\bin\release.anycpu\tfs.service\ms.tf.build2.server.extensions.l0.tests\ms.tf.build2.server.extensions.plugins.l0.tests.dll" id="1404ae5c-c78b-a90b-bbaf-339c4da326ca">
      <Execution id="7a6061aa-1dda-48a6-86d1-f7728913c649" />
      <TestMethod codeBase="D:\v2.0\A1\_work\dbded102\bin\Release.AnyCPU\Tfs.Service\MS.TF.Build2.Server.Extensions.L0.Tests\MS.TF.Build2.Server.Extensions.Plugins.L0.Tests.dll" adapterTypeName="Microsoft.VisualStudio.TestTools.TestTypes.Unit.UnitTestAdapter" className="MS.TF.Build2.Server.Extensions.Plugins.L0.Tests.SvnSourceProviderTests" name="SvnSourceProvider_GetSourceVersionsToBuild_OneItemButSameAsLast_SecondItem" />
    </UnitTest>
    <UnitTest name="SvnSourceProvider_GetSourceVersionsToBuild_OneNoCIItemBatched" storage="d:\v2.0\a1\_work\dbded102\bin\release.anycpu\tfs.service\ms.tf.build2.server.extensions.l0.tests\ms.tf.build2.server.extensions.plugins.l0.tests.dll" id="d419e825-c716-d1d6-4cb0-530978810eaa">
      <Execution id="a334aaf1-ce7a-482a-aaae-f3333aed8c19" />
      <TestMethod codeBase="D:\v2.0\A1\_work\dbded102\bin\Release.AnyCPU\Tfs.Service\MS.TF.Build2.Server.Extensions.L0.Tests\MS.TF.Build2.Server.Extensions.Plugins.L0.Tests.dll" adapterTypeName="Microsoft.VisualStudio.TestTools.TestTypes.Unit.UnitTestAdapter" className="MS.TF.Build2.Server.Extensions.Plugins.L0.Tests.SvnSourceProviderTests" name="SvnSourceProvider_GetSourceVersionsToBuild_OneNoCIItemBatched" />
    </UnitTest>
    <UnitTest name="SvnSourceProvider_GetSourceVersionsToBuild_OneNoCIItemNotBatched" storage="d:\v2.0\a1\_work\dbded102\bin\release.anycpu\tfs.service\ms.tf.build2.server.extensions.l0.tests\ms.tf.build2.server.extensions.plugins.l0.tests.dll" id="c392727a-5446-bd5b-604b-2a5fb0d42da6">
      <Execution id="d4f0ee0d-1d5c-47a6-8642-68a24f89aa87" />
      <TestMethod codeBase="D:\v2.0\A1\_work\dbded102\bin\Release.AnyCPU\Tfs.Service\MS.TF.Build2.Server.Extensions.L0.Tests\MS.TF.Build2.Server.Extensions.Plugins.L0.Tests.dll" adapterTypeName="Microsoft.VisualStudio.TestTools.TestTypes.Unit.UnitTestAdapter" className="MS.TF.Build2.Server.Extensions.Plugins.L0.Tests.SvnSourceProviderTests" name="SvnSourceProvider_GetSourceVersionsToBuild_OneNoCIItemNotBatched" />
    </UnitTest>
    <UnitTest name="SvnSourceProvider_GetSourceVersionsToBuild_OneNoCIChangeBatched" storage="d:\v2.0\a1\_work\dbded102\bin\release.anycpu\tfs.service\ms.tf.build2.server.extensions.l0.tests\ms.tf.build2.server.extensions.plugins.l0.tests.dll" id="17a37585-8a8d-6a67-67e6-370a0e374e9d">
      <Execution id="520cf825-8014-4b3d-8c63-8ce7698ac8f0" />
      <TestMethod codeBase="D:\v2.0\A1\_work\dbded102\bin\Release.AnyCPU\Tfs.Service\MS.TF.Build2.Server.Extensions.L0.Tests\MS.TF.Build2.Server.Extensions.Plugins.L0.Tests.dll" adapterTypeName="Microsoft.VisualStudio.TestTools.TestTypes.Unit.UnitTestAdapter" className="MS.TF.Build2.Server.Extensions.Plugins.L0.Tests.SvnSourceProviderTests" name="SvnSourceProvider_GetSourceVersionsToBuild_OneNoCIChangeBatched" />
    </UnitTest>
    <UnitTest name="SvnSourceProvider_GetSourceVersionsToBuild_OneNoCIChangeNotBatched" storage="d:\v2.0\a1\_work\dbded102\bin\release.anycpu\tfs.service\ms.tf.build2.server.extensions.l0.tests\ms.tf.build2.server.extensions.plugins.l0.tests.dll" id="25b9bc84-450c-78b5-acd2-981ed7d550ec">
      <Execution id="d6c599cf-67a7-4daf-9237-ce1d77cb08ca" />
      <TestMethod codeBase="D:\v2.0\A1\_work\dbded102\bin\Release.AnyCPU\Tfs.Service\MS.TF.Build2.Server.Extensions.L0.Tests\MS.TF.Build2.Server.Extensions.Plugins.L0.Tests.dll" adapterTypeName="Microsoft.VisualStudio.TestTools.TestTypes.Unit.UnitTestAdapter" className="MS.TF.Build2.Server.Extensions.Plugins.L0.Tests.SvnSourceProviderTests" name="SvnSourceProvider_GetSourceVersionsToBuild_OneNoCIChangeNotBatched" />
    </UnitTest>
    <UnitTest name="SvnSourceProvider_GetSourceVersionsToBuild_TwoNoCIChangesBatched" storage="d:\v2.0\a1\_work\dbded102\bin\release.anycpu\tfs.service\ms.tf.build2.server.extensions.l0.tests\ms.tf.build2.server.extensions.plugins.l0.tests.dll" id="6a72cfa5-aa76-fde3-d103-a39a7ebdac06">
      <Execution id="4db58d50-b4d0-45ba-ac6e-1c20021d1cb6" />
      <TestMethod codeBase="D:\v2.0\A1\_work\dbded102\bin\Release.AnyCPU\Tfs.Service\MS.TF.Build2.Server.Extensions.L0.Tests\MS.TF.Build2.Server.Extensions.Plugins.L0.Tests.dll" adapterTypeName="Microsoft.VisualStudio.TestTools.TestTypes.Unit.UnitTestAdapter" className="MS.TF.Build2.Server.Extensions.Plugins.L0.Tests.SvnSourceProviderTests" name="SvnSourceProvider_GetSourceVersionsToBuild_TwoNoCIChangesBatched" />
    </UnitTest>
    <UnitTest name="SvnSourceProvider_GetSourceVersionsToBuild_TwoNoCIChangesNotBatched" storage="d:\v2.0\a1\_work\dbded102\bin\release.anycpu\tfs.service\ms.tf.build2.server.extensions.l0.tests\ms.tf.build2.server.extensions.plugins.l0.tests.dll" id="da5df982-29dc-a64e-4246-a6fb3846cde6">
      <Execution id="c780f663-4dbe-4373-9717-98ca983d9b7e" />
      <TestMethod codeBase="D:\v2.0\A1\_work\dbded102\bin\Release.AnyCPU\Tfs.Service\MS.TF.Build2.Server.Extensions.L0.Tests\MS.TF.Build2.Server.Extensions.Plugins.L0.Tests.dll" adapterTypeName="Microsoft.VisualStudio.TestTools.TestTypes.Unit.UnitTestAdapter" className="MS.TF.Build2.Server.Extensions.Plugins.L0.Tests.SvnSourceProviderTests" name="SvnSourceProvider_GetSourceVersionsToBuild_TwoNoCIChangesNotBatched" />
    </UnitTest>
    <UnitTest name="SvnSourceProvider_GetSourceVersionsToBuild_OneChangeDifferentThanLast" storage="d:\v2.0\a1\_work\dbded102\bin\release.anycpu\tfs.service\ms.tf.build2.server.extensions.l0.tests\ms.tf.build2.server.extensions.plugins.l0.tests.dll" id="2c79d8ce-b193-1c9f-28d1-3d2b2ea99a57">
      <Execution id="f253bf33-2836-4d32-a246-509dd8d3d0a3" />
      <TestMethod codeBase="D:\v2.0\A1\_work\dbded102\bin\Release.AnyCPU\Tfs.Service\MS.TF.Build2.Server.Extensions.L0.Tests\MS.TF.Build2.Server.Extensions.Plugins.L0.Tests.dll" adapterTypeName="Microsoft.VisualStudio.TestTools.TestTypes.Unit.UnitTestAdapter" className="MS.TF.Build2.Server.Extensions.Plugins.L0.Tests.SvnSourceProviderTests" name="SvnSourceProvider_GetSourceVersionsToBuild_OneChangeDifferentThanLast" />
    </UnitTest>
    <UnitTest name="SvnSourceProvider_GetSourceVersionsToBuild_TwoChangesBatched" storage="d:\v2.0\a1\_work\dbded102\bin\release.anycpu\tfs.service\ms.tf.build2.server.extensions.l0.tests\ms.tf.build2.server.extensions.plugins.l0.tests.dll" id="8f5608f7-4fb2-5b32-81f6-e2ce72d6dc39">
      <Execution id="3c53f57a-d38c-4089-8280-2052bb42025a" />
      <TestMethod codeBase="D:\v2.0\A1\_work\dbded102\bin\Release.AnyCPU\Tfs.Service\MS.TF.Build2.Server.Extensions.L0.Tests\MS.TF.Build2.Server.Extensions.Plugins.L0.Tests.dll" adapterTypeName="Microsoft.VisualStudio.TestTools.TestTypes.Unit.UnitTestAdapter" className="MS.TF.Build2.Server.Extensions.Plugins.L0.Tests.SvnSourceProviderTests" name="SvnSourceProvider_GetSourceVersionsToBuild_TwoChangesBatched" />
    </UnitTest>
    <UnitTest name="SvnSourceProvider_GetSourceVersionsToBuild_TwoChangesNotBatched" storage="d:\v2.0\a1\_work\dbded102\bin\release.anycpu\tfs.service\ms.tf.build2.server.extensions.l0.tests\ms.tf.build2.server.extensions.plugins.l0.tests.dll" id="6530dc9a-da04-b4b7-c37f-636c1bc57a92">
      <Execution id="ca75af9b-f687-4e70-ad91-74786d46ff21" />
      <TestMethod codeBase="D:\v2.0\A1\_work\dbded102\bin\Release.AnyCPU\Tfs.Service\MS.TF.Build2.Server.Extensions.L0.Tests\MS.TF.Build2.Server.Extensions.Plugins.L0.Tests.dll" adapterTypeName="Microsoft.VisualStudio.TestTools.TestTypes.Unit.UnitTestAdapter" className="MS.TF.Build2.Server.Extensions.Plugins.L0.Tests.SvnSourceProviderTests" name="SvnSourceProvider_GetSourceVersionsToBuild_TwoChangesNotBatched" />
    </UnitTest>
    <UnitTest name="SvnSourceProvider_GetSourceVersionsToBuild_ThreeChangesWithSkipBatched" storage="d:\v2.0\a1\_work\dbded102\bin\release.anycpu\tfs.service\ms.tf.build2.server.extensions.l0.tests\ms.tf.build2.server.extensions.plugins.l0.tests.dll" id="5c00f38f-ef5c-6d6d-cf6d-aa962893aadd">
      <Execution id="6204eae0-6a8d-4c7e-8ee3-1c15be8b7267" />
      <TestMethod codeBase="D:\v2.0\A1\_work\dbded102\bin\Release.AnyCPU\Tfs.Service\MS.TF.Build2.Server.Extensions.L0.Tests\MS.TF.Build2.Server.Extensions.Plugins.L0.Tests.dll" adapterTypeName="Microsoft.VisualStudio.TestTools.TestTypes.Unit.UnitTestAdapter" className="MS.TF.Build2.Server.Extensions.Plugins.L0.Tests.SvnSourceProviderTests" name="SvnSourceProvider_GetSourceVersionsToBuild_ThreeChangesWithSkipBatched" />
    </UnitTest>
    <UnitTest name="SvnSourceProvider_GetSourceVersionsToBuild_ThreeChangesWithSkipNotBatched" storage="d:\v2.0\a1\_work\dbded102\bin\release.anycpu\tfs.service\ms.tf.build2.server.extensions.l0.tests\ms.tf.build2.server.extensions.plugins.l0.tests.dll" id="203ebb50-7bb0-de98-537b-7b180ad3ca1d">
      <Execution id="49d19d9b-3d6a-438a-854c-96df80b20b93" />
      <TestMethod codeBase="D:\v2.0\A1\_work\dbded102\bin\Release.AnyCPU\Tfs.Service\MS.TF.Build2.Server.Extensions.L0.Tests\MS.TF.Build2.Server.Extensions.Plugins.L0.Tests.dll" adapterTypeName="Microsoft.VisualStudio.TestTools.TestTypes.Unit.UnitTestAdapter" className="MS.TF.Build2.Server.Extensions.Plugins.L0.Tests.SvnSourceProviderTests" name="SvnSourceProvider_GetSourceVersionsToBuild_ThreeChangesWithSkipNotBatched" />
    </UnitTest>
    <UnitTest name="SvnSourceProvider_GetSourceVersionsToBuild_FiveChangesWithNoCIBatched_LastIncluded" storage="d:\v2.0\a1\_work\dbded102\bin\release.anycpu\tfs.service\ms.tf.build2.server.extensions.l0.tests\ms.tf.build2.server.extensions.plugins.l0.tests.dll" id="388ea013-42a9-0515-5d86-e4ddb9581964">
      <Execution id="be0de9bc-9a7d-4dc0-bdd6-ef8033009f2f" />
      <TestMethod codeBase="D:\v2.0\A1\_work\dbded102\bin\Release.AnyCPU\Tfs.Service\MS.TF.Build2.Server.Extensions.L0.Tests\MS.TF.Build2.Server.Extensions.Plugins.L0.Tests.dll" adapterTypeName="Microsoft.VisualStudio.TestTools.TestTypes.Unit.UnitTestAdapter" className="MS.TF.Build2.Server.Extensions.Plugins.L0.Tests.SvnSourceProviderTests" name="SvnSourceProvider_GetSourceVersionsToBuild_FiveChangesWithNoCIBatched_LastIncluded" />
    </UnitTest>
    <UnitTest name="SvnSourceProvider_GetSourceVersionsToBuild_FiveChangesWithNoCIBatched_LastNotIncluded" storage="d:\v2.0\a1\_work\dbded102\bin\release.anycpu\tfs.service\ms.tf.build2.server.extensions.l0.tests\ms.tf.build2.server.extensions.plugins.l0.tests.dll" id="4c56a07e-072a-df97-635e-557a01e3370f">
      <Execution id="0fd696c9-ce78-4c7b-8999-c16ea0fd1091" />
      <TestMethod codeBase="D:\v2.0\A1\_work\dbded102\bin\Release.AnyCPU\Tfs.Service\MS.TF.Build2.Server.Extensions.L0.Tests\MS.TF.Build2.Server.Extensions.Plugins.L0.Tests.dll" adapterTypeName="Microsoft.VisualStudio.TestTools.TestTypes.Unit.UnitTestAdapter" className="MS.TF.Build2.Server.Extensions.Plugins.L0.Tests.SvnSourceProviderTests" name="SvnSourceProvider_GetSourceVersionsToBuild_FiveChangesWithNoCIBatched_LastNotIncluded" />
    </UnitTest>
    <UnitTest name="SvnSourceProvider_GetSourceVersionsToBuild_FiveChangesWithNoCINotBatched_LastIncluded" storage="d:\v2.0\a1\_work\dbded102\bin\release.anycpu\tfs.service\ms.tf.build2.server.extensions.l0.tests\ms.tf.build2.server.extensions.plugins.l0.tests.dll" id="41587caf-8a90-2986-f8f0-b5d1b5b9b5b9">
      <Execution id="1ab282c6-bf51-4816-b04d-d067a48faec2" />
      <TestMethod codeBase="D:\v2.0\A1\_work\dbded102\bin\Release.AnyCPU\Tfs.Service\MS.TF.Build2.Server.Extensions.L0.Tests\MS.TF.Build2.Server.Extensions.Plugins.L0.Tests.dll" adapterTypeName="Microsoft.VisualStudio.TestTools.TestTypes.Unit.UnitTestAdapter" className="MS.TF.Build2.Server.Extensions.Plugins.L0.Tests.SvnSourceProviderTests" name="SvnSourceProvider_GetSourceVersionsToBuild_FiveChangesWithNoCINotBatched_LastIncluded" />
    </UnitTest>
    <UnitTest name="SvnSourceProvider_GetSourceVersionsToBuild_FiveChangesWithNoCINotBatched_LastNotIncluded" storage="d:\v2.0\a1\_work\dbded102\bin\release.anycpu\tfs.service\ms.tf.build2.server.extensions.l0.tests\ms.tf.build2.server.extensions.plugins.l0.tests.dll" id="84344314-ef96-c8fc-e5c4-301a38496fda">
      <Execution id="0f0e158d-b842-4f8a-9541-accbcce0c41d" />
      <TestMethod codeBase="D:\v2.0\A1\_work\dbded102\bin\Release.AnyCPU\Tfs.Service\MS.TF.Build2.Server.Extensions.L0.Tests\MS.TF.Build2.Server.Extensions.Plugins.L0.Tests.dll" adapterTypeName="Microsoft.VisualStudio.TestTools.TestTypes.Unit.UnitTestAdapter" className="MS.TF.Build2.Server.Extensions.Plugins.L0.Tests.SvnSourceProviderTests" name="SvnSourceProvider_GetSourceVersionsToBuild_FiveChangesWithNoCINotBatched_LastNotIncluded" />
    </UnitTest>
    <UnitTest name="SvnSourceProvider_GetSourceVersionsToBuild_PrevVersion_ErrorWhitespace" storage="d:\v2.0\a1\_work\dbded102\bin\release.anycpu\tfs.service\ms.tf.build2.server.extensions.l0.tests\ms.tf.build2.server.extensions.plugins.l0.tests.dll" id="97492233-80ad-3207-b5c3-d6ca52708444">
      <Execution id="dfefa1c5-aef3-45d3-8029-7b681e638be3" />
      <TestMethod codeBase="D:\v2.0\A1\_work\dbded102\bin\Release.AnyCPU\Tfs.Service\MS.TF.Build2.Server.Extensions.L0.Tests\MS.TF.Build2.Server.Extensions.Plugins.L0.Tests.dll" adapterTypeName="Microsoft.VisualStudio.TestTools.TestTypes.Unit.UnitTestAdapter" className="MS.TF.Build2.Server.Extensions.Plugins.L0.Tests.SvnSourceProviderTests" name="SvnSourceProvider_GetSourceVersionsToBuild_PrevVersion_ErrorWhitespace" />
    </UnitTest>
    <UnitTest name="SvnSourceProvider_GetSourceVersionsToBuild_PrevVersion_ErrorZero" storage="d:\v2.0\a1\_work\dbded102\bin\release.anycpu\tfs.service\ms.tf.build2.server.extensions.l0.tests\ms.tf.build2.server.extensions.plugins.l0.tests.dll" id="d72aabeb-e7b7-20ab-0f7d-06dbc764af60">
      <Execution id="e51cab9f-3e84-404d-acfc-2a3eef2ecd5b" />
      <TestMethod codeBase="D:\v2.0\A1\_work\dbded102\bin\Release.AnyCPU\Tfs.Service\MS.TF.Build2.Server.Extensions.L0.Tests\MS.TF.Build2.Server.Extensions.Plugins.L0.Tests.dll" adapterTypeName="Microsoft.VisualStudio.TestTools.TestTypes.Unit.UnitTestAdapter" className="MS.TF.Build2.Server.Extensions.Plugins.L0.Tests.SvnSourceProviderTests" name="SvnSourceProvider_GetSourceVersionsToBuild_PrevVersion_ErrorZero" />
    </UnitTest>
    <UnitTest name="SvnSourceProvider_GetSourceVersionsToBuild_PrevVersion_ErrorNegative" storage="d:\v2.0\a1\_work\dbded102\bin\release.anycpu\tfs.service\ms.tf.build2.server.extensions.l0.tests\ms.tf.build2.server.extensions.plugins.l0.tests.dll" id="dd96a8a4-5a83-800b-7e06-d586168b85b1">
      <Execution id="267e0f88-166b-4bd4-8b2c-0000f18d8838" />
      <TestMethod codeBase="D:\v2.0\A1\_work\dbded102\bin\Release.AnyCPU\Tfs.Service\MS.TF.Build2.Server.Extensions.L0.Tests\MS.TF.Build2.Server.Extensions.Plugins.L0.Tests.dll" adapterTypeName="Microsoft.VisualStudio.TestTools.TestTypes.Unit.UnitTestAdapter" className="MS.TF.Build2.Server.Extensions.Plugins.L0.Tests.SvnSourceProviderTests" name="SvnSourceProvider_GetSourceVersionsToBuild_PrevVersion_ErrorNegative" />
    </UnitTest>
    <UnitTest name="SvnSourceProvider_GetSourceVersionsToBuild_PrevVersion_ErrorAlpha" storage="d:\v2.0\a1\_work\dbded102\bin\release.anycpu\tfs.service\ms.tf.build2.server.extensions.l0.tests\ms.tf.build2.server.extensions.plugins.l0.tests.dll" id="52cf2d4c-f233-fef5-0fee-9fb3ae97f89a">
      <Execution id="37a593e8-cc5c-4227-a952-60ff0018de2d" />
      <TestMethod codeBase="D:\v2.0\A1\_work\dbded102\bin\Release.AnyCPU\Tfs.Service\MS.TF.Build2.Server.Extensions.L0.Tests\MS.TF.Build2.Server.Extensions.Plugins.L0.Tests.dll" adapterTypeName="Microsoft.VisualStudio.TestTools.TestTypes.Unit.UnitTestAdapter" className="MS.TF.Build2.Server.Extensions.Plugins.L0.Tests.SvnSourceProviderTests" name="SvnSourceProvider_GetSourceVersionsToBuild_PrevVersion_ErrorAlpha" />
    </UnitTest>
    <UnitTest name="TfsGitSourceProvider_CreateLabel" storage="d:\v2.0\a1\_work\dbded102\bin\release.anycpu\tfs.service\ms.tf.build2.server.extensions.l0.tests\ms.tf.build2.server.extensions.plugins.l0.tests.dll" id="632813e9-fa91-404e-0023-2f61b1d15b57">
      <Owners>
        <Owner name="bigbldt" />
      </Owners>
      <Execution id="d47f0c93-418a-484f-a91b-c03a602df5b5" />
      <TestMethod codeBase="D:\v2.0\A1\_work\dbded102\bin\Release.AnyCPU\Tfs.Service\MS.TF.Build2.Server.Extensions.L0.Tests\MS.TF.Build2.Server.Extensions.Plugins.L0.Tests.dll" adapterTypeName="Microsoft.VisualStudio.TestTools.TestTypes.Unit.UnitTestAdapter" className="MS.TF.Build2.Server.Extensions.Plugins.L0.Tests.TfsGitSourceProviderTests" name="TfsGitSourceProvider_CreateLabel" />
    </UnitTest>
    <UnitTest name="TfsGitSourceProvider_CleanupArtifact" storage="d:\v2.0\a1\_work\dbded102\bin\release.anycpu\tfs.service\ms.tf.build2.server.extensions.l0.tests\ms.tf.build2.server.extensions.plugins.l0.tests.dll" id="462d9ba9-7de7-0803-b17c-95887676e37b">
      <Owners>
        <Owner name="bigbldt" />
      </Owners>
      <Execution id="20e752e5-f8a6-4752-b8b4-d2631df39043" />
      <TestMethod codeBase="D:\v2.0\A1\_work\dbded102\bin\Release.AnyCPU\Tfs.Service\MS.TF.Build2.Server.Extensions.L0.Tests\MS.TF.Build2.Server.Extensions.Plugins.L0.Tests.dll" adapterTypeName="Microsoft.VisualStudio.TestTools.TestTypes.Unit.UnitTestAdapter" className="MS.TF.Build2.Server.Extensions.Plugins.L0.Tests.TfsGitSourceProviderTests" name="TfsGitSourceProvider_CleanupArtifact" />
    </UnitTest>
    <UnitTest name="TfvcSourceProvider_ValidateRepositoryTest" storage="d:\v2.0\a1\_work\dbded102\bin\release.anycpu\tfs.service\ms.tf.build2.server.extensions.l0.tests\ms.tf.build2.server.extensions.plugins.l0.tests.dll" id="5bae4a81-6a57-809f-b932-6e0a8fe14fbd">
      <Owners>
        <Owner name="drewta" />
      </Owners>
      <Execution id="66f5905e-f7e5-4cc4-91c5-7749bea3d3f3" />
      <TestMethod codeBase="D:\v2.0\A1\_work\dbded102\bin\Release.AnyCPU\Tfs.Service\MS.TF.Build2.Server.Extensions.L0.Tests\MS.TF.Build2.Server.Extensions.Plugins.L0.Tests.dll" adapterTypeName="Microsoft.VisualStudio.TestTools.TestTypes.Unit.UnitTestAdapter" className="MS.TF.Build2.Server.Extensions.Plugins.L0.Tests.TfvcSourceProviderTests" name="TfvcSourceProvider_ValidateRepositoryTest" />
    </UnitTest>
    <UnitTest name="TfvcSourceProvider_LabelSources" storage="d:\v2.0\a1\_work\dbded102\bin\release.anycpu\tfs.service\ms.tf.build2.server.extensions.l0.tests\ms.tf.build2.server.extensions.plugins.l0.tests.dll" id="589fad08-a915-fe3e-660a-7b4ccb032ccf">
      <Owners>
        <Owner name="bigbldt" />
      </Owners>
      <Execution id="0bdfae76-ccb2-4879-bdca-535b2035165f" />
      <TestMethod codeBase="D:\v2.0\A1\_work\dbded102\bin\Release.AnyCPU\Tfs.Service\MS.TF.Build2.Server.Extensions.L0.Tests\MS.TF.Build2.Server.Extensions.Plugins.L0.Tests.dll" adapterTypeName="Microsoft.VisualStudio.TestTools.TestTypes.Unit.UnitTestAdapter" className="MS.TF.Build2.Server.Extensions.Plugins.L0.Tests.TfvcSourceProviderTests" name="TfvcSourceProvider_LabelSources" />
    </UnitTest>
    <UnitTest name="TfvcSourceProvider_UpdateReferences_SetsDownloadUrl" storage="d:\v2.0\a1\_work\dbded102\bin\release.anycpu\tfs.service\ms.tf.build2.server.extensions.l0.tests\ms.tf.build2.server.extensions.plugins.l0.tests.dll" id="56788831-b077-2a26-37a4-763b8763c8e0">
      <Execution id="7d0ec9d3-8c5f-4b43-8d08-62469b1ca2f5" />
      <TestMethod codeBase="D:\v2.0\A1\_work\dbded102\bin\Release.AnyCPU\Tfs.Service\MS.TF.Build2.Server.Extensions.L0.Tests\MS.TF.Build2.Server.Extensions.Plugins.L0.Tests.dll" adapterTypeName="Microsoft.VisualStudio.TestTools.TestTypes.Unit.UnitTestAdapter" className="MS.TF.Build2.Server.Extensions.Plugins.L0.Tests.TfvcSourceProviderTests" name="TfvcSourceProvider_UpdateReferences_SetsDownloadUrl" />
    </UnitTest>
    <UnitTest name="Retention_DefaultDefinitionThrownCriticalException" storage="d:\v2.0\a1\_work\dbded102\bin\release.anycpu\tfs.service\ms.tf.build2.server.extensions.l0.tests\ms.tf.build2.server.extensions.plugins.l0.tests.dll" id="03e1e267-e2ea-87cf-8845-8f116467b4ab">
      <Owners>
        <Owner name="bigbldt" />
      </Owners>
      <Execution id="198d4f64-d3c2-41b2-9d66-e521f0515b2e" />
      <TestMethod codeBase="D:\v2.0\A1\_work\dbded102\bin\Release.AnyCPU\Tfs.Service\MS.TF.Build2.Server.Extensions.L0.Tests\MS.TF.Build2.Server.Extensions.Plugins.L0.Tests.dll" adapterTypeName="Microsoft.VisualStudio.TestTools.TestTypes.Unit.UnitTestAdapter" className="MS.TF.Build2.Server.Extensions.Plugins.L0.Tests.BuildRetentionPolicyJobTests" name="Retention_DefaultDefinitionThrownCriticalException" />
    </UnitTest>
    <UnitTest name="Retention_DefaultDefinitionThrownException" storage="d:\v2.0\a1\_work\dbded102\bin\release.anycpu\tfs.service\ms.tf.build2.server.extensions.l0.tests\ms.tf.build2.server.extensions.plugins.l0.tests.dll" id="080b457f-acca-187f-ac03-41360548c93a">
      <Owners>
        <Owner name="bigbldt" />
      </Owners>
      <Execution id="97e24b1b-5831-4613-9fce-a969545a5d00" />
      <TestMethod codeBase="D:\v2.0\A1\_work\dbded102\bin\Release.AnyCPU\Tfs.Service\MS.TF.Build2.Server.Extensions.L0.Tests\MS.TF.Build2.Server.Extensions.Plugins.L0.Tests.dll" adapterTypeName="Microsoft.VisualStudio.TestTools.TestTypes.Unit.UnitTestAdapter" className="MS.TF.Build2.Server.Extensions.Plugins.L0.Tests.BuildRetentionPolicyJobTests" name="Retention_DefaultDefinitionThrownException" />
    </UnitTest>
    <UnitTest name="Retention_DefaultDefinitionThrownExceptionOnLastDefinition" storage="d:\v2.0\a1\_work\dbded102\bin\release.anycpu\tfs.service\ms.tf.build2.server.extensions.l0.tests\ms.tf.build2.server.extensions.plugins.l0.tests.dll" id="df0f7a6d-109a-8cc9-9906-1a002093c859">
      <Owners>
        <Owner name="bigbldt" />
      </Owners>
      <Execution id="f1fb3dd4-43fd-4fcb-ae84-6416723036b2" />
      <TestMethod codeBase="D:\v2.0\A1\_work\dbded102\bin\Release.AnyCPU\Tfs.Service\MS.TF.Build2.Server.Extensions.L0.Tests\MS.TF.Build2.Server.Extensions.Plugins.L0.Tests.dll" adapterTypeName="Microsoft.VisualStudio.TestTools.TestTypes.Unit.UnitTestAdapter" className="MS.TF.Build2.Server.Extensions.Plugins.L0.Tests.BuildRetentionPolicyJobTests" name="Retention_DefaultDefinitionThrownExceptionOnLastDefinition" />
    </UnitTest>
    <UnitTest name="Retention_DefaultDefinitionOneBuildWithDeletion" storage="d:\v2.0\a1\_work\dbded102\bin\release.anycpu\tfs.service\ms.tf.build2.server.extensions.l0.tests\ms.tf.build2.server.extensions.plugins.l0.tests.dll" id="1cdb05a1-b67e-ce9d-3761-094a1fac57cd">
      <Owners>
        <Owner name="bigbldt" />
      </Owners>
      <Execution id="87e2af44-8d6f-482b-ac18-601f1a742564" />
      <TestMethod codeBase="D:\v2.0\A1\_work\dbded102\bin\Release.AnyCPU\Tfs.Service\MS.TF.Build2.Server.Extensions.L0.Tests\MS.TF.Build2.Server.Extensions.Plugins.L0.Tests.dll" adapterTypeName="Microsoft.VisualStudio.TestTools.TestTypes.Unit.UnitTestAdapter" className="MS.TF.Build2.Server.Extensions.Plugins.L0.Tests.BuildRetentionPolicyJobTests" name="Retention_DefaultDefinitionOneBuildWithDeletion" />
    </UnitTest>
    <UnitTest name="Retention_SetsDeleteBuildSpecFlagsProperly" storage="d:\v2.0\a1\_work\dbded102\bin\release.anycpu\tfs.service\ms.tf.build2.server.extensions.l0.tests\ms.tf.build2.server.extensions.plugins.l0.tests.dll" id="ab4a8ed4-25a1-95ce-312e-1c4599e0ecee">
      <Owners>
        <Owner name="bigbldt" />
      </Owners>
      <Execution id="7ca1a65c-1825-44ac-998e-94ca6ab4fd9f" />
      <TestMethod codeBase="D:\v2.0\A1\_work\dbded102\bin\Release.AnyCPU\Tfs.Service\MS.TF.Build2.Server.Extensions.L0.Tests\MS.TF.Build2.Server.Extensions.Plugins.L0.Tests.dll" adapterTypeName="Microsoft.VisualStudio.TestTools.TestTypes.Unit.UnitTestAdapter" className="MS.TF.Build2.Server.Extensions.Plugins.L0.Tests.BuildRetentionPolicyJobTests" name="Retention_SetsDeleteBuildSpecFlagsProperly" />
    </UnitTest>
    <UnitTest name="Retention_OneDefinitionFeatureBranchOneBuildWithDeletion" storage="d:\v2.0\a1\_work\dbded102\bin\release.anycpu\tfs.service\ms.tf.build2.server.extensions.l0.tests\ms.tf.build2.server.extensions.plugins.l0.tests.dll" id="325afb3d-9891-e757-1ae4-ed5f96dea208">
      <Owners>
        <Owner name="bigbldt" />
      </Owners>
      <Execution id="89576270-2a57-422d-b94c-f670a8826f55" />
      <TestMethod codeBase="D:\v2.0\A1\_work\dbded102\bin\Release.AnyCPU\Tfs.Service\MS.TF.Build2.Server.Extensions.L0.Tests\MS.TF.Build2.Server.Extensions.Plugins.L0.Tests.dll" adapterTypeName="Microsoft.VisualStudio.TestTools.TestTypes.Unit.UnitTestAdapter" className="MS.TF.Build2.Server.Extensions.Plugins.L0.Tests.BuildRetentionPolicyJobTests" name="Retention_OneDefinitionFeatureBranchOneBuildWithDeletion" />
    </UnitTest>
    <UnitTest name="Retention_DefinitionWithoutAnyRetentionRules" storage="d:\v2.0\a1\_work\dbded102\bin\release.anycpu\tfs.service\ms.tf.build2.server.extensions.l0.tests\ms.tf.build2.server.extensions.plugins.l0.tests.dll" id="fe0f2464-2a4f-c740-7096-0d37ad568629">
      <Owners>
        <Owner name="bigbldt" />
      </Owners>
      <Execution id="37ded4bc-b7f7-4d2f-88d1-b76ac81a49c5" />
      <TestMethod codeBase="D:\v2.0\A1\_work\dbded102\bin\Release.AnyCPU\Tfs.Service\MS.TF.Build2.Server.Extensions.L0.Tests\MS.TF.Build2.Server.Extensions.Plugins.L0.Tests.dll" adapterTypeName="Microsoft.VisualStudio.TestTools.TestTypes.Unit.UnitTestAdapter" className="MS.TF.Build2.Server.Extensions.Plugins.L0.Tests.BuildRetentionPolicyJobTests" name="Retention_DefinitionWithoutAnyRetentionRules" />
    </UnitTest>
    <UnitTest name="Retention_ZeroDefinitions" storage="d:\v2.0\a1\_work\dbded102\bin\release.anycpu\tfs.service\ms.tf.build2.server.extensions.l0.tests\ms.tf.build2.server.extensions.plugins.l0.tests.dll" id="9748ebdb-40d2-7467-c230-6f0e7e5625a7">
      <Owners>
        <Owner name="bigbldt" />
      </Owners>
      <Execution id="2772d635-44dd-4a46-bd35-879afe33490f" />
      <TestMethod codeBase="D:\v2.0\A1\_work\dbded102\bin\Release.AnyCPU\Tfs.Service\MS.TF.Build2.Server.Extensions.L0.Tests\MS.TF.Build2.Server.Extensions.Plugins.L0.Tests.dll" adapterTypeName="Microsoft.VisualStudio.TestTools.TestTypes.Unit.UnitTestAdapter" className="MS.TF.Build2.Server.Extensions.Plugins.L0.Tests.BuildRetentionPolicyJobTests" name="Retention_ZeroDefinitions" />
    </UnitTest>
    <UnitTest name="Retention_OneDefinitionOneBuildExactlyDaysToKeep" storage="d:\v2.0\a1\_work\dbded102\bin\release.anycpu\tfs.service\ms.tf.build2.server.extensions.l0.tests\ms.tf.build2.server.extensions.plugins.l0.tests.dll" id="88c5786d-459d-fa55-5e2a-0638b8bb36ee">
      <Owners>
        <Owner name="bigbldt" />
      </Owners>
      <Execution id="005ca762-9952-4b65-b8f0-76824b5d92d7" />
      <TestMethod codeBase="D:\v2.0\A1\_work\dbded102\bin\Release.AnyCPU\Tfs.Service\MS.TF.Build2.Server.Extensions.L0.Tests\MS.TF.Build2.Server.Extensions.Plugins.L0.Tests.dll" adapterTypeName="Microsoft.VisualStudio.TestTools.TestTypes.Unit.UnitTestAdapter" className="MS.TF.Build2.Server.Extensions.Plugins.L0.Tests.BuildRetentionPolicyJobTests" name="Retention_OneDefinitionOneBuildExactlyDaysToKeep" />
    </UnitTest>
    <UnitTest name="Retention_OneDefinitionTwoRulesSameBranchesDifferentDaysToKeep" storage="d:\v2.0\a1\_work\dbded102\bin\release.anycpu\tfs.service\ms.tf.build2.server.extensions.l0.tests\ms.tf.build2.server.extensions.plugins.l0.tests.dll" id="ea2a787c-6814-0197-d3bf-0b02ee01b70b">
      <Owners>
        <Owner name="bigbldt" />
      </Owners>
      <Execution id="3e1792ae-ea74-46b4-a834-a9ec6b84ff9c" />
      <TestMethod codeBase="D:\v2.0\A1\_work\dbded102\bin\Release.AnyCPU\Tfs.Service\MS.TF.Build2.Server.Extensions.L0.Tests\MS.TF.Build2.Server.Extensions.Plugins.L0.Tests.dll" adapterTypeName="Microsoft.VisualStudio.TestTools.TestTypes.Unit.UnitTestAdapter" className="MS.TF.Build2.Server.Extensions.Plugins.L0.Tests.BuildRetentionPolicyJobTests" name="Retention_OneDefinitionTwoRulesSameBranchesDifferentDaysToKeep" />
    </UnitTest>
    <UnitTest name="Retention_TwoDefinitionsSameBranchesDifferentDaysToKeep" storage="d:\v2.0\a1\_work\dbded102\bin\release.anycpu\tfs.service\ms.tf.build2.server.extensions.l0.tests\ms.tf.build2.server.extensions.plugins.l0.tests.dll" id="632128b0-078b-05fe-d335-e6691e11984e">
      <Owners>
        <Owner name="bigbldt" />
      </Owners>
      <Execution id="d84ab6ed-5881-4a77-adf1-9fe75fd372ff" />
      <TestMethod codeBase="D:\v2.0\A1\_work\dbded102\bin\Release.AnyCPU\Tfs.Service\MS.TF.Build2.Server.Extensions.L0.Tests\MS.TF.Build2.Server.Extensions.Plugins.L0.Tests.dll" adapterTypeName="Microsoft.VisualStudio.TestTools.TestTypes.Unit.UnitTestAdapter" className="MS.TF.Build2.Server.Extensions.Plugins.L0.Tests.BuildRetentionPolicyJobTests" name="Retention_TwoDefinitionsSameBranchesDifferentDaysToKeep" />
    </UnitTest>
    <UnitTest name="Retention_ThreeDefinitionsMaxDefinitionBatchSize" storage="d:\v2.0\a1\_work\dbded102\bin\release.anycpu\tfs.service\ms.tf.build2.server.extensions.l0.tests\ms.tf.build2.server.extensions.plugins.l0.tests.dll" id="4da05179-22eb-6eb7-7bd2-49a83bf3949a">
      <Owners>
        <Owner name="bigbldt" />
      </Owners>
      <Execution id="69e71eec-c739-4e2b-8750-803f092080a3" />
      <TestMethod codeBase="D:\v2.0\A1\_work\dbded102\bin\Release.AnyCPU\Tfs.Service\MS.TF.Build2.Server.Extensions.L0.Tests\MS.TF.Build2.Server.Extensions.Plugins.L0.Tests.dll" adapterTypeName="Microsoft.VisualStudio.TestTools.TestTypes.Unit.UnitTestAdapter" className="MS.TF.Build2.Server.Extensions.Plugins.L0.Tests.BuildRetentionPolicyJobTests" name="Retention_ThreeDefinitionsMaxDefinitionBatchSize" />
    </UnitTest>
    <UnitTest name="Retention_TwoProjectsThreeDefinitionsMaxDefinitionBatchSize" storage="d:\v2.0\a1\_work\dbded102\bin\release.anycpu\tfs.service\ms.tf.build2.server.extensions.l0.tests\ms.tf.build2.server.extensions.plugins.l0.tests.dll" id="25b8dc36-562c-3a32-d78b-2e8e7379aa8f">
      <Owners>
        <Owner name="bigbldt" />
      </Owners>
      <Execution id="95a9f223-41a8-4ac6-b303-8a0f5171201d" />
      <TestMethod codeBase="D:\v2.0\A1\_work\dbded102\bin\Release.AnyCPU\Tfs.Service\MS.TF.Build2.Server.Extensions.L0.Tests\MS.TF.Build2.Server.Extensions.Plugins.L0.Tests.dll" adapterTypeName="Microsoft.VisualStudio.TestTools.TestTypes.Unit.UnitTestAdapter" className="MS.TF.Build2.Server.Extensions.Plugins.L0.Tests.BuildRetentionPolicyJobTests" name="Retention_TwoProjectsThreeDefinitionsMaxDefinitionBatchSize" />
    </UnitTest>
    <UnitTest name="Retention_DefaultDefinitionMaxBuildBatchSize" storage="d:\v2.0\a1\_work\dbded102\bin\release.anycpu\tfs.service\ms.tf.build2.server.extensions.l0.tests\ms.tf.build2.server.extensions.plugins.l0.tests.dll" id="4bbd04c8-ae8b-51b7-3e32-b2f4576a06f1">
      <Owners>
        <Owner name="bigbldt" />
      </Owners>
      <Execution id="51ecc75c-6e0a-4e93-b24c-5ca143c92a12" />
      <TestMethod codeBase="D:\v2.0\A1\_work\dbded102\bin\Release.AnyCPU\Tfs.Service\MS.TF.Build2.Server.Extensions.L0.Tests\MS.TF.Build2.Server.Extensions.Plugins.L0.Tests.dll" adapterTypeName="Microsoft.VisualStudio.TestTools.TestTypes.Unit.UnitTestAdapter" className="MS.TF.Build2.Server.Extensions.Plugins.L0.Tests.BuildRetentionPolicyJobTests" name="Retention_DefaultDefinitionMaxBuildBatchSize" />
    </UnitTest>
    <UnitTest name="Retention_TfvcDefinitionOneBuildNoDeletion" storage="d:\v2.0\a1\_work\dbded102\bin\release.anycpu\tfs.service\ms.tf.build2.server.extensions.l0.tests\ms.tf.build2.server.extensions.plugins.l0.tests.dll" id="3914779d-bb81-e1ad-4a91-32a0ec940409">
      <Owners>
        <Owner name="bigbldt" />
      </Owners>
      <Execution id="68638de6-885c-4f98-bad4-f3b2a1a4649e" />
      <TestMethod codeBase="D:\v2.0\A1\_work\dbded102\bin\Release.AnyCPU\Tfs.Service\MS.TF.Build2.Server.Extensions.L0.Tests\MS.TF.Build2.Server.Extensions.Plugins.L0.Tests.dll" adapterTypeName="Microsoft.VisualStudio.TestTools.TestTypes.Unit.UnitTestAdapter" className="MS.TF.Build2.Server.Extensions.Plugins.L0.Tests.BuildRetentionPolicyJobTests" name="Retention_TfvcDefinitionOneBuildNoDeletion" />
    </UnitTest>
    <UnitTest name="Retention_TfvcDefinitionOneBuildWithDeletion" storage="d:\v2.0\a1\_work\dbded102\bin\release.anycpu\tfs.service\ms.tf.build2.server.extensions.l0.tests\ms.tf.build2.server.extensions.plugins.l0.tests.dll" id="23142cb8-fb4b-2c54-0b7b-7fab0f5372a3">
      <Owners>
        <Owner name="bigbldt" />
      </Owners>
      <Execution id="9fed626a-5aea-445f-a605-e9b89bc30b76" />
      <TestMethod codeBase="D:\v2.0\A1\_work\dbded102\bin\Release.AnyCPU\Tfs.Service\MS.TF.Build2.Server.Extensions.L0.Tests\MS.TF.Build2.Server.Extensions.Plugins.L0.Tests.dll" adapterTypeName="Microsoft.VisualStudio.TestTools.TestTypes.Unit.UnitTestAdapter" className="MS.TF.Build2.Server.Extensions.Plugins.L0.Tests.BuildRetentionPolicyJobTests" name="Retention_TfvcDefinitionOneBuildWithDeletion" />
    </UnitTest>
    <UnitTest name="Retention_DefaultDefinitionOneBuildNoDeletion" storage="d:\v2.0\a1\_work\dbded102\bin\release.anycpu\tfs.service\ms.tf.build2.server.extensions.l0.tests\ms.tf.build2.server.extensions.plugins.l0.tests.dll" id="37f34412-52f4-b19a-da69-9f9ad1f6b5d8">
      <Owners>
        <Owner name="bigbldt" />
      </Owners>
      <Execution id="50635ffb-5db0-4d23-a0e9-4bd41f75f4fa" />
      <TestMethod codeBase="D:\v2.0\A1\_work\dbded102\bin\Release.AnyCPU\Tfs.Service\MS.TF.Build2.Server.Extensions.L0.Tests\MS.TF.Build2.Server.Extensions.Plugins.L0.Tests.dll" adapterTypeName="Microsoft.VisualStudio.TestTools.TestTypes.Unit.UnitTestAdapter" className="MS.TF.Build2.Server.Extensions.Plugins.L0.Tests.BuildRetentionPolicyJobTests" name="Retention_DefaultDefinitionOneBuildNoDeletion" />
    </UnitTest>
    <UnitTest name="Retention_DefaultDefinitionZeroBuilds" storage="d:\v2.0\a1\_work\dbded102\bin\release.anycpu\tfs.service\ms.tf.build2.server.extensions.l0.tests\ms.tf.build2.server.extensions.plugins.l0.tests.dll" id="ab3a181f-7be9-1baf-019b-9364477079ac">
      <Owners>
        <Owner name="bigbldt" />
      </Owners>
      <Execution id="0d9c982e-ef43-46e9-942c-1b671471f43b" />
      <TestMethod codeBase="D:\v2.0\A1\_work\dbded102\bin\Release.AnyCPU\Tfs.Service\MS.TF.Build2.Server.Extensions.L0.Tests\MS.TF.Build2.Server.Extensions.Plugins.L0.Tests.dll" adapterTypeName="Microsoft.VisualStudio.TestTools.TestTypes.Unit.UnitTestAdapter" className="MS.TF.Build2.Server.Extensions.Plugins.L0.Tests.BuildRetentionPolicyJobTests" name="Retention_DefaultDefinitionZeroBuilds" />
    </UnitTest>
    <UnitTest name="CheckinNotificationSubscriber_GetAffectedDefinitions" storage="d:\v2.0\a1\_work\dbded102\bin\release.anycpu\tfs.service\ms.tf.build2.server.extensions.l0.tests\ms.tf.build2.server.extensions.plugins.l0.tests.dll" id="da623960-27a8-53d8-cfa6-cf0707014636">
      <Execution id="e1932408-6117-4042-86f9-040605f3691e" />
      <TestMethod codeBase="D:\v2.0\A1\_work\dbded102\bin\Release.AnyCPU\Tfs.Service\MS.TF.Build2.Server.Extensions.L0.Tests\MS.TF.Build2.Server.Extensions.Plugins.L0.Tests.dll" adapterTypeName="Microsoft.VisualStudio.TestTools.TestTypes.Unit.UnitTestAdapter" className="MS.TF.Build2.Server.Extensions.Plugins.L0.Tests.CheckinNotificationSubscriberTests" name="CheckinNotificationSubscriber_GetAffectedDefinitions" />
    </UnitTest>
    <UnitTest name="RetentionEvaluator_EvaluateBuild" storage="d:\v2.0\a1\_work\dbded102\bin\release.anycpu\tfs.service\ms.tf.build2.server.extensions.l0.tests\ms.tf.build2.server.extensions.plugins.l0.tests.dll" id="bbc09cc0-6e5b-315e-8d11-803a7336b366">
      <Owners>
        <Owner name="jeyou" />
      </Owners>
      <Execution id="cb3dc932-feb8-4237-b9c1-78a8d45725cd" />
      <TestMethod codeBase="D:\v2.0\A1\_work\dbded102\bin\Release.AnyCPU\Tfs.Service\MS.TF.Build2.Server.Extensions.L0.Tests\MS.TF.Build2.Server.Extensions.Plugins.L0.Tests.dll" adapterTypeName="Microsoft.VisualStudio.TestTools.TestTypes.Unit.UnitTestAdapter" className="MS.TF.Build2.Server.Extensions.Plugins.L0.Tests.RetentionPolicyEvaluatorTests" name="RetentionEvaluator_EvaluateBuild" />
    </UnitTest>
    <UnitTest name="RetentionEvaluator_NullSourceProviderOnlyMaximumPolicy" storage="d:\v2.0\a1\_work\dbded102\bin\release.anycpu\tfs.service\ms.tf.build2.server.extensions.l0.tests\ms.tf.build2.server.extensions.plugins.l0.tests.dll" id="cb8a5c3c-df74-cebf-9722-7aa142e07e8b">
      <Owners>
        <Owner name="jeyou" />
      </Owners>
      <Execution id="43234e9a-c6b5-4c38-84c7-6fc2922e8e4e" />
      <TestMethod codeBase="D:\v2.0\A1\_work\dbded102\bin\Release.AnyCPU\Tfs.Service\MS.TF.Build2.Server.Extensions.L0.Tests\MS.TF.Build2.Server.Extensions.Plugins.L0.Tests.dll" adapterTypeName="Microsoft.VisualStudio.TestTools.TestTypes.Unit.UnitTestAdapter" className="MS.TF.Build2.Server.Extensions.Plugins.L0.Tests.RetentionPolicyEvaluatorTests" name="RetentionEvaluator_NullSourceProviderOnlyMaximumPolicy" />
    </UnitTest>
    <UnitTest name="RetentionEvaluator_NullSourceProviderMultiplePolicies" storage="d:\v2.0\a1\_work\dbded102\bin\release.anycpu\tfs.service\ms.tf.build2.server.extensions.l0.tests\ms.tf.build2.server.extensions.plugins.l0.tests.dll" id="b6e24f36-2ab4-b7ed-27fa-ca3514ca10f9">
      <Owners>
        <Owner name="jeyou" />
      </Owners>
      <Execution id="f2717a24-25b6-4087-80c6-dd99ce06e0bf" />
      <TestMethod codeBase="D:\v2.0\A1\_work\dbded102\bin\Release.AnyCPU\Tfs.Service\MS.TF.Build2.Server.Extensions.L0.Tests\MS.TF.Build2.Server.Extensions.Plugins.L0.Tests.dll" adapterTypeName="Microsoft.VisualStudio.TestTools.TestTypes.Unit.UnitTestAdapter" className="MS.TF.Build2.Server.Extensions.Plugins.L0.Tests.RetentionPolicyEvaluatorTests" name="RetentionEvaluator_NullSourceProviderMultiplePolicies" />
    </UnitTest>
    <UnitTest name="RetentionEvaluator_NullSourceProviderMultiplePoliciesNoMatch" storage="d:\v2.0\a1\_work\dbded102\bin\release.anycpu\tfs.service\ms.tf.build2.server.extensions.l0.tests\ms.tf.build2.server.extensions.plugins.l0.tests.dll" id="dd29e829-9192-cd97-83c6-18608f299306">
      <Owners>
        <Owner name="jeyou" />
      </Owners>
      <Execution id="2570925d-f1b5-43d0-9914-02f9ea27096e" />
      <TestMethod codeBase="D:\v2.0\A1\_work\dbded102\bin\Release.AnyCPU\Tfs.Service\MS.TF.Build2.Server.Extensions.L0.Tests\MS.TF.Build2.Server.Extensions.Plugins.L0.Tests.dll" adapterTypeName="Microsoft.VisualStudio.TestTools.TestTypes.Unit.UnitTestAdapter" className="MS.TF.Build2.Server.Extensions.Plugins.L0.Tests.RetentionPolicyEvaluatorTests" name="RetentionEvaluator_NullSourceProviderMultiplePoliciesNoMatch" />
    </UnitTest>
    <UnitTest name="RetentionEvaluator_PolicyWithEmptySourceBranch" storage="d:\v2.0\a1\_work\dbded102\bin\release.anycpu\tfs.service\ms.tf.build2.server.extensions.l0.tests\ms.tf.build2.server.extensions.plugins.l0.tests.dll" id="d97c2191-d16e-ec47-b949-3cc27cab6059">
      <Owners>
        <Owner name="jeyou" />
      </Owners>
      <Execution id="09592232-aa6f-43af-b71a-5ea36afef2e9" />
      <TestMethod codeBase="D:\v2.0\A1\_work\dbded102\bin\Release.AnyCPU\Tfs.Service\MS.TF.Build2.Server.Extensions.L0.Tests\MS.TF.Build2.Server.Extensions.Plugins.L0.Tests.dll" adapterTypeName="Microsoft.VisualStudio.TestTools.TestTypes.Unit.UnitTestAdapter" className="MS.TF.Build2.Server.Extensions.Plugins.L0.Tests.RetentionPolicyEvaluatorTests" name="RetentionEvaluator_PolicyWithEmptySourceBranch" />
    </UnitTest>
    <UnitTest name="RetentionEvaluator_PolicyWithNullSourceBranch" storage="d:\v2.0\a1\_work\dbded102\bin\release.anycpu\tfs.service\ms.tf.build2.server.extensions.l0.tests\ms.tf.build2.server.extensions.plugins.l0.tests.dll" id="2beea0de-dc7c-f57f-14c8-4cbdb7bf8210">
      <Owners>
        <Owner name="jeyou" />
      </Owners>
      <Execution id="3411e027-b539-46cb-b41a-b390cde46617" />
      <TestMethod codeBase="D:\v2.0\A1\_work\dbded102\bin\Release.AnyCPU\Tfs.Service\MS.TF.Build2.Server.Extensions.L0.Tests\MS.TF.Build2.Server.Extensions.Plugins.L0.Tests.dll" adapterTypeName="Microsoft.VisualStudio.TestTools.TestTypes.Unit.UnitTestAdapter" className="MS.TF.Build2.Server.Extensions.Plugins.L0.Tests.RetentionPolicyEvaluatorTests" name="RetentionEvaluator_PolicyWithNullSourceBranch" />
    </UnitTest>
    <UnitTest name="RetentionEvaluator_OnlyMaximumPolicy" storage="d:\v2.0\a1\_work\dbded102\bin\release.anycpu\tfs.service\ms.tf.build2.server.extensions.l0.tests\ms.tf.build2.server.extensions.plugins.l0.tests.dll" id="e274d966-fdcf-4295-4dff-ed5f9dab2880">
      <Owners>
        <Owner name="jeyou" />
      </Owners>
      <Execution id="80e70c53-3546-43bf-966b-7c298309dd3f" />
      <TestMethod codeBase="D:\v2.0\A1\_work\dbded102\bin\Release.AnyCPU\Tfs.Service\MS.TF.Build2.Server.Extensions.L0.Tests\MS.TF.Build2.Server.Extensions.Plugins.L0.Tests.dll" adapterTypeName="Microsoft.VisualStudio.TestTools.TestTypes.Unit.UnitTestAdapter" className="MS.TF.Build2.Server.Extensions.Plugins.L0.Tests.RetentionPolicyEvaluatorTests" name="RetentionEvaluator_OnlyMaximumPolicy" />
    </UnitTest>
    <UnitTest name="RetentionEvaluator_MultiplePolicyWithExclusion" storage="d:\v2.0\a1\_work\dbded102\bin\release.anycpu\tfs.service\ms.tf.build2.server.extensions.l0.tests\ms.tf.build2.server.extensions.plugins.l0.tests.dll" id="ac205765-e6d7-e380-0a73-314236d35cc7">
      <Owners>
        <Owner name="jeyou" />
      </Owners>
      <Execution id="d6c513ac-36b0-484f-853d-e209037c4be9" />
      <TestMethod codeBase="D:\v2.0\A1\_work\dbded102\bin\Release.AnyCPU\Tfs.Service\MS.TF.Build2.Server.Extensions.L0.Tests\MS.TF.Build2.Server.Extensions.Plugins.L0.Tests.dll" adapterTypeName="Microsoft.VisualStudio.TestTools.TestTypes.Unit.UnitTestAdapter" className="MS.TF.Build2.Server.Extensions.Plugins.L0.Tests.RetentionPolicyEvaluatorTests" name="RetentionEvaluator_MultiplePolicyWithExclusion" />
    </UnitTest>
    <UnitTest name="RetentionEvaluator_MultiplePolicyWithAllExclusions" storage="d:\v2.0\a1\_work\dbded102\bin\release.anycpu\tfs.service\ms.tf.build2.server.extensions.l0.tests\ms.tf.build2.server.extensions.plugins.l0.tests.dll" id="a4924da3-9212-caeb-b5c4-313e24ad9208">
      <Owners>
        <Owner name="jeyou" />
      </Owners>
      <Execution id="7e0d7200-c06f-4708-9c8f-3ff09106e7d2" />
      <TestMethod codeBase="D:\v2.0\A1\_work\dbded102\bin\Release.AnyCPU\Tfs.Service\MS.TF.Build2.Server.Extensions.L0.Tests\MS.TF.Build2.Server.Extensions.Plugins.L0.Tests.dll" adapterTypeName="Microsoft.VisualStudio.TestTools.TestTypes.Unit.UnitTestAdapter" className="MS.TF.Build2.Server.Extensions.Plugins.L0.Tests.RetentionPolicyEvaluatorTests" name="RetentionEvaluator_MultiplePolicyWithAllExclusions" />
    </UnitTest>
    <UnitTest name="RetentionEvaluator_MultiplePolicySameBranch" storage="d:\v2.0\a1\_work\dbded102\bin\release.anycpu\tfs.service\ms.tf.build2.server.extensions.l0.tests\ms.tf.build2.server.extensions.plugins.l0.tests.dll" id="8f4a44f2-84f9-b25d-db55-11ed6b4becc9">
      <Owners>
        <Owner name="jeyou" />
      </Owners>
      <Execution id="2ba17952-4a10-4729-acdb-6f4031da06fb" />
      <TestMethod codeBase="D:\v2.0\A1\_work\dbded102\bin\Release.AnyCPU\Tfs.Service\MS.TF.Build2.Server.Extensions.L0.Tests\MS.TF.Build2.Server.Extensions.Plugins.L0.Tests.dll" adapterTypeName="Microsoft.VisualStudio.TestTools.TestTypes.Unit.UnitTestAdapter" className="MS.TF.Build2.Server.Extensions.Plugins.L0.Tests.RetentionPolicyEvaluatorTests" name="RetentionEvaluator_MultiplePolicySameBranch" />
    </UnitTest>
    <UnitTest name="RetentionEvaluator_MultiplePolicySameBranchLowerMaximumPolicy" storage="d:\v2.0\a1\_work\dbded102\bin\release.anycpu\tfs.service\ms.tf.build2.server.extensions.l0.tests\ms.tf.build2.server.extensions.plugins.l0.tests.dll" id="26496425-81b0-5051-54c3-beaf1bb073e9">
      <Owners>
        <Owner name="jeyou" />
      </Owners>
      <Execution id="b156f11b-8afc-490b-84cc-8761515c3f09" />
      <TestMethod codeBase="D:\v2.0\A1\_work\dbded102\bin\Release.AnyCPU\Tfs.Service\MS.TF.Build2.Server.Extensions.L0.Tests\MS.TF.Build2.Server.Extensions.Plugins.L0.Tests.dll" adapterTypeName="Microsoft.VisualStudio.TestTools.TestTypes.Unit.UnitTestAdapter" className="MS.TF.Build2.Server.Extensions.Plugins.L0.Tests.RetentionPolicyEvaluatorTests" name="RetentionEvaluator_MultiplePolicySameBranchLowerMaximumPolicy" />
    </UnitTest>
    <UnitTest name="RetentionEvaluator_MultiplePolicySameBranchNonDefaultDeleteBranchRecord" storage="d:\v2.0\a1\_work\dbded102\bin\release.anycpu\tfs.service\ms.tf.build2.server.extensions.l0.tests\ms.tf.build2.server.extensions.plugins.l0.tests.dll" id="c9e82975-b92d-cb78-e875-947a1eaa5554">
      <Owners>
        <Owner name="jeyou" />
      </Owners>
      <Execution id="7fa144f1-2c84-4428-a451-c41cae99562f" />
      <TestMethod codeBase="D:\v2.0\A1\_work\dbded102\bin\Release.AnyCPU\Tfs.Service\MS.TF.Build2.Server.Extensions.L0.Tests\MS.TF.Build2.Server.Extensions.Plugins.L0.Tests.dll" adapterTypeName="Microsoft.VisualStudio.TestTools.TestTypes.Unit.UnitTestAdapter" className="MS.TF.Build2.Server.Extensions.Plugins.L0.Tests.RetentionPolicyEvaluatorTests" name="RetentionEvaluator_MultiplePolicySameBranchNonDefaultDeleteBranchRecord" />
    </UnitTest>
    <UnitTest name="RetentionEvaluator_SinglePolicyMultipleBranches" storage="d:\v2.0\a1\_work\dbded102\bin\release.anycpu\tfs.service\ms.tf.build2.server.extensions.l0.tests\ms.tf.build2.server.extensions.plugins.l0.tests.dll" id="8400fe41-ae83-82bf-d7a2-8c2b61f03518">
      <Owners>
        <Owner name="jeyou" />
      </Owners>
      <Execution id="87ac2866-0fa6-4bce-8289-b8cb15f0b37c" />
      <TestMethod codeBase="D:\v2.0\A1\_work\dbded102\bin\Release.AnyCPU\Tfs.Service\MS.TF.Build2.Server.Extensions.L0.Tests\MS.TF.Build2.Server.Extensions.Plugins.L0.Tests.dll" adapterTypeName="Microsoft.VisualStudio.TestTools.TestTypes.Unit.UnitTestAdapter" className="MS.TF.Build2.Server.Extensions.Plugins.L0.Tests.RetentionPolicyEvaluatorTests" name="RetentionEvaluator_SinglePolicyMultipleBranches" />
    </UnitTest>
    <UnitTest name="RetentionEvaluator_SinglePolicyPartialBranchMatch" storage="d:\v2.0\a1\_work\dbded102\bin\release.anycpu\tfs.service\ms.tf.build2.server.extensions.l0.tests\ms.tf.build2.server.extensions.plugins.l0.tests.dll" id="55ebc037-30ad-36f7-77df-0808795190b2">
      <Owners>
        <Owner name="jeyou" />
      </Owners>
      <Execution id="3cbb5cb8-9d97-4857-a0f4-2cfeb757553d" />
      <TestMethod codeBase="D:\v2.0\A1\_work\dbded102\bin\Release.AnyCPU\Tfs.Service\MS.TF.Build2.Server.Extensions.L0.Tests\MS.TF.Build2.Server.Extensions.Plugins.L0.Tests.dll" adapterTypeName="Microsoft.VisualStudio.TestTools.TestTypes.Unit.UnitTestAdapter" className="MS.TF.Build2.Server.Extensions.Plugins.L0.Tests.RetentionPolicyEvaluatorTests" name="RetentionEvaluator_SinglePolicyPartialBranchMatch" />
    </UnitTest>
    <UnitTest name="RetentionEvaluator_TfvcSourceProviderBranchSpecs" storage="d:\v2.0\a1\_work\dbded102\bin\release.anycpu\tfs.service\ms.tf.build2.server.extensions.l0.tests\ms.tf.build2.server.extensions.plugins.l0.tests.dll" id="7da45942-44b9-d2ee-e1bc-4d63a1df16d2">
      <Owners>
        <Owner name="jeyou" />
      </Owners>
      <Execution id="8973182c-0d7e-48ae-80fd-845358b82e9d" />
      <TestMethod codeBase="D:\v2.0\A1\_work\dbded102\bin\Release.AnyCPU\Tfs.Service\MS.TF.Build2.Server.Extensions.L0.Tests\MS.TF.Build2.Server.Extensions.Plugins.L0.Tests.dll" adapterTypeName="Microsoft.VisualStudio.TestTools.TestTypes.Unit.UnitTestAdapter" className="MS.TF.Build2.Server.Extensions.Plugins.L0.Tests.RetentionPolicyEvaluatorTests" name="RetentionEvaluator_TfvcSourceProviderBranchSpecs" />
    </UnitTest>
  </TestDefinitions>
  <TestEntries>
    <TestEntry testId="4807cae3-804a-7113-a863-4bc845f4e4a1" executionId="206d3588-24fb-4df8-bb98-2c99923808b3" testListId="8c84fa94-04c1-424b-9868-57a2d4851a1d" />
    <TestEntry testId="dea2051b-35f0-1538-d802-acc594bb775b" executionId="9b0f8b9b-eef8-4e13-8877-21851093d3a5" testListId="8c84fa94-04c1-424b-9868-57a2d4851a1d" />
    <TestEntry testId="9e04ea3a-f112-13fa-f238-53ded5ca0842" executionId="2a243169-edb7-409e-8f95-163caffae58b" testListId="8c84fa94-04c1-424b-9868-57a2d4851a1d" />
    <TestEntry testId="6bf90e94-75fc-6c79-80ab-645a285a8590" executionId="b2c5c87b-6330-43dd-b08a-4f57fa101778" testListId="8c84fa94-04c1-424b-9868-57a2d4851a1d" />
    <TestEntry testId="78a22e82-9cff-5605-6fda-ee727f7d4567" executionId="5e8a2a5e-adb0-4632-ab39-776d8fe3b341" testListId="8c84fa94-04c1-424b-9868-57a2d4851a1d" />
    <TestEntry testId="c6e139b8-60b9-76f4-dc74-d5a6378bdbca" executionId="2ad109dd-0bfb-4237-94e5-0fdbfddb06d1" testListId="8c84fa94-04c1-424b-9868-57a2d4851a1d" />
    <TestEntry testId="349f8115-af62-2619-acb4-aa279da73c90" executionId="57500375-66b4-4e8e-ab64-e95ef2256930" testListId="8c84fa94-04c1-424b-9868-57a2d4851a1d" />
    <TestEntry testId="1f2f8713-b750-9471-57ba-959924c0fa9e" executionId="8ce5666c-0319-4477-83cf-0c28cb49da97" testListId="8c84fa94-04c1-424b-9868-57a2d4851a1d" />
    <TestEntry testId="5aeaf5f2-ed43-279c-f557-d18cd6877c0e" executionId="40763d46-9f4e-448a-ad38-1e8f666589f8" testListId="8c84fa94-04c1-424b-9868-57a2d4851a1d" />
    <TestEntry testId="eeb731b4-4bd8-5920-cf7b-c9a762f3f397" executionId="56e8d074-dd34-418f-8172-5bb5621a5194" testListId="8c84fa94-04c1-424b-9868-57a2d4851a1d" />
    <TestEntry testId="1f3c50d0-f3b5-bc4d-92d5-c41c6f95eefb" executionId="badd6f4c-412c-4916-9be5-5509cd224dd9" testListId="8c84fa94-04c1-424b-9868-57a2d4851a1d" />
    <TestEntry testId="7cc9bf91-c0e9-c337-c99a-f07550c81f34" executionId="0007b1a9-4a0f-4314-b84e-ed911ffa77a1" testListId="8c84fa94-04c1-424b-9868-57a2d4851a1d" />
    <TestEntry testId="7b2888c2-ff2d-cad4-a80e-dc264d493aa5" executionId="5630ab02-d52f-4f3e-a276-815c9cc713e2" testListId="8c84fa94-04c1-424b-9868-57a2d4851a1d" />
    <TestEntry testId="a4817e7c-c881-4ce2-42b9-eabb53efc28f" executionId="82116f3e-943e-4b52-960c-83e08d14680c" testListId="8c84fa94-04c1-424b-9868-57a2d4851a1d" />
    <TestEntry testId="af5e3917-3984-bf07-3a9a-587edf490a35" executionId="8aa4eaa8-d50e-4e7f-99ba-11812b5ddb7f" testListId="8c84fa94-04c1-424b-9868-57a2d4851a1d" />
    <TestEntry testId="64ae59dd-eb8a-b018-9efd-a063e6e8b46c" executionId="7b42d6ad-9f7c-4784-a7ba-62725c5c9524" testListId="8c84fa94-04c1-424b-9868-57a2d4851a1d" />
    <TestEntry testId="a88e9605-6598-b2d5-affd-0722d1856d81" executionId="571b649d-5c80-4d45-a6e8-542051f2682c" testListId="8c84fa94-04c1-424b-9868-57a2d4851a1d" />
    <TestEntry testId="99c6e77c-1fc9-8274-f8ee-e071ea609497" executionId="07dbaebf-7fba-41c3-bda8-f73cbaebee7e" testListId="8c84fa94-04c1-424b-9868-57a2d4851a1d" />
    <TestEntry testId="16fa9959-a220-9f1c-5ccd-ee57a00576ae" executionId="608ab2a7-4ddb-40cd-acdf-fe31e9140f24" testListId="8c84fa94-04c1-424b-9868-57a2d4851a1d" />
    <TestEntry testId="72985b4a-b1d0-1258-4f61-a7eb70127c29" executionId="1dfa5e60-da61-435a-a1d2-45733618f027" testListId="8c84fa94-04c1-424b-9868-57a2d4851a1d" />
    <TestEntry testId="f7421679-3dbe-9e64-3f25-8cbedae3fab6" executionId="16fcad6c-a1fd-455c-ab4c-f54269a6a999" testListId="8c84fa94-04c1-424b-9868-57a2d4851a1d" />
    <TestEntry testId="78b23fa3-3c24-6dec-adf7-526b1af6f0c3" executionId="27a4cc73-bf27-4db1-9e74-3faa9640d642" testListId="8c84fa94-04c1-424b-9868-57a2d4851a1d" />
    <TestEntry testId="42fbc9b3-c44f-f6c8-d5d3-48ea64c62afb" executionId="d05af638-c871-425f-bf08-a23fd9fffd79" testListId="8c84fa94-04c1-424b-9868-57a2d4851a1d" />
    <TestEntry testId="5fc536e3-5c22-9408-9780-18872ca98023" executionId="ed7a3700-2804-40dd-918a-4f8e22d4ee63" testListId="8c84fa94-04c1-424b-9868-57a2d4851a1d" />
    <TestEntry testId="1404ae5c-c78b-a90b-bbaf-339c4da326ca" executionId="7a6061aa-1dda-48a6-86d1-f7728913c649" testListId="8c84fa94-04c1-424b-9868-57a2d4851a1d" />
    <TestEntry testId="d419e825-c716-d1d6-4cb0-530978810eaa" executionId="a334aaf1-ce7a-482a-aaae-f3333aed8c19" testListId="8c84fa94-04c1-424b-9868-57a2d4851a1d" />
    <TestEntry testId="c392727a-5446-bd5b-604b-2a5fb0d42da6" executionId="d4f0ee0d-1d5c-47a6-8642-68a24f89aa87" testListId="8c84fa94-04c1-424b-9868-57a2d4851a1d" />
    <TestEntry testId="17a37585-8a8d-6a67-67e6-370a0e374e9d" executionId="520cf825-8014-4b3d-8c63-8ce7698ac8f0" testListId="8c84fa94-04c1-424b-9868-57a2d4851a1d" />
    <TestEntry testId="25b9bc84-450c-78b5-acd2-981ed7d550ec" executionId="d6c599cf-67a7-4daf-9237-ce1d77cb08ca" testListId="8c84fa94-04c1-424b-9868-57a2d4851a1d" />
    <TestEntry testId="6a72cfa5-aa76-fde3-d103-a39a7ebdac06" executionId="4db58d50-b4d0-45ba-ac6e-1c20021d1cb6" testListId="8c84fa94-04c1-424b-9868-57a2d4851a1d" />
    <TestEntry testId="da5df982-29dc-a64e-4246-a6fb3846cde6" executionId="c780f663-4dbe-4373-9717-98ca983d9b7e" testListId="8c84fa94-04c1-424b-9868-57a2d4851a1d" />
    <TestEntry testId="2c79d8ce-b193-1c9f-28d1-3d2b2ea99a57" executionId="f253bf33-2836-4d32-a246-509dd8d3d0a3" testListId="8c84fa94-04c1-424b-9868-57a2d4851a1d" />
    <TestEntry testId="8f5608f7-4fb2-5b32-81f6-e2ce72d6dc39" executionId="3c53f57a-d38c-4089-8280-2052bb42025a" testListId="8c84fa94-04c1-424b-9868-57a2d4851a1d" />
    <TestEntry testId="6530dc9a-da04-b4b7-c37f-636c1bc57a92" executionId="ca75af9b-f687-4e70-ad91-74786d46ff21" testListId="8c84fa94-04c1-424b-9868-57a2d4851a1d" />
    <TestEntry testId="5c00f38f-ef5c-6d6d-cf6d-aa962893aadd" executionId="6204eae0-6a8d-4c7e-8ee3-1c15be8b7267" testListId="8c84fa94-04c1-424b-9868-57a2d4851a1d" />
    <TestEntry testId="203ebb50-7bb0-de98-537b-7b180ad3ca1d" executionId="49d19d9b-3d6a-438a-854c-96df80b20b93" testListId="8c84fa94-04c1-424b-9868-57a2d4851a1d" />
    <TestEntry testId="388ea013-42a9-0515-5d86-e4ddb9581964" executionId="be0de9bc-9a7d-4dc0-bdd6-ef8033009f2f" testListId="8c84fa94-04c1-424b-9868-57a2d4851a1d" />
    <TestEntry testId="4c56a07e-072a-df97-635e-557a01e3370f" executionId="0fd696c9-ce78-4c7b-8999-c16ea0fd1091" testListId="8c84fa94-04c1-424b-9868-57a2d4851a1d" />
    <TestEntry testId="41587caf-8a90-2986-f8f0-b5d1b5b9b5b9" executionId="1ab282c6-bf51-4816-b04d-d067a48faec2" testListId="8c84fa94-04c1-424b-9868-57a2d4851a1d" />
    <TestEntry testId="84344314-ef96-c8fc-e5c4-301a38496fda" executionId="0f0e158d-b842-4f8a-9541-accbcce0c41d" testListId="8c84fa94-04c1-424b-9868-57a2d4851a1d" />
    <TestEntry testId="97492233-80ad-3207-b5c3-d6ca52708444" executionId="dfefa1c5-aef3-45d3-8029-7b681e638be3" testListId="8c84fa94-04c1-424b-9868-57a2d4851a1d" />
    <TestEntry testId="d72aabeb-e7b7-20ab-0f7d-06dbc764af60" executionId="e51cab9f-3e84-404d-acfc-2a3eef2ecd5b" testListId="8c84fa94-04c1-424b-9868-57a2d4851a1d" />
    <TestEntry testId="dd96a8a4-5a83-800b-7e06-d586168b85b1" executionId="267e0f88-166b-4bd4-8b2c-0000f18d8838" testListId="8c84fa94-04c1-424b-9868-57a2d4851a1d" />
    <TestEntry testId="52cf2d4c-f233-fef5-0fee-9fb3ae97f89a" executionId="37a593e8-cc5c-4227-a952-60ff0018de2d" testListId="8c84fa94-04c1-424b-9868-57a2d4851a1d" />
    <TestEntry testId="632813e9-fa91-404e-0023-2f61b1d15b57" executionId="d47f0c93-418a-484f-a91b-c03a602df5b5" testListId="8c84fa94-04c1-424b-9868-57a2d4851a1d" />
    <TestEntry testId="462d9ba9-7de7-0803-b17c-95887676e37b" executionId="20e752e5-f8a6-4752-b8b4-d2631df39043" testListId="8c84fa94-04c1-424b-9868-57a2d4851a1d" />
    <TestEntry testId="5bae4a81-6a57-809f-b932-6e0a8fe14fbd" executionId="66f5905e-f7e5-4cc4-91c5-7749bea3d3f3" testListId="8c84fa94-04c1-424b-9868-57a2d4851a1d" />
    <TestEntry testId="589fad08-a915-fe3e-660a-7b4ccb032ccf" executionId="0bdfae76-ccb2-4879-bdca-535b2035165f" testListId="8c84fa94-04c1-424b-9868-57a2d4851a1d" />
    <TestEntry testId="56788831-b077-2a26-37a4-763b8763c8e0" executionId="7d0ec9d3-8c5f-4b43-8d08-62469b1ca2f5" testListId="8c84fa94-04c1-424b-9868-57a2d4851a1d" />
    <TestEntry testId="03e1e267-e2ea-87cf-8845-8f116467b4ab" executionId="198d4f64-d3c2-41b2-9d66-e521f0515b2e" testListId="8c84fa94-04c1-424b-9868-57a2d4851a1d" />
    <TestEntry testId="080b457f-acca-187f-ac03-41360548c93a" executionId="97e24b1b-5831-4613-9fce-a969545a5d00" testListId="8c84fa94-04c1-424b-9868-57a2d4851a1d" />
    <TestEntry testId="df0f7a6d-109a-8cc9-9906-1a002093c859" executionId="f1fb3dd4-43fd-4fcb-ae84-6416723036b2" testListId="8c84fa94-04c1-424b-9868-57a2d4851a1d" />
    <TestEntry testId="1cdb05a1-b67e-ce9d-3761-094a1fac57cd" executionId="87e2af44-8d6f-482b-ac18-601f1a742564" testListId="8c84fa94-04c1-424b-9868-57a2d4851a1d" />
    <TestEntry testId="ab4a8ed4-25a1-95ce-312e-1c4599e0ecee" executionId="7ca1a65c-1825-44ac-998e-94ca6ab4fd9f" testListId="8c84fa94-04c1-424b-9868-57a2d4851a1d" />
    <TestEntry testId="325afb3d-9891-e757-1ae4-ed5f96dea208" executionId="89576270-2a57-422d-b94c-f670a8826f55" testListId="8c84fa94-04c1-424b-9868-57a2d4851a1d" />
    <TestEntry testId="fe0f2464-2a4f-c740-7096-0d37ad568629" executionId="37ded4bc-b7f7-4d2f-88d1-b76ac81a49c5" testListId="8c84fa94-04c1-424b-9868-57a2d4851a1d" />
    <TestEntry testId="9748ebdb-40d2-7467-c230-6f0e7e5625a7" executionId="2772d635-44dd-4a46-bd35-879afe33490f" testListId="8c84fa94-04c1-424b-9868-57a2d4851a1d" />
    <TestEntry testId="88c5786d-459d-fa55-5e2a-0638b8bb36ee" executionId="005ca762-9952-4b65-b8f0-76824b5d92d7" testListId="8c84fa94-04c1-424b-9868-57a2d4851a1d" />
    <TestEntry testId="ea2a787c-6814-0197-d3bf-0b02ee01b70b" executionId="3e1792ae-ea74-46b4-a834-a9ec6b84ff9c" testListId="8c84fa94-04c1-424b-9868-57a2d4851a1d" />
    <TestEntry testId="632128b0-078b-05fe-d335-e6691e11984e" executionId="d84ab6ed-5881-4a77-adf1-9fe75fd372ff" testListId="8c84fa94-04c1-424b-9868-57a2d4851a1d" />
    <TestEntry testId="4da05179-22eb-6eb7-7bd2-49a83bf3949a" executionId="69e71eec-c739-4e2b-8750-803f092080a3" testListId="8c84fa94-04c1-424b-9868-57a2d4851a1d" />
    <TestEntry testId="25b8dc36-562c-3a32-d78b-2e8e7379aa8f" executionId="95a9f223-41a8-4ac6-b303-8a0f5171201d" testListId="8c84fa94-04c1-424b-9868-57a2d4851a1d" />
    <TestEntry testId="4bbd04c8-ae8b-51b7-3e32-b2f4576a06f1" executionId="51ecc75c-6e0a-4e93-b24c-5ca143c92a12" testListId="8c84fa94-04c1-424b-9868-57a2d4851a1d" />
    <TestEntry testId="3914779d-bb81-e1ad-4a91-32a0ec940409" executionId="68638de6-885c-4f98-bad4-f3b2a1a4649e" testListId="8c84fa94-04c1-424b-9868-57a2d4851a1d" />
    <TestEntry testId="23142cb8-fb4b-2c54-0b7b-7fab0f5372a3" executionId="9fed626a-5aea-445f-a605-e9b89bc30b76" testListId="8c84fa94-04c1-424b-9868-57a2d4851a1d" />
    <TestEntry testId="37f34412-52f4-b19a-da69-9f9ad1f6b5d8" executionId="50635ffb-5db0-4d23-a0e9-4bd41f75f4fa" testListId="8c84fa94-04c1-424b-9868-57a2d4851a1d" />
    <TestEntry testId="ab3a181f-7be9-1baf-019b-9364477079ac" executionId="0d9c982e-ef43-46e9-942c-1b671471f43b" testListId="8c84fa94-04c1-424b-9868-57a2d4851a1d" />
    <TestEntry testId="da623960-27a8-53d8-cfa6-cf0707014636" executionId="e1932408-6117-4042-86f9-040605f3691e" testListId="8c84fa94-04c1-424b-9868-57a2d4851a1d" />
    <TestEntry testId="bbc09cc0-6e5b-315e-8d11-803a7336b366" executionId="cb3dc932-feb8-4237-b9c1-78a8d45725cd" testListId="8c84fa94-04c1-424b-9868-57a2d4851a1d" />
    <TestEntry testId="cb8a5c3c-df74-cebf-9722-7aa142e07e8b" executionId="43234e9a-c6b5-4c38-84c7-6fc2922e8e4e" testListId="8c84fa94-04c1-424b-9868-57a2d4851a1d" />
    <TestEntry testId="b6e24f36-2ab4-b7ed-27fa-ca3514ca10f9" executionId="f2717a24-25b6-4087-80c6-dd99ce06e0bf" testListId="8c84fa94-04c1-424b-9868-57a2d4851a1d" />
    <TestEntry testId="dd29e829-9192-cd97-83c6-18608f299306" executionId="2570925d-f1b5-43d0-9914-02f9ea27096e" testListId="8c84fa94-04c1-424b-9868-57a2d4851a1d" />
    <TestEntry testId="d97c2191-d16e-ec47-b949-3cc27cab6059" executionId="09592232-aa6f-43af-b71a-5ea36afef2e9" testListId="8c84fa94-04c1-424b-9868-57a2d4851a1d" />
    <TestEntry testId="2beea0de-dc7c-f57f-14c8-4cbdb7bf8210" executionId="3411e027-b539-46cb-b41a-b390cde46617" testListId="8c84fa94-04c1-424b-9868-57a2d4851a1d" />
    <TestEntry testId="e274d966-fdcf-4295-4dff-ed5f9dab2880" executionId="80e70c53-3546-43bf-966b-7c298309dd3f" testListId="8c84fa94-04c1-424b-9868-57a2d4851a1d" />
    <TestEntry testId="ac205765-e6d7-e380-0a73-314236d35cc7" executionId="d6c513ac-36b0-484f-853d-e209037c4be9" testListId="8c84fa94-04c1-424b-9868-57a2d4851a1d" />
    <TestEntry testId="a4924da3-9212-caeb-b5c4-313e24ad9208" executionId="7e0d7200-c06f-4708-9c8f-3ff09106e7d2" testListId="8c84fa94-04c1-424b-9868-57a2d4851a1d" />
    <TestEntry testId="8f4a44f2-84f9-b25d-db55-11ed6b4becc9" executionId="2ba17952-4a10-4729-acdb-6f4031da06fb" testListId="8c84fa94-04c1-424b-9868-57a2d4851a1d" />
    <TestEntry testId="26496425-81b0-5051-54c3-beaf1bb073e9" executionId="b156f11b-8afc-490b-84cc-8761515c3f09" testListId="8c84fa94-04c1-424b-9868-57a2d4851a1d" />
    <TestEntry testId="c9e82975-b92d-cb78-e875-947a1eaa5554" executionId="7fa144f1-2c84-4428-a451-c41cae99562f" testListId="8c84fa94-04c1-424b-9868-57a2d4851a1d" />
    <TestEntry testId="8400fe41-ae83-82bf-d7a2-8c2b61f03518" executionId="87ac2866-0fa6-4bce-8289-b8cb15f0b37c" testListId="8c84fa94-04c1-424b-9868-57a2d4851a1d" />
    <TestEntry testId="55ebc037-30ad-36f7-77df-0808795190b2" executionId="3cbb5cb8-9d97-4857-a0f4-2cfeb757553d" testListId="8c84fa94-04c1-424b-9868-57a2d4851a1d" />
    <TestEntry testId="7da45942-44b9-d2ee-e1bc-4d63a1df16d2" executionId="8973182c-0d7e-48ae-80fd-845358b82e9d" testListId="8c84fa94-04c1-424b-9868-57a2d4851a1d" />
  </TestEntries>
  <TestLists>
    <TestList name="Results Not in a List" id="8c84fa94-04c1-424b-9868-57a2d4851a1d" />
    <TestList name="All Loaded Results" id="19431567-8539-422a-85d7-44ee4e166bda" />
  </TestLists>
  <ResultSummary outcome="Completed">
    <Counters total="83" executed="83" passed="83" failed="0" error="0" timeout="0" aborted="0" inconclusive="0" passedButRunAborted="0" notRunnable="0" notExecuted="0" disconnected="0" warning="0" completed="0" inProgress="0" pending="0" />
  </ResultSummary>
</TestRun>