<?xml version="1.0" encoding="UTF-8"?>
<TestRun id="414ec9d8-55af-415e-9513-3fe6479eec36" name="tfsmladm@TFSBUILD11 2015-09-28 09:43:47" runUser="REDMOND\tfsmladm" xmlns="http://microsoft.com/schemas/VisualStudio/TeamTest/2010">
  <Times creation="2015-09-28T09:43:47.3760357-07:00" queuing="2015-09-28T09:43:47.3760357-07:00" start="2015-09-28T09:43:47.3760357-07:00" finish="2015-09-28T09:43:56.7985807-07:00" />
  <TestSettings name="default" id="ea8097ea-9a30-475b-ade7-daff6f704bf7">
    <Execution>
      <TestTypeSpecific />
    </Execution>
    <Deployment runDeploymentRoot="tfsmladm_TFSBUILD11 2015-09-28 09_43_47" />
    <Properties />
  </TestSettings>
  <Results>
    <UnitTestResult executionId="791c91cb-5728-444f-ba39-fb04d927a24f" testId="ce15e6da-7a06-4136-c33b-52657b7d6934" testName="AadOnBehalfOfHandler_NullOrEmptyAudienceReturnsDefaultResourceTest" computerName="TFSBUILD11" duration="00:00:00.0302457" startTime="2015-09-28T09:43:46.8760004-07:00" endTime="2015-09-28T09:43:47.2666532-07:00" testType="13cdc9d9-ddb5-4fa4-a97d-d965ccfc6d4b" outcome="Passed" testListId="8c84fa94-04c1-424b-9868-57a2d4851a1d" relativeResultsDirectory="791c91cb-5728-444f-ba39-fb04d927a24f" />
    <UnitTestResult executionId="7703118c-671b-4b2e-84ed-5ac955ba9d72" testId="48291bca-7ed5-e20f-aac9-beff78e20eef" testName="AadOnBehalfOfHandler_ValidNonDefaultResourceReturnsNonDefaultAudienceTest" computerName="TFSBUILD11" duration="00:00:00.0002727" startTime="2015-09-28T09:43:47.2822793-07:00" endTime="2015-09-28T09:43:47.2822793-07:00" testType="13cdc9d9-ddb5-4fa4-a97d-d965ccfc6d4b" outcome="Passed" testListId="8c84fa94-04c1-424b-9868-57a2d4851a1d" relativeResultsDirectory="7703118c-671b-4b2e-84ed-5ac955ba9d72" />
    <UnitTestResult executionId="53b53f16-c7e8-4a13-9299-5fe7241b93e6" testId="26bcc39e-921d-a2bb-8644-4c38116e7fef" testName="AadOnBehalfOfHandler_DefaultResourceMustBePreferredOverOtherResourcesTest" computerName="TFSBUILD11" duration="00:00:00.0026996" startTime="2015-09-28T09:43:47.2822793-07:00" endTime="2015-09-28T09:43:47.2822793-07:00" testType="13cdc9d9-ddb5-4fa4-a97d-d965ccfc6d4b" outcome="Passed" testListId="8c84fa94-04c1-424b-9868-57a2d4851a1d" relativeResultsDirectory="53b53f16-c7e8-4a13-9299-5fe7241b93e6" />
    <UnitTestResult executionId="966f717e-477a-41c1-bccd-38f0a2426849" testId="d6326254-a35f-033e-0a23-4a32bc018c3d" testName="AadGraphClient_GetUsers_NoUsersFound" computerName="TFSBUILD11" duration="00:00:00.6195765" startTime="2015-09-28T09:43:47.2822793-07:00" endTime="2015-09-28T09:43:47.9073249-07:00" testType="13cdc9d9-ddb5-4fa4-a97d-d965ccfc6d4b" outcome="Passed" testListId="8c84fa94-04c1-424b-9868-57a2d4851a1d" relativeResultsDirectory="966f717e-477a-41c1-bccd-38f0a2426849" />
    <UnitTestResult executionId="91d791bc-8d6a-425e-bf0e-b2685140b4ed" testId="f41145c8-61de-f5ff-1ba1-c7daa1819902" testName="AadGraphClient_GetUsers_MultipleUsersFound" computerName="TFSBUILD11" duration="00:00:00.0164718" startTime="2015-09-28T09:43:47.9073249-07:00" endTime="2015-09-28T09:43:47.9229507-07:00" testType="13cdc9d9-ddb5-4fa4-a97d-d965ccfc6d4b" outcome="Passed" testListId="8c84fa94-04c1-424b-9868-57a2d4851a1d" relativeResultsDirectory="91d791bc-8d6a-425e-bf0e-b2685140b4ed" />
    <UnitTestResult executionId="459c26ba-5995-44b5-b17d-2b0d219fe1f5" testId="8789f832-4cec-92f8-c563-475d5eac6361" testName="AadGraphClient_GetUsers_WithDisplayNamePrefix_NoUsersFound" computerName="TFSBUILD11" duration="00:00:00.0065726" startTime="2015-09-28T09:43:47.9229507-07:00" endTime="2015-09-28T09:43:47.9229507-07:00" testType="13cdc9d9-ddb5-4fa4-a97d-d965ccfc6d4b" outcome="Passed" testListId="8c84fa94-04c1-424b-9868-57a2d4851a1d" relativeResultsDirectory="459c26ba-5995-44b5-b17d-2b0d219fe1f5" />
    <UnitTestResult executionId="7ccb16fb-5153-4573-9f0b-0874b473eac8" testId="e37ebea7-0ac1-327a-f54a-2580a8907d26" testName="AadGraphClient_GetUsers_WithDisplayNamePrefix_MultipleUsersFound" computerName="TFSBUILD11" duration="00:00:00.0066852" startTime="2015-09-28T09:43:47.9229507-07:00" endTime="2015-09-28T09:43:47.9385771-07:00" testType="13cdc9d9-ddb5-4fa4-a97d-d965ccfc6d4b" outcome="Passed" testListId="8c84fa94-04c1-424b-9868-57a2d4851a1d" relativeResultsDirectory="7ccb16fb-5153-4573-9f0b-0874b473eac8" />
    <UnitTestResult executionId="4a2a3cf7-f775-4a9c-b13d-6a256e74e8d2" testId="3583faa8-5f05-e8e2-b61c-40bca7a83587" testName="AadGraphClient_GetUsers_ThrowsIf_MoreThanTenClauses" computerName="TFSBUILD11" duration="00:00:00.0093786" startTime="2015-09-28T09:43:47.9385771-07:00" endTime="2015-09-28T09:43:47.9385771-07:00" testType="13cdc9d9-ddb5-4fa4-a97d-d965ccfc6d4b" outcome="Passed" testListId="8c84fa94-04c1-424b-9868-57a2d4851a1d" relativeResultsDirectory="4a2a3cf7-f775-4a9c-b13d-6a256e74e8d2" />
    <UnitTestResult executionId="14fbbc5f-e1e1-4cfc-a430-9ac1b1fd079c" testId="34700a80-505e-dcad-5d12-9086e172bbbf" testName="OnAuthenticateRequest_should_not_authenticate_when_user_context_is_already_assigned" computerName="TFSBUILD11" duration="00:00:00.3862235" startTime="2015-09-28T09:43:47.9385771-07:00" endTime="2015-09-28T09:43:48.3292311-07:00" testType="13cdc9d9-ddb5-4fa4-a97d-d965ccfc6d4b" outcome="Passed" testListId="8c84fa94-04c1-424b-9868-57a2d4851a1d" relativeResultsDirectory="14fbbc5f-e1e1-4cfc-a430-9ac1b1fd079c" />
    <UnitTestResult executionId="856f8efc-c124-4084-bf46-1fd63969bc8e" testId="91b7c0c1-641c-9097-56a5-501d551c5b99" testName="OnAuthenticateRequest_should_not_authenticate_when_user_request_context_is_not_found" computerName="TFSBUILD11" duration="00:00:00.0237226" startTime="2015-09-28T09:43:48.3292311-07:00" endTime="2015-09-28T09:43:48.3604833-07:00" testType="13cdc9d9-ddb5-4fa4-a97d-d965ccfc6d4b" outcome="Passed" testListId="8c84fa94-04c1-424b-9868-57a2d4851a1d" relativeResultsDirectory="856f8efc-c124-4084-bf46-1fd63969bc8e" />
    <UnitTestResult executionId="d6f7701f-f0b7-4070-acce-92d48803d14b" testId="07428299-d266-0eb5-2398-ee1e01d72fc6" testName="OnAuthenticateRequest_should_not_authenticate_when_request_restrictons_allow_anonymous_accession" computerName="TFSBUILD11" duration="00:00:00.0139559" startTime="2015-09-28T09:43:48.3604833-07:00" endTime="2015-09-28T09:43:48.3761091-07:00" testType="13cdc9d9-ddb5-4fa4-a97d-d965ccfc6d4b" outcome="Passed" testListId="8c84fa94-04c1-424b-9868-57a2d4851a1d" relativeResultsDirectory="d6f7701f-f0b7-4070-acce-92d48803d14b" />
    <UnitTestResult executionId="ddbf4c95-d639-4c11-b20f-d6cafebd9956" testId="abcc40ab-1151-b29d-10b7-703d4ea2f7b7" testName="OnAuthenticateRequest_should_not_authenticate_when_no_token_is_found" computerName="TFSBUILD11" duration="00:00:00.0628035" startTime="2015-09-28T09:43:48.3761091-07:00" endTime="2015-09-28T09:43:48.4386113-07:00" testType="13cdc9d9-ddb5-4fa4-a97d-d965ccfc6d4b" outcome="Passed" testListId="8c84fa94-04c1-424b-9868-57a2d4851a1d" relativeResultsDirectory="ddbf4c95-d639-4c11-b20f-d6cafebd9956" />
    <UnitTestResult executionId="4a753ba4-7cf8-419d-b4f6-ad25424f6b52" testId="c70956c8-9ef4-59d4-3da2-555fcc40bbf5" testName="OnAuthenticateRequest_should_set_user_context_when_header_contains_valid_bearer_token" computerName="TFSBUILD11" duration="00:00:00.0175831" startTime="2015-09-28T09:43:48.4386113-07:00" endTime="2015-09-28T09:43:48.4542394-07:00" testType="13cdc9d9-ddb5-4fa4-a97d-d965ccfc6d4b" outcome="Passed" testListId="8c84fa94-04c1-424b-9868-57a2d4851a1d" relativeResultsDirectory="4a753ba4-7cf8-419d-b4f6-ad25424f6b52" />
    <UnitTestResult executionId="dad23125-417e-41b8-a7f0-c1040f5d90ba" testId="55ff428d-249b-312e-0401-c5b31867d5e3" testName="OnAuthenticateRequest_should_set_user_context_when_request_query_contains_valid_authorization_token" computerName="TFSBUILD11" duration="00:00:00.0071708" startTime="2015-09-28T09:43:48.4542394-07:00" endTime="2015-09-28T09:43:48.4542394-07:00" testType="13cdc9d9-ddb5-4fa4-a97d-d965ccfc6d4b" outcome="Passed" testListId="8c84fa94-04c1-424b-9868-57a2d4851a1d" relativeResultsDirectory="dad23125-417e-41b8-a7f0-c1040f5d90ba" />
    <UnitTestResult executionId="79d1c6f7-3e58-41e6-8f46-511a2458ffa4" testId="4dd86cb2-1efb-678f-3dc2-e0e90f795b26" testName="OnAuthenticateRequest_should_set_user_context_when_request_query_contains_valid_id_token" computerName="TFSBUILD11" duration="00:00:00.0073110" startTime="2015-09-28T09:43:48.4542394-07:00" endTime="2015-09-28T09:43:48.4698661-07:00" testType="13cdc9d9-ddb5-4fa4-a97d-d965ccfc6d4b" outcome="Passed" testListId="8c84fa94-04c1-424b-9868-57a2d4851a1d" relativeResultsDirectory="79d1c6f7-3e58-41e6-8f46-511a2458ffa4" />
    <UnitTestResult executionId="dd49b1b1-18cf-4f20-bda2-2f003e980a70" testId="effe009d-992f-b079-28b3-20c870cae953" testName="OnAuthenticateRequest_should_not_authenticate_when_request_form_body_contains_token_but_request_is_not_post" computerName="TFSBUILD11" duration="00:00:00.0073306" startTime="2015-09-28T09:43:48.4698661-07:00" endTime="2015-09-28T09:43:48.4698661-07:00" testType="13cdc9d9-ddb5-4fa4-a97d-d965ccfc6d4b" outcome="Passed" testListId="8c84fa94-04c1-424b-9868-57a2d4851a1d" relativeResultsDirectory="dd49b1b1-18cf-4f20-bda2-2f003e980a70" />
    <UnitTestResult executionId="cf08d842-c450-4639-934b-18b4fc9bcab6" testId="54375508-f030-94ed-761b-8fd6072f2191" testName="OnAuthenticateRequest_should_not_authenticate_when_post_request_form_body_contains_token_but_request_is_not_targetting_signedin" computerName="TFSBUILD11" duration="00:00:00.0118049" startTime="2015-09-28T09:43:48.4698661-07:00" endTime="2015-09-28T09:43:48.4854922-07:00" testType="13cdc9d9-ddb5-4fa4-a97d-d965ccfc6d4b" outcome="Passed" testListId="8c84fa94-04c1-424b-9868-57a2d4851a1d" relativeResultsDirectory="cf08d842-c450-4639-934b-18b4fc9bcab6" />
    <UnitTestResult executionId="735387cc-5ff4-4d0a-a9d8-85a94f771d87" testId="18a5365c-cb97-d0fb-18a4-6957bf411665" testName="OnAuthenticateRequest_should_authenticate_when_post_request_form_body_contains_authorization_token_for_signedin" computerName="TFSBUILD11" duration="00:00:00.0093306" startTime="2015-09-28T09:43:48.4854922-07:00" endTime="2015-09-28T09:43:48.5011183-07:00" testType="13cdc9d9-ddb5-4fa4-a97d-d965ccfc6d4b" outcome="Passed" testListId="8c84fa94-04c1-424b-9868-57a2d4851a1d" relativeResultsDirectory="735387cc-5ff4-4d0a-a9d8-85a94f771d87" />
    <UnitTestResult executionId="707200ea-22c7-4b9c-9460-6ee649feb97c" testId="7e19d297-1611-64da-cb8d-909545a84fe1" testName="OnAuthenticateRequest_should_authenticate_when_post_request_form_body_contains_id_token_for_signedin" computerName="TFSBUILD11" duration="00:00:00.0081439" startTime="2015-09-28T09:43:48.5011183-07:00" endTime="2015-09-28T09:43:48.5011183-07:00" testType="13cdc9d9-ddb5-4fa4-a97d-d965ccfc6d4b" outcome="Passed" testListId="8c84fa94-04c1-424b-9868-57a2d4851a1d" relativeResultsDirectory="707200ea-22c7-4b9c-9460-6ee649feb97c" />
    <UnitTestResult executionId="a114a68d-1609-495b-8ee4-342702bc2d25" testId="46eea68d-8942-c5d6-d16c-80f58aefa38b" testName="OnAuthenticateRequest_should_not_set_user_context_when_validation_is_not_successful" computerName="TFSBUILD11" duration="00:00:00.0096378" startTime="2015-09-28T09:43:48.5011183-07:00" endTime="2015-09-28T09:43:48.5167438-07:00" testType="13cdc9d9-ddb5-4fa4-a97d-d965ccfc6d4b" outcome="Passed" testListId="8c84fa94-04c1-424b-9868-57a2d4851a1d" relativeResultsDirectory="a114a68d-1609-495b-8ee4-342702bc2d25" />
    <UnitTestResult executionId="f51e0993-1f69-4723-a1c5-a76cab317dad" testId="695d2117-c5c0-3ad9-655a-773bc3a5cf94" testName="OnAuthenticateRequest_should_set_impersonated_identity_when_token_is_an_impersonating_token" computerName="TFSBUILD11" duration="00:00:00.0112668" startTime="2015-09-28T09:43:48.5167438-07:00" endTime="2015-09-28T09:43:48.5167438-07:00" testType="13cdc9d9-ddb5-4fa4-a97d-d965ccfc6d4b" outcome="Passed" testListId="8c84fa94-04c1-424b-9868-57a2d4851a1d" relativeResultsDirectory="f51e0993-1f69-4723-a1c5-a76cab317dad" />
    <UnitTestResult executionId="02d0bc65-dea1-42aa-b519-0eea5c3ab028" testId="f6d0dc8c-80ef-1883-0285-78ef3d7b19bd" testName="OnAuthenticateRequest_should_write_session_token_for_identity" computerName="TFSBUILD11" duration="00:00:00.0220563" startTime="2015-09-28T09:43:48.5167438-07:00" endTime="2015-09-28T09:43:48.5479969-07:00" testType="13cdc9d9-ddb5-4fa4-a97d-d965ccfc6d4b" outcome="Passed" testListId="8c84fa94-04c1-424b-9868-57a2d4851a1d" relativeResultsDirectory="02d0bc65-dea1-42aa-b519-0eea5c3ab028" />
    <UnitTestResult executionId="33692708-d2b7-47ae-b403-05ddc9a17ce0" testId="60d80e09-6ef2-7c42-88b7-9b679e18ec69" testName="OnAuthenticateRequest_should_not_write_session_token_for_alternate_credentials" computerName="TFSBUILD11" duration="00:00:00.0076523" startTime="2015-09-28T09:43:48.5479969-07:00" endTime="2015-09-28T09:43:48.5479969-07:00" testType="13cdc9d9-ddb5-4fa4-a97d-d965ccfc6d4b" outcome="Passed" testListId="8c84fa94-04c1-424b-9868-57a2d4851a1d" relativeResultsDirectory="33692708-d2b7-47ae-b403-05ddc9a17ce0" />
    <UnitTestResult executionId="17814d21-bb03-4387-99ef-a204ab1d32a6" testId="71877705-aaf6-a77e-1f02-86c161d4d94c" testName="ValidateToken_should_throw_when_token_is_null" computerName="TFSBUILD11" startTime="2015-09-28T09:43:48.5479969-07:00" endTime="2015-09-28T09:43:48.5479969-07:00" testType="13cdc9d9-ddb5-4fa4-a97d-d965ccfc6d4b" outcome="NotExecuted" testListId="8c84fa94-04c1-424b-9868-57a2d4851a1d" relativeResultsDirectory="17814d21-bb03-4387-99ef-a204ab1d32a6" />
    <UnitTestResult executionId="88bd3be1-30fb-497e-ad01-3423312c3947" testId="0d726d12-667c-bec1-6172-e0ea1155967d" testName="ValidateToken_should_return_null_principal_when_token_issuer_is_not_trusted" computerName="TFSBUILD11" duration="00:00:00.0463543" startTime="2015-09-28T09:43:48.5479969-07:00" endTime="2015-09-28T09:43:48.6417527-07:00" testType="13cdc9d9-ddb5-4fa4-a97d-d965ccfc6d4b" outcome="Passed" testListId="8c84fa94-04c1-424b-9868-57a2d4851a1d" relativeResultsDirectory="88bd3be1-30fb-497e-ad01-3423312c3947" />
    <UnitTestResult executionId="eb147aae-fc8f-4b75-97f9-dc6dd990ffee" testId="885b28ac-d898-6681-fcac-51308c19b663" testName="ValidateToken_should_return_null_principal_when_token_audience_is_not_trusted" computerName="TFSBUILD11" duration="00:00:00.0096187" startTime="2015-09-28T09:43:48.6417527-07:00" endTime="2015-09-28T09:43:48.6573788-07:00" testType="13cdc9d9-ddb5-4fa4-a97d-d965ccfc6d4b" outcome="Passed" testListId="8c84fa94-04c1-424b-9868-57a2d4851a1d" relativeResultsDirectory="eb147aae-fc8f-4b75-97f9-dc6dd990ffee" />
    <UnitTestResult executionId="0d76fc84-06d6-48a4-8bce-322c31bb5c5a" testId="2fc09691-24f0-a9d3-e727-10b5921fda91" testName="ValidateToken_should_return_null_principal_when_token_is_not_signed" computerName="TFSBUILD11" duration="00:00:00.0007534" startTime="2015-09-28T09:43:48.6573788-07:00" endTime="2015-09-28T09:43:48.6573788-07:00" testType="13cdc9d9-ddb5-4fa4-a97d-d965ccfc6d4b" outcome="Passed" testListId="8c84fa94-04c1-424b-9868-57a2d4851a1d" relativeResultsDirectory="0d76fc84-06d6-48a4-8bce-322c31bb5c5a" />
    <UnitTestResult executionId="76e33218-f883-43de-a1d5-b3783e0dd438" testId="f1e28d1c-53d5-a79a-a087-a1daf2392177" testName="ValidateToken_should_return_null_principal_when_token_valid_from_date_is_in_future" computerName="TFSBUILD11" duration="00:00:00.0104433" startTime="2015-09-28T09:43:48.6573788-07:00" endTime="2015-09-28T09:43:48.6730052-07:00" testType="13cdc9d9-ddb5-4fa4-a97d-d965ccfc6d4b" outcome="Passed" testListId="8c84fa94-04c1-424b-9868-57a2d4851a1d" relativeResultsDirectory="76e33218-f883-43de-a1d5-b3783e0dd438" />
    <UnitTestResult executionId="344a7c52-e83c-42c4-a996-67fd7ed7dae3" testId="590362d8-0c00-1dd2-4dd7-2dfeae039a28" testName="ValidateToken_should_return_null_principal_when_token_is_expired" computerName="TFSBUILD11" duration="00:00:00.0092213" startTime="2015-09-28T09:43:48.6730052-07:00" endTime="2015-09-28T09:43:48.6886313-07:00" testType="13cdc9d9-ddb5-4fa4-a97d-d965ccfc6d4b" outcome="Passed" testListId="8c84fa94-04c1-424b-9868-57a2d4851a1d" relativeResultsDirectory="344a7c52-e83c-42c4-a996-67fd7ed7dae3" />
    <UnitTestResult executionId="1283d8b7-5841-4e87-a599-257590571ace" testId="7f0ed169-fb44-f913-94f9-5331aa09ac1e" testName="ValidateToken_should_return_principal_when_token_validator_indicates_invalid_identity" computerName="TFSBUILD11" duration="00:00:00.0167497" startTime="2015-09-28T09:43:48.6886313-07:00" endTime="2015-09-28T09:43:48.7042574-07:00" testType="13cdc9d9-ddb5-4fa4-a97d-d965ccfc6d4b" outcome="Passed" testListId="8c84fa94-04c1-424b-9868-57a2d4851a1d" relativeResultsDirectory="1283d8b7-5841-4e87-a599-257590571ace" />
    <UnitTestResult executionId="73843ab1-bbf4-40d1-850d-1fef736218e5" testId="74fda1a2-e7d7-ffd2-57e8-d52cabb93ef9" testName="ValidateToken_should_return_principal_when_token_is_validated" computerName="TFSBUILD11" duration="00:00:00.0172939" startTime="2015-09-28T09:43:48.7042574-07:00" endTime="2015-09-28T09:43:48.7198818-07:00" testType="13cdc9d9-ddb5-4fa4-a97d-d965ccfc6d4b" outcome="Passed" testListId="8c84fa94-04c1-424b-9868-57a2d4851a1d" relativeResultsDirectory="73843ab1-bbf4-40d1-850d-1fef736218e5" />
    <UnitTestResult executionId="a0dbeaa8-ff9f-42c1-8e7a-100c396d763b" testId="bcd5ec09-f9d3-b896-4386-fb4f02fd3771" testName="ValidateToken_should_return_null_principal_when_token_actor_issuer_is_not_trusted" computerName="TFSBUILD11" duration="00:00:00.0249718" startTime="2015-09-28T09:43:48.7198818-07:00" endTime="2015-09-28T09:43:48.7511338-07:00" testType="13cdc9d9-ddb5-4fa4-a97d-d965ccfc6d4b" outcome="Passed" testListId="8c84fa94-04c1-424b-9868-57a2d4851a1d" relativeResultsDirectory="a0dbeaa8-ff9f-42c1-8e7a-100c396d763b" />
    <UnitTestResult executionId="a572fdbc-4893-4323-9ad4-9c94516ce23c" testId="b963ba4b-29bb-ea75-651b-020ac64a547d" testName="ValidateToken_should_return_null_principal_when_token_actor_audience_is_not_allowed" computerName="TFSBUILD11" duration="00:00:00.0251533" startTime="2015-09-28T09:43:48.7511338-07:00" endTime="2015-09-28T09:43:48.7823869-07:00" testType="13cdc9d9-ddb5-4fa4-a97d-d965ccfc6d4b" outcome="Passed" testListId="8c84fa94-04c1-424b-9868-57a2d4851a1d" relativeResultsDirectory="a572fdbc-4893-4323-9ad4-9c94516ce23c" />
    <UnitTestResult executionId="eb8d7d88-4a9c-405f-934a-4f4e275261f4" testId="6c81c7c3-bcea-45a7-18d6-77cf20717611" testName="ValidateToken_should_return_null_principal_when_token_actor_is_not_a_signed_token" computerName="TFSBUILD11" duration="00:00:00.0134752" startTime="2015-09-28T09:43:48.7823869-07:00" endTime="2015-09-28T09:43:48.7980135-07:00" testType="13cdc9d9-ddb5-4fa4-a97d-d965ccfc6d4b" outcome="Passed" testListId="8c84fa94-04c1-424b-9868-57a2d4851a1d" relativeResultsDirectory="eb8d7d88-4a9c-405f-934a-4f4e275261f4" />
    <UnitTestResult executionId="db7d96c6-daf2-4139-afa0-7b04e67e5211" testId="64d1c8eb-cf4f-c3ef-2770-4216dd672312" testName="ValidateToken_should_return_null_principal_when_token_actor_is_expired" computerName="TFSBUILD11" duration="00:00:00.0307256" startTime="2015-09-28T09:43:48.7980135-07:00" endTime="2015-09-28T09:43:48.8448916-07:00" testType="13cdc9d9-ddb5-4fa4-a97d-d965ccfc6d4b" outcome="Passed" testListId="8c84fa94-04c1-424b-9868-57a2d4851a1d" relativeResultsDirectory="db7d96c6-daf2-4139-afa0-7b04e67e5211" />
    <UnitTestResult executionId="af7307b3-095d-40ef-9b5e-1f0462c67f0e" testId="23d91943-1f19-6a3d-83e1-fab0a874c003" testName="ValidateToken_should_return_principal_and_impersonated_identity_when_token_actor_is_valid" computerName="TFSBUILD11" duration="00:00:00.0465358" startTime="2015-09-28T09:43:48.8448916-07:00" endTime="2015-09-28T09:43:48.8917688-07:00" testType="13cdc9d9-ddb5-4fa4-a97d-d965ccfc6d4b" outcome="Passed" testListId="8c84fa94-04c1-424b-9868-57a2d4851a1d" relativeResultsDirectory="af7307b3-095d-40ef-9b5e-1f0462c67f0e" />
    <UnitTestResult executionId="d7740414-8246-494a-99f1-d7700f0020e5" testId="139c74e1-f247-bab5-12ad-34c68da42090" testName="SuffixedString_Parse" computerName="TFSBUILD11" duration="00:00:00.0225197" startTime="2015-09-28T09:43:48.8917688-07:00" endTime="2015-09-28T09:43:48.9073949-07:00" testType="13cdc9d9-ddb5-4fa4-a97d-d965ccfc6d4b" outcome="Passed" testListId="8c84fa94-04c1-424b-9868-57a2d4851a1d" relativeResultsDirectory="d7740414-8246-494a-99f1-d7700f0020e5" />
    <UnitTestResult executionId="c64b4865-4930-4e72-bf96-45521cad8a3f" testId="20bc6131-daca-52d3-58cd-bb1053bdab5b" testName="SuffixedString_Compare" computerName="TFSBUILD11" duration="00:00:00.0006417" startTime="2015-09-28T09:43:48.9073949-07:00" endTime="2015-09-28T09:43:48.9073949-07:00" testType="13cdc9d9-ddb5-4fa4-a97d-d965ccfc6d4b" outcome="Passed" testListId="8c84fa94-04c1-424b-9868-57a2d4851a1d" relativeResultsDirectory="c64b4865-4930-4e72-bf96-45521cad8a3f" />
    <UnitTestResult executionId="a7c78fa2-aa3b-4961-a99a-9b6181fec41e" testId="39598d88-a664-8ffb-c1d8-50f9927d51ff" testName="Servicing_MergeServicingHostProperties" computerName="TFSBUILD11" duration="00:00:00.0146019" startTime="2015-09-28T09:43:48.9073949-07:00" endTime="2015-09-28T09:43:48.9230213-07:00" testType="13cdc9d9-ddb5-4fa4-a97d-d965ccfc6d4b" outcome="Passed" testListId="8c84fa94-04c1-424b-9868-57a2d4851a1d" relativeResultsDirectory="a7c78fa2-aa3b-4961-a99a-9b6181fec41e" />
    <UnitTestResult executionId="2f5b49f5-acbb-42ce-96a5-e8dc3e54fbce" testId="a3feb8c6-3f78-88b6-23f6-c9769944a185" testName="ReadIdentities_TransitiveDown_DoesNotCallAad_WhenNoneOfTheIdentitiesAreAadGroups" computerName="TFSBUILD11" duration="00:00:00.0463472" startTime="2015-09-28T09:43:48.9230213-07:00" endTime="2015-09-28T09:43:48.9698996-07:00" testType="13cdc9d9-ddb5-4fa4-a97d-d965ccfc6d4b" outcome="Passed" testListId="8c84fa94-04c1-424b-9868-57a2d4851a1d" relativeResultsDirectory="2f5b49f5-acbb-42ce-96a5-e8dc3e54fbce" />
    <UnitTestResult executionId="224a5444-8c1d-47c2-b137-912d2e4bc866" testId="f5c442cd-75ef-74da-72c8-4774af3002df" testName="ReadIdentities_TransitiveDown_DoesNotCallAad_WhenFeatureFlagIsOff" computerName="TFSBUILD11" duration="00:00:00.0254395" startTime="2015-09-28T09:43:48.9698996-07:00" endTime="2015-09-28T09:43:49.0011527-07:00" testType="13cdc9d9-ddb5-4fa4-a97d-d965ccfc6d4b" outcome="Passed" testListId="8c84fa94-04c1-424b-9868-57a2d4851a1d" relativeResultsDirectory="224a5444-8c1d-47c2-b137-912d2e4bc866" />
    <UnitTestResult executionId="83911549-f364-4b9a-b37d-c2e750afa25a" testId="3b56e6ca-c107-d088-412a-c36ef081bb28" testName="ReadIdentities_TransitiveDown_CallsAadGetDescendantsBatch_WhenSomeOfTheIdentitiesAreAadGroups" computerName="TFSBUILD11" duration="00:00:00.1026304" startTime="2015-09-28T09:43:49.0011527-07:00" endTime="2015-09-28T09:43:49.1105352-07:00" testType="13cdc9d9-ddb5-4fa4-a97d-d965ccfc6d4b" outcome="Passed" testListId="8c84fa94-04c1-424b-9868-57a2d4851a1d" relativeResultsDirectory="83911549-f364-4b9a-b37d-c2e750afa25a" />
    <UnitTestResult executionId="eb7de3c1-b781-410d-bd39-eb245c2877da" testId="e9c25891-3810-7a97-3b84-cced8ad7c00d" testName="ReadIdentities_TransitiveDown_AddsMembershipRecords_WhenAadGroupHaveAadUsersMappedInIms" computerName="TFSBUILD11" duration="00:00:00.0622963" startTime="2015-09-28T09:43:49.1105352-07:00" endTime="2015-09-28T09:43:49.1730405-07:00" testType="13cdc9d9-ddb5-4fa4-a97d-d965ccfc6d4b" outcome="Passed" testListId="8c84fa94-04c1-424b-9868-57a2d4851a1d" relativeResultsDirectory="eb7de3c1-b781-410d-bd39-eb245c2877da" />
    <UnitTestResult executionId="fdd5750e-7a03-4c7c-9c95-8d23f665586c" testId="ad18d08d-5951-1cd4-2baa-720d1ea29833" testName="CreateGroups_DoesNotCallAad_WhenNoneOfTheGroupsAreAadGroups" computerName="TFSBUILD11" duration="00:00:00.0210781" startTime="2015-09-28T09:43:49.1730405-07:00" endTime="2015-09-28T09:43:49.1886652-07:00" testType="13cdc9d9-ddb5-4fa4-a97d-d965ccfc6d4b" outcome="Passed" testListId="8c84fa94-04c1-424b-9868-57a2d4851a1d" relativeResultsDirectory="fdd5750e-7a03-4c7c-9c95-8d23f665586c" />
    <UnitTestResult executionId="12318367-8d34-4601-9300-fa2bda20185e" testId="4a1c0314-c117-7bca-30c1-e98db7a9fd53" testName="CreateGroups_CallsAadGetDirectGroupMembers_WhenSomeOfTheGroupsAreAadGroups" computerName="TFSBUILD11" duration="00:00:00.0798126" startTime="2015-09-28T09:43:49.1886652-07:00" endTime="2015-09-28T09:43:49.2667986-07:00" testType="13cdc9d9-ddb5-4fa4-a97d-d965ccfc6d4b" outcome="Passed" testListId="8c84fa94-04c1-424b-9868-57a2d4851a1d" relativeResultsDirectory="12318367-8d34-4601-9300-fa2bda20185e" />
    <UnitTestResult executionId="e7d6f8d8-6bf7-46de-89b5-00867ae461c1" testId="14c62f93-732f-0865-b84a-e984b44986b6" testName="CreateGroups_SendsNotification_WhenCreatedAadGroupsHaveAadUsersMappedInIms" computerName="TFSBUILD11" duration="00:00:00.2309342" startTime="2015-09-28T09:43:49.2667986-07:00" endTime="2015-09-28T09:43:49.5011894-07:00" testType="13cdc9d9-ddb5-4fa4-a97d-d965ccfc6d4b" outcome="Passed" testListId="8c84fa94-04c1-424b-9868-57a2d4851a1d" relativeResultsDirectory="e7d6f8d8-6bf7-46de-89b5-00867ae461c1" />
    <UnitTestResult executionId="b10e3e3a-9cad-4a4a-80ed-c9a7538858cb" testId="05346103-3413-6fa0-7b3d-51e78db47d61" testName="CreateGroups_DoesNotSendNotification_WhenCreatedAadGroupsHaveAadUsers_ButUsersAreNotMappedInIms" computerName="TFSBUILD11" duration="00:00:00.0518654" startTime="2015-09-28T09:43:49.5011894-07:00" endTime="2015-09-28T09:43:49.5480686-07:00" testType="13cdc9d9-ddb5-4fa4-a97d-d965ccfc6d4b" outcome="Passed" testListId="8c84fa94-04c1-424b-9868-57a2d4851a1d" relativeResultsDirectory="b10e3e3a-9cad-4a4a-80ed-c9a7538858cb" />
    <UnitTestResult executionId="0a0ed6e3-ce3c-4d98-bded-c0d6b16586d1" testId="6f710a01-ff42-3c81-b38d-c98280890ccb" testName="ProcessingDoesNotOccur_WhenEnvironmentIsOnPrem" computerName="TFSBUILD11" duration="00:00:00.0106905" startTime="2015-09-28T09:43:49.5480686-07:00" endTime="2015-09-28T09:43:49.5636944-07:00" testType="13cdc9d9-ddb5-4fa4-a97d-d965ccfc6d4b" outcome="Passed" testListId="8c84fa94-04c1-424b-9868-57a2d4851a1d" relativeResultsDirectory="0a0ed6e3-ce3c-4d98-bded-c0d6b16586d1" />
    <UnitTestResult executionId="9e2f9013-39b8-4d05-b3fc-e184b1018125" testId="f493d62e-e8cc-8cd2-631e-5b53ba521a2b" testName="ProcessingDoesNotOccur_WhenFeatureFlagIsOff" computerName="TFSBUILD11" duration="00:00:00.0130406" startTime="2015-09-28T09:43:49.5636944-07:00" endTime="2015-09-28T09:43:49.5793174-07:00" testType="13cdc9d9-ddb5-4fa4-a97d-d965ccfc6d4b" outcome="Passed" testListId="8c84fa94-04c1-424b-9868-57a2d4851a1d" relativeResultsDirectory="9e2f9013-39b8-4d05-b3fc-e184b1018125" />
    <UnitTestResult executionId="01d48d3c-a304-40a5-acc0-854961c67536" testId="5fac2ac0-adec-7f54-6cce-155f2335eb83" testName="ProcessingDoesNotOccur_WhenRequestIsNotForTransitiveUpOrDirectDown" computerName="TFSBUILD11" duration="00:00:00.0129493" startTime="2015-09-28T09:43:49.5793174-07:00" endTime="2015-09-28T09:43:49.5949429-07:00" testType="13cdc9d9-ddb5-4fa4-a97d-d965ccfc6d4b" outcome="Passed" testListId="8c84fa94-04c1-424b-9868-57a2d4851a1d" relativeResultsDirectory="01d48d3c-a304-40a5-acc0-854961c67536" />
    <UnitTestResult executionId="47f44a2a-5b16-44f4-bd8a-10dfac78d118" testId="f43cd5a8-4cd8-5ee2-24ba-b338e8add013" testName="ReadIdentities_DirectDown_DoesNotCallAad_WhenNoneOfTheIdentitiesAreAadGroups" computerName="TFSBUILD11" duration="00:00:00.0118735" startTime="2015-09-28T09:43:49.5949429-07:00" endTime="2015-09-28T09:43:49.5949429-07:00" testType="13cdc9d9-ddb5-4fa4-a97d-d965ccfc6d4b" outcome="Passed" testListId="8c84fa94-04c1-424b-9868-57a2d4851a1d" relativeResultsDirectory="47f44a2a-5b16-44f4-bd8a-10dfac78d118" />
    <UnitTestResult executionId="428df0a1-a015-4c06-8882-3f71117be2e4" testId="218162a3-5b0f-c27b-17f0-5a890a8f3042" testName="ReadIdentities_DirectDown_CallsAadGetDirectGroupMembers_WhenSomeOfTheIdentitiesAreAadGroups" computerName="TFSBUILD11" duration="00:00:00.0445376" startTime="2015-09-28T09:43:49.5949429-07:00" endTime="2015-09-28T09:43:49.6418252-07:00" testType="13cdc9d9-ddb5-4fa4-a97d-d965ccfc6d4b" outcome="Passed" testListId="8c84fa94-04c1-424b-9868-57a2d4851a1d" relativeResultsDirectory="428df0a1-a015-4c06-8882-3f71117be2e4" />
    <UnitTestResult executionId="3e81bd40-fa01-46e1-a25d-68c2ed9b0a1f" testId="f752aad8-2d95-67a9-c7e6-11a657c53e39" testName="ReadIdentities_DirectDown_AddsMembershipRecords_WhenAadGroupHaveAadUsersMappedInIms" computerName="TFSBUILD11" duration="00:00:00.0401364" startTime="2015-09-28T09:43:49.6418252-07:00" endTime="2015-09-28T09:43:49.6887019-07:00" testType="13cdc9d9-ddb5-4fa4-a97d-d965ccfc6d4b" outcome="Passed" testListId="8c84fa94-04c1-424b-9868-57a2d4851a1d" relativeResultsDirectory="3e81bd40-fa01-46e1-a25d-68c2ed9b0a1f" />
    <UnitTestResult executionId="3af66b17-0bb0-4253-ab83-6f10a222b5db" testId="a4339439-c3ec-7062-9042-5a3515febb57" testName="ReadIdentities_DirectDown_DoesNotAddMembershipRecords_WhenAadGroupsHaveAadUsers_ButAadUsersAreNotMappedInIms" computerName="TFSBUILD11" duration="00:00:00.0277685" startTime="2015-09-28T09:43:49.6887019-07:00" endTime="2015-09-28T09:43:49.7199555-07:00" testType="13cdc9d9-ddb5-4fa4-a97d-d965ccfc6d4b" outcome="Passed" testListId="8c84fa94-04c1-424b-9868-57a2d4851a1d" relativeResultsDirectory="3af66b17-0bb0-4253-ab83-6f10a222b5db" />
    <UnitTestResult executionId="659fe58e-44e2-4e82-a827-da4eb36b0fd3" testId="6175d898-25bb-f713-e0a9-8e098e6c0400" testName="ReadIdentities_TransitiveUp_DoesNotCallAad_WhenIgnoreFlagIsSet" computerName="TFSBUILD11" duration="00:00:00.0073113" startTime="2015-09-28T09:43:49.7199555-07:00" endTime="2015-09-28T09:43:49.7199555-07:00" testType="13cdc9d9-ddb5-4fa4-a97d-d965ccfc6d4b" outcome="Passed" testListId="8c84fa94-04c1-424b-9868-57a2d4851a1d" relativeResultsDirectory="659fe58e-44e2-4e82-a827-da4eb36b0fd3" />
    <UnitTestResult executionId="3d1a22aa-3f61-40b5-805d-74e0e0e0830f" testId="7978371c-2f6e-5e49-b950-07dbd63f74a8" testName="ReadIdentities_TransitiveUp_DoesNotCallAad_WhenNoneOfTheIdentitiesAreAadUsers" computerName="TFSBUILD11" duration="00:00:00.0105084" startTime="2015-09-28T09:43:49.7199555-07:00" endTime="2015-09-28T09:43:49.7355808-07:00" testType="13cdc9d9-ddb5-4fa4-a97d-d965ccfc6d4b" outcome="Passed" testListId="8c84fa94-04c1-424b-9868-57a2d4851a1d" relativeResultsDirectory="3d1a22aa-3f61-40b5-805d-74e0e0e0830f" />
    <UnitTestResult executionId="fc31288f-397a-400a-afa2-042ae93b61e1" testId="b4dd4ed9-bdf3-82fe-3422-c2cfd2bca59c" testName="ReadIdentities_TransitiveUp_DoesNotCallAad_WhenTheIdentitiesAreBindPendingWithoutObjectId" computerName="TFSBUILD11" duration="00:00:00.0069603" startTime="2015-09-28T09:43:49.7355808-07:00" endTime="2015-09-28T09:43:49.7355808-07:00" testType="13cdc9d9-ddb5-4fa4-a97d-d965ccfc6d4b" outcome="Passed" testListId="8c84fa94-04c1-424b-9868-57a2d4851a1d" relativeResultsDirectory="fc31288f-397a-400a-afa2-042ae93b61e1" />
    <UnitTestResult executionId="580a3e41-4805-4e3c-a329-b9e33718cdae" testId="1662ba5f-e22c-145b-be9b-db96733bb6c5" testName="ReadIdentities_TransitiveUp_CallsAadGetAncestorIds_WhenTheIdentitiesAreBindPendingWithObjectId" computerName="TFSBUILD11" duration="00:00:00.0810409" startTime="2015-09-28T09:43:49.7355808-07:00" endTime="2015-09-28T09:43:49.8137108-07:00" testType="13cdc9d9-ddb5-4fa4-a97d-d965ccfc6d4b" outcome="Passed" testListId="8c84fa94-04c1-424b-9868-57a2d4851a1d" relativeResultsDirectory="580a3e41-4805-4e3c-a329-b9e33718cdae" />
    <UnitTestResult executionId="f22676b8-f069-4824-9423-46ba159bd56a" testId="14f2a9eb-0ceb-f0a9-b8db-40fa7aebab69" testName="ReadIdentities_TransitiveUp_CallsAadGetAncestorIds_WhenSomeOfTheIdentitiesAreAadUsers" computerName="TFSBUILD11" duration="00:00:00.0772418" startTime="2015-09-28T09:43:49.8137108-07:00" endTime="2015-09-28T09:43:49.8918399-07:00" testType="13cdc9d9-ddb5-4fa4-a97d-d965ccfc6d4b" outcome="Passed" testListId="8c84fa94-04c1-424b-9868-57a2d4851a1d" relativeResultsDirectory="f22676b8-f069-4824-9423-46ba159bd56a" />
    <UnitTestResult executionId="3c0cfc6d-72a0-4145-93d2-45c973510523" testId="962211ac-72ce-a026-a299-457347244c20" testName="ReadIdentities_TransitiveUp_DoesNotFail_WhenRequestedAncestorIdsComeBackAsNull" computerName="TFSBUILD11" duration="00:00:00.0680930" startTime="2015-09-28T09:43:49.8918399-07:00" endTime="2015-09-28T09:43:49.9699730-07:00" testType="13cdc9d9-ddb5-4fa4-a97d-d965ccfc6d4b" outcome="Passed" testListId="8c84fa94-04c1-424b-9868-57a2d4851a1d" relativeResultsDirectory="3c0cfc6d-72a0-4145-93d2-45c973510523" />
    <UnitTestResult executionId="8537e47e-abc5-42a3-9182-00b0b7725b48" testId="05e920b2-95db-df8a-0142-0e7453fae483" testName="ATHealthRequestFilter_FilterOnCPU" computerName="TFSBUILD11" duration="00:00:00.2515254" startTime="2015-09-28T09:43:49.9699730-07:00" endTime="2015-09-28T09:43:50.2199879-07:00" testType="13cdc9d9-ddb5-4fa4-a97d-d965ccfc6d4b" outcome="Passed" testListId="8c84fa94-04c1-424b-9868-57a2d4851a1d" relativeResultsDirectory="8537e47e-abc5-42a3-9182-00b0b7725b48" />
    <UnitTestResult executionId="a8561ae7-9675-4093-93f4-9bf56585b32f" testId="74684472-e5cd-c48f-a0a1-cc9930ee5b2a" testName="ATHealthRequestFilter_FilterOnCPU_Under" computerName="TFSBUILD11" duration="00:00:00.0099159" startTime="2015-09-28T09:43:50.2199879-07:00" endTime="2015-09-28T09:43:50.2356143-07:00" testType="13cdc9d9-ddb5-4fa4-a97d-d965ccfc6d4b" outcome="Passed" testListId="8c84fa94-04c1-424b-9868-57a2d4851a1d" relativeResultsDirectory="a8561ae7-9675-4093-93f4-9bf56585b32f" />
    <UnitTestResult executionId="fb701011-2a97-4934-ac57-fe5406e617b6" testId="20a09679-dfb9-75e2-68cc-b7c309964ef8" testName="ATHealthRequestFilter_FilterOnAspQueue" computerName="TFSBUILD11" duration="00:00:00.0053486" startTime="2015-09-28T09:43:50.2356143-07:00" endTime="2015-09-28T09:43:50.2356143-07:00" testType="13cdc9d9-ddb5-4fa4-a97d-d965ccfc6d4b" outcome="Passed" testListId="8c84fa94-04c1-424b-9868-57a2d4851a1d" relativeResultsDirectory="fb701011-2a97-4934-ac57-fe5406e617b6" />
    <UnitTestResult executionId="935f9725-85c6-4f7a-ab9f-b59a0da8c9bd" testId="8e947691-c118-833a-021d-1fa5cde4b422" testName="ATHealthRequestFilter_FilterOnAspQueue_Under" computerName="TFSBUILD11" duration="00:00:00.0110409" startTime="2015-09-28T09:43:50.2356143-07:00" endTime="2015-09-28T09:43:50.2512407-07:00" testType="13cdc9d9-ddb5-4fa4-a97d-d965ccfc6d4b" outcome="Passed" testListId="8c84fa94-04c1-424b-9868-57a2d4851a1d" relativeResultsDirectory="935f9725-85c6-4f7a-ab9f-b59a0da8c9bd" />
    <UnitTestResult executionId="2b59bf89-9ca6-4ddd-96ae-1b70eb28b1a4" testId="c877d615-9f3d-6f39-fb51-aa14894379cf" testName="ATHealthRequestFilter_DoesNotFilterNormal" computerName="TFSBUILD11" duration="00:00:00.0056644" startTime="2015-09-28T09:43:50.2512407-07:00" endTime="2015-09-28T09:43:50.2512407-07:00" testType="13cdc9d9-ddb5-4fa4-a97d-d965ccfc6d4b" outcome="Passed" testListId="8c84fa94-04c1-424b-9868-57a2d4851a1d" relativeResultsDirectory="2b59bf89-9ca6-4ddd-96ae-1b70eb28b1a4" />
    <UnitTestResult executionId="d073610a-4db9-4900-86fe-e7ea211f25a6" testId="c330b76d-2e4f-69be-f322-6e9b6898bc37" testName="ATHealthRequestFilter_CanDisable" computerName="TFSBUILD11" duration="00:00:00.0098286" startTime="2015-09-28T09:43:50.2512407-07:00" endTime="2015-09-28T09:43:50.2668671-07:00" testType="13cdc9d9-ddb5-4fa4-a97d-d965ccfc6d4b" outcome="Passed" testListId="8c84fa94-04c1-424b-9868-57a2d4851a1d" relativeResultsDirectory="d073610a-4db9-4900-86fe-e7ea211f25a6" />
    <UnitTestResult executionId="6bc1c045-b528-411a-a5ce-da23068cb632" testId="c7d13e4b-613f-7d25-7fa0-55eaed085ce7" testName="AT_HealthRequestFilter_DTCpu" computerName="TFSBUILD11" duration="00:00:00.0067293" startTime="2015-09-28T09:43:50.2668671-07:00" endTime="2015-09-28T09:43:50.2668671-07:00" testType="13cdc9d9-ddb5-4fa4-a97d-d965ccfc6d4b" outcome="Passed" testListId="8c84fa94-04c1-424b-9868-57a2d4851a1d" relativeResultsDirectory="6bc1c045-b528-411a-a5ce-da23068cb632" />
    <UnitTestResult executionId="fbffc234-e6dd-4c0c-8ca6-3004dc375b02" testId="31f8df26-0526-0e78-74d7-2e24952fad1c" testName="AT_HealthRequestFilter_DTDataIO" computerName="TFSBUILD11" duration="00:00:00.0062534" startTime="2015-09-28T09:43:50.2668671-07:00" endTime="2015-09-28T09:43:50.2824929-07:00" testType="13cdc9d9-ddb5-4fa4-a97d-d965ccfc6d4b" outcome="Passed" testListId="8c84fa94-04c1-424b-9868-57a2d4851a1d" relativeResultsDirectory="fbffc234-e6dd-4c0c-8ca6-3004dc375b02" />
    <UnitTestResult executionId="2fc5079a-9f2e-45b0-8302-762c2fecf871" testId="fd0a33ef-4d7b-5e02-779e-1d52304300c6" testName="AT_HealthRequestFilter_DTLogWrites" computerName="TFSBUILD11" duration="00:00:00.0061991" startTime="2015-09-28T09:43:50.2824929-07:00" endTime="2015-09-28T09:43:50.2824929-07:00" testType="13cdc9d9-ddb5-4fa4-a97d-d965ccfc6d4b" outcome="Passed" testListId="8c84fa94-04c1-424b-9868-57a2d4851a1d" relativeResultsDirectory="2fc5079a-9f2e-45b0-8302-762c2fecf871" />
    <UnitTestResult executionId="e6cba204-3959-4848-b3e6-863c69b42d76" testId="249a52e2-b8ef-a4c3-2729-0960eeb7c4b5" testName="AT_HealthRequestFilter_DTPerfTime" computerName="TFSBUILD11" duration="00:00:00.0061522" startTime="2015-09-28T09:43:50.2824929-07:00" endTime="2015-09-28T09:43:50.2824929-07:00" testType="13cdc9d9-ddb5-4fa4-a97d-d965ccfc6d4b" outcome="Passed" testListId="8c84fa94-04c1-424b-9868-57a2d4851a1d" relativeResultsDirectory="e6cba204-3959-4848-b3e6-863c69b42d76" />
    <UnitTestResult executionId="1462adde-0d0d-47d2-b15c-5625f910d3b1" testId="e3297beb-499c-7312-0ef1-997ecde0c45e" testName="AT_HealthRequestFilter_ConfigDTCpu" computerName="TFSBUILD11" duration="00:00:00.0060333" startTime="2015-09-28T09:43:50.2824929-07:00" endTime="2015-09-28T09:43:50.2981182-07:00" testType="13cdc9d9-ddb5-4fa4-a97d-d965ccfc6d4b" outcome="Passed" testListId="8c84fa94-04c1-424b-9868-57a2d4851a1d" relativeResultsDirectory="1462adde-0d0d-47d2-b15c-5625f910d3b1" />
    <UnitTestResult executionId="3d485de2-48ef-4997-bc45-6f5a921de7b3" testId="8a4971ed-9226-e691-cc81-b4983d723176" testName="Job_exits_if_jobdata_is_null" computerName="TFSBUILD11" duration="00:00:00.0060211" startTime="2015-09-28T09:43:50.2981182-07:00" endTime="2015-09-28T09:43:50.3293707-07:00" testType="13cdc9d9-ddb5-4fa4-a97d-d965ccfc6d4b" outcome="Passed" testListId="8c84fa94-04c1-424b-9868-57a2d4851a1d" relativeResultsDirectory="3d485de2-48ef-4997-bc45-6f5a921de7b3" />
    <UnitTestResult executionId="0f4931c4-44cd-472b-999e-2d547e462fa0" testId="083e77ee-3317-deb6-96a1-7bea3f5e1c34" testName="Job_exits_if_no_properties_to_remove_in_jobdata" computerName="TFSBUILD11" duration="00:00:00.0047359" startTime="2015-09-28T09:43:50.3293707-07:00" endTime="2015-09-28T09:43:50.3449968-07:00" testType="13cdc9d9-ddb5-4fa4-a97d-d965ccfc6d4b" outcome="Passed" testListId="8c84fa94-04c1-424b-9868-57a2d4851a1d" relativeResultsDirectory="0f4931c4-44cd-472b-999e-2d547e462fa0" />
    <UnitTestResult executionId="d441add4-d6e9-454b-9342-8d380975203d" testId="63269abb-6e88-98fe-64f3-5802d4aedbf7" testName="Job_exits_if_no_ArtifactKinds_to_remove_in_jobdata" computerName="TFSBUILD11" duration="00:00:00.0015533" startTime="2015-09-28T09:43:50.3449968-07:00" endTime="2015-09-28T09:43:50.3449968-07:00" testType="13cdc9d9-ddb5-4fa4-a97d-d965ccfc6d4b" outcome="Passed" testListId="8c84fa94-04c1-424b-9868-57a2d4851a1d" relativeResultsDirectory="d441add4-d6e9-454b-9342-8d380975203d" />
    <UnitTestResult executionId="c60bf82f-7652-41ef-bfbc-0469b1a16a81" testId="6c054b87-7ff6-c220-e262-f5a1dac849fc" testName="Job_exits_when_no_properties_left_to_delete" computerName="TFSBUILD11" duration="00:00:00.0388593" startTime="2015-09-28T09:43:50.3449968-07:00" endTime="2015-09-28T09:43:50.3918754-07:00" testType="13cdc9d9-ddb5-4fa4-a97d-d965ccfc6d4b" outcome="Passed" testListId="8c84fa94-04c1-424b-9868-57a2d4851a1d" relativeResultsDirectory="c60bf82f-7652-41ef-bfbc-0469b1a16a81" />
    <UnitTestResult executionId="9911b12a-ef51-4e0a-b9eb-c09bd14137f8" testId="676b247d-3fcd-09c3-b4db-3a71a5e8f5f8" testName="Job_requeues_when_properties_left_to_delete" computerName="TFSBUILD11" duration="00:00:00.0647587" startTime="2015-09-28T09:43:50.3918754-07:00" endTime="2015-09-28T09:43:50.4700057-07:00" testType="13cdc9d9-ddb5-4fa4-a97d-d965ccfc6d4b" outcome="Passed" testListId="8c84fa94-04c1-424b-9868-57a2d4851a1d" relativeResultsDirectory="9911b12a-ef51-4e0a-b9eb-c09bd14137f8" />
    <UnitTestResult executionId="9305be4a-8c02-48db-afa2-942beaaabfed" testId="4060f733-faa9-aeeb-7b44-33dd96d60ee2" testName="GetS2SCredentials_should_return_oAuth_credentials_if_oAuth_client_is_enabled" computerName="TFSBUILD11" duration="00:00:00.1190320" startTime="2015-09-28T09:43:50.4700057-07:00" endTime="2015-09-28T09:43:50.6106424-07:00" testType="13cdc9d9-ddb5-4fa4-a97d-d965ccfc6d4b" outcome="Passed" testListId="8c84fa94-04c1-424b-9868-57a2d4851a1d" relativeResultsDirectory="9305be4a-8c02-48db-afa2-942beaaabfed" />
    <UnitTestResult executionId="483775f5-08fa-4501-a02e-086d74fabc5a" testId="fc4a7b3b-dd21-9116-c140-8caa8fca80f2" testName="GetS2SCredentials_should_return_oAuth_cached_credentials_on_successive_calls_if_oAuth_client_is_enabled" computerName="TFSBUILD11" duration="00:00:00.0037273" startTime="2015-09-28T09:43:50.6106424-07:00" endTime="2015-09-28T09:43:50.6262677-07:00" testType="13cdc9d9-ddb5-4fa4-a97d-d965ccfc6d4b" outcome="Passed" testListId="8c84fa94-04c1-424b-9868-57a2d4851a1d" relativeResultsDirectory="483775f5-08fa-4501-a02e-086d74fabc5a" />
    <UnitTestResult executionId="21a94f64-9bd2-4709-b883-15c97b431ab2" testId="bc516c3e-80be-6af9-836b-1d9e13ffc29a" testName="TeamFoundationResourceHydrationService_ServiceStartNonHosted" computerName="TFSBUILD11" duration="00:00:00.0097001" startTime="2015-09-28T09:43:50.6262677-07:00" endTime="2015-09-28T09:43:50.6262677-07:00" testType="13cdc9d9-ddb5-4fa4-a97d-d965ccfc6d4b" outcome="Passed" testListId="8c84fa94-04c1-424b-9868-57a2d4851a1d" relativeResultsDirectory="21a94f64-9bd2-4709-b883-15c97b431ab2" />
    <UnitTestResult executionId="a514ded2-23c4-4086-a559-b706d8c67f3c" testId="baa71dab-8dd3-381b-2b77-489f30711e59" testName="TeamFoundationResourceHydrationService_GetResourceHydrationRequest" computerName="TFSBUILD11" duration="00:00:00.0053117" startTime="2015-09-28T09:43:50.6262677-07:00" endTime="2015-09-28T09:43:50.6418924-07:00" testType="13cdc9d9-ddb5-4fa4-a97d-d965ccfc6d4b" outcome="Passed" testListId="8c84fa94-04c1-424b-9868-57a2d4851a1d" relativeResultsDirectory="a514ded2-23c4-4086-a559-b706d8c67f3c" />
    <UnitTestResult executionId="d55f2577-e4cf-40f4-9964-41d26bdf0279" testId="33c1cdc6-632e-4d6b-9ce9-2ce66000cd69" testName="ResourceExtensionTests_IPV4AddressRange_In" computerName="TFSBUILD11" duration="00:00:00.0003288" startTime="2015-09-28T09:43:50.6418924-07:00" endTime="2015-09-28T09:43:50.6418924-07:00" testType="13cdc9d9-ddb5-4fa4-a97d-d965ccfc6d4b" outcome="Passed" testListId="8c84fa94-04c1-424b-9868-57a2d4851a1d" relativeResultsDirectory="d55f2577-e4cf-40f4-9964-41d26bdf0279" />
    <UnitTestResult executionId="d64f7218-be25-423c-b28f-4beff8b39669" testId="a8650557-c61e-53a1-dbb9-1f0ef8ed8f9a" testName="ResourceExtensionTests_IPV4AddressRange_Out" computerName="TFSBUILD11" duration="00:00:00.0000824" startTime="2015-09-28T09:43:50.6418924-07:00" endTime="2015-09-28T09:43:50.6418924-07:00" testType="13cdc9d9-ddb5-4fa4-a97d-d965ccfc6d4b" outcome="Passed" testListId="8c84fa94-04c1-424b-9868-57a2d4851a1d" relativeResultsDirectory="d64f7218-be25-423c-b28f-4beff8b39669" />
    <UnitTestResult executionId="aa8668cb-83d7-4af5-87b0-3707a10be642" testId="63b4a5cf-e936-6c2a-bc0b-7165e07175e9" testName="ResourceExtensionTests_IPV4AddressRange_Start" computerName="TFSBUILD11" duration="00:00:00.0000776" startTime="2015-09-28T09:43:50.6418924-07:00" endTime="2015-09-28T09:43:50.6418924-07:00" testType="13cdc9d9-ddb5-4fa4-a97d-d965ccfc6d4b" outcome="Passed" testListId="8c84fa94-04c1-424b-9868-57a2d4851a1d" relativeResultsDirectory="aa8668cb-83d7-4af5-87b0-3707a10be642" />
    <UnitTestResult executionId="3fcc23d4-bc1f-4254-b66c-7264a8d99522" testId="3b0d96a2-34f1-3a2d-8375-3bc147761e9f" testName="ResourceExtensionTests_IPV4AddressRange_End" computerName="TFSBUILD11" duration="00:00:00.0000750" startTime="2015-09-28T09:43:50.6418924-07:00" endTime="2015-09-28T09:43:50.6418924-07:00" testType="13cdc9d9-ddb5-4fa4-a97d-d965ccfc6d4b" outcome="Passed" testListId="8c84fa94-04c1-424b-9868-57a2d4851a1d" relativeResultsDirectory="3fcc23d4-bc1f-4254-b66c-7264a8d99522" />
    <UnitTestResult executionId="1bac9906-b565-477c-ba0c-be75449a5d5d" testId="b0d53186-7fd8-6b0e-c388-8930ffdfa6ea" testName="ResourceExtensionTests_IPV6AddressRange_In" computerName="TFSBUILD11" duration="00:00:00.0001046" startTime="2015-09-28T09:43:50.6418924-07:00" endTime="2015-09-28T09:43:50.6418924-07:00" testType="13cdc9d9-ddb5-4fa4-a97d-d965ccfc6d4b" outcome="Passed" testListId="8c84fa94-04c1-424b-9868-57a2d4851a1d" relativeResultsDirectory="1bac9906-b565-477c-ba0c-be75449a5d5d" />
    <UnitTestResult executionId="4212d09a-777d-4775-9a4e-5c157dcfe0a8" testId="b71c702d-b39b-1659-633f-71e59c7e09d0" testName="ResourceExtensionTests_IPV6AddressRange_Out" computerName="TFSBUILD11" duration="00:00:00.0005211" startTime="2015-09-28T09:43:50.6418924-07:00" endTime="2015-09-28T09:43:50.6418924-07:00" testType="13cdc9d9-ddb5-4fa4-a97d-d965ccfc6d4b" outcome="Passed" testListId="8c84fa94-04c1-424b-9868-57a2d4851a1d" relativeResultsDirectory="4212d09a-777d-4775-9a4e-5c157dcfe0a8" />
    <UnitTestResult executionId="9d0100aa-4850-4938-b92c-f981f29ff76e" testId="c2d13d1c-a1c5-7a28-85a9-556fbcd9496f" testName="ResourceExtensionTests_IPV6AddressRange_Start" computerName="TFSBUILD11" duration="00:00:00.0001203" startTime="2015-09-28T09:43:50.6418924-07:00" endTime="2015-09-28T09:43:50.6418924-07:00" testType="13cdc9d9-ddb5-4fa4-a97d-d965ccfc6d4b" outcome="Passed" testListId="8c84fa94-04c1-424b-9868-57a2d4851a1d" relativeResultsDirectory="9d0100aa-4850-4938-b92c-f981f29ff76e" />
    <UnitTestResult executionId="a8c33e35-ccdf-40d5-9e77-9f7d81ec1fe2" testId="4dffe376-e66e-2acd-6c59-9a096d32c760" testName="ResourceExtensionTests_IPV6AddressRange_End" computerName="TFSBUILD11" duration="00:00:00.0001396" startTime="2015-09-28T09:43:50.6418924-07:00" endTime="2015-09-28T09:43:50.6418924-07:00" testType="13cdc9d9-ddb5-4fa4-a97d-d965ccfc6d4b" outcome="Passed" testListId="8c84fa94-04c1-424b-9868-57a2d4851a1d" relativeResultsDirectory="a8c33e35-ccdf-40d5-9e77-9f7d81ec1fe2" />
    <UnitTestResult executionId="2fb151d3-7067-4f80-a39c-210e9c4e480d" testId="ace5473f-deb6-0c0a-4ac2-c31accce8a07" testName="ResourceUtilizationServiceTests_ServiceInterval" computerName="TFSBUILD11" duration="00:00:00.1786668" startTime="2015-09-28T09:43:50.6418924-07:00" endTime="2015-09-28T09:43:50.8137827-07:00" testType="13cdc9d9-ddb5-4fa4-a97d-d965ccfc6d4b" outcome="Passed" testListId="8c84fa94-04c1-424b-9868-57a2d4851a1d" relativeResultsDirectory="2fb151d3-7067-4f80-a39c-210e9c4e480d" />
    <UnitTestResult executionId="12f225c0-449d-44cd-9052-2bad338d1e3e" testId="0e8f6d97-bf53-d22b-650b-240bfc8c7641" testName="ResourceUtilizationServiceTests_ResourceInterval" computerName="TFSBUILD11" duration="00:00:00.0087287" startTime="2015-09-28T09:43:50.8137827-07:00" endTime="2015-09-28T09:43:50.8294094-07:00" testType="13cdc9d9-ddb5-4fa4-a97d-d965ccfc6d4b" outcome="Passed" testListId="8c84fa94-04c1-424b-9868-57a2d4851a1d" relativeResultsDirectory="12f225c0-449d-44cd-9052-2bad338d1e3e" />
    <UnitTestResult executionId="33b513ba-8c51-4539-9385-8eb954ff240f" testId="5091221f-3e0e-cf41-3455-2ab4c026629d" testName="ResourceUtilizationServiceTests_DefaultThreshold" computerName="TFSBUILD11" duration="00:00:00.0081968" startTime="2015-09-28T09:43:50.8294094-07:00" endTime="2015-09-28T09:43:50.8294094-07:00" testType="13cdc9d9-ddb5-4fa4-a97d-d965ccfc6d4b" outcome="Passed" testListId="8c84fa94-04c1-424b-9868-57a2d4851a1d" relativeResultsDirectory="33b513ba-8c51-4539-9385-8eb954ff240f" />
    <UnitTestResult executionId="a50dc3cd-3030-488e-afe8-5c4b9d29a348" testId="4f33a5cc-3a69-5b42-dc07-02c4b8c754c0" testName="ResourceUtilizationServiceTests_OverriddenThreshold" computerName="TFSBUILD11" duration="00:00:00.0091556" startTime="2015-09-28T09:43:50.8294094-07:00" endTime="2015-09-28T09:43:50.8450355-07:00" testType="13cdc9d9-ddb5-4fa4-a97d-d965ccfc6d4b" outcome="Passed" testListId="8c84fa94-04c1-424b-9868-57a2d4851a1d" relativeResultsDirectory="a50dc3cd-3030-488e-afe8-5c4b9d29a348" />
    <UnitTestResult executionId="e692ccdc-5ddd-4168-90ce-c73a0f9263a7" testId="af73583d-a40f-a63a-0e5d-d1e7fe681ea5" testName="ResourceUtilizationServiceTests_SpecificThreshold" computerName="TFSBUILD11" duration="00:00:00.0074359" startTime="2015-09-28T09:43:50.8450355-07:00" endTime="2015-09-28T09:43:50.8606613-07:00" testType="13cdc9d9-ddb5-4fa4-a97d-d965ccfc6d4b" outcome="Passed" testListId="8c84fa94-04c1-424b-9868-57a2d4851a1d" relativeResultsDirectory="e692ccdc-5ddd-4168-90ce-c73a0f9263a7" />
    <UnitTestResult executionId="9536187b-67ae-4cb5-b3a1-1bccce4bd206" testId="b1030b8d-a2fd-d47c-ce62-d21cdb6c960c" testName="ResourceUtilizationServiceTests_Whitelist" computerName="TFSBUILD11" duration="00:00:00.0144631" startTime="2015-09-28T09:43:50.8606613-07:00" endTime="2015-09-28T09:43:50.8606613-07:00" testType="13cdc9d9-ddb5-4fa4-a97d-d965ccfc6d4b" outcome="Passed" testListId="8c84fa94-04c1-424b-9868-57a2d4851a1d" relativeResultsDirectory="9536187b-67ae-4cb5-b3a1-1bccce4bd206" />
    <UnitTestResult executionId="166039e6-ea0c-402b-ac77-21f58bb70f23" testId="978a7d75-a081-7b33-b36e-87d2aabad5f1" testName="ResourceUtilizationServiceTests_GetTarpitDelay" computerName="TFSBUILD11" duration="00:00:00.0400656" startTime="2015-09-28T09:43:50.8606613-07:00" endTime="2015-09-28T09:43:50.9075365-07:00" testType="13cdc9d9-ddb5-4fa4-a97d-d965ccfc6d4b" outcome="Passed" testListId="8c84fa94-04c1-424b-9868-57a2d4851a1d" relativeResultsDirectory="166039e6-ea0c-402b-ac77-21f58bb70f23" />
    <UnitTestResult executionId="c81a7449-86c7-4f95-ac21-42f26f2196eb" testId="4e527c04-1067-f88f-7797-ac1b4d6ee04b" testName="ResourceUtilizationServiceTests_GetTarpitDelayWhileWhitelisted" computerName="TFSBUILD11" duration="00:00:00.0117256" startTime="2015-09-28T09:43:50.9075365-07:00" endTime="2015-09-28T09:43:50.9231635-07:00" testType="13cdc9d9-ddb5-4fa4-a97d-d965ccfc6d4b" outcome="Passed" testListId="8c84fa94-04c1-424b-9868-57a2d4851a1d" relativeResultsDirectory="c81a7449-86c7-4f95-ac21-42f26f2196eb" />
    <UnitTestResult executionId="636ec336-8144-403d-92ef-61b969bac604" testId="bfda1256-050d-ad41-5990-8795e96c1dc5" testName="ResourceUtilizationServiceTests_IncrementResources" computerName="TFSBUILD11" duration="00:00:00.0231426" startTime="2015-09-28T09:43:50.9231635-07:00" endTime="2015-09-28T09:43:50.9387896-07:00" testType="13cdc9d9-ddb5-4fa4-a97d-d965ccfc6d4b" outcome="Passed" testListId="8c84fa94-04c1-424b-9868-57a2d4851a1d" relativeResultsDirectory="636ec336-8144-403d-92ef-61b969bac604" />
    <UnitTestResult executionId="b94b4b27-3b90-444b-b0a8-03ca4b6d99cd" testId="e9679376-531a-7930-02cf-97a929f004c6" testName="ResourceUtilizationServiceTests_DecrementResources" computerName="TFSBUILD11" duration="00:00:00.0098841" startTime="2015-09-28T09:43:50.9387896-07:00" endTime="2015-09-28T09:43:50.9544152-07:00" testType="13cdc9d9-ddb5-4fa4-a97d-d965ccfc6d4b" outcome="Passed" testListId="8c84fa94-04c1-424b-9868-57a2d4851a1d" relativeResultsDirectory="b94b4b27-3b90-444b-b0a8-03ca4b6d99cd" />
    <UnitTestResult executionId="5196201b-2f01-40c4-a153-3ea9b5dcb27e" testId="744bd042-6a27-ae5b-7452-0762aea5525f" testName="ResourceUtilizationServiceTests_IncrementResourcesWhileWhitelisted" computerName="TFSBUILD11" duration="00:00:00.0072157" startTime="2015-09-28T09:43:50.9544152-07:00" endTime="2015-09-28T09:43:50.9544152-07:00" testType="13cdc9d9-ddb5-4fa4-a97d-d965ccfc6d4b" outcome="Passed" testListId="8c84fa94-04c1-424b-9868-57a2d4851a1d" relativeResultsDirectory="5196201b-2f01-40c4-a153-3ea9b5dcb27e" />
    <UnitTestResult executionId="b9faaf8d-8a10-48d8-8e36-349ce462e995" testId="c7cbe6fd-d4ad-c827-0d9a-82fff8afc7f0" testName="ResourceUtilizationServiceTests_CheckResourceStates" computerName="TFSBUILD11" duration="00:00:00.0098007" startTime="2015-09-28T09:43:50.9544152-07:00" endTime="2015-09-28T09:43:50.9700410-07:00" testType="13cdc9d9-ddb5-4fa4-a97d-d965ccfc6d4b" outcome="Passed" testListId="8c84fa94-04c1-424b-9868-57a2d4851a1d" relativeResultsDirectory="b9faaf8d-8a10-48d8-8e36-349ce462e995" />
    <UnitTestResult executionId="7aeb79cc-bb57-4812-bebd-ec124a0d0c99" testId="57c627ba-527d-8eaf-37b1-79bce0e357d5" testName="ResourceUtilizationServiceTests_CheckResourceStatesWhileWhitelisted" computerName="TFSBUILD11" duration="00:00:00.0069281" startTime="2015-09-28T09:43:50.9700410-07:00" endTime="2015-09-28T09:43:50.9856671-07:00" testType="13cdc9d9-ddb5-4fa4-a97d-d965ccfc6d4b" outcome="Passed" testListId="8c84fa94-04c1-424b-9868-57a2d4851a1d" relativeResultsDirectory="7aeb79cc-bb57-4812-bebd-ec124a0d0c99" />
    <UnitTestResult executionId="f31587d3-9fa1-4f4c-b506-63f296d452d2" testId="335f1349-a1e6-ab4f-7197-7f860586d663" testName="ResourceUtilizationServiceTests_ScheduleIncrementPreMethodResourcesTask" computerName="TFSBUILD11" duration="00:00:00.0090345" startTime="2015-09-28T09:43:50.9856671-07:00" endTime="2015-09-28T09:43:50.9856671-07:00" testType="13cdc9d9-ddb5-4fa4-a97d-d965ccfc6d4b" outcome="Passed" testListId="8c84fa94-04c1-424b-9868-57a2d4851a1d" relativeResultsDirectory="f31587d3-9fa1-4f4c-b506-63f296d452d2" />
    <UnitTestResult executionId="a62fd2c6-dd77-4990-a8fe-91268147b164" testId="add9269e-cd8b-6abc-f8a2-6b670cf6876c" testName="ResourceUtilizationServiceTests_ScheduleIncrementPostMethodResourcesTask" computerName="TFSBUILD11" duration="00:00:00.0700667" startTime="2015-09-28T09:43:50.9856671-07:00" endTime="2015-09-28T09:43:51.0637982-07:00" testType="13cdc9d9-ddb5-4fa4-a97d-d965ccfc6d4b" outcome="Passed" testListId="8c84fa94-04c1-424b-9868-57a2d4851a1d" relativeResultsDirectory="a62fd2c6-dd77-4990-a8fe-91268147b164" />
    <UnitTestResult executionId="fd36ce4e-fdde-4fff-a953-64bdce3cabf6" testId="68810a5a-8adc-07a0-e370-f9f81928b79a" testName="ResourceUtilizationServiceTests_ScheduleIncrementResourcesTaskWhileWhitelisted" computerName="TFSBUILD11" duration="00:00:00.0076313" startTime="2015-09-28T09:43:51.0637982-07:00" endTime="2015-09-28T09:43:51.0637982-07:00" testType="13cdc9d9-ddb5-4fa4-a97d-d965ccfc6d4b" outcome="Passed" testListId="8c84fa94-04c1-424b-9868-57a2d4851a1d" relativeResultsDirectory="fd36ce4e-fdde-4fff-a953-64bdce3cabf6" />
    <UnitTestResult executionId="c4468c2a-c322-4c85-8267-11f413de0eef" testId="27313b57-5966-990a-0032-0af3295e7742" testName="ResourceUtilizationServiceTests_UpdateResourceStateOnIncrement" computerName="TFSBUILD11" duration="00:00:00.0064298" startTime="2015-09-28T09:43:51.0637982-07:00" endTime="2015-09-28T09:43:51.0794258-07:00" testType="13cdc9d9-ddb5-4fa4-a97d-d965ccfc6d4b" outcome="Passed" testListId="8c84fa94-04c1-424b-9868-57a2d4851a1d" relativeResultsDirectory="c4468c2a-c322-4c85-8267-11f413de0eef" />
    <UnitTestResult executionId="9cef5715-638f-4699-8240-a8f743491c5f" testId="42fb91ae-b616-4e6b-d23f-4f6f31c49e7f" testName="ResourceUtilizationServiceTests_UpdateResourceStateOnChange" computerName="TFSBUILD11" duration="00:00:00.0066076" startTime="2015-09-28T09:43:51.0794258-07:00" endTime="2015-09-28T09:43:51.0794258-07:00" testType="13cdc9d9-ddb5-4fa4-a97d-d965ccfc6d4b" outcome="Passed" testListId="8c84fa94-04c1-424b-9868-57a2d4851a1d" relativeResultsDirectory="9cef5715-638f-4699-8240-a8f743491c5f" />
    <UnitTestResult executionId="5d2b6048-a4d1-4661-9b27-cd50390eef23" testId="8ede5ba8-ad2e-b676-d428-888c133113c5" testName="MessageBusSubscriberJobExtensionTests_BasicTest" computerName="TFSBUILD11" duration="00:00:00.0856471" startTime="2015-09-28T09:43:51.0794258-07:00" endTime="2015-09-28T09:43:51.1731833-07:00" testType="13cdc9d9-ddb5-4fa4-a97d-d965ccfc6d4b" outcome="Passed" testListId="8c84fa94-04c1-424b-9868-57a2d4851a1d" relativeResultsDirectory="5d2b6048-a4d1-4661-9b27-cd50390eef23" />
    <UnitTestResult executionId="38578567-3af9-4a93-b1c1-568aa79b68e8" testId="5412991d-03ac-0439-18c6-4b0f0ae6ee8e" testName="MessageBusSubscriberJobExtensionTests_GoodBadTest" computerName="TFSBUILD11" duration="00:00:00.0056140" startTime="2015-09-28T09:43:51.1731833-07:00" endTime="2015-09-28T09:43:51.1731833-07:00" testType="13cdc9d9-ddb5-4fa4-a97d-d965ccfc6d4b" outcome="Passed" testListId="8c84fa94-04c1-424b-9868-57a2d4851a1d" relativeResultsDirectory="38578567-3af9-4a93-b1c1-568aa79b68e8" />
    <UnitTestResult executionId="1b139d46-82b6-4905-b502-1585fa13ea64" testId="b5e6fc1b-1d06-f2ae-9587-b8600edccccb" testName="ServiceBusCredentialsNoValue" computerName="TFSBUILD11" duration="00:00:00.0002207" startTime="2015-09-28T09:43:51.1731833-07:00" endTime="2015-09-28T09:43:51.1731833-07:00" testType="13cdc9d9-ddb5-4fa4-a97d-d965ccfc6d4b" outcome="Passed" testListId="8c84fa94-04c1-424b-9868-57a2d4851a1d" relativeResultsDirectory="1b139d46-82b6-4905-b502-1585fa13ea64" />
    <UnitTestResult executionId="5f55f4ef-b151-48c4-9aa1-01fe26d73de0" testId="8ebd7fc2-656a-196f-54a6-037341d668d3" testName="ServiceBusCredentialsBadValueFlaggedAsNoValue" computerName="TFSBUILD11" duration="00:00:00.0003529" startTime="2015-09-28T09:43:51.1731833-07:00" endTime="2015-09-28T09:43:51.1731833-07:00" testType="13cdc9d9-ddb5-4fa4-a97d-d965ccfc6d4b" outcome="Passed" testListId="8c84fa94-04c1-424b-9868-57a2d4851a1d" relativeResultsDirectory="5f55f4ef-b151-48c4-9aa1-01fe26d73de0" />
    <UnitTestResult executionId="dbf2eae2-3aaa-47e0-8162-db8e65832abf" testId="d3e388a3-8fcd-c026-f98a-5282e4d68c27" testName="ServiceBusCredentialsTestWithoutFallBackPresent" computerName="TFSBUILD11" duration="00:00:00.0633937" startTime="2015-09-28T09:43:51.1731833-07:00" endTime="2015-09-28T09:43:51.2513135-07:00" testType="13cdc9d9-ddb5-4fa4-a97d-d965ccfc6d4b" outcome="Passed" testListId="8c84fa94-04c1-424b-9868-57a2d4851a1d" relativeResultsDirectory="dbf2eae2-3aaa-47e0-8162-db8e65832abf" />
    <UnitTestResult executionId="f190eac7-4ff1-4d70-b9f2-c49c1c583a7f" testId="6870a974-0a65-40f4-c0cf-f1a7f6c9de68" testName="ServiceBusCredentialsDefaultsToSAS" computerName="TFSBUILD11" duration="00:00:00.0001351" startTime="2015-09-28T09:43:51.2513135-07:00" endTime="2015-09-28T09:43:51.2513135-07:00" testType="13cdc9d9-ddb5-4fa4-a97d-d965ccfc6d4b" outcome="Passed" testListId="8c84fa94-04c1-424b-9868-57a2d4851a1d" relativeResultsDirectory="f190eac7-4ff1-4d70-b9f2-c49c1c583a7f" />
    <UnitTestResult executionId="bfda2ea7-052c-445e-a751-4fcdc34e98e0" testId="f9b51599-d193-9a90-33ec-1e2c68fabaeb" testName="ServiceBusCredentialsFallBackToACS" computerName="TFSBUILD11" duration="00:00:00.0005887" startTime="2015-09-28T09:43:51.2513135-07:00" endTime="2015-09-28T09:43:51.2513135-07:00" testType="13cdc9d9-ddb5-4fa4-a97d-d965ccfc6d4b" outcome="Passed" testListId="8c84fa94-04c1-424b-9868-57a2d4851a1d" relativeResultsDirectory="bfda2ea7-052c-445e-a751-4fcdc34e98e0" />
    <UnitTestResult executionId="49467fda-f3ec-40a9-bb38-ab0f335cf488" testId="4ca21d14-eb44-f079-11a5-2a56076436bc" testName="ExecuteTableOperationTestFailCBAndCheckForFallback" computerName="TFSBUILD11" duration="00:00:00.0866504" startTime="2015-09-28T09:43:51.2513135-07:00" endTime="2015-09-28T09:43:51.3294464-07:00" testType="13cdc9d9-ddb5-4fa4-a97d-d965ccfc6d4b" outcome="Passed" testListId="8c84fa94-04c1-424b-9868-57a2d4851a1d" relativeResultsDirectory="49467fda-f3ec-40a9-bb38-ab0f335cf488" />
    <UnitTestResult executionId="843a373f-efe1-4df1-905d-d1c43135beb0" testId="943fea02-d051-66d7-37b5-7c21b3630b2f" testName="ExecuteTableQueryTestFailCBAndCheckForFallback" computerName="TFSBUILD11" duration="00:00:00.0142275" startTime="2015-09-28T09:43:51.3294464-07:00" endTime="2015-09-28T09:43:51.3450716-07:00" testType="13cdc9d9-ddb5-4fa4-a97d-d965ccfc6d4b" outcome="Passed" testListId="8c84fa94-04c1-424b-9868-57a2d4851a1d" relativeResultsDirectory="843a373f-efe1-4df1-905d-d1c43135beb0" />
    <UnitTestResult executionId="132ebc84-ca13-48bf-9285-08b60f3d16f8" testId="c9687d44-ef7f-22b9-bcf0-016902a51d98" testName="ExecuteTableQuerySegmentedTestFailCBAndCheckForFallback" computerName="TFSBUILD11" duration="00:00:00.0143254" startTime="2015-09-28T09:43:51.3450716-07:00" endTime="2015-09-28T09:43:51.3606972-07:00" testType="13cdc9d9-ddb5-4fa4-a97d-d965ccfc6d4b" outcome="Passed" testListId="8c84fa94-04c1-424b-9868-57a2d4851a1d" relativeResultsDirectory="132ebc84-ca13-48bf-9285-08b60f3d16f8" />
    <UnitTestResult executionId="8f6ae1a5-b59e-41c9-a3e3-c0e07f92cc26" testId="b2fa13f0-9b31-3abe-ae3a-beaef8994004" testName="AadVirtualScope_DeploymentLevel" computerName="TFSBUILD11" duration="00:00:00.0132496" startTime="2015-09-28T09:43:51.3606972-07:00" endTime="2015-09-28T09:43:51.3763239-07:00" testType="13cdc9d9-ddb5-4fa4-a97d-d965ccfc6d4b" outcome="Passed" testListId="8c84fa94-04c1-424b-9868-57a2d4851a1d" relativeResultsDirectory="8f6ae1a5-b59e-41c9-a3e3-c0e07f92cc26" />
    <UnitTestResult executionId="01d28d2e-c534-44a1-bfe6-fe27fd323cfb" testId="41e7e493-e583-4a52-e5d2-6ac0ac85030e" testName="AadVirtualScope_UnknownList" computerName="TFSBUILD11" duration="00:00:00.0061354" startTime="2015-09-28T09:43:51.3763239-07:00" endTime="2015-09-28T09:43:51.3763239-07:00" testType="13cdc9d9-ddb5-4fa4-a97d-d965ccfc6d4b" outcome="Passed" testListId="8c84fa94-04c1-424b-9868-57a2d4851a1d" relativeResultsDirectory="01d28d2e-c534-44a1-bfe6-fe27fd323cfb" />
    <UnitTestResult executionId="53ad0986-723a-405f-9a5b-523cff2878f2" testId="245e703a-ee62-7a16-2dc6-1bd011e743cc" testName="AadVirtualScope_UnknownListWithDuplicates" computerName="TFSBUILD11" duration="00:00:00.0056900" startTime="2015-09-28T09:43:51.3763239-07:00" endTime="2015-09-28T09:43:51.3919500-07:00" testType="13cdc9d9-ddb5-4fa4-a97d-d965ccfc6d4b" outcome="Passed" testListId="8c84fa94-04c1-424b-9868-57a2d4851a1d" relativeResultsDirectory="53ad0986-723a-405f-9a5b-523cff2878f2" />
    <UnitTestResult executionId="df5e90c6-8af5-4f81-8064-3d6b98fca4f3" testId="758ebca3-1380-15f3-78c9-d85d0fd183fe" testName="AadVirtualScope_UserList" computerName="TFSBUILD11" duration="00:00:00.0266768" startTime="2015-09-28T09:43:51.3919500-07:00" endTime="2015-09-28T09:43:51.4075761-07:00" testType="13cdc9d9-ddb5-4fa4-a97d-d965ccfc6d4b" outcome="Passed" testListId="8c84fa94-04c1-424b-9868-57a2d4851a1d" relativeResultsDirectory="df5e90c6-8af5-4f81-8064-3d6b98fca4f3" />
    <UnitTestResult executionId="18dee6ee-80b9-43df-ab0b-93e949e51448" testId="a865c917-a260-020c-2cce-a568390ffb7b" testName="AadVirtualScope_GroupList" computerName="TFSBUILD11" duration="00:00:00.0246169" startTime="2015-09-28T09:43:51.4075761-07:00" endTime="2015-09-28T09:43:51.4388283-07:00" testType="13cdc9d9-ddb5-4fa4-a97d-d965ccfc6d4b" outcome="Passed" testListId="8c84fa94-04c1-424b-9868-57a2d4851a1d" relativeResultsDirectory="18dee6ee-80b9-43df-ab0b-93e949e51448" />
    <UnitTestResult executionId="15365c49-f1cc-4ad8-a43b-120654556454" testId="0f63e64b-71b6-f034-ba2c-82f9768396f0" testName="AadService_GetAncestorIds" computerName="TFSBUILD11" duration="00:00:00.2107857" startTime="2015-09-28T09:43:51.4388283-07:00" endTime="2015-09-28T09:43:51.6575927-07:00" testType="13cdc9d9-ddb5-4fa4-a97d-d965ccfc6d4b" outcome="Passed" testListId="8c84fa94-04c1-424b-9868-57a2d4851a1d" relativeResultsDirectory="15365c49-f1cc-4ad8-a43b-120654556454" />
    <UnitTestResult executionId="03bf8f00-0e17-4ae1-ad3d-5611ac7cd2df" testId="87734bd1-7453-5643-060a-be8e8bd1072a" testName="AadService_GetDescendantIds_ExpandAll" computerName="TFSBUILD11" duration="00:00:00.0409038" startTime="2015-09-28T09:43:51.6575927-07:00" endTime="2015-09-28T09:43:51.6888444-07:00" testType="13cdc9d9-ddb5-4fa4-a97d-d965ccfc6d4b" outcome="Passed" testListId="8c84fa94-04c1-424b-9868-57a2d4851a1d" relativeResultsDirectory="03bf8f00-0e17-4ae1-ad3d-5611ac7cd2df" />
    <UnitTestResult executionId="9e26774c-6d5b-4d7b-bf0c-fd969ae241c7" testId="a8421760-a267-e87c-d835-c564dffc986a" testName="AadService_GetDescendantIds_ExpandAll_MaxResultsFromRegistryUsed" computerName="TFSBUILD11" duration="00:00:00.0220094" startTime="2015-09-28T09:43:51.6888444-07:00" endTime="2015-09-28T09:43:51.7200952-07:00" testType="13cdc9d9-ddb5-4fa4-a97d-d965ccfc6d4b" outcome="Passed" testListId="8c84fa94-04c1-424b-9868-57a2d4851a1d" relativeResultsDirectory="9e26774c-6d5b-4d7b-bf0c-fd969ae241c7" />
    <UnitTestResult executionId="c991738d-9710-4ced-9b34-23e035c73c01" testId="60d58d89-b494-7144-6ef9-cbf7dd98d0f6" testName="AadService_GetDescendantIds_ExpandAll_MaxResultsFromRequestUsed" computerName="TFSBUILD11" duration="00:00:00.0180018" startTime="2015-09-28T09:43:51.7200952-07:00" endTime="2015-09-28T09:43:51.7357207-07:00" testType="13cdc9d9-ddb5-4fa4-a97d-d965ccfc6d4b" outcome="Passed" testListId="8c84fa94-04c1-424b-9868-57a2d4851a1d" relativeResultsDirectory="c991738d-9710-4ced-9b34-23e035c73c01" />
    <UnitTestResult executionId="3a962fdc-481a-4bec-be3b-e766c95eb119" testId="ad4cb1b5-188f-d702-c256-0af346e6465c" testName="AadService_GetDescendantIds_ExpandAll_MaxResultsBehaviorFromRegistryUsed" computerName="TFSBUILD11" duration="00:00:00.0178252" startTime="2015-09-28T09:43:51.7357207-07:00" endTime="2015-09-28T09:43:51.7513474-07:00" testType="13cdc9d9-ddb5-4fa4-a97d-d965ccfc6d4b" outcome="Passed" testListId="8c84fa94-04c1-424b-9868-57a2d4851a1d" relativeResultsDirectory="3a962fdc-481a-4bec-be3b-e766c95eb119" />
    <UnitTestResult executionId="b96f886e-eff4-40c9-aa6e-2c0847d83399" testId="1f070e2c-2687-abc9-93c4-3687af0c0306" testName="AadService_GetDescendantIds_ExpandAll_MaxResultsBehaviorFromRequestUsed" computerName="TFSBUILD11" duration="00:00:00.0240195" startTime="2015-09-28T09:43:51.7513474-07:00" endTime="2015-09-28T09:43:51.7669755-07:00" testType="13cdc9d9-ddb5-4fa4-a97d-d965ccfc6d4b" outcome="Passed" testListId="8c84fa94-04c1-424b-9868-57a2d4851a1d" relativeResultsDirectory="b96f886e-eff4-40c9-aa6e-2c0847d83399" />
    <UnitTestResult executionId="f304669b-a80c-4775-b76a-82e7ece9c898" testId="1ab8e3c3-eb02-30cd-c421-1fb25f8a28a1" testName="AadService_GetAncestors_WithMsaUser" computerName="TFSBUILD11" duration="00:00:00.0179822" startTime="2015-09-28T09:43:51.7669755-07:00" endTime="2015-09-28T09:43:51.7982294-07:00" testType="13cdc9d9-ddb5-4fa4-a97d-d965ccfc6d4b" outcome="Passed" testListId="8c84fa94-04c1-424b-9868-57a2d4851a1d" relativeResultsDirectory="f304669b-a80c-4775-b76a-82e7ece9c898" />
    <UnitTestResult executionId="4fe707a0-cb96-4ca0-afff-98b6b649e2bc" testId="ecfa2a7b-694d-ecd4-60f3-9b678d1a17a1" testName="AadService_GetAncestors_WithAadUser" computerName="TFSBUILD11" duration="00:00:00.0204466" startTime="2015-09-28T09:43:51.7982294-07:00" endTime="2015-09-28T09:43:51.8138547-07:00" testType="13cdc9d9-ddb5-4fa4-a97d-d965ccfc6d4b" outcome="Passed" testListId="8c84fa94-04c1-424b-9868-57a2d4851a1d" relativeResultsDirectory="4fe707a0-cb96-4ca0-afff-98b6b649e2bc" />
    <UnitTestResult executionId="28346658-4cf2-4729-b819-0bb4d877684e" testId="3ef14c79-7cfb-06da-3d2f-cdf0bbabcd5d" testName="AadService_GetDescendants_WithVsoGroup" computerName="TFSBUILD11" duration="00:00:00.0192298" startTime="2015-09-28T09:43:51.8138547-07:00" endTime="2015-09-28T09:43:51.8294797-07:00" testType="13cdc9d9-ddb5-4fa4-a97d-d965ccfc6d4b" outcome="Passed" testListId="8c84fa94-04c1-424b-9868-57a2d4851a1d" relativeResultsDirectory="28346658-4cf2-4729-b819-0bb4d877684e" />
    <UnitTestResult executionId="5cfb6eee-a7bc-49a7-a548-14f6f5af69d5" testId="147b8cdd-0be9-fd46-0b42-0e241503fbb5" testName="AadService_GetDescendants_WithAadGroup" computerName="TFSBUILD11" duration="00:00:00.0398704" startTime="2015-09-28T09:43:51.8294797-07:00" endTime="2015-09-28T09:43:51.8763557-07:00" testType="13cdc9d9-ddb5-4fa4-a97d-d965ccfc6d4b" outcome="Passed" testListId="8c84fa94-04c1-424b-9868-57a2d4851a1d" relativeResultsDirectory="5cfb6eee-a7bc-49a7-a548-14f6f5af69d5" />
    <UnitTestResult executionId="fd9155ab-c41b-4751-b955-f15890e950a3" testId="f72ea436-dd89-9e95-52a7-a5bbc16fa459" testName="AadService_GetTenants_WithLiveId_NoGuestTenantFound" computerName="TFSBUILD11" duration="00:00:00.0437030" startTime="2015-09-28T09:43:51.8763557-07:00" endTime="2015-09-28T09:43:51.9232343-07:00" testType="13cdc9d9-ddb5-4fa4-a97d-d965ccfc6d4b" outcome="Passed" testListId="8c84fa94-04c1-424b-9868-57a2d4851a1d" relativeResultsDirectory="fd9155ab-c41b-4751-b955-f15890e950a3" />
    <UnitTestResult executionId="77b97d61-66f3-401b-85dd-781c38d376a4" testId="d0902af0-b6c2-b833-80a6-84ff80351451" testName="AadService_GetTenants_WithLiveId_OneGuestTenantFound" computerName="TFSBUILD11" duration="00:00:00.0429612" startTime="2015-09-28T09:43:51.9232343-07:00" endTime="2015-09-28T09:43:51.9544868-07:00" testType="13cdc9d9-ddb5-4fa4-a97d-d965ccfc6d4b" outcome="Passed" testListId="8c84fa94-04c1-424b-9868-57a2d4851a1d" relativeResultsDirectory="77b97d61-66f3-401b-85dd-781c38d376a4" />
    <UnitTestResult executionId="8b4d54ef-9074-415a-ba56-493aa09d7c90" testId="ea5d371b-7936-b90a-a0db-b940c1a565f8" testName="AadService_GetTenants_WithOrgId_HomeTenantFound" computerName="TFSBUILD11" duration="00:00:00.0410267" startTime="2015-09-28T09:43:51.9544868-07:00" endTime="2015-09-28T09:43:52.0013652-07:00" testType="13cdc9d9-ddb5-4fa4-a97d-d965ccfc6d4b" outcome="Passed" testListId="8c84fa94-04c1-424b-9868-57a2d4851a1d" relativeResultsDirectory="8b4d54ef-9074-415a-ba56-493aa09d7c90" />
    <UnitTestResult executionId="709ee683-60d3-4e77-8964-3215aa39f21e" testId="14a0d3ab-aead-6420-fb99-75c0c0e21168" testName="AadService_GetTenants_WithOrgId_HomeTenantAndGuestTenantFound" computerName="TFSBUILD11" duration="00:00:00.0299948" startTime="2015-09-28T09:43:52.0013652-07:00" endTime="2015-09-28T09:43:52.0326165-07:00" testType="13cdc9d9-ddb5-4fa4-a97d-d965ccfc6d4b" outcome="Passed" testListId="8c84fa94-04c1-424b-9868-57a2d4851a1d" relativeResultsDirectory="709ee683-60d3-4e77-8964-3215aa39f21e" />
    <UnitTestResult executionId="67498993-baf0-42f6-88c6-3235a723255b" testId="d50f8cbb-381f-bd6a-be9b-19e6c59425b0" testName="AadService_GetTenant_TenantNotFound" computerName="TFSBUILD11" duration="00:00:00.0266316" startTime="2015-09-28T09:43:52.0326165-07:00" endTime="2015-09-28T09:43:52.0638693-07:00" testType="13cdc9d9-ddb5-4fa4-a97d-d965ccfc6d4b" outcome="Passed" testListId="8c84fa94-04c1-424b-9868-57a2d4851a1d" relativeResultsDirectory="67498993-baf0-42f6-88c6-3235a723255b" />
    <UnitTestResult executionId="2bce1bd0-c107-406b-970e-b992d79399e7" testId="ba79429a-5e10-2877-c436-dd046b65c757" testName="AadService_GetTenant_TenantFound" computerName="TFSBUILD11" duration="00:00:00.0250074" startTime="2015-09-28T09:43:52.0638693-07:00" endTime="2015-09-28T09:43:52.0794952-07:00" testType="13cdc9d9-ddb5-4fa4-a97d-d965ccfc6d4b" outcome="Passed" testListId="8c84fa94-04c1-424b-9868-57a2d4851a1d" relativeResultsDirectory="2bce1bd0-c107-406b-970e-b992d79399e7" />
    <UnitTestResult executionId="7bd909c2-0048-4df5-bdc3-5b1c6f810b68" testId="eebc404b-12b3-4fe5-a9d1-064f87e6d76c" testName="AadService_GetUserThumbnail_Throws_IfEmptyGuidIdentifier" computerName="TFSBUILD11" duration="00:00:00.0200689" startTime="2015-09-28T09:43:52.0794952-07:00" endTime="2015-09-28T09:43:52.1107479-07:00" testType="13cdc9d9-ddb5-4fa4-a97d-d965ccfc6d4b" outcome="Passed" testListId="8c84fa94-04c1-424b-9868-57a2d4851a1d" relativeResultsDirectory="7bd909c2-0048-4df5-bdc3-5b1c6f810b68" />
    <UnitTestResult executionId="8188dcb6-46f8-4bdc-b29c-64950a2ab185" testId="d1538a79-e97f-2008-abbd-b406bcade017" testName="AadGraphClient_GetAncestorIds_NoAncestorsFound" computerName="TFSBUILD11" duration="00:00:00.0176648" startTime="2015-09-28T09:43:52.1107479-07:00" endTime="2015-09-28T09:43:52.1263746-07:00" testType="13cdc9d9-ddb5-4fa4-a97d-d965ccfc6d4b" outcome="Passed" testListId="8c84fa94-04c1-424b-9868-57a2d4851a1d" relativeResultsDirectory="8188dcb6-46f8-4bdc-b29c-64950a2ab185" />
    <UnitTestResult executionId="a745bcfd-93b3-4609-803f-b6b06450db38" testId="fd7bb329-52b5-87a8-99b9-fa3dceb44eb6" testName="AadGraphClient_GetAncestorIds_MultipleAncestorsFound" computerName="TFSBUILD11" duration="00:00:00.0105949" startTime="2015-09-28T09:43:52.1263746-07:00" endTime="2015-09-28T09:43:52.1263746-07:00" testType="13cdc9d9-ddb5-4fa4-a97d-d965ccfc6d4b" outcome="Passed" testListId="8c84fa94-04c1-424b-9868-57a2d4851a1d" relativeResultsDirectory="a745bcfd-93b3-4609-803f-b6b06450db38" />
    <UnitTestResult executionId="70775b2a-64cf-48f9-af77-9644449a2ae5" testId="747f314e-9dc2-d341-2e93-b7e7cba6c82d" testName="AadGraphClient_GetAncestors_ObjectNotFound" computerName="TFSBUILD11" duration="00:00:00.0215682" startTime="2015-09-28T09:43:52.1263746-07:00" endTime="2015-09-28T09:43:52.1576271-07:00" testType="13cdc9d9-ddb5-4fa4-a97d-d965ccfc6d4b" outcome="Passed" testListId="8c84fa94-04c1-424b-9868-57a2d4851a1d" relativeResultsDirectory="70775b2a-64cf-48f9-af77-9644449a2ae5" />
    <UnitTestResult executionId="88053ec9-d44c-47b9-9228-1975640b30eb" testId="a8d04625-5537-2ee2-6e78-854761edde6c" testName="AadGraphClient_GetAncestors_NoAncestorsFound" computerName="TFSBUILD11" duration="00:00:00.0137079" startTime="2015-09-28T09:43:52.1576271-07:00" endTime="2015-09-28T09:43:52.1732521-07:00" testType="13cdc9d9-ddb5-4fa4-a97d-d965ccfc6d4b" outcome="Passed" testListId="8c84fa94-04c1-424b-9868-57a2d4851a1d" relativeResultsDirectory="88053ec9-d44c-47b9-9228-1975640b30eb" />
    <UnitTestResult executionId="cfaa9acb-a66f-43c0-bf30-f22dcd5393f5" testId="1f9077ca-b645-90c9-b2b6-0fb1f438c598" testName="AadGraphClient_GetAncestors_MultipleAncestorsFound" computerName="TFSBUILD11" duration="00:00:00.0246627" startTime="2015-09-28T09:43:52.1732521-07:00" endTime="2015-09-28T09:43:52.1888779-07:00" testType="13cdc9d9-ddb5-4fa4-a97d-d965ccfc6d4b" outcome="Passed" testListId="8c84fa94-04c1-424b-9868-57a2d4851a1d" relativeResultsDirectory="cfaa9acb-a66f-43c0-bf30-f22dcd5393f5" />
    <UnitTestResult executionId="e7e41bdf-6d80-442f-b21a-fb14bdf2d785" testId="994dee68-cc00-9042-ea99-a1b29e70f5be" testName="AadGraphClient_GetDescendants_ExpandDirect_ObjectNotFound" computerName="TFSBUILD11" duration="00:00:00.0118596" startTime="2015-09-28T09:43:52.1888779-07:00" endTime="2015-09-28T09:43:52.2045038-07:00" testType="13cdc9d9-ddb5-4fa4-a97d-d965ccfc6d4b" outcome="Passed" testListId="8c84fa94-04c1-424b-9868-57a2d4851a1d" relativeResultsDirectory="e7e41bdf-6d80-442f-b21a-fb14bdf2d785" />
    <UnitTestResult executionId="2d3e774f-f341-425b-822f-c1bec34ee914" testId="c97bcd32-91da-0516-efd1-2fac147d7a7d" testName="AadGraphClient_GetDescendants_ExpandDirect_NoDescendantsFound" computerName="TFSBUILD11" duration="00:00:00.0080887" startTime="2015-09-28T09:43:52.2045038-07:00" endTime="2015-09-28T09:43:52.2201339-07:00" testType="13cdc9d9-ddb5-4fa4-a97d-d965ccfc6d4b" outcome="Passed" testListId="8c84fa94-04c1-424b-9868-57a2d4851a1d" relativeResultsDirectory="2d3e774f-f341-425b-822f-c1bec34ee914" />
    <UnitTestResult executionId="c372ab26-b6e2-424b-aafb-3ffe4d557157" testId="b5db8638-46eb-7c65-3291-07ce8d1d7ebc" testName="AadGraphClient_GetDescendants_ExpandDirect_MultipleDescendantsFound" computerName="TFSBUILD11" duration="00:00:00.0078668" startTime="2015-09-28T09:43:52.2201339-07:00" endTime="2015-09-28T09:43:52.2201339-07:00" testType="13cdc9d9-ddb5-4fa4-a97d-d965ccfc6d4b" outcome="Passed" testListId="8c84fa94-04c1-424b-9868-57a2d4851a1d" relativeResultsDirectory="c372ab26-b6e2-424b-aafb-3ffe4d557157" />
    <UnitTestResult executionId="99260dfd-e012-46ce-8d0a-53b4499c066d" testId="48775dc4-529b-82c6-3597-33658cd25805" testName="AadGraphClient_GetDescendants_ExpandDirect_UsesPagingOptions" computerName="TFSBUILD11" duration="00:00:00.0094623" startTime="2015-09-28T09:43:52.2201339-07:00" endTime="2015-09-28T09:43:52.2357591-07:00" testType="13cdc9d9-ddb5-4fa4-a97d-d965ccfc6d4b" outcome="Passed" testListId="8c84fa94-04c1-424b-9868-57a2d4851a1d" relativeResultsDirectory="99260dfd-e012-46ce-8d0a-53b4499c066d" />
    <UnitTestResult executionId="ea17100a-f32a-4d85-bcd9-c2a0c6fc5318" testId="f251500f-6eb6-97e6-6f60-b0b2cbad10bb" testName="AadGraphClient_GetDescendants_ExpandAll_ObjectNotFound" computerName="TFSBUILD11" duration="00:00:00.0099797" startTime="2015-09-28T09:43:52.2357591-07:00" endTime="2015-09-28T09:43:52.2357591-07:00" testType="13cdc9d9-ddb5-4fa4-a97d-d965ccfc6d4b" outcome="Passed" testListId="8c84fa94-04c1-424b-9868-57a2d4851a1d" relativeResultsDirectory="ea17100a-f32a-4d85-bcd9-c2a0c6fc5318" />
    <UnitTestResult executionId="0d4db5cb-ea7f-4c4f-b642-29d20c697ecb" testId="c90b4101-5675-1fdd-0021-f5bb1b4e3365" testName="AadGraphClient_GetDescendants_ExpandAll_NoDescendantsFound" computerName="TFSBUILD11" duration="00:00:00.0102991" startTime="2015-09-28T09:43:52.2357591-07:00" endTime="2015-09-28T09:43:52.2513983-07:00" testType="13cdc9d9-ddb5-4fa4-a97d-d965ccfc6d4b" outcome="Passed" testListId="8c84fa94-04c1-424b-9868-57a2d4851a1d" relativeResultsDirectory="0d4db5cb-ea7f-4c4f-b642-29d20c697ecb" />
    <UnitTestResult executionId="7e5abb2e-003f-4d5d-810f-68177ab4bc15" testId="efdc2385-1c90-0ac6-358d-00a79d3761af" testName="AadGraphClient_GetDescendants_ExpandAll_MultipleDescendantsFound" computerName="TFSBUILD11" duration="00:00:00.0091653" startTime="2015-09-28T09:43:52.2513983-07:00" endTime="2015-09-28T09:43:52.2670273-07:00" testType="13cdc9d9-ddb5-4fa4-a97d-d965ccfc6d4b" outcome="Passed" testListId="8c84fa94-04c1-424b-9868-57a2d4851a1d" relativeResultsDirectory="7e5abb2e-003f-4d5d-810f-68177ab4bc15" />
    <UnitTestResult executionId="70d744bc-a52b-4f08-9796-9c5c33ac0f62" testId="b42b5278-dfba-a7c6-22a0-f37116f7f1bf" testName="AadGraphClient_GetGroups_NoGroupsFound" computerName="TFSBUILD11" duration="00:00:00.0124651" startTime="2015-09-28T09:43:52.2670273-07:00" endTime="2015-09-28T09:43:52.2826522-07:00" testType="13cdc9d9-ddb5-4fa4-a97d-d965ccfc6d4b" outcome="Passed" testListId="8c84fa94-04c1-424b-9868-57a2d4851a1d" relativeResultsDirectory="70d744bc-a52b-4f08-9796-9c5c33ac0f62" />
    <UnitTestResult executionId="5052dfbb-40f4-4612-b314-98b8b487797a" testId="6302b2ee-d6c2-debd-b559-30a68b28bf8c" testName="AadGraphClient_GetGroups_MultipleGroupsFound" computerName="TFSBUILD11" duration="00:00:00.0083683" startTime="2015-09-28T09:43:52.2826522-07:00" endTime="2015-09-28T09:43:52.2826522-07:00" testType="13cdc9d9-ddb5-4fa4-a97d-d965ccfc6d4b" outcome="Passed" testListId="8c84fa94-04c1-424b-9868-57a2d4851a1d" relativeResultsDirectory="5052dfbb-40f4-4612-b314-98b8b487797a" />
    <UnitTestResult executionId="92de4d30-48c5-459b-8148-cc5e35afbc40" testId="a04cd434-9d13-ea93-18dd-b43e9f40b281" testName="AadGraphClient_GetGroups_WithDisplayNamePrefix_NoGroupsFound" computerName="TFSBUILD11" duration="00:00:00.0081336" startTime="2015-09-28T09:43:52.2826522-07:00" endTime="2015-09-28T09:43:52.2982786-07:00" testType="13cdc9d9-ddb5-4fa4-a97d-d965ccfc6d4b" outcome="Passed" testListId="8c84fa94-04c1-424b-9868-57a2d4851a1d" relativeResultsDirectory="92de4d30-48c5-459b-8148-cc5e35afbc40" />
    <UnitTestResult executionId="8d55ff16-6ee3-4e9a-9e2d-0bddd8c9617a" testId="58010f30-32a6-441b-0ca9-d1234f8c7b96" testName="AadGraphClient_GetGroups_WithDisplayNamePrefix_MultipleGroupsFound" computerName="TFSBUILD11" duration="00:00:00.0082986" startTime="2015-09-28T09:43:52.2982786-07:00" endTime="2015-09-28T09:43:52.2982786-07:00" testType="13cdc9d9-ddb5-4fa4-a97d-d965ccfc6d4b" outcome="Passed" testListId="8c84fa94-04c1-424b-9868-57a2d4851a1d" relativeResultsDirectory="8d55ff16-6ee3-4e9a-9e2d-0bddd8c9617a" />
    <UnitTestResult executionId="7aea1127-fb4c-4a51-a17c-d54e1e8ee086" testId="0ba279e7-e776-bf35-71c7-000973febb6b" testName="AadGraphClient_GetGroupsWithIds_NoGroupsFound" computerName="TFSBUILD11" duration="00:00:00.0149426" startTime="2015-09-28T09:43:52.2982786-07:00" endTime="2015-09-28T09:43:52.3139047-07:00" testType="13cdc9d9-ddb5-4fa4-a97d-d965ccfc6d4b" outcome="Passed" testListId="8c84fa94-04c1-424b-9868-57a2d4851a1d" relativeResultsDirectory="7aea1127-fb4c-4a51-a17c-d54e1e8ee086" />
    <UnitTestResult executionId="89777e60-b604-4519-a0aa-98a4e68f3be6" testId="14fdb436-41e7-d3d2-852d-b3a5b517ee9d" testName="AadGraphClient_GetGroupsWithIds_MultipleGroupsFound" computerName="TFSBUILD11" duration="00:00:00.0090888" startTime="2015-09-28T09:43:52.3139047-07:00" endTime="2015-09-28T09:43:52.3295311-07:00" testType="13cdc9d9-ddb5-4fa4-a97d-d965ccfc6d4b" outcome="Passed" testListId="8c84fa94-04c1-424b-9868-57a2d4851a1d" relativeResultsDirectory="89777e60-b604-4519-a0aa-98a4e68f3be6" />
    <UnitTestResult executionId="fc6e6e33-14b5-42a5-9c78-07dde82a90f2" testId="2b0fdb6f-7c39-2d1c-a0f2-3f96e9b68860" testName="AadGraphClient_GetTenantsByAltSecId_WithLiveId_NoTenantsFound" computerName="TFSBUILD11" duration="00:00:00.0108466" startTime="2015-09-28T09:43:52.3295311-07:00" endTime="2015-09-28T09:43:52.3451444-07:00" testType="13cdc9d9-ddb5-4fa4-a97d-d965ccfc6d4b" outcome="Passed" testListId="8c84fa94-04c1-424b-9868-57a2d4851a1d" relativeResultsDirectory="fc6e6e33-14b5-42a5-9c78-07dde82a90f2" />
    <UnitTestResult executionId="8a28cdbd-7a6c-4dda-82fb-1b4353cfe55d" testId="608b00e1-af7f-8649-2384-8a951b726692" testName="AadGraphClient_GetTenantsByAltSecId_WithLiveId_MultipleTenantsFound" computerName="TFSBUILD11" duration="00:00:00.0086630" startTime="2015-09-28T09:43:52.3451444-07:00" endTime="2015-09-28T09:43:52.3451444-07:00" testType="13cdc9d9-ddb5-4fa4-a97d-d965ccfc6d4b" outcome="Passed" testListId="8c84fa94-04c1-424b-9868-57a2d4851a1d" relativeResultsDirectory="8a28cdbd-7a6c-4dda-82fb-1b4353cfe55d" />
    <UnitTestResult executionId="97d3824e-e6da-459b-902e-b206bacaccaf" testId="996e964e-4c6e-f52b-de83-958f83363514" testName="AadGraphClient_GetTenantsByAltSecId_WithOrgId_NoTenantsFound" computerName="TFSBUILD11" duration="00:00:00.0067976" startTime="2015-09-28T09:43:52.3451444-07:00" endTime="2015-09-28T09:43:52.3607694-07:00" testType="13cdc9d9-ddb5-4fa4-a97d-d965ccfc6d4b" outcome="Passed" testListId="8c84fa94-04c1-424b-9868-57a2d4851a1d" relativeResultsDirectory="97d3824e-e6da-459b-902e-b206bacaccaf" />
    <UnitTestResult executionId="dcd075db-839a-44c1-9c81-bdad9c09b9a5" testId="38569712-28c9-bc1f-b162-4d8a361742f6" testName="AadGraphClient_GetTenantsByAltSecId_WithOrgId_MultipleTenantsFound" computerName="TFSBUILD11" duration="00:00:00.0068835" startTime="2015-09-28T09:43:52.3607694-07:00" endTime="2015-09-28T09:43:52.3607694-07:00" testType="13cdc9d9-ddb5-4fa4-a97d-d965ccfc6d4b" outcome="Passed" testListId="8c84fa94-04c1-424b-9868-57a2d4851a1d" relativeResultsDirectory="dcd075db-839a-44c1-9c81-bdad9c09b9a5" />
    <UnitTestResult executionId="15fb56a5-30ca-4b62-aa5e-adb461de4735" testId="96edd871-3763-091a-7191-4143140587e0" testName="AadGraphClient_GetTenantsByKey_WithLiveId_NoTenantsFound" computerName="TFSBUILD11" duration="00:00:00.0099617" startTime="2015-09-28T09:43:52.3607694-07:00" endTime="2015-09-28T09:43:52.3763967-07:00" testType="13cdc9d9-ddb5-4fa4-a97d-d965ccfc6d4b" outcome="Passed" testListId="8c84fa94-04c1-424b-9868-57a2d4851a1d" relativeResultsDirectory="15fb56a5-30ca-4b62-aa5e-adb461de4735" />
    <UnitTestResult executionId="48cc5c65-9ed0-41f5-9007-6692a9f94d44" testId="470b009d-ff42-291d-b903-dcfaa86ac4f1" testName="AadGraphClient_GetTenantsByKey_WithLiveId_MultipleTenantsFound" computerName="TFSBUILD11" duration="00:00:00.0082329" startTime="2015-09-28T09:43:52.3763967-07:00" endTime="2015-09-28T09:43:52.3763967-07:00" testType="13cdc9d9-ddb5-4fa4-a97d-d965ccfc6d4b" outcome="Passed" testListId="8c84fa94-04c1-424b-9868-57a2d4851a1d" relativeResultsDirectory="48cc5c65-9ed0-41f5-9007-6692a9f94d44" />
    <UnitTestResult executionId="974552ec-3809-46e6-abd5-a022cc9a90fb" testId="59c40daa-e951-e5fc-0a34-187524e5351c" testName="AadGraphClient_GetTenantsByKey_WithOrgId_NoTenantsFound" computerName="TFSBUILD11" duration="00:00:00.0080056" startTime="2015-09-28T09:43:52.3763967-07:00" endTime="2015-09-28T09:43:52.3920216-07:00" testType="13cdc9d9-ddb5-4fa4-a97d-d965ccfc6d4b" outcome="Passed" testListId="8c84fa94-04c1-424b-9868-57a2d4851a1d" relativeResultsDirectory="974552ec-3809-46e6-abd5-a022cc9a90fb" />
    <UnitTestResult executionId="ef77d231-9d2b-42c9-a4da-f358c0244c4e" testId="0e6e1b06-7c1a-cbe9-0f2c-c47d5bef0a15" testName="AadGraphClient_GetTenantsByKey_WithOrgId_MultipleTenantsFound" computerName="TFSBUILD11" duration="00:00:00.0081419" startTime="2015-09-28T09:43:52.3920216-07:00" endTime="2015-09-28T09:43:52.3920216-07:00" testType="13cdc9d9-ddb5-4fa4-a97d-d965ccfc6d4b" outcome="Passed" testListId="8c84fa94-04c1-424b-9868-57a2d4851a1d" relativeResultsDirectory="ef77d231-9d2b-42c9-a4da-f358c0244c4e" />
    <UnitTestResult executionId="1c8f0d3d-9773-4b20-a740-c090b53e4dd1" testId="c2105011-dab6-c23f-e54a-519a39dc7ac4" testName="AadGraphClient_GetTenant_TenantNotFound" computerName="TFSBUILD11" duration="00:00:00.0093203" startTime="2015-09-28T09:43:52.3920216-07:00" endTime="2015-09-28T09:43:52.4076475-07:00" testType="13cdc9d9-ddb5-4fa4-a97d-d965ccfc6d4b" outcome="Passed" testListId="8c84fa94-04c1-424b-9868-57a2d4851a1d" relativeResultsDirectory="1c8f0d3d-9773-4b20-a740-c090b53e4dd1" />
    <UnitTestResult executionId="cee4b427-b989-48cb-b127-6271988301d2" testId="5acfe418-eab4-d9ee-6b2f-b76346532e96" testName="AadGraphClient_GetTenant_TenantFound" computerName="TFSBUILD11" duration="00:00:00.0135745" startTime="2015-09-28T09:43:52.4076475-07:00" endTime="2015-09-28T09:43:52.4232707-07:00" testType="13cdc9d9-ddb5-4fa4-a97d-d965ccfc6d4b" outcome="Passed" testListId="8c84fa94-04c1-424b-9868-57a2d4851a1d" relativeResultsDirectory="cee4b427-b989-48cb-b127-6271988301d2" />
    <UnitTestResult executionId="135d8c18-913d-4a31-a567-8c020ccf4359" testId="5ef5934f-3271-b77c-2d97-c3a9092c9628" testName="AadGraphClient_GetUsersWithIds_NoUsersFound" computerName="TFSBUILD11" duration="00:00:00.0157377" startTime="2015-09-28T09:43:52.4232707-07:00" endTime="2015-09-28T09:43:52.4388954-07:00" testType="13cdc9d9-ddb5-4fa4-a97d-d965ccfc6d4b" outcome="Passed" testListId="8c84fa94-04c1-424b-9868-57a2d4851a1d" relativeResultsDirectory="135d8c18-913d-4a31-a567-8c020ccf4359" />
    <UnitTestResult executionId="7170e7a3-af6b-47a1-89c3-a3cd9f3cdb85" testId="ed5df283-24e4-fa8d-5ab8-8306d6b5b87e" testName="AadGraphClient_GetUsersWithIds_TwoUsersFound" computerName="TFSBUILD11" duration="00:00:00.0150211" startTime="2015-09-28T09:43:52.4388954-07:00" endTime="2015-09-28T09:43:52.4545261-07:00" testType="13cdc9d9-ddb5-4fa4-a97d-d965ccfc6d4b" outcome="Passed" testListId="8c84fa94-04c1-424b-9868-57a2d4851a1d" relativeResultsDirectory="7170e7a3-af6b-47a1-89c3-a3cd9f3cdb85" />
    <UnitTestResult executionId="19d03c1d-1dc1-4d44-9820-568c64436fcc" testId="1fa6a177-0d61-a3e2-1638-66034dfdbe10" testName="AadGraphClient_GetUserThumbnail_NoThumbnailFound" computerName="TFSBUILD11" duration="00:00:00.0160716" startTime="2015-09-28T09:43:52.4545261-07:00" endTime="2015-09-28T09:43:52.4701644-07:00" testType="13cdc9d9-ddb5-4fa4-a97d-d965ccfc6d4b" outcome="Passed" testListId="8c84fa94-04c1-424b-9868-57a2d4851a1d" relativeResultsDirectory="19d03c1d-1dc1-4d44-9820-568c64436fcc" />
    <UnitTestResult executionId="76777d2f-08ad-489d-8b12-2d20ab2d8cb4" testId="f42370ec-3f3a-205f-a581-eb8394a0c7c3" testName="AadTenantJsonSerializationDeserialization" computerName="TFSBUILD11" duration="00:00:00.2395202" startTime="2015-09-28T09:43:52.4701644-07:00" endTime="2015-09-28T09:43:52.7045402-07:00" testType="13cdc9d9-ddb5-4fa4-a97d-d965ccfc6d4b" outcome="Passed" testListId="8c84fa94-04c1-424b-9868-57a2d4851a1d" relativeResultsDirectory="76777d2f-08ad-489d-8b12-2d20ab2d8cb4" />
    <UnitTestResult executionId="2e1a181e-bdc6-4316-9224-119950e3a69d" testId="c43e751f-9002-68f7-987d-6764761fe7d3" testName="AadGroupJsonSerializationDeserialization" computerName="TFSBUILD11" duration="00:00:00.0055765" startTime="2015-09-28T09:43:52.7045402-07:00" endTime="2015-09-28T09:43:52.7201663-07:00" testType="13cdc9d9-ddb5-4fa4-a97d-d965ccfc6d4b" outcome="Passed" testListId="8c84fa94-04c1-424b-9868-57a2d4851a1d" relativeResultsDirectory="2e1a181e-bdc6-4316-9224-119950e3a69d" />
    <UnitTestResult executionId="ba247cf6-91a6-4a23-92ef-fddce8c59840" testId="18ad04c1-2ec5-c253-6d71-ffa9b1a0cccb" testName="AadUserJsonSerializationDeserialization" computerName="TFSBUILD11" duration="00:00:00.0122723" startTime="2015-09-28T09:43:52.7201663-07:00" endTime="2015-09-28T09:43:52.7201663-07:00" testType="13cdc9d9-ddb5-4fa4-a97d-d965ccfc6d4b" outcome="Passed" testListId="8c84fa94-04c1-424b-9868-57a2d4851a1d" relativeResultsDirectory="ba247cf6-91a6-4a23-92ef-fddce8c59840" />
    <UnitTestResult executionId="6e1ee8a1-21d0-4a38-8375-02d3fb852593" testId="8ab1ee97-50a9-9a56-5363-ce9470e1caf1" testName="AadCacheKey_Equals" computerName="TFSBUILD11" duration="00:00:00.0004767" startTime="2015-09-28T09:43:52.7201663-07:00" endTime="2015-09-28T09:43:52.7201663-07:00" testType="13cdc9d9-ddb5-4fa4-a97d-d965ccfc6d4b" outcome="Passed" testListId="8c84fa94-04c1-424b-9868-57a2d4851a1d" relativeResultsDirectory="6e1ee8a1-21d0-4a38-8375-02d3fb852593" />
    <UnitTestResult executionId="975f5bd2-5770-423d-921e-bfa31e3ce8c5" testId="d457184a-ea42-1e98-1080-34b4e56e3c96" testName="AadCacheKey_Equals_DifferentTenantId" computerName="TFSBUILD11" duration="00:00:00.0004613" startTime="2015-09-28T09:43:52.7201663-07:00" endTime="2015-09-28T09:43:52.7201663-07:00" testType="13cdc9d9-ddb5-4fa4-a97d-d965ccfc6d4b" outcome="Passed" testListId="8c84fa94-04c1-424b-9868-57a2d4851a1d" relativeResultsDirectory="975f5bd2-5770-423d-921e-bfa31e3ce8c5" />
    <UnitTestResult executionId="1f57b009-5788-4455-97d9-48a8365d0fbd" testId="c75f7863-3650-672d-7c4e-ff9556b15640" testName="AadCacheKey_Equals_DifferentObjectId" computerName="TFSBUILD11" duration="00:00:00.0006280" startTime="2015-09-28T09:43:52.7201663-07:00" endTime="2015-09-28T09:43:52.7357918-07:00" testType="13cdc9d9-ddb5-4fa4-a97d-d965ccfc6d4b" outcome="Passed" testListId="8c84fa94-04c1-424b-9868-57a2d4851a1d" relativeResultsDirectory="1f57b009-5788-4455-97d9-48a8365d0fbd" />
    <UnitTestResult executionId="2562bbf8-83c1-4c5d-9bf4-2443941314e5" testId="750c53be-3e7f-3b20-8705-e0aafd4c19b6" testName="AadCacheKey_Equals_Null" computerName="TFSBUILD11" duration="00:00:00.0002759" startTime="2015-09-28T09:43:52.7357918-07:00" endTime="2015-09-28T09:43:52.7357918-07:00" testType="13cdc9d9-ddb5-4fa4-a97d-d965ccfc6d4b" outcome="Passed" testListId="8c84fa94-04c1-424b-9868-57a2d4851a1d" relativeResultsDirectory="2562bbf8-83c1-4c5d-9bf4-2443941314e5" />
    <UnitTestResult executionId="37d795ae-dc1f-4c1a-a265-3a2cce9e39fe" testId="ec14ddfb-d548-9813-8db9-d4b0e494fb36" testName="AadCacheObject_Equals" computerName="TFSBUILD11" duration="00:00:00.0021424" startTime="2015-09-28T09:43:52.7357918-07:00" endTime="2015-09-28T09:43:52.7357918-07:00" testType="13cdc9d9-ddb5-4fa4-a97d-d965ccfc6d4b" outcome="Passed" testListId="8c84fa94-04c1-424b-9868-57a2d4851a1d" relativeResultsDirectory="37d795ae-dc1f-4c1a-a265-3a2cce9e39fe" />
    <UnitTestResult executionId="be8aec9b-e65b-48e2-9074-d29a21f9153b" testId="24663b89-8070-e4d2-1d61-d577c4897ee2" testName="AadCacheObject_Equals_DifferentKey" computerName="TFSBUILD11" duration="00:00:00.0007162" startTime="2015-09-28T09:43:52.7357918-07:00" endTime="2015-09-28T09:43:52.7357918-07:00" testType="13cdc9d9-ddb5-4fa4-a97d-d965ccfc6d4b" outcome="Passed" testListId="8c84fa94-04c1-424b-9868-57a2d4851a1d" relativeResultsDirectory="be8aec9b-e65b-48e2-9074-d29a21f9153b" />
    <UnitTestResult executionId="f31827d2-d2f4-4b1c-9227-2e2e4d7478df" testId="7dbc6c1d-5ba2-d72e-cdd6-ec431a42e70a" testName="AadCacheObject_Equals_DifferentValue" computerName="TFSBUILD11" duration="00:00:00.0006254" startTime="2015-09-28T09:43:52.7357918-07:00" endTime="2015-09-28T09:43:52.7357918-07:00" testType="13cdc9d9-ddb5-4fa4-a97d-d965ccfc6d4b" outcome="Passed" testListId="8c84fa94-04c1-424b-9868-57a2d4851a1d" relativeResultsDirectory="f31827d2-d2f4-4b1c-9227-2e2e4d7478df" />
    <UnitTestResult executionId="7793cb53-8fb5-42b3-9e68-1a8161c64b0e" testId="e6a5f119-502f-e570-e8d4-4d3b1da8c05f" testName="AadCacheObject_Equals_DifferentTime" computerName="TFSBUILD11" duration="00:00:00.0006271" startTime="2015-09-28T09:43:52.7357918-07:00" endTime="2015-09-28T09:43:52.7357918-07:00" testType="13cdc9d9-ddb5-4fa4-a97d-d965ccfc6d4b" outcome="Passed" testListId="8c84fa94-04c1-424b-9868-57a2d4851a1d" relativeResultsDirectory="7793cb53-8fb5-42b3-9e68-1a8161c64b0e" />
    <UnitTestResult executionId="47ba289f-0994-49ae-a1c8-ffd34de525c6" testId="b7729b5e-4957-362f-ecd1-52e3732f1cd7" testName="AadCacheObject_Equals_Null" computerName="TFSBUILD11" duration="00:00:00.0003595" startTime="2015-09-28T09:43:52.7357918-07:00" endTime="2015-09-28T09:43:52.7357918-07:00" testType="13cdc9d9-ddb5-4fa4-a97d-d965ccfc6d4b" outcome="Passed" testListId="8c84fa94-04c1-424b-9868-57a2d4851a1d" relativeResultsDirectory="47ba289f-0994-49ae-a1c8-ffd34de525c6" />
    <UnitTestResult executionId="5a126796-0d7f-4c1f-b4b0-fae2c9b9724f" testId="d9a1b1d2-9d42-63ea-2aad-19c471102883" testName="AadCacheAncestorIds_Equals" computerName="TFSBUILD11" duration="00:00:00.0044643" startTime="2015-09-28T09:43:52.7357918-07:00" endTime="2015-09-28T09:43:52.7357918-07:00" testType="13cdc9d9-ddb5-4fa4-a97d-d965ccfc6d4b" outcome="Passed" testListId="8c84fa94-04c1-424b-9868-57a2d4851a1d" relativeResultsDirectory="5a126796-0d7f-4c1f-b4b0-fae2c9b9724f" />
    <UnitTestResult executionId="037c8c01-a861-4d7d-a995-5200857745c3" testId="a7a8a72c-ad5b-4f0b-966e-4601ea61e4c9" testName="AadCacheOrchestrator_AllScenarios (Data Row 0)" computerName="TFSBUILD11" duration="00:00:00.1367643" startTime="2015-09-28T09:43:52.7357918-07:00" endTime="2015-09-28T09:43:53.2514572-07:00" testType="13cdc9d9-ddb5-4fa4-a97d-d965ccfc6d4b" outcome="Passed" testListId="8c84fa94-04c1-424b-9868-57a2d4851a1d" relativeResultsDirectory="037c8c01-a861-4d7d-a995-5200857745c3" />
    <UnitTestResult executionId="efac8933-fff9-4eff-b02c-b3ec706ba2a8" testId="3c003fa6-5ad4-476b-9435-065b8dc6904c" testName="AadCacheOrchestrator_AllScenarios (Data Row 1)" computerName="TFSBUILD11" duration="00:00:00.0501702" startTime="2015-09-28T09:43:52.7357918-07:00" endTime="2015-09-28T09:43:53.2514572-07:00" testType="13cdc9d9-ddb5-4fa4-a97d-d965ccfc6d4b" outcome="Passed" testListId="8c84fa94-04c1-424b-9868-57a2d4851a1d" relativeResultsDirectory="efac8933-fff9-4eff-b02c-b3ec706ba2a8" />
    <UnitTestResult executionId="be4648b9-0c31-4835-8b4f-99eb6a5c0a85" testId="e34b939b-50e8-4c62-ac26-214b4385f494" testName="AadCacheOrchestrator_AllScenarios (Data Row 2)" computerName="TFSBUILD11" duration="00:00:00.0244263" startTime="2015-09-28T09:43:52.7357918-07:00" endTime="2015-09-28T09:43:53.2514572-07:00" testType="13cdc9d9-ddb5-4fa4-a97d-d965ccfc6d4b" outcome="Passed" testListId="8c84fa94-04c1-424b-9868-57a2d4851a1d" relativeResultsDirectory="be4648b9-0c31-4835-8b4f-99eb6a5c0a85" />
    <UnitTestResult executionId="6af2b61e-c677-4376-9e5a-afb35229b936" testId="1c7ffa6a-fbec-463b-9513-b8428d460af8" testName="AadCacheOrchestrator_AllScenarios (Data Row 3)" computerName="TFSBUILD11" duration="00:00:00.0192087" startTime="2015-09-28T09:43:52.7357918-07:00" endTime="2015-09-28T09:43:53.2514572-07:00" testType="13cdc9d9-ddb5-4fa4-a97d-d965ccfc6d4b" outcome="Passed" testListId="8c84fa94-04c1-424b-9868-57a2d4851a1d" relativeResultsDirectory="6af2b61e-c677-4376-9e5a-afb35229b936" />
    <UnitTestResult executionId="48da7936-86bd-485d-9085-e9b0f68ae694" testId="3851c1f1-1a04-4813-9d86-d990e699965b" testName="AadCacheOrchestrator_AllScenarios (Data Row 4)" computerName="TFSBUILD11" duration="00:00:00.0245964" startTime="2015-09-28T09:43:52.7357918-07:00" endTime="2015-09-28T09:43:53.2514572-07:00" testType="13cdc9d9-ddb5-4fa4-a97d-d965ccfc6d4b" outcome="Passed" testListId="8c84fa94-04c1-424b-9868-57a2d4851a1d" relativeResultsDirectory="48da7936-86bd-485d-9085-e9b0f68ae694" />
    <UnitTestResult executionId="795d062b-dc83-4cb2-82ec-10b3a77b5227" testId="9a7844ca-126c-4389-b9df-cd2401df2d56" testName="AadCacheOrchestrator_AllScenarios (Data Row 5)" computerName="TFSBUILD11" duration="00:00:00.0303982" startTime="2015-09-28T09:43:52.7357918-07:00" endTime="2015-09-28T09:43:53.2514572-07:00" testType="13cdc9d9-ddb5-4fa4-a97d-d965ccfc6d4b" outcome="Passed" testListId="8c84fa94-04c1-424b-9868-57a2d4851a1d" relativeResultsDirectory="795d062b-dc83-4cb2-82ec-10b3a77b5227" />
    <UnitTestResult executionId="cc4af0f1-a2f6-4dee-ab22-e85fd855a95c" testId="dbde729c-27ee-4c9e-8310-8898e6dc49f2" testName="AadCacheOrchestrator_AllScenarios (Data Row 6)" computerName="TFSBUILD11" duration="00:00:00.0204304" startTime="2015-09-28T09:43:52.7357918-07:00" endTime="2015-09-28T09:43:53.2514572-07:00" testType="13cdc9d9-ddb5-4fa4-a97d-d965ccfc6d4b" outcome="Passed" testListId="8c84fa94-04c1-424b-9868-57a2d4851a1d" relativeResultsDirectory="cc4af0f1-a2f6-4dee-ab22-e85fd855a95c" />
    <UnitTestResult executionId="b455fb1a-c843-4f40-91ae-5b5ab579e8e7" testId="7a9d1c12-d423-41e3-9932-2ec35f92450f" testName="AadCacheOrchestrator_AllScenarios (Data Row 7)" computerName="TFSBUILD11" duration="00:00:00.0241037" startTime="2015-09-28T09:43:52.7357918-07:00" endTime="2015-09-28T09:43:53.2514572-07:00" testType="13cdc9d9-ddb5-4fa4-a97d-d965ccfc6d4b" outcome="Passed" testListId="8c84fa94-04c1-424b-9868-57a2d4851a1d" relativeResultsDirectory="b455fb1a-c843-4f40-91ae-5b5ab579e8e7" />
    <UnitTestResult executionId="1f496932-7b46-46ac-b75d-f9110c5c5228" testId="7e617977-8556-4f65-b182-193f005734a0" testName="AadCacheOrchestrator_AllScenarios (Data Row 8)" computerName="TFSBUILD11" duration="00:00:00.0236040" startTime="2015-09-28T09:43:52.7357918-07:00" endTime="2015-09-28T09:43:53.2514572-07:00" testType="13cdc9d9-ddb5-4fa4-a97d-d965ccfc6d4b" outcome="Passed" testListId="8c84fa94-04c1-424b-9868-57a2d4851a1d" relativeResultsDirectory="1f496932-7b46-46ac-b75d-f9110c5c5228" />
    <UnitTestResult executionId="7379e8c0-eddb-4e6e-acd5-cbc5a4aa3432" testId="1201dafe-b563-4ee7-9773-064b88b70d89" testName="AadCacheOrchestrator_AllScenarios (Data Row 9)" computerName="TFSBUILD11" duration="00:00:00.0160531" startTime="2015-09-28T09:43:52.7357918-07:00" endTime="2015-09-28T09:43:53.2514572-07:00" testType="13cdc9d9-ddb5-4fa4-a97d-d965ccfc6d4b" outcome="Passed" testListId="8c84fa94-04c1-424b-9868-57a2d4851a1d" relativeResultsDirectory="7379e8c0-eddb-4e6e-acd5-cbc5a4aa3432" />
    <UnitTestResult executionId="f74aa8c6-a253-4f53-9533-a6b105530ba3" testId="b26d675c-a8e4-4365-a308-544ff01847ee" testName="AadCacheOrchestrator_AllScenarios (Data Row 10)" computerName="TFSBUILD11" duration="00:00:00.0152626" startTime="2015-09-28T09:43:52.7357918-07:00" endTime="2015-09-28T09:43:53.2514572-07:00" testType="13cdc9d9-ddb5-4fa4-a97d-d965ccfc6d4b" outcome="Passed" testListId="8c84fa94-04c1-424b-9868-57a2d4851a1d" relativeResultsDirectory="f74aa8c6-a253-4f53-9533-a6b105530ba3" />
    <UnitTestResult executionId="4e73d5b0-a5a8-44bb-8cf3-99301b4ca375" testId="8c69fe2f-36f9-42aa-9611-31c1ca3d0c09" testName="AadCacheOrchestrator_AllScenarios (Data Row 11)" computerName="TFSBUILD11" duration="00:00:00.0178411" startTime="2015-09-28T09:43:52.7357918-07:00" endTime="2015-09-28T09:43:53.2514572-07:00" testType="13cdc9d9-ddb5-4fa4-a97d-d965ccfc6d4b" outcome="Passed" testListId="8c84fa94-04c1-424b-9868-57a2d4851a1d" relativeResultsDirectory="4e73d5b0-a5a8-44bb-8cf3-99301b4ca375" />
    <UnitTestResult executionId="5359f36b-49df-48ca-b3ce-c2ff145d9340" testId="52c5441a-2db1-4c1e-9700-dafb2e1c0244" testName="AadCacheOrchestrator_AllScenarios (Data Row 12)" computerName="TFSBUILD11" duration="00:00:00.0158216" startTime="2015-09-28T09:43:52.7357918-07:00" endTime="2015-09-28T09:43:53.2514572-07:00" testType="13cdc9d9-ddb5-4fa4-a97d-d965ccfc6d4b" outcome="Passed" testListId="8c84fa94-04c1-424b-9868-57a2d4851a1d" relativeResultsDirectory="5359f36b-49df-48ca-b3ce-c2ff145d9340" />
    <UnitTestResult executionId="edd3bef4-ef52-4d1e-a0d1-00da8fb6faff" testId="f52a1c14-1d2e-4869-99cc-54e3af4e3a61" testName="AadCacheOrchestrator_AllScenarios (Data Row 13)" computerName="TFSBUILD11" duration="00:00:00.0351333" startTime="2015-09-28T09:43:52.7357918-07:00" endTime="2015-09-28T09:43:53.2514572-07:00" testType="13cdc9d9-ddb5-4fa4-a97d-d965ccfc6d4b" outcome="Passed" testListId="8c84fa94-04c1-424b-9868-57a2d4851a1d" relativeResultsDirectory="edd3bef4-ef52-4d1e-a0d1-00da8fb6faff" />
    <UnitTestResult executionId="799f34b2-cbf6-4fc7-8129-dafc7f9f0174" testId="34cdf35b-4098-4f3a-8455-281f966fcb1b" testName="AadCacheOrchestrator_AllScenarios (Data Row 14)" computerName="TFSBUILD11" duration="00:00:00.0136794" startTime="2015-09-28T09:43:52.7357918-07:00" endTime="2015-09-28T09:43:53.2514572-07:00" testType="13cdc9d9-ddb5-4fa4-a97d-d965ccfc6d4b" outcome="Passed" testListId="8c84fa94-04c1-424b-9868-57a2d4851a1d" relativeResultsDirectory="799f34b2-cbf6-4fc7-8129-dafc7f9f0174" />
    <UnitTestResult executionId="768009fd-3e52-4400-b807-d157b6cf047b" testId="cc379e8d-1d26-70fc-caa7-afb89ced0bf2" testName="AadLocalCacheContainer_GetTwo" computerName="TFSBUILD11" duration="00:00:00.0078091" startTime="2015-09-28T09:43:53.2514572-07:00" endTime="2015-09-28T09:43:53.2670802-07:00" testType="13cdc9d9-ddb5-4fa4-a97d-d965ccfc6d4b" outcome="Passed" testListId="8c84fa94-04c1-424b-9868-57a2d4851a1d" relativeResultsDirectory="768009fd-3e52-4400-b807-d157b6cf047b" />
    <UnitTestResult executionId="8f3b1eaa-819c-4e88-97a1-c4cdd75573e4" testId="325a18c0-eeee-74b1-4ef7-9fdf27b6b0cb" testName="AadLocalCacheContainer_AddOne_GetTwo" computerName="TFSBUILD11" duration="00:00:00.0048668" startTime="2015-09-28T09:43:53.2670802-07:00" endTime="2015-09-28T09:43:53.2670802-07:00" testType="13cdc9d9-ddb5-4fa4-a97d-d965ccfc6d4b" outcome="Passed" testListId="8c84fa94-04c1-424b-9868-57a2d4851a1d" relativeResultsDirectory="8f3b1eaa-819c-4e88-97a1-c4cdd75573e4" />
    <UnitTestResult executionId="ea3174f1-9798-46ec-b951-4c36dbd81a0c" testId="d6ae43d5-5394-f4d4-8d7f-2153510112dc" testName="AadLocalCacheContainer_AddTwo_RemoveFirst_GetTwo" computerName="TFSBUILD11" duration="00:00:00.0032466" startTime="2015-09-28T09:43:53.2670802-07:00" endTime="2015-09-28T09:43:53.2670802-07:00" testType="13cdc9d9-ddb5-4fa4-a97d-d965ccfc6d4b" outcome="Passed" testListId="8c84fa94-04c1-424b-9868-57a2d4851a1d" relativeResultsDirectory="ea3174f1-9798-46ec-b951-4c36dbd81a0c" />
    <UnitTestResult executionId="c7d30a38-05da-4303-99f2-1364d0301cc7" testId="1139e103-caff-7c68-89e2-4e85ec468357" testName="AadLocalCacheContainer_AddTwo_RemoveSecond_GetTwo" computerName="TFSBUILD11" duration="00:00:00.0016378" startTime="2015-09-28T09:43:53.2670802-07:00" endTime="2015-09-28T09:43:53.2670802-07:00" testType="13cdc9d9-ddb5-4fa4-a97d-d965ccfc6d4b" outcome="Passed" testListId="8c84fa94-04c1-424b-9868-57a2d4851a1d" relativeResultsDirectory="c7d30a38-05da-4303-99f2-1364d0301cc7" />
    <UnitTestResult executionId="c6eedd31-4a88-45df-bbd2-e41c37b2bc26" testId="7c8cb673-f25a-2fcc-c683-c112fd3aa431" testName="AadLocalCacheContainer_Overfill" computerName="TFSBUILD11" duration="00:00:00.0075386" startTime="2015-09-28T09:43:53.2670802-07:00" endTime="2015-09-28T09:43:53.2827057-07:00" testType="13cdc9d9-ddb5-4fa4-a97d-d965ccfc6d4b" outcome="Passed" testListId="8c84fa94-04c1-424b-9868-57a2d4851a1d" relativeResultsDirectory="c6eedd31-4a88-45df-bbd2-e41c37b2bc26" />
    <UnitTestResult executionId="1b8d40f2-2d86-4fbd-bc72-797356b9d46c" testId="17de2524-fd57-afcb-54fc-0a75813fb0b7" testName="AadLocalCacheContainer_EvictWithSampleSize01" computerName="TFSBUILD11" duration="00:00:00.0062128" startTime="2015-09-28T09:43:53.2827057-07:00" endTime="2015-09-28T09:43:53.2827057-07:00" testType="13cdc9d9-ddb5-4fa4-a97d-d965ccfc6d4b" outcome="Passed" testListId="8c84fa94-04c1-424b-9868-57a2d4851a1d" relativeResultsDirectory="1b8d40f2-2d86-4fbd-bc72-797356b9d46c" />
    <UnitTestResult executionId="81d7492f-5a45-4121-8691-87756c094c71" testId="624aec69-dac2-266d-f61b-0410884eb55d" testName="AadLocalCacheContainer_EvictWithSampleSize02" computerName="TFSBUILD11" duration="00:00:00.0049880" startTime="2015-09-28T09:43:53.2827057-07:00" endTime="2015-09-28T09:43:53.2983321-07:00" testType="13cdc9d9-ddb5-4fa4-a97d-d965ccfc6d4b" outcome="Passed" testListId="8c84fa94-04c1-424b-9868-57a2d4851a1d" relativeResultsDirectory="81d7492f-5a45-4121-8691-87756c094c71" />
    <UnitTestResult executionId="888bec18-87dd-4922-9f04-e30a66eb6d86" testId="ff8428cf-045f-3c7e-1306-3c66767cd427" testName="AadLocalCacheContainer_EvictWithSampleSize04" computerName="TFSBUILD11" duration="00:00:00.0050403" startTime="2015-09-28T09:43:53.2983321-07:00" endTime="2015-09-28T09:43:53.2983321-07:00" testType="13cdc9d9-ddb5-4fa4-a97d-d965ccfc6d4b" outcome="Passed" testListId="8c84fa94-04c1-424b-9868-57a2d4851a1d" relativeResultsDirectory="888bec18-87dd-4922-9f04-e30a66eb6d86" />
    <UnitTestResult executionId="147f8ca0-49d8-47ad-8515-5b8e8a9b502d" testId="42f664da-9c3b-624e-a6f8-f30e9dbbd8f9" testName="AadLocalCacheContainer_EvictWithSampleSize08" computerName="TFSBUILD11" duration="00:00:00.0053611" startTime="2015-09-28T09:43:53.2983321-07:00" endTime="2015-09-28T09:43:53.2983321-07:00" testType="13cdc9d9-ddb5-4fa4-a97d-d965ccfc6d4b" outcome="Passed" testListId="8c84fa94-04c1-424b-9868-57a2d4851a1d" relativeResultsDirectory="147f8ca0-49d8-47ad-8515-5b8e8a9b502d" />
    <UnitTestResult executionId="41717578-4150-4aeb-9b1a-5c25e4f531e8" testId="282881bf-fefc-8641-349a-209621d5798e" testName="AadLocalCacheContainer_EvictWithSampleSize16" computerName="TFSBUILD11" duration="00:00:00.0059238" startTime="2015-09-28T09:43:53.2983321-07:00" endTime="2015-09-28T09:43:53.3139591-07:00" testType="13cdc9d9-ddb5-4fa4-a97d-d965ccfc6d4b" outcome="Passed" testListId="8c84fa94-04c1-424b-9868-57a2d4851a1d" relativeResultsDirectory="41717578-4150-4aeb-9b1a-5c25e4f531e8" />
    <UnitTestResult executionId="713b780a-4f23-45e5-bf92-11a797b327ce" testId="feff3acf-a5cd-1a42-4c0e-8e28718378d5" testName="AadLocalCacheContainer_EvictWithSampleSize32" computerName="TFSBUILD11" duration="00:00:00.0073574" startTime="2015-09-28T09:43:53.3139591-07:00" endTime="2015-09-28T09:43:53.3139591-07:00" testType="13cdc9d9-ddb5-4fa4-a97d-d965ccfc6d4b" outcome="Passed" testListId="8c84fa94-04c1-424b-9868-57a2d4851a1d" relativeResultsDirectory="713b780a-4f23-45e5-bf92-11a797b327ce" />
    <UnitTestResult executionId="65d6ce59-dc84-4748-997a-9027dc364367" testId="68397496-52f9-317f-9bc2-baf91397fc26" testName="AadLocalCache_GetObjects_CacheHit" computerName="TFSBUILD11" duration="00:00:00.0123076" startTime="2015-09-28T09:43:53.3139591-07:00" endTime="2015-09-28T09:43:53.3295852-07:00" testType="13cdc9d9-ddb5-4fa4-a97d-d965ccfc6d4b" outcome="Passed" testListId="8c84fa94-04c1-424b-9868-57a2d4851a1d" relativeResultsDirectory="65d6ce59-dc84-4748-997a-9027dc364367" />
    <UnitTestResult executionId="fa5117e4-e263-460f-8124-061d2123bd3f" testId="7d1978e1-ffcb-0726-9d36-405ecfb80da3" testName="AadLocalCache_GetObjects_CacheMiss" computerName="TFSBUILD11" duration="00:00:00.0058766" startTime="2015-09-28T09:43:53.3295852-07:00" endTime="2015-09-28T09:43:53.3295852-07:00" testType="13cdc9d9-ddb5-4fa4-a97d-d965ccfc6d4b" outcome="Passed" testListId="8c84fa94-04c1-424b-9868-57a2d4851a1d" relativeResultsDirectory="fa5117e4-e263-460f-8124-061d2123bd3f" />
    <UnitTestResult executionId="9834f464-f210-4504-9960-c2595ad3c6b6" testId="ae2e8c87-6f25-9e21-318d-f2ec85f76abb" testName="AadRemoteCache_GetObjects_CacheHit" computerName="TFSBUILD11" duration="00:00:00.0110327" startTime="2015-09-28T09:43:53.3295852-07:00" endTime="2015-09-28T09:43:53.3452104-07:00" testType="13cdc9d9-ddb5-4fa4-a97d-d965ccfc6d4b" outcome="Passed" testListId="8c84fa94-04c1-424b-9868-57a2d4851a1d" relativeResultsDirectory="9834f464-f210-4504-9960-c2595ad3c6b6" />
    <UnitTestResult executionId="bf2449c7-373b-4b44-949d-c6c749578dd1" testId="4596cef4-8382-212a-c3c4-0436ae202167" testName="AadRemoteCache_GetObjects_CacheMiss" computerName="TFSBUILD11" duration="00:00:00.0249451" startTime="2015-09-28T09:43:53.3452104-07:00" endTime="2015-09-28T09:43:53.3764638-07:00" testType="13cdc9d9-ddb5-4fa4-a97d-d965ccfc6d4b" outcome="Passed" testListId="8c84fa94-04c1-424b-9868-57a2d4851a1d" relativeResultsDirectory="bf2449c7-373b-4b44-949d-c6c749578dd1" />
    <UnitTestResult executionId="55b213d2-f4bc-46bf-a98d-7afd3379251e" testId="912b3818-78a7-d609-c47b-3ff18cf6d60c" testName="SerializationOfAadCacheObjects_DoesNotFail_ForAnyCulture" computerName="TFSBUILD11" duration="00:00:00.1036186" startTime="2015-09-28T09:43:53.3764638-07:00" endTime="2015-09-28T09:43:53.4702233-07:00" testType="13cdc9d9-ddb5-4fa4-a97d-d965ccfc6d4b" outcome="Passed" testListId="8c84fa94-04c1-424b-9868-57a2d4851a1d" relativeResultsDirectory="55b213d2-f4bc-46bf-a98d-7afd3379251e" />
    <UnitTestResult executionId="4c939553-430a-40c8-a0ba-45003d25408e" testId="bdc18bd4-23a1-57f8-9197-6de3588c4b21" testName="AadTokenServiceBase_AcquireToken_should_throw_when_request_context_is_null" computerName="TFSBUILD11" duration="00:00:00.0138822" startTime="2015-09-28T09:43:53.4702233-07:00" endTime="2015-09-28T09:43:53.5952319-07:00" testType="13cdc9d9-ddb5-4fa4-a97d-d965ccfc6d4b" outcome="Passed" testListId="8c84fa94-04c1-424b-9868-57a2d4851a1d" relativeResultsDirectory="4c939553-430a-40c8-a0ba-45003d25408e" />
    <UnitTestResult executionId="d493b501-136e-41e5-9cba-2198ff4703cb" testId="0143cbce-3df7-9555-516a-f2e0583846cc" testName="AadTokenServiceBase_AcquireToken_should_throw_argument_null_when_resource_is_null" computerName="TFSBUILD11" duration="00:00:00.0006641" startTime="2015-09-28T09:43:53.5952319-07:00" endTime="2015-09-28T09:43:53.5952319-07:00" testType="13cdc9d9-ddb5-4fa4-a97d-d965ccfc6d4b" outcome="Passed" testListId="8c84fa94-04c1-424b-9868-57a2d4851a1d" relativeResultsDirectory="d493b501-136e-41e5-9cba-2198ff4703cb" />
    <UnitTestResult executionId="cf05dbfa-1d8f-4ba0-a14c-dbfbf5fe153b" testId="90514021-39cb-4b09-5219-8024ae44d68e" testName="AadTokenServiceBase_AcquireToken_should_throw_argument_null_when_tenant_is_null" computerName="TFSBUILD11" duration="00:00:00.0008345" startTime="2015-09-28T09:43:53.5952319-07:00" endTime="2015-09-28T09:43:53.6108575-07:00" testType="13cdc9d9-ddb5-4fa4-a97d-d965ccfc6d4b" outcome="Passed" testListId="8c84fa94-04c1-424b-9868-57a2d4851a1d" relativeResultsDirectory="cf05dbfa-1d8f-4ba0-a14c-dbfbf5fe153b" />
    <UnitTestResult executionId="f14f89b9-e081-4b7b-9316-69895086e76b" testId="de7103bb-7b2a-54cf-39fc-f998472125fa" testName="AadTokenServiceBase_AcquireToken_should_forward_to_deployment_service_when_host_type_is_not_deployment" computerName="TFSBUILD11" duration="00:00:00.0251510" startTime="2015-09-28T09:43:53.6108575-07:00" endTime="2015-09-28T09:43:53.6421097-07:00" testType="13cdc9d9-ddb5-4fa4-a97d-d965ccfc6d4b" outcome="Passed" testListId="8c84fa94-04c1-424b-9868-57a2d4851a1d" relativeResultsDirectory="f14f89b9-e081-4b7b-9316-69895086e76b" />
    <UnitTestResult executionId="3acd4868-b87c-4d1d-9dcc-efd573bf437a" testId="59dbffab-3cb6-3f18-2729-b7ae165a1908" testName="AadTokenServiceBase_AcquireToken_should_not_get_from_local_cache_when_local_cache_feature_is_dsabled" computerName="TFSBUILD11" duration="00:00:00.0027406" startTime="2015-09-28T09:43:53.6421097-07:00" endTime="2015-09-28T09:43:53.6577364-07:00" testType="13cdc9d9-ddb5-4fa4-a97d-d965ccfc6d4b" outcome="Passed" testListId="8c84fa94-04c1-424b-9868-57a2d4851a1d" relativeResultsDirectory="3acd4868-b87c-4d1d-9dcc-efd573bf437a" />
    <UnitTestResult executionId="f437f04c-78bd-4774-9d1f-5cfbe7ef0034" testId="24293b7b-8e17-fe6f-9dac-22ff1c7f2d35" testName="AadTokenServiceBase_AcquireToken_should_return_token_from_local_cache_on_cache_hit" computerName="TFSBUILD11" duration="00:00:00.0020821" startTime="2015-09-28T09:43:53.6577364-07:00" endTime="2015-09-28T09:43:53.6733630-07:00" testType="13cdc9d9-ddb5-4fa4-a97d-d965ccfc6d4b" outcome="Passed" testListId="8c84fa94-04c1-424b-9868-57a2d4851a1d" relativeResultsDirectory="f437f04c-78bd-4774-9d1f-5cfbe7ef0034" />
    <UnitTestResult executionId="c73ba329-8643-4d13-bda3-6c742a30ce70" testId="fb1098b8-bb29-2286-c752-fd8489c4c5ca" testName="AadTokenServiceBase_AcquireToken_should_not_return_token_from_local_cache_when_token_has_expired" computerName="TFSBUILD11" duration="00:00:00.0026788" startTime="2015-09-28T09:43:53.6733630-07:00" endTime="2015-09-28T09:43:53.6889894-07:00" testType="13cdc9d9-ddb5-4fa4-a97d-d965ccfc6d4b" outcome="Passed" testListId="8c84fa94-04c1-424b-9868-57a2d4851a1d" relativeResultsDirectory="c73ba329-8643-4d13-bda3-6c742a30ce70" />
    <UnitTestResult executionId="7cd68783-23c1-4830-9a0c-8f6d44221cd2" testId="6e335849-01fc-c6f4-1cfa-1c54b8999b04" testName="AadTokenServiceBase_AcquireToken_should_not_get_from_remote_cache_when_remote_cache_feature_is_disabled" computerName="TFSBUILD11" duration="00:00:00.0043744" startTime="2015-09-28T09:43:53.6889894-07:00" endTime="2015-09-28T09:43:53.7046150-07:00" testType="13cdc9d9-ddb5-4fa4-a97d-d965ccfc6d4b" outcome="Passed" testListId="8c84fa94-04c1-424b-9868-57a2d4851a1d" relativeResultsDirectory="7cd68783-23c1-4830-9a0c-8f6d44221cd2" />
    <UnitTestResult executionId="1f91a6f3-535d-4c89-9673-aff59a4ff808" testId="742289ff-f086-0101-6eca-ae6a031a6b78" testName="AadTokenServiceBase_AcquireToken_should_return_token_from_remote_cache_on_cache_hit" computerName="TFSBUILD11" duration="00:00:00.0055440" startTime="2015-09-28T09:43:53.7046150-07:00" endTime="2015-09-28T09:43:53.7202394-07:00" testType="13cdc9d9-ddb5-4fa4-a97d-d965ccfc6d4b" outcome="Passed" testListId="8c84fa94-04c1-424b-9868-57a2d4851a1d" relativeResultsDirectory="1f91a6f3-535d-4c89-9673-aff59a4ff808" />
    <UnitTestResult executionId="87af8b26-7ae4-42f0-8306-ccbb2d501dae" testId="5b21479c-587d-c17b-6da5-f95ec4dec998" testName="AadTokenServiceBase_AcquireToken_should_not_return_token_from_remote_cache_when_token_has_expired" computerName="TFSBUILD11" duration="00:00:00.0049749" startTime="2015-09-28T09:43:53.7202394-07:00" endTime="2015-09-28T09:43:53.7514925-07:00" testType="13cdc9d9-ddb5-4fa4-a97d-d965ccfc6d4b" outcome="Passed" testListId="8c84fa94-04c1-424b-9868-57a2d4851a1d" relativeResultsDirectory="87af8b26-7ae4-42f0-8306-ccbb2d501dae" />
    <UnitTestResult executionId="5f1f01fe-b418-4cab-adde-ec6042fbb41b" testId="74582051-de3b-5b10-c71a-4607af030fa0" testName="AadTokenServiceBase_AcquireToken_should_update_local_cache_on_cache_hit" computerName="TFSBUILD11" duration="00:00:00.0046597" startTime="2015-09-28T09:43:53.7514925-07:00" endTime="2015-09-28T09:43:53.7671189-07:00" testType="13cdc9d9-ddb5-4fa4-a97d-d965ccfc6d4b" outcome="Passed" testListId="8c84fa94-04c1-424b-9868-57a2d4851a1d" relativeResultsDirectory="5f1f01fe-b418-4cab-adde-ec6042fbb41b" />
    <UnitTestResult executionId="ba141c4d-1c23-42ba-9337-fc78b66c4700" testId="ba225ada-7c0b-7bb3-d13f-6df287168e34" testName="AadTokenServiceBase_AcquireToken_should_not_update_remote_cache_with_remote_token_when_remote_cache_is_disabled" computerName="TFSBUILD11" duration="00:00:00.0033518" startTime="2015-09-28T09:43:53.7671189-07:00" endTime="2015-09-28T09:43:53.7671189-07:00" testType="13cdc9d9-ddb5-4fa4-a97d-d965ccfc6d4b" outcome="Passed" testListId="8c84fa94-04c1-424b-9868-57a2d4851a1d" relativeResultsDirectory="ba141c4d-1c23-42ba-9337-fc78b66c4700" />
    <UnitTestResult executionId="a97250f0-c2be-4279-95a8-c488a04f16c5" testId="68befd6b-0c69-c112-b426-777dc55b4950" testName="AadTokenServiceBase_AcquireToken_should_update_remote_cache_with_remote_token" computerName="TFSBUILD11" duration="00:00:00.0028757" startTime="2015-09-28T09:43:53.7827452-07:00" endTime="2015-09-28T09:43:53.7827452-07:00" testType="13cdc9d9-ddb5-4fa4-a97d-d965ccfc6d4b" outcome="Passed" testListId="8c84fa94-04c1-424b-9868-57a2d4851a1d" relativeResultsDirectory="a97250f0-c2be-4279-95a8-c488a04f16c5" />
    <UnitTestResult executionId="915ecdf0-8117-4432-a805-2f8a41e37132" testId="c24054e0-41dc-86c2-da37-6751016bc21a" testName="AadTokenServiceBase_AcquireToken_should_update_local_cache_with_remote_token" computerName="TFSBUILD11" duration="00:00:00.0015379" startTime="2015-09-28T09:43:53.7827452-07:00" endTime="2015-09-28T09:43:53.7983716-07:00" testType="13cdc9d9-ddb5-4fa4-a97d-d965ccfc6d4b" outcome="Passed" testListId="8c84fa94-04c1-424b-9868-57a2d4851a1d" relativeResultsDirectory="915ecdf0-8117-4432-a805-2f8a41e37132" />
    <UnitTestResult executionId="5e6b3bf9-9490-4a8a-b91e-e0a7d615fa73" testId="5ead6cc1-b4d0-7577-06b3-443c74a98655" testName="AadTokenServiceBase_AcquireToken_should_use_specified_identity_descriptor_for_cache_lookup" computerName="TFSBUILD11" duration="00:00:00.0035128" startTime="2015-09-28T09:43:53.7983716-07:00" endTime="2015-09-28T09:43:53.8139980-07:00" testType="13cdc9d9-ddb5-4fa4-a97d-d965ccfc6d4b" outcome="Passed" testListId="8c84fa94-04c1-424b-9868-57a2d4851a1d" relativeResultsDirectory="5e6b3bf9-9490-4a8a-b91e-e0a7d615fa73" />
    <UnitTestResult executionId="da07e3e5-d50e-4b4b-95e2-9e95d17c5db3" testId="431c3ec3-596c-4611-3c54-a1136f6ad1b8" testName="AadTokenServiceBase_AcquireToken_should_return_token_from_aad_token_factory_when_service_is_disabled" computerName="TFSBUILD11" duration="00:00:00.0669481" startTime="2015-09-28T09:43:53.8139980-07:00" endTime="2015-09-28T09:43:53.8921255-07:00" testType="13cdc9d9-ddb5-4fa4-a97d-d965ccfc6d4b" outcome="Passed" testListId="8c84fa94-04c1-424b-9868-57a2d4851a1d" relativeResultsDirectory="da07e3e5-d50e-4b4b-95e2-9e95d17c5db3" />
    <UnitTestResult executionId="b049a309-e16b-48ab-8415-0aab33898b73" testId="15170bfe-404c-755f-c3b7-7aeba86dc3c2" testName="AadTokenServiceBase_AcquireAppToken_should_throw_when_request_context_is_null" computerName="TFSBUILD11" duration="00:00:00.0012694" startTime="2015-09-28T09:43:53.8921255-07:00" endTime="2015-09-28T09:43:53.9077521-07:00" testType="13cdc9d9-ddb5-4fa4-a97d-d965ccfc6d4b" outcome="Passed" testListId="8c84fa94-04c1-424b-9868-57a2d4851a1d" relativeResultsDirectory="b049a309-e16b-48ab-8415-0aab33898b73" />
    <UnitTestResult executionId="b9da1d54-2b4a-4a2e-b5af-80564cc64378" testId="c72a9767-e591-7272-973c-05f7d1df2c5b" testName="AadTokenServiceBase_AcquireAppToken_should_throw_argument_null_when_resource_is_null" computerName="TFSBUILD11" duration="00:00:00.0005961" startTime="2015-09-28T09:43:53.9077521-07:00" endTime="2015-09-28T09:43:53.9233765-07:00" testType="13cdc9d9-ddb5-4fa4-a97d-d965ccfc6d4b" outcome="Passed" testListId="8c84fa94-04c1-424b-9868-57a2d4851a1d" relativeResultsDirectory="b9da1d54-2b4a-4a2e-b5af-80564cc64378" />
    <UnitTestResult executionId="cde6dfee-de33-4c4a-826b-7380b60b07da" testId="bf06ea91-44a2-7d32-7c34-a14bf27466fe" testName="AadTokenServiceBase_AcquireAppToken_should_throw_argument_null_when_tenant_is_null" computerName="TFSBUILD11" duration="00:00:00.0005134" startTime="2015-09-28T09:43:53.9233765-07:00" endTime="2015-09-28T09:43:53.9233765-07:00" testType="13cdc9d9-ddb5-4fa4-a97d-d965ccfc6d4b" outcome="Passed" testListId="8c84fa94-04c1-424b-9868-57a2d4851a1d" relativeResultsDirectory="cde6dfee-de33-4c4a-826b-7380b60b07da" />
    <UnitTestResult executionId="d4b2b211-20db-4ed9-bc5c-7420b6aec0fd" testId="1859c755-5cfb-0538-0501-790d66ea1c46" testName="AadTokenServiceBase_AcquireAppToken_should_forward_to_deployment_service_when_host_type_is_not_deployment" computerName="TFSBUILD11" duration="00:00:00.0072664" startTime="2015-09-28T09:43:53.9233765-07:00" endTime="2015-09-28T09:43:53.9390024-07:00" testType="13cdc9d9-ddb5-4fa4-a97d-d965ccfc6d4b" outcome="Passed" testListId="8c84fa94-04c1-424b-9868-57a2d4851a1d" relativeResultsDirectory="d4b2b211-20db-4ed9-bc5c-7420b6aec0fd" />
    <UnitTestResult executionId="178fe667-ca4a-413d-8fff-01bbc24051fa" testId="4183e8da-5afa-ab36-0713-9bb4ac51ef7f" testName="AadTokenServiceBase_AcquireAppToken_should_not_get_from_local_cache_when_local_cache_feature_is_dsabled" computerName="TFSBUILD11" duration="00:00:00.0013402" startTime="2015-09-28T09:43:53.9390024-07:00" endTime="2015-09-28T09:43:53.9546291-07:00" testType="13cdc9d9-ddb5-4fa4-a97d-d965ccfc6d4b" outcome="Passed" testListId="8c84fa94-04c1-424b-9868-57a2d4851a1d" relativeResultsDirectory="178fe667-ca4a-413d-8fff-01bbc24051fa" />
    <UnitTestResult executionId="92e6be75-e560-4b79-88d5-aef4bfad576a" testId="5b1e2074-8fde-b58c-6c72-ab9ceb03bf0d" testName="AadTokenServiceBase_AcquireAppToken_should_return_token_from_local_cache_on_cache_hit" computerName="TFSBUILD11" duration="00:00:00.0007688" startTime="2015-09-28T09:43:53.9546291-07:00" endTime="2015-09-28T09:43:53.9702552-07:00" testType="13cdc9d9-ddb5-4fa4-a97d-d965ccfc6d4b" outcome="Passed" testListId="8c84fa94-04c1-424b-9868-57a2d4851a1d" relativeResultsDirectory="92e6be75-e560-4b79-88d5-aef4bfad576a" />
    <UnitTestResult executionId="86278986-2e22-456d-86c0-a3bb5bbaea98" testId="a15724ea-d8bb-e486-39a9-6a650bf68108" testName="AadTokenServiceBase_AcquireAppToken_should_not_return_token_from_local_cache_when_token_has_expired" computerName="TFSBUILD11" duration="00:00:00.0008638" startTime="2015-09-28T09:43:53.9702552-07:00" endTime="2015-09-28T09:43:53.9702552-07:00" testType="13cdc9d9-ddb5-4fa4-a97d-d965ccfc6d4b" outcome="Passed" testListId="8c84fa94-04c1-424b-9868-57a2d4851a1d" relativeResultsDirectory="86278986-2e22-456d-86c0-a3bb5bbaea98" />
    <UnitTestResult executionId="8d6d6c08-ee72-42ba-a946-f58729523774" testId="10c6c257-0444-87c8-7056-8ee1d1c6ad96" testName="AadTokenServiceBase_AcquireAppToken_should_not_get_from_remote_cache_when_remote_cache_feature_is_disabled" computerName="TFSBUILD11" duration="00:00:00.0016295" startTime="2015-09-28T09:43:53.9702552-07:00" endTime="2015-09-28T09:43:53.9858838-07:00" testType="13cdc9d9-ddb5-4fa4-a97d-d965ccfc6d4b" outcome="Passed" testListId="8c84fa94-04c1-424b-9868-57a2d4851a1d" relativeResultsDirectory="8d6d6c08-ee72-42ba-a946-f58729523774" />
    <UnitTestResult executionId="341e7c31-5a5a-47b4-84d5-82eeb111b60f" testId="926c141c-9fe7-12c2-f3c3-63f47bacce0f" testName="AadTokenServiceBase_AcquireAppToken_should_return_token_from_remote_cache_on_cache_hit" computerName="TFSBUILD11" duration="00:00:00.0023583" startTime="2015-09-28T09:43:53.9858838-07:00" endTime="2015-09-28T09:43:53.9858838-07:00" testType="13cdc9d9-ddb5-4fa4-a97d-d965ccfc6d4b" outcome="Passed" testListId="8c84fa94-04c1-424b-9868-57a2d4851a1d" relativeResultsDirectory="341e7c31-5a5a-47b4-84d5-82eeb111b60f" />
    <UnitTestResult executionId="e9ef8ab0-bf9c-40aa-85e4-39461ef659f7" testId="3462d36a-9a9b-1d81-f4ba-fd04cbafb786" testName="AadTokenServiceBase_AcquireAppToken_should_not_return_token_from_remote_cache_when_token_has_expired" computerName="TFSBUILD11" duration="00:00:00.0025992" startTime="2015-09-28T09:43:53.9858838-07:00" endTime="2015-09-28T09:43:54.0015094-07:00" testType="13cdc9d9-ddb5-4fa4-a97d-d965ccfc6d4b" outcome="Passed" testListId="8c84fa94-04c1-424b-9868-57a2d4851a1d" relativeResultsDirectory="e9ef8ab0-bf9c-40aa-85e4-39461ef659f7" />
    <UnitTestResult executionId="d133d2a3-b8f9-43cf-b7ec-c17311e4a393" testId="77344bb0-ef33-b737-398d-7a946e7db8b8" testName="AadTokenServiceBase_AcquireAppToken_should_update_local_cache_on_cache_hit" computerName="TFSBUILD11" duration="00:00:00.0034192" startTime="2015-09-28T09:43:54.0015094-07:00" endTime="2015-09-28T09:43:54.0171341-07:00" testType="13cdc9d9-ddb5-4fa4-a97d-d965ccfc6d4b" outcome="Passed" testListId="8c84fa94-04c1-424b-9868-57a2d4851a1d" relativeResultsDirectory="d133d2a3-b8f9-43cf-b7ec-c17311e4a393" />
    <UnitTestResult executionId="e55c9189-da53-4285-93a7-8a2350d5d418" testId="31e5371d-887e-8f95-1777-d4f23d3d62e6" testName="AadTokenServiceBase_AcquireAppToken_should_not_update_remote_cache_with_remote_token_when_remote_cache_is_disabled" computerName="TFSBUILD11" duration="00:00:00.0020514" startTime="2015-09-28T09:43:54.0171341-07:00" endTime="2015-09-28T09:43:54.0327636-07:00" testType="13cdc9d9-ddb5-4fa4-a97d-d965ccfc6d4b" outcome="Passed" testListId="8c84fa94-04c1-424b-9868-57a2d4851a1d" relativeResultsDirectory="e55c9189-da53-4285-93a7-8a2350d5d418" />
    <UnitTestResult executionId="76e9a412-8f87-45f4-95ce-334a4a3a8c0f" testId="7a39eb8a-99e2-3632-7530-484c334ed022" testName="AadTokenServiceBase_AcquireAppToken_should_update_remote_cache_with_remote_token" computerName="TFSBUILD11" duration="00:00:00.0019956" startTime="2015-09-28T09:43:54.0327636-07:00" endTime="2015-09-28T09:43:54.0327636-07:00" testType="13cdc9d9-ddb5-4fa4-a97d-d965ccfc6d4b" outcome="Passed" testListId="8c84fa94-04c1-424b-9868-57a2d4851a1d" relativeResultsDirectory="76e9a412-8f87-45f4-95ce-334a4a3a8c0f" />
    <UnitTestResult executionId="d828ef00-d865-497a-be2e-86f6979911db" testId="f974397e-da8e-7271-306b-71665b32ed61" testName="AadTokenServiceBase_AcquireAppToken_should_update_local_cache_with_remote_token" computerName="TFSBUILD11" duration="00:00:00.0008575" startTime="2015-09-28T09:43:54.0327636-07:00" endTime="2015-09-28T09:43:54.0483920-07:00" testType="13cdc9d9-ddb5-4fa4-a97d-d965ccfc6d4b" outcome="Passed" testListId="8c84fa94-04c1-424b-9868-57a2d4851a1d" relativeResultsDirectory="d828ef00-d865-497a-be2e-86f6979911db" />
    <UnitTestResult executionId="7efb25f7-694f-43d4-9000-548d50003685" testId="412ceb5f-90e2-b3d7-7aab-4c07fc60a00f" testName="AadTokenServiceBase_AcquireAppToken_should_return_token_from_aad_token_factory_when_service_is_disabled" computerName="TFSBUILD11" duration="00:00:00.0072078" startTime="2015-09-28T09:43:54.0483920-07:00" endTime="2015-09-28T09:43:54.0640207-07:00" testType="13cdc9d9-ddb5-4fa4-a97d-d965ccfc6d4b" outcome="Passed" testListId="8c84fa94-04c1-424b-9868-57a2d4851a1d" relativeResultsDirectory="7efb25f7-694f-43d4-9000-548d50003685" />
    <UnitTestResult executionId="1a06eac7-87bc-4d51-bfd7-496bcb566882" testId="08972bac-89e6-aca1-3764-69ee31cae5d6" testName="FrameworkAadTokenService_GetUserAccessToken_should_throw_when_request_context_is_null" computerName="TFSBUILD11" duration="00:00:00.0015081" startTime="2015-09-28T09:43:54.0640207-07:00" endTime="2015-09-28T09:43:54.1421427-07:00" testType="13cdc9d9-ddb5-4fa4-a97d-d965ccfc6d4b" outcome="Passed" testListId="8c84fa94-04c1-424b-9868-57a2d4851a1d" relativeResultsDirectory="1a06eac7-87bc-4d51-bfd7-496bcb566882" />
    <UnitTestResult executionId="0d656316-d21d-4cdd-b46c-db994d89bd0f" testId="408e72e8-841d-afc4-008f-e596ccbaa1d5" testName="FrameworkAadTokenService_GetUserAccessToken_should_throw_when_resource_is_null" computerName="TFSBUILD11" duration="00:00:00.0003117" startTime="2015-09-28T09:43:54.1421427-07:00" endTime="2015-09-28T09:43:54.1421427-07:00" testType="13cdc9d9-ddb5-4fa4-a97d-d965ccfc6d4b" outcome="Passed" testListId="8c84fa94-04c1-424b-9868-57a2d4851a1d" relativeResultsDirectory="0d656316-d21d-4cdd-b46c-db994d89bd0f" />
    <UnitTestResult executionId="8d31f9a0-9e39-4a54-ba8e-b59ddbdb09ea" testId="da28d6c9-446f-3e9f-5a2a-bb9470099b3e" testName="FrameworkAadTokenService_GetUserAccessToken_should_throw_when_tenant_id_is_null" computerName="TFSBUILD11" duration="00:00:00.0002929" startTime="2015-09-28T09:43:54.1421427-07:00" endTime="2015-09-28T09:43:54.1421427-07:00" testType="13cdc9d9-ddb5-4fa4-a97d-d965ccfc6d4b" outcome="Passed" testListId="8c84fa94-04c1-424b-9868-57a2d4851a1d" relativeResultsDirectory="8d31f9a0-9e39-4a54-ba8e-b59ddbdb09ea" />
    <UnitTestResult executionId="3de1e1eb-72c7-4f16-9f43-bb91b8622eac" testId="26400dde-7305-5485-c0fc-452438bc3309" testName="FrameworkAadTokenService_GetUserAccessToken_should_throw_when_identity_descriptor_is_null" computerName="TFSBUILD11" duration="00:00:00.0003211" startTime="2015-09-28T09:43:54.1421427-07:00" endTime="2015-09-28T09:43:54.1421427-07:00" testType="13cdc9d9-ddb5-4fa4-a97d-d965ccfc6d4b" outcome="Passed" testListId="8c84fa94-04c1-424b-9868-57a2d4851a1d" relativeResultsDirectory="3de1e1eb-72c7-4f16-9f43-bb91b8622eac" />
    <UnitTestResult executionId="22c07a5f-7585-4dd1-a7cf-4be95f3ca3ec" testId="84634c2c-2e43-c7b8-c3ab-2834abccc841" testName="FrameworkAadTokenService_GetUserAccessToken_should_get_token_from_http_client" computerName="TFSBUILD11" duration="00:00:00.0031610" startTime="2015-09-28T09:43:54.1421427-07:00" endTime="2015-09-28T09:43:54.1577691-07:00" testType="13cdc9d9-ddb5-4fa4-a97d-d965ccfc6d4b" outcome="Passed" testListId="8c84fa94-04c1-424b-9868-57a2d4851a1d" relativeResultsDirectory="22c07a5f-7585-4dd1-a7cf-4be95f3ca3ec" />
    <UnitTestResult executionId="62170d23-f380-4569-9cb2-5606ec62f940" testId="19f067cd-b64d-6e20-598b-dbd30251d8da" testName="FrameworkAadTokenService_GetApplicationToken_should_throw_when_request_context_is_null" computerName="TFSBUILD11" duration="00:00:00.0010143" startTime="2015-09-28T09:43:54.1577691-07:00" endTime="2015-09-28T09:43:54.1577691-07:00" testType="13cdc9d9-ddb5-4fa4-a97d-d965ccfc6d4b" outcome="Passed" testListId="8c84fa94-04c1-424b-9868-57a2d4851a1d" relativeResultsDirectory="62170d23-f380-4569-9cb2-5606ec62f940" />
    <UnitTestResult executionId="4a38c96b-66b9-444d-b9e7-dd1284070e8f" testId="0dc158a2-8b00-9c47-04e0-db75d97ff526" testName="FrameworkAadTokenService_GetApplicationToken_should_throw_when_resource_is_null" computerName="TFSBUILD11" duration="00:00:00.0003717" startTime="2015-09-28T09:43:54.1577691-07:00" endTime="2015-09-28T09:43:54.1577691-07:00" testType="13cdc9d9-ddb5-4fa4-a97d-d965ccfc6d4b" outcome="Passed" testListId="8c84fa94-04c1-424b-9868-57a2d4851a1d" relativeResultsDirectory="4a38c96b-66b9-444d-b9e7-dd1284070e8f" />
    <UnitTestResult executionId="03661b9a-8771-494d-8783-b768d663f068" testId="8e68e769-4f7d-6c85-c5e1-ea063d0c1bfe" testName="FrameworkAadTokenService_GetAppAccessToken_should_throw_when_tenant_id_is_null" computerName="TFSBUILD11" duration="00:00:00.0003325" startTime="2015-09-28T09:43:54.1577691-07:00" endTime="2015-09-28T09:43:54.1733963-07:00" testType="13cdc9d9-ddb5-4fa4-a97d-d965ccfc6d4b" outcome="Passed" testListId="8c84fa94-04c1-424b-9868-57a2d4851a1d" relativeResultsDirectory="03661b9a-8771-494d-8783-b768d663f068" />
    <UnitTestResult executionId="b98e1fd4-9997-4bb3-9c9b-c4faf7b0d6d0" testId="4c1cddeb-0074-e30d-f0ef-7960c3d73d05" testName="FrameworkAadTokenService_GetAppAccessToken_should_get_token_from_http_client" computerName="TFSBUILD11" duration="00:00:00.0017021" startTime="2015-09-28T09:43:54.1733963-07:00" endTime="2015-09-28T09:43:54.1733963-07:00" testType="13cdc9d9-ddb5-4fa4-a97d-d965ccfc6d4b" outcome="Passed" testListId="8c84fa94-04c1-424b-9868-57a2d4851a1d" relativeResultsDirectory="b98e1fd4-9997-4bb3-9c9b-c4faf7b0d6d0" />
    <UnitTestResult executionId="805b05ea-980c-40fd-838a-180960a42d6b" testId="46576e31-4977-0917-13aa-687273304084" testName="CanValidate_should_return_false_when_client_auth_is_disabled_in_settings" computerName="TFSBUILD11" duration="00:00:00.0003646" startTime="2015-09-28T09:43:54.1733963-07:00" endTime="2015-09-28T09:43:54.2046463-07:00" testType="13cdc9d9-ddb5-4fa4-a97d-d965ccfc6d4b" outcome="Passed" testListId="8c84fa94-04c1-424b-9868-57a2d4851a1d" relativeResultsDirectory="805b05ea-980c-40fd-838a-180960a42d6b" />
    <UnitTestResult executionId="7409f99a-26ec-4a94-a9a7-09e3e4984aa9" testId="553cce10-7fe5-fbf2-6efe-d797a8836c55" testName="CanValidate_should_return_true_when_clientauth_is_enabled_in_settings" computerName="TFSBUILD11" duration="00:00:00.0001883" startTime="2015-09-28T09:43:54.2046463-07:00" endTime="2015-09-28T09:43:54.2202747-07:00" testType="13cdc9d9-ddb5-4fa4-a97d-d965ccfc6d4b" outcome="Passed" testListId="8c84fa94-04c1-424b-9868-57a2d4851a1d" relativeResultsDirectory="7409f99a-26ec-4a94-a9a7-09e3e4984aa9" />
    <UnitTestResult executionId="cfa507c2-fe03-4d09-9c68-d1b24c627865" testId="e9a125ee-3957-cd3a-9b75-330be4ce4119" testName="ValidateIdentity_should_return_false_when_identity_name_is_empty" computerName="TFSBUILD11" duration="00:00:00.0039028" startTime="2015-09-28T09:43:54.2202747-07:00" endTime="2015-09-28T09:43:54.2358991-07:00" testType="13cdc9d9-ddb5-4fa4-a97d-d965ccfc6d4b" outcome="Passed" testListId="8c84fa94-04c1-424b-9868-57a2d4851a1d" relativeResultsDirectory="cfa507c2-fe03-4d09-9c68-d1b24c627865" />
    <UnitTestResult executionId="baae8caf-a1bf-4407-ad7c-f487e63c8f9f" testId="2381421c-6847-c31b-401f-a3033af72cd8" testName="ValidateIdentity_should_return_false_when_identity_name_is_not_a_valid_guid" computerName="TFSBUILD11" duration="00:00:00.0006505" startTime="2015-09-28T09:43:54.2358991-07:00" endTime="2015-09-28T09:43:54.2358991-07:00" testType="13cdc9d9-ddb5-4fa4-a97d-d965ccfc6d4b" outcome="Passed" testListId="8c84fa94-04c1-424b-9868-57a2d4851a1d" relativeResultsDirectory="baae8caf-a1bf-4407-ad7c-f487e63c8f9f" />
    <UnitTestResult executionId="662b0140-86b3-4922-8f8e-f39c85e416ae" testId="25d4c3b7-a275-8454-f6bd-5a76c7ad0ebf" testName="ValidateIdentity_should_return_false_when_token_does_not_contain_a_scope_claim" computerName="TFSBUILD11" duration="00:00:00.0011056" startTime="2015-09-28T09:43:54.2358991-07:00" endTime="2015-09-28T09:43:54.2515246-07:00" testType="13cdc9d9-ddb5-4fa4-a97d-d965ccfc6d4b" outcome="Passed" testListId="8c84fa94-04c1-424b-9868-57a2d4851a1d" relativeResultsDirectory="662b0140-86b3-4922-8f8e-f39c85e416ae" />
    <UnitTestResult executionId="70ced083-fd95-471f-9eef-71e20034cf03" testId="b6d90d2e-74f5-1582-9199-f1a8f5d45485" testName="ValidateIdentity_should_return_false_when_scope_is_not_valid_for_request" computerName="TFSBUILD11" duration="00:00:00.0044620" startTime="2015-09-28T09:43:54.2515246-07:00" endTime="2015-09-28T09:43:54.2827774-07:00" testType="13cdc9d9-ddb5-4fa4-a97d-d965ccfc6d4b" outcome="Passed" testListId="8c84fa94-04c1-424b-9868-57a2d4851a1d" relativeResultsDirectory="70ced083-fd95-471f-9eef-71e20034cf03" />
    <UnitTestResult executionId="7fa1c493-d295-4ce2-b97c-a70ad161a8b6" testId="c2930192-b5e9-e566-4eb6-449f9772ba36" testName="ValidateIdentity_should_validate_correctly" computerName="TFSBUILD11" duration="00:00:00.0045417" startTime="2015-09-28T09:43:54.2827774-07:00" endTime="2015-09-28T09:43:54.2984029-07:00" testType="13cdc9d9-ddb5-4fa4-a97d-d965ccfc6d4b" outcome="Passed" testListId="8c84fa94-04c1-424b-9868-57a2d4851a1d" relativeResultsDirectory="7fa1c493-d295-4ce2-b97c-a70ad161a8b6" />
    <UnitTestResult executionId="db3d0f61-d69c-4e92-9ed3-100a3b1387bb" testId="b6798e84-d826-4c8e-3ff4-2eec0810558b" testName="TransformIdentityClaims_should_throw_validation_exception_when_identity_was_not_found" computerName="TFSBUILD11" duration="00:00:00.0080648" startTime="2015-09-28T09:43:54.2984029-07:00" endTime="2015-09-28T09:43:54.3140293-07:00" testType="13cdc9d9-ddb5-4fa4-a97d-d965ccfc6d4b" outcome="Passed" testListId="8c84fa94-04c1-424b-9868-57a2d4851a1d" relativeResultsDirectory="db3d0f61-d69c-4e92-9ed3-100a3b1387bb" />
    <UnitTestResult executionId="1f9e0883-f4f9-40a6-bc7b-2de27f82ad7e" testId="368d3507-950d-c653-a396-f8a0ef9d7835" testName="TransformIdentityClaims_should_transform_identity_name_with_identity_identitifer_descriptor" computerName="TFSBUILD11" duration="00:00:00.0048836" startTime="2015-09-28T09:43:54.3140293-07:00" endTime="2015-09-28T09:43:54.3296552-07:00" testType="13cdc9d9-ddb5-4fa4-a97d-d965ccfc6d4b" outcome="Passed" testListId="8c84fa94-04c1-424b-9868-57a2d4851a1d" relativeResultsDirectory="1f9e0883-f4f9-40a6-bc7b-2de27f82ad7e" />
    <UnitTestResult executionId="d028506f-3110-415c-92d9-c2c677d91ab6" testId="2b92d109-e2a8-d257-582c-f64cb94589e4" testName="TransformIdentityClaims_should_set_flag_in_request_context_items_indicating_alternate_credentials" computerName="TFSBUILD11" duration="00:00:00.0072604" startTime="2015-09-28T09:43:54.3296552-07:00" endTime="2015-09-28T09:43:54.3452810-07:00" testType="13cdc9d9-ddb5-4fa4-a97d-d965ccfc6d4b" outcome="Passed" testListId="8c84fa94-04c1-424b-9868-57a2d4851a1d" relativeResultsDirectory="d028506f-3110-415c-92d9-c2c677d91ab6" />
    <UnitTestResult executionId="23626e4e-ad63-4c3d-a0f2-19a397ab58f8" testId="56078e90-bc04-e936-3511-7e524ba2962c" testName="TransformIdentityClaims_should_not_set_flag_in_request_context_items_indicating_alternate_credentials_when_scope_is_user_impersonation" computerName="TFSBUILD11" duration="00:00:00.0042786" startTime="2015-09-28T09:43:54.3452810-07:00" endTime="2015-09-28T09:43:54.3609082-07:00" testType="13cdc9d9-ddb5-4fa4-a97d-d965ccfc6d4b" outcome="Passed" testListId="8c84fa94-04c1-424b-9868-57a2d4851a1d" relativeResultsDirectory="23626e4e-ad63-4c3d-a0f2-19a397ab58f8" />
    <UnitTestResult executionId="7a517f0c-6e0f-4dbb-a33c-7d4d4a9476e2" testId="333ec26e-9e30-61d6-991f-c2704476aa2a" testName="CanValidateToken_should_return_false_when_s2s_auth_is_disabled_in_settings" computerName="TFSBUILD11" duration="00:00:00.0002943" startTime="2015-09-28T09:43:54.3609082-07:00" endTime="2015-09-28T09:43:54.3765338-07:00" testType="13cdc9d9-ddb5-4fa4-a97d-d965ccfc6d4b" outcome="Passed" testListId="8c84fa94-04c1-424b-9868-57a2d4851a1d" relativeResultsDirectory="7a517f0c-6e0f-4dbb-a33c-7d4d4a9476e2" />
    <UnitTestResult executionId="607ffeda-c373-43b6-a040-a25789e88b91" testId="1ce44fc1-0503-b44a-f956-e0b1048532db" testName="CanValidateToken_should_return_true_when_s2s_auth_is_enabled_in_settings" computerName="TFSBUILD11" duration="00:00:00.0001425" startTime="2015-09-28T09:43:54.3765338-07:00" endTime="2015-09-28T09:43:54.3921605-07:00" testType="13cdc9d9-ddb5-4fa4-a97d-d965ccfc6d4b" outcome="Passed" testListId="8c84fa94-04c1-424b-9868-57a2d4851a1d" relativeResultsDirectory="607ffeda-c373-43b6-a040-a25789e88b91" />
    <UnitTestResult executionId="a7b2a484-a258-44e6-bfa0-9ded44f20b12" testId="6b7b73bb-11e0-4319-1c64-98d306a16272" testName="ValidateIdentity_should_return_false_when_identity_name_is_not_a_valid_service_principal_name" computerName="TFSBUILD11" duration="00:00:00.0012595" startTime="2015-09-28T09:43:54.3921605-07:00" endTime="2015-09-28T09:43:54.4077863-07:00" testType="13cdc9d9-ddb5-4fa4-a97d-d965ccfc6d4b" outcome="Passed" testListId="8c84fa94-04c1-424b-9868-57a2d4851a1d" relativeResultsDirectory="a7b2a484-a258-44e6-bfa0-9ded44f20b12" />
    <UnitTestResult executionId="7250441e-3c2e-4832-909f-b6a19f0d2fd2" testId="440eab0e-c588-1362-bab6-dc12601b1ed0" testName="ValidateIdentity_should_return_false_when_identity_name_is_not_a_trusted_service_principal_name" computerName="TFSBUILD11" duration="00:00:00.0004485" startTime="2015-09-28T09:43:54.4077863-07:00" endTime="2015-09-28T09:43:54.4234113-07:00" testType="13cdc9d9-ddb5-4fa4-a97d-d965ccfc6d4b" outcome="Passed" testListId="8c84fa94-04c1-424b-9868-57a2d4851a1d" relativeResultsDirectory="7250441e-3c2e-4832-909f-b6a19f0d2fd2" />
    <UnitTestResult executionId="3250b5f5-e8a5-4608-b6ea-d7198b6c6392" testId="b483bfbe-2f7b-f6f6-6d86-c8954c92b612" testName="ValidateIdentity_should_return_true_when_identity_name_is_a_trusted_service_principal_name" computerName="TFSBUILD11" duration="00:00:00.0005654" startTime="2015-09-28T09:43:54.4234113-07:00" endTime="2015-09-28T09:43:54.4234113-07:00" testType="13cdc9d9-ddb5-4fa4-a97d-d965ccfc6d4b" outcome="Passed" testListId="8c84fa94-04c1-424b-9868-57a2d4851a1d" relativeResultsDirectory="3250b5f5-e8a5-4608-b6ea-d7198b6c6392" />
    <UnitTestResult executionId="cec8f5d8-2bd7-4b3e-b2e7-41f26255a02c" testId="6db86513-1fa3-ab8a-e927-e61393ed0f5a" testName="ValidateIdentity_should_return_false_when_impersonated_identity_is_not_a_valid_service_principal_name" computerName="TFSBUILD11" duration="00:00:00.0010370" startTime="2015-09-28T09:43:54.4234113-07:00" endTime="2015-09-28T09:43:54.4390379-07:00" testType="13cdc9d9-ddb5-4fa4-a97d-d965ccfc6d4b" outcome="Passed" testListId="8c84fa94-04c1-424b-9868-57a2d4851a1d" relativeResultsDirectory="cec8f5d8-2bd7-4b3e-b2e7-41f26255a02c" />
    <UnitTestResult executionId="c7c80396-2ddb-4e8e-96ba-ae8739991637" testId="66d4442b-92fc-e0fa-b047-a937a68a08db" testName="ValidateIdentity_should_return_false_when_impersonated_identity_name_is_not_a_trusted_service_principal_name" computerName="TFSBUILD11" duration="00:00:00.0007287" startTime="2015-09-28T09:43:54.4390379-07:00" endTime="2015-09-28T09:43:54.4546640-07:00" testType="13cdc9d9-ddb5-4fa4-a97d-d965ccfc6d4b" outcome="Passed" testListId="8c84fa94-04c1-424b-9868-57a2d4851a1d" relativeResultsDirectory="c7c80396-2ddb-4e8e-96ba-ae8739991637" />
    <UnitTestResult executionId="17f7388c-3a1d-442e-a75e-1222a32417c8" testId="4187917a-7583-0232-4c33-aeb3376e730a" testName="ValidateIdentity_should_return_true_when_impersonated_identity_name_is_a_trusted_service_principal_name" computerName="TFSBUILD11" duration="00:00:00.0007563" startTime="2015-09-28T09:43:54.4546640-07:00" endTime="2015-09-28T09:43:54.4702904-07:00" testType="13cdc9d9-ddb5-4fa4-a97d-d965ccfc6d4b" outcome="Passed" testListId="8c84fa94-04c1-424b-9868-57a2d4851a1d" relativeResultsDirectory="17f7388c-3a1d-442e-a75e-1222a32417c8" />
    <UnitTestResult executionId="ba7484ab-fe9f-44c8-9fe5-7d986bb2fce8" testId="cc87b9cc-deeb-dedc-70b1-29849121be22" testName="TransformIdentityClaims_should_remove_name_identifier_claims_that_do_not_match_token_nameid_claim" computerName="TFSBUILD11" duration="00:00:00.0033777" startTime="2015-09-28T09:43:54.4702904-07:00" endTime="2015-09-28T09:43:54.4859163-07:00" testType="13cdc9d9-ddb5-4fa4-a97d-d965ccfc6d4b" outcome="Passed" testListId="8c84fa94-04c1-424b-9868-57a2d4851a1d" relativeResultsDirectory="ba7484ab-fe9f-44c8-9fe5-7d986bb2fce8" />
    <UnitTestResult executionId="c526e03c-7980-45fc-a835-c8d71663f221" testId="463fb65c-bfc2-9abb-f93e-3e41873abc69" testName="TransformIdentityClaims_should_set_impersonating_to_true_when_identity_contains_an_actor" computerName="TFSBUILD11" duration="00:00:00.0007532" startTime="2015-09-28T09:43:54.4859163-07:00" endTime="2015-09-28T09:43:54.5015421-07:00" testType="13cdc9d9-ddb5-4fa4-a97d-d965ccfc6d4b" outcome="Passed" testListId="8c84fa94-04c1-424b-9868-57a2d4851a1d" relativeResultsDirectory="c526e03c-7980-45fc-a835-c8d71663f221" />
    <UnitTestResult executionId="51da5eee-990d-4a99-b997-b6b11ed8ec04" testId="32ff5600-378d-a168-2a30-0a6cf82a3f17" testName="Should_return_true_when_execution_environment_is_not_hosted" computerName="TFSBUILD11" duration="00:00:00.0245290" startTime="2015-09-28T09:43:54.5015421-07:00" endTime="2015-09-28T09:43:54.5327977-07:00" testType="13cdc9d9-ddb5-4fa4-a97d-d965ccfc6d4b" outcome="Passed" testListId="8c84fa94-04c1-424b-9868-57a2d4851a1d" relativeResultsDirectory="51da5eee-990d-4a99-b997-b6b11ed8ec04" />
    <UnitTestResult executionId="c1b365de-0d7a-4c51-a622-ce908bbe67a1" testId="c9af1bef-932f-5f9e-e57f-cdc5afb00f47" testName="Should_return_true_when_service_host_is_deployment" computerName="TFSBUILD11" duration="00:00:00.0007219" startTime="2015-09-28T09:43:54.5327977-07:00" endTime="2015-09-28T09:43:54.5484204-07:00" testType="13cdc9d9-ddb5-4fa4-a97d-d965ccfc6d4b" outcome="Passed" testListId="8c84fa94-04c1-424b-9868-57a2d4851a1d" relativeResultsDirectory="c1b365de-0d7a-4c51-a622-ce908bbe67a1" />
    <UnitTestResult executionId="03dbcf6c-262b-42f8-82f4-3b52786d268b" testId="a632b2e3-ebcf-21ef-3d23-11757c2af967" testName="Should_return_true_when_aad_group_feature_is_disabled" computerName="TFSBUILD11" duration="00:00:00.0010959" startTime="2015-09-28T09:43:54.5484204-07:00" endTime="2015-09-28T09:43:54.5640471-07:00" testType="13cdc9d9-ddb5-4fa4-a97d-d965ccfc6d4b" outcome="Passed" testListId="8c84fa94-04c1-424b-9868-57a2d4851a1d" relativeResultsDirectory="03dbcf6c-262b-42f8-82f4-3b52786d268b" />
    <UnitTestResult executionId="a075c20a-4bb4-4641-aba6-62cec16df91a" testId="1736ca88-007d-d8ac-0186-3f911730fece" testName="Should_return_true_when_request_restriction_is_anonymous" computerName="TFSBUILD11" duration="00:00:00.0007566" startTime="2015-09-28T09:43:54.5640471-07:00" endTime="2015-09-28T09:43:54.5640471-07:00" testType="13cdc9d9-ddb5-4fa4-a97d-d965ccfc6d4b" outcome="Passed" testListId="8c84fa94-04c1-424b-9868-57a2d4851a1d" relativeResultsDirectory="a075c20a-4bb4-4641-aba6-62cec16df91a" />
    <UnitTestResult executionId="488f56df-0d5e-4fc9-9b43-fa39a9187e48" testId="0ea8c2dd-5af7-7bdc-cb24-2b29f0762bf5" testName="Should_return_true_when_current_request_identity_is_null" computerName="TFSBUILD11" duration="00:00:00.0010399" startTime="2015-09-28T09:43:54.5640471-07:00" endTime="2015-09-28T09:43:54.5796732-07:00" testType="13cdc9d9-ddb5-4fa4-a97d-d965ccfc6d4b" outcome="Passed" testListId="8c84fa94-04c1-424b-9868-57a2d4851a1d" relativeResultsDirectory="488f56df-0d5e-4fc9-9b43-fa39a9187e48" />
    <UnitTestResult executionId="ab19c4e3-6a6a-47e8-b281-39f60ad2d2b4" testId="6b5a814f-aa3d-ef55-5d3b-80ffe13c97c2" testName="Should_return_true_when_identity_is_not_an_external_identity" computerName="TFSBUILD11" duration="00:00:00.0002619" startTime="2015-09-28T09:43:54.5796732-07:00" endTime="2015-09-28T09:43:54.5952990-07:00" testType="13cdc9d9-ddb5-4fa4-a97d-d965ccfc6d4b" outcome="Passed" testListId="8c84fa94-04c1-424b-9868-57a2d4851a1d" relativeResultsDirectory="ab19c4e3-6a6a-47e8-b281-39f60ad2d2b4" />
    <UnitTestResult executionId="829dc2b3-8a43-43f5-92b9-d2ffcfef42f1" testId="0b20f5c5-a0ec-d1c6-bee5-4a6ccbb3bb14" testName="Should_return_true_when_token_does_not_require_updating" computerName="TFSBUILD11" duration="00:00:00.0016779" startTime="2015-09-28T09:43:54.5952990-07:00" endTime="2015-09-28T09:43:54.5952990-07:00" testType="13cdc9d9-ddb5-4fa4-a97d-d965ccfc6d4b" outcome="Passed" testListId="8c84fa94-04c1-424b-9868-57a2d4851a1d" relativeResultsDirectory="829dc2b3-8a43-43f5-92b9-d2ffcfef42f1" />
    <UnitTestResult executionId="29f60ed8-800b-4b17-b59d-721611bbfdba" testId="1163f98d-b291-79f2-b465-b86c901b4bf3" testName="Should_return_true_when_request_is_an_ajax_request" computerName="TFSBUILD11" duration="00:00:00.0011323" startTime="2015-09-28T09:43:54.5952990-07:00" endTime="2015-09-28T09:43:54.6109252-07:00" testType="13cdc9d9-ddb5-4fa4-a97d-d965ccfc6d4b" outcome="Passed" testListId="8c84fa94-04c1-424b-9868-57a2d4851a1d" relativeResultsDirectory="29f60ed8-800b-4b17-b59d-721611bbfdba" />
    <UnitTestResult executionId="3f511c2f-cea7-4451-801c-14402cc5abc8" testId="b4f6e00e-8ada-e6ab-9cc7-3aea9e081e26" testName="Should_return_true_when_request_authentication_type_is_basic" computerName="TFSBUILD11" duration="00:00:00.0008436" startTime="2015-09-28T09:43:54.6109252-07:00" endTime="2015-09-28T09:43:54.6265533-07:00" testType="13cdc9d9-ddb5-4fa4-a97d-d965ccfc6d4b" outcome="Passed" testListId="8c84fa94-04c1-424b-9868-57a2d4851a1d" relativeResultsDirectory="3f511c2f-cea7-4451-801c-14402cc5abc8" />
    <UnitTestResult executionId="bb83e42c-72a1-4c18-8f95-5475b38fdca1" testId="8993e9a2-ddc2-c56e-2d0f-a884d5512a7e" testName="Should_return_true_when_request_credentials_are_alternate_credentials" computerName="TFSBUILD11" duration="00:00:00.0004471" startTime="2015-09-28T09:43:54.6265533-07:00" endTime="2015-09-28T09:43:54.6421797-07:00" testType="13cdc9d9-ddb5-4fa4-a97d-d965ccfc6d4b" outcome="Passed" testListId="8c84fa94-04c1-424b-9868-57a2d4851a1d" relativeResultsDirectory="bb83e42c-72a1-4c18-8f95-5475b38fdca1" />
    <UnitTestResult executionId="34572555-2b84-40b7-adcc-9d3ed86ede79" testId="0776b965-6c44-74be-e833-b3b524798457" testName="Should_return_true_when_request_accept_type_is_an_image" computerName="TFSBUILD11" duration="00:00:00.0013513" startTime="2015-09-28T09:43:54.6421797-07:00" endTime="2015-09-28T09:43:54.6578038-07:00" testType="13cdc9d9-ddb5-4fa4-a97d-d965ccfc6d4b" outcome="Passed" testListId="8c84fa94-04c1-424b-9868-57a2d4851a1d" relativeResultsDirectory="34572555-2b84-40b7-adcc-9d3ed86ede79" />
    <UnitTestResult executionId="e90fcddb-4f05-46f1-8e3b-7918c803aa07" testId="82ca6a73-593e-c2c1-0176-262a6f28670e" testName="Should_not_attempt_to_update_refresh_token_when_request_is_an_ajax_request" computerName="TFSBUILD11" duration="00:00:00.0003876" startTime="2015-09-28T09:43:54.6578038-07:00" endTime="2015-09-28T09:43:54.6734302-07:00" testType="13cdc9d9-ddb5-4fa4-a97d-d965ccfc6d4b" outcome="Passed" testListId="8c84fa94-04c1-424b-9868-57a2d4851a1d" relativeResultsDirectory="e90fcddb-4f05-46f1-8e3b-7918c803aa07" />
    <UnitTestResult executionId="5990cc62-bd52-418f-b1b9-78c27803ad63" testId="584ee6f9-28cd-75a6-55b9-b16fb90ad102" testName="Should_redirect_response_to_sign_in_location" computerName="TFSBUILD11" duration="00:00:00.0147111" startTime="2015-09-28T09:43:54.6734302-07:00" endTime="2015-09-28T09:43:54.6890566-07:00" testType="13cdc9d9-ddb5-4fa4-a97d-d965ccfc6d4b" outcome="Passed" testListId="8c84fa94-04c1-424b-9868-57a2d4851a1d" relativeResultsDirectory="5990cc62-bd52-418f-b1b9-78c27803ad63" />
    <UnitTestResult executionId="704d9a43-acec-48f0-8fdb-f20c3d0c47cc" testId="4cc66665-b2c8-e035-6dee-5ab8aedcdb09" testName="Should_add_federated_authentication_headers_to_response" computerName="TFSBUILD11" duration="00:00:00.0023224" startTime="2015-09-28T09:43:54.6890566-07:00" endTime="2015-09-28T09:43:54.6890566-07:00" testType="13cdc9d9-ddb5-4fa4-a97d-d965ccfc6d4b" outcome="Passed" testListId="8c84fa94-04c1-424b-9868-57a2d4851a1d" relativeResultsDirectory="704d9a43-acec-48f0-8fdb-f20c3d0c47cc" />
    <UnitTestResult executionId="c27c0eed-13cc-46d8-a36b-8361f8da3044" testId="3dd7fb57-2e04-1d96-4608-1f95ba74d03c" testName="Should_add_invalid_token_header_to_response" computerName="TFSBUILD11" duration="00:00:00.0010746" startTime="2015-09-28T09:43:54.6890566-07:00" endTime="2015-09-28T09:43:54.7046821-07:00" testType="13cdc9d9-ddb5-4fa4-a97d-d965ccfc6d4b" outcome="Passed" testListId="8c84fa94-04c1-424b-9868-57a2d4851a1d" relativeResultsDirectory="c27c0eed-13cc-46d8-a36b-8361f8da3044" />
    <UnitTestResult executionId="191e9533-23b7-43e0-93fd-ab62e556a949" testId="b40bd1d5-7f7b-7564-ca38-594f163378d3" testName="Should_complete_current_request" computerName="TFSBUILD11" duration="00:00:00.0012276" startTime="2015-09-28T09:43:54.7046821-07:00" endTime="2015-09-28T09:43:54.7046821-07:00" testType="13cdc9d9-ddb5-4fa4-a97d-d965ccfc6d4b" outcome="Passed" testListId="8c84fa94-04c1-424b-9868-57a2d4851a1d" relativeResultsDirectory="191e9533-23b7-43e0-93fd-ab62e556a949" />
    <UnitTestResult executionId="4b4f67f1-7c30-4bd8-b0d1-869cdaa47469" testId="46d6bbbe-3266-870c-f755-d5f18706d41f" testName="Audience_not_in_personal_access_token_format_should_return_false_when_audience_does_not_match_valid_audiences" computerName="TFSBUILD11" duration="00:00:00.0103810" startTime="2015-09-28T09:43:54.7046821-07:00" endTime="2015-09-28T09:43:54.7203079-07:00" testType="13cdc9d9-ddb5-4fa4-a97d-d965ccfc6d4b" outcome="Passed" testListId="8c84fa94-04c1-424b-9868-57a2d4851a1d" relativeResultsDirectory="4b4f67f1-7c30-4bd8-b0d1-869cdaa47469" />
    <UnitTestResult executionId="5aab271e-dd20-4a57-8cdf-def2c00d4b8b" testId="81fab866-28f9-f665-0219-c0c722f45c63" testName="Audience_not_in_personal_access_token_format_should_return_true_when_audience_match_valid_audiences" computerName="TFSBUILD11" duration="00:00:00.0102439" startTime="2015-09-28T09:43:54.7203079-07:00" endTime="2015-09-28T09:43:54.7359346-07:00" testType="13cdc9d9-ddb5-4fa4-a97d-d965ccfc6d4b" outcome="Passed" testListId="8c84fa94-04c1-424b-9868-57a2d4851a1d" relativeResultsDirectory="5aab271e-dd20-4a57-8cdf-def2c00d4b8b" />
    <UnitTestResult executionId="f85a8f72-0677-4d15-bb19-832fec13912a" testId="faefe160-358b-723f-7380-074c80ddb82d" testName="Validate_audience_should_return_false_when_audience_host_does_not_match_allowed_hosts" computerName="TFSBUILD11" duration="00:00:00.0116027" startTime="2015-09-28T09:43:54.7359346-07:00" endTime="2015-09-28T09:43:54.7515607-07:00" testType="13cdc9d9-ddb5-4fa4-a97d-d965ccfc6d4b" outcome="Passed" testListId="8c84fa94-04c1-424b-9868-57a2d4851a1d" relativeResultsDirectory="f85a8f72-0677-4d15-bb19-832fec13912a" />
    <UnitTestResult executionId="3921dfe2-695e-4c65-9979-9337d93fa143" testId="fc64c503-50fb-fb8f-d3e2-473ed7a15554" testName="Validate_audience_should_return_false_when_audience_host_does_not_match_any_allowed_hosts" computerName="TFSBUILD11" duration="00:00:00.0106822" startTime="2015-09-28T09:43:54.7515607-07:00" endTime="2015-09-28T09:43:54.7671865-07:00" testType="13cdc9d9-ddb5-4fa4-a97d-d965ccfc6d4b" outcome="Passed" testListId="8c84fa94-04c1-424b-9868-57a2d4851a1d" relativeResultsDirectory="3921dfe2-695e-4c65-9979-9337d93fa143" />
    <UnitTestResult executionId="573f25d5-8ce5-4338-a4fa-9f9d14ddb5e1" testId="04861faa-1d5c-b5ba-f445-9989ecfa4e80" testName="Validate_audience_should_return_true_when_audience_host_match_one_of_the_allowed_hosts" computerName="TFSBUILD11" duration="00:00:00.0105636" startTime="2015-09-28T09:43:54.7671865-07:00" endTime="2015-09-28T09:43:54.7828124-07:00" testType="13cdc9d9-ddb5-4fa4-a97d-d965ccfc6d4b" outcome="Passed" testListId="8c84fa94-04c1-424b-9868-57a2d4851a1d" relativeResultsDirectory="573f25d5-8ce5-4338-a4fa-9f9d14ddb5e1" />
    <UnitTestResult executionId="17bd4117-e619-464d-8a4a-a755c2a1708a" testId="5cd70a6c-4e33-8482-b22e-d926e12482ef" testName="Validate_audience_should_return_false_when_service_audience_does_not_match_allowed_audiences" computerName="TFSBUILD11" duration="00:00:00.0096978" startTime="2015-09-28T09:43:54.7828124-07:00" endTime="2015-09-28T09:43:54.7828124-07:00" testType="13cdc9d9-ddb5-4fa4-a97d-d965ccfc6d4b" outcome="Passed" testListId="8c84fa94-04c1-424b-9868-57a2d4851a1d" relativeResultsDirectory="17bd4117-e619-464d-8a4a-a755c2a1708a" />
    <UnitTestResult executionId="7275a325-a88d-4887-a10c-96dcb8a2d330" testId="d8b35f9e-f802-0999-f4c9-a5f7b45e359e" testName="Validate_audience_should_return_false_when_service_audience_does_not_match_any_allowed_audiences" computerName="TFSBUILD11" duration="00:00:00.0098309" startTime="2015-09-28T09:43:54.7828124-07:00" endTime="2015-09-28T09:43:54.7984396-07:00" testType="13cdc9d9-ddb5-4fa4-a97d-d965ccfc6d4b" outcome="Passed" testListId="8c84fa94-04c1-424b-9868-57a2d4851a1d" relativeResultsDirectory="7275a325-a88d-4887-a10c-96dcb8a2d330" />
    <UnitTestResult executionId="d897fbed-0b4b-43bc-a431-abd7ac853d57" testId="87b6abe8-7199-1041-00c1-a5446da1166d" testName="Validate_audience_should_return_true_when_service_audience_match_one_of_the_allowed_audiences" computerName="TFSBUILD11" duration="00:00:00.0098420" startTime="2015-09-28T09:43:54.7984396-07:00" endTime="2015-09-28T09:43:54.8140652-07:00" testType="13cdc9d9-ddb5-4fa4-a97d-d965ccfc6d4b" outcome="Passed" testListId="8c84fa94-04c1-424b-9868-57a2d4851a1d" relativeResultsDirectory="d897fbed-0b4b-43bc-a431-abd7ac853d57" />
    <UnitTestResult executionId="a3c99d95-bc8b-426f-932a-5e9da34ebc63" testId="05ce47e8-708f-9ccd-b92f-5b4b9c5cf688" testName="CanValidate_should_return_false_when_aad_auth_is_disabled" computerName="TFSBUILD11" duration="00:00:00.0002850" startTime="2015-09-28T09:43:54.8140652-07:00" endTime="2015-09-28T09:43:54.8140652-07:00" testType="13cdc9d9-ddb5-4fa4-a97d-d965ccfc6d4b" outcome="Passed" testListId="8c84fa94-04c1-424b-9868-57a2d4851a1d" relativeResultsDirectory="a3c99d95-bc8b-426f-932a-5e9da34ebc63" />
    <UnitTestResult executionId="87411ba5-77c0-49de-965d-c6e1d0919257" testId="83093c5e-83f8-03e3-c4e0-267511ad3589" testName="CanValidate_should_return_true_when_aad_auth_is_enabled" computerName="TFSBUILD11" duration="00:00:00.0001908" startTime="2015-09-28T09:43:54.8140652-07:00" endTime="2015-09-28T09:43:54.8140652-07:00" testType="13cdc9d9-ddb5-4fa4-a97d-d965ccfc6d4b" outcome="Passed" testListId="8c84fa94-04c1-424b-9868-57a2d4851a1d" relativeResultsDirectory="87411ba5-77c0-49de-965d-c6e1d0919257" />
    <UnitTestResult executionId="f3cd3ef2-12c1-4512-a8d4-b3136b4f38cc" testId="b928f365-62ba-90a9-a8e5-6c4b5e3799f8" testName="ValidateIdentity_should_return_true_for_valid_tokens" computerName="TFSBUILD11" duration="00:00:00.0035518" startTime="2015-09-28T09:43:54.8140652-07:00" endTime="2015-09-28T09:43:54.8296910-07:00" testType="13cdc9d9-ddb5-4fa4-a97d-d965ccfc6d4b" outcome="Passed" testListId="8c84fa94-04c1-424b-9868-57a2d4851a1d" relativeResultsDirectory="f3cd3ef2-12c1-4512-a8d4-b3136b4f38cc" />
    <UnitTestResult executionId="c8006d9b-a57a-4568-a36c-64b336d844ed" testId="7b59ed8c-1c7e-74df-e885-2935f6bcfca1" testName="ValidateIdentity_should_return_false_when_token_does_not_specifiy_a_tenand_id_claim" computerName="TFSBUILD11" duration="00:00:00.0003424" startTime="2015-09-28T09:43:54.8296910-07:00" endTime="2015-09-28T09:43:54.8296910-07:00" testType="13cdc9d9-ddb5-4fa4-a97d-d965ccfc6d4b" outcome="Passed" testListId="8c84fa94-04c1-424b-9868-57a2d4851a1d" relativeResultsDirectory="c8006d9b-a57a-4568-a36c-64b336d844ed" />
    <UnitTestResult executionId="262be21e-c8fc-45d9-9c72-38ebe4f5336c" testId="385c3b8e-0cd2-e058-9c4d-d4168f24402f" testName="ValidateIdentity_should_return_false_when_token_appid_is_blocked" computerName="TFSBUILD11" duration="00:00:00.0002833" startTime="2015-09-28T09:43:54.8296910-07:00" endTime="2015-09-28T09:43:54.8296910-07:00" testType="13cdc9d9-ddb5-4fa4-a97d-d965ccfc6d4b" outcome="Passed" testListId="8c84fa94-04c1-424b-9868-57a2d4851a1d" relativeResultsDirectory="262be21e-c8fc-45d9-9c72-38ebe4f5336c" />
    <UnitTestResult executionId="13cafb7b-e200-4cea-a926-a55d2ffc80e3" testId="c5368c16-d840-ed9a-7cf5-62f7da1cabc8" testName="ValidateIdentity_should_return_false_when_token_does_not_specify_a_upn_and_unique_name_claim" computerName="TFSBUILD11" duration="00:00:00.0003601" startTime="2015-09-28T09:43:54.8296910-07:00" endTime="2015-09-28T09:43:54.8296910-07:00" testType="13cdc9d9-ddb5-4fa4-a97d-d965ccfc6d4b" outcome="Passed" testListId="8c84fa94-04c1-424b-9868-57a2d4851a1d" relativeResultsDirectory="13cafb7b-e200-4cea-a926-a55d2ffc80e3" />
    <UnitTestResult executionId="05eff98f-b624-46c6-bd4b-62327976912b" testId="91bee7b6-7397-1aa5-573c-967f72d1e439" testName="ValidateIdentity_should_return_false_when_request_does_not_specify_nonce" computerName="TFSBUILD11" duration="00:00:00.0012296" startTime="2015-09-28T09:43:54.8296910-07:00" endTime="2015-09-28T09:43:54.8453185-07:00" testType="13cdc9d9-ddb5-4fa4-a97d-d965ccfc6d4b" outcome="Passed" testListId="8c84fa94-04c1-424b-9868-57a2d4851a1d" relativeResultsDirectory="05eff98f-b624-46c6-bd4b-62327976912b" />
    <UnitTestResult executionId="e5cd0e6e-26d2-4777-87d9-fec77a8bf1de" testId="36979c5d-4699-91ad-38fd-196e92f4fe50" testName="ValidateIdentity_should_return_false_when_nonce_claim_does_not_match_request" computerName="TFSBUILD11" duration="00:00:00.0010003" startTime="2015-09-28T09:43:54.8453185-07:00" endTime="2015-09-28T09:43:54.8453185-07:00" testType="13cdc9d9-ddb5-4fa4-a97d-d965ccfc6d4b" outcome="Passed" testListId="8c84fa94-04c1-424b-9868-57a2d4851a1d" relativeResultsDirectory="e5cd0e6e-26d2-4777-87d9-fec77a8bf1de" />
    <UnitTestResult executionId="2210f1bb-6053-470e-8e23-20e955e40cd4" testId="6af608a1-ca18-c9e5-d3b7-0c753b5fd64c" testName="ValidateIdentity_should_return_true_when_nonce_claim_matches_request" computerName="TFSBUILD11" duration="00:00:00.0008112" startTime="2015-09-28T09:43:54.8453185-07:00" endTime="2015-09-28T09:43:54.8453185-07:00" testType="13cdc9d9-ddb5-4fa4-a97d-d965ccfc6d4b" outcome="Passed" testListId="8c84fa94-04c1-424b-9868-57a2d4851a1d" relativeResultsDirectory="2210f1bb-6053-470e-8e23-20e955e40cd4" />
    <UnitTestResult executionId="8a330c91-ce37-4ebc-8c48-4e310c60cc29" testId="0ceae503-ce43-dfaa-0008-7c59e2852e6a" testName="ValidateIdentity_should_return_true_for_passthrough_tokens_by_default" computerName="TFSBUILD11" duration="00:00:00.0048463" startTime="2015-09-28T09:43:54.8453185-07:00" endTime="2015-09-28T09:43:54.8609469-07:00" testType="13cdc9d9-ddb5-4fa4-a97d-d965ccfc6d4b" outcome="Passed" testListId="8c84fa94-04c1-424b-9868-57a2d4851a1d" relativeResultsDirectory="8a330c91-ce37-4ebc-8c48-4e310c60cc29" />
    <UnitTestResult executionId="1195833f-57bb-4f36-b0fe-74330f2a3b32" testId="17b670b1-34e2-3dec-b41e-6dac26f7e085" testName="ValidateIdentity_should_return_false_for_passthrough_tokens_when_puid_and_altsecid_claim_is_missing" computerName="TFSBUILD11" duration="00:00:00.0019034" startTime="2015-09-28T09:43:54.8609469-07:00" endTime="2015-09-28T09:43:54.8609469-07:00" testType="13cdc9d9-ddb5-4fa4-a97d-d965ccfc6d4b" outcome="Passed" testListId="8c84fa94-04c1-424b-9868-57a2d4851a1d" relativeResultsDirectory="1195833f-57bb-4f36-b0fe-74330f2a3b32" />
    <UnitTestResult executionId="1cea9ded-34dc-42ef-b49c-01f91c70a7b9" testId="bb948481-355b-1392-0734-14cb05ec0d76" testName="ValidateIdentity_should_return_false_for_passthrough_tokens_when_puid_and_altsecid_claim_are_empty_values" computerName="TFSBUILD11" duration="00:00:00.0019606" startTime="2015-09-28T09:43:54.8609469-07:00" endTime="2015-09-28T09:43:54.8765707-07:00" testType="13cdc9d9-ddb5-4fa4-a97d-d965ccfc6d4b" outcome="Passed" testListId="8c84fa94-04c1-424b-9868-57a2d4851a1d" relativeResultsDirectory="1cea9ded-34dc-42ef-b49c-01f91c70a7b9" />
    <UnitTestResult executionId="2af8233e-8990-407f-9b94-1dca59f1bacc" testId="6e4452fe-ef8b-21d0-7001-3ddac5a7f2af" testName="ValidateIdentity_should_return_false_for_passthrough_tokens_when_puid_is_missing_and_altsecid_claim_is_not_valid" computerName="TFSBUILD11" duration="00:00:00.0018833" startTime="2015-09-28T09:43:54.8765707-07:00" endTime="2015-09-28T09:43:54.8765707-07:00" testType="13cdc9d9-ddb5-4fa4-a97d-d965ccfc6d4b" outcome="Passed" testListId="8c84fa94-04c1-424b-9868-57a2d4851a1d" relativeResultsDirectory="2af8233e-8990-407f-9b94-1dca59f1bacc" />
    <UnitTestResult executionId="a280a7c2-d92e-4675-b896-070e21dc4be1" testId="2e05eeea-ec74-39d6-9d79-8ed43c8505c7" testName="ValidateIdentity_should_return_true_for_passthrough_tokens_when_puid_is_missing_and_altsedid_claim_is_valid" computerName="TFSBUILD11" duration="00:00:00.0015462" startTime="2015-09-28T09:43:54.8765707-07:00" endTime="2015-09-28T09:43:54.8765707-07:00" testType="13cdc9d9-ddb5-4fa4-a97d-d965ccfc6d4b" outcome="Passed" testListId="8c84fa94-04c1-424b-9868-57a2d4851a1d" relativeResultsDirectory="a280a7c2-d92e-4675-b896-070e21dc4be1" />
    <UnitTestResult executionId="e072aa43-8c3a-41a5-9316-a280c112f9eb" testId="30fcfa57-611b-0e16-d05d-aec7d21716d7" testName="ValidateIdentity_should_return_false_for_passthrough_tokens_when_appid_is_passthrough_blacklisted_and_orgid_disambiguation_is_disabled" computerName="TFSBUILD11" duration="00:00:00.0014663" startTime="2015-09-28T09:43:54.8765707-07:00" endTime="2015-09-28T09:43:54.8765707-07:00" testType="13cdc9d9-ddb5-4fa4-a97d-d965ccfc6d4b" outcome="Passed" testListId="8c84fa94-04c1-424b-9868-57a2d4851a1d" relativeResultsDirectory="e072aa43-8c3a-41a5-9316-a280c112f9eb" />
    <UnitTestResult executionId="7180e9da-d303-4691-9bfd-1e6aba814091" testId="bd319563-e337-922e-9550-d1fc2e9e499a" testName="ValidateIdentity_should_return_true_when_oid_exists_even_when_appid_is_passthrough_blacklisted_and_orgid_disambiguation_is_disabled" computerName="TFSBUILD11" duration="00:00:00.0013075" startTime="2015-09-28T09:43:54.8765707-07:00" endTime="2015-09-28T09:43:54.8921960-07:00" testType="13cdc9d9-ddb5-4fa4-a97d-d965ccfc6d4b" outcome="Passed" testListId="8c84fa94-04c1-424b-9868-57a2d4851a1d" relativeResultsDirectory="7180e9da-d303-4691-9bfd-1e6aba814091" />
    <UnitTestResult executionId="6db264d0-2dec-48d9-88f9-02cba9f1fd38" testId="e7c9a02e-2653-9929-e6ff-4df3ecba5fd2" testName="ValidateIdentity_should_return_false_for_passthrough_tokens_when_orgid_disambiguation_is_enabled_and_request_is_at_account" computerName="TFSBUILD11" duration="00:00:00.0015752" startTime="2015-09-28T09:43:54.8921960-07:00" endTime="2015-09-28T09:43:54.8921960-07:00" testType="13cdc9d9-ddb5-4fa4-a97d-d965ccfc6d4b" outcome="Passed" testListId="8c84fa94-04c1-424b-9868-57a2d4851a1d" relativeResultsDirectory="6db264d0-2dec-48d9-88f9-02cba9f1fd38" />
    <UnitTestResult executionId="4afdf220-fad0-4410-8b97-a5b8feeb0ad1" testId="5a4dc2ea-02b9-f619-bc54-90fbe83d6773" testName="ValidateIdentity_should_return_true_for_passthrough_tokens_when_scope_is_user_impersonation" computerName="TFSBUILD11" duration="00:00:00.0012356" startTime="2015-09-28T09:43:54.8921960-07:00" endTime="2015-09-28T09:43:54.8921960-07:00" testType="13cdc9d9-ddb5-4fa4-a97d-d965ccfc6d4b" outcome="Passed" testListId="8c84fa94-04c1-424b-9868-57a2d4851a1d" relativeResultsDirectory="4afdf220-fad0-4410-8b97-a5b8feeb0ad1" />
    <UnitTestResult executionId="09f09611-0dd1-47fa-8a9e-b32532a6200e" testId="bbc5358e-e356-c417-4378-2545d0bada22" testName="ValidateIdentity_should_return_false_for_passthrough_tokens_when_appid_is_passthrough_blacklisted_and_orgid_disambiguation_is_enabled_and_token_is_user_impersonation" computerName="TFSBUILD11" duration="00:00:00.0014944" startTime="2015-09-28T09:43:54.8921960-07:00" endTime="2015-09-28T09:43:54.8921960-07:00" testType="13cdc9d9-ddb5-4fa4-a97d-d965ccfc6d4b" outcome="Passed" testListId="8c84fa94-04c1-424b-9868-57a2d4851a1d" relativeResultsDirectory="09f09611-0dd1-47fa-8a9e-b32532a6200e" />
    <UnitTestResult executionId="753b5bf1-97ea-4417-9cf0-4568f7f2dc35" testId="3c0e322a-1513-4e42-a82c-8c7bcf865bd5" testName="TransformIdentityClaims_should_set_identity_name_as_upn_claim_for_add_user" computerName="TFSBUILD11" duration="00:00:00.0550953" startTime="2015-09-28T09:43:54.8921960-07:00" endTime="2015-09-28T09:43:54.9546993-07:00" testType="13cdc9d9-ddb5-4fa4-a97d-d965ccfc6d4b" outcome="Passed" testListId="8c84fa94-04c1-424b-9868-57a2d4851a1d" relativeResultsDirectory="753b5bf1-97ea-4417-9cf0-4568f7f2dc35" />
    <UnitTestResult executionId="05070022-efaf-424f-bcca-bc41f7a8268c" testId="2ea856b8-52f2-a37d-94cc-632d40c373f6" testName="TransformIdentityClaims_should_set_identity_name_as_unique_name_when_upn_is_missing_for_add_user" computerName="TFSBUILD11" duration="00:00:00.0066773" startTime="2015-09-28T09:43:54.9546993-07:00" endTime="2015-09-28T09:43:54.9703260-07:00" testType="13cdc9d9-ddb5-4fa4-a97d-d965ccfc6d4b" outcome="Passed" testListId="8c84fa94-04c1-424b-9868-57a2d4851a1d" relativeResultsDirectory="05070022-efaf-424f-bcca-bc41f7a8268c" />
    <UnitTestResult executionId="b27a8dc7-c747-4396-b256-b5bd2a8dab6e" testId="a33e79c9-4d64-e39f-c597-396c30fc52d1" testName="TransformIdentityClaims_should_set_name_identifier_as_tenant_scoped_name_identifier_for_add_user" computerName="TFSBUILD11" duration="00:00:00.0067726" startTime="2015-09-28T09:43:54.9703260-07:00" endTime="2015-09-28T09:43:54.9703260-07:00" testType="13cdc9d9-ddb5-4fa4-a97d-d965ccfc6d4b" outcome="Passed" testListId="8c84fa94-04c1-424b-9868-57a2d4851a1d" relativeResultsDirectory="b27a8dc7-c747-4396-b256-b5bd2a8dab6e" />
    <UnitTestResult executionId="3ea7ea1f-0345-4ce4-aa52-6f65a0286502" testId="6782af06-3264-14ef-f2bd-c166c7fdf0ba" testName="TransformIdentityClaims_should_set_identitiy_provider_claim_to_tenant_id_for_add_user" computerName="TFSBUILD11" duration="00:00:00.0094426" startTime="2015-09-28T09:43:54.9703260-07:00" endTime="2015-09-28T09:43:54.9859555-07:00" testType="13cdc9d9-ddb5-4fa4-a97d-d965ccfc6d4b" outcome="Passed" testListId="8c84fa94-04c1-424b-9868-57a2d4851a1d" relativeResultsDirectory="3ea7ea1f-0345-4ce4-aa52-6f65a0286502" />
    <UnitTestResult executionId="72b2b056-4bd9-4fad-80de-c7e00038bb48" testId="46d83ee3-6362-b4d8-a502-e6556642d9b8" testName="TransformIdentityClaims_should_set_identity_provider_long_claim_to_live_for_live_provider_for_add_user" computerName="TFSBUILD11" duration="00:00:00.0149182" startTime="2015-09-28T09:43:54.9859555-07:00" endTime="2015-09-28T09:43:55.0015816-07:00" testType="13cdc9d9-ddb5-4fa4-a97d-d965ccfc6d4b" outcome="Passed" testListId="8c84fa94-04c1-424b-9868-57a2d4851a1d" relativeResultsDirectory="72b2b056-4bd9-4fad-80de-c7e00038bb48" />
    <UnitTestResult executionId="44fbd772-d169-46a7-bf6f-5ea8de6a285f" testId="00a630b6-f849-b7d0-a3d4-f43f7e7a23a3" testName="TransformIdentityClaims_should_set_identity_provider_long_claim_to_aad_for_non_live_provider_for_add_user" computerName="TFSBUILD11" duration="00:00:00.0091772" startTime="2015-09-28T09:43:55.0015816-07:00" endTime="2015-09-28T09:43:55.0172077-07:00" testType="13cdc9d9-ddb5-4fa4-a97d-d965ccfc6d4b" outcome="Passed" testListId="8c84fa94-04c1-424b-9868-57a2d4851a1d" relativeResultsDirectory="44fbd772-d169-46a7-bf6f-5ea8de6a285f" />
    <UnitTestResult executionId="b7c57f7e-7fac-42f5-9077-881b90e2cfb0" testId="28c0f3e4-2845-95af-765b-b2ceeeb7703f" testName="TransformIdentityClaims_should_remove_puid_claim_when_identity_provider_is_not_live_for_add_user" computerName="TFSBUILD11" duration="00:00:00.0087219" startTime="2015-09-28T09:43:55.0172077-07:00" endTime="2015-09-28T09:43:55.0328333-07:00" testType="13cdc9d9-ddb5-4fa4-a97d-d965ccfc6d4b" outcome="Passed" testListId="8c84fa94-04c1-424b-9868-57a2d4851a1d" relativeResultsDirectory="b7c57f7e-7fac-42f5-9077-881b90e2cfb0" />
    <UnitTestResult executionId="05d78ff3-18dc-4571-a2f6-61e5c2dd89c2" testId="2eff8db1-db72-7bfa-7ade-b4b25f25772c" testName="TransformIdentityClaims_should_set_puid_claim_for_live_id_identity_provider_for_add_user" computerName="TFSBUILD11" duration="00:00:00.0090552" startTime="2015-09-28T09:43:55.0328333-07:00" endTime="2015-09-28T09:43:55.0484597-07:00" testType="13cdc9d9-ddb5-4fa4-a97d-d965ccfc6d4b" outcome="Passed" testListId="8c84fa94-04c1-424b-9868-57a2d4851a1d" relativeResultsDirectory="05d78ff3-18dc-4571-a2f6-61e5c2dd89c2" />
    <UnitTestResult executionId="826f6d00-cfe0-4c2c-906b-c4a60442be98" testId="8b7adbd6-2a04-4332-64e2-c334084962c0" testName="TransformIdentityClaims_should_set_puid_claim_for_altsecid_for_add_user" computerName="TFSBUILD11" duration="00:00:00.0094082" startTime="2015-09-28T09:43:55.0484597-07:00" endTime="2015-09-28T09:43:55.0640872-07:00" testType="13cdc9d9-ddb5-4fa4-a97d-d965ccfc6d4b" outcome="Passed" testListId="8c84fa94-04c1-424b-9868-57a2d4851a1d" relativeResultsDirectory="826f6d00-cfe0-4c2c-906b-c4a60442be98" />
    <UnitTestResult executionId="2475c751-ab6a-4873-a1bf-8b1c6cef5ff9" testId="fd39b5ce-a0b7-dd92-93ce-2bb4e9f7c556" testName="TransformIdentityClaims_should_retain_existing_email_claim_for_add_user" computerName="TFSBUILD11" duration="00:00:00.0092287" startTime="2015-09-28T09:43:55.0640872-07:00" endTime="2015-09-28T09:43:55.0797122-07:00" testType="13cdc9d9-ddb5-4fa4-a97d-d965ccfc6d4b" outcome="Passed" testListId="8c84fa94-04c1-424b-9868-57a2d4851a1d" relativeResultsDirectory="2475c751-ab6a-4873-a1bf-8b1c6cef5ff9" />
    <UnitTestResult executionId="b13e6f94-f44c-423d-839b-5ddc0f5e818e" testId="8a14ba23-1abf-5cce-6d6b-576ff33e2e1f" testName="TransformIdentityClaims_should_not_ensure_tenant_exists_when_tenant_creation_is_disabled_for_add_user" computerName="TFSBUILD11" duration="00:00:00.0136769" startTime="2015-09-28T09:43:55.0797122-07:00" endTime="2015-09-28T09:43:55.0953369-07:00" testType="13cdc9d9-ddb5-4fa4-a97d-d965ccfc6d4b" outcome="Passed" testListId="8c84fa94-04c1-424b-9868-57a2d4851a1d" relativeResultsDirectory="b13e6f94-f44c-423d-839b-5ddc0f5e818e" />
    <UnitTestResult executionId="fe1d716f-8010-44ca-a12d-b2a4f9435886" testId="5748fbf4-d8fa-e82c-7365-e98fc14bbe41" testName="TransformIdentityClaims_should_not_create_a_tenant_when_one_already_exists_for_add_user" computerName="TFSBUILD11" duration="00:00:00.0141954" startTime="2015-09-28T09:43:55.0953369-07:00" endTime="2015-09-28T09:43:55.1109644-07:00" testType="13cdc9d9-ddb5-4fa4-a97d-d965ccfc6d4b" outcome="Passed" testListId="8c84fa94-04c1-424b-9868-57a2d4851a1d" relativeResultsDirectory="fe1d716f-8010-44ca-a12d-b2a4f9435886" />
    <UnitTestResult executionId="9cec79b1-ac07-4b34-a7d1-b84b7ba5efd4" testId="8f9eff36-9fec-250d-ec51-a147314482d2" testName="TransformIdentityClaims_should_create_a_tenant_when_one_does_not_exist_for_add_user" computerName="TFSBUILD11" duration="00:00:00.0071088" startTime="2015-09-28T09:43:55.1109644-07:00" endTime="2015-09-28T09:43:55.1265871-07:00" testType="13cdc9d9-ddb5-4fa4-a97d-d965ccfc6d4b" outcome="Passed" testListId="8c84fa94-04c1-424b-9868-57a2d4851a1d" relativeResultsDirectory="9cec79b1-ac07-4b34-a7d1-b84b7ba5efd4" />
    <UnitTestResult executionId="9fd2f030-f804-4894-a124-fe5fc1357b2a" testId="402faffa-3933-eb81-0c90-bbcdb9c3cc17" testName="TransformIdentityClaims_should_set_name_identifier_as_live_identifier_for_msa_passthrough_user" computerName="TFSBUILD11" duration="00:00:00.0029769" startTime="2015-09-28T09:43:55.1265871-07:00" endTime="2015-09-28T09:43:55.1265871-07:00" testType="13cdc9d9-ddb5-4fa4-a97d-d965ccfc6d4b" outcome="Passed" testListId="8c84fa94-04c1-424b-9868-57a2d4851a1d" relativeResultsDirectory="9fd2f030-f804-4894-a124-fe5fc1357b2a" />
    <UnitTestResult executionId="00f8a53a-6c4d-42ad-97fd-afa8766f460a" testId="c867ddae-b2a9-4748-de3c-a1053f022436" testName="TransformIdentityClaims_should_set_identity_name_as_upn_for_msa_passhthrough_user" computerName="TFSBUILD11" duration="00:00:00.0008541" startTime="2015-09-28T09:43:55.1265871-07:00" endTime="2015-09-28T09:43:55.1265871-07:00" testType="13cdc9d9-ddb5-4fa4-a97d-d965ccfc6d4b" outcome="Passed" testListId="8c84fa94-04c1-424b-9868-57a2d4851a1d" relativeResultsDirectory="00f8a53a-6c4d-42ad-97fd-afa8766f460a" />
    <UnitTestResult executionId="9fcaff2c-5124-4b9b-8493-e272f36c8095" testId="8083f170-7c9a-f362-3e73-f236d06ffea5" testName="TransformIdentityClaims_should_set_identity_provider_as_windows_live_for_msa_passthrough_user" computerName="TFSBUILD11" duration="00:00:00.0013485" startTime="2015-09-28T09:43:55.1265871-07:00" endTime="2015-09-28T09:43:55.1265871-07:00" testType="13cdc9d9-ddb5-4fa4-a97d-d965ccfc6d4b" outcome="Passed" testListId="8c84fa94-04c1-424b-9868-57a2d4851a1d" relativeResultsDirectory="9fcaff2c-5124-4b9b-8493-e272f36c8095" />
    <UnitTestResult executionId="e7cbaee8-f8d9-446f-bb96-c69be31fdb77" testId="9330cb97-ddde-0bc2-e2d6-587fa0b383a9" testName="TransformIdentityClaims_should_set_puid_as_alt_sec_id_claim" computerName="TFSBUILD11" duration="00:00:00.0011263" startTime="2015-09-28T09:43:55.1265871-07:00" endTime="2015-09-28T09:43:55.1422129-07:00" testType="13cdc9d9-ddb5-4fa4-a97d-d965ccfc6d4b" outcome="Passed" testListId="8c84fa94-04c1-424b-9868-57a2d4851a1d" relativeResultsDirectory="e7cbaee8-f8d9-446f-bb96-c69be31fdb77" />
    <UnitTestResult executionId="62e19f1b-de08-49b7-9db7-704790dbc148" testId="3093f764-6c78-7584-66c4-3839b1f022a8" testName="CreateSubscriptionName_FromAzureRoleInstanceIdAndMachineName" computerName="TFSBUILD11" duration="00:00:00.0038917" startTime="2015-09-28T09:43:55.1422129-07:00" endTime="2015-09-28T09:43:55.1422129-07:00" testType="13cdc9d9-ddb5-4fa4-a97d-d965ccfc6d4b" outcome="Passed" testListId="8c84fa94-04c1-424b-9868-57a2d4851a1d" relativeResultsDirectory="62e19f1b-de08-49b7-9db7-704790dbc148" />
    <UnitTestResult executionId="df799f7a-cb9d-4cec-a4e9-d7a26cfb5e83" testId="376e919a-1a8b-a485-d38e-ba980d6f9572" testName="AutoDeleteOnIdleProductionNoPublisherValueSet" computerName="TFSBUILD11" duration="00:00:00.0021247" startTime="2015-09-28T09:43:55.1422129-07:00" endTime="2015-09-28T09:43:55.1422129-07:00" testType="13cdc9d9-ddb5-4fa4-a97d-d965ccfc6d4b" outcome="Passed" testListId="8c84fa94-04c1-424b-9868-57a2d4851a1d" relativeResultsDirectory="df799f7a-cb9d-4cec-a4e9-d7a26cfb5e83" />
    <UnitTestResult executionId="20f377aa-9abf-4459-ac17-abe6f1c0a098" testId="44ecaeac-caaf-f38f-8890-2db1cab268a6" testName="AutoDeleteOnIdleProductionWithPublisherValueSet" computerName="TFSBUILD11" duration="00:00:00.0005122" startTime="2015-09-28T09:43:55.1422129-07:00" endTime="2015-09-28T09:43:55.1422129-07:00" testType="13cdc9d9-ddb5-4fa4-a97d-d965ccfc6d4b" outcome="Passed" testListId="8c84fa94-04c1-424b-9868-57a2d4851a1d" relativeResultsDirectory="20f377aa-9abf-4459-ac17-abe6f1c0a098" />
    <UnitTestResult executionId="70fb1c9c-7cae-4cbb-8a9b-b939e7df5c56" testId="87d360c9-0ec6-4429-0dfc-8f4656d21cba" testName="AutoDeleteOnIdleDefaultValue" computerName="TFSBUILD11" duration="00:00:00.0005216" startTime="2015-09-28T09:43:55.1422129-07:00" endTime="2015-09-28T09:43:55.1422129-07:00" testType="13cdc9d9-ddb5-4fa4-a97d-d965ccfc6d4b" outcome="Passed" testListId="8c84fa94-04c1-424b-9868-57a2d4851a1d" relativeResultsDirectory="70fb1c9c-7cae-4cbb-8a9b-b939e7df5c56" />
    <UnitTestResult executionId="25f7bd3c-1432-4acd-ab09-d990fe6da24e" testId="107b2d5f-218e-8d2c-e411-99eb245cedeb" testName="AutoDeleteOnIdleEntityValue" computerName="TFSBUILD11" duration="00:00:00.0003894" startTime="2015-09-28T09:43:55.1422129-07:00" endTime="2015-09-28T09:43:55.1578396-07:00" testType="13cdc9d9-ddb5-4fa4-a97d-d965ccfc6d4b" outcome="Passed" testListId="8c84fa94-04c1-424b-9868-57a2d4851a1d" relativeResultsDirectory="25f7bd3c-1432-4acd-ab09-d990fe6da24e" />
    <UnitTestResult executionId="93ed039c-f68f-4925-b025-4241ba5f980c" testId="7b9dae4c-5735-4c6a-67a9-6c6fc809adad" testName="AutoDeleteOnIdleFallback" computerName="TFSBUILD11" duration="00:00:00.0004351" startTime="2015-09-28T09:43:55.1578396-07:00" endTime="2015-09-28T09:43:55.1578396-07:00" testType="13cdc9d9-ddb5-4fa4-a97d-d965ccfc6d4b" outcome="Passed" testListId="8c84fa94-04c1-424b-9868-57a2d4851a1d" relativeResultsDirectory="93ed039c-f68f-4925-b025-4241ba5f980c" />
    <UnitTestResult executionId="93467dc3-9d91-42ee-b489-3eaf0b307862" testId="b745a769-95c2-9383-94b0-61b040241950" testName="ServiceBusAlertNoActiveMessages" computerName="TFSBUILD11" duration="00:00:00.0086220" startTime="2015-09-28T09:43:55.1578396-07:00" endTime="2015-09-28T09:43:55.1578396-07:00" testType="13cdc9d9-ddb5-4fa4-a97d-d965ccfc6d4b" outcome="Passed" testListId="8c84fa94-04c1-424b-9868-57a2d4851a1d" relativeResultsDirectory="93467dc3-9d91-42ee-b489-3eaf0b307862" />
    <UnitTestResult executionId="f6967355-4d81-4131-9817-b39d9dc14a26" testId="9538c702-3b04-5aea-103f-f259d4b6d045" testName="ServiceBusAlertActiveMessagesUnderCap" computerName="TFSBUILD11" duration="00:00:00.0002992" startTime="2015-09-28T09:43:55.1578396-07:00" endTime="2015-09-28T09:43:55.1578396-07:00" testType="13cdc9d9-ddb5-4fa4-a97d-d965ccfc6d4b" outcome="Passed" testListId="8c84fa94-04c1-424b-9868-57a2d4851a1d" relativeResultsDirectory="f6967355-4d81-4131-9817-b39d9dc14a26" />
    <UnitTestResult executionId="eb393bc1-f2e9-4792-878b-363e6dcf16bd" testId="04d08064-fe90-612f-c563-a44c088fa6cd" testName="ServiceBusAlertExcessiveActiveMessages" computerName="TFSBUILD11" duration="00:00:00.0002665" startTime="2015-09-28T09:43:55.1578396-07:00" endTime="2015-09-28T09:43:55.1578396-07:00" testType="13cdc9d9-ddb5-4fa4-a97d-d965ccfc6d4b" outcome="Passed" testListId="8c84fa94-04c1-424b-9868-57a2d4851a1d" relativeResultsDirectory="eb393bc1-f2e9-4792-878b-363e6dcf16bd" />
    <UnitTestResult executionId="fa332dfc-bee9-423f-9a5d-a12101904362" testId="1e71274a-7e4b-f125-1904-63e7a1d3ac34" testName="ServiceBusAlertHasntBeenAccessedRecentlyEnough" computerName="TFSBUILD11" duration="00:00:00.0003788" startTime="2015-09-28T09:43:55.1578396-07:00" endTime="2015-09-28T09:43:55.1578396-07:00" testType="13cdc9d9-ddb5-4fa4-a97d-d965ccfc6d4b" outcome="Passed" testListId="8c84fa94-04c1-424b-9868-57a2d4851a1d" relativeResultsDirectory="fa332dfc-bee9-423f-9a5d-a12101904362" />
    <UnitTestResult executionId="c8fc3012-a60a-4c6b-9b98-258ae53d1b45" testId="854dec0d-f919-8683-12a6-dd3785639207" testName="Should_throw_argument_null_when_request_context_is_null" computerName="TFSBUILD11" duration="00:00:00.0010291" startTime="2015-09-28T09:43:55.1578396-07:00" endTime="2015-09-28T09:43:55.2203441-07:00" testType="13cdc9d9-ddb5-4fa4-a97d-d965ccfc6d4b" outcome="Passed" testListId="8c84fa94-04c1-424b-9868-57a2d4851a1d" relativeResultsDirectory="c8fc3012-a60a-4c6b-9b98-258ae53d1b45" />
    <UnitTestResult executionId="7c5f9023-40cb-4c47-b62b-88488a26727c" testId="a724042d-0f1c-7297-6789-af928c147804" testName="Should_throw_argument_exception_when_identity_id_is_empty" computerName="TFSBUILD11" duration="00:00:00.0035893" startTime="2015-09-28T09:43:55.2203441-07:00" endTime="2015-09-28T09:43:55.2203441-07:00" testType="13cdc9d9-ddb5-4fa4-a97d-d965ccfc6d4b" outcome="Passed" testListId="8c84fa94-04c1-424b-9868-57a2d4851a1d" relativeResultsDirectory="7c5f9023-40cb-4c47-b62b-88488a26727c" />
    <UnitTestResult executionId="f2f3e5c3-05ab-46de-8617-5931f66ee72c" testId="1412f730-cd59-a015-c728-f52b820ea02e" testName="Should_return_true_and_cached_hash_from_redis_when_redis_is_enabled" computerName="TFSBUILD11" duration="00:00:00.0054715" startTime="2015-09-28T09:43:55.2203441-07:00" endTime="2015-09-28T09:43:55.2359724-07:00" testType="13cdc9d9-ddb5-4fa4-a97d-d965ccfc6d4b" outcome="Passed" testListId="8c84fa94-04c1-424b-9868-57a2d4851a1d" relativeResultsDirectory="f2f3e5c3-05ab-46de-8617-5931f66ee72c" />
    <UnitTestResult executionId="128777ae-edd6-401e-9805-3f1f00385fb8" testId="b0e1230b-07f4-6825-5e74-33e037dbbe02" testName="Should_return_false_when_redis_is_enabled_and_hash_is_not_cached" computerName="TFSBUILD11" duration="00:00:00.0029661" startTime="2015-09-28T09:43:55.2359724-07:00" endTime="2015-09-28T09:43:55.2359724-07:00" testType="13cdc9d9-ddb5-4fa4-a97d-d965ccfc6d4b" outcome="Passed" testListId="8c84fa94-04c1-424b-9868-57a2d4851a1d" relativeResultsDirectory="128777ae-edd6-401e-9805-3f1f00385fb8" />
    <UnitTestResult executionId="8bc0a7c4-2e6e-4e84-9cd5-386179ff861d" testId="cc3f07da-5007-e6a6-2fca-eb02a9c58394" testName="Should_return_false_when_redis_is_disabled_and_hash_is_not_cached" computerName="TFSBUILD11" duration="00:00:00.0012612" startTime="2015-09-28T09:43:55.2359724-07:00" endTime="2015-09-28T09:43:55.2515957-07:00" testType="13cdc9d9-ddb5-4fa4-a97d-d965ccfc6d4b" outcome="Passed" testListId="8c84fa94-04c1-424b-9868-57a2d4851a1d" relativeResultsDirectory="8bc0a7c4-2e6e-4e84-9cd5-386179ff861d" />
    <UnitTestResult executionId="1d23bc61-e791-477d-b051-a1b1ca595430" testId="941e9f0b-0f59-d241-e28f-2240dfa55c4e" testName="Should_throw_argument_null_when_request_context_is_null" computerName="TFSBUILD11" duration="00:00:00.0014680" startTime="2015-09-28T09:43:55.2515957-07:00" endTime="2015-09-28T09:43:55.2515957-07:00" testType="13cdc9d9-ddb5-4fa4-a97d-d965ccfc6d4b" outcome="Passed" testListId="8c84fa94-04c1-424b-9868-57a2d4851a1d" relativeResultsDirectory="1d23bc61-e791-477d-b051-a1b1ca595430" />
    <UnitTestResult executionId="ddc269c9-a4e4-4404-ad3a-3b72f462542d" testId="4a6b6b62-7c9a-4053-682b-ba9ed553adc1" testName="Should_throw_argument_exception_when_identity_id_is_empty" computerName="TFSBUILD11" duration="00:00:00.0005074" startTime="2015-09-28T09:43:55.2515957-07:00" endTime="2015-09-28T09:43:55.2515957-07:00" testType="13cdc9d9-ddb5-4fa4-a97d-d965ccfc6d4b" outcome="Passed" testListId="8c84fa94-04c1-424b-9868-57a2d4851a1d" relativeResultsDirectory="ddc269c9-a4e4-4404-ad3a-3b72f462542d" />
    <UnitTestResult executionId="c212a896-f1c9-49df-bec3-cf94498d99ab" testId="8feccd42-a1e7-b9bc-7efd-dc5918022e97" testName="Should_throw_argument_exception_when_hash_is_null" computerName="TFSBUILD11" duration="00:00:00.0004767" startTime="2015-09-28T09:43:55.2515957-07:00" endTime="2015-09-28T09:43:55.2515957-07:00" testType="13cdc9d9-ddb5-4fa4-a97d-d965ccfc6d4b" outcome="Passed" testListId="8c84fa94-04c1-424b-9868-57a2d4851a1d" relativeResultsDirectory="c212a896-f1c9-49df-bec3-cf94498d99ab" />
    <UnitTestResult executionId="f75890ee-96f3-475d-9f79-bc6dd8531207" testId="87b771d8-abaa-03fd-a5c4-80ab16d84061" testName="Should_return_true_and_set_hash_on_redis_when_redis_is_enabled" computerName="TFSBUILD11" duration="00:00:00.0062699" startTime="2015-09-28T09:43:55.2515957-07:00" endTime="2015-09-28T09:43:55.2672215-07:00" testType="13cdc9d9-ddb5-4fa4-a97d-d965ccfc6d4b" outcome="Passed" testListId="8c84fa94-04c1-424b-9868-57a2d4851a1d" relativeResultsDirectory="f75890ee-96f3-475d-9f79-bc6dd8531207" />
    <UnitTestResult executionId="93487d23-a919-4296-b009-62205b2230a6" testId="33fa2150-6bb8-0c2c-6a78-5198d6ae5e3e" testName="Should_return_false_when_redis_is_disabled" computerName="TFSBUILD11" duration="00:00:00.0015431" startTime="2015-09-28T09:43:55.2672215-07:00" endTime="2015-09-28T09:43:55.2672215-07:00" testType="13cdc9d9-ddb5-4fa4-a97d-d965ccfc6d4b" outcome="Passed" testListId="8c84fa94-04c1-424b-9868-57a2d4851a1d" relativeResultsDirectory="93487d23-a919-4296-b009-62205b2230a6" />
    <UnitTestResult executionId="cd3caebc-f125-46b8-a3fd-856bc4e6188d" testId="0b0c6e5c-9742-4e08-c48b-7d5ad17a0000" testName="Should_return_false_on_redis_exception" computerName="TFSBUILD11" duration="00:00:00.0041966" startTime="2015-09-28T09:43:55.2672215-07:00" endTime="2015-09-28T09:43:55.2828485-07:00" testType="13cdc9d9-ddb5-4fa4-a97d-d965ccfc6d4b" outcome="Passed" testListId="8c84fa94-04c1-424b-9868-57a2d4851a1d" relativeResultsDirectory="cd3caebc-f125-46b8-a3fd-856bc4e6188d" />
    <UnitTestResult executionId="823233fd-d676-4bb2-ab17-54dbc583ed6e" testId="2f328998-2a5e-f113-4f5d-629de61459c1" testName="Should_throw_argument_null_when_request_context_is_null" computerName="TFSBUILD11" duration="00:00:00.0010276" startTime="2015-09-28T09:43:55.2828485-07:00" endTime="2015-09-28T09:43:55.2828485-07:00" testType="13cdc9d9-ddb5-4fa4-a97d-d965ccfc6d4b" outcome="Passed" testListId="8c84fa94-04c1-424b-9868-57a2d4851a1d" relativeResultsDirectory="823233fd-d676-4bb2-ab17-54dbc583ed6e" />
    <UnitTestResult executionId="57b0490c-2758-46c6-bbe6-d4fa2c5f71b7" testId="6df1fc16-6741-b4b3-2bbd-ff9f9bcc189d" testName="Should_throw_argument_exception_when_identity_id_is_empty" computerName="TFSBUILD11" duration="00:00:00.0006280" startTime="2015-09-28T09:43:55.2828485-07:00" endTime="2015-09-28T09:43:55.2984752-07:00" testType="13cdc9d9-ddb5-4fa4-a97d-d965ccfc6d4b" outcome="Passed" testListId="8c84fa94-04c1-424b-9868-57a2d4851a1d" relativeResultsDirectory="57b0490c-2758-46c6-bbe6-d4fa2c5f71b7" />
    <UnitTestResult executionId="044483fc-ccb6-40a0-9d31-2140e38a2efe" testId="9dec79e5-feb2-af1c-909c-a4bfb7ac189b" testName="Should_return_true_and_invalidate_cached_hash_in_redis_when_redis_is_enabled" computerName="TFSBUILD11" duration="00:00:00.0041733" startTime="2015-09-28T09:43:55.2984752-07:00" endTime="2015-09-28T09:43:55.2984752-07:00" testType="13cdc9d9-ddb5-4fa4-a97d-d965ccfc6d4b" outcome="Passed" testListId="8c84fa94-04c1-424b-9868-57a2d4851a1d" relativeResultsDirectory="044483fc-ccb6-40a0-9d31-2140e38a2efe" />
    <UnitTestResult executionId="101b84f5-8281-4a6f-adf9-dce79bdf1b0e" testId="d5adfe88-7360-baf4-9ce8-26ff7cc87a82" testName="Should_return_false_when_redis_is_disabled" computerName="TFSBUILD11" duration="00:00:00.0018104" startTime="2015-09-28T09:43:55.2984752-07:00" endTime="2015-09-28T09:43:55.3141007-07:00" testType="13cdc9d9-ddb5-4fa4-a97d-d965ccfc6d4b" outcome="Passed" testListId="8c84fa94-04c1-424b-9868-57a2d4851a1d" relativeResultsDirectory="101b84f5-8281-4a6f-adf9-dce79bdf1b0e" />
    <UnitTestResult executionId="023a39e0-962d-4655-8069-25128c027ffa" testId="53d40db5-f82a-a545-4523-5fcc56b8d2a6" testName="Should_return_false_on_redis_exception" computerName="TFSBUILD11" duration="00:00:00.0046407" startTime="2015-09-28T09:43:55.3141007-07:00" endTime="2015-09-28T09:43:55.3297260-07:00" testType="13cdc9d9-ddb5-4fa4-a97d-d965ccfc6d4b" outcome="Passed" testListId="8c84fa94-04c1-424b-9868-57a2d4851a1d" relativeResultsDirectory="023a39e0-962d-4655-8069-25128c027ffa" />
    <UnitTestResult executionId="08cefe91-69bb-4fae-8ed0-49509461e3be" testId="ff2d3f0f-94d6-3c21-c864-5604b1c7d31b" testName="Should_not_delete_credential_when_request_context_execution_environment_is_not_hosted" computerName="TFSBUILD11" duration="00:00:00.0045986" startTime="2015-09-28T09:43:55.3297260-07:00" endTime="2015-09-28T09:43:55.4547531-07:00" testType="13cdc9d9-ddb5-4fa4-a97d-d965ccfc6d4b" outcome="Passed" testListId="8c84fa94-04c1-424b-9868-57a2d4851a1d" relativeResultsDirectory="08cefe91-69bb-4fae-8ed0-49509461e3be" />
    <UnitTestResult executionId="afb59325-fbbb-4c88-9788-a0a7b377b4b7" testId="8603d9a7-6161-e0eb-0ac6-0fd79c5b0a58" testName="Should_throw_unexpected_host_type_exception_when_service_host_is_not_deployment" computerName="TFSBUILD11" duration="00:00:00.0084559" startTime="2015-09-28T09:43:55.4547531-07:00" endTime="2015-09-28T09:43:55.4703780-07:00" testType="13cdc9d9-ddb5-4fa4-a97d-d965ccfc6d4b" outcome="Passed" testListId="8c84fa94-04c1-424b-9868-57a2d4851a1d" relativeResultsDirectory="afb59325-fbbb-4c88-9788-a0a7b377b4b7" />
    <UnitTestResult executionId="e7e9090d-6142-4f24-8562-0c5dfd35042c" testId="f8720149-e1bd-cdfc-e082-98694cb37999" testName="Should_delete_basic_auth_credential" computerName="TFSBUILD11" duration="00:00:00.0041875" startTime="2015-09-28T09:43:55.4703780-07:00" endTime="2015-09-28T09:43:55.4703780-07:00" testType="13cdc9d9-ddb5-4fa4-a97d-d965ccfc6d4b" outcome="Passed" testListId="8c84fa94-04c1-424b-9868-57a2d4851a1d" relativeResultsDirectory="e7e9090d-6142-4f24-8562-0c5dfd35042c" />
    <UnitTestResult executionId="07a0ea21-247a-4f99-9fbb-e72c31078ec1" testId="3440338f-b9dd-49bb-259c-2c4ca8c3fb1e" testName="Should_invalidate_cached_credential_hash_for_client" computerName="TFSBUILD11" duration="00:00:00.0028085" startTime="2015-09-28T09:43:55.4703780-07:00" endTime="2015-09-28T09:43:55.4859908-07:00" testType="13cdc9d9-ddb5-4fa4-a97d-d965ccfc6d4b" outcome="Passed" testListId="8c84fa94-04c1-424b-9868-57a2d4851a1d" relativeResultsDirectory="07a0ea21-247a-4f99-9fbb-e72c31078ec1" />
    <UnitTestResult executionId="eccf2bb3-0b03-4815-934b-3067c413e03c" testId="1c86ff27-b618-145f-fc89-2e19fbbe36da" testName="Should_return_true_when_request_context_execution_environment_is_not_hosted" computerName="TFSBUILD11" duration="00:00:00.0010180" startTime="2015-09-28T09:43:55.4859908-07:00" endTime="2015-09-28T09:43:55.4859908-07:00" testType="13cdc9d9-ddb5-4fa4-a97d-d965ccfc6d4b" outcome="Passed" testListId="8c84fa94-04c1-424b-9868-57a2d4851a1d" relativeResultsDirectory="eccf2bb3-0b03-4815-934b-3067c413e03c" />
    <UnitTestResult executionId="945a8650-0c52-483b-9a0e-4431a031cce8" testId="9d437d02-911d-f1ab-51d1-c51e8bc7ba3d" testName="Should_throw_unexpected_host_type_exception_when_environment_is_not_deployment" computerName="TFSBUILD11" duration="00:00:00.0024684" startTime="2015-09-28T09:43:55.4859908-07:00" endTime="2015-09-28T09:43:55.5016138-07:00" testType="13cdc9d9-ddb5-4fa4-a97d-d965ccfc6d4b" outcome="Passed" testListId="8c84fa94-04c1-424b-9868-57a2d4851a1d" relativeResultsDirectory="945a8650-0c52-483b-9a0e-4431a031cce8" />
    <UnitTestResult executionId="249c1e5e-f017-432e-b516-9aef16e5feca" testId="3364171f-da53-294c-fadc-d2e9e70016e1" testName="Should_return_false_when_credential_for_identity_was_not_found" computerName="TFSBUILD11" duration="00:00:00.0041457" startTime="2015-09-28T09:43:55.5016138-07:00" endTime="2015-09-28T09:43:55.5016138-07:00" testType="13cdc9d9-ddb5-4fa4-a97d-d965ccfc6d4b" outcome="Passed" testListId="8c84fa94-04c1-424b-9868-57a2d4851a1d" relativeResultsDirectory="249c1e5e-f017-432e-b516-9aef16e5feca" />
    <UnitTestResult executionId="d2524607-61d4-43b4-a7a1-824ee3953422" testId="749bf7fd-b82a-b2e0-928c-b5ce604f1d1a" testName="Should_return_true_when_credential_is_disabled" computerName="TFSBUILD11" duration="00:00:00.0005728" startTime="2015-09-28T09:43:55.5016138-07:00" endTime="2015-09-28T09:43:55.5172410-07:00" testType="13cdc9d9-ddb5-4fa4-a97d-d965ccfc6d4b" outcome="Passed" testListId="8c84fa94-04c1-424b-9868-57a2d4851a1d" relativeResultsDirectory="d2524607-61d4-43b4-a7a1-824ee3953422" />
    <UnitTestResult executionId="251caf88-3c6d-4e66-a071-6155084ca1e7" testId="a76c34f8-3ddb-9b69-56be-e37225583a95" testName="Should_return_false_when_credentials_are_found_and_enabled" computerName="TFSBUILD11" duration="00:00:00.0005327" startTime="2015-09-28T09:43:55.5172410-07:00" endTime="2015-09-28T09:43:55.5172410-07:00" testType="13cdc9d9-ddb5-4fa4-a97d-d965ccfc6d4b" outcome="Passed" testListId="8c84fa94-04c1-424b-9868-57a2d4851a1d" relativeResultsDirectory="251caf88-3c6d-4e66-a071-6155084ca1e7" />
    <UnitTestResult executionId="1382c7f0-690d-444c-92d1-3b10c3456252" testId="be5d32a2-3689-cef9-e03f-2758e521762b" testName="Should_return_false_when_request_context_execution_environment_is_not_hosted" computerName="TFSBUILD11" duration="00:00:00.0009016" startTime="2015-09-28T09:43:55.5172410-07:00" endTime="2015-09-28T09:43:55.5172410-07:00" testType="13cdc9d9-ddb5-4fa4-a97d-d965ccfc6d4b" outcome="Passed" testListId="8c84fa94-04c1-424b-9868-57a2d4851a1d" relativeResultsDirectory="1382c7f0-690d-444c-92d1-3b10c3456252" />
    <UnitTestResult executionId="ef1ca971-c923-4eb3-9d0c-9345167801a1" testId="d41adf48-dfd3-c9d8-7d25-333f762cb383" testName="Should_throw_unexpected_host_type_exception_when_environment_is_not_deployment" computerName="TFSBUILD11" duration="00:00:00.0017114" startTime="2015-09-28T09:43:55.5172410-07:00" endTime="2015-09-28T09:43:55.5328660-07:00" testType="13cdc9d9-ddb5-4fa4-a97d-d965ccfc6d4b" outcome="Passed" testListId="8c84fa94-04c1-424b-9868-57a2d4851a1d" relativeResultsDirectory="ef1ca971-c923-4eb3-9d0c-9345167801a1" />
    <UnitTestResult executionId="ffc93413-3b97-4688-ab3c-4fcacf9ba4e2" testId="ed1239d3-ec91-3b06-35c2-1fe7c29277fa" testName="Should_return_false_when_credential_for_identity_was_not_found" computerName="TFSBUILD11" duration="00:00:00.0023759" startTime="2015-09-28T09:43:55.5328660-07:00" endTime="2015-09-28T09:43:55.5328660-07:00" testType="13cdc9d9-ddb5-4fa4-a97d-d965ccfc6d4b" outcome="Passed" testListId="8c84fa94-04c1-424b-9868-57a2d4851a1d" relativeResultsDirectory="ffc93413-3b97-4688-ab3c-4fcacf9ba4e2" />
    <UnitTestResult executionId="eb0fe9d8-3006-494e-916f-c7ac780d6868" testId="2bdc4942-d470-3506-6379-0db2751fcf4c" testName="Should_return_true_when_credential_for_identity_was_found" computerName="TFSBUILD11" duration="00:00:00.0005330" startTime="2015-09-28T09:43:55.5328660-07:00" endTime="2015-09-28T09:43:55.5328660-07:00" testType="13cdc9d9-ddb5-4fa4-a97d-d965ccfc6d4b" outcome="Passed" testListId="8c84fa94-04c1-424b-9868-57a2d4851a1d" relativeResultsDirectory="eb0fe9d8-3006-494e-916f-c7ac780d6868" />
    <UnitTestResult executionId="e0dced82-7a63-4543-a8f5-933514c80ca4" testId="89250205-4edf-41e5-02ad-bbd439562f5e" testName="Should_not_set_credential_when_request_context_execution_environment_is_not_hosted" computerName="TFSBUILD11" duration="00:00:00.0025716" startTime="2015-09-28T09:43:55.5328660-07:00" endTime="2015-09-28T09:43:55.5484927-07:00" testType="13cdc9d9-ddb5-4fa4-a97d-d965ccfc6d4b" outcome="Passed" testListId="8c84fa94-04c1-424b-9868-57a2d4851a1d" relativeResultsDirectory="e0dced82-7a63-4543-a8f5-933514c80ca4" />
    <UnitTestResult executionId="e6783823-04b7-41d5-b6cb-f7862cf2a441" testId="0d0abdf7-6b85-4a00-839d-cbd7777f1e09" testName="Should_throw_unexpected_host_type_exception_when_environment_is_not_deployment" computerName="TFSBUILD11" duration="00:00:00.0023412" startTime="2015-09-28T09:43:55.5484927-07:00" endTime="2015-09-28T09:43:55.5484927-07:00" testType="13cdc9d9-ddb5-4fa4-a97d-d965ccfc6d4b" outcome="Passed" testListId="8c84fa94-04c1-424b-9868-57a2d4851a1d" relativeResultsDirectory="e6783823-04b7-41d5-b6cb-f7862cf2a441" />
    <UnitTestResult executionId="583a5386-dcf3-4e69-8747-ba1565bd2a15" testId="3c2d778b-5a87-441f-5e8b-4d9d630cacce" testName="Should_throw_invalid_operation_exception_when_current_authenticated_identity_type_is_alternate_credentials" computerName="TFSBUILD11" duration="00:00:00.0116243" startTime="2015-09-28T09:43:55.5484927-07:00" endTime="2015-09-28T09:43:55.5641182-07:00" testType="13cdc9d9-ddb5-4fa4-a97d-d965ccfc6d4b" outcome="Passed" testListId="8c84fa94-04c1-424b-9868-57a2d4851a1d" relativeResultsDirectory="583a5386-dcf3-4e69-8747-ba1565bd2a15" />
    <UnitTestResult executionId="3ded9ef7-ef09-46da-9757-3039fb69b125" testId="acfa9781-c2af-44c4-0e4c-2f6ab2213c2d" testName="Should_throw_argument_exception_when_password_is_null" computerName="TFSBUILD11" duration="00:00:00.0016324" startTime="2015-09-28T09:43:55.5641182-07:00" endTime="2015-09-28T09:43:55.5797469-07:00" testType="13cdc9d9-ddb5-4fa4-a97d-d965ccfc6d4b" outcome="Passed" testListId="8c84fa94-04c1-424b-9868-57a2d4851a1d" relativeResultsDirectory="3ded9ef7-ef09-46da-9757-3039fb69b125" />
    <UnitTestResult executionId="7f081c04-0cac-461b-ace0-13d092cb766a" testId="c7ef403e-ea5b-eabb-c342-62cc558411fb" testName="Should_throw_argument_exception_when_password_is_less_than_8_characters" computerName="TFSBUILD11" duration="00:00:00.0009486" startTime="2015-09-28T09:43:55.5797469-07:00" endTime="2015-09-28T09:43:55.5797469-07:00" testType="13cdc9d9-ddb5-4fa4-a97d-d965ccfc6d4b" outcome="Passed" testListId="8c84fa94-04c1-424b-9868-57a2d4851a1d" relativeResultsDirectory="7f081c04-0cac-461b-ace0-13d092cb766a" />
    <UnitTestResult executionId="19cebb77-bbd3-4001-88c7-9bf15c9b884e" testId="22e2aa23-d707-72ec-7263-7b8e8fc42c1b" testName="Should_throw_argument_exception_when_password_is_greater_than_32_characters" computerName="TFSBUILD11" duration="00:00:00.0009008" startTime="2015-09-28T09:43:55.5797469-07:00" endTime="2015-09-28T09:43:55.5797469-07:00" testType="13cdc9d9-ddb5-4fa4-a97d-d965ccfc6d4b" outcome="Passed" testListId="8c84fa94-04c1-424b-9868-57a2d4851a1d" relativeResultsDirectory="19cebb77-bbd3-4001-88c7-9bf15c9b884e" />
    <UnitTestResult executionId="884732d0-23cd-4bf4-a916-a8d01fec8488" testId="568e68e6-07c4-7326-a256-5dee2c5944c6" testName="Should_throw_argument_exception_when_password_does_not_meet_complexity_requirements" computerName="TFSBUILD11" duration="00:00:00.0010410" startTime="2015-09-28T09:43:55.5797469-07:00" endTime="2015-09-28T09:43:55.5953739-07:00" testType="13cdc9d9-ddb5-4fa4-a97d-d965ccfc6d4b" outcome="Passed" testListId="8c84fa94-04c1-424b-9868-57a2d4851a1d" relativeResultsDirectory="884732d0-23cd-4bf4-a916-a8d01fec8488" />
    <UnitTestResult executionId="2f5ff31c-986a-48aa-bdd0-655ec7f4b6db" testId="d1743ce8-f5d8-c80a-c056-118412dc626f" testName="Should_update_identity_credentials" computerName="TFSBUILD11" duration="00:00:00.0024026" startTime="2015-09-28T09:43:55.5953739-07:00" endTime="2015-09-28T09:43:55.5953739-07:00" testType="13cdc9d9-ddb5-4fa4-a97d-d965ccfc6d4b" outcome="Passed" testListId="8c84fa94-04c1-424b-9868-57a2d4851a1d" relativeResultsDirectory="2f5ff31c-986a-48aa-bdd0-655ec7f4b6db" />
    <UnitTestResult executionId="048f9a7f-6e36-4835-a2fd-b092da3c2eb0" testId="48f0a80c-d3b0-abd5-7904-ae4f94696f25" testName="Should_not_call_httpclient_if_password_empty" computerName="TFSBUILD11" duration="00:00:00.0033845" startTime="2015-09-28T09:43:55.5953739-07:00" endTime="2015-09-28T09:43:55.6110002-07:00" testType="13cdc9d9-ddb5-4fa4-a97d-d965ccfc6d4b" outcome="Passed" testListId="8c84fa94-04c1-424b-9868-57a2d4851a1d" relativeResultsDirectory="048f9a7f-6e36-4835-a2fd-b092da3c2eb0" />
    <UnitTestResult executionId="d11ee7fb-a546-486d-992a-f847311b0bef" testId="8b5a3b03-0a0c-b134-6147-0ce64f7fdf50" testName="Should_return_false_when_request_context_execution_environment_is_not_hosted" computerName="TFSBUILD11" duration="00:00:00.0002847" startTime="2015-09-28T09:43:55.6110002-07:00" endTime="2015-09-28T09:43:55.6266264-07:00" testType="13cdc9d9-ddb5-4fa4-a97d-d965ccfc6d4b" outcome="Passed" testListId="8c84fa94-04c1-424b-9868-57a2d4851a1d" relativeResultsDirectory="d11ee7fb-a546-486d-992a-f847311b0bef" />
    <UnitTestResult executionId="7bd25a4c-b9be-4d8d-8f49-cb3a186789e6" testId="e704ce6e-99b6-0752-da0e-01b3e95f4754" testName="Should_return_false_when_multiple_identities_matched_target_identity" computerName="TFSBUILD11" duration="00:00:00.0041562" startTime="2015-09-28T09:43:55.6266264-07:00" endTime="2015-09-28T09:43:55.6422488-07:00" testType="13cdc9d9-ddb5-4fa4-a97d-d965ccfc6d4b" outcome="Passed" testListId="8c84fa94-04c1-424b-9868-57a2d4851a1d" relativeResultsDirectory="7bd25a4c-b9be-4d8d-8f49-cb3a186789e6" />
    <UnitTestResult executionId="f25c2737-5aa2-4ec0-a6e6-405d7e3cf4cf" testId="a798d103-0260-4ba1-47af-4d3ef4169873" testName="Should_return_true_when_password_has_matches_hash_in_cache" computerName="TFSBUILD11" duration="00:00:00.0135708" startTime="2015-09-28T09:43:55.6422488-07:00" endTime="2015-09-28T09:43:55.6578749-07:00" testType="13cdc9d9-ddb5-4fa4-a97d-d965ccfc6d4b" outcome="Passed" testListId="8c84fa94-04c1-424b-9868-57a2d4851a1d" relativeResultsDirectory="f25c2737-5aa2-4ec0-a6e6-405d7e3cf4cf" />
    <UnitTestResult executionId="670d1cea-bf0d-411a-b890-e847cb2b36f4" testId="0005a0e5-7f7d-6efe-42e4-b90e4a6e785e" testName="Should_return_true_when_password_does_not_match_hash_in_cache_and_matches_credential" computerName="TFSBUILD11" duration="00:00:00.0103008" startTime="2015-09-28T09:43:55.6578749-07:00" endTime="2015-09-28T09:43:55.6891271-07:00" testType="13cdc9d9-ddb5-4fa4-a97d-d965ccfc6d4b" outcome="Passed" testListId="8c84fa94-04c1-424b-9868-57a2d4851a1d" relativeResultsDirectory="670d1cea-bf0d-411a-b890-e847cb2b36f4" />
    <UnitTestResult executionId="2fc429d2-7802-4a66-85c0-75c45aed0112" testId="144bd6bb-2f1d-a361-1328-80af10fdd33e" testName="Should_return_false_when_password_does_not_match_hash_in_cache_and_does_not_match_credentials" computerName="TFSBUILD11" duration="00:00:00.0098389" startTime="2015-09-28T09:43:55.6891271-07:00" endTime="2015-09-28T09:43:55.7047546-07:00" testType="13cdc9d9-ddb5-4fa4-a97d-d965ccfc6d4b" outcome="Passed" testListId="8c84fa94-04c1-424b-9868-57a2d4851a1d" relativeResultsDirectory="2fc429d2-7802-4a66-85c0-75c45aed0112" />
    <UnitTestResult executionId="b620b571-b990-4fee-9c3b-00e281be8d9c" testId="9a07d2b5-d3ad-e5b3-fd24-0e2cd724b55d" testName="Should_invalidate_casched_hash_when_password_hash_in_cache_and_doesn_not_match_credentials" computerName="TFSBUILD11" duration="00:00:00.0102479" startTime="2015-09-28T09:43:55.7047546-07:00" endTime="2015-09-28T09:43:55.7360060-07:00" testType="13cdc9d9-ddb5-4fa4-a97d-d965ccfc6d4b" outcome="Passed" testListId="8c84fa94-04c1-424b-9868-57a2d4851a1d" relativeResultsDirectory="b620b571-b990-4fee-9c3b-00e281be8d9c" />
    <UnitTestResult executionId="957c35bb-8e3f-455c-850c-f4c93b90d8a2" testId="7da8f793-f54a-39ef-40b7-5684280bd00c" testName="Should_return_true_when_no_cached_hash_and_password_matches_credential" computerName="TFSBUILD11" duration="00:00:00.0059426" startTime="2015-09-28T09:43:55.7360060-07:00" endTime="2015-09-28T09:43:55.7516315-07:00" testType="13cdc9d9-ddb5-4fa4-a97d-d965ccfc6d4b" outcome="Passed" testListId="8c84fa94-04c1-424b-9868-57a2d4851a1d" relativeResultsDirectory="957c35bb-8e3f-455c-850c-f4c93b90d8a2" />
    <UnitTestResult executionId="c607f36d-25a9-4097-9340-f05502c41924" testId="9c0f494e-7dca-dba7-122c-746108a3963b" testName="Should_return_false_when_no_cached_hash_and_password_does_not_matche_credential" computerName="TFSBUILD11" duration="00:00:00.0083023" startTime="2015-09-28T09:43:55.7516315-07:00" endTime="2015-09-28T09:43:55.7672585-07:00" testType="13cdc9d9-ddb5-4fa4-a97d-d965ccfc6d4b" outcome="Passed" testListId="8c84fa94-04c1-424b-9868-57a2d4851a1d" relativeResultsDirectory="c607f36d-25a9-4097-9340-f05502c41924" />
    <UnitTestResult executionId="26f2d189-81f2-43af-8f95-10334da9abf0" testId="d78a3c4d-c7fc-83a1-2c4c-4d9d6a666816" testName="Should_not_enable_credential_when_request_context_execution_environment_is_not_hosted" computerName="TFSBUILD11" duration="00:00:00.0033698" startTime="2015-09-28T09:43:55.7672585-07:00" endTime="2015-09-28T09:43:55.7672585-07:00" testType="13cdc9d9-ddb5-4fa4-a97d-d965ccfc6d4b" outcome="Passed" testListId="8c84fa94-04c1-424b-9868-57a2d4851a1d" relativeResultsDirectory="26f2d189-81f2-43af-8f95-10334da9abf0" />
    <UnitTestResult executionId="a8e33db3-6e1a-485f-a9f5-0c2deb5fc088" testId="f5d65b38-ad06-c050-c78b-3415cce4b696" testName="Should_throw_unexpected_host_type_exception_when_service_host_is_not_deployment" computerName="TFSBUILD11" duration="00:00:00.0023230" startTime="2015-09-28T09:43:55.7672585-07:00" endTime="2015-09-28T09:43:55.7828846-07:00" testType="13cdc9d9-ddb5-4fa4-a97d-d965ccfc6d4b" outcome="Passed" testListId="8c84fa94-04c1-424b-9868-57a2d4851a1d" relativeResultsDirectory="a8e33db3-6e1a-485f-a9f5-0c2deb5fc088" />
    <UnitTestResult executionId="ce405622-00c9-4285-9eaf-9f82d6a07962" testId="332b6f53-d449-623c-b53c-5d507244e9d7" testName="Should_enable_credential_and_clear_password" computerName="TFSBUILD11" duration="00:00:00.0050093" startTime="2015-09-28T09:43:55.7828846-07:00" endTime="2015-09-28T09:43:55.7828846-07:00" testType="13cdc9d9-ddb5-4fa4-a97d-d965ccfc6d4b" outcome="Passed" testListId="8c84fa94-04c1-424b-9868-57a2d4851a1d" relativeResultsDirectory="ce405622-00c9-4285-9eaf-9f82d6a07962" />
    <UnitTestResult executionId="3d53f820-9c4d-462a-90d1-29d706dc5c9d" testId="2b030f55-3757-20d0-805b-9feb4c1d5656" testName="Should_be_true_when_execution_environment_is_not_hosted" computerName="TFSBUILD11" duration="00:00:00.0019382" startTime="2015-09-28T09:43:55.7828846-07:00" endTime="2015-09-28T09:43:55.8453922-07:00" testType="13cdc9d9-ddb5-4fa4-a97d-d965ccfc6d4b" outcome="Passed" testListId="8c84fa94-04c1-424b-9868-57a2d4851a1d" relativeResultsDirectory="3d53f820-9c4d-462a-90d1-29d706dc5c9d" />
    <UnitTestResult executionId="f7568cff-b2e2-4508-939b-bc1cdc47e6dc" testId="3b614c0d-a0e1-9bd1-5caf-f6bdcd653918" testName="Should_be_true_when_feature_is_not_enabled" computerName="TFSBUILD11" duration="00:00:00.0031860" startTime="2015-09-28T09:43:55.8453922-07:00" endTime="2015-09-28T09:43:55.8766453-07:00" testType="13cdc9d9-ddb5-4fa4-a97d-d965ccfc6d4b" outcome="Passed" testListId="8c84fa94-04c1-424b-9868-57a2d4851a1d" relativeResultsDirectory="f7568cff-b2e2-4508-939b-bc1cdc47e6dc" />
    <UnitTestResult executionId="9904dcfe-384f-4a18-9f85-37f1bd7f570c" testId="d338e5e2-de37-9b0d-6da1-759d5ae0f080" testName="Should_be_true_when_auth_credential_is_null" computerName="TFSBUILD11" duration="00:00:00.0035034" startTime="2015-09-28T09:43:55.8766453-07:00" endTime="2015-09-28T09:43:55.8922725-07:00" testType="13cdc9d9-ddb5-4fa4-a97d-d965ccfc6d4b" outcome="Passed" testListId="8c84fa94-04c1-424b-9868-57a2d4851a1d" relativeResultsDirectory="9904dcfe-384f-4a18-9f85-37f1bd7f570c" />
    <UnitTestResult executionId="8ea7acb3-8a58-446d-bfd2-3b7bbb6d287c" testId="c9a5852a-0207-5730-4a74-1c11bdfaa661" testName="Should_be_true_when_credential_auth_valid_date_is_greater_than_identity_valid_date" computerName="TFSBUILD11" duration="00:00:00.0176181" startTime="2015-09-28T09:43:55.8922725-07:00" endTime="2015-09-28T09:43:55.9391503-07:00" testType="13cdc9d9-ddb5-4fa4-a97d-d965ccfc6d4b" outcome="Passed" testListId="8c84fa94-04c1-424b-9868-57a2d4851a1d" relativeResultsDirectory="8ea7acb3-8a58-446d-bfd2-3b7bbb6d287c" />
    <UnitTestResult executionId="e491428f-fbbb-49f6-8ffc-44719db40517" testId="e6a79b5a-9b0f-2c88-ee5a-f90364e4ccf3" testName="Should_be_true_when_credential_auth_valid_date_is_greater_than_account_valid_date" computerName="TFSBUILD11" duration="00:00:00.0026407" startTime="2015-09-28T09:43:55.9391503-07:00" endTime="2015-09-28T09:43:55.9547767-07:00" testType="13cdc9d9-ddb5-4fa4-a97d-d965ccfc6d4b" outcome="Passed" testListId="8c84fa94-04c1-424b-9868-57a2d4851a1d" relativeResultsDirectory="e491428f-fbbb-49f6-8ffc-44719db40517" />
    <UnitTestResult executionId="564cd1fb-4c87-4db1-8532-59bcf90564d4" testId="ef6d1c84-d608-d999-4f8c-9ec94b530411" testName="Should_be_true_when_credential_auth_valid_date_is_greater_than_both_identity_and_account_valid_date" computerName="TFSBUILD11" duration="00:00:00.0029192" startTime="2015-09-28T09:43:55.9547767-07:00" endTime="2015-09-28T09:43:55.9704017-07:00" testType="13cdc9d9-ddb5-4fa4-a97d-d965ccfc6d4b" outcome="Passed" testListId="8c84fa94-04c1-424b-9868-57a2d4851a1d" relativeResultsDirectory="564cd1fb-4c87-4db1-8532-59bcf90564d4" />
    <UnitTestResult executionId="7aa732a7-fad5-4725-9bc8-8dcb9d775fdc" testId="37ba5476-a413-397a-13dc-f2c01aa73104" testName="Should_be_false_when_credential_auth_valid_date_is_lesser_than_identity_valid_date" computerName="TFSBUILD11" duration="00:00:00.0026760" startTime="2015-09-28T09:43:55.9704017-07:00" endTime="2015-09-28T09:43:56.0016576-07:00" testType="13cdc9d9-ddb5-4fa4-a97d-d965ccfc6d4b" outcome="Passed" testListId="8c84fa94-04c1-424b-9868-57a2d4851a1d" relativeResultsDirectory="7aa732a7-fad5-4725-9bc8-8dcb9d775fdc" />
    <UnitTestResult executionId="f7ba6adb-1733-461f-84e9-d83ab0661d13" testId="75cfd13f-65dd-917a-59cb-e2df1f8ee893" testName="Should_be_false_when_credential_auth_valid_date_is_lesser_than_account_valid_date" computerName="TFSBUILD11" duration="00:00:00.0027647" startTime="2015-09-28T09:43:56.0016576-07:00" endTime="2015-09-28T09:43:56.0172820-07:00" testType="13cdc9d9-ddb5-4fa4-a97d-d965ccfc6d4b" outcome="Passed" testListId="8c84fa94-04c1-424b-9868-57a2d4851a1d" relativeResultsDirectory="f7ba6adb-1733-461f-84e9-d83ab0661d13" />
    <UnitTestResult executionId="fa4cd8e7-8fcb-4b49-9770-8106dfe24505" testId="82bb464d-3b22-e089-4f86-c23bcfebff15" testName="Should_be_false_when_credential_auth_valid_date_is_lesser_than_either_identity_or_account_valid_date" computerName="TFSBUILD11" duration="00:00:00.0029593" startTime="2015-09-28T09:43:56.0172820-07:00" endTime="2015-09-28T09:43:56.0485285-07:00" testType="13cdc9d9-ddb5-4fa4-a97d-d965ccfc6d4b" outcome="Passed" testListId="8c84fa94-04c1-424b-9868-57a2d4851a1d" relativeResultsDirectory="fa4cd8e7-8fcb-4b49-9770-8106dfe24505" />
    <UnitTestResult executionId="53bc598d-c7a9-4e5a-a8e8-09de9b044e3e" testId="76e7c97b-1f73-d79b-89f7-a27d3bad9c01" testName="Should_be_true_when_fed_auth_suppress_header_is_specified" computerName="TFSBUILD11" duration="00:00:00.0010609" startTime="2015-09-28T09:43:56.0485285-07:00" endTime="2015-09-28T09:43:56.0797824-07:00" testType="13cdc9d9-ddb5-4fa4-a97d-d965ccfc6d4b" outcome="Passed" testListId="8c84fa94-04c1-424b-9868-57a2d4851a1d" relativeResultsDirectory="53bc598d-c7a9-4e5a-a8e8-09de9b044e3e" />
    <UnitTestResult executionId="3003f618-a0e4-4009-8fe1-d45c0550e912" testId="c59e8360-3ad9-aadc-bdad-423b6f3c6177" testName="Should_be_true_when_path_ends_with_asmx" computerName="TFSBUILD11" duration="00:00:00.0015962" startTime="2015-09-28T09:43:56.0797824-07:00" endTime="2015-09-28T09:43:56.0954066-07:00" testType="13cdc9d9-ddb5-4fa4-a97d-d965ccfc6d4b" outcome="Passed" testListId="8c84fa94-04c1-424b-9868-57a2d4851a1d" relativeResultsDirectory="3003f618-a0e4-4009-8fe1-d45c0550e912" />
    <UnitTestResult executionId="00185991-d4d3-4c50-b265-02284ef60144" testId="80af434d-ecff-4a5e-b25e-0663226572b3" testName="Should_be_true_when_path_ends_with_ashx" computerName="TFSBUILD11" duration="00:00:00.0016907" startTime="2015-09-28T09:43:56.0954066-07:00" endTime="2015-09-28T09:43:56.1110330-07:00" testType="13cdc9d9-ddb5-4fa4-a97d-d965ccfc6d4b" outcome="Passed" testListId="8c84fa94-04c1-424b-9868-57a2d4851a1d" relativeResultsDirectory="00185991-d4d3-4c50-b265-02284ef60144" />
    <UnitTestResult executionId="86de28ff-028d-4e3c-97ed-66a1f063eacd" testId="f22f05da-765e-3a07-0cea-9070d04b6d6f" testName="Should_redirect_response_to_signout_uri" computerName="TFSBUILD11" duration="00:00:00.2369619" startTime="2015-09-28T09:43:56.1110330-07:00" endTime="2015-09-28T09:43:56.3766797-07:00" testType="13cdc9d9-ddb5-4fa4-a97d-d965ccfc6d4b" outcome="Passed" testListId="8c84fa94-04c1-424b-9868-57a2d4851a1d" relativeResultsDirectory="86de28ff-028d-4e3c-97ed-66a1f063eacd" />
    <UnitTestResult executionId="737ce498-7c89-437f-926b-84494c89a3f8" testId="91e72215-5985-583d-797d-ebe221c1a370" testName="Should_redirect_response_to_deployment_level_signout_uri" computerName="TFSBUILD11" duration="00:00:00.0037683" startTime="2015-09-28T09:43:56.3766797-07:00" endTime="2015-09-28T09:43:56.4079316-07:00" testType="13cdc9d9-ddb5-4fa4-a97d-d965ccfc6d4b" outcome="Passed" testListId="8c84fa94-04c1-424b-9868-57a2d4851a1d" relativeResultsDirectory="737ce498-7c89-437f-926b-84494c89a3f8" />
    <UnitTestResult executionId="40e5d0a2-ba18-41a7-a802-1641bdc02a09" testId="6757e280-6379-0026-3912-529ef9ac6dc0" testName="Should_redirect_response_to_signout_with_forceSignout_parameter" computerName="TFSBUILD11" duration="00:00:00.0034272" startTime="2015-09-28T09:43:56.4079316-07:00" endTime="2015-09-28T09:43:56.4235580-07:00" testType="13cdc9d9-ddb5-4fa4-a97d-d965ccfc6d4b" outcome="Passed" testListId="8c84fa94-04c1-424b-9868-57a2d4851a1d" relativeResultsDirectory="40e5d0a2-ba18-41a7-a802-1641bdc02a09" />
    <UnitTestResult executionId="d69e66b5-d7a3-475e-b1dd-b111e3cf95bc" testId="0c17effd-b13e-3c36-96fb-aeb5a697d644" testName="Should_redirect_response_to_signout_with_reply_to_matching_orginal_request" computerName="TFSBUILD11" duration="00:00:00.0141587" startTime="2015-09-28T09:43:56.4235580-07:00" endTime="2015-09-28T09:43:56.4704358-07:00" testType="13cdc9d9-ddb5-4fa4-a97d-d965ccfc6d4b" outcome="Passed" testListId="8c84fa94-04c1-424b-9868-57a2d4851a1d" relativeResultsDirectory="d69e66b5-d7a3-475e-b1dd-b111e3cf95bc" />
    <UnitTestResult executionId="a01adb3e-af4e-4238-b436-b9a6df632fb4" testId="636c5ba0-6256-6458-ded9-75c49a8dcd53" testName="Should_redirect_response_to_signout_without_authentication_query_params" computerName="TFSBUILD11" duration="00:00:00.0044182" startTime="2015-09-28T09:43:56.4704358-07:00" endTime="2015-09-28T09:43:56.5016886-07:00" testType="13cdc9d9-ddb5-4fa4-a97d-d965ccfc6d4b" outcome="Passed" testListId="8c84fa94-04c1-424b-9868-57a2d4851a1d" relativeResultsDirectory="a01adb3e-af4e-4238-b436-b9a6df632fb4" />
    <UnitTestResult executionId="959cde57-7323-4e16-9cd6-7d530bda6d1e" testId="b1c38f71-9598-392c-cb30-fe2db9721f29" testName="Returns_true_if_user_is_not_guest" computerName="TFSBUILD11" duration="00:00:00.0037361" startTime="2015-09-28T09:43:56.5016886-07:00" endTime="2015-09-28T09:43:56.5173113-07:00" testType="13cdc9d9-ddb5-4fa4-a97d-d965ccfc6d4b" outcome="Passed" testListId="8c84fa94-04c1-424b-9868-57a2d4851a1d" relativeResultsDirectory="959cde57-7323-4e16-9cd6-7d530bda6d1e" />
    <UnitTestResult executionId="c96ab2da-cd09-45fe-bffe-f7588128ccbb" testId="7522b227-bbfd-2afe-bc9c-fc87c027d757" testName="Returns_false_if_user_is_guest" computerName="TFSBUILD11" duration="00:00:00.0008763" startTime="2015-09-28T09:43:56.5173113-07:00" endTime="2015-09-28T09:43:56.5173113-07:00" testType="13cdc9d9-ddb5-4fa4-a97d-d965ccfc6d4b" outcome="Passed" testListId="8c84fa94-04c1-424b-9868-57a2d4851a1d" relativeResultsDirectory="c96ab2da-cd09-45fe-bffe-f7588128ccbb" />
    <UnitTestResult executionId="34b83dfe-8000-4f9f-b72b-755d6c886a01" testId="5ae26694-6f52-e109-68db-d05d38929778" testName="Returns_true_if_deployment_request" computerName="TFSBUILD11" duration="00:00:00.0002247" startTime="2015-09-28T09:43:56.5173113-07:00" endTime="2015-09-28T09:43:56.5173113-07:00" testType="13cdc9d9-ddb5-4fa4-a97d-d965ccfc6d4b" outcome="Passed" testListId="8c84fa94-04c1-424b-9868-57a2d4851a1d" relativeResultsDirectory="34b83dfe-8000-4f9f-b72b-755d6c886a01" />
    <UnitTestResult executionId="24f4d5da-1f3d-4caf-946e-9da96a344d31" testId="3aaaf361-7d28-7ec0-ae3b-72c376441ee9" testName="Returns_true_if_signedIn_page" computerName="TFSBUILD11" duration="00:00:00.0011787" startTime="2015-09-28T09:43:56.5173113-07:00" endTime="2015-09-28T09:43:56.5329371-07:00" testType="13cdc9d9-ddb5-4fa4-a97d-d965ccfc6d4b" outcome="Passed" testListId="8c84fa94-04c1-424b-9868-57a2d4851a1d" relativeResultsDirectory="24f4d5da-1f3d-4caf-946e-9da96a344d31" />
    <UnitTestResult executionId="c8da7571-fd4a-467b-9dea-314cf322f940" testId="862b1205-0f46-f291-1e82-0b1f6890d324" testName="GetToken_should_throw_argument_null_when_request_context_is_null" computerName="TFSBUILD11" duration="00:00:00.0009255" startTime="2015-09-28T09:43:56.5329371-07:00" endTime="2015-09-28T09:43:56.5485638-07:00" testType="13cdc9d9-ddb5-4fa4-a97d-d965ccfc6d4b" outcome="Passed" testListId="8c84fa94-04c1-424b-9868-57a2d4851a1d" relativeResultsDirectory="c8da7571-fd4a-467b-9dea-314cf322f940" />
    <UnitTestResult executionId="41f28d85-2a83-41f5-ac29-cb70aec63eae" testId="55d20fde-ffb9-3d2b-0fc0-ef7ae9e576dc" testName="GetToken_should_throw_argument_null_when_identity_descriptor_is_null" computerName="TFSBUILD11" duration="00:00:00.0004121" startTime="2015-09-28T09:43:56.5485638-07:00" endTime="2015-09-28T09:43:56.5485638-07:00" testType="13cdc9d9-ddb5-4fa4-a97d-d965ccfc6d4b" outcome="Passed" testListId="8c84fa94-04c1-424b-9868-57a2d4851a1d" relativeResultsDirectory="41f28d85-2a83-41f5-ac29-cb70aec63eae" />
    <UnitTestResult executionId="4bfaf1be-2ae7-4611-9867-b635ee5b7325" testId="0d157c2a-191e-dc47-e069-b3c93cc590a8" testName="GetToken_should_return_null_when_token_is_not_found_in_request_context_items" computerName="TFSBUILD11" duration="00:00:00.0003706" startTime="2015-09-28T09:43:56.5485638-07:00" endTime="2015-09-28T09:43:56.5485638-07:00" testType="13cdc9d9-ddb5-4fa4-a97d-d965ccfc6d4b" outcome="Passed" testListId="8c84fa94-04c1-424b-9868-57a2d4851a1d" relativeResultsDirectory="4bfaf1be-2ae7-4611-9867-b635ee5b7325" />
    <UnitTestResult executionId="4a9200ee-1840-4766-9053-73237d5d62c2" testId="f47b402c-f152-d427-bbf8-7e1b932a0195" testName="GetToken_should_return_null_when_token_in_request_context_items_is_null" computerName="TFSBUILD11" duration="00:00:00.0002747" startTime="2015-09-28T09:43:56.5485638-07:00" endTime="2015-09-28T09:43:56.5485638-07:00" testType="13cdc9d9-ddb5-4fa4-a97d-d965ccfc6d4b" outcome="Passed" testListId="8c84fa94-04c1-424b-9868-57a2d4851a1d" relativeResultsDirectory="4a9200ee-1840-4766-9053-73237d5d62c2" />
    <UnitTestResult executionId="5abc911e-b8d4-450a-b224-550986d0cfc1" testId="0202443b-5060-e73a-615e-ab7187e6758c" testName="GetToken_should_return_converted_token_from_request_context" computerName="TFSBUILD11" duration="00:00:00.0028728" startTime="2015-09-28T09:43:56.5485638-07:00" endTime="2015-09-28T09:43:56.5641899-07:00" testType="13cdc9d9-ddb5-4fa4-a97d-d965ccfc6d4b" outcome="Passed" testListId="8c84fa94-04c1-424b-9868-57a2d4851a1d" relativeResultsDirectory="5abc911e-b8d4-450a-b224-550986d0cfc1" />
    <UnitTestResult executionId="35b545e2-4a13-4444-9407-cedac20cfd02" testId="4cd00e8d-96fc-ed6d-d61f-a78e80db3e00" testName="SetToken_should_throw_argument_null_when_request_context_is_null" computerName="TFSBUILD11" duration="00:00:00.0010587" startTime="2015-09-28T09:43:56.5641899-07:00" endTime="2015-09-28T09:43:56.5641899-07:00" testType="13cdc9d9-ddb5-4fa4-a97d-d965ccfc6d4b" outcome="Passed" testListId="8c84fa94-04c1-424b-9868-57a2d4851a1d" relativeResultsDirectory="35b545e2-4a13-4444-9407-cedac20cfd02" />
    <UnitTestResult executionId="33493303-66f8-49ab-9018-81f148a2bc41" testId="84a24c47-7e53-5c7c-0b99-e89af11e97fc" testName="SetToken_should_throw_argument_null_when_identity_descriptor_is_null" computerName="TFSBUILD11" duration="00:00:00.0004909" startTime="2015-09-28T09:43:56.5641899-07:00" endTime="2015-09-28T09:43:56.5641899-07:00" testType="13cdc9d9-ddb5-4fa4-a97d-d965ccfc6d4b" outcome="Passed" testListId="8c84fa94-04c1-424b-9868-57a2d4851a1d" relativeResultsDirectory="33493303-66f8-49ab-9018-81f148a2bc41" />
    <UnitTestResult executionId="29b9fb93-a519-4597-9ef4-4387f8cbf4f6" testId="98b8199f-f239-a68c-231b-1f0d28b80704" testName="SetToken_should_throw_argument_null_when_token_is_null" computerName="TFSBUILD11" duration="00:00:00.0004215" startTime="2015-09-28T09:43:56.5641899-07:00" endTime="2015-09-28T09:43:56.5641899-07:00" testType="13cdc9d9-ddb5-4fa4-a97d-d965ccfc6d4b" outcome="Passed" testListId="8c84fa94-04c1-424b-9868-57a2d4851a1d" relativeResultsDirectory="29b9fb93-a519-4597-9ef4-4387f8cbf4f6" />
    <UnitTestResult executionId="362e3cab-78c8-4548-aa76-35a6a953e179" testId="04e7ef16-fa40-8e18-87ae-ef58aac2dbe7" testName="SetToken_should_set_convert_and_set_token_in_request_context_items" computerName="TFSBUILD11" duration="00:00:00.0023045" startTime="2015-09-28T09:43:56.5641899-07:00" endTime="2015-09-28T09:43:56.5641899-07:00" testType="13cdc9d9-ddb5-4fa4-a97d-d965ccfc6d4b" outcome="Passed" testListId="8c84fa94-04c1-424b-9868-57a2d4851a1d" relativeResultsDirectory="362e3cab-78c8-4548-aa76-35a6a953e179" />
    <UnitTestResult executionId="c5de8db3-d5ed-4424-b018-0711c414532d" testId="9d96bf0f-417b-54b4-ef04-fe5cb91810ea" testName="GetToken_should_throw_argument_null_when_request_context_is_null" computerName="TFSBUILD11" duration="00:00:00.0009107" startTime="2015-09-28T09:43:56.5641899-07:00" endTime="2015-09-28T09:43:56.5798186-07:00" testType="13cdc9d9-ddb5-4fa4-a97d-d965ccfc6d4b" outcome="Passed" testListId="8c84fa94-04c1-424b-9868-57a2d4851a1d" relativeResultsDirectory="c5de8db3-d5ed-4424-b018-0711c414532d" />
    <UnitTestResult executionId="6512dab7-9d14-41d2-b14a-732b822b1936" testId="fce56732-e586-a731-dcf0-cd066db6bfb8" testName="GetToken_should_throw_argument_null_when_identity_descriptor_is_null" computerName="TFSBUILD11" duration="00:00:00.0003976" startTime="2015-09-28T09:43:56.5798186-07:00" endTime="2015-09-28T09:43:56.5798186-07:00" testType="13cdc9d9-ddb5-4fa4-a97d-d965ccfc6d4b" outcome="Passed" testListId="8c84fa94-04c1-424b-9868-57a2d4851a1d" relativeResultsDirectory="6512dab7-9d14-41d2-b14a-732b822b1936" />
    <UnitTestResult executionId="2f40d8b9-745a-49d8-bbaa-1361dcaba10c" testId="0fa13100-071a-fbc1-3a41-e23afb73c1d2" testName="GetToken_should_return_token_from_request_context" computerName="TFSBUILD11" duration="00:00:00.0021114" startTime="2015-09-28T09:43:56.5798186-07:00" endTime="2015-09-28T09:43:56.5798186-07:00" testType="13cdc9d9-ddb5-4fa4-a97d-d965ccfc6d4b" outcome="Passed" testListId="8c84fa94-04c1-424b-9868-57a2d4851a1d" relativeResultsDirectory="2f40d8b9-745a-49d8-bbaa-1361dcaba10c" />
    <UnitTestResult executionId="d530419c-a590-454c-9786-18ac9ff85c2a" testId="18aab479-7820-fba5-9589-2484b8f11d0c" testName="GetToken_should_return_null_when_identity_is_not_found" computerName="TFSBUILD11" duration="00:00:00.0040169" startTime="2015-09-28T09:43:56.5798186-07:00" endTime="2015-09-28T09:43:56.5954441-07:00" testType="13cdc9d9-ddb5-4fa4-a97d-d965ccfc6d4b" outcome="Passed" testListId="8c84fa94-04c1-424b-9868-57a2d4851a1d" relativeResultsDirectory="d530419c-a590-454c-9786-18ac9ff85c2a" />
    <UnitTestResult executionId="0a271dc0-aa28-410d-886a-26ca617b1d97" testId="ff377a46-fed2-2bc0-f0cc-124640a8de3a" testName="GetToken_should_return_null_when_identity_does_not_have_refresh_token_property" computerName="TFSBUILD11" duration="00:00:00.0033066" startTime="2015-09-28T09:43:56.5954441-07:00" endTime="2015-09-28T09:43:56.5954441-07:00" testType="13cdc9d9-ddb5-4fa4-a97d-d965ccfc6d4b" outcome="Passed" testListId="8c84fa94-04c1-424b-9868-57a2d4851a1d" relativeResultsDirectory="0a271dc0-aa28-410d-886a-26ca617b1d97" />
    <UnitTestResult executionId="a55f2c7d-8d0e-4dd2-ba16-d57716976a61" testId="0e5d70de-1f83-6a1c-bf9c-fb789f7d2dbe" testName="GetToken_should_return_prased_token_from_identity_property" computerName="TFSBUILD11" duration="00:00:00.0037683" startTime="2015-09-28T09:43:56.5954441-07:00" endTime="2015-09-28T09:43:56.5954441-07:00" testType="13cdc9d9-ddb5-4fa4-a97d-d965ccfc6d4b" outcome="Passed" testListId="8c84fa94-04c1-424b-9868-57a2d4851a1d" relativeResultsDirectory="a55f2c7d-8d0e-4dd2-ba16-d57716976a61" />
    <UnitTestResult executionId="9b0f228f-cd93-4c7c-a70f-6f6d4acd4ac8" testId="72d378bb-bd65-dd97-9bb1-cde8848f14bc" testName="GetToken_should_set_token_from_identity_property_in_request_context_items" computerName="TFSBUILD11" duration="00:00:00.0042128" startTime="2015-09-28T09:43:56.5954441-07:00" endTime="2015-09-28T09:43:56.6110677-07:00" testType="13cdc9d9-ddb5-4fa4-a97d-d965ccfc6d4b" outcome="Passed" testListId="8c84fa94-04c1-424b-9868-57a2d4851a1d" relativeResultsDirectory="9b0f228f-cd93-4c7c-a70f-6f6d4acd4ac8" />
    <UnitTestResult executionId="d62b4171-d6a0-4348-b7da-9e282fb1edf6" testId="e17184b9-2259-de2a-5604-91a29c297d64" testName="SetToken_should_throw_argument_null_when_request_context_is_null" computerName="TFSBUILD11" duration="00:00:00.0026908" startTime="2015-09-28T09:43:56.6110677-07:00" endTime="2015-09-28T09:43:56.6110677-07:00" testType="13cdc9d9-ddb5-4fa4-a97d-d965ccfc6d4b" outcome="Passed" testListId="8c84fa94-04c1-424b-9868-57a2d4851a1d" relativeResultsDirectory="d62b4171-d6a0-4348-b7da-9e282fb1edf6" />
    <UnitTestResult executionId="8cda53e6-7fa0-4754-bd53-47dfd98a8bd1" testId="e777c9d0-4910-e841-577e-26587d3b89f9" testName="SetToken_should_throw_argument_null_when_identity_descriptor_is_null" computerName="TFSBUILD11" duration="00:00:00.0005851" startTime="2015-09-28T09:43:56.6110677-07:00" endTime="2015-09-28T09:43:56.6266941-07:00" testType="13cdc9d9-ddb5-4fa4-a97d-d965ccfc6d4b" outcome="Passed" testListId="8c84fa94-04c1-424b-9868-57a2d4851a1d" relativeResultsDirectory="8cda53e6-7fa0-4754-bd53-47dfd98a8bd1" />
    <UnitTestResult executionId="30512b4f-53ba-4c96-88c3-1e5d25ea0a57" testId="321352e9-b41e-359b-56bc-f85e6ae7d263" testName="SetToken_should_throw_argument_null_when_token_is_null" computerName="TFSBUILD11" duration="00:00:00.0005415" startTime="2015-09-28T09:43:56.6266941-07:00" endTime="2015-09-28T09:43:56.6266941-07:00" testType="13cdc9d9-ddb5-4fa4-a97d-d965ccfc6d4b" outcome="Passed" testListId="8c84fa94-04c1-424b-9868-57a2d4851a1d" relativeResultsDirectory="30512b4f-53ba-4c96-88c3-1e5d25ea0a57" />
    <UnitTestResult executionId="406ca23d-5aa6-4ac4-aa8e-db4aefccdd02" testId="ae104e79-f401-170a-8463-bd79669f2a1c" testName="SetToken_should_set_token_on_identity_property_when_there_is_no_existing_token" computerName="TFSBUILD11" duration="00:00:00.0072365" startTime="2015-09-28T09:43:56.6266941-07:00" endTime="2015-09-28T09:43:56.6266941-07:00" testType="13cdc9d9-ddb5-4fa4-a97d-d965ccfc6d4b" outcome="Passed" testListId="8c84fa94-04c1-424b-9868-57a2d4851a1d" relativeResultsDirectory="406ca23d-5aa6-4ac4-aa8e-db4aefccdd02" />
    <UnitTestResult executionId="ba25db01-f5e4-415c-bf61-03468e44447a" testId="9a69434d-8bb2-c6a6-be75-c59def2efc70" testName="SetToken_should_set_token_on_identity_property_when_existing_token_does_not_match_new_token" computerName="TFSBUILD11" duration="00:00:00.0056550" startTime="2015-09-28T09:43:56.6266941-07:00" endTime="2015-09-28T09:43:56.6423239-07:00" testType="13cdc9d9-ddb5-4fa4-a97d-d965ccfc6d4b" outcome="Passed" testListId="8c84fa94-04c1-424b-9868-57a2d4851a1d" relativeResultsDirectory="ba25db01-f5e4-415c-bf61-03468e44447a" />
    <UnitTestResult executionId="8ab512b5-0115-4e90-b676-48e7e2fffa34" testId="3fcdc78c-8283-b74c-50a7-3227f89086ef" testName="SetToken_should_not_set_token_update_date_on_identity_property_when_existing_token_matches_new_token" computerName="TFSBUILD11" duration="00:00:00.0057762" startTime="2015-09-28T09:43:56.6423239-07:00" endTime="2015-09-28T09:43:56.6579488-07:00" testType="13cdc9d9-ddb5-4fa4-a97d-d965ccfc6d4b" outcome="Passed" testListId="8c84fa94-04c1-424b-9868-57a2d4851a1d" relativeResultsDirectory="8ab512b5-0115-4e90-b676-48e7e2fffa34" />
    <UnitTestResult executionId="89457212-01a8-4cce-8e20-9c176366a056" testId="2e2d8abd-38f2-ddaa-1403-679d24bd152b" testName="SetToken_should_set_token_update_date_on_identity_property_when_existing_token_does_not_match_new_token" computerName="TFSBUILD11" duration="00:00:00.0041716" startTime="2015-09-28T09:43:56.6579488-07:00" endTime="2015-09-28T09:43:56.6579488-07:00" testType="13cdc9d9-ddb5-4fa4-a97d-d965ccfc6d4b" outcome="Passed" testListId="8c84fa94-04c1-424b-9868-57a2d4851a1d" relativeResultsDirectory="89457212-01a8-4cce-8e20-9c176366a056" />
    <UnitTestResult executionId="7658bc48-f308-40e9-8b9f-d77d8d371772" testId="50890bbb-954f-856c-487e-120c38156601" testName="SetToken_should_set_token_update_date_on_identity_property_when_there_is_no_existing_token_update_date" computerName="TFSBUILD11" duration="00:00:00.0067464" startTime="2015-09-28T09:43:56.6579488-07:00" endTime="2015-09-28T09:43:56.6735727-07:00" testType="13cdc9d9-ddb5-4fa4-a97d-d965ccfc6d4b" outcome="Passed" testListId="8c84fa94-04c1-424b-9868-57a2d4851a1d" relativeResultsDirectory="7658bc48-f308-40e9-8b9f-d77d8d371772" />
    <UnitTestResult executionId="8fbd7b74-54bc-4cf6-b1aa-d96473679de9" testId="8ccd13bf-1cb6-ac18-3196-eb635191ab8d" testName="SetToken_should_set_token_on_request_context_items" computerName="TFSBUILD11" duration="00:00:00.0059414" startTime="2015-09-28T09:43:56.6735727-07:00" endTime="2015-09-28T09:43:56.6892019-07:00" testType="13cdc9d9-ddb5-4fa4-a97d-d965ccfc6d4b" outcome="Passed" testListId="8c84fa94-04c1-424b-9868-57a2d4851a1d" relativeResultsDirectory="8fbd7b74-54bc-4cf6-b1aa-d96473679de9" />
    <UnitTestResult executionId="a7d753d9-0e0b-46a9-8ab3-ad5265acfcd6" testId="02b9269b-a6b8-7385-d3f3-e4676aadd3eb" testName="GetTokenUpdateDate_should_throw_argument_null_when_request_context_is_null" computerName="TFSBUILD11" duration="00:00:00.0006934" startTime="2015-09-28T09:43:56.6892019-07:00" endTime="2015-09-28T09:43:56.6892019-07:00" testType="13cdc9d9-ddb5-4fa4-a97d-d965ccfc6d4b" outcome="Passed" testListId="8c84fa94-04c1-424b-9868-57a2d4851a1d" relativeResultsDirectory="a7d753d9-0e0b-46a9-8ab3-ad5265acfcd6" />
    <UnitTestResult executionId="94e8fa22-1076-4d2c-b53e-bc7f49209c48" testId="3b0d4449-cf3e-d202-4926-af38940a01a7" testName="GetTokenUpdateDate_should_throw_argument_null_when_identity_descriptor_is_null" computerName="TFSBUILD11" duration="00:00:00.0007483" startTime="2015-09-28T09:43:56.6892019-07:00" endTime="2015-09-28T09:43:56.6892019-07:00" testType="13cdc9d9-ddb5-4fa4-a97d-d965ccfc6d4b" outcome="Passed" testListId="8c84fa94-04c1-424b-9868-57a2d4851a1d" relativeResultsDirectory="94e8fa22-1076-4d2c-b53e-bc7f49209c48" />
    <UnitTestResult executionId="605f0eb3-d941-4c65-8b65-75b62a621359" testId="c3b8e57c-16e6-2398-1944-9654df4ce1ef" testName="GetTokenUpdateDate_should_return_null_when_identity_is_not_found" computerName="TFSBUILD11" duration="00:00:00.0044040" startTime="2015-09-28T09:43:56.6892019-07:00" endTime="2015-09-28T09:43:56.7048277-07:00" testType="13cdc9d9-ddb5-4fa4-a97d-d965ccfc6d4b" outcome="Passed" testListId="8c84fa94-04c1-424b-9868-57a2d4851a1d" relativeResultsDirectory="605f0eb3-d941-4c65-8b65-75b62a621359" />
    <UnitTestResult executionId="e9d782d2-96f1-436a-ab30-f4bf61913bf4" testId="1e3559cf-b03d-3e19-5b2a-dd66f22aa6b4" testName="GetTokenUpdateDate_should_return_null_when_identity_does_not_have_refresh_token_refresh_date_property" computerName="TFSBUILD11" duration="00:00:00.0035271" startTime="2015-09-28T09:43:56.7048277-07:00" endTime="2015-09-28T09:43:56.7048277-07:00" testType="13cdc9d9-ddb5-4fa4-a97d-d965ccfc6d4b" outcome="Passed" testListId="8c84fa94-04c1-424b-9868-57a2d4851a1d" relativeResultsDirectory="e9d782d2-96f1-436a-ab30-f4bf61913bf4" />
    <UnitTestResult executionId="4aa366e0-d3e4-4cec-af4c-d59565082a31" testId="ecc1f1f5-b386-8fc2-f3a1-ccccd7c4a8d0" testName="GetTokenUpdateDate_should_returned_parsed_refresh_date" computerName="TFSBUILD11" duration="00:00:00.0043721" startTime="2015-09-28T09:43:56.7048277-07:00" endTime="2015-09-28T09:43:56.7204536-07:00" testType="13cdc9d9-ddb5-4fa4-a97d-d965ccfc6d4b" outcome="Passed" testListId="8c84fa94-04c1-424b-9868-57a2d4851a1d" relativeResultsDirectory="4aa366e0-d3e4-4cec-af4c-d59565082a31" />
    <UnitTestResult executionId="029c3d30-2361-49d2-8d10-8bd1f7c6f371" testId="ffed1fdc-23b6-13e5-34a4-98aa8e29a56d" testName="ConvertTo_should_return_encoded_token_when_converting_to_string" computerName="TFSBUILD11" duration="00:00:00.0006698" startTime="2015-09-28T09:43:56.7204536-07:00" endTime="2015-09-28T09:43:56.7204536-07:00" testType="13cdc9d9-ddb5-4fa4-a97d-d965ccfc6d4b" outcome="Passed" testListId="8c84fa94-04c1-424b-9868-57a2d4851a1d" relativeResultsDirectory="029c3d30-2361-49d2-8d10-8bd1f7c6f371" />
    <UnitTestResult executionId="039ca87a-3664-4c5c-b2f7-401885a59bf2" testId="e6512083-25da-af05-aaab-117dc250a312" testName="ConvertTo_should_return_json_web_token_when_converting_to_json_web_token" computerName="TFSBUILD11" duration="00:00:00.0157778" startTime="2015-09-28T09:43:56.7204536-07:00" endTime="2015-09-28T09:43:56.7360785-07:00" testType="13cdc9d9-ddb5-4fa4-a97d-d965ccfc6d4b" outcome="Passed" testListId="8c84fa94-04c1-424b-9868-57a2d4851a1d" relativeResultsDirectory="039ca87a-3664-4c5c-b2f7-401885a59bf2" />
    <UnitTestResult executionId="d0a5c0fd-e849-41c2-b3ea-abb44cd47b49" testId="d21b9405-90b4-67ef-08dd-5aff3ab4b794" testName="ConvertTo_should_return_same_jwt_token_when_converting_to_JwtSecurityToken" computerName="TFSBUILD11" duration="00:00:00.0002158" startTime="2015-09-28T09:43:56.7360785-07:00" endTime="2015-09-28T09:43:56.7360785-07:00" testType="13cdc9d9-ddb5-4fa4-a97d-d965ccfc6d4b" outcome="Passed" testListId="8c84fa94-04c1-424b-9868-57a2d4851a1d" relativeResultsDirectory="d0a5c0fd-e849-41c2-b3ea-abb44cd47b49" />
    <UnitTestResult executionId="b3462eb8-3e60-483c-9126-e3febb9eb55f" testId="6f300284-26f5-3c28-8dba-21990bbbd77e" testName="ConvertTo_should_throw_argunent_exception_when_target_type_is_not_supported" computerName="TFSBUILD11" duration="00:00:00.0010791" startTime="2015-09-28T09:43:56.7360785-07:00" endTime="2015-09-28T09:43:56.7360785-07:00" testType="13cdc9d9-ddb5-4fa4-a97d-d965ccfc6d4b" outcome="Passed" testListId="8c84fa94-04c1-424b-9868-57a2d4851a1d" relativeResultsDirectory="b3462eb8-3e60-483c-9126-e3febb9eb55f" />
    <UnitTestResult executionId="0be78c4d-3c80-42d1-a49c-1feabca16162" testId="33e28730-eeae-ca3f-45f3-efa32c8abbb6" testName="ConvertFrom_should_convert_encoded_string_to_token" computerName="TFSBUILD11" duration="00:00:00.0009122" startTime="2015-09-28T09:43:56.7360785-07:00" endTime="2015-09-28T09:43:56.7360785-07:00" testType="13cdc9d9-ddb5-4fa4-a97d-d965ccfc6d4b" outcome="Passed" testListId="8c84fa94-04c1-424b-9868-57a2d4851a1d" relativeResultsDirectory="0be78c4d-3c80-42d1-a49c-1feabca16162" />
    <UnitTestResult executionId="ca9dd93b-3e8e-4959-8c8d-f59e70e016ed" testId="04562c5b-6742-dcc2-238e-5979ef0f7bea" testName="ConvertFrom_should_convert_json_web_token_to_token" computerName="TFSBUILD11" duration="00:00:00.0170151" startTime="2015-09-28T09:43:56.7360785-07:00" endTime="2015-09-28T09:43:56.7517024-07:00" testType="13cdc9d9-ddb5-4fa4-a97d-d965ccfc6d4b" outcome="Passed" testListId="8c84fa94-04c1-424b-9868-57a2d4851a1d" relativeResultsDirectory="ca9dd93b-3e8e-4959-8c8d-f59e70e016ed" />
    <UnitTestResult executionId="2a37eeb8-a64a-4147-b102-c90515ee78f3" testId="d62fe44c-a91a-905d-7693-1fbd23dce89a" testName="ConvertFrom_should_return_same_token_when_converting_from_a_jwt_security_token" computerName="TFSBUILD11" duration="00:00:00.0002656" startTime="2015-09-28T09:43:56.7517024-07:00" endTime="2015-09-28T09:43:56.7517024-07:00" testType="13cdc9d9-ddb5-4fa4-a97d-d965ccfc6d4b" outcome="Passed" testListId="8c84fa94-04c1-424b-9868-57a2d4851a1d" relativeResultsDirectory="2a37eeb8-a64a-4147-b102-c90515ee78f3" />
  </Results>
  <TestDefinitions>
    <UnitTest name="AadOnBehalfOfHandler_NullOrEmptyAudienceReturnsDefaultResourceTest" storage="d:\v2.0\a1\_work\dbded102\bin\release.anycpu\vssf.sdk\ms.vs.services.cloud.l0.tests\ms.vs.services.cloud.l0.tests.dll" id="ce15e6da-7a06-4136-c33b-52657b7d6934">
      <Execution id="791c91cb-5728-444f-ba39-fb04d927a24f" />
      <TestMethod codeBase="D:\v2.0\A1\_work\dbded102\bin\Release.AnyCPU\Vssf.Sdk\MS.VS.Services.Cloud.L0.Tests\MS.VS.Services.Cloud.L0.Tests.dll" adapterTypeName="Microsoft.VisualStudio.TestTools.TestTypes.Unit.UnitTestAdapter" className="Microsoft.VisualStudio.Services.Cloud.AzureActiveDirectory.Tokens.AadOnBehalfOfHandlerTests" name="AadOnBehalfOfHandler_NullOrEmptyAudienceReturnsDefaultResourceTest" />
    </UnitTest>
    <UnitTest name="AadOnBehalfOfHandler_ValidNonDefaultResourceReturnsNonDefaultAudienceTest" storage="d:\v2.0\a1\_work\dbded102\bin\release.anycpu\vssf.sdk\ms.vs.services.cloud.l0.tests\ms.vs.services.cloud.l0.tests.dll" id="48291bca-7ed5-e20f-aac9-beff78e20eef">
      <Execution id="7703118c-671b-4b2e-84ed-5ac955ba9d72" />
      <TestMethod codeBase="D:\v2.0\A1\_work\dbded102\bin\Release.AnyCPU\Vssf.Sdk\MS.VS.Services.Cloud.L0.Tests\MS.VS.Services.Cloud.L0.Tests.dll" adapterTypeName="Microsoft.VisualStudio.TestTools.TestTypes.Unit.UnitTestAdapter" className="Microsoft.VisualStudio.Services.Cloud.AzureActiveDirectory.Tokens.AadOnBehalfOfHandlerTests" name="AadOnBehalfOfHandler_ValidNonDefaultResourceReturnsNonDefaultAudienceTest" />
    </UnitTest>
    <UnitTest name="AadOnBehalfOfHandler_DefaultResourceMustBePreferredOverOtherResourcesTest" storage="d:\v2.0\a1\_work\dbded102\bin\release.anycpu\vssf.sdk\ms.vs.services.cloud.l0.tests\ms.vs.services.cloud.l0.tests.dll" id="26bcc39e-921d-a2bb-8644-4c38116e7fef">
      <Execution id="53b53f16-c7e8-4a13-9299-5fe7241b93e6" />
      <TestMethod codeBase="D:\v2.0\A1\_work\dbded102\bin\Release.AnyCPU\Vssf.Sdk\MS.VS.Services.Cloud.L0.Tests\MS.VS.Services.Cloud.L0.Tests.dll" adapterTypeName="Microsoft.VisualStudio.TestTools.TestTypes.Unit.UnitTestAdapter" className="Microsoft.VisualStudio.Services.Cloud.AzureActiveDirectory.Tokens.AadOnBehalfOfHandlerTests" name="AadOnBehalfOfHandler_DefaultResourceMustBePreferredOverOtherResourcesTest" />
    </UnitTest>
    <UnitTest name="AadGraphClient_GetUsers_NoUsersFound" storage="d:\v2.0\a1\_work\dbded102\bin\release.anycpu\vssf.sdk\ms.vs.services.cloud.l0.tests\ms.vs.services.cloud.l0.tests.dll" id="d6326254-a35f-033e-0a23-4a32bc018c3d">
      <Owners>
        <Owner name="vscsauthztest" />
      </Owners>
      <Execution id="966f717e-477a-41c1-bccd-38f0a2426849" />
      <TestMethod codeBase="D:\v2.0\A1\_work\dbded102\bin\Release.AnyCPU\Vssf.Sdk\MS.VS.Services.Cloud.L0.Tests\MS.VS.Services.Cloud.L0.Tests.dll" adapterTypeName="Microsoft.VisualStudio.TestTools.TestTypes.Unit.UnitTestAdapter" className="Microsoft.VisualStudio.Services.Aad.Graph.GetUsersTests" name="AadGraphClient_GetUsers_NoUsersFound" />
    </UnitTest>
    <UnitTest name="AadGraphClient_GetUsers_MultipleUsersFound" storage="d:\v2.0\a1\_work\dbded102\bin\release.anycpu\vssf.sdk\ms.vs.services.cloud.l0.tests\ms.vs.services.cloud.l0.tests.dll" id="f41145c8-61de-f5ff-1ba1-c7daa1819902">
      <Owners>
        <Owner name="vscsauthztest" />
      </Owners>
      <Execution id="91d791bc-8d6a-425e-bf0e-b2685140b4ed" />
      <TestMethod codeBase="D:\v2.0\A1\_work\dbded102\bin\Release.AnyCPU\Vssf.Sdk\MS.VS.Services.Cloud.L0.Tests\MS.VS.Services.Cloud.L0.Tests.dll" adapterTypeName="Microsoft.VisualStudio.TestTools.TestTypes.Unit.UnitTestAdapter" className="Microsoft.VisualStudio.Services.Aad.Graph.GetUsersTests" name="AadGraphClient_GetUsers_MultipleUsersFound" />
    </UnitTest>
    <UnitTest name="AadGraphClient_GetUsers_WithDisplayNamePrefix_NoUsersFound" storage="d:\v2.0\a1\_work\dbded102\bin\release.anycpu\vssf.sdk\ms.vs.services.cloud.l0.tests\ms.vs.services.cloud.l0.tests.dll" id="8789f832-4cec-92f8-c563-475d5eac6361">
      <Owners>
        <Owner name="vscsauthztest" />
      </Owners>
      <Execution id="459c26ba-5995-44b5-b17d-2b0d219fe1f5" />
      <TestMethod codeBase="D:\v2.0\A1\_work\dbded102\bin\Release.AnyCPU\Vssf.Sdk\MS.VS.Services.Cloud.L0.Tests\MS.VS.Services.Cloud.L0.Tests.dll" adapterTypeName="Microsoft.VisualStudio.TestTools.TestTypes.Unit.UnitTestAdapter" className="Microsoft.VisualStudio.Services.Aad.Graph.GetUsersTests" name="AadGraphClient_GetUsers_WithDisplayNamePrefix_NoUsersFound" />
    </UnitTest>
    <UnitTest name="AadGraphClient_GetUsers_WithDisplayNamePrefix_MultipleUsersFound" storage="d:\v2.0\a1\_work\dbded102\bin\release.anycpu\vssf.sdk\ms.vs.services.cloud.l0.tests\ms.vs.services.cloud.l0.tests.dll" id="e37ebea7-0ac1-327a-f54a-2580a8907d26">
      <Owners>
        <Owner name="vscsauthztest" />
      </Owners>
      <Execution id="7ccb16fb-5153-4573-9f0b-0874b473eac8" />
      <TestMethod codeBase="D:\v2.0\A1\_work\dbded102\bin\Release.AnyCPU\Vssf.Sdk\MS.VS.Services.Cloud.L0.Tests\MS.VS.Services.Cloud.L0.Tests.dll" adapterTypeName="Microsoft.VisualStudio.TestTools.TestTypes.Unit.UnitTestAdapter" className="Microsoft.VisualStudio.Services.Aad.Graph.GetUsersTests" name="AadGraphClient_GetUsers_WithDisplayNamePrefix_MultipleUsersFound" />
    </UnitTest>
    <UnitTest name="AadGraphClient_GetUsers_ThrowsIf_MoreThanTenClauses" storage="d:\v2.0\a1\_work\dbded102\bin\release.anycpu\vssf.sdk\ms.vs.services.cloud.l0.tests\ms.vs.services.cloud.l0.tests.dll" id="3583faa8-5f05-e8e2-b61c-40bca7a83587">
      <Owners>
        <Owner name="rapai" />
      </Owners>
      <Execution id="4a2a3cf7-f775-4a9c-b13d-6a256e74e8d2" />
      <TestMethod codeBase="D:\v2.0\A1\_work\dbded102\bin\Release.AnyCPU\Vssf.Sdk\MS.VS.Services.Cloud.L0.Tests\MS.VS.Services.Cloud.L0.Tests.dll" adapterTypeName="Microsoft.VisualStudio.TestTools.TestTypes.Unit.UnitTestAdapter" className="Microsoft.VisualStudio.Services.Aad.Graph.GetUsersTests" name="AadGraphClient_GetUsers_ThrowsIf_MoreThanTenClauses" />
    </UnitTest>
    <UnitTest name="OnAuthenticateRequest_should_not_authenticate_when_user_context_is_already_assigned" storage="d:\v2.0\a1\_work\dbded102\bin\release.anycpu\vssf.sdk\ms.vs.services.cloud.l0.tests\ms.vs.services.cloud.l0.tests.dll" id="34700a80-505e-dcad-5d12-9086e172bbbf">
      <Execution id="14fbbc5f-e1e1-4cfc-a430-9ac1b1fd079c" />
      <TestMethod codeBase="D:\v2.0\A1\_work\dbded102\bin\Release.AnyCPU\Vssf.Sdk\MS.VS.Services.Cloud.L0.Tests\MS.VS.Services.Cloud.L0.Tests.dll" adapterTypeName="Microsoft.VisualStudio.TestTools.TestTypes.Unit.UnitTestAdapter" className="MS.TF.Test.UnitTests.Framework.Server.S2SAuth.OAuthS2SAuthenticationModuleTests" name="OnAuthenticateRequest_should_not_authenticate_when_user_context_is_already_assigned" />
    </UnitTest>
    <UnitTest name="OnAuthenticateRequest_should_not_authenticate_when_user_request_context_is_not_found" storage="d:\v2.0\a1\_work\dbded102\bin\release.anycpu\vssf.sdk\ms.vs.services.cloud.l0.tests\ms.vs.services.cloud.l0.tests.dll" id="91b7c0c1-641c-9097-56a5-501d551c5b99">
      <Execution id="856f8efc-c124-4084-bf46-1fd63969bc8e" />
      <TestMethod codeBase="D:\v2.0\A1\_work\dbded102\bin\Release.AnyCPU\Vssf.Sdk\MS.VS.Services.Cloud.L0.Tests\MS.VS.Services.Cloud.L0.Tests.dll" adapterTypeName="Microsoft.VisualStudio.TestTools.TestTypes.Unit.UnitTestAdapter" className="MS.TF.Test.UnitTests.Framework.Server.S2SAuth.OAuthS2SAuthenticationModuleTests" name="OnAuthenticateRequest_should_not_authenticate_when_user_request_context_is_not_found" />
    </UnitTest>
    <UnitTest name="OnAuthenticateRequest_should_not_authenticate_when_request_restrictons_allow_anonymous_accession" storage="d:\v2.0\a1\_work\dbded102\bin\release.anycpu\vssf.sdk\ms.vs.services.cloud.l0.tests\ms.vs.services.cloud.l0.tests.dll" id="07428299-d266-0eb5-2398-ee1e01d72fc6">
      <Execution id="d6f7701f-f0b7-4070-acce-92d48803d14b" />
      <TestMethod codeBase="D:\v2.0\A1\_work\dbded102\bin\Release.AnyCPU\Vssf.Sdk\MS.VS.Services.Cloud.L0.Tests\MS.VS.Services.Cloud.L0.Tests.dll" adapterTypeName="Microsoft.VisualStudio.TestTools.TestTypes.Unit.UnitTestAdapter" className="MS.TF.Test.UnitTests.Framework.Server.S2SAuth.OAuthS2SAuthenticationModuleTests" name="OnAuthenticateRequest_should_not_authenticate_when_request_restrictons_allow_anonymous_accession" />
    </UnitTest>
    <UnitTest name="OnAuthenticateRequest_should_not_authenticate_when_no_token_is_found" storage="d:\v2.0\a1\_work\dbded102\bin\release.anycpu\vssf.sdk\ms.vs.services.cloud.l0.tests\ms.vs.services.cloud.l0.tests.dll" id="abcc40ab-1151-b29d-10b7-703d4ea2f7b7">
      <Execution id="ddbf4c95-d639-4c11-b20f-d6cafebd9956" />
      <TestMethod codeBase="D:\v2.0\A1\_work\dbded102\bin\Release.AnyCPU\Vssf.Sdk\MS.VS.Services.Cloud.L0.Tests\MS.VS.Services.Cloud.L0.Tests.dll" adapterTypeName="Microsoft.VisualStudio.TestTools.TestTypes.Unit.UnitTestAdapter" className="MS.TF.Test.UnitTests.Framework.Server.S2SAuth.OAuthS2SAuthenticationModuleTests" name="OnAuthenticateRequest_should_not_authenticate_when_no_token_is_found" />
    </UnitTest>
    <UnitTest name="OnAuthenticateRequest_should_set_user_context_when_header_contains_valid_bearer_token" storage="d:\v2.0\a1\_work\dbded102\bin\release.anycpu\vssf.sdk\ms.vs.services.cloud.l0.tests\ms.vs.services.cloud.l0.tests.dll" id="c70956c8-9ef4-59d4-3da2-555fcc40bbf5">
      <Execution id="4a753ba4-7cf8-419d-b4f6-ad25424f6b52" />
      <TestMethod codeBase="D:\v2.0\A1\_work\dbded102\bin\Release.AnyCPU\Vssf.Sdk\MS.VS.Services.Cloud.L0.Tests\MS.VS.Services.Cloud.L0.Tests.dll" adapterTypeName="Microsoft.VisualStudio.TestTools.TestTypes.Unit.UnitTestAdapter" className="MS.TF.Test.UnitTests.Framework.Server.S2SAuth.OAuthS2SAuthenticationModuleTests" name="OnAuthenticateRequest_should_set_user_context_when_header_contains_valid_bearer_token" />
    </UnitTest>
    <UnitTest name="OnAuthenticateRequest_should_set_user_context_when_request_query_contains_valid_authorization_token" storage="d:\v2.0\a1\_work\dbded102\bin\release.anycpu\vssf.sdk\ms.vs.services.cloud.l0.tests\ms.vs.services.cloud.l0.tests.dll" id="55ff428d-249b-312e-0401-c5b31867d5e3">
      <Execution id="dad23125-417e-41b8-a7f0-c1040f5d90ba" />
      <TestMethod codeBase="D:\v2.0\A1\_work\dbded102\bin\Release.AnyCPU\Vssf.Sdk\MS.VS.Services.Cloud.L0.Tests\MS.VS.Services.Cloud.L0.Tests.dll" adapterTypeName="Microsoft.VisualStudio.TestTools.TestTypes.Unit.UnitTestAdapter" className="MS.TF.Test.UnitTests.Framework.Server.S2SAuth.OAuthS2SAuthenticationModuleTests" name="OnAuthenticateRequest_should_set_user_context_when_request_query_contains_valid_authorization_token" />
    </UnitTest>
    <UnitTest name="OnAuthenticateRequest_should_set_user_context_when_request_query_contains_valid_id_token" storage="d:\v2.0\a1\_work\dbded102\bin\release.anycpu\vssf.sdk\ms.vs.services.cloud.l0.tests\ms.vs.services.cloud.l0.tests.dll" id="4dd86cb2-1efb-678f-3dc2-e0e90f795b26">
      <Execution id="79d1c6f7-3e58-41e6-8f46-511a2458ffa4" />
      <TestMethod codeBase="D:\v2.0\A1\_work\dbded102\bin\Release.AnyCPU\Vssf.Sdk\MS.VS.Services.Cloud.L0.Tests\MS.VS.Services.Cloud.L0.Tests.dll" adapterTypeName="Microsoft.VisualStudio.TestTools.TestTypes.Unit.UnitTestAdapter" className="MS.TF.Test.UnitTests.Framework.Server.S2SAuth.OAuthS2SAuthenticationModuleTests" name="OnAuthenticateRequest_should_set_user_context_when_request_query_contains_valid_id_token" />
    </UnitTest>
    <UnitTest name="OnAuthenticateRequest_should_not_authenticate_when_request_form_body_contains_token_but_request_is_not_post" storage="d:\v2.0\a1\_work\dbded102\bin\release.anycpu\vssf.sdk\ms.vs.services.cloud.l0.tests\ms.vs.services.cloud.l0.tests.dll" id="effe009d-992f-b079-28b3-20c870cae953">
      <Execution id="dd49b1b1-18cf-4f20-bda2-2f003e980a70" />
      <TestMethod codeBase="D:\v2.0\A1\_work\dbded102\bin\Release.AnyCPU\Vssf.Sdk\MS.VS.Services.Cloud.L0.Tests\MS.VS.Services.Cloud.L0.Tests.dll" adapterTypeName="Microsoft.VisualStudio.TestTools.TestTypes.Unit.UnitTestAdapter" className="MS.TF.Test.UnitTests.Framework.Server.S2SAuth.OAuthS2SAuthenticationModuleTests" name="OnAuthenticateRequest_should_not_authenticate_when_request_form_body_contains_token_but_request_is_not_post" />
    </UnitTest>
    <UnitTest name="OnAuthenticateRequest_should_not_authenticate_when_post_request_form_body_contains_token_but_request_is_not_targetting_signedin" storage="d:\v2.0\a1\_work\dbded102\bin\release.anycpu\vssf.sdk\ms.vs.services.cloud.l0.tests\ms.vs.services.cloud.l0.tests.dll" id="54375508-f030-94ed-761b-8fd6072f2191">
      <Execution id="cf08d842-c450-4639-934b-18b4fc9bcab6" />
      <TestMethod codeBase="D:\v2.0\A1\_work\dbded102\bin\Release.AnyCPU\Vssf.Sdk\MS.VS.Services.Cloud.L0.Tests\MS.VS.Services.Cloud.L0.Tests.dll" adapterTypeName="Microsoft.VisualStudio.TestTools.TestTypes.Unit.UnitTestAdapter" className="MS.TF.Test.UnitTests.Framework.Server.S2SAuth.OAuthS2SAuthenticationModuleTests" name="OnAuthenticateRequest_should_not_authenticate_when_post_request_form_body_contains_token_but_request_is_not_targetting_signedin" />
    </UnitTest>
    <UnitTest name="OnAuthenticateRequest_should_authenticate_when_post_request_form_body_contains_authorization_token_for_signedin" storage="d:\v2.0\a1\_work\dbded102\bin\release.anycpu\vssf.sdk\ms.vs.services.cloud.l0.tests\ms.vs.services.cloud.l0.tests.dll" id="18a5365c-cb97-d0fb-18a4-6957bf411665">
      <Execution id="735387cc-5ff4-4d0a-a9d8-85a94f771d87" />
      <TestMethod codeBase="D:\v2.0\A1\_work\dbded102\bin\Release.AnyCPU\Vssf.Sdk\MS.VS.Services.Cloud.L0.Tests\MS.VS.Services.Cloud.L0.Tests.dll" adapterTypeName="Microsoft.VisualStudio.TestTools.TestTypes.Unit.UnitTestAdapter" className="MS.TF.Test.UnitTests.Framework.Server.S2SAuth.OAuthS2SAuthenticationModuleTests" name="OnAuthenticateRequest_should_authenticate_when_post_request_form_body_contains_authorization_token_for_signedin" />
    </UnitTest>
    <UnitTest name="OnAuthenticateRequest_should_authenticate_when_post_request_form_body_contains_id_token_for_signedin" storage="d:\v2.0\a1\_work\dbded102\bin\release.anycpu\vssf.sdk\ms.vs.services.cloud.l0.tests\ms.vs.services.cloud.l0.tests.dll" id="7e19d297-1611-64da-cb8d-909545a84fe1">
      <Execution id="707200ea-22c7-4b9c-9460-6ee649feb97c" />
      <TestMethod codeBase="D:\v2.0\A1\_work\dbded102\bin\Release.AnyCPU\Vssf.Sdk\MS.VS.Services.Cloud.L0.Tests\MS.VS.Services.Cloud.L0.Tests.dll" adapterTypeName="Microsoft.VisualStudio.TestTools.TestTypes.Unit.UnitTestAdapter" className="MS.TF.Test.UnitTests.Framework.Server.S2SAuth.OAuthS2SAuthenticationModuleTests" name="OnAuthenticateRequest_should_authenticate_when_post_request_form_body_contains_id_token_for_signedin" />
    </UnitTest>
    <UnitTest name="OnAuthenticateRequest_should_not_set_user_context_when_validation_is_not_successful" storage="d:\v2.0\a1\_work\dbded102\bin\release.anycpu\vssf.sdk\ms.vs.services.cloud.l0.tests\ms.vs.services.cloud.l0.tests.dll" id="46eea68d-8942-c5d6-d16c-80f58aefa38b">
      <Execution id="a114a68d-1609-495b-8ee4-342702bc2d25" />
      <TestMethod codeBase="D:\v2.0\A1\_work\dbded102\bin\Release.AnyCPU\Vssf.Sdk\MS.VS.Services.Cloud.L0.Tests\MS.VS.Services.Cloud.L0.Tests.dll" adapterTypeName="Microsoft.VisualStudio.TestTools.TestTypes.Unit.UnitTestAdapter" className="MS.TF.Test.UnitTests.Framework.Server.S2SAuth.OAuthS2SAuthenticationModuleTests" name="OnAuthenticateRequest_should_not_set_user_context_when_validation_is_not_successful" />
    </UnitTest>
    <UnitTest name="OnAuthenticateRequest_should_set_impersonated_identity_when_token_is_an_impersonating_token" storage="d:\v2.0\a1\_work\dbded102\bin\release.anycpu\vssf.sdk\ms.vs.services.cloud.l0.tests\ms.vs.services.cloud.l0.tests.dll" id="695d2117-c5c0-3ad9-655a-773bc3a5cf94">
      <Execution id="f51e0993-1f69-4723-a1c5-a76cab317dad" />
      <TestMethod codeBase="D:\v2.0\A1\_work\dbded102\bin\Release.AnyCPU\Vssf.Sdk\MS.VS.Services.Cloud.L0.Tests\MS.VS.Services.Cloud.L0.Tests.dll" adapterTypeName="Microsoft.VisualStudio.TestTools.TestTypes.Unit.UnitTestAdapter" className="MS.TF.Test.UnitTests.Framework.Server.S2SAuth.OAuthS2SAuthenticationModuleTests" name="OnAuthenticateRequest_should_set_impersonated_identity_when_token_is_an_impersonating_token" />
    </UnitTest>
    <UnitTest name="OnAuthenticateRequest_should_write_session_token_for_identity" storage="d:\v2.0\a1\_work\dbded102\bin\release.anycpu\vssf.sdk\ms.vs.services.cloud.l0.tests\ms.vs.services.cloud.l0.tests.dll" id="f6d0dc8c-80ef-1883-0285-78ef3d7b19bd">
      <Execution id="02d0bc65-dea1-42aa-b519-0eea5c3ab028" />
      <TestMethod codeBase="D:\v2.0\A1\_work\dbded102\bin\Release.AnyCPU\Vssf.Sdk\MS.VS.Services.Cloud.L0.Tests\MS.VS.Services.Cloud.L0.Tests.dll" adapterTypeName="Microsoft.VisualStudio.TestTools.TestTypes.Unit.UnitTestAdapter" className="MS.TF.Test.UnitTests.Framework.Server.S2SAuth.OAuthS2SAuthenticationModuleTests" name="OnAuthenticateRequest_should_write_session_token_for_identity" />
    </UnitTest>
    <UnitTest name="OnAuthenticateRequest_should_not_write_session_token_for_alternate_credentials" storage="d:\v2.0\a1\_work\dbded102\bin\release.anycpu\vssf.sdk\ms.vs.services.cloud.l0.tests\ms.vs.services.cloud.l0.tests.dll" id="60d80e09-6ef2-7c42-88b7-9b679e18ec69">
      <Execution id="33692708-d2b7-47ae-b403-05ddc9a17ce0" />
      <TestMethod codeBase="D:\v2.0\A1\_work\dbded102\bin\Release.AnyCPU\Vssf.Sdk\MS.VS.Services.Cloud.L0.Tests\MS.VS.Services.Cloud.L0.Tests.dll" adapterTypeName="Microsoft.VisualStudio.TestTools.TestTypes.Unit.UnitTestAdapter" className="MS.TF.Test.UnitTests.Framework.Server.S2SAuth.OAuthS2SAuthenticationModuleTests" name="OnAuthenticateRequest_should_not_write_session_token_for_alternate_credentials" />
    </UnitTest>
    <UnitTest name="ValidateToken_should_throw_when_token_is_null" storage="d:\v2.0\a1\_work\dbded102\bin\release.anycpu\vssf.sdk\ms.vs.services.cloud.l0.tests\ms.vs.services.cloud.l0.tests.dll" id="71877705-aaf6-a77e-1f02-86c161d4d94c">
      <Execution id="17814d21-bb03-4387-99ef-a204ab1d32a6" />
      <TestMethod codeBase="D:\v2.0\A1\_work\dbded102\bin\Release.AnyCPU\Vssf.Sdk\MS.VS.Services.Cloud.L0.Tests\MS.VS.Services.Cloud.L0.Tests.dll" adapterTypeName="Microsoft.VisualStudio.TestTools.TestTypes.Unit.UnitTestAdapter" className="MS.TF.Test.UnitTests.Framework.Server.S2SAuth.TeamFoundationOAuthS2SServiceTests" name="ValidateToken_should_throw_when_token_is_null" />
    </UnitTest>
    <UnitTest name="ValidateToken_should_return_null_principal_when_token_issuer_is_not_trusted" storage="d:\v2.0\a1\_work\dbded102\bin\release.anycpu\vssf.sdk\ms.vs.services.cloud.l0.tests\ms.vs.services.cloud.l0.tests.dll" id="0d726d12-667c-bec1-6172-e0ea1155967d">
      <Execution id="88bd3be1-30fb-497e-ad01-3423312c3947" />
      <TestMethod codeBase="D:\v2.0\A1\_work\dbded102\bin\Release.AnyCPU\Vssf.Sdk\MS.VS.Services.Cloud.L0.Tests\MS.VS.Services.Cloud.L0.Tests.dll" adapterTypeName="Microsoft.VisualStudio.TestTools.TestTypes.Unit.UnitTestAdapter" className="MS.TF.Test.UnitTests.Framework.Server.S2SAuth.TeamFoundationOAuthS2SServiceTests" name="ValidateToken_should_return_null_principal_when_token_issuer_is_not_trusted" />
    </UnitTest>
    <UnitTest name="ValidateToken_should_return_null_principal_when_token_audience_is_not_trusted" storage="d:\v2.0\a1\_work\dbded102\bin\release.anycpu\vssf.sdk\ms.vs.services.cloud.l0.tests\ms.vs.services.cloud.l0.tests.dll" id="885b28ac-d898-6681-fcac-51308c19b663">
      <Execution id="eb147aae-fc8f-4b75-97f9-dc6dd990ffee" />
      <TestMethod codeBase="D:\v2.0\A1\_work\dbded102\bin\Release.AnyCPU\Vssf.Sdk\MS.VS.Services.Cloud.L0.Tests\MS.VS.Services.Cloud.L0.Tests.dll" adapterTypeName="Microsoft.VisualStudio.TestTools.TestTypes.Unit.UnitTestAdapter" className="MS.TF.Test.UnitTests.Framework.Server.S2SAuth.TeamFoundationOAuthS2SServiceTests" name="ValidateToken_should_return_null_principal_when_token_audience_is_not_trusted" />
    </UnitTest>
    <UnitTest name="ValidateToken_should_return_null_principal_when_token_is_not_signed" storage="d:\v2.0\a1\_work\dbded102\bin\release.anycpu\vssf.sdk\ms.vs.services.cloud.l0.tests\ms.vs.services.cloud.l0.tests.dll" id="2fc09691-24f0-a9d3-e727-10b5921fda91">
      <Execution id="0d76fc84-06d6-48a4-8bce-322c31bb5c5a" />
      <TestMethod codeBase="D:\v2.0\A1\_work\dbded102\bin\Release.AnyCPU\Vssf.Sdk\MS.VS.Services.Cloud.L0.Tests\MS.VS.Services.Cloud.L0.Tests.dll" adapterTypeName="Microsoft.VisualStudio.TestTools.TestTypes.Unit.UnitTestAdapter" className="MS.TF.Test.UnitTests.Framework.Server.S2SAuth.TeamFoundationOAuthS2SServiceTests" name="ValidateToken_should_return_null_principal_when_token_is_not_signed" />
    </UnitTest>
    <UnitTest name="ValidateToken_should_return_null_principal_when_token_valid_from_date_is_in_future" storage="d:\v2.0\a1\_work\dbded102\bin\release.anycpu\vssf.sdk\ms.vs.services.cloud.l0.tests\ms.vs.services.cloud.l0.tests.dll" id="f1e28d1c-53d5-a79a-a087-a1daf2392177">
      <Execution id="76e33218-f883-43de-a1d5-b3783e0dd438" />
      <TestMethod codeBase="D:\v2.0\A1\_work\dbded102\bin\Release.AnyCPU\Vssf.Sdk\MS.VS.Services.Cloud.L0.Tests\MS.VS.Services.Cloud.L0.Tests.dll" adapterTypeName="Microsoft.VisualStudio.TestTools.TestTypes.Unit.UnitTestAdapter" className="MS.TF.Test.UnitTests.Framework.Server.S2SAuth.TeamFoundationOAuthS2SServiceTests" name="ValidateToken_should_return_null_principal_when_token_valid_from_date_is_in_future" />
    </UnitTest>
    <UnitTest name="ValidateToken_should_return_null_principal_when_token_is_expired" storage="d:\v2.0\a1\_work\dbded102\bin\release.anycpu\vssf.sdk\ms.vs.services.cloud.l0.tests\ms.vs.services.cloud.l0.tests.dll" id="590362d8-0c00-1dd2-4dd7-2dfeae039a28">
      <Execution id="344a7c52-e83c-42c4-a996-67fd7ed7dae3" />
      <TestMethod codeBase="D:\v2.0\A1\_work\dbded102\bin\Release.AnyCPU\Vssf.Sdk\MS.VS.Services.Cloud.L0.Tests\MS.VS.Services.Cloud.L0.Tests.dll" adapterTypeName="Microsoft.VisualStudio.TestTools.TestTypes.Unit.UnitTestAdapter" className="MS.TF.Test.UnitTests.Framework.Server.S2SAuth.TeamFoundationOAuthS2SServiceTests" name="ValidateToken_should_return_null_principal_when_token_is_expired" />
    </UnitTest>
    <UnitTest name="ValidateToken_should_return_principal_when_token_validator_indicates_invalid_identity" storage="d:\v2.0\a1\_work\dbded102\bin\release.anycpu\vssf.sdk\ms.vs.services.cloud.l0.tests\ms.vs.services.cloud.l0.tests.dll" id="7f0ed169-fb44-f913-94f9-5331aa09ac1e">
      <Execution id="1283d8b7-5841-4e87-a599-257590571ace" />
      <TestMethod codeBase="D:\v2.0\A1\_work\dbded102\bin\Release.AnyCPU\Vssf.Sdk\MS.VS.Services.Cloud.L0.Tests\MS.VS.Services.Cloud.L0.Tests.dll" adapterTypeName="Microsoft.VisualStudio.TestTools.TestTypes.Unit.UnitTestAdapter" className="MS.TF.Test.UnitTests.Framework.Server.S2SAuth.TeamFoundationOAuthS2SServiceTests" name="ValidateToken_should_return_principal_when_token_validator_indicates_invalid_identity" />
    </UnitTest>
    <UnitTest name="ValidateToken_should_return_principal_when_token_is_validated" storage="d:\v2.0\a1\_work\dbded102\bin\release.anycpu\vssf.sdk\ms.vs.services.cloud.l0.tests\ms.vs.services.cloud.l0.tests.dll" id="74fda1a2-e7d7-ffd2-57e8-d52cabb93ef9">
      <Execution id="73843ab1-bbf4-40d1-850d-1fef736218e5" />
      <TestMethod codeBase="D:\v2.0\A1\_work\dbded102\bin\Release.AnyCPU\Vssf.Sdk\MS.VS.Services.Cloud.L0.Tests\MS.VS.Services.Cloud.L0.Tests.dll" adapterTypeName="Microsoft.VisualStudio.TestTools.TestTypes.Unit.UnitTestAdapter" className="MS.TF.Test.UnitTests.Framework.Server.S2SAuth.TeamFoundationOAuthS2SServiceTests" name="ValidateToken_should_return_principal_when_token_is_validated" />
    </UnitTest>
    <UnitTest name="ValidateToken_should_return_null_principal_when_token_actor_issuer_is_not_trusted" storage="d:\v2.0\a1\_work\dbded102\bin\release.anycpu\vssf.sdk\ms.vs.services.cloud.l0.tests\ms.vs.services.cloud.l0.tests.dll" id="bcd5ec09-f9d3-b896-4386-fb4f02fd3771">
      <Execution id="a0dbeaa8-ff9f-42c1-8e7a-100c396d763b" />
      <TestMethod codeBase="D:\v2.0\A1\_work\dbded102\bin\Release.AnyCPU\Vssf.Sdk\MS.VS.Services.Cloud.L0.Tests\MS.VS.Services.Cloud.L0.Tests.dll" adapterTypeName="Microsoft.VisualStudio.TestTools.TestTypes.Unit.UnitTestAdapter" className="MS.TF.Test.UnitTests.Framework.Server.S2SAuth.TeamFoundationOAuthS2SServiceTests" name="ValidateToken_should_return_null_principal_when_token_actor_issuer_is_not_trusted" />
    </UnitTest>
    <UnitTest name="ValidateToken_should_return_null_principal_when_token_actor_audience_is_not_allowed" storage="d:\v2.0\a1\_work\dbded102\bin\release.anycpu\vssf.sdk\ms.vs.services.cloud.l0.tests\ms.vs.services.cloud.l0.tests.dll" id="b963ba4b-29bb-ea75-651b-020ac64a547d">
      <Execution id="a572fdbc-4893-4323-9ad4-9c94516ce23c" />
      <TestMethod codeBase="D:\v2.0\A1\_work\dbded102\bin\Release.AnyCPU\Vssf.Sdk\MS.VS.Services.Cloud.L0.Tests\MS.VS.Services.Cloud.L0.Tests.dll" adapterTypeName="Microsoft.VisualStudio.TestTools.TestTypes.Unit.UnitTestAdapter" className="MS.TF.Test.UnitTests.Framework.Server.S2SAuth.TeamFoundationOAuthS2SServiceTests" name="ValidateToken_should_return_null_principal_when_token_actor_audience_is_not_allowed" />
    </UnitTest>
    <UnitTest name="ValidateToken_should_return_null_principal_when_token_actor_is_not_a_signed_token" storage="d:\v2.0\a1\_work\dbded102\bin\release.anycpu\vssf.sdk\ms.vs.services.cloud.l0.tests\ms.vs.services.cloud.l0.tests.dll" id="6c81c7c3-bcea-45a7-18d6-77cf20717611">
      <Execution id="eb8d7d88-4a9c-405f-934a-4f4e275261f4" />
      <TestMethod codeBase="D:\v2.0\A1\_work\dbded102\bin\Release.AnyCPU\Vssf.Sdk\MS.VS.Services.Cloud.L0.Tests\MS.VS.Services.Cloud.L0.Tests.dll" adapterTypeName="Microsoft.VisualStudio.TestTools.TestTypes.Unit.UnitTestAdapter" className="MS.TF.Test.UnitTests.Framework.Server.S2SAuth.TeamFoundationOAuthS2SServiceTests" name="ValidateToken_should_return_null_principal_when_token_actor_is_not_a_signed_token" />
    </UnitTest>
    <UnitTest name="ValidateToken_should_return_null_principal_when_token_actor_is_expired" storage="d:\v2.0\a1\_work\dbded102\bin\release.anycpu\vssf.sdk\ms.vs.services.cloud.l0.tests\ms.vs.services.cloud.l0.tests.dll" id="64d1c8eb-cf4f-c3ef-2770-4216dd672312">
      <Execution id="db7d96c6-daf2-4139-afa0-7b04e67e5211" />
      <TestMethod codeBase="D:\v2.0\A1\_work\dbded102\bin\Release.AnyCPU\Vssf.Sdk\MS.VS.Services.Cloud.L0.Tests\MS.VS.Services.Cloud.L0.Tests.dll" adapterTypeName="Microsoft.VisualStudio.TestTools.TestTypes.Unit.UnitTestAdapter" className="MS.TF.Test.UnitTests.Framework.Server.S2SAuth.TeamFoundationOAuthS2SServiceTests" name="ValidateToken_should_return_null_principal_when_token_actor_is_expired" />
    </UnitTest>
    <UnitTest name="ValidateToken_should_return_principal_and_impersonated_identity_when_token_actor_is_valid" storage="d:\v2.0\a1\_work\dbded102\bin\release.anycpu\vssf.sdk\ms.vs.services.cloud.l0.tests\ms.vs.services.cloud.l0.tests.dll" id="23d91943-1f19-6a3d-83e1-fab0a874c003">
      <Execution id="af7307b3-095d-40ef-9b5e-1f0462c67f0e" />
      <TestMethod codeBase="D:\v2.0\A1\_work\dbded102\bin\Release.AnyCPU\Vssf.Sdk\MS.VS.Services.Cloud.L0.Tests\MS.VS.Services.Cloud.L0.Tests.dll" adapterTypeName="Microsoft.VisualStudio.TestTools.TestTypes.Unit.UnitTestAdapter" className="MS.TF.Test.UnitTests.Framework.Server.S2SAuth.TeamFoundationOAuthS2SServiceTests" name="ValidateToken_should_return_principal_and_impersonated_identity_when_token_actor_is_valid" />
    </UnitTest>
    <UnitTest name="SuffixedString_Parse" storage="d:\v2.0\a1\_work\dbded102\bin\release.anycpu\vssf.sdk\ms.vs.services.cloud.l0.tests\ms.vs.services.cloud.l0.tests.dll" priority="3" id="139c74e1-f247-bab5-12ad-34c68da42090">
      <Owners>
        <Owner name="justinpi" />
      </Owners>
      <Execution id="d7740414-8246-494a-99f1-d7700f0020e5" />
      <TestMethod codeBase="D:\v2.0\A1\_work\dbded102\bin\Release.AnyCPU\Vssf.Sdk\MS.VS.Services.Cloud.L0.Tests\MS.VS.Services.Cloud.L0.Tests.dll" adapterTypeName="Microsoft.VisualStudio.TestTools.TestTypes.Unit.UnitTestAdapter" className="MS.VS.Test.Framework.Server.UnitTests.Servicing.SuffxedStringTests" name="SuffixedString_Parse" />
    </UnitTest>
    <UnitTest name="SuffixedString_Compare" storage="d:\v2.0\a1\_work\dbded102\bin\release.anycpu\vssf.sdk\ms.vs.services.cloud.l0.tests\ms.vs.services.cloud.l0.tests.dll" priority="3" id="20bc6131-daca-52d3-58cd-bb1053bdab5b">
      <Owners>
        <Owner name="justinpi" />
      </Owners>
      <Execution id="c64b4865-4930-4e72-bf96-45521cad8a3f" />
      <TestMethod codeBase="D:\v2.0\A1\_work\dbded102\bin\Release.AnyCPU\Vssf.Sdk\MS.VS.Services.Cloud.L0.Tests\MS.VS.Services.Cloud.L0.Tests.dll" adapterTypeName="Microsoft.VisualStudio.TestTools.TestTypes.Unit.UnitTestAdapter" className="MS.VS.Test.Framework.Server.UnitTests.Servicing.SuffxedStringTests" name="SuffixedString_Compare" />
    </UnitTest>
    <UnitTest name="Servicing_MergeServicingHostProperties" storage="d:\v2.0\a1\_work\dbded102\bin\release.anycpu\vssf.sdk\ms.vs.services.cloud.l0.tests\ms.vs.services.cloud.l0.tests.dll" id="39598d88-a664-8ffb-c1d8-50f9927d51ff">
      <Execution id="a7c78fa2-aa3b-4961-a99a-9b6181fec41e" />
      <TestMethod codeBase="D:\v2.0\A1\_work\dbded102\bin\Release.AnyCPU\Vssf.Sdk\MS.VS.Services.Cloud.L0.Tests\MS.VS.Services.Cloud.L0.Tests.dll" adapterTypeName="Microsoft.VisualStudio.TestTools.TestTypes.Unit.UnitTestAdapter" className="MS.VS.Test.Framework.Server.UnitTests.Servicing.UpgradeManagementJobTests" name="Servicing_MergeServicingHostProperties" />
    </UnitTest>
    <UnitTest name="ReadIdentities_TransitiveDown_DoesNotCallAad_WhenNoneOfTheIdentitiesAreAadGroups" storage="d:\v2.0\a1\_work\dbded102\bin\release.anycpu\vssf.sdk\ms.vs.services.cloud.l0.tests\ms.vs.services.cloud.l0.tests.dll" id="a3feb8c6-3f78-88b6-23f6-c9769944a185">
      <Owners>
        <Owner name="vscsauthztest" />
      </Owners>
      <Execution id="2f5b49f5-acbb-42ce-96a5-e8dc3e54fbce" />
      <TestMethod codeBase="D:\v2.0\A1\_work\dbded102\bin\Release.AnyCPU\Vssf.Sdk\MS.VS.Services.Cloud.L0.Tests\MS.VS.Services.Cloud.L0.Tests.dll" adapterTypeName="Microsoft.VisualStudio.TestTools.TestTypes.Unit.UnitTestAdapter" className="MS.VS.Services.Cloud.L0.Tests.ReadIdentitiesTransitiveDownTests" name="ReadIdentities_TransitiveDown_DoesNotCallAad_WhenNoneOfTheIdentitiesAreAadGroups" />
    </UnitTest>
    <UnitTest name="ReadIdentities_TransitiveDown_DoesNotCallAad_WhenFeatureFlagIsOff" storage="d:\v2.0\a1\_work\dbded102\bin\release.anycpu\vssf.sdk\ms.vs.services.cloud.l0.tests\ms.vs.services.cloud.l0.tests.dll" id="f5c442cd-75ef-74da-72c8-4774af3002df">
      <Owners>
        <Owner name="vscsauthztest" />
      </Owners>
      <Execution id="224a5444-8c1d-47c2-b137-912d2e4bc866" />
      <TestMethod codeBase="D:\v2.0\A1\_work\dbded102\bin\Release.AnyCPU\Vssf.Sdk\MS.VS.Services.Cloud.L0.Tests\MS.VS.Services.Cloud.L0.Tests.dll" adapterTypeName="Microsoft.VisualStudio.TestTools.TestTypes.Unit.UnitTestAdapter" className="MS.VS.Services.Cloud.L0.Tests.ReadIdentitiesTransitiveDownTests" name="ReadIdentities_TransitiveDown_DoesNotCallAad_WhenFeatureFlagIsOff" />
    </UnitTest>
    <UnitTest name="ReadIdentities_TransitiveDown_CallsAadGetDescendantsBatch_WhenSomeOfTheIdentitiesAreAadGroups" storage="d:\v2.0\a1\_work\dbded102\bin\release.anycpu\vssf.sdk\ms.vs.services.cloud.l0.tests\ms.vs.services.cloud.l0.tests.dll" id="3b56e6ca-c107-d088-412a-c36ef081bb28">
      <Owners>
        <Owner name="vscsauthztest" />
      </Owners>
      <Execution id="83911549-f364-4b9a-b37d-c2e750afa25a" />
      <TestMethod codeBase="D:\v2.0\A1\_work\dbded102\bin\Release.AnyCPU\Vssf.Sdk\MS.VS.Services.Cloud.L0.Tests\MS.VS.Services.Cloud.L0.Tests.dll" adapterTypeName="Microsoft.VisualStudio.TestTools.TestTypes.Unit.UnitTestAdapter" className="MS.VS.Services.Cloud.L0.Tests.ReadIdentitiesTransitiveDownTests" name="ReadIdentities_TransitiveDown_CallsAadGetDescendantsBatch_WhenSomeOfTheIdentitiesAreAadGroups" />
    </UnitTest>
    <UnitTest name="ReadIdentities_TransitiveDown_AddsMembershipRecords_WhenAadGroupHaveAadUsersMappedInIms" storage="d:\v2.0\a1\_work\dbded102\bin\release.anycpu\vssf.sdk\ms.vs.services.cloud.l0.tests\ms.vs.services.cloud.l0.tests.dll" id="e9c25891-3810-7a97-3b84-cced8ad7c00d">
      <Owners>
        <Owner name="vscsauthztest" />
      </Owners>
      <Execution id="eb7de3c1-b781-410d-bd39-eb245c2877da" />
      <TestMethod codeBase="D:\v2.0\A1\_work\dbded102\bin\Release.AnyCPU\Vssf.Sdk\MS.VS.Services.Cloud.L0.Tests\MS.VS.Services.Cloud.L0.Tests.dll" adapterTypeName="Microsoft.VisualStudio.TestTools.TestTypes.Unit.UnitTestAdapter" className="MS.VS.Services.Cloud.L0.Tests.ReadIdentitiesTransitiveDownTests" name="ReadIdentities_TransitiveDown_AddsMembershipRecords_WhenAadGroupHaveAadUsersMappedInIms" />
    </UnitTest>
    <UnitTest name="CreateGroups_DoesNotCallAad_WhenNoneOfTheGroupsAreAadGroups" storage="d:\v2.0\a1\_work\dbded102\bin\release.anycpu\vssf.sdk\ms.vs.services.cloud.l0.tests\ms.vs.services.cloud.l0.tests.dll" id="ad18d08d-5951-1cd4-2baa-720d1ea29833">
      <Owners>
        <Owner name="vscsauthztest" />
      </Owners>
      <Execution id="fdd5750e-7a03-4c7c-9c95-8d23f665586c" />
      <TestMethod codeBase="D:\v2.0\A1\_work\dbded102\bin\Release.AnyCPU\Vssf.Sdk\MS.VS.Services.Cloud.L0.Tests\MS.VS.Services.Cloud.L0.Tests.dll" adapterTypeName="Microsoft.VisualStudio.TestTools.TestTypes.Unit.UnitTestAdapter" className="MS.VS.Services.Cloud.L0.Tests.CreateGroupsTests" name="CreateGroups_DoesNotCallAad_WhenNoneOfTheGroupsAreAadGroups" />
    </UnitTest>
    <UnitTest name="CreateGroups_CallsAadGetDirectGroupMembers_WhenSomeOfTheGroupsAreAadGroups" storage="d:\v2.0\a1\_work\dbded102\bin\release.anycpu\vssf.sdk\ms.vs.services.cloud.l0.tests\ms.vs.services.cloud.l0.tests.dll" id="4a1c0314-c117-7bca-30c1-e98db7a9fd53">
      <Owners>
        <Owner name="vscsauthztest" />
      </Owners>
      <Execution id="12318367-8d34-4601-9300-fa2bda20185e" />
      <TestMethod codeBase="D:\v2.0\A1\_work\dbded102\bin\Release.AnyCPU\Vssf.Sdk\MS.VS.Services.Cloud.L0.Tests\MS.VS.Services.Cloud.L0.Tests.dll" adapterTypeName="Microsoft.VisualStudio.TestTools.TestTypes.Unit.UnitTestAdapter" className="MS.VS.Services.Cloud.L0.Tests.CreateGroupsTests" name="CreateGroups_CallsAadGetDirectGroupMembers_WhenSomeOfTheGroupsAreAadGroups" />
    </UnitTest>
    <UnitTest name="CreateGroups_SendsNotification_WhenCreatedAadGroupsHaveAadUsersMappedInIms" storage="d:\v2.0\a1\_work\dbded102\bin\release.anycpu\vssf.sdk\ms.vs.services.cloud.l0.tests\ms.vs.services.cloud.l0.tests.dll" id="14c62f93-732f-0865-b84a-e984b44986b6">
      <Owners>
        <Owner name="vscsauthztest" />
      </Owners>
      <Execution id="e7d6f8d8-6bf7-46de-89b5-00867ae461c1" />
      <TestMethod codeBase="D:\v2.0\A1\_work\dbded102\bin\Release.AnyCPU\Vssf.Sdk\MS.VS.Services.Cloud.L0.Tests\MS.VS.Services.Cloud.L0.Tests.dll" adapterTypeName="Microsoft.VisualStudio.TestTools.TestTypes.Unit.UnitTestAdapter" className="MS.VS.Services.Cloud.L0.Tests.CreateGroupsTests" name="CreateGroups_SendsNotification_WhenCreatedAadGroupsHaveAadUsersMappedInIms" />
    </UnitTest>
    <UnitTest name="CreateGroups_DoesNotSendNotification_WhenCreatedAadGroupsHaveAadUsers_ButUsersAreNotMappedInIms" storage="d:\v2.0\a1\_work\dbded102\bin\release.anycpu\vssf.sdk\ms.vs.services.cloud.l0.tests\ms.vs.services.cloud.l0.tests.dll" id="05346103-3413-6fa0-7b3d-51e78db47d61">
      <Owners>
        <Owner name="vscsauthztest" />
      </Owners>
      <Execution id="b10e3e3a-9cad-4a4a-80ed-c9a7538858cb" />
      <TestMethod codeBase="D:\v2.0\A1\_work\dbded102\bin\Release.AnyCPU\Vssf.Sdk\MS.VS.Services.Cloud.L0.Tests\MS.VS.Services.Cloud.L0.Tests.dll" adapterTypeName="Microsoft.VisualStudio.TestTools.TestTypes.Unit.UnitTestAdapter" className="MS.VS.Services.Cloud.L0.Tests.CreateGroupsTests" name="CreateGroups_DoesNotSendNotification_WhenCreatedAadGroupsHaveAadUsers_ButUsersAreNotMappedInIms" />
    </UnitTest>
    <UnitTest name="ProcessingDoesNotOccur_WhenEnvironmentIsOnPrem" storage="d:\v2.0\a1\_work\dbded102\bin\release.anycpu\vssf.sdk\ms.vs.services.cloud.l0.tests\ms.vs.services.cloud.l0.tests.dll" id="6f710a01-ff42-3c81-b38d-c98280890ccb">
      <Owners>
        <Owner name="vscsauthztest" />
      </Owners>
      <Execution id="0a0ed6e3-ce3c-4d98-bded-c0d6b16586d1" />
      <TestMethod codeBase="D:\v2.0\A1\_work\dbded102\bin\Release.AnyCPU\Vssf.Sdk\MS.VS.Services.Cloud.L0.Tests\MS.VS.Services.Cloud.L0.Tests.dll" adapterTypeName="Microsoft.VisualStudio.TestTools.TestTypes.Unit.UnitTestAdapter" className="MS.VS.Services.Cloud.L0.Tests.ReadIdentitiesNoOpTests" name="ProcessingDoesNotOccur_WhenEnvironmentIsOnPrem" />
    </UnitTest>
    <UnitTest name="ProcessingDoesNotOccur_WhenFeatureFlagIsOff" storage="d:\v2.0\a1\_work\dbded102\bin\release.anycpu\vssf.sdk\ms.vs.services.cloud.l0.tests\ms.vs.services.cloud.l0.tests.dll" id="f493d62e-e8cc-8cd2-631e-5b53ba521a2b">
      <Owners>
        <Owner name="vscsauthztest" />
      </Owners>
      <Execution id="9e2f9013-39b8-4d05-b3fc-e184b1018125" />
      <TestMethod codeBase="D:\v2.0\A1\_work\dbded102\bin\Release.AnyCPU\Vssf.Sdk\MS.VS.Services.Cloud.L0.Tests\MS.VS.Services.Cloud.L0.Tests.dll" adapterTypeName="Microsoft.VisualStudio.TestTools.TestTypes.Unit.UnitTestAdapter" className="MS.VS.Services.Cloud.L0.Tests.ReadIdentitiesNoOpTests" name="ProcessingDoesNotOccur_WhenFeatureFlagIsOff" />
    </UnitTest>
    <UnitTest name="ProcessingDoesNotOccur_WhenRequestIsNotForTransitiveUpOrDirectDown" storage="d:\v2.0\a1\_work\dbded102\bin\release.anycpu\vssf.sdk\ms.vs.services.cloud.l0.tests\ms.vs.services.cloud.l0.tests.dll" id="5fac2ac0-adec-7f54-6cce-155f2335eb83">
      <Owners>
        <Owner name="vscsauthztest" />
      </Owners>
      <Execution id="01d48d3c-a304-40a5-acc0-854961c67536" />
      <TestMethod codeBase="D:\v2.0\A1\_work\dbded102\bin\Release.AnyCPU\Vssf.Sdk\MS.VS.Services.Cloud.L0.Tests\MS.VS.Services.Cloud.L0.Tests.dll" adapterTypeName="Microsoft.VisualStudio.TestTools.TestTypes.Unit.UnitTestAdapter" className="MS.VS.Services.Cloud.L0.Tests.ReadIdentitiesNoOpTests" name="ProcessingDoesNotOccur_WhenRequestIsNotForTransitiveUpOrDirectDown" />
    </UnitTest>
    <UnitTest name="ReadIdentities_DirectDown_DoesNotCallAad_WhenNoneOfTheIdentitiesAreAadGroups" storage="d:\v2.0\a1\_work\dbded102\bin\release.anycpu\vssf.sdk\ms.vs.services.cloud.l0.tests\ms.vs.services.cloud.l0.tests.dll" id="f43cd5a8-4cd8-5ee2-24ba-b338e8add013">
      <Owners>
        <Owner name="vscsauthztest" />
      </Owners>
      <Execution id="47f44a2a-5b16-44f4-bd8a-10dfac78d118" />
      <TestMethod codeBase="D:\v2.0\A1\_work\dbded102\bin\Release.AnyCPU\Vssf.Sdk\MS.VS.Services.Cloud.L0.Tests\MS.VS.Services.Cloud.L0.Tests.dll" adapterTypeName="Microsoft.VisualStudio.TestTools.TestTypes.Unit.UnitTestAdapter" className="MS.VS.Services.Cloud.L0.Tests.ReadIdentitiesDirectDownTests" name="ReadIdentities_DirectDown_DoesNotCallAad_WhenNoneOfTheIdentitiesAreAadGroups" />
    </UnitTest>
    <UnitTest name="ReadIdentities_DirectDown_CallsAadGetDirectGroupMembers_WhenSomeOfTheIdentitiesAreAadGroups" storage="d:\v2.0\a1\_work\dbded102\bin\release.anycpu\vssf.sdk\ms.vs.services.cloud.l0.tests\ms.vs.services.cloud.l0.tests.dll" id="218162a3-5b0f-c27b-17f0-5a890a8f3042">
      <Owners>
        <Owner name="vscsauthztest" />
      </Owners>
      <Execution id="428df0a1-a015-4c06-8882-3f71117be2e4" />
      <TestMethod codeBase="D:\v2.0\A1\_work\dbded102\bin\Release.AnyCPU\Vssf.Sdk\MS.VS.Services.Cloud.L0.Tests\MS.VS.Services.Cloud.L0.Tests.dll" adapterTypeName="Microsoft.VisualStudio.TestTools.TestTypes.Unit.UnitTestAdapter" className="MS.VS.Services.Cloud.L0.Tests.ReadIdentitiesDirectDownTests" name="ReadIdentities_DirectDown_CallsAadGetDirectGroupMembers_WhenSomeOfTheIdentitiesAreAadGroups" />
    </UnitTest>
    <UnitTest name="ReadIdentities_DirectDown_AddsMembershipRecords_WhenAadGroupHaveAadUsersMappedInIms" storage="d:\v2.0\a1\_work\dbded102\bin\release.anycpu\vssf.sdk\ms.vs.services.cloud.l0.tests\ms.vs.services.cloud.l0.tests.dll" id="f752aad8-2d95-67a9-c7e6-11a657c53e39">
      <Owners>
        <Owner name="vscsauthztest" />
      </Owners>
      <Execution id="3e81bd40-fa01-46e1-a25d-68c2ed9b0a1f" />
      <TestMethod codeBase="D:\v2.0\A1\_work\dbded102\bin\Release.AnyCPU\Vssf.Sdk\MS.VS.Services.Cloud.L0.Tests\MS.VS.Services.Cloud.L0.Tests.dll" adapterTypeName="Microsoft.VisualStudio.TestTools.TestTypes.Unit.UnitTestAdapter" className="MS.VS.Services.Cloud.L0.Tests.ReadIdentitiesDirectDownTests" name="ReadIdentities_DirectDown_AddsMembershipRecords_WhenAadGroupHaveAadUsersMappedInIms" />
    </UnitTest>
    <UnitTest name="ReadIdentities_DirectDown_DoesNotAddMembershipRecords_WhenAadGroupsHaveAadUsers_ButAadUsersAreNotMappedInIms" storage="d:\v2.0\a1\_work\dbded102\bin\release.anycpu\vssf.sdk\ms.vs.services.cloud.l0.tests\ms.vs.services.cloud.l0.tests.dll" id="a4339439-c3ec-7062-9042-5a3515febb57">
      <Owners>
        <Owner name="vscsauthztest" />
      </Owners>
      <Execution id="3af66b17-0bb0-4253-ab83-6f10a222b5db" />
      <TestMethod codeBase="D:\v2.0\A1\_work\dbded102\bin\Release.AnyCPU\Vssf.Sdk\MS.VS.Services.Cloud.L0.Tests\MS.VS.Services.Cloud.L0.Tests.dll" adapterTypeName="Microsoft.VisualStudio.TestTools.TestTypes.Unit.UnitTestAdapter" className="MS.VS.Services.Cloud.L0.Tests.ReadIdentitiesDirectDownTests" name="ReadIdentities_DirectDown_DoesNotAddMembershipRecords_WhenAadGroupsHaveAadUsers_ButAadUsersAreNotMappedInIms" />
    </UnitTest>
    <UnitTest name="ReadIdentities_TransitiveUp_DoesNotCallAad_WhenIgnoreFlagIsSet" storage="d:\v2.0\a1\_work\dbded102\bin\release.anycpu\vssf.sdk\ms.vs.services.cloud.l0.tests\ms.vs.services.cloud.l0.tests.dll" id="6175d898-25bb-f713-e0a9-8e098e6c0400">
      <Owners>
        <Owner name="vscsauthztest" />
      </Owners>
      <Execution id="659fe58e-44e2-4e82-a827-da4eb36b0fd3" />
      <TestMethod codeBase="D:\v2.0\A1\_work\dbded102\bin\Release.AnyCPU\Vssf.Sdk\MS.VS.Services.Cloud.L0.Tests\MS.VS.Services.Cloud.L0.Tests.dll" adapterTypeName="Microsoft.VisualStudio.TestTools.TestTypes.Unit.UnitTestAdapter" className="MS.VS.Services.Cloud.L0.Tests.ReadIdentitiesTransitiveUpTests" name="ReadIdentities_TransitiveUp_DoesNotCallAad_WhenIgnoreFlagIsSet" />
    </UnitTest>
    <UnitTest name="ReadIdentities_TransitiveUp_DoesNotCallAad_WhenNoneOfTheIdentitiesAreAadUsers" storage="d:\v2.0\a1\_work\dbded102\bin\release.anycpu\vssf.sdk\ms.vs.services.cloud.l0.tests\ms.vs.services.cloud.l0.tests.dll" id="7978371c-2f6e-5e49-b950-07dbd63f74a8">
      <Owners>
        <Owner name="vscsauthztest" />
      </Owners>
      <Execution id="3d1a22aa-3f61-40b5-805d-74e0e0e0830f" />
      <TestMethod codeBase="D:\v2.0\A1\_work\dbded102\bin\Release.AnyCPU\Vssf.Sdk\MS.VS.Services.Cloud.L0.Tests\MS.VS.Services.Cloud.L0.Tests.dll" adapterTypeName="Microsoft.VisualStudio.TestTools.TestTypes.Unit.UnitTestAdapter" className="MS.VS.Services.Cloud.L0.Tests.ReadIdentitiesTransitiveUpTests" name="ReadIdentities_TransitiveUp_DoesNotCallAad_WhenNoneOfTheIdentitiesAreAadUsers" />
    </UnitTest>
    <UnitTest name="ReadIdentities_TransitiveUp_DoesNotCallAad_WhenTheIdentitiesAreBindPendingWithoutObjectId" storage="d:\v2.0\a1\_work\dbded102\bin\release.anycpu\vssf.sdk\ms.vs.services.cloud.l0.tests\ms.vs.services.cloud.l0.tests.dll" id="b4dd4ed9-bdf3-82fe-3422-c2cfd2bca59c">
      <Owners>
        <Owner name="vscsauthztest" />
      </Owners>
      <Execution id="fc31288f-397a-400a-afa2-042ae93b61e1" />
      <TestMethod codeBase="D:\v2.0\A1\_work\dbded102\bin\Release.AnyCPU\Vssf.Sdk\MS.VS.Services.Cloud.L0.Tests\MS.VS.Services.Cloud.L0.Tests.dll" adapterTypeName="Microsoft.VisualStudio.TestTools.TestTypes.Unit.UnitTestAdapter" className="MS.VS.Services.Cloud.L0.Tests.ReadIdentitiesTransitiveUpTests" name="ReadIdentities_TransitiveUp_DoesNotCallAad_WhenTheIdentitiesAreBindPendingWithoutObjectId" />
    </UnitTest>
    <UnitTest name="ReadIdentities_TransitiveUp_CallsAadGetAncestorIds_WhenTheIdentitiesAreBindPendingWithObjectId" storage="d:\v2.0\a1\_work\dbded102\bin\release.anycpu\vssf.sdk\ms.vs.services.cloud.l0.tests\ms.vs.services.cloud.l0.tests.dll" id="1662ba5f-e22c-145b-be9b-db96733bb6c5">
      <Owners>
        <Owner name="vscsauthztest" />
      </Owners>
      <Execution id="580a3e41-4805-4e3c-a329-b9e33718cdae" />
      <TestMethod codeBase="D:\v2.0\A1\_work\dbded102\bin\Release.AnyCPU\Vssf.Sdk\MS.VS.Services.Cloud.L0.Tests\MS.VS.Services.Cloud.L0.Tests.dll" adapterTypeName="Microsoft.VisualStudio.TestTools.TestTypes.Unit.UnitTestAdapter" className="MS.VS.Services.Cloud.L0.Tests.ReadIdentitiesTransitiveUpTests" name="ReadIdentities_TransitiveUp_CallsAadGetAncestorIds_WhenTheIdentitiesAreBindPendingWithObjectId" />
    </UnitTest>
    <UnitTest name="ReadIdentities_TransitiveUp_CallsAadGetAncestorIds_WhenSomeOfTheIdentitiesAreAadUsers" storage="d:\v2.0\a1\_work\dbded102\bin\release.anycpu\vssf.sdk\ms.vs.services.cloud.l0.tests\ms.vs.services.cloud.l0.tests.dll" id="14f2a9eb-0ceb-f0a9-b8db-40fa7aebab69">
      <Owners>
        <Owner name="vscsauthztest" />
      </Owners>
      <Execution id="f22676b8-f069-4824-9423-46ba159bd56a" />
      <TestMethod codeBase="D:\v2.0\A1\_work\dbded102\bin\Release.AnyCPU\Vssf.Sdk\MS.VS.Services.Cloud.L0.Tests\MS.VS.Services.Cloud.L0.Tests.dll" adapterTypeName="Microsoft.VisualStudio.TestTools.TestTypes.Unit.UnitTestAdapter" className="MS.VS.Services.Cloud.L0.Tests.ReadIdentitiesTransitiveUpTests" name="ReadIdentities_TransitiveUp_CallsAadGetAncestorIds_WhenSomeOfTheIdentitiesAreAadUsers" />
    </UnitTest>
    <UnitTest name="ReadIdentities_TransitiveUp_DoesNotFail_WhenRequestedAncestorIdsComeBackAsNull" storage="d:\v2.0\a1\_work\dbded102\bin\release.anycpu\vssf.sdk\ms.vs.services.cloud.l0.tests\ms.vs.services.cloud.l0.tests.dll" id="962211ac-72ce-a026-a299-457347244c20">
      <Owners>
        <Owner name="vscsauthztest" />
      </Owners>
      <Execution id="3c0cfc6d-72a0-4145-93d2-45c973510523" />
      <TestMethod codeBase="D:\v2.0\A1\_work\dbded102\bin\Release.AnyCPU\Vssf.Sdk\MS.VS.Services.Cloud.L0.Tests\MS.VS.Services.Cloud.L0.Tests.dll" adapterTypeName="Microsoft.VisualStudio.TestTools.TestTypes.Unit.UnitTestAdapter" className="MS.VS.Services.Cloud.L0.Tests.ReadIdentitiesTransitiveUpTests" name="ReadIdentities_TransitiveUp_DoesNotFail_WhenRequestedAncestorIdsComeBackAsNull" />
    </UnitTest>
    <UnitTest name="ATHealthRequestFilter_FilterOnCPU" storage="d:\v2.0\a1\_work\dbded102\bin\release.anycpu\vssf.sdk\ms.vs.services.cloud.l0.tests\ms.vs.services.cloud.l0.tests.dll" id="05e920b2-95db-df8a-0142-0e7453fae483">
      <Execution id="8537e47e-abc5-42a3-9182-00b0b7725b48" />
      <TestMethod codeBase="D:\v2.0\A1\_work\dbded102\bin\Release.AnyCPU\Vssf.Sdk\MS.VS.Services.Cloud.L0.Tests\MS.VS.Services.Cloud.L0.Tests.dll" adapterTypeName="Microsoft.VisualStudio.TestTools.TestTypes.Unit.UnitTestAdapter" className="MS.VS.Services.Cloud.L0.Tests.ATHealthRequestFilterTest" name="ATHealthRequestFilter_FilterOnCPU" />
    </UnitTest>
    <UnitTest name="ATHealthRequestFilter_FilterOnCPU_Under" storage="d:\v2.0\a1\_work\dbded102\bin\release.anycpu\vssf.sdk\ms.vs.services.cloud.l0.tests\ms.vs.services.cloud.l0.tests.dll" id="74684472-e5cd-c48f-a0a1-cc9930ee5b2a">
      <Execution id="a8561ae7-9675-4093-93f4-9bf56585b32f" />
      <TestMethod codeBase="D:\v2.0\A1\_work\dbded102\bin\Release.AnyCPU\Vssf.Sdk\MS.VS.Services.Cloud.L0.Tests\MS.VS.Services.Cloud.L0.Tests.dll" adapterTypeName="Microsoft.VisualStudio.TestTools.TestTypes.Unit.UnitTestAdapter" className="MS.VS.Services.Cloud.L0.Tests.ATHealthRequestFilterTest" name="ATHealthRequestFilter_FilterOnCPU_Under" />
    </UnitTest>
    <UnitTest name="ATHealthRequestFilter_FilterOnAspQueue" storage="d:\v2.0\a1\_work\dbded102\bin\release.anycpu\vssf.sdk\ms.vs.services.cloud.l0.tests\ms.vs.services.cloud.l0.tests.dll" id="20a09679-dfb9-75e2-68cc-b7c309964ef8">
      <Execution id="fb701011-2a97-4934-ac57-fe5406e617b6" />
      <TestMethod codeBase="D:\v2.0\A1\_work\dbded102\bin\Release.AnyCPU\Vssf.Sdk\MS.VS.Services.Cloud.L0.Tests\MS.VS.Services.Cloud.L0.Tests.dll" adapterTypeName="Microsoft.VisualStudio.TestTools.TestTypes.Unit.UnitTestAdapter" className="MS.VS.Services.Cloud.L0.Tests.ATHealthRequestFilterTest" name="ATHealthRequestFilter_FilterOnAspQueue" />
    </UnitTest>
    <UnitTest name="ATHealthRequestFilter_FilterOnAspQueue_Under" storage="d:\v2.0\a1\_work\dbded102\bin\release.anycpu\vssf.sdk\ms.vs.services.cloud.l0.tests\ms.vs.services.cloud.l0.tests.dll" id="8e947691-c118-833a-021d-1fa5cde4b422">
      <Execution id="935f9725-85c6-4f7a-ab9f-b59a0da8c9bd" />
      <TestMethod codeBase="D:\v2.0\A1\_work\dbded102\bin\Release.AnyCPU\Vssf.Sdk\MS.VS.Services.Cloud.L0.Tests\MS.VS.Services.Cloud.L0.Tests.dll" adapterTypeName="Microsoft.VisualStudio.TestTools.TestTypes.Unit.UnitTestAdapter" className="MS.VS.Services.Cloud.L0.Tests.ATHealthRequestFilterTest" name="ATHealthRequestFilter_FilterOnAspQueue_Under" />
    </UnitTest>
    <UnitTest name="ATHealthRequestFilter_DoesNotFilterNormal" storage="d:\v2.0\a1\_work\dbded102\bin\release.anycpu\vssf.sdk\ms.vs.services.cloud.l0.tests\ms.vs.services.cloud.l0.tests.dll" id="c877d615-9f3d-6f39-fb51-aa14894379cf">
      <Execution id="2b59bf89-9ca6-4ddd-96ae-1b70eb28b1a4" />
      <TestMethod codeBase="D:\v2.0\A1\_work\dbded102\bin\Release.AnyCPU\Vssf.Sdk\MS.VS.Services.Cloud.L0.Tests\MS.VS.Services.Cloud.L0.Tests.dll" adapterTypeName="Microsoft.VisualStudio.TestTools.TestTypes.Unit.UnitTestAdapter" className="MS.VS.Services.Cloud.L0.Tests.ATHealthRequestFilterTest" name="ATHealthRequestFilter_DoesNotFilterNormal" />
    </UnitTest>
    <UnitTest name="ATHealthRequestFilter_CanDisable" storage="d:\v2.0\a1\_work\dbded102\bin\release.anycpu\vssf.sdk\ms.vs.services.cloud.l0.tests\ms.vs.services.cloud.l0.tests.dll" id="c330b76d-2e4f-69be-f322-6e9b6898bc37">
      <Execution id="d073610a-4db9-4900-86fe-e7ea211f25a6" />
      <TestMethod codeBase="D:\v2.0\A1\_work\dbded102\bin\Release.AnyCPU\Vssf.Sdk\MS.VS.Services.Cloud.L0.Tests\MS.VS.Services.Cloud.L0.Tests.dll" adapterTypeName="Microsoft.VisualStudio.TestTools.TestTypes.Unit.UnitTestAdapter" className="MS.VS.Services.Cloud.L0.Tests.ATHealthRequestFilterTest" name="ATHealthRequestFilter_CanDisable" />
    </UnitTest>
    <UnitTest name="AT_HealthRequestFilter_DTCpu" storage="d:\v2.0\a1\_work\dbded102\bin\release.anycpu\vssf.sdk\ms.vs.services.cloud.l0.tests\ms.vs.services.cloud.l0.tests.dll" id="c7d13e4b-613f-7d25-7fa0-55eaed085ce7">
      <Execution id="6bc1c045-b528-411a-a5ce-da23068cb632" />
      <TestMethod codeBase="D:\v2.0\A1\_work\dbded102\bin\Release.AnyCPU\Vssf.Sdk\MS.VS.Services.Cloud.L0.Tests\MS.VS.Services.Cloud.L0.Tests.dll" adapterTypeName="Microsoft.VisualStudio.TestTools.TestTypes.Unit.UnitTestAdapter" className="MS.VS.Services.Cloud.L0.Tests.ATHealthRequestFilterTest" name="AT_HealthRequestFilter_DTCpu" />
    </UnitTest>
    <UnitTest name="AT_HealthRequestFilter_DTDataIO" storage="d:\v2.0\a1\_work\dbded102\bin\release.anycpu\vssf.sdk\ms.vs.services.cloud.l0.tests\ms.vs.services.cloud.l0.tests.dll" id="31f8df26-0526-0e78-74d7-2e24952fad1c">
      <Execution id="fbffc234-e6dd-4c0c-8ca6-3004dc375b02" />
      <TestMethod codeBase="D:\v2.0\A1\_work\dbded102\bin\Release.AnyCPU\Vssf.Sdk\MS.VS.Services.Cloud.L0.Tests\MS.VS.Services.Cloud.L0.Tests.dll" adapterTypeName="Microsoft.VisualStudio.TestTools.TestTypes.Unit.UnitTestAdapter" className="MS.VS.Services.Cloud.L0.Tests.ATHealthRequestFilterTest" name="AT_HealthRequestFilter_DTDataIO" />
    </UnitTest>
    <UnitTest name="AT_HealthRequestFilter_DTLogWrites" storage="d:\v2.0\a1\_work\dbded102\bin\release.anycpu\vssf.sdk\ms.vs.services.cloud.l0.tests\ms.vs.services.cloud.l0.tests.dll" id="fd0a33ef-4d7b-5e02-779e-1d52304300c6">
      <Execution id="2fc5079a-9f2e-45b0-8302-762c2fecf871" />
      <TestMethod codeBase="D:\v2.0\A1\_work\dbded102\bin\Release.AnyCPU\Vssf.Sdk\MS.VS.Services.Cloud.L0.Tests\MS.VS.Services.Cloud.L0.Tests.dll" adapterTypeName="Microsoft.VisualStudio.TestTools.TestTypes.Unit.UnitTestAdapter" className="MS.VS.Services.Cloud.L0.Tests.ATHealthRequestFilterTest" name="AT_HealthRequestFilter_DTLogWrites" />
    </UnitTest>
    <UnitTest name="AT_HealthRequestFilter_DTPerfTime" storage="d:\v2.0\a1\_work\dbded102\bin\release.anycpu\vssf.sdk\ms.vs.services.cloud.l0.tests\ms.vs.services.cloud.l0.tests.dll" id="249a52e2-b8ef-a4c3-2729-0960eeb7c4b5">
      <Execution id="e6cba204-3959-4848-b3e6-863c69b42d76" />
      <TestMethod codeBase="D:\v2.0\A1\_work\dbded102\bin\Release.AnyCPU\Vssf.Sdk\MS.VS.Services.Cloud.L0.Tests\MS.VS.Services.Cloud.L0.Tests.dll" adapterTypeName="Microsoft.VisualStudio.TestTools.TestTypes.Unit.UnitTestAdapter" className="MS.VS.Services.Cloud.L0.Tests.ATHealthRequestFilterTest" name="AT_HealthRequestFilter_DTPerfTime" />
    </UnitTest>
    <UnitTest name="AT_HealthRequestFilter_ConfigDTCpu" storage="d:\v2.0\a1\_work\dbded102\bin\release.anycpu\vssf.sdk\ms.vs.services.cloud.l0.tests\ms.vs.services.cloud.l0.tests.dll" id="e3297beb-499c-7312-0ef1-997ecde0c45e">
      <Execution id="1462adde-0d0d-47d2-b15c-5625f910d3b1" />
      <TestMethod codeBase="D:\v2.0\A1\_work\dbded102\bin\Release.AnyCPU\Vssf.Sdk\MS.VS.Services.Cloud.L0.Tests\MS.VS.Services.Cloud.L0.Tests.dll" adapterTypeName="Microsoft.VisualStudio.TestTools.TestTypes.Unit.UnitTestAdapter" className="MS.VS.Services.Cloud.L0.Tests.ATHealthRequestFilterTest" name="AT_HealthRequestFilter_ConfigDTCpu" />
    </UnitTest>
    <UnitTest name="Job_exits_if_jobdata_is_null" storage="d:\v2.0\a1\_work\dbded102\bin\release.anycpu\vssf.sdk\ms.vs.services.cloud.l0.tests\ms.vs.services.cloud.l0.tests.dll" id="8a4971ed-9226-e691-cc81-b4983d723176">
      <Execution id="3d485de2-48ef-4997-bc45-6f5a921de7b3" />
      <TestMethod codeBase="D:\v2.0\A1\_work\dbded102\bin\Release.AnyCPU\Vssf.Sdk\MS.VS.Services.Cloud.L0.Tests\MS.VS.Services.Cloud.L0.Tests.dll" adapterTypeName="Microsoft.VisualStudio.TestTools.TestTypes.Unit.UnitTestAdapter" className="MS.VS.Services.Cloud.L0.Tests.ObsoletePropertyCleanupJobTests" name="Job_exits_if_jobdata_is_null" />
    </UnitTest>
    <UnitTest name="Job_exits_if_no_properties_to_remove_in_jobdata" storage="d:\v2.0\a1\_work\dbded102\bin\release.anycpu\vssf.sdk\ms.vs.services.cloud.l0.tests\ms.vs.services.cloud.l0.tests.dll" id="083e77ee-3317-deb6-96a1-7bea3f5e1c34">
      <Execution id="0f4931c4-44cd-472b-999e-2d547e462fa0" />
      <TestMethod codeBase="D:\v2.0\A1\_work\dbded102\bin\Release.AnyCPU\Vssf.Sdk\MS.VS.Services.Cloud.L0.Tests\MS.VS.Services.Cloud.L0.Tests.dll" adapterTypeName="Microsoft.VisualStudio.TestTools.TestTypes.Unit.UnitTestAdapter" className="MS.VS.Services.Cloud.L0.Tests.ObsoletePropertyCleanupJobTests" name="Job_exits_if_no_properties_to_remove_in_jobdata" />
    </UnitTest>
    <UnitTest name="Job_exits_if_no_ArtifactKinds_to_remove_in_jobdata" storage="d:\v2.0\a1\_work\dbded102\bin\release.anycpu\vssf.sdk\ms.vs.services.cloud.l0.tests\ms.vs.services.cloud.l0.tests.dll" id="63269abb-6e88-98fe-64f3-5802d4aedbf7">
      <Execution id="d441add4-d6e9-454b-9342-8d380975203d" />
      <TestMethod codeBase="D:\v2.0\A1\_work\dbded102\bin\Release.AnyCPU\Vssf.Sdk\MS.VS.Services.Cloud.L0.Tests\MS.VS.Services.Cloud.L0.Tests.dll" adapterTypeName="Microsoft.VisualStudio.TestTools.TestTypes.Unit.UnitTestAdapter" className="MS.VS.Services.Cloud.L0.Tests.ObsoletePropertyCleanupJobTests" name="Job_exits_if_no_ArtifactKinds_to_remove_in_jobdata" />
    </UnitTest>
    <UnitTest name="Job_exits_when_no_properties_left_to_delete" storage="d:\v2.0\a1\_work\dbded102\bin\release.anycpu\vssf.sdk\ms.vs.services.cloud.l0.tests\ms.vs.services.cloud.l0.tests.dll" id="6c054b87-7ff6-c220-e262-f5a1dac849fc">
      <Execution id="c60bf82f-7652-41ef-bfbc-0469b1a16a81" />
      <TestMethod codeBase="D:\v2.0\A1\_work\dbded102\bin\Release.AnyCPU\Vssf.Sdk\MS.VS.Services.Cloud.L0.Tests\MS.VS.Services.Cloud.L0.Tests.dll" adapterTypeName="Microsoft.VisualStudio.TestTools.TestTypes.Unit.UnitTestAdapter" className="MS.VS.Services.Cloud.L0.Tests.ObsoletePropertyCleanupJobTests" name="Job_exits_when_no_properties_left_to_delete" />
    </UnitTest>
    <UnitTest name="Job_requeues_when_properties_left_to_delete" storage="d:\v2.0\a1\_work\dbded102\bin\release.anycpu\vssf.sdk\ms.vs.services.cloud.l0.tests\ms.vs.services.cloud.l0.tests.dll" id="676b247d-3fcd-09c3-b4db-3a71a5e8f5f8">
      <Execution id="9911b12a-ef51-4e0a-b9eb-c09bd14137f8" />
      <TestMethod codeBase="D:\v2.0\A1\_work\dbded102\bin\Release.AnyCPU\Vssf.Sdk\MS.VS.Services.Cloud.L0.Tests\MS.VS.Services.Cloud.L0.Tests.dll" adapterTypeName="Microsoft.VisualStudio.TestTools.TestTypes.Unit.UnitTestAdapter" className="MS.VS.Services.Cloud.L0.Tests.ObsoletePropertyCleanupJobTests" name="Job_requeues_when_properties_left_to_delete" />
    </UnitTest>
    <UnitTest name="GetS2SCredentials_should_return_oAuth_credentials_if_oAuth_client_is_enabled" storage="d:\v2.0\a1\_work\dbded102\bin\release.anycpu\vssf.sdk\ms.vs.services.cloud.l0.tests\ms.vs.services.cloud.l0.tests.dll" id="4060f733-faa9-aeeb-7b44-33dd96d60ee2">
      <Execution id="9305be4a-8c02-48db-afa2-942beaaabfed" />
      <TestMethod codeBase="D:\v2.0\A1\_work\dbded102\bin\Release.AnyCPU\Vssf.Sdk\MS.VS.Services.Cloud.L0.Tests\MS.VS.Services.Cloud.L0.Tests.dll" adapterTypeName="Microsoft.VisualStudio.TestTools.TestTypes.Unit.UnitTestAdapter" className="MS.VS.Services.Cloud.L0.Tests.S2SAuth.TeamFoundationS2SCredentialsServiceTests" name="GetS2SCredentials_should_return_oAuth_credentials_if_oAuth_client_is_enabled" />
    </UnitTest>
    <UnitTest name="GetS2SCredentials_should_return_oAuth_cached_credentials_on_successive_calls_if_oAuth_client_is_enabled" storage="d:\v2.0\a1\_work\dbded102\bin\release.anycpu\vssf.sdk\ms.vs.services.cloud.l0.tests\ms.vs.services.cloud.l0.tests.dll" id="fc4a7b3b-dd21-9116-c140-8caa8fca80f2">
      <Execution id="483775f5-08fa-4501-a02e-086d74fabc5a" />
      <TestMethod codeBase="D:\v2.0\A1\_work\dbded102\bin\Release.AnyCPU\Vssf.Sdk\MS.VS.Services.Cloud.L0.Tests\MS.VS.Services.Cloud.L0.Tests.dll" adapterTypeName="Microsoft.VisualStudio.TestTools.TestTypes.Unit.UnitTestAdapter" className="MS.VS.Services.Cloud.L0.Tests.S2SAuth.TeamFoundationS2SCredentialsServiceTests" name="GetS2SCredentials_should_return_oAuth_cached_credentials_on_successive_calls_if_oAuth_client_is_enabled" />
    </UnitTest>
    <UnitTest name="TeamFoundationResourceHydrationService_ServiceStartNonHosted" storage="d:\v2.0\a1\_work\dbded102\bin\release.anycpu\vssf.sdk\ms.vs.services.cloud.l0.tests\ms.vs.services.cloud.l0.tests.dll" id="bc516c3e-80be-6af9-836b-1d9e13ffc29a">
      <Execution id="21a94f64-9bd2-4709-b883-15c97b431ab2" />
      <TestMethod codeBase="D:\v2.0\A1\_work\dbded102\bin\Release.AnyCPU\Vssf.Sdk\MS.VS.Services.Cloud.L0.Tests\MS.VS.Services.Cloud.L0.Tests.dll" adapterTypeName="Microsoft.VisualStudio.TestTools.TestTypes.Unit.UnitTestAdapter" className="MS.VS.Services.Cloud.L0.Tests.ResourceHydration.TeamFoundationResourceHydrationTests" name="TeamFoundationResourceHydrationService_ServiceStartNonHosted" />
    </UnitTest>
    <UnitTest name="TeamFoundationResourceHydrationService_GetResourceHydrationRequest" storage="d:\v2.0\a1\_work\dbded102\bin\release.anycpu\vssf.sdk\ms.vs.services.cloud.l0.tests\ms.vs.services.cloud.l0.tests.dll" id="baa71dab-8dd3-381b-2b77-489f30711e59">
      <Execution id="a514ded2-23c4-4086-a559-b706d8c67f3c" />
      <TestMethod codeBase="D:\v2.0\A1\_work\dbded102\bin\Release.AnyCPU\Vssf.Sdk\MS.VS.Services.Cloud.L0.Tests\MS.VS.Services.Cloud.L0.Tests.dll" adapterTypeName="Microsoft.VisualStudio.TestTools.TestTypes.Unit.UnitTestAdapter" className="MS.VS.Services.Cloud.L0.Tests.ResourceHydration.TeamFoundationResourceHydrationTests" name="TeamFoundationResourceHydrationService_GetResourceHydrationRequest" />
    </UnitTest>
    <UnitTest name="ResourceExtensionTests_IPV4AddressRange_In" storage="d:\v2.0\a1\_work\dbded102\bin\release.anycpu\vssf.sdk\ms.vs.services.cloud.l0.tests\ms.vs.services.cloud.l0.tests.dll" id="33c1cdc6-632e-4d6b-9ce9-2ce66000cd69">
      <Owners>
        <Owner name="chad" />
      </Owners>
      <Execution id="d55f2577-e4cf-40f4-9964-41d26bdf0279" />
      <TestMethod codeBase="D:\v2.0\A1\_work\dbded102\bin\Release.AnyCPU\Vssf.Sdk\MS.VS.Services.Cloud.L0.Tests\MS.VS.Services.Cloud.L0.Tests.dll" adapterTypeName="Microsoft.VisualStudio.TestTools.TestTypes.Unit.UnitTestAdapter" className="MS.VS.Services.Cloud.L0.Tests.ResourceGovernance.ResourceExtensionTests" name="ResourceExtensionTests_IPV4AddressRange_In" />
    </UnitTest>
    <UnitTest name="ResourceExtensionTests_IPV4AddressRange_Out" storage="d:\v2.0\a1\_work\dbded102\bin\release.anycpu\vssf.sdk\ms.vs.services.cloud.l0.tests\ms.vs.services.cloud.l0.tests.dll" id="a8650557-c61e-53a1-dbb9-1f0ef8ed8f9a">
      <Owners>
        <Owner name="chad" />
      </Owners>
      <Execution id="d64f7218-be25-423c-b28f-4beff8b39669" />
      <TestMethod codeBase="D:\v2.0\A1\_work\dbded102\bin\Release.AnyCPU\Vssf.Sdk\MS.VS.Services.Cloud.L0.Tests\MS.VS.Services.Cloud.L0.Tests.dll" adapterTypeName="Microsoft.VisualStudio.TestTools.TestTypes.Unit.UnitTestAdapter" className="MS.VS.Services.Cloud.L0.Tests.ResourceGovernance.ResourceExtensionTests" name="ResourceExtensionTests_IPV4AddressRange_Out" />
    </UnitTest>
    <UnitTest name="ResourceExtensionTests_IPV4AddressRange_Start" storage="d:\v2.0\a1\_work\dbded102\bin\release.anycpu\vssf.sdk\ms.vs.services.cloud.l0.tests\ms.vs.services.cloud.l0.tests.dll" id="63b4a5cf-e936-6c2a-bc0b-7165e07175e9">
      <Owners>
        <Owner name="chad" />
      </Owners>
      <Execution id="aa8668cb-83d7-4af5-87b0-3707a10be642" />
      <TestMethod codeBase="D:\v2.0\A1\_work\dbded102\bin\Release.AnyCPU\Vssf.Sdk\MS.VS.Services.Cloud.L0.Tests\MS.VS.Services.Cloud.L0.Tests.dll" adapterTypeName="Microsoft.VisualStudio.TestTools.TestTypes.Unit.UnitTestAdapter" className="MS.VS.Services.Cloud.L0.Tests.ResourceGovernance.ResourceExtensionTests" name="ResourceExtensionTests_IPV4AddressRange_Start" />
    </UnitTest>
    <UnitTest name="ResourceExtensionTests_IPV4AddressRange_End" storage="d:\v2.0\a1\_work\dbded102\bin\release.anycpu\vssf.sdk\ms.vs.services.cloud.l0.tests\ms.vs.services.cloud.l0.tests.dll" id="3b0d96a2-34f1-3a2d-8375-3bc147761e9f">
      <Owners>
        <Owner name="chad" />
      </Owners>
      <Execution id="3fcc23d4-bc1f-4254-b66c-7264a8d99522" />
      <TestMethod codeBase="D:\v2.0\A1\_work\dbded102\bin\Release.AnyCPU\Vssf.Sdk\MS.VS.Services.Cloud.L0.Tests\MS.VS.Services.Cloud.L0.Tests.dll" adapterTypeName="Microsoft.VisualStudio.TestTools.TestTypes.Unit.UnitTestAdapter" className="MS.VS.Services.Cloud.L0.Tests.ResourceGovernance.ResourceExtensionTests" name="ResourceExtensionTests_IPV4AddressRange_End" />
    </UnitTest>
    <UnitTest name="ResourceExtensionTests_IPV6AddressRange_In" storage="d:\v2.0\a1\_work\dbded102\bin\release.anycpu\vssf.sdk\ms.vs.services.cloud.l0.tests\ms.vs.services.cloud.l0.tests.dll" id="b0d53186-7fd8-6b0e-c388-8930ffdfa6ea">
      <Owners>
        <Owner name="chad" />
      </Owners>
      <Execution id="1bac9906-b565-477c-ba0c-be75449a5d5d" />
      <TestMethod codeBase="D:\v2.0\A1\_work\dbded102\bin\Release.AnyCPU\Vssf.Sdk\MS.VS.Services.Cloud.L0.Tests\MS.VS.Services.Cloud.L0.Tests.dll" adapterTypeName="Microsoft.VisualStudio.TestTools.TestTypes.Unit.UnitTestAdapter" className="MS.VS.Services.Cloud.L0.Tests.ResourceGovernance.ResourceExtensionTests" name="ResourceExtensionTests_IPV6AddressRange_In" />
    </UnitTest>
    <UnitTest name="ResourceExtensionTests_IPV6AddressRange_Out" storage="d:\v2.0\a1\_work\dbded102\bin\release.anycpu\vssf.sdk\ms.vs.services.cloud.l0.tests\ms.vs.services.cloud.l0.tests.dll" id="b71c702d-b39b-1659-633f-71e59c7e09d0">
      <Owners>
        <Owner name="chad" />
      </Owners>
      <Execution id="4212d09a-777d-4775-9a4e-5c157dcfe0a8" />
      <TestMethod codeBase="D:\v2.0\A1\_work\dbded102\bin\Release.AnyCPU\Vssf.Sdk\MS.VS.Services.Cloud.L0.Tests\MS.VS.Services.Cloud.L0.Tests.dll" adapterTypeName="Microsoft.VisualStudio.TestTools.TestTypes.Unit.UnitTestAdapter" className="MS.VS.Services.Cloud.L0.Tests.ResourceGovernance.ResourceExtensionTests" name="ResourceExtensionTests_IPV6AddressRange_Out" />
    </UnitTest>
    <UnitTest name="ResourceExtensionTests_IPV6AddressRange_Start" storage="d:\v2.0\a1\_work\dbded102\bin\release.anycpu\vssf.sdk\ms.vs.services.cloud.l0.tests\ms.vs.services.cloud.l0.tests.dll" id="c2d13d1c-a1c5-7a28-85a9-556fbcd9496f">
      <Owners>
        <Owner name="chad" />
      </Owners>
      <Execution id="9d0100aa-4850-4938-b92c-f981f29ff76e" />
      <TestMethod codeBase="D:\v2.0\A1\_work\dbded102\bin\Release.AnyCPU\Vssf.Sdk\MS.VS.Services.Cloud.L0.Tests\MS.VS.Services.Cloud.L0.Tests.dll" adapterTypeName="Microsoft.VisualStudio.TestTools.TestTypes.Unit.UnitTestAdapter" className="MS.VS.Services.Cloud.L0.Tests.ResourceGovernance.ResourceExtensionTests" name="ResourceExtensionTests_IPV6AddressRange_Start" />
    </UnitTest>
    <UnitTest name="ResourceExtensionTests_IPV6AddressRange_End" storage="d:\v2.0\a1\_work\dbded102\bin\release.anycpu\vssf.sdk\ms.vs.services.cloud.l0.tests\ms.vs.services.cloud.l0.tests.dll" id="4dffe376-e66e-2acd-6c59-9a096d32c760">
      <Owners>
        <Owner name="chad" />
      </Owners>
      <Execution id="a8c33e35-ccdf-40d5-9e77-9f7d81ec1fe2" />
      <TestMethod codeBase="D:\v2.0\A1\_work\dbded102\bin\Release.AnyCPU\Vssf.Sdk\MS.VS.Services.Cloud.L0.Tests\MS.VS.Services.Cloud.L0.Tests.dll" adapterTypeName="Microsoft.VisualStudio.TestTools.TestTypes.Unit.UnitTestAdapter" className="MS.VS.Services.Cloud.L0.Tests.ResourceGovernance.ResourceExtensionTests" name="ResourceExtensionTests_IPV6AddressRange_End" />
    </UnitTest>
    <UnitTest name="ResourceUtilizationServiceTests_ServiceInterval" storage="d:\v2.0\a1\_work\dbded102\bin\release.anycpu\vssf.sdk\ms.vs.services.cloud.l0.tests\ms.vs.services.cloud.l0.tests.dll" id="ace5473f-deb6-0c0a-4ac2-c31accce8a07">
      <Owners>
        <Owner name="chad" />
      </Owners>
      <Execution id="2fb151d3-7067-4f80-a39c-210e9c4e480d" />
      <TestMethod codeBase="D:\v2.0\A1\_work\dbded102\bin\Release.AnyCPU\Vssf.Sdk\MS.VS.Services.Cloud.L0.Tests\MS.VS.Services.Cloud.L0.Tests.dll" adapterTypeName="Microsoft.VisualStudio.TestTools.TestTypes.Unit.UnitTestAdapter" className="MS.VS.Services.Cloud.L0.Tests.ResourceGovernance.ResourceUtilizationServiceTests" name="ResourceUtilizationServiceTests_ServiceInterval" />
    </UnitTest>
    <UnitTest name="ResourceUtilizationServiceTests_ResourceInterval" storage="d:\v2.0\a1\_work\dbded102\bin\release.anycpu\vssf.sdk\ms.vs.services.cloud.l0.tests\ms.vs.services.cloud.l0.tests.dll" id="0e8f6d97-bf53-d22b-650b-240bfc8c7641">
      <Owners>
        <Owner name="chad" />
      </Owners>
      <Execution id="12f225c0-449d-44cd-9052-2bad338d1e3e" />
      <TestMethod codeBase="D:\v2.0\A1\_work\dbded102\bin\Release.AnyCPU\Vssf.Sdk\MS.VS.Services.Cloud.L0.Tests\MS.VS.Services.Cloud.L0.Tests.dll" adapterTypeName="Microsoft.VisualStudio.TestTools.TestTypes.Unit.UnitTestAdapter" className="MS.VS.Services.Cloud.L0.Tests.ResourceGovernance.ResourceUtilizationServiceTests" name="ResourceUtilizationServiceTests_ResourceInterval" />
    </UnitTest>
    <UnitTest name="ResourceUtilizationServiceTests_DefaultThreshold" storage="d:\v2.0\a1\_work\dbded102\bin\release.anycpu\vssf.sdk\ms.vs.services.cloud.l0.tests\ms.vs.services.cloud.l0.tests.dll" id="5091221f-3e0e-cf41-3455-2ab4c026629d">
      <Owners>
        <Owner name="chad" />
      </Owners>
      <Execution id="33b513ba-8c51-4539-9385-8eb954ff240f" />
      <TestMethod codeBase="D:\v2.0\A1\_work\dbded102\bin\Release.AnyCPU\Vssf.Sdk\MS.VS.Services.Cloud.L0.Tests\MS.VS.Services.Cloud.L0.Tests.dll" adapterTypeName="Microsoft.VisualStudio.TestTools.TestTypes.Unit.UnitTestAdapter" className="MS.VS.Services.Cloud.L0.Tests.ResourceGovernance.ResourceUtilizationServiceTests" name="ResourceUtilizationServiceTests_DefaultThreshold" />
    </UnitTest>
    <UnitTest name="ResourceUtilizationServiceTests_OverriddenThreshold" storage="d:\v2.0\a1\_work\dbded102\bin\release.anycpu\vssf.sdk\ms.vs.services.cloud.l0.tests\ms.vs.services.cloud.l0.tests.dll" id="4f33a5cc-3a69-5b42-dc07-02c4b8c754c0">
      <Owners>
        <Owner name="chad" />
      </Owners>
      <Execution id="a50dc3cd-3030-488e-afe8-5c4b9d29a348" />
      <TestMethod codeBase="D:\v2.0\A1\_work\dbded102\bin\Release.AnyCPU\Vssf.Sdk\MS.VS.Services.Cloud.L0.Tests\MS.VS.Services.Cloud.L0.Tests.dll" adapterTypeName="Microsoft.VisualStudio.TestTools.TestTypes.Unit.UnitTestAdapter" className="MS.VS.Services.Cloud.L0.Tests.ResourceGovernance.ResourceUtilizationServiceTests" name="ResourceUtilizationServiceTests_OverriddenThreshold" />
    </UnitTest>
    <UnitTest name="ResourceUtilizationServiceTests_SpecificThreshold" storage="d:\v2.0\a1\_work\dbded102\bin\release.anycpu\vssf.sdk\ms.vs.services.cloud.l0.tests\ms.vs.services.cloud.l0.tests.dll" id="af73583d-a40f-a63a-0e5d-d1e7fe681ea5">
      <Owners>
        <Owner name="chad" />
      </Owners>
      <Execution id="e692ccdc-5ddd-4168-90ce-c73a0f9263a7" />
      <TestMethod codeBase="D:\v2.0\A1\_work\dbded102\bin\Release.AnyCPU\Vssf.Sdk\MS.VS.Services.Cloud.L0.Tests\MS.VS.Services.Cloud.L0.Tests.dll" adapterTypeName="Microsoft.VisualStudio.TestTools.TestTypes.Unit.UnitTestAdapter" className="MS.VS.Services.Cloud.L0.Tests.ResourceGovernance.ResourceUtilizationServiceTests" name="ResourceUtilizationServiceTests_SpecificThreshold" />
    </UnitTest>
    <UnitTest name="ResourceUtilizationServiceTests_Whitelist" storage="d:\v2.0\a1\_work\dbded102\bin\release.anycpu\vssf.sdk\ms.vs.services.cloud.l0.tests\ms.vs.services.cloud.l0.tests.dll" id="b1030b8d-a2fd-d47c-ce62-d21cdb6c960c">
      <Owners>
        <Owner name="chad" />
      </Owners>
      <Execution id="9536187b-67ae-4cb5-b3a1-1bccce4bd206" />
      <TestMethod codeBase="D:\v2.0\A1\_work\dbded102\bin\Release.AnyCPU\Vssf.Sdk\MS.VS.Services.Cloud.L0.Tests\MS.VS.Services.Cloud.L0.Tests.dll" adapterTypeName="Microsoft.VisualStudio.TestTools.TestTypes.Unit.UnitTestAdapter" className="MS.VS.Services.Cloud.L0.Tests.ResourceGovernance.ResourceUtilizationServiceTests" name="ResourceUtilizationServiceTests_Whitelist" />
    </UnitTest>
    <UnitTest name="ResourceUtilizationServiceTests_GetTarpitDelay" storage="d:\v2.0\a1\_work\dbded102\bin\release.anycpu\vssf.sdk\ms.vs.services.cloud.l0.tests\ms.vs.services.cloud.l0.tests.dll" id="978a7d75-a081-7b33-b36e-87d2aabad5f1">
      <Owners>
        <Owner name="chad" />
      </Owners>
      <Execution id="166039e6-ea0c-402b-ac77-21f58bb70f23" />
      <TestMethod codeBase="D:\v2.0\A1\_work\dbded102\bin\Release.AnyCPU\Vssf.Sdk\MS.VS.Services.Cloud.L0.Tests\MS.VS.Services.Cloud.L0.Tests.dll" adapterTypeName="Microsoft.VisualStudio.TestTools.TestTypes.Unit.UnitTestAdapter" className="MS.VS.Services.Cloud.L0.Tests.ResourceGovernance.ResourceUtilizationServiceTests" name="ResourceUtilizationServiceTests_GetTarpitDelay" />
    </UnitTest>
    <UnitTest name="ResourceUtilizationServiceTests_GetTarpitDelayWhileWhitelisted" storage="d:\v2.0\a1\_work\dbded102\bin\release.anycpu\vssf.sdk\ms.vs.services.cloud.l0.tests\ms.vs.services.cloud.l0.tests.dll" id="4e527c04-1067-f88f-7797-ac1b4d6ee04b">
      <Owners>
        <Owner name="chad" />
      </Owners>
      <Execution id="c81a7449-86c7-4f95-ac21-42f26f2196eb" />
      <TestMethod codeBase="D:\v2.0\A1\_work\dbded102\bin\Release.AnyCPU\Vssf.Sdk\MS.VS.Services.Cloud.L0.Tests\MS.VS.Services.Cloud.L0.Tests.dll" adapterTypeName="Microsoft.VisualStudio.TestTools.TestTypes.Unit.UnitTestAdapter" className="MS.VS.Services.Cloud.L0.Tests.ResourceGovernance.ResourceUtilizationServiceTests" name="ResourceUtilizationServiceTests_GetTarpitDelayWhileWhitelisted" />
    </UnitTest>
    <UnitTest name="ResourceUtilizationServiceTests_IncrementResources" storage="d:\v2.0\a1\_work\dbded102\bin\release.anycpu\vssf.sdk\ms.vs.services.cloud.l0.tests\ms.vs.services.cloud.l0.tests.dll" id="bfda1256-050d-ad41-5990-8795e96c1dc5">
      <Owners>
        <Owner name="chad" />
      </Owners>
      <Execution id="636ec336-8144-403d-92ef-61b969bac604" />
      <TestMethod codeBase="D:\v2.0\A1\_work\dbded102\bin\Release.AnyCPU\Vssf.Sdk\MS.VS.Services.Cloud.L0.Tests\MS.VS.Services.Cloud.L0.Tests.dll" adapterTypeName="Microsoft.VisualStudio.TestTools.TestTypes.Unit.UnitTestAdapter" className="MS.VS.Services.Cloud.L0.Tests.ResourceGovernance.ResourceUtilizationServiceTests" name="ResourceUtilizationServiceTests_IncrementResources" />
    </UnitTest>
    <UnitTest name="ResourceUtilizationServiceTests_DecrementResources" storage="d:\v2.0\a1\_work\dbded102\bin\release.anycpu\vssf.sdk\ms.vs.services.cloud.l0.tests\ms.vs.services.cloud.l0.tests.dll" id="e9679376-531a-7930-02cf-97a929f004c6">
      <Owners>
        <Owner name="chad" />
      </Owners>
      <Execution id="b94b4b27-3b90-444b-b0a8-03ca4b6d99cd" />
      <TestMethod codeBase="D:\v2.0\A1\_work\dbded102\bin\Release.AnyCPU\Vssf.Sdk\MS.VS.Services.Cloud.L0.Tests\MS.VS.Services.Cloud.L0.Tests.dll" adapterTypeName="Microsoft.VisualStudio.TestTools.TestTypes.Unit.UnitTestAdapter" className="MS.VS.Services.Cloud.L0.Tests.ResourceGovernance.ResourceUtilizationServiceTests" name="ResourceUtilizationServiceTests_DecrementResources" />
    </UnitTest>
    <UnitTest name="ResourceUtilizationServiceTests_IncrementResourcesWhileWhitelisted" storage="d:\v2.0\a1\_work\dbded102\bin\release.anycpu\vssf.sdk\ms.vs.services.cloud.l0.tests\ms.vs.services.cloud.l0.tests.dll" id="744bd042-6a27-ae5b-7452-0762aea5525f">
      <Owners>
        <Owner name="chad" />
      </Owners>
      <Execution id="5196201b-2f01-40c4-a153-3ea9b5dcb27e" />
      <TestMethod codeBase="D:\v2.0\A1\_work\dbded102\bin\Release.AnyCPU\Vssf.Sdk\MS.VS.Services.Cloud.L0.Tests\MS.VS.Services.Cloud.L0.Tests.dll" adapterTypeName="Microsoft.VisualStudio.TestTools.TestTypes.Unit.UnitTestAdapter" className="MS.VS.Services.Cloud.L0.Tests.ResourceGovernance.ResourceUtilizationServiceTests" name="ResourceUtilizationServiceTests_IncrementResourcesWhileWhitelisted" />
    </UnitTest>
    <UnitTest name="ResourceUtilizationServiceTests_CheckResourceStates" storage="d:\v2.0\a1\_work\dbded102\bin\release.anycpu\vssf.sdk\ms.vs.services.cloud.l0.tests\ms.vs.services.cloud.l0.tests.dll" id="c7cbe6fd-d4ad-c827-0d9a-82fff8afc7f0">
      <Owners>
        <Owner name="chad" />
      </Owners>
      <Execution id="b9faaf8d-8a10-48d8-8e36-349ce462e995" />
      <TestMethod codeBase="D:\v2.0\A1\_work\dbded102\bin\Release.AnyCPU\Vssf.Sdk\MS.VS.Services.Cloud.L0.Tests\MS.VS.Services.Cloud.L0.Tests.dll" adapterTypeName="Microsoft.VisualStudio.TestTools.TestTypes.Unit.UnitTestAdapter" className="MS.VS.Services.Cloud.L0.Tests.ResourceGovernance.ResourceUtilizationServiceTests" name="ResourceUtilizationServiceTests_CheckResourceStates" />
    </UnitTest>
    <UnitTest name="ResourceUtilizationServiceTests_CheckResourceStatesWhileWhitelisted" storage="d:\v2.0\a1\_work\dbded102\bin\release.anycpu\vssf.sdk\ms.vs.services.cloud.l0.tests\ms.vs.services.cloud.l0.tests.dll" id="57c627ba-527d-8eaf-37b1-79bce0e357d5">
      <Owners>
        <Owner name="chad" />
      </Owners>
      <Execution id="7aeb79cc-bb57-4812-bebd-ec124a0d0c99" />
      <TestMethod codeBase="D:\v2.0\A1\_work\dbded102\bin\Release.AnyCPU\Vssf.Sdk\MS.VS.Services.Cloud.L0.Tests\MS.VS.Services.Cloud.L0.Tests.dll" adapterTypeName="Microsoft.VisualStudio.TestTools.TestTypes.Unit.UnitTestAdapter" className="MS.VS.Services.Cloud.L0.Tests.ResourceGovernance.ResourceUtilizationServiceTests" name="ResourceUtilizationServiceTests_CheckResourceStatesWhileWhitelisted" />
    </UnitTest>
    <UnitTest name="ResourceUtilizationServiceTests_ScheduleIncrementPreMethodResourcesTask" storage="d:\v2.0\a1\_work\dbded102\bin\release.anycpu\vssf.sdk\ms.vs.services.cloud.l0.tests\ms.vs.services.cloud.l0.tests.dll" id="335f1349-a1e6-ab4f-7197-7f860586d663">
      <Owners>
        <Owner name="chad" />
      </Owners>
      <Execution id="f31587d3-9fa1-4f4c-b506-63f296d452d2" />
      <TestMethod codeBase="D:\v2.0\A1\_work\dbded102\bin\Release.AnyCPU\Vssf.Sdk\MS.VS.Services.Cloud.L0.Tests\MS.VS.Services.Cloud.L0.Tests.dll" adapterTypeName="Microsoft.VisualStudio.TestTools.TestTypes.Unit.UnitTestAdapter" className="MS.VS.Services.Cloud.L0.Tests.ResourceGovernance.ResourceUtilizationServiceTests" name="ResourceUtilizationServiceTests_ScheduleIncrementPreMethodResourcesTask" />
    </UnitTest>
    <UnitTest name="ResourceUtilizationServiceTests_ScheduleIncrementPostMethodResourcesTask" storage="d:\v2.0\a1\_work\dbded102\bin\release.anycpu\vssf.sdk\ms.vs.services.cloud.l0.tests\ms.vs.services.cloud.l0.tests.dll" id="add9269e-cd8b-6abc-f8a2-6b670cf6876c">
      <Owners>
        <Owner name="chad" />
      </Owners>
      <Execution id="a62fd2c6-dd77-4990-a8fe-91268147b164" />
      <TestMethod codeBase="D:\v2.0\A1\_work\dbded102\bin\Release.AnyCPU\Vssf.Sdk\MS.VS.Services.Cloud.L0.Tests\MS.VS.Services.Cloud.L0.Tests.dll" adapterTypeName="Microsoft.VisualStudio.TestTools.TestTypes.Unit.UnitTestAdapter" className="MS.VS.Services.Cloud.L0.Tests.ResourceGovernance.ResourceUtilizationServiceTests" name="ResourceUtilizationServiceTests_ScheduleIncrementPostMethodResourcesTask" />
    </UnitTest>
    <UnitTest name="ResourceUtilizationServiceTests_ScheduleIncrementResourcesTaskWhileWhitelisted" storage="d:\v2.0\a1\_work\dbded102\bin\release.anycpu\vssf.sdk\ms.vs.services.cloud.l0.tests\ms.vs.services.cloud.l0.tests.dll" id="68810a5a-8adc-07a0-e370-f9f81928b79a">
      <Owners>
        <Owner name="chad" />
      </Owners>
      <Execution id="fd36ce4e-fdde-4fff-a953-64bdce3cabf6" />
      <TestMethod codeBase="D:\v2.0\A1\_work\dbded102\bin\Release.AnyCPU\Vssf.Sdk\MS.VS.Services.Cloud.L0.Tests\MS.VS.Services.Cloud.L0.Tests.dll" adapterTypeName="Microsoft.VisualStudio.TestTools.TestTypes.Unit.UnitTestAdapter" className="MS.VS.Services.Cloud.L0.Tests.ResourceGovernance.ResourceUtilizationServiceTests" name="ResourceUtilizationServiceTests_ScheduleIncrementResourcesTaskWhileWhitelisted" />
    </UnitTest>
    <UnitTest name="ResourceUtilizationServiceTests_UpdateResourceStateOnIncrement" storage="d:\v2.0\a1\_work\dbded102\bin\release.anycpu\vssf.sdk\ms.vs.services.cloud.l0.tests\ms.vs.services.cloud.l0.tests.dll" id="27313b57-5966-990a-0032-0af3295e7742">
      <Owners>
        <Owner name="chad" />
      </Owners>
      <Execution id="c4468c2a-c322-4c85-8267-11f413de0eef" />
      <TestMethod codeBase="D:\v2.0\A1\_work\dbded102\bin\Release.AnyCPU\Vssf.Sdk\MS.VS.Services.Cloud.L0.Tests\MS.VS.Services.Cloud.L0.Tests.dll" adapterTypeName="Microsoft.VisualStudio.TestTools.TestTypes.Unit.UnitTestAdapter" className="MS.VS.Services.Cloud.L0.Tests.ResourceGovernance.ResourceUtilizationServiceTests" name="ResourceUtilizationServiceTests_UpdateResourceStateOnIncrement" />
    </UnitTest>
    <UnitTest name="ResourceUtilizationServiceTests_UpdateResourceStateOnChange" storage="d:\v2.0\a1\_work\dbded102\bin\release.anycpu\vssf.sdk\ms.vs.services.cloud.l0.tests\ms.vs.services.cloud.l0.tests.dll" id="42fb91ae-b616-4e6b-d23f-4f6f31c49e7f">
      <Owners>
        <Owner name="chad" />
      </Owners>
      <Execution id="9cef5715-638f-4699-8240-a8f743491c5f" />
      <TestMethod codeBase="D:\v2.0\A1\_work\dbded102\bin\Release.AnyCPU\Vssf.Sdk\MS.VS.Services.Cloud.L0.Tests\MS.VS.Services.Cloud.L0.Tests.dll" adapterTypeName="Microsoft.VisualStudio.TestTools.TestTypes.Unit.UnitTestAdapter" className="MS.VS.Services.Cloud.L0.Tests.ResourceGovernance.ResourceUtilizationServiceTests" name="ResourceUtilizationServiceTests_UpdateResourceStateOnChange" />
    </UnitTest>
    <UnitTest name="MessageBusSubscriberJobExtensionTests_BasicTest" storage="d:\v2.0\a1\_work\dbded102\bin\release.anycpu\vssf.sdk\ms.vs.services.cloud.l0.tests\ms.vs.services.cloud.l0.tests.dll" id="8ede5ba8-ad2e-b676-d428-888c133113c5">
      <Execution id="5d2b6048-a4d1-4661-9b27-cd50390eef23" />
      <TestMethod codeBase="D:\v2.0\A1\_work\dbded102\bin\Release.AnyCPU\Vssf.Sdk\MS.VS.Services.Cloud.L0.Tests\MS.VS.Services.Cloud.L0.Tests.dll" adapterTypeName="Microsoft.VisualStudio.TestTools.TestTypes.Unit.UnitTestAdapter" className="MS.VS.Services.Cloud.L0.Tests.MessageBus.MessageBusSubscriberJobExtensionTests" name="MessageBusSubscriberJobExtensionTests_BasicTest" />
    </UnitTest>
    <UnitTest name="MessageBusSubscriberJobExtensionTests_GoodBadTest" storage="d:\v2.0\a1\_work\dbded102\bin\release.anycpu\vssf.sdk\ms.vs.services.cloud.l0.tests\ms.vs.services.cloud.l0.tests.dll" id="5412991d-03ac-0439-18c6-4b0f0ae6ee8e">
      <Execution id="38578567-3af9-4a93-b1c1-568aa79b68e8" />
      <TestMethod codeBase="D:\v2.0\A1\_work\dbded102\bin\Release.AnyCPU\Vssf.Sdk\MS.VS.Services.Cloud.L0.Tests\MS.VS.Services.Cloud.L0.Tests.dll" adapterTypeName="Microsoft.VisualStudio.TestTools.TestTypes.Unit.UnitTestAdapter" className="MS.VS.Services.Cloud.L0.Tests.MessageBus.MessageBusSubscriberJobExtensionTests" name="MessageBusSubscriberJobExtensionTests_GoodBadTest" />
    </UnitTest>
    <UnitTest name="ServiceBusCredentialsNoValue" storage="d:\v2.0\a1\_work\dbded102\bin\release.anycpu\vssf.sdk\ms.vs.services.cloud.l0.tests\ms.vs.services.cloud.l0.tests.dll" id="b5e6fc1b-1d06-f2ae-9587-b8600edccccb">
      <Execution id="1b139d46-82b6-4905-b502-1585fa13ea64" />
      <TestMethod codeBase="D:\v2.0\A1\_work\dbded102\bin\Release.AnyCPU\Vssf.Sdk\MS.VS.Services.Cloud.L0.Tests\MS.VS.Services.Cloud.L0.Tests.dll" adapterTypeName="Microsoft.VisualStudio.TestTools.TestTypes.Unit.UnitTestAdapter" className="MS.VS.Services.Cloud.L0.Tests.MessageBus.ServiceBusCredentialsTests" name="ServiceBusCredentialsNoValue" />
    </UnitTest>
    <UnitTest name="ServiceBusCredentialsBadValueFlaggedAsNoValue" storage="d:\v2.0\a1\_work\dbded102\bin\release.anycpu\vssf.sdk\ms.vs.services.cloud.l0.tests\ms.vs.services.cloud.l0.tests.dll" id="8ebd7fc2-656a-196f-54a6-037341d668d3">
      <Execution id="5f55f4ef-b151-48c4-9aa1-01fe26d73de0" />
      <TestMethod codeBase="D:\v2.0\A1\_work\dbded102\bin\Release.AnyCPU\Vssf.Sdk\MS.VS.Services.Cloud.L0.Tests\MS.VS.Services.Cloud.L0.Tests.dll" adapterTypeName="Microsoft.VisualStudio.TestTools.TestTypes.Unit.UnitTestAdapter" className="MS.VS.Services.Cloud.L0.Tests.MessageBus.ServiceBusCredentialsTests" name="ServiceBusCredentialsBadValueFlaggedAsNoValue" />
    </UnitTest>
    <UnitTest name="ServiceBusCredentialsTestWithoutFallBackPresent" storage="d:\v2.0\a1\_work\dbded102\bin\release.anycpu\vssf.sdk\ms.vs.services.cloud.l0.tests\ms.vs.services.cloud.l0.tests.dll" id="d3e388a3-8fcd-c026-f98a-5282e4d68c27">
      <Execution id="dbf2eae2-3aaa-47e0-8162-db8e65832abf" />
      <TestMethod codeBase="D:\v2.0\A1\_work\dbded102\bin\Release.AnyCPU\Vssf.Sdk\MS.VS.Services.Cloud.L0.Tests\MS.VS.Services.Cloud.L0.Tests.dll" adapterTypeName="Microsoft.VisualStudio.TestTools.TestTypes.Unit.UnitTestAdapter" className="MS.VS.Services.Cloud.L0.Tests.MessageBus.ServiceBusCredentialsTests" name="ServiceBusCredentialsTestWithoutFallBackPresent" />
    </UnitTest>
    <UnitTest name="ServiceBusCredentialsDefaultsToSAS" storage="d:\v2.0\a1\_work\dbded102\bin\release.anycpu\vssf.sdk\ms.vs.services.cloud.l0.tests\ms.vs.services.cloud.l0.tests.dll" id="6870a974-0a65-40f4-c0cf-f1a7f6c9de68">
      <Execution id="f190eac7-4ff1-4d70-b9f2-c49c1c583a7f" />
      <TestMethod codeBase="D:\v2.0\A1\_work\dbded102\bin\Release.AnyCPU\Vssf.Sdk\MS.VS.Services.Cloud.L0.Tests\MS.VS.Services.Cloud.L0.Tests.dll" adapterTypeName="Microsoft.VisualStudio.TestTools.TestTypes.Unit.UnitTestAdapter" className="MS.VS.Services.Cloud.L0.Tests.MessageBus.ServiceBusCredentialsTests" name="ServiceBusCredentialsDefaultsToSAS" />
    </UnitTest>
    <UnitTest name="ServiceBusCredentialsFallBackToACS" storage="d:\v2.0\a1\_work\dbded102\bin\release.anycpu\vssf.sdk\ms.vs.services.cloud.l0.tests\ms.vs.services.cloud.l0.tests.dll" id="f9b51599-d193-9a90-33ec-1e2c68fabaeb">
      <Execution id="bfda2ea7-052c-445e-a751-4fcdc34e98e0" />
      <TestMethod codeBase="D:\v2.0\A1\_work\dbded102\bin\Release.AnyCPU\Vssf.Sdk\MS.VS.Services.Cloud.L0.Tests\MS.VS.Services.Cloud.L0.Tests.dll" adapterTypeName="Microsoft.VisualStudio.TestTools.TestTypes.Unit.UnitTestAdapter" className="MS.VS.Services.Cloud.L0.Tests.MessageBus.ServiceBusCredentialsTests" name="ServiceBusCredentialsFallBackToACS" />
    </UnitTest>
    <UnitTest name="ExecuteTableOperationTestFailCBAndCheckForFallback" storage="d:\v2.0\a1\_work\dbded102\bin\release.anycpu\vssf.sdk\ms.vs.services.cloud.l0.tests\ms.vs.services.cloud.l0.tests.dll" id="4ca21d14-eb44-f079-11a5-2a56076436bc">
      <Execution id="49467fda-f3ec-40a9-bb38-ab0f335cf488" />
      <TestMethod codeBase="D:\v2.0\A1\_work\dbded102\bin\Release.AnyCPU\Vssf.Sdk\MS.VS.Services.Cloud.L0.Tests\MS.VS.Services.Cloud.L0.Tests.dll" adapterTypeName="Microsoft.VisualStudio.TestTools.TestTypes.Unit.UnitTestAdapter" className="MS.VS.Services.Cloud.L0.Tests.AzureBlobProvider.AzureTableProviderTests" name="ExecuteTableOperationTestFailCBAndCheckForFallback" />
    </UnitTest>
    <UnitTest name="ExecuteTableQueryTestFailCBAndCheckForFallback" storage="d:\v2.0\a1\_work\dbded102\bin\release.anycpu\vssf.sdk\ms.vs.services.cloud.l0.tests\ms.vs.services.cloud.l0.tests.dll" id="943fea02-d051-66d7-37b5-7c21b3630b2f">
      <Execution id="843a373f-efe1-4df1-905d-d1c43135beb0" />
      <TestMethod codeBase="D:\v2.0\A1\_work\dbded102\bin\Release.AnyCPU\Vssf.Sdk\MS.VS.Services.Cloud.L0.Tests\MS.VS.Services.Cloud.L0.Tests.dll" adapterTypeName="Microsoft.VisualStudio.TestTools.TestTypes.Unit.UnitTestAdapter" className="MS.VS.Services.Cloud.L0.Tests.AzureBlobProvider.AzureTableProviderTests" name="ExecuteTableQueryTestFailCBAndCheckForFallback" />
    </UnitTest>
    <UnitTest name="ExecuteTableQuerySegmentedTestFailCBAndCheckForFallback" storage="d:\v2.0\a1\_work\dbded102\bin\release.anycpu\vssf.sdk\ms.vs.services.cloud.l0.tests\ms.vs.services.cloud.l0.tests.dll" id="c9687d44-ef7f-22b9-bcf0-016902a51d98">
      <Execution id="132ebc84-ca13-48bf-9285-08b60f3d16f8" />
      <TestMethod codeBase="D:\v2.0\A1\_work\dbded102\bin\Release.AnyCPU\Vssf.Sdk\MS.VS.Services.Cloud.L0.Tests\MS.VS.Services.Cloud.L0.Tests.dll" adapterTypeName="Microsoft.VisualStudio.TestTools.TestTypes.Unit.UnitTestAdapter" className="MS.VS.Services.Cloud.L0.Tests.AzureBlobProvider.AzureTableProviderTests" name="ExecuteTableQuerySegmentedTestFailCBAndCheckForFallback" />
    </UnitTest>
    <UnitTest name="AadVirtualScope_DeploymentLevel" storage="d:\v2.0\a1\_work\dbded102\bin\release.anycpu\vssf.sdk\ms.vs.services.cloud.l0.tests\ms.vs.services.cloud.l0.tests.dll" id="b2fa13f0-9b31-3abe-ae3a-beaef8994004">
      <Owners>
        <Owner name="vscsauthztest" />
      </Owners>
      <Execution id="8f6ae1a5-b59e-41c9-a3e3-c0e07f92cc26" />
      <TestMethod codeBase="D:\v2.0\A1\_work\dbded102\bin\Release.AnyCPU\Vssf.Sdk\MS.VS.Services.Cloud.L0.Tests\MS.VS.Services.Cloud.L0.Tests.dll" adapterTypeName="Microsoft.VisualStudio.TestTools.TestTypes.Unit.UnitTestAdapter" className="MS.VS.Services.Cloud.L0.Tests.Aad.AadVirtualScopeTests" name="AadVirtualScope_DeploymentLevel" />
    </UnitTest>
    <UnitTest name="AadVirtualScope_UnknownList" storage="d:\v2.0\a1\_work\dbded102\bin\release.anycpu\vssf.sdk\ms.vs.services.cloud.l0.tests\ms.vs.services.cloud.l0.tests.dll" id="41e7e493-e583-4a52-e5d2-6ac0ac85030e">
      <Owners>
        <Owner name="vscsauthztest" />
      </Owners>
      <Execution id="01d28d2e-c534-44a1-bfe6-fe27fd323cfb" />
      <TestMethod codeBase="D:\v2.0\A1\_work\dbded102\bin\Release.AnyCPU\Vssf.Sdk\MS.VS.Services.Cloud.L0.Tests\MS.VS.Services.Cloud.L0.Tests.dll" adapterTypeName="Microsoft.VisualStudio.TestTools.TestTypes.Unit.UnitTestAdapter" className="MS.VS.Services.Cloud.L0.Tests.Aad.AadVirtualScopeTests" name="AadVirtualScope_UnknownList" />
    </UnitTest>
    <UnitTest name="AadVirtualScope_UnknownListWithDuplicates" storage="d:\v2.0\a1\_work\dbded102\bin\release.anycpu\vssf.sdk\ms.vs.services.cloud.l0.tests\ms.vs.services.cloud.l0.tests.dll" id="245e703a-ee62-7a16-2dc6-1bd011e743cc">
      <Owners>
        <Owner name="vscsauthztest" />
      </Owners>
      <Execution id="53ad0986-723a-405f-9a5b-523cff2878f2" />
      <TestMethod codeBase="D:\v2.0\A1\_work\dbded102\bin\Release.AnyCPU\Vssf.Sdk\MS.VS.Services.Cloud.L0.Tests\MS.VS.Services.Cloud.L0.Tests.dll" adapterTypeName="Microsoft.VisualStudio.TestTools.TestTypes.Unit.UnitTestAdapter" className="MS.VS.Services.Cloud.L0.Tests.Aad.AadVirtualScopeTests" name="AadVirtualScope_UnknownListWithDuplicates" />
    </UnitTest>
    <UnitTest name="AadVirtualScope_UserList" storage="d:\v2.0\a1\_work\dbded102\bin\release.anycpu\vssf.sdk\ms.vs.services.cloud.l0.tests\ms.vs.services.cloud.l0.tests.dll" id="758ebca3-1380-15f3-78c9-d85d0fd183fe">
      <Owners>
        <Owner name="vscsauthztest" />
      </Owners>
      <Execution id="df5e90c6-8af5-4f81-8064-3d6b98fca4f3" />
      <TestMethod codeBase="D:\v2.0\A1\_work\dbded102\bin\Release.AnyCPU\Vssf.Sdk\MS.VS.Services.Cloud.L0.Tests\MS.VS.Services.Cloud.L0.Tests.dll" adapterTypeName="Microsoft.VisualStudio.TestTools.TestTypes.Unit.UnitTestAdapter" className="MS.VS.Services.Cloud.L0.Tests.Aad.AadVirtualScopeTests" name="AadVirtualScope_UserList" />
    </UnitTest>
    <UnitTest name="AadVirtualScope_GroupList" storage="d:\v2.0\a1\_work\dbded102\bin\release.anycpu\vssf.sdk\ms.vs.services.cloud.l0.tests\ms.vs.services.cloud.l0.tests.dll" id="a865c917-a260-020c-2cce-a568390ffb7b">
      <Owners>
        <Owner name="vscsauthztest" />
      </Owners>
      <Execution id="18dee6ee-80b9-43df-ab0b-93e949e51448" />
      <TestMethod codeBase="D:\v2.0\A1\_work\dbded102\bin\Release.AnyCPU\Vssf.Sdk\MS.VS.Services.Cloud.L0.Tests\MS.VS.Services.Cloud.L0.Tests.dll" adapterTypeName="Microsoft.VisualStudio.TestTools.TestTypes.Unit.UnitTestAdapter" className="MS.VS.Services.Cloud.L0.Tests.Aad.AadVirtualScopeTests" name="AadVirtualScope_GroupList" />
    </UnitTest>
    <UnitTest name="AadService_GetAncestorIds" storage="d:\v2.0\a1\_work\dbded102\bin\release.anycpu\vssf.sdk\ms.vs.services.cloud.l0.tests\ms.vs.services.cloud.l0.tests.dll" id="0f63e64b-71b6-f034-ba2c-82f9768396f0">
      <Owners>
        <Owner name="vscsauthztest" />
      </Owners>
      <Execution id="15365c49-f1cc-4ad8-a43b-120654556454" />
      <TestMethod codeBase="D:\v2.0\A1\_work\dbded102\bin\Release.AnyCPU\Vssf.Sdk\MS.VS.Services.Cloud.L0.Tests\MS.VS.Services.Cloud.L0.Tests.dll" adapterTypeName="Microsoft.VisualStudio.TestTools.TestTypes.Unit.UnitTestAdapter" className="MS.VS.Services.Cloud.L0.Tests.Aad.GetAncestorIdsTests" name="AadService_GetAncestorIds" />
    </UnitTest>
    <UnitTest name="AadService_GetDescendantIds_ExpandAll" storage="d:\v2.0\a1\_work\dbded102\bin\release.anycpu\vssf.sdk\ms.vs.services.cloud.l0.tests\ms.vs.services.cloud.l0.tests.dll" id="87734bd1-7453-5643-060a-be8e8bd1072a">
      <Owners>
        <Owner name="vscsauthztest" />
      </Owners>
      <Execution id="03bf8f00-0e17-4ae1-ad3d-5611ac7cd2df" />
      <TestMethod codeBase="D:\v2.0\A1\_work\dbded102\bin\Release.AnyCPU\Vssf.Sdk\MS.VS.Services.Cloud.L0.Tests\MS.VS.Services.Cloud.L0.Tests.dll" adapterTypeName="Microsoft.VisualStudio.TestTools.TestTypes.Unit.UnitTestAdapter" className="MS.VS.Services.Cloud.L0.Tests.Aad.GetDescendantIdsTests" name="AadService_GetDescendantIds_ExpandAll" />
    </UnitTest>
    <UnitTest name="AadService_GetDescendantIds_ExpandAll_MaxResultsFromRegistryUsed" storage="d:\v2.0\a1\_work\dbded102\bin\release.anycpu\vssf.sdk\ms.vs.services.cloud.l0.tests\ms.vs.services.cloud.l0.tests.dll" id="a8421760-a267-e87c-d835-c564dffc986a">
      <Owners>
        <Owner name="vscsauthztest" />
      </Owners>
      <Execution id="9e26774c-6d5b-4d7b-bf0c-fd969ae241c7" />
      <TestMethod codeBase="D:\v2.0\A1\_work\dbded102\bin\Release.AnyCPU\Vssf.Sdk\MS.VS.Services.Cloud.L0.Tests\MS.VS.Services.Cloud.L0.Tests.dll" adapterTypeName="Microsoft.VisualStudio.TestTools.TestTypes.Unit.UnitTestAdapter" className="MS.VS.Services.Cloud.L0.Tests.Aad.GetDescendantIdsTests" name="AadService_GetDescendantIds_ExpandAll_MaxResultsFromRegistryUsed" />
    </UnitTest>
    <UnitTest name="AadService_GetDescendantIds_ExpandAll_MaxResultsFromRequestUsed" storage="d:\v2.0\a1\_work\dbded102\bin\release.anycpu\vssf.sdk\ms.vs.services.cloud.l0.tests\ms.vs.services.cloud.l0.tests.dll" id="60d58d89-b494-7144-6ef9-cbf7dd98d0f6">
      <Owners>
        <Owner name="vscsauthztest" />
      </Owners>
      <Execution id="c991738d-9710-4ced-9b34-23e035c73c01" />
      <TestMethod codeBase="D:\v2.0\A1\_work\dbded102\bin\Release.AnyCPU\Vssf.Sdk\MS.VS.Services.Cloud.L0.Tests\MS.VS.Services.Cloud.L0.Tests.dll" adapterTypeName="Microsoft.VisualStudio.TestTools.TestTypes.Unit.UnitTestAdapter" className="MS.VS.Services.Cloud.L0.Tests.Aad.GetDescendantIdsTests" name="AadService_GetDescendantIds_ExpandAll_MaxResultsFromRequestUsed" />
    </UnitTest>
    <UnitTest name="AadService_GetDescendantIds_ExpandAll_MaxResultsBehaviorFromRegistryUsed" storage="d:\v2.0\a1\_work\dbded102\bin\release.anycpu\vssf.sdk\ms.vs.services.cloud.l0.tests\ms.vs.services.cloud.l0.tests.dll" id="ad4cb1b5-188f-d702-c256-0af346e6465c">
      <Owners>
        <Owner name="vscsauthztest" />
      </Owners>
      <Execution id="3a962fdc-481a-4bec-be3b-e766c95eb119" />
      <TestMethod codeBase="D:\v2.0\A1\_work\dbded102\bin\Release.AnyCPU\Vssf.Sdk\MS.VS.Services.Cloud.L0.Tests\MS.VS.Services.Cloud.L0.Tests.dll" adapterTypeName="Microsoft.VisualStudio.TestTools.TestTypes.Unit.UnitTestAdapter" className="MS.VS.Services.Cloud.L0.Tests.Aad.GetDescendantIdsTests" name="AadService_GetDescendantIds_ExpandAll_MaxResultsBehaviorFromRegistryUsed" />
    </UnitTest>
    <UnitTest name="AadService_GetDescendantIds_ExpandAll_MaxResultsBehaviorFromRequestUsed" storage="d:\v2.0\a1\_work\dbded102\bin\release.anycpu\vssf.sdk\ms.vs.services.cloud.l0.tests\ms.vs.services.cloud.l0.tests.dll" id="1f070e2c-2687-abc9-93c4-3687af0c0306">
      <Owners>
        <Owner name="vscsauthztest" />
      </Owners>
      <Execution id="b96f886e-eff4-40c9-aa6e-2c0847d83399" />
      <TestMethod codeBase="D:\v2.0\A1\_work\dbded102\bin\Release.AnyCPU\Vssf.Sdk\MS.VS.Services.Cloud.L0.Tests\MS.VS.Services.Cloud.L0.Tests.dll" adapterTypeName="Microsoft.VisualStudio.TestTools.TestTypes.Unit.UnitTestAdapter" className="MS.VS.Services.Cloud.L0.Tests.Aad.GetDescendantIdsTests" name="AadService_GetDescendantIds_ExpandAll_MaxResultsBehaviorFromRequestUsed" />
    </UnitTest>
    <UnitTest name="AadService_GetAncestors_WithMsaUser" storage="d:\v2.0\a1\_work\dbded102\bin\release.anycpu\vssf.sdk\ms.vs.services.cloud.l0.tests\ms.vs.services.cloud.l0.tests.dll" id="1ab8e3c3-eb02-30cd-c421-1fb25f8a28a1">
      <Owners>
        <Owner name="vscsauthztest" />
      </Owners>
      <Execution id="f304669b-a80c-4775-b76a-82e7ece9c898" />
      <TestMethod codeBase="D:\v2.0\A1\_work\dbded102\bin\Release.AnyCPU\Vssf.Sdk\MS.VS.Services.Cloud.L0.Tests\MS.VS.Services.Cloud.L0.Tests.dll" adapterTypeName="Microsoft.VisualStudio.TestTools.TestTypes.Unit.UnitTestAdapter" className="MS.VS.Services.Cloud.L0.Tests.Aad.GetAncestorsTests" name="AadService_GetAncestors_WithMsaUser" />
    </UnitTest>
    <UnitTest name="AadService_GetAncestors_WithAadUser" storage="d:\v2.0\a1\_work\dbded102\bin\release.anycpu\vssf.sdk\ms.vs.services.cloud.l0.tests\ms.vs.services.cloud.l0.tests.dll" id="ecfa2a7b-694d-ecd4-60f3-9b678d1a17a1">
      <Owners>
        <Owner name="vscsauthztest" />
      </Owners>
      <Execution id="4fe707a0-cb96-4ca0-afff-98b6b649e2bc" />
      <TestMethod codeBase="D:\v2.0\A1\_work\dbded102\bin\Release.AnyCPU\Vssf.Sdk\MS.VS.Services.Cloud.L0.Tests\MS.VS.Services.Cloud.L0.Tests.dll" adapterTypeName="Microsoft.VisualStudio.TestTools.TestTypes.Unit.UnitTestAdapter" className="MS.VS.Services.Cloud.L0.Tests.Aad.GetAncestorsTests" name="AadService_GetAncestors_WithAadUser" />
    </UnitTest>
    <UnitTest name="AadService_GetDescendants_WithVsoGroup" storage="d:\v2.0\a1\_work\dbded102\bin\release.anycpu\vssf.sdk\ms.vs.services.cloud.l0.tests\ms.vs.services.cloud.l0.tests.dll" id="3ef14c79-7cfb-06da-3d2f-cdf0bbabcd5d">
      <Owners>
        <Owner name="vscsauthztest" />
      </Owners>
      <Execution id="28346658-4cf2-4729-b819-0bb4d877684e" />
      <TestMethod codeBase="D:\v2.0\A1\_work\dbded102\bin\Release.AnyCPU\Vssf.Sdk\MS.VS.Services.Cloud.L0.Tests\MS.VS.Services.Cloud.L0.Tests.dll" adapterTypeName="Microsoft.VisualStudio.TestTools.TestTypes.Unit.UnitTestAdapter" className="MS.VS.Services.Cloud.L0.Tests.Aad.GetDescendantsTests" name="AadService_GetDescendants_WithVsoGroup" />
    </UnitTest>
    <UnitTest name="AadService_GetDescendants_WithAadGroup" storage="d:\v2.0\a1\_work\dbded102\bin\release.anycpu\vssf.sdk\ms.vs.services.cloud.l0.tests\ms.vs.services.cloud.l0.tests.dll" id="147b8cdd-0be9-fd46-0b42-0e241503fbb5">
      <Owners>
        <Owner name="vscsauthztest" />
      </Owners>
      <Execution id="5cfb6eee-a7bc-49a7-a548-14f6f5af69d5" />
      <TestMethod codeBase="D:\v2.0\A1\_work\dbded102\bin\Release.AnyCPU\Vssf.Sdk\MS.VS.Services.Cloud.L0.Tests\MS.VS.Services.Cloud.L0.Tests.dll" adapterTypeName="Microsoft.VisualStudio.TestTools.TestTypes.Unit.UnitTestAdapter" className="MS.VS.Services.Cloud.L0.Tests.Aad.GetDescendantsTests" name="AadService_GetDescendants_WithAadGroup" />
    </UnitTest>
    <UnitTest name="AadService_GetTenants_WithLiveId_NoGuestTenantFound" storage="d:\v2.0\a1\_work\dbded102\bin\release.anycpu\vssf.sdk\ms.vs.services.cloud.l0.tests\ms.vs.services.cloud.l0.tests.dll" id="f72ea436-dd89-9e95-52a7-a5bbc16fa459">
      <Owners>
        <Owner name="vscsauthztest" />
      </Owners>
      <Execution id="fd9155ab-c41b-4751-b955-f15890e950a3" />
      <TestMethod codeBase="D:\v2.0\A1\_work\dbded102\bin\Release.AnyCPU\Vssf.Sdk\MS.VS.Services.Cloud.L0.Tests\MS.VS.Services.Cloud.L0.Tests.dll" adapterTypeName="Microsoft.VisualStudio.TestTools.TestTypes.Unit.UnitTestAdapter" className="MS.VS.Services.Cloud.L0.Tests.Aad.GetTenantsTests" name="AadService_GetTenants_WithLiveId_NoGuestTenantFound" />
    </UnitTest>
    <UnitTest name="AadService_GetTenants_WithLiveId_OneGuestTenantFound" storage="d:\v2.0\a1\_work\dbded102\bin\release.anycpu\vssf.sdk\ms.vs.services.cloud.l0.tests\ms.vs.services.cloud.l0.tests.dll" id="d0902af0-b6c2-b833-80a6-84ff80351451">
      <Owners>
        <Owner name="vscsauthztest" />
      </Owners>
      <Execution id="77b97d61-66f3-401b-85dd-781c38d376a4" />
      <TestMethod codeBase="D:\v2.0\A1\_work\dbded102\bin\Release.AnyCPU\Vssf.Sdk\MS.VS.Services.Cloud.L0.Tests\MS.VS.Services.Cloud.L0.Tests.dll" adapterTypeName="Microsoft.VisualStudio.TestTools.TestTypes.Unit.UnitTestAdapter" className="MS.VS.Services.Cloud.L0.Tests.Aad.GetTenantsTests" name="AadService_GetTenants_WithLiveId_OneGuestTenantFound" />
    </UnitTest>
    <UnitTest name="AadService_GetTenants_WithOrgId_HomeTenantFound" storage="d:\v2.0\a1\_work\dbded102\bin\release.anycpu\vssf.sdk\ms.vs.services.cloud.l0.tests\ms.vs.services.cloud.l0.tests.dll" id="ea5d371b-7936-b90a-a0db-b940c1a565f8">
      <Owners>
        <Owner name="vscsauthztest" />
      </Owners>
      <Execution id="8b4d54ef-9074-415a-ba56-493aa09d7c90" />
      <TestMethod codeBase="D:\v2.0\A1\_work\dbded102\bin\Release.AnyCPU\Vssf.Sdk\MS.VS.Services.Cloud.L0.Tests\MS.VS.Services.Cloud.L0.Tests.dll" adapterTypeName="Microsoft.VisualStudio.TestTools.TestTypes.Unit.UnitTestAdapter" className="MS.VS.Services.Cloud.L0.Tests.Aad.GetTenantsTests" name="AadService_GetTenants_WithOrgId_HomeTenantFound" />
    </UnitTest>
    <UnitTest name="AadService_GetTenants_WithOrgId_HomeTenantAndGuestTenantFound" storage="d:\v2.0\a1\_work\dbded102\bin\release.anycpu\vssf.sdk\ms.vs.services.cloud.l0.tests\ms.vs.services.cloud.l0.tests.dll" id="14a0d3ab-aead-6420-fb99-75c0c0e21168">
      <Owners>
        <Owner name="vscsauthztest" />
      </Owners>
      <Execution id="709ee683-60d3-4e77-8964-3215aa39f21e" />
      <TestMethod codeBase="D:\v2.0\A1\_work\dbded102\bin\Release.AnyCPU\Vssf.Sdk\MS.VS.Services.Cloud.L0.Tests\MS.VS.Services.Cloud.L0.Tests.dll" adapterTypeName="Microsoft.VisualStudio.TestTools.TestTypes.Unit.UnitTestAdapter" className="MS.VS.Services.Cloud.L0.Tests.Aad.GetTenantsTests" name="AadService_GetTenants_WithOrgId_HomeTenantAndGuestTenantFound" />
    </UnitTest>
    <UnitTest name="AadService_GetTenant_TenantNotFound" storage="d:\v2.0\a1\_work\dbded102\bin\release.anycpu\vssf.sdk\ms.vs.services.cloud.l0.tests\ms.vs.services.cloud.l0.tests.dll" id="d50f8cbb-381f-bd6a-be9b-19e6c59425b0">
      <Owners>
        <Owner name="vscsauthztest" />
      </Owners>
      <Execution id="67498993-baf0-42f6-88c6-3235a723255b" />
      <TestMethod codeBase="D:\v2.0\A1\_work\dbded102\bin\Release.AnyCPU\Vssf.Sdk\MS.VS.Services.Cloud.L0.Tests\MS.VS.Services.Cloud.L0.Tests.dll" adapterTypeName="Microsoft.VisualStudio.TestTools.TestTypes.Unit.UnitTestAdapter" className="MS.VS.Services.Cloud.L0.Tests.Aad.GetTenantTests" name="AadService_GetTenant_TenantNotFound" />
    </UnitTest>
    <UnitTest name="AadService_GetTenant_TenantFound" storage="d:\v2.0\a1\_work\dbded102\bin\release.anycpu\vssf.sdk\ms.vs.services.cloud.l0.tests\ms.vs.services.cloud.l0.tests.dll" id="ba79429a-5e10-2877-c436-dd046b65c757">
      <Owners>
        <Owner name="vscsauthztest" />
      </Owners>
      <Execution id="2bce1bd0-c107-406b-970e-b992d79399e7" />
      <TestMethod codeBase="D:\v2.0\A1\_work\dbded102\bin\Release.AnyCPU\Vssf.Sdk\MS.VS.Services.Cloud.L0.Tests\MS.VS.Services.Cloud.L0.Tests.dll" adapterTypeName="Microsoft.VisualStudio.TestTools.TestTypes.Unit.UnitTestAdapter" className="MS.VS.Services.Cloud.L0.Tests.Aad.GetTenantTests" name="AadService_GetTenant_TenantFound" />
    </UnitTest>
    <UnitTest name="AadService_GetUserThumbnail_Throws_IfEmptyGuidIdentifier" storage="d:\v2.0\a1\_work\dbded102\bin\release.anycpu\vssf.sdk\ms.vs.services.cloud.l0.tests\ms.vs.services.cloud.l0.tests.dll" id="eebc404b-12b3-4fe5-a9d1-064f87e6d76c">
      <Owners>
        <Owner name="rapai" />
      </Owners>
      <Execution id="7bd909c2-0048-4df5-bdc3-5b1c6f810b68" />
      <TestMethod codeBase="D:\v2.0\A1\_work\dbded102\bin\Release.AnyCPU\Vssf.Sdk\MS.VS.Services.Cloud.L0.Tests\MS.VS.Services.Cloud.L0.Tests.dll" adapterTypeName="Microsoft.VisualStudio.TestTools.TestTypes.Unit.UnitTestAdapter" className="MS.VS.Services.Cloud.L0.Tests.Aad.GetUserThumbnailTests" name="AadService_GetUserThumbnail_Throws_IfEmptyGuidIdentifier" />
    </UnitTest>
    <UnitTest name="AadGraphClient_GetAncestorIds_NoAncestorsFound" storage="d:\v2.0\a1\_work\dbded102\bin\release.anycpu\vssf.sdk\ms.vs.services.cloud.l0.tests\ms.vs.services.cloud.l0.tests.dll" id="d1538a79-e97f-2008-abbd-b406bcade017">
      <Owners>
        <Owner name="vscsauthztest" />
      </Owners>
      <Execution id="8188dcb6-46f8-4bdc-b29c-64950a2ab185" />
      <TestMethod codeBase="D:\v2.0\A1\_work\dbded102\bin\Release.AnyCPU\Vssf.Sdk\MS.VS.Services.Cloud.L0.Tests\MS.VS.Services.Cloud.L0.Tests.dll" adapterTypeName="Microsoft.VisualStudio.TestTools.TestTypes.Unit.UnitTestAdapter" className="MS.VS.Services.Cloud.L0.Tests.Aad.Graph.GetAncestorIdsTests" name="AadGraphClient_GetAncestorIds_NoAncestorsFound" />
    </UnitTest>
    <UnitTest name="AadGraphClient_GetAncestorIds_MultipleAncestorsFound" storage="d:\v2.0\a1\_work\dbded102\bin\release.anycpu\vssf.sdk\ms.vs.services.cloud.l0.tests\ms.vs.services.cloud.l0.tests.dll" id="fd7bb329-52b5-87a8-99b9-fa3dceb44eb6">
      <Owners>
        <Owner name="vscsauthztest" />
      </Owners>
      <Execution id="a745bcfd-93b3-4609-803f-b6b06450db38" />
      <TestMethod codeBase="D:\v2.0\A1\_work\dbded102\bin\Release.AnyCPU\Vssf.Sdk\MS.VS.Services.Cloud.L0.Tests\MS.VS.Services.Cloud.L0.Tests.dll" adapterTypeName="Microsoft.VisualStudio.TestTools.TestTypes.Unit.UnitTestAdapter" className="MS.VS.Services.Cloud.L0.Tests.Aad.Graph.GetAncestorIdsTests" name="AadGraphClient_GetAncestorIds_MultipleAncestorsFound" />
    </UnitTest>
    <UnitTest name="AadGraphClient_GetAncestors_ObjectNotFound" storage="d:\v2.0\a1\_work\dbded102\bin\release.anycpu\vssf.sdk\ms.vs.services.cloud.l0.tests\ms.vs.services.cloud.l0.tests.dll" id="747f314e-9dc2-d341-2e93-b7e7cba6c82d">
      <Owners>
        <Owner name="vscsauthztest" />
      </Owners>
      <Execution id="70775b2a-64cf-48f9-af77-9644449a2ae5" />
      <TestMethod codeBase="D:\v2.0\A1\_work\dbded102\bin\Release.AnyCPU\Vssf.Sdk\MS.VS.Services.Cloud.L0.Tests\MS.VS.Services.Cloud.L0.Tests.dll" adapterTypeName="Microsoft.VisualStudio.TestTools.TestTypes.Unit.UnitTestAdapter" className="MS.VS.Services.Cloud.L0.Tests.Aad.Graph.GetAncestorsTests" name="AadGraphClient_GetAncestors_ObjectNotFound" />
    </UnitTest>
    <UnitTest name="AadGraphClient_GetAncestors_NoAncestorsFound" storage="d:\v2.0\a1\_work\dbded102\bin\release.anycpu\vssf.sdk\ms.vs.services.cloud.l0.tests\ms.vs.services.cloud.l0.tests.dll" id="a8d04625-5537-2ee2-6e78-854761edde6c">
      <Owners>
        <Owner name="vscsauthztest" />
      </Owners>
      <Execution id="88053ec9-d44c-47b9-9228-1975640b30eb" />
      <TestMethod codeBase="D:\v2.0\A1\_work\dbded102\bin\Release.AnyCPU\Vssf.Sdk\MS.VS.Services.Cloud.L0.Tests\MS.VS.Services.Cloud.L0.Tests.dll" adapterTypeName="Microsoft.VisualStudio.TestTools.TestTypes.Unit.UnitTestAdapter" className="MS.VS.Services.Cloud.L0.Tests.Aad.Graph.GetAncestorsTests" name="AadGraphClient_GetAncestors_NoAncestorsFound" />
    </UnitTest>
    <UnitTest name="AadGraphClient_GetAncestors_MultipleAncestorsFound" storage="d:\v2.0\a1\_work\dbded102\bin\release.anycpu\vssf.sdk\ms.vs.services.cloud.l0.tests\ms.vs.services.cloud.l0.tests.dll" id="1f9077ca-b645-90c9-b2b6-0fb1f438c598">
      <Owners>
        <Owner name="vscsauthztest" />
      </Owners>
      <Execution id="cfaa9acb-a66f-43c0-bf30-f22dcd5393f5" />
      <TestMethod codeBase="D:\v2.0\A1\_work\dbded102\bin\Release.AnyCPU\Vssf.Sdk\MS.VS.Services.Cloud.L0.Tests\MS.VS.Services.Cloud.L0.Tests.dll" adapterTypeName="Microsoft.VisualStudio.TestTools.TestTypes.Unit.UnitTestAdapter" className="MS.VS.Services.Cloud.L0.Tests.Aad.Graph.GetAncestorsTests" name="AadGraphClient_GetAncestors_MultipleAncestorsFound" />
    </UnitTest>
    <UnitTest name="AadGraphClient_GetDescendants_ExpandDirect_ObjectNotFound" storage="d:\v2.0\a1\_work\dbded102\bin\release.anycpu\vssf.sdk\ms.vs.services.cloud.l0.tests\ms.vs.services.cloud.l0.tests.dll" id="994dee68-cc00-9042-ea99-a1b29e70f5be">
      <Owners>
        <Owner name="vscsauthztest" />
      </Owners>
      <Execution id="e7e41bdf-6d80-442f-b21a-fb14bdf2d785" />
      <TestMethod codeBase="D:\v2.0\A1\_work\dbded102\bin\Release.AnyCPU\Vssf.Sdk\MS.VS.Services.Cloud.L0.Tests\MS.VS.Services.Cloud.L0.Tests.dll" adapterTypeName="Microsoft.VisualStudio.TestTools.TestTypes.Unit.UnitTestAdapter" className="MS.VS.Services.Cloud.L0.Tests.Aad.Graph.GetDescendantsTests" name="AadGraphClient_GetDescendants_ExpandDirect_ObjectNotFound" />
    </UnitTest>
    <UnitTest name="AadGraphClient_GetDescendants_ExpandDirect_NoDescendantsFound" storage="d:\v2.0\a1\_work\dbded102\bin\release.anycpu\vssf.sdk\ms.vs.services.cloud.l0.tests\ms.vs.services.cloud.l0.tests.dll" id="c97bcd32-91da-0516-efd1-2fac147d7a7d">
      <Owners>
        <Owner name="vscsauthztest" />
      </Owners>
      <Execution id="2d3e774f-f341-425b-822f-c1bec34ee914" />
      <TestMethod codeBase="D:\v2.0\A1\_work\dbded102\bin\Release.AnyCPU\Vssf.Sdk\MS.VS.Services.Cloud.L0.Tests\MS.VS.Services.Cloud.L0.Tests.dll" adapterTypeName="Microsoft.VisualStudio.TestTools.TestTypes.Unit.UnitTestAdapter" className="MS.VS.Services.Cloud.L0.Tests.Aad.Graph.GetDescendantsTests" name="AadGraphClient_GetDescendants_ExpandDirect_NoDescendantsFound" />
    </UnitTest>
    <UnitTest name="AadGraphClient_GetDescendants_ExpandDirect_MultipleDescendantsFound" storage="d:\v2.0\a1\_work\dbded102\bin\release.anycpu\vssf.sdk\ms.vs.services.cloud.l0.tests\ms.vs.services.cloud.l0.tests.dll" id="b5db8638-46eb-7c65-3291-07ce8d1d7ebc">
      <Owners>
        <Owner name="vscsauthztest" />
      </Owners>
      <Execution id="c372ab26-b6e2-424b-aafb-3ffe4d557157" />
      <TestMethod codeBase="D:\v2.0\A1\_work\dbded102\bin\Release.AnyCPU\Vssf.Sdk\MS.VS.Services.Cloud.L0.Tests\MS.VS.Services.Cloud.L0.Tests.dll" adapterTypeName="Microsoft.VisualStudio.TestTools.TestTypes.Unit.UnitTestAdapter" className="MS.VS.Services.Cloud.L0.Tests.Aad.Graph.GetDescendantsTests" name="AadGraphClient_GetDescendants_ExpandDirect_MultipleDescendantsFound" />
    </UnitTest>
    <UnitTest name="AadGraphClient_GetDescendants_ExpandDirect_UsesPagingOptions" storage="d:\v2.0\a1\_work\dbded102\bin\release.anycpu\vssf.sdk\ms.vs.services.cloud.l0.tests\ms.vs.services.cloud.l0.tests.dll" id="48775dc4-529b-82c6-3597-33658cd25805">
      <Owners>
        <Owner name="vscsauthztest" />
      </Owners>
      <Execution id="99260dfd-e012-46ce-8d0a-53b4499c066d" />
      <TestMethod codeBase="D:\v2.0\A1\_work\dbded102\bin\Release.AnyCPU\Vssf.Sdk\MS.VS.Services.Cloud.L0.Tests\MS.VS.Services.Cloud.L0.Tests.dll" adapterTypeName="Microsoft.VisualStudio.TestTools.TestTypes.Unit.UnitTestAdapter" className="MS.VS.Services.Cloud.L0.Tests.Aad.Graph.GetDescendantsTests" name="AadGraphClient_GetDescendants_ExpandDirect_UsesPagingOptions" />
    </UnitTest>
    <UnitTest name="AadGraphClient_GetDescendants_ExpandAll_ObjectNotFound" storage="d:\v2.0\a1\_work\dbded102\bin\release.anycpu\vssf.sdk\ms.vs.services.cloud.l0.tests\ms.vs.services.cloud.l0.tests.dll" id="f251500f-6eb6-97e6-6f60-b0b2cbad10bb">
      <Owners>
        <Owner name="vscsauthztest" />
      </Owners>
      <Execution id="ea17100a-f32a-4d85-bcd9-c2a0c6fc5318" />
      <TestMethod codeBase="D:\v2.0\A1\_work\dbded102\bin\Release.AnyCPU\Vssf.Sdk\MS.VS.Services.Cloud.L0.Tests\MS.VS.Services.Cloud.L0.Tests.dll" adapterTypeName="Microsoft.VisualStudio.TestTools.TestTypes.Unit.UnitTestAdapter" className="MS.VS.Services.Cloud.L0.Tests.Aad.Graph.GetDescendantsTests" name="AadGraphClient_GetDescendants_ExpandAll_ObjectNotFound" />
    </UnitTest>
    <UnitTest name="AadGraphClient_GetDescendants_ExpandAll_NoDescendantsFound" storage="d:\v2.0\a1\_work\dbded102\bin\release.anycpu\vssf.sdk\ms.vs.services.cloud.l0.tests\ms.vs.services.cloud.l0.tests.dll" id="c90b4101-5675-1fdd-0021-f5bb1b4e3365">
      <Owners>
        <Owner name="vscsauthztest" />
      </Owners>
      <Execution id="0d4db5cb-ea7f-4c4f-b642-29d20c697ecb" />
      <TestMethod codeBase="D:\v2.0\A1\_work\dbded102\bin\Release.AnyCPU\Vssf.Sdk\MS.VS.Services.Cloud.L0.Tests\MS.VS.Services.Cloud.L0.Tests.dll" adapterTypeName="Microsoft.VisualStudio.TestTools.TestTypes.Unit.UnitTestAdapter" className="MS.VS.Services.Cloud.L0.Tests.Aad.Graph.GetDescendantsTests" name="AadGraphClient_GetDescendants_ExpandAll_NoDescendantsFound" />
    </UnitTest>
    <UnitTest name="AadGraphClient_GetDescendants_ExpandAll_MultipleDescendantsFound" storage="d:\v2.0\a1\_work\dbded102\bin\release.anycpu\vssf.sdk\ms.vs.services.cloud.l0.tests\ms.vs.services.cloud.l0.tests.dll" id="efdc2385-1c90-0ac6-358d-00a79d3761af">
      <Owners>
        <Owner name="vscsauthztest" />
      </Owners>
      <Execution id="7e5abb2e-003f-4d5d-810f-68177ab4bc15" />
      <TestMethod codeBase="D:\v2.0\A1\_work\dbded102\bin\Release.AnyCPU\Vssf.Sdk\MS.VS.Services.Cloud.L0.Tests\MS.VS.Services.Cloud.L0.Tests.dll" adapterTypeName="Microsoft.VisualStudio.TestTools.TestTypes.Unit.UnitTestAdapter" className="MS.VS.Services.Cloud.L0.Tests.Aad.Graph.GetDescendantsTests" name="AadGraphClient_GetDescendants_ExpandAll_MultipleDescendantsFound" />
    </UnitTest>
    <UnitTest name="AadGraphClient_GetGroups_NoGroupsFound" storage="d:\v2.0\a1\_work\dbded102\bin\release.anycpu\vssf.sdk\ms.vs.services.cloud.l0.tests\ms.vs.services.cloud.l0.tests.dll" id="b42b5278-dfba-a7c6-22a0-f37116f7f1bf">
      <Owners>
        <Owner name="vscsauthztest" />
      </Owners>
      <Execution id="70d744bc-a52b-4f08-9796-9c5c33ac0f62" />
      <TestMethod codeBase="D:\v2.0\A1\_work\dbded102\bin\Release.AnyCPU\Vssf.Sdk\MS.VS.Services.Cloud.L0.Tests\MS.VS.Services.Cloud.L0.Tests.dll" adapterTypeName="Microsoft.VisualStudio.TestTools.TestTypes.Unit.UnitTestAdapter" className="MS.VS.Services.Cloud.L0.Tests.Aad.Graph.GetGroupsTests" name="AadGraphClient_GetGroups_NoGroupsFound" />
    </UnitTest>
    <UnitTest name="AadGraphClient_GetGroups_MultipleGroupsFound" storage="d:\v2.0\a1\_work\dbded102\bin\release.anycpu\vssf.sdk\ms.vs.services.cloud.l0.tests\ms.vs.services.cloud.l0.tests.dll" id="6302b2ee-d6c2-debd-b559-30a68b28bf8c">
      <Owners>
        <Owner name="vscsauthztest" />
      </Owners>
      <Execution id="5052dfbb-40f4-4612-b314-98b8b487797a" />
      <TestMethod codeBase="D:\v2.0\A1\_work\dbded102\bin\Release.AnyCPU\Vssf.Sdk\MS.VS.Services.Cloud.L0.Tests\MS.VS.Services.Cloud.L0.Tests.dll" adapterTypeName="Microsoft.VisualStudio.TestTools.TestTypes.Unit.UnitTestAdapter" className="MS.VS.Services.Cloud.L0.Tests.Aad.Graph.GetGroupsTests" name="AadGraphClient_GetGroups_MultipleGroupsFound" />
    </UnitTest>
    <UnitTest name="AadGraphClient_GetGroups_WithDisplayNamePrefix_NoGroupsFound" storage="d:\v2.0\a1\_work\dbded102\bin\release.anycpu\vssf.sdk\ms.vs.services.cloud.l0.tests\ms.vs.services.cloud.l0.tests.dll" id="a04cd434-9d13-ea93-18dd-b43e9f40b281">
      <Owners>
        <Owner name="vscsauthztest" />
      </Owners>
      <Execution id="92de4d30-48c5-459b-8148-cc5e35afbc40" />
      <TestMethod codeBase="D:\v2.0\A1\_work\dbded102\bin\Release.AnyCPU\Vssf.Sdk\MS.VS.Services.Cloud.L0.Tests\MS.VS.Services.Cloud.L0.Tests.dll" adapterTypeName="Microsoft.VisualStudio.TestTools.TestTypes.Unit.UnitTestAdapter" className="MS.VS.Services.Cloud.L0.Tests.Aad.Graph.GetGroupsTests" name="AadGraphClient_GetGroups_WithDisplayNamePrefix_NoGroupsFound" />
    </UnitTest>
    <UnitTest name="AadGraphClient_GetGroups_WithDisplayNamePrefix_MultipleGroupsFound" storage="d:\v2.0\a1\_work\dbded102\bin\release.anycpu\vssf.sdk\ms.vs.services.cloud.l0.tests\ms.vs.services.cloud.l0.tests.dll" id="58010f30-32a6-441b-0ca9-d1234f8c7b96">
      <Owners>
        <Owner name="vscsauthztest" />
      </Owners>
      <Execution id="8d55ff16-6ee3-4e9a-9e2d-0bddd8c9617a" />
      <TestMethod codeBase="D:\v2.0\A1\_work\dbded102\bin\Release.AnyCPU\Vssf.Sdk\MS.VS.Services.Cloud.L0.Tests\MS.VS.Services.Cloud.L0.Tests.dll" adapterTypeName="Microsoft.VisualStudio.TestTools.TestTypes.Unit.UnitTestAdapter" className="MS.VS.Services.Cloud.L0.Tests.Aad.Graph.GetGroupsTests" name="AadGraphClient_GetGroups_WithDisplayNamePrefix_MultipleGroupsFound" />
    </UnitTest>
    <UnitTest name="AadGraphClient_GetGroupsWithIds_NoGroupsFound" storage="d:\v2.0\a1\_work\dbded102\bin\release.anycpu\vssf.sdk\ms.vs.services.cloud.l0.tests\ms.vs.services.cloud.l0.tests.dll" id="0ba279e7-e776-bf35-71c7-000973febb6b">
      <Owners>
        <Owner name="vscsauthztest" />
      </Owners>
      <Execution id="7aea1127-fb4c-4a51-a17c-d54e1e8ee086" />
      <TestMethod codeBase="D:\v2.0\A1\_work\dbded102\bin\Release.AnyCPU\Vssf.Sdk\MS.VS.Services.Cloud.L0.Tests\MS.VS.Services.Cloud.L0.Tests.dll" adapterTypeName="Microsoft.VisualStudio.TestTools.TestTypes.Unit.UnitTestAdapter" className="MS.VS.Services.Cloud.L0.Tests.Aad.Graph.GetGroupsWithIdsTests" name="AadGraphClient_GetGroupsWithIds_NoGroupsFound" />
    </UnitTest>
    <UnitTest name="AadGraphClient_GetGroupsWithIds_MultipleGroupsFound" storage="d:\v2.0\a1\_work\dbded102\bin\release.anycpu\vssf.sdk\ms.vs.services.cloud.l0.tests\ms.vs.services.cloud.l0.tests.dll" id="14fdb436-41e7-d3d2-852d-b3a5b517ee9d">
      <Owners>
        <Owner name="vscsauthztest" />
      </Owners>
      <Execution id="89777e60-b604-4519-a0aa-98a4e68f3be6" />
      <TestMethod codeBase="D:\v2.0\A1\_work\dbded102\bin\Release.AnyCPU\Vssf.Sdk\MS.VS.Services.Cloud.L0.Tests\MS.VS.Services.Cloud.L0.Tests.dll" adapterTypeName="Microsoft.VisualStudio.TestTools.TestTypes.Unit.UnitTestAdapter" className="MS.VS.Services.Cloud.L0.Tests.Aad.Graph.GetGroupsWithIdsTests" name="AadGraphClient_GetGroupsWithIds_MultipleGroupsFound" />
    </UnitTest>
    <UnitTest name="AadGraphClient_GetTenantsByAltSecId_WithLiveId_NoTenantsFound" storage="d:\v2.0\a1\_work\dbded102\bin\release.anycpu\vssf.sdk\ms.vs.services.cloud.l0.tests\ms.vs.services.cloud.l0.tests.dll" id="2b0fdb6f-7c39-2d1c-a0f2-3f96e9b68860">
      <Owners>
        <Owner name="vscsauthztest" />
      </Owners>
      <Execution id="fc6e6e33-14b5-42a5-9c78-07dde82a90f2" />
      <TestMethod codeBase="D:\v2.0\A1\_work\dbded102\bin\Release.AnyCPU\Vssf.Sdk\MS.VS.Services.Cloud.L0.Tests\MS.VS.Services.Cloud.L0.Tests.dll" adapterTypeName="Microsoft.VisualStudio.TestTools.TestTypes.Unit.UnitTestAdapter" className="MS.VS.Services.Cloud.L0.Tests.Aad.Graph.GetTenantsByAltSecIdTests" name="AadGraphClient_GetTenantsByAltSecId_WithLiveId_NoTenantsFound" />
    </UnitTest>
    <UnitTest name="AadGraphClient_GetTenantsByAltSecId_WithLiveId_MultipleTenantsFound" storage="d:\v2.0\a1\_work\dbded102\bin\release.anycpu\vssf.sdk\ms.vs.services.cloud.l0.tests\ms.vs.services.cloud.l0.tests.dll" id="608b00e1-af7f-8649-2384-8a951b726692">
      <Owners>
        <Owner name="vscsauthztest" />
      </Owners>
      <Execution id="8a28cdbd-7a6c-4dda-82fb-1b4353cfe55d" />
      <TestMethod codeBase="D:\v2.0\A1\_work\dbded102\bin\Release.AnyCPU\Vssf.Sdk\MS.VS.Services.Cloud.L0.Tests\MS.VS.Services.Cloud.L0.Tests.dll" adapterTypeName="Microsoft.VisualStudio.TestTools.TestTypes.Unit.UnitTestAdapter" className="MS.VS.Services.Cloud.L0.Tests.Aad.Graph.GetTenantsByAltSecIdTests" name="AadGraphClient_GetTenantsByAltSecId_WithLiveId_MultipleTenantsFound" />
    </UnitTest>
    <UnitTest name="AadGraphClient_GetTenantsByAltSecId_WithOrgId_NoTenantsFound" storage="d:\v2.0\a1\_work\dbded102\bin\release.anycpu\vssf.sdk\ms.vs.services.cloud.l0.tests\ms.vs.services.cloud.l0.tests.dll" id="996e964e-4c6e-f52b-de83-958f83363514">
      <Owners>
        <Owner name="vscsauthztest" />
      </Owners>
      <Execution id="97d3824e-e6da-459b-902e-b206bacaccaf" />
      <TestMethod codeBase="D:\v2.0\A1\_work\dbded102\bin\Release.AnyCPU\Vssf.Sdk\MS.VS.Services.Cloud.L0.Tests\MS.VS.Services.Cloud.L0.Tests.dll" adapterTypeName="Microsoft.VisualStudio.TestTools.TestTypes.Unit.UnitTestAdapter" className="MS.VS.Services.Cloud.L0.Tests.Aad.Graph.GetTenantsByAltSecIdTests" name="AadGraphClient_GetTenantsByAltSecId_WithOrgId_NoTenantsFound" />
    </UnitTest>
    <UnitTest name="AadGraphClient_GetTenantsByAltSecId_WithOrgId_MultipleTenantsFound" storage="d:\v2.0\a1\_work\dbded102\bin\release.anycpu\vssf.sdk\ms.vs.services.cloud.l0.tests\ms.vs.services.cloud.l0.tests.dll" id="38569712-28c9-bc1f-b162-4d8a361742f6">
      <Owners>
        <Owner name="vscsauthztest" />
      </Owners>
      <Execution id="dcd075db-839a-44c1-9c81-bdad9c09b9a5" />
      <TestMethod codeBase="D:\v2.0\A1\_work\dbded102\bin\Release.AnyCPU\Vssf.Sdk\MS.VS.Services.Cloud.L0.Tests\MS.VS.Services.Cloud.L0.Tests.dll" adapterTypeName="Microsoft.VisualStudio.TestTools.TestTypes.Unit.UnitTestAdapter" className="MS.VS.Services.Cloud.L0.Tests.Aad.Graph.GetTenantsByAltSecIdTests" name="AadGraphClient_GetTenantsByAltSecId_WithOrgId_MultipleTenantsFound" />
    </UnitTest>
    <UnitTest name="AadGraphClient_GetTenantsByKey_WithLiveId_NoTenantsFound" storage="d:\v2.0\a1\_work\dbded102\bin\release.anycpu\vssf.sdk\ms.vs.services.cloud.l0.tests\ms.vs.services.cloud.l0.tests.dll" id="96edd871-3763-091a-7191-4143140587e0">
      <Owners>
        <Owner name="vscsauthztest" />
      </Owners>
      <Execution id="15fb56a5-30ca-4b62-aa5e-adb461de4735" />
      <TestMethod codeBase="D:\v2.0\A1\_work\dbded102\bin\Release.AnyCPU\Vssf.Sdk\MS.VS.Services.Cloud.L0.Tests\MS.VS.Services.Cloud.L0.Tests.dll" adapterTypeName="Microsoft.VisualStudio.TestTools.TestTypes.Unit.UnitTestAdapter" className="MS.VS.Services.Cloud.L0.Tests.Aad.Graph.GetTenantsByKeyTests" name="AadGraphClient_GetTenantsByKey_WithLiveId_NoTenantsFound" />
    </UnitTest>
    <UnitTest name="AadGraphClient_GetTenantsByKey_WithLiveId_MultipleTenantsFound" storage="d:\v2.0\a1\_work\dbded102\bin\release.anycpu\vssf.sdk\ms.vs.services.cloud.l0.tests\ms.vs.services.cloud.l0.tests.dll" id="470b009d-ff42-291d-b903-dcfaa86ac4f1">
      <Owners>
        <Owner name="vscsauthztest" />
      </Owners>
      <Execution id="48cc5c65-9ed0-41f5-9007-6692a9f94d44" />
      <TestMethod codeBase="D:\v2.0\A1\_work\dbded102\bin\Release.AnyCPU\Vssf.Sdk\MS.VS.Services.Cloud.L0.Tests\MS.VS.Services.Cloud.L0.Tests.dll" adapterTypeName="Microsoft.VisualStudio.TestTools.TestTypes.Unit.UnitTestAdapter" className="MS.VS.Services.Cloud.L0.Tests.Aad.Graph.GetTenantsByKeyTests" name="AadGraphClient_GetTenantsByKey_WithLiveId_MultipleTenantsFound" />
    </UnitTest>
    <UnitTest name="AadGraphClient_GetTenantsByKey_WithOrgId_NoTenantsFound" storage="d:\v2.0\a1\_work\dbded102\bin\release.anycpu\vssf.sdk\ms.vs.services.cloud.l0.tests\ms.vs.services.cloud.l0.tests.dll" id="59c40daa-e951-e5fc-0a34-187524e5351c">
      <Owners>
        <Owner name="vscsauthztest" />
      </Owners>
      <Execution id="974552ec-3809-46e6-abd5-a022cc9a90fb" />
      <TestMethod codeBase="D:\v2.0\A1\_work\dbded102\bin\Release.AnyCPU\Vssf.Sdk\MS.VS.Services.Cloud.L0.Tests\MS.VS.Services.Cloud.L0.Tests.dll" adapterTypeName="Microsoft.VisualStudio.TestTools.TestTypes.Unit.UnitTestAdapter" className="MS.VS.Services.Cloud.L0.Tests.Aad.Graph.GetTenantsByKeyTests" name="AadGraphClient_GetTenantsByKey_WithOrgId_NoTenantsFound" />
    </UnitTest>
    <UnitTest name="AadGraphClient_GetTenantsByKey_WithOrgId_MultipleTenantsFound" storage="d:\v2.0\a1\_work\dbded102\bin\release.anycpu\vssf.sdk\ms.vs.services.cloud.l0.tests\ms.vs.services.cloud.l0.tests.dll" id="0e6e1b06-7c1a-cbe9-0f2c-c47d5bef0a15">
      <Owners>
        <Owner name="vscsauthztest" />
      </Owners>
      <Execution id="ef77d231-9d2b-42c9-a4da-f358c0244c4e" />
      <TestMethod codeBase="D:\v2.0\A1\_work\dbded102\bin\Release.AnyCPU\Vssf.Sdk\MS.VS.Services.Cloud.L0.Tests\MS.VS.Services.Cloud.L0.Tests.dll" adapterTypeName="Microsoft.VisualStudio.TestTools.TestTypes.Unit.UnitTestAdapter" className="MS.VS.Services.Cloud.L0.Tests.Aad.Graph.GetTenantsByKeyTests" name="AadGraphClient_GetTenantsByKey_WithOrgId_MultipleTenantsFound" />
    </UnitTest>
    <UnitTest name="AadGraphClient_GetTenant_TenantNotFound" storage="d:\v2.0\a1\_work\dbded102\bin\release.anycpu\vssf.sdk\ms.vs.services.cloud.l0.tests\ms.vs.services.cloud.l0.tests.dll" id="c2105011-dab6-c23f-e54a-519a39dc7ac4">
      <Owners>
        <Owner name="vscsauthztest" />
      </Owners>
      <Execution id="1c8f0d3d-9773-4b20-a740-c090b53e4dd1" />
      <TestMethod codeBase="D:\v2.0\A1\_work\dbded102\bin\Release.AnyCPU\Vssf.Sdk\MS.VS.Services.Cloud.L0.Tests\MS.VS.Services.Cloud.L0.Tests.dll" adapterTypeName="Microsoft.VisualStudio.TestTools.TestTypes.Unit.UnitTestAdapter" className="MS.VS.Services.Cloud.L0.Tests.Aad.Graph.GetTenantTests" name="AadGraphClient_GetTenant_TenantNotFound" />
    </UnitTest>
    <UnitTest name="AadGraphClient_GetTenant_TenantFound" storage="d:\v2.0\a1\_work\dbded102\bin\release.anycpu\vssf.sdk\ms.vs.services.cloud.l0.tests\ms.vs.services.cloud.l0.tests.dll" id="5acfe418-eab4-d9ee-6b2f-b76346532e96">
      <Owners>
        <Owner name="vscsauthztest" />
      </Owners>
      <Execution id="cee4b427-b989-48cb-b127-6271988301d2" />
      <TestMethod codeBase="D:\v2.0\A1\_work\dbded102\bin\Release.AnyCPU\Vssf.Sdk\MS.VS.Services.Cloud.L0.Tests\MS.VS.Services.Cloud.L0.Tests.dll" adapterTypeName="Microsoft.VisualStudio.TestTools.TestTypes.Unit.UnitTestAdapter" className="MS.VS.Services.Cloud.L0.Tests.Aad.Graph.GetTenantTests" name="AadGraphClient_GetTenant_TenantFound" />
    </UnitTest>
    <UnitTest name="AadGraphClient_GetUsersWithIds_NoUsersFound" storage="d:\v2.0\a1\_work\dbded102\bin\release.anycpu\vssf.sdk\ms.vs.services.cloud.l0.tests\ms.vs.services.cloud.l0.tests.dll" id="5ef5934f-3271-b77c-2d97-c3a9092c9628">
      <Owners>
        <Owner name="vscsauthztest" />
      </Owners>
      <Execution id="135d8c18-913d-4a31-a567-8c020ccf4359" />
      <TestMethod codeBase="D:\v2.0\A1\_work\dbded102\bin\Release.AnyCPU\Vssf.Sdk\MS.VS.Services.Cloud.L0.Tests\MS.VS.Services.Cloud.L0.Tests.dll" adapterTypeName="Microsoft.VisualStudio.TestTools.TestTypes.Unit.UnitTestAdapter" className="MS.VS.Services.Cloud.L0.Tests.Aad.Graph.GetUsersWithIdsTests" name="AadGraphClient_GetUsersWithIds_NoUsersFound" />
    </UnitTest>
    <UnitTest name="AadGraphClient_GetUsersWithIds_TwoUsersFound" storage="d:\v2.0\a1\_work\dbded102\bin\release.anycpu\vssf.sdk\ms.vs.services.cloud.l0.tests\ms.vs.services.cloud.l0.tests.dll" id="ed5df283-24e4-fa8d-5ab8-8306d6b5b87e">
      <Owners>
        <Owner name="vscsauthztest" />
      </Owners>
      <Execution id="7170e7a3-af6b-47a1-89c3-a3cd9f3cdb85" />
      <TestMethod codeBase="D:\v2.0\A1\_work\dbded102\bin\Release.AnyCPU\Vssf.Sdk\MS.VS.Services.Cloud.L0.Tests\MS.VS.Services.Cloud.L0.Tests.dll" adapterTypeName="Microsoft.VisualStudio.TestTools.TestTypes.Unit.UnitTestAdapter" className="MS.VS.Services.Cloud.L0.Tests.Aad.Graph.GetUsersWithIdsTests" name="AadGraphClient_GetUsersWithIds_TwoUsersFound" />
    </UnitTest>
    <UnitTest name="AadGraphClient_GetUserThumbnail_NoThumbnailFound" storage="d:\v2.0\a1\_work\dbded102\bin\release.anycpu\vssf.sdk\ms.vs.services.cloud.l0.tests\ms.vs.services.cloud.l0.tests.dll" id="1fa6a177-0d61-a3e2-1638-66034dfdbe10">
      <Owners>
        <Owner name="rapai" />
      </Owners>
      <Execution id="19d03c1d-1dc1-4d44-9820-568c64436fcc" />
      <TestMethod codeBase="D:\v2.0\A1\_work\dbded102\bin\Release.AnyCPU\Vssf.Sdk\MS.VS.Services.Cloud.L0.Tests\MS.VS.Services.Cloud.L0.Tests.dll" adapterTypeName="Microsoft.VisualStudio.TestTools.TestTypes.Unit.UnitTestAdapter" className="MS.VS.Services.Cloud.L0.Tests.Aad.Graph.GetUserThumbnailTests" name="AadGraphClient_GetUserThumbnail_NoThumbnailFound" />
    </UnitTest>
    <UnitTest name="AadTenantJsonSerializationDeserialization" storage="d:\v2.0\a1\_work\dbded102\bin\release.anycpu\vssf.sdk\ms.vs.services.cloud.l0.tests\ms.vs.services.cloud.l0.tests.dll" id="f42370ec-3f3a-205f-a581-eb8394a0c7c3">
      <Owners>
        <Owner name="vscsauthztest" />
      </Owners>
      <Execution id="76777d2f-08ad-489d-8b12-2d20ab2d8cb4" />
      <TestMethod codeBase="D:\v2.0\A1\_work\dbded102\bin\Release.AnyCPU\Vssf.Sdk\MS.VS.Services.Cloud.L0.Tests\MS.VS.Services.Cloud.L0.Tests.dll" adapterTypeName="Microsoft.VisualStudio.TestTools.TestTypes.Unit.UnitTestAdapter" className="MS.VS.Services.Cloud.L0.Tests.Aad.Data.SerializationTests" name="AadTenantJsonSerializationDeserialization" />
    </UnitTest>
    <UnitTest name="AadGroupJsonSerializationDeserialization" storage="d:\v2.0\a1\_work\dbded102\bin\release.anycpu\vssf.sdk\ms.vs.services.cloud.l0.tests\ms.vs.services.cloud.l0.tests.dll" id="c43e751f-9002-68f7-987d-6764761fe7d3">
      <Owners>
        <Owner name="vscsauthztest" />
      </Owners>
      <Execution id="2e1a181e-bdc6-4316-9224-119950e3a69d" />
      <TestMethod codeBase="D:\v2.0\A1\_work\dbded102\bin\Release.AnyCPU\Vssf.Sdk\MS.VS.Services.Cloud.L0.Tests\MS.VS.Services.Cloud.L0.Tests.dll" adapterTypeName="Microsoft.VisualStudio.TestTools.TestTypes.Unit.UnitTestAdapter" className="MS.VS.Services.Cloud.L0.Tests.Aad.Data.SerializationTests" name="AadGroupJsonSerializationDeserialization" />
    </UnitTest>
    <UnitTest name="AadUserJsonSerializationDeserialization" storage="d:\v2.0\a1\_work\dbded102\bin\release.anycpu\vssf.sdk\ms.vs.services.cloud.l0.tests\ms.vs.services.cloud.l0.tests.dll" id="18ad04c1-2ec5-c253-6d71-ffa9b1a0cccb">
      <Owners>
        <Owner name="vscsauthztest" />
      </Owners>
      <Execution id="ba247cf6-91a6-4a23-92ef-fddce8c59840" />
      <TestMethod codeBase="D:\v2.0\A1\_work\dbded102\bin\Release.AnyCPU\Vssf.Sdk\MS.VS.Services.Cloud.L0.Tests\MS.VS.Services.Cloud.L0.Tests.dll" adapterTypeName="Microsoft.VisualStudio.TestTools.TestTypes.Unit.UnitTestAdapter" className="MS.VS.Services.Cloud.L0.Tests.Aad.Data.SerializationTests" name="AadUserJsonSerializationDeserialization" />
    </UnitTest>
    <UnitTest name="AadCacheKey_Equals" storage="d:\v2.0\a1\_work\dbded102\bin\release.anycpu\vssf.sdk\ms.vs.services.cloud.l0.tests\ms.vs.services.cloud.l0.tests.dll" id="8ab1ee97-50a9-9a56-5363-ce9470e1caf1">
      <Owners>
        <Owner name="vscsauthztest" />
      </Owners>
      <Execution id="6e1ee8a1-21d0-4a38-8375-02d3fb852593" />
      <TestMethod codeBase="D:\v2.0\A1\_work\dbded102\bin\Release.AnyCPU\Vssf.Sdk\MS.VS.Services.Cloud.L0.Tests\MS.VS.Services.Cloud.L0.Tests.dll" adapterTypeName="Microsoft.VisualStudio.TestTools.TestTypes.Unit.UnitTestAdapter" className="MS.VS.Services.Cloud.L0.Tests.Aad.Cache.AadCacheKeyTests" name="AadCacheKey_Equals" />
    </UnitTest>
    <UnitTest name="AadCacheKey_Equals_DifferentTenantId" storage="d:\v2.0\a1\_work\dbded102\bin\release.anycpu\vssf.sdk\ms.vs.services.cloud.l0.tests\ms.vs.services.cloud.l0.tests.dll" id="d457184a-ea42-1e98-1080-34b4e56e3c96">
      <Owners>
        <Owner name="vscsauthztest" />
      </Owners>
      <Execution id="975f5bd2-5770-423d-921e-bfa31e3ce8c5" />
      <TestMethod codeBase="D:\v2.0\A1\_work\dbded102\bin\Release.AnyCPU\Vssf.Sdk\MS.VS.Services.Cloud.L0.Tests\MS.VS.Services.Cloud.L0.Tests.dll" adapterTypeName="Microsoft.VisualStudio.TestTools.TestTypes.Unit.UnitTestAdapter" className="MS.VS.Services.Cloud.L0.Tests.Aad.Cache.AadCacheKeyTests" name="AadCacheKey_Equals_DifferentTenantId" />
    </UnitTest>
    <UnitTest name="AadCacheKey_Equals_DifferentObjectId" storage="d:\v2.0\a1\_work\dbded102\bin\release.anycpu\vssf.sdk\ms.vs.services.cloud.l0.tests\ms.vs.services.cloud.l0.tests.dll" id="c75f7863-3650-672d-7c4e-ff9556b15640">
      <Owners>
        <Owner name="vscsauthztest" />
      </Owners>
      <Execution id="1f57b009-5788-4455-97d9-48a8365d0fbd" />
      <TestMethod codeBase="D:\v2.0\A1\_work\dbded102\bin\Release.AnyCPU\Vssf.Sdk\MS.VS.Services.Cloud.L0.Tests\MS.VS.Services.Cloud.L0.Tests.dll" adapterTypeName="Microsoft.VisualStudio.TestTools.TestTypes.Unit.UnitTestAdapter" className="MS.VS.Services.Cloud.L0.Tests.Aad.Cache.AadCacheKeyTests" name="AadCacheKey_Equals_DifferentObjectId" />
    </UnitTest>
    <UnitTest name="AadCacheKey_Equals_Null" storage="d:\v2.0\a1\_work\dbded102\bin\release.anycpu\vssf.sdk\ms.vs.services.cloud.l0.tests\ms.vs.services.cloud.l0.tests.dll" id="750c53be-3e7f-3b20-8705-e0aafd4c19b6">
      <Owners>
        <Owner name="vscsauthztest" />
      </Owners>
      <Execution id="2562bbf8-83c1-4c5d-9bf4-2443941314e5" />
      <TestMethod codeBase="D:\v2.0\A1\_work\dbded102\bin\Release.AnyCPU\Vssf.Sdk\MS.VS.Services.Cloud.L0.Tests\MS.VS.Services.Cloud.L0.Tests.dll" adapterTypeName="Microsoft.VisualStudio.TestTools.TestTypes.Unit.UnitTestAdapter" className="MS.VS.Services.Cloud.L0.Tests.Aad.Cache.AadCacheKeyTests" name="AadCacheKey_Equals_Null" />
    </UnitTest>
    <UnitTest name="AadCacheObject_Equals" storage="d:\v2.0\a1\_work\dbded102\bin\release.anycpu\vssf.sdk\ms.vs.services.cloud.l0.tests\ms.vs.services.cloud.l0.tests.dll" id="ec14ddfb-d548-9813-8db9-d4b0e494fb36">
      <Owners>
        <Owner name="vscsauthztest" />
      </Owners>
      <Execution id="37d795ae-dc1f-4c1a-a265-3a2cce9e39fe" />
      <TestMethod codeBase="D:\v2.0\A1\_work\dbded102\bin\Release.AnyCPU\Vssf.Sdk\MS.VS.Services.Cloud.L0.Tests\MS.VS.Services.Cloud.L0.Tests.dll" adapterTypeName="Microsoft.VisualStudio.TestTools.TestTypes.Unit.UnitTestAdapter" className="MS.VS.Services.Cloud.L0.Tests.Aad.Cache.AadCacheObjectTests" name="AadCacheObject_Equals" />
    </UnitTest>
    <UnitTest name="AadCacheObject_Equals_DifferentKey" storage="d:\v2.0\a1\_work\dbded102\bin\release.anycpu\vssf.sdk\ms.vs.services.cloud.l0.tests\ms.vs.services.cloud.l0.tests.dll" id="24663b89-8070-e4d2-1d61-d577c4897ee2">
      <Owners>
        <Owner name="vscsauthztest" />
      </Owners>
      <Execution id="be8aec9b-e65b-48e2-9074-d29a21f9153b" />
      <TestMethod codeBase="D:\v2.0\A1\_work\dbded102\bin\Release.AnyCPU\Vssf.Sdk\MS.VS.Services.Cloud.L0.Tests\MS.VS.Services.Cloud.L0.Tests.dll" adapterTypeName="Microsoft.VisualStudio.TestTools.TestTypes.Unit.UnitTestAdapter" className="MS.VS.Services.Cloud.L0.Tests.Aad.Cache.AadCacheObjectTests" name="AadCacheObject_Equals_DifferentKey" />
    </UnitTest>
    <UnitTest name="AadCacheObject_Equals_DifferentValue" storage="d:\v2.0\a1\_work\dbded102\bin\release.anycpu\vssf.sdk\ms.vs.services.cloud.l0.tests\ms.vs.services.cloud.l0.tests.dll" id="7dbc6c1d-5ba2-d72e-cdd6-ec431a42e70a">
      <Owners>
        <Owner name="vscsauthztest" />
      </Owners>
      <Execution id="f31827d2-d2f4-4b1c-9227-2e2e4d7478df" />
      <TestMethod codeBase="D:\v2.0\A1\_work\dbded102\bin\Release.AnyCPU\Vssf.Sdk\MS.VS.Services.Cloud.L0.Tests\MS.VS.Services.Cloud.L0.Tests.dll" adapterTypeName="Microsoft.VisualStudio.TestTools.TestTypes.Unit.UnitTestAdapter" className="MS.VS.Services.Cloud.L0.Tests.Aad.Cache.AadCacheObjectTests" name="AadCacheObject_Equals_DifferentValue" />
    </UnitTest>
    <UnitTest name="AadCacheObject_Equals_DifferentTime" storage="d:\v2.0\a1\_work\dbded102\bin\release.anycpu\vssf.sdk\ms.vs.services.cloud.l0.tests\ms.vs.services.cloud.l0.tests.dll" id="e6a5f119-502f-e570-e8d4-4d3b1da8c05f">
      <Owners>
        <Owner name="vscsauthztest" />
      </Owners>
      <Execution id="7793cb53-8fb5-42b3-9e68-1a8161c64b0e" />
      <TestMethod codeBase="D:\v2.0\A1\_work\dbded102\bin\Release.AnyCPU\Vssf.Sdk\MS.VS.Services.Cloud.L0.Tests\MS.VS.Services.Cloud.L0.Tests.dll" adapterTypeName="Microsoft.VisualStudio.TestTools.TestTypes.Unit.UnitTestAdapter" className="MS.VS.Services.Cloud.L0.Tests.Aad.Cache.AadCacheObjectTests" name="AadCacheObject_Equals_DifferentTime" />
    </UnitTest>
    <UnitTest name="AadCacheObject_Equals_Null" storage="d:\v2.0\a1\_work\dbded102\bin\release.anycpu\vssf.sdk\ms.vs.services.cloud.l0.tests\ms.vs.services.cloud.l0.tests.dll" id="b7729b5e-4957-362f-ecd1-52e3732f1cd7">
      <Owners>
        <Owner name="vscsauthztest" />
      </Owners>
      <Execution id="47ba289f-0994-49ae-a1c8-ffd34de525c6" />
      <TestMethod codeBase="D:\v2.0\A1\_work\dbded102\bin\Release.AnyCPU\Vssf.Sdk\MS.VS.Services.Cloud.L0.Tests\MS.VS.Services.Cloud.L0.Tests.dll" adapterTypeName="Microsoft.VisualStudio.TestTools.TestTypes.Unit.UnitTestAdapter" className="MS.VS.Services.Cloud.L0.Tests.Aad.Cache.AadCacheObjectTests" name="AadCacheObject_Equals_Null" />
    </UnitTest>
    <UnitTest name="AadCacheAncestorIds_Equals" storage="d:\v2.0\a1\_work\dbded102\bin\release.anycpu\vssf.sdk\ms.vs.services.cloud.l0.tests\ms.vs.services.cloud.l0.tests.dll" id="d9a1b1d2-9d42-63ea-2aad-19c471102883">
      <Execution id="5a126796-0d7f-4c1f-b4b0-fae2c9b9724f" />
      <TestMethod codeBase="D:\v2.0\A1\_work\dbded102\bin\Release.AnyCPU\Vssf.Sdk\MS.VS.Services.Cloud.L0.Tests\MS.VS.Services.Cloud.L0.Tests.dll" adapterTypeName="Microsoft.VisualStudio.TestTools.TestTypes.Unit.UnitTestAdapter" className="MS.VS.Services.Cloud.L0.Tests.Aad.Cache.AadCacheObjectTests" name="AadCacheAncestorIds_Equals" />
    </UnitTest>
    <UnitTest name="AadCacheOrchestrator_AllScenarios (Data Row 0)" storage="d:\v2.0\a1\_work\dbded102\bin\release.anycpu\vssf.sdk\ms.vs.services.cloud.l0.tests\ms.vs.services.cloud.l0.tests.dll" id="a7a8a72c-ad5b-4f0b-966e-4601ea61e4c9">
      <Owners>
        <Owner name="vscsauthztest" />
      </Owners>
      <Execution id="037c8c01-a861-4d7d-a995-5200857745c3" />
      <TestMethod codeBase="D:\v2.0\A1\_work\dbded102\bin\Release.AnyCPU\Vssf.Sdk\MS.VS.Services.Cloud.L0.Tests\MS.VS.Services.Cloud.L0.Tests.dll" adapterTypeName="Microsoft.VisualStudio.TestTools.TestTypes.Unit.UnitTestAdapter" className="MS.VS.Services.Cloud.L0.Tests.Aad.Cache.AadCacheOrchestratorTests" name="AadCacheOrchestrator_AllScenarios (Data Row 0)" />
    </UnitTest>
    <UnitTest name="AadCacheOrchestrator_AllScenarios (Data Row 1)" storage="d:\v2.0\a1\_work\dbded102\bin\release.anycpu\vssf.sdk\ms.vs.services.cloud.l0.tests\ms.vs.services.cloud.l0.tests.dll" id="3c003fa6-5ad4-476b-9435-065b8dc6904c">
      <Owners>
        <Owner name="vscsauthztest" />
      </Owners>
      <Execution id="efac8933-fff9-4eff-b02c-b3ec706ba2a8" />
      <TestMethod codeBase="D:\v2.0\A1\_work\dbded102\bin\Release.AnyCPU\Vssf.Sdk\MS.VS.Services.Cloud.L0.Tests\MS.VS.Services.Cloud.L0.Tests.dll" adapterTypeName="Microsoft.VisualStudio.TestTools.TestTypes.Unit.UnitTestAdapter" className="MS.VS.Services.Cloud.L0.Tests.Aad.Cache.AadCacheOrchestratorTests" name="AadCacheOrchestrator_AllScenarios (Data Row 1)" />
    </UnitTest>
    <UnitTest name="AadCacheOrchestrator_AllScenarios (Data Row 2)" storage="d:\v2.0\a1\_work\dbded102\bin\release.anycpu\vssf.sdk\ms.vs.services.cloud.l0.tests\ms.vs.services.cloud.l0.tests.dll" id="e34b939b-50e8-4c62-ac26-214b4385f494">
      <Owners>
        <Owner name="vscsauthztest" />
      </Owners>
      <Execution id="be4648b9-0c31-4835-8b4f-99eb6a5c0a85" />
      <TestMethod codeBase="D:\v2.0\A1\_work\dbded102\bin\Release.AnyCPU\Vssf.Sdk\MS.VS.Services.Cloud.L0.Tests\MS.VS.Services.Cloud.L0.Tests.dll" adapterTypeName="Microsoft.VisualStudio.TestTools.TestTypes.Unit.UnitTestAdapter" className="MS.VS.Services.Cloud.L0.Tests.Aad.Cache.AadCacheOrchestratorTests" name="AadCacheOrchestrator_AllScenarios (Data Row 2)" />
    </UnitTest>
    <UnitTest name="AadCacheOrchestrator_AllScenarios (Data Row 3)" storage="d:\v2.0\a1\_work\dbded102\bin\release.anycpu\vssf.sdk\ms.vs.services.cloud.l0.tests\ms.vs.services.cloud.l0.tests.dll" id="1c7ffa6a-fbec-463b-9513-b8428d460af8">
      <Owners>
        <Owner name="vscsauthztest" />
      </Owners>
      <Execution id="6af2b61e-c677-4376-9e5a-afb35229b936" />
      <TestMethod codeBase="D:\v2.0\A1\_work\dbded102\bin\Release.AnyCPU\Vssf.Sdk\MS.VS.Services.Cloud.L0.Tests\MS.VS.Services.Cloud.L0.Tests.dll" adapterTypeName="Microsoft.VisualStudio.TestTools.TestTypes.Unit.UnitTestAdapter" className="MS.VS.Services.Cloud.L0.Tests.Aad.Cache.AadCacheOrchestratorTests" name="AadCacheOrchestrator_AllScenarios (Data Row 3)" />
    </UnitTest>
    <UnitTest name="AadCacheOrchestrator_AllScenarios (Data Row 4)" storage="d:\v2.0\a1\_work\dbded102\bin\release.anycpu\vssf.sdk\ms.vs.services.cloud.l0.tests\ms.vs.services.cloud.l0.tests.dll" id="3851c1f1-1a04-4813-9d86-d990e699965b">
      <Owners>
        <Owner name="vscsauthztest" />
      </Owners>
      <Execution id="48da7936-86bd-485d-9085-e9b0f68ae694" />
      <TestMethod codeBase="D:\v2.0\A1\_work\dbded102\bin\Release.AnyCPU\Vssf.Sdk\MS.VS.Services.Cloud.L0.Tests\MS.VS.Services.Cloud.L0.Tests.dll" adapterTypeName="Microsoft.VisualStudio.TestTools.TestTypes.Unit.UnitTestAdapter" className="MS.VS.Services.Cloud.L0.Tests.Aad.Cache.AadCacheOrchestratorTests" name="AadCacheOrchestrator_AllScenarios (Data Row 4)" />
    </UnitTest>
    <UnitTest name="AadCacheOrchestrator_AllScenarios (Data Row 5)" storage="d:\v2.0\a1\_work\dbded102\bin\release.anycpu\vssf.sdk\ms.vs.services.cloud.l0.tests\ms.vs.services.cloud.l0.tests.dll" id="9a7844ca-126c-4389-b9df-cd2401df2d56">
      <Owners>
        <Owner name="vscsauthztest" />
      </Owners>
      <Execution id="795d062b-dc83-4cb2-82ec-10b3a77b5227" />
      <TestMethod codeBase="D:\v2.0\A1\_work\dbded102\bin\Release.AnyCPU\Vssf.Sdk\MS.VS.Services.Cloud.L0.Tests\MS.VS.Services.Cloud.L0.Tests.dll" adapterTypeName="Microsoft.VisualStudio.TestTools.TestTypes.Unit.UnitTestAdapter" className="MS.VS.Services.Cloud.L0.Tests.Aad.Cache.AadCacheOrchestratorTests" name="AadCacheOrchestrator_AllScenarios (Data Row 5)" />
    </UnitTest>
    <UnitTest name="AadCacheOrchestrator_AllScenarios (Data Row 6)" storage="d:\v2.0\a1\_work\dbded102\bin\release.anycpu\vssf.sdk\ms.vs.services.cloud.l0.tests\ms.vs.services.cloud.l0.tests.dll" id="dbde729c-27ee-4c9e-8310-8898e6dc49f2">
      <Owners>
        <Owner name="vscsauthztest" />
      </Owners>
      <Execution id="cc4af0f1-a2f6-4dee-ab22-e85fd855a95c" />
      <TestMethod codeBase="D:\v2.0\A1\_work\dbded102\bin\Release.AnyCPU\Vssf.Sdk\MS.VS.Services.Cloud.L0.Tests\MS.VS.Services.Cloud.L0.Tests.dll" adapterTypeName="Microsoft.VisualStudio.TestTools.TestTypes.Unit.UnitTestAdapter" className="MS.VS.Services.Cloud.L0.Tests.Aad.Cache.AadCacheOrchestratorTests" name="AadCacheOrchestrator_AllScenarios (Data Row 6)" />
    </UnitTest>
    <UnitTest name="AadCacheOrchestrator_AllScenarios (Data Row 7)" storage="d:\v2.0\a1\_work\dbded102\bin\release.anycpu\vssf.sdk\ms.vs.services.cloud.l0.tests\ms.vs.services.cloud.l0.tests.dll" id="7a9d1c12-d423-41e3-9932-2ec35f92450f">
      <Owners>
        <Owner name="vscsauthztest" />
      </Owners>
      <Execution id="b455fb1a-c843-4f40-91ae-5b5ab579e8e7" />
      <TestMethod codeBase="D:\v2.0\A1\_work\dbded102\bin\Release.AnyCPU\Vssf.Sdk\MS.VS.Services.Cloud.L0.Tests\MS.VS.Services.Cloud.L0.Tests.dll" adapterTypeName="Microsoft.VisualStudio.TestTools.TestTypes.Unit.UnitTestAdapter" className="MS.VS.Services.Cloud.L0.Tests.Aad.Cache.AadCacheOrchestratorTests" name="AadCacheOrchestrator_AllScenarios (Data Row 7)" />
    </UnitTest>
    <UnitTest name="AadCacheOrchestrator_AllScenarios (Data Row 8)" storage="d:\v2.0\a1\_work\dbded102\bin\release.anycpu\vssf.sdk\ms.vs.services.cloud.l0.tests\ms.vs.services.cloud.l0.tests.dll" id="7e617977-8556-4f65-b182-193f005734a0">
      <Owners>
        <Owner name="vscsauthztest" />
      </Owners>
      <Execution id="1f496932-7b46-46ac-b75d-f9110c5c5228" />
      <TestMethod codeBase="D:\v2.0\A1\_work\dbded102\bin\Release.AnyCPU\Vssf.Sdk\MS.VS.Services.Cloud.L0.Tests\MS.VS.Services.Cloud.L0.Tests.dll" adapterTypeName="Microsoft.VisualStudio.TestTools.TestTypes.Unit.UnitTestAdapter" className="MS.VS.Services.Cloud.L0.Tests.Aad.Cache.AadCacheOrchestratorTests" name="AadCacheOrchestrator_AllScenarios (Data Row 8)" />
    </UnitTest>
    <UnitTest name="AadCacheOrchestrator_AllScenarios (Data Row 9)" storage="d:\v2.0\a1\_work\dbded102\bin\release.anycpu\vssf.sdk\ms.vs.services.cloud.l0.tests\ms.vs.services.cloud.l0.tests.dll" id="1201dafe-b563-4ee7-9773-064b88b70d89">
      <Owners>
        <Owner name="vscsauthztest" />
      </Owners>
      <Execution id="7379e8c0-eddb-4e6e-acd5-cbc5a4aa3432" />
      <TestMethod codeBase="D:\v2.0\A1\_work\dbded102\bin\Release.AnyCPU\Vssf.Sdk\MS.VS.Services.Cloud.L0.Tests\MS.VS.Services.Cloud.L0.Tests.dll" adapterTypeName="Microsoft.VisualStudio.TestTools.TestTypes.Unit.UnitTestAdapter" className="MS.VS.Services.Cloud.L0.Tests.Aad.Cache.AadCacheOrchestratorTests" name="AadCacheOrchestrator_AllScenarios (Data Row 9)" />
    </UnitTest>
    <UnitTest name="AadCacheOrchestrator_AllScenarios (Data Row 10)" storage="d:\v2.0\a1\_work\dbded102\bin\release.anycpu\vssf.sdk\ms.vs.services.cloud.l0.tests\ms.vs.services.cloud.l0.tests.dll" id="b26d675c-a8e4-4365-a308-544ff01847ee">
      <Owners>
        <Owner name="vscsauthztest" />
      </Owners>
      <Execution id="f74aa8c6-a253-4f53-9533-a6b105530ba3" />
      <TestMethod codeBase="D:\v2.0\A1\_work\dbded102\bin\Release.AnyCPU\Vssf.Sdk\MS.VS.Services.Cloud.L0.Tests\MS.VS.Services.Cloud.L0.Tests.dll" adapterTypeName="Microsoft.VisualStudio.TestTools.TestTypes.Unit.UnitTestAdapter" className="MS.VS.Services.Cloud.L0.Tests.Aad.Cache.AadCacheOrchestratorTests" name="AadCacheOrchestrator_AllScenarios (Data Row 10)" />
    </UnitTest>
    <UnitTest name="AadCacheOrchestrator_AllScenarios (Data Row 11)" storage="d:\v2.0\a1\_work\dbded102\bin\release.anycpu\vssf.sdk\ms.vs.services.cloud.l0.tests\ms.vs.services.cloud.l0.tests.dll" id="8c69fe2f-36f9-42aa-9611-31c1ca3d0c09">
      <Owners>
        <Owner name="vscsauthztest" />
      </Owners>
      <Execution id="4e73d5b0-a5a8-44bb-8cf3-99301b4ca375" />
      <TestMethod codeBase="D:\v2.0\A1\_work\dbded102\bin\Release.AnyCPU\Vssf.Sdk\MS.VS.Services.Cloud.L0.Tests\MS.VS.Services.Cloud.L0.Tests.dll" adapterTypeName="Microsoft.VisualStudio.TestTools.TestTypes.Unit.UnitTestAdapter" className="MS.VS.Services.Cloud.L0.Tests.Aad.Cache.AadCacheOrchestratorTests" name="AadCacheOrchestrator_AllScenarios (Data Row 11)" />
    </UnitTest>
    <UnitTest name="AadCacheOrchestrator_AllScenarios (Data Row 12)" storage="d:\v2.0\a1\_work\dbded102\bin\release.anycpu\vssf.sdk\ms.vs.services.cloud.l0.tests\ms.vs.services.cloud.l0.tests.dll" id="52c5441a-2db1-4c1e-9700-dafb2e1c0244">
      <Owners>
        <Owner name="vscsauthztest" />
      </Owners>
      <Execution id="5359f36b-49df-48ca-b3ce-c2ff145d9340" />
      <TestMethod codeBase="D:\v2.0\A1\_work\dbded102\bin\Release.AnyCPU\Vssf.Sdk\MS.VS.Services.Cloud.L0.Tests\MS.VS.Services.Cloud.L0.Tests.dll" adapterTypeName="Microsoft.VisualStudio.TestTools.TestTypes.Unit.UnitTestAdapter" className="MS.VS.Services.Cloud.L0.Tests.Aad.Cache.AadCacheOrchestratorTests" name="AadCacheOrchestrator_AllScenarios (Data Row 12)" />
    </UnitTest>
    <UnitTest name="AadCacheOrchestrator_AllScenarios (Data Row 13)" storage="d:\v2.0\a1\_work\dbded102\bin\release.anycpu\vssf.sdk\ms.vs.services.cloud.l0.tests\ms.vs.services.cloud.l0.tests.dll" id="f52a1c14-1d2e-4869-99cc-54e3af4e3a61">
      <Owners>
        <Owner name="vscsauthztest" />
      </Owners>
      <Execution id="edd3bef4-ef52-4d1e-a0d1-00da8fb6faff" />
      <TestMethod codeBase="D:\v2.0\A1\_work\dbded102\bin\Release.AnyCPU\Vssf.Sdk\MS.VS.Services.Cloud.L0.Tests\MS.VS.Services.Cloud.L0.Tests.dll" adapterTypeName="Microsoft.VisualStudio.TestTools.TestTypes.Unit.UnitTestAdapter" className="MS.VS.Services.Cloud.L0.Tests.Aad.Cache.AadCacheOrchestratorTests" name="AadCacheOrchestrator_AllScenarios (Data Row 13)" />
    </UnitTest>
    <UnitTest name="AadCacheOrchestrator_AllScenarios (Data Row 14)" storage="d:\v2.0\a1\_work\dbded102\bin\release.anycpu\vssf.sdk\ms.vs.services.cloud.l0.tests\ms.vs.services.cloud.l0.tests.dll" id="34cdf35b-4098-4f3a-8455-281f966fcb1b">
      <Owners>
        <Owner name="vscsauthztest" />
      </Owners>
      <Execution id="799f34b2-cbf6-4fc7-8129-dafc7f9f0174" />
      <TestMethod codeBase="D:\v2.0\A1\_work\dbded102\bin\Release.AnyCPU\Vssf.Sdk\MS.VS.Services.Cloud.L0.Tests\MS.VS.Services.Cloud.L0.Tests.dll" adapterTypeName="Microsoft.VisualStudio.TestTools.TestTypes.Unit.UnitTestAdapter" className="MS.VS.Services.Cloud.L0.Tests.Aad.Cache.AadCacheOrchestratorTests" name="AadCacheOrchestrator_AllScenarios (Data Row 14)" />
    </UnitTest>
    <UnitTest name="AadLocalCacheContainer_GetTwo" storage="d:\v2.0\a1\_work\dbded102\bin\release.anycpu\vssf.sdk\ms.vs.services.cloud.l0.tests\ms.vs.services.cloud.l0.tests.dll" id="cc379e8d-1d26-70fc-caa7-afb89ced0bf2">
      <Owners>
        <Owner name="vscsauthztest" />
      </Owners>
      <Execution id="768009fd-3e52-4400-b807-d157b6cf047b" />
      <TestMethod codeBase="D:\v2.0\A1\_work\dbded102\bin\Release.AnyCPU\Vssf.Sdk\MS.VS.Services.Cloud.L0.Tests\MS.VS.Services.Cloud.L0.Tests.dll" adapterTypeName="Microsoft.VisualStudio.TestTools.TestTypes.Unit.UnitTestAdapter" className="MS.VS.Services.Cloud.L0.Tests.Aad.Cache.AadLocalCacheContainerTests" name="AadLocalCacheContainer_GetTwo" />
    </UnitTest>
    <UnitTest name="AadLocalCacheContainer_AddOne_GetTwo" storage="d:\v2.0\a1\_work\dbded102\bin\release.anycpu\vssf.sdk\ms.vs.services.cloud.l0.tests\ms.vs.services.cloud.l0.tests.dll" id="325a18c0-eeee-74b1-4ef7-9fdf27b6b0cb">
      <Owners>
        <Owner name="vscsauthztest" />
      </Owners>
      <Execution id="8f3b1eaa-819c-4e88-97a1-c4cdd75573e4" />
      <TestMethod codeBase="D:\v2.0\A1\_work\dbded102\bin\Release.AnyCPU\Vssf.Sdk\MS.VS.Services.Cloud.L0.Tests\MS.VS.Services.Cloud.L0.Tests.dll" adapterTypeName="Microsoft.VisualStudio.TestTools.TestTypes.Unit.UnitTestAdapter" className="MS.VS.Services.Cloud.L0.Tests.Aad.Cache.AadLocalCacheContainerTests" name="AadLocalCacheContainer_AddOne_GetTwo" />
    </UnitTest>
    <UnitTest name="AadLocalCacheContainer_AddTwo_RemoveFirst_GetTwo" storage="d:\v2.0\a1\_work\dbded102\bin\release.anycpu\vssf.sdk\ms.vs.services.cloud.l0.tests\ms.vs.services.cloud.l0.tests.dll" id="d6ae43d5-5394-f4d4-8d7f-2153510112dc">
      <Owners>
        <Owner name="vscsauthztest" />
      </Owners>
      <Execution id="ea3174f1-9798-46ec-b951-4c36dbd81a0c" />
      <TestMethod codeBase="D:\v2.0\A1\_work\dbded102\bin\Release.AnyCPU\Vssf.Sdk\MS.VS.Services.Cloud.L0.Tests\MS.VS.Services.Cloud.L0.Tests.dll" adapterTypeName="Microsoft.VisualStudio.TestTools.TestTypes.Unit.UnitTestAdapter" className="MS.VS.Services.Cloud.L0.Tests.Aad.Cache.AadLocalCacheContainerTests" name="AadLocalCacheContainer_AddTwo_RemoveFirst_GetTwo" />
    </UnitTest>
    <UnitTest name="AadLocalCacheContainer_AddTwo_RemoveSecond_GetTwo" storage="d:\v2.0\a1\_work\dbded102\bin\release.anycpu\vssf.sdk\ms.vs.services.cloud.l0.tests\ms.vs.services.cloud.l0.tests.dll" id="1139e103-caff-7c68-89e2-4e85ec468357">
      <Owners>
        <Owner name="vscsauthztest" />
      </Owners>
      <Execution id="c7d30a38-05da-4303-99f2-1364d0301cc7" />
      <TestMethod codeBase="D:\v2.0\A1\_work\dbded102\bin\Release.AnyCPU\Vssf.Sdk\MS.VS.Services.Cloud.L0.Tests\MS.VS.Services.Cloud.L0.Tests.dll" adapterTypeName="Microsoft.VisualStudio.TestTools.TestTypes.Unit.UnitTestAdapter" className="MS.VS.Services.Cloud.L0.Tests.Aad.Cache.AadLocalCacheContainerTests" name="AadLocalCacheContainer_AddTwo_RemoveSecond_GetTwo" />
    </UnitTest>
    <UnitTest name="AadLocalCacheContainer_Overfill" storage="d:\v2.0\a1\_work\dbded102\bin\release.anycpu\vssf.sdk\ms.vs.services.cloud.l0.tests\ms.vs.services.cloud.l0.tests.dll" id="7c8cb673-f25a-2fcc-c683-c112fd3aa431">
      <Owners>
        <Owner name="vscsauthztest" />
      </Owners>
      <Execution id="c6eedd31-4a88-45df-bbd2-e41c37b2bc26" />
      <TestMethod codeBase="D:\v2.0\A1\_work\dbded102\bin\Release.AnyCPU\Vssf.Sdk\MS.VS.Services.Cloud.L0.Tests\MS.VS.Services.Cloud.L0.Tests.dll" adapterTypeName="Microsoft.VisualStudio.TestTools.TestTypes.Unit.UnitTestAdapter" className="MS.VS.Services.Cloud.L0.Tests.Aad.Cache.AadLocalCacheContainerTests" name="AadLocalCacheContainer_Overfill" />
    </UnitTest>
    <UnitTest name="AadLocalCacheContainer_EvictWithSampleSize01" storage="d:\v2.0\a1\_work\dbded102\bin\release.anycpu\vssf.sdk\ms.vs.services.cloud.l0.tests\ms.vs.services.cloud.l0.tests.dll" id="17de2524-fd57-afcb-54fc-0a75813fb0b7">
      <Owners>
        <Owner name="vscsauthztest" />
      </Owners>
      <Execution id="1b8d40f2-2d86-4fbd-bc72-797356b9d46c" />
      <TestMethod codeBase="D:\v2.0\A1\_work\dbded102\bin\Release.AnyCPU\Vssf.Sdk\MS.VS.Services.Cloud.L0.Tests\MS.VS.Services.Cloud.L0.Tests.dll" adapterTypeName="Microsoft.VisualStudio.TestTools.TestTypes.Unit.UnitTestAdapter" className="MS.VS.Services.Cloud.L0.Tests.Aad.Cache.AadLocalCacheContainerTests" name="AadLocalCacheContainer_EvictWithSampleSize01" />
    </UnitTest>
    <UnitTest name="AadLocalCacheContainer_EvictWithSampleSize02" storage="d:\v2.0\a1\_work\dbded102\bin\release.anycpu\vssf.sdk\ms.vs.services.cloud.l0.tests\ms.vs.services.cloud.l0.tests.dll" id="624aec69-dac2-266d-f61b-0410884eb55d">
      <Owners>
        <Owner name="vscsauthztest" />
      </Owners>
      <Execution id="81d7492f-5a45-4121-8691-87756c094c71" />
      <TestMethod codeBase="D:\v2.0\A1\_work\dbded102\bin\Release.AnyCPU\Vssf.Sdk\MS.VS.Services.Cloud.L0.Tests\MS.VS.Services.Cloud.L0.Tests.dll" adapterTypeName="Microsoft.VisualStudio.TestTools.TestTypes.Unit.UnitTestAdapter" className="MS.VS.Services.Cloud.L0.Tests.Aad.Cache.AadLocalCacheContainerTests" name="AadLocalCacheContainer_EvictWithSampleSize02" />
    </UnitTest>
    <UnitTest name="AadLocalCacheContainer_EvictWithSampleSize04" storage="d:\v2.0\a1\_work\dbded102\bin\release.anycpu\vssf.sdk\ms.vs.services.cloud.l0.tests\ms.vs.services.cloud.l0.tests.dll" id="ff8428cf-045f-3c7e-1306-3c66767cd427">
      <Owners>
        <Owner name="vscsauthztest" />
      </Owners>
      <Execution id="888bec18-87dd-4922-9f04-e30a66eb6d86" />
      <TestMethod codeBase="D:\v2.0\A1\_work\dbded102\bin\Release.AnyCPU\Vssf.Sdk\MS.VS.Services.Cloud.L0.Tests\MS.VS.Services.Cloud.L0.Tests.dll" adapterTypeName="Microsoft.VisualStudio.TestTools.TestTypes.Unit.UnitTestAdapter" className="MS.VS.Services.Cloud.L0.Tests.Aad.Cache.AadLocalCacheContainerTests" name="AadLocalCacheContainer_EvictWithSampleSize04" />
    </UnitTest>
    <UnitTest name="AadLocalCacheContainer_EvictWithSampleSize08" storage="d:\v2.0\a1\_work\dbded102\bin\release.anycpu\vssf.sdk\ms.vs.services.cloud.l0.tests\ms.vs.services.cloud.l0.tests.dll" id="42f664da-9c3b-624e-a6f8-f30e9dbbd8f9">
      <Owners>
        <Owner name="vscsauthztest" />
      </Owners>
      <Execution id="147f8ca0-49d8-47ad-8515-5b8e8a9b502d" />
      <TestMethod codeBase="D:\v2.0\A1\_work\dbded102\bin\Release.AnyCPU\Vssf.Sdk\MS.VS.Services.Cloud.L0.Tests\MS.VS.Services.Cloud.L0.Tests.dll" adapterTypeName="Microsoft.VisualStudio.TestTools.TestTypes.Unit.UnitTestAdapter" className="MS.VS.Services.Cloud.L0.Tests.Aad.Cache.AadLocalCacheContainerTests" name="AadLocalCacheContainer_EvictWithSampleSize08" />
    </UnitTest>
    <UnitTest name="AadLocalCacheContainer_EvictWithSampleSize16" storage="d:\v2.0\a1\_work\dbded102\bin\release.anycpu\vssf.sdk\ms.vs.services.cloud.l0.tests\ms.vs.services.cloud.l0.tests.dll" id="282881bf-fefc-8641-349a-209621d5798e">
      <Owners>
        <Owner name="vscsauthztest" />
      </Owners>
      <Execution id="41717578-4150-4aeb-9b1a-5c25e4f531e8" />
      <TestMethod codeBase="D:\v2.0\A1\_work\dbded102\bin\Release.AnyCPU\Vssf.Sdk\MS.VS.Services.Cloud.L0.Tests\MS.VS.Services.Cloud.L0.Tests.dll" adapterTypeName="Microsoft.VisualStudio.TestTools.TestTypes.Unit.UnitTestAdapter" className="MS.VS.Services.Cloud.L0.Tests.Aad.Cache.AadLocalCacheContainerTests" name="AadLocalCacheContainer_EvictWithSampleSize16" />
    </UnitTest>
    <UnitTest name="AadLocalCacheContainer_EvictWithSampleSize32" storage="d:\v2.0\a1\_work\dbded102\bin\release.anycpu\vssf.sdk\ms.vs.services.cloud.l0.tests\ms.vs.services.cloud.l0.tests.dll" id="feff3acf-a5cd-1a42-4c0e-8e28718378d5">
      <Owners>
        <Owner name="vscsauthztest" />
      </Owners>
      <Execution id="713b780a-4f23-45e5-bf92-11a797b327ce" />
      <TestMethod codeBase="D:\v2.0\A1\_work\dbded102\bin\Release.AnyCPU\Vssf.Sdk\MS.VS.Services.Cloud.L0.Tests\MS.VS.Services.Cloud.L0.Tests.dll" adapterTypeName="Microsoft.VisualStudio.TestTools.TestTypes.Unit.UnitTestAdapter" className="MS.VS.Services.Cloud.L0.Tests.Aad.Cache.AadLocalCacheContainerTests" name="AadLocalCacheContainer_EvictWithSampleSize32" />
    </UnitTest>
    <UnitTest name="AadLocalCache_GetObjects_CacheHit" storage="d:\v2.0\a1\_work\dbded102\bin\release.anycpu\vssf.sdk\ms.vs.services.cloud.l0.tests\ms.vs.services.cloud.l0.tests.dll" id="68397496-52f9-317f-9bc2-baf91397fc26">
      <Owners>
        <Owner name="vscsauthztest" />
      </Owners>
      <Execution id="65d6ce59-dc84-4748-997a-9027dc364367" />
      <TestMethod codeBase="D:\v2.0\A1\_work\dbded102\bin\Release.AnyCPU\Vssf.Sdk\MS.VS.Services.Cloud.L0.Tests\MS.VS.Services.Cloud.L0.Tests.dll" adapterTypeName="Microsoft.VisualStudio.TestTools.TestTypes.Unit.UnitTestAdapter" className="MS.VS.Services.Cloud.L0.Tests.Aad.Cache.AadLocalCacheTests" name="AadLocalCache_GetObjects_CacheHit" />
    </UnitTest>
    <UnitTest name="AadLocalCache_GetObjects_CacheMiss" storage="d:\v2.0\a1\_work\dbded102\bin\release.anycpu\vssf.sdk\ms.vs.services.cloud.l0.tests\ms.vs.services.cloud.l0.tests.dll" id="7d1978e1-ffcb-0726-9d36-405ecfb80da3">
      <Owners>
        <Owner name="vscsauthztest" />
      </Owners>
      <Execution id="fa5117e4-e263-460f-8124-061d2123bd3f" />
      <TestMethod codeBase="D:\v2.0\A1\_work\dbded102\bin\Release.AnyCPU\Vssf.Sdk\MS.VS.Services.Cloud.L0.Tests\MS.VS.Services.Cloud.L0.Tests.dll" adapterTypeName="Microsoft.VisualStudio.TestTools.TestTypes.Unit.UnitTestAdapter" className="MS.VS.Services.Cloud.L0.Tests.Aad.Cache.AadLocalCacheTests" name="AadLocalCache_GetObjects_CacheMiss" />
    </UnitTest>
    <UnitTest name="AadRemoteCache_GetObjects_CacheHit" storage="d:\v2.0\a1\_work\dbded102\bin\release.anycpu\vssf.sdk\ms.vs.services.cloud.l0.tests\ms.vs.services.cloud.l0.tests.dll" id="ae2e8c87-6f25-9e21-318d-f2ec85f76abb">
      <Owners>
        <Owner name="vscsauthztest" />
      </Owners>
      <Execution id="9834f464-f210-4504-9960-c2595ad3c6b6" />
      <TestMethod codeBase="D:\v2.0\A1\_work\dbded102\bin\Release.AnyCPU\Vssf.Sdk\MS.VS.Services.Cloud.L0.Tests\MS.VS.Services.Cloud.L0.Tests.dll" adapterTypeName="Microsoft.VisualStudio.TestTools.TestTypes.Unit.UnitTestAdapter" className="MS.VS.Services.Cloud.L0.Tests.Aad.Cache.AadRemoteCacheTests" name="AadRemoteCache_GetObjects_CacheHit" />
    </UnitTest>
    <UnitTest name="AadRemoteCache_GetObjects_CacheMiss" storage="d:\v2.0\a1\_work\dbded102\bin\release.anycpu\vssf.sdk\ms.vs.services.cloud.l0.tests\ms.vs.services.cloud.l0.tests.dll" id="4596cef4-8382-212a-c3c4-0436ae202167">
      <Owners>
        <Owner name="vscsauthztest" />
      </Owners>
      <Execution id="bf2449c7-373b-4b44-949d-c6c749578dd1" />
      <TestMethod codeBase="D:\v2.0\A1\_work\dbded102\bin\Release.AnyCPU\Vssf.Sdk\MS.VS.Services.Cloud.L0.Tests\MS.VS.Services.Cloud.L0.Tests.dll" adapterTypeName="Microsoft.VisualStudio.TestTools.TestTypes.Unit.UnitTestAdapter" className="MS.VS.Services.Cloud.L0.Tests.Aad.Cache.AadRemoteCacheTests" name="AadRemoteCache_GetObjects_CacheMiss" />
    </UnitTest>
    <UnitTest name="SerializationOfAadCacheObjects_DoesNotFail_ForAnyCulture" storage="d:\v2.0\a1\_work\dbded102\bin\release.anycpu\vssf.sdk\ms.vs.services.cloud.l0.tests\ms.vs.services.cloud.l0.tests.dll" priority="1" id="912b3818-78a7-d609-c47b-3ff18cf6d60c">
      <Owners>
        <Owner name="vscsauthztest" />
      </Owners>
      <Execution id="55b213d2-f4bc-46bf-a98d-7afd3379251e" />
      <TestMethod codeBase="D:\v2.0\A1\_work\dbded102\bin\Release.AnyCPU\Vssf.Sdk\MS.VS.Services.Cloud.L0.Tests\MS.VS.Services.Cloud.L0.Tests.dll" adapterTypeName="Microsoft.VisualStudio.TestTools.TestTypes.Unit.UnitTestAdapter" className="MS.VS.Services.Cloud.L0.Tests.Aad.Cache.AadCacheObjectSerializationTests" name="SerializationOfAadCacheObjects_DoesNotFail_ForAnyCulture" />
    </UnitTest>
    <UnitTest name="AadTokenServiceBase_AcquireToken_should_throw_when_request_context_is_null" storage="d:\v2.0\a1\_work\dbded102\bin\release.anycpu\vssf.sdk\ms.vs.services.cloud.l0.tests\ms.vs.services.cloud.l0.tests.dll" id="bdc18bd4-23a1-57f8-9197-6de3588c4b21">
      <Execution id="4c939553-430a-40c8-a0ba-45003d25408e" />
      <TestMethod codeBase="D:\v2.0\A1\_work\dbded102\bin\Release.AnyCPU\Vssf.Sdk\MS.VS.Services.Cloud.L0.Tests\MS.VS.Services.Cloud.L0.Tests.dll" adapterTypeName="Microsoft.VisualStudio.TestTools.TestTypes.Unit.UnitTestAdapter" className="Microsoft.VisualStudio.Services.Aad.Tokens.AadTokenServiceBaseTests+AadTokenServiceBase_AcquireToken" name="AadTokenServiceBase_AcquireToken_should_throw_when_request_context_is_null" />
    </UnitTest>
    <UnitTest name="AadTokenServiceBase_AcquireToken_should_throw_argument_null_when_resource_is_null" storage="d:\v2.0\a1\_work\dbded102\bin\release.anycpu\vssf.sdk\ms.vs.services.cloud.l0.tests\ms.vs.services.cloud.l0.tests.dll" id="0143cbce-3df7-9555-516a-f2e0583846cc">
      <Execution id="d493b501-136e-41e5-9cba-2198ff4703cb" />
      <TestMethod codeBase="D:\v2.0\A1\_work\dbded102\bin\Release.AnyCPU\Vssf.Sdk\MS.VS.Services.Cloud.L0.Tests\MS.VS.Services.Cloud.L0.Tests.dll" adapterTypeName="Microsoft.VisualStudio.TestTools.TestTypes.Unit.UnitTestAdapter" className="Microsoft.VisualStudio.Services.Aad.Tokens.AadTokenServiceBaseTests+AadTokenServiceBase_AcquireToken" name="AadTokenServiceBase_AcquireToken_should_throw_argument_null_when_resource_is_null" />
    </UnitTest>
    <UnitTest name="AadTokenServiceBase_AcquireToken_should_throw_argument_null_when_tenant_is_null" storage="d:\v2.0\a1\_work\dbded102\bin\release.anycpu\vssf.sdk\ms.vs.services.cloud.l0.tests\ms.vs.services.cloud.l0.tests.dll" id="90514021-39cb-4b09-5219-8024ae44d68e">
      <Execution id="cf05dbfa-1d8f-4ba0-a14c-dbfbf5fe153b" />
      <TestMethod codeBase="D:\v2.0\A1\_work\dbded102\bin\Release.AnyCPU\Vssf.Sdk\MS.VS.Services.Cloud.L0.Tests\MS.VS.Services.Cloud.L0.Tests.dll" adapterTypeName="Microsoft.VisualStudio.TestTools.TestTypes.Unit.UnitTestAdapter" className="Microsoft.VisualStudio.Services.Aad.Tokens.AadTokenServiceBaseTests+AadTokenServiceBase_AcquireToken" name="AadTokenServiceBase_AcquireToken_should_throw_argument_null_when_tenant_is_null" />
    </UnitTest>
    <UnitTest name="AadTokenServiceBase_AcquireToken_should_forward_to_deployment_service_when_host_type_is_not_deployment" storage="d:\v2.0\a1\_work\dbded102\bin\release.anycpu\vssf.sdk\ms.vs.services.cloud.l0.tests\ms.vs.services.cloud.l0.tests.dll" id="de7103bb-7b2a-54cf-39fc-f998472125fa">
      <Execution id="f14f89b9-e081-4b7b-9316-69895086e76b" />
      <TestMethod codeBase="D:\v2.0\A1\_work\dbded102\bin\Release.AnyCPU\Vssf.Sdk\MS.VS.Services.Cloud.L0.Tests\MS.VS.Services.Cloud.L0.Tests.dll" adapterTypeName="Microsoft.VisualStudio.TestTools.TestTypes.Unit.UnitTestAdapter" className="Microsoft.VisualStudio.Services.Aad.Tokens.AadTokenServiceBaseTests+AadTokenServiceBase_AcquireToken" name="AadTokenServiceBase_AcquireToken_should_forward_to_deployment_service_when_host_type_is_not_deployment" />
    </UnitTest>
    <UnitTest name="AadTokenServiceBase_AcquireToken_should_not_get_from_local_cache_when_local_cache_feature_is_dsabled" storage="d:\v2.0\a1\_work\dbded102\bin\release.anycpu\vssf.sdk\ms.vs.services.cloud.l0.tests\ms.vs.services.cloud.l0.tests.dll" id="59dbffab-3cb6-3f18-2729-b7ae165a1908">
      <Execution id="3acd4868-b87c-4d1d-9dcc-efd573bf437a" />
      <TestMethod codeBase="D:\v2.0\A1\_work\dbded102\bin\Release.AnyCPU\Vssf.Sdk\MS.VS.Services.Cloud.L0.Tests\MS.VS.Services.Cloud.L0.Tests.dll" adapterTypeName="Microsoft.VisualStudio.TestTools.TestTypes.Unit.UnitTestAdapter" className="Microsoft.VisualStudio.Services.Aad.Tokens.AadTokenServiceBaseTests+AadTokenServiceBase_AcquireToken" name="AadTokenServiceBase_AcquireToken_should_not_get_from_local_cache_when_local_cache_feature_is_dsabled" />
    </UnitTest>
    <UnitTest name="AadTokenServiceBase_AcquireToken_should_return_token_from_local_cache_on_cache_hit" storage="d:\v2.0\a1\_work\dbded102\bin\release.anycpu\vssf.sdk\ms.vs.services.cloud.l0.tests\ms.vs.services.cloud.l0.tests.dll" id="24293b7b-8e17-fe6f-9dac-22ff1c7f2d35">
      <Execution id="f437f04c-78bd-4774-9d1f-5cfbe7ef0034" />
      <TestMethod codeBase="D:\v2.0\A1\_work\dbded102\bin\Release.AnyCPU\Vssf.Sdk\MS.VS.Services.Cloud.L0.Tests\MS.VS.Services.Cloud.L0.Tests.dll" adapterTypeName="Microsoft.VisualStudio.TestTools.TestTypes.Unit.UnitTestAdapter" className="Microsoft.VisualStudio.Services.Aad.Tokens.AadTokenServiceBaseTests+AadTokenServiceBase_AcquireToken" name="AadTokenServiceBase_AcquireToken_should_return_token_from_local_cache_on_cache_hit" />
    </UnitTest>
    <UnitTest name="AadTokenServiceBase_AcquireToken_should_not_return_token_from_local_cache_when_token_has_expired" storage="d:\v2.0\a1\_work\dbded102\bin\release.anycpu\vssf.sdk\ms.vs.services.cloud.l0.tests\ms.vs.services.cloud.l0.tests.dll" id="fb1098b8-bb29-2286-c752-fd8489c4c5ca">
      <Execution id="c73ba329-8643-4d13-bda3-6c742a30ce70" />
      <TestMethod codeBase="D:\v2.0\A1\_work\dbded102\bin\Release.AnyCPU\Vssf.Sdk\MS.VS.Services.Cloud.L0.Tests\MS.VS.Services.Cloud.L0.Tests.dll" adapterTypeName="Microsoft.VisualStudio.TestTools.TestTypes.Unit.UnitTestAdapter" className="Microsoft.VisualStudio.Services.Aad.Tokens.AadTokenServiceBaseTests+AadTokenServiceBase_AcquireToken" name="AadTokenServiceBase_AcquireToken_should_not_return_token_from_local_cache_when_token_has_expired" />
    </UnitTest>
    <UnitTest name="AadTokenServiceBase_AcquireToken_should_not_get_from_remote_cache_when_remote_cache_feature_is_disabled" storage="d:\v2.0\a1\_work\dbded102\bin\release.anycpu\vssf.sdk\ms.vs.services.cloud.l0.tests\ms.vs.services.cloud.l0.tests.dll" id="6e335849-01fc-c6f4-1cfa-1c54b8999b04">
      <Execution id="7cd68783-23c1-4830-9a0c-8f6d44221cd2" />
      <TestMethod codeBase="D:\v2.0\A1\_work\dbded102\bin\Release.AnyCPU\Vssf.Sdk\MS.VS.Services.Cloud.L0.Tests\MS.VS.Services.Cloud.L0.Tests.dll" adapterTypeName="Microsoft.VisualStudio.TestTools.TestTypes.Unit.UnitTestAdapter" className="Microsoft.VisualStudio.Services.Aad.Tokens.AadTokenServiceBaseTests+AadTokenServiceBase_AcquireToken" name="AadTokenServiceBase_AcquireToken_should_not_get_from_remote_cache_when_remote_cache_feature_is_disabled" />
    </UnitTest>
    <UnitTest name="AadTokenServiceBase_AcquireToken_should_return_token_from_remote_cache_on_cache_hit" storage="d:\v2.0\a1\_work\dbded102\bin\release.anycpu\vssf.sdk\ms.vs.services.cloud.l0.tests\ms.vs.services.cloud.l0.tests.dll" id="742289ff-f086-0101-6eca-ae6a031a6b78">
      <Execution id="1f91a6f3-535d-4c89-9673-aff59a4ff808" />
      <TestMethod codeBase="D:\v2.0\A1\_work\dbded102\bin\Release.AnyCPU\Vssf.Sdk\MS.VS.Services.Cloud.L0.Tests\MS.VS.Services.Cloud.L0.Tests.dll" adapterTypeName="Microsoft.VisualStudio.TestTools.TestTypes.Unit.UnitTestAdapter" className="Microsoft.VisualStudio.Services.Aad.Tokens.AadTokenServiceBaseTests+AadTokenServiceBase_AcquireToken" name="AadTokenServiceBase_AcquireToken_should_return_token_from_remote_cache_on_cache_hit" />
    </UnitTest>
    <UnitTest name="AadTokenServiceBase_AcquireToken_should_not_return_token_from_remote_cache_when_token_has_expired" storage="d:\v2.0\a1\_work\dbded102\bin\release.anycpu\vssf.sdk\ms.vs.services.cloud.l0.tests\ms.vs.services.cloud.l0.tests.dll" id="5b21479c-587d-c17b-6da5-f95ec4dec998">
      <Execution id="87af8b26-7ae4-42f0-8306-ccbb2d501dae" />
      <TestMethod codeBase="D:\v2.0\A1\_work\dbded102\bin\Release.AnyCPU\Vssf.Sdk\MS.VS.Services.Cloud.L0.Tests\MS.VS.Services.Cloud.L0.Tests.dll" adapterTypeName="Microsoft.VisualStudio.TestTools.TestTypes.Unit.UnitTestAdapter" className="Microsoft.VisualStudio.Services.Aad.Tokens.AadTokenServiceBaseTests+AadTokenServiceBase_AcquireToken" name="AadTokenServiceBase_AcquireToken_should_not_return_token_from_remote_cache_when_token_has_expired" />
    </UnitTest>
    <UnitTest name="AadTokenServiceBase_AcquireToken_should_update_local_cache_on_cache_hit" storage="d:\v2.0\a1\_work\dbded102\bin\release.anycpu\vssf.sdk\ms.vs.services.cloud.l0.tests\ms.vs.services.cloud.l0.tests.dll" id="74582051-de3b-5b10-c71a-4607af030fa0">
      <Execution id="5f1f01fe-b418-4cab-adde-ec6042fbb41b" />
      <TestMethod codeBase="D:\v2.0\A1\_work\dbded102\bin\Release.AnyCPU\Vssf.Sdk\MS.VS.Services.Cloud.L0.Tests\MS.VS.Services.Cloud.L0.Tests.dll" adapterTypeName="Microsoft.VisualStudio.TestTools.TestTypes.Unit.UnitTestAdapter" className="Microsoft.VisualStudio.Services.Aad.Tokens.AadTokenServiceBaseTests+AadTokenServiceBase_AcquireToken" name="AadTokenServiceBase_AcquireToken_should_update_local_cache_on_cache_hit" />
    </UnitTest>
    <UnitTest name="AadTokenServiceBase_AcquireToken_should_not_update_remote_cache_with_remote_token_when_remote_cache_is_disabled" storage="d:\v2.0\a1\_work\dbded102\bin\release.anycpu\vssf.sdk\ms.vs.services.cloud.l0.tests\ms.vs.services.cloud.l0.tests.dll" id="ba225ada-7c0b-7bb3-d13f-6df287168e34">
      <Execution id="ba141c4d-1c23-42ba-9337-fc78b66c4700" />
      <TestMethod codeBase="D:\v2.0\A1\_work\dbded102\bin\Release.AnyCPU\Vssf.Sdk\MS.VS.Services.Cloud.L0.Tests\MS.VS.Services.Cloud.L0.Tests.dll" adapterTypeName="Microsoft.VisualStudio.TestTools.TestTypes.Unit.UnitTestAdapter" className="Microsoft.VisualStudio.Services.Aad.Tokens.AadTokenServiceBaseTests+AadTokenServiceBase_AcquireToken" name="AadTokenServiceBase_AcquireToken_should_not_update_remote_cache_with_remote_token_when_remote_cache_is_disabled" />
    </UnitTest>
    <UnitTest name="AadTokenServiceBase_AcquireToken_should_update_remote_cache_with_remote_token" storage="d:\v2.0\a1\_work\dbded102\bin\release.anycpu\vssf.sdk\ms.vs.services.cloud.l0.tests\ms.vs.services.cloud.l0.tests.dll" id="68befd6b-0c69-c112-b426-777dc55b4950">
      <Execution id="a97250f0-c2be-4279-95a8-c488a04f16c5" />
      <TestMethod codeBase="D:\v2.0\A1\_work\dbded102\bin\Release.AnyCPU\Vssf.Sdk\MS.VS.Services.Cloud.L0.Tests\MS.VS.Services.Cloud.L0.Tests.dll" adapterTypeName="Microsoft.VisualStudio.TestTools.TestTypes.Unit.UnitTestAdapter" className="Microsoft.VisualStudio.Services.Aad.Tokens.AadTokenServiceBaseTests+AadTokenServiceBase_AcquireToken" name="AadTokenServiceBase_AcquireToken_should_update_remote_cache_with_remote_token" />
    </UnitTest>
    <UnitTest name="AadTokenServiceBase_AcquireToken_should_update_local_cache_with_remote_token" storage="d:\v2.0\a1\_work\dbded102\bin\release.anycpu\vssf.sdk\ms.vs.services.cloud.l0.tests\ms.vs.services.cloud.l0.tests.dll" id="c24054e0-41dc-86c2-da37-6751016bc21a">
      <Execution id="915ecdf0-8117-4432-a805-2f8a41e37132" />
      <TestMethod codeBase="D:\v2.0\A1\_work\dbded102\bin\Release.AnyCPU\Vssf.Sdk\MS.VS.Services.Cloud.L0.Tests\MS.VS.Services.Cloud.L0.Tests.dll" adapterTypeName="Microsoft.VisualStudio.TestTools.TestTypes.Unit.UnitTestAdapter" className="Microsoft.VisualStudio.Services.Aad.Tokens.AadTokenServiceBaseTests+AadTokenServiceBase_AcquireToken" name="AadTokenServiceBase_AcquireToken_should_update_local_cache_with_remote_token" />
    </UnitTest>
    <UnitTest name="AadTokenServiceBase_AcquireToken_should_use_specified_identity_descriptor_for_cache_lookup" storage="d:\v2.0\a1\_work\dbded102\bin\release.anycpu\vssf.sdk\ms.vs.services.cloud.l0.tests\ms.vs.services.cloud.l0.tests.dll" id="5ead6cc1-b4d0-7577-06b3-443c74a98655">
      <Execution id="5e6b3bf9-9490-4a8a-b91e-e0a7d615fa73" />
      <TestMethod codeBase="D:\v2.0\A1\_work\dbded102\bin\Release.AnyCPU\Vssf.Sdk\MS.VS.Services.Cloud.L0.Tests\MS.VS.Services.Cloud.L0.Tests.dll" adapterTypeName="Microsoft.VisualStudio.TestTools.TestTypes.Unit.UnitTestAdapter" className="Microsoft.VisualStudio.Services.Aad.Tokens.AadTokenServiceBaseTests+AadTokenServiceBase_AcquireToken" name="AadTokenServiceBase_AcquireToken_should_use_specified_identity_descriptor_for_cache_lookup" />
    </UnitTest>
    <UnitTest name="AadTokenServiceBase_AcquireToken_should_return_token_from_aad_token_factory_when_service_is_disabled" storage="d:\v2.0\a1\_work\dbded102\bin\release.anycpu\vssf.sdk\ms.vs.services.cloud.l0.tests\ms.vs.services.cloud.l0.tests.dll" id="431c3ec3-596c-4611-3c54-a1136f6ad1b8">
      <Execution id="da07e3e5-d50e-4b4b-95e2-9e95d17c5db3" />
      <TestMethod codeBase="D:\v2.0\A1\_work\dbded102\bin\Release.AnyCPU\Vssf.Sdk\MS.VS.Services.Cloud.L0.Tests\MS.VS.Services.Cloud.L0.Tests.dll" adapterTypeName="Microsoft.VisualStudio.TestTools.TestTypes.Unit.UnitTestAdapter" className="Microsoft.VisualStudio.Services.Aad.Tokens.AadTokenServiceBaseTests+AadTokenServiceBase_AcquireToken" name="AadTokenServiceBase_AcquireToken_should_return_token_from_aad_token_factory_when_service_is_disabled" />
    </UnitTest>
    <UnitTest name="AadTokenServiceBase_AcquireAppToken_should_throw_when_request_context_is_null" storage="d:\v2.0\a1\_work\dbded102\bin\release.anycpu\vssf.sdk\ms.vs.services.cloud.l0.tests\ms.vs.services.cloud.l0.tests.dll" id="15170bfe-404c-755f-c3b7-7aeba86dc3c2">
      <Execution id="b049a309-e16b-48ab-8415-0aab33898b73" />
      <TestMethod codeBase="D:\v2.0\A1\_work\dbded102\bin\Release.AnyCPU\Vssf.Sdk\MS.VS.Services.Cloud.L0.Tests\MS.VS.Services.Cloud.L0.Tests.dll" adapterTypeName="Microsoft.VisualStudio.TestTools.TestTypes.Unit.UnitTestAdapter" className="Microsoft.VisualStudio.Services.Aad.Tokens.AadTokenServiceBaseTests+AadTokenServiceBase_AcquireAppToken" name="AadTokenServiceBase_AcquireAppToken_should_throw_when_request_context_is_null" />
    </UnitTest>
    <UnitTest name="AadTokenServiceBase_AcquireAppToken_should_throw_argument_null_when_resource_is_null" storage="d:\v2.0\a1\_work\dbded102\bin\release.anycpu\vssf.sdk\ms.vs.services.cloud.l0.tests\ms.vs.services.cloud.l0.tests.dll" id="c72a9767-e591-7272-973c-05f7d1df2c5b">
      <Execution id="b9da1d54-2b4a-4a2e-b5af-80564cc64378" />
      <TestMethod codeBase="D:\v2.0\A1\_work\dbded102\bin\Release.AnyCPU\Vssf.Sdk\MS.VS.Services.Cloud.L0.Tests\MS.VS.Services.Cloud.L0.Tests.dll" adapterTypeName="Microsoft.VisualStudio.TestTools.TestTypes.Unit.UnitTestAdapter" className="Microsoft.VisualStudio.Services.Aad.Tokens.AadTokenServiceBaseTests+AadTokenServiceBase_AcquireAppToken" name="AadTokenServiceBase_AcquireAppToken_should_throw_argument_null_when_resource_is_null" />
    </UnitTest>
    <UnitTest name="AadTokenServiceBase_AcquireAppToken_should_throw_argument_null_when_tenant_is_null" storage="d:\v2.0\a1\_work\dbded102\bin\release.anycpu\vssf.sdk\ms.vs.services.cloud.l0.tests\ms.vs.services.cloud.l0.tests.dll" id="bf06ea91-44a2-7d32-7c34-a14bf27466fe">
      <Execution id="cde6dfee-de33-4c4a-826b-7380b60b07da" />
      <TestMethod codeBase="D:\v2.0\A1\_work\dbded102\bin\Release.AnyCPU\Vssf.Sdk\MS.VS.Services.Cloud.L0.Tests\MS.VS.Services.Cloud.L0.Tests.dll" adapterTypeName="Microsoft.VisualStudio.TestTools.TestTypes.Unit.UnitTestAdapter" className="Microsoft.VisualStudio.Services.Aad.Tokens.AadTokenServiceBaseTests+AadTokenServiceBase_AcquireAppToken" name="AadTokenServiceBase_AcquireAppToken_should_throw_argument_null_when_tenant_is_null" />
    </UnitTest>
    <UnitTest name="AadTokenServiceBase_AcquireAppToken_should_forward_to_deployment_service_when_host_type_is_not_deployment" storage="d:\v2.0\a1\_work\dbded102\bin\release.anycpu\vssf.sdk\ms.vs.services.cloud.l0.tests\ms.vs.services.cloud.l0.tests.dll" id="1859c755-5cfb-0538-0501-790d66ea1c46">
      <Execution id="d4b2b211-20db-4ed9-bc5c-7420b6aec0fd" />
      <TestMethod codeBase="D:\v2.0\A1\_work\dbded102\bin\Release.AnyCPU\Vssf.Sdk\MS.VS.Services.Cloud.L0.Tests\MS.VS.Services.Cloud.L0.Tests.dll" adapterTypeName="Microsoft.VisualStudio.TestTools.TestTypes.Unit.UnitTestAdapter" className="Microsoft.VisualStudio.Services.Aad.Tokens.AadTokenServiceBaseTests+AadTokenServiceBase_AcquireAppToken" name="AadTokenServiceBase_AcquireAppToken_should_forward_to_deployment_service_when_host_type_is_not_deployment" />
    </UnitTest>
    <UnitTest name="AadTokenServiceBase_AcquireAppToken_should_not_get_from_local_cache_when_local_cache_feature_is_dsabled" storage="d:\v2.0\a1\_work\dbded102\bin\release.anycpu\vssf.sdk\ms.vs.services.cloud.l0.tests\ms.vs.services.cloud.l0.tests.dll" id="4183e8da-5afa-ab36-0713-9bb4ac51ef7f">
      <Execution id="178fe667-ca4a-413d-8fff-01bbc24051fa" />
      <TestMethod codeBase="D:\v2.0\A1\_work\dbded102\bin\Release.AnyCPU\Vssf.Sdk\MS.VS.Services.Cloud.L0.Tests\MS.VS.Services.Cloud.L0.Tests.dll" adapterTypeName="Microsoft.VisualStudio.TestTools.TestTypes.Unit.UnitTestAdapter" className="Microsoft.VisualStudio.Services.Aad.Tokens.AadTokenServiceBaseTests+AadTokenServiceBase_AcquireAppToken" name="AadTokenServiceBase_AcquireAppToken_should_not_get_from_local_cache_when_local_cache_feature_is_dsabled" />
    </UnitTest>
    <UnitTest name="AadTokenServiceBase_AcquireAppToken_should_return_token_from_local_cache_on_cache_hit" storage="d:\v2.0\a1\_work\dbded102\bin\release.anycpu\vssf.sdk\ms.vs.services.cloud.l0.tests\ms.vs.services.cloud.l0.tests.dll" id="5b1e2074-8fde-b58c-6c72-ab9ceb03bf0d">
      <Execution id="92e6be75-e560-4b79-88d5-aef4bfad576a" />
      <TestMethod codeBase="D:\v2.0\A1\_work\dbded102\bin\Release.AnyCPU\Vssf.Sdk\MS.VS.Services.Cloud.L0.Tests\MS.VS.Services.Cloud.L0.Tests.dll" adapterTypeName="Microsoft.VisualStudio.TestTools.TestTypes.Unit.UnitTestAdapter" className="Microsoft.VisualStudio.Services.Aad.Tokens.AadTokenServiceBaseTests+AadTokenServiceBase_AcquireAppToken" name="AadTokenServiceBase_AcquireAppToken_should_return_token_from_local_cache_on_cache_hit" />
    </UnitTest>
    <UnitTest name="AadTokenServiceBase_AcquireAppToken_should_not_return_token_from_local_cache_when_token_has_expired" storage="d:\v2.0\a1\_work\dbded102\bin\release.anycpu\vssf.sdk\ms.vs.services.cloud.l0.tests\ms.vs.services.cloud.l0.tests.dll" id="a15724ea-d8bb-e486-39a9-6a650bf68108">
      <Execution id="86278986-2e22-456d-86c0-a3bb5bbaea98" />
      <TestMethod codeBase="D:\v2.0\A1\_work\dbded102\bin\Release.AnyCPU\Vssf.Sdk\MS.VS.Services.Cloud.L0.Tests\MS.VS.Services.Cloud.L0.Tests.dll" adapterTypeName="Microsoft.VisualStudio.TestTools.TestTypes.Unit.UnitTestAdapter" className="Microsoft.VisualStudio.Services.Aad.Tokens.AadTokenServiceBaseTests+AadTokenServiceBase_AcquireAppToken" name="AadTokenServiceBase_AcquireAppToken_should_not_return_token_from_local_cache_when_token_has_expired" />
    </UnitTest>
    <UnitTest name="AadTokenServiceBase_AcquireAppToken_should_not_get_from_remote_cache_when_remote_cache_feature_is_disabled" storage="d:\v2.0\a1\_work\dbded102\bin\release.anycpu\vssf.sdk\ms.vs.services.cloud.l0.tests\ms.vs.services.cloud.l0.tests.dll" id="10c6c257-0444-87c8-7056-8ee1d1c6ad96">
      <Execution id="8d6d6c08-ee72-42ba-a946-f58729523774" />
      <TestMethod codeBase="D:\v2.0\A1\_work\dbded102\bin\Release.AnyCPU\Vssf.Sdk\MS.VS.Services.Cloud.L0.Tests\MS.VS.Services.Cloud.L0.Tests.dll" adapterTypeName="Microsoft.VisualStudio.TestTools.TestTypes.Unit.UnitTestAdapter" className="Microsoft.VisualStudio.Services.Aad.Tokens.AadTokenServiceBaseTests+AadTokenServiceBase_AcquireAppToken" name="AadTokenServiceBase_AcquireAppToken_should_not_get_from_remote_cache_when_remote_cache_feature_is_disabled" />
    </UnitTest>
    <UnitTest name="AadTokenServiceBase_AcquireAppToken_should_return_token_from_remote_cache_on_cache_hit" storage="d:\v2.0\a1\_work\dbded102\bin\release.anycpu\vssf.sdk\ms.vs.services.cloud.l0.tests\ms.vs.services.cloud.l0.tests.dll" id="926c141c-9fe7-12c2-f3c3-63f47bacce0f">
      <Execution id="341e7c31-5a5a-47b4-84d5-82eeb111b60f" />
      <TestMethod codeBase="D:\v2.0\A1\_work\dbded102\bin\Release.AnyCPU\Vssf.Sdk\MS.VS.Services.Cloud.L0.Tests\MS.VS.Services.Cloud.L0.Tests.dll" adapterTypeName="Microsoft.VisualStudio.TestTools.TestTypes.Unit.UnitTestAdapter" className="Microsoft.VisualStudio.Services.Aad.Tokens.AadTokenServiceBaseTests+AadTokenServiceBase_AcquireAppToken" name="AadTokenServiceBase_AcquireAppToken_should_return_token_from_remote_cache_on_cache_hit" />
    </UnitTest>
    <UnitTest name="AadTokenServiceBase_AcquireAppToken_should_not_return_token_from_remote_cache_when_token_has_expired" storage="d:\v2.0\a1\_work\dbded102\bin\release.anycpu\vssf.sdk\ms.vs.services.cloud.l0.tests\ms.vs.services.cloud.l0.tests.dll" id="3462d36a-9a9b-1d81-f4ba-fd04cbafb786">
      <Execution id="e9ef8ab0-bf9c-40aa-85e4-39461ef659f7" />
      <TestMethod codeBase="D:\v2.0\A1\_work\dbded102\bin\Release.AnyCPU\Vssf.Sdk\MS.VS.Services.Cloud.L0.Tests\MS.VS.Services.Cloud.L0.Tests.dll" adapterTypeName="Microsoft.VisualStudio.TestTools.TestTypes.Unit.UnitTestAdapter" className="Microsoft.VisualStudio.Services.Aad.Tokens.AadTokenServiceBaseTests+AadTokenServiceBase_AcquireAppToken" name="AadTokenServiceBase_AcquireAppToken_should_not_return_token_from_remote_cache_when_token_has_expired" />
    </UnitTest>
    <UnitTest name="AadTokenServiceBase_AcquireAppToken_should_update_local_cache_on_cache_hit" storage="d:\v2.0\a1\_work\dbded102\bin\release.anycpu\vssf.sdk\ms.vs.services.cloud.l0.tests\ms.vs.services.cloud.l0.tests.dll" id="77344bb0-ef33-b737-398d-7a946e7db8b8">
      <Execution id="d133d2a3-b8f9-43cf-b7ec-c17311e4a393" />
      <TestMethod codeBase="D:\v2.0\A1\_work\dbded102\bin\Release.AnyCPU\Vssf.Sdk\MS.VS.Services.Cloud.L0.Tests\MS.VS.Services.Cloud.L0.Tests.dll" adapterTypeName="Microsoft.VisualStudio.TestTools.TestTypes.Unit.UnitTestAdapter" className="Microsoft.VisualStudio.Services.Aad.Tokens.AadTokenServiceBaseTests+AadTokenServiceBase_AcquireAppToken" name="AadTokenServiceBase_AcquireAppToken_should_update_local_cache_on_cache_hit" />
    </UnitTest>
    <UnitTest name="AadTokenServiceBase_AcquireAppToken_should_not_update_remote_cache_with_remote_token_when_remote_cache_is_disabled" storage="d:\v2.0\a1\_work\dbded102\bin\release.anycpu\vssf.sdk\ms.vs.services.cloud.l0.tests\ms.vs.services.cloud.l0.tests.dll" id="31e5371d-887e-8f95-1777-d4f23d3d62e6">
      <Execution id="e55c9189-da53-4285-93a7-8a2350d5d418" />
      <TestMethod codeBase="D:\v2.0\A1\_work\dbded102\bin\Release.AnyCPU\Vssf.Sdk\MS.VS.Services.Cloud.L0.Tests\MS.VS.Services.Cloud.L0.Tests.dll" adapterTypeName="Microsoft.VisualStudio.TestTools.TestTypes.Unit.UnitTestAdapter" className="Microsoft.VisualStudio.Services.Aad.Tokens.AadTokenServiceBaseTests+AadTokenServiceBase_AcquireAppToken" name="AadTokenServiceBase_AcquireAppToken_should_not_update_remote_cache_with_remote_token_when_remote_cache_is_disabled" />
    </UnitTest>
    <UnitTest name="AadTokenServiceBase_AcquireAppToken_should_update_remote_cache_with_remote_token" storage="d:\v2.0\a1\_work\dbded102\bin\release.anycpu\vssf.sdk\ms.vs.services.cloud.l0.tests\ms.vs.services.cloud.l0.tests.dll" id="7a39eb8a-99e2-3632-7530-484c334ed022">
      <Execution id="76e9a412-8f87-45f4-95ce-334a4a3a8c0f" />
      <TestMethod codeBase="D:\v2.0\A1\_work\dbded102\bin\Release.AnyCPU\Vssf.Sdk\MS.VS.Services.Cloud.L0.Tests\MS.VS.Services.Cloud.L0.Tests.dll" adapterTypeName="Microsoft.VisualStudio.TestTools.TestTypes.Unit.UnitTestAdapter" className="Microsoft.VisualStudio.Services.Aad.Tokens.AadTokenServiceBaseTests+AadTokenServiceBase_AcquireAppToken" name="AadTokenServiceBase_AcquireAppToken_should_update_remote_cache_with_remote_token" />
    </UnitTest>
    <UnitTest name="AadTokenServiceBase_AcquireAppToken_should_update_local_cache_with_remote_token" storage="d:\v2.0\a1\_work\dbded102\bin\release.anycpu\vssf.sdk\ms.vs.services.cloud.l0.tests\ms.vs.services.cloud.l0.tests.dll" id="f974397e-da8e-7271-306b-71665b32ed61">
      <Execution id="d828ef00-d865-497a-be2e-86f6979911db" />
      <TestMethod codeBase="D:\v2.0\A1\_work\dbded102\bin\Release.AnyCPU\Vssf.Sdk\MS.VS.Services.Cloud.L0.Tests\MS.VS.Services.Cloud.L0.Tests.dll" adapterTypeName="Microsoft.VisualStudio.TestTools.TestTypes.Unit.UnitTestAdapter" className="Microsoft.VisualStudio.Services.Aad.Tokens.AadTokenServiceBaseTests+AadTokenServiceBase_AcquireAppToken" name="AadTokenServiceBase_AcquireAppToken_should_update_local_cache_with_remote_token" />
    </UnitTest>
    <UnitTest name="AadTokenServiceBase_AcquireAppToken_should_return_token_from_aad_token_factory_when_service_is_disabled" storage="d:\v2.0\a1\_work\dbded102\bin\release.anycpu\vssf.sdk\ms.vs.services.cloud.l0.tests\ms.vs.services.cloud.l0.tests.dll" id="412ceb5f-90e2-b3d7-7aab-4c07fc60a00f">
      <Execution id="7efb25f7-694f-43d4-9000-548d50003685" />
      <TestMethod codeBase="D:\v2.0\A1\_work\dbded102\bin\Release.AnyCPU\Vssf.Sdk\MS.VS.Services.Cloud.L0.Tests\MS.VS.Services.Cloud.L0.Tests.dll" adapterTypeName="Microsoft.VisualStudio.TestTools.TestTypes.Unit.UnitTestAdapter" className="Microsoft.VisualStudio.Services.Aad.Tokens.AadTokenServiceBaseTests+AadTokenServiceBase_AcquireAppToken" name="AadTokenServiceBase_AcquireAppToken_should_return_token_from_aad_token_factory_when_service_is_disabled" />
    </UnitTest>
    <UnitTest name="FrameworkAadTokenService_GetUserAccessToken_should_throw_when_request_context_is_null" storage="d:\v2.0\a1\_work\dbded102\bin\release.anycpu\vssf.sdk\ms.vs.services.cloud.l0.tests\ms.vs.services.cloud.l0.tests.dll" id="08972bac-89e6-aca1-3764-69ee31cae5d6">
      <Execution id="1a06eac7-87bc-4d51-bfd7-496bcb566882" />
      <TestMethod codeBase="D:\v2.0\A1\_work\dbded102\bin\Release.AnyCPU\Vssf.Sdk\MS.VS.Services.Cloud.L0.Tests\MS.VS.Services.Cloud.L0.Tests.dll" adapterTypeName="Microsoft.VisualStudio.TestTools.TestTypes.Unit.UnitTestAdapter" className="Microsoft.VisualStudio.Services.Aad.Tokens.FrameworkAadTokenServiceTests+FrameworkAadTokenService_GetUserAccessToken" name="FrameworkAadTokenService_GetUserAccessToken_should_throw_when_request_context_is_null" />
    </UnitTest>
    <UnitTest name="FrameworkAadTokenService_GetUserAccessToken_should_throw_when_resource_is_null" storage="d:\v2.0\a1\_work\dbded102\bin\release.anycpu\vssf.sdk\ms.vs.services.cloud.l0.tests\ms.vs.services.cloud.l0.tests.dll" id="408e72e8-841d-afc4-008f-e596ccbaa1d5">
      <Execution id="0d656316-d21d-4cdd-b46c-db994d89bd0f" />
      <TestMethod codeBase="D:\v2.0\A1\_work\dbded102\bin\Release.AnyCPU\Vssf.Sdk\MS.VS.Services.Cloud.L0.Tests\MS.VS.Services.Cloud.L0.Tests.dll" adapterTypeName="Microsoft.VisualStudio.TestTools.TestTypes.Unit.UnitTestAdapter" className="Microsoft.VisualStudio.Services.Aad.Tokens.FrameworkAadTokenServiceTests+FrameworkAadTokenService_GetUserAccessToken" name="FrameworkAadTokenService_GetUserAccessToken_should_throw_when_resource_is_null" />
    </UnitTest>
    <UnitTest name="FrameworkAadTokenService_GetUserAccessToken_should_throw_when_tenant_id_is_null" storage="d:\v2.0\a1\_work\dbded102\bin\release.anycpu\vssf.sdk\ms.vs.services.cloud.l0.tests\ms.vs.services.cloud.l0.tests.dll" id="da28d6c9-446f-3e9f-5a2a-bb9470099b3e">
      <Execution id="8d31f9a0-9e39-4a54-ba8e-b59ddbdb09ea" />
      <TestMethod codeBase="D:\v2.0\A1\_work\dbded102\bin\Release.AnyCPU\Vssf.Sdk\MS.VS.Services.Cloud.L0.Tests\MS.VS.Services.Cloud.L0.Tests.dll" adapterTypeName="Microsoft.VisualStudio.TestTools.TestTypes.Unit.UnitTestAdapter" className="Microsoft.VisualStudio.Services.Aad.Tokens.FrameworkAadTokenServiceTests+FrameworkAadTokenService_GetUserAccessToken" name="FrameworkAadTokenService_GetUserAccessToken_should_throw_when_tenant_id_is_null" />
    </UnitTest>
    <UnitTest name="FrameworkAadTokenService_GetUserAccessToken_should_throw_when_identity_descriptor_is_null" storage="d:\v2.0\a1\_work\dbded102\bin\release.anycpu\vssf.sdk\ms.vs.services.cloud.l0.tests\ms.vs.services.cloud.l0.tests.dll" id="26400dde-7305-5485-c0fc-452438bc3309">
      <Execution id="3de1e1eb-72c7-4f16-9f43-bb91b8622eac" />
      <TestMethod codeBase="D:\v2.0\A1\_work\dbded102\bin\Release.AnyCPU\Vssf.Sdk\MS.VS.Services.Cloud.L0.Tests\MS.VS.Services.Cloud.L0.Tests.dll" adapterTypeName="Microsoft.VisualStudio.TestTools.TestTypes.Unit.UnitTestAdapter" className="Microsoft.VisualStudio.Services.Aad.Tokens.FrameworkAadTokenServiceTests+FrameworkAadTokenService_GetUserAccessToken" name="FrameworkAadTokenService_GetUserAccessToken_should_throw_when_identity_descriptor_is_null" />
    </UnitTest>
    <UnitTest name="FrameworkAadTokenService_GetUserAccessToken_should_get_token_from_http_client" storage="d:\v2.0\a1\_work\dbded102\bin\release.anycpu\vssf.sdk\ms.vs.services.cloud.l0.tests\ms.vs.services.cloud.l0.tests.dll" id="84634c2c-2e43-c7b8-c3ab-2834abccc841">
      <Execution id="22c07a5f-7585-4dd1-a7cf-4be95f3ca3ec" />
      <TestMethod codeBase="D:\v2.0\A1\_work\dbded102\bin\Release.AnyCPU\Vssf.Sdk\MS.VS.Services.Cloud.L0.Tests\MS.VS.Services.Cloud.L0.Tests.dll" adapterTypeName="Microsoft.VisualStudio.TestTools.TestTypes.Unit.UnitTestAdapter" className="Microsoft.VisualStudio.Services.Aad.Tokens.FrameworkAadTokenServiceTests+FrameworkAadTokenService_GetUserAccessToken" name="FrameworkAadTokenService_GetUserAccessToken_should_get_token_from_http_client" />
    </UnitTest>
    <UnitTest name="FrameworkAadTokenService_GetApplicationToken_should_throw_when_request_context_is_null" storage="d:\v2.0\a1\_work\dbded102\bin\release.anycpu\vssf.sdk\ms.vs.services.cloud.l0.tests\ms.vs.services.cloud.l0.tests.dll" id="19f067cd-b64d-6e20-598b-dbd30251d8da">
      <Execution id="62170d23-f380-4569-9cb2-5606ec62f940" />
      <TestMethod codeBase="D:\v2.0\A1\_work\dbded102\bin\Release.AnyCPU\Vssf.Sdk\MS.VS.Services.Cloud.L0.Tests\MS.VS.Services.Cloud.L0.Tests.dll" adapterTypeName="Microsoft.VisualStudio.TestTools.TestTypes.Unit.UnitTestAdapter" className="Microsoft.VisualStudio.Services.Aad.Tokens.FrameworkAadTokenServiceTests+FrameworkAadTokenService_GetAppAccessToken" name="FrameworkAadTokenService_GetApplicationToken_should_throw_when_request_context_is_null" />
    </UnitTest>
    <UnitTest name="FrameworkAadTokenService_GetApplicationToken_should_throw_when_resource_is_null" storage="d:\v2.0\a1\_work\dbded102\bin\release.anycpu\vssf.sdk\ms.vs.services.cloud.l0.tests\ms.vs.services.cloud.l0.tests.dll" id="0dc158a2-8b00-9c47-04e0-db75d97ff526">
      <Execution id="4a38c96b-66b9-444d-b9e7-dd1284070e8f" />
      <TestMethod codeBase="D:\v2.0\A1\_work\dbded102\bin\Release.AnyCPU\Vssf.Sdk\MS.VS.Services.Cloud.L0.Tests\MS.VS.Services.Cloud.L0.Tests.dll" adapterTypeName="Microsoft.VisualStudio.TestTools.TestTypes.Unit.UnitTestAdapter" className="Microsoft.VisualStudio.Services.Aad.Tokens.FrameworkAadTokenServiceTests+FrameworkAadTokenService_GetAppAccessToken" name="FrameworkAadTokenService_GetApplicationToken_should_throw_when_resource_is_null" />
    </UnitTest>
    <UnitTest name="FrameworkAadTokenService_GetAppAccessToken_should_throw_when_tenant_id_is_null" storage="d:\v2.0\a1\_work\dbded102\bin\release.anycpu\vssf.sdk\ms.vs.services.cloud.l0.tests\ms.vs.services.cloud.l0.tests.dll" id="8e68e769-4f7d-6c85-c5e1-ea063d0c1bfe">
      <Execution id="03661b9a-8771-494d-8783-b768d663f068" />
      <TestMethod codeBase="D:\v2.0\A1\_work\dbded102\bin\Release.AnyCPU\Vssf.Sdk\MS.VS.Services.Cloud.L0.Tests\MS.VS.Services.Cloud.L0.Tests.dll" adapterTypeName="Microsoft.VisualStudio.TestTools.TestTypes.Unit.UnitTestAdapter" className="Microsoft.VisualStudio.Services.Aad.Tokens.FrameworkAadTokenServiceTests+FrameworkAadTokenService_GetAppAccessToken" name="FrameworkAadTokenService_GetAppAccessToken_should_throw_when_tenant_id_is_null" />
    </UnitTest>
    <UnitTest name="FrameworkAadTokenService_GetAppAccessToken_should_get_token_from_http_client" storage="d:\v2.0\a1\_work\dbded102\bin\release.anycpu\vssf.sdk\ms.vs.services.cloud.l0.tests\ms.vs.services.cloud.l0.tests.dll" id="4c1cddeb-0074-e30d-f0ef-7960c3d73d05">
      <Execution id="b98e1fd4-9997-4bb3-9c9b-c4faf7b0d6d0" />
      <TestMethod codeBase="D:\v2.0\A1\_work\dbded102\bin\Release.AnyCPU\Vssf.Sdk\MS.VS.Services.Cloud.L0.Tests\MS.VS.Services.Cloud.L0.Tests.dll" adapterTypeName="Microsoft.VisualStudio.TestTools.TestTypes.Unit.UnitTestAdapter" className="Microsoft.VisualStudio.Services.Aad.Tokens.FrameworkAadTokenServiceTests+FrameworkAadTokenService_GetAppAccessToken" name="FrameworkAadTokenService_GetAppAccessToken_should_get_token_from_http_client" />
    </UnitTest>
    <UnitTest name="CanValidate_should_return_false_when_client_auth_is_disabled_in_settings" storage="d:\v2.0\a1\_work\dbded102\bin\release.anycpu\vssf.sdk\ms.vs.services.cloud.l0.tests\ms.vs.services.cloud.l0.tests.dll" id="46576e31-4977-0917-13aa-687273304084">
      <Execution id="805b05ea-980c-40fd-838a-180960a42d6b" />
      <TestMethod codeBase="D:\v2.0\A1\_work\dbded102\bin\Release.AnyCPU\Vssf.Sdk\MS.VS.Services.Cloud.L0.Tests\MS.VS.Services.Cloud.L0.Tests.dll" adapterTypeName="Microsoft.VisualStudio.TestTools.TestTypes.Unit.UnitTestAdapter" className="MS.TF.Test.UnitTests.Framework.Server.S2SAuth.ClientAuthTokenValidatorTests+ClientAuthTokenValidator_CanValidate" name="CanValidate_should_return_false_when_client_auth_is_disabled_in_settings" />
    </UnitTest>
    <UnitTest name="CanValidate_should_return_true_when_clientauth_is_enabled_in_settings" storage="d:\v2.0\a1\_work\dbded102\bin\release.anycpu\vssf.sdk\ms.vs.services.cloud.l0.tests\ms.vs.services.cloud.l0.tests.dll" id="553cce10-7fe5-fbf2-6efe-d797a8836c55">
      <Execution id="7409f99a-26ec-4a94-a9a7-09e3e4984aa9" />
      <TestMethod codeBase="D:\v2.0\A1\_work\dbded102\bin\Release.AnyCPU\Vssf.Sdk\MS.VS.Services.Cloud.L0.Tests\MS.VS.Services.Cloud.L0.Tests.dll" adapterTypeName="Microsoft.VisualStudio.TestTools.TestTypes.Unit.UnitTestAdapter" className="MS.TF.Test.UnitTests.Framework.Server.S2SAuth.ClientAuthTokenValidatorTests+ClientAuthTokenValidator_CanValidate" name="CanValidate_should_return_true_when_clientauth_is_enabled_in_settings" />
    </UnitTest>
    <UnitTest name="ValidateIdentity_should_return_false_when_identity_name_is_empty" storage="d:\v2.0\a1\_work\dbded102\bin\release.anycpu\vssf.sdk\ms.vs.services.cloud.l0.tests\ms.vs.services.cloud.l0.tests.dll" id="e9a125ee-3957-cd3a-9b75-330be4ce4119">
      <Execution id="cfa507c2-fe03-4d09-9c68-d1b24c627865" />
      <TestMethod codeBase="D:\v2.0\A1\_work\dbded102\bin\Release.AnyCPU\Vssf.Sdk\MS.VS.Services.Cloud.L0.Tests\MS.VS.Services.Cloud.L0.Tests.dll" adapterTypeName="Microsoft.VisualStudio.TestTools.TestTypes.Unit.UnitTestAdapter" className="MS.TF.Test.UnitTests.Framework.Server.S2SAuth.ClientAuthTokenValidatorTests+ClientAuthTokenValidator_ValidateIdentity" name="ValidateIdentity_should_return_false_when_identity_name_is_empty" />
    </UnitTest>
    <UnitTest name="ValidateIdentity_should_return_false_when_identity_name_is_not_a_valid_guid" storage="d:\v2.0\a1\_work\dbded102\bin\release.anycpu\vssf.sdk\ms.vs.services.cloud.l0.tests\ms.vs.services.cloud.l0.tests.dll" id="2381421c-6847-c31b-401f-a3033af72cd8">
      <Execution id="baae8caf-a1bf-4407-ad7c-f487e63c8f9f" />
      <TestMethod codeBase="D:\v2.0\A1\_work\dbded102\bin\Release.AnyCPU\Vssf.Sdk\MS.VS.Services.Cloud.L0.Tests\MS.VS.Services.Cloud.L0.Tests.dll" adapterTypeName="Microsoft.VisualStudio.TestTools.TestTypes.Unit.UnitTestAdapter" className="MS.TF.Test.UnitTests.Framework.Server.S2SAuth.ClientAuthTokenValidatorTests+ClientAuthTokenValidator_ValidateIdentity" name="ValidateIdentity_should_return_false_when_identity_name_is_not_a_valid_guid" />
    </UnitTest>
    <UnitTest name="ValidateIdentity_should_return_false_when_token_does_not_contain_a_scope_claim" storage="d:\v2.0\a1\_work\dbded102\bin\release.anycpu\vssf.sdk\ms.vs.services.cloud.l0.tests\ms.vs.services.cloud.l0.tests.dll" id="25d4c3b7-a275-8454-f6bd-5a76c7ad0ebf">
      <Execution id="662b0140-86b3-4922-8f8e-f39c85e416ae" />
      <TestMethod codeBase="D:\v2.0\A1\_work\dbded102\bin\Release.AnyCPU\Vssf.Sdk\MS.VS.Services.Cloud.L0.Tests\MS.VS.Services.Cloud.L0.Tests.dll" adapterTypeName="Microsoft.VisualStudio.TestTools.TestTypes.Unit.UnitTestAdapter" className="MS.TF.Test.UnitTests.Framework.Server.S2SAuth.ClientAuthTokenValidatorTests+ClientAuthTokenValidator_ValidateIdentity" name="ValidateIdentity_should_return_false_when_token_does_not_contain_a_scope_claim" />
    </UnitTest>
    <UnitTest name="ValidateIdentity_should_return_false_when_scope_is_not_valid_for_request" storage="d:\v2.0\a1\_work\dbded102\bin\release.anycpu\vssf.sdk\ms.vs.services.cloud.l0.tests\ms.vs.services.cloud.l0.tests.dll" id="b6d90d2e-74f5-1582-9199-f1a8f5d45485">
      <Execution id="70ced083-fd95-471f-9eef-71e20034cf03" />
      <TestMethod codeBase="D:\v2.0\A1\_work\dbded102\bin\Release.AnyCPU\Vssf.Sdk\MS.VS.Services.Cloud.L0.Tests\MS.VS.Services.Cloud.L0.Tests.dll" adapterTypeName="Microsoft.VisualStudio.TestTools.TestTypes.Unit.UnitTestAdapter" className="MS.TF.Test.UnitTests.Framework.Server.S2SAuth.ClientAuthTokenValidatorTests+ClientAuthTokenValidator_ValidateIdentity" name="ValidateIdentity_should_return_false_when_scope_is_not_valid_for_request" />
    </UnitTest>
    <UnitTest name="ValidateIdentity_should_validate_correctly" storage="d:\v2.0\a1\_work\dbded102\bin\release.anycpu\vssf.sdk\ms.vs.services.cloud.l0.tests\ms.vs.services.cloud.l0.tests.dll" id="c2930192-b5e9-e566-4eb6-449f9772ba36">
      <Execution id="7fa1c493-d295-4ce2-b97c-a70ad161a8b6" />
      <TestMethod codeBase="D:\v2.0\A1\_work\dbded102\bin\Release.AnyCPU\Vssf.Sdk\MS.VS.Services.Cloud.L0.Tests\MS.VS.Services.Cloud.L0.Tests.dll" adapterTypeName="Microsoft.VisualStudio.TestTools.TestTypes.Unit.UnitTestAdapter" className="MS.TF.Test.UnitTests.Framework.Server.S2SAuth.ClientAuthTokenValidatorTests+ClientAuthTokenValidator_ValidateIdentity" name="ValidateIdentity_should_validate_correctly" />
    </UnitTest>
    <UnitTest name="TransformIdentityClaims_should_throw_validation_exception_when_identity_was_not_found" storage="d:\v2.0\a1\_work\dbded102\bin\release.anycpu\vssf.sdk\ms.vs.services.cloud.l0.tests\ms.vs.services.cloud.l0.tests.dll" id="b6798e84-d826-4c8e-3ff4-2eec0810558b">
      <Execution id="db3d0f61-d69c-4e92-9ed3-100a3b1387bb" />
      <TestMethod codeBase="D:\v2.0\A1\_work\dbded102\bin\Release.AnyCPU\Vssf.Sdk\MS.VS.Services.Cloud.L0.Tests\MS.VS.Services.Cloud.L0.Tests.dll" adapterTypeName="Microsoft.VisualStudio.TestTools.TestTypes.Unit.UnitTestAdapter" className="MS.TF.Test.UnitTests.Framework.Server.S2SAuth.ClientAuthTokenValidatorTests+ClientAuthTokenValidator_TransformIdentityClaims" name="TransformIdentityClaims_should_throw_validation_exception_when_identity_was_not_found" />
    </UnitTest>
    <UnitTest name="TransformIdentityClaims_should_transform_identity_name_with_identity_identitifer_descriptor" storage="d:\v2.0\a1\_work\dbded102\bin\release.anycpu\vssf.sdk\ms.vs.services.cloud.l0.tests\ms.vs.services.cloud.l0.tests.dll" id="368d3507-950d-c653-a396-f8a0ef9d7835">
      <Execution id="1f9e0883-f4f9-40a6-bc7b-2de27f82ad7e" />
      <TestMethod codeBase="D:\v2.0\A1\_work\dbded102\bin\Release.AnyCPU\Vssf.Sdk\MS.VS.Services.Cloud.L0.Tests\MS.VS.Services.Cloud.L0.Tests.dll" adapterTypeName="Microsoft.VisualStudio.TestTools.TestTypes.Unit.UnitTestAdapter" className="MS.TF.Test.UnitTests.Framework.Server.S2SAuth.ClientAuthTokenValidatorTests+ClientAuthTokenValidator_TransformIdentityClaims" name="TransformIdentityClaims_should_transform_identity_name_with_identity_identitifer_descriptor" />
    </UnitTest>
    <UnitTest name="TransformIdentityClaims_should_set_flag_in_request_context_items_indicating_alternate_credentials" storage="d:\v2.0\a1\_work\dbded102\bin\release.anycpu\vssf.sdk\ms.vs.services.cloud.l0.tests\ms.vs.services.cloud.l0.tests.dll" id="2b92d109-e2a8-d257-582c-f64cb94589e4">
      <Execution id="d028506f-3110-415c-92d9-c2c677d91ab6" />
      <TestMethod codeBase="D:\v2.0\A1\_work\dbded102\bin\Release.AnyCPU\Vssf.Sdk\MS.VS.Services.Cloud.L0.Tests\MS.VS.Services.Cloud.L0.Tests.dll" adapterTypeName="Microsoft.VisualStudio.TestTools.TestTypes.Unit.UnitTestAdapter" className="MS.TF.Test.UnitTests.Framework.Server.S2SAuth.ClientAuthTokenValidatorTests+ClientAuthTokenValidator_TransformIdentityClaims" name="TransformIdentityClaims_should_set_flag_in_request_context_items_indicating_alternate_credentials" />
    </UnitTest>
    <UnitTest name="TransformIdentityClaims_should_not_set_flag_in_request_context_items_indicating_alternate_credentials_when_scope_is_user_impersonation" storage="d:\v2.0\a1\_work\dbded102\bin\release.anycpu\vssf.sdk\ms.vs.services.cloud.l0.tests\ms.vs.services.cloud.l0.tests.dll" id="56078e90-bc04-e936-3511-7e524ba2962c">
      <Execution id="23626e4e-ad63-4c3d-a0f2-19a397ab58f8" />
      <TestMethod codeBase="D:\v2.0\A1\_work\dbded102\bin\Release.AnyCPU\Vssf.Sdk\MS.VS.Services.Cloud.L0.Tests\MS.VS.Services.Cloud.L0.Tests.dll" adapterTypeName="Microsoft.VisualStudio.TestTools.TestTypes.Unit.UnitTestAdapter" className="MS.TF.Test.UnitTests.Framework.Server.S2SAuth.ClientAuthTokenValidatorTests+ClientAuthTokenValidator_TransformIdentityClaims" name="TransformIdentityClaims_should_not_set_flag_in_request_context_items_indicating_alternate_credentials_when_scope_is_user_impersonation" />
    </UnitTest>
    <UnitTest name="CanValidateToken_should_return_false_when_s2s_auth_is_disabled_in_settings" storage="d:\v2.0\a1\_work\dbded102\bin\release.anycpu\vssf.sdk\ms.vs.services.cloud.l0.tests\ms.vs.services.cloud.l0.tests.dll" id="333ec26e-9e30-61d6-991f-c2704476aa2a">
      <Execution id="7a517f0c-6e0f-4dbb-a33c-7d4d4a9476e2" />
      <TestMethod codeBase="D:\v2.0\A1\_work\dbded102\bin\Release.AnyCPU\Vssf.Sdk\MS.VS.Services.Cloud.L0.Tests\MS.VS.Services.Cloud.L0.Tests.dll" adapterTypeName="Microsoft.VisualStudio.TestTools.TestTypes.Unit.UnitTestAdapter" className="MS.TF.Test.UnitTests.Framework.Server.S2SAuth.S2SAuthTokenValidatorTests+S2SAuthTokenValidatorTests_CanValidateToken" name="CanValidateToken_should_return_false_when_s2s_auth_is_disabled_in_settings" />
    </UnitTest>
    <UnitTest name="CanValidateToken_should_return_true_when_s2s_auth_is_enabled_in_settings" storage="d:\v2.0\a1\_work\dbded102\bin\release.anycpu\vssf.sdk\ms.vs.services.cloud.l0.tests\ms.vs.services.cloud.l0.tests.dll" id="1ce44fc1-0503-b44a-f956-e0b1048532db">
      <Execution id="607ffeda-c373-43b6-a040-a25789e88b91" />
      <TestMethod codeBase="D:\v2.0\A1\_work\dbded102\bin\Release.AnyCPU\Vssf.Sdk\MS.VS.Services.Cloud.L0.Tests\MS.VS.Services.Cloud.L0.Tests.dll" adapterTypeName="Microsoft.VisualStudio.TestTools.TestTypes.Unit.UnitTestAdapter" className="MS.TF.Test.UnitTests.Framework.Server.S2SAuth.S2SAuthTokenValidatorTests+S2SAuthTokenValidatorTests_CanValidateToken" name="CanValidateToken_should_return_true_when_s2s_auth_is_enabled_in_settings" />
    </UnitTest>
    <UnitTest name="ValidateIdentity_should_return_false_when_identity_name_is_not_a_valid_service_principal_name" storage="d:\v2.0\a1\_work\dbded102\bin\release.anycpu\vssf.sdk\ms.vs.services.cloud.l0.tests\ms.vs.services.cloud.l0.tests.dll" id="6b7b73bb-11e0-4319-1c64-98d306a16272">
      <Execution id="a7b2a484-a258-44e6-bfa0-9ded44f20b12" />
      <TestMethod codeBase="D:\v2.0\A1\_work\dbded102\bin\Release.AnyCPU\Vssf.Sdk\MS.VS.Services.Cloud.L0.Tests\MS.VS.Services.Cloud.L0.Tests.dll" adapterTypeName="Microsoft.VisualStudio.TestTools.TestTypes.Unit.UnitTestAdapter" className="MS.TF.Test.UnitTests.Framework.Server.S2SAuth.S2SAuthTokenValidatorTests+S2SAuthTokenValidatorTests_ValidateIdentity" name="ValidateIdentity_should_return_false_when_identity_name_is_not_a_valid_service_principal_name" />
    </UnitTest>
    <UnitTest name="ValidateIdentity_should_return_false_when_identity_name_is_not_a_trusted_service_principal_name" storage="d:\v2.0\a1\_work\dbded102\bin\release.anycpu\vssf.sdk\ms.vs.services.cloud.l0.tests\ms.vs.services.cloud.l0.tests.dll" id="440eab0e-c588-1362-bab6-dc12601b1ed0">
      <Execution id="7250441e-3c2e-4832-909f-b6a19f0d2fd2" />
      <TestMethod codeBase="D:\v2.0\A1\_work\dbded102\bin\Release.AnyCPU\Vssf.Sdk\MS.VS.Services.Cloud.L0.Tests\MS.VS.Services.Cloud.L0.Tests.dll" adapterTypeName="Microsoft.VisualStudio.TestTools.TestTypes.Unit.UnitTestAdapter" className="MS.TF.Test.UnitTests.Framework.Server.S2SAuth.S2SAuthTokenValidatorTests+S2SAuthTokenValidatorTests_ValidateIdentity" name="ValidateIdentity_should_return_false_when_identity_name_is_not_a_trusted_service_principal_name" />
    </UnitTest>
    <UnitTest name="ValidateIdentity_should_return_true_when_identity_name_is_a_trusted_service_principal_name" storage="d:\v2.0\a1\_work\dbded102\bin\release.anycpu\vssf.sdk\ms.vs.services.cloud.l0.tests\ms.vs.services.cloud.l0.tests.dll" id="b483bfbe-2f7b-f6f6-6d86-c8954c92b612">
      <Execution id="3250b5f5-e8a5-4608-b6ea-d7198b6c6392" />
      <TestMethod codeBase="D:\v2.0\A1\_work\dbded102\bin\Release.AnyCPU\Vssf.Sdk\MS.VS.Services.Cloud.L0.Tests\MS.VS.Services.Cloud.L0.Tests.dll" adapterTypeName="Microsoft.VisualStudio.TestTools.TestTypes.Unit.UnitTestAdapter" className="MS.TF.Test.UnitTests.Framework.Server.S2SAuth.S2SAuthTokenValidatorTests+S2SAuthTokenValidatorTests_ValidateIdentity" name="ValidateIdentity_should_return_true_when_identity_name_is_a_trusted_service_principal_name" />
    </UnitTest>
    <UnitTest name="ValidateIdentity_should_return_false_when_impersonated_identity_is_not_a_valid_service_principal_name" storage="d:\v2.0\a1\_work\dbded102\bin\release.anycpu\vssf.sdk\ms.vs.services.cloud.l0.tests\ms.vs.services.cloud.l0.tests.dll" id="6db86513-1fa3-ab8a-e927-e61393ed0f5a">
      <Execution id="cec8f5d8-2bd7-4b3e-b2e7-41f26255a02c" />
      <TestMethod codeBase="D:\v2.0\A1\_work\dbded102\bin\Release.AnyCPU\Vssf.Sdk\MS.VS.Services.Cloud.L0.Tests\MS.VS.Services.Cloud.L0.Tests.dll" adapterTypeName="Microsoft.VisualStudio.TestTools.TestTypes.Unit.UnitTestAdapter" className="MS.TF.Test.UnitTests.Framework.Server.S2SAuth.S2SAuthTokenValidatorTests+S2SAuthTokenValidatorTests_ValidateIdentity" name="ValidateIdentity_should_return_false_when_impersonated_identity_is_not_a_valid_service_principal_name" />
    </UnitTest>
    <UnitTest name="ValidateIdentity_should_return_false_when_impersonated_identity_name_is_not_a_trusted_service_principal_name" storage="d:\v2.0\a1\_work\dbded102\bin\release.anycpu\vssf.sdk\ms.vs.services.cloud.l0.tests\ms.vs.services.cloud.l0.tests.dll" id="66d4442b-92fc-e0fa-b047-a937a68a08db">
      <Execution id="c7c80396-2ddb-4e8e-96ba-ae8739991637" />
      <TestMethod codeBase="D:\v2.0\A1\_work\dbded102\bin\Release.AnyCPU\Vssf.Sdk\MS.VS.Services.Cloud.L0.Tests\MS.VS.Services.Cloud.L0.Tests.dll" adapterTypeName="Microsoft.VisualStudio.TestTools.TestTypes.Unit.UnitTestAdapter" className="MS.TF.Test.UnitTests.Framework.Server.S2SAuth.S2SAuthTokenValidatorTests+S2SAuthTokenValidatorTests_ValidateIdentity" name="ValidateIdentity_should_return_false_when_impersonated_identity_name_is_not_a_trusted_service_principal_name" />
    </UnitTest>
    <UnitTest name="ValidateIdentity_should_return_true_when_impersonated_identity_name_is_a_trusted_service_principal_name" storage="d:\v2.0\a1\_work\dbded102\bin\release.anycpu\vssf.sdk\ms.vs.services.cloud.l0.tests\ms.vs.services.cloud.l0.tests.dll" id="4187917a-7583-0232-4c33-aeb3376e730a">
      <Execution id="17f7388c-3a1d-442e-a75e-1222a32417c8" />
      <TestMethod codeBase="D:\v2.0\A1\_work\dbded102\bin\Release.AnyCPU\Vssf.Sdk\MS.VS.Services.Cloud.L0.Tests\MS.VS.Services.Cloud.L0.Tests.dll" adapterTypeName="Microsoft.VisualStudio.TestTools.TestTypes.Unit.UnitTestAdapter" className="MS.TF.Test.UnitTests.Framework.Server.S2SAuth.S2SAuthTokenValidatorTests+S2SAuthTokenValidatorTests_ValidateIdentity" name="ValidateIdentity_should_return_true_when_impersonated_identity_name_is_a_trusted_service_principal_name" />
    </UnitTest>
    <UnitTest name="TransformIdentityClaims_should_remove_name_identifier_claims_that_do_not_match_token_nameid_claim" storage="d:\v2.0\a1\_work\dbded102\bin\release.anycpu\vssf.sdk\ms.vs.services.cloud.l0.tests\ms.vs.services.cloud.l0.tests.dll" id="cc87b9cc-deeb-dedc-70b1-29849121be22">
      <Execution id="ba7484ab-fe9f-44c8-9fe5-7d986bb2fce8" />
      <TestMethod codeBase="D:\v2.0\A1\_work\dbded102\bin\Release.AnyCPU\Vssf.Sdk\MS.VS.Services.Cloud.L0.Tests\MS.VS.Services.Cloud.L0.Tests.dll" adapterTypeName="Microsoft.VisualStudio.TestTools.TestTypes.Unit.UnitTestAdapter" className="MS.TF.Test.UnitTests.Framework.Server.S2SAuth.S2SAuthTokenValidatorTests+S2SAuthTokenValidatorTests_TransformIdentityClaims" name="TransformIdentityClaims_should_remove_name_identifier_claims_that_do_not_match_token_nameid_claim" />
    </UnitTest>
    <UnitTest name="TransformIdentityClaims_should_set_impersonating_to_true_when_identity_contains_an_actor" storage="d:\v2.0\a1\_work\dbded102\bin\release.anycpu\vssf.sdk\ms.vs.services.cloud.l0.tests\ms.vs.services.cloud.l0.tests.dll" id="463fb65c-bfc2-9abb-f93e-3e41873abc69">
      <Execution id="c526e03c-7980-45fc-a835-c8d71663f221" />
      <TestMethod codeBase="D:\v2.0\A1\_work\dbded102\bin\Release.AnyCPU\Vssf.Sdk\MS.VS.Services.Cloud.L0.Tests\MS.VS.Services.Cloud.L0.Tests.dll" adapterTypeName="Microsoft.VisualStudio.TestTools.TestTypes.Unit.UnitTestAdapter" className="MS.TF.Test.UnitTests.Framework.Server.S2SAuth.S2SAuthTokenValidatorTests+S2SAuthTokenValidatorTests_TransformIdentityClaims" name="TransformIdentityClaims_should_set_impersonating_to_true_when_identity_contains_an_actor" />
    </UnitTest>
    <UnitTest name="Should_return_true_when_execution_environment_is_not_hosted" storage="d:\v2.0\a1\_work\dbded102\bin\release.anycpu\vssf.sdk\ms.vs.services.cloud.l0.tests\ms.vs.services.cloud.l0.tests.dll" id="32ff5600-378d-a168-2a30-0a6cf82a3f17">
      <Execution id="51da5eee-990d-4a99-b997-b6b11ed8ec04" />
      <TestMethod codeBase="D:\v2.0\A1\_work\dbded102\bin\Release.AnyCPU\Vssf.Sdk\MS.VS.Services.Cloud.L0.Tests\MS.VS.Services.Cloud.L0.Tests.dll" adapterTypeName="Microsoft.VisualStudio.TestTools.TestTypes.Unit.UnitTestAdapter" className="MS.VS.Test.Services.Cloud.UnitTests.Authentication.AadRefreshTokenAuthenticationValidatorTests+IsValid" name="Should_return_true_when_execution_environment_is_not_hosted" />
    </UnitTest>
    <UnitTest name="Should_return_true_when_service_host_is_deployment" storage="d:\v2.0\a1\_work\dbded102\bin\release.anycpu\vssf.sdk\ms.vs.services.cloud.l0.tests\ms.vs.services.cloud.l0.tests.dll" id="c9af1bef-932f-5f9e-e57f-cdc5afb00f47">
      <Execution id="c1b365de-0d7a-4c51-a622-ce908bbe67a1" />
      <TestMethod codeBase="D:\v2.0\A1\_work\dbded102\bin\Release.AnyCPU\Vssf.Sdk\MS.VS.Services.Cloud.L0.Tests\MS.VS.Services.Cloud.L0.Tests.dll" adapterTypeName="Microsoft.VisualStudio.TestTools.TestTypes.Unit.UnitTestAdapter" className="MS.VS.Test.Services.Cloud.UnitTests.Authentication.AadRefreshTokenAuthenticationValidatorTests+IsValid" name="Should_return_true_when_service_host_is_deployment" />
    </UnitTest>
    <UnitTest name="Should_return_true_when_aad_group_feature_is_disabled" storage="d:\v2.0\a1\_work\dbded102\bin\release.anycpu\vssf.sdk\ms.vs.services.cloud.l0.tests\ms.vs.services.cloud.l0.tests.dll" id="a632b2e3-ebcf-21ef-3d23-11757c2af967">
      <Execution id="03dbcf6c-262b-42f8-82f4-3b52786d268b" />
      <TestMethod codeBase="D:\v2.0\A1\_work\dbded102\bin\Release.AnyCPU\Vssf.Sdk\MS.VS.Services.Cloud.L0.Tests\MS.VS.Services.Cloud.L0.Tests.dll" adapterTypeName="Microsoft.VisualStudio.TestTools.TestTypes.Unit.UnitTestAdapter" className="MS.VS.Test.Services.Cloud.UnitTests.Authentication.AadRefreshTokenAuthenticationValidatorTests+IsValid" name="Should_return_true_when_aad_group_feature_is_disabled" />
    </UnitTest>
    <UnitTest name="Should_return_true_when_request_restriction_is_anonymous" storage="d:\v2.0\a1\_work\dbded102\bin\release.anycpu\vssf.sdk\ms.vs.services.cloud.l0.tests\ms.vs.services.cloud.l0.tests.dll" id="1736ca88-007d-d8ac-0186-3f911730fece">
      <Execution id="a075c20a-4bb4-4641-aba6-62cec16df91a" />
      <TestMethod codeBase="D:\v2.0\A1\_work\dbded102\bin\Release.AnyCPU\Vssf.Sdk\MS.VS.Services.Cloud.L0.Tests\MS.VS.Services.Cloud.L0.Tests.dll" adapterTypeName="Microsoft.VisualStudio.TestTools.TestTypes.Unit.UnitTestAdapter" className="MS.VS.Test.Services.Cloud.UnitTests.Authentication.AadRefreshTokenAuthenticationValidatorTests+IsValid" name="Should_return_true_when_request_restriction_is_anonymous" />
    </UnitTest>
    <UnitTest name="Should_return_true_when_current_request_identity_is_null" storage="d:\v2.0\a1\_work\dbded102\bin\release.anycpu\vssf.sdk\ms.vs.services.cloud.l0.tests\ms.vs.services.cloud.l0.tests.dll" id="0ea8c2dd-5af7-7bdc-cb24-2b29f0762bf5">
      <Execution id="488f56df-0d5e-4fc9-9b43-fa39a9187e48" />
      <TestMethod codeBase="D:\v2.0\A1\_work\dbded102\bin\Release.AnyCPU\Vssf.Sdk\MS.VS.Services.Cloud.L0.Tests\MS.VS.Services.Cloud.L0.Tests.dll" adapterTypeName="Microsoft.VisualStudio.TestTools.TestTypes.Unit.UnitTestAdapter" className="MS.VS.Test.Services.Cloud.UnitTests.Authentication.AadRefreshTokenAuthenticationValidatorTests+IsValid" name="Should_return_true_when_current_request_identity_is_null" />
    </UnitTest>
    <UnitTest name="Should_return_true_when_identity_is_not_an_external_identity" storage="d:\v2.0\a1\_work\dbded102\bin\release.anycpu\vssf.sdk\ms.vs.services.cloud.l0.tests\ms.vs.services.cloud.l0.tests.dll" id="6b5a814f-aa3d-ef55-5d3b-80ffe13c97c2">
      <Execution id="ab19c4e3-6a6a-47e8-b281-39f60ad2d2b4" />
      <TestMethod codeBase="D:\v2.0\A1\_work\dbded102\bin\Release.AnyCPU\Vssf.Sdk\MS.VS.Services.Cloud.L0.Tests\MS.VS.Services.Cloud.L0.Tests.dll" adapterTypeName="Microsoft.VisualStudio.TestTools.TestTypes.Unit.UnitTestAdapter" className="MS.VS.Test.Services.Cloud.UnitTests.Authentication.AadRefreshTokenAuthenticationValidatorTests+IsValid" name="Should_return_true_when_identity_is_not_an_external_identity" />
    </UnitTest>
    <UnitTest name="Should_return_true_when_token_does_not_require_updating" storage="d:\v2.0\a1\_work\dbded102\bin\release.anycpu\vssf.sdk\ms.vs.services.cloud.l0.tests\ms.vs.services.cloud.l0.tests.dll" id="0b20f5c5-a0ec-d1c6-bee5-4a6ccbb3bb14">
      <Execution id="829dc2b3-8a43-43f5-92b9-d2ffcfef42f1" />
      <TestMethod codeBase="D:\v2.0\A1\_work\dbded102\bin\Release.AnyCPU\Vssf.Sdk\MS.VS.Services.Cloud.L0.Tests\MS.VS.Services.Cloud.L0.Tests.dll" adapterTypeName="Microsoft.VisualStudio.TestTools.TestTypes.Unit.UnitTestAdapter" className="MS.VS.Test.Services.Cloud.UnitTests.Authentication.AadRefreshTokenAuthenticationValidatorTests+IsValid" name="Should_return_true_when_token_does_not_require_updating" />
    </UnitTest>
    <UnitTest name="Should_return_true_when_request_is_an_ajax_request" storage="d:\v2.0\a1\_work\dbded102\bin\release.anycpu\vssf.sdk\ms.vs.services.cloud.l0.tests\ms.vs.services.cloud.l0.tests.dll" id="1163f98d-b291-79f2-b465-b86c901b4bf3">
      <Execution id="29f60ed8-800b-4b17-b59d-721611bbfdba" />
      <TestMethod codeBase="D:\v2.0\A1\_work\dbded102\bin\Release.AnyCPU\Vssf.Sdk\MS.VS.Services.Cloud.L0.Tests\MS.VS.Services.Cloud.L0.Tests.dll" adapterTypeName="Microsoft.VisualStudio.TestTools.TestTypes.Unit.UnitTestAdapter" className="MS.VS.Test.Services.Cloud.UnitTests.Authentication.AadRefreshTokenAuthenticationValidatorTests+IsValid" name="Should_return_true_when_request_is_an_ajax_request" />
    </UnitTest>
    <UnitTest name="Should_return_true_when_request_authentication_type_is_basic" storage="d:\v2.0\a1\_work\dbded102\bin\release.anycpu\vssf.sdk\ms.vs.services.cloud.l0.tests\ms.vs.services.cloud.l0.tests.dll" id="b4f6e00e-8ada-e6ab-9cc7-3aea9e081e26">
      <Execution id="3f511c2f-cea7-4451-801c-14402cc5abc8" />
      <TestMethod codeBase="D:\v2.0\A1\_work\dbded102\bin\Release.AnyCPU\Vssf.Sdk\MS.VS.Services.Cloud.L0.Tests\MS.VS.Services.Cloud.L0.Tests.dll" adapterTypeName="Microsoft.VisualStudio.TestTools.TestTypes.Unit.UnitTestAdapter" className="MS.VS.Test.Services.Cloud.UnitTests.Authentication.AadRefreshTokenAuthenticationValidatorTests+IsValid" name="Should_return_true_when_request_authentication_type_is_basic" />
    </UnitTest>
    <UnitTest name="Should_return_true_when_request_credentials_are_alternate_credentials" storage="d:\v2.0\a1\_work\dbded102\bin\release.anycpu\vssf.sdk\ms.vs.services.cloud.l0.tests\ms.vs.services.cloud.l0.tests.dll" id="8993e9a2-ddc2-c56e-2d0f-a884d5512a7e">
      <Execution id="bb83e42c-72a1-4c18-8f95-5475b38fdca1" />
      <TestMethod codeBase="D:\v2.0\A1\_work\dbded102\bin\Release.AnyCPU\Vssf.Sdk\MS.VS.Services.Cloud.L0.Tests\MS.VS.Services.Cloud.L0.Tests.dll" adapterTypeName="Microsoft.VisualStudio.TestTools.TestTypes.Unit.UnitTestAdapter" className="MS.VS.Test.Services.Cloud.UnitTests.Authentication.AadRefreshTokenAuthenticationValidatorTests+IsValid" name="Should_return_true_when_request_credentials_are_alternate_credentials" />
    </UnitTest>
    <UnitTest name="Should_return_true_when_request_accept_type_is_an_image" storage="d:\v2.0\a1\_work\dbded102\bin\release.anycpu\vssf.sdk\ms.vs.services.cloud.l0.tests\ms.vs.services.cloud.l0.tests.dll" id="0776b965-6c44-74be-e833-b3b524798457">
      <Execution id="34572555-2b84-40b7-adcc-9d3ed86ede79" />
      <TestMethod codeBase="D:\v2.0\A1\_work\dbded102\bin\Release.AnyCPU\Vssf.Sdk\MS.VS.Services.Cloud.L0.Tests\MS.VS.Services.Cloud.L0.Tests.dll" adapterTypeName="Microsoft.VisualStudio.TestTools.TestTypes.Unit.UnitTestAdapter" className="MS.VS.Test.Services.Cloud.UnitTests.Authentication.AadRefreshTokenAuthenticationValidatorTests+IsValid" name="Should_return_true_when_request_accept_type_is_an_image" />
    </UnitTest>
    <UnitTest name="Should_not_attempt_to_update_refresh_token_when_request_is_an_ajax_request" storage="d:\v2.0\a1\_work\dbded102\bin\release.anycpu\vssf.sdk\ms.vs.services.cloud.l0.tests\ms.vs.services.cloud.l0.tests.dll" id="82ca6a73-593e-c2c1-0176-262a6f28670e">
      <Execution id="e90fcddb-4f05-46f1-8e3b-7918c803aa07" />
      <TestMethod codeBase="D:\v2.0\A1\_work\dbded102\bin\Release.AnyCPU\Vssf.Sdk\MS.VS.Services.Cloud.L0.Tests\MS.VS.Services.Cloud.L0.Tests.dll" adapterTypeName="Microsoft.VisualStudio.TestTools.TestTypes.Unit.UnitTestAdapter" className="MS.VS.Test.Services.Cloud.UnitTests.Authentication.AadRefreshTokenAuthenticationValidatorTests+IsValid" name="Should_not_attempt_to_update_refresh_token_when_request_is_an_ajax_request" />
    </UnitTest>
    <UnitTest name="Should_redirect_response_to_sign_in_location" storage="d:\v2.0\a1\_work\dbded102\bin\release.anycpu\vssf.sdk\ms.vs.services.cloud.l0.tests\ms.vs.services.cloud.l0.tests.dll" id="584ee6f9-28cd-75a6-55b9-b16fb90ad102">
      <Execution id="5990cc62-bd52-418f-b1b9-78c27803ad63" />
      <TestMethod codeBase="D:\v2.0\A1\_work\dbded102\bin\Release.AnyCPU\Vssf.Sdk\MS.VS.Services.Cloud.L0.Tests\MS.VS.Services.Cloud.L0.Tests.dll" adapterTypeName="Microsoft.VisualStudio.TestTools.TestTypes.Unit.UnitTestAdapter" className="MS.VS.Test.Services.Cloud.UnitTests.Authentication.AadRefreshTokenAuthenticationValidatorTests+CompleteInvalidRequest" name="Should_redirect_response_to_sign_in_location" />
    </UnitTest>
    <UnitTest name="Should_add_federated_authentication_headers_to_response" storage="d:\v2.0\a1\_work\dbded102\bin\release.anycpu\vssf.sdk\ms.vs.services.cloud.l0.tests\ms.vs.services.cloud.l0.tests.dll" id="4cc66665-b2c8-e035-6dee-5ab8aedcdb09">
      <Execution id="704d9a43-acec-48f0-8fdb-f20c3d0c47cc" />
      <TestMethod codeBase="D:\v2.0\A1\_work\dbded102\bin\Release.AnyCPU\Vssf.Sdk\MS.VS.Services.Cloud.L0.Tests\MS.VS.Services.Cloud.L0.Tests.dll" adapterTypeName="Microsoft.VisualStudio.TestTools.TestTypes.Unit.UnitTestAdapter" className="MS.VS.Test.Services.Cloud.UnitTests.Authentication.AadRefreshTokenAuthenticationValidatorTests+CompleteInvalidRequest" name="Should_add_federated_authentication_headers_to_response" />
    </UnitTest>
    <UnitTest name="Should_add_invalid_token_header_to_response" storage="d:\v2.0\a1\_work\dbded102\bin\release.anycpu\vssf.sdk\ms.vs.services.cloud.l0.tests\ms.vs.services.cloud.l0.tests.dll" id="3dd7fb57-2e04-1d96-4608-1f95ba74d03c">
      <Execution id="c27c0eed-13cc-46d8-a36b-8361f8da3044" />
      <TestMethod codeBase="D:\v2.0\A1\_work\dbded102\bin\Release.AnyCPU\Vssf.Sdk\MS.VS.Services.Cloud.L0.Tests\MS.VS.Services.Cloud.L0.Tests.dll" adapterTypeName="Microsoft.VisualStudio.TestTools.TestTypes.Unit.UnitTestAdapter" className="MS.VS.Test.Services.Cloud.UnitTests.Authentication.AadRefreshTokenAuthenticationValidatorTests+CompleteInvalidRequest" name="Should_add_invalid_token_header_to_response" />
    </UnitTest>
    <UnitTest name="Should_complete_current_request" storage="d:\v2.0\a1\_work\dbded102\bin\release.anycpu\vssf.sdk\ms.vs.services.cloud.l0.tests\ms.vs.services.cloud.l0.tests.dll" id="b40bd1d5-7f7b-7564-ca38-594f163378d3">
      <Execution id="191e9533-23b7-43e0-93fd-ab62e556a949" />
      <TestMethod codeBase="D:\v2.0\A1\_work\dbded102\bin\Release.AnyCPU\Vssf.Sdk\MS.VS.Services.Cloud.L0.Tests\MS.VS.Services.Cloud.L0.Tests.dll" adapterTypeName="Microsoft.VisualStudio.TestTools.TestTypes.Unit.UnitTestAdapter" className="MS.VS.Test.Services.Cloud.UnitTests.Authentication.AadRefreshTokenAuthenticationValidatorTests+CompleteInvalidRequest" name="Should_complete_current_request" />
    </UnitTest>
    <UnitTest name="Audience_not_in_personal_access_token_format_should_return_false_when_audience_does_not_match_valid_audiences" storage="d:\v2.0\a1\_work\dbded102\bin\release.anycpu\vssf.sdk\ms.vs.services.cloud.l0.tests\ms.vs.services.cloud.l0.tests.dll" id="46d6bbbe-3266-870c-f755-d5f18706d41f">
      <Execution id="4b4f67f1-7c30-4bd8-b0d1-869cdaa47469" />
      <TestMethod codeBase="D:\v2.0\A1\_work\dbded102\bin\Release.AnyCPU\Vssf.Sdk\MS.VS.Services.Cloud.L0.Tests\MS.VS.Services.Cloud.L0.Tests.dll" adapterTypeName="Microsoft.VisualStudio.TestTools.TestTypes.Unit.UnitTestAdapter" className="MS.VS.Services.Cloud.L0.Tests.S2SAuth.VsoJwtSecurityTokenAudienceValidatorTests+VsoJwtSecurityTokenHandlerTests_ValidateAudience" name="Audience_not_in_personal_access_token_format_should_return_false_when_audience_does_not_match_valid_audiences" />
    </UnitTest>
    <UnitTest name="Audience_not_in_personal_access_token_format_should_return_true_when_audience_match_valid_audiences" storage="d:\v2.0\a1\_work\dbded102\bin\release.anycpu\vssf.sdk\ms.vs.services.cloud.l0.tests\ms.vs.services.cloud.l0.tests.dll" id="81fab866-28f9-f665-0219-c0c722f45c63">
      <Execution id="5aab271e-dd20-4a57-8cdf-def2c00d4b8b" />
      <TestMethod codeBase="D:\v2.0\A1\_work\dbded102\bin\Release.AnyCPU\Vssf.Sdk\MS.VS.Services.Cloud.L0.Tests\MS.VS.Services.Cloud.L0.Tests.dll" adapterTypeName="Microsoft.VisualStudio.TestTools.TestTypes.Unit.UnitTestAdapter" className="MS.VS.Services.Cloud.L0.Tests.S2SAuth.VsoJwtSecurityTokenAudienceValidatorTests+VsoJwtSecurityTokenHandlerTests_ValidateAudience" name="Audience_not_in_personal_access_token_format_should_return_true_when_audience_match_valid_audiences" />
    </UnitTest>
    <UnitTest name="Validate_audience_should_return_false_when_audience_host_does_not_match_allowed_hosts" storage="d:\v2.0\a1\_work\dbded102\bin\release.anycpu\vssf.sdk\ms.vs.services.cloud.l0.tests\ms.vs.services.cloud.l0.tests.dll" id="faefe160-358b-723f-7380-074c80ddb82d">
      <Execution id="f85a8f72-0677-4d15-bb19-832fec13912a" />
      <TestMethod codeBase="D:\v2.0\A1\_work\dbded102\bin\Release.AnyCPU\Vssf.Sdk\MS.VS.Services.Cloud.L0.Tests\MS.VS.Services.Cloud.L0.Tests.dll" adapterTypeName="Microsoft.VisualStudio.TestTools.TestTypes.Unit.UnitTestAdapter" className="MS.VS.Services.Cloud.L0.Tests.S2SAuth.VsoJwtSecurityTokenAudienceValidatorTests+VsoJwtSecurityTokenHandlerTests_ValidateAudience" name="Validate_audience_should_return_false_when_audience_host_does_not_match_allowed_hosts" />
    </UnitTest>
    <UnitTest name="Validate_audience_should_return_false_when_audience_host_does_not_match_any_allowed_hosts" storage="d:\v2.0\a1\_work\dbded102\bin\release.anycpu\vssf.sdk\ms.vs.services.cloud.l0.tests\ms.vs.services.cloud.l0.tests.dll" id="fc64c503-50fb-fb8f-d3e2-473ed7a15554">
      <Execution id="3921dfe2-695e-4c65-9979-9337d93fa143" />
      <TestMethod codeBase="D:\v2.0\A1\_work\dbded102\bin\Release.AnyCPU\Vssf.Sdk\MS.VS.Services.Cloud.L0.Tests\MS.VS.Services.Cloud.L0.Tests.dll" adapterTypeName="Microsoft.VisualStudio.TestTools.TestTypes.Unit.UnitTestAdapter" className="MS.VS.Services.Cloud.L0.Tests.S2SAuth.VsoJwtSecurityTokenAudienceValidatorTests+VsoJwtSecurityTokenHandlerTests_ValidateAudience" name="Validate_audience_should_return_false_when_audience_host_does_not_match_any_allowed_hosts" />
    </UnitTest>
    <UnitTest name="Validate_audience_should_return_true_when_audience_host_match_one_of_the_allowed_hosts" storage="d:\v2.0\a1\_work\dbded102\bin\release.anycpu\vssf.sdk\ms.vs.services.cloud.l0.tests\ms.vs.services.cloud.l0.tests.dll" id="04861faa-1d5c-b5ba-f445-9989ecfa4e80">
      <Execution id="573f25d5-8ce5-4338-a4fa-9f9d14ddb5e1" />
      <TestMethod codeBase="D:\v2.0\A1\_work\dbded102\bin\Release.AnyCPU\Vssf.Sdk\MS.VS.Services.Cloud.L0.Tests\MS.VS.Services.Cloud.L0.Tests.dll" adapterTypeName="Microsoft.VisualStudio.TestTools.TestTypes.Unit.UnitTestAdapter" className="MS.VS.Services.Cloud.L0.Tests.S2SAuth.VsoJwtSecurityTokenAudienceValidatorTests+VsoJwtSecurityTokenHandlerTests_ValidateAudience" name="Validate_audience_should_return_true_when_audience_host_match_one_of_the_allowed_hosts" />
    </UnitTest>
    <UnitTest name="Validate_audience_should_return_false_when_service_audience_does_not_match_allowed_audiences" storage="d:\v2.0\a1\_work\dbded102\bin\release.anycpu\vssf.sdk\ms.vs.services.cloud.l0.tests\ms.vs.services.cloud.l0.tests.dll" id="5cd70a6c-4e33-8482-b22e-d926e12482ef">
      <Execution id="17bd4117-e619-464d-8a4a-a755c2a1708a" />
      <TestMethod codeBase="D:\v2.0\A1\_work\dbded102\bin\Release.AnyCPU\Vssf.Sdk\MS.VS.Services.Cloud.L0.Tests\MS.VS.Services.Cloud.L0.Tests.dll" adapterTypeName="Microsoft.VisualStudio.TestTools.TestTypes.Unit.UnitTestAdapter" className="MS.VS.Services.Cloud.L0.Tests.S2SAuth.VsoJwtSecurityTokenAudienceValidatorTests+VsoJwtSecurityTokenHandlerTests_ValidateAudience" name="Validate_audience_should_return_false_when_service_audience_does_not_match_allowed_audiences" />
    </UnitTest>
    <UnitTest name="Validate_audience_should_return_false_when_service_audience_does_not_match_any_allowed_audiences" storage="d:\v2.0\a1\_work\dbded102\bin\release.anycpu\vssf.sdk\ms.vs.services.cloud.l0.tests\ms.vs.services.cloud.l0.tests.dll" id="d8b35f9e-f802-0999-f4c9-a5f7b45e359e">
      <Execution id="7275a325-a88d-4887-a10c-96dcb8a2d330" />
      <TestMethod codeBase="D:\v2.0\A1\_work\dbded102\bin\Release.AnyCPU\Vssf.Sdk\MS.VS.Services.Cloud.L0.Tests\MS.VS.Services.Cloud.L0.Tests.dll" adapterTypeName="Microsoft.VisualStudio.TestTools.TestTypes.Unit.UnitTestAdapter" className="MS.VS.Services.Cloud.L0.Tests.S2SAuth.VsoJwtSecurityTokenAudienceValidatorTests+VsoJwtSecurityTokenHandlerTests_ValidateAudience" name="Validate_audience_should_return_false_when_service_audience_does_not_match_any_allowed_audiences" />
    </UnitTest>
    <UnitTest name="Validate_audience_should_return_true_when_service_audience_match_one_of_the_allowed_audiences" storage="d:\v2.0\a1\_work\dbded102\bin\release.anycpu\vssf.sdk\ms.vs.services.cloud.l0.tests\ms.vs.services.cloud.l0.tests.dll" id="87b6abe8-7199-1041-00c1-a5446da1166d">
      <Execution id="d897fbed-0b4b-43bc-a431-abd7ac853d57" />
      <TestMethod codeBase="D:\v2.0\A1\_work\dbded102\bin\Release.AnyCPU\Vssf.Sdk\MS.VS.Services.Cloud.L0.Tests\MS.VS.Services.Cloud.L0.Tests.dll" adapterTypeName="Microsoft.VisualStudio.TestTools.TestTypes.Unit.UnitTestAdapter" className="MS.VS.Services.Cloud.L0.Tests.S2SAuth.VsoJwtSecurityTokenAudienceValidatorTests+VsoJwtSecurityTokenHandlerTests_ValidateAudience" name="Validate_audience_should_return_true_when_service_audience_match_one_of_the_allowed_audiences" />
    </UnitTest>
    <UnitTest name="CanValidate_should_return_false_when_aad_auth_is_disabled" storage="d:\v2.0\a1\_work\dbded102\bin\release.anycpu\vssf.sdk\ms.vs.services.cloud.l0.tests\ms.vs.services.cloud.l0.tests.dll" id="05ce47e8-708f-9ccd-b92f-5b4b9c5cf688">
      <Execution id="a3c99d95-bc8b-426f-932a-5e9da34ebc63" />
      <TestMethod codeBase="D:\v2.0\A1\_work\dbded102\bin\Release.AnyCPU\Vssf.Sdk\MS.VS.Services.Cloud.L0.Tests\MS.VS.Services.Cloud.L0.Tests.dll" adapterTypeName="Microsoft.VisualStudio.TestTools.TestTypes.Unit.UnitTestAdapter" className="MS.VS.Services.Cloud.L0.Tests.S2SAuth.AADAuthTokenValidatorTests+AADAuthTokenValidator_CanValidateToken" name="CanValidate_should_return_false_when_aad_auth_is_disabled" />
    </UnitTest>
    <UnitTest name="CanValidate_should_return_true_when_aad_auth_is_enabled" storage="d:\v2.0\a1\_work\dbded102\bin\release.anycpu\vssf.sdk\ms.vs.services.cloud.l0.tests\ms.vs.services.cloud.l0.tests.dll" id="83093c5e-83f8-03e3-c4e0-267511ad3589">
      <Execution id="87411ba5-77c0-49de-965d-c6e1d0919257" />
      <TestMethod codeBase="D:\v2.0\A1\_work\dbded102\bin\Release.AnyCPU\Vssf.Sdk\MS.VS.Services.Cloud.L0.Tests\MS.VS.Services.Cloud.L0.Tests.dll" adapterTypeName="Microsoft.VisualStudio.TestTools.TestTypes.Unit.UnitTestAdapter" className="MS.VS.Services.Cloud.L0.Tests.S2SAuth.AADAuthTokenValidatorTests+AADAuthTokenValidator_CanValidateToken" name="CanValidate_should_return_true_when_aad_auth_is_enabled" />
    </UnitTest>
    <UnitTest name="ValidateIdentity_should_return_true_for_valid_tokens" storage="d:\v2.0\a1\_work\dbded102\bin\release.anycpu\vssf.sdk\ms.vs.services.cloud.l0.tests\ms.vs.services.cloud.l0.tests.dll" id="b928f365-62ba-90a9-a8e5-6c4b5e3799f8">
      <Execution id="f3cd3ef2-12c1-4512-a8d4-b3136b4f38cc" />
      <TestMethod codeBase="D:\v2.0\A1\_work\dbded102\bin\Release.AnyCPU\Vssf.Sdk\MS.VS.Services.Cloud.L0.Tests\MS.VS.Services.Cloud.L0.Tests.dll" adapterTypeName="Microsoft.VisualStudio.TestTools.TestTypes.Unit.UnitTestAdapter" className="MS.VS.Services.Cloud.L0.Tests.S2SAuth.AADAuthTokenValidatorTests+AADAuthTokenValidator_ValidateIdentity" name="ValidateIdentity_should_return_true_for_valid_tokens" />
    </UnitTest>
    <UnitTest name="ValidateIdentity_should_return_false_when_token_does_not_specifiy_a_tenand_id_claim" storage="d:\v2.0\a1\_work\dbded102\bin\release.anycpu\vssf.sdk\ms.vs.services.cloud.l0.tests\ms.vs.services.cloud.l0.tests.dll" id="7b59ed8c-1c7e-74df-e885-2935f6bcfca1">
      <Execution id="c8006d9b-a57a-4568-a36c-64b336d844ed" />
      <TestMethod codeBase="D:\v2.0\A1\_work\dbded102\bin\Release.AnyCPU\Vssf.Sdk\MS.VS.Services.Cloud.L0.Tests\MS.VS.Services.Cloud.L0.Tests.dll" adapterTypeName="Microsoft.VisualStudio.TestTools.TestTypes.Unit.UnitTestAdapter" className="MS.VS.Services.Cloud.L0.Tests.S2SAuth.AADAuthTokenValidatorTests+AADAuthTokenValidator_ValidateIdentity" name="ValidateIdentity_should_return_false_when_token_does_not_specifiy_a_tenand_id_claim" />
    </UnitTest>
    <UnitTest name="ValidateIdentity_should_return_false_when_token_appid_is_blocked" storage="d:\v2.0\a1\_work\dbded102\bin\release.anycpu\vssf.sdk\ms.vs.services.cloud.l0.tests\ms.vs.services.cloud.l0.tests.dll" id="385c3b8e-0cd2-e058-9c4d-d4168f24402f">
      <Execution id="262be21e-c8fc-45d9-9c72-38ebe4f5336c" />
      <TestMethod codeBase="D:\v2.0\A1\_work\dbded102\bin\Release.AnyCPU\Vssf.Sdk\MS.VS.Services.Cloud.L0.Tests\MS.VS.Services.Cloud.L0.Tests.dll" adapterTypeName="Microsoft.VisualStudio.TestTools.TestTypes.Unit.UnitTestAdapter" className="MS.VS.Services.Cloud.L0.Tests.S2SAuth.AADAuthTokenValidatorTests+AADAuthTokenValidator_ValidateIdentity" name="ValidateIdentity_should_return_false_when_token_appid_is_blocked" />
    </UnitTest>
    <UnitTest name="ValidateIdentity_should_return_false_when_token_does_not_specify_a_upn_and_unique_name_claim" storage="d:\v2.0\a1\_work\dbded102\bin\release.anycpu\vssf.sdk\ms.vs.services.cloud.l0.tests\ms.vs.services.cloud.l0.tests.dll" id="c5368c16-d840-ed9a-7cf5-62f7da1cabc8">
      <Execution id="13cafb7b-e200-4cea-a926-a55d2ffc80e3" />
      <TestMethod codeBase="D:\v2.0\A1\_work\dbded102\bin\Release.AnyCPU\Vssf.Sdk\MS.VS.Services.Cloud.L0.Tests\MS.VS.Services.Cloud.L0.Tests.dll" adapterTypeName="Microsoft.VisualStudio.TestTools.TestTypes.Unit.UnitTestAdapter" className="MS.VS.Services.Cloud.L0.Tests.S2SAuth.AADAuthTokenValidatorTests+AADAuthTokenValidator_ValidateIdentity" name="ValidateIdentity_should_return_false_when_token_does_not_specify_a_upn_and_unique_name_claim" />
    </UnitTest>
    <UnitTest name="ValidateIdentity_should_return_false_when_request_does_not_specify_nonce" storage="d:\v2.0\a1\_work\dbded102\bin\release.anycpu\vssf.sdk\ms.vs.services.cloud.l0.tests\ms.vs.services.cloud.l0.tests.dll" id="91bee7b6-7397-1aa5-573c-967f72d1e439">
      <Execution id="05eff98f-b624-46c6-bd4b-62327976912b" />
      <TestMethod codeBase="D:\v2.0\A1\_work\dbded102\bin\Release.AnyCPU\Vssf.Sdk\MS.VS.Services.Cloud.L0.Tests\MS.VS.Services.Cloud.L0.Tests.dll" adapterTypeName="Microsoft.VisualStudio.TestTools.TestTypes.Unit.UnitTestAdapter" className="MS.VS.Services.Cloud.L0.Tests.S2SAuth.AADAuthTokenValidatorTests+AADAuthTokenValidator_ValidateIdentity" name="ValidateIdentity_should_return_false_when_request_does_not_specify_nonce" />
    </UnitTest>
    <UnitTest name="ValidateIdentity_should_return_false_when_nonce_claim_does_not_match_request" storage="d:\v2.0\a1\_work\dbded102\bin\release.anycpu\vssf.sdk\ms.vs.services.cloud.l0.tests\ms.vs.services.cloud.l0.tests.dll" id="36979c5d-4699-91ad-38fd-196e92f4fe50">
      <Execution id="e5cd0e6e-26d2-4777-87d9-fec77a8bf1de" />
      <TestMethod codeBase="D:\v2.0\A1\_work\dbded102\bin\Release.AnyCPU\Vssf.Sdk\MS.VS.Services.Cloud.L0.Tests\MS.VS.Services.Cloud.L0.Tests.dll" adapterTypeName="Microsoft.VisualStudio.TestTools.TestTypes.Unit.UnitTestAdapter" className="MS.VS.Services.Cloud.L0.Tests.S2SAuth.AADAuthTokenValidatorTests+AADAuthTokenValidator_ValidateIdentity" name="ValidateIdentity_should_return_false_when_nonce_claim_does_not_match_request" />
    </UnitTest>
    <UnitTest name="ValidateIdentity_should_return_true_when_nonce_claim_matches_request" storage="d:\v2.0\a1\_work\dbded102\bin\release.anycpu\vssf.sdk\ms.vs.services.cloud.l0.tests\ms.vs.services.cloud.l0.tests.dll" id="6af608a1-ca18-c9e5-d3b7-0c753b5fd64c">
      <Execution id="2210f1bb-6053-470e-8e23-20e955e40cd4" />
      <TestMethod codeBase="D:\v2.0\A1\_work\dbded102\bin\Release.AnyCPU\Vssf.Sdk\MS.VS.Services.Cloud.L0.Tests\MS.VS.Services.Cloud.L0.Tests.dll" adapterTypeName="Microsoft.VisualStudio.TestTools.TestTypes.Unit.UnitTestAdapter" className="MS.VS.Services.Cloud.L0.Tests.S2SAuth.AADAuthTokenValidatorTests+AADAuthTokenValidator_ValidateIdentity" name="ValidateIdentity_should_return_true_when_nonce_claim_matches_request" />
    </UnitTest>
    <UnitTest name="ValidateIdentity_should_return_true_for_passthrough_tokens_by_default" storage="d:\v2.0\a1\_work\dbded102\bin\release.anycpu\vssf.sdk\ms.vs.services.cloud.l0.tests\ms.vs.services.cloud.l0.tests.dll" id="0ceae503-ce43-dfaa-0008-7c59e2852e6a">
      <Execution id="8a330c91-ce37-4ebc-8c48-4e310c60cc29" />
      <TestMethod codeBase="D:\v2.0\A1\_work\dbded102\bin\Release.AnyCPU\Vssf.Sdk\MS.VS.Services.Cloud.L0.Tests\MS.VS.Services.Cloud.L0.Tests.dll" adapterTypeName="Microsoft.VisualStudio.TestTools.TestTypes.Unit.UnitTestAdapter" className="MS.VS.Services.Cloud.L0.Tests.S2SAuth.AADAuthTokenValidatorTests+AADAuthTokenValidator_ValidateIdentity" name="ValidateIdentity_should_return_true_for_passthrough_tokens_by_default" />
    </UnitTest>
    <UnitTest name="ValidateIdentity_should_return_false_for_passthrough_tokens_when_puid_and_altsecid_claim_is_missing" storage="d:\v2.0\a1\_work\dbded102\bin\release.anycpu\vssf.sdk\ms.vs.services.cloud.l0.tests\ms.vs.services.cloud.l0.tests.dll" id="17b670b1-34e2-3dec-b41e-6dac26f7e085">
      <Execution id="1195833f-57bb-4f36-b0fe-74330f2a3b32" />
      <TestMethod codeBase="D:\v2.0\A1\_work\dbded102\bin\Release.AnyCPU\Vssf.Sdk\MS.VS.Services.Cloud.L0.Tests\MS.VS.Services.Cloud.L0.Tests.dll" adapterTypeName="Microsoft.VisualStudio.TestTools.TestTypes.Unit.UnitTestAdapter" className="MS.VS.Services.Cloud.L0.Tests.S2SAuth.AADAuthTokenValidatorTests+AADAuthTokenValidator_ValidateIdentity" name="ValidateIdentity_should_return_false_for_passthrough_tokens_when_puid_and_altsecid_claim_is_missing" />
    </UnitTest>
    <UnitTest name="ValidateIdentity_should_return_false_for_passthrough_tokens_when_puid_and_altsecid_claim_are_empty_values" storage="d:\v2.0\a1\_work\dbded102\bin\release.anycpu\vssf.sdk\ms.vs.services.cloud.l0.tests\ms.vs.services.cloud.l0.tests.dll" id="bb948481-355b-1392-0734-14cb05ec0d76">
      <Execution id="1cea9ded-34dc-42ef-b49c-01f91c70a7b9" />
      <TestMethod codeBase="D:\v2.0\A1\_work\dbded102\bin\Release.AnyCPU\Vssf.Sdk\MS.VS.Services.Cloud.L0.Tests\MS.VS.Services.Cloud.L0.Tests.dll" adapterTypeName="Microsoft.VisualStudio.TestTools.TestTypes.Unit.UnitTestAdapter" className="MS.VS.Services.Cloud.L0.Tests.S2SAuth.AADAuthTokenValidatorTests+AADAuthTokenValidator_ValidateIdentity" name="ValidateIdentity_should_return_false_for_passthrough_tokens_when_puid_and_altsecid_claim_are_empty_values" />
    </UnitTest>
    <UnitTest name="ValidateIdentity_should_return_false_for_passthrough_tokens_when_puid_is_missing_and_altsecid_claim_is_not_valid" storage="d:\v2.0\a1\_work\dbded102\bin\release.anycpu\vssf.sdk\ms.vs.services.cloud.l0.tests\ms.vs.services.cloud.l0.tests.dll" id="6e4452fe-ef8b-21d0-7001-3ddac5a7f2af">
      <Execution id="2af8233e-8990-407f-9b94-1dca59f1bacc" />
      <TestMethod codeBase="D:\v2.0\A1\_work\dbded102\bin\Release.AnyCPU\Vssf.Sdk\MS.VS.Services.Cloud.L0.Tests\MS.VS.Services.Cloud.L0.Tests.dll" adapterTypeName="Microsoft.VisualStudio.TestTools.TestTypes.Unit.UnitTestAdapter" className="MS.VS.Services.Cloud.L0.Tests.S2SAuth.AADAuthTokenValidatorTests+AADAuthTokenValidator_ValidateIdentity" name="ValidateIdentity_should_return_false_for_passthrough_tokens_when_puid_is_missing_and_altsecid_claim_is_not_valid" />
    </UnitTest>
    <UnitTest name="ValidateIdentity_should_return_true_for_passthrough_tokens_when_puid_is_missing_and_altsedid_claim_is_valid" storage="d:\v2.0\a1\_work\dbded102\bin\release.anycpu\vssf.sdk\ms.vs.services.cloud.l0.tests\ms.vs.services.cloud.l0.tests.dll" id="2e05eeea-ec74-39d6-9d79-8ed43c8505c7">
      <Execution id="a280a7c2-d92e-4675-b896-070e21dc4be1" />
      <TestMethod codeBase="D:\v2.0\A1\_work\dbded102\bin\Release.AnyCPU\Vssf.Sdk\MS.VS.Services.Cloud.L0.Tests\MS.VS.Services.Cloud.L0.Tests.dll" adapterTypeName="Microsoft.VisualStudio.TestTools.TestTypes.Unit.UnitTestAdapter" className="MS.VS.Services.Cloud.L0.Tests.S2SAuth.AADAuthTokenValidatorTests+AADAuthTokenValidator_ValidateIdentity" name="ValidateIdentity_should_return_true_for_passthrough_tokens_when_puid_is_missing_and_altsedid_claim_is_valid" />
    </UnitTest>
    <UnitTest name="ValidateIdentity_should_return_false_for_passthrough_tokens_when_appid_is_passthrough_blacklisted_and_orgid_disambiguation_is_disabled" storage="d:\v2.0\a1\_work\dbded102\bin\release.anycpu\vssf.sdk\ms.vs.services.cloud.l0.tests\ms.vs.services.cloud.l0.tests.dll" id="30fcfa57-611b-0e16-d05d-aec7d21716d7">
      <Execution id="e072aa43-8c3a-41a5-9316-a280c112f9eb" />
      <TestMethod codeBase="D:\v2.0\A1\_work\dbded102\bin\Release.AnyCPU\Vssf.Sdk\MS.VS.Services.Cloud.L0.Tests\MS.VS.Services.Cloud.L0.Tests.dll" adapterTypeName="Microsoft.VisualStudio.TestTools.TestTypes.Unit.UnitTestAdapter" className="MS.VS.Services.Cloud.L0.Tests.S2SAuth.AADAuthTokenValidatorTests+AADAuthTokenValidator_ValidateIdentity" name="ValidateIdentity_should_return_false_for_passthrough_tokens_when_appid_is_passthrough_blacklisted_and_orgid_disambiguation_is_disabled" />
    </UnitTest>
    <UnitTest name="ValidateIdentity_should_return_true_when_oid_exists_even_when_appid_is_passthrough_blacklisted_and_orgid_disambiguation_is_disabled" storage="d:\v2.0\a1\_work\dbded102\bin\release.anycpu\vssf.sdk\ms.vs.services.cloud.l0.tests\ms.vs.services.cloud.l0.tests.dll" id="bd319563-e337-922e-9550-d1fc2e9e499a">
      <Execution id="7180e9da-d303-4691-9bfd-1e6aba814091" />
      <TestMethod codeBase="D:\v2.0\A1\_work\dbded102\bin\Release.AnyCPU\Vssf.Sdk\MS.VS.Services.Cloud.L0.Tests\MS.VS.Services.Cloud.L0.Tests.dll" adapterTypeName="Microsoft.VisualStudio.TestTools.TestTypes.Unit.UnitTestAdapter" className="MS.VS.Services.Cloud.L0.Tests.S2SAuth.AADAuthTokenValidatorTests+AADAuthTokenValidator_ValidateIdentity" name="ValidateIdentity_should_return_true_when_oid_exists_even_when_appid_is_passthrough_blacklisted_and_orgid_disambiguation_is_disabled" />
    </UnitTest>
    <UnitTest name="ValidateIdentity_should_return_false_for_passthrough_tokens_when_orgid_disambiguation_is_enabled_and_request_is_at_account" storage="d:\v2.0\a1\_work\dbded102\bin\release.anycpu\vssf.sdk\ms.vs.services.cloud.l0.tests\ms.vs.services.cloud.l0.tests.dll" id="e7c9a02e-2653-9929-e6ff-4df3ecba5fd2">
      <Execution id="6db264d0-2dec-48d9-88f9-02cba9f1fd38" />
      <TestMethod codeBase="D:\v2.0\A1\_work\dbded102\bin\Release.AnyCPU\Vssf.Sdk\MS.VS.Services.Cloud.L0.Tests\MS.VS.Services.Cloud.L0.Tests.dll" adapterTypeName="Microsoft.VisualStudio.TestTools.TestTypes.Unit.UnitTestAdapter" className="MS.VS.Services.Cloud.L0.Tests.S2SAuth.AADAuthTokenValidatorTests+AADAuthTokenValidator_ValidateIdentity" name="ValidateIdentity_should_return_false_for_passthrough_tokens_when_orgid_disambiguation_is_enabled_and_request_is_at_account" />
    </UnitTest>
    <UnitTest name="ValidateIdentity_should_return_true_for_passthrough_tokens_when_scope_is_user_impersonation" storage="d:\v2.0\a1\_work\dbded102\bin\release.anycpu\vssf.sdk\ms.vs.services.cloud.l0.tests\ms.vs.services.cloud.l0.tests.dll" id="5a4dc2ea-02b9-f619-bc54-90fbe83d6773">
      <Execution id="4afdf220-fad0-4410-8b97-a5b8feeb0ad1" />
      <TestMethod codeBase="D:\v2.0\A1\_work\dbded102\bin\Release.AnyCPU\Vssf.Sdk\MS.VS.Services.Cloud.L0.Tests\MS.VS.Services.Cloud.L0.Tests.dll" adapterTypeName="Microsoft.VisualStudio.TestTools.TestTypes.Unit.UnitTestAdapter" className="MS.VS.Services.Cloud.L0.Tests.S2SAuth.AADAuthTokenValidatorTests+AADAuthTokenValidator_ValidateIdentity" name="ValidateIdentity_should_return_true_for_passthrough_tokens_when_scope_is_user_impersonation" />
    </UnitTest>
    <UnitTest name="ValidateIdentity_should_return_false_for_passthrough_tokens_when_appid_is_passthrough_blacklisted_and_orgid_disambiguation_is_enabled_and_token_is_user_impersonation" storage="d:\v2.0\a1\_work\dbded102\bin\release.anycpu\vssf.sdk\ms.vs.services.cloud.l0.tests\ms.vs.services.cloud.l0.tests.dll" id="bbc5358e-e356-c417-4378-2545d0bada22">
      <Execution id="09f09611-0dd1-47fa-8a9e-b32532a6200e" />
      <TestMethod codeBase="D:\v2.0\A1\_work\dbded102\bin\Release.AnyCPU\Vssf.Sdk\MS.VS.Services.Cloud.L0.Tests\MS.VS.Services.Cloud.L0.Tests.dll" adapterTypeName="Microsoft.VisualStudio.TestTools.TestTypes.Unit.UnitTestAdapter" className="MS.VS.Services.Cloud.L0.Tests.S2SAuth.AADAuthTokenValidatorTests+AADAuthTokenValidator_ValidateIdentity" name="ValidateIdentity_should_return_false_for_passthrough_tokens_when_appid_is_passthrough_blacklisted_and_orgid_disambiguation_is_enabled_and_token_is_user_impersonation" />
    </UnitTest>
    <UnitTest name="TransformIdentityClaims_should_set_identity_name_as_upn_claim_for_add_user" storage="d:\v2.0\a1\_work\dbded102\bin\release.anycpu\vssf.sdk\ms.vs.services.cloud.l0.tests\ms.vs.services.cloud.l0.tests.dll" id="3c0e322a-1513-4e42-a82c-8c7bcf865bd5">
      <Execution id="753b5bf1-97ea-4417-9cf0-4568f7f2dc35" />
      <TestMethod codeBase="D:\v2.0\A1\_work\dbded102\bin\Release.AnyCPU\Vssf.Sdk\MS.VS.Services.Cloud.L0.Tests\MS.VS.Services.Cloud.L0.Tests.dll" adapterTypeName="Microsoft.VisualStudio.TestTools.TestTypes.Unit.UnitTestAdapter" className="MS.VS.Services.Cloud.L0.Tests.S2SAuth.AADAuthTokenValidatorTests+AADAuthTokenValidator_TransformIdentityClaims_Given_AAD_Identity" name="TransformIdentityClaims_should_set_identity_name_as_upn_claim_for_add_user" />
    </UnitTest>
    <UnitTest name="TransformIdentityClaims_should_set_identity_name_as_unique_name_when_upn_is_missing_for_add_user" storage="d:\v2.0\a1\_work\dbded102\bin\release.anycpu\vssf.sdk\ms.vs.services.cloud.l0.tests\ms.vs.services.cloud.l0.tests.dll" id="2ea856b8-52f2-a37d-94cc-632d40c373f6">
      <Execution id="05070022-efaf-424f-bcca-bc41f7a8268c" />
      <TestMethod codeBase="D:\v2.0\A1\_work\dbded102\bin\Release.AnyCPU\Vssf.Sdk\MS.VS.Services.Cloud.L0.Tests\MS.VS.Services.Cloud.L0.Tests.dll" adapterTypeName="Microsoft.VisualStudio.TestTools.TestTypes.Unit.UnitTestAdapter" className="MS.VS.Services.Cloud.L0.Tests.S2SAuth.AADAuthTokenValidatorTests+AADAuthTokenValidator_TransformIdentityClaims_Given_AAD_Identity" name="TransformIdentityClaims_should_set_identity_name_as_unique_name_when_upn_is_missing_for_add_user" />
    </UnitTest>
    <UnitTest name="TransformIdentityClaims_should_set_name_identifier_as_tenant_scoped_name_identifier_for_add_user" storage="d:\v2.0\a1\_work\dbded102\bin\release.anycpu\vssf.sdk\ms.vs.services.cloud.l0.tests\ms.vs.services.cloud.l0.tests.dll" id="a33e79c9-4d64-e39f-c597-396c30fc52d1">
      <Execution id="b27a8dc7-c747-4396-b256-b5bd2a8dab6e" />
      <TestMethod codeBase="D:\v2.0\A1\_work\dbded102\bin\Release.AnyCPU\Vssf.Sdk\MS.VS.Services.Cloud.L0.Tests\MS.VS.Services.Cloud.L0.Tests.dll" adapterTypeName="Microsoft.VisualStudio.TestTools.TestTypes.Unit.UnitTestAdapter" className="MS.VS.Services.Cloud.L0.Tests.S2SAuth.AADAuthTokenValidatorTests+AADAuthTokenValidator_TransformIdentityClaims_Given_AAD_Identity" name="TransformIdentityClaims_should_set_name_identifier_as_tenant_scoped_name_identifier_for_add_user" />
    </UnitTest>
    <UnitTest name="TransformIdentityClaims_should_set_identitiy_provider_claim_to_tenant_id_for_add_user" storage="d:\v2.0\a1\_work\dbded102\bin\release.anycpu\vssf.sdk\ms.vs.services.cloud.l0.tests\ms.vs.services.cloud.l0.tests.dll" id="6782af06-3264-14ef-f2bd-c166c7fdf0ba">
      <Execution id="3ea7ea1f-0345-4ce4-aa52-6f65a0286502" />
      <TestMethod codeBase="D:\v2.0\A1\_work\dbded102\bin\Release.AnyCPU\Vssf.Sdk\MS.VS.Services.Cloud.L0.Tests\MS.VS.Services.Cloud.L0.Tests.dll" adapterTypeName="Microsoft.VisualStudio.TestTools.TestTypes.Unit.UnitTestAdapter" className="MS.VS.Services.Cloud.L0.Tests.S2SAuth.AADAuthTokenValidatorTests+AADAuthTokenValidator_TransformIdentityClaims_Given_AAD_Identity" name="TransformIdentityClaims_should_set_identitiy_provider_claim_to_tenant_id_for_add_user" />
    </UnitTest>
    <UnitTest name="TransformIdentityClaims_should_set_identity_provider_long_claim_to_live_for_live_provider_for_add_user" storage="d:\v2.0\a1\_work\dbded102\bin\release.anycpu\vssf.sdk\ms.vs.services.cloud.l0.tests\ms.vs.services.cloud.l0.tests.dll" id="46d83ee3-6362-b4d8-a502-e6556642d9b8">
      <Execution id="72b2b056-4bd9-4fad-80de-c7e00038bb48" />
      <TestMethod codeBase="D:\v2.0\A1\_work\dbded102\bin\Release.AnyCPU\Vssf.Sdk\MS.VS.Services.Cloud.L0.Tests\MS.VS.Services.Cloud.L0.Tests.dll" adapterTypeName="Microsoft.VisualStudio.TestTools.TestTypes.Unit.UnitTestAdapter" className="MS.VS.Services.Cloud.L0.Tests.S2SAuth.AADAuthTokenValidatorTests+AADAuthTokenValidator_TransformIdentityClaims_Given_AAD_Identity" name="TransformIdentityClaims_should_set_identity_provider_long_claim_to_live_for_live_provider_for_add_user" />
    </UnitTest>
    <UnitTest name="TransformIdentityClaims_should_set_identity_provider_long_claim_to_aad_for_non_live_provider_for_add_user" storage="d:\v2.0\a1\_work\dbded102\bin\release.anycpu\vssf.sdk\ms.vs.services.cloud.l0.tests\ms.vs.services.cloud.l0.tests.dll" id="00a630b6-f849-b7d0-a3d4-f43f7e7a23a3">
      <Execution id="44fbd772-d169-46a7-bf6f-5ea8de6a285f" />
      <TestMethod codeBase="D:\v2.0\A1\_work\dbded102\bin\Release.AnyCPU\Vssf.Sdk\MS.VS.Services.Cloud.L0.Tests\MS.VS.Services.Cloud.L0.Tests.dll" adapterTypeName="Microsoft.VisualStudio.TestTools.TestTypes.Unit.UnitTestAdapter" className="MS.VS.Services.Cloud.L0.Tests.S2SAuth.AADAuthTokenValidatorTests+AADAuthTokenValidator_TransformIdentityClaims_Given_AAD_Identity" name="TransformIdentityClaims_should_set_identity_provider_long_claim_to_aad_for_non_live_provider_for_add_user" />
    </UnitTest>
    <UnitTest name="TransformIdentityClaims_should_remove_puid_claim_when_identity_provider_is_not_live_for_add_user" storage="d:\v2.0\a1\_work\dbded102\bin\release.anycpu\vssf.sdk\ms.vs.services.cloud.l0.tests\ms.vs.services.cloud.l0.tests.dll" id="28c0f3e4-2845-95af-765b-b2ceeeb7703f">
      <Execution id="b7c57f7e-7fac-42f5-9077-881b90e2cfb0" />
      <TestMethod codeBase="D:\v2.0\A1\_work\dbded102\bin\Release.AnyCPU\Vssf.Sdk\MS.VS.Services.Cloud.L0.Tests\MS.VS.Services.Cloud.L0.Tests.dll" adapterTypeName="Microsoft.VisualStudio.TestTools.TestTypes.Unit.UnitTestAdapter" className="MS.VS.Services.Cloud.L0.Tests.S2SAuth.AADAuthTokenValidatorTests+AADAuthTokenValidator_TransformIdentityClaims_Given_AAD_Identity" name="TransformIdentityClaims_should_remove_puid_claim_when_identity_provider_is_not_live_for_add_user" />
    </UnitTest>
    <UnitTest name="TransformIdentityClaims_should_set_puid_claim_for_live_id_identity_provider_for_add_user" storage="d:\v2.0\a1\_work\dbded102\bin\release.anycpu\vssf.sdk\ms.vs.services.cloud.l0.tests\ms.vs.services.cloud.l0.tests.dll" id="2eff8db1-db72-7bfa-7ade-b4b25f25772c">
      <Execution id="05d78ff3-18dc-4571-a2f6-61e5c2dd89c2" />
      <TestMethod codeBase="D:\v2.0\A1\_work\dbded102\bin\Release.AnyCPU\Vssf.Sdk\MS.VS.Services.Cloud.L0.Tests\MS.VS.Services.Cloud.L0.Tests.dll" adapterTypeName="Microsoft.VisualStudio.TestTools.TestTypes.Unit.UnitTestAdapter" className="MS.VS.Services.Cloud.L0.Tests.S2SAuth.AADAuthTokenValidatorTests+AADAuthTokenValidator_TransformIdentityClaims_Given_AAD_Identity" name="TransformIdentityClaims_should_set_puid_claim_for_live_id_identity_provider_for_add_user" />
    </UnitTest>
    <UnitTest name="TransformIdentityClaims_should_set_puid_claim_for_altsecid_for_add_user" storage="d:\v2.0\a1\_work\dbded102\bin\release.anycpu\vssf.sdk\ms.vs.services.cloud.l0.tests\ms.vs.services.cloud.l0.tests.dll" id="8b7adbd6-2a04-4332-64e2-c334084962c0">
      <Execution id="826f6d00-cfe0-4c2c-906b-c4a60442be98" />
      <TestMethod codeBase="D:\v2.0\A1\_work\dbded102\bin\Release.AnyCPU\Vssf.Sdk\MS.VS.Services.Cloud.L0.Tests\MS.VS.Services.Cloud.L0.Tests.dll" adapterTypeName="Microsoft.VisualStudio.TestTools.TestTypes.Unit.UnitTestAdapter" className="MS.VS.Services.Cloud.L0.Tests.S2SAuth.AADAuthTokenValidatorTests+AADAuthTokenValidator_TransformIdentityClaims_Given_AAD_Identity" name="TransformIdentityClaims_should_set_puid_claim_for_altsecid_for_add_user" />
    </UnitTest>
    <UnitTest name="TransformIdentityClaims_should_retain_existing_email_claim_for_add_user" storage="d:\v2.0\a1\_work\dbded102\bin\release.anycpu\vssf.sdk\ms.vs.services.cloud.l0.tests\ms.vs.services.cloud.l0.tests.dll" id="fd39b5ce-a0b7-dd92-93ce-2bb4e9f7c556">
      <Execution id="2475c751-ab6a-4873-a1bf-8b1c6cef5ff9" />
      <TestMethod codeBase="D:\v2.0\A1\_work\dbded102\bin\Release.AnyCPU\Vssf.Sdk\MS.VS.Services.Cloud.L0.Tests\MS.VS.Services.Cloud.L0.Tests.dll" adapterTypeName="Microsoft.VisualStudio.TestTools.TestTypes.Unit.UnitTestAdapter" className="MS.VS.Services.Cloud.L0.Tests.S2SAuth.AADAuthTokenValidatorTests+AADAuthTokenValidator_TransformIdentityClaims_Given_AAD_Identity" name="TransformIdentityClaims_should_retain_existing_email_claim_for_add_user" />
    </UnitTest>
    <UnitTest name="TransformIdentityClaims_should_not_ensure_tenant_exists_when_tenant_creation_is_disabled_for_add_user" storage="d:\v2.0\a1\_work\dbded102\bin\release.anycpu\vssf.sdk\ms.vs.services.cloud.l0.tests\ms.vs.services.cloud.l0.tests.dll" id="8a14ba23-1abf-5cce-6d6b-576ff33e2e1f">
      <Execution id="b13e6f94-f44c-423d-839b-5ddc0f5e818e" />
      <TestMethod codeBase="D:\v2.0\A1\_work\dbded102\bin\Release.AnyCPU\Vssf.Sdk\MS.VS.Services.Cloud.L0.Tests\MS.VS.Services.Cloud.L0.Tests.dll" adapterTypeName="Microsoft.VisualStudio.TestTools.TestTypes.Unit.UnitTestAdapter" className="MS.VS.Services.Cloud.L0.Tests.S2SAuth.AADAuthTokenValidatorTests+AADAuthTokenValidator_TransformIdentityClaims_Given_AAD_Identity" name="TransformIdentityClaims_should_not_ensure_tenant_exists_when_tenant_creation_is_disabled_for_add_user" />
    </UnitTest>
    <UnitTest name="TransformIdentityClaims_should_not_create_a_tenant_when_one_already_exists_for_add_user" storage="d:\v2.0\a1\_work\dbded102\bin\release.anycpu\vssf.sdk\ms.vs.services.cloud.l0.tests\ms.vs.services.cloud.l0.tests.dll" id="5748fbf4-d8fa-e82c-7365-e98fc14bbe41">
      <Execution id="fe1d716f-8010-44ca-a12d-b2a4f9435886" />
      <TestMethod codeBase="D:\v2.0\A1\_work\dbded102\bin\Release.AnyCPU\Vssf.Sdk\MS.VS.Services.Cloud.L0.Tests\MS.VS.Services.Cloud.L0.Tests.dll" adapterTypeName="Microsoft.VisualStudio.TestTools.TestTypes.Unit.UnitTestAdapter" className="MS.VS.Services.Cloud.L0.Tests.S2SAuth.AADAuthTokenValidatorTests+AADAuthTokenValidator_TransformIdentityClaims_Given_AAD_Identity" name="TransformIdentityClaims_should_not_create_a_tenant_when_one_already_exists_for_add_user" />
    </UnitTest>
    <UnitTest name="TransformIdentityClaims_should_create_a_tenant_when_one_does_not_exist_for_add_user" storage="d:\v2.0\a1\_work\dbded102\bin\release.anycpu\vssf.sdk\ms.vs.services.cloud.l0.tests\ms.vs.services.cloud.l0.tests.dll" id="8f9eff36-9fec-250d-ec51-a147314482d2">
      <Execution id="9cec79b1-ac07-4b34-a7d1-b84b7ba5efd4" />
      <TestMethod codeBase="D:\v2.0\A1\_work\dbded102\bin\Release.AnyCPU\Vssf.Sdk\MS.VS.Services.Cloud.L0.Tests\MS.VS.Services.Cloud.L0.Tests.dll" adapterTypeName="Microsoft.VisualStudio.TestTools.TestTypes.Unit.UnitTestAdapter" className="MS.VS.Services.Cloud.L0.Tests.S2SAuth.AADAuthTokenValidatorTests+AADAuthTokenValidator_TransformIdentityClaims_Given_AAD_Identity" name="TransformIdentityClaims_should_create_a_tenant_when_one_does_not_exist_for_add_user" />
    </UnitTest>
    <UnitTest name="TransformIdentityClaims_should_set_name_identifier_as_live_identifier_for_msa_passthrough_user" storage="d:\v2.0\a1\_work\dbded102\bin\release.anycpu\vssf.sdk\ms.vs.services.cloud.l0.tests\ms.vs.services.cloud.l0.tests.dll" id="402faffa-3933-eb81-0c90-bbcdb9c3cc17">
      <Execution id="9fd2f030-f804-4894-a124-fe5fc1357b2a" />
      <TestMethod codeBase="D:\v2.0\A1\_work\dbded102\bin\Release.AnyCPU\Vssf.Sdk\MS.VS.Services.Cloud.L0.Tests\MS.VS.Services.Cloud.L0.Tests.dll" adapterTypeName="Microsoft.VisualStudio.TestTools.TestTypes.Unit.UnitTestAdapter" className="MS.VS.Services.Cloud.L0.Tests.S2SAuth.AADAuthTokenValidatorTests+AADAuthTokenValidator_TransformIdentityClaims_Given_MSA_Identity" name="TransformIdentityClaims_should_set_name_identifier_as_live_identifier_for_msa_passthrough_user" />
    </UnitTest>
    <UnitTest name="TransformIdentityClaims_should_set_identity_name_as_upn_for_msa_passhthrough_user" storage="d:\v2.0\a1\_work\dbded102\bin\release.anycpu\vssf.sdk\ms.vs.services.cloud.l0.tests\ms.vs.services.cloud.l0.tests.dll" id="c867ddae-b2a9-4748-de3c-a1053f022436">
      <Execution id="00f8a53a-6c4d-42ad-97fd-afa8766f460a" />
      <TestMethod codeBase="D:\v2.0\A1\_work\dbded102\bin\Release.AnyCPU\Vssf.Sdk\MS.VS.Services.Cloud.L0.Tests\MS.VS.Services.Cloud.L0.Tests.dll" adapterTypeName="Microsoft.VisualStudio.TestTools.TestTypes.Unit.UnitTestAdapter" className="MS.VS.Services.Cloud.L0.Tests.S2SAuth.AADAuthTokenValidatorTests+AADAuthTokenValidator_TransformIdentityClaims_Given_MSA_Identity" name="TransformIdentityClaims_should_set_identity_name_as_upn_for_msa_passhthrough_user" />
    </UnitTest>
    <UnitTest name="TransformIdentityClaims_should_set_identity_provider_as_windows_live_for_msa_passthrough_user" storage="d:\v2.0\a1\_work\dbded102\bin\release.anycpu\vssf.sdk\ms.vs.services.cloud.l0.tests\ms.vs.services.cloud.l0.tests.dll" id="8083f170-7c9a-f362-3e73-f236d06ffea5">
      <Execution id="9fcaff2c-5124-4b9b-8493-e272f36c8095" />
      <TestMethod codeBase="D:\v2.0\A1\_work\dbded102\bin\Release.AnyCPU\Vssf.Sdk\MS.VS.Services.Cloud.L0.Tests\MS.VS.Services.Cloud.L0.Tests.dll" adapterTypeName="Microsoft.VisualStudio.TestTools.TestTypes.Unit.UnitTestAdapter" className="MS.VS.Services.Cloud.L0.Tests.S2SAuth.AADAuthTokenValidatorTests+AADAuthTokenValidator_TransformIdentityClaims_Given_MSA_Identity" name="TransformIdentityClaims_should_set_identity_provider_as_windows_live_for_msa_passthrough_user" />
    </UnitTest>
    <UnitTest name="TransformIdentityClaims_should_set_puid_as_alt_sec_id_claim" storage="d:\v2.0\a1\_work\dbded102\bin\release.anycpu\vssf.sdk\ms.vs.services.cloud.l0.tests\ms.vs.services.cloud.l0.tests.dll" id="9330cb97-ddde-0bc2-e2d6-587fa0b383a9">
      <Execution id="e7cbaee8-f8d9-446f-bb96-c69be31fdb77" />
      <TestMethod codeBase="D:\v2.0\A1\_work\dbded102\bin\Release.AnyCPU\Vssf.Sdk\MS.VS.Services.Cloud.L0.Tests\MS.VS.Services.Cloud.L0.Tests.dll" adapterTypeName="Microsoft.VisualStudio.TestTools.TestTypes.Unit.UnitTestAdapter" className="MS.VS.Services.Cloud.L0.Tests.S2SAuth.AADAuthTokenValidatorTests+AADAuthTokenValidator_TransformIdentityClaims_Given_MSA_Identity" name="TransformIdentityClaims_should_set_puid_as_alt_sec_id_claim" />
    </UnitTest>
    <UnitTest name="CreateSubscriptionName_FromAzureRoleInstanceIdAndMachineName" storage="d:\v2.0\a1\_work\dbded102\bin\release.anycpu\vssf.sdk\ms.vs.services.cloud.l0.tests\ms.vs.services.cloud.l0.tests.dll" id="3093f764-6c78-7584-66c4-3839b1f022a8">
      <Execution id="62e19f1b-de08-49b7-9db7-704790dbc148" />
      <TestMethod codeBase="D:\v2.0\A1\_work\dbded102\bin\Release.AnyCPU\Vssf.Sdk\MS.VS.Services.Cloud.L0.Tests\MS.VS.Services.Cloud.L0.Tests.dll" adapterTypeName="Microsoft.VisualStudio.TestTools.TestTypes.Unit.UnitTestAdapter" className="MS.VS.Services.Cloud.L0.Tests.MessageBus.ServiceBusManagementServiceTests+ServiceBusManagementServiceCreateSubscriptionNameTests" name="CreateSubscriptionName_FromAzureRoleInstanceIdAndMachineName" />
    </UnitTest>
    <UnitTest name="AutoDeleteOnIdleProductionNoPublisherValueSet" storage="d:\v2.0\a1\_work\dbded102\bin\release.anycpu\vssf.sdk\ms.vs.services.cloud.l0.tests\ms.vs.services.cloud.l0.tests.dll" id="376e919a-1a8b-a485-d38e-ba980d6f9572">
      <Execution id="df799f7a-cb9d-4cec-a4e9-d7a26cfb5e83" />
      <TestMethod codeBase="D:\v2.0\A1\_work\dbded102\bin\Release.AnyCPU\Vssf.Sdk\MS.VS.Services.Cloud.L0.Tests\MS.VS.Services.Cloud.L0.Tests.dll" adapterTypeName="Microsoft.VisualStudio.TestTools.TestTypes.Unit.UnitTestAdapter" className="MS.VS.Services.Cloud.L0.Tests.MessageBus.ServiceBusManagementServiceTests+ServiceBusManagementServiceGetAutoDeleteOnIdleTests" name="AutoDeleteOnIdleProductionNoPublisherValueSet" />
    </UnitTest>
    <UnitTest name="AutoDeleteOnIdleProductionWithPublisherValueSet" storage="d:\v2.0\a1\_work\dbded102\bin\release.anycpu\vssf.sdk\ms.vs.services.cloud.l0.tests\ms.vs.services.cloud.l0.tests.dll" id="44ecaeac-caaf-f38f-8890-2db1cab268a6">
      <Execution id="20f377aa-9abf-4459-ac17-abe6f1c0a098" />
      <TestMethod codeBase="D:\v2.0\A1\_work\dbded102\bin\Release.AnyCPU\Vssf.Sdk\MS.VS.Services.Cloud.L0.Tests\MS.VS.Services.Cloud.L0.Tests.dll" adapterTypeName="Microsoft.VisualStudio.TestTools.TestTypes.Unit.UnitTestAdapter" className="MS.VS.Services.Cloud.L0.Tests.MessageBus.ServiceBusManagementServiceTests+ServiceBusManagementServiceGetAutoDeleteOnIdleTests" name="AutoDeleteOnIdleProductionWithPublisherValueSet" />
    </UnitTest>
    <UnitTest name="AutoDeleteOnIdleDefaultValue" storage="d:\v2.0\a1\_work\dbded102\bin\release.anycpu\vssf.sdk\ms.vs.services.cloud.l0.tests\ms.vs.services.cloud.l0.tests.dll" id="87d360c9-0ec6-4429-0dfc-8f4656d21cba">
      <Execution id="70fb1c9c-7cae-4cbb-8a9b-b939e7df5c56" />
      <TestMethod codeBase="D:\v2.0\A1\_work\dbded102\bin\Release.AnyCPU\Vssf.Sdk\MS.VS.Services.Cloud.L0.Tests\MS.VS.Services.Cloud.L0.Tests.dll" adapterTypeName="Microsoft.VisualStudio.TestTools.TestTypes.Unit.UnitTestAdapter" className="MS.VS.Services.Cloud.L0.Tests.MessageBus.ServiceBusManagementServiceTests+ServiceBusManagementServiceGetAutoDeleteOnIdleTests" name="AutoDeleteOnIdleDefaultValue" />
    </UnitTest>
    <UnitTest name="AutoDeleteOnIdleEntityValue" storage="d:\v2.0\a1\_work\dbded102\bin\release.anycpu\vssf.sdk\ms.vs.services.cloud.l0.tests\ms.vs.services.cloud.l0.tests.dll" id="107b2d5f-218e-8d2c-e411-99eb245cedeb">
      <Execution id="25f7bd3c-1432-4acd-ab09-d990fe6da24e" />
      <TestMethod codeBase="D:\v2.0\A1\_work\dbded102\bin\Release.AnyCPU\Vssf.Sdk\MS.VS.Services.Cloud.L0.Tests\MS.VS.Services.Cloud.L0.Tests.dll" adapterTypeName="Microsoft.VisualStudio.TestTools.TestTypes.Unit.UnitTestAdapter" className="MS.VS.Services.Cloud.L0.Tests.MessageBus.ServiceBusManagementServiceTests+ServiceBusManagementServiceGetAutoDeleteOnIdleTests" name="AutoDeleteOnIdleEntityValue" />
    </UnitTest>
    <UnitTest name="AutoDeleteOnIdleFallback" storage="d:\v2.0\a1\_work\dbded102\bin\release.anycpu\vssf.sdk\ms.vs.services.cloud.l0.tests\ms.vs.services.cloud.l0.tests.dll" id="7b9dae4c-5735-4c6a-67a9-6c6fc809adad">
      <Execution id="93ed039c-f68f-4925-b025-4241ba5f980c" />
      <TestMethod codeBase="D:\v2.0\A1\_work\dbded102\bin\Release.AnyCPU\Vssf.Sdk\MS.VS.Services.Cloud.L0.Tests\MS.VS.Services.Cloud.L0.Tests.dll" adapterTypeName="Microsoft.VisualStudio.TestTools.TestTypes.Unit.UnitTestAdapter" className="MS.VS.Services.Cloud.L0.Tests.MessageBus.ServiceBusManagementServiceTests+ServiceBusManagementServiceGetAutoDeleteOnIdleTests" name="AutoDeleteOnIdleFallback" />
    </UnitTest>
    <UnitTest name="ServiceBusAlertNoActiveMessages" storage="d:\v2.0\a1\_work\dbded102\bin\release.anycpu\vssf.sdk\ms.vs.services.cloud.l0.tests\ms.vs.services.cloud.l0.tests.dll" id="b745a769-95c2-9383-94b0-61b040241950">
      <Execution id="93467dc3-9d91-42ee-b489-3eaf0b307862" />
      <TestMethod codeBase="D:\v2.0\A1\_work\dbded102\bin\Release.AnyCPU\Vssf.Sdk\MS.VS.Services.Cloud.L0.Tests\MS.VS.Services.Cloud.L0.Tests.dll" adapterTypeName="Microsoft.VisualStudio.TestTools.TestTypes.Unit.UnitTestAdapter" className="MS.VS.Services.Cloud.L0.Tests.MessageBus.ServiceBusManagementServiceTests+ServiceBusManagementServiceAlertingTests" name="ServiceBusAlertNoActiveMessages" />
    </UnitTest>
    <UnitTest name="ServiceBusAlertActiveMessagesUnderCap" storage="d:\v2.0\a1\_work\dbded102\bin\release.anycpu\vssf.sdk\ms.vs.services.cloud.l0.tests\ms.vs.services.cloud.l0.tests.dll" id="9538c702-3b04-5aea-103f-f259d4b6d045">
      <Execution id="f6967355-4d81-4131-9817-b39d9dc14a26" />
      <TestMethod codeBase="D:\v2.0\A1\_work\dbded102\bin\Release.AnyCPU\Vssf.Sdk\MS.VS.Services.Cloud.L0.Tests\MS.VS.Services.Cloud.L0.Tests.dll" adapterTypeName="Microsoft.VisualStudio.TestTools.TestTypes.Unit.UnitTestAdapter" className="MS.VS.Services.Cloud.L0.Tests.MessageBus.ServiceBusManagementServiceTests+ServiceBusManagementServiceAlertingTests" name="ServiceBusAlertActiveMessagesUnderCap" />
    </UnitTest>
    <UnitTest name="ServiceBusAlertExcessiveActiveMessages" storage="d:\v2.0\a1\_work\dbded102\bin\release.anycpu\vssf.sdk\ms.vs.services.cloud.l0.tests\ms.vs.services.cloud.l0.tests.dll" id="04d08064-fe90-612f-c563-a44c088fa6cd">
      <Execution id="eb393bc1-f2e9-4792-878b-363e6dcf16bd" />
      <TestMethod codeBase="D:\v2.0\A1\_work\dbded102\bin\Release.AnyCPU\Vssf.Sdk\MS.VS.Services.Cloud.L0.Tests\MS.VS.Services.Cloud.L0.Tests.dll" adapterTypeName="Microsoft.VisualStudio.TestTools.TestTypes.Unit.UnitTestAdapter" className="MS.VS.Services.Cloud.L0.Tests.MessageBus.ServiceBusManagementServiceTests+ServiceBusManagementServiceAlertingTests" name="ServiceBusAlertExcessiveActiveMessages" />
    </UnitTest>
    <UnitTest name="ServiceBusAlertHasntBeenAccessedRecentlyEnough" storage="d:\v2.0\a1\_work\dbded102\bin\release.anycpu\vssf.sdk\ms.vs.services.cloud.l0.tests\ms.vs.services.cloud.l0.tests.dll" id="1e71274a-7e4b-f125-1904-63e7a1d3ac34">
      <Execution id="fa332dfc-bee9-423f-9a5d-a12101904362" />
      <TestMethod codeBase="D:\v2.0\A1\_work\dbded102\bin\Release.AnyCPU\Vssf.Sdk\MS.VS.Services.Cloud.L0.Tests\MS.VS.Services.Cloud.L0.Tests.dll" adapterTypeName="Microsoft.VisualStudio.TestTools.TestTypes.Unit.UnitTestAdapter" className="MS.VS.Services.Cloud.L0.Tests.MessageBus.ServiceBusManagementServiceTests+ServiceBusManagementServiceAlertingTests" name="ServiceBusAlertHasntBeenAccessedRecentlyEnough" />
    </UnitTest>
    <UnitTest name="Should_throw_argument_null_when_request_context_is_null" storage="d:\v2.0\a1\_work\dbded102\bin\release.anycpu\vssf.sdk\ms.vs.services.cloud.l0.tests\ms.vs.services.cloud.l0.tests.dll" id="854dec0d-f919-8683-12a6-dd3785639207">
      <Execution id="c8fc3012-a60a-4c6b-9b98-258ae53d1b45" />
      <TestMethod codeBase="D:\v2.0\A1\_work\dbded102\bin\Release.AnyCPU\Vssf.Sdk\MS.VS.Services.Cloud.L0.Tests\MS.VS.Services.Cloud.L0.Tests.dll" adapterTypeName="Microsoft.VisualStudio.TestTools.TestTypes.Unit.UnitTestAdapter" className="MS.VS.Services.Cloud.L0.Tests.BasicAuth.FrameworkBasicAuthCacheTests+TryGetHash" name="Should_throw_argument_null_when_request_context_is_null" />
    </UnitTest>
    <UnitTest name="Should_throw_argument_exception_when_identity_id_is_empty" storage="d:\v2.0\a1\_work\dbded102\bin\release.anycpu\vssf.sdk\ms.vs.services.cloud.l0.tests\ms.vs.services.cloud.l0.tests.dll" id="a724042d-0f1c-7297-6789-af928c147804">
      <Execution id="7c5f9023-40cb-4c47-b62b-88488a26727c" />
      <TestMethod codeBase="D:\v2.0\A1\_work\dbded102\bin\Release.AnyCPU\Vssf.Sdk\MS.VS.Services.Cloud.L0.Tests\MS.VS.Services.Cloud.L0.Tests.dll" adapterTypeName="Microsoft.VisualStudio.TestTools.TestTypes.Unit.UnitTestAdapter" className="MS.VS.Services.Cloud.L0.Tests.BasicAuth.FrameworkBasicAuthCacheTests+TryGetHash" name="Should_throw_argument_exception_when_identity_id_is_empty" />
    </UnitTest>
    <UnitTest name="Should_return_true_and_cached_hash_from_redis_when_redis_is_enabled" storage="d:\v2.0\a1\_work\dbded102\bin\release.anycpu\vssf.sdk\ms.vs.services.cloud.l0.tests\ms.vs.services.cloud.l0.tests.dll" id="1412f730-cd59-a015-c728-f52b820ea02e">
      <Execution id="f2f3e5c3-05ab-46de-8617-5931f66ee72c" />
      <TestMethod codeBase="D:\v2.0\A1\_work\dbded102\bin\Release.AnyCPU\Vssf.Sdk\MS.VS.Services.Cloud.L0.Tests\MS.VS.Services.Cloud.L0.Tests.dll" adapterTypeName="Microsoft.VisualStudio.TestTools.TestTypes.Unit.UnitTestAdapter" className="MS.VS.Services.Cloud.L0.Tests.BasicAuth.FrameworkBasicAuthCacheTests+TryGetHash" name="Should_return_true_and_cached_hash_from_redis_when_redis_is_enabled" />
    </UnitTest>
    <UnitTest name="Should_return_false_when_redis_is_enabled_and_hash_is_not_cached" storage="d:\v2.0\a1\_work\dbded102\bin\release.anycpu\vssf.sdk\ms.vs.services.cloud.l0.tests\ms.vs.services.cloud.l0.tests.dll" id="b0e1230b-07f4-6825-5e74-33e037dbbe02">
      <Execution id="128777ae-edd6-401e-9805-3f1f00385fb8" />
      <TestMethod codeBase="D:\v2.0\A1\_work\dbded102\bin\Release.AnyCPU\Vssf.Sdk\MS.VS.Services.Cloud.L0.Tests\MS.VS.Services.Cloud.L0.Tests.dll" adapterTypeName="Microsoft.VisualStudio.TestTools.TestTypes.Unit.UnitTestAdapter" className="MS.VS.Services.Cloud.L0.Tests.BasicAuth.FrameworkBasicAuthCacheTests+TryGetHash" name="Should_return_false_when_redis_is_enabled_and_hash_is_not_cached" />
    </UnitTest>
    <UnitTest name="Should_return_false_when_redis_is_disabled_and_hash_is_not_cached" storage="d:\v2.0\a1\_work\dbded102\bin\release.anycpu\vssf.sdk\ms.vs.services.cloud.l0.tests\ms.vs.services.cloud.l0.tests.dll" id="cc3f07da-5007-e6a6-2fca-eb02a9c58394">
      <Execution id="8bc0a7c4-2e6e-4e84-9cd5-386179ff861d" />
      <TestMethod codeBase="D:\v2.0\A1\_work\dbded102\bin\Release.AnyCPU\Vssf.Sdk\MS.VS.Services.Cloud.L0.Tests\MS.VS.Services.Cloud.L0.Tests.dll" adapterTypeName="Microsoft.VisualStudio.TestTools.TestTypes.Unit.UnitTestAdapter" className="MS.VS.Services.Cloud.L0.Tests.BasicAuth.FrameworkBasicAuthCacheTests+TryGetHash" name="Should_return_false_when_redis_is_disabled_and_hash_is_not_cached" />
    </UnitTest>
    <UnitTest name="Should_throw_argument_null_when_request_context_is_null" storage="d:\v2.0\a1\_work\dbded102\bin\release.anycpu\vssf.sdk\ms.vs.services.cloud.l0.tests\ms.vs.services.cloud.l0.tests.dll" id="941e9f0b-0f59-d241-e28f-2240dfa55c4e">
      <Execution id="1d23bc61-e791-477d-b051-a1b1ca595430" />
      <TestMethod codeBase="D:\v2.0\A1\_work\dbded102\bin\Release.AnyCPU\Vssf.Sdk\MS.VS.Services.Cloud.L0.Tests\MS.VS.Services.Cloud.L0.Tests.dll" adapterTypeName="Microsoft.VisualStudio.TestTools.TestTypes.Unit.UnitTestAdapter" className="MS.VS.Services.Cloud.L0.Tests.BasicAuth.FrameworkBasicAuthCacheTests+TrySetHash" name="Should_throw_argument_null_when_request_context_is_null" />
    </UnitTest>
    <UnitTest name="Should_throw_argument_exception_when_identity_id_is_empty" storage="d:\v2.0\a1\_work\dbded102\bin\release.anycpu\vssf.sdk\ms.vs.services.cloud.l0.tests\ms.vs.services.cloud.l0.tests.dll" id="4a6b6b62-7c9a-4053-682b-ba9ed553adc1">
      <Execution id="ddc269c9-a4e4-4404-ad3a-3b72f462542d" />
      <TestMethod codeBase="D:\v2.0\A1\_work\dbded102\bin\Release.AnyCPU\Vssf.Sdk\MS.VS.Services.Cloud.L0.Tests\MS.VS.Services.Cloud.L0.Tests.dll" adapterTypeName="Microsoft.VisualStudio.TestTools.TestTypes.Unit.UnitTestAdapter" className="MS.VS.Services.Cloud.L0.Tests.BasicAuth.FrameworkBasicAuthCacheTests+TrySetHash" name="Should_throw_argument_exception_when_identity_id_is_empty" />
    </UnitTest>
    <UnitTest name="Should_throw_argument_exception_when_hash_is_null" storage="d:\v2.0\a1\_work\dbded102\bin\release.anycpu\vssf.sdk\ms.vs.services.cloud.l0.tests\ms.vs.services.cloud.l0.tests.dll" id="8feccd42-a1e7-b9bc-7efd-dc5918022e97">
      <Execution id="c212a896-f1c9-49df-bec3-cf94498d99ab" />
      <TestMethod codeBase="D:\v2.0\A1\_work\dbded102\bin\Release.AnyCPU\Vssf.Sdk\MS.VS.Services.Cloud.L0.Tests\MS.VS.Services.Cloud.L0.Tests.dll" adapterTypeName="Microsoft.VisualStudio.TestTools.TestTypes.Unit.UnitTestAdapter" className="MS.VS.Services.Cloud.L0.Tests.BasicAuth.FrameworkBasicAuthCacheTests+TrySetHash" name="Should_throw_argument_exception_when_hash_is_null" />
    </UnitTest>
    <UnitTest name="Should_return_true_and_set_hash_on_redis_when_redis_is_enabled" storage="d:\v2.0\a1\_work\dbded102\bin\release.anycpu\vssf.sdk\ms.vs.services.cloud.l0.tests\ms.vs.services.cloud.l0.tests.dll" id="87b771d8-abaa-03fd-a5c4-80ab16d84061">
      <Execution id="f75890ee-96f3-475d-9f79-bc6dd8531207" />
      <TestMethod codeBase="D:\v2.0\A1\_work\dbded102\bin\Release.AnyCPU\Vssf.Sdk\MS.VS.Services.Cloud.L0.Tests\MS.VS.Services.Cloud.L0.Tests.dll" adapterTypeName="Microsoft.VisualStudio.TestTools.TestTypes.Unit.UnitTestAdapter" className="MS.VS.Services.Cloud.L0.Tests.BasicAuth.FrameworkBasicAuthCacheTests+TrySetHash" name="Should_return_true_and_set_hash_on_redis_when_redis_is_enabled" />
    </UnitTest>
    <UnitTest name="Should_return_false_when_redis_is_disabled" storage="d:\v2.0\a1\_work\dbded102\bin\release.anycpu\vssf.sdk\ms.vs.services.cloud.l0.tests\ms.vs.services.cloud.l0.tests.dll" id="33fa2150-6bb8-0c2c-6a78-5198d6ae5e3e">
      <Execution id="93487d23-a919-4296-b009-62205b2230a6" />
      <TestMethod codeBase="D:\v2.0\A1\_work\dbded102\bin\Release.AnyCPU\Vssf.Sdk\MS.VS.Services.Cloud.L0.Tests\MS.VS.Services.Cloud.L0.Tests.dll" adapterTypeName="Microsoft.VisualStudio.TestTools.TestTypes.Unit.UnitTestAdapter" className="MS.VS.Services.Cloud.L0.Tests.BasicAuth.FrameworkBasicAuthCacheTests+TrySetHash" name="Should_return_false_when_redis_is_disabled" />
    </UnitTest>
    <UnitTest name="Should_return_false_on_redis_exception" storage="d:\v2.0\a1\_work\dbded102\bin\release.anycpu\vssf.sdk\ms.vs.services.cloud.l0.tests\ms.vs.services.cloud.l0.tests.dll" id="0b0c6e5c-9742-4e08-c48b-7d5ad17a0000">
      <Execution id="cd3caebc-f125-46b8-a3fd-856bc4e6188d" />
      <TestMethod codeBase="D:\v2.0\A1\_work\dbded102\bin\Release.AnyCPU\Vssf.Sdk\MS.VS.Services.Cloud.L0.Tests\MS.VS.Services.Cloud.L0.Tests.dll" adapterTypeName="Microsoft.VisualStudio.TestTools.TestTypes.Unit.UnitTestAdapter" className="MS.VS.Services.Cloud.L0.Tests.BasicAuth.FrameworkBasicAuthCacheTests+TrySetHash" name="Should_return_false_on_redis_exception" />
    </UnitTest>
    <UnitTest name="Should_throw_argument_null_when_request_context_is_null" storage="d:\v2.0\a1\_work\dbded102\bin\release.anycpu\vssf.sdk\ms.vs.services.cloud.l0.tests\ms.vs.services.cloud.l0.tests.dll" id="2f328998-2a5e-f113-4f5d-629de61459c1">
      <Execution id="823233fd-d676-4bb2-ab17-54dbc583ed6e" />
      <TestMethod codeBase="D:\v2.0\A1\_work\dbded102\bin\Release.AnyCPU\Vssf.Sdk\MS.VS.Services.Cloud.L0.Tests\MS.VS.Services.Cloud.L0.Tests.dll" adapterTypeName="Microsoft.VisualStudio.TestTools.TestTypes.Unit.UnitTestAdapter" className="MS.VS.Services.Cloud.L0.Tests.BasicAuth.FrameworkBasicAuthCacheTests+TryInvalidateHash" name="Should_throw_argument_null_when_request_context_is_null" />
    </UnitTest>
    <UnitTest name="Should_throw_argument_exception_when_identity_id_is_empty" storage="d:\v2.0\a1\_work\dbded102\bin\release.anycpu\vssf.sdk\ms.vs.services.cloud.l0.tests\ms.vs.services.cloud.l0.tests.dll" id="6df1fc16-6741-b4b3-2bbd-ff9f9bcc189d">
      <Execution id="57b0490c-2758-46c6-bbe6-d4fa2c5f71b7" />
      <TestMethod codeBase="D:\v2.0\A1\_work\dbded102\bin\Release.AnyCPU\Vssf.Sdk\MS.VS.Services.Cloud.L0.Tests\MS.VS.Services.Cloud.L0.Tests.dll" adapterTypeName="Microsoft.VisualStudio.TestTools.TestTypes.Unit.UnitTestAdapter" className="MS.VS.Services.Cloud.L0.Tests.BasicAuth.FrameworkBasicAuthCacheTests+TryInvalidateHash" name="Should_throw_argument_exception_when_identity_id_is_empty" />
    </UnitTest>
    <UnitTest name="Should_return_true_and_invalidate_cached_hash_in_redis_when_redis_is_enabled" storage="d:\v2.0\a1\_work\dbded102\bin\release.anycpu\vssf.sdk\ms.vs.services.cloud.l0.tests\ms.vs.services.cloud.l0.tests.dll" id="9dec79e5-feb2-af1c-909c-a4bfb7ac189b">
      <Execution id="044483fc-ccb6-40a0-9d31-2140e38a2efe" />
      <TestMethod codeBase="D:\v2.0\A1\_work\dbded102\bin\Release.AnyCPU\Vssf.Sdk\MS.VS.Services.Cloud.L0.Tests\MS.VS.Services.Cloud.L0.Tests.dll" adapterTypeName="Microsoft.VisualStudio.TestTools.TestTypes.Unit.UnitTestAdapter" className="MS.VS.Services.Cloud.L0.Tests.BasicAuth.FrameworkBasicAuthCacheTests+TryInvalidateHash" name="Should_return_true_and_invalidate_cached_hash_in_redis_when_redis_is_enabled" />
    </UnitTest>
    <UnitTest name="Should_return_false_when_redis_is_disabled" storage="d:\v2.0\a1\_work\dbded102\bin\release.anycpu\vssf.sdk\ms.vs.services.cloud.l0.tests\ms.vs.services.cloud.l0.tests.dll" id="d5adfe88-7360-baf4-9ce8-26ff7cc87a82">
      <Execution id="101b84f5-8281-4a6f-adf9-dce79bdf1b0e" />
      <TestMethod codeBase="D:\v2.0\A1\_work\dbded102\bin\Release.AnyCPU\Vssf.Sdk\MS.VS.Services.Cloud.L0.Tests\MS.VS.Services.Cloud.L0.Tests.dll" adapterTypeName="Microsoft.VisualStudio.TestTools.TestTypes.Unit.UnitTestAdapter" className="MS.VS.Services.Cloud.L0.Tests.BasicAuth.FrameworkBasicAuthCacheTests+TryInvalidateHash" name="Should_return_false_when_redis_is_disabled" />
    </UnitTest>
    <UnitTest name="Should_return_false_on_redis_exception" storage="d:\v2.0\a1\_work\dbded102\bin\release.anycpu\vssf.sdk\ms.vs.services.cloud.l0.tests\ms.vs.services.cloud.l0.tests.dll" id="53d40db5-f82a-a545-4523-5fcc56b8d2a6">
      <Execution id="023a39e0-962d-4655-8069-25128c027ffa" />
      <TestMethod codeBase="D:\v2.0\A1\_work\dbded102\bin\Release.AnyCPU\Vssf.Sdk\MS.VS.Services.Cloud.L0.Tests\MS.VS.Services.Cloud.L0.Tests.dll" adapterTypeName="Microsoft.VisualStudio.TestTools.TestTypes.Unit.UnitTestAdapter" className="MS.VS.Services.Cloud.L0.Tests.BasicAuth.FrameworkBasicAuthCacheTests+TryInvalidateHash" name="Should_return_false_on_redis_exception" />
    </UnitTest>
    <UnitTest name="Should_not_delete_credential_when_request_context_execution_environment_is_not_hosted" storage="d:\v2.0\a1\_work\dbded102\bin\release.anycpu\vssf.sdk\ms.vs.services.cloud.l0.tests\ms.vs.services.cloud.l0.tests.dll" id="ff2d3f0f-94d6-3c21-c864-5604b1c7d31b">
      <Execution id="08cefe91-69bb-4fae-8ed0-49509461e3be" />
      <TestMethod codeBase="D:\v2.0\A1\_work\dbded102\bin\Release.AnyCPU\Vssf.Sdk\MS.VS.Services.Cloud.L0.Tests\MS.VS.Services.Cloud.L0.Tests.dll" adapterTypeName="Microsoft.VisualStudio.TestTools.TestTypes.Unit.UnitTestAdapter" className="MS.VS.Services.Cloud.L0.Tests.BasicAuth.FrameworkBasicAuthServiceTests+DeleteBasicCredential" name="Should_not_delete_credential_when_request_context_execution_environment_is_not_hosted" />
    </UnitTest>
    <UnitTest name="Should_throw_unexpected_host_type_exception_when_service_host_is_not_deployment" storage="d:\v2.0\a1\_work\dbded102\bin\release.anycpu\vssf.sdk\ms.vs.services.cloud.l0.tests\ms.vs.services.cloud.l0.tests.dll" id="8603d9a7-6161-e0eb-0ac6-0fd79c5b0a58">
      <Execution id="afb59325-fbbb-4c88-9788-a0a7b377b4b7" />
      <TestMethod codeBase="D:\v2.0\A1\_work\dbded102\bin\Release.AnyCPU\Vssf.Sdk\MS.VS.Services.Cloud.L0.Tests\MS.VS.Services.Cloud.L0.Tests.dll" adapterTypeName="Microsoft.VisualStudio.TestTools.TestTypes.Unit.UnitTestAdapter" className="MS.VS.Services.Cloud.L0.Tests.BasicAuth.FrameworkBasicAuthServiceTests+DeleteBasicCredential" name="Should_throw_unexpected_host_type_exception_when_service_host_is_not_deployment" />
    </UnitTest>
    <UnitTest name="Should_delete_basic_auth_credential" storage="d:\v2.0\a1\_work\dbded102\bin\release.anycpu\vssf.sdk\ms.vs.services.cloud.l0.tests\ms.vs.services.cloud.l0.tests.dll" id="f8720149-e1bd-cdfc-e082-98694cb37999">
      <Execution id="e7e9090d-6142-4f24-8562-0c5dfd35042c" />
      <TestMethod codeBase="D:\v2.0\A1\_work\dbded102\bin\Release.AnyCPU\Vssf.Sdk\MS.VS.Services.Cloud.L0.Tests\MS.VS.Services.Cloud.L0.Tests.dll" adapterTypeName="Microsoft.VisualStudio.TestTools.TestTypes.Unit.UnitTestAdapter" className="MS.VS.Services.Cloud.L0.Tests.BasicAuth.FrameworkBasicAuthServiceTests+DeleteBasicCredential" name="Should_delete_basic_auth_credential" />
    </UnitTest>
    <UnitTest name="Should_invalidate_cached_credential_hash_for_client" storage="d:\v2.0\a1\_work\dbded102\bin\release.anycpu\vssf.sdk\ms.vs.services.cloud.l0.tests\ms.vs.services.cloud.l0.tests.dll" id="3440338f-b9dd-49bb-259c-2c4ca8c3fb1e">
      <Execution id="07a0ea21-247a-4f99-9fbb-e72c31078ec1" />
      <TestMethod codeBase="D:\v2.0\A1\_work\dbded102\bin\Release.AnyCPU\Vssf.Sdk\MS.VS.Services.Cloud.L0.Tests\MS.VS.Services.Cloud.L0.Tests.dll" adapterTypeName="Microsoft.VisualStudio.TestTools.TestTypes.Unit.UnitTestAdapter" className="MS.VS.Services.Cloud.L0.Tests.BasicAuth.FrameworkBasicAuthServiceTests+DeleteBasicCredential" name="Should_invalidate_cached_credential_hash_for_client" />
    </UnitTest>
    <UnitTest name="Should_return_true_when_request_context_execution_environment_is_not_hosted" storage="d:\v2.0\a1\_work\dbded102\bin\release.anycpu\vssf.sdk\ms.vs.services.cloud.l0.tests\ms.vs.services.cloud.l0.tests.dll" id="1c86ff27-b618-145f-fc89-2e19fbbe36da">
      <Execution id="eccf2bb3-0b03-4815-934b-3067c413e03c" />
      <TestMethod codeBase="D:\v2.0\A1\_work\dbded102\bin\Release.AnyCPU\Vssf.Sdk\MS.VS.Services.Cloud.L0.Tests\MS.VS.Services.Cloud.L0.Tests.dll" adapterTypeName="Microsoft.VisualStudio.TestTools.TestTypes.Unit.UnitTestAdapter" className="MS.VS.Services.Cloud.L0.Tests.BasicAuth.FrameworkBasicAuthServiceTests+IsBasicAuthDisabled" name="Should_return_true_when_request_context_execution_environment_is_not_hosted" />
    </UnitTest>
    <UnitTest name="Should_throw_unexpected_host_type_exception_when_environment_is_not_deployment" storage="d:\v2.0\a1\_work\dbded102\bin\release.anycpu\vssf.sdk\ms.vs.services.cloud.l0.tests\ms.vs.services.cloud.l0.tests.dll" id="9d437d02-911d-f1ab-51d1-c51e8bc7ba3d">
      <Execution id="945a8650-0c52-483b-9a0e-4431a031cce8" />
      <TestMethod codeBase="D:\v2.0\A1\_work\dbded102\bin\Release.AnyCPU\Vssf.Sdk\MS.VS.Services.Cloud.L0.Tests\MS.VS.Services.Cloud.L0.Tests.dll" adapterTypeName="Microsoft.VisualStudio.TestTools.TestTypes.Unit.UnitTestAdapter" className="MS.VS.Services.Cloud.L0.Tests.BasicAuth.FrameworkBasicAuthServiceTests+IsBasicAuthDisabled" name="Should_throw_unexpected_host_type_exception_when_environment_is_not_deployment" />
    </UnitTest>
    <UnitTest name="Should_return_false_when_credential_for_identity_was_not_found" storage="d:\v2.0\a1\_work\dbded102\bin\release.anycpu\vssf.sdk\ms.vs.services.cloud.l0.tests\ms.vs.services.cloud.l0.tests.dll" id="3364171f-da53-294c-fadc-d2e9e70016e1">
      <Execution id="249c1e5e-f017-432e-b516-9aef16e5feca" />
      <TestMethod codeBase="D:\v2.0\A1\_work\dbded102\bin\Release.AnyCPU\Vssf.Sdk\MS.VS.Services.Cloud.L0.Tests\MS.VS.Services.Cloud.L0.Tests.dll" adapterTypeName="Microsoft.VisualStudio.TestTools.TestTypes.Unit.UnitTestAdapter" className="MS.VS.Services.Cloud.L0.Tests.BasicAuth.FrameworkBasicAuthServiceTests+IsBasicAuthDisabled" name="Should_return_false_when_credential_for_identity_was_not_found" />
    </UnitTest>
    <UnitTest name="Should_return_true_when_credential_is_disabled" storage="d:\v2.0\a1\_work\dbded102\bin\release.anycpu\vssf.sdk\ms.vs.services.cloud.l0.tests\ms.vs.services.cloud.l0.tests.dll" id="749bf7fd-b82a-b2e0-928c-b5ce604f1d1a">
      <Execution id="d2524607-61d4-43b4-a7a1-824ee3953422" />
      <TestMethod codeBase="D:\v2.0\A1\_work\dbded102\bin\Release.AnyCPU\Vssf.Sdk\MS.VS.Services.Cloud.L0.Tests\MS.VS.Services.Cloud.L0.Tests.dll" adapterTypeName="Microsoft.VisualStudio.TestTools.TestTypes.Unit.UnitTestAdapter" className="MS.VS.Services.Cloud.L0.Tests.BasicAuth.FrameworkBasicAuthServiceTests+IsBasicAuthDisabled" name="Should_return_true_when_credential_is_disabled" />
    </UnitTest>
    <UnitTest name="Should_return_false_when_credentials_are_found_and_enabled" storage="d:\v2.0\a1\_work\dbded102\bin\release.anycpu\vssf.sdk\ms.vs.services.cloud.l0.tests\ms.vs.services.cloud.l0.tests.dll" id="a76c34f8-3ddb-9b69-56be-e37225583a95">
      <Execution id="251caf88-3c6d-4e66-a071-6155084ca1e7" />
      <TestMethod codeBase="D:\v2.0\A1\_work\dbded102\bin\Release.AnyCPU\Vssf.Sdk\MS.VS.Services.Cloud.L0.Tests\MS.VS.Services.Cloud.L0.Tests.dll" adapterTypeName="Microsoft.VisualStudio.TestTools.TestTypes.Unit.UnitTestAdapter" className="MS.VS.Services.Cloud.L0.Tests.BasicAuth.FrameworkBasicAuthServiceTests+IsBasicAuthDisabled" name="Should_return_false_when_credentials_are_found_and_enabled" />
    </UnitTest>
    <UnitTest name="Should_return_false_when_request_context_execution_environment_is_not_hosted" storage="d:\v2.0\a1\_work\dbded102\bin\release.anycpu\vssf.sdk\ms.vs.services.cloud.l0.tests\ms.vs.services.cloud.l0.tests.dll" id="be5d32a2-3689-cef9-e03f-2758e521762b">
      <Execution id="1382c7f0-690d-444c-92d1-3b10c3456252" />
      <TestMethod codeBase="D:\v2.0\A1\_work\dbded102\bin\Release.AnyCPU\Vssf.Sdk\MS.VS.Services.Cloud.L0.Tests\MS.VS.Services.Cloud.L0.Tests.dll" adapterTypeName="Microsoft.VisualStudio.TestTools.TestTypes.Unit.UnitTestAdapter" className="MS.VS.Services.Cloud.L0.Tests.BasicAuth.FrameworkBasicAuthServiceTests+HasBasicCredential" name="Should_return_false_when_request_context_execution_environment_is_not_hosted" />
    </UnitTest>
    <UnitTest name="Should_throw_unexpected_host_type_exception_when_environment_is_not_deployment" storage="d:\v2.0\a1\_work\dbded102\bin\release.anycpu\vssf.sdk\ms.vs.services.cloud.l0.tests\ms.vs.services.cloud.l0.tests.dll" id="d41adf48-dfd3-c9d8-7d25-333f762cb383">
      <Execution id="ef1ca971-c923-4eb3-9d0c-9345167801a1" />
      <TestMethod codeBase="D:\v2.0\A1\_work\dbded102\bin\Release.AnyCPU\Vssf.Sdk\MS.VS.Services.Cloud.L0.Tests\MS.VS.Services.Cloud.L0.Tests.dll" adapterTypeName="Microsoft.VisualStudio.TestTools.TestTypes.Unit.UnitTestAdapter" className="MS.VS.Services.Cloud.L0.Tests.BasicAuth.FrameworkBasicAuthServiceTests+HasBasicCredential" name="Should_throw_unexpected_host_type_exception_when_environment_is_not_deployment" />
    </UnitTest>
    <UnitTest name="Should_return_false_when_credential_for_identity_was_not_found" storage="d:\v2.0\a1\_work\dbded102\bin\release.anycpu\vssf.sdk\ms.vs.services.cloud.l0.tests\ms.vs.services.cloud.l0.tests.dll" id="ed1239d3-ec91-3b06-35c2-1fe7c29277fa">
      <Execution id="ffc93413-3b97-4688-ab3c-4fcacf9ba4e2" />
      <TestMethod codeBase="D:\v2.0\A1\_work\dbded102\bin\Release.AnyCPU\Vssf.Sdk\MS.VS.Services.Cloud.L0.Tests\MS.VS.Services.Cloud.L0.Tests.dll" adapterTypeName="Microsoft.VisualStudio.TestTools.TestTypes.Unit.UnitTestAdapter" className="MS.VS.Services.Cloud.L0.Tests.BasicAuth.FrameworkBasicAuthServiceTests+HasBasicCredential" name="Should_return_false_when_credential_for_identity_was_not_found" />
    </UnitTest>
    <UnitTest name="Should_return_true_when_credential_for_identity_was_found" storage="d:\v2.0\a1\_work\dbded102\bin\release.anycpu\vssf.sdk\ms.vs.services.cloud.l0.tests\ms.vs.services.cloud.l0.tests.dll" id="2bdc4942-d470-3506-6379-0db2751fcf4c">
      <Execution id="eb0fe9d8-3006-494e-916f-c7ac780d6868" />
      <TestMethod codeBase="D:\v2.0\A1\_work\dbded102\bin\Release.AnyCPU\Vssf.Sdk\MS.VS.Services.Cloud.L0.Tests\MS.VS.Services.Cloud.L0.Tests.dll" adapterTypeName="Microsoft.VisualStudio.TestTools.TestTypes.Unit.UnitTestAdapter" className="MS.VS.Services.Cloud.L0.Tests.BasicAuth.FrameworkBasicAuthServiceTests+HasBasicCredential" name="Should_return_true_when_credential_for_identity_was_found" />
    </UnitTest>
    <UnitTest name="Should_not_set_credential_when_request_context_execution_environment_is_not_hosted" storage="d:\v2.0\a1\_work\dbded102\bin\release.anycpu\vssf.sdk\ms.vs.services.cloud.l0.tests\ms.vs.services.cloud.l0.tests.dll" id="89250205-4edf-41e5-02ad-bbd439562f5e">
      <Execution id="e0dced82-7a63-4543-a8f5-933514c80ca4" />
      <TestMethod codeBase="D:\v2.0\A1\_work\dbded102\bin\Release.AnyCPU\Vssf.Sdk\MS.VS.Services.Cloud.L0.Tests\MS.VS.Services.Cloud.L0.Tests.dll" adapterTypeName="Microsoft.VisualStudio.TestTools.TestTypes.Unit.UnitTestAdapter" className="MS.VS.Services.Cloud.L0.Tests.BasicAuth.FrameworkBasicAuthServiceTests+SetBasicCredential" name="Should_not_set_credential_when_request_context_execution_environment_is_not_hosted" />
    </UnitTest>
    <UnitTest name="Should_throw_unexpected_host_type_exception_when_environment_is_not_deployment" storage="d:\v2.0\a1\_work\dbded102\bin\release.anycpu\vssf.sdk\ms.vs.services.cloud.l0.tests\ms.vs.services.cloud.l0.tests.dll" id="0d0abdf7-6b85-4a00-839d-cbd7777f1e09">
      <Execution id="e6783823-04b7-41d5-b6cb-f7862cf2a441" />
      <TestMethod codeBase="D:\v2.0\A1\_work\dbded102\bin\Release.AnyCPU\Vssf.Sdk\MS.VS.Services.Cloud.L0.Tests\MS.VS.Services.Cloud.L0.Tests.dll" adapterTypeName="Microsoft.VisualStudio.TestTools.TestTypes.Unit.UnitTestAdapter" className="MS.VS.Services.Cloud.L0.Tests.BasicAuth.FrameworkBasicAuthServiceTests+SetBasicCredential" name="Should_throw_unexpected_host_type_exception_when_environment_is_not_deployment" />
    </UnitTest>
    <UnitTest name="Should_throw_invalid_operation_exception_when_current_authenticated_identity_type_is_alternate_credentials" storage="d:\v2.0\a1\_work\dbded102\bin\release.anycpu\vssf.sdk\ms.vs.services.cloud.l0.tests\ms.vs.services.cloud.l0.tests.dll" id="3c2d778b-5a87-441f-5e8b-4d9d630cacce">
      <Execution id="583a5386-dcf3-4e69-8747-ba1565bd2a15" />
      <TestMethod codeBase="D:\v2.0\A1\_work\dbded102\bin\Release.AnyCPU\Vssf.Sdk\MS.VS.Services.Cloud.L0.Tests\MS.VS.Services.Cloud.L0.Tests.dll" adapterTypeName="Microsoft.VisualStudio.TestTools.TestTypes.Unit.UnitTestAdapter" className="MS.VS.Services.Cloud.L0.Tests.BasicAuth.FrameworkBasicAuthServiceTests+SetBasicCredential" name="Should_throw_invalid_operation_exception_when_current_authenticated_identity_type_is_alternate_credentials" />
    </UnitTest>
    <UnitTest name="Should_throw_argument_exception_when_password_is_null" storage="d:\v2.0\a1\_work\dbded102\bin\release.anycpu\vssf.sdk\ms.vs.services.cloud.l0.tests\ms.vs.services.cloud.l0.tests.dll" id="acfa9781-c2af-44c4-0e4c-2f6ab2213c2d">
      <Execution id="3ded9ef7-ef09-46da-9757-3039fb69b125" />
      <TestMethod codeBase="D:\v2.0\A1\_work\dbded102\bin\Release.AnyCPU\Vssf.Sdk\MS.VS.Services.Cloud.L0.Tests\MS.VS.Services.Cloud.L0.Tests.dll" adapterTypeName="Microsoft.VisualStudio.TestTools.TestTypes.Unit.UnitTestAdapter" className="MS.VS.Services.Cloud.L0.Tests.BasicAuth.FrameworkBasicAuthServiceTests+SetBasicCredential" name="Should_throw_argument_exception_when_password_is_null" />
    </UnitTest>
    <UnitTest name="Should_throw_argument_exception_when_password_is_less_than_8_characters" storage="d:\v2.0\a1\_work\dbded102\bin\release.anycpu\vssf.sdk\ms.vs.services.cloud.l0.tests\ms.vs.services.cloud.l0.tests.dll" id="c7ef403e-ea5b-eabb-c342-62cc558411fb">
      <Execution id="7f081c04-0cac-461b-ace0-13d092cb766a" />
      <TestMethod codeBase="D:\v2.0\A1\_work\dbded102\bin\Release.AnyCPU\Vssf.Sdk\MS.VS.Services.Cloud.L0.Tests\MS.VS.Services.Cloud.L0.Tests.dll" adapterTypeName="Microsoft.VisualStudio.TestTools.TestTypes.Unit.UnitTestAdapter" className="MS.VS.Services.Cloud.L0.Tests.BasicAuth.FrameworkBasicAuthServiceTests+SetBasicCredential" name="Should_throw_argument_exception_when_password_is_less_than_8_characters" />
    </UnitTest>
    <UnitTest name="Should_throw_argument_exception_when_password_is_greater_than_32_characters" storage="d:\v2.0\a1\_work\dbded102\bin\release.anycpu\vssf.sdk\ms.vs.services.cloud.l0.tests\ms.vs.services.cloud.l0.tests.dll" id="22e2aa23-d707-72ec-7263-7b8e8fc42c1b">
      <Execution id="19cebb77-bbd3-4001-88c7-9bf15c9b884e" />
      <TestMethod codeBase="D:\v2.0\A1\_work\dbded102\bin\Release.AnyCPU\Vssf.Sdk\MS.VS.Services.Cloud.L0.Tests\MS.VS.Services.Cloud.L0.Tests.dll" adapterTypeName="Microsoft.VisualStudio.TestTools.TestTypes.Unit.UnitTestAdapter" className="MS.VS.Services.Cloud.L0.Tests.BasicAuth.FrameworkBasicAuthServiceTests+SetBasicCredential" name="Should_throw_argument_exception_when_password_is_greater_than_32_characters" />
    </UnitTest>
    <UnitTest name="Should_throw_argument_exception_when_password_does_not_meet_complexity_requirements" storage="d:\v2.0\a1\_work\dbded102\bin\release.anycpu\vssf.sdk\ms.vs.services.cloud.l0.tests\ms.vs.services.cloud.l0.tests.dll" id="568e68e6-07c4-7326-a256-5dee2c5944c6">
      <Execution id="884732d0-23cd-4bf4-a916-a8d01fec8488" />
      <TestMethod codeBase="D:\v2.0\A1\_work\dbded102\bin\Release.AnyCPU\Vssf.Sdk\MS.VS.Services.Cloud.L0.Tests\MS.VS.Services.Cloud.L0.Tests.dll" adapterTypeName="Microsoft.VisualStudio.TestTools.TestTypes.Unit.UnitTestAdapter" className="MS.VS.Services.Cloud.L0.Tests.BasicAuth.FrameworkBasicAuthServiceTests+SetBasicCredential" name="Should_throw_argument_exception_when_password_does_not_meet_complexity_requirements" />
    </UnitTest>
    <UnitTest name="Should_update_identity_credentials" storage="d:\v2.0\a1\_work\dbded102\bin\release.anycpu\vssf.sdk\ms.vs.services.cloud.l0.tests\ms.vs.services.cloud.l0.tests.dll" id="d1743ce8-f5d8-c80a-c056-118412dc626f">
      <Execution id="2f5ff31c-986a-48aa-bdd0-655ec7f4b6db" />
      <TestMethod codeBase="D:\v2.0\A1\_work\dbded102\bin\Release.AnyCPU\Vssf.Sdk\MS.VS.Services.Cloud.L0.Tests\MS.VS.Services.Cloud.L0.Tests.dll" adapterTypeName="Microsoft.VisualStudio.TestTools.TestTypes.Unit.UnitTestAdapter" className="MS.VS.Services.Cloud.L0.Tests.BasicAuth.FrameworkBasicAuthServiceTests+SetBasicCredential" name="Should_update_identity_credentials" />
    </UnitTest>
    <UnitTest name="Should_not_call_httpclient_if_password_empty" storage="d:\v2.0\a1\_work\dbded102\bin\release.anycpu\vssf.sdk\ms.vs.services.cloud.l0.tests\ms.vs.services.cloud.l0.tests.dll" id="48f0a80c-d3b0-abd5-7904-ae4f94696f25">
      <Execution id="048f9a7f-6e36-4835-a2fd-b092da3c2eb0" />
      <TestMethod codeBase="D:\v2.0\A1\_work\dbded102\bin\Release.AnyCPU\Vssf.Sdk\MS.VS.Services.Cloud.L0.Tests\MS.VS.Services.Cloud.L0.Tests.dll" adapterTypeName="Microsoft.VisualStudio.TestTools.TestTypes.Unit.UnitTestAdapter" className="MS.VS.Services.Cloud.L0.Tests.BasicAuth.FrameworkBasicAuthServiceTests+IsValidBasicCredential" name="Should_not_call_httpclient_if_password_empty" />
    </UnitTest>
    <UnitTest name="Should_return_false_when_request_context_execution_environment_is_not_hosted" storage="d:\v2.0\a1\_work\dbded102\bin\release.anycpu\vssf.sdk\ms.vs.services.cloud.l0.tests\ms.vs.services.cloud.l0.tests.dll" id="8b5a3b03-0a0c-b134-6147-0ce64f7fdf50">
      <Execution id="d11ee7fb-a546-486d-992a-f847311b0bef" />
      <TestMethod codeBase="D:\v2.0\A1\_work\dbded102\bin\Release.AnyCPU\Vssf.Sdk\MS.VS.Services.Cloud.L0.Tests\MS.VS.Services.Cloud.L0.Tests.dll" adapterTypeName="Microsoft.VisualStudio.TestTools.TestTypes.Unit.UnitTestAdapter" className="MS.VS.Services.Cloud.L0.Tests.BasicAuth.FrameworkBasicAuthServiceTests+IsValidBasicCredential" name="Should_return_false_when_request_context_execution_environment_is_not_hosted" />
    </UnitTest>
    <UnitTest name="Should_return_false_when_multiple_identities_matched_target_identity" storage="d:\v2.0\a1\_work\dbded102\bin\release.anycpu\vssf.sdk\ms.vs.services.cloud.l0.tests\ms.vs.services.cloud.l0.tests.dll" id="e704ce6e-99b6-0752-da0e-01b3e95f4754">
      <Execution id="7bd25a4c-b9be-4d8d-8f49-cb3a186789e6" />
      <TestMethod codeBase="D:\v2.0\A1\_work\dbded102\bin\Release.AnyCPU\Vssf.Sdk\MS.VS.Services.Cloud.L0.Tests\MS.VS.Services.Cloud.L0.Tests.dll" adapterTypeName="Microsoft.VisualStudio.TestTools.TestTypes.Unit.UnitTestAdapter" className="MS.VS.Services.Cloud.L0.Tests.BasicAuth.FrameworkBasicAuthServiceTests+IsValidBasicCredential" name="Should_return_false_when_multiple_identities_matched_target_identity" />
    </UnitTest>
    <UnitTest name="Should_return_true_when_password_has_matches_hash_in_cache" storage="d:\v2.0\a1\_work\dbded102\bin\release.anycpu\vssf.sdk\ms.vs.services.cloud.l0.tests\ms.vs.services.cloud.l0.tests.dll" id="a798d103-0260-4ba1-47af-4d3ef4169873">
      <Execution id="f25c2737-5aa2-4ec0-a6e6-405d7e3cf4cf" />
      <TestMethod codeBase="D:\v2.0\A1\_work\dbded102\bin\Release.AnyCPU\Vssf.Sdk\MS.VS.Services.Cloud.L0.Tests\MS.VS.Services.Cloud.L0.Tests.dll" adapterTypeName="Microsoft.VisualStudio.TestTools.TestTypes.Unit.UnitTestAdapter" className="MS.VS.Services.Cloud.L0.Tests.BasicAuth.FrameworkBasicAuthServiceTests+IsValidBasicCredential" name="Should_return_true_when_password_has_matches_hash_in_cache" />
    </UnitTest>
    <UnitTest name="Should_return_true_when_password_does_not_match_hash_in_cache_and_matches_credential" storage="d:\v2.0\a1\_work\dbded102\bin\release.anycpu\vssf.sdk\ms.vs.services.cloud.l0.tests\ms.vs.services.cloud.l0.tests.dll" id="0005a0e5-7f7d-6efe-42e4-b90e4a6e785e">
      <Execution id="670d1cea-bf0d-411a-b890-e847cb2b36f4" />
      <TestMethod codeBase="D:\v2.0\A1\_work\dbded102\bin\Release.AnyCPU\Vssf.Sdk\MS.VS.Services.Cloud.L0.Tests\MS.VS.Services.Cloud.L0.Tests.dll" adapterTypeName="Microsoft.VisualStudio.TestTools.TestTypes.Unit.UnitTestAdapter" className="MS.VS.Services.Cloud.L0.Tests.BasicAuth.FrameworkBasicAuthServiceTests+IsValidBasicCredential" name="Should_return_true_when_password_does_not_match_hash_in_cache_and_matches_credential" />
    </UnitTest>
    <UnitTest name="Should_return_false_when_password_does_not_match_hash_in_cache_and_does_not_match_credentials" storage="d:\v2.0\a1\_work\dbded102\bin\release.anycpu\vssf.sdk\ms.vs.services.cloud.l0.tests\ms.vs.services.cloud.l0.tests.dll" id="144bd6bb-2f1d-a361-1328-80af10fdd33e">
      <Execution id="2fc429d2-7802-4a66-85c0-75c45aed0112" />
      <TestMethod codeBase="D:\v2.0\A1\_work\dbded102\bin\Release.AnyCPU\Vssf.Sdk\MS.VS.Services.Cloud.L0.Tests\MS.VS.Services.Cloud.L0.Tests.dll" adapterTypeName="Microsoft.VisualStudio.TestTools.TestTypes.Unit.UnitTestAdapter" className="MS.VS.Services.Cloud.L0.Tests.BasicAuth.FrameworkBasicAuthServiceTests+IsValidBasicCredential" name="Should_return_false_when_password_does_not_match_hash_in_cache_and_does_not_match_credentials" />
    </UnitTest>
    <UnitTest name="Should_invalidate_casched_hash_when_password_hash_in_cache_and_doesn_not_match_credentials" storage="d:\v2.0\a1\_work\dbded102\bin\release.anycpu\vssf.sdk\ms.vs.services.cloud.l0.tests\ms.vs.services.cloud.l0.tests.dll" id="9a07d2b5-d3ad-e5b3-fd24-0e2cd724b55d">
      <Execution id="b620b571-b990-4fee-9c3b-00e281be8d9c" />
      <TestMethod codeBase="D:\v2.0\A1\_work\dbded102\bin\Release.AnyCPU\Vssf.Sdk\MS.VS.Services.Cloud.L0.Tests\MS.VS.Services.Cloud.L0.Tests.dll" adapterTypeName="Microsoft.VisualStudio.TestTools.TestTypes.Unit.UnitTestAdapter" className="MS.VS.Services.Cloud.L0.Tests.BasicAuth.FrameworkBasicAuthServiceTests+IsValidBasicCredential" name="Should_invalidate_casched_hash_when_password_hash_in_cache_and_doesn_not_match_credentials" />
    </UnitTest>
    <UnitTest name="Should_return_true_when_no_cached_hash_and_password_matches_credential" storage="d:\v2.0\a1\_work\dbded102\bin\release.anycpu\vssf.sdk\ms.vs.services.cloud.l0.tests\ms.vs.services.cloud.l0.tests.dll" id="7da8f793-f54a-39ef-40b7-5684280bd00c">
      <Execution id="957c35bb-8e3f-455c-850c-f4c93b90d8a2" />
      <TestMethod codeBase="D:\v2.0\A1\_work\dbded102\bin\Release.AnyCPU\Vssf.Sdk\MS.VS.Services.Cloud.L0.Tests\MS.VS.Services.Cloud.L0.Tests.dll" adapterTypeName="Microsoft.VisualStudio.TestTools.TestTypes.Unit.UnitTestAdapter" className="MS.VS.Services.Cloud.L0.Tests.BasicAuth.FrameworkBasicAuthServiceTests+IsValidBasicCredential" name="Should_return_true_when_no_cached_hash_and_password_matches_credential" />
    </UnitTest>
    <UnitTest name="Should_return_false_when_no_cached_hash_and_password_does_not_matche_credential" storage="d:\v2.0\a1\_work\dbded102\bin\release.anycpu\vssf.sdk\ms.vs.services.cloud.l0.tests\ms.vs.services.cloud.l0.tests.dll" id="9c0f494e-7dca-dba7-122c-746108a3963b">
      <Execution id="c607f36d-25a9-4097-9340-f05502c41924" />
      <TestMethod codeBase="D:\v2.0\A1\_work\dbded102\bin\Release.AnyCPU\Vssf.Sdk\MS.VS.Services.Cloud.L0.Tests\MS.VS.Services.Cloud.L0.Tests.dll" adapterTypeName="Microsoft.VisualStudio.TestTools.TestTypes.Unit.UnitTestAdapter" className="MS.VS.Services.Cloud.L0.Tests.BasicAuth.FrameworkBasicAuthServiceTests+IsValidBasicCredential" name="Should_return_false_when_no_cached_hash_and_password_does_not_matche_credential" />
    </UnitTest>
    <UnitTest name="Should_not_enable_credential_when_request_context_execution_environment_is_not_hosted" storage="d:\v2.0\a1\_work\dbded102\bin\release.anycpu\vssf.sdk\ms.vs.services.cloud.l0.tests\ms.vs.services.cloud.l0.tests.dll" id="d78a3c4d-c7fc-83a1-2c4c-4d9d6a666816">
      <Execution id="26f2d189-81f2-43af-8f95-10334da9abf0" />
      <TestMethod codeBase="D:\v2.0\A1\_work\dbded102\bin\Release.AnyCPU\Vssf.Sdk\MS.VS.Services.Cloud.L0.Tests\MS.VS.Services.Cloud.L0.Tests.dll" adapterTypeName="Microsoft.VisualStudio.TestTools.TestTypes.Unit.UnitTestAdapter" className="MS.VS.Services.Cloud.L0.Tests.BasicAuth.FrameworkBasicAuthServiceTests+EnableDisabledAccount" name="Should_not_enable_credential_when_request_context_execution_environment_is_not_hosted" />
    </UnitTest>
    <UnitTest name="Should_throw_unexpected_host_type_exception_when_service_host_is_not_deployment" storage="d:\v2.0\a1\_work\dbded102\bin\release.anycpu\vssf.sdk\ms.vs.services.cloud.l0.tests\ms.vs.services.cloud.l0.tests.dll" id="f5d65b38-ad06-c050-c78b-3415cce4b696">
      <Execution id="a8e33db3-6e1a-485f-a9f5-0c2deb5fc088" />
      <TestMethod codeBase="D:\v2.0\A1\_work\dbded102\bin\Release.AnyCPU\Vssf.Sdk\MS.VS.Services.Cloud.L0.Tests\MS.VS.Services.Cloud.L0.Tests.dll" adapterTypeName="Microsoft.VisualStudio.TestTools.TestTypes.Unit.UnitTestAdapter" className="MS.VS.Services.Cloud.L0.Tests.BasicAuth.FrameworkBasicAuthServiceTests+EnableDisabledAccount" name="Should_throw_unexpected_host_type_exception_when_service_host_is_not_deployment" />
    </UnitTest>
    <UnitTest name="Should_enable_credential_and_clear_password" storage="d:\v2.0\a1\_work\dbded102\bin\release.anycpu\vssf.sdk\ms.vs.services.cloud.l0.tests\ms.vs.services.cloud.l0.tests.dll" id="332b6f53-d449-623c-b53c-5d507244e9d7">
      <Execution id="ce405622-00c9-4285-9eaf-9f82d6a07962" />
      <TestMethod codeBase="D:\v2.0\A1\_work\dbded102\bin\Release.AnyCPU\Vssf.Sdk\MS.VS.Services.Cloud.L0.Tests\MS.VS.Services.Cloud.L0.Tests.dll" adapterTypeName="Microsoft.VisualStudio.TestTools.TestTypes.Unit.UnitTestAdapter" className="MS.VS.Services.Cloud.L0.Tests.BasicAuth.FrameworkBasicAuthServiceTests+EnableDisabledAccount" name="Should_enable_credential_and_clear_password" />
    </UnitTest>
    <UnitTest name="Should_be_true_when_execution_environment_is_not_hosted" storage="d:\v2.0\a1\_work\dbded102\bin\release.anycpu\vssf.sdk\ms.vs.services.cloud.l0.tests\ms.vs.services.cloud.l0.tests.dll" id="2b030f55-3757-20d0-805b-9feb4c1d5656">
      <Execution id="3d53f820-9c4d-462a-90d1-29d706dc5c9d" />
      <TestMethod codeBase="D:\v2.0\A1\_work\dbded102\bin\Release.AnyCPU\Vssf.Sdk\MS.VS.Services.Cloud.L0.Tests\MS.VS.Services.Cloud.L0.Tests.dll" adapterTypeName="Microsoft.VisualStudio.TestTools.TestTypes.Unit.UnitTestAdapter" className="MS.VS.Services.Cloud.L0.Tests.Authentication.ForceSignoutAuthenticationValidatorTests+IsValid" name="Should_be_true_when_execution_environment_is_not_hosted" />
    </UnitTest>
    <UnitTest name="Should_be_true_when_feature_is_not_enabled" storage="d:\v2.0\a1\_work\dbded102\bin\release.anycpu\vssf.sdk\ms.vs.services.cloud.l0.tests\ms.vs.services.cloud.l0.tests.dll" id="3b614c0d-a0e1-9bd1-5caf-f6bdcd653918">
      <Execution id="f7568cff-b2e2-4508-939b-bc1cdc47e6dc" />
      <TestMethod codeBase="D:\v2.0\A1\_work\dbded102\bin\Release.AnyCPU\Vssf.Sdk\MS.VS.Services.Cloud.L0.Tests\MS.VS.Services.Cloud.L0.Tests.dll" adapterTypeName="Microsoft.VisualStudio.TestTools.TestTypes.Unit.UnitTestAdapter" className="MS.VS.Services.Cloud.L0.Tests.Authentication.ForceSignoutAuthenticationValidatorTests+IsValid" name="Should_be_true_when_feature_is_not_enabled" />
    </UnitTest>
    <UnitTest name="Should_be_true_when_auth_credential_is_null" storage="d:\v2.0\a1\_work\dbded102\bin\release.anycpu\vssf.sdk\ms.vs.services.cloud.l0.tests\ms.vs.services.cloud.l0.tests.dll" id="d338e5e2-de37-9b0d-6da1-759d5ae0f080">
      <Execution id="9904dcfe-384f-4a18-9f85-37f1bd7f570c" />
      <TestMethod codeBase="D:\v2.0\A1\_work\dbded102\bin\Release.AnyCPU\Vssf.Sdk\MS.VS.Services.Cloud.L0.Tests\MS.VS.Services.Cloud.L0.Tests.dll" adapterTypeName="Microsoft.VisualStudio.TestTools.TestTypes.Unit.UnitTestAdapter" className="MS.VS.Services.Cloud.L0.Tests.Authentication.ForceSignoutAuthenticationValidatorTests+IsValid" name="Should_be_true_when_auth_credential_is_null" />
    </UnitTest>
    <UnitTest name="Should_be_true_when_credential_auth_valid_date_is_greater_than_identity_valid_date" storage="d:\v2.0\a1\_work\dbded102\bin\release.anycpu\vssf.sdk\ms.vs.services.cloud.l0.tests\ms.vs.services.cloud.l0.tests.dll" id="c9a5852a-0207-5730-4a74-1c11bdfaa661">
      <Execution id="8ea7acb3-8a58-446d-bfd2-3b7bbb6d287c" />
      <TestMethod codeBase="D:\v2.0\A1\_work\dbded102\bin\Release.AnyCPU\Vssf.Sdk\MS.VS.Services.Cloud.L0.Tests\MS.VS.Services.Cloud.L0.Tests.dll" adapterTypeName="Microsoft.VisualStudio.TestTools.TestTypes.Unit.UnitTestAdapter" className="MS.VS.Services.Cloud.L0.Tests.Authentication.ForceSignoutAuthenticationValidatorTests+IsValid" name="Should_be_true_when_credential_auth_valid_date_is_greater_than_identity_valid_date" />
    </UnitTest>
    <UnitTest name="Should_be_true_when_credential_auth_valid_date_is_greater_than_account_valid_date" storage="d:\v2.0\a1\_work\dbded102\bin\release.anycpu\vssf.sdk\ms.vs.services.cloud.l0.tests\ms.vs.services.cloud.l0.tests.dll" id="e6a79b5a-9b0f-2c88-ee5a-f90364e4ccf3">
      <Execution id="e491428f-fbbb-49f6-8ffc-44719db40517" />
      <TestMethod codeBase="D:\v2.0\A1\_work\dbded102\bin\Release.AnyCPU\Vssf.Sdk\MS.VS.Services.Cloud.L0.Tests\MS.VS.Services.Cloud.L0.Tests.dll" adapterTypeName="Microsoft.VisualStudio.TestTools.TestTypes.Unit.UnitTestAdapter" className="MS.VS.Services.Cloud.L0.Tests.Authentication.ForceSignoutAuthenticationValidatorTests+IsValid" name="Should_be_true_when_credential_auth_valid_date_is_greater_than_account_valid_date" />
    </UnitTest>
    <UnitTest name="Should_be_true_when_credential_auth_valid_date_is_greater_than_both_identity_and_account_valid_date" storage="d:\v2.0\a1\_work\dbded102\bin\release.anycpu\vssf.sdk\ms.vs.services.cloud.l0.tests\ms.vs.services.cloud.l0.tests.dll" id="ef6d1c84-d608-d999-4f8c-9ec94b530411">
      <Execution id="564cd1fb-4c87-4db1-8532-59bcf90564d4" />
      <TestMethod codeBase="D:\v2.0\A1\_work\dbded102\bin\Release.AnyCPU\Vssf.Sdk\MS.VS.Services.Cloud.L0.Tests\MS.VS.Services.Cloud.L0.Tests.dll" adapterTypeName="Microsoft.VisualStudio.TestTools.TestTypes.Unit.UnitTestAdapter" className="MS.VS.Services.Cloud.L0.Tests.Authentication.ForceSignoutAuthenticationValidatorTests+IsValid" name="Should_be_true_when_credential_auth_valid_date_is_greater_than_both_identity_and_account_valid_date" />
    </UnitTest>
    <UnitTest name="Should_be_false_when_credential_auth_valid_date_is_lesser_than_identity_valid_date" storage="d:\v2.0\a1\_work\dbded102\bin\release.anycpu\vssf.sdk\ms.vs.services.cloud.l0.tests\ms.vs.services.cloud.l0.tests.dll" id="37ba5476-a413-397a-13dc-f2c01aa73104">
      <Execution id="7aa732a7-fad5-4725-9bc8-8dcb9d775fdc" />
      <TestMethod codeBase="D:\v2.0\A1\_work\dbded102\bin\Release.AnyCPU\Vssf.Sdk\MS.VS.Services.Cloud.L0.Tests\MS.VS.Services.Cloud.L0.Tests.dll" adapterTypeName="Microsoft.VisualStudio.TestTools.TestTypes.Unit.UnitTestAdapter" className="MS.VS.Services.Cloud.L0.Tests.Authentication.ForceSignoutAuthenticationValidatorTests+IsValid" name="Should_be_false_when_credential_auth_valid_date_is_lesser_than_identity_valid_date" />
    </UnitTest>
    <UnitTest name="Should_be_false_when_credential_auth_valid_date_is_lesser_than_account_valid_date" storage="d:\v2.0\a1\_work\dbded102\bin\release.anycpu\vssf.sdk\ms.vs.services.cloud.l0.tests\ms.vs.services.cloud.l0.tests.dll" id="75cfd13f-65dd-917a-59cb-e2df1f8ee893">
      <Execution id="f7ba6adb-1733-461f-84e9-d83ab0661d13" />
      <TestMethod codeBase="D:\v2.0\A1\_work\dbded102\bin\Release.AnyCPU\Vssf.Sdk\MS.VS.Services.Cloud.L0.Tests\MS.VS.Services.Cloud.L0.Tests.dll" adapterTypeName="Microsoft.VisualStudio.TestTools.TestTypes.Unit.UnitTestAdapter" className="MS.VS.Services.Cloud.L0.Tests.Authentication.ForceSignoutAuthenticationValidatorTests+IsValid" name="Should_be_false_when_credential_auth_valid_date_is_lesser_than_account_valid_date" />
    </UnitTest>
    <UnitTest name="Should_be_false_when_credential_auth_valid_date_is_lesser_than_either_identity_or_account_valid_date" storage="d:\v2.0\a1\_work\dbded102\bin\release.anycpu\vssf.sdk\ms.vs.services.cloud.l0.tests\ms.vs.services.cloud.l0.tests.dll" id="82bb464d-3b22-e089-4f86-c23bcfebff15">
      <Execution id="fa4cd8e7-8fcb-4b49-9770-8106dfe24505" />
      <TestMethod codeBase="D:\v2.0\A1\_work\dbded102\bin\Release.AnyCPU\Vssf.Sdk\MS.VS.Services.Cloud.L0.Tests\MS.VS.Services.Cloud.L0.Tests.dll" adapterTypeName="Microsoft.VisualStudio.TestTools.TestTypes.Unit.UnitTestAdapter" className="MS.VS.Services.Cloud.L0.Tests.Authentication.ForceSignoutAuthenticationValidatorTests+IsValid" name="Should_be_false_when_credential_auth_valid_date_is_lesser_than_either_identity_or_account_valid_date" />
    </UnitTest>
    <UnitTest name="Should_be_true_when_fed_auth_suppress_header_is_specified" storage="d:\v2.0\a1\_work\dbded102\bin\release.anycpu\vssf.sdk\ms.vs.services.cloud.l0.tests\ms.vs.services.cloud.l0.tests.dll" id="76e7c97b-1f73-d79b-89f7-a27d3bad9c01">
      <Execution id="53bc598d-c7a9-4e5a-a8e8-09de9b044e3e" />
      <TestMethod codeBase="D:\v2.0\A1\_work\dbded102\bin\Release.AnyCPU\Vssf.Sdk\MS.VS.Services.Cloud.L0.Tests\MS.VS.Services.Cloud.L0.Tests.dll" adapterTypeName="Microsoft.VisualStudio.TestTools.TestTypes.Unit.UnitTestAdapter" className="MS.VS.Services.Cloud.L0.Tests.Authentication.ForceSignoutAuthenticationValidatorTests+IsValid" name="Should_be_true_when_fed_auth_suppress_header_is_specified" />
    </UnitTest>
    <UnitTest name="Should_be_true_when_path_ends_with_asmx" storage="d:\v2.0\a1\_work\dbded102\bin\release.anycpu\vssf.sdk\ms.vs.services.cloud.l0.tests\ms.vs.services.cloud.l0.tests.dll" id="c59e8360-3ad9-aadc-bdad-423b6f3c6177">
      <Execution id="3003f618-a0e4-4009-8fe1-d45c0550e912" />
      <TestMethod codeBase="D:\v2.0\A1\_work\dbded102\bin\Release.AnyCPU\Vssf.Sdk\MS.VS.Services.Cloud.L0.Tests\MS.VS.Services.Cloud.L0.Tests.dll" adapterTypeName="Microsoft.VisualStudio.TestTools.TestTypes.Unit.UnitTestAdapter" className="MS.VS.Services.Cloud.L0.Tests.Authentication.ForceSignoutAuthenticationValidatorTests+IsValid" name="Should_be_true_when_path_ends_with_asmx" />
    </UnitTest>
    <UnitTest name="Should_be_true_when_path_ends_with_ashx" storage="d:\v2.0\a1\_work\dbded102\bin\release.anycpu\vssf.sdk\ms.vs.services.cloud.l0.tests\ms.vs.services.cloud.l0.tests.dll" id="80af434d-ecff-4a5e-b25e-0663226572b3">
      <Execution id="00185991-d4d3-4c50-b265-02284ef60144" />
      <TestMethod codeBase="D:\v2.0\A1\_work\dbded102\bin\Release.AnyCPU\Vssf.Sdk\MS.VS.Services.Cloud.L0.Tests\MS.VS.Services.Cloud.L0.Tests.dll" adapterTypeName="Microsoft.VisualStudio.TestTools.TestTypes.Unit.UnitTestAdapter" className="MS.VS.Services.Cloud.L0.Tests.Authentication.ForceSignoutAuthenticationValidatorTests+IsValid" name="Should_be_true_when_path_ends_with_ashx" />
    </UnitTest>
    <UnitTest name="Should_redirect_response_to_signout_uri" storage="d:\v2.0\a1\_work\dbded102\bin\release.anycpu\vssf.sdk\ms.vs.services.cloud.l0.tests\ms.vs.services.cloud.l0.tests.dll" id="f22f05da-765e-3a07-0cea-9070d04b6d6f">
      <Execution id="86de28ff-028d-4e3c-97ed-66a1f063eacd" />
      <TestMethod codeBase="D:\v2.0\A1\_work\dbded102\bin\Release.AnyCPU\Vssf.Sdk\MS.VS.Services.Cloud.L0.Tests\MS.VS.Services.Cloud.L0.Tests.dll" adapterTypeName="Microsoft.VisualStudio.TestTools.TestTypes.Unit.UnitTestAdapter" className="MS.VS.Services.Cloud.L0.Tests.Authentication.ForceSignoutAuthenticationValidatorTests+CompleteInvalidRequest" name="Should_redirect_response_to_signout_uri" />
    </UnitTest>
    <UnitTest name="Should_redirect_response_to_deployment_level_signout_uri" storage="d:\v2.0\a1\_work\dbded102\bin\release.anycpu\vssf.sdk\ms.vs.services.cloud.l0.tests\ms.vs.services.cloud.l0.tests.dll" id="91e72215-5985-583d-797d-ebe221c1a370">
      <Execution id="737ce498-7c89-437f-926b-84494c89a3f8" />
      <TestMethod codeBase="D:\v2.0\A1\_work\dbded102\bin\Release.AnyCPU\Vssf.Sdk\MS.VS.Services.Cloud.L0.Tests\MS.VS.Services.Cloud.L0.Tests.dll" adapterTypeName="Microsoft.VisualStudio.TestTools.TestTypes.Unit.UnitTestAdapter" className="MS.VS.Services.Cloud.L0.Tests.Authentication.ForceSignoutAuthenticationValidatorTests+CompleteInvalidRequest" name="Should_redirect_response_to_deployment_level_signout_uri" />
    </UnitTest>
    <UnitTest name="Should_redirect_response_to_signout_with_forceSignout_parameter" storage="d:\v2.0\a1\_work\dbded102\bin\release.anycpu\vssf.sdk\ms.vs.services.cloud.l0.tests\ms.vs.services.cloud.l0.tests.dll" id="6757e280-6379-0026-3912-529ef9ac6dc0">
      <Execution id="40e5d0a2-ba18-41a7-a802-1641bdc02a09" />
      <TestMethod codeBase="D:\v2.0\A1\_work\dbded102\bin\Release.AnyCPU\Vssf.Sdk\MS.VS.Services.Cloud.L0.Tests\MS.VS.Services.Cloud.L0.Tests.dll" adapterTypeName="Microsoft.VisualStudio.TestTools.TestTypes.Unit.UnitTestAdapter" className="MS.VS.Services.Cloud.L0.Tests.Authentication.ForceSignoutAuthenticationValidatorTests+CompleteInvalidRequest" name="Should_redirect_response_to_signout_with_forceSignout_parameter" />
    </UnitTest>
    <UnitTest name="Should_redirect_response_to_signout_with_reply_to_matching_orginal_request" storage="d:\v2.0\a1\_work\dbded102\bin\release.anycpu\vssf.sdk\ms.vs.services.cloud.l0.tests\ms.vs.services.cloud.l0.tests.dll" id="0c17effd-b13e-3c36-96fb-aeb5a697d644">
      <Execution id="d69e66b5-d7a3-475e-b1dd-b111e3cf95bc" />
      <TestMethod codeBase="D:\v2.0\A1\_work\dbded102\bin\Release.AnyCPU\Vssf.Sdk\MS.VS.Services.Cloud.L0.Tests\MS.VS.Services.Cloud.L0.Tests.dll" adapterTypeName="Microsoft.VisualStudio.TestTools.TestTypes.Unit.UnitTestAdapter" className="MS.VS.Services.Cloud.L0.Tests.Authentication.ForceSignoutAuthenticationValidatorTests+CompleteInvalidRequest" name="Should_redirect_response_to_signout_with_reply_to_matching_orginal_request" />
    </UnitTest>
    <UnitTest name="Should_redirect_response_to_signout_without_authentication_query_params" storage="d:\v2.0\a1\_work\dbded102\bin\release.anycpu\vssf.sdk\ms.vs.services.cloud.l0.tests\ms.vs.services.cloud.l0.tests.dll" id="636c5ba0-6256-6458-ded9-75c49a8dcd53">
      <Execution id="a01adb3e-af4e-4238-b436-b9a6df632fb4" />
      <TestMethod codeBase="D:\v2.0\A1\_work\dbded102\bin\Release.AnyCPU\Vssf.Sdk\MS.VS.Services.Cloud.L0.Tests\MS.VS.Services.Cloud.L0.Tests.dll" adapterTypeName="Microsoft.VisualStudio.TestTools.TestTypes.Unit.UnitTestAdapter" className="MS.VS.Services.Cloud.L0.Tests.Authentication.ForceSignoutAuthenticationValidatorTests+CompleteInvalidRequest" name="Should_redirect_response_to_signout_without_authentication_query_params" />
    </UnitTest>
    <UnitTest name="Returns_true_if_user_is_not_guest" storage="d:\v2.0\a1\_work\dbded102\bin\release.anycpu\vssf.sdk\ms.vs.services.cloud.l0.tests\ms.vs.services.cloud.l0.tests.dll" id="b1c38f71-9598-392c-cb30-fe2db9721f29">
      <Execution id="959cde57-7323-4e16-9cd6-7d530bda6d1e" />
      <TestMethod codeBase="D:\v2.0\A1\_work\dbded102\bin\Release.AnyCPU\Vssf.Sdk\MS.VS.Services.Cloud.L0.Tests\MS.VS.Services.Cloud.L0.Tests.dll" adapterTypeName="Microsoft.VisualStudio.TestTools.TestTypes.Unit.UnitTestAdapter" className="MS.VS.Services.Cloud.L0.Tests.Authentication.AadGuestIdentityAuthenticationValidatorTests+IsValid" name="Returns_true_if_user_is_not_guest" />
    </UnitTest>
    <UnitTest name="Returns_false_if_user_is_guest" storage="d:\v2.0\a1\_work\dbded102\bin\release.anycpu\vssf.sdk\ms.vs.services.cloud.l0.tests\ms.vs.services.cloud.l0.tests.dll" id="7522b227-bbfd-2afe-bc9c-fc87c027d757">
      <Execution id="c96ab2da-cd09-45fe-bffe-f7588128ccbb" />
      <TestMethod codeBase="D:\v2.0\A1\_work\dbded102\bin\Release.AnyCPU\Vssf.Sdk\MS.VS.Services.Cloud.L0.Tests\MS.VS.Services.Cloud.L0.Tests.dll" adapterTypeName="Microsoft.VisualStudio.TestTools.TestTypes.Unit.UnitTestAdapter" className="MS.VS.Services.Cloud.L0.Tests.Authentication.AadGuestIdentityAuthenticationValidatorTests+IsValid" name="Returns_false_if_user_is_guest" />
    </UnitTest>
    <UnitTest name="Returns_true_if_deployment_request" storage="d:\v2.0\a1\_work\dbded102\bin\release.anycpu\vssf.sdk\ms.vs.services.cloud.l0.tests\ms.vs.services.cloud.l0.tests.dll" id="5ae26694-6f52-e109-68db-d05d38929778">
      <Execution id="34b83dfe-8000-4f9f-b72b-755d6c886a01" />
      <TestMethod codeBase="D:\v2.0\A1\_work\dbded102\bin\Release.AnyCPU\Vssf.Sdk\MS.VS.Services.Cloud.L0.Tests\MS.VS.Services.Cloud.L0.Tests.dll" adapterTypeName="Microsoft.VisualStudio.TestTools.TestTypes.Unit.UnitTestAdapter" className="MS.VS.Services.Cloud.L0.Tests.Authentication.AadGuestIdentityAuthenticationValidatorTests+IsValid" name="Returns_true_if_deployment_request" />
    </UnitTest>
    <UnitTest name="Returns_true_if_signedIn_page" storage="d:\v2.0\a1\_work\dbded102\bin\release.anycpu\vssf.sdk\ms.vs.services.cloud.l0.tests\ms.vs.services.cloud.l0.tests.dll" id="3aaaf361-7d28-7ec0-ae3b-72c376441ee9">
      <Execution id="24f4d5da-1f3d-4caf-946e-9da96a344d31" />
      <TestMethod codeBase="D:\v2.0\A1\_work\dbded102\bin\Release.AnyCPU\Vssf.Sdk\MS.VS.Services.Cloud.L0.Tests\MS.VS.Services.Cloud.L0.Tests.dll" adapterTypeName="Microsoft.VisualStudio.TestTools.TestTypes.Unit.UnitTestAdapter" className="MS.VS.Services.Cloud.L0.Tests.Authentication.AadGuestIdentityAuthenticationValidatorTests+IsValid" name="Returns_true_if_signedIn_page" />
    </UnitTest>
    <UnitTest name="GetToken_should_throw_argument_null_when_request_context_is_null" storage="d:\v2.0\a1\_work\dbded102\bin\release.anycpu\vssf.sdk\ms.vs.services.cloud.l0.tests\ms.vs.services.cloud.l0.tests.dll" id="862b1205-0f46-f291-1e82-0b1f6890d324">
      <Execution id="c8da7571-fd4a-467b-9dea-314cf322f940" />
      <TestMethod codeBase="D:\v2.0\A1\_work\dbded102\bin\Release.AnyCPU\Vssf.Sdk\MS.VS.Services.Cloud.L0.Tests\MS.VS.Services.Cloud.L0.Tests.dll" adapterTypeName="Microsoft.VisualStudio.TestTools.TestTypes.Unit.UnitTestAdapter" className="MS.VS.Services.Cloud.L0.Tests.Aad.AadAccessTokenProviderTests+GetToken" name="GetToken_should_throw_argument_null_when_request_context_is_null" />
    </UnitTest>
    <UnitTest name="GetToken_should_throw_argument_null_when_identity_descriptor_is_null" storage="d:\v2.0\a1\_work\dbded102\bin\release.anycpu\vssf.sdk\ms.vs.services.cloud.l0.tests\ms.vs.services.cloud.l0.tests.dll" id="55d20fde-ffb9-3d2b-0fc0-ef7ae9e576dc">
      <Execution id="41f28d85-2a83-41f5-ac29-cb70aec63eae" />
      <TestMethod codeBase="D:\v2.0\A1\_work\dbded102\bin\Release.AnyCPU\Vssf.Sdk\MS.VS.Services.Cloud.L0.Tests\MS.VS.Services.Cloud.L0.Tests.dll" adapterTypeName="Microsoft.VisualStudio.TestTools.TestTypes.Unit.UnitTestAdapter" className="MS.VS.Services.Cloud.L0.Tests.Aad.AadAccessTokenProviderTests+GetToken" name="GetToken_should_throw_argument_null_when_identity_descriptor_is_null" />
    </UnitTest>
    <UnitTest name="GetToken_should_return_null_when_token_is_not_found_in_request_context_items" storage="d:\v2.0\a1\_work\dbded102\bin\release.anycpu\vssf.sdk\ms.vs.services.cloud.l0.tests\ms.vs.services.cloud.l0.tests.dll" id="0d157c2a-191e-dc47-e069-b3c93cc590a8">
      <Execution id="4bfaf1be-2ae7-4611-9867-b635ee5b7325" />
      <TestMethod codeBase="D:\v2.0\A1\_work\dbded102\bin\Release.AnyCPU\Vssf.Sdk\MS.VS.Services.Cloud.L0.Tests\MS.VS.Services.Cloud.L0.Tests.dll" adapterTypeName="Microsoft.VisualStudio.TestTools.TestTypes.Unit.UnitTestAdapter" className="MS.VS.Services.Cloud.L0.Tests.Aad.AadAccessTokenProviderTests+GetToken" name="GetToken_should_return_null_when_token_is_not_found_in_request_context_items" />
    </UnitTest>
    <UnitTest name="GetToken_should_return_null_when_token_in_request_context_items_is_null" storage="d:\v2.0\a1\_work\dbded102\bin\release.anycpu\vssf.sdk\ms.vs.services.cloud.l0.tests\ms.vs.services.cloud.l0.tests.dll" id="f47b402c-f152-d427-bbf8-7e1b932a0195">
      <Execution id="4a9200ee-1840-4766-9053-73237d5d62c2" />
      <TestMethod codeBase="D:\v2.0\A1\_work\dbded102\bin\Release.AnyCPU\Vssf.Sdk\MS.VS.Services.Cloud.L0.Tests\MS.VS.Services.Cloud.L0.Tests.dll" adapterTypeName="Microsoft.VisualStudio.TestTools.TestTypes.Unit.UnitTestAdapter" className="MS.VS.Services.Cloud.L0.Tests.Aad.AadAccessTokenProviderTests+GetToken" name="GetToken_should_return_null_when_token_in_request_context_items_is_null" />
    </UnitTest>
    <UnitTest name="GetToken_should_return_converted_token_from_request_context" storage="d:\v2.0\a1\_work\dbded102\bin\release.anycpu\vssf.sdk\ms.vs.services.cloud.l0.tests\ms.vs.services.cloud.l0.tests.dll" id="0202443b-5060-e73a-615e-ab7187e6758c">
      <Execution id="5abc911e-b8d4-450a-b224-550986d0cfc1" />
      <TestMethod codeBase="D:\v2.0\A1\_work\dbded102\bin\Release.AnyCPU\Vssf.Sdk\MS.VS.Services.Cloud.L0.Tests\MS.VS.Services.Cloud.L0.Tests.dll" adapterTypeName="Microsoft.VisualStudio.TestTools.TestTypes.Unit.UnitTestAdapter" className="MS.VS.Services.Cloud.L0.Tests.Aad.AadAccessTokenProviderTests+GetToken" name="GetToken_should_return_converted_token_from_request_context" />
    </UnitTest>
    <UnitTest name="SetToken_should_throw_argument_null_when_request_context_is_null" storage="d:\v2.0\a1\_work\dbded102\bin\release.anycpu\vssf.sdk\ms.vs.services.cloud.l0.tests\ms.vs.services.cloud.l0.tests.dll" id="4cd00e8d-96fc-ed6d-d61f-a78e80db3e00">
      <Execution id="35b545e2-4a13-4444-9407-cedac20cfd02" />
      <TestMethod codeBase="D:\v2.0\A1\_work\dbded102\bin\Release.AnyCPU\Vssf.Sdk\MS.VS.Services.Cloud.L0.Tests\MS.VS.Services.Cloud.L0.Tests.dll" adapterTypeName="Microsoft.VisualStudio.TestTools.TestTypes.Unit.UnitTestAdapter" className="MS.VS.Services.Cloud.L0.Tests.Aad.AadAccessTokenProviderTests+SetToken" name="SetToken_should_throw_argument_null_when_request_context_is_null" />
    </UnitTest>
    <UnitTest name="SetToken_should_throw_argument_null_when_identity_descriptor_is_null" storage="d:\v2.0\a1\_work\dbded102\bin\release.anycpu\vssf.sdk\ms.vs.services.cloud.l0.tests\ms.vs.services.cloud.l0.tests.dll" id="84a24c47-7e53-5c7c-0b99-e89af11e97fc">
      <Execution id="33493303-66f8-49ab-9018-81f148a2bc41" />
      <TestMethod codeBase="D:\v2.0\A1\_work\dbded102\bin\Release.AnyCPU\Vssf.Sdk\MS.VS.Services.Cloud.L0.Tests\MS.VS.Services.Cloud.L0.Tests.dll" adapterTypeName="Microsoft.VisualStudio.TestTools.TestTypes.Unit.UnitTestAdapter" className="MS.VS.Services.Cloud.L0.Tests.Aad.AadAccessTokenProviderTests+SetToken" name="SetToken_should_throw_argument_null_when_identity_descriptor_is_null" />
    </UnitTest>
    <UnitTest name="SetToken_should_throw_argument_null_when_token_is_null" storage="d:\v2.0\a1\_work\dbded102\bin\release.anycpu\vssf.sdk\ms.vs.services.cloud.l0.tests\ms.vs.services.cloud.l0.tests.dll" id="98b8199f-f239-a68c-231b-1f0d28b80704">
      <Execution id="29b9fb93-a519-4597-9ef4-4387f8cbf4f6" />
      <TestMethod codeBase="D:\v2.0\A1\_work\dbded102\bin\Release.AnyCPU\Vssf.Sdk\MS.VS.Services.Cloud.L0.Tests\MS.VS.Services.Cloud.L0.Tests.dll" adapterTypeName="Microsoft.VisualStudio.TestTools.TestTypes.Unit.UnitTestAdapter" className="MS.VS.Services.Cloud.L0.Tests.Aad.AadAccessTokenProviderTests+SetToken" name="SetToken_should_throw_argument_null_when_token_is_null" />
    </UnitTest>
    <UnitTest name="SetToken_should_set_convert_and_set_token_in_request_context_items" storage="d:\v2.0\a1\_work\dbded102\bin\release.anycpu\vssf.sdk\ms.vs.services.cloud.l0.tests\ms.vs.services.cloud.l0.tests.dll" id="04e7ef16-fa40-8e18-87ae-ef58aac2dbe7">
      <Execution id="362e3cab-78c8-4548-aa76-35a6a953e179" />
      <TestMethod codeBase="D:\v2.0\A1\_work\dbded102\bin\Release.AnyCPU\Vssf.Sdk\MS.VS.Services.Cloud.L0.Tests\MS.VS.Services.Cloud.L0.Tests.dll" adapterTypeName="Microsoft.VisualStudio.TestTools.TestTypes.Unit.UnitTestAdapter" className="MS.VS.Services.Cloud.L0.Tests.Aad.AadAccessTokenProviderTests+SetToken" name="SetToken_should_set_convert_and_set_token_in_request_context_items" />
    </UnitTest>
    <UnitTest name="GetToken_should_throw_argument_null_when_request_context_is_null" storage="d:\v2.0\a1\_work\dbded102\bin\release.anycpu\vssf.sdk\ms.vs.services.cloud.l0.tests\ms.vs.services.cloud.l0.tests.dll" id="9d96bf0f-417b-54b4-ef04-fe5cb91810ea">
      <Execution id="c5de8db3-d5ed-4424-b018-0711c414532d" />
      <TestMethod codeBase="D:\v2.0\A1\_work\dbded102\bin\Release.AnyCPU\Vssf.Sdk\MS.VS.Services.Cloud.L0.Tests\MS.VS.Services.Cloud.L0.Tests.dll" adapterTypeName="Microsoft.VisualStudio.TestTools.TestTypes.Unit.UnitTestAdapter" className="MS.VS.Services.Cloud.L0.Tests.Aad.AadRefreshTokenProviderTests+GetToken" name="GetToken_should_throw_argument_null_when_request_context_is_null" />
    </UnitTest>
    <UnitTest name="GetToken_should_throw_argument_null_when_identity_descriptor_is_null" storage="d:\v2.0\a1\_work\dbded102\bin\release.anycpu\vssf.sdk\ms.vs.services.cloud.l0.tests\ms.vs.services.cloud.l0.tests.dll" id="fce56732-e586-a731-dcf0-cd066db6bfb8">
      <Execution id="6512dab7-9d14-41d2-b14a-732b822b1936" />
      <TestMethod codeBase="D:\v2.0\A1\_work\dbded102\bin\Release.AnyCPU\Vssf.Sdk\MS.VS.Services.Cloud.L0.Tests\MS.VS.Services.Cloud.L0.Tests.dll" adapterTypeName="Microsoft.VisualStudio.TestTools.TestTypes.Unit.UnitTestAdapter" className="MS.VS.Services.Cloud.L0.Tests.Aad.AadRefreshTokenProviderTests+GetToken" name="GetToken_should_throw_argument_null_when_identity_descriptor_is_null" />
    </UnitTest>
    <UnitTest name="GetToken_should_return_token_from_request_context" storage="d:\v2.0\a1\_work\dbded102\bin\release.anycpu\vssf.sdk\ms.vs.services.cloud.l0.tests\ms.vs.services.cloud.l0.tests.dll" id="0fa13100-071a-fbc1-3a41-e23afb73c1d2">
      <Execution id="2f40d8b9-745a-49d8-bbaa-1361dcaba10c" />
      <TestMethod codeBase="D:\v2.0\A1\_work\dbded102\bin\Release.AnyCPU\Vssf.Sdk\MS.VS.Services.Cloud.L0.Tests\MS.VS.Services.Cloud.L0.Tests.dll" adapterTypeName="Microsoft.VisualStudio.TestTools.TestTypes.Unit.UnitTestAdapter" className="MS.VS.Services.Cloud.L0.Tests.Aad.AadRefreshTokenProviderTests+GetToken" name="GetToken_should_return_token_from_request_context" />
    </UnitTest>
    <UnitTest name="GetToken_should_return_null_when_identity_is_not_found" storage="d:\v2.0\a1\_work\dbded102\bin\release.anycpu\vssf.sdk\ms.vs.services.cloud.l0.tests\ms.vs.services.cloud.l0.tests.dll" id="18aab479-7820-fba5-9589-2484b8f11d0c">
      <Execution id="d530419c-a590-454c-9786-18ac9ff85c2a" />
      <TestMethod codeBase="D:\v2.0\A1\_work\dbded102\bin\Release.AnyCPU\Vssf.Sdk\MS.VS.Services.Cloud.L0.Tests\MS.VS.Services.Cloud.L0.Tests.dll" adapterTypeName="Microsoft.VisualStudio.TestTools.TestTypes.Unit.UnitTestAdapter" className="MS.VS.Services.Cloud.L0.Tests.Aad.AadRefreshTokenProviderTests+GetToken" name="GetToken_should_return_null_when_identity_is_not_found" />
    </UnitTest>
    <UnitTest name="GetToken_should_return_null_when_identity_does_not_have_refresh_token_property" storage="d:\v2.0\a1\_work\dbded102\bin\release.anycpu\vssf.sdk\ms.vs.services.cloud.l0.tests\ms.vs.services.cloud.l0.tests.dll" id="ff377a46-fed2-2bc0-f0cc-124640a8de3a">
      <Execution id="0a271dc0-aa28-410d-886a-26ca617b1d97" />
      <TestMethod codeBase="D:\v2.0\A1\_work\dbded102\bin\Release.AnyCPU\Vssf.Sdk\MS.VS.Services.Cloud.L0.Tests\MS.VS.Services.Cloud.L0.Tests.dll" adapterTypeName="Microsoft.VisualStudio.TestTools.TestTypes.Unit.UnitTestAdapter" className="MS.VS.Services.Cloud.L0.Tests.Aad.AadRefreshTokenProviderTests+GetToken" name="GetToken_should_return_null_when_identity_does_not_have_refresh_token_property" />
    </UnitTest>
    <UnitTest name="GetToken_should_return_prased_token_from_identity_property" storage="d:\v2.0\a1\_work\dbded102\bin\release.anycpu\vssf.sdk\ms.vs.services.cloud.l0.tests\ms.vs.services.cloud.l0.tests.dll" id="0e5d70de-1f83-6a1c-bf9c-fb789f7d2dbe">
      <Execution id="a55f2c7d-8d0e-4dd2-ba16-d57716976a61" />
      <TestMethod codeBase="D:\v2.0\A1\_work\dbded102\bin\Release.AnyCPU\Vssf.Sdk\MS.VS.Services.Cloud.L0.Tests\MS.VS.Services.Cloud.L0.Tests.dll" adapterTypeName="Microsoft.VisualStudio.TestTools.TestTypes.Unit.UnitTestAdapter" className="MS.VS.Services.Cloud.L0.Tests.Aad.AadRefreshTokenProviderTests+GetToken" name="GetToken_should_return_prased_token_from_identity_property" />
    </UnitTest>
    <UnitTest name="GetToken_should_set_token_from_identity_property_in_request_context_items" storage="d:\v2.0\a1\_work\dbded102\bin\release.anycpu\vssf.sdk\ms.vs.services.cloud.l0.tests\ms.vs.services.cloud.l0.tests.dll" id="72d378bb-bd65-dd97-9bb1-cde8848f14bc">
      <Execution id="9b0f228f-cd93-4c7c-a70f-6f6d4acd4ac8" />
      <TestMethod codeBase="D:\v2.0\A1\_work\dbded102\bin\Release.AnyCPU\Vssf.Sdk\MS.VS.Services.Cloud.L0.Tests\MS.VS.Services.Cloud.L0.Tests.dll" adapterTypeName="Microsoft.VisualStudio.TestTools.TestTypes.Unit.UnitTestAdapter" className="MS.VS.Services.Cloud.L0.Tests.Aad.AadRefreshTokenProviderTests+GetToken" name="GetToken_should_set_token_from_identity_property_in_request_context_items" />
    </UnitTest>
    <UnitTest name="SetToken_should_throw_argument_null_when_request_context_is_null" storage="d:\v2.0\a1\_work\dbded102\bin\release.anycpu\vssf.sdk\ms.vs.services.cloud.l0.tests\ms.vs.services.cloud.l0.tests.dll" id="e17184b9-2259-de2a-5604-91a29c297d64">
      <Execution id="d62b4171-d6a0-4348-b7da-9e282fb1edf6" />
      <TestMethod codeBase="D:\v2.0\A1\_work\dbded102\bin\Release.AnyCPU\Vssf.Sdk\MS.VS.Services.Cloud.L0.Tests\MS.VS.Services.Cloud.L0.Tests.dll" adapterTypeName="Microsoft.VisualStudio.TestTools.TestTypes.Unit.UnitTestAdapter" className="MS.VS.Services.Cloud.L0.Tests.Aad.AadRefreshTokenProviderTests+SetToken" name="SetToken_should_throw_argument_null_when_request_context_is_null" />
    </UnitTest>
    <UnitTest name="SetToken_should_throw_argument_null_when_identity_descriptor_is_null" storage="d:\v2.0\a1\_work\dbded102\bin\release.anycpu\vssf.sdk\ms.vs.services.cloud.l0.tests\ms.vs.services.cloud.l0.tests.dll" id="e777c9d0-4910-e841-577e-26587d3b89f9">
      <Execution id="8cda53e6-7fa0-4754-bd53-47dfd98a8bd1" />
      <TestMethod codeBase="D:\v2.0\A1\_work\dbded102\bin\Release.AnyCPU\Vssf.Sdk\MS.VS.Services.Cloud.L0.Tests\MS.VS.Services.Cloud.L0.Tests.dll" adapterTypeName="Microsoft.VisualStudio.TestTools.TestTypes.Unit.UnitTestAdapter" className="MS.VS.Services.Cloud.L0.Tests.Aad.AadRefreshTokenProviderTests+SetToken" name="SetToken_should_throw_argument_null_when_identity_descriptor_is_null" />
    </UnitTest>
    <UnitTest name="SetToken_should_throw_argument_null_when_token_is_null" storage="d:\v2.0\a1\_work\dbded102\bin\release.anycpu\vssf.sdk\ms.vs.services.cloud.l0.tests\ms.vs.services.cloud.l0.tests.dll" id="321352e9-b41e-359b-56bc-f85e6ae7d263">
      <Execution id="30512b4f-53ba-4c96-88c3-1e5d25ea0a57" />
      <TestMethod codeBase="D:\v2.0\A1\_work\dbded102\bin\Release.AnyCPU\Vssf.Sdk\MS.VS.Services.Cloud.L0.Tests\MS.VS.Services.Cloud.L0.Tests.dll" adapterTypeName="Microsoft.VisualStudio.TestTools.TestTypes.Unit.UnitTestAdapter" className="MS.VS.Services.Cloud.L0.Tests.Aad.AadRefreshTokenProviderTests+SetToken" name="SetToken_should_throw_argument_null_when_token_is_null" />
    </UnitTest>
    <UnitTest name="SetToken_should_set_token_on_identity_property_when_there_is_no_existing_token" storage="d:\v2.0\a1\_work\dbded102\bin\release.anycpu\vssf.sdk\ms.vs.services.cloud.l0.tests\ms.vs.services.cloud.l0.tests.dll" id="ae104e79-f401-170a-8463-bd79669f2a1c">
      <Execution id="406ca23d-5aa6-4ac4-aa8e-db4aefccdd02" />
      <TestMethod codeBase="D:\v2.0\A1\_work\dbded102\bin\Release.AnyCPU\Vssf.Sdk\MS.VS.Services.Cloud.L0.Tests\MS.VS.Services.Cloud.L0.Tests.dll" adapterTypeName="Microsoft.VisualStudio.TestTools.TestTypes.Unit.UnitTestAdapter" className="MS.VS.Services.Cloud.L0.Tests.Aad.AadRefreshTokenProviderTests+SetToken" name="SetToken_should_set_token_on_identity_property_when_there_is_no_existing_token" />
    </UnitTest>
    <UnitTest name="SetToken_should_set_token_on_identity_property_when_existing_token_does_not_match_new_token" storage="d:\v2.0\a1\_work\dbded102\bin\release.anycpu\vssf.sdk\ms.vs.services.cloud.l0.tests\ms.vs.services.cloud.l0.tests.dll" id="9a69434d-8bb2-c6a6-be75-c59def2efc70">
      <Execution id="ba25db01-f5e4-415c-bf61-03468e44447a" />
      <TestMethod codeBase="D:\v2.0\A1\_work\dbded102\bin\Release.AnyCPU\Vssf.Sdk\MS.VS.Services.Cloud.L0.Tests\MS.VS.Services.Cloud.L0.Tests.dll" adapterTypeName="Microsoft.VisualStudio.TestTools.TestTypes.Unit.UnitTestAdapter" className="MS.VS.Services.Cloud.L0.Tests.Aad.AadRefreshTokenProviderTests+SetToken" name="SetToken_should_set_token_on_identity_property_when_existing_token_does_not_match_new_token" />
    </UnitTest>
    <UnitTest name="SetToken_should_not_set_token_update_date_on_identity_property_when_existing_token_matches_new_token" storage="d:\v2.0\a1\_work\dbded102\bin\release.anycpu\vssf.sdk\ms.vs.services.cloud.l0.tests\ms.vs.services.cloud.l0.tests.dll" id="3fcdc78c-8283-b74c-50a7-3227f89086ef">
      <Execution id="8ab512b5-0115-4e90-b676-48e7e2fffa34" />
      <TestMethod codeBase="D:\v2.0\A1\_work\dbded102\bin\Release.AnyCPU\Vssf.Sdk\MS.VS.Services.Cloud.L0.Tests\MS.VS.Services.Cloud.L0.Tests.dll" adapterTypeName="Microsoft.VisualStudio.TestTools.TestTypes.Unit.UnitTestAdapter" className="MS.VS.Services.Cloud.L0.Tests.Aad.AadRefreshTokenProviderTests+SetToken" name="SetToken_should_not_set_token_update_date_on_identity_property_when_existing_token_matches_new_token" />
    </UnitTest>
    <UnitTest name="SetToken_should_set_token_update_date_on_identity_property_when_existing_token_does_not_match_new_token" storage="d:\v2.0\a1\_work\dbded102\bin\release.anycpu\vssf.sdk\ms.vs.services.cloud.l0.tests\ms.vs.services.cloud.l0.tests.dll" id="2e2d8abd-38f2-ddaa-1403-679d24bd152b">
      <Execution id="89457212-01a8-4cce-8e20-9c176366a056" />
      <TestMethod codeBase="D:\v2.0\A1\_work\dbded102\bin\Release.AnyCPU\Vssf.Sdk\MS.VS.Services.Cloud.L0.Tests\MS.VS.Services.Cloud.L0.Tests.dll" adapterTypeName="Microsoft.VisualStudio.TestTools.TestTypes.Unit.UnitTestAdapter" className="MS.VS.Services.Cloud.L0.Tests.Aad.AadRefreshTokenProviderTests+SetToken" name="SetToken_should_set_token_update_date_on_identity_property_when_existing_token_does_not_match_new_token" />
    </UnitTest>
    <UnitTest name="SetToken_should_set_token_update_date_on_identity_property_when_there_is_no_existing_token_update_date" storage="d:\v2.0\a1\_work\dbded102\bin\release.anycpu\vssf.sdk\ms.vs.services.cloud.l0.tests\ms.vs.services.cloud.l0.tests.dll" id="50890bbb-954f-856c-487e-120c38156601">
      <Execution id="7658bc48-f308-40e9-8b9f-d77d8d371772" />
      <TestMethod codeBase="D:\v2.0\A1\_work\dbded102\bin\Release.AnyCPU\Vssf.Sdk\MS.VS.Services.Cloud.L0.Tests\MS.VS.Services.Cloud.L0.Tests.dll" adapterTypeName="Microsoft.VisualStudio.TestTools.TestTypes.Unit.UnitTestAdapter" className="MS.VS.Services.Cloud.L0.Tests.Aad.AadRefreshTokenProviderTests+SetToken" name="SetToken_should_set_token_update_date_on_identity_property_when_there_is_no_existing_token_update_date" />
    </UnitTest>
    <UnitTest name="SetToken_should_set_token_on_request_context_items" storage="d:\v2.0\a1\_work\dbded102\bin\release.anycpu\vssf.sdk\ms.vs.services.cloud.l0.tests\ms.vs.services.cloud.l0.tests.dll" id="8ccd13bf-1cb6-ac18-3196-eb635191ab8d">
      <Execution id="8fbd7b74-54bc-4cf6-b1aa-d96473679de9" />
      <TestMethod codeBase="D:\v2.0\A1\_work\dbded102\bin\Release.AnyCPU\Vssf.Sdk\MS.VS.Services.Cloud.L0.Tests\MS.VS.Services.Cloud.L0.Tests.dll" adapterTypeName="Microsoft.VisualStudio.TestTools.TestTypes.Unit.UnitTestAdapter" className="MS.VS.Services.Cloud.L0.Tests.Aad.AadRefreshTokenProviderTests+SetToken" name="SetToken_should_set_token_on_request_context_items" />
    </UnitTest>
    <UnitTest name="GetTokenUpdateDate_should_throw_argument_null_when_request_context_is_null" storage="d:\v2.0\a1\_work\dbded102\bin\release.anycpu\vssf.sdk\ms.vs.services.cloud.l0.tests\ms.vs.services.cloud.l0.tests.dll" id="02b9269b-a6b8-7385-d3f3-e4676aadd3eb">
      <Execution id="a7d753d9-0e0b-46a9-8ab3-ad5265acfcd6" />
      <TestMethod codeBase="D:\v2.0\A1\_work\dbded102\bin\Release.AnyCPU\Vssf.Sdk\MS.VS.Services.Cloud.L0.Tests\MS.VS.Services.Cloud.L0.Tests.dll" adapterTypeName="Microsoft.VisualStudio.TestTools.TestTypes.Unit.UnitTestAdapter" className="MS.VS.Services.Cloud.L0.Tests.Aad.AadRefreshTokenProviderTests+GetTokenUpdateDate" name="GetTokenUpdateDate_should_throw_argument_null_when_request_context_is_null" />
    </UnitTest>
    <UnitTest name="GetTokenUpdateDate_should_throw_argument_null_when_identity_descriptor_is_null" storage="d:\v2.0\a1\_work\dbded102\bin\release.anycpu\vssf.sdk\ms.vs.services.cloud.l0.tests\ms.vs.services.cloud.l0.tests.dll" id="3b0d4449-cf3e-d202-4926-af38940a01a7">
      <Execution id="94e8fa22-1076-4d2c-b53e-bc7f49209c48" />
      <TestMethod codeBase="D:\v2.0\A1\_work\dbded102\bin\Release.AnyCPU\Vssf.Sdk\MS.VS.Services.Cloud.L0.Tests\MS.VS.Services.Cloud.L0.Tests.dll" adapterTypeName="Microsoft.VisualStudio.TestTools.TestTypes.Unit.UnitTestAdapter" className="MS.VS.Services.Cloud.L0.Tests.Aad.AadRefreshTokenProviderTests+GetTokenUpdateDate" name="GetTokenUpdateDate_should_throw_argument_null_when_identity_descriptor_is_null" />
    </UnitTest>
    <UnitTest name="GetTokenUpdateDate_should_return_null_when_identity_is_not_found" storage="d:\v2.0\a1\_work\dbded102\bin\release.anycpu\vssf.sdk\ms.vs.services.cloud.l0.tests\ms.vs.services.cloud.l0.tests.dll" id="c3b8e57c-16e6-2398-1944-9654df4ce1ef">
      <Execution id="605f0eb3-d941-4c65-8b65-75b62a621359" />
      <TestMethod codeBase="D:\v2.0\A1\_work\dbded102\bin\Release.AnyCPU\Vssf.Sdk\MS.VS.Services.Cloud.L0.Tests\MS.VS.Services.Cloud.L0.Tests.dll" adapterTypeName="Microsoft.VisualStudio.TestTools.TestTypes.Unit.UnitTestAdapter" className="MS.VS.Services.Cloud.L0.Tests.Aad.AadRefreshTokenProviderTests+GetTokenUpdateDate" name="GetTokenUpdateDate_should_return_null_when_identity_is_not_found" />
    </UnitTest>
    <UnitTest name="GetTokenUpdateDate_should_return_null_when_identity_does_not_have_refresh_token_refresh_date_property" storage="d:\v2.0\a1\_work\dbded102\bin\release.anycpu\vssf.sdk\ms.vs.services.cloud.l0.tests\ms.vs.services.cloud.l0.tests.dll" id="1e3559cf-b03d-3e19-5b2a-dd66f22aa6b4">
      <Execution id="e9d782d2-96f1-436a-ab30-f4bf61913bf4" />
      <TestMethod codeBase="D:\v2.0\A1\_work\dbded102\bin\Release.AnyCPU\Vssf.Sdk\MS.VS.Services.Cloud.L0.Tests\MS.VS.Services.Cloud.L0.Tests.dll" adapterTypeName="Microsoft.VisualStudio.TestTools.TestTypes.Unit.UnitTestAdapter" className="MS.VS.Services.Cloud.L0.Tests.Aad.AadRefreshTokenProviderTests+GetTokenUpdateDate" name="GetTokenUpdateDate_should_return_null_when_identity_does_not_have_refresh_token_refresh_date_property" />
    </UnitTest>
    <UnitTest name="GetTokenUpdateDate_should_returned_parsed_refresh_date" storage="d:\v2.0\a1\_work\dbded102\bin\release.anycpu\vssf.sdk\ms.vs.services.cloud.l0.tests\ms.vs.services.cloud.l0.tests.dll" id="ecc1f1f5-b386-8fc2-f3a1-ccccd7c4a8d0">
      <Execution id="4aa366e0-d3e4-4cec-af4c-d59565082a31" />
      <TestMethod codeBase="D:\v2.0\A1\_work\dbded102\bin\Release.AnyCPU\Vssf.Sdk\MS.VS.Services.Cloud.L0.Tests\MS.VS.Services.Cloud.L0.Tests.dll" adapterTypeName="Microsoft.VisualStudio.TestTools.TestTypes.Unit.UnitTestAdapter" className="MS.VS.Services.Cloud.L0.Tests.Aad.AadRefreshTokenProviderTests+GetTokenUpdateDate" name="GetTokenUpdateDate_should_returned_parsed_refresh_date" />
    </UnitTest>
    <UnitTest name="ConvertTo_should_return_encoded_token_when_converting_to_string" storage="d:\v2.0\a1\_work\dbded102\bin\release.anycpu\vssf.sdk\ms.vs.services.cloud.l0.tests\ms.vs.services.cloud.l0.tests.dll" id="ffed1fdc-23b6-13e5-34a4-98aa8e29a56d">
      <Execution id="029c3d30-2361-49d2-8d10-8bd1f7c6f371" />
      <TestMethod codeBase="D:\v2.0\A1\_work\dbded102\bin\Release.AnyCPU\Vssf.Sdk\MS.VS.Services.Cloud.L0.Tests\MS.VS.Services.Cloud.L0.Tests.dll" adapterTypeName="Microsoft.VisualStudio.TestTools.TestTypes.Unit.UnitTestAdapter" className="MS.VS.Services.Cloud.L0.Tests.Aad.JwtSecurityTokenConverterTests+JwtSecurityTokenConverter_ConvertTo" name="ConvertTo_should_return_encoded_token_when_converting_to_string" />
    </UnitTest>
    <UnitTest name="ConvertTo_should_return_json_web_token_when_converting_to_json_web_token" storage="d:\v2.0\a1\_work\dbded102\bin\release.anycpu\vssf.sdk\ms.vs.services.cloud.l0.tests\ms.vs.services.cloud.l0.tests.dll" id="e6512083-25da-af05-aaab-117dc250a312">
      <Execution id="039ca87a-3664-4c5c-b2f7-401885a59bf2" />
      <TestMethod codeBase="D:\v2.0\A1\_work\dbded102\bin\Release.AnyCPU\Vssf.Sdk\MS.VS.Services.Cloud.L0.Tests\MS.VS.Services.Cloud.L0.Tests.dll" adapterTypeName="Microsoft.VisualStudio.TestTools.TestTypes.Unit.UnitTestAdapter" className="MS.VS.Services.Cloud.L0.Tests.Aad.JwtSecurityTokenConverterTests+JwtSecurityTokenConverter_ConvertTo" name="ConvertTo_should_return_json_web_token_when_converting_to_json_web_token" />
    </UnitTest>
    <UnitTest name="ConvertTo_should_return_same_jwt_token_when_converting_to_JwtSecurityToken" storage="d:\v2.0\a1\_work\dbded102\bin\release.anycpu\vssf.sdk\ms.vs.services.cloud.l0.tests\ms.vs.services.cloud.l0.tests.dll" id="d21b9405-90b4-67ef-08dd-5aff3ab4b794">
      <Execution id="d0a5c0fd-e849-41c2-b3ea-abb44cd47b49" />
      <TestMethod codeBase="D:\v2.0\A1\_work\dbded102\bin\Release.AnyCPU\Vssf.Sdk\MS.VS.Services.Cloud.L0.Tests\MS.VS.Services.Cloud.L0.Tests.dll" adapterTypeName="Microsoft.VisualStudio.TestTools.TestTypes.Unit.UnitTestAdapter" className="MS.VS.Services.Cloud.L0.Tests.Aad.JwtSecurityTokenConverterTests+JwtSecurityTokenConverter_ConvertTo" name="ConvertTo_should_return_same_jwt_token_when_converting_to_JwtSecurityToken" />
    </UnitTest>
    <UnitTest name="ConvertTo_should_throw_argunent_exception_when_target_type_is_not_supported" storage="d:\v2.0\a1\_work\dbded102\bin\release.anycpu\vssf.sdk\ms.vs.services.cloud.l0.tests\ms.vs.services.cloud.l0.tests.dll" id="6f300284-26f5-3c28-8dba-21990bbbd77e">
      <Execution id="b3462eb8-3e60-483c-9126-e3febb9eb55f" />
      <TestMethod codeBase="D:\v2.0\A1\_work\dbded102\bin\Release.AnyCPU\Vssf.Sdk\MS.VS.Services.Cloud.L0.Tests\MS.VS.Services.Cloud.L0.Tests.dll" adapterTypeName="Microsoft.VisualStudio.TestTools.TestTypes.Unit.UnitTestAdapter" className="MS.VS.Services.Cloud.L0.Tests.Aad.JwtSecurityTokenConverterTests+JwtSecurityTokenConverter_ConvertTo" name="ConvertTo_should_throw_argunent_exception_when_target_type_is_not_supported" />
    </UnitTest>
    <UnitTest name="ConvertFrom_should_convert_encoded_string_to_token" storage="d:\v2.0\a1\_work\dbded102\bin\release.anycpu\vssf.sdk\ms.vs.services.cloud.l0.tests\ms.vs.services.cloud.l0.tests.dll" id="33e28730-eeae-ca3f-45f3-efa32c8abbb6">
      <Execution id="0be78c4d-3c80-42d1-a49c-1feabca16162" />
      <TestMethod codeBase="D:\v2.0\A1\_work\dbded102\bin\Release.AnyCPU\Vssf.Sdk\MS.VS.Services.Cloud.L0.Tests\MS.VS.Services.Cloud.L0.Tests.dll" adapterTypeName="Microsoft.VisualStudio.TestTools.TestTypes.Unit.UnitTestAdapter" className="MS.VS.Services.Cloud.L0.Tests.Aad.JwtSecurityTokenConverterTests+JwtSecurityTokenConverter_ConvertFrom" name="ConvertFrom_should_convert_encoded_string_to_token" />
    </UnitTest>
    <UnitTest name="ConvertFrom_should_convert_json_web_token_to_token" storage="d:\v2.0\a1\_work\dbded102\bin\release.anycpu\vssf.sdk\ms.vs.services.cloud.l0.tests\ms.vs.services.cloud.l0.tests.dll" id="04562c5b-6742-dcc2-238e-5979ef0f7bea">
      <Execution id="ca9dd93b-3e8e-4959-8c8d-f59e70e016ed" />
      <TestMethod codeBase="D:\v2.0\A1\_work\dbded102\bin\Release.AnyCPU\Vssf.Sdk\MS.VS.Services.Cloud.L0.Tests\MS.VS.Services.Cloud.L0.Tests.dll" adapterTypeName="Microsoft.VisualStudio.TestTools.TestTypes.Unit.UnitTestAdapter" className="MS.VS.Services.Cloud.L0.Tests.Aad.JwtSecurityTokenConverterTests+JwtSecurityTokenConverter_ConvertFrom" name="ConvertFrom_should_convert_json_web_token_to_token" />
    </UnitTest>
    <UnitTest name="ConvertFrom_should_return_same_token_when_converting_from_a_jwt_security_token" storage="d:\v2.0\a1\_work\dbded102\bin\release.anycpu\vssf.sdk\ms.vs.services.cloud.l0.tests\ms.vs.services.cloud.l0.tests.dll" id="d62fe44c-a91a-905d-7693-1fbd23dce89a">
      <Execution id="2a37eeb8-a64a-4147-b102-c90515ee78f3" />
      <TestMethod codeBase="D:\v2.0\A1\_work\dbded102\bin\Release.AnyCPU\Vssf.Sdk\MS.VS.Services.Cloud.L0.Tests\MS.VS.Services.Cloud.L0.Tests.dll" adapterTypeName="Microsoft.VisualStudio.TestTools.TestTypes.Unit.UnitTestAdapter" className="MS.VS.Services.Cloud.L0.Tests.Aad.JwtSecurityTokenConverterTests+JwtSecurityTokenConverter_ConvertFrom" name="ConvertFrom_should_return_same_token_when_converting_from_a_jwt_security_token" />
    </UnitTest>
  </TestDefinitions>
  <TestEntries>
    <TestEntry testId="ce15e6da-7a06-4136-c33b-52657b7d6934" executionId="791c91cb-5728-444f-ba39-fb04d927a24f" testListId="8c84fa94-04c1-424b-9868-57a2d4851a1d" />
    <TestEntry testId="48291bca-7ed5-e20f-aac9-beff78e20eef" executionId="7703118c-671b-4b2e-84ed-5ac955ba9d72" testListId="8c84fa94-04c1-424b-9868-57a2d4851a1d" />
    <TestEntry testId="26bcc39e-921d-a2bb-8644-4c38116e7fef" executionId="53b53f16-c7e8-4a13-9299-5fe7241b93e6" testListId="8c84fa94-04c1-424b-9868-57a2d4851a1d" />
    <TestEntry testId="d6326254-a35f-033e-0a23-4a32bc018c3d" executionId="966f717e-477a-41c1-bccd-38f0a2426849" testListId="8c84fa94-04c1-424b-9868-57a2d4851a1d" />
    <TestEntry testId="f41145c8-61de-f5ff-1ba1-c7daa1819902" executionId="91d791bc-8d6a-425e-bf0e-b2685140b4ed" testListId="8c84fa94-04c1-424b-9868-57a2d4851a1d" />
    <TestEntry testId="8789f832-4cec-92f8-c563-475d5eac6361" executionId="459c26ba-5995-44b5-b17d-2b0d219fe1f5" testListId="8c84fa94-04c1-424b-9868-57a2d4851a1d" />
    <TestEntry testId="e37ebea7-0ac1-327a-f54a-2580a8907d26" executionId="7ccb16fb-5153-4573-9f0b-0874b473eac8" testListId="8c84fa94-04c1-424b-9868-57a2d4851a1d" />
    <TestEntry testId="3583faa8-5f05-e8e2-b61c-40bca7a83587" executionId="4a2a3cf7-f775-4a9c-b13d-6a256e74e8d2" testListId="8c84fa94-04c1-424b-9868-57a2d4851a1d" />
    <TestEntry testId="34700a80-505e-dcad-5d12-9086e172bbbf" executionId="14fbbc5f-e1e1-4cfc-a430-9ac1b1fd079c" testListId="8c84fa94-04c1-424b-9868-57a2d4851a1d" />
    <TestEntry testId="91b7c0c1-641c-9097-56a5-501d551c5b99" executionId="856f8efc-c124-4084-bf46-1fd63969bc8e" testListId="8c84fa94-04c1-424b-9868-57a2d4851a1d" />
    <TestEntry testId="07428299-d266-0eb5-2398-ee1e01d72fc6" executionId="d6f7701f-f0b7-4070-acce-92d48803d14b" testListId="8c84fa94-04c1-424b-9868-57a2d4851a1d" />
    <TestEntry testId="abcc40ab-1151-b29d-10b7-703d4ea2f7b7" executionId="ddbf4c95-d639-4c11-b20f-d6cafebd9956" testListId="8c84fa94-04c1-424b-9868-57a2d4851a1d" />
    <TestEntry testId="c70956c8-9ef4-59d4-3da2-555fcc40bbf5" executionId="4a753ba4-7cf8-419d-b4f6-ad25424f6b52" testListId="8c84fa94-04c1-424b-9868-57a2d4851a1d" />
    <TestEntry testId="55ff428d-249b-312e-0401-c5b31867d5e3" executionId="dad23125-417e-41b8-a7f0-c1040f5d90ba" testListId="8c84fa94-04c1-424b-9868-57a2d4851a1d" />
    <TestEntry testId="4dd86cb2-1efb-678f-3dc2-e0e90f795b26" executionId="79d1c6f7-3e58-41e6-8f46-511a2458ffa4" testListId="8c84fa94-04c1-424b-9868-57a2d4851a1d" />
    <TestEntry testId="effe009d-992f-b079-28b3-20c870cae953" executionId="dd49b1b1-18cf-4f20-bda2-2f003e980a70" testListId="8c84fa94-04c1-424b-9868-57a2d4851a1d" />
    <TestEntry testId="54375508-f030-94ed-761b-8fd6072f2191" executionId="cf08d842-c450-4639-934b-18b4fc9bcab6" testListId="8c84fa94-04c1-424b-9868-57a2d4851a1d" />
    <TestEntry testId="18a5365c-cb97-d0fb-18a4-6957bf411665" executionId="735387cc-5ff4-4d0a-a9d8-85a94f771d87" testListId="8c84fa94-04c1-424b-9868-57a2d4851a1d" />
    <TestEntry testId="7e19d297-1611-64da-cb8d-909545a84fe1" executionId="707200ea-22c7-4b9c-9460-6ee649feb97c" testListId="8c84fa94-04c1-424b-9868-57a2d4851a1d" />
    <TestEntry testId="46eea68d-8942-c5d6-d16c-80f58aefa38b" executionId="a114a68d-1609-495b-8ee4-342702bc2d25" testListId="8c84fa94-04c1-424b-9868-57a2d4851a1d" />
    <TestEntry testId="695d2117-c5c0-3ad9-655a-773bc3a5cf94" executionId="f51e0993-1f69-4723-a1c5-a76cab317dad" testListId="8c84fa94-04c1-424b-9868-57a2d4851a1d" />
    <TestEntry testId="f6d0dc8c-80ef-1883-0285-78ef3d7b19bd" executionId="02d0bc65-dea1-42aa-b519-0eea5c3ab028" testListId="8c84fa94-04c1-424b-9868-57a2d4851a1d" />
    <TestEntry testId="60d80e09-6ef2-7c42-88b7-9b679e18ec69" executionId="33692708-d2b7-47ae-b403-05ddc9a17ce0" testListId="8c84fa94-04c1-424b-9868-57a2d4851a1d" />
    <TestEntry testId="71877705-aaf6-a77e-1f02-86c161d4d94c" executionId="17814d21-bb03-4387-99ef-a204ab1d32a6" testListId="8c84fa94-04c1-424b-9868-57a2d4851a1d" />
    <TestEntry testId="0d726d12-667c-bec1-6172-e0ea1155967d" executionId="88bd3be1-30fb-497e-ad01-3423312c3947" testListId="8c84fa94-04c1-424b-9868-57a2d4851a1d" />
    <TestEntry testId="885b28ac-d898-6681-fcac-51308c19b663" executionId="eb147aae-fc8f-4b75-97f9-dc6dd990ffee" testListId="8c84fa94-04c1-424b-9868-57a2d4851a1d" />
    <TestEntry testId="2fc09691-24f0-a9d3-e727-10b5921fda91" executionId="0d76fc84-06d6-48a4-8bce-322c31bb5c5a" testListId="8c84fa94-04c1-424b-9868-57a2d4851a1d" />
    <TestEntry testId="f1e28d1c-53d5-a79a-a087-a1daf2392177" executionId="76e33218-f883-43de-a1d5-b3783e0dd438" testListId="8c84fa94-04c1-424b-9868-57a2d4851a1d" />
    <TestEntry testId="590362d8-0c00-1dd2-4dd7-2dfeae039a28" executionId="344a7c52-e83c-42c4-a996-67fd7ed7dae3" testListId="8c84fa94-04c1-424b-9868-57a2d4851a1d" />
    <TestEntry testId="7f0ed169-fb44-f913-94f9-5331aa09ac1e" executionId="1283d8b7-5841-4e87-a599-257590571ace" testListId="8c84fa94-04c1-424b-9868-57a2d4851a1d" />
    <TestEntry testId="74fda1a2-e7d7-ffd2-57e8-d52cabb93ef9" executionId="73843ab1-bbf4-40d1-850d-1fef736218e5" testListId="8c84fa94-04c1-424b-9868-57a2d4851a1d" />
    <TestEntry testId="bcd5ec09-f9d3-b896-4386-fb4f02fd3771" executionId="a0dbeaa8-ff9f-42c1-8e7a-100c396d763b" testListId="8c84fa94-04c1-424b-9868-57a2d4851a1d" />
    <TestEntry testId="b963ba4b-29bb-ea75-651b-020ac64a547d" executionId="a572fdbc-4893-4323-9ad4-9c94516ce23c" testListId="8c84fa94-04c1-424b-9868-57a2d4851a1d" />
    <TestEntry testId="6c81c7c3-bcea-45a7-18d6-77cf20717611" executionId="eb8d7d88-4a9c-405f-934a-4f4e275261f4" testListId="8c84fa94-04c1-424b-9868-57a2d4851a1d" />
    <TestEntry testId="64d1c8eb-cf4f-c3ef-2770-4216dd672312" executionId="db7d96c6-daf2-4139-afa0-7b04e67e5211" testListId="8c84fa94-04c1-424b-9868-57a2d4851a1d" />
    <TestEntry testId="23d91943-1f19-6a3d-83e1-fab0a874c003" executionId="af7307b3-095d-40ef-9b5e-1f0462c67f0e" testListId="8c84fa94-04c1-424b-9868-57a2d4851a1d" />
    <TestEntry testId="139c74e1-f247-bab5-12ad-34c68da42090" executionId="d7740414-8246-494a-99f1-d7700f0020e5" testListId="8c84fa94-04c1-424b-9868-57a2d4851a1d" />
    <TestEntry testId="20bc6131-daca-52d3-58cd-bb1053bdab5b" executionId="c64b4865-4930-4e72-bf96-45521cad8a3f" testListId="8c84fa94-04c1-424b-9868-57a2d4851a1d" />
    <TestEntry testId="39598d88-a664-8ffb-c1d8-50f9927d51ff" executionId="a7c78fa2-aa3b-4961-a99a-9b6181fec41e" testListId="8c84fa94-04c1-424b-9868-57a2d4851a1d" />
    <TestEntry testId="a3feb8c6-3f78-88b6-23f6-c9769944a185" executionId="2f5b49f5-acbb-42ce-96a5-e8dc3e54fbce" testListId="8c84fa94-04c1-424b-9868-57a2d4851a1d" />
    <TestEntry testId="f5c442cd-75ef-74da-72c8-4774af3002df" executionId="224a5444-8c1d-47c2-b137-912d2e4bc866" testListId="8c84fa94-04c1-424b-9868-57a2d4851a1d" />
    <TestEntry testId="3b56e6ca-c107-d088-412a-c36ef081bb28" executionId="83911549-f364-4b9a-b37d-c2e750afa25a" testListId="8c84fa94-04c1-424b-9868-57a2d4851a1d" />
    <TestEntry testId="e9c25891-3810-7a97-3b84-cced8ad7c00d" executionId="eb7de3c1-b781-410d-bd39-eb245c2877da" testListId="8c84fa94-04c1-424b-9868-57a2d4851a1d" />
    <TestEntry testId="ad18d08d-5951-1cd4-2baa-720d1ea29833" executionId="fdd5750e-7a03-4c7c-9c95-8d23f665586c" testListId="8c84fa94-04c1-424b-9868-57a2d4851a1d" />
    <TestEntry testId="4a1c0314-c117-7bca-30c1-e98db7a9fd53" executionId="12318367-8d34-4601-9300-fa2bda20185e" testListId="8c84fa94-04c1-424b-9868-57a2d4851a1d" />
    <TestEntry testId="14c62f93-732f-0865-b84a-e984b44986b6" executionId="e7d6f8d8-6bf7-46de-89b5-00867ae461c1" testListId="8c84fa94-04c1-424b-9868-57a2d4851a1d" />
    <TestEntry testId="05346103-3413-6fa0-7b3d-51e78db47d61" executionId="b10e3e3a-9cad-4a4a-80ed-c9a7538858cb" testListId="8c84fa94-04c1-424b-9868-57a2d4851a1d" />
    <TestEntry testId="6f710a01-ff42-3c81-b38d-c98280890ccb" executionId="0a0ed6e3-ce3c-4d98-bded-c0d6b16586d1" testListId="8c84fa94-04c1-424b-9868-57a2d4851a1d" />
    <TestEntry testId="f493d62e-e8cc-8cd2-631e-5b53ba521a2b" executionId="9e2f9013-39b8-4d05-b3fc-e184b1018125" testListId="8c84fa94-04c1-424b-9868-57a2d4851a1d" />
    <TestEntry testId="5fac2ac0-adec-7f54-6cce-155f2335eb83" executionId="01d48d3c-a304-40a5-acc0-854961c67536" testListId="8c84fa94-04c1-424b-9868-57a2d4851a1d" />
    <TestEntry testId="f43cd5a8-4cd8-5ee2-24ba-b338e8add013" executionId="47f44a2a-5b16-44f4-bd8a-10dfac78d118" testListId="8c84fa94-04c1-424b-9868-57a2d4851a1d" />
    <TestEntry testId="218162a3-5b0f-c27b-17f0-5a890a8f3042" executionId="428df0a1-a015-4c06-8882-3f71117be2e4" testListId="8c84fa94-04c1-424b-9868-57a2d4851a1d" />
    <TestEntry testId="f752aad8-2d95-67a9-c7e6-11a657c53e39" executionId="3e81bd40-fa01-46e1-a25d-68c2ed9b0a1f" testListId="8c84fa94-04c1-424b-9868-57a2d4851a1d" />
    <TestEntry testId="a4339439-c3ec-7062-9042-5a3515febb57" executionId="3af66b17-0bb0-4253-ab83-6f10a222b5db" testListId="8c84fa94-04c1-424b-9868-57a2d4851a1d" />
    <TestEntry testId="6175d898-25bb-f713-e0a9-8e098e6c0400" executionId="659fe58e-44e2-4e82-a827-da4eb36b0fd3" testListId="8c84fa94-04c1-424b-9868-57a2d4851a1d" />
    <TestEntry testId="7978371c-2f6e-5e49-b950-07dbd63f74a8" executionId="3d1a22aa-3f61-40b5-805d-74e0e0e0830f" testListId="8c84fa94-04c1-424b-9868-57a2d4851a1d" />
    <TestEntry testId="b4dd4ed9-bdf3-82fe-3422-c2cfd2bca59c" executionId="fc31288f-397a-400a-afa2-042ae93b61e1" testListId="8c84fa94-04c1-424b-9868-57a2d4851a1d" />
    <TestEntry testId="1662ba5f-e22c-145b-be9b-db96733bb6c5" executionId="580a3e41-4805-4e3c-a329-b9e33718cdae" testListId="8c84fa94-04c1-424b-9868-57a2d4851a1d" />
    <TestEntry testId="14f2a9eb-0ceb-f0a9-b8db-40fa7aebab69" executionId="f22676b8-f069-4824-9423-46ba159bd56a" testListId="8c84fa94-04c1-424b-9868-57a2d4851a1d" />
    <TestEntry testId="962211ac-72ce-a026-a299-457347244c20" executionId="3c0cfc6d-72a0-4145-93d2-45c973510523" testListId="8c84fa94-04c1-424b-9868-57a2d4851a1d" />
    <TestEntry testId="05e920b2-95db-df8a-0142-0e7453fae483" executionId="8537e47e-abc5-42a3-9182-00b0b7725b48" testListId="8c84fa94-04c1-424b-9868-57a2d4851a1d" />
    <TestEntry testId="74684472-e5cd-c48f-a0a1-cc9930ee5b2a" executionId="a8561ae7-9675-4093-93f4-9bf56585b32f" testListId="8c84fa94-04c1-424b-9868-57a2d4851a1d" />
    <TestEntry testId="20a09679-dfb9-75e2-68cc-b7c309964ef8" executionId="fb701011-2a97-4934-ac57-fe5406e617b6" testListId="8c84fa94-04c1-424b-9868-57a2d4851a1d" />
    <TestEntry testId="8e947691-c118-833a-021d-1fa5cde4b422" executionId="935f9725-85c6-4f7a-ab9f-b59a0da8c9bd" testListId="8c84fa94-04c1-424b-9868-57a2d4851a1d" />
    <TestEntry testId="c877d615-9f3d-6f39-fb51-aa14894379cf" executionId="2b59bf89-9ca6-4ddd-96ae-1b70eb28b1a4" testListId="8c84fa94-04c1-424b-9868-57a2d4851a1d" />
    <TestEntry testId="c330b76d-2e4f-69be-f322-6e9b6898bc37" executionId="d073610a-4db9-4900-86fe-e7ea211f25a6" testListId="8c84fa94-04c1-424b-9868-57a2d4851a1d" />
    <TestEntry testId="c7d13e4b-613f-7d25-7fa0-55eaed085ce7" executionId="6bc1c045-b528-411a-a5ce-da23068cb632" testListId="8c84fa94-04c1-424b-9868-57a2d4851a1d" />
    <TestEntry testId="31f8df26-0526-0e78-74d7-2e24952fad1c" executionId="fbffc234-e6dd-4c0c-8ca6-3004dc375b02" testListId="8c84fa94-04c1-424b-9868-57a2d4851a1d" />
    <TestEntry testId="fd0a33ef-4d7b-5e02-779e-1d52304300c6" executionId="2fc5079a-9f2e-45b0-8302-762c2fecf871" testListId="8c84fa94-04c1-424b-9868-57a2d4851a1d" />
    <TestEntry testId="249a52e2-b8ef-a4c3-2729-0960eeb7c4b5" executionId="e6cba204-3959-4848-b3e6-863c69b42d76" testListId="8c84fa94-04c1-424b-9868-57a2d4851a1d" />
    <TestEntry testId="e3297beb-499c-7312-0ef1-997ecde0c45e" executionId="1462adde-0d0d-47d2-b15c-5625f910d3b1" testListId="8c84fa94-04c1-424b-9868-57a2d4851a1d" />
    <TestEntry testId="8a4971ed-9226-e691-cc81-b4983d723176" executionId="3d485de2-48ef-4997-bc45-6f5a921de7b3" testListId="8c84fa94-04c1-424b-9868-57a2d4851a1d" />
    <TestEntry testId="083e77ee-3317-deb6-96a1-7bea3f5e1c34" executionId="0f4931c4-44cd-472b-999e-2d547e462fa0" testListId="8c84fa94-04c1-424b-9868-57a2d4851a1d" />
    <TestEntry testId="63269abb-6e88-98fe-64f3-5802d4aedbf7" executionId="d441add4-d6e9-454b-9342-8d380975203d" testListId="8c84fa94-04c1-424b-9868-57a2d4851a1d" />
    <TestEntry testId="6c054b87-7ff6-c220-e262-f5a1dac849fc" executionId="c60bf82f-7652-41ef-bfbc-0469b1a16a81" testListId="8c84fa94-04c1-424b-9868-57a2d4851a1d" />
    <TestEntry testId="676b247d-3fcd-09c3-b4db-3a71a5e8f5f8" executionId="9911b12a-ef51-4e0a-b9eb-c09bd14137f8" testListId="8c84fa94-04c1-424b-9868-57a2d4851a1d" />
    <TestEntry testId="4060f733-faa9-aeeb-7b44-33dd96d60ee2" executionId="9305be4a-8c02-48db-afa2-942beaaabfed" testListId="8c84fa94-04c1-424b-9868-57a2d4851a1d" />
    <TestEntry testId="fc4a7b3b-dd21-9116-c140-8caa8fca80f2" executionId="483775f5-08fa-4501-a02e-086d74fabc5a" testListId="8c84fa94-04c1-424b-9868-57a2d4851a1d" />
    <TestEntry testId="bc516c3e-80be-6af9-836b-1d9e13ffc29a" executionId="21a94f64-9bd2-4709-b883-15c97b431ab2" testListId="8c84fa94-04c1-424b-9868-57a2d4851a1d" />
    <TestEntry testId="baa71dab-8dd3-381b-2b77-489f30711e59" executionId="a514ded2-23c4-4086-a559-b706d8c67f3c" testListId="8c84fa94-04c1-424b-9868-57a2d4851a1d" />
    <TestEntry testId="33c1cdc6-632e-4d6b-9ce9-2ce66000cd69" executionId="d55f2577-e4cf-40f4-9964-41d26bdf0279" testListId="8c84fa94-04c1-424b-9868-57a2d4851a1d" />
    <TestEntry testId="a8650557-c61e-53a1-dbb9-1f0ef8ed8f9a" executionId="d64f7218-be25-423c-b28f-4beff8b39669" testListId="8c84fa94-04c1-424b-9868-57a2d4851a1d" />
    <TestEntry testId="63b4a5cf-e936-6c2a-bc0b-7165e07175e9" executionId="aa8668cb-83d7-4af5-87b0-3707a10be642" testListId="8c84fa94-04c1-424b-9868-57a2d4851a1d" />
    <TestEntry testId="3b0d96a2-34f1-3a2d-8375-3bc147761e9f" executionId="3fcc23d4-bc1f-4254-b66c-7264a8d99522" testListId="8c84fa94-04c1-424b-9868-57a2d4851a1d" />
    <TestEntry testId="b0d53186-7fd8-6b0e-c388-8930ffdfa6ea" executionId="1bac9906-b565-477c-ba0c-be75449a5d5d" testListId="8c84fa94-04c1-424b-9868-57a2d4851a1d" />
    <TestEntry testId="b71c702d-b39b-1659-633f-71e59c7e09d0" executionId="4212d09a-777d-4775-9a4e-5c157dcfe0a8" testListId="8c84fa94-04c1-424b-9868-57a2d4851a1d" />
    <TestEntry testId="c2d13d1c-a1c5-7a28-85a9-556fbcd9496f" executionId="9d0100aa-4850-4938-b92c-f981f29ff76e" testListId="8c84fa94-04c1-424b-9868-57a2d4851a1d" />
    <TestEntry testId="4dffe376-e66e-2acd-6c59-9a096d32c760" executionId="a8c33e35-ccdf-40d5-9e77-9f7d81ec1fe2" testListId="8c84fa94-04c1-424b-9868-57a2d4851a1d" />
    <TestEntry testId="ace5473f-deb6-0c0a-4ac2-c31accce8a07" executionId="2fb151d3-7067-4f80-a39c-210e9c4e480d" testListId="8c84fa94-04c1-424b-9868-57a2d4851a1d" />
    <TestEntry testId="0e8f6d97-bf53-d22b-650b-240bfc8c7641" executionId="12f225c0-449d-44cd-9052-2bad338d1e3e" testListId="8c84fa94-04c1-424b-9868-57a2d4851a1d" />
    <TestEntry testId="5091221f-3e0e-cf41-3455-2ab4c026629d" executionId="33b513ba-8c51-4539-9385-8eb954ff240f" testListId="8c84fa94-04c1-424b-9868-57a2d4851a1d" />
    <TestEntry testId="4f33a5cc-3a69-5b42-dc07-02c4b8c754c0" executionId="a50dc3cd-3030-488e-afe8-5c4b9d29a348" testListId="8c84fa94-04c1-424b-9868-57a2d4851a1d" />
    <TestEntry testId="af73583d-a40f-a63a-0e5d-d1e7fe681ea5" executionId="e692ccdc-5ddd-4168-90ce-c73a0f9263a7" testListId="8c84fa94-04c1-424b-9868-57a2d4851a1d" />
    <TestEntry testId="b1030b8d-a2fd-d47c-ce62-d21cdb6c960c" executionId="9536187b-67ae-4cb5-b3a1-1bccce4bd206" testListId="8c84fa94-04c1-424b-9868-57a2d4851a1d" />
    <TestEntry testId="978a7d75-a081-7b33-b36e-87d2aabad5f1" executionId="166039e6-ea0c-402b-ac77-21f58bb70f23" testListId="8c84fa94-04c1-424b-9868-57a2d4851a1d" />
    <TestEntry testId="4e527c04-1067-f88f-7797-ac1b4d6ee04b" executionId="c81a7449-86c7-4f95-ac21-42f26f2196eb" testListId="8c84fa94-04c1-424b-9868-57a2d4851a1d" />
    <TestEntry testId="bfda1256-050d-ad41-5990-8795e96c1dc5" executionId="636ec336-8144-403d-92ef-61b969bac604" testListId="8c84fa94-04c1-424b-9868-57a2d4851a1d" />
    <TestEntry testId="e9679376-531a-7930-02cf-97a929f004c6" executionId="b94b4b27-3b90-444b-b0a8-03ca4b6d99cd" testListId="8c84fa94-04c1-424b-9868-57a2d4851a1d" />
    <TestEntry testId="744bd042-6a27-ae5b-7452-0762aea5525f" executionId="5196201b-2f01-40c4-a153-3ea9b5dcb27e" testListId="8c84fa94-04c1-424b-9868-57a2d4851a1d" />
    <TestEntry testId="c7cbe6fd-d4ad-c827-0d9a-82fff8afc7f0" executionId="b9faaf8d-8a10-48d8-8e36-349ce462e995" testListId="8c84fa94-04c1-424b-9868-57a2d4851a1d" />
    <TestEntry testId="57c627ba-527d-8eaf-37b1-79bce0e357d5" executionId="7aeb79cc-bb57-4812-bebd-ec124a0d0c99" testListId="8c84fa94-04c1-424b-9868-57a2d4851a1d" />
    <TestEntry testId="335f1349-a1e6-ab4f-7197-7f860586d663" executionId="f31587d3-9fa1-4f4c-b506-63f296d452d2" testListId="8c84fa94-04c1-424b-9868-57a2d4851a1d" />
    <TestEntry testId="add9269e-cd8b-6abc-f8a2-6b670cf6876c" executionId="a62fd2c6-dd77-4990-a8fe-91268147b164" testListId="8c84fa94-04c1-424b-9868-57a2d4851a1d" />
    <TestEntry testId="68810a5a-8adc-07a0-e370-f9f81928b79a" executionId="fd36ce4e-fdde-4fff-a953-64bdce3cabf6" testListId="8c84fa94-04c1-424b-9868-57a2d4851a1d" />
    <TestEntry testId="27313b57-5966-990a-0032-0af3295e7742" executionId="c4468c2a-c322-4c85-8267-11f413de0eef" testListId="8c84fa94-04c1-424b-9868-57a2d4851a1d" />
    <TestEntry testId="42fb91ae-b616-4e6b-d23f-4f6f31c49e7f" executionId="9cef5715-638f-4699-8240-a8f743491c5f" testListId="8c84fa94-04c1-424b-9868-57a2d4851a1d" />
    <TestEntry testId="8ede5ba8-ad2e-b676-d428-888c133113c5" executionId="5d2b6048-a4d1-4661-9b27-cd50390eef23" testListId="8c84fa94-04c1-424b-9868-57a2d4851a1d" />
    <TestEntry testId="5412991d-03ac-0439-18c6-4b0f0ae6ee8e" executionId="38578567-3af9-4a93-b1c1-568aa79b68e8" testListId="8c84fa94-04c1-424b-9868-57a2d4851a1d" />
    <TestEntry testId="b5e6fc1b-1d06-f2ae-9587-b8600edccccb" executionId="1b139d46-82b6-4905-b502-1585fa13ea64" testListId="8c84fa94-04c1-424b-9868-57a2d4851a1d" />
    <TestEntry testId="8ebd7fc2-656a-196f-54a6-037341d668d3" executionId="5f55f4ef-b151-48c4-9aa1-01fe26d73de0" testListId="8c84fa94-04c1-424b-9868-57a2d4851a1d" />
    <TestEntry testId="d3e388a3-8fcd-c026-f98a-5282e4d68c27" executionId="dbf2eae2-3aaa-47e0-8162-db8e65832abf" testListId="8c84fa94-04c1-424b-9868-57a2d4851a1d" />
    <TestEntry testId="6870a974-0a65-40f4-c0cf-f1a7f6c9de68" executionId="f190eac7-4ff1-4d70-b9f2-c49c1c583a7f" testListId="8c84fa94-04c1-424b-9868-57a2d4851a1d" />
    <TestEntry testId="f9b51599-d193-9a90-33ec-1e2c68fabaeb" executionId="bfda2ea7-052c-445e-a751-4fcdc34e98e0" testListId="8c84fa94-04c1-424b-9868-57a2d4851a1d" />
    <TestEntry testId="4ca21d14-eb44-f079-11a5-2a56076436bc" executionId="49467fda-f3ec-40a9-bb38-ab0f335cf488" testListId="8c84fa94-04c1-424b-9868-57a2d4851a1d" />
    <TestEntry testId="943fea02-d051-66d7-37b5-7c21b3630b2f" executionId="843a373f-efe1-4df1-905d-d1c43135beb0" testListId="8c84fa94-04c1-424b-9868-57a2d4851a1d" />
    <TestEntry testId="c9687d44-ef7f-22b9-bcf0-016902a51d98" executionId="132ebc84-ca13-48bf-9285-08b60f3d16f8" testListId="8c84fa94-04c1-424b-9868-57a2d4851a1d" />
    <TestEntry testId="b2fa13f0-9b31-3abe-ae3a-beaef8994004" executionId="8f6ae1a5-b59e-41c9-a3e3-c0e07f92cc26" testListId="8c84fa94-04c1-424b-9868-57a2d4851a1d" />
    <TestEntry testId="41e7e493-e583-4a52-e5d2-6ac0ac85030e" executionId="01d28d2e-c534-44a1-bfe6-fe27fd323cfb" testListId="8c84fa94-04c1-424b-9868-57a2d4851a1d" />
    <TestEntry testId="245e703a-ee62-7a16-2dc6-1bd011e743cc" executionId="53ad0986-723a-405f-9a5b-523cff2878f2" testListId="8c84fa94-04c1-424b-9868-57a2d4851a1d" />
    <TestEntry testId="758ebca3-1380-15f3-78c9-d85d0fd183fe" executionId="df5e90c6-8af5-4f81-8064-3d6b98fca4f3" testListId="8c84fa94-04c1-424b-9868-57a2d4851a1d" />
    <TestEntry testId="a865c917-a260-020c-2cce-a568390ffb7b" executionId="18dee6ee-80b9-43df-ab0b-93e949e51448" testListId="8c84fa94-04c1-424b-9868-57a2d4851a1d" />
    <TestEntry testId="0f63e64b-71b6-f034-ba2c-82f9768396f0" executionId="15365c49-f1cc-4ad8-a43b-120654556454" testListId="8c84fa94-04c1-424b-9868-57a2d4851a1d" />
    <TestEntry testId="87734bd1-7453-5643-060a-be8e8bd1072a" executionId="03bf8f00-0e17-4ae1-ad3d-5611ac7cd2df" testListId="8c84fa94-04c1-424b-9868-57a2d4851a1d" />
    <TestEntry testId="a8421760-a267-e87c-d835-c564dffc986a" executionId="9e26774c-6d5b-4d7b-bf0c-fd969ae241c7" testListId="8c84fa94-04c1-424b-9868-57a2d4851a1d" />
    <TestEntry testId="60d58d89-b494-7144-6ef9-cbf7dd98d0f6" executionId="c991738d-9710-4ced-9b34-23e035c73c01" testListId="8c84fa94-04c1-424b-9868-57a2d4851a1d" />
    <TestEntry testId="ad4cb1b5-188f-d702-c256-0af346e6465c" executionId="3a962fdc-481a-4bec-be3b-e766c95eb119" testListId="8c84fa94-04c1-424b-9868-57a2d4851a1d" />
    <TestEntry testId="1f070e2c-2687-abc9-93c4-3687af0c0306" executionId="b96f886e-eff4-40c9-aa6e-2c0847d83399" testListId="8c84fa94-04c1-424b-9868-57a2d4851a1d" />
    <TestEntry testId="1ab8e3c3-eb02-30cd-c421-1fb25f8a28a1" executionId="f304669b-a80c-4775-b76a-82e7ece9c898" testListId="8c84fa94-04c1-424b-9868-57a2d4851a1d" />
    <TestEntry testId="ecfa2a7b-694d-ecd4-60f3-9b678d1a17a1" executionId="4fe707a0-cb96-4ca0-afff-98b6b649e2bc" testListId="8c84fa94-04c1-424b-9868-57a2d4851a1d" />
    <TestEntry testId="3ef14c79-7cfb-06da-3d2f-cdf0bbabcd5d" executionId="28346658-4cf2-4729-b819-0bb4d877684e" testListId="8c84fa94-04c1-424b-9868-57a2d4851a1d" />
    <TestEntry testId="147b8cdd-0be9-fd46-0b42-0e241503fbb5" executionId="5cfb6eee-a7bc-49a7-a548-14f6f5af69d5" testListId="8c84fa94-04c1-424b-9868-57a2d4851a1d" />
    <TestEntry testId="f72ea436-dd89-9e95-52a7-a5bbc16fa459" executionId="fd9155ab-c41b-4751-b955-f15890e950a3" testListId="8c84fa94-04c1-424b-9868-57a2d4851a1d" />
    <TestEntry testId="d0902af0-b6c2-b833-80a6-84ff80351451" executionId="77b97d61-66f3-401b-85dd-781c38d376a4" testListId="8c84fa94-04c1-424b-9868-57a2d4851a1d" />
    <TestEntry testId="ea5d371b-7936-b90a-a0db-b940c1a565f8" executionId="8b4d54ef-9074-415a-ba56-493aa09d7c90" testListId="8c84fa94-04c1-424b-9868-57a2d4851a1d" />
    <TestEntry testId="14a0d3ab-aead-6420-fb99-75c0c0e21168" executionId="709ee683-60d3-4e77-8964-3215aa39f21e" testListId="8c84fa94-04c1-424b-9868-57a2d4851a1d" />
    <TestEntry testId="d50f8cbb-381f-bd6a-be9b-19e6c59425b0" executionId="67498993-baf0-42f6-88c6-3235a723255b" testListId="8c84fa94-04c1-424b-9868-57a2d4851a1d" />
    <TestEntry testId="ba79429a-5e10-2877-c436-dd046b65c757" executionId="2bce1bd0-c107-406b-970e-b992d79399e7" testListId="8c84fa94-04c1-424b-9868-57a2d4851a1d" />
    <TestEntry testId="eebc404b-12b3-4fe5-a9d1-064f87e6d76c" executionId="7bd909c2-0048-4df5-bdc3-5b1c6f810b68" testListId="8c84fa94-04c1-424b-9868-57a2d4851a1d" />
    <TestEntry testId="d1538a79-e97f-2008-abbd-b406bcade017" executionId="8188dcb6-46f8-4bdc-b29c-64950a2ab185" testListId="8c84fa94-04c1-424b-9868-57a2d4851a1d" />
    <TestEntry testId="fd7bb329-52b5-87a8-99b9-fa3dceb44eb6" executionId="a745bcfd-93b3-4609-803f-b6b06450db38" testListId="8c84fa94-04c1-424b-9868-57a2d4851a1d" />
    <TestEntry testId="747f314e-9dc2-d341-2e93-b7e7cba6c82d" executionId="70775b2a-64cf-48f9-af77-9644449a2ae5" testListId="8c84fa94-04c1-424b-9868-57a2d4851a1d" />
    <TestEntry testId="a8d04625-5537-2ee2-6e78-854761edde6c" executionId="88053ec9-d44c-47b9-9228-1975640b30eb" testListId="8c84fa94-04c1-424b-9868-57a2d4851a1d" />
    <TestEntry testId="1f9077ca-b645-90c9-b2b6-0fb1f438c598" executionId="cfaa9acb-a66f-43c0-bf30-f22dcd5393f5" testListId="8c84fa94-04c1-424b-9868-57a2d4851a1d" />
    <TestEntry testId="994dee68-cc00-9042-ea99-a1b29e70f5be" executionId="e7e41bdf-6d80-442f-b21a-fb14bdf2d785" testListId="8c84fa94-04c1-424b-9868-57a2d4851a1d" />
    <TestEntry testId="c97bcd32-91da-0516-efd1-2fac147d7a7d" executionId="2d3e774f-f341-425b-822f-c1bec34ee914" testListId="8c84fa94-04c1-424b-9868-57a2d4851a1d" />
    <TestEntry testId="b5db8638-46eb-7c65-3291-07ce8d1d7ebc" executionId="c372ab26-b6e2-424b-aafb-3ffe4d557157" testListId="8c84fa94-04c1-424b-9868-57a2d4851a1d" />
    <TestEntry testId="48775dc4-529b-82c6-3597-33658cd25805" executionId="99260dfd-e012-46ce-8d0a-53b4499c066d" testListId="8c84fa94-04c1-424b-9868-57a2d4851a1d" />
    <TestEntry testId="f251500f-6eb6-97e6-6f60-b0b2cbad10bb" executionId="ea17100a-f32a-4d85-bcd9-c2a0c6fc5318" testListId="8c84fa94-04c1-424b-9868-57a2d4851a1d" />
    <TestEntry testId="c90b4101-5675-1fdd-0021-f5bb1b4e3365" executionId="0d4db5cb-ea7f-4c4f-b642-29d20c697ecb" testListId="8c84fa94-04c1-424b-9868-57a2d4851a1d" />
    <TestEntry testId="efdc2385-1c90-0ac6-358d-00a79d3761af" executionId="7e5abb2e-003f-4d5d-810f-68177ab4bc15" testListId="8c84fa94-04c1-424b-9868-57a2d4851a1d" />
    <TestEntry testId="b42b5278-dfba-a7c6-22a0-f37116f7f1bf" executionId="70d744bc-a52b-4f08-9796-9c5c33ac0f62" testListId="8c84fa94-04c1-424b-9868-57a2d4851a1d" />
    <TestEntry testId="6302b2ee-d6c2-debd-b559-30a68b28bf8c" executionId="5052dfbb-40f4-4612-b314-98b8b487797a" testListId="8c84fa94-04c1-424b-9868-57a2d4851a1d" />
    <TestEntry testId="a04cd434-9d13-ea93-18dd-b43e9f40b281" executionId="92de4d30-48c5-459b-8148-cc5e35afbc40" testListId="8c84fa94-04c1-424b-9868-57a2d4851a1d" />
    <TestEntry testId="58010f30-32a6-441b-0ca9-d1234f8c7b96" executionId="8d55ff16-6ee3-4e9a-9e2d-0bddd8c9617a" testListId="8c84fa94-04c1-424b-9868-57a2d4851a1d" />
    <TestEntry testId="0ba279e7-e776-bf35-71c7-000973febb6b" executionId="7aea1127-fb4c-4a51-a17c-d54e1e8ee086" testListId="8c84fa94-04c1-424b-9868-57a2d4851a1d" />
    <TestEntry testId="14fdb436-41e7-d3d2-852d-b3a5b517ee9d" executionId="89777e60-b604-4519-a0aa-98a4e68f3be6" testListId="8c84fa94-04c1-424b-9868-57a2d4851a1d" />
    <TestEntry testId="2b0fdb6f-7c39-2d1c-a0f2-3f96e9b68860" executionId="fc6e6e33-14b5-42a5-9c78-07dde82a90f2" testListId="8c84fa94-04c1-424b-9868-57a2d4851a1d" />
    <TestEntry testId="608b00e1-af7f-8649-2384-8a951b726692" executionId="8a28cdbd-7a6c-4dda-82fb-1b4353cfe55d" testListId="8c84fa94-04c1-424b-9868-57a2d4851a1d" />
    <TestEntry testId="996e964e-4c6e-f52b-de83-958f83363514" executionId="97d3824e-e6da-459b-902e-b206bacaccaf" testListId="8c84fa94-04c1-424b-9868-57a2d4851a1d" />
    <TestEntry testId="38569712-28c9-bc1f-b162-4d8a361742f6" executionId="dcd075db-839a-44c1-9c81-bdad9c09b9a5" testListId="8c84fa94-04c1-424b-9868-57a2d4851a1d" />
    <TestEntry testId="96edd871-3763-091a-7191-4143140587e0" executionId="15fb56a5-30ca-4b62-aa5e-adb461de4735" testListId="8c84fa94-04c1-424b-9868-57a2d4851a1d" />
    <TestEntry testId="470b009d-ff42-291d-b903-dcfaa86ac4f1" executionId="48cc5c65-9ed0-41f5-9007-6692a9f94d44" testListId="8c84fa94-04c1-424b-9868-57a2d4851a1d" />
    <TestEntry testId="59c40daa-e951-e5fc-0a34-187524e5351c" executionId="974552ec-3809-46e6-abd5-a022cc9a90fb" testListId="8c84fa94-04c1-424b-9868-57a2d4851a1d" />
    <TestEntry testId="0e6e1b06-7c1a-cbe9-0f2c-c47d5bef0a15" executionId="ef77d231-9d2b-42c9-a4da-f358c0244c4e" testListId="8c84fa94-04c1-424b-9868-57a2d4851a1d" />
    <TestEntry testId="c2105011-dab6-c23f-e54a-519a39dc7ac4" executionId="1c8f0d3d-9773-4b20-a740-c090b53e4dd1" testListId="8c84fa94-04c1-424b-9868-57a2d4851a1d" />
    <TestEntry testId="5acfe418-eab4-d9ee-6b2f-b76346532e96" executionId="cee4b427-b989-48cb-b127-6271988301d2" testListId="8c84fa94-04c1-424b-9868-57a2d4851a1d" />
    <TestEntry testId="5ef5934f-3271-b77c-2d97-c3a9092c9628" executionId="135d8c18-913d-4a31-a567-8c020ccf4359" testListId="8c84fa94-04c1-424b-9868-57a2d4851a1d" />
    <TestEntry testId="ed5df283-24e4-fa8d-5ab8-8306d6b5b87e" executionId="7170e7a3-af6b-47a1-89c3-a3cd9f3cdb85" testListId="8c84fa94-04c1-424b-9868-57a2d4851a1d" />
    <TestEntry testId="1fa6a177-0d61-a3e2-1638-66034dfdbe10" executionId="19d03c1d-1dc1-4d44-9820-568c64436fcc" testListId="8c84fa94-04c1-424b-9868-57a2d4851a1d" />
    <TestEntry testId="f42370ec-3f3a-205f-a581-eb8394a0c7c3" executionId="76777d2f-08ad-489d-8b12-2d20ab2d8cb4" testListId="8c84fa94-04c1-424b-9868-57a2d4851a1d" />
    <TestEntry testId="c43e751f-9002-68f7-987d-6764761fe7d3" executionId="2e1a181e-bdc6-4316-9224-119950e3a69d" testListId="8c84fa94-04c1-424b-9868-57a2d4851a1d" />
    <TestEntry testId="18ad04c1-2ec5-c253-6d71-ffa9b1a0cccb" executionId="ba247cf6-91a6-4a23-92ef-fddce8c59840" testListId="8c84fa94-04c1-424b-9868-57a2d4851a1d" />
    <TestEntry testId="8ab1ee97-50a9-9a56-5363-ce9470e1caf1" executionId="6e1ee8a1-21d0-4a38-8375-02d3fb852593" testListId="8c84fa94-04c1-424b-9868-57a2d4851a1d" />
    <TestEntry testId="d457184a-ea42-1e98-1080-34b4e56e3c96" executionId="975f5bd2-5770-423d-921e-bfa31e3ce8c5" testListId="8c84fa94-04c1-424b-9868-57a2d4851a1d" />
    <TestEntry testId="c75f7863-3650-672d-7c4e-ff9556b15640" executionId="1f57b009-5788-4455-97d9-48a8365d0fbd" testListId="8c84fa94-04c1-424b-9868-57a2d4851a1d" />
    <TestEntry testId="750c53be-3e7f-3b20-8705-e0aafd4c19b6" executionId="2562bbf8-83c1-4c5d-9bf4-2443941314e5" testListId="8c84fa94-04c1-424b-9868-57a2d4851a1d" />
    <TestEntry testId="ec14ddfb-d548-9813-8db9-d4b0e494fb36" executionId="37d795ae-dc1f-4c1a-a265-3a2cce9e39fe" testListId="8c84fa94-04c1-424b-9868-57a2d4851a1d" />
    <TestEntry testId="24663b89-8070-e4d2-1d61-d577c4897ee2" executionId="be8aec9b-e65b-48e2-9074-d29a21f9153b" testListId="8c84fa94-04c1-424b-9868-57a2d4851a1d" />
    <TestEntry testId="7dbc6c1d-5ba2-d72e-cdd6-ec431a42e70a" executionId="f31827d2-d2f4-4b1c-9227-2e2e4d7478df" testListId="8c84fa94-04c1-424b-9868-57a2d4851a1d" />
    <TestEntry testId="e6a5f119-502f-e570-e8d4-4d3b1da8c05f" executionId="7793cb53-8fb5-42b3-9e68-1a8161c64b0e" testListId="8c84fa94-04c1-424b-9868-57a2d4851a1d" />
    <TestEntry testId="b7729b5e-4957-362f-ecd1-52e3732f1cd7" executionId="47ba289f-0994-49ae-a1c8-ffd34de525c6" testListId="8c84fa94-04c1-424b-9868-57a2d4851a1d" />
    <TestEntry testId="d9a1b1d2-9d42-63ea-2aad-19c471102883" executionId="5a126796-0d7f-4c1f-b4b0-fae2c9b9724f" testListId="8c84fa94-04c1-424b-9868-57a2d4851a1d" />
    <TestEntry testId="a7a8a72c-ad5b-4f0b-966e-4601ea61e4c9" executionId="037c8c01-a861-4d7d-a995-5200857745c3" testListId="8c84fa94-04c1-424b-9868-57a2d4851a1d" />
    <TestEntry testId="3c003fa6-5ad4-476b-9435-065b8dc6904c" executionId="efac8933-fff9-4eff-b02c-b3ec706ba2a8" testListId="8c84fa94-04c1-424b-9868-57a2d4851a1d" />
    <TestEntry testId="e34b939b-50e8-4c62-ac26-214b4385f494" executionId="be4648b9-0c31-4835-8b4f-99eb6a5c0a85" testListId="8c84fa94-04c1-424b-9868-57a2d4851a1d" />
    <TestEntry testId="1c7ffa6a-fbec-463b-9513-b8428d460af8" executionId="6af2b61e-c677-4376-9e5a-afb35229b936" testListId="8c84fa94-04c1-424b-9868-57a2d4851a1d" />
    <TestEntry testId="3851c1f1-1a04-4813-9d86-d990e699965b" executionId="48da7936-86bd-485d-9085-e9b0f68ae694" testListId="8c84fa94-04c1-424b-9868-57a2d4851a1d" />
    <TestEntry testId="9a7844ca-126c-4389-b9df-cd2401df2d56" executionId="795d062b-dc83-4cb2-82ec-10b3a77b5227" testListId="8c84fa94-04c1-424b-9868-57a2d4851a1d" />
    <TestEntry testId="dbde729c-27ee-4c9e-8310-8898e6dc49f2" executionId="cc4af0f1-a2f6-4dee-ab22-e85fd855a95c" testListId="8c84fa94-04c1-424b-9868-57a2d4851a1d" />
    <TestEntry testId="7a9d1c12-d423-41e3-9932-2ec35f92450f" executionId="b455fb1a-c843-4f40-91ae-5b5ab579e8e7" testListId="8c84fa94-04c1-424b-9868-57a2d4851a1d" />
    <TestEntry testId="7e617977-8556-4f65-b182-193f005734a0" executionId="1f496932-7b46-46ac-b75d-f9110c5c5228" testListId="8c84fa94-04c1-424b-9868-57a2d4851a1d" />
    <TestEntry testId="1201dafe-b563-4ee7-9773-064b88b70d89" executionId="7379e8c0-eddb-4e6e-acd5-cbc5a4aa3432" testListId="8c84fa94-04c1-424b-9868-57a2d4851a1d" />
    <TestEntry testId="b26d675c-a8e4-4365-a308-544ff01847ee" executionId="f74aa8c6-a253-4f53-9533-a6b105530ba3" testListId="8c84fa94-04c1-424b-9868-57a2d4851a1d" />
    <TestEntry testId="8c69fe2f-36f9-42aa-9611-31c1ca3d0c09" executionId="4e73d5b0-a5a8-44bb-8cf3-99301b4ca375" testListId="8c84fa94-04c1-424b-9868-57a2d4851a1d" />
    <TestEntry testId="52c5441a-2db1-4c1e-9700-dafb2e1c0244" executionId="5359f36b-49df-48ca-b3ce-c2ff145d9340" testListId="8c84fa94-04c1-424b-9868-57a2d4851a1d" />
    <TestEntry testId="f52a1c14-1d2e-4869-99cc-54e3af4e3a61" executionId="edd3bef4-ef52-4d1e-a0d1-00da8fb6faff" testListId="8c84fa94-04c1-424b-9868-57a2d4851a1d" />
    <TestEntry testId="34cdf35b-4098-4f3a-8455-281f966fcb1b" executionId="799f34b2-cbf6-4fc7-8129-dafc7f9f0174" testListId="8c84fa94-04c1-424b-9868-57a2d4851a1d" />
    <TestEntry testId="cc379e8d-1d26-70fc-caa7-afb89ced0bf2" executionId="768009fd-3e52-4400-b807-d157b6cf047b" testListId="8c84fa94-04c1-424b-9868-57a2d4851a1d" />
    <TestEntry testId="325a18c0-eeee-74b1-4ef7-9fdf27b6b0cb" executionId="8f3b1eaa-819c-4e88-97a1-c4cdd75573e4" testListId="8c84fa94-04c1-424b-9868-57a2d4851a1d" />
    <TestEntry testId="d6ae43d5-5394-f4d4-8d7f-2153510112dc" executionId="ea3174f1-9798-46ec-b951-4c36dbd81a0c" testListId="8c84fa94-04c1-424b-9868-57a2d4851a1d" />
    <TestEntry testId="1139e103-caff-7c68-89e2-4e85ec468357" executionId="c7d30a38-05da-4303-99f2-1364d0301cc7" testListId="8c84fa94-04c1-424b-9868-57a2d4851a1d" />
    <TestEntry testId="7c8cb673-f25a-2fcc-c683-c112fd3aa431" executionId="c6eedd31-4a88-45df-bbd2-e41c37b2bc26" testListId="8c84fa94-04c1-424b-9868-57a2d4851a1d" />
    <TestEntry testId="17de2524-fd57-afcb-54fc-0a75813fb0b7" executionId="1b8d40f2-2d86-4fbd-bc72-797356b9d46c" testListId="8c84fa94-04c1-424b-9868-57a2d4851a1d" />
    <TestEntry testId="624aec69-dac2-266d-f61b-0410884eb55d" executionId="81d7492f-5a45-4121-8691-87756c094c71" testListId="8c84fa94-04c1-424b-9868-57a2d4851a1d" />
    <TestEntry testId="ff8428cf-045f-3c7e-1306-3c66767cd427" executionId="888bec18-87dd-4922-9f04-e30a66eb6d86" testListId="8c84fa94-04c1-424b-9868-57a2d4851a1d" />
    <TestEntry testId="42f664da-9c3b-624e-a6f8-f30e9dbbd8f9" executionId="147f8ca0-49d8-47ad-8515-5b8e8a9b502d" testListId="8c84fa94-04c1-424b-9868-57a2d4851a1d" />
    <TestEntry testId="282881bf-fefc-8641-349a-209621d5798e" executionId="41717578-4150-4aeb-9b1a-5c25e4f531e8" testListId="8c84fa94-04c1-424b-9868-57a2d4851a1d" />
    <TestEntry testId="feff3acf-a5cd-1a42-4c0e-8e28718378d5" executionId="713b780a-4f23-45e5-bf92-11a797b327ce" testListId="8c84fa94-04c1-424b-9868-57a2d4851a1d" />
    <TestEntry testId="68397496-52f9-317f-9bc2-baf91397fc26" executionId="65d6ce59-dc84-4748-997a-9027dc364367" testListId="8c84fa94-04c1-424b-9868-57a2d4851a1d" />
    <TestEntry testId="7d1978e1-ffcb-0726-9d36-405ecfb80da3" executionId="fa5117e4-e263-460f-8124-061d2123bd3f" testListId="8c84fa94-04c1-424b-9868-57a2d4851a1d" />
    <TestEntry testId="ae2e8c87-6f25-9e21-318d-f2ec85f76abb" executionId="9834f464-f210-4504-9960-c2595ad3c6b6" testListId="8c84fa94-04c1-424b-9868-57a2d4851a1d" />
    <TestEntry testId="4596cef4-8382-212a-c3c4-0436ae202167" executionId="bf2449c7-373b-4b44-949d-c6c749578dd1" testListId="8c84fa94-04c1-424b-9868-57a2d4851a1d" />
    <TestEntry testId="912b3818-78a7-d609-c47b-3ff18cf6d60c" executionId="55b213d2-f4bc-46bf-a98d-7afd3379251e" testListId="8c84fa94-04c1-424b-9868-57a2d4851a1d" />
    <TestEntry testId="bdc18bd4-23a1-57f8-9197-6de3588c4b21" executionId="4c939553-430a-40c8-a0ba-45003d25408e" testListId="8c84fa94-04c1-424b-9868-57a2d4851a1d" />
    <TestEntry testId="0143cbce-3df7-9555-516a-f2e0583846cc" executionId="d493b501-136e-41e5-9cba-2198ff4703cb" testListId="8c84fa94-04c1-424b-9868-57a2d4851a1d" />
    <TestEntry testId="90514021-39cb-4b09-5219-8024ae44d68e" executionId="cf05dbfa-1d8f-4ba0-a14c-dbfbf5fe153b" testListId="8c84fa94-04c1-424b-9868-57a2d4851a1d" />
    <TestEntry testId="de7103bb-7b2a-54cf-39fc-f998472125fa" executionId="f14f89b9-e081-4b7b-9316-69895086e76b" testListId="8c84fa94-04c1-424b-9868-57a2d4851a1d" />
    <TestEntry testId="59dbffab-3cb6-3f18-2729-b7ae165a1908" executionId="3acd4868-b87c-4d1d-9dcc-efd573bf437a" testListId="8c84fa94-04c1-424b-9868-57a2d4851a1d" />
    <TestEntry testId="24293b7b-8e17-fe6f-9dac-22ff1c7f2d35" executionId="f437f04c-78bd-4774-9d1f-5cfbe7ef0034" testListId="8c84fa94-04c1-424b-9868-57a2d4851a1d" />
    <TestEntry testId="fb1098b8-bb29-2286-c752-fd8489c4c5ca" executionId="c73ba329-8643-4d13-bda3-6c742a30ce70" testListId="8c84fa94-04c1-424b-9868-57a2d4851a1d" />
    <TestEntry testId="6e335849-01fc-c6f4-1cfa-1c54b8999b04" executionId="7cd68783-23c1-4830-9a0c-8f6d44221cd2" testListId="8c84fa94-04c1-424b-9868-57a2d4851a1d" />
    <TestEntry testId="742289ff-f086-0101-6eca-ae6a031a6b78" executionId="1f91a6f3-535d-4c89-9673-aff59a4ff808" testListId="8c84fa94-04c1-424b-9868-57a2d4851a1d" />
    <TestEntry testId="5b21479c-587d-c17b-6da5-f95ec4dec998" executionId="87af8b26-7ae4-42f0-8306-ccbb2d501dae" testListId="8c84fa94-04c1-424b-9868-57a2d4851a1d" />
    <TestEntry testId="74582051-de3b-5b10-c71a-4607af030fa0" executionId="5f1f01fe-b418-4cab-adde-ec6042fbb41b" testListId="8c84fa94-04c1-424b-9868-57a2d4851a1d" />
    <TestEntry testId="ba225ada-7c0b-7bb3-d13f-6df287168e34" executionId="ba141c4d-1c23-42ba-9337-fc78b66c4700" testListId="8c84fa94-04c1-424b-9868-57a2d4851a1d" />
    <TestEntry testId="68befd6b-0c69-c112-b426-777dc55b4950" executionId="a97250f0-c2be-4279-95a8-c488a04f16c5" testListId="8c84fa94-04c1-424b-9868-57a2d4851a1d" />
    <TestEntry testId="c24054e0-41dc-86c2-da37-6751016bc21a" executionId="915ecdf0-8117-4432-a805-2f8a41e37132" testListId="8c84fa94-04c1-424b-9868-57a2d4851a1d" />
    <TestEntry testId="5ead6cc1-b4d0-7577-06b3-443c74a98655" executionId="5e6b3bf9-9490-4a8a-b91e-e0a7d615fa73" testListId="8c84fa94-04c1-424b-9868-57a2d4851a1d" />
    <TestEntry testId="431c3ec3-596c-4611-3c54-a1136f6ad1b8" executionId="da07e3e5-d50e-4b4b-95e2-9e95d17c5db3" testListId="8c84fa94-04c1-424b-9868-57a2d4851a1d" />
    <TestEntry testId="15170bfe-404c-755f-c3b7-7aeba86dc3c2" executionId="b049a309-e16b-48ab-8415-0aab33898b73" testListId="8c84fa94-04c1-424b-9868-57a2d4851a1d" />
    <TestEntry testId="c72a9767-e591-7272-973c-05f7d1df2c5b" executionId="b9da1d54-2b4a-4a2e-b5af-80564cc64378" testListId="8c84fa94-04c1-424b-9868-57a2d4851a1d" />
    <TestEntry testId="bf06ea91-44a2-7d32-7c34-a14bf27466fe" executionId="cde6dfee-de33-4c4a-826b-7380b60b07da" testListId="8c84fa94-04c1-424b-9868-57a2d4851a1d" />
    <TestEntry testId="1859c755-5cfb-0538-0501-790d66ea1c46" executionId="d4b2b211-20db-4ed9-bc5c-7420b6aec0fd" testListId="8c84fa94-04c1-424b-9868-57a2d4851a1d" />
    <TestEntry testId="4183e8da-5afa-ab36-0713-9bb4ac51ef7f" executionId="178fe667-ca4a-413d-8fff-01bbc24051fa" testListId="8c84fa94-04c1-424b-9868-57a2d4851a1d" />
    <TestEntry testId="5b1e2074-8fde-b58c-6c72-ab9ceb03bf0d" executionId="92e6be75-e560-4b79-88d5-aef4bfad576a" testListId="8c84fa94-04c1-424b-9868-57a2d4851a1d" />
    <TestEntry testId="a15724ea-d8bb-e486-39a9-6a650bf68108" executionId="86278986-2e22-456d-86c0-a3bb5bbaea98" testListId="8c84fa94-04c1-424b-9868-57a2d4851a1d" />
    <TestEntry testId="10c6c257-0444-87c8-7056-8ee1d1c6ad96" executionId="8d6d6c08-ee72-42ba-a946-f58729523774" testListId="8c84fa94-04c1-424b-9868-57a2d4851a1d" />
    <TestEntry testId="926c141c-9fe7-12c2-f3c3-63f47bacce0f" executionId="341e7c31-5a5a-47b4-84d5-82eeb111b60f" testListId="8c84fa94-04c1-424b-9868-57a2d4851a1d" />
    <TestEntry testId="3462d36a-9a9b-1d81-f4ba-fd04cbafb786" executionId="e9ef8ab0-bf9c-40aa-85e4-39461ef659f7" testListId="8c84fa94-04c1-424b-9868-57a2d4851a1d" />
    <TestEntry testId="77344bb0-ef33-b737-398d-7a946e7db8b8" executionId="d133d2a3-b8f9-43cf-b7ec-c17311e4a393" testListId="8c84fa94-04c1-424b-9868-57a2d4851a1d" />
    <TestEntry testId="31e5371d-887e-8f95-1777-d4f23d3d62e6" executionId="e55c9189-da53-4285-93a7-8a2350d5d418" testListId="8c84fa94-04c1-424b-9868-57a2d4851a1d" />
    <TestEntry testId="7a39eb8a-99e2-3632-7530-484c334ed022" executionId="76e9a412-8f87-45f4-95ce-334a4a3a8c0f" testListId="8c84fa94-04c1-424b-9868-57a2d4851a1d" />
    <TestEntry testId="f974397e-da8e-7271-306b-71665b32ed61" executionId="d828ef00-d865-497a-be2e-86f6979911db" testListId="8c84fa94-04c1-424b-9868-57a2d4851a1d" />
    <TestEntry testId="412ceb5f-90e2-b3d7-7aab-4c07fc60a00f" executionId="7efb25f7-694f-43d4-9000-548d50003685" testListId="8c84fa94-04c1-424b-9868-57a2d4851a1d" />
    <TestEntry testId="08972bac-89e6-aca1-3764-69ee31cae5d6" executionId="1a06eac7-87bc-4d51-bfd7-496bcb566882" testListId="8c84fa94-04c1-424b-9868-57a2d4851a1d" />
    <TestEntry testId="408e72e8-841d-afc4-008f-e596ccbaa1d5" executionId="0d656316-d21d-4cdd-b46c-db994d89bd0f" testListId="8c84fa94-04c1-424b-9868-57a2d4851a1d" />
    <TestEntry testId="da28d6c9-446f-3e9f-5a2a-bb9470099b3e" executionId="8d31f9a0-9e39-4a54-ba8e-b59ddbdb09ea" testListId="8c84fa94-04c1-424b-9868-57a2d4851a1d" />
    <TestEntry testId="26400dde-7305-5485-c0fc-452438bc3309" executionId="3de1e1eb-72c7-4f16-9f43-bb91b8622eac" testListId="8c84fa94-04c1-424b-9868-57a2d4851a1d" />
    <TestEntry testId="84634c2c-2e43-c7b8-c3ab-2834abccc841" executionId="22c07a5f-7585-4dd1-a7cf-4be95f3ca3ec" testListId="8c84fa94-04c1-424b-9868-57a2d4851a1d" />
    <TestEntry testId="19f067cd-b64d-6e20-598b-dbd30251d8da" executionId="62170d23-f380-4569-9cb2-5606ec62f940" testListId="8c84fa94-04c1-424b-9868-57a2d4851a1d" />
    <TestEntry testId="0dc158a2-8b00-9c47-04e0-db75d97ff526" executionId="4a38c96b-66b9-444d-b9e7-dd1284070e8f" testListId="8c84fa94-04c1-424b-9868-57a2d4851a1d" />
    <TestEntry testId="8e68e769-4f7d-6c85-c5e1-ea063d0c1bfe" executionId="03661b9a-8771-494d-8783-b768d663f068" testListId="8c84fa94-04c1-424b-9868-57a2d4851a1d" />
    <TestEntry testId="4c1cddeb-0074-e30d-f0ef-7960c3d73d05" executionId="b98e1fd4-9997-4bb3-9c9b-c4faf7b0d6d0" testListId="8c84fa94-04c1-424b-9868-57a2d4851a1d" />
    <TestEntry testId="46576e31-4977-0917-13aa-687273304084" executionId="805b05ea-980c-40fd-838a-180960a42d6b" testListId="8c84fa94-04c1-424b-9868-57a2d4851a1d" />
    <TestEntry testId="553cce10-7fe5-fbf2-6efe-d797a8836c55" executionId="7409f99a-26ec-4a94-a9a7-09e3e4984aa9" testListId="8c84fa94-04c1-424b-9868-57a2d4851a1d" />
    <TestEntry testId="e9a125ee-3957-cd3a-9b75-330be4ce4119" executionId="cfa507c2-fe03-4d09-9c68-d1b24c627865" testListId="8c84fa94-04c1-424b-9868-57a2d4851a1d" />
    <TestEntry testId="2381421c-6847-c31b-401f-a3033af72cd8" executionId="baae8caf-a1bf-4407-ad7c-f487e63c8f9f" testListId="8c84fa94-04c1-424b-9868-57a2d4851a1d" />
    <TestEntry testId="25d4c3b7-a275-8454-f6bd-5a76c7ad0ebf" executionId="662b0140-86b3-4922-8f8e-f39c85e416ae" testListId="8c84fa94-04c1-424b-9868-57a2d4851a1d" />
    <TestEntry testId="b6d90d2e-74f5-1582-9199-f1a8f5d45485" executionId="70ced083-fd95-471f-9eef-71e20034cf03" testListId="8c84fa94-04c1-424b-9868-57a2d4851a1d" />
    <TestEntry testId="c2930192-b5e9-e566-4eb6-449f9772ba36" executionId="7fa1c493-d295-4ce2-b97c-a70ad161a8b6" testListId="8c84fa94-04c1-424b-9868-57a2d4851a1d" />
    <TestEntry testId="b6798e84-d826-4c8e-3ff4-2eec0810558b" executionId="db3d0f61-d69c-4e92-9ed3-100a3b1387bb" testListId="8c84fa94-04c1-424b-9868-57a2d4851a1d" />
    <TestEntry testId="368d3507-950d-c653-a396-f8a0ef9d7835" executionId="1f9e0883-f4f9-40a6-bc7b-2de27f82ad7e" testListId="8c84fa94-04c1-424b-9868-57a2d4851a1d" />
    <TestEntry testId="2b92d109-e2a8-d257-582c-f64cb94589e4" executionId="d028506f-3110-415c-92d9-c2c677d91ab6" testListId="8c84fa94-04c1-424b-9868-57a2d4851a1d" />
    <TestEntry testId="56078e90-bc04-e936-3511-7e524ba2962c" executionId="23626e4e-ad63-4c3d-a0f2-19a397ab58f8" testListId="8c84fa94-04c1-424b-9868-57a2d4851a1d" />
    <TestEntry testId="333ec26e-9e30-61d6-991f-c2704476aa2a" executionId="7a517f0c-6e0f-4dbb-a33c-7d4d4a9476e2" testListId="8c84fa94-04c1-424b-9868-57a2d4851a1d" />
    <TestEntry testId="1ce44fc1-0503-b44a-f956-e0b1048532db" executionId="607ffeda-c373-43b6-a040-a25789e88b91" testListId="8c84fa94-04c1-424b-9868-57a2d4851a1d" />
    <TestEntry testId="6b7b73bb-11e0-4319-1c64-98d306a16272" executionId="a7b2a484-a258-44e6-bfa0-9ded44f20b12" testListId="8c84fa94-04c1-424b-9868-57a2d4851a1d" />
    <TestEntry testId="440eab0e-c588-1362-bab6-dc12601b1ed0" executionId="7250441e-3c2e-4832-909f-b6a19f0d2fd2" testListId="8c84fa94-04c1-424b-9868-57a2d4851a1d" />
    <TestEntry testId="b483bfbe-2f7b-f6f6-6d86-c8954c92b612" executionId="3250b5f5-e8a5-4608-b6ea-d7198b6c6392" testListId="8c84fa94-04c1-424b-9868-57a2d4851a1d" />
    <TestEntry testId="6db86513-1fa3-ab8a-e927-e61393ed0f5a" executionId="cec8f5d8-2bd7-4b3e-b2e7-41f26255a02c" testListId="8c84fa94-04c1-424b-9868-57a2d4851a1d" />
    <TestEntry testId="66d4442b-92fc-e0fa-b047-a937a68a08db" executionId="c7c80396-2ddb-4e8e-96ba-ae8739991637" testListId="8c84fa94-04c1-424b-9868-57a2d4851a1d" />
    <TestEntry testId="4187917a-7583-0232-4c33-aeb3376e730a" executionId="17f7388c-3a1d-442e-a75e-1222a32417c8" testListId="8c84fa94-04c1-424b-9868-57a2d4851a1d" />
    <TestEntry testId="cc87b9cc-deeb-dedc-70b1-29849121be22" executionId="ba7484ab-fe9f-44c8-9fe5-7d986bb2fce8" testListId="8c84fa94-04c1-424b-9868-57a2d4851a1d" />
    <TestEntry testId="463fb65c-bfc2-9abb-f93e-3e41873abc69" executionId="c526e03c-7980-45fc-a835-c8d71663f221" testListId="8c84fa94-04c1-424b-9868-57a2d4851a1d" />
    <TestEntry testId="32ff5600-378d-a168-2a30-0a6cf82a3f17" executionId="51da5eee-990d-4a99-b997-b6b11ed8ec04" testListId="8c84fa94-04c1-424b-9868-57a2d4851a1d" />
    <TestEntry testId="c9af1bef-932f-5f9e-e57f-cdc5afb00f47" executionId="c1b365de-0d7a-4c51-a622-ce908bbe67a1" testListId="8c84fa94-04c1-424b-9868-57a2d4851a1d" />
    <TestEntry testId="a632b2e3-ebcf-21ef-3d23-11757c2af967" executionId="03dbcf6c-262b-42f8-82f4-3b52786d268b" testListId="8c84fa94-04c1-424b-9868-57a2d4851a1d" />
    <TestEntry testId="1736ca88-007d-d8ac-0186-3f911730fece" executionId="a075c20a-4bb4-4641-aba6-62cec16df91a" testListId="8c84fa94-04c1-424b-9868-57a2d4851a1d" />
    <TestEntry testId="0ea8c2dd-5af7-7bdc-cb24-2b29f0762bf5" executionId="488f56df-0d5e-4fc9-9b43-fa39a9187e48" testListId="8c84fa94-04c1-424b-9868-57a2d4851a1d" />
    <TestEntry testId="6b5a814f-aa3d-ef55-5d3b-80ffe13c97c2" executionId="ab19c4e3-6a6a-47e8-b281-39f60ad2d2b4" testListId="8c84fa94-04c1-424b-9868-57a2d4851a1d" />
    <TestEntry testId="0b20f5c5-a0ec-d1c6-bee5-4a6ccbb3bb14" executionId="829dc2b3-8a43-43f5-92b9-d2ffcfef42f1" testListId="8c84fa94-04c1-424b-9868-57a2d4851a1d" />
    <TestEntry testId="1163f98d-b291-79f2-b465-b86c901b4bf3" executionId="29f60ed8-800b-4b17-b59d-721611bbfdba" testListId="8c84fa94-04c1-424b-9868-57a2d4851a1d" />
    <TestEntry testId="b4f6e00e-8ada-e6ab-9cc7-3aea9e081e26" executionId="3f511c2f-cea7-4451-801c-14402cc5abc8" testListId="8c84fa94-04c1-424b-9868-57a2d4851a1d" />
    <TestEntry testId="8993e9a2-ddc2-c56e-2d0f-a884d5512a7e" executionId="bb83e42c-72a1-4c18-8f95-5475b38fdca1" testListId="8c84fa94-04c1-424b-9868-57a2d4851a1d" />
    <TestEntry testId="0776b965-6c44-74be-e833-b3b524798457" executionId="34572555-2b84-40b7-adcc-9d3ed86ede79" testListId="8c84fa94-04c1-424b-9868-57a2d4851a1d" />
    <TestEntry testId="82ca6a73-593e-c2c1-0176-262a6f28670e" executionId="e90fcddb-4f05-46f1-8e3b-7918c803aa07" testListId="8c84fa94-04c1-424b-9868-57a2d4851a1d" />
    <TestEntry testId="584ee6f9-28cd-75a6-55b9-b16fb90ad102" executionId="5990cc62-bd52-418f-b1b9-78c27803ad63" testListId="8c84fa94-04c1-424b-9868-57a2d4851a1d" />
    <TestEntry testId="4cc66665-b2c8-e035-6dee-5ab8aedcdb09" executionId="704d9a43-acec-48f0-8fdb-f20c3d0c47cc" testListId="8c84fa94-04c1-424b-9868-57a2d4851a1d" />
    <TestEntry testId="3dd7fb57-2e04-1d96-4608-1f95ba74d03c" executionId="c27c0eed-13cc-46d8-a36b-8361f8da3044" testListId="8c84fa94-04c1-424b-9868-57a2d4851a1d" />
    <TestEntry testId="b40bd1d5-7f7b-7564-ca38-594f163378d3" executionId="191e9533-23b7-43e0-93fd-ab62e556a949" testListId="8c84fa94-04c1-424b-9868-57a2d4851a1d" />
    <TestEntry testId="46d6bbbe-3266-870c-f755-d5f18706d41f" executionId="4b4f67f1-7c30-4bd8-b0d1-869cdaa47469" testListId="8c84fa94-04c1-424b-9868-57a2d4851a1d" />
    <TestEntry testId="81fab866-28f9-f665-0219-c0c722f45c63" executionId="5aab271e-dd20-4a57-8cdf-def2c00d4b8b" testListId="8c84fa94-04c1-424b-9868-57a2d4851a1d" />
    <TestEntry testId="faefe160-358b-723f-7380-074c80ddb82d" executionId="f85a8f72-0677-4d15-bb19-832fec13912a" testListId="8c84fa94-04c1-424b-9868-57a2d4851a1d" />
    <TestEntry testId="fc64c503-50fb-fb8f-d3e2-473ed7a15554" executionId="3921dfe2-695e-4c65-9979-9337d93fa143" testListId="8c84fa94-04c1-424b-9868-57a2d4851a1d" />
    <TestEntry testId="04861faa-1d5c-b5ba-f445-9989ecfa4e80" executionId="573f25d5-8ce5-4338-a4fa-9f9d14ddb5e1" testListId="8c84fa94-04c1-424b-9868-57a2d4851a1d" />
    <TestEntry testId="5cd70a6c-4e33-8482-b22e-d926e12482ef" executionId="17bd4117-e619-464d-8a4a-a755c2a1708a" testListId="8c84fa94-04c1-424b-9868-57a2d4851a1d" />
    <TestEntry testId="d8b35f9e-f802-0999-f4c9-a5f7b45e359e" executionId="7275a325-a88d-4887-a10c-96dcb8a2d330" testListId="8c84fa94-04c1-424b-9868-57a2d4851a1d" />
    <TestEntry testId="87b6abe8-7199-1041-00c1-a5446da1166d" executionId="d897fbed-0b4b-43bc-a431-abd7ac853d57" testListId="8c84fa94-04c1-424b-9868-57a2d4851a1d" />
    <TestEntry testId="05ce47e8-708f-9ccd-b92f-5b4b9c5cf688" executionId="a3c99d95-bc8b-426f-932a-5e9da34ebc63" testListId="8c84fa94-04c1-424b-9868-57a2d4851a1d" />
    <TestEntry testId="83093c5e-83f8-03e3-c4e0-267511ad3589" executionId="87411ba5-77c0-49de-965d-c6e1d0919257" testListId="8c84fa94-04c1-424b-9868-57a2d4851a1d" />
    <TestEntry testId="b928f365-62ba-90a9-a8e5-6c4b5e3799f8" executionId="f3cd3ef2-12c1-4512-a8d4-b3136b4f38cc" testListId="8c84fa94-04c1-424b-9868-57a2d4851a1d" />
    <TestEntry testId="7b59ed8c-1c7e-74df-e885-2935f6bcfca1" executionId="c8006d9b-a57a-4568-a36c-64b336d844ed" testListId="8c84fa94-04c1-424b-9868-57a2d4851a1d" />
    <TestEntry testId="385c3b8e-0cd2-e058-9c4d-d4168f24402f" executionId="262be21e-c8fc-45d9-9c72-38ebe4f5336c" testListId="8c84fa94-04c1-424b-9868-57a2d4851a1d" />
    <TestEntry testId="c5368c16-d840-ed9a-7cf5-62f7da1cabc8" executionId="13cafb7b-e200-4cea-a926-a55d2ffc80e3" testListId="8c84fa94-04c1-424b-9868-57a2d4851a1d" />
    <TestEntry testId="91bee7b6-7397-1aa5-573c-967f72d1e439" executionId="05eff98f-b624-46c6-bd4b-62327976912b" testListId="8c84fa94-04c1-424b-9868-57a2d4851a1d" />
    <TestEntry testId="36979c5d-4699-91ad-38fd-196e92f4fe50" executionId="e5cd0e6e-26d2-4777-87d9-fec77a8bf1de" testListId="8c84fa94-04c1-424b-9868-57a2d4851a1d" />
    <TestEntry testId="6af608a1-ca18-c9e5-d3b7-0c753b5fd64c" executionId="2210f1bb-6053-470e-8e23-20e955e40cd4" testListId="8c84fa94-04c1-424b-9868-57a2d4851a1d" />
    <TestEntry testId="0ceae503-ce43-dfaa-0008-7c59e2852e6a" executionId="8a330c91-ce37-4ebc-8c48-4e310c60cc29" testListId="8c84fa94-04c1-424b-9868-57a2d4851a1d" />
    <TestEntry testId="17b670b1-34e2-3dec-b41e-6dac26f7e085" executionId="1195833f-57bb-4f36-b0fe-74330f2a3b32" testListId="8c84fa94-04c1-424b-9868-57a2d4851a1d" />
    <TestEntry testId="bb948481-355b-1392-0734-14cb05ec0d76" executionId="1cea9ded-34dc-42ef-b49c-01f91c70a7b9" testListId="8c84fa94-04c1-424b-9868-57a2d4851a1d" />
    <TestEntry testId="6e4452fe-ef8b-21d0-7001-3ddac5a7f2af" executionId="2af8233e-8990-407f-9b94-1dca59f1bacc" testListId="8c84fa94-04c1-424b-9868-57a2d4851a1d" />
    <TestEntry testId="2e05eeea-ec74-39d6-9d79-8ed43c8505c7" executionId="a280a7c2-d92e-4675-b896-070e21dc4be1" testListId="8c84fa94-04c1-424b-9868-57a2d4851a1d" />
    <TestEntry testId="30fcfa57-611b-0e16-d05d-aec7d21716d7" executionId="e072aa43-8c3a-41a5-9316-a280c112f9eb" testListId="8c84fa94-04c1-424b-9868-57a2d4851a1d" />
    <TestEntry testId="bd319563-e337-922e-9550-d1fc2e9e499a" executionId="7180e9da-d303-4691-9bfd-1e6aba814091" testListId="8c84fa94-04c1-424b-9868-57a2d4851a1d" />
    <TestEntry testId="e7c9a02e-2653-9929-e6ff-4df3ecba5fd2" executionId="6db264d0-2dec-48d9-88f9-02cba9f1fd38" testListId="8c84fa94-04c1-424b-9868-57a2d4851a1d" />
    <TestEntry testId="5a4dc2ea-02b9-f619-bc54-90fbe83d6773" executionId="4afdf220-fad0-4410-8b97-a5b8feeb0ad1" testListId="8c84fa94-04c1-424b-9868-57a2d4851a1d" />
    <TestEntry testId="bbc5358e-e356-c417-4378-2545d0bada22" executionId="09f09611-0dd1-47fa-8a9e-b32532a6200e" testListId="8c84fa94-04c1-424b-9868-57a2d4851a1d" />
    <TestEntry testId="3c0e322a-1513-4e42-a82c-8c7bcf865bd5" executionId="753b5bf1-97ea-4417-9cf0-4568f7f2dc35" testListId="8c84fa94-04c1-424b-9868-57a2d4851a1d" />
    <TestEntry testId="2ea856b8-52f2-a37d-94cc-632d40c373f6" executionId="05070022-efaf-424f-bcca-bc41f7a8268c" testListId="8c84fa94-04c1-424b-9868-57a2d4851a1d" />
    <TestEntry testId="a33e79c9-4d64-e39f-c597-396c30fc52d1" executionId="b27a8dc7-c747-4396-b256-b5bd2a8dab6e" testListId="8c84fa94-04c1-424b-9868-57a2d4851a1d" />
    <TestEntry testId="6782af06-3264-14ef-f2bd-c166c7fdf0ba" executionId="3ea7ea1f-0345-4ce4-aa52-6f65a0286502" testListId="8c84fa94-04c1-424b-9868-57a2d4851a1d" />
    <TestEntry testId="46d83ee3-6362-b4d8-a502-e6556642d9b8" executionId="72b2b056-4bd9-4fad-80de-c7e00038bb48" testListId="8c84fa94-04c1-424b-9868-57a2d4851a1d" />
    <TestEntry testId="00a630b6-f849-b7d0-a3d4-f43f7e7a23a3" executionId="44fbd772-d169-46a7-bf6f-5ea8de6a285f" testListId="8c84fa94-04c1-424b-9868-57a2d4851a1d" />
    <TestEntry testId="28c0f3e4-2845-95af-765b-b2ceeeb7703f" executionId="b7c57f7e-7fac-42f5-9077-881b90e2cfb0" testListId="8c84fa94-04c1-424b-9868-57a2d4851a1d" />
    <TestEntry testId="2eff8db1-db72-7bfa-7ade-b4b25f25772c" executionId="05d78ff3-18dc-4571-a2f6-61e5c2dd89c2" testListId="8c84fa94-04c1-424b-9868-57a2d4851a1d" />
    <TestEntry testId="8b7adbd6-2a04-4332-64e2-c334084962c0" executionId="826f6d00-cfe0-4c2c-906b-c4a60442be98" testListId="8c84fa94-04c1-424b-9868-57a2d4851a1d" />
    <TestEntry testId="fd39b5ce-a0b7-dd92-93ce-2bb4e9f7c556" executionId="2475c751-ab6a-4873-a1bf-8b1c6cef5ff9" testListId="8c84fa94-04c1-424b-9868-57a2d4851a1d" />
    <TestEntry testId="8a14ba23-1abf-5cce-6d6b-576ff33e2e1f" executionId="b13e6f94-f44c-423d-839b-5ddc0f5e818e" testListId="8c84fa94-04c1-424b-9868-57a2d4851a1d" />
    <TestEntry testId="5748fbf4-d8fa-e82c-7365-e98fc14bbe41" executionId="fe1d716f-8010-44ca-a12d-b2a4f9435886" testListId="8c84fa94-04c1-424b-9868-57a2d4851a1d" />
    <TestEntry testId="8f9eff36-9fec-250d-ec51-a147314482d2" executionId="9cec79b1-ac07-4b34-a7d1-b84b7ba5efd4" testListId="8c84fa94-04c1-424b-9868-57a2d4851a1d" />
    <TestEntry testId="402faffa-3933-eb81-0c90-bbcdb9c3cc17" executionId="9fd2f030-f804-4894-a124-fe5fc1357b2a" testListId="8c84fa94-04c1-424b-9868-57a2d4851a1d" />
    <TestEntry testId="c867ddae-b2a9-4748-de3c-a1053f022436" executionId="00f8a53a-6c4d-42ad-97fd-afa8766f460a" testListId="8c84fa94-04c1-424b-9868-57a2d4851a1d" />
    <TestEntry testId="8083f170-7c9a-f362-3e73-f236d06ffea5" executionId="9fcaff2c-5124-4b9b-8493-e272f36c8095" testListId="8c84fa94-04c1-424b-9868-57a2d4851a1d" />
    <TestEntry testId="9330cb97-ddde-0bc2-e2d6-587fa0b383a9" executionId="e7cbaee8-f8d9-446f-bb96-c69be31fdb77" testListId="8c84fa94-04c1-424b-9868-57a2d4851a1d" />
    <TestEntry testId="3093f764-6c78-7584-66c4-3839b1f022a8" executionId="62e19f1b-de08-49b7-9db7-704790dbc148" testListId="8c84fa94-04c1-424b-9868-57a2d4851a1d" />
    <TestEntry testId="376e919a-1a8b-a485-d38e-ba980d6f9572" executionId="df799f7a-cb9d-4cec-a4e9-d7a26cfb5e83" testListId="8c84fa94-04c1-424b-9868-57a2d4851a1d" />
    <TestEntry testId="44ecaeac-caaf-f38f-8890-2db1cab268a6" executionId="20f377aa-9abf-4459-ac17-abe6f1c0a098" testListId="8c84fa94-04c1-424b-9868-57a2d4851a1d" />
    <TestEntry testId="87d360c9-0ec6-4429-0dfc-8f4656d21cba" executionId="70fb1c9c-7cae-4cbb-8a9b-b939e7df5c56" testListId="8c84fa94-04c1-424b-9868-57a2d4851a1d" />
    <TestEntry testId="107b2d5f-218e-8d2c-e411-99eb245cedeb" executionId="25f7bd3c-1432-4acd-ab09-d990fe6da24e" testListId="8c84fa94-04c1-424b-9868-57a2d4851a1d" />
    <TestEntry testId="7b9dae4c-5735-4c6a-67a9-6c6fc809adad" executionId="93ed039c-f68f-4925-b025-4241ba5f980c" testListId="8c84fa94-04c1-424b-9868-57a2d4851a1d" />
    <TestEntry testId="b745a769-95c2-9383-94b0-61b040241950" executionId="93467dc3-9d91-42ee-b489-3eaf0b307862" testListId="8c84fa94-04c1-424b-9868-57a2d4851a1d" />
    <TestEntry testId="9538c702-3b04-5aea-103f-f259d4b6d045" executionId="f6967355-4d81-4131-9817-b39d9dc14a26" testListId="8c84fa94-04c1-424b-9868-57a2d4851a1d" />
    <TestEntry testId="04d08064-fe90-612f-c563-a44c088fa6cd" executionId="eb393bc1-f2e9-4792-878b-363e6dcf16bd" testListId="8c84fa94-04c1-424b-9868-57a2d4851a1d" />
    <TestEntry testId="1e71274a-7e4b-f125-1904-63e7a1d3ac34" executionId="fa332dfc-bee9-423f-9a5d-a12101904362" testListId="8c84fa94-04c1-424b-9868-57a2d4851a1d" />
    <TestEntry testId="854dec0d-f919-8683-12a6-dd3785639207" executionId="c8fc3012-a60a-4c6b-9b98-258ae53d1b45" testListId="8c84fa94-04c1-424b-9868-57a2d4851a1d" />
    <TestEntry testId="a724042d-0f1c-7297-6789-af928c147804" executionId="7c5f9023-40cb-4c47-b62b-88488a26727c" testListId="8c84fa94-04c1-424b-9868-57a2d4851a1d" />
    <TestEntry testId="1412f730-cd59-a015-c728-f52b820ea02e" executionId="f2f3e5c3-05ab-46de-8617-5931f66ee72c" testListId="8c84fa94-04c1-424b-9868-57a2d4851a1d" />
    <TestEntry testId="b0e1230b-07f4-6825-5e74-33e037dbbe02" executionId="128777ae-edd6-401e-9805-3f1f00385fb8" testListId="8c84fa94-04c1-424b-9868-57a2d4851a1d" />
    <TestEntry testId="cc3f07da-5007-e6a6-2fca-eb02a9c58394" executionId="8bc0a7c4-2e6e-4e84-9cd5-386179ff861d" testListId="8c84fa94-04c1-424b-9868-57a2d4851a1d" />
    <TestEntry testId="941e9f0b-0f59-d241-e28f-2240dfa55c4e" executionId="1d23bc61-e791-477d-b051-a1b1ca595430" testListId="8c84fa94-04c1-424b-9868-57a2d4851a1d" />
    <TestEntry testId="4a6b6b62-7c9a-4053-682b-ba9ed553adc1" executionId="ddc269c9-a4e4-4404-ad3a-3b72f462542d" testListId="8c84fa94-04c1-424b-9868-57a2d4851a1d" />
    <TestEntry testId="8feccd42-a1e7-b9bc-7efd-dc5918022e97" executionId="c212a896-f1c9-49df-bec3-cf94498d99ab" testListId="8c84fa94-04c1-424b-9868-57a2d4851a1d" />
    <TestEntry testId="87b771d8-abaa-03fd-a5c4-80ab16d84061" executionId="f75890ee-96f3-475d-9f79-bc6dd8531207" testListId="8c84fa94-04c1-424b-9868-57a2d4851a1d" />
    <TestEntry testId="33fa2150-6bb8-0c2c-6a78-5198d6ae5e3e" executionId="93487d23-a919-4296-b009-62205b2230a6" testListId="8c84fa94-04c1-424b-9868-57a2d4851a1d" />
    <TestEntry testId="0b0c6e5c-9742-4e08-c48b-7d5ad17a0000" executionId="cd3caebc-f125-46b8-a3fd-856bc4e6188d" testListId="8c84fa94-04c1-424b-9868-57a2d4851a1d" />
    <TestEntry testId="2f328998-2a5e-f113-4f5d-629de61459c1" executionId="823233fd-d676-4bb2-ab17-54dbc583ed6e" testListId="8c84fa94-04c1-424b-9868-57a2d4851a1d" />
    <TestEntry testId="6df1fc16-6741-b4b3-2bbd-ff9f9bcc189d" executionId="57b0490c-2758-46c6-bbe6-d4fa2c5f71b7" testListId="8c84fa94-04c1-424b-9868-57a2d4851a1d" />
    <TestEntry testId="9dec79e5-feb2-af1c-909c-a4bfb7ac189b" executionId="044483fc-ccb6-40a0-9d31-2140e38a2efe" testListId="8c84fa94-04c1-424b-9868-57a2d4851a1d" />
    <TestEntry testId="d5adfe88-7360-baf4-9ce8-26ff7cc87a82" executionId="101b84f5-8281-4a6f-adf9-dce79bdf1b0e" testListId="8c84fa94-04c1-424b-9868-57a2d4851a1d" />
    <TestEntry testId="53d40db5-f82a-a545-4523-5fcc56b8d2a6" executionId="023a39e0-962d-4655-8069-25128c027ffa" testListId="8c84fa94-04c1-424b-9868-57a2d4851a1d" />
    <TestEntry testId="ff2d3f0f-94d6-3c21-c864-5604b1c7d31b" executionId="08cefe91-69bb-4fae-8ed0-49509461e3be" testListId="8c84fa94-04c1-424b-9868-57a2d4851a1d" />
    <TestEntry testId="8603d9a7-6161-e0eb-0ac6-0fd79c5b0a58" executionId="afb59325-fbbb-4c88-9788-a0a7b377b4b7" testListId="8c84fa94-04c1-424b-9868-57a2d4851a1d" />
    <TestEntry testId="f8720149-e1bd-cdfc-e082-98694cb37999" executionId="e7e9090d-6142-4f24-8562-0c5dfd35042c" testListId="8c84fa94-04c1-424b-9868-57a2d4851a1d" />
    <TestEntry testId="3440338f-b9dd-49bb-259c-2c4ca8c3fb1e" executionId="07a0ea21-247a-4f99-9fbb-e72c31078ec1" testListId="8c84fa94-04c1-424b-9868-57a2d4851a1d" />
    <TestEntry testId="1c86ff27-b618-145f-fc89-2e19fbbe36da" executionId="eccf2bb3-0b03-4815-934b-3067c413e03c" testListId="8c84fa94-04c1-424b-9868-57a2d4851a1d" />
    <TestEntry testId="9d437d02-911d-f1ab-51d1-c51e8bc7ba3d" executionId="945a8650-0c52-483b-9a0e-4431a031cce8" testListId="8c84fa94-04c1-424b-9868-57a2d4851a1d" />
    <TestEntry testId="3364171f-da53-294c-fadc-d2e9e70016e1" executionId="249c1e5e-f017-432e-b516-9aef16e5feca" testListId="8c84fa94-04c1-424b-9868-57a2d4851a1d" />
    <TestEntry testId="749bf7fd-b82a-b2e0-928c-b5ce604f1d1a" executionId="d2524607-61d4-43b4-a7a1-824ee3953422" testListId="8c84fa94-04c1-424b-9868-57a2d4851a1d" />
    <TestEntry testId="a76c34f8-3ddb-9b69-56be-e37225583a95" executionId="251caf88-3c6d-4e66-a071-6155084ca1e7" testListId="8c84fa94-04c1-424b-9868-57a2d4851a1d" />
    <TestEntry testId="be5d32a2-3689-cef9-e03f-2758e521762b" executionId="1382c7f0-690d-444c-92d1-3b10c3456252" testListId="8c84fa94-04c1-424b-9868-57a2d4851a1d" />
    <TestEntry testId="d41adf48-dfd3-c9d8-7d25-333f762cb383" executionId="ef1ca971-c923-4eb3-9d0c-9345167801a1" testListId="8c84fa94-04c1-424b-9868-57a2d4851a1d" />
    <TestEntry testId="ed1239d3-ec91-3b06-35c2-1fe7c29277fa" executionId="ffc93413-3b97-4688-ab3c-4fcacf9ba4e2" testListId="8c84fa94-04c1-424b-9868-57a2d4851a1d" />
    <TestEntry testId="2bdc4942-d470-3506-6379-0db2751fcf4c" executionId="eb0fe9d8-3006-494e-916f-c7ac780d6868" testListId="8c84fa94-04c1-424b-9868-57a2d4851a1d" />
    <TestEntry testId="89250205-4edf-41e5-02ad-bbd439562f5e" executionId="e0dced82-7a63-4543-a8f5-933514c80ca4" testListId="8c84fa94-04c1-424b-9868-57a2d4851a1d" />
    <TestEntry testId="0d0abdf7-6b85-4a00-839d-cbd7777f1e09" executionId="e6783823-04b7-41d5-b6cb-f7862cf2a441" testListId="8c84fa94-04c1-424b-9868-57a2d4851a1d" />
    <TestEntry testId="3c2d778b-5a87-441f-5e8b-4d9d630cacce" executionId="583a5386-dcf3-4e69-8747-ba1565bd2a15" testListId="8c84fa94-04c1-424b-9868-57a2d4851a1d" />
    <TestEntry testId="acfa9781-c2af-44c4-0e4c-2f6ab2213c2d" executionId="3ded9ef7-ef09-46da-9757-3039fb69b125" testListId="8c84fa94-04c1-424b-9868-57a2d4851a1d" />
    <TestEntry testId="c7ef403e-ea5b-eabb-c342-62cc558411fb" executionId="7f081c04-0cac-461b-ace0-13d092cb766a" testListId="8c84fa94-04c1-424b-9868-57a2d4851a1d" />
    <TestEntry testId="22e2aa23-d707-72ec-7263-7b8e8fc42c1b" executionId="19cebb77-bbd3-4001-88c7-9bf15c9b884e" testListId="8c84fa94-04c1-424b-9868-57a2d4851a1d" />
    <TestEntry testId="568e68e6-07c4-7326-a256-5dee2c5944c6" executionId="884732d0-23cd-4bf4-a916-a8d01fec8488" testListId="8c84fa94-04c1-424b-9868-57a2d4851a1d" />
    <TestEntry testId="d1743ce8-f5d8-c80a-c056-118412dc626f" executionId="2f5ff31c-986a-48aa-bdd0-655ec7f4b6db" testListId="8c84fa94-04c1-424b-9868-57a2d4851a1d" />
    <TestEntry testId="48f0a80c-d3b0-abd5-7904-ae4f94696f25" executionId="048f9a7f-6e36-4835-a2fd-b092da3c2eb0" testListId="8c84fa94-04c1-424b-9868-57a2d4851a1d" />
    <TestEntry testId="8b5a3b03-0a0c-b134-6147-0ce64f7fdf50" executionId="d11ee7fb-a546-486d-992a-f847311b0bef" testListId="8c84fa94-04c1-424b-9868-57a2d4851a1d" />
    <TestEntry testId="e704ce6e-99b6-0752-da0e-01b3e95f4754" executionId="7bd25a4c-b9be-4d8d-8f49-cb3a186789e6" testListId="8c84fa94-04c1-424b-9868-57a2d4851a1d" />
    <TestEntry testId="a798d103-0260-4ba1-47af-4d3ef4169873" executionId="f25c2737-5aa2-4ec0-a6e6-405d7e3cf4cf" testListId="8c84fa94-04c1-424b-9868-57a2d4851a1d" />
    <TestEntry testId="0005a0e5-7f7d-6efe-42e4-b90e4a6e785e" executionId="670d1cea-bf0d-411a-b890-e847cb2b36f4" testListId="8c84fa94-04c1-424b-9868-57a2d4851a1d" />
    <TestEntry testId="144bd6bb-2f1d-a361-1328-80af10fdd33e" executionId="2fc429d2-7802-4a66-85c0-75c45aed0112" testListId="8c84fa94-04c1-424b-9868-57a2d4851a1d" />
    <TestEntry testId="9a07d2b5-d3ad-e5b3-fd24-0e2cd724b55d" executionId="b620b571-b990-4fee-9c3b-00e281be8d9c" testListId="8c84fa94-04c1-424b-9868-57a2d4851a1d" />
    <TestEntry testId="7da8f793-f54a-39ef-40b7-5684280bd00c" executionId="957c35bb-8e3f-455c-850c-f4c93b90d8a2" testListId="8c84fa94-04c1-424b-9868-57a2d4851a1d" />
    <TestEntry testId="9c0f494e-7dca-dba7-122c-746108a3963b" executionId="c607f36d-25a9-4097-9340-f05502c41924" testListId="8c84fa94-04c1-424b-9868-57a2d4851a1d" />
    <TestEntry testId="d78a3c4d-c7fc-83a1-2c4c-4d9d6a666816" executionId="26f2d189-81f2-43af-8f95-10334da9abf0" testListId="8c84fa94-04c1-424b-9868-57a2d4851a1d" />
    <TestEntry testId="f5d65b38-ad06-c050-c78b-3415cce4b696" executionId="a8e33db3-6e1a-485f-a9f5-0c2deb5fc088" testListId="8c84fa94-04c1-424b-9868-57a2d4851a1d" />
    <TestEntry testId="332b6f53-d449-623c-b53c-5d507244e9d7" executionId="ce405622-00c9-4285-9eaf-9f82d6a07962" testListId="8c84fa94-04c1-424b-9868-57a2d4851a1d" />
    <TestEntry testId="2b030f55-3757-20d0-805b-9feb4c1d5656" executionId="3d53f820-9c4d-462a-90d1-29d706dc5c9d" testListId="8c84fa94-04c1-424b-9868-57a2d4851a1d" />
    <TestEntry testId="3b614c0d-a0e1-9bd1-5caf-f6bdcd653918" executionId="f7568cff-b2e2-4508-939b-bc1cdc47e6dc" testListId="8c84fa94-04c1-424b-9868-57a2d4851a1d" />
    <TestEntry testId="d338e5e2-de37-9b0d-6da1-759d5ae0f080" executionId="9904dcfe-384f-4a18-9f85-37f1bd7f570c" testListId="8c84fa94-04c1-424b-9868-57a2d4851a1d" />
    <TestEntry testId="c9a5852a-0207-5730-4a74-1c11bdfaa661" executionId="8ea7acb3-8a58-446d-bfd2-3b7bbb6d287c" testListId="8c84fa94-04c1-424b-9868-57a2d4851a1d" />
    <TestEntry testId="e6a79b5a-9b0f-2c88-ee5a-f90364e4ccf3" executionId="e491428f-fbbb-49f6-8ffc-44719db40517" testListId="8c84fa94-04c1-424b-9868-57a2d4851a1d" />
    <TestEntry testId="ef6d1c84-d608-d999-4f8c-9ec94b530411" executionId="564cd1fb-4c87-4db1-8532-59bcf90564d4" testListId="8c84fa94-04c1-424b-9868-57a2d4851a1d" />
    <TestEntry testId="37ba5476-a413-397a-13dc-f2c01aa73104" executionId="7aa732a7-fad5-4725-9bc8-8dcb9d775fdc" testListId="8c84fa94-04c1-424b-9868-57a2d4851a1d" />
    <TestEntry testId="75cfd13f-65dd-917a-59cb-e2df1f8ee893" executionId="f7ba6adb-1733-461f-84e9-d83ab0661d13" testListId="8c84fa94-04c1-424b-9868-57a2d4851a1d" />
    <TestEntry testId="82bb464d-3b22-e089-4f86-c23bcfebff15" executionId="fa4cd8e7-8fcb-4b49-9770-8106dfe24505" testListId="8c84fa94-04c1-424b-9868-57a2d4851a1d" />
    <TestEntry testId="76e7c97b-1f73-d79b-89f7-a27d3bad9c01" executionId="53bc598d-c7a9-4e5a-a8e8-09de9b044e3e" testListId="8c84fa94-04c1-424b-9868-57a2d4851a1d" />
    <TestEntry testId="c59e8360-3ad9-aadc-bdad-423b6f3c6177" executionId="3003f618-a0e4-4009-8fe1-d45c0550e912" testListId="8c84fa94-04c1-424b-9868-57a2d4851a1d" />
    <TestEntry testId="80af434d-ecff-4a5e-b25e-0663226572b3" executionId="00185991-d4d3-4c50-b265-02284ef60144" testListId="8c84fa94-04c1-424b-9868-57a2d4851a1d" />
    <TestEntry testId="f22f05da-765e-3a07-0cea-9070d04b6d6f" executionId="86de28ff-028d-4e3c-97ed-66a1f063eacd" testListId="8c84fa94-04c1-424b-9868-57a2d4851a1d" />
    <TestEntry testId="91e72215-5985-583d-797d-ebe221c1a370" executionId="737ce498-7c89-437f-926b-84494c89a3f8" testListId="8c84fa94-04c1-424b-9868-57a2d4851a1d" />
    <TestEntry testId="6757e280-6379-0026-3912-529ef9ac6dc0" executionId="40e5d0a2-ba18-41a7-a802-1641bdc02a09" testListId="8c84fa94-04c1-424b-9868-57a2d4851a1d" />
    <TestEntry testId="0c17effd-b13e-3c36-96fb-aeb5a697d644" executionId="d69e66b5-d7a3-475e-b1dd-b111e3cf95bc" testListId="8c84fa94-04c1-424b-9868-57a2d4851a1d" />
    <TestEntry testId="636c5ba0-6256-6458-ded9-75c49a8dcd53" executionId="a01adb3e-af4e-4238-b436-b9a6df632fb4" testListId="8c84fa94-04c1-424b-9868-57a2d4851a1d" />
    <TestEntry testId="b1c38f71-9598-392c-cb30-fe2db9721f29" executionId="959cde57-7323-4e16-9cd6-7d530bda6d1e" testListId="8c84fa94-04c1-424b-9868-57a2d4851a1d" />
    <TestEntry testId="7522b227-bbfd-2afe-bc9c-fc87c027d757" executionId="c96ab2da-cd09-45fe-bffe-f7588128ccbb" testListId="8c84fa94-04c1-424b-9868-57a2d4851a1d" />
    <TestEntry testId="5ae26694-6f52-e109-68db-d05d38929778" executionId="34b83dfe-8000-4f9f-b72b-755d6c886a01" testListId="8c84fa94-04c1-424b-9868-57a2d4851a1d" />
    <TestEntry testId="3aaaf361-7d28-7ec0-ae3b-72c376441ee9" executionId="24f4d5da-1f3d-4caf-946e-9da96a344d31" testListId="8c84fa94-04c1-424b-9868-57a2d4851a1d" />
    <TestEntry testId="862b1205-0f46-f291-1e82-0b1f6890d324" executionId="c8da7571-fd4a-467b-9dea-314cf322f940" testListId="8c84fa94-04c1-424b-9868-57a2d4851a1d" />
    <TestEntry testId="55d20fde-ffb9-3d2b-0fc0-ef7ae9e576dc" executionId="41f28d85-2a83-41f5-ac29-cb70aec63eae" testListId="8c84fa94-04c1-424b-9868-57a2d4851a1d" />
    <TestEntry testId="0d157c2a-191e-dc47-e069-b3c93cc590a8" executionId="4bfaf1be-2ae7-4611-9867-b635ee5b7325" testListId="8c84fa94-04c1-424b-9868-57a2d4851a1d" />
    <TestEntry testId="f47b402c-f152-d427-bbf8-7e1b932a0195" executionId="4a9200ee-1840-4766-9053-73237d5d62c2" testListId="8c84fa94-04c1-424b-9868-57a2d4851a1d" />
    <TestEntry testId="0202443b-5060-e73a-615e-ab7187e6758c" executionId="5abc911e-b8d4-450a-b224-550986d0cfc1" testListId="8c84fa94-04c1-424b-9868-57a2d4851a1d" />
    <TestEntry testId="4cd00e8d-96fc-ed6d-d61f-a78e80db3e00" executionId="35b545e2-4a13-4444-9407-cedac20cfd02" testListId="8c84fa94-04c1-424b-9868-57a2d4851a1d" />
    <TestEntry testId="84a24c47-7e53-5c7c-0b99-e89af11e97fc" executionId="33493303-66f8-49ab-9018-81f148a2bc41" testListId="8c84fa94-04c1-424b-9868-57a2d4851a1d" />
    <TestEntry testId="98b8199f-f239-a68c-231b-1f0d28b80704" executionId="29b9fb93-a519-4597-9ef4-4387f8cbf4f6" testListId="8c84fa94-04c1-424b-9868-57a2d4851a1d" />
    <TestEntry testId="04e7ef16-fa40-8e18-87ae-ef58aac2dbe7" executionId="362e3cab-78c8-4548-aa76-35a6a953e179" testListId="8c84fa94-04c1-424b-9868-57a2d4851a1d" />
    <TestEntry testId="9d96bf0f-417b-54b4-ef04-fe5cb91810ea" executionId="c5de8db3-d5ed-4424-b018-0711c414532d" testListId="8c84fa94-04c1-424b-9868-57a2d4851a1d" />
    <TestEntry testId="fce56732-e586-a731-dcf0-cd066db6bfb8" executionId="6512dab7-9d14-41d2-b14a-732b822b1936" testListId="8c84fa94-04c1-424b-9868-57a2d4851a1d" />
    <TestEntry testId="0fa13100-071a-fbc1-3a41-e23afb73c1d2" executionId="2f40d8b9-745a-49d8-bbaa-1361dcaba10c" testListId="8c84fa94-04c1-424b-9868-57a2d4851a1d" />
    <TestEntry testId="18aab479-7820-fba5-9589-2484b8f11d0c" executionId="d530419c-a590-454c-9786-18ac9ff85c2a" testListId="8c84fa94-04c1-424b-9868-57a2d4851a1d" />
    <TestEntry testId="ff377a46-fed2-2bc0-f0cc-124640a8de3a" executionId="0a271dc0-aa28-410d-886a-26ca617b1d97" testListId="8c84fa94-04c1-424b-9868-57a2d4851a1d" />
    <TestEntry testId="0e5d70de-1f83-6a1c-bf9c-fb789f7d2dbe" executionId="a55f2c7d-8d0e-4dd2-ba16-d57716976a61" testListId="8c84fa94-04c1-424b-9868-57a2d4851a1d" />
    <TestEntry testId="72d378bb-bd65-dd97-9bb1-cde8848f14bc" executionId="9b0f228f-cd93-4c7c-a70f-6f6d4acd4ac8" testListId="8c84fa94-04c1-424b-9868-57a2d4851a1d" />
    <TestEntry testId="e17184b9-2259-de2a-5604-91a29c297d64" executionId="d62b4171-d6a0-4348-b7da-9e282fb1edf6" testListId="8c84fa94-04c1-424b-9868-57a2d4851a1d" />
    <TestEntry testId="e777c9d0-4910-e841-577e-26587d3b89f9" executionId="8cda53e6-7fa0-4754-bd53-47dfd98a8bd1" testListId="8c84fa94-04c1-424b-9868-57a2d4851a1d" />
    <TestEntry testId="321352e9-b41e-359b-56bc-f85e6ae7d263" executionId="30512b4f-53ba-4c96-88c3-1e5d25ea0a57" testListId="8c84fa94-04c1-424b-9868-57a2d4851a1d" />
    <TestEntry testId="ae104e79-f401-170a-8463-bd79669f2a1c" executionId="406ca23d-5aa6-4ac4-aa8e-db4aefccdd02" testListId="8c84fa94-04c1-424b-9868-57a2d4851a1d" />
    <TestEntry testId="9a69434d-8bb2-c6a6-be75-c59def2efc70" executionId="ba25db01-f5e4-415c-bf61-03468e44447a" testListId="8c84fa94-04c1-424b-9868-57a2d4851a1d" />
    <TestEntry testId="3fcdc78c-8283-b74c-50a7-3227f89086ef" executionId="8ab512b5-0115-4e90-b676-48e7e2fffa34" testListId="8c84fa94-04c1-424b-9868-57a2d4851a1d" />
    <TestEntry testId="2e2d8abd-38f2-ddaa-1403-679d24bd152b" executionId="89457212-01a8-4cce-8e20-9c176366a056" testListId="8c84fa94-04c1-424b-9868-57a2d4851a1d" />
    <TestEntry testId="50890bbb-954f-856c-487e-120c38156601" executionId="7658bc48-f308-40e9-8b9f-d77d8d371772" testListId="8c84fa94-04c1-424b-9868-57a2d4851a1d" />
    <TestEntry testId="8ccd13bf-1cb6-ac18-3196-eb635191ab8d" executionId="8fbd7b74-54bc-4cf6-b1aa-d96473679de9" testListId="8c84fa94-04c1-424b-9868-57a2d4851a1d" />
    <TestEntry testId="02b9269b-a6b8-7385-d3f3-e4676aadd3eb" executionId="a7d753d9-0e0b-46a9-8ab3-ad5265acfcd6" testListId="8c84fa94-04c1-424b-9868-57a2d4851a1d" />
    <TestEntry testId="3b0d4449-cf3e-d202-4926-af38940a01a7" executionId="94e8fa22-1076-4d2c-b53e-bc7f49209c48" testListId="8c84fa94-04c1-424b-9868-57a2d4851a1d" />
    <TestEntry testId="c3b8e57c-16e6-2398-1944-9654df4ce1ef" executionId="605f0eb3-d941-4c65-8b65-75b62a621359" testListId="8c84fa94-04c1-424b-9868-57a2d4851a1d" />
    <TestEntry testId="1e3559cf-b03d-3e19-5b2a-dd66f22aa6b4" executionId="e9d782d2-96f1-436a-ab30-f4bf61913bf4" testListId="8c84fa94-04c1-424b-9868-57a2d4851a1d" />
    <TestEntry testId="ecc1f1f5-b386-8fc2-f3a1-ccccd7c4a8d0" executionId="4aa366e0-d3e4-4cec-af4c-d59565082a31" testListId="8c84fa94-04c1-424b-9868-57a2d4851a1d" />
    <TestEntry testId="ffed1fdc-23b6-13e5-34a4-98aa8e29a56d" executionId="029c3d30-2361-49d2-8d10-8bd1f7c6f371" testListId="8c84fa94-04c1-424b-9868-57a2d4851a1d" />
    <TestEntry testId="e6512083-25da-af05-aaab-117dc250a312" executionId="039ca87a-3664-4c5c-b2f7-401885a59bf2" testListId="8c84fa94-04c1-424b-9868-57a2d4851a1d" />
    <TestEntry testId="d21b9405-90b4-67ef-08dd-5aff3ab4b794" executionId="d0a5c0fd-e849-41c2-b3ea-abb44cd47b49" testListId="8c84fa94-04c1-424b-9868-57a2d4851a1d" />
    <TestEntry testId="6f300284-26f5-3c28-8dba-21990bbbd77e" executionId="b3462eb8-3e60-483c-9126-e3febb9eb55f" testListId="8c84fa94-04c1-424b-9868-57a2d4851a1d" />
    <TestEntry testId="33e28730-eeae-ca3f-45f3-efa32c8abbb6" executionId="0be78c4d-3c80-42d1-a49c-1feabca16162" testListId="8c84fa94-04c1-424b-9868-57a2d4851a1d" />
    <TestEntry testId="04562c5b-6742-dcc2-238e-5979ef0f7bea" executionId="ca9dd93b-3e8e-4959-8c8d-f59e70e016ed" testListId="8c84fa94-04c1-424b-9868-57a2d4851a1d" />
    <TestEntry testId="d62fe44c-a91a-905d-7693-1fbd23dce89a" executionId="2a37eeb8-a64a-4147-b102-c90515ee78f3" testListId="8c84fa94-04c1-424b-9868-57a2d4851a1d" />
  </TestEntries>
  <TestLists>
    <TestList name="Results Not in a List" id="8c84fa94-04c1-424b-9868-57a2d4851a1d" />
    <TestList name="All Loaded Results" id="19431567-8539-422a-85d7-44ee4e166bda" />
  </TestLists>
  <ResultSummary outcome="Completed">
    <Counters total="451" executed="450" passed="450" failed="0" error="0" timeout="0" aborted="0" inconclusive="0" passedButRunAborted="0" notRunnable="0" notExecuted="0" disconnected="0" warning="0" completed="0" inProgress="0" pending="0" />
    <Output>
      <StdOut>Test 'ValidateToken_should_throw_when_token_is_null' was skipped in the test run.</StdOut>
    </Output>
  </ResultSummary>
</TestRun>