<?xml version="1.0" encoding="UTF-8"?>
<TestRun id="eab32656-eb89-47b6-b75a-c14788f473fa" name="tfsmladm@TFSBUILD11 2015-09-28 09:46:03" runUser="REDMOND\tfsmladm" xmlns="http://microsoft.com/schemas/VisualStudio/TeamTest/2010">
  <Times creation="2015-09-28T09:46:03.3285887-07:00" queuing="2015-09-28T09:46:03.3285887-07:00" start="2015-09-28T09:46:03.3355913-07:00" finish="2015-09-28T09:46:11.4674961-07:00" />
  <TestSettings name="default" id="53c2039a-14cf-4e78-be2a-d12b5ba45cdf">
    <Execution>
      <TestTypeSpecific />
    </Execution>
    <Deployment runDeploymentRoot="tfsmladm_TFSBUILD11 2015-09-28 09_46_03" />
    <Properties />
  </TestSettings>
  <Results>
    <UnitTestResult executionId="8a0993d8-6e81-40ad-8de2-084a770d338c" testId="80acfc85-f5fe-4c5a-8842-4e15680d3c13" testName="TFSTests.WorkItemTracking.TwoOneOneSectionFormGrid Will draw Two-One-One layout in large mode" computerName="TFSBUILD11" duration="00:00:00.0390000" startTime="2015-09-28T09:46:03.3810872-07:00" endTime="2015-09-28T09:46:03.3810872-07:00" testType="13cdc9d9-ddb5-4fa4-a97d-d965ccfc6d4b" outcome="Passed" testListId="8c84fa94-04c1-424b-9868-57a2d4851a1d" relativeResultsDirectory="8a0993d8-6e81-40ad-8de2-084a770d338c" />
    <UnitTestResult executionId="197f3ed7-946c-411d-a66d-ade5110657f4" testId="4d289927-c571-414d-82b6-390823558eb5" testName="TFSTests.WorkItemTracking.TwoOneOneSectionFormGrid Will draw Two-One-One layout in medium mode" computerName="TFSBUILD11" duration="00:00:00.0190000" startTime="2015-09-28T09:46:03.3922292-07:00" endTime="2015-09-28T09:46:03.3922292-07:00" testType="13cdc9d9-ddb5-4fa4-a97d-d965ccfc6d4b" outcome="Passed" testListId="8c84fa94-04c1-424b-9868-57a2d4851a1d" relativeResultsDirectory="197f3ed7-946c-411d-a66d-ade5110657f4" />
    <UnitTestResult executionId="891c059b-70be-49d5-a734-95586fe94140" testId="c1bacdba-a823-42d0-aa52-ab1fb21d1d5d" testName="TFSTests.WorkItemTracking.TwoOneOneSectionFormGrid Will draw Two-One-One layout in small mode" computerName="TFSBUILD11" duration="00:00:00.0180000" startTime="2015-09-28T09:46:03.3922292-07:00" endTime="2015-09-28T09:46:03.3922292-07:00" testType="13cdc9d9-ddb5-4fa4-a97d-d965ccfc6d4b" outcome="Passed" testListId="8c84fa94-04c1-424b-9868-57a2d4851a1d" relativeResultsDirectory="891c059b-70be-49d5-a734-95586fe94140" />
    <UnitTestResult executionId="a44e2393-14ef-40b2-9db7-c70dd53cfb3c" testId="76152440-12b3-4033-adb4-bad013f4cf2c" testName="TFSTests.WorkItemTracking.ErrorHandling workItemSaveError" computerName="TFSBUILD11" duration="00:00:00.0700000" startTime="2015-09-28T09:46:03.3922292-07:00" endTime="2015-09-28T09:46:03.3922292-07:00" testType="13cdc9d9-ddb5-4fa4-a97d-d965ccfc6d4b" outcome="Passed" testListId="8c84fa94-04c1-424b-9868-57a2d4851a1d" relativeResultsDirectory="a44e2393-14ef-40b2-9db7-c70dd53cfb3c" />
    <UnitTestResult executionId="0771caa9-67c9-4a88-95f4-b821e8f620fa" testId="7a621230-58a1-49d6-895f-d831a113f345" testName="TFSTests.WorkItemTracking.ErrorHandling workItemBatchSaveError" computerName="TFSBUILD11" duration="00:00:01.0180000" startTime="2015-09-28T09:46:03.3922292-07:00" endTime="2015-09-28T09:46:03.3922292-07:00" testType="13cdc9d9-ddb5-4fa4-a97d-d965ccfc6d4b" outcome="Passed" testListId="8c84fa94-04c1-424b-9868-57a2d4851a1d" relativeResultsDirectory="0771caa9-67c9-4a88-95f4-b821e8f620fa" />
    <UnitTestResult executionId="776ffe88-6a27-4cae-a122-e68f0085e5ec" testId="c8612062-aea3-4301-8813-48fb79e314b2" testName="TFSTests.WorkItemTracking.ErrorHandling workItemErrorMethods" computerName="TFSBUILD11" duration="00:00:00.0380000" startTime="2015-09-28T09:46:03.3922292-07:00" endTime="2015-09-28T09:46:03.3922292-07:00" testType="13cdc9d9-ddb5-4fa4-a97d-d965ccfc6d4b" outcome="Passed" testListId="8c84fa94-04c1-424b-9868-57a2d4851a1d" relativeResultsDirectory="776ffe88-6a27-4cae-a122-e68f0085e5ec" />
    <UnitTestResult executionId="bb200442-1779-4ba5-8fce-12eeee330c3b" testId="f26e547a-bc98-4d81-b094-875e82a8c641" testName="TFSTests.WorkItemTracking.Extensions TestGetRevisionReturnsCorrectly" computerName="TFSBUILD11" duration="00:00:00.0280000" startTime="2015-09-28T09:46:03.3932299-07:00" endTime="2015-09-28T09:46:03.3932299-07:00" testType="13cdc9d9-ddb5-4fa4-a97d-d965ccfc6d4b" outcome="Passed" testListId="8c84fa94-04c1-424b-9868-57a2d4851a1d" relativeResultsDirectory="bb200442-1779-4ba5-8fce-12eeee330c3b" />
    <UnitTestResult executionId="bb9c8e5b-e2bd-4513-b742-f73ecbd27608" testId="63ffbd5b-9b4e-41d0-8e4c-fabe9f4a9595" testName="TFSTests.WorkItemTracking.Extensions TestGetRevisionReturnsCorrectly" computerName="TFSBUILD11" duration="00:00:00.0250000" startTime="2015-09-28T09:46:03.3932299-07:00" endTime="2015-09-28T09:46:03.3932299-07:00" testType="13cdc9d9-ddb5-4fa4-a97d-d965ccfc6d4b" outcome="Passed" testListId="8c84fa94-04c1-424b-9868-57a2d4851a1d" relativeResultsDirectory="bb9c8e5b-e2bd-4513-b742-f73ecbd27608" />
    <UnitTestResult executionId="0acf321c-5742-424d-be2e-6e192d07832b" testId="bb75a1ad-ace0-48fe-84d7-36791662b53c" testName="TFSTests.WorkItemTracking.Extensions TestIsNewReturnsCorrectly" computerName="TFSBUILD11" duration="00:00:00.0220000" startTime="2015-09-28T09:46:03.3932299-07:00" endTime="2015-09-28T09:46:03.3932299-07:00" testType="13cdc9d9-ddb5-4fa4-a97d-d965ccfc6d4b" outcome="Passed" testListId="8c84fa94-04c1-424b-9868-57a2d4851a1d" relativeResultsDirectory="0acf321c-5742-424d-be2e-6e192d07832b" />
    <UnitTestResult executionId="8e3fc8b2-2d25-40f5-af23-583ef1541abc" testId="0f48b108-96c3-4bab-8545-881430eb64f2" testName="TFSTests.WorkItemTracking.Extensions TestGetFieldsReturnsCorrectValues" computerName="TFSBUILD11" duration="00:00:00.0260000" startTime="2015-09-28T09:46:03.5784763-07:00" endTime="2015-09-28T09:46:03.5784763-07:00" testType="13cdc9d9-ddb5-4fa4-a97d-d965ccfc6d4b" outcome="Passed" testListId="8c84fa94-04c1-424b-9868-57a2d4851a1d" relativeResultsDirectory="8e3fc8b2-2d25-40f5-af23-583ef1541abc" />
    <UnitTestResult executionId="984a2cb1-ef3a-4d68-a320-1f4ac04b96c9" testId="d95186e6-fc27-4cd8-a4ac-446617f70c4f" testName="TFSTests.WorkItemTracking.Extensions TestGetFieldValue" computerName="TFSBUILD11" duration="00:00:00.0250000" startTime="2015-09-28T09:46:03.5794770-07:00" endTime="2015-09-28T09:46:03.5794770-07:00" testType="13cdc9d9-ddb5-4fa4-a97d-d965ccfc6d4b" outcome="Passed" testListId="8c84fa94-04c1-424b-9868-57a2d4851a1d" relativeResultsDirectory="984a2cb1-ef3a-4d68-a320-1f4ac04b96c9" />
    <UnitTestResult executionId="d429260d-773f-4ac4-a6ea-1df4bcae1d86" testId="388b223b-8a2b-4c84-bc9d-c7265af51483" testName="TFSTests.WorkItemTracking.Extensions TestSetFieldValue" computerName="TFSBUILD11" duration="00:00:00.0290000" startTime="2015-09-28T09:46:03.5794770-07:00" endTime="2015-09-28T09:46:03.5794770-07:00" testType="13cdc9d9-ddb5-4fa4-a97d-d965ccfc6d4b" outcome="Passed" testListId="8c84fa94-04c1-424b-9868-57a2d4851a1d" relativeResultsDirectory="d429260d-773f-4ac4-a6ea-1df4bcae1d86" />
    <UnitTestResult executionId="e1808c79-20f6-40b9-9169-f35bcd6d1653" testId="1ad91893-445b-44bb-a91b-c2c6c882e9e1" testName="TFSTests.WorkItemTracking.Extensions TestIsValidReturnsCorrectly" computerName="TFSBUILD11" duration="00:00:00.0400000" startTime="2015-09-28T09:46:03.5794770-07:00" endTime="2015-09-28T09:46:03.5794770-07:00" testType="13cdc9d9-ddb5-4fa4-a97d-d965ccfc6d4b" outcome="Passed" testListId="8c84fa94-04c1-424b-9868-57a2d4851a1d" relativeResultsDirectory="e1808c79-20f6-40b9-9169-f35bcd6d1653" />
    <UnitTestResult executionId="6a00d756-46fe-4245-8bd0-cbd8914d492c" testId="b368eff6-7049-4518-962f-ffeabf4547cc" testName="TFSTests.WorkItemTracking.Extensions TestHasActiveWorkItem" computerName="TFSBUILD11" duration="00:00:00.0210000" startTime="2015-09-28T09:46:03.5794770-07:00" endTime="2015-09-28T09:46:03.5794770-07:00" testType="13cdc9d9-ddb5-4fa4-a97d-d965ccfc6d4b" outcome="Passed" testListId="8c84fa94-04c1-424b-9868-57a2d4851a1d" relativeResultsDirectory="6a00d756-46fe-4245-8bd0-cbd8914d492c" />
    <UnitTestResult executionId="ad50958d-a46e-42cc-9cc6-a9248ba3ff3c" testId="eab5401e-9b90-4325-bcb1-722d62ac0345" testName="TFSTests.WorkItemTracking.Extensions TestGetResourceUrlReturnsCorrectly" computerName="TFSBUILD11" duration="00:00:00.0250000" startTime="2015-09-28T09:46:03.5794770-07:00" endTime="2015-09-28T09:46:03.5794770-07:00" testType="13cdc9d9-ddb5-4fa4-a97d-d965ccfc6d4b" outcome="Passed" testListId="8c84fa94-04c1-424b-9868-57a2d4851a1d" relativeResultsDirectory="ad50958d-a46e-42cc-9cc6-a9248ba3ff3c" />
    <UnitTestResult executionId="9b9addfe-d66f-459d-a182-c63a755f207d" testId="7694dfe6-a614-4db1-887b-281f866b32f9" testName="TFSTests.WorkItemTracking.Extensions TestGetWorkItemRelationsTypesReturnsCorrectly" computerName="TFSBUILD11" duration="00:00:00.0250000" startTime="2015-09-28T09:46:03.5794770-07:00" endTime="2015-09-28T09:46:03.5794770-07:00" testType="13cdc9d9-ddb5-4fa4-a97d-d965ccfc6d4b" outcome="Passed" testListId="8c84fa94-04c1-424b-9868-57a2d4851a1d" relativeResultsDirectory="9b9addfe-d66f-459d-a182-c63a755f207d" />
    <UnitTestResult executionId="30dcdae9-ae75-4976-824b-f5f89ccb50ef" testId="c7f045c6-4d21-46d4-b57f-1e386d22cf84" testName="TFSTests.WorkItemTracking.Extensions TestAddAndRemoveLinkWorkingCorrectly" computerName="TFSBUILD11" duration="00:00:00.0320000" startTime="2015-09-28T09:46:03.5794770-07:00" endTime="2015-09-28T09:46:03.5794770-07:00" testType="13cdc9d9-ddb5-4fa4-a97d-d965ccfc6d4b" outcome="Passed" testListId="8c84fa94-04c1-424b-9868-57a2d4851a1d" relativeResultsDirectory="30dcdae9-ae75-4976-824b-f5f89ccb50ef" />
    <UnitTestResult executionId="6b102d20-f00e-47fb-8444-ef0f2cb8efd1" testId="e922df35-09a2-4934-a4f3-b991dc288bff" testName="TFSTests.WorkItemTracking.MergeOnSave conflictingEdit" computerName="TFSBUILD11" duration="00:00:00.0700000" startTime="2015-09-28T09:46:03.5794770-07:00" endTime="2015-09-28T09:46:03.5794770-07:00" testType="13cdc9d9-ddb5-4fa4-a97d-d965ccfc6d4b" outcome="Passed" testListId="8c84fa94-04c1-424b-9868-57a2d4851a1d" relativeResultsDirectory="6b102d20-f00e-47fb-8444-ef0f2cb8efd1" />
    <UnitTestResult executionId="6f947b4b-7e36-4437-928b-4a842cca9b7b" testId="49d4d6aa-6d3e-46ba-b9f8-d21875945662" testName="TFSTests.WorkItemTracking.MergeOnSave nonConflictingEdit" computerName="TFSBUILD11" duration="00:00:00.1100000" startTime="2015-09-28T09:46:04.1082328-07:00" endTime="2015-09-28T09:46:04.1082328-07:00" testType="13cdc9d9-ddb5-4fa4-a97d-d965ccfc6d4b" outcome="Passed" testListId="8c84fa94-04c1-424b-9868-57a2d4851a1d" relativeResultsDirectory="6f947b4b-7e36-4437-928b-4a842cca9b7b" />
    <UnitTestResult executionId="9aef7024-a345-43a6-a7bf-066a58c2e5fa" testId="af178f24-02c4-4c11-950f-7d735de5f8f4" testName="TFSTests.WorkItemTracking.MergeOnSave sameUpdateOnClientAndServer" computerName="TFSBUILD11" duration="00:00:00.0900000" startTime="2015-09-28T09:46:04.1082328-07:00" endTime="2015-09-28T09:46:04.1082328-07:00" testType="13cdc9d9-ddb5-4fa4-a97d-d965ccfc6d4b" outcome="Passed" testListId="8c84fa94-04c1-424b-9868-57a2d4851a1d" relativeResultsDirectory="9aef7024-a345-43a6-a7bf-066a58c2e5fa" />
    <UnitTestResult executionId="7403e3d0-b91b-4649-a59e-81ed869e729a" testId="8ac7c8db-8408-4c1f-b047-95155af65d7c" testName="TFSTests.WorkItemTracking.MergeOnSave addedLinkIsMerged" computerName="TFSBUILD11" duration="00:00:00.1030000" startTime="2015-09-28T09:46:04.1082328-07:00" endTime="2015-09-28T09:46:04.1082328-07:00" testType="13cdc9d9-ddb5-4fa4-a97d-d965ccfc6d4b" outcome="Passed" testListId="8c84fa94-04c1-424b-9868-57a2d4851a1d" relativeResultsDirectory="7403e3d0-b91b-4649-a59e-81ed869e729a" />
    <UnitTestResult executionId="59631dfc-3d0f-46ac-b2d1-2c37319dfa69" testId="e769ece0-60e2-4703-a70f-c50ed4e57edc" testName="TFSTests.WorkItemTracking.MergeOnSave deletedLinkIsMerged" computerName="TFSBUILD11" duration="00:00:00.1160000" startTime="2015-09-28T09:46:04.1082328-07:00" endTime="2015-09-28T09:46:04.1082328-07:00" testType="13cdc9d9-ddb5-4fa4-a97d-d965ccfc6d4b" outcome="Passed" testListId="8c84fa94-04c1-424b-9868-57a2d4851a1d" relativeResultsDirectory="59631dfc-3d0f-46ac-b2d1-2c37319dfa69" />
    <UnitTestResult executionId="09043d31-ba92-475f-a104-6e75c631ded6" testId="e469e51c-211c-4403-9f5e-401fc7dbcb14" testName="TFSTests.WorkItemTracking.MergeOnSave evaluateDoesNotResetDirty" computerName="TFSBUILD11" duration="00:00:00.0360000" startTime="2015-09-28T09:46:04.1082328-07:00" endTime="2015-09-28T09:46:04.1082328-07:00" testType="13cdc9d9-ddb5-4fa4-a97d-d965ccfc6d4b" outcome="Passed" testListId="8c84fa94-04c1-424b-9868-57a2d4851a1d" relativeResultsDirectory="09043d31-ba92-475f-a104-6e75c631ded6" />
    <UnitTestResult executionId="b5cfbc10-98b5-449b-9e12-4073fcffd3cd" testId="da6eddc8-d734-4a83-954f-ddade2555e8e" testName="TFSTests.WorkItemTracking.NodeHelpers findByPath_CoreSearchBehavior" computerName="TFSBUILD11" duration="00:00:00.0150000" startTime="2015-09-28T09:46:04.1082328-07:00" endTime="2015-09-28T09:46:04.1082328-07:00" testType="13cdc9d9-ddb5-4fa4-a97d-d965ccfc6d4b" outcome="Passed" testListId="8c84fa94-04c1-424b-9868-57a2d4851a1d" relativeResultsDirectory="b5cfbc10-98b5-449b-9e12-4073fcffd3cd" />
    <UnitTestResult executionId="35205cd7-45fe-41ed-968a-1a2f1fceec4e" testId="0f61221e-f128-4e7f-9ddf-ae0ee8468df9" testName="TFSTests.WorkItemTracking.NodeHelpers findByPath_InputValidation" computerName="TFSBUILD11" duration="00:00:00.0160000" startTime="2015-09-28T09:46:04.1082328-07:00" endTime="2015-09-28T09:46:04.1082328-07:00" testType="13cdc9d9-ddb5-4fa4-a97d-d965ccfc6d4b" outcome="Passed" testListId="8c84fa94-04c1-424b-9868-57a2d4851a1d" relativeResultsDirectory="35205cd7-45fe-41ed-968a-1a2f1fceec4e" />
    <UnitTestResult executionId="35df8106-43cc-4bd5-b781-e9edf80d390a" testId="8df1224b-ba42-409f-b1d0-ccd54c119e88" testName="TFSTests.WorkItemTracking.NodeHelpers findByPath_EdgeCases" computerName="TFSBUILD11" duration="00:00:00.0150000" startTime="2015-09-28T09:46:04.1092343-07:00" endTime="2015-09-28T09:46:04.1092343-07:00" testType="13cdc9d9-ddb5-4fa4-a97d-d965ccfc6d4b" outcome="Passed" testListId="8c84fa94-04c1-424b-9868-57a2d4851a1d" relativeResultsDirectory="35df8106-43cc-4bd5-b781-e9edf80d390a" />
    <UnitTestResult executionId="edd28af7-bb6d-4c99-a883-eb749da47b1e" testId="4a12080e-9102-4fe9-8583-422067c0dfb2" testName="TFSTests.WorkItemTracking.Project workItemNodes" computerName="TFSBUILD11" duration="00:00:00.0290000" startTime="2015-09-28T09:46:04.1092343-07:00" endTime="2015-09-28T09:46:04.1092343-07:00" testType="13cdc9d9-ddb5-4fa4-a97d-d965ccfc6d4b" outcome="Passed" testListId="8c84fa94-04c1-424b-9868-57a2d4851a1d" relativeResultsDirectory="edd28af7-bb6d-4c99-a883-eb749da47b1e" />
    <UnitTestResult executionId="61cf4604-635b-4a06-bb62-375b11375d48" testId="c9441464-94bf-4698-a37b-922d59b6b1a9" testName="TFSTests.WorkItemTracking.Project beginGetWorkItemTypes_NoCachingForAll" computerName="TFSBUILD11" duration="00:00:00.0300000" startTime="2015-09-28T09:46:04.3112803-07:00" endTime="2015-09-28T09:46:04.3112803-07:00" testType="13cdc9d9-ddb5-4fa4-a97d-d965ccfc6d4b" outcome="Passed" testListId="8c84fa94-04c1-424b-9868-57a2d4851a1d" relativeResultsDirectory="61cf4604-635b-4a06-bb62-375b11375d48" />
    <UnitTestResult executionId="e82e4163-b388-4ebe-9fad-5f8c93500208" testId="b5e966c9-2306-48aa-b10a-2c2d6927ab50" testName="TFSTests.WorkItemTracking.Project beginGetWorkItemTypes_AllCached" computerName="TFSBUILD11" duration="00:00:00.0180000" startTime="2015-09-28T09:46:04.3112803-07:00" endTime="2015-09-28T09:46:04.3112803-07:00" testType="13cdc9d9-ddb5-4fa4-a97d-d965ccfc6d4b" outcome="Passed" testListId="8c84fa94-04c1-424b-9868-57a2d4851a1d" relativeResultsDirectory="e82e4163-b388-4ebe-9fad-5f8c93500208" />
    <UnitTestResult executionId="355888b1-d3a9-4eb7-89d2-b9b3eb0ace5f" testId="79bcc0d7-2cda-46f4-9e5e-30f86ec5f4d6" testName="TFSTests.WorkItemTracking.Project beginGetWorkItemTypes_AllPending" computerName="TFSBUILD11" duration="00:00:00.0180000" startTime="2015-09-28T09:46:04.3112803-07:00" endTime="2015-09-28T09:46:04.3112803-07:00" testType="13cdc9d9-ddb5-4fa4-a97d-d965ccfc6d4b" outcome="Passed" testListId="8c84fa94-04c1-424b-9868-57a2d4851a1d" relativeResultsDirectory="355888b1-d3a9-4eb7-89d2-b9b3eb0ace5f" />
    <UnitTestResult executionId="07f1559c-9fdb-4dfd-b399-2f878dc6ac3e" testId="2178f5b8-95f6-49ea-beff-4776f4314a74" testName="TFSTests.WorkItemTracking.Project beginGetWorkItemTypes_OnePendingOneCached" computerName="TFSBUILD11" duration="00:00:00.0280000" startTime="2015-09-28T09:46:04.3112803-07:00" endTime="2015-09-28T09:46:04.3112803-07:00" testType="13cdc9d9-ddb5-4fa4-a97d-d965ccfc6d4b" outcome="Passed" testListId="8c84fa94-04c1-424b-9868-57a2d4851a1d" relativeResultsDirectory="07f1559c-9fdb-4dfd-b399-2f878dc6ac3e" />
    <UnitTestResult executionId="3134aede-a4b7-484b-bc8a-a80c9ed19b00" testId="e168fb2a-531a-4d7d-8a02-cc0d81b7d4c0" testName="TFSTests.WorkItemTracking.Project beginGetWorkItemTypes_OneNewOnePending" computerName="TFSBUILD11" duration="00:00:00.0290000" startTime="2015-09-28T09:46:04.3122807-07:00" endTime="2015-09-28T09:46:04.3122807-07:00" testType="13cdc9d9-ddb5-4fa4-a97d-d965ccfc6d4b" outcome="Passed" testListId="8c84fa94-04c1-424b-9868-57a2d4851a1d" relativeResultsDirectory="3134aede-a4b7-484b-bc8a-a80c9ed19b00" />
    <UnitTestResult executionId="60bad689-6478-4448-975e-93247df41635" testId="1a6da2ab-643d-4e31-b3c1-d9ae1d9dd81f" testName="TFSTests.WorkItemTracking.Project beginGetWorkItemTypes_OneNewOneCached" computerName="TFSBUILD11" duration="00:00:00.0200000" startTime="2015-09-28T09:46:04.3122807-07:00" endTime="2015-09-28T09:46:04.3122807-07:00" testType="13cdc9d9-ddb5-4fa4-a97d-d965ccfc6d4b" outcome="Passed" testListId="8c84fa94-04c1-424b-9868-57a2d4851a1d" relativeResultsDirectory="60bad689-6478-4448-975e-93247df41635" />
    <UnitTestResult executionId="4c323838-c988-491a-8800-b1339f7eec11" testId="64897c0f-7350-4469-89e3-fa1bd8217b4b" testName="TFSTests.WorkItemTracking.Project beginGetWorkItemTypes_OneNewOnePendingOneCached" computerName="TFSBUILD11" duration="00:00:00.0200000" startTime="2015-09-28T09:46:04.3122807-07:00" endTime="2015-09-28T09:46:04.3122807-07:00" testType="13cdc9d9-ddb5-4fa4-a97d-d965ccfc6d4b" outcome="Passed" testListId="8c84fa94-04c1-424b-9868-57a2d4851a1d" relativeResultsDirectory="4c323838-c988-491a-8800-b1339f7eec11" />
    <UnitTestResult executionId="7b45b1d1-1e1a-436f-90ed-78cc19f80799" testId="db171cf4-2c22-4952-85d4-42d11a28d346" testName="TFSTests.WorkItemTracking.Project beginGetWorkItemTypes_throttle" computerName="TFSBUILD11" duration="00:00:00.0190000" startTime="2015-09-28T09:46:04.3122807-07:00" endTime="2015-09-28T09:46:04.3122807-07:00" testType="13cdc9d9-ddb5-4fa4-a97d-d965ccfc6d4b" outcome="Passed" testListId="8c84fa94-04c1-424b-9868-57a2d4851a1d" relativeResultsDirectory="7b45b1d1-1e1a-436f-90ed-78cc19f80799" />
    <UnitTestResult executionId="78708b08-efde-4f72-87a3-bef3bf87470d" testId="ece4d35c-4b5c-40af-a1cc-913cc14726f2" testName="TFSTests.WorkItemTracking.Project beginGetWorkItemTypes_ExceedMaxLimit" computerName="TFSBUILD11" duration="00:00:00.0190000" startTime="2015-09-28T09:46:04.3122807-07:00" endTime="2015-09-28T09:46:04.3122807-07:00" testType="13cdc9d9-ddb5-4fa4-a97d-d965ccfc6d4b" outcome="Passed" testListId="8c84fa94-04c1-424b-9868-57a2d4851a1d" relativeResultsDirectory="78708b08-efde-4f72-87a3-bef3bf87470d" />
    <UnitTestResult executionId="f4cf5c32-dfeb-41af-be34-fe545260f4be" testId="5b6b2141-32e8-450d-af0e-3ca6065ba65b" testName="TFSTests.WorkItemTracking.QueryAdapter Test_generateFilterExpressionWithEmptyTeamProject" computerName="TFSBUILD11" duration="00:00:00.0200000" startTime="2015-09-28T09:46:04.4599801-07:00" endTime="2015-09-28T09:46:04.4599801-07:00" testType="13cdc9d9-ddb5-4fa4-a97d-d965ccfc6d4b" outcome="Passed" testListId="8c84fa94-04c1-424b-9868-57a2d4851a1d" relativeResultsDirectory="f4cf5c32-dfeb-41af-be34-fe545260f4be" />
    <UnitTestResult executionId="11a957f5-c5de-4095-b3d1-10e4cd5773a3" testId="3d0cd21a-55f9-4a5d-ac8f-491d4788cd00" testName="TFSTests.WorkItemTracking.QueryAdapter Test_generateFilterExpressionWithTeamProjectMacro" computerName="TFSBUILD11" duration="00:00:00.0170000" startTime="2015-09-28T09:46:04.4599801-07:00" endTime="2015-09-28T09:46:04.4599801-07:00" testType="13cdc9d9-ddb5-4fa4-a97d-d965ccfc6d4b" outcome="Passed" testListId="8c84fa94-04c1-424b-9868-57a2d4851a1d" relativeResultsDirectory="11a957f5-c5de-4095-b3d1-10e4cd5773a3" />
    <UnitTestResult executionId="a790afa4-6c62-4210-b3ae-66189fabf26b" testId="6450f70d-010b-40ff-abf8-678dcbebf41a" testName="TFSTests.WorkItemTracking.QueryAdapter Test_generateFilterExpressionWithTeamProjectAndPrefix" computerName="TFSBUILD11" duration="00:00:00.0160000" startTime="2015-09-28T09:46:04.4599801-07:00" endTime="2015-09-28T09:46:04.4599801-07:00" testType="13cdc9d9-ddb5-4fa4-a97d-d965ccfc6d4b" outcome="Passed" testListId="8c84fa94-04c1-424b-9868-57a2d4851a1d" relativeResultsDirectory="a790afa4-6c62-4210-b3ae-66189fabf26b" />
    <UnitTestResult executionId="23595825-5de6-4cc7-b486-6fa8eb9bf1f9" testId="4280012b-aee0-49fd-98b0-c392c96cd7e1" testName="TFSTests.WorkItemTracking.QueryAdapter Test_generateFilterExpressionWithTopLevelOrsWithoutTeamProject" computerName="TFSBUILD11" duration="00:00:00.0150000" startTime="2015-09-28T09:46:04.4599801-07:00" endTime="2015-09-28T09:46:04.4599801-07:00" testType="13cdc9d9-ddb5-4fa4-a97d-d965ccfc6d4b" outcome="Passed" testListId="8c84fa94-04c1-424b-9868-57a2d4851a1d" relativeResultsDirectory="23595825-5de6-4cc7-b486-6fa8eb9bf1f9" />
    <UnitTestResult executionId="713beab2-05b3-4ad2-85f6-6cb6384e70d4" testId="fba6165d-7b66-4421-b2fc-81c956af9b59" testName="TFSTests.WorkItemTracking.QueryAdapter Test_generateFilterExpressionWithTopLevelOrs" computerName="TFSBUILD11" duration="00:00:00.0160000" startTime="2015-09-28T09:46:04.4599801-07:00" endTime="2015-09-28T09:46:04.4599801-07:00" testType="13cdc9d9-ddb5-4fa4-a97d-d965ccfc6d4b" outcome="Passed" testListId="8c84fa94-04c1-424b-9868-57a2d4851a1d" relativeResultsDirectory="713beab2-05b3-4ad2-85f6-6cb6384e70d4" />
    <UnitTestResult executionId="45024495-d74c-45c8-8350-bccb2e99ad73" testId="54bd1d9f-83de-4ee2-8677-0c91f3162272" testName="TFSTests.WorkItemTracking.QueryAdapter Test_generateFilterExpressionWithTopLevelMultiGroupOr" computerName="TFSBUILD11" duration="00:00:00.0160000" startTime="2015-09-28T09:46:04.4599801-07:00" endTime="2015-09-28T09:46:04.4599801-07:00" testType="13cdc9d9-ddb5-4fa4-a97d-d965ccfc6d4b" outcome="Passed" testListId="8c84fa94-04c1-424b-9868-57a2d4851a1d" relativeResultsDirectory="45024495-d74c-45c8-8350-bccb2e99ad73" />
    <UnitTestResult executionId="2dc3629f-419f-4c73-9dc5-f4fe62f80d56" testId="4f098c6d-813a-45f4-bcb1-256a2d8c677d" testName="TFSTests.WorkItemTracking.QueryAdapter Test_generateFilterExpressionWithTopLevelMultiGroupAnds" computerName="TFSBUILD11" duration="00:00:00.0160000" startTime="2015-09-28T09:46:04.4599801-07:00" endTime="2015-09-28T09:46:04.4599801-07:00" testType="13cdc9d9-ddb5-4fa4-a97d-d965ccfc6d4b" outcome="Passed" testListId="8c84fa94-04c1-424b-9868-57a2d4851a1d" relativeResultsDirectory="2dc3629f-419f-4c73-9dc5-f4fe62f80d56" />
    <UnitTestResult executionId="8e5804ac-c78d-4163-a22d-80384b6934c6" testId="92dd0636-1294-452d-b49c-7253e922e487" testName="TFSTests.WorkItemTracking.QueryAdapter Test_isTopLevelAndsOnlyEmptyClauses" computerName="TFSBUILD11" duration="00:00:00.0140000" startTime="2015-09-28T09:46:04.4599801-07:00" endTime="2015-09-28T09:46:04.4599801-07:00" testType="13cdc9d9-ddb5-4fa4-a97d-d965ccfc6d4b" outcome="Passed" testListId="8c84fa94-04c1-424b-9868-57a2d4851a1d" relativeResultsDirectory="8e5804ac-c78d-4163-a22d-80384b6934c6" />
    <UnitTestResult executionId="b38c6e6d-a96f-40d0-bf31-fd069332f039" testId="d663c326-7934-42a1-a5c1-0aff36745533" testName="TFSTests.WorkItemTracking.QueryAdapter Test_isTopLevelAndsOnlyNullClauses" computerName="TFSBUILD11" duration="00:00:00.0140000" startTime="2015-09-28T09:46:04.4599801-07:00" endTime="2015-09-28T09:46:04.4599801-07:00" testType="13cdc9d9-ddb5-4fa4-a97d-d965ccfc6d4b" outcome="Passed" testListId="8c84fa94-04c1-424b-9868-57a2d4851a1d" relativeResultsDirectory="b38c6e6d-a96f-40d0-bf31-fd069332f039" />
    <UnitTestResult executionId="a0c03800-282c-4f93-a83a-e896fa0794e8" testId="a7d94fff-f202-4bfd-b761-172290db0655" testName="TFSTests.WorkItemTracking.QueryAdapter Test_isTopLevelAndsOnlyTopLevelOr" computerName="TFSBUILD11" duration="00:00:00.0150000" startTime="2015-09-28T09:46:04.5990364-07:00" endTime="2015-09-28T09:46:04.5990364-07:00" testType="13cdc9d9-ddb5-4fa4-a97d-d965ccfc6d4b" outcome="Passed" testListId="8c84fa94-04c1-424b-9868-57a2d4851a1d" relativeResultsDirectory="a0c03800-282c-4f93-a83a-e896fa0794e8" />
    <UnitTestResult executionId="adaaa74c-5354-4941-aaff-202c0c44182f" testId="d20e31ac-3332-4fb1-a9a0-6a6b624d1583" testName="TFSTests.WorkItemTracking.QueryAdapter Test_isTopLevelAndsOnlyTopLevelAnd" computerName="TFSBUILD11" duration="00:00:00.0160000" startTime="2015-09-28T09:46:04.5990364-07:00" endTime="2015-09-28T09:46:04.5990364-07:00" testType="13cdc9d9-ddb5-4fa4-a97d-d965ccfc6d4b" outcome="Passed" testListId="8c84fa94-04c1-424b-9868-57a2d4851a1d" relativeResultsDirectory="adaaa74c-5354-4941-aaff-202c0c44182f" />
    <UnitTestResult executionId="ad984f8d-0dba-464c-87d1-2707e149ae09" testId="ec202c0b-d877-41f7-8340-147ed4780dc3" testName="TFSTests.WorkItemTracking.QueryAdapter Test_isTopLevelAndsOnlyTopLevelWithGroupedOr" computerName="TFSBUILD11" duration="00:00:00.0150000" startTime="2015-09-28T09:46:04.5990364-07:00" endTime="2015-09-28T09:46:04.5990364-07:00" testType="13cdc9d9-ddb5-4fa4-a97d-d965ccfc6d4b" outcome="Passed" testListId="8c84fa94-04c1-424b-9868-57a2d4851a1d" relativeResultsDirectory="ad984f8d-0dba-464c-87d1-2707e149ae09" />
    <UnitTestResult executionId="22a21f78-e84d-4389-a91f-26a753494ad4" testId="4dfa4e29-6315-4db2-b5d4-f1d7369fbca4" testName="TFSTests.WorkItemTracking.QueryAdapter Test_isTopLevelAndsOnlyTopLevelWithGroupedOrAsFirstClause" computerName="TFSBUILD11" duration="00:00:00.0150000" startTime="2015-09-28T09:46:04.5990364-07:00" endTime="2015-09-28T09:46:04.5990364-07:00" testType="13cdc9d9-ddb5-4fa4-a97d-d965ccfc6d4b" outcome="Passed" testListId="8c84fa94-04c1-424b-9868-57a2d4851a1d" relativeResultsDirectory="22a21f78-e84d-4389-a91f-26a753494ad4" />
    <UnitTestResult executionId="43e38a5e-1195-433a-9b12-dd9a98fc75be" testId="11824cdb-281a-45ff-b2e4-beb50dcc8263" testName="TFSTests.WorkItemTracking.QueryAdapter Test_isTopLevelAndsOnlyTopLevelWithGroupedOrAsFirstClauseMultiNesting" computerName="TFSBUILD11" duration="00:00:00.0150000" startTime="2015-09-28T09:46:04.5990364-07:00" endTime="2015-09-28T09:46:04.5990364-07:00" testType="13cdc9d9-ddb5-4fa4-a97d-d965ccfc6d4b" outcome="Passed" testListId="8c84fa94-04c1-424b-9868-57a2d4851a1d" relativeResultsDirectory="43e38a5e-1195-433a-9b12-dd9a98fc75be" />
    <UnitTestResult executionId="1ca441fc-0e3f-498d-95d8-f3d1a916dbfa" testId="663f5e78-3460-4287-854f-a153f11fe8f2" testName="TFSTests.WorkItemTracking.QueryAdapter Test_isTopLevelAndsOnlyTopLevelWithGroupedAndAsFirstClauseMultiNesting" computerName="TFSBUILD11" duration="00:00:00.0150000" startTime="2015-09-28T09:46:04.5990364-07:00" endTime="2015-09-28T09:46:04.5990364-07:00" testType="13cdc9d9-ddb5-4fa4-a97d-d965ccfc6d4b" outcome="Passed" testListId="8c84fa94-04c1-424b-9868-57a2d4851a1d" relativeResultsDirectory="1ca441fc-0e3f-498d-95d8-f3d1a916dbfa" />
    <UnitTestResult executionId="34316f88-f7d3-4310-90f0-1dd6c6294c8f" testId="1b009281-b792-4b7a-bde5-8aee565c8893" testName="TFSTests.WorkItemTracking.QueryAdapter Test_isProjectInTopLevelAndAllAndsNullParameters" computerName="TFSBUILD11" duration="00:00:00.0160000" startTime="2015-09-28T09:46:04.6000365-07:00" endTime="2015-09-28T09:46:04.6000365-07:00" testType="13cdc9d9-ddb5-4fa4-a97d-d965ccfc6d4b" outcome="Passed" testListId="8c84fa94-04c1-424b-9868-57a2d4851a1d" relativeResultsDirectory="34316f88-f7d3-4310-90f0-1dd6c6294c8f" />
    <UnitTestResult executionId="56b86219-911e-44c7-bb20-70afdaeb4e05" testId="9ba5db2b-e014-4b74-bc28-f9050e7c7eb3" testName="TFSTests.WorkItemTracking.QueryAdapter Test_isProjectInTopLevelAndAllAndsNoTeamProjectClause" computerName="TFSBUILD11" duration="00:00:00.0160000" startTime="2015-09-28T09:46:04.6000365-07:00" endTime="2015-09-28T09:46:04.6000365-07:00" testType="13cdc9d9-ddb5-4fa4-a97d-d965ccfc6d4b" outcome="Passed" testListId="8c84fa94-04c1-424b-9868-57a2d4851a1d" relativeResultsDirectory="56b86219-911e-44c7-bb20-70afdaeb4e05" />
    <UnitTestResult executionId="b7b3c0b3-d935-4dea-8360-8779c59d2660" testId="0c08fb02-01a3-4076-b787-cbd291890208" testName="TFSTests.WorkItemTracking.QueryAdapter Test_isProjectInTopLevelAndAllAndsTeamProjectMacroClause" computerName="TFSBUILD11" duration="00:00:00.0150000" startTime="2015-09-28T09:46:04.6000365-07:00" endTime="2015-09-28T09:46:04.6000365-07:00" testType="13cdc9d9-ddb5-4fa4-a97d-d965ccfc6d4b" outcome="Passed" testListId="8c84fa94-04c1-424b-9868-57a2d4851a1d" relativeResultsDirectory="b7b3c0b3-d935-4dea-8360-8779c59d2660" />
    <UnitTestResult executionId="6383c194-fec3-4ad3-91a4-b806f580715d" testId="24b3efe4-ce22-43d0-b760-fb6aa6ca19cd" testName="TFSTests.WorkItemTracking.QueryAdapter Test_isProjectInTopLevelAndAllAndsSpecificTeamProjectClause" computerName="TFSBUILD11" duration="00:00:00.0160000" startTime="2015-09-28T09:46:05.8746930-07:00" endTime="2015-09-28T09:46:05.8746930-07:00" testType="13cdc9d9-ddb5-4fa4-a97d-d965ccfc6d4b" outcome="Passed" testListId="8c84fa94-04c1-424b-9868-57a2d4851a1d" relativeResultsDirectory="6383c194-fec3-4ad3-91a4-b806f580715d" />
    <UnitTestResult executionId="283f97eb-4fa7-4d1e-bc8e-8af806e15a45" testId="f668a035-2635-4807-80bd-cdfb313df0e1" testName="TFSTests.WorkItemTracking.QueryAdapter Test_isProjectInTopLevelAndAllAndsSpecificTeamProjectClauseMismatch" computerName="TFSBUILD11" duration="00:00:00.0160000" startTime="2015-09-28T09:46:05.8746930-07:00" endTime="2015-09-28T09:46:05.8746930-07:00" testType="13cdc9d9-ddb5-4fa4-a97d-d965ccfc6d4b" outcome="Passed" testListId="8c84fa94-04c1-424b-9868-57a2d4851a1d" relativeResultsDirectory="283f97eb-4fa7-4d1e-bc8e-8af806e15a45" />
    <UnitTestResult executionId="62e637b0-1149-42de-93a0-a022edb037d5" testId="f55c55b9-28bc-4088-be40-76809a28764c" testName="TFSTests.WorkItemTracking.QueryAdapter Test_isProjectInTopLevelAndAllAndsWithTopLevelOrCondition" computerName="TFSBUILD11" duration="00:00:00.0160000" startTime="2015-09-28T09:46:05.8746930-07:00" endTime="2015-09-28T09:46:05.8746930-07:00" testType="13cdc9d9-ddb5-4fa4-a97d-d965ccfc6d4b" outcome="Passed" testListId="8c84fa94-04c1-424b-9868-57a2d4851a1d" relativeResultsDirectory="62e637b0-1149-42de-93a0-a022edb037d5" />
    <UnitTestResult executionId="39c4a9db-3f13-4d79-b914-761295e03cbe" testId="218e5fcc-b527-4f7e-a40e-8894e93912ed" testName="TFSTests.WorkItemTracking.QueryAdapter Test_isProjectInTopLevelAndAllAndsWithNestedOrCondition" computerName="TFSBUILD11" duration="00:00:00.0160000" startTime="2015-09-28T09:46:05.8746930-07:00" endTime="2015-09-28T09:46:05.8746930-07:00" testType="13cdc9d9-ddb5-4fa4-a97d-d965ccfc6d4b" outcome="Passed" testListId="8c84fa94-04c1-424b-9868-57a2d4851a1d" relativeResultsDirectory="39c4a9db-3f13-4d79-b914-761295e03cbe" />
    <UnitTestResult executionId="9df0b67b-362f-4028-a75e-67d81d7415d9" testId="556b0cde-6aa3-4455-b601-6b5a546343a5" testName="TFSTests.WorkItemTracking.QueryAdapter Test_isProjectInTopLevelAndAllAndsWithInequalityOperator" computerName="TFSBUILD11" duration="00:00:00.0160000" startTime="2015-09-28T09:46:05.8746930-07:00" endTime="2015-09-28T09:46:05.8746930-07:00" testType="13cdc9d9-ddb5-4fa4-a97d-d965ccfc6d4b" outcome="Passed" testListId="8c84fa94-04c1-424b-9868-57a2d4851a1d" relativeResultsDirectory="9df0b67b-362f-4028-a75e-67d81d7415d9" />
    <UnitTestResult executionId="6e48dd59-3b8b-4a47-9ad9-ad2808997170" testId="84292370-9c80-4c79-b486-33fcefc3cdbb" testName="TFSTests.WorkItemTracking.QueryHierarchy queryHierarchyMapping" computerName="TFSBUILD11" duration="00:00:00.0170000" startTime="2015-09-28T09:46:05.8756934-07:00" endTime="2015-09-28T09:46:05.8756934-07:00" testType="13cdc9d9-ddb5-4fa4-a97d-d965ccfc6d4b" outcome="Passed" testListId="8c84fa94-04c1-424b-9868-57a2d4851a1d" relativeResultsDirectory="6e48dd59-3b8b-4a47-9ad9-ad2808997170" />
    <UnitTestResult executionId="29f37c11-1720-45da-98c7-f7096e803a92" testId="c29816db-b697-4f85-9277-ef8d6b7b1fa1" testName="TFSTests.WorkItemTracking.QueryHierarchy queryHierarchyUpdate" computerName="TFSBUILD11" duration="00:00:00.0150000" startTime="2015-09-28T09:46:05.8756934-07:00" endTime="2015-09-28T09:46:05.8756934-07:00" testType="13cdc9d9-ddb5-4fa4-a97d-d965ccfc6d4b" outcome="Passed" testListId="8c84fa94-04c1-424b-9868-57a2d4851a1d" relativeResultsDirectory="29f37c11-1720-45da-98c7-f7096e803a92" />
    <UnitTestResult executionId="91c6482e-281c-4156-84c6-03efdc63854c" testId="df0fa3bf-76f2-475c-99e9-7d1ef602e084" testName="TFSTests.WorkItemTracking.QueryHierarchy queryHierarchyBeginFindByPath" computerName="TFSBUILD11" duration="00:00:00.4910000" startTime="2015-09-28T09:46:05.8756934-07:00" endTime="2015-09-28T09:46:05.8756934-07:00" testType="13cdc9d9-ddb5-4fa4-a97d-d965ccfc6d4b" outcome="Passed" testListId="8c84fa94-04c1-424b-9868-57a2d4851a1d" relativeResultsDirectory="91c6482e-281c-4156-84c6-03efdc63854c" />
    <UnitTestResult executionId="c349075e-ae48-496f-b9c4-8be82610c6c6" testId="2d910a1d-a2cf-46e9-a1bc-0bbb00180f22" testName="TFSTests.WorkItemTracking.QueryHierarchy queryHierarchyBeginFindByPathLeafItemOnly" computerName="TFSBUILD11" duration="00:00:00.4960000" startTime="2015-09-28T09:46:05.8756934-07:00" endTime="2015-09-28T09:46:05.8756934-07:00" testType="13cdc9d9-ddb5-4fa4-a97d-d965ccfc6d4b" outcome="Passed" testListId="8c84fa94-04c1-424b-9868-57a2d4851a1d" relativeResultsDirectory="c349075e-ae48-496f-b9c4-8be82610c6c6" />
    <UnitTestResult executionId="b12b389b-c0a3-49bf-aa0a-e390eca76192" testId="00453e1b-1e1b-498a-9c48-1cefc563abcf" testName="TFSTests.WorkItemTracking.RuleEngine ruleEngine.requiredTest" computerName="TFSBUILD11" duration="00:00:00.0270000" startTime="2015-09-28T09:46:06.0229889-07:00" endTime="2015-09-28T09:46:06.0229889-07:00" testType="13cdc9d9-ddb5-4fa4-a97d-d965ccfc6d4b" outcome="Passed" testListId="8c84fa94-04c1-424b-9868-57a2d4851a1d" relativeResultsDirectory="b12b389b-c0a3-49bf-aa0a-e390eca76192" />
    <UnitTestResult executionId="3d2d87bd-c283-4c8d-a418-5dc9d91600c4" testId="0ae61ab8-b684-438c-aa6b-34d2af79c0e9" testName="TFSTests.WorkItemTracking.RuleEngine ruleEngine.setByRuleTest" computerName="TFSBUILD11" duration="00:00:00.0370000" startTime="2015-09-28T09:46:06.0229889-07:00" endTime="2015-09-28T09:46:06.0229889-07:00" testType="13cdc9d9-ddb5-4fa4-a97d-d965ccfc6d4b" outcome="Passed" testListId="8c84fa94-04c1-424b-9868-57a2d4851a1d" relativeResultsDirectory="3d2d87bd-c283-4c8d-a418-5dc9d91600c4" />
    <UnitTestResult executionId="17c525fc-0010-4989-a44d-6c6c7ac08ea6" testId="4792d62d-37c3-4918-8262-16b47642c42b" testName="TFSTests.WorkItemTracking.RuleEngine ruleEngine.setByComputedRuleTest" computerName="TFSBUILD11" duration="00:00:00.0240000" startTime="2015-09-28T09:46:06.0229889-07:00" endTime="2015-09-28T09:46:06.0229889-07:00" testType="13cdc9d9-ddb5-4fa4-a97d-d965ccfc6d4b" outcome="Passed" testListId="8c84fa94-04c1-424b-9868-57a2d4851a1d" relativeResultsDirectory="17c525fc-0010-4989-a44d-6c6c7ac08ea6" />
    <UnitTestResult executionId="b8c48cc7-39ff-49e2-a9a0-c6e053941a76" testId="e5ccc6bc-d9b9-4e18-acb1-4df23f189ae6" testName="TFSTests.WorkItemTracking.RuleEngine ruleEngine.readOnlyRuleTest" computerName="TFSBUILD11" duration="00:00:00.0320000" startTime="2015-09-28T09:46:06.0229889-07:00" endTime="2015-09-28T09:46:06.0229889-07:00" testType="13cdc9d9-ddb5-4fa4-a97d-d965ccfc6d4b" outcome="Passed" testListId="8c84fa94-04c1-424b-9868-57a2d4851a1d" relativeResultsDirectory="b8c48cc7-39ff-49e2-a9a0-c6e053941a76" />
    <UnitTestResult executionId="db063285-90a7-4268-8079-fb9051dfa6fb" testId="7108d28e-1fe7-46c7-9c86-65632ecd4f38" testName="TFSTests.WorkItemTracking.RuleEngine ruleEngine.whenWasRuleTest" computerName="TFSBUILD11" duration="00:00:00.0220000" startTime="2015-09-28T09:46:06.0229889-07:00" endTime="2015-09-28T09:46:06.0229889-07:00" testType="13cdc9d9-ddb5-4fa4-a97d-d965ccfc6d4b" outcome="Passed" testListId="8c84fa94-04c1-424b-9868-57a2d4851a1d" relativeResultsDirectory="db063285-90a7-4268-8079-fb9051dfa6fb" />
    <UnitTestResult executionId="0c8127d0-b2fa-4ac7-ab90-ec9fe8a7214c" testId="3fc8d57d-2e01-4677-9cf6-66aa399a5d5c" testName="TFSTests.WorkItemTracking.RuleEngine ruleEngine.valuesSuggestedTest" computerName="TFSBUILD11" duration="00:00:00.0240000" startTime="2015-09-28T09:46:06.0229889-07:00" endTime="2015-09-28T09:46:06.0229889-07:00" testType="13cdc9d9-ddb5-4fa4-a97d-d965ccfc6d4b" outcome="Passed" testListId="8c84fa94-04c1-424b-9868-57a2d4851a1d" relativeResultsDirectory="0c8127d0-b2fa-4ac7-ab90-ec9fe8a7214c" />
    <UnitTestResult executionId="54aa084b-2570-4511-a0b4-b0113d47cecc" testId="c4706ac7-1d49-47a4-9f0c-1f413a9df91b" testName="TFSTests.WorkItemTracking.RuleEngine ruleEngine.allowedValueTest" computerName="TFSBUILD11" duration="00:00:00.0240000" startTime="2015-09-28T09:46:06.0229889-07:00" endTime="2015-09-28T09:46:06.0229889-07:00" testType="13cdc9d9-ddb5-4fa4-a97d-d965ccfc6d4b" outcome="Passed" testListId="8c84fa94-04c1-424b-9868-57a2d4851a1d" relativeResultsDirectory="54aa084b-2570-4511-a0b4-b0113d47cecc" />
    <UnitTestResult executionId="d0d6010c-983c-4b7e-b9e4-3102dcb528c4" testId="ade4dc77-539b-4109-9736-b36446ca94f5" testName="TFSTests.WorkItemTracking.RuleEngine ruleEngine.triggerFieldsTest" computerName="TFSBUILD11" duration="00:00:00.0200000" startTime="2015-09-28T09:46:06.0229889-07:00" endTime="2015-09-28T09:46:06.0229889-07:00" testType="13cdc9d9-ddb5-4fa4-a97d-d965ccfc6d4b" outcome="Passed" testListId="8c84fa94-04c1-424b-9868-57a2d4851a1d" relativeResultsDirectory="d0d6010c-983c-4b7e-b9e4-3102dcb528c4" />
    <UnitTestResult executionId="15738d05-9357-4328-9ee3-957a6865e625" testId="dd01f41b-c517-4871-972c-0a46382f8317" testName="TFSTests.WorkItemTracking.RuleEngine ruleEngine.frozenTest" computerName="TFSBUILD11" duration="00:00:00.0220000" startTime="2015-09-28T09:46:06.0229889-07:00" endTime="2015-09-28T09:46:06.0229889-07:00" testType="13cdc9d9-ddb5-4fa4-a97d-d965ccfc6d4b" outcome="Passed" testListId="8c84fa94-04c1-424b-9868-57a2d4851a1d" relativeResultsDirectory="15738d05-9357-4328-9ee3-957a6865e625" />
    <UnitTestResult executionId="ba85fb2a-8af0-4dc0-bdf3-bf5f843c6a55" testId="92cf97c9-ae79-47ff-bfea-44faf2d8e129" testName="TFSTests.WorkItemTracking.RuleEngine ruleEngine.canNotLoseValueTest" computerName="TFSBUILD11" duration="00:00:00.0250000" startTime="2015-09-28T09:46:07.5356595-07:00" endTime="2015-09-28T09:46:07.5356595-07:00" testType="13cdc9d9-ddb5-4fa4-a97d-d965ccfc6d4b" outcome="Passed" testListId="8c84fa94-04c1-424b-9868-57a2d4851a1d" relativeResultsDirectory="ba85fb2a-8af0-4dc0-bdf3-bf5f843c6a55" />
    <UnitTestResult executionId="31026370-388a-4430-944e-5f9cc31ad72d" testId="e829b81b-4574-4199-8182-64a54cb5ec1f" testName="TFSTests.WorkItemTracking.RuleEngine ruleEngine.otherFieldTest" computerName="TFSBUILD11" duration="00:00:00.0260000" startTime="2015-09-28T09:46:07.5356595-07:00" endTime="2015-09-28T09:46:07.5356595-07:00" testType="13cdc9d9-ddb5-4fa4-a97d-d965ccfc6d4b" outcome="Passed" testListId="8c84fa94-04c1-424b-9868-57a2d4851a1d" relativeResultsDirectory="31026370-388a-4430-944e-5f9cc31ad72d" />
    <UnitTestResult executionId="1bb6c679-c129-478f-8745-2aa9bf935860" testId="bc931654-9763-4863-8e91-c6cfd3fbf46a" testName="TFSTests.WorkItemTracking.WorkItemHistory historyData" computerName="TFSBUILD11" duration="00:00:00.0550000" startTime="2015-09-28T09:46:07.5366534-07:00" endTime="2015-09-28T09:46:07.5366534-07:00" testType="13cdc9d9-ddb5-4fa4-a97d-d965ccfc6d4b" outcome="Passed" testListId="8c84fa94-04c1-424b-9868-57a2d4851a1d" relativeResultsDirectory="1bb6c679-c129-478f-8745-2aa9bf935860" />
    <UnitTestResult executionId="ad776e98-25aa-4736-9a15-828aa3983d06" testId="14c8e741-7da5-42ac-bfe9-8cd224cee8e9" testName="TFSTests.WorkItemTracking.WorkItemHistory getSafeHtmlMessageStripsClasses" computerName="TFSBUILD11" duration="00:00:00.0200000" startTime="2015-09-28T09:46:07.5366534-07:00" endTime="2015-09-28T09:46:07.5366534-07:00" testType="13cdc9d9-ddb5-4fa4-a97d-d965ccfc6d4b" outcome="Passed" testListId="8c84fa94-04c1-424b-9868-57a2d4851a1d" relativeResultsDirectory="ad776e98-25aa-4736-9a15-828aa3983d06" />
    <UnitTestResult executionId="a23db185-4f80-49d3-b03b-3bb92b28dad1" testId="164a1b74-b677-4dfb-98df-34efb72ed7af" testName="TFSTests.WorkItemTracking.FormRenderer WillRenderHeaderFields" computerName="TFSBUILD11" duration="00:00:00.0550000" startTime="2015-09-28T09:46:07.5366534-07:00" endTime="2015-09-28T09:46:07.5366534-07:00" testType="13cdc9d9-ddb5-4fa4-a97d-d965ccfc6d4b" outcome="Passed" testListId="8c84fa94-04c1-424b-9868-57a2d4851a1d" relativeResultsDirectory="a23db185-4f80-49d3-b03b-3bb92b28dad1" />
    <UnitTestResult executionId="d724a691-bb1e-49bc-b65e-1335ab7e799d" testId="11facc96-db04-4ea5-a155-c8349b52e533" testName="TFSTests.WorkItemTracking.FormRenderer WillPutGroupsInRightSections" computerName="TFSBUILD11" duration="00:00:00.0340000" startTime="2015-09-28T09:46:07.5366534-07:00" endTime="2015-09-28T09:46:07.5366534-07:00" testType="13cdc9d9-ddb5-4fa4-a97d-d965ccfc6d4b" outcome="Passed" testListId="8c84fa94-04c1-424b-9868-57a2d4851a1d" relativeResultsDirectory="d724a691-bb1e-49bc-b65e-1335ab7e799d" />
    <UnitTestResult executionId="c3b64c8b-41bd-4dce-8715-2518feef6bdd" testId="7b18c286-b8f0-4d30-921f-25cd782470ef" testName="TFSTests.WorkItemTracking.FormRenderer WillCreateTabsCorrectly" computerName="TFSBUILD11" duration="00:00:01.5600000" startTime="2015-09-28T09:46:08.3164768-07:00" endTime="2015-09-28T09:46:08.3164768-07:00" testType="13cdc9d9-ddb5-4fa4-a97d-d965ccfc6d4b" outcome="Passed" testListId="8c84fa94-04c1-424b-9868-57a2d4851a1d" relativeResultsDirectory="c3b64c8b-41bd-4dce-8715-2518feef6bdd" />
    <UnitTestResult executionId="45ece20a-21bb-477a-bc4d-734c800578d1" testId="ad2319e8-d100-43a5-8b02-40cd14c29ed5" testName="TFSTests.WorkItemTracking.FormRenderer WillChooseGridsCorrectlyBasedOnSectionsFilled" computerName="TFSBUILD11" duration="00:00:00.0560000" startTime="2015-09-28T09:46:08.3164768-07:00" endTime="2015-09-28T09:46:08.3164768-07:00" testType="13cdc9d9-ddb5-4fa4-a97d-d965ccfc6d4b" outcome="Passed" testListId="8c84fa94-04c1-424b-9868-57a2d4851a1d" relativeResultsDirectory="45ece20a-21bb-477a-bc4d-734c800578d1" />
    <UnitTestResult executionId="8d151b1e-aebe-4a02-a7e6-d636add612c2" testId="49ff9ccd-a2b6-45f5-ac1d-59ce6c430c37" testName="TFSTests.WorkItemTracking.FormTabs WillRenderTabsInRightOrder" computerName="TFSBUILD11" duration="00:00:00.0320000" startTime="2015-09-28T09:46:08.3164768-07:00" endTime="2015-09-28T09:46:08.3164768-07:00" testType="13cdc9d9-ddb5-4fa4-a97d-d965ccfc6d4b" outcome="Passed" testListId="8c84fa94-04c1-424b-9868-57a2d4851a1d" relativeResultsDirectory="8d151b1e-aebe-4a02-a7e6-d636add612c2" />
    <UnitTestResult executionId="e7ef031e-67dd-47e8-8689-c64a6d3d230f" testId="67d83a31-10de-4c05-b4dd-c02b8b940800" testName="TFSTests.WorkItemTracking.FormTabs WillPutItemsInToolbarWhenWidthIsSmall" computerName="TFSBUILD11" duration="00:00:00.0430000" startTime="2015-09-28T09:46:08.3174774-07:00" endTime="2015-09-28T09:46:08.3164768-07:00" testType="13cdc9d9-ddb5-4fa4-a97d-d965ccfc6d4b" outcome="Passed" testListId="8c84fa94-04c1-424b-9868-57a2d4851a1d" relativeResultsDirectory="e7ef031e-67dd-47e8-8689-c64a6d3d230f" />
    <UnitTestResult executionId="2378534f-14f4-4638-b73e-8c207e4268b3" testId="d1d3e161-2105-4c2d-838d-7d73ab09f2ce" testName="TFSTests.WorkItemTracking.Controls VerifyWorkItemCountingTabPolicy" computerName="TFSBUILD11" duration="00:00:00.0260000" startTime="2015-09-28T09:46:08.3174774-07:00" endTime="2015-09-28T09:46:08.3174774-07:00" testType="13cdc9d9-ddb5-4fa4-a97d-d965ccfc6d4b" outcome="Passed" testListId="8c84fa94-04c1-424b-9868-57a2d4851a1d" relativeResultsDirectory="2378534f-14f4-4638-b73e-8c207e4268b3" />
    <UnitTestResult executionId="ceaa2056-2b15-491d-b2a9-1a9d02632101" testId="73fcd41a-b0a4-42d0-be28-3df56006adfc" testName="TFSTests.WorkItemTracking.Controls VerifyDelayRenderOfTabs" computerName="TFSBUILD11" duration="00:00:00.0350000" startTime="2015-09-28T09:46:08.3174774-07:00" endTime="2015-09-28T09:46:08.3174774-07:00" testType="13cdc9d9-ddb5-4fa4-a97d-d965ccfc6d4b" outcome="Passed" testListId="8c84fa94-04c1-424b-9868-57a2d4851a1d" relativeResultsDirectory="ceaa2056-2b15-491d-b2a9-1a9d02632101" />
    <UnitTestResult executionId="eef64b6f-2508-419d-a925-26aaa8a5ae45" testId="ab6d555e-2e14-4ecf-a786-919a2fbc8bf1" testName="TFSTests.WorkItemTracking.Controls VerifyReadingCustomControlsOptionsFromXML" computerName="TFSBUILD11" duration="00:00:00.0160000" startTime="2015-09-28T09:46:08.3174774-07:00" endTime="2015-09-28T09:46:08.3174774-07:00" testType="13cdc9d9-ddb5-4fa4-a97d-d965ccfc6d4b" outcome="Passed" testListId="8c84fa94-04c1-424b-9868-57a2d4851a1d" relativeResultsDirectory="eef64b6f-2508-419d-a925-26aaa8a5ae45" />
    <UnitTestResult executionId="dab9a2e8-b29e-4dfb-b365-b0c9457ddbd9" testId="89235367-0928-44b7-a913-4f82a4764820" testName="TFSTests.WorkItemTracking.Controls ExtensionZoneAttachingTest" computerName="TFSBUILD11" duration="00:00:00.0290000" startTime="2015-09-28T09:46:08.3174774-07:00" endTime="2015-09-28T09:46:08.3174774-07:00" testType="13cdc9d9-ddb5-4fa4-a97d-d965ccfc6d4b" outcome="Passed" testListId="8c84fa94-04c1-424b-9868-57a2d4851a1d" relativeResultsDirectory="dab9a2e8-b29e-4dfb-b365-b0c9457ddbd9" />
    <UnitTestResult executionId="d38af6c9-3da3-4e72-9166-8cc0bb1c9c31" testId="77ee0286-d68c-4268-afd1-5ffaf739b809" testName="TFSTests.WorkItemTracking.Controls ExtensionZoneDetachingTest" computerName="TFSBUILD11" duration="00:00:00.0200000" startTime="2015-09-28T09:46:08.3174774-07:00" endTime="2015-09-28T09:46:08.3174774-07:00" testType="13cdc9d9-ddb5-4fa4-a97d-d965ccfc6d4b" outcome="Passed" testListId="8c84fa94-04c1-424b-9868-57a2d4851a1d" relativeResultsDirectory="d38af6c9-3da3-4e72-9166-8cc0bb1c9c31" />
    <UnitTestResult executionId="43d8ba74-3081-432a-8508-1c02e96b5eb6" testId="7eb658cf-2de1-41a9-bc3c-47b06014e342" testName="TFSTests.WorkItemTracking.Controls ExtensionZoneAttach2" computerName="TFSBUILD11" duration="00:00:00.0200000" startTime="2015-09-28T09:46:08.5423459-07:00" endTime="2015-09-28T09:46:08.5423459-07:00" testType="13cdc9d9-ddb5-4fa4-a97d-d965ccfc6d4b" outcome="Passed" testListId="8c84fa94-04c1-424b-9868-57a2d4851a1d" relativeResultsDirectory="43d8ba74-3081-432a-8508-1c02e96b5eb6" />
    <UnitTestResult executionId="540ce49f-eba2-4e9d-aada-a1453e77e132" testId="ebbf06da-c516-4305-8534-5386232cb367" testName="TFSTests.WorkItemTracking.Controls ExtensionZoneAttach_Detach_AttachTest" computerName="TFSBUILD11" duration="00:00:00.0210000" startTime="2015-09-28T09:46:08.5423459-07:00" endTime="2015-09-28T09:46:08.5423459-07:00" testType="13cdc9d9-ddb5-4fa4-a97d-d965ccfc6d4b" outcome="Passed" testListId="8c84fa94-04c1-424b-9868-57a2d4851a1d" relativeResultsDirectory="540ce49f-eba2-4e9d-aada-a1453e77e132" />
    <UnitTestResult executionId="23338e4d-6646-44ed-b576-cf9bb24aa029" testId="fa3da7cc-867f-4196-85e2-50ebf55bf73d" testName="TFSTests.WorkItemTracking.Controls ExtensionZoneAttach_AttachDifferent" computerName="TFSBUILD11" duration="00:00:00.0210000" startTime="2015-09-28T09:46:08.5423459-07:00" endTime="2015-09-28T09:46:08.5423459-07:00" testType="13cdc9d9-ddb5-4fa4-a97d-d965ccfc6d4b" outcome="Passed" testListId="8c84fa94-04c1-424b-9868-57a2d4851a1d" relativeResultsDirectory="23338e4d-6646-44ed-b576-cf9bb24aa029" />
    <UnitTestResult executionId="e0251158-76f9-47d4-a9a6-8df76bb05b6e" testId="90dbf5e4-c344-48d8-b9d3-f45bf03ece63" testName="TFSTests.WorkItemTracking.Controls UrlValidityForShareLinkExperience" computerName="TFSBUILD11" duration="00:00:00.0160000" startTime="2015-09-28T09:46:08.5423459-07:00" endTime="2015-09-28T09:46:08.5423459-07:00" testType="13cdc9d9-ddb5-4fa4-a97d-d965ccfc6d4b" outcome="Passed" testListId="8c84fa94-04c1-424b-9868-57a2d4851a1d" relativeResultsDirectory="e0251158-76f9-47d4-a9a6-8df76bb05b6e" />
    <UnitTestResult executionId="5cefb2ed-7494-494e-96fb-673625396c05" testId="93524a2a-9d29-4ea3-9fb3-2739f00f2f02" testName="TFSTests.WorkItemTracking.Controls urlCombinerMethodTest" computerName="TFSBUILD11" duration="00:00:00.0180000" startTime="2015-09-28T09:46:08.5423459-07:00" endTime="2015-09-28T09:46:08.5423459-07:00" testType="13cdc9d9-ddb5-4fa4-a97d-d965ccfc6d4b" outcome="Passed" testListId="8c84fa94-04c1-424b-9868-57a2d4851a1d" relativeResultsDirectory="5cefb2ed-7494-494e-96fb-673625396c05" />
    <UnitTestResult executionId="da81743f-fbfa-40cc-bade-683b594a3ff1" testId="6c4916b2-7fe9-41ed-b94f-32ad7418feee" testName="TFSTests.WorkItemTracking.Controls MultiLineTextAdapterInitialValueSynchronization" computerName="TFSBUILD11" duration="00:00:00.0160000" startTime="2015-09-28T09:46:08.5423459-07:00" endTime="2015-09-28T09:46:08.5423459-07:00" testType="13cdc9d9-ddb5-4fa4-a97d-d965ccfc6d4b" outcome="Passed" testListId="8c84fa94-04c1-424b-9868-57a2d4851a1d" relativeResultsDirectory="da81743f-fbfa-40cc-bade-683b594a3ff1" />
    <UnitTestResult executionId="58b5e116-d52c-4c2a-a0fa-d87a0885f7f7" testId="4f245f7a-7d97-426b-8b29-62d9039ef0ae" testName="TFSTests.WorkItemTracking.Controls MultiLineTextAdapterChangedValueSynchronization" computerName="TFSBUILD11" duration="00:00:00.0160000" startTime="2015-09-28T09:46:08.5423459-07:00" endTime="2015-09-28T09:46:08.5423459-07:00" testType="13cdc9d9-ddb5-4fa4-a97d-d965ccfc6d4b" outcome="Passed" testListId="8c84fa94-04c1-424b-9868-57a2d4851a1d" relativeResultsDirectory="58b5e116-d52c-4c2a-a0fa-d87a0885f7f7" />
    <UnitTestResult executionId="c57d5cb0-928e-4d88-b8f2-a465ca0c840d" testId="0d222624-5496-4314-b0d2-9c5ee1496869" testName="TFSTests.WorkItemTracking.DiscussionAdornmentTests DiscussionAdornmentControl calculates number of discussion items with no discussion" computerName="TFSBUILD11" duration="00:00:00.0530000" startTime="2015-09-28T09:46:08.5423459-07:00" endTime="2015-09-28T09:46:08.5423459-07:00" testType="13cdc9d9-ddb5-4fa4-a97d-d965ccfc6d4b" outcome="Passed" testListId="8c84fa94-04c1-424b-9868-57a2d4851a1d" relativeResultsDirectory="c57d5cb0-928e-4d88-b8f2-a465ca0c840d" />
    <UnitTestResult executionId="e8fbb303-68b5-4c6f-837a-35a97465349a" testId="6edaa2cd-19b2-4f02-9d0e-5ce9ecc199b0" testName="TFSTests.WorkItemTracking.DiscussionAdornmentTests DiscussionAdornmentControl calculates number of discussion items with one discussion" computerName="TFSBUILD11" duration="00:00:00.0420000" startTime="2015-09-28T09:46:08.5423459-07:00" endTime="2015-09-28T09:46:08.5423459-07:00" testType="13cdc9d9-ddb5-4fa4-a97d-d965ccfc6d4b" outcome="Passed" testListId="8c84fa94-04c1-424b-9868-57a2d4851a1d" relativeResultsDirectory="e8fbb303-68b5-4c6f-837a-35a97465349a" />
    <UnitTestResult executionId="160528bc-3d52-4af7-b13f-ba8ea8f1c229" testId="3a879a26-66ae-4be5-8ab6-f4d080779003" testName="TFSTests.WorkItemTracking.DiscussionAdornmentTests DiscussionAdornmentControl calculates number of discussion items with multiple discussion items" computerName="TFSBUILD11" duration="00:00:00.0840000" startTime="2015-09-28T09:46:08.9386013-07:00" endTime="2015-09-28T09:46:08.9386013-07:00" testType="13cdc9d9-ddb5-4fa4-a97d-d965ccfc6d4b" outcome="Passed" testListId="8c84fa94-04c1-424b-9868-57a2d4851a1d" relativeResultsDirectory="160528bc-3d52-4af7-b13f-ba8ea8f1c229" />
    <UnitTestResult executionId="b2fd573a-3161-4f37-ace1-d6eb67e5b690" testId="ccb6d4a7-6628-4743-9ffa-a874e96ded88" testName="TFSTests.WorkItemTracking.DiscussionAdornmentTests DiscussionAdornmentControl calculates number of discussion items when unbound" computerName="TFSBUILD11" duration="00:00:00.0590000" startTime="2015-09-28T09:46:08.9386013-07:00" endTime="2015-09-28T09:46:08.9386013-07:00" testType="13cdc9d9-ddb5-4fa4-a97d-d965ccfc6d4b" outcome="Passed" testListId="8c84fa94-04c1-424b-9868-57a2d4851a1d" relativeResultsDirectory="b2fd573a-3161-4f37-ace1-d6eb67e5b690" />
    <UnitTestResult executionId="0e3037d0-de37-42ca-b2a9-8ff60459e13c" testId="7520c7ba-ada4-4ede-b2e8-7ac6126cb013" testName="TFSTests.WorkItemTracking.DiscussionAdornmentTests DiscussionAdornmentControl calculates number of discussion items when unsaved" computerName="TFSBUILD11" duration="00:00:00.0340000" startTime="2015-09-28T09:46:08.9386013-07:00" endTime="2015-09-28T09:46:08.9386013-07:00" testType="13cdc9d9-ddb5-4fa4-a97d-d965ccfc6d4b" outcome="Passed" testListId="8c84fa94-04c1-424b-9868-57a2d4851a1d" relativeResultsDirectory="0e3037d0-de37-42ca-b2a9-8ff60459e13c" />
    <UnitTestResult executionId="5cdfca09-ea4c-4678-90b2-e13dc1c44c0a" testId="d4f03b32-b89a-457a-baaa-97d7dbea2aac" testName="TFSTests.WorkItemTracking.DiscussionAdornmentTests DiscussionAdornmentControl calculates number of discussion items after binding to a new item" computerName="TFSBUILD11" duration="00:00:00.0600000" startTime="2015-09-28T09:46:08.9386013-07:00" endTime="2015-09-28T09:46:08.9386013-07:00" testType="13cdc9d9-ddb5-4fa4-a97d-d965ccfc6d4b" outcome="Passed" testListId="8c84fa94-04c1-424b-9868-57a2d4851a1d" relativeResultsDirectory="5cdfca09-ea4c-4678-90b2-e13dc1c44c0a" />
    <UnitTestResult executionId="e03e8cca-a6ac-4428-9eb0-0284f8b88e37" testId="7fed9f65-287f-481b-a9ca-d67e96c4e498" testName="TFSTests.WorkItemTracking.DiscussionAdornmentTests DiscussionAdornmentControl updates UI correctly with no discussion items" computerName="TFSBUILD11" duration="00:00:00.0410000" startTime="2015-09-28T09:46:08.9386013-07:00" endTime="2015-09-28T09:46:08.9386013-07:00" testType="13cdc9d9-ddb5-4fa4-a97d-d965ccfc6d4b" outcome="Passed" testListId="8c84fa94-04c1-424b-9868-57a2d4851a1d" relativeResultsDirectory="e03e8cca-a6ac-4428-9eb0-0284f8b88e37" />
    <UnitTestResult executionId="c46fa0a0-7297-428b-af80-35282a578dd7" testId="705f7d19-bff0-4588-a034-711439f8cbdc" testName="TFSTests.WorkItemTracking.DiscussionAdornmentTests DiscussionAdornmentControl updates UI correctly with one discussion item" computerName="TFSBUILD11" duration="00:00:00.0360000" startTime="2015-09-28T09:46:08.9386013-07:00" endTime="2015-09-28T09:46:08.9386013-07:00" testType="13cdc9d9-ddb5-4fa4-a97d-d965ccfc6d4b" outcome="Passed" testListId="8c84fa94-04c1-424b-9868-57a2d4851a1d" relativeResultsDirectory="c46fa0a0-7297-428b-af80-35282a578dd7" />
    <UnitTestResult executionId="9f20f8c8-289a-48c3-adb1-8647a4a5242a" testId="e1cfe422-a9ba-47f6-ab69-f00c4b397bdf" testName="TFSTests.WorkItemTracking.DiscussionAdornmentTests DiscussionAdornmentControl updates UI correctly with two discussion items" computerName="TFSBUILD11" duration="00:00:00.0470000" startTime="2015-09-28T09:46:08.9386013-07:00" endTime="2015-09-28T09:46:08.9386013-07:00" testType="13cdc9d9-ddb5-4fa4-a97d-d965ccfc6d4b" outcome="Passed" testListId="8c84fa94-04c1-424b-9868-57a2d4851a1d" relativeResultsDirectory="9f20f8c8-289a-48c3-adb1-8647a4a5242a" />
    <UnitTestResult executionId="00964caf-eb92-4191-9164-fddd1ec662cf" testId="93a49ea2-6790-4965-aeea-6f0bf6fdff69" testName="TFSTests.WorkItemTracking.EmailWorkItemsDialogModel OverwritesDefaultTitleCorrectly" computerName="TFSBUILD11" duration="00:00:00.0160000" startTime="2015-09-28T09:46:08.9386013-07:00" endTime="2015-09-28T09:46:08.9386013-07:00" testType="13cdc9d9-ddb5-4fa4-a97d-d965ccfc6d4b" outcome="Passed" testListId="8c84fa94-04c1-424b-9868-57a2d4851a1d" relativeResultsDirectory="00964caf-eb92-4191-9164-fddd1ec662cf" />
    <UnitTestResult executionId="433f0e59-c5c1-4418-8ec7-ec9343e32576" testId="ea28b11e-a594-49f7-96dc-fcb10cf48c5d" testName="TFSTests.WorkItemTracking.EmailWorkItemsDialogModel ThrowsExceptionIfPassedNegativeIDs" computerName="TFSBUILD11" duration="00:00:00.0140000" startTime="2015-09-28T09:46:08.9386013-07:00" endTime="2015-09-28T09:46:08.9386013-07:00" testType="13cdc9d9-ddb5-4fa4-a97d-d965ccfc6d4b" outcome="Passed" testListId="8c84fa94-04c1-424b-9868-57a2d4851a1d" relativeResultsDirectory="433f0e59-c5c1-4418-8ec7-ec9343e32576" />
    <UnitTestResult executionId="8ef4c096-2c27-44e4-bb43-611034a1b322" testId="cae6bdf0-6f9f-4b24-82d6-f0c644010404" testName="TFSTests.WorkItemTracking.EmailWorkItemsDialogModel ThrowsExceptionIfIDsContainsZero" computerName="TFSBUILD11" duration="00:00:00.0140000" startTime="2015-09-28T09:46:09.1669684-07:00" endTime="2015-09-28T09:46:09.1669684-07:00" testType="13cdc9d9-ddb5-4fa4-a97d-d965ccfc6d4b" outcome="Passed" testListId="8c84fa94-04c1-424b-9868-57a2d4851a1d" relativeResultsDirectory="8ef4c096-2c27-44e4-bb43-611034a1b322" />
    <UnitTestResult executionId="95168db4-2763-4250-affd-23b986d75a2a" testId="ad300104-8b1b-4457-9d9a-162f7fb6aaf8" testName="TFSTests.WorkItemTracking.InitialValueHelper Will sanitize bad html from request parameters on HTML field" computerName="TFSBUILD11" duration="00:00:00.0170000" startTime="2015-09-28T09:46:09.1669684-07:00" endTime="2015-09-28T09:46:09.1669684-07:00" testType="13cdc9d9-ddb5-4fa4-a97d-d965ccfc6d4b" outcome="Passed" testListId="8c84fa94-04c1-424b-9868-57a2d4851a1d" relativeResultsDirectory="95168db4-2763-4250-affd-23b986d75a2a" />
    <UnitTestResult executionId="37d4a486-a19a-48ba-9088-7d01d163035f" testId="612c3b68-5b4f-462f-89b7-11d3af167eb9" testName="TFSTests.WorkItemTracking.InitialValueHelper Will leave valid html in request parameters on HTML field" computerName="TFSBUILD11" duration="00:00:00.0140000" startTime="2015-09-28T09:46:09.1669684-07:00" endTime="2015-09-28T09:46:09.1669684-07:00" testType="13cdc9d9-ddb5-4fa4-a97d-d965ccfc6d4b" outcome="Passed" testListId="8c84fa94-04c1-424b-9868-57a2d4851a1d" relativeResultsDirectory="37d4a486-a19a-48ba-9088-7d01d163035f" />
    <UnitTestResult executionId="7bbaa937-0fc7-4053-9155-d30ffc2dcc5f" testId="efa047ce-fb10-4f55-a66d-d9f618924e9b" testName="TFSTests.WorkItemTracking.StateTransitionGraph workItemHistoryToTransitionDataObject" computerName="TFSBUILD11" duration="00:00:00.0360000" startTime="2015-09-28T09:46:09.1669684-07:00" endTime="2015-09-28T09:46:09.1669684-07:00" testType="13cdc9d9-ddb5-4fa4-a97d-d965ccfc6d4b" outcome="Passed" testListId="8c84fa94-04c1-424b-9868-57a2d4851a1d" relativeResultsDirectory="7bbaa937-0fc7-4053-9155-d30ffc2dcc5f" />
    <UnitTestResult executionId="a07d3d39-078d-43d5-9234-58431bdf25ef" testId="33f5e4b2-2017-4787-aec8-3511d87553d9" testName="TFSTests.WorkItemTracking.StateTransitionGraph transitionDataToDOMObject" computerName="TFSBUILD11" duration="00:00:00.0320000" startTime="2015-09-28T09:46:09.1669684-07:00" endTime="2015-09-28T09:46:09.1669684-07:00" testType="13cdc9d9-ddb5-4fa4-a97d-d965ccfc6d4b" outcome="Passed" testListId="8c84fa94-04c1-424b-9868-57a2d4851a1d" relativeResultsDirectory="a07d3d39-078d-43d5-9234-58431bdf25ef" />
    <UnitTestResult executionId="0bcd8ba0-469e-4c24-aa7d-3329bdcb6ba2" testId="37cfaa94-f2ce-4ae4-af55-67428b234f00" testName="TFSTests.WorkItemTracking.StateTransitionGraph VerifyWhichElementsAreShown" computerName="TFSBUILD11" duration="00:00:00.0450000" startTime="2015-09-28T09:46:09.1669684-07:00" endTime="2015-09-28T09:46:09.1669684-07:00" testType="13cdc9d9-ddb5-4fa4-a97d-d965ccfc6d4b" outcome="Passed" testListId="8c84fa94-04c1-424b-9868-57a2d4851a1d" relativeResultsDirectory="0bcd8ba0-469e-4c24-aa7d-3329bdcb6ba2" />
    <UnitTestResult executionId="c0163c2b-f0e7-4582-9017-d41de7d36cf8" testId="5c11106a-711c-4312-a186-2dac5307017d" testName="TFSTests.WorkItemTracking.Accessories.CommonContextMenuItems GetOpenWorkItemContextMenuItems" computerName="TFSBUILD11" duration="00:00:00.0220000" startTime="2015-09-28T09:46:09.1669684-07:00" endTime="2015-09-28T09:46:09.1669684-07:00" testType="13cdc9d9-ddb5-4fa4-a97d-d965ccfc6d4b" outcome="Passed" testListId="8c84fa94-04c1-424b-9868-57a2d4851a1d" relativeResultsDirectory="c0163c2b-f0e7-4582-9017-d41de7d36cf8" />
    <UnitTestResult executionId="f1e89101-7aa4-4806-87f7-ee0f353f111e" testId="a57608ed-f173-4cd9-bf29-b6d3d82924bb" testName="TFSTests.WorkItemTracking.Accessories.CommonContextMenuItems GetOpenWorkItemContextMenuItemsWithOptions" computerName="TFSBUILD11" duration="00:00:00.0180000" startTime="2015-09-28T09:46:09.1669684-07:00" endTime="2015-09-28T09:46:09.1669684-07:00" testType="13cdc9d9-ddb5-4fa4-a97d-d965ccfc6d4b" outcome="Passed" testListId="8c84fa94-04c1-424b-9868-57a2d4851a1d" relativeResultsDirectory="f1e89101-7aa4-4806-87f7-ee0f353f111e" />
    <UnitTestResult executionId="0e64bfe2-3003-4a38-9419-afd84b4389f1" testId="2c3cd0ac-f4b7-4410-8af6-1b8dbb0ccf6d" testName="TFSTests.WorkItemTracking.Accessories.CommonContextMenuItems getAssignToContextMenuItem_ShowsCurrentIdentityPlusTeamMembers" computerName="TFSBUILD11" duration="00:00:00.0230000" startTime="2015-09-28T09:46:09.1669684-07:00" endTime="2015-09-28T09:46:09.1669684-07:00" testType="13cdc9d9-ddb5-4fa4-a97d-d965ccfc6d4b" outcome="Passed" testListId="8c84fa94-04c1-424b-9868-57a2d4851a1d" relativeResultsDirectory="0e64bfe2-3003-4a38-9419-afd84b4389f1" />
    <UnitTestResult executionId="ce158ccc-e688-48ec-8f8c-8cd67e66d065" testId="8ad718d0-3aa0-4bf2-a676-c8ce5ee8ceed" testName="TFSTests.WorkItemTracking.QueryResultGridPaging AllUncachedVisibleItemsAreNeeded" computerName="TFSBUILD11" duration="00:00:00.0180000" startTime="2015-09-28T09:46:09.3289120-07:00" endTime="2015-09-28T09:46:09.3289120-07:00" testType="13cdc9d9-ddb5-4fa4-a97d-d965ccfc6d4b" outcome="Passed" testListId="8c84fa94-04c1-424b-9868-57a2d4851a1d" relativeResultsDirectory="ce158ccc-e688-48ec-8f8c-8cd67e66d065" />
    <UnitTestResult executionId="ec790f44-6507-46a7-89d2-3adb51300463" testId="e5eb79e6-d7dc-4196-b1f9-004b51c1960b" testName="TFSTests.WorkItemTracking.QueryResultGridPaging MismatchedWorkItemIdToIndexMap" computerName="TFSBUILD11" duration="00:00:00.0160000" startTime="2015-09-28T09:46:09.3289120-07:00" endTime="2015-09-28T09:46:09.3289120-07:00" testType="13cdc9d9-ddb5-4fa4-a97d-d965ccfc6d4b" outcome="Passed" testListId="8c84fa94-04c1-424b-9868-57a2d4851a1d" relativeResultsDirectory="ec790f44-6507-46a7-89d2-3adb51300463" />
    <UnitTestResult executionId="acfb5714-8052-4803-bacd-20018cfe85b6" testId="e1424547-e224-421d-9487-cb4f44f8e6ac" testName="TFSTests.WorkItemTracking.QueryResultGridPaging CachedItemsAreNotNeeded" computerName="TFSBUILD11" duration="00:00:00.0190000" startTime="2015-09-28T09:46:09.3299121-07:00" endTime="2015-09-28T09:46:09.3299121-07:00" testType="13cdc9d9-ddb5-4fa4-a97d-d965ccfc6d4b" outcome="Passed" testListId="8c84fa94-04c1-424b-9868-57a2d4851a1d" relativeResultsDirectory="acfb5714-8052-4803-bacd-20018cfe85b6" />
    <UnitTestResult executionId="420ceaa6-9dc9-4f20-84be-87c877602d88" testId="dbc81308-dc60-43ea-b5d5-eaa2ed109647" testName="TFSTests.WorkItemTracking.QueryResultGridPaging IfVisibleAndCloseProximityRangeIsAlreadyCachedNoNeedToPageOtherItemsFromAboveAndBelow" computerName="TFSBUILD11" duration="00:00:00.0160000" startTime="2015-09-28T09:46:09.3299121-07:00" endTime="2015-09-28T09:46:09.3299121-07:00" testType="13cdc9d9-ddb5-4fa4-a97d-d965ccfc6d4b" outcome="Passed" testListId="8c84fa94-04c1-424b-9868-57a2d4851a1d" relativeResultsDirectory="420ceaa6-9dc9-4f20-84be-87c877602d88" />
    <UnitTestResult executionId="ad12b82f-3a6a-46e6-9638-f6eafc2e847b" testId="d7fd0bfe-b4d8-49a7-84b8-3c24e1901de6" testName="TFSTests.WorkItemTracking.QueryResultGridPaging IfThereIsRoomFillPageWithItemsFromAboveAndBelow" computerName="TFSBUILD11" duration="00:00:00.0170000" startTime="2015-09-28T09:46:09.3299121-07:00" endTime="2015-09-28T09:46:09.3299121-07:00" testType="13cdc9d9-ddb5-4fa4-a97d-d965ccfc6d4b" outcome="Passed" testListId="8c84fa94-04c1-424b-9868-57a2d4851a1d" relativeResultsDirectory="ad12b82f-3a6a-46e6-9638-f6eafc2e847b" />
    <UnitTestResult executionId="d1527a7c-38c1-475e-96c1-b22922abbb2b" testId="e493aea3-6bd9-4afc-b1df-36be2f6c5205" testName="TFSTests.WorkItemTracking.QueryResultGridPaging PageStillHaveRoom" computerName="TFSBUILD11" duration="00:00:00.0170000" startTime="2015-09-28T09:46:09.3299121-07:00" endTime="2015-09-28T09:46:09.3299121-07:00" testType="13cdc9d9-ddb5-4fa4-a97d-d965ccfc6d4b" outcome="Passed" testListId="8c84fa94-04c1-424b-9868-57a2d4851a1d" relativeResultsDirectory="d1527a7c-38c1-475e-96c1-b22922abbb2b" />
    <UnitTestResult executionId="c5b38cd5-9cec-4312-b260-c9b5cf9946b9" testId="14d6ba58-3fa9-43b4-b867-d43e0c3abc2f" testName="TFSTests.WorkItemTracking.QueryResultGridPaging PagingWhereVisibleRangeIsAtTheTopOfList" computerName="TFSBUILD11" duration="00:00:00.0190000" startTime="2015-09-28T09:46:09.3299121-07:00" endTime="2015-09-28T09:46:09.3299121-07:00" testType="13cdc9d9-ddb5-4fa4-a97d-d965ccfc6d4b" outcome="Passed" testListId="8c84fa94-04c1-424b-9868-57a2d4851a1d" relativeResultsDirectory="c5b38cd5-9cec-4312-b260-c9b5cf9946b9" />
    <UnitTestResult executionId="6e4c8dc0-6a2e-4ddf-85ee-a61de8684373" testId="3c8626ec-ce54-40a8-b1b3-4985b599358e" testName="TFSTests.WorkItemTracking.QueryResultGridPaging PagingWhereVisibleRangeIsAtTheBottomOfList" computerName="TFSBUILD11" duration="00:00:00.0160000" startTime="2015-09-28T09:46:09.3299121-07:00" endTime="2015-09-28T09:46:09.3299121-07:00" testType="13cdc9d9-ddb5-4fa4-a97d-d965ccfc6d4b" outcome="Passed" testListId="8c84fa94-04c1-424b-9868-57a2d4851a1d" relativeResultsDirectory="6e4c8dc0-6a2e-4ddf-85ee-a61de8684373" />
    <UnitTestResult executionId="038f76ee-5272-4ce1-88e4-bc9843273d57" testId="83f47ad4-7b29-40ff-986c-05be017d7c3a" testName="TFSTests.WorkItemTracking.QueryResultGridPaging PageExpandedItems" computerName="TFSBUILD11" duration="00:00:00.0170000" startTime="2015-09-28T09:46:09.3299121-07:00" endTime="2015-09-28T09:46:09.3299121-07:00" testType="13cdc9d9-ddb5-4fa4-a97d-d965ccfc6d4b" outcome="Passed" testListId="8c84fa94-04c1-424b-9868-57a2d4851a1d" relativeResultsDirectory="038f76ee-5272-4ce1-88e4-bc9843273d57" />
    <UnitTestResult executionId="3542d957-f587-485d-abf7-547734298689" testId="5a30c375-a297-4e88-9bfa-f7f283c348d0" testName="TFSTests.WorkItemTracking.QueryResultGridPaging CollapsedItemAreSkippedIfPageIsFull" computerName="TFSBUILD11" duration="00:00:00.0170000" startTime="2015-09-28T09:46:09.5549847-07:00" endTime="2015-09-28T09:46:09.5549847-07:00" testType="13cdc9d9-ddb5-4fa4-a97d-d965ccfc6d4b" outcome="Passed" testListId="8c84fa94-04c1-424b-9868-57a2d4851a1d" relativeResultsDirectory="3542d957-f587-485d-abf7-547734298689" />
    <UnitTestResult executionId="de3e80bd-d667-49b6-96ee-d6a380d87789" testId="c0bb905e-2168-4f28-8fd3-614e554ce5ca" testName="TFSTests.WorkItemTracking.QueryResultGridPaging CollapsedItemAreIncludedIfPageIsNotFull" computerName="TFSBUILD11" duration="00:00:00.0170000" startTime="2015-09-28T09:46:09.5549847-07:00" endTime="2015-09-28T09:46:09.5549847-07:00" testType="13cdc9d9-ddb5-4fa4-a97d-d965ccfc6d4b" outcome="Passed" testListId="8c84fa94-04c1-424b-9868-57a2d4851a1d" relativeResultsDirectory="de3e80bd-d667-49b6-96ee-d6a380d87789" />
    <UnitTestResult executionId="a6aea120-9212-414d-a455-86e9c745b430" testId="b2e931da-9bbd-478d-a4a6-8df50a421370" testName="TFSTests.WorkItemTracking.QueryResultGridPaging NestedHierarchyVerifyBFTOrder" computerName="TFSBUILD11" duration="00:00:00.0170000" startTime="2015-09-28T09:46:09.5549847-07:00" endTime="2015-09-28T09:46:09.5549847-07:00" testType="13cdc9d9-ddb5-4fa4-a97d-d965ccfc6d4b" outcome="Passed" testListId="8c84fa94-04c1-424b-9868-57a2d4851a1d" relativeResultsDirectory="a6aea120-9212-414d-a455-86e9c745b430" />
    <UnitTestResult executionId="beff1c21-070d-4ce0-b8e2-4c71126165d3" testId="eab29612-0fb4-4aa1-84e2-cedb5c6277ef" testName="TFSTests.WorkItemTracking.QueryResultGridPaging NestedHierarchyVerifyBFTOrderWithCachedItem" computerName="TFSBUILD11" duration="00:00:00.0180000" startTime="2015-09-28T09:46:09.5549847-07:00" endTime="2015-09-28T09:46:09.5549847-07:00" testType="13cdc9d9-ddb5-4fa4-a97d-d965ccfc6d4b" outcome="Passed" testListId="8c84fa94-04c1-424b-9868-57a2d4851a1d" relativeResultsDirectory="beff1c21-070d-4ce0-b8e2-4c71126165d3" />
    <UnitTestResult executionId="be4c6956-f763-43c4-9635-6cb367c06fa3" testId="8eea496e-e8dd-4743-8779-ef7734a28261" testName="TFSTests.WorkItemTracking.QueryResultGridSortHelpersTests calculateParentToChildWorkItemIds" computerName="TFSBUILD11" duration="00:00:00.0170000" startTime="2015-09-28T09:46:09.5549847-07:00" endTime="2015-09-28T09:46:09.5549847-07:00" testType="13cdc9d9-ddb5-4fa4-a97d-d965ccfc6d4b" outcome="Passed" testListId="8c84fa94-04c1-424b-9868-57a2d4851a1d" relativeResultsDirectory="be4c6956-f763-43c4-9635-6cb367c06fa3" />
    <UnitTestResult executionId="071a87af-119e-43f3-a048-9a591b8660a3" testId="08e6bbaa-34d1-41f0-9291-5e9ced8f4c2a" testName="TFSTests.WorkItemTracking.QueryResultGridSortHelpersTests calculateSourceTargetsAndLinks" computerName="TFSBUILD11" duration="00:00:00.0200000" startTime="2015-09-28T09:46:09.5549847-07:00" endTime="2015-09-28T09:46:09.5549847-07:00" testType="13cdc9d9-ddb5-4fa4-a97d-d965ccfc6d4b" outcome="Passed" testListId="8c84fa94-04c1-424b-9868-57a2d4851a1d" relativeResultsDirectory="071a87af-119e-43f3-a048-9a591b8660a3" />
    <UnitTestResult executionId="6d89683e-12af-4cf5-affb-5c48f2f6b072" testId="67e3fa58-d89c-4938-a243-26a14b258a6d" testName="TFSTests.WorkItemTracking.QueryTextFilterProvider textFilterProviderTest" computerName="TFSBUILD11" duration="00:00:00.0700000" startTime="2015-09-28T09:46:09.5549847-07:00" endTime="2015-09-28T09:46:09.5549847-07:00" testType="13cdc9d9-ddb5-4fa4-a97d-d965ccfc6d4b" outcome="Passed" testListId="8c84fa94-04c1-424b-9868-57a2d4851a1d" relativeResultsDirectory="6d89683e-12af-4cf5-affb-5c48f2f6b072" />
    <UnitTestResult executionId="67899b0e-1829-4616-bee1-869a6cf3b565" testId="5cf675b2-b458-40f6-9a3c-f61586ce3268" testName="TFSTests.WorkItemTracking.QueryTextFilterProvider handleResultsWhenAddItemsPending" computerName="TFSBUILD11" duration="00:00:00.0190000" startTime="2015-09-28T09:46:09.5549847-07:00" endTime="2015-09-28T09:46:09.5549847-07:00" testType="13cdc9d9-ddb5-4fa4-a97d-d965ccfc6d4b" outcome="Passed" testListId="8c84fa94-04c1-424b-9868-57a2d4851a1d" relativeResultsDirectory="67899b0e-1829-4616-bee1-869a6cf3b565" />
    <UnitTestResult executionId="c2fa6551-3d15-4161-bc5e-4483872671af" testId="b65ad4e4-154c-42e4-916f-fff37dbb82ea" testName="TFSTests.WorkItemTracking.QueryTextFilterProvider handleResultsWhenResultsNotChanged" computerName="TFSBUILD11" duration="00:00:00.0330000" startTime="2015-09-28T09:46:09.5549847-07:00" endTime="2015-09-28T09:46:09.5549847-07:00" testType="13cdc9d9-ddb5-4fa4-a97d-d965ccfc6d4b" outcome="Passed" testListId="8c84fa94-04c1-424b-9868-57a2d4851a1d" relativeResultsDirectory="c2fa6551-3d15-4161-bc5e-4483872671af" />
    <UnitTestResult executionId="498f1c79-d7f2-4004-a57c-0e72c6a5a1a1" testId="b937fe7d-c747-4099-aba3-373117fb6feb" testName="TFSTests.WorkItemTracking.QueryTextFilterProvider addMoreItemsWhenAllItemsPagedIn" computerName="TFSBUILD11" duration="00:00:00.0200000" startTime="2015-09-28T09:46:10.3128479-07:00" endTime="2015-09-28T09:46:10.3128479-07:00" testType="13cdc9d9-ddb5-4fa4-a97d-d965ccfc6d4b" outcome="Passed" testListId="8c84fa94-04c1-424b-9868-57a2d4851a1d" relativeResultsDirectory="498f1c79-d7f2-4004-a57c-0e72c6a5a1a1" />
    <UnitTestResult executionId="70d321e5-13d9-44c0-afed-f14b8c1d0060" testId="ddad355d-48ab-4abd-bfb0-0fce004d19ab" testName="TFSTests.WorkItemTracking.QueryTextFilterProvider addMoreItemsWhenAllItemsNotPagedIn" computerName="TFSBUILD11" duration="00:00:00.0220000" startTime="2015-09-28T09:46:10.3128479-07:00" endTime="2015-09-28T09:46:10.3128479-07:00" testType="13cdc9d9-ddb5-4fa4-a97d-d965ccfc6d4b" outcome="Passed" testListId="8c84fa94-04c1-424b-9868-57a2d4851a1d" relativeResultsDirectory="70d321e5-13d9-44c0-afed-f14b8c1d0060" />
    <UnitTestResult executionId="d1dfd3ac-6fbc-4a09-a5dd-f4c8b0d711f0" testId="b3905b43-d8e6-4809-b271-51307e32318f" testName="TFSTests.WorkItemTracking.QueryTextFilterProvider addMoreItemsCancelRequest" computerName="TFSBUILD11" duration="00:00:00.0190000" startTime="2015-09-28T09:46:10.3128479-07:00" endTime="2015-09-28T09:46:10.3128479-07:00" testType="13cdc9d9-ddb5-4fa4-a97d-d965ccfc6d4b" outcome="Passed" testListId="8c84fa94-04c1-424b-9868-57a2d4851a1d" relativeResultsDirectory="d1dfd3ac-6fbc-4a09-a5dd-f4c8b0d711f0" />
    <UnitTestResult executionId="c58a7ebc-5c7a-430a-bd2a-e98fb58837c5" testId="95f677d5-8568-4d6d-80bd-e6290c1b80e4" testName="TFSTests.WorkItemTracking.QueryTextFilterProvider incrementSearch" computerName="TFSBUILD11" duration="00:00:00.5960000" startTime="2015-09-28T09:46:10.3128479-07:00" endTime="2015-09-28T09:46:10.3128479-07:00" testType="13cdc9d9-ddb5-4fa4-a97d-d965ccfc6d4b" outcome="Passed" testListId="8c84fa94-04c1-424b-9868-57a2d4851a1d" relativeResultsDirectory="c58a7ebc-5c7a-430a-bd2a-e98fb58837c5" />
    <UnitTestResult executionId="a4800d8c-a516-4632-a723-cf8f8b15bc05" testId="069dbd0e-8f6e-4b8d-90b2-5178ce974f74" testName="TFSTests.WorkItemTracking.QueryCombo switchProjects" computerName="TFSBUILD11" duration="00:00:00.0250000" startTime="2015-09-28T09:46:10.3128479-07:00" endTime="2015-09-28T09:46:10.3128479-07:00" testType="13cdc9d9-ddb5-4fa4-a97d-d965ccfc6d4b" outcome="Passed" testListId="8c84fa94-04c1-424b-9868-57a2d4851a1d" relativeResultsDirectory="a4800d8c-a516-4632-a723-cf8f8b15bc05" />
    <UnitTestResult executionId="70b863a7-8946-4842-a5d3-c5f9e474551f" testId="36a9fb8d-c8f1-4616-b6f4-084d85c247fd" testName="TFSTests.WorkItemTracking.QueryFolderTree nameConflictResolutionDestination" computerName="TFSBUILD11" duration="00:00:00.0170000" startTime="2015-09-28T09:46:10.3128479-07:00" endTime="2015-09-28T09:46:10.3128479-07:00" testType="13cdc9d9-ddb5-4fa4-a97d-d965ccfc6d4b" outcome="Passed" testListId="8c84fa94-04c1-424b-9868-57a2d4851a1d" relativeResultsDirectory="70b863a7-8946-4842-a5d3-c5f9e474551f" />
    <UnitTestResult executionId="242520ae-42a9-4fda-9477-a03d82837df0" testId="64253493-09ae-42d2-bd10-9bdf5a19151e" testName="TFSTests.WorkItemTracking.QueryFolderTree nameConflictResolutionDestination" computerName="TFSBUILD11" duration="00:00:00.0160000" startTime="2015-09-28T09:46:10.3128479-07:00" endTime="2015-09-28T09:46:10.3128479-07:00" testType="13cdc9d9-ddb5-4fa4-a97d-d965ccfc6d4b" outcome="Passed" testListId="8c84fa94-04c1-424b-9868-57a2d4851a1d" relativeResultsDirectory="242520ae-42a9-4fda-9477-a03d82837df0" />
    <UnitTestResult executionId="f52d5399-d964-49d7-b807-a7a04e8ddc64" testId="f52cdd70-1be2-4bfb-88e3-a6f182729e5d" testName="TFSTests.WorkItemTracking.QueryFolderTree nameConflictResolutionSourceAndDestination" computerName="TFSBUILD11" duration="00:00:00.0160000" startTime="2015-09-28T09:46:10.3138457-07:00" endTime="2015-09-28T09:46:10.3138457-07:00" testType="13cdc9d9-ddb5-4fa4-a97d-d965ccfc6d4b" outcome="Passed" testListId="8c84fa94-04c1-424b-9868-57a2d4851a1d" relativeResultsDirectory="f52d5399-d964-49d7-b807-a7a04e8ddc64" />
    <UnitTestResult executionId="aae02690-83bb-4936-acf6-027204497a44" testId="ce0658ba-cbb3-43bc-8092-5b2febe2e9de" testName="TFSTests.WorkItemTracking.QueryFolderTree nameConflictResolutionSource" computerName="TFSBUILD11" duration="00:00:00.0160000" startTime="2015-09-28T09:46:10.3138457-07:00" endTime="2015-09-28T09:46:10.3138457-07:00" testType="13cdc9d9-ddb5-4fa4-a97d-d965ccfc6d4b" outcome="Passed" testListId="8c84fa94-04c1-424b-9868-57a2d4851a1d" relativeResultsDirectory="aae02690-83bb-4936-acf6-027204497a44" />
    <UnitTestResult executionId="64256a3b-fe67-4128-afd7-48843a4c8a24" testId="9f1859e1-1199-4701-9be4-2c35315361d5" testName="TFSTests.WorkItemTracking.QueryFolderTree queryFolderConflictName" computerName="TFSBUILD11" duration="00:00:00.0170000" startTime="2015-09-28T09:46:10.5265317-07:00" endTime="2015-09-28T09:46:10.5265317-07:00" testType="13cdc9d9-ddb5-4fa4-a97d-d965ccfc6d4b" outcome="Passed" testListId="8c84fa94-04c1-424b-9868-57a2d4851a1d" relativeResultsDirectory="64256a3b-fe67-4128-afd7-48843a4c8a24" />
    <UnitTestResult executionId="538590aa-3e86-465d-baf3-cb96808c2ff5" testId="ed07d097-72a5-4186-ad98-4083be62dcdb" testName="TFSTests.WorkItemTracking.QueryFolderTree renameQueryFolderWithConflictName" computerName="TFSBUILD11" duration="00:00:00.0150000" startTime="2015-09-28T09:46:10.5265317-07:00" endTime="2015-09-28T09:46:10.5265317-07:00" testType="13cdc9d9-ddb5-4fa4-a97d-d965ccfc6d4b" outcome="Passed" testListId="8c84fa94-04c1-424b-9868-57a2d4851a1d" relativeResultsDirectory="538590aa-3e86-465d-baf3-cb96808c2ff5" />
    <UnitTestResult executionId="6ccc1e16-0a87-4990-9f5c-842808c0c771" testId="6c4c9066-a729-4644-bf62-fe27a1206fce" testName="TFSTests.WorkItemTracking.QueryFolderTree renameQueryFolderWithBlankName" computerName="TFSBUILD11" duration="00:00:00.0150000" startTime="2015-09-28T09:46:10.5265317-07:00" endTime="2015-09-28T09:46:10.5265317-07:00" testType="13cdc9d9-ddb5-4fa4-a97d-d965ccfc6d4b" outcome="Passed" testListId="8c84fa94-04c1-424b-9868-57a2d4851a1d" relativeResultsDirectory="6ccc1e16-0a87-4990-9f5c-842808c0c771" />
    <UnitTestResult executionId="a75c918e-0e6d-4ae8-b5ac-a6989d192c38" testId="bad900a7-5430-40c0-8d3a-1c565e4d0f49" testName="TFSTests.WorkItemTracking.QueryFolderTree addingQueryToFavorite" computerName="TFSBUILD11" duration="00:00:00.0190000" startTime="2015-09-28T09:46:10.5265317-07:00" endTime="2015-09-28T09:46:10.5265317-07:00" testType="13cdc9d9-ddb5-4fa4-a97d-d965ccfc6d4b" outcome="Passed" testListId="8c84fa94-04c1-424b-9868-57a2d4851a1d" relativeResultsDirectory="a75c918e-0e6d-4ae8-b5ac-a6989d192c38" />
    <UnitTestResult executionId="3b4bd277-d279-4c20-a681-5f48c6f0b196" testId="013b942d-da54-498b-b857-7029fbbdf26d" testName="TFSTests.WorkItemTracking.QueryFolderTree removeQueriesFromFavorite" computerName="TFSBUILD11" duration="00:00:00.0180000" startTime="2015-09-28T09:46:10.5275267-07:00" endTime="2015-09-28T09:46:10.5275267-07:00" testType="13cdc9d9-ddb5-4fa4-a97d-d965ccfc6d4b" outcome="Passed" testListId="8c84fa94-04c1-424b-9868-57a2d4851a1d" relativeResultsDirectory="3b4bd277-d279-4c20-a681-5f48c6f0b196" />
    <UnitTestResult executionId="d25100f1-6890-4d2e-a7d0-4648caa62a81" testId="edcb4c2b-0827-4f95-8452-2f7bfc9e03ec" testName="TFSTests.WorkItemTracking.QueryFolderTree addingRecentItemsToQueryFolderTree" computerName="TFSBUILD11" duration="00:00:00.0400000" startTime="2015-09-28T09:46:10.5275267-07:00" endTime="2015-09-28T09:46:10.5275267-07:00" testType="13cdc9d9-ddb5-4fa4-a97d-d965ccfc6d4b" outcome="Passed" testListId="8c84fa94-04c1-424b-9868-57a2d4851a1d" relativeResultsDirectory="d25100f1-6890-4d2e-a7d0-4648caa62a81" />
    <UnitTestResult executionId="a013c37b-7773-443d-8dc6-805e1c1a7e17" testId="843afd0e-524a-49f6-b7d7-1b9e9585fb09" testName="TFSTests.WorkItemTracking.QueryResultsProviderTests QueryResultsProviderEditAndSaveState" computerName="TFSBUILD11" duration="00:00:00.0250000" startTime="2015-09-28T09:46:10.5275267-07:00" endTime="2015-09-28T09:46:10.5275267-07:00" testType="13cdc9d9-ddb5-4fa4-a97d-d965ccfc6d4b" outcome="Passed" testListId="8c84fa94-04c1-424b-9868-57a2d4851a1d" relativeResultsDirectory="a013c37b-7773-443d-8dc6-805e1c1a7e17" />
    <UnitTestResult executionId="82e1e466-ce9a-48df-bac8-20fc7ffbd064" testId="2c2e603a-6c28-4327-b291-405b0ada079a" testName="TFSTests.WorkItemTracking.QueryResultsProviderTests QueryResultProviderCustomQueryWIQLGeneration" computerName="TFSBUILD11" duration="00:00:00.0390000" startTime="2015-09-28T09:46:10.5275267-07:00" endTime="2015-09-28T09:46:10.5275267-07:00" testType="13cdc9d9-ddb5-4fa4-a97d-d965ccfc6d4b" outcome="Passed" testListId="8c84fa94-04c1-424b-9868-57a2d4851a1d" relativeResultsDirectory="82e1e466-ce9a-48df-bac8-20fc7ffbd064" />
    <UnitTestResult executionId="d7d6eaf5-1a9d-4dad-ba77-f9e47d03e1ce" testId="c5070cb8-f265-494f-979a-78ac43f2330c" testName="TFSTests.WorkItemTracking.QueryResultsProviderTests QueryResultProviderDirtyQueryWIQLGeneration" computerName="TFSBUILD11" duration="00:00:00.0190000" startTime="2015-09-28T09:46:10.5275267-07:00" endTime="2015-09-28T09:46:10.5275267-07:00" testType="13cdc9d9-ddb5-4fa4-a97d-d965ccfc6d4b" outcome="Passed" testListId="8c84fa94-04c1-424b-9868-57a2d4851a1d" relativeResultsDirectory="d7d6eaf5-1a9d-4dad-ba77-f9e47d03e1ce" />
    <UnitTestResult executionId="2dd75804-2e33-4420-90a1-df7a2913a829" testId="f277691d-596d-4523-b9a4-c09c3717a1be" testName="TFSTests.WorkItemTracking.SearchResultsProviderTests SearchResultsProviderDefaultsTest" computerName="TFSBUILD11" duration="00:00:00.0190000" startTime="2015-09-28T09:46:10.9062271-07:00" endTime="2015-09-28T09:46:10.9062271-07:00" testType="13cdc9d9-ddb5-4fa4-a97d-d965ccfc6d4b" outcome="Passed" testListId="8c84fa94-04c1-424b-9868-57a2d4851a1d" relativeResultsDirectory="2dd75804-2e33-4420-90a1-df7a2913a829" />
    <UnitTestResult executionId="7e8f63b9-f3fa-47b0-bae0-257f78d4a474" testId="553ba70f-395e-469e-a61c-39dbf9f9b4a9" testName="TFSTests.WorkItemTracking.SearchResultsProviderTests SearchResultsProviderNewSearchTest" computerName="TFSBUILD11" duration="00:00:00.0190000" startTime="2015-09-28T09:46:10.9062271-07:00" endTime="2015-09-28T09:46:10.9062271-07:00" testType="13cdc9d9-ddb5-4fa4-a97d-d965ccfc6d4b" outcome="Passed" testListId="8c84fa94-04c1-424b-9868-57a2d4851a1d" relativeResultsDirectory="7e8f63b9-f3fa-47b0-bae0-257f78d4a474" />
    <UnitTestResult executionId="7fae2c15-e5a4-4bd2-b2b1-7f1ac6147ed7" testId="ac824ef8-80ed-438c-b22b-ebf8e85ef475" testName="TFSTests.WorkItemTracking.SearchResultsProviderTests SearchResultsProviderUpdateModelTest" computerName="TFSBUILD11" duration="00:00:00.0200000" startTime="2015-09-28T09:46:10.9062271-07:00" endTime="2015-09-28T09:46:10.9062271-07:00" testType="13cdc9d9-ddb5-4fa4-a97d-d965ccfc6d4b" outcome="Passed" testListId="8c84fa94-04c1-424b-9868-57a2d4851a1d" relativeResultsDirectory="7fae2c15-e5a4-4bd2-b2b1-7f1ac6147ed7" />
    <UnitTestResult executionId="7bf4b9d0-f280-437d-b7ab-b29296c3de56" testId="c0142abe-9845-411e-83f0-ee96588219e2" testName="TFSTests.WorkItemTracking.QueryEditor Test_isProjectScoped" computerName="TFSBUILD11" duration="00:00:00.1280000" startTime="2015-09-28T09:46:10.9062271-07:00" endTime="2015-09-28T09:46:10.9062271-07:00" testType="13cdc9d9-ddb5-4fa4-a97d-d965ccfc6d4b" outcome="Passed" testListId="8c84fa94-04c1-424b-9868-57a2d4851a1d" relativeResultsDirectory="7bf4b9d0-f280-437d-b7ab-b29296c3de56" />
    <UnitTestResult executionId="b5ea5b66-001a-4be3-aaaf-3f0173d564b0" testId="8e110869-68ef-4d1d-a960-49985a3799c5" testName="TFSTests.WorkItemTracking.QueryEditor Test_getSelectedProject" computerName="TFSBUILD11" duration="00:00:00.0640000" startTime="2015-09-28T09:46:10.9062271-07:00" endTime="2015-09-28T09:46:10.9062271-07:00" testType="13cdc9d9-ddb5-4fa4-a97d-d965ccfc6d4b" outcome="Passed" testListId="8c84fa94-04c1-424b-9868-57a2d4851a1d" relativeResultsDirectory="b5ea5b66-001a-4be3-aaaf-3f0173d564b0" />
    <UnitTestResult executionId="7713ba0b-42ee-40c4-a8bf-ca591b5a7cd1" testId="ada2e53c-45ef-453e-9fbd-66b0f64849e8" testName="TFSTests.WorkItemTracking.TagFilterProvider tagsFilter" computerName="TFSBUILD11" duration="00:00:00.0410000" startTime="2015-09-28T09:46:10.9062271-07:00" endTime="2015-09-28T09:46:10.9062271-07:00" testType="13cdc9d9-ddb5-4fa4-a97d-d965ccfc6d4b" outcome="Passed" testListId="8c84fa94-04c1-424b-9868-57a2d4851a1d" relativeResultsDirectory="7713ba0b-42ee-40c4-a8bf-ca591b5a7cd1" />
    <UnitTestResult executionId="52b985cd-6a91-48a4-a01f-bb547846a075" testId="ca9d4aa7-2085-4ba1-91ac-2bb2dfd47c9f" testName="TFSTests.WorkItemTracking.TagFilterProvider tagsFilter Counting" computerName="TFSBUILD11" duration="00:00:00.0180000" startTime="2015-09-28T09:46:10.9062271-07:00" endTime="2015-09-28T09:46:10.9062271-07:00" testType="13cdc9d9-ddb5-4fa4-a97d-d965ccfc6d4b" outcome="Passed" testListId="8c84fa94-04c1-424b-9868-57a2d4851a1d" relativeResultsDirectory="52b985cd-6a91-48a4-a01f-bb547846a075" />
    <UnitTestResult executionId="0502c28b-73b4-4916-8d66-5db3e5d36ecf" testId="6fdad44a-36de-40a6-9fca-455a13d2a3dd" testName="TFSTests.WorkItemTracking.TagFilterProvider tagsFilter Tag assignment &amp; Enumeration Test" computerName="TFSBUILD11" duration="00:00:00.0220000" startTime="2015-09-28T09:46:10.9062271-07:00" endTime="2015-09-28T09:46:10.9062271-07:00" testType="13cdc9d9-ddb5-4fa4-a97d-d965ccfc6d4b" outcome="Passed" testListId="8c84fa94-04c1-424b-9868-57a2d4851a1d" relativeResultsDirectory="0502c28b-73b4-4916-8d66-5db3e5d36ecf" />
    <UnitTestResult executionId="5fe1dc0e-3524-4b8b-83b9-ca229d0912b0" testId="85965d3f-7329-40cb-b92e-e17e6ca71406" testName="TFSTests.WorkItemTracking.TagFilterProvider tags+textFilter" computerName="TFSBUILD11" duration="00:00:00.0460000" startTime="2015-09-28T09:46:10.9062271-07:00" endTime="2015-09-28T09:46:10.9062271-07:00" testType="13cdc9d9-ddb5-4fa4-a97d-d965ccfc6d4b" outcome="Passed" testListId="8c84fa94-04c1-424b-9868-57a2d4851a1d" relativeResultsDirectory="5fe1dc0e-3524-4b8b-83b9-ca229d0912b0" />
    <UnitTestResult executionId="8c15f168-45cd-4a25-a79f-df852f26f6de" testId="8a29ccbe-b67f-423f-ba97-175438588df8" testName="TFSTests.WorkItemTracking.WorkItemFinderDialog WorkItemFinderDialog_changeButtonState" computerName="TFSBUILD11" duration="00:00:00.0280000" startTime="2015-09-28T09:46:11.1269882-07:00" endTime="2015-09-28T09:46:11.1259878-07:00" testType="13cdc9d9-ddb5-4fa4-a97d-d965ccfc6d4b" outcome="Passed" testListId="8c84fa94-04c1-424b-9868-57a2d4851a1d" relativeResultsDirectory="8c15f168-45cd-4a25-a79f-df852f26f6de" />
    <UnitTestResult executionId="003075a4-1453-4867-b83a-e706794ea81e" testId="0d96f230-4e49-4c0c-bc1c-677279d1704a" testName="TFSTests.WorkItemTracking.WorkItemFinderDialog WorkItemFinderDialog_updateFindButtonAndStyleForIDsTitleAndProject" computerName="TFSBUILD11" duration="00:00:00.0210000" startTime="2015-09-28T09:46:11.1269882-07:00" endTime="2015-09-28T09:46:11.1269882-07:00" testType="13cdc9d9-ddb5-4fa4-a97d-d965ccfc6d4b" outcome="Passed" testListId="8c84fa94-04c1-424b-9868-57a2d4851a1d" relativeResultsDirectory="003075a4-1453-4867-b83a-e706794ea81e" />
    <UnitTestResult executionId="8e85da63-e7bf-4b98-b056-7c2df3216ac7" testId="3896a334-3dd8-4405-9af9-5e59b6eeef8e" testName="TFSTests.WorkItemTracking.WorkItemFinderDialog WorkItemFinderDialog_initializeInputFields" computerName="TFSBUILD11" duration="00:00:00.0180000" startTime="2015-09-28T09:46:11.1269882-07:00" endTime="2015-09-28T09:46:11.1269882-07:00" testType="13cdc9d9-ddb5-4fa4-a97d-d965ccfc6d4b" outcome="Passed" testListId="8c84fa94-04c1-424b-9868-57a2d4851a1d" relativeResultsDirectory="8e85da63-e7bf-4b98-b056-7c2df3216ac7" />
    <UnitTestResult executionId="ce0e5329-0a05-4178-bfcf-a39ec764c5b6" testId="083f1817-015f-4382-95fd-e61329d9e249" testName="TFSTests.WorkItemTracking.WorkItemFinderDialog WorkItemFinderDialog_disableInputField" computerName="TFSBUILD11" duration="00:00:00.0270000" startTime="2015-09-28T09:46:11.1269882-07:00" endTime="2015-09-28T09:46:11.1269882-07:00" testType="13cdc9d9-ddb5-4fa4-a97d-d965ccfc6d4b" outcome="Passed" testListId="8c84fa94-04c1-424b-9868-57a2d4851a1d" relativeResultsDirectory="ce0e5329-0a05-4178-bfcf-a39ec764c5b6" />
    <UnitTestResult executionId="9416ffd9-9ecb-42a1-a3fa-80682474ba5a" testId="fbccdd52-b987-4467-acb4-3b0a75e659ec" testName="TFSTests.WorkItemTracking.WorkItemFinderDialog WorkItemFinderDialog_unselectAll" computerName="TFSBUILD11" duration="00:00:00.0190000" startTime="2015-09-28T09:46:11.1269882-07:00" endTime="2015-09-28T09:46:11.1269882-07:00" testType="13cdc9d9-ddb5-4fa4-a97d-d965ccfc6d4b" outcome="Passed" testListId="8c84fa94-04c1-424b-9868-57a2d4851a1d" relativeResultsDirectory="9416ffd9-9ecb-42a1-a3fa-80682474ba5a" />
    <UnitTestResult executionId="a98a1107-d1d9-4303-96af-55b8b177344e" testId="2127ef6c-6826-450c-ae90-3d9e2ca81f8d" testName="TFSTests.WorkItemTracking.WorkItemFinderDialog WorkItemFinderDialog_selectAll" computerName="TFSBUILD11" duration="00:00:00.0220000" startTime="2015-09-28T09:46:11.1269882-07:00" endTime="2015-09-28T09:46:11.1269882-07:00" testType="13cdc9d9-ddb5-4fa4-a97d-d965ccfc6d4b" outcome="Passed" testListId="8c84fa94-04c1-424b-9868-57a2d4851a1d" relativeResultsDirectory="a98a1107-d1d9-4303-96af-55b8b177344e" />
    <UnitTestResult executionId="87a6262b-e92d-459e-a630-5659f5454bc7" testId="89027e7a-f379-4aa8-a73b-9a30d6b2c154" testName="TFSTests.WorkItemTracking.WorkItemFinderDialog WorkItemFinderDialog_resetButtonsAndResultGrid" computerName="TFSBUILD11" duration="00:00:00.0220000" startTime="2015-09-28T09:46:11.1269882-07:00" endTime="2015-09-28T09:46:11.1269882-07:00" testType="13cdc9d9-ddb5-4fa4-a97d-d965ccfc6d4b" outcome="Passed" testListId="8c84fa94-04c1-424b-9868-57a2d4851a1d" relativeResultsDirectory="87a6262b-e92d-459e-a630-5659f5454bc7" />
    <UnitTestResult executionId="2f76c7ae-6397-4a73-95e9-52b8360b7d7c" testId="7dedf08f-ea5e-44bd-9b90-4ce3121d73fc" testName="TFSTests.WorkItemTracking.WorkItemFinderDialog WorkItemFinderDialog_reset" computerName="TFSBUILD11" duration="00:00:00.0300000" startTime="2015-09-28T09:46:11.1279892-07:00" endTime="2015-09-28T09:46:11.1279892-07:00" testType="13cdc9d9-ddb5-4fa4-a97d-d965ccfc6d4b" outcome="Passed" testListId="8c84fa94-04c1-424b-9868-57a2d4851a1d" relativeResultsDirectory="2f76c7ae-6397-4a73-95e9-52b8360b7d7c" />
    <UnitTestResult executionId="059e249f-7b95-4d5a-9191-d4bd098542ff" testId="2a45b18a-b644-4905-bbc3-a9a02df9ea28" testName="TFSTests.WorkItemTracking.WorkItemFinderDialog WorkItemFinderDialog_enableDisableQueryMethod" computerName="TFSBUILD11" duration="00:00:00.0210000" startTime="2015-09-28T09:46:11.1279892-07:00" endTime="2015-09-28T09:46:11.1279892-07:00" testType="13cdc9d9-ddb5-4fa4-a97d-d965ccfc6d4b" outcome="Passed" testListId="8c84fa94-04c1-424b-9868-57a2d4851a1d" relativeResultsDirectory="059e249f-7b95-4d5a-9191-d4bd098542ff" />
    <UnitTestResult executionId="d4cfc59c-9286-464e-856c-0127df32fde0" testId="fc930838-28ff-4522-a7ca-73ea7be286e2" testName="TFSTests.WorkItemTracking.WorkItemFinderDialog WorkItemFinderDialog_onQueryChanged" computerName="TFSBUILD11" duration="00:00:00.0220000" startTime="2015-09-28T09:46:11.4554918-07:00" endTime="2015-09-28T09:46:11.4554918-07:00" testType="13cdc9d9-ddb5-4fa4-a97d-d965ccfc6d4b" outcome="Passed" testListId="8c84fa94-04c1-424b-9868-57a2d4851a1d" relativeResultsDirectory="d4cfc59c-9286-464e-856c-0127df32fde0" />
    <UnitTestResult executionId="bd44242a-70e1-408d-8f3a-e1c199cab3d0" testId="2cd7521a-028f-47d5-8a82-e3060232ad5d" testName="TFSTests.WorkItemTracking.WorkItemFinderDialog WorkItemFinderDialog_onSelectedWorkItemChanged" computerName="TFSBUILD11" duration="00:00:00.0180000" startTime="2015-09-28T09:46:11.4554918-07:00" endTime="2015-09-28T09:46:11.4554918-07:00" testType="13cdc9d9-ddb5-4fa4-a97d-d965ccfc6d4b" outcome="Passed" testListId="8c84fa94-04c1-424b-9868-57a2d4851a1d" relativeResultsDirectory="bd44242a-70e1-408d-8f3a-e1c199cab3d0" />
    <UnitTestResult executionId="07fa6d7e-8243-4dca-92f9-578683f90480" testId="6ef4a36b-a79a-475b-9259-bfdad4cbdfbb" testName="TFSTests.WorkItemTracking.WorkItemFinderDialog WorkItemFinderDialog_populateWITTypes" computerName="TFSBUILD11" duration="00:00:00.0210000" startTime="2015-09-28T09:46:11.4554918-07:00" endTime="2015-09-28T09:46:11.4554918-07:00" testType="13cdc9d9-ddb5-4fa4-a97d-d965ccfc6d4b" outcome="Passed" testListId="8c84fa94-04c1-424b-9868-57a2d4851a1d" relativeResultsDirectory="07fa6d7e-8243-4dca-92f9-578683f90480" />
    <UnitTestResult executionId="97f54b6b-7b1e-40ec-8b78-25bf70865c13" testId="bf84b31c-7486-4659-9e0f-17be3ac88a67" testName="TFSTests.WorkItemTracking.WorkItemFinderDialog WorkItemFinderDialog_populateProjects" computerName="TFSBUILD11" duration="00:00:00.0270000" startTime="2015-09-28T09:46:11.4564914-07:00" endTime="2015-09-28T09:46:11.4564914-07:00" testType="13cdc9d9-ddb5-4fa4-a97d-d965ccfc6d4b" outcome="Passed" testListId="8c84fa94-04c1-424b-9868-57a2d4851a1d" relativeResultsDirectory="97f54b6b-7b1e-40ec-8b78-25bf70865c13" />
    <UnitTestResult executionId="8e6bf4a1-c2f9-4fef-a8cd-d577d8eab246" testId="826d5d68-f5af-4332-b359-0fb96a917d0f" testName="TFSTests.WorkItemTracking.WorkItemsNavigator isNextPreviousAvailable" computerName="TFSBUILD11" duration="00:00:00.0170000" startTime="2015-09-28T09:46:11.4564914-07:00" endTime="2015-09-28T09:46:11.4564914-07:00" testType="13cdc9d9-ddb5-4fa4-a97d-d965ccfc6d4b" outcome="Passed" testListId="8c84fa94-04c1-424b-9868-57a2d4851a1d" relativeResultsDirectory="8e6bf4a1-c2f9-4fef-a8cd-d577d8eab246" />
    <UnitTestResult executionId="47538734-f68e-4b25-8284-4a3fb3a9610d" testId="266bf8a8-a385-4ae7-bb1c-d91d5f42f95d" testName="TFSTests.WorkItemTracking.WorkItemsNavigator raiseIndexChangedEvents" computerName="TFSBUILD11" duration="00:00:00.0190000" startTime="2015-09-28T09:46:11.4564914-07:00" endTime="2015-09-28T09:46:11.4564914-07:00" testType="13cdc9d9-ddb5-4fa4-a97d-d965ccfc6d4b" outcome="Passed" testListId="8c84fa94-04c1-424b-9868-57a2d4851a1d" relativeResultsDirectory="47538734-f68e-4b25-8284-4a3fb3a9610d" />
    <UnitTestResult executionId="0027ea21-a554-4c41-87f5-26d7735e3c05" testId="ef2ef02b-4d61-4557-8b51-0d2627d23016" testName="TFSTests.WorkItemTracking.WorkItemsNavigator raiseNextPreviousEvents" computerName="TFSBUILD11" duration="00:00:00.0160000" startTime="2015-09-28T09:46:11.4564914-07:00" endTime="2015-09-28T09:46:11.4564914-07:00" testType="13cdc9d9-ddb5-4fa4-a97d-d965ccfc6d4b" outcome="Passed" testListId="8c84fa94-04c1-424b-9868-57a2d4851a1d" relativeResultsDirectory="0027ea21-a554-4c41-87f5-26d7735e3c05" />
    <UnitTestResult executionId="43551352-2750-4f29-aca5-9c429ec2b6ca" testId="45a70215-66d3-46c7-967b-7c8d4d099aca" testName="TFSTests.WorkItemTracking.WorkItemsNavigator triageSummaryText" computerName="TFSBUILD11" duration="00:00:00.0160000" startTime="2015-09-28T09:46:11.4564914-07:00" endTime="2015-09-28T09:46:11.4564914-07:00" testType="13cdc9d9-ddb5-4fa4-a97d-d965ccfc6d4b" outcome="Passed" testListId="8c84fa94-04c1-424b-9868-57a2d4851a1d" relativeResultsDirectory="43551352-2750-4f29-aca5-9c429ec2b6ca" />
  </Results>
  <TestDefinitions>
    <UnitTest name="TFSTests.WorkItemTracking.TwoOneOneSectionFormGrid Will draw Two-One-One layout in large mode" storage="d:\v2.0\a1\_work\dbded102\vso\tfs\service\webaccess\workitemtracking\testscripts\tests\form\tfstests.workitemtracking.form.grid.ts" id="80acfc85-f5fe-4c5a-8842-4e15680d3c13">
      <Execution id="8a0993d8-6e81-40ad-8de2-084a770d338c" />
      <TestMethod codeBase="d:\v2.0\a1\_work\dbded102\vso\tfs\service\webaccess\workitemtracking\testscripts\tests\form\tfstests.workitemtracking.form.grid.ts" adapterTypeName="Microsoft.VisualStudio.TestTools.TestTypes.Unit.UnitTestAdapter" className="d:\v2.0\a1\_work\dbded102\vso\tfs\service\webaccess\workitemtracking\testscripts\tests\form\tfstests.workitemtracking.form.grid.ts::tfstests.workitemtracking" name="TFSTests.WorkItemTracking.TwoOneOneSectionFormGrid Will draw Two-One-One layout in large mode" />
    </UnitTest>
    <UnitTest name="TFSTests.WorkItemTracking.TwoOneOneSectionFormGrid Will draw Two-One-One layout in medium mode" storage="d:\v2.0\a1\_work\dbded102\vso\tfs\service\webaccess\workitemtracking\testscripts\tests\form\tfstests.workitemtracking.form.grid.ts" id="4d289927-c571-414d-82b6-390823558eb5">
      <Execution id="197f3ed7-946c-411d-a66d-ade5110657f4" />
      <TestMethod codeBase="d:\v2.0\a1\_work\dbded102\vso\tfs\service\webaccess\workitemtracking\testscripts\tests\form\tfstests.workitemtracking.form.grid.ts" adapterTypeName="Microsoft.VisualStudio.TestTools.TestTypes.Unit.UnitTestAdapter" className="d:\v2.0\a1\_work\dbded102\vso\tfs\service\webaccess\workitemtracking\testscripts\tests\form\tfstests.workitemtracking.form.grid.ts::tfstests.workitemtracking" name="TFSTests.WorkItemTracking.TwoOneOneSectionFormGrid Will draw Two-One-One layout in medium mode" />
    </UnitTest>
    <UnitTest name="TFSTests.WorkItemTracking.TwoOneOneSectionFormGrid Will draw Two-One-One layout in small mode" storage="d:\v2.0\a1\_work\dbded102\vso\tfs\service\webaccess\workitemtracking\testscripts\tests\form\tfstests.workitemtracking.form.grid.ts" id="c1bacdba-a823-42d0-aa52-ab1fb21d1d5d">
      <Execution id="891c059b-70be-49d5-a734-95586fe94140" />
      <TestMethod codeBase="d:\v2.0\a1\_work\dbded102\vso\tfs\service\webaccess\workitemtracking\testscripts\tests\form\tfstests.workitemtracking.form.grid.ts" adapterTypeName="Microsoft.VisualStudio.TestTools.TestTypes.Unit.UnitTestAdapter" className="d:\v2.0\a1\_work\dbded102\vso\tfs\service\webaccess\workitemtracking\testscripts\tests\form\tfstests.workitemtracking.form.grid.ts::tfstests.workitemtracking" name="TFSTests.WorkItemTracking.TwoOneOneSectionFormGrid Will draw Two-One-One layout in small mode" />
    </UnitTest>
    <UnitTest name="TFSTests.WorkItemTracking.ErrorHandling workItemSaveError" storage="d:\v2.0\a1\_work\dbded102\vso\tfs\service\webaccess\workitemtracking\testscripts\tests\tfstests.workitemtracking.errorhandling.ts" id="76152440-12b3-4033-adb4-bad013f4cf2c">
      <Execution id="a44e2393-14ef-40b2-9db7-c70dd53cfb3c" />
      <TestMethod codeBase="d:\v2.0\a1\_work\dbded102\vso\tfs\service\webaccess\workitemtracking\testscripts\tests\tfstests.workitemtracking.errorhandling.ts" adapterTypeName="Microsoft.VisualStudio.TestTools.TestTypes.Unit.UnitTestAdapter" className="d:\v2.0\a1\_work\dbded102\vso\tfs\service\webaccess\workitemtracking\testscripts\tests\tfstests.workitemtracking.errorhandling.ts::tfstests.workitemtracking" name="TFSTests.WorkItemTracking.ErrorHandling workItemSaveError" />
    </UnitTest>
    <UnitTest name="TFSTests.WorkItemTracking.ErrorHandling workItemBatchSaveError" storage="d:\v2.0\a1\_work\dbded102\vso\tfs\service\webaccess\workitemtracking\testscripts\tests\tfstests.workitemtracking.errorhandling.ts" id="7a621230-58a1-49d6-895f-d831a113f345">
      <Execution id="0771caa9-67c9-4a88-95f4-b821e8f620fa" />
      <TestMethod codeBase="d:\v2.0\a1\_work\dbded102\vso\tfs\service\webaccess\workitemtracking\testscripts\tests\tfstests.workitemtracking.errorhandling.ts" adapterTypeName="Microsoft.VisualStudio.TestTools.TestTypes.Unit.UnitTestAdapter" className="d:\v2.0\a1\_work\dbded102\vso\tfs\service\webaccess\workitemtracking\testscripts\tests\tfstests.workitemtracking.errorhandling.ts::tfstests.workitemtracking" name="TFSTests.WorkItemTracking.ErrorHandling workItemBatchSaveError" />
    </UnitTest>
    <UnitTest name="TFSTests.WorkItemTracking.ErrorHandling workItemErrorMethods" storage="d:\v2.0\a1\_work\dbded102\vso\tfs\service\webaccess\workitemtracking\testscripts\tests\tfstests.workitemtracking.errorhandling.ts" id="c8612062-aea3-4301-8813-48fb79e314b2">
      <Execution id="776ffe88-6a27-4cae-a122-e68f0085e5ec" />
      <TestMethod codeBase="d:\v2.0\a1\_work\dbded102\vso\tfs\service\webaccess\workitemtracking\testscripts\tests\tfstests.workitemtracking.errorhandling.ts" adapterTypeName="Microsoft.VisualStudio.TestTools.TestTypes.Unit.UnitTestAdapter" className="d:\v2.0\a1\_work\dbded102\vso\tfs\service\webaccess\workitemtracking\testscripts\tests\tfstests.workitemtracking.errorhandling.ts::tfstests.workitemtracking" name="TFSTests.WorkItemTracking.ErrorHandling workItemErrorMethods" />
    </UnitTest>
    <UnitTest name="TFSTests.WorkItemTracking.Extensions TestGetRevisionReturnsCorrectly" storage="d:\v2.0\a1\_work\dbded102\vso\tfs\service\webaccess\workitemtracking\testscripts\tests\tfstests.workitemtracking.extensions.ts" id="f26e547a-bc98-4d81-b094-875e82a8c641">
      <Execution id="bb200442-1779-4ba5-8fce-12eeee330c3b" />
      <TestMethod codeBase="d:\v2.0\a1\_work\dbded102\vso\tfs\service\webaccess\workitemtracking\testscripts\tests\tfstests.workitemtracking.extensions.ts" adapterTypeName="Microsoft.VisualStudio.TestTools.TestTypes.Unit.UnitTestAdapter" className="d:\v2.0\a1\_work\dbded102\vso\tfs\service\webaccess\workitemtracking\testscripts\tests\tfstests.workitemtracking.extensions.ts::tfstests.workitemtracking" name="TFSTests.WorkItemTracking.Extensions TestGetRevisionReturnsCorrectly" />
    </UnitTest>
    <UnitTest name="TFSTests.WorkItemTracking.Extensions TestGetRevisionReturnsCorrectly" storage="d:\v2.0\a1\_work\dbded102\vso\tfs\service\webaccess\workitemtracking\testscripts\tests\tfstests.workitemtracking.extensions.ts" id="63ffbd5b-9b4e-41d0-8e4c-fabe9f4a9595">
      <Execution id="bb9c8e5b-e2bd-4513-b742-f73ecbd27608" />
      <TestMethod codeBase="d:\v2.0\a1\_work\dbded102\vso\tfs\service\webaccess\workitemtracking\testscripts\tests\tfstests.workitemtracking.extensions.ts" adapterTypeName="Microsoft.VisualStudio.TestTools.TestTypes.Unit.UnitTestAdapter" className="d:\v2.0\a1\_work\dbded102\vso\tfs\service\webaccess\workitemtracking\testscripts\tests\tfstests.workitemtracking.extensions.ts::tfstests.workitemtracking" name="TFSTests.WorkItemTracking.Extensions TestGetRevisionReturnsCorrectly" />
    </UnitTest>
    <UnitTest name="TFSTests.WorkItemTracking.Extensions TestIsNewReturnsCorrectly" storage="d:\v2.0\a1\_work\dbded102\vso\tfs\service\webaccess\workitemtracking\testscripts\tests\tfstests.workitemtracking.extensions.ts" id="bb75a1ad-ace0-48fe-84d7-36791662b53c">
      <Execution id="0acf321c-5742-424d-be2e-6e192d07832b" />
      <TestMethod codeBase="d:\v2.0\a1\_work\dbded102\vso\tfs\service\webaccess\workitemtracking\testscripts\tests\tfstests.workitemtracking.extensions.ts" adapterTypeName="Microsoft.VisualStudio.TestTools.TestTypes.Unit.UnitTestAdapter" className="d:\v2.0\a1\_work\dbded102\vso\tfs\service\webaccess\workitemtracking\testscripts\tests\tfstests.workitemtracking.extensions.ts::tfstests.workitemtracking" name="TFSTests.WorkItemTracking.Extensions TestIsNewReturnsCorrectly" />
    </UnitTest>
    <UnitTest name="TFSTests.WorkItemTracking.Extensions TestGetFieldsReturnsCorrectValues" storage="d:\v2.0\a1\_work\dbded102\vso\tfs\service\webaccess\workitemtracking\testscripts\tests\tfstests.workitemtracking.extensions.ts" id="0f48b108-96c3-4bab-8545-881430eb64f2">
      <Execution id="8e3fc8b2-2d25-40f5-af23-583ef1541abc" />
      <TestMethod codeBase="d:\v2.0\a1\_work\dbded102\vso\tfs\service\webaccess\workitemtracking\testscripts\tests\tfstests.workitemtracking.extensions.ts" adapterTypeName="Microsoft.VisualStudio.TestTools.TestTypes.Unit.UnitTestAdapter" className="d:\v2.0\a1\_work\dbded102\vso\tfs\service\webaccess\workitemtracking\testscripts\tests\tfstests.workitemtracking.extensions.ts::tfstests.workitemtracking" name="TFSTests.WorkItemTracking.Extensions TestGetFieldsReturnsCorrectValues" />
    </UnitTest>
    <UnitTest name="TFSTests.WorkItemTracking.Extensions TestGetFieldValue" storage="d:\v2.0\a1\_work\dbded102\vso\tfs\service\webaccess\workitemtracking\testscripts\tests\tfstests.workitemtracking.extensions.ts" id="d95186e6-fc27-4cd8-a4ac-446617f70c4f">
      <Execution id="984a2cb1-ef3a-4d68-a320-1f4ac04b96c9" />
      <TestMethod codeBase="d:\v2.0\a1\_work\dbded102\vso\tfs\service\webaccess\workitemtracking\testscripts\tests\tfstests.workitemtracking.extensions.ts" adapterTypeName="Microsoft.VisualStudio.TestTools.TestTypes.Unit.UnitTestAdapter" className="d:\v2.0\a1\_work\dbded102\vso\tfs\service\webaccess\workitemtracking\testscripts\tests\tfstests.workitemtracking.extensions.ts::tfstests.workitemtracking" name="TFSTests.WorkItemTracking.Extensions TestGetFieldValue" />
    </UnitTest>
    <UnitTest name="TFSTests.WorkItemTracking.Extensions TestSetFieldValue" storage="d:\v2.0\a1\_work\dbded102\vso\tfs\service\webaccess\workitemtracking\testscripts\tests\tfstests.workitemtracking.extensions.ts" id="388b223b-8a2b-4c84-bc9d-c7265af51483">
      <Execution id="d429260d-773f-4ac4-a6ea-1df4bcae1d86" />
      <TestMethod codeBase="d:\v2.0\a1\_work\dbded102\vso\tfs\service\webaccess\workitemtracking\testscripts\tests\tfstests.workitemtracking.extensions.ts" adapterTypeName="Microsoft.VisualStudio.TestTools.TestTypes.Unit.UnitTestAdapter" className="d:\v2.0\a1\_work\dbded102\vso\tfs\service\webaccess\workitemtracking\testscripts\tests\tfstests.workitemtracking.extensions.ts::tfstests.workitemtracking" name="TFSTests.WorkItemTracking.Extensions TestSetFieldValue" />
    </UnitTest>
    <UnitTest name="TFSTests.WorkItemTracking.Extensions TestIsValidReturnsCorrectly" storage="d:\v2.0\a1\_work\dbded102\vso\tfs\service\webaccess\workitemtracking\testscripts\tests\tfstests.workitemtracking.extensions.ts" id="1ad91893-445b-44bb-a91b-c2c6c882e9e1">
      <Execution id="e1808c79-20f6-40b9-9169-f35bcd6d1653" />
      <TestMethod codeBase="d:\v2.0\a1\_work\dbded102\vso\tfs\service\webaccess\workitemtracking\testscripts\tests\tfstests.workitemtracking.extensions.ts" adapterTypeName="Microsoft.VisualStudio.TestTools.TestTypes.Unit.UnitTestAdapter" className="d:\v2.0\a1\_work\dbded102\vso\tfs\service\webaccess\workitemtracking\testscripts\tests\tfstests.workitemtracking.extensions.ts::tfstests.workitemtracking" name="TFSTests.WorkItemTracking.Extensions TestIsValidReturnsCorrectly" />
    </UnitTest>
    <UnitTest name="TFSTests.WorkItemTracking.Extensions TestHasActiveWorkItem" storage="d:\v2.0\a1\_work\dbded102\vso\tfs\service\webaccess\workitemtracking\testscripts\tests\tfstests.workitemtracking.extensions.ts" id="b368eff6-7049-4518-962f-ffeabf4547cc">
      <Execution id="6a00d756-46fe-4245-8bd0-cbd8914d492c" />
      <TestMethod codeBase="d:\v2.0\a1\_work\dbded102\vso\tfs\service\webaccess\workitemtracking\testscripts\tests\tfstests.workitemtracking.extensions.ts" adapterTypeName="Microsoft.VisualStudio.TestTools.TestTypes.Unit.UnitTestAdapter" className="d:\v2.0\a1\_work\dbded102\vso\tfs\service\webaccess\workitemtracking\testscripts\tests\tfstests.workitemtracking.extensions.ts::tfstests.workitemtracking" name="TFSTests.WorkItemTracking.Extensions TestHasActiveWorkItem" />
    </UnitTest>
    <UnitTest name="TFSTests.WorkItemTracking.Extensions TestGetResourceUrlReturnsCorrectly" storage="d:\v2.0\a1\_work\dbded102\vso\tfs\service\webaccess\workitemtracking\testscripts\tests\tfstests.workitemtracking.extensions.ts" id="eab5401e-9b90-4325-bcb1-722d62ac0345">
      <Execution id="ad50958d-a46e-42cc-9cc6-a9248ba3ff3c" />
      <TestMethod codeBase="d:\v2.0\a1\_work\dbded102\vso\tfs\service\webaccess\workitemtracking\testscripts\tests\tfstests.workitemtracking.extensions.ts" adapterTypeName="Microsoft.VisualStudio.TestTools.TestTypes.Unit.UnitTestAdapter" className="d:\v2.0\a1\_work\dbded102\vso\tfs\service\webaccess\workitemtracking\testscripts\tests\tfstests.workitemtracking.extensions.ts::tfstests.workitemtracking" name="TFSTests.WorkItemTracking.Extensions TestGetResourceUrlReturnsCorrectly" />
    </UnitTest>
    <UnitTest name="TFSTests.WorkItemTracking.Extensions TestGetWorkItemRelationsTypesReturnsCorrectly" storage="d:\v2.0\a1\_work\dbded102\vso\tfs\service\webaccess\workitemtracking\testscripts\tests\tfstests.workitemtracking.extensions.ts" id="7694dfe6-a614-4db1-887b-281f866b32f9">
      <Execution id="9b9addfe-d66f-459d-a182-c63a755f207d" />
      <TestMethod codeBase="d:\v2.0\a1\_work\dbded102\vso\tfs\service\webaccess\workitemtracking\testscripts\tests\tfstests.workitemtracking.extensions.ts" adapterTypeName="Microsoft.VisualStudio.TestTools.TestTypes.Unit.UnitTestAdapter" className="d:\v2.0\a1\_work\dbded102\vso\tfs\service\webaccess\workitemtracking\testscripts\tests\tfstests.workitemtracking.extensions.ts::tfstests.workitemtracking" name="TFSTests.WorkItemTracking.Extensions TestGetWorkItemRelationsTypesReturnsCorrectly" />
    </UnitTest>
    <UnitTest name="TFSTests.WorkItemTracking.Extensions TestAddAndRemoveLinkWorkingCorrectly" storage="d:\v2.0\a1\_work\dbded102\vso\tfs\service\webaccess\workitemtracking\testscripts\tests\tfstests.workitemtracking.extensions.ts" id="c7f045c6-4d21-46d4-b57f-1e386d22cf84">
      <Execution id="30dcdae9-ae75-4976-824b-f5f89ccb50ef" />
      <TestMethod codeBase="d:\v2.0\a1\_work\dbded102\vso\tfs\service\webaccess\workitemtracking\testscripts\tests\tfstests.workitemtracking.extensions.ts" adapterTypeName="Microsoft.VisualStudio.TestTools.TestTypes.Unit.UnitTestAdapter" className="d:\v2.0\a1\_work\dbded102\vso\tfs\service\webaccess\workitemtracking\testscripts\tests\tfstests.workitemtracking.extensions.ts::tfstests.workitemtracking" name="TFSTests.WorkItemTracking.Extensions TestAddAndRemoveLinkWorkingCorrectly" />
    </UnitTest>
    <UnitTest name="TFSTests.WorkItemTracking.MergeOnSave conflictingEdit" storage="d:\v2.0\a1\_work\dbded102\vso\tfs\service\webaccess\workitemtracking\testscripts\tests\tfstests.workitemtracking.mergeonsave.ts" id="e922df35-09a2-4934-a4f3-b991dc288bff">
      <Execution id="6b102d20-f00e-47fb-8444-ef0f2cb8efd1" />
      <TestMethod codeBase="d:\v2.0\a1\_work\dbded102\vso\tfs\service\webaccess\workitemtracking\testscripts\tests\tfstests.workitemtracking.mergeonsave.ts" adapterTypeName="Microsoft.VisualStudio.TestTools.TestTypes.Unit.UnitTestAdapter" className="d:\v2.0\a1\_work\dbded102\vso\tfs\service\webaccess\workitemtracking\testscripts\tests\tfstests.workitemtracking.mergeonsave.ts::tfstests.workitemtracking" name="TFSTests.WorkItemTracking.MergeOnSave conflictingEdit" />
    </UnitTest>
    <UnitTest name="TFSTests.WorkItemTracking.MergeOnSave nonConflictingEdit" storage="d:\v2.0\a1\_work\dbded102\vso\tfs\service\webaccess\workitemtracking\testscripts\tests\tfstests.workitemtracking.mergeonsave.ts" id="49d4d6aa-6d3e-46ba-b9f8-d21875945662">
      <Execution id="6f947b4b-7e36-4437-928b-4a842cca9b7b" />
      <TestMethod codeBase="d:\v2.0\a1\_work\dbded102\vso\tfs\service\webaccess\workitemtracking\testscripts\tests\tfstests.workitemtracking.mergeonsave.ts" adapterTypeName="Microsoft.VisualStudio.TestTools.TestTypes.Unit.UnitTestAdapter" className="d:\v2.0\a1\_work\dbded102\vso\tfs\service\webaccess\workitemtracking\testscripts\tests\tfstests.workitemtracking.mergeonsave.ts::tfstests.workitemtracking" name="TFSTests.WorkItemTracking.MergeOnSave nonConflictingEdit" />
    </UnitTest>
    <UnitTest name="TFSTests.WorkItemTracking.MergeOnSave sameUpdateOnClientAndServer" storage="d:\v2.0\a1\_work\dbded102\vso\tfs\service\webaccess\workitemtracking\testscripts\tests\tfstests.workitemtracking.mergeonsave.ts" id="af178f24-02c4-4c11-950f-7d735de5f8f4">
      <Execution id="9aef7024-a345-43a6-a7bf-066a58c2e5fa" />
      <TestMethod codeBase="d:\v2.0\a1\_work\dbded102\vso\tfs\service\webaccess\workitemtracking\testscripts\tests\tfstests.workitemtracking.mergeonsave.ts" adapterTypeName="Microsoft.VisualStudio.TestTools.TestTypes.Unit.UnitTestAdapter" className="d:\v2.0\a1\_work\dbded102\vso\tfs\service\webaccess\workitemtracking\testscripts\tests\tfstests.workitemtracking.mergeonsave.ts::tfstests.workitemtracking" name="TFSTests.WorkItemTracking.MergeOnSave sameUpdateOnClientAndServer" />
    </UnitTest>
    <UnitTest name="TFSTests.WorkItemTracking.MergeOnSave addedLinkIsMerged" storage="d:\v2.0\a1\_work\dbded102\vso\tfs\service\webaccess\workitemtracking\testscripts\tests\tfstests.workitemtracking.mergeonsave.ts" id="8ac7c8db-8408-4c1f-b047-95155af65d7c">
      <Execution id="7403e3d0-b91b-4649-a59e-81ed869e729a" />
      <TestMethod codeBase="d:\v2.0\a1\_work\dbded102\vso\tfs\service\webaccess\workitemtracking\testscripts\tests\tfstests.workitemtracking.mergeonsave.ts" adapterTypeName="Microsoft.VisualStudio.TestTools.TestTypes.Unit.UnitTestAdapter" className="d:\v2.0\a1\_work\dbded102\vso\tfs\service\webaccess\workitemtracking\testscripts\tests\tfstests.workitemtracking.mergeonsave.ts::tfstests.workitemtracking" name="TFSTests.WorkItemTracking.MergeOnSave addedLinkIsMerged" />
    </UnitTest>
    <UnitTest name="TFSTests.WorkItemTracking.MergeOnSave deletedLinkIsMerged" storage="d:\v2.0\a1\_work\dbded102\vso\tfs\service\webaccess\workitemtracking\testscripts\tests\tfstests.workitemtracking.mergeonsave.ts" id="e769ece0-60e2-4703-a70f-c50ed4e57edc">
      <Execution id="59631dfc-3d0f-46ac-b2d1-2c37319dfa69" />
      <TestMethod codeBase="d:\v2.0\a1\_work\dbded102\vso\tfs\service\webaccess\workitemtracking\testscripts\tests\tfstests.workitemtracking.mergeonsave.ts" adapterTypeName="Microsoft.VisualStudio.TestTools.TestTypes.Unit.UnitTestAdapter" className="d:\v2.0\a1\_work\dbded102\vso\tfs\service\webaccess\workitemtracking\testscripts\tests\tfstests.workitemtracking.mergeonsave.ts::tfstests.workitemtracking" name="TFSTests.WorkItemTracking.MergeOnSave deletedLinkIsMerged" />
    </UnitTest>
    <UnitTest name="TFSTests.WorkItemTracking.MergeOnSave evaluateDoesNotResetDirty" storage="d:\v2.0\a1\_work\dbded102\vso\tfs\service\webaccess\workitemtracking\testscripts\tests\tfstests.workitemtracking.mergeonsave.ts" id="e469e51c-211c-4403-9f5e-401fc7dbcb14">
      <Execution id="09043d31-ba92-475f-a104-6e75c631ded6" />
      <TestMethod codeBase="d:\v2.0\a1\_work\dbded102\vso\tfs\service\webaccess\workitemtracking\testscripts\tests\tfstests.workitemtracking.mergeonsave.ts" adapterTypeName="Microsoft.VisualStudio.TestTools.TestTypes.Unit.UnitTestAdapter" className="d:\v2.0\a1\_work\dbded102\vso\tfs\service\webaccess\workitemtracking\testscripts\tests\tfstests.workitemtracking.mergeonsave.ts::tfstests.workitemtracking" name="TFSTests.WorkItemTracking.MergeOnSave evaluateDoesNotResetDirty" />
    </UnitTest>
    <UnitTest name="TFSTests.WorkItemTracking.NodeHelpers findByPath_CoreSearchBehavior" storage="d:\v2.0\a1\_work\dbded102\vso\tfs\service\webaccess\workitemtracking\testscripts\tests\tfstests.workitemtracking.nodehelpers.ts" id="da6eddc8-d734-4a83-954f-ddade2555e8e">
      <Execution id="b5cfbc10-98b5-449b-9e12-4073fcffd3cd" />
      <TestMethod codeBase="d:\v2.0\a1\_work\dbded102\vso\tfs\service\webaccess\workitemtracking\testscripts\tests\tfstests.workitemtracking.nodehelpers.ts" adapterTypeName="Microsoft.VisualStudio.TestTools.TestTypes.Unit.UnitTestAdapter" className="d:\v2.0\a1\_work\dbded102\vso\tfs\service\webaccess\workitemtracking\testscripts\tests\tfstests.workitemtracking.nodehelpers.ts::tfstests.workitemtracking" name="TFSTests.WorkItemTracking.NodeHelpers findByPath_CoreSearchBehavior" />
    </UnitTest>
    <UnitTest name="TFSTests.WorkItemTracking.NodeHelpers findByPath_InputValidation" storage="d:\v2.0\a1\_work\dbded102\vso\tfs\service\webaccess\workitemtracking\testscripts\tests\tfstests.workitemtracking.nodehelpers.ts" id="0f61221e-f128-4e7f-9ddf-ae0ee8468df9">
      <Execution id="35205cd7-45fe-41ed-968a-1a2f1fceec4e" />
      <TestMethod codeBase="d:\v2.0\a1\_work\dbded102\vso\tfs\service\webaccess\workitemtracking\testscripts\tests\tfstests.workitemtracking.nodehelpers.ts" adapterTypeName="Microsoft.VisualStudio.TestTools.TestTypes.Unit.UnitTestAdapter" className="d:\v2.0\a1\_work\dbded102\vso\tfs\service\webaccess\workitemtracking\testscripts\tests\tfstests.workitemtracking.nodehelpers.ts::tfstests.workitemtracking" name="TFSTests.WorkItemTracking.NodeHelpers findByPath_InputValidation" />
    </UnitTest>
    <UnitTest name="TFSTests.WorkItemTracking.NodeHelpers findByPath_EdgeCases" storage="d:\v2.0\a1\_work\dbded102\vso\tfs\service\webaccess\workitemtracking\testscripts\tests\tfstests.workitemtracking.nodehelpers.ts" id="8df1224b-ba42-409f-b1d0-ccd54c119e88">
      <Execution id="35df8106-43cc-4bd5-b781-e9edf80d390a" />
      <TestMethod codeBase="d:\v2.0\a1\_work\dbded102\vso\tfs\service\webaccess\workitemtracking\testscripts\tests\tfstests.workitemtracking.nodehelpers.ts" adapterTypeName="Microsoft.VisualStudio.TestTools.TestTypes.Unit.UnitTestAdapter" className="d:\v2.0\a1\_work\dbded102\vso\tfs\service\webaccess\workitemtracking\testscripts\tests\tfstests.workitemtracking.nodehelpers.ts::tfstests.workitemtracking" name="TFSTests.WorkItemTracking.NodeHelpers findByPath_EdgeCases" />
    </UnitTest>
    <UnitTest name="TFSTests.WorkItemTracking.Project workItemNodes" storage="d:\v2.0\a1\_work\dbded102\vso\tfs\service\webaccess\workitemtracking\testscripts\tests\tfstests.workitemtracking.project.ts" id="4a12080e-9102-4fe9-8583-422067c0dfb2">
      <Execution id="edd28af7-bb6d-4c99-a883-eb749da47b1e" />
      <TestMethod codeBase="d:\v2.0\a1\_work\dbded102\vso\tfs\service\webaccess\workitemtracking\testscripts\tests\tfstests.workitemtracking.project.ts" adapterTypeName="Microsoft.VisualStudio.TestTools.TestTypes.Unit.UnitTestAdapter" className="d:\v2.0\a1\_work\dbded102\vso\tfs\service\webaccess\workitemtracking\testscripts\tests\tfstests.workitemtracking.project.ts::tfstests.workitemtracking" name="TFSTests.WorkItemTracking.Project workItemNodes" />
    </UnitTest>
    <UnitTest name="TFSTests.WorkItemTracking.Project beginGetWorkItemTypes_NoCachingForAll" storage="d:\v2.0\a1\_work\dbded102\vso\tfs\service\webaccess\workitemtracking\testscripts\tests\tfstests.workitemtracking.project.ts" id="c9441464-94bf-4698-a37b-922d59b6b1a9">
      <Execution id="61cf4604-635b-4a06-bb62-375b11375d48" />
      <TestMethod codeBase="d:\v2.0\a1\_work\dbded102\vso\tfs\service\webaccess\workitemtracking\testscripts\tests\tfstests.workitemtracking.project.ts" adapterTypeName="Microsoft.VisualStudio.TestTools.TestTypes.Unit.UnitTestAdapter" className="d:\v2.0\a1\_work\dbded102\vso\tfs\service\webaccess\workitemtracking\testscripts\tests\tfstests.workitemtracking.project.ts::tfstests.workitemtracking" name="TFSTests.WorkItemTracking.Project beginGetWorkItemTypes_NoCachingForAll" />
    </UnitTest>
    <UnitTest name="TFSTests.WorkItemTracking.Project beginGetWorkItemTypes_AllCached" storage="d:\v2.0\a1\_work\dbded102\vso\tfs\service\webaccess\workitemtracking\testscripts\tests\tfstests.workitemtracking.project.ts" id="b5e966c9-2306-48aa-b10a-2c2d6927ab50">
      <Execution id="e82e4163-b388-4ebe-9fad-5f8c93500208" />
      <TestMethod codeBase="d:\v2.0\a1\_work\dbded102\vso\tfs\service\webaccess\workitemtracking\testscripts\tests\tfstests.workitemtracking.project.ts" adapterTypeName="Microsoft.VisualStudio.TestTools.TestTypes.Unit.UnitTestAdapter" className="d:\v2.0\a1\_work\dbded102\vso\tfs\service\webaccess\workitemtracking\testscripts\tests\tfstests.workitemtracking.project.ts::tfstests.workitemtracking" name="TFSTests.WorkItemTracking.Project beginGetWorkItemTypes_AllCached" />
    </UnitTest>
    <UnitTest name="TFSTests.WorkItemTracking.Project beginGetWorkItemTypes_AllPending" storage="d:\v2.0\a1\_work\dbded102\vso\tfs\service\webaccess\workitemtracking\testscripts\tests\tfstests.workitemtracking.project.ts" id="79bcc0d7-2cda-46f4-9e5e-30f86ec5f4d6">
      <Execution id="355888b1-d3a9-4eb7-89d2-b9b3eb0ace5f" />
      <TestMethod codeBase="d:\v2.0\a1\_work\dbded102\vso\tfs\service\webaccess\workitemtracking\testscripts\tests\tfstests.workitemtracking.project.ts" adapterTypeName="Microsoft.VisualStudio.TestTools.TestTypes.Unit.UnitTestAdapter" className="d:\v2.0\a1\_work\dbded102\vso\tfs\service\webaccess\workitemtracking\testscripts\tests\tfstests.workitemtracking.project.ts::tfstests.workitemtracking" name="TFSTests.WorkItemTracking.Project beginGetWorkItemTypes_AllPending" />
    </UnitTest>
    <UnitTest name="TFSTests.WorkItemTracking.Project beginGetWorkItemTypes_OnePendingOneCached" storage="d:\v2.0\a1\_work\dbded102\vso\tfs\service\webaccess\workitemtracking\testscripts\tests\tfstests.workitemtracking.project.ts" id="2178f5b8-95f6-49ea-beff-4776f4314a74">
      <Execution id="07f1559c-9fdb-4dfd-b399-2f878dc6ac3e" />
      <TestMethod codeBase="d:\v2.0\a1\_work\dbded102\vso\tfs\service\webaccess\workitemtracking\testscripts\tests\tfstests.workitemtracking.project.ts" adapterTypeName="Microsoft.VisualStudio.TestTools.TestTypes.Unit.UnitTestAdapter" className="d:\v2.0\a1\_work\dbded102\vso\tfs\service\webaccess\workitemtracking\testscripts\tests\tfstests.workitemtracking.project.ts::tfstests.workitemtracking" name="TFSTests.WorkItemTracking.Project beginGetWorkItemTypes_OnePendingOneCached" />
    </UnitTest>
    <UnitTest name="TFSTests.WorkItemTracking.Project beginGetWorkItemTypes_OneNewOnePending" storage="d:\v2.0\a1\_work\dbded102\vso\tfs\service\webaccess\workitemtracking\testscripts\tests\tfstests.workitemtracking.project.ts" id="e168fb2a-531a-4d7d-8a02-cc0d81b7d4c0">
      <Execution id="3134aede-a4b7-484b-bc8a-a80c9ed19b00" />
      <TestMethod codeBase="d:\v2.0\a1\_work\dbded102\vso\tfs\service\webaccess\workitemtracking\testscripts\tests\tfstests.workitemtracking.project.ts" adapterTypeName="Microsoft.VisualStudio.TestTools.TestTypes.Unit.UnitTestAdapter" className="d:\v2.0\a1\_work\dbded102\vso\tfs\service\webaccess\workitemtracking\testscripts\tests\tfstests.workitemtracking.project.ts::tfstests.workitemtracking" name="TFSTests.WorkItemTracking.Project beginGetWorkItemTypes_OneNewOnePending" />
    </UnitTest>
    <UnitTest name="TFSTests.WorkItemTracking.Project beginGetWorkItemTypes_OneNewOneCached" storage="d:\v2.0\a1\_work\dbded102\vso\tfs\service\webaccess\workitemtracking\testscripts\tests\tfstests.workitemtracking.project.ts" id="1a6da2ab-643d-4e31-b3c1-d9ae1d9dd81f">
      <Execution id="60bad689-6478-4448-975e-93247df41635" />
      <TestMethod codeBase="d:\v2.0\a1\_work\dbded102\vso\tfs\service\webaccess\workitemtracking\testscripts\tests\tfstests.workitemtracking.project.ts" adapterTypeName="Microsoft.VisualStudio.TestTools.TestTypes.Unit.UnitTestAdapter" className="d:\v2.0\a1\_work\dbded102\vso\tfs\service\webaccess\workitemtracking\testscripts\tests\tfstests.workitemtracking.project.ts::tfstests.workitemtracking" name="TFSTests.WorkItemTracking.Project beginGetWorkItemTypes_OneNewOneCached" />
    </UnitTest>
    <UnitTest name="TFSTests.WorkItemTracking.Project beginGetWorkItemTypes_OneNewOnePendingOneCached" storage="d:\v2.0\a1\_work\dbded102\vso\tfs\service\webaccess\workitemtracking\testscripts\tests\tfstests.workitemtracking.project.ts" id="64897c0f-7350-4469-89e3-fa1bd8217b4b">
      <Execution id="4c323838-c988-491a-8800-b1339f7eec11" />
      <TestMethod codeBase="d:\v2.0\a1\_work\dbded102\vso\tfs\service\webaccess\workitemtracking\testscripts\tests\tfstests.workitemtracking.project.ts" adapterTypeName="Microsoft.VisualStudio.TestTools.TestTypes.Unit.UnitTestAdapter" className="d:\v2.0\a1\_work\dbded102\vso\tfs\service\webaccess\workitemtracking\testscripts\tests\tfstests.workitemtracking.project.ts::tfstests.workitemtracking" name="TFSTests.WorkItemTracking.Project beginGetWorkItemTypes_OneNewOnePendingOneCached" />
    </UnitTest>
    <UnitTest name="TFSTests.WorkItemTracking.Project beginGetWorkItemTypes_throttle" storage="d:\v2.0\a1\_work\dbded102\vso\tfs\service\webaccess\workitemtracking\testscripts\tests\tfstests.workitemtracking.project.ts" id="db171cf4-2c22-4952-85d4-42d11a28d346">
      <Execution id="7b45b1d1-1e1a-436f-90ed-78cc19f80799" />
      <TestMethod codeBase="d:\v2.0\a1\_work\dbded102\vso\tfs\service\webaccess\workitemtracking\testscripts\tests\tfstests.workitemtracking.project.ts" adapterTypeName="Microsoft.VisualStudio.TestTools.TestTypes.Unit.UnitTestAdapter" className="d:\v2.0\a1\_work\dbded102\vso\tfs\service\webaccess\workitemtracking\testscripts\tests\tfstests.workitemtracking.project.ts::tfstests.workitemtracking" name="TFSTests.WorkItemTracking.Project beginGetWorkItemTypes_throttle" />
    </UnitTest>
    <UnitTest name="TFSTests.WorkItemTracking.Project beginGetWorkItemTypes_ExceedMaxLimit" storage="d:\v2.0\a1\_work\dbded102\vso\tfs\service\webaccess\workitemtracking\testscripts\tests\tfstests.workitemtracking.project.ts" id="ece4d35c-4b5c-40af-a1cc-913cc14726f2">
      <Execution id="78708b08-efde-4f72-87a3-bef3bf87470d" />
      <TestMethod codeBase="d:\v2.0\a1\_work\dbded102\vso\tfs\service\webaccess\workitemtracking\testscripts\tests\tfstests.workitemtracking.project.ts" adapterTypeName="Microsoft.VisualStudio.TestTools.TestTypes.Unit.UnitTestAdapter" className="d:\v2.0\a1\_work\dbded102\vso\tfs\service\webaccess\workitemtracking\testscripts\tests\tfstests.workitemtracking.project.ts::tfstests.workitemtracking" name="TFSTests.WorkItemTracking.Project beginGetWorkItemTypes_ExceedMaxLimit" />
    </UnitTest>
    <UnitTest name="TFSTests.WorkItemTracking.QueryAdapter Test_generateFilterExpressionWithEmptyTeamProject" storage="d:\v2.0\a1\_work\dbded102\vso\tfs\service\webaccess\workitemtracking\testscripts\tests\tfstests.workitemtracking.queryadapter.ts" id="5b6b2141-32e8-450d-af0e-3ca6065ba65b">
      <Execution id="f4cf5c32-dfeb-41af-be34-fe545260f4be" />
      <TestMethod codeBase="d:\v2.0\a1\_work\dbded102\vso\tfs\service\webaccess\workitemtracking\testscripts\tests\tfstests.workitemtracking.queryadapter.ts" adapterTypeName="Microsoft.VisualStudio.TestTools.TestTypes.Unit.UnitTestAdapter" className="d:\v2.0\a1\_work\dbded102\vso\tfs\service\webaccess\workitemtracking\testscripts\tests\tfstests.workitemtracking.queryadapter.ts::tfstests.workitemtracking" name="TFSTests.WorkItemTracking.QueryAdapter Test_generateFilterExpressionWithEmptyTeamProject" />
    </UnitTest>
    <UnitTest name="TFSTests.WorkItemTracking.QueryAdapter Test_generateFilterExpressionWithTeamProjectMacro" storage="d:\v2.0\a1\_work\dbded102\vso\tfs\service\webaccess\workitemtracking\testscripts\tests\tfstests.workitemtracking.queryadapter.ts" id="3d0cd21a-55f9-4a5d-ac8f-491d4788cd00">
      <Execution id="11a957f5-c5de-4095-b3d1-10e4cd5773a3" />
      <TestMethod codeBase="d:\v2.0\a1\_work\dbded102\vso\tfs\service\webaccess\workitemtracking\testscripts\tests\tfstests.workitemtracking.queryadapter.ts" adapterTypeName="Microsoft.VisualStudio.TestTools.TestTypes.Unit.UnitTestAdapter" className="d:\v2.0\a1\_work\dbded102\vso\tfs\service\webaccess\workitemtracking\testscripts\tests\tfstests.workitemtracking.queryadapter.ts::tfstests.workitemtracking" name="TFSTests.WorkItemTracking.QueryAdapter Test_generateFilterExpressionWithTeamProjectMacro" />
    </UnitTest>
    <UnitTest name="TFSTests.WorkItemTracking.QueryAdapter Test_generateFilterExpressionWithTeamProjectAndPrefix" storage="d:\v2.0\a1\_work\dbded102\vso\tfs\service\webaccess\workitemtracking\testscripts\tests\tfstests.workitemtracking.queryadapter.ts" id="6450f70d-010b-40ff-abf8-678dcbebf41a">
      <Execution id="a790afa4-6c62-4210-b3ae-66189fabf26b" />
      <TestMethod codeBase="d:\v2.0\a1\_work\dbded102\vso\tfs\service\webaccess\workitemtracking\testscripts\tests\tfstests.workitemtracking.queryadapter.ts" adapterTypeName="Microsoft.VisualStudio.TestTools.TestTypes.Unit.UnitTestAdapter" className="d:\v2.0\a1\_work\dbded102\vso\tfs\service\webaccess\workitemtracking\testscripts\tests\tfstests.workitemtracking.queryadapter.ts::tfstests.workitemtracking" name="TFSTests.WorkItemTracking.QueryAdapter Test_generateFilterExpressionWithTeamProjectAndPrefix" />
    </UnitTest>
    <UnitTest name="TFSTests.WorkItemTracking.QueryAdapter Test_generateFilterExpressionWithTopLevelOrsWithoutTeamProject" storage="d:\v2.0\a1\_work\dbded102\vso\tfs\service\webaccess\workitemtracking\testscripts\tests\tfstests.workitemtracking.queryadapter.ts" id="4280012b-aee0-49fd-98b0-c392c96cd7e1">
      <Execution id="23595825-5de6-4cc7-b486-6fa8eb9bf1f9" />
      <TestMethod codeBase="d:\v2.0\a1\_work\dbded102\vso\tfs\service\webaccess\workitemtracking\testscripts\tests\tfstests.workitemtracking.queryadapter.ts" adapterTypeName="Microsoft.VisualStudio.TestTools.TestTypes.Unit.UnitTestAdapter" className="d:\v2.0\a1\_work\dbded102\vso\tfs\service\webaccess\workitemtracking\testscripts\tests\tfstests.workitemtracking.queryadapter.ts::tfstests.workitemtracking" name="TFSTests.WorkItemTracking.QueryAdapter Test_generateFilterExpressionWithTopLevelOrsWithoutTeamProject" />
    </UnitTest>
    <UnitTest name="TFSTests.WorkItemTracking.QueryAdapter Test_generateFilterExpressionWithTopLevelOrs" storage="d:\v2.0\a1\_work\dbded102\vso\tfs\service\webaccess\workitemtracking\testscripts\tests\tfstests.workitemtracking.queryadapter.ts" id="fba6165d-7b66-4421-b2fc-81c956af9b59">
      <Execution id="713beab2-05b3-4ad2-85f6-6cb6384e70d4" />
      <TestMethod codeBase="d:\v2.0\a1\_work\dbded102\vso\tfs\service\webaccess\workitemtracking\testscripts\tests\tfstests.workitemtracking.queryadapter.ts" adapterTypeName="Microsoft.VisualStudio.TestTools.TestTypes.Unit.UnitTestAdapter" className="d:\v2.0\a1\_work\dbded102\vso\tfs\service\webaccess\workitemtracking\testscripts\tests\tfstests.workitemtracking.queryadapter.ts::tfstests.workitemtracking" name="TFSTests.WorkItemTracking.QueryAdapter Test_generateFilterExpressionWithTopLevelOrs" />
    </UnitTest>
    <UnitTest name="TFSTests.WorkItemTracking.QueryAdapter Test_generateFilterExpressionWithTopLevelMultiGroupOr" storage="d:\v2.0\a1\_work\dbded102\vso\tfs\service\webaccess\workitemtracking\testscripts\tests\tfstests.workitemtracking.queryadapter.ts" id="54bd1d9f-83de-4ee2-8677-0c91f3162272">
      <Execution id="45024495-d74c-45c8-8350-bccb2e99ad73" />
      <TestMethod codeBase="d:\v2.0\a1\_work\dbded102\vso\tfs\service\webaccess\workitemtracking\testscripts\tests\tfstests.workitemtracking.queryadapter.ts" adapterTypeName="Microsoft.VisualStudio.TestTools.TestTypes.Unit.UnitTestAdapter" className="d:\v2.0\a1\_work\dbded102\vso\tfs\service\webaccess\workitemtracking\testscripts\tests\tfstests.workitemtracking.queryadapter.ts::tfstests.workitemtracking" name="TFSTests.WorkItemTracking.QueryAdapter Test_generateFilterExpressionWithTopLevelMultiGroupOr" />
    </UnitTest>
    <UnitTest name="TFSTests.WorkItemTracking.QueryAdapter Test_generateFilterExpressionWithTopLevelMultiGroupAnds" storage="d:\v2.0\a1\_work\dbded102\vso\tfs\service\webaccess\workitemtracking\testscripts\tests\tfstests.workitemtracking.queryadapter.ts" id="4f098c6d-813a-45f4-bcb1-256a2d8c677d">
      <Execution id="2dc3629f-419f-4c73-9dc5-f4fe62f80d56" />
      <TestMethod codeBase="d:\v2.0\a1\_work\dbded102\vso\tfs\service\webaccess\workitemtracking\testscripts\tests\tfstests.workitemtracking.queryadapter.ts" adapterTypeName="Microsoft.VisualStudio.TestTools.TestTypes.Unit.UnitTestAdapter" className="d:\v2.0\a1\_work\dbded102\vso\tfs\service\webaccess\workitemtracking\testscripts\tests\tfstests.workitemtracking.queryadapter.ts::tfstests.workitemtracking" name="TFSTests.WorkItemTracking.QueryAdapter Test_generateFilterExpressionWithTopLevelMultiGroupAnds" />
    </UnitTest>
    <UnitTest name="TFSTests.WorkItemTracking.QueryAdapter Test_isTopLevelAndsOnlyEmptyClauses" storage="d:\v2.0\a1\_work\dbded102\vso\tfs\service\webaccess\workitemtracking\testscripts\tests\tfstests.workitemtracking.queryadapter.ts" id="92dd0636-1294-452d-b49c-7253e922e487">
      <Execution id="8e5804ac-c78d-4163-a22d-80384b6934c6" />
      <TestMethod codeBase="d:\v2.0\a1\_work\dbded102\vso\tfs\service\webaccess\workitemtracking\testscripts\tests\tfstests.workitemtracking.queryadapter.ts" adapterTypeName="Microsoft.VisualStudio.TestTools.TestTypes.Unit.UnitTestAdapter" className="d:\v2.0\a1\_work\dbded102\vso\tfs\service\webaccess\workitemtracking\testscripts\tests\tfstests.workitemtracking.queryadapter.ts::tfstests.workitemtracking" name="TFSTests.WorkItemTracking.QueryAdapter Test_isTopLevelAndsOnlyEmptyClauses" />
    </UnitTest>
    <UnitTest name="TFSTests.WorkItemTracking.QueryAdapter Test_isTopLevelAndsOnlyNullClauses" storage="d:\v2.0\a1\_work\dbded102\vso\tfs\service\webaccess\workitemtracking\testscripts\tests\tfstests.workitemtracking.queryadapter.ts" id="d663c326-7934-42a1-a5c1-0aff36745533">
      <Execution id="b38c6e6d-a96f-40d0-bf31-fd069332f039" />
      <TestMethod codeBase="d:\v2.0\a1\_work\dbded102\vso\tfs\service\webaccess\workitemtracking\testscripts\tests\tfstests.workitemtracking.queryadapter.ts" adapterTypeName="Microsoft.VisualStudio.TestTools.TestTypes.Unit.UnitTestAdapter" className="d:\v2.0\a1\_work\dbded102\vso\tfs\service\webaccess\workitemtracking\testscripts\tests\tfstests.workitemtracking.queryadapter.ts::tfstests.workitemtracking" name="TFSTests.WorkItemTracking.QueryAdapter Test_isTopLevelAndsOnlyNullClauses" />
    </UnitTest>
    <UnitTest name="TFSTests.WorkItemTracking.QueryAdapter Test_isTopLevelAndsOnlyTopLevelOr" storage="d:\v2.0\a1\_work\dbded102\vso\tfs\service\webaccess\workitemtracking\testscripts\tests\tfstests.workitemtracking.queryadapter.ts" id="a7d94fff-f202-4bfd-b761-172290db0655">
      <Execution id="a0c03800-282c-4f93-a83a-e896fa0794e8" />
      <TestMethod codeBase="d:\v2.0\a1\_work\dbded102\vso\tfs\service\webaccess\workitemtracking\testscripts\tests\tfstests.workitemtracking.queryadapter.ts" adapterTypeName="Microsoft.VisualStudio.TestTools.TestTypes.Unit.UnitTestAdapter" className="d:\v2.0\a1\_work\dbded102\vso\tfs\service\webaccess\workitemtracking\testscripts\tests\tfstests.workitemtracking.queryadapter.ts::tfstests.workitemtracking" name="TFSTests.WorkItemTracking.QueryAdapter Test_isTopLevelAndsOnlyTopLevelOr" />
    </UnitTest>
    <UnitTest name="TFSTests.WorkItemTracking.QueryAdapter Test_isTopLevelAndsOnlyTopLevelAnd" storage="d:\v2.0\a1\_work\dbded102\vso\tfs\service\webaccess\workitemtracking\testscripts\tests\tfstests.workitemtracking.queryadapter.ts" id="d20e31ac-3332-4fb1-a9a0-6a6b624d1583">
      <Execution id="adaaa74c-5354-4941-aaff-202c0c44182f" />
      <TestMethod codeBase="d:\v2.0\a1\_work\dbded102\vso\tfs\service\webaccess\workitemtracking\testscripts\tests\tfstests.workitemtracking.queryadapter.ts" adapterTypeName="Microsoft.VisualStudio.TestTools.TestTypes.Unit.UnitTestAdapter" className="d:\v2.0\a1\_work\dbded102\vso\tfs\service\webaccess\workitemtracking\testscripts\tests\tfstests.workitemtracking.queryadapter.ts::tfstests.workitemtracking" name="TFSTests.WorkItemTracking.QueryAdapter Test_isTopLevelAndsOnlyTopLevelAnd" />
    </UnitTest>
    <UnitTest name="TFSTests.WorkItemTracking.QueryAdapter Test_isTopLevelAndsOnlyTopLevelWithGroupedOr" storage="d:\v2.0\a1\_work\dbded102\vso\tfs\service\webaccess\workitemtracking\testscripts\tests\tfstests.workitemtracking.queryadapter.ts" id="ec202c0b-d877-41f7-8340-147ed4780dc3">
      <Execution id="ad984f8d-0dba-464c-87d1-2707e149ae09" />
      <TestMethod codeBase="d:\v2.0\a1\_work\dbded102\vso\tfs\service\webaccess\workitemtracking\testscripts\tests\tfstests.workitemtracking.queryadapter.ts" adapterTypeName="Microsoft.VisualStudio.TestTools.TestTypes.Unit.UnitTestAdapter" className="d:\v2.0\a1\_work\dbded102\vso\tfs\service\webaccess\workitemtracking\testscripts\tests\tfstests.workitemtracking.queryadapter.ts::tfstests.workitemtracking" name="TFSTests.WorkItemTracking.QueryAdapter Test_isTopLevelAndsOnlyTopLevelWithGroupedOr" />
    </UnitTest>
    <UnitTest name="TFSTests.WorkItemTracking.QueryAdapter Test_isTopLevelAndsOnlyTopLevelWithGroupedOrAsFirstClause" storage="d:\v2.0\a1\_work\dbded102\vso\tfs\service\webaccess\workitemtracking\testscripts\tests\tfstests.workitemtracking.queryadapter.ts" id="4dfa4e29-6315-4db2-b5d4-f1d7369fbca4">
      <Execution id="22a21f78-e84d-4389-a91f-26a753494ad4" />
      <TestMethod codeBase="d:\v2.0\a1\_work\dbded102\vso\tfs\service\webaccess\workitemtracking\testscripts\tests\tfstests.workitemtracking.queryadapter.ts" adapterTypeName="Microsoft.VisualStudio.TestTools.TestTypes.Unit.UnitTestAdapter" className="d:\v2.0\a1\_work\dbded102\vso\tfs\service\webaccess\workitemtracking\testscripts\tests\tfstests.workitemtracking.queryadapter.ts::tfstests.workitemtracking" name="TFSTests.WorkItemTracking.QueryAdapter Test_isTopLevelAndsOnlyTopLevelWithGroupedOrAsFirstClause" />
    </UnitTest>
    <UnitTest name="TFSTests.WorkItemTracking.QueryAdapter Test_isTopLevelAndsOnlyTopLevelWithGroupedOrAsFirstClauseMultiNesting" storage="d:\v2.0\a1\_work\dbded102\vso\tfs\service\webaccess\workitemtracking\testscripts\tests\tfstests.workitemtracking.queryadapter.ts" id="11824cdb-281a-45ff-b2e4-beb50dcc8263">
      <Execution id="43e38a5e-1195-433a-9b12-dd9a98fc75be" />
      <TestMethod codeBase="d:\v2.0\a1\_work\dbded102\vso\tfs\service\webaccess\workitemtracking\testscripts\tests\tfstests.workitemtracking.queryadapter.ts" adapterTypeName="Microsoft.VisualStudio.TestTools.TestTypes.Unit.UnitTestAdapter" className="d:\v2.0\a1\_work\dbded102\vso\tfs\service\webaccess\workitemtracking\testscripts\tests\tfstests.workitemtracking.queryadapter.ts::tfstests.workitemtracking" name="TFSTests.WorkItemTracking.QueryAdapter Test_isTopLevelAndsOnlyTopLevelWithGroupedOrAsFirstClauseMultiNesting" />
    </UnitTest>
    <UnitTest name="TFSTests.WorkItemTracking.QueryAdapter Test_isTopLevelAndsOnlyTopLevelWithGroupedAndAsFirstClauseMultiNesting" storage="d:\v2.0\a1\_work\dbded102\vso\tfs\service\webaccess\workitemtracking\testscripts\tests\tfstests.workitemtracking.queryadapter.ts" id="663f5e78-3460-4287-854f-a153f11fe8f2">
      <Execution id="1ca441fc-0e3f-498d-95d8-f3d1a916dbfa" />
      <TestMethod codeBase="d:\v2.0\a1\_work\dbded102\vso\tfs\service\webaccess\workitemtracking\testscripts\tests\tfstests.workitemtracking.queryadapter.ts" adapterTypeName="Microsoft.VisualStudio.TestTools.TestTypes.Unit.UnitTestAdapter" className="d:\v2.0\a1\_work\dbded102\vso\tfs\service\webaccess\workitemtracking\testscripts\tests\tfstests.workitemtracking.queryadapter.ts::tfstests.workitemtracking" name="TFSTests.WorkItemTracking.QueryAdapter Test_isTopLevelAndsOnlyTopLevelWithGroupedAndAsFirstClauseMultiNesting" />
    </UnitTest>
    <UnitTest name="TFSTests.WorkItemTracking.QueryAdapter Test_isProjectInTopLevelAndAllAndsNullParameters" storage="d:\v2.0\a1\_work\dbded102\vso\tfs\service\webaccess\workitemtracking\testscripts\tests\tfstests.workitemtracking.queryadapter.ts" id="1b009281-b792-4b7a-bde5-8aee565c8893">
      <Execution id="34316f88-f7d3-4310-90f0-1dd6c6294c8f" />
      <TestMethod codeBase="d:\v2.0\a1\_work\dbded102\vso\tfs\service\webaccess\workitemtracking\testscripts\tests\tfstests.workitemtracking.queryadapter.ts" adapterTypeName="Microsoft.VisualStudio.TestTools.TestTypes.Unit.UnitTestAdapter" className="d:\v2.0\a1\_work\dbded102\vso\tfs\service\webaccess\workitemtracking\testscripts\tests\tfstests.workitemtracking.queryadapter.ts::tfstests.workitemtracking" name="TFSTests.WorkItemTracking.QueryAdapter Test_isProjectInTopLevelAndAllAndsNullParameters" />
    </UnitTest>
    <UnitTest name="TFSTests.WorkItemTracking.QueryAdapter Test_isProjectInTopLevelAndAllAndsNoTeamProjectClause" storage="d:\v2.0\a1\_work\dbded102\vso\tfs\service\webaccess\workitemtracking\testscripts\tests\tfstests.workitemtracking.queryadapter.ts" id="9ba5db2b-e014-4b74-bc28-f9050e7c7eb3">
      <Execution id="56b86219-911e-44c7-bb20-70afdaeb4e05" />
      <TestMethod codeBase="d:\v2.0\a1\_work\dbded102\vso\tfs\service\webaccess\workitemtracking\testscripts\tests\tfstests.workitemtracking.queryadapter.ts" adapterTypeName="Microsoft.VisualStudio.TestTools.TestTypes.Unit.UnitTestAdapter" className="d:\v2.0\a1\_work\dbded102\vso\tfs\service\webaccess\workitemtracking\testscripts\tests\tfstests.workitemtracking.queryadapter.ts::tfstests.workitemtracking" name="TFSTests.WorkItemTracking.QueryAdapter Test_isProjectInTopLevelAndAllAndsNoTeamProjectClause" />
    </UnitTest>
    <UnitTest name="TFSTests.WorkItemTracking.QueryAdapter Test_isProjectInTopLevelAndAllAndsTeamProjectMacroClause" storage="d:\v2.0\a1\_work\dbded102\vso\tfs\service\webaccess\workitemtracking\testscripts\tests\tfstests.workitemtracking.queryadapter.ts" id="0c08fb02-01a3-4076-b787-cbd291890208">
      <Execution id="b7b3c0b3-d935-4dea-8360-8779c59d2660" />
      <TestMethod codeBase="d:\v2.0\a1\_work\dbded102\vso\tfs\service\webaccess\workitemtracking\testscripts\tests\tfstests.workitemtracking.queryadapter.ts" adapterTypeName="Microsoft.VisualStudio.TestTools.TestTypes.Unit.UnitTestAdapter" className="d:\v2.0\a1\_work\dbded102\vso\tfs\service\webaccess\workitemtracking\testscripts\tests\tfstests.workitemtracking.queryadapter.ts::tfstests.workitemtracking" name="TFSTests.WorkItemTracking.QueryAdapter Test_isProjectInTopLevelAndAllAndsTeamProjectMacroClause" />
    </UnitTest>
    <UnitTest name="TFSTests.WorkItemTracking.QueryAdapter Test_isProjectInTopLevelAndAllAndsSpecificTeamProjectClause" storage="d:\v2.0\a1\_work\dbded102\vso\tfs\service\webaccess\workitemtracking\testscripts\tests\tfstests.workitemtracking.queryadapter.ts" id="24b3efe4-ce22-43d0-b760-fb6aa6ca19cd">
      <Execution id="6383c194-fec3-4ad3-91a4-b806f580715d" />
      <TestMethod codeBase="d:\v2.0\a1\_work\dbded102\vso\tfs\service\webaccess\workitemtracking\testscripts\tests\tfstests.workitemtracking.queryadapter.ts" adapterTypeName="Microsoft.VisualStudio.TestTools.TestTypes.Unit.UnitTestAdapter" className="d:\v2.0\a1\_work\dbded102\vso\tfs\service\webaccess\workitemtracking\testscripts\tests\tfstests.workitemtracking.queryadapter.ts::tfstests.workitemtracking" name="TFSTests.WorkItemTracking.QueryAdapter Test_isProjectInTopLevelAndAllAndsSpecificTeamProjectClause" />
    </UnitTest>
    <UnitTest name="TFSTests.WorkItemTracking.QueryAdapter Test_isProjectInTopLevelAndAllAndsSpecificTeamProjectClauseMismatch" storage="d:\v2.0\a1\_work\dbded102\vso\tfs\service\webaccess\workitemtracking\testscripts\tests\tfstests.workitemtracking.queryadapter.ts" id="f668a035-2635-4807-80bd-cdfb313df0e1">
      <Execution id="283f97eb-4fa7-4d1e-bc8e-8af806e15a45" />
      <TestMethod codeBase="d:\v2.0\a1\_work\dbded102\vso\tfs\service\webaccess\workitemtracking\testscripts\tests\tfstests.workitemtracking.queryadapter.ts" adapterTypeName="Microsoft.VisualStudio.TestTools.TestTypes.Unit.UnitTestAdapter" className="d:\v2.0\a1\_work\dbded102\vso\tfs\service\webaccess\workitemtracking\testscripts\tests\tfstests.workitemtracking.queryadapter.ts::tfstests.workitemtracking" name="TFSTests.WorkItemTracking.QueryAdapter Test_isProjectInTopLevelAndAllAndsSpecificTeamProjectClauseMismatch" />
    </UnitTest>
    <UnitTest name="TFSTests.WorkItemTracking.QueryAdapter Test_isProjectInTopLevelAndAllAndsWithTopLevelOrCondition" storage="d:\v2.0\a1\_work\dbded102\vso\tfs\service\webaccess\workitemtracking\testscripts\tests\tfstests.workitemtracking.queryadapter.ts" id="f55c55b9-28bc-4088-be40-76809a28764c">
      <Execution id="62e637b0-1149-42de-93a0-a022edb037d5" />
      <TestMethod codeBase="d:\v2.0\a1\_work\dbded102\vso\tfs\service\webaccess\workitemtracking\testscripts\tests\tfstests.workitemtracking.queryadapter.ts" adapterTypeName="Microsoft.VisualStudio.TestTools.TestTypes.Unit.UnitTestAdapter" className="d:\v2.0\a1\_work\dbded102\vso\tfs\service\webaccess\workitemtracking\testscripts\tests\tfstests.workitemtracking.queryadapter.ts::tfstests.workitemtracking" name="TFSTests.WorkItemTracking.QueryAdapter Test_isProjectInTopLevelAndAllAndsWithTopLevelOrCondition" />
    </UnitTest>
    <UnitTest name="TFSTests.WorkItemTracking.QueryAdapter Test_isProjectInTopLevelAndAllAndsWithNestedOrCondition" storage="d:\v2.0\a1\_work\dbded102\vso\tfs\service\webaccess\workitemtracking\testscripts\tests\tfstests.workitemtracking.queryadapter.ts" id="218e5fcc-b527-4f7e-a40e-8894e93912ed">
      <Execution id="39c4a9db-3f13-4d79-b914-761295e03cbe" />
      <TestMethod codeBase="d:\v2.0\a1\_work\dbded102\vso\tfs\service\webaccess\workitemtracking\testscripts\tests\tfstests.workitemtracking.queryadapter.ts" adapterTypeName="Microsoft.VisualStudio.TestTools.TestTypes.Unit.UnitTestAdapter" className="d:\v2.0\a1\_work\dbded102\vso\tfs\service\webaccess\workitemtracking\testscripts\tests\tfstests.workitemtracking.queryadapter.ts::tfstests.workitemtracking" name="TFSTests.WorkItemTracking.QueryAdapter Test_isProjectInTopLevelAndAllAndsWithNestedOrCondition" />
    </UnitTest>
    <UnitTest name="TFSTests.WorkItemTracking.QueryAdapter Test_isProjectInTopLevelAndAllAndsWithInequalityOperator" storage="d:\v2.0\a1\_work\dbded102\vso\tfs\service\webaccess\workitemtracking\testscripts\tests\tfstests.workitemtracking.queryadapter.ts" id="556b0cde-6aa3-4455-b601-6b5a546343a5">
      <Execution id="9df0b67b-362f-4028-a75e-67d81d7415d9" />
      <TestMethod codeBase="d:\v2.0\a1\_work\dbded102\vso\tfs\service\webaccess\workitemtracking\testscripts\tests\tfstests.workitemtracking.queryadapter.ts" adapterTypeName="Microsoft.VisualStudio.TestTools.TestTypes.Unit.UnitTestAdapter" className="d:\v2.0\a1\_work\dbded102\vso\tfs\service\webaccess\workitemtracking\testscripts\tests\tfstests.workitemtracking.queryadapter.ts::tfstests.workitemtracking" name="TFSTests.WorkItemTracking.QueryAdapter Test_isProjectInTopLevelAndAllAndsWithInequalityOperator" />
    </UnitTest>
    <UnitTest name="TFSTests.WorkItemTracking.QueryHierarchy queryHierarchyMapping" storage="d:\v2.0\a1\_work\dbded102\vso\tfs\service\webaccess\workitemtracking\testscripts\tests\tfstests.workitemtracking.queryhierarchy.ts" id="84292370-9c80-4c79-b486-33fcefc3cdbb">
      <Execution id="6e48dd59-3b8b-4a47-9ad9-ad2808997170" />
      <TestMethod codeBase="d:\v2.0\a1\_work\dbded102\vso\tfs\service\webaccess\workitemtracking\testscripts\tests\tfstests.workitemtracking.queryhierarchy.ts" adapterTypeName="Microsoft.VisualStudio.TestTools.TestTypes.Unit.UnitTestAdapter" className="d:\v2.0\a1\_work\dbded102\vso\tfs\service\webaccess\workitemtracking\testscripts\tests\tfstests.workitemtracking.queryhierarchy.ts::tfstests.workitemtracking" name="TFSTests.WorkItemTracking.QueryHierarchy queryHierarchyMapping" />
    </UnitTest>
    <UnitTest name="TFSTests.WorkItemTracking.QueryHierarchy queryHierarchyUpdate" storage="d:\v2.0\a1\_work\dbded102\vso\tfs\service\webaccess\workitemtracking\testscripts\tests\tfstests.workitemtracking.queryhierarchy.ts" id="c29816db-b697-4f85-9277-ef8d6b7b1fa1">
      <Execution id="29f37c11-1720-45da-98c7-f7096e803a92" />
      <TestMethod codeBase="d:\v2.0\a1\_work\dbded102\vso\tfs\service\webaccess\workitemtracking\testscripts\tests\tfstests.workitemtracking.queryhierarchy.ts" adapterTypeName="Microsoft.VisualStudio.TestTools.TestTypes.Unit.UnitTestAdapter" className="d:\v2.0\a1\_work\dbded102\vso\tfs\service\webaccess\workitemtracking\testscripts\tests\tfstests.workitemtracking.queryhierarchy.ts::tfstests.workitemtracking" name="TFSTests.WorkItemTracking.QueryHierarchy queryHierarchyUpdate" />
    </UnitTest>
    <UnitTest name="TFSTests.WorkItemTracking.QueryHierarchy queryHierarchyBeginFindByPath" storage="d:\v2.0\a1\_work\dbded102\vso\tfs\service\webaccess\workitemtracking\testscripts\tests\tfstests.workitemtracking.queryhierarchy.ts" id="df0fa3bf-76f2-475c-99e9-7d1ef602e084">
      <Execution id="91c6482e-281c-4156-84c6-03efdc63854c" />
      <TestMethod codeBase="d:\v2.0\a1\_work\dbded102\vso\tfs\service\webaccess\workitemtracking\testscripts\tests\tfstests.workitemtracking.queryhierarchy.ts" adapterTypeName="Microsoft.VisualStudio.TestTools.TestTypes.Unit.UnitTestAdapter" className="d:\v2.0\a1\_work\dbded102\vso\tfs\service\webaccess\workitemtracking\testscripts\tests\tfstests.workitemtracking.queryhierarchy.ts::tfstests.workitemtracking" name="TFSTests.WorkItemTracking.QueryHierarchy queryHierarchyBeginFindByPath" />
    </UnitTest>
    <UnitTest name="TFSTests.WorkItemTracking.QueryHierarchy queryHierarchyBeginFindByPathLeafItemOnly" storage="d:\v2.0\a1\_work\dbded102\vso\tfs\service\webaccess\workitemtracking\testscripts\tests\tfstests.workitemtracking.queryhierarchy.ts" id="2d910a1d-a2cf-46e9-a1bc-0bbb00180f22">
      <Execution id="c349075e-ae48-496f-b9c4-8be82610c6c6" />
      <TestMethod codeBase="d:\v2.0\a1\_work\dbded102\vso\tfs\service\webaccess\workitemtracking\testscripts\tests\tfstests.workitemtracking.queryhierarchy.ts" adapterTypeName="Microsoft.VisualStudio.TestTools.TestTypes.Unit.UnitTestAdapter" className="d:\v2.0\a1\_work\dbded102\vso\tfs\service\webaccess\workitemtracking\testscripts\tests\tfstests.workitemtracking.queryhierarchy.ts::tfstests.workitemtracking" name="TFSTests.WorkItemTracking.QueryHierarchy queryHierarchyBeginFindByPathLeafItemOnly" />
    </UnitTest>
    <UnitTest name="TFSTests.WorkItemTracking.RuleEngine ruleEngine.requiredTest" storage="d:\v2.0\a1\_work\dbded102\vso\tfs\service\webaccess\workitemtracking\testscripts\tests\tfstests.workitemtracking.ruleengine.ts" id="00453e1b-1e1b-498a-9c48-1cefc563abcf">
      <Execution id="b12b389b-c0a3-49bf-aa0a-e390eca76192" />
      <TestMethod codeBase="d:\v2.0\a1\_work\dbded102\vso\tfs\service\webaccess\workitemtracking\testscripts\tests\tfstests.workitemtracking.ruleengine.ts" adapterTypeName="Microsoft.VisualStudio.TestTools.TestTypes.Unit.UnitTestAdapter" className="d:\v2.0\a1\_work\dbded102\vso\tfs\service\webaccess\workitemtracking\testscripts\tests\tfstests.workitemtracking.ruleengine.ts::tfstests.workitemtracking.ruleengine::ruleengine" name="TFSTests.WorkItemTracking.RuleEngine ruleEngine.requiredTest" />
    </UnitTest>
    <UnitTest name="TFSTests.WorkItemTracking.RuleEngine ruleEngine.setByRuleTest" storage="d:\v2.0\a1\_work\dbded102\vso\tfs\service\webaccess\workitemtracking\testscripts\tests\tfstests.workitemtracking.ruleengine.ts" id="0ae61ab8-b684-438c-aa6b-34d2af79c0e9">
      <Execution id="3d2d87bd-c283-4c8d-a418-5dc9d91600c4" />
      <TestMethod codeBase="d:\v2.0\a1\_work\dbded102\vso\tfs\service\webaccess\workitemtracking\testscripts\tests\tfstests.workitemtracking.ruleengine.ts" adapterTypeName="Microsoft.VisualStudio.TestTools.TestTypes.Unit.UnitTestAdapter" className="d:\v2.0\a1\_work\dbded102\vso\tfs\service\webaccess\workitemtracking\testscripts\tests\tfstests.workitemtracking.ruleengine.ts::tfstests.workitemtracking.ruleengine::ruleengine" name="TFSTests.WorkItemTracking.RuleEngine ruleEngine.setByRuleTest" />
    </UnitTest>
    <UnitTest name="TFSTests.WorkItemTracking.RuleEngine ruleEngine.setByComputedRuleTest" storage="d:\v2.0\a1\_work\dbded102\vso\tfs\service\webaccess\workitemtracking\testscripts\tests\tfstests.workitemtracking.ruleengine.ts" id="4792d62d-37c3-4918-8262-16b47642c42b">
      <Execution id="17c525fc-0010-4989-a44d-6c6c7ac08ea6" />
      <TestMethod codeBase="d:\v2.0\a1\_work\dbded102\vso\tfs\service\webaccess\workitemtracking\testscripts\tests\tfstests.workitemtracking.ruleengine.ts" adapterTypeName="Microsoft.VisualStudio.TestTools.TestTypes.Unit.UnitTestAdapter" className="d:\v2.0\a1\_work\dbded102\vso\tfs\service\webaccess\workitemtracking\testscripts\tests\tfstests.workitemtracking.ruleengine.ts::tfstests.workitemtracking.ruleengine::ruleengine" name="TFSTests.WorkItemTracking.RuleEngine ruleEngine.setByComputedRuleTest" />
    </UnitTest>
    <UnitTest name="TFSTests.WorkItemTracking.RuleEngine ruleEngine.readOnlyRuleTest" storage="d:\v2.0\a1\_work\dbded102\vso\tfs\service\webaccess\workitemtracking\testscripts\tests\tfstests.workitemtracking.ruleengine.ts" id="e5ccc6bc-d9b9-4e18-acb1-4df23f189ae6">
      <Execution id="b8c48cc7-39ff-49e2-a9a0-c6e053941a76" />
      <TestMethod codeBase="d:\v2.0\a1\_work\dbded102\vso\tfs\service\webaccess\workitemtracking\testscripts\tests\tfstests.workitemtracking.ruleengine.ts" adapterTypeName="Microsoft.VisualStudio.TestTools.TestTypes.Unit.UnitTestAdapter" className="d:\v2.0\a1\_work\dbded102\vso\tfs\service\webaccess\workitemtracking\testscripts\tests\tfstests.workitemtracking.ruleengine.ts::tfstests.workitemtracking.ruleengine::ruleengine" name="TFSTests.WorkItemTracking.RuleEngine ruleEngine.readOnlyRuleTest" />
    </UnitTest>
    <UnitTest name="TFSTests.WorkItemTracking.RuleEngine ruleEngine.whenWasRuleTest" storage="d:\v2.0\a1\_work\dbded102\vso\tfs\service\webaccess\workitemtracking\testscripts\tests\tfstests.workitemtracking.ruleengine.ts" id="7108d28e-1fe7-46c7-9c86-65632ecd4f38">
      <Execution id="db063285-90a7-4268-8079-fb9051dfa6fb" />
      <TestMethod codeBase="d:\v2.0\a1\_work\dbded102\vso\tfs\service\webaccess\workitemtracking\testscripts\tests\tfstests.workitemtracking.ruleengine.ts" adapterTypeName="Microsoft.VisualStudio.TestTools.TestTypes.Unit.UnitTestAdapter" className="d:\v2.0\a1\_work\dbded102\vso\tfs\service\webaccess\workitemtracking\testscripts\tests\tfstests.workitemtracking.ruleengine.ts::tfstests.workitemtracking.ruleengine::ruleengine" name="TFSTests.WorkItemTracking.RuleEngine ruleEngine.whenWasRuleTest" />
    </UnitTest>
    <UnitTest name="TFSTests.WorkItemTracking.RuleEngine ruleEngine.valuesSuggestedTest" storage="d:\v2.0\a1\_work\dbded102\vso\tfs\service\webaccess\workitemtracking\testscripts\tests\tfstests.workitemtracking.ruleengine.ts" id="3fc8d57d-2e01-4677-9cf6-66aa399a5d5c">
      <Execution id="0c8127d0-b2fa-4ac7-ab90-ec9fe8a7214c" />
      <TestMethod codeBase="d:\v2.0\a1\_work\dbded102\vso\tfs\service\webaccess\workitemtracking\testscripts\tests\tfstests.workitemtracking.ruleengine.ts" adapterTypeName="Microsoft.VisualStudio.TestTools.TestTypes.Unit.UnitTestAdapter" className="d:\v2.0\a1\_work\dbded102\vso\tfs\service\webaccess\workitemtracking\testscripts\tests\tfstests.workitemtracking.ruleengine.ts::tfstests.workitemtracking.ruleengine::ruleengine" name="TFSTests.WorkItemTracking.RuleEngine ruleEngine.valuesSuggestedTest" />
    </UnitTest>
    <UnitTest name="TFSTests.WorkItemTracking.RuleEngine ruleEngine.allowedValueTest" storage="d:\v2.0\a1\_work\dbded102\vso\tfs\service\webaccess\workitemtracking\testscripts\tests\tfstests.workitemtracking.ruleengine.ts" id="c4706ac7-1d49-47a4-9f0c-1f413a9df91b">
      <Execution id="54aa084b-2570-4511-a0b4-b0113d47cecc" />
      <TestMethod codeBase="d:\v2.0\a1\_work\dbded102\vso\tfs\service\webaccess\workitemtracking\testscripts\tests\tfstests.workitemtracking.ruleengine.ts" adapterTypeName="Microsoft.VisualStudio.TestTools.TestTypes.Unit.UnitTestAdapter" className="d:\v2.0\a1\_work\dbded102\vso\tfs\service\webaccess\workitemtracking\testscripts\tests\tfstests.workitemtracking.ruleengine.ts::tfstests.workitemtracking.ruleengine::ruleengine" name="TFSTests.WorkItemTracking.RuleEngine ruleEngine.allowedValueTest" />
    </UnitTest>
    <UnitTest name="TFSTests.WorkItemTracking.RuleEngine ruleEngine.triggerFieldsTest" storage="d:\v2.0\a1\_work\dbded102\vso\tfs\service\webaccess\workitemtracking\testscripts\tests\tfstests.workitemtracking.ruleengine.ts" id="ade4dc77-539b-4109-9736-b36446ca94f5">
      <Execution id="d0d6010c-983c-4b7e-b9e4-3102dcb528c4" />
      <TestMethod codeBase="d:\v2.0\a1\_work\dbded102\vso\tfs\service\webaccess\workitemtracking\testscripts\tests\tfstests.workitemtracking.ruleengine.ts" adapterTypeName="Microsoft.VisualStudio.TestTools.TestTypes.Unit.UnitTestAdapter" className="d:\v2.0\a1\_work\dbded102\vso\tfs\service\webaccess\workitemtracking\testscripts\tests\tfstests.workitemtracking.ruleengine.ts::tfstests.workitemtracking.ruleengine::ruleengine" name="TFSTests.WorkItemTracking.RuleEngine ruleEngine.triggerFieldsTest" />
    </UnitTest>
    <UnitTest name="TFSTests.WorkItemTracking.RuleEngine ruleEngine.frozenTest" storage="d:\v2.0\a1\_work\dbded102\vso\tfs\service\webaccess\workitemtracking\testscripts\tests\tfstests.workitemtracking.ruleengine.ts" id="dd01f41b-c517-4871-972c-0a46382f8317">
      <Execution id="15738d05-9357-4328-9ee3-957a6865e625" />
      <TestMethod codeBase="d:\v2.0\a1\_work\dbded102\vso\tfs\service\webaccess\workitemtracking\testscripts\tests\tfstests.workitemtracking.ruleengine.ts" adapterTypeName="Microsoft.VisualStudio.TestTools.TestTypes.Unit.UnitTestAdapter" className="d:\v2.0\a1\_work\dbded102\vso\tfs\service\webaccess\workitemtracking\testscripts\tests\tfstests.workitemtracking.ruleengine.ts::tfstests.workitemtracking.ruleengine::ruleengine" name="TFSTests.WorkItemTracking.RuleEngine ruleEngine.frozenTest" />
    </UnitTest>
    <UnitTest name="TFSTests.WorkItemTracking.RuleEngine ruleEngine.canNotLoseValueTest" storage="d:\v2.0\a1\_work\dbded102\vso\tfs\service\webaccess\workitemtracking\testscripts\tests\tfstests.workitemtracking.ruleengine.ts" id="92cf97c9-ae79-47ff-bfea-44faf2d8e129">
      <Execution id="ba85fb2a-8af0-4dc0-bdf3-bf5f843c6a55" />
      <TestMethod codeBase="d:\v2.0\a1\_work\dbded102\vso\tfs\service\webaccess\workitemtracking\testscripts\tests\tfstests.workitemtracking.ruleengine.ts" adapterTypeName="Microsoft.VisualStudio.TestTools.TestTypes.Unit.UnitTestAdapter" className="d:\v2.0\a1\_work\dbded102\vso\tfs\service\webaccess\workitemtracking\testscripts\tests\tfstests.workitemtracking.ruleengine.ts::tfstests.workitemtracking.ruleengine::ruleengine" name="TFSTests.WorkItemTracking.RuleEngine ruleEngine.canNotLoseValueTest" />
    </UnitTest>
    <UnitTest name="TFSTests.WorkItemTracking.RuleEngine ruleEngine.otherFieldTest" storage="d:\v2.0\a1\_work\dbded102\vso\tfs\service\webaccess\workitemtracking\testscripts\tests\tfstests.workitemtracking.ruleengine.ts" id="e829b81b-4574-4199-8182-64a54cb5ec1f">
      <Execution id="31026370-388a-4430-944e-5f9cc31ad72d" />
      <TestMethod codeBase="d:\v2.0\a1\_work\dbded102\vso\tfs\service\webaccess\workitemtracking\testscripts\tests\tfstests.workitemtracking.ruleengine.ts" adapterTypeName="Microsoft.VisualStudio.TestTools.TestTypes.Unit.UnitTestAdapter" className="d:\v2.0\a1\_work\dbded102\vso\tfs\service\webaccess\workitemtracking\testscripts\tests\tfstests.workitemtracking.ruleengine.ts::tfstests.workitemtracking.ruleengine::ruleengine" name="TFSTests.WorkItemTracking.RuleEngine ruleEngine.otherFieldTest" />
    </UnitTest>
    <UnitTest name="TFSTests.WorkItemTracking.WorkItemHistory historyData" storage="d:\v2.0\a1\_work\dbded102\vso\tfs\service\webaccess\workitemtracking\testscripts\tests\tfstests.workitemtracking.workitemhistory.ts" id="bc931654-9763-4863-8e91-c6cfd3fbf46a">
      <Execution id="1bb6c679-c129-478f-8745-2aa9bf935860" />
      <TestMethod codeBase="d:\v2.0\a1\_work\dbded102\vso\tfs\service\webaccess\workitemtracking\testscripts\tests\tfstests.workitemtracking.workitemhistory.ts" adapterTypeName="Microsoft.VisualStudio.TestTools.TestTypes.Unit.UnitTestAdapter" className="d:\v2.0\a1\_work\dbded102\vso\tfs\service\webaccess\workitemtracking\testscripts\tests\tfstests.workitemtracking.workitemhistory.ts::tfstests.workitemtracking" name="TFSTests.WorkItemTracking.WorkItemHistory historyData" />
    </UnitTest>
    <UnitTest name="TFSTests.WorkItemTracking.WorkItemHistory getSafeHtmlMessageStripsClasses" storage="d:\v2.0\a1\_work\dbded102\vso\tfs\service\webaccess\workitemtracking\testscripts\tests\tfstests.workitemtracking.workitemhistory.ts" id="14c8e741-7da5-42ac-bfe9-8cd224cee8e9">
      <Execution id="ad776e98-25aa-4736-9a15-828aa3983d06" />
      <TestMethod codeBase="d:\v2.0\a1\_work\dbded102\vso\tfs\service\webaccess\workitemtracking\testscripts\tests\tfstests.workitemtracking.workitemhistory.ts" adapterTypeName="Microsoft.VisualStudio.TestTools.TestTypes.Unit.UnitTestAdapter" className="d:\v2.0\a1\_work\dbded102\vso\tfs\service\webaccess\workitemtracking\testscripts\tests\tfstests.workitemtracking.workitemhistory.ts::tfstests.workitemtracking" name="TFSTests.WorkItemTracking.WorkItemHistory getSafeHtmlMessageStripsClasses" />
    </UnitTest>
    <UnitTest name="TFSTests.WorkItemTracking.FormRenderer WillRenderHeaderFields" storage="d:\v2.0\a1\_work\dbded102\vso\tfs\service\webaccess\workitemtracking\testscripts\tests\form\tfstests.workitemtracking.form.renderer.ts" id="164a1b74-b677-4dfb-98df-34efb72ed7af">
      <Execution id="a23db185-4f80-49d3-b03b-3bb92b28dad1" />
      <TestMethod codeBase="d:\v2.0\a1\_work\dbded102\vso\tfs\service\webaccess\workitemtracking\testscripts\tests\form\tfstests.workitemtracking.form.renderer.ts" adapterTypeName="Microsoft.VisualStudio.TestTools.TestTypes.Unit.UnitTestAdapter" className="d:\v2.0\a1\_work\dbded102\vso\tfs\service\webaccess\workitemtracking\testscripts\tests\form\tfstests.workitemtracking.form.renderer.ts::tfstests.workitemtracking" name="TFSTests.WorkItemTracking.FormRenderer WillRenderHeaderFields" />
    </UnitTest>
    <UnitTest name="TFSTests.WorkItemTracking.FormRenderer WillPutGroupsInRightSections" storage="d:\v2.0\a1\_work\dbded102\vso\tfs\service\webaccess\workitemtracking\testscripts\tests\form\tfstests.workitemtracking.form.renderer.ts" id="11facc96-db04-4ea5-a155-c8349b52e533">
      <Execution id="d724a691-bb1e-49bc-b65e-1335ab7e799d" />
      <TestMethod codeBase="d:\v2.0\a1\_work\dbded102\vso\tfs\service\webaccess\workitemtracking\testscripts\tests\form\tfstests.workitemtracking.form.renderer.ts" adapterTypeName="Microsoft.VisualStudio.TestTools.TestTypes.Unit.UnitTestAdapter" className="d:\v2.0\a1\_work\dbded102\vso\tfs\service\webaccess\workitemtracking\testscripts\tests\form\tfstests.workitemtracking.form.renderer.ts::tfstests.workitemtracking" name="TFSTests.WorkItemTracking.FormRenderer WillPutGroupsInRightSections" />
    </UnitTest>
    <UnitTest name="TFSTests.WorkItemTracking.FormRenderer WillCreateTabsCorrectly" storage="d:\v2.0\a1\_work\dbded102\vso\tfs\service\webaccess\workitemtracking\testscripts\tests\form\tfstests.workitemtracking.form.renderer.ts" id="7b18c286-b8f0-4d30-921f-25cd782470ef">
      <Execution id="c3b64c8b-41bd-4dce-8715-2518feef6bdd" />
      <TestMethod codeBase="d:\v2.0\a1\_work\dbded102\vso\tfs\service\webaccess\workitemtracking\testscripts\tests\form\tfstests.workitemtracking.form.renderer.ts" adapterTypeName="Microsoft.VisualStudio.TestTools.TestTypes.Unit.UnitTestAdapter" className="d:\v2.0\a1\_work\dbded102\vso\tfs\service\webaccess\workitemtracking\testscripts\tests\form\tfstests.workitemtracking.form.renderer.ts::tfstests.workitemtracking" name="TFSTests.WorkItemTracking.FormRenderer WillCreateTabsCorrectly" />
    </UnitTest>
    <UnitTest name="TFSTests.WorkItemTracking.FormRenderer WillChooseGridsCorrectlyBasedOnSectionsFilled" storage="d:\v2.0\a1\_work\dbded102\vso\tfs\service\webaccess\workitemtracking\testscripts\tests\form\tfstests.workitemtracking.form.renderer.ts" id="ad2319e8-d100-43a5-8b02-40cd14c29ed5">
      <Execution id="45ece20a-21bb-477a-bc4d-734c800578d1" />
      <TestMethod codeBase="d:\v2.0\a1\_work\dbded102\vso\tfs\service\webaccess\workitemtracking\testscripts\tests\form\tfstests.workitemtracking.form.renderer.ts" adapterTypeName="Microsoft.VisualStudio.TestTools.TestTypes.Unit.UnitTestAdapter" className="d:\v2.0\a1\_work\dbded102\vso\tfs\service\webaccess\workitemtracking\testscripts\tests\form\tfstests.workitemtracking.form.renderer.ts::tfstests.workitemtracking" name="TFSTests.WorkItemTracking.FormRenderer WillChooseGridsCorrectlyBasedOnSectionsFilled" />
    </UnitTest>
    <UnitTest name="TFSTests.WorkItemTracking.FormTabs WillRenderTabsInRightOrder" storage="d:\v2.0\a1\_work\dbded102\vso\tfs\service\webaccess\workitemtracking\testscripts\tests\form\tfstests.workitemtracking.form.tabs.ts" id="49ff9ccd-a2b6-45f5-ac1d-59ce6c430c37">
      <Execution id="8d151b1e-aebe-4a02-a7e6-d636add612c2" />
      <TestMethod codeBase="d:\v2.0\a1\_work\dbded102\vso\tfs\service\webaccess\workitemtracking\testscripts\tests\form\tfstests.workitemtracking.form.tabs.ts" adapterTypeName="Microsoft.VisualStudio.TestTools.TestTypes.Unit.UnitTestAdapter" className="d:\v2.0\a1\_work\dbded102\vso\tfs\service\webaccess\workitemtracking\testscripts\tests\form\tfstests.workitemtracking.form.tabs.ts::tfstests.workitemtracking" name="TFSTests.WorkItemTracking.FormTabs WillRenderTabsInRightOrder" />
    </UnitTest>
    <UnitTest name="TFSTests.WorkItemTracking.FormTabs WillPutItemsInToolbarWhenWidthIsSmall" storage="d:\v2.0\a1\_work\dbded102\vso\tfs\service\webaccess\workitemtracking\testscripts\tests\form\tfstests.workitemtracking.form.tabs.ts" id="67d83a31-10de-4c05-b4dd-c02b8b940800">
      <Execution id="e7ef031e-67dd-47e8-8689-c64a6d3d230f" />
      <TestMethod codeBase="d:\v2.0\a1\_work\dbded102\vso\tfs\service\webaccess\workitemtracking\testscripts\tests\form\tfstests.workitemtracking.form.tabs.ts" adapterTypeName="Microsoft.VisualStudio.TestTools.TestTypes.Unit.UnitTestAdapter" className="d:\v2.0\a1\_work\dbded102\vso\tfs\service\webaccess\workitemtracking\testscripts\tests\form\tfstests.workitemtracking.form.tabs.ts::tfstests.workitemtracking" name="TFSTests.WorkItemTracking.FormTabs WillPutItemsInToolbarWhenWidthIsSmall" />
    </UnitTest>
    <UnitTest name="TFSTests.WorkItemTracking.Controls VerifyWorkItemCountingTabPolicy" storage="d:\v2.0\a1\_work\dbded102\vso\tfs\service\webaccess\workitemtracking\testscripts\tests\tfstests.workitemtracking.controls.ts" id="d1d3e161-2105-4c2d-838d-7d73ab09f2ce">
      <Execution id="2378534f-14f4-4638-b73e-8c207e4268b3" />
      <TestMethod codeBase="d:\v2.0\a1\_work\dbded102\vso\tfs\service\webaccess\workitemtracking\testscripts\tests\tfstests.workitemtracking.controls.ts" adapterTypeName="Microsoft.VisualStudio.TestTools.TestTypes.Unit.UnitTestAdapter" className="d:\v2.0\a1\_work\dbded102\vso\tfs\service\webaccess\workitemtracking\testscripts\tests\tfstests.workitemtracking.controls.ts::tfstests.workitemtracking" name="TFSTests.WorkItemTracking.Controls VerifyWorkItemCountingTabPolicy" />
    </UnitTest>
    <UnitTest name="TFSTests.WorkItemTracking.Controls VerifyDelayRenderOfTabs" storage="d:\v2.0\a1\_work\dbded102\vso\tfs\service\webaccess\workitemtracking\testscripts\tests\tfstests.workitemtracking.controls.ts" id="73fcd41a-b0a4-42d0-be28-3df56006adfc">
      <Execution id="ceaa2056-2b15-491d-b2a9-1a9d02632101" />
      <TestMethod codeBase="d:\v2.0\a1\_work\dbded102\vso\tfs\service\webaccess\workitemtracking\testscripts\tests\tfstests.workitemtracking.controls.ts" adapterTypeName="Microsoft.VisualStudio.TestTools.TestTypes.Unit.UnitTestAdapter" className="d:\v2.0\a1\_work\dbded102\vso\tfs\service\webaccess\workitemtracking\testscripts\tests\tfstests.workitemtracking.controls.ts::tfstests.workitemtracking" name="TFSTests.WorkItemTracking.Controls VerifyDelayRenderOfTabs" />
    </UnitTest>
    <UnitTest name="TFSTests.WorkItemTracking.Controls VerifyReadingCustomControlsOptionsFromXML" storage="d:\v2.0\a1\_work\dbded102\vso\tfs\service\webaccess\workitemtracking\testscripts\tests\tfstests.workitemtracking.controls.ts" id="ab6d555e-2e14-4ecf-a786-919a2fbc8bf1">
      <Execution id="eef64b6f-2508-419d-a925-26aaa8a5ae45" />
      <TestMethod codeBase="d:\v2.0\a1\_work\dbded102\vso\tfs\service\webaccess\workitemtracking\testscripts\tests\tfstests.workitemtracking.controls.ts" adapterTypeName="Microsoft.VisualStudio.TestTools.TestTypes.Unit.UnitTestAdapter" className="d:\v2.0\a1\_work\dbded102\vso\tfs\service\webaccess\workitemtracking\testscripts\tests\tfstests.workitemtracking.controls.ts::tfstests.workitemtracking" name="TFSTests.WorkItemTracking.Controls VerifyReadingCustomControlsOptionsFromXML" />
    </UnitTest>
    <UnitTest name="TFSTests.WorkItemTracking.Controls ExtensionZoneAttachingTest" storage="d:\v2.0\a1\_work\dbded102\vso\tfs\service\webaccess\workitemtracking\testscripts\tests\tfstests.workitemtracking.controls.ts" id="89235367-0928-44b7-a913-4f82a4764820">
      <Execution id="dab9a2e8-b29e-4dfb-b365-b0c9457ddbd9" />
      <TestMethod codeBase="d:\v2.0\a1\_work\dbded102\vso\tfs\service\webaccess\workitemtracking\testscripts\tests\tfstests.workitemtracking.controls.ts" adapterTypeName="Microsoft.VisualStudio.TestTools.TestTypes.Unit.UnitTestAdapter" className="d:\v2.0\a1\_work\dbded102\vso\tfs\service\webaccess\workitemtracking\testscripts\tests\tfstests.workitemtracking.controls.ts::tfstests.workitemtracking" name="TFSTests.WorkItemTracking.Controls ExtensionZoneAttachingTest" />
    </UnitTest>
    <UnitTest name="TFSTests.WorkItemTracking.Controls ExtensionZoneDetachingTest" storage="d:\v2.0\a1\_work\dbded102\vso\tfs\service\webaccess\workitemtracking\testscripts\tests\tfstests.workitemtracking.controls.ts" id="77ee0286-d68c-4268-afd1-5ffaf739b809">
      <Execution id="d38af6c9-3da3-4e72-9166-8cc0bb1c9c31" />
      <TestMethod codeBase="d:\v2.0\a1\_work\dbded102\vso\tfs\service\webaccess\workitemtracking\testscripts\tests\tfstests.workitemtracking.controls.ts" adapterTypeName="Microsoft.VisualStudio.TestTools.TestTypes.Unit.UnitTestAdapter" className="d:\v2.0\a1\_work\dbded102\vso\tfs\service\webaccess\workitemtracking\testscripts\tests\tfstests.workitemtracking.controls.ts::tfstests.workitemtracking" name="TFSTests.WorkItemTracking.Controls ExtensionZoneDetachingTest" />
    </UnitTest>
    <UnitTest name="TFSTests.WorkItemTracking.Controls ExtensionZoneAttach2" storage="d:\v2.0\a1\_work\dbded102\vso\tfs\service\webaccess\workitemtracking\testscripts\tests\tfstests.workitemtracking.controls.ts" id="7eb658cf-2de1-41a9-bc3c-47b06014e342">
      <Execution id="43d8ba74-3081-432a-8508-1c02e96b5eb6" />
      <TestMethod codeBase="d:\v2.0\a1\_work\dbded102\vso\tfs\service\webaccess\workitemtracking\testscripts\tests\tfstests.workitemtracking.controls.ts" adapterTypeName="Microsoft.VisualStudio.TestTools.TestTypes.Unit.UnitTestAdapter" className="d:\v2.0\a1\_work\dbded102\vso\tfs\service\webaccess\workitemtracking\testscripts\tests\tfstests.workitemtracking.controls.ts::tfstests.workitemtracking" name="TFSTests.WorkItemTracking.Controls ExtensionZoneAttach2" />
    </UnitTest>
    <UnitTest name="TFSTests.WorkItemTracking.Controls ExtensionZoneAttach_Detach_AttachTest" storage="d:\v2.0\a1\_work\dbded102\vso\tfs\service\webaccess\workitemtracking\testscripts\tests\tfstests.workitemtracking.controls.ts" id="ebbf06da-c516-4305-8534-5386232cb367">
      <Execution id="540ce49f-eba2-4e9d-aada-a1453e77e132" />
      <TestMethod codeBase="d:\v2.0\a1\_work\dbded102\vso\tfs\service\webaccess\workitemtracking\testscripts\tests\tfstests.workitemtracking.controls.ts" adapterTypeName="Microsoft.VisualStudio.TestTools.TestTypes.Unit.UnitTestAdapter" className="d:\v2.0\a1\_work\dbded102\vso\tfs\service\webaccess\workitemtracking\testscripts\tests\tfstests.workitemtracking.controls.ts::tfstests.workitemtracking" name="TFSTests.WorkItemTracking.Controls ExtensionZoneAttach_Detach_AttachTest" />
    </UnitTest>
    <UnitTest name="TFSTests.WorkItemTracking.Controls ExtensionZoneAttach_AttachDifferent" storage="d:\v2.0\a1\_work\dbded102\vso\tfs\service\webaccess\workitemtracking\testscripts\tests\tfstests.workitemtracking.controls.ts" id="fa3da7cc-867f-4196-85e2-50ebf55bf73d">
      <Execution id="23338e4d-6646-44ed-b576-cf9bb24aa029" />
      <TestMethod codeBase="d:\v2.0\a1\_work\dbded102\vso\tfs\service\webaccess\workitemtracking\testscripts\tests\tfstests.workitemtracking.controls.ts" adapterTypeName="Microsoft.VisualStudio.TestTools.TestTypes.Unit.UnitTestAdapter" className="d:\v2.0\a1\_work\dbded102\vso\tfs\service\webaccess\workitemtracking\testscripts\tests\tfstests.workitemtracking.controls.ts::tfstests.workitemtracking" name="TFSTests.WorkItemTracking.Controls ExtensionZoneAttach_AttachDifferent" />
    </UnitTest>
    <UnitTest name="TFSTests.WorkItemTracking.Controls UrlValidityForShareLinkExperience" storage="d:\v2.0\a1\_work\dbded102\vso\tfs\service\webaccess\workitemtracking\testscripts\tests\tfstests.workitemtracking.controls.ts" id="90dbf5e4-c344-48d8-b9d3-f45bf03ece63">
      <Execution id="e0251158-76f9-47d4-a9a6-8df76bb05b6e" />
      <TestMethod codeBase="d:\v2.0\a1\_work\dbded102\vso\tfs\service\webaccess\workitemtracking\testscripts\tests\tfstests.workitemtracking.controls.ts" adapterTypeName="Microsoft.VisualStudio.TestTools.TestTypes.Unit.UnitTestAdapter" className="d:\v2.0\a1\_work\dbded102\vso\tfs\service\webaccess\workitemtracking\testscripts\tests\tfstests.workitemtracking.controls.ts::tfstests.workitemtracking" name="TFSTests.WorkItemTracking.Controls UrlValidityForShareLinkExperience" />
    </UnitTest>
    <UnitTest name="TFSTests.WorkItemTracking.Controls urlCombinerMethodTest" storage="d:\v2.0\a1\_work\dbded102\vso\tfs\service\webaccess\workitemtracking\testscripts\tests\tfstests.workitemtracking.controls.ts" id="93524a2a-9d29-4ea3-9fb3-2739f00f2f02">
      <Execution id="5cefb2ed-7494-494e-96fb-673625396c05" />
      <TestMethod codeBase="d:\v2.0\a1\_work\dbded102\vso\tfs\service\webaccess\workitemtracking\testscripts\tests\tfstests.workitemtracking.controls.ts" adapterTypeName="Microsoft.VisualStudio.TestTools.TestTypes.Unit.UnitTestAdapter" className="d:\v2.0\a1\_work\dbded102\vso\tfs\service\webaccess\workitemtracking\testscripts\tests\tfstests.workitemtracking.controls.ts::tfstests.workitemtracking" name="TFSTests.WorkItemTracking.Controls urlCombinerMethodTest" />
    </UnitTest>
    <UnitTest name="TFSTests.WorkItemTracking.Controls MultiLineTextAdapterInitialValueSynchronization" storage="d:\v2.0\a1\_work\dbded102\vso\tfs\service\webaccess\workitemtracking\testscripts\tests\tfstests.workitemtracking.controls.ts" id="6c4916b2-7fe9-41ed-b94f-32ad7418feee">
      <Execution id="da81743f-fbfa-40cc-bade-683b594a3ff1" />
      <TestMethod codeBase="d:\v2.0\a1\_work\dbded102\vso\tfs\service\webaccess\workitemtracking\testscripts\tests\tfstests.workitemtracking.controls.ts" adapterTypeName="Microsoft.VisualStudio.TestTools.TestTypes.Unit.UnitTestAdapter" className="d:\v2.0\a1\_work\dbded102\vso\tfs\service\webaccess\workitemtracking\testscripts\tests\tfstests.workitemtracking.controls.ts::tfstests.workitemtracking" name="TFSTests.WorkItemTracking.Controls MultiLineTextAdapterInitialValueSynchronization" />
    </UnitTest>
    <UnitTest name="TFSTests.WorkItemTracking.Controls MultiLineTextAdapterChangedValueSynchronization" storage="d:\v2.0\a1\_work\dbded102\vso\tfs\service\webaccess\workitemtracking\testscripts\tests\tfstests.workitemtracking.controls.ts" id="4f245f7a-7d97-426b-8b29-62d9039ef0ae">
      <Execution id="58b5e116-d52c-4c2a-a0fa-d87a0885f7f7" />
      <TestMethod codeBase="d:\v2.0\a1\_work\dbded102\vso\tfs\service\webaccess\workitemtracking\testscripts\tests\tfstests.workitemtracking.controls.ts" adapterTypeName="Microsoft.VisualStudio.TestTools.TestTypes.Unit.UnitTestAdapter" className="d:\v2.0\a1\_work\dbded102\vso\tfs\service\webaccess\workitemtracking\testscripts\tests\tfstests.workitemtracking.controls.ts::tfstests.workitemtracking" name="TFSTests.WorkItemTracking.Controls MultiLineTextAdapterChangedValueSynchronization" />
    </UnitTest>
    <UnitTest name="TFSTests.WorkItemTracking.DiscussionAdornmentTests DiscussionAdornmentControl calculates number of discussion items with no discussion" storage="d:\v2.0\a1\_work\dbded102\vso\tfs\service\webaccess\workitemtracking\testscripts\tests\tfstests.workitemtracking.discussionadornment.ts" id="0d222624-5496-4314-b0d2-9c5ee1496869">
      <Execution id="c57d5cb0-928e-4d88-b8f2-a465ca0c840d" />
      <TestMethod codeBase="d:\v2.0\a1\_work\dbded102\vso\tfs\service\webaccess\workitemtracking\testscripts\tests\tfstests.workitemtracking.discussionadornment.ts" adapterTypeName="Microsoft.VisualStudio.TestTools.TestTypes.Unit.UnitTestAdapter" className="d:\v2.0\a1\_work\dbded102\vso\tfs\service\webaccess\workitemtracking\testscripts\tests\tfstests.workitemtracking.discussionadornment.ts::tfstests.workitemtracking" name="TFSTests.WorkItemTracking.DiscussionAdornmentTests DiscussionAdornmentControl calculates number of discussion items with no discussion" />
    </UnitTest>
    <UnitTest name="TFSTests.WorkItemTracking.DiscussionAdornmentTests DiscussionAdornmentControl calculates number of discussion items with one discussion" storage="d:\v2.0\a1\_work\dbded102\vso\tfs\service\webaccess\workitemtracking\testscripts\tests\tfstests.workitemtracking.discussionadornment.ts" id="6edaa2cd-19b2-4f02-9d0e-5ce9ecc199b0">
      <Execution id="e8fbb303-68b5-4c6f-837a-35a97465349a" />
      <TestMethod codeBase="d:\v2.0\a1\_work\dbded102\vso\tfs\service\webaccess\workitemtracking\testscripts\tests\tfstests.workitemtracking.discussionadornment.ts" adapterTypeName="Microsoft.VisualStudio.TestTools.TestTypes.Unit.UnitTestAdapter" className="d:\v2.0\a1\_work\dbded102\vso\tfs\service\webaccess\workitemtracking\testscripts\tests\tfstests.workitemtracking.discussionadornment.ts::tfstests.workitemtracking" name="TFSTests.WorkItemTracking.DiscussionAdornmentTests DiscussionAdornmentControl calculates number of discussion items with one discussion" />
    </UnitTest>
    <UnitTest name="TFSTests.WorkItemTracking.DiscussionAdornmentTests DiscussionAdornmentControl calculates number of discussion items with multiple discussion items" storage="d:\v2.0\a1\_work\dbded102\vso\tfs\service\webaccess\workitemtracking\testscripts\tests\tfstests.workitemtracking.discussionadornment.ts" id="3a879a26-66ae-4be5-8ab6-f4d080779003">
      <Execution id="160528bc-3d52-4af7-b13f-ba8ea8f1c229" />
      <TestMethod codeBase="d:\v2.0\a1\_work\dbded102\vso\tfs\service\webaccess\workitemtracking\testscripts\tests\tfstests.workitemtracking.discussionadornment.ts" adapterTypeName="Microsoft.VisualStudio.TestTools.TestTypes.Unit.UnitTestAdapter" className="d:\v2.0\a1\_work\dbded102\vso\tfs\service\webaccess\workitemtracking\testscripts\tests\tfstests.workitemtracking.discussionadornment.ts::tfstests.workitemtracking" name="TFSTests.WorkItemTracking.DiscussionAdornmentTests DiscussionAdornmentControl calculates number of discussion items with multiple discussion items" />
    </UnitTest>
    <UnitTest name="TFSTests.WorkItemTracking.DiscussionAdornmentTests DiscussionAdornmentControl calculates number of discussion items when unbound" storage="d:\v2.0\a1\_work\dbded102\vso\tfs\service\webaccess\workitemtracking\testscripts\tests\tfstests.workitemtracking.discussionadornment.ts" id="ccb6d4a7-6628-4743-9ffa-a874e96ded88">
      <Execution id="b2fd573a-3161-4f37-ace1-d6eb67e5b690" />
      <TestMethod codeBase="d:\v2.0\a1\_work\dbded102\vso\tfs\service\webaccess\workitemtracking\testscripts\tests\tfstests.workitemtracking.discussionadornment.ts" adapterTypeName="Microsoft.VisualStudio.TestTools.TestTypes.Unit.UnitTestAdapter" className="d:\v2.0\a1\_work\dbded102\vso\tfs\service\webaccess\workitemtracking\testscripts\tests\tfstests.workitemtracking.discussionadornment.ts::tfstests.workitemtracking" name="TFSTests.WorkItemTracking.DiscussionAdornmentTests DiscussionAdornmentControl calculates number of discussion items when unbound" />
    </UnitTest>
    <UnitTest name="TFSTests.WorkItemTracking.DiscussionAdornmentTests DiscussionAdornmentControl calculates number of discussion items when unsaved" storage="d:\v2.0\a1\_work\dbded102\vso\tfs\service\webaccess\workitemtracking\testscripts\tests\tfstests.workitemtracking.discussionadornment.ts" id="7520c7ba-ada4-4ede-b2e8-7ac6126cb013">
      <Execution id="0e3037d0-de37-42ca-b2a9-8ff60459e13c" />
      <TestMethod codeBase="d:\v2.0\a1\_work\dbded102\vso\tfs\service\webaccess\workitemtracking\testscripts\tests\tfstests.workitemtracking.discussionadornment.ts" adapterTypeName="Microsoft.VisualStudio.TestTools.TestTypes.Unit.UnitTestAdapter" className="d:\v2.0\a1\_work\dbded102\vso\tfs\service\webaccess\workitemtracking\testscripts\tests\tfstests.workitemtracking.discussionadornment.ts::tfstests.workitemtracking" name="TFSTests.WorkItemTracking.DiscussionAdornmentTests DiscussionAdornmentControl calculates number of discussion items when unsaved" />
    </UnitTest>
    <UnitTest name="TFSTests.WorkItemTracking.DiscussionAdornmentTests DiscussionAdornmentControl calculates number of discussion items after binding to a new item" storage="d:\v2.0\a1\_work\dbded102\vso\tfs\service\webaccess\workitemtracking\testscripts\tests\tfstests.workitemtracking.discussionadornment.ts" id="d4f03b32-b89a-457a-baaa-97d7dbea2aac">
      <Execution id="5cdfca09-ea4c-4678-90b2-e13dc1c44c0a" />
      <TestMethod codeBase="d:\v2.0\a1\_work\dbded102\vso\tfs\service\webaccess\workitemtracking\testscripts\tests\tfstests.workitemtracking.discussionadornment.ts" adapterTypeName="Microsoft.VisualStudio.TestTools.TestTypes.Unit.UnitTestAdapter" className="d:\v2.0\a1\_work\dbded102\vso\tfs\service\webaccess\workitemtracking\testscripts\tests\tfstests.workitemtracking.discussionadornment.ts::tfstests.workitemtracking" name="TFSTests.WorkItemTracking.DiscussionAdornmentTests DiscussionAdornmentControl calculates number of discussion items after binding to a new item" />
    </UnitTest>
    <UnitTest name="TFSTests.WorkItemTracking.DiscussionAdornmentTests DiscussionAdornmentControl updates UI correctly with no discussion items" storage="d:\v2.0\a1\_work\dbded102\vso\tfs\service\webaccess\workitemtracking\testscripts\tests\tfstests.workitemtracking.discussionadornment.ts" id="7fed9f65-287f-481b-a9ca-d67e96c4e498">
      <Execution id="e03e8cca-a6ac-4428-9eb0-0284f8b88e37" />
      <TestMethod codeBase="d:\v2.0\a1\_work\dbded102\vso\tfs\service\webaccess\workitemtracking\testscripts\tests\tfstests.workitemtracking.discussionadornment.ts" adapterTypeName="Microsoft.VisualStudio.TestTools.TestTypes.Unit.UnitTestAdapter" className="d:\v2.0\a1\_work\dbded102\vso\tfs\service\webaccess\workitemtracking\testscripts\tests\tfstests.workitemtracking.discussionadornment.ts::tfstests.workitemtracking" name="TFSTests.WorkItemTracking.DiscussionAdornmentTests DiscussionAdornmentControl updates UI correctly with no discussion items" />
    </UnitTest>
    <UnitTest name="TFSTests.WorkItemTracking.DiscussionAdornmentTests DiscussionAdornmentControl updates UI correctly with one discussion item" storage="d:\v2.0\a1\_work\dbded102\vso\tfs\service\webaccess\workitemtracking\testscripts\tests\tfstests.workitemtracking.discussionadornment.ts" id="705f7d19-bff0-4588-a034-711439f8cbdc">
      <Execution id="c46fa0a0-7297-428b-af80-35282a578dd7" />
      <TestMethod codeBase="d:\v2.0\a1\_work\dbded102\vso\tfs\service\webaccess\workitemtracking\testscripts\tests\tfstests.workitemtracking.discussionadornment.ts" adapterTypeName="Microsoft.VisualStudio.TestTools.TestTypes.Unit.UnitTestAdapter" className="d:\v2.0\a1\_work\dbded102\vso\tfs\service\webaccess\workitemtracking\testscripts\tests\tfstests.workitemtracking.discussionadornment.ts::tfstests.workitemtracking" name="TFSTests.WorkItemTracking.DiscussionAdornmentTests DiscussionAdornmentControl updates UI correctly with one discussion item" />
    </UnitTest>
    <UnitTest name="TFSTests.WorkItemTracking.DiscussionAdornmentTests DiscussionAdornmentControl updates UI correctly with two discussion items" storage="d:\v2.0\a1\_work\dbded102\vso\tfs\service\webaccess\workitemtracking\testscripts\tests\tfstests.workitemtracking.discussionadornment.ts" id="e1cfe422-a9ba-47f6-ab69-f00c4b397bdf">
      <Execution id="9f20f8c8-289a-48c3-adb1-8647a4a5242a" />
      <TestMethod codeBase="d:\v2.0\a1\_work\dbded102\vso\tfs\service\webaccess\workitemtracking\testscripts\tests\tfstests.workitemtracking.discussionadornment.ts" adapterTypeName="Microsoft.VisualStudio.TestTools.TestTypes.Unit.UnitTestAdapter" className="d:\v2.0\a1\_work\dbded102\vso\tfs\service\webaccess\workitemtracking\testscripts\tests\tfstests.workitemtracking.discussionadornment.ts::tfstests.workitemtracking" name="TFSTests.WorkItemTracking.DiscussionAdornmentTests DiscussionAdornmentControl updates UI correctly with two discussion items" />
    </UnitTest>
    <UnitTest name="TFSTests.WorkItemTracking.EmailWorkItemsDialogModel OverwritesDefaultTitleCorrectly" storage="d:\v2.0\a1\_work\dbded102\vso\tfs\service\webaccess\workitemtracking\testscripts\tests\tfstests.workitemtracking.emailworkitemsdialogmodel.ts" id="93a49ea2-6790-4965-aeea-6f0bf6fdff69">
      <Execution id="00964caf-eb92-4191-9164-fddd1ec662cf" />
      <TestMethod codeBase="d:\v2.0\a1\_work\dbded102\vso\tfs\service\webaccess\workitemtracking\testscripts\tests\tfstests.workitemtracking.emailworkitemsdialogmodel.ts" adapterTypeName="Microsoft.VisualStudio.TestTools.TestTypes.Unit.UnitTestAdapter" className="d:\v2.0\a1\_work\dbded102\vso\tfs\service\webaccess\workitemtracking\testscripts\tests\tfstests.workitemtracking.emailworkitemsdialogmodel.ts::tfstests.workitemtracking" name="TFSTests.WorkItemTracking.EmailWorkItemsDialogModel OverwritesDefaultTitleCorrectly" />
    </UnitTest>
    <UnitTest name="TFSTests.WorkItemTracking.EmailWorkItemsDialogModel ThrowsExceptionIfPassedNegativeIDs" storage="d:\v2.0\a1\_work\dbded102\vso\tfs\service\webaccess\workitemtracking\testscripts\tests\tfstests.workitemtracking.emailworkitemsdialogmodel.ts" id="ea28b11e-a594-49f7-96dc-fcb10cf48c5d">
      <Execution id="433f0e59-c5c1-4418-8ec7-ec9343e32576" />
      <TestMethod codeBase="d:\v2.0\a1\_work\dbded102\vso\tfs\service\webaccess\workitemtracking\testscripts\tests\tfstests.workitemtracking.emailworkitemsdialogmodel.ts" adapterTypeName="Microsoft.VisualStudio.TestTools.TestTypes.Unit.UnitTestAdapter" className="d:\v2.0\a1\_work\dbded102\vso\tfs\service\webaccess\workitemtracking\testscripts\tests\tfstests.workitemtracking.emailworkitemsdialogmodel.ts::tfstests.workitemtracking" name="TFSTests.WorkItemTracking.EmailWorkItemsDialogModel ThrowsExceptionIfPassedNegativeIDs" />
    </UnitTest>
    <UnitTest name="TFSTests.WorkItemTracking.EmailWorkItemsDialogModel ThrowsExceptionIfIDsContainsZero" storage="d:\v2.0\a1\_work\dbded102\vso\tfs\service\webaccess\workitemtracking\testscripts\tests\tfstests.workitemtracking.emailworkitemsdialogmodel.ts" id="cae6bdf0-6f9f-4b24-82d6-f0c644010404">
      <Execution id="8ef4c096-2c27-44e4-bb43-611034a1b322" />
      <TestMethod codeBase="d:\v2.0\a1\_work\dbded102\vso\tfs\service\webaccess\workitemtracking\testscripts\tests\tfstests.workitemtracking.emailworkitemsdialogmodel.ts" adapterTypeName="Microsoft.VisualStudio.TestTools.TestTypes.Unit.UnitTestAdapter" className="d:\v2.0\a1\_work\dbded102\vso\tfs\service\webaccess\workitemtracking\testscripts\tests\tfstests.workitemtracking.emailworkitemsdialogmodel.ts::tfstests.workitemtracking" name="TFSTests.WorkItemTracking.EmailWorkItemsDialogModel ThrowsExceptionIfIDsContainsZero" />
    </UnitTest>
    <UnitTest name="TFSTests.WorkItemTracking.InitialValueHelper Will sanitize bad html from request parameters on HTML field" storage="d:\v2.0\a1\_work\dbded102\vso\tfs\service\webaccess\workitemtracking\testscripts\tests\tfstests.workitemtracking.initialvaluehelper.ts" id="ad300104-8b1b-4457-9d9a-162f7fb6aaf8">
      <Execution id="95168db4-2763-4250-affd-23b986d75a2a" />
      <TestMethod codeBase="d:\v2.0\a1\_work\dbded102\vso\tfs\service\webaccess\workitemtracking\testscripts\tests\tfstests.workitemtracking.initialvaluehelper.ts" adapterTypeName="Microsoft.VisualStudio.TestTools.TestTypes.Unit.UnitTestAdapter" className="d:\v2.0\a1\_work\dbded102\vso\tfs\service\webaccess\workitemtracking\testscripts\tests\tfstests.workitemtracking.initialvaluehelper.ts::tfstests.workitemtracking" name="TFSTests.WorkItemTracking.InitialValueHelper Will sanitize bad html from request parameters on HTML field" />
    </UnitTest>
    <UnitTest name="TFSTests.WorkItemTracking.InitialValueHelper Will leave valid html in request parameters on HTML field" storage="d:\v2.0\a1\_work\dbded102\vso\tfs\service\webaccess\workitemtracking\testscripts\tests\tfstests.workitemtracking.initialvaluehelper.ts" id="612c3b68-5b4f-462f-89b7-11d3af167eb9">
      <Execution id="37d4a486-a19a-48ba-9088-7d01d163035f" />
      <TestMethod codeBase="d:\v2.0\a1\_work\dbded102\vso\tfs\service\webaccess\workitemtracking\testscripts\tests\tfstests.workitemtracking.initialvaluehelper.ts" adapterTypeName="Microsoft.VisualStudio.TestTools.TestTypes.Unit.UnitTestAdapter" className="d:\v2.0\a1\_work\dbded102\vso\tfs\service\webaccess\workitemtracking\testscripts\tests\tfstests.workitemtracking.initialvaluehelper.ts::tfstests.workitemtracking" name="TFSTests.WorkItemTracking.InitialValueHelper Will leave valid html in request parameters on HTML field" />
    </UnitTest>
    <UnitTest name="TFSTests.WorkItemTracking.StateTransitionGraph workItemHistoryToTransitionDataObject" storage="d:\v2.0\a1\_work\dbded102\vso\tfs\service\webaccess\workitemtracking\testscripts\tests\tfstests.workitemtracking.statetransitiongraph.ts" id="efa047ce-fb10-4f55-a66d-d9f618924e9b">
      <Execution id="7bbaa937-0fc7-4053-9155-d30ffc2dcc5f" />
      <TestMethod codeBase="d:\v2.0\a1\_work\dbded102\vso\tfs\service\webaccess\workitemtracking\testscripts\tests\tfstests.workitemtracking.statetransitiongraph.ts" adapterTypeName="Microsoft.VisualStudio.TestTools.TestTypes.Unit.UnitTestAdapter" className="d:\v2.0\a1\_work\dbded102\vso\tfs\service\webaccess\workitemtracking\testscripts\tests\tfstests.workitemtracking.statetransitiongraph.ts::tfstests.workitemtracking" name="TFSTests.WorkItemTracking.StateTransitionGraph workItemHistoryToTransitionDataObject" />
    </UnitTest>
    <UnitTest name="TFSTests.WorkItemTracking.StateTransitionGraph transitionDataToDOMObject" storage="d:\v2.0\a1\_work\dbded102\vso\tfs\service\webaccess\workitemtracking\testscripts\tests\tfstests.workitemtracking.statetransitiongraph.ts" id="33f5e4b2-2017-4787-aec8-3511d87553d9">
      <Execution id="a07d3d39-078d-43d5-9234-58431bdf25ef" />
      <TestMethod codeBase="d:\v2.0\a1\_work\dbded102\vso\tfs\service\webaccess\workitemtracking\testscripts\tests\tfstests.workitemtracking.statetransitiongraph.ts" adapterTypeName="Microsoft.VisualStudio.TestTools.TestTypes.Unit.UnitTestAdapter" className="d:\v2.0\a1\_work\dbded102\vso\tfs\service\webaccess\workitemtracking\testscripts\tests\tfstests.workitemtracking.statetransitiongraph.ts::tfstests.workitemtracking" name="TFSTests.WorkItemTracking.StateTransitionGraph transitionDataToDOMObject" />
    </UnitTest>
    <UnitTest name="TFSTests.WorkItemTracking.StateTransitionGraph VerifyWhichElementsAreShown" storage="d:\v2.0\a1\_work\dbded102\vso\tfs\service\webaccess\workitemtracking\testscripts\tests\tfstests.workitemtracking.statetransitiongraph.ts" id="37cfaa94-f2ce-4ae4-af55-67428b234f00">
      <Execution id="0bcd8ba0-469e-4c24-aa7d-3329bdcb6ba2" />
      <TestMethod codeBase="d:\v2.0\a1\_work\dbded102\vso\tfs\service\webaccess\workitemtracking\testscripts\tests\tfstests.workitemtracking.statetransitiongraph.ts" adapterTypeName="Microsoft.VisualStudio.TestTools.TestTypes.Unit.UnitTestAdapter" className="d:\v2.0\a1\_work\dbded102\vso\tfs\service\webaccess\workitemtracking\testscripts\tests\tfstests.workitemtracking.statetransitiongraph.ts::tfstests.workitemtracking" name="TFSTests.WorkItemTracking.StateTransitionGraph VerifyWhichElementsAreShown" />
    </UnitTest>
    <UnitTest name="TFSTests.WorkItemTracking.Accessories.CommonContextMenuItems GetOpenWorkItemContextMenuItems" storage="d:\v2.0\a1\_work\dbded102\vso\tfs\service\webaccess\workitemtracking\testscripts\tests\tfstests.workitemtracking.controls.accesories.commoncontextmenuitems.ts" id="5c11106a-711c-4312-a186-2dac5307017d">
      <Execution id="c0163c2b-f0e7-4582-9017-d41de7d36cf8" />
      <TestMethod codeBase="d:\v2.0\a1\_work\dbded102\vso\tfs\service\webaccess\workitemtracking\testscripts\tests\tfstests.workitemtracking.controls.accesories.commoncontextmenuitems.ts" adapterTypeName="Microsoft.VisualStudio.TestTools.TestTypes.Unit.UnitTestAdapter" className="d:\v2.0\a1\_work\dbded102\vso\tfs\service\webaccess\workitemtracking\testscripts\tests\tfstests.workitemtracking.controls.accesories.commoncontextmenuitems.ts::tfstests.workitemtracking.accessories" name="TFSTests.WorkItemTracking.Accessories.CommonContextMenuItems GetOpenWorkItemContextMenuItems" />
    </UnitTest>
    <UnitTest name="TFSTests.WorkItemTracking.Accessories.CommonContextMenuItems GetOpenWorkItemContextMenuItemsWithOptions" storage="d:\v2.0\a1\_work\dbded102\vso\tfs\service\webaccess\workitemtracking\testscripts\tests\tfstests.workitemtracking.controls.accesories.commoncontextmenuitems.ts" id="a57608ed-f173-4cd9-bf29-b6d3d82924bb">
      <Execution id="f1e89101-7aa4-4806-87f7-ee0f353f111e" />
      <TestMethod codeBase="d:\v2.0\a1\_work\dbded102\vso\tfs\service\webaccess\workitemtracking\testscripts\tests\tfstests.workitemtracking.controls.accesories.commoncontextmenuitems.ts" adapterTypeName="Microsoft.VisualStudio.TestTools.TestTypes.Unit.UnitTestAdapter" className="d:\v2.0\a1\_work\dbded102\vso\tfs\service\webaccess\workitemtracking\testscripts\tests\tfstests.workitemtracking.controls.accesories.commoncontextmenuitems.ts::tfstests.workitemtracking.accessories" name="TFSTests.WorkItemTracking.Accessories.CommonContextMenuItems GetOpenWorkItemContextMenuItemsWithOptions" />
    </UnitTest>
    <UnitTest name="TFSTests.WorkItemTracking.Accessories.CommonContextMenuItems getAssignToContextMenuItem_ShowsCurrentIdentityPlusTeamMembers" storage="d:\v2.0\a1\_work\dbded102\vso\tfs\service\webaccess\workitemtracking\testscripts\tests\tfstests.workitemtracking.controls.accesories.commoncontextmenuitems.ts" id="2c3cd0ac-f4b7-4410-8af6-1b8dbb0ccf6d">
      <Execution id="0e64bfe2-3003-4a38-9419-afd84b4389f1" />
      <TestMethod codeBase="d:\v2.0\a1\_work\dbded102\vso\tfs\service\webaccess\workitemtracking\testscripts\tests\tfstests.workitemtracking.controls.accesories.commoncontextmenuitems.ts" adapterTypeName="Microsoft.VisualStudio.TestTools.TestTypes.Unit.UnitTestAdapter" className="d:\v2.0\a1\_work\dbded102\vso\tfs\service\webaccess\workitemtracking\testscripts\tests\tfstests.workitemtracking.controls.accesories.commoncontextmenuitems.ts::tfstests.workitemtracking.accessories" name="TFSTests.WorkItemTracking.Accessories.CommonContextMenuItems getAssignToContextMenuItem_ShowsCurrentIdentityPlusTeamMembers" />
    </UnitTest>
    <UnitTest name="TFSTests.WorkItemTracking.QueryResultGridPaging AllUncachedVisibleItemsAreNeeded" storage="d:\v2.0\a1\_work\dbded102\vso\tfs\service\webaccess\workitemtracking\testscripts\tests\tfstests.workitemtracking.controls.query.queryresultgrid.ts" id="8ad718d0-3aa0-4bf2-a676-c8ce5ee8ceed">
      <Execution id="ce158ccc-e688-48ec-8f8c-8cd67e66d065" />
      <TestMethod codeBase="d:\v2.0\a1\_work\dbded102\vso\tfs\service\webaccess\workitemtracking\testscripts\tests\tfstests.workitemtracking.controls.query.queryresultgrid.ts" adapterTypeName="Microsoft.VisualStudio.TestTools.TestTypes.Unit.UnitTestAdapter" className="d:\v2.0\a1\_work\dbded102\vso\tfs\service\webaccess\workitemtracking\testscripts\tests\tfstests.workitemtracking.controls.query.queryresultgrid.ts::tfstests.workitemtracking" name="TFSTests.WorkItemTracking.QueryResultGridPaging AllUncachedVisibleItemsAreNeeded" />
    </UnitTest>
    <UnitTest name="TFSTests.WorkItemTracking.QueryResultGridPaging MismatchedWorkItemIdToIndexMap" storage="d:\v2.0\a1\_work\dbded102\vso\tfs\service\webaccess\workitemtracking\testscripts\tests\tfstests.workitemtracking.controls.query.queryresultgrid.ts" id="e5eb79e6-d7dc-4196-b1f9-004b51c1960b">
      <Execution id="ec790f44-6507-46a7-89d2-3adb51300463" />
      <TestMethod codeBase="d:\v2.0\a1\_work\dbded102\vso\tfs\service\webaccess\workitemtracking\testscripts\tests\tfstests.workitemtracking.controls.query.queryresultgrid.ts" adapterTypeName="Microsoft.VisualStudio.TestTools.TestTypes.Unit.UnitTestAdapter" className="d:\v2.0\a1\_work\dbded102\vso\tfs\service\webaccess\workitemtracking\testscripts\tests\tfstests.workitemtracking.controls.query.queryresultgrid.ts::tfstests.workitemtracking" name="TFSTests.WorkItemTracking.QueryResultGridPaging MismatchedWorkItemIdToIndexMap" />
    </UnitTest>
    <UnitTest name="TFSTests.WorkItemTracking.QueryResultGridPaging CachedItemsAreNotNeeded" storage="d:\v2.0\a1\_work\dbded102\vso\tfs\service\webaccess\workitemtracking\testscripts\tests\tfstests.workitemtracking.controls.query.queryresultgrid.ts" id="e1424547-e224-421d-9487-cb4f44f8e6ac">
      <Execution id="acfb5714-8052-4803-bacd-20018cfe85b6" />
      <TestMethod codeBase="d:\v2.0\a1\_work\dbded102\vso\tfs\service\webaccess\workitemtracking\testscripts\tests\tfstests.workitemtracking.controls.query.queryresultgrid.ts" adapterTypeName="Microsoft.VisualStudio.TestTools.TestTypes.Unit.UnitTestAdapter" className="d:\v2.0\a1\_work\dbded102\vso\tfs\service\webaccess\workitemtracking\testscripts\tests\tfstests.workitemtracking.controls.query.queryresultgrid.ts::tfstests.workitemtracking" name="TFSTests.WorkItemTracking.QueryResultGridPaging CachedItemsAreNotNeeded" />
    </UnitTest>
    <UnitTest name="TFSTests.WorkItemTracking.QueryResultGridPaging IfVisibleAndCloseProximityRangeIsAlreadyCachedNoNeedToPageOtherItemsFromAboveAndBelow" storage="d:\v2.0\a1\_work\dbded102\vso\tfs\service\webaccess\workitemtracking\testscripts\tests\tfstests.workitemtracking.controls.query.queryresultgrid.ts" id="dbc81308-dc60-43ea-b5d5-eaa2ed109647">
      <Execution id="420ceaa6-9dc9-4f20-84be-87c877602d88" />
      <TestMethod codeBase="d:\v2.0\a1\_work\dbded102\vso\tfs\service\webaccess\workitemtracking\testscripts\tests\tfstests.workitemtracking.controls.query.queryresultgrid.ts" adapterTypeName="Microsoft.VisualStudio.TestTools.TestTypes.Unit.UnitTestAdapter" className="d:\v2.0\a1\_work\dbded102\vso\tfs\service\webaccess\workitemtracking\testscripts\tests\tfstests.workitemtracking.controls.query.queryresultgrid.ts::tfstests.workitemtracking" name="TFSTests.WorkItemTracking.QueryResultGridPaging IfVisibleAndCloseProximityRangeIsAlreadyCachedNoNeedToPageOtherItemsFromAboveAndBelow" />
    </UnitTest>
    <UnitTest name="TFSTests.WorkItemTracking.QueryResultGridPaging IfThereIsRoomFillPageWithItemsFromAboveAndBelow" storage="d:\v2.0\a1\_work\dbded102\vso\tfs\service\webaccess\workitemtracking\testscripts\tests\tfstests.workitemtracking.controls.query.queryresultgrid.ts" id="d7fd0bfe-b4d8-49a7-84b8-3c24e1901de6">
      <Execution id="ad12b82f-3a6a-46e6-9638-f6eafc2e847b" />
      <TestMethod codeBase="d:\v2.0\a1\_work\dbded102\vso\tfs\service\webaccess\workitemtracking\testscripts\tests\tfstests.workitemtracking.controls.query.queryresultgrid.ts" adapterTypeName="Microsoft.VisualStudio.TestTools.TestTypes.Unit.UnitTestAdapter" className="d:\v2.0\a1\_work\dbded102\vso\tfs\service\webaccess\workitemtracking\testscripts\tests\tfstests.workitemtracking.controls.query.queryresultgrid.ts::tfstests.workitemtracking" name="TFSTests.WorkItemTracking.QueryResultGridPaging IfThereIsRoomFillPageWithItemsFromAboveAndBelow" />
    </UnitTest>
    <UnitTest name="TFSTests.WorkItemTracking.QueryResultGridPaging PageStillHaveRoom" storage="d:\v2.0\a1\_work\dbded102\vso\tfs\service\webaccess\workitemtracking\testscripts\tests\tfstests.workitemtracking.controls.query.queryresultgrid.ts" id="e493aea3-6bd9-4afc-b1df-36be2f6c5205">
      <Execution id="d1527a7c-38c1-475e-96c1-b22922abbb2b" />
      <TestMethod codeBase="d:\v2.0\a1\_work\dbded102\vso\tfs\service\webaccess\workitemtracking\testscripts\tests\tfstests.workitemtracking.controls.query.queryresultgrid.ts" adapterTypeName="Microsoft.VisualStudio.TestTools.TestTypes.Unit.UnitTestAdapter" className="d:\v2.0\a1\_work\dbded102\vso\tfs\service\webaccess\workitemtracking\testscripts\tests\tfstests.workitemtracking.controls.query.queryresultgrid.ts::tfstests.workitemtracking" name="TFSTests.WorkItemTracking.QueryResultGridPaging PageStillHaveRoom" />
    </UnitTest>
    <UnitTest name="TFSTests.WorkItemTracking.QueryResultGridPaging PagingWhereVisibleRangeIsAtTheTopOfList" storage="d:\v2.0\a1\_work\dbded102\vso\tfs\service\webaccess\workitemtracking\testscripts\tests\tfstests.workitemtracking.controls.query.queryresultgrid.ts" id="14d6ba58-3fa9-43b4-b867-d43e0c3abc2f">
      <Execution id="c5b38cd5-9cec-4312-b260-c9b5cf9946b9" />
      <TestMethod codeBase="d:\v2.0\a1\_work\dbded102\vso\tfs\service\webaccess\workitemtracking\testscripts\tests\tfstests.workitemtracking.controls.query.queryresultgrid.ts" adapterTypeName="Microsoft.VisualStudio.TestTools.TestTypes.Unit.UnitTestAdapter" className="d:\v2.0\a1\_work\dbded102\vso\tfs\service\webaccess\workitemtracking\testscripts\tests\tfstests.workitemtracking.controls.query.queryresultgrid.ts::tfstests.workitemtracking" name="TFSTests.WorkItemTracking.QueryResultGridPaging PagingWhereVisibleRangeIsAtTheTopOfList" />
    </UnitTest>
    <UnitTest name="TFSTests.WorkItemTracking.QueryResultGridPaging PagingWhereVisibleRangeIsAtTheBottomOfList" storage="d:\v2.0\a1\_work\dbded102\vso\tfs\service\webaccess\workitemtracking\testscripts\tests\tfstests.workitemtracking.controls.query.queryresultgrid.ts" id="3c8626ec-ce54-40a8-b1b3-4985b599358e">
      <Execution id="6e4c8dc0-6a2e-4ddf-85ee-a61de8684373" />
      <TestMethod codeBase="d:\v2.0\a1\_work\dbded102\vso\tfs\service\webaccess\workitemtracking\testscripts\tests\tfstests.workitemtracking.controls.query.queryresultgrid.ts" adapterTypeName="Microsoft.VisualStudio.TestTools.TestTypes.Unit.UnitTestAdapter" className="d:\v2.0\a1\_work\dbded102\vso\tfs\service\webaccess\workitemtracking\testscripts\tests\tfstests.workitemtracking.controls.query.queryresultgrid.ts::tfstests.workitemtracking" name="TFSTests.WorkItemTracking.QueryResultGridPaging PagingWhereVisibleRangeIsAtTheBottomOfList" />
    </UnitTest>
    <UnitTest name="TFSTests.WorkItemTracking.QueryResultGridPaging PageExpandedItems" storage="d:\v2.0\a1\_work\dbded102\vso\tfs\service\webaccess\workitemtracking\testscripts\tests\tfstests.workitemtracking.controls.query.queryresultgrid.ts" id="83f47ad4-7b29-40ff-986c-05be017d7c3a">
      <Execution id="038f76ee-5272-4ce1-88e4-bc9843273d57" />
      <TestMethod codeBase="d:\v2.0\a1\_work\dbded102\vso\tfs\service\webaccess\workitemtracking\testscripts\tests\tfstests.workitemtracking.controls.query.queryresultgrid.ts" adapterTypeName="Microsoft.VisualStudio.TestTools.TestTypes.Unit.UnitTestAdapter" className="d:\v2.0\a1\_work\dbded102\vso\tfs\service\webaccess\workitemtracking\testscripts\tests\tfstests.workitemtracking.controls.query.queryresultgrid.ts::tfstests.workitemtracking" name="TFSTests.WorkItemTracking.QueryResultGridPaging PageExpandedItems" />
    </UnitTest>
    <UnitTest name="TFSTests.WorkItemTracking.QueryResultGridPaging CollapsedItemAreSkippedIfPageIsFull" storage="d:\v2.0\a1\_work\dbded102\vso\tfs\service\webaccess\workitemtracking\testscripts\tests\tfstests.workitemtracking.controls.query.queryresultgrid.ts" id="5a30c375-a297-4e88-9bfa-f7f283c348d0">
      <Execution id="3542d957-f587-485d-abf7-547734298689" />
      <TestMethod codeBase="d:\v2.0\a1\_work\dbded102\vso\tfs\service\webaccess\workitemtracking\testscripts\tests\tfstests.workitemtracking.controls.query.queryresultgrid.ts" adapterTypeName="Microsoft.VisualStudio.TestTools.TestTypes.Unit.UnitTestAdapter" className="d:\v2.0\a1\_work\dbded102\vso\tfs\service\webaccess\workitemtracking\testscripts\tests\tfstests.workitemtracking.controls.query.queryresultgrid.ts::tfstests.workitemtracking" name="TFSTests.WorkItemTracking.QueryResultGridPaging CollapsedItemAreSkippedIfPageIsFull" />
    </UnitTest>
    <UnitTest name="TFSTests.WorkItemTracking.QueryResultGridPaging CollapsedItemAreIncludedIfPageIsNotFull" storage="d:\v2.0\a1\_work\dbded102\vso\tfs\service\webaccess\workitemtracking\testscripts\tests\tfstests.workitemtracking.controls.query.queryresultgrid.ts" id="c0bb905e-2168-4f28-8fd3-614e554ce5ca">
      <Execution id="de3e80bd-d667-49b6-96ee-d6a380d87789" />
      <TestMethod codeBase="d:\v2.0\a1\_work\dbded102\vso\tfs\service\webaccess\workitemtracking\testscripts\tests\tfstests.workitemtracking.controls.query.queryresultgrid.ts" adapterTypeName="Microsoft.VisualStudio.TestTools.TestTypes.Unit.UnitTestAdapter" className="d:\v2.0\a1\_work\dbded102\vso\tfs\service\webaccess\workitemtracking\testscripts\tests\tfstests.workitemtracking.controls.query.queryresultgrid.ts::tfstests.workitemtracking" name="TFSTests.WorkItemTracking.QueryResultGridPaging CollapsedItemAreIncludedIfPageIsNotFull" />
    </UnitTest>
    <UnitTest name="TFSTests.WorkItemTracking.QueryResultGridPaging NestedHierarchyVerifyBFTOrder" storage="d:\v2.0\a1\_work\dbded102\vso\tfs\service\webaccess\workitemtracking\testscripts\tests\tfstests.workitemtracking.controls.query.queryresultgrid.ts" id="b2e931da-9bbd-478d-a4a6-8df50a421370">
      <Execution id="a6aea120-9212-414d-a455-86e9c745b430" />
      <TestMethod codeBase="d:\v2.0\a1\_work\dbded102\vso\tfs\service\webaccess\workitemtracking\testscripts\tests\tfstests.workitemtracking.controls.query.queryresultgrid.ts" adapterTypeName="Microsoft.VisualStudio.TestTools.TestTypes.Unit.UnitTestAdapter" className="d:\v2.0\a1\_work\dbded102\vso\tfs\service\webaccess\workitemtracking\testscripts\tests\tfstests.workitemtracking.controls.query.queryresultgrid.ts::tfstests.workitemtracking" name="TFSTests.WorkItemTracking.QueryResultGridPaging NestedHierarchyVerifyBFTOrder" />
    </UnitTest>
    <UnitTest name="TFSTests.WorkItemTracking.QueryResultGridPaging NestedHierarchyVerifyBFTOrderWithCachedItem" storage="d:\v2.0\a1\_work\dbded102\vso\tfs\service\webaccess\workitemtracking\testscripts\tests\tfstests.workitemtracking.controls.query.queryresultgrid.ts" id="eab29612-0fb4-4aa1-84e2-cedb5c6277ef">
      <Execution id="beff1c21-070d-4ce0-b8e2-4c71126165d3" />
      <TestMethod codeBase="d:\v2.0\a1\_work\dbded102\vso\tfs\service\webaccess\workitemtracking\testscripts\tests\tfstests.workitemtracking.controls.query.queryresultgrid.ts" adapterTypeName="Microsoft.VisualStudio.TestTools.TestTypes.Unit.UnitTestAdapter" className="d:\v2.0\a1\_work\dbded102\vso\tfs\service\webaccess\workitemtracking\testscripts\tests\tfstests.workitemtracking.controls.query.queryresultgrid.ts::tfstests.workitemtracking" name="TFSTests.WorkItemTracking.QueryResultGridPaging NestedHierarchyVerifyBFTOrderWithCachedItem" />
    </UnitTest>
    <UnitTest name="TFSTests.WorkItemTracking.QueryResultGridSortHelpersTests calculateParentToChildWorkItemIds" storage="d:\v2.0\a1\_work\dbded102\vso\tfs\service\webaccess\workitemtracking\testscripts\tests\tfstests.workitemtracking.controls.query.queryresultgrid.ts" id="8eea496e-e8dd-4743-8779-ef7734a28261">
      <Execution id="be4c6956-f763-43c4-9635-6cb367c06fa3" />
      <TestMethod codeBase="d:\v2.0\a1\_work\dbded102\vso\tfs\service\webaccess\workitemtracking\testscripts\tests\tfstests.workitemtracking.controls.query.queryresultgrid.ts" adapterTypeName="Microsoft.VisualStudio.TestTools.TestTypes.Unit.UnitTestAdapter" className="d:\v2.0\a1\_work\dbded102\vso\tfs\service\webaccess\workitemtracking\testscripts\tests\tfstests.workitemtracking.controls.query.queryresultgrid.ts::tfstests.workitemtracking" name="TFSTests.WorkItemTracking.QueryResultGridSortHelpersTests calculateParentToChildWorkItemIds" />
    </UnitTest>
    <UnitTest name="TFSTests.WorkItemTracking.QueryResultGridSortHelpersTests calculateSourceTargetsAndLinks" storage="d:\v2.0\a1\_work\dbded102\vso\tfs\service\webaccess\workitemtracking\testscripts\tests\tfstests.workitemtracking.controls.query.queryresultgrid.ts" id="08e6bbaa-34d1-41f0-9291-5e9ced8f4c2a">
      <Execution id="071a87af-119e-43f3-a048-9a591b8660a3" />
      <TestMethod codeBase="d:\v2.0\a1\_work\dbded102\vso\tfs\service\webaccess\workitemtracking\testscripts\tests\tfstests.workitemtracking.controls.query.queryresultgrid.ts" adapterTypeName="Microsoft.VisualStudio.TestTools.TestTypes.Unit.UnitTestAdapter" className="d:\v2.0\a1\_work\dbded102\vso\tfs\service\webaccess\workitemtracking\testscripts\tests\tfstests.workitemtracking.controls.query.queryresultgrid.ts::tfstests.workitemtracking" name="TFSTests.WorkItemTracking.QueryResultGridSortHelpersTests calculateSourceTargetsAndLinks" />
    </UnitTest>
    <UnitTest name="TFSTests.WorkItemTracking.QueryTextFilterProvider textFilterProviderTest" storage="d:\v2.0\a1\_work\dbded102\vso\tfs\service\webaccess\workitemtracking\testscripts\tests\tfstests.workitemtracking.controls.query.textfilterprovider.ts" id="67e3fa58-d89c-4938-a243-26a14b258a6d">
      <Execution id="6d89683e-12af-4cf5-affb-5c48f2f6b072" />
      <TestMethod codeBase="d:\v2.0\a1\_work\dbded102\vso\tfs\service\webaccess\workitemtracking\testscripts\tests\tfstests.workitemtracking.controls.query.textfilterprovider.ts" adapterTypeName="Microsoft.VisualStudio.TestTools.TestTypes.Unit.UnitTestAdapter" className="d:\v2.0\a1\_work\dbded102\vso\tfs\service\webaccess\workitemtracking\testscripts\tests\tfstests.workitemtracking.controls.query.textfilterprovider.ts::tfstests.workitemtracking" name="TFSTests.WorkItemTracking.QueryTextFilterProvider textFilterProviderTest" />
    </UnitTest>
    <UnitTest name="TFSTests.WorkItemTracking.QueryTextFilterProvider handleResultsWhenAddItemsPending" storage="d:\v2.0\a1\_work\dbded102\vso\tfs\service\webaccess\workitemtracking\testscripts\tests\tfstests.workitemtracking.controls.query.textfilterprovider.ts" id="5cf675b2-b458-40f6-9a3c-f61586ce3268">
      <Execution id="67899b0e-1829-4616-bee1-869a6cf3b565" />
      <TestMethod codeBase="d:\v2.0\a1\_work\dbded102\vso\tfs\service\webaccess\workitemtracking\testscripts\tests\tfstests.workitemtracking.controls.query.textfilterprovider.ts" adapterTypeName="Microsoft.VisualStudio.TestTools.TestTypes.Unit.UnitTestAdapter" className="d:\v2.0\a1\_work\dbded102\vso\tfs\service\webaccess\workitemtracking\testscripts\tests\tfstests.workitemtracking.controls.query.textfilterprovider.ts::tfstests.workitemtracking" name="TFSTests.WorkItemTracking.QueryTextFilterProvider handleResultsWhenAddItemsPending" />
    </UnitTest>
    <UnitTest name="TFSTests.WorkItemTracking.QueryTextFilterProvider handleResultsWhenResultsNotChanged" storage="d:\v2.0\a1\_work\dbded102\vso\tfs\service\webaccess\workitemtracking\testscripts\tests\tfstests.workitemtracking.controls.query.textfilterprovider.ts" id="b65ad4e4-154c-42e4-916f-fff37dbb82ea">
      <Execution id="c2fa6551-3d15-4161-bc5e-4483872671af" />
      <TestMethod codeBase="d:\v2.0\a1\_work\dbded102\vso\tfs\service\webaccess\workitemtracking\testscripts\tests\tfstests.workitemtracking.controls.query.textfilterprovider.ts" adapterTypeName="Microsoft.VisualStudio.TestTools.TestTypes.Unit.UnitTestAdapter" className="d:\v2.0\a1\_work\dbded102\vso\tfs\service\webaccess\workitemtracking\testscripts\tests\tfstests.workitemtracking.controls.query.textfilterprovider.ts::tfstests.workitemtracking" name="TFSTests.WorkItemTracking.QueryTextFilterProvider handleResultsWhenResultsNotChanged" />
    </UnitTest>
    <UnitTest name="TFSTests.WorkItemTracking.QueryTextFilterProvider addMoreItemsWhenAllItemsPagedIn" storage="d:\v2.0\a1\_work\dbded102\vso\tfs\service\webaccess\workitemtracking\testscripts\tests\tfstests.workitemtracking.controls.query.textfilterprovider.ts" id="b937fe7d-c747-4099-aba3-373117fb6feb">
      <Execution id="498f1c79-d7f2-4004-a57c-0e72c6a5a1a1" />
      <TestMethod codeBase="d:\v2.0\a1\_work\dbded102\vso\tfs\service\webaccess\workitemtracking\testscripts\tests\tfstests.workitemtracking.controls.query.textfilterprovider.ts" adapterTypeName="Microsoft.VisualStudio.TestTools.TestTypes.Unit.UnitTestAdapter" className="d:\v2.0\a1\_work\dbded102\vso\tfs\service\webaccess\workitemtracking\testscripts\tests\tfstests.workitemtracking.controls.query.textfilterprovider.ts::tfstests.workitemtracking" name="TFSTests.WorkItemTracking.QueryTextFilterProvider addMoreItemsWhenAllItemsPagedIn" />
    </UnitTest>
    <UnitTest name="TFSTests.WorkItemTracking.QueryTextFilterProvider addMoreItemsWhenAllItemsNotPagedIn" storage="d:\v2.0\a1\_work\dbded102\vso\tfs\service\webaccess\workitemtracking\testscripts\tests\tfstests.workitemtracking.controls.query.textfilterprovider.ts" id="ddad355d-48ab-4abd-bfb0-0fce004d19ab">
      <Execution id="70d321e5-13d9-44c0-afed-f14b8c1d0060" />
      <TestMethod codeBase="d:\v2.0\a1\_work\dbded102\vso\tfs\service\webaccess\workitemtracking\testscripts\tests\tfstests.workitemtracking.controls.query.textfilterprovider.ts" adapterTypeName="Microsoft.VisualStudio.TestTools.TestTypes.Unit.UnitTestAdapter" className="d:\v2.0\a1\_work\dbded102\vso\tfs\service\webaccess\workitemtracking\testscripts\tests\tfstests.workitemtracking.controls.query.textfilterprovider.ts::tfstests.workitemtracking" name="TFSTests.WorkItemTracking.QueryTextFilterProvider addMoreItemsWhenAllItemsNotPagedIn" />
    </UnitTest>
    <UnitTest name="TFSTests.WorkItemTracking.QueryTextFilterProvider addMoreItemsCancelRequest" storage="d:\v2.0\a1\_work\dbded102\vso\tfs\service\webaccess\workitemtracking\testscripts\tests\tfstests.workitemtracking.controls.query.textfilterprovider.ts" id="b3905b43-d8e6-4809-b271-51307e32318f">
      <Execution id="d1dfd3ac-6fbc-4a09-a5dd-f4c8b0d711f0" />
      <TestMethod codeBase="d:\v2.0\a1\_work\dbded102\vso\tfs\service\webaccess\workitemtracking\testscripts\tests\tfstests.workitemtracking.controls.query.textfilterprovider.ts" adapterTypeName="Microsoft.VisualStudio.TestTools.TestTypes.Unit.UnitTestAdapter" className="d:\v2.0\a1\_work\dbded102\vso\tfs\service\webaccess\workitemtracking\testscripts\tests\tfstests.workitemtracking.controls.query.textfilterprovider.ts::tfstests.workitemtracking" name="TFSTests.WorkItemTracking.QueryTextFilterProvider addMoreItemsCancelRequest" />
    </UnitTest>
    <UnitTest name="TFSTests.WorkItemTracking.QueryTextFilterProvider incrementSearch" storage="d:\v2.0\a1\_work\dbded102\vso\tfs\service\webaccess\workitemtracking\testscripts\tests\tfstests.workitemtracking.controls.query.textfilterprovider.ts" id="95f677d5-8568-4d6d-80bd-e6290c1b80e4">
      <Execution id="c58a7ebc-5c7a-430a-bd2a-e98fb58837c5" />
      <TestMethod codeBase="d:\v2.0\a1\_work\dbded102\vso\tfs\service\webaccess\workitemtracking\testscripts\tests\tfstests.workitemtracking.controls.query.textfilterprovider.ts" adapterTypeName="Microsoft.VisualStudio.TestTools.TestTypes.Unit.UnitTestAdapter" className="d:\v2.0\a1\_work\dbded102\vso\tfs\service\webaccess\workitemtracking\testscripts\tests\tfstests.workitemtracking.controls.query.textfilterprovider.ts::tfstests.workitemtracking" name="TFSTests.WorkItemTracking.QueryTextFilterProvider incrementSearch" />
    </UnitTest>
    <UnitTest name="TFSTests.WorkItemTracking.QueryCombo switchProjects" storage="d:\v2.0\a1\_work\dbded102\vso\tfs\service\webaccess\workitemtracking\testscripts\tests\tfstests.workitemtracking.controls.querycombo.ts" id="069dbd0e-8f6e-4b8d-90b2-5178ce974f74">
      <Execution id="a4800d8c-a516-4632-a723-cf8f8b15bc05" />
      <TestMethod codeBase="d:\v2.0\a1\_work\dbded102\vso\tfs\service\webaccess\workitemtracking\testscripts\tests\tfstests.workitemtracking.controls.querycombo.ts" adapterTypeName="Microsoft.VisualStudio.TestTools.TestTypes.Unit.UnitTestAdapter" className="d:\v2.0\a1\_work\dbded102\vso\tfs\service\webaccess\workitemtracking\testscripts\tests\tfstests.workitemtracking.controls.querycombo.ts::tfstests.workitemtracking" name="TFSTests.WorkItemTracking.QueryCombo switchProjects" />
    </UnitTest>
    <UnitTest name="TFSTests.WorkItemTracking.QueryFolderTree nameConflictResolutionDestination" storage="d:\v2.0\a1\_work\dbded102\vso\tfs\service\webaccess\workitemtracking\testscripts\tests\tfstests.workitemtracking.controls.queryfoldertree.ts" id="36a9fb8d-c8f1-4616-b6f4-084d85c247fd">
      <Execution id="70b863a7-8946-4842-a5d3-c5f9e474551f" />
      <TestMethod codeBase="d:\v2.0\a1\_work\dbded102\vso\tfs\service\webaccess\workitemtracking\testscripts\tests\tfstests.workitemtracking.controls.queryfoldertree.ts" adapterTypeName="Microsoft.VisualStudio.TestTools.TestTypes.Unit.UnitTestAdapter" className="d:\v2.0\a1\_work\dbded102\vso\tfs\service\webaccess\workitemtracking\testscripts\tests\tfstests.workitemtracking.controls.queryfoldertree.ts::tfstests.workitemtracking" name="TFSTests.WorkItemTracking.QueryFolderTree nameConflictResolutionDestination" />
    </UnitTest>
    <UnitTest name="TFSTests.WorkItemTracking.QueryFolderTree nameConflictResolutionDestination" storage="d:\v2.0\a1\_work\dbded102\vso\tfs\service\webaccess\workitemtracking\testscripts\tests\tfstests.workitemtracking.controls.queryfoldertree.ts" id="64253493-09ae-42d2-bd10-9bdf5a19151e">
      <Execution id="242520ae-42a9-4fda-9477-a03d82837df0" />
      <TestMethod codeBase="d:\v2.0\a1\_work\dbded102\vso\tfs\service\webaccess\workitemtracking\testscripts\tests\tfstests.workitemtracking.controls.queryfoldertree.ts" adapterTypeName="Microsoft.VisualStudio.TestTools.TestTypes.Unit.UnitTestAdapter" className="d:\v2.0\a1\_work\dbded102\vso\tfs\service\webaccess\workitemtracking\testscripts\tests\tfstests.workitemtracking.controls.queryfoldertree.ts::tfstests.workitemtracking" name="TFSTests.WorkItemTracking.QueryFolderTree nameConflictResolutionDestination" />
    </UnitTest>
    <UnitTest name="TFSTests.WorkItemTracking.QueryFolderTree nameConflictResolutionSourceAndDestination" storage="d:\v2.0\a1\_work\dbded102\vso\tfs\service\webaccess\workitemtracking\testscripts\tests\tfstests.workitemtracking.controls.queryfoldertree.ts" id="f52cdd70-1be2-4bfb-88e3-a6f182729e5d">
      <Execution id="f52d5399-d964-49d7-b807-a7a04e8ddc64" />
      <TestMethod codeBase="d:\v2.0\a1\_work\dbded102\vso\tfs\service\webaccess\workitemtracking\testscripts\tests\tfstests.workitemtracking.controls.queryfoldertree.ts" adapterTypeName="Microsoft.VisualStudio.TestTools.TestTypes.Unit.UnitTestAdapter" className="d:\v2.0\a1\_work\dbded102\vso\tfs\service\webaccess\workitemtracking\testscripts\tests\tfstests.workitemtracking.controls.queryfoldertree.ts::tfstests.workitemtracking" name="TFSTests.WorkItemTracking.QueryFolderTree nameConflictResolutionSourceAndDestination" />
    </UnitTest>
    <UnitTest name="TFSTests.WorkItemTracking.QueryFolderTree nameConflictResolutionSource" storage="d:\v2.0\a1\_work\dbded102\vso\tfs\service\webaccess\workitemtracking\testscripts\tests\tfstests.workitemtracking.controls.queryfoldertree.ts" id="ce0658ba-cbb3-43bc-8092-5b2febe2e9de">
      <Execution id="aae02690-83bb-4936-acf6-027204497a44" />
      <TestMethod codeBase="d:\v2.0\a1\_work\dbded102\vso\tfs\service\webaccess\workitemtracking\testscripts\tests\tfstests.workitemtracking.controls.queryfoldertree.ts" adapterTypeName="Microsoft.VisualStudio.TestTools.TestTypes.Unit.UnitTestAdapter" className="d:\v2.0\a1\_work\dbded102\vso\tfs\service\webaccess\workitemtracking\testscripts\tests\tfstests.workitemtracking.controls.queryfoldertree.ts::tfstests.workitemtracking" name="TFSTests.WorkItemTracking.QueryFolderTree nameConflictResolutionSource" />
    </UnitTest>
    <UnitTest name="TFSTests.WorkItemTracking.QueryFolderTree queryFolderConflictName" storage="d:\v2.0\a1\_work\dbded102\vso\tfs\service\webaccess\workitemtracking\testscripts\tests\tfstests.workitemtracking.controls.queryfoldertree.ts" id="9f1859e1-1199-4701-9be4-2c35315361d5">
      <Execution id="64256a3b-fe67-4128-afd7-48843a4c8a24" />
      <TestMethod codeBase="d:\v2.0\a1\_work\dbded102\vso\tfs\service\webaccess\workitemtracking\testscripts\tests\tfstests.workitemtracking.controls.queryfoldertree.ts" adapterTypeName="Microsoft.VisualStudio.TestTools.TestTypes.Unit.UnitTestAdapter" className="d:\v2.0\a1\_work\dbded102\vso\tfs\service\webaccess\workitemtracking\testscripts\tests\tfstests.workitemtracking.controls.queryfoldertree.ts::tfstests.workitemtracking" name="TFSTests.WorkItemTracking.QueryFolderTree queryFolderConflictName" />
    </UnitTest>
    <UnitTest name="TFSTests.WorkItemTracking.QueryFolderTree renameQueryFolderWithConflictName" storage="d:\v2.0\a1\_work\dbded102\vso\tfs\service\webaccess\workitemtracking\testscripts\tests\tfstests.workitemtracking.controls.queryfoldertree.ts" id="ed07d097-72a5-4186-ad98-4083be62dcdb">
      <Execution id="538590aa-3e86-465d-baf3-cb96808c2ff5" />
      <TestMethod codeBase="d:\v2.0\a1\_work\dbded102\vso\tfs\service\webaccess\workitemtracking\testscripts\tests\tfstests.workitemtracking.controls.queryfoldertree.ts" adapterTypeName="Microsoft.VisualStudio.TestTools.TestTypes.Unit.UnitTestAdapter" className="d:\v2.0\a1\_work\dbded102\vso\tfs\service\webaccess\workitemtracking\testscripts\tests\tfstests.workitemtracking.controls.queryfoldertree.ts::tfstests.workitemtracking" name="TFSTests.WorkItemTracking.QueryFolderTree renameQueryFolderWithConflictName" />
    </UnitTest>
    <UnitTest name="TFSTests.WorkItemTracking.QueryFolderTree renameQueryFolderWithBlankName" storage="d:\v2.0\a1\_work\dbded102\vso\tfs\service\webaccess\workitemtracking\testscripts\tests\tfstests.workitemtracking.controls.queryfoldertree.ts" id="6c4c9066-a729-4644-bf62-fe27a1206fce">
      <Execution id="6ccc1e16-0a87-4990-9f5c-842808c0c771" />
      <TestMethod codeBase="d:\v2.0\a1\_work\dbded102\vso\tfs\service\webaccess\workitemtracking\testscripts\tests\tfstests.workitemtracking.controls.queryfoldertree.ts" adapterTypeName="Microsoft.VisualStudio.TestTools.TestTypes.Unit.UnitTestAdapter" className="d:\v2.0\a1\_work\dbded102\vso\tfs\service\webaccess\workitemtracking\testscripts\tests\tfstests.workitemtracking.controls.queryfoldertree.ts::tfstests.workitemtracking" name="TFSTests.WorkItemTracking.QueryFolderTree renameQueryFolderWithBlankName" />
    </UnitTest>
    <UnitTest name="TFSTests.WorkItemTracking.QueryFolderTree addingQueryToFavorite" storage="d:\v2.0\a1\_work\dbded102\vso\tfs\service\webaccess\workitemtracking\testscripts\tests\tfstests.workitemtracking.controls.queryfoldertree.ts" id="bad900a7-5430-40c0-8d3a-1c565e4d0f49">
      <Execution id="a75c918e-0e6d-4ae8-b5ac-a6989d192c38" />
      <TestMethod codeBase="d:\v2.0\a1\_work\dbded102\vso\tfs\service\webaccess\workitemtracking\testscripts\tests\tfstests.workitemtracking.controls.queryfoldertree.ts" adapterTypeName="Microsoft.VisualStudio.TestTools.TestTypes.Unit.UnitTestAdapter" className="d:\v2.0\a1\_work\dbded102\vso\tfs\service\webaccess\workitemtracking\testscripts\tests\tfstests.workitemtracking.controls.queryfoldertree.ts::tfstests.workitemtracking" name="TFSTests.WorkItemTracking.QueryFolderTree addingQueryToFavorite" />
    </UnitTest>
    <UnitTest name="TFSTests.WorkItemTracking.QueryFolderTree removeQueriesFromFavorite" storage="d:\v2.0\a1\_work\dbded102\vso\tfs\service\webaccess\workitemtracking\testscripts\tests\tfstests.workitemtracking.controls.queryfoldertree.ts" id="013b942d-da54-498b-b857-7029fbbdf26d">
      <Execution id="3b4bd277-d279-4c20-a681-5f48c6f0b196" />
      <TestMethod codeBase="d:\v2.0\a1\_work\dbded102\vso\tfs\service\webaccess\workitemtracking\testscripts\tests\tfstests.workitemtracking.controls.queryfoldertree.ts" adapterTypeName="Microsoft.VisualStudio.TestTools.TestTypes.Unit.UnitTestAdapter" className="d:\v2.0\a1\_work\dbded102\vso\tfs\service\webaccess\workitemtracking\testscripts\tests\tfstests.workitemtracking.controls.queryfoldertree.ts::tfstests.workitemtracking" name="TFSTests.WorkItemTracking.QueryFolderTree removeQueriesFromFavorite" />
    </UnitTest>
    <UnitTest name="TFSTests.WorkItemTracking.QueryFolderTree addingRecentItemsToQueryFolderTree" storage="d:\v2.0\a1\_work\dbded102\vso\tfs\service\webaccess\workitemtracking\testscripts\tests\tfstests.workitemtracking.controls.queryfoldertree.ts" id="edcb4c2b-0827-4f95-8452-2f7bfc9e03ec">
      <Execution id="d25100f1-6890-4d2e-a7d0-4648caa62a81" />
      <TestMethod codeBase="d:\v2.0\a1\_work\dbded102\vso\tfs\service\webaccess\workitemtracking\testscripts\tests\tfstests.workitemtracking.controls.queryfoldertree.ts" adapterTypeName="Microsoft.VisualStudio.TestTools.TestTypes.Unit.UnitTestAdapter" className="d:\v2.0\a1\_work\dbded102\vso\tfs\service\webaccess\workitemtracking\testscripts\tests\tfstests.workitemtracking.controls.queryfoldertree.ts::tfstests.workitemtracking" name="TFSTests.WorkItemTracking.QueryFolderTree addingRecentItemsToQueryFolderTree" />
    </UnitTest>
    <UnitTest name="TFSTests.WorkItemTracking.QueryResultsProviderTests QueryResultsProviderEditAndSaveState" storage="d:\v2.0\a1\_work\dbded102\vso\tfs\service\webaccess\workitemtracking\testscripts\tests\tfstests.workitemtracking.controls.queryresultsprovider.ts" id="843afd0e-524a-49f6-b7d7-1b9e9585fb09">
      <Execution id="a013c37b-7773-443d-8dc6-805e1c1a7e17" />
      <TestMethod codeBase="d:\v2.0\a1\_work\dbded102\vso\tfs\service\webaccess\workitemtracking\testscripts\tests\tfstests.workitemtracking.controls.queryresultsprovider.ts" adapterTypeName="Microsoft.VisualStudio.TestTools.TestTypes.Unit.UnitTestAdapter" className="d:\v2.0\a1\_work\dbded102\vso\tfs\service\webaccess\workitemtracking\testscripts\tests\tfstests.workitemtracking.controls.queryresultsprovider.ts::tfstests.workitemtracking" name="TFSTests.WorkItemTracking.QueryResultsProviderTests QueryResultsProviderEditAndSaveState" />
    </UnitTest>
    <UnitTest name="TFSTests.WorkItemTracking.QueryResultsProviderTests QueryResultProviderCustomQueryWIQLGeneration" storage="d:\v2.0\a1\_work\dbded102\vso\tfs\service\webaccess\workitemtracking\testscripts\tests\tfstests.workitemtracking.controls.queryresultsprovider.ts" id="2c2e603a-6c28-4327-b291-405b0ada079a">
      <Execution id="82e1e466-ce9a-48df-bac8-20fc7ffbd064" />
      <TestMethod codeBase="d:\v2.0\a1\_work\dbded102\vso\tfs\service\webaccess\workitemtracking\testscripts\tests\tfstests.workitemtracking.controls.queryresultsprovider.ts" adapterTypeName="Microsoft.VisualStudio.TestTools.TestTypes.Unit.UnitTestAdapter" className="d:\v2.0\a1\_work\dbded102\vso\tfs\service\webaccess\workitemtracking\testscripts\tests\tfstests.workitemtracking.controls.queryresultsprovider.ts::tfstests.workitemtracking" name="TFSTests.WorkItemTracking.QueryResultsProviderTests QueryResultProviderCustomQueryWIQLGeneration" />
    </UnitTest>
    <UnitTest name="TFSTests.WorkItemTracking.QueryResultsProviderTests QueryResultProviderDirtyQueryWIQLGeneration" storage="d:\v2.0\a1\_work\dbded102\vso\tfs\service\webaccess\workitemtracking\testscripts\tests\tfstests.workitemtracking.controls.queryresultsprovider.ts" id="c5070cb8-f265-494f-979a-78ac43f2330c">
      <Execution id="d7d6eaf5-1a9d-4dad-ba77-f9e47d03e1ce" />
      <TestMethod codeBase="d:\v2.0\a1\_work\dbded102\vso\tfs\service\webaccess\workitemtracking\testscripts\tests\tfstests.workitemtracking.controls.queryresultsprovider.ts" adapterTypeName="Microsoft.VisualStudio.TestTools.TestTypes.Unit.UnitTestAdapter" className="d:\v2.0\a1\_work\dbded102\vso\tfs\service\webaccess\workitemtracking\testscripts\tests\tfstests.workitemtracking.controls.queryresultsprovider.ts::tfstests.workitemtracking" name="TFSTests.WorkItemTracking.QueryResultsProviderTests QueryResultProviderDirtyQueryWIQLGeneration" />
    </UnitTest>
    <UnitTest name="TFSTests.WorkItemTracking.SearchResultsProviderTests SearchResultsProviderDefaultsTest" storage="d:\v2.0\a1\_work\dbded102\vso\tfs\service\webaccess\workitemtracking\testscripts\tests\tfstests.workitemtracking.controls.searchresultsprovider.ts" id="f277691d-596d-4523-b9a4-c09c3717a1be">
      <Execution id="2dd75804-2e33-4420-90a1-df7a2913a829" />
      <TestMethod codeBase="d:\v2.0\a1\_work\dbded102\vso\tfs\service\webaccess\workitemtracking\testscripts\tests\tfstests.workitemtracking.controls.searchresultsprovider.ts" adapterTypeName="Microsoft.VisualStudio.TestTools.TestTypes.Unit.UnitTestAdapter" className="d:\v2.0\a1\_work\dbded102\vso\tfs\service\webaccess\workitemtracking\testscripts\tests\tfstests.workitemtracking.controls.searchresultsprovider.ts::tfstests.workitemtracking" name="TFSTests.WorkItemTracking.SearchResultsProviderTests SearchResultsProviderDefaultsTest" />
    </UnitTest>
    <UnitTest name="TFSTests.WorkItemTracking.SearchResultsProviderTests SearchResultsProviderNewSearchTest" storage="d:\v2.0\a1\_work\dbded102\vso\tfs\service\webaccess\workitemtracking\testscripts\tests\tfstests.workitemtracking.controls.searchresultsprovider.ts" id="553ba70f-395e-469e-a61c-39dbf9f9b4a9">
      <Execution id="7e8f63b9-f3fa-47b0-bae0-257f78d4a474" />
      <TestMethod codeBase="d:\v2.0\a1\_work\dbded102\vso\tfs\service\webaccess\workitemtracking\testscripts\tests\tfstests.workitemtracking.controls.searchresultsprovider.ts" adapterTypeName="Microsoft.VisualStudio.TestTools.TestTypes.Unit.UnitTestAdapter" className="d:\v2.0\a1\_work\dbded102\vso\tfs\service\webaccess\workitemtracking\testscripts\tests\tfstests.workitemtracking.controls.searchresultsprovider.ts::tfstests.workitemtracking" name="TFSTests.WorkItemTracking.SearchResultsProviderTests SearchResultsProviderNewSearchTest" />
    </UnitTest>
    <UnitTest name="TFSTests.WorkItemTracking.SearchResultsProviderTests SearchResultsProviderUpdateModelTest" storage="d:\v2.0\a1\_work\dbded102\vso\tfs\service\webaccess\workitemtracking\testscripts\tests\tfstests.workitemtracking.controls.searchresultsprovider.ts" id="ac824ef8-80ed-438c-b22b-ebf8e85ef475">
      <Execution id="7fae2c15-e5a4-4bd2-b2b1-7f1ac6147ed7" />
      <TestMethod codeBase="d:\v2.0\a1\_work\dbded102\vso\tfs\service\webaccess\workitemtracking\testscripts\tests\tfstests.workitemtracking.controls.searchresultsprovider.ts" adapterTypeName="Microsoft.VisualStudio.TestTools.TestTypes.Unit.UnitTestAdapter" className="d:\v2.0\a1\_work\dbded102\vso\tfs\service\webaccess\workitemtracking\testscripts\tests\tfstests.workitemtracking.controls.searchresultsprovider.ts::tfstests.workitemtracking" name="TFSTests.WorkItemTracking.SearchResultsProviderTests SearchResultsProviderUpdateModelTest" />
    </UnitTest>
    <UnitTest name="TFSTests.WorkItemTracking.QueryEditor Test_isProjectScoped" storage="d:\v2.0\a1\_work\dbded102\vso\tfs\service\webaccess\workitemtracking\testscripts\tests\tfstests.workitemtracking.queryeditor.ts" id="c0142abe-9845-411e-83f0-ee96588219e2">
      <Execution id="7bf4b9d0-f280-437d-b7ab-b29296c3de56" />
      <TestMethod codeBase="d:\v2.0\a1\_work\dbded102\vso\tfs\service\webaccess\workitemtracking\testscripts\tests\tfstests.workitemtracking.queryeditor.ts" adapterTypeName="Microsoft.VisualStudio.TestTools.TestTypes.Unit.UnitTestAdapter" className="d:\v2.0\a1\_work\dbded102\vso\tfs\service\webaccess\workitemtracking\testscripts\tests\tfstests.workitemtracking.queryeditor.ts::tfstests.workitemtracking" name="TFSTests.WorkItemTracking.QueryEditor Test_isProjectScoped" />
    </UnitTest>
    <UnitTest name="TFSTests.WorkItemTracking.QueryEditor Test_getSelectedProject" storage="d:\v2.0\a1\_work\dbded102\vso\tfs\service\webaccess\workitemtracking\testscripts\tests\tfstests.workitemtracking.queryeditor.ts" id="8e110869-68ef-4d1d-a960-49985a3799c5">
      <Execution id="b5ea5b66-001a-4be3-aaaf-3f0173d564b0" />
      <TestMethod codeBase="d:\v2.0\a1\_work\dbded102\vso\tfs\service\webaccess\workitemtracking\testscripts\tests\tfstests.workitemtracking.queryeditor.ts" adapterTypeName="Microsoft.VisualStudio.TestTools.TestTypes.Unit.UnitTestAdapter" className="d:\v2.0\a1\_work\dbded102\vso\tfs\service\webaccess\workitemtracking\testscripts\tests\tfstests.workitemtracking.queryeditor.ts::tfstests.workitemtracking" name="TFSTests.WorkItemTracking.QueryEditor Test_getSelectedProject" />
    </UnitTest>
    <UnitTest name="TFSTests.WorkItemTracking.TagFilterProvider tagsFilter" storage="d:\v2.0\a1\_work\dbded102\vso\tfs\service\webaccess\workitemtracking\testscripts\tests\tfstests.workitemtracking.tagfiltermanager.ts" id="ada2e53c-45ef-453e-9fbd-66b0f64849e8">
      <Execution id="7713ba0b-42ee-40c4-a8bf-ca591b5a7cd1" />
      <TestMethod codeBase="d:\v2.0\a1\_work\dbded102\vso\tfs\service\webaccess\workitemtracking\testscripts\tests\tfstests.workitemtracking.tagfiltermanager.ts" adapterTypeName="Microsoft.VisualStudio.TestTools.TestTypes.Unit.UnitTestAdapter" className="d:\v2.0\a1\_work\dbded102\vso\tfs\service\webaccess\workitemtracking\testscripts\tests\tfstests.workitemtracking.tagfiltermanager.ts::tfstests.workitemtracking" name="TFSTests.WorkItemTracking.TagFilterProvider tagsFilter" />
    </UnitTest>
    <UnitTest name="TFSTests.WorkItemTracking.TagFilterProvider tagsFilter Counting" storage="d:\v2.0\a1\_work\dbded102\vso\tfs\service\webaccess\workitemtracking\testscripts\tests\tfstests.workitemtracking.tagfiltermanager.ts" id="ca9d4aa7-2085-4ba1-91ac-2bb2dfd47c9f">
      <Execution id="52b985cd-6a91-48a4-a01f-bb547846a075" />
      <TestMethod codeBase="d:\v2.0\a1\_work\dbded102\vso\tfs\service\webaccess\workitemtracking\testscripts\tests\tfstests.workitemtracking.tagfiltermanager.ts" adapterTypeName="Microsoft.VisualStudio.TestTools.TestTypes.Unit.UnitTestAdapter" className="d:\v2.0\a1\_work\dbded102\vso\tfs\service\webaccess\workitemtracking\testscripts\tests\tfstests.workitemtracking.tagfiltermanager.ts::tfstests.workitemtracking" name="TFSTests.WorkItemTracking.TagFilterProvider tagsFilter Counting" />
    </UnitTest>
    <UnitTest name="TFSTests.WorkItemTracking.TagFilterProvider tagsFilter Tag assignment &amp; Enumeration Test" storage="d:\v2.0\a1\_work\dbded102\vso\tfs\service\webaccess\workitemtracking\testscripts\tests\tfstests.workitemtracking.tagfiltermanager.ts" id="6fdad44a-36de-40a6-9fca-455a13d2a3dd">
      <Execution id="0502c28b-73b4-4916-8d66-5db3e5d36ecf" />
      <TestMethod codeBase="d:\v2.0\a1\_work\dbded102\vso\tfs\service\webaccess\workitemtracking\testscripts\tests\tfstests.workitemtracking.tagfiltermanager.ts" adapterTypeName="Microsoft.VisualStudio.TestTools.TestTypes.Unit.UnitTestAdapter" className="d:\v2.0\a1\_work\dbded102\vso\tfs\service\webaccess\workitemtracking\testscripts\tests\tfstests.workitemtracking.tagfiltermanager.ts::tfstests.workitemtracking" name="TFSTests.WorkItemTracking.TagFilterProvider tagsFilter Tag assignment &amp; Enumeration Test" />
    </UnitTest>
    <UnitTest name="TFSTests.WorkItemTracking.TagFilterProvider tags+textFilter" storage="d:\v2.0\a1\_work\dbded102\vso\tfs\service\webaccess\workitemtracking\testscripts\tests\tfstests.workitemtracking.tagfiltermanager.ts" id="85965d3f-7329-40cb-b92e-e17e6ca71406">
      <Execution id="5fe1dc0e-3524-4b8b-83b9-ca229d0912b0" />
      <TestMethod codeBase="d:\v2.0\a1\_work\dbded102\vso\tfs\service\webaccess\workitemtracking\testscripts\tests\tfstests.workitemtracking.tagfiltermanager.ts" adapterTypeName="Microsoft.VisualStudio.TestTools.TestTypes.Unit.UnitTestAdapter" className="d:\v2.0\a1\_work\dbded102\vso\tfs\service\webaccess\workitemtracking\testscripts\tests\tfstests.workitemtracking.tagfiltermanager.ts::tfstests.workitemtracking" name="TFSTests.WorkItemTracking.TagFilterProvider tags+textFilter" />
    </UnitTest>
    <UnitTest name="TFSTests.WorkItemTracking.WorkItemFinderDialog WorkItemFinderDialog_changeButtonState" storage="d:\v2.0\a1\_work\dbded102\vso\tfs\service\webaccess\workitemtracking\testscripts\tests\tfstests.workitemtracking.workitemfinderdialog.ts" id="8a29ccbe-b67f-423f-ba97-175438588df8">
      <Execution id="8c15f168-45cd-4a25-a79f-df852f26f6de" />
      <TestMethod codeBase="d:\v2.0\a1\_work\dbded102\vso\tfs\service\webaccess\workitemtracking\testscripts\tests\tfstests.workitemtracking.workitemfinderdialog.ts" adapterTypeName="Microsoft.VisualStudio.TestTools.TestTypes.Unit.UnitTestAdapter" className="d:\v2.0\a1\_work\dbded102\vso\tfs\service\webaccess\workitemtracking\testscripts\tests\tfstests.workitemtracking.workitemfinderdialog.ts::tfstests.workitemtracking" name="TFSTests.WorkItemTracking.WorkItemFinderDialog WorkItemFinderDialog_changeButtonState" />
    </UnitTest>
    <UnitTest name="TFSTests.WorkItemTracking.WorkItemFinderDialog WorkItemFinderDialog_updateFindButtonAndStyleForIDsTitleAndProject" storage="d:\v2.0\a1\_work\dbded102\vso\tfs\service\webaccess\workitemtracking\testscripts\tests\tfstests.workitemtracking.workitemfinderdialog.ts" id="0d96f230-4e49-4c0c-bc1c-677279d1704a">
      <Execution id="003075a4-1453-4867-b83a-e706794ea81e" />
      <TestMethod codeBase="d:\v2.0\a1\_work\dbded102\vso\tfs\service\webaccess\workitemtracking\testscripts\tests\tfstests.workitemtracking.workitemfinderdialog.ts" adapterTypeName="Microsoft.VisualStudio.TestTools.TestTypes.Unit.UnitTestAdapter" className="d:\v2.0\a1\_work\dbded102\vso\tfs\service\webaccess\workitemtracking\testscripts\tests\tfstests.workitemtracking.workitemfinderdialog.ts::tfstests.workitemtracking" name="TFSTests.WorkItemTracking.WorkItemFinderDialog WorkItemFinderDialog_updateFindButtonAndStyleForIDsTitleAndProject" />
    </UnitTest>
    <UnitTest name="TFSTests.WorkItemTracking.WorkItemFinderDialog WorkItemFinderDialog_initializeInputFields" storage="d:\v2.0\a1\_work\dbded102\vso\tfs\service\webaccess\workitemtracking\testscripts\tests\tfstests.workitemtracking.workitemfinderdialog.ts" id="3896a334-3dd8-4405-9af9-5e59b6eeef8e">
      <Execution id="8e85da63-e7bf-4b98-b056-7c2df3216ac7" />
      <TestMethod codeBase="d:\v2.0\a1\_work\dbded102\vso\tfs\service\webaccess\workitemtracking\testscripts\tests\tfstests.workitemtracking.workitemfinderdialog.ts" adapterTypeName="Microsoft.VisualStudio.TestTools.TestTypes.Unit.UnitTestAdapter" className="d:\v2.0\a1\_work\dbded102\vso\tfs\service\webaccess\workitemtracking\testscripts\tests\tfstests.workitemtracking.workitemfinderdialog.ts::tfstests.workitemtracking" name="TFSTests.WorkItemTracking.WorkItemFinderDialog WorkItemFinderDialog_initializeInputFields" />
    </UnitTest>
    <UnitTest name="TFSTests.WorkItemTracking.WorkItemFinderDialog WorkItemFinderDialog_disableInputField" storage="d:\v2.0\a1\_work\dbded102\vso\tfs\service\webaccess\workitemtracking\testscripts\tests\tfstests.workitemtracking.workitemfinderdialog.ts" id="083f1817-015f-4382-95fd-e61329d9e249">
      <Execution id="ce0e5329-0a05-4178-bfcf-a39ec764c5b6" />
      <TestMethod codeBase="d:\v2.0\a1\_work\dbded102\vso\tfs\service\webaccess\workitemtracking\testscripts\tests\tfstests.workitemtracking.workitemfinderdialog.ts" adapterTypeName="Microsoft.VisualStudio.TestTools.TestTypes.Unit.UnitTestAdapter" className="d:\v2.0\a1\_work\dbded102\vso\tfs\service\webaccess\workitemtracking\testscripts\tests\tfstests.workitemtracking.workitemfinderdialog.ts::tfstests.workitemtracking" name="TFSTests.WorkItemTracking.WorkItemFinderDialog WorkItemFinderDialog_disableInputField" />
    </UnitTest>
    <UnitTest name="TFSTests.WorkItemTracking.WorkItemFinderDialog WorkItemFinderDialog_unselectAll" storage="d:\v2.0\a1\_work\dbded102\vso\tfs\service\webaccess\workitemtracking\testscripts\tests\tfstests.workitemtracking.workitemfinderdialog.ts" id="fbccdd52-b987-4467-acb4-3b0a75e659ec">
      <Execution id="9416ffd9-9ecb-42a1-a3fa-80682474ba5a" />
      <TestMethod codeBase="d:\v2.0\a1\_work\dbded102\vso\tfs\service\webaccess\workitemtracking\testscripts\tests\tfstests.workitemtracking.workitemfinderdialog.ts" adapterTypeName="Microsoft.VisualStudio.TestTools.TestTypes.Unit.UnitTestAdapter" className="d:\v2.0\a1\_work\dbded102\vso\tfs\service\webaccess\workitemtracking\testscripts\tests\tfstests.workitemtracking.workitemfinderdialog.ts::tfstests.workitemtracking" name="TFSTests.WorkItemTracking.WorkItemFinderDialog WorkItemFinderDialog_unselectAll" />
    </UnitTest>
    <UnitTest name="TFSTests.WorkItemTracking.WorkItemFinderDialog WorkItemFinderDialog_selectAll" storage="d:\v2.0\a1\_work\dbded102\vso\tfs\service\webaccess\workitemtracking\testscripts\tests\tfstests.workitemtracking.workitemfinderdialog.ts" id="2127ef6c-6826-450c-ae90-3d9e2ca81f8d">
      <Execution id="a98a1107-d1d9-4303-96af-55b8b177344e" />
      <TestMethod codeBase="d:\v2.0\a1\_work\dbded102\vso\tfs\service\webaccess\workitemtracking\testscripts\tests\tfstests.workitemtracking.workitemfinderdialog.ts" adapterTypeName="Microsoft.VisualStudio.TestTools.TestTypes.Unit.UnitTestAdapter" className="d:\v2.0\a1\_work\dbded102\vso\tfs\service\webaccess\workitemtracking\testscripts\tests\tfstests.workitemtracking.workitemfinderdialog.ts::tfstests.workitemtracking" name="TFSTests.WorkItemTracking.WorkItemFinderDialog WorkItemFinderDialog_selectAll" />
    </UnitTest>
    <UnitTest name="TFSTests.WorkItemTracking.WorkItemFinderDialog WorkItemFinderDialog_resetButtonsAndResultGrid" storage="d:\v2.0\a1\_work\dbded102\vso\tfs\service\webaccess\workitemtracking\testscripts\tests\tfstests.workitemtracking.workitemfinderdialog.ts" id="89027e7a-f379-4aa8-a73b-9a30d6b2c154">
      <Execution id="87a6262b-e92d-459e-a630-5659f5454bc7" />
      <TestMethod codeBase="d:\v2.0\a1\_work\dbded102\vso\tfs\service\webaccess\workitemtracking\testscripts\tests\tfstests.workitemtracking.workitemfinderdialog.ts" adapterTypeName="Microsoft.VisualStudio.TestTools.TestTypes.Unit.UnitTestAdapter" className="d:\v2.0\a1\_work\dbded102\vso\tfs\service\webaccess\workitemtracking\testscripts\tests\tfstests.workitemtracking.workitemfinderdialog.ts::tfstests.workitemtracking" name="TFSTests.WorkItemTracking.WorkItemFinderDialog WorkItemFinderDialog_resetButtonsAndResultGrid" />
    </UnitTest>
    <UnitTest name="TFSTests.WorkItemTracking.WorkItemFinderDialog WorkItemFinderDialog_reset" storage="d:\v2.0\a1\_work\dbded102\vso\tfs\service\webaccess\workitemtracking\testscripts\tests\tfstests.workitemtracking.workitemfinderdialog.ts" id="7dedf08f-ea5e-44bd-9b90-4ce3121d73fc">
      <Execution id="2f76c7ae-6397-4a73-95e9-52b8360b7d7c" />
      <TestMethod codeBase="d:\v2.0\a1\_work\dbded102\vso\tfs\service\webaccess\workitemtracking\testscripts\tests\tfstests.workitemtracking.workitemfinderdialog.ts" adapterTypeName="Microsoft.VisualStudio.TestTools.TestTypes.Unit.UnitTestAdapter" className="d:\v2.0\a1\_work\dbded102\vso\tfs\service\webaccess\workitemtracking\testscripts\tests\tfstests.workitemtracking.workitemfinderdialog.ts::tfstests.workitemtracking" name="TFSTests.WorkItemTracking.WorkItemFinderDialog WorkItemFinderDialog_reset" />
    </UnitTest>
    <UnitTest name="TFSTests.WorkItemTracking.WorkItemFinderDialog WorkItemFinderDialog_enableDisableQueryMethod" storage="d:\v2.0\a1\_work\dbded102\vso\tfs\service\webaccess\workitemtracking\testscripts\tests\tfstests.workitemtracking.workitemfinderdialog.ts" id="2a45b18a-b644-4905-bbc3-a9a02df9ea28">
      <Execution id="059e249f-7b95-4d5a-9191-d4bd098542ff" />
      <TestMethod codeBase="d:\v2.0\a1\_work\dbded102\vso\tfs\service\webaccess\workitemtracking\testscripts\tests\tfstests.workitemtracking.workitemfinderdialog.ts" adapterTypeName="Microsoft.VisualStudio.TestTools.TestTypes.Unit.UnitTestAdapter" className="d:\v2.0\a1\_work\dbded102\vso\tfs\service\webaccess\workitemtracking\testscripts\tests\tfstests.workitemtracking.workitemfinderdialog.ts::tfstests.workitemtracking" name="TFSTests.WorkItemTracking.WorkItemFinderDialog WorkItemFinderDialog_enableDisableQueryMethod" />
    </UnitTest>
    <UnitTest name="TFSTests.WorkItemTracking.WorkItemFinderDialog WorkItemFinderDialog_onQueryChanged" storage="d:\v2.0\a1\_work\dbded102\vso\tfs\service\webaccess\workitemtracking\testscripts\tests\tfstests.workitemtracking.workitemfinderdialog.ts" id="fc930838-28ff-4522-a7ca-73ea7be286e2">
      <Execution id="d4cfc59c-9286-464e-856c-0127df32fde0" />
      <TestMethod codeBase="d:\v2.0\a1\_work\dbded102\vso\tfs\service\webaccess\workitemtracking\testscripts\tests\tfstests.workitemtracking.workitemfinderdialog.ts" adapterTypeName="Microsoft.VisualStudio.TestTools.TestTypes.Unit.UnitTestAdapter" className="d:\v2.0\a1\_work\dbded102\vso\tfs\service\webaccess\workitemtracking\testscripts\tests\tfstests.workitemtracking.workitemfinderdialog.ts::tfstests.workitemtracking" name="TFSTests.WorkItemTracking.WorkItemFinderDialog WorkItemFinderDialog_onQueryChanged" />
    </UnitTest>
    <UnitTest name="TFSTests.WorkItemTracking.WorkItemFinderDialog WorkItemFinderDialog_onSelectedWorkItemChanged" storage="d:\v2.0\a1\_work\dbded102\vso\tfs\service\webaccess\workitemtracking\testscripts\tests\tfstests.workitemtracking.workitemfinderdialog.ts" id="2cd7521a-028f-47d5-8a82-e3060232ad5d">
      <Execution id="bd44242a-70e1-408d-8f3a-e1c199cab3d0" />
      <TestMethod codeBase="d:\v2.0\a1\_work\dbded102\vso\tfs\service\webaccess\workitemtracking\testscripts\tests\tfstests.workitemtracking.workitemfinderdialog.ts" adapterTypeName="Microsoft.VisualStudio.TestTools.TestTypes.Unit.UnitTestAdapter" className="d:\v2.0\a1\_work\dbded102\vso\tfs\service\webaccess\workitemtracking\testscripts\tests\tfstests.workitemtracking.workitemfinderdialog.ts::tfstests.workitemtracking" name="TFSTests.WorkItemTracking.WorkItemFinderDialog WorkItemFinderDialog_onSelectedWorkItemChanged" />
    </UnitTest>
    <UnitTest name="TFSTests.WorkItemTracking.WorkItemFinderDialog WorkItemFinderDialog_populateWITTypes" storage="d:\v2.0\a1\_work\dbded102\vso\tfs\service\webaccess\workitemtracking\testscripts\tests\tfstests.workitemtracking.workitemfinderdialog.ts" id="6ef4a36b-a79a-475b-9259-bfdad4cbdfbb">
      <Execution id="07fa6d7e-8243-4dca-92f9-578683f90480" />
      <TestMethod codeBase="d:\v2.0\a1\_work\dbded102\vso\tfs\service\webaccess\workitemtracking\testscripts\tests\tfstests.workitemtracking.workitemfinderdialog.ts" adapterTypeName="Microsoft.VisualStudio.TestTools.TestTypes.Unit.UnitTestAdapter" className="d:\v2.0\a1\_work\dbded102\vso\tfs\service\webaccess\workitemtracking\testscripts\tests\tfstests.workitemtracking.workitemfinderdialog.ts::tfstests.workitemtracking" name="TFSTests.WorkItemTracking.WorkItemFinderDialog WorkItemFinderDialog_populateWITTypes" />
    </UnitTest>
    <UnitTest name="TFSTests.WorkItemTracking.WorkItemFinderDialog WorkItemFinderDialog_populateProjects" storage="d:\v2.0\a1\_work\dbded102\vso\tfs\service\webaccess\workitemtracking\testscripts\tests\tfstests.workitemtracking.workitemfinderdialog.ts" id="bf84b31c-7486-4659-9e0f-17be3ac88a67">
      <Execution id="97f54b6b-7b1e-40ec-8b78-25bf70865c13" />
      <TestMethod codeBase="d:\v2.0\a1\_work\dbded102\vso\tfs\service\webaccess\workitemtracking\testscripts\tests\tfstests.workitemtracking.workitemfinderdialog.ts" adapterTypeName="Microsoft.VisualStudio.TestTools.TestTypes.Unit.UnitTestAdapter" className="d:\v2.0\a1\_work\dbded102\vso\tfs\service\webaccess\workitemtracking\testscripts\tests\tfstests.workitemtracking.workitemfinderdialog.ts::tfstests.workitemtracking" name="TFSTests.WorkItemTracking.WorkItemFinderDialog WorkItemFinderDialog_populateProjects" />
    </UnitTest>
    <UnitTest name="TFSTests.WorkItemTracking.WorkItemsNavigator isNextPreviousAvailable" storage="d:\v2.0\a1\_work\dbded102\vso\tfs\service\webaccess\workitemtracking\testscripts\tests\tfstests.workitemtracking.workitemsnavigator.ts" id="826d5d68-f5af-4332-b359-0fb96a917d0f">
      <Execution id="8e6bf4a1-c2f9-4fef-a8cd-d577d8eab246" />
      <TestMethod codeBase="d:\v2.0\a1\_work\dbded102\vso\tfs\service\webaccess\workitemtracking\testscripts\tests\tfstests.workitemtracking.workitemsnavigator.ts" adapterTypeName="Microsoft.VisualStudio.TestTools.TestTypes.Unit.UnitTestAdapter" className="d:\v2.0\a1\_work\dbded102\vso\tfs\service\webaccess\workitemtracking\testscripts\tests\tfstests.workitemtracking.workitemsnavigator.ts::tfstests.workitemtracking" name="TFSTests.WorkItemTracking.WorkItemsNavigator isNextPreviousAvailable" />
    </UnitTest>
    <UnitTest name="TFSTests.WorkItemTracking.WorkItemsNavigator raiseIndexChangedEvents" storage="d:\v2.0\a1\_work\dbded102\vso\tfs\service\webaccess\workitemtracking\testscripts\tests\tfstests.workitemtracking.workitemsnavigator.ts" id="266bf8a8-a385-4ae7-bb1c-d91d5f42f95d">
      <Execution id="47538734-f68e-4b25-8284-4a3fb3a9610d" />
      <TestMethod codeBase="d:\v2.0\a1\_work\dbded102\vso\tfs\service\webaccess\workitemtracking\testscripts\tests\tfstests.workitemtracking.workitemsnavigator.ts" adapterTypeName="Microsoft.VisualStudio.TestTools.TestTypes.Unit.UnitTestAdapter" className="d:\v2.0\a1\_work\dbded102\vso\tfs\service\webaccess\workitemtracking\testscripts\tests\tfstests.workitemtracking.workitemsnavigator.ts::tfstests.workitemtracking" name="TFSTests.WorkItemTracking.WorkItemsNavigator raiseIndexChangedEvents" />
    </UnitTest>
    <UnitTest name="TFSTests.WorkItemTracking.WorkItemsNavigator raiseNextPreviousEvents" storage="d:\v2.0\a1\_work\dbded102\vso\tfs\service\webaccess\workitemtracking\testscripts\tests\tfstests.workitemtracking.workitemsnavigator.ts" id="ef2ef02b-4d61-4557-8b51-0d2627d23016">
      <Execution id="0027ea21-a554-4c41-87f5-26d7735e3c05" />
      <TestMethod codeBase="d:\v2.0\a1\_work\dbded102\vso\tfs\service\webaccess\workitemtracking\testscripts\tests\tfstests.workitemtracking.workitemsnavigator.ts" adapterTypeName="Microsoft.VisualStudio.TestTools.TestTypes.Unit.UnitTestAdapter" className="d:\v2.0\a1\_work\dbded102\vso\tfs\service\webaccess\workitemtracking\testscripts\tests\tfstests.workitemtracking.workitemsnavigator.ts::tfstests.workitemtracking" name="TFSTests.WorkItemTracking.WorkItemsNavigator raiseNextPreviousEvents" />
    </UnitTest>
    <UnitTest name="TFSTests.WorkItemTracking.WorkItemsNavigator triageSummaryText" storage="d:\v2.0\a1\_work\dbded102\vso\tfs\service\webaccess\workitemtracking\testscripts\tests\tfstests.workitemtracking.workitemsnavigator.ts" id="45a70215-66d3-46c7-967b-7c8d4d099aca">
      <Execution id="43551352-2750-4f29-aca5-9c429ec2b6ca" />
      <TestMethod codeBase="d:\v2.0\a1\_work\dbded102\vso\tfs\service\webaccess\workitemtracking\testscripts\tests\tfstests.workitemtracking.workitemsnavigator.ts" adapterTypeName="Microsoft.VisualStudio.TestTools.TestTypes.Unit.UnitTestAdapter" className="d:\v2.0\a1\_work\dbded102\vso\tfs\service\webaccess\workitemtracking\testscripts\tests\tfstests.workitemtracking.workitemsnavigator.ts::tfstests.workitemtracking" name="TFSTests.WorkItemTracking.WorkItemsNavigator triageSummaryText" />
    </UnitTest>
  </TestDefinitions>
  <TestEntries>
    <TestEntry testId="80acfc85-f5fe-4c5a-8842-4e15680d3c13" executionId="8a0993d8-6e81-40ad-8de2-084a770d338c" testListId="8c84fa94-04c1-424b-9868-57a2d4851a1d" />
    <TestEntry testId="4d289927-c571-414d-82b6-390823558eb5" executionId="197f3ed7-946c-411d-a66d-ade5110657f4" testListId="8c84fa94-04c1-424b-9868-57a2d4851a1d" />
    <TestEntry testId="c1bacdba-a823-42d0-aa52-ab1fb21d1d5d" executionId="891c059b-70be-49d5-a734-95586fe94140" testListId="8c84fa94-04c1-424b-9868-57a2d4851a1d" />
    <TestEntry testId="76152440-12b3-4033-adb4-bad013f4cf2c" executionId="a44e2393-14ef-40b2-9db7-c70dd53cfb3c" testListId="8c84fa94-04c1-424b-9868-57a2d4851a1d" />
    <TestEntry testId="7a621230-58a1-49d6-895f-d831a113f345" executionId="0771caa9-67c9-4a88-95f4-b821e8f620fa" testListId="8c84fa94-04c1-424b-9868-57a2d4851a1d" />
    <TestEntry testId="c8612062-aea3-4301-8813-48fb79e314b2" executionId="776ffe88-6a27-4cae-a122-e68f0085e5ec" testListId="8c84fa94-04c1-424b-9868-57a2d4851a1d" />
    <TestEntry testId="f26e547a-bc98-4d81-b094-875e82a8c641" executionId="bb200442-1779-4ba5-8fce-12eeee330c3b" testListId="8c84fa94-04c1-424b-9868-57a2d4851a1d" />
    <TestEntry testId="63ffbd5b-9b4e-41d0-8e4c-fabe9f4a9595" executionId="bb9c8e5b-e2bd-4513-b742-f73ecbd27608" testListId="8c84fa94-04c1-424b-9868-57a2d4851a1d" />
    <TestEntry testId="bb75a1ad-ace0-48fe-84d7-36791662b53c" executionId="0acf321c-5742-424d-be2e-6e192d07832b" testListId="8c84fa94-04c1-424b-9868-57a2d4851a1d" />
    <TestEntry testId="0f48b108-96c3-4bab-8545-881430eb64f2" executionId="8e3fc8b2-2d25-40f5-af23-583ef1541abc" testListId="8c84fa94-04c1-424b-9868-57a2d4851a1d" />
    <TestEntry testId="d95186e6-fc27-4cd8-a4ac-446617f70c4f" executionId="984a2cb1-ef3a-4d68-a320-1f4ac04b96c9" testListId="8c84fa94-04c1-424b-9868-57a2d4851a1d" />
    <TestEntry testId="388b223b-8a2b-4c84-bc9d-c7265af51483" executionId="d429260d-773f-4ac4-a6ea-1df4bcae1d86" testListId="8c84fa94-04c1-424b-9868-57a2d4851a1d" />
    <TestEntry testId="1ad91893-445b-44bb-a91b-c2c6c882e9e1" executionId="e1808c79-20f6-40b9-9169-f35bcd6d1653" testListId="8c84fa94-04c1-424b-9868-57a2d4851a1d" />
    <TestEntry testId="b368eff6-7049-4518-962f-ffeabf4547cc" executionId="6a00d756-46fe-4245-8bd0-cbd8914d492c" testListId="8c84fa94-04c1-424b-9868-57a2d4851a1d" />
    <TestEntry testId="eab5401e-9b90-4325-bcb1-722d62ac0345" executionId="ad50958d-a46e-42cc-9cc6-a9248ba3ff3c" testListId="8c84fa94-04c1-424b-9868-57a2d4851a1d" />
    <TestEntry testId="7694dfe6-a614-4db1-887b-281f866b32f9" executionId="9b9addfe-d66f-459d-a182-c63a755f207d" testListId="8c84fa94-04c1-424b-9868-57a2d4851a1d" />
    <TestEntry testId="c7f045c6-4d21-46d4-b57f-1e386d22cf84" executionId="30dcdae9-ae75-4976-824b-f5f89ccb50ef" testListId="8c84fa94-04c1-424b-9868-57a2d4851a1d" />
    <TestEntry testId="e922df35-09a2-4934-a4f3-b991dc288bff" executionId="6b102d20-f00e-47fb-8444-ef0f2cb8efd1" testListId="8c84fa94-04c1-424b-9868-57a2d4851a1d" />
    <TestEntry testId="49d4d6aa-6d3e-46ba-b9f8-d21875945662" executionId="6f947b4b-7e36-4437-928b-4a842cca9b7b" testListId="8c84fa94-04c1-424b-9868-57a2d4851a1d" />
    <TestEntry testId="af178f24-02c4-4c11-950f-7d735de5f8f4" executionId="9aef7024-a345-43a6-a7bf-066a58c2e5fa" testListId="8c84fa94-04c1-424b-9868-57a2d4851a1d" />
    <TestEntry testId="8ac7c8db-8408-4c1f-b047-95155af65d7c" executionId="7403e3d0-b91b-4649-a59e-81ed869e729a" testListId="8c84fa94-04c1-424b-9868-57a2d4851a1d" />
    <TestEntry testId="e769ece0-60e2-4703-a70f-c50ed4e57edc" executionId="59631dfc-3d0f-46ac-b2d1-2c37319dfa69" testListId="8c84fa94-04c1-424b-9868-57a2d4851a1d" />
    <TestEntry testId="e469e51c-211c-4403-9f5e-401fc7dbcb14" executionId="09043d31-ba92-475f-a104-6e75c631ded6" testListId="8c84fa94-04c1-424b-9868-57a2d4851a1d" />
    <TestEntry testId="da6eddc8-d734-4a83-954f-ddade2555e8e" executionId="b5cfbc10-98b5-449b-9e12-4073fcffd3cd" testListId="8c84fa94-04c1-424b-9868-57a2d4851a1d" />
    <TestEntry testId="0f61221e-f128-4e7f-9ddf-ae0ee8468df9" executionId="35205cd7-45fe-41ed-968a-1a2f1fceec4e" testListId="8c84fa94-04c1-424b-9868-57a2d4851a1d" />
    <TestEntry testId="8df1224b-ba42-409f-b1d0-ccd54c119e88" executionId="35df8106-43cc-4bd5-b781-e9edf80d390a" testListId="8c84fa94-04c1-424b-9868-57a2d4851a1d" />
    <TestEntry testId="4a12080e-9102-4fe9-8583-422067c0dfb2" executionId="edd28af7-bb6d-4c99-a883-eb749da47b1e" testListId="8c84fa94-04c1-424b-9868-57a2d4851a1d" />
    <TestEntry testId="c9441464-94bf-4698-a37b-922d59b6b1a9" executionId="61cf4604-635b-4a06-bb62-375b11375d48" testListId="8c84fa94-04c1-424b-9868-57a2d4851a1d" />
    <TestEntry testId="b5e966c9-2306-48aa-b10a-2c2d6927ab50" executionId="e82e4163-b388-4ebe-9fad-5f8c93500208" testListId="8c84fa94-04c1-424b-9868-57a2d4851a1d" />
    <TestEntry testId="79bcc0d7-2cda-46f4-9e5e-30f86ec5f4d6" executionId="355888b1-d3a9-4eb7-89d2-b9b3eb0ace5f" testListId="8c84fa94-04c1-424b-9868-57a2d4851a1d" />
    <TestEntry testId="2178f5b8-95f6-49ea-beff-4776f4314a74" executionId="07f1559c-9fdb-4dfd-b399-2f878dc6ac3e" testListId="8c84fa94-04c1-424b-9868-57a2d4851a1d" />
    <TestEntry testId="e168fb2a-531a-4d7d-8a02-cc0d81b7d4c0" executionId="3134aede-a4b7-484b-bc8a-a80c9ed19b00" testListId="8c84fa94-04c1-424b-9868-57a2d4851a1d" />
    <TestEntry testId="1a6da2ab-643d-4e31-b3c1-d9ae1d9dd81f" executionId="60bad689-6478-4448-975e-93247df41635" testListId="8c84fa94-04c1-424b-9868-57a2d4851a1d" />
    <TestEntry testId="64897c0f-7350-4469-89e3-fa1bd8217b4b" executionId="4c323838-c988-491a-8800-b1339f7eec11" testListId="8c84fa94-04c1-424b-9868-57a2d4851a1d" />
    <TestEntry testId="db171cf4-2c22-4952-85d4-42d11a28d346" executionId="7b45b1d1-1e1a-436f-90ed-78cc19f80799" testListId="8c84fa94-04c1-424b-9868-57a2d4851a1d" />
    <TestEntry testId="ece4d35c-4b5c-40af-a1cc-913cc14726f2" executionId="78708b08-efde-4f72-87a3-bef3bf87470d" testListId="8c84fa94-04c1-424b-9868-57a2d4851a1d" />
    <TestEntry testId="5b6b2141-32e8-450d-af0e-3ca6065ba65b" executionId="f4cf5c32-dfeb-41af-be34-fe545260f4be" testListId="8c84fa94-04c1-424b-9868-57a2d4851a1d" />
    <TestEntry testId="3d0cd21a-55f9-4a5d-ac8f-491d4788cd00" executionId="11a957f5-c5de-4095-b3d1-10e4cd5773a3" testListId="8c84fa94-04c1-424b-9868-57a2d4851a1d" />
    <TestEntry testId="6450f70d-010b-40ff-abf8-678dcbebf41a" executionId="a790afa4-6c62-4210-b3ae-66189fabf26b" testListId="8c84fa94-04c1-424b-9868-57a2d4851a1d" />
    <TestEntry testId="4280012b-aee0-49fd-98b0-c392c96cd7e1" executionId="23595825-5de6-4cc7-b486-6fa8eb9bf1f9" testListId="8c84fa94-04c1-424b-9868-57a2d4851a1d" />
    <TestEntry testId="fba6165d-7b66-4421-b2fc-81c956af9b59" executionId="713beab2-05b3-4ad2-85f6-6cb6384e70d4" testListId="8c84fa94-04c1-424b-9868-57a2d4851a1d" />
    <TestEntry testId="54bd1d9f-83de-4ee2-8677-0c91f3162272" executionId="45024495-d74c-45c8-8350-bccb2e99ad73" testListId="8c84fa94-04c1-424b-9868-57a2d4851a1d" />
    <TestEntry testId="4f098c6d-813a-45f4-bcb1-256a2d8c677d" executionId="2dc3629f-419f-4c73-9dc5-f4fe62f80d56" testListId="8c84fa94-04c1-424b-9868-57a2d4851a1d" />
    <TestEntry testId="92dd0636-1294-452d-b49c-7253e922e487" executionId="8e5804ac-c78d-4163-a22d-80384b6934c6" testListId="8c84fa94-04c1-424b-9868-57a2d4851a1d" />
    <TestEntry testId="d663c326-7934-42a1-a5c1-0aff36745533" executionId="b38c6e6d-a96f-40d0-bf31-fd069332f039" testListId="8c84fa94-04c1-424b-9868-57a2d4851a1d" />
    <TestEntry testId="a7d94fff-f202-4bfd-b761-172290db0655" executionId="a0c03800-282c-4f93-a83a-e896fa0794e8" testListId="8c84fa94-04c1-424b-9868-57a2d4851a1d" />
    <TestEntry testId="d20e31ac-3332-4fb1-a9a0-6a6b624d1583" executionId="adaaa74c-5354-4941-aaff-202c0c44182f" testListId="8c84fa94-04c1-424b-9868-57a2d4851a1d" />
    <TestEntry testId="ec202c0b-d877-41f7-8340-147ed4780dc3" executionId="ad984f8d-0dba-464c-87d1-2707e149ae09" testListId="8c84fa94-04c1-424b-9868-57a2d4851a1d" />
    <TestEntry testId="4dfa4e29-6315-4db2-b5d4-f1d7369fbca4" executionId="22a21f78-e84d-4389-a91f-26a753494ad4" testListId="8c84fa94-04c1-424b-9868-57a2d4851a1d" />
    <TestEntry testId="11824cdb-281a-45ff-b2e4-beb50dcc8263" executionId="43e38a5e-1195-433a-9b12-dd9a98fc75be" testListId="8c84fa94-04c1-424b-9868-57a2d4851a1d" />
    <TestEntry testId="663f5e78-3460-4287-854f-a153f11fe8f2" executionId="1ca441fc-0e3f-498d-95d8-f3d1a916dbfa" testListId="8c84fa94-04c1-424b-9868-57a2d4851a1d" />
    <TestEntry testId="1b009281-b792-4b7a-bde5-8aee565c8893" executionId="34316f88-f7d3-4310-90f0-1dd6c6294c8f" testListId="8c84fa94-04c1-424b-9868-57a2d4851a1d" />
    <TestEntry testId="9ba5db2b-e014-4b74-bc28-f9050e7c7eb3" executionId="56b86219-911e-44c7-bb20-70afdaeb4e05" testListId="8c84fa94-04c1-424b-9868-57a2d4851a1d" />
    <TestEntry testId="0c08fb02-01a3-4076-b787-cbd291890208" executionId="b7b3c0b3-d935-4dea-8360-8779c59d2660" testListId="8c84fa94-04c1-424b-9868-57a2d4851a1d" />
    <TestEntry testId="24b3efe4-ce22-43d0-b760-fb6aa6ca19cd" executionId="6383c194-fec3-4ad3-91a4-b806f580715d" testListId="8c84fa94-04c1-424b-9868-57a2d4851a1d" />
    <TestEntry testId="f668a035-2635-4807-80bd-cdfb313df0e1" executionId="283f97eb-4fa7-4d1e-bc8e-8af806e15a45" testListId="8c84fa94-04c1-424b-9868-57a2d4851a1d" />
    <TestEntry testId="f55c55b9-28bc-4088-be40-76809a28764c" executionId="62e637b0-1149-42de-93a0-a022edb037d5" testListId="8c84fa94-04c1-424b-9868-57a2d4851a1d" />
    <TestEntry testId="218e5fcc-b527-4f7e-a40e-8894e93912ed" executionId="39c4a9db-3f13-4d79-b914-761295e03cbe" testListId="8c84fa94-04c1-424b-9868-57a2d4851a1d" />
    <TestEntry testId="556b0cde-6aa3-4455-b601-6b5a546343a5" executionId="9df0b67b-362f-4028-a75e-67d81d7415d9" testListId="8c84fa94-04c1-424b-9868-57a2d4851a1d" />
    <TestEntry testId="84292370-9c80-4c79-b486-33fcefc3cdbb" executionId="6e48dd59-3b8b-4a47-9ad9-ad2808997170" testListId="8c84fa94-04c1-424b-9868-57a2d4851a1d" />
    <TestEntry testId="c29816db-b697-4f85-9277-ef8d6b7b1fa1" executionId="29f37c11-1720-45da-98c7-f7096e803a92" testListId="8c84fa94-04c1-424b-9868-57a2d4851a1d" />
    <TestEntry testId="df0fa3bf-76f2-475c-99e9-7d1ef602e084" executionId="91c6482e-281c-4156-84c6-03efdc63854c" testListId="8c84fa94-04c1-424b-9868-57a2d4851a1d" />
    <TestEntry testId="2d910a1d-a2cf-46e9-a1bc-0bbb00180f22" executionId="c349075e-ae48-496f-b9c4-8be82610c6c6" testListId="8c84fa94-04c1-424b-9868-57a2d4851a1d" />
    <TestEntry testId="00453e1b-1e1b-498a-9c48-1cefc563abcf" executionId="b12b389b-c0a3-49bf-aa0a-e390eca76192" testListId="8c84fa94-04c1-424b-9868-57a2d4851a1d" />
    <TestEntry testId="0ae61ab8-b684-438c-aa6b-34d2af79c0e9" executionId="3d2d87bd-c283-4c8d-a418-5dc9d91600c4" testListId="8c84fa94-04c1-424b-9868-57a2d4851a1d" />
    <TestEntry testId="4792d62d-37c3-4918-8262-16b47642c42b" executionId="17c525fc-0010-4989-a44d-6c6c7ac08ea6" testListId="8c84fa94-04c1-424b-9868-57a2d4851a1d" />
    <TestEntry testId="e5ccc6bc-d9b9-4e18-acb1-4df23f189ae6" executionId="b8c48cc7-39ff-49e2-a9a0-c6e053941a76" testListId="8c84fa94-04c1-424b-9868-57a2d4851a1d" />
    <TestEntry testId="7108d28e-1fe7-46c7-9c86-65632ecd4f38" executionId="db063285-90a7-4268-8079-fb9051dfa6fb" testListId="8c84fa94-04c1-424b-9868-57a2d4851a1d" />
    <TestEntry testId="3fc8d57d-2e01-4677-9cf6-66aa399a5d5c" executionId="0c8127d0-b2fa-4ac7-ab90-ec9fe8a7214c" testListId="8c84fa94-04c1-424b-9868-57a2d4851a1d" />
    <TestEntry testId="c4706ac7-1d49-47a4-9f0c-1f413a9df91b" executionId="54aa084b-2570-4511-a0b4-b0113d47cecc" testListId="8c84fa94-04c1-424b-9868-57a2d4851a1d" />
    <TestEntry testId="ade4dc77-539b-4109-9736-b36446ca94f5" executionId="d0d6010c-983c-4b7e-b9e4-3102dcb528c4" testListId="8c84fa94-04c1-424b-9868-57a2d4851a1d" />
    <TestEntry testId="dd01f41b-c517-4871-972c-0a46382f8317" executionId="15738d05-9357-4328-9ee3-957a6865e625" testListId="8c84fa94-04c1-424b-9868-57a2d4851a1d" />
    <TestEntry testId="92cf97c9-ae79-47ff-bfea-44faf2d8e129" executionId="ba85fb2a-8af0-4dc0-bdf3-bf5f843c6a55" testListId="8c84fa94-04c1-424b-9868-57a2d4851a1d" />
    <TestEntry testId="e829b81b-4574-4199-8182-64a54cb5ec1f" executionId="31026370-388a-4430-944e-5f9cc31ad72d" testListId="8c84fa94-04c1-424b-9868-57a2d4851a1d" />
    <TestEntry testId="bc931654-9763-4863-8e91-c6cfd3fbf46a" executionId="1bb6c679-c129-478f-8745-2aa9bf935860" testListId="8c84fa94-04c1-424b-9868-57a2d4851a1d" />
    <TestEntry testId="14c8e741-7da5-42ac-bfe9-8cd224cee8e9" executionId="ad776e98-25aa-4736-9a15-828aa3983d06" testListId="8c84fa94-04c1-424b-9868-57a2d4851a1d" />
    <TestEntry testId="164a1b74-b677-4dfb-98df-34efb72ed7af" executionId="a23db185-4f80-49d3-b03b-3bb92b28dad1" testListId="8c84fa94-04c1-424b-9868-57a2d4851a1d" />
    <TestEntry testId="11facc96-db04-4ea5-a155-c8349b52e533" executionId="d724a691-bb1e-49bc-b65e-1335ab7e799d" testListId="8c84fa94-04c1-424b-9868-57a2d4851a1d" />
    <TestEntry testId="7b18c286-b8f0-4d30-921f-25cd782470ef" executionId="c3b64c8b-41bd-4dce-8715-2518feef6bdd" testListId="8c84fa94-04c1-424b-9868-57a2d4851a1d" />
    <TestEntry testId="ad2319e8-d100-43a5-8b02-40cd14c29ed5" executionId="45ece20a-21bb-477a-bc4d-734c800578d1" testListId="8c84fa94-04c1-424b-9868-57a2d4851a1d" />
    <TestEntry testId="49ff9ccd-a2b6-45f5-ac1d-59ce6c430c37" executionId="8d151b1e-aebe-4a02-a7e6-d636add612c2" testListId="8c84fa94-04c1-424b-9868-57a2d4851a1d" />
    <TestEntry testId="67d83a31-10de-4c05-b4dd-c02b8b940800" executionId="e7ef031e-67dd-47e8-8689-c64a6d3d230f" testListId="8c84fa94-04c1-424b-9868-57a2d4851a1d" />
    <TestEntry testId="d1d3e161-2105-4c2d-838d-7d73ab09f2ce" executionId="2378534f-14f4-4638-b73e-8c207e4268b3" testListId="8c84fa94-04c1-424b-9868-57a2d4851a1d" />
    <TestEntry testId="73fcd41a-b0a4-42d0-be28-3df56006adfc" executionId="ceaa2056-2b15-491d-b2a9-1a9d02632101" testListId="8c84fa94-04c1-424b-9868-57a2d4851a1d" />
    <TestEntry testId="ab6d555e-2e14-4ecf-a786-919a2fbc8bf1" executionId="eef64b6f-2508-419d-a925-26aaa8a5ae45" testListId="8c84fa94-04c1-424b-9868-57a2d4851a1d" />
    <TestEntry testId="89235367-0928-44b7-a913-4f82a4764820" executionId="dab9a2e8-b29e-4dfb-b365-b0c9457ddbd9" testListId="8c84fa94-04c1-424b-9868-57a2d4851a1d" />
    <TestEntry testId="77ee0286-d68c-4268-afd1-5ffaf739b809" executionId="d38af6c9-3da3-4e72-9166-8cc0bb1c9c31" testListId="8c84fa94-04c1-424b-9868-57a2d4851a1d" />
    <TestEntry testId="7eb658cf-2de1-41a9-bc3c-47b06014e342" executionId="43d8ba74-3081-432a-8508-1c02e96b5eb6" testListId="8c84fa94-04c1-424b-9868-57a2d4851a1d" />
    <TestEntry testId="ebbf06da-c516-4305-8534-5386232cb367" executionId="540ce49f-eba2-4e9d-aada-a1453e77e132" testListId="8c84fa94-04c1-424b-9868-57a2d4851a1d" />
    <TestEntry testId="fa3da7cc-867f-4196-85e2-50ebf55bf73d" executionId="23338e4d-6646-44ed-b576-cf9bb24aa029" testListId="8c84fa94-04c1-424b-9868-57a2d4851a1d" />
    <TestEntry testId="90dbf5e4-c344-48d8-b9d3-f45bf03ece63" executionId="e0251158-76f9-47d4-a9a6-8df76bb05b6e" testListId="8c84fa94-04c1-424b-9868-57a2d4851a1d" />
    <TestEntry testId="93524a2a-9d29-4ea3-9fb3-2739f00f2f02" executionId="5cefb2ed-7494-494e-96fb-673625396c05" testListId="8c84fa94-04c1-424b-9868-57a2d4851a1d" />
    <TestEntry testId="6c4916b2-7fe9-41ed-b94f-32ad7418feee" executionId="da81743f-fbfa-40cc-bade-683b594a3ff1" testListId="8c84fa94-04c1-424b-9868-57a2d4851a1d" />
    <TestEntry testId="4f245f7a-7d97-426b-8b29-62d9039ef0ae" executionId="58b5e116-d52c-4c2a-a0fa-d87a0885f7f7" testListId="8c84fa94-04c1-424b-9868-57a2d4851a1d" />
    <TestEntry testId="0d222624-5496-4314-b0d2-9c5ee1496869" executionId="c57d5cb0-928e-4d88-b8f2-a465ca0c840d" testListId="8c84fa94-04c1-424b-9868-57a2d4851a1d" />
    <TestEntry testId="6edaa2cd-19b2-4f02-9d0e-5ce9ecc199b0" executionId="e8fbb303-68b5-4c6f-837a-35a97465349a" testListId="8c84fa94-04c1-424b-9868-57a2d4851a1d" />
    <TestEntry testId="3a879a26-66ae-4be5-8ab6-f4d080779003" executionId="160528bc-3d52-4af7-b13f-ba8ea8f1c229" testListId="8c84fa94-04c1-424b-9868-57a2d4851a1d" />
    <TestEntry testId="ccb6d4a7-6628-4743-9ffa-a874e96ded88" executionId="b2fd573a-3161-4f37-ace1-d6eb67e5b690" testListId="8c84fa94-04c1-424b-9868-57a2d4851a1d" />
    <TestEntry testId="7520c7ba-ada4-4ede-b2e8-7ac6126cb013" executionId="0e3037d0-de37-42ca-b2a9-8ff60459e13c" testListId="8c84fa94-04c1-424b-9868-57a2d4851a1d" />
    <TestEntry testId="d4f03b32-b89a-457a-baaa-97d7dbea2aac" executionId="5cdfca09-ea4c-4678-90b2-e13dc1c44c0a" testListId="8c84fa94-04c1-424b-9868-57a2d4851a1d" />
    <TestEntry testId="7fed9f65-287f-481b-a9ca-d67e96c4e498" executionId="e03e8cca-a6ac-4428-9eb0-0284f8b88e37" testListId="8c84fa94-04c1-424b-9868-57a2d4851a1d" />
    <TestEntry testId="705f7d19-bff0-4588-a034-711439f8cbdc" executionId="c46fa0a0-7297-428b-af80-35282a578dd7" testListId="8c84fa94-04c1-424b-9868-57a2d4851a1d" />
    <TestEntry testId="e1cfe422-a9ba-47f6-ab69-f00c4b397bdf" executionId="9f20f8c8-289a-48c3-adb1-8647a4a5242a" testListId="8c84fa94-04c1-424b-9868-57a2d4851a1d" />
    <TestEntry testId="93a49ea2-6790-4965-aeea-6f0bf6fdff69" executionId="00964caf-eb92-4191-9164-fddd1ec662cf" testListId="8c84fa94-04c1-424b-9868-57a2d4851a1d" />
    <TestEntry testId="ea28b11e-a594-49f7-96dc-fcb10cf48c5d" executionId="433f0e59-c5c1-4418-8ec7-ec9343e32576" testListId="8c84fa94-04c1-424b-9868-57a2d4851a1d" />
    <TestEntry testId="cae6bdf0-6f9f-4b24-82d6-f0c644010404" executionId="8ef4c096-2c27-44e4-bb43-611034a1b322" testListId="8c84fa94-04c1-424b-9868-57a2d4851a1d" />
    <TestEntry testId="ad300104-8b1b-4457-9d9a-162f7fb6aaf8" executionId="95168db4-2763-4250-affd-23b986d75a2a" testListId="8c84fa94-04c1-424b-9868-57a2d4851a1d" />
    <TestEntry testId="612c3b68-5b4f-462f-89b7-11d3af167eb9" executionId="37d4a486-a19a-48ba-9088-7d01d163035f" testListId="8c84fa94-04c1-424b-9868-57a2d4851a1d" />
    <TestEntry testId="efa047ce-fb10-4f55-a66d-d9f618924e9b" executionId="7bbaa937-0fc7-4053-9155-d30ffc2dcc5f" testListId="8c84fa94-04c1-424b-9868-57a2d4851a1d" />
    <TestEntry testId="33f5e4b2-2017-4787-aec8-3511d87553d9" executionId="a07d3d39-078d-43d5-9234-58431bdf25ef" testListId="8c84fa94-04c1-424b-9868-57a2d4851a1d" />
    <TestEntry testId="37cfaa94-f2ce-4ae4-af55-67428b234f00" executionId="0bcd8ba0-469e-4c24-aa7d-3329bdcb6ba2" testListId="8c84fa94-04c1-424b-9868-57a2d4851a1d" />
    <TestEntry testId="5c11106a-711c-4312-a186-2dac5307017d" executionId="c0163c2b-f0e7-4582-9017-d41de7d36cf8" testListId="8c84fa94-04c1-424b-9868-57a2d4851a1d" />
    <TestEntry testId="a57608ed-f173-4cd9-bf29-b6d3d82924bb" executionId="f1e89101-7aa4-4806-87f7-ee0f353f111e" testListId="8c84fa94-04c1-424b-9868-57a2d4851a1d" />
    <TestEntry testId="2c3cd0ac-f4b7-4410-8af6-1b8dbb0ccf6d" executionId="0e64bfe2-3003-4a38-9419-afd84b4389f1" testListId="8c84fa94-04c1-424b-9868-57a2d4851a1d" />
    <TestEntry testId="8ad718d0-3aa0-4bf2-a676-c8ce5ee8ceed" executionId="ce158ccc-e688-48ec-8f8c-8cd67e66d065" testListId="8c84fa94-04c1-424b-9868-57a2d4851a1d" />
    <TestEntry testId="e5eb79e6-d7dc-4196-b1f9-004b51c1960b" executionId="ec790f44-6507-46a7-89d2-3adb51300463" testListId="8c84fa94-04c1-424b-9868-57a2d4851a1d" />
    <TestEntry testId="e1424547-e224-421d-9487-cb4f44f8e6ac" executionId="acfb5714-8052-4803-bacd-20018cfe85b6" testListId="8c84fa94-04c1-424b-9868-57a2d4851a1d" />
    <TestEntry testId="dbc81308-dc60-43ea-b5d5-eaa2ed109647" executionId="420ceaa6-9dc9-4f20-84be-87c877602d88" testListId="8c84fa94-04c1-424b-9868-57a2d4851a1d" />
    <TestEntry testId="d7fd0bfe-b4d8-49a7-84b8-3c24e1901de6" executionId="ad12b82f-3a6a-46e6-9638-f6eafc2e847b" testListId="8c84fa94-04c1-424b-9868-57a2d4851a1d" />
    <TestEntry testId="e493aea3-6bd9-4afc-b1df-36be2f6c5205" executionId="d1527a7c-38c1-475e-96c1-b22922abbb2b" testListId="8c84fa94-04c1-424b-9868-57a2d4851a1d" />
    <TestEntry testId="14d6ba58-3fa9-43b4-b867-d43e0c3abc2f" executionId="c5b38cd5-9cec-4312-b260-c9b5cf9946b9" testListId="8c84fa94-04c1-424b-9868-57a2d4851a1d" />
    <TestEntry testId="3c8626ec-ce54-40a8-b1b3-4985b599358e" executionId="6e4c8dc0-6a2e-4ddf-85ee-a61de8684373" testListId="8c84fa94-04c1-424b-9868-57a2d4851a1d" />
    <TestEntry testId="83f47ad4-7b29-40ff-986c-05be017d7c3a" executionId="038f76ee-5272-4ce1-88e4-bc9843273d57" testListId="8c84fa94-04c1-424b-9868-57a2d4851a1d" />
    <TestEntry testId="5a30c375-a297-4e88-9bfa-f7f283c348d0" executionId="3542d957-f587-485d-abf7-547734298689" testListId="8c84fa94-04c1-424b-9868-57a2d4851a1d" />
    <TestEntry testId="c0bb905e-2168-4f28-8fd3-614e554ce5ca" executionId="de3e80bd-d667-49b6-96ee-d6a380d87789" testListId="8c84fa94-04c1-424b-9868-57a2d4851a1d" />
    <TestEntry testId="b2e931da-9bbd-478d-a4a6-8df50a421370" executionId="a6aea120-9212-414d-a455-86e9c745b430" testListId="8c84fa94-04c1-424b-9868-57a2d4851a1d" />
    <TestEntry testId="eab29612-0fb4-4aa1-84e2-cedb5c6277ef" executionId="beff1c21-070d-4ce0-b8e2-4c71126165d3" testListId="8c84fa94-04c1-424b-9868-57a2d4851a1d" />
    <TestEntry testId="8eea496e-e8dd-4743-8779-ef7734a28261" executionId="be4c6956-f763-43c4-9635-6cb367c06fa3" testListId="8c84fa94-04c1-424b-9868-57a2d4851a1d" />
    <TestEntry testId="08e6bbaa-34d1-41f0-9291-5e9ced8f4c2a" executionId="071a87af-119e-43f3-a048-9a591b8660a3" testListId="8c84fa94-04c1-424b-9868-57a2d4851a1d" />
    <TestEntry testId="67e3fa58-d89c-4938-a243-26a14b258a6d" executionId="6d89683e-12af-4cf5-affb-5c48f2f6b072" testListId="8c84fa94-04c1-424b-9868-57a2d4851a1d" />
    <TestEntry testId="5cf675b2-b458-40f6-9a3c-f61586ce3268" executionId="67899b0e-1829-4616-bee1-869a6cf3b565" testListId="8c84fa94-04c1-424b-9868-57a2d4851a1d" />
    <TestEntry testId="b65ad4e4-154c-42e4-916f-fff37dbb82ea" executionId="c2fa6551-3d15-4161-bc5e-4483872671af" testListId="8c84fa94-04c1-424b-9868-57a2d4851a1d" />
    <TestEntry testId="b937fe7d-c747-4099-aba3-373117fb6feb" executionId="498f1c79-d7f2-4004-a57c-0e72c6a5a1a1" testListId="8c84fa94-04c1-424b-9868-57a2d4851a1d" />
    <TestEntry testId="ddad355d-48ab-4abd-bfb0-0fce004d19ab" executionId="70d321e5-13d9-44c0-afed-f14b8c1d0060" testListId="8c84fa94-04c1-424b-9868-57a2d4851a1d" />
    <TestEntry testId="b3905b43-d8e6-4809-b271-51307e32318f" executionId="d1dfd3ac-6fbc-4a09-a5dd-f4c8b0d711f0" testListId="8c84fa94-04c1-424b-9868-57a2d4851a1d" />
    <TestEntry testId="95f677d5-8568-4d6d-80bd-e6290c1b80e4" executionId="c58a7ebc-5c7a-430a-bd2a-e98fb58837c5" testListId="8c84fa94-04c1-424b-9868-57a2d4851a1d" />
    <TestEntry testId="069dbd0e-8f6e-4b8d-90b2-5178ce974f74" executionId="a4800d8c-a516-4632-a723-cf8f8b15bc05" testListId="8c84fa94-04c1-424b-9868-57a2d4851a1d" />
    <TestEntry testId="36a9fb8d-c8f1-4616-b6f4-084d85c247fd" executionId="70b863a7-8946-4842-a5d3-c5f9e474551f" testListId="8c84fa94-04c1-424b-9868-57a2d4851a1d" />
    <TestEntry testId="64253493-09ae-42d2-bd10-9bdf5a19151e" executionId="242520ae-42a9-4fda-9477-a03d82837df0" testListId="8c84fa94-04c1-424b-9868-57a2d4851a1d" />
    <TestEntry testId="f52cdd70-1be2-4bfb-88e3-a6f182729e5d" executionId="f52d5399-d964-49d7-b807-a7a04e8ddc64" testListId="8c84fa94-04c1-424b-9868-57a2d4851a1d" />
    <TestEntry testId="ce0658ba-cbb3-43bc-8092-5b2febe2e9de" executionId="aae02690-83bb-4936-acf6-027204497a44" testListId="8c84fa94-04c1-424b-9868-57a2d4851a1d" />
    <TestEntry testId="9f1859e1-1199-4701-9be4-2c35315361d5" executionId="64256a3b-fe67-4128-afd7-48843a4c8a24" testListId="8c84fa94-04c1-424b-9868-57a2d4851a1d" />
    <TestEntry testId="ed07d097-72a5-4186-ad98-4083be62dcdb" executionId="538590aa-3e86-465d-baf3-cb96808c2ff5" testListId="8c84fa94-04c1-424b-9868-57a2d4851a1d" />
    <TestEntry testId="6c4c9066-a729-4644-bf62-fe27a1206fce" executionId="6ccc1e16-0a87-4990-9f5c-842808c0c771" testListId="8c84fa94-04c1-424b-9868-57a2d4851a1d" />
    <TestEntry testId="bad900a7-5430-40c0-8d3a-1c565e4d0f49" executionId="a75c918e-0e6d-4ae8-b5ac-a6989d192c38" testListId="8c84fa94-04c1-424b-9868-57a2d4851a1d" />
    <TestEntry testId="013b942d-da54-498b-b857-7029fbbdf26d" executionId="3b4bd277-d279-4c20-a681-5f48c6f0b196" testListId="8c84fa94-04c1-424b-9868-57a2d4851a1d" />
    <TestEntry testId="edcb4c2b-0827-4f95-8452-2f7bfc9e03ec" executionId="d25100f1-6890-4d2e-a7d0-4648caa62a81" testListId="8c84fa94-04c1-424b-9868-57a2d4851a1d" />
    <TestEntry testId="843afd0e-524a-49f6-b7d7-1b9e9585fb09" executionId="a013c37b-7773-443d-8dc6-805e1c1a7e17" testListId="8c84fa94-04c1-424b-9868-57a2d4851a1d" />
    <TestEntry testId="2c2e603a-6c28-4327-b291-405b0ada079a" executionId="82e1e466-ce9a-48df-bac8-20fc7ffbd064" testListId="8c84fa94-04c1-424b-9868-57a2d4851a1d" />
    <TestEntry testId="c5070cb8-f265-494f-979a-78ac43f2330c" executionId="d7d6eaf5-1a9d-4dad-ba77-f9e47d03e1ce" testListId="8c84fa94-04c1-424b-9868-57a2d4851a1d" />
    <TestEntry testId="f277691d-596d-4523-b9a4-c09c3717a1be" executionId="2dd75804-2e33-4420-90a1-df7a2913a829" testListId="8c84fa94-04c1-424b-9868-57a2d4851a1d" />
    <TestEntry testId="553ba70f-395e-469e-a61c-39dbf9f9b4a9" executionId="7e8f63b9-f3fa-47b0-bae0-257f78d4a474" testListId="8c84fa94-04c1-424b-9868-57a2d4851a1d" />
    <TestEntry testId="ac824ef8-80ed-438c-b22b-ebf8e85ef475" executionId="7fae2c15-e5a4-4bd2-b2b1-7f1ac6147ed7" testListId="8c84fa94-04c1-424b-9868-57a2d4851a1d" />
    <TestEntry testId="c0142abe-9845-411e-83f0-ee96588219e2" executionId="7bf4b9d0-f280-437d-b7ab-b29296c3de56" testListId="8c84fa94-04c1-424b-9868-57a2d4851a1d" />
    <TestEntry testId="8e110869-68ef-4d1d-a960-49985a3799c5" executionId="b5ea5b66-001a-4be3-aaaf-3f0173d564b0" testListId="8c84fa94-04c1-424b-9868-57a2d4851a1d" />
    <TestEntry testId="ada2e53c-45ef-453e-9fbd-66b0f64849e8" executionId="7713ba0b-42ee-40c4-a8bf-ca591b5a7cd1" testListId="8c84fa94-04c1-424b-9868-57a2d4851a1d" />
    <TestEntry testId="ca9d4aa7-2085-4ba1-91ac-2bb2dfd47c9f" executionId="52b985cd-6a91-48a4-a01f-bb547846a075" testListId="8c84fa94-04c1-424b-9868-57a2d4851a1d" />
    <TestEntry testId="6fdad44a-36de-40a6-9fca-455a13d2a3dd" executionId="0502c28b-73b4-4916-8d66-5db3e5d36ecf" testListId="8c84fa94-04c1-424b-9868-57a2d4851a1d" />
    <TestEntry testId="85965d3f-7329-40cb-b92e-e17e6ca71406" executionId="5fe1dc0e-3524-4b8b-83b9-ca229d0912b0" testListId="8c84fa94-04c1-424b-9868-57a2d4851a1d" />
    <TestEntry testId="8a29ccbe-b67f-423f-ba97-175438588df8" executionId="8c15f168-45cd-4a25-a79f-df852f26f6de" testListId="8c84fa94-04c1-424b-9868-57a2d4851a1d" />
    <TestEntry testId="0d96f230-4e49-4c0c-bc1c-677279d1704a" executionId="003075a4-1453-4867-b83a-e706794ea81e" testListId="8c84fa94-04c1-424b-9868-57a2d4851a1d" />
    <TestEntry testId="3896a334-3dd8-4405-9af9-5e59b6eeef8e" executionId="8e85da63-e7bf-4b98-b056-7c2df3216ac7" testListId="8c84fa94-04c1-424b-9868-57a2d4851a1d" />
    <TestEntry testId="083f1817-015f-4382-95fd-e61329d9e249" executionId="ce0e5329-0a05-4178-bfcf-a39ec764c5b6" testListId="8c84fa94-04c1-424b-9868-57a2d4851a1d" />
    <TestEntry testId="fbccdd52-b987-4467-acb4-3b0a75e659ec" executionId="9416ffd9-9ecb-42a1-a3fa-80682474ba5a" testListId="8c84fa94-04c1-424b-9868-57a2d4851a1d" />
    <TestEntry testId="2127ef6c-6826-450c-ae90-3d9e2ca81f8d" executionId="a98a1107-d1d9-4303-96af-55b8b177344e" testListId="8c84fa94-04c1-424b-9868-57a2d4851a1d" />
    <TestEntry testId="89027e7a-f379-4aa8-a73b-9a30d6b2c154" executionId="87a6262b-e92d-459e-a630-5659f5454bc7" testListId="8c84fa94-04c1-424b-9868-57a2d4851a1d" />
    <TestEntry testId="7dedf08f-ea5e-44bd-9b90-4ce3121d73fc" executionId="2f76c7ae-6397-4a73-95e9-52b8360b7d7c" testListId="8c84fa94-04c1-424b-9868-57a2d4851a1d" />
    <TestEntry testId="2a45b18a-b644-4905-bbc3-a9a02df9ea28" executionId="059e249f-7b95-4d5a-9191-d4bd098542ff" testListId="8c84fa94-04c1-424b-9868-57a2d4851a1d" />
    <TestEntry testId="fc930838-28ff-4522-a7ca-73ea7be286e2" executionId="d4cfc59c-9286-464e-856c-0127df32fde0" testListId="8c84fa94-04c1-424b-9868-57a2d4851a1d" />
    <TestEntry testId="2cd7521a-028f-47d5-8a82-e3060232ad5d" executionId="bd44242a-70e1-408d-8f3a-e1c199cab3d0" testListId="8c84fa94-04c1-424b-9868-57a2d4851a1d" />
    <TestEntry testId="6ef4a36b-a79a-475b-9259-bfdad4cbdfbb" executionId="07fa6d7e-8243-4dca-92f9-578683f90480" testListId="8c84fa94-04c1-424b-9868-57a2d4851a1d" />
    <TestEntry testId="bf84b31c-7486-4659-9e0f-17be3ac88a67" executionId="97f54b6b-7b1e-40ec-8b78-25bf70865c13" testListId="8c84fa94-04c1-424b-9868-57a2d4851a1d" />
    <TestEntry testId="826d5d68-f5af-4332-b359-0fb96a917d0f" executionId="8e6bf4a1-c2f9-4fef-a8cd-d577d8eab246" testListId="8c84fa94-04c1-424b-9868-57a2d4851a1d" />
    <TestEntry testId="266bf8a8-a385-4ae7-bb1c-d91d5f42f95d" executionId="47538734-f68e-4b25-8284-4a3fb3a9610d" testListId="8c84fa94-04c1-424b-9868-57a2d4851a1d" />
    <TestEntry testId="ef2ef02b-4d61-4557-8b51-0d2627d23016" executionId="0027ea21-a554-4c41-87f5-26d7735e3c05" testListId="8c84fa94-04c1-424b-9868-57a2d4851a1d" />
    <TestEntry testId="45a70215-66d3-46c7-967b-7c8d4d099aca" executionId="43551352-2750-4f29-aca5-9c429ec2b6ca" testListId="8c84fa94-04c1-424b-9868-57a2d4851a1d" />
  </TestEntries>
  <TestLists>
    <TestList name="Results Not in a List" id="8c84fa94-04c1-424b-9868-57a2d4851a1d" />
    <TestList name="All Loaded Results" id="19431567-8539-422a-85d7-44ee4e166bda" />
  </TestLists>
  <ResultSummary outcome="Completed">
    <Counters total="176" executed="176" passed="176" failed="0" error="0" timeout="0" aborted="0" inconclusive="0" passedButRunAborted="0" notRunnable="0" notExecuted="0" disconnected="0" warning="0" completed="0" inProgress="0" pending="0" />
    <Output>
      <StdOut>Log Message: Verify work item save error callback is invoked correctly (AJAX error) from d:\v2.0\a1\_work\dbded102\vso\tfs\service\webaccess\workitemtracking\testscripts\tests\TFSTests.WorkItemTracking.ErrorHandling.ts
Log Message: Verify work item batch save error callback is invoked correctly (AJAX error) from d:\v2.0\a1\_work\dbded102\vso\tfs\service\webaccess\workitemtracking\testscripts\tests\TFSTests.WorkItemTracking.ErrorHandling.ts
Log Message: Setting field 1:Title to 'Test Bug' from d:\v2.0\a1\_work\dbded102\vso\tfs\service\webaccess\workitemtracking\testscripts\tests\TFSTests.WorkItemTracking.MergeOnSave.ts
Log Message: Setting field 1:Title to 'Updated Test Bug' from d:\v2.0\a1\_work\dbded102\vso\tfs\service\webaccess\workitemtracking\testscripts\tests\TFSTests.WorkItemTracking.MergeOnSave.ts
Log Message: Updating payload field 1 = Conflicting field update value from d:\v2.0\a1\_work\dbded102\vso\tfs\service\webaccess\workitemtracking\testscripts\tests\TFSTests.WorkItemTracking.MergeOnSave.ts
Log Message: validating field 1 = Updated Test Bug from d:\v2.0\a1\_work\dbded102\vso\tfs\service\webaccess\workitemtracking\testscripts\tests\TFSTests.WorkItemTracking.MergeOnSave.ts
Log Message: Setting field 1:Title to 'Test Bug' from d:\v2.0\a1\_work\dbded102\vso\tfs\service\webaccess\workitemtracking\testscripts\tests\TFSTests.WorkItemTracking.MergeOnSave.ts
Log Message: Setting field 1:Title to 'Updated Test Bug' from d:\v2.0\a1\_work\dbded102\vso\tfs\service\webaccess\workitemtracking\testscripts\tests\TFSTests.WorkItemTracking.MergeOnSave.ts
Log Message: Updating payload field 52 = New Description from d:\v2.0\a1\_work\dbded102\vso\tfs\service\webaccess\workitemtracking\testscripts\tests\TFSTests.WorkItemTracking.MergeOnSave.ts
Log Message: validating field 1 = Updated Test Bug from d:\v2.0\a1\_work\dbded102\vso\tfs\service\webaccess\workitemtracking\testscripts\tests\TFSTests.WorkItemTracking.MergeOnSave.ts
Log Message: validating field 52 = New Description from d:\v2.0\a1\_work\dbded102\vso\tfs\service\webaccess\workitemtracking\testscripts\tests\TFSTests.WorkItemTracking.MergeOnSave.ts
Log Message: Setting field 1:Title to 'Test Bug' from d:\v2.0\a1\_work\dbded102\vso\tfs\service\webaccess\workitemtracking\testscripts\tests\TFSTests.WorkItemTracking.MergeOnSave.ts
Log Message: Setting field 1:Title to 'Updated Test Bug' from d:\v2.0\a1\_work\dbded102\vso\tfs\service\webaccess\workitemtracking\testscripts\tests\TFSTests.WorkItemTracking.MergeOnSave.ts
Log Message: Updating payload field 1 = Updated Test Bug from d:\v2.0\a1\_work\dbded102\vso\tfs\service\webaccess\workitemtracking\testscripts\tests\TFSTests.WorkItemTracking.MergeOnSave.ts
Log Message: validating field 1 = Updated Test Bug from d:\v2.0\a1\_work\dbded102\vso\tfs\service\webaccess\workitemtracking\testscripts\tests\TFSTests.WorkItemTracking.MergeOnSave.ts
Log Message: validating field 1 = Updated Test Bug from d:\v2.0\a1\_work\dbded102\vso\tfs\service\webaccess\workitemtracking\testscripts\tests\TFSTests.WorkItemTracking.MergeOnSave.ts
Log Message: Setting field 1:Title to 'Test Bug' from d:\v2.0\a1\_work\dbded102\vso\tfs\service\webaccess\workitemtracking\testscripts\tests\TFSTests.WorkItemTracking.MergeOnSave.ts
Log Message: Setting field 1:Title to 'Test Bug' from d:\v2.0\a1\_work\dbded102\vso\tfs\service\webaccess\workitemtracking\testscripts\tests\TFSTests.WorkItemTracking.MergeOnSave.ts
Log Message: Setting field 1:Title to 'Updated Test Bug' from d:\v2.0\a1\_work\dbded102\vso\tfs\service\webaccess\workitemtracking\testscripts\tests\TFSTests.WorkItemTracking.MergeOnSave.ts
Log Message: Updating payload field 1 = Updated Test Bug from d:\v2.0\a1\_work\dbded102\vso\tfs\service\webaccess\workitemtracking\testscripts\tests\TFSTests.WorkItemTracking.MergeOnSave.ts
Log Message: validating field 1 = Updated Test Bug from d:\v2.0\a1\_work\dbded102\vso\tfs\service\webaccess\workitemtracking\testscripts\tests\TFSTests.WorkItemTracking.MergeOnSave.ts
Log Message: validating field 1 = Updated Test Bug from d:\v2.0\a1\_work\dbded102\vso\tfs\service\webaccess\workitemtracking\testscripts\tests\TFSTests.WorkItemTracking.MergeOnSave.ts
Log Message: Setting field 1:Title to 'Test Bug' from d:\v2.0\a1\_work\dbded102\vso\tfs\service\webaccess\workitemtracking\testscripts\tests\TFSTests.WorkItemTracking.MergeOnSave.ts
Log Message: Setting field 1:Title to 'Test Bug' from d:\v2.0\a1\_work\dbded102\vso\tfs\service\webaccess\workitemtracking\testscripts\tests\TFSTests.WorkItemTracking.MergeOnSave.ts
Log Message: Setting field 1:Title to 'Updated Test Bug' from d:\v2.0\a1\_work\dbded102\vso\tfs\service\webaccess\workitemtracking\testscripts\tests\TFSTests.WorkItemTracking.MergeOnSave.ts
Log Message: Updating payload field 1 = Updated Test Bug from d:\v2.0\a1\_work\dbded102\vso\tfs\service\webaccess\workitemtracking\testscripts\tests\TFSTests.WorkItemTracking.MergeOnSave.ts
Log Message: validating field 1 = Updated Test Bug from d:\v2.0\a1\_work\dbded102\vso\tfs\service\webaccess\workitemtracking\testscripts\tests\TFSTests.WorkItemTracking.MergeOnSave.ts
Log Message: validating field 1 = Updated Test Bug from d:\v2.0\a1\_work\dbded102\vso\tfs\service\webaccess\workitemtracking\testscripts\tests\TFSTests.WorkItemTracking.MergeOnSave.ts
Log Message: Setting field 1:Title to 'Test Bug' from d:\v2.0\a1\_work\dbded102\vso\tfs\service\webaccess\workitemtracking\testscripts\tests\TFSTests.WorkItemTracking.MergeOnSave.ts
Log Message: Setting field -7:Area Path to 'Foo path' from d:\v2.0\a1\_work\dbded102\vso\tfs\service\webaccess\workitemtracking\testscripts\tests\TFSTests.WorkItemTracking.MergeOnSave.ts
Log Message: Mocking the TFS AJAX callback to return test data. from d:\v2.0\a1\_work\dbded102\vso\tfs\service\webaccess\workitemtracking\testscripts\tests\TFSTests.WorkItemTracking.Project.ts
Log Message: Invoking beginGetNodes() from d:\v2.0\a1\_work\dbded102\vso\tfs\service\webaccess\workitemtracking\testscripts\tests\TFSTests.WorkItemTracking.Project.ts
Log Message: beginGetNodes() callback start from d:\v2.0\a1\_work\dbded102\vso\tfs\service\webaccess\workitemtracking\testscripts\tests\TFSTests.WorkItemTracking.Project.ts
Log Message: Mocking the TFS AJAX callback to return test data. from d:\v2.0\a1\_work\dbded102\vso\tfs\service\webaccess\workitemtracking\testscripts\tests\TFSTests.WorkItemTracking.Project.ts
Log Message: Invoking beginGetWorkItemTypes() from d:\v2.0\a1\_work\dbded102\vso\tfs\service\webaccess\workitemtracking\testscripts\tests\TFSTests.WorkItemTracking.Project.ts
Log Message: Mocking there already a result for Bug and task type. from d:\v2.0\a1\_work\dbded102\vso\tfs\service\webaccess\workitemtracking\testscripts\tests\TFSTests.WorkItemTracking.Project.ts
Log Message: Mocking the TFS AJAX callback to return test data. from d:\v2.0\a1\_work\dbded102\vso\tfs\service\webaccess\workitemtracking\testscripts\tests\TFSTests.WorkItemTracking.Project.ts
Log Message: Invoking beginGetWorkItemTypes() from d:\v2.0\a1\_work\dbded102\vso\tfs\service\webaccess\workitemtracking\testscripts\tests\TFSTests.WorkItemTracking.Project.ts
Log Message: Mocking the TFS AJAX callback to return test data. from d:\v2.0\a1\_work\dbded102\vso\tfs\service\webaccess\workitemtracking\testscripts\tests\TFSTests.WorkItemTracking.Project.ts
Log Message: Mocking there already exists ajax calls for Task and Bug type. from d:\v2.0\a1\_work\dbded102\vso\tfs\service\webaccess\workitemtracking\testscripts\tests\TFSTests.WorkItemTracking.Project.ts
Log Message: Invoking beginGetWorkItemTypes() from d:\v2.0\a1\_work\dbded102\vso\tfs\service\webaccess\workitemtracking\testscripts\tests\TFSTests.WorkItemTracking.Project.ts
Log Message: Mocking there already a result for Bug type. from d:\v2.0\a1\_work\dbded102\vso\tfs\service\webaccess\workitemtracking\testscripts\tests\TFSTests.WorkItemTracking.Project.ts
Log Message: Mocking the TFS AJAX callback to return test data. from d:\v2.0\a1\_work\dbded102\vso\tfs\service\webaccess\workitemtracking\testscripts\tests\TFSTests.WorkItemTracking.Project.ts
Log Message: Mocking there already exists a ajax call for Task type. from d:\v2.0\a1\_work\dbded102\vso\tfs\service\webaccess\workitemtracking\testscripts\tests\TFSTests.WorkItemTracking.Project.ts
Log Message: Invoking beginGetWorkItemTypes() from d:\v2.0\a1\_work\dbded102\vso\tfs\service\webaccess\workitemtracking\testscripts\tests\TFSTests.WorkItemTracking.Project.ts
Log Message: Mocking the TFS AJAX callback to return test data. from d:\v2.0\a1\_work\dbded102\vso\tfs\service\webaccess\workitemtracking\testscripts\tests\TFSTests.WorkItemTracking.Project.ts
Log Message: Mocking there already exists a ajax call for Bug type. from d:\v2.0\a1\_work\dbded102\vso\tfs\service\webaccess\workitemtracking\testscripts\tests\TFSTests.WorkItemTracking.Project.ts
Log Message: Invoking beginGetWorkItemTypes() from d:\v2.0\a1\_work\dbded102\vso\tfs\service\webaccess\workitemtracking\testscripts\tests\TFSTests.WorkItemTracking.Project.ts
Log Message: Mocking there already a result for Bug type. from d:\v2.0\a1\_work\dbded102\vso\tfs\service\webaccess\workitemtracking\testscripts\tests\TFSTests.WorkItemTracking.Project.ts
Log Message: Mocking the TFS AJAX callback to return test data. from d:\v2.0\a1\_work\dbded102\vso\tfs\service\webaccess\workitemtracking\testscripts\tests\TFSTests.WorkItemTracking.Project.ts
Log Message: Invoking beginGetWorkItemTypes() from d:\v2.0\a1\_work\dbded102\vso\tfs\service\webaccess\workitemtracking\testscripts\tests\TFSTests.WorkItemTracking.Project.ts
Log Message: Mocking there already a result for Product Backlog Item type. from d:\v2.0\a1\_work\dbded102\vso\tfs\service\webaccess\workitemtracking\testscripts\tests\TFSTests.WorkItemTracking.Project.ts
Log Message: Mocking the TFS AJAX callback to return test data. from d:\v2.0\a1\_work\dbded102\vso\tfs\service\webaccess\workitemtracking\testscripts\tests\TFSTests.WorkItemTracking.Project.ts
Log Message: Mocking there already exists a ajax call for Task type. from d:\v2.0\a1\_work\dbded102\vso\tfs\service\webaccess\workitemtracking\testscripts\tests\TFSTests.WorkItemTracking.Project.ts
Log Message: Invoking beginGetWorkItemTypes() from d:\v2.0\a1\_work\dbded102\vso\tfs\service\webaccess\workitemtracking\testscripts\tests\TFSTests.WorkItemTracking.Project.ts
Log Message: Mocking the TFS AJAX callback to return test data. from d:\v2.0\a1\_work\dbded102\vso\tfs\service\webaccess\workitemtracking\testscripts\tests\TFSTests.WorkItemTracking.Project.ts
Log Message: Invoking beginGetWorkItemTypes() from d:\v2.0\a1\_work\dbded102\vso\tfs\service\webaccess\workitemtracking\testscripts\tests\TFSTests.WorkItemTracking.Project.ts
Log Message: Mocking the TFS AJAX callback to return test data. from d:\v2.0\a1\_work\dbded102\vso\tfs\service\webaccess\workitemtracking\testscripts\tests\TFSTests.WorkItemTracking.Project.ts
Log Message: Invoking beginGetWorkItemTypes() from d:\v2.0\a1\_work\dbded102\vso\tfs\service\webaccess\workitemtracking\testscripts\tests\TFSTests.WorkItemTracking.Project.ts
Log Message: Checking query A2108D31-086C-4FB0-AFDA-097E4CC46DF4 - Assigned to me from d:\v2.0\a1\_work\dbded102\vso\tfs\service\webaccess\workitemtracking\testscripts\tests\TFSTests.WorkItemTracking.Controls.QueryResultsProvider.ts
Log Message: Checking query 53FB153F-C52C-42F1-90B6-CA17FC3561A8 - Work items created by me from d:\v2.0\a1\_work\dbded102\vso\tfs\service\webaccess\workitemtracking\testscripts\tests\TFSTests.WorkItemTracking.Controls.QueryResultsProvider.ts
Log Message: Checking query 08E20883-D56C-4461-88EB-CE77C0C7936D - Custom query from d:\v2.0\a1\_work\dbded102\vso\tfs\service\webaccess\workitemtracking\testscripts\tests\TFSTests.WorkItemTracking.Controls.QueryResultsProvider.ts
Log Message: Checking query B7A26A56-EA87-4C97-A504-3F028808BB9F - Unsaved work items from d:\v2.0\a1\_work\dbded102\vso\tfs\service\webaccess\workitemtracking\testscripts\tests\TFSTests.WorkItemTracking.Controls.QueryResultsProvider.ts
Log Message: Checking query 2CBF5136-1AE5-4948-B59A-36F526D9AC73 - Search results from d:\v2.0\a1\_work\dbded102\vso\tfs\service\webaccess\workitemtracking\testscripts\tests\TFSTests.WorkItemTracking.Controls.QueryResultsProvider.ts
Log Message: Checking query DFCB2A3A-5467-4213-8285-D5F02C99DD04 - Normal Query from d:\v2.0\a1\_work\dbded102\vso\tfs\service\webaccess\workitemtracking\testscripts\tests\TFSTests.WorkItemTracking.Controls.QueryResultsProvider.ts
Log Message: Checking query null - New Query from d:\v2.0\a1\_work\dbded102\vso\tfs\service\webaccess\workitemtracking\testscripts\tests\TFSTests.WorkItemTracking.Controls.QueryResultsProvider.ts
</StdOut>
    </Output>
  </ResultSummary>
</TestRun>