<?xml version="1.0" encoding="UTF-8"?>
<TestRun id="9f4f047a-83b8-48e5-8150-e4b9a97e3f82" name="tfsmladm@TFSBUILD11 2015-09-28 09:45:57" runUser="REDMOND\tfsmladm" xmlns="http://microsoft.com/schemas/VisualStudio/TeamTest/2010">
  <Times creation="2015-09-28T09:45:57.9830704-07:00" queuing="2015-09-28T09:45:57.9830704-07:00" start="2015-09-28T09:45:57.9880721-07:00" finish="2015-09-28T09:46:01.0546122-07:00" />
  <TestSettings name="default" id="b01a22c4-556e-4337-aca1-4ef980f56d44">
    <Execution>
      <TestTypeSpecific />
    </Execution>
    <Deployment runDeploymentRoot="tfsmladm_TFSBUILD11 2015-09-28 09_45_57" />
    <Properties />
  </TestSettings>
  <Results>
    <UnitTestResult executionId="7b61c12c-ff26-46ec-8a75-32c644d1facd" testId="ff8336bb-2319-4a48-94a4-a9626bcf61d3" testName="TFSTests.VersionControl.TelemetryTests VerifyLoggingCallbackCalledOnClickExternalLink" computerName="TFSBUILD11" duration="00:00:00.0330000" startTime="2015-09-28T09:45:58.0211902-07:00" endTime="2015-09-28T09:45:58.0211902-07:00" testType="13cdc9d9-ddb5-4fa4-a97d-d965ccfc6d4b" outcome="Passed" testListId="8c84fa94-04c1-424b-9868-57a2d4851a1d" relativeResultsDirectory="7b61c12c-ff26-46ec-8a75-32c644d1facd" />
    <UnitTestResult executionId="b652f46a-0e05-4797-b6a1-26c086931723" testId="05213463-e591-4b43-9f8a-177d462166e0" testName="TFSTests.VersionControl.TelemetryTests VerifyLoggingCallbackCalledOnClickLocalLink" computerName="TFSBUILD11" duration="00:00:00.0160000" startTime="2015-09-28T09:45:58.0261931-07:00" endTime="2015-09-28T09:45:58.0261931-07:00" testType="13cdc9d9-ddb5-4fa4-a97d-d965ccfc6d4b" outcome="Passed" testListId="8c84fa94-04c1-424b-9868-57a2d4851a1d" relativeResultsDirectory="b652f46a-0e05-4797-b6a1-26c086931723" />
    <UnitTestResult executionId="2f43a13e-6314-43e2-889f-7401f7035c32" testId="7f29e942-0486-4d93-a7af-16c5e5f58fcf" testName="TFSTests.VersionControl.CreateRepositoryDialogTests ViewModel_Initializes" computerName="TFSBUILD11" duration="00:00:00.0170000" startTime="2015-09-28T09:45:58.0271932-07:00" endTime="2015-09-28T09:45:58.0271932-07:00" testType="13cdc9d9-ddb5-4fa4-a97d-d965ccfc6d4b" outcome="Passed" testListId="8c84fa94-04c1-424b-9868-57a2d4851a1d" relativeResultsDirectory="2f43a13e-6314-43e2-889f-7401f7035c32" />
    <UnitTestResult executionId="7fa9b982-0c1a-40b1-8b09-7664a4c42f6e" testId="fa3ccbdc-880f-4e16-9d21-53aae94e25df" testName="TFSTests.VersionControl.CreateRepositoryDialogTests ViewModel_ReportsServerError" computerName="TFSBUILD11" duration="00:00:00.0150000" startTime="2015-09-28T09:45:58.0273908-07:00" endTime="2015-09-28T09:45:58.0273908-07:00" testType="13cdc9d9-ddb5-4fa4-a97d-d965ccfc6d4b" outcome="Passed" testListId="8c84fa94-04c1-424b-9868-57a2d4851a1d" relativeResultsDirectory="7fa9b982-0c1a-40b1-8b09-7664a4c42f6e" />
    <UnitTestResult executionId="a7bc660f-d64d-46fb-b981-c171bd9d1ccc" testId="b0052261-ff46-403f-9c98-8078563328bd" testName="TFSTests.VersionControl.CreateRepositoryDialogTests ViewModel_ComputesGitRepoName" computerName="TFSBUILD11" duration="00:00:00.0140000" startTime="2015-09-28T09:45:58.0273908-07:00" endTime="2015-09-28T09:45:58.0273908-07:00" testType="13cdc9d9-ddb5-4fa4-a97d-d965ccfc6d4b" outcome="Passed" testListId="8c84fa94-04c1-424b-9868-57a2d4851a1d" relativeResultsDirectory="a7bc660f-d64d-46fb-b981-c171bd9d1ccc" />
    <UnitTestResult executionId="3ea4cda5-8039-47c1-8cb5-cdd57b9a2248" testId="9e63bead-fa6c-456a-b704-b23ab667d0eb" testName="TFSTests.VersionControl.CreateRepositoryDialogTests ViewModel_ComputesTfvcRepoName" computerName="TFSBUILD11" duration="00:00:00.0140000" startTime="2015-09-28T09:45:58.0273908-07:00" endTime="2015-09-28T09:45:58.0273908-07:00" testType="13cdc9d9-ddb5-4fa4-a97d-d965ccfc6d4b" outcome="Passed" testListId="8c84fa94-04c1-424b-9868-57a2d4851a1d" relativeResultsDirectory="3ea4cda5-8039-47c1-8cb5-cdd57b9a2248" />
    <UnitTestResult executionId="50ad0ea2-5475-4929-963e-b335593c0bfb" testId="f1fb3050-2059-4e88-9353-a5040ff860bf" testName="TFSTests.VersionControl.CreateRepositoryDialogTests ViewModel_AllowsTfvcCreationWhenAppropriate" computerName="TFSBUILD11" duration="00:00:00.0150000" startTime="2015-09-28T09:45:58.0273908-07:00" endTime="2015-09-28T09:45:58.0273908-07:00" testType="13cdc9d9-ddb5-4fa4-a97d-d965ccfc6d4b" outcome="Passed" testListId="8c84fa94-04c1-424b-9868-57a2d4851a1d" relativeResultsDirectory="50ad0ea2-5475-4929-963e-b335593c0bfb" />
    <UnitTestResult executionId="94b40241-1367-4346-97cf-502089450c6d" testId="b50d2b29-909c-41e7-ace4-61dbde5c1dd7" testName="TFSTests.VersionControl.CreateRepositoryDialogTests ViewModel_InvalidatesWhenServerErrorIsPresent" computerName="TFSBUILD11" duration="00:00:00.0150000" startTime="2015-09-28T09:45:58.0273908-07:00" endTime="2015-09-28T09:45:58.0273908-07:00" testType="13cdc9d9-ddb5-4fa4-a97d-d965ccfc6d4b" outcome="Passed" testListId="8c84fa94-04c1-424b-9868-57a2d4851a1d" relativeResultsDirectory="94b40241-1367-4346-97cf-502089450c6d" />
    <UnitTestResult executionId="4572d179-c0ff-451f-83eb-15f765dac359" testId="948ca3a8-5f14-476a-9980-dd8cb6fee4b9" testName="TFSTests.VersionControl.Dialogs VerifyCreateRepoDialogInitializeCorrectly" computerName="TFSBUILD11" duration="00:00:00.0660000" startTime="2015-09-28T09:45:58.0273908-07:00" endTime="2015-09-28T09:45:58.0273908-07:00" testType="13cdc9d9-ddb5-4fa4-a97d-d965ccfc6d4b" outcome="Passed" testListId="8c84fa94-04c1-424b-9868-57a2d4851a1d" relativeResultsDirectory="4572d179-c0ff-451f-83eb-15f765dac359" />
    <UnitTestResult executionId="85829f28-89a3-4ac8-9eb5-846231b47182" testId="7134d9dc-cadf-40e8-b11b-f7e007101b3e" testName="TFSTests.VersionControl.Dialogs VerifyRenameRepoDialogInitializeCorrectly" computerName="TFSBUILD11" duration="00:00:00.0390000" startTime="2015-09-28T09:45:58.2098569-07:00" endTime="2015-09-28T09:45:58.2098569-07:00" testType="13cdc9d9-ddb5-4fa4-a97d-d965ccfc6d4b" outcome="Passed" testListId="8c84fa94-04c1-424b-9868-57a2d4851a1d" relativeResultsDirectory="85829f28-89a3-4ac8-9eb5-846231b47182" />
    <UnitTestResult executionId="49f217e1-1203-4772-9211-ff76283053fa" testId="ae2c1cfa-51d5-4538-8cb8-d8e03bc46f77" testName="TFSTests.VersionControl.Dialogs VerifyDeleteRepoDialogInitializeCorrectly" computerName="TFSBUILD11" duration="00:00:00.0340000" startTime="2015-09-28T09:45:58.2098569-07:00" endTime="2015-09-28T09:45:58.2098569-07:00" testType="13cdc9d9-ddb5-4fa4-a97d-d965ccfc6d4b" outcome="Passed" testListId="8c84fa94-04c1-424b-9868-57a2d4851a1d" relativeResultsDirectory="49f217e1-1203-4772-9211-ff76283053fa" />
    <UnitTestResult executionId="207f6e74-70b3-4e0f-9459-78b64a915b63" testId="0238b0da-0d3c-4ab1-9fdb-6995e6c5207e" testName="TFSTests.VersionControl.Dialogs VerifyCreateRepoDialogWithInputDisplayCorrectly" computerName="TFSBUILD11" duration="00:00:00.0340000" startTime="2015-09-28T09:45:58.2098569-07:00" endTime="2015-09-28T09:45:58.2098569-07:00" testType="13cdc9d9-ddb5-4fa4-a97d-d965ccfc6d4b" outcome="Passed" testListId="8c84fa94-04c1-424b-9868-57a2d4851a1d" relativeResultsDirectory="207f6e74-70b3-4e0f-9459-78b64a915b63" />
    <UnitTestResult executionId="c8267223-0043-4e51-8676-7e323222bdf8" testId="9f80ebee-7a0c-43ce-bd2a-a48553b8742e" testName="TFSTests.VersionControl.Dialogs VerifyRenameRepoDialogWithValidInputDisplayCorrectly" computerName="TFSBUILD11" duration="00:00:00.0280000" startTime="2015-09-28T09:45:58.2098569-07:00" endTime="2015-09-28T09:45:58.2098569-07:00" testType="13cdc9d9-ddb5-4fa4-a97d-d965ccfc6d4b" outcome="Passed" testListId="8c84fa94-04c1-424b-9868-57a2d4851a1d" relativeResultsDirectory="c8267223-0043-4e51-8676-7e323222bdf8" />
    <UnitTestResult executionId="7c4d9c9c-e644-431c-9ded-1e0765d0a6f8" testId="20453691-c0df-4017-b453-6b382afc7398" testName="TFSTests.VersionControl.Dialogs VerifyCreateRepoDialogWithInvalidInputDisplayCorrectly" computerName="TFSBUILD11" duration="00:00:00.0320000" startTime="2015-09-28T09:45:58.2098569-07:00" endTime="2015-09-28T09:45:58.2098569-07:00" testType="13cdc9d9-ddb5-4fa4-a97d-d965ccfc6d4b" outcome="Passed" testListId="8c84fa94-04c1-424b-9868-57a2d4851a1d" relativeResultsDirectory="7c4d9c9c-e644-431c-9ded-1e0765d0a6f8" />
    <UnitTestResult executionId="76cccd10-e581-4837-b389-aa7942db36f2" testId="d615f471-8d5b-4119-a4ba-f6a5c9d7dcdd" testName="TFSTests.VersionControl.Dialogs VerifyCallbackValueFromCreateRepoDialogIsCorrectWhenClickOkButton" computerName="TFSBUILD11" duration="00:00:00.0280000" startTime="2015-09-28T09:45:58.2098569-07:00" endTime="2015-09-28T09:45:58.2098569-07:00" testType="13cdc9d9-ddb5-4fa4-a97d-d965ccfc6d4b" outcome="Passed" testListId="8c84fa94-04c1-424b-9868-57a2d4851a1d" relativeResultsDirectory="76cccd10-e581-4837-b389-aa7942db36f2" />
    <UnitTestResult executionId="75706049-8c08-4346-8b03-4a48abf826af" testId="e25e268e-3cb0-47b8-9f32-fcb2b5f5d9f9" testName="TFSTests.VersionControl.Dialogs VerifyCallbackValueFromRenameRepoDialogIsCorrectWhenClickOkButton" computerName="TFSBUILD11" duration="00:00:00.0310000" startTime="2015-09-28T09:45:58.2098569-07:00" endTime="2015-09-28T09:45:58.2098569-07:00" testType="13cdc9d9-ddb5-4fa4-a97d-d965ccfc6d4b" outcome="Passed" testListId="8c84fa94-04c1-424b-9868-57a2d4851a1d" relativeResultsDirectory="75706049-8c08-4346-8b03-4a48abf826af" />
    <UnitTestResult executionId="b06fc8b4-13f0-425d-8191-c4debbd64c82" testId="7c6652d8-fea8-4508-95f2-94bf263464f9" testName="TFSTests.VersionControl.VersionControlPathTests getDirectory_IfPathIsNull_ReturnsEmptyString" computerName="TFSBUILD11" duration="00:00:00.0140000" startTime="2015-09-28T09:45:58.2098569-07:00" endTime="2015-09-28T09:45:58.2098569-07:00" testType="13cdc9d9-ddb5-4fa4-a97d-d965ccfc6d4b" outcome="Passed" testListId="8c84fa94-04c1-424b-9868-57a2d4851a1d" relativeResultsDirectory="b06fc8b4-13f0-425d-8191-c4debbd64c82" />
    <UnitTestResult executionId="5d3e8200-d99c-4c09-95b2-41e67957cf3c" testId="af635008-36d0-4a3b-a8eb-ec0b7fbc0b97" testName="TFSTests.VersionControl.VersionControlPathTests getDirectory_IfPathIsUndefined_ReturnsEmptyString" computerName="TFSBUILD11" duration="00:00:00.0140000" startTime="2015-09-28T09:45:58.2098569-07:00" endTime="2015-09-28T09:45:58.2098569-07:00" testType="13cdc9d9-ddb5-4fa4-a97d-d965ccfc6d4b" outcome="Passed" testListId="8c84fa94-04c1-424b-9868-57a2d4851a1d" relativeResultsDirectory="5d3e8200-d99c-4c09-95b2-41e67957cf3c" />
    <UnitTestResult executionId="0679f3b8-ad0e-4bc0-8fd0-04c886971351" testId="06e3bc96-b268-4457-98cb-f8b095df87bf" testName="TFSTests.VersionControl.VersionControlPathTests getDirectory_IfPathIsEmptyString_ReturnsEmptyString" computerName="TFSBUILD11" duration="00:00:00.0140000" startTime="2015-09-28T09:45:58.3389080-07:00" endTime="2015-09-28T09:45:58.3389080-07:00" testType="13cdc9d9-ddb5-4fa4-a97d-d965ccfc6d4b" outcome="Passed" testListId="8c84fa94-04c1-424b-9868-57a2d4851a1d" relativeResultsDirectory="0679f3b8-ad0e-4bc0-8fd0-04c886971351" />
    <UnitTestResult executionId="4938415a-8851-4d0b-835a-742fc4747112" testId="51e147f7-e691-406a-b0ba-d07535c155a5" testName="TFSTests.VersionControl.VersionControlPathTests getDirectory_IfPathContainsNoSlash_ReturnsEmptyString" computerName="TFSBUILD11" duration="00:00:00.0140000" startTime="2015-09-28T09:45:58.3389080-07:00" endTime="2015-09-28T09:45:58.3389080-07:00" testType="13cdc9d9-ddb5-4fa4-a97d-d965ccfc6d4b" outcome="Passed" testListId="8c84fa94-04c1-424b-9868-57a2d4851a1d" relativeResultsDirectory="4938415a-8851-4d0b-835a-742fc4747112" />
    <UnitTestResult executionId="7bdf2bbf-7c04-4007-9f68-0df994026dad" testId="2ebf0d0c-5737-44aa-92e0-3bdca7a9e5ed" testName="TFSTests.VersionControl.VersionControlPathTests getDirectory_IfPathIsOnlySlash_ReturnsSlash" computerName="TFSBUILD11" duration="00:00:00.0140000" startTime="2015-09-28T09:45:58.3389080-07:00" endTime="2015-09-28T09:45:58.3389080-07:00" testType="13cdc9d9-ddb5-4fa4-a97d-d965ccfc6d4b" outcome="Passed" testListId="8c84fa94-04c1-424b-9868-57a2d4851a1d" relativeResultsDirectory="7bdf2bbf-7c04-4007-9f68-0df994026dad" />
    <UnitTestResult executionId="7d432587-e52f-4ab6-af0e-f55ab3a5a39f" testId="40f59cfe-49a2-4123-b282-34c64b8c5eea" testName="TFSTests.VersionControl.VersionControlPathTests getDirectory_IfPathIsAtRoot_ReturnsSlash" computerName="TFSBUILD11" duration="00:00:00.0140000" startTime="2015-09-28T09:45:58.3389080-07:00" endTime="2015-09-28T09:45:58.3389080-07:00" testType="13cdc9d9-ddb5-4fa4-a97d-d965ccfc6d4b" outcome="Passed" testListId="8c84fa94-04c1-424b-9868-57a2d4851a1d" relativeResultsDirectory="7d432587-e52f-4ab6-af0e-f55ab3a5a39f" />
    <UnitTestResult executionId="8a1238b9-9721-4336-a39c-2060880550d2" testId="254ca6e7-393a-4447-8f5f-f607c835c532" testName="TFSTests.VersionControl.VersionControlPathTests getDirectory_IfPathEndsWithSlash_ReturnsEntirePath" computerName="TFSBUILD11" duration="00:00:00.0150000" startTime="2015-09-28T09:45:58.3399087-07:00" endTime="2015-09-28T09:45:58.3399087-07:00" testType="13cdc9d9-ddb5-4fa4-a97d-d965ccfc6d4b" outcome="Passed" testListId="8c84fa94-04c1-424b-9868-57a2d4851a1d" relativeResultsDirectory="8a1238b9-9721-4336-a39c-2060880550d2" />
    <UnitTestResult executionId="67bad6f9-9e11-4fbd-9639-90f89e6b2aff" testId="3bbad94c-cf3e-4b0f-8c08-e302119a983b" testName="TFSTests.VersionControl.VersionControlPathTests getDirectory_ReturnsDirectory" computerName="TFSBUILD11" duration="00:00:00.0140000" startTime="2015-09-28T09:45:58.3399087-07:00" endTime="2015-09-28T09:45:58.3399087-07:00" testType="13cdc9d9-ddb5-4fa4-a97d-d965ccfc6d4b" outcome="Passed" testListId="8c84fa94-04c1-424b-9868-57a2d4851a1d" relativeResultsDirectory="67bad6f9-9e11-4fbd-9639-90f89e6b2aff" />
    <UnitTestResult executionId="8f70ae3e-4045-439b-9dff-5b0c439d75c0" testId="1fc4d1a4-aadc-4c00-ac26-8d44fd01a2bd" testName="TFSTests.VersionControl.VersionControlPathTests getAbsoluteTo_IfBothParametersAreNull_ReturnsEmptyString" computerName="TFSBUILD11" duration="00:00:00.0160000" startTime="2015-09-28T09:45:58.3399087-07:00" endTime="2015-09-28T09:45:58.3399087-07:00" testType="13cdc9d9-ddb5-4fa4-a97d-d965ccfc6d4b" outcome="Passed" testListId="8c84fa94-04c1-424b-9868-57a2d4851a1d" relativeResultsDirectory="8f70ae3e-4045-439b-9dff-5b0c439d75c0" />
    <UnitTestResult executionId="8d916f43-6dc7-450a-b4fb-a33a454a5319" testId="49ed02d0-9c56-4855-86fd-abd4865a7d6b" testName="TFSTests.VersionControl.VersionControlPathTests getAbsoluteTo_IfRelativePathIsNull_ReturnsBasePath" computerName="TFSBUILD11" duration="00:00:00.0140000" startTime="2015-09-28T09:45:58.3399087-07:00" endTime="2015-09-28T09:45:58.3399087-07:00" testType="13cdc9d9-ddb5-4fa4-a97d-d965ccfc6d4b" outcome="Passed" testListId="8c84fa94-04c1-424b-9868-57a2d4851a1d" relativeResultsDirectory="8d916f43-6dc7-450a-b4fb-a33a454a5319" />
    <UnitTestResult executionId="262cd703-127f-46c4-8f33-e95a31791e3e" testId="2c7ca343-b0be-47c8-8248-2a51074cc1d1" testName="TFSTests.VersionControl.VersionControlPathTests getAbsoluteTo_IfBasePathIsNull_ReturnsRelativePath" computerName="TFSBUILD11" duration="00:00:00.0150000" startTime="2015-09-28T09:45:58.3399087-07:00" endTime="2015-09-28T09:45:58.3399087-07:00" testType="13cdc9d9-ddb5-4fa4-a97d-d965ccfc6d4b" outcome="Passed" testListId="8c84fa94-04c1-424b-9868-57a2d4851a1d" relativeResultsDirectory="262cd703-127f-46c4-8f33-e95a31791e3e" />
    <UnitTestResult executionId="17711479-aa69-4281-a627-c9e4df3b91f4" testId="ade9aa9c-291f-4a6f-a40b-e449c4d9625b" testName="TFSTests.VersionControl.VersionControlPathTests getAbsoluteTo_IfBasePathEndsWithSlash_InterpretsLastComponentAsDirectory" computerName="TFSBUILD11" duration="00:00:00.0140000" startTime="2015-09-28T09:45:58.4674466-07:00" endTime="2015-09-28T09:45:58.4674466-07:00" testType="13cdc9d9-ddb5-4fa4-a97d-d965ccfc6d4b" outcome="Passed" testListId="8c84fa94-04c1-424b-9868-57a2d4851a1d" relativeResultsDirectory="17711479-aa69-4281-a627-c9e4df3b91f4" />
    <UnitTestResult executionId="6576ab00-b4e9-412b-93c4-c91f1535d894" testId="875e39ba-f265-40c7-8128-5f69623cce2f" testName="TFSTests.VersionControl.VersionControlPathTests getAbsoluteTo_IfBasePathEndsWithNoSlash_InterpretsLastComponentAsFile" computerName="TFSBUILD11" duration="00:00:00.0130000" startTime="2015-09-28T09:45:58.4674466-07:00" endTime="2015-09-28T09:45:58.4674466-07:00" testType="13cdc9d9-ddb5-4fa4-a97d-d965ccfc6d4b" outcome="Passed" testListId="8c84fa94-04c1-424b-9868-57a2d4851a1d" relativeResultsDirectory="6576ab00-b4e9-412b-93c4-c91f1535d894" />
    <UnitTestResult executionId="eb3484fd-e01e-40df-b732-5598869c5017" testId="978f1903-cee2-4102-a207-a99e677b46fd" testName="TFSTests.VersionControl.VersionControlPathTests getAbsoluteTo_IfPathsContainSpecialCharacters_PassesThemThroughUnmodified" computerName="TFSBUILD11" duration="00:00:00.0130000" startTime="2015-09-28T09:45:58.4674466-07:00" endTime="2015-09-28T09:45:58.4674466-07:00" testType="13cdc9d9-ddb5-4fa4-a97d-d965ccfc6d4b" outcome="Passed" testListId="8c84fa94-04c1-424b-9868-57a2d4851a1d" relativeResultsDirectory="eb3484fd-e01e-40df-b732-5598869c5017" />
    <UnitTestResult executionId="a76fcc95-02f7-4002-a6a6-afb01c4eff65" testId="19cdf09b-68d3-4e58-95c5-ee8393618a4e" testName="TFSTests.VersionControl.VersionControlPathTests combineConvertsBackslashPaths" computerName="TFSBUILD11" duration="00:00:00.0140000" startTime="2015-09-28T09:45:58.4674466-07:00" endTime="2015-09-28T09:45:58.4674466-07:00" testType="13cdc9d9-ddb5-4fa4-a97d-d965ccfc6d4b" outcome="Passed" testListId="8c84fa94-04c1-424b-9868-57a2d4851a1d" relativeResultsDirectory="a76fcc95-02f7-4002-a6a6-afb01c4eff65" />
    <UnitTestResult executionId="bf6bc2e8-4dba-4c6c-bfa4-71786bfdbcce" testId="f6692561-de7c-43e3-acf3-114841145cdd" testName="TFSTests.VersionControl.VersionControlPathTests combineConvertsPeriodBackslashPaths" computerName="TFSBUILD11" duration="00:00:00.0140000" startTime="2015-09-28T09:45:58.4674466-07:00" endTime="2015-09-28T09:45:58.4674466-07:00" testType="13cdc9d9-ddb5-4fa4-a97d-d965ccfc6d4b" outcome="Passed" testListId="8c84fa94-04c1-424b-9868-57a2d4851a1d" relativeResultsDirectory="bf6bc2e8-4dba-4c6c-bfa4-71786bfdbcce" />
    <UnitTestResult executionId="8d1a257b-03ff-4fcf-bb89-508df8aafb7a" testId="52e620ca-2849-4515-b057-6306137e4276" testName="TFSTests.VersionControl.GitVersionControlPathTests IsValidReturnsFalseForInvalidPaths" computerName="TFSBUILD11" duration="00:00:00.0140000" startTime="2015-09-28T09:45:58.4674466-07:00" endTime="2015-09-28T09:45:58.4674466-07:00" testType="13cdc9d9-ddb5-4fa4-a97d-d965ccfc6d4b" outcome="Passed" testListId="8c84fa94-04c1-424b-9868-57a2d4851a1d" relativeResultsDirectory="8d1a257b-03ff-4fcf-bb89-508df8aafb7a" />
    <UnitTestResult executionId="6afbfeb5-58c0-4fd6-b9a2-a81d0814d7de" testId="32e84832-a11f-4767-a323-156b6fdf320e" testName="TFSTests.VersionControl.GitVersionControlPathTests IsValidReturnsTrueForValidPaths" computerName="TFSBUILD11" duration="00:00:00.0140000" startTime="2015-09-28T09:45:58.4674466-07:00" endTime="2015-09-28T09:45:58.4674466-07:00" testType="13cdc9d9-ddb5-4fa4-a97d-d965ccfc6d4b" outcome="Passed" testListId="8c84fa94-04c1-424b-9868-57a2d4851a1d" relativeResultsDirectory="6afbfeb5-58c0-4fd6-b9a2-a81d0814d7de" />
    <UnitTestResult executionId="58c1a9ab-881e-4e5c-bb96-edb2e3deb4b7" testId="279033dd-87d8-437b-bfb1-4afbe469ff65" testName="TFSTests.VersionControl.GitVersionControlPathUtilityTests combineReturnsRelativePathIfBasePathIsInvalid" computerName="TFSBUILD11" duration="00:00:00.0150000" startTime="2015-09-28T09:45:58.4674466-07:00" endTime="2015-09-28T09:45:58.4674466-07:00" testType="13cdc9d9-ddb5-4fa4-a97d-d965ccfc6d4b" outcome="Passed" testListId="8c84fa94-04c1-424b-9868-57a2d4851a1d" relativeResultsDirectory="58c1a9ab-881e-4e5c-bb96-edb2e3deb4b7" />
    <UnitTestResult executionId="79ca7bad-4682-4d72-838b-c6f005ceedfc" testId="910107cc-3ce7-429d-9b7f-d779424f724a" testName="TFSTests.VersionControl.GitVersionControlPathUtilityTests combineReturnsBasePathIfRelativePathIsInvalid" computerName="TFSBUILD11" duration="00:00:00.0140000" startTime="2015-09-28T09:45:58.4684470-07:00" endTime="2015-09-28T09:45:58.4684470-07:00" testType="13cdc9d9-ddb5-4fa4-a97d-d965ccfc6d4b" outcome="Passed" testListId="8c84fa94-04c1-424b-9868-57a2d4851a1d" relativeResultsDirectory="79ca7bad-4682-4d72-838b-c6f005ceedfc" />
    <UnitTestResult executionId="f26e09df-bcd2-47b9-a7e3-ce0053de4dec" testId="ac703194-86e7-4c1f-ab27-27e9fdc40d21" testName="TFSTests.VersionControl.GitVersionControlPathUtilityTests combineReturnsSiblingNodeIfRelativePathIsFilename" computerName="TFSBUILD11" duration="00:00:00.0140000" startTime="2015-09-28T09:45:58.6062507-07:00" endTime="2015-09-28T09:45:58.6062507-07:00" testType="13cdc9d9-ddb5-4fa4-a97d-d965ccfc6d4b" outcome="Passed" testListId="8c84fa94-04c1-424b-9868-57a2d4851a1d" relativeResultsDirectory="f26e09df-bcd2-47b9-a7e3-ce0053de4dec" />
    <UnitTestResult executionId="1bfde057-e5e6-4e06-baaa-0904d6c78afb" testId="ca38b534-0840-4bfc-8347-019fc8182104" testName="TFSTests.VersionControl.GitVersionControlPathUtilityTests combineReturnsChildNodeIfRelativePathIsWithinDirectory" computerName="TFSBUILD11" duration="00:00:00.0140000" startTime="2015-09-28T09:45:58.6062507-07:00" endTime="2015-09-28T09:45:58.6062507-07:00" testType="13cdc9d9-ddb5-4fa4-a97d-d965ccfc6d4b" outcome="Passed" testListId="8c84fa94-04c1-424b-9868-57a2d4851a1d" relativeResultsDirectory="1bfde057-e5e6-4e06-baaa-0904d6c78afb" />
    <UnitTestResult executionId="c6bb9870-78f0-44aa-aba3-b972d53e8d59" testId="ac90b9e4-b0d7-41b0-8e16-2c52617ba9c9" testName="TFSTests.VersionControl.GitVersionControlPathUtilityTests combineReturnsParentNodeIfRelativePathIsInParentDirectory" computerName="TFSBUILD11" duration="00:00:00.0140000" startTime="2015-09-28T09:45:58.6062507-07:00" endTime="2015-09-28T09:45:58.6062507-07:00" testType="13cdc9d9-ddb5-4fa4-a97d-d965ccfc6d4b" outcome="Passed" testListId="8c84fa94-04c1-424b-9868-57a2d4851a1d" relativeResultsDirectory="c6bb9870-78f0-44aa-aba3-b972d53e8d59" />
    <UnitTestResult executionId="c997109d-49e1-43fe-bdf1-1bab9f299449" testId="acc8bb59-6e03-4b87-bd76-aa6625b25fb5" testName="TFSTests.VersionControl.GitVersionControlPathUtilityTests combineDoesNotGoBelowRoot" computerName="TFSBUILD11" duration="00:00:00.0140000" startTime="2015-09-28T09:45:58.6062507-07:00" endTime="2015-09-28T09:45:58.6062507-07:00" testType="13cdc9d9-ddb5-4fa4-a97d-d965ccfc6d4b" outcome="Passed" testListId="8c84fa94-04c1-424b-9868-57a2d4851a1d" relativeResultsDirectory="c997109d-49e1-43fe-bdf1-1bab9f299449" />
    <UnitTestResult executionId="4711f8c0-3d11-4747-87eb-5d075f4f0e20" testId="65b93b35-1c9b-4c5e-a256-31c142d734eb" testName="TFSTests.VersionControl.TfvcVersionControlPathTests ProjectRootReturnsUndefinedForInvalidPaths" computerName="TFSBUILD11" duration="00:00:00.0140000" startTime="2015-09-28T09:45:58.6062507-07:00" endTime="2015-09-28T09:45:58.6062507-07:00" testType="13cdc9d9-ddb5-4fa4-a97d-d965ccfc6d4b" outcome="Passed" testListId="8c84fa94-04c1-424b-9868-57a2d4851a1d" relativeResultsDirectory="4711f8c0-3d11-4747-87eb-5d075f4f0e20" />
    <UnitTestResult executionId="2989a816-054c-47ba-8926-cb17c549a956" testId="df62268f-197c-436b-a489-1748e3b6d9a0" testName="TFSTests.VersionControl.TfvcVersionControlPathTests ProjectRootReturnsUndefinedForRootPath" computerName="TFSBUILD11" duration="00:00:00.0140000" startTime="2015-09-28T09:45:58.6062507-07:00" endTime="2015-09-28T09:45:58.6062507-07:00" testType="13cdc9d9-ddb5-4fa4-a97d-d965ccfc6d4b" outcome="Passed" testListId="8c84fa94-04c1-424b-9868-57a2d4851a1d" relativeResultsDirectory="2989a816-054c-47ba-8926-cb17c549a956" />
    <UnitTestResult executionId="6a794e34-e3f9-4e19-ba1f-5fbb8d317997" testId="6386617c-2e3a-4163-80f0-c3915e345bb3" testName="TFSTests.VersionControl.TfvcVersionControlPathTests ProjectRootReturnsCorrectProjectNameForValidProjectPaths" computerName="TFSBUILD11" duration="00:00:00.0140000" startTime="2015-09-28T09:45:58.6062507-07:00" endTime="2015-09-28T09:45:58.6062507-07:00" testType="13cdc9d9-ddb5-4fa4-a97d-d965ccfc6d4b" outcome="Passed" testListId="8c84fa94-04c1-424b-9868-57a2d4851a1d" relativeResultsDirectory="6a794e34-e3f9-4e19-ba1f-5fbb8d317997" />
    <UnitTestResult executionId="8c9711cd-6f04-4ee2-82fc-76d67cf64ea3" testId="a666f574-4e98-4aba-a3c4-3a55cb5ec5da" testName="TFSTests.VersionControl.TfvcVersionControlPathTests ProjectNameReturnsUndefinedForInvalidPaths" computerName="TFSBUILD11" duration="00:00:00.0210000" startTime="2015-09-28T09:45:58.6062507-07:00" endTime="2015-09-28T09:45:58.6062507-07:00" testType="13cdc9d9-ddb5-4fa4-a97d-d965ccfc6d4b" outcome="Passed" testListId="8c84fa94-04c1-424b-9868-57a2d4851a1d" relativeResultsDirectory="8c9711cd-6f04-4ee2-82fc-76d67cf64ea3" />
    <UnitTestResult executionId="61b46ca8-5e35-4596-8539-488e7e10de37" testId="4671e3fb-3bc9-45fc-b320-9f30623ed47f" testName="TFSTests.VersionControl.TfvcVersionControlPathTests ProjectNameReturnsCorrectProjectNameForValidProjectPaths" computerName="TFSBUILD11" duration="00:00:00.0140000" startTime="2015-09-28T09:45:58.6062507-07:00" endTime="2015-09-28T09:45:58.6062507-07:00" testType="13cdc9d9-ddb5-4fa4-a97d-d965ccfc6d4b" outcome="Passed" testListId="8c84fa94-04c1-424b-9868-57a2d4851a1d" relativeResultsDirectory="61b46ca8-5e35-4596-8539-488e7e10de37" />
    <UnitTestResult executionId="2d64f4a3-312c-4c28-b3f3-50ac484542fb" testId="679e5dca-3aa3-4b97-af0e-ab8ba96b237e" testName="TFSTests.VersionControl.TfvcVersionControlPathTests RelativePathReturnsUndefinedForInvalidPaths" computerName="TFSBUILD11" duration="00:00:00.0140000" startTime="2015-09-28T09:45:58.7328041-07:00" endTime="2015-09-28T09:45:58.7328041-07:00" testType="13cdc9d9-ddb5-4fa4-a97d-d965ccfc6d4b" outcome="Passed" testListId="8c84fa94-04c1-424b-9868-57a2d4851a1d" relativeResultsDirectory="2d64f4a3-312c-4c28-b3f3-50ac484542fb" />
    <UnitTestResult executionId="84469dda-6244-45f0-9f9c-eb2d52c46f47" testId="bdc6425e-9462-4483-bcf0-14ad61782b06" testName="TFSTests.VersionControl.TfvcVersionControlPathTests RelativePathReturnsCorrectProjectNameForValidProjectPaths" computerName="TFSBUILD11" duration="00:00:00.0140000" startTime="2015-09-28T09:45:58.7328041-07:00" endTime="2015-09-28T09:45:58.7328041-07:00" testType="13cdc9d9-ddb5-4fa4-a97d-d965ccfc6d4b" outcome="Passed" testListId="8c84fa94-04c1-424b-9868-57a2d4851a1d" relativeResultsDirectory="84469dda-6244-45f0-9f9c-eb2d52c46f47" />
    <UnitTestResult executionId="919957df-fa05-4936-b887-47b4877a840c" testId="ca09388a-8db9-45ae-946e-ebbbb0d2f802" testName="TFSTests.VersionControl.TfvcVersionControlPathTests IsValidIsFalseForInvalidPaths" computerName="TFSBUILD11" duration="00:00:00.0140000" startTime="2015-09-28T09:45:58.7328041-07:00" endTime="2015-09-28T09:45:58.7328041-07:00" testType="13cdc9d9-ddb5-4fa4-a97d-d965ccfc6d4b" outcome="Passed" testListId="8c84fa94-04c1-424b-9868-57a2d4851a1d" relativeResultsDirectory="919957df-fa05-4936-b887-47b4877a840c" />
    <UnitTestResult executionId="943e3ad9-62e2-4f67-b40c-ef95becc794e" testId="7d38ff83-19e1-4f1a-b0ee-7b7be4e3c436" testName="TFSTests.VersionControl.TfvcVersionControlPathTests IsValidReturnsTrueForValidProjectPaths" computerName="TFSBUILD11" duration="00:00:00.0140000" startTime="2015-09-28T09:45:58.7328041-07:00" endTime="2015-09-28T09:45:58.7328041-07:00" testType="13cdc9d9-ddb5-4fa4-a97d-d965ccfc6d4b" outcome="Passed" testListId="8c84fa94-04c1-424b-9868-57a2d4851a1d" relativeResultsDirectory="943e3ad9-62e2-4f67-b40c-ef95becc794e" />
    <UnitTestResult executionId="e7f6d1a9-781d-4aa8-8daa-a66eac19e81b" testId="6d7c03e2-ecc0-4166-8e4f-30d51f8b37ec" testName="TFSTests.VersionControl.TfvcVersionControlPathUtilityTests IsAbsolutePath_ReturnsFalseIfPathDoesNotStartWith$" computerName="TFSBUILD11" duration="00:00:00.0140000" startTime="2015-09-28T09:45:58.7328041-07:00" endTime="2015-09-28T09:45:58.7328041-07:00" testType="13cdc9d9-ddb5-4fa4-a97d-d965ccfc6d4b" outcome="Passed" testListId="8c84fa94-04c1-424b-9868-57a2d4851a1d" relativeResultsDirectory="e7f6d1a9-781d-4aa8-8daa-a66eac19e81b" />
    <UnitTestResult executionId="7866d932-1cda-4d44-9cce-57fcac50c617" testId="22ec8d73-0018-40d9-a307-31a8147cc7b9" testName="TFSTests.VersionControl.TfvcVersionControlPathUtilityTests getProjectRelativePathFromAbsolutePath_ThrowsIfPathIsNotFullPath" computerName="TFSBUILD11" duration="00:00:00.0150000" startTime="2015-09-28T09:45:58.7328041-07:00" endTime="2015-09-28T09:45:58.7328041-07:00" testType="13cdc9d9-ddb5-4fa4-a97d-d965ccfc6d4b" outcome="Passed" testListId="8c84fa94-04c1-424b-9868-57a2d4851a1d" relativeResultsDirectory="7866d932-1cda-4d44-9cce-57fcac50c617" />
    <UnitTestResult executionId="a23f6eb6-2398-40cc-99d5-ec831a1ed8b1" testId="9c35eb13-4445-41fc-91eb-b45d52587f8e" testName="TFSTests.VersionControl.TfvcVersionControlPathUtilityTests getProjectRelativePathFromAbsolutePath_ThrowsIfPathDoesNotHaveProjectName" computerName="TFSBUILD11" duration="00:00:00.0130000" startTime="2015-09-28T09:45:58.7328041-07:00" endTime="2015-09-28T09:45:58.7328041-07:00" testType="13cdc9d9-ddb5-4fa4-a97d-d965ccfc6d4b" outcome="Passed" testListId="8c84fa94-04c1-424b-9868-57a2d4851a1d" relativeResultsDirectory="a23f6eb6-2398-40cc-99d5-ec831a1ed8b1" />
    <UnitTestResult executionId="b5571eac-c766-4c54-80de-9aedee7e981b" testId="f1a04818-5b11-4b13-8839-bc78ebfeed1b" testName="TFSTests.VersionControl.TfvcVersionControlPathUtilityTests getProjectRelativePathFromAbsolutePath_ReturnsEmptyStringIfPathIsForAProjectRoot" computerName="TFSBUILD11" duration="00:00:00.0130000" startTime="2015-09-28T09:45:58.7338051-07:00" endTime="2015-09-28T09:45:58.7338051-07:00" testType="13cdc9d9-ddb5-4fa4-a97d-d965ccfc6d4b" outcome="Passed" testListId="8c84fa94-04c1-424b-9868-57a2d4851a1d" relativeResultsDirectory="b5571eac-c766-4c54-80de-9aedee7e981b" />
    <UnitTestResult executionId="47316802-a855-4138-9c45-5e6b5175d936" testId="b243db53-ad34-4cc1-b14f-e45a62e62878" testName="TFSTests.VersionControl.TfvcVersionControlPathUtilityTests getProjectRelativePathFromAbsolutePath_ReturnsProjectRelativePath" computerName="TFSBUILD11" duration="00:00:00.0140000" startTime="2015-09-28T09:45:58.7338051-07:00" endTime="2015-09-28T09:45:58.7338051-07:00" testType="13cdc9d9-ddb5-4fa4-a97d-d965ccfc6d4b" outcome="Passed" testListId="8c84fa94-04c1-424b-9868-57a2d4851a1d" relativeResultsDirectory="47316802-a855-4138-9c45-5e6b5175d936" />
    <UnitTestResult executionId="658e93aa-0a4a-495e-99d6-5a6ffd980197" testId="a3ca5526-fe6f-4220-93b1-00a910f055c1" testName="TFSTests.VersionControl.TfvcVersionControlPathUtilityTests combineReturnsRelativePathIfBasePathIsInvalid" computerName="TFSBUILD11" duration="00:00:00.0140000" startTime="2015-09-28T09:45:58.8619781-07:00" endTime="2015-09-28T09:45:58.8619781-07:00" testType="13cdc9d9-ddb5-4fa4-a97d-d965ccfc6d4b" outcome="Passed" testListId="8c84fa94-04c1-424b-9868-57a2d4851a1d" relativeResultsDirectory="658e93aa-0a4a-495e-99d6-5a6ffd980197" />
    <UnitTestResult executionId="d35ae02a-bcb0-4e0b-a7c9-9207a50f8035" testId="a3aa04d1-3402-4ab8-9eb3-79d7dbb8b23c" testName="TFSTests.VersionControl.TfvcVersionControlPathUtilityTests combineReturnsBasePathIfRelativePathIsInvalid" computerName="TFSBUILD11" duration="00:00:00.0140000" startTime="2015-09-28T09:45:58.8629785-07:00" endTime="2015-09-28T09:45:58.8629785-07:00" testType="13cdc9d9-ddb5-4fa4-a97d-d965ccfc6d4b" outcome="Passed" testListId="8c84fa94-04c1-424b-9868-57a2d4851a1d" relativeResultsDirectory="d35ae02a-bcb0-4e0b-a7c9-9207a50f8035" />
    <UnitTestResult executionId="3788bf51-8a74-406e-8549-a95934ef6096" testId="72602346-dce7-41f9-93b0-dd12813e79b6" testName="TFSTests.VersionControl.TfvcVersionControlPathUtilityTests combineReturnsSiblingNodeIfRelativePathIsFilename" computerName="TFSBUILD11" duration="00:00:00.0140000" startTime="2015-09-28T09:45:58.8629785-07:00" endTime="2015-09-28T09:45:58.8629785-07:00" testType="13cdc9d9-ddb5-4fa4-a97d-d965ccfc6d4b" outcome="Passed" testListId="8c84fa94-04c1-424b-9868-57a2d4851a1d" relativeResultsDirectory="3788bf51-8a74-406e-8549-a95934ef6096" />
    <UnitTestResult executionId="e043efb9-c239-4e69-9d05-8b75b7c466bf" testId="da2858d2-5a12-4908-8af1-66efbb100ad7" testName="TFSTests.VersionControl.TfvcVersionControlPathUtilityTests combineReturnsChildNodeIfRelativePathIsWithinDirectory" computerName="TFSBUILD11" duration="00:00:00.0150000" startTime="2015-09-28T09:45:58.8629785-07:00" endTime="2015-09-28T09:45:58.8629785-07:00" testType="13cdc9d9-ddb5-4fa4-a97d-d965ccfc6d4b" outcome="Passed" testListId="8c84fa94-04c1-424b-9868-57a2d4851a1d" relativeResultsDirectory="e043efb9-c239-4e69-9d05-8b75b7c466bf" />
    <UnitTestResult executionId="0db1f6fc-2f55-473f-9f50-9837d2bd8cd8" testId="34968db1-0d00-4696-ad4d-f5d8e84f75d8" testName="TFSTests.VersionControl.TfvcVersionControlPathUtilityTests combineReturnsParentNodeIfRelativePathIsInParentDirectory" computerName="TFSBUILD11" duration="00:00:00.0140000" startTime="2015-09-28T09:45:58.8629785-07:00" endTime="2015-09-28T09:45:58.8629785-07:00" testType="13cdc9d9-ddb5-4fa4-a97d-d965ccfc6d4b" outcome="Passed" testListId="8c84fa94-04c1-424b-9868-57a2d4851a1d" relativeResultsDirectory="0db1f6fc-2f55-473f-9f50-9837d2bd8cd8" />
    <UnitTestResult executionId="596a387a-56eb-4c2b-ae1d-afd79899f786" testId="7d85d7e3-8398-4bcb-b30c-2c78556c54c2" testName="TFSTests.VersionControl.TfvcVersionControlPathUtilityTests combineDoesNotGoBelowProjectRoot" computerName="TFSBUILD11" duration="00:00:00.0140000" startTime="2015-09-28T09:45:58.8629785-07:00" endTime="2015-09-28T09:45:58.8629785-07:00" testType="13cdc9d9-ddb5-4fa4-a97d-d965ccfc6d4b" outcome="Passed" testListId="8c84fa94-04c1-424b-9868-57a2d4851a1d" relativeResultsDirectory="596a387a-56eb-4c2b-ae1d-afd79899f786" />
    <UnitTestResult executionId="3367b97f-03e7-40f8-8a71-f0fb466dec4a" testId="05a4ab94-1771-42de-a26b-e8bd9f6dd272" testName="TFSTests.VersionControl.TfvcVersionControlPathUtilityTests combineReturnsCorrectlyIfRelativePathIsTfsAbsolutePath" computerName="TFSBUILD11" duration="00:00:00.0140000" startTime="2015-09-28T09:45:58.8629785-07:00" endTime="2015-09-28T09:45:58.8629785-07:00" testType="13cdc9d9-ddb5-4fa4-a97d-d965ccfc6d4b" outcome="Passed" testListId="8c84fa94-04c1-424b-9868-57a2d4851a1d" relativeResultsDirectory="3367b97f-03e7-40f8-8a71-f0fb466dec4a" />
    <UnitTestResult executionId="7cd4f13f-9a32-4838-bcde-efdef38e48a9" testId="085bec09-3ccb-462b-8548-5cc52a2dbb03" testName="TFSTests.VersionControl.TfvcVersionControlPathUtilityTests combineReturnsCorrectlyIfRelativePathIsTfsRelativePath" computerName="TFSBUILD11" duration="00:00:00.0140000" startTime="2015-09-28T09:45:58.8629785-07:00" endTime="2015-09-28T09:45:58.8629785-07:00" testType="13cdc9d9-ddb5-4fa4-a97d-d965ccfc6d4b" outcome="Passed" testListId="8c84fa94-04c1-424b-9868-57a2d4851a1d" relativeResultsDirectory="7cd4f13f-9a32-4838-bcde-efdef38e48a9" />
    <UnitTestResult executionId="6d0c29d9-4980-45d7-a832-1ab26314f810" testId="19544377-5265-49f0-84d5-1348ab77d5ce" testName="TFSTests.VersionControl.TfvcVersionControlPathUtilityTests combineReturnsCorrectlyIfRelativePathIsActuallyAbsolute" computerName="TFSBUILD11" duration="00:00:00.0140000" startTime="2015-09-28T09:45:58.8629785-07:00" endTime="2015-09-28T09:45:58.8629785-07:00" testType="13cdc9d9-ddb5-4fa4-a97d-d965ccfc6d4b" outcome="Passed" testListId="8c84fa94-04c1-424b-9868-57a2d4851a1d" relativeResultsDirectory="6d0c29d9-4980-45d7-a832-1ab26314f810" />
    <UnitTestResult executionId="fb777df2-346e-4486-ad7a-ce6c4d59b27e" testId="0efa2c03-5070-4f06-b559-983db3042e72" testName="TFSTests.VersionControl.CodeExplorerWikiLinkTransformerTests VerifyGetBrowserUriCallsGetCodeExplorerUrl" computerName="TFSBUILD11" duration="00:00:00.0150000" startTime="2015-09-28T09:45:58.9961182-07:00" endTime="2015-09-28T09:45:58.9961182-07:00" testType="13cdc9d9-ddb5-4fa4-a97d-d965ccfc6d4b" outcome="Passed" testListId="8c84fa94-04c1-424b-9868-57a2d4851a1d" relativeResultsDirectory="fb777df2-346e-4486-ad7a-ce6c4d59b27e" />
    <UnitTestResult executionId="30cf55e2-636c-4a5a-ba70-ef112f227d03" testId="ee73d623-9a47-4e45-81e9-a86314a1f6fc" testName="TFSTests.VersionControl.WikiLinkTransformerTests VerifyEmptyHrefIsNotTransformed" computerName="TFSBUILD11" duration="00:00:00.0150000" startTime="2015-09-28T09:45:58.9961182-07:00" endTime="2015-09-28T09:45:58.9961182-07:00" testType="13cdc9d9-ddb5-4fa4-a97d-d965ccfc6d4b" outcome="Passed" testListId="8c84fa94-04c1-424b-9868-57a2d4851a1d" relativeResultsDirectory="30cf55e2-636c-4a5a-ba70-ef112f227d03" />
    <UnitTestResult executionId="56711b98-7c6a-4cb4-b8c7-296fb0ed613e" testId="6faa93ab-3f6b-4bd5-9a74-639a8e4feb22" testName="TFSTests.VersionControl.WikiLinkTransformerTests VerifyUndefinedHrefIsNotTransformed" computerName="TFSBUILD11" duration="00:00:00.0140000" startTime="2015-09-28T09:45:58.9961182-07:00" endTime="2015-09-28T09:45:58.9961182-07:00" testType="13cdc9d9-ddb5-4fa4-a97d-d965ccfc6d4b" outcome="Passed" testListId="8c84fa94-04c1-424b-9868-57a2d4851a1d" relativeResultsDirectory="56711b98-7c6a-4cb4-b8c7-296fb0ed613e" />
    <UnitTestResult executionId="ac966df7-a42f-4ae3-811e-40f504df1333" testId="08040de0-a2ad-44a3-af04-adcdb1e3cfab" testName="TFSTests.VersionControl.WikiLinkTransformerTests VerifyExternalAbsoluteLinkHrefIsNotTransformed" computerName="TFSBUILD11" duration="00:00:00.0150000" startTime="2015-09-28T09:45:58.9961182-07:00" endTime="2015-09-28T09:45:58.9961182-07:00" testType="13cdc9d9-ddb5-4fa4-a97d-d965ccfc6d4b" outcome="Passed" testListId="8c84fa94-04c1-424b-9868-57a2d4851a1d" relativeResultsDirectory="ac966df7-a42f-4ae3-811e-40f504df1333" />
    <UnitTestResult executionId="03a54ee2-974e-4458-a910-af1e768afd53" testId="2fd67bd1-6c6c-479c-9a57-709832cd5d01" testName="TFSTests.VersionControl.WikiLinkTransformerTests VerifyFilePathIsMappedCorrectlyForGitProjects" computerName="TFSBUILD11" duration="00:00:00.0160000" startTime="2015-09-28T09:45:58.9961182-07:00" endTime="2015-09-28T09:45:58.9961182-07:00" testType="13cdc9d9-ddb5-4fa4-a97d-d965ccfc6d4b" outcome="Passed" testListId="8c84fa94-04c1-424b-9868-57a2d4851a1d" relativeResultsDirectory="03a54ee2-974e-4458-a910-af1e768afd53" />
    <UnitTestResult executionId="2f7aa581-6b0c-410d-9432-fbb3d8dd114e" testId="a494f2fd-792a-437b-9dba-7c3194fd6164" testName="TFSTests.VersionControl.WikiLinkTransformerTests VerifyRootedFilePathIsMappedCorrectlyForGitProjects" computerName="TFSBUILD11" duration="00:00:00.0140000" startTime="2015-09-28T09:45:58.9961182-07:00" endTime="2015-09-28T09:45:58.9961182-07:00" testType="13cdc9d9-ddb5-4fa4-a97d-d965ccfc6d4b" outcome="Passed" testListId="8c84fa94-04c1-424b-9868-57a2d4851a1d" relativeResultsDirectory="2f7aa581-6b0c-410d-9432-fbb3d8dd114e" />
    <UnitTestResult executionId="c67617fd-4c6e-48a9-a528-f02258497ec5" testId="8c3cbafe-276d-4187-93d2-245addcd7e0e" testName="TFSTests.VersionControl.WikiLinkTransformerTests VerifyPathContainingEllipsisIsMappedCorrectlyForGitProjects" computerName="TFSBUILD11" duration="00:00:00.0140000" startTime="2015-09-28T09:45:58.9971178-07:00" endTime="2015-09-28T09:45:58.9971178-07:00" testType="13cdc9d9-ddb5-4fa4-a97d-d965ccfc6d4b" outcome="Passed" testListId="8c84fa94-04c1-424b-9868-57a2d4851a1d" relativeResultsDirectory="c67617fd-4c6e-48a9-a528-f02258497ec5" />
    <UnitTestResult executionId="6dad8f96-6371-4807-8ea4-e7f62b8977cb" testId="868448d3-5c77-4e32-8bb8-8d285203a5d4" testName="TFSTests.VersionControl.WikiLinkTransformerTests VerifyPathContainingPeriodIsMappedCorrectlyForGitProjects" computerName="TFSBUILD11" duration="00:00:00.0140000" startTime="2015-09-28T09:45:58.9971178-07:00" endTime="2015-09-28T09:45:58.9971178-07:00" testType="13cdc9d9-ddb5-4fa4-a97d-d965ccfc6d4b" outcome="Passed" testListId="8c84fa94-04c1-424b-9868-57a2d4851a1d" relativeResultsDirectory="6dad8f96-6371-4807-8ea4-e7f62b8977cb" />
    <UnitTestResult executionId="49cb0e4a-80ee-43cb-ab9f-73de1166313f" testId="6b010106-77b2-41ad-870a-f329f8609ca1" testName="TFSTests.VersionControl.WikiLinkTransformerTests VerifyFolderRelativePathIsMappedCorrectlyForGitProjects" computerName="TFSBUILD11" duration="00:00:00.0140000" startTime="2015-09-28T09:45:58.9971178-07:00" endTime="2015-09-28T09:45:58.9971178-07:00" testType="13cdc9d9-ddb5-4fa4-a97d-d965ccfc6d4b" outcome="Passed" testListId="8c84fa94-04c1-424b-9868-57a2d4851a1d" relativeResultsDirectory="49cb0e4a-80ee-43cb-ab9f-73de1166313f" />
    <UnitTestResult executionId="03abadca-4d8f-45b3-829e-a769a927935c" testId="65a5240e-080b-4de6-9170-43a8f72b0854" testName="TFSTests.VersionControl.WikiLinkTransformerTests VerifyTfsStylePathIsMappedCorrectlyForGitProjects" computerName="TFSBUILD11" duration="00:00:00.0150000" startTime="2015-09-28T09:45:59.1295678-07:00" endTime="2015-09-28T09:45:59.1295678-07:00" testType="13cdc9d9-ddb5-4fa4-a97d-d965ccfc6d4b" outcome="Passed" testListId="8c84fa94-04c1-424b-9868-57a2d4851a1d" relativeResultsDirectory="03abadca-4d8f-45b3-829e-a769a927935c" />
    <UnitTestResult executionId="ad94f65b-1f67-48b9-a0d0-0a44c1d94706" testId="125eb395-c36f-4a3a-a210-4fecaff8c821" testName="TFSTests.VersionControl.WikiLinkTransformerTests VerifyFilePathIsMappedCorrectlyForTfsProjects" computerName="TFSBUILD11" duration="00:00:00.0140000" startTime="2015-09-28T09:45:59.1295678-07:00" endTime="2015-09-28T09:45:59.1295678-07:00" testType="13cdc9d9-ddb5-4fa4-a97d-d965ccfc6d4b" outcome="Passed" testListId="8c84fa94-04c1-424b-9868-57a2d4851a1d" relativeResultsDirectory="ad94f65b-1f67-48b9-a0d0-0a44c1d94706" />
    <UnitTestResult executionId="a72438b7-f4a2-4ad9-b9e5-f286a0ab6c5c" testId="2b544690-6eee-4a86-8cdf-c3f301af8735" testName="TFSTests.VersionControl.WikiLinkTransformerTests VerifyRootedFilePathIsMappedCorrectlyForTfsProjects" computerName="TFSBUILD11" duration="00:00:00.0140000" startTime="2015-09-28T09:45:59.1295678-07:00" endTime="2015-09-28T09:45:59.1295678-07:00" testType="13cdc9d9-ddb5-4fa4-a97d-d965ccfc6d4b" outcome="Passed" testListId="8c84fa94-04c1-424b-9868-57a2d4851a1d" relativeResultsDirectory="a72438b7-f4a2-4ad9-b9e5-f286a0ab6c5c" />
    <UnitTestResult executionId="00658bf2-aaae-4ecc-bbd6-af6af6519fce" testId="433f20e0-1081-4395-b324-6d50489611b4" testName="TFSTests.VersionControl.WikiLinkTransformerTests VerifyPathContainingEllipsisIsMappedCorrectlyForTfsProjects" computerName="TFSBUILD11" duration="00:00:00.0140000" startTime="2015-09-28T09:45:59.1295678-07:00" endTime="2015-09-28T09:45:59.1295678-07:00" testType="13cdc9d9-ddb5-4fa4-a97d-d965ccfc6d4b" outcome="Passed" testListId="8c84fa94-04c1-424b-9868-57a2d4851a1d" relativeResultsDirectory="00658bf2-aaae-4ecc-bbd6-af6af6519fce" />
    <UnitTestResult executionId="36f30c9c-a9c8-4c29-92ab-32b4e4650113" testId="ca97dd42-8221-493c-b7e7-8f62a8cbc264" testName="TFSTests.VersionControl.WikiLinkTransformerTests VerifyPathContainingPeriodIsMappedCorrectlyForTfsProjects" computerName="TFSBUILD11" duration="00:00:00.0140000" startTime="2015-09-28T09:45:59.1295678-07:00" endTime="2015-09-28T09:45:59.1295678-07:00" testType="13cdc9d9-ddb5-4fa4-a97d-d965ccfc6d4b" outcome="Passed" testListId="8c84fa94-04c1-424b-9868-57a2d4851a1d" relativeResultsDirectory="36f30c9c-a9c8-4c29-92ab-32b4e4650113" />
    <UnitTestResult executionId="04d74eaa-1e49-43a1-af21-507d28e59093" testId="f627c855-17ef-43ed-96cf-03d5c6834148" testName="TFSTests.VersionControl.WikiLinkTransformerTests VerifyFolderRelativePathIsMappedCorrectlyForTfsProjects" computerName="TFSBUILD11" duration="00:00:00.0140000" startTime="2015-09-28T09:45:59.1295678-07:00" endTime="2015-09-28T09:45:59.1295678-07:00" testType="13cdc9d9-ddb5-4fa4-a97d-d965ccfc6d4b" outcome="Passed" testListId="8c84fa94-04c1-424b-9868-57a2d4851a1d" relativeResultsDirectory="04d74eaa-1e49-43a1-af21-507d28e59093" />
    <UnitTestResult executionId="08b0d967-b4f4-4688-aa8b-f34b566c9f91" testId="120cadd1-2535-4e4a-b695-7986512bbbf0" testName="TFSTests.VersionControl.WikiLinkTransformerTests VerifyTfsStylePathIsMappedCorrectlyForTfsProjects" computerName="TFSBUILD11" duration="00:00:00.0150000" startTime="2015-09-28T09:45:59.1295678-07:00" endTime="2015-09-28T09:45:59.1295678-07:00" testType="13cdc9d9-ddb5-4fa4-a97d-d965ccfc6d4b" outcome="Passed" testListId="8c84fa94-04c1-424b-9868-57a2d4851a1d" relativeResultsDirectory="08b0d967-b4f4-4688-aa8b-f34b566c9f91" />
    <UnitTestResult executionId="e73f5c8c-05c7-4487-94ad-25234c84df01" testId="4d6bbd15-54e8-4459-8e3f-a0107272da15" testName="TFSTests.VersionControl.WikiLinkTransformerTests VerifyFragmentOnlyPathIsMappedCorrectlyForTfsProjects" computerName="TFSBUILD11" duration="00:00:00.0150000" startTime="2015-09-28T09:45:59.1305679-07:00" endTime="2015-09-28T09:45:59.1305679-07:00" testType="13cdc9d9-ddb5-4fa4-a97d-d965ccfc6d4b" outcome="Passed" testListId="8c84fa94-04c1-424b-9868-57a2d4851a1d" relativeResultsDirectory="e73f5c8c-05c7-4487-94ad-25234c84df01" />
    <UnitTestResult executionId="e2ab6daf-3479-464b-a67a-633b20b978e2" testId="640804cc-f784-43c0-914e-9eca310cda8a" testName="TFSTests.VersionControl.WikiLinkTransformerTests VerifyFragmentOnlyPathIsMappedCorrectlyForGitProjects" computerName="TFSBUILD11" duration="00:00:00.0150000" startTime="2015-09-28T09:45:59.1305679-07:00" endTime="2015-09-28T09:45:59.1305679-07:00" testType="13cdc9d9-ddb5-4fa4-a97d-d965ccfc6d4b" outcome="Passed" testListId="8c84fa94-04c1-424b-9868-57a2d4851a1d" relativeResultsDirectory="e2ab6daf-3479-464b-a67a-633b20b978e2" />
    <UnitTestResult executionId="1aec092f-757e-460b-b23c-1aa727c3b326" testId="9560db62-8579-4764-b989-7e02a46730ca" testName="TFSTests.VersionControl.WikiLinkTransformerTests VerifyPathWithFragmentIsMappedCorrectlyForTfsProjects" computerName="TFSBUILD11" duration="00:00:00.0140000" startTime="2015-09-28T09:45:59.2654893-07:00" endTime="2015-09-28T09:45:59.2654893-07:00" testType="13cdc9d9-ddb5-4fa4-a97d-d965ccfc6d4b" outcome="Passed" testListId="8c84fa94-04c1-424b-9868-57a2d4851a1d" relativeResultsDirectory="1aec092f-757e-460b-b23c-1aa727c3b326" />
    <UnitTestResult executionId="e9585946-ddc8-42d7-8f2a-cc0dbb55ab73" testId="faae4941-e7d6-463a-a4c7-5d1deacdddea" testName="TFSTests.VersionControl.WikiLinkTransformerTests VerifyPathWithFragmentIsMappedCorrectlyForGitProjects" computerName="TFSBUILD11" duration="00:00:00.0140000" startTime="2015-09-28T09:45:59.2654893-07:00" endTime="2015-09-28T09:45:59.2654893-07:00" testType="13cdc9d9-ddb5-4fa4-a97d-d965ccfc6d4b" outcome="Passed" testListId="8c84fa94-04c1-424b-9868-57a2d4851a1d" relativeResultsDirectory="e9585946-ddc8-42d7-8f2a-cc0dbb55ab73" />
    <UnitTestResult executionId="25e65839-9a26-400f-80d1-9553612127c2" testId="be254b8d-006d-4cef-ae73-b698eed0734e" testName="TFSTests.VersionControl.WikiLinkTransformerTests VerifyGetCodeExplorerUrlForTfsProjects" computerName="TFSBUILD11" duration="00:00:00.0160000" startTime="2015-09-28T09:45:59.2654893-07:00" endTime="2015-09-28T09:45:59.2654893-07:00" testType="13cdc9d9-ddb5-4fa4-a97d-d965ccfc6d4b" outcome="Passed" testListId="8c84fa94-04c1-424b-9868-57a2d4851a1d" relativeResultsDirectory="25e65839-9a26-400f-80d1-9553612127c2" />
    <UnitTestResult executionId="3bf82462-8b35-40d7-b835-22e2081cc377" testId="cacf441f-fc26-478d-8797-3b29581439fd" testName="TFSTests.VersionControl.WikiLinkTransformerTests VerifyGetCodeExplorerUrlForGitProjects" computerName="TFSBUILD11" duration="00:00:00.0150000" startTime="2015-09-28T09:45:59.2654893-07:00" endTime="2015-09-28T09:45:59.2654893-07:00" testType="13cdc9d9-ddb5-4fa4-a97d-d965ccfc6d4b" outcome="Passed" testListId="8c84fa94-04c1-424b-9868-57a2d4851a1d" relativeResultsDirectory="3bf82462-8b35-40d7-b835-22e2081cc377" />
    <UnitTestResult executionId="8215f592-81c7-4499-83d5-7f9f18660002" testId="3c9c4151-19ad-48f0-bda3-ff966f5cea0c" testName="TFSTests.VersionControl.WikiLinkTransformerTests VerifyGetCodeExplorerUrlSetsCreateIfNewToTrueForMarkdownFiles" computerName="TFSBUILD11" duration="00:00:00.0150000" startTime="2015-09-28T09:45:59.2654893-07:00" endTime="2015-09-28T09:45:59.2654893-07:00" testType="13cdc9d9-ddb5-4fa4-a97d-d965ccfc6d4b" outcome="Passed" testListId="8c84fa94-04c1-424b-9868-57a2d4851a1d" relativeResultsDirectory="8215f592-81c7-4499-83d5-7f9f18660002" />
    <UnitTestResult executionId="d0cb9846-e9f9-40ca-b2d9-3f66b56fce0d" testId="a0103d39-8052-491e-a582-d4067bd8f41e" testName="TFSTests.VersionControl.WikiLinkTransformerTests VerifyGetCodeExplorerUrlDoesNotSetCreateIfNewForNonMarkdownFiles" computerName="TFSBUILD11" duration="00:00:00.0150000" startTime="2015-09-28T09:45:59.2654893-07:00" endTime="2015-09-28T09:45:59.2654893-07:00" testType="13cdc9d9-ddb5-4fa4-a97d-d965ccfc6d4b" outcome="Passed" testListId="8c84fa94-04c1-424b-9868-57a2d4851a1d" relativeResultsDirectory="d0cb9846-e9f9-40ca-b2d9-3f66b56fce0d" />
    <UnitTestResult executionId="a6958749-1472-4623-9c4a-3eb97adc03bf" testId="ced51270-b8d7-4b70-b043-17e9965d5ac2" testName="TFSTests.VersionControl.WikiLinkTransformerTests VerifySpecialCharactersInPathAndAnchorNameArePreservedAndDecoded" computerName="TFSBUILD11" duration="00:00:00.0150000" startTime="2015-09-28T09:45:59.2654893-07:00" endTime="2015-09-28T09:45:59.2654893-07:00" testType="13cdc9d9-ddb5-4fa4-a97d-d965ccfc6d4b" outcome="Passed" testListId="8c84fa94-04c1-424b-9868-57a2d4851a1d" relativeResultsDirectory="a6958749-1472-4623-9c4a-3eb97adc03bf" />
    <UnitTestResult executionId="b187a4b6-f900-4a49-9201-a3768cea9f79" testId="35bdaa1b-7dc8-4233-b4c1-e3d14e8571b6" testName="TFSTests.VersionControl.Controls.RepositoryCommonActionsBaseControl VerifyBaseReposiotryActionControlCreatesElements" computerName="TFSBUILD11" duration="00:00:00.0160000" startTime="2015-09-28T09:45:59.2654893-07:00" endTime="2015-09-28T09:45:59.2654893-07:00" testType="13cdc9d9-ddb5-4fa4-a97d-d965ccfc6d4b" outcome="Passed" testListId="8c84fa94-04c1-424b-9868-57a2d4851a1d" relativeResultsDirectory="b187a4b6-f900-4a49-9201-a3768cea9f79" />
    <UnitTestResult executionId="8997879c-7ca7-46f3-b8bb-3971901983f6" testId="e81e88d0-faf9-42c0-821f-9acc91785db9" testName="TFSTests.VersionControl.Controls.RepositoryCommonActionsBaseControl VerifyBaseReposiotryActionDoesNotCreateTitleElement" computerName="TFSBUILD11" duration="00:00:00.0140000" startTime="2015-09-28T09:45:59.2654893-07:00" endTime="2015-09-28T09:45:59.2654893-07:00" testType="13cdc9d9-ddb5-4fa4-a97d-d965ccfc6d4b" outcome="Passed" testListId="8c84fa94-04c1-424b-9868-57a2d4851a1d" relativeResultsDirectory="8997879c-7ca7-46f3-b8bb-3971901983f6" />
    <UnitTestResult executionId="76624e73-69a0-4b35-b233-027481e3aa7a" testId="d7fff878-2698-4595-82ec-baf35dfdcc7e" testName="TFSTests.VersionControl.Controls.RepositoryCommonActionsBaseControl VerifyBaseReposiotryActionDoesNotCreateContentElement" computerName="TFSBUILD11" duration="00:00:00.0150000" startTime="2015-09-28T09:45:59.4125084-07:00" endTime="2015-09-28T09:45:59.4125084-07:00" testType="13cdc9d9-ddb5-4fa4-a97d-d965ccfc6d4b" outcome="Passed" testListId="8c84fa94-04c1-424b-9868-57a2d4851a1d" relativeResultsDirectory="76624e73-69a0-4b35-b233-027481e3aa7a" />
    <UnitTestResult executionId="2cb77c7b-0b6e-45ec-8e87-d4687be420bc" testId="5686b635-45f0-4ddd-b516-52d992c76e71" testName="TFSTests.VersionControl.Controls.RepositoryCommonActionsOpenInVSReposiotryActionControl VerifyOpenInVSReposiotryActionControlCreatesInputElement" computerName="TFSBUILD11" duration="00:00:00.0160000" startTime="2015-09-28T09:45:59.4125084-07:00" endTime="2015-09-28T09:45:59.4125084-07:00" testType="13cdc9d9-ddb5-4fa4-a97d-d965ccfc6d4b" outcome="Passed" testListId="8c84fa94-04c1-424b-9868-57a2d4851a1d" relativeResultsDirectory="2cb77c7b-0b6e-45ec-8e87-d4687be420bc" />
    <UnitTestResult executionId="25c0e843-ce4d-4903-abda-3858b6b4d7b8" testId="07a3f150-015b-47bb-a5d4-c61404f4d465" testName="TFSTests.VersionControl.Controls.RepositoryCommonActionsCloneRepositoryActionControl VerifyCloneRepositoryActionControlCreatesCloneBox" computerName="TFSBUILD11" duration="00:00:00.0150000" startTime="2015-09-28T09:45:59.4125084-07:00" endTime="2015-09-28T09:45:59.4125084-07:00" testType="13cdc9d9-ddb5-4fa4-a97d-d965ccfc6d4b" outcome="Passed" testListId="8c84fa94-04c1-424b-9868-57a2d4851a1d" relativeResultsDirectory="25c0e843-ce4d-4903-abda-3858b6b4d7b8" />
    <UnitTestResult executionId="ef63270e-8c4e-4373-ad88-456250ccff96" testId="f9acf32e-4d20-4e63-bbf2-d6237a94aa30" testName="TFSTests.VersionControl.Controls.RepositoryCommonActionsAddFilesActionControl VerifyAddFilesActionControlCreatesAddFilesElement" computerName="TFSBUILD11" duration="00:00:00.0150000" startTime="2015-09-28T09:45:59.4125084-07:00" endTime="2015-09-28T09:45:59.4125084-07:00" testType="13cdc9d9-ddb5-4fa4-a97d-d965ccfc6d4b" outcome="Passed" testListId="8c84fa94-04c1-424b-9868-57a2d4851a1d" relativeResultsDirectory="ef63270e-8c4e-4373-ad88-456250ccff96" />
    <UnitTestResult executionId="90af6b0a-20d9-4242-a362-19adc91d79aa" testId="1a6717ce-a19e-4f5e-8ffd-0366812f2168" testName="TFSTests.VersionControl.Controls.RepositoryCommonActionsBar VerifyOpenInVSReposiotryActionControlIsBuilt" computerName="TFSBUILD11" duration="00:00:00.0200000" startTime="2015-09-28T09:45:59.4125084-07:00" endTime="2015-09-28T09:45:59.4125084-07:00" testType="13cdc9d9-ddb5-4fa4-a97d-d965ccfc6d4b" outcome="Passed" testListId="8c84fa94-04c1-424b-9868-57a2d4851a1d" relativeResultsDirectory="90af6b0a-20d9-4242-a362-19adc91d79aa" />
    <UnitTestResult executionId="a472f31f-f2d3-4bd0-8e4d-14eb6f575547" testId="1b4f5330-90a7-4a1f-85af-ee5e04fd4afe" testName="TFSTests.VersionControl.Controls.RepositoryCommonActionsBar VerifyCloneRepositoryActionControlIsBuilt" computerName="TFSBUILD11" duration="00:00:00.0180000" startTime="2015-09-28T09:45:59.4125084-07:00" endTime="2015-09-28T09:45:59.4125084-07:00" testType="13cdc9d9-ddb5-4fa4-a97d-d965ccfc6d4b" outcome="Passed" testListId="8c84fa94-04c1-424b-9868-57a2d4851a1d" relativeResultsDirectory="a472f31f-f2d3-4bd0-8e4d-14eb6f575547" />
    <UnitTestResult executionId="92394aa3-f62f-475c-90b8-e14cf13ca425" testId="0ecc1111-96ca-41c0-824d-3b287c5b4812" testName="TFSTests.VersionControl.Controls.RepositoryCommonActionsBar VerifyAddFilesActionControlIsBuilt" computerName="TFSBUILD11" duration="00:00:00.0170000" startTime="2015-09-28T09:45:59.4125084-07:00" endTime="2015-09-28T09:45:59.4125084-07:00" testType="13cdc9d9-ddb5-4fa4-a97d-d965ccfc6d4b" outcome="Passed" testListId="8c84fa94-04c1-424b-9868-57a2d4851a1d" relativeResultsDirectory="92394aa3-f62f-475c-90b8-e14cf13ca425" />
    <UnitTestResult executionId="366187c1-b3ba-45ec-ac15-39d6be411ec0" testId="444758d1-1091-45e8-88b0-601e72c90af6" testName="TFSTests.VersionControl.MarkdownRenderingTests VerifyEmptyHrefIsNotTransformed" computerName="TFSBUILD11" duration="00:00:00.0150000" startTime="2015-09-28T09:45:59.4125084-07:00" endTime="2015-09-28T09:45:59.4125084-07:00" testType="13cdc9d9-ddb5-4fa4-a97d-d965ccfc6d4b" outcome="Passed" testListId="8c84fa94-04c1-424b-9868-57a2d4851a1d" relativeResultsDirectory="366187c1-b3ba-45ec-ac15-39d6be411ec0" />
    <UnitTestResult executionId="fee754ed-4181-4a52-9db4-8002eaf6c4d2" testId="a62bb039-0f86-4576-bb78-7a587b615616" testName="TFSTests.VersionControl.MarkdownRenderingTests VerifyExternalAbsoluteLinkHrefIsNotTransformed" computerName="TFSBUILD11" duration="00:00:00.0140000" startTime="2015-09-28T09:45:59.4125084-07:00" endTime="2015-09-28T09:45:59.4125084-07:00" testType="13cdc9d9-ddb5-4fa4-a97d-d965ccfc6d4b" outcome="Passed" testListId="8c84fa94-04c1-424b-9868-57a2d4851a1d" relativeResultsDirectory="fee754ed-4181-4a52-9db4-8002eaf6c4d2" />
    <UnitTestResult executionId="c18cba26-117b-4d12-9f61-b54d892f9c4e" testId="08410c1a-ebcb-4cee-9d7e-ada3e8c34851" testName="TFSTests.VersionControl.MarkdownRenderingTests VerifyFilePathIsMappedCorrectlyForGitProjects" computerName="TFSBUILD11" duration="00:00:00.0150000" startTime="2015-09-28T09:45:59.5476231-07:00" endTime="2015-09-28T09:45:59.5476231-07:00" testType="13cdc9d9-ddb5-4fa4-a97d-d965ccfc6d4b" outcome="Passed" testListId="8c84fa94-04c1-424b-9868-57a2d4851a1d" relativeResultsDirectory="c18cba26-117b-4d12-9f61-b54d892f9c4e" />
    <UnitTestResult executionId="9350280f-ada4-4f24-a695-480a25ef0b0f" testId="7879d780-0d39-4cfb-857e-9181761af18b" testName="TFSTests.VersionControl.MarkdownRenderingTests VerifyRootedFilePathIsMappedCorrectlyForGitProjects" computerName="TFSBUILD11" duration="00:00:00.0150000" startTime="2015-09-28T09:45:59.5476231-07:00" endTime="2015-09-28T09:45:59.5476231-07:00" testType="13cdc9d9-ddb5-4fa4-a97d-d965ccfc6d4b" outcome="Passed" testListId="8c84fa94-04c1-424b-9868-57a2d4851a1d" relativeResultsDirectory="9350280f-ada4-4f24-a695-480a25ef0b0f" />
    <UnitTestResult executionId="b6bd0fea-a4c8-4088-ab01-33688693256e" testId="f78bef0b-bcfd-4b7e-8658-1f36aac2243f" testName="TFSTests.VersionControl.MarkdownRenderingTests VerifyPathContainingEllipsisIsMappedCorrectlyForGitProjects" computerName="TFSBUILD11" duration="00:00:00.0150000" startTime="2015-09-28T09:45:59.5476231-07:00" endTime="2015-09-28T09:45:59.5476231-07:00" testType="13cdc9d9-ddb5-4fa4-a97d-d965ccfc6d4b" outcome="Passed" testListId="8c84fa94-04c1-424b-9868-57a2d4851a1d" relativeResultsDirectory="b6bd0fea-a4c8-4088-ab01-33688693256e" />
    <UnitTestResult executionId="a5b52c7b-33b3-478f-9cc1-36e1ca6cb3e4" testId="7a49adb3-0946-4ad3-a906-8fcd3af07620" testName="TFSTests.VersionControl.MarkdownRenderingTests VerifyPathContainingPeriodIsMappedCorrectlyForGitProjects" computerName="TFSBUILD11" duration="00:00:00.0150000" startTime="2015-09-28T09:45:59.5476231-07:00" endTime="2015-09-28T09:45:59.5476231-07:00" testType="13cdc9d9-ddb5-4fa4-a97d-d965ccfc6d4b" outcome="Passed" testListId="8c84fa94-04c1-424b-9868-57a2d4851a1d" relativeResultsDirectory="a5b52c7b-33b3-478f-9cc1-36e1ca6cb3e4" />
    <UnitTestResult executionId="c6fa2436-cd0f-4ddb-b5e2-afba9c7134df" testId="a145c755-afd5-47b4-96b0-e9edbabe7ca2" testName="TFSTests.VersionControl.MarkdownRenderingTests VerifyFolderRelativePathIsMappedCorrectlyForGitProjects" computerName="TFSBUILD11" duration="00:00:00.0140000" startTime="2015-09-28T09:45:59.5476231-07:00" endTime="2015-09-28T09:45:59.5476231-07:00" testType="13cdc9d9-ddb5-4fa4-a97d-d965ccfc6d4b" outcome="Passed" testListId="8c84fa94-04c1-424b-9868-57a2d4851a1d" relativeResultsDirectory="c6fa2436-cd0f-4ddb-b5e2-afba9c7134df" />
    <UnitTestResult executionId="7b1fbd88-f39f-4f3d-a154-f61e852da561" testId="a87e6608-bad1-40bb-960d-664fccedad1b" testName="TFSTests.VersionControl.MarkdownRenderingTests VerifyTfsStylePathIsMappedCorrectlyForGitProjects" computerName="TFSBUILD11" duration="00:00:00.0150000" startTime="2015-09-28T09:45:59.5476231-07:00" endTime="2015-09-28T09:45:59.5476231-07:00" testType="13cdc9d9-ddb5-4fa4-a97d-d965ccfc6d4b" outcome="Passed" testListId="8c84fa94-04c1-424b-9868-57a2d4851a1d" relativeResultsDirectory="7b1fbd88-f39f-4f3d-a154-f61e852da561" />
    <UnitTestResult executionId="85c809f5-eba1-403f-bb85-fa664075f4dc" testId="c7527c78-bad1-4c7b-bbf8-cef896a3d9d3" testName="TFSTests.VersionControl.MarkdownRenderingTests VerifyFilePathIsMappedCorrectlyForTfsProjects" computerName="TFSBUILD11" duration="00:00:00.0150000" startTime="2015-09-28T09:45:59.5486235-07:00" endTime="2015-09-28T09:45:59.5486235-07:00" testType="13cdc9d9-ddb5-4fa4-a97d-d965ccfc6d4b" outcome="Passed" testListId="8c84fa94-04c1-424b-9868-57a2d4851a1d" relativeResultsDirectory="85c809f5-eba1-403f-bb85-fa664075f4dc" />
    <UnitTestResult executionId="e9adc4a1-bdc0-4f08-863d-262755ec55cc" testId="8205ca48-e4dc-476d-9fc8-70db53f32b72" testName="TFSTests.VersionControl.MarkdownRenderingTests VerifyRootedFilePathIsMappedCorrectlyForTfsProjects" computerName="TFSBUILD11" duration="00:00:00.0150000" startTime="2015-09-28T09:45:59.5486235-07:00" endTime="2015-09-28T09:45:59.5486235-07:00" testType="13cdc9d9-ddb5-4fa4-a97d-d965ccfc6d4b" outcome="Passed" testListId="8c84fa94-04c1-424b-9868-57a2d4851a1d" relativeResultsDirectory="e9adc4a1-bdc0-4f08-863d-262755ec55cc" />
    <UnitTestResult executionId="e6aaa575-9715-46f8-b29c-aaa0c9d94b6d" testId="df9da945-0fdf-413b-ae3a-0496a32e2528" testName="TFSTests.VersionControl.MarkdownRenderingTests VerifyPathContainingEllipsisIsMappedCorrectlyForTfsProjects" computerName="TFSBUILD11" duration="00:00:00.0140000" startTime="2015-09-28T09:45:59.5486235-07:00" endTime="2015-09-28T09:45:59.5486235-07:00" testType="13cdc9d9-ddb5-4fa4-a97d-d965ccfc6d4b" outcome="Passed" testListId="8c84fa94-04c1-424b-9868-57a2d4851a1d" relativeResultsDirectory="e6aaa575-9715-46f8-b29c-aaa0c9d94b6d" />
    <UnitTestResult executionId="0d6c525b-9d29-4dad-88a3-31ab99cde6fc" testId="cccdf96f-1f3e-4ad8-96a0-6a83e3bb89ea" testName="TFSTests.VersionControl.MarkdownRenderingTests VerifyPathContainingPeriodIsMappedCorrectlyForTfsProjects" computerName="TFSBUILD11" duration="00:00:00.0150000" startTime="2015-09-28T09:45:59.6852946-07:00" endTime="2015-09-28T09:45:59.6852946-07:00" testType="13cdc9d9-ddb5-4fa4-a97d-d965ccfc6d4b" outcome="Passed" testListId="8c84fa94-04c1-424b-9868-57a2d4851a1d" relativeResultsDirectory="0d6c525b-9d29-4dad-88a3-31ab99cde6fc" />
    <UnitTestResult executionId="0004f2d7-6034-4769-9ff8-e41b173888cd" testId="7036321c-01f6-41ca-9618-8bd9fd808380" testName="TFSTests.VersionControl.MarkdownRenderingTests VerifyFolderRelativePathIsMappedCorrectlyForTfsProjects" computerName="TFSBUILD11" duration="00:00:00.0150000" startTime="2015-09-28T09:45:59.6852946-07:00" endTime="2015-09-28T09:45:59.6852946-07:00" testType="13cdc9d9-ddb5-4fa4-a97d-d965ccfc6d4b" outcome="Passed" testListId="8c84fa94-04c1-424b-9868-57a2d4851a1d" relativeResultsDirectory="0004f2d7-6034-4769-9ff8-e41b173888cd" />
    <UnitTestResult executionId="0c6d0a01-e245-46c2-a687-66cdbb8a8a41" testId="78bb1338-a792-4bfa-b6e0-8215353a4ae7" testName="TFSTests.VersionControl.MarkdownRenderingTests VerifyTfsStylePathIsMappedCorrectlyForTfsProjects" computerName="TFSBUILD11" duration="00:00:00.0150000" startTime="2015-09-28T09:45:59.6852946-07:00" endTime="2015-09-28T09:45:59.6852946-07:00" testType="13cdc9d9-ddb5-4fa4-a97d-d965ccfc6d4b" outcome="Passed" testListId="8c84fa94-04c1-424b-9868-57a2d4851a1d" relativeResultsDirectory="0c6d0a01-e245-46c2-a687-66cdbb8a8a41" />
    <UnitTestResult executionId="9268b48b-92f6-4dc9-8f10-d4e447c39f8f" testId="a84f252b-7852-4c36-af0b-5d0525fbe390" testName="TFSTests.VersionControl.MarkdownRenderingTests VerifyEmptyImagePathIsNotTransformed" computerName="TFSBUILD11" duration="00:00:00.0150000" startTime="2015-09-28T09:45:59.6862950-07:00" endTime="2015-09-28T09:45:59.6862950-07:00" testType="13cdc9d9-ddb5-4fa4-a97d-d965ccfc6d4b" outcome="Passed" testListId="8c84fa94-04c1-424b-9868-57a2d4851a1d" relativeResultsDirectory="9268b48b-92f6-4dc9-8f10-d4e447c39f8f" />
    <UnitTestResult executionId="746a113e-9bc6-4e5d-864c-598305f87a39" testId="23bb7a80-cc45-4307-b139-c0e723434d68" testName="TFSTests.VersionControl.MarkdownRenderingTests VerifyExternalAbsoluteImagePathIsNotTransformed" computerName="TFSBUILD11" duration="00:00:00.0150000" startTime="2015-09-28T09:45:59.6862950-07:00" endTime="2015-09-28T09:45:59.6862950-07:00" testType="13cdc9d9-ddb5-4fa4-a97d-d965ccfc6d4b" outcome="Passed" testListId="8c84fa94-04c1-424b-9868-57a2d4851a1d" relativeResultsDirectory="746a113e-9bc6-4e5d-864c-598305f87a39" />
    <UnitTestResult executionId="95ea0cc6-0bda-4c2a-8ee2-372cc585873b" testId="0efbcafd-2fc1-4edd-8204-ca16bf8416e5" testName="TFSTests.VersionControl.MarkdownRenderingTests VerifyImagePathIsMappedCorrectlyForGitProjects" computerName="TFSBUILD11" duration="00:00:00.0160000" startTime="2015-09-28T09:45:59.6862950-07:00" endTime="2015-09-28T09:45:59.6862950-07:00" testType="13cdc9d9-ddb5-4fa4-a97d-d965ccfc6d4b" outcome="Passed" testListId="8c84fa94-04c1-424b-9868-57a2d4851a1d" relativeResultsDirectory="95ea0cc6-0bda-4c2a-8ee2-372cc585873b" />
    <UnitTestResult executionId="dfa774b3-ef0c-401a-9b07-ddc650d62d20" testId="0c325ae6-2ab7-40b4-b4c4-1161dae07583" testName="TFSTests.VersionControl.MarkdownRenderingTests VerifyRootedImagePathIsMappedCorrectlyForGitProjects" computerName="TFSBUILD11" duration="00:00:00.0150000" startTime="2015-09-28T09:45:59.6862950-07:00" endTime="2015-09-28T09:45:59.6862950-07:00" testType="13cdc9d9-ddb5-4fa4-a97d-d965ccfc6d4b" outcome="Passed" testListId="8c84fa94-04c1-424b-9868-57a2d4851a1d" relativeResultsDirectory="dfa774b3-ef0c-401a-9b07-ddc650d62d20" />
    <UnitTestResult executionId="f5e8d8e1-e049-4052-b76a-5806b2b2a6dd" testId="7fa9ae70-7886-4c67-bd8f-b557fce586b9" testName="TFSTests.VersionControl.MarkdownRenderingTests VerifyImagePathContainingEllipsisIsMappedCorrectlyForGitProjects" computerName="TFSBUILD11" duration="00:00:00.0150000" startTime="2015-09-28T09:45:59.6862950-07:00" endTime="2015-09-28T09:45:59.6862950-07:00" testType="13cdc9d9-ddb5-4fa4-a97d-d965ccfc6d4b" outcome="Passed" testListId="8c84fa94-04c1-424b-9868-57a2d4851a1d" relativeResultsDirectory="f5e8d8e1-e049-4052-b76a-5806b2b2a6dd" />
    <UnitTestResult executionId="3abcc16e-52a9-45a8-995c-a53c6e541d43" testId="0657eb65-01ee-416c-93d2-5da6639beefd" testName="TFSTests.VersionControl.MarkdownRenderingTests VerifyImagePathContainingPeriodIsMappedCorrectlyForGitProjects" computerName="TFSBUILD11" duration="00:00:00.0150000" startTime="2015-09-28T09:45:59.6862950-07:00" endTime="2015-09-28T09:45:59.6862950-07:00" testType="13cdc9d9-ddb5-4fa4-a97d-d965ccfc6d4b" outcome="Passed" testListId="8c84fa94-04c1-424b-9868-57a2d4851a1d" relativeResultsDirectory="3abcc16e-52a9-45a8-995c-a53c6e541d43" />
    <UnitTestResult executionId="70695c25-837f-49ad-a7e8-e3d7aa6a6af4" testId="405339e9-a218-4cf6-95e5-272ee4c0212b" testName="TFSTests.VersionControl.MarkdownRenderingTests VerifyFolderRelativeImagePathIsMappedCorrectlyForGitProjects" computerName="TFSBUILD11" duration="00:00:00.0150000" startTime="2015-09-28T09:45:59.8234270-07:00" endTime="2015-09-28T09:45:59.8234270-07:00" testType="13cdc9d9-ddb5-4fa4-a97d-d965ccfc6d4b" outcome="Passed" testListId="8c84fa94-04c1-424b-9868-57a2d4851a1d" relativeResultsDirectory="70695c25-837f-49ad-a7e8-e3d7aa6a6af4" />
    <UnitTestResult executionId="efef41ab-15c8-4c66-a564-83786048fee8" testId="82f2d1b3-8f11-4110-8dcf-901fe22cbe72" testName="TFSTests.VersionControl.MarkdownRenderingTests VerifyTfsStyleImagePathIsMappedCorrectlyForGitProjects" computerName="TFSBUILD11" duration="00:00:00.0150000" startTime="2015-09-28T09:45:59.8234270-07:00" endTime="2015-09-28T09:45:59.8234270-07:00" testType="13cdc9d9-ddb5-4fa4-a97d-d965ccfc6d4b" outcome="Passed" testListId="8c84fa94-04c1-424b-9868-57a2d4851a1d" relativeResultsDirectory="efef41ab-15c8-4c66-a564-83786048fee8" />
    <UnitTestResult executionId="46a2932d-79dd-4256-997a-2c55f87d4388" testId="4795e450-92b5-4d5b-9e5e-2e6d81a3d599" testName="TFSTests.VersionControl.MarkdownRenderingTests VerifyImagePathIsMappedCorrectlyForTfsProjects" computerName="TFSBUILD11" duration="00:00:00.0150000" startTime="2015-09-28T09:45:59.8234270-07:00" endTime="2015-09-28T09:45:59.8234270-07:00" testType="13cdc9d9-ddb5-4fa4-a97d-d965ccfc6d4b" outcome="Passed" testListId="8c84fa94-04c1-424b-9868-57a2d4851a1d" relativeResultsDirectory="46a2932d-79dd-4256-997a-2c55f87d4388" />
    <UnitTestResult executionId="734611ab-9b21-48f9-9979-93fb7715632d" testId="4bb5582d-0da3-4253-992c-dcbb7815861e" testName="TFSTests.VersionControl.MarkdownRenderingTests VerifyRootedImagePathIsMappedCorrectlyForTfsProjects" computerName="TFSBUILD11" duration="00:00:00.0160000" startTime="2015-09-28T09:45:59.8234270-07:00" endTime="2015-09-28T09:45:59.8234270-07:00" testType="13cdc9d9-ddb5-4fa4-a97d-d965ccfc6d4b" outcome="Passed" testListId="8c84fa94-04c1-424b-9868-57a2d4851a1d" relativeResultsDirectory="734611ab-9b21-48f9-9979-93fb7715632d" />
    <UnitTestResult executionId="8b73ff9c-f0d4-41dc-92f6-fdd4beaf6abe" testId="b0593d5a-2c94-48c9-a91a-d05be9ee41a6" testName="TFSTests.VersionControl.MarkdownRenderingTests VerifyImagePathContainingEllipsisIsMappedCorrectlyForTfsProjects" computerName="TFSBUILD11" duration="00:00:00.0150000" startTime="2015-09-28T09:45:59.8234270-07:00" endTime="2015-09-28T09:45:59.8234270-07:00" testType="13cdc9d9-ddb5-4fa4-a97d-d965ccfc6d4b" outcome="Passed" testListId="8c84fa94-04c1-424b-9868-57a2d4851a1d" relativeResultsDirectory="8b73ff9c-f0d4-41dc-92f6-fdd4beaf6abe" />
    <UnitTestResult executionId="202cd611-5a31-41ba-b2c8-4c4caf0b4dc3" testId="fb67c5b6-011f-46cc-95ca-ee27f2c2148a" testName="TFSTests.VersionControl.MarkdownRenderingTests VerifyImagePathContainingPeriodIsMappedCorrectlyForTfsProjects" computerName="TFSBUILD11" duration="00:00:00.0150000" startTime="2015-09-28T09:45:59.8254281-07:00" endTime="2015-09-28T09:45:59.8254281-07:00" testType="13cdc9d9-ddb5-4fa4-a97d-d965ccfc6d4b" outcome="Passed" testListId="8c84fa94-04c1-424b-9868-57a2d4851a1d" relativeResultsDirectory="202cd611-5a31-41ba-b2c8-4c4caf0b4dc3" />
    <UnitTestResult executionId="c75c7aa7-cd58-4d40-aafc-2ad22e4af3b6" testId="d0f76e8e-9937-4ee4-9edd-a443718026b1" testName="TFSTests.VersionControl.MarkdownRenderingTests VerifyFolderRelativeImagePathIsMappedCorrectlyForTfsProjects" computerName="TFSBUILD11" duration="00:00:00.0150000" startTime="2015-09-28T09:45:59.8254281-07:00" endTime="2015-09-28T09:45:59.8254281-07:00" testType="13cdc9d9-ddb5-4fa4-a97d-d965ccfc6d4b" outcome="Passed" testListId="8c84fa94-04c1-424b-9868-57a2d4851a1d" relativeResultsDirectory="c75c7aa7-cd58-4d40-aafc-2ad22e4af3b6" />
    <UnitTestResult executionId="580c4142-9204-4d0a-b89a-a5383c87a0b5" testId="bdb63d9a-0f90-4520-99ff-b9a1ae125af0" testName="TFSTests.VersionControl.MarkdownRenderingTests VerifyTfsStyleImagePathIsMappedCorrectlyForTfsProjects" computerName="TFSBUILD11" duration="00:00:00.0160000" startTime="2015-09-28T09:45:59.8254281-07:00" endTime="2015-09-28T09:45:59.8254281-07:00" testType="13cdc9d9-ddb5-4fa4-a97d-d965ccfc6d4b" outcome="Passed" testListId="8c84fa94-04c1-424b-9868-57a2d4851a1d" relativeResultsDirectory="580c4142-9204-4d0a-b89a-a5383c87a0b5" />
    <UnitTestResult executionId="9b3c4202-d03b-4a84-9f75-3be288482c9e" testId="75862528-8864-4048-8980-f41f4c9d722f" testName="TFSTests.VersionControl.WikiImageTransformerTests VerifyEmptyHrefIsNotTransformed" computerName="TFSBUILD11" duration="00:00:00.0140000" startTime="2015-09-28T09:45:59.8254281-07:00" endTime="2015-09-28T09:45:59.8254281-07:00" testType="13cdc9d9-ddb5-4fa4-a97d-d965ccfc6d4b" outcome="Passed" testListId="8c84fa94-04c1-424b-9868-57a2d4851a1d" relativeResultsDirectory="9b3c4202-d03b-4a84-9f75-3be288482c9e" />
    <UnitTestResult executionId="59552f67-dbff-49dc-862c-c9d37f39ee4e" testId="6670ce45-8152-48d1-8f3a-1aae8e420bd8" testName="TFSTests.VersionControl.WikiImageTransformerTests VerifyUndefinedHrefIsNotTransformed" computerName="TFSBUILD11" duration="00:00:00.0140000" startTime="2015-09-28T09:45:59.9618345-07:00" endTime="2015-09-28T09:45:59.9618345-07:00" testType="13cdc9d9-ddb5-4fa4-a97d-d965ccfc6d4b" outcome="Passed" testListId="8c84fa94-04c1-424b-9868-57a2d4851a1d" relativeResultsDirectory="59552f67-dbff-49dc-862c-c9d37f39ee4e" />
    <UnitTestResult executionId="46c72b05-1ab8-4fa3-9bd6-64cfd1b6b0fb" testId="82a1ffb6-77c2-49d5-8aa5-eabbe952e532" testName="TFSTests.VersionControl.WikiImageTransformerTests VerifyExternalAbsoluteLinkHrefIsNotTransformed" computerName="TFSBUILD11" duration="00:00:00.0150000" startTime="2015-09-28T09:45:59.9618345-07:00" endTime="2015-09-28T09:45:59.9618345-07:00" testType="13cdc9d9-ddb5-4fa4-a97d-d965ccfc6d4b" outcome="Passed" testListId="8c84fa94-04c1-424b-9868-57a2d4851a1d" relativeResultsDirectory="46c72b05-1ab8-4fa3-9bd6-64cfd1b6b0fb" />
    <UnitTestResult executionId="6595722b-9032-4fd1-9e62-ab9374a82466" testId="00b5b86c-a298-4710-bd70-52fb8302e850" testName="TFSTests.VersionControl.WikiImageTransformerTests VerifyFilePathIsMappedCorrectlyForGitProjects" computerName="TFSBUILD11" duration="00:00:00.0150000" startTime="2015-09-28T09:45:59.9618345-07:00" endTime="2015-09-28T09:45:59.9618345-07:00" testType="13cdc9d9-ddb5-4fa4-a97d-d965ccfc6d4b" outcome="Passed" testListId="8c84fa94-04c1-424b-9868-57a2d4851a1d" relativeResultsDirectory="6595722b-9032-4fd1-9e62-ab9374a82466" />
    <UnitTestResult executionId="7bc40415-db7e-424f-ba24-9f6f04bf4a7d" testId="6c58f7c2-7897-4e3c-a80d-a4c8d09fbe43" testName="TFSTests.VersionControl.WikiImageTransformerTests VerifyRootedFilePathIsMappedCorrectlyForGitProjects" computerName="TFSBUILD11" duration="00:00:00.0160000" startTime="2015-09-28T09:45:59.9618345-07:00" endTime="2015-09-28T09:45:59.9618345-07:00" testType="13cdc9d9-ddb5-4fa4-a97d-d965ccfc6d4b" outcome="Passed" testListId="8c84fa94-04c1-424b-9868-57a2d4851a1d" relativeResultsDirectory="7bc40415-db7e-424f-ba24-9f6f04bf4a7d" />
    <UnitTestResult executionId="496da6b0-3af2-44af-bffd-2513c353be3f" testId="5d08b5f0-ce95-40c4-8a15-3ad221720b4c" testName="TFSTests.VersionControl.WikiImageTransformerTests VerifyPathContainingEllipsisIsMappedCorrectlyForGitProjects" computerName="TFSBUILD11" duration="00:00:00.0160000" startTime="2015-09-28T09:45:59.9618345-07:00" endTime="2015-09-28T09:45:59.9618345-07:00" testType="13cdc9d9-ddb5-4fa4-a97d-d965ccfc6d4b" outcome="Passed" testListId="8c84fa94-04c1-424b-9868-57a2d4851a1d" relativeResultsDirectory="496da6b0-3af2-44af-bffd-2513c353be3f" />
    <UnitTestResult executionId="8febdbc8-f34c-4f22-91b1-ebf48879f09d" testId="f87dda6b-e1b1-4849-8a5e-5fdb7864195b" testName="TFSTests.VersionControl.WikiImageTransformerTests VerifyPathContainingPeriodIsMappedCorrectlyForGitProjects" computerName="TFSBUILD11" duration="00:00:00.0140000" startTime="2015-09-28T09:45:59.9618345-07:00" endTime="2015-09-28T09:45:59.9618345-07:00" testType="13cdc9d9-ddb5-4fa4-a97d-d965ccfc6d4b" outcome="Passed" testListId="8c84fa94-04c1-424b-9868-57a2d4851a1d" relativeResultsDirectory="8febdbc8-f34c-4f22-91b1-ebf48879f09d" />
    <UnitTestResult executionId="0dcaca4c-8a73-4966-9eb7-a659a54c3f73" testId="c53df9c3-6c90-402e-9bda-36b0d5068ca5" testName="TFSTests.VersionControl.WikiImageTransformerTests VerifyFolderRelativePathIsMappedCorrectlyForGitProjects" computerName="TFSBUILD11" duration="00:00:00.0150000" startTime="2015-09-28T09:45:59.9618345-07:00" endTime="2015-09-28T09:45:59.9618345-07:00" testType="13cdc9d9-ddb5-4fa4-a97d-d965ccfc6d4b" outcome="Passed" testListId="8c84fa94-04c1-424b-9868-57a2d4851a1d" relativeResultsDirectory="0dcaca4c-8a73-4966-9eb7-a659a54c3f73" />
    <UnitTestResult executionId="21a348d5-26d1-4de4-8491-e27e42d4af2c" testId="6e2ef960-3106-4095-b324-7c9b0524f49a" testName="TFSTests.VersionControl.WikiImageTransformerTests VerifyTfsStylePathIsMappedCorrectlyForGitProjects" computerName="TFSBUILD11" duration="00:00:00.0140000" startTime="2015-09-28T09:45:59.9618345-07:00" endTime="2015-09-28T09:45:59.9618345-07:00" testType="13cdc9d9-ddb5-4fa4-a97d-d965ccfc6d4b" outcome="Passed" testListId="8c84fa94-04c1-424b-9868-57a2d4851a1d" relativeResultsDirectory="21a348d5-26d1-4de4-8491-e27e42d4af2c" />
    <UnitTestResult executionId="21d44507-a79a-4e1a-b285-15166475648c" testId="7ac1160a-16b5-4e6d-82f2-f3cc589133a1" testName="TFSTests.VersionControl.WikiImageTransformerTests VerifyFilePathIsMappedCorrectlyForTfsProjects" computerName="TFSBUILD11" duration="00:00:00.0150000" startTime="2015-09-28T09:45:59.9628349-07:00" endTime="2015-09-28T09:45:59.9628349-07:00" testType="13cdc9d9-ddb5-4fa4-a97d-d965ccfc6d4b" outcome="Passed" testListId="8c84fa94-04c1-424b-9868-57a2d4851a1d" relativeResultsDirectory="21d44507-a79a-4e1a-b285-15166475648c" />
    <UnitTestResult executionId="b5cf1041-03cd-45a8-b6f8-d4466aaf977e" testId="0cf18c38-e34d-4392-a28a-d57b5b2f534e" testName="TFSTests.VersionControl.WikiImageTransformerTests VerifyRootedFilePathIsMappedCorrectlyForTfsProjects" computerName="TFSBUILD11" duration="00:00:00.0150000" startTime="2015-09-28T09:46:00.2069330-07:00" endTime="2015-09-28T09:46:00.2069330-07:00" testType="13cdc9d9-ddb5-4fa4-a97d-d965ccfc6d4b" outcome="Passed" testListId="8c84fa94-04c1-424b-9868-57a2d4851a1d" relativeResultsDirectory="b5cf1041-03cd-45a8-b6f8-d4466aaf977e" />
    <UnitTestResult executionId="ceb48d1f-bf1d-436d-bcc3-f54bcedb8992" testId="05015853-422e-4524-93dd-599b77dbed39" testName="TFSTests.VersionControl.WikiImageTransformerTests VerifyPathContainingEllipsisIsMappedCorrectlyForTfsProjects" computerName="TFSBUILD11" duration="00:00:00.0150000" startTime="2015-09-28T09:46:00.2069330-07:00" endTime="2015-09-28T09:46:00.2069330-07:00" testType="13cdc9d9-ddb5-4fa4-a97d-d965ccfc6d4b" outcome="Passed" testListId="8c84fa94-04c1-424b-9868-57a2d4851a1d" relativeResultsDirectory="ceb48d1f-bf1d-436d-bcc3-f54bcedb8992" />
    <UnitTestResult executionId="cf4d2d04-ac67-4f56-b3ec-2b31ad9e4dd8" testId="b8ed8cdf-48ed-4e12-a4e5-dbf410f1c2da" testName="TFSTests.VersionControl.WikiImageTransformerTests VerifyPathContainingPeriodIsMappedCorrectlyForTfsProjects" computerName="TFSBUILD11" duration="00:00:00.0140000" startTime="2015-09-28T09:46:00.2069330-07:00" endTime="2015-09-28T09:46:00.2069330-07:00" testType="13cdc9d9-ddb5-4fa4-a97d-d965ccfc6d4b" outcome="Passed" testListId="8c84fa94-04c1-424b-9868-57a2d4851a1d" relativeResultsDirectory="cf4d2d04-ac67-4f56-b3ec-2b31ad9e4dd8" />
    <UnitTestResult executionId="3ace1fad-4040-4cb7-9505-fc14f2bb5a14" testId="e9a1e422-f245-42bc-a113-349ec06de402" testName="TFSTests.VersionControl.WikiImageTransformerTests VerifyFolderRelativePathIsMappedCorrectlyForTfsProjects" computerName="TFSBUILD11" duration="00:00:00.0140000" startTime="2015-09-28T09:46:00.2069330-07:00" endTime="2015-09-28T09:46:00.2069330-07:00" testType="13cdc9d9-ddb5-4fa4-a97d-d965ccfc6d4b" outcome="Passed" testListId="8c84fa94-04c1-424b-9868-57a2d4851a1d" relativeResultsDirectory="3ace1fad-4040-4cb7-9505-fc14f2bb5a14" />
    <UnitTestResult executionId="5d68cf0e-274c-4f0b-8c69-d5492da9513c" testId="a54aec29-0729-4c82-b99f-757c4788d375" testName="TFSTests.VersionControl.WikiImageTransformerTests VerifyTfsStylePathIsMappedCorrectlyForTfsProjects" computerName="TFSBUILD11" duration="00:00:00.0300000" startTime="2015-09-28T09:46:00.2069330-07:00" endTime="2015-09-28T09:46:00.2069330-07:00" testType="13cdc9d9-ddb5-4fa4-a97d-d965ccfc6d4b" outcome="Passed" testListId="8c84fa94-04c1-424b-9868-57a2d4851a1d" relativeResultsDirectory="5d68cf0e-274c-4f0b-8c69-d5492da9513c" />
    <UnitTestResult executionId="d856e16f-48a8-4459-8e37-fd2f7cb909eb" testId="e3ac7f24-711b-4faa-bf11-f5f8dc838930" testName="TFSTests.VersionControl.WikiImageTransformerTests VerifySpecialCharactersInPathArePreservedAndDecoded" computerName="TFSBUILD11" duration="00:00:00.0160000" startTime="2015-09-28T09:46:00.2069330-07:00" endTime="2015-09-28T09:46:00.2069330-07:00" testType="13cdc9d9-ddb5-4fa4-a97d-d965ccfc6d4b" outcome="Passed" testListId="8c84fa94-04c1-424b-9868-57a2d4851a1d" relativeResultsDirectory="d856e16f-48a8-4459-8e37-fd2f7cb909eb" />
    <UnitTestResult executionId="21b79aaf-ce33-4e77-aff0-91c54695f19a" testId="31e5f698-8e99-4748-98ec-366ffb695f83" testName="TFSTests.VersionControl.PullRequest.Dialogs VerifyCompleteMergeDialogDisplayCorrectly" computerName="TFSBUILD11" duration="00:00:00.0550000" startTime="2015-09-28T09:46:00.2069330-07:00" endTime="2015-09-28T09:46:00.2069330-07:00" testType="13cdc9d9-ddb5-4fa4-a97d-d965ccfc6d4b" outcome="Passed" testListId="8c84fa94-04c1-424b-9868-57a2d4851a1d" relativeResultsDirectory="21b79aaf-ce33-4e77-aff0-91c54695f19a" />
    <UnitTestResult executionId="c74f189c-c704-471f-853f-166edc928042" testId="479734a2-4d53-42b5-a3d3-05c5e6828ea0" testName="TFSTests.VersionControl.PullRequest.Dialogs VerifyCompleteMergeDialogRefillPreviousMessage" computerName="TFSBUILD11" duration="00:00:00.0380000" startTime="2015-09-28T09:46:00.2069330-07:00" endTime="2015-09-28T09:46:00.2069330-07:00" testType="13cdc9d9-ddb5-4fa4-a97d-d965ccfc6d4b" outcome="Passed" testListId="8c84fa94-04c1-424b-9868-57a2d4851a1d" relativeResultsDirectory="c74f189c-c704-471f-853f-166edc928042" />
    <UnitTestResult executionId="e8ca5ee7-f7a0-4d41-9d8f-a9b23f58eef0" testId="02d05f34-01f8-4905-9089-c650383669d9" testName="TFSTests.VersionControl.PullRequest.Dialogs VerifyCallbackValueFromCompleteMergeDialogIsCorrectWhenClickOkButton" computerName="TFSBUILD11" duration="00:00:00.0450000" startTime="2015-09-28T09:46:00.2069330-07:00" endTime="2015-09-28T09:46:00.2069330-07:00" testType="13cdc9d9-ddb5-4fa4-a97d-d965ccfc6d4b" outcome="Passed" testListId="8c84fa94-04c1-424b-9868-57a2d4851a1d" relativeResultsDirectory="e8ca5ee7-f7a0-4d41-9d8f-a9b23f58eef0" />
    <UnitTestResult executionId="677179a7-ab37-4df9-9f8a-e397c51b4745" testId="1066606b-b849-4c38-bbe2-8ccea896058d" testName="TFSTests.VersionControl.PullRequest.Dialogs VerifyCompleteMergeDialogConfirmStringDisplayCorrectly" computerName="TFSBUILD11" duration="00:00:00.0470000" startTime="2015-09-28T09:46:00.4487150-07:00" endTime="2015-09-28T09:46:00.4487150-07:00" testType="13cdc9d9-ddb5-4fa4-a97d-d965ccfc6d4b" outcome="Passed" testListId="8c84fa94-04c1-424b-9868-57a2d4851a1d" relativeResultsDirectory="677179a7-ab37-4df9-9f8a-e397c51b4745" />
    <UnitTestResult executionId="fa84bb5a-5fbc-4a59-8996-acb806e02682" testId="3c1e0ec7-73e5-4788-9deb-7a78da156b03" testName="TFSTests.VersionControl.PullRequestSearch VerifyPullRequestSearch" computerName="TFSBUILD11" duration="00:00:00.0170000" startTime="2015-09-28T09:46:00.4487150-07:00" endTime="2015-09-28T09:46:00.4487150-07:00" testType="13cdc9d9-ddb5-4fa4-a97d-d965ccfc6d4b" outcome="Passed" testListId="8c84fa94-04c1-424b-9868-57a2d4851a1d" relativeResultsDirectory="fa84bb5a-5fbc-4a59-8996-acb806e02682" />
    <UnitTestResult executionId="74d7add0-f5eb-4d2c-857d-8468f6f6e124" testId="fa6422ca-eb1e-4737-a20a-22726da98385" testName="TFSTests.VersionControl.PullRequest VerifyPullRequestViewViewModelBasicInfo" computerName="TFSBUILD11" duration="00:00:00.0300000" startTime="2015-09-28T09:46:00.4487150-07:00" endTime="2015-09-28T09:46:00.4487150-07:00" testType="13cdc9d9-ddb5-4fa4-a97d-d965ccfc6d4b" outcome="Passed" testListId="8c84fa94-04c1-424b-9868-57a2d4851a1d" relativeResultsDirectory="74d7add0-f5eb-4d2c-857d-8468f6f6e124" />
    <UnitTestResult executionId="dfe6fd82-0347-491c-9f06-90200adffac4" testId="c4118025-665f-4ca2-9203-d6777ad35e26" testName="TFSTests.VersionControl.PullRequest VerifyPullRequestViewViewModelBasicVote" computerName="TFSBUILD11" duration="00:00:00.0230000" startTime="2015-09-28T09:46:00.4487150-07:00" endTime="2015-09-28T09:46:00.4487150-07:00" testType="13cdc9d9-ddb5-4fa4-a97d-d965ccfc6d4b" outcome="Passed" testListId="8c84fa94-04c1-424b-9868-57a2d4851a1d" relativeResultsDirectory="dfe6fd82-0347-491c-9f06-90200adffac4" />
    <UnitTestResult executionId="7f40c742-276e-47a9-97ee-d9cadc371e69" testId="74669a92-8d62-4836-9468-0c765d5c18a8" testName="TFSTests.VersionControl.FileDefaultContentProvider.Readme GitDefaultProjectContentWhenEditIsEnabled" computerName="TFSBUILD11" duration="00:00:00.0160000" startTime="2015-09-28T09:46:00.4487150-07:00" endTime="2015-09-28T09:46:00.4487150-07:00" testType="13cdc9d9-ddb5-4fa4-a97d-d965ccfc6d4b" outcome="Passed" testListId="8c84fa94-04c1-424b-9868-57a2d4851a1d" relativeResultsDirectory="7f40c742-276e-47a9-97ee-d9cadc371e69" />
    <UnitTestResult executionId="24074156-03d1-4f36-a6a5-2f9a3522b5c0" testId="353c5f33-f32b-4ba2-9989-ddc72bc195ac" testName="TFSTests.VersionControl.FileDefaultContentProvider.Readme GitDefaultProjectContentWhenEditIsDisabled" computerName="TFSBUILD11" duration="00:00:00.0160000" startTime="2015-09-28T09:46:00.4487150-07:00" endTime="2015-09-28T09:46:00.4487150-07:00" testType="13cdc9d9-ddb5-4fa4-a97d-d965ccfc6d4b" outcome="Passed" testListId="8c84fa94-04c1-424b-9868-57a2d4851a1d" relativeResultsDirectory="24074156-03d1-4f36-a6a5-2f9a3522b5c0" />
    <UnitTestResult executionId="6c185ee2-2af9-4b22-a3ba-ca9d7bf9e459" testId="25bee142-44dd-461f-86c4-a4524b2795f1" testName="TFSTests.VersionControl.FileDefaultContentProvider.Readme GitDefaultRepoContentWhenEditIsEnabled" computerName="TFSBUILD11" duration="00:00:00.0150000" startTime="2015-09-28T09:46:00.4487150-07:00" endTime="2015-09-28T09:46:00.4487150-07:00" testType="13cdc9d9-ddb5-4fa4-a97d-d965ccfc6d4b" outcome="Passed" testListId="8c84fa94-04c1-424b-9868-57a2d4851a1d" relativeResultsDirectory="6c185ee2-2af9-4b22-a3ba-ca9d7bf9e459" />
    <UnitTestResult executionId="a2b88b48-f287-4e02-8247-fa76d2be39da" testId="8017825f-5eee-4599-b417-42e4ca1c539f" testName="TFSTests.VersionControl.FileDefaultContentProvider.Readme GitDefaultRepoContentWhenEditIsDisabled" computerName="TFSBUILD11" duration="00:00:00.0170000" startTime="2015-09-28T09:46:00.4487150-07:00" endTime="2015-09-28T09:46:00.4487150-07:00" testType="13cdc9d9-ddb5-4fa4-a97d-d965ccfc6d4b" outcome="Passed" testListId="8c84fa94-04c1-424b-9868-57a2d4851a1d" relativeResultsDirectory="a2b88b48-f287-4e02-8247-fa76d2be39da" />
    <UnitTestResult executionId="c1b8f1bf-753c-4095-a9d1-58ead9689b7c" testId="4ddc351c-e48b-4c1e-9f00-46f754e14d73" testName="TFSTests.VersionControl.BranchDialogs VerifyCreateBranchVersionSpecDialogWithRepoDisplayCorrectly" computerName="TFSBUILD11" duration="00:00:00.0480000" startTime="2015-09-28T09:46:00.4487150-07:00" endTime="2015-09-28T09:46:00.4487150-07:00" testType="13cdc9d9-ddb5-4fa4-a97d-d965ccfc6d4b" outcome="Passed" testListId="8c84fa94-04c1-424b-9868-57a2d4851a1d" relativeResultsDirectory="c1b8f1bf-753c-4095-a9d1-58ead9689b7c" />
    <UnitTestResult executionId="441c05a4-4fc3-4e32-ab9c-8ace9b3a6173" testId="97d9b48a-d5ea-4b3c-b5c0-a36bdaa13730" testName="TFSTests.VersionControl.BranchDialogs VerifyCreateBranchVersionSpecDialogNoRepoDisplayCorrectly" computerName="TFSBUILD11" duration="00:00:00.0670000" startTime="2015-09-28T09:46:01.0546122-07:00" endTime="2015-09-28T09:46:01.0546122-07:00" testType="13cdc9d9-ddb5-4fa4-a97d-d965ccfc6d4b" outcome="Passed" testListId="8c84fa94-04c1-424b-9868-57a2d4851a1d" relativeResultsDirectory="441c05a4-4fc3-4e32-ab9c-8ace9b3a6173" />
    <UnitTestResult executionId="289046ca-48d8-41a3-86ed-ef545b569e8e" testId="40f362c0-2fa0-48f7-9f2a-50c571c3767e" testName="TFSTests.VersionControl.BranchDialogs VerifyCreateBranchVersionSpecDialogInput" computerName="TFSBUILD11" duration="00:00:00.0530000" startTime="2015-09-28T09:46:01.0546122-07:00" endTime="2015-09-28T09:46:01.0546122-07:00" testType="13cdc9d9-ddb5-4fa4-a97d-d965ccfc6d4b" outcome="Passed" testListId="8c84fa94-04c1-424b-9868-57a2d4851a1d" relativeResultsDirectory="289046ca-48d8-41a3-86ed-ef545b569e8e" />
    <UnitTestResult executionId="98784f19-199a-4507-82b3-0fa1a25219b6" testId="4ac2f6f9-3fcf-4563-a860-29f1f92f8f65" testName="TFSTests.VersionControl.WorkItemsIntegration VerifyVisibilityOfDiscussionThreadWorkItemIntegrationInCodeEditorWithoutProjectInfo" computerName="TFSBUILD11" duration="00:00:00.0160000" startTime="2015-09-28T09:46:01.0546122-07:00" endTime="2015-09-28T09:46:01.0546122-07:00" testType="13cdc9d9-ddb5-4fa4-a97d-d965ccfc6d4b" outcome="Passed" testListId="8c84fa94-04c1-424b-9868-57a2d4851a1d" relativeResultsDirectory="98784f19-199a-4507-82b3-0fa1a25219b6" />
  </Results>
  <TestDefinitions>
    <UnitTest name="TFSTests.VersionControl.TelemetryTests VerifyLoggingCallbackCalledOnClickExternalLink" storage="d:\v2.0\a1\_work\dbded102\vso\tfs\service\webaccess\versioncontrol\testscripts\tests\tfstests.versioncontrol.telemetry.ts" id="ff8336bb-2319-4a48-94a4-a9626bcf61d3">
      <Execution id="7b61c12c-ff26-46ec-8a75-32c644d1facd" />
      <TestMethod codeBase="d:\v2.0\a1\_work\dbded102\vso\tfs\service\webaccess\versioncontrol\testscripts\tests\tfstests.versioncontrol.telemetry.ts" adapterTypeName="Microsoft.VisualStudio.TestTools.TestTypes.Unit.UnitTestAdapter" className="d:\v2.0\a1\_work\dbded102\vso\tfs\service\webaccess\versioncontrol\testscripts\tests\tfstests.versioncontrol.telemetry.ts::tfstests.versioncontrol" name="TFSTests.VersionControl.TelemetryTests VerifyLoggingCallbackCalledOnClickExternalLink" />
    </UnitTest>
    <UnitTest name="TFSTests.VersionControl.TelemetryTests VerifyLoggingCallbackCalledOnClickLocalLink" storage="d:\v2.0\a1\_work\dbded102\vso\tfs\service\webaccess\versioncontrol\testscripts\tests\tfstests.versioncontrol.telemetry.ts" id="05213463-e591-4b43-9f8a-177d462166e0">
      <Execution id="b652f46a-0e05-4797-b6a1-26c086931723" />
      <TestMethod codeBase="d:\v2.0\a1\_work\dbded102\vso\tfs\service\webaccess\versioncontrol\testscripts\tests\tfstests.versioncontrol.telemetry.ts" adapterTypeName="Microsoft.VisualStudio.TestTools.TestTypes.Unit.UnitTestAdapter" className="d:\v2.0\a1\_work\dbded102\vso\tfs\service\webaccess\versioncontrol\testscripts\tests\tfstests.versioncontrol.telemetry.ts::tfstests.versioncontrol" name="TFSTests.VersionControl.TelemetryTests VerifyLoggingCallbackCalledOnClickLocalLink" />
    </UnitTest>
    <UnitTest name="TFSTests.VersionControl.CreateRepositoryDialogTests ViewModel_Initializes" storage="d:\v2.0\a1\_work\dbded102\vso\tfs\service\webaccess\versioncontrol\testscripts\tests\tfstests.versioncontrol.createrepositorydialog.ts" id="7f29e942-0486-4d93-a7af-16c5e5f58fcf">
      <Execution id="2f43a13e-6314-43e2-889f-7401f7035c32" />
      <TestMethod codeBase="d:\v2.0\a1\_work\dbded102\vso\tfs\service\webaccess\versioncontrol\testscripts\tests\tfstests.versioncontrol.createrepositorydialog.ts" adapterTypeName="Microsoft.VisualStudio.TestTools.TestTypes.Unit.UnitTestAdapter" className="d:\v2.0\a1\_work\dbded102\vso\tfs\service\webaccess\versioncontrol\testscripts\tests\tfstests.versioncontrol.createrepositorydialog.ts::tfstests.versioncontrol" name="TFSTests.VersionControl.CreateRepositoryDialogTests ViewModel_Initializes" />
    </UnitTest>
    <UnitTest name="TFSTests.VersionControl.CreateRepositoryDialogTests ViewModel_ReportsServerError" storage="d:\v2.0\a1\_work\dbded102\vso\tfs\service\webaccess\versioncontrol\testscripts\tests\tfstests.versioncontrol.createrepositorydialog.ts" id="fa3ccbdc-880f-4e16-9d21-53aae94e25df">
      <Execution id="7fa9b982-0c1a-40b1-8b09-7664a4c42f6e" />
      <TestMethod codeBase="d:\v2.0\a1\_work\dbded102\vso\tfs\service\webaccess\versioncontrol\testscripts\tests\tfstests.versioncontrol.createrepositorydialog.ts" adapterTypeName="Microsoft.VisualStudio.TestTools.TestTypes.Unit.UnitTestAdapter" className="d:\v2.0\a1\_work\dbded102\vso\tfs\service\webaccess\versioncontrol\testscripts\tests\tfstests.versioncontrol.createrepositorydialog.ts::tfstests.versioncontrol" name="TFSTests.VersionControl.CreateRepositoryDialogTests ViewModel_ReportsServerError" />
    </UnitTest>
    <UnitTest name="TFSTests.VersionControl.CreateRepositoryDialogTests ViewModel_ComputesGitRepoName" storage="d:\v2.0\a1\_work\dbded102\vso\tfs\service\webaccess\versioncontrol\testscripts\tests\tfstests.versioncontrol.createrepositorydialog.ts" id="b0052261-ff46-403f-9c98-8078563328bd">
      <Execution id="a7bc660f-d64d-46fb-b981-c171bd9d1ccc" />
      <TestMethod codeBase="d:\v2.0\a1\_work\dbded102\vso\tfs\service\webaccess\versioncontrol\testscripts\tests\tfstests.versioncontrol.createrepositorydialog.ts" adapterTypeName="Microsoft.VisualStudio.TestTools.TestTypes.Unit.UnitTestAdapter" className="d:\v2.0\a1\_work\dbded102\vso\tfs\service\webaccess\versioncontrol\testscripts\tests\tfstests.versioncontrol.createrepositorydialog.ts::tfstests.versioncontrol" name="TFSTests.VersionControl.CreateRepositoryDialogTests ViewModel_ComputesGitRepoName" />
    </UnitTest>
    <UnitTest name="TFSTests.VersionControl.CreateRepositoryDialogTests ViewModel_ComputesTfvcRepoName" storage="d:\v2.0\a1\_work\dbded102\vso\tfs\service\webaccess\versioncontrol\testscripts\tests\tfstests.versioncontrol.createrepositorydialog.ts" id="9e63bead-fa6c-456a-b704-b23ab667d0eb">
      <Execution id="3ea4cda5-8039-47c1-8cb5-cdd57b9a2248" />
      <TestMethod codeBase="d:\v2.0\a1\_work\dbded102\vso\tfs\service\webaccess\versioncontrol\testscripts\tests\tfstests.versioncontrol.createrepositorydialog.ts" adapterTypeName="Microsoft.VisualStudio.TestTools.TestTypes.Unit.UnitTestAdapter" className="d:\v2.0\a1\_work\dbded102\vso\tfs\service\webaccess\versioncontrol\testscripts\tests\tfstests.versioncontrol.createrepositorydialog.ts::tfstests.versioncontrol" name="TFSTests.VersionControl.CreateRepositoryDialogTests ViewModel_ComputesTfvcRepoName" />
    </UnitTest>
    <UnitTest name="TFSTests.VersionControl.CreateRepositoryDialogTests ViewModel_AllowsTfvcCreationWhenAppropriate" storage="d:\v2.0\a1\_work\dbded102\vso\tfs\service\webaccess\versioncontrol\testscripts\tests\tfstests.versioncontrol.createrepositorydialog.ts" id="f1fb3050-2059-4e88-9353-a5040ff860bf">
      <Execution id="50ad0ea2-5475-4929-963e-b335593c0bfb" />
      <TestMethod codeBase="d:\v2.0\a1\_work\dbded102\vso\tfs\service\webaccess\versioncontrol\testscripts\tests\tfstests.versioncontrol.createrepositorydialog.ts" adapterTypeName="Microsoft.VisualStudio.TestTools.TestTypes.Unit.UnitTestAdapter" className="d:\v2.0\a1\_work\dbded102\vso\tfs\service\webaccess\versioncontrol\testscripts\tests\tfstests.versioncontrol.createrepositorydialog.ts::tfstests.versioncontrol" name="TFSTests.VersionControl.CreateRepositoryDialogTests ViewModel_AllowsTfvcCreationWhenAppropriate" />
    </UnitTest>
    <UnitTest name="TFSTests.VersionControl.CreateRepositoryDialogTests ViewModel_InvalidatesWhenServerErrorIsPresent" storage="d:\v2.0\a1\_work\dbded102\vso\tfs\service\webaccess\versioncontrol\testscripts\tests\tfstests.versioncontrol.createrepositorydialog.ts" id="b50d2b29-909c-41e7-ace4-61dbde5c1dd7">
      <Execution id="94b40241-1367-4346-97cf-502089450c6d" />
      <TestMethod codeBase="d:\v2.0\a1\_work\dbded102\vso\tfs\service\webaccess\versioncontrol\testscripts\tests\tfstests.versioncontrol.createrepositorydialog.ts" adapterTypeName="Microsoft.VisualStudio.TestTools.TestTypes.Unit.UnitTestAdapter" className="d:\v2.0\a1\_work\dbded102\vso\tfs\service\webaccess\versioncontrol\testscripts\tests\tfstests.versioncontrol.createrepositorydialog.ts::tfstests.versioncontrol" name="TFSTests.VersionControl.CreateRepositoryDialogTests ViewModel_InvalidatesWhenServerErrorIsPresent" />
    </UnitTest>
    <UnitTest name="TFSTests.VersionControl.Dialogs VerifyCreateRepoDialogInitializeCorrectly" storage="d:\v2.0\a1\_work\dbded102\vso\tfs\service\webaccess\versioncontrol\testscripts\tests\tfstests.versioncontrol.dialogs.ts" id="948ca3a8-5f14-476a-9980-dd8cb6fee4b9">
      <Execution id="4572d179-c0ff-451f-83eb-15f765dac359" />
      <TestMethod codeBase="d:\v2.0\a1\_work\dbded102\vso\tfs\service\webaccess\versioncontrol\testscripts\tests\tfstests.versioncontrol.dialogs.ts" adapterTypeName="Microsoft.VisualStudio.TestTools.TestTypes.Unit.UnitTestAdapter" className="d:\v2.0\a1\_work\dbded102\vso\tfs\service\webaccess\versioncontrol\testscripts\tests\tfstests.versioncontrol.dialogs.ts::tfstests.versioncontrol" name="TFSTests.VersionControl.Dialogs VerifyCreateRepoDialogInitializeCorrectly" />
    </UnitTest>
    <UnitTest name="TFSTests.VersionControl.Dialogs VerifyRenameRepoDialogInitializeCorrectly" storage="d:\v2.0\a1\_work\dbded102\vso\tfs\service\webaccess\versioncontrol\testscripts\tests\tfstests.versioncontrol.dialogs.ts" id="7134d9dc-cadf-40e8-b11b-f7e007101b3e">
      <Execution id="85829f28-89a3-4ac8-9eb5-846231b47182" />
      <TestMethod codeBase="d:\v2.0\a1\_work\dbded102\vso\tfs\service\webaccess\versioncontrol\testscripts\tests\tfstests.versioncontrol.dialogs.ts" adapterTypeName="Microsoft.VisualStudio.TestTools.TestTypes.Unit.UnitTestAdapter" className="d:\v2.0\a1\_work\dbded102\vso\tfs\service\webaccess\versioncontrol\testscripts\tests\tfstests.versioncontrol.dialogs.ts::tfstests.versioncontrol" name="TFSTests.VersionControl.Dialogs VerifyRenameRepoDialogInitializeCorrectly" />
    </UnitTest>
    <UnitTest name="TFSTests.VersionControl.Dialogs VerifyDeleteRepoDialogInitializeCorrectly" storage="d:\v2.0\a1\_work\dbded102\vso\tfs\service\webaccess\versioncontrol\testscripts\tests\tfstests.versioncontrol.dialogs.ts" id="ae2c1cfa-51d5-4538-8cb8-d8e03bc46f77">
      <Execution id="49f217e1-1203-4772-9211-ff76283053fa" />
      <TestMethod codeBase="d:\v2.0\a1\_work\dbded102\vso\tfs\service\webaccess\versioncontrol\testscripts\tests\tfstests.versioncontrol.dialogs.ts" adapterTypeName="Microsoft.VisualStudio.TestTools.TestTypes.Unit.UnitTestAdapter" className="d:\v2.0\a1\_work\dbded102\vso\tfs\service\webaccess\versioncontrol\testscripts\tests\tfstests.versioncontrol.dialogs.ts::tfstests.versioncontrol" name="TFSTests.VersionControl.Dialogs VerifyDeleteRepoDialogInitializeCorrectly" />
    </UnitTest>
    <UnitTest name="TFSTests.VersionControl.Dialogs VerifyCreateRepoDialogWithInputDisplayCorrectly" storage="d:\v2.0\a1\_work\dbded102\vso\tfs\service\webaccess\versioncontrol\testscripts\tests\tfstests.versioncontrol.dialogs.ts" id="0238b0da-0d3c-4ab1-9fdb-6995e6c5207e">
      <Execution id="207f6e74-70b3-4e0f-9459-78b64a915b63" />
      <TestMethod codeBase="d:\v2.0\a1\_work\dbded102\vso\tfs\service\webaccess\versioncontrol\testscripts\tests\tfstests.versioncontrol.dialogs.ts" adapterTypeName="Microsoft.VisualStudio.TestTools.TestTypes.Unit.UnitTestAdapter" className="d:\v2.0\a1\_work\dbded102\vso\tfs\service\webaccess\versioncontrol\testscripts\tests\tfstests.versioncontrol.dialogs.ts::tfstests.versioncontrol" name="TFSTests.VersionControl.Dialogs VerifyCreateRepoDialogWithInputDisplayCorrectly" />
    </UnitTest>
    <UnitTest name="TFSTests.VersionControl.Dialogs VerifyRenameRepoDialogWithValidInputDisplayCorrectly" storage="d:\v2.0\a1\_work\dbded102\vso\tfs\service\webaccess\versioncontrol\testscripts\tests\tfstests.versioncontrol.dialogs.ts" id="9f80ebee-7a0c-43ce-bd2a-a48553b8742e">
      <Execution id="c8267223-0043-4e51-8676-7e323222bdf8" />
      <TestMethod codeBase="d:\v2.0\a1\_work\dbded102\vso\tfs\service\webaccess\versioncontrol\testscripts\tests\tfstests.versioncontrol.dialogs.ts" adapterTypeName="Microsoft.VisualStudio.TestTools.TestTypes.Unit.UnitTestAdapter" className="d:\v2.0\a1\_work\dbded102\vso\tfs\service\webaccess\versioncontrol\testscripts\tests\tfstests.versioncontrol.dialogs.ts::tfstests.versioncontrol" name="TFSTests.VersionControl.Dialogs VerifyRenameRepoDialogWithValidInputDisplayCorrectly" />
    </UnitTest>
    <UnitTest name="TFSTests.VersionControl.Dialogs VerifyCreateRepoDialogWithInvalidInputDisplayCorrectly" storage="d:\v2.0\a1\_work\dbded102\vso\tfs\service\webaccess\versioncontrol\testscripts\tests\tfstests.versioncontrol.dialogs.ts" id="20453691-c0df-4017-b453-6b382afc7398">
      <Execution id="7c4d9c9c-e644-431c-9ded-1e0765d0a6f8" />
      <TestMethod codeBase="d:\v2.0\a1\_work\dbded102\vso\tfs\service\webaccess\versioncontrol\testscripts\tests\tfstests.versioncontrol.dialogs.ts" adapterTypeName="Microsoft.VisualStudio.TestTools.TestTypes.Unit.UnitTestAdapter" className="d:\v2.0\a1\_work\dbded102\vso\tfs\service\webaccess\versioncontrol\testscripts\tests\tfstests.versioncontrol.dialogs.ts::tfstests.versioncontrol" name="TFSTests.VersionControl.Dialogs VerifyCreateRepoDialogWithInvalidInputDisplayCorrectly" />
    </UnitTest>
    <UnitTest name="TFSTests.VersionControl.Dialogs VerifyCallbackValueFromCreateRepoDialogIsCorrectWhenClickOkButton" storage="d:\v2.0\a1\_work\dbded102\vso\tfs\service\webaccess\versioncontrol\testscripts\tests\tfstests.versioncontrol.dialogs.ts" id="d615f471-8d5b-4119-a4ba-f6a5c9d7dcdd">
      <Execution id="76cccd10-e581-4837-b389-aa7942db36f2" />
      <TestMethod codeBase="d:\v2.0\a1\_work\dbded102\vso\tfs\service\webaccess\versioncontrol\testscripts\tests\tfstests.versioncontrol.dialogs.ts" adapterTypeName="Microsoft.VisualStudio.TestTools.TestTypes.Unit.UnitTestAdapter" className="d:\v2.0\a1\_work\dbded102\vso\tfs\service\webaccess\versioncontrol\testscripts\tests\tfstests.versioncontrol.dialogs.ts::tfstests.versioncontrol" name="TFSTests.VersionControl.Dialogs VerifyCallbackValueFromCreateRepoDialogIsCorrectWhenClickOkButton" />
    </UnitTest>
    <UnitTest name="TFSTests.VersionControl.Dialogs VerifyCallbackValueFromRenameRepoDialogIsCorrectWhenClickOkButton" storage="d:\v2.0\a1\_work\dbded102\vso\tfs\service\webaccess\versioncontrol\testscripts\tests\tfstests.versioncontrol.dialogs.ts" id="e25e268e-3cb0-47b8-9f32-fcb2b5f5d9f9">
      <Execution id="75706049-8c08-4346-8b03-4a48abf826af" />
      <TestMethod codeBase="d:\v2.0\a1\_work\dbded102\vso\tfs\service\webaccess\versioncontrol\testscripts\tests\tfstests.versioncontrol.dialogs.ts" adapterTypeName="Microsoft.VisualStudio.TestTools.TestTypes.Unit.UnitTestAdapter" className="d:\v2.0\a1\_work\dbded102\vso\tfs\service\webaccess\versioncontrol\testscripts\tests\tfstests.versioncontrol.dialogs.ts::tfstests.versioncontrol" name="TFSTests.VersionControl.Dialogs VerifyCallbackValueFromRenameRepoDialogIsCorrectWhenClickOkButton" />
    </UnitTest>
    <UnitTest name="TFSTests.VersionControl.VersionControlPathTests getDirectory_IfPathIsNull_ReturnsEmptyString" storage="d:\v2.0\a1\_work\dbded102\vso\tfs\service\webaccess\versioncontrol\testscripts\tests\tfstests.versioncontrol.ts" id="7c6652d8-fea8-4508-95f2-94bf263464f9">
      <Execution id="b06fc8b4-13f0-425d-8191-c4debbd64c82" />
      <TestMethod codeBase="d:\v2.0\a1\_work\dbded102\vso\tfs\service\webaccess\versioncontrol\testscripts\tests\tfstests.versioncontrol.ts" adapterTypeName="Microsoft.VisualStudio.TestTools.TestTypes.Unit.UnitTestAdapter" className="d:\v2.0\a1\_work\dbded102\vso\tfs\service\webaccess\versioncontrol\testscripts\tests\tfstests.versioncontrol.ts::tfstests.versioncontrol" name="TFSTests.VersionControl.VersionControlPathTests getDirectory_IfPathIsNull_ReturnsEmptyString" />
    </UnitTest>
    <UnitTest name="TFSTests.VersionControl.VersionControlPathTests getDirectory_IfPathIsUndefined_ReturnsEmptyString" storage="d:\v2.0\a1\_work\dbded102\vso\tfs\service\webaccess\versioncontrol\testscripts\tests\tfstests.versioncontrol.ts" id="af635008-36d0-4a3b-a8eb-ec0b7fbc0b97">
      <Execution id="5d3e8200-d99c-4c09-95b2-41e67957cf3c" />
      <TestMethod codeBase="d:\v2.0\a1\_work\dbded102\vso\tfs\service\webaccess\versioncontrol\testscripts\tests\tfstests.versioncontrol.ts" adapterTypeName="Microsoft.VisualStudio.TestTools.TestTypes.Unit.UnitTestAdapter" className="d:\v2.0\a1\_work\dbded102\vso\tfs\service\webaccess\versioncontrol\testscripts\tests\tfstests.versioncontrol.ts::tfstests.versioncontrol" name="TFSTests.VersionControl.VersionControlPathTests getDirectory_IfPathIsUndefined_ReturnsEmptyString" />
    </UnitTest>
    <UnitTest name="TFSTests.VersionControl.VersionControlPathTests getDirectory_IfPathIsEmptyString_ReturnsEmptyString" storage="d:\v2.0\a1\_work\dbded102\vso\tfs\service\webaccess\versioncontrol\testscripts\tests\tfstests.versioncontrol.ts" id="06e3bc96-b268-4457-98cb-f8b095df87bf">
      <Execution id="0679f3b8-ad0e-4bc0-8fd0-04c886971351" />
      <TestMethod codeBase="d:\v2.0\a1\_work\dbded102\vso\tfs\service\webaccess\versioncontrol\testscripts\tests\tfstests.versioncontrol.ts" adapterTypeName="Microsoft.VisualStudio.TestTools.TestTypes.Unit.UnitTestAdapter" className="d:\v2.0\a1\_work\dbded102\vso\tfs\service\webaccess\versioncontrol\testscripts\tests\tfstests.versioncontrol.ts::tfstests.versioncontrol" name="TFSTests.VersionControl.VersionControlPathTests getDirectory_IfPathIsEmptyString_ReturnsEmptyString" />
    </UnitTest>
    <UnitTest name="TFSTests.VersionControl.VersionControlPathTests getDirectory_IfPathContainsNoSlash_ReturnsEmptyString" storage="d:\v2.0\a1\_work\dbded102\vso\tfs\service\webaccess\versioncontrol\testscripts\tests\tfstests.versioncontrol.ts" id="51e147f7-e691-406a-b0ba-d07535c155a5">
      <Execution id="4938415a-8851-4d0b-835a-742fc4747112" />
      <TestMethod codeBase="d:\v2.0\a1\_work\dbded102\vso\tfs\service\webaccess\versioncontrol\testscripts\tests\tfstests.versioncontrol.ts" adapterTypeName="Microsoft.VisualStudio.TestTools.TestTypes.Unit.UnitTestAdapter" className="d:\v2.0\a1\_work\dbded102\vso\tfs\service\webaccess\versioncontrol\testscripts\tests\tfstests.versioncontrol.ts::tfstests.versioncontrol" name="TFSTests.VersionControl.VersionControlPathTests getDirectory_IfPathContainsNoSlash_ReturnsEmptyString" />
    </UnitTest>
    <UnitTest name="TFSTests.VersionControl.VersionControlPathTests getDirectory_IfPathIsOnlySlash_ReturnsSlash" storage="d:\v2.0\a1\_work\dbded102\vso\tfs\service\webaccess\versioncontrol\testscripts\tests\tfstests.versioncontrol.ts" id="2ebf0d0c-5737-44aa-92e0-3bdca7a9e5ed">
      <Execution id="7bdf2bbf-7c04-4007-9f68-0df994026dad" />
      <TestMethod codeBase="d:\v2.0\a1\_work\dbded102\vso\tfs\service\webaccess\versioncontrol\testscripts\tests\tfstests.versioncontrol.ts" adapterTypeName="Microsoft.VisualStudio.TestTools.TestTypes.Unit.UnitTestAdapter" className="d:\v2.0\a1\_work\dbded102\vso\tfs\service\webaccess\versioncontrol\testscripts\tests\tfstests.versioncontrol.ts::tfstests.versioncontrol" name="TFSTests.VersionControl.VersionControlPathTests getDirectory_IfPathIsOnlySlash_ReturnsSlash" />
    </UnitTest>
    <UnitTest name="TFSTests.VersionControl.VersionControlPathTests getDirectory_IfPathIsAtRoot_ReturnsSlash" storage="d:\v2.0\a1\_work\dbded102\vso\tfs\service\webaccess\versioncontrol\testscripts\tests\tfstests.versioncontrol.ts" id="40f59cfe-49a2-4123-b282-34c64b8c5eea">
      <Execution id="7d432587-e52f-4ab6-af0e-f55ab3a5a39f" />
      <TestMethod codeBase="d:\v2.0\a1\_work\dbded102\vso\tfs\service\webaccess\versioncontrol\testscripts\tests\tfstests.versioncontrol.ts" adapterTypeName="Microsoft.VisualStudio.TestTools.TestTypes.Unit.UnitTestAdapter" className="d:\v2.0\a1\_work\dbded102\vso\tfs\service\webaccess\versioncontrol\testscripts\tests\tfstests.versioncontrol.ts::tfstests.versioncontrol" name="TFSTests.VersionControl.VersionControlPathTests getDirectory_IfPathIsAtRoot_ReturnsSlash" />
    </UnitTest>
    <UnitTest name="TFSTests.VersionControl.VersionControlPathTests getDirectory_IfPathEndsWithSlash_ReturnsEntirePath" storage="d:\v2.0\a1\_work\dbded102\vso\tfs\service\webaccess\versioncontrol\testscripts\tests\tfstests.versioncontrol.ts" id="254ca6e7-393a-4447-8f5f-f607c835c532">
      <Execution id="8a1238b9-9721-4336-a39c-2060880550d2" />
      <TestMethod codeBase="d:\v2.0\a1\_work\dbded102\vso\tfs\service\webaccess\versioncontrol\testscripts\tests\tfstests.versioncontrol.ts" adapterTypeName="Microsoft.VisualStudio.TestTools.TestTypes.Unit.UnitTestAdapter" className="d:\v2.0\a1\_work\dbded102\vso\tfs\service\webaccess\versioncontrol\testscripts\tests\tfstests.versioncontrol.ts::tfstests.versioncontrol" name="TFSTests.VersionControl.VersionControlPathTests getDirectory_IfPathEndsWithSlash_ReturnsEntirePath" />
    </UnitTest>
    <UnitTest name="TFSTests.VersionControl.VersionControlPathTests getDirectory_ReturnsDirectory" storage="d:\v2.0\a1\_work\dbded102\vso\tfs\service\webaccess\versioncontrol\testscripts\tests\tfstests.versioncontrol.ts" id="3bbad94c-cf3e-4b0f-8c08-e302119a983b">
      <Execution id="67bad6f9-9e11-4fbd-9639-90f89e6b2aff" />
      <TestMethod codeBase="d:\v2.0\a1\_work\dbded102\vso\tfs\service\webaccess\versioncontrol\testscripts\tests\tfstests.versioncontrol.ts" adapterTypeName="Microsoft.VisualStudio.TestTools.TestTypes.Unit.UnitTestAdapter" className="d:\v2.0\a1\_work\dbded102\vso\tfs\service\webaccess\versioncontrol\testscripts\tests\tfstests.versioncontrol.ts::tfstests.versioncontrol" name="TFSTests.VersionControl.VersionControlPathTests getDirectory_ReturnsDirectory" />
    </UnitTest>
    <UnitTest name="TFSTests.VersionControl.VersionControlPathTests getAbsoluteTo_IfBothParametersAreNull_ReturnsEmptyString" storage="d:\v2.0\a1\_work\dbded102\vso\tfs\service\webaccess\versioncontrol\testscripts\tests\tfstests.versioncontrol.ts" id="1fc4d1a4-aadc-4c00-ac26-8d44fd01a2bd">
      <Execution id="8f70ae3e-4045-439b-9dff-5b0c439d75c0" />
      <TestMethod codeBase="d:\v2.0\a1\_work\dbded102\vso\tfs\service\webaccess\versioncontrol\testscripts\tests\tfstests.versioncontrol.ts" adapterTypeName="Microsoft.VisualStudio.TestTools.TestTypes.Unit.UnitTestAdapter" className="d:\v2.0\a1\_work\dbded102\vso\tfs\service\webaccess\versioncontrol\testscripts\tests\tfstests.versioncontrol.ts::tfstests.versioncontrol" name="TFSTests.VersionControl.VersionControlPathTests getAbsoluteTo_IfBothParametersAreNull_ReturnsEmptyString" />
    </UnitTest>
    <UnitTest name="TFSTests.VersionControl.VersionControlPathTests getAbsoluteTo_IfRelativePathIsNull_ReturnsBasePath" storage="d:\v2.0\a1\_work\dbded102\vso\tfs\service\webaccess\versioncontrol\testscripts\tests\tfstests.versioncontrol.ts" id="49ed02d0-9c56-4855-86fd-abd4865a7d6b">
      <Execution id="8d916f43-6dc7-450a-b4fb-a33a454a5319" />
      <TestMethod codeBase="d:\v2.0\a1\_work\dbded102\vso\tfs\service\webaccess\versioncontrol\testscripts\tests\tfstests.versioncontrol.ts" adapterTypeName="Microsoft.VisualStudio.TestTools.TestTypes.Unit.UnitTestAdapter" className="d:\v2.0\a1\_work\dbded102\vso\tfs\service\webaccess\versioncontrol\testscripts\tests\tfstests.versioncontrol.ts::tfstests.versioncontrol" name="TFSTests.VersionControl.VersionControlPathTests getAbsoluteTo_IfRelativePathIsNull_ReturnsBasePath" />
    </UnitTest>
    <UnitTest name="TFSTests.VersionControl.VersionControlPathTests getAbsoluteTo_IfBasePathIsNull_ReturnsRelativePath" storage="d:\v2.0\a1\_work\dbded102\vso\tfs\service\webaccess\versioncontrol\testscripts\tests\tfstests.versioncontrol.ts" id="2c7ca343-b0be-47c8-8248-2a51074cc1d1">
      <Execution id="262cd703-127f-46c4-8f33-e95a31791e3e" />
      <TestMethod codeBase="d:\v2.0\a1\_work\dbded102\vso\tfs\service\webaccess\versioncontrol\testscripts\tests\tfstests.versioncontrol.ts" adapterTypeName="Microsoft.VisualStudio.TestTools.TestTypes.Unit.UnitTestAdapter" className="d:\v2.0\a1\_work\dbded102\vso\tfs\service\webaccess\versioncontrol\testscripts\tests\tfstests.versioncontrol.ts::tfstests.versioncontrol" name="TFSTests.VersionControl.VersionControlPathTests getAbsoluteTo_IfBasePathIsNull_ReturnsRelativePath" />
    </UnitTest>
    <UnitTest name="TFSTests.VersionControl.VersionControlPathTests getAbsoluteTo_IfBasePathEndsWithSlash_InterpretsLastComponentAsDirectory" storage="d:\v2.0\a1\_work\dbded102\vso\tfs\service\webaccess\versioncontrol\testscripts\tests\tfstests.versioncontrol.ts" id="ade9aa9c-291f-4a6f-a40b-e449c4d9625b">
      <Execution id="17711479-aa69-4281-a627-c9e4df3b91f4" />
      <TestMethod codeBase="d:\v2.0\a1\_work\dbded102\vso\tfs\service\webaccess\versioncontrol\testscripts\tests\tfstests.versioncontrol.ts" adapterTypeName="Microsoft.VisualStudio.TestTools.TestTypes.Unit.UnitTestAdapter" className="d:\v2.0\a1\_work\dbded102\vso\tfs\service\webaccess\versioncontrol\testscripts\tests\tfstests.versioncontrol.ts::tfstests.versioncontrol" name="TFSTests.VersionControl.VersionControlPathTests getAbsoluteTo_IfBasePathEndsWithSlash_InterpretsLastComponentAsDirectory" />
    </UnitTest>
    <UnitTest name="TFSTests.VersionControl.VersionControlPathTests getAbsoluteTo_IfBasePathEndsWithNoSlash_InterpretsLastComponentAsFile" storage="d:\v2.0\a1\_work\dbded102\vso\tfs\service\webaccess\versioncontrol\testscripts\tests\tfstests.versioncontrol.ts" id="875e39ba-f265-40c7-8128-5f69623cce2f">
      <Execution id="6576ab00-b4e9-412b-93c4-c91f1535d894" />
      <TestMethod codeBase="d:\v2.0\a1\_work\dbded102\vso\tfs\service\webaccess\versioncontrol\testscripts\tests\tfstests.versioncontrol.ts" adapterTypeName="Microsoft.VisualStudio.TestTools.TestTypes.Unit.UnitTestAdapter" className="d:\v2.0\a1\_work\dbded102\vso\tfs\service\webaccess\versioncontrol\testscripts\tests\tfstests.versioncontrol.ts::tfstests.versioncontrol" name="TFSTests.VersionControl.VersionControlPathTests getAbsoluteTo_IfBasePathEndsWithNoSlash_InterpretsLastComponentAsFile" />
    </UnitTest>
    <UnitTest name="TFSTests.VersionControl.VersionControlPathTests getAbsoluteTo_IfPathsContainSpecialCharacters_PassesThemThroughUnmodified" storage="d:\v2.0\a1\_work\dbded102\vso\tfs\service\webaccess\versioncontrol\testscripts\tests\tfstests.versioncontrol.ts" id="978f1903-cee2-4102-a207-a99e677b46fd">
      <Execution id="eb3484fd-e01e-40df-b732-5598869c5017" />
      <TestMethod codeBase="d:\v2.0\a1\_work\dbded102\vso\tfs\service\webaccess\versioncontrol\testscripts\tests\tfstests.versioncontrol.ts" adapterTypeName="Microsoft.VisualStudio.TestTools.TestTypes.Unit.UnitTestAdapter" className="d:\v2.0\a1\_work\dbded102\vso\tfs\service\webaccess\versioncontrol\testscripts\tests\tfstests.versioncontrol.ts::tfstests.versioncontrol" name="TFSTests.VersionControl.VersionControlPathTests getAbsoluteTo_IfPathsContainSpecialCharacters_PassesThemThroughUnmodified" />
    </UnitTest>
    <UnitTest name="TFSTests.VersionControl.VersionControlPathTests combineConvertsBackslashPaths" storage="d:\v2.0\a1\_work\dbded102\vso\tfs\service\webaccess\versioncontrol\testscripts\tests\tfstests.versioncontrol.ts" id="19cdf09b-68d3-4e58-95c5-ee8393618a4e">
      <Execution id="a76fcc95-02f7-4002-a6a6-afb01c4eff65" />
      <TestMethod codeBase="d:\v2.0\a1\_work\dbded102\vso\tfs\service\webaccess\versioncontrol\testscripts\tests\tfstests.versioncontrol.ts" adapterTypeName="Microsoft.VisualStudio.TestTools.TestTypes.Unit.UnitTestAdapter" className="d:\v2.0\a1\_work\dbded102\vso\tfs\service\webaccess\versioncontrol\testscripts\tests\tfstests.versioncontrol.ts::tfstests.versioncontrol" name="TFSTests.VersionControl.VersionControlPathTests combineConvertsBackslashPaths" />
    </UnitTest>
    <UnitTest name="TFSTests.VersionControl.VersionControlPathTests combineConvertsPeriodBackslashPaths" storage="d:\v2.0\a1\_work\dbded102\vso\tfs\service\webaccess\versioncontrol\testscripts\tests\tfstests.versioncontrol.ts" id="f6692561-de7c-43e3-acf3-114841145cdd">
      <Execution id="bf6bc2e8-4dba-4c6c-bfa4-71786bfdbcce" />
      <TestMethod codeBase="d:\v2.0\a1\_work\dbded102\vso\tfs\service\webaccess\versioncontrol\testscripts\tests\tfstests.versioncontrol.ts" adapterTypeName="Microsoft.VisualStudio.TestTools.TestTypes.Unit.UnitTestAdapter" className="d:\v2.0\a1\_work\dbded102\vso\tfs\service\webaccess\versioncontrol\testscripts\tests\tfstests.versioncontrol.ts::tfstests.versioncontrol" name="TFSTests.VersionControl.VersionControlPathTests combineConvertsPeriodBackslashPaths" />
    </UnitTest>
    <UnitTest name="TFSTests.VersionControl.GitVersionControlPathTests IsValidReturnsFalseForInvalidPaths" storage="d:\v2.0\a1\_work\dbded102\vso\tfs\service\webaccess\versioncontrol\testscripts\tests\tfstests.versioncontrol.ts" id="52e620ca-2849-4515-b057-6306137e4276">
      <Execution id="8d1a257b-03ff-4fcf-bb89-508df8aafb7a" />
      <TestMethod codeBase="d:\v2.0\a1\_work\dbded102\vso\tfs\service\webaccess\versioncontrol\testscripts\tests\tfstests.versioncontrol.ts" adapterTypeName="Microsoft.VisualStudio.TestTools.TestTypes.Unit.UnitTestAdapter" className="d:\v2.0\a1\_work\dbded102\vso\tfs\service\webaccess\versioncontrol\testscripts\tests\tfstests.versioncontrol.ts::tfstests.versioncontrol" name="TFSTests.VersionControl.GitVersionControlPathTests IsValidReturnsFalseForInvalidPaths" />
    </UnitTest>
    <UnitTest name="TFSTests.VersionControl.GitVersionControlPathTests IsValidReturnsTrueForValidPaths" storage="d:\v2.0\a1\_work\dbded102\vso\tfs\service\webaccess\versioncontrol\testscripts\tests\tfstests.versioncontrol.ts" id="32e84832-a11f-4767-a323-156b6fdf320e">
      <Execution id="6afbfeb5-58c0-4fd6-b9a2-a81d0814d7de" />
      <TestMethod codeBase="d:\v2.0\a1\_work\dbded102\vso\tfs\service\webaccess\versioncontrol\testscripts\tests\tfstests.versioncontrol.ts" adapterTypeName="Microsoft.VisualStudio.TestTools.TestTypes.Unit.UnitTestAdapter" className="d:\v2.0\a1\_work\dbded102\vso\tfs\service\webaccess\versioncontrol\testscripts\tests\tfstests.versioncontrol.ts::tfstests.versioncontrol" name="TFSTests.VersionControl.GitVersionControlPathTests IsValidReturnsTrueForValidPaths" />
    </UnitTest>
    <UnitTest name="TFSTests.VersionControl.GitVersionControlPathUtilityTests combineReturnsRelativePathIfBasePathIsInvalid" storage="d:\v2.0\a1\_work\dbded102\vso\tfs\service\webaccess\versioncontrol\testscripts\tests\tfstests.versioncontrol.ts" id="279033dd-87d8-437b-bfb1-4afbe469ff65">
      <Execution id="58c1a9ab-881e-4e5c-bb96-edb2e3deb4b7" />
      <TestMethod codeBase="d:\v2.0\a1\_work\dbded102\vso\tfs\service\webaccess\versioncontrol\testscripts\tests\tfstests.versioncontrol.ts" adapterTypeName="Microsoft.VisualStudio.TestTools.TestTypes.Unit.UnitTestAdapter" className="d:\v2.0\a1\_work\dbded102\vso\tfs\service\webaccess\versioncontrol\testscripts\tests\tfstests.versioncontrol.ts::tfstests.versioncontrol" name="TFSTests.VersionControl.GitVersionControlPathUtilityTests combineReturnsRelativePathIfBasePathIsInvalid" />
    </UnitTest>
    <UnitTest name="TFSTests.VersionControl.GitVersionControlPathUtilityTests combineReturnsBasePathIfRelativePathIsInvalid" storage="d:\v2.0\a1\_work\dbded102\vso\tfs\service\webaccess\versioncontrol\testscripts\tests\tfstests.versioncontrol.ts" id="910107cc-3ce7-429d-9b7f-d779424f724a">
      <Execution id="79ca7bad-4682-4d72-838b-c6f005ceedfc" />
      <TestMethod codeBase="d:\v2.0\a1\_work\dbded102\vso\tfs\service\webaccess\versioncontrol\testscripts\tests\tfstests.versioncontrol.ts" adapterTypeName="Microsoft.VisualStudio.TestTools.TestTypes.Unit.UnitTestAdapter" className="d:\v2.0\a1\_work\dbded102\vso\tfs\service\webaccess\versioncontrol\testscripts\tests\tfstests.versioncontrol.ts::tfstests.versioncontrol" name="TFSTests.VersionControl.GitVersionControlPathUtilityTests combineReturnsBasePathIfRelativePathIsInvalid" />
    </UnitTest>
    <UnitTest name="TFSTests.VersionControl.GitVersionControlPathUtilityTests combineReturnsSiblingNodeIfRelativePathIsFilename" storage="d:\v2.0\a1\_work\dbded102\vso\tfs\service\webaccess\versioncontrol\testscripts\tests\tfstests.versioncontrol.ts" id="ac703194-86e7-4c1f-ab27-27e9fdc40d21">
      <Execution id="f26e09df-bcd2-47b9-a7e3-ce0053de4dec" />
      <TestMethod codeBase="d:\v2.0\a1\_work\dbded102\vso\tfs\service\webaccess\versioncontrol\testscripts\tests\tfstests.versioncontrol.ts" adapterTypeName="Microsoft.VisualStudio.TestTools.TestTypes.Unit.UnitTestAdapter" className="d:\v2.0\a1\_work\dbded102\vso\tfs\service\webaccess\versioncontrol\testscripts\tests\tfstests.versioncontrol.ts::tfstests.versioncontrol" name="TFSTests.VersionControl.GitVersionControlPathUtilityTests combineReturnsSiblingNodeIfRelativePathIsFilename" />
    </UnitTest>
    <UnitTest name="TFSTests.VersionControl.GitVersionControlPathUtilityTests combineReturnsChildNodeIfRelativePathIsWithinDirectory" storage="d:\v2.0\a1\_work\dbded102\vso\tfs\service\webaccess\versioncontrol\testscripts\tests\tfstests.versioncontrol.ts" id="ca38b534-0840-4bfc-8347-019fc8182104">
      <Execution id="1bfde057-e5e6-4e06-baaa-0904d6c78afb" />
      <TestMethod codeBase="d:\v2.0\a1\_work\dbded102\vso\tfs\service\webaccess\versioncontrol\testscripts\tests\tfstests.versioncontrol.ts" adapterTypeName="Microsoft.VisualStudio.TestTools.TestTypes.Unit.UnitTestAdapter" className="d:\v2.0\a1\_work\dbded102\vso\tfs\service\webaccess\versioncontrol\testscripts\tests\tfstests.versioncontrol.ts::tfstests.versioncontrol" name="TFSTests.VersionControl.GitVersionControlPathUtilityTests combineReturnsChildNodeIfRelativePathIsWithinDirectory" />
    </UnitTest>
    <UnitTest name="TFSTests.VersionControl.GitVersionControlPathUtilityTests combineReturnsParentNodeIfRelativePathIsInParentDirectory" storage="d:\v2.0\a1\_work\dbded102\vso\tfs\service\webaccess\versioncontrol\testscripts\tests\tfstests.versioncontrol.ts" id="ac90b9e4-b0d7-41b0-8e16-2c52617ba9c9">
      <Execution id="c6bb9870-78f0-44aa-aba3-b972d53e8d59" />
      <TestMethod codeBase="d:\v2.0\a1\_work\dbded102\vso\tfs\service\webaccess\versioncontrol\testscripts\tests\tfstests.versioncontrol.ts" adapterTypeName="Microsoft.VisualStudio.TestTools.TestTypes.Unit.UnitTestAdapter" className="d:\v2.0\a1\_work\dbded102\vso\tfs\service\webaccess\versioncontrol\testscripts\tests\tfstests.versioncontrol.ts::tfstests.versioncontrol" name="TFSTests.VersionControl.GitVersionControlPathUtilityTests combineReturnsParentNodeIfRelativePathIsInParentDirectory" />
    </UnitTest>
    <UnitTest name="TFSTests.VersionControl.GitVersionControlPathUtilityTests combineDoesNotGoBelowRoot" storage="d:\v2.0\a1\_work\dbded102\vso\tfs\service\webaccess\versioncontrol\testscripts\tests\tfstests.versioncontrol.ts" id="acc8bb59-6e03-4b87-bd76-aa6625b25fb5">
      <Execution id="c997109d-49e1-43fe-bdf1-1bab9f299449" />
      <TestMethod codeBase="d:\v2.0\a1\_work\dbded102\vso\tfs\service\webaccess\versioncontrol\testscripts\tests\tfstests.versioncontrol.ts" adapterTypeName="Microsoft.VisualStudio.TestTools.TestTypes.Unit.UnitTestAdapter" className="d:\v2.0\a1\_work\dbded102\vso\tfs\service\webaccess\versioncontrol\testscripts\tests\tfstests.versioncontrol.ts::tfstests.versioncontrol" name="TFSTests.VersionControl.GitVersionControlPathUtilityTests combineDoesNotGoBelowRoot" />
    </UnitTest>
    <UnitTest name="TFSTests.VersionControl.TfvcVersionControlPathTests ProjectRootReturnsUndefinedForInvalidPaths" storage="d:\v2.0\a1\_work\dbded102\vso\tfs\service\webaccess\versioncontrol\testscripts\tests\tfstests.versioncontrol.ts" id="65b93b35-1c9b-4c5e-a256-31c142d734eb">
      <Execution id="4711f8c0-3d11-4747-87eb-5d075f4f0e20" />
      <TestMethod codeBase="d:\v2.0\a1\_work\dbded102\vso\tfs\service\webaccess\versioncontrol\testscripts\tests\tfstests.versioncontrol.ts" adapterTypeName="Microsoft.VisualStudio.TestTools.TestTypes.Unit.UnitTestAdapter" className="d:\v2.0\a1\_work\dbded102\vso\tfs\service\webaccess\versioncontrol\testscripts\tests\tfstests.versioncontrol.ts::tfstests.versioncontrol" name="TFSTests.VersionControl.TfvcVersionControlPathTests ProjectRootReturnsUndefinedForInvalidPaths" />
    </UnitTest>
    <UnitTest name="TFSTests.VersionControl.TfvcVersionControlPathTests ProjectRootReturnsUndefinedForRootPath" storage="d:\v2.0\a1\_work\dbded102\vso\tfs\service\webaccess\versioncontrol\testscripts\tests\tfstests.versioncontrol.ts" id="df62268f-197c-436b-a489-1748e3b6d9a0">
      <Execution id="2989a816-054c-47ba-8926-cb17c549a956" />
      <TestMethod codeBase="d:\v2.0\a1\_work\dbded102\vso\tfs\service\webaccess\versioncontrol\testscripts\tests\tfstests.versioncontrol.ts" adapterTypeName="Microsoft.VisualStudio.TestTools.TestTypes.Unit.UnitTestAdapter" className="d:\v2.0\a1\_work\dbded102\vso\tfs\service\webaccess\versioncontrol\testscripts\tests\tfstests.versioncontrol.ts::tfstests.versioncontrol" name="TFSTests.VersionControl.TfvcVersionControlPathTests ProjectRootReturnsUndefinedForRootPath" />
    </UnitTest>
    <UnitTest name="TFSTests.VersionControl.TfvcVersionControlPathTests ProjectRootReturnsCorrectProjectNameForValidProjectPaths" storage="d:\v2.0\a1\_work\dbded102\vso\tfs\service\webaccess\versioncontrol\testscripts\tests\tfstests.versioncontrol.ts" id="6386617c-2e3a-4163-80f0-c3915e345bb3">
      <Execution id="6a794e34-e3f9-4e19-ba1f-5fbb8d317997" />
      <TestMethod codeBase="d:\v2.0\a1\_work\dbded102\vso\tfs\service\webaccess\versioncontrol\testscripts\tests\tfstests.versioncontrol.ts" adapterTypeName="Microsoft.VisualStudio.TestTools.TestTypes.Unit.UnitTestAdapter" className="d:\v2.0\a1\_work\dbded102\vso\tfs\service\webaccess\versioncontrol\testscripts\tests\tfstests.versioncontrol.ts::tfstests.versioncontrol" name="TFSTests.VersionControl.TfvcVersionControlPathTests ProjectRootReturnsCorrectProjectNameForValidProjectPaths" />
    </UnitTest>
    <UnitTest name="TFSTests.VersionControl.TfvcVersionControlPathTests ProjectNameReturnsUndefinedForInvalidPaths" storage="d:\v2.0\a1\_work\dbded102\vso\tfs\service\webaccess\versioncontrol\testscripts\tests\tfstests.versioncontrol.ts" id="a666f574-4e98-4aba-a3c4-3a55cb5ec5da">
      <Execution id="8c9711cd-6f04-4ee2-82fc-76d67cf64ea3" />
      <TestMethod codeBase="d:\v2.0\a1\_work\dbded102\vso\tfs\service\webaccess\versioncontrol\testscripts\tests\tfstests.versioncontrol.ts" adapterTypeName="Microsoft.VisualStudio.TestTools.TestTypes.Unit.UnitTestAdapter" className="d:\v2.0\a1\_work\dbded102\vso\tfs\service\webaccess\versioncontrol\testscripts\tests\tfstests.versioncontrol.ts::tfstests.versioncontrol" name="TFSTests.VersionControl.TfvcVersionControlPathTests ProjectNameReturnsUndefinedForInvalidPaths" />
    </UnitTest>
    <UnitTest name="TFSTests.VersionControl.TfvcVersionControlPathTests ProjectNameReturnsCorrectProjectNameForValidProjectPaths" storage="d:\v2.0\a1\_work\dbded102\vso\tfs\service\webaccess\versioncontrol\testscripts\tests\tfstests.versioncontrol.ts" id="4671e3fb-3bc9-45fc-b320-9f30623ed47f">
      <Execution id="61b46ca8-5e35-4596-8539-488e7e10de37" />
      <TestMethod codeBase="d:\v2.0\a1\_work\dbded102\vso\tfs\service\webaccess\versioncontrol\testscripts\tests\tfstests.versioncontrol.ts" adapterTypeName="Microsoft.VisualStudio.TestTools.TestTypes.Unit.UnitTestAdapter" className="d:\v2.0\a1\_work\dbded102\vso\tfs\service\webaccess\versioncontrol\testscripts\tests\tfstests.versioncontrol.ts::tfstests.versioncontrol" name="TFSTests.VersionControl.TfvcVersionControlPathTests ProjectNameReturnsCorrectProjectNameForValidProjectPaths" />
    </UnitTest>
    <UnitTest name="TFSTests.VersionControl.TfvcVersionControlPathTests RelativePathReturnsUndefinedForInvalidPaths" storage="d:\v2.0\a1\_work\dbded102\vso\tfs\service\webaccess\versioncontrol\testscripts\tests\tfstests.versioncontrol.ts" id="679e5dca-3aa3-4b97-af0e-ab8ba96b237e">
      <Execution id="2d64f4a3-312c-4c28-b3f3-50ac484542fb" />
      <TestMethod codeBase="d:\v2.0\a1\_work\dbded102\vso\tfs\service\webaccess\versioncontrol\testscripts\tests\tfstests.versioncontrol.ts" adapterTypeName="Microsoft.VisualStudio.TestTools.TestTypes.Unit.UnitTestAdapter" className="d:\v2.0\a1\_work\dbded102\vso\tfs\service\webaccess\versioncontrol\testscripts\tests\tfstests.versioncontrol.ts::tfstests.versioncontrol" name="TFSTests.VersionControl.TfvcVersionControlPathTests RelativePathReturnsUndefinedForInvalidPaths" />
    </UnitTest>
    <UnitTest name="TFSTests.VersionControl.TfvcVersionControlPathTests RelativePathReturnsCorrectProjectNameForValidProjectPaths" storage="d:\v2.0\a1\_work\dbded102\vso\tfs\service\webaccess\versioncontrol\testscripts\tests\tfstests.versioncontrol.ts" id="bdc6425e-9462-4483-bcf0-14ad61782b06">
      <Execution id="84469dda-6244-45f0-9f9c-eb2d52c46f47" />
      <TestMethod codeBase="d:\v2.0\a1\_work\dbded102\vso\tfs\service\webaccess\versioncontrol\testscripts\tests\tfstests.versioncontrol.ts" adapterTypeName="Microsoft.VisualStudio.TestTools.TestTypes.Unit.UnitTestAdapter" className="d:\v2.0\a1\_work\dbded102\vso\tfs\service\webaccess\versioncontrol\testscripts\tests\tfstests.versioncontrol.ts::tfstests.versioncontrol" name="TFSTests.VersionControl.TfvcVersionControlPathTests RelativePathReturnsCorrectProjectNameForValidProjectPaths" />
    </UnitTest>
    <UnitTest name="TFSTests.VersionControl.TfvcVersionControlPathTests IsValidIsFalseForInvalidPaths" storage="d:\v2.0\a1\_work\dbded102\vso\tfs\service\webaccess\versioncontrol\testscripts\tests\tfstests.versioncontrol.ts" id="ca09388a-8db9-45ae-946e-ebbbb0d2f802">
      <Execution id="919957df-fa05-4936-b887-47b4877a840c" />
      <TestMethod codeBase="d:\v2.0\a1\_work\dbded102\vso\tfs\service\webaccess\versioncontrol\testscripts\tests\tfstests.versioncontrol.ts" adapterTypeName="Microsoft.VisualStudio.TestTools.TestTypes.Unit.UnitTestAdapter" className="d:\v2.0\a1\_work\dbded102\vso\tfs\service\webaccess\versioncontrol\testscripts\tests\tfstests.versioncontrol.ts::tfstests.versioncontrol" name="TFSTests.VersionControl.TfvcVersionControlPathTests IsValidIsFalseForInvalidPaths" />
    </UnitTest>
    <UnitTest name="TFSTests.VersionControl.TfvcVersionControlPathTests IsValidReturnsTrueForValidProjectPaths" storage="d:\v2.0\a1\_work\dbded102\vso\tfs\service\webaccess\versioncontrol\testscripts\tests\tfstests.versioncontrol.ts" id="7d38ff83-19e1-4f1a-b0ee-7b7be4e3c436">
      <Execution id="943e3ad9-62e2-4f67-b40c-ef95becc794e" />
      <TestMethod codeBase="d:\v2.0\a1\_work\dbded102\vso\tfs\service\webaccess\versioncontrol\testscripts\tests\tfstests.versioncontrol.ts" adapterTypeName="Microsoft.VisualStudio.TestTools.TestTypes.Unit.UnitTestAdapter" className="d:\v2.0\a1\_work\dbded102\vso\tfs\service\webaccess\versioncontrol\testscripts\tests\tfstests.versioncontrol.ts::tfstests.versioncontrol" name="TFSTests.VersionControl.TfvcVersionControlPathTests IsValidReturnsTrueForValidProjectPaths" />
    </UnitTest>
    <UnitTest name="TFSTests.VersionControl.TfvcVersionControlPathUtilityTests IsAbsolutePath_ReturnsFalseIfPathDoesNotStartWith$" storage="d:\v2.0\a1\_work\dbded102\vso\tfs\service\webaccess\versioncontrol\testscripts\tests\tfstests.versioncontrol.ts" id="6d7c03e2-ecc0-4166-8e4f-30d51f8b37ec">
      <Execution id="e7f6d1a9-781d-4aa8-8daa-a66eac19e81b" />
      <TestMethod codeBase="d:\v2.0\a1\_work\dbded102\vso\tfs\service\webaccess\versioncontrol\testscripts\tests\tfstests.versioncontrol.ts" adapterTypeName="Microsoft.VisualStudio.TestTools.TestTypes.Unit.UnitTestAdapter" className="d:\v2.0\a1\_work\dbded102\vso\tfs\service\webaccess\versioncontrol\testscripts\tests\tfstests.versioncontrol.ts::tfstests.versioncontrol" name="TFSTests.VersionControl.TfvcVersionControlPathUtilityTests IsAbsolutePath_ReturnsFalseIfPathDoesNotStartWith$" />
    </UnitTest>
    <UnitTest name="TFSTests.VersionControl.TfvcVersionControlPathUtilityTests getProjectRelativePathFromAbsolutePath_ThrowsIfPathIsNotFullPath" storage="d:\v2.0\a1\_work\dbded102\vso\tfs\service\webaccess\versioncontrol\testscripts\tests\tfstests.versioncontrol.ts" id="22ec8d73-0018-40d9-a307-31a8147cc7b9">
      <Execution id="7866d932-1cda-4d44-9cce-57fcac50c617" />
      <TestMethod codeBase="d:\v2.0\a1\_work\dbded102\vso\tfs\service\webaccess\versioncontrol\testscripts\tests\tfstests.versioncontrol.ts" adapterTypeName="Microsoft.VisualStudio.TestTools.TestTypes.Unit.UnitTestAdapter" className="d:\v2.0\a1\_work\dbded102\vso\tfs\service\webaccess\versioncontrol\testscripts\tests\tfstests.versioncontrol.ts::tfstests.versioncontrol" name="TFSTests.VersionControl.TfvcVersionControlPathUtilityTests getProjectRelativePathFromAbsolutePath_ThrowsIfPathIsNotFullPath" />
    </UnitTest>
    <UnitTest name="TFSTests.VersionControl.TfvcVersionControlPathUtilityTests getProjectRelativePathFromAbsolutePath_ThrowsIfPathDoesNotHaveProjectName" storage="d:\v2.0\a1\_work\dbded102\vso\tfs\service\webaccess\versioncontrol\testscripts\tests\tfstests.versioncontrol.ts" id="9c35eb13-4445-41fc-91eb-b45d52587f8e">
      <Execution id="a23f6eb6-2398-40cc-99d5-ec831a1ed8b1" />
      <TestMethod codeBase="d:\v2.0\a1\_work\dbded102\vso\tfs\service\webaccess\versioncontrol\testscripts\tests\tfstests.versioncontrol.ts" adapterTypeName="Microsoft.VisualStudio.TestTools.TestTypes.Unit.UnitTestAdapter" className="d:\v2.0\a1\_work\dbded102\vso\tfs\service\webaccess\versioncontrol\testscripts\tests\tfstests.versioncontrol.ts::tfstests.versioncontrol" name="TFSTests.VersionControl.TfvcVersionControlPathUtilityTests getProjectRelativePathFromAbsolutePath_ThrowsIfPathDoesNotHaveProjectName" />
    </UnitTest>
    <UnitTest name="TFSTests.VersionControl.TfvcVersionControlPathUtilityTests getProjectRelativePathFromAbsolutePath_ReturnsEmptyStringIfPathIsForAProjectRoot" storage="d:\v2.0\a1\_work\dbded102\vso\tfs\service\webaccess\versioncontrol\testscripts\tests\tfstests.versioncontrol.ts" id="f1a04818-5b11-4b13-8839-bc78ebfeed1b">
      <Execution id="b5571eac-c766-4c54-80de-9aedee7e981b" />
      <TestMethod codeBase="d:\v2.0\a1\_work\dbded102\vso\tfs\service\webaccess\versioncontrol\testscripts\tests\tfstests.versioncontrol.ts" adapterTypeName="Microsoft.VisualStudio.TestTools.TestTypes.Unit.UnitTestAdapter" className="d:\v2.0\a1\_work\dbded102\vso\tfs\service\webaccess\versioncontrol\testscripts\tests\tfstests.versioncontrol.ts::tfstests.versioncontrol" name="TFSTests.VersionControl.TfvcVersionControlPathUtilityTests getProjectRelativePathFromAbsolutePath_ReturnsEmptyStringIfPathIsForAProjectRoot" />
    </UnitTest>
    <UnitTest name="TFSTests.VersionControl.TfvcVersionControlPathUtilityTests getProjectRelativePathFromAbsolutePath_ReturnsProjectRelativePath" storage="d:\v2.0\a1\_work\dbded102\vso\tfs\service\webaccess\versioncontrol\testscripts\tests\tfstests.versioncontrol.ts" id="b243db53-ad34-4cc1-b14f-e45a62e62878">
      <Execution id="47316802-a855-4138-9c45-5e6b5175d936" />
      <TestMethod codeBase="d:\v2.0\a1\_work\dbded102\vso\tfs\service\webaccess\versioncontrol\testscripts\tests\tfstests.versioncontrol.ts" adapterTypeName="Microsoft.VisualStudio.TestTools.TestTypes.Unit.UnitTestAdapter" className="d:\v2.0\a1\_work\dbded102\vso\tfs\service\webaccess\versioncontrol\testscripts\tests\tfstests.versioncontrol.ts::tfstests.versioncontrol" name="TFSTests.VersionControl.TfvcVersionControlPathUtilityTests getProjectRelativePathFromAbsolutePath_ReturnsProjectRelativePath" />
    </UnitTest>
    <UnitTest name="TFSTests.VersionControl.TfvcVersionControlPathUtilityTests combineReturnsRelativePathIfBasePathIsInvalid" storage="d:\v2.0\a1\_work\dbded102\vso\tfs\service\webaccess\versioncontrol\testscripts\tests\tfstests.versioncontrol.ts" id="a3ca5526-fe6f-4220-93b1-00a910f055c1">
      <Execution id="658e93aa-0a4a-495e-99d6-5a6ffd980197" />
      <TestMethod codeBase="d:\v2.0\a1\_work\dbded102\vso\tfs\service\webaccess\versioncontrol\testscripts\tests\tfstests.versioncontrol.ts" adapterTypeName="Microsoft.VisualStudio.TestTools.TestTypes.Unit.UnitTestAdapter" className="d:\v2.0\a1\_work\dbded102\vso\tfs\service\webaccess\versioncontrol\testscripts\tests\tfstests.versioncontrol.ts::tfstests.versioncontrol" name="TFSTests.VersionControl.TfvcVersionControlPathUtilityTests combineReturnsRelativePathIfBasePathIsInvalid" />
    </UnitTest>
    <UnitTest name="TFSTests.VersionControl.TfvcVersionControlPathUtilityTests combineReturnsBasePathIfRelativePathIsInvalid" storage="d:\v2.0\a1\_work\dbded102\vso\tfs\service\webaccess\versioncontrol\testscripts\tests\tfstests.versioncontrol.ts" id="a3aa04d1-3402-4ab8-9eb3-79d7dbb8b23c">
      <Execution id="d35ae02a-bcb0-4e0b-a7c9-9207a50f8035" />
      <TestMethod codeBase="d:\v2.0\a1\_work\dbded102\vso\tfs\service\webaccess\versioncontrol\testscripts\tests\tfstests.versioncontrol.ts" adapterTypeName="Microsoft.VisualStudio.TestTools.TestTypes.Unit.UnitTestAdapter" className="d:\v2.0\a1\_work\dbded102\vso\tfs\service\webaccess\versioncontrol\testscripts\tests\tfstests.versioncontrol.ts::tfstests.versioncontrol" name="TFSTests.VersionControl.TfvcVersionControlPathUtilityTests combineReturnsBasePathIfRelativePathIsInvalid" />
    </UnitTest>
    <UnitTest name="TFSTests.VersionControl.TfvcVersionControlPathUtilityTests combineReturnsSiblingNodeIfRelativePathIsFilename" storage="d:\v2.0\a1\_work\dbded102\vso\tfs\service\webaccess\versioncontrol\testscripts\tests\tfstests.versioncontrol.ts" id="72602346-dce7-41f9-93b0-dd12813e79b6">
      <Execution id="3788bf51-8a74-406e-8549-a95934ef6096" />
      <TestMethod codeBase="d:\v2.0\a1\_work\dbded102\vso\tfs\service\webaccess\versioncontrol\testscripts\tests\tfstests.versioncontrol.ts" adapterTypeName="Microsoft.VisualStudio.TestTools.TestTypes.Unit.UnitTestAdapter" className="d:\v2.0\a1\_work\dbded102\vso\tfs\service\webaccess\versioncontrol\testscripts\tests\tfstests.versioncontrol.ts::tfstests.versioncontrol" name="TFSTests.VersionControl.TfvcVersionControlPathUtilityTests combineReturnsSiblingNodeIfRelativePathIsFilename" />
    </UnitTest>
    <UnitTest name="TFSTests.VersionControl.TfvcVersionControlPathUtilityTests combineReturnsChildNodeIfRelativePathIsWithinDirectory" storage="d:\v2.0\a1\_work\dbded102\vso\tfs\service\webaccess\versioncontrol\testscripts\tests\tfstests.versioncontrol.ts" id="da2858d2-5a12-4908-8af1-66efbb100ad7">
      <Execution id="e043efb9-c239-4e69-9d05-8b75b7c466bf" />
      <TestMethod codeBase="d:\v2.0\a1\_work\dbded102\vso\tfs\service\webaccess\versioncontrol\testscripts\tests\tfstests.versioncontrol.ts" adapterTypeName="Microsoft.VisualStudio.TestTools.TestTypes.Unit.UnitTestAdapter" className="d:\v2.0\a1\_work\dbded102\vso\tfs\service\webaccess\versioncontrol\testscripts\tests\tfstests.versioncontrol.ts::tfstests.versioncontrol" name="TFSTests.VersionControl.TfvcVersionControlPathUtilityTests combineReturnsChildNodeIfRelativePathIsWithinDirectory" />
    </UnitTest>
    <UnitTest name="TFSTests.VersionControl.TfvcVersionControlPathUtilityTests combineReturnsParentNodeIfRelativePathIsInParentDirectory" storage="d:\v2.0\a1\_work\dbded102\vso\tfs\service\webaccess\versioncontrol\testscripts\tests\tfstests.versioncontrol.ts" id="34968db1-0d00-4696-ad4d-f5d8e84f75d8">
      <Execution id="0db1f6fc-2f55-473f-9f50-9837d2bd8cd8" />
      <TestMethod codeBase="d:\v2.0\a1\_work\dbded102\vso\tfs\service\webaccess\versioncontrol\testscripts\tests\tfstests.versioncontrol.ts" adapterTypeName="Microsoft.VisualStudio.TestTools.TestTypes.Unit.UnitTestAdapter" className="d:\v2.0\a1\_work\dbded102\vso\tfs\service\webaccess\versioncontrol\testscripts\tests\tfstests.versioncontrol.ts::tfstests.versioncontrol" name="TFSTests.VersionControl.TfvcVersionControlPathUtilityTests combineReturnsParentNodeIfRelativePathIsInParentDirectory" />
    </UnitTest>
    <UnitTest name="TFSTests.VersionControl.TfvcVersionControlPathUtilityTests combineDoesNotGoBelowProjectRoot" storage="d:\v2.0\a1\_work\dbded102\vso\tfs\service\webaccess\versioncontrol\testscripts\tests\tfstests.versioncontrol.ts" id="7d85d7e3-8398-4bcb-b30c-2c78556c54c2">
      <Execution id="596a387a-56eb-4c2b-ae1d-afd79899f786" />
      <TestMethod codeBase="d:\v2.0\a1\_work\dbded102\vso\tfs\service\webaccess\versioncontrol\testscripts\tests\tfstests.versioncontrol.ts" adapterTypeName="Microsoft.VisualStudio.TestTools.TestTypes.Unit.UnitTestAdapter" className="d:\v2.0\a1\_work\dbded102\vso\tfs\service\webaccess\versioncontrol\testscripts\tests\tfstests.versioncontrol.ts::tfstests.versioncontrol" name="TFSTests.VersionControl.TfvcVersionControlPathUtilityTests combineDoesNotGoBelowProjectRoot" />
    </UnitTest>
    <UnitTest name="TFSTests.VersionControl.TfvcVersionControlPathUtilityTests combineReturnsCorrectlyIfRelativePathIsTfsAbsolutePath" storage="d:\v2.0\a1\_work\dbded102\vso\tfs\service\webaccess\versioncontrol\testscripts\tests\tfstests.versioncontrol.ts" id="05a4ab94-1771-42de-a26b-e8bd9f6dd272">
      <Execution id="3367b97f-03e7-40f8-8a71-f0fb466dec4a" />
      <TestMethod codeBase="d:\v2.0\a1\_work\dbded102\vso\tfs\service\webaccess\versioncontrol\testscripts\tests\tfstests.versioncontrol.ts" adapterTypeName="Microsoft.VisualStudio.TestTools.TestTypes.Unit.UnitTestAdapter" className="d:\v2.0\a1\_work\dbded102\vso\tfs\service\webaccess\versioncontrol\testscripts\tests\tfstests.versioncontrol.ts::tfstests.versioncontrol" name="TFSTests.VersionControl.TfvcVersionControlPathUtilityTests combineReturnsCorrectlyIfRelativePathIsTfsAbsolutePath" />
    </UnitTest>
    <UnitTest name="TFSTests.VersionControl.TfvcVersionControlPathUtilityTests combineReturnsCorrectlyIfRelativePathIsTfsRelativePath" storage="d:\v2.0\a1\_work\dbded102\vso\tfs\service\webaccess\versioncontrol\testscripts\tests\tfstests.versioncontrol.ts" id="085bec09-3ccb-462b-8548-5cc52a2dbb03">
      <Execution id="7cd4f13f-9a32-4838-bcde-efdef38e48a9" />
      <TestMethod codeBase="d:\v2.0\a1\_work\dbded102\vso\tfs\service\webaccess\versioncontrol\testscripts\tests\tfstests.versioncontrol.ts" adapterTypeName="Microsoft.VisualStudio.TestTools.TestTypes.Unit.UnitTestAdapter" className="d:\v2.0\a1\_work\dbded102\vso\tfs\service\webaccess\versioncontrol\testscripts\tests\tfstests.versioncontrol.ts::tfstests.versioncontrol" name="TFSTests.VersionControl.TfvcVersionControlPathUtilityTests combineReturnsCorrectlyIfRelativePathIsTfsRelativePath" />
    </UnitTest>
    <UnitTest name="TFSTests.VersionControl.TfvcVersionControlPathUtilityTests combineReturnsCorrectlyIfRelativePathIsActuallyAbsolute" storage="d:\v2.0\a1\_work\dbded102\vso\tfs\service\webaccess\versioncontrol\testscripts\tests\tfstests.versioncontrol.ts" id="19544377-5265-49f0-84d5-1348ab77d5ce">
      <Execution id="6d0c29d9-4980-45d7-a832-1ab26314f810" />
      <TestMethod codeBase="d:\v2.0\a1\_work\dbded102\vso\tfs\service\webaccess\versioncontrol\testscripts\tests\tfstests.versioncontrol.ts" adapterTypeName="Microsoft.VisualStudio.TestTools.TestTypes.Unit.UnitTestAdapter" className="d:\v2.0\a1\_work\dbded102\vso\tfs\service\webaccess\versioncontrol\testscripts\tests\tfstests.versioncontrol.ts::tfstests.versioncontrol" name="TFSTests.VersionControl.TfvcVersionControlPathUtilityTests combineReturnsCorrectlyIfRelativePathIsActuallyAbsolute" />
    </UnitTest>
    <UnitTest name="TFSTests.VersionControl.CodeExplorerWikiLinkTransformerTests VerifyGetBrowserUriCallsGetCodeExplorerUrl" storage="d:\v2.0\a1\_work\dbded102\vso\tfs\service\webaccess\versioncontrol\testscripts\tests\tfstests.versioncontrol.codeexplorerwikilinktransformer.ts" id="0efa2c03-5070-4f06-b559-983db3042e72">
      <Execution id="fb777df2-346e-4486-ad7a-ce6c4d59b27e" />
      <TestMethod codeBase="d:\v2.0\a1\_work\dbded102\vso\tfs\service\webaccess\versioncontrol\testscripts\tests\tfstests.versioncontrol.codeexplorerwikilinktransformer.ts" adapterTypeName="Microsoft.VisualStudio.TestTools.TestTypes.Unit.UnitTestAdapter" className="d:\v2.0\a1\_work\dbded102\vso\tfs\service\webaccess\versioncontrol\testscripts\tests\tfstests.versioncontrol.codeexplorerwikilinktransformer.ts::tfstests.versioncontrol" name="TFSTests.VersionControl.CodeExplorerWikiLinkTransformerTests VerifyGetBrowserUriCallsGetCodeExplorerUrl" />
    </UnitTest>
    <UnitTest name="TFSTests.VersionControl.WikiLinkTransformerTests VerifyEmptyHrefIsNotTransformed" storage="d:\v2.0\a1\_work\dbded102\vso\tfs\service\webaccess\versioncontrol\testscripts\tests\tfstests.versioncontrol.markdownrendering.ts" id="ee73d623-9a47-4e45-81e9-a86314a1f6fc">
      <Execution id="30cf55e2-636c-4a5a-ba70-ef112f227d03" />
      <TestMethod codeBase="d:\v2.0\a1\_work\dbded102\vso\tfs\service\webaccess\versioncontrol\testscripts\tests\tfstests.versioncontrol.markdownrendering.ts" adapterTypeName="Microsoft.VisualStudio.TestTools.TestTypes.Unit.UnitTestAdapter" className="d:\v2.0\a1\_work\dbded102\vso\tfs\service\webaccess\versioncontrol\testscripts\tests\tfstests.versioncontrol.markdownrendering.ts::tfstests.versioncontrol" name="TFSTests.VersionControl.WikiLinkTransformerTests VerifyEmptyHrefIsNotTransformed" />
    </UnitTest>
    <UnitTest name="TFSTests.VersionControl.WikiLinkTransformerTests VerifyUndefinedHrefIsNotTransformed" storage="d:\v2.0\a1\_work\dbded102\vso\tfs\service\webaccess\versioncontrol\testscripts\tests\tfstests.versioncontrol.wikiimagetransformer.ts" id="6faa93ab-3f6b-4bd5-9a74-639a8e4feb22">
      <Execution id="56711b98-7c6a-4cb4-b8c7-296fb0ed613e" />
      <TestMethod codeBase="d:\v2.0\a1\_work\dbded102\vso\tfs\service\webaccess\versioncontrol\testscripts\tests\tfstests.versioncontrol.wikiimagetransformer.ts" adapterTypeName="Microsoft.VisualStudio.TestTools.TestTypes.Unit.UnitTestAdapter" className="d:\v2.0\a1\_work\dbded102\vso\tfs\service\webaccess\versioncontrol\testscripts\tests\tfstests.versioncontrol.wikiimagetransformer.ts::tfstests.versioncontrol" name="TFSTests.VersionControl.WikiLinkTransformerTests VerifyUndefinedHrefIsNotTransformed" />
    </UnitTest>
    <UnitTest name="TFSTests.VersionControl.WikiLinkTransformerTests VerifyExternalAbsoluteLinkHrefIsNotTransformed" storage="d:\v2.0\a1\_work\dbded102\vso\tfs\service\webaccess\versioncontrol\testscripts\tests\tfstests.versioncontrol.wikiimagetransformer.ts" id="08040de0-a2ad-44a3-af04-adcdb1e3cfab">
      <Execution id="ac966df7-a42f-4ae3-811e-40f504df1333" />
      <TestMethod codeBase="d:\v2.0\a1\_work\dbded102\vso\tfs\service\webaccess\versioncontrol\testscripts\tests\tfstests.versioncontrol.wikiimagetransformer.ts" adapterTypeName="Microsoft.VisualStudio.TestTools.TestTypes.Unit.UnitTestAdapter" className="d:\v2.0\a1\_work\dbded102\vso\tfs\service\webaccess\versioncontrol\testscripts\tests\tfstests.versioncontrol.wikiimagetransformer.ts::tfstests.versioncontrol" name="TFSTests.VersionControl.WikiLinkTransformerTests VerifyExternalAbsoluteLinkHrefIsNotTransformed" />
    </UnitTest>
    <UnitTest name="TFSTests.VersionControl.WikiLinkTransformerTests VerifyFilePathIsMappedCorrectlyForGitProjects" storage="d:\v2.0\a1\_work\dbded102\vso\tfs\service\webaccess\versioncontrol\testscripts\tests\tfstests.versioncontrol.wikiimagetransformer.ts" id="2fd67bd1-6c6c-479c-9a57-709832cd5d01">
      <Execution id="03a54ee2-974e-4458-a910-af1e768afd53" />
      <TestMethod codeBase="d:\v2.0\a1\_work\dbded102\vso\tfs\service\webaccess\versioncontrol\testscripts\tests\tfstests.versioncontrol.wikiimagetransformer.ts" adapterTypeName="Microsoft.VisualStudio.TestTools.TestTypes.Unit.UnitTestAdapter" className="d:\v2.0\a1\_work\dbded102\vso\tfs\service\webaccess\versioncontrol\testscripts\tests\tfstests.versioncontrol.wikiimagetransformer.ts::tfstests.versioncontrol" name="TFSTests.VersionControl.WikiLinkTransformerTests VerifyFilePathIsMappedCorrectlyForGitProjects" />
    </UnitTest>
    <UnitTest name="TFSTests.VersionControl.WikiLinkTransformerTests VerifyRootedFilePathIsMappedCorrectlyForGitProjects" storage="d:\v2.0\a1\_work\dbded102\vso\tfs\service\webaccess\versioncontrol\testscripts\tests\tfstests.versioncontrol.wikiimagetransformer.ts" id="a494f2fd-792a-437b-9dba-7c3194fd6164">
      <Execution id="2f7aa581-6b0c-410d-9432-fbb3d8dd114e" />
      <TestMethod codeBase="d:\v2.0\a1\_work\dbded102\vso\tfs\service\webaccess\versioncontrol\testscripts\tests\tfstests.versioncontrol.wikiimagetransformer.ts" adapterTypeName="Microsoft.VisualStudio.TestTools.TestTypes.Unit.UnitTestAdapter" className="d:\v2.0\a1\_work\dbded102\vso\tfs\service\webaccess\versioncontrol\testscripts\tests\tfstests.versioncontrol.wikiimagetransformer.ts::tfstests.versioncontrol" name="TFSTests.VersionControl.WikiLinkTransformerTests VerifyRootedFilePathIsMappedCorrectlyForGitProjects" />
    </UnitTest>
    <UnitTest name="TFSTests.VersionControl.WikiLinkTransformerTests VerifyPathContainingEllipsisIsMappedCorrectlyForGitProjects" storage="d:\v2.0\a1\_work\dbded102\vso\tfs\service\webaccess\versioncontrol\testscripts\tests\tfstests.versioncontrol.wikiimagetransformer.ts" id="8c3cbafe-276d-4187-93d2-245addcd7e0e">
      <Execution id="c67617fd-4c6e-48a9-a528-f02258497ec5" />
      <TestMethod codeBase="d:\v2.0\a1\_work\dbded102\vso\tfs\service\webaccess\versioncontrol\testscripts\tests\tfstests.versioncontrol.wikiimagetransformer.ts" adapterTypeName="Microsoft.VisualStudio.TestTools.TestTypes.Unit.UnitTestAdapter" className="d:\v2.0\a1\_work\dbded102\vso\tfs\service\webaccess\versioncontrol\testscripts\tests\tfstests.versioncontrol.wikiimagetransformer.ts::tfstests.versioncontrol" name="TFSTests.VersionControl.WikiLinkTransformerTests VerifyPathContainingEllipsisIsMappedCorrectlyForGitProjects" />
    </UnitTest>
    <UnitTest name="TFSTests.VersionControl.WikiLinkTransformerTests VerifyPathContainingPeriodIsMappedCorrectlyForGitProjects" storage="d:\v2.0\a1\_work\dbded102\vso\tfs\service\webaccess\versioncontrol\testscripts\tests\tfstests.versioncontrol.wikiimagetransformer.ts" id="868448d3-5c77-4e32-8bb8-8d285203a5d4">
      <Execution id="6dad8f96-6371-4807-8ea4-e7f62b8977cb" />
      <TestMethod codeBase="d:\v2.0\a1\_work\dbded102\vso\tfs\service\webaccess\versioncontrol\testscripts\tests\tfstests.versioncontrol.wikiimagetransformer.ts" adapterTypeName="Microsoft.VisualStudio.TestTools.TestTypes.Unit.UnitTestAdapter" className="d:\v2.0\a1\_work\dbded102\vso\tfs\service\webaccess\versioncontrol\testscripts\tests\tfstests.versioncontrol.wikiimagetransformer.ts::tfstests.versioncontrol" name="TFSTests.VersionControl.WikiLinkTransformerTests VerifyPathContainingPeriodIsMappedCorrectlyForGitProjects" />
    </UnitTest>
    <UnitTest name="TFSTests.VersionControl.WikiLinkTransformerTests VerifyFolderRelativePathIsMappedCorrectlyForGitProjects" storage="d:\v2.0\a1\_work\dbded102\vso\tfs\service\webaccess\versioncontrol\testscripts\tests\tfstests.versioncontrol.wikiimagetransformer.ts" id="6b010106-77b2-41ad-870a-f329f8609ca1">
      <Execution id="49cb0e4a-80ee-43cb-ab9f-73de1166313f" />
      <TestMethod codeBase="d:\v2.0\a1\_work\dbded102\vso\tfs\service\webaccess\versioncontrol\testscripts\tests\tfstests.versioncontrol.wikiimagetransformer.ts" adapterTypeName="Microsoft.VisualStudio.TestTools.TestTypes.Unit.UnitTestAdapter" className="d:\v2.0\a1\_work\dbded102\vso\tfs\service\webaccess\versioncontrol\testscripts\tests\tfstests.versioncontrol.wikiimagetransformer.ts::tfstests.versioncontrol" name="TFSTests.VersionControl.WikiLinkTransformerTests VerifyFolderRelativePathIsMappedCorrectlyForGitProjects" />
    </UnitTest>
    <UnitTest name="TFSTests.VersionControl.WikiLinkTransformerTests VerifyTfsStylePathIsMappedCorrectlyForGitProjects" storage="d:\v2.0\a1\_work\dbded102\vso\tfs\service\webaccess\versioncontrol\testscripts\tests\tfstests.versioncontrol.wikiimagetransformer.ts" id="65a5240e-080b-4de6-9170-43a8f72b0854">
      <Execution id="03abadca-4d8f-45b3-829e-a769a927935c" />
      <TestMethod codeBase="d:\v2.0\a1\_work\dbded102\vso\tfs\service\webaccess\versioncontrol\testscripts\tests\tfstests.versioncontrol.wikiimagetransformer.ts" adapterTypeName="Microsoft.VisualStudio.TestTools.TestTypes.Unit.UnitTestAdapter" className="d:\v2.0\a1\_work\dbded102\vso\tfs\service\webaccess\versioncontrol\testscripts\tests\tfstests.versioncontrol.wikiimagetransformer.ts::tfstests.versioncontrol" name="TFSTests.VersionControl.WikiLinkTransformerTests VerifyTfsStylePathIsMappedCorrectlyForGitProjects" />
    </UnitTest>
    <UnitTest name="TFSTests.VersionControl.WikiLinkTransformerTests VerifyFilePathIsMappedCorrectlyForTfsProjects" storage="d:\v2.0\a1\_work\dbded102\vso\tfs\service\webaccess\versioncontrol\testscripts\tests\tfstests.versioncontrol.wikiimagetransformer.ts" id="125eb395-c36f-4a3a-a210-4fecaff8c821">
      <Execution id="ad94f65b-1f67-48b9-a0d0-0a44c1d94706" />
      <TestMethod codeBase="d:\v2.0\a1\_work\dbded102\vso\tfs\service\webaccess\versioncontrol\testscripts\tests\tfstests.versioncontrol.wikiimagetransformer.ts" adapterTypeName="Microsoft.VisualStudio.TestTools.TestTypes.Unit.UnitTestAdapter" className="d:\v2.0\a1\_work\dbded102\vso\tfs\service\webaccess\versioncontrol\testscripts\tests\tfstests.versioncontrol.wikiimagetransformer.ts::tfstests.versioncontrol" name="TFSTests.VersionControl.WikiLinkTransformerTests VerifyFilePathIsMappedCorrectlyForTfsProjects" />
    </UnitTest>
    <UnitTest name="TFSTests.VersionControl.WikiLinkTransformerTests VerifyRootedFilePathIsMappedCorrectlyForTfsProjects" storage="d:\v2.0\a1\_work\dbded102\vso\tfs\service\webaccess\versioncontrol\testscripts\tests\tfstests.versioncontrol.wikiimagetransformer.ts" id="2b544690-6eee-4a86-8cdf-c3f301af8735">
      <Execution id="a72438b7-f4a2-4ad9-b9e5-f286a0ab6c5c" />
      <TestMethod codeBase="d:\v2.0\a1\_work\dbded102\vso\tfs\service\webaccess\versioncontrol\testscripts\tests\tfstests.versioncontrol.wikiimagetransformer.ts" adapterTypeName="Microsoft.VisualStudio.TestTools.TestTypes.Unit.UnitTestAdapter" className="d:\v2.0\a1\_work\dbded102\vso\tfs\service\webaccess\versioncontrol\testscripts\tests\tfstests.versioncontrol.wikiimagetransformer.ts::tfstests.versioncontrol" name="TFSTests.VersionControl.WikiLinkTransformerTests VerifyRootedFilePathIsMappedCorrectlyForTfsProjects" />
    </UnitTest>
    <UnitTest name="TFSTests.VersionControl.WikiLinkTransformerTests VerifyPathContainingEllipsisIsMappedCorrectlyForTfsProjects" storage="d:\v2.0\a1\_work\dbded102\vso\tfs\service\webaccess\versioncontrol\testscripts\tests\tfstests.versioncontrol.wikiimagetransformer.ts" id="433f20e0-1081-4395-b324-6d50489611b4">
      <Execution id="00658bf2-aaae-4ecc-bbd6-af6af6519fce" />
      <TestMethod codeBase="d:\v2.0\a1\_work\dbded102\vso\tfs\service\webaccess\versioncontrol\testscripts\tests\tfstests.versioncontrol.wikiimagetransformer.ts" adapterTypeName="Microsoft.VisualStudio.TestTools.TestTypes.Unit.UnitTestAdapter" className="d:\v2.0\a1\_work\dbded102\vso\tfs\service\webaccess\versioncontrol\testscripts\tests\tfstests.versioncontrol.wikiimagetransformer.ts::tfstests.versioncontrol" name="TFSTests.VersionControl.WikiLinkTransformerTests VerifyPathContainingEllipsisIsMappedCorrectlyForTfsProjects" />
    </UnitTest>
    <UnitTest name="TFSTests.VersionControl.WikiLinkTransformerTests VerifyPathContainingPeriodIsMappedCorrectlyForTfsProjects" storage="d:\v2.0\a1\_work\dbded102\vso\tfs\service\webaccess\versioncontrol\testscripts\tests\tfstests.versioncontrol.wikiimagetransformer.ts" id="ca97dd42-8221-493c-b7e7-8f62a8cbc264">
      <Execution id="36f30c9c-a9c8-4c29-92ab-32b4e4650113" />
      <TestMethod codeBase="d:\v2.0\a1\_work\dbded102\vso\tfs\service\webaccess\versioncontrol\testscripts\tests\tfstests.versioncontrol.wikiimagetransformer.ts" adapterTypeName="Microsoft.VisualStudio.TestTools.TestTypes.Unit.UnitTestAdapter" className="d:\v2.0\a1\_work\dbded102\vso\tfs\service\webaccess\versioncontrol\testscripts\tests\tfstests.versioncontrol.wikiimagetransformer.ts::tfstests.versioncontrol" name="TFSTests.VersionControl.WikiLinkTransformerTests VerifyPathContainingPeriodIsMappedCorrectlyForTfsProjects" />
    </UnitTest>
    <UnitTest name="TFSTests.VersionControl.WikiLinkTransformerTests VerifyFolderRelativePathIsMappedCorrectlyForTfsProjects" storage="d:\v2.0\a1\_work\dbded102\vso\tfs\service\webaccess\versioncontrol\testscripts\tests\tfstests.versioncontrol.wikiimagetransformer.ts" id="f627c855-17ef-43ed-96cf-03d5c6834148">
      <Execution id="04d74eaa-1e49-43a1-af21-507d28e59093" />
      <TestMethod codeBase="d:\v2.0\a1\_work\dbded102\vso\tfs\service\webaccess\versioncontrol\testscripts\tests\tfstests.versioncontrol.wikiimagetransformer.ts" adapterTypeName="Microsoft.VisualStudio.TestTools.TestTypes.Unit.UnitTestAdapter" className="d:\v2.0\a1\_work\dbded102\vso\tfs\service\webaccess\versioncontrol\testscripts\tests\tfstests.versioncontrol.wikiimagetransformer.ts::tfstests.versioncontrol" name="TFSTests.VersionControl.WikiLinkTransformerTests VerifyFolderRelativePathIsMappedCorrectlyForTfsProjects" />
    </UnitTest>
    <UnitTest name="TFSTests.VersionControl.WikiLinkTransformerTests VerifyTfsStylePathIsMappedCorrectlyForTfsProjects" storage="d:\v2.0\a1\_work\dbded102\vso\tfs\service\webaccess\versioncontrol\testscripts\tests\tfstests.versioncontrol.wikiimagetransformer.ts" id="120cadd1-2535-4e4a-b695-7986512bbbf0">
      <Execution id="08b0d967-b4f4-4688-aa8b-f34b566c9f91" />
      <TestMethod codeBase="d:\v2.0\a1\_work\dbded102\vso\tfs\service\webaccess\versioncontrol\testscripts\tests\tfstests.versioncontrol.wikiimagetransformer.ts" adapterTypeName="Microsoft.VisualStudio.TestTools.TestTypes.Unit.UnitTestAdapter" className="d:\v2.0\a1\_work\dbded102\vso\tfs\service\webaccess\versioncontrol\testscripts\tests\tfstests.versioncontrol.wikiimagetransformer.ts::tfstests.versioncontrol" name="TFSTests.VersionControl.WikiLinkTransformerTests VerifyTfsStylePathIsMappedCorrectlyForTfsProjects" />
    </UnitTest>
    <UnitTest name="TFSTests.VersionControl.WikiLinkTransformerTests VerifyFragmentOnlyPathIsMappedCorrectlyForTfsProjects" storage="d:\v2.0\a1\_work\dbded102\vso\tfs\service\webaccess\versioncontrol\testscripts\tests\tfstests.versioncontrol.wikilinktransformer.ts" id="4d6bbd15-54e8-4459-8e3f-a0107272da15">
      <Execution id="e73f5c8c-05c7-4487-94ad-25234c84df01" />
      <TestMethod codeBase="d:\v2.0\a1\_work\dbded102\vso\tfs\service\webaccess\versioncontrol\testscripts\tests\tfstests.versioncontrol.wikilinktransformer.ts" adapterTypeName="Microsoft.VisualStudio.TestTools.TestTypes.Unit.UnitTestAdapter" className="d:\v2.0\a1\_work\dbded102\vso\tfs\service\webaccess\versioncontrol\testscripts\tests\tfstests.versioncontrol.wikilinktransformer.ts::tfstests.versioncontrol" name="TFSTests.VersionControl.WikiLinkTransformerTests VerifyFragmentOnlyPathIsMappedCorrectlyForTfsProjects" />
    </UnitTest>
    <UnitTest name="TFSTests.VersionControl.WikiLinkTransformerTests VerifyFragmentOnlyPathIsMappedCorrectlyForGitProjects" storage="d:\v2.0\a1\_work\dbded102\vso\tfs\service\webaccess\versioncontrol\testscripts\tests\tfstests.versioncontrol.wikilinktransformer.ts" id="640804cc-f784-43c0-914e-9eca310cda8a">
      <Execution id="e2ab6daf-3479-464b-a67a-633b20b978e2" />
      <TestMethod codeBase="d:\v2.0\a1\_work\dbded102\vso\tfs\service\webaccess\versioncontrol\testscripts\tests\tfstests.versioncontrol.wikilinktransformer.ts" adapterTypeName="Microsoft.VisualStudio.TestTools.TestTypes.Unit.UnitTestAdapter" className="d:\v2.0\a1\_work\dbded102\vso\tfs\service\webaccess\versioncontrol\testscripts\tests\tfstests.versioncontrol.wikilinktransformer.ts::tfstests.versioncontrol" name="TFSTests.VersionControl.WikiLinkTransformerTests VerifyFragmentOnlyPathIsMappedCorrectlyForGitProjects" />
    </UnitTest>
    <UnitTest name="TFSTests.VersionControl.WikiLinkTransformerTests VerifyPathWithFragmentIsMappedCorrectlyForTfsProjects" storage="d:\v2.0\a1\_work\dbded102\vso\tfs\service\webaccess\versioncontrol\testscripts\tests\tfstests.versioncontrol.wikilinktransformer.ts" id="9560db62-8579-4764-b989-7e02a46730ca">
      <Execution id="1aec092f-757e-460b-b23c-1aa727c3b326" />
      <TestMethod codeBase="d:\v2.0\a1\_work\dbded102\vso\tfs\service\webaccess\versioncontrol\testscripts\tests\tfstests.versioncontrol.wikilinktransformer.ts" adapterTypeName="Microsoft.VisualStudio.TestTools.TestTypes.Unit.UnitTestAdapter" className="d:\v2.0\a1\_work\dbded102\vso\tfs\service\webaccess\versioncontrol\testscripts\tests\tfstests.versioncontrol.wikilinktransformer.ts::tfstests.versioncontrol" name="TFSTests.VersionControl.WikiLinkTransformerTests VerifyPathWithFragmentIsMappedCorrectlyForTfsProjects" />
    </UnitTest>
    <UnitTest name="TFSTests.VersionControl.WikiLinkTransformerTests VerifyPathWithFragmentIsMappedCorrectlyForGitProjects" storage="d:\v2.0\a1\_work\dbded102\vso\tfs\service\webaccess\versioncontrol\testscripts\tests\tfstests.versioncontrol.wikilinktransformer.ts" id="faae4941-e7d6-463a-a4c7-5d1deacdddea">
      <Execution id="e9585946-ddc8-42d7-8f2a-cc0dbb55ab73" />
      <TestMethod codeBase="d:\v2.0\a1\_work\dbded102\vso\tfs\service\webaccess\versioncontrol\testscripts\tests\tfstests.versioncontrol.wikilinktransformer.ts" adapterTypeName="Microsoft.VisualStudio.TestTools.TestTypes.Unit.UnitTestAdapter" className="d:\v2.0\a1\_work\dbded102\vso\tfs\service\webaccess\versioncontrol\testscripts\tests\tfstests.versioncontrol.wikilinktransformer.ts::tfstests.versioncontrol" name="TFSTests.VersionControl.WikiLinkTransformerTests VerifyPathWithFragmentIsMappedCorrectlyForGitProjects" />
    </UnitTest>
    <UnitTest name="TFSTests.VersionControl.WikiLinkTransformerTests VerifyGetCodeExplorerUrlForTfsProjects" storage="d:\v2.0\a1\_work\dbded102\vso\tfs\service\webaccess\versioncontrol\testscripts\tests\tfstests.versioncontrol.wikilinktransformer.ts" id="be254b8d-006d-4cef-ae73-b698eed0734e">
      <Execution id="25e65839-9a26-400f-80d1-9553612127c2" />
      <TestMethod codeBase="d:\v2.0\a1\_work\dbded102\vso\tfs\service\webaccess\versioncontrol\testscripts\tests\tfstests.versioncontrol.wikilinktransformer.ts" adapterTypeName="Microsoft.VisualStudio.TestTools.TestTypes.Unit.UnitTestAdapter" className="d:\v2.0\a1\_work\dbded102\vso\tfs\service\webaccess\versioncontrol\testscripts\tests\tfstests.versioncontrol.wikilinktransformer.ts::tfstests.versioncontrol" name="TFSTests.VersionControl.WikiLinkTransformerTests VerifyGetCodeExplorerUrlForTfsProjects" />
    </UnitTest>
    <UnitTest name="TFSTests.VersionControl.WikiLinkTransformerTests VerifyGetCodeExplorerUrlForGitProjects" storage="d:\v2.0\a1\_work\dbded102\vso\tfs\service\webaccess\versioncontrol\testscripts\tests\tfstests.versioncontrol.wikilinktransformer.ts" id="cacf441f-fc26-478d-8797-3b29581439fd">
      <Execution id="3bf82462-8b35-40d7-b835-22e2081cc377" />
      <TestMethod codeBase="d:\v2.0\a1\_work\dbded102\vso\tfs\service\webaccess\versioncontrol\testscripts\tests\tfstests.versioncontrol.wikilinktransformer.ts" adapterTypeName="Microsoft.VisualStudio.TestTools.TestTypes.Unit.UnitTestAdapter" className="d:\v2.0\a1\_work\dbded102\vso\tfs\service\webaccess\versioncontrol\testscripts\tests\tfstests.versioncontrol.wikilinktransformer.ts::tfstests.versioncontrol" name="TFSTests.VersionControl.WikiLinkTransformerTests VerifyGetCodeExplorerUrlForGitProjects" />
    </UnitTest>
    <UnitTest name="TFSTests.VersionControl.WikiLinkTransformerTests VerifyGetCodeExplorerUrlSetsCreateIfNewToTrueForMarkdownFiles" storage="d:\v2.0\a1\_work\dbded102\vso\tfs\service\webaccess\versioncontrol\testscripts\tests\tfstests.versioncontrol.wikilinktransformer.ts" id="3c9c4151-19ad-48f0-bda3-ff966f5cea0c">
      <Execution id="8215f592-81c7-4499-83d5-7f9f18660002" />
      <TestMethod codeBase="d:\v2.0\a1\_work\dbded102\vso\tfs\service\webaccess\versioncontrol\testscripts\tests\tfstests.versioncontrol.wikilinktransformer.ts" adapterTypeName="Microsoft.VisualStudio.TestTools.TestTypes.Unit.UnitTestAdapter" className="d:\v2.0\a1\_work\dbded102\vso\tfs\service\webaccess\versioncontrol\testscripts\tests\tfstests.versioncontrol.wikilinktransformer.ts::tfstests.versioncontrol" name="TFSTests.VersionControl.WikiLinkTransformerTests VerifyGetCodeExplorerUrlSetsCreateIfNewToTrueForMarkdownFiles" />
    </UnitTest>
    <UnitTest name="TFSTests.VersionControl.WikiLinkTransformerTests VerifyGetCodeExplorerUrlDoesNotSetCreateIfNewForNonMarkdownFiles" storage="d:\v2.0\a1\_work\dbded102\vso\tfs\service\webaccess\versioncontrol\testscripts\tests\tfstests.versioncontrol.wikilinktransformer.ts" id="a0103d39-8052-491e-a582-d4067bd8f41e">
      <Execution id="d0cb9846-e9f9-40ca-b2d9-3f66b56fce0d" />
      <TestMethod codeBase="d:\v2.0\a1\_work\dbded102\vso\tfs\service\webaccess\versioncontrol\testscripts\tests\tfstests.versioncontrol.wikilinktransformer.ts" adapterTypeName="Microsoft.VisualStudio.TestTools.TestTypes.Unit.UnitTestAdapter" className="d:\v2.0\a1\_work\dbded102\vso\tfs\service\webaccess\versioncontrol\testscripts\tests\tfstests.versioncontrol.wikilinktransformer.ts::tfstests.versioncontrol" name="TFSTests.VersionControl.WikiLinkTransformerTests VerifyGetCodeExplorerUrlDoesNotSetCreateIfNewForNonMarkdownFiles" />
    </UnitTest>
    <UnitTest name="TFSTests.VersionControl.WikiLinkTransformerTests VerifySpecialCharactersInPathAndAnchorNameArePreservedAndDecoded" storage="d:\v2.0\a1\_work\dbded102\vso\tfs\service\webaccess\versioncontrol\testscripts\tests\tfstests.versioncontrol.wikilinktransformer.ts" id="ced51270-b8d7-4b70-b043-17e9965d5ac2">
      <Execution id="a6958749-1472-4623-9c4a-3eb97adc03bf" />
      <TestMethod codeBase="d:\v2.0\a1\_work\dbded102\vso\tfs\service\webaccess\versioncontrol\testscripts\tests\tfstests.versioncontrol.wikilinktransformer.ts" adapterTypeName="Microsoft.VisualStudio.TestTools.TestTypes.Unit.UnitTestAdapter" className="d:\v2.0\a1\_work\dbded102\vso\tfs\service\webaccess\versioncontrol\testscripts\tests\tfstests.versioncontrol.wikilinktransformer.ts::tfstests.versioncontrol" name="TFSTests.VersionControl.WikiLinkTransformerTests VerifySpecialCharactersInPathAndAnchorNameArePreservedAndDecoded" />
    </UnitTest>
    <UnitTest name="TFSTests.VersionControl.Controls.RepositoryCommonActionsBaseControl VerifyBaseReposiotryActionControlCreatesElements" storage="d:\v2.0\a1\_work\dbded102\vso\tfs\service\webaccess\versioncontrol\testscripts\tests\tfstests.versioncontrol.controls.repositorycommonactions.ts" id="35bdaa1b-7dc8-4233-b4c1-e3d14e8571b6">
      <Execution id="b187a4b6-f900-4a49-9201-a3768cea9f79" />
      <TestMethod codeBase="d:\v2.0\a1\_work\dbded102\vso\tfs\service\webaccess\versioncontrol\testscripts\tests\tfstests.versioncontrol.controls.repositorycommonactions.ts" adapterTypeName="Microsoft.VisualStudio.TestTools.TestTypes.Unit.UnitTestAdapter" className="d:\v2.0\a1\_work\dbded102\vso\tfs\service\webaccess\versioncontrol\testscripts\tests\tfstests.versioncontrol.controls.repositorycommonactions.ts::tfstests.versioncontrol.controls" name="TFSTests.VersionControl.Controls.RepositoryCommonActionsBaseControl VerifyBaseReposiotryActionControlCreatesElements" />
    </UnitTest>
    <UnitTest name="TFSTests.VersionControl.Controls.RepositoryCommonActionsBaseControl VerifyBaseReposiotryActionDoesNotCreateTitleElement" storage="d:\v2.0\a1\_work\dbded102\vso\tfs\service\webaccess\versioncontrol\testscripts\tests\tfstests.versioncontrol.controls.repositorycommonactions.ts" id="e81e88d0-faf9-42c0-821f-9acc91785db9">
      <Execution id="8997879c-7ca7-46f3-b8bb-3971901983f6" />
      <TestMethod codeBase="d:\v2.0\a1\_work\dbded102\vso\tfs\service\webaccess\versioncontrol\testscripts\tests\tfstests.versioncontrol.controls.repositorycommonactions.ts" adapterTypeName="Microsoft.VisualStudio.TestTools.TestTypes.Unit.UnitTestAdapter" className="d:\v2.0\a1\_work\dbded102\vso\tfs\service\webaccess\versioncontrol\testscripts\tests\tfstests.versioncontrol.controls.repositorycommonactions.ts::tfstests.versioncontrol.controls" name="TFSTests.VersionControl.Controls.RepositoryCommonActionsBaseControl VerifyBaseReposiotryActionDoesNotCreateTitleElement" />
    </UnitTest>
    <UnitTest name="TFSTests.VersionControl.Controls.RepositoryCommonActionsBaseControl VerifyBaseReposiotryActionDoesNotCreateContentElement" storage="d:\v2.0\a1\_work\dbded102\vso\tfs\service\webaccess\versioncontrol\testscripts\tests\tfstests.versioncontrol.controls.repositorycommonactions.ts" id="d7fff878-2698-4595-82ec-baf35dfdcc7e">
      <Execution id="76624e73-69a0-4b35-b233-027481e3aa7a" />
      <TestMethod codeBase="d:\v2.0\a1\_work\dbded102\vso\tfs\service\webaccess\versioncontrol\testscripts\tests\tfstests.versioncontrol.controls.repositorycommonactions.ts" adapterTypeName="Microsoft.VisualStudio.TestTools.TestTypes.Unit.UnitTestAdapter" className="d:\v2.0\a1\_work\dbded102\vso\tfs\service\webaccess\versioncontrol\testscripts\tests\tfstests.versioncontrol.controls.repositorycommonactions.ts::tfstests.versioncontrol.controls" name="TFSTests.VersionControl.Controls.RepositoryCommonActionsBaseControl VerifyBaseReposiotryActionDoesNotCreateContentElement" />
    </UnitTest>
    <UnitTest name="TFSTests.VersionControl.Controls.RepositoryCommonActionsOpenInVSReposiotryActionControl VerifyOpenInVSReposiotryActionControlCreatesInputElement" storage="d:\v2.0\a1\_work\dbded102\vso\tfs\service\webaccess\versioncontrol\testscripts\tests\tfstests.versioncontrol.controls.repositorycommonactions.ts" id="5686b635-45f0-4ddd-b516-52d992c76e71">
      <Execution id="2cb77c7b-0b6e-45ec-8e87-d4687be420bc" />
      <TestMethod codeBase="d:\v2.0\a1\_work\dbded102\vso\tfs\service\webaccess\versioncontrol\testscripts\tests\tfstests.versioncontrol.controls.repositorycommonactions.ts" adapterTypeName="Microsoft.VisualStudio.TestTools.TestTypes.Unit.UnitTestAdapter" className="d:\v2.0\a1\_work\dbded102\vso\tfs\service\webaccess\versioncontrol\testscripts\tests\tfstests.versioncontrol.controls.repositorycommonactions.ts::tfstests.versioncontrol.controls" name="TFSTests.VersionControl.Controls.RepositoryCommonActionsOpenInVSReposiotryActionControl VerifyOpenInVSReposiotryActionControlCreatesInputElement" />
    </UnitTest>
    <UnitTest name="TFSTests.VersionControl.Controls.RepositoryCommonActionsCloneRepositoryActionControl VerifyCloneRepositoryActionControlCreatesCloneBox" storage="d:\v2.0\a1\_work\dbded102\vso\tfs\service\webaccess\versioncontrol\testscripts\tests\tfstests.versioncontrol.controls.repositorycommonactions.ts" id="07a3f150-015b-47bb-a5d4-c61404f4d465">
      <Execution id="25c0e843-ce4d-4903-abda-3858b6b4d7b8" />
      <TestMethod codeBase="d:\v2.0\a1\_work\dbded102\vso\tfs\service\webaccess\versioncontrol\testscripts\tests\tfstests.versioncontrol.controls.repositorycommonactions.ts" adapterTypeName="Microsoft.VisualStudio.TestTools.TestTypes.Unit.UnitTestAdapter" className="d:\v2.0\a1\_work\dbded102\vso\tfs\service\webaccess\versioncontrol\testscripts\tests\tfstests.versioncontrol.controls.repositorycommonactions.ts::tfstests.versioncontrol.controls" name="TFSTests.VersionControl.Controls.RepositoryCommonActionsCloneRepositoryActionControl VerifyCloneRepositoryActionControlCreatesCloneBox" />
    </UnitTest>
    <UnitTest name="TFSTests.VersionControl.Controls.RepositoryCommonActionsAddFilesActionControl VerifyAddFilesActionControlCreatesAddFilesElement" storage="d:\v2.0\a1\_work\dbded102\vso\tfs\service\webaccess\versioncontrol\testscripts\tests\tfstests.versioncontrol.controls.repositorycommonactions.ts" id="f9acf32e-4d20-4e63-bbf2-d6237a94aa30">
      <Execution id="ef63270e-8c4e-4373-ad88-456250ccff96" />
      <TestMethod codeBase="d:\v2.0\a1\_work\dbded102\vso\tfs\service\webaccess\versioncontrol\testscripts\tests\tfstests.versioncontrol.controls.repositorycommonactions.ts" adapterTypeName="Microsoft.VisualStudio.TestTools.TestTypes.Unit.UnitTestAdapter" className="d:\v2.0\a1\_work\dbded102\vso\tfs\service\webaccess\versioncontrol\testscripts\tests\tfstests.versioncontrol.controls.repositorycommonactions.ts::tfstests.versioncontrol.controls" name="TFSTests.VersionControl.Controls.RepositoryCommonActionsAddFilesActionControl VerifyAddFilesActionControlCreatesAddFilesElement" />
    </UnitTest>
    <UnitTest name="TFSTests.VersionControl.Controls.RepositoryCommonActionsBar VerifyOpenInVSReposiotryActionControlIsBuilt" storage="d:\v2.0\a1\_work\dbded102\vso\tfs\service\webaccess\versioncontrol\testscripts\tests\tfstests.versioncontrol.controls.repositorycommonactionsbar.ts" id="1a6717ce-a19e-4f5e-8ffd-0366812f2168">
      <Execution id="90af6b0a-20d9-4242-a362-19adc91d79aa" />
      <TestMethod codeBase="d:\v2.0\a1\_work\dbded102\vso\tfs\service\webaccess\versioncontrol\testscripts\tests\tfstests.versioncontrol.controls.repositorycommonactionsbar.ts" adapterTypeName="Microsoft.VisualStudio.TestTools.TestTypes.Unit.UnitTestAdapter" className="d:\v2.0\a1\_work\dbded102\vso\tfs\service\webaccess\versioncontrol\testscripts\tests\tfstests.versioncontrol.controls.repositorycommonactionsbar.ts::tfstests.versioncontrol.controls" name="TFSTests.VersionControl.Controls.RepositoryCommonActionsBar VerifyOpenInVSReposiotryActionControlIsBuilt" />
    </UnitTest>
    <UnitTest name="TFSTests.VersionControl.Controls.RepositoryCommonActionsBar VerifyCloneRepositoryActionControlIsBuilt" storage="d:\v2.0\a1\_work\dbded102\vso\tfs\service\webaccess\versioncontrol\testscripts\tests\tfstests.versioncontrol.controls.repositorycommonactionsbar.ts" id="1b4f5330-90a7-4a1f-85af-ee5e04fd4afe">
      <Execution id="a472f31f-f2d3-4bd0-8e4d-14eb6f575547" />
      <TestMethod codeBase="d:\v2.0\a1\_work\dbded102\vso\tfs\service\webaccess\versioncontrol\testscripts\tests\tfstests.versioncontrol.controls.repositorycommonactionsbar.ts" adapterTypeName="Microsoft.VisualStudio.TestTools.TestTypes.Unit.UnitTestAdapter" className="d:\v2.0\a1\_work\dbded102\vso\tfs\service\webaccess\versioncontrol\testscripts\tests\tfstests.versioncontrol.controls.repositorycommonactionsbar.ts::tfstests.versioncontrol.controls" name="TFSTests.VersionControl.Controls.RepositoryCommonActionsBar VerifyCloneRepositoryActionControlIsBuilt" />
    </UnitTest>
    <UnitTest name="TFSTests.VersionControl.Controls.RepositoryCommonActionsBar VerifyAddFilesActionControlIsBuilt" storage="d:\v2.0\a1\_work\dbded102\vso\tfs\service\webaccess\versioncontrol\testscripts\tests\tfstests.versioncontrol.controls.repositorycommonactionsbar.ts" id="0ecc1111-96ca-41c0-824d-3b287c5b4812">
      <Execution id="92394aa3-f62f-475c-90b8-e14cf13ca425" />
      <TestMethod codeBase="d:\v2.0\a1\_work\dbded102\vso\tfs\service\webaccess\versioncontrol\testscripts\tests\tfstests.versioncontrol.controls.repositorycommonactionsbar.ts" adapterTypeName="Microsoft.VisualStudio.TestTools.TestTypes.Unit.UnitTestAdapter" className="d:\v2.0\a1\_work\dbded102\vso\tfs\service\webaccess\versioncontrol\testscripts\tests\tfstests.versioncontrol.controls.repositorycommonactionsbar.ts::tfstests.versioncontrol.controls" name="TFSTests.VersionControl.Controls.RepositoryCommonActionsBar VerifyAddFilesActionControlIsBuilt" />
    </UnitTest>
    <UnitTest name="TFSTests.VersionControl.MarkdownRenderingTests VerifyEmptyHrefIsNotTransformed" storage="d:\v2.0\a1\_work\dbded102\vso\tfs\service\webaccess\versioncontrol\testscripts\tests\tfstests.versioncontrol.markdownrendering.ts" id="444758d1-1091-45e8-88b0-601e72c90af6">
      <Execution id="366187c1-b3ba-45ec-ac15-39d6be411ec0" />
      <TestMethod codeBase="d:\v2.0\a1\_work\dbded102\vso\tfs\service\webaccess\versioncontrol\testscripts\tests\tfstests.versioncontrol.markdownrendering.ts" adapterTypeName="Microsoft.VisualStudio.TestTools.TestTypes.Unit.UnitTestAdapter" className="d:\v2.0\a1\_work\dbded102\vso\tfs\service\webaccess\versioncontrol\testscripts\tests\tfstests.versioncontrol.markdownrendering.ts::tfstests.versioncontrol" name="TFSTests.VersionControl.MarkdownRenderingTests VerifyEmptyHrefIsNotTransformed" />
    </UnitTest>
    <UnitTest name="TFSTests.VersionControl.MarkdownRenderingTests VerifyExternalAbsoluteLinkHrefIsNotTransformed" storage="d:\v2.0\a1\_work\dbded102\vso\tfs\service\webaccess\versioncontrol\testscripts\tests\tfstests.versioncontrol.markdownrendering.ts" id="a62bb039-0f86-4576-bb78-7a587b615616">
      <Execution id="fee754ed-4181-4a52-9db4-8002eaf6c4d2" />
      <TestMethod codeBase="d:\v2.0\a1\_work\dbded102\vso\tfs\service\webaccess\versioncontrol\testscripts\tests\tfstests.versioncontrol.markdownrendering.ts" adapterTypeName="Microsoft.VisualStudio.TestTools.TestTypes.Unit.UnitTestAdapter" className="d:\v2.0\a1\_work\dbded102\vso\tfs\service\webaccess\versioncontrol\testscripts\tests\tfstests.versioncontrol.markdownrendering.ts::tfstests.versioncontrol" name="TFSTests.VersionControl.MarkdownRenderingTests VerifyExternalAbsoluteLinkHrefIsNotTransformed" />
    </UnitTest>
    <UnitTest name="TFSTests.VersionControl.MarkdownRenderingTests VerifyFilePathIsMappedCorrectlyForGitProjects" storage="d:\v2.0\a1\_work\dbded102\vso\tfs\service\webaccess\versioncontrol\testscripts\tests\tfstests.versioncontrol.markdownrendering.ts" id="08410c1a-ebcb-4cee-9d7e-ada3e8c34851">
      <Execution id="c18cba26-117b-4d12-9f61-b54d892f9c4e" />
      <TestMethod codeBase="d:\v2.0\a1\_work\dbded102\vso\tfs\service\webaccess\versioncontrol\testscripts\tests\tfstests.versioncontrol.markdownrendering.ts" adapterTypeName="Microsoft.VisualStudio.TestTools.TestTypes.Unit.UnitTestAdapter" className="d:\v2.0\a1\_work\dbded102\vso\tfs\service\webaccess\versioncontrol\testscripts\tests\tfstests.versioncontrol.markdownrendering.ts::tfstests.versioncontrol" name="TFSTests.VersionControl.MarkdownRenderingTests VerifyFilePathIsMappedCorrectlyForGitProjects" />
    </UnitTest>
    <UnitTest name="TFSTests.VersionControl.MarkdownRenderingTests VerifyRootedFilePathIsMappedCorrectlyForGitProjects" storage="d:\v2.0\a1\_work\dbded102\vso\tfs\service\webaccess\versioncontrol\testscripts\tests\tfstests.versioncontrol.markdownrendering.ts" id="7879d780-0d39-4cfb-857e-9181761af18b">
      <Execution id="9350280f-ada4-4f24-a695-480a25ef0b0f" />
      <TestMethod codeBase="d:\v2.0\a1\_work\dbded102\vso\tfs\service\webaccess\versioncontrol\testscripts\tests\tfstests.versioncontrol.markdownrendering.ts" adapterTypeName="Microsoft.VisualStudio.TestTools.TestTypes.Unit.UnitTestAdapter" className="d:\v2.0\a1\_work\dbded102\vso\tfs\service\webaccess\versioncontrol\testscripts\tests\tfstests.versioncontrol.markdownrendering.ts::tfstests.versioncontrol" name="TFSTests.VersionControl.MarkdownRenderingTests VerifyRootedFilePathIsMappedCorrectlyForGitProjects" />
    </UnitTest>
    <UnitTest name="TFSTests.VersionControl.MarkdownRenderingTests VerifyPathContainingEllipsisIsMappedCorrectlyForGitProjects" storage="d:\v2.0\a1\_work\dbded102\vso\tfs\service\webaccess\versioncontrol\testscripts\tests\tfstests.versioncontrol.markdownrendering.ts" id="f78bef0b-bcfd-4b7e-8658-1f36aac2243f">
      <Execution id="b6bd0fea-a4c8-4088-ab01-33688693256e" />
      <TestMethod codeBase="d:\v2.0\a1\_work\dbded102\vso\tfs\service\webaccess\versioncontrol\testscripts\tests\tfstests.versioncontrol.markdownrendering.ts" adapterTypeName="Microsoft.VisualStudio.TestTools.TestTypes.Unit.UnitTestAdapter" className="d:\v2.0\a1\_work\dbded102\vso\tfs\service\webaccess\versioncontrol\testscripts\tests\tfstests.versioncontrol.markdownrendering.ts::tfstests.versioncontrol" name="TFSTests.VersionControl.MarkdownRenderingTests VerifyPathContainingEllipsisIsMappedCorrectlyForGitProjects" />
    </UnitTest>
    <UnitTest name="TFSTests.VersionControl.MarkdownRenderingTests VerifyPathContainingPeriodIsMappedCorrectlyForGitProjects" storage="d:\v2.0\a1\_work\dbded102\vso\tfs\service\webaccess\versioncontrol\testscripts\tests\tfstests.versioncontrol.markdownrendering.ts" id="7a49adb3-0946-4ad3-a906-8fcd3af07620">
      <Execution id="a5b52c7b-33b3-478f-9cc1-36e1ca6cb3e4" />
      <TestMethod codeBase="d:\v2.0\a1\_work\dbded102\vso\tfs\service\webaccess\versioncontrol\testscripts\tests\tfstests.versioncontrol.markdownrendering.ts" adapterTypeName="Microsoft.VisualStudio.TestTools.TestTypes.Unit.UnitTestAdapter" className="d:\v2.0\a1\_work\dbded102\vso\tfs\service\webaccess\versioncontrol\testscripts\tests\tfstests.versioncontrol.markdownrendering.ts::tfstests.versioncontrol" name="TFSTests.VersionControl.MarkdownRenderingTests VerifyPathContainingPeriodIsMappedCorrectlyForGitProjects" />
    </UnitTest>
    <UnitTest name="TFSTests.VersionControl.MarkdownRenderingTests VerifyFolderRelativePathIsMappedCorrectlyForGitProjects" storage="d:\v2.0\a1\_work\dbded102\vso\tfs\service\webaccess\versioncontrol\testscripts\tests\tfstests.versioncontrol.markdownrendering.ts" id="a145c755-afd5-47b4-96b0-e9edbabe7ca2">
      <Execution id="c6fa2436-cd0f-4ddb-b5e2-afba9c7134df" />
      <TestMethod codeBase="d:\v2.0\a1\_work\dbded102\vso\tfs\service\webaccess\versioncontrol\testscripts\tests\tfstests.versioncontrol.markdownrendering.ts" adapterTypeName="Microsoft.VisualStudio.TestTools.TestTypes.Unit.UnitTestAdapter" className="d:\v2.0\a1\_work\dbded102\vso\tfs\service\webaccess\versioncontrol\testscripts\tests\tfstests.versioncontrol.markdownrendering.ts::tfstests.versioncontrol" name="TFSTests.VersionControl.MarkdownRenderingTests VerifyFolderRelativePathIsMappedCorrectlyForGitProjects" />
    </UnitTest>
    <UnitTest name="TFSTests.VersionControl.MarkdownRenderingTests VerifyTfsStylePathIsMappedCorrectlyForGitProjects" storage="d:\v2.0\a1\_work\dbded102\vso\tfs\service\webaccess\versioncontrol\testscripts\tests\tfstests.versioncontrol.markdownrendering.ts" id="a87e6608-bad1-40bb-960d-664fccedad1b">
      <Execution id="7b1fbd88-f39f-4f3d-a154-f61e852da561" />
      <TestMethod codeBase="d:\v2.0\a1\_work\dbded102\vso\tfs\service\webaccess\versioncontrol\testscripts\tests\tfstests.versioncontrol.markdownrendering.ts" adapterTypeName="Microsoft.VisualStudio.TestTools.TestTypes.Unit.UnitTestAdapter" className="d:\v2.0\a1\_work\dbded102\vso\tfs\service\webaccess\versioncontrol\testscripts\tests\tfstests.versioncontrol.markdownrendering.ts::tfstests.versioncontrol" name="TFSTests.VersionControl.MarkdownRenderingTests VerifyTfsStylePathIsMappedCorrectlyForGitProjects" />
    </UnitTest>
    <UnitTest name="TFSTests.VersionControl.MarkdownRenderingTests VerifyFilePathIsMappedCorrectlyForTfsProjects" storage="d:\v2.0\a1\_work\dbded102\vso\tfs\service\webaccess\versioncontrol\testscripts\tests\tfstests.versioncontrol.markdownrendering.ts" id="c7527c78-bad1-4c7b-bbf8-cef896a3d9d3">
      <Execution id="85c809f5-eba1-403f-bb85-fa664075f4dc" />
      <TestMethod codeBase="d:\v2.0\a1\_work\dbded102\vso\tfs\service\webaccess\versioncontrol\testscripts\tests\tfstests.versioncontrol.markdownrendering.ts" adapterTypeName="Microsoft.VisualStudio.TestTools.TestTypes.Unit.UnitTestAdapter" className="d:\v2.0\a1\_work\dbded102\vso\tfs\service\webaccess\versioncontrol\testscripts\tests\tfstests.versioncontrol.markdownrendering.ts::tfstests.versioncontrol" name="TFSTests.VersionControl.MarkdownRenderingTests VerifyFilePathIsMappedCorrectlyForTfsProjects" />
    </UnitTest>
    <UnitTest name="TFSTests.VersionControl.MarkdownRenderingTests VerifyRootedFilePathIsMappedCorrectlyForTfsProjects" storage="d:\v2.0\a1\_work\dbded102\vso\tfs\service\webaccess\versioncontrol\testscripts\tests\tfstests.versioncontrol.markdownrendering.ts" id="8205ca48-e4dc-476d-9fc8-70db53f32b72">
      <Execution id="e9adc4a1-bdc0-4f08-863d-262755ec55cc" />
      <TestMethod codeBase="d:\v2.0\a1\_work\dbded102\vso\tfs\service\webaccess\versioncontrol\testscripts\tests\tfstests.versioncontrol.markdownrendering.ts" adapterTypeName="Microsoft.VisualStudio.TestTools.TestTypes.Unit.UnitTestAdapter" className="d:\v2.0\a1\_work\dbded102\vso\tfs\service\webaccess\versioncontrol\testscripts\tests\tfstests.versioncontrol.markdownrendering.ts::tfstests.versioncontrol" name="TFSTests.VersionControl.MarkdownRenderingTests VerifyRootedFilePathIsMappedCorrectlyForTfsProjects" />
    </UnitTest>
    <UnitTest name="TFSTests.VersionControl.MarkdownRenderingTests VerifyPathContainingEllipsisIsMappedCorrectlyForTfsProjects" storage="d:\v2.0\a1\_work\dbded102\vso\tfs\service\webaccess\versioncontrol\testscripts\tests\tfstests.versioncontrol.markdownrendering.ts" id="df9da945-0fdf-413b-ae3a-0496a32e2528">
      <Execution id="e6aaa575-9715-46f8-b29c-aaa0c9d94b6d" />
      <TestMethod codeBase="d:\v2.0\a1\_work\dbded102\vso\tfs\service\webaccess\versioncontrol\testscripts\tests\tfstests.versioncontrol.markdownrendering.ts" adapterTypeName="Microsoft.VisualStudio.TestTools.TestTypes.Unit.UnitTestAdapter" className="d:\v2.0\a1\_work\dbded102\vso\tfs\service\webaccess\versioncontrol\testscripts\tests\tfstests.versioncontrol.markdownrendering.ts::tfstests.versioncontrol" name="TFSTests.VersionControl.MarkdownRenderingTests VerifyPathContainingEllipsisIsMappedCorrectlyForTfsProjects" />
    </UnitTest>
    <UnitTest name="TFSTests.VersionControl.MarkdownRenderingTests VerifyPathContainingPeriodIsMappedCorrectlyForTfsProjects" storage="d:\v2.0\a1\_work\dbded102\vso\tfs\service\webaccess\versioncontrol\testscripts\tests\tfstests.versioncontrol.markdownrendering.ts" id="cccdf96f-1f3e-4ad8-96a0-6a83e3bb89ea">
      <Execution id="0d6c525b-9d29-4dad-88a3-31ab99cde6fc" />
      <TestMethod codeBase="d:\v2.0\a1\_work\dbded102\vso\tfs\service\webaccess\versioncontrol\testscripts\tests\tfstests.versioncontrol.markdownrendering.ts" adapterTypeName="Microsoft.VisualStudio.TestTools.TestTypes.Unit.UnitTestAdapter" className="d:\v2.0\a1\_work\dbded102\vso\tfs\service\webaccess\versioncontrol\testscripts\tests\tfstests.versioncontrol.markdownrendering.ts::tfstests.versioncontrol" name="TFSTests.VersionControl.MarkdownRenderingTests VerifyPathContainingPeriodIsMappedCorrectlyForTfsProjects" />
    </UnitTest>
    <UnitTest name="TFSTests.VersionControl.MarkdownRenderingTests VerifyFolderRelativePathIsMappedCorrectlyForTfsProjects" storage="d:\v2.0\a1\_work\dbded102\vso\tfs\service\webaccess\versioncontrol\testscripts\tests\tfstests.versioncontrol.markdownrendering.ts" id="7036321c-01f6-41ca-9618-8bd9fd808380">
      <Execution id="0004f2d7-6034-4769-9ff8-e41b173888cd" />
      <TestMethod codeBase="d:\v2.0\a1\_work\dbded102\vso\tfs\service\webaccess\versioncontrol\testscripts\tests\tfstests.versioncontrol.markdownrendering.ts" adapterTypeName="Microsoft.VisualStudio.TestTools.TestTypes.Unit.UnitTestAdapter" className="d:\v2.0\a1\_work\dbded102\vso\tfs\service\webaccess\versioncontrol\testscripts\tests\tfstests.versioncontrol.markdownrendering.ts::tfstests.versioncontrol" name="TFSTests.VersionControl.MarkdownRenderingTests VerifyFolderRelativePathIsMappedCorrectlyForTfsProjects" />
    </UnitTest>
    <UnitTest name="TFSTests.VersionControl.MarkdownRenderingTests VerifyTfsStylePathIsMappedCorrectlyForTfsProjects" storage="d:\v2.0\a1\_work\dbded102\vso\tfs\service\webaccess\versioncontrol\testscripts\tests\tfstests.versioncontrol.markdownrendering.ts" id="78bb1338-a792-4bfa-b6e0-8215353a4ae7">
      <Execution id="0c6d0a01-e245-46c2-a687-66cdbb8a8a41" />
      <TestMethod codeBase="d:\v2.0\a1\_work\dbded102\vso\tfs\service\webaccess\versioncontrol\testscripts\tests\tfstests.versioncontrol.markdownrendering.ts" adapterTypeName="Microsoft.VisualStudio.TestTools.TestTypes.Unit.UnitTestAdapter" className="d:\v2.0\a1\_work\dbded102\vso\tfs\service\webaccess\versioncontrol\testscripts\tests\tfstests.versioncontrol.markdownrendering.ts::tfstests.versioncontrol" name="TFSTests.VersionControl.MarkdownRenderingTests VerifyTfsStylePathIsMappedCorrectlyForTfsProjects" />
    </UnitTest>
    <UnitTest name="TFSTests.VersionControl.MarkdownRenderingTests VerifyEmptyImagePathIsNotTransformed" storage="d:\v2.0\a1\_work\dbded102\vso\tfs\service\webaccess\versioncontrol\testscripts\tests\tfstests.versioncontrol.markdownrendering.ts" id="a84f252b-7852-4c36-af0b-5d0525fbe390">
      <Execution id="9268b48b-92f6-4dc9-8f10-d4e447c39f8f" />
      <TestMethod codeBase="d:\v2.0\a1\_work\dbded102\vso\tfs\service\webaccess\versioncontrol\testscripts\tests\tfstests.versioncontrol.markdownrendering.ts" adapterTypeName="Microsoft.VisualStudio.TestTools.TestTypes.Unit.UnitTestAdapter" className="d:\v2.0\a1\_work\dbded102\vso\tfs\service\webaccess\versioncontrol\testscripts\tests\tfstests.versioncontrol.markdownrendering.ts::tfstests.versioncontrol" name="TFSTests.VersionControl.MarkdownRenderingTests VerifyEmptyImagePathIsNotTransformed" />
    </UnitTest>
    <UnitTest name="TFSTests.VersionControl.MarkdownRenderingTests VerifyExternalAbsoluteImagePathIsNotTransformed" storage="d:\v2.0\a1\_work\dbded102\vso\tfs\service\webaccess\versioncontrol\testscripts\tests\tfstests.versioncontrol.markdownrendering.ts" id="23bb7a80-cc45-4307-b139-c0e723434d68">
      <Execution id="746a113e-9bc6-4e5d-864c-598305f87a39" />
      <TestMethod codeBase="d:\v2.0\a1\_work\dbded102\vso\tfs\service\webaccess\versioncontrol\testscripts\tests\tfstests.versioncontrol.markdownrendering.ts" adapterTypeName="Microsoft.VisualStudio.TestTools.TestTypes.Unit.UnitTestAdapter" className="d:\v2.0\a1\_work\dbded102\vso\tfs\service\webaccess\versioncontrol\testscripts\tests\tfstests.versioncontrol.markdownrendering.ts::tfstests.versioncontrol" name="TFSTests.VersionControl.MarkdownRenderingTests VerifyExternalAbsoluteImagePathIsNotTransformed" />
    </UnitTest>
    <UnitTest name="TFSTests.VersionControl.MarkdownRenderingTests VerifyImagePathIsMappedCorrectlyForGitProjects" storage="d:\v2.0\a1\_work\dbded102\vso\tfs\service\webaccess\versioncontrol\testscripts\tests\tfstests.versioncontrol.markdownrendering.ts" id="0efbcafd-2fc1-4edd-8204-ca16bf8416e5">
      <Execution id="95ea0cc6-0bda-4c2a-8ee2-372cc585873b" />
      <TestMethod codeBase="d:\v2.0\a1\_work\dbded102\vso\tfs\service\webaccess\versioncontrol\testscripts\tests\tfstests.versioncontrol.markdownrendering.ts" adapterTypeName="Microsoft.VisualStudio.TestTools.TestTypes.Unit.UnitTestAdapter" className="d:\v2.0\a1\_work\dbded102\vso\tfs\service\webaccess\versioncontrol\testscripts\tests\tfstests.versioncontrol.markdownrendering.ts::tfstests.versioncontrol" name="TFSTests.VersionControl.MarkdownRenderingTests VerifyImagePathIsMappedCorrectlyForGitProjects" />
    </UnitTest>
    <UnitTest name="TFSTests.VersionControl.MarkdownRenderingTests VerifyRootedImagePathIsMappedCorrectlyForGitProjects" storage="d:\v2.0\a1\_work\dbded102\vso\tfs\service\webaccess\versioncontrol\testscripts\tests\tfstests.versioncontrol.markdownrendering.ts" id="0c325ae6-2ab7-40b4-b4c4-1161dae07583">
      <Execution id="dfa774b3-ef0c-401a-9b07-ddc650d62d20" />
      <TestMethod codeBase="d:\v2.0\a1\_work\dbded102\vso\tfs\service\webaccess\versioncontrol\testscripts\tests\tfstests.versioncontrol.markdownrendering.ts" adapterTypeName="Microsoft.VisualStudio.TestTools.TestTypes.Unit.UnitTestAdapter" className="d:\v2.0\a1\_work\dbded102\vso\tfs\service\webaccess\versioncontrol\testscripts\tests\tfstests.versioncontrol.markdownrendering.ts::tfstests.versioncontrol" name="TFSTests.VersionControl.MarkdownRenderingTests VerifyRootedImagePathIsMappedCorrectlyForGitProjects" />
    </UnitTest>
    <UnitTest name="TFSTests.VersionControl.MarkdownRenderingTests VerifyImagePathContainingEllipsisIsMappedCorrectlyForGitProjects" storage="d:\v2.0\a1\_work\dbded102\vso\tfs\service\webaccess\versioncontrol\testscripts\tests\tfstests.versioncontrol.markdownrendering.ts" id="7fa9ae70-7886-4c67-bd8f-b557fce586b9">
      <Execution id="f5e8d8e1-e049-4052-b76a-5806b2b2a6dd" />
      <TestMethod codeBase="d:\v2.0\a1\_work\dbded102\vso\tfs\service\webaccess\versioncontrol\testscripts\tests\tfstests.versioncontrol.markdownrendering.ts" adapterTypeName="Microsoft.VisualStudio.TestTools.TestTypes.Unit.UnitTestAdapter" className="d:\v2.0\a1\_work\dbded102\vso\tfs\service\webaccess\versioncontrol\testscripts\tests\tfstests.versioncontrol.markdownrendering.ts::tfstests.versioncontrol" name="TFSTests.VersionControl.MarkdownRenderingTests VerifyImagePathContainingEllipsisIsMappedCorrectlyForGitProjects" />
    </UnitTest>
    <UnitTest name="TFSTests.VersionControl.MarkdownRenderingTests VerifyImagePathContainingPeriodIsMappedCorrectlyForGitProjects" storage="d:\v2.0\a1\_work\dbded102\vso\tfs\service\webaccess\versioncontrol\testscripts\tests\tfstests.versioncontrol.markdownrendering.ts" id="0657eb65-01ee-416c-93d2-5da6639beefd">
      <Execution id="3abcc16e-52a9-45a8-995c-a53c6e541d43" />
      <TestMethod codeBase="d:\v2.0\a1\_work\dbded102\vso\tfs\service\webaccess\versioncontrol\testscripts\tests\tfstests.versioncontrol.markdownrendering.ts" adapterTypeName="Microsoft.VisualStudio.TestTools.TestTypes.Unit.UnitTestAdapter" className="d:\v2.0\a1\_work\dbded102\vso\tfs\service\webaccess\versioncontrol\testscripts\tests\tfstests.versioncontrol.markdownrendering.ts::tfstests.versioncontrol" name="TFSTests.VersionControl.MarkdownRenderingTests VerifyImagePathContainingPeriodIsMappedCorrectlyForGitProjects" />
    </UnitTest>
    <UnitTest name="TFSTests.VersionControl.MarkdownRenderingTests VerifyFolderRelativeImagePathIsMappedCorrectlyForGitProjects" storage="d:\v2.0\a1\_work\dbded102\vso\tfs\service\webaccess\versioncontrol\testscripts\tests\tfstests.versioncontrol.markdownrendering.ts" id="405339e9-a218-4cf6-95e5-272ee4c0212b">
      <Execution id="70695c25-837f-49ad-a7e8-e3d7aa6a6af4" />
      <TestMethod codeBase="d:\v2.0\a1\_work\dbded102\vso\tfs\service\webaccess\versioncontrol\testscripts\tests\tfstests.versioncontrol.markdownrendering.ts" adapterTypeName="Microsoft.VisualStudio.TestTools.TestTypes.Unit.UnitTestAdapter" className="d:\v2.0\a1\_work\dbded102\vso\tfs\service\webaccess\versioncontrol\testscripts\tests\tfstests.versioncontrol.markdownrendering.ts::tfstests.versioncontrol" name="TFSTests.VersionControl.MarkdownRenderingTests VerifyFolderRelativeImagePathIsMappedCorrectlyForGitProjects" />
    </UnitTest>
    <UnitTest name="TFSTests.VersionControl.MarkdownRenderingTests VerifyTfsStyleImagePathIsMappedCorrectlyForGitProjects" storage="d:\v2.0\a1\_work\dbded102\vso\tfs\service\webaccess\versioncontrol\testscripts\tests\tfstests.versioncontrol.markdownrendering.ts" id="82f2d1b3-8f11-4110-8dcf-901fe22cbe72">
      <Execution id="efef41ab-15c8-4c66-a564-83786048fee8" />
      <TestMethod codeBase="d:\v2.0\a1\_work\dbded102\vso\tfs\service\webaccess\versioncontrol\testscripts\tests\tfstests.versioncontrol.markdownrendering.ts" adapterTypeName="Microsoft.VisualStudio.TestTools.TestTypes.Unit.UnitTestAdapter" className="d:\v2.0\a1\_work\dbded102\vso\tfs\service\webaccess\versioncontrol\testscripts\tests\tfstests.versioncontrol.markdownrendering.ts::tfstests.versioncontrol" name="TFSTests.VersionControl.MarkdownRenderingTests VerifyTfsStyleImagePathIsMappedCorrectlyForGitProjects" />
    </UnitTest>
    <UnitTest name="TFSTests.VersionControl.MarkdownRenderingTests VerifyImagePathIsMappedCorrectlyForTfsProjects" storage="d:\v2.0\a1\_work\dbded102\vso\tfs\service\webaccess\versioncontrol\testscripts\tests\tfstests.versioncontrol.markdownrendering.ts" id="4795e450-92b5-4d5b-9e5e-2e6d81a3d599">
      <Execution id="46a2932d-79dd-4256-997a-2c55f87d4388" />
      <TestMethod codeBase="d:\v2.0\a1\_work\dbded102\vso\tfs\service\webaccess\versioncontrol\testscripts\tests\tfstests.versioncontrol.markdownrendering.ts" adapterTypeName="Microsoft.VisualStudio.TestTools.TestTypes.Unit.UnitTestAdapter" className="d:\v2.0\a1\_work\dbded102\vso\tfs\service\webaccess\versioncontrol\testscripts\tests\tfstests.versioncontrol.markdownrendering.ts::tfstests.versioncontrol" name="TFSTests.VersionControl.MarkdownRenderingTests VerifyImagePathIsMappedCorrectlyForTfsProjects" />
    </UnitTest>
    <UnitTest name="TFSTests.VersionControl.MarkdownRenderingTests VerifyRootedImagePathIsMappedCorrectlyForTfsProjects" storage="d:\v2.0\a1\_work\dbded102\vso\tfs\service\webaccess\versioncontrol\testscripts\tests\tfstests.versioncontrol.markdownrendering.ts" id="4bb5582d-0da3-4253-992c-dcbb7815861e">
      <Execution id="734611ab-9b21-48f9-9979-93fb7715632d" />
      <TestMethod codeBase="d:\v2.0\a1\_work\dbded102\vso\tfs\service\webaccess\versioncontrol\testscripts\tests\tfstests.versioncontrol.markdownrendering.ts" adapterTypeName="Microsoft.VisualStudio.TestTools.TestTypes.Unit.UnitTestAdapter" className="d:\v2.0\a1\_work\dbded102\vso\tfs\service\webaccess\versioncontrol\testscripts\tests\tfstests.versioncontrol.markdownrendering.ts::tfstests.versioncontrol" name="TFSTests.VersionControl.MarkdownRenderingTests VerifyRootedImagePathIsMappedCorrectlyForTfsProjects" />
    </UnitTest>
    <UnitTest name="TFSTests.VersionControl.MarkdownRenderingTests VerifyImagePathContainingEllipsisIsMappedCorrectlyForTfsProjects" storage="d:\v2.0\a1\_work\dbded102\vso\tfs\service\webaccess\versioncontrol\testscripts\tests\tfstests.versioncontrol.markdownrendering.ts" id="b0593d5a-2c94-48c9-a91a-d05be9ee41a6">
      <Execution id="8b73ff9c-f0d4-41dc-92f6-fdd4beaf6abe" />
      <TestMethod codeBase="d:\v2.0\a1\_work\dbded102\vso\tfs\service\webaccess\versioncontrol\testscripts\tests\tfstests.versioncontrol.markdownrendering.ts" adapterTypeName="Microsoft.VisualStudio.TestTools.TestTypes.Unit.UnitTestAdapter" className="d:\v2.0\a1\_work\dbded102\vso\tfs\service\webaccess\versioncontrol\testscripts\tests\tfstests.versioncontrol.markdownrendering.ts::tfstests.versioncontrol" name="TFSTests.VersionControl.MarkdownRenderingTests VerifyImagePathContainingEllipsisIsMappedCorrectlyForTfsProjects" />
    </UnitTest>
    <UnitTest name="TFSTests.VersionControl.MarkdownRenderingTests VerifyImagePathContainingPeriodIsMappedCorrectlyForTfsProjects" storage="d:\v2.0\a1\_work\dbded102\vso\tfs\service\webaccess\versioncontrol\testscripts\tests\tfstests.versioncontrol.markdownrendering.ts" id="fb67c5b6-011f-46cc-95ca-ee27f2c2148a">
      <Execution id="202cd611-5a31-41ba-b2c8-4c4caf0b4dc3" />
      <TestMethod codeBase="d:\v2.0\a1\_work\dbded102\vso\tfs\service\webaccess\versioncontrol\testscripts\tests\tfstests.versioncontrol.markdownrendering.ts" adapterTypeName="Microsoft.VisualStudio.TestTools.TestTypes.Unit.UnitTestAdapter" className="d:\v2.0\a1\_work\dbded102\vso\tfs\service\webaccess\versioncontrol\testscripts\tests\tfstests.versioncontrol.markdownrendering.ts::tfstests.versioncontrol" name="TFSTests.VersionControl.MarkdownRenderingTests VerifyImagePathContainingPeriodIsMappedCorrectlyForTfsProjects" />
    </UnitTest>
    <UnitTest name="TFSTests.VersionControl.MarkdownRenderingTests VerifyFolderRelativeImagePathIsMappedCorrectlyForTfsProjects" storage="d:\v2.0\a1\_work\dbded102\vso\tfs\service\webaccess\versioncontrol\testscripts\tests\tfstests.versioncontrol.markdownrendering.ts" id="d0f76e8e-9937-4ee4-9edd-a443718026b1">
      <Execution id="c75c7aa7-cd58-4d40-aafc-2ad22e4af3b6" />
      <TestMethod codeBase="d:\v2.0\a1\_work\dbded102\vso\tfs\service\webaccess\versioncontrol\testscripts\tests\tfstests.versioncontrol.markdownrendering.ts" adapterTypeName="Microsoft.VisualStudio.TestTools.TestTypes.Unit.UnitTestAdapter" className="d:\v2.0\a1\_work\dbded102\vso\tfs\service\webaccess\versioncontrol\testscripts\tests\tfstests.versioncontrol.markdownrendering.ts::tfstests.versioncontrol" name="TFSTests.VersionControl.MarkdownRenderingTests VerifyFolderRelativeImagePathIsMappedCorrectlyForTfsProjects" />
    </UnitTest>
    <UnitTest name="TFSTests.VersionControl.MarkdownRenderingTests VerifyTfsStyleImagePathIsMappedCorrectlyForTfsProjects" storage="d:\v2.0\a1\_work\dbded102\vso\tfs\service\webaccess\versioncontrol\testscripts\tests\tfstests.versioncontrol.markdownrendering.ts" id="bdb63d9a-0f90-4520-99ff-b9a1ae125af0">
      <Execution id="580c4142-9204-4d0a-b89a-a5383c87a0b5" />
      <TestMethod codeBase="d:\v2.0\a1\_work\dbded102\vso\tfs\service\webaccess\versioncontrol\testscripts\tests\tfstests.versioncontrol.markdownrendering.ts" adapterTypeName="Microsoft.VisualStudio.TestTools.TestTypes.Unit.UnitTestAdapter" className="d:\v2.0\a1\_work\dbded102\vso\tfs\service\webaccess\versioncontrol\testscripts\tests\tfstests.versioncontrol.markdownrendering.ts::tfstests.versioncontrol" name="TFSTests.VersionControl.MarkdownRenderingTests VerifyTfsStyleImagePathIsMappedCorrectlyForTfsProjects" />
    </UnitTest>
    <UnitTest name="TFSTests.VersionControl.WikiImageTransformerTests VerifyEmptyHrefIsNotTransformed" storage="d:\v2.0\a1\_work\dbded102\vso\tfs\service\webaccess\versioncontrol\testscripts\tests\tfstests.versioncontrol.markdownrendering.ts" id="75862528-8864-4048-8980-f41f4c9d722f">
      <Execution id="9b3c4202-d03b-4a84-9f75-3be288482c9e" />
      <TestMethod codeBase="d:\v2.0\a1\_work\dbded102\vso\tfs\service\webaccess\versioncontrol\testscripts\tests\tfstests.versioncontrol.markdownrendering.ts" adapterTypeName="Microsoft.VisualStudio.TestTools.TestTypes.Unit.UnitTestAdapter" className="d:\v2.0\a1\_work\dbded102\vso\tfs\service\webaccess\versioncontrol\testscripts\tests\tfstests.versioncontrol.markdownrendering.ts::tfstests.versioncontrol" name="TFSTests.VersionControl.WikiImageTransformerTests VerifyEmptyHrefIsNotTransformed" />
    </UnitTest>
    <UnitTest name="TFSTests.VersionControl.WikiImageTransformerTests VerifyUndefinedHrefIsNotTransformed" storage="d:\v2.0\a1\_work\dbded102\vso\tfs\service\webaccess\versioncontrol\testscripts\tests\tfstests.versioncontrol.wikiimagetransformer.ts" id="6670ce45-8152-48d1-8f3a-1aae8e420bd8">
      <Execution id="59552f67-dbff-49dc-862c-c9d37f39ee4e" />
      <TestMethod codeBase="d:\v2.0\a1\_work\dbded102\vso\tfs\service\webaccess\versioncontrol\testscripts\tests\tfstests.versioncontrol.wikiimagetransformer.ts" adapterTypeName="Microsoft.VisualStudio.TestTools.TestTypes.Unit.UnitTestAdapter" className="d:\v2.0\a1\_work\dbded102\vso\tfs\service\webaccess\versioncontrol\testscripts\tests\tfstests.versioncontrol.wikiimagetransformer.ts::tfstests.versioncontrol" name="TFSTests.VersionControl.WikiImageTransformerTests VerifyUndefinedHrefIsNotTransformed" />
    </UnitTest>
    <UnitTest name="TFSTests.VersionControl.WikiImageTransformerTests VerifyExternalAbsoluteLinkHrefIsNotTransformed" storage="d:\v2.0\a1\_work\dbded102\vso\tfs\service\webaccess\versioncontrol\testscripts\tests\tfstests.versioncontrol.wikiimagetransformer.ts" id="82a1ffb6-77c2-49d5-8aa5-eabbe952e532">
      <Execution id="46c72b05-1ab8-4fa3-9bd6-64cfd1b6b0fb" />
      <TestMethod codeBase="d:\v2.0\a1\_work\dbded102\vso\tfs\service\webaccess\versioncontrol\testscripts\tests\tfstests.versioncontrol.wikiimagetransformer.ts" adapterTypeName="Microsoft.VisualStudio.TestTools.TestTypes.Unit.UnitTestAdapter" className="d:\v2.0\a1\_work\dbded102\vso\tfs\service\webaccess\versioncontrol\testscripts\tests\tfstests.versioncontrol.wikiimagetransformer.ts::tfstests.versioncontrol" name="TFSTests.VersionControl.WikiImageTransformerTests VerifyExternalAbsoluteLinkHrefIsNotTransformed" />
    </UnitTest>
    <UnitTest name="TFSTests.VersionControl.WikiImageTransformerTests VerifyFilePathIsMappedCorrectlyForGitProjects" storage="d:\v2.0\a1\_work\dbded102\vso\tfs\service\webaccess\versioncontrol\testscripts\tests\tfstests.versioncontrol.wikiimagetransformer.ts" id="00b5b86c-a298-4710-bd70-52fb8302e850">
      <Execution id="6595722b-9032-4fd1-9e62-ab9374a82466" />
      <TestMethod codeBase="d:\v2.0\a1\_work\dbded102\vso\tfs\service\webaccess\versioncontrol\testscripts\tests\tfstests.versioncontrol.wikiimagetransformer.ts" adapterTypeName="Microsoft.VisualStudio.TestTools.TestTypes.Unit.UnitTestAdapter" className="d:\v2.0\a1\_work\dbded102\vso\tfs\service\webaccess\versioncontrol\testscripts\tests\tfstests.versioncontrol.wikiimagetransformer.ts::tfstests.versioncontrol" name="TFSTests.VersionControl.WikiImageTransformerTests VerifyFilePathIsMappedCorrectlyForGitProjects" />
    </UnitTest>
    <UnitTest name="TFSTests.VersionControl.WikiImageTransformerTests VerifyRootedFilePathIsMappedCorrectlyForGitProjects" storage="d:\v2.0\a1\_work\dbded102\vso\tfs\service\webaccess\versioncontrol\testscripts\tests\tfstests.versioncontrol.wikiimagetransformer.ts" id="6c58f7c2-7897-4e3c-a80d-a4c8d09fbe43">
      <Execution id="7bc40415-db7e-424f-ba24-9f6f04bf4a7d" />
      <TestMethod codeBase="d:\v2.0\a1\_work\dbded102\vso\tfs\service\webaccess\versioncontrol\testscripts\tests\tfstests.versioncontrol.wikiimagetransformer.ts" adapterTypeName="Microsoft.VisualStudio.TestTools.TestTypes.Unit.UnitTestAdapter" className="d:\v2.0\a1\_work\dbded102\vso\tfs\service\webaccess\versioncontrol\testscripts\tests\tfstests.versioncontrol.wikiimagetransformer.ts::tfstests.versioncontrol" name="TFSTests.VersionControl.WikiImageTransformerTests VerifyRootedFilePathIsMappedCorrectlyForGitProjects" />
    </UnitTest>
    <UnitTest name="TFSTests.VersionControl.WikiImageTransformerTests VerifyPathContainingEllipsisIsMappedCorrectlyForGitProjects" storage="d:\v2.0\a1\_work\dbded102\vso\tfs\service\webaccess\versioncontrol\testscripts\tests\tfstests.versioncontrol.wikiimagetransformer.ts" id="5d08b5f0-ce95-40c4-8a15-3ad221720b4c">
      <Execution id="496da6b0-3af2-44af-bffd-2513c353be3f" />
      <TestMethod codeBase="d:\v2.0\a1\_work\dbded102\vso\tfs\service\webaccess\versioncontrol\testscripts\tests\tfstests.versioncontrol.wikiimagetransformer.ts" adapterTypeName="Microsoft.VisualStudio.TestTools.TestTypes.Unit.UnitTestAdapter" className="d:\v2.0\a1\_work\dbded102\vso\tfs\service\webaccess\versioncontrol\testscripts\tests\tfstests.versioncontrol.wikiimagetransformer.ts::tfstests.versioncontrol" name="TFSTests.VersionControl.WikiImageTransformerTests VerifyPathContainingEllipsisIsMappedCorrectlyForGitProjects" />
    </UnitTest>
    <UnitTest name="TFSTests.VersionControl.WikiImageTransformerTests VerifyPathContainingPeriodIsMappedCorrectlyForGitProjects" storage="d:\v2.0\a1\_work\dbded102\vso\tfs\service\webaccess\versioncontrol\testscripts\tests\tfstests.versioncontrol.wikiimagetransformer.ts" id="f87dda6b-e1b1-4849-8a5e-5fdb7864195b">
      <Execution id="8febdbc8-f34c-4f22-91b1-ebf48879f09d" />
      <TestMethod codeBase="d:\v2.0\a1\_work\dbded102\vso\tfs\service\webaccess\versioncontrol\testscripts\tests\tfstests.versioncontrol.wikiimagetransformer.ts" adapterTypeName="Microsoft.VisualStudio.TestTools.TestTypes.Unit.UnitTestAdapter" className="d:\v2.0\a1\_work\dbded102\vso\tfs\service\webaccess\versioncontrol\testscripts\tests\tfstests.versioncontrol.wikiimagetransformer.ts::tfstests.versioncontrol" name="TFSTests.VersionControl.WikiImageTransformerTests VerifyPathContainingPeriodIsMappedCorrectlyForGitProjects" />
    </UnitTest>
    <UnitTest name="TFSTests.VersionControl.WikiImageTransformerTests VerifyFolderRelativePathIsMappedCorrectlyForGitProjects" storage="d:\v2.0\a1\_work\dbded102\vso\tfs\service\webaccess\versioncontrol\testscripts\tests\tfstests.versioncontrol.wikiimagetransformer.ts" id="c53df9c3-6c90-402e-9bda-36b0d5068ca5">
      <Execution id="0dcaca4c-8a73-4966-9eb7-a659a54c3f73" />
      <TestMethod codeBase="d:\v2.0\a1\_work\dbded102\vso\tfs\service\webaccess\versioncontrol\testscripts\tests\tfstests.versioncontrol.wikiimagetransformer.ts" adapterTypeName="Microsoft.VisualStudio.TestTools.TestTypes.Unit.UnitTestAdapter" className="d:\v2.0\a1\_work\dbded102\vso\tfs\service\webaccess\versioncontrol\testscripts\tests\tfstests.versioncontrol.wikiimagetransformer.ts::tfstests.versioncontrol" name="TFSTests.VersionControl.WikiImageTransformerTests VerifyFolderRelativePathIsMappedCorrectlyForGitProjects" />
    </UnitTest>
    <UnitTest name="TFSTests.VersionControl.WikiImageTransformerTests VerifyTfsStylePathIsMappedCorrectlyForGitProjects" storage="d:\v2.0\a1\_work\dbded102\vso\tfs\service\webaccess\versioncontrol\testscripts\tests\tfstests.versioncontrol.wikiimagetransformer.ts" id="6e2ef960-3106-4095-b324-7c9b0524f49a">
      <Execution id="21a348d5-26d1-4de4-8491-e27e42d4af2c" />
      <TestMethod codeBase="d:\v2.0\a1\_work\dbded102\vso\tfs\service\webaccess\versioncontrol\testscripts\tests\tfstests.versioncontrol.wikiimagetransformer.ts" adapterTypeName="Microsoft.VisualStudio.TestTools.TestTypes.Unit.UnitTestAdapter" className="d:\v2.0\a1\_work\dbded102\vso\tfs\service\webaccess\versioncontrol\testscripts\tests\tfstests.versioncontrol.wikiimagetransformer.ts::tfstests.versioncontrol" name="TFSTests.VersionControl.WikiImageTransformerTests VerifyTfsStylePathIsMappedCorrectlyForGitProjects" />
    </UnitTest>
    <UnitTest name="TFSTests.VersionControl.WikiImageTransformerTests VerifyFilePathIsMappedCorrectlyForTfsProjects" storage="d:\v2.0\a1\_work\dbded102\vso\tfs\service\webaccess\versioncontrol\testscripts\tests\tfstests.versioncontrol.wikiimagetransformer.ts" id="7ac1160a-16b5-4e6d-82f2-f3cc589133a1">
      <Execution id="21d44507-a79a-4e1a-b285-15166475648c" />
      <TestMethod codeBase="d:\v2.0\a1\_work\dbded102\vso\tfs\service\webaccess\versioncontrol\testscripts\tests\tfstests.versioncontrol.wikiimagetransformer.ts" adapterTypeName="Microsoft.VisualStudio.TestTools.TestTypes.Unit.UnitTestAdapter" className="d:\v2.0\a1\_work\dbded102\vso\tfs\service\webaccess\versioncontrol\testscripts\tests\tfstests.versioncontrol.wikiimagetransformer.ts::tfstests.versioncontrol" name="TFSTests.VersionControl.WikiImageTransformerTests VerifyFilePathIsMappedCorrectlyForTfsProjects" />
    </UnitTest>
    <UnitTest name="TFSTests.VersionControl.WikiImageTransformerTests VerifyRootedFilePathIsMappedCorrectlyForTfsProjects" storage="d:\v2.0\a1\_work\dbded102\vso\tfs\service\webaccess\versioncontrol\testscripts\tests\tfstests.versioncontrol.wikiimagetransformer.ts" id="0cf18c38-e34d-4392-a28a-d57b5b2f534e">
      <Execution id="b5cf1041-03cd-45a8-b6f8-d4466aaf977e" />
      <TestMethod codeBase="d:\v2.0\a1\_work\dbded102\vso\tfs\service\webaccess\versioncontrol\testscripts\tests\tfstests.versioncontrol.wikiimagetransformer.ts" adapterTypeName="Microsoft.VisualStudio.TestTools.TestTypes.Unit.UnitTestAdapter" className="d:\v2.0\a1\_work\dbded102\vso\tfs\service\webaccess\versioncontrol\testscripts\tests\tfstests.versioncontrol.wikiimagetransformer.ts::tfstests.versioncontrol" name="TFSTests.VersionControl.WikiImageTransformerTests VerifyRootedFilePathIsMappedCorrectlyForTfsProjects" />
    </UnitTest>
    <UnitTest name="TFSTests.VersionControl.WikiImageTransformerTests VerifyPathContainingEllipsisIsMappedCorrectlyForTfsProjects" storage="d:\v2.0\a1\_work\dbded102\vso\tfs\service\webaccess\versioncontrol\testscripts\tests\tfstests.versioncontrol.wikiimagetransformer.ts" id="05015853-422e-4524-93dd-599b77dbed39">
      <Execution id="ceb48d1f-bf1d-436d-bcc3-f54bcedb8992" />
      <TestMethod codeBase="d:\v2.0\a1\_work\dbded102\vso\tfs\service\webaccess\versioncontrol\testscripts\tests\tfstests.versioncontrol.wikiimagetransformer.ts" adapterTypeName="Microsoft.VisualStudio.TestTools.TestTypes.Unit.UnitTestAdapter" className="d:\v2.0\a1\_work\dbded102\vso\tfs\service\webaccess\versioncontrol\testscripts\tests\tfstests.versioncontrol.wikiimagetransformer.ts::tfstests.versioncontrol" name="TFSTests.VersionControl.WikiImageTransformerTests VerifyPathContainingEllipsisIsMappedCorrectlyForTfsProjects" />
    </UnitTest>
    <UnitTest name="TFSTests.VersionControl.WikiImageTransformerTests VerifyPathContainingPeriodIsMappedCorrectlyForTfsProjects" storage="d:\v2.0\a1\_work\dbded102\vso\tfs\service\webaccess\versioncontrol\testscripts\tests\tfstests.versioncontrol.wikiimagetransformer.ts" id="b8ed8cdf-48ed-4e12-a4e5-dbf410f1c2da">
      <Execution id="cf4d2d04-ac67-4f56-b3ec-2b31ad9e4dd8" />
      <TestMethod codeBase="d:\v2.0\a1\_work\dbded102\vso\tfs\service\webaccess\versioncontrol\testscripts\tests\tfstests.versioncontrol.wikiimagetransformer.ts" adapterTypeName="Microsoft.VisualStudio.TestTools.TestTypes.Unit.UnitTestAdapter" className="d:\v2.0\a1\_work\dbded102\vso\tfs\service\webaccess\versioncontrol\testscripts\tests\tfstests.versioncontrol.wikiimagetransformer.ts::tfstests.versioncontrol" name="TFSTests.VersionControl.WikiImageTransformerTests VerifyPathContainingPeriodIsMappedCorrectlyForTfsProjects" />
    </UnitTest>
    <UnitTest name="TFSTests.VersionControl.WikiImageTransformerTests VerifyFolderRelativePathIsMappedCorrectlyForTfsProjects" storage="d:\v2.0\a1\_work\dbded102\vso\tfs\service\webaccess\versioncontrol\testscripts\tests\tfstests.versioncontrol.wikiimagetransformer.ts" id="e9a1e422-f245-42bc-a113-349ec06de402">
      <Execution id="3ace1fad-4040-4cb7-9505-fc14f2bb5a14" />
      <TestMethod codeBase="d:\v2.0\a1\_work\dbded102\vso\tfs\service\webaccess\versioncontrol\testscripts\tests\tfstests.versioncontrol.wikiimagetransformer.ts" adapterTypeName="Microsoft.VisualStudio.TestTools.TestTypes.Unit.UnitTestAdapter" className="d:\v2.0\a1\_work\dbded102\vso\tfs\service\webaccess\versioncontrol\testscripts\tests\tfstests.versioncontrol.wikiimagetransformer.ts::tfstests.versioncontrol" name="TFSTests.VersionControl.WikiImageTransformerTests VerifyFolderRelativePathIsMappedCorrectlyForTfsProjects" />
    </UnitTest>
    <UnitTest name="TFSTests.VersionControl.WikiImageTransformerTests VerifyTfsStylePathIsMappedCorrectlyForTfsProjects" storage="d:\v2.0\a1\_work\dbded102\vso\tfs\service\webaccess\versioncontrol\testscripts\tests\tfstests.versioncontrol.wikiimagetransformer.ts" id="a54aec29-0729-4c82-b99f-757c4788d375">
      <Execution id="5d68cf0e-274c-4f0b-8c69-d5492da9513c" />
      <TestMethod codeBase="d:\v2.0\a1\_work\dbded102\vso\tfs\service\webaccess\versioncontrol\testscripts\tests\tfstests.versioncontrol.wikiimagetransformer.ts" adapterTypeName="Microsoft.VisualStudio.TestTools.TestTypes.Unit.UnitTestAdapter" className="d:\v2.0\a1\_work\dbded102\vso\tfs\service\webaccess\versioncontrol\testscripts\tests\tfstests.versioncontrol.wikiimagetransformer.ts::tfstests.versioncontrol" name="TFSTests.VersionControl.WikiImageTransformerTests VerifyTfsStylePathIsMappedCorrectlyForTfsProjects" />
    </UnitTest>
    <UnitTest name="TFSTests.VersionControl.WikiImageTransformerTests VerifySpecialCharactersInPathArePreservedAndDecoded" storage="d:\v2.0\a1\_work\dbded102\vso\tfs\service\webaccess\versioncontrol\testscripts\tests\tfstests.versioncontrol.wikiimagetransformer.ts" id="e3ac7f24-711b-4faa-bf11-f5f8dc838930">
      <Execution id="d856e16f-48a8-4459-8e37-fd2f7cb909eb" />
      <TestMethod codeBase="d:\v2.0\a1\_work\dbded102\vso\tfs\service\webaccess\versioncontrol\testscripts\tests\tfstests.versioncontrol.wikiimagetransformer.ts" adapterTypeName="Microsoft.VisualStudio.TestTools.TestTypes.Unit.UnitTestAdapter" className="d:\v2.0\a1\_work\dbded102\vso\tfs\service\webaccess\versioncontrol\testscripts\tests\tfstests.versioncontrol.wikiimagetransformer.ts::tfstests.versioncontrol" name="TFSTests.VersionControl.WikiImageTransformerTests VerifySpecialCharactersInPathArePreservedAndDecoded" />
    </UnitTest>
    <UnitTest name="TFSTests.VersionControl.PullRequest.Dialogs VerifyCompleteMergeDialogDisplayCorrectly" storage="d:\v2.0\a1\_work\dbded102\vso\tfs\service\webaccess\versioncontrol\testscripts\tests\tfstests.versioncontrol.pullrequest.dialogs.ts" id="31e5f698-8e99-4748-98ec-366ffb695f83">
      <Execution id="21b79aaf-ce33-4e77-aff0-91c54695f19a" />
      <TestMethod codeBase="d:\v2.0\a1\_work\dbded102\vso\tfs\service\webaccess\versioncontrol\testscripts\tests\tfstests.versioncontrol.pullrequest.dialogs.ts" adapterTypeName="Microsoft.VisualStudio.TestTools.TestTypes.Unit.UnitTestAdapter" className="d:\v2.0\a1\_work\dbded102\vso\tfs\service\webaccess\versioncontrol\testscripts\tests\tfstests.versioncontrol.pullrequest.dialogs.ts::tfstests.versioncontrol.pullrequest" name="TFSTests.VersionControl.PullRequest.Dialogs VerifyCompleteMergeDialogDisplayCorrectly" />
    </UnitTest>
    <UnitTest name="TFSTests.VersionControl.PullRequest.Dialogs VerifyCompleteMergeDialogRefillPreviousMessage" storage="d:\v2.0\a1\_work\dbded102\vso\tfs\service\webaccess\versioncontrol\testscripts\tests\tfstests.versioncontrol.pullrequest.dialogs.ts" id="479734a2-4d53-42b5-a3d3-05c5e6828ea0">
      <Execution id="c74f189c-c704-471f-853f-166edc928042" />
      <TestMethod codeBase="d:\v2.0\a1\_work\dbded102\vso\tfs\service\webaccess\versioncontrol\testscripts\tests\tfstests.versioncontrol.pullrequest.dialogs.ts" adapterTypeName="Microsoft.VisualStudio.TestTools.TestTypes.Unit.UnitTestAdapter" className="d:\v2.0\a1\_work\dbded102\vso\tfs\service\webaccess\versioncontrol\testscripts\tests\tfstests.versioncontrol.pullrequest.dialogs.ts::tfstests.versioncontrol.pullrequest" name="TFSTests.VersionControl.PullRequest.Dialogs VerifyCompleteMergeDialogRefillPreviousMessage" />
    </UnitTest>
    <UnitTest name="TFSTests.VersionControl.PullRequest.Dialogs VerifyCallbackValueFromCompleteMergeDialogIsCorrectWhenClickOkButton" storage="d:\v2.0\a1\_work\dbded102\vso\tfs\service\webaccess\versioncontrol\testscripts\tests\tfstests.versioncontrol.pullrequest.dialogs.ts" id="02d05f34-01f8-4905-9089-c650383669d9">
      <Execution id="e8ca5ee7-f7a0-4d41-9d8f-a9b23f58eef0" />
      <TestMethod codeBase="d:\v2.0\a1\_work\dbded102\vso\tfs\service\webaccess\versioncontrol\testscripts\tests\tfstests.versioncontrol.pullrequest.dialogs.ts" adapterTypeName="Microsoft.VisualStudio.TestTools.TestTypes.Unit.UnitTestAdapter" className="d:\v2.0\a1\_work\dbded102\vso\tfs\service\webaccess\versioncontrol\testscripts\tests\tfstests.versioncontrol.pullrequest.dialogs.ts::tfstests.versioncontrol.pullrequest" name="TFSTests.VersionControl.PullRequest.Dialogs VerifyCallbackValueFromCompleteMergeDialogIsCorrectWhenClickOkButton" />
    </UnitTest>
    <UnitTest name="TFSTests.VersionControl.PullRequest.Dialogs VerifyCompleteMergeDialogConfirmStringDisplayCorrectly" storage="d:\v2.0\a1\_work\dbded102\vso\tfs\service\webaccess\versioncontrol\testscripts\tests\tfstests.versioncontrol.pullrequest.dialogs.ts" id="1066606b-b849-4c38-bbe2-8ccea896058d">
      <Execution id="677179a7-ab37-4df9-9f8a-e397c51b4745" />
      <TestMethod codeBase="d:\v2.0\a1\_work\dbded102\vso\tfs\service\webaccess\versioncontrol\testscripts\tests\tfstests.versioncontrol.pullrequest.dialogs.ts" adapterTypeName="Microsoft.VisualStudio.TestTools.TestTypes.Unit.UnitTestAdapter" className="d:\v2.0\a1\_work\dbded102\vso\tfs\service\webaccess\versioncontrol\testscripts\tests\tfstests.versioncontrol.pullrequest.dialogs.ts::tfstests.versioncontrol.pullrequest" name="TFSTests.VersionControl.PullRequest.Dialogs VerifyCompleteMergeDialogConfirmStringDisplayCorrectly" />
    </UnitTest>
    <UnitTest name="TFSTests.VersionControl.PullRequestSearch VerifyPullRequestSearch" storage="d:\v2.0\a1\_work\dbded102\vso\tfs\service\webaccess\versioncontrol\testscripts\tests\tfstests.versioncontrol.pullrequestsearch.ts" id="3c1e0ec7-73e5-4788-9deb-7a78da156b03">
      <Execution id="fa84bb5a-5fbc-4a59-8996-acb806e02682" />
      <TestMethod codeBase="d:\v2.0\a1\_work\dbded102\vso\tfs\service\webaccess\versioncontrol\testscripts\tests\tfstests.versioncontrol.pullrequestsearch.ts" adapterTypeName="Microsoft.VisualStudio.TestTools.TestTypes.Unit.UnitTestAdapter" className="d:\v2.0\a1\_work\dbded102\vso\tfs\service\webaccess\versioncontrol\testscripts\tests\tfstests.versioncontrol.pullrequestsearch.ts::tfstests.versioncontrol" name="TFSTests.VersionControl.PullRequestSearch VerifyPullRequestSearch" />
    </UnitTest>
    <UnitTest name="TFSTests.VersionControl.PullRequest VerifyPullRequestViewViewModelBasicInfo" storage="d:\v2.0\a1\_work\dbded102\vso\tfs\service\webaccess\versioncontrol\testscripts\tests\tfstests.versioncontrol.pullrequest.ts" id="fa6422ca-eb1e-4737-a20a-22726da98385">
      <Execution id="74d7add0-f5eb-4d2c-857d-8468f6f6e124" />
      <TestMethod codeBase="d:\v2.0\a1\_work\dbded102\vso\tfs\service\webaccess\versioncontrol\testscripts\tests\tfstests.versioncontrol.pullrequest.ts" adapterTypeName="Microsoft.VisualStudio.TestTools.TestTypes.Unit.UnitTestAdapter" className="d:\v2.0\a1\_work\dbded102\vso\tfs\service\webaccess\versioncontrol\testscripts\tests\tfstests.versioncontrol.pullrequest.ts::tfstests.versioncontrol" name="TFSTests.VersionControl.PullRequest VerifyPullRequestViewViewModelBasicInfo" />
    </UnitTest>
    <UnitTest name="TFSTests.VersionControl.PullRequest VerifyPullRequestViewViewModelBasicVote" storage="d:\v2.0\a1\_work\dbded102\vso\tfs\service\webaccess\versioncontrol\testscripts\tests\tfstests.versioncontrol.pullrequest.ts" id="c4118025-665f-4ca2-9203-d6777ad35e26">
      <Execution id="dfe6fd82-0347-491c-9f06-90200adffac4" />
      <TestMethod codeBase="d:\v2.0\a1\_work\dbded102\vso\tfs\service\webaccess\versioncontrol\testscripts\tests\tfstests.versioncontrol.pullrequest.ts" adapterTypeName="Microsoft.VisualStudio.TestTools.TestTypes.Unit.UnitTestAdapter" className="d:\v2.0\a1\_work\dbded102\vso\tfs\service\webaccess\versioncontrol\testscripts\tests\tfstests.versioncontrol.pullrequest.ts::tfstests.versioncontrol" name="TFSTests.VersionControl.PullRequest VerifyPullRequestViewViewModelBasicVote" />
    </UnitTest>
    <UnitTest name="TFSTests.VersionControl.FileDefaultContentProvider.Readme GitDefaultProjectContentWhenEditIsEnabled" storage="d:\v2.0\a1\_work\dbded102\vso\tfs\service\webaccess\versioncontrol\testscripts\tests\tfstests.versioncontrol.filedefaultcontentprovider.ts" id="74669a92-8d62-4836-9468-0c765d5c18a8">
      <Execution id="7f40c742-276e-47a9-97ee-d9cadc371e69" />
      <TestMethod codeBase="d:\v2.0\a1\_work\dbded102\vso\tfs\service\webaccess\versioncontrol\testscripts\tests\tfstests.versioncontrol.filedefaultcontentprovider.ts" adapterTypeName="Microsoft.VisualStudio.TestTools.TestTypes.Unit.UnitTestAdapter" className="d:\v2.0\a1\_work\dbded102\vso\tfs\service\webaccess\versioncontrol\testscripts\tests\tfstests.versioncontrol.filedefaultcontentprovider.ts::tfstests.versioncontrol.filedefaultcontentprovider" name="TFSTests.VersionControl.FileDefaultContentProvider.Readme GitDefaultProjectContentWhenEditIsEnabled" />
    </UnitTest>
    <UnitTest name="TFSTests.VersionControl.FileDefaultContentProvider.Readme GitDefaultProjectContentWhenEditIsDisabled" storage="d:\v2.0\a1\_work\dbded102\vso\tfs\service\webaccess\versioncontrol\testscripts\tests\tfstests.versioncontrol.filedefaultcontentprovider.ts" id="353c5f33-f32b-4ba2-9989-ddc72bc195ac">
      <Execution id="24074156-03d1-4f36-a6a5-2f9a3522b5c0" />
      <TestMethod codeBase="d:\v2.0\a1\_work\dbded102\vso\tfs\service\webaccess\versioncontrol\testscripts\tests\tfstests.versioncontrol.filedefaultcontentprovider.ts" adapterTypeName="Microsoft.VisualStudio.TestTools.TestTypes.Unit.UnitTestAdapter" className="d:\v2.0\a1\_work\dbded102\vso\tfs\service\webaccess\versioncontrol\testscripts\tests\tfstests.versioncontrol.filedefaultcontentprovider.ts::tfstests.versioncontrol.filedefaultcontentprovider" name="TFSTests.VersionControl.FileDefaultContentProvider.Readme GitDefaultProjectContentWhenEditIsDisabled" />
    </UnitTest>
    <UnitTest name="TFSTests.VersionControl.FileDefaultContentProvider.Readme GitDefaultRepoContentWhenEditIsEnabled" storage="d:\v2.0\a1\_work\dbded102\vso\tfs\service\webaccess\versioncontrol\testscripts\tests\tfstests.versioncontrol.filedefaultcontentprovider.ts" id="25bee142-44dd-461f-86c4-a4524b2795f1">
      <Execution id="6c185ee2-2af9-4b22-a3ba-ca9d7bf9e459" />
      <TestMethod codeBase="d:\v2.0\a1\_work\dbded102\vso\tfs\service\webaccess\versioncontrol\testscripts\tests\tfstests.versioncontrol.filedefaultcontentprovider.ts" adapterTypeName="Microsoft.VisualStudio.TestTools.TestTypes.Unit.UnitTestAdapter" className="d:\v2.0\a1\_work\dbded102\vso\tfs\service\webaccess\versioncontrol\testscripts\tests\tfstests.versioncontrol.filedefaultcontentprovider.ts::tfstests.versioncontrol.filedefaultcontentprovider" name="TFSTests.VersionControl.FileDefaultContentProvider.Readme GitDefaultRepoContentWhenEditIsEnabled" />
    </UnitTest>
    <UnitTest name="TFSTests.VersionControl.FileDefaultContentProvider.Readme GitDefaultRepoContentWhenEditIsDisabled" storage="d:\v2.0\a1\_work\dbded102\vso\tfs\service\webaccess\versioncontrol\testscripts\tests\tfstests.versioncontrol.filedefaultcontentprovider.ts" id="8017825f-5eee-4599-b417-42e4ca1c539f">
      <Execution id="a2b88b48-f287-4e02-8247-fa76d2be39da" />
      <TestMethod codeBase="d:\v2.0\a1\_work\dbded102\vso\tfs\service\webaccess\versioncontrol\testscripts\tests\tfstests.versioncontrol.filedefaultcontentprovider.ts" adapterTypeName="Microsoft.VisualStudio.TestTools.TestTypes.Unit.UnitTestAdapter" className="d:\v2.0\a1\_work\dbded102\vso\tfs\service\webaccess\versioncontrol\testscripts\tests\tfstests.versioncontrol.filedefaultcontentprovider.ts::tfstests.versioncontrol.filedefaultcontentprovider" name="TFSTests.VersionControl.FileDefaultContentProvider.Readme GitDefaultRepoContentWhenEditIsDisabled" />
    </UnitTest>
    <UnitTest name="TFSTests.VersionControl.BranchDialogs VerifyCreateBranchVersionSpecDialogWithRepoDisplayCorrectly" storage="d:\v2.0\a1\_work\dbded102\vso\tfs\service\webaccess\versioncontrol\testscripts\tests\tfstests.versioncontrol.branchdialogs.ts" id="4ddc351c-e48b-4c1e-9f00-46f754e14d73">
      <Execution id="c1b8f1bf-753c-4095-a9d1-58ead9689b7c" />
      <TestMethod codeBase="d:\v2.0\a1\_work\dbded102\vso\tfs\service\webaccess\versioncontrol\testscripts\tests\tfstests.versioncontrol.branchdialogs.ts" adapterTypeName="Microsoft.VisualStudio.TestTools.TestTypes.Unit.UnitTestAdapter" className="d:\v2.0\a1\_work\dbded102\vso\tfs\service\webaccess\versioncontrol\testscripts\tests\tfstests.versioncontrol.branchdialogs.ts::tfstests.versioncontrol" name="TFSTests.VersionControl.BranchDialogs VerifyCreateBranchVersionSpecDialogWithRepoDisplayCorrectly" />
    </UnitTest>
    <UnitTest name="TFSTests.VersionControl.BranchDialogs VerifyCreateBranchVersionSpecDialogNoRepoDisplayCorrectly" storage="d:\v2.0\a1\_work\dbded102\vso\tfs\service\webaccess\versioncontrol\testscripts\tests\tfstests.versioncontrol.branchdialogs.ts" id="97d9b48a-d5ea-4b3c-b5c0-a36bdaa13730">
      <Execution id="441c05a4-4fc3-4e32-ab9c-8ace9b3a6173" />
      <TestMethod codeBase="d:\v2.0\a1\_work\dbded102\vso\tfs\service\webaccess\versioncontrol\testscripts\tests\tfstests.versioncontrol.branchdialogs.ts" adapterTypeName="Microsoft.VisualStudio.TestTools.TestTypes.Unit.UnitTestAdapter" className="d:\v2.0\a1\_work\dbded102\vso\tfs\service\webaccess\versioncontrol\testscripts\tests\tfstests.versioncontrol.branchdialogs.ts::tfstests.versioncontrol" name="TFSTests.VersionControl.BranchDialogs VerifyCreateBranchVersionSpecDialogNoRepoDisplayCorrectly" />
    </UnitTest>
    <UnitTest name="TFSTests.VersionControl.BranchDialogs VerifyCreateBranchVersionSpecDialogInput" storage="d:\v2.0\a1\_work\dbded102\vso\tfs\service\webaccess\versioncontrol\testscripts\tests\tfstests.versioncontrol.branchdialogs.ts" id="40f362c0-2fa0-48f7-9f2a-50c571c3767e">
      <Execution id="289046ca-48d8-41a3-86ed-ef545b569e8e" />
      <TestMethod codeBase="d:\v2.0\a1\_work\dbded102\vso\tfs\service\webaccess\versioncontrol\testscripts\tests\tfstests.versioncontrol.branchdialogs.ts" adapterTypeName="Microsoft.VisualStudio.TestTools.TestTypes.Unit.UnitTestAdapter" className="d:\v2.0\a1\_work\dbded102\vso\tfs\service\webaccess\versioncontrol\testscripts\tests\tfstests.versioncontrol.branchdialogs.ts::tfstests.versioncontrol" name="TFSTests.VersionControl.BranchDialogs VerifyCreateBranchVersionSpecDialogInput" />
    </UnitTest>
    <UnitTest name="TFSTests.VersionControl.WorkItemsIntegration VerifyVisibilityOfDiscussionThreadWorkItemIntegrationInCodeEditorWithoutProjectInfo" storage="d:\v2.0\a1\_work\dbded102\vso\tfs\service\webaccess\versioncontrol\testscripts\tests\tfstests.versioncontrol.workitemsintegration.ts" id="4ac2f6f9-3fcf-4563-a860-29f1f92f8f65">
      <Execution id="98784f19-199a-4507-82b3-0fa1a25219b6" />
      <TestMethod codeBase="d:\v2.0\a1\_work\dbded102\vso\tfs\service\webaccess\versioncontrol\testscripts\tests\tfstests.versioncontrol.workitemsintegration.ts" adapterTypeName="Microsoft.VisualStudio.TestTools.TestTypes.Unit.UnitTestAdapter" className="d:\v2.0\a1\_work\dbded102\vso\tfs\service\webaccess\versioncontrol\testscripts\tests\tfstests.versioncontrol.workitemsintegration.ts::tfstests.versioncontrol" name="TFSTests.VersionControl.WorkItemsIntegration VerifyVisibilityOfDiscussionThreadWorkItemIntegrationInCodeEditorWithoutProjectInfo" />
    </UnitTest>
  </TestDefinitions>
  <TestEntries>
    <TestEntry testId="ff8336bb-2319-4a48-94a4-a9626bcf61d3" executionId="7b61c12c-ff26-46ec-8a75-32c644d1facd" testListId="8c84fa94-04c1-424b-9868-57a2d4851a1d" />
    <TestEntry testId="05213463-e591-4b43-9f8a-177d462166e0" executionId="b652f46a-0e05-4797-b6a1-26c086931723" testListId="8c84fa94-04c1-424b-9868-57a2d4851a1d" />
    <TestEntry testId="7f29e942-0486-4d93-a7af-16c5e5f58fcf" executionId="2f43a13e-6314-43e2-889f-7401f7035c32" testListId="8c84fa94-04c1-424b-9868-57a2d4851a1d" />
    <TestEntry testId="fa3ccbdc-880f-4e16-9d21-53aae94e25df" executionId="7fa9b982-0c1a-40b1-8b09-7664a4c42f6e" testListId="8c84fa94-04c1-424b-9868-57a2d4851a1d" />
    <TestEntry testId="b0052261-ff46-403f-9c98-8078563328bd" executionId="a7bc660f-d64d-46fb-b981-c171bd9d1ccc" testListId="8c84fa94-04c1-424b-9868-57a2d4851a1d" />
    <TestEntry testId="9e63bead-fa6c-456a-b704-b23ab667d0eb" executionId="3ea4cda5-8039-47c1-8cb5-cdd57b9a2248" testListId="8c84fa94-04c1-424b-9868-57a2d4851a1d" />
    <TestEntry testId="f1fb3050-2059-4e88-9353-a5040ff860bf" executionId="50ad0ea2-5475-4929-963e-b335593c0bfb" testListId="8c84fa94-04c1-424b-9868-57a2d4851a1d" />
    <TestEntry testId="b50d2b29-909c-41e7-ace4-61dbde5c1dd7" executionId="94b40241-1367-4346-97cf-502089450c6d" testListId="8c84fa94-04c1-424b-9868-57a2d4851a1d" />
    <TestEntry testId="948ca3a8-5f14-476a-9980-dd8cb6fee4b9" executionId="4572d179-c0ff-451f-83eb-15f765dac359" testListId="8c84fa94-04c1-424b-9868-57a2d4851a1d" />
    <TestEntry testId="7134d9dc-cadf-40e8-b11b-f7e007101b3e" executionId="85829f28-89a3-4ac8-9eb5-846231b47182" testListId="8c84fa94-04c1-424b-9868-57a2d4851a1d" />
    <TestEntry testId="ae2c1cfa-51d5-4538-8cb8-d8e03bc46f77" executionId="49f217e1-1203-4772-9211-ff76283053fa" testListId="8c84fa94-04c1-424b-9868-57a2d4851a1d" />
    <TestEntry testId="0238b0da-0d3c-4ab1-9fdb-6995e6c5207e" executionId="207f6e74-70b3-4e0f-9459-78b64a915b63" testListId="8c84fa94-04c1-424b-9868-57a2d4851a1d" />
    <TestEntry testId="9f80ebee-7a0c-43ce-bd2a-a48553b8742e" executionId="c8267223-0043-4e51-8676-7e323222bdf8" testListId="8c84fa94-04c1-424b-9868-57a2d4851a1d" />
    <TestEntry testId="20453691-c0df-4017-b453-6b382afc7398" executionId="7c4d9c9c-e644-431c-9ded-1e0765d0a6f8" testListId="8c84fa94-04c1-424b-9868-57a2d4851a1d" />
    <TestEntry testId="d615f471-8d5b-4119-a4ba-f6a5c9d7dcdd" executionId="76cccd10-e581-4837-b389-aa7942db36f2" testListId="8c84fa94-04c1-424b-9868-57a2d4851a1d" />
    <TestEntry testId="e25e268e-3cb0-47b8-9f32-fcb2b5f5d9f9" executionId="75706049-8c08-4346-8b03-4a48abf826af" testListId="8c84fa94-04c1-424b-9868-57a2d4851a1d" />
    <TestEntry testId="7c6652d8-fea8-4508-95f2-94bf263464f9" executionId="b06fc8b4-13f0-425d-8191-c4debbd64c82" testListId="8c84fa94-04c1-424b-9868-57a2d4851a1d" />
    <TestEntry testId="af635008-36d0-4a3b-a8eb-ec0b7fbc0b97" executionId="5d3e8200-d99c-4c09-95b2-41e67957cf3c" testListId="8c84fa94-04c1-424b-9868-57a2d4851a1d" />
    <TestEntry testId="06e3bc96-b268-4457-98cb-f8b095df87bf" executionId="0679f3b8-ad0e-4bc0-8fd0-04c886971351" testListId="8c84fa94-04c1-424b-9868-57a2d4851a1d" />
    <TestEntry testId="51e147f7-e691-406a-b0ba-d07535c155a5" executionId="4938415a-8851-4d0b-835a-742fc4747112" testListId="8c84fa94-04c1-424b-9868-57a2d4851a1d" />
    <TestEntry testId="2ebf0d0c-5737-44aa-92e0-3bdca7a9e5ed" executionId="7bdf2bbf-7c04-4007-9f68-0df994026dad" testListId="8c84fa94-04c1-424b-9868-57a2d4851a1d" />
    <TestEntry testId="40f59cfe-49a2-4123-b282-34c64b8c5eea" executionId="7d432587-e52f-4ab6-af0e-f55ab3a5a39f" testListId="8c84fa94-04c1-424b-9868-57a2d4851a1d" />
    <TestEntry testId="254ca6e7-393a-4447-8f5f-f607c835c532" executionId="8a1238b9-9721-4336-a39c-2060880550d2" testListId="8c84fa94-04c1-424b-9868-57a2d4851a1d" />
    <TestEntry testId="3bbad94c-cf3e-4b0f-8c08-e302119a983b" executionId="67bad6f9-9e11-4fbd-9639-90f89e6b2aff" testListId="8c84fa94-04c1-424b-9868-57a2d4851a1d" />
    <TestEntry testId="1fc4d1a4-aadc-4c00-ac26-8d44fd01a2bd" executionId="8f70ae3e-4045-439b-9dff-5b0c439d75c0" testListId="8c84fa94-04c1-424b-9868-57a2d4851a1d" />
    <TestEntry testId="49ed02d0-9c56-4855-86fd-abd4865a7d6b" executionId="8d916f43-6dc7-450a-b4fb-a33a454a5319" testListId="8c84fa94-04c1-424b-9868-57a2d4851a1d" />
    <TestEntry testId="2c7ca343-b0be-47c8-8248-2a51074cc1d1" executionId="262cd703-127f-46c4-8f33-e95a31791e3e" testListId="8c84fa94-04c1-424b-9868-57a2d4851a1d" />
    <TestEntry testId="ade9aa9c-291f-4a6f-a40b-e449c4d9625b" executionId="17711479-aa69-4281-a627-c9e4df3b91f4" testListId="8c84fa94-04c1-424b-9868-57a2d4851a1d" />
    <TestEntry testId="875e39ba-f265-40c7-8128-5f69623cce2f" executionId="6576ab00-b4e9-412b-93c4-c91f1535d894" testListId="8c84fa94-04c1-424b-9868-57a2d4851a1d" />
    <TestEntry testId="978f1903-cee2-4102-a207-a99e677b46fd" executionId="eb3484fd-e01e-40df-b732-5598869c5017" testListId="8c84fa94-04c1-424b-9868-57a2d4851a1d" />
    <TestEntry testId="19cdf09b-68d3-4e58-95c5-ee8393618a4e" executionId="a76fcc95-02f7-4002-a6a6-afb01c4eff65" testListId="8c84fa94-04c1-424b-9868-57a2d4851a1d" />
    <TestEntry testId="f6692561-de7c-43e3-acf3-114841145cdd" executionId="bf6bc2e8-4dba-4c6c-bfa4-71786bfdbcce" testListId="8c84fa94-04c1-424b-9868-57a2d4851a1d" />
    <TestEntry testId="52e620ca-2849-4515-b057-6306137e4276" executionId="8d1a257b-03ff-4fcf-bb89-508df8aafb7a" testListId="8c84fa94-04c1-424b-9868-57a2d4851a1d" />
    <TestEntry testId="32e84832-a11f-4767-a323-156b6fdf320e" executionId="6afbfeb5-58c0-4fd6-b9a2-a81d0814d7de" testListId="8c84fa94-04c1-424b-9868-57a2d4851a1d" />
    <TestEntry testId="279033dd-87d8-437b-bfb1-4afbe469ff65" executionId="58c1a9ab-881e-4e5c-bb96-edb2e3deb4b7" testListId="8c84fa94-04c1-424b-9868-57a2d4851a1d" />
    <TestEntry testId="910107cc-3ce7-429d-9b7f-d779424f724a" executionId="79ca7bad-4682-4d72-838b-c6f005ceedfc" testListId="8c84fa94-04c1-424b-9868-57a2d4851a1d" />
    <TestEntry testId="ac703194-86e7-4c1f-ab27-27e9fdc40d21" executionId="f26e09df-bcd2-47b9-a7e3-ce0053de4dec" testListId="8c84fa94-04c1-424b-9868-57a2d4851a1d" />
    <TestEntry testId="ca38b534-0840-4bfc-8347-019fc8182104" executionId="1bfde057-e5e6-4e06-baaa-0904d6c78afb" testListId="8c84fa94-04c1-424b-9868-57a2d4851a1d" />
    <TestEntry testId="ac90b9e4-b0d7-41b0-8e16-2c52617ba9c9" executionId="c6bb9870-78f0-44aa-aba3-b972d53e8d59" testListId="8c84fa94-04c1-424b-9868-57a2d4851a1d" />
    <TestEntry testId="acc8bb59-6e03-4b87-bd76-aa6625b25fb5" executionId="c997109d-49e1-43fe-bdf1-1bab9f299449" testListId="8c84fa94-04c1-424b-9868-57a2d4851a1d" />
    <TestEntry testId="65b93b35-1c9b-4c5e-a256-31c142d734eb" executionId="4711f8c0-3d11-4747-87eb-5d075f4f0e20" testListId="8c84fa94-04c1-424b-9868-57a2d4851a1d" />
    <TestEntry testId="df62268f-197c-436b-a489-1748e3b6d9a0" executionId="2989a816-054c-47ba-8926-cb17c549a956" testListId="8c84fa94-04c1-424b-9868-57a2d4851a1d" />
    <TestEntry testId="6386617c-2e3a-4163-80f0-c3915e345bb3" executionId="6a794e34-e3f9-4e19-ba1f-5fbb8d317997" testListId="8c84fa94-04c1-424b-9868-57a2d4851a1d" />
    <TestEntry testId="a666f574-4e98-4aba-a3c4-3a55cb5ec5da" executionId="8c9711cd-6f04-4ee2-82fc-76d67cf64ea3" testListId="8c84fa94-04c1-424b-9868-57a2d4851a1d" />
    <TestEntry testId="4671e3fb-3bc9-45fc-b320-9f30623ed47f" executionId="61b46ca8-5e35-4596-8539-488e7e10de37" testListId="8c84fa94-04c1-424b-9868-57a2d4851a1d" />
    <TestEntry testId="679e5dca-3aa3-4b97-af0e-ab8ba96b237e" executionId="2d64f4a3-312c-4c28-b3f3-50ac484542fb" testListId="8c84fa94-04c1-424b-9868-57a2d4851a1d" />
    <TestEntry testId="bdc6425e-9462-4483-bcf0-14ad61782b06" executionId="84469dda-6244-45f0-9f9c-eb2d52c46f47" testListId="8c84fa94-04c1-424b-9868-57a2d4851a1d" />
    <TestEntry testId="ca09388a-8db9-45ae-946e-ebbbb0d2f802" executionId="919957df-fa05-4936-b887-47b4877a840c" testListId="8c84fa94-04c1-424b-9868-57a2d4851a1d" />
    <TestEntry testId="7d38ff83-19e1-4f1a-b0ee-7b7be4e3c436" executionId="943e3ad9-62e2-4f67-b40c-ef95becc794e" testListId="8c84fa94-04c1-424b-9868-57a2d4851a1d" />
    <TestEntry testId="6d7c03e2-ecc0-4166-8e4f-30d51f8b37ec" executionId="e7f6d1a9-781d-4aa8-8daa-a66eac19e81b" testListId="8c84fa94-04c1-424b-9868-57a2d4851a1d" />
    <TestEntry testId="22ec8d73-0018-40d9-a307-31a8147cc7b9" executionId="7866d932-1cda-4d44-9cce-57fcac50c617" testListId="8c84fa94-04c1-424b-9868-57a2d4851a1d" />
    <TestEntry testId="9c35eb13-4445-41fc-91eb-b45d52587f8e" executionId="a23f6eb6-2398-40cc-99d5-ec831a1ed8b1" testListId="8c84fa94-04c1-424b-9868-57a2d4851a1d" />
    <TestEntry testId="f1a04818-5b11-4b13-8839-bc78ebfeed1b" executionId="b5571eac-c766-4c54-80de-9aedee7e981b" testListId="8c84fa94-04c1-424b-9868-57a2d4851a1d" />
    <TestEntry testId="b243db53-ad34-4cc1-b14f-e45a62e62878" executionId="47316802-a855-4138-9c45-5e6b5175d936" testListId="8c84fa94-04c1-424b-9868-57a2d4851a1d" />
    <TestEntry testId="a3ca5526-fe6f-4220-93b1-00a910f055c1" executionId="658e93aa-0a4a-495e-99d6-5a6ffd980197" testListId="8c84fa94-04c1-424b-9868-57a2d4851a1d" />
    <TestEntry testId="a3aa04d1-3402-4ab8-9eb3-79d7dbb8b23c" executionId="d35ae02a-bcb0-4e0b-a7c9-9207a50f8035" testListId="8c84fa94-04c1-424b-9868-57a2d4851a1d" />
    <TestEntry testId="72602346-dce7-41f9-93b0-dd12813e79b6" executionId="3788bf51-8a74-406e-8549-a95934ef6096" testListId="8c84fa94-04c1-424b-9868-57a2d4851a1d" />
    <TestEntry testId="da2858d2-5a12-4908-8af1-66efbb100ad7" executionId="e043efb9-c239-4e69-9d05-8b75b7c466bf" testListId="8c84fa94-04c1-424b-9868-57a2d4851a1d" />
    <TestEntry testId="34968db1-0d00-4696-ad4d-f5d8e84f75d8" executionId="0db1f6fc-2f55-473f-9f50-9837d2bd8cd8" testListId="8c84fa94-04c1-424b-9868-57a2d4851a1d" />
    <TestEntry testId="7d85d7e3-8398-4bcb-b30c-2c78556c54c2" executionId="596a387a-56eb-4c2b-ae1d-afd79899f786" testListId="8c84fa94-04c1-424b-9868-57a2d4851a1d" />
    <TestEntry testId="05a4ab94-1771-42de-a26b-e8bd9f6dd272" executionId="3367b97f-03e7-40f8-8a71-f0fb466dec4a" testListId="8c84fa94-04c1-424b-9868-57a2d4851a1d" />
    <TestEntry testId="085bec09-3ccb-462b-8548-5cc52a2dbb03" executionId="7cd4f13f-9a32-4838-bcde-efdef38e48a9" testListId="8c84fa94-04c1-424b-9868-57a2d4851a1d" />
    <TestEntry testId="19544377-5265-49f0-84d5-1348ab77d5ce" executionId="6d0c29d9-4980-45d7-a832-1ab26314f810" testListId="8c84fa94-04c1-424b-9868-57a2d4851a1d" />
    <TestEntry testId="0efa2c03-5070-4f06-b559-983db3042e72" executionId="fb777df2-346e-4486-ad7a-ce6c4d59b27e" testListId="8c84fa94-04c1-424b-9868-57a2d4851a1d" />
    <TestEntry testId="ee73d623-9a47-4e45-81e9-a86314a1f6fc" executionId="30cf55e2-636c-4a5a-ba70-ef112f227d03" testListId="8c84fa94-04c1-424b-9868-57a2d4851a1d" />
    <TestEntry testId="6faa93ab-3f6b-4bd5-9a74-639a8e4feb22" executionId="56711b98-7c6a-4cb4-b8c7-296fb0ed613e" testListId="8c84fa94-04c1-424b-9868-57a2d4851a1d" />
    <TestEntry testId="08040de0-a2ad-44a3-af04-adcdb1e3cfab" executionId="ac966df7-a42f-4ae3-811e-40f504df1333" testListId="8c84fa94-04c1-424b-9868-57a2d4851a1d" />
    <TestEntry testId="2fd67bd1-6c6c-479c-9a57-709832cd5d01" executionId="03a54ee2-974e-4458-a910-af1e768afd53" testListId="8c84fa94-04c1-424b-9868-57a2d4851a1d" />
    <TestEntry testId="a494f2fd-792a-437b-9dba-7c3194fd6164" executionId="2f7aa581-6b0c-410d-9432-fbb3d8dd114e" testListId="8c84fa94-04c1-424b-9868-57a2d4851a1d" />
    <TestEntry testId="8c3cbafe-276d-4187-93d2-245addcd7e0e" executionId="c67617fd-4c6e-48a9-a528-f02258497ec5" testListId="8c84fa94-04c1-424b-9868-57a2d4851a1d" />
    <TestEntry testId="868448d3-5c77-4e32-8bb8-8d285203a5d4" executionId="6dad8f96-6371-4807-8ea4-e7f62b8977cb" testListId="8c84fa94-04c1-424b-9868-57a2d4851a1d" />
    <TestEntry testId="6b010106-77b2-41ad-870a-f329f8609ca1" executionId="49cb0e4a-80ee-43cb-ab9f-73de1166313f" testListId="8c84fa94-04c1-424b-9868-57a2d4851a1d" />
    <TestEntry testId="65a5240e-080b-4de6-9170-43a8f72b0854" executionId="03abadca-4d8f-45b3-829e-a769a927935c" testListId="8c84fa94-04c1-424b-9868-57a2d4851a1d" />
    <TestEntry testId="125eb395-c36f-4a3a-a210-4fecaff8c821" executionId="ad94f65b-1f67-48b9-a0d0-0a44c1d94706" testListId="8c84fa94-04c1-424b-9868-57a2d4851a1d" />
    <TestEntry testId="2b544690-6eee-4a86-8cdf-c3f301af8735" executionId="a72438b7-f4a2-4ad9-b9e5-f286a0ab6c5c" testListId="8c84fa94-04c1-424b-9868-57a2d4851a1d" />
    <TestEntry testId="433f20e0-1081-4395-b324-6d50489611b4" executionId="00658bf2-aaae-4ecc-bbd6-af6af6519fce" testListId="8c84fa94-04c1-424b-9868-57a2d4851a1d" />
    <TestEntry testId="ca97dd42-8221-493c-b7e7-8f62a8cbc264" executionId="36f30c9c-a9c8-4c29-92ab-32b4e4650113" testListId="8c84fa94-04c1-424b-9868-57a2d4851a1d" />
    <TestEntry testId="f627c855-17ef-43ed-96cf-03d5c6834148" executionId="04d74eaa-1e49-43a1-af21-507d28e59093" testListId="8c84fa94-04c1-424b-9868-57a2d4851a1d" />
    <TestEntry testId="120cadd1-2535-4e4a-b695-7986512bbbf0" executionId="08b0d967-b4f4-4688-aa8b-f34b566c9f91" testListId="8c84fa94-04c1-424b-9868-57a2d4851a1d" />
    <TestEntry testId="4d6bbd15-54e8-4459-8e3f-a0107272da15" executionId="e73f5c8c-05c7-4487-94ad-25234c84df01" testListId="8c84fa94-04c1-424b-9868-57a2d4851a1d" />
    <TestEntry testId="640804cc-f784-43c0-914e-9eca310cda8a" executionId="e2ab6daf-3479-464b-a67a-633b20b978e2" testListId="8c84fa94-04c1-424b-9868-57a2d4851a1d" />
    <TestEntry testId="9560db62-8579-4764-b989-7e02a46730ca" executionId="1aec092f-757e-460b-b23c-1aa727c3b326" testListId="8c84fa94-04c1-424b-9868-57a2d4851a1d" />
    <TestEntry testId="faae4941-e7d6-463a-a4c7-5d1deacdddea" executionId="e9585946-ddc8-42d7-8f2a-cc0dbb55ab73" testListId="8c84fa94-04c1-424b-9868-57a2d4851a1d" />
    <TestEntry testId="be254b8d-006d-4cef-ae73-b698eed0734e" executionId="25e65839-9a26-400f-80d1-9553612127c2" testListId="8c84fa94-04c1-424b-9868-57a2d4851a1d" />
    <TestEntry testId="cacf441f-fc26-478d-8797-3b29581439fd" executionId="3bf82462-8b35-40d7-b835-22e2081cc377" testListId="8c84fa94-04c1-424b-9868-57a2d4851a1d" />
    <TestEntry testId="3c9c4151-19ad-48f0-bda3-ff966f5cea0c" executionId="8215f592-81c7-4499-83d5-7f9f18660002" testListId="8c84fa94-04c1-424b-9868-57a2d4851a1d" />
    <TestEntry testId="a0103d39-8052-491e-a582-d4067bd8f41e" executionId="d0cb9846-e9f9-40ca-b2d9-3f66b56fce0d" testListId="8c84fa94-04c1-424b-9868-57a2d4851a1d" />
    <TestEntry testId="ced51270-b8d7-4b70-b043-17e9965d5ac2" executionId="a6958749-1472-4623-9c4a-3eb97adc03bf" testListId="8c84fa94-04c1-424b-9868-57a2d4851a1d" />
    <TestEntry testId="35bdaa1b-7dc8-4233-b4c1-e3d14e8571b6" executionId="b187a4b6-f900-4a49-9201-a3768cea9f79" testListId="8c84fa94-04c1-424b-9868-57a2d4851a1d" />
    <TestEntry testId="e81e88d0-faf9-42c0-821f-9acc91785db9" executionId="8997879c-7ca7-46f3-b8bb-3971901983f6" testListId="8c84fa94-04c1-424b-9868-57a2d4851a1d" />
    <TestEntry testId="d7fff878-2698-4595-82ec-baf35dfdcc7e" executionId="76624e73-69a0-4b35-b233-027481e3aa7a" testListId="8c84fa94-04c1-424b-9868-57a2d4851a1d" />
    <TestEntry testId="5686b635-45f0-4ddd-b516-52d992c76e71" executionId="2cb77c7b-0b6e-45ec-8e87-d4687be420bc" testListId="8c84fa94-04c1-424b-9868-57a2d4851a1d" />
    <TestEntry testId="07a3f150-015b-47bb-a5d4-c61404f4d465" executionId="25c0e843-ce4d-4903-abda-3858b6b4d7b8" testListId="8c84fa94-04c1-424b-9868-57a2d4851a1d" />
    <TestEntry testId="f9acf32e-4d20-4e63-bbf2-d6237a94aa30" executionId="ef63270e-8c4e-4373-ad88-456250ccff96" testListId="8c84fa94-04c1-424b-9868-57a2d4851a1d" />
    <TestEntry testId="1a6717ce-a19e-4f5e-8ffd-0366812f2168" executionId="90af6b0a-20d9-4242-a362-19adc91d79aa" testListId="8c84fa94-04c1-424b-9868-57a2d4851a1d" />
    <TestEntry testId="1b4f5330-90a7-4a1f-85af-ee5e04fd4afe" executionId="a472f31f-f2d3-4bd0-8e4d-14eb6f575547" testListId="8c84fa94-04c1-424b-9868-57a2d4851a1d" />
    <TestEntry testId="0ecc1111-96ca-41c0-824d-3b287c5b4812" executionId="92394aa3-f62f-475c-90b8-e14cf13ca425" testListId="8c84fa94-04c1-424b-9868-57a2d4851a1d" />
    <TestEntry testId="444758d1-1091-45e8-88b0-601e72c90af6" executionId="366187c1-b3ba-45ec-ac15-39d6be411ec0" testListId="8c84fa94-04c1-424b-9868-57a2d4851a1d" />
    <TestEntry testId="a62bb039-0f86-4576-bb78-7a587b615616" executionId="fee754ed-4181-4a52-9db4-8002eaf6c4d2" testListId="8c84fa94-04c1-424b-9868-57a2d4851a1d" />
    <TestEntry testId="08410c1a-ebcb-4cee-9d7e-ada3e8c34851" executionId="c18cba26-117b-4d12-9f61-b54d892f9c4e" testListId="8c84fa94-04c1-424b-9868-57a2d4851a1d" />
    <TestEntry testId="7879d780-0d39-4cfb-857e-9181761af18b" executionId="9350280f-ada4-4f24-a695-480a25ef0b0f" testListId="8c84fa94-04c1-424b-9868-57a2d4851a1d" />
    <TestEntry testId="f78bef0b-bcfd-4b7e-8658-1f36aac2243f" executionId="b6bd0fea-a4c8-4088-ab01-33688693256e" testListId="8c84fa94-04c1-424b-9868-57a2d4851a1d" />
    <TestEntry testId="7a49adb3-0946-4ad3-a906-8fcd3af07620" executionId="a5b52c7b-33b3-478f-9cc1-36e1ca6cb3e4" testListId="8c84fa94-04c1-424b-9868-57a2d4851a1d" />
    <TestEntry testId="a145c755-afd5-47b4-96b0-e9edbabe7ca2" executionId="c6fa2436-cd0f-4ddb-b5e2-afba9c7134df" testListId="8c84fa94-04c1-424b-9868-57a2d4851a1d" />
    <TestEntry testId="a87e6608-bad1-40bb-960d-664fccedad1b" executionId="7b1fbd88-f39f-4f3d-a154-f61e852da561" testListId="8c84fa94-04c1-424b-9868-57a2d4851a1d" />
    <TestEntry testId="c7527c78-bad1-4c7b-bbf8-cef896a3d9d3" executionId="85c809f5-eba1-403f-bb85-fa664075f4dc" testListId="8c84fa94-04c1-424b-9868-57a2d4851a1d" />
    <TestEntry testId="8205ca48-e4dc-476d-9fc8-70db53f32b72" executionId="e9adc4a1-bdc0-4f08-863d-262755ec55cc" testListId="8c84fa94-04c1-424b-9868-57a2d4851a1d" />
    <TestEntry testId="df9da945-0fdf-413b-ae3a-0496a32e2528" executionId="e6aaa575-9715-46f8-b29c-aaa0c9d94b6d" testListId="8c84fa94-04c1-424b-9868-57a2d4851a1d" />
    <TestEntry testId="cccdf96f-1f3e-4ad8-96a0-6a83e3bb89ea" executionId="0d6c525b-9d29-4dad-88a3-31ab99cde6fc" testListId="8c84fa94-04c1-424b-9868-57a2d4851a1d" />
    <TestEntry testId="7036321c-01f6-41ca-9618-8bd9fd808380" executionId="0004f2d7-6034-4769-9ff8-e41b173888cd" testListId="8c84fa94-04c1-424b-9868-57a2d4851a1d" />
    <TestEntry testId="78bb1338-a792-4bfa-b6e0-8215353a4ae7" executionId="0c6d0a01-e245-46c2-a687-66cdbb8a8a41" testListId="8c84fa94-04c1-424b-9868-57a2d4851a1d" />
    <TestEntry testId="a84f252b-7852-4c36-af0b-5d0525fbe390" executionId="9268b48b-92f6-4dc9-8f10-d4e447c39f8f" testListId="8c84fa94-04c1-424b-9868-57a2d4851a1d" />
    <TestEntry testId="23bb7a80-cc45-4307-b139-c0e723434d68" executionId="746a113e-9bc6-4e5d-864c-598305f87a39" testListId="8c84fa94-04c1-424b-9868-57a2d4851a1d" />
    <TestEntry testId="0efbcafd-2fc1-4edd-8204-ca16bf8416e5" executionId="95ea0cc6-0bda-4c2a-8ee2-372cc585873b" testListId="8c84fa94-04c1-424b-9868-57a2d4851a1d" />
    <TestEntry testId="0c325ae6-2ab7-40b4-b4c4-1161dae07583" executionId="dfa774b3-ef0c-401a-9b07-ddc650d62d20" testListId="8c84fa94-04c1-424b-9868-57a2d4851a1d" />
    <TestEntry testId="7fa9ae70-7886-4c67-bd8f-b557fce586b9" executionId="f5e8d8e1-e049-4052-b76a-5806b2b2a6dd" testListId="8c84fa94-04c1-424b-9868-57a2d4851a1d" />
    <TestEntry testId="0657eb65-01ee-416c-93d2-5da6639beefd" executionId="3abcc16e-52a9-45a8-995c-a53c6e541d43" testListId="8c84fa94-04c1-424b-9868-57a2d4851a1d" />
    <TestEntry testId="405339e9-a218-4cf6-95e5-272ee4c0212b" executionId="70695c25-837f-49ad-a7e8-e3d7aa6a6af4" testListId="8c84fa94-04c1-424b-9868-57a2d4851a1d" />
    <TestEntry testId="82f2d1b3-8f11-4110-8dcf-901fe22cbe72" executionId="efef41ab-15c8-4c66-a564-83786048fee8" testListId="8c84fa94-04c1-424b-9868-57a2d4851a1d" />
    <TestEntry testId="4795e450-92b5-4d5b-9e5e-2e6d81a3d599" executionId="46a2932d-79dd-4256-997a-2c55f87d4388" testListId="8c84fa94-04c1-424b-9868-57a2d4851a1d" />
    <TestEntry testId="4bb5582d-0da3-4253-992c-dcbb7815861e" executionId="734611ab-9b21-48f9-9979-93fb7715632d" testListId="8c84fa94-04c1-424b-9868-57a2d4851a1d" />
    <TestEntry testId="b0593d5a-2c94-48c9-a91a-d05be9ee41a6" executionId="8b73ff9c-f0d4-41dc-92f6-fdd4beaf6abe" testListId="8c84fa94-04c1-424b-9868-57a2d4851a1d" />
    <TestEntry testId="fb67c5b6-011f-46cc-95ca-ee27f2c2148a" executionId="202cd611-5a31-41ba-b2c8-4c4caf0b4dc3" testListId="8c84fa94-04c1-424b-9868-57a2d4851a1d" />
    <TestEntry testId="d0f76e8e-9937-4ee4-9edd-a443718026b1" executionId="c75c7aa7-cd58-4d40-aafc-2ad22e4af3b6" testListId="8c84fa94-04c1-424b-9868-57a2d4851a1d" />
    <TestEntry testId="bdb63d9a-0f90-4520-99ff-b9a1ae125af0" executionId="580c4142-9204-4d0a-b89a-a5383c87a0b5" testListId="8c84fa94-04c1-424b-9868-57a2d4851a1d" />
    <TestEntry testId="75862528-8864-4048-8980-f41f4c9d722f" executionId="9b3c4202-d03b-4a84-9f75-3be288482c9e" testListId="8c84fa94-04c1-424b-9868-57a2d4851a1d" />
    <TestEntry testId="6670ce45-8152-48d1-8f3a-1aae8e420bd8" executionId="59552f67-dbff-49dc-862c-c9d37f39ee4e" testListId="8c84fa94-04c1-424b-9868-57a2d4851a1d" />
    <TestEntry testId="82a1ffb6-77c2-49d5-8aa5-eabbe952e532" executionId="46c72b05-1ab8-4fa3-9bd6-64cfd1b6b0fb" testListId="8c84fa94-04c1-424b-9868-57a2d4851a1d" />
    <TestEntry testId="00b5b86c-a298-4710-bd70-52fb8302e850" executionId="6595722b-9032-4fd1-9e62-ab9374a82466" testListId="8c84fa94-04c1-424b-9868-57a2d4851a1d" />
    <TestEntry testId="6c58f7c2-7897-4e3c-a80d-a4c8d09fbe43" executionId="7bc40415-db7e-424f-ba24-9f6f04bf4a7d" testListId="8c84fa94-04c1-424b-9868-57a2d4851a1d" />
    <TestEntry testId="5d08b5f0-ce95-40c4-8a15-3ad221720b4c" executionId="496da6b0-3af2-44af-bffd-2513c353be3f" testListId="8c84fa94-04c1-424b-9868-57a2d4851a1d" />
    <TestEntry testId="f87dda6b-e1b1-4849-8a5e-5fdb7864195b" executionId="8febdbc8-f34c-4f22-91b1-ebf48879f09d" testListId="8c84fa94-04c1-424b-9868-57a2d4851a1d" />
    <TestEntry testId="c53df9c3-6c90-402e-9bda-36b0d5068ca5" executionId="0dcaca4c-8a73-4966-9eb7-a659a54c3f73" testListId="8c84fa94-04c1-424b-9868-57a2d4851a1d" />
    <TestEntry testId="6e2ef960-3106-4095-b324-7c9b0524f49a" executionId="21a348d5-26d1-4de4-8491-e27e42d4af2c" testListId="8c84fa94-04c1-424b-9868-57a2d4851a1d" />
    <TestEntry testId="7ac1160a-16b5-4e6d-82f2-f3cc589133a1" executionId="21d44507-a79a-4e1a-b285-15166475648c" testListId="8c84fa94-04c1-424b-9868-57a2d4851a1d" />
    <TestEntry testId="0cf18c38-e34d-4392-a28a-d57b5b2f534e" executionId="b5cf1041-03cd-45a8-b6f8-d4466aaf977e" testListId="8c84fa94-04c1-424b-9868-57a2d4851a1d" />
    <TestEntry testId="05015853-422e-4524-93dd-599b77dbed39" executionId="ceb48d1f-bf1d-436d-bcc3-f54bcedb8992" testListId="8c84fa94-04c1-424b-9868-57a2d4851a1d" />
    <TestEntry testId="b8ed8cdf-48ed-4e12-a4e5-dbf410f1c2da" executionId="cf4d2d04-ac67-4f56-b3ec-2b31ad9e4dd8" testListId="8c84fa94-04c1-424b-9868-57a2d4851a1d" />
    <TestEntry testId="e9a1e422-f245-42bc-a113-349ec06de402" executionId="3ace1fad-4040-4cb7-9505-fc14f2bb5a14" testListId="8c84fa94-04c1-424b-9868-57a2d4851a1d" />
    <TestEntry testId="a54aec29-0729-4c82-b99f-757c4788d375" executionId="5d68cf0e-274c-4f0b-8c69-d5492da9513c" testListId="8c84fa94-04c1-424b-9868-57a2d4851a1d" />
    <TestEntry testId="e3ac7f24-711b-4faa-bf11-f5f8dc838930" executionId="d856e16f-48a8-4459-8e37-fd2f7cb909eb" testListId="8c84fa94-04c1-424b-9868-57a2d4851a1d" />
    <TestEntry testId="31e5f698-8e99-4748-98ec-366ffb695f83" executionId="21b79aaf-ce33-4e77-aff0-91c54695f19a" testListId="8c84fa94-04c1-424b-9868-57a2d4851a1d" />
    <TestEntry testId="479734a2-4d53-42b5-a3d3-05c5e6828ea0" executionId="c74f189c-c704-471f-853f-166edc928042" testListId="8c84fa94-04c1-424b-9868-57a2d4851a1d" />
    <TestEntry testId="02d05f34-01f8-4905-9089-c650383669d9" executionId="e8ca5ee7-f7a0-4d41-9d8f-a9b23f58eef0" testListId="8c84fa94-04c1-424b-9868-57a2d4851a1d" />
    <TestEntry testId="1066606b-b849-4c38-bbe2-8ccea896058d" executionId="677179a7-ab37-4df9-9f8a-e397c51b4745" testListId="8c84fa94-04c1-424b-9868-57a2d4851a1d" />
    <TestEntry testId="3c1e0ec7-73e5-4788-9deb-7a78da156b03" executionId="fa84bb5a-5fbc-4a59-8996-acb806e02682" testListId="8c84fa94-04c1-424b-9868-57a2d4851a1d" />
    <TestEntry testId="fa6422ca-eb1e-4737-a20a-22726da98385" executionId="74d7add0-f5eb-4d2c-857d-8468f6f6e124" testListId="8c84fa94-04c1-424b-9868-57a2d4851a1d" />
    <TestEntry testId="c4118025-665f-4ca2-9203-d6777ad35e26" executionId="dfe6fd82-0347-491c-9f06-90200adffac4" testListId="8c84fa94-04c1-424b-9868-57a2d4851a1d" />
    <TestEntry testId="74669a92-8d62-4836-9468-0c765d5c18a8" executionId="7f40c742-276e-47a9-97ee-d9cadc371e69" testListId="8c84fa94-04c1-424b-9868-57a2d4851a1d" />
    <TestEntry testId="353c5f33-f32b-4ba2-9989-ddc72bc195ac" executionId="24074156-03d1-4f36-a6a5-2f9a3522b5c0" testListId="8c84fa94-04c1-424b-9868-57a2d4851a1d" />
    <TestEntry testId="25bee142-44dd-461f-86c4-a4524b2795f1" executionId="6c185ee2-2af9-4b22-a3ba-ca9d7bf9e459" testListId="8c84fa94-04c1-424b-9868-57a2d4851a1d" />
    <TestEntry testId="8017825f-5eee-4599-b417-42e4ca1c539f" executionId="a2b88b48-f287-4e02-8247-fa76d2be39da" testListId="8c84fa94-04c1-424b-9868-57a2d4851a1d" />
    <TestEntry testId="4ddc351c-e48b-4c1e-9f00-46f754e14d73" executionId="c1b8f1bf-753c-4095-a9d1-58ead9689b7c" testListId="8c84fa94-04c1-424b-9868-57a2d4851a1d" />
    <TestEntry testId="97d9b48a-d5ea-4b3c-b5c0-a36bdaa13730" executionId="441c05a4-4fc3-4e32-ab9c-8ace9b3a6173" testListId="8c84fa94-04c1-424b-9868-57a2d4851a1d" />
    <TestEntry testId="40f362c0-2fa0-48f7-9f2a-50c571c3767e" executionId="289046ca-48d8-41a3-86ed-ef545b569e8e" testListId="8c84fa94-04c1-424b-9868-57a2d4851a1d" />
    <TestEntry testId="4ac2f6f9-3fcf-4563-a860-29f1f92f8f65" executionId="98784f19-199a-4507-82b3-0fa1a25219b6" testListId="8c84fa94-04c1-424b-9868-57a2d4851a1d" />
  </TestEntries>
  <TestLists>
    <TestList name="Results Not in a List" id="8c84fa94-04c1-424b-9868-57a2d4851a1d" />
    <TestList name="All Loaded Results" id="19431567-8539-422a-85d7-44ee4e166bda" />
  </TestLists>
  <ResultSummary outcome="Completed">
    <Counters total="156" executed="156" passed="156" failed="0" error="0" timeout="0" aborted="0" inconclusive="0" passedButRunAborted="0" notRunnable="0" notExecuted="0" disconnected="0" warning="0" completed="0" inProgress="0" pending="0" />
  </ResultSummary>
</TestRun>