<?xml version="1.0" encoding="UTF-8"?>
<TestRun id="df2f0dfa-2cb2-4bc2-ad8f-f0e8f955a7aa" name="tfsmladm@TFSBUILD11 2015-09-28 09:43:46" runUser="REDMOND\tfsmladm" xmlns="http://microsoft.com/schemas/VisualStudio/TeamTest/2010">
  <Times creation="2015-09-28T09:43:46.9697577-07:00" queuing="2015-09-28T09:43:46.9697577-07:00" start="2015-09-28T09:43:46.9697577-07:00" finish="2015-09-28T09:43:47.0166349-07:00" />
  <TestSettings name="default" id="10d4754d-4b0f-4d36-b64e-ede2bec9340b">
    <Execution>
      <TestTypeSpecific />
    </Execution>
    <Deployment runDeploymentRoot="tfsmladm_TFSBUILD11 2015-09-28 09_43_46" />
    <Properties />
  </TestSettings>
  <Results>
    <UnitTestResult executionId="eead9e3f-0f0d-40f8-9cf3-a61f1ec13c65" testId="554e63aa-82e6-7add-40af-d9bf5fc84186" testName="TestAsDormantConversionToBoolean" computerName="TFSBUILD11" duration="00:00:00.0060663" startTime="2015-09-28T09:43:46.8447479-07:00" endTime="2015-09-28T09:43:46.8760004-07:00" testType="13cdc9d9-ddb5-4fa4-a97d-d965ccfc6d4b" outcome="Passed" testListId="8c84fa94-04c1-424b-9868-57a2d4851a1d" relativeResultsDirectory="eead9e3f-0f0d-40f8-9cf3-a61f1ec13c65" />
    <UnitTestResult executionId="17755bc1-1d13-4166-aa96-41b9f851478d" testId="fde618fb-a801-00f3-620e-2c98676bc858" testName="TestAsDormantSerializer" computerName="TFSBUILD11" duration="00:00:00.0294786" startTime="2015-09-28T09:43:46.8916260-07:00" endTime="2015-09-28T09:43:46.9228785-07:00" testType="13cdc9d9-ddb5-4fa4-a97d-d965ccfc6d4b" outcome="Passed" testListId="8c84fa94-04c1-424b-9868-57a2d4851a1d" relativeResultsDirectory="17755bc1-1d13-4166-aa96-41b9f851478d" />
    <UnitTestResult executionId="372c9fd7-0f2e-4fb8-a4d9-7e7153ebf475" testId="2ed3d2f6-9d8f-e1d6-69d2-a9561ff45b74" testName="TestAsDormantDeserializer" computerName="TFSBUILD11" duration="00:00:00.0040629" startTime="2015-09-28T09:43:46.9228785-07:00" endTime="2015-09-28T09:43:46.9228785-07:00" testType="13cdc9d9-ddb5-4fa4-a97d-d965ccfc6d4b" outcome="Passed" testListId="8c84fa94-04c1-424b-9868-57a2d4851a1d" relativeResultsDirectory="372c9fd7-0f2e-4fb8-a4d9-7e7153ebf475" />
  </Results>
  <TestDefinitions>
    <UnitTest name="TestAsDormantConversionToBoolean" storage="d:\v2.0\a1\_work\dbded102\bin\release.anycpu\vssf.sdk\ms.vs.services.framework.extensions.l0.tests\ms.vs.services.framework.extensions.l0.tests.dll" id="554e63aa-82e6-7add-40af-d9bf5fc84186">
      <Execution id="eead9e3f-0f0d-40f8-9cf3-a61f1ec13c65" />
      <TestMethod codeBase="D:\v2.0\A1\_work\dbded102\bin\Release.AnyCPU\Vssf.Sdk\MS.VS.Services.Framework.Extensions.L0.Tests\MS.VS.Services.Framework.Extensions.L0.Tests.dll" adapterTypeName="Microsoft.VisualStudio.TestTools.TestTypes.Unit.UnitTestAdapter" className="MS.VS.Services.Framework.Extensions.L0.Tests.JobStepPerformerTests" name="TestAsDormantConversionToBoolean" />
    </UnitTest>
    <UnitTest name="TestAsDormantSerializer" storage="d:\v2.0\a1\_work\dbded102\bin\release.anycpu\vssf.sdk\ms.vs.services.framework.extensions.l0.tests\ms.vs.services.framework.extensions.l0.tests.dll" id="fde618fb-a801-00f3-620e-2c98676bc858">
      <Execution id="17755bc1-1d13-4166-aa96-41b9f851478d" />
      <TestMethod codeBase="D:\v2.0\A1\_work\dbded102\bin\Release.AnyCPU\Vssf.Sdk\MS.VS.Services.Framework.Extensions.L0.Tests\MS.VS.Services.Framework.Extensions.L0.Tests.dll" adapterTypeName="Microsoft.VisualStudio.TestTools.TestTypes.Unit.UnitTestAdapter" className="MS.VS.Services.Framework.Extensions.L0.Tests.JobStepPerformerTests" name="TestAsDormantSerializer" />
    </UnitTest>
    <UnitTest name="TestAsDormantDeserializer" storage="d:\v2.0\a1\_work\dbded102\bin\release.anycpu\vssf.sdk\ms.vs.services.framework.extensions.l0.tests\ms.vs.services.framework.extensions.l0.tests.dll" id="2ed3d2f6-9d8f-e1d6-69d2-a9561ff45b74">
      <Execution id="372c9fd7-0f2e-4fb8-a4d9-7e7153ebf475" />
      <TestMethod codeBase="D:\v2.0\A1\_work\dbded102\bin\Release.AnyCPU\Vssf.Sdk\MS.VS.Services.Framework.Extensions.L0.Tests\MS.VS.Services.Framework.Extensions.L0.Tests.dll" adapterTypeName="Microsoft.VisualStudio.TestTools.TestTypes.Unit.UnitTestAdapter" className="MS.VS.Services.Framework.Extensions.L0.Tests.JobStepPerformerTests" name="TestAsDormantDeserializer" />
    </UnitTest>
  </TestDefinitions>
  <TestEntries>
    <TestEntry testId="554e63aa-82e6-7add-40af-d9bf5fc84186" executionId="eead9e3f-0f0d-40f8-9cf3-a61f1ec13c65" testListId="8c84fa94-04c1-424b-9868-57a2d4851a1d" />
    <TestEntry testId="fde618fb-a801-00f3-620e-2c98676bc858" executionId="17755bc1-1d13-4166-aa96-41b9f851478d" testListId="8c84fa94-04c1-424b-9868-57a2d4851a1d" />
    <TestEntry testId="2ed3d2f6-9d8f-e1d6-69d2-a9561ff45b74" executionId="372c9fd7-0f2e-4fb8-a4d9-7e7153ebf475" testListId="8c84fa94-04c1-424b-9868-57a2d4851a1d" />
  </TestEntries>
  <TestLists>
    <TestList name="Results Not in a List" id="8c84fa94-04c1-424b-9868-57a2d4851a1d" />
    <TestList name="All Loaded Results" id="19431567-8539-422a-85d7-44ee4e166bda" />
  </TestLists>
  <ResultSummary outcome="Completed">
    <Counters total="3" executed="3" passed="3" failed="0" error="0" timeout="0" aborted="0" inconclusive="0" passedButRunAborted="0" notRunnable="0" notExecuted="0" disconnected="0" warning="0" completed="0" inProgress="0" pending="0" />
  </ResultSummary>
</TestRun>