<?xml version="1.0" encoding="UTF-8"?>
<TestRun id="da3ff539-5b0c-43df-9114-2bd8e2d29461" name="tfsmladm@TFSBUILD11 2015-09-28 09:43:39" runUser="REDMOND\tfsmladm" xmlns="http://microsoft.com/schemas/VisualStudio/TeamTest/2010">
  <Times creation="2015-09-28T09:43:39.8911288-07:00" queuing="2015-09-28T09:43:39.8911288-07:00" start="2015-09-28T09:43:39.8911288-07:00" finish="2015-09-28T09:43:39.9380077-07:00" />
  <TestSettings name="default" id="9465d312-9aac-4991-9708-30fc92495b81">
    <Execution>
      <TestTypeSpecific />
    </Execution>
    <Deployment runDeploymentRoot="tfsmladm_TFSBUILD11 2015-09-28 09_43_39" />
    <Properties />
  </TestSettings>
  <Results>
    <UnitTestResult executionId="e4e9da4f-2655-4a49-a7c7-a4b99ba9cb8c" testId="98f89f0e-0343-6d15-93dd-687f715e662c" testName="CalculateAvailableCapacityWithoutMemberCapacities" computerName="TFSBUILD11" duration="00:00:00.0170851" startTime="2015-09-28T09:43:39.7817457-07:00" endTime="2015-09-28T09:43:39.8286243-07:00" testType="13cdc9d9-ddb5-4fa4-a97d-d965ccfc6d4b" outcome="Passed" testListId="8c84fa94-04c1-424b-9868-57a2d4851a1d" relativeResultsDirectory="e4e9da4f-2655-4a49-a7c7-a4b99ba9cb8c" />
    <UnitTestResult executionId="1942c7d5-bc08-4188-a726-cc71b16951bc" testId="1a7137e4-9eae-40e9-6edb-ca1e8ec8aa3b" testName="CalculateAvailableCapacityMemberCapacities" computerName="TFSBUILD11" duration="00:00:00.0009008" startTime="2015-09-28T09:43:39.8442507-07:00" endTime="2015-09-28T09:43:39.8442507-07:00" testType="13cdc9d9-ddb5-4fa4-a97d-d965ccfc6d4b" outcome="Passed" testListId="8c84fa94-04c1-424b-9868-57a2d4851a1d" relativeResultsDirectory="1942c7d5-bc08-4188-a726-cc71b16951bc" />
    <UnitTestResult executionId="174356bc-a205-495a-884a-5c61c62a1bf5" testId="eb320ce8-6d4a-780f-ec44-2079f548a652" testName="CalculateAvailableCapacityMemberCapacitiesAndDaysOff" computerName="TFSBUILD11" duration="00:00:00.0012649" startTime="2015-09-28T09:43:39.8442507-07:00" endTime="2015-09-28T09:43:39.8442507-07:00" testType="13cdc9d9-ddb5-4fa4-a97d-d965ccfc6d4b" outcome="Passed" testListId="8c84fa94-04c1-424b-9868-57a2d4851a1d" relativeResultsDirectory="174356bc-a205-495a-884a-5c61c62a1bf5" />
  </Results>
  <TestDefinitions>
    <UnitTest name="CalculateAvailableCapacityWithoutMemberCapacities" storage="d:\v2.0\a1\_work\dbded102\bin\release.anycpu\tfs.service\ms.tf.server.webaccess.reporting.l0.tests\ms.tf.server.webaccess.reporting.l0.tests.dll" priority="1" id="98f89f0e-0343-6d15-93dd-687f715e662c">
      <Owners>
        <Owner name="vscsbacklogs" />
      </Owners>
      <Execution id="e4e9da4f-2655-4a49-a7c7-a4b99ba9cb8c" />
      <TestMethod codeBase="D:\v2.0\A1\_work\dbded102\bin\Release.AnyCPU\Tfs.Service\MS.TF.Server.WebAccess.Reporting.L0.Tests\MS.TF.Server.WebAccess.Reporting.L0.Tests.dll" adapterTypeName="Microsoft.VisualStudio.TestTools.TestTypes.Unit.UnitTestAdapter" className="MS.TF.Server.WebAccess.Reporting.L0.Tests.BurndownChartTests" name="CalculateAvailableCapacityWithoutMemberCapacities" />
    </UnitTest>
    <UnitTest name="CalculateAvailableCapacityMemberCapacities" storage="d:\v2.0\a1\_work\dbded102\bin\release.anycpu\tfs.service\ms.tf.server.webaccess.reporting.l0.tests\ms.tf.server.webaccess.reporting.l0.tests.dll" priority="1" id="1a7137e4-9eae-40e9-6edb-ca1e8ec8aa3b">
      <Owners>
        <Owner name="vscsbacklogs" />
      </Owners>
      <Execution id="1942c7d5-bc08-4188-a726-cc71b16951bc" />
      <TestMethod codeBase="D:\v2.0\A1\_work\dbded102\bin\Release.AnyCPU\Tfs.Service\MS.TF.Server.WebAccess.Reporting.L0.Tests\MS.TF.Server.WebAccess.Reporting.L0.Tests.dll" adapterTypeName="Microsoft.VisualStudio.TestTools.TestTypes.Unit.UnitTestAdapter" className="MS.TF.Server.WebAccess.Reporting.L0.Tests.BurndownChartTests" name="CalculateAvailableCapacityMemberCapacities" />
    </UnitTest>
    <UnitTest name="CalculateAvailableCapacityMemberCapacitiesAndDaysOff" storage="d:\v2.0\a1\_work\dbded102\bin\release.anycpu\tfs.service\ms.tf.server.webaccess.reporting.l0.tests\ms.tf.server.webaccess.reporting.l0.tests.dll" priority="1" id="eb320ce8-6d4a-780f-ec44-2079f548a652">
      <Owners>
        <Owner name="vscsbacklogs" />
      </Owners>
      <Execution id="174356bc-a205-495a-884a-5c61c62a1bf5" />
      <TestMethod codeBase="D:\v2.0\A1\_work\dbded102\bin\Release.AnyCPU\Tfs.Service\MS.TF.Server.WebAccess.Reporting.L0.Tests\MS.TF.Server.WebAccess.Reporting.L0.Tests.dll" adapterTypeName="Microsoft.VisualStudio.TestTools.TestTypes.Unit.UnitTestAdapter" className="MS.TF.Server.WebAccess.Reporting.L0.Tests.BurndownChartTests" name="CalculateAvailableCapacityMemberCapacitiesAndDaysOff" />
    </UnitTest>
  </TestDefinitions>
  <TestEntries>
    <TestEntry testId="98f89f0e-0343-6d15-93dd-687f715e662c" executionId="e4e9da4f-2655-4a49-a7c7-a4b99ba9cb8c" testListId="8c84fa94-04c1-424b-9868-57a2d4851a1d" />
    <TestEntry testId="1a7137e4-9eae-40e9-6edb-ca1e8ec8aa3b" executionId="1942c7d5-bc08-4188-a726-cc71b16951bc" testListId="8c84fa94-04c1-424b-9868-57a2d4851a1d" />
    <TestEntry testId="eb320ce8-6d4a-780f-ec44-2079f548a652" executionId="174356bc-a205-495a-884a-5c61c62a1bf5" testListId="8c84fa94-04c1-424b-9868-57a2d4851a1d" />
  </TestEntries>
  <TestLists>
    <TestList name="Results Not in a List" id="8c84fa94-04c1-424b-9868-57a2d4851a1d" />
    <TestList name="All Loaded Results" id="19431567-8539-422a-85d7-44ee4e166bda" />
  </TestLists>
  <ResultSummary outcome="Completed">
    <Counters total="3" executed="3" passed="3" failed="0" error="0" timeout="0" aborted="0" inconclusive="0" passedButRunAborted="0" notRunnable="0" notExecuted="0" disconnected="0" warning="0" completed="0" inProgress="0" pending="0" />
  </ResultSummary>
</TestRun>