<?xml version="1.0" encoding="UTF-8"?>
<TestRun id="fb0ba7a4-4971-4b0e-89df-fee02c6cc8dd" name="tfsmladm@TFSBUILD11 2015-09-28 09:43:35" runUser="REDMOND\tfsmladm" xmlns="http://microsoft.com/schemas/VisualStudio/TeamTest/2010">
  <Times creation="2015-09-28T09:43:35.9689746-07:00" queuing="2015-09-28T09:43:35.9689746-07:00" start="2015-09-28T09:43:35.9689746-07:00" finish="2015-09-28T09:43:36.2814968-07:00" />
  <TestSettings name="default" id="5f2bbe79-73c4-4bd1-873b-3e33c0c5e0b2">
    <Execution>
      <TestTypeSpecific />
    </Execution>
    <Deployment runDeploymentRoot="tfsmladm_TFSBUILD11 2015-09-28 09_43_35" />
    <Properties />
  </TestSettings>
  <Results>
    <UnitTestResult executionId="a59d5c27-fc6f-41ab-9c10-dc2705973dbf" testId="177dd595-d558-a30f-effd-99dd1a3b5ffa" testName="Create_WhenCreateDataNull_ThenException" computerName="TFSBUILD11" duration="00:00:00.6281559" startTime="2015-09-28T09:43:35.1095394-07:00" endTime="2015-09-28T09:43:35.7814613-07:00" testType="13cdc9d9-ddb5-4fa4-a97d-d965ccfc6d4b" outcome="Passed" testListId="8c84fa94-04c1-424b-9868-57a2d4851a1d" relativeResultsDirectory="a59d5c27-fc6f-41ab-9c10-dc2705973dbf" />
    <UnitTestResult executionId="702028f7-f25c-4e5a-82d8-a8eb2e216f12" testId="e71b76f6-5190-a126-f0da-4fe97aebf028" testName="Create_WhenIdentityDoesNotHaveUploadPermissionOnProject_ThrowsSecurityException" computerName="TFSBUILD11" duration="00:00:00.0232083" startTime="2015-09-28T09:43:35.7970922-07:00" endTime="2015-09-28T09:43:35.8127135-07:00" testType="13cdc9d9-ddb5-4fa4-a97d-d965ccfc6d4b" outcome="Passed" testListId="8c84fa94-04c1-424b-9868-57a2d4851a1d" relativeResultsDirectory="702028f7-f25c-4e5a-82d8-a8eb2e216f12" />
    <UnitTestResult executionId="4ec72253-6aaf-4da2-a84b-432191ba5386" testId="979fe92e-fc30-069a-a320-56f48bf79364" testName="Create_NullReleaseNotesAreSavedInDb" computerName="TFSBUILD11" duration="00:00:00.0388317" startTime="2015-09-28T09:43:35.8127135-07:00" endTime="2015-09-28T09:43:35.8595915-07:00" testType="13cdc9d9-ddb5-4fa4-a97d-d965ccfc6d4b" outcome="Passed" testListId="8c84fa94-04c1-424b-9868-57a2d4851a1d" relativeResultsDirectory="4ec72253-6aaf-4da2-a84b-432191ba5386" />
    <UnitTestResult executionId="b4e97bc2-f457-48a6-a247-0adeb59c8928" testId="34a0a01d-1716-2ac1-cb25-b5bf3d5a1097" testName="Create_SetsPackageUriReturnedByFileContainerServiceAdapter" computerName="TFSBUILD11" duration="00:00:00.0083800" startTime="2015-09-28T09:43:35.8595915-07:00" endTime="2015-09-28T09:43:35.8595915-07:00" testType="13cdc9d9-ddb5-4fa4-a97d-d965ccfc6d4b" outcome="Passed" testListId="8c84fa94-04c1-424b-9868-57a2d4851a1d" relativeResultsDirectory="b4e97bc2-f457-48a6-a247-0adeb59c8928" />
    <UnitTestResult executionId="9eaa675f-0de6-4c7d-90cd-26bf478e2f55" testId="55471b7d-6911-9e60-ff5c-31f9b2ccedfb" testName="Create_SetsCreatedBy" computerName="TFSBUILD11" duration="00:00:00.0132027" startTime="2015-09-28T09:43:35.8595915-07:00" endTime="2015-09-28T09:43:35.8752179-07:00" testType="13cdc9d9-ddb5-4fa4-a97d-d965ccfc6d4b" outcome="Passed" testListId="8c84fa94-04c1-424b-9868-57a2d4851a1d" relativeResultsDirectory="9eaa675f-0de6-4c7d-90cd-26bf478e2f55" />
    <UnitTestResult executionId="5ae3db81-e13b-4dc4-8f97-dc5473375ca2" testId="80696303-b455-ec1b-00cb-752fb88b4bd7" testName="Create_GeneratesPackageId" computerName="TFSBUILD11" duration="00:00:00.0096264" startTime="2015-09-28T09:43:35.8752179-07:00" endTime="2015-09-28T09:43:35.8908441-07:00" testType="13cdc9d9-ddb5-4fa4-a97d-d965ccfc6d4b" outcome="Passed" testListId="8c84fa94-04c1-424b-9868-57a2d4851a1d" relativeResultsDirectory="5ae3db81-e13b-4dc4-8f97-dc5473375ca2" />
    <UnitTestResult executionId="0cf874fc-6c0c-457c-8dcc-b0e5ddec2d84" testId="ce16e557-cb0b-2f2b-51a9-a90ab332cc0c" testName="Get_WhenPackageNotFound_ThenException" computerName="TFSBUILD11" duration="00:00:00.0130039" startTime="2015-09-28T09:43:35.8908441-07:00" endTime="2015-09-28T09:43:35.8908441-07:00" testType="13cdc9d9-ddb5-4fa4-a97d-d965ccfc6d4b" outcome="Passed" testListId="8c84fa94-04c1-424b-9868-57a2d4851a1d" relativeResultsDirectory="0cf874fc-6c0c-457c-8dcc-b0e5ddec2d84" />
    <UnitTestResult executionId="157ed6c9-7f38-4df8-a053-ff7b521218f5" testId="6e8f23f1-005c-6bf6-f386-8794963408b6" testName="Get_ReturnsResult" computerName="TFSBUILD11" duration="00:00:00.0242317" startTime="2015-09-28T09:43:35.8908441-07:00" endTime="2015-09-28T09:43:35.9220960-07:00" testType="13cdc9d9-ddb5-4fa4-a97d-d965ccfc6d4b" outcome="Passed" testListId="8c84fa94-04c1-424b-9868-57a2d4851a1d" relativeResultsDirectory="157ed6c9-7f38-4df8-a053-ff7b521218f5" />
    <UnitTestResult executionId="56d8ec07-8035-49ec-9a15-1d36327070f6" testId="b5a67582-dfd4-c5ac-6cfd-72f0b0d261f4" testName="GetAll_ReturnsResult" computerName="TFSBUILD11" duration="00:00:00.0117463" startTime="2015-09-28T09:43:35.9220960-07:00" endTime="2015-09-28T09:43:35.9377227-07:00" testType="13cdc9d9-ddb5-4fa4-a97d-d965ccfc6d4b" outcome="Passed" testListId="8c84fa94-04c1-424b-9868-57a2d4851a1d" relativeResultsDirectory="56d8ec07-8035-49ec-9a15-1d36327070f6" />
    <UnitTestResult executionId="ca868727-eb0f-4542-9ba6-57e99ac756b5" testId="9eaaf7a0-5df1-a892-00c1-b8aeafa0dc10" testName="GetAll_SetsFileNameForZipsAndNotForFiles" computerName="TFSBUILD11" duration="00:00:00.0128412" startTime="2015-09-28T09:43:35.9377227-07:00" endTime="2015-09-28T09:43:35.9533491-07:00" testType="13cdc9d9-ddb5-4fa4-a97d-d965ccfc6d4b" outcome="Passed" testListId="8c84fa94-04c1-424b-9868-57a2d4851a1d" relativeResultsDirectory="ca868727-eb0f-4542-9ba6-57e99ac756b5" />
    <UnitTestResult executionId="8ae53987-6ba7-4e6b-b6ef-bb3b8178580e" testId="cf4a8d48-0c60-4774-9183-ef466f85fc28" testName="Update_WhenUpdateDataNull_ThenException" computerName="TFSBUILD11" duration="00:00:00.0092959" startTime="2015-09-28T09:43:35.9533491-07:00" endTime="2015-09-28T09:43:35.9689746-07:00" testType="13cdc9d9-ddb5-4fa4-a97d-d965ccfc6d4b" outcome="Passed" testListId="8c84fa94-04c1-424b-9868-57a2d4851a1d" relativeResultsDirectory="8ae53987-6ba7-4e6b-b6ef-bb3b8178580e" />
    <UnitTestResult executionId="e1acc319-aaf5-4d82-b1ff-adc91382eee4" testId="ec49bd4b-8434-8390-3dd9-1e278d34bf44" testName="Delete_WhenInvalidPackageId_ThenException" computerName="TFSBUILD11" duration="00:00:00.0095519" startTime="2015-09-28T09:43:35.9689746-07:00" endTime="2015-09-28T09:43:35.9689746-07:00" testType="13cdc9d9-ddb5-4fa4-a97d-d965ccfc6d4b" outcome="Passed" testListId="8c84fa94-04c1-424b-9868-57a2d4851a1d" relativeResultsDirectory="e1acc319-aaf5-4d82-b1ff-adc91382eee4" />
    <UnitTestResult executionId="dc776dd0-3a56-4bd8-bfe4-5bfada90a09c" testId="66c04260-dfc8-47c2-7351-4ff71a8af87d" testName="Delete_WhenRequestContextNull_ThenException" computerName="TFSBUILD11" duration="00:00:00.0095374" startTime="2015-09-28T09:43:35.9689746-07:00" endTime="2015-09-28T09:43:35.9846007-07:00" testType="13cdc9d9-ddb5-4fa4-a97d-d965ccfc6d4b" outcome="Passed" testListId="8c84fa94-04c1-424b-9868-57a2d4851a1d" relativeResultsDirectory="dc776dd0-3a56-4bd8-bfe4-5bfada90a09c" />
    <UnitTestResult executionId="d584afa9-8eaa-4605-b51c-be2765d008e3" testId="f4f9493c-da6b-48de-2ae9-08dd6c105dc2" testName="Delete_WhenIdentityDoesNotHaveDeletePermissionOnProject_ThrowsSecurityException" computerName="TFSBUILD11" duration="00:00:00.0118229" startTime="2015-09-28T09:43:35.9846007-07:00" endTime="2015-09-28T09:43:36.0002274-07:00" testType="13cdc9d9-ddb5-4fa4-a97d-d965ccfc6d4b" outcome="Passed" testListId="8c84fa94-04c1-424b-9868-57a2d4851a1d" relativeResultsDirectory="d584afa9-8eaa-4605-b51c-be2765d008e3" />
    <UnitTestResult executionId="88499ad8-32e4-46c1-a1d0-e633304bad3c" testId="94f4c786-8701-a9e7-67dc-2a080929f90c" testName="Delete_WhenIdentityDoesNotHaveDeletePermissionOnProject_CallToComponentDoesNotHappen" computerName="TFSBUILD11" duration="00:00:00.0139107" startTime="2015-09-28T09:43:36.0002274-07:00" endTime="2015-09-28T09:43:36.0002274-07:00" testType="13cdc9d9-ddb5-4fa4-a97d-d965ccfc6d4b" outcome="Passed" testListId="8c84fa94-04c1-424b-9868-57a2d4851a1d" relativeResultsDirectory="88499ad8-32e4-46c1-a1d0-e633304bad3c" />
    <UnitTestResult executionId="c43d7119-a8f2-47f0-a3d8-409af4d70e17" testId="3a617460-547e-6a73-7967-3e3386f0778c" testName="Delete_MakesCallToComponentWhichIsExpectedToPerfomDatabaseDelete" computerName="TFSBUILD11" duration="00:00:00.0104385" startTime="2015-09-28T09:43:36.0002274-07:00" endTime="2015-09-28T09:43:36.0158529-07:00" testType="13cdc9d9-ddb5-4fa4-a97d-d965ccfc6d4b" outcome="Passed" testListId="8c84fa94-04c1-424b-9868-57a2d4851a1d" relativeResultsDirectory="c43d7119-a8f2-47f0-a3d8-409af4d70e17" />
    <UnitTestResult executionId="edc224b4-3db8-4a4b-aff0-b226a879d7de" testId="818ba601-852f-c6b8-a553-e8076f9a228f" testName="GenerateFilename_DoesNotSetFilename_IfFile" computerName="TFSBUILD11" duration="00:00:00.0001820" startTime="2015-09-28T09:43:36.0158529-07:00" endTime="2015-09-28T09:43:36.0158529-07:00" testType="13cdc9d9-ddb5-4fa4-a97d-d965ccfc6d4b" outcome="Passed" testListId="8c84fa94-04c1-424b-9868-57a2d4851a1d" relativeResultsDirectory="edc224b4-3db8-4a4b-aff0-b226a879d7de" />
    <UnitTestResult executionId="c07621f0-dda7-473a-8682-f75fb158b63d" testId="286c9f2c-3244-ee32-0b68-93077914f380" testName="GenerateFilename_DoesSetFilename_IfFolder" computerName="TFSBUILD11" duration="00:00:00.0001732" startTime="2015-09-28T09:43:36.0158529-07:00" endTime="2015-09-28T09:43:36.0158529-07:00" testType="13cdc9d9-ddb5-4fa4-a97d-d965ccfc6d4b" outcome="Passed" testListId="8c84fa94-04c1-424b-9868-57a2d4851a1d" relativeResultsDirectory="c07621f0-dda7-473a-8682-f75fb158b63d" />
    <UnitTestResult executionId="98da6c83-e2dd-405d-9155-2f5dec8534ab" testId="22105fd1-b0e7-1c3e-aba3-4eb19b3d972e" testName="GenerateFilename_StripsInvalidCharacters" computerName="TFSBUILD11" duration="00:00:00.0001888" startTime="2015-09-28T09:43:36.0158529-07:00" endTime="2015-09-28T09:43:36.0158529-07:00" testType="13cdc9d9-ddb5-4fa4-a97d-d965ccfc6d4b" outcome="Passed" testListId="8c84fa94-04c1-424b-9868-57a2d4851a1d" relativeResultsDirectory="98da6c83-e2dd-405d-9155-2f5dec8534ab" />
    <UnitTestResult executionId="a1c4e2cc-3618-4836-a7b1-1bb80d56f786" testId="36458696-6fd1-0981-a1b2-1a1ae3556d36" testName="PackageNameIsTrimmed" computerName="TFSBUILD11" duration="00:00:00.0001755" startTime="2015-09-28T09:43:36.0158529-07:00" endTime="2015-09-28T09:43:36.0158529-07:00" testType="13cdc9d9-ddb5-4fa4-a97d-d965ccfc6d4b" outcome="Passed" testListId="8c84fa94-04c1-424b-9868-57a2d4851a1d" relativeResultsDirectory="a1c4e2cc-3618-4836-a7b1-1bb80d56f786" />
    <UnitTestResult executionId="87b123c5-9192-401c-ba5f-af3b9a90c6bd" testId="d132313f-7f89-feee-5f0b-1fe8da894bbf" testName="WhenNameNull_InvalidNameException" computerName="TFSBUILD11" duration="00:00:00.0006143" startTime="2015-09-28T09:43:36.0158529-07:00" endTime="2015-09-28T09:43:36.0158529-07:00" testType="13cdc9d9-ddb5-4fa4-a97d-d965ccfc6d4b" outcome="Passed" testListId="8c84fa94-04c1-424b-9868-57a2d4851a1d" relativeResultsDirectory="87b123c5-9192-401c-ba5f-af3b9a90c6bd" />
    <UnitTestResult executionId="8f1d3fc6-458d-4e9c-a6f8-b3e33376ebee" testId="9c6ffc24-fc47-b93d-94bf-e79ab3362895" testName="WhenNameWhitespace_InvalidNameException" computerName="TFSBUILD11" duration="00:00:00.0003481" startTime="2015-09-28T09:43:36.0158529-07:00" endTime="2015-09-28T09:43:36.0158529-07:00" testType="13cdc9d9-ddb5-4fa4-a97d-d965ccfc6d4b" outcome="Passed" testListId="8c84fa94-04c1-424b-9868-57a2d4851a1d" relativeResultsDirectory="8f1d3fc6-458d-4e9c-a6f8-b3e33376ebee" />
    <UnitTestResult executionId="83edd76a-5ce5-4e1b-9d8c-4e233e8a7f50" testId="58a381f9-0f2a-48cd-08a1-5ee3458ed5fd" testName="WhenNameTooLong_InvalidNameException" computerName="TFSBUILD11" duration="00:00:00.0005037" startTime="2015-09-28T09:43:36.0158529-07:00" endTime="2015-09-28T09:43:36.0158529-07:00" testType="13cdc9d9-ddb5-4fa4-a97d-d965ccfc6d4b" outcome="Passed" testListId="8c84fa94-04c1-424b-9868-57a2d4851a1d" relativeResultsDirectory="83edd76a-5ce5-4e1b-9d8c-4e233e8a7f50" />
    <UnitTestResult executionId="5ffbfa77-bd55-417c-8c13-1a3c5f4b4fb7" testId="7216f862-7cfb-84e6-008c-b20883c32453" testName="VersionIsTrimmed" computerName="TFSBUILD11" duration="00:00:00.0001757" startTime="2015-09-28T09:43:36.0158529-07:00" endTime="2015-09-28T09:43:36.0158529-07:00" testType="13cdc9d9-ddb5-4fa4-a97d-d965ccfc6d4b" outcome="Passed" testListId="8c84fa94-04c1-424b-9868-57a2d4851a1d" relativeResultsDirectory="5ffbfa77-bd55-417c-8c13-1a3c5f4b4fb7" />
    <UnitTestResult executionId="cc7ddeac-2966-4d29-a2fb-37531952ea53" testId="3b9dde5f-2fd4-275d-f3e4-4083bdc432b0" testName="WhenVersionNull_InvalidVersionException" computerName="TFSBUILD11" duration="00:00:00.0004644" startTime="2015-09-28T09:43:36.0158529-07:00" endTime="2015-09-28T09:43:36.0158529-07:00" testType="13cdc9d9-ddb5-4fa4-a97d-d965ccfc6d4b" outcome="Passed" testListId="8c84fa94-04c1-424b-9868-57a2d4851a1d" relativeResultsDirectory="cc7ddeac-2966-4d29-a2fb-37531952ea53" />
    <UnitTestResult executionId="5622164a-401b-4225-82bb-b2b429ccd39f" testId="dcabddf4-24fd-8347-5c8a-dd6fc49f7052" testName="WhenVersionWhitespace_InvalidVersionException" computerName="TFSBUILD11" duration="00:00:00.0003686" startTime="2015-09-28T09:43:36.0158529-07:00" endTime="2015-09-28T09:43:36.0158529-07:00" testType="13cdc9d9-ddb5-4fa4-a97d-d965ccfc6d4b" outcome="Passed" testListId="8c84fa94-04c1-424b-9868-57a2d4851a1d" relativeResultsDirectory="5622164a-401b-4225-82bb-b2b429ccd39f" />
    <UnitTestResult executionId="e8674a20-6ded-48d0-921e-af2bffafd4b1" testId="0541eaf6-28c9-e3f0-cabe-f437786be457" testName="PackageNameAcceptsSpaces" computerName="TFSBUILD11" duration="00:00:00.0001735" startTime="2015-09-28T09:43:36.0158529-07:00" endTime="2015-09-28T09:43:36.0158529-07:00" testType="13cdc9d9-ddb5-4fa4-a97d-d965ccfc6d4b" outcome="Passed" testListId="8c84fa94-04c1-424b-9868-57a2d4851a1d" relativeResultsDirectory="e8674a20-6ded-48d0-921e-af2bffafd4b1" />
    <UnitTestResult executionId="560e212c-6e78-4c8e-922c-29bedaa9aa38" testId="59a27e0b-1e1f-664e-5938-cae6f36aec22" testName="WhenVersionTooLong_InvalidVersionException" computerName="TFSBUILD11" duration="00:00:00.0005051" startTime="2015-09-28T09:43:36.0158529-07:00" endTime="2015-09-28T09:43:36.0314796-07:00" testType="13cdc9d9-ddb5-4fa4-a97d-d965ccfc6d4b" outcome="Passed" testListId="8c84fa94-04c1-424b-9868-57a2d4851a1d" relativeResultsDirectory="560e212c-6e78-4c8e-922c-29bedaa9aa38" />
    <UnitTestResult executionId="ff98a955-1dd4-45e9-9d1d-742391705471" testId="4212c0f4-005b-84d6-f907-57c6ade6ffd3" testName="NullReleaseNotesAreNull" computerName="TFSBUILD11" duration="00:00:00.0002761" startTime="2015-09-28T09:43:36.0314796-07:00" endTime="2015-09-28T09:43:36.0314796-07:00" testType="13cdc9d9-ddb5-4fa4-a97d-d965ccfc6d4b" outcome="Passed" testListId="8c84fa94-04c1-424b-9868-57a2d4851a1d" relativeResultsDirectory="ff98a955-1dd4-45e9-9d1d-742391705471" />
    <UnitTestResult executionId="9a3344c0-62b9-4078-8532-57c17d09c5ab" testId="e586359c-6e0e-3abb-78cf-b5b231b33a9e" testName="EmptyReleaseNotesAreNull" computerName="TFSBUILD11" duration="00:00:00.0001470" startTime="2015-09-28T09:43:36.0314796-07:00" endTime="2015-09-28T09:43:36.0314796-07:00" testType="13cdc9d9-ddb5-4fa4-a97d-d965ccfc6d4b" outcome="Passed" testListId="8c84fa94-04c1-424b-9868-57a2d4851a1d" relativeResultsDirectory="9a3344c0-62b9-4078-8532-57c17d09c5ab" />
    <UnitTestResult executionId="1fc3edb1-e42e-4975-b81c-0dcf1688120e" testId="a055e69c-9c66-a2a4-f89e-0acf8a013a5f" testName="WhenReleaseNotesOver50000Len_InvalidReleaseNotesException" computerName="TFSBUILD11" duration="00:00:00.0006161" startTime="2015-09-28T09:43:36.0314796-07:00" endTime="2015-09-28T09:43:36.0314796-07:00" testType="13cdc9d9-ddb5-4fa4-a97d-d965ccfc6d4b" outcome="Passed" testListId="8c84fa94-04c1-424b-9868-57a2d4851a1d" relativeResultsDirectory="1fc3edb1-e42e-4975-b81c-0dcf1688120e" />
    <UnitTestResult executionId="0cbe25ba-25b4-4219-ac8e-232d82af2b10" testId="2acd6c0e-95da-bdd0-62e8-1d410f1abf05" testName="WhenDownloadSizeNegative_InvalidDownloadSizeException" computerName="TFSBUILD11" duration="00:00:00.0009560" startTime="2015-09-28T09:43:36.0314796-07:00" endTime="2015-09-28T09:43:36.0314796-07:00" testType="13cdc9d9-ddb5-4fa4-a97d-d965ccfc6d4b" outcome="Passed" testListId="8c84fa94-04c1-424b-9868-57a2d4851a1d" relativeResultsDirectory="0cbe25ba-25b4-4219-ac8e-232d82af2b10" />
    <UnitTestResult executionId="9c5c80f2-4a0c-418a-b840-75faef84eef5" testId="866c5787-ee31-3b4e-6a35-8ae7baca1e76" testName="TeamFoundationLocationService_IsCalled_With_FileContainerResourceIds" computerName="TFSBUILD11" duration="00:00:00.0041341" startTime="2015-09-28T09:43:36.0314796-07:00" endTime="2015-09-28T09:43:36.0471060-07:00" testType="13cdc9d9-ddb5-4fa4-a97d-d965ccfc6d4b" outcome="Passed" testListId="8c84fa94-04c1-424b-9868-57a2d4851a1d" relativeResultsDirectory="9c5c80f2-4a0c-418a-b840-75faef84eef5" />
    <UnitTestResult executionId="af9af1bf-6402-4bcf-b2f3-d4f81149e5f5" testId="090d2851-9b57-bd5c-e821-21ec8dda1ac4" testName="GetFileContainerResourceUri_Returns_Uri_FromLocationService" computerName="TFSBUILD11" duration="00:00:00.0002178" startTime="2015-09-28T09:43:36.0471060-07:00" endTime="2015-09-28T09:43:36.0471060-07:00" testType="13cdc9d9-ddb5-4fa4-a97d-d965ccfc6d4b" outcome="Passed" testListId="8c84fa94-04c1-424b-9868-57a2d4851a1d" relativeResultsDirectory="af9af1bf-6402-4bcf-b2f3-d4f81149e5f5" />
    <UnitTestResult executionId="8a4e05a3-3cec-485d-8760-def79f0c4c21" testId="2bd32f9f-f980-3a9b-6814-fbf0ce4795e0" testName="GetFileContainerDownloadUrlTests_QueryString_HasZipFormatIfPathEndsWithSlash" computerName="TFSBUILD11" duration="00:00:00.0006792" startTime="2015-09-28T09:43:36.0471060-07:00" endTime="2015-09-28T09:43:36.0471060-07:00" testType="13cdc9d9-ddb5-4fa4-a97d-d965ccfc6d4b" outcome="Passed" testListId="8c84fa94-04c1-424b-9868-57a2d4851a1d" relativeResultsDirectory="8a4e05a3-3cec-485d-8760-def79f0c4c21" />
    <UnitTestResult executionId="abeea29f-2afb-412e-b191-e7541f461896" testId="b9653d66-bea5-d740-e97a-580aaf03b6e5" testName="GetFileContainerDownloadUrlTests_QueryString_HasOctestStreamFormatIfPathDoesNotEndWithSlash" computerName="TFSBUILD11" duration="00:00:00.0002790" startTime="2015-09-28T09:43:36.0471060-07:00" endTime="2015-09-28T09:43:36.0471060-07:00" testType="13cdc9d9-ddb5-4fa4-a97d-d965ccfc6d4b" outcome="Passed" testListId="8c84fa94-04c1-424b-9868-57a2d4851a1d" relativeResultsDirectory="abeea29f-2afb-412e-b191-e7541f461896" />
    <UnitTestResult executionId="f3e59248-044c-4a6a-aea3-524d7cf0efb4" testId="a83a7cae-98bd-cc60-33f8-c219b0d97291" testName="GetFileContainerDownloadUrlTests_QueryString_AppendsWithProperCharacterIfBaseUriAlreadyHasQueryString" computerName="TFSBUILD11" duration="00:00:00.0023236" startTime="2015-09-28T09:43:36.0471060-07:00" endTime="2015-09-28T09:43:36.0627318-07:00" testType="13cdc9d9-ddb5-4fa4-a97d-d965ccfc6d4b" outcome="Passed" testListId="8c84fa94-04c1-424b-9868-57a2d4851a1d" relativeResultsDirectory="f3e59248-044c-4a6a-aea3-524d7cf0efb4" />
    <UnitTestResult executionId="5d916c7b-f49d-4a19-a34c-c70f60d6752a" testId="232e0547-e2cc-23fa-d7e3-420db48f3e72" testName="GetFileContainerDownloadUrlTests_QueryString_SetsFileNameIfSpecified" computerName="TFSBUILD11" duration="00:00:00.0026899" startTime="2015-09-28T09:43:36.0627318-07:00" endTime="2015-09-28T09:43:36.0627318-07:00" testType="13cdc9d9-ddb5-4fa4-a97d-d965ccfc6d4b" outcome="Passed" testListId="8c84fa94-04c1-424b-9868-57a2d4851a1d" relativeResultsDirectory="5d916c7b-f49d-4a19-a34c-c70f60d6752a" />
    <UnitTestResult executionId="2581c4d3-f40a-4733-8fbf-4b5811cdecc5" testId="2a29584d-7698-9163-6805-4993f0e701d7" testName="GetFileContainerDownloadUrlTests_QueryString_SetsFileNameURLEncodedWithUnicode" computerName="TFSBUILD11" startTime="2015-09-28T09:43:36.0627318-07:00" endTime="2015-09-28T09:43:36.0627318-07:00" testType="13cdc9d9-ddb5-4fa4-a97d-d965ccfc6d4b" outcome="NotExecuted" testListId="8c84fa94-04c1-424b-9868-57a2d4851a1d" relativeResultsDirectory="2581c4d3-f40a-4733-8fbf-4b5811cdecc5" />
    <UnitTestResult executionId="99d54718-41e0-4de1-bfbf-d0c4ed2fbe92" testId="d2fa3e31-d2b2-0d16-d546-5c57478f6bfb" testName="GetFileContainerDownloadUrlTests_QueryString_SetsFileNameURLEncodedWithUnicode_NoBrackets" computerName="TFSBUILD11" duration="00:00:00.0020320" startTime="2015-09-28T09:43:36.0627318-07:00" endTime="2015-09-28T09:43:36.0627318-07:00" testType="13cdc9d9-ddb5-4fa4-a97d-d965ccfc6d4b" outcome="Passed" testListId="8c84fa94-04c1-424b-9868-57a2d4851a1d" relativeResultsDirectory="99d54718-41e0-4de1-bfbf-d0c4ed2fbe92" />
    <UnitTestResult executionId="dbbce361-6565-445a-af62-1fcd54051255" testId="bb9807b2-22a7-8c9f-feba-87d592b47b9c" testName="GetFileContainerDownloadUrlTests_QueryString_ReturnsEmptyStringIfLocationServiceReturnsNull" computerName="TFSBUILD11" duration="00:00:00.0018397" startTime="2015-09-28T09:43:36.0627318-07:00" endTime="2015-09-28T09:43:36.0627318-07:00" testType="13cdc9d9-ddb5-4fa4-a97d-d965ccfc6d4b" outcome="Passed" testListId="8c84fa94-04c1-424b-9868-57a2d4851a1d" relativeResultsDirectory="dbbce361-6565-445a-af62-1fcd54051255" />
    <UnitTestResult executionId="066599ce-9551-42e6-b297-4635ae445a33" testId="b0f9cc07-0af3-5e0d-6d55-b9222659bc80" testName="Create_WhenPackageIdNull_ThenException" computerName="TFSBUILD11" duration="00:00:00.0121793" startTime="2015-09-28T09:43:36.0627318-07:00" endTime="2015-09-28T09:43:36.0783599-07:00" testType="13cdc9d9-ddb5-4fa4-a97d-d965ccfc6d4b" outcome="Passed" testListId="8c84fa94-04c1-424b-9868-57a2d4851a1d" relativeResultsDirectory="066599ce-9551-42e6-b297-4635ae445a33" />
    <UnitTestResult executionId="caf8a27f-238a-476b-8342-6a9283581ff4" testId="942f7050-a0fd-0ccc-7917-fa80e9dbfa73" testName="Create_MakesCallToComponentWhichIsExpectedToAddDataToTheDatabase" computerName="TFSBUILD11" duration="00:00:00.0104470" startTime="2015-09-28T09:43:36.0783599-07:00" endTime="2015-09-28T09:43:36.0939841-07:00" testType="13cdc9d9-ddb5-4fa4-a97d-d965ccfc6d4b" outcome="Passed" testListId="8c84fa94-04c1-424b-9868-57a2d4851a1d" relativeResultsDirectory="caf8a27f-238a-476b-8342-6a9283581ff4" />
    <UnitTestResult executionId="15c18466-1d8e-4187-b5bf-93eac144b927" testId="35c05194-5414-0c81-146e-8376a184a048" testName="CreatePackage_FromBuilld_Calls_RetainBuild" computerName="TFSBUILD11" duration="00:00:00.0139869" startTime="2015-09-28T09:43:36.0939841-07:00" endTime="2015-09-28T09:43:36.1096096-07:00" testType="13cdc9d9-ddb5-4fa4-a97d-d965ccfc6d4b" outcome="Passed" testListId="8c84fa94-04c1-424b-9868-57a2d4851a1d" relativeResultsDirectory="15c18466-1d8e-4187-b5bf-93eac144b927" />
    <UnitTestResult executionId="28275f1a-5fe0-4685-a2ae-84518324c35c" testId="2557dfff-9950-43f8-35ee-fdea21531c12" testName="CreatePackage_UserUploadSource_DoesNot_RetainBuild" computerName="TFSBUILD11" duration="00:00:00.0104191" startTime="2015-09-28T09:43:36.1096096-07:00" endTime="2015-09-28T09:43:36.1252357-07:00" testType="13cdc9d9-ddb5-4fa4-a97d-d965ccfc6d4b" outcome="Passed" testListId="8c84fa94-04c1-424b-9868-57a2d4851a1d" relativeResultsDirectory="28275f1a-5fe0-4685-a2ae-84518324c35c" />
    <UnitTestResult executionId="0e9b62af-ddf8-4036-9c61-607e13845b44" testId="8d6f48b3-46f2-ef2a-9bf1-b1d201b89d5d" testName="CreatePackage_FromBuilld_OnRetainBuildException_DoesNotCreatePackage" computerName="TFSBUILD11" duration="00:00:00.0110594" startTime="2015-09-28T09:43:36.1252357-07:00" endTime="2015-09-28T09:43:36.1252357-07:00" testType="13cdc9d9-ddb5-4fa4-a97d-d965ccfc6d4b" outcome="Passed" testListId="8c84fa94-04c1-424b-9868-57a2d4851a1d" relativeResultsDirectory="0e9b62af-ddf8-4036-9c61-607e13845b44" />
    <UnitTestResult executionId="74e98378-fac9-4015-8d97-dd6cadcc8e58" testId="d9ac704b-5b94-7977-6717-8234930995dd" testName="CreatePackage_FromBuilld_NonInt_SourceDescriptor_Throws" computerName="TFSBUILD11" duration="00:00:00.0101503" startTime="2015-09-28T09:43:36.1252357-07:00" endTime="2015-09-28T09:43:36.1408621-07:00" testType="13cdc9d9-ddb5-4fa4-a97d-d965ccfc6d4b" outcome="Passed" testListId="8c84fa94-04c1-424b-9868-57a2d4851a1d" relativeResultsDirectory="74e98378-fac9-4015-8d97-dd6cadcc8e58" />
    <UnitTestResult executionId="d2a78586-e573-40a2-95f7-ae554ff0e7f6" testId="22e622a7-d22f-4673-5269-d8c7f5dd393c" testName="Get_BuildSource_ReturnsResult_WithDownloadLinkAndType" computerName="TFSBUILD11" duration="00:00:00.0141505" startTime="2015-09-28T09:43:36.1408621-07:00" endTime="2015-09-28T09:43:36.1564882-07:00" testType="13cdc9d9-ddb5-4fa4-a97d-d965ccfc6d4b" outcome="Passed" testListId="8c84fa94-04c1-424b-9868-57a2d4851a1d" relativeResultsDirectory="d2a78586-e573-40a2-95f7-ae554ff0e7f6" />
    <UnitTestResult executionId="8ee3936d-a16d-43d0-a719-cf1a3aea19cc" testId="7bee35c2-0592-3ec2-42ff-f27786c2b0ad" testName="Get_BuildSource_NullBuild_Returns_NullDownloadLink" computerName="TFSBUILD11" duration="00:00:00.0113848" startTime="2015-09-28T09:43:36.1564882-07:00" endTime="2015-09-28T09:43:36.1721143-07:00" testType="13cdc9d9-ddb5-4fa4-a97d-d965ccfc6d4b" outcome="Passed" testListId="8c84fa94-04c1-424b-9868-57a2d4851a1d" relativeResultsDirectory="8ee3936d-a16d-43d0-a719-cf1a3aea19cc" />
    <UnitTestResult executionId="9791df1b-a350-4a38-8270-0309d786ccc5" testId="b57ad4fd-fc3a-b1f3-ac84-f433966fbf5a" testName="Get_BuildSource_OnException_Returns_NullDownloadLink" computerName="TFSBUILD11" duration="00:00:00.0113817" startTime="2015-09-28T09:43:36.1721143-07:00" endTime="2015-09-28T09:43:36.1721143-07:00" testType="13cdc9d9-ddb5-4fa4-a97d-d965ccfc6d4b" outcome="Passed" testListId="8c84fa94-04c1-424b-9868-57a2d4851a1d" relativeResultsDirectory="9791df1b-a350-4a38-8270-0309d786ccc5" />
    <UnitTestResult executionId="ad899553-ca52-4cf8-b28e-35bf80ef1bef" testId="10469924-407c-9181-d4cf-ca4a2cf109b0" testName="GetAll_BuildSource_SetsDownloadLink_OnResults" computerName="TFSBUILD11" duration="00:00:00.0129652" startTime="2015-09-28T09:43:36.1721143-07:00" endTime="2015-09-28T09:43:36.1877410-07:00" testType="13cdc9d9-ddb5-4fa4-a97d-d965ccfc6d4b" outcome="Passed" testListId="8c84fa94-04c1-424b-9868-57a2d4851a1d" relativeResultsDirectory="ad899553-ca52-4cf8-b28e-35bf80ef1bef" />
    <UnitTestResult executionId="552e6e27-d485-43c3-bfd8-e07fc4c19e9a" testId="e7ec481b-94fb-95be-4976-2e65d6acde73" testName="GetOrCreateProjectContainerId_IfProjectContainerDoesNotExist_ThenCreateIt" computerName="TFSBUILD11" duration="00:00:00.0122091" startTime="2015-09-28T09:43:36.1877410-07:00" endTime="2015-09-28T09:43:36.2346188-07:00" testType="13cdc9d9-ddb5-4fa4-a97d-d965ccfc6d4b" outcome="Passed" testListId="8c84fa94-04c1-424b-9868-57a2d4851a1d" relativeResultsDirectory="552e6e27-d485-43c3-bfd8-e07fc4c19e9a" />
    <UnitTestResult executionId="dc41c118-2070-43f0-8b37-77ece8244361" testId="058dd525-7313-663d-26d2-8ca632f99f33" testName="GetOrCreateProjectContainerId_IfProjectContainerExists_ThenDoNotCreateIt" computerName="TFSBUILD11" duration="00:00:00.0073426" startTime="2015-09-28T09:43:36.2346188-07:00" endTime="2015-09-28T09:43:36.2502452-07:00" testType="13cdc9d9-ddb5-4fa4-a97d-d965ccfc6d4b" outcome="Passed" testListId="8c84fa94-04c1-424b-9868-57a2d4851a1d" relativeResultsDirectory="dc41c118-2070-43f0-8b37-77ece8244361" />
    <UnitTestResult executionId="c8da7176-9df5-435f-a8a8-d8bff0a49055" testId="40f957c5-f3b5-a9ca-7d27-7d90e1d7e84d" testName="MakesACallToFCSToDeleteFilesAssociatedWithProjectIdAndFolderPath" computerName="TFSBUILD11" duration="00:00:00.0071014" startTime="2015-09-28T09:43:36.2502452-07:00" endTime="2015-09-28T09:43:36.2658719-07:00" testType="13cdc9d9-ddb5-4fa4-a97d-d965ccfc6d4b" outcome="Passed" testListId="8c84fa94-04c1-424b-9868-57a2d4851a1d" relativeResultsDirectory="c8da7176-9df5-435f-a8a8-d8bff0a49055" />
    <UnitTestResult executionId="6a3b4473-2b48-423c-b5e1-c49588a33fcc" testId="31bdeb52-ecb6-e011-baa6-96b12eba1ed4" testName="BuildContainerUriForProjectArtifacts_ReturnsUriFromProjectId" computerName="TFSBUILD11" duration="00:00:00.0003273" startTime="2015-09-28T09:43:36.2658719-07:00" endTime="2015-09-28T09:43:36.2658719-07:00" testType="13cdc9d9-ddb5-4fa4-a97d-d965ccfc6d4b" outcome="Passed" testListId="8c84fa94-04c1-424b-9868-57a2d4851a1d" relativeResultsDirectory="6a3b4473-2b48-423c-b5e1-c49588a33fcc" />
  </Results>
  <TestDefinitions>
    <UnitTest name="Create_WhenCreateDataNull_ThenException" storage="d:\v2.0\a1\_work\dbded102\bin\release.anycpu\tfs.service\ms.tf.projectdownload.server.l0.tests\ms.tf.projectdownload.server.l0.tests.dll" id="177dd595-d558-a30f-effd-99dd1a3b5ffa">
      <Owners>
        <Owner name="pspill" />
      </Owners>
      <Execution id="a59d5c27-fc6f-41ab-9c10-dc2705973dbf" />
      <TestMethod codeBase="D:\v2.0\A1\_work\dbded102\bin\Release.AnyCPU\Tfs.Service\MS.TF.ProjectDownload.Server.L0.Tests\MS.TF.ProjectDownload.Server.L0.Tests.dll" adapterTypeName="Microsoft.VisualStudio.TestTools.TestTypes.Unit.UnitTestAdapter" className="MS.TF.ProjectDownload.Server.L0.Tests.TfsProjectDownloadServiceUnitTests" name="Create_WhenCreateDataNull_ThenException" />
    </UnitTest>
    <UnitTest name="Create_WhenIdentityDoesNotHaveUploadPermissionOnProject_ThrowsSecurityException" storage="d:\v2.0\a1\_work\dbded102\bin\release.anycpu\tfs.service\ms.tf.projectdownload.server.l0.tests\ms.tf.projectdownload.server.l0.tests.dll" id="e71b76f6-5190-a126-f0da-4fe97aebf028">
      <Owners>
        <Owner name="rohita" />
      </Owners>
      <Execution id="702028f7-f25c-4e5a-82d8-a8eb2e216f12" />
      <TestMethod codeBase="D:\v2.0\A1\_work\dbded102\bin\Release.AnyCPU\Tfs.Service\MS.TF.ProjectDownload.Server.L0.Tests\MS.TF.ProjectDownload.Server.L0.Tests.dll" adapterTypeName="Microsoft.VisualStudio.TestTools.TestTypes.Unit.UnitTestAdapter" className="MS.TF.ProjectDownload.Server.L0.Tests.TfsProjectDownloadServiceUnitTests" name="Create_WhenIdentityDoesNotHaveUploadPermissionOnProject_ThrowsSecurityException" />
    </UnitTest>
    <UnitTest name="Create_NullReleaseNotesAreSavedInDb" storage="d:\v2.0\a1\_work\dbded102\bin\release.anycpu\tfs.service\ms.tf.projectdownload.server.l0.tests\ms.tf.projectdownload.server.l0.tests.dll" id="979fe92e-fc30-069a-a320-56f48bf79364">
      <Owners>
        <Owner name="vscscodeeng" />
      </Owners>
      <Execution id="4ec72253-6aaf-4da2-a84b-432191ba5386" />
      <TestMethod codeBase="D:\v2.0\A1\_work\dbded102\bin\Release.AnyCPU\Tfs.Service\MS.TF.ProjectDownload.Server.L0.Tests\MS.TF.ProjectDownload.Server.L0.Tests.dll" adapterTypeName="Microsoft.VisualStudio.TestTools.TestTypes.Unit.UnitTestAdapter" className="MS.TF.ProjectDownload.Server.L0.Tests.TfsProjectDownloadServiceUnitTests" name="Create_NullReleaseNotesAreSavedInDb" />
    </UnitTest>
    <UnitTest name="Create_SetsPackageUriReturnedByFileContainerServiceAdapter" storage="d:\v2.0\a1\_work\dbded102\bin\release.anycpu\tfs.service\ms.tf.projectdownload.server.l0.tests\ms.tf.projectdownload.server.l0.tests.dll" id="34a0a01d-1716-2ac1-cb25-b5bf3d5a1097">
      <Owners>
        <Owner name="pspill" />
      </Owners>
      <Execution id="b4e97bc2-f457-48a6-a247-0adeb59c8928" />
      <TestMethod codeBase="D:\v2.0\A1\_work\dbded102\bin\Release.AnyCPU\Tfs.Service\MS.TF.ProjectDownload.Server.L0.Tests\MS.TF.ProjectDownload.Server.L0.Tests.dll" adapterTypeName="Microsoft.VisualStudio.TestTools.TestTypes.Unit.UnitTestAdapter" className="MS.TF.ProjectDownload.Server.L0.Tests.TfsProjectDownloadServiceUnitTests" name="Create_SetsPackageUriReturnedByFileContainerServiceAdapter" />
    </UnitTest>
    <UnitTest name="Create_SetsCreatedBy" storage="d:\v2.0\a1\_work\dbded102\bin\release.anycpu\tfs.service\ms.tf.projectdownload.server.l0.tests\ms.tf.projectdownload.server.l0.tests.dll" id="55471b7d-6911-9e60-ff5c-31f9b2ccedfb">
      <Owners>
        <Owner name="vscscodeeng" />
      </Owners>
      <Execution id="9eaa675f-0de6-4c7d-90cd-26bf478e2f55" />
      <TestMethod codeBase="D:\v2.0\A1\_work\dbded102\bin\Release.AnyCPU\Tfs.Service\MS.TF.ProjectDownload.Server.L0.Tests\MS.TF.ProjectDownload.Server.L0.Tests.dll" adapterTypeName="Microsoft.VisualStudio.TestTools.TestTypes.Unit.UnitTestAdapter" className="MS.TF.ProjectDownload.Server.L0.Tests.TfsProjectDownloadServiceUnitTests" name="Create_SetsCreatedBy" />
    </UnitTest>
    <UnitTest name="Create_GeneratesPackageId" storage="d:\v2.0\a1\_work\dbded102\bin\release.anycpu\tfs.service\ms.tf.projectdownload.server.l0.tests\ms.tf.projectdownload.server.l0.tests.dll" id="80696303-b455-ec1b-00cb-752fb88b4bd7">
      <Owners>
        <Owner name="pspill" />
      </Owners>
      <Execution id="5ae3db81-e13b-4dc4-8f97-dc5473375ca2" />
      <TestMethod codeBase="D:\v2.0\A1\_work\dbded102\bin\Release.AnyCPU\Tfs.Service\MS.TF.ProjectDownload.Server.L0.Tests\MS.TF.ProjectDownload.Server.L0.Tests.dll" adapterTypeName="Microsoft.VisualStudio.TestTools.TestTypes.Unit.UnitTestAdapter" className="MS.TF.ProjectDownload.Server.L0.Tests.TfsProjectDownloadServiceUnitTests" name="Create_GeneratesPackageId" />
    </UnitTest>
    <UnitTest name="Get_WhenPackageNotFound_ThenException" storage="d:\v2.0\a1\_work\dbded102\bin\release.anycpu\tfs.service\ms.tf.projectdownload.server.l0.tests\ms.tf.projectdownload.server.l0.tests.dll" id="ce16e557-cb0b-2f2b-51a9-a90ab332cc0c">
      <Owners>
        <Owner name="pspill" />
      </Owners>
      <Execution id="0cf874fc-6c0c-457c-8dcc-b0e5ddec2d84" />
      <TestMethod codeBase="D:\v2.0\A1\_work\dbded102\bin\Release.AnyCPU\Tfs.Service\MS.TF.ProjectDownload.Server.L0.Tests\MS.TF.ProjectDownload.Server.L0.Tests.dll" adapterTypeName="Microsoft.VisualStudio.TestTools.TestTypes.Unit.UnitTestAdapter" className="MS.TF.ProjectDownload.Server.L0.Tests.TfsProjectDownloadServiceUnitTests" name="Get_WhenPackageNotFound_ThenException" />
    </UnitTest>
    <UnitTest name="Get_ReturnsResult" storage="d:\v2.0\a1\_work\dbded102\bin\release.anycpu\tfs.service\ms.tf.projectdownload.server.l0.tests\ms.tf.projectdownload.server.l0.tests.dll" id="6e8f23f1-005c-6bf6-f386-8794963408b6">
      <Owners>
        <Owner name="pspill" />
      </Owners>
      <Execution id="157ed6c9-7f38-4df8-a053-ff7b521218f5" />
      <TestMethod codeBase="D:\v2.0\A1\_work\dbded102\bin\Release.AnyCPU\Tfs.Service\MS.TF.ProjectDownload.Server.L0.Tests\MS.TF.ProjectDownload.Server.L0.Tests.dll" adapterTypeName="Microsoft.VisualStudio.TestTools.TestTypes.Unit.UnitTestAdapter" className="MS.TF.ProjectDownload.Server.L0.Tests.TfsProjectDownloadServiceUnitTests" name="Get_ReturnsResult" />
    </UnitTest>
    <UnitTest name="GetAll_ReturnsResult" storage="d:\v2.0\a1\_work\dbded102\bin\release.anycpu\tfs.service\ms.tf.projectdownload.server.l0.tests\ms.tf.projectdownload.server.l0.tests.dll" id="b5a67582-dfd4-c5ac-6cfd-72f0b0d261f4">
      <Owners>
        <Owner name="pspill" />
      </Owners>
      <Execution id="56d8ec07-8035-49ec-9a15-1d36327070f6" />
      <TestMethod codeBase="D:\v2.0\A1\_work\dbded102\bin\Release.AnyCPU\Tfs.Service\MS.TF.ProjectDownload.Server.L0.Tests\MS.TF.ProjectDownload.Server.L0.Tests.dll" adapterTypeName="Microsoft.VisualStudio.TestTools.TestTypes.Unit.UnitTestAdapter" className="MS.TF.ProjectDownload.Server.L0.Tests.TfsProjectDownloadServiceUnitTests" name="GetAll_ReturnsResult" />
    </UnitTest>
    <UnitTest name="GetAll_SetsFileNameForZipsAndNotForFiles" storage="d:\v2.0\a1\_work\dbded102\bin\release.anycpu\tfs.service\ms.tf.projectdownload.server.l0.tests\ms.tf.projectdownload.server.l0.tests.dll" id="9eaaf7a0-5df1-a892-00c1-b8aeafa0dc10">
      <Owners>
        <Owner name="pspill" />
      </Owners>
      <Execution id="ca868727-eb0f-4542-9ba6-57e99ac756b5" />
      <TestMethod codeBase="D:\v2.0\A1\_work\dbded102\bin\Release.AnyCPU\Tfs.Service\MS.TF.ProjectDownload.Server.L0.Tests\MS.TF.ProjectDownload.Server.L0.Tests.dll" adapterTypeName="Microsoft.VisualStudio.TestTools.TestTypes.Unit.UnitTestAdapter" className="MS.TF.ProjectDownload.Server.L0.Tests.TfsProjectDownloadServiceUnitTests" name="GetAll_SetsFileNameForZipsAndNotForFiles" />
    </UnitTest>
    <UnitTest name="Update_WhenUpdateDataNull_ThenException" storage="d:\v2.0\a1\_work\dbded102\bin\release.anycpu\tfs.service\ms.tf.projectdownload.server.l0.tests\ms.tf.projectdownload.server.l0.tests.dll" id="cf4a8d48-0c60-4774-9183-ef466f85fc28">
      <Owners>
        <Owner name="vscscodeeng" />
      </Owners>
      <Execution id="8ae53987-6ba7-4e6b-b6ef-bb3b8178580e" />
      <TestMethod codeBase="D:\v2.0\A1\_work\dbded102\bin\Release.AnyCPU\Tfs.Service\MS.TF.ProjectDownload.Server.L0.Tests\MS.TF.ProjectDownload.Server.L0.Tests.dll" adapterTypeName="Microsoft.VisualStudio.TestTools.TestTypes.Unit.UnitTestAdapter" className="MS.TF.ProjectDownload.Server.L0.Tests.TfsProjectDownloadServiceUnitTests" name="Update_WhenUpdateDataNull_ThenException" />
    </UnitTest>
    <UnitTest name="Delete_WhenInvalidPackageId_ThenException" storage="d:\v2.0\a1\_work\dbded102\bin\release.anycpu\tfs.service\ms.tf.projectdownload.server.l0.tests\ms.tf.projectdownload.server.l0.tests.dll" id="ec49bd4b-8434-8390-3dd9-1e278d34bf44">
      <Owners>
        <Owner name="vscscodeeng" />
      </Owners>
      <Execution id="e1acc319-aaf5-4d82-b1ff-adc91382eee4" />
      <TestMethod codeBase="D:\v2.0\A1\_work\dbded102\bin\Release.AnyCPU\Tfs.Service\MS.TF.ProjectDownload.Server.L0.Tests\MS.TF.ProjectDownload.Server.L0.Tests.dll" adapterTypeName="Microsoft.VisualStudio.TestTools.TestTypes.Unit.UnitTestAdapter" className="MS.TF.ProjectDownload.Server.L0.Tests.TfsProjectDownloadServiceUnitTests" name="Delete_WhenInvalidPackageId_ThenException" />
    </UnitTest>
    <UnitTest name="Delete_WhenRequestContextNull_ThenException" storage="d:\v2.0\a1\_work\dbded102\bin\release.anycpu\tfs.service\ms.tf.projectdownload.server.l0.tests\ms.tf.projectdownload.server.l0.tests.dll" id="66c04260-dfc8-47c2-7351-4ff71a8af87d">
      <Owners>
        <Owner name="vscscodeeng" />
      </Owners>
      <Execution id="dc776dd0-3a56-4bd8-bfe4-5bfada90a09c" />
      <TestMethod codeBase="D:\v2.0\A1\_work\dbded102\bin\Release.AnyCPU\Tfs.Service\MS.TF.ProjectDownload.Server.L0.Tests\MS.TF.ProjectDownload.Server.L0.Tests.dll" adapterTypeName="Microsoft.VisualStudio.TestTools.TestTypes.Unit.UnitTestAdapter" className="MS.TF.ProjectDownload.Server.L0.Tests.TfsProjectDownloadServiceUnitTests" name="Delete_WhenRequestContextNull_ThenException" />
    </UnitTest>
    <UnitTest name="Delete_WhenIdentityDoesNotHaveDeletePermissionOnProject_ThrowsSecurityException" storage="d:\v2.0\a1\_work\dbded102\bin\release.anycpu\tfs.service\ms.tf.projectdownload.server.l0.tests\ms.tf.projectdownload.server.l0.tests.dll" id="f4f9493c-da6b-48de-2ae9-08dd6c105dc2">
      <Owners>
        <Owner name="vscscodeeng" />
      </Owners>
      <Execution id="d584afa9-8eaa-4605-b51c-be2765d008e3" />
      <TestMethod codeBase="D:\v2.0\A1\_work\dbded102\bin\Release.AnyCPU\Tfs.Service\MS.TF.ProjectDownload.Server.L0.Tests\MS.TF.ProjectDownload.Server.L0.Tests.dll" adapterTypeName="Microsoft.VisualStudio.TestTools.TestTypes.Unit.UnitTestAdapter" className="MS.TF.ProjectDownload.Server.L0.Tests.TfsProjectDownloadServiceUnitTests" name="Delete_WhenIdentityDoesNotHaveDeletePermissionOnProject_ThrowsSecurityException" />
    </UnitTest>
    <UnitTest name="Delete_WhenIdentityDoesNotHaveDeletePermissionOnProject_CallToComponentDoesNotHappen" storage="d:\v2.0\a1\_work\dbded102\bin\release.anycpu\tfs.service\ms.tf.projectdownload.server.l0.tests\ms.tf.projectdownload.server.l0.tests.dll" id="94f4c786-8701-a9e7-67dc-2a080929f90c">
      <Owners>
        <Owner name="vscscodeeng" />
      </Owners>
      <Execution id="88499ad8-32e4-46c1-a1d0-e633304bad3c" />
      <TestMethod codeBase="D:\v2.0\A1\_work\dbded102\bin\Release.AnyCPU\Tfs.Service\MS.TF.ProjectDownload.Server.L0.Tests\MS.TF.ProjectDownload.Server.L0.Tests.dll" adapterTypeName="Microsoft.VisualStudio.TestTools.TestTypes.Unit.UnitTestAdapter" className="MS.TF.ProjectDownload.Server.L0.Tests.TfsProjectDownloadServiceUnitTests" name="Delete_WhenIdentityDoesNotHaveDeletePermissionOnProject_CallToComponentDoesNotHappen" />
    </UnitTest>
    <UnitTest name="Delete_MakesCallToComponentWhichIsExpectedToPerfomDatabaseDelete" storage="d:\v2.0\a1\_work\dbded102\bin\release.anycpu\tfs.service\ms.tf.projectdownload.server.l0.tests\ms.tf.projectdownload.server.l0.tests.dll" id="3a617460-547e-6a73-7967-3e3386f0778c">
      <Owners>
        <Owner name="vscscodeeng" />
      </Owners>
      <Execution id="c43d7119-a8f2-47f0-a3d8-409af4d70e17" />
      <TestMethod codeBase="D:\v2.0\A1\_work\dbded102\bin\Release.AnyCPU\Tfs.Service\MS.TF.ProjectDownload.Server.L0.Tests\MS.TF.ProjectDownload.Server.L0.Tests.dll" adapterTypeName="Microsoft.VisualStudio.TestTools.TestTypes.Unit.UnitTestAdapter" className="MS.TF.ProjectDownload.Server.L0.Tests.TfsProjectDownloadServiceUnitTests" name="Delete_MakesCallToComponentWhichIsExpectedToPerfomDatabaseDelete" />
    </UnitTest>
    <UnitTest name="GenerateFilename_DoesNotSetFilename_IfFile" storage="d:\v2.0\a1\_work\dbded102\bin\release.anycpu\tfs.service\ms.tf.projectdownload.server.l0.tests\ms.tf.projectdownload.server.l0.tests.dll" id="818ba601-852f-c6b8-a553-e8076f9a228f">
      <Owners>
        <Owner name="vscscodeeng" />
      </Owners>
      <Execution id="edc224b4-3db8-4a4b-aff0-b226a879d7de" />
      <TestMethod codeBase="D:\v2.0\A1\_work\dbded102\bin\Release.AnyCPU\Tfs.Service\MS.TF.ProjectDownload.Server.L0.Tests\MS.TF.ProjectDownload.Server.L0.Tests.dll" adapterTypeName="Microsoft.VisualStudio.TestTools.TestTypes.Unit.UnitTestAdapter" className="MS.TF.ProjectDownload.Server.L0.Tests.TfsProjectDownloadServiceUnitTests" name="GenerateFilename_DoesNotSetFilename_IfFile" />
    </UnitTest>
    <UnitTest name="GenerateFilename_DoesSetFilename_IfFolder" storage="d:\v2.0\a1\_work\dbded102\bin\release.anycpu\tfs.service\ms.tf.projectdownload.server.l0.tests\ms.tf.projectdownload.server.l0.tests.dll" id="286c9f2c-3244-ee32-0b68-93077914f380">
      <Owners>
        <Owner name="vscscodeeng" />
      </Owners>
      <Execution id="c07621f0-dda7-473a-8682-f75fb158b63d" />
      <TestMethod codeBase="D:\v2.0\A1\_work\dbded102\bin\Release.AnyCPU\Tfs.Service\MS.TF.ProjectDownload.Server.L0.Tests\MS.TF.ProjectDownload.Server.L0.Tests.dll" adapterTypeName="Microsoft.VisualStudio.TestTools.TestTypes.Unit.UnitTestAdapter" className="MS.TF.ProjectDownload.Server.L0.Tests.TfsProjectDownloadServiceUnitTests" name="GenerateFilename_DoesSetFilename_IfFolder" />
    </UnitTest>
    <UnitTest name="GenerateFilename_StripsInvalidCharacters" storage="d:\v2.0\a1\_work\dbded102\bin\release.anycpu\tfs.service\ms.tf.projectdownload.server.l0.tests\ms.tf.projectdownload.server.l0.tests.dll" id="22105fd1-b0e7-1c3e-aba3-4eb19b3d972e">
      <Owners>
        <Owner name="vscscodeeng" />
      </Owners>
      <Execution id="98da6c83-e2dd-405d-9155-2f5dec8534ab" />
      <TestMethod codeBase="D:\v2.0\A1\_work\dbded102\bin\Release.AnyCPU\Tfs.Service\MS.TF.ProjectDownload.Server.L0.Tests\MS.TF.ProjectDownload.Server.L0.Tests.dll" adapterTypeName="Microsoft.VisualStudio.TestTools.TestTypes.Unit.UnitTestAdapter" className="MS.TF.ProjectDownload.Server.L0.Tests.TfsProjectDownloadServiceUnitTests" name="GenerateFilename_StripsInvalidCharacters" />
    </UnitTest>
    <UnitTest name="PackageNameIsTrimmed" storage="d:\v2.0\a1\_work\dbded102\bin\release.anycpu\tfs.service\ms.tf.projectdownload.server.l0.tests\ms.tf.projectdownload.server.l0.tests.dll" id="36458696-6fd1-0981-a1b2-1a1ae3556d36">
      <Owners>
        <Owner name="pspill" />
      </Owners>
      <Execution id="a1c4e2cc-3618-4836-a7b1-1bb80d56f786" />
      <TestMethod codeBase="D:\v2.0\A1\_work\dbded102\bin\Release.AnyCPU\Tfs.Service\MS.TF.ProjectDownload.Server.L0.Tests\MS.TF.ProjectDownload.Server.L0.Tests.dll" adapterTypeName="Microsoft.VisualStudio.TestTools.TestTypes.Unit.UnitTestAdapter" className="MS.TF.ProjectDownload.Server.L0.Tests.Model.ProjectDownloadPackageTests" name="PackageNameIsTrimmed" />
    </UnitTest>
    <UnitTest name="WhenNameNull_InvalidNameException" storage="d:\v2.0\a1\_work\dbded102\bin\release.anycpu\tfs.service\ms.tf.projectdownload.server.l0.tests\ms.tf.projectdownload.server.l0.tests.dll" id="d132313f-7f89-feee-5f0b-1fe8da894bbf">
      <Owners>
        <Owner name="pspill" />
      </Owners>
      <Execution id="87b123c5-9192-401c-ba5f-af3b9a90c6bd" />
      <TestMethod codeBase="D:\v2.0\A1\_work\dbded102\bin\Release.AnyCPU\Tfs.Service\MS.TF.ProjectDownload.Server.L0.Tests\MS.TF.ProjectDownload.Server.L0.Tests.dll" adapterTypeName="Microsoft.VisualStudio.TestTools.TestTypes.Unit.UnitTestAdapter" className="MS.TF.ProjectDownload.Server.L0.Tests.Model.ProjectDownloadPackageTests" name="WhenNameNull_InvalidNameException" />
    </UnitTest>
    <UnitTest name="WhenNameWhitespace_InvalidNameException" storage="d:\v2.0\a1\_work\dbded102\bin\release.anycpu\tfs.service\ms.tf.projectdownload.server.l0.tests\ms.tf.projectdownload.server.l0.tests.dll" id="9c6ffc24-fc47-b93d-94bf-e79ab3362895">
      <Owners>
        <Owner name="pspill" />
      </Owners>
      <Execution id="8f1d3fc6-458d-4e9c-a6f8-b3e33376ebee" />
      <TestMethod codeBase="D:\v2.0\A1\_work\dbded102\bin\Release.AnyCPU\Tfs.Service\MS.TF.ProjectDownload.Server.L0.Tests\MS.TF.ProjectDownload.Server.L0.Tests.dll" adapterTypeName="Microsoft.VisualStudio.TestTools.TestTypes.Unit.UnitTestAdapter" className="MS.TF.ProjectDownload.Server.L0.Tests.Model.ProjectDownloadPackageTests" name="WhenNameWhitespace_InvalidNameException" />
    </UnitTest>
    <UnitTest name="WhenNameTooLong_InvalidNameException" storage="d:\v2.0\a1\_work\dbded102\bin\release.anycpu\tfs.service\ms.tf.projectdownload.server.l0.tests\ms.tf.projectdownload.server.l0.tests.dll" id="58a381f9-0f2a-48cd-08a1-5ee3458ed5fd">
      <Owners>
        <Owner name="pspill" />
      </Owners>
      <Execution id="83edd76a-5ce5-4e1b-9d8c-4e233e8a7f50" />
      <TestMethod codeBase="D:\v2.0\A1\_work\dbded102\bin\Release.AnyCPU\Tfs.Service\MS.TF.ProjectDownload.Server.L0.Tests\MS.TF.ProjectDownload.Server.L0.Tests.dll" adapterTypeName="Microsoft.VisualStudio.TestTools.TestTypes.Unit.UnitTestAdapter" className="MS.TF.ProjectDownload.Server.L0.Tests.Model.ProjectDownloadPackageTests" name="WhenNameTooLong_InvalidNameException" />
    </UnitTest>
    <UnitTest name="VersionIsTrimmed" storage="d:\v2.0\a1\_work\dbded102\bin\release.anycpu\tfs.service\ms.tf.projectdownload.server.l0.tests\ms.tf.projectdownload.server.l0.tests.dll" id="7216f862-7cfb-84e6-008c-b20883c32453">
      <Owners>
        <Owner name="pspill" />
      </Owners>
      <Execution id="5ffbfa77-bd55-417c-8c13-1a3c5f4b4fb7" />
      <TestMethod codeBase="D:\v2.0\A1\_work\dbded102\bin\Release.AnyCPU\Tfs.Service\MS.TF.ProjectDownload.Server.L0.Tests\MS.TF.ProjectDownload.Server.L0.Tests.dll" adapterTypeName="Microsoft.VisualStudio.TestTools.TestTypes.Unit.UnitTestAdapter" className="MS.TF.ProjectDownload.Server.L0.Tests.Model.ProjectDownloadPackageTests" name="VersionIsTrimmed" />
    </UnitTest>
    <UnitTest name="WhenVersionNull_InvalidVersionException" storage="d:\v2.0\a1\_work\dbded102\bin\release.anycpu\tfs.service\ms.tf.projectdownload.server.l0.tests\ms.tf.projectdownload.server.l0.tests.dll" id="3b9dde5f-2fd4-275d-f3e4-4083bdc432b0">
      <Owners>
        <Owner name="pspill" />
      </Owners>
      <Execution id="cc7ddeac-2966-4d29-a2fb-37531952ea53" />
      <TestMethod codeBase="D:\v2.0\A1\_work\dbded102\bin\Release.AnyCPU\Tfs.Service\MS.TF.ProjectDownload.Server.L0.Tests\MS.TF.ProjectDownload.Server.L0.Tests.dll" adapterTypeName="Microsoft.VisualStudio.TestTools.TestTypes.Unit.UnitTestAdapter" className="MS.TF.ProjectDownload.Server.L0.Tests.Model.ProjectDownloadPackageTests" name="WhenVersionNull_InvalidVersionException" />
    </UnitTest>
    <UnitTest name="WhenVersionWhitespace_InvalidVersionException" storage="d:\v2.0\a1\_work\dbded102\bin\release.anycpu\tfs.service\ms.tf.projectdownload.server.l0.tests\ms.tf.projectdownload.server.l0.tests.dll" id="dcabddf4-24fd-8347-5c8a-dd6fc49f7052">
      <Owners>
        <Owner name="pspill" />
      </Owners>
      <Execution id="5622164a-401b-4225-82bb-b2b429ccd39f" />
      <TestMethod codeBase="D:\v2.0\A1\_work\dbded102\bin\Release.AnyCPU\Tfs.Service\MS.TF.ProjectDownload.Server.L0.Tests\MS.TF.ProjectDownload.Server.L0.Tests.dll" adapterTypeName="Microsoft.VisualStudio.TestTools.TestTypes.Unit.UnitTestAdapter" className="MS.TF.ProjectDownload.Server.L0.Tests.Model.ProjectDownloadPackageTests" name="WhenVersionWhitespace_InvalidVersionException" />
    </UnitTest>
    <UnitTest name="PackageNameAcceptsSpaces" storage="d:\v2.0\a1\_work\dbded102\bin\release.anycpu\tfs.service\ms.tf.projectdownload.server.l0.tests\ms.tf.projectdownload.server.l0.tests.dll" id="0541eaf6-28c9-e3f0-cabe-f437786be457">
      <Owners>
        <Owner name="ednorieg" />
      </Owners>
      <Execution id="e8674a20-6ded-48d0-921e-af2bffafd4b1" />
      <TestMethod codeBase="D:\v2.0\A1\_work\dbded102\bin\Release.AnyCPU\Tfs.Service\MS.TF.ProjectDownload.Server.L0.Tests\MS.TF.ProjectDownload.Server.L0.Tests.dll" adapterTypeName="Microsoft.VisualStudio.TestTools.TestTypes.Unit.UnitTestAdapter" className="MS.TF.ProjectDownload.Server.L0.Tests.Model.ProjectDownloadPackageTests" name="PackageNameAcceptsSpaces" />
    </UnitTest>
    <UnitTest name="WhenVersionTooLong_InvalidVersionException" storage="d:\v2.0\a1\_work\dbded102\bin\release.anycpu\tfs.service\ms.tf.projectdownload.server.l0.tests\ms.tf.projectdownload.server.l0.tests.dll" id="59a27e0b-1e1f-664e-5938-cae6f36aec22">
      <Owners>
        <Owner name="pspill" />
      </Owners>
      <Execution id="560e212c-6e78-4c8e-922c-29bedaa9aa38" />
      <TestMethod codeBase="D:\v2.0\A1\_work\dbded102\bin\Release.AnyCPU\Tfs.Service\MS.TF.ProjectDownload.Server.L0.Tests\MS.TF.ProjectDownload.Server.L0.Tests.dll" adapterTypeName="Microsoft.VisualStudio.TestTools.TestTypes.Unit.UnitTestAdapter" className="MS.TF.ProjectDownload.Server.L0.Tests.Model.ProjectDownloadPackageTests" name="WhenVersionTooLong_InvalidVersionException" />
    </UnitTest>
    <UnitTest name="NullReleaseNotesAreNull" storage="d:\v2.0\a1\_work\dbded102\bin\release.anycpu\tfs.service\ms.tf.projectdownload.server.l0.tests\ms.tf.projectdownload.server.l0.tests.dll" id="4212c0f4-005b-84d6-f907-57c6ade6ffd3">
      <Owners>
        <Owner name="pspill" />
      </Owners>
      <Execution id="ff98a955-1dd4-45e9-9d1d-742391705471" />
      <TestMethod codeBase="D:\v2.0\A1\_work\dbded102\bin\Release.AnyCPU\Tfs.Service\MS.TF.ProjectDownload.Server.L0.Tests\MS.TF.ProjectDownload.Server.L0.Tests.dll" adapterTypeName="Microsoft.VisualStudio.TestTools.TestTypes.Unit.UnitTestAdapter" className="MS.TF.ProjectDownload.Server.L0.Tests.Model.ProjectDownloadPackageTests" name="NullReleaseNotesAreNull" />
    </UnitTest>
    <UnitTest name="EmptyReleaseNotesAreNull" storage="d:\v2.0\a1\_work\dbded102\bin\release.anycpu\tfs.service\ms.tf.projectdownload.server.l0.tests\ms.tf.projectdownload.server.l0.tests.dll" id="e586359c-6e0e-3abb-78cf-b5b231b33a9e">
      <Owners>
        <Owner name="pspill" />
      </Owners>
      <Execution id="9a3344c0-62b9-4078-8532-57c17d09c5ab" />
      <TestMethod codeBase="D:\v2.0\A1\_work\dbded102\bin\Release.AnyCPU\Tfs.Service\MS.TF.ProjectDownload.Server.L0.Tests\MS.TF.ProjectDownload.Server.L0.Tests.dll" adapterTypeName="Microsoft.VisualStudio.TestTools.TestTypes.Unit.UnitTestAdapter" className="MS.TF.ProjectDownload.Server.L0.Tests.Model.ProjectDownloadPackageTests" name="EmptyReleaseNotesAreNull" />
    </UnitTest>
    <UnitTest name="WhenReleaseNotesOver50000Len_InvalidReleaseNotesException" storage="d:\v2.0\a1\_work\dbded102\bin\release.anycpu\tfs.service\ms.tf.projectdownload.server.l0.tests\ms.tf.projectdownload.server.l0.tests.dll" id="a055e69c-9c66-a2a4-f89e-0acf8a013a5f">
      <Owners>
        <Owner name="pspill" />
      </Owners>
      <Execution id="1fc3edb1-e42e-4975-b81c-0dcf1688120e" />
      <TestMethod codeBase="D:\v2.0\A1\_work\dbded102\bin\Release.AnyCPU\Tfs.Service\MS.TF.ProjectDownload.Server.L0.Tests\MS.TF.ProjectDownload.Server.L0.Tests.dll" adapterTypeName="Microsoft.VisualStudio.TestTools.TestTypes.Unit.UnitTestAdapter" className="MS.TF.ProjectDownload.Server.L0.Tests.Model.ProjectDownloadPackageTests" name="WhenReleaseNotesOver50000Len_InvalidReleaseNotesException" />
    </UnitTest>
    <UnitTest name="WhenDownloadSizeNegative_InvalidDownloadSizeException" storage="d:\v2.0\a1\_work\dbded102\bin\release.anycpu\tfs.service\ms.tf.projectdownload.server.l0.tests\ms.tf.projectdownload.server.l0.tests.dll" id="2acd6c0e-95da-bdd0-62e8-1d410f1abf05">
      <Owners>
        <Owner name="vscscodeeng" />
      </Owners>
      <Execution id="0cbe25ba-25b4-4219-ac8e-232d82af2b10" />
      <TestMethod codeBase="D:\v2.0\A1\_work\dbded102\bin\Release.AnyCPU\Tfs.Service\MS.TF.ProjectDownload.Server.L0.Tests\MS.TF.ProjectDownload.Server.L0.Tests.dll" adapterTypeName="Microsoft.VisualStudio.TestTools.TestTypes.Unit.UnitTestAdapter" className="MS.TF.ProjectDownload.Server.L0.Tests.Model.ProjectDownloadPackageTests" name="WhenDownloadSizeNegative_InvalidDownloadSizeException" />
    </UnitTest>
    <UnitTest name="TeamFoundationLocationService_IsCalled_With_FileContainerResourceIds" storage="d:\v2.0\a1\_work\dbded102\bin\release.anycpu\tfs.service\ms.tf.projectdownload.server.l0.tests\ms.tf.projectdownload.server.l0.tests.dll" id="866c5787-ee31-3b4e-6a35-8ae7baca1e76">
      <Owners>
        <Owner name="vscscodeeng" />
      </Owners>
      <Execution id="9c5c80f2-4a0c-418a-b840-75faef84eef5" />
      <TestMethod codeBase="D:\v2.0\A1\_work\dbded102\bin\Release.AnyCPU\Tfs.Service\MS.TF.ProjectDownload.Server.L0.Tests\MS.TF.ProjectDownload.Server.L0.Tests.dll" adapterTypeName="Microsoft.VisualStudio.TestTools.TestTypes.Unit.UnitTestAdapter" className="MS.TF.ProjectDownload.Server.L0.Tests.Data.FileContainerRestApiHelperTests" name="TeamFoundationLocationService_IsCalled_With_FileContainerResourceIds" />
    </UnitTest>
    <UnitTest name="GetFileContainerResourceUri_Returns_Uri_FromLocationService" storage="d:\v2.0\a1\_work\dbded102\bin\release.anycpu\tfs.service\ms.tf.projectdownload.server.l0.tests\ms.tf.projectdownload.server.l0.tests.dll" id="090d2851-9b57-bd5c-e821-21ec8dda1ac4">
      <Owners>
        <Owner name="vscscodeeng" />
      </Owners>
      <Execution id="af9af1bf-6402-4bcf-b2f3-d4f81149e5f5" />
      <TestMethod codeBase="D:\v2.0\A1\_work\dbded102\bin\Release.AnyCPU\Tfs.Service\MS.TF.ProjectDownload.Server.L0.Tests\MS.TF.ProjectDownload.Server.L0.Tests.dll" adapterTypeName="Microsoft.VisualStudio.TestTools.TestTypes.Unit.UnitTestAdapter" className="MS.TF.ProjectDownload.Server.L0.Tests.Data.FileContainerRestApiHelperTests" name="GetFileContainerResourceUri_Returns_Uri_FromLocationService" />
    </UnitTest>
    <UnitTest name="GetFileContainerDownloadUrlTests_QueryString_HasZipFormatIfPathEndsWithSlash" storage="d:\v2.0\a1\_work\dbded102\bin\release.anycpu\tfs.service\ms.tf.projectdownload.server.l0.tests\ms.tf.projectdownload.server.l0.tests.dll" id="2bd32f9f-f980-3a9b-6814-fbf0ce4795e0">
      <Owners>
        <Owner name="vscscodeeng" />
      </Owners>
      <Execution id="8a4e05a3-3cec-485d-8760-def79f0c4c21" />
      <TestMethod codeBase="D:\v2.0\A1\_work\dbded102\bin\Release.AnyCPU\Tfs.Service\MS.TF.ProjectDownload.Server.L0.Tests\MS.TF.ProjectDownload.Server.L0.Tests.dll" adapterTypeName="Microsoft.VisualStudio.TestTools.TestTypes.Unit.UnitTestAdapter" className="MS.TF.ProjectDownload.Server.L0.Tests.Data.FileContainerRestApiHelperTests" name="GetFileContainerDownloadUrlTests_QueryString_HasZipFormatIfPathEndsWithSlash" />
    </UnitTest>
    <UnitTest name="GetFileContainerDownloadUrlTests_QueryString_HasOctestStreamFormatIfPathDoesNotEndWithSlash" storage="d:\v2.0\a1\_work\dbded102\bin\release.anycpu\tfs.service\ms.tf.projectdownload.server.l0.tests\ms.tf.projectdownload.server.l0.tests.dll" id="b9653d66-bea5-d740-e97a-580aaf03b6e5">
      <Owners>
        <Owner name="vscscodeeng" />
      </Owners>
      <Execution id="abeea29f-2afb-412e-b191-e7541f461896" />
      <TestMethod codeBase="D:\v2.0\A1\_work\dbded102\bin\Release.AnyCPU\Tfs.Service\MS.TF.ProjectDownload.Server.L0.Tests\MS.TF.ProjectDownload.Server.L0.Tests.dll" adapterTypeName="Microsoft.VisualStudio.TestTools.TestTypes.Unit.UnitTestAdapter" className="MS.TF.ProjectDownload.Server.L0.Tests.Data.FileContainerRestApiHelperTests" name="GetFileContainerDownloadUrlTests_QueryString_HasOctestStreamFormatIfPathDoesNotEndWithSlash" />
    </UnitTest>
    <UnitTest name="GetFileContainerDownloadUrlTests_QueryString_AppendsWithProperCharacterIfBaseUriAlreadyHasQueryString" storage="d:\v2.0\a1\_work\dbded102\bin\release.anycpu\tfs.service\ms.tf.projectdownload.server.l0.tests\ms.tf.projectdownload.server.l0.tests.dll" id="a83a7cae-98bd-cc60-33f8-c219b0d97291">
      <Owners>
        <Owner name="vscscodeeng" />
      </Owners>
      <Execution id="f3e59248-044c-4a6a-aea3-524d7cf0efb4" />
      <TestMethod codeBase="D:\v2.0\A1\_work\dbded102\bin\Release.AnyCPU\Tfs.Service\MS.TF.ProjectDownload.Server.L0.Tests\MS.TF.ProjectDownload.Server.L0.Tests.dll" adapterTypeName="Microsoft.VisualStudio.TestTools.TestTypes.Unit.UnitTestAdapter" className="MS.TF.ProjectDownload.Server.L0.Tests.Data.FileContainerRestApiHelperTests" name="GetFileContainerDownloadUrlTests_QueryString_AppendsWithProperCharacterIfBaseUriAlreadyHasQueryString" />
    </UnitTest>
    <UnitTest name="GetFileContainerDownloadUrlTests_QueryString_SetsFileNameIfSpecified" storage="d:\v2.0\a1\_work\dbded102\bin\release.anycpu\tfs.service\ms.tf.projectdownload.server.l0.tests\ms.tf.projectdownload.server.l0.tests.dll" id="232e0547-e2cc-23fa-d7e3-420db48f3e72">
      <Owners>
        <Owner name="vscscodeeng" />
      </Owners>
      <Execution id="5d916c7b-f49d-4a19-a34c-c70f60d6752a" />
      <TestMethod codeBase="D:\v2.0\A1\_work\dbded102\bin\Release.AnyCPU\Tfs.Service\MS.TF.ProjectDownload.Server.L0.Tests\MS.TF.ProjectDownload.Server.L0.Tests.dll" adapterTypeName="Microsoft.VisualStudio.TestTools.TestTypes.Unit.UnitTestAdapter" className="MS.TF.ProjectDownload.Server.L0.Tests.Data.FileContainerRestApiHelperTests" name="GetFileContainerDownloadUrlTests_QueryString_SetsFileNameIfSpecified" />
    </UnitTest>
    <UnitTest name="GetFileContainerDownloadUrlTests_QueryString_SetsFileNameURLEncodedWithUnicode" storage="d:\v2.0\a1\_work\dbded102\bin\release.anycpu\tfs.service\ms.tf.projectdownload.server.l0.tests\ms.tf.projectdownload.server.l0.tests.dll" id="2a29584d-7698-9163-6805-4993f0e701d7">
      <Owners>
        <Owner name="vscscodeeng" />
      </Owners>
      <Execution id="2581c4d3-f40a-4733-8fbf-4b5811cdecc5" />
      <TestMethod codeBase="D:\v2.0\A1\_work\dbded102\bin\Release.AnyCPU\Tfs.Service\MS.TF.ProjectDownload.Server.L0.Tests\MS.TF.ProjectDownload.Server.L0.Tests.dll" adapterTypeName="Microsoft.VisualStudio.TestTools.TestTypes.Unit.UnitTestAdapter" className="MS.TF.ProjectDownload.Server.L0.Tests.Data.FileContainerRestApiHelperTests" name="GetFileContainerDownloadUrlTests_QueryString_SetsFileNameURLEncodedWithUnicode" />
    </UnitTest>
    <UnitTest name="GetFileContainerDownloadUrlTests_QueryString_SetsFileNameURLEncodedWithUnicode_NoBrackets" storage="d:\v2.0\a1\_work\dbded102\bin\release.anycpu\tfs.service\ms.tf.projectdownload.server.l0.tests\ms.tf.projectdownload.server.l0.tests.dll" id="d2fa3e31-d2b2-0d16-d546-5c57478f6bfb">
      <Owners>
        <Owner name="vscscodeeng" />
      </Owners>
      <Execution id="99d54718-41e0-4de1-bfbf-d0c4ed2fbe92" />
      <TestMethod codeBase="D:\v2.0\A1\_work\dbded102\bin\Release.AnyCPU\Tfs.Service\MS.TF.ProjectDownload.Server.L0.Tests\MS.TF.ProjectDownload.Server.L0.Tests.dll" adapterTypeName="Microsoft.VisualStudio.TestTools.TestTypes.Unit.UnitTestAdapter" className="MS.TF.ProjectDownload.Server.L0.Tests.Data.FileContainerRestApiHelperTests" name="GetFileContainerDownloadUrlTests_QueryString_SetsFileNameURLEncodedWithUnicode_NoBrackets" />
    </UnitTest>
    <UnitTest name="GetFileContainerDownloadUrlTests_QueryString_ReturnsEmptyStringIfLocationServiceReturnsNull" storage="d:\v2.0\a1\_work\dbded102\bin\release.anycpu\tfs.service\ms.tf.projectdownload.server.l0.tests\ms.tf.projectdownload.server.l0.tests.dll" id="bb9807b2-22a7-8c9f-feba-87d592b47b9c">
      <Owners>
        <Owner name="vscscodeeng" />
      </Owners>
      <Execution id="dbbce361-6565-445a-af62-1fcd54051255" />
      <TestMethod codeBase="D:\v2.0\A1\_work\dbded102\bin\Release.AnyCPU\Tfs.Service\MS.TF.ProjectDownload.Server.L0.Tests\MS.TF.ProjectDownload.Server.L0.Tests.dll" adapterTypeName="Microsoft.VisualStudio.TestTools.TestTypes.Unit.UnitTestAdapter" className="MS.TF.ProjectDownload.Server.L0.Tests.Data.FileContainerRestApiHelperTests" name="GetFileContainerDownloadUrlTests_QueryString_ReturnsEmptyStringIfLocationServiceReturnsNull" />
    </UnitTest>
    <UnitTest name="Create_WhenPackageIdNull_ThenException" storage="d:\v2.0\a1\_work\dbded102\bin\release.anycpu\tfs.service\ms.tf.projectdownload.server.l0.tests\ms.tf.projectdownload.server.l0.tests.dll" id="b0f9cc07-0af3-5e0d-6d55-b9222659bc80">
      <Owners>
        <Owner name="vscscodeeng" />
      </Owners>
      <Execution id="066599ce-9551-42e6-b297-4635ae445a33" />
      <TestMethod codeBase="D:\v2.0\A1\_work\dbded102\bin\Release.AnyCPU\Tfs.Service\MS.TF.ProjectDownload.Server.L0.Tests\MS.TF.ProjectDownload.Server.L0.Tests.dll" adapterTypeName="Microsoft.VisualStudio.TestTools.TestTypes.Unit.UnitTestAdapter" className="MS.TF.ProjectDownload.Server.L0.Tests.TfsProjectDownloadServiceUnitTests+CreateProjecDownloadActivity_Method" name="Create_WhenPackageIdNull_ThenException" />
    </UnitTest>
    <UnitTest name="Create_MakesCallToComponentWhichIsExpectedToAddDataToTheDatabase" storage="d:\v2.0\a1\_work\dbded102\bin\release.anycpu\tfs.service\ms.tf.projectdownload.server.l0.tests\ms.tf.projectdownload.server.l0.tests.dll" id="942f7050-a0fd-0ccc-7917-fa80e9dbfa73">
      <Owners>
        <Owner name="vscscodeeng" />
      </Owners>
      <Execution id="caf8a27f-238a-476b-8342-6a9283581ff4" />
      <TestMethod codeBase="D:\v2.0\A1\_work\dbded102\bin\Release.AnyCPU\Tfs.Service\MS.TF.ProjectDownload.Server.L0.Tests\MS.TF.ProjectDownload.Server.L0.Tests.dll" adapterTypeName="Microsoft.VisualStudio.TestTools.TestTypes.Unit.UnitTestAdapter" className="MS.TF.ProjectDownload.Server.L0.Tests.TfsProjectDownloadServiceUnitTests+CreateProjecDownloadActivity_Method" name="Create_MakesCallToComponentWhichIsExpectedToAddDataToTheDatabase" />
    </UnitTest>
    <UnitTest name="CreatePackage_FromBuilld_Calls_RetainBuild" storage="d:\v2.0\a1\_work\dbded102\bin\release.anycpu\tfs.service\ms.tf.projectdownload.server.l0.tests\ms.tf.projectdownload.server.l0.tests.dll" id="35c05194-5414-0c81-146e-8376a184a048">
      <Owners>
        <Owner name="vscscodeeng" />
      </Owners>
      <Execution id="15c18466-1d8e-4187-b5bf-93eac144b927" />
      <TestMethod codeBase="D:\v2.0\A1\_work\dbded102\bin\Release.AnyCPU\Tfs.Service\MS.TF.ProjectDownload.Server.L0.Tests\MS.TF.ProjectDownload.Server.L0.Tests.dll" adapterTypeName="Microsoft.VisualStudio.TestTools.TestTypes.Unit.UnitTestAdapter" className="MS.TF.ProjectDownload.Server.L0.Tests.TfsProjectDownloadServiceUnitTests+BuildSourceTypeTests" name="CreatePackage_FromBuilld_Calls_RetainBuild" />
    </UnitTest>
    <UnitTest name="CreatePackage_UserUploadSource_DoesNot_RetainBuild" storage="d:\v2.0\a1\_work\dbded102\bin\release.anycpu\tfs.service\ms.tf.projectdownload.server.l0.tests\ms.tf.projectdownload.server.l0.tests.dll" id="2557dfff-9950-43f8-35ee-fdea21531c12">
      <Owners>
        <Owner name="vscscodeeng" />
      </Owners>
      <Execution id="28275f1a-5fe0-4685-a2ae-84518324c35c" />
      <TestMethod codeBase="D:\v2.0\A1\_work\dbded102\bin\Release.AnyCPU\Tfs.Service\MS.TF.ProjectDownload.Server.L0.Tests\MS.TF.ProjectDownload.Server.L0.Tests.dll" adapterTypeName="Microsoft.VisualStudio.TestTools.TestTypes.Unit.UnitTestAdapter" className="MS.TF.ProjectDownload.Server.L0.Tests.TfsProjectDownloadServiceUnitTests+BuildSourceTypeTests" name="CreatePackage_UserUploadSource_DoesNot_RetainBuild" />
    </UnitTest>
    <UnitTest name="CreatePackage_FromBuilld_OnRetainBuildException_DoesNotCreatePackage" storage="d:\v2.0\a1\_work\dbded102\bin\release.anycpu\tfs.service\ms.tf.projectdownload.server.l0.tests\ms.tf.projectdownload.server.l0.tests.dll" id="8d6f48b3-46f2-ef2a-9bf1-b1d201b89d5d">
      <Owners>
        <Owner name="vscscodeeng" />
      </Owners>
      <Execution id="0e9b62af-ddf8-4036-9c61-607e13845b44" />
      <TestMethod codeBase="D:\v2.0\A1\_work\dbded102\bin\Release.AnyCPU\Tfs.Service\MS.TF.ProjectDownload.Server.L0.Tests\MS.TF.ProjectDownload.Server.L0.Tests.dll" adapterTypeName="Microsoft.VisualStudio.TestTools.TestTypes.Unit.UnitTestAdapter" className="MS.TF.ProjectDownload.Server.L0.Tests.TfsProjectDownloadServiceUnitTests+BuildSourceTypeTests" name="CreatePackage_FromBuilld_OnRetainBuildException_DoesNotCreatePackage" />
    </UnitTest>
    <UnitTest name="CreatePackage_FromBuilld_NonInt_SourceDescriptor_Throws" storage="d:\v2.0\a1\_work\dbded102\bin\release.anycpu\tfs.service\ms.tf.projectdownload.server.l0.tests\ms.tf.projectdownload.server.l0.tests.dll" id="d9ac704b-5b94-7977-6717-8234930995dd">
      <Owners>
        <Owner name="vscscodeeng" />
      </Owners>
      <Execution id="74e98378-fac9-4015-8d97-dd6cadcc8e58" />
      <TestMethod codeBase="D:\v2.0\A1\_work\dbded102\bin\Release.AnyCPU\Tfs.Service\MS.TF.ProjectDownload.Server.L0.Tests\MS.TF.ProjectDownload.Server.L0.Tests.dll" adapterTypeName="Microsoft.VisualStudio.TestTools.TestTypes.Unit.UnitTestAdapter" className="MS.TF.ProjectDownload.Server.L0.Tests.TfsProjectDownloadServiceUnitTests+BuildSourceTypeTests" name="CreatePackage_FromBuilld_NonInt_SourceDescriptor_Throws" />
    </UnitTest>
    <UnitTest name="Get_BuildSource_ReturnsResult_WithDownloadLinkAndType" storage="d:\v2.0\a1\_work\dbded102\bin\release.anycpu\tfs.service\ms.tf.projectdownload.server.l0.tests\ms.tf.projectdownload.server.l0.tests.dll" id="22e622a7-d22f-4673-5269-d8c7f5dd393c">
      <Owners>
        <Owner name="vscscodeeng" />
      </Owners>
      <Execution id="d2a78586-e573-40a2-95f7-ae554ff0e7f6" />
      <TestMethod codeBase="D:\v2.0\A1\_work\dbded102\bin\Release.AnyCPU\Tfs.Service\MS.TF.ProjectDownload.Server.L0.Tests\MS.TF.ProjectDownload.Server.L0.Tests.dll" adapterTypeName="Microsoft.VisualStudio.TestTools.TestTypes.Unit.UnitTestAdapter" className="MS.TF.ProjectDownload.Server.L0.Tests.TfsProjectDownloadServiceUnitTests+BuildSourceTypeTests" name="Get_BuildSource_ReturnsResult_WithDownloadLinkAndType" />
    </UnitTest>
    <UnitTest name="Get_BuildSource_NullBuild_Returns_NullDownloadLink" storage="d:\v2.0\a1\_work\dbded102\bin\release.anycpu\tfs.service\ms.tf.projectdownload.server.l0.tests\ms.tf.projectdownload.server.l0.tests.dll" id="7bee35c2-0592-3ec2-42ff-f27786c2b0ad">
      <Owners>
        <Owner name="vscscodeeng" />
      </Owners>
      <Execution id="8ee3936d-a16d-43d0-a719-cf1a3aea19cc" />
      <TestMethod codeBase="D:\v2.0\A1\_work\dbded102\bin\Release.AnyCPU\Tfs.Service\MS.TF.ProjectDownload.Server.L0.Tests\MS.TF.ProjectDownload.Server.L0.Tests.dll" adapterTypeName="Microsoft.VisualStudio.TestTools.TestTypes.Unit.UnitTestAdapter" className="MS.TF.ProjectDownload.Server.L0.Tests.TfsProjectDownloadServiceUnitTests+BuildSourceTypeTests" name="Get_BuildSource_NullBuild_Returns_NullDownloadLink" />
    </UnitTest>
    <UnitTest name="Get_BuildSource_OnException_Returns_NullDownloadLink" storage="d:\v2.0\a1\_work\dbded102\bin\release.anycpu\tfs.service\ms.tf.projectdownload.server.l0.tests\ms.tf.projectdownload.server.l0.tests.dll" id="b57ad4fd-fc3a-b1f3-ac84-f433966fbf5a">
      <Owners>
        <Owner name="vscscodeeng" />
      </Owners>
      <Execution id="9791df1b-a350-4a38-8270-0309d786ccc5" />
      <TestMethod codeBase="D:\v2.0\A1\_work\dbded102\bin\Release.AnyCPU\Tfs.Service\MS.TF.ProjectDownload.Server.L0.Tests\MS.TF.ProjectDownload.Server.L0.Tests.dll" adapterTypeName="Microsoft.VisualStudio.TestTools.TestTypes.Unit.UnitTestAdapter" className="MS.TF.ProjectDownload.Server.L0.Tests.TfsProjectDownloadServiceUnitTests+BuildSourceTypeTests" name="Get_BuildSource_OnException_Returns_NullDownloadLink" />
    </UnitTest>
    <UnitTest name="GetAll_BuildSource_SetsDownloadLink_OnResults" storage="d:\v2.0\a1\_work\dbded102\bin\release.anycpu\tfs.service\ms.tf.projectdownload.server.l0.tests\ms.tf.projectdownload.server.l0.tests.dll" id="10469924-407c-9181-d4cf-ca4a2cf109b0">
      <Owners>
        <Owner name="vscscodeeng" />
      </Owners>
      <Execution id="ad899553-ca52-4cf8-b28e-35bf80ef1bef" />
      <TestMethod codeBase="D:\v2.0\A1\_work\dbded102\bin\Release.AnyCPU\Tfs.Service\MS.TF.ProjectDownload.Server.L0.Tests\MS.TF.ProjectDownload.Server.L0.Tests.dll" adapterTypeName="Microsoft.VisualStudio.TestTools.TestTypes.Unit.UnitTestAdapter" className="MS.TF.ProjectDownload.Server.L0.Tests.TfsProjectDownloadServiceUnitTests+BuildSourceTypeTests" name="GetAll_BuildSource_SetsDownloadLink_OnResults" />
    </UnitTest>
    <UnitTest name="GetOrCreateProjectContainerId_IfProjectContainerDoesNotExist_ThenCreateIt" storage="d:\v2.0\a1\_work\dbded102\bin\release.anycpu\tfs.service\ms.tf.projectdownload.server.l0.tests\ms.tf.projectdownload.server.l0.tests.dll" id="e7ec481b-94fb-95be-4976-2e65d6acde73">
      <Owners>
        <Owner name="vscscodeeng" />
      </Owners>
      <Execution id="552e6e27-d485-43c3-bfd8-e07fc4c19e9a" />
      <TestMethod codeBase="D:\v2.0\A1\_work\dbded102\bin\Release.AnyCPU\Tfs.Service\MS.TF.ProjectDownload.Server.L0.Tests\MS.TF.ProjectDownload.Server.L0.Tests.dll" adapterTypeName="Microsoft.VisualStudio.TestTools.TestTypes.Unit.UnitTestAdapter" className="MS.TF.ProjectDownload.Server.L0.Tests.Data.FileContainerServiceWrapperTests+GetOrCreateProjectContainerId_method" name="GetOrCreateProjectContainerId_IfProjectContainerDoesNotExist_ThenCreateIt" />
    </UnitTest>
    <UnitTest name="GetOrCreateProjectContainerId_IfProjectContainerExists_ThenDoNotCreateIt" storage="d:\v2.0\a1\_work\dbded102\bin\release.anycpu\tfs.service\ms.tf.projectdownload.server.l0.tests\ms.tf.projectdownload.server.l0.tests.dll" id="058dd525-7313-663d-26d2-8ca632f99f33">
      <Owners>
        <Owner name="vscscodeeng" />
      </Owners>
      <Execution id="dc41c118-2070-43f0-8b37-77ece8244361" />
      <TestMethod codeBase="D:\v2.0\A1\_work\dbded102\bin\Release.AnyCPU\Tfs.Service\MS.TF.ProjectDownload.Server.L0.Tests\MS.TF.ProjectDownload.Server.L0.Tests.dll" adapterTypeName="Microsoft.VisualStudio.TestTools.TestTypes.Unit.UnitTestAdapter" className="MS.TF.ProjectDownload.Server.L0.Tests.Data.FileContainerServiceWrapperTests+GetOrCreateProjectContainerId_method" name="GetOrCreateProjectContainerId_IfProjectContainerExists_ThenDoNotCreateIt" />
    </UnitTest>
    <UnitTest name="MakesACallToFCSToDeleteFilesAssociatedWithProjectIdAndFolderPath" storage="d:\v2.0\a1\_work\dbded102\bin\release.anycpu\tfs.service\ms.tf.projectdownload.server.l0.tests\ms.tf.projectdownload.server.l0.tests.dll" id="40f957c5-f3b5-a9ca-7d27-7d90e1d7e84d">
      <Owners>
        <Owner name="vscscodeeng" />
      </Owners>
      <Execution id="c8da7176-9df5-435f-a8a8-d8bff0a49055" />
      <TestMethod codeBase="D:\v2.0\A1\_work\dbded102\bin\Release.AnyCPU\Tfs.Service\MS.TF.ProjectDownload.Server.L0.Tests\MS.TF.ProjectDownload.Server.L0.Tests.dll" adapterTypeName="Microsoft.VisualStudio.TestTools.TestTypes.Unit.UnitTestAdapter" className="MS.TF.ProjectDownload.Server.L0.Tests.Data.FileContainerServiceWrapperTests+DeleteFiles_method" name="MakesACallToFCSToDeleteFilesAssociatedWithProjectIdAndFolderPath" />
    </UnitTest>
    <UnitTest name="BuildContainerUriForProjectArtifacts_ReturnsUriFromProjectId" storage="d:\v2.0\a1\_work\dbded102\bin\release.anycpu\tfs.service\ms.tf.projectdownload.server.l0.tests\ms.tf.projectdownload.server.l0.tests.dll" priority="1" id="31bdeb52-ecb6-e011-baa6-96b12eba1ed4">
      <Owners>
        <Owner name="vscscodeeng" />
      </Owners>
      <Execution id="6a3b4473-2b48-423c-b5e1-c49588a33fcc" />
      <TestMethod codeBase="D:\v2.0\A1\_work\dbded102\bin\Release.AnyCPU\Tfs.Service\MS.TF.ProjectDownload.Server.L0.Tests\MS.TF.ProjectDownload.Server.L0.Tests.dll" adapterTypeName="Microsoft.VisualStudio.TestTools.TestTypes.Unit.UnitTestAdapter" className="MS.TF.ProjectDownload.Server.L0.Tests.Data.FileContainerServiceWrapperTests+BuildContainerUriForProjectArtifacts_method" name="BuildContainerUriForProjectArtifacts_ReturnsUriFromProjectId" />
    </UnitTest>
  </TestDefinitions>
  <TestEntries>
    <TestEntry testId="177dd595-d558-a30f-effd-99dd1a3b5ffa" executionId="a59d5c27-fc6f-41ab-9c10-dc2705973dbf" testListId="8c84fa94-04c1-424b-9868-57a2d4851a1d" />
    <TestEntry testId="e71b76f6-5190-a126-f0da-4fe97aebf028" executionId="702028f7-f25c-4e5a-82d8-a8eb2e216f12" testListId="8c84fa94-04c1-424b-9868-57a2d4851a1d" />
    <TestEntry testId="979fe92e-fc30-069a-a320-56f48bf79364" executionId="4ec72253-6aaf-4da2-a84b-432191ba5386" testListId="8c84fa94-04c1-424b-9868-57a2d4851a1d" />
    <TestEntry testId="34a0a01d-1716-2ac1-cb25-b5bf3d5a1097" executionId="b4e97bc2-f457-48a6-a247-0adeb59c8928" testListId="8c84fa94-04c1-424b-9868-57a2d4851a1d" />
    <TestEntry testId="55471b7d-6911-9e60-ff5c-31f9b2ccedfb" executionId="9eaa675f-0de6-4c7d-90cd-26bf478e2f55" testListId="8c84fa94-04c1-424b-9868-57a2d4851a1d" />
    <TestEntry testId="80696303-b455-ec1b-00cb-752fb88b4bd7" executionId="5ae3db81-e13b-4dc4-8f97-dc5473375ca2" testListId="8c84fa94-04c1-424b-9868-57a2d4851a1d" />
    <TestEntry testId="ce16e557-cb0b-2f2b-51a9-a90ab332cc0c" executionId="0cf874fc-6c0c-457c-8dcc-b0e5ddec2d84" testListId="8c84fa94-04c1-424b-9868-57a2d4851a1d" />
    <TestEntry testId="6e8f23f1-005c-6bf6-f386-8794963408b6" executionId="157ed6c9-7f38-4df8-a053-ff7b521218f5" testListId="8c84fa94-04c1-424b-9868-57a2d4851a1d" />
    <TestEntry testId="b5a67582-dfd4-c5ac-6cfd-72f0b0d261f4" executionId="56d8ec07-8035-49ec-9a15-1d36327070f6" testListId="8c84fa94-04c1-424b-9868-57a2d4851a1d" />
    <TestEntry testId="9eaaf7a0-5df1-a892-00c1-b8aeafa0dc10" executionId="ca868727-eb0f-4542-9ba6-57e99ac756b5" testListId="8c84fa94-04c1-424b-9868-57a2d4851a1d" />
    <TestEntry testId="cf4a8d48-0c60-4774-9183-ef466f85fc28" executionId="8ae53987-6ba7-4e6b-b6ef-bb3b8178580e" testListId="8c84fa94-04c1-424b-9868-57a2d4851a1d" />
    <TestEntry testId="ec49bd4b-8434-8390-3dd9-1e278d34bf44" executionId="e1acc319-aaf5-4d82-b1ff-adc91382eee4" testListId="8c84fa94-04c1-424b-9868-57a2d4851a1d" />
    <TestEntry testId="66c04260-dfc8-47c2-7351-4ff71a8af87d" executionId="dc776dd0-3a56-4bd8-bfe4-5bfada90a09c" testListId="8c84fa94-04c1-424b-9868-57a2d4851a1d" />
    <TestEntry testId="f4f9493c-da6b-48de-2ae9-08dd6c105dc2" executionId="d584afa9-8eaa-4605-b51c-be2765d008e3" testListId="8c84fa94-04c1-424b-9868-57a2d4851a1d" />
    <TestEntry testId="94f4c786-8701-a9e7-67dc-2a080929f90c" executionId="88499ad8-32e4-46c1-a1d0-e633304bad3c" testListId="8c84fa94-04c1-424b-9868-57a2d4851a1d" />
    <TestEntry testId="3a617460-547e-6a73-7967-3e3386f0778c" executionId="c43d7119-a8f2-47f0-a3d8-409af4d70e17" testListId="8c84fa94-04c1-424b-9868-57a2d4851a1d" />
    <TestEntry testId="818ba601-852f-c6b8-a553-e8076f9a228f" executionId="edc224b4-3db8-4a4b-aff0-b226a879d7de" testListId="8c84fa94-04c1-424b-9868-57a2d4851a1d" />
    <TestEntry testId="286c9f2c-3244-ee32-0b68-93077914f380" executionId="c07621f0-dda7-473a-8682-f75fb158b63d" testListId="8c84fa94-04c1-424b-9868-57a2d4851a1d" />
    <TestEntry testId="22105fd1-b0e7-1c3e-aba3-4eb19b3d972e" executionId="98da6c83-e2dd-405d-9155-2f5dec8534ab" testListId="8c84fa94-04c1-424b-9868-57a2d4851a1d" />
    <TestEntry testId="36458696-6fd1-0981-a1b2-1a1ae3556d36" executionId="a1c4e2cc-3618-4836-a7b1-1bb80d56f786" testListId="8c84fa94-04c1-424b-9868-57a2d4851a1d" />
    <TestEntry testId="d132313f-7f89-feee-5f0b-1fe8da894bbf" executionId="87b123c5-9192-401c-ba5f-af3b9a90c6bd" testListId="8c84fa94-04c1-424b-9868-57a2d4851a1d" />
    <TestEntry testId="9c6ffc24-fc47-b93d-94bf-e79ab3362895" executionId="8f1d3fc6-458d-4e9c-a6f8-b3e33376ebee" testListId="8c84fa94-04c1-424b-9868-57a2d4851a1d" />
    <TestEntry testId="58a381f9-0f2a-48cd-08a1-5ee3458ed5fd" executionId="83edd76a-5ce5-4e1b-9d8c-4e233e8a7f50" testListId="8c84fa94-04c1-424b-9868-57a2d4851a1d" />
    <TestEntry testId="7216f862-7cfb-84e6-008c-b20883c32453" executionId="5ffbfa77-bd55-417c-8c13-1a3c5f4b4fb7" testListId="8c84fa94-04c1-424b-9868-57a2d4851a1d" />
    <TestEntry testId="3b9dde5f-2fd4-275d-f3e4-4083bdc432b0" executionId="cc7ddeac-2966-4d29-a2fb-37531952ea53" testListId="8c84fa94-04c1-424b-9868-57a2d4851a1d" />
    <TestEntry testId="dcabddf4-24fd-8347-5c8a-dd6fc49f7052" executionId="5622164a-401b-4225-82bb-b2b429ccd39f" testListId="8c84fa94-04c1-424b-9868-57a2d4851a1d" />
    <TestEntry testId="0541eaf6-28c9-e3f0-cabe-f437786be457" executionId="e8674a20-6ded-48d0-921e-af2bffafd4b1" testListId="8c84fa94-04c1-424b-9868-57a2d4851a1d" />
    <TestEntry testId="59a27e0b-1e1f-664e-5938-cae6f36aec22" executionId="560e212c-6e78-4c8e-922c-29bedaa9aa38" testListId="8c84fa94-04c1-424b-9868-57a2d4851a1d" />
    <TestEntry testId="4212c0f4-005b-84d6-f907-57c6ade6ffd3" executionId="ff98a955-1dd4-45e9-9d1d-742391705471" testListId="8c84fa94-04c1-424b-9868-57a2d4851a1d" />
    <TestEntry testId="e586359c-6e0e-3abb-78cf-b5b231b33a9e" executionId="9a3344c0-62b9-4078-8532-57c17d09c5ab" testListId="8c84fa94-04c1-424b-9868-57a2d4851a1d" />
    <TestEntry testId="a055e69c-9c66-a2a4-f89e-0acf8a013a5f" executionId="1fc3edb1-e42e-4975-b81c-0dcf1688120e" testListId="8c84fa94-04c1-424b-9868-57a2d4851a1d" />
    <TestEntry testId="2acd6c0e-95da-bdd0-62e8-1d410f1abf05" executionId="0cbe25ba-25b4-4219-ac8e-232d82af2b10" testListId="8c84fa94-04c1-424b-9868-57a2d4851a1d" />
    <TestEntry testId="866c5787-ee31-3b4e-6a35-8ae7baca1e76" executionId="9c5c80f2-4a0c-418a-b840-75faef84eef5" testListId="8c84fa94-04c1-424b-9868-57a2d4851a1d" />
    <TestEntry testId="090d2851-9b57-bd5c-e821-21ec8dda1ac4" executionId="af9af1bf-6402-4bcf-b2f3-d4f81149e5f5" testListId="8c84fa94-04c1-424b-9868-57a2d4851a1d" />
    <TestEntry testId="2bd32f9f-f980-3a9b-6814-fbf0ce4795e0" executionId="8a4e05a3-3cec-485d-8760-def79f0c4c21" testListId="8c84fa94-04c1-424b-9868-57a2d4851a1d" />
    <TestEntry testId="b9653d66-bea5-d740-e97a-580aaf03b6e5" executionId="abeea29f-2afb-412e-b191-e7541f461896" testListId="8c84fa94-04c1-424b-9868-57a2d4851a1d" />
    <TestEntry testId="a83a7cae-98bd-cc60-33f8-c219b0d97291" executionId="f3e59248-044c-4a6a-aea3-524d7cf0efb4" testListId="8c84fa94-04c1-424b-9868-57a2d4851a1d" />
    <TestEntry testId="232e0547-e2cc-23fa-d7e3-420db48f3e72" executionId="5d916c7b-f49d-4a19-a34c-c70f60d6752a" testListId="8c84fa94-04c1-424b-9868-57a2d4851a1d" />
    <TestEntry testId="2a29584d-7698-9163-6805-4993f0e701d7" executionId="2581c4d3-f40a-4733-8fbf-4b5811cdecc5" testListId="8c84fa94-04c1-424b-9868-57a2d4851a1d" />
    <TestEntry testId="d2fa3e31-d2b2-0d16-d546-5c57478f6bfb" executionId="99d54718-41e0-4de1-bfbf-d0c4ed2fbe92" testListId="8c84fa94-04c1-424b-9868-57a2d4851a1d" />
    <TestEntry testId="bb9807b2-22a7-8c9f-feba-87d592b47b9c" executionId="dbbce361-6565-445a-af62-1fcd54051255" testListId="8c84fa94-04c1-424b-9868-57a2d4851a1d" />
    <TestEntry testId="b0f9cc07-0af3-5e0d-6d55-b9222659bc80" executionId="066599ce-9551-42e6-b297-4635ae445a33" testListId="8c84fa94-04c1-424b-9868-57a2d4851a1d" />
    <TestEntry testId="942f7050-a0fd-0ccc-7917-fa80e9dbfa73" executionId="caf8a27f-238a-476b-8342-6a9283581ff4" testListId="8c84fa94-04c1-424b-9868-57a2d4851a1d" />
    <TestEntry testId="35c05194-5414-0c81-146e-8376a184a048" executionId="15c18466-1d8e-4187-b5bf-93eac144b927" testListId="8c84fa94-04c1-424b-9868-57a2d4851a1d" />
    <TestEntry testId="2557dfff-9950-43f8-35ee-fdea21531c12" executionId="28275f1a-5fe0-4685-a2ae-84518324c35c" testListId="8c84fa94-04c1-424b-9868-57a2d4851a1d" />
    <TestEntry testId="8d6f48b3-46f2-ef2a-9bf1-b1d201b89d5d" executionId="0e9b62af-ddf8-4036-9c61-607e13845b44" testListId="8c84fa94-04c1-424b-9868-57a2d4851a1d" />
    <TestEntry testId="d9ac704b-5b94-7977-6717-8234930995dd" executionId="74e98378-fac9-4015-8d97-dd6cadcc8e58" testListId="8c84fa94-04c1-424b-9868-57a2d4851a1d" />
    <TestEntry testId="22e622a7-d22f-4673-5269-d8c7f5dd393c" executionId="d2a78586-e573-40a2-95f7-ae554ff0e7f6" testListId="8c84fa94-04c1-424b-9868-57a2d4851a1d" />
    <TestEntry testId="7bee35c2-0592-3ec2-42ff-f27786c2b0ad" executionId="8ee3936d-a16d-43d0-a719-cf1a3aea19cc" testListId="8c84fa94-04c1-424b-9868-57a2d4851a1d" />
    <TestEntry testId="b57ad4fd-fc3a-b1f3-ac84-f433966fbf5a" executionId="9791df1b-a350-4a38-8270-0309d786ccc5" testListId="8c84fa94-04c1-424b-9868-57a2d4851a1d" />
    <TestEntry testId="10469924-407c-9181-d4cf-ca4a2cf109b0" executionId="ad899553-ca52-4cf8-b28e-35bf80ef1bef" testListId="8c84fa94-04c1-424b-9868-57a2d4851a1d" />
    <TestEntry testId="e7ec481b-94fb-95be-4976-2e65d6acde73" executionId="552e6e27-d485-43c3-bfd8-e07fc4c19e9a" testListId="8c84fa94-04c1-424b-9868-57a2d4851a1d" />
    <TestEntry testId="058dd525-7313-663d-26d2-8ca632f99f33" executionId="dc41c118-2070-43f0-8b37-77ece8244361" testListId="8c84fa94-04c1-424b-9868-57a2d4851a1d" />
    <TestEntry testId="40f957c5-f3b5-a9ca-7d27-7d90e1d7e84d" executionId="c8da7176-9df5-435f-a8a8-d8bff0a49055" testListId="8c84fa94-04c1-424b-9868-57a2d4851a1d" />
    <TestEntry testId="31bdeb52-ecb6-e011-baa6-96b12eba1ed4" executionId="6a3b4473-2b48-423c-b5e1-c49588a33fcc" testListId="8c84fa94-04c1-424b-9868-57a2d4851a1d" />
  </TestEntries>
  <TestLists>
    <TestList name="Results Not in a List" id="8c84fa94-04c1-424b-9868-57a2d4851a1d" />
    <TestList name="All Loaded Results" id="19431567-8539-422a-85d7-44ee4e166bda" />
  </TestLists>
  <ResultSummary outcome="Completed">
    <Counters total="55" executed="54" passed="54" failed="0" error="0" timeout="0" aborted="0" inconclusive="0" passedButRunAborted="0" notRunnable="0" notExecuted="0" disconnected="0" warning="0" completed="0" inProgress="0" pending="0" />
    <Output>
      <StdOut>Test 'GetFileContainerDownloadUrlTests_QueryString_SetsFileNameURLEncodedWithUnicode' was skipped in the test run.</StdOut>
    </Output>
  </ResultSummary>
</TestRun>