<?xml version="1.0" encoding="UTF-8"?>
<TestRun id="7ff74d66-ba15-4e5a-9170-7471ab6dc6e1" name="tfsmladm@TFSBUILD11 2015-09-28 09:46:06" runUser="REDMOND\tfsmladm" xmlns="http://microsoft.com/schemas/VisualStudio/TeamTest/2010">
  <Times creation="2015-09-28T09:46:06.2180813-07:00" queuing="2015-09-28T09:46:06.2180813-07:00" start="2015-09-28T09:46:06.2230833-07:00" finish="2015-09-28T09:46:11.5299860-07:00" />
  <TestSettings name="default" id="d16120ad-6ba8-4562-87b9-e2692e8bf39d">
    <Execution>
      <TestTypeSpecific />
    </Execution>
    <Deployment runDeploymentRoot="tfsmladm_TFSBUILD11 2015-09-28 09_46_06" />
    <Properties />
  </TestSettings>
  <Results>
    <UnitTestResult executionId="78b525b3-01b0-4d58-bb07-64bdf7548eea" testId="c14a5fcd-813f-46a2-b619-889c1af6ff9e" testName="VSSTests.TFS.Core.StringUtils testToSentenceCase" computerName="TFSBUILD11" duration="00:00:00.0210000" startTime="2015-09-28T09:46:06.2620989-07:00" endTime="2015-09-28T09:46:06.2620989-07:00" testType="13cdc9d9-ddb5-4fa4-a97d-d965ccfc6d4b" outcome="Passed" testListId="8c84fa94-04c1-424b-9868-57a2d4851a1d" relativeResultsDirectory="78b525b3-01b0-4d58-bb07-64bdf7548eea" />
    <UnitTestResult executionId="c802279e-2a3b-4d2a-8d1e-644c0bdb4bea" testId="2b166ff5-4008-4755-a7db-6b7e2e2dc44c" testName="VSSTests.TFS.Core.PathUtils testCombinePaths" computerName="TFSBUILD11" duration="00:00:00.0140000" startTime="2015-09-28T09:46:06.2721032-07:00" endTime="2015-09-28T09:46:06.2721032-07:00" testType="13cdc9d9-ddb5-4fa4-a97d-d965ccfc6d4b" outcome="Passed" testListId="8c84fa94-04c1-424b-9868-57a2d4851a1d" relativeResultsDirectory="c802279e-2a3b-4d2a-8d1e-644c0bdb4bea" />
    <UnitTestResult executionId="557d6d17-6522-4e77-b03d-f6d22aa375b9" testId="b648fa1b-6b9c-42d6-a581-bcee42aff9aa" testName="VSSTests.TFS.Core.DateUtils testParseDateString" computerName="TFSBUILD11" duration="00:00:00.0170000" startTime="2015-09-28T09:46:06.2721032-07:00" endTime="2015-09-28T09:46:06.2721032-07:00" testType="13cdc9d9-ddb5-4fa4-a97d-d965ccfc6d4b" outcome="Passed" testListId="8c84fa94-04c1-424b-9868-57a2d4851a1d" relativeResultsDirectory="557d6d17-6522-4e77-b03d-f6d22aa375b9" />
    <UnitTestResult executionId="7d2ab6af-aa6b-4e3e-b1b4-71f24b3dd118" testId="108cb8de-e4a7-45a9-8e8f-53c02fa003b7" testName="VSSTests.TFS.Core.DateUtils testLocaleFormat" computerName="TFSBUILD11" duration="00:00:00.0150000" startTime="2015-09-28T09:46:06.2721032-07:00" endTime="2015-09-28T09:46:06.2721032-07:00" testType="13cdc9d9-ddb5-4fa4-a97d-d965ccfc6d4b" outcome="Passed" testListId="8c84fa94-04c1-424b-9868-57a2d4851a1d" relativeResultsDirectory="7d2ab6af-aa6b-4e3e-b1b4-71f24b3dd118" />
    <UnitTestResult executionId="17d1f2d0-f68e-4d5f-b6eb-5a2d19c3ff4d" testId="94ec994b-e9f0-45ac-936d-b8dbb77b54d3" testName="VSSTests.TFS.Core.DateUtils testParseDateStringWithTimeZone" computerName="TFSBUILD11" duration="00:00:00.0170000" startTime="2015-09-28T09:46:06.2721032-07:00" endTime="2015-09-28T09:46:06.2721032-07:00" testType="13cdc9d9-ddb5-4fa4-a97d-d965ccfc6d4b" outcome="Passed" testListId="8c84fa94-04c1-424b-9868-57a2d4851a1d" relativeResultsDirectory="17d1f2d0-f68e-4d5f-b6eb-5a2d19c3ff4d" />
    <UnitTestResult executionId="9775d9d2-9b57-4220-bc74-19cb073ffa11" testId="4e655a91-0e48-4832-8fe7-71de8981c517" testName="VSSTests.TFS.Core.DateUtils testlocaleFormatWithTimeZone" computerName="TFSBUILD11" duration="00:00:00.0180000" startTime="2015-09-28T09:46:06.2721032-07:00" endTime="2015-09-28T09:46:06.2721032-07:00" testType="13cdc9d9-ddb5-4fa4-a97d-d965ccfc6d4b" outcome="Passed" testListId="8c84fa94-04c1-424b-9868-57a2d4851a1d" relativeResultsDirectory="9775d9d2-9b57-4220-bc74-19cb073ffa11" />
    <UnitTestResult executionId="a1a52920-b505-4ddf-a06c-19c682dfe578" testId="b6b8d296-8165-47d7-81cf-476849f1503c" testName="VSSTests.TFS.Core.ParseIntArrayTests testParseIntArray" computerName="TFSBUILD11" duration="00:00:00.0160000" startTime="2015-09-28T09:46:06.2721032-07:00" endTime="2015-09-28T09:46:06.2721032-07:00" testType="13cdc9d9-ddb5-4fa4-a97d-d965ccfc6d4b" outcome="Passed" testListId="8c84fa94-04c1-424b-9868-57a2d4851a1d" relativeResultsDirectory="a1a52920-b505-4ddf-a06c-19c682dfe578" />
    <UnitTestResult executionId="5bbe1a52-9ae2-4cdc-b16b-c04f7e53f981" testId="191933a1-100b-4edb-9fed-7b78648872d8" testName="VSSTests.TFS.Core.ParseIntArrayTests testParseIntArrayInvalidInput" computerName="TFSBUILD11" duration="00:00:00.0140000" startTime="2015-09-28T09:46:06.2731030-07:00" endTime="2015-09-28T09:46:06.2731030-07:00" testType="13cdc9d9-ddb5-4fa4-a97d-d965ccfc6d4b" outcome="Passed" testListId="8c84fa94-04c1-424b-9868-57a2d4851a1d" relativeResultsDirectory="5bbe1a52-9ae2-4cdc-b16b-c04f7e53f981" />
    <UnitTestResult executionId="e3603801-757e-4f81-ab97-50a13be5ac35" testId="50df0932-02a9-4f56-a1bb-9ed0880862be" testName="VSSTests.TFS.Host.UrlHelper testReplaceUrlNoParamExist" computerName="TFSBUILD11" duration="00:00:00.0140000" startTime="2015-09-28T09:46:06.2731030-07:00" endTime="2015-09-28T09:46:06.2731030-07:00" testType="13cdc9d9-ddb5-4fa4-a97d-d965ccfc6d4b" outcome="Passed" testListId="8c84fa94-04c1-424b-9868-57a2d4851a1d" relativeResultsDirectory="e3603801-757e-4f81-ab97-50a13be5ac35" />
    <UnitTestResult executionId="462a6136-45ce-4553-8053-0a626d452c0a" testId="14d56145-5020-4fa2-a059-abfd0e1ee131" testName="VSSTests.TFS.Host.UrlHelper testReplaceUrlParamDoesNotExist" computerName="TFSBUILD11" duration="00:00:00.0130000" startTime="2015-09-28T09:46:06.4080881-07:00" endTime="2015-09-28T09:46:06.4080881-07:00" testType="13cdc9d9-ddb5-4fa4-a97d-d965ccfc6d4b" outcome="Passed" testListId="8c84fa94-04c1-424b-9868-57a2d4851a1d" relativeResultsDirectory="462a6136-45ce-4553-8053-0a626d452c0a" />
    <UnitTestResult executionId="52200547-276b-4493-8562-4c7f9df1bdd6" testId="b3cad86c-8587-4e3b-8f62-e7fdc347cdbc" testName="VSSTests.TFS.Host.UrlHelper testReplaceUrlParamIsTheOnlyParam" computerName="TFSBUILD11" duration="00:00:00.0140000" startTime="2015-09-28T09:46:06.4080881-07:00" endTime="2015-09-28T09:46:06.4080881-07:00" testType="13cdc9d9-ddb5-4fa4-a97d-d965ccfc6d4b" outcome="Passed" testListId="8c84fa94-04c1-424b-9868-57a2d4851a1d" relativeResultsDirectory="52200547-276b-4493-8562-4c7f9df1bdd6" />
    <UnitTestResult executionId="f863e750-02cd-4aba-9c71-97e4906ed86f" testId="e5a07dae-1858-4ad9-8817-08abc216e23a" testName="VSSTests.TFS.Host.UrlHelper testReplaceUrlParamIsTheOnlyParamWithSameValue" computerName="TFSBUILD11" duration="00:00:00.0130000" startTime="2015-09-28T09:46:06.4080881-07:00" endTime="2015-09-28T09:46:06.4080881-07:00" testType="13cdc9d9-ddb5-4fa4-a97d-d965ccfc6d4b" outcome="Passed" testListId="8c84fa94-04c1-424b-9868-57a2d4851a1d" relativeResultsDirectory="f863e750-02cd-4aba-9c71-97e4906ed86f" />
    <UnitTestResult executionId="048da0f3-1d83-4229-9bee-8617c1a9fb11" testId="943f6e92-ced2-46f8-96e0-a05c8d421fc2" testName="VSSTests.TFS.Host.UrlHelper testReplaceUrlParamIsTheFirstParam" computerName="TFSBUILD11" duration="00:00:00.0360000" startTime="2015-09-28T09:46:06.4080881-07:00" endTime="2015-09-28T09:46:06.4080881-07:00" testType="13cdc9d9-ddb5-4fa4-a97d-d965ccfc6d4b" outcome="Passed" testListId="8c84fa94-04c1-424b-9868-57a2d4851a1d" relativeResultsDirectory="048da0f3-1d83-4229-9bee-8617c1a9fb11" />
    <UnitTestResult executionId="95122306-61b7-4b84-9ffa-8ecffc42043e" testId="b347591c-1d71-49e2-bfb8-cd069df94287" testName="VSSTests.TFS.Host.UrlHelper testReplaceUrlParamIsTheLastParam" computerName="TFSBUILD11" duration="00:00:00.0140000" startTime="2015-09-28T09:46:06.4080881-07:00" endTime="2015-09-28T09:46:06.4080881-07:00" testType="13cdc9d9-ddb5-4fa4-a97d-d965ccfc6d4b" outcome="Passed" testListId="8c84fa94-04c1-424b-9868-57a2d4851a1d" relativeResultsDirectory="95122306-61b7-4b84-9ffa-8ecffc42043e" />
    <UnitTestResult executionId="748ef5dc-902b-4bde-b5db-a2b55c2a19c3" testId="a87689a6-9b7a-4fe6-a9f1-be789b0de1f1" testName="VSSTests.Search trieFunctionality" computerName="TFSBUILD11" duration="00:00:00.0690000" startTime="2015-09-28T09:46:06.4090887-07:00" endTime="2015-09-28T09:46:06.4090887-07:00" testType="13cdc9d9-ddb5-4fa4-a97d-d965ccfc6d4b" outcome="Passed" testListId="8c84fa94-04c1-424b-9868-57a2d4851a1d" relativeResultsDirectory="748ef5dc-902b-4bde-b5db-a2b55c2a19c3" />
    <UnitTestResult executionId="6a764092-4e9c-4baf-ac68-d53a176ecabc" testId="458f3ef2-d424-4ef9-870b-34ffcc31490b" testName="VSSTests.Search checkIndexAdded" computerName="TFSBUILD11" duration="00:00:00.0190000" startTime="2015-09-28T09:46:06.4090887-07:00" endTime="2015-09-28T09:46:06.4090887-07:00" testType="13cdc9d9-ddb5-4fa4-a97d-d965ccfc6d4b" outcome="Passed" testListId="8c84fa94-04c1-424b-9868-57a2d4851a1d" relativeResultsDirectory="6a764092-4e9c-4baf-ac68-d53a176ecabc" />
    <UnitTestResult executionId="11d1fd08-be26-4362-b4b1-da426f8164ac" testId="591131a2-dabb-4351-b7ec-a0490d09ae9b" testName="VSSTests.Search checkIndexAddedNoSymbols" computerName="TFSBUILD11" duration="00:00:00.0140000" startTime="2015-09-28T09:46:06.4090887-07:00" endTime="2015-09-28T09:46:06.4090887-07:00" testType="13cdc9d9-ddb5-4fa4-a97d-d965ccfc6d4b" outcome="Passed" testListId="8c84fa94-04c1-424b-9868-57a2d4851a1d" relativeResultsDirectory="11d1fd08-be26-4362-b4b1-da426f8164ac" />
    <UnitTestResult executionId="c1312a3d-e100-481c-88ed-8a0098ade39a" testId="38b9c10d-8d70-4488-aec7-bab71539e64f" testName="VSSTests.Search checkIndexAddedTwoRounds" computerName="TFSBUILD11" duration="00:00:00.0170000" startTime="2015-09-28T09:46:06.4090887-07:00" endTime="2015-09-28T09:46:06.4090887-07:00" testType="13cdc9d9-ddb5-4fa4-a97d-d965ccfc6d4b" outcome="Passed" testListId="8c84fa94-04c1-424b-9868-57a2d4851a1d" relativeResultsDirectory="c1312a3d-e100-481c-88ed-8a0098ade39a" />
    <UnitTestResult executionId="1e4dcdcc-c683-4db2-93a9-18b6257e042a" testId="f60c73b4-2ae8-40fd-b3c6-eb9e8d08d539" testName="VSSTests.Search checkIndexAddedEmpty" computerName="TFSBUILD11" duration="00:00:00.0140000" startTime="2015-09-28T09:46:06.5402518-07:00" endTime="2015-09-28T09:46:06.5402518-07:00" testType="13cdc9d9-ddb5-4fa4-a97d-d965ccfc6d4b" outcome="Passed" testListId="8c84fa94-04c1-424b-9868-57a2d4851a1d" relativeResultsDirectory="1e4dcdcc-c683-4db2-93a9-18b6257e042a" />
    <UnitTestResult executionId="d11ff47e-4f52-4cd1-8572-ab27fb0f618b" testId="80eeb312-24bf-447b-a25a-0d8fb3314544" testName="VSSTests.Search checkIndexAddedNull" computerName="TFSBUILD11" duration="00:00:00.0140000" startTime="2015-09-28T09:46:06.5402518-07:00" endTime="2015-09-28T09:46:06.5402518-07:00" testType="13cdc9d9-ddb5-4fa4-a97d-d965ccfc6d4b" outcome="Passed" testListId="8c84fa94-04c1-424b-9868-57a2d4851a1d" relativeResultsDirectory="d11ff47e-4f52-4cd1-8572-ab27fb0f618b" />
    <UnitTestResult executionId="eada2fc8-ff88-449c-9b0d-44192c05b1be" testId="12f573ba-6818-4e5d-9933-0fe0e3ddfa71" testName="VSSTests.Search indexSizeRegressionTest" computerName="TFSBUILD11" duration="00:00:00.0140000" startTime="2015-09-28T09:46:06.5402518-07:00" endTime="2015-09-28T09:46:06.5402518-07:00" testType="13cdc9d9-ddb5-4fa4-a97d-d965ccfc6d4b" outcome="Passed" testListId="8c84fa94-04c1-424b-9868-57a2d4851a1d" relativeResultsDirectory="eada2fc8-ff88-449c-9b0d-44192c05b1be" />
    <UnitTestResult executionId="9c20f950-3fbe-4a10-a66c-b967f61d6e3a" testId="18a6bfb9-1c81-4f08-8928-5ab7aa0ad4e8" testName="VSSTests.Search SearchStrategy_verifySpecialCharacterIndexing_matchWithSingleCharacter" computerName="TFSBUILD11" duration="00:00:00.0150000" startTime="2015-09-28T09:46:06.5402518-07:00" endTime="2015-09-28T09:46:06.5402518-07:00" testType="13cdc9d9-ddb5-4fa4-a97d-d965ccfc6d4b" outcome="Passed" testListId="8c84fa94-04c1-424b-9868-57a2d4851a1d" relativeResultsDirectory="9c20f950-3fbe-4a10-a66c-b967f61d6e3a" />
    <UnitTestResult executionId="a4d89697-c166-46f7-8931-6acf6c025322" testId="3fb28ef8-d34e-4b6f-aaae-ff3409f8e3a4" testName="VSSTests.Search SearchStrategy_verifySpecialCharacterIndexing_matchWithMultipleCharacters" computerName="TFSBUILD11" duration="00:00:00.0140000" startTime="2015-09-28T09:46:06.5402518-07:00" endTime="2015-09-28T09:46:06.5402518-07:00" testType="13cdc9d9-ddb5-4fa4-a97d-d965ccfc6d4b" outcome="Passed" testListId="8c84fa94-04c1-424b-9868-57a2d4851a1d" relativeResultsDirectory="a4d89697-c166-46f7-8931-6acf6c025322" />
    <UnitTestResult executionId="a6e39107-d234-4978-817e-489df251199b" testId="898f3cd0-b233-4dec-b106-6c845eb31b6b" testName="VSSTests.Search SearchStrategy_verifySpecialCharacterIndexing_matchOnMultipleTerms" computerName="TFSBUILD11" duration="00:00:00.0150000" startTime="2015-09-28T09:46:06.5402518-07:00" endTime="2015-09-28T09:46:06.5402518-07:00" testType="13cdc9d9-ddb5-4fa4-a97d-d965ccfc6d4b" outcome="Passed" testListId="8c84fa94-04c1-424b-9868-57a2d4851a1d" relativeResultsDirectory="a6e39107-d234-4978-817e-489df251199b" />
    <UnitTestResult executionId="6b79f96c-b74c-4f4b-80c3-afe5c9434c27" testId="20fdb94e-37a3-4fcf-b201-7bfb64fda387" testName="VSSTests.Search SearchStrategy_verifySpecialCharacterIndexing_matchWithMultipleResults" computerName="TFSBUILD11" duration="00:00:00.0150000" startTime="2015-09-28T09:46:06.5412520-07:00" endTime="2015-09-28T09:46:06.5412520-07:00" testType="13cdc9d9-ddb5-4fa4-a97d-d965ccfc6d4b" outcome="Passed" testListId="8c84fa94-04c1-424b-9868-57a2d4851a1d" relativeResultsDirectory="6b79f96c-b74c-4f4b-80c3-afe5c9434c27" />
    <UnitTestResult executionId="eca3f063-1f11-4e0c-a1b5-3d29725eb277" testId="536bb86b-0672-4465-b3aa-18588d0d59d8" testName="VSSTests.Search SearchStrategy_verifySpecialCharacterIndexing_matchWithSearchOnSpecialCharacters" computerName="TFSBUILD11" duration="00:00:00.0150000" startTime="2015-09-28T09:46:06.5412520-07:00" endTime="2015-09-28T09:46:06.5412520-07:00" testType="13cdc9d9-ddb5-4fa4-a97d-d965ccfc6d4b" outcome="Passed" testListId="8c84fa94-04c1-424b-9868-57a2d4851a1d" relativeResultsDirectory="eca3f063-1f11-4e0c-a1b5-3d29725eb277" />
    <UnitTestResult executionId="48e23e54-6187-41b6-ad98-6ac9b37497b5" testId="9e3f91fd-e82a-4b67-a00d-f9940604f988" testName="VSSTests.Search SearchStrategy_verifySpecialCharacterIndexing_noMatches" computerName="TFSBUILD11" duration="00:00:00.0140000" startTime="2015-09-28T09:46:06.5412520-07:00" endTime="2015-09-28T09:46:06.5412520-07:00" testType="13cdc9d9-ddb5-4fa4-a97d-d965ccfc6d4b" outcome="Passed" testListId="8c84fa94-04c1-424b-9868-57a2d4851a1d" relativeResultsDirectory="48e23e54-6187-41b6-ad98-6ac9b37497b5" />
    <UnitTestResult executionId="f6ed8729-3573-4c44-b9e2-51aa99a580ea" testId="42479bd1-c897-4e1d-a0a2-3c5ac6d2a20d" testName="VSSTests.Search SearchStrategy_verifySpecialCharacterIndexing_emptySpecialCharacters_shouldntAffectResults" computerName="TFSBUILD11" duration="00:00:00.0140000" startTime="2015-09-28T09:46:07.8861864-07:00" endTime="2015-09-28T09:46:07.8861864-07:00" testType="13cdc9d9-ddb5-4fa4-a97d-d965ccfc6d4b" outcome="Passed" testListId="8c84fa94-04c1-424b-9868-57a2d4851a1d" relativeResultsDirectory="f6ed8729-3573-4c44-b9e2-51aa99a580ea" />
    <UnitTestResult executionId="2873bf51-77b2-4516-94a1-b9be48faa375" testId="1859cb2e-78ca-4941-afe9-abbf9b436939" testName="VSSTests.Search checkResultsCorrectSingleWord" computerName="TFSBUILD11" duration="00:00:01.2080000" startTime="2015-09-28T09:46:07.8861864-07:00" endTime="2015-09-28T09:46:07.8861864-07:00" testType="13cdc9d9-ddb5-4fa4-a97d-d965ccfc6d4b" outcome="Passed" testListId="8c84fa94-04c1-424b-9868-57a2d4851a1d" relativeResultsDirectory="2873bf51-77b2-4516-94a1-b9be48faa375" />
    <UnitTestResult executionId="7ebf979d-b2d0-462d-8614-3f838ecb0be7" testId="e22a4543-5375-4aca-b573-6d367aa1adf2" testName="VSSTests.Search checkResultsCorrectPartialWord" computerName="TFSBUILD11" duration="00:00:00.0180000" startTime="2015-09-28T09:46:07.8861864-07:00" endTime="2015-09-28T09:46:07.8861864-07:00" testType="13cdc9d9-ddb5-4fa4-a97d-d965ccfc6d4b" outcome="Passed" testListId="8c84fa94-04c1-424b-9868-57a2d4851a1d" relativeResultsDirectory="7ebf979d-b2d0-462d-8614-3f838ecb0be7" />
    <UnitTestResult executionId="a3c0cc75-5ffd-4239-922a-537c33c4f53d" testId="927fd39b-d343-4d73-8761-238c9afd9478" testName="VSSTests.Search checkResultsCorrectMultipleWords" computerName="TFSBUILD11" duration="00:00:00.0160000" startTime="2015-09-28T09:46:07.8861864-07:00" endTime="2015-09-28T09:46:07.8861864-07:00" testType="13cdc9d9-ddb5-4fa4-a97d-d965ccfc6d4b" outcome="Passed" testListId="8c84fa94-04c1-424b-9868-57a2d4851a1d" relativeResultsDirectory="a3c0cc75-5ffd-4239-922a-537c33c4f53d" />
    <UnitTestResult executionId="e7c384f4-912e-4e45-ada6-2419e237dfe3" testId="aac9037d-70b0-44a9-b327-510b3534f2a5" testName="VSSTests.Search checkResultsCorrectSymbols" computerName="TFSBUILD11" duration="00:00:00.0160000" startTime="2015-09-28T09:46:07.8871885-07:00" endTime="2015-09-28T09:46:07.8871885-07:00" testType="13cdc9d9-ddb5-4fa4-a97d-d965ccfc6d4b" outcome="Passed" testListId="8c84fa94-04c1-424b-9868-57a2d4851a1d" relativeResultsDirectory="e7c384f4-912e-4e45-ada6-2419e237dfe3" />
    <UnitTestResult executionId="f8cda26e-fe96-4650-907f-ba7e6173da97" testId="a9c2de25-9a0b-4396-84c1-5045f380bc28" testName="VSSTests.Search checkResultsAreCorrectWhenUsingSlashes" computerName="TFSBUILD11" duration="00:00:00.0180000" startTime="2015-09-28T09:46:07.8871885-07:00" endTime="2015-09-28T09:46:07.8871885-07:00" testType="13cdc9d9-ddb5-4fa4-a97d-d965ccfc6d4b" outcome="Passed" testListId="8c84fa94-04c1-424b-9868-57a2d4851a1d" relativeResultsDirectory="f8cda26e-fe96-4650-907f-ba7e6173da97" />
    <UnitTestResult executionId="4193f99b-63d9-4e65-be96-e1585849d684" testId="a634a281-967d-4e9e-ae41-2aa549af8078" testName="VSSTests.Search checkResultsCorrectEmptyString" computerName="TFSBUILD11" duration="00:00:00.0190000" startTime="2015-09-28T09:46:07.8871885-07:00" endTime="2015-09-28T09:46:07.8871885-07:00" testType="13cdc9d9-ddb5-4fa4-a97d-d965ccfc6d4b" outcome="Passed" testListId="8c84fa94-04c1-424b-9868-57a2d4851a1d" relativeResultsDirectory="4193f99b-63d9-4e65-be96-e1585849d684" />
    <UnitTestResult executionId="c48d676b-72ec-404c-b634-814dd7773906" testId="db239fa6-4b4d-41dc-b7cb-4e1bcd406cf9" testName="VSSTests.Search checkResultsCorrectNull" computerName="TFSBUILD11" duration="00:00:00.0160000" startTime="2015-09-28T09:46:07.8871885-07:00" endTime="2015-09-28T09:46:07.8871885-07:00" testType="13cdc9d9-ddb5-4fa4-a97d-d965ccfc6d4b" outcome="Passed" testListId="8c84fa94-04c1-424b-9868-57a2d4851a1d" relativeResultsDirectory="c48d676b-72ec-404c-b634-814dd7773906" />
    <UnitTestResult executionId="56ca515c-ebc7-4681-a99a-8e747d30e303" testId="1fe09535-cf29-491c-a83f-8726139c0057" testName="VSSTests.Search tokenizerWorksProperlyWithCustomDelimiters" computerName="TFSBUILD11" duration="00:00:00.0150000" startTime="2015-09-28T09:46:07.8871885-07:00" endTime="2015-09-28T09:46:07.8871885-07:00" testType="13cdc9d9-ddb5-4fa4-a97d-d965ccfc6d4b" outcome="Passed" testListId="8c84fa94-04c1-424b-9868-57a2d4851a1d" relativeResultsDirectory="56ca515c-ebc7-4681-a99a-8e747d30e303" />
    <UnitTestResult executionId="d1213c01-f160-4d4e-8da7-011b3b1f14e1" testId="d629fa03-5a30-4954-99a2-01deabfca244" testName="VSSTests.Search tokenizerWorksProperlyWithCustomRegularExpressionDelimiter" computerName="TFSBUILD11" duration="00:00:00.0150000" startTime="2015-09-28T09:46:08.0326680-07:00" endTime="2015-09-28T09:46:08.0326680-07:00" testType="13cdc9d9-ddb5-4fa4-a97d-d965ccfc6d4b" outcome="Passed" testListId="8c84fa94-04c1-424b-9868-57a2d4851a1d" relativeResultsDirectory="d1213c01-f160-4d4e-8da7-011b3b1f14e1" />
    <UnitTestResult executionId="02f4a945-17a0-4c23-90b0-6d5a1a696527" testId="f61b0e37-8586-4b1d-9584-7b76ff3f3ddb" testName="VSSTests.Search checkTokenizerSimpleSentence" computerName="TFSBUILD11" duration="00:00:00.0150000" startTime="2015-09-28T09:46:08.0326680-07:00" endTime="2015-09-28T09:46:08.0326680-07:00" testType="13cdc9d9-ddb5-4fa4-a97d-d965ccfc6d4b" outcome="Passed" testListId="8c84fa94-04c1-424b-9868-57a2d4851a1d" relativeResultsDirectory="02f4a945-17a0-4c23-90b0-6d5a1a696527" />
    <UnitTestResult executionId="e2e5d709-bd1d-407d-b28b-e08856498cb3" testId="f59a4685-4037-4a94-9626-f4a440d5ffe0" testName="VSSTests.Search checkTokenizerUppercase" computerName="TFSBUILD11" duration="00:00:00.0150000" startTime="2015-09-28T09:46:08.0349525-07:00" endTime="2015-09-28T09:46:08.0349525-07:00" testType="13cdc9d9-ddb5-4fa4-a97d-d965ccfc6d4b" outcome="Passed" testListId="8c84fa94-04c1-424b-9868-57a2d4851a1d" relativeResultsDirectory="e2e5d709-bd1d-407d-b28b-e08856498cb3" />
    <UnitTestResult executionId="c34269fc-7b4f-42e2-ac06-796e52f03e22" testId="8feb1fc2-c17b-4d92-9f3b-03f35a22907d" testName="VSSTests.Search checkTokenizerCharacters" computerName="TFSBUILD11" duration="00:00:00.0160000" startTime="2015-09-28T09:46:08.0349525-07:00" endTime="2015-09-28T09:46:08.0349525-07:00" testType="13cdc9d9-ddb5-4fa4-a97d-d965ccfc6d4b" outcome="Passed" testListId="8c84fa94-04c1-424b-9868-57a2d4851a1d" relativeResultsDirectory="c34269fc-7b4f-42e2-ac06-796e52f03e22" />
    <UnitTestResult executionId="48c32b9a-1748-485d-869f-aab24904bb9a" testId="0ce3708e-10d1-4b61-a6a3-ca88c637e896" testName="VSSTests.Search checkTokenizerEmpty" computerName="TFSBUILD11" duration="00:00:00.0140000" startTime="2015-09-28T09:46:08.0349525-07:00" endTime="2015-09-28T09:46:08.0349525-07:00" testType="13cdc9d9-ddb5-4fa4-a97d-d965ccfc6d4b" outcome="Passed" testListId="8c84fa94-04c1-424b-9868-57a2d4851a1d" relativeResultsDirectory="48c32b9a-1748-485d-869f-aab24904bb9a" />
    <UnitTestResult executionId="1014fc02-b858-4cf0-9b73-5df0806ba7b3" testId="70b08eb1-b8d1-41f8-b181-e6be8e2f460e" testName="VSSTests.Search checkClearStrategyStore" computerName="TFSBUILD11" duration="00:00:00.0150000" startTime="2015-09-28T09:46:08.0349525-07:00" endTime="2015-09-28T09:46:08.0349525-07:00" testType="13cdc9d9-ddb5-4fa4-a97d-d965ccfc6d4b" outcome="Passed" testListId="8c84fa94-04c1-424b-9868-57a2d4851a1d" relativeResultsDirectory="1014fc02-b858-4cf0-9b73-5df0806ba7b3" />
    <UnitTestResult executionId="f9fbf877-3000-42c2-bbff-d87c039418b9" testId="07ab9ed7-8c4d-4152-8d32-73757720acda" testName="VSSTests.UI.Common.FriendlyDateTime friendlyDateHourAgo" computerName="TFSBUILD11" duration="00:00:00.0160000" startTime="2015-09-28T09:46:08.0349525-07:00" endTime="2015-09-28T09:46:08.0349525-07:00" testType="13cdc9d9-ddb5-4fa4-a97d-d965ccfc6d4b" outcome="Passed" testListId="8c84fa94-04c1-424b-9868-57a2d4851a1d" relativeResultsDirectory="f9fbf877-3000-42c2-bbff-d87c039418b9" />
    <UnitTestResult executionId="65972dc4-4c6c-4b7e-ba4b-2d0240ec0036" testId="7813c116-c968-479e-b7e1-e1e889a5c8b2" testName="VSSTests.UI.Common.FriendlyDateTime friendlyDateDayOfWeek" computerName="TFSBUILD11" duration="00:00:00.0200000" startTime="2015-09-28T09:46:08.0349525-07:00" endTime="2015-09-28T09:46:08.0349525-07:00" testType="13cdc9d9-ddb5-4fa4-a97d-d965ccfc6d4b" outcome="Passed" testListId="8c84fa94-04c1-424b-9868-57a2d4851a1d" relativeResultsDirectory="65972dc4-4c6c-4b7e-ba4b-2d0240ec0036" />
    <UnitTestResult executionId="5dfc06e7-798f-4553-a332-c0d4d48ff061" testId="6a190648-87ff-43f1-a20e-6ec6489a4ef9" testName="VSSTests.UI.Common.FriendlyDateTime friendlyDateLongAgo" computerName="TFSBUILD11" duration="00:00:00.0150000" startTime="2015-09-28T09:46:08.0349525-07:00" endTime="2015-09-28T09:46:08.0349525-07:00" testType="13cdc9d9-ddb5-4fa4-a97d-d965ccfc6d4b" outcome="Passed" testListId="8c84fa94-04c1-424b-9868-57a2d4851a1d" relativeResultsDirectory="5dfc06e7-798f-4553-a332-c0d4d48ff061" />
    <UnitTestResult executionId="6bf5e964-470b-48be-8c5a-d09903cac5ae" testId="a1966d8d-a67c-4f6f-aba9-dc83a06a14fa" testName="VSSTests.Sinon.Sample SubscribeCallbackIsInvoked" computerName="TFSBUILD11" duration="00:00:00.0250000" startTime="2015-09-28T09:46:08.2066681-07:00" endTime="2015-09-28T09:46:08.2066681-07:00" testType="13cdc9d9-ddb5-4fa4-a97d-d965ccfc6d4b" outcome="Passed" testListId="8c84fa94-04c1-424b-9868-57a2d4851a1d" relativeResultsDirectory="6bf5e964-470b-48be-8c5a-d09903cac5ae" />
    <UnitTestResult executionId="5252fb2a-1c9d-4b56-80c5-55454c75da46" testId="bd8e299a-c484-4f07-b4fc-896984f3f2d6" testName="VSSTests.Sinon.Sample AjaxCalledWhenJsonRequested" computerName="TFSBUILD11" duration="00:00:00.0180000" startTime="2015-09-28T09:46:08.2066681-07:00" endTime="2015-09-28T09:46:08.2066681-07:00" testType="13cdc9d9-ddb5-4fa4-a97d-d965ccfc6d4b" outcome="Passed" testListId="8c84fa94-04c1-424b-9868-57a2d4851a1d" relativeResultsDirectory="5252fb2a-1c9d-4b56-80c5-55454c75da46" />
    <UnitTestResult executionId="575db855-06ee-4882-b95e-31ada45654e6" testId="590b84f0-cbd9-42ae-a1ea-4e10f54cf124" testName="VSSTests.UI.Controls.DataList countAndGetItem" computerName="TFSBUILD11" duration="00:00:00.0160000" startTime="2015-09-28T09:46:08.2066681-07:00" endTime="2015-09-28T09:46:08.2066681-07:00" testType="13cdc9d9-ddb5-4fa4-a97d-d965ccfc6d4b" outcome="Passed" testListId="8c84fa94-04c1-424b-9868-57a2d4851a1d" relativeResultsDirectory="575db855-06ee-4882-b95e-31ada45654e6" />
    <UnitTestResult executionId="350c21a0-b26b-4600-924b-79bb8f48e3c9" testId="7cbfb738-369a-41b0-9ede-cb608ac51d98" testName="VSSTests.VSS.Locations getMvcUrlForApplicationLevel" computerName="TFSBUILD11" duration="00:00:00.0150000" startTime="2015-09-28T09:46:08.2066681-07:00" endTime="2015-09-28T09:46:08.2066681-07:00" testType="13cdc9d9-ddb5-4fa4-a97d-d965ccfc6d4b" outcome="Passed" testListId="8c84fa94-04c1-424b-9868-57a2d4851a1d" relativeResultsDirectory="350c21a0-b26b-4600-924b-79bb8f48e3c9" />
    <UnitTestResult executionId="88081b47-c652-42eb-8cae-92d5b5904ba3" testId="7313c2a7-f48f-4ca3-af5d-cec03dbb238f" testName="VSSTests.VSS.Locations getMvcUrlForProjectCollectionLevel" computerName="TFSBUILD11" duration="00:00:00.0140000" startTime="2015-09-28T09:46:08.2066681-07:00" endTime="2015-09-28T09:46:08.2066681-07:00" testType="13cdc9d9-ddb5-4fa4-a97d-d965ccfc6d4b" outcome="Passed" testListId="8c84fa94-04c1-424b-9868-57a2d4851a1d" relativeResultsDirectory="88081b47-c652-42eb-8cae-92d5b5904ba3" />
    <UnitTestResult executionId="ca8f8625-8298-4128-9918-7b1e64db16e1" testId="3f03271c-17b1-4ea8-a96a-939efd2d4567" testName="VSSTests.VSS.Locations getMvcUrlForProjectLevel" computerName="TFSBUILD11" duration="00:00:00.0170000" startTime="2015-09-28T09:46:08.2066681-07:00" endTime="2015-09-28T09:46:08.2066681-07:00" testType="13cdc9d9-ddb5-4fa4-a97d-d965ccfc6d4b" outcome="Passed" testListId="8c84fa94-04c1-424b-9868-57a2d4851a1d" relativeResultsDirectory="ca8f8625-8298-4128-9918-7b1e64db16e1" />
    <UnitTestResult executionId="fa038624-737b-4e04-bb3b-6d7e2f29ba87" testId="b6584219-7b20-407f-b1fc-95a048e52c30" testName="VSSTests.VSS.Locations getMvcUrlForTeamLevel" computerName="TFSBUILD11" duration="00:00:00.0150000" startTime="2015-09-28T09:46:08.2066681-07:00" endTime="2015-09-28T09:46:08.2066681-07:00" testType="13cdc9d9-ddb5-4fa4-a97d-d965ccfc6d4b" outcome="Passed" testListId="8c84fa94-04c1-424b-9868-57a2d4851a1d" relativeResultsDirectory="fa038624-737b-4e04-bb3b-6d7e2f29ba87" />
    <UnitTestResult executionId="168645cb-de1b-4169-9bcd-e3992cbbbdec" testId="8fb89b30-0a1f-4155-bd6a-454f130012e9" testName="VSSTests.VSS.Locations getContentUrl" computerName="TFSBUILD11" duration="00:00:00.0140000" startTime="2015-09-28T09:46:08.2066681-07:00" endTime="2015-09-28T09:46:08.2066681-07:00" testType="13cdc9d9-ddb5-4fa4-a97d-d965ccfc6d4b" outcome="Passed" testListId="8c84fa94-04c1-424b-9868-57a2d4851a1d" relativeResultsDirectory="168645cb-de1b-4169-9bcd-e3992cbbbdec" />
    <UnitTestResult executionId="b12ffe80-c035-4dac-927c-66651af41186" testId="2662d52f-8549-48b8-95fc-b1bb5dcf56b1" testName="VSSTests.Html.HtmlNormalizer htmlNormalization" computerName="TFSBUILD11" duration="00:00:00.0340000" startTime="2015-09-28T09:46:08.2066681-07:00" endTime="2015-09-28T09:46:08.2066681-07:00" testType="13cdc9d9-ddb5-4fa4-a97d-d965ccfc6d4b" outcome="Passed" testListId="8c84fa94-04c1-424b-9868-57a2d4851a1d" relativeResultsDirectory="b12ffe80-c035-4dac-927c-66651af41186" />
    <UnitTestResult executionId="8551a6e9-cf39-4a66-b3a5-23fdfae3898b" testId="c53331fe-fb0a-4d73-b9f6-f4f05e3e9470" testName="VSSTests.Html.HtmlNormalizer htmlNormalizationForDisplay" computerName="TFSBUILD11" duration="00:00:00.0220000" startTime="2015-09-28T09:46:08.3758379-07:00" endTime="2015-09-28T09:46:08.3758379-07:00" testType="13cdc9d9-ddb5-4fa4-a97d-d965ccfc6d4b" outcome="Passed" testListId="8c84fa94-04c1-424b-9868-57a2d4851a1d" relativeResultsDirectory="8551a6e9-cf39-4a66-b3a5-23fdfae3898b" />
    <UnitTestResult executionId="4a862c78-6aac-418a-ae64-c019e8773b7e" testId="159b2ba3-af52-40ff-8e85-7dbe37c8a7d9" testName="VSSTests.TFS.Html.TemplateEngineTests testBasicTemplates" computerName="TFSBUILD11" duration="00:00:00.0170000" startTime="2015-09-28T09:46:08.3768417-07:00" endTime="2015-09-28T09:46:08.3768417-07:00" testType="13cdc9d9-ddb5-4fa4-a97d-d965ccfc6d4b" outcome="Passed" testListId="8c84fa94-04c1-424b-9868-57a2d4851a1d" relativeResultsDirectory="4a862c78-6aac-418a-ae64-c019e8773b7e" />
    <UnitTestResult executionId="91094de7-b69b-4000-a595-691ee6989c7e" testId="5333c4a2-b13b-4eff-a9e0-8639164407fc" testName="VSSTests.TFS.Html.TemplateEngineTests testUnencodedTemplates" computerName="TFSBUILD11" duration="00:00:00.0140000" startTime="2015-09-28T09:46:08.3768417-07:00" endTime="2015-09-28T09:46:08.3768417-07:00" testType="13cdc9d9-ddb5-4fa4-a97d-d965ccfc6d4b" outcome="Passed" testListId="8c84fa94-04c1-424b-9868-57a2d4851a1d" relativeResultsDirectory="91094de7-b69b-4000-a595-691ee6989c7e" />
    <UnitTestResult executionId="bd63e5f9-b5eb-43f4-a69a-0d59d6a1ed4d" testId="6e22c9fb-e3da-446d-a850-211c064f8f6c" testName="VSSTests.TFS.Html.TemplateEngineTests testTemplateRecursion" computerName="TFSBUILD11" duration="00:00:00.0140000" startTime="2015-09-28T09:46:08.3768417-07:00" endTime="2015-09-28T09:46:08.3768417-07:00" testType="13cdc9d9-ddb5-4fa4-a97d-d965ccfc6d4b" outcome="Passed" testListId="8c84fa94-04c1-424b-9868-57a2d4851a1d" relativeResultsDirectory="bd63e5f9-b5eb-43f4-a69a-0d59d6a1ed4d" />
    <UnitTestResult executionId="4382f5f8-7989-4131-bf34-4b6cc6f42640" testId="5807aedf-db66-4fbc-9544-901e9f3d3d79" testName="VSSTests.OM.FeatureAvailability ensureServerCallIsMadeWhenCacheIsEmpty" computerName="TFSBUILD11" duration="00:00:00.0190000" startTime="2015-09-28T09:46:08.3768417-07:00" endTime="2015-09-28T09:46:08.3768417-07:00" testType="13cdc9d9-ddb5-4fa4-a97d-d965ccfc6d4b" outcome="Passed" testListId="8c84fa94-04c1-424b-9868-57a2d4851a1d" relativeResultsDirectory="4382f5f8-7989-4131-bf34-4b6cc6f42640" />
    <UnitTestResult executionId="8840db7b-9d80-471f-8c33-2025676bc65d" testId="49419bf6-f843-4c36-91c8-c36e904c500f" testName="VSSTests.OM.FeatureAvailability ensureCachedResultIsUsed" computerName="TFSBUILD11" duration="00:00:00.0140000" startTime="2015-09-28T09:46:08.3768417-07:00" endTime="2015-09-28T09:46:08.3768417-07:00" testType="13cdc9d9-ddb5-4fa4-a97d-d965ccfc6d4b" outcome="Passed" testListId="8c84fa94-04c1-424b-9868-57a2d4851a1d" relativeResultsDirectory="8840db7b-9d80-471f-8c33-2025676bc65d" />
    <UnitTestResult executionId="271a4ce3-1277-4f37-94f6-aedc36db5ee4" testId="9219a2d9-b8fd-47a0-ab04-b8629e081386" testName="VSSTests.OM.FeatureAvailability testLocalAvailability" computerName="TFSBUILD11" duration="00:00:00.0150000" startTime="2015-09-28T09:46:08.3768417-07:00" endTime="2015-09-28T09:46:08.3768417-07:00" testType="13cdc9d9-ddb5-4fa4-a97d-d965ccfc6d4b" outcome="Passed" testListId="8c84fa94-04c1-424b-9868-57a2d4851a1d" relativeResultsDirectory="271a4ce3-1277-4f37-94f6-aedc36db5ee4" />
    <UnitTestResult executionId="1793eccb-e2ea-4680-b56b-683b094d889a" testId="78c79cf4-87d6-4b8f-827d-49881bc5e121" testName="VSSTests.OM.FeatureAvailability ensureServerCallIsMadeWhenIslandDoesNotMatch" computerName="TFSBUILD11" duration="00:00:00.0160000" startTime="2015-09-28T09:46:08.3768417-07:00" endTime="2015-09-28T09:46:08.3768417-07:00" testType="13cdc9d9-ddb5-4fa4-a97d-d965ccfc6d4b" outcome="Passed" testListId="8c84fa94-04c1-424b-9868-57a2d4851a1d" relativeResultsDirectory="1793eccb-e2ea-4680-b56b-683b094d889a" />
    <UnitTestResult executionId="86840f67-97a9-41af-9066-d8f7ecea380e" testId="70fd826d-6ac0-4757-9097-a871bd7e39cb" testName="VSSTests.Controls.FormInput EmptyTable" computerName="TFSBUILD11" duration="00:00:00.0240000" startTime="2015-09-28T09:46:08.3768417-07:00" endTime="2015-09-28T09:46:08.3768417-07:00" testType="13cdc9d9-ddb5-4fa4-a97d-d965ccfc6d4b" outcome="Passed" testListId="8c84fa94-04c1-424b-9868-57a2d4851a1d" relativeResultsDirectory="86840f67-97a9-41af-9066-d8f7ecea380e" />
    <UnitTestResult executionId="e2bc5ca3-dc01-48a0-9e05-7b47d78922d1" testId="4684dcbd-55f9-466c-a8d0-17049b7e2084" testName="VSSTests.Controls.FormInput OneCheckbox" computerName="TFSBUILD11" duration="00:00:00.0220000" startTime="2015-09-28T09:46:08.5580396-07:00" endTime="2015-09-28T09:46:08.5580396-07:00" testType="13cdc9d9-ddb5-4fa4-a97d-d965ccfc6d4b" outcome="Passed" testListId="8c84fa94-04c1-424b-9868-57a2d4851a1d" relativeResultsDirectory="e2bc5ca3-dc01-48a0-9e05-7b47d78922d1" />
    <UnitTestResult executionId="5b9526ee-37d2-4b8a-af7c-abd09e9fac59" testId="7ce79191-498b-413e-9207-0325da87f264" testName="VSSTests.Controls.FormInput RadioButtons" computerName="TFSBUILD11" duration="00:00:00.0180000" startTime="2015-09-28T09:46:08.5580396-07:00" endTime="2015-09-28T09:46:08.5580396-07:00" testType="13cdc9d9-ddb5-4fa4-a97d-d965ccfc6d4b" outcome="Passed" testListId="8c84fa94-04c1-424b-9868-57a2d4851a1d" relativeResultsDirectory="5b9526ee-37d2-4b8a-af7c-abd09e9fac59" />
    <UnitTestResult executionId="e752b12a-be24-468a-911a-3037832be8f7" testId="59f7185b-2dcb-46cf-82e2-6bc95659cad7" testName="VSSTests.VSS.Performance GetScenarios_ReturnsRunningScenarios" computerName="TFSBUILD11" duration="00:00:00.0390000" startTime="2015-09-28T09:46:08.5580396-07:00" endTime="2015-09-28T09:46:08.5580396-07:00" testType="13cdc9d9-ddb5-4fa4-a97d-d965ccfc6d4b" outcome="Passed" testListId="8c84fa94-04c1-424b-9868-57a2d4851a1d" relativeResultsDirectory="e752b12a-be24-468a-911a-3037832be8f7" />
    <UnitTestResult executionId="2bac4c3f-dbef-4b44-adb0-bfbffce0fdeb" testId="641ba024-cfd1-4eae-84f9-d7dcff84807a" testName="VSSTests.VSS.Performance DuplicateScenarios_Start_DoesNotFail" computerName="TFSBUILD11" duration="00:00:00.0340000" startTime="2015-09-28T09:46:08.5580396-07:00" endTime="2015-09-28T09:46:08.5580396-07:00" testType="13cdc9d9-ddb5-4fa4-a97d-d965ccfc6d4b" outcome="Passed" testListId="8c84fa94-04c1-424b-9868-57a2d4851a1d" relativeResultsDirectory="2bac4c3f-dbef-4b44-adb0-bfbffce0fdeb" />
    <UnitTestResult executionId="d120b407-1106-417f-8aad-ebb2c0011d85" testId="cc686596-06b5-4c32-9024-34fd633a1776" testName="VSSTests.VSS.Performance DuplicateScenarios_End_DoesNotEndScenarios" computerName="TFSBUILD11" duration="00:00:00.0140000" startTime="2015-09-28T09:46:08.5580396-07:00" endTime="2015-09-28T09:46:08.5580396-07:00" testType="13cdc9d9-ddb5-4fa4-a97d-d965ccfc6d4b" outcome="Passed" testListId="8c84fa94-04c1-424b-9868-57a2d4851a1d" relativeResultsDirectory="d120b407-1106-417f-8aad-ebb2c0011d85" />
    <UnitTestResult executionId="39826fed-db1f-4361-bb90-a5699dd2ce4f" testId="15bccccb-94d3-4658-b995-9f2ea0e307f3" testName="VSSTests.VSS.Performance StartScenario_GeneratesNewCorrelationId" computerName="TFSBUILD11" duration="00:00:00.0150000" startTime="2015-09-28T09:46:08.5580396-07:00" endTime="2015-09-28T09:46:08.5580396-07:00" testType="13cdc9d9-ddb5-4fa4-a97d-d965ccfc6d4b" outcome="Passed" testListId="8c84fa94-04c1-424b-9868-57a2d4851a1d" relativeResultsDirectory="39826fed-db1f-4361-bb90-a5699dd2ce4f" />
    <UnitTestResult executionId="3bd80c0d-f3d6-4629-9a3b-ab93ed9eb5d8" testId="732f45b1-fe55-4a33-8d76-98d67bac8612" testName="VSSTests.VSS.Performance StartScenario_KeepsCorrelationIdForOverlappingScenarios" computerName="TFSBUILD11" duration="00:00:00.0150000" startTime="2015-09-28T09:46:08.5580396-07:00" endTime="2015-09-28T09:46:08.5580396-07:00" testType="13cdc9d9-ddb5-4fa4-a97d-d965ccfc6d4b" outcome="Passed" testListId="8c84fa94-04c1-424b-9868-57a2d4851a1d" relativeResultsDirectory="3bd80c0d-f3d6-4629-9a3b-ab93ed9eb5d8" />
    <UnitTestResult executionId="479f6dc6-a412-49b8-b33a-7a20b9c2e39a" testId="f65b6829-8c07-4adb-8ff1-81c1227292b9" testName="VSSTests.VSS.Performance EndGlobalScenario_EndsScenario" computerName="TFSBUILD11" duration="00:00:00.0150000" startTime="2015-09-28T09:46:08.5580396-07:00" endTime="2015-09-28T09:46:08.5580396-07:00" testType="13cdc9d9-ddb5-4fa4-a97d-d965ccfc6d4b" outcome="Passed" testListId="8c84fa94-04c1-424b-9868-57a2d4851a1d" relativeResultsDirectory="479f6dc6-a412-49b8-b33a-7a20b9c2e39a" />
    <UnitTestResult executionId="4d28764e-de46-469e-845a-de18865e9690" testId="1ebced8d-adab-4eb6-a778-3b6ae00aead3" testName="VSSTests.VSS.Performance EndGlobalScenario_GeneratesNewCorrelationId" computerName="TFSBUILD11" duration="00:00:00.0150000" startTime="2015-09-28T09:46:08.5580396-07:00" endTime="2015-09-28T09:46:08.5580396-07:00" testType="13cdc9d9-ddb5-4fa4-a97d-d965ccfc6d4b" outcome="Passed" testListId="8c84fa94-04c1-424b-9868-57a2d4851a1d" relativeResultsDirectory="4d28764e-de46-469e-845a-de18865e9690" />
    <UnitTestResult executionId="121158ce-778e-4fd1-84b0-4d61993dc9fc" testId="d777dc30-4c18-4e55-a0d5-3133936ac765" testName="VSSTests.VSS.Performance EndScenario_GeneratesNewCorrelationId" computerName="TFSBUILD11" duration="00:00:00.0150000" startTime="2015-09-28T09:46:08.7785420-07:00" endTime="2015-09-28T09:46:08.7785420-07:00" testType="13cdc9d9-ddb5-4fa4-a97d-d965ccfc6d4b" outcome="Passed" testListId="8c84fa94-04c1-424b-9868-57a2d4851a1d" relativeResultsDirectory="121158ce-778e-4fd1-84b0-4d61993dc9fc" />
    <UnitTestResult executionId="2193762a-3d9b-485a-b3d9-f613b0ca7cfd" testId="b07db974-67be-44c3-8374-97e859231edd" testName="VSSTests.VSS.Performance EndScenario_ScenarioAlreadyEnded" computerName="TFSBUILD11" duration="00:00:00.0160000" startTime="2015-09-28T09:46:08.7785420-07:00" endTime="2015-09-28T09:46:08.7785420-07:00" testType="13cdc9d9-ddb5-4fa4-a97d-d965ccfc6d4b" outcome="Passed" testListId="8c84fa94-04c1-424b-9868-57a2d4851a1d" relativeResultsDirectory="2193762a-3d9b-485a-b3d9-f613b0ca7cfd" />
    <UnitTestResult executionId="f97cf636-7233-44a6-bd36-11bfa444be3f" testId="2c42ef16-7b52-4b83-bf5c-ed076c2bfe97" testName="VSSTests.VSS.Performance GlobalSplit_AttributedToScenarios" computerName="TFSBUILD11" duration="00:00:00.0170000" startTime="2015-09-28T09:46:08.7795418-07:00" endTime="2015-09-28T09:46:08.7795418-07:00" testType="13cdc9d9-ddb5-4fa4-a97d-d965ccfc6d4b" outcome="Passed" testListId="8c84fa94-04c1-424b-9868-57a2d4851a1d" relativeResultsDirectory="f97cf636-7233-44a6-bd36-11bfa444be3f" />
    <UnitTestResult executionId="afaa3e88-7d6a-49d9-9db9-13e6f802b754" testId="af23a2c7-cd5a-4f51-bc00-88e7bead0c90" testName="TFSTests.UI.Controls.Menus MenuGrouping_AllGroups" computerName="TFSBUILD11" duration="00:00:00.0400000" startTime="2015-09-28T09:46:08.7795418-07:00" endTime="2015-09-28T09:46:08.7795418-07:00" testType="13cdc9d9-ddb5-4fa4-a97d-d965ccfc6d4b" outcome="Passed" testListId="8c84fa94-04c1-424b-9868-57a2d4851a1d" relativeResultsDirectory="afaa3e88-7d6a-49d9-9db9-13e6f802b754" />
    <UnitTestResult executionId="f215e9af-9428-4898-a953-8d84d96f30cd" testId="47fb1220-1d56-49ae-a642-d78d540f7dd0" testName="TFSTests.UI.Controls.Menus MenuGrouping_AllSeparators_NoGroups" computerName="TFSBUILD11" duration="00:00:00.0280000" startTime="2015-09-28T09:46:08.7795418-07:00" endTime="2015-09-28T09:46:08.7795418-07:00" testType="13cdc9d9-ddb5-4fa4-a97d-d965ccfc6d4b" outcome="Passed" testListId="8c84fa94-04c1-424b-9868-57a2d4851a1d" relativeResultsDirectory="f215e9af-9428-4898-a953-8d84d96f30cd" />
    <UnitTestResult executionId="dc3185c0-1a74-4598-ac7f-70c7fa68cb6c" testId="612d9c8d-bfc7-4ec5-9aa3-e9c472c063fe" testName="TFSTests.UI.Controls.Menus MenuGrouping_MixedGrouping" computerName="TFSBUILD11" duration="00:00:00.0300000" startTime="2015-09-28T09:46:08.7795418-07:00" endTime="2015-09-28T09:46:08.7795418-07:00" testType="13cdc9d9-ddb5-4fa4-a97d-d965ccfc6d4b" outcome="Passed" testListId="8c84fa94-04c1-424b-9868-57a2d4851a1d" relativeResultsDirectory="dc3185c0-1a74-4598-ac7f-70c7fa68cb6c" />
    <UnitTestResult executionId="5ae1c2b5-c7b8-4c6f-a45f-07b8b3ff97f3" testId="8ed70a58-5cac-40ba-84c5-5afcc7395207" testName="TFSTests.UI.Controls.Menus MenuGrouping_FuncItems" computerName="TFSBUILD11" duration="00:00:00.0160000" startTime="2015-09-28T09:46:08.7795418-07:00" endTime="2015-09-28T09:46:08.7795418-07:00" testType="13cdc9d9-ddb5-4fa4-a97d-d965ccfc6d4b" outcome="Passed" testListId="8c84fa94-04c1-424b-9868-57a2d4851a1d" relativeResultsDirectory="5ae1c2b5-c7b8-4c6f-a45f-07b8b3ff97f3" />
    <UnitTestResult executionId="d2cb40b1-7546-4594-8345-c6f9d7afc9df" testId="ee0ae9a1-546e-433e-bdb5-9fd0afcb7bcc" testName="VSSTests.UI.Controls.DataTree countAndGetItem" computerName="TFSBUILD11" duration="00:00:00.0160000" startTime="2015-09-28T09:46:08.7795418-07:00" endTime="2015-09-28T09:46:08.7795418-07:00" testType="13cdc9d9-ddb5-4fa4-a97d-d965ccfc6d4b" outcome="Passed" testListId="8c84fa94-04c1-424b-9868-57a2d4851a1d" relativeResultsDirectory="d2cb40b1-7546-4594-8345-c6f9d7afc9df" />
    <UnitTestResult executionId="e70c9a2e-2a43-4bcc-be87-5b47f3745669" testId="a7dff102-f68f-40ef-bef7-f3d81cb34840" testName="VSSTests.UI.Controls.Identities.Picker IP:IdentityService:SuccessCallbackCalledOnceForEachValidQueryToken" computerName="TFSBUILD11" duration="00:00:00.0400000" startTime="2015-09-28T09:46:08.7795418-07:00" endTime="2015-09-28T09:46:08.7795418-07:00" testType="13cdc9d9-ddb5-4fa4-a97d-d965ccfc6d4b" outcome="Passed" testListId="8c84fa94-04c1-424b-9868-57a2d4851a1d" relativeResultsDirectory="e70c9a2e-2a43-4bcc-be87-5b47f3745669" />
    <UnitTestResult executionId="5e345a32-d3ce-4d8d-bf57-75bbbdf348e3" testId="1c1f1959-3e20-4c03-8ccc-4a50f36662e5" testName="VSSTests.UI.Controls.Grids Helper_HelperIsInvokedWhenProvidedAndHelperValueIsReturned" computerName="TFSBUILD11" duration="00:00:00.0540000" startTime="2015-09-28T09:46:09.1588444-07:00" endTime="2015-09-28T09:46:09.1578645-07:00" testType="13cdc9d9-ddb5-4fa4-a97d-d965ccfc6d4b" outcome="Passed" testListId="8c84fa94-04c1-424b-9868-57a2d4851a1d" relativeResultsDirectory="5e345a32-d3ce-4d8d-bf57-75bbbdf348e3" />
    <UnitTestResult executionId="1bfb27ec-f265-48e3-9f05-b64b9547d0f2" testId="1816b8fe-7380-45d4-b022-210842a99d9b" testName="VSSTests.UI.Controls.Grids Helper_HelperNotInvokedWhenNoRowDragging" computerName="TFSBUILD11" duration="00:00:00.0260000" startTime="2015-09-28T09:46:09.1588444-07:00" endTime="2015-09-28T09:46:09.1588444-07:00" testType="13cdc9d9-ddb5-4fa4-a97d-d965ccfc6d4b" outcome="Passed" testListId="8c84fa94-04c1-424b-9868-57a2d4851a1d" relativeResultsDirectory="1bfb27ec-f265-48e3-9f05-b64b9547d0f2" />
    <UnitTestResult executionId="ef57c590-5ad7-4449-9abb-3f66cecdbe4f" testId="be05ab37-d040-4411-9377-352f2b337697" testName="VSSTests.UI.Controls.Grids Helper_DefaultHelperGeneratedWhenNoHelperCreationFunctionProvided" computerName="TFSBUILD11" duration="00:00:00.0370000" startTime="2015-09-28T09:46:09.1588444-07:00" endTime="2015-09-28T09:46:09.1588444-07:00" testType="13cdc9d9-ddb5-4fa4-a97d-d965ccfc6d4b" outcome="Passed" testListId="8c84fa94-04c1-424b-9868-57a2d4851a1d" relativeResultsDirectory="ef57c590-5ad7-4449-9abb-3f66cecdbe4f" />
    <UnitTestResult executionId="8a85d747-36f1-4409-9bbd-4ecdeea8eac8" testId="bea3e22f-c953-47d4-9b43-478a615ee270" testName="VSSTests.UI.Controls.Grids Drag_UiInfoUpdatedForDrag" computerName="TFSBUILD11" duration="00:00:00.0270000" startTime="2015-09-28T09:46:09.1588444-07:00" endTime="2015-09-28T09:46:09.1588444-07:00" testType="13cdc9d9-ddb5-4fa4-a97d-d965ccfc6d4b" outcome="Passed" testListId="8c84fa94-04c1-424b-9868-57a2d4851a1d" relativeResultsDirectory="8a85d747-36f1-4409-9bbd-4ecdeea8eac8" />
    <UnitTestResult executionId="7d4389f2-7a69-493e-8e92-3aab71a74d74" testId="937d6786-67f5-4501-a9ee-bb9ce9884fe4" testName="VSSTests.UI.Controls.Grids Drag_DragHandlerResultReturned" computerName="TFSBUILD11" duration="00:00:00.0270000" startTime="2015-09-28T09:46:09.1588444-07:00" endTime="2015-09-28T09:46:09.1588444-07:00" testType="13cdc9d9-ddb5-4fa4-a97d-d965ccfc6d4b" outcome="Passed" testListId="8c84fa94-04c1-424b-9868-57a2d4851a1d" relativeResultsDirectory="7d4389f2-7a69-493e-8e92-3aab71a74d74" />
    <UnitTestResult executionId="95139bf1-f688-4bf9-a529-603023679959" testId="ae4f0271-ae1d-48c0-9f7f-81e6c39522ba" testName="VSSTests.UI.Controls.Grids Drag_NoResultWhenNoDragHandler" computerName="TFSBUILD11" duration="00:00:00.0380000" startTime="2015-09-28T09:46:09.1588444-07:00" endTime="2015-09-28T09:46:09.1588444-07:00" testType="13cdc9d9-ddb5-4fa4-a97d-d965ccfc6d4b" outcome="Passed" testListId="8c84fa94-04c1-424b-9868-57a2d4851a1d" relativeResultsDirectory="95139bf1-f688-4bf9-a529-603023679959" />
    <UnitTestResult executionId="8b7c1c94-3624-4286-948b-bcf2b9c49921" testId="2fafc378-d510-4de7-9b64-5d9384117160" testName="VSSTests.UI.Controls.Grids Start_UiInfoUpdatedForStartAsWellAsCanvasDataAndGetDraggingRowInfo" computerName="TFSBUILD11" duration="00:00:00.0580000" startTime="2015-09-28T09:46:09.1598454-07:00" endTime="2015-09-28T09:46:09.1598454-07:00" testType="13cdc9d9-ddb5-4fa4-a97d-d965ccfc6d4b" outcome="Passed" testListId="8c84fa94-04c1-424b-9868-57a2d4851a1d" relativeResultsDirectory="8b7c1c94-3624-4286-948b-bcf2b9c49921" />
    <UnitTestResult executionId="4efae8fb-b245-43d8-a355-09e25723d551" testId="5cc6c004-06f7-4caf-8956-ec9ef0e8bf55" testName="VSSTests.UI.Controls.Grids Start_StartHandlerResultReturned" computerName="TFSBUILD11" duration="00:00:00.0470000" startTime="2015-09-28T09:46:09.1598454-07:00" endTime="2015-09-28T09:46:09.1598454-07:00" testType="13cdc9d9-ddb5-4fa4-a97d-d965ccfc6d4b" outcome="Passed" testListId="8c84fa94-04c1-424b-9868-57a2d4851a1d" relativeResultsDirectory="4efae8fb-b245-43d8-a355-09e25723d551" />
    <UnitTestResult executionId="f6cfde06-5715-49e7-8ffd-4923b1e64d01" testId="33e533d8-c2ff-40e6-aa5c-a10e23759797" testName="VSSTests.UI.Controls.Grids Start_NothingDoneWhenNothingDragging" computerName="TFSBUILD11" duration="00:00:00.0590000" startTime="2015-09-28T09:46:09.1598454-07:00" endTime="2015-09-28T09:46:09.1598454-07:00" testType="13cdc9d9-ddb5-4fa4-a97d-d965ccfc6d4b" outcome="Passed" testListId="8c84fa94-04c1-424b-9868-57a2d4851a1d" relativeResultsDirectory="f6cfde06-5715-49e7-8ffd-4923b1e64d01" />
    <UnitTestResult executionId="605aed16-d6d4-4d88-a2e0-20bdb722566e" testId="373a27e0-4e63-4092-bfcd-3febc7fd3f06" testName="VSSTests.UI.Controls.Grids Start_NoResultWhenNoStartHandler" computerName="TFSBUILD11" duration="00:00:00.0450000" startTime="2015-09-28T09:46:09.5549847-07:00" endTime="2015-09-28T09:46:09.5549847-07:00" testType="13cdc9d9-ddb5-4fa4-a97d-d965ccfc6d4b" outcome="Passed" testListId="8c84fa94-04c1-424b-9868-57a2d4851a1d" relativeResultsDirectory="605aed16-d6d4-4d88-a2e0-20bdb722566e" />
    <UnitTestResult executionId="efafa3ad-7baa-4322-bff1-b3bde1a9399d" testId="05ecbe37-450e-4a43-bbec-734d64df7b8a" testName="VSSTests.UI.Controls.Grids Stop_UiInfoUpdatedForStopAndDraggingRowInfoClearedFromCanvasAndGetDraggingRowInfoAfterComplete" computerName="TFSBUILD11" duration="00:00:00.0540000" startTime="2015-09-28T09:46:09.5549847-07:00" endTime="2015-09-28T09:46:09.5549847-07:00" testType="13cdc9d9-ddb5-4fa4-a97d-d965ccfc6d4b" outcome="Passed" testListId="8c84fa94-04c1-424b-9868-57a2d4851a1d" relativeResultsDirectory="efafa3ad-7baa-4322-bff1-b3bde1a9399d" />
    <UnitTestResult executionId="9b82e884-04c8-402f-b425-6c5cdfb69614" testId="ee8da425-b4e5-4131-893b-1dffca6fab3a" testName="VSSTests.UI.Controls.Grids Stop_StopHandlerResultReturned" computerName="TFSBUILD11" duration="00:00:00.0340000" startTime="2015-09-28T09:46:09.5549847-07:00" endTime="2015-09-28T09:46:09.5549847-07:00" testType="13cdc9d9-ddb5-4fa4-a97d-d965ccfc6d4b" outcome="Passed" testListId="8c84fa94-04c1-424b-9868-57a2d4851a1d" relativeResultsDirectory="9b82e884-04c8-402f-b425-6c5cdfb69614" />
    <UnitTestResult executionId="f4ed7ab6-921b-4250-856d-5e770f0d6d5e" testId="9916f0ec-db77-4138-833f-f7d542eba8cc" testName="VSSTests.UI.Controls.Grids Stop_NoResultWhenNoStopHandler" computerName="TFSBUILD11" duration="00:00:00.0320000" startTime="2015-09-28T09:46:09.5549847-07:00" endTime="2015-09-28T09:46:09.5549847-07:00" testType="13cdc9d9-ddb5-4fa4-a97d-d965ccfc6d4b" outcome="Passed" testListId="8c84fa94-04c1-424b-9868-57a2d4851a1d" relativeResultsDirectory="f4ed7ab6-921b-4250-856d-5e770f0d6d5e" />
    <UnitTestResult executionId="d8a3c181-7297-4e8f-a1b2-09312daeb8c9" testId="da55eab2-10b0-49eb-a44d-16f2747f5f78" testName="VSSTests.UI.Controls.Grids Accept_AcceptEvenWhenNoAcceptHandler" computerName="TFSBUILD11" duration="00:00:00.0320000" startTime="2015-09-28T09:46:09.5549847-07:00" endTime="2015-09-28T09:46:09.5549847-07:00" testType="13cdc9d9-ddb5-4fa4-a97d-d965ccfc6d4b" outcome="Passed" testListId="8c84fa94-04c1-424b-9868-57a2d4851a1d" relativeResultsDirectory="d8a3c181-7297-4e8f-a1b2-09312daeb8c9" />
    <UnitTestResult executionId="aca777fe-c7c3-4033-97a8-11401188fda8" testId="94695f34-6a82-4196-8f92-4902c7d39038" testName="VSSTests.UI.Controls.Grids Accept_AcceptEvenWhenHandlerDoesNotAccept" computerName="TFSBUILD11" duration="00:00:00.0280000" startTime="2015-09-28T09:46:09.5549847-07:00" endTime="2015-09-28T09:46:09.5549847-07:00" testType="13cdc9d9-ddb5-4fa4-a97d-d965ccfc6d4b" outcome="Passed" testListId="8c84fa94-04c1-424b-9868-57a2d4851a1d" relativeResultsDirectory="aca777fe-c7c3-4033-97a8-11401188fda8" />
    <UnitTestResult executionId="96f0190e-482d-4f8f-ac2d-34ecb9669190" testId="3fe0bc01-5290-4979-a516-eeb00a68f572" testName="VSSTests.UI.Controls.Grids Accept_AcceptCalledForEachRow" computerName="TFSBUILD11" duration="00:00:00.0290000" startTime="2015-09-28T09:46:09.5549847-07:00" endTime="2015-09-28T09:46:09.5549847-07:00" testType="13cdc9d9-ddb5-4fa4-a97d-d965ccfc6d4b" outcome="Passed" testListId="8c84fa94-04c1-424b-9868-57a2d4851a1d" relativeResultsDirectory="96f0190e-482d-4f8f-ac2d-34ecb9669190" />
    <UnitTestResult executionId="4d1483cb-7ea9-4690-9192-e8be9332b2d7" testId="e675ff07-8a1c-423f-8f5e-380b3a788a12" testName="VSSTests.UI.Controls.Grids Accept_UiInfoUpdatedForAccept" computerName="TFSBUILD11" duration="00:00:00.0650000" startTime="2015-09-28T09:46:09.5549847-07:00" endTime="2015-09-28T09:46:09.5549847-07:00" testType="13cdc9d9-ddb5-4fa4-a97d-d965ccfc6d4b" outcome="Passed" testListId="8c84fa94-04c1-424b-9868-57a2d4851a1d" relativeResultsDirectory="4d1483cb-7ea9-4690-9192-e8be9332b2d7" />
    <UnitTestResult executionId="106b0dee-0ebd-4beb-b678-47ae258e4cee" testId="8e5c0515-532f-45a5-8674-48a46888b694" testName="VSSTests.UI.Controls.Grids Accept_AcceptNotCalledSecondTimeForEachRow" computerName="TFSBUILD11" duration="00:00:00.0540000" startTime="2015-09-28T09:46:09.5549847-07:00" endTime="2015-09-28T09:46:09.5549847-07:00" testType="13cdc9d9-ddb5-4fa4-a97d-d965ccfc6d4b" outcome="Passed" testListId="8c84fa94-04c1-424b-9868-57a2d4851a1d" relativeResultsDirectory="106b0dee-0ebd-4beb-b678-47ae258e4cee" />
    <UnitTestResult executionId="9dafc80c-140c-4619-84df-79850006cf24" testId="70485bb3-7e03-4fd6-9e8e-4559d55a667e" testName="VSSTests.UI.Controls.Grids Accept_AcceptCalledWhenNoDraggingRow" computerName="TFSBUILD11" duration="00:00:00.0500000" startTime="2015-09-28T09:46:09.8919793-07:00" endTime="2015-09-28T09:46:09.8919793-07:00" testType="13cdc9d9-ddb5-4fa4-a97d-d965ccfc6d4b" outcome="Passed" testListId="8c84fa94-04c1-424b-9868-57a2d4851a1d" relativeResultsDirectory="9dafc80c-140c-4619-84df-79850006cf24" />
    <UnitTestResult executionId="80de16ac-89e3-4ac0-984b-6757506f6cde" testId="2abdbfa8-e215-494b-bd72-228971119161" testName="VSSTests.UI.Controls.Grids Accept_RowsMatchingAcceptSelectorAreAccepted" computerName="TFSBUILD11" duration="00:00:00.0370000" startTime="2015-09-28T09:46:09.8919793-07:00" endTime="2015-09-28T09:46:09.8919793-07:00" testType="13cdc9d9-ddb5-4fa4-a97d-d965ccfc6d4b" outcome="Passed" testListId="8c84fa94-04c1-424b-9868-57a2d4851a1d" relativeResultsDirectory="80de16ac-89e3-4ac0-984b-6757506f6cde" />
    <UnitTestResult executionId="75d7e24d-e537-4093-968c-a3b760e1d459" testId="d84dd1a3-491f-404a-b9cd-e713494fc8ee" testName="VSSTests.UI.Controls.Grids Activate_ActivateOnlyCalledForAcceptedRows" computerName="TFSBUILD11" duration="00:00:00.0520000" startTime="2015-09-28T09:46:09.8919793-07:00" endTime="2015-09-28T09:46:09.8919793-07:00" testType="13cdc9d9-ddb5-4fa4-a97d-d965ccfc6d4b" outcome="Passed" testListId="8c84fa94-04c1-424b-9868-57a2d4851a1d" relativeResultsDirectory="75d7e24d-e537-4093-968c-a3b760e1d459" />
    <UnitTestResult executionId="6ccd2c67-8af4-4c32-a810-dc3a5375b2b7" testId="4d893fa0-e3cc-424b-89b5-6e8ce13d140c" testName="VSSTests.UI.Controls.Grids Activate_ActivateCalledWhenNoDraggingRow" computerName="TFSBUILD11" duration="00:00:00.0520000" startTime="2015-09-28T09:46:09.8919793-07:00" endTime="2015-09-28T09:46:09.8919793-07:00" testType="13cdc9d9-ddb5-4fa4-a97d-d965ccfc6d4b" outcome="Passed" testListId="8c84fa94-04c1-424b-9868-57a2d4851a1d" relativeResultsDirectory="6ccd2c67-8af4-4c32-a810-dc3a5375b2b7" />
    <UnitTestResult executionId="1d055a1b-30b6-4991-b041-a482c4ec9fac" testId="75736523-255f-4ce4-9de5-8d543789ecd3" testName="VSSTests.UI.Controls.Grids Activate_ActiveClassAddedToAcceptedRows" computerName="TFSBUILD11" duration="00:00:00.0320000" startTime="2015-09-28T09:46:09.8919793-07:00" endTime="2015-09-28T09:46:09.8919793-07:00" testType="13cdc9d9-ddb5-4fa4-a97d-d965ccfc6d4b" outcome="Passed" testListId="8c84fa94-04c1-424b-9868-57a2d4851a1d" relativeResultsDirectory="1d055a1b-30b6-4991-b041-a482c4ec9fac" />
    <UnitTestResult executionId="b5d8d35c-a035-4cc8-8a82-157ca857a107" testId="4d373ede-70ac-4ee1-b872-e4f3a2120e15" testName="VSSTests.UI.Controls.Grids Deactivate_DeactivateOnlyCalledForAcceptedRows" computerName="TFSBUILD11" duration="00:00:00.0390000" startTime="2015-09-28T09:46:09.8919793-07:00" endTime="2015-09-28T09:46:09.8919793-07:00" testType="13cdc9d9-ddb5-4fa4-a97d-d965ccfc6d4b" outcome="Passed" testListId="8c84fa94-04c1-424b-9868-57a2d4851a1d" relativeResultsDirectory="b5d8d35c-a035-4cc8-8a82-157ca857a107" />
    <UnitTestResult executionId="33828d4b-06c8-4b09-876e-077303d55c3b" testId="8930fda8-98b2-4eab-9b68-2f1ae49e85b5" testName="VSSTests.UI.Controls.Grids Deactivate_DeactivateCalledWhenNoDraggingRow" computerName="TFSBUILD11" duration="00:00:00.0280000" startTime="2015-09-28T09:46:09.8919793-07:00" endTime="2015-09-28T09:46:09.8919793-07:00" testType="13cdc9d9-ddb5-4fa4-a97d-d965ccfc6d4b" outcome="Passed" testListId="8c84fa94-04c1-424b-9868-57a2d4851a1d" relativeResultsDirectory="33828d4b-06c8-4b09-876e-077303d55c3b" />
    <UnitTestResult executionId="ba913f61-bc3e-484e-ad51-0f1c2aa30309" testId="dd38879b-5e96-47ef-b478-d418a1d1bad2" testName="VSSTests.UI.Controls.Grids Deactivate_ActiveClassAndHoverClassRemovedWhenDeactivated" computerName="TFSBUILD11" duration="00:00:00.0310000" startTime="2015-09-28T09:46:09.8919793-07:00" endTime="2015-09-28T09:46:09.8919793-07:00" testType="13cdc9d9-ddb5-4fa4-a97d-d965ccfc6d4b" outcome="Passed" testListId="8c84fa94-04c1-424b-9868-57a2d4851a1d" relativeResultsDirectory="ba913f61-bc3e-484e-ad51-0f1c2aa30309" />
    <UnitTestResult executionId="f893165f-37cc-4034-aaab-df6de524d5e4" testId="494fa010-c8f1-4026-98c8-6ce777b43a55" testName="VSSTests.UI.Controls.Grids Over_OverOnlyCalledForAcceptedIntersectingRows" computerName="TFSBUILD11" duration="00:00:00.0320000" startTime="2015-09-28T09:46:09.8919793-07:00" endTime="2015-09-28T09:46:09.8919793-07:00" testType="13cdc9d9-ddb5-4fa4-a97d-d965ccfc6d4b" outcome="Passed" testListId="8c84fa94-04c1-424b-9868-57a2d4851a1d" relativeResultsDirectory="f893165f-37cc-4034-aaab-df6de524d5e4" />
    <UnitTestResult executionId="3a1804df-eca4-4f64-aa9d-edd0189cc280" testId="1b70fe6e-6f94-45a3-861f-82e24d301e08" testName="VSSTests.UI.Controls.Grids Over_OverCalledWhenNoDraggingRow" computerName="TFSBUILD11" duration="00:00:00.0480000" startTime="2015-09-28T09:46:10.2439740-07:00" endTime="2015-09-28T09:46:10.2439740-07:00" testType="13cdc9d9-ddb5-4fa4-a97d-d965ccfc6d4b" outcome="Passed" testListId="8c84fa94-04c1-424b-9868-57a2d4851a1d" relativeResultsDirectory="3a1804df-eca4-4f64-aa9d-edd0189cc280" />
    <UnitTestResult executionId="8d496f23-c861-4061-8929-cad5f4da7d4a" testId="be3cc3ea-920a-4757-b3a5-a8e948fc4032" testName="VSSTests.UI.Controls.Grids Over_OverOnlyCalledOnceForRow" computerName="TFSBUILD11" duration="00:00:00.0430000" startTime="2015-09-28T09:46:10.2439740-07:00" endTime="2015-09-28T09:46:10.2439740-07:00" testType="13cdc9d9-ddb5-4fa4-a97d-d965ccfc6d4b" outcome="Passed" testListId="8c84fa94-04c1-424b-9868-57a2d4851a1d" relativeResultsDirectory="8d496f23-c861-4061-8929-cad5f4da7d4a" />
    <UnitTestResult executionId="2de9245b-b42e-41d9-acd3-d81e9abc3db6" testId="b567c96b-b6c6-4591-b069-1e81f7aa1903" testName="VSSTests.UI.Controls.Grids Over_HoverClassAddedToIntersectingRow" computerName="TFSBUILD11" duration="00:00:00.0390000" startTime="2015-09-28T09:46:10.2439740-07:00" endTime="2015-09-28T09:46:10.2439740-07:00" testType="13cdc9d9-ddb5-4fa4-a97d-d965ccfc6d4b" outcome="Passed" testListId="8c84fa94-04c1-424b-9868-57a2d4851a1d" relativeResultsDirectory="2de9245b-b42e-41d9-acd3-d81e9abc3db6" />
    <UnitTestResult executionId="3e2330ba-31b4-4b0f-8f5d-b9528d5ee63e" testId="7038f89a-9735-41e9-8906-c764dc26bf07" testName="VSSTests.UI.Controls.Grids Out_OutOnlyCalledForAcceptedIntersectingRows" computerName="TFSBUILD11" duration="00:00:00.0480000" startTime="2015-09-28T09:46:10.2439740-07:00" endTime="2015-09-28T09:46:10.2439740-07:00" testType="13cdc9d9-ddb5-4fa4-a97d-d965ccfc6d4b" outcome="Passed" testListId="8c84fa94-04c1-424b-9868-57a2d4851a1d" relativeResultsDirectory="3e2330ba-31b4-4b0f-8f5d-b9528d5ee63e" />
    <UnitTestResult executionId="8a8a9538-275b-4548-ad66-abd8c40318c8" testId="3b198825-9802-4814-bea5-3eb934e8935b" testName="VSSTests.UI.Controls.Grids Out_OutCalledWhenNoDraggingRow" computerName="TFSBUILD11" duration="00:00:00.0370000" startTime="2015-09-28T09:46:10.2449744-07:00" endTime="2015-09-28T09:46:10.2449744-07:00" testType="13cdc9d9-ddb5-4fa4-a97d-d965ccfc6d4b" outcome="Passed" testListId="8c84fa94-04c1-424b-9868-57a2d4851a1d" relativeResultsDirectory="8a8a9538-275b-4548-ad66-abd8c40318c8" />
    <UnitTestResult executionId="e2df2edf-6455-4116-9385-0fd74dc93c67" testId="e28d6369-2272-4736-9f49-0cc2543c1167" testName="VSSTests.UI.Controls.Grids Out_OutOnlyCalledOnceForRow" computerName="TFSBUILD11" duration="00:00:00.0340000" startTime="2015-09-28T09:46:10.2449744-07:00" endTime="2015-09-28T09:46:10.2449744-07:00" testType="13cdc9d9-ddb5-4fa4-a97d-d965ccfc6d4b" outcome="Passed" testListId="8c84fa94-04c1-424b-9868-57a2d4851a1d" relativeResultsDirectory="e2df2edf-6455-4116-9385-0fd74dc93c67" />
    <UnitTestResult executionId="9d9467c1-f54f-4281-ad94-c5d0dd575ad5" testId="1aa9ff76-5589-418e-b931-343db0e9ff6f" testName="VSSTests.UI.Controls.Grids Out_HoverClassRemovedFromOutRow" computerName="TFSBUILD11" duration="00:00:00.0290000" startTime="2015-09-28T09:46:10.2449744-07:00" endTime="2015-09-28T09:46:10.2449744-07:00" testType="13cdc9d9-ddb5-4fa4-a97d-d965ccfc6d4b" outcome="Passed" testListId="8c84fa94-04c1-424b-9868-57a2d4851a1d" relativeResultsDirectory="9d9467c1-f54f-4281-ad94-c5d0dd575ad5" />
    <UnitTestResult executionId="bcc80856-bfd3-413c-97e7-93615c885555" testId="27926580-6fb9-4e29-9953-3373cb85c30c" testName="VSSTests.UI.Controls.Grids Drop_UiInfoUpdatedForDrop" computerName="TFSBUILD11" duration="00:00:00.0310000" startTime="2015-09-28T09:46:10.2449744-07:00" endTime="2015-09-28T09:46:10.2449744-07:00" testType="13cdc9d9-ddb5-4fa4-a97d-d965ccfc6d4b" outcome="Passed" testListId="8c84fa94-04c1-424b-9868-57a2d4851a1d" relativeResultsDirectory="bcc80856-bfd3-413c-97e7-93615c885555" />
    <UnitTestResult executionId="dc369135-c1ca-4306-9437-1edee2179fd3" testId="6c3574db-adbb-483e-9ad4-7f38f3088a2e" testName="VSSTests.UI.Controls.Grids Drop_DropCalledWhenNoDraggingRow" computerName="TFSBUILD11" duration="00:00:00.0360000" startTime="2015-09-28T09:46:10.2449744-07:00" endTime="2015-09-28T09:46:10.2449744-07:00" testType="13cdc9d9-ddb5-4fa4-a97d-d965ccfc6d4b" outcome="Passed" testListId="8c84fa94-04c1-424b-9868-57a2d4851a1d" relativeResultsDirectory="dc369135-c1ca-4306-9437-1edee2179fd3" />
    <UnitTestResult executionId="ab6d0e14-0c3c-47c0-91a9-6a173836bc75" testId="a8a1a0e5-da7a-4a02-bffe-834ad33cfb71" testName="VSSTests.UI.Controls.Grids Drop_DropNotInvokedWhenNothingIntersects" computerName="TFSBUILD11" duration="00:00:00.0300000" startTime="2015-09-28T09:46:10.6190242-07:00" endTime="2015-09-28T09:46:10.6190242-07:00" testType="13cdc9d9-ddb5-4fa4-a97d-d965ccfc6d4b" outcome="Passed" testListId="8c84fa94-04c1-424b-9868-57a2d4851a1d" relativeResultsDirectory="ab6d0e14-0c3c-47c0-91a9-6a173836bc75" />
    <UnitTestResult executionId="bc8dff18-ea61-49e4-99c0-262ce1b7046a" testId="38459d7e-cd5f-430e-bf0b-3df41a2e43b9" testName="VSSTests.UI.Controls.Grids Drop_DropNotInvokedWhenIntersectsNonAcceptedRow" computerName="TFSBUILD11" duration="00:00:00.0290000" startTime="2015-09-28T09:46:10.6190242-07:00" endTime="2015-09-28T09:46:10.6190242-07:00" testType="13cdc9d9-ddb5-4fa4-a97d-d965ccfc6d4b" outcome="Passed" testListId="8c84fa94-04c1-424b-9868-57a2d4851a1d" relativeResultsDirectory="bc8dff18-ea61-49e4-99c0-262ce1b7046a" />
    <UnitTestResult executionId="74483a6e-4186-4bc8-bb8c-9acfb9e315c2" testId="78029fb9-d303-4ea9-8fd7-dcba36a2d612" testName="VSSTests.UI.Controls.Grids Drop_DropNotCalledOnDraggingRow" computerName="TFSBUILD11" duration="00:00:00.0350000" startTime="2015-09-28T09:46:10.6190242-07:00" endTime="2015-09-28T09:46:10.6190242-07:00" testType="13cdc9d9-ddb5-4fa4-a97d-d965ccfc6d4b" outcome="Passed" testListId="8c84fa94-04c1-424b-9868-57a2d4851a1d" relativeResultsDirectory="74483a6e-4186-4bc8-bb8c-9acfb9e315c2" />
    <UnitTestResult executionId="e9c08f3c-bf55-490c-9fe9-38985c3059dd" testId="71a3eb8c-b3e0-4038-ac22-74ec40213c22" testName="VSSTests.UI.Controls.Grids Drop_DropRemovesHoverAndActiveClasses" computerName="TFSBUILD11" duration="00:00:00.0400000" startTime="2015-09-28T09:46:10.6190242-07:00" endTime="2015-09-28T09:46:10.6190242-07:00" testType="13cdc9d9-ddb5-4fa4-a97d-d965ccfc6d4b" outcome="Passed" testListId="8c84fa94-04c1-424b-9868-57a2d4851a1d" relativeResultsDirectory="e9c08f3c-bf55-490c-9fe9-38985c3059dd" />
    <UnitTestResult executionId="b815f81e-81d3-4e14-956f-07554cb331d0" testId="7ed92020-ffd6-4d2e-b459-d56c6f1905ef" testName="VSSTests.UI.Controls.Grids Selection_SelectAll_OnlySelectsVisible" computerName="TFSBUILD11" duration="00:00:00.0580000" startTime="2015-09-28T09:46:10.6190242-07:00" endTime="2015-09-28T09:46:10.6190242-07:00" testType="13cdc9d9-ddb5-4fa4-a97d-d965ccfc6d4b" outcome="Passed" testListId="8c84fa94-04c1-424b-9868-57a2d4851a1d" relativeResultsDirectory="b815f81e-81d3-4e14-956f-07554cb331d0" />
    <UnitTestResult executionId="d0dab56c-be56-48e7-a6d8-504718f5c6aa" testId="c1fb59c9-20b9-4515-acd2-58643ae30468" testName="VSSTests.UI.Controls.Grids Selection_ClearSelection_ClearsSelectedRowsAndCount" computerName="TFSBUILD11" duration="00:00:00.0500000" startTime="2015-09-28T09:46:10.6190242-07:00" endTime="2015-09-28T09:46:10.6190242-07:00" testType="13cdc9d9-ddb5-4fa4-a97d-d965ccfc6d4b" outcome="Passed" testListId="8c84fa94-04c1-424b-9868-57a2d4851a1d" relativeResultsDirectory="d0dab56c-be56-48e7-a6d8-504718f5c6aa" />
    <UnitTestResult executionId="9633b150-a95c-419f-8ef8-893bc00c96cb" testId="8dfb137b-17fe-49e6-8305-eab95f0e4842" testName="VSSTests.UI.Controls.Grids Selection_ClearSelection_DoesNotClearSelectedIndex" computerName="TFSBUILD11" duration="00:00:00.0780000" startTime="2015-09-28T09:46:10.6346446-07:00" endTime="2015-09-28T09:46:10.6346446-07:00" testType="13cdc9d9-ddb5-4fa4-a97d-d965ccfc6d4b" outcome="Passed" testListId="8c84fa94-04c1-424b-9868-57a2d4851a1d" relativeResultsDirectory="9633b150-a95c-419f-8ef8-893bc00c96cb" />
    <UnitTestResult executionId="efb1b292-0d5d-42fe-bb2d-6043e2edcc79" testId="ae6cf42f-1980-450b-b010-2359394c19b5" testName="VSSTests.UI.Controls.Grids Hierarchical_Source_Empty" computerName="TFSBUILD11" duration="00:00:00.0180000" startTime="2015-09-28T09:46:10.6346446-07:00" endTime="2015-09-28T09:46:10.6346446-07:00" testType="13cdc9d9-ddb5-4fa4-a97d-d965ccfc6d4b" outcome="Passed" testListId="8c84fa94-04c1-424b-9868-57a2d4851a1d" relativeResultsDirectory="efb1b292-0d5d-42fe-bb2d-6043e2edcc79" />
    <UnitTestResult executionId="82b1f869-b778-40d9-9663-dddea1e789ef" testId="a7e6fce2-8a63-41dc-8ecd-eca0beb8e333" testName="VSSTests.UI.Controls.Grids Hierarchical_Source" computerName="TFSBUILD11" duration="00:00:00.0320000" startTime="2015-09-28T09:46:10.6346446-07:00" endTime="2015-09-28T09:46:10.6346446-07:00" testType="13cdc9d9-ddb5-4fa4-a97d-d965ccfc6d4b" outcome="Passed" testListId="8c84fa94-04c1-424b-9868-57a2d4851a1d" relativeResultsDirectory="82b1f869-b778-40d9-9663-dddea1e789ef" />
    <UnitTestResult executionId="5cdf7b8f-f386-4092-b981-e3f70832a7a6" testId="042305ac-f261-428e-99b1-31c23d2ea21b" testName="VSSTests.UI.Controls.Grids Hierarchical_Source_Update" computerName="TFSBUILD11" duration="00:00:00.0200000" startTime="2015-09-28T09:46:10.8588037-07:00" endTime="2015-09-28T09:46:10.8588037-07:00" testType="13cdc9d9-ddb5-4fa4-a97d-d965ccfc6d4b" outcome="Passed" testListId="8c84fa94-04c1-424b-9868-57a2d4851a1d" relativeResultsDirectory="5cdf7b8f-f386-4092-b981-e3f70832a7a6" />
    <UnitTestResult executionId="6268ccc5-dbea-4758-89f0-9f0e3d07eecc" testId="af3f17b3-8887-40ad-87ff-d283f030e60c" testName="VSSTests.UI.Controls.Grids.GridSearchAdapterTests addMoreItems_InvokesCallbackWithNewItemsAndCallsSearchCallbackOnCompletion" computerName="TFSBUILD11" duration="00:00:00.0830000" startTime="2015-09-28T09:46:10.8598044-07:00" endTime="2015-09-28T09:46:10.8598044-07:00" testType="13cdc9d9-ddb5-4fa4-a97d-d965ccfc6d4b" outcome="Passed" testListId="8c84fa94-04c1-424b-9868-57a2d4851a1d" relativeResultsDirectory="6268ccc5-dbea-4758-89f0-9f0e3d07eecc" />
    <UnitTestResult executionId="56869128-2cc1-4ff4-bf3b-5d9c2916865b" testId="69e34301-882c-4e73-8b81-e8b8727ccc57" testName="VSSTests.UI.Controls.Grids.GridSearchAdapterTests createSearchableObjects_CreatesSearchableObjectsForGridRows" computerName="TFSBUILD11" duration="00:00:00.0200000" startTime="2015-09-28T09:46:10.8598909-07:00" endTime="2015-09-28T09:46:10.8598909-07:00" testType="13cdc9d9-ddb5-4fa4-a97d-d965ccfc6d4b" outcome="Passed" testListId="8c84fa94-04c1-424b-9868-57a2d4851a1d" relativeResultsDirectory="56869128-2cc1-4ff4-bf3b-5d9c2916865b" />
    <UnitTestResult executionId="a16e43be-4717-49ef-9bee-e795d1f52872" testId="3b3807ad-90f5-4bdc-960a-a06bd10ddb61" testName="VSSTests.UI.Controls.Grids.GridSearchAdapterTests handleResults_GridIsUpdatedWithProvidedResults" computerName="TFSBUILD11" duration="00:00:00.0170000" startTime="2015-09-28T09:46:10.8598909-07:00" endTime="2015-09-28T09:46:10.8598909-07:00" testType="13cdc9d9-ddb5-4fa4-a97d-d965ccfc6d4b" outcome="Passed" testListId="8c84fa94-04c1-424b-9868-57a2d4851a1d" relativeResultsDirectory="a16e43be-4717-49ef-9bee-e795d1f52872" />
    <UnitTestResult executionId="879094be-b395-4172-81ef-ea083ab38219" testId="c21b6fa7-4044-4ae5-9d87-6896fa4d7adc" testName="VSSTests.UI.Controls.Grids.GridSearchAdapterTests handleError_TFSErrorIsInvoked" computerName="TFSBUILD11" duration="00:00:00.0160000" startTime="2015-09-28T09:46:10.8598909-07:00" endTime="2015-09-28T09:46:10.8598909-07:00" testType="13cdc9d9-ddb5-4fa4-a97d-d965ccfc6d4b" outcome="Passed" testListId="8c84fa94-04c1-424b-9868-57a2d4851a1d" relativeResultsDirectory="879094be-b395-4172-81ef-ea083ab38219" />
    <UnitTestResult executionId="aa0339cb-b5fa-4cc4-aef5-379798fb8b1d" testId="2db3c5e3-6bf1-4ed0-911a-16c5261ff4d2" testName="VSSTests.UI.Controls.Grids.GridSearchAdapterTests handleClear_DataIsResetWhenResultDataIsPresent" computerName="TFSBUILD11" duration="00:00:00.0170000" startTime="2015-09-28T09:46:10.8598909-07:00" endTime="2015-09-28T09:46:10.8598909-07:00" testType="13cdc9d9-ddb5-4fa4-a97d-d965ccfc6d4b" outcome="Passed" testListId="8c84fa94-04c1-424b-9868-57a2d4851a1d" relativeResultsDirectory="aa0339cb-b5fa-4cc4-aef5-379798fb8b1d" />
    <UnitTestResult executionId="e366f144-7688-43dd-b2d2-00ab204f3d8a" testId="1f81b1f7-6fea-4017-9137-5fddf356f8a9" testName="VSSTests.UI.Controls.Grids.GridSearchAdapterTests handleClear_DataIsNotResetWhenResultDataIsNotPresent" computerName="TFSBUILD11" duration="00:00:00.0170000" startTime="2015-09-28T09:46:10.8598909-07:00" endTime="2015-09-28T09:46:10.8598909-07:00" testType="13cdc9d9-ddb5-4fa4-a97d-d965ccfc6d4b" outcome="Passed" testListId="8c84fa94-04c1-424b-9868-57a2d4851a1d" relativeResultsDirectory="e366f144-7688-43dd-b2d2-00ab204f3d8a" />
    <UnitTestResult executionId="3c3241d5-6c56-4fa9-9474-068a5bb2ca45" testId="13b4e1d7-841c-46d9-82fb-75a8ce8b946f" testName="VSSTests.UI.Controls.Grids.GridSearchAdapterTests isDataSetComplete_DataSetIsCompleteWhenDataSetMatchesOriginalResults" computerName="TFSBUILD11" duration="00:00:00.0170000" startTime="2015-09-28T09:46:10.8598909-07:00" endTime="2015-09-28T09:46:10.8598909-07:00" testType="13cdc9d9-ddb5-4fa4-a97d-d965ccfc6d4b" outcome="Passed" testListId="8c84fa94-04c1-424b-9868-57a2d4851a1d" relativeResultsDirectory="3c3241d5-6c56-4fa9-9474-068a5bb2ca45" />
    <UnitTestResult executionId="d3ae21c8-ff2d-4772-8af0-344b43a4b816" testId="ba742129-705f-4e2f-8031-a690d4a6766e" testName="VSSTests.UI.Controls.Grids.GridSearchAdapterTests isDataSetComplete_DataSetIsCompleteWhenDataSetMatchesSearchResults" computerName="TFSBUILD11" duration="00:00:00.0160000" startTime="2015-09-28T09:46:10.8598909-07:00" endTime="2015-09-28T09:46:10.8598909-07:00" testType="13cdc9d9-ddb5-4fa4-a97d-d965ccfc6d4b" outcome="Passed" testListId="8c84fa94-04c1-424b-9868-57a2d4851a1d" relativeResultsDirectory="d3ae21c8-ff2d-4772-8af0-344b43a4b816" />
    <UnitTestResult executionId="f04ff140-6e1b-4031-8cf0-47de4d2d7df7" testId="6a9f59f7-e6b3-44ac-a86f-7acd54cd7e7e" testName="VSSTests.UI.Controls.Grids.GridSearchAdapterTests isDataSetComplete_DataSetIsNotCompleteBeforeCallingCreateSearchableObjects" computerName="TFSBUILD11" duration="00:00:00.0150000" startTime="2015-09-28T09:46:11.5299860-07:00" endTime="2015-09-28T09:46:11.5299860-07:00" testType="13cdc9d9-ddb5-4fa4-a97d-d965ccfc6d4b" outcome="Passed" testListId="8c84fa94-04c1-424b-9868-57a2d4851a1d" relativeResultsDirectory="f04ff140-6e1b-4031-8cf0-47de4d2d7df7" />
    <UnitTestResult executionId="93406c9b-c9b5-4e6e-8f85-26bccbf9ad18" testId="c9e8b107-c094-4b13-a7f2-d379ff075e97" testName="VSSTests.UI.Controls.Grids.GridSearchAdapterTests isDataSetComplete_DataSetIsNotCompleteWhenDataChanged" computerName="TFSBUILD11" duration="00:00:00.0180000" startTime="2015-09-28T09:46:11.5299860-07:00" endTime="2015-09-28T09:46:11.5299860-07:00" testType="13cdc9d9-ddb5-4fa4-a97d-d965ccfc6d4b" outcome="Passed" testListId="8c84fa94-04c1-424b-9868-57a2d4851a1d" relativeResultsDirectory="93406c9b-c9b5-4e6e-8f85-26bccbf9ad18" />
  </Results>
  <TestDefinitions>
    <UnitTest name="VSSTests.TFS.Core.StringUtils testToSentenceCase" storage="d:\v2.0\a1\_work\dbded102\vso\vssf\webplatform\platform\scripts\vsstests\common\tests\vsstests.core.ts" id="c14a5fcd-813f-46a2-b619-889c1af6ff9e">
      <Execution id="78b525b3-01b0-4d58-bb07-64bdf7548eea" />
      <TestMethod codeBase="d:\v2.0\a1\_work\dbded102\vso\vssf\webplatform\platform\scripts\vsstests\common\tests\vsstests.core.ts" adapterTypeName="Microsoft.VisualStudio.TestTools.TestTypes.Unit.UnitTestAdapter" className="d:\v2.0\a1\_work\dbded102\vso\vssf\webplatform\platform\scripts\vsstests\common\tests\vsstests.core.ts::vsstests.tfs.core" name="VSSTests.TFS.Core.StringUtils testToSentenceCase" />
    </UnitTest>
    <UnitTest name="VSSTests.TFS.Core.PathUtils testCombinePaths" storage="d:\v2.0\a1\_work\dbded102\vso\vssf\webplatform\platform\scripts\vsstests\common\tests\vsstests.core.ts" id="2b166ff5-4008-4755-a7db-6b7e2e2dc44c">
      <Execution id="c802279e-2a3b-4d2a-8d1e-644c0bdb4bea" />
      <TestMethod codeBase="d:\v2.0\a1\_work\dbded102\vso\vssf\webplatform\platform\scripts\vsstests\common\tests\vsstests.core.ts" adapterTypeName="Microsoft.VisualStudio.TestTools.TestTypes.Unit.UnitTestAdapter" className="d:\v2.0\a1\_work\dbded102\vso\vssf\webplatform\platform\scripts\vsstests\common\tests\vsstests.core.ts::vsstests.tfs.core" name="VSSTests.TFS.Core.PathUtils testCombinePaths" />
    </UnitTest>
    <UnitTest name="VSSTests.TFS.Core.DateUtils testParseDateString" storage="d:\v2.0\a1\_work\dbded102\vso\vssf\webplatform\platform\scripts\vsstests\common\tests\vsstests.core.ts" id="b648fa1b-6b9c-42d6-a581-bcee42aff9aa">
      <Execution id="557d6d17-6522-4e77-b03d-f6d22aa375b9" />
      <TestMethod codeBase="d:\v2.0\a1\_work\dbded102\vso\vssf\webplatform\platform\scripts\vsstests\common\tests\vsstests.core.ts" adapterTypeName="Microsoft.VisualStudio.TestTools.TestTypes.Unit.UnitTestAdapter" className="d:\v2.0\a1\_work\dbded102\vso\vssf\webplatform\platform\scripts\vsstests\common\tests\vsstests.core.ts::vsstests.tfs.core" name="VSSTests.TFS.Core.DateUtils testParseDateString" />
    </UnitTest>
    <UnitTest name="VSSTests.TFS.Core.DateUtils testLocaleFormat" storage="d:\v2.0\a1\_work\dbded102\vso\vssf\webplatform\platform\scripts\vsstests\common\tests\vsstests.core.ts" id="108cb8de-e4a7-45a9-8e8f-53c02fa003b7">
      <Execution id="7d2ab6af-aa6b-4e3e-b1b4-71f24b3dd118" />
      <TestMethod codeBase="d:\v2.0\a1\_work\dbded102\vso\vssf\webplatform\platform\scripts\vsstests\common\tests\vsstests.core.ts" adapterTypeName="Microsoft.VisualStudio.TestTools.TestTypes.Unit.UnitTestAdapter" className="d:\v2.0\a1\_work\dbded102\vso\vssf\webplatform\platform\scripts\vsstests\common\tests\vsstests.core.ts::vsstests.tfs.core" name="VSSTests.TFS.Core.DateUtils testLocaleFormat" />
    </UnitTest>
    <UnitTest name="VSSTests.TFS.Core.DateUtils testParseDateStringWithTimeZone" storage="d:\v2.0\a1\_work\dbded102\vso\vssf\webplatform\platform\scripts\vsstests\common\tests\vsstests.core.ts" id="94ec994b-e9f0-45ac-936d-b8dbb77b54d3">
      <Execution id="17d1f2d0-f68e-4d5f-b6eb-5a2d19c3ff4d" />
      <TestMethod codeBase="d:\v2.0\a1\_work\dbded102\vso\vssf\webplatform\platform\scripts\vsstests\common\tests\vsstests.core.ts" adapterTypeName="Microsoft.VisualStudio.TestTools.TestTypes.Unit.UnitTestAdapter" className="d:\v2.0\a1\_work\dbded102\vso\vssf\webplatform\platform\scripts\vsstests\common\tests\vsstests.core.ts::vsstests.tfs.core" name="VSSTests.TFS.Core.DateUtils testParseDateStringWithTimeZone" />
    </UnitTest>
    <UnitTest name="VSSTests.TFS.Core.DateUtils testlocaleFormatWithTimeZone" storage="d:\v2.0\a1\_work\dbded102\vso\vssf\webplatform\platform\scripts\vsstests\common\tests\vsstests.core.ts" id="4e655a91-0e48-4832-8fe7-71de8981c517">
      <Execution id="9775d9d2-9b57-4220-bc74-19cb073ffa11" />
      <TestMethod codeBase="d:\v2.0\a1\_work\dbded102\vso\vssf\webplatform\platform\scripts\vsstests\common\tests\vsstests.core.ts" adapterTypeName="Microsoft.VisualStudio.TestTools.TestTypes.Unit.UnitTestAdapter" className="d:\v2.0\a1\_work\dbded102\vso\vssf\webplatform\platform\scripts\vsstests\common\tests\vsstests.core.ts::vsstests.tfs.core" name="VSSTests.TFS.Core.DateUtils testlocaleFormatWithTimeZone" />
    </UnitTest>
    <UnitTest name="VSSTests.TFS.Core.ParseIntArrayTests testParseIntArray" storage="d:\v2.0\a1\_work\dbded102\vso\vssf\webplatform\platform\scripts\vsstests\common\tests\vsstests.core.ts" id="b6b8d296-8165-47d7-81cf-476849f1503c">
      <Execution id="a1a52920-b505-4ddf-a06c-19c682dfe578" />
      <TestMethod codeBase="d:\v2.0\a1\_work\dbded102\vso\vssf\webplatform\platform\scripts\vsstests\common\tests\vsstests.core.ts" adapterTypeName="Microsoft.VisualStudio.TestTools.TestTypes.Unit.UnitTestAdapter" className="d:\v2.0\a1\_work\dbded102\vso\vssf\webplatform\platform\scripts\vsstests\common\tests\vsstests.core.ts::vsstests.tfs.core" name="VSSTests.TFS.Core.ParseIntArrayTests testParseIntArray" />
    </UnitTest>
    <UnitTest name="VSSTests.TFS.Core.ParseIntArrayTests testParseIntArrayInvalidInput" storage="d:\v2.0\a1\_work\dbded102\vso\vssf\webplatform\platform\scripts\vsstests\common\tests\vsstests.core.ts" id="191933a1-100b-4edb-9fed-7b78648872d8">
      <Execution id="5bbe1a52-9ae2-4cdc-b16b-c04f7e53f981" />
      <TestMethod codeBase="d:\v2.0\a1\_work\dbded102\vso\vssf\webplatform\platform\scripts\vsstests\common\tests\vsstests.core.ts" adapterTypeName="Microsoft.VisualStudio.TestTools.TestTypes.Unit.UnitTestAdapter" className="d:\v2.0\a1\_work\dbded102\vso\vssf\webplatform\platform\scripts\vsstests\common\tests\vsstests.core.ts::vsstests.tfs.core" name="VSSTests.TFS.Core.ParseIntArrayTests testParseIntArrayInvalidInput" />
    </UnitTest>
    <UnitTest name="VSSTests.TFS.Host.UrlHelper testReplaceUrlNoParamExist" storage="d:\v2.0\a1\_work\dbded102\vso\vssf\webplatform\platform\scripts\vsstests\common\tests\vsstests.host.ts" id="50df0932-02a9-4f56-a1bb-9ed0880862be">
      <Execution id="e3603801-757e-4f81-ab97-50a13be5ac35" />
      <TestMethod codeBase="d:\v2.0\a1\_work\dbded102\vso\vssf\webplatform\platform\scripts\vsstests\common\tests\vsstests.host.ts" adapterTypeName="Microsoft.VisualStudio.TestTools.TestTypes.Unit.UnitTestAdapter" className="d:\v2.0\a1\_work\dbded102\vso\vssf\webplatform\platform\scripts\vsstests\common\tests\vsstests.host.ts::vsstests.tfs.host" name="VSSTests.TFS.Host.UrlHelper testReplaceUrlNoParamExist" />
    </UnitTest>
    <UnitTest name="VSSTests.TFS.Host.UrlHelper testReplaceUrlParamDoesNotExist" storage="d:\v2.0\a1\_work\dbded102\vso\vssf\webplatform\platform\scripts\vsstests\common\tests\vsstests.host.ts" id="14d56145-5020-4fa2-a059-abfd0e1ee131">
      <Execution id="462a6136-45ce-4553-8053-0a626d452c0a" />
      <TestMethod codeBase="d:\v2.0\a1\_work\dbded102\vso\vssf\webplatform\platform\scripts\vsstests\common\tests\vsstests.host.ts" adapterTypeName="Microsoft.VisualStudio.TestTools.TestTypes.Unit.UnitTestAdapter" className="d:\v2.0\a1\_work\dbded102\vso\vssf\webplatform\platform\scripts\vsstests\common\tests\vsstests.host.ts::vsstests.tfs.host" name="VSSTests.TFS.Host.UrlHelper testReplaceUrlParamDoesNotExist" />
    </UnitTest>
    <UnitTest name="VSSTests.TFS.Host.UrlHelper testReplaceUrlParamIsTheOnlyParam" storage="d:\v2.0\a1\_work\dbded102\vso\vssf\webplatform\platform\scripts\vsstests\common\tests\vsstests.host.ts" id="b3cad86c-8587-4e3b-8f62-e7fdc347cdbc">
      <Execution id="52200547-276b-4493-8562-4c7f9df1bdd6" />
      <TestMethod codeBase="d:\v2.0\a1\_work\dbded102\vso\vssf\webplatform\platform\scripts\vsstests\common\tests\vsstests.host.ts" adapterTypeName="Microsoft.VisualStudio.TestTools.TestTypes.Unit.UnitTestAdapter" className="d:\v2.0\a1\_work\dbded102\vso\vssf\webplatform\platform\scripts\vsstests\common\tests\vsstests.host.ts::vsstests.tfs.host" name="VSSTests.TFS.Host.UrlHelper testReplaceUrlParamIsTheOnlyParam" />
    </UnitTest>
    <UnitTest name="VSSTests.TFS.Host.UrlHelper testReplaceUrlParamIsTheOnlyParamWithSameValue" storage="d:\v2.0\a1\_work\dbded102\vso\vssf\webplatform\platform\scripts\vsstests\common\tests\vsstests.host.ts" id="e5a07dae-1858-4ad9-8817-08abc216e23a">
      <Execution id="f863e750-02cd-4aba-9c71-97e4906ed86f" />
      <TestMethod codeBase="d:\v2.0\a1\_work\dbded102\vso\vssf\webplatform\platform\scripts\vsstests\common\tests\vsstests.host.ts" adapterTypeName="Microsoft.VisualStudio.TestTools.TestTypes.Unit.UnitTestAdapter" className="d:\v2.0\a1\_work\dbded102\vso\vssf\webplatform\platform\scripts\vsstests\common\tests\vsstests.host.ts::vsstests.tfs.host" name="VSSTests.TFS.Host.UrlHelper testReplaceUrlParamIsTheOnlyParamWithSameValue" />
    </UnitTest>
    <UnitTest name="VSSTests.TFS.Host.UrlHelper testReplaceUrlParamIsTheFirstParam" storage="d:\v2.0\a1\_work\dbded102\vso\vssf\webplatform\platform\scripts\vsstests\common\tests\vsstests.host.ts" id="943f6e92-ced2-46f8-96e0-a05c8d421fc2">
      <Execution id="048da0f3-1d83-4229-9bee-8617c1a9fb11" />
      <TestMethod codeBase="d:\v2.0\a1\_work\dbded102\vso\vssf\webplatform\platform\scripts\vsstests\common\tests\vsstests.host.ts" adapterTypeName="Microsoft.VisualStudio.TestTools.TestTypes.Unit.UnitTestAdapter" className="d:\v2.0\a1\_work\dbded102\vso\vssf\webplatform\platform\scripts\vsstests\common\tests\vsstests.host.ts::vsstests.tfs.host" name="VSSTests.TFS.Host.UrlHelper testReplaceUrlParamIsTheFirstParam" />
    </UnitTest>
    <UnitTest name="VSSTests.TFS.Host.UrlHelper testReplaceUrlParamIsTheLastParam" storage="d:\v2.0\a1\_work\dbded102\vso\vssf\webplatform\platform\scripts\vsstests\common\tests\vsstests.host.ts" id="b347591c-1d71-49e2-bfb8-cd069df94287">
      <Execution id="95122306-61b7-4b84-9ffa-8ecffc42043e" />
      <TestMethod codeBase="d:\v2.0\a1\_work\dbded102\vso\vssf\webplatform\platform\scripts\vsstests\common\tests\vsstests.host.ts" adapterTypeName="Microsoft.VisualStudio.TestTools.TestTypes.Unit.UnitTestAdapter" className="d:\v2.0\a1\_work\dbded102\vso\vssf\webplatform\platform\scripts\vsstests\common\tests\vsstests.host.ts::vsstests.tfs.host" name="VSSTests.TFS.Host.UrlHelper testReplaceUrlParamIsTheLastParam" />
    </UnitTest>
    <UnitTest name="VSSTests.Search trieFunctionality" storage="d:\v2.0\a1\_work\dbded102\vso\vssf\webplatform\platform\scripts\vsstests\common\tests\vsstests.search.ts" id="a87689a6-9b7a-4fe6-a9f1-be789b0de1f1">
      <Execution id="748ef5dc-902b-4bde-b5db-a2b55c2a19c3" />
      <TestMethod codeBase="d:\v2.0\a1\_work\dbded102\vso\vssf\webplatform\platform\scripts\vsstests\common\tests\vsstests.search.ts" adapterTypeName="Microsoft.VisualStudio.TestTools.TestTypes.Unit.UnitTestAdapter" className="d:\v2.0\a1\_work\dbded102\vso\vssf\webplatform\platform\scripts\vsstests\common\tests\vsstests.search.ts::vsstests" name="VSSTests.Search trieFunctionality" />
    </UnitTest>
    <UnitTest name="VSSTests.Search checkIndexAdded" storage="d:\v2.0\a1\_work\dbded102\vso\vssf\webplatform\platform\scripts\vsstests\common\tests\vsstests.search.ts" id="458f3ef2-d424-4ef9-870b-34ffcc31490b">
      <Execution id="6a764092-4e9c-4baf-ac68-d53a176ecabc" />
      <TestMethod codeBase="d:\v2.0\a1\_work\dbded102\vso\vssf\webplatform\platform\scripts\vsstests\common\tests\vsstests.search.ts" adapterTypeName="Microsoft.VisualStudio.TestTools.TestTypes.Unit.UnitTestAdapter" className="d:\v2.0\a1\_work\dbded102\vso\vssf\webplatform\platform\scripts\vsstests\common\tests\vsstests.search.ts::vsstests" name="VSSTests.Search checkIndexAdded" />
    </UnitTest>
    <UnitTest name="VSSTests.Search checkIndexAddedNoSymbols" storage="d:\v2.0\a1\_work\dbded102\vso\vssf\webplatform\platform\scripts\vsstests\common\tests\vsstests.search.ts" id="591131a2-dabb-4351-b7ec-a0490d09ae9b">
      <Execution id="11d1fd08-be26-4362-b4b1-da426f8164ac" />
      <TestMethod codeBase="d:\v2.0\a1\_work\dbded102\vso\vssf\webplatform\platform\scripts\vsstests\common\tests\vsstests.search.ts" adapterTypeName="Microsoft.VisualStudio.TestTools.TestTypes.Unit.UnitTestAdapter" className="d:\v2.0\a1\_work\dbded102\vso\vssf\webplatform\platform\scripts\vsstests\common\tests\vsstests.search.ts::vsstests" name="VSSTests.Search checkIndexAddedNoSymbols" />
    </UnitTest>
    <UnitTest name="VSSTests.Search checkIndexAddedTwoRounds" storage="d:\v2.0\a1\_work\dbded102\vso\vssf\webplatform\platform\scripts\vsstests\common\tests\vsstests.search.ts" id="38b9c10d-8d70-4488-aec7-bab71539e64f">
      <Execution id="c1312a3d-e100-481c-88ed-8a0098ade39a" />
      <TestMethod codeBase="d:\v2.0\a1\_work\dbded102\vso\vssf\webplatform\platform\scripts\vsstests\common\tests\vsstests.search.ts" adapterTypeName="Microsoft.VisualStudio.TestTools.TestTypes.Unit.UnitTestAdapter" className="d:\v2.0\a1\_work\dbded102\vso\vssf\webplatform\platform\scripts\vsstests\common\tests\vsstests.search.ts::vsstests" name="VSSTests.Search checkIndexAddedTwoRounds" />
    </UnitTest>
    <UnitTest name="VSSTests.Search checkIndexAddedEmpty" storage="d:\v2.0\a1\_work\dbded102\vso\vssf\webplatform\platform\scripts\vsstests\common\tests\vsstests.search.ts" id="f60c73b4-2ae8-40fd-b3c6-eb9e8d08d539">
      <Execution id="1e4dcdcc-c683-4db2-93a9-18b6257e042a" />
      <TestMethod codeBase="d:\v2.0\a1\_work\dbded102\vso\vssf\webplatform\platform\scripts\vsstests\common\tests\vsstests.search.ts" adapterTypeName="Microsoft.VisualStudio.TestTools.TestTypes.Unit.UnitTestAdapter" className="d:\v2.0\a1\_work\dbded102\vso\vssf\webplatform\platform\scripts\vsstests\common\tests\vsstests.search.ts::vsstests" name="VSSTests.Search checkIndexAddedEmpty" />
    </UnitTest>
    <UnitTest name="VSSTests.Search checkIndexAddedNull" storage="d:\v2.0\a1\_work\dbded102\vso\vssf\webplatform\platform\scripts\vsstests\common\tests\vsstests.search.ts" id="80eeb312-24bf-447b-a25a-0d8fb3314544">
      <Execution id="d11ff47e-4f52-4cd1-8572-ab27fb0f618b" />
      <TestMethod codeBase="d:\v2.0\a1\_work\dbded102\vso\vssf\webplatform\platform\scripts\vsstests\common\tests\vsstests.search.ts" adapterTypeName="Microsoft.VisualStudio.TestTools.TestTypes.Unit.UnitTestAdapter" className="d:\v2.0\a1\_work\dbded102\vso\vssf\webplatform\platform\scripts\vsstests\common\tests\vsstests.search.ts::vsstests" name="VSSTests.Search checkIndexAddedNull" />
    </UnitTest>
    <UnitTest name="VSSTests.Search indexSizeRegressionTest" storage="d:\v2.0\a1\_work\dbded102\vso\vssf\webplatform\platform\scripts\vsstests\common\tests\vsstests.search.ts" id="12f573ba-6818-4e5d-9933-0fe0e3ddfa71">
      <Execution id="eada2fc8-ff88-449c-9b0d-44192c05b1be" />
      <TestMethod codeBase="d:\v2.0\a1\_work\dbded102\vso\vssf\webplatform\platform\scripts\vsstests\common\tests\vsstests.search.ts" adapterTypeName="Microsoft.VisualStudio.TestTools.TestTypes.Unit.UnitTestAdapter" className="d:\v2.0\a1\_work\dbded102\vso\vssf\webplatform\platform\scripts\vsstests\common\tests\vsstests.search.ts::vsstests" name="VSSTests.Search indexSizeRegressionTest" />
    </UnitTest>
    <UnitTest name="VSSTests.Search SearchStrategy_verifySpecialCharacterIndexing_matchWithSingleCharacter" storage="d:\v2.0\a1\_work\dbded102\vso\vssf\webplatform\platform\scripts\vsstests\common\tests\vsstests.search.ts" id="18a6bfb9-1c81-4f08-8928-5ab7aa0ad4e8">
      <Execution id="9c20f950-3fbe-4a10-a66c-b967f61d6e3a" />
      <TestMethod codeBase="d:\v2.0\a1\_work\dbded102\vso\vssf\webplatform\platform\scripts\vsstests\common\tests\vsstests.search.ts" adapterTypeName="Microsoft.VisualStudio.TestTools.TestTypes.Unit.UnitTestAdapter" className="d:\v2.0\a1\_work\dbded102\vso\vssf\webplatform\platform\scripts\vsstests\common\tests\vsstests.search.ts::vsstests" name="VSSTests.Search SearchStrategy_verifySpecialCharacterIndexing_matchWithSingleCharacter" />
    </UnitTest>
    <UnitTest name="VSSTests.Search SearchStrategy_verifySpecialCharacterIndexing_matchWithMultipleCharacters" storage="d:\v2.0\a1\_work\dbded102\vso\vssf\webplatform\platform\scripts\vsstests\common\tests\vsstests.search.ts" id="3fb28ef8-d34e-4b6f-aaae-ff3409f8e3a4">
      <Execution id="a4d89697-c166-46f7-8931-6acf6c025322" />
      <TestMethod codeBase="d:\v2.0\a1\_work\dbded102\vso\vssf\webplatform\platform\scripts\vsstests\common\tests\vsstests.search.ts" adapterTypeName="Microsoft.VisualStudio.TestTools.TestTypes.Unit.UnitTestAdapter" className="d:\v2.0\a1\_work\dbded102\vso\vssf\webplatform\platform\scripts\vsstests\common\tests\vsstests.search.ts::vsstests" name="VSSTests.Search SearchStrategy_verifySpecialCharacterIndexing_matchWithMultipleCharacters" />
    </UnitTest>
    <UnitTest name="VSSTests.Search SearchStrategy_verifySpecialCharacterIndexing_matchOnMultipleTerms" storage="d:\v2.0\a1\_work\dbded102\vso\vssf\webplatform\platform\scripts\vsstests\common\tests\vsstests.search.ts" id="898f3cd0-b233-4dec-b106-6c845eb31b6b">
      <Execution id="a6e39107-d234-4978-817e-489df251199b" />
      <TestMethod codeBase="d:\v2.0\a1\_work\dbded102\vso\vssf\webplatform\platform\scripts\vsstests\common\tests\vsstests.search.ts" adapterTypeName="Microsoft.VisualStudio.TestTools.TestTypes.Unit.UnitTestAdapter" className="d:\v2.0\a1\_work\dbded102\vso\vssf\webplatform\platform\scripts\vsstests\common\tests\vsstests.search.ts::vsstests" name="VSSTests.Search SearchStrategy_verifySpecialCharacterIndexing_matchOnMultipleTerms" />
    </UnitTest>
    <UnitTest name="VSSTests.Search SearchStrategy_verifySpecialCharacterIndexing_matchWithMultipleResults" storage="d:\v2.0\a1\_work\dbded102\vso\vssf\webplatform\platform\scripts\vsstests\common\tests\vsstests.search.ts" id="20fdb94e-37a3-4fcf-b201-7bfb64fda387">
      <Execution id="6b79f96c-b74c-4f4b-80c3-afe5c9434c27" />
      <TestMethod codeBase="d:\v2.0\a1\_work\dbded102\vso\vssf\webplatform\platform\scripts\vsstests\common\tests\vsstests.search.ts" adapterTypeName="Microsoft.VisualStudio.TestTools.TestTypes.Unit.UnitTestAdapter" className="d:\v2.0\a1\_work\dbded102\vso\vssf\webplatform\platform\scripts\vsstests\common\tests\vsstests.search.ts::vsstests" name="VSSTests.Search SearchStrategy_verifySpecialCharacterIndexing_matchWithMultipleResults" />
    </UnitTest>
    <UnitTest name="VSSTests.Search SearchStrategy_verifySpecialCharacterIndexing_matchWithSearchOnSpecialCharacters" storage="d:\v2.0\a1\_work\dbded102\vso\vssf\webplatform\platform\scripts\vsstests\common\tests\vsstests.search.ts" id="536bb86b-0672-4465-b3aa-18588d0d59d8">
      <Execution id="eca3f063-1f11-4e0c-a1b5-3d29725eb277" />
      <TestMethod codeBase="d:\v2.0\a1\_work\dbded102\vso\vssf\webplatform\platform\scripts\vsstests\common\tests\vsstests.search.ts" adapterTypeName="Microsoft.VisualStudio.TestTools.TestTypes.Unit.UnitTestAdapter" className="d:\v2.0\a1\_work\dbded102\vso\vssf\webplatform\platform\scripts\vsstests\common\tests\vsstests.search.ts::vsstests" name="VSSTests.Search SearchStrategy_verifySpecialCharacterIndexing_matchWithSearchOnSpecialCharacters" />
    </UnitTest>
    <UnitTest name="VSSTests.Search SearchStrategy_verifySpecialCharacterIndexing_noMatches" storage="d:\v2.0\a1\_work\dbded102\vso\vssf\webplatform\platform\scripts\vsstests\common\tests\vsstests.search.ts" id="9e3f91fd-e82a-4b67-a00d-f9940604f988">
      <Execution id="48e23e54-6187-41b6-ad98-6ac9b37497b5" />
      <TestMethod codeBase="d:\v2.0\a1\_work\dbded102\vso\vssf\webplatform\platform\scripts\vsstests\common\tests\vsstests.search.ts" adapterTypeName="Microsoft.VisualStudio.TestTools.TestTypes.Unit.UnitTestAdapter" className="d:\v2.0\a1\_work\dbded102\vso\vssf\webplatform\platform\scripts\vsstests\common\tests\vsstests.search.ts::vsstests" name="VSSTests.Search SearchStrategy_verifySpecialCharacterIndexing_noMatches" />
    </UnitTest>
    <UnitTest name="VSSTests.Search SearchStrategy_verifySpecialCharacterIndexing_emptySpecialCharacters_shouldntAffectResults" storage="d:\v2.0\a1\_work\dbded102\vso\vssf\webplatform\platform\scripts\vsstests\common\tests\vsstests.search.ts" id="42479bd1-c897-4e1d-a0a2-3c5ac6d2a20d">
      <Execution id="f6ed8729-3573-4c44-b9e2-51aa99a580ea" />
      <TestMethod codeBase="d:\v2.0\a1\_work\dbded102\vso\vssf\webplatform\platform\scripts\vsstests\common\tests\vsstests.search.ts" adapterTypeName="Microsoft.VisualStudio.TestTools.TestTypes.Unit.UnitTestAdapter" className="d:\v2.0\a1\_work\dbded102\vso\vssf\webplatform\platform\scripts\vsstests\common\tests\vsstests.search.ts::vsstests" name="VSSTests.Search SearchStrategy_verifySpecialCharacterIndexing_emptySpecialCharacters_shouldntAffectResults" />
    </UnitTest>
    <UnitTest name="VSSTests.Search checkResultsCorrectSingleWord" storage="d:\v2.0\a1\_work\dbded102\vso\vssf\webplatform\platform\scripts\vsstests\common\tests\vsstests.search.ts" id="1859cb2e-78ca-4941-afe9-abbf9b436939">
      <Execution id="2873bf51-77b2-4516-94a1-b9be48faa375" />
      <TestMethod codeBase="d:\v2.0\a1\_work\dbded102\vso\vssf\webplatform\platform\scripts\vsstests\common\tests\vsstests.search.ts" adapterTypeName="Microsoft.VisualStudio.TestTools.TestTypes.Unit.UnitTestAdapter" className="d:\v2.0\a1\_work\dbded102\vso\vssf\webplatform\platform\scripts\vsstests\common\tests\vsstests.search.ts::vsstests" name="VSSTests.Search checkResultsCorrectSingleWord" />
    </UnitTest>
    <UnitTest name="VSSTests.Search checkResultsCorrectPartialWord" storage="d:\v2.0\a1\_work\dbded102\vso\vssf\webplatform\platform\scripts\vsstests\common\tests\vsstests.search.ts" id="e22a4543-5375-4aca-b573-6d367aa1adf2">
      <Execution id="7ebf979d-b2d0-462d-8614-3f838ecb0be7" />
      <TestMethod codeBase="d:\v2.0\a1\_work\dbded102\vso\vssf\webplatform\platform\scripts\vsstests\common\tests\vsstests.search.ts" adapterTypeName="Microsoft.VisualStudio.TestTools.TestTypes.Unit.UnitTestAdapter" className="d:\v2.0\a1\_work\dbded102\vso\vssf\webplatform\platform\scripts\vsstests\common\tests\vsstests.search.ts::vsstests" name="VSSTests.Search checkResultsCorrectPartialWord" />
    </UnitTest>
    <UnitTest name="VSSTests.Search checkResultsCorrectMultipleWords" storage="d:\v2.0\a1\_work\dbded102\vso\vssf\webplatform\platform\scripts\vsstests\common\tests\vsstests.search.ts" id="927fd39b-d343-4d73-8761-238c9afd9478">
      <Execution id="a3c0cc75-5ffd-4239-922a-537c33c4f53d" />
      <TestMethod codeBase="d:\v2.0\a1\_work\dbded102\vso\vssf\webplatform\platform\scripts\vsstests\common\tests\vsstests.search.ts" adapterTypeName="Microsoft.VisualStudio.TestTools.TestTypes.Unit.UnitTestAdapter" className="d:\v2.0\a1\_work\dbded102\vso\vssf\webplatform\platform\scripts\vsstests\common\tests\vsstests.search.ts::vsstests" name="VSSTests.Search checkResultsCorrectMultipleWords" />
    </UnitTest>
    <UnitTest name="VSSTests.Search checkResultsCorrectSymbols" storage="d:\v2.0\a1\_work\dbded102\vso\vssf\webplatform\platform\scripts\vsstests\common\tests\vsstests.search.ts" id="aac9037d-70b0-44a9-b327-510b3534f2a5">
      <Execution id="e7c384f4-912e-4e45-ada6-2419e237dfe3" />
      <TestMethod codeBase="d:\v2.0\a1\_work\dbded102\vso\vssf\webplatform\platform\scripts\vsstests\common\tests\vsstests.search.ts" adapterTypeName="Microsoft.VisualStudio.TestTools.TestTypes.Unit.UnitTestAdapter" className="d:\v2.0\a1\_work\dbded102\vso\vssf\webplatform\platform\scripts\vsstests\common\tests\vsstests.search.ts::vsstests" name="VSSTests.Search checkResultsCorrectSymbols" />
    </UnitTest>
    <UnitTest name="VSSTests.Search checkResultsAreCorrectWhenUsingSlashes" storage="d:\v2.0\a1\_work\dbded102\vso\vssf\webplatform\platform\scripts\vsstests\common\tests\vsstests.search.ts" id="a9c2de25-9a0b-4396-84c1-5045f380bc28">
      <Execution id="f8cda26e-fe96-4650-907f-ba7e6173da97" />
      <TestMethod codeBase="d:\v2.0\a1\_work\dbded102\vso\vssf\webplatform\platform\scripts\vsstests\common\tests\vsstests.search.ts" adapterTypeName="Microsoft.VisualStudio.TestTools.TestTypes.Unit.UnitTestAdapter" className="d:\v2.0\a1\_work\dbded102\vso\vssf\webplatform\platform\scripts\vsstests\common\tests\vsstests.search.ts::vsstests" name="VSSTests.Search checkResultsAreCorrectWhenUsingSlashes" />
    </UnitTest>
    <UnitTest name="VSSTests.Search checkResultsCorrectEmptyString" storage="d:\v2.0\a1\_work\dbded102\vso\vssf\webplatform\platform\scripts\vsstests\common\tests\vsstests.search.ts" id="a634a281-967d-4e9e-ae41-2aa549af8078">
      <Execution id="4193f99b-63d9-4e65-be96-e1585849d684" />
      <TestMethod codeBase="d:\v2.0\a1\_work\dbded102\vso\vssf\webplatform\platform\scripts\vsstests\common\tests\vsstests.search.ts" adapterTypeName="Microsoft.VisualStudio.TestTools.TestTypes.Unit.UnitTestAdapter" className="d:\v2.0\a1\_work\dbded102\vso\vssf\webplatform\platform\scripts\vsstests\common\tests\vsstests.search.ts::vsstests" name="VSSTests.Search checkResultsCorrectEmptyString" />
    </UnitTest>
    <UnitTest name="VSSTests.Search checkResultsCorrectNull" storage="d:\v2.0\a1\_work\dbded102\vso\vssf\webplatform\platform\scripts\vsstests\common\tests\vsstests.search.ts" id="db239fa6-4b4d-41dc-b7cb-4e1bcd406cf9">
      <Execution id="c48d676b-72ec-404c-b634-814dd7773906" />
      <TestMethod codeBase="d:\v2.0\a1\_work\dbded102\vso\vssf\webplatform\platform\scripts\vsstests\common\tests\vsstests.search.ts" adapterTypeName="Microsoft.VisualStudio.TestTools.TestTypes.Unit.UnitTestAdapter" className="d:\v2.0\a1\_work\dbded102\vso\vssf\webplatform\platform\scripts\vsstests\common\tests\vsstests.search.ts::vsstests" name="VSSTests.Search checkResultsCorrectNull" />
    </UnitTest>
    <UnitTest name="VSSTests.Search tokenizerWorksProperlyWithCustomDelimiters" storage="d:\v2.0\a1\_work\dbded102\vso\vssf\webplatform\platform\scripts\vsstests\common\tests\vsstests.search.ts" id="1fe09535-cf29-491c-a83f-8726139c0057">
      <Execution id="56ca515c-ebc7-4681-a99a-8e747d30e303" />
      <TestMethod codeBase="d:\v2.0\a1\_work\dbded102\vso\vssf\webplatform\platform\scripts\vsstests\common\tests\vsstests.search.ts" adapterTypeName="Microsoft.VisualStudio.TestTools.TestTypes.Unit.UnitTestAdapter" className="d:\v2.0\a1\_work\dbded102\vso\vssf\webplatform\platform\scripts\vsstests\common\tests\vsstests.search.ts::vsstests" name="VSSTests.Search tokenizerWorksProperlyWithCustomDelimiters" />
    </UnitTest>
    <UnitTest name="VSSTests.Search tokenizerWorksProperlyWithCustomRegularExpressionDelimiter" storage="d:\v2.0\a1\_work\dbded102\vso\vssf\webplatform\platform\scripts\vsstests\common\tests\vsstests.search.ts" id="d629fa03-5a30-4954-99a2-01deabfca244">
      <Execution id="d1213c01-f160-4d4e-8da7-011b3b1f14e1" />
      <TestMethod codeBase="d:\v2.0\a1\_work\dbded102\vso\vssf\webplatform\platform\scripts\vsstests\common\tests\vsstests.search.ts" adapterTypeName="Microsoft.VisualStudio.TestTools.TestTypes.Unit.UnitTestAdapter" className="d:\v2.0\a1\_work\dbded102\vso\vssf\webplatform\platform\scripts\vsstests\common\tests\vsstests.search.ts::vsstests" name="VSSTests.Search tokenizerWorksProperlyWithCustomRegularExpressionDelimiter" />
    </UnitTest>
    <UnitTest name="VSSTests.Search checkTokenizerSimpleSentence" storage="d:\v2.0\a1\_work\dbded102\vso\vssf\webplatform\platform\scripts\vsstests\common\tests\vsstests.search.ts" id="f61b0e37-8586-4b1d-9584-7b76ff3f3ddb">
      <Execution id="02f4a945-17a0-4c23-90b0-6d5a1a696527" />
      <TestMethod codeBase="d:\v2.0\a1\_work\dbded102\vso\vssf\webplatform\platform\scripts\vsstests\common\tests\vsstests.search.ts" adapterTypeName="Microsoft.VisualStudio.TestTools.TestTypes.Unit.UnitTestAdapter" className="d:\v2.0\a1\_work\dbded102\vso\vssf\webplatform\platform\scripts\vsstests\common\tests\vsstests.search.ts::vsstests" name="VSSTests.Search checkTokenizerSimpleSentence" />
    </UnitTest>
    <UnitTest name="VSSTests.Search checkTokenizerUppercase" storage="d:\v2.0\a1\_work\dbded102\vso\vssf\webplatform\platform\scripts\vsstests\common\tests\vsstests.search.ts" id="f59a4685-4037-4a94-9626-f4a440d5ffe0">
      <Execution id="e2e5d709-bd1d-407d-b28b-e08856498cb3" />
      <TestMethod codeBase="d:\v2.0\a1\_work\dbded102\vso\vssf\webplatform\platform\scripts\vsstests\common\tests\vsstests.search.ts" adapterTypeName="Microsoft.VisualStudio.TestTools.TestTypes.Unit.UnitTestAdapter" className="d:\v2.0\a1\_work\dbded102\vso\vssf\webplatform\platform\scripts\vsstests\common\tests\vsstests.search.ts::vsstests" name="VSSTests.Search checkTokenizerUppercase" />
    </UnitTest>
    <UnitTest name="VSSTests.Search checkTokenizerCharacters" storage="d:\v2.0\a1\_work\dbded102\vso\vssf\webplatform\platform\scripts\vsstests\common\tests\vsstests.search.ts" id="8feb1fc2-c17b-4d92-9f3b-03f35a22907d">
      <Execution id="c34269fc-7b4f-42e2-ac06-796e52f03e22" />
      <TestMethod codeBase="d:\v2.0\a1\_work\dbded102\vso\vssf\webplatform\platform\scripts\vsstests\common\tests\vsstests.search.ts" adapterTypeName="Microsoft.VisualStudio.TestTools.TestTypes.Unit.UnitTestAdapter" className="d:\v2.0\a1\_work\dbded102\vso\vssf\webplatform\platform\scripts\vsstests\common\tests\vsstests.search.ts::vsstests" name="VSSTests.Search checkTokenizerCharacters" />
    </UnitTest>
    <UnitTest name="VSSTests.Search checkTokenizerEmpty" storage="d:\v2.0\a1\_work\dbded102\vso\vssf\webplatform\platform\scripts\vsstests\common\tests\vsstests.search.ts" id="0ce3708e-10d1-4b61-a6a3-ca88c637e896">
      <Execution id="48c32b9a-1748-485d-869f-aab24904bb9a" />
      <TestMethod codeBase="d:\v2.0\a1\_work\dbded102\vso\vssf\webplatform\platform\scripts\vsstests\common\tests\vsstests.search.ts" adapterTypeName="Microsoft.VisualStudio.TestTools.TestTypes.Unit.UnitTestAdapter" className="d:\v2.0\a1\_work\dbded102\vso\vssf\webplatform\platform\scripts\vsstests\common\tests\vsstests.search.ts::vsstests" name="VSSTests.Search checkTokenizerEmpty" />
    </UnitTest>
    <UnitTest name="VSSTests.Search checkClearStrategyStore" storage="d:\v2.0\a1\_work\dbded102\vso\vssf\webplatform\platform\scripts\vsstests\common\tests\vsstests.search.ts" id="70b08eb1-b8d1-41f8-b181-e6be8e2f460e">
      <Execution id="1014fc02-b858-4cf0-9b73-5df0806ba7b3" />
      <TestMethod codeBase="d:\v2.0\a1\_work\dbded102\vso\vssf\webplatform\platform\scripts\vsstests\common\tests\vsstests.search.ts" adapterTypeName="Microsoft.VisualStudio.TestTools.TestTypes.Unit.UnitTestAdapter" className="d:\v2.0\a1\_work\dbded102\vso\vssf\webplatform\platform\scripts\vsstests\common\tests\vsstests.search.ts::vsstests" name="VSSTests.Search checkClearStrategyStore" />
    </UnitTest>
    <UnitTest name="VSSTests.UI.Common.FriendlyDateTime friendlyDateHourAgo" storage="d:\v2.0\a1\_work\dbded102\vso\vssf\webplatform\platform\scripts\vsstests\common\tests\vsstests.ui.common.friendlydatetime.ts" id="07ab9ed7-8c4d-4152-8d32-73757720acda">
      <Execution id="f9fbf877-3000-42c2-bbff-d87c039418b9" />
      <TestMethod codeBase="d:\v2.0\a1\_work\dbded102\vso\vssf\webplatform\platform\scripts\vsstests\common\tests\vsstests.ui.common.friendlydatetime.ts" adapterTypeName="Microsoft.VisualStudio.TestTools.TestTypes.Unit.UnitTestAdapter" className="d:\v2.0\a1\_work\dbded102\vso\vssf\webplatform\platform\scripts\vsstests\common\tests\vsstests.ui.common.friendlydatetime.ts::vsstests.ui.common" name="VSSTests.UI.Common.FriendlyDateTime friendlyDateHourAgo" />
    </UnitTest>
    <UnitTest name="VSSTests.UI.Common.FriendlyDateTime friendlyDateDayOfWeek" storage="d:\v2.0\a1\_work\dbded102\vso\vssf\webplatform\platform\scripts\vsstests\common\tests\vsstests.ui.common.friendlydatetime.ts" id="7813c116-c968-479e-b7e1-e1e889a5c8b2">
      <Execution id="65972dc4-4c6c-4b7e-ba4b-2d0240ec0036" />
      <TestMethod codeBase="d:\v2.0\a1\_work\dbded102\vso\vssf\webplatform\platform\scripts\vsstests\common\tests\vsstests.ui.common.friendlydatetime.ts" adapterTypeName="Microsoft.VisualStudio.TestTools.TestTypes.Unit.UnitTestAdapter" className="d:\v2.0\a1\_work\dbded102\vso\vssf\webplatform\platform\scripts\vsstests\common\tests\vsstests.ui.common.friendlydatetime.ts::vsstests.ui.common" name="VSSTests.UI.Common.FriendlyDateTime friendlyDateDayOfWeek" />
    </UnitTest>
    <UnitTest name="VSSTests.UI.Common.FriendlyDateTime friendlyDateLongAgo" storage="d:\v2.0\a1\_work\dbded102\vso\vssf\webplatform\platform\scripts\vsstests\common\tests\vsstests.ui.common.friendlydatetime.ts" id="6a190648-87ff-43f1-a20e-6ec6489a4ef9">
      <Execution id="5dfc06e7-798f-4553-a332-c0d4d48ff061" />
      <TestMethod codeBase="d:\v2.0\a1\_work\dbded102\vso\vssf\webplatform\platform\scripts\vsstests\common\tests\vsstests.ui.common.friendlydatetime.ts" adapterTypeName="Microsoft.VisualStudio.TestTools.TestTypes.Unit.UnitTestAdapter" className="d:\v2.0\a1\_work\dbded102\vso\vssf\webplatform\platform\scripts\vsstests\common\tests\vsstests.ui.common.friendlydatetime.ts::vsstests.ui.common" name="VSSTests.UI.Common.FriendlyDateTime friendlyDateLongAgo" />
    </UnitTest>
    <UnitTest name="VSSTests.Sinon.Sample SubscribeCallbackIsInvoked" storage="d:\v2.0\a1\_work\dbded102\vso\vssf\webplatform\platform\scripts\vsstests\common\tests\vsstests.sinon.sample.ts" id="a1966d8d-a67c-4f6f-aba9-dc83a06a14fa">
      <Execution id="6bf5e964-470b-48be-8c5a-d09903cac5ae" />
      <TestMethod codeBase="d:\v2.0\a1\_work\dbded102\vso\vssf\webplatform\platform\scripts\vsstests\common\tests\vsstests.sinon.sample.ts" adapterTypeName="Microsoft.VisualStudio.TestTools.TestTypes.Unit.UnitTestAdapter" className="d:\v2.0\a1\_work\dbded102\vso\vssf\webplatform\platform\scripts\vsstests\common\tests\vsstests.sinon.sample.ts::vsstests.sinon" name="VSSTests.Sinon.Sample SubscribeCallbackIsInvoked" />
    </UnitTest>
    <UnitTest name="VSSTests.Sinon.Sample AjaxCalledWhenJsonRequested" storage="d:\v2.0\a1\_work\dbded102\vso\vssf\webplatform\platform\scripts\vsstests\common\tests\vsstests.sinon.sample.ts" id="bd8e299a-c484-4f07-b4fc-896984f3f2d6">
      <Execution id="5252fb2a-1c9d-4b56-80c5-55454c75da46" />
      <TestMethod codeBase="d:\v2.0\a1\_work\dbded102\vso\vssf\webplatform\platform\scripts\vsstests\common\tests\vsstests.sinon.sample.ts" adapterTypeName="Microsoft.VisualStudio.TestTools.TestTypes.Unit.UnitTestAdapter" className="d:\v2.0\a1\_work\dbded102\vso\vssf\webplatform\platform\scripts\vsstests\common\tests\vsstests.sinon.sample.ts::vsstests.sinon" name="VSSTests.Sinon.Sample AjaxCalledWhenJsonRequested" />
    </UnitTest>
    <UnitTest name="VSSTests.UI.Controls.DataList countAndGetItem" storage="d:\v2.0\a1\_work\dbded102\vso\vssf\webplatform\platform\scripts\vsstests\common\tests\vsstests.ui.controls.datalist.ts" id="590b84f0-cbd9-42ae-a1ea-4e10f54cf124">
      <Execution id="575db855-06ee-4882-b95e-31ada45654e6" />
      <TestMethod codeBase="d:\v2.0\a1\_work\dbded102\vso\vssf\webplatform\platform\scripts\vsstests\common\tests\vsstests.ui.controls.datalist.ts" adapterTypeName="Microsoft.VisualStudio.TestTools.TestTypes.Unit.UnitTestAdapter" className="d:\v2.0\a1\_work\dbded102\vso\vssf\webplatform\platform\scripts\vsstests\common\tests\vsstests.ui.controls.datalist.ts::vsstests.ui.controls" name="VSSTests.UI.Controls.DataList countAndGetItem" />
    </UnitTest>
    <UnitTest name="VSSTests.VSS.Locations getMvcUrlForApplicationLevel" storage="d:\v2.0\a1\_work\dbded102\vso\vssf\webplatform\platform\scripts\vsstests\common\tests\vsstests.locations.ts" id="7cbfb738-369a-41b0-9ede-cb608ac51d98">
      <Execution id="350c21a0-b26b-4600-924b-79bb8f48e3c9" />
      <TestMethod codeBase="d:\v2.0\a1\_work\dbded102\vso\vssf\webplatform\platform\scripts\vsstests\common\tests\vsstests.locations.ts" adapterTypeName="Microsoft.VisualStudio.TestTools.TestTypes.Unit.UnitTestAdapter" className="d:\v2.0\a1\_work\dbded102\vso\vssf\webplatform\platform\scripts\vsstests\common\tests\vsstests.locations.ts::vsstests.vss" name="VSSTests.VSS.Locations getMvcUrlForApplicationLevel" />
    </UnitTest>
    <UnitTest name="VSSTests.VSS.Locations getMvcUrlForProjectCollectionLevel" storage="d:\v2.0\a1\_work\dbded102\vso\vssf\webplatform\platform\scripts\vsstests\common\tests\vsstests.locations.ts" id="7313c2a7-f48f-4ca3-af5d-cec03dbb238f">
      <Execution id="88081b47-c652-42eb-8cae-92d5b5904ba3" />
      <TestMethod codeBase="d:\v2.0\a1\_work\dbded102\vso\vssf\webplatform\platform\scripts\vsstests\common\tests\vsstests.locations.ts" adapterTypeName="Microsoft.VisualStudio.TestTools.TestTypes.Unit.UnitTestAdapter" className="d:\v2.0\a1\_work\dbded102\vso\vssf\webplatform\platform\scripts\vsstests\common\tests\vsstests.locations.ts::vsstests.vss" name="VSSTests.VSS.Locations getMvcUrlForProjectCollectionLevel" />
    </UnitTest>
    <UnitTest name="VSSTests.VSS.Locations getMvcUrlForProjectLevel" storage="d:\v2.0\a1\_work\dbded102\vso\vssf\webplatform\platform\scripts\vsstests\common\tests\vsstests.locations.ts" id="3f03271c-17b1-4ea8-a96a-939efd2d4567">
      <Execution id="ca8f8625-8298-4128-9918-7b1e64db16e1" />
      <TestMethod codeBase="d:\v2.0\a1\_work\dbded102\vso\vssf\webplatform\platform\scripts\vsstests\common\tests\vsstests.locations.ts" adapterTypeName="Microsoft.VisualStudio.TestTools.TestTypes.Unit.UnitTestAdapter" className="d:\v2.0\a1\_work\dbded102\vso\vssf\webplatform\platform\scripts\vsstests\common\tests\vsstests.locations.ts::vsstests.vss" name="VSSTests.VSS.Locations getMvcUrlForProjectLevel" />
    </UnitTest>
    <UnitTest name="VSSTests.VSS.Locations getMvcUrlForTeamLevel" storage="d:\v2.0\a1\_work\dbded102\vso\vssf\webplatform\platform\scripts\vsstests\common\tests\vsstests.locations.ts" id="b6584219-7b20-407f-b1fc-95a048e52c30">
      <Execution id="fa038624-737b-4e04-bb3b-6d7e2f29ba87" />
      <TestMethod codeBase="d:\v2.0\a1\_work\dbded102\vso\vssf\webplatform\platform\scripts\vsstests\common\tests\vsstests.locations.ts" adapterTypeName="Microsoft.VisualStudio.TestTools.TestTypes.Unit.UnitTestAdapter" className="d:\v2.0\a1\_work\dbded102\vso\vssf\webplatform\platform\scripts\vsstests\common\tests\vsstests.locations.ts::vsstests.vss" name="VSSTests.VSS.Locations getMvcUrlForTeamLevel" />
    </UnitTest>
    <UnitTest name="VSSTests.VSS.Locations getContentUrl" storage="d:\v2.0\a1\_work\dbded102\vso\vssf\webplatform\platform\scripts\vsstests\common\tests\vsstests.locations.ts" id="8fb89b30-0a1f-4155-bd6a-454f130012e9">
      <Execution id="168645cb-de1b-4169-9bcd-e3992cbbbdec" />
      <TestMethod codeBase="d:\v2.0\a1\_work\dbded102\vso\vssf\webplatform\platform\scripts\vsstests\common\tests\vsstests.locations.ts" adapterTypeName="Microsoft.VisualStudio.TestTools.TestTypes.Unit.UnitTestAdapter" className="d:\v2.0\a1\_work\dbded102\vso\vssf\webplatform\platform\scripts\vsstests\common\tests\vsstests.locations.ts::vsstests.vss" name="VSSTests.VSS.Locations getContentUrl" />
    </UnitTest>
    <UnitTest name="VSSTests.Html.HtmlNormalizer htmlNormalization" storage="d:\v2.0\a1\_work\dbded102\vso\vssf\webplatform\platform\scripts\vsstests\common\tests\vsstests.html.htmlnormalizer.ts" id="2662d52f-8549-48b8-95fc-b1bb5dcf56b1">
      <Execution id="b12ffe80-c035-4dac-927c-66651af41186" />
      <TestMethod codeBase="d:\v2.0\a1\_work\dbded102\vso\vssf\webplatform\platform\scripts\vsstests\common\tests\vsstests.html.htmlnormalizer.ts" adapterTypeName="Microsoft.VisualStudio.TestTools.TestTypes.Unit.UnitTestAdapter" className="d:\v2.0\a1\_work\dbded102\vso\vssf\webplatform\platform\scripts\vsstests\common\tests\vsstests.html.htmlnormalizer.ts::vsstests.html" name="VSSTests.Html.HtmlNormalizer htmlNormalization" />
    </UnitTest>
    <UnitTest name="VSSTests.Html.HtmlNormalizer htmlNormalizationForDisplay" storage="d:\v2.0\a1\_work\dbded102\vso\vssf\webplatform\platform\scripts\vsstests\common\tests\vsstests.html.htmlnormalizer.ts" id="c53331fe-fb0a-4d73-b9f6-f4f05e3e9470">
      <Execution id="8551a6e9-cf39-4a66-b3a5-23fdfae3898b" />
      <TestMethod codeBase="d:\v2.0\a1\_work\dbded102\vso\vssf\webplatform\platform\scripts\vsstests\common\tests\vsstests.html.htmlnormalizer.ts" adapterTypeName="Microsoft.VisualStudio.TestTools.TestTypes.Unit.UnitTestAdapter" className="d:\v2.0\a1\_work\dbded102\vso\vssf\webplatform\platform\scripts\vsstests\common\tests\vsstests.html.htmlnormalizer.ts::vsstests.html" name="VSSTests.Html.HtmlNormalizer htmlNormalizationForDisplay" />
    </UnitTest>
    <UnitTest name="VSSTests.TFS.Html.TemplateEngineTests testBasicTemplates" storage="d:\v2.0\a1\_work\dbded102\vso\vssf\webplatform\platform\scripts\vsstests\common\tests\vsstests.html.templateengine.ts" id="159b2ba3-af52-40ff-8e85-7dbe37c8a7d9">
      <Execution id="4a862c78-6aac-418a-ae64-c019e8773b7e" />
      <TestMethod codeBase="d:\v2.0\a1\_work\dbded102\vso\vssf\webplatform\platform\scripts\vsstests\common\tests\vsstests.html.templateengine.ts" adapterTypeName="Microsoft.VisualStudio.TestTools.TestTypes.Unit.UnitTestAdapter" className="d:\v2.0\a1\_work\dbded102\vso\vssf\webplatform\platform\scripts\vsstests\common\tests\vsstests.html.templateengine.ts::vsstests.tfs.html" name="VSSTests.TFS.Html.TemplateEngineTests testBasicTemplates" />
    </UnitTest>
    <UnitTest name="VSSTests.TFS.Html.TemplateEngineTests testUnencodedTemplates" storage="d:\v2.0\a1\_work\dbded102\vso\vssf\webplatform\platform\scripts\vsstests\common\tests\vsstests.html.templateengine.ts" id="5333c4a2-b13b-4eff-a9e0-8639164407fc">
      <Execution id="91094de7-b69b-4000-a595-691ee6989c7e" />
      <TestMethod codeBase="d:\v2.0\a1\_work\dbded102\vso\vssf\webplatform\platform\scripts\vsstests\common\tests\vsstests.html.templateengine.ts" adapterTypeName="Microsoft.VisualStudio.TestTools.TestTypes.Unit.UnitTestAdapter" className="d:\v2.0\a1\_work\dbded102\vso\vssf\webplatform\platform\scripts\vsstests\common\tests\vsstests.html.templateengine.ts::vsstests.tfs.html" name="VSSTests.TFS.Html.TemplateEngineTests testUnencodedTemplates" />
    </UnitTest>
    <UnitTest name="VSSTests.TFS.Html.TemplateEngineTests testTemplateRecursion" storage="d:\v2.0\a1\_work\dbded102\vso\vssf\webplatform\platform\scripts\vsstests\common\tests\vsstests.html.templateengine.ts" id="6e22c9fb-e3da-446d-a850-211c064f8f6c">
      <Execution id="bd63e5f9-b5eb-43f4-a69a-0d59d6a1ed4d" />
      <TestMethod codeBase="d:\v2.0\a1\_work\dbded102\vso\vssf\webplatform\platform\scripts\vsstests\common\tests\vsstests.html.templateengine.ts" adapterTypeName="Microsoft.VisualStudio.TestTools.TestTypes.Unit.UnitTestAdapter" className="d:\v2.0\a1\_work\dbded102\vso\vssf\webplatform\platform\scripts\vsstests\common\tests\vsstests.html.templateengine.ts::vsstests.tfs.html" name="VSSTests.TFS.Html.TemplateEngineTests testTemplateRecursion" />
    </UnitTest>
    <UnitTest name="VSSTests.OM.FeatureAvailability ensureServerCallIsMadeWhenCacheIsEmpty" storage="d:\v2.0\a1\_work\dbded102\vso\vssf\webplatform\platform\scripts\vsstests\common\tests\vsstests.om.featureavailability.ts" id="5807aedf-db66-4fbc-9544-901e9f3d3d79">
      <Execution id="4382f5f8-7989-4131-bf34-4b6cc6f42640" />
      <TestMethod codeBase="d:\v2.0\a1\_work\dbded102\vso\vssf\webplatform\platform\scripts\vsstests\common\tests\vsstests.om.featureavailability.ts" adapterTypeName="Microsoft.VisualStudio.TestTools.TestTypes.Unit.UnitTestAdapter" className="d:\v2.0\a1\_work\dbded102\vso\vssf\webplatform\platform\scripts\vsstests\common\tests\vsstests.om.featureavailability.ts::vsstests.om" name="VSSTests.OM.FeatureAvailability ensureServerCallIsMadeWhenCacheIsEmpty" />
    </UnitTest>
    <UnitTest name="VSSTests.OM.FeatureAvailability ensureCachedResultIsUsed" storage="d:\v2.0\a1\_work\dbded102\vso\vssf\webplatform\platform\scripts\vsstests\common\tests\vsstests.om.featureavailability.ts" id="49419bf6-f843-4c36-91c8-c36e904c500f">
      <Execution id="8840db7b-9d80-471f-8c33-2025676bc65d" />
      <TestMethod codeBase="d:\v2.0\a1\_work\dbded102\vso\vssf\webplatform\platform\scripts\vsstests\common\tests\vsstests.om.featureavailability.ts" adapterTypeName="Microsoft.VisualStudio.TestTools.TestTypes.Unit.UnitTestAdapter" className="d:\v2.0\a1\_work\dbded102\vso\vssf\webplatform\platform\scripts\vsstests\common\tests\vsstests.om.featureavailability.ts::vsstests.om" name="VSSTests.OM.FeatureAvailability ensureCachedResultIsUsed" />
    </UnitTest>
    <UnitTest name="VSSTests.OM.FeatureAvailability testLocalAvailability" storage="d:\v2.0\a1\_work\dbded102\vso\vssf\webplatform\platform\scripts\vsstests\common\tests\vsstests.om.featureavailability.ts" id="9219a2d9-b8fd-47a0-ab04-b8629e081386">
      <Execution id="271a4ce3-1277-4f37-94f6-aedc36db5ee4" />
      <TestMethod codeBase="d:\v2.0\a1\_work\dbded102\vso\vssf\webplatform\platform\scripts\vsstests\common\tests\vsstests.om.featureavailability.ts" adapterTypeName="Microsoft.VisualStudio.TestTools.TestTypes.Unit.UnitTestAdapter" className="d:\v2.0\a1\_work\dbded102\vso\vssf\webplatform\platform\scripts\vsstests\common\tests\vsstests.om.featureavailability.ts::vsstests.om" name="VSSTests.OM.FeatureAvailability testLocalAvailability" />
    </UnitTest>
    <UnitTest name="VSSTests.OM.FeatureAvailability ensureServerCallIsMadeWhenIslandDoesNotMatch" storage="d:\v2.0\a1\_work\dbded102\vso\vssf\webplatform\platform\scripts\vsstests\common\tests\vsstests.om.featureavailability.ts" id="78c79cf4-87d6-4b8f-827d-49881bc5e121">
      <Execution id="1793eccb-e2ea-4680-b56b-683b094d889a" />
      <TestMethod codeBase="d:\v2.0\a1\_work\dbded102\vso\vssf\webplatform\platform\scripts\vsstests\common\tests\vsstests.om.featureavailability.ts" adapterTypeName="Microsoft.VisualStudio.TestTools.TestTypes.Unit.UnitTestAdapter" className="d:\v2.0\a1\_work\dbded102\vso\vssf\webplatform\platform\scripts\vsstests\common\tests\vsstests.om.featureavailability.ts::vsstests.om" name="VSSTests.OM.FeatureAvailability ensureServerCallIsMadeWhenIslandDoesNotMatch" />
    </UnitTest>
    <UnitTest name="VSSTests.Controls.FormInput EmptyTable" storage="d:\v2.0\a1\_work\dbded102\vso\vssf\webplatform\platform\scripts\vsstests\common\tests\vsstests.ui.controls.forminput.ts" id="70fd826d-6ac0-4757-9097-a871bd7e39cb">
      <Execution id="86840f67-97a9-41af-9066-d8f7ecea380e" />
      <TestMethod codeBase="d:\v2.0\a1\_work\dbded102\vso\vssf\webplatform\platform\scripts\vsstests\common\tests\vsstests.ui.controls.forminput.ts" adapterTypeName="Microsoft.VisualStudio.TestTools.TestTypes.Unit.UnitTestAdapter" className="d:\v2.0\a1\_work\dbded102\vso\vssf\webplatform\platform\scripts\vsstests\common\tests\vsstests.ui.controls.forminput.ts::vsstests.controls" name="VSSTests.Controls.FormInput EmptyTable" />
    </UnitTest>
    <UnitTest name="VSSTests.Controls.FormInput OneCheckbox" storage="d:\v2.0\a1\_work\dbded102\vso\vssf\webplatform\platform\scripts\vsstests\common\tests\vsstests.ui.controls.forminput.ts" id="4684dcbd-55f9-466c-a8d0-17049b7e2084">
      <Execution id="e2bc5ca3-dc01-48a0-9e05-7b47d78922d1" />
      <TestMethod codeBase="d:\v2.0\a1\_work\dbded102\vso\vssf\webplatform\platform\scripts\vsstests\common\tests\vsstests.ui.controls.forminput.ts" adapterTypeName="Microsoft.VisualStudio.TestTools.TestTypes.Unit.UnitTestAdapter" className="d:\v2.0\a1\_work\dbded102\vso\vssf\webplatform\platform\scripts\vsstests\common\tests\vsstests.ui.controls.forminput.ts::vsstests.controls" name="VSSTests.Controls.FormInput OneCheckbox" />
    </UnitTest>
    <UnitTest name="VSSTests.Controls.FormInput RadioButtons" storage="d:\v2.0\a1\_work\dbded102\vso\vssf\webplatform\platform\scripts\vsstests\common\tests\vsstests.ui.controls.forminput.ts" id="7ce79191-498b-413e-9207-0325da87f264">
      <Execution id="5b9526ee-37d2-4b8a-af7c-abd09e9fac59" />
      <TestMethod codeBase="d:\v2.0\a1\_work\dbded102\vso\vssf\webplatform\platform\scripts\vsstests\common\tests\vsstests.ui.controls.forminput.ts" adapterTypeName="Microsoft.VisualStudio.TestTools.TestTypes.Unit.UnitTestAdapter" className="d:\v2.0\a1\_work\dbded102\vso\vssf\webplatform\platform\scripts\vsstests\common\tests\vsstests.ui.controls.forminput.ts::vsstests.controls" name="VSSTests.Controls.FormInput RadioButtons" />
    </UnitTest>
    <UnitTest name="VSSTests.VSS.Performance GetScenarios_ReturnsRunningScenarios" storage="d:\v2.0\a1\_work\dbded102\vso\vssf\webplatform\platform\scripts\vsstests\common\tests\vsstests.performance.ts" id="59f7185b-2dcb-46cf-82e2-6bc95659cad7">
      <Execution id="e752b12a-be24-468a-911a-3037832be8f7" />
      <TestMethod codeBase="d:\v2.0\a1\_work\dbded102\vso\vssf\webplatform\platform\scripts\vsstests\common\tests\vsstests.performance.ts" adapterTypeName="Microsoft.VisualStudio.TestTools.TestTypes.Unit.UnitTestAdapter" className="d:\v2.0\a1\_work\dbded102\vso\vssf\webplatform\platform\scripts\vsstests\common\tests\vsstests.performance.ts::vsstests.vss" name="VSSTests.VSS.Performance GetScenarios_ReturnsRunningScenarios" />
    </UnitTest>
    <UnitTest name="VSSTests.VSS.Performance DuplicateScenarios_Start_DoesNotFail" storage="d:\v2.0\a1\_work\dbded102\vso\vssf\webplatform\platform\scripts\vsstests\common\tests\vsstests.performance.ts" id="641ba024-cfd1-4eae-84f9-d7dcff84807a">
      <Execution id="2bac4c3f-dbef-4b44-adb0-bfbffce0fdeb" />
      <TestMethod codeBase="d:\v2.0\a1\_work\dbded102\vso\vssf\webplatform\platform\scripts\vsstests\common\tests\vsstests.performance.ts" adapterTypeName="Microsoft.VisualStudio.TestTools.TestTypes.Unit.UnitTestAdapter" className="d:\v2.0\a1\_work\dbded102\vso\vssf\webplatform\platform\scripts\vsstests\common\tests\vsstests.performance.ts::vsstests.vss" name="VSSTests.VSS.Performance DuplicateScenarios_Start_DoesNotFail" />
    </UnitTest>
    <UnitTest name="VSSTests.VSS.Performance DuplicateScenarios_End_DoesNotEndScenarios" storage="d:\v2.0\a1\_work\dbded102\vso\vssf\webplatform\platform\scripts\vsstests\common\tests\vsstests.performance.ts" id="cc686596-06b5-4c32-9024-34fd633a1776">
      <Execution id="d120b407-1106-417f-8aad-ebb2c0011d85" />
      <TestMethod codeBase="d:\v2.0\a1\_work\dbded102\vso\vssf\webplatform\platform\scripts\vsstests\common\tests\vsstests.performance.ts" adapterTypeName="Microsoft.VisualStudio.TestTools.TestTypes.Unit.UnitTestAdapter" className="d:\v2.0\a1\_work\dbded102\vso\vssf\webplatform\platform\scripts\vsstests\common\tests\vsstests.performance.ts::vsstests.vss" name="VSSTests.VSS.Performance DuplicateScenarios_End_DoesNotEndScenarios" />
    </UnitTest>
    <UnitTest name="VSSTests.VSS.Performance StartScenario_GeneratesNewCorrelationId" storage="d:\v2.0\a1\_work\dbded102\vso\vssf\webplatform\platform\scripts\vsstests\common\tests\vsstests.performance.ts" id="15bccccb-94d3-4658-b995-9f2ea0e307f3">
      <Execution id="39826fed-db1f-4361-bb90-a5699dd2ce4f" />
      <TestMethod codeBase="d:\v2.0\a1\_work\dbded102\vso\vssf\webplatform\platform\scripts\vsstests\common\tests\vsstests.performance.ts" adapterTypeName="Microsoft.VisualStudio.TestTools.TestTypes.Unit.UnitTestAdapter" className="d:\v2.0\a1\_work\dbded102\vso\vssf\webplatform\platform\scripts\vsstests\common\tests\vsstests.performance.ts::vsstests.vss" name="VSSTests.VSS.Performance StartScenario_GeneratesNewCorrelationId" />
    </UnitTest>
    <UnitTest name="VSSTests.VSS.Performance StartScenario_KeepsCorrelationIdForOverlappingScenarios" storage="d:\v2.0\a1\_work\dbded102\vso\vssf\webplatform\platform\scripts\vsstests\common\tests\vsstests.performance.ts" id="732f45b1-fe55-4a33-8d76-98d67bac8612">
      <Execution id="3bd80c0d-f3d6-4629-9a3b-ab93ed9eb5d8" />
      <TestMethod codeBase="d:\v2.0\a1\_work\dbded102\vso\vssf\webplatform\platform\scripts\vsstests\common\tests\vsstests.performance.ts" adapterTypeName="Microsoft.VisualStudio.TestTools.TestTypes.Unit.UnitTestAdapter" className="d:\v2.0\a1\_work\dbded102\vso\vssf\webplatform\platform\scripts\vsstests\common\tests\vsstests.performance.ts::vsstests.vss" name="VSSTests.VSS.Performance StartScenario_KeepsCorrelationIdForOverlappingScenarios" />
    </UnitTest>
    <UnitTest name="VSSTests.VSS.Performance EndGlobalScenario_EndsScenario" storage="d:\v2.0\a1\_work\dbded102\vso\vssf\webplatform\platform\scripts\vsstests\common\tests\vsstests.performance.ts" id="f65b6829-8c07-4adb-8ff1-81c1227292b9">
      <Execution id="479f6dc6-a412-49b8-b33a-7a20b9c2e39a" />
      <TestMethod codeBase="d:\v2.0\a1\_work\dbded102\vso\vssf\webplatform\platform\scripts\vsstests\common\tests\vsstests.performance.ts" adapterTypeName="Microsoft.VisualStudio.TestTools.TestTypes.Unit.UnitTestAdapter" className="d:\v2.0\a1\_work\dbded102\vso\vssf\webplatform\platform\scripts\vsstests\common\tests\vsstests.performance.ts::vsstests.vss" name="VSSTests.VSS.Performance EndGlobalScenario_EndsScenario" />
    </UnitTest>
    <UnitTest name="VSSTests.VSS.Performance EndGlobalScenario_GeneratesNewCorrelationId" storage="d:\v2.0\a1\_work\dbded102\vso\vssf\webplatform\platform\scripts\vsstests\common\tests\vsstests.performance.ts" id="1ebced8d-adab-4eb6-a778-3b6ae00aead3">
      <Execution id="4d28764e-de46-469e-845a-de18865e9690" />
      <TestMethod codeBase="d:\v2.0\a1\_work\dbded102\vso\vssf\webplatform\platform\scripts\vsstests\common\tests\vsstests.performance.ts" adapterTypeName="Microsoft.VisualStudio.TestTools.TestTypes.Unit.UnitTestAdapter" className="d:\v2.0\a1\_work\dbded102\vso\vssf\webplatform\platform\scripts\vsstests\common\tests\vsstests.performance.ts::vsstests.vss" name="VSSTests.VSS.Performance EndGlobalScenario_GeneratesNewCorrelationId" />
    </UnitTest>
    <UnitTest name="VSSTests.VSS.Performance EndScenario_GeneratesNewCorrelationId" storage="d:\v2.0\a1\_work\dbded102\vso\vssf\webplatform\platform\scripts\vsstests\common\tests\vsstests.performance.ts" id="d777dc30-4c18-4e55-a0d5-3133936ac765">
      <Execution id="121158ce-778e-4fd1-84b0-4d61993dc9fc" />
      <TestMethod codeBase="d:\v2.0\a1\_work\dbded102\vso\vssf\webplatform\platform\scripts\vsstests\common\tests\vsstests.performance.ts" adapterTypeName="Microsoft.VisualStudio.TestTools.TestTypes.Unit.UnitTestAdapter" className="d:\v2.0\a1\_work\dbded102\vso\vssf\webplatform\platform\scripts\vsstests\common\tests\vsstests.performance.ts::vsstests.vss" name="VSSTests.VSS.Performance EndScenario_GeneratesNewCorrelationId" />
    </UnitTest>
    <UnitTest name="VSSTests.VSS.Performance EndScenario_ScenarioAlreadyEnded" storage="d:\v2.0\a1\_work\dbded102\vso\vssf\webplatform\platform\scripts\vsstests\common\tests\vsstests.performance.ts" id="b07db974-67be-44c3-8374-97e859231edd">
      <Execution id="2193762a-3d9b-485a-b3d9-f613b0ca7cfd" />
      <TestMethod codeBase="d:\v2.0\a1\_work\dbded102\vso\vssf\webplatform\platform\scripts\vsstests\common\tests\vsstests.performance.ts" adapterTypeName="Microsoft.VisualStudio.TestTools.TestTypes.Unit.UnitTestAdapter" className="d:\v2.0\a1\_work\dbded102\vso\vssf\webplatform\platform\scripts\vsstests\common\tests\vsstests.performance.ts::vsstests.vss" name="VSSTests.VSS.Performance EndScenario_ScenarioAlreadyEnded" />
    </UnitTest>
    <UnitTest name="VSSTests.VSS.Performance GlobalSplit_AttributedToScenarios" storage="d:\v2.0\a1\_work\dbded102\vso\vssf\webplatform\platform\scripts\vsstests\common\tests\vsstests.performance.ts" id="2c42ef16-7b52-4b83-bf5c-ed076c2bfe97">
      <Execution id="f97cf636-7233-44a6-bd36-11bfa444be3f" />
      <TestMethod codeBase="d:\v2.0\a1\_work\dbded102\vso\vssf\webplatform\platform\scripts\vsstests\common\tests\vsstests.performance.ts" adapterTypeName="Microsoft.VisualStudio.TestTools.TestTypes.Unit.UnitTestAdapter" className="d:\v2.0\a1\_work\dbded102\vso\vssf\webplatform\platform\scripts\vsstests\common\tests\vsstests.performance.ts::vsstests.vss" name="VSSTests.VSS.Performance GlobalSplit_AttributedToScenarios" />
    </UnitTest>
    <UnitTest name="TFSTests.UI.Controls.Menus MenuGrouping_AllGroups" storage="d:\v2.0\a1\_work\dbded102\vso\vssf\webplatform\platform\scripts\vsstests\common\tests\vsstests.ui.controls.menus.ts" id="af23a2c7-cd5a-4f51-bc00-88e7bead0c90">
      <Execution id="afaa3e88-7d6a-49d9-9db9-13e6f802b754" />
      <TestMethod codeBase="d:\v2.0\a1\_work\dbded102\vso\vssf\webplatform\platform\scripts\vsstests\common\tests\vsstests.ui.controls.menus.ts" adapterTypeName="Microsoft.VisualStudio.TestTools.TestTypes.Unit.UnitTestAdapter" className="d:\v2.0\a1\_work\dbded102\vso\vssf\webplatform\platform\scripts\vsstests\common\tests\vsstests.ui.controls.menus.ts::tfstests.ui.controls" name="TFSTests.UI.Controls.Menus MenuGrouping_AllGroups" />
    </UnitTest>
    <UnitTest name="TFSTests.UI.Controls.Menus MenuGrouping_AllSeparators_NoGroups" storage="d:\v2.0\a1\_work\dbded102\vso\vssf\webplatform\platform\scripts\vsstests\common\tests\vsstests.ui.controls.menus.ts" id="47fb1220-1d56-49ae-a642-d78d540f7dd0">
      <Execution id="f215e9af-9428-4898-a953-8d84d96f30cd" />
      <TestMethod codeBase="d:\v2.0\a1\_work\dbded102\vso\vssf\webplatform\platform\scripts\vsstests\common\tests\vsstests.ui.controls.menus.ts" adapterTypeName="Microsoft.VisualStudio.TestTools.TestTypes.Unit.UnitTestAdapter" className="d:\v2.0\a1\_work\dbded102\vso\vssf\webplatform\platform\scripts\vsstests\common\tests\vsstests.ui.controls.menus.ts::tfstests.ui.controls" name="TFSTests.UI.Controls.Menus MenuGrouping_AllSeparators_NoGroups" />
    </UnitTest>
    <UnitTest name="TFSTests.UI.Controls.Menus MenuGrouping_MixedGrouping" storage="d:\v2.0\a1\_work\dbded102\vso\vssf\webplatform\platform\scripts\vsstests\common\tests\vsstests.ui.controls.menus.ts" id="612d9c8d-bfc7-4ec5-9aa3-e9c472c063fe">
      <Execution id="dc3185c0-1a74-4598-ac7f-70c7fa68cb6c" />
      <TestMethod codeBase="d:\v2.0\a1\_work\dbded102\vso\vssf\webplatform\platform\scripts\vsstests\common\tests\vsstests.ui.controls.menus.ts" adapterTypeName="Microsoft.VisualStudio.TestTools.TestTypes.Unit.UnitTestAdapter" className="d:\v2.0\a1\_work\dbded102\vso\vssf\webplatform\platform\scripts\vsstests\common\tests\vsstests.ui.controls.menus.ts::tfstests.ui.controls" name="TFSTests.UI.Controls.Menus MenuGrouping_MixedGrouping" />
    </UnitTest>
    <UnitTest name="TFSTests.UI.Controls.Menus MenuGrouping_FuncItems" storage="d:\v2.0\a1\_work\dbded102\vso\vssf\webplatform\platform\scripts\vsstests\common\tests\vsstests.ui.controls.menus.ts" id="8ed70a58-5cac-40ba-84c5-5afcc7395207">
      <Execution id="5ae1c2b5-c7b8-4c6f-a45f-07b8b3ff97f3" />
      <TestMethod codeBase="d:\v2.0\a1\_work\dbded102\vso\vssf\webplatform\platform\scripts\vsstests\common\tests\vsstests.ui.controls.menus.ts" adapterTypeName="Microsoft.VisualStudio.TestTools.TestTypes.Unit.UnitTestAdapter" className="d:\v2.0\a1\_work\dbded102\vso\vssf\webplatform\platform\scripts\vsstests\common\tests\vsstests.ui.controls.menus.ts::tfstests.ui.controls" name="TFSTests.UI.Controls.Menus MenuGrouping_FuncItems" />
    </UnitTest>
    <UnitTest name="VSSTests.UI.Controls.DataTree countAndGetItem" storage="d:\v2.0\a1\_work\dbded102\vso\vssf\webplatform\platform\scripts\vsstests\common\tests\vsstests.ui.controls.datatree.ts" id="ee0ae9a1-546e-433e-bdb5-9fd0afcb7bcc">
      <Execution id="d2cb40b1-7546-4594-8345-c6f9d7afc9df" />
      <TestMethod codeBase="d:\v2.0\a1\_work\dbded102\vso\vssf\webplatform\platform\scripts\vsstests\common\tests\vsstests.ui.controls.datatree.ts" adapterTypeName="Microsoft.VisualStudio.TestTools.TestTypes.Unit.UnitTestAdapter" className="d:\v2.0\a1\_work\dbded102\vso\vssf\webplatform\platform\scripts\vsstests\common\tests\vsstests.ui.controls.datatree.ts::vsstests.ui.controls" name="VSSTests.UI.Controls.DataTree countAndGetItem" />
    </UnitTest>
    <UnitTest name="VSSTests.UI.Controls.Identities.Picker IP:IdentityService:SuccessCallbackCalledOnceForEachValidQueryToken" storage="d:\v2.0\a1\_work\dbded102\vso\vssf\webplatform\platform\scripts\vsstests\common\tests\vsstests.ui.controls.identities.picker.ts" id="a7dff102-f68f-40ef-bef7-f3d81cb34840">
      <Execution id="e70c9a2e-2a43-4bcc-be87-5b47f3745669" />
      <TestMethod codeBase="d:\v2.0\a1\_work\dbded102\vso\vssf\webplatform\platform\scripts\vsstests\common\tests\vsstests.ui.controls.identities.picker.ts" adapterTypeName="Microsoft.VisualStudio.TestTools.TestTypes.Unit.UnitTestAdapter" className="d:\v2.0\a1\_work\dbded102\vso\vssf\webplatform\platform\scripts\vsstests\common\tests\vsstests.ui.controls.identities.picker.ts::vsstests.ui.controls.identities" name="VSSTests.UI.Controls.Identities.Picker IP:IdentityService:SuccessCallbackCalledOnceForEachValidQueryToken" />
    </UnitTest>
    <UnitTest name="VSSTests.UI.Controls.Grids Helper_HelperIsInvokedWhenProvidedAndHelperValueIsReturned" storage="d:\v2.0\a1\_work\dbded102\vso\vssf\webplatform\platform\scripts\vsstests\common\tests\vsstests.ui.controls.grids.grid.ts" id="1c1f1959-3e20-4c03-8ccc-4a50f36662e5">
      <Execution id="5e345a32-d3ce-4d8d-bf57-75bbbdf348e3" />
      <TestMethod codeBase="d:\v2.0\a1\_work\dbded102\vso\vssf\webplatform\platform\scripts\vsstests\common\tests\vsstests.ui.controls.grids.grid.ts" adapterTypeName="Microsoft.VisualStudio.TestTools.TestTypes.Unit.UnitTestAdapter" className="d:\v2.0\a1\_work\dbded102\vso\vssf\webplatform\platform\scripts\vsstests\common\tests\vsstests.ui.controls.grids.grid.ts::vsstests.ui.controls" name="VSSTests.UI.Controls.Grids Helper_HelperIsInvokedWhenProvidedAndHelperValueIsReturned" />
    </UnitTest>
    <UnitTest name="VSSTests.UI.Controls.Grids Helper_HelperNotInvokedWhenNoRowDragging" storage="d:\v2.0\a1\_work\dbded102\vso\vssf\webplatform\platform\scripts\vsstests\common\tests\vsstests.ui.controls.grids.grid.ts" id="1816b8fe-7380-45d4-b022-210842a99d9b">
      <Execution id="1bfb27ec-f265-48e3-9f05-b64b9547d0f2" />
      <TestMethod codeBase="d:\v2.0\a1\_work\dbded102\vso\vssf\webplatform\platform\scripts\vsstests\common\tests\vsstests.ui.controls.grids.grid.ts" adapterTypeName="Microsoft.VisualStudio.TestTools.TestTypes.Unit.UnitTestAdapter" className="d:\v2.0\a1\_work\dbded102\vso\vssf\webplatform\platform\scripts\vsstests\common\tests\vsstests.ui.controls.grids.grid.ts::vsstests.ui.controls" name="VSSTests.UI.Controls.Grids Helper_HelperNotInvokedWhenNoRowDragging" />
    </UnitTest>
    <UnitTest name="VSSTests.UI.Controls.Grids Helper_DefaultHelperGeneratedWhenNoHelperCreationFunctionProvided" storage="d:\v2.0\a1\_work\dbded102\vso\vssf\webplatform\platform\scripts\vsstests\common\tests\vsstests.ui.controls.grids.grid.ts" id="be05ab37-d040-4411-9377-352f2b337697">
      <Execution id="ef57c590-5ad7-4449-9abb-3f66cecdbe4f" />
      <TestMethod codeBase="d:\v2.0\a1\_work\dbded102\vso\vssf\webplatform\platform\scripts\vsstests\common\tests\vsstests.ui.controls.grids.grid.ts" adapterTypeName="Microsoft.VisualStudio.TestTools.TestTypes.Unit.UnitTestAdapter" className="d:\v2.0\a1\_work\dbded102\vso\vssf\webplatform\platform\scripts\vsstests\common\tests\vsstests.ui.controls.grids.grid.ts::vsstests.ui.controls" name="VSSTests.UI.Controls.Grids Helper_DefaultHelperGeneratedWhenNoHelperCreationFunctionProvided" />
    </UnitTest>
    <UnitTest name="VSSTests.UI.Controls.Grids Drag_UiInfoUpdatedForDrag" storage="d:\v2.0\a1\_work\dbded102\vso\vssf\webplatform\platform\scripts\vsstests\common\tests\vsstests.ui.controls.grids.grid.ts" id="bea3e22f-c953-47d4-9b43-478a615ee270">
      <Execution id="8a85d747-36f1-4409-9bbd-4ecdeea8eac8" />
      <TestMethod codeBase="d:\v2.0\a1\_work\dbded102\vso\vssf\webplatform\platform\scripts\vsstests\common\tests\vsstests.ui.controls.grids.grid.ts" adapterTypeName="Microsoft.VisualStudio.TestTools.TestTypes.Unit.UnitTestAdapter" className="d:\v2.0\a1\_work\dbded102\vso\vssf\webplatform\platform\scripts\vsstests\common\tests\vsstests.ui.controls.grids.grid.ts::vsstests.ui.controls" name="VSSTests.UI.Controls.Grids Drag_UiInfoUpdatedForDrag" />
    </UnitTest>
    <UnitTest name="VSSTests.UI.Controls.Grids Drag_DragHandlerResultReturned" storage="d:\v2.0\a1\_work\dbded102\vso\vssf\webplatform\platform\scripts\vsstests\common\tests\vsstests.ui.controls.grids.grid.ts" id="937d6786-67f5-4501-a9ee-bb9ce9884fe4">
      <Execution id="7d4389f2-7a69-493e-8e92-3aab71a74d74" />
      <TestMethod codeBase="d:\v2.0\a1\_work\dbded102\vso\vssf\webplatform\platform\scripts\vsstests\common\tests\vsstests.ui.controls.grids.grid.ts" adapterTypeName="Microsoft.VisualStudio.TestTools.TestTypes.Unit.UnitTestAdapter" className="d:\v2.0\a1\_work\dbded102\vso\vssf\webplatform\platform\scripts\vsstests\common\tests\vsstests.ui.controls.grids.grid.ts::vsstests.ui.controls" name="VSSTests.UI.Controls.Grids Drag_DragHandlerResultReturned" />
    </UnitTest>
    <UnitTest name="VSSTests.UI.Controls.Grids Drag_NoResultWhenNoDragHandler" storage="d:\v2.0\a1\_work\dbded102\vso\vssf\webplatform\platform\scripts\vsstests\common\tests\vsstests.ui.controls.grids.grid.ts" id="ae4f0271-ae1d-48c0-9f7f-81e6c39522ba">
      <Execution id="95139bf1-f688-4bf9-a529-603023679959" />
      <TestMethod codeBase="d:\v2.0\a1\_work\dbded102\vso\vssf\webplatform\platform\scripts\vsstests\common\tests\vsstests.ui.controls.grids.grid.ts" adapterTypeName="Microsoft.VisualStudio.TestTools.TestTypes.Unit.UnitTestAdapter" className="d:\v2.0\a1\_work\dbded102\vso\vssf\webplatform\platform\scripts\vsstests\common\tests\vsstests.ui.controls.grids.grid.ts::vsstests.ui.controls" name="VSSTests.UI.Controls.Grids Drag_NoResultWhenNoDragHandler" />
    </UnitTest>
    <UnitTest name="VSSTests.UI.Controls.Grids Start_UiInfoUpdatedForStartAsWellAsCanvasDataAndGetDraggingRowInfo" storage="d:\v2.0\a1\_work\dbded102\vso\vssf\webplatform\platform\scripts\vsstests\common\tests\vsstests.ui.controls.grids.grid.ts" id="2fafc378-d510-4de7-9b64-5d9384117160">
      <Execution id="8b7c1c94-3624-4286-948b-bcf2b9c49921" />
      <TestMethod codeBase="d:\v2.0\a1\_work\dbded102\vso\vssf\webplatform\platform\scripts\vsstests\common\tests\vsstests.ui.controls.grids.grid.ts" adapterTypeName="Microsoft.VisualStudio.TestTools.TestTypes.Unit.UnitTestAdapter" className="d:\v2.0\a1\_work\dbded102\vso\vssf\webplatform\platform\scripts\vsstests\common\tests\vsstests.ui.controls.grids.grid.ts::vsstests.ui.controls" name="VSSTests.UI.Controls.Grids Start_UiInfoUpdatedForStartAsWellAsCanvasDataAndGetDraggingRowInfo" />
    </UnitTest>
    <UnitTest name="VSSTests.UI.Controls.Grids Start_StartHandlerResultReturned" storage="d:\v2.0\a1\_work\dbded102\vso\vssf\webplatform\platform\scripts\vsstests\common\tests\vsstests.ui.controls.grids.grid.ts" id="5cc6c004-06f7-4caf-8956-ec9ef0e8bf55">
      <Execution id="4efae8fb-b245-43d8-a355-09e25723d551" />
      <TestMethod codeBase="d:\v2.0\a1\_work\dbded102\vso\vssf\webplatform\platform\scripts\vsstests\common\tests\vsstests.ui.controls.grids.grid.ts" adapterTypeName="Microsoft.VisualStudio.TestTools.TestTypes.Unit.UnitTestAdapter" className="d:\v2.0\a1\_work\dbded102\vso\vssf\webplatform\platform\scripts\vsstests\common\tests\vsstests.ui.controls.grids.grid.ts::vsstests.ui.controls" name="VSSTests.UI.Controls.Grids Start_StartHandlerResultReturned" />
    </UnitTest>
    <UnitTest name="VSSTests.UI.Controls.Grids Start_NothingDoneWhenNothingDragging" storage="d:\v2.0\a1\_work\dbded102\vso\vssf\webplatform\platform\scripts\vsstests\common\tests\vsstests.ui.controls.grids.grid.ts" id="33e533d8-c2ff-40e6-aa5c-a10e23759797">
      <Execution id="f6cfde06-5715-49e7-8ffd-4923b1e64d01" />
      <TestMethod codeBase="d:\v2.0\a1\_work\dbded102\vso\vssf\webplatform\platform\scripts\vsstests\common\tests\vsstests.ui.controls.grids.grid.ts" adapterTypeName="Microsoft.VisualStudio.TestTools.TestTypes.Unit.UnitTestAdapter" className="d:\v2.0\a1\_work\dbded102\vso\vssf\webplatform\platform\scripts\vsstests\common\tests\vsstests.ui.controls.grids.grid.ts::vsstests.ui.controls" name="VSSTests.UI.Controls.Grids Start_NothingDoneWhenNothingDragging" />
    </UnitTest>
    <UnitTest name="VSSTests.UI.Controls.Grids Start_NoResultWhenNoStartHandler" storage="d:\v2.0\a1\_work\dbded102\vso\vssf\webplatform\platform\scripts\vsstests\common\tests\vsstests.ui.controls.grids.grid.ts" id="373a27e0-4e63-4092-bfcd-3febc7fd3f06">
      <Execution id="605aed16-d6d4-4d88-a2e0-20bdb722566e" />
      <TestMethod codeBase="d:\v2.0\a1\_work\dbded102\vso\vssf\webplatform\platform\scripts\vsstests\common\tests\vsstests.ui.controls.grids.grid.ts" adapterTypeName="Microsoft.VisualStudio.TestTools.TestTypes.Unit.UnitTestAdapter" className="d:\v2.0\a1\_work\dbded102\vso\vssf\webplatform\platform\scripts\vsstests\common\tests\vsstests.ui.controls.grids.grid.ts::vsstests.ui.controls" name="VSSTests.UI.Controls.Grids Start_NoResultWhenNoStartHandler" />
    </UnitTest>
    <UnitTest name="VSSTests.UI.Controls.Grids Stop_UiInfoUpdatedForStopAndDraggingRowInfoClearedFromCanvasAndGetDraggingRowInfoAfterComplete" storage="d:\v2.0\a1\_work\dbded102\vso\vssf\webplatform\platform\scripts\vsstests\common\tests\vsstests.ui.controls.grids.grid.ts" id="05ecbe37-450e-4a43-bbec-734d64df7b8a">
      <Execution id="efafa3ad-7baa-4322-bff1-b3bde1a9399d" />
      <TestMethod codeBase="d:\v2.0\a1\_work\dbded102\vso\vssf\webplatform\platform\scripts\vsstests\common\tests\vsstests.ui.controls.grids.grid.ts" adapterTypeName="Microsoft.VisualStudio.TestTools.TestTypes.Unit.UnitTestAdapter" className="d:\v2.0\a1\_work\dbded102\vso\vssf\webplatform\platform\scripts\vsstests\common\tests\vsstests.ui.controls.grids.grid.ts::vsstests.ui.controls" name="VSSTests.UI.Controls.Grids Stop_UiInfoUpdatedForStopAndDraggingRowInfoClearedFromCanvasAndGetDraggingRowInfoAfterComplete" />
    </UnitTest>
    <UnitTest name="VSSTests.UI.Controls.Grids Stop_StopHandlerResultReturned" storage="d:\v2.0\a1\_work\dbded102\vso\vssf\webplatform\platform\scripts\vsstests\common\tests\vsstests.ui.controls.grids.grid.ts" id="ee8da425-b4e5-4131-893b-1dffca6fab3a">
      <Execution id="9b82e884-04c8-402f-b425-6c5cdfb69614" />
      <TestMethod codeBase="d:\v2.0\a1\_work\dbded102\vso\vssf\webplatform\platform\scripts\vsstests\common\tests\vsstests.ui.controls.grids.grid.ts" adapterTypeName="Microsoft.VisualStudio.TestTools.TestTypes.Unit.UnitTestAdapter" className="d:\v2.0\a1\_work\dbded102\vso\vssf\webplatform\platform\scripts\vsstests\common\tests\vsstests.ui.controls.grids.grid.ts::vsstests.ui.controls" name="VSSTests.UI.Controls.Grids Stop_StopHandlerResultReturned" />
    </UnitTest>
    <UnitTest name="VSSTests.UI.Controls.Grids Stop_NoResultWhenNoStopHandler" storage="d:\v2.0\a1\_work\dbded102\vso\vssf\webplatform\platform\scripts\vsstests\common\tests\vsstests.ui.controls.grids.grid.ts" id="9916f0ec-db77-4138-833f-f7d542eba8cc">
      <Execution id="f4ed7ab6-921b-4250-856d-5e770f0d6d5e" />
      <TestMethod codeBase="d:\v2.0\a1\_work\dbded102\vso\vssf\webplatform\platform\scripts\vsstests\common\tests\vsstests.ui.controls.grids.grid.ts" adapterTypeName="Microsoft.VisualStudio.TestTools.TestTypes.Unit.UnitTestAdapter" className="d:\v2.0\a1\_work\dbded102\vso\vssf\webplatform\platform\scripts\vsstests\common\tests\vsstests.ui.controls.grids.grid.ts::vsstests.ui.controls" name="VSSTests.UI.Controls.Grids Stop_NoResultWhenNoStopHandler" />
    </UnitTest>
    <UnitTest name="VSSTests.UI.Controls.Grids Accept_AcceptEvenWhenNoAcceptHandler" storage="d:\v2.0\a1\_work\dbded102\vso\vssf\webplatform\platform\scripts\vsstests\common\tests\vsstests.ui.controls.grids.grid.ts" id="da55eab2-10b0-49eb-a44d-16f2747f5f78">
      <Execution id="d8a3c181-7297-4e8f-a1b2-09312daeb8c9" />
      <TestMethod codeBase="d:\v2.0\a1\_work\dbded102\vso\vssf\webplatform\platform\scripts\vsstests\common\tests\vsstests.ui.controls.grids.grid.ts" adapterTypeName="Microsoft.VisualStudio.TestTools.TestTypes.Unit.UnitTestAdapter" className="d:\v2.0\a1\_work\dbded102\vso\vssf\webplatform\platform\scripts\vsstests\common\tests\vsstests.ui.controls.grids.grid.ts::vsstests.ui.controls" name="VSSTests.UI.Controls.Grids Accept_AcceptEvenWhenNoAcceptHandler" />
    </UnitTest>
    <UnitTest name="VSSTests.UI.Controls.Grids Accept_AcceptEvenWhenHandlerDoesNotAccept" storage="d:\v2.0\a1\_work\dbded102\vso\vssf\webplatform\platform\scripts\vsstests\common\tests\vsstests.ui.controls.grids.grid.ts" id="94695f34-6a82-4196-8f92-4902c7d39038">
      <Execution id="aca777fe-c7c3-4033-97a8-11401188fda8" />
      <TestMethod codeBase="d:\v2.0\a1\_work\dbded102\vso\vssf\webplatform\platform\scripts\vsstests\common\tests\vsstests.ui.controls.grids.grid.ts" adapterTypeName="Microsoft.VisualStudio.TestTools.TestTypes.Unit.UnitTestAdapter" className="d:\v2.0\a1\_work\dbded102\vso\vssf\webplatform\platform\scripts\vsstests\common\tests\vsstests.ui.controls.grids.grid.ts::vsstests.ui.controls" name="VSSTests.UI.Controls.Grids Accept_AcceptEvenWhenHandlerDoesNotAccept" />
    </UnitTest>
    <UnitTest name="VSSTests.UI.Controls.Grids Accept_AcceptCalledForEachRow" storage="d:\v2.0\a1\_work\dbded102\vso\vssf\webplatform\platform\scripts\vsstests\common\tests\vsstests.ui.controls.grids.grid.ts" id="3fe0bc01-5290-4979-a516-eeb00a68f572">
      <Execution id="96f0190e-482d-4f8f-ac2d-34ecb9669190" />
      <TestMethod codeBase="d:\v2.0\a1\_work\dbded102\vso\vssf\webplatform\platform\scripts\vsstests\common\tests\vsstests.ui.controls.grids.grid.ts" adapterTypeName="Microsoft.VisualStudio.TestTools.TestTypes.Unit.UnitTestAdapter" className="d:\v2.0\a1\_work\dbded102\vso\vssf\webplatform\platform\scripts\vsstests\common\tests\vsstests.ui.controls.grids.grid.ts::vsstests.ui.controls" name="VSSTests.UI.Controls.Grids Accept_AcceptCalledForEachRow" />
    </UnitTest>
    <UnitTest name="VSSTests.UI.Controls.Grids Accept_UiInfoUpdatedForAccept" storage="d:\v2.0\a1\_work\dbded102\vso\vssf\webplatform\platform\scripts\vsstests\common\tests\vsstests.ui.controls.grids.grid.ts" id="e675ff07-8a1c-423f-8f5e-380b3a788a12">
      <Execution id="4d1483cb-7ea9-4690-9192-e8be9332b2d7" />
      <TestMethod codeBase="d:\v2.0\a1\_work\dbded102\vso\vssf\webplatform\platform\scripts\vsstests\common\tests\vsstests.ui.controls.grids.grid.ts" adapterTypeName="Microsoft.VisualStudio.TestTools.TestTypes.Unit.UnitTestAdapter" className="d:\v2.0\a1\_work\dbded102\vso\vssf\webplatform\platform\scripts\vsstests\common\tests\vsstests.ui.controls.grids.grid.ts::vsstests.ui.controls" name="VSSTests.UI.Controls.Grids Accept_UiInfoUpdatedForAccept" />
    </UnitTest>
    <UnitTest name="VSSTests.UI.Controls.Grids Accept_AcceptNotCalledSecondTimeForEachRow" storage="d:\v2.0\a1\_work\dbded102\vso\vssf\webplatform\platform\scripts\vsstests\common\tests\vsstests.ui.controls.grids.grid.ts" id="8e5c0515-532f-45a5-8674-48a46888b694">
      <Execution id="106b0dee-0ebd-4beb-b678-47ae258e4cee" />
      <TestMethod codeBase="d:\v2.0\a1\_work\dbded102\vso\vssf\webplatform\platform\scripts\vsstests\common\tests\vsstests.ui.controls.grids.grid.ts" adapterTypeName="Microsoft.VisualStudio.TestTools.TestTypes.Unit.UnitTestAdapter" className="d:\v2.0\a1\_work\dbded102\vso\vssf\webplatform\platform\scripts\vsstests\common\tests\vsstests.ui.controls.grids.grid.ts::vsstests.ui.controls" name="VSSTests.UI.Controls.Grids Accept_AcceptNotCalledSecondTimeForEachRow" />
    </UnitTest>
    <UnitTest name="VSSTests.UI.Controls.Grids Accept_AcceptCalledWhenNoDraggingRow" storage="d:\v2.0\a1\_work\dbded102\vso\vssf\webplatform\platform\scripts\vsstests\common\tests\vsstests.ui.controls.grids.grid.ts" id="70485bb3-7e03-4fd6-9e8e-4559d55a667e">
      <Execution id="9dafc80c-140c-4619-84df-79850006cf24" />
      <TestMethod codeBase="d:\v2.0\a1\_work\dbded102\vso\vssf\webplatform\platform\scripts\vsstests\common\tests\vsstests.ui.controls.grids.grid.ts" adapterTypeName="Microsoft.VisualStudio.TestTools.TestTypes.Unit.UnitTestAdapter" className="d:\v2.0\a1\_work\dbded102\vso\vssf\webplatform\platform\scripts\vsstests\common\tests\vsstests.ui.controls.grids.grid.ts::vsstests.ui.controls" name="VSSTests.UI.Controls.Grids Accept_AcceptCalledWhenNoDraggingRow" />
    </UnitTest>
    <UnitTest name="VSSTests.UI.Controls.Grids Accept_RowsMatchingAcceptSelectorAreAccepted" storage="d:\v2.0\a1\_work\dbded102\vso\vssf\webplatform\platform\scripts\vsstests\common\tests\vsstests.ui.controls.grids.grid.ts" id="2abdbfa8-e215-494b-bd72-228971119161">
      <Execution id="80de16ac-89e3-4ac0-984b-6757506f6cde" />
      <TestMethod codeBase="d:\v2.0\a1\_work\dbded102\vso\vssf\webplatform\platform\scripts\vsstests\common\tests\vsstests.ui.controls.grids.grid.ts" adapterTypeName="Microsoft.VisualStudio.TestTools.TestTypes.Unit.UnitTestAdapter" className="d:\v2.0\a1\_work\dbded102\vso\vssf\webplatform\platform\scripts\vsstests\common\tests\vsstests.ui.controls.grids.grid.ts::vsstests.ui.controls" name="VSSTests.UI.Controls.Grids Accept_RowsMatchingAcceptSelectorAreAccepted" />
    </UnitTest>
    <UnitTest name="VSSTests.UI.Controls.Grids Activate_ActivateOnlyCalledForAcceptedRows" storage="d:\v2.0\a1\_work\dbded102\vso\vssf\webplatform\platform\scripts\vsstests\common\tests\vsstests.ui.controls.grids.grid.ts" id="d84dd1a3-491f-404a-b9cd-e713494fc8ee">
      <Execution id="75d7e24d-e537-4093-968c-a3b760e1d459" />
      <TestMethod codeBase="d:\v2.0\a1\_work\dbded102\vso\vssf\webplatform\platform\scripts\vsstests\common\tests\vsstests.ui.controls.grids.grid.ts" adapterTypeName="Microsoft.VisualStudio.TestTools.TestTypes.Unit.UnitTestAdapter" className="d:\v2.0\a1\_work\dbded102\vso\vssf\webplatform\platform\scripts\vsstests\common\tests\vsstests.ui.controls.grids.grid.ts::vsstests.ui.controls" name="VSSTests.UI.Controls.Grids Activate_ActivateOnlyCalledForAcceptedRows" />
    </UnitTest>
    <UnitTest name="VSSTests.UI.Controls.Grids Activate_ActivateCalledWhenNoDraggingRow" storage="d:\v2.0\a1\_work\dbded102\vso\vssf\webplatform\platform\scripts\vsstests\common\tests\vsstests.ui.controls.grids.grid.ts" id="4d893fa0-e3cc-424b-89b5-6e8ce13d140c">
      <Execution id="6ccd2c67-8af4-4c32-a810-dc3a5375b2b7" />
      <TestMethod codeBase="d:\v2.0\a1\_work\dbded102\vso\vssf\webplatform\platform\scripts\vsstests\common\tests\vsstests.ui.controls.grids.grid.ts" adapterTypeName="Microsoft.VisualStudio.TestTools.TestTypes.Unit.UnitTestAdapter" className="d:\v2.0\a1\_work\dbded102\vso\vssf\webplatform\platform\scripts\vsstests\common\tests\vsstests.ui.controls.grids.grid.ts::vsstests.ui.controls" name="VSSTests.UI.Controls.Grids Activate_ActivateCalledWhenNoDraggingRow" />
    </UnitTest>
    <UnitTest name="VSSTests.UI.Controls.Grids Activate_ActiveClassAddedToAcceptedRows" storage="d:\v2.0\a1\_work\dbded102\vso\vssf\webplatform\platform\scripts\vsstests\common\tests\vsstests.ui.controls.grids.grid.ts" id="75736523-255f-4ce4-9de5-8d543789ecd3">
      <Execution id="1d055a1b-30b6-4991-b041-a482c4ec9fac" />
      <TestMethod codeBase="d:\v2.0\a1\_work\dbded102\vso\vssf\webplatform\platform\scripts\vsstests\common\tests\vsstests.ui.controls.grids.grid.ts" adapterTypeName="Microsoft.VisualStudio.TestTools.TestTypes.Unit.UnitTestAdapter" className="d:\v2.0\a1\_work\dbded102\vso\vssf\webplatform\platform\scripts\vsstests\common\tests\vsstests.ui.controls.grids.grid.ts::vsstests.ui.controls" name="VSSTests.UI.Controls.Grids Activate_ActiveClassAddedToAcceptedRows" />
    </UnitTest>
    <UnitTest name="VSSTests.UI.Controls.Grids Deactivate_DeactivateOnlyCalledForAcceptedRows" storage="d:\v2.0\a1\_work\dbded102\vso\vssf\webplatform\platform\scripts\vsstests\common\tests\vsstests.ui.controls.grids.grid.ts" id="4d373ede-70ac-4ee1-b872-e4f3a2120e15">
      <Execution id="b5d8d35c-a035-4cc8-8a82-157ca857a107" />
      <TestMethod codeBase="d:\v2.0\a1\_work\dbded102\vso\vssf\webplatform\platform\scripts\vsstests\common\tests\vsstests.ui.controls.grids.grid.ts" adapterTypeName="Microsoft.VisualStudio.TestTools.TestTypes.Unit.UnitTestAdapter" className="d:\v2.0\a1\_work\dbded102\vso\vssf\webplatform\platform\scripts\vsstests\common\tests\vsstests.ui.controls.grids.grid.ts::vsstests.ui.controls" name="VSSTests.UI.Controls.Grids Deactivate_DeactivateOnlyCalledForAcceptedRows" />
    </UnitTest>
    <UnitTest name="VSSTests.UI.Controls.Grids Deactivate_DeactivateCalledWhenNoDraggingRow" storage="d:\v2.0\a1\_work\dbded102\vso\vssf\webplatform\platform\scripts\vsstests\common\tests\vsstests.ui.controls.grids.grid.ts" id="8930fda8-98b2-4eab-9b68-2f1ae49e85b5">
      <Execution id="33828d4b-06c8-4b09-876e-077303d55c3b" />
      <TestMethod codeBase="d:\v2.0\a1\_work\dbded102\vso\vssf\webplatform\platform\scripts\vsstests\common\tests\vsstests.ui.controls.grids.grid.ts" adapterTypeName="Microsoft.VisualStudio.TestTools.TestTypes.Unit.UnitTestAdapter" className="d:\v2.0\a1\_work\dbded102\vso\vssf\webplatform\platform\scripts\vsstests\common\tests\vsstests.ui.controls.grids.grid.ts::vsstests.ui.controls" name="VSSTests.UI.Controls.Grids Deactivate_DeactivateCalledWhenNoDraggingRow" />
    </UnitTest>
    <UnitTest name="VSSTests.UI.Controls.Grids Deactivate_ActiveClassAndHoverClassRemovedWhenDeactivated" storage="d:\v2.0\a1\_work\dbded102\vso\vssf\webplatform\platform\scripts\vsstests\common\tests\vsstests.ui.controls.grids.grid.ts" id="dd38879b-5e96-47ef-b478-d418a1d1bad2">
      <Execution id="ba913f61-bc3e-484e-ad51-0f1c2aa30309" />
      <TestMethod codeBase="d:\v2.0\a1\_work\dbded102\vso\vssf\webplatform\platform\scripts\vsstests\common\tests\vsstests.ui.controls.grids.grid.ts" adapterTypeName="Microsoft.VisualStudio.TestTools.TestTypes.Unit.UnitTestAdapter" className="d:\v2.0\a1\_work\dbded102\vso\vssf\webplatform\platform\scripts\vsstests\common\tests\vsstests.ui.controls.grids.grid.ts::vsstests.ui.controls" name="VSSTests.UI.Controls.Grids Deactivate_ActiveClassAndHoverClassRemovedWhenDeactivated" />
    </UnitTest>
    <UnitTest name="VSSTests.UI.Controls.Grids Over_OverOnlyCalledForAcceptedIntersectingRows" storage="d:\v2.0\a1\_work\dbded102\vso\vssf\webplatform\platform\scripts\vsstests\common\tests\vsstests.ui.controls.grids.grid.ts" id="494fa010-c8f1-4026-98c8-6ce777b43a55">
      <Execution id="f893165f-37cc-4034-aaab-df6de524d5e4" />
      <TestMethod codeBase="d:\v2.0\a1\_work\dbded102\vso\vssf\webplatform\platform\scripts\vsstests\common\tests\vsstests.ui.controls.grids.grid.ts" adapterTypeName="Microsoft.VisualStudio.TestTools.TestTypes.Unit.UnitTestAdapter" className="d:\v2.0\a1\_work\dbded102\vso\vssf\webplatform\platform\scripts\vsstests\common\tests\vsstests.ui.controls.grids.grid.ts::vsstests.ui.controls" name="VSSTests.UI.Controls.Grids Over_OverOnlyCalledForAcceptedIntersectingRows" />
    </UnitTest>
    <UnitTest name="VSSTests.UI.Controls.Grids Over_OverCalledWhenNoDraggingRow" storage="d:\v2.0\a1\_work\dbded102\vso\vssf\webplatform\platform\scripts\vsstests\common\tests\vsstests.ui.controls.grids.grid.ts" id="1b70fe6e-6f94-45a3-861f-82e24d301e08">
      <Execution id="3a1804df-eca4-4f64-aa9d-edd0189cc280" />
      <TestMethod codeBase="d:\v2.0\a1\_work\dbded102\vso\vssf\webplatform\platform\scripts\vsstests\common\tests\vsstests.ui.controls.grids.grid.ts" adapterTypeName="Microsoft.VisualStudio.TestTools.TestTypes.Unit.UnitTestAdapter" className="d:\v2.0\a1\_work\dbded102\vso\vssf\webplatform\platform\scripts\vsstests\common\tests\vsstests.ui.controls.grids.grid.ts::vsstests.ui.controls" name="VSSTests.UI.Controls.Grids Over_OverCalledWhenNoDraggingRow" />
    </UnitTest>
    <UnitTest name="VSSTests.UI.Controls.Grids Over_OverOnlyCalledOnceForRow" storage="d:\v2.0\a1\_work\dbded102\vso\vssf\webplatform\platform\scripts\vsstests\common\tests\vsstests.ui.controls.grids.grid.ts" id="be3cc3ea-920a-4757-b3a5-a8e948fc4032">
      <Execution id="8d496f23-c861-4061-8929-cad5f4da7d4a" />
      <TestMethod codeBase="d:\v2.0\a1\_work\dbded102\vso\vssf\webplatform\platform\scripts\vsstests\common\tests\vsstests.ui.controls.grids.grid.ts" adapterTypeName="Microsoft.VisualStudio.TestTools.TestTypes.Unit.UnitTestAdapter" className="d:\v2.0\a1\_work\dbded102\vso\vssf\webplatform\platform\scripts\vsstests\common\tests\vsstests.ui.controls.grids.grid.ts::vsstests.ui.controls" name="VSSTests.UI.Controls.Grids Over_OverOnlyCalledOnceForRow" />
    </UnitTest>
    <UnitTest name="VSSTests.UI.Controls.Grids Over_HoverClassAddedToIntersectingRow" storage="d:\v2.0\a1\_work\dbded102\vso\vssf\webplatform\platform\scripts\vsstests\common\tests\vsstests.ui.controls.grids.grid.ts" id="b567c96b-b6c6-4591-b069-1e81f7aa1903">
      <Execution id="2de9245b-b42e-41d9-acd3-d81e9abc3db6" />
      <TestMethod codeBase="d:\v2.0\a1\_work\dbded102\vso\vssf\webplatform\platform\scripts\vsstests\common\tests\vsstests.ui.controls.grids.grid.ts" adapterTypeName="Microsoft.VisualStudio.TestTools.TestTypes.Unit.UnitTestAdapter" className="d:\v2.0\a1\_work\dbded102\vso\vssf\webplatform\platform\scripts\vsstests\common\tests\vsstests.ui.controls.grids.grid.ts::vsstests.ui.controls" name="VSSTests.UI.Controls.Grids Over_HoverClassAddedToIntersectingRow" />
    </UnitTest>
    <UnitTest name="VSSTests.UI.Controls.Grids Out_OutOnlyCalledForAcceptedIntersectingRows" storage="d:\v2.0\a1\_work\dbded102\vso\vssf\webplatform\platform\scripts\vsstests\common\tests\vsstests.ui.controls.grids.grid.ts" id="7038f89a-9735-41e9-8906-c764dc26bf07">
      <Execution id="3e2330ba-31b4-4b0f-8f5d-b9528d5ee63e" />
      <TestMethod codeBase="d:\v2.0\a1\_work\dbded102\vso\vssf\webplatform\platform\scripts\vsstests\common\tests\vsstests.ui.controls.grids.grid.ts" adapterTypeName="Microsoft.VisualStudio.TestTools.TestTypes.Unit.UnitTestAdapter" className="d:\v2.0\a1\_work\dbded102\vso\vssf\webplatform\platform\scripts\vsstests\common\tests\vsstests.ui.controls.grids.grid.ts::vsstests.ui.controls" name="VSSTests.UI.Controls.Grids Out_OutOnlyCalledForAcceptedIntersectingRows" />
    </UnitTest>
    <UnitTest name="VSSTests.UI.Controls.Grids Out_OutCalledWhenNoDraggingRow" storage="d:\v2.0\a1\_work\dbded102\vso\vssf\webplatform\platform\scripts\vsstests\common\tests\vsstests.ui.controls.grids.grid.ts" id="3b198825-9802-4814-bea5-3eb934e8935b">
      <Execution id="8a8a9538-275b-4548-ad66-abd8c40318c8" />
      <TestMethod codeBase="d:\v2.0\a1\_work\dbded102\vso\vssf\webplatform\platform\scripts\vsstests\common\tests\vsstests.ui.controls.grids.grid.ts" adapterTypeName="Microsoft.VisualStudio.TestTools.TestTypes.Unit.UnitTestAdapter" className="d:\v2.0\a1\_work\dbded102\vso\vssf\webplatform\platform\scripts\vsstests\common\tests\vsstests.ui.controls.grids.grid.ts::vsstests.ui.controls" name="VSSTests.UI.Controls.Grids Out_OutCalledWhenNoDraggingRow" />
    </UnitTest>
    <UnitTest name="VSSTests.UI.Controls.Grids Out_OutOnlyCalledOnceForRow" storage="d:\v2.0\a1\_work\dbded102\vso\vssf\webplatform\platform\scripts\vsstests\common\tests\vsstests.ui.controls.grids.grid.ts" id="e28d6369-2272-4736-9f49-0cc2543c1167">
      <Execution id="e2df2edf-6455-4116-9385-0fd74dc93c67" />
      <TestMethod codeBase="d:\v2.0\a1\_work\dbded102\vso\vssf\webplatform\platform\scripts\vsstests\common\tests\vsstests.ui.controls.grids.grid.ts" adapterTypeName="Microsoft.VisualStudio.TestTools.TestTypes.Unit.UnitTestAdapter" className="d:\v2.0\a1\_work\dbded102\vso\vssf\webplatform\platform\scripts\vsstests\common\tests\vsstests.ui.controls.grids.grid.ts::vsstests.ui.controls" name="VSSTests.UI.Controls.Grids Out_OutOnlyCalledOnceForRow" />
    </UnitTest>
    <UnitTest name="VSSTests.UI.Controls.Grids Out_HoverClassRemovedFromOutRow" storage="d:\v2.0\a1\_work\dbded102\vso\vssf\webplatform\platform\scripts\vsstests\common\tests\vsstests.ui.controls.grids.grid.ts" id="1aa9ff76-5589-418e-b931-343db0e9ff6f">
      <Execution id="9d9467c1-f54f-4281-ad94-c5d0dd575ad5" />
      <TestMethod codeBase="d:\v2.0\a1\_work\dbded102\vso\vssf\webplatform\platform\scripts\vsstests\common\tests\vsstests.ui.controls.grids.grid.ts" adapterTypeName="Microsoft.VisualStudio.TestTools.TestTypes.Unit.UnitTestAdapter" className="d:\v2.0\a1\_work\dbded102\vso\vssf\webplatform\platform\scripts\vsstests\common\tests\vsstests.ui.controls.grids.grid.ts::vsstests.ui.controls" name="VSSTests.UI.Controls.Grids Out_HoverClassRemovedFromOutRow" />
    </UnitTest>
    <UnitTest name="VSSTests.UI.Controls.Grids Drop_UiInfoUpdatedForDrop" storage="d:\v2.0\a1\_work\dbded102\vso\vssf\webplatform\platform\scripts\vsstests\common\tests\vsstests.ui.controls.grids.grid.ts" id="27926580-6fb9-4e29-9953-3373cb85c30c">
      <Execution id="bcc80856-bfd3-413c-97e7-93615c885555" />
      <TestMethod codeBase="d:\v2.0\a1\_work\dbded102\vso\vssf\webplatform\platform\scripts\vsstests\common\tests\vsstests.ui.controls.grids.grid.ts" adapterTypeName="Microsoft.VisualStudio.TestTools.TestTypes.Unit.UnitTestAdapter" className="d:\v2.0\a1\_work\dbded102\vso\vssf\webplatform\platform\scripts\vsstests\common\tests\vsstests.ui.controls.grids.grid.ts::vsstests.ui.controls" name="VSSTests.UI.Controls.Grids Drop_UiInfoUpdatedForDrop" />
    </UnitTest>
    <UnitTest name="VSSTests.UI.Controls.Grids Drop_DropCalledWhenNoDraggingRow" storage="d:\v2.0\a1\_work\dbded102\vso\vssf\webplatform\platform\scripts\vsstests\common\tests\vsstests.ui.controls.grids.grid.ts" id="6c3574db-adbb-483e-9ad4-7f38f3088a2e">
      <Execution id="dc369135-c1ca-4306-9437-1edee2179fd3" />
      <TestMethod codeBase="d:\v2.0\a1\_work\dbded102\vso\vssf\webplatform\platform\scripts\vsstests\common\tests\vsstests.ui.controls.grids.grid.ts" adapterTypeName="Microsoft.VisualStudio.TestTools.TestTypes.Unit.UnitTestAdapter" className="d:\v2.0\a1\_work\dbded102\vso\vssf\webplatform\platform\scripts\vsstests\common\tests\vsstests.ui.controls.grids.grid.ts::vsstests.ui.controls" name="VSSTests.UI.Controls.Grids Drop_DropCalledWhenNoDraggingRow" />
    </UnitTest>
    <UnitTest name="VSSTests.UI.Controls.Grids Drop_DropNotInvokedWhenNothingIntersects" storage="d:\v2.0\a1\_work\dbded102\vso\vssf\webplatform\platform\scripts\vsstests\common\tests\vsstests.ui.controls.grids.grid.ts" id="a8a1a0e5-da7a-4a02-bffe-834ad33cfb71">
      <Execution id="ab6d0e14-0c3c-47c0-91a9-6a173836bc75" />
      <TestMethod codeBase="d:\v2.0\a1\_work\dbded102\vso\vssf\webplatform\platform\scripts\vsstests\common\tests\vsstests.ui.controls.grids.grid.ts" adapterTypeName="Microsoft.VisualStudio.TestTools.TestTypes.Unit.UnitTestAdapter" className="d:\v2.0\a1\_work\dbded102\vso\vssf\webplatform\platform\scripts\vsstests\common\tests\vsstests.ui.controls.grids.grid.ts::vsstests.ui.controls" name="VSSTests.UI.Controls.Grids Drop_DropNotInvokedWhenNothingIntersects" />
    </UnitTest>
    <UnitTest name="VSSTests.UI.Controls.Grids Drop_DropNotInvokedWhenIntersectsNonAcceptedRow" storage="d:\v2.0\a1\_work\dbded102\vso\vssf\webplatform\platform\scripts\vsstests\common\tests\vsstests.ui.controls.grids.grid.ts" id="38459d7e-cd5f-430e-bf0b-3df41a2e43b9">
      <Execution id="bc8dff18-ea61-49e4-99c0-262ce1b7046a" />
      <TestMethod codeBase="d:\v2.0\a1\_work\dbded102\vso\vssf\webplatform\platform\scripts\vsstests\common\tests\vsstests.ui.controls.grids.grid.ts" adapterTypeName="Microsoft.VisualStudio.TestTools.TestTypes.Unit.UnitTestAdapter" className="d:\v2.0\a1\_work\dbded102\vso\vssf\webplatform\platform\scripts\vsstests\common\tests\vsstests.ui.controls.grids.grid.ts::vsstests.ui.controls" name="VSSTests.UI.Controls.Grids Drop_DropNotInvokedWhenIntersectsNonAcceptedRow" />
    </UnitTest>
    <UnitTest name="VSSTests.UI.Controls.Grids Drop_DropNotCalledOnDraggingRow" storage="d:\v2.0\a1\_work\dbded102\vso\vssf\webplatform\platform\scripts\vsstests\common\tests\vsstests.ui.controls.grids.grid.ts" id="78029fb9-d303-4ea9-8fd7-dcba36a2d612">
      <Execution id="74483a6e-4186-4bc8-bb8c-9acfb9e315c2" />
      <TestMethod codeBase="d:\v2.0\a1\_work\dbded102\vso\vssf\webplatform\platform\scripts\vsstests\common\tests\vsstests.ui.controls.grids.grid.ts" adapterTypeName="Microsoft.VisualStudio.TestTools.TestTypes.Unit.UnitTestAdapter" className="d:\v2.0\a1\_work\dbded102\vso\vssf\webplatform\platform\scripts\vsstests\common\tests\vsstests.ui.controls.grids.grid.ts::vsstests.ui.controls" name="VSSTests.UI.Controls.Grids Drop_DropNotCalledOnDraggingRow" />
    </UnitTest>
    <UnitTest name="VSSTests.UI.Controls.Grids Drop_DropRemovesHoverAndActiveClasses" storage="d:\v2.0\a1\_work\dbded102\vso\vssf\webplatform\platform\scripts\vsstests\common\tests\vsstests.ui.controls.grids.grid.ts" id="71a3eb8c-b3e0-4038-ac22-74ec40213c22">
      <Execution id="e9c08f3c-bf55-490c-9fe9-38985c3059dd" />
      <TestMethod codeBase="d:\v2.0\a1\_work\dbded102\vso\vssf\webplatform\platform\scripts\vsstests\common\tests\vsstests.ui.controls.grids.grid.ts" adapterTypeName="Microsoft.VisualStudio.TestTools.TestTypes.Unit.UnitTestAdapter" className="d:\v2.0\a1\_work\dbded102\vso\vssf\webplatform\platform\scripts\vsstests\common\tests\vsstests.ui.controls.grids.grid.ts::vsstests.ui.controls" name="VSSTests.UI.Controls.Grids Drop_DropRemovesHoverAndActiveClasses" />
    </UnitTest>
    <UnitTest name="VSSTests.UI.Controls.Grids Selection_SelectAll_OnlySelectsVisible" storage="d:\v2.0\a1\_work\dbded102\vso\vssf\webplatform\platform\scripts\vsstests\common\tests\vsstests.ui.controls.grids.grid.ts" id="7ed92020-ffd6-4d2e-b459-d56c6f1905ef">
      <Execution id="b815f81e-81d3-4e14-956f-07554cb331d0" />
      <TestMethod codeBase="d:\v2.0\a1\_work\dbded102\vso\vssf\webplatform\platform\scripts\vsstests\common\tests\vsstests.ui.controls.grids.grid.ts" adapterTypeName="Microsoft.VisualStudio.TestTools.TestTypes.Unit.UnitTestAdapter" className="d:\v2.0\a1\_work\dbded102\vso\vssf\webplatform\platform\scripts\vsstests\common\tests\vsstests.ui.controls.grids.grid.ts::vsstests.ui.controls" name="VSSTests.UI.Controls.Grids Selection_SelectAll_OnlySelectsVisible" />
    </UnitTest>
    <UnitTest name="VSSTests.UI.Controls.Grids Selection_ClearSelection_ClearsSelectedRowsAndCount" storage="d:\v2.0\a1\_work\dbded102\vso\vssf\webplatform\platform\scripts\vsstests\common\tests\vsstests.ui.controls.grids.grid.ts" id="c1fb59c9-20b9-4515-acd2-58643ae30468">
      <Execution id="d0dab56c-be56-48e7-a6d8-504718f5c6aa" />
      <TestMethod codeBase="d:\v2.0\a1\_work\dbded102\vso\vssf\webplatform\platform\scripts\vsstests\common\tests\vsstests.ui.controls.grids.grid.ts" adapterTypeName="Microsoft.VisualStudio.TestTools.TestTypes.Unit.UnitTestAdapter" className="d:\v2.0\a1\_work\dbded102\vso\vssf\webplatform\platform\scripts\vsstests\common\tests\vsstests.ui.controls.grids.grid.ts::vsstests.ui.controls" name="VSSTests.UI.Controls.Grids Selection_ClearSelection_ClearsSelectedRowsAndCount" />
    </UnitTest>
    <UnitTest name="VSSTests.UI.Controls.Grids Selection_ClearSelection_DoesNotClearSelectedIndex" storage="d:\v2.0\a1\_work\dbded102\vso\vssf\webplatform\platform\scripts\vsstests\common\tests\vsstests.ui.controls.grids.grid.ts" id="8dfb137b-17fe-49e6-8305-eab95f0e4842">
      <Execution id="9633b150-a95c-419f-8ef8-893bc00c96cb" />
      <TestMethod codeBase="d:\v2.0\a1\_work\dbded102\vso\vssf\webplatform\platform\scripts\vsstests\common\tests\vsstests.ui.controls.grids.grid.ts" adapterTypeName="Microsoft.VisualStudio.TestTools.TestTypes.Unit.UnitTestAdapter" className="d:\v2.0\a1\_work\dbded102\vso\vssf\webplatform\platform\scripts\vsstests\common\tests\vsstests.ui.controls.grids.grid.ts::vsstests.ui.controls" name="VSSTests.UI.Controls.Grids Selection_ClearSelection_DoesNotClearSelectedIndex" />
    </UnitTest>
    <UnitTest name="VSSTests.UI.Controls.Grids Hierarchical_Source_Empty" storage="d:\v2.0\a1\_work\dbded102\vso\vssf\webplatform\platform\scripts\vsstests\common\tests\vsstests.ui.controls.grids.grid.ts" id="ae6cf42f-1980-450b-b010-2359394c19b5">
      <Execution id="efb1b292-0d5d-42fe-bb2d-6043e2edcc79" />
      <TestMethod codeBase="d:\v2.0\a1\_work\dbded102\vso\vssf\webplatform\platform\scripts\vsstests\common\tests\vsstests.ui.controls.grids.grid.ts" adapterTypeName="Microsoft.VisualStudio.TestTools.TestTypes.Unit.UnitTestAdapter" className="d:\v2.0\a1\_work\dbded102\vso\vssf\webplatform\platform\scripts\vsstests\common\tests\vsstests.ui.controls.grids.grid.ts::vsstests.ui.controls" name="VSSTests.UI.Controls.Grids Hierarchical_Source_Empty" />
    </UnitTest>
    <UnitTest name="VSSTests.UI.Controls.Grids Hierarchical_Source" storage="d:\v2.0\a1\_work\dbded102\vso\vssf\webplatform\platform\scripts\vsstests\common\tests\vsstests.ui.controls.grids.grid.ts" id="a7e6fce2-8a63-41dc-8ecd-eca0beb8e333">
      <Execution id="82b1f869-b778-40d9-9663-dddea1e789ef" />
      <TestMethod codeBase="d:\v2.0\a1\_work\dbded102\vso\vssf\webplatform\platform\scripts\vsstests\common\tests\vsstests.ui.controls.grids.grid.ts" adapterTypeName="Microsoft.VisualStudio.TestTools.TestTypes.Unit.UnitTestAdapter" className="d:\v2.0\a1\_work\dbded102\vso\vssf\webplatform\platform\scripts\vsstests\common\tests\vsstests.ui.controls.grids.grid.ts::vsstests.ui.controls" name="VSSTests.UI.Controls.Grids Hierarchical_Source" />
    </UnitTest>
    <UnitTest name="VSSTests.UI.Controls.Grids Hierarchical_Source_Update" storage="d:\v2.0\a1\_work\dbded102\vso\vssf\webplatform\platform\scripts\vsstests\common\tests\vsstests.ui.controls.grids.grid.ts" id="042305ac-f261-428e-99b1-31c23d2ea21b">
      <Execution id="5cdf7b8f-f386-4092-b981-e3f70832a7a6" />
      <TestMethod codeBase="d:\v2.0\a1\_work\dbded102\vso\vssf\webplatform\platform\scripts\vsstests\common\tests\vsstests.ui.controls.grids.grid.ts" adapterTypeName="Microsoft.VisualStudio.TestTools.TestTypes.Unit.UnitTestAdapter" className="d:\v2.0\a1\_work\dbded102\vso\vssf\webplatform\platform\scripts\vsstests\common\tests\vsstests.ui.controls.grids.grid.ts::vsstests.ui.controls" name="VSSTests.UI.Controls.Grids Hierarchical_Source_Update" />
    </UnitTest>
    <UnitTest name="VSSTests.UI.Controls.Grids.GridSearchAdapterTests addMoreItems_InvokesCallbackWithNewItemsAndCallsSearchCallbackOnCompletion" storage="d:\v2.0\a1\_work\dbded102\vso\vssf\webplatform\platform\scripts\vsstests\common\tests\vsstests.ui.controls.grids.gridsearchadapter.ts" id="af3f17b3-8887-40ad-87ff-d283f030e60c">
      <Execution id="6268ccc5-dbea-4758-89f0-9f0e3d07eecc" />
      <TestMethod codeBase="d:\v2.0\a1\_work\dbded102\vso\vssf\webplatform\platform\scripts\vsstests\common\tests\vsstests.ui.controls.grids.gridsearchadapter.ts" adapterTypeName="Microsoft.VisualStudio.TestTools.TestTypes.Unit.UnitTestAdapter" className="d:\v2.0\a1\_work\dbded102\vso\vssf\webplatform\platform\scripts\vsstests\common\tests\vsstests.ui.controls.grids.gridsearchadapter.ts::vsstests.ui.controls.grids" name="VSSTests.UI.Controls.Grids.GridSearchAdapterTests addMoreItems_InvokesCallbackWithNewItemsAndCallsSearchCallbackOnCompletion" />
    </UnitTest>
    <UnitTest name="VSSTests.UI.Controls.Grids.GridSearchAdapterTests createSearchableObjects_CreatesSearchableObjectsForGridRows" storage="d:\v2.0\a1\_work\dbded102\vso\vssf\webplatform\platform\scripts\vsstests\common\tests\vsstests.ui.controls.grids.gridsearchadapter.ts" id="69e34301-882c-4e73-8b81-e8b8727ccc57">
      <Execution id="56869128-2cc1-4ff4-bf3b-5d9c2916865b" />
      <TestMethod codeBase="d:\v2.0\a1\_work\dbded102\vso\vssf\webplatform\platform\scripts\vsstests\common\tests\vsstests.ui.controls.grids.gridsearchadapter.ts" adapterTypeName="Microsoft.VisualStudio.TestTools.TestTypes.Unit.UnitTestAdapter" className="d:\v2.0\a1\_work\dbded102\vso\vssf\webplatform\platform\scripts\vsstests\common\tests\vsstests.ui.controls.grids.gridsearchadapter.ts::vsstests.ui.controls.grids" name="VSSTests.UI.Controls.Grids.GridSearchAdapterTests createSearchableObjects_CreatesSearchableObjectsForGridRows" />
    </UnitTest>
    <UnitTest name="VSSTests.UI.Controls.Grids.GridSearchAdapterTests handleResults_GridIsUpdatedWithProvidedResults" storage="d:\v2.0\a1\_work\dbded102\vso\vssf\webplatform\platform\scripts\vsstests\common\tests\vsstests.ui.controls.grids.gridsearchadapter.ts" id="3b3807ad-90f5-4bdc-960a-a06bd10ddb61">
      <Execution id="a16e43be-4717-49ef-9bee-e795d1f52872" />
      <TestMethod codeBase="d:\v2.0\a1\_work\dbded102\vso\vssf\webplatform\platform\scripts\vsstests\common\tests\vsstests.ui.controls.grids.gridsearchadapter.ts" adapterTypeName="Microsoft.VisualStudio.TestTools.TestTypes.Unit.UnitTestAdapter" className="d:\v2.0\a1\_work\dbded102\vso\vssf\webplatform\platform\scripts\vsstests\common\tests\vsstests.ui.controls.grids.gridsearchadapter.ts::vsstests.ui.controls.grids" name="VSSTests.UI.Controls.Grids.GridSearchAdapterTests handleResults_GridIsUpdatedWithProvidedResults" />
    </UnitTest>
    <UnitTest name="VSSTests.UI.Controls.Grids.GridSearchAdapterTests handleError_TFSErrorIsInvoked" storage="d:\v2.0\a1\_work\dbded102\vso\vssf\webplatform\platform\scripts\vsstests\common\tests\vsstests.ui.controls.grids.gridsearchadapter.ts" id="c21b6fa7-4044-4ae5-9d87-6896fa4d7adc">
      <Execution id="879094be-b395-4172-81ef-ea083ab38219" />
      <TestMethod codeBase="d:\v2.0\a1\_work\dbded102\vso\vssf\webplatform\platform\scripts\vsstests\common\tests\vsstests.ui.controls.grids.gridsearchadapter.ts" adapterTypeName="Microsoft.VisualStudio.TestTools.TestTypes.Unit.UnitTestAdapter" className="d:\v2.0\a1\_work\dbded102\vso\vssf\webplatform\platform\scripts\vsstests\common\tests\vsstests.ui.controls.grids.gridsearchadapter.ts::vsstests.ui.controls.grids" name="VSSTests.UI.Controls.Grids.GridSearchAdapterTests handleError_TFSErrorIsInvoked" />
    </UnitTest>
    <UnitTest name="VSSTests.UI.Controls.Grids.GridSearchAdapterTests handleClear_DataIsResetWhenResultDataIsPresent" storage="d:\v2.0\a1\_work\dbded102\vso\vssf\webplatform\platform\scripts\vsstests\common\tests\vsstests.ui.controls.grids.gridsearchadapter.ts" id="2db3c5e3-6bf1-4ed0-911a-16c5261ff4d2">
      <Execution id="aa0339cb-b5fa-4cc4-aef5-379798fb8b1d" />
      <TestMethod codeBase="d:\v2.0\a1\_work\dbded102\vso\vssf\webplatform\platform\scripts\vsstests\common\tests\vsstests.ui.controls.grids.gridsearchadapter.ts" adapterTypeName="Microsoft.VisualStudio.TestTools.TestTypes.Unit.UnitTestAdapter" className="d:\v2.0\a1\_work\dbded102\vso\vssf\webplatform\platform\scripts\vsstests\common\tests\vsstests.ui.controls.grids.gridsearchadapter.ts::vsstests.ui.controls.grids" name="VSSTests.UI.Controls.Grids.GridSearchAdapterTests handleClear_DataIsResetWhenResultDataIsPresent" />
    </UnitTest>
    <UnitTest name="VSSTests.UI.Controls.Grids.GridSearchAdapterTests handleClear_DataIsNotResetWhenResultDataIsNotPresent" storage="d:\v2.0\a1\_work\dbded102\vso\vssf\webplatform\platform\scripts\vsstests\common\tests\vsstests.ui.controls.grids.gridsearchadapter.ts" id="1f81b1f7-6fea-4017-9137-5fddf356f8a9">
      <Execution id="e366f144-7688-43dd-b2d2-00ab204f3d8a" />
      <TestMethod codeBase="d:\v2.0\a1\_work\dbded102\vso\vssf\webplatform\platform\scripts\vsstests\common\tests\vsstests.ui.controls.grids.gridsearchadapter.ts" adapterTypeName="Microsoft.VisualStudio.TestTools.TestTypes.Unit.UnitTestAdapter" className="d:\v2.0\a1\_work\dbded102\vso\vssf\webplatform\platform\scripts\vsstests\common\tests\vsstests.ui.controls.grids.gridsearchadapter.ts::vsstests.ui.controls.grids" name="VSSTests.UI.Controls.Grids.GridSearchAdapterTests handleClear_DataIsNotResetWhenResultDataIsNotPresent" />
    </UnitTest>
    <UnitTest name="VSSTests.UI.Controls.Grids.GridSearchAdapterTests isDataSetComplete_DataSetIsCompleteWhenDataSetMatchesOriginalResults" storage="d:\v2.0\a1\_work\dbded102\vso\vssf\webplatform\platform\scripts\vsstests\common\tests\vsstests.ui.controls.grids.gridsearchadapter.ts" id="13b4e1d7-841c-46d9-82fb-75a8ce8b946f">
      <Execution id="3c3241d5-6c56-4fa9-9474-068a5bb2ca45" />
      <TestMethod codeBase="d:\v2.0\a1\_work\dbded102\vso\vssf\webplatform\platform\scripts\vsstests\common\tests\vsstests.ui.controls.grids.gridsearchadapter.ts" adapterTypeName="Microsoft.VisualStudio.TestTools.TestTypes.Unit.UnitTestAdapter" className="d:\v2.0\a1\_work\dbded102\vso\vssf\webplatform\platform\scripts\vsstests\common\tests\vsstests.ui.controls.grids.gridsearchadapter.ts::vsstests.ui.controls.grids" name="VSSTests.UI.Controls.Grids.GridSearchAdapterTests isDataSetComplete_DataSetIsCompleteWhenDataSetMatchesOriginalResults" />
    </UnitTest>
    <UnitTest name="VSSTests.UI.Controls.Grids.GridSearchAdapterTests isDataSetComplete_DataSetIsCompleteWhenDataSetMatchesSearchResults" storage="d:\v2.0\a1\_work\dbded102\vso\vssf\webplatform\platform\scripts\vsstests\common\tests\vsstests.ui.controls.grids.gridsearchadapter.ts" id="ba742129-705f-4e2f-8031-a690d4a6766e">
      <Execution id="d3ae21c8-ff2d-4772-8af0-344b43a4b816" />
      <TestMethod codeBase="d:\v2.0\a1\_work\dbded102\vso\vssf\webplatform\platform\scripts\vsstests\common\tests\vsstests.ui.controls.grids.gridsearchadapter.ts" adapterTypeName="Microsoft.VisualStudio.TestTools.TestTypes.Unit.UnitTestAdapter" className="d:\v2.0\a1\_work\dbded102\vso\vssf\webplatform\platform\scripts\vsstests\common\tests\vsstests.ui.controls.grids.gridsearchadapter.ts::vsstests.ui.controls.grids" name="VSSTests.UI.Controls.Grids.GridSearchAdapterTests isDataSetComplete_DataSetIsCompleteWhenDataSetMatchesSearchResults" />
    </UnitTest>
    <UnitTest name="VSSTests.UI.Controls.Grids.GridSearchAdapterTests isDataSetComplete_DataSetIsNotCompleteBeforeCallingCreateSearchableObjects" storage="d:\v2.0\a1\_work\dbded102\vso\vssf\webplatform\platform\scripts\vsstests\common\tests\vsstests.ui.controls.grids.gridsearchadapter.ts" id="6a9f59f7-e6b3-44ac-a86f-7acd54cd7e7e">
      <Execution id="f04ff140-6e1b-4031-8cf0-47de4d2d7df7" />
      <TestMethod codeBase="d:\v2.0\a1\_work\dbded102\vso\vssf\webplatform\platform\scripts\vsstests\common\tests\vsstests.ui.controls.grids.gridsearchadapter.ts" adapterTypeName="Microsoft.VisualStudio.TestTools.TestTypes.Unit.UnitTestAdapter" className="d:\v2.0\a1\_work\dbded102\vso\vssf\webplatform\platform\scripts\vsstests\common\tests\vsstests.ui.controls.grids.gridsearchadapter.ts::vsstests.ui.controls.grids" name="VSSTests.UI.Controls.Grids.GridSearchAdapterTests isDataSetComplete_DataSetIsNotCompleteBeforeCallingCreateSearchableObjects" />
    </UnitTest>
    <UnitTest name="VSSTests.UI.Controls.Grids.GridSearchAdapterTests isDataSetComplete_DataSetIsNotCompleteWhenDataChanged" storage="d:\v2.0\a1\_work\dbded102\vso\vssf\webplatform\platform\scripts\vsstests\common\tests\vsstests.ui.controls.grids.gridsearchadapter.ts" id="c9e8b107-c094-4b13-a7f2-d379ff075e97">
      <Execution id="93406c9b-c9b5-4e6e-8f85-26bccbf9ad18" />
      <TestMethod codeBase="d:\v2.0\a1\_work\dbded102\vso\vssf\webplatform\platform\scripts\vsstests\common\tests\vsstests.ui.controls.grids.gridsearchadapter.ts" adapterTypeName="Microsoft.VisualStudio.TestTools.TestTypes.Unit.UnitTestAdapter" className="d:\v2.0\a1\_work\dbded102\vso\vssf\webplatform\platform\scripts\vsstests\common\tests\vsstests.ui.controls.grids.gridsearchadapter.ts::vsstests.ui.controls.grids" name="VSSTests.UI.Controls.Grids.GridSearchAdapterTests isDataSetComplete_DataSetIsNotCompleteWhenDataChanged" />
    </UnitTest>
  </TestDefinitions>
  <TestEntries>
    <TestEntry testId="c14a5fcd-813f-46a2-b619-889c1af6ff9e" executionId="78b525b3-01b0-4d58-bb07-64bdf7548eea" testListId="8c84fa94-04c1-424b-9868-57a2d4851a1d" />
    <TestEntry testId="2b166ff5-4008-4755-a7db-6b7e2e2dc44c" executionId="c802279e-2a3b-4d2a-8d1e-644c0bdb4bea" testListId="8c84fa94-04c1-424b-9868-57a2d4851a1d" />
    <TestEntry testId="b648fa1b-6b9c-42d6-a581-bcee42aff9aa" executionId="557d6d17-6522-4e77-b03d-f6d22aa375b9" testListId="8c84fa94-04c1-424b-9868-57a2d4851a1d" />
    <TestEntry testId="108cb8de-e4a7-45a9-8e8f-53c02fa003b7" executionId="7d2ab6af-aa6b-4e3e-b1b4-71f24b3dd118" testListId="8c84fa94-04c1-424b-9868-57a2d4851a1d" />
    <TestEntry testId="94ec994b-e9f0-45ac-936d-b8dbb77b54d3" executionId="17d1f2d0-f68e-4d5f-b6eb-5a2d19c3ff4d" testListId="8c84fa94-04c1-424b-9868-57a2d4851a1d" />
    <TestEntry testId="4e655a91-0e48-4832-8fe7-71de8981c517" executionId="9775d9d2-9b57-4220-bc74-19cb073ffa11" testListId="8c84fa94-04c1-424b-9868-57a2d4851a1d" />
    <TestEntry testId="b6b8d296-8165-47d7-81cf-476849f1503c" executionId="a1a52920-b505-4ddf-a06c-19c682dfe578" testListId="8c84fa94-04c1-424b-9868-57a2d4851a1d" />
    <TestEntry testId="191933a1-100b-4edb-9fed-7b78648872d8" executionId="5bbe1a52-9ae2-4cdc-b16b-c04f7e53f981" testListId="8c84fa94-04c1-424b-9868-57a2d4851a1d" />
    <TestEntry testId="50df0932-02a9-4f56-a1bb-9ed0880862be" executionId="e3603801-757e-4f81-ab97-50a13be5ac35" testListId="8c84fa94-04c1-424b-9868-57a2d4851a1d" />
    <TestEntry testId="14d56145-5020-4fa2-a059-abfd0e1ee131" executionId="462a6136-45ce-4553-8053-0a626d452c0a" testListId="8c84fa94-04c1-424b-9868-57a2d4851a1d" />
    <TestEntry testId="b3cad86c-8587-4e3b-8f62-e7fdc347cdbc" executionId="52200547-276b-4493-8562-4c7f9df1bdd6" testListId="8c84fa94-04c1-424b-9868-57a2d4851a1d" />
    <TestEntry testId="e5a07dae-1858-4ad9-8817-08abc216e23a" executionId="f863e750-02cd-4aba-9c71-97e4906ed86f" testListId="8c84fa94-04c1-424b-9868-57a2d4851a1d" />
    <TestEntry testId="943f6e92-ced2-46f8-96e0-a05c8d421fc2" executionId="048da0f3-1d83-4229-9bee-8617c1a9fb11" testListId="8c84fa94-04c1-424b-9868-57a2d4851a1d" />
    <TestEntry testId="b347591c-1d71-49e2-bfb8-cd069df94287" executionId="95122306-61b7-4b84-9ffa-8ecffc42043e" testListId="8c84fa94-04c1-424b-9868-57a2d4851a1d" />
    <TestEntry testId="a87689a6-9b7a-4fe6-a9f1-be789b0de1f1" executionId="748ef5dc-902b-4bde-b5db-a2b55c2a19c3" testListId="8c84fa94-04c1-424b-9868-57a2d4851a1d" />
    <TestEntry testId="458f3ef2-d424-4ef9-870b-34ffcc31490b" executionId="6a764092-4e9c-4baf-ac68-d53a176ecabc" testListId="8c84fa94-04c1-424b-9868-57a2d4851a1d" />
    <TestEntry testId="591131a2-dabb-4351-b7ec-a0490d09ae9b" executionId="11d1fd08-be26-4362-b4b1-da426f8164ac" testListId="8c84fa94-04c1-424b-9868-57a2d4851a1d" />
    <TestEntry testId="38b9c10d-8d70-4488-aec7-bab71539e64f" executionId="c1312a3d-e100-481c-88ed-8a0098ade39a" testListId="8c84fa94-04c1-424b-9868-57a2d4851a1d" />
    <TestEntry testId="f60c73b4-2ae8-40fd-b3c6-eb9e8d08d539" executionId="1e4dcdcc-c683-4db2-93a9-18b6257e042a" testListId="8c84fa94-04c1-424b-9868-57a2d4851a1d" />
    <TestEntry testId="80eeb312-24bf-447b-a25a-0d8fb3314544" executionId="d11ff47e-4f52-4cd1-8572-ab27fb0f618b" testListId="8c84fa94-04c1-424b-9868-57a2d4851a1d" />
    <TestEntry testId="12f573ba-6818-4e5d-9933-0fe0e3ddfa71" executionId="eada2fc8-ff88-449c-9b0d-44192c05b1be" testListId="8c84fa94-04c1-424b-9868-57a2d4851a1d" />
    <TestEntry testId="18a6bfb9-1c81-4f08-8928-5ab7aa0ad4e8" executionId="9c20f950-3fbe-4a10-a66c-b967f61d6e3a" testListId="8c84fa94-04c1-424b-9868-57a2d4851a1d" />
    <TestEntry testId="3fb28ef8-d34e-4b6f-aaae-ff3409f8e3a4" executionId="a4d89697-c166-46f7-8931-6acf6c025322" testListId="8c84fa94-04c1-424b-9868-57a2d4851a1d" />
    <TestEntry testId="898f3cd0-b233-4dec-b106-6c845eb31b6b" executionId="a6e39107-d234-4978-817e-489df251199b" testListId="8c84fa94-04c1-424b-9868-57a2d4851a1d" />
    <TestEntry testId="20fdb94e-37a3-4fcf-b201-7bfb64fda387" executionId="6b79f96c-b74c-4f4b-80c3-afe5c9434c27" testListId="8c84fa94-04c1-424b-9868-57a2d4851a1d" />
    <TestEntry testId="536bb86b-0672-4465-b3aa-18588d0d59d8" executionId="eca3f063-1f11-4e0c-a1b5-3d29725eb277" testListId="8c84fa94-04c1-424b-9868-57a2d4851a1d" />
    <TestEntry testId="9e3f91fd-e82a-4b67-a00d-f9940604f988" executionId="48e23e54-6187-41b6-ad98-6ac9b37497b5" testListId="8c84fa94-04c1-424b-9868-57a2d4851a1d" />
    <TestEntry testId="42479bd1-c897-4e1d-a0a2-3c5ac6d2a20d" executionId="f6ed8729-3573-4c44-b9e2-51aa99a580ea" testListId="8c84fa94-04c1-424b-9868-57a2d4851a1d" />
    <TestEntry testId="1859cb2e-78ca-4941-afe9-abbf9b436939" executionId="2873bf51-77b2-4516-94a1-b9be48faa375" testListId="8c84fa94-04c1-424b-9868-57a2d4851a1d" />
    <TestEntry testId="e22a4543-5375-4aca-b573-6d367aa1adf2" executionId="7ebf979d-b2d0-462d-8614-3f838ecb0be7" testListId="8c84fa94-04c1-424b-9868-57a2d4851a1d" />
    <TestEntry testId="927fd39b-d343-4d73-8761-238c9afd9478" executionId="a3c0cc75-5ffd-4239-922a-537c33c4f53d" testListId="8c84fa94-04c1-424b-9868-57a2d4851a1d" />
    <TestEntry testId="aac9037d-70b0-44a9-b327-510b3534f2a5" executionId="e7c384f4-912e-4e45-ada6-2419e237dfe3" testListId="8c84fa94-04c1-424b-9868-57a2d4851a1d" />
    <TestEntry testId="a9c2de25-9a0b-4396-84c1-5045f380bc28" executionId="f8cda26e-fe96-4650-907f-ba7e6173da97" testListId="8c84fa94-04c1-424b-9868-57a2d4851a1d" />
    <TestEntry testId="a634a281-967d-4e9e-ae41-2aa549af8078" executionId="4193f99b-63d9-4e65-be96-e1585849d684" testListId="8c84fa94-04c1-424b-9868-57a2d4851a1d" />
    <TestEntry testId="db239fa6-4b4d-41dc-b7cb-4e1bcd406cf9" executionId="c48d676b-72ec-404c-b634-814dd7773906" testListId="8c84fa94-04c1-424b-9868-57a2d4851a1d" />
    <TestEntry testId="1fe09535-cf29-491c-a83f-8726139c0057" executionId="56ca515c-ebc7-4681-a99a-8e747d30e303" testListId="8c84fa94-04c1-424b-9868-57a2d4851a1d" />
    <TestEntry testId="d629fa03-5a30-4954-99a2-01deabfca244" executionId="d1213c01-f160-4d4e-8da7-011b3b1f14e1" testListId="8c84fa94-04c1-424b-9868-57a2d4851a1d" />
    <TestEntry testId="f61b0e37-8586-4b1d-9584-7b76ff3f3ddb" executionId="02f4a945-17a0-4c23-90b0-6d5a1a696527" testListId="8c84fa94-04c1-424b-9868-57a2d4851a1d" />
    <TestEntry testId="f59a4685-4037-4a94-9626-f4a440d5ffe0" executionId="e2e5d709-bd1d-407d-b28b-e08856498cb3" testListId="8c84fa94-04c1-424b-9868-57a2d4851a1d" />
    <TestEntry testId="8feb1fc2-c17b-4d92-9f3b-03f35a22907d" executionId="c34269fc-7b4f-42e2-ac06-796e52f03e22" testListId="8c84fa94-04c1-424b-9868-57a2d4851a1d" />
    <TestEntry testId="0ce3708e-10d1-4b61-a6a3-ca88c637e896" executionId="48c32b9a-1748-485d-869f-aab24904bb9a" testListId="8c84fa94-04c1-424b-9868-57a2d4851a1d" />
    <TestEntry testId="70b08eb1-b8d1-41f8-b181-e6be8e2f460e" executionId="1014fc02-b858-4cf0-9b73-5df0806ba7b3" testListId="8c84fa94-04c1-424b-9868-57a2d4851a1d" />
    <TestEntry testId="07ab9ed7-8c4d-4152-8d32-73757720acda" executionId="f9fbf877-3000-42c2-bbff-d87c039418b9" testListId="8c84fa94-04c1-424b-9868-57a2d4851a1d" />
    <TestEntry testId="7813c116-c968-479e-b7e1-e1e889a5c8b2" executionId="65972dc4-4c6c-4b7e-ba4b-2d0240ec0036" testListId="8c84fa94-04c1-424b-9868-57a2d4851a1d" />
    <TestEntry testId="6a190648-87ff-43f1-a20e-6ec6489a4ef9" executionId="5dfc06e7-798f-4553-a332-c0d4d48ff061" testListId="8c84fa94-04c1-424b-9868-57a2d4851a1d" />
    <TestEntry testId="a1966d8d-a67c-4f6f-aba9-dc83a06a14fa" executionId="6bf5e964-470b-48be-8c5a-d09903cac5ae" testListId="8c84fa94-04c1-424b-9868-57a2d4851a1d" />
    <TestEntry testId="bd8e299a-c484-4f07-b4fc-896984f3f2d6" executionId="5252fb2a-1c9d-4b56-80c5-55454c75da46" testListId="8c84fa94-04c1-424b-9868-57a2d4851a1d" />
    <TestEntry testId="590b84f0-cbd9-42ae-a1ea-4e10f54cf124" executionId="575db855-06ee-4882-b95e-31ada45654e6" testListId="8c84fa94-04c1-424b-9868-57a2d4851a1d" />
    <TestEntry testId="7cbfb738-369a-41b0-9ede-cb608ac51d98" executionId="350c21a0-b26b-4600-924b-79bb8f48e3c9" testListId="8c84fa94-04c1-424b-9868-57a2d4851a1d" />
    <TestEntry testId="7313c2a7-f48f-4ca3-af5d-cec03dbb238f" executionId="88081b47-c652-42eb-8cae-92d5b5904ba3" testListId="8c84fa94-04c1-424b-9868-57a2d4851a1d" />
    <TestEntry testId="3f03271c-17b1-4ea8-a96a-939efd2d4567" executionId="ca8f8625-8298-4128-9918-7b1e64db16e1" testListId="8c84fa94-04c1-424b-9868-57a2d4851a1d" />
    <TestEntry testId="b6584219-7b20-407f-b1fc-95a048e52c30" executionId="fa038624-737b-4e04-bb3b-6d7e2f29ba87" testListId="8c84fa94-04c1-424b-9868-57a2d4851a1d" />
    <TestEntry testId="8fb89b30-0a1f-4155-bd6a-454f130012e9" executionId="168645cb-de1b-4169-9bcd-e3992cbbbdec" testListId="8c84fa94-04c1-424b-9868-57a2d4851a1d" />
    <TestEntry testId="2662d52f-8549-48b8-95fc-b1bb5dcf56b1" executionId="b12ffe80-c035-4dac-927c-66651af41186" testListId="8c84fa94-04c1-424b-9868-57a2d4851a1d" />
    <TestEntry testId="c53331fe-fb0a-4d73-b9f6-f4f05e3e9470" executionId="8551a6e9-cf39-4a66-b3a5-23fdfae3898b" testListId="8c84fa94-04c1-424b-9868-57a2d4851a1d" />
    <TestEntry testId="159b2ba3-af52-40ff-8e85-7dbe37c8a7d9" executionId="4a862c78-6aac-418a-ae64-c019e8773b7e" testListId="8c84fa94-04c1-424b-9868-57a2d4851a1d" />
    <TestEntry testId="5333c4a2-b13b-4eff-a9e0-8639164407fc" executionId="91094de7-b69b-4000-a595-691ee6989c7e" testListId="8c84fa94-04c1-424b-9868-57a2d4851a1d" />
    <TestEntry testId="6e22c9fb-e3da-446d-a850-211c064f8f6c" executionId="bd63e5f9-b5eb-43f4-a69a-0d59d6a1ed4d" testListId="8c84fa94-04c1-424b-9868-57a2d4851a1d" />
    <TestEntry testId="5807aedf-db66-4fbc-9544-901e9f3d3d79" executionId="4382f5f8-7989-4131-bf34-4b6cc6f42640" testListId="8c84fa94-04c1-424b-9868-57a2d4851a1d" />
    <TestEntry testId="49419bf6-f843-4c36-91c8-c36e904c500f" executionId="8840db7b-9d80-471f-8c33-2025676bc65d" testListId="8c84fa94-04c1-424b-9868-57a2d4851a1d" />
    <TestEntry testId="9219a2d9-b8fd-47a0-ab04-b8629e081386" executionId="271a4ce3-1277-4f37-94f6-aedc36db5ee4" testListId="8c84fa94-04c1-424b-9868-57a2d4851a1d" />
    <TestEntry testId="78c79cf4-87d6-4b8f-827d-49881bc5e121" executionId="1793eccb-e2ea-4680-b56b-683b094d889a" testListId="8c84fa94-04c1-424b-9868-57a2d4851a1d" />
    <TestEntry testId="70fd826d-6ac0-4757-9097-a871bd7e39cb" executionId="86840f67-97a9-41af-9066-d8f7ecea380e" testListId="8c84fa94-04c1-424b-9868-57a2d4851a1d" />
    <TestEntry testId="4684dcbd-55f9-466c-a8d0-17049b7e2084" executionId="e2bc5ca3-dc01-48a0-9e05-7b47d78922d1" testListId="8c84fa94-04c1-424b-9868-57a2d4851a1d" />
    <TestEntry testId="7ce79191-498b-413e-9207-0325da87f264" executionId="5b9526ee-37d2-4b8a-af7c-abd09e9fac59" testListId="8c84fa94-04c1-424b-9868-57a2d4851a1d" />
    <TestEntry testId="59f7185b-2dcb-46cf-82e2-6bc95659cad7" executionId="e752b12a-be24-468a-911a-3037832be8f7" testListId="8c84fa94-04c1-424b-9868-57a2d4851a1d" />
    <TestEntry testId="641ba024-cfd1-4eae-84f9-d7dcff84807a" executionId="2bac4c3f-dbef-4b44-adb0-bfbffce0fdeb" testListId="8c84fa94-04c1-424b-9868-57a2d4851a1d" />
    <TestEntry testId="cc686596-06b5-4c32-9024-34fd633a1776" executionId="d120b407-1106-417f-8aad-ebb2c0011d85" testListId="8c84fa94-04c1-424b-9868-57a2d4851a1d" />
    <TestEntry testId="15bccccb-94d3-4658-b995-9f2ea0e307f3" executionId="39826fed-db1f-4361-bb90-a5699dd2ce4f" testListId="8c84fa94-04c1-424b-9868-57a2d4851a1d" />
    <TestEntry testId="732f45b1-fe55-4a33-8d76-98d67bac8612" executionId="3bd80c0d-f3d6-4629-9a3b-ab93ed9eb5d8" testListId="8c84fa94-04c1-424b-9868-57a2d4851a1d" />
    <TestEntry testId="f65b6829-8c07-4adb-8ff1-81c1227292b9" executionId="479f6dc6-a412-49b8-b33a-7a20b9c2e39a" testListId="8c84fa94-04c1-424b-9868-57a2d4851a1d" />
    <TestEntry testId="1ebced8d-adab-4eb6-a778-3b6ae00aead3" executionId="4d28764e-de46-469e-845a-de18865e9690" testListId="8c84fa94-04c1-424b-9868-57a2d4851a1d" />
    <TestEntry testId="d777dc30-4c18-4e55-a0d5-3133936ac765" executionId="121158ce-778e-4fd1-84b0-4d61993dc9fc" testListId="8c84fa94-04c1-424b-9868-57a2d4851a1d" />
    <TestEntry testId="b07db974-67be-44c3-8374-97e859231edd" executionId="2193762a-3d9b-485a-b3d9-f613b0ca7cfd" testListId="8c84fa94-04c1-424b-9868-57a2d4851a1d" />
    <TestEntry testId="2c42ef16-7b52-4b83-bf5c-ed076c2bfe97" executionId="f97cf636-7233-44a6-bd36-11bfa444be3f" testListId="8c84fa94-04c1-424b-9868-57a2d4851a1d" />
    <TestEntry testId="af23a2c7-cd5a-4f51-bc00-88e7bead0c90" executionId="afaa3e88-7d6a-49d9-9db9-13e6f802b754" testListId="8c84fa94-04c1-424b-9868-57a2d4851a1d" />
    <TestEntry testId="47fb1220-1d56-49ae-a642-d78d540f7dd0" executionId="f215e9af-9428-4898-a953-8d84d96f30cd" testListId="8c84fa94-04c1-424b-9868-57a2d4851a1d" />
    <TestEntry testId="612d9c8d-bfc7-4ec5-9aa3-e9c472c063fe" executionId="dc3185c0-1a74-4598-ac7f-70c7fa68cb6c" testListId="8c84fa94-04c1-424b-9868-57a2d4851a1d" />
    <TestEntry testId="8ed70a58-5cac-40ba-84c5-5afcc7395207" executionId="5ae1c2b5-c7b8-4c6f-a45f-07b8b3ff97f3" testListId="8c84fa94-04c1-424b-9868-57a2d4851a1d" />
    <TestEntry testId="ee0ae9a1-546e-433e-bdb5-9fd0afcb7bcc" executionId="d2cb40b1-7546-4594-8345-c6f9d7afc9df" testListId="8c84fa94-04c1-424b-9868-57a2d4851a1d" />
    <TestEntry testId="a7dff102-f68f-40ef-bef7-f3d81cb34840" executionId="e70c9a2e-2a43-4bcc-be87-5b47f3745669" testListId="8c84fa94-04c1-424b-9868-57a2d4851a1d" />
    <TestEntry testId="1c1f1959-3e20-4c03-8ccc-4a50f36662e5" executionId="5e345a32-d3ce-4d8d-bf57-75bbbdf348e3" testListId="8c84fa94-04c1-424b-9868-57a2d4851a1d" />
    <TestEntry testId="1816b8fe-7380-45d4-b022-210842a99d9b" executionId="1bfb27ec-f265-48e3-9f05-b64b9547d0f2" testListId="8c84fa94-04c1-424b-9868-57a2d4851a1d" />
    <TestEntry testId="be05ab37-d040-4411-9377-352f2b337697" executionId="ef57c590-5ad7-4449-9abb-3f66cecdbe4f" testListId="8c84fa94-04c1-424b-9868-57a2d4851a1d" />
    <TestEntry testId="bea3e22f-c953-47d4-9b43-478a615ee270" executionId="8a85d747-36f1-4409-9bbd-4ecdeea8eac8" testListId="8c84fa94-04c1-424b-9868-57a2d4851a1d" />
    <TestEntry testId="937d6786-67f5-4501-a9ee-bb9ce9884fe4" executionId="7d4389f2-7a69-493e-8e92-3aab71a74d74" testListId="8c84fa94-04c1-424b-9868-57a2d4851a1d" />
    <TestEntry testId="ae4f0271-ae1d-48c0-9f7f-81e6c39522ba" executionId="95139bf1-f688-4bf9-a529-603023679959" testListId="8c84fa94-04c1-424b-9868-57a2d4851a1d" />
    <TestEntry testId="2fafc378-d510-4de7-9b64-5d9384117160" executionId="8b7c1c94-3624-4286-948b-bcf2b9c49921" testListId="8c84fa94-04c1-424b-9868-57a2d4851a1d" />
    <TestEntry testId="5cc6c004-06f7-4caf-8956-ec9ef0e8bf55" executionId="4efae8fb-b245-43d8-a355-09e25723d551" testListId="8c84fa94-04c1-424b-9868-57a2d4851a1d" />
    <TestEntry testId="33e533d8-c2ff-40e6-aa5c-a10e23759797" executionId="f6cfde06-5715-49e7-8ffd-4923b1e64d01" testListId="8c84fa94-04c1-424b-9868-57a2d4851a1d" />
    <TestEntry testId="373a27e0-4e63-4092-bfcd-3febc7fd3f06" executionId="605aed16-d6d4-4d88-a2e0-20bdb722566e" testListId="8c84fa94-04c1-424b-9868-57a2d4851a1d" />
    <TestEntry testId="05ecbe37-450e-4a43-bbec-734d64df7b8a" executionId="efafa3ad-7baa-4322-bff1-b3bde1a9399d" testListId="8c84fa94-04c1-424b-9868-57a2d4851a1d" />
    <TestEntry testId="ee8da425-b4e5-4131-893b-1dffca6fab3a" executionId="9b82e884-04c8-402f-b425-6c5cdfb69614" testListId="8c84fa94-04c1-424b-9868-57a2d4851a1d" />
    <TestEntry testId="9916f0ec-db77-4138-833f-f7d542eba8cc" executionId="f4ed7ab6-921b-4250-856d-5e770f0d6d5e" testListId="8c84fa94-04c1-424b-9868-57a2d4851a1d" />
    <TestEntry testId="da55eab2-10b0-49eb-a44d-16f2747f5f78" executionId="d8a3c181-7297-4e8f-a1b2-09312daeb8c9" testListId="8c84fa94-04c1-424b-9868-57a2d4851a1d" />
    <TestEntry testId="94695f34-6a82-4196-8f92-4902c7d39038" executionId="aca777fe-c7c3-4033-97a8-11401188fda8" testListId="8c84fa94-04c1-424b-9868-57a2d4851a1d" />
    <TestEntry testId="3fe0bc01-5290-4979-a516-eeb00a68f572" executionId="96f0190e-482d-4f8f-ac2d-34ecb9669190" testListId="8c84fa94-04c1-424b-9868-57a2d4851a1d" />
    <TestEntry testId="e675ff07-8a1c-423f-8f5e-380b3a788a12" executionId="4d1483cb-7ea9-4690-9192-e8be9332b2d7" testListId="8c84fa94-04c1-424b-9868-57a2d4851a1d" />
    <TestEntry testId="8e5c0515-532f-45a5-8674-48a46888b694" executionId="106b0dee-0ebd-4beb-b678-47ae258e4cee" testListId="8c84fa94-04c1-424b-9868-57a2d4851a1d" />
    <TestEntry testId="70485bb3-7e03-4fd6-9e8e-4559d55a667e" executionId="9dafc80c-140c-4619-84df-79850006cf24" testListId="8c84fa94-04c1-424b-9868-57a2d4851a1d" />
    <TestEntry testId="2abdbfa8-e215-494b-bd72-228971119161" executionId="80de16ac-89e3-4ac0-984b-6757506f6cde" testListId="8c84fa94-04c1-424b-9868-57a2d4851a1d" />
    <TestEntry testId="d84dd1a3-491f-404a-b9cd-e713494fc8ee" executionId="75d7e24d-e537-4093-968c-a3b760e1d459" testListId="8c84fa94-04c1-424b-9868-57a2d4851a1d" />
    <TestEntry testId="4d893fa0-e3cc-424b-89b5-6e8ce13d140c" executionId="6ccd2c67-8af4-4c32-a810-dc3a5375b2b7" testListId="8c84fa94-04c1-424b-9868-57a2d4851a1d" />
    <TestEntry testId="75736523-255f-4ce4-9de5-8d543789ecd3" executionId="1d055a1b-30b6-4991-b041-a482c4ec9fac" testListId="8c84fa94-04c1-424b-9868-57a2d4851a1d" />
    <TestEntry testId="4d373ede-70ac-4ee1-b872-e4f3a2120e15" executionId="b5d8d35c-a035-4cc8-8a82-157ca857a107" testListId="8c84fa94-04c1-424b-9868-57a2d4851a1d" />
    <TestEntry testId="8930fda8-98b2-4eab-9b68-2f1ae49e85b5" executionId="33828d4b-06c8-4b09-876e-077303d55c3b" testListId="8c84fa94-04c1-424b-9868-57a2d4851a1d" />
    <TestEntry testId="dd38879b-5e96-47ef-b478-d418a1d1bad2" executionId="ba913f61-bc3e-484e-ad51-0f1c2aa30309" testListId="8c84fa94-04c1-424b-9868-57a2d4851a1d" />
    <TestEntry testId="494fa010-c8f1-4026-98c8-6ce777b43a55" executionId="f893165f-37cc-4034-aaab-df6de524d5e4" testListId="8c84fa94-04c1-424b-9868-57a2d4851a1d" />
    <TestEntry testId="1b70fe6e-6f94-45a3-861f-82e24d301e08" executionId="3a1804df-eca4-4f64-aa9d-edd0189cc280" testListId="8c84fa94-04c1-424b-9868-57a2d4851a1d" />
    <TestEntry testId="be3cc3ea-920a-4757-b3a5-a8e948fc4032" executionId="8d496f23-c861-4061-8929-cad5f4da7d4a" testListId="8c84fa94-04c1-424b-9868-57a2d4851a1d" />
    <TestEntry testId="b567c96b-b6c6-4591-b069-1e81f7aa1903" executionId="2de9245b-b42e-41d9-acd3-d81e9abc3db6" testListId="8c84fa94-04c1-424b-9868-57a2d4851a1d" />
    <TestEntry testId="7038f89a-9735-41e9-8906-c764dc26bf07" executionId="3e2330ba-31b4-4b0f-8f5d-b9528d5ee63e" testListId="8c84fa94-04c1-424b-9868-57a2d4851a1d" />
    <TestEntry testId="3b198825-9802-4814-bea5-3eb934e8935b" executionId="8a8a9538-275b-4548-ad66-abd8c40318c8" testListId="8c84fa94-04c1-424b-9868-57a2d4851a1d" />
    <TestEntry testId="e28d6369-2272-4736-9f49-0cc2543c1167" executionId="e2df2edf-6455-4116-9385-0fd74dc93c67" testListId="8c84fa94-04c1-424b-9868-57a2d4851a1d" />
    <TestEntry testId="1aa9ff76-5589-418e-b931-343db0e9ff6f" executionId="9d9467c1-f54f-4281-ad94-c5d0dd575ad5" testListId="8c84fa94-04c1-424b-9868-57a2d4851a1d" />
    <TestEntry testId="27926580-6fb9-4e29-9953-3373cb85c30c" executionId="bcc80856-bfd3-413c-97e7-93615c885555" testListId="8c84fa94-04c1-424b-9868-57a2d4851a1d" />
    <TestEntry testId="6c3574db-adbb-483e-9ad4-7f38f3088a2e" executionId="dc369135-c1ca-4306-9437-1edee2179fd3" testListId="8c84fa94-04c1-424b-9868-57a2d4851a1d" />
    <TestEntry testId="a8a1a0e5-da7a-4a02-bffe-834ad33cfb71" executionId="ab6d0e14-0c3c-47c0-91a9-6a173836bc75" testListId="8c84fa94-04c1-424b-9868-57a2d4851a1d" />
    <TestEntry testId="38459d7e-cd5f-430e-bf0b-3df41a2e43b9" executionId="bc8dff18-ea61-49e4-99c0-262ce1b7046a" testListId="8c84fa94-04c1-424b-9868-57a2d4851a1d" />
    <TestEntry testId="78029fb9-d303-4ea9-8fd7-dcba36a2d612" executionId="74483a6e-4186-4bc8-bb8c-9acfb9e315c2" testListId="8c84fa94-04c1-424b-9868-57a2d4851a1d" />
    <TestEntry testId="71a3eb8c-b3e0-4038-ac22-74ec40213c22" executionId="e9c08f3c-bf55-490c-9fe9-38985c3059dd" testListId="8c84fa94-04c1-424b-9868-57a2d4851a1d" />
    <TestEntry testId="7ed92020-ffd6-4d2e-b459-d56c6f1905ef" executionId="b815f81e-81d3-4e14-956f-07554cb331d0" testListId="8c84fa94-04c1-424b-9868-57a2d4851a1d" />
    <TestEntry testId="c1fb59c9-20b9-4515-acd2-58643ae30468" executionId="d0dab56c-be56-48e7-a6d8-504718f5c6aa" testListId="8c84fa94-04c1-424b-9868-57a2d4851a1d" />
    <TestEntry testId="8dfb137b-17fe-49e6-8305-eab95f0e4842" executionId="9633b150-a95c-419f-8ef8-893bc00c96cb" testListId="8c84fa94-04c1-424b-9868-57a2d4851a1d" />
    <TestEntry testId="ae6cf42f-1980-450b-b010-2359394c19b5" executionId="efb1b292-0d5d-42fe-bb2d-6043e2edcc79" testListId="8c84fa94-04c1-424b-9868-57a2d4851a1d" />
    <TestEntry testId="a7e6fce2-8a63-41dc-8ecd-eca0beb8e333" executionId="82b1f869-b778-40d9-9663-dddea1e789ef" testListId="8c84fa94-04c1-424b-9868-57a2d4851a1d" />
    <TestEntry testId="042305ac-f261-428e-99b1-31c23d2ea21b" executionId="5cdf7b8f-f386-4092-b981-e3f70832a7a6" testListId="8c84fa94-04c1-424b-9868-57a2d4851a1d" />
    <TestEntry testId="af3f17b3-8887-40ad-87ff-d283f030e60c" executionId="6268ccc5-dbea-4758-89f0-9f0e3d07eecc" testListId="8c84fa94-04c1-424b-9868-57a2d4851a1d" />
    <TestEntry testId="69e34301-882c-4e73-8b81-e8b8727ccc57" executionId="56869128-2cc1-4ff4-bf3b-5d9c2916865b" testListId="8c84fa94-04c1-424b-9868-57a2d4851a1d" />
    <TestEntry testId="3b3807ad-90f5-4bdc-960a-a06bd10ddb61" executionId="a16e43be-4717-49ef-9bee-e795d1f52872" testListId="8c84fa94-04c1-424b-9868-57a2d4851a1d" />
    <TestEntry testId="c21b6fa7-4044-4ae5-9d87-6896fa4d7adc" executionId="879094be-b395-4172-81ef-ea083ab38219" testListId="8c84fa94-04c1-424b-9868-57a2d4851a1d" />
    <TestEntry testId="2db3c5e3-6bf1-4ed0-911a-16c5261ff4d2" executionId="aa0339cb-b5fa-4cc4-aef5-379798fb8b1d" testListId="8c84fa94-04c1-424b-9868-57a2d4851a1d" />
    <TestEntry testId="1f81b1f7-6fea-4017-9137-5fddf356f8a9" executionId="e366f144-7688-43dd-b2d2-00ab204f3d8a" testListId="8c84fa94-04c1-424b-9868-57a2d4851a1d" />
    <TestEntry testId="13b4e1d7-841c-46d9-82fb-75a8ce8b946f" executionId="3c3241d5-6c56-4fa9-9474-068a5bb2ca45" testListId="8c84fa94-04c1-424b-9868-57a2d4851a1d" />
    <TestEntry testId="ba742129-705f-4e2f-8031-a690d4a6766e" executionId="d3ae21c8-ff2d-4772-8af0-344b43a4b816" testListId="8c84fa94-04c1-424b-9868-57a2d4851a1d" />
    <TestEntry testId="6a9f59f7-e6b3-44ac-a86f-7acd54cd7e7e" executionId="f04ff140-6e1b-4031-8cf0-47de4d2d7df7" testListId="8c84fa94-04c1-424b-9868-57a2d4851a1d" />
    <TestEntry testId="c9e8b107-c094-4b13-a7f2-d379ff075e97" executionId="93406c9b-c9b5-4e6e-8f85-26bccbf9ad18" testListId="8c84fa94-04c1-424b-9868-57a2d4851a1d" />
  </TestEntries>
  <TestLists>
    <TestList name="Results Not in a List" id="8c84fa94-04c1-424b-9868-57a2d4851a1d" />
    <TestList name="All Loaded Results" id="19431567-8539-422a-85d7-44ee4e166bda" />
  </TestLists>
  <ResultSummary outcome="Completed">
    <Counters total="137" executed="137" passed="137" failed="0" error="0" timeout="0" aborted="0" inconclusive="0" passedButRunAborted="0" notRunnable="0" notExecuted="0" disconnected="0" warning="0" completed="0" inProgress="0" pending="0" />
    <Output>
      <StdOut>Log Message: Validating tag completion from d:\v2.0\a1\_work\dbded102\vso\vssf\webplatform\platform\scripts\vsstests\common\tests\VSSTests.Html.HtmlNormalizer.ts
Log Message: Validating removal of not allowed tags from d:\v2.0\a1\_work\dbded102\vso\vssf\webplatform\platform\scripts\vsstests\common\tests\VSSTests.Html.HtmlNormalizer.ts
Log Message: Validating removal of not allowed attributes from d:\v2.0\a1\_work\dbded102\vso\vssf\webplatform\platform\scripts\vsstests\common\tests\VSSTests.Html.HtmlNormalizer.ts
Log Message: Validating removal of javascript: in attributes from d:\v2.0\a1\_work\dbded102\vso\vssf\webplatform\platform\scripts\vsstests\common\tests\VSSTests.Html.HtmlNormalizer.ts
Log Message: Validating removal of comments from d:\v2.0\a1\_work\dbded102\vso\vssf\webplatform\platform\scripts\vsstests\common\tests\VSSTests.Html.HtmlNormalizer.ts
Log Message: Validating removal of CDATA sections from d:\v2.0\a1\_work\dbded102\vso\vssf\webplatform\platform\scripts\vsstests\common\tests\VSSTests.Html.HtmlNormalizer.ts
Log Message: Validating removal of &lt;? sections from d:\v2.0\a1\_work\dbded102\vso\vssf\webplatform\platform\scripts\vsstests\common\tests\VSSTests.Html.HtmlNormalizer.ts
Log Message: Validating mixed normalizations from d:\v2.0\a1\_work\dbded102\vso\vssf\webplatform\platform\scripts\vsstests\common\tests\VSSTests.Html.HtmlNormalizer.ts
Log Message: Validating end tag without start tag from d:\v2.0\a1\_work\dbded102\vso\vssf\webplatform\platform\scripts\vsstests\common\tests\VSSTests.Html.HtmlNormalizer.ts
Log Message: Validating tree-like html structure from d:\v2.0\a1\_work\dbded102\vso\vssf\webplatform\platform\scripts\vsstests\common\tests\VSSTests.Html.HtmlNormalizer.ts
Log Message: Validating class attribute is not removed from d:\v2.0\a1\_work\dbded102\vso\vssf\webplatform\platform\scripts\vsstests\common\tests\VSSTests.Html.HtmlNormalizer.ts
Log Message: Validating tag completion from d:\v2.0\a1\_work\dbded102\vso\vssf\webplatform\platform\scripts\vsstests\common\tests\VSSTests.Html.HtmlNormalizer.ts
Log Message: Validating removal of not allowed tags from d:\v2.0\a1\_work\dbded102\vso\vssf\webplatform\platform\scripts\vsstests\common\tests\VSSTests.Html.HtmlNormalizer.ts
Log Message: Validating removal of not allowed attributes from d:\v2.0\a1\_work\dbded102\vso\vssf\webplatform\platform\scripts\vsstests\common\tests\VSSTests.Html.HtmlNormalizer.ts
Log Message: Validating removal of javascript: in attributes from d:\v2.0\a1\_work\dbded102\vso\vssf\webplatform\platform\scripts\vsstests\common\tests\VSSTests.Html.HtmlNormalizer.ts
Log Message: Validating removal of comments from d:\v2.0\a1\_work\dbded102\vso\vssf\webplatform\platform\scripts\vsstests\common\tests\VSSTests.Html.HtmlNormalizer.ts
Log Message: Validating removal of CDATA sections from d:\v2.0\a1\_work\dbded102\vso\vssf\webplatform\platform\scripts\vsstests\common\tests\VSSTests.Html.HtmlNormalizer.ts
Log Message: Validating removal of &lt;? sections from d:\v2.0\a1\_work\dbded102\vso\vssf\webplatform\platform\scripts\vsstests\common\tests\VSSTests.Html.HtmlNormalizer.ts
Log Message: Validating mixed normalizations from d:\v2.0\a1\_work\dbded102\vso\vssf\webplatform\platform\scripts\vsstests\common\tests\VSSTests.Html.HtmlNormalizer.ts
Log Message: Validating end tag without start tag from d:\v2.0\a1\_work\dbded102\vso\vssf\webplatform\platform\scripts\vsstests\common\tests\VSSTests.Html.HtmlNormalizer.ts
Log Message: Validating tree-like html structure from d:\v2.0\a1\_work\dbded102\vso\vssf\webplatform\platform\scripts\vsstests\common\tests\VSSTests.Html.HtmlNormalizer.ts
Log Message: Validating class attribute is removed from d:\v2.0\a1\_work\dbded102\vso\vssf\webplatform\platform\scripts\vsstests\common\tests\VSSTests.Html.HtmlNormalizer.ts
Log Message: Invoking beginIsFeatureEnabled() from d:\v2.0\a1\_work\dbded102\vso\vssf\webplatform\platform\scripts\vsstests\common\tests\VSSTests.OM.FeatureAvailability.ts
Log Message: beginIsFeatureEnabled() callback start from d:\v2.0\a1\_work\dbded102\vso\vssf\webplatform\platform\scripts\vsstests\common\tests\VSSTests.OM.FeatureAvailability.ts
Log Message: Invoking beginIsFeatureEnabled() from d:\v2.0\a1\_work\dbded102\vso\vssf\webplatform\platform\scripts\vsstests\common\tests\VSSTests.OM.FeatureAvailability.ts
Log Message: beginIsFeatureEnabled() callback start from d:\v2.0\a1\_work\dbded102\vso\vssf\webplatform\platform\scripts\vsstests\common\tests\VSSTests.OM.FeatureAvailability.ts
Log Message: Invoking beginIsFeatureEnabled() from d:\v2.0\a1\_work\dbded102\vso\vssf\webplatform\platform\scripts\vsstests\common\tests\VSSTests.OM.FeatureAvailability.ts
Log Message: beginIsFeatureEnabled() callback start from d:\v2.0\a1\_work\dbded102\vso\vssf\webplatform\platform\scripts\vsstests\common\tests\VSSTests.OM.FeatureAvailability.ts
Log Message: Attempted to end scenario 'area::name', but it was already ended. from d:\v2.0\a1\_work\dbded102\vso\vssf\webplatform\platform\scripts\vsstests\common\tests\VSSTests.Performance.ts
</StdOut>
    </Output>
  </ResultSummary>
</TestRun>