<?xml version="1.0" encoding="UTF-8"?>
<TestRun id="68f1ac1b-1a44-4e03-a407-714aabb6f84c" name="tfsmladm@TFSBUILD11 2015-09-28 09:45:52" runUser="REDMOND\tfsmladm" xmlns="http://microsoft.com/schemas/VisualStudio/TeamTest/2010">
  <Times creation="2015-09-28T09:45:52.4735957-07:00" queuing="2015-09-28T09:45:52.4735957-07:00" start="2015-09-28T09:45:52.4805954-07:00" finish="2015-09-28T09:45:52.5464945-07:00" />
  <TestSettings name="default" id="7caaf98f-bfb5-4904-bef4-9e7da37a520a">
    <Execution>
      <TestTypeSpecific />
    </Execution>
    <Deployment runDeploymentRoot="tfsmladm_TFSBUILD11 2015-09-28 09_45_52" />
    <Properties />
  </TestSettings>
  <Results>
    <UnitTestResult executionId="eba8ef3a-51d4-448c-af07-eb2e37e261fd" testId="753f53da-5193-acdc-bcca-dd6d62357199" testName="TestMethod1" computerName="TFSBUILD11" duration="00:00:00.0032668" startTime="2015-09-28T09:45:52.3556291-07:00" endTime="2015-09-28T09:45:52.3975394-07:00" testType="13cdc9d9-ddb5-4fa4-a97d-d965ccfc6d4b" outcome="Passed" testListId="8c84fa94-04c1-424b-9868-57a2d4851a1d" relativeResultsDirectory="eba8ef3a-51d4-448c-af07-eb2e37e261fd" />
  </Results>
  <TestDefinitions>
    <UnitTest name="TestMethod1" storage="d:\v2.0\a1\_work\dbded102\bin\release.anycpu\analytics.service\ms.vs.services.analytics.server.l1.tests\ms.vs.services.analytics.server.l1.tests.dll" id="753f53da-5193-acdc-bcca-dd6d62357199">
      <Execution id="eba8ef3a-51d4-448c-af07-eb2e37e261fd" />
      <TestMethod codeBase="D:\v2.0\A1\_work\dbded102\bin\Release.AnyCPU\Analytics.Service\MS.VS.Services.Analytics.Server.L1.Tests\MS.VS.Services.Analytics.Server.L1.Tests.dll" adapterTypeName="Microsoft.VisualStudio.TestTools.TestTypes.Unit.UnitTestAdapter" className="MS.VS.Services.Analytics.Server.L1.Tests.UnitTest1" name="TestMethod1" />
    </UnitTest>
  </TestDefinitions>
  <TestEntries>
    <TestEntry testId="753f53da-5193-acdc-bcca-dd6d62357199" executionId="eba8ef3a-51d4-448c-af07-eb2e37e261fd" testListId="8c84fa94-04c1-424b-9868-57a2d4851a1d" />
  </TestEntries>
  <TestLists>
    <TestList name="Results Not in a List" id="8c84fa94-04c1-424b-9868-57a2d4851a1d" />
    <TestList name="All Loaded Results" id="19431567-8539-422a-85d7-44ee4e166bda" />
  </TestLists>
  <ResultSummary outcome="Completed">
    <Counters total="1" executed="1" passed="1" failed="0" error="0" timeout="0" aborted="0" inconclusive="0" passedButRunAborted="0" notRunnable="0" notExecuted="0" disconnected="0" warning="0" completed="0" inProgress="0" pending="0" />
  </ResultSummary>
</TestRun>