<?xml version="1.0" encoding="UTF-8"?>
<TestRun id="bdd59fb1-3961-405b-b100-99345119c11f" name="tfsmladm@TFSBUILD11 2015-09-28 09:43:34" runUser="REDMOND\tfsmladm" xmlns="http://microsoft.com/schemas/VisualStudio/TeamTest/2010">
  <Times creation="2015-09-28T09:43:34.6720077-07:00" queuing="2015-09-28T09:43:34.6720077-07:00" start="2015-09-28T09:43:34.6876335-07:00" finish="2015-09-28T09:43:36.1721143-07:00" />
  <TestSettings name="default" id="a47d4266-f443-4218-84c4-12bde885a53a">
    <Execution>
      <TestTypeSpecific />
    </Execution>
    <Deployment runDeploymentRoot="tfsmladm_TFSBUILD11 2015-09-28 09_43_34" />
    <Properties />
  </TestSettings>
  <Results>
    <UnitTestResult executionId="a01ec5fc-83c8-479a-ad83-d11963c29016" testId="6417bdb0-eace-ffa6-6101-89879ba1eec9" testName="GitServer_GitLfsHandler_DownloadRef" computerName="TFSBUILD11" duration="00:00:01.0728008" startTime="2015-09-28T09:43:33.3437879-07:00" endTime="2015-09-28T09:43:34.4844943-07:00" testType="13cdc9d9-ddb5-4fa4-a97d-d965ccfc6d4b" outcome="Passed" testListId="8c84fa94-04c1-424b-9868-57a2d4851a1d" relativeResultsDirectory="a01ec5fc-83c8-479a-ad83-d11963c29016" />
    <UnitTestResult executionId="eab89bf5-518a-4149-8474-082464398a95" testId="ccb59b29-1025-8ec0-85f7-9129ca8f491d" testName="GitServer_GitLfsHandler_DownloadRef_InvalidObjectId" computerName="TFSBUILD11" duration="00:00:00.0126051" startTime="2015-09-28T09:43:34.5001207-07:00" endTime="2015-09-28T09:43:34.5157474-07:00" testType="13cdc9d9-ddb5-4fa4-a97d-d965ccfc6d4b" outcome="Passed" testListId="8c84fa94-04c1-424b-9868-57a2d4851a1d" relativeResultsDirectory="eab89bf5-518a-4149-8474-082464398a95" />
    <UnitTestResult executionId="d528c93f-e21d-49f2-b9db-99e2e290c1d5" testId="ab085672-0b95-06e6-8dc5-a06ff569e261" testName="GitServer_GitLfsHandler_DownloadRef_NotFound" computerName="TFSBUILD11" duration="00:00:00.0142844" startTime="2015-09-28T09:43:34.5157474-07:00" endTime="2015-09-28T09:43:34.5313724-07:00" testType="13cdc9d9-ddb5-4fa4-a97d-d965ccfc6d4b" outcome="Passed" testListId="8c84fa94-04c1-424b-9868-57a2d4851a1d" relativeResultsDirectory="d528c93f-e21d-49f2-b9db-99e2e290c1d5" />
    <UnitTestResult executionId="a20020c0-3776-44ab-b7e2-7fbc4d1e3fc5" testId="d4b9c7b4-9e80-ab12-1ce5-174aa1c43f31" testName="GitServer_GitLfsHandler_DownloadBlob" computerName="TFSBUILD11" duration="00:00:00.0697260" startTime="2015-09-28T09:43:34.5313724-07:00" endTime="2015-09-28T09:43:34.6095041-07:00" testType="13cdc9d9-ddb5-4fa4-a97d-d965ccfc6d4b" outcome="Passed" testListId="8c84fa94-04c1-424b-9868-57a2d4851a1d" relativeResultsDirectory="a20020c0-3776-44ab-b7e2-7fbc4d1e3fc5" />
    <UnitTestResult executionId="189fc48b-a2f2-4ca7-92b4-24d608b72fae" testId="bb3a5a23-1c11-b9ec-d7f3-7cbf43e849c8" testName="GitServer_GitLfsHandler_DownloadBlob_NotFound" computerName="TFSBUILD11" duration="00:00:00.0119890" startTime="2015-09-28T09:43:34.6095041-07:00" endTime="2015-09-28T09:43:34.6095041-07:00" testType="13cdc9d9-ddb5-4fa4-a97d-d965ccfc6d4b" outcome="Passed" testListId="8c84fa94-04c1-424b-9868-57a2d4851a1d" relativeResultsDirectory="189fc48b-a2f2-4ca7-92b4-24d608b72fae" />
    <UnitTestResult executionId="1ff04564-b570-4b93-ba4b-aaaabc6dd2a7" testId="ee9de5b2-de14-4a36-2008-2d4285acedfc" testName="GitServer_GitLfsHandler_DownloadBlob_InvalidObjectId" computerName="TFSBUILD11" duration="00:00:00.0104843" startTime="2015-09-28T09:43:34.6095041-07:00" endTime="2015-09-28T09:43:34.6251296-07:00" testType="13cdc9d9-ddb5-4fa4-a97d-d965ccfc6d4b" outcome="Passed" testListId="8c84fa94-04c1-424b-9868-57a2d4851a1d" relativeResultsDirectory="1ff04564-b570-4b93-ba4b-aaaabc6dd2a7" />
    <UnitTestResult executionId="66a33b29-285b-4446-b16c-bed2eb97b02f" testId="9b1ed357-6af2-5117-50f0-5fbf16b3fc09" testName="GitServer_GitLfsHandler_DownloadRef_UnsupportedMediaType" computerName="TFSBUILD11" duration="00:00:00.0118869" startTime="2015-09-28T09:43:34.6251296-07:00" endTime="2015-09-28T09:43:34.6407560-07:00" testType="13cdc9d9-ddb5-4fa4-a97d-d965ccfc6d4b" outcome="Passed" testListId="8c84fa94-04c1-424b-9868-57a2d4851a1d" relativeResultsDirectory="66a33b29-285b-4446-b16c-bed2eb97b02f" />
    <UnitTestResult executionId="e172bff9-b9ec-469d-8b16-9cd64227e1b8" testId="f49d4928-84f1-8a62-a483-71e34d9244ff" testName="GitServer_GitLfsHandler_DownloadBlob_UnsupportedMediaType" computerName="TFSBUILD11" duration="00:00:00.0120405" startTime="2015-09-28T09:43:34.6407560-07:00" endTime="2015-09-28T09:43:34.6563816-07:00" testType="13cdc9d9-ddb5-4fa4-a97d-d965ccfc6d4b" outcome="Passed" testListId="8c84fa94-04c1-424b-9868-57a2d4851a1d" relativeResultsDirectory="e172bff9-b9ec-469d-8b16-9cd64227e1b8" />
    <UnitTestResult executionId="13c15c6d-619e-4700-b494-202d52295ab0" testId="474d3729-2bea-5124-bede-24eb34f7d277" testName="GitServer_GitLfsHandler_InitUpload_Proceed" computerName="TFSBUILD11" duration="00:00:00.0150570" startTime="2015-09-28T09:43:34.6563816-07:00" endTime="2015-09-28T09:43:34.6720077-07:00" testType="13cdc9d9-ddb5-4fa4-a97d-d965ccfc6d4b" outcome="Passed" testListId="8c84fa94-04c1-424b-9868-57a2d4851a1d" relativeResultsDirectory="13c15c6d-619e-4700-b494-202d52295ab0" />
    <UnitTestResult executionId="b100c22d-1deb-4730-9112-0ac9d46022c4" testId="d7b81704-7a27-c38f-e47b-7005d9569a72" testName="GitServer_GitLfsHandler_InitUpload_AlreadyOnServer" computerName="TFSBUILD11" duration="00:00:00.0163057" startTime="2015-09-28T09:43:34.6720077-07:00" endTime="2015-09-28T09:43:34.6876335-07:00" testType="13cdc9d9-ddb5-4fa4-a97d-d965ccfc6d4b" outcome="Passed" testListId="8c84fa94-04c1-424b-9868-57a2d4851a1d" relativeResultsDirectory="b100c22d-1deb-4730-9112-0ac9d46022c4" />
    <UnitTestResult executionId="4c1e3a00-0be9-4cf2-9e9e-2f05118c2395" testId="d6778314-77c8-2d40-2043-5f45d18961e4" testName="GitServer_GitLfsHandler_InitUpload_UnsupportedMediaType" computerName="TFSBUILD11" duration="00:00:00.0515443" startTime="2015-09-28T09:43:34.6876335-07:00" endTime="2015-09-28T09:43:34.7345124-07:00" testType="13cdc9d9-ddb5-4fa4-a97d-d965ccfc6d4b" outcome="Passed" testListId="8c84fa94-04c1-424b-9868-57a2d4851a1d" relativeResultsDirectory="4c1e3a00-0be9-4cf2-9e9e-2f05118c2395" />
    <UnitTestResult executionId="a1cb77e3-fbc8-402d-bdb7-f011a155376f" testId="51986cae-fd13-5eeb-f10f-97bf1fbc6b3a" testName="GitServer_GitLfsHandler_InitUpload_InvalidObjectId" computerName="TFSBUILD11" duration="00:00:00.0122069" startTime="2015-09-28T09:43:34.7345124-07:00" endTime="2015-09-28T09:43:34.7501379-07:00" testType="13cdc9d9-ddb5-4fa4-a97d-d965ccfc6d4b" outcome="Passed" testListId="8c84fa94-04c1-424b-9868-57a2d4851a1d" relativeResultsDirectory="a1cb77e3-fbc8-402d-bdb7-f011a155376f" />
    <UnitTestResult executionId="52894088-125f-482f-aa0c-057ea243c5f5" testId="21a2ce3e-1226-76f9-02ba-34946eeda45f" testName="GitServer_GitLfsHandler_InitUpload_RequestBodyTooLarge" computerName="TFSBUILD11" duration="00:00:00.0112215" startTime="2015-09-28T09:43:34.7501379-07:00" endTime="2015-09-28T09:43:34.7657649-07:00" testType="13cdc9d9-ddb5-4fa4-a97d-d965ccfc6d4b" outcome="Passed" testListId="8c84fa94-04c1-424b-9868-57a2d4851a1d" relativeResultsDirectory="52894088-125f-482f-aa0c-057ea243c5f5" />
    <UnitTestResult executionId="e97cf09f-198d-432d-9295-f0a8cda81e6d" testId="47552d1b-7129-5448-966d-5547afc5e203" testName="GitServer_GitLfsHandler_InitUpload_JsonException" computerName="TFSBUILD11" duration="00:00:00.0166123" startTime="2015-09-28T09:43:34.7657649-07:00" endTime="2015-09-28T09:43:34.7813913-07:00" testType="13cdc9d9-ddb5-4fa4-a97d-d965ccfc6d4b" outcome="Passed" testListId="8c84fa94-04c1-424b-9868-57a2d4851a1d" relativeResultsDirectory="e97cf09f-198d-432d-9295-f0a8cda81e6d" />
    <UnitTestResult executionId="1d4deab2-93ab-46f9-b9f5-534cb7adbd1d" testId="5fc60c1e-d74b-e280-129a-1ac97be63d80" testName="GitServer_GitLfsHandler_InitUpload_EmptyContents" computerName="TFSBUILD11" duration="00:00:00.0111271" startTime="2015-09-28T09:43:34.7813913-07:00" endTime="2015-09-28T09:43:34.7970171-07:00" testType="13cdc9d9-ddb5-4fa4-a97d-d965ccfc6d4b" outcome="Passed" testListId="8c84fa94-04c1-424b-9868-57a2d4851a1d" relativeResultsDirectory="1d4deab2-93ab-46f9-b9f5-534cb7adbd1d" />
    <UnitTestResult executionId="84668181-ec1a-4a9d-beb5-80a38eaeb4a3" testId="0313b3f8-f50f-a8a0-bf56-5d24dce536a9" testName="GitServer_GitLfsHandler_InitUpload_InvalidObjectSize" computerName="TFSBUILD11" duration="00:00:00.0113942" startTime="2015-09-28T09:43:34.7970171-07:00" endTime="2015-09-28T09:43:34.7970171-07:00" testType="13cdc9d9-ddb5-4fa4-a97d-d965ccfc6d4b" outcome="Passed" testListId="8c84fa94-04c1-424b-9868-57a2d4851a1d" relativeResultsDirectory="84668181-ec1a-4a9d-beb5-80a38eaeb4a3" />
    <UnitTestResult executionId="5b9bc5e1-fe01-4ff8-b6af-f8a3f1b23e01" testId="e42b26c5-7665-cded-9f3a-daf1da776dc1" testName="GitServer_GitLfsHandler_Upload_CreatedSuccessfully" computerName="TFSBUILD11" duration="00:00:00.0972368" startTime="2015-09-28T09:43:34.7970171-07:00" endTime="2015-09-28T09:43:34.9063991-07:00" testType="13cdc9d9-ddb5-4fa4-a97d-d965ccfc6d4b" outcome="Passed" testListId="8c84fa94-04c1-424b-9868-57a2d4851a1d" relativeResultsDirectory="5b9bc5e1-fe01-4ff8-b6af-f8a3f1b23e01" />
    <UnitTestResult executionId="a5c023ca-d3e9-4bd6-8808-1ddaaf80850d" testId="04927e7f-bd66-6295-25af-a9d686ee439c" testName="GitServer_GitLfsHandler_Upload" computerName="TFSBUILD11" duration="00:00:00.0193322" startTime="2015-09-28T09:43:34.9063991-07:00" endTime="2015-09-28T09:43:34.9220263-07:00" testType="13cdc9d9-ddb5-4fa4-a97d-d965ccfc6d4b" outcome="Passed" testListId="8c84fa94-04c1-424b-9868-57a2d4851a1d" relativeResultsDirectory="a5c023ca-d3e9-4bd6-8808-1ddaaf80850d" />
    <UnitTestResult executionId="8fcefb30-99ef-46b4-a2d2-1ce566c8f797" testId="c8227e59-4708-cc03-03a7-6803f5b2afe8" testName="GitServer_GitLfsHandler_Upload_ContentsDoNotMatchLfsObjectId" computerName="TFSBUILD11" duration="00:00:00.0141923" startTime="2015-09-28T09:43:34.9220263-07:00" endTime="2015-09-28T09:43:34.9376518-07:00" testType="13cdc9d9-ddb5-4fa4-a97d-d965ccfc6d4b" outcome="Passed" testListId="8c84fa94-04c1-424b-9868-57a2d4851a1d" relativeResultsDirectory="8fcefb30-99ef-46b4-a2d2-1ce566c8f797" />
    <UnitTestResult executionId="323f4697-5cf3-4b65-ad3b-ce612a1273cf" testId="71e0a9bc-1050-d245-c379-905fc35bbdcb" testName="GitServer_GitLfsHandler_Upload_MissingWritePermission" computerName="TFSBUILD11" duration="00:00:00.0154532" startTime="2015-09-28T09:43:34.9376518-07:00" endTime="2015-09-28T09:43:34.9532780-07:00" testType="13cdc9d9-ddb5-4fa4-a97d-d965ccfc6d4b" outcome="Passed" testListId="8c84fa94-04c1-424b-9868-57a2d4851a1d" relativeResultsDirectory="323f4697-5cf3-4b65-ad3b-ce612a1273cf" />
    <UnitTestResult executionId="e81f8e3e-0151-461b-a818-d2c0cd46dba5" testId="99081ba3-89b0-3a23-1a04-87c396a6dbf6" testName="GitServer_GitLfsHandler_Upload_UnsupportedMediaType" computerName="TFSBUILD11" duration="00:00:00.0106276" startTime="2015-09-28T09:43:34.9532780-07:00" endTime="2015-09-28T09:43:34.9689044-07:00" testType="13cdc9d9-ddb5-4fa4-a97d-d965ccfc6d4b" outcome="Passed" testListId="8c84fa94-04c1-424b-9868-57a2d4851a1d" relativeResultsDirectory="e81f8e3e-0151-461b-a818-d2c0cd46dba5" />
    <UnitTestResult executionId="b32a52b8-ca3b-4664-a23e-6105c205b5d6" testId="70b26b7a-0a4b-aaf9-53fb-eff898d747f1" testName="GitServer_GitLfsHandler_Upload_InvalidObjectId" computerName="TFSBUILD11" duration="00:00:00.0109664" startTime="2015-09-28T09:43:34.9689044-07:00" endTime="2015-09-28T09:43:34.9689044-07:00" testType="13cdc9d9-ddb5-4fa4-a97d-d965ccfc6d4b" outcome="Passed" testListId="8c84fa94-04c1-424b-9868-57a2d4851a1d" relativeResultsDirectory="b32a52b8-ca3b-4664-a23e-6105c205b5d6" />
    <UnitTestResult executionId="38768bee-2a1e-4b87-afe6-0209cb7c66be" testId="01cc5ad2-7b2b-790e-95fc-eac382c088aa" testName="GitServer_GitLfsHandler_General_RequestTimoutExtended" computerName="TFSBUILD11" duration="00:00:00.0158523" startTime="2015-09-28T09:43:34.9689044-07:00" endTime="2015-09-28T09:43:34.9845305-07:00" testType="13cdc9d9-ddb5-4fa4-a97d-d965ccfc6d4b" outcome="Passed" testListId="8c84fa94-04c1-424b-9868-57a2d4851a1d" relativeResultsDirectory="38768bee-2a1e-4b87-afe6-0209cb7c66be" />
    <UnitTestResult executionId="dfcebd64-d76a-4f26-9c5f-b92b7a626749" testId="e5615d7d-2aa2-d431-35ac-aaf7ed514f80" testName="GitServer_GitLfsHandler_General_GitRepositoryNotFound" computerName="TFSBUILD11" duration="00:00:00.0205391" startTime="2015-09-28T09:43:34.9845305-07:00" endTime="2015-09-28T09:43:35.0157818-07:00" testType="13cdc9d9-ddb5-4fa4-a97d-d965ccfc6d4b" outcome="Passed" testListId="8c84fa94-04c1-424b-9868-57a2d4851a1d" relativeResultsDirectory="dfcebd64-d76a-4f26-9c5f-b92b7a626749" />
    <UnitTestResult executionId="c3431abf-b3ce-4bfa-b8bf-232c043aaa43" testId="848d1ad5-78d6-50d7-5abe-d996a665116b" testName="GitServer_GitLfsHandler_General_GitNeedsPermission" computerName="TFSBUILD11" duration="00:00:00.0139926" startTime="2015-09-28T09:43:35.0157818-07:00" endTime="2015-09-28T09:43:35.0314094-07:00" testType="13cdc9d9-ddb5-4fa4-a97d-d965ccfc6d4b" outcome="Passed" testListId="8c84fa94-04c1-424b-9868-57a2d4851a1d" relativeResultsDirectory="c3431abf-b3ce-4bfa-b8bf-232c043aaa43" />
    <UnitTestResult executionId="2334bf23-883a-4e4a-8847-0962469b3ad5" testId="18ee4e81-299d-21cc-2b37-ecd282b635fa" testName="GitServer_GitLfsHandler_General_Exception" computerName="TFSBUILD11" duration="00:00:00.0483776" startTime="2015-09-28T09:43:35.0314094-07:00" endTime="2015-09-28T09:43:35.0782868-07:00" testType="13cdc9d9-ddb5-4fa4-a97d-d965ccfc6d4b" outcome="Passed" testListId="8c84fa94-04c1-424b-9868-57a2d4851a1d" relativeResultsDirectory="2334bf23-883a-4e4a-8847-0962469b3ad5" />
    <UnitTestResult executionId="231d5107-fff1-4fe9-8afe-83a4dd6e790f" testId="96329ff2-7cd3-222c-76bf-d28a07068368" testName="GitServer_GitLfsHandler_Batch" computerName="TFSBUILD11" duration="00:00:00.0474517" startTime="2015-09-28T09:43:35.0782868-07:00" endTime="2015-09-28T09:43:35.1251649-07:00" testType="13cdc9d9-ddb5-4fa4-a97d-d965ccfc6d4b" outcome="Passed" testListId="8c84fa94-04c1-424b-9868-57a2d4851a1d" relativeResultsDirectory="231d5107-fff1-4fe9-8afe-83a4dd6e790f" />
    <UnitTestResult executionId="d880eb31-ef30-4c27-a279-0a17b20d02b4" testId="5a846174-b7bb-4fc0-7f50-c081254ee146" testName="GitServer_GitLfsHandler_Batch_UnsupportedMediaType" computerName="TFSBUILD11" duration="00:00:00.0125581" startTime="2015-09-28T09:43:35.1251649-07:00" endTime="2015-09-28T09:43:35.1407919-07:00" testType="13cdc9d9-ddb5-4fa4-a97d-d965ccfc6d4b" outcome="Passed" testListId="8c84fa94-04c1-424b-9868-57a2d4851a1d" relativeResultsDirectory="d880eb31-ef30-4c27-a279-0a17b20d02b4" />
    <UnitTestResult executionId="d2c50cc8-45d3-4c2a-a255-9fb6a0c44541" testId="179195ae-266e-5c50-b481-d23afa5b1d67" testName="GitServer_GitLfsHandler_Batch_InvalidObjectId" computerName="TFSBUILD11" duration="00:00:00.0121443" startTime="2015-09-28T09:43:35.1407919-07:00" endTime="2015-09-28T09:43:35.1407919-07:00" testType="13cdc9d9-ddb5-4fa4-a97d-d965ccfc6d4b" outcome="Passed" testListId="8c84fa94-04c1-424b-9868-57a2d4851a1d" relativeResultsDirectory="d2c50cc8-45d3-4c2a-a255-9fb6a0c44541" />
    <UnitTestResult executionId="f1372a29-d5ab-4999-a028-31344da6a454" testId="13aea422-fd56-3119-f28e-4a1d2cd3a9f2" testName="GitServer_GitLfsHandler_Batch_InvalidSize" computerName="TFSBUILD11" duration="00:00:00.0118726" startTime="2015-09-28T09:43:35.1407919-07:00" endTime="2015-09-28T09:43:35.1564174-07:00" testType="13cdc9d9-ddb5-4fa4-a97d-d965ccfc6d4b" outcome="Passed" testListId="8c84fa94-04c1-424b-9868-57a2d4851a1d" relativeResultsDirectory="f1372a29-d5ab-4999-a028-31344da6a454" />
    <UnitTestResult executionId="8bfa732a-0dc0-43a0-9d1b-de2fe2323dda" testId="8a049682-bd44-dbbe-eaba-33a940f5732d" testName="GitServer_GitLfsHandler_Batch_ZeroObjectsRequested" computerName="TFSBUILD11" duration="00:00:00.0116658" startTime="2015-09-28T09:43:35.1564174-07:00" endTime="2015-09-28T09:43:35.1720432-07:00" testType="13cdc9d9-ddb5-4fa4-a97d-d965ccfc6d4b" outcome="Passed" testListId="8c84fa94-04c1-424b-9868-57a2d4851a1d" relativeResultsDirectory="8bfa732a-0dc0-43a0-9d1b-de2fe2323dda" />
    <UnitTestResult executionId="ff7d7473-64c1-48f5-b055-d77744f3314f" testId="25eac712-7dfb-02f2-af43-0afe91a257ad" testName="GitServer_GitLfsHandler_Batch_EmptyContents" computerName="TFSBUILD11" duration="00:00:00.0113894" startTime="2015-09-28T09:43:35.1720432-07:00" endTime="2015-09-28T09:43:35.1876699-07:00" testType="13cdc9d9-ddb5-4fa4-a97d-d965ccfc6d4b" outcome="Passed" testListId="8c84fa94-04c1-424b-9868-57a2d4851a1d" relativeResultsDirectory="ff7d7473-64c1-48f5-b055-d77744f3314f" />
    <UnitTestResult executionId="d537685b-7225-4c4c-84bf-34342ac5fe63" testId="1edc08de-96f1-bc7c-b1ae-fb0266d89935" testName="GitServer_GitLfsHandler_Batch_JsonException" computerName="TFSBUILD11" duration="00:00:00.0109835" startTime="2015-09-28T09:43:35.1876699-07:00" endTime="2015-09-28T09:43:35.1876699-07:00" testType="13cdc9d9-ddb5-4fa4-a97d-d965ccfc6d4b" outcome="Passed" testListId="8c84fa94-04c1-424b-9868-57a2d4851a1d" relativeResultsDirectory="d537685b-7225-4c4c-84bf-34342ac5fe63" />
    <UnitTestResult executionId="51c09480-117a-49bd-b95e-ebbeedeeb4ed" testId="6192e828-65ee-5223-e743-9fd1c6ff6f63" testName="GitServer_GitServerUtils_ExpandHavesAndWants_EmptyWant" computerName="TFSBUILD11" duration="00:00:00.0174486" startTime="2015-09-28T09:43:35.1876699-07:00" endTime="2015-09-28T09:43:35.2032954-07:00" testType="13cdc9d9-ddb5-4fa4-a97d-d965ccfc6d4b" outcome="Passed" testListId="8c84fa94-04c1-424b-9868-57a2d4851a1d" relativeResultsDirectory="51c09480-117a-49bd-b95e-ebbeedeeb4ed" />
    <UnitTestResult executionId="ba2c892c-31a4-4da0-bc1d-d9e64759c136" testId="a44d1a7d-22d0-8aef-1ced-7cabb17121b4" testName="GitServer_GitServerUtils_ExpandHavesAndWants_InvalidWant" computerName="TFSBUILD11" duration="00:00:00.0027417" startTime="2015-09-28T09:43:35.2032954-07:00" endTime="2015-09-28T09:43:35.2189218-07:00" testType="13cdc9d9-ddb5-4fa4-a97d-d965ccfc6d4b" outcome="Passed" testListId="8c84fa94-04c1-424b-9868-57a2d4851a1d" relativeResultsDirectory="ba2c892c-31a4-4da0-bc1d-d9e64759c136" />
    <UnitTestResult executionId="01043637-23e2-4274-94e6-871e900f46e5" testId="17367ba2-83bb-2e4d-6c78-c8d8f22580c5" testName="GitServer_GitServerUtils_ExpandHavesAndWants_EmptyHave" computerName="TFSBUILD11" duration="00:00:00.0060043" startTime="2015-09-28T09:43:35.2189218-07:00" endTime="2015-09-28T09:43:35.2189218-07:00" testType="13cdc9d9-ddb5-4fa4-a97d-d965ccfc6d4b" outcome="Passed" testListId="8c84fa94-04c1-424b-9868-57a2d4851a1d" relativeResultsDirectory="01043637-23e2-4274-94e6-871e900f46e5" />
    <UnitTestResult executionId="4da1c1a9-3ffe-4bf4-af52-41f44d1e3dd5" testId="5d4ac29b-36db-2b23-f085-93207bf52b3e" testName="GitServer_GitServerUtils_ExpandHavesAndWants_InvalidHave" computerName="TFSBUILD11" duration="00:00:00.0026106" startTime="2015-09-28T09:43:35.2189218-07:00" endTime="2015-09-28T09:43:35.2189218-07:00" testType="13cdc9d9-ddb5-4fa4-a97d-d965ccfc6d4b" outcome="Passed" testListId="8c84fa94-04c1-424b-9868-57a2d4851a1d" relativeResultsDirectory="4da1c1a9-3ffe-4bf4-af52-41f44d1e3dd5" />
    <UnitTestResult executionId="19d208e9-ba26-470e-b7e9-c1e4ebffca26" testId="f5875a0a-5abf-776e-8adb-34894a5251dc" testName="GitServer_GitServerUtils_ExpandHavesAndWants_Simple" computerName="TFSBUILD11" duration="00:00:00.0283718" startTime="2015-09-28T09:43:35.2189218-07:00" endTime="2015-09-28T09:43:35.2501741-07:00" testType="13cdc9d9-ddb5-4fa4-a97d-d965ccfc6d4b" outcome="Passed" testListId="8c84fa94-04c1-424b-9868-57a2d4851a1d" relativeResultsDirectory="19d208e9-ba26-470e-b7e9-c1e4ebffca26" />
    <UnitTestResult executionId="e792496a-ec48-4fbf-80ae-821c7cc5bdac" testId="d91542ca-f142-1c15-c125-d6fbf44d4a95" testName="GitServer_GitServerUtils_ExpandHavesAndWants_OneTipMerge" computerName="TFSBUILD11" duration="00:00:00.0024177" startTime="2015-09-28T09:43:35.2501741-07:00" endTime="2015-09-28T09:43:35.2501741-07:00" testType="13cdc9d9-ddb5-4fa4-a97d-d965ccfc6d4b" outcome="Passed" testListId="8c84fa94-04c1-424b-9868-57a2d4851a1d" relativeResultsDirectory="e792496a-ec48-4fbf-80ae-821c7cc5bdac" />
    <UnitTestResult executionId="e4f88a86-05e5-4705-9795-da28d7513bdd" testId="e6871751-6fbd-e6a3-b771-2acd5b45ed63" testName="GitServer_GitServerUtils_ExpandHavesAndWants_ThreeTips" computerName="TFSBUILD11" duration="00:00:00.0026677" startTime="2015-09-28T09:43:35.2501741-07:00" endTime="2015-09-28T09:43:35.2501741-07:00" testType="13cdc9d9-ddb5-4fa4-a97d-d965ccfc6d4b" outcome="Passed" testListId="8c84fa94-04c1-424b-9868-57a2d4851a1d" relativeResultsDirectory="e4f88a86-05e5-4705-9795-da28d7513bdd" />
    <UnitTestResult executionId="d2fecb00-0a8b-4edb-ae86-efbe5b53d50c" testId="5bfcd854-3543-2bb8-b452-b91d799a5006" testName="GitServer_GitServerUtils_ExpandHavesAndWants_CrissCrossMerge" computerName="TFSBUILD11" duration="00:00:00.0037759" startTime="2015-09-28T09:43:35.2501741-07:00" endTime="2015-09-28T09:43:35.2658007-07:00" testType="13cdc9d9-ddb5-4fa4-a97d-d965ccfc6d4b" outcome="Passed" testListId="8c84fa94-04c1-424b-9868-57a2d4851a1d" relativeResultsDirectory="d2fecb00-0a8b-4edb-ae86-efbe5b53d50c" />
    <UnitTestResult executionId="249cdc97-8525-477c-812a-a33d1a451383" testId="dfedc884-c831-b7dc-a0dc-cc31cee489b0" testName="GitServer_GitUtils_WindowsUserAgent" computerName="TFSBUILD11" duration="00:00:00.0007054" startTime="2015-09-28T09:43:35.2658007-07:00" endTime="2015-09-28T09:43:35.2658007-07:00" testType="13cdc9d9-ddb5-4fa4-a97d-d965ccfc6d4b" outcome="Passed" testListId="8c84fa94-04c1-424b-9868-57a2d4851a1d" relativeResultsDirectory="249cdc97-8525-477c-812a-a33d1a451383" />
    <UnitTestResult executionId="2ed23c06-1876-4cd2-962b-49ac7eac37e9" testId="331cc985-8214-5759-97f5-d7d94da71a82" testName="GitServer_GitUtils_NonWindowsUserAgent" computerName="TFSBUILD11" duration="00:00:00.0010715" startTime="2015-09-28T09:43:35.2658007-07:00" endTime="2015-09-28T09:43:35.2658007-07:00" testType="13cdc9d9-ddb5-4fa4-a97d-d965ccfc6d4b" outcome="Passed" testListId="8c84fa94-04c1-424b-9868-57a2d4851a1d" relativeResultsDirectory="2ed23c06-1876-4cd2-962b-49ac7eac37e9" />
    <UnitTestResult executionId="e306fa6d-be18-4128-a2ed-786bd7c8a78e" testId="b55ecfee-c3dc-4efe-c5c6-8e0cb9ce37bc" testName="GitServer_ConcurrentObjectPool_InstancesUpToCapacityArePooled" computerName="TFSBUILD11" duration="00:00:00.0060029" startTime="2015-09-28T09:43:35.2658007-07:00" endTime="2015-09-28T09:43:35.2658007-07:00" testType="13cdc9d9-ddb5-4fa4-a97d-d965ccfc6d4b" outcome="Passed" testListId="8c84fa94-04c1-424b-9868-57a2d4851a1d" relativeResultsDirectory="e306fa6d-be18-4128-a2ed-786bd7c8a78e" />
    <UnitTestResult executionId="861016d0-cca3-412d-96bc-df42b382d8f0" testId="f8f217f1-3f93-efd2-d0af-adf9978e5e9c" testName="GitServer_ConcurrentObjectPool_PruningWorks" computerName="TFSBUILD11" duration="00:00:00.0672618" startTime="2015-09-28T09:43:35.2658007-07:00" endTime="2015-09-28T09:43:35.3439302-07:00" testType="13cdc9d9-ddb5-4fa4-a97d-d965ccfc6d4b" outcome="Passed" testListId="8c84fa94-04c1-424b-9868-57a2d4851a1d" relativeResultsDirectory="861016d0-cca3-412d-96bc-df42b382d8f0" />
    <UnitTestResult executionId="7c6525be-e02d-403b-ab55-542f8813deb6" testId="6adf80c5-530c-5507-6045-66fb09916950" testName="GitServer_ConcurrentObjectPool_AfterDisposeThePoolIsEmptyAndMembersWereDisposed" computerName="TFSBUILD11" duration="00:00:00.0017254" startTime="2015-09-28T09:43:35.3439302-07:00" endTime="2015-09-28T09:43:35.3439302-07:00" testType="13cdc9d9-ddb5-4fa4-a97d-d965ccfc6d4b" outcome="Passed" testListId="8c84fa94-04c1-424b-9868-57a2d4851a1d" relativeResultsDirectory="7c6525be-e02d-403b-ab55-542f8813deb6" />
    <UnitTestResult executionId="54778c46-5df3-42a5-a4f6-d95b5904579b" testId="f6cbc033-590b-53a6-f2bf-b608ebeac82b" testName="GitServer_GitUtils_IsLegalRefName_TestLegalRefNames" computerName="TFSBUILD11" duration="00:00:00.0009076" startTime="2015-09-28T09:43:35.3439302-07:00" endTime="2015-09-28T09:43:35.3439302-07:00" testType="13cdc9d9-ddb5-4fa4-a97d-d965ccfc6d4b" outcome="Passed" testListId="8c84fa94-04c1-424b-9868-57a2d4851a1d" relativeResultsDirectory="54778c46-5df3-42a5-a4f6-d95b5904579b" />
    <UnitTestResult executionId="f9103a3e-3d23-4467-bd10-74c36a5c1d95" testId="26cecb9f-831c-675b-0e17-c176c452b489" testName="GitServer_GitUtils_IsLegalRefName_TestIllegalRefNames" computerName="TFSBUILD11" duration="00:00:00.0005495" startTime="2015-09-28T09:43:35.3439302-07:00" endTime="2015-09-28T09:43:35.3439302-07:00" testType="13cdc9d9-ddb5-4fa4-a97d-d965ccfc6d4b" outcome="Passed" testListId="8c84fa94-04c1-424b-9868-57a2d4851a1d" relativeResultsDirectory="f9103a3e-3d23-4467-bd10-74c36a5c1d95" />
    <UnitTestResult executionId="3b136cc3-7441-40c9-afba-eb471d31998e" testId="650e6988-d105-9ce3-3f34-e508e4eb21ee" testName="GitServer_GitUtils_IsValidRefName_TestValidRefNames" computerName="TFSBUILD11" duration="00:00:00.0010643" startTime="2015-09-28T09:43:35.3439302-07:00" endTime="2015-09-28T09:43:35.3439302-07:00" testType="13cdc9d9-ddb5-4fa4-a97d-d965ccfc6d4b" outcome="Passed" testListId="8c84fa94-04c1-424b-9868-57a2d4851a1d" relativeResultsDirectory="3b136cc3-7441-40c9-afba-eb471d31998e" />
    <UnitTestResult executionId="192251fa-c7de-4845-a3bb-6b7110c4a637" testId="082bd733-fed7-0612-ad31-e978da3c95d9" testName="GitServer_GitUtils_IsValidRefName_TestInvalidRefNames" computerName="TFSBUILD11" duration="00:00:00.0006880" startTime="2015-09-28T09:43:35.3439302-07:00" endTime="2015-09-28T09:43:35.3439302-07:00" testType="13cdc9d9-ddb5-4fa4-a97d-d965ccfc6d4b" outcome="Passed" testListId="8c84fa94-04c1-424b-9868-57a2d4851a1d" relativeResultsDirectory="192251fa-c7de-4845-a3bb-6b7110c4a637" />
    <UnitTestResult executionId="605fb352-a35f-48ac-941a-eb1819f47dac" testId="bcae2db3-f3c3-23f0-dd48-a96936014022" testName="GitServer_GitFileUtility_GetFileNameFromPath" computerName="TFSBUILD11" duration="00:00:00.0016139" startTime="2015-09-28T09:43:35.3439302-07:00" endTime="2015-09-28T09:43:35.3439302-07:00" testType="13cdc9d9-ddb5-4fa4-a97d-d965ccfc6d4b" outcome="Passed" testListId="8c84fa94-04c1-424b-9868-57a2d4851a1d" relativeResultsDirectory="605fb352-a35f-48ac-941a-eb1819f47dac" />
    <UnitTestResult executionId="46123a29-8eac-4848-a27f-9f384d6fd364" testId="df4be3d7-a77c-6384-58aa-66a04c40ed42" testName="GitServer_GitDataFileBase_CreateStream_WholeFileZeroOffset" computerName="TFSBUILD11" duration="00:00:00.0198314" startTime="2015-09-28T09:43:35.3439302-07:00" endTime="2015-09-28T09:43:35.3595566-07:00" testType="13cdc9d9-ddb5-4fa4-a97d-d965ccfc6d4b" outcome="Passed" testListId="8c84fa94-04c1-424b-9868-57a2d4851a1d" relativeResultsDirectory="46123a29-8eac-4848-a27f-9f384d6fd364" />
    <UnitTestResult executionId="544deaf9-1e0e-4796-b667-6cee4305dc38" testId="e7a3d513-4b18-31b1-7a49-eee138bd7f0c" testName="GitServer_GitDataFileBase_CreateStream_PartialFileZeroOffset" computerName="TFSBUILD11" duration="00:00:00.0058000" startTime="2015-09-28T09:43:35.3595566-07:00" endTime="2015-09-28T09:43:35.3751830-07:00" testType="13cdc9d9-ddb5-4fa4-a97d-d965ccfc6d4b" outcome="Passed" testListId="8c84fa94-04c1-424b-9868-57a2d4851a1d" relativeResultsDirectory="544deaf9-1e0e-4796-b667-6cee4305dc38" />
    <UnitTestResult executionId="959bbd6b-904f-4690-834d-b71c200d536a" testId="419a61a8-d4f9-6962-f710-5e2cd908cb03" testName="GitServer_GitDataFileBase_CreateStream_WholeFileWithOffset" computerName="TFSBUILD11" duration="00:00:00.0067666" startTime="2015-09-28T09:43:35.3751830-07:00" endTime="2015-09-28T09:43:35.3751830-07:00" testType="13cdc9d9-ddb5-4fa4-a97d-d965ccfc6d4b" outcome="Passed" testListId="8c84fa94-04c1-424b-9868-57a2d4851a1d" relativeResultsDirectory="959bbd6b-904f-4690-834d-b71c200d536a" />
    <UnitTestResult executionId="1e11f4da-a309-4478-a7b9-bc59e8ab0832" testId="a2894619-44a0-3d49-545e-0d8e6619b2b1" testName="GitServer_GitDataFileBase_CreateStream_PartialFileWithOffset" computerName="TFSBUILD11" duration="00:00:00.0058029" startTime="2015-09-28T09:43:35.3751830-07:00" endTime="2015-09-28T09:43:35.3908088-07:00" testType="13cdc9d9-ddb5-4fa4-a97d-d965ccfc6d4b" outcome="Passed" testListId="8c84fa94-04c1-424b-9868-57a2d4851a1d" relativeResultsDirectory="1e11f4da-a309-4478-a7b9-bc59e8ab0832" />
    <UnitTestResult executionId="18bdaa41-6198-41ae-8875-c4d53753f89d" testId="06a9f03e-41d2-980b-62c6-847417cff0cf" testName="GitServer_GitDataFileBase_CreateStream_WholeFileZeroOffset" computerName="TFSBUILD11" duration="00:00:00.0048986" startTime="2015-09-28T09:43:35.3908088-07:00" endTime="2015-09-28T09:43:35.3908088-07:00" testType="13cdc9d9-ddb5-4fa4-a97d-d965ccfc6d4b" outcome="Passed" testListId="8c84fa94-04c1-424b-9868-57a2d4851a1d" relativeResultsDirectory="18bdaa41-6198-41ae-8875-c4d53753f89d" />
    <UnitTestResult executionId="f4642881-9a77-4eda-b512-b3cf744384a4" testId="d38e1469-d5be-38e2-a759-c5d05bc88fdb" testName="GitServer_GitDataFileBase_CreateStream_PartialFileZeroOffset" computerName="TFSBUILD11" duration="00:00:00.0038183" startTime="2015-09-28T09:43:35.3908088-07:00" endTime="2015-09-28T09:43:35.3908088-07:00" testType="13cdc9d9-ddb5-4fa4-a97d-d965ccfc6d4b" outcome="Passed" testListId="8c84fa94-04c1-424b-9868-57a2d4851a1d" relativeResultsDirectory="f4642881-9a77-4eda-b512-b3cf744384a4" />
    <UnitTestResult executionId="a94de17e-d85f-4f2e-8f3d-6bfa27ce43cc" testId="e072615d-2495-6677-38de-9052e4774080" testName="GitServer_GitDataFileBase_CreateStream_WholeFileWithOffset" computerName="TFSBUILD11" duration="00:00:00.0101819" startTime="2015-09-28T09:43:35.3908088-07:00" endTime="2015-09-28T09:43:35.4064360-07:00" testType="13cdc9d9-ddb5-4fa4-a97d-d965ccfc6d4b" outcome="Passed" testListId="8c84fa94-04c1-424b-9868-57a2d4851a1d" relativeResultsDirectory="a94de17e-d85f-4f2e-8f3d-6bfa27ce43cc" />
    <UnitTestResult executionId="9ac0f7f5-5998-42a3-b0de-dd9977c16752" testId="2d843b5c-42a1-366a-ba5c-25b4b6a754c8" testName="GitServer_GitDataFileBase_CreateStream_PartialFileWithOffset" computerName="TFSBUILD11" duration="00:00:00.0037879" startTime="2015-09-28T09:43:35.4064360-07:00" endTime="2015-09-28T09:43:35.4064360-07:00" testType="13cdc9d9-ddb5-4fa4-a97d-d965ccfc6d4b" outcome="Passed" testListId="8c84fa94-04c1-424b-9868-57a2d4851a1d" relativeResultsDirectory="9ac0f7f5-5998-42a3-b0de-dd9977c16752" />
    <UnitTestResult executionId="cab7fd3b-9194-4691-8166-4aa3fc589964" testId="57486f21-3422-f721-3077-9bdf645e33e3" testName="GitServer_GitDataFileBase_CreateStream_WholeFileZeroOffset" computerName="TFSBUILD11" duration="00:00:00.0055787" startTime="2015-09-28T09:43:35.4064360-07:00" endTime="2015-09-28T09:43:35.4064360-07:00" testType="13cdc9d9-ddb5-4fa4-a97d-d965ccfc6d4b" outcome="Passed" testListId="8c84fa94-04c1-424b-9868-57a2d4851a1d" relativeResultsDirectory="cab7fd3b-9194-4691-8166-4aa3fc589964" />
    <UnitTestResult executionId="b34acbce-54df-47b7-a845-c54f528d8112" testId="e24472da-ba04-74be-e76e-d3852e849714" testName="GitServer_GitDataFileBase_CreateStream_PartialFileZeroOffset" computerName="TFSBUILD11" duration="00:00:00.0037751" startTime="2015-09-28T09:43:35.4064360-07:00" endTime="2015-09-28T09:43:35.4220607-07:00" testType="13cdc9d9-ddb5-4fa4-a97d-d965ccfc6d4b" outcome="Passed" testListId="8c84fa94-04c1-424b-9868-57a2d4851a1d" relativeResultsDirectory="b34acbce-54df-47b7-a845-c54f528d8112" />
    <UnitTestResult executionId="958dd157-9c70-4eb6-8040-b1c49dbcfc5e" testId="3983b56f-185a-2a15-9ea7-947f4a7e1567" testName="GitServer_GitDataFileBase_CreateStream_WholeFileWithOffset" computerName="TFSBUILD11" duration="00:00:00.0037122" startTime="2015-09-28T09:43:35.4220607-07:00" endTime="2015-09-28T09:43:35.4220607-07:00" testType="13cdc9d9-ddb5-4fa4-a97d-d965ccfc6d4b" outcome="Passed" testListId="8c84fa94-04c1-424b-9868-57a2d4851a1d" relativeResultsDirectory="958dd157-9c70-4eb6-8040-b1c49dbcfc5e" />
    <UnitTestResult executionId="ebb9a1f7-4568-4cae-8b56-ca389905627b" testId="a53c825a-5a1d-8767-1c6c-cab543914078" testName="GitServer_GitDataFileBase_CreateStream_PartialFileWithOffset" computerName="TFSBUILD11" duration="00:00:00.0030731" startTime="2015-09-28T09:43:35.4220607-07:00" endTime="2015-09-28T09:43:35.4220607-07:00" testType="13cdc9d9-ddb5-4fa4-a97d-d965ccfc6d4b" outcome="Passed" testListId="8c84fa94-04c1-424b-9868-57a2d4851a1d" relativeResultsDirectory="ebb9a1f7-4568-4cae-8b56-ca389905627b" />
    <UnitTestResult executionId="ffff3a5d-0141-4ad7-8edb-0ef43d1d190e" testId="0a6580cd-0e72-9161-2500-f3a6bdc08c69" testName="GitServer_TfsGitRepoId_CtorThrowsForEmptyParameters" computerName="TFSBUILD11" duration="00:00:00.0033621" startTime="2015-09-28T09:43:35.4220607-07:00" endTime="2015-09-28T09:43:35.4220607-07:00" testType="13cdc9d9-ddb5-4fa4-a97d-d965ccfc6d4b" outcome="Passed" testListId="8c84fa94-04c1-424b-9868-57a2d4851a1d" relativeResultsDirectory="ffff3a5d-0141-4ad7-8edb-0ef43d1d190e" />
    <UnitTestResult executionId="d5db341a-84b5-4e0d-a50a-76e0e17f5c4b" testId="9b5c9b04-1099-6205-a783-1d6ee9b3255d" testName="GitServer_TfsGitRepoId_EqualsAndGetHashCode" computerName="TFSBUILD11" duration="00:00:00.0042680" startTime="2015-09-28T09:43:35.4220607-07:00" endTime="2015-09-28T09:43:35.4376871-07:00" testType="13cdc9d9-ddb5-4fa4-a97d-d965ccfc6d4b" outcome="Passed" testListId="8c84fa94-04c1-424b-9868-57a2d4851a1d" relativeResultsDirectory="d5db341a-84b5-4e0d-a50a-76e0e17f5c4b" />
    <UnitTestResult executionId="4f2d568e-380f-41a9-9951-351457e83437" testId="8d8f0565-f6d0-7c13-212b-4fcb9b9ec761" testName="GitServer_GitHttpClient_Constructor_NullPipelineOfHandlers" computerName="TFSBUILD11" duration="00:00:00.0070857" startTime="2015-09-28T09:43:35.4376871-07:00" endTime="2015-09-28T09:43:35.4376871-07:00" testType="13cdc9d9-ddb5-4fa4-a97d-d965ccfc6d4b" outcome="Passed" testListId="8c84fa94-04c1-424b-9868-57a2d4851a1d" relativeResultsDirectory="4f2d568e-380f-41a9-9951-351457e83437" />
    <UnitTestResult executionId="688e9f23-7c29-4783-b064-dce85de01d99" testId="9732c266-5109-cdbd-9f62-3e0ec2996a42" testName="GitServer_GitHttpClient_Constructor_PipelineOfHandlersContainingNoVssHttpMessageHandler" computerName="TFSBUILD11" duration="00:00:00.0058018" startTime="2015-09-28T09:43:35.4376871-07:00" endTime="2015-09-28T09:43:35.4533135-07:00" testType="13cdc9d9-ddb5-4fa4-a97d-d965ccfc6d4b" outcome="Passed" testListId="8c84fa94-04c1-424b-9868-57a2d4851a1d" relativeResultsDirectory="688e9f23-7c29-4783-b064-dce85de01d99" />
    <UnitTestResult executionId="8f358052-c930-403d-b958-965fe7a78518" testId="4edadefc-7720-ee75-049b-a8156bc380b0" testName="GitServer_GitHttpClient_Constructor_PipelineOfHandlersContainingVssHttpMessageHandler0Deep" computerName="TFSBUILD11" duration="00:00:00.0180399" startTime="2015-09-28T09:43:35.4533135-07:00" endTime="2015-09-28T09:43:35.4689391-07:00" testType="13cdc9d9-ddb5-4fa4-a97d-d965ccfc6d4b" outcome="Passed" testListId="8c84fa94-04c1-424b-9868-57a2d4851a1d" relativeResultsDirectory="8f358052-c930-403d-b958-965fe7a78518" />
    <UnitTestResult executionId="88fca7b1-80ea-4226-892d-193302a72716" testId="8a5b2364-bf59-8652-1255-93fd5e8cd991" testName="GitServer_GitHttpClient_Constructor_PipelineOfHandlersContainingVssHttpMessageHandler1Deep" computerName="TFSBUILD11" duration="00:00:00.0002796" startTime="2015-09-28T09:43:35.4689391-07:00" endTime="2015-09-28T09:43:35.4689391-07:00" testType="13cdc9d9-ddb5-4fa4-a97d-d965ccfc6d4b" outcome="Passed" testListId="8c84fa94-04c1-424b-9868-57a2d4851a1d" relativeResultsDirectory="88fca7b1-80ea-4226-892d-193302a72716" />
    <UnitTestResult executionId="329937e5-1dcb-480a-a3bd-d1f0d49efdc4" testId="d68cc777-6d49-b5d4-7ffb-cfc83da83e55" testName="GitServer_GitHttpClient_Constructor_PipelineOfHandlersContainingVssHttpMessageHandler3Deep" computerName="TFSBUILD11" duration="00:00:00.0002773" startTime="2015-09-28T09:43:35.4689391-07:00" endTime="2015-09-28T09:43:35.4689391-07:00" testType="13cdc9d9-ddb5-4fa4-a97d-d965ccfc6d4b" outcome="Passed" testListId="8c84fa94-04c1-424b-9868-57a2d4851a1d" relativeResultsDirectory="329937e5-1dcb-480a-a3bd-d1f0d49efdc4" />
    <UnitTestResult executionId="7ce07f07-59ef-492d-a4af-eb653d4f68c2" testId="7bb63fef-7b3f-8d91-8908-ce5561a66b0e" testName="GitServer_GitHttpClient_TryAddParam_NonDefaultParams" computerName="TFSBUILD11" duration="00:00:00.0012322" startTime="2015-09-28T09:43:35.4689391-07:00" endTime="2015-09-28T09:43:35.4689391-07:00" testType="13cdc9d9-ddb5-4fa4-a97d-d965ccfc6d4b" outcome="Passed" testListId="8c84fa94-04c1-424b-9868-57a2d4851a1d" relativeResultsDirectory="7ce07f07-59ef-492d-a4af-eb653d4f68c2" />
    <UnitTestResult executionId="5a7ab665-a206-487f-b2ab-495c196f642f" testId="149e5537-8985-8f6d-0b9a-70cac288c455" testName="GitServer_GitHttpClient_TryAddParam_DefaultParams" computerName="TFSBUILD11" duration="00:00:00.0004883" startTime="2015-09-28T09:43:35.4689391-07:00" endTime="2015-09-28T09:43:35.4689391-07:00" testType="13cdc9d9-ddb5-4fa4-a97d-d965ccfc6d4b" outcome="Passed" testListId="8c84fa94-04c1-424b-9868-57a2d4851a1d" relativeResultsDirectory="5a7ab665-a206-487f-b2ab-495c196f642f" />
    <UnitTestResult executionId="31f2fa44-c291-4ab2-8fb7-320af39c9add" testId="158048dc-c637-b07e-7653-1f6b6b58cbde" testName="GitServer_WebApi_Serialization_SerializeGitBlobRef" computerName="TFSBUILD11" duration="00:00:00.0426830" startTime="2015-09-28T09:43:35.4689391-07:00" endTime="2015-09-28T09:43:35.5158180-07:00" testType="13cdc9d9-ddb5-4fa4-a97d-d965ccfc6d4b" outcome="Passed" testListId="8c84fa94-04c1-424b-9868-57a2d4851a1d" relativeResultsDirectory="31f2fa44-c291-4ab2-8fb7-320af39c9add" />
    <UnitTestResult executionId="0b4ffdea-ca31-421b-aacb-e497db0c99e7" testId="4fb95640-4ece-899e-b627-fda776f98b15" testName="GitServer_WebApi_Serialization_SerializeGitBranchStats" computerName="TFSBUILD11" duration="00:00:00.0015493" startTime="2015-09-28T09:43:35.5158180-07:00" endTime="2015-09-28T09:43:35.5158180-07:00" testType="13cdc9d9-ddb5-4fa4-a97d-d965ccfc6d4b" outcome="Passed" testListId="8c84fa94-04c1-424b-9868-57a2d4851a1d" relativeResultsDirectory="0b4ffdea-ca31-421b-aacb-e497db0c99e7" />
    <UnitTestResult executionId="79fd0c99-1e9f-49fd-a3fe-75718824bf4b" testId="c4ca95be-4793-b273-c460-cbf769f92837" testName="GitServer_WebApi_Serialization_SerializeGitChange" computerName="TFSBUILD11" duration="00:00:00.0035330" startTime="2015-09-28T09:43:35.5158180-07:00" endTime="2015-09-28T09:43:35.5158180-07:00" testType="13cdc9d9-ddb5-4fa4-a97d-d965ccfc6d4b" outcome="Passed" testListId="8c84fa94-04c1-424b-9868-57a2d4851a1d" relativeResultsDirectory="79fd0c99-1e9f-49fd-a3fe-75718824bf4b" />
    <UnitTestResult executionId="7d6c6d23-c704-4a77-8920-60661cebbb0f" testId="c08753fd-4d89-fe03-b0a6-428c135d3e23" testName="GitServer_WebApi_Serialization_SerializeGitCommit" computerName="TFSBUILD11" duration="00:00:00.0048625" startTime="2015-09-28T09:43:35.5158180-07:00" endTime="2015-09-28T09:43:35.5158180-07:00" testType="13cdc9d9-ddb5-4fa4-a97d-d965ccfc6d4b" outcome="Passed" testListId="8c84fa94-04c1-424b-9868-57a2d4851a1d" relativeResultsDirectory="7d6c6d23-c704-4a77-8920-60661cebbb0f" />
    <UnitTestResult executionId="9406009f-f5d2-46d0-a5ce-c969d84bb647" testId="98eae954-7555-091f-d6b1-9539dc7f538a" testName="GitServer_WebApi_Serialization_SerializeGitCommitChanges" computerName="TFSBUILD11" duration="00:00:00.0013129" startTime="2015-09-28T09:43:35.5158180-07:00" endTime="2015-09-28T09:43:35.5158180-07:00" testType="13cdc9d9-ddb5-4fa4-a97d-d965ccfc6d4b" outcome="Passed" testListId="8c84fa94-04c1-424b-9868-57a2d4851a1d" relativeResultsDirectory="9406009f-f5d2-46d0-a5ce-c969d84bb647" />
    <UnitTestResult executionId="13eab0fd-8916-4f11-a3c7-af74372b5f11" testId="ed176858-4846-6700-3b58-1911029de074" testName="GitServer_WebApi_Serialization_SerializeGitCommitDiffs" computerName="TFSBUILD11" duration="00:00:00.0038442" startTime="2015-09-28T09:43:35.5158180-07:00" endTime="2015-09-28T09:43:35.5314435-07:00" testType="13cdc9d9-ddb5-4fa4-a97d-d965ccfc6d4b" outcome="Passed" testListId="8c84fa94-04c1-424b-9868-57a2d4851a1d" relativeResultsDirectory="13eab0fd-8916-4f11-a3c7-af74372b5f11" />
    <UnitTestResult executionId="c9d86b17-9b46-4ff7-bae7-84fa5dd933b3" testId="9599114c-665b-9878-0d6c-bfcb24e54814" testName="GitServer_WebApi_Serialization_SerializeGitCommitRef" computerName="TFSBUILD11" duration="00:00:00.0022584" startTime="2015-09-28T09:43:35.5314435-07:00" endTime="2015-09-28T09:43:35.5314435-07:00" testType="13cdc9d9-ddb5-4fa4-a97d-d965ccfc6d4b" outcome="Passed" testListId="8c84fa94-04c1-424b-9868-57a2d4851a1d" relativeResultsDirectory="c9d86b17-9b46-4ff7-bae7-84fa5dd933b3" />
    <UnitTestResult executionId="316f141f-012d-4df2-85b0-3baeefbc4a33" testId="728f09db-7303-bba4-ad67-346e585fac8e" testName="GitServer_WebApi_Serialization_SerializeGitCommitToCreate" computerName="TFSBUILD11" duration="00:00:00.0018420" startTime="2015-09-28T09:43:35.5314435-07:00" endTime="2015-09-28T09:43:35.5314435-07:00" testType="13cdc9d9-ddb5-4fa4-a97d-d965ccfc6d4b" outcome="Passed" testListId="8c84fa94-04c1-424b-9868-57a2d4851a1d" relativeResultsDirectory="316f141f-012d-4df2-85b0-3baeefbc4a33" />
    <UnitTestResult executionId="d5158cbf-315c-468d-881b-b4f8fbf55f60" testId="2f3f5498-6397-e2a8-9e59-5c854c5feab5" testName="GitServer_WebApi_Serialization_SerializeGitHistoryQueryResults" computerName="TFSBUILD11" duration="00:00:00.0019123" startTime="2015-09-28T09:43:35.5314435-07:00" endTime="2015-09-28T09:43:35.5314435-07:00" testType="13cdc9d9-ddb5-4fa4-a97d-d965ccfc6d4b" outcome="Passed" testListId="8c84fa94-04c1-424b-9868-57a2d4851a1d" relativeResultsDirectory="d5158cbf-315c-468d-881b-b4f8fbf55f60" />
    <UnitTestResult executionId="b2e93194-eeb0-457c-a6ae-a40e09897d4a" testId="42d27f65-021e-1f83-ef4c-a80ef4ea363e" testName="GitServer_WebApi_Serialization_SerializeGitItem" computerName="TFSBUILD11" duration="00:00:00.0035930" startTime="2015-09-28T09:43:35.5314435-07:00" endTime="2015-09-28T09:43:35.5314435-07:00" testType="13cdc9d9-ddb5-4fa4-a97d-d965ccfc6d4b" outcome="Passed" testListId="8c84fa94-04c1-424b-9868-57a2d4851a1d" relativeResultsDirectory="b2e93194-eeb0-457c-a6ae-a40e09897d4a" />
    <UnitTestResult executionId="774bb3de-ea35-4f0b-89a1-da7793a76d3e" testId="5503e7bb-0ace-3fff-07ff-327b9c0c38a6" testName="GitServer_WebApi_Serialization_SerializeGitItemDescriptor" computerName="TFSBUILD11" duration="00:00:00.0023608" startTime="2015-09-28T09:43:35.5314435-07:00" endTime="2015-09-28T09:43:35.5470702-07:00" testType="13cdc9d9-ddb5-4fa4-a97d-d965ccfc6d4b" outcome="Passed" testListId="8c84fa94-04c1-424b-9868-57a2d4851a1d" relativeResultsDirectory="774bb3de-ea35-4f0b-89a1-da7793a76d3e" />
    <UnitTestResult executionId="49fd8768-b4c2-488b-ac22-23efa548c454" testId="c56dcc51-f35b-60f8-1501-f04965600adc" testName="GitServer_WebApi_Serialization_SerializeGitItemRequestData" computerName="TFSBUILD11" duration="00:00:00.0013021" startTime="2015-09-28T09:43:35.5470702-07:00" endTime="2015-09-28T09:43:35.5470702-07:00" testType="13cdc9d9-ddb5-4fa4-a97d-d965ccfc6d4b" outcome="Passed" testListId="8c84fa94-04c1-424b-9868-57a2d4851a1d" relativeResultsDirectory="49fd8768-b4c2-488b-ac22-23efa548c454" />
    <UnitTestResult executionId="ec48a4bf-1213-45b3-855b-62296fdefdc2" testId="f3009cde-2aff-e6cc-0a61-d6b7f1440910" testName="GitServer_WebApi_Serialization_SerializeGitItemsCollection" computerName="TFSBUILD11" duration="00:00:00.0013257" startTime="2015-09-28T09:43:35.5470702-07:00" endTime="2015-09-28T09:43:35.5470702-07:00" testType="13cdc9d9-ddb5-4fa4-a97d-d965ccfc6d4b" outcome="Passed" testListId="8c84fa94-04c1-424b-9868-57a2d4851a1d" relativeResultsDirectory="ec48a4bf-1213-45b3-855b-62296fdefdc2" />
    <UnitTestResult executionId="3371a9b0-6401-4b41-8403-2a004af99f64" testId="b6813c2c-796c-1ee2-01f0-1df0578a18b1" testName="GitServer_WebApi_Serialization_SerializeGitMediaObjectMetadata" computerName="TFSBUILD11" duration="00:00:00.0013189" startTime="2015-09-28T09:43:35.5470702-07:00" endTime="2015-09-28T09:43:35.5470702-07:00" testType="13cdc9d9-ddb5-4fa4-a97d-d965ccfc6d4b" outcome="Passed" testListId="8c84fa94-04c1-424b-9868-57a2d4851a1d" relativeResultsDirectory="3371a9b0-6401-4b41-8403-2a004af99f64" />
    <UnitTestResult executionId="8c45ca8e-a5c3-466c-b66a-038d1fe43cd8" testId="f8ba6d89-8b25-bbb9-37ff-9042297fe479" testName="GitServer_WebApi_Serialization_SerializeGitObjectType" computerName="TFSBUILD11" duration="00:00:00.0015490" startTime="2015-09-28T09:43:35.5470702-07:00" endTime="2015-09-28T09:43:35.5470702-07:00" testType="13cdc9d9-ddb5-4fa4-a97d-d965ccfc6d4b" outcome="Passed" testListId="8c84fa94-04c1-424b-9868-57a2d4851a1d" relativeResultsDirectory="8c45ca8e-a5c3-466c-b66a-038d1fe43cd8" />
    <UnitTestResult executionId="53f35c8c-71c4-4403-bde8-fe4dca8de1d2" testId="4628a66e-5914-0890-3613-043241fedf2e" testName="GitServer_WebApi_Serialization_SerializeGitPathAction" computerName="TFSBUILD11" duration="00:00:00.0011155" startTime="2015-09-28T09:43:35.5470702-07:00" endTime="2015-09-28T09:43:35.5470702-07:00" testType="13cdc9d9-ddb5-4fa4-a97d-d965ccfc6d4b" outcome="Passed" testListId="8c84fa94-04c1-424b-9868-57a2d4851a1d" relativeResultsDirectory="53f35c8c-71c4-4403-bde8-fe4dca8de1d2" />
    <UnitTestResult executionId="22baced3-bc90-428e-800e-658824239f6c" testId="62939b6f-5d64-1be1-32f9-e89a05fbaf85" testName="GitServer_WebApi_Serialization_SerializeGitPullRequestSearchCriteria" computerName="TFSBUILD11" duration="00:00:00.0033171" startTime="2015-09-28T09:43:35.5470702-07:00" endTime="2015-09-28T09:43:35.5470702-07:00" testType="13cdc9d9-ddb5-4fa4-a97d-d965ccfc6d4b" outcome="Passed" testListId="8c84fa94-04c1-424b-9868-57a2d4851a1d" relativeResultsDirectory="22baced3-bc90-428e-800e-658824239f6c" />
    <UnitTestResult executionId="29b92906-f9e3-45ce-a53e-5e83798eaeec" testId="3400d04d-dd38-9388-37b0-86c0c74f3c11" testName="GitServer_WebApi_Serialization_SerializeGitPush" computerName="TFSBUILD11" duration="00:00:00.0060009" startTime="2015-09-28T09:43:35.5470702-07:00" endTime="2015-09-28T09:43:35.5626963-07:00" testType="13cdc9d9-ddb5-4fa4-a97d-d965ccfc6d4b" outcome="Passed" testListId="8c84fa94-04c1-424b-9868-57a2d4851a1d" relativeResultsDirectory="29b92906-f9e3-45ce-a53e-5e83798eaeec" />
    <UnitTestResult executionId="ce776f27-4de9-4eed-acc7-954658835cf4" testId="1ac80c6e-cd24-723d-1cfa-2ebe90f25c3d" testName="GitServer_WebApi_Serialization_SerializeGitPushEventData" computerName="TFSBUILD11" duration="00:00:00.0015032" startTime="2015-09-28T09:43:35.5626963-07:00" endTime="2015-09-28T09:43:35.5626963-07:00" testType="13cdc9d9-ddb5-4fa4-a97d-d965ccfc6d4b" outcome="Passed" testListId="8c84fa94-04c1-424b-9868-57a2d4851a1d" relativeResultsDirectory="ce776f27-4de9-4eed-acc7-954658835cf4" />
    <UnitTestResult executionId="0ed1b933-2967-4788-b06b-5437c636e9ba" testId="15436299-80bf-1cce-9d7c-198bcb92cdfd" testName="GitServer_WebApi_Serialization_SerializeGitPushRef" computerName="TFSBUILD11" duration="00:00:00.0018730" startTime="2015-09-28T09:43:35.5626963-07:00" endTime="2015-09-28T09:43:35.5626963-07:00" testType="13cdc9d9-ddb5-4fa4-a97d-d965ccfc6d4b" outcome="Passed" testListId="8c84fa94-04c1-424b-9868-57a2d4851a1d" relativeResultsDirectory="0ed1b933-2967-4788-b06b-5437c636e9ba" />
    <UnitTestResult executionId="9174d288-b955-4e16-a241-22a393167ab8" testId="b86f017c-cf3c-2831-91a3-e44ce1d67a79" testName="GitServer_WebApi_Serialization_SerializeGitPushSearchCriteria" computerName="TFSBUILD11" duration="00:00:00.0021498" startTime="2015-09-28T09:43:35.5626963-07:00" endTime="2015-09-28T09:43:35.5626963-07:00" testType="13cdc9d9-ddb5-4fa4-a97d-d965ccfc6d4b" outcome="Passed" testListId="8c84fa94-04c1-424b-9868-57a2d4851a1d" relativeResultsDirectory="9174d288-b955-4e16-a241-22a393167ab8" />
    <UnitTestResult executionId="e93a8ab4-0c48-41c7-aa4b-2043a5f752f4" testId="3a6610d8-bd34-b131-744e-ae34f3b2bdea" testName="GitServer_WebApi_Serialization_SerializeGitQueryCommitsCriteria" computerName="TFSBUILD11" duration="00:00:00.0035541" startTime="2015-09-28T09:43:35.5626963-07:00" endTime="2015-09-28T09:43:35.5626963-07:00" testType="13cdc9d9-ddb5-4fa4-a97d-d965ccfc6d4b" outcome="Passed" testListId="8c84fa94-04c1-424b-9868-57a2d4851a1d" relativeResultsDirectory="e93a8ab4-0c48-41c7-aa4b-2043a5f752f4" />
    <UnitTestResult executionId="eaede649-13ec-4621-9d29-12b7f036935f" testId="a627d876-c3c8-4b41-e77d-02bbd42041aa" testName="GitServer_WebApi_Serialization_SerializeGitRef" computerName="TFSBUILD11" duration="00:00:00.0020147" startTime="2015-09-28T09:43:35.5626963-07:00" endTime="2015-09-28T09:43:35.5626963-07:00" testType="13cdc9d9-ddb5-4fa4-a97d-d965ccfc6d4b" outcome="Passed" testListId="8c84fa94-04c1-424b-9868-57a2d4851a1d" relativeResultsDirectory="eaede649-13ec-4621-9d29-12b7f036935f" />
    <UnitTestResult executionId="3ceec898-f8f4-4a9a-b054-2e2f74f3d23a" testId="2d43ae54-d503-704f-cd3b-679f6f2fa8f6" testName="GitServer_WebApi_Serialization_SerializeGitRefsCollection" computerName="TFSBUILD11" duration="00:00:00.0011116" startTime="2015-09-28T09:43:35.5626963-07:00" endTime="2015-09-28T09:43:35.5626963-07:00" testType="13cdc9d9-ddb5-4fa4-a97d-d965ccfc6d4b" outcome="Passed" testListId="8c84fa94-04c1-424b-9868-57a2d4851a1d" relativeResultsDirectory="3ceec898-f8f4-4a9a-b054-2e2f74f3d23a" />
    <UnitTestResult executionId="0f2ce039-50d5-438c-a0fe-4c2a03208dd8" testId="9be509b2-efd8-8210-cf24-21e1f8493f0c" testName="GitServer_WebApi_Serialization_SerializeGitRefUpdate" computerName="TFSBUILD11" duration="00:00:00.0009352" startTime="2015-09-28T09:43:35.5626963-07:00" endTime="2015-09-28T09:43:35.5783227-07:00" testType="13cdc9d9-ddb5-4fa4-a97d-d965ccfc6d4b" outcome="Passed" testListId="8c84fa94-04c1-424b-9868-57a2d4851a1d" relativeResultsDirectory="0f2ce039-50d5-438c-a0fe-4c2a03208dd8" />
    <UnitTestResult executionId="836057a0-3a66-4690-a3a1-2ea2434292ea" testId="49403d3e-10bf-00ae-619a-66a3fd7b85b7" testName="GitServer_WebApi_Serialization_SerializeGitRefUpdateMode" computerName="TFSBUILD11" duration="00:00:00.0018249" startTime="2015-09-28T09:43:35.5783227-07:00" endTime="2015-09-28T09:43:35.5783227-07:00" testType="13cdc9d9-ddb5-4fa4-a97d-d965ccfc6d4b" outcome="Passed" testListId="8c84fa94-04c1-424b-9868-57a2d4851a1d" relativeResultsDirectory="836057a0-3a66-4690-a3a1-2ea2434292ea" />
    <UnitTestResult executionId="6104ae61-389d-4b98-9069-eae4d61f531f" testId="a98a1147-cc64-c839-f75c-946f777de236" testName="GitServer_WebApi_Serialization_SerializeGitRefUpdateResult" computerName="TFSBUILD11" duration="00:00:00.0017126" startTime="2015-09-28T09:43:35.5783227-07:00" endTime="2015-09-28T09:43:35.5783227-07:00" testType="13cdc9d9-ddb5-4fa4-a97d-d965ccfc6d4b" outcome="Passed" testListId="8c84fa94-04c1-424b-9868-57a2d4851a1d" relativeResultsDirectory="6104ae61-389d-4b98-9069-eae4d61f531f" />
    <UnitTestResult executionId="236d629a-5666-47a1-9b56-8d2894ebad20" testId="ae88e2ad-fb0a-0d91-b70c-2b505d7accee" testName="GitServer_WebApi_Serialization_SerializeGitRepositoriesCollection" computerName="TFSBUILD11" duration="00:00:00.0018281" startTime="2015-09-28T09:43:35.5783227-07:00" endTime="2015-09-28T09:43:35.5783227-07:00" testType="13cdc9d9-ddb5-4fa4-a97d-d965ccfc6d4b" outcome="Passed" testListId="8c84fa94-04c1-424b-9868-57a2d4851a1d" relativeResultsDirectory="236d629a-5666-47a1-9b56-8d2894ebad20" />
    <UnitTestResult executionId="8d32d753-1ba9-4644-968b-7c3211980589" testId="6d627144-d0c7-f26f-4314-47b740f2fe11" testName="GitServer_WebApi_Serialization_SerializeGitRepository" computerName="TFSBUILD11" duration="00:00:00.0031041" startTime="2015-09-28T09:43:35.5783227-07:00" endTime="2015-09-28T09:43:35.5783227-07:00" testType="13cdc9d9-ddb5-4fa4-a97d-d965ccfc6d4b" outcome="Passed" testListId="8c84fa94-04c1-424b-9868-57a2d4851a1d" relativeResultsDirectory="8d32d753-1ba9-4644-968b-7c3211980589" />
    <UnitTestResult executionId="0430b8ff-4a71-44e6-8420-d0d3f6fcf3da" testId="bfddc10e-f500-3bcb-aee8-90f923abb00d" testName="GitServer_WebApi_Serialization_SerializeGitTreeEntryRef" computerName="TFSBUILD11" duration="00:00:00.0012677" startTime="2015-09-28T09:43:35.5783227-07:00" endTime="2015-09-28T09:43:35.5783227-07:00" testType="13cdc9d9-ddb5-4fa4-a97d-d965ccfc6d4b" outcome="Passed" testListId="8c84fa94-04c1-424b-9868-57a2d4851a1d" relativeResultsDirectory="0430b8ff-4a71-44e6-8420-d0d3f6fcf3da" />
    <UnitTestResult executionId="da3507a2-3798-4a4d-bfdd-5c2e663b0fb9" testId="dee8f964-6043-d210-064e-19193fa92c3a" testName="GitServer_WebApi_Serialization_SerializeGitTreeRef" computerName="TFSBUILD11" duration="00:00:00.0017143" startTime="2015-09-28T09:43:35.5783227-07:00" endTime="2015-09-28T09:43:35.5783227-07:00" testType="13cdc9d9-ddb5-4fa4-a97d-d965ccfc6d4b" outcome="Passed" testListId="8c84fa94-04c1-424b-9868-57a2d4851a1d" relativeResultsDirectory="da3507a2-3798-4a4d-bfdd-5c2e663b0fb9" />
    <UnitTestResult executionId="b8a6b96e-e946-44a1-a1e3-89099257ae31" testId="27976c9d-cbb9-b7a2-4ab6-87d243656bee" testName="GitServer_WebApi_Serialization_SerializeGitUserDate" computerName="TFSBUILD11" duration="00:00:00.0008422" startTime="2015-09-28T09:43:35.5783227-07:00" endTime="2015-09-28T09:43:35.5783227-07:00" testType="13cdc9d9-ddb5-4fa4-a97d-d965ccfc6d4b" outcome="Passed" testListId="8c84fa94-04c1-424b-9868-57a2d4851a1d" relativeResultsDirectory="b8a6b96e-e946-44a1-a1e3-89099257ae31" />
    <UnitTestResult executionId="38ae5961-eb63-4d05-aac9-001b280cddeb" testId="dd1a29a8-e18c-a641-28f5-7a9d70580f18" testName="GitServer_WebApi_Serialization_SerializeGitVersionDescriptor" computerName="TFSBUILD11" duration="00:00:00.0012276" startTime="2015-09-28T09:43:35.5783227-07:00" endTime="2015-09-28T09:43:35.5939485-07:00" testType="13cdc9d9-ddb5-4fa4-a97d-d965ccfc6d4b" outcome="Passed" testListId="8c84fa94-04c1-424b-9868-57a2d4851a1d" relativeResultsDirectory="38ae5961-eb63-4d05-aac9-001b280cddeb" />
    <UnitTestResult executionId="c007218e-af6b-4f78-a981-242db382cb97" testId="659547f6-a447-4339-98f5-288287eddf85" testName="GitServer_WebApi_Serialization_SerializeGitVersionType" computerName="TFSBUILD11" duration="00:00:00.0014347" startTime="2015-09-28T09:43:35.5939485-07:00" endTime="2015-09-28T09:43:35.5939485-07:00" testType="13cdc9d9-ddb5-4fa4-a97d-d965ccfc6d4b" outcome="Passed" testListId="8c84fa94-04c1-424b-9868-57a2d4851a1d" relativeResultsDirectory="c007218e-af6b-4f78-a981-242db382cb97" />
    <UnitTestResult executionId="598c01bf-2890-41d2-9a2b-01e69456cadb" testId="c0598e0d-b7d9-2abc-a3a6-10b7b0c9e928" testName="GitServer_WebApi_Serialization_SerializeGitVersionOptions" computerName="TFSBUILD11" duration="00:00:00.0016381" startTime="2015-09-28T09:43:35.5939485-07:00" endTime="2015-09-28T09:43:35.5939485-07:00" testType="13cdc9d9-ddb5-4fa4-a97d-d965ccfc6d4b" outcome="Passed" testListId="8c84fa94-04c1-424b-9868-57a2d4851a1d" relativeResultsDirectory="598c01bf-2890-41d2-9a2b-01e69456cadb" />
    <UnitTestResult executionId="2841e9f6-d0bd-4429-b9f6-e3ffcc2dee67" testId="cd122469-617d-160c-99c5-f84ce9600491" testName="GitServer_WebApi_Serialization_SerializeIdentityRefWithVote" computerName="TFSBUILD11" duration="00:00:00.0022229" startTime="2015-09-28T09:43:35.5939485-07:00" endTime="2015-09-28T09:43:35.5939485-07:00" testType="13cdc9d9-ddb5-4fa4-a97d-d965ccfc6d4b" outcome="Passed" testListId="8c84fa94-04c1-424b-9868-57a2d4851a1d" relativeResultsDirectory="2841e9f6-d0bd-4429-b9f6-e3ffcc2dee67" />
    <UnitTestResult executionId="581beea6-a8dc-4778-9ad3-fad7c0449a16" testId="a112902b-12e2-925d-31ee-6ef75d0d9de0" testName="GitServer_WebApi_Serialization_SerializeSha1Id" computerName="TFSBUILD11" duration="00:00:00.0020104" startTime="2015-09-28T09:43:35.5939485-07:00" endTime="2015-09-28T09:43:35.5939485-07:00" testType="13cdc9d9-ddb5-4fa4-a97d-d965ccfc6d4b" outcome="Passed" testListId="8c84fa94-04c1-424b-9868-57a2d4851a1d" relativeResultsDirectory="581beea6-a8dc-4778-9ad3-fad7c0449a16" />
    <UnitTestResult executionId="9fec4b6a-756c-4301-89a2-f3c91eea7ea6" testId="049fa344-4b2c-117d-a604-2f8c0d919d4e" testName="GitServer_WebApi_Serialization_SerializeTfsGitRefUpdateStatus" computerName="TFSBUILD11" duration="00:00:00.0013903" startTime="2015-09-28T09:43:35.5939485-07:00" endTime="2015-09-28T09:43:35.5939485-07:00" testType="13cdc9d9-ddb5-4fa4-a97d-d965ccfc6d4b" outcome="Passed" testListId="8c84fa94-04c1-424b-9868-57a2d4851a1d" relativeResultsDirectory="9fec4b6a-756c-4301-89a2-f3c91eea7ea6" />
    <UnitTestResult executionId="1d045d73-dfa7-446b-90d8-20e19e07201e" testId="e2ea4208-2cfb-8c94-b7ac-a849a5d3b046" testName="GitServer_Kpi_GitFileExtensionMetrics_IncludeMetadataChanges" computerName="TFSBUILD11" duration="00:00:00.0037757" startTime="2015-09-28T09:43:35.5939485-07:00" endTime="2015-09-28T09:43:35.5939485-07:00" testType="13cdc9d9-ddb5-4fa4-a97d-d965ccfc6d4b" outcome="Passed" testListId="8c84fa94-04c1-424b-9868-57a2d4851a1d" relativeResultsDirectory="1d045d73-dfa7-446b-90d8-20e19e07201e" />
    <UnitTestResult executionId="879eaf66-75cd-4b99-a48e-bd853cccfbaf" testId="6a7a64d0-9d37-5a95-76c0-2abbc232236d" testName="GitServer_Kpi_GitFileExtensionMetrics_IncludeMetadataChanges_Null" computerName="TFSBUILD11" duration="00:00:00.0004235" startTime="2015-09-28T09:43:35.5939485-07:00" endTime="2015-09-28T09:43:35.5939485-07:00" testType="13cdc9d9-ddb5-4fa4-a97d-d965ccfc6d4b" outcome="Passed" testListId="8c84fa94-04c1-424b-9868-57a2d4851a1d" relativeResultsDirectory="879eaf66-75cd-4b99-a48e-bd853cccfbaf" />
    <UnitTestResult executionId="5fc03743-86be-4c48-97a7-1480648526ba" testId="7bf63209-3b43-2432-9ab4-adc8988b9425" testName="GitServer_Kpi_GitFileExtensionMetrics_IncludeMetadataChanges_NullChanges" computerName="TFSBUILD11" duration="00:00:00.0002053" startTime="2015-09-28T09:43:35.5939485-07:00" endTime="2015-09-28T09:43:35.5939485-07:00" testType="13cdc9d9-ddb5-4fa4-a97d-d965ccfc6d4b" outcome="Passed" testListId="8c84fa94-04c1-424b-9868-57a2d4851a1d" relativeResultsDirectory="5fc03743-86be-4c48-97a7-1480648526ba" />
    <UnitTestResult executionId="d95fd536-4f78-4557-9ba6-cd1eaea7585f" testId="4e92400b-aa4e-3d63-514b-367582dd6ecc" testName="GitServer_Kpi_GitFileExtensionMetrics_IncludeMetadataChanges_EmptyChanges" computerName="TFSBUILD11" duration="00:00:00.0002099" startTime="2015-09-28T09:43:35.5939485-07:00" endTime="2015-09-28T09:43:35.6095746-07:00" testType="13cdc9d9-ddb5-4fa4-a97d-d965ccfc6d4b" outcome="Passed" testListId="8c84fa94-04c1-424b-9868-57a2d4851a1d" relativeResultsDirectory="d95fd536-4f78-4557-9ba6-cd1eaea7585f" />
    <UnitTestResult executionId="72b747bf-cf2e-4b04-b864-ce957cc8ab48" testId="c3c6a14a-0de0-5a3b-8fa3-6029361ac461" testName="GitServer_Kpi_GitFileExtensionMetrics_IncludeMetadataChanges_ChangeWithNullChildItem" computerName="TFSBUILD11" duration="00:00:00.0004255" startTime="2015-09-28T09:43:35.6095746-07:00" endTime="2015-09-28T09:43:35.6095746-07:00" testType="13cdc9d9-ddb5-4fa4-a97d-d965ccfc6d4b" outcome="Passed" testListId="8c84fa94-04c1-424b-9868-57a2d4851a1d" relativeResultsDirectory="72b747bf-cf2e-4b04-b864-ce957cc8ab48" />
    <UnitTestResult executionId="76bc81fc-e125-45a4-884a-ed3d809bb589" testId="32634c3f-41f8-3e4e-0fd9-ff74eb024f23" testName="GitServer_Kpi_GitFileExtensionMetrics_IncludeMetadataChanges_ChangeWithNonBlobObjectType" computerName="TFSBUILD11" duration="00:00:00.0005802" startTime="2015-09-28T09:43:35.6095746-07:00" endTime="2015-09-28T09:43:35.6095746-07:00" testType="13cdc9d9-ddb5-4fa4-a97d-d965ccfc6d4b" outcome="Passed" testListId="8c84fa94-04c1-424b-9868-57a2d4851a1d" relativeResultsDirectory="76bc81fc-e125-45a4-884a-ed3d809bb589" />
    <UnitTestResult executionId="dccf71f1-b31e-4c02-b741-854d3e060df9" testId="c4bcd4dc-0ba3-128d-ed2e-79d8e2782710" testName="GitServer_Kpi_GitFileExtensionMetrics_IncludeMetadataChanges_ChangeWithCombinedDelete" computerName="TFSBUILD11" duration="00:00:00.0004243" startTime="2015-09-28T09:43:35.6095746-07:00" endTime="2015-09-28T09:43:35.6095746-07:00" testType="13cdc9d9-ddb5-4fa4-a97d-d965ccfc6d4b" outcome="Passed" testListId="8c84fa94-04c1-424b-9868-57a2d4851a1d" relativeResultsDirectory="dccf71f1-b31e-4c02-b741-854d3e060df9" />
    <UnitTestResult executionId="bb84f7c3-8939-4594-a7a2-61807092e99b" testId="4529f12c-09e4-d441-bc15-9afd76dff14e" testName="GitServer_Kpi_GitFileExtensionMetrics_IncludeMetadataChanges_ChangeWithDelete" computerName="TFSBUILD11" duration="00:00:00.0004195" startTime="2015-09-28T09:43:35.6095746-07:00" endTime="2015-09-28T09:43:35.6095746-07:00" testType="13cdc9d9-ddb5-4fa4-a97d-d965ccfc6d4b" outcome="Passed" testListId="8c84fa94-04c1-424b-9868-57a2d4851a1d" relativeResultsDirectory="bb84f7c3-8939-4594-a7a2-61807092e99b" />
    <UnitTestResult executionId="2ff2cb34-6583-4623-932c-7ed209b3ccec" testId="71ea336c-ae79-506a-0dfc-6ddb53aefa98" testName="GitServer_Kpi_GitFileExtensionMetrics_IncludeMetadataChanges_PipeInPath" computerName="TFSBUILD11" duration="00:00:00.0005284" startTime="2015-09-28T09:43:35.6095746-07:00" endTime="2015-09-28T09:43:35.6095746-07:00" testType="13cdc9d9-ddb5-4fa4-a97d-d965ccfc6d4b" outcome="Passed" testListId="8c84fa94-04c1-424b-9868-57a2d4851a1d" relativeResultsDirectory="2ff2cb34-6583-4623-932c-7ed209b3ccec" />
    <UnitTestResult executionId="382e9d2f-fada-464e-815c-83be03a4867f" testId="d2a79e99-8a53-cfc6-a122-42ed9a7f158b" testName="GitServer_Kpi_GitFileExtensionMetrics_IncludeMetadataChanges_ColonInFileExtension" computerName="TFSBUILD11" duration="00:00:00.0004289" startTime="2015-09-28T09:43:35.6095746-07:00" endTime="2015-09-28T09:43:35.6095746-07:00" testType="13cdc9d9-ddb5-4fa4-a97d-d965ccfc6d4b" outcome="Passed" testListId="8c84fa94-04c1-424b-9868-57a2d4851a1d" relativeResultsDirectory="382e9d2f-fada-464e-815c-83be03a4867f" />
    <UnitTestResult executionId="24896511-a63d-469f-bf7c-2eb86fdf80ce" testId="dc3b29fa-4dcf-cbb8-99f3-8c9d7c0d320f" testName="GitServer_Kpi_GitFileExtensionMetrics_IncludeMetadataChanges_EmptyExtension" computerName="TFSBUILD11" duration="00:00:00.0004167" startTime="2015-09-28T09:43:35.6095746-07:00" endTime="2015-09-28T09:43:35.6095746-07:00" testType="13cdc9d9-ddb5-4fa4-a97d-d965ccfc6d4b" outcome="Passed" testListId="8c84fa94-04c1-424b-9868-57a2d4851a1d" relativeResultsDirectory="24896511-a63d-469f-bf7c-2eb86fdf80ce" />
    <UnitTestResult executionId="e6c246eb-f236-4489-a7d7-683761745653" testId="2e96ccc1-1f8a-2fe6-8891-b698f3db5474" testName="GitServer_Adler32_HashSizeIs32" computerName="TFSBUILD11" duration="00:00:00.0000924" startTime="2015-09-28T09:43:35.6095746-07:00" endTime="2015-09-28T09:43:35.6095746-07:00" testType="13cdc9d9-ddb5-4fa4-a97d-d965ccfc6d4b" outcome="Passed" testListId="8c84fa94-04c1-424b-9868-57a2d4851a1d" relativeResultsDirectory="e6c246eb-f236-4489-a7d7-683761745653" />
    <UnitTestResult executionId="c0f853db-ddf8-476e-9495-8bd105d60d37" testId="69b1e100-3be4-dce8-3c2d-34ac0e7348a3" testName="GitServer_Adler32_Empty" computerName="TFSBUILD11" duration="00:00:00.0025437" startTime="2015-09-28T09:43:35.6095746-07:00" endTime="2015-09-28T09:43:35.6095746-07:00" testType="13cdc9d9-ddb5-4fa4-a97d-d965ccfc6d4b" outcome="Passed" testListId="8c84fa94-04c1-424b-9868-57a2d4851a1d" relativeResultsDirectory="c0f853db-ddf8-476e-9495-8bd105d60d37" />
    <UnitTestResult executionId="9cea1b6d-cee7-4b9f-a870-221d9f601ed3" testId="515cd737-9f0b-f0f4-7f96-331c3dc80067" testName="GitServer_Adler32_1_0" computerName="TFSBUILD11" duration="00:00:00.0000531" startTime="2015-09-28T09:43:35.6095746-07:00" endTime="2015-09-28T09:43:35.6095746-07:00" testType="13cdc9d9-ddb5-4fa4-a97d-d965ccfc6d4b" outcome="Passed" testListId="8c84fa94-04c1-424b-9868-57a2d4851a1d" relativeResultsDirectory="9cea1b6d-cee7-4b9f-a870-221d9f601ed3" />
    <UnitTestResult executionId="ededd172-d334-4405-a16f-d25de4d2d20b" testId="d3515f2e-31dc-1151-f4c2-20ce1d6962e0" testName="GitServer_Adler32_100_0" computerName="TFSBUILD11" duration="00:00:00.0001018" startTime="2015-09-28T09:43:35.6095746-07:00" endTime="2015-09-28T09:43:35.6095746-07:00" testType="13cdc9d9-ddb5-4fa4-a97d-d965ccfc6d4b" outcome="Passed" testListId="8c84fa94-04c1-424b-9868-57a2d4851a1d" relativeResultsDirectory="ededd172-d334-4405-a16f-d25de4d2d20b" />
    <UnitTestResult executionId="f90db28a-bafa-4d3f-8ce9-89ee7cff3f93" testId="6bf0d36e-258f-9a3c-25f7-b9eeabf1c1a8" testName="GitServer_Adler32_1000000_0" computerName="TFSBUILD11" duration="00:00:00.0114582" startTime="2015-09-28T09:43:35.6095746-07:00" endTime="2015-09-28T09:43:35.6252010-07:00" testType="13cdc9d9-ddb5-4fa4-a97d-d965ccfc6d4b" outcome="Passed" testListId="8c84fa94-04c1-424b-9868-57a2d4851a1d" relativeResultsDirectory="f90db28a-bafa-4d3f-8ce9-89ee7cff3f93" />
    <UnitTestResult executionId="20d8773d-a1a8-476b-ae3d-dcdfbf46c61d" testId="dd0a189f-56a6-00ff-ea1a-33e7df2b3c00" testName="GitServer_Adler32_1_255" computerName="TFSBUILD11" duration="00:00:00.0002659" startTime="2015-09-28T09:43:35.6252010-07:00" endTime="2015-09-28T09:43:35.6252010-07:00" testType="13cdc9d9-ddb5-4fa4-a97d-d965ccfc6d4b" outcome="Passed" testListId="8c84fa94-04c1-424b-9868-57a2d4851a1d" relativeResultsDirectory="20d8773d-a1a8-476b-ae3d-dcdfbf46c61d" />
    <UnitTestResult executionId="c7c291be-008a-43d3-a806-16fbf10388ee" testId="37a6fd40-f124-b268-8d9e-dec9bf81c391" testName="GitServer_Adler32_100_255" computerName="TFSBUILD11" duration="00:00:00.0001527" startTime="2015-09-28T09:43:35.6252010-07:00" endTime="2015-09-28T09:43:35.6252010-07:00" testType="13cdc9d9-ddb5-4fa4-a97d-d965ccfc6d4b" outcome="Passed" testListId="8c84fa94-04c1-424b-9868-57a2d4851a1d" relativeResultsDirectory="c7c291be-008a-43d3-a806-16fbf10388ee" />
    <UnitTestResult executionId="4789d1df-19c4-49ce-8159-bf057fc5b0a8" testId="3b4c9ae4-60d8-150f-62e4-9ee36d655e97" testName="GitServer_Adler32_1000000_255" computerName="TFSBUILD11" duration="00:00:00.0134422" startTime="2015-09-28T09:43:35.6252010-07:00" endTime="2015-09-28T09:43:35.6408271-07:00" testType="13cdc9d9-ddb5-4fa4-a97d-d965ccfc6d4b" outcome="Passed" testListId="8c84fa94-04c1-424b-9868-57a2d4851a1d" relativeResultsDirectory="4789d1df-19c4-49ce-8159-bf057fc5b0a8" />
    <UnitTestResult executionId="d332f5dc-defb-45bc-b29b-d6938a221bd9" testId="d14eb709-1a65-9105-9782-a5e568e95ca3" testName="GitServer_Adler32_ModInterval" computerName="TFSBUILD11" duration="00:00:00.0017129" startTime="2015-09-28T09:43:35.6408271-07:00" endTime="2015-09-28T09:43:35.6408271-07:00" testType="13cdc9d9-ddb5-4fa4-a97d-d965ccfc6d4b" outcome="Passed" testListId="8c84fa94-04c1-424b-9868-57a2d4851a1d" relativeResultsDirectory="d332f5dc-defb-45bc-b29b-d6938a221bd9" />
    <UnitTestResult executionId="830d8ead-2616-43f3-a21a-a5fa9f32b966" testId="d832352c-f4d0-ade0-94d1-e2f799840b64" testName="GitServer_Adler32_Random_Random" computerName="TFSBUILD11" duration="00:00:00.0119876" startTime="2015-09-28T09:43:35.6408271-07:00" endTime="2015-09-28T09:43:35.6564527-07:00" testType="13cdc9d9-ddb5-4fa4-a97d-d965ccfc6d4b" outcome="Passed" testListId="8c84fa94-04c1-424b-9868-57a2d4851a1d" relativeResultsDirectory="830d8ead-2616-43f3-a21a-a5fa9f32b966" />
    <UnitTestResult executionId="82886147-9f78-4c37-b931-9975a5dd72f5" testId="1e3e796d-f876-7a10-8815-7df094481ee8" testName="GitServer_Adler32_TransformBlock_2RandomSegments" computerName="TFSBUILD11" duration="00:00:00.0018483" startTime="2015-09-28T09:43:35.6564527-07:00" endTime="2015-09-28T09:43:35.6564527-07:00" testType="13cdc9d9-ddb5-4fa4-a97d-d965ccfc6d4b" outcome="Passed" testListId="8c84fa94-04c1-424b-9868-57a2d4851a1d" relativeResultsDirectory="82886147-9f78-4c37-b931-9975a5dd72f5" />
    <UnitTestResult executionId="4b072a44-d6f3-4a38-9ec1-f849d2799012" testId="7f05a4b9-1a37-9f74-1109-8651296fb42d" testName="GitServer_Adler32_TransformBlock_RandomSegmentFollowedByEmpty" computerName="TFSBUILD11" duration="00:00:00.0024100" startTime="2015-09-28T09:43:35.6564527-07:00" endTime="2015-09-28T09:43:35.6564527-07:00" testType="13cdc9d9-ddb5-4fa4-a97d-d965ccfc6d4b" outcome="Passed" testListId="8c84fa94-04c1-424b-9868-57a2d4851a1d" relativeResultsDirectory="4b072a44-d6f3-4a38-9ec1-f849d2799012" />
    <UnitTestResult executionId="fbe40022-dd52-4692-93e0-51db85e9ec1c" testId="88e1fa94-c2b3-6fb5-0dff-83f46c537bf7" testName="GitServer_Adler32_TransformBlock_RandomSequenceOfRandomSegments" computerName="TFSBUILD11" duration="00:00:00.0103992" startTime="2015-09-28T09:43:35.6564527-07:00" endTime="2015-09-28T09:43:35.6720796-07:00" testType="13cdc9d9-ddb5-4fa4-a97d-d965ccfc6d4b" outcome="Passed" testListId="8c84fa94-04c1-424b-9868-57a2d4851a1d" relativeResultsDirectory="fbe40022-dd52-4692-93e0-51db85e9ec1c" />
    <UnitTestResult executionId="ba06c2f0-e177-4617-a882-39f67cda84b5" testId="9d8da39f-940f-97d3-ddcd-949bff0f5c99" testName="GitServer_BlobProviderChunkingWriterStream_WritingZeroOffsetCheckPosition" computerName="TFSBUILD11" duration="00:00:00.0337930" startTime="2015-09-28T09:43:35.6720796-07:00" endTime="2015-09-28T09:43:35.7033310-07:00" testType="13cdc9d9-ddb5-4fa4-a97d-d965ccfc6d4b" outcome="Passed" testListId="8c84fa94-04c1-424b-9868-57a2d4851a1d" relativeResultsDirectory="ba06c2f0-e177-4617-a882-39f67cda84b5" />
    <UnitTestResult executionId="f350eac8-c844-492c-a052-72e3323cf186" testId="837147d1-9aa7-d34a-ed88-b68a0f956822" testName="GitServer_BlobProviderChunkingWriterStream_WritingNonzeroOffsetCheckPosition" computerName="TFSBUILD11" duration="00:00:00.0025927" startTime="2015-09-28T09:43:35.7033310-07:00" endTime="2015-09-28T09:43:35.7033310-07:00" testType="13cdc9d9-ddb5-4fa4-a97d-d965ccfc6d4b" outcome="Passed" testListId="8c84fa94-04c1-424b-9868-57a2d4851a1d" relativeResultsDirectory="f350eac8-c844-492c-a052-72e3323cf186" />
    <UnitTestResult executionId="669e0138-3be9-411d-aae7-7987369fba32" testId="dcb28cf1-cd78-6bc3-773a-f90684380ae0" testName="GitServer_BufferStream_TestSmallSize" computerName="TFSBUILD11" duration="00:00:00.0031795" startTime="2015-09-28T09:43:35.7033310-07:00" endTime="2015-09-28T09:43:35.7189574-07:00" testType="13cdc9d9-ddb5-4fa4-a97d-d965ccfc6d4b" outcome="Passed" testListId="8c84fa94-04c1-424b-9868-57a2d4851a1d" relativeResultsDirectory="669e0138-3be9-411d-aae7-7987369fba32" />
    <UnitTestResult executionId="86a4ace5-9b86-4219-80cf-bbe2ce55ad95" testId="5f928055-c58d-5a4a-8f86-bc2a43d9c2ce" testName="GitServer_BufferStream_TestMediumSize" computerName="TFSBUILD11" duration="00:00:00.0389247" startTime="2015-09-28T09:43:35.7189574-07:00" endTime="2015-09-28T09:43:35.7502102-07:00" testType="13cdc9d9-ddb5-4fa4-a97d-d965ccfc6d4b" outcome="Passed" testListId="8c84fa94-04c1-424b-9868-57a2d4851a1d" relativeResultsDirectory="86a4ace5-9b86-4219-80cf-bbe2ce55ad95" />
    <UnitTestResult executionId="554e42e6-5a2d-455e-bac4-f3146d90df5a" testId="b80ffacf-7321-1f4e-3da2-ae82647598f1" testName="GitServer_BufferStream_TestLargeSize" computerName="TFSBUILD11" duration="00:00:00.2188056" startTime="2015-09-28T09:43:35.7502102-07:00" endTime="2015-09-28T09:43:35.9689746-07:00" testType="13cdc9d9-ddb5-4fa4-a97d-d965ccfc6d4b" outcome="Passed" testListId="8c84fa94-04c1-424b-9868-57a2d4851a1d" relativeResultsDirectory="554e42e6-5a2d-455e-bac4-f3146d90df5a" />
    <UnitTestResult executionId="3b93eaf2-3adf-47dc-894f-0c86abe44b70" testId="6499b013-3a87-9f9d-6582-54b3ea8c5534" testName="GitServer_CircularBufferLog_WriteTest" computerName="TFSBUILD11" duration="00:00:00.0014748" startTime="2015-09-28T09:43:35.9689746-07:00" endTime="2015-09-28T09:43:35.9846007-07:00" testType="13cdc9d9-ddb5-4fa4-a97d-d965ccfc6d4b" outcome="Passed" testListId="8c84fa94-04c1-424b-9868-57a2d4851a1d" relativeResultsDirectory="3b93eaf2-3adf-47dc-894f-0c86abe44b70" />
    <UnitTestResult executionId="8baacc8d-1e34-42f4-acd3-7cbe158dd756" testId="e38651e0-e449-d886-f714-7502af2d7768" testName="GitServer_CircularBufferLog_EraseTest" computerName="TFSBUILD11" duration="00:00:00.0006667" startTime="2015-09-28T09:43:35.9846007-07:00" endTime="2015-09-28T09:43:35.9846007-07:00" testType="13cdc9d9-ddb5-4fa4-a97d-d965ccfc6d4b" outcome="Passed" testListId="8c84fa94-04c1-424b-9868-57a2d4851a1d" relativeResultsDirectory="8baacc8d-1e34-42f4-acd3-7cbe158dd756" />
    <UnitTestResult executionId="08c0ad37-8dd8-472c-bec9-68446e5f6f11" testId="c1d429eb-20e2-e7ee-a52d-4393f999995a" testName="GitServer_DeltaStream_ReadTest" computerName="TFSBUILD11" duration="00:00:00.0028014" startTime="2015-09-28T09:43:35.9846007-07:00" endTime="2015-09-28T09:43:35.9846007-07:00" testType="13cdc9d9-ddb5-4fa4-a97d-d965ccfc6d4b" outcome="Passed" testListId="8c84fa94-04c1-424b-9868-57a2d4851a1d" relativeResultsDirectory="08c0ad37-8dd8-472c-bec9-68446e5f6f11" />
    <UnitTestResult executionId="79c83edb-57f1-4c85-ac23-356d810f815c" testId="c1898f3d-98d3-a936-b05b-edbb5b6f2196" testName="GitServer_FileBufferedStream_SeekCheckPosition" computerName="TFSBUILD11" duration="00:00:00.0028811" startTime="2015-09-28T09:43:35.9846007-07:00" endTime="2015-09-28T09:43:35.9846007-07:00" testType="13cdc9d9-ddb5-4fa4-a97d-d965ccfc6d4b" outcome="Passed" testListId="8c84fa94-04c1-424b-9868-57a2d4851a1d" relativeResultsDirectory="79c83edb-57f1-4c85-ac23-356d810f815c" />
    <UnitTestResult executionId="5d4c7846-2a8b-41b9-b384-f76a2ab3dc3d" testId="b59601ec-bcfd-d0ff-0377-821654d8a51a" testName="GitServer_FileBufferedStream_CheckPath" computerName="TFSBUILD11" duration="00:00:00.0025582" startTime="2015-09-28T09:43:35.9846007-07:00" endTime="2015-09-28T09:43:35.9846007-07:00" testType="13cdc9d9-ddb5-4fa4-a97d-d965ccfc6d4b" outcome="Passed" testListId="8c84fa94-04c1-424b-9868-57a2d4851a1d" relativeResultsDirectory="5d4c7846-2a8b-41b9-b384-f76a2ab3dc3d" />
    <UnitTestResult executionId="b859e016-2a99-43a9-9435-19ba463c59ba" testId="99fc7c09-f9a1-fc83-a734-6cf2986483b0" testName="GitServer_HashCheckStream_ReadHashCheck" computerName="TFSBUILD11" duration="00:00:00.0023355" startTime="2015-09-28T09:43:35.9846007-07:00" endTime="2015-09-28T09:43:35.9846007-07:00" testType="13cdc9d9-ddb5-4fa4-a97d-d965ccfc6d4b" outcome="Passed" testListId="8c84fa94-04c1-424b-9868-57a2d4851a1d" relativeResultsDirectory="b859e016-2a99-43a9-9435-19ba463c59ba" />
    <UnitTestResult executionId="1ea99906-1756-477d-bf5e-7734b485d3f0" testId="d108715d-e8b0-81ba-450a-7254e5990e6b" testName="GitServer_HashingStream_ReadTest" computerName="TFSBUILD11" duration="00:00:00.0024749" startTime="2015-09-28T09:43:35.9846007-07:00" endTime="2015-09-28T09:43:36.0002274-07:00" testType="13cdc9d9-ddb5-4fa4-a97d-d965ccfc6d4b" outcome="Passed" testListId="8c84fa94-04c1-424b-9868-57a2d4851a1d" relativeResultsDirectory="1ea99906-1756-477d-bf5e-7734b485d3f0" />
    <UnitTestResult executionId="dead6c1d-45ca-4357-820a-e9e18f2b89dc" testId="ed7be87a-5cce-f6a8-8453-d5691283bec4" testName="GitServer_HashingStream_RewindTest" computerName="TFSBUILD11" duration="00:00:00.0007133" startTime="2015-09-28T09:43:36.0002274-07:00" endTime="2015-09-28T09:43:36.0002274-07:00" testType="13cdc9d9-ddb5-4fa4-a97d-d965ccfc6d4b" outcome="Passed" testListId="8c84fa94-04c1-424b-9868-57a2d4851a1d" relativeResultsDirectory="dead6c1d-45ca-4357-820a-e9e18f2b89dc" />
    <UnitTestResult executionId="ff5b2453-af11-41a5-8cfb-58cacbf48ff2" testId="0f497a80-8171-58cb-dded-665a9bd0ee3c" testName="GitServer_LengthCountingStream_WritingZeroBytesDoesntChangePosition" computerName="TFSBUILD11" duration="00:00:00.0005623" startTime="2015-09-28T09:43:36.0002274-07:00" endTime="2015-09-28T09:43:36.0002274-07:00" testType="13cdc9d9-ddb5-4fa4-a97d-d965ccfc6d4b" outcome="Passed" testListId="8c84fa94-04c1-424b-9868-57a2d4851a1d" relativeResultsDirectory="ff5b2453-af11-41a5-8cfb-58cacbf48ff2" />
    <UnitTestResult executionId="254d748f-98d5-44ee-9c00-ead609fdf06a" testId="49983b1c-2f98-4b32-bc6a-457ba1df1fec" testName="GitServer_LengthCountingStream_DisposeTwiceSucceeds" computerName="TFSBUILD11" duration="00:00:00.0000856" startTime="2015-09-28T09:43:36.0002274-07:00" endTime="2015-09-28T09:43:36.0002274-07:00" testType="13cdc9d9-ddb5-4fa4-a97d-d965ccfc6d4b" outcome="Passed" testListId="8c84fa94-04c1-424b-9868-57a2d4851a1d" relativeResultsDirectory="254d748f-98d5-44ee-9c00-ead609fdf06a" />
    <UnitTestResult executionId="223d1d26-8fee-475b-b777-341b669ed89e" testId="76c7674b-9d2f-6bb1-a67f-a4f98b289595" testName="GitServer_LengthCountingStream_WritingNBytesCheckPosition" computerName="TFSBUILD11" duration="00:00:00.0001555" startTime="2015-09-28T09:43:36.0002274-07:00" endTime="2015-09-28T09:43:36.0002274-07:00" testType="13cdc9d9-ddb5-4fa4-a97d-d965ccfc6d4b" outcome="Passed" testListId="8c84fa94-04c1-424b-9868-57a2d4851a1d" relativeResultsDirectory="223d1d26-8fee-475b-b777-341b669ed89e" />
    <UnitTestResult executionId="5dfb2289-6f54-413d-94ec-1192d3c4d1bb" testId="51cb026d-8421-7568-ab67-62d7b661f98f" testName="GitServer_LengthCountingStream_WritingZeroBytesCheckLength" computerName="TFSBUILD11" duration="00:00:00.0002437" startTime="2015-09-28T09:43:36.0002274-07:00" endTime="2015-09-28T09:43:36.0002274-07:00" testType="13cdc9d9-ddb5-4fa4-a97d-d965ccfc6d4b" outcome="Passed" testListId="8c84fa94-04c1-424b-9868-57a2d4851a1d" relativeResultsDirectory="5dfb2289-6f54-413d-94ec-1192d3c4d1bb" />
    <UnitTestResult executionId="5a522c01-fcdf-46af-a2a5-0994fe96627a" testId="bde107a9-8ee0-db49-5012-1ff166750d01" testName="GitServer_LengthCountingStream_WritingNBytesCheckLength" computerName="TFSBUILD11" duration="00:00:00.0001675" startTime="2015-09-28T09:43:36.0002274-07:00" endTime="2015-09-28T09:43:36.0002274-07:00" testType="13cdc9d9-ddb5-4fa4-a97d-d965ccfc6d4b" outcome="Passed" testListId="8c84fa94-04c1-424b-9868-57a2d4851a1d" relativeResultsDirectory="5a522c01-fcdf-46af-a2a5-0994fe96627a" />
    <UnitTestResult executionId="cbe7d105-ef9c-4c86-908d-2e8ef82e2f36" testId="e1dc04c7-873f-2b5c-13fd-badfeea54ec7" testName="GitServer_RedirectedStream_ReadAndCheckInputstreamOutputStream" computerName="TFSBUILD11" duration="00:00:00.0005179" startTime="2015-09-28T09:43:36.0002274-07:00" endTime="2015-09-28T09:43:36.0002274-07:00" testType="13cdc9d9-ddb5-4fa4-a97d-d965ccfc6d4b" outcome="Passed" testListId="8c84fa94-04c1-424b-9868-57a2d4851a1d" relativeResultsDirectory="cbe7d105-ef9c-4c86-908d-2e8ef82e2f36" />
    <UnitTestResult executionId="a24ece3d-264d-4855-aca2-97bbca3a8bb6" testId="2e2a6fcf-7e52-6a9b-c5fc-8f972adae503" testName="GitServer_RedirectedStream_ReadZeroByteCheckPosition" computerName="TFSBUILD11" duration="00:00:00.0003774" startTime="2015-09-28T09:43:36.0002274-07:00" endTime="2015-09-28T09:43:36.0002274-07:00" testType="13cdc9d9-ddb5-4fa4-a97d-d965ccfc6d4b" outcome="Passed" testListId="8c84fa94-04c1-424b-9868-57a2d4851a1d" relativeResultsDirectory="a24ece3d-264d-4855-aca2-97bbca3a8bb6" />
    <UnitTestResult executionId="300c5b8f-37a0-48ff-a597-26989c0415ce" testId="b885dbd3-4dfb-e772-8824-73878abc13fb" testName="GitServer_RedirectedStream_DisposeTwiceSucceeds" computerName="TFSBUILD11" duration="00:00:00.0001041" startTime="2015-09-28T09:43:36.0002274-07:00" endTime="2015-09-28T09:43:36.0002274-07:00" testType="13cdc9d9-ddb5-4fa4-a97d-d965ccfc6d4b" outcome="Passed" testListId="8c84fa94-04c1-424b-9868-57a2d4851a1d" relativeResultsDirectory="300c5b8f-37a0-48ff-a597-26989c0415ce" />
    <UnitTestResult executionId="efa913df-fdd6-42ce-b404-81d5a070bfd7" testId="6268dc35-ef60-2924-7208-2dd881c1dd31" testName="GitServer_RedirectedStream_ReadCheckPosition" computerName="TFSBUILD11" duration="00:00:00.0001743" startTime="2015-09-28T09:43:36.0002274-07:00" endTime="2015-09-28T09:43:36.0002274-07:00" testType="13cdc9d9-ddb5-4fa4-a97d-d965ccfc6d4b" outcome="Passed" testListId="8c84fa94-04c1-424b-9868-57a2d4851a1d" relativeResultsDirectory="efa913df-fdd6-42ce-b404-81d5a070bfd7" />
    <UnitTestResult executionId="b5d0f3eb-cdca-4600-9093-4b9e32c5b420" testId="a0d8ccaa-5560-0266-5bec-b8efd2320dfc" testName="GitServer_RewindableStream_RewindToStart" computerName="TFSBUILD11" duration="00:00:00.0013715" startTime="2015-09-28T09:43:36.0002274-07:00" endTime="2015-09-28T09:43:36.0002274-07:00" testType="13cdc9d9-ddb5-4fa4-a97d-d965ccfc6d4b" outcome="Passed" testListId="8c84fa94-04c1-424b-9868-57a2d4851a1d" relativeResultsDirectory="b5d0f3eb-cdca-4600-9093-4b9e32c5b420" />
    <UnitTestResult executionId="71afd0e3-6116-4ad2-b21c-00e270a00cdf" testId="76c5818f-f48a-23e2-d88a-b3782ff3a186" testName="GitServer_RewindableStream_RewindToMiddle" computerName="TFSBUILD11" duration="00:00:00.0003236" startTime="2015-09-28T09:43:36.0002274-07:00" endTime="2015-09-28T09:43:36.0002274-07:00" testType="13cdc9d9-ddb5-4fa4-a97d-d965ccfc6d4b" outcome="Passed" testListId="8c84fa94-04c1-424b-9868-57a2d4851a1d" relativeResultsDirectory="71afd0e3-6116-4ad2-b21c-00e270a00cdf" />
    <UnitTestResult executionId="d319a2a7-0804-492d-a456-81cc3b1fba32" testId="9d105a0b-5125-008f-5b37-8299b5ba30d4" testName="GitServer_RewindableStream_RewindZeroAndCheckPosition" computerName="TFSBUILD11" duration="00:00:00.0002693" startTime="2015-09-28T09:43:36.0002274-07:00" endTime="2015-09-28T09:43:36.0002274-07:00" testType="13cdc9d9-ddb5-4fa4-a97d-d965ccfc6d4b" outcome="Passed" testListId="8c84fa94-04c1-424b-9868-57a2d4851a1d" relativeResultsDirectory="d319a2a7-0804-492d-a456-81cc3b1fba32" />
    <UnitTestResult executionId="e597d67c-805f-450c-81c0-0c45c94ca383" testId="48d44bab-baab-239e-302e-2a1fc929f91b" testName="GitServer_RewindableStream_RewindAndCheckPosition" computerName="TFSBUILD11" duration="00:00:00.0002332" startTime="2015-09-28T09:43:36.0002274-07:00" endTime="2015-09-28T09:43:36.0002274-07:00" testType="13cdc9d9-ddb5-4fa4-a97d-d965ccfc6d4b" outcome="Passed" testListId="8c84fa94-04c1-424b-9868-57a2d4851a1d" relativeResultsDirectory="e597d67c-805f-450c-81c0-0c45c94ca383" />
    <UnitTestResult executionId="9438f6c9-a3c4-419f-a6d0-a9ac015fc309" testId="120a9845-c617-0dc4-85e1-377829c5400f" testName="GitServer_Sha256CalculatingStream_ValidateHashAfterReadingIncrementallyFromStream" computerName="TFSBUILD11" duration="00:00:00.0015718" startTime="2015-09-28T09:43:36.0002274-07:00" endTime="2015-09-28T09:43:36.0002274-07:00" testType="13cdc9d9-ddb5-4fa4-a97d-d965ccfc6d4b" outcome="Passed" testListId="8c84fa94-04c1-424b-9868-57a2d4851a1d" relativeResultsDirectory="9438f6c9-a3c4-419f-a6d0-a9ac015fc309" />
    <UnitTestResult executionId="3733c364-0e80-4cad-9d49-08f20c58ef12" testId="372cbd1d-1cf3-3890-c4bf-8d49f7dac37c" testName="GitServer_Sha256CalculatingStream_ValidateHashAfterReadingAllAtOnceFromStream" computerName="TFSBUILD11" duration="00:00:00.0003791" startTime="2015-09-28T09:43:36.0002274-07:00" endTime="2015-09-28T09:43:36.0002274-07:00" testType="13cdc9d9-ddb5-4fa4-a97d-d965ccfc6d4b" outcome="Passed" testListId="8c84fa94-04c1-424b-9868-57a2d4851a1d" relativeResultsDirectory="3733c364-0e80-4cad-9d49-08f20c58ef12" />
    <UnitTestResult executionId="b7da0c96-1ff2-4fbb-8661-7de3c2d943f1" testId="1e1cb661-2a0b-c436-6047-0629ae096c7f" testName="GitServer_WriteBufferStream_WritingLessCheckOutput" computerName="TFSBUILD11" duration="00:00:00.0011335" startTime="2015-09-28T09:43:36.0002274-07:00" endTime="2015-09-28T09:43:36.0002274-07:00" testType="13cdc9d9-ddb5-4fa4-a97d-d965ccfc6d4b" outcome="Passed" testListId="8c84fa94-04c1-424b-9868-57a2d4851a1d" relativeResultsDirectory="b7da0c96-1ff2-4fbb-8661-7de3c2d943f1" />
    <UnitTestResult executionId="eaa02c86-d089-4e98-b7c5-4a4bf37b858a" testId="0ef164aa-5821-7c1b-8682-4b89a0592d89" testName="GitServer_WriteBufferStream_WritingEqualCheckOutput" computerName="TFSBUILD11" duration="00:00:00.0001715" startTime="2015-09-28T09:43:36.0002274-07:00" endTime="2015-09-28T09:43:36.0002274-07:00" testType="13cdc9d9-ddb5-4fa4-a97d-d965ccfc6d4b" outcome="Passed" testListId="8c84fa94-04c1-424b-9868-57a2d4851a1d" relativeResultsDirectory="eaa02c86-d089-4e98-b7c5-4a4bf37b858a" />
    <UnitTestResult executionId="6b55cc82-a511-4752-9ce0-e141b9bc7404" testId="2b5e8904-7aeb-3fc2-1e0d-83cde7737577" testName="GitServer_WriteBufferStream_WritingMoreCheckOutput" computerName="TFSBUILD11" duration="00:00:00.0001700" startTime="2015-09-28T09:43:36.0002274-07:00" endTime="2015-09-28T09:43:36.0002274-07:00" testType="13cdc9d9-ddb5-4fa4-a97d-d965ccfc6d4b" outcome="Passed" testListId="8c84fa94-04c1-424b-9868-57a2d4851a1d" relativeResultsDirectory="6b55cc82-a511-4752-9ce0-e141b9bc7404" />
    <UnitTestResult executionId="8f7fa2af-2b7c-4f4a-afe1-3129910dfdcf" testId="52d3e382-c699-b692-aeaa-087d08528cdd" testName="GitServer_ZlibDeflateStream_ClosingCheckOutput" computerName="TFSBUILD11" duration="00:00:00.0017601" startTime="2015-09-28T09:43:36.0002274-07:00" endTime="2015-09-28T09:43:36.0002274-07:00" testType="13cdc9d9-ddb5-4fa4-a97d-d965ccfc6d4b" outcome="Passed" testListId="8c84fa94-04c1-424b-9868-57a2d4851a1d" relativeResultsDirectory="8f7fa2af-2b7c-4f4a-afe1-3129910dfdcf" />
    <UnitTestResult executionId="5563f19c-0930-454a-be20-0fa9abb5b45f" testId="cd0b8e0d-34d1-def8-3163-8ae2305b6953" testName="GitServer_Sha1Id_EndToEnd" computerName="TFSBUILD11" duration="00:00:00.0028745" startTime="2015-09-28T09:43:36.0002274-07:00" endTime="2015-09-28T09:43:36.0158529-07:00" testType="13cdc9d9-ddb5-4fa4-a97d-d965ccfc6d4b" outcome="Passed" testListId="8c84fa94-04c1-424b-9868-57a2d4851a1d" relativeResultsDirectory="5563f19c-0930-454a-be20-0fa9abb5b45f" />
    <UnitTestResult executionId="416e9b9c-636a-4859-9f00-e16344561e50" testId="85dbfb95-f2e5-20b1-1521-4e5a1ba64416" testName="GitServer_Sha1Id_Serialization" computerName="TFSBUILD11" duration="00:00:00.0074785" startTime="2015-09-28T09:43:36.0158529-07:00" endTime="2015-09-28T09:43:36.0158529-07:00" testType="13cdc9d9-ddb5-4fa4-a97d-d965ccfc6d4b" outcome="Passed" testListId="8c84fa94-04c1-424b-9868-57a2d4851a1d" relativeResultsDirectory="416e9b9c-636a-4859-9f00-e16344561e50" />
    <UnitTestResult executionId="f63917ac-f733-484b-89da-2c4ac98f0de4" testId="e1359194-edc8-746a-ce84-04c317d366d4" testName="GitServer_Sha1Id_ErrorsChecked" computerName="TFSBUILD11" duration="00:00:00.0038391" startTime="2015-09-28T09:43:36.0158529-07:00" endTime="2015-09-28T09:43:36.0158529-07:00" testType="13cdc9d9-ddb5-4fa4-a97d-d965ccfc6d4b" outcome="Passed" testListId="8c84fa94-04c1-424b-9868-57a2d4851a1d" relativeResultsDirectory="f63917ac-f733-484b-89da-2c4ac98f0de4" />
    <UnitTestResult executionId="b4799ef5-b254-488d-8cc9-bcb4d2ea89a2" testId="ce116825-569b-14c1-62c4-5be3d6a69535" testName="GitServer_TfsGitTree_ParseObjects" computerName="TFSBUILD11" duration="00:00:00.0194201" startTime="2015-09-28T09:43:36.0158529-07:00" endTime="2015-09-28T09:43:36.0471060-07:00" testType="13cdc9d9-ddb5-4fa4-a97d-d965ccfc6d4b" outcome="Passed" testListId="8c84fa94-04c1-424b-9868-57a2d4851a1d" relativeResultsDirectory="b4799ef5-b254-488d-8cc9-bcb4d2ea89a2" />
    <UnitTestResult executionId="a49247fc-ef5c-441b-a9ad-f3635b8d9e74" testId="6fe75f0d-a402-03ac-aa70-3667d1984525" testName="GitServer_TfsGitTree_ParseInvalidSlash" computerName="TFSBUILD11" duration="00:00:00.0032002" startTime="2015-09-28T09:43:36.0471060-07:00" endTime="2015-09-28T09:43:36.0471060-07:00" testType="13cdc9d9-ddb5-4fa4-a97d-d965ccfc6d4b" outcome="Passed" testListId="8c84fa94-04c1-424b-9868-57a2d4851a1d" relativeResultsDirectory="a49247fc-ef5c-441b-a9ad-f3635b8d9e74" />
    <UnitTestResult executionId="775f3b44-dbe6-443f-8ebf-1e3e93f121df" testId="0de573e9-899f-8368-86f6-e95032afd7d3" testName="GitServer_TfsGitTree_ParseInvalidNull" computerName="TFSBUILD11" duration="00:00:00.0030000" startTime="2015-09-28T09:43:36.0471060-07:00" endTime="2015-09-28T09:43:36.0471060-07:00" testType="13cdc9d9-ddb5-4fa4-a97d-d965ccfc6d4b" outcome="Passed" testListId="8c84fa94-04c1-424b-9868-57a2d4851a1d" relativeResultsDirectory="775f3b44-dbe6-443f-8ebf-1e3e93f121df" />
    <UnitTestResult executionId="4243b2c8-6a8c-4422-958d-153faac73349" testId="ed82387b-ec53-e103-94fb-be7117c2fb24" testName="GitServer_TfsGitTree_ParseInvalidOrder" computerName="TFSBUILD11" duration="00:00:00.0026962" startTime="2015-09-28T09:43:36.0471060-07:00" endTime="2015-09-28T09:43:36.0471060-07:00" testType="13cdc9d9-ddb5-4fa4-a97d-d965ccfc6d4b" outcome="Passed" testListId="8c84fa94-04c1-424b-9868-57a2d4851a1d" relativeResultsDirectory="4243b2c8-6a8c-4422-958d-153faac73349" />
    <UnitTestResult executionId="19f0d2b2-b08b-4416-9924-d1a1167073bb" testId="e5a2e299-3599-6a65-f5ee-828a5079ceff" testName="GitServer_TfsGitTree_InvalidRelativePaths_AllFsckOptions" computerName="TFSBUILD11" duration="00:00:00.0046506" startTime="2015-09-28T09:43:36.0471060-07:00" endTime="2015-09-28T09:43:36.0627318-07:00" testType="13cdc9d9-ddb5-4fa4-a97d-d965ccfc6d4b" outcome="Passed" testListId="8c84fa94-04c1-424b-9868-57a2d4851a1d" relativeResultsDirectory="19f0d2b2-b08b-4416-9924-d1a1167073bb" />
    <UnitTestResult executionId="90b027c1-e103-423a-94b0-a062ca41a276" testId="cc16fd38-0073-9150-cb7c-b95f99478131" testName="GitServer_TfsGitTree_InvalidRelativePaths_NoFsckOptions" computerName="TFSBUILD11" duration="00:00:00.0021060" startTime="2015-09-28T09:43:36.0627318-07:00" endTime="2015-09-28T09:43:36.0627318-07:00" testType="13cdc9d9-ddb5-4fa4-a97d-d965ccfc6d4b" outcome="Passed" testListId="8c84fa94-04c1-424b-9868-57a2d4851a1d" relativeResultsDirectory="90b027c1-e103-423a-94b0-a062ca41a276" />
    <UnitTestResult executionId="9cb1be08-343a-4aee-a311-94f9f7577042" testId="dc8d1c47-7348-ba15-8796-06652a4cc0d7" testName="GitServer_TfsGitTree_InvalidRelativePaths_DotGitOnly" computerName="TFSBUILD11" duration="00:00:00.0020545" startTime="2015-09-28T09:43:36.0627318-07:00" endTime="2015-09-28T09:43:36.0627318-07:00" testType="13cdc9d9-ddb5-4fa4-a97d-d965ccfc6d4b" outcome="Passed" testListId="8c84fa94-04c1-424b-9868-57a2d4851a1d" relativeResultsDirectory="9cb1be08-343a-4aee-a311-94f9f7577042" />
    <UnitTestResult executionId="3570cc17-54fd-436c-a352-496b51955825" testId="91aa2b28-664e-5b84-973e-e23e211d52dd" testName="GitServer_TfsGitTree_EnforceConsistentCase_Trees" computerName="TFSBUILD11" duration="00:00:00.0068735" startTime="2015-09-28T09:43:36.0627318-07:00" endTime="2015-09-28T09:43:36.0627318-07:00" testType="13cdc9d9-ddb5-4fa4-a97d-d965ccfc6d4b" outcome="Passed" testListId="8c84fa94-04c1-424b-9868-57a2d4851a1d" relativeResultsDirectory="3570cc17-54fd-436c-a352-496b51955825" />
    <UnitTestResult executionId="6629a8e1-923e-40d5-b2ca-2c5fc4a250fa" testId="42d138f5-6948-1ca7-44da-761919c3c714" testName="GitServer_TfsGitTree_EnforceConsistentCase_Blobs" computerName="TFSBUILD11" duration="00:00:00.0023790" startTime="2015-09-28T09:43:36.0627318-07:00" endTime="2015-09-28T09:43:36.0783599-07:00" testType="13cdc9d9-ddb5-4fa4-a97d-d965ccfc6d4b" outcome="Passed" testListId="8c84fa94-04c1-424b-9868-57a2d4851a1d" relativeResultsDirectory="6629a8e1-923e-40d5-b2ca-2c5fc4a250fa" />
    <UnitTestResult executionId="fdc2d2f9-c41c-469f-ba8e-4f323fc66e66" testId="b87ef7ba-5729-a689-2e7f-e61a7d24da7d" testName="GitServer_TfsGitTree_EnforceConsistentCase_Both" computerName="TFSBUILD11" duration="00:00:00.0023093" startTime="2015-09-28T09:43:36.0783599-07:00" endTime="2015-09-28T09:43:36.0783599-07:00" testType="13cdc9d9-ddb5-4fa4-a97d-d965ccfc6d4b" outcome="Passed" testListId="8c84fa94-04c1-424b-9868-57a2d4851a1d" relativeResultsDirectory="fdc2d2f9-c41c-469f-ba8e-4f323fc66e66" />
    <UnitTestResult executionId="e20cc0b3-6075-45b8-ae08-c672dbb7738e" testId="4d34365e-6bfc-fa62-8394-a69ac618b6b6" testName="GitServer_TfsGitTree_ParseObjects" computerName="TFSBUILD11" duration="00:00:00.0022462" startTime="2015-09-28T09:43:36.0783599-07:00" endTime="2015-09-28T09:43:36.0783599-07:00" testType="13cdc9d9-ddb5-4fa4-a97d-d965ccfc6d4b" outcome="Passed" testListId="8c84fa94-04c1-424b-9868-57a2d4851a1d" relativeResultsDirectory="e20cc0b3-6075-45b8-ae08-c672dbb7738e" />
    <UnitTestResult executionId="f8cccb98-e73b-46f4-bb96-6cf3797d49e7" testId="7ca356c3-f1c0-c4c7-cbb5-e7e502bc4aef" testName="GitServer_TfsGitTree_ParseInvalidSlash" computerName="TFSBUILD11" duration="00:00:00.0023520" startTime="2015-09-28T09:43:36.0783599-07:00" endTime="2015-09-28T09:43:36.0783599-07:00" testType="13cdc9d9-ddb5-4fa4-a97d-d965ccfc6d4b" outcome="Passed" testListId="8c84fa94-04c1-424b-9868-57a2d4851a1d" relativeResultsDirectory="f8cccb98-e73b-46f4-bb96-6cf3797d49e7" />
    <UnitTestResult executionId="39d9b0f1-dadf-4417-a56c-146771793b9f" testId="01e9343e-cfc3-34fb-d7d8-6a5193b78d70" testName="GitServer_TfsGitTree_ParseInvalidNull" computerName="TFSBUILD11" duration="00:00:00.0022769" startTime="2015-09-28T09:43:36.0783599-07:00" endTime="2015-09-28T09:43:36.0783599-07:00" testType="13cdc9d9-ddb5-4fa4-a97d-d965ccfc6d4b" outcome="Passed" testListId="8c84fa94-04c1-424b-9868-57a2d4851a1d" relativeResultsDirectory="39d9b0f1-dadf-4417-a56c-146771793b9f" />
    <UnitTestResult executionId="1f9878c3-18c6-4a44-8aa7-d7fb4ebccbb0" testId="5248af3e-41f5-7ce2-4513-c6856c4d410d" testName="GitServer_TfsGitTree_ParseInvalidOrder" computerName="TFSBUILD11" duration="00:00:00.0022812" startTime="2015-09-28T09:43:36.0783599-07:00" endTime="2015-09-28T09:43:36.0783599-07:00" testType="13cdc9d9-ddb5-4fa4-a97d-d965ccfc6d4b" outcome="Passed" testListId="8c84fa94-04c1-424b-9868-57a2d4851a1d" relativeResultsDirectory="1f9878c3-18c6-4a44-8aa7-d7fb4ebccbb0" />
    <UnitTestResult executionId="51a32315-776b-4428-b484-6977d2f8f0ec" testId="0211d421-adca-89ef-4a7f-20323ebd9785" testName="TestGetArtifactIdForRef" computerName="TFSBUILD11" duration="00:00:00.0009159" startTime="2015-09-28T09:43:36.0783599-07:00" endTime="2015-09-28T09:43:36.0783599-07:00" testType="13cdc9d9-ddb5-4fa4-a97d-d965ccfc6d4b" outcome="Passed" testListId="8c84fa94-04c1-424b-9868-57a2d4851a1d" relativeResultsDirectory="51a32315-776b-4428-b484-6977d2f8f0ec" />
    <UnitTestResult executionId="b73c86e5-62c1-4385-942a-d28be11914da" testId="95921637-b74c-a316-1764-febef95bc566" testName="TestDecode" computerName="TFSBUILD11" duration="00:00:00.0017271" startTime="2015-09-28T09:43:36.0783599-07:00" endTime="2015-09-28T09:43:36.0939841-07:00" testType="13cdc9d9-ddb5-4fa4-a97d-d965ccfc6d4b" outcome="Passed" testListId="8c84fa94-04c1-424b-9868-57a2d4851a1d" relativeResultsDirectory="b73c86e5-62c1-4385-942a-d28be11914da" />
    <UnitTestResult executionId="db5dd909-b89b-49e5-97e8-d6a340d973cc" testId="3ee98461-2a2c-0a6b-424b-b9cc5b1e925a" testName="TestDecodeWithInvalidValues" computerName="TFSBUILD11" duration="00:00:00.0005555" startTime="2015-09-28T09:43:36.0939841-07:00" endTime="2015-09-28T09:43:36.0939841-07:00" testType="13cdc9d9-ddb5-4fa4-a97d-d965ccfc6d4b" outcome="Passed" testListId="8c84fa94-04c1-424b-9868-57a2d4851a1d" relativeResultsDirectory="db5dd909-b89b-49e5-97e8-d6a340d973cc" />
  </Results>
  <TestDefinitions>
    <UnitTest name="GitServer_GitLfsHandler_DownloadRef" storage="d:\v2.0\a1\_work\dbded102\bin\release.anycpu\tfs.service\ms.tf.git.server.l0.tests\ms.tf.git.server.l0.tests.dll" priority="1" id="6417bdb0-eace-ffa6-6101-89879ba1eec9">
      <Owners>
        <Owner name="tfsgitsvreng" />
      </Owners>
      <Execution id="a01ec5fc-83c8-479a-ad83-d11963c29016" />
      <TestMethod codeBase="D:\v2.0\A1\_work\dbded102\bin\Release.AnyCPU\Tfs.Service\MS.TF.Git.Server.L0.Tests\MS.TF.Git.Server.L0.Tests.dll" adapterTypeName="Microsoft.VisualStudio.TestTools.TestTypes.Unit.UnitTestAdapter" className="MS.TF.Git.Server.L0.Tests.GitServer_GitLfsHandler" name="GitServer_GitLfsHandler_DownloadRef" />
    </UnitTest>
    <UnitTest name="GitServer_GitLfsHandler_DownloadRef_InvalidObjectId" storage="d:\v2.0\a1\_work\dbded102\bin\release.anycpu\tfs.service\ms.tf.git.server.l0.tests\ms.tf.git.server.l0.tests.dll" priority="1" id="ccb59b29-1025-8ec0-85f7-9129ca8f491d">
      <Owners>
        <Owner name="tfsgitsvreng" />
      </Owners>
      <Execution id="eab89bf5-518a-4149-8474-082464398a95" />
      <TestMethod codeBase="D:\v2.0\A1\_work\dbded102\bin\Release.AnyCPU\Tfs.Service\MS.TF.Git.Server.L0.Tests\MS.TF.Git.Server.L0.Tests.dll" adapterTypeName="Microsoft.VisualStudio.TestTools.TestTypes.Unit.UnitTestAdapter" className="MS.TF.Git.Server.L0.Tests.GitServer_GitLfsHandler" name="GitServer_GitLfsHandler_DownloadRef_InvalidObjectId" />
    </UnitTest>
    <UnitTest name="GitServer_GitLfsHandler_DownloadRef_NotFound" storage="d:\v2.0\a1\_work\dbded102\bin\release.anycpu\tfs.service\ms.tf.git.server.l0.tests\ms.tf.git.server.l0.tests.dll" priority="1" id="ab085672-0b95-06e6-8dc5-a06ff569e261">
      <Owners>
        <Owner name="tfsgitsvreng" />
      </Owners>
      <Execution id="d528c93f-e21d-49f2-b9db-99e2e290c1d5" />
      <TestMethod codeBase="D:\v2.0\A1\_work\dbded102\bin\Release.AnyCPU\Tfs.Service\MS.TF.Git.Server.L0.Tests\MS.TF.Git.Server.L0.Tests.dll" adapterTypeName="Microsoft.VisualStudio.TestTools.TestTypes.Unit.UnitTestAdapter" className="MS.TF.Git.Server.L0.Tests.GitServer_GitLfsHandler" name="GitServer_GitLfsHandler_DownloadRef_NotFound" />
    </UnitTest>
    <UnitTest name="GitServer_GitLfsHandler_DownloadBlob" storage="d:\v2.0\a1\_work\dbded102\bin\release.anycpu\tfs.service\ms.tf.git.server.l0.tests\ms.tf.git.server.l0.tests.dll" priority="1" id="d4b9c7b4-9e80-ab12-1ce5-174aa1c43f31">
      <Owners>
        <Owner name="tfsgitsvreng" />
      </Owners>
      <Execution id="a20020c0-3776-44ab-b7e2-7fbc4d1e3fc5" />
      <TestMethod codeBase="D:\v2.0\A1\_work\dbded102\bin\Release.AnyCPU\Tfs.Service\MS.TF.Git.Server.L0.Tests\MS.TF.Git.Server.L0.Tests.dll" adapterTypeName="Microsoft.VisualStudio.TestTools.TestTypes.Unit.UnitTestAdapter" className="MS.TF.Git.Server.L0.Tests.GitServer_GitLfsHandler" name="GitServer_GitLfsHandler_DownloadBlob" />
    </UnitTest>
    <UnitTest name="GitServer_GitLfsHandler_DownloadBlob_NotFound" storage="d:\v2.0\a1\_work\dbded102\bin\release.anycpu\tfs.service\ms.tf.git.server.l0.tests\ms.tf.git.server.l0.tests.dll" priority="1" id="bb3a5a23-1c11-b9ec-d7f3-7cbf43e849c8">
      <Owners>
        <Owner name="tfsgitsvreng" />
      </Owners>
      <Execution id="189fc48b-a2f2-4ca7-92b4-24d608b72fae" />
      <TestMethod codeBase="D:\v2.0\A1\_work\dbded102\bin\Release.AnyCPU\Tfs.Service\MS.TF.Git.Server.L0.Tests\MS.TF.Git.Server.L0.Tests.dll" adapterTypeName="Microsoft.VisualStudio.TestTools.TestTypes.Unit.UnitTestAdapter" className="MS.TF.Git.Server.L0.Tests.GitServer_GitLfsHandler" name="GitServer_GitLfsHandler_DownloadBlob_NotFound" />
    </UnitTest>
    <UnitTest name="GitServer_GitLfsHandler_DownloadBlob_InvalidObjectId" storage="d:\v2.0\a1\_work\dbded102\bin\release.anycpu\tfs.service\ms.tf.git.server.l0.tests\ms.tf.git.server.l0.tests.dll" priority="1" id="ee9de5b2-de14-4a36-2008-2d4285acedfc">
      <Owners>
        <Owner name="tfsgitsvreng" />
      </Owners>
      <Execution id="1ff04564-b570-4b93-ba4b-aaaabc6dd2a7" />
      <TestMethod codeBase="D:\v2.0\A1\_work\dbded102\bin\Release.AnyCPU\Tfs.Service\MS.TF.Git.Server.L0.Tests\MS.TF.Git.Server.L0.Tests.dll" adapterTypeName="Microsoft.VisualStudio.TestTools.TestTypes.Unit.UnitTestAdapter" className="MS.TF.Git.Server.L0.Tests.GitServer_GitLfsHandler" name="GitServer_GitLfsHandler_DownloadBlob_InvalidObjectId" />
    </UnitTest>
    <UnitTest name="GitServer_GitLfsHandler_DownloadRef_UnsupportedMediaType" storage="d:\v2.0\a1\_work\dbded102\bin\release.anycpu\tfs.service\ms.tf.git.server.l0.tests\ms.tf.git.server.l0.tests.dll" priority="1" id="9b1ed357-6af2-5117-50f0-5fbf16b3fc09">
      <Owners>
        <Owner name="tfsgitsvreng" />
      </Owners>
      <Execution id="66a33b29-285b-4446-b16c-bed2eb97b02f" />
      <TestMethod codeBase="D:\v2.0\A1\_work\dbded102\bin\Release.AnyCPU\Tfs.Service\MS.TF.Git.Server.L0.Tests\MS.TF.Git.Server.L0.Tests.dll" adapterTypeName="Microsoft.VisualStudio.TestTools.TestTypes.Unit.UnitTestAdapter" className="MS.TF.Git.Server.L0.Tests.GitServer_GitLfsHandler" name="GitServer_GitLfsHandler_DownloadRef_UnsupportedMediaType" />
    </UnitTest>
    <UnitTest name="GitServer_GitLfsHandler_DownloadBlob_UnsupportedMediaType" storage="d:\v2.0\a1\_work\dbded102\bin\release.anycpu\tfs.service\ms.tf.git.server.l0.tests\ms.tf.git.server.l0.tests.dll" priority="1" id="f49d4928-84f1-8a62-a483-71e34d9244ff">
      <Owners>
        <Owner name="tfsgitsvreng" />
      </Owners>
      <Execution id="e172bff9-b9ec-469d-8b16-9cd64227e1b8" />
      <TestMethod codeBase="D:\v2.0\A1\_work\dbded102\bin\Release.AnyCPU\Tfs.Service\MS.TF.Git.Server.L0.Tests\MS.TF.Git.Server.L0.Tests.dll" adapterTypeName="Microsoft.VisualStudio.TestTools.TestTypes.Unit.UnitTestAdapter" className="MS.TF.Git.Server.L0.Tests.GitServer_GitLfsHandler" name="GitServer_GitLfsHandler_DownloadBlob_UnsupportedMediaType" />
    </UnitTest>
    <UnitTest name="GitServer_GitLfsHandler_InitUpload_Proceed" storage="d:\v2.0\a1\_work\dbded102\bin\release.anycpu\tfs.service\ms.tf.git.server.l0.tests\ms.tf.git.server.l0.tests.dll" priority="1" id="474d3729-2bea-5124-bede-24eb34f7d277">
      <Owners>
        <Owner name="tfsgitsvreng" />
      </Owners>
      <Execution id="13c15c6d-619e-4700-b494-202d52295ab0" />
      <TestMethod codeBase="D:\v2.0\A1\_work\dbded102\bin\Release.AnyCPU\Tfs.Service\MS.TF.Git.Server.L0.Tests\MS.TF.Git.Server.L0.Tests.dll" adapterTypeName="Microsoft.VisualStudio.TestTools.TestTypes.Unit.UnitTestAdapter" className="MS.TF.Git.Server.L0.Tests.GitServer_GitLfsHandler" name="GitServer_GitLfsHandler_InitUpload_Proceed" />
    </UnitTest>
    <UnitTest name="GitServer_GitLfsHandler_InitUpload_AlreadyOnServer" storage="d:\v2.0\a1\_work\dbded102\bin\release.anycpu\tfs.service\ms.tf.git.server.l0.tests\ms.tf.git.server.l0.tests.dll" priority="1" id="d7b81704-7a27-c38f-e47b-7005d9569a72">
      <Owners>
        <Owner name="tfsgitsvreng" />
      </Owners>
      <Execution id="b100c22d-1deb-4730-9112-0ac9d46022c4" />
      <TestMethod codeBase="D:\v2.0\A1\_work\dbded102\bin\Release.AnyCPU\Tfs.Service\MS.TF.Git.Server.L0.Tests\MS.TF.Git.Server.L0.Tests.dll" adapterTypeName="Microsoft.VisualStudio.TestTools.TestTypes.Unit.UnitTestAdapter" className="MS.TF.Git.Server.L0.Tests.GitServer_GitLfsHandler" name="GitServer_GitLfsHandler_InitUpload_AlreadyOnServer" />
    </UnitTest>
    <UnitTest name="GitServer_GitLfsHandler_InitUpload_UnsupportedMediaType" storage="d:\v2.0\a1\_work\dbded102\bin\release.anycpu\tfs.service\ms.tf.git.server.l0.tests\ms.tf.git.server.l0.tests.dll" priority="1" id="d6778314-77c8-2d40-2043-5f45d18961e4">
      <Owners>
        <Owner name="tfsgitsvreng" />
      </Owners>
      <Execution id="4c1e3a00-0be9-4cf2-9e9e-2f05118c2395" />
      <TestMethod codeBase="D:\v2.0\A1\_work\dbded102\bin\Release.AnyCPU\Tfs.Service\MS.TF.Git.Server.L0.Tests\MS.TF.Git.Server.L0.Tests.dll" adapterTypeName="Microsoft.VisualStudio.TestTools.TestTypes.Unit.UnitTestAdapter" className="MS.TF.Git.Server.L0.Tests.GitServer_GitLfsHandler" name="GitServer_GitLfsHandler_InitUpload_UnsupportedMediaType" />
    </UnitTest>
    <UnitTest name="GitServer_GitLfsHandler_InitUpload_InvalidObjectId" storage="d:\v2.0\a1\_work\dbded102\bin\release.anycpu\tfs.service\ms.tf.git.server.l0.tests\ms.tf.git.server.l0.tests.dll" priority="1" id="51986cae-fd13-5eeb-f10f-97bf1fbc6b3a">
      <Owners>
        <Owner name="tfsgitsvreng" />
      </Owners>
      <Execution id="a1cb77e3-fbc8-402d-bdb7-f011a155376f" />
      <TestMethod codeBase="D:\v2.0\A1\_work\dbded102\bin\Release.AnyCPU\Tfs.Service\MS.TF.Git.Server.L0.Tests\MS.TF.Git.Server.L0.Tests.dll" adapterTypeName="Microsoft.VisualStudio.TestTools.TestTypes.Unit.UnitTestAdapter" className="MS.TF.Git.Server.L0.Tests.GitServer_GitLfsHandler" name="GitServer_GitLfsHandler_InitUpload_InvalidObjectId" />
    </UnitTest>
    <UnitTest name="GitServer_GitLfsHandler_InitUpload_RequestBodyTooLarge" storage="d:\v2.0\a1\_work\dbded102\bin\release.anycpu\tfs.service\ms.tf.git.server.l0.tests\ms.tf.git.server.l0.tests.dll" priority="1" id="21a2ce3e-1226-76f9-02ba-34946eeda45f">
      <Owners>
        <Owner name="tfsgitsvreng" />
      </Owners>
      <Execution id="52894088-125f-482f-aa0c-057ea243c5f5" />
      <TestMethod codeBase="D:\v2.0\A1\_work\dbded102\bin\Release.AnyCPU\Tfs.Service\MS.TF.Git.Server.L0.Tests\MS.TF.Git.Server.L0.Tests.dll" adapterTypeName="Microsoft.VisualStudio.TestTools.TestTypes.Unit.UnitTestAdapter" className="MS.TF.Git.Server.L0.Tests.GitServer_GitLfsHandler" name="GitServer_GitLfsHandler_InitUpload_RequestBodyTooLarge" />
    </UnitTest>
    <UnitTest name="GitServer_GitLfsHandler_InitUpload_JsonException" storage="d:\v2.0\a1\_work\dbded102\bin\release.anycpu\tfs.service\ms.tf.git.server.l0.tests\ms.tf.git.server.l0.tests.dll" priority="1" id="47552d1b-7129-5448-966d-5547afc5e203">
      <Owners>
        <Owner name="tfsgitsvreng" />
      </Owners>
      <Execution id="e97cf09f-198d-432d-9295-f0a8cda81e6d" />
      <TestMethod codeBase="D:\v2.0\A1\_work\dbded102\bin\Release.AnyCPU\Tfs.Service\MS.TF.Git.Server.L0.Tests\MS.TF.Git.Server.L0.Tests.dll" adapterTypeName="Microsoft.VisualStudio.TestTools.TestTypes.Unit.UnitTestAdapter" className="MS.TF.Git.Server.L0.Tests.GitServer_GitLfsHandler" name="GitServer_GitLfsHandler_InitUpload_JsonException" />
    </UnitTest>
    <UnitTest name="GitServer_GitLfsHandler_InitUpload_EmptyContents" storage="d:\v2.0\a1\_work\dbded102\bin\release.anycpu\tfs.service\ms.tf.git.server.l0.tests\ms.tf.git.server.l0.tests.dll" priority="1" id="5fc60c1e-d74b-e280-129a-1ac97be63d80">
      <Owners>
        <Owner name="tfsgitsvreng" />
      </Owners>
      <Execution id="1d4deab2-93ab-46f9-b9f5-534cb7adbd1d" />
      <TestMethod codeBase="D:\v2.0\A1\_work\dbded102\bin\Release.AnyCPU\Tfs.Service\MS.TF.Git.Server.L0.Tests\MS.TF.Git.Server.L0.Tests.dll" adapterTypeName="Microsoft.VisualStudio.TestTools.TestTypes.Unit.UnitTestAdapter" className="MS.TF.Git.Server.L0.Tests.GitServer_GitLfsHandler" name="GitServer_GitLfsHandler_InitUpload_EmptyContents" />
    </UnitTest>
    <UnitTest name="GitServer_GitLfsHandler_InitUpload_InvalidObjectSize" storage="d:\v2.0\a1\_work\dbded102\bin\release.anycpu\tfs.service\ms.tf.git.server.l0.tests\ms.tf.git.server.l0.tests.dll" priority="1" id="0313b3f8-f50f-a8a0-bf56-5d24dce536a9">
      <Owners>
        <Owner name="tfsgitsvreng" />
      </Owners>
      <Execution id="84668181-ec1a-4a9d-beb5-80a38eaeb4a3" />
      <TestMethod codeBase="D:\v2.0\A1\_work\dbded102\bin\Release.AnyCPU\Tfs.Service\MS.TF.Git.Server.L0.Tests\MS.TF.Git.Server.L0.Tests.dll" adapterTypeName="Microsoft.VisualStudio.TestTools.TestTypes.Unit.UnitTestAdapter" className="MS.TF.Git.Server.L0.Tests.GitServer_GitLfsHandler" name="GitServer_GitLfsHandler_InitUpload_InvalidObjectSize" />
    </UnitTest>
    <UnitTest name="GitServer_GitLfsHandler_Upload_CreatedSuccessfully" storage="d:\v2.0\a1\_work\dbded102\bin\release.anycpu\tfs.service\ms.tf.git.server.l0.tests\ms.tf.git.server.l0.tests.dll" priority="1" id="e42b26c5-7665-cded-9f3a-daf1da776dc1">
      <Owners>
        <Owner name="tfsgitsvreng" />
      </Owners>
      <Execution id="5b9bc5e1-fe01-4ff8-b6af-f8a3f1b23e01" />
      <TestMethod codeBase="D:\v2.0\A1\_work\dbded102\bin\Release.AnyCPU\Tfs.Service\MS.TF.Git.Server.L0.Tests\MS.TF.Git.Server.L0.Tests.dll" adapterTypeName="Microsoft.VisualStudio.TestTools.TestTypes.Unit.UnitTestAdapter" className="MS.TF.Git.Server.L0.Tests.GitServer_GitLfsHandler" name="GitServer_GitLfsHandler_Upload_CreatedSuccessfully" />
    </UnitTest>
    <UnitTest name="GitServer_GitLfsHandler_Upload" storage="d:\v2.0\a1\_work\dbded102\bin\release.anycpu\tfs.service\ms.tf.git.server.l0.tests\ms.tf.git.server.l0.tests.dll" priority="1" id="04927e7f-bd66-6295-25af-a9d686ee439c">
      <Owners>
        <Owner name="tfsgitsvreng" />
      </Owners>
      <Execution id="a5c023ca-d3e9-4bd6-8808-1ddaaf80850d" />
      <TestMethod codeBase="D:\v2.0\A1\_work\dbded102\bin\Release.AnyCPU\Tfs.Service\MS.TF.Git.Server.L0.Tests\MS.TF.Git.Server.L0.Tests.dll" adapterTypeName="Microsoft.VisualStudio.TestTools.TestTypes.Unit.UnitTestAdapter" className="MS.TF.Git.Server.L0.Tests.GitServer_GitLfsHandler" name="GitServer_GitLfsHandler_Upload" />
    </UnitTest>
    <UnitTest name="GitServer_GitLfsHandler_Upload_ContentsDoNotMatchLfsObjectId" storage="d:\v2.0\a1\_work\dbded102\bin\release.anycpu\tfs.service\ms.tf.git.server.l0.tests\ms.tf.git.server.l0.tests.dll" priority="1" id="c8227e59-4708-cc03-03a7-6803f5b2afe8">
      <Owners>
        <Owner name="tfsgitsvreng" />
      </Owners>
      <Execution id="8fcefb30-99ef-46b4-a2d2-1ce566c8f797" />
      <TestMethod codeBase="D:\v2.0\A1\_work\dbded102\bin\Release.AnyCPU\Tfs.Service\MS.TF.Git.Server.L0.Tests\MS.TF.Git.Server.L0.Tests.dll" adapterTypeName="Microsoft.VisualStudio.TestTools.TestTypes.Unit.UnitTestAdapter" className="MS.TF.Git.Server.L0.Tests.GitServer_GitLfsHandler" name="GitServer_GitLfsHandler_Upload_ContentsDoNotMatchLfsObjectId" />
    </UnitTest>
    <UnitTest name="GitServer_GitLfsHandler_Upload_MissingWritePermission" storage="d:\v2.0\a1\_work\dbded102\bin\release.anycpu\tfs.service\ms.tf.git.server.l0.tests\ms.tf.git.server.l0.tests.dll" priority="1" id="71e0a9bc-1050-d245-c379-905fc35bbdcb">
      <Owners>
        <Owner name="tfsgitsvreng" />
      </Owners>
      <Execution id="323f4697-5cf3-4b65-ad3b-ce612a1273cf" />
      <TestMethod codeBase="D:\v2.0\A1\_work\dbded102\bin\Release.AnyCPU\Tfs.Service\MS.TF.Git.Server.L0.Tests\MS.TF.Git.Server.L0.Tests.dll" adapterTypeName="Microsoft.VisualStudio.TestTools.TestTypes.Unit.UnitTestAdapter" className="MS.TF.Git.Server.L0.Tests.GitServer_GitLfsHandler" name="GitServer_GitLfsHandler_Upload_MissingWritePermission" />
    </UnitTest>
    <UnitTest name="GitServer_GitLfsHandler_Upload_UnsupportedMediaType" storage="d:\v2.0\a1\_work\dbded102\bin\release.anycpu\tfs.service\ms.tf.git.server.l0.tests\ms.tf.git.server.l0.tests.dll" priority="1" id="99081ba3-89b0-3a23-1a04-87c396a6dbf6">
      <Owners>
        <Owner name="tfsgitsvreng" />
      </Owners>
      <Execution id="e81f8e3e-0151-461b-a818-d2c0cd46dba5" />
      <TestMethod codeBase="D:\v2.0\A1\_work\dbded102\bin\Release.AnyCPU\Tfs.Service\MS.TF.Git.Server.L0.Tests\MS.TF.Git.Server.L0.Tests.dll" adapterTypeName="Microsoft.VisualStudio.TestTools.TestTypes.Unit.UnitTestAdapter" className="MS.TF.Git.Server.L0.Tests.GitServer_GitLfsHandler" name="GitServer_GitLfsHandler_Upload_UnsupportedMediaType" />
    </UnitTest>
    <UnitTest name="GitServer_GitLfsHandler_Upload_InvalidObjectId" storage="d:\v2.0\a1\_work\dbded102\bin\release.anycpu\tfs.service\ms.tf.git.server.l0.tests\ms.tf.git.server.l0.tests.dll" priority="1" id="70b26b7a-0a4b-aaf9-53fb-eff898d747f1">
      <Owners>
        <Owner name="tfsgitsvreng" />
      </Owners>
      <Execution id="b32a52b8-ca3b-4664-a23e-6105c205b5d6" />
      <TestMethod codeBase="D:\v2.0\A1\_work\dbded102\bin\Release.AnyCPU\Tfs.Service\MS.TF.Git.Server.L0.Tests\MS.TF.Git.Server.L0.Tests.dll" adapterTypeName="Microsoft.VisualStudio.TestTools.TestTypes.Unit.UnitTestAdapter" className="MS.TF.Git.Server.L0.Tests.GitServer_GitLfsHandler" name="GitServer_GitLfsHandler_Upload_InvalidObjectId" />
    </UnitTest>
    <UnitTest name="GitServer_GitLfsHandler_General_RequestTimoutExtended" storage="d:\v2.0\a1\_work\dbded102\bin\release.anycpu\tfs.service\ms.tf.git.server.l0.tests\ms.tf.git.server.l0.tests.dll" priority="1" id="01cc5ad2-7b2b-790e-95fc-eac382c088aa">
      <Owners>
        <Owner name="tfsgitsvreng" />
      </Owners>
      <Execution id="38768bee-2a1e-4b87-afe6-0209cb7c66be" />
      <TestMethod codeBase="D:\v2.0\A1\_work\dbded102\bin\Release.AnyCPU\Tfs.Service\MS.TF.Git.Server.L0.Tests\MS.TF.Git.Server.L0.Tests.dll" adapterTypeName="Microsoft.VisualStudio.TestTools.TestTypes.Unit.UnitTestAdapter" className="MS.TF.Git.Server.L0.Tests.GitServer_GitLfsHandler" name="GitServer_GitLfsHandler_General_RequestTimoutExtended" />
    </UnitTest>
    <UnitTest name="GitServer_GitLfsHandler_General_GitRepositoryNotFound" storage="d:\v2.0\a1\_work\dbded102\bin\release.anycpu\tfs.service\ms.tf.git.server.l0.tests\ms.tf.git.server.l0.tests.dll" priority="1" id="e5615d7d-2aa2-d431-35ac-aaf7ed514f80">
      <Owners>
        <Owner name="tfsgitsvreng" />
      </Owners>
      <Execution id="dfcebd64-d76a-4f26-9c5f-b92b7a626749" />
      <TestMethod codeBase="D:\v2.0\A1\_work\dbded102\bin\Release.AnyCPU\Tfs.Service\MS.TF.Git.Server.L0.Tests\MS.TF.Git.Server.L0.Tests.dll" adapterTypeName="Microsoft.VisualStudio.TestTools.TestTypes.Unit.UnitTestAdapter" className="MS.TF.Git.Server.L0.Tests.GitServer_GitLfsHandler" name="GitServer_GitLfsHandler_General_GitRepositoryNotFound" />
    </UnitTest>
    <UnitTest name="GitServer_GitLfsHandler_General_GitNeedsPermission" storage="d:\v2.0\a1\_work\dbded102\bin\release.anycpu\tfs.service\ms.tf.git.server.l0.tests\ms.tf.git.server.l0.tests.dll" priority="1" id="848d1ad5-78d6-50d7-5abe-d996a665116b">
      <Owners>
        <Owner name="tfsgitsvreng" />
      </Owners>
      <Execution id="c3431abf-b3ce-4bfa-b8bf-232c043aaa43" />
      <TestMethod codeBase="D:\v2.0\A1\_work\dbded102\bin\Release.AnyCPU\Tfs.Service\MS.TF.Git.Server.L0.Tests\MS.TF.Git.Server.L0.Tests.dll" adapterTypeName="Microsoft.VisualStudio.TestTools.TestTypes.Unit.UnitTestAdapter" className="MS.TF.Git.Server.L0.Tests.GitServer_GitLfsHandler" name="GitServer_GitLfsHandler_General_GitNeedsPermission" />
    </UnitTest>
    <UnitTest name="GitServer_GitLfsHandler_General_Exception" storage="d:\v2.0\a1\_work\dbded102\bin\release.anycpu\tfs.service\ms.tf.git.server.l0.tests\ms.tf.git.server.l0.tests.dll" priority="1" id="18ee4e81-299d-21cc-2b37-ecd282b635fa">
      <Owners>
        <Owner name="tfsgitsvreng" />
      </Owners>
      <Execution id="2334bf23-883a-4e4a-8847-0962469b3ad5" />
      <TestMethod codeBase="D:\v2.0\A1\_work\dbded102\bin\Release.AnyCPU\Tfs.Service\MS.TF.Git.Server.L0.Tests\MS.TF.Git.Server.L0.Tests.dll" adapterTypeName="Microsoft.VisualStudio.TestTools.TestTypes.Unit.UnitTestAdapter" className="MS.TF.Git.Server.L0.Tests.GitServer_GitLfsHandler" name="GitServer_GitLfsHandler_General_Exception" />
    </UnitTest>
    <UnitTest name="GitServer_GitLfsHandler_Batch" storage="d:\v2.0\a1\_work\dbded102\bin\release.anycpu\tfs.service\ms.tf.git.server.l0.tests\ms.tf.git.server.l0.tests.dll" priority="1" id="96329ff2-7cd3-222c-76bf-d28a07068368">
      <Owners>
        <Owner name="tfsgitsvreng" />
      </Owners>
      <Execution id="231d5107-fff1-4fe9-8afe-83a4dd6e790f" />
      <TestMethod codeBase="D:\v2.0\A1\_work\dbded102\bin\Release.AnyCPU\Tfs.Service\MS.TF.Git.Server.L0.Tests\MS.TF.Git.Server.L0.Tests.dll" adapterTypeName="Microsoft.VisualStudio.TestTools.TestTypes.Unit.UnitTestAdapter" className="MS.TF.Git.Server.L0.Tests.GitServer_GitLfsHandler" name="GitServer_GitLfsHandler_Batch" />
    </UnitTest>
    <UnitTest name="GitServer_GitLfsHandler_Batch_UnsupportedMediaType" storage="d:\v2.0\a1\_work\dbded102\bin\release.anycpu\tfs.service\ms.tf.git.server.l0.tests\ms.tf.git.server.l0.tests.dll" priority="1" id="5a846174-b7bb-4fc0-7f50-c081254ee146">
      <Owners>
        <Owner name="tfsgitsvreng" />
      </Owners>
      <Execution id="d880eb31-ef30-4c27-a279-0a17b20d02b4" />
      <TestMethod codeBase="D:\v2.0\A1\_work\dbded102\bin\Release.AnyCPU\Tfs.Service\MS.TF.Git.Server.L0.Tests\MS.TF.Git.Server.L0.Tests.dll" adapterTypeName="Microsoft.VisualStudio.TestTools.TestTypes.Unit.UnitTestAdapter" className="MS.TF.Git.Server.L0.Tests.GitServer_GitLfsHandler" name="GitServer_GitLfsHandler_Batch_UnsupportedMediaType" />
    </UnitTest>
    <UnitTest name="GitServer_GitLfsHandler_Batch_InvalidObjectId" storage="d:\v2.0\a1\_work\dbded102\bin\release.anycpu\tfs.service\ms.tf.git.server.l0.tests\ms.tf.git.server.l0.tests.dll" priority="1" id="179195ae-266e-5c50-b481-d23afa5b1d67">
      <Owners>
        <Owner name="tfsgitsvreng" />
      </Owners>
      <Execution id="d2c50cc8-45d3-4c2a-a255-9fb6a0c44541" />
      <TestMethod codeBase="D:\v2.0\A1\_work\dbded102\bin\Release.AnyCPU\Tfs.Service\MS.TF.Git.Server.L0.Tests\MS.TF.Git.Server.L0.Tests.dll" adapterTypeName="Microsoft.VisualStudio.TestTools.TestTypes.Unit.UnitTestAdapter" className="MS.TF.Git.Server.L0.Tests.GitServer_GitLfsHandler" name="GitServer_GitLfsHandler_Batch_InvalidObjectId" />
    </UnitTest>
    <UnitTest name="GitServer_GitLfsHandler_Batch_InvalidSize" storage="d:\v2.0\a1\_work\dbded102\bin\release.anycpu\tfs.service\ms.tf.git.server.l0.tests\ms.tf.git.server.l0.tests.dll" priority="1" id="13aea422-fd56-3119-f28e-4a1d2cd3a9f2">
      <Owners>
        <Owner name="tfsgitsvreng" />
      </Owners>
      <Execution id="f1372a29-d5ab-4999-a028-31344da6a454" />
      <TestMethod codeBase="D:\v2.0\A1\_work\dbded102\bin\Release.AnyCPU\Tfs.Service\MS.TF.Git.Server.L0.Tests\MS.TF.Git.Server.L0.Tests.dll" adapterTypeName="Microsoft.VisualStudio.TestTools.TestTypes.Unit.UnitTestAdapter" className="MS.TF.Git.Server.L0.Tests.GitServer_GitLfsHandler" name="GitServer_GitLfsHandler_Batch_InvalidSize" />
    </UnitTest>
    <UnitTest name="GitServer_GitLfsHandler_Batch_ZeroObjectsRequested" storage="d:\v2.0\a1\_work\dbded102\bin\release.anycpu\tfs.service\ms.tf.git.server.l0.tests\ms.tf.git.server.l0.tests.dll" priority="1" id="8a049682-bd44-dbbe-eaba-33a940f5732d">
      <Owners>
        <Owner name="tfsgitsvreng" />
      </Owners>
      <Execution id="8bfa732a-0dc0-43a0-9d1b-de2fe2323dda" />
      <TestMethod codeBase="D:\v2.0\A1\_work\dbded102\bin\Release.AnyCPU\Tfs.Service\MS.TF.Git.Server.L0.Tests\MS.TF.Git.Server.L0.Tests.dll" adapterTypeName="Microsoft.VisualStudio.TestTools.TestTypes.Unit.UnitTestAdapter" className="MS.TF.Git.Server.L0.Tests.GitServer_GitLfsHandler" name="GitServer_GitLfsHandler_Batch_ZeroObjectsRequested" />
    </UnitTest>
    <UnitTest name="GitServer_GitLfsHandler_Batch_EmptyContents" storage="d:\v2.0\a1\_work\dbded102\bin\release.anycpu\tfs.service\ms.tf.git.server.l0.tests\ms.tf.git.server.l0.tests.dll" priority="1" id="25eac712-7dfb-02f2-af43-0afe91a257ad">
      <Owners>
        <Owner name="tfsgitsvreng" />
      </Owners>
      <Execution id="ff7d7473-64c1-48f5-b055-d77744f3314f" />
      <TestMethod codeBase="D:\v2.0\A1\_work\dbded102\bin\Release.AnyCPU\Tfs.Service\MS.TF.Git.Server.L0.Tests\MS.TF.Git.Server.L0.Tests.dll" adapterTypeName="Microsoft.VisualStudio.TestTools.TestTypes.Unit.UnitTestAdapter" className="MS.TF.Git.Server.L0.Tests.GitServer_GitLfsHandler" name="GitServer_GitLfsHandler_Batch_EmptyContents" />
    </UnitTest>
    <UnitTest name="GitServer_GitLfsHandler_Batch_JsonException" storage="d:\v2.0\a1\_work\dbded102\bin\release.anycpu\tfs.service\ms.tf.git.server.l0.tests\ms.tf.git.server.l0.tests.dll" priority="1" id="1edc08de-96f1-bc7c-b1ae-fb0266d89935">
      <Owners>
        <Owner name="tfsgitsvreng" />
      </Owners>
      <Execution id="d537685b-7225-4c4c-84bf-34342ac5fe63" />
      <TestMethod codeBase="D:\v2.0\A1\_work\dbded102\bin\Release.AnyCPU\Tfs.Service\MS.TF.Git.Server.L0.Tests\MS.TF.Git.Server.L0.Tests.dll" adapterTypeName="Microsoft.VisualStudio.TestTools.TestTypes.Unit.UnitTestAdapter" className="MS.TF.Git.Server.L0.Tests.GitServer_GitLfsHandler" name="GitServer_GitLfsHandler_Batch_JsonException" />
    </UnitTest>
    <UnitTest name="GitServer_GitServerUtils_ExpandHavesAndWants_EmptyWant" storage="d:\v2.0\a1\_work\dbded102\bin\release.anycpu\tfs.service\ms.tf.git.server.l0.tests\ms.tf.git.server.l0.tests.dll" priority="1" id="6192e828-65ee-5223-e743-9fd1c6ff6f63">
      <Owners>
        <Owner name="tfsgitsvreng" />
      </Owners>
      <Execution id="51c09480-117a-49bd-b95e-ebbeedeeb4ed" />
      <TestMethod codeBase="D:\v2.0\A1\_work\dbded102\bin\Release.AnyCPU\Tfs.Service\MS.TF.Git.Server.L0.Tests\MS.TF.Git.Server.L0.Tests.dll" adapterTypeName="Microsoft.VisualStudio.TestTools.TestTypes.Unit.UnitTestAdapter" className="MS.TF.Git.Server.L0.Tests.GitServer_GitServerUtils_ExpandHavesAndWants" name="GitServer_GitServerUtils_ExpandHavesAndWants_EmptyWant" />
    </UnitTest>
    <UnitTest name="GitServer_GitServerUtils_ExpandHavesAndWants_InvalidWant" storage="d:\v2.0\a1\_work\dbded102\bin\release.anycpu\tfs.service\ms.tf.git.server.l0.tests\ms.tf.git.server.l0.tests.dll" priority="1" id="a44d1a7d-22d0-8aef-1ced-7cabb17121b4">
      <Owners>
        <Owner name="tfsgitsvreng" />
      </Owners>
      <Execution id="ba2c892c-31a4-4da0-bc1d-d9e64759c136" />
      <TestMethod codeBase="D:\v2.0\A1\_work\dbded102\bin\Release.AnyCPU\Tfs.Service\MS.TF.Git.Server.L0.Tests\MS.TF.Git.Server.L0.Tests.dll" adapterTypeName="Microsoft.VisualStudio.TestTools.TestTypes.Unit.UnitTestAdapter" className="MS.TF.Git.Server.L0.Tests.GitServer_GitServerUtils_ExpandHavesAndWants" name="GitServer_GitServerUtils_ExpandHavesAndWants_InvalidWant" />
    </UnitTest>
    <UnitTest name="GitServer_GitServerUtils_ExpandHavesAndWants_EmptyHave" storage="d:\v2.0\a1\_work\dbded102\bin\release.anycpu\tfs.service\ms.tf.git.server.l0.tests\ms.tf.git.server.l0.tests.dll" priority="1" id="17367ba2-83bb-2e4d-6c78-c8d8f22580c5">
      <Owners>
        <Owner name="tfsgitsvreng" />
      </Owners>
      <Execution id="01043637-23e2-4274-94e6-871e900f46e5" />
      <TestMethod codeBase="D:\v2.0\A1\_work\dbded102\bin\Release.AnyCPU\Tfs.Service\MS.TF.Git.Server.L0.Tests\MS.TF.Git.Server.L0.Tests.dll" adapterTypeName="Microsoft.VisualStudio.TestTools.TestTypes.Unit.UnitTestAdapter" className="MS.TF.Git.Server.L0.Tests.GitServer_GitServerUtils_ExpandHavesAndWants" name="GitServer_GitServerUtils_ExpandHavesAndWants_EmptyHave" />
    </UnitTest>
    <UnitTest name="GitServer_GitServerUtils_ExpandHavesAndWants_InvalidHave" storage="d:\v2.0\a1\_work\dbded102\bin\release.anycpu\tfs.service\ms.tf.git.server.l0.tests\ms.tf.git.server.l0.tests.dll" priority="1" id="5d4ac29b-36db-2b23-f085-93207bf52b3e">
      <Owners>
        <Owner name="tfsgitsvreng" />
      </Owners>
      <Execution id="4da1c1a9-3ffe-4bf4-af52-41f44d1e3dd5" />
      <TestMethod codeBase="D:\v2.0\A1\_work\dbded102\bin\Release.AnyCPU\Tfs.Service\MS.TF.Git.Server.L0.Tests\MS.TF.Git.Server.L0.Tests.dll" adapterTypeName="Microsoft.VisualStudio.TestTools.TestTypes.Unit.UnitTestAdapter" className="MS.TF.Git.Server.L0.Tests.GitServer_GitServerUtils_ExpandHavesAndWants" name="GitServer_GitServerUtils_ExpandHavesAndWants_InvalidHave" />
    </UnitTest>
    <UnitTest name="GitServer_GitServerUtils_ExpandHavesAndWants_Simple" storage="d:\v2.0\a1\_work\dbded102\bin\release.anycpu\tfs.service\ms.tf.git.server.l0.tests\ms.tf.git.server.l0.tests.dll" priority="1" id="f5875a0a-5abf-776e-8adb-34894a5251dc">
      <Owners>
        <Owner name="tfsgitsvreng" />
      </Owners>
      <Execution id="19d208e9-ba26-470e-b7e9-c1e4ebffca26" />
      <TestMethod codeBase="D:\v2.0\A1\_work\dbded102\bin\Release.AnyCPU\Tfs.Service\MS.TF.Git.Server.L0.Tests\MS.TF.Git.Server.L0.Tests.dll" adapterTypeName="Microsoft.VisualStudio.TestTools.TestTypes.Unit.UnitTestAdapter" className="MS.TF.Git.Server.L0.Tests.GitServer_GitServerUtils_ExpandHavesAndWants" name="GitServer_GitServerUtils_ExpandHavesAndWants_Simple" />
    </UnitTest>
    <UnitTest name="GitServer_GitServerUtils_ExpandHavesAndWants_OneTipMerge" storage="d:\v2.0\a1\_work\dbded102\bin\release.anycpu\tfs.service\ms.tf.git.server.l0.tests\ms.tf.git.server.l0.tests.dll" priority="1" id="d91542ca-f142-1c15-c125-d6fbf44d4a95">
      <Owners>
        <Owner name="tfsgitsvreng" />
      </Owners>
      <Execution id="e792496a-ec48-4fbf-80ae-821c7cc5bdac" />
      <TestMethod codeBase="D:\v2.0\A1\_work\dbded102\bin\Release.AnyCPU\Tfs.Service\MS.TF.Git.Server.L0.Tests\MS.TF.Git.Server.L0.Tests.dll" adapterTypeName="Microsoft.VisualStudio.TestTools.TestTypes.Unit.UnitTestAdapter" className="MS.TF.Git.Server.L0.Tests.GitServer_GitServerUtils_ExpandHavesAndWants" name="GitServer_GitServerUtils_ExpandHavesAndWants_OneTipMerge" />
    </UnitTest>
    <UnitTest name="GitServer_GitServerUtils_ExpandHavesAndWants_ThreeTips" storage="d:\v2.0\a1\_work\dbded102\bin\release.anycpu\tfs.service\ms.tf.git.server.l0.tests\ms.tf.git.server.l0.tests.dll" priority="1" id="e6871751-6fbd-e6a3-b771-2acd5b45ed63">
      <Owners>
        <Owner name="tfsgitsvreng" />
      </Owners>
      <Execution id="e4f88a86-05e5-4705-9795-da28d7513bdd" />
      <TestMethod codeBase="D:\v2.0\A1\_work\dbded102\bin\Release.AnyCPU\Tfs.Service\MS.TF.Git.Server.L0.Tests\MS.TF.Git.Server.L0.Tests.dll" adapterTypeName="Microsoft.VisualStudio.TestTools.TestTypes.Unit.UnitTestAdapter" className="MS.TF.Git.Server.L0.Tests.GitServer_GitServerUtils_ExpandHavesAndWants" name="GitServer_GitServerUtils_ExpandHavesAndWants_ThreeTips" />
    </UnitTest>
    <UnitTest name="GitServer_GitServerUtils_ExpandHavesAndWants_CrissCrossMerge" storage="d:\v2.0\a1\_work\dbded102\bin\release.anycpu\tfs.service\ms.tf.git.server.l0.tests\ms.tf.git.server.l0.tests.dll" priority="1" id="5bfcd854-3543-2bb8-b452-b91d799a5006">
      <Owners>
        <Owner name="tfsgitsvreng" />
      </Owners>
      <Execution id="d2fecb00-0a8b-4edb-ae86-efbe5b53d50c" />
      <TestMethod codeBase="D:\v2.0\A1\_work\dbded102\bin\Release.AnyCPU\Tfs.Service\MS.TF.Git.Server.L0.Tests\MS.TF.Git.Server.L0.Tests.dll" adapterTypeName="Microsoft.VisualStudio.TestTools.TestTypes.Unit.UnitTestAdapter" className="MS.TF.Git.Server.L0.Tests.GitServer_GitServerUtils_ExpandHavesAndWants" name="GitServer_GitServerUtils_ExpandHavesAndWants_CrissCrossMerge" />
    </UnitTest>
    <UnitTest name="GitServer_GitUtils_WindowsUserAgent" storage="d:\v2.0\a1\_work\dbded102\bin\release.anycpu\tfs.service\ms.tf.git.server.l0.tests\ms.tf.git.server.l0.tests.dll" priority="1" id="dfedc884-c831-b7dc-a0dc-cc31cee489b0">
      <Owners>
        <Owner name="tfsgitsvreng" />
      </Owners>
      <Execution id="249cdc97-8525-477c-812a-a33d1a451383" />
      <TestMethod codeBase="D:\v2.0\A1\_work\dbded102\bin\Release.AnyCPU\Tfs.Service\MS.TF.Git.Server.L0.Tests\MS.TF.Git.Server.L0.Tests.dll" adapterTypeName="Microsoft.VisualStudio.TestTools.TestTypes.Unit.UnitTestAdapter" className="MS.TF.Git.Server.L0.Tests.GitServer_GitUtils_UserAgent" name="GitServer_GitUtils_WindowsUserAgent" />
    </UnitTest>
    <UnitTest name="GitServer_GitUtils_NonWindowsUserAgent" storage="d:\v2.0\a1\_work\dbded102\bin\release.anycpu\tfs.service\ms.tf.git.server.l0.tests\ms.tf.git.server.l0.tests.dll" priority="1" id="331cc985-8214-5759-97f5-d7d94da71a82">
      <Owners>
        <Owner name="tfsgitsvreng" />
      </Owners>
      <Execution id="2ed23c06-1876-4cd2-962b-49ac7eac37e9" />
      <TestMethod codeBase="D:\v2.0\A1\_work\dbded102\bin\Release.AnyCPU\Tfs.Service\MS.TF.Git.Server.L0.Tests\MS.TF.Git.Server.L0.Tests.dll" adapterTypeName="Microsoft.VisualStudio.TestTools.TestTypes.Unit.UnitTestAdapter" className="MS.TF.Git.Server.L0.Tests.GitServer_GitUtils_UserAgent" name="GitServer_GitUtils_NonWindowsUserAgent" />
    </UnitTest>
    <UnitTest name="GitServer_ConcurrentObjectPool_InstancesUpToCapacityArePooled" storage="d:\v2.0\a1\_work\dbded102\bin\release.anycpu\tfs.service\ms.tf.git.server.l0.tests\ms.tf.git.server.l0.tests.dll" priority="1" id="b55ecfee-c3dc-4efe-c5c6-8e0cb9ce37bc">
      <Owners>
        <Owner name="tfsgitsvreng" />
      </Owners>
      <Execution id="e306fa6d-be18-4128-a2ed-786bd7c8a78e" />
      <TestMethod codeBase="D:\v2.0\A1\_work\dbded102\bin\Release.AnyCPU\Tfs.Service\MS.TF.Git.Server.L0.Tests\MS.TF.Git.Server.L0.Tests.dll" adapterTypeName="Microsoft.VisualStudio.TestTools.TestTypes.Unit.UnitTestAdapter" className="MS.TF.Git.Server.L0.Tests.GitServer_ConcurrentObjectPool" name="GitServer_ConcurrentObjectPool_InstancesUpToCapacityArePooled" />
    </UnitTest>
    <UnitTest name="GitServer_ConcurrentObjectPool_PruningWorks" storage="d:\v2.0\a1\_work\dbded102\bin\release.anycpu\tfs.service\ms.tf.git.server.l0.tests\ms.tf.git.server.l0.tests.dll" priority="1" id="f8f217f1-3f93-efd2-d0af-adf9978e5e9c">
      <Owners>
        <Owner name="tfsgitsvreng" />
      </Owners>
      <Execution id="861016d0-cca3-412d-96bc-df42b382d8f0" />
      <TestMethod codeBase="D:\v2.0\A1\_work\dbded102\bin\Release.AnyCPU\Tfs.Service\MS.TF.Git.Server.L0.Tests\MS.TF.Git.Server.L0.Tests.dll" adapterTypeName="Microsoft.VisualStudio.TestTools.TestTypes.Unit.UnitTestAdapter" className="MS.TF.Git.Server.L0.Tests.GitServer_ConcurrentObjectPool" name="GitServer_ConcurrentObjectPool_PruningWorks" />
    </UnitTest>
    <UnitTest name="GitServer_ConcurrentObjectPool_AfterDisposeThePoolIsEmptyAndMembersWereDisposed" storage="d:\v2.0\a1\_work\dbded102\bin\release.anycpu\tfs.service\ms.tf.git.server.l0.tests\ms.tf.git.server.l0.tests.dll" priority="1" id="6adf80c5-530c-5507-6045-66fb09916950">
      <Owners>
        <Owner name="tfsgitsvreng" />
      </Owners>
      <Execution id="7c6525be-e02d-403b-ab55-542f8813deb6" />
      <TestMethod codeBase="D:\v2.0\A1\_work\dbded102\bin\Release.AnyCPU\Tfs.Service\MS.TF.Git.Server.L0.Tests\MS.TF.Git.Server.L0.Tests.dll" adapterTypeName="Microsoft.VisualStudio.TestTools.TestTypes.Unit.UnitTestAdapter" className="MS.TF.Git.Server.L0.Tests.GitServer_ConcurrentObjectPool" name="GitServer_ConcurrentObjectPool_AfterDisposeThePoolIsEmptyAndMembersWereDisposed" />
    </UnitTest>
    <UnitTest name="GitServer_GitUtils_IsLegalRefName_TestLegalRefNames" storage="d:\v2.0\a1\_work\dbded102\bin\release.anycpu\tfs.service\ms.tf.git.server.l0.tests\ms.tf.git.server.l0.tests.dll" priority="1" id="f6cbc033-590b-53a6-f2bf-b608ebeac82b">
      <Owners>
        <Owner name="tfsgitsvreng" />
      </Owners>
      <Execution id="54778c46-5df3-42a5-a4f6-d95b5904579b" />
      <TestMethod codeBase="D:\v2.0\A1\_work\dbded102\bin\Release.AnyCPU\Tfs.Service\MS.TF.Git.Server.L0.Tests\MS.TF.Git.Server.L0.Tests.dll" adapterTypeName="Microsoft.VisualStudio.TestTools.TestTypes.Unit.UnitTestAdapter" className="MS.TF.Git.Server.L0.Tests.GitServer_GitUtils_ValidAndLegalRefNames" name="GitServer_GitUtils_IsLegalRefName_TestLegalRefNames" />
    </UnitTest>
    <UnitTest name="GitServer_GitUtils_IsLegalRefName_TestIllegalRefNames" storage="d:\v2.0\a1\_work\dbded102\bin\release.anycpu\tfs.service\ms.tf.git.server.l0.tests\ms.tf.git.server.l0.tests.dll" priority="1" id="26cecb9f-831c-675b-0e17-c176c452b489">
      <Owners>
        <Owner name="tfsgitsvreng" />
      </Owners>
      <Execution id="f9103a3e-3d23-4467-bd10-74c36a5c1d95" />
      <TestMethod codeBase="D:\v2.0\A1\_work\dbded102\bin\Release.AnyCPU\Tfs.Service\MS.TF.Git.Server.L0.Tests\MS.TF.Git.Server.L0.Tests.dll" adapterTypeName="Microsoft.VisualStudio.TestTools.TestTypes.Unit.UnitTestAdapter" className="MS.TF.Git.Server.L0.Tests.GitServer_GitUtils_ValidAndLegalRefNames" name="GitServer_GitUtils_IsLegalRefName_TestIllegalRefNames" />
    </UnitTest>
    <UnitTest name="GitServer_GitUtils_IsValidRefName_TestValidRefNames" storage="d:\v2.0\a1\_work\dbded102\bin\release.anycpu\tfs.service\ms.tf.git.server.l0.tests\ms.tf.git.server.l0.tests.dll" priority="1" id="650e6988-d105-9ce3-3f34-e508e4eb21ee">
      <Owners>
        <Owner name="tfsgitsvreng" />
      </Owners>
      <Execution id="3b136cc3-7441-40c9-afba-eb471d31998e" />
      <TestMethod codeBase="D:\v2.0\A1\_work\dbded102\bin\Release.AnyCPU\Tfs.Service\MS.TF.Git.Server.L0.Tests\MS.TF.Git.Server.L0.Tests.dll" adapterTypeName="Microsoft.VisualStudio.TestTools.TestTypes.Unit.UnitTestAdapter" className="MS.TF.Git.Server.L0.Tests.GitServer_GitUtils_ValidAndLegalRefNames" name="GitServer_GitUtils_IsValidRefName_TestValidRefNames" />
    </UnitTest>
    <UnitTest name="GitServer_GitUtils_IsValidRefName_TestInvalidRefNames" storage="d:\v2.0\a1\_work\dbded102\bin\release.anycpu\tfs.service\ms.tf.git.server.l0.tests\ms.tf.git.server.l0.tests.dll" priority="1" id="082bd733-fed7-0612-ad31-e978da3c95d9">
      <Owners>
        <Owner name="tfsgitsvreng" />
      </Owners>
      <Execution id="192251fa-c7de-4845-a3bb-6b7110c4a637" />
      <TestMethod codeBase="D:\v2.0\A1\_work\dbded102\bin\Release.AnyCPU\Tfs.Service\MS.TF.Git.Server.L0.Tests\MS.TF.Git.Server.L0.Tests.dll" adapterTypeName="Microsoft.VisualStudio.TestTools.TestTypes.Unit.UnitTestAdapter" className="MS.TF.Git.Server.L0.Tests.GitServer_GitUtils_ValidAndLegalRefNames" name="GitServer_GitUtils_IsValidRefName_TestInvalidRefNames" />
    </UnitTest>
    <UnitTest name="GitServer_GitFileUtility_GetFileNameFromPath" storage="d:\v2.0\a1\_work\dbded102\bin\release.anycpu\tfs.service\ms.tf.git.server.l0.tests\ms.tf.git.server.l0.tests.dll" priority="1" id="bcae2db3-f3c3-23f0-dd48-a96936014022">
      <Owners>
        <Owner name="tfsgitsvreng" />
      </Owners>
      <Execution id="605fb352-a35f-48ac-941a-eb1819f47dac" />
      <TestMethod codeBase="D:\v2.0\A1\_work\dbded102\bin\Release.AnyCPU\Tfs.Service\MS.TF.Git.Server.L0.Tests\MS.TF.Git.Server.L0.Tests.dll" adapterTypeName="Microsoft.VisualStudio.TestTools.TestTypes.Unit.UnitTestAdapter" className="MS.TF.Git.Server.L0.Tests.GitServer_GitFileUtility" name="GitServer_GitFileUtility_GetFileNameFromPath" />
    </UnitTest>
    <UnitTest name="GitServer_GitDataFileBase_CreateStream_WholeFileZeroOffset" storage="d:\v2.0\a1\_work\dbded102\bin\release.anycpu\tfs.service\ms.tf.git.server.l0.tests\ms.tf.git.server.l0.tests.dll" priority="1" id="df4be3d7-a77c-6384-58aa-66a04c40ed42">
      <Owners>
        <Owner name="tfsgitsvreng" />
      </Owners>
      <Execution id="46123a29-8eac-4848-a27f-9f384d6fd364" />
      <TestMethod codeBase="D:\v2.0\A1\_work\dbded102\bin\Release.AnyCPU\Tfs.Service\MS.TF.Git.Server.L0.Tests\MS.TF.Git.Server.L0.Tests.dll" adapterTypeName="Microsoft.VisualStudio.TestTools.TestTypes.Unit.UnitTestAdapter" className="MS.TF.Git.Server.L0.Tests.GitServer_GitDataFile_FileStream" name="GitServer_GitDataFileBase_CreateStream_WholeFileZeroOffset" />
    </UnitTest>
    <UnitTest name="GitServer_GitDataFileBase_CreateStream_PartialFileZeroOffset" storage="d:\v2.0\a1\_work\dbded102\bin\release.anycpu\tfs.service\ms.tf.git.server.l0.tests\ms.tf.git.server.l0.tests.dll" priority="1" id="e7a3d513-4b18-31b1-7a49-eee138bd7f0c">
      <Owners>
        <Owner name="tfsgitsvreng" />
      </Owners>
      <Execution id="544deaf9-1e0e-4796-b667-6cee4305dc38" />
      <TestMethod codeBase="D:\v2.0\A1\_work\dbded102\bin\Release.AnyCPU\Tfs.Service\MS.TF.Git.Server.L0.Tests\MS.TF.Git.Server.L0.Tests.dll" adapterTypeName="Microsoft.VisualStudio.TestTools.TestTypes.Unit.UnitTestAdapter" className="MS.TF.Git.Server.L0.Tests.GitServer_GitDataFile_FileStream" name="GitServer_GitDataFileBase_CreateStream_PartialFileZeroOffset" />
    </UnitTest>
    <UnitTest name="GitServer_GitDataFileBase_CreateStream_WholeFileWithOffset" storage="d:\v2.0\a1\_work\dbded102\bin\release.anycpu\tfs.service\ms.tf.git.server.l0.tests\ms.tf.git.server.l0.tests.dll" priority="1" id="419a61a8-d4f9-6962-f710-5e2cd908cb03">
      <Owners>
        <Owner name="tfsgitsvreng" />
      </Owners>
      <Execution id="959bbd6b-904f-4690-834d-b71c200d536a" />
      <TestMethod codeBase="D:\v2.0\A1\_work\dbded102\bin\Release.AnyCPU\Tfs.Service\MS.TF.Git.Server.L0.Tests\MS.TF.Git.Server.L0.Tests.dll" adapterTypeName="Microsoft.VisualStudio.TestTools.TestTypes.Unit.UnitTestAdapter" className="MS.TF.Git.Server.L0.Tests.GitServer_GitDataFile_FileStream" name="GitServer_GitDataFileBase_CreateStream_WholeFileWithOffset" />
    </UnitTest>
    <UnitTest name="GitServer_GitDataFileBase_CreateStream_PartialFileWithOffset" storage="d:\v2.0\a1\_work\dbded102\bin\release.anycpu\tfs.service\ms.tf.git.server.l0.tests\ms.tf.git.server.l0.tests.dll" priority="1" id="a2894619-44a0-3d49-545e-0d8e6619b2b1">
      <Owners>
        <Owner name="tfsgitsvreng" />
      </Owners>
      <Execution id="1e11f4da-a309-4478-a7b9-bc59e8ab0832" />
      <TestMethod codeBase="D:\v2.0\A1\_work\dbded102\bin\Release.AnyCPU\Tfs.Service\MS.TF.Git.Server.L0.Tests\MS.TF.Git.Server.L0.Tests.dll" adapterTypeName="Microsoft.VisualStudio.TestTools.TestTypes.Unit.UnitTestAdapter" className="MS.TF.Git.Server.L0.Tests.GitServer_GitDataFile_FileStream" name="GitServer_GitDataFileBase_CreateStream_PartialFileWithOffset" />
    </UnitTest>
    <UnitTest name="GitServer_GitDataFileBase_CreateStream_WholeFileZeroOffset" storage="d:\v2.0\a1\_work\dbded102\bin\release.anycpu\tfs.service\ms.tf.git.server.l0.tests\ms.tf.git.server.l0.tests.dll" priority="1" id="06a9f03e-41d2-980b-62c6-847417cff0cf">
      <Owners>
        <Owner name="tfsgitsvreng" />
      </Owners>
      <Execution id="18bdaa41-6198-41ae-8875-c4d53753f89d" />
      <TestMethod codeBase="D:\v2.0\A1\_work\dbded102\bin\Release.AnyCPU\Tfs.Service\MS.TF.Git.Server.L0.Tests\MS.TF.Git.Server.L0.Tests.dll" adapterTypeName="Microsoft.VisualStudio.TestTools.TestTypes.Unit.UnitTestAdapter" className="MS.TF.Git.Server.L0.Tests.GitServer_GitDataFile_MemoryMappedFile" name="GitServer_GitDataFileBase_CreateStream_WholeFileZeroOffset" />
    </UnitTest>
    <UnitTest name="GitServer_GitDataFileBase_CreateStream_PartialFileZeroOffset" storage="d:\v2.0\a1\_work\dbded102\bin\release.anycpu\tfs.service\ms.tf.git.server.l0.tests\ms.tf.git.server.l0.tests.dll" priority="1" id="d38e1469-d5be-38e2-a759-c5d05bc88fdb">
      <Owners>
        <Owner name="tfsgitsvreng" />
      </Owners>
      <Execution id="f4642881-9a77-4eda-b512-b3cf744384a4" />
      <TestMethod codeBase="D:\v2.0\A1\_work\dbded102\bin\Release.AnyCPU\Tfs.Service\MS.TF.Git.Server.L0.Tests\MS.TF.Git.Server.L0.Tests.dll" adapterTypeName="Microsoft.VisualStudio.TestTools.TestTypes.Unit.UnitTestAdapter" className="MS.TF.Git.Server.L0.Tests.GitServer_GitDataFile_MemoryMappedFile" name="GitServer_GitDataFileBase_CreateStream_PartialFileZeroOffset" />
    </UnitTest>
    <UnitTest name="GitServer_GitDataFileBase_CreateStream_WholeFileWithOffset" storage="d:\v2.0\a1\_work\dbded102\bin\release.anycpu\tfs.service\ms.tf.git.server.l0.tests\ms.tf.git.server.l0.tests.dll" priority="1" id="e072615d-2495-6677-38de-9052e4774080">
      <Owners>
        <Owner name="tfsgitsvreng" />
      </Owners>
      <Execution id="a94de17e-d85f-4f2e-8f3d-6bfa27ce43cc" />
      <TestMethod codeBase="D:\v2.0\A1\_work\dbded102\bin\Release.AnyCPU\Tfs.Service\MS.TF.Git.Server.L0.Tests\MS.TF.Git.Server.L0.Tests.dll" adapterTypeName="Microsoft.VisualStudio.TestTools.TestTypes.Unit.UnitTestAdapter" className="MS.TF.Git.Server.L0.Tests.GitServer_GitDataFile_MemoryMappedFile" name="GitServer_GitDataFileBase_CreateStream_WholeFileWithOffset" />
    </UnitTest>
    <UnitTest name="GitServer_GitDataFileBase_CreateStream_PartialFileWithOffset" storage="d:\v2.0\a1\_work\dbded102\bin\release.anycpu\tfs.service\ms.tf.git.server.l0.tests\ms.tf.git.server.l0.tests.dll" priority="1" id="2d843b5c-42a1-366a-ba5c-25b4b6a754c8">
      <Owners>
        <Owner name="tfsgitsvreng" />
      </Owners>
      <Execution id="9ac0f7f5-5998-42a3-b0de-dd9977c16752" />
      <TestMethod codeBase="D:\v2.0\A1\_work\dbded102\bin\Release.AnyCPU\Tfs.Service\MS.TF.Git.Server.L0.Tests\MS.TF.Git.Server.L0.Tests.dll" adapterTypeName="Microsoft.VisualStudio.TestTools.TestTypes.Unit.UnitTestAdapter" className="MS.TF.Git.Server.L0.Tests.GitServer_GitDataFile_MemoryMappedFile" name="GitServer_GitDataFileBase_CreateStream_PartialFileWithOffset" />
    </UnitTest>
    <UnitTest name="GitServer_GitDataFileBase_CreateStream_WholeFileZeroOffset" storage="d:\v2.0\a1\_work\dbded102\bin\release.anycpu\tfs.service\ms.tf.git.server.l0.tests\ms.tf.git.server.l0.tests.dll" priority="1" id="57486f21-3422-f721-3077-9bdf645e33e3">
      <Owners>
        <Owner name="tfsgitsvreng" />
      </Owners>
      <Execution id="cab7fd3b-9194-4691-8166-4aa3fc589964" />
      <TestMethod codeBase="D:\v2.0\A1\_work\dbded102\bin\Release.AnyCPU\Tfs.Service\MS.TF.Git.Server.L0.Tests\MS.TF.Git.Server.L0.Tests.dll" adapterTypeName="Microsoft.VisualStudio.TestTools.TestTypes.Unit.UnitTestAdapter" className="MS.TF.Git.Server.L0.Tests.GitServer_GitDataFile2" name="GitServer_GitDataFileBase_CreateStream_WholeFileZeroOffset" />
    </UnitTest>
    <UnitTest name="GitServer_GitDataFileBase_CreateStream_PartialFileZeroOffset" storage="d:\v2.0\a1\_work\dbded102\bin\release.anycpu\tfs.service\ms.tf.git.server.l0.tests\ms.tf.git.server.l0.tests.dll" priority="1" id="e24472da-ba04-74be-e76e-d3852e849714">
      <Owners>
        <Owner name="tfsgitsvreng" />
      </Owners>
      <Execution id="b34acbce-54df-47b7-a845-c54f528d8112" />
      <TestMethod codeBase="D:\v2.0\A1\_work\dbded102\bin\Release.AnyCPU\Tfs.Service\MS.TF.Git.Server.L0.Tests\MS.TF.Git.Server.L0.Tests.dll" adapterTypeName="Microsoft.VisualStudio.TestTools.TestTypes.Unit.UnitTestAdapter" className="MS.TF.Git.Server.L0.Tests.GitServer_GitDataFile2" name="GitServer_GitDataFileBase_CreateStream_PartialFileZeroOffset" />
    </UnitTest>
    <UnitTest name="GitServer_GitDataFileBase_CreateStream_WholeFileWithOffset" storage="d:\v2.0\a1\_work\dbded102\bin\release.anycpu\tfs.service\ms.tf.git.server.l0.tests\ms.tf.git.server.l0.tests.dll" priority="1" id="3983b56f-185a-2a15-9ea7-947f4a7e1567">
      <Owners>
        <Owner name="tfsgitsvreng" />
      </Owners>
      <Execution id="958dd157-9c70-4eb6-8040-b1c49dbcfc5e" />
      <TestMethod codeBase="D:\v2.0\A1\_work\dbded102\bin\Release.AnyCPU\Tfs.Service\MS.TF.Git.Server.L0.Tests\MS.TF.Git.Server.L0.Tests.dll" adapterTypeName="Microsoft.VisualStudio.TestTools.TestTypes.Unit.UnitTestAdapter" className="MS.TF.Git.Server.L0.Tests.GitServer_GitDataFile2" name="GitServer_GitDataFileBase_CreateStream_WholeFileWithOffset" />
    </UnitTest>
    <UnitTest name="GitServer_GitDataFileBase_CreateStream_PartialFileWithOffset" storage="d:\v2.0\a1\_work\dbded102\bin\release.anycpu\tfs.service\ms.tf.git.server.l0.tests\ms.tf.git.server.l0.tests.dll" priority="1" id="a53c825a-5a1d-8767-1c6c-cab543914078">
      <Owners>
        <Owner name="tfsgitsvreng" />
      </Owners>
      <Execution id="ebb9a1f7-4568-4cae-8b56-ca389905627b" />
      <TestMethod codeBase="D:\v2.0\A1\_work\dbded102\bin\Release.AnyCPU\Tfs.Service\MS.TF.Git.Server.L0.Tests\MS.TF.Git.Server.L0.Tests.dll" adapterTypeName="Microsoft.VisualStudio.TestTools.TestTypes.Unit.UnitTestAdapter" className="MS.TF.Git.Server.L0.Tests.GitServer_GitDataFile2" name="GitServer_GitDataFileBase_CreateStream_PartialFileWithOffset" />
    </UnitTest>
    <UnitTest name="GitServer_TfsGitRepoId_CtorThrowsForEmptyParameters" storage="d:\v2.0\a1\_work\dbded102\bin\release.anycpu\tfs.service\ms.tf.git.server.l0.tests\ms.tf.git.server.l0.tests.dll" priority="1" id="0a6580cd-0e72-9161-2500-f3a6bdc08c69">
      <Owners>
        <Owner name="tfsgitsvreng" />
      </Owners>
      <Execution id="ffff3a5d-0141-4ad7-8edb-0ef43d1d190e" />
      <TestMethod codeBase="D:\v2.0\A1\_work\dbded102\bin\Release.AnyCPU\Tfs.Service\MS.TF.Git.Server.L0.Tests\MS.TF.Git.Server.L0.Tests.dll" adapterTypeName="Microsoft.VisualStudio.TestTools.TestTypes.Unit.UnitTestAdapter" className="MS.TF.Git.Server.L0.Tests.GitServer_TfsGitRepoId" name="GitServer_TfsGitRepoId_CtorThrowsForEmptyParameters" />
    </UnitTest>
    <UnitTest name="GitServer_TfsGitRepoId_EqualsAndGetHashCode" storage="d:\v2.0\a1\_work\dbded102\bin\release.anycpu\tfs.service\ms.tf.git.server.l0.tests\ms.tf.git.server.l0.tests.dll" priority="1" id="9b5c9b04-1099-6205-a783-1d6ee9b3255d">
      <Owners>
        <Owner name="tfsgitsvreng" />
      </Owners>
      <Execution id="d5db341a-84b5-4e0d-a50a-76e0e17f5c4b" />
      <TestMethod codeBase="D:\v2.0\A1\_work\dbded102\bin\Release.AnyCPU\Tfs.Service\MS.TF.Git.Server.L0.Tests\MS.TF.Git.Server.L0.Tests.dll" adapterTypeName="Microsoft.VisualStudio.TestTools.TestTypes.Unit.UnitTestAdapter" className="MS.TF.Git.Server.L0.Tests.GitServer_TfsGitRepoId" name="GitServer_TfsGitRepoId_EqualsAndGetHashCode" />
    </UnitTest>
    <UnitTest name="GitServer_GitHttpClient_Constructor_NullPipelineOfHandlers" storage="d:\v2.0\a1\_work\dbded102\bin\release.anycpu\tfs.service\ms.tf.git.server.l0.tests\ms.tf.git.server.l0.tests.dll" priority="1" id="8d8f0565-f6d0-7c13-212b-4fcb9b9ec761">
      <Owners>
        <Owner name="tfsgitsvreng" />
      </Owners>
      <Execution id="4f2d568e-380f-41a9-9951-351457e83437" />
      <TestMethod codeBase="D:\v2.0\A1\_work\dbded102\bin\Release.AnyCPU\Tfs.Service\MS.TF.Git.Server.L0.Tests\MS.TF.Git.Server.L0.Tests.dll" adapterTypeName="Microsoft.VisualStudio.TestTools.TestTypes.Unit.UnitTestAdapter" className="MS.TF.Git.Server.L0.Tests.GitServer_GitHttpClient" name="GitServer_GitHttpClient_Constructor_NullPipelineOfHandlers" />
    </UnitTest>
    <UnitTest name="GitServer_GitHttpClient_Constructor_PipelineOfHandlersContainingNoVssHttpMessageHandler" storage="d:\v2.0\a1\_work\dbded102\bin\release.anycpu\tfs.service\ms.tf.git.server.l0.tests\ms.tf.git.server.l0.tests.dll" priority="1" id="9732c266-5109-cdbd-9f62-3e0ec2996a42">
      <Owners>
        <Owner name="tfsgitsvreng" />
      </Owners>
      <Execution id="688e9f23-7c29-4783-b064-dce85de01d99" />
      <TestMethod codeBase="D:\v2.0\A1\_work\dbded102\bin\Release.AnyCPU\Tfs.Service\MS.TF.Git.Server.L0.Tests\MS.TF.Git.Server.L0.Tests.dll" adapterTypeName="Microsoft.VisualStudio.TestTools.TestTypes.Unit.UnitTestAdapter" className="MS.TF.Git.Server.L0.Tests.GitServer_GitHttpClient" name="GitServer_GitHttpClient_Constructor_PipelineOfHandlersContainingNoVssHttpMessageHandler" />
    </UnitTest>
    <UnitTest name="GitServer_GitHttpClient_Constructor_PipelineOfHandlersContainingVssHttpMessageHandler0Deep" storage="d:\v2.0\a1\_work\dbded102\bin\release.anycpu\tfs.service\ms.tf.git.server.l0.tests\ms.tf.git.server.l0.tests.dll" priority="1" id="4edadefc-7720-ee75-049b-a8156bc380b0">
      <Owners>
        <Owner name="tfsgitsvreng" />
      </Owners>
      <Execution id="8f358052-c930-403d-b958-965fe7a78518" />
      <TestMethod codeBase="D:\v2.0\A1\_work\dbded102\bin\Release.AnyCPU\Tfs.Service\MS.TF.Git.Server.L0.Tests\MS.TF.Git.Server.L0.Tests.dll" adapterTypeName="Microsoft.VisualStudio.TestTools.TestTypes.Unit.UnitTestAdapter" className="MS.TF.Git.Server.L0.Tests.GitServer_GitHttpClient" name="GitServer_GitHttpClient_Constructor_PipelineOfHandlersContainingVssHttpMessageHandler0Deep" />
    </UnitTest>
    <UnitTest name="GitServer_GitHttpClient_Constructor_PipelineOfHandlersContainingVssHttpMessageHandler1Deep" storage="d:\v2.0\a1\_work\dbded102\bin\release.anycpu\tfs.service\ms.tf.git.server.l0.tests\ms.tf.git.server.l0.tests.dll" priority="1" id="8a5b2364-bf59-8652-1255-93fd5e8cd991">
      <Owners>
        <Owner name="tfsgitsvreng" />
      </Owners>
      <Execution id="88fca7b1-80ea-4226-892d-193302a72716" />
      <TestMethod codeBase="D:\v2.0\A1\_work\dbded102\bin\Release.AnyCPU\Tfs.Service\MS.TF.Git.Server.L0.Tests\MS.TF.Git.Server.L0.Tests.dll" adapterTypeName="Microsoft.VisualStudio.TestTools.TestTypes.Unit.UnitTestAdapter" className="MS.TF.Git.Server.L0.Tests.GitServer_GitHttpClient" name="GitServer_GitHttpClient_Constructor_PipelineOfHandlersContainingVssHttpMessageHandler1Deep" />
    </UnitTest>
    <UnitTest name="GitServer_GitHttpClient_Constructor_PipelineOfHandlersContainingVssHttpMessageHandler3Deep" storage="d:\v2.0\a1\_work\dbded102\bin\release.anycpu\tfs.service\ms.tf.git.server.l0.tests\ms.tf.git.server.l0.tests.dll" priority="1" id="d68cc777-6d49-b5d4-7ffb-cfc83da83e55">
      <Owners>
        <Owner name="tfsgitsvreng" />
      </Owners>
      <Execution id="329937e5-1dcb-480a-a3bd-d1f0d49efdc4" />
      <TestMethod codeBase="D:\v2.0\A1\_work\dbded102\bin\Release.AnyCPU\Tfs.Service\MS.TF.Git.Server.L0.Tests\MS.TF.Git.Server.L0.Tests.dll" adapterTypeName="Microsoft.VisualStudio.TestTools.TestTypes.Unit.UnitTestAdapter" className="MS.TF.Git.Server.L0.Tests.GitServer_GitHttpClient" name="GitServer_GitHttpClient_Constructor_PipelineOfHandlersContainingVssHttpMessageHandler3Deep" />
    </UnitTest>
    <UnitTest name="GitServer_GitHttpClient_TryAddParam_NonDefaultParams" storage="d:\v2.0\a1\_work\dbded102\bin\release.anycpu\tfs.service\ms.tf.git.server.l0.tests\ms.tf.git.server.l0.tests.dll" priority="1" id="7bb63fef-7b3f-8d91-8908-ce5561a66b0e">
      <Owners>
        <Owner name="tfsgitsvreng" />
      </Owners>
      <Execution id="7ce07f07-59ef-492d-a4af-eb653d4f68c2" />
      <TestMethod codeBase="D:\v2.0\A1\_work\dbded102\bin\Release.AnyCPU\Tfs.Service\MS.TF.Git.Server.L0.Tests\MS.TF.Git.Server.L0.Tests.dll" adapterTypeName="Microsoft.VisualStudio.TestTools.TestTypes.Unit.UnitTestAdapter" className="MS.TF.Git.Server.L0.Tests.GitServer_GitHttpClient" name="GitServer_GitHttpClient_TryAddParam_NonDefaultParams" />
    </UnitTest>
    <UnitTest name="GitServer_GitHttpClient_TryAddParam_DefaultParams" storage="d:\v2.0\a1\_work\dbded102\bin\release.anycpu\tfs.service\ms.tf.git.server.l0.tests\ms.tf.git.server.l0.tests.dll" priority="1" id="149e5537-8985-8f6d-0b9a-70cac288c455">
      <Owners>
        <Owner name="tfsgitsvreng" />
      </Owners>
      <Execution id="5a7ab665-a206-487f-b2ab-495c196f642f" />
      <TestMethod codeBase="D:\v2.0\A1\_work\dbded102\bin\Release.AnyCPU\Tfs.Service\MS.TF.Git.Server.L0.Tests\MS.TF.Git.Server.L0.Tests.dll" adapterTypeName="Microsoft.VisualStudio.TestTools.TestTypes.Unit.UnitTestAdapter" className="MS.TF.Git.Server.L0.Tests.GitServer_GitHttpClient" name="GitServer_GitHttpClient_TryAddParam_DefaultParams" />
    </UnitTest>
    <UnitTest name="GitServer_WebApi_Serialization_SerializeGitBlobRef" storage="d:\v2.0\a1\_work\dbded102\bin\release.anycpu\tfs.service\ms.tf.git.server.l0.tests\ms.tf.git.server.l0.tests.dll" priority="1" id="158048dc-c637-b07e-7653-1f6b6b58cbde">
      <Owners>
        <Owner name="tfsgitsvreng" />
      </Owners>
      <Execution id="31f2fa44-c291-4ab2-8fb7-320af39c9add" />
      <TestMethod codeBase="D:\v2.0\A1\_work\dbded102\bin\Release.AnyCPU\Tfs.Service\MS.TF.Git.Server.L0.Tests\MS.TF.Git.Server.L0.Tests.dll" adapterTypeName="Microsoft.VisualStudio.TestTools.TestTypes.Unit.UnitTestAdapter" className="MS.TF.Git.Server.L0.Tests.GitServer_WebApi_Serialization" name="GitServer_WebApi_Serialization_SerializeGitBlobRef" />
    </UnitTest>
    <UnitTest name="GitServer_WebApi_Serialization_SerializeGitBranchStats" storage="d:\v2.0\a1\_work\dbded102\bin\release.anycpu\tfs.service\ms.tf.git.server.l0.tests\ms.tf.git.server.l0.tests.dll" priority="1" id="4fb95640-4ece-899e-b627-fda776f98b15">
      <Owners>
        <Owner name="tfsgitsvreng" />
      </Owners>
      <Execution id="0b4ffdea-ca31-421b-aacb-e497db0c99e7" />
      <TestMethod codeBase="D:\v2.0\A1\_work\dbded102\bin\Release.AnyCPU\Tfs.Service\MS.TF.Git.Server.L0.Tests\MS.TF.Git.Server.L0.Tests.dll" adapterTypeName="Microsoft.VisualStudio.TestTools.TestTypes.Unit.UnitTestAdapter" className="MS.TF.Git.Server.L0.Tests.GitServer_WebApi_Serialization" name="GitServer_WebApi_Serialization_SerializeGitBranchStats" />
    </UnitTest>
    <UnitTest name="GitServer_WebApi_Serialization_SerializeGitChange" storage="d:\v2.0\a1\_work\dbded102\bin\release.anycpu\tfs.service\ms.tf.git.server.l0.tests\ms.tf.git.server.l0.tests.dll" priority="1" id="c4ca95be-4793-b273-c460-cbf769f92837">
      <Owners>
        <Owner name="tfsgitsvreng" />
      </Owners>
      <Execution id="79fd0c99-1e9f-49fd-a3fe-75718824bf4b" />
      <TestMethod codeBase="D:\v2.0\A1\_work\dbded102\bin\Release.AnyCPU\Tfs.Service\MS.TF.Git.Server.L0.Tests\MS.TF.Git.Server.L0.Tests.dll" adapterTypeName="Microsoft.VisualStudio.TestTools.TestTypes.Unit.UnitTestAdapter" className="MS.TF.Git.Server.L0.Tests.GitServer_WebApi_Serialization" name="GitServer_WebApi_Serialization_SerializeGitChange" />
    </UnitTest>
    <UnitTest name="GitServer_WebApi_Serialization_SerializeGitCommit" storage="d:\v2.0\a1\_work\dbded102\bin\release.anycpu\tfs.service\ms.tf.git.server.l0.tests\ms.tf.git.server.l0.tests.dll" priority="1" id="c08753fd-4d89-fe03-b0a6-428c135d3e23">
      <Owners>
        <Owner name="tfsgitsvreng" />
      </Owners>
      <Execution id="7d6c6d23-c704-4a77-8920-60661cebbb0f" />
      <TestMethod codeBase="D:\v2.0\A1\_work\dbded102\bin\Release.AnyCPU\Tfs.Service\MS.TF.Git.Server.L0.Tests\MS.TF.Git.Server.L0.Tests.dll" adapterTypeName="Microsoft.VisualStudio.TestTools.TestTypes.Unit.UnitTestAdapter" className="MS.TF.Git.Server.L0.Tests.GitServer_WebApi_Serialization" name="GitServer_WebApi_Serialization_SerializeGitCommit" />
    </UnitTest>
    <UnitTest name="GitServer_WebApi_Serialization_SerializeGitCommitChanges" storage="d:\v2.0\a1\_work\dbded102\bin\release.anycpu\tfs.service\ms.tf.git.server.l0.tests\ms.tf.git.server.l0.tests.dll" priority="1" id="98eae954-7555-091f-d6b1-9539dc7f538a">
      <Owners>
        <Owner name="tfsgitsvreng" />
      </Owners>
      <Execution id="9406009f-f5d2-46d0-a5ce-c969d84bb647" />
      <TestMethod codeBase="D:\v2.0\A1\_work\dbded102\bin\Release.AnyCPU\Tfs.Service\MS.TF.Git.Server.L0.Tests\MS.TF.Git.Server.L0.Tests.dll" adapterTypeName="Microsoft.VisualStudio.TestTools.TestTypes.Unit.UnitTestAdapter" className="MS.TF.Git.Server.L0.Tests.GitServer_WebApi_Serialization" name="GitServer_WebApi_Serialization_SerializeGitCommitChanges" />
    </UnitTest>
    <UnitTest name="GitServer_WebApi_Serialization_SerializeGitCommitDiffs" storage="d:\v2.0\a1\_work\dbded102\bin\release.anycpu\tfs.service\ms.tf.git.server.l0.tests\ms.tf.git.server.l0.tests.dll" priority="1" id="ed176858-4846-6700-3b58-1911029de074">
      <Owners>
        <Owner name="tfsgitsvreng" />
      </Owners>
      <Execution id="13eab0fd-8916-4f11-a3c7-af74372b5f11" />
      <TestMethod codeBase="D:\v2.0\A1\_work\dbded102\bin\Release.AnyCPU\Tfs.Service\MS.TF.Git.Server.L0.Tests\MS.TF.Git.Server.L0.Tests.dll" adapterTypeName="Microsoft.VisualStudio.TestTools.TestTypes.Unit.UnitTestAdapter" className="MS.TF.Git.Server.L0.Tests.GitServer_WebApi_Serialization" name="GitServer_WebApi_Serialization_SerializeGitCommitDiffs" />
    </UnitTest>
    <UnitTest name="GitServer_WebApi_Serialization_SerializeGitCommitRef" storage="d:\v2.0\a1\_work\dbded102\bin\release.anycpu\tfs.service\ms.tf.git.server.l0.tests\ms.tf.git.server.l0.tests.dll" priority="1" id="9599114c-665b-9878-0d6c-bfcb24e54814">
      <Owners>
        <Owner name="tfsgitsvreng" />
      </Owners>
      <Execution id="c9d86b17-9b46-4ff7-bae7-84fa5dd933b3" />
      <TestMethod codeBase="D:\v2.0\A1\_work\dbded102\bin\Release.AnyCPU\Tfs.Service\MS.TF.Git.Server.L0.Tests\MS.TF.Git.Server.L0.Tests.dll" adapterTypeName="Microsoft.VisualStudio.TestTools.TestTypes.Unit.UnitTestAdapter" className="MS.TF.Git.Server.L0.Tests.GitServer_WebApi_Serialization" name="GitServer_WebApi_Serialization_SerializeGitCommitRef" />
    </UnitTest>
    <UnitTest name="GitServer_WebApi_Serialization_SerializeGitCommitToCreate" storage="d:\v2.0\a1\_work\dbded102\bin\release.anycpu\tfs.service\ms.tf.git.server.l0.tests\ms.tf.git.server.l0.tests.dll" priority="1" id="728f09db-7303-bba4-ad67-346e585fac8e">
      <Owners>
        <Owner name="tfsgitsvreng" />
      </Owners>
      <Execution id="316f141f-012d-4df2-85b0-3baeefbc4a33" />
      <TestMethod codeBase="D:\v2.0\A1\_work\dbded102\bin\Release.AnyCPU\Tfs.Service\MS.TF.Git.Server.L0.Tests\MS.TF.Git.Server.L0.Tests.dll" adapterTypeName="Microsoft.VisualStudio.TestTools.TestTypes.Unit.UnitTestAdapter" className="MS.TF.Git.Server.L0.Tests.GitServer_WebApi_Serialization" name="GitServer_WebApi_Serialization_SerializeGitCommitToCreate" />
    </UnitTest>
    <UnitTest name="GitServer_WebApi_Serialization_SerializeGitHistoryQueryResults" storage="d:\v2.0\a1\_work\dbded102\bin\release.anycpu\tfs.service\ms.tf.git.server.l0.tests\ms.tf.git.server.l0.tests.dll" priority="1" id="2f3f5498-6397-e2a8-9e59-5c854c5feab5">
      <Owners>
        <Owner name="tfsgitsvreng" />
      </Owners>
      <Execution id="d5158cbf-315c-468d-881b-b4f8fbf55f60" />
      <TestMethod codeBase="D:\v2.0\A1\_work\dbded102\bin\Release.AnyCPU\Tfs.Service\MS.TF.Git.Server.L0.Tests\MS.TF.Git.Server.L0.Tests.dll" adapterTypeName="Microsoft.VisualStudio.TestTools.TestTypes.Unit.UnitTestAdapter" className="MS.TF.Git.Server.L0.Tests.GitServer_WebApi_Serialization" name="GitServer_WebApi_Serialization_SerializeGitHistoryQueryResults" />
    </UnitTest>
    <UnitTest name="GitServer_WebApi_Serialization_SerializeGitItem" storage="d:\v2.0\a1\_work\dbded102\bin\release.anycpu\tfs.service\ms.tf.git.server.l0.tests\ms.tf.git.server.l0.tests.dll" priority="1" id="42d27f65-021e-1f83-ef4c-a80ef4ea363e">
      <Owners>
        <Owner name="tfsgitsvreng" />
      </Owners>
      <Execution id="b2e93194-eeb0-457c-a6ae-a40e09897d4a" />
      <TestMethod codeBase="D:\v2.0\A1\_work\dbded102\bin\Release.AnyCPU\Tfs.Service\MS.TF.Git.Server.L0.Tests\MS.TF.Git.Server.L0.Tests.dll" adapterTypeName="Microsoft.VisualStudio.TestTools.TestTypes.Unit.UnitTestAdapter" className="MS.TF.Git.Server.L0.Tests.GitServer_WebApi_Serialization" name="GitServer_WebApi_Serialization_SerializeGitItem" />
    </UnitTest>
    <UnitTest name="GitServer_WebApi_Serialization_SerializeGitItemDescriptor" storage="d:\v2.0\a1\_work\dbded102\bin\release.anycpu\tfs.service\ms.tf.git.server.l0.tests\ms.tf.git.server.l0.tests.dll" priority="1" id="5503e7bb-0ace-3fff-07ff-327b9c0c38a6">
      <Owners>
        <Owner name="tfsgitsvreng" />
      </Owners>
      <Execution id="774bb3de-ea35-4f0b-89a1-da7793a76d3e" />
      <TestMethod codeBase="D:\v2.0\A1\_work\dbded102\bin\Release.AnyCPU\Tfs.Service\MS.TF.Git.Server.L0.Tests\MS.TF.Git.Server.L0.Tests.dll" adapterTypeName="Microsoft.VisualStudio.TestTools.TestTypes.Unit.UnitTestAdapter" className="MS.TF.Git.Server.L0.Tests.GitServer_WebApi_Serialization" name="GitServer_WebApi_Serialization_SerializeGitItemDescriptor" />
    </UnitTest>
    <UnitTest name="GitServer_WebApi_Serialization_SerializeGitItemRequestData" storage="d:\v2.0\a1\_work\dbded102\bin\release.anycpu\tfs.service\ms.tf.git.server.l0.tests\ms.tf.git.server.l0.tests.dll" priority="1" id="c56dcc51-f35b-60f8-1501-f04965600adc">
      <Owners>
        <Owner name="tfsgitsvreng" />
      </Owners>
      <Execution id="49fd8768-b4c2-488b-ac22-23efa548c454" />
      <TestMethod codeBase="D:\v2.0\A1\_work\dbded102\bin\Release.AnyCPU\Tfs.Service\MS.TF.Git.Server.L0.Tests\MS.TF.Git.Server.L0.Tests.dll" adapterTypeName="Microsoft.VisualStudio.TestTools.TestTypes.Unit.UnitTestAdapter" className="MS.TF.Git.Server.L0.Tests.GitServer_WebApi_Serialization" name="GitServer_WebApi_Serialization_SerializeGitItemRequestData" />
    </UnitTest>
    <UnitTest name="GitServer_WebApi_Serialization_SerializeGitItemsCollection" storage="d:\v2.0\a1\_work\dbded102\bin\release.anycpu\tfs.service\ms.tf.git.server.l0.tests\ms.tf.git.server.l0.tests.dll" priority="1" id="f3009cde-2aff-e6cc-0a61-d6b7f1440910">
      <Owners>
        <Owner name="tfsgitsvreng" />
      </Owners>
      <Execution id="ec48a4bf-1213-45b3-855b-62296fdefdc2" />
      <TestMethod codeBase="D:\v2.0\A1\_work\dbded102\bin\Release.AnyCPU\Tfs.Service\MS.TF.Git.Server.L0.Tests\MS.TF.Git.Server.L0.Tests.dll" adapterTypeName="Microsoft.VisualStudio.TestTools.TestTypes.Unit.UnitTestAdapter" className="MS.TF.Git.Server.L0.Tests.GitServer_WebApi_Serialization" name="GitServer_WebApi_Serialization_SerializeGitItemsCollection" />
    </UnitTest>
    <UnitTest name="GitServer_WebApi_Serialization_SerializeGitMediaObjectMetadata" storage="d:\v2.0\a1\_work\dbded102\bin\release.anycpu\tfs.service\ms.tf.git.server.l0.tests\ms.tf.git.server.l0.tests.dll" priority="1" id="b6813c2c-796c-1ee2-01f0-1df0578a18b1">
      <Owners>
        <Owner name="tfsgitsvreng" />
      </Owners>
      <Execution id="3371a9b0-6401-4b41-8403-2a004af99f64" />
      <TestMethod codeBase="D:\v2.0\A1\_work\dbded102\bin\Release.AnyCPU\Tfs.Service\MS.TF.Git.Server.L0.Tests\MS.TF.Git.Server.L0.Tests.dll" adapterTypeName="Microsoft.VisualStudio.TestTools.TestTypes.Unit.UnitTestAdapter" className="MS.TF.Git.Server.L0.Tests.GitServer_WebApi_Serialization" name="GitServer_WebApi_Serialization_SerializeGitMediaObjectMetadata" />
    </UnitTest>
    <UnitTest name="GitServer_WebApi_Serialization_SerializeGitObjectType" storage="d:\v2.0\a1\_work\dbded102\bin\release.anycpu\tfs.service\ms.tf.git.server.l0.tests\ms.tf.git.server.l0.tests.dll" priority="1" id="f8ba6d89-8b25-bbb9-37ff-9042297fe479">
      <Owners>
        <Owner name="tfsgitsvreng" />
      </Owners>
      <Execution id="8c45ca8e-a5c3-466c-b66a-038d1fe43cd8" />
      <TestMethod codeBase="D:\v2.0\A1\_work\dbded102\bin\Release.AnyCPU\Tfs.Service\MS.TF.Git.Server.L0.Tests\MS.TF.Git.Server.L0.Tests.dll" adapterTypeName="Microsoft.VisualStudio.TestTools.TestTypes.Unit.UnitTestAdapter" className="MS.TF.Git.Server.L0.Tests.GitServer_WebApi_Serialization" name="GitServer_WebApi_Serialization_SerializeGitObjectType" />
    </UnitTest>
    <UnitTest name="GitServer_WebApi_Serialization_SerializeGitPathAction" storage="d:\v2.0\a1\_work\dbded102\bin\release.anycpu\tfs.service\ms.tf.git.server.l0.tests\ms.tf.git.server.l0.tests.dll" priority="1" id="4628a66e-5914-0890-3613-043241fedf2e">
      <Owners>
        <Owner name="tfsgitsvreng" />
      </Owners>
      <Execution id="53f35c8c-71c4-4403-bde8-fe4dca8de1d2" />
      <TestMethod codeBase="D:\v2.0\A1\_work\dbded102\bin\Release.AnyCPU\Tfs.Service\MS.TF.Git.Server.L0.Tests\MS.TF.Git.Server.L0.Tests.dll" adapterTypeName="Microsoft.VisualStudio.TestTools.TestTypes.Unit.UnitTestAdapter" className="MS.TF.Git.Server.L0.Tests.GitServer_WebApi_Serialization" name="GitServer_WebApi_Serialization_SerializeGitPathAction" />
    </UnitTest>
    <UnitTest name="GitServer_WebApi_Serialization_SerializeGitPullRequestSearchCriteria" storage="d:\v2.0\a1\_work\dbded102\bin\release.anycpu\tfs.service\ms.tf.git.server.l0.tests\ms.tf.git.server.l0.tests.dll" priority="1" id="62939b6f-5d64-1be1-32f9-e89a05fbaf85">
      <Owners>
        <Owner name="tfsgitsvreng" />
      </Owners>
      <Execution id="22baced3-bc90-428e-800e-658824239f6c" />
      <TestMethod codeBase="D:\v2.0\A1\_work\dbded102\bin\Release.AnyCPU\Tfs.Service\MS.TF.Git.Server.L0.Tests\MS.TF.Git.Server.L0.Tests.dll" adapterTypeName="Microsoft.VisualStudio.TestTools.TestTypes.Unit.UnitTestAdapter" className="MS.TF.Git.Server.L0.Tests.GitServer_WebApi_Serialization" name="GitServer_WebApi_Serialization_SerializeGitPullRequestSearchCriteria" />
    </UnitTest>
    <UnitTest name="GitServer_WebApi_Serialization_SerializeGitPush" storage="d:\v2.0\a1\_work\dbded102\bin\release.anycpu\tfs.service\ms.tf.git.server.l0.tests\ms.tf.git.server.l0.tests.dll" priority="1" id="3400d04d-dd38-9388-37b0-86c0c74f3c11">
      <Owners>
        <Owner name="tfsgitsvreng" />
      </Owners>
      <Execution id="29b92906-f9e3-45ce-a53e-5e83798eaeec" />
      <TestMethod codeBase="D:\v2.0\A1\_work\dbded102\bin\Release.AnyCPU\Tfs.Service\MS.TF.Git.Server.L0.Tests\MS.TF.Git.Server.L0.Tests.dll" adapterTypeName="Microsoft.VisualStudio.TestTools.TestTypes.Unit.UnitTestAdapter" className="MS.TF.Git.Server.L0.Tests.GitServer_WebApi_Serialization" name="GitServer_WebApi_Serialization_SerializeGitPush" />
    </UnitTest>
    <UnitTest name="GitServer_WebApi_Serialization_SerializeGitPushEventData" storage="d:\v2.0\a1\_work\dbded102\bin\release.anycpu\tfs.service\ms.tf.git.server.l0.tests\ms.tf.git.server.l0.tests.dll" priority="1" id="1ac80c6e-cd24-723d-1cfa-2ebe90f25c3d">
      <Owners>
        <Owner name="tfsgitsvreng" />
      </Owners>
      <Execution id="ce776f27-4de9-4eed-acc7-954658835cf4" />
      <TestMethod codeBase="D:\v2.0\A1\_work\dbded102\bin\Release.AnyCPU\Tfs.Service\MS.TF.Git.Server.L0.Tests\MS.TF.Git.Server.L0.Tests.dll" adapterTypeName="Microsoft.VisualStudio.TestTools.TestTypes.Unit.UnitTestAdapter" className="MS.TF.Git.Server.L0.Tests.GitServer_WebApi_Serialization" name="GitServer_WebApi_Serialization_SerializeGitPushEventData" />
    </UnitTest>
    <UnitTest name="GitServer_WebApi_Serialization_SerializeGitPushRef" storage="d:\v2.0\a1\_work\dbded102\bin\release.anycpu\tfs.service\ms.tf.git.server.l0.tests\ms.tf.git.server.l0.tests.dll" priority="1" id="15436299-80bf-1cce-9d7c-198bcb92cdfd">
      <Owners>
        <Owner name="tfsgitsvreng" />
      </Owners>
      <Execution id="0ed1b933-2967-4788-b06b-5437c636e9ba" />
      <TestMethod codeBase="D:\v2.0\A1\_work\dbded102\bin\Release.AnyCPU\Tfs.Service\MS.TF.Git.Server.L0.Tests\MS.TF.Git.Server.L0.Tests.dll" adapterTypeName="Microsoft.VisualStudio.TestTools.TestTypes.Unit.UnitTestAdapter" className="MS.TF.Git.Server.L0.Tests.GitServer_WebApi_Serialization" name="GitServer_WebApi_Serialization_SerializeGitPushRef" />
    </UnitTest>
    <UnitTest name="GitServer_WebApi_Serialization_SerializeGitPushSearchCriteria" storage="d:\v2.0\a1\_work\dbded102\bin\release.anycpu\tfs.service\ms.tf.git.server.l0.tests\ms.tf.git.server.l0.tests.dll" priority="1" id="b86f017c-cf3c-2831-91a3-e44ce1d67a79">
      <Owners>
        <Owner name="tfsgitsvreng" />
      </Owners>
      <Execution id="9174d288-b955-4e16-a241-22a393167ab8" />
      <TestMethod codeBase="D:\v2.0\A1\_work\dbded102\bin\Release.AnyCPU\Tfs.Service\MS.TF.Git.Server.L0.Tests\MS.TF.Git.Server.L0.Tests.dll" adapterTypeName="Microsoft.VisualStudio.TestTools.TestTypes.Unit.UnitTestAdapter" className="MS.TF.Git.Server.L0.Tests.GitServer_WebApi_Serialization" name="GitServer_WebApi_Serialization_SerializeGitPushSearchCriteria" />
    </UnitTest>
    <UnitTest name="GitServer_WebApi_Serialization_SerializeGitQueryCommitsCriteria" storage="d:\v2.0\a1\_work\dbded102\bin\release.anycpu\tfs.service\ms.tf.git.server.l0.tests\ms.tf.git.server.l0.tests.dll" priority="1" id="3a6610d8-bd34-b131-744e-ae34f3b2bdea">
      <Owners>
        <Owner name="tfsgitsvreng" />
      </Owners>
      <Execution id="e93a8ab4-0c48-41c7-aa4b-2043a5f752f4" />
      <TestMethod codeBase="D:\v2.0\A1\_work\dbded102\bin\Release.AnyCPU\Tfs.Service\MS.TF.Git.Server.L0.Tests\MS.TF.Git.Server.L0.Tests.dll" adapterTypeName="Microsoft.VisualStudio.TestTools.TestTypes.Unit.UnitTestAdapter" className="MS.TF.Git.Server.L0.Tests.GitServer_WebApi_Serialization" name="GitServer_WebApi_Serialization_SerializeGitQueryCommitsCriteria" />
    </UnitTest>
    <UnitTest name="GitServer_WebApi_Serialization_SerializeGitRef" storage="d:\v2.0\a1\_work\dbded102\bin\release.anycpu\tfs.service\ms.tf.git.server.l0.tests\ms.tf.git.server.l0.tests.dll" priority="1" id="a627d876-c3c8-4b41-e77d-02bbd42041aa">
      <Owners>
        <Owner name="tfsgitsvreng" />
      </Owners>
      <Execution id="eaede649-13ec-4621-9d29-12b7f036935f" />
      <TestMethod codeBase="D:\v2.0\A1\_work\dbded102\bin\Release.AnyCPU\Tfs.Service\MS.TF.Git.Server.L0.Tests\MS.TF.Git.Server.L0.Tests.dll" adapterTypeName="Microsoft.VisualStudio.TestTools.TestTypes.Unit.UnitTestAdapter" className="MS.TF.Git.Server.L0.Tests.GitServer_WebApi_Serialization" name="GitServer_WebApi_Serialization_SerializeGitRef" />
    </UnitTest>
    <UnitTest name="GitServer_WebApi_Serialization_SerializeGitRefsCollection" storage="d:\v2.0\a1\_work\dbded102\bin\release.anycpu\tfs.service\ms.tf.git.server.l0.tests\ms.tf.git.server.l0.tests.dll" priority="1" id="2d43ae54-d503-704f-cd3b-679f6f2fa8f6">
      <Owners>
        <Owner name="tfsgitsvreng" />
      </Owners>
      <Execution id="3ceec898-f8f4-4a9a-b054-2e2f74f3d23a" />
      <TestMethod codeBase="D:\v2.0\A1\_work\dbded102\bin\Release.AnyCPU\Tfs.Service\MS.TF.Git.Server.L0.Tests\MS.TF.Git.Server.L0.Tests.dll" adapterTypeName="Microsoft.VisualStudio.TestTools.TestTypes.Unit.UnitTestAdapter" className="MS.TF.Git.Server.L0.Tests.GitServer_WebApi_Serialization" name="GitServer_WebApi_Serialization_SerializeGitRefsCollection" />
    </UnitTest>
    <UnitTest name="GitServer_WebApi_Serialization_SerializeGitRefUpdate" storage="d:\v2.0\a1\_work\dbded102\bin\release.anycpu\tfs.service\ms.tf.git.server.l0.tests\ms.tf.git.server.l0.tests.dll" priority="1" id="9be509b2-efd8-8210-cf24-21e1f8493f0c">
      <Owners>
        <Owner name="tfsgitsvreng" />
      </Owners>
      <Execution id="0f2ce039-50d5-438c-a0fe-4c2a03208dd8" />
      <TestMethod codeBase="D:\v2.0\A1\_work\dbded102\bin\Release.AnyCPU\Tfs.Service\MS.TF.Git.Server.L0.Tests\MS.TF.Git.Server.L0.Tests.dll" adapterTypeName="Microsoft.VisualStudio.TestTools.TestTypes.Unit.UnitTestAdapter" className="MS.TF.Git.Server.L0.Tests.GitServer_WebApi_Serialization" name="GitServer_WebApi_Serialization_SerializeGitRefUpdate" />
    </UnitTest>
    <UnitTest name="GitServer_WebApi_Serialization_SerializeGitRefUpdateMode" storage="d:\v2.0\a1\_work\dbded102\bin\release.anycpu\tfs.service\ms.tf.git.server.l0.tests\ms.tf.git.server.l0.tests.dll" priority="1" id="49403d3e-10bf-00ae-619a-66a3fd7b85b7">
      <Owners>
        <Owner name="tfsgitsvreng" />
      </Owners>
      <Execution id="836057a0-3a66-4690-a3a1-2ea2434292ea" />
      <TestMethod codeBase="D:\v2.0\A1\_work\dbded102\bin\Release.AnyCPU\Tfs.Service\MS.TF.Git.Server.L0.Tests\MS.TF.Git.Server.L0.Tests.dll" adapterTypeName="Microsoft.VisualStudio.TestTools.TestTypes.Unit.UnitTestAdapter" className="MS.TF.Git.Server.L0.Tests.GitServer_WebApi_Serialization" name="GitServer_WebApi_Serialization_SerializeGitRefUpdateMode" />
    </UnitTest>
    <UnitTest name="GitServer_WebApi_Serialization_SerializeGitRefUpdateResult" storage="d:\v2.0\a1\_work\dbded102\bin\release.anycpu\tfs.service\ms.tf.git.server.l0.tests\ms.tf.git.server.l0.tests.dll" priority="1" id="a98a1147-cc64-c839-f75c-946f777de236">
      <Owners>
        <Owner name="tfsgitsvreng" />
      </Owners>
      <Execution id="6104ae61-389d-4b98-9069-eae4d61f531f" />
      <TestMethod codeBase="D:\v2.0\A1\_work\dbded102\bin\Release.AnyCPU\Tfs.Service\MS.TF.Git.Server.L0.Tests\MS.TF.Git.Server.L0.Tests.dll" adapterTypeName="Microsoft.VisualStudio.TestTools.TestTypes.Unit.UnitTestAdapter" className="MS.TF.Git.Server.L0.Tests.GitServer_WebApi_Serialization" name="GitServer_WebApi_Serialization_SerializeGitRefUpdateResult" />
    </UnitTest>
    <UnitTest name="GitServer_WebApi_Serialization_SerializeGitRepositoriesCollection" storage="d:\v2.0\a1\_work\dbded102\bin\release.anycpu\tfs.service\ms.tf.git.server.l0.tests\ms.tf.git.server.l0.tests.dll" priority="1" id="ae88e2ad-fb0a-0d91-b70c-2b505d7accee">
      <Owners>
        <Owner name="tfsgitsvreng" />
      </Owners>
      <Execution id="236d629a-5666-47a1-9b56-8d2894ebad20" />
      <TestMethod codeBase="D:\v2.0\A1\_work\dbded102\bin\Release.AnyCPU\Tfs.Service\MS.TF.Git.Server.L0.Tests\MS.TF.Git.Server.L0.Tests.dll" adapterTypeName="Microsoft.VisualStudio.TestTools.TestTypes.Unit.UnitTestAdapter" className="MS.TF.Git.Server.L0.Tests.GitServer_WebApi_Serialization" name="GitServer_WebApi_Serialization_SerializeGitRepositoriesCollection" />
    </UnitTest>
    <UnitTest name="GitServer_WebApi_Serialization_SerializeGitRepository" storage="d:\v2.0\a1\_work\dbded102\bin\release.anycpu\tfs.service\ms.tf.git.server.l0.tests\ms.tf.git.server.l0.tests.dll" priority="1" id="6d627144-d0c7-f26f-4314-47b740f2fe11">
      <Owners>
        <Owner name="tfsgitsvreng" />
      </Owners>
      <Execution id="8d32d753-1ba9-4644-968b-7c3211980589" />
      <TestMethod codeBase="D:\v2.0\A1\_work\dbded102\bin\Release.AnyCPU\Tfs.Service\MS.TF.Git.Server.L0.Tests\MS.TF.Git.Server.L0.Tests.dll" adapterTypeName="Microsoft.VisualStudio.TestTools.TestTypes.Unit.UnitTestAdapter" className="MS.TF.Git.Server.L0.Tests.GitServer_WebApi_Serialization" name="GitServer_WebApi_Serialization_SerializeGitRepository" />
    </UnitTest>
    <UnitTest name="GitServer_WebApi_Serialization_SerializeGitTreeEntryRef" storage="d:\v2.0\a1\_work\dbded102\bin\release.anycpu\tfs.service\ms.tf.git.server.l0.tests\ms.tf.git.server.l0.tests.dll" priority="1" id="bfddc10e-f500-3bcb-aee8-90f923abb00d">
      <Owners>
        <Owner name="tfsgitsvreng" />
      </Owners>
      <Execution id="0430b8ff-4a71-44e6-8420-d0d3f6fcf3da" />
      <TestMethod codeBase="D:\v2.0\A1\_work\dbded102\bin\Release.AnyCPU\Tfs.Service\MS.TF.Git.Server.L0.Tests\MS.TF.Git.Server.L0.Tests.dll" adapterTypeName="Microsoft.VisualStudio.TestTools.TestTypes.Unit.UnitTestAdapter" className="MS.TF.Git.Server.L0.Tests.GitServer_WebApi_Serialization" name="GitServer_WebApi_Serialization_SerializeGitTreeEntryRef" />
    </UnitTest>
    <UnitTest name="GitServer_WebApi_Serialization_SerializeGitTreeRef" storage="d:\v2.0\a1\_work\dbded102\bin\release.anycpu\tfs.service\ms.tf.git.server.l0.tests\ms.tf.git.server.l0.tests.dll" priority="1" id="dee8f964-6043-d210-064e-19193fa92c3a">
      <Owners>
        <Owner name="tfsgitsvreng" />
      </Owners>
      <Execution id="da3507a2-3798-4a4d-bfdd-5c2e663b0fb9" />
      <TestMethod codeBase="D:\v2.0\A1\_work\dbded102\bin\Release.AnyCPU\Tfs.Service\MS.TF.Git.Server.L0.Tests\MS.TF.Git.Server.L0.Tests.dll" adapterTypeName="Microsoft.VisualStudio.TestTools.TestTypes.Unit.UnitTestAdapter" className="MS.TF.Git.Server.L0.Tests.GitServer_WebApi_Serialization" name="GitServer_WebApi_Serialization_SerializeGitTreeRef" />
    </UnitTest>
    <UnitTest name="GitServer_WebApi_Serialization_SerializeGitUserDate" storage="d:\v2.0\a1\_work\dbded102\bin\release.anycpu\tfs.service\ms.tf.git.server.l0.tests\ms.tf.git.server.l0.tests.dll" priority="1" id="27976c9d-cbb9-b7a2-4ab6-87d243656bee">
      <Owners>
        <Owner name="tfsgitsvreng" />
      </Owners>
      <Execution id="b8a6b96e-e946-44a1-a1e3-89099257ae31" />
      <TestMethod codeBase="D:\v2.0\A1\_work\dbded102\bin\Release.AnyCPU\Tfs.Service\MS.TF.Git.Server.L0.Tests\MS.TF.Git.Server.L0.Tests.dll" adapterTypeName="Microsoft.VisualStudio.TestTools.TestTypes.Unit.UnitTestAdapter" className="MS.TF.Git.Server.L0.Tests.GitServer_WebApi_Serialization" name="GitServer_WebApi_Serialization_SerializeGitUserDate" />
    </UnitTest>
    <UnitTest name="GitServer_WebApi_Serialization_SerializeGitVersionDescriptor" storage="d:\v2.0\a1\_work\dbded102\bin\release.anycpu\tfs.service\ms.tf.git.server.l0.tests\ms.tf.git.server.l0.tests.dll" priority="1" id="dd1a29a8-e18c-a641-28f5-7a9d70580f18">
      <Owners>
        <Owner name="tfsgitsvreng" />
      </Owners>
      <Execution id="38ae5961-eb63-4d05-aac9-001b280cddeb" />
      <TestMethod codeBase="D:\v2.0\A1\_work\dbded102\bin\Release.AnyCPU\Tfs.Service\MS.TF.Git.Server.L0.Tests\MS.TF.Git.Server.L0.Tests.dll" adapterTypeName="Microsoft.VisualStudio.TestTools.TestTypes.Unit.UnitTestAdapter" className="MS.TF.Git.Server.L0.Tests.GitServer_WebApi_Serialization" name="GitServer_WebApi_Serialization_SerializeGitVersionDescriptor" />
    </UnitTest>
    <UnitTest name="GitServer_WebApi_Serialization_SerializeGitVersionType" storage="d:\v2.0\a1\_work\dbded102\bin\release.anycpu\tfs.service\ms.tf.git.server.l0.tests\ms.tf.git.server.l0.tests.dll" priority="1" id="659547f6-a447-4339-98f5-288287eddf85">
      <Owners>
        <Owner name="tfsgitsvreng" />
      </Owners>
      <Execution id="c007218e-af6b-4f78-a981-242db382cb97" />
      <TestMethod codeBase="D:\v2.0\A1\_work\dbded102\bin\Release.AnyCPU\Tfs.Service\MS.TF.Git.Server.L0.Tests\MS.TF.Git.Server.L0.Tests.dll" adapterTypeName="Microsoft.VisualStudio.TestTools.TestTypes.Unit.UnitTestAdapter" className="MS.TF.Git.Server.L0.Tests.GitServer_WebApi_Serialization" name="GitServer_WebApi_Serialization_SerializeGitVersionType" />
    </UnitTest>
    <UnitTest name="GitServer_WebApi_Serialization_SerializeGitVersionOptions" storage="d:\v2.0\a1\_work\dbded102\bin\release.anycpu\tfs.service\ms.tf.git.server.l0.tests\ms.tf.git.server.l0.tests.dll" priority="1" id="c0598e0d-b7d9-2abc-a3a6-10b7b0c9e928">
      <Owners>
        <Owner name="tfsgitsvreng" />
      </Owners>
      <Execution id="598c01bf-2890-41d2-9a2b-01e69456cadb" />
      <TestMethod codeBase="D:\v2.0\A1\_work\dbded102\bin\Release.AnyCPU\Tfs.Service\MS.TF.Git.Server.L0.Tests\MS.TF.Git.Server.L0.Tests.dll" adapterTypeName="Microsoft.VisualStudio.TestTools.TestTypes.Unit.UnitTestAdapter" className="MS.TF.Git.Server.L0.Tests.GitServer_WebApi_Serialization" name="GitServer_WebApi_Serialization_SerializeGitVersionOptions" />
    </UnitTest>
    <UnitTest name="GitServer_WebApi_Serialization_SerializeIdentityRefWithVote" storage="d:\v2.0\a1\_work\dbded102\bin\release.anycpu\tfs.service\ms.tf.git.server.l0.tests\ms.tf.git.server.l0.tests.dll" priority="1" id="cd122469-617d-160c-99c5-f84ce9600491">
      <Owners>
        <Owner name="tfsgitsvreng" />
      </Owners>
      <Execution id="2841e9f6-d0bd-4429-b9f6-e3ffcc2dee67" />
      <TestMethod codeBase="D:\v2.0\A1\_work\dbded102\bin\Release.AnyCPU\Tfs.Service\MS.TF.Git.Server.L0.Tests\MS.TF.Git.Server.L0.Tests.dll" adapterTypeName="Microsoft.VisualStudio.TestTools.TestTypes.Unit.UnitTestAdapter" className="MS.TF.Git.Server.L0.Tests.GitServer_WebApi_Serialization" name="GitServer_WebApi_Serialization_SerializeIdentityRefWithVote" />
    </UnitTest>
    <UnitTest name="GitServer_WebApi_Serialization_SerializeSha1Id" storage="d:\v2.0\a1\_work\dbded102\bin\release.anycpu\tfs.service\ms.tf.git.server.l0.tests\ms.tf.git.server.l0.tests.dll" priority="1" id="a112902b-12e2-925d-31ee-6ef75d0d9de0">
      <Owners>
        <Owner name="tfsgitsvreng" />
      </Owners>
      <Execution id="581beea6-a8dc-4778-9ad3-fad7c0449a16" />
      <TestMethod codeBase="D:\v2.0\A1\_work\dbded102\bin\Release.AnyCPU\Tfs.Service\MS.TF.Git.Server.L0.Tests\MS.TF.Git.Server.L0.Tests.dll" adapterTypeName="Microsoft.VisualStudio.TestTools.TestTypes.Unit.UnitTestAdapter" className="MS.TF.Git.Server.L0.Tests.GitServer_WebApi_Serialization" name="GitServer_WebApi_Serialization_SerializeSha1Id" />
    </UnitTest>
    <UnitTest name="GitServer_WebApi_Serialization_SerializeTfsGitRefUpdateStatus" storage="d:\v2.0\a1\_work\dbded102\bin\release.anycpu\tfs.service\ms.tf.git.server.l0.tests\ms.tf.git.server.l0.tests.dll" priority="1" id="049fa344-4b2c-117d-a604-2f8c0d919d4e">
      <Owners>
        <Owner name="tfsgitsvreng" />
      </Owners>
      <Execution id="9fec4b6a-756c-4301-89a2-f3c91eea7ea6" />
      <TestMethod codeBase="D:\v2.0\A1\_work\dbded102\bin\Release.AnyCPU\Tfs.Service\MS.TF.Git.Server.L0.Tests\MS.TF.Git.Server.L0.Tests.dll" adapterTypeName="Microsoft.VisualStudio.TestTools.TestTypes.Unit.UnitTestAdapter" className="MS.TF.Git.Server.L0.Tests.GitServer_WebApi_Serialization" name="GitServer_WebApi_Serialization_SerializeTfsGitRefUpdateStatus" />
    </UnitTest>
    <UnitTest name="GitServer_Kpi_GitFileExtensionMetrics_IncludeMetadataChanges" storage="d:\v2.0\a1\_work\dbded102\bin\release.anycpu\tfs.service\ms.tf.git.server.l0.tests\ms.tf.git.server.l0.tests.dll" priority="1" id="e2ea4208-2cfb-8c94-b7ac-a849a5d3b046">
      <Owners>
        <Owner name="tfsgitsvreng" />
      </Owners>
      <Execution id="1d045d73-dfa7-446b-90d8-20e19e07201e" />
      <TestMethod codeBase="D:\v2.0\A1\_work\dbded102\bin\Release.AnyCPU\Tfs.Service\MS.TF.Git.Server.L0.Tests\MS.TF.Git.Server.L0.Tests.dll" adapterTypeName="Microsoft.VisualStudio.TestTools.TestTypes.Unit.UnitTestAdapter" className="MS.TF.Git.Server.L0.Tests.GitServer_Kpi_GitFileExtensionMetrics" name="GitServer_Kpi_GitFileExtensionMetrics_IncludeMetadataChanges" />
    </UnitTest>
    <UnitTest name="GitServer_Kpi_GitFileExtensionMetrics_IncludeMetadataChanges_Null" storage="d:\v2.0\a1\_work\dbded102\bin\release.anycpu\tfs.service\ms.tf.git.server.l0.tests\ms.tf.git.server.l0.tests.dll" priority="1" id="6a7a64d0-9d37-5a95-76c0-2abbc232236d">
      <Owners>
        <Owner name="tfsgitsvreng" />
      </Owners>
      <Execution id="879eaf66-75cd-4b99-a48e-bd853cccfbaf" />
      <TestMethod codeBase="D:\v2.0\A1\_work\dbded102\bin\Release.AnyCPU\Tfs.Service\MS.TF.Git.Server.L0.Tests\MS.TF.Git.Server.L0.Tests.dll" adapterTypeName="Microsoft.VisualStudio.TestTools.TestTypes.Unit.UnitTestAdapter" className="MS.TF.Git.Server.L0.Tests.GitServer_Kpi_GitFileExtensionMetrics" name="GitServer_Kpi_GitFileExtensionMetrics_IncludeMetadataChanges_Null" />
    </UnitTest>
    <UnitTest name="GitServer_Kpi_GitFileExtensionMetrics_IncludeMetadataChanges_NullChanges" storage="d:\v2.0\a1\_work\dbded102\bin\release.anycpu\tfs.service\ms.tf.git.server.l0.tests\ms.tf.git.server.l0.tests.dll" priority="1" id="7bf63209-3b43-2432-9ab4-adc8988b9425">
      <Owners>
        <Owner name="tfsgitsvreng" />
      </Owners>
      <Execution id="5fc03743-86be-4c48-97a7-1480648526ba" />
      <TestMethod codeBase="D:\v2.0\A1\_work\dbded102\bin\Release.AnyCPU\Tfs.Service\MS.TF.Git.Server.L0.Tests\MS.TF.Git.Server.L0.Tests.dll" adapterTypeName="Microsoft.VisualStudio.TestTools.TestTypes.Unit.UnitTestAdapter" className="MS.TF.Git.Server.L0.Tests.GitServer_Kpi_GitFileExtensionMetrics" name="GitServer_Kpi_GitFileExtensionMetrics_IncludeMetadataChanges_NullChanges" />
    </UnitTest>
    <UnitTest name="GitServer_Kpi_GitFileExtensionMetrics_IncludeMetadataChanges_EmptyChanges" storage="d:\v2.0\a1\_work\dbded102\bin\release.anycpu\tfs.service\ms.tf.git.server.l0.tests\ms.tf.git.server.l0.tests.dll" priority="1" id="4e92400b-aa4e-3d63-514b-367582dd6ecc">
      <Owners>
        <Owner name="tfsgitsvreng" />
      </Owners>
      <Execution id="d95fd536-4f78-4557-9ba6-cd1eaea7585f" />
      <TestMethod codeBase="D:\v2.0\A1\_work\dbded102\bin\Release.AnyCPU\Tfs.Service\MS.TF.Git.Server.L0.Tests\MS.TF.Git.Server.L0.Tests.dll" adapterTypeName="Microsoft.VisualStudio.TestTools.TestTypes.Unit.UnitTestAdapter" className="MS.TF.Git.Server.L0.Tests.GitServer_Kpi_GitFileExtensionMetrics" name="GitServer_Kpi_GitFileExtensionMetrics_IncludeMetadataChanges_EmptyChanges" />
    </UnitTest>
    <UnitTest name="GitServer_Kpi_GitFileExtensionMetrics_IncludeMetadataChanges_ChangeWithNullChildItem" storage="d:\v2.0\a1\_work\dbded102\bin\release.anycpu\tfs.service\ms.tf.git.server.l0.tests\ms.tf.git.server.l0.tests.dll" priority="1" id="c3c6a14a-0de0-5a3b-8fa3-6029361ac461">
      <Owners>
        <Owner name="tfsgitsvreng" />
      </Owners>
      <Execution id="72b747bf-cf2e-4b04-b864-ce957cc8ab48" />
      <TestMethod codeBase="D:\v2.0\A1\_work\dbded102\bin\Release.AnyCPU\Tfs.Service\MS.TF.Git.Server.L0.Tests\MS.TF.Git.Server.L0.Tests.dll" adapterTypeName="Microsoft.VisualStudio.TestTools.TestTypes.Unit.UnitTestAdapter" className="MS.TF.Git.Server.L0.Tests.GitServer_Kpi_GitFileExtensionMetrics" name="GitServer_Kpi_GitFileExtensionMetrics_IncludeMetadataChanges_ChangeWithNullChildItem" />
    </UnitTest>
    <UnitTest name="GitServer_Kpi_GitFileExtensionMetrics_IncludeMetadataChanges_ChangeWithNonBlobObjectType" storage="d:\v2.0\a1\_work\dbded102\bin\release.anycpu\tfs.service\ms.tf.git.server.l0.tests\ms.tf.git.server.l0.tests.dll" priority="1" id="32634c3f-41f8-3e4e-0fd9-ff74eb024f23">
      <Owners>
        <Owner name="tfsgitsvreng" />
      </Owners>
      <Execution id="76bc81fc-e125-45a4-884a-ed3d809bb589" />
      <TestMethod codeBase="D:\v2.0\A1\_work\dbded102\bin\Release.AnyCPU\Tfs.Service\MS.TF.Git.Server.L0.Tests\MS.TF.Git.Server.L0.Tests.dll" adapterTypeName="Microsoft.VisualStudio.TestTools.TestTypes.Unit.UnitTestAdapter" className="MS.TF.Git.Server.L0.Tests.GitServer_Kpi_GitFileExtensionMetrics" name="GitServer_Kpi_GitFileExtensionMetrics_IncludeMetadataChanges_ChangeWithNonBlobObjectType" />
    </UnitTest>
    <UnitTest name="GitServer_Kpi_GitFileExtensionMetrics_IncludeMetadataChanges_ChangeWithCombinedDelete" storage="d:\v2.0\a1\_work\dbded102\bin\release.anycpu\tfs.service\ms.tf.git.server.l0.tests\ms.tf.git.server.l0.tests.dll" priority="1" id="c4bcd4dc-0ba3-128d-ed2e-79d8e2782710">
      <Owners>
        <Owner name="tfsgitsvreng" />
      </Owners>
      <Execution id="dccf71f1-b31e-4c02-b741-854d3e060df9" />
      <TestMethod codeBase="D:\v2.0\A1\_work\dbded102\bin\Release.AnyCPU\Tfs.Service\MS.TF.Git.Server.L0.Tests\MS.TF.Git.Server.L0.Tests.dll" adapterTypeName="Microsoft.VisualStudio.TestTools.TestTypes.Unit.UnitTestAdapter" className="MS.TF.Git.Server.L0.Tests.GitServer_Kpi_GitFileExtensionMetrics" name="GitServer_Kpi_GitFileExtensionMetrics_IncludeMetadataChanges_ChangeWithCombinedDelete" />
    </UnitTest>
    <UnitTest name="GitServer_Kpi_GitFileExtensionMetrics_IncludeMetadataChanges_ChangeWithDelete" storage="d:\v2.0\a1\_work\dbded102\bin\release.anycpu\tfs.service\ms.tf.git.server.l0.tests\ms.tf.git.server.l0.tests.dll" priority="1" id="4529f12c-09e4-d441-bc15-9afd76dff14e">
      <Owners>
        <Owner name="tfsgitsvreng" />
      </Owners>
      <Execution id="bb84f7c3-8939-4594-a7a2-61807092e99b" />
      <TestMethod codeBase="D:\v2.0\A1\_work\dbded102\bin\Release.AnyCPU\Tfs.Service\MS.TF.Git.Server.L0.Tests\MS.TF.Git.Server.L0.Tests.dll" adapterTypeName="Microsoft.VisualStudio.TestTools.TestTypes.Unit.UnitTestAdapter" className="MS.TF.Git.Server.L0.Tests.GitServer_Kpi_GitFileExtensionMetrics" name="GitServer_Kpi_GitFileExtensionMetrics_IncludeMetadataChanges_ChangeWithDelete" />
    </UnitTest>
    <UnitTest name="GitServer_Kpi_GitFileExtensionMetrics_IncludeMetadataChanges_PipeInPath" storage="d:\v2.0\a1\_work\dbded102\bin\release.anycpu\tfs.service\ms.tf.git.server.l0.tests\ms.tf.git.server.l0.tests.dll" priority="1" id="71ea336c-ae79-506a-0dfc-6ddb53aefa98">
      <Owners>
        <Owner name="tfsgitsvreng" />
      </Owners>
      <Execution id="2ff2cb34-6583-4623-932c-7ed209b3ccec" />
      <TestMethod codeBase="D:\v2.0\A1\_work\dbded102\bin\Release.AnyCPU\Tfs.Service\MS.TF.Git.Server.L0.Tests\MS.TF.Git.Server.L0.Tests.dll" adapterTypeName="Microsoft.VisualStudio.TestTools.TestTypes.Unit.UnitTestAdapter" className="MS.TF.Git.Server.L0.Tests.GitServer_Kpi_GitFileExtensionMetrics" name="GitServer_Kpi_GitFileExtensionMetrics_IncludeMetadataChanges_PipeInPath" />
    </UnitTest>
    <UnitTest name="GitServer_Kpi_GitFileExtensionMetrics_IncludeMetadataChanges_ColonInFileExtension" storage="d:\v2.0\a1\_work\dbded102\bin\release.anycpu\tfs.service\ms.tf.git.server.l0.tests\ms.tf.git.server.l0.tests.dll" priority="1" id="d2a79e99-8a53-cfc6-a122-42ed9a7f158b">
      <Owners>
        <Owner name="tfsgitsvreng" />
      </Owners>
      <Execution id="382e9d2f-fada-464e-815c-83be03a4867f" />
      <TestMethod codeBase="D:\v2.0\A1\_work\dbded102\bin\Release.AnyCPU\Tfs.Service\MS.TF.Git.Server.L0.Tests\MS.TF.Git.Server.L0.Tests.dll" adapterTypeName="Microsoft.VisualStudio.TestTools.TestTypes.Unit.UnitTestAdapter" className="MS.TF.Git.Server.L0.Tests.GitServer_Kpi_GitFileExtensionMetrics" name="GitServer_Kpi_GitFileExtensionMetrics_IncludeMetadataChanges_ColonInFileExtension" />
    </UnitTest>
    <UnitTest name="GitServer_Kpi_GitFileExtensionMetrics_IncludeMetadataChanges_EmptyExtension" storage="d:\v2.0\a1\_work\dbded102\bin\release.anycpu\tfs.service\ms.tf.git.server.l0.tests\ms.tf.git.server.l0.tests.dll" priority="1" id="dc3b29fa-4dcf-cbb8-99f3-8c9d7c0d320f">
      <Owners>
        <Owner name="tfsgitsvreng" />
      </Owners>
      <Execution id="24896511-a63d-469f-bf7c-2eb86fdf80ce" />
      <TestMethod codeBase="D:\v2.0\A1\_work\dbded102\bin\Release.AnyCPU\Tfs.Service\MS.TF.Git.Server.L0.Tests\MS.TF.Git.Server.L0.Tests.dll" adapterTypeName="Microsoft.VisualStudio.TestTools.TestTypes.Unit.UnitTestAdapter" className="MS.TF.Git.Server.L0.Tests.GitServer_Kpi_GitFileExtensionMetrics" name="GitServer_Kpi_GitFileExtensionMetrics_IncludeMetadataChanges_EmptyExtension" />
    </UnitTest>
    <UnitTest name="GitServer_Adler32_HashSizeIs32" storage="d:\v2.0\a1\_work\dbded102\bin\release.anycpu\tfs.service\ms.tf.git.server.l0.tests\ms.tf.git.server.l0.tests.dll" priority="1" id="2e96ccc1-1f8a-2fe6-8891-b698f3db5474">
      <Owners>
        <Owner name="tfsgitsvreng" />
      </Owners>
      <Execution id="e6c246eb-f236-4489-a7d7-683761745653" />
      <TestMethod codeBase="D:\v2.0\A1\_work\dbded102\bin\Release.AnyCPU\Tfs.Service\MS.TF.Git.Server.L0.Tests\MS.TF.Git.Server.L0.Tests.dll" adapterTypeName="Microsoft.VisualStudio.TestTools.TestTypes.Unit.UnitTestAdapter" className="MS.TF.Git.Server.L0.Tests.GitServer_Adler32" name="GitServer_Adler32_HashSizeIs32" />
    </UnitTest>
    <UnitTest name="GitServer_Adler32_Empty" storage="d:\v2.0\a1\_work\dbded102\bin\release.anycpu\tfs.service\ms.tf.git.server.l0.tests\ms.tf.git.server.l0.tests.dll" priority="1" id="69b1e100-3be4-dce8-3c2d-34ac0e7348a3">
      <Owners>
        <Owner name="tfsgitsvreng" />
      </Owners>
      <Execution id="c0f853db-ddf8-476e-9495-8bd105d60d37" />
      <TestMethod codeBase="D:\v2.0\A1\_work\dbded102\bin\Release.AnyCPU\Tfs.Service\MS.TF.Git.Server.L0.Tests\MS.TF.Git.Server.L0.Tests.dll" adapterTypeName="Microsoft.VisualStudio.TestTools.TestTypes.Unit.UnitTestAdapter" className="MS.TF.Git.Server.L0.Tests.GitServer_Adler32" name="GitServer_Adler32_Empty" />
    </UnitTest>
    <UnitTest name="GitServer_Adler32_1_0" storage="d:\v2.0\a1\_work\dbded102\bin\release.anycpu\tfs.service\ms.tf.git.server.l0.tests\ms.tf.git.server.l0.tests.dll" priority="1" id="515cd737-9f0b-f0f4-7f96-331c3dc80067">
      <Owners>
        <Owner name="tfsgitsvreng" />
      </Owners>
      <Execution id="9cea1b6d-cee7-4b9f-a870-221d9f601ed3" />
      <TestMethod codeBase="D:\v2.0\A1\_work\dbded102\bin\Release.AnyCPU\Tfs.Service\MS.TF.Git.Server.L0.Tests\MS.TF.Git.Server.L0.Tests.dll" adapterTypeName="Microsoft.VisualStudio.TestTools.TestTypes.Unit.UnitTestAdapter" className="MS.TF.Git.Server.L0.Tests.GitServer_Adler32" name="GitServer_Adler32_1_0" />
    </UnitTest>
    <UnitTest name="GitServer_Adler32_100_0" storage="d:\v2.0\a1\_work\dbded102\bin\release.anycpu\tfs.service\ms.tf.git.server.l0.tests\ms.tf.git.server.l0.tests.dll" priority="1" id="d3515f2e-31dc-1151-f4c2-20ce1d6962e0">
      <Owners>
        <Owner name="tfsgitsvreng" />
      </Owners>
      <Execution id="ededd172-d334-4405-a16f-d25de4d2d20b" />
      <TestMethod codeBase="D:\v2.0\A1\_work\dbded102\bin\Release.AnyCPU\Tfs.Service\MS.TF.Git.Server.L0.Tests\MS.TF.Git.Server.L0.Tests.dll" adapterTypeName="Microsoft.VisualStudio.TestTools.TestTypes.Unit.UnitTestAdapter" className="MS.TF.Git.Server.L0.Tests.GitServer_Adler32" name="GitServer_Adler32_100_0" />
    </UnitTest>
    <UnitTest name="GitServer_Adler32_1000000_0" storage="d:\v2.0\a1\_work\dbded102\bin\release.anycpu\tfs.service\ms.tf.git.server.l0.tests\ms.tf.git.server.l0.tests.dll" priority="1" id="6bf0d36e-258f-9a3c-25f7-b9eeabf1c1a8">
      <Owners>
        <Owner name="tfsgitsvreng" />
      </Owners>
      <Execution id="f90db28a-bafa-4d3f-8ce9-89ee7cff3f93" />
      <TestMethod codeBase="D:\v2.0\A1\_work\dbded102\bin\Release.AnyCPU\Tfs.Service\MS.TF.Git.Server.L0.Tests\MS.TF.Git.Server.L0.Tests.dll" adapterTypeName="Microsoft.VisualStudio.TestTools.TestTypes.Unit.UnitTestAdapter" className="MS.TF.Git.Server.L0.Tests.GitServer_Adler32" name="GitServer_Adler32_1000000_0" />
    </UnitTest>
    <UnitTest name="GitServer_Adler32_1_255" storage="d:\v2.0\a1\_work\dbded102\bin\release.anycpu\tfs.service\ms.tf.git.server.l0.tests\ms.tf.git.server.l0.tests.dll" priority="1" id="dd0a189f-56a6-00ff-ea1a-33e7df2b3c00">
      <Owners>
        <Owner name="tfsgitsvreng" />
      </Owners>
      <Execution id="20d8773d-a1a8-476b-ae3d-dcdfbf46c61d" />
      <TestMethod codeBase="D:\v2.0\A1\_work\dbded102\bin\Release.AnyCPU\Tfs.Service\MS.TF.Git.Server.L0.Tests\MS.TF.Git.Server.L0.Tests.dll" adapterTypeName="Microsoft.VisualStudio.TestTools.TestTypes.Unit.UnitTestAdapter" className="MS.TF.Git.Server.L0.Tests.GitServer_Adler32" name="GitServer_Adler32_1_255" />
    </UnitTest>
    <UnitTest name="GitServer_Adler32_100_255" storage="d:\v2.0\a1\_work\dbded102\bin\release.anycpu\tfs.service\ms.tf.git.server.l0.tests\ms.tf.git.server.l0.tests.dll" priority="1" id="37a6fd40-f124-b268-8d9e-dec9bf81c391">
      <Owners>
        <Owner name="tfsgitsvreng" />
      </Owners>
      <Execution id="c7c291be-008a-43d3-a806-16fbf10388ee" />
      <TestMethod codeBase="D:\v2.0\A1\_work\dbded102\bin\Release.AnyCPU\Tfs.Service\MS.TF.Git.Server.L0.Tests\MS.TF.Git.Server.L0.Tests.dll" adapterTypeName="Microsoft.VisualStudio.TestTools.TestTypes.Unit.UnitTestAdapter" className="MS.TF.Git.Server.L0.Tests.GitServer_Adler32" name="GitServer_Adler32_100_255" />
    </UnitTest>
    <UnitTest name="GitServer_Adler32_1000000_255" storage="d:\v2.0\a1\_work\dbded102\bin\release.anycpu\tfs.service\ms.tf.git.server.l0.tests\ms.tf.git.server.l0.tests.dll" priority="1" id="3b4c9ae4-60d8-150f-62e4-9ee36d655e97">
      <Owners>
        <Owner name="tfsgitsvreng" />
      </Owners>
      <Execution id="4789d1df-19c4-49ce-8159-bf057fc5b0a8" />
      <TestMethod codeBase="D:\v2.0\A1\_work\dbded102\bin\Release.AnyCPU\Tfs.Service\MS.TF.Git.Server.L0.Tests\MS.TF.Git.Server.L0.Tests.dll" adapterTypeName="Microsoft.VisualStudio.TestTools.TestTypes.Unit.UnitTestAdapter" className="MS.TF.Git.Server.L0.Tests.GitServer_Adler32" name="GitServer_Adler32_1000000_255" />
    </UnitTest>
    <UnitTest name="GitServer_Adler32_ModInterval" storage="d:\v2.0\a1\_work\dbded102\bin\release.anycpu\tfs.service\ms.tf.git.server.l0.tests\ms.tf.git.server.l0.tests.dll" priority="1" id="d14eb709-1a65-9105-9782-a5e568e95ca3">
      <Owners>
        <Owner name="tfsgitsvreng" />
      </Owners>
      <Execution id="d332f5dc-defb-45bc-b29b-d6938a221bd9" />
      <TestMethod codeBase="D:\v2.0\A1\_work\dbded102\bin\Release.AnyCPU\Tfs.Service\MS.TF.Git.Server.L0.Tests\MS.TF.Git.Server.L0.Tests.dll" adapterTypeName="Microsoft.VisualStudio.TestTools.TestTypes.Unit.UnitTestAdapter" className="MS.TF.Git.Server.L0.Tests.GitServer_Adler32" name="GitServer_Adler32_ModInterval" />
    </UnitTest>
    <UnitTest name="GitServer_Adler32_Random_Random" storage="d:\v2.0\a1\_work\dbded102\bin\release.anycpu\tfs.service\ms.tf.git.server.l0.tests\ms.tf.git.server.l0.tests.dll" priority="1" id="d832352c-f4d0-ade0-94d1-e2f799840b64">
      <Owners>
        <Owner name="tfsgitsvreng" />
      </Owners>
      <Execution id="830d8ead-2616-43f3-a21a-a5fa9f32b966" />
      <TestMethod codeBase="D:\v2.0\A1\_work\dbded102\bin\Release.AnyCPU\Tfs.Service\MS.TF.Git.Server.L0.Tests\MS.TF.Git.Server.L0.Tests.dll" adapterTypeName="Microsoft.VisualStudio.TestTools.TestTypes.Unit.UnitTestAdapter" className="MS.TF.Git.Server.L0.Tests.GitServer_Adler32" name="GitServer_Adler32_Random_Random" />
    </UnitTest>
    <UnitTest name="GitServer_Adler32_TransformBlock_2RandomSegments" storage="d:\v2.0\a1\_work\dbded102\bin\release.anycpu\tfs.service\ms.tf.git.server.l0.tests\ms.tf.git.server.l0.tests.dll" priority="1" id="1e3e796d-f876-7a10-8815-7df094481ee8">
      <Owners>
        <Owner name="tfsgitsvreng" />
      </Owners>
      <Execution id="82886147-9f78-4c37-b931-9975a5dd72f5" />
      <TestMethod codeBase="D:\v2.0\A1\_work\dbded102\bin\Release.AnyCPU\Tfs.Service\MS.TF.Git.Server.L0.Tests\MS.TF.Git.Server.L0.Tests.dll" adapterTypeName="Microsoft.VisualStudio.TestTools.TestTypes.Unit.UnitTestAdapter" className="MS.TF.Git.Server.L0.Tests.GitServer_Adler32" name="GitServer_Adler32_TransformBlock_2RandomSegments" />
    </UnitTest>
    <UnitTest name="GitServer_Adler32_TransformBlock_RandomSegmentFollowedByEmpty" storage="d:\v2.0\a1\_work\dbded102\bin\release.anycpu\tfs.service\ms.tf.git.server.l0.tests\ms.tf.git.server.l0.tests.dll" priority="1" id="7f05a4b9-1a37-9f74-1109-8651296fb42d">
      <Owners>
        <Owner name="tfsgitsvreng" />
      </Owners>
      <Execution id="4b072a44-d6f3-4a38-9ec1-f849d2799012" />
      <TestMethod codeBase="D:\v2.0\A1\_work\dbded102\bin\Release.AnyCPU\Tfs.Service\MS.TF.Git.Server.L0.Tests\MS.TF.Git.Server.L0.Tests.dll" adapterTypeName="Microsoft.VisualStudio.TestTools.TestTypes.Unit.UnitTestAdapter" className="MS.TF.Git.Server.L0.Tests.GitServer_Adler32" name="GitServer_Adler32_TransformBlock_RandomSegmentFollowedByEmpty" />
    </UnitTest>
    <UnitTest name="GitServer_Adler32_TransformBlock_RandomSequenceOfRandomSegments" storage="d:\v2.0\a1\_work\dbded102\bin\release.anycpu\tfs.service\ms.tf.git.server.l0.tests\ms.tf.git.server.l0.tests.dll" priority="1" id="88e1fa94-c2b3-6fb5-0dff-83f46c537bf7">
      <Owners>
        <Owner name="tfsgitsvreng" />
      </Owners>
      <Execution id="fbe40022-dd52-4692-93e0-51db85e9ec1c" />
      <TestMethod codeBase="D:\v2.0\A1\_work\dbded102\bin\Release.AnyCPU\Tfs.Service\MS.TF.Git.Server.L0.Tests\MS.TF.Git.Server.L0.Tests.dll" adapterTypeName="Microsoft.VisualStudio.TestTools.TestTypes.Unit.UnitTestAdapter" className="MS.TF.Git.Server.L0.Tests.GitServer_Adler32" name="GitServer_Adler32_TransformBlock_RandomSequenceOfRandomSegments" />
    </UnitTest>
    <UnitTest name="GitServer_BlobProviderChunkingWriterStream_WritingZeroOffsetCheckPosition" storage="d:\v2.0\a1\_work\dbded102\bin\release.anycpu\tfs.service\ms.tf.git.server.l0.tests\ms.tf.git.server.l0.tests.dll" priority="2" id="9d8da39f-940f-97d3-ddcd-949bff0f5c99">
      <Owners>
        <Owner name="tfsgitsvreng" />
      </Owners>
      <Execution id="ba06c2f0-e177-4617-a882-39f67cda84b5" />
      <TestMethod codeBase="D:\v2.0\A1\_work\dbded102\bin\Release.AnyCPU\Tfs.Service\MS.TF.Git.Server.L0.Tests\MS.TF.Git.Server.L0.Tests.dll" adapterTypeName="Microsoft.VisualStudio.TestTools.TestTypes.Unit.UnitTestAdapter" className="MS.TF.Git.Server.L0.Tests.GitServer_BlobProviderChunkingWriterStream" name="GitServer_BlobProviderChunkingWriterStream_WritingZeroOffsetCheckPosition" />
    </UnitTest>
    <UnitTest name="GitServer_BlobProviderChunkingWriterStream_WritingNonzeroOffsetCheckPosition" storage="d:\v2.0\a1\_work\dbded102\bin\release.anycpu\tfs.service\ms.tf.git.server.l0.tests\ms.tf.git.server.l0.tests.dll" priority="2" id="837147d1-9aa7-d34a-ed88-b68a0f956822">
      <Owners>
        <Owner name="tfsgitsvreng" />
      </Owners>
      <Execution id="f350eac8-c844-492c-a052-72e3323cf186" />
      <TestMethod codeBase="D:\v2.0\A1\_work\dbded102\bin\Release.AnyCPU\Tfs.Service\MS.TF.Git.Server.L0.Tests\MS.TF.Git.Server.L0.Tests.dll" adapterTypeName="Microsoft.VisualStudio.TestTools.TestTypes.Unit.UnitTestAdapter" className="MS.TF.Git.Server.L0.Tests.GitServer_BlobProviderChunkingWriterStream" name="GitServer_BlobProviderChunkingWriterStream_WritingNonzeroOffsetCheckPosition" />
    </UnitTest>
    <UnitTest name="GitServer_BufferStream_TestSmallSize" storage="d:\v2.0\a1\_work\dbded102\bin\release.anycpu\tfs.service\ms.tf.git.server.l0.tests\ms.tf.git.server.l0.tests.dll" priority="2" id="dcb28cf1-cd78-6bc3-773a-f90684380ae0">
      <Owners>
        <Owner name="tfsgitsvreng" />
      </Owners>
      <Execution id="669e0138-3be9-411d-aae7-7987369fba32" />
      <TestMethod codeBase="D:\v2.0\A1\_work\dbded102\bin\Release.AnyCPU\Tfs.Service\MS.TF.Git.Server.L0.Tests\MS.TF.Git.Server.L0.Tests.dll" adapterTypeName="Microsoft.VisualStudio.TestTools.TestTypes.Unit.UnitTestAdapter" className="MS.TF.Git.Server.L0.Tests.GitServer_BufferStream" name="GitServer_BufferStream_TestSmallSize" />
    </UnitTest>
    <UnitTest name="GitServer_BufferStream_TestMediumSize" storage="d:\v2.0\a1\_work\dbded102\bin\release.anycpu\tfs.service\ms.tf.git.server.l0.tests\ms.tf.git.server.l0.tests.dll" priority="2" id="5f928055-c58d-5a4a-8f86-bc2a43d9c2ce">
      <Owners>
        <Owner name="tfsgitsvreng" />
      </Owners>
      <Execution id="86a4ace5-9b86-4219-80cf-bbe2ce55ad95" />
      <TestMethod codeBase="D:\v2.0\A1\_work\dbded102\bin\Release.AnyCPU\Tfs.Service\MS.TF.Git.Server.L0.Tests\MS.TF.Git.Server.L0.Tests.dll" adapterTypeName="Microsoft.VisualStudio.TestTools.TestTypes.Unit.UnitTestAdapter" className="MS.TF.Git.Server.L0.Tests.GitServer_BufferStream" name="GitServer_BufferStream_TestMediumSize" />
    </UnitTest>
    <UnitTest name="GitServer_BufferStream_TestLargeSize" storage="d:\v2.0\a1\_work\dbded102\bin\release.anycpu\tfs.service\ms.tf.git.server.l0.tests\ms.tf.git.server.l0.tests.dll" priority="2" id="b80ffacf-7321-1f4e-3da2-ae82647598f1">
      <Owners>
        <Owner name="tfsgitsvreng" />
      </Owners>
      <Execution id="554e42e6-5a2d-455e-bac4-f3146d90df5a" />
      <TestMethod codeBase="D:\v2.0\A1\_work\dbded102\bin\Release.AnyCPU\Tfs.Service\MS.TF.Git.Server.L0.Tests\MS.TF.Git.Server.L0.Tests.dll" adapterTypeName="Microsoft.VisualStudio.TestTools.TestTypes.Unit.UnitTestAdapter" className="MS.TF.Git.Server.L0.Tests.GitServer_BufferStream" name="GitServer_BufferStream_TestLargeSize" />
    </UnitTest>
    <UnitTest name="GitServer_CircularBufferLog_WriteTest" storage="d:\v2.0\a1\_work\dbded102\bin\release.anycpu\tfs.service\ms.tf.git.server.l0.tests\ms.tf.git.server.l0.tests.dll" priority="2" id="6499b013-3a87-9f9d-6582-54b3ea8c5534">
      <Owners>
        <Owner name="tfsgitsvreng" />
      </Owners>
      <Execution id="3b93eaf2-3adf-47dc-894f-0c86abe44b70" />
      <TestMethod codeBase="D:\v2.0\A1\_work\dbded102\bin\Release.AnyCPU\Tfs.Service\MS.TF.Git.Server.L0.Tests\MS.TF.Git.Server.L0.Tests.dll" adapterTypeName="Microsoft.VisualStudio.TestTools.TestTypes.Unit.UnitTestAdapter" className="MS.TF.Git.Server.L0.Tests.GitServer_CircularBufferLog" name="GitServer_CircularBufferLog_WriteTest" />
    </UnitTest>
    <UnitTest name="GitServer_CircularBufferLog_EraseTest" storage="d:\v2.0\a1\_work\dbded102\bin\release.anycpu\tfs.service\ms.tf.git.server.l0.tests\ms.tf.git.server.l0.tests.dll" priority="2" id="e38651e0-e449-d886-f714-7502af2d7768">
      <Owners>
        <Owner name="tfsgitsvreng" />
      </Owners>
      <Execution id="8baacc8d-1e34-42f4-acd3-7cbe158dd756" />
      <TestMethod codeBase="D:\v2.0\A1\_work\dbded102\bin\Release.AnyCPU\Tfs.Service\MS.TF.Git.Server.L0.Tests\MS.TF.Git.Server.L0.Tests.dll" adapterTypeName="Microsoft.VisualStudio.TestTools.TestTypes.Unit.UnitTestAdapter" className="MS.TF.Git.Server.L0.Tests.GitServer_CircularBufferLog" name="GitServer_CircularBufferLog_EraseTest" />
    </UnitTest>
    <UnitTest name="GitServer_DeltaStream_ReadTest" storage="d:\v2.0\a1\_work\dbded102\bin\release.anycpu\tfs.service\ms.tf.git.server.l0.tests\ms.tf.git.server.l0.tests.dll" priority="2" id="c1d429eb-20e2-e7ee-a52d-4393f999995a">
      <Owners>
        <Owner name="tfsgitsvreng" />
      </Owners>
      <Execution id="08c0ad37-8dd8-472c-bec9-68446e5f6f11" />
      <TestMethod codeBase="D:\v2.0\A1\_work\dbded102\bin\Release.AnyCPU\Tfs.Service\MS.TF.Git.Server.L0.Tests\MS.TF.Git.Server.L0.Tests.dll" adapterTypeName="Microsoft.VisualStudio.TestTools.TestTypes.Unit.UnitTestAdapter" className="MS.TF.Git.Server.L0.Tests.GitServer_DeltaStream" name="GitServer_DeltaStream_ReadTest" />
    </UnitTest>
    <UnitTest name="GitServer_FileBufferedStream_SeekCheckPosition" storage="d:\v2.0\a1\_work\dbded102\bin\release.anycpu\tfs.service\ms.tf.git.server.l0.tests\ms.tf.git.server.l0.tests.dll" priority="2" id="c1898f3d-98d3-a936-b05b-edbb5b6f2196">
      <Owners>
        <Owner name="tfsgitsvreng" />
      </Owners>
      <Execution id="79c83edb-57f1-4c85-ac23-356d810f815c" />
      <TestMethod codeBase="D:\v2.0\A1\_work\dbded102\bin\Release.AnyCPU\Tfs.Service\MS.TF.Git.Server.L0.Tests\MS.TF.Git.Server.L0.Tests.dll" adapterTypeName="Microsoft.VisualStudio.TestTools.TestTypes.Unit.UnitTestAdapter" className="MS.TF.Git.Server.L0.Tests.GitServer_FileBufferedStream" name="GitServer_FileBufferedStream_SeekCheckPosition" />
    </UnitTest>
    <UnitTest name="GitServer_FileBufferedStream_CheckPath" storage="d:\v2.0\a1\_work\dbded102\bin\release.anycpu\tfs.service\ms.tf.git.server.l0.tests\ms.tf.git.server.l0.tests.dll" priority="2" id="b59601ec-bcfd-d0ff-0377-821654d8a51a">
      <Owners>
        <Owner name="tfsgitsvreng" />
      </Owners>
      <Execution id="5d4c7846-2a8b-41b9-b384-f76a2ab3dc3d" />
      <TestMethod codeBase="D:\v2.0\A1\_work\dbded102\bin\Release.AnyCPU\Tfs.Service\MS.TF.Git.Server.L0.Tests\MS.TF.Git.Server.L0.Tests.dll" adapterTypeName="Microsoft.VisualStudio.TestTools.TestTypes.Unit.UnitTestAdapter" className="MS.TF.Git.Server.L0.Tests.GitServer_FileBufferedStream" name="GitServer_FileBufferedStream_CheckPath" />
    </UnitTest>
    <UnitTest name="GitServer_HashCheckStream_ReadHashCheck" storage="d:\v2.0\a1\_work\dbded102\bin\release.anycpu\tfs.service\ms.tf.git.server.l0.tests\ms.tf.git.server.l0.tests.dll" priority="2" id="99fc7c09-f9a1-fc83-a734-6cf2986483b0">
      <Owners>
        <Owner name="tfsgitsvreng" />
      </Owners>
      <Execution id="b859e016-2a99-43a9-9435-19ba463c59ba" />
      <TestMethod codeBase="D:\v2.0\A1\_work\dbded102\bin\Release.AnyCPU\Tfs.Service\MS.TF.Git.Server.L0.Tests\MS.TF.Git.Server.L0.Tests.dll" adapterTypeName="Microsoft.VisualStudio.TestTools.TestTypes.Unit.UnitTestAdapter" className="MS.TF.Git.Server.L0.Tests.GitServer_HashCheckStream" name="GitServer_HashCheckStream_ReadHashCheck" />
    </UnitTest>
    <UnitTest name="GitServer_HashingStream_ReadTest" storage="d:\v2.0\a1\_work\dbded102\bin\release.anycpu\tfs.service\ms.tf.git.server.l0.tests\ms.tf.git.server.l0.tests.dll" priority="2" id="d108715d-e8b0-81ba-450a-7254e5990e6b">
      <Owners>
        <Owner name="tfsgitsvreng" />
      </Owners>
      <Execution id="1ea99906-1756-477d-bf5e-7734b485d3f0" />
      <TestMethod codeBase="D:\v2.0\A1\_work\dbded102\bin\Release.AnyCPU\Tfs.Service\MS.TF.Git.Server.L0.Tests\MS.TF.Git.Server.L0.Tests.dll" adapterTypeName="Microsoft.VisualStudio.TestTools.TestTypes.Unit.UnitTestAdapter" className="MS.TF.Git.Server.L0.Tests.GitServer_HashingStream" name="GitServer_HashingStream_ReadTest" />
    </UnitTest>
    <UnitTest name="GitServer_HashingStream_RewindTest" storage="d:\v2.0\a1\_work\dbded102\bin\release.anycpu\tfs.service\ms.tf.git.server.l0.tests\ms.tf.git.server.l0.tests.dll" priority="2" id="ed7be87a-5cce-f6a8-8453-d5691283bec4">
      <Owners>
        <Owner name="tfsgitsvreng" />
      </Owners>
      <Execution id="dead6c1d-45ca-4357-820a-e9e18f2b89dc" />
      <TestMethod codeBase="D:\v2.0\A1\_work\dbded102\bin\Release.AnyCPU\Tfs.Service\MS.TF.Git.Server.L0.Tests\MS.TF.Git.Server.L0.Tests.dll" adapterTypeName="Microsoft.VisualStudio.TestTools.TestTypes.Unit.UnitTestAdapter" className="MS.TF.Git.Server.L0.Tests.GitServer_HashingStream" name="GitServer_HashingStream_RewindTest" />
    </UnitTest>
    <UnitTest name="GitServer_LengthCountingStream_WritingZeroBytesDoesntChangePosition" storage="d:\v2.0\a1\_work\dbded102\bin\release.anycpu\tfs.service\ms.tf.git.server.l0.tests\ms.tf.git.server.l0.tests.dll" priority="2" id="0f497a80-8171-58cb-dded-665a9bd0ee3c">
      <Owners>
        <Owner name="tfsgitsvreng" />
      </Owners>
      <Execution id="ff5b2453-af11-41a5-8cfb-58cacbf48ff2" />
      <TestMethod codeBase="D:\v2.0\A1\_work\dbded102\bin\Release.AnyCPU\Tfs.Service\MS.TF.Git.Server.L0.Tests\MS.TF.Git.Server.L0.Tests.dll" adapterTypeName="Microsoft.VisualStudio.TestTools.TestTypes.Unit.UnitTestAdapter" className="MS.TF.Git.Server.L0.Tests.GitServer_LengthCountingStream" name="GitServer_LengthCountingStream_WritingZeroBytesDoesntChangePosition" />
    </UnitTest>
    <UnitTest name="GitServer_LengthCountingStream_DisposeTwiceSucceeds" storage="d:\v2.0\a1\_work\dbded102\bin\release.anycpu\tfs.service\ms.tf.git.server.l0.tests\ms.tf.git.server.l0.tests.dll" priority="2" id="49983b1c-2f98-4b32-bc6a-457ba1df1fec">
      <Owners>
        <Owner name="tfsgitsvreng" />
      </Owners>
      <Execution id="254d748f-98d5-44ee-9c00-ead609fdf06a" />
      <TestMethod codeBase="D:\v2.0\A1\_work\dbded102\bin\Release.AnyCPU\Tfs.Service\MS.TF.Git.Server.L0.Tests\MS.TF.Git.Server.L0.Tests.dll" adapterTypeName="Microsoft.VisualStudio.TestTools.TestTypes.Unit.UnitTestAdapter" className="MS.TF.Git.Server.L0.Tests.GitServer_LengthCountingStream" name="GitServer_LengthCountingStream_DisposeTwiceSucceeds" />
    </UnitTest>
    <UnitTest name="GitServer_LengthCountingStream_WritingNBytesCheckPosition" storage="d:\v2.0\a1\_work\dbded102\bin\release.anycpu\tfs.service\ms.tf.git.server.l0.tests\ms.tf.git.server.l0.tests.dll" priority="2" id="76c7674b-9d2f-6bb1-a67f-a4f98b289595">
      <Owners>
        <Owner name="tfsgitsvreng" />
      </Owners>
      <Execution id="223d1d26-8fee-475b-b777-341b669ed89e" />
      <TestMethod codeBase="D:\v2.0\A1\_work\dbded102\bin\Release.AnyCPU\Tfs.Service\MS.TF.Git.Server.L0.Tests\MS.TF.Git.Server.L0.Tests.dll" adapterTypeName="Microsoft.VisualStudio.TestTools.TestTypes.Unit.UnitTestAdapter" className="MS.TF.Git.Server.L0.Tests.GitServer_LengthCountingStream" name="GitServer_LengthCountingStream_WritingNBytesCheckPosition" />
    </UnitTest>
    <UnitTest name="GitServer_LengthCountingStream_WritingZeroBytesCheckLength" storage="d:\v2.0\a1\_work\dbded102\bin\release.anycpu\tfs.service\ms.tf.git.server.l0.tests\ms.tf.git.server.l0.tests.dll" priority="2" id="51cb026d-8421-7568-ab67-62d7b661f98f">
      <Owners>
        <Owner name="tfsgitsvreng" />
      </Owners>
      <Execution id="5dfb2289-6f54-413d-94ec-1192d3c4d1bb" />
      <TestMethod codeBase="D:\v2.0\A1\_work\dbded102\bin\Release.AnyCPU\Tfs.Service\MS.TF.Git.Server.L0.Tests\MS.TF.Git.Server.L0.Tests.dll" adapterTypeName="Microsoft.VisualStudio.TestTools.TestTypes.Unit.UnitTestAdapter" className="MS.TF.Git.Server.L0.Tests.GitServer_LengthCountingStream" name="GitServer_LengthCountingStream_WritingZeroBytesCheckLength" />
    </UnitTest>
    <UnitTest name="GitServer_LengthCountingStream_WritingNBytesCheckLength" storage="d:\v2.0\a1\_work\dbded102\bin\release.anycpu\tfs.service\ms.tf.git.server.l0.tests\ms.tf.git.server.l0.tests.dll" priority="2" id="bde107a9-8ee0-db49-5012-1ff166750d01">
      <Owners>
        <Owner name="tfsgitsvreng" />
      </Owners>
      <Execution id="5a522c01-fcdf-46af-a2a5-0994fe96627a" />
      <TestMethod codeBase="D:\v2.0\A1\_work\dbded102\bin\Release.AnyCPU\Tfs.Service\MS.TF.Git.Server.L0.Tests\MS.TF.Git.Server.L0.Tests.dll" adapterTypeName="Microsoft.VisualStudio.TestTools.TestTypes.Unit.UnitTestAdapter" className="MS.TF.Git.Server.L0.Tests.GitServer_LengthCountingStream" name="GitServer_LengthCountingStream_WritingNBytesCheckLength" />
    </UnitTest>
    <UnitTest name="GitServer_RedirectedStream_ReadAndCheckInputstreamOutputStream" storage="d:\v2.0\a1\_work\dbded102\bin\release.anycpu\tfs.service\ms.tf.git.server.l0.tests\ms.tf.git.server.l0.tests.dll" priority="2" id="e1dc04c7-873f-2b5c-13fd-badfeea54ec7">
      <Owners>
        <Owner name="tfsgitsvreng" />
      </Owners>
      <Execution id="cbe7d105-ef9c-4c86-908d-2e8ef82e2f36" />
      <TestMethod codeBase="D:\v2.0\A1\_work\dbded102\bin\Release.AnyCPU\Tfs.Service\MS.TF.Git.Server.L0.Tests\MS.TF.Git.Server.L0.Tests.dll" adapterTypeName="Microsoft.VisualStudio.TestTools.TestTypes.Unit.UnitTestAdapter" className="MS.TF.Git.Server.L0.Tests.GitServer_RedirectedStream" name="GitServer_RedirectedStream_ReadAndCheckInputstreamOutputStream" />
    </UnitTest>
    <UnitTest name="GitServer_RedirectedStream_ReadZeroByteCheckPosition" storage="d:\v2.0\a1\_work\dbded102\bin\release.anycpu\tfs.service\ms.tf.git.server.l0.tests\ms.tf.git.server.l0.tests.dll" priority="2" id="2e2a6fcf-7e52-6a9b-c5fc-8f972adae503">
      <Owners>
        <Owner name="tfsgitsvreng" />
      </Owners>
      <Execution id="a24ece3d-264d-4855-aca2-97bbca3a8bb6" />
      <TestMethod codeBase="D:\v2.0\A1\_work\dbded102\bin\Release.AnyCPU\Tfs.Service\MS.TF.Git.Server.L0.Tests\MS.TF.Git.Server.L0.Tests.dll" adapterTypeName="Microsoft.VisualStudio.TestTools.TestTypes.Unit.UnitTestAdapter" className="MS.TF.Git.Server.L0.Tests.GitServer_RedirectedStream" name="GitServer_RedirectedStream_ReadZeroByteCheckPosition" />
    </UnitTest>
    <UnitTest name="GitServer_RedirectedStream_DisposeTwiceSucceeds" storage="d:\v2.0\a1\_work\dbded102\bin\release.anycpu\tfs.service\ms.tf.git.server.l0.tests\ms.tf.git.server.l0.tests.dll" priority="2" id="b885dbd3-4dfb-e772-8824-73878abc13fb">
      <Owners>
        <Owner name="tfsgitsvreng" />
      </Owners>
      <Execution id="300c5b8f-37a0-48ff-a597-26989c0415ce" />
      <TestMethod codeBase="D:\v2.0\A1\_work\dbded102\bin\Release.AnyCPU\Tfs.Service\MS.TF.Git.Server.L0.Tests\MS.TF.Git.Server.L0.Tests.dll" adapterTypeName="Microsoft.VisualStudio.TestTools.TestTypes.Unit.UnitTestAdapter" className="MS.TF.Git.Server.L0.Tests.GitServer_RedirectedStream" name="GitServer_RedirectedStream_DisposeTwiceSucceeds" />
    </UnitTest>
    <UnitTest name="GitServer_RedirectedStream_ReadCheckPosition" storage="d:\v2.0\a1\_work\dbded102\bin\release.anycpu\tfs.service\ms.tf.git.server.l0.tests\ms.tf.git.server.l0.tests.dll" priority="2" id="6268dc35-ef60-2924-7208-2dd881c1dd31">
      <Owners>
        <Owner name="tfsgitsvreng" />
      </Owners>
      <Execution id="efa913df-fdd6-42ce-b404-81d5a070bfd7" />
      <TestMethod codeBase="D:\v2.0\A1\_work\dbded102\bin\Release.AnyCPU\Tfs.Service\MS.TF.Git.Server.L0.Tests\MS.TF.Git.Server.L0.Tests.dll" adapterTypeName="Microsoft.VisualStudio.TestTools.TestTypes.Unit.UnitTestAdapter" className="MS.TF.Git.Server.L0.Tests.GitServer_RedirectedStream" name="GitServer_RedirectedStream_ReadCheckPosition" />
    </UnitTest>
    <UnitTest name="GitServer_RewindableStream_RewindToStart" storage="d:\v2.0\a1\_work\dbded102\bin\release.anycpu\tfs.service\ms.tf.git.server.l0.tests\ms.tf.git.server.l0.tests.dll" priority="2" id="a0d8ccaa-5560-0266-5bec-b8efd2320dfc">
      <Owners>
        <Owner name="tfsgitsvreng" />
      </Owners>
      <Execution id="b5d0f3eb-cdca-4600-9093-4b9e32c5b420" />
      <TestMethod codeBase="D:\v2.0\A1\_work\dbded102\bin\Release.AnyCPU\Tfs.Service\MS.TF.Git.Server.L0.Tests\MS.TF.Git.Server.L0.Tests.dll" adapterTypeName="Microsoft.VisualStudio.TestTools.TestTypes.Unit.UnitTestAdapter" className="MS.TF.Git.Server.L0.Tests.GitServer_RewindableStream" name="GitServer_RewindableStream_RewindToStart" />
    </UnitTest>
    <UnitTest name="GitServer_RewindableStream_RewindToMiddle" storage="d:\v2.0\a1\_work\dbded102\bin\release.anycpu\tfs.service\ms.tf.git.server.l0.tests\ms.tf.git.server.l0.tests.dll" priority="2" id="76c5818f-f48a-23e2-d88a-b3782ff3a186">
      <Owners>
        <Owner name="tfsgitsvreng" />
      </Owners>
      <Execution id="71afd0e3-6116-4ad2-b21c-00e270a00cdf" />
      <TestMethod codeBase="D:\v2.0\A1\_work\dbded102\bin\Release.AnyCPU\Tfs.Service\MS.TF.Git.Server.L0.Tests\MS.TF.Git.Server.L0.Tests.dll" adapterTypeName="Microsoft.VisualStudio.TestTools.TestTypes.Unit.UnitTestAdapter" className="MS.TF.Git.Server.L0.Tests.GitServer_RewindableStream" name="GitServer_RewindableStream_RewindToMiddle" />
    </UnitTest>
    <UnitTest name="GitServer_RewindableStream_RewindZeroAndCheckPosition" storage="d:\v2.0\a1\_work\dbded102\bin\release.anycpu\tfs.service\ms.tf.git.server.l0.tests\ms.tf.git.server.l0.tests.dll" priority="2" id="9d105a0b-5125-008f-5b37-8299b5ba30d4">
      <Owners>
        <Owner name="tfsgitsvreng" />
      </Owners>
      <Execution id="d319a2a7-0804-492d-a456-81cc3b1fba32" />
      <TestMethod codeBase="D:\v2.0\A1\_work\dbded102\bin\Release.AnyCPU\Tfs.Service\MS.TF.Git.Server.L0.Tests\MS.TF.Git.Server.L0.Tests.dll" adapterTypeName="Microsoft.VisualStudio.TestTools.TestTypes.Unit.UnitTestAdapter" className="MS.TF.Git.Server.L0.Tests.GitServer_RewindableStream" name="GitServer_RewindableStream_RewindZeroAndCheckPosition" />
    </UnitTest>
    <UnitTest name="GitServer_RewindableStream_RewindAndCheckPosition" storage="d:\v2.0\a1\_work\dbded102\bin\release.anycpu\tfs.service\ms.tf.git.server.l0.tests\ms.tf.git.server.l0.tests.dll" priority="2" id="48d44bab-baab-239e-302e-2a1fc929f91b">
      <Owners>
        <Owner name="tfsgitsvreng" />
      </Owners>
      <Execution id="e597d67c-805f-450c-81c0-0c45c94ca383" />
      <TestMethod codeBase="D:\v2.0\A1\_work\dbded102\bin\Release.AnyCPU\Tfs.Service\MS.TF.Git.Server.L0.Tests\MS.TF.Git.Server.L0.Tests.dll" adapterTypeName="Microsoft.VisualStudio.TestTools.TestTypes.Unit.UnitTestAdapter" className="MS.TF.Git.Server.L0.Tests.GitServer_RewindableStream" name="GitServer_RewindableStream_RewindAndCheckPosition" />
    </UnitTest>
    <UnitTest name="GitServer_Sha256CalculatingStream_ValidateHashAfterReadingIncrementallyFromStream" storage="d:\v2.0\a1\_work\dbded102\bin\release.anycpu\tfs.service\ms.tf.git.server.l0.tests\ms.tf.git.server.l0.tests.dll" priority="1" id="120a9845-c617-0dc4-85e1-377829c5400f">
      <Owners>
        <Owner name="tfsgitsvreng" />
      </Owners>
      <Execution id="9438f6c9-a3c4-419f-a6d0-a9ac015fc309" />
      <TestMethod codeBase="D:\v2.0\A1\_work\dbded102\bin\Release.AnyCPU\Tfs.Service\MS.TF.Git.Server.L0.Tests\MS.TF.Git.Server.L0.Tests.dll" adapterTypeName="Microsoft.VisualStudio.TestTools.TestTypes.Unit.UnitTestAdapter" className="MS.TF.Git.Server.L0.Tests.GitServer_Sha256CalculatingStream" name="GitServer_Sha256CalculatingStream_ValidateHashAfterReadingIncrementallyFromStream" />
    </UnitTest>
    <UnitTest name="GitServer_Sha256CalculatingStream_ValidateHashAfterReadingAllAtOnceFromStream" storage="d:\v2.0\a1\_work\dbded102\bin\release.anycpu\tfs.service\ms.tf.git.server.l0.tests\ms.tf.git.server.l0.tests.dll" priority="1" id="372cbd1d-1cf3-3890-c4bf-8d49f7dac37c">
      <Owners>
        <Owner name="tfsgitsvreng" />
      </Owners>
      <Execution id="3733c364-0e80-4cad-9d49-08f20c58ef12" />
      <TestMethod codeBase="D:\v2.0\A1\_work\dbded102\bin\Release.AnyCPU\Tfs.Service\MS.TF.Git.Server.L0.Tests\MS.TF.Git.Server.L0.Tests.dll" adapterTypeName="Microsoft.VisualStudio.TestTools.TestTypes.Unit.UnitTestAdapter" className="MS.TF.Git.Server.L0.Tests.GitServer_Sha256CalculatingStream" name="GitServer_Sha256CalculatingStream_ValidateHashAfterReadingAllAtOnceFromStream" />
    </UnitTest>
    <UnitTest name="GitServer_WriteBufferStream_WritingLessCheckOutput" storage="d:\v2.0\a1\_work\dbded102\bin\release.anycpu\tfs.service\ms.tf.git.server.l0.tests\ms.tf.git.server.l0.tests.dll" priority="2" id="1e1cb661-2a0b-c436-6047-0629ae096c7f">
      <Owners>
        <Owner name="tfsgitsvreng" />
      </Owners>
      <Execution id="b7da0c96-1ff2-4fbb-8661-7de3c2d943f1" />
      <TestMethod codeBase="D:\v2.0\A1\_work\dbded102\bin\Release.AnyCPU\Tfs.Service\MS.TF.Git.Server.L0.Tests\MS.TF.Git.Server.L0.Tests.dll" adapterTypeName="Microsoft.VisualStudio.TestTools.TestTypes.Unit.UnitTestAdapter" className="MS.TF.Git.Server.L0.Tests.GitServer_WriteBufferStream" name="GitServer_WriteBufferStream_WritingLessCheckOutput" />
    </UnitTest>
    <UnitTest name="GitServer_WriteBufferStream_WritingEqualCheckOutput" storage="d:\v2.0\a1\_work\dbded102\bin\release.anycpu\tfs.service\ms.tf.git.server.l0.tests\ms.tf.git.server.l0.tests.dll" priority="2" id="0ef164aa-5821-7c1b-8682-4b89a0592d89">
      <Owners>
        <Owner name="tfsgitsvreng" />
      </Owners>
      <Execution id="eaa02c86-d089-4e98-b7c5-4a4bf37b858a" />
      <TestMethod codeBase="D:\v2.0\A1\_work\dbded102\bin\Release.AnyCPU\Tfs.Service\MS.TF.Git.Server.L0.Tests\MS.TF.Git.Server.L0.Tests.dll" adapterTypeName="Microsoft.VisualStudio.TestTools.TestTypes.Unit.UnitTestAdapter" className="MS.TF.Git.Server.L0.Tests.GitServer_WriteBufferStream" name="GitServer_WriteBufferStream_WritingEqualCheckOutput" />
    </UnitTest>
    <UnitTest name="GitServer_WriteBufferStream_WritingMoreCheckOutput" storage="d:\v2.0\a1\_work\dbded102\bin\release.anycpu\tfs.service\ms.tf.git.server.l0.tests\ms.tf.git.server.l0.tests.dll" priority="2" id="2b5e8904-7aeb-3fc2-1e0d-83cde7737577">
      <Owners>
        <Owner name="tfsgitsvreng" />
      </Owners>
      <Execution id="6b55cc82-a511-4752-9ce0-e141b9bc7404" />
      <TestMethod codeBase="D:\v2.0\A1\_work\dbded102\bin\Release.AnyCPU\Tfs.Service\MS.TF.Git.Server.L0.Tests\MS.TF.Git.Server.L0.Tests.dll" adapterTypeName="Microsoft.VisualStudio.TestTools.TestTypes.Unit.UnitTestAdapter" className="MS.TF.Git.Server.L0.Tests.GitServer_WriteBufferStream" name="GitServer_WriteBufferStream_WritingMoreCheckOutput" />
    </UnitTest>
    <UnitTest name="GitServer_ZlibDeflateStream_ClosingCheckOutput" storage="d:\v2.0\a1\_work\dbded102\bin\release.anycpu\tfs.service\ms.tf.git.server.l0.tests\ms.tf.git.server.l0.tests.dll" priority="2" id="52d3e382-c699-b692-aeaa-087d08528cdd">
      <Owners>
        <Owner name="tfsgitsvreng" />
      </Owners>
      <Execution id="8f7fa2af-2b7c-4f4a-afe1-3129910dfdcf" />
      <TestMethod codeBase="D:\v2.0\A1\_work\dbded102\bin\Release.AnyCPU\Tfs.Service\MS.TF.Git.Server.L0.Tests\MS.TF.Git.Server.L0.Tests.dll" adapterTypeName="Microsoft.VisualStudio.TestTools.TestTypes.Unit.UnitTestAdapter" className="MS.TF.Git.Server.L0.Tests.GitServer_ZlibDeflateStream" name="GitServer_ZlibDeflateStream_ClosingCheckOutput" />
    </UnitTest>
    <UnitTest name="GitServer_Sha1Id_EndToEnd" storage="d:\v2.0\a1\_work\dbded102\bin\release.anycpu\tfs.service\ms.tf.git.server.l0.tests\ms.tf.git.server.l0.tests.dll" priority="1" id="cd0b8e0d-34d1-def8-3163-8ae2305b6953">
      <Owners>
        <Owner name="tfsgitsvreng" />
      </Owners>
      <Execution id="5563f19c-0930-454a-be20-0fa9abb5b45f" />
      <TestMethod codeBase="D:\v2.0\A1\_work\dbded102\bin\Release.AnyCPU\Tfs.Service\MS.TF.Git.Server.L0.Tests\MS.TF.Git.Server.L0.Tests.dll" adapterTypeName="Microsoft.VisualStudio.TestTools.TestTypes.Unit.UnitTestAdapter" className="MS.TF.Git.Server.L0.Tests.GitServer_Sha1Id" name="GitServer_Sha1Id_EndToEnd" />
    </UnitTest>
    <UnitTest name="GitServer_Sha1Id_Serialization" storage="d:\v2.0\a1\_work\dbded102\bin\release.anycpu\tfs.service\ms.tf.git.server.l0.tests\ms.tf.git.server.l0.tests.dll" priority="1" id="85dbfb95-f2e5-20b1-1521-4e5a1ba64416">
      <Owners>
        <Owner name="tfsgitsvreng" />
      </Owners>
      <Execution id="416e9b9c-636a-4859-9f00-e16344561e50" />
      <TestMethod codeBase="D:\v2.0\A1\_work\dbded102\bin\Release.AnyCPU\Tfs.Service\MS.TF.Git.Server.L0.Tests\MS.TF.Git.Server.L0.Tests.dll" adapterTypeName="Microsoft.VisualStudio.TestTools.TestTypes.Unit.UnitTestAdapter" className="MS.TF.Git.Server.L0.Tests.GitServer_Sha1Id" name="GitServer_Sha1Id_Serialization" />
    </UnitTest>
    <UnitTest name="GitServer_Sha1Id_ErrorsChecked" storage="d:\v2.0\a1\_work\dbded102\bin\release.anycpu\tfs.service\ms.tf.git.server.l0.tests\ms.tf.git.server.l0.tests.dll" priority="1" id="e1359194-edc8-746a-ce84-04c317d366d4">
      <Owners>
        <Owner name="tfsgitsvreng" />
      </Owners>
      <Execution id="f63917ac-f733-484b-89da-2c4ac98f0de4" />
      <TestMethod codeBase="D:\v2.0\A1\_work\dbded102\bin\Release.AnyCPU\Tfs.Service\MS.TF.Git.Server.L0.Tests\MS.TF.Git.Server.L0.Tests.dll" adapterTypeName="Microsoft.VisualStudio.TestTools.TestTypes.Unit.UnitTestAdapter" className="MS.TF.Git.Server.L0.Tests.GitServer_Sha1Id" name="GitServer_Sha1Id_ErrorsChecked" />
    </UnitTest>
    <UnitTest name="GitServer_TfsGitTree_ParseObjects" storage="d:\v2.0\a1\_work\dbded102\bin\release.anycpu\tfs.service\ms.tf.git.server.l0.tests\ms.tf.git.server.l0.tests.dll" priority="1" id="ce116825-569b-14c1-62c4-5be3d6a69535">
      <Owners>
        <Owner name="tfsgitsvreng" />
      </Owners>
      <Execution id="b4799ef5-b254-488d-8cc9-bcb4d2ea89a2" />
      <TestMethod codeBase="D:\v2.0\A1\_work\dbded102\bin\Release.AnyCPU\Tfs.Service\MS.TF.Git.Server.L0.Tests\MS.TF.Git.Server.L0.Tests.dll" adapterTypeName="Microsoft.VisualStudio.TestTools.TestTypes.Unit.UnitTestAdapter" className="MS.TF.Git.Server.L0.Tests.GitServer_TfsGitTree" name="GitServer_TfsGitTree_ParseObjects" />
    </UnitTest>
    <UnitTest name="GitServer_TfsGitTree_ParseInvalidSlash" storage="d:\v2.0\a1\_work\dbded102\bin\release.anycpu\tfs.service\ms.tf.git.server.l0.tests\ms.tf.git.server.l0.tests.dll" priority="1" id="6fe75f0d-a402-03ac-aa70-3667d1984525">
      <Owners>
        <Owner name="tfsgitsvreng" />
      </Owners>
      <Execution id="a49247fc-ef5c-441b-a9ad-f3635b8d9e74" />
      <TestMethod codeBase="D:\v2.0\A1\_work\dbded102\bin\Release.AnyCPU\Tfs.Service\MS.TF.Git.Server.L0.Tests\MS.TF.Git.Server.L0.Tests.dll" adapterTypeName="Microsoft.VisualStudio.TestTools.TestTypes.Unit.UnitTestAdapter" className="MS.TF.Git.Server.L0.Tests.GitServer_TfsGitTree" name="GitServer_TfsGitTree_ParseInvalidSlash" />
    </UnitTest>
    <UnitTest name="GitServer_TfsGitTree_ParseInvalidNull" storage="d:\v2.0\a1\_work\dbded102\bin\release.anycpu\tfs.service\ms.tf.git.server.l0.tests\ms.tf.git.server.l0.tests.dll" priority="1" id="0de573e9-899f-8368-86f6-e95032afd7d3">
      <Owners>
        <Owner name="tfsgitsvreng" />
      </Owners>
      <Execution id="775f3b44-dbe6-443f-8ebf-1e3e93f121df" />
      <TestMethod codeBase="D:\v2.0\A1\_work\dbded102\bin\Release.AnyCPU\Tfs.Service\MS.TF.Git.Server.L0.Tests\MS.TF.Git.Server.L0.Tests.dll" adapterTypeName="Microsoft.VisualStudio.TestTools.TestTypes.Unit.UnitTestAdapter" className="MS.TF.Git.Server.L0.Tests.GitServer_TfsGitTree" name="GitServer_TfsGitTree_ParseInvalidNull" />
    </UnitTest>
    <UnitTest name="GitServer_TfsGitTree_ParseInvalidOrder" storage="d:\v2.0\a1\_work\dbded102\bin\release.anycpu\tfs.service\ms.tf.git.server.l0.tests\ms.tf.git.server.l0.tests.dll" priority="1" id="ed82387b-ec53-e103-94fb-be7117c2fb24">
      <Owners>
        <Owner name="tfsgitsvreng" />
      </Owners>
      <Execution id="4243b2c8-6a8c-4422-958d-153faac73349" />
      <TestMethod codeBase="D:\v2.0\A1\_work\dbded102\bin\Release.AnyCPU\Tfs.Service\MS.TF.Git.Server.L0.Tests\MS.TF.Git.Server.L0.Tests.dll" adapterTypeName="Microsoft.VisualStudio.TestTools.TestTypes.Unit.UnitTestAdapter" className="MS.TF.Git.Server.L0.Tests.GitServer_TfsGitTree" name="GitServer_TfsGitTree_ParseInvalidOrder" />
    </UnitTest>
    <UnitTest name="GitServer_TfsGitTree_InvalidRelativePaths_AllFsckOptions" storage="d:\v2.0\a1\_work\dbded102\bin\release.anycpu\tfs.service\ms.tf.git.server.l0.tests\ms.tf.git.server.l0.tests.dll" priority="1" id="e5a2e299-3599-6a65-f5ee-828a5079ceff">
      <Owners>
        <Owner name="tfsgitsvreng" />
      </Owners>
      <Execution id="19f0d2b2-b08b-4416-9924-d1a1167073bb" />
      <TestMethod codeBase="D:\v2.0\A1\_work\dbded102\bin\Release.AnyCPU\Tfs.Service\MS.TF.Git.Server.L0.Tests\MS.TF.Git.Server.L0.Tests.dll" adapterTypeName="Microsoft.VisualStudio.TestTools.TestTypes.Unit.UnitTestAdapter" className="MS.TF.Git.Server.L0.Tests.GitServer_TfsGitTree_FsckOptions" name="GitServer_TfsGitTree_InvalidRelativePaths_AllFsckOptions" />
    </UnitTest>
    <UnitTest name="GitServer_TfsGitTree_InvalidRelativePaths_NoFsckOptions" storage="d:\v2.0\a1\_work\dbded102\bin\release.anycpu\tfs.service\ms.tf.git.server.l0.tests\ms.tf.git.server.l0.tests.dll" priority="1" id="cc16fd38-0073-9150-cb7c-b95f99478131">
      <Owners>
        <Owner name="tfsgitsvreng" />
      </Owners>
      <Execution id="90b027c1-e103-423a-94b0-a062ca41a276" />
      <TestMethod codeBase="D:\v2.0\A1\_work\dbded102\bin\Release.AnyCPU\Tfs.Service\MS.TF.Git.Server.L0.Tests\MS.TF.Git.Server.L0.Tests.dll" adapterTypeName="Microsoft.VisualStudio.TestTools.TestTypes.Unit.UnitTestAdapter" className="MS.TF.Git.Server.L0.Tests.GitServer_TfsGitTree_FsckOptions" name="GitServer_TfsGitTree_InvalidRelativePaths_NoFsckOptions" />
    </UnitTest>
    <UnitTest name="GitServer_TfsGitTree_InvalidRelativePaths_DotGitOnly" storage="d:\v2.0\a1\_work\dbded102\bin\release.anycpu\tfs.service\ms.tf.git.server.l0.tests\ms.tf.git.server.l0.tests.dll" priority="2" id="dc8d1c47-7348-ba15-8796-06652a4cc0d7">
      <Owners>
        <Owner name="tfsgitsvreng" />
      </Owners>
      <Execution id="9cb1be08-343a-4aee-a311-94f9f7577042" />
      <TestMethod codeBase="D:\v2.0\A1\_work\dbded102\bin\Release.AnyCPU\Tfs.Service\MS.TF.Git.Server.L0.Tests\MS.TF.Git.Server.L0.Tests.dll" adapterTypeName="Microsoft.VisualStudio.TestTools.TestTypes.Unit.UnitTestAdapter" className="MS.TF.Git.Server.L0.Tests.GitServer_TfsGitTree_FsckOptions" name="GitServer_TfsGitTree_InvalidRelativePaths_DotGitOnly" />
    </UnitTest>
    <UnitTest name="GitServer_TfsGitTree_EnforceConsistentCase_Trees" storage="d:\v2.0\a1\_work\dbded102\bin\release.anycpu\tfs.service\ms.tf.git.server.l0.tests\ms.tf.git.server.l0.tests.dll" priority="1" id="91aa2b28-664e-5b84-973e-e23e211d52dd">
      <Owners>
        <Owner name="tfsgitsvreng" />
      </Owners>
      <Execution id="3570cc17-54fd-436c-a352-496b51955825" />
      <TestMethod codeBase="D:\v2.0\A1\_work\dbded102\bin\Release.AnyCPU\Tfs.Service\MS.TF.Git.Server.L0.Tests\MS.TF.Git.Server.L0.Tests.dll" adapterTypeName="Microsoft.VisualStudio.TestTools.TestTypes.Unit.UnitTestAdapter" className="MS.TF.Git.Server.L0.Tests.GitServer_TfsGitTree_FsckOptions" name="GitServer_TfsGitTree_EnforceConsistentCase_Trees" />
    </UnitTest>
    <UnitTest name="GitServer_TfsGitTree_EnforceConsistentCase_Blobs" storage="d:\v2.0\a1\_work\dbded102\bin\release.anycpu\tfs.service\ms.tf.git.server.l0.tests\ms.tf.git.server.l0.tests.dll" priority="1" id="42d138f5-6948-1ca7-44da-761919c3c714">
      <Owners>
        <Owner name="tfsgitsvreng" />
      </Owners>
      <Execution id="6629a8e1-923e-40d5-b2ca-2c5fc4a250fa" />
      <TestMethod codeBase="D:\v2.0\A1\_work\dbded102\bin\Release.AnyCPU\Tfs.Service\MS.TF.Git.Server.L0.Tests\MS.TF.Git.Server.L0.Tests.dll" adapterTypeName="Microsoft.VisualStudio.TestTools.TestTypes.Unit.UnitTestAdapter" className="MS.TF.Git.Server.L0.Tests.GitServer_TfsGitTree_FsckOptions" name="GitServer_TfsGitTree_EnforceConsistentCase_Blobs" />
    </UnitTest>
    <UnitTest name="GitServer_TfsGitTree_EnforceConsistentCase_Both" storage="d:\v2.0\a1\_work\dbded102\bin\release.anycpu\tfs.service\ms.tf.git.server.l0.tests\ms.tf.git.server.l0.tests.dll" priority="1" id="b87ef7ba-5729-a689-2e7f-e61a7d24da7d">
      <Owners>
        <Owner name="tfsgitsvreng" />
      </Owners>
      <Execution id="fdc2d2f9-c41c-469f-ba8e-4f323fc66e66" />
      <TestMethod codeBase="D:\v2.0\A1\_work\dbded102\bin\Release.AnyCPU\Tfs.Service\MS.TF.Git.Server.L0.Tests\MS.TF.Git.Server.L0.Tests.dll" adapterTypeName="Microsoft.VisualStudio.TestTools.TestTypes.Unit.UnitTestAdapter" className="MS.TF.Git.Server.L0.Tests.GitServer_TfsGitTree_FsckOptions" name="GitServer_TfsGitTree_EnforceConsistentCase_Both" />
    </UnitTest>
    <UnitTest name="GitServer_TfsGitTree_ParseObjects" storage="d:\v2.0\a1\_work\dbded102\bin\release.anycpu\tfs.service\ms.tf.git.server.l0.tests\ms.tf.git.server.l0.tests.dll" priority="1" id="4d34365e-6bfc-fa62-8394-a69ac618b6b6">
      <Owners>
        <Owner name="tfsgitsvreng" />
      </Owners>
      <Execution id="e20cc0b3-6075-45b8-ae08-c672dbb7738e" />
      <TestMethod codeBase="D:\v2.0\A1\_work\dbded102\bin\Release.AnyCPU\Tfs.Service\MS.TF.Git.Server.L0.Tests\MS.TF.Git.Server.L0.Tests.dll" adapterTypeName="Microsoft.VisualStudio.TestTools.TestTypes.Unit.UnitTestAdapter" className="MS.TF.Git.Server.L0.Tests.GitServer_TfsGitTree_FsckOptions" name="GitServer_TfsGitTree_ParseObjects" />
    </UnitTest>
    <UnitTest name="GitServer_TfsGitTree_ParseInvalidSlash" storage="d:\v2.0\a1\_work\dbded102\bin\release.anycpu\tfs.service\ms.tf.git.server.l0.tests\ms.tf.git.server.l0.tests.dll" priority="1" id="7ca356c3-f1c0-c4c7-cbb5-e7e502bc4aef">
      <Owners>
        <Owner name="tfsgitsvreng" />
      </Owners>
      <Execution id="f8cccb98-e73b-46f4-bb96-6cf3797d49e7" />
      <TestMethod codeBase="D:\v2.0\A1\_work\dbded102\bin\Release.AnyCPU\Tfs.Service\MS.TF.Git.Server.L0.Tests\MS.TF.Git.Server.L0.Tests.dll" adapterTypeName="Microsoft.VisualStudio.TestTools.TestTypes.Unit.UnitTestAdapter" className="MS.TF.Git.Server.L0.Tests.GitServer_TfsGitTree_FsckOptions" name="GitServer_TfsGitTree_ParseInvalidSlash" />
    </UnitTest>
    <UnitTest name="GitServer_TfsGitTree_ParseInvalidNull" storage="d:\v2.0\a1\_work\dbded102\bin\release.anycpu\tfs.service\ms.tf.git.server.l0.tests\ms.tf.git.server.l0.tests.dll" priority="1" id="01e9343e-cfc3-34fb-d7d8-6a5193b78d70">
      <Owners>
        <Owner name="tfsgitsvreng" />
      </Owners>
      <Execution id="39d9b0f1-dadf-4417-a56c-146771793b9f" />
      <TestMethod codeBase="D:\v2.0\A1\_work\dbded102\bin\Release.AnyCPU\Tfs.Service\MS.TF.Git.Server.L0.Tests\MS.TF.Git.Server.L0.Tests.dll" adapterTypeName="Microsoft.VisualStudio.TestTools.TestTypes.Unit.UnitTestAdapter" className="MS.TF.Git.Server.L0.Tests.GitServer_TfsGitTree_FsckOptions" name="GitServer_TfsGitTree_ParseInvalidNull" />
    </UnitTest>
    <UnitTest name="GitServer_TfsGitTree_ParseInvalidOrder" storage="d:\v2.0\a1\_work\dbded102\bin\release.anycpu\tfs.service\ms.tf.git.server.l0.tests\ms.tf.git.server.l0.tests.dll" priority="1" id="5248af3e-41f5-7ce2-4513-c6856c4d410d">
      <Owners>
        <Owner name="tfsgitsvreng" />
      </Owners>
      <Execution id="1f9878c3-18c6-4a44-8aa7-d7fb4ebccbb0" />
      <TestMethod codeBase="D:\v2.0\A1\_work\dbded102\bin\Release.AnyCPU\Tfs.Service\MS.TF.Git.Server.L0.Tests\MS.TF.Git.Server.L0.Tests.dll" adapterTypeName="Microsoft.VisualStudio.TestTools.TestTypes.Unit.UnitTestAdapter" className="MS.TF.Git.Server.L0.Tests.GitServer_TfsGitTree_FsckOptions" name="GitServer_TfsGitTree_ParseInvalidOrder" />
    </UnitTest>
    <UnitTest name="TestGetArtifactIdForRef" storage="d:\v2.0\a1\_work\dbded102\bin\release.anycpu\tfs.service\ms.tf.git.server.l0.tests\ms.tf.git.server.l0.tests.dll" id="0211d421-adca-89ef-4a7f-20323ebd9785">
      <Execution id="51a32315-776b-4428-b484-6977d2f8f0ec" />
      <TestMethod codeBase="D:\v2.0\A1\_work\dbded102\bin\Release.AnyCPU\Tfs.Service\MS.TF.Git.Server.L0.Tests\MS.TF.Git.Server.L0.Tests.dll" adapterTypeName="Microsoft.VisualStudio.TestTools.TestTypes.Unit.UnitTestAdapter" className="MS.TF.Git.Server.L0.Tests.ArtifactIds.GitServer_GitRefArtifactId" name="TestGetArtifactIdForRef" />
    </UnitTest>
    <UnitTest name="TestDecode" storage="d:\v2.0\a1\_work\dbded102\bin\release.anycpu\tfs.service\ms.tf.git.server.l0.tests\ms.tf.git.server.l0.tests.dll" id="95921637-b74c-a316-1764-febef95bc566">
      <Execution id="b73c86e5-62c1-4385-942a-d28be11914da" />
      <TestMethod codeBase="D:\v2.0\A1\_work\dbded102\bin\Release.AnyCPU\Tfs.Service\MS.TF.Git.Server.L0.Tests\MS.TF.Git.Server.L0.Tests.dll" adapterTypeName="Microsoft.VisualStudio.TestTools.TestTypes.Unit.UnitTestAdapter" className="MS.TF.Git.Server.L0.Tests.ArtifactIds.GitServer_GitRefArtifactId" name="TestDecode" />
    </UnitTest>
    <UnitTest name="TestDecodeWithInvalidValues" storage="d:\v2.0\a1\_work\dbded102\bin\release.anycpu\tfs.service\ms.tf.git.server.l0.tests\ms.tf.git.server.l0.tests.dll" id="3ee98461-2a2c-0a6b-424b-b9cc5b1e925a">
      <Execution id="db5dd909-b89b-49e5-97e8-d6a340d973cc" />
      <TestMethod codeBase="D:\v2.0\A1\_work\dbded102\bin\Release.AnyCPU\Tfs.Service\MS.TF.Git.Server.L0.Tests\MS.TF.Git.Server.L0.Tests.dll" adapterTypeName="Microsoft.VisualStudio.TestTools.TestTypes.Unit.UnitTestAdapter" className="MS.TF.Git.Server.L0.Tests.ArtifactIds.GitServer_GitRefArtifactId" name="TestDecodeWithInvalidValues" />
    </UnitTest>
  </TestDefinitions>
  <TestEntries>
    <TestEntry testId="6417bdb0-eace-ffa6-6101-89879ba1eec9" executionId="a01ec5fc-83c8-479a-ad83-d11963c29016" testListId="8c84fa94-04c1-424b-9868-57a2d4851a1d" />
    <TestEntry testId="ccb59b29-1025-8ec0-85f7-9129ca8f491d" executionId="eab89bf5-518a-4149-8474-082464398a95" testListId="8c84fa94-04c1-424b-9868-57a2d4851a1d" />
    <TestEntry testId="ab085672-0b95-06e6-8dc5-a06ff569e261" executionId="d528c93f-e21d-49f2-b9db-99e2e290c1d5" testListId="8c84fa94-04c1-424b-9868-57a2d4851a1d" />
    <TestEntry testId="d4b9c7b4-9e80-ab12-1ce5-174aa1c43f31" executionId="a20020c0-3776-44ab-b7e2-7fbc4d1e3fc5" testListId="8c84fa94-04c1-424b-9868-57a2d4851a1d" />
    <TestEntry testId="bb3a5a23-1c11-b9ec-d7f3-7cbf43e849c8" executionId="189fc48b-a2f2-4ca7-92b4-24d608b72fae" testListId="8c84fa94-04c1-424b-9868-57a2d4851a1d" />
    <TestEntry testId="ee9de5b2-de14-4a36-2008-2d4285acedfc" executionId="1ff04564-b570-4b93-ba4b-aaaabc6dd2a7" testListId="8c84fa94-04c1-424b-9868-57a2d4851a1d" />
    <TestEntry testId="9b1ed357-6af2-5117-50f0-5fbf16b3fc09" executionId="66a33b29-285b-4446-b16c-bed2eb97b02f" testListId="8c84fa94-04c1-424b-9868-57a2d4851a1d" />
    <TestEntry testId="f49d4928-84f1-8a62-a483-71e34d9244ff" executionId="e172bff9-b9ec-469d-8b16-9cd64227e1b8" testListId="8c84fa94-04c1-424b-9868-57a2d4851a1d" />
    <TestEntry testId="474d3729-2bea-5124-bede-24eb34f7d277" executionId="13c15c6d-619e-4700-b494-202d52295ab0" testListId="8c84fa94-04c1-424b-9868-57a2d4851a1d" />
    <TestEntry testId="d7b81704-7a27-c38f-e47b-7005d9569a72" executionId="b100c22d-1deb-4730-9112-0ac9d46022c4" testListId="8c84fa94-04c1-424b-9868-57a2d4851a1d" />
    <TestEntry testId="d6778314-77c8-2d40-2043-5f45d18961e4" executionId="4c1e3a00-0be9-4cf2-9e9e-2f05118c2395" testListId="8c84fa94-04c1-424b-9868-57a2d4851a1d" />
    <TestEntry testId="51986cae-fd13-5eeb-f10f-97bf1fbc6b3a" executionId="a1cb77e3-fbc8-402d-bdb7-f011a155376f" testListId="8c84fa94-04c1-424b-9868-57a2d4851a1d" />
    <TestEntry testId="21a2ce3e-1226-76f9-02ba-34946eeda45f" executionId="52894088-125f-482f-aa0c-057ea243c5f5" testListId="8c84fa94-04c1-424b-9868-57a2d4851a1d" />
    <TestEntry testId="47552d1b-7129-5448-966d-5547afc5e203" executionId="e97cf09f-198d-432d-9295-f0a8cda81e6d" testListId="8c84fa94-04c1-424b-9868-57a2d4851a1d" />
    <TestEntry testId="5fc60c1e-d74b-e280-129a-1ac97be63d80" executionId="1d4deab2-93ab-46f9-b9f5-534cb7adbd1d" testListId="8c84fa94-04c1-424b-9868-57a2d4851a1d" />
    <TestEntry testId="0313b3f8-f50f-a8a0-bf56-5d24dce536a9" executionId="84668181-ec1a-4a9d-beb5-80a38eaeb4a3" testListId="8c84fa94-04c1-424b-9868-57a2d4851a1d" />
    <TestEntry testId="e42b26c5-7665-cded-9f3a-daf1da776dc1" executionId="5b9bc5e1-fe01-4ff8-b6af-f8a3f1b23e01" testListId="8c84fa94-04c1-424b-9868-57a2d4851a1d" />
    <TestEntry testId="04927e7f-bd66-6295-25af-a9d686ee439c" executionId="a5c023ca-d3e9-4bd6-8808-1ddaaf80850d" testListId="8c84fa94-04c1-424b-9868-57a2d4851a1d" />
    <TestEntry testId="c8227e59-4708-cc03-03a7-6803f5b2afe8" executionId="8fcefb30-99ef-46b4-a2d2-1ce566c8f797" testListId="8c84fa94-04c1-424b-9868-57a2d4851a1d" />
    <TestEntry testId="71e0a9bc-1050-d245-c379-905fc35bbdcb" executionId="323f4697-5cf3-4b65-ad3b-ce612a1273cf" testListId="8c84fa94-04c1-424b-9868-57a2d4851a1d" />
    <TestEntry testId="99081ba3-89b0-3a23-1a04-87c396a6dbf6" executionId="e81f8e3e-0151-461b-a818-d2c0cd46dba5" testListId="8c84fa94-04c1-424b-9868-57a2d4851a1d" />
    <TestEntry testId="70b26b7a-0a4b-aaf9-53fb-eff898d747f1" executionId="b32a52b8-ca3b-4664-a23e-6105c205b5d6" testListId="8c84fa94-04c1-424b-9868-57a2d4851a1d" />
    <TestEntry testId="01cc5ad2-7b2b-790e-95fc-eac382c088aa" executionId="38768bee-2a1e-4b87-afe6-0209cb7c66be" testListId="8c84fa94-04c1-424b-9868-57a2d4851a1d" />
    <TestEntry testId="e5615d7d-2aa2-d431-35ac-aaf7ed514f80" executionId="dfcebd64-d76a-4f26-9c5f-b92b7a626749" testListId="8c84fa94-04c1-424b-9868-57a2d4851a1d" />
    <TestEntry testId="848d1ad5-78d6-50d7-5abe-d996a665116b" executionId="c3431abf-b3ce-4bfa-b8bf-232c043aaa43" testListId="8c84fa94-04c1-424b-9868-57a2d4851a1d" />
    <TestEntry testId="18ee4e81-299d-21cc-2b37-ecd282b635fa" executionId="2334bf23-883a-4e4a-8847-0962469b3ad5" testListId="8c84fa94-04c1-424b-9868-57a2d4851a1d" />
    <TestEntry testId="96329ff2-7cd3-222c-76bf-d28a07068368" executionId="231d5107-fff1-4fe9-8afe-83a4dd6e790f" testListId="8c84fa94-04c1-424b-9868-57a2d4851a1d" />
    <TestEntry testId="5a846174-b7bb-4fc0-7f50-c081254ee146" executionId="d880eb31-ef30-4c27-a279-0a17b20d02b4" testListId="8c84fa94-04c1-424b-9868-57a2d4851a1d" />
    <TestEntry testId="179195ae-266e-5c50-b481-d23afa5b1d67" executionId="d2c50cc8-45d3-4c2a-a255-9fb6a0c44541" testListId="8c84fa94-04c1-424b-9868-57a2d4851a1d" />
    <TestEntry testId="13aea422-fd56-3119-f28e-4a1d2cd3a9f2" executionId="f1372a29-d5ab-4999-a028-31344da6a454" testListId="8c84fa94-04c1-424b-9868-57a2d4851a1d" />
    <TestEntry testId="8a049682-bd44-dbbe-eaba-33a940f5732d" executionId="8bfa732a-0dc0-43a0-9d1b-de2fe2323dda" testListId="8c84fa94-04c1-424b-9868-57a2d4851a1d" />
    <TestEntry testId="25eac712-7dfb-02f2-af43-0afe91a257ad" executionId="ff7d7473-64c1-48f5-b055-d77744f3314f" testListId="8c84fa94-04c1-424b-9868-57a2d4851a1d" />
    <TestEntry testId="1edc08de-96f1-bc7c-b1ae-fb0266d89935" executionId="d537685b-7225-4c4c-84bf-34342ac5fe63" testListId="8c84fa94-04c1-424b-9868-57a2d4851a1d" />
    <TestEntry testId="6192e828-65ee-5223-e743-9fd1c6ff6f63" executionId="51c09480-117a-49bd-b95e-ebbeedeeb4ed" testListId="8c84fa94-04c1-424b-9868-57a2d4851a1d" />
    <TestEntry testId="a44d1a7d-22d0-8aef-1ced-7cabb17121b4" executionId="ba2c892c-31a4-4da0-bc1d-d9e64759c136" testListId="8c84fa94-04c1-424b-9868-57a2d4851a1d" />
    <TestEntry testId="17367ba2-83bb-2e4d-6c78-c8d8f22580c5" executionId="01043637-23e2-4274-94e6-871e900f46e5" testListId="8c84fa94-04c1-424b-9868-57a2d4851a1d" />
    <TestEntry testId="5d4ac29b-36db-2b23-f085-93207bf52b3e" executionId="4da1c1a9-3ffe-4bf4-af52-41f44d1e3dd5" testListId="8c84fa94-04c1-424b-9868-57a2d4851a1d" />
    <TestEntry testId="f5875a0a-5abf-776e-8adb-34894a5251dc" executionId="19d208e9-ba26-470e-b7e9-c1e4ebffca26" testListId="8c84fa94-04c1-424b-9868-57a2d4851a1d" />
    <TestEntry testId="d91542ca-f142-1c15-c125-d6fbf44d4a95" executionId="e792496a-ec48-4fbf-80ae-821c7cc5bdac" testListId="8c84fa94-04c1-424b-9868-57a2d4851a1d" />
    <TestEntry testId="e6871751-6fbd-e6a3-b771-2acd5b45ed63" executionId="e4f88a86-05e5-4705-9795-da28d7513bdd" testListId="8c84fa94-04c1-424b-9868-57a2d4851a1d" />
    <TestEntry testId="5bfcd854-3543-2bb8-b452-b91d799a5006" executionId="d2fecb00-0a8b-4edb-ae86-efbe5b53d50c" testListId="8c84fa94-04c1-424b-9868-57a2d4851a1d" />
    <TestEntry testId="dfedc884-c831-b7dc-a0dc-cc31cee489b0" executionId="249cdc97-8525-477c-812a-a33d1a451383" testListId="8c84fa94-04c1-424b-9868-57a2d4851a1d" />
    <TestEntry testId="331cc985-8214-5759-97f5-d7d94da71a82" executionId="2ed23c06-1876-4cd2-962b-49ac7eac37e9" testListId="8c84fa94-04c1-424b-9868-57a2d4851a1d" />
    <TestEntry testId="b55ecfee-c3dc-4efe-c5c6-8e0cb9ce37bc" executionId="e306fa6d-be18-4128-a2ed-786bd7c8a78e" testListId="8c84fa94-04c1-424b-9868-57a2d4851a1d" />
    <TestEntry testId="f8f217f1-3f93-efd2-d0af-adf9978e5e9c" executionId="861016d0-cca3-412d-96bc-df42b382d8f0" testListId="8c84fa94-04c1-424b-9868-57a2d4851a1d" />
    <TestEntry testId="6adf80c5-530c-5507-6045-66fb09916950" executionId="7c6525be-e02d-403b-ab55-542f8813deb6" testListId="8c84fa94-04c1-424b-9868-57a2d4851a1d" />
    <TestEntry testId="f6cbc033-590b-53a6-f2bf-b608ebeac82b" executionId="54778c46-5df3-42a5-a4f6-d95b5904579b" testListId="8c84fa94-04c1-424b-9868-57a2d4851a1d" />
    <TestEntry testId="26cecb9f-831c-675b-0e17-c176c452b489" executionId="f9103a3e-3d23-4467-bd10-74c36a5c1d95" testListId="8c84fa94-04c1-424b-9868-57a2d4851a1d" />
    <TestEntry testId="650e6988-d105-9ce3-3f34-e508e4eb21ee" executionId="3b136cc3-7441-40c9-afba-eb471d31998e" testListId="8c84fa94-04c1-424b-9868-57a2d4851a1d" />
    <TestEntry testId="082bd733-fed7-0612-ad31-e978da3c95d9" executionId="192251fa-c7de-4845-a3bb-6b7110c4a637" testListId="8c84fa94-04c1-424b-9868-57a2d4851a1d" />
    <TestEntry testId="bcae2db3-f3c3-23f0-dd48-a96936014022" executionId="605fb352-a35f-48ac-941a-eb1819f47dac" testListId="8c84fa94-04c1-424b-9868-57a2d4851a1d" />
    <TestEntry testId="df4be3d7-a77c-6384-58aa-66a04c40ed42" executionId="46123a29-8eac-4848-a27f-9f384d6fd364" testListId="8c84fa94-04c1-424b-9868-57a2d4851a1d" />
    <TestEntry testId="e7a3d513-4b18-31b1-7a49-eee138bd7f0c" executionId="544deaf9-1e0e-4796-b667-6cee4305dc38" testListId="8c84fa94-04c1-424b-9868-57a2d4851a1d" />
    <TestEntry testId="419a61a8-d4f9-6962-f710-5e2cd908cb03" executionId="959bbd6b-904f-4690-834d-b71c200d536a" testListId="8c84fa94-04c1-424b-9868-57a2d4851a1d" />
    <TestEntry testId="a2894619-44a0-3d49-545e-0d8e6619b2b1" executionId="1e11f4da-a309-4478-a7b9-bc59e8ab0832" testListId="8c84fa94-04c1-424b-9868-57a2d4851a1d" />
    <TestEntry testId="06a9f03e-41d2-980b-62c6-847417cff0cf" executionId="18bdaa41-6198-41ae-8875-c4d53753f89d" testListId="8c84fa94-04c1-424b-9868-57a2d4851a1d" />
    <TestEntry testId="d38e1469-d5be-38e2-a759-c5d05bc88fdb" executionId="f4642881-9a77-4eda-b512-b3cf744384a4" testListId="8c84fa94-04c1-424b-9868-57a2d4851a1d" />
    <TestEntry testId="e072615d-2495-6677-38de-9052e4774080" executionId="a94de17e-d85f-4f2e-8f3d-6bfa27ce43cc" testListId="8c84fa94-04c1-424b-9868-57a2d4851a1d" />
    <TestEntry testId="2d843b5c-42a1-366a-ba5c-25b4b6a754c8" executionId="9ac0f7f5-5998-42a3-b0de-dd9977c16752" testListId="8c84fa94-04c1-424b-9868-57a2d4851a1d" />
    <TestEntry testId="57486f21-3422-f721-3077-9bdf645e33e3" executionId="cab7fd3b-9194-4691-8166-4aa3fc589964" testListId="8c84fa94-04c1-424b-9868-57a2d4851a1d" />
    <TestEntry testId="e24472da-ba04-74be-e76e-d3852e849714" executionId="b34acbce-54df-47b7-a845-c54f528d8112" testListId="8c84fa94-04c1-424b-9868-57a2d4851a1d" />
    <TestEntry testId="3983b56f-185a-2a15-9ea7-947f4a7e1567" executionId="958dd157-9c70-4eb6-8040-b1c49dbcfc5e" testListId="8c84fa94-04c1-424b-9868-57a2d4851a1d" />
    <TestEntry testId="a53c825a-5a1d-8767-1c6c-cab543914078" executionId="ebb9a1f7-4568-4cae-8b56-ca389905627b" testListId="8c84fa94-04c1-424b-9868-57a2d4851a1d" />
    <TestEntry testId="0a6580cd-0e72-9161-2500-f3a6bdc08c69" executionId="ffff3a5d-0141-4ad7-8edb-0ef43d1d190e" testListId="8c84fa94-04c1-424b-9868-57a2d4851a1d" />
    <TestEntry testId="9b5c9b04-1099-6205-a783-1d6ee9b3255d" executionId="d5db341a-84b5-4e0d-a50a-76e0e17f5c4b" testListId="8c84fa94-04c1-424b-9868-57a2d4851a1d" />
    <TestEntry testId="8d8f0565-f6d0-7c13-212b-4fcb9b9ec761" executionId="4f2d568e-380f-41a9-9951-351457e83437" testListId="8c84fa94-04c1-424b-9868-57a2d4851a1d" />
    <TestEntry testId="9732c266-5109-cdbd-9f62-3e0ec2996a42" executionId="688e9f23-7c29-4783-b064-dce85de01d99" testListId="8c84fa94-04c1-424b-9868-57a2d4851a1d" />
    <TestEntry testId="4edadefc-7720-ee75-049b-a8156bc380b0" executionId="8f358052-c930-403d-b958-965fe7a78518" testListId="8c84fa94-04c1-424b-9868-57a2d4851a1d" />
    <TestEntry testId="8a5b2364-bf59-8652-1255-93fd5e8cd991" executionId="88fca7b1-80ea-4226-892d-193302a72716" testListId="8c84fa94-04c1-424b-9868-57a2d4851a1d" />
    <TestEntry testId="d68cc777-6d49-b5d4-7ffb-cfc83da83e55" executionId="329937e5-1dcb-480a-a3bd-d1f0d49efdc4" testListId="8c84fa94-04c1-424b-9868-57a2d4851a1d" />
    <TestEntry testId="7bb63fef-7b3f-8d91-8908-ce5561a66b0e" executionId="7ce07f07-59ef-492d-a4af-eb653d4f68c2" testListId="8c84fa94-04c1-424b-9868-57a2d4851a1d" />
    <TestEntry testId="149e5537-8985-8f6d-0b9a-70cac288c455" executionId="5a7ab665-a206-487f-b2ab-495c196f642f" testListId="8c84fa94-04c1-424b-9868-57a2d4851a1d" />
    <TestEntry testId="158048dc-c637-b07e-7653-1f6b6b58cbde" executionId="31f2fa44-c291-4ab2-8fb7-320af39c9add" testListId="8c84fa94-04c1-424b-9868-57a2d4851a1d" />
    <TestEntry testId="4fb95640-4ece-899e-b627-fda776f98b15" executionId="0b4ffdea-ca31-421b-aacb-e497db0c99e7" testListId="8c84fa94-04c1-424b-9868-57a2d4851a1d" />
    <TestEntry testId="c4ca95be-4793-b273-c460-cbf769f92837" executionId="79fd0c99-1e9f-49fd-a3fe-75718824bf4b" testListId="8c84fa94-04c1-424b-9868-57a2d4851a1d" />
    <TestEntry testId="c08753fd-4d89-fe03-b0a6-428c135d3e23" executionId="7d6c6d23-c704-4a77-8920-60661cebbb0f" testListId="8c84fa94-04c1-424b-9868-57a2d4851a1d" />
    <TestEntry testId="98eae954-7555-091f-d6b1-9539dc7f538a" executionId="9406009f-f5d2-46d0-a5ce-c969d84bb647" testListId="8c84fa94-04c1-424b-9868-57a2d4851a1d" />
    <TestEntry testId="ed176858-4846-6700-3b58-1911029de074" executionId="13eab0fd-8916-4f11-a3c7-af74372b5f11" testListId="8c84fa94-04c1-424b-9868-57a2d4851a1d" />
    <TestEntry testId="9599114c-665b-9878-0d6c-bfcb24e54814" executionId="c9d86b17-9b46-4ff7-bae7-84fa5dd933b3" testListId="8c84fa94-04c1-424b-9868-57a2d4851a1d" />
    <TestEntry testId="728f09db-7303-bba4-ad67-346e585fac8e" executionId="316f141f-012d-4df2-85b0-3baeefbc4a33" testListId="8c84fa94-04c1-424b-9868-57a2d4851a1d" />
    <TestEntry testId="2f3f5498-6397-e2a8-9e59-5c854c5feab5" executionId="d5158cbf-315c-468d-881b-b4f8fbf55f60" testListId="8c84fa94-04c1-424b-9868-57a2d4851a1d" />
    <TestEntry testId="42d27f65-021e-1f83-ef4c-a80ef4ea363e" executionId="b2e93194-eeb0-457c-a6ae-a40e09897d4a" testListId="8c84fa94-04c1-424b-9868-57a2d4851a1d" />
    <TestEntry testId="5503e7bb-0ace-3fff-07ff-327b9c0c38a6" executionId="774bb3de-ea35-4f0b-89a1-da7793a76d3e" testListId="8c84fa94-04c1-424b-9868-57a2d4851a1d" />
    <TestEntry testId="c56dcc51-f35b-60f8-1501-f04965600adc" executionId="49fd8768-b4c2-488b-ac22-23efa548c454" testListId="8c84fa94-04c1-424b-9868-57a2d4851a1d" />
    <TestEntry testId="f3009cde-2aff-e6cc-0a61-d6b7f1440910" executionId="ec48a4bf-1213-45b3-855b-62296fdefdc2" testListId="8c84fa94-04c1-424b-9868-57a2d4851a1d" />
    <TestEntry testId="b6813c2c-796c-1ee2-01f0-1df0578a18b1" executionId="3371a9b0-6401-4b41-8403-2a004af99f64" testListId="8c84fa94-04c1-424b-9868-57a2d4851a1d" />
    <TestEntry testId="f8ba6d89-8b25-bbb9-37ff-9042297fe479" executionId="8c45ca8e-a5c3-466c-b66a-038d1fe43cd8" testListId="8c84fa94-04c1-424b-9868-57a2d4851a1d" />
    <TestEntry testId="4628a66e-5914-0890-3613-043241fedf2e" executionId="53f35c8c-71c4-4403-bde8-fe4dca8de1d2" testListId="8c84fa94-04c1-424b-9868-57a2d4851a1d" />
    <TestEntry testId="62939b6f-5d64-1be1-32f9-e89a05fbaf85" executionId="22baced3-bc90-428e-800e-658824239f6c" testListId="8c84fa94-04c1-424b-9868-57a2d4851a1d" />
    <TestEntry testId="3400d04d-dd38-9388-37b0-86c0c74f3c11" executionId="29b92906-f9e3-45ce-a53e-5e83798eaeec" testListId="8c84fa94-04c1-424b-9868-57a2d4851a1d" />
    <TestEntry testId="1ac80c6e-cd24-723d-1cfa-2ebe90f25c3d" executionId="ce776f27-4de9-4eed-acc7-954658835cf4" testListId="8c84fa94-04c1-424b-9868-57a2d4851a1d" />
    <TestEntry testId="15436299-80bf-1cce-9d7c-198bcb92cdfd" executionId="0ed1b933-2967-4788-b06b-5437c636e9ba" testListId="8c84fa94-04c1-424b-9868-57a2d4851a1d" />
    <TestEntry testId="b86f017c-cf3c-2831-91a3-e44ce1d67a79" executionId="9174d288-b955-4e16-a241-22a393167ab8" testListId="8c84fa94-04c1-424b-9868-57a2d4851a1d" />
    <TestEntry testId="3a6610d8-bd34-b131-744e-ae34f3b2bdea" executionId="e93a8ab4-0c48-41c7-aa4b-2043a5f752f4" testListId="8c84fa94-04c1-424b-9868-57a2d4851a1d" />
    <TestEntry testId="a627d876-c3c8-4b41-e77d-02bbd42041aa" executionId="eaede649-13ec-4621-9d29-12b7f036935f" testListId="8c84fa94-04c1-424b-9868-57a2d4851a1d" />
    <TestEntry testId="2d43ae54-d503-704f-cd3b-679f6f2fa8f6" executionId="3ceec898-f8f4-4a9a-b054-2e2f74f3d23a" testListId="8c84fa94-04c1-424b-9868-57a2d4851a1d" />
    <TestEntry testId="9be509b2-efd8-8210-cf24-21e1f8493f0c" executionId="0f2ce039-50d5-438c-a0fe-4c2a03208dd8" testListId="8c84fa94-04c1-424b-9868-57a2d4851a1d" />
    <TestEntry testId="49403d3e-10bf-00ae-619a-66a3fd7b85b7" executionId="836057a0-3a66-4690-a3a1-2ea2434292ea" testListId="8c84fa94-04c1-424b-9868-57a2d4851a1d" />
    <TestEntry testId="a98a1147-cc64-c839-f75c-946f777de236" executionId="6104ae61-389d-4b98-9069-eae4d61f531f" testListId="8c84fa94-04c1-424b-9868-57a2d4851a1d" />
    <TestEntry testId="ae88e2ad-fb0a-0d91-b70c-2b505d7accee" executionId="236d629a-5666-47a1-9b56-8d2894ebad20" testListId="8c84fa94-04c1-424b-9868-57a2d4851a1d" />
    <TestEntry testId="6d627144-d0c7-f26f-4314-47b740f2fe11" executionId="8d32d753-1ba9-4644-968b-7c3211980589" testListId="8c84fa94-04c1-424b-9868-57a2d4851a1d" />
    <TestEntry testId="bfddc10e-f500-3bcb-aee8-90f923abb00d" executionId="0430b8ff-4a71-44e6-8420-d0d3f6fcf3da" testListId="8c84fa94-04c1-424b-9868-57a2d4851a1d" />
    <TestEntry testId="dee8f964-6043-d210-064e-19193fa92c3a" executionId="da3507a2-3798-4a4d-bfdd-5c2e663b0fb9" testListId="8c84fa94-04c1-424b-9868-57a2d4851a1d" />
    <TestEntry testId="27976c9d-cbb9-b7a2-4ab6-87d243656bee" executionId="b8a6b96e-e946-44a1-a1e3-89099257ae31" testListId="8c84fa94-04c1-424b-9868-57a2d4851a1d" />
    <TestEntry testId="dd1a29a8-e18c-a641-28f5-7a9d70580f18" executionId="38ae5961-eb63-4d05-aac9-001b280cddeb" testListId="8c84fa94-04c1-424b-9868-57a2d4851a1d" />
    <TestEntry testId="659547f6-a447-4339-98f5-288287eddf85" executionId="c007218e-af6b-4f78-a981-242db382cb97" testListId="8c84fa94-04c1-424b-9868-57a2d4851a1d" />
    <TestEntry testId="c0598e0d-b7d9-2abc-a3a6-10b7b0c9e928" executionId="598c01bf-2890-41d2-9a2b-01e69456cadb" testListId="8c84fa94-04c1-424b-9868-57a2d4851a1d" />
    <TestEntry testId="cd122469-617d-160c-99c5-f84ce9600491" executionId="2841e9f6-d0bd-4429-b9f6-e3ffcc2dee67" testListId="8c84fa94-04c1-424b-9868-57a2d4851a1d" />
    <TestEntry testId="a112902b-12e2-925d-31ee-6ef75d0d9de0" executionId="581beea6-a8dc-4778-9ad3-fad7c0449a16" testListId="8c84fa94-04c1-424b-9868-57a2d4851a1d" />
    <TestEntry testId="049fa344-4b2c-117d-a604-2f8c0d919d4e" executionId="9fec4b6a-756c-4301-89a2-f3c91eea7ea6" testListId="8c84fa94-04c1-424b-9868-57a2d4851a1d" />
    <TestEntry testId="e2ea4208-2cfb-8c94-b7ac-a849a5d3b046" executionId="1d045d73-dfa7-446b-90d8-20e19e07201e" testListId="8c84fa94-04c1-424b-9868-57a2d4851a1d" />
    <TestEntry testId="6a7a64d0-9d37-5a95-76c0-2abbc232236d" executionId="879eaf66-75cd-4b99-a48e-bd853cccfbaf" testListId="8c84fa94-04c1-424b-9868-57a2d4851a1d" />
    <TestEntry testId="7bf63209-3b43-2432-9ab4-adc8988b9425" executionId="5fc03743-86be-4c48-97a7-1480648526ba" testListId="8c84fa94-04c1-424b-9868-57a2d4851a1d" />
    <TestEntry testId="4e92400b-aa4e-3d63-514b-367582dd6ecc" executionId="d95fd536-4f78-4557-9ba6-cd1eaea7585f" testListId="8c84fa94-04c1-424b-9868-57a2d4851a1d" />
    <TestEntry testId="c3c6a14a-0de0-5a3b-8fa3-6029361ac461" executionId="72b747bf-cf2e-4b04-b864-ce957cc8ab48" testListId="8c84fa94-04c1-424b-9868-57a2d4851a1d" />
    <TestEntry testId="32634c3f-41f8-3e4e-0fd9-ff74eb024f23" executionId="76bc81fc-e125-45a4-884a-ed3d809bb589" testListId="8c84fa94-04c1-424b-9868-57a2d4851a1d" />
    <TestEntry testId="c4bcd4dc-0ba3-128d-ed2e-79d8e2782710" executionId="dccf71f1-b31e-4c02-b741-854d3e060df9" testListId="8c84fa94-04c1-424b-9868-57a2d4851a1d" />
    <TestEntry testId="4529f12c-09e4-d441-bc15-9afd76dff14e" executionId="bb84f7c3-8939-4594-a7a2-61807092e99b" testListId="8c84fa94-04c1-424b-9868-57a2d4851a1d" />
    <TestEntry testId="71ea336c-ae79-506a-0dfc-6ddb53aefa98" executionId="2ff2cb34-6583-4623-932c-7ed209b3ccec" testListId="8c84fa94-04c1-424b-9868-57a2d4851a1d" />
    <TestEntry testId="d2a79e99-8a53-cfc6-a122-42ed9a7f158b" executionId="382e9d2f-fada-464e-815c-83be03a4867f" testListId="8c84fa94-04c1-424b-9868-57a2d4851a1d" />
    <TestEntry testId="dc3b29fa-4dcf-cbb8-99f3-8c9d7c0d320f" executionId="24896511-a63d-469f-bf7c-2eb86fdf80ce" testListId="8c84fa94-04c1-424b-9868-57a2d4851a1d" />
    <TestEntry testId="2e96ccc1-1f8a-2fe6-8891-b698f3db5474" executionId="e6c246eb-f236-4489-a7d7-683761745653" testListId="8c84fa94-04c1-424b-9868-57a2d4851a1d" />
    <TestEntry testId="69b1e100-3be4-dce8-3c2d-34ac0e7348a3" executionId="c0f853db-ddf8-476e-9495-8bd105d60d37" testListId="8c84fa94-04c1-424b-9868-57a2d4851a1d" />
    <TestEntry testId="515cd737-9f0b-f0f4-7f96-331c3dc80067" executionId="9cea1b6d-cee7-4b9f-a870-221d9f601ed3" testListId="8c84fa94-04c1-424b-9868-57a2d4851a1d" />
    <TestEntry testId="d3515f2e-31dc-1151-f4c2-20ce1d6962e0" executionId="ededd172-d334-4405-a16f-d25de4d2d20b" testListId="8c84fa94-04c1-424b-9868-57a2d4851a1d" />
    <TestEntry testId="6bf0d36e-258f-9a3c-25f7-b9eeabf1c1a8" executionId="f90db28a-bafa-4d3f-8ce9-89ee7cff3f93" testListId="8c84fa94-04c1-424b-9868-57a2d4851a1d" />
    <TestEntry testId="dd0a189f-56a6-00ff-ea1a-33e7df2b3c00" executionId="20d8773d-a1a8-476b-ae3d-dcdfbf46c61d" testListId="8c84fa94-04c1-424b-9868-57a2d4851a1d" />
    <TestEntry testId="37a6fd40-f124-b268-8d9e-dec9bf81c391" executionId="c7c291be-008a-43d3-a806-16fbf10388ee" testListId="8c84fa94-04c1-424b-9868-57a2d4851a1d" />
    <TestEntry testId="3b4c9ae4-60d8-150f-62e4-9ee36d655e97" executionId="4789d1df-19c4-49ce-8159-bf057fc5b0a8" testListId="8c84fa94-04c1-424b-9868-57a2d4851a1d" />
    <TestEntry testId="d14eb709-1a65-9105-9782-a5e568e95ca3" executionId="d332f5dc-defb-45bc-b29b-d6938a221bd9" testListId="8c84fa94-04c1-424b-9868-57a2d4851a1d" />
    <TestEntry testId="d832352c-f4d0-ade0-94d1-e2f799840b64" executionId="830d8ead-2616-43f3-a21a-a5fa9f32b966" testListId="8c84fa94-04c1-424b-9868-57a2d4851a1d" />
    <TestEntry testId="1e3e796d-f876-7a10-8815-7df094481ee8" executionId="82886147-9f78-4c37-b931-9975a5dd72f5" testListId="8c84fa94-04c1-424b-9868-57a2d4851a1d" />
    <TestEntry testId="7f05a4b9-1a37-9f74-1109-8651296fb42d" executionId="4b072a44-d6f3-4a38-9ec1-f849d2799012" testListId="8c84fa94-04c1-424b-9868-57a2d4851a1d" />
    <TestEntry testId="88e1fa94-c2b3-6fb5-0dff-83f46c537bf7" executionId="fbe40022-dd52-4692-93e0-51db85e9ec1c" testListId="8c84fa94-04c1-424b-9868-57a2d4851a1d" />
    <TestEntry testId="9d8da39f-940f-97d3-ddcd-949bff0f5c99" executionId="ba06c2f0-e177-4617-a882-39f67cda84b5" testListId="8c84fa94-04c1-424b-9868-57a2d4851a1d" />
    <TestEntry testId="837147d1-9aa7-d34a-ed88-b68a0f956822" executionId="f350eac8-c844-492c-a052-72e3323cf186" testListId="8c84fa94-04c1-424b-9868-57a2d4851a1d" />
    <TestEntry testId="dcb28cf1-cd78-6bc3-773a-f90684380ae0" executionId="669e0138-3be9-411d-aae7-7987369fba32" testListId="8c84fa94-04c1-424b-9868-57a2d4851a1d" />
    <TestEntry testId="5f928055-c58d-5a4a-8f86-bc2a43d9c2ce" executionId="86a4ace5-9b86-4219-80cf-bbe2ce55ad95" testListId="8c84fa94-04c1-424b-9868-57a2d4851a1d" />
    <TestEntry testId="b80ffacf-7321-1f4e-3da2-ae82647598f1" executionId="554e42e6-5a2d-455e-bac4-f3146d90df5a" testListId="8c84fa94-04c1-424b-9868-57a2d4851a1d" />
    <TestEntry testId="6499b013-3a87-9f9d-6582-54b3ea8c5534" executionId="3b93eaf2-3adf-47dc-894f-0c86abe44b70" testListId="8c84fa94-04c1-424b-9868-57a2d4851a1d" />
    <TestEntry testId="e38651e0-e449-d886-f714-7502af2d7768" executionId="8baacc8d-1e34-42f4-acd3-7cbe158dd756" testListId="8c84fa94-04c1-424b-9868-57a2d4851a1d" />
    <TestEntry testId="c1d429eb-20e2-e7ee-a52d-4393f999995a" executionId="08c0ad37-8dd8-472c-bec9-68446e5f6f11" testListId="8c84fa94-04c1-424b-9868-57a2d4851a1d" />
    <TestEntry testId="c1898f3d-98d3-a936-b05b-edbb5b6f2196" executionId="79c83edb-57f1-4c85-ac23-356d810f815c" testListId="8c84fa94-04c1-424b-9868-57a2d4851a1d" />
    <TestEntry testId="b59601ec-bcfd-d0ff-0377-821654d8a51a" executionId="5d4c7846-2a8b-41b9-b384-f76a2ab3dc3d" testListId="8c84fa94-04c1-424b-9868-57a2d4851a1d" />
    <TestEntry testId="99fc7c09-f9a1-fc83-a734-6cf2986483b0" executionId="b859e016-2a99-43a9-9435-19ba463c59ba" testListId="8c84fa94-04c1-424b-9868-57a2d4851a1d" />
    <TestEntry testId="d108715d-e8b0-81ba-450a-7254e5990e6b" executionId="1ea99906-1756-477d-bf5e-7734b485d3f0" testListId="8c84fa94-04c1-424b-9868-57a2d4851a1d" />
    <TestEntry testId="ed7be87a-5cce-f6a8-8453-d5691283bec4" executionId="dead6c1d-45ca-4357-820a-e9e18f2b89dc" testListId="8c84fa94-04c1-424b-9868-57a2d4851a1d" />
    <TestEntry testId="0f497a80-8171-58cb-dded-665a9bd0ee3c" executionId="ff5b2453-af11-41a5-8cfb-58cacbf48ff2" testListId="8c84fa94-04c1-424b-9868-57a2d4851a1d" />
    <TestEntry testId="49983b1c-2f98-4b32-bc6a-457ba1df1fec" executionId="254d748f-98d5-44ee-9c00-ead609fdf06a" testListId="8c84fa94-04c1-424b-9868-57a2d4851a1d" />
    <TestEntry testId="76c7674b-9d2f-6bb1-a67f-a4f98b289595" executionId="223d1d26-8fee-475b-b777-341b669ed89e" testListId="8c84fa94-04c1-424b-9868-57a2d4851a1d" />
    <TestEntry testId="51cb026d-8421-7568-ab67-62d7b661f98f" executionId="5dfb2289-6f54-413d-94ec-1192d3c4d1bb" testListId="8c84fa94-04c1-424b-9868-57a2d4851a1d" />
    <TestEntry testId="bde107a9-8ee0-db49-5012-1ff166750d01" executionId="5a522c01-fcdf-46af-a2a5-0994fe96627a" testListId="8c84fa94-04c1-424b-9868-57a2d4851a1d" />
    <TestEntry testId="e1dc04c7-873f-2b5c-13fd-badfeea54ec7" executionId="cbe7d105-ef9c-4c86-908d-2e8ef82e2f36" testListId="8c84fa94-04c1-424b-9868-57a2d4851a1d" />
    <TestEntry testId="2e2a6fcf-7e52-6a9b-c5fc-8f972adae503" executionId="a24ece3d-264d-4855-aca2-97bbca3a8bb6" testListId="8c84fa94-04c1-424b-9868-57a2d4851a1d" />
    <TestEntry testId="b885dbd3-4dfb-e772-8824-73878abc13fb" executionId="300c5b8f-37a0-48ff-a597-26989c0415ce" testListId="8c84fa94-04c1-424b-9868-57a2d4851a1d" />
    <TestEntry testId="6268dc35-ef60-2924-7208-2dd881c1dd31" executionId="efa913df-fdd6-42ce-b404-81d5a070bfd7" testListId="8c84fa94-04c1-424b-9868-57a2d4851a1d" />
    <TestEntry testId="a0d8ccaa-5560-0266-5bec-b8efd2320dfc" executionId="b5d0f3eb-cdca-4600-9093-4b9e32c5b420" testListId="8c84fa94-04c1-424b-9868-57a2d4851a1d" />
    <TestEntry testId="76c5818f-f48a-23e2-d88a-b3782ff3a186" executionId="71afd0e3-6116-4ad2-b21c-00e270a00cdf" testListId="8c84fa94-04c1-424b-9868-57a2d4851a1d" />
    <TestEntry testId="9d105a0b-5125-008f-5b37-8299b5ba30d4" executionId="d319a2a7-0804-492d-a456-81cc3b1fba32" testListId="8c84fa94-04c1-424b-9868-57a2d4851a1d" />
    <TestEntry testId="48d44bab-baab-239e-302e-2a1fc929f91b" executionId="e597d67c-805f-450c-81c0-0c45c94ca383" testListId="8c84fa94-04c1-424b-9868-57a2d4851a1d" />
    <TestEntry testId="120a9845-c617-0dc4-85e1-377829c5400f" executionId="9438f6c9-a3c4-419f-a6d0-a9ac015fc309" testListId="8c84fa94-04c1-424b-9868-57a2d4851a1d" />
    <TestEntry testId="372cbd1d-1cf3-3890-c4bf-8d49f7dac37c" executionId="3733c364-0e80-4cad-9d49-08f20c58ef12" testListId="8c84fa94-04c1-424b-9868-57a2d4851a1d" />
    <TestEntry testId="1e1cb661-2a0b-c436-6047-0629ae096c7f" executionId="b7da0c96-1ff2-4fbb-8661-7de3c2d943f1" testListId="8c84fa94-04c1-424b-9868-57a2d4851a1d" />
    <TestEntry testId="0ef164aa-5821-7c1b-8682-4b89a0592d89" executionId="eaa02c86-d089-4e98-b7c5-4a4bf37b858a" testListId="8c84fa94-04c1-424b-9868-57a2d4851a1d" />
    <TestEntry testId="2b5e8904-7aeb-3fc2-1e0d-83cde7737577" executionId="6b55cc82-a511-4752-9ce0-e141b9bc7404" testListId="8c84fa94-04c1-424b-9868-57a2d4851a1d" />
    <TestEntry testId="52d3e382-c699-b692-aeaa-087d08528cdd" executionId="8f7fa2af-2b7c-4f4a-afe1-3129910dfdcf" testListId="8c84fa94-04c1-424b-9868-57a2d4851a1d" />
    <TestEntry testId="cd0b8e0d-34d1-def8-3163-8ae2305b6953" executionId="5563f19c-0930-454a-be20-0fa9abb5b45f" testListId="8c84fa94-04c1-424b-9868-57a2d4851a1d" />
    <TestEntry testId="85dbfb95-f2e5-20b1-1521-4e5a1ba64416" executionId="416e9b9c-636a-4859-9f00-e16344561e50" testListId="8c84fa94-04c1-424b-9868-57a2d4851a1d" />
    <TestEntry testId="e1359194-edc8-746a-ce84-04c317d366d4" executionId="f63917ac-f733-484b-89da-2c4ac98f0de4" testListId="8c84fa94-04c1-424b-9868-57a2d4851a1d" />
    <TestEntry testId="ce116825-569b-14c1-62c4-5be3d6a69535" executionId="b4799ef5-b254-488d-8cc9-bcb4d2ea89a2" testListId="8c84fa94-04c1-424b-9868-57a2d4851a1d" />
    <TestEntry testId="6fe75f0d-a402-03ac-aa70-3667d1984525" executionId="a49247fc-ef5c-441b-a9ad-f3635b8d9e74" testListId="8c84fa94-04c1-424b-9868-57a2d4851a1d" />
    <TestEntry testId="0de573e9-899f-8368-86f6-e95032afd7d3" executionId="775f3b44-dbe6-443f-8ebf-1e3e93f121df" testListId="8c84fa94-04c1-424b-9868-57a2d4851a1d" />
    <TestEntry testId="ed82387b-ec53-e103-94fb-be7117c2fb24" executionId="4243b2c8-6a8c-4422-958d-153faac73349" testListId="8c84fa94-04c1-424b-9868-57a2d4851a1d" />
    <TestEntry testId="e5a2e299-3599-6a65-f5ee-828a5079ceff" executionId="19f0d2b2-b08b-4416-9924-d1a1167073bb" testListId="8c84fa94-04c1-424b-9868-57a2d4851a1d" />
    <TestEntry testId="cc16fd38-0073-9150-cb7c-b95f99478131" executionId="90b027c1-e103-423a-94b0-a062ca41a276" testListId="8c84fa94-04c1-424b-9868-57a2d4851a1d" />
    <TestEntry testId="dc8d1c47-7348-ba15-8796-06652a4cc0d7" executionId="9cb1be08-343a-4aee-a311-94f9f7577042" testListId="8c84fa94-04c1-424b-9868-57a2d4851a1d" />
    <TestEntry testId="91aa2b28-664e-5b84-973e-e23e211d52dd" executionId="3570cc17-54fd-436c-a352-496b51955825" testListId="8c84fa94-04c1-424b-9868-57a2d4851a1d" />
    <TestEntry testId="42d138f5-6948-1ca7-44da-761919c3c714" executionId="6629a8e1-923e-40d5-b2ca-2c5fc4a250fa" testListId="8c84fa94-04c1-424b-9868-57a2d4851a1d" />
    <TestEntry testId="b87ef7ba-5729-a689-2e7f-e61a7d24da7d" executionId="fdc2d2f9-c41c-469f-ba8e-4f323fc66e66" testListId="8c84fa94-04c1-424b-9868-57a2d4851a1d" />
    <TestEntry testId="4d34365e-6bfc-fa62-8394-a69ac618b6b6" executionId="e20cc0b3-6075-45b8-ae08-c672dbb7738e" testListId="8c84fa94-04c1-424b-9868-57a2d4851a1d" />
    <TestEntry testId="7ca356c3-f1c0-c4c7-cbb5-e7e502bc4aef" executionId="f8cccb98-e73b-46f4-bb96-6cf3797d49e7" testListId="8c84fa94-04c1-424b-9868-57a2d4851a1d" />
    <TestEntry testId="01e9343e-cfc3-34fb-d7d8-6a5193b78d70" executionId="39d9b0f1-dadf-4417-a56c-146771793b9f" testListId="8c84fa94-04c1-424b-9868-57a2d4851a1d" />
    <TestEntry testId="5248af3e-41f5-7ce2-4513-c6856c4d410d" executionId="1f9878c3-18c6-4a44-8aa7-d7fb4ebccbb0" testListId="8c84fa94-04c1-424b-9868-57a2d4851a1d" />
    <TestEntry testId="0211d421-adca-89ef-4a7f-20323ebd9785" executionId="51a32315-776b-4428-b484-6977d2f8f0ec" testListId="8c84fa94-04c1-424b-9868-57a2d4851a1d" />
    <TestEntry testId="95921637-b74c-a316-1764-febef95bc566" executionId="b73c86e5-62c1-4385-942a-d28be11914da" testListId="8c84fa94-04c1-424b-9868-57a2d4851a1d" />
    <TestEntry testId="3ee98461-2a2c-0a6b-424b-b9cc5b1e925a" executionId="db5dd909-b89b-49e5-97e8-d6a340d973cc" testListId="8c84fa94-04c1-424b-9868-57a2d4851a1d" />
  </TestEntries>
  <TestLists>
    <TestList name="Results Not in a List" id="8c84fa94-04c1-424b-9868-57a2d4851a1d" />
    <TestList name="All Loaded Results" id="19431567-8539-422a-85d7-44ee4e166bda" />
  </TestLists>
  <ResultSummary outcome="Completed">
    <Counters total="186" executed="186" passed="186" failed="0" error="0" timeout="0" aborted="0" inconclusive="0" passedButRunAborted="0" notRunnable="0" notExecuted="0" disconnected="0" warning="0" completed="0" inProgress="0" pending="0" />
  </ResultSummary>
</TestRun>