<?xml version="1.0" encoding="UTF-8"?>
<TestRun id="55c57766-a5aa-4342-af2b-b757252ad4c1" name="tfsmladm@TFSBUILD11 2015-09-28 09:46:01" runUser="REDMOND\tfsmladm" xmlns="http://microsoft.com/schemas/VisualStudio/TeamTest/2010">
  <Times creation="2015-09-28T09:46:01.6210489-07:00" queuing="2015-09-28T09:46:01.6210489-07:00" start="2015-09-28T09:46:01.6250502-07:00" finish="2015-09-28T09:46:06.1960727-07:00" />
  <TestSettings name="default" id="872017fe-1f74-444e-b5ed-167ac1833da6">
    <Execution>
      <TestTypeSpecific />
    </Execution>
    <Deployment runDeploymentRoot="tfsmladm_TFSBUILD11 2015-09-28 09_46_01" />
    <Properties />
  </TestSettings>
  <Results>
    <UnitTestResult executionId="e331d1c3-9907-40fe-80d3-297c068ce892" testId="766faab5-ed32-4f7a-8664-913d78d2baa9" testName="TFSTests.BaseCharts BaseChart - Construction with Null Option" computerName="TFSBUILD11" duration="00:00:00.0240000" startTime="2015-09-28T09:46:01.6550623-07:00" endTime="2015-09-28T09:46:01.6550623-07:00" testType="13cdc9d9-ddb5-4fa4-a97d-d965ccfc6d4b" outcome="Passed" testListId="8c84fa94-04c1-424b-9868-57a2d4851a1d" relativeResultsDirectory="e331d1c3-9907-40fe-80d3-297c068ce892" />
    <UnitTestResult executionId="7916fe93-810b-4aae-b842-10c288f8d6d9" testId="baa7e7e1-8fa3-4a82-9733-b5b45bd7cec2" testName="TFSTests.BaseCharts BaseChart - Container Creation with Content" computerName="TFSBUILD11" duration="00:00:00.0170000" startTime="2015-09-28T09:46:01.6630655-07:00" endTime="2015-09-28T09:46:01.6630655-07:00" testType="13cdc9d9-ddb5-4fa4-a97d-d965ccfc6d4b" outcome="Passed" testListId="8c84fa94-04c1-424b-9868-57a2d4851a1d" relativeResultsDirectory="7916fe93-810b-4aae-b842-10c288f8d6d9" />
    <UnitTestResult executionId="d9395196-be4b-4ebd-b6ed-17551ce9a5a8" testId="5d62f135-b90a-49f9-ab01-73149fefdee9" testName="TFSTests.BaseCharts BaseChart - Container Creation with Url" computerName="TFSBUILD11" duration="00:00:00.0150000" startTime="2015-09-28T09:46:01.6630655-07:00" endTime="2015-09-28T09:46:01.6630655-07:00" testType="13cdc9d9-ddb5-4fa4-a97d-d965ccfc6d4b" outcome="Passed" testListId="8c84fa94-04c1-424b-9868-57a2d4851a1d" relativeResultsDirectory="d9395196-be4b-4ebd-b6ed-17551ce9a5a8" />
    <UnitTestResult executionId="2be30430-76e0-4d68-b8f2-1992451e203d" testId="88f4c02e-47d5-43c7-9e11-3959ff662519" testName="TFSTests.BaseCharts BaseChart Container Creation - Data-is-clickable default value" computerName="TFSBUILD11" duration="00:00:00.0150000" startTime="2015-09-28T09:46:01.6630655-07:00" endTime="2015-09-28T09:46:01.6630655-07:00" testType="13cdc9d9-ddb5-4fa4-a97d-d965ccfc6d4b" outcome="Passed" testListId="8c84fa94-04c1-424b-9868-57a2d4851a1d" relativeResultsDirectory="2be30430-76e0-4d68-b8f2-1992451e203d" />
    <UnitTestResult executionId="3c49bcda-1557-4cf0-a537-c1f9b48078e7" testId="72bae5f3-6a30-454d-b93d-867830f98a12" testName="TFSTests.BaseCharts BaseChart - Container Creation with Class full size widget" computerName="TFSBUILD11" duration="00:00:00.0140000" startTime="2015-09-28T09:46:01.6630655-07:00" endTime="2015-09-28T09:46:01.6630655-07:00" testType="13cdc9d9-ddb5-4fa4-a97d-d965ccfc6d4b" outcome="Passed" testListId="8c84fa94-04c1-424b-9868-57a2d4851a1d" relativeResultsDirectory="3c49bcda-1557-4cf0-a537-c1f9b48078e7" />
    <UnitTestResult executionId="c3e9f7ca-502d-41ee-8c57-51c1ae591526" testId="2eb9f470-cd4c-4f33-ac57-6f32b5c0d59e" testName="TFSTests.BaseCharts BaseChart - ExecuteAjaxCallToGetChartInformation with Successful Ajax" computerName="TFSBUILD11" duration="00:00:00.0340000" startTime="2015-09-28T09:46:01.6640656-07:00" endTime="2015-09-28T09:46:01.6640656-07:00" testType="13cdc9d9-ddb5-4fa4-a97d-d965ccfc6d4b" outcome="Passed" testListId="8c84fa94-04c1-424b-9868-57a2d4851a1d" relativeResultsDirectory="c3e9f7ca-502d-41ee-8c57-51c1ae591526" />
    <UnitTestResult executionId="7af5c580-e2b1-4d90-ab56-621f10372b48" testId="c3b95718-89bf-4460-998d-1abbabe43be9" testName="TFSTests.BaseCharts BaseChart - ExecuteAjaxCallToGetChartInformation with Failed Ajax" computerName="TFSBUILD11" duration="00:00:00.0150000" startTime="2015-09-28T09:46:01.6640656-07:00" endTime="2015-09-28T09:46:01.6640656-07:00" testType="13cdc9d9-ddb5-4fa4-a97d-d965ccfc6d4b" outcome="Passed" testListId="8c84fa94-04c1-424b-9868-57a2d4851a1d" relativeResultsDirectory="7af5c580-e2b1-4d90-ab56-621f10372b48" />
    <UnitTestResult executionId="fa4f3e6a-7dc0-4abb-b8d1-2dc34651f8fb" testId="2aec6c1b-ccc1-46a5-b6e3-d184bcac6d28" testName="TFSTests.BaseCharts BaseChart - NotifyWidget Done" computerName="TFSBUILD11" duration="00:00:00.0150000" startTime="2015-09-28T09:46:01.6640656-07:00" endTime="2015-09-28T09:46:01.6640656-07:00" testType="13cdc9d9-ddb5-4fa4-a97d-d965ccfc6d4b" outcome="Passed" testListId="8c84fa94-04c1-424b-9868-57a2d4851a1d" relativeResultsDirectory="fa4f3e6a-7dc0-4abb-b8d1-2dc34651f8fb" />
    <UnitTestResult executionId="0a29e4e5-7e81-4351-9042-54e3ed027cc9" testId="8d0caa95-ccf8-421b-a204-2b8775e7a45d" testName="TFSTests.BaseCharts BaseChart - NotifyWidget Fail" computerName="TFSBUILD11" duration="00:00:00.0150000" startTime="2015-09-28T09:46:01.6640656-07:00" endTime="2015-09-28T09:46:01.6640656-07:00" testType="13cdc9d9-ddb5-4fa4-a97d-d965ccfc6d4b" outcome="Passed" testListId="8c84fa94-04c1-424b-9868-57a2d4851a1d" relativeResultsDirectory="0a29e4e5-7e81-4351-9042-54e3ed027cc9" />
    <UnitTestResult executionId="4d37e492-ffd7-49c0-b7fa-f6b8a0ec6bdf" testId="361615f5-fbab-4ccb-a183-3f0c17af8071" testName="TFSTests.BaseCharts BaseChart - getOptionForWidget Reponse Null" computerName="TFSBUILD11" duration="00:00:00.0140000" startTime="2015-09-28T09:46:01.7290231-07:00" endTime="2015-09-28T09:46:01.7290231-07:00" testType="13cdc9d9-ddb5-4fa4-a97d-d965ccfc6d4b" outcome="Passed" testListId="8c84fa94-04c1-424b-9868-57a2d4851a1d" relativeResultsDirectory="4d37e492-ffd7-49c0-b7fa-f6b8a0ec6bdf" />
    <UnitTestResult executionId="88c15e35-192c-4a75-8440-703e131a5c31" testId="5c2d4b1d-f578-43c5-9969-551452e0e975" testName="TFSTests.BaseCharts BaseChart - getOptionForWidget Reponse empty string" computerName="TFSBUILD11" duration="00:00:00.0140000" startTime="2015-09-28T09:46:01.7290231-07:00" endTime="2015-09-28T09:46:01.7290231-07:00" testType="13cdc9d9-ddb5-4fa4-a97d-d965ccfc6d4b" outcome="Passed" testListId="8c84fa94-04c1-424b-9868-57a2d4851a1d" relativeResultsDirectory="88c15e35-192c-4a75-8440-703e131a5c31" />
    <UnitTestResult executionId="ba3dfdb6-1362-486d-83d3-15bf1cfd3f84" testId="bd42d969-9cb0-4583-83c5-647d08f63ba0" testName="TFSTests.BaseCharts BaseChart - getOptionForWidget No data island defined" computerName="TFSBUILD11" duration="00:00:00.0170000" startTime="2015-09-28T09:46:01.7290231-07:00" endTime="2015-09-28T09:46:01.7290231-07:00" testType="13cdc9d9-ddb5-4fa4-a97d-d965ccfc6d4b" outcome="Passed" testListId="8c84fa94-04c1-424b-9868-57a2d4851a1d" relativeResultsDirectory="ba3dfdb6-1362-486d-83d3-15bf1cfd3f84" />
    <UnitTestResult executionId="65410b89-72b9-4b6e-99da-99eeeb32cf3f" testId="0f02e799-2313-4c9f-97fe-a15ea578931d" testName="TFSTests.BaseCharts BaseChart - getOptionForWidget Data island defined" computerName="TFSBUILD11" duration="00:00:00.0150000" startTime="2015-09-28T09:46:01.7290231-07:00" endTime="2015-09-28T09:46:01.7290231-07:00" testType="13cdc9d9-ddb5-4fa4-a97d-d965ccfc6d4b" outcome="Passed" testListId="8c84fa94-04c1-424b-9868-57a2d4851a1d" relativeResultsDirectory="65410b89-72b9-4b6e-99da-99eeeb32cf3f" />
    <UnitTestResult executionId="3f5f5ffa-af00-44e2-b9eb-0f8d64312cb7" testId="8bf22112-0d8e-43ec-a4fc-b595007ea538" testName="TFSTests.BaseScalar BaseScalarWidget Construction with Null Option" computerName="TFSBUILD11" duration="00:00:00.0150000" startTime="2015-09-28T09:46:01.7290231-07:00" endTime="2015-09-28T09:46:01.7290231-07:00" testType="13cdc9d9-ddb5-4fa4-a97d-d965ccfc6d4b" outcome="Passed" testListId="8c84fa94-04c1-424b-9868-57a2d4851a1d" relativeResultsDirectory="3f5f5ffa-af00-44e2-b9eb-0f8d64312cb7" />
    <UnitTestResult executionId="49e1c728-8ebf-4717-bbc5-bce8e4a41e3c" testId="c65c7519-c8fa-4acb-8df6-bcf8f63974e0" testName="TFSTests.BaseWidget BaseWidgetControl - showUnConfiguredControl creates and shows unconfigured control" computerName="TFSBUILD11" duration="00:00:00.0160000" startTime="2015-09-28T09:46:01.7300230-07:00" endTime="2015-09-28T09:46:01.7300230-07:00" testType="13cdc9d9-ddb5-4fa4-a97d-d965ccfc6d4b" outcome="Passed" testListId="8c84fa94-04c1-424b-9868-57a2d4851a1d" relativeResultsDirectory="49e1c728-8ebf-4717-bbc5-bce8e4a41e3c" />
    <UnitTestResult executionId="810d2161-c138-473e-b7d5-d396079235e3" testId="517758f2-4414-4c31-845d-9ef72df4903f" testName="TFSTests.BaseWidget BaseWidgetControl - showUnConfiguredControl doesn't create unconfigured control twice" computerName="TFSBUILD11" duration="00:00:00.0140000" startTime="2015-09-28T09:46:01.7300230-07:00" endTime="2015-09-28T09:46:01.7300230-07:00" testType="13cdc9d9-ddb5-4fa4-a97d-d965ccfc6d4b" outcome="Passed" testListId="8c84fa94-04c1-424b-9868-57a2d4851a1d" relativeResultsDirectory="810d2161-c138-473e-b7d5-d396079235e3" />
    <UnitTestResult executionId="1057b56f-a773-4780-b42e-553147a1f73a" testId="6a1f4ce4-a5b3-4c66-923d-ff524487718b" testName="TFSTests.BaseWidget BaseWidgetControl - showUnConfiguredControl createa unconfigured control again if size has changed" computerName="TFSBUILD11" duration="00:00:00.0140000" startTime="2015-09-28T09:46:01.7300230-07:00" endTime="2015-09-28T09:46:01.7300230-07:00" testType="13cdc9d9-ddb5-4fa4-a97d-d965ccfc6d4b" outcome="Passed" testListId="8c84fa94-04c1-424b-9868-57a2d4851a1d" relativeResultsDirectory="1057b56f-a773-4780-b42e-553147a1f73a" />
    <UnitTestResult executionId="ba6ac5f9-27d5-4e95-8385-53f460aa03d6" testId="685c2d46-4cdd-4a4b-b449-f4000be30159" testName="TFSTests.BaseWidget BaseWidgetControl - hideUnConfiguredControl hides unconfigured control" computerName="TFSBUILD11" duration="00:00:00.0140000" startTime="2015-09-28T09:46:01.7300230-07:00" endTime="2015-09-28T09:46:01.7300230-07:00" testType="13cdc9d9-ddb5-4fa4-a97d-d965ccfc6d4b" outcome="Passed" testListId="8c84fa94-04c1-424b-9868-57a2d4851a1d" relativeResultsDirectory="ba6ac5f9-27d5-4e95-8385-53f460aa03d6" />
    <UnitTestResult executionId="794586a7-95c0-44eb-87c7-4f1e1ee4e739" testId="eef73671-b3fd-4899-af72-d5fdcd8d3c41" testName="TFSTests.BaseWidget BaseWidgetControl - hideUnConfiguredControl handles null unconfigured control" computerName="TFSBUILD11" duration="00:00:00.0140000" startTime="2015-09-28T09:46:01.8630777-07:00" endTime="2015-09-28T09:46:01.8630777-07:00" testType="13cdc9d9-ddb5-4fa4-a97d-d965ccfc6d4b" outcome="Passed" testListId="8c84fa94-04c1-424b-9868-57a2d4851a1d" relativeResultsDirectory="794586a7-95c0-44eb-87c7-4f1e1ee4e739" />
    <UnitTestResult executionId="7e9307ea-f0f7-49c1-a2db-fa482f8014cc" testId="39e6442e-cd3d-405b-bb70-909155e8d176" testName="TFSTests.BaseWidget BaseWidgetControl - createUnconfiguredControl creates control" computerName="TFSBUILD11" duration="00:00:00.0150000" startTime="2015-09-28T09:46:01.8630777-07:00" endTime="2015-09-28T09:46:01.8630777-07:00" testType="13cdc9d9-ddb5-4fa4-a97d-d965ccfc6d4b" outcome="Passed" testListId="8c84fa94-04c1-424b-9868-57a2d4851a1d" relativeResultsDirectory="7e9307ea-f0f7-49c1-a2db-fa482f8014cc" />
    <UnitTestResult executionId="5f30796c-3b1c-4bac-b817-f49b70f0ee59" testId="40998b95-93c8-49e2-9214-804ad6e85c07" testName="TFSTests.BaseWidget BaseWidgetControl - _unconfiguredControlClickHandler opens configuration if user is admin" computerName="TFSBUILD11" duration="00:00:00.0140000" startTime="2015-09-28T09:46:01.8630777-07:00" endTime="2015-09-28T09:46:01.8630777-07:00" testType="13cdc9d9-ddb5-4fa4-a97d-d965ccfc6d4b" outcome="Passed" testListId="8c84fa94-04c1-424b-9868-57a2d4851a1d" relativeResultsDirectory="5f30796c-3b1c-4bac-b817-f49b70f0ee59" />
    <UnitTestResult executionId="04916568-68d2-4f18-b539-b62434710bbb" testId="8038a35d-a9df-4ec9-9ac6-ddf90261adaf" testName="TFSTests.BaseWidget BaseWidgetControl - _unconfiguredControlClickHandler shows dialog if user is not admin" computerName="TFSBUILD11" duration="00:00:00.0140000" startTime="2015-09-28T09:46:01.8630777-07:00" endTime="2015-09-28T09:46:01.8630777-07:00" testType="13cdc9d9-ddb5-4fa4-a97d-d965ccfc6d4b" outcome="Passed" testListId="8c84fa94-04c1-424b-9868-57a2d4851a1d" relativeResultsDirectory="04916568-68d2-4f18-b539-b62434710bbb" />
    <UnitTestResult executionId="5cf3a5f1-c7fc-4716-9b64-f7d85d5da874" testId="0a476010-592e-4ff5-ad6d-39d9dd70bf41" testName="TFSTests.BuildChart Build Chart - Initialize - Pinning Id/Build Definition Id is missing" computerName="TFSBUILD11" duration="00:00:00.0160000" startTime="2015-09-28T09:46:01.8630777-07:00" endTime="2015-09-28T09:46:01.8630777-07:00" testType="13cdc9d9-ddb5-4fa4-a97d-d965ccfc6d4b" outcome="Passed" testListId="8c84fa94-04c1-424b-9868-57a2d4851a1d" relativeResultsDirectory="5cf3a5f1-c7fc-4716-9b64-f7d85d5da874" />
    <UnitTestResult executionId="b03d53d6-0b88-4f84-86bd-a36cee9c61f1" testId="71337984-3be2-46da-8215-434f500d6fa0" testName="TFSTests.BuildChart Build Chart - Initialize - Pinning Id/Build Definition Id is invalid" computerName="TFSBUILD11" duration="00:00:00.0140000" startTime="2015-09-28T09:46:01.8630777-07:00" endTime="2015-09-28T09:46:01.8630777-07:00" testType="13cdc9d9-ddb5-4fa4-a97d-d965ccfc6d4b" outcome="Passed" testListId="8c84fa94-04c1-424b-9868-57a2d4851a1d" relativeResultsDirectory="b03d53d6-0b88-4f84-86bd-a36cee9c61f1" />
    <UnitTestResult executionId="8b822a96-5982-4695-bd2f-9e8f121f70a3" testId="d2c6a4f9-af34-42b3-84dc-4b4e493e29cd" testName="TFSTests.BuildChart Build Chart - Initialize - Failed call for the get Builds" computerName="TFSBUILD11" duration="00:00:00.0140000" startTime="2015-09-28T09:46:01.8630777-07:00" endTime="2015-09-28T09:46:01.8630777-07:00" testType="13cdc9d9-ddb5-4fa4-a97d-d965ccfc6d4b" outcome="Passed" testListId="8c84fa94-04c1-424b-9868-57a2d4851a1d" relativeResultsDirectory="8b822a96-5982-4695-bd2f-9e8f121f70a3" />
    <UnitTestResult executionId="9788b98e-3dac-4d63-a7fe-5e88a1d0477a" testId="cb3b25af-7a42-4565-8c36-f8479e1f703d" testName="TFSTests.BuildChart Build Chart - Initialize - Success on api calls" computerName="TFSBUILD11" duration="00:00:00.0140000" startTime="2015-09-28T09:46:01.8630777-07:00" endTime="2015-09-28T09:46:01.8630777-07:00" testType="13cdc9d9-ddb5-4fa4-a97d-d965ccfc6d4b" outcome="Passed" testListId="8c84fa94-04c1-424b-9868-57a2d4851a1d" relativeResultsDirectory="9788b98e-3dac-4d63-a7fe-5e88a1d0477a" />
    <UnitTestResult executionId="a2d9fe19-824d-4281-943c-9ff542813954" testId="9b1fb3ea-365e-440f-bf52-838c01f7e395" testName="TFSTests.BuildChart Build Chart - render - empty api call, no builds for definition" computerName="TFSBUILD11" duration="00:00:00.0140000" startTime="2015-09-28T09:46:01.8630777-07:00" endTime="2015-09-28T09:46:01.8630777-07:00" testType="13cdc9d9-ddb5-4fa4-a97d-d965ccfc6d4b" outcome="Passed" testListId="8c84fa94-04c1-424b-9868-57a2d4851a1d" relativeResultsDirectory="a2d9fe19-824d-4281-943c-9ff542813954" />
    <UnitTestResult executionId="507894c5-3d55-40fc-83af-8dbbe348daa9" testId="357aeab7-e642-4893-8523-159f658c42cb" testName="TFSTests.BuildChart Build Chart - render - populated api call with multiple builds for definition" computerName="TFSBUILD11" duration="00:00:00.0760000" startTime="2015-09-28T09:46:02.0740915-07:00" endTime="2015-09-28T09:46:02.0740915-07:00" testType="13cdc9d9-ddb5-4fa4-a97d-d965ccfc6d4b" outcome="Passed" testListId="8c84fa94-04c1-424b-9868-57a2d4851a1d" relativeResultsDirectory="507894c5-3d55-40fc-83af-8dbbe348daa9" />
    <UnitTestResult executionId="fa78f3c6-f692-45b9-944d-167527282edc" testId="88f31217-3bcb-479d-abb5-6df485ebe84e" testName="TFSTests.HowToLinks HowTo Links - Notify" computerName="TFSBUILD11" duration="00:00:00.0160000" startTime="2015-09-28T09:46:02.0740915-07:00" endTime="2015-09-28T09:46:02.0740915-07:00" testType="13cdc9d9-ddb5-4fa4-a97d-d965ccfc6d4b" outcome="Passed" testListId="8c84fa94-04c1-424b-9868-57a2d4851a1d" relativeResultsDirectory="fa78f3c6-f692-45b9-944d-167527282edc" />
    <UnitTestResult executionId="0ae67e4c-acd6-424e-8a52-8c1debde1605" testId="c2d4b136-25b6-4f08-a82d-4ef5bf9c5ab4" testName="TFSTests.HowToLinks HowTo Links - Render" computerName="TFSBUILD11" duration="00:00:00.0180000" startTime="2015-09-28T09:46:02.0740915-07:00" endTime="2015-09-28T09:46:02.0740915-07:00" testType="13cdc9d9-ddb5-4fa4-a97d-d965ccfc6d4b" outcome="Passed" testListId="8c84fa94-04c1-424b-9868-57a2d4851a1d" relativeResultsDirectory="0ae67e4c-acd6-424e-8a52-8c1debde1605" />
    <UnitTestResult executionId="0ceed850-ef00-49d1-96f0-91686939b9ca" testId="7ed8c416-e75b-4cae-99cd-08923d502fb7" testName="TFSTests.HowToLinks HowTo Links - Click" computerName="TFSBUILD11" duration="00:00:00.0190000" startTime="2015-09-28T09:46:02.0740915-07:00" endTime="2015-09-28T09:46:02.0740915-07:00" testType="13cdc9d9-ddb5-4fa4-a97d-d965ccfc6d4b" outcome="Passed" testListId="8c84fa94-04c1-424b-9868-57a2d4851a1d" relativeResultsDirectory="0ceed850-ef00-49d1-96f0-91686939b9ca" />
    <UnitTestResult executionId="ae9ee767-dc83-439a-b437-ce6f809978fd" testId="937d7a51-3147-481d-b6db-7ed5458e584b" testName="TFSTests.OffDays Off Days -  Date  - Formats Correctly " computerName="TFSBUILD11" duration="00:00:00.0210000" startTime="2015-09-28T09:46:02.0750913-07:00" endTime="2015-09-28T09:46:02.0750913-07:00" testType="13cdc9d9-ddb5-4fa4-a97d-d965ccfc6d4b" outcome="Passed" testListId="8c84fa94-04c1-424b-9868-57a2d4851a1d" relativeResultsDirectory="ae9ee767-dc83-439a-b437-ce6f809978fd" />
    <UnitTestResult executionId="ece77eee-be7a-404b-878d-fd02ebe7c5a2" testId="e6d02a1b-f1d3-4a7b-a313-4ea17e82dd74" testName="TFSTests.OffDays Off Days -  No People Out" computerName="TFSBUILD11" duration="00:00:00.0150000" startTime="2015-09-28T09:46:02.0750913-07:00" endTime="2015-09-28T09:46:02.0750913-07:00" testType="13cdc9d9-ddb5-4fa4-a97d-d965ccfc6d4b" outcome="Passed" testListId="8c84fa94-04c1-424b-9868-57a2d4851a1d" relativeResultsDirectory="ece77eee-be7a-404b-878d-fd02ebe7c5a2" />
    <UnitTestResult executionId="745e76a9-504d-4d9a-ad50-3af01d616dae" testId="2a3a3589-34ab-4c74-be51-4b8a1ac7c6dd" testName="TFSTests.OffDays Off Days -  Filter Iterations" computerName="TFSBUILD11" duration="00:00:00.0150000" startTime="2015-09-28T09:46:02.0750913-07:00" endTime="2015-09-28T09:46:02.0750913-07:00" testType="13cdc9d9-ddb5-4fa4-a97d-d965ccfc6d4b" outcome="Passed" testListId="8c84fa94-04c1-424b-9868-57a2d4851a1d" relativeResultsDirectory="745e76a9-504d-4d9a-ad50-3af01d616dae" />
    <UnitTestResult executionId="64c1faad-76a6-405e-b09d-304bc81eca80" testId="f887ad71-1641-402a-b25d-76654e94c283" testName="TFSTests.OffDays Off Days -  Filter Capacities - No one out " computerName="TFSBUILD11" duration="00:00:00.0150000" startTime="2015-09-28T09:46:02.0750913-07:00" endTime="2015-09-28T09:46:02.0750913-07:00" testType="13cdc9d9-ddb5-4fa4-a97d-d965ccfc6d4b" outcome="Passed" testListId="8c84fa94-04c1-424b-9868-57a2d4851a1d" relativeResultsDirectory="64c1faad-76a6-405e-b09d-304bc81eca80" />
    <UnitTestResult executionId="0123c62f-b8b0-490e-a0dc-5355c4c3f47a" testId="36fc8b95-0d08-494e-a75f-e450eefb35b9" testName="TFSTests.OffDays Off Days -  Filter Capacities - Only Off Days " computerName="TFSBUILD11" duration="00:00:00.0150000" startTime="2015-09-28T09:46:02.0750913-07:00" endTime="2015-09-28T09:46:02.0750913-07:00" testType="13cdc9d9-ddb5-4fa4-a97d-d965ccfc6d4b" outcome="Passed" testListId="8c84fa94-04c1-424b-9868-57a2d4851a1d" relativeResultsDirectory="0123c62f-b8b0-490e-a0dc-5355c4c3f47a" />
    <UnitTestResult executionId="fe20962b-4d49-4b68-a67e-85f392d953be" testId="03faa06b-09af-419d-b358-920098529840" testName="TFSTests.OffDays Off Days -  Filter Capacities - Some off days " computerName="TFSBUILD11" duration="00:00:00.0140000" startTime="2015-09-28T09:46:02.2146323-07:00" endTime="2015-09-28T09:46:02.2146323-07:00" testType="13cdc9d9-ddb5-4fa4-a97d-d965ccfc6d4b" outcome="Passed" testListId="8c84fa94-04c1-424b-9868-57a2d4851a1d" relativeResultsDirectory="fe20962b-4d49-4b68-a67e-85f392d953be" />
    <UnitTestResult executionId="9ec14e2a-6cfe-4c71-b632-6b75773d5a50" testId="c28a5e39-035f-466b-a271-56411789be35" testName="TFSTests.OffDays Off Days -  Create Member " computerName="TFSBUILD11" duration="00:00:00.0180000" startTime="2015-09-28T09:46:02.2146323-07:00" endTime="2015-09-28T09:46:02.2146323-07:00" testType="13cdc9d9-ddb5-4fa4-a97d-d965ccfc6d4b" outcome="Passed" testListId="8c84fa94-04c1-424b-9868-57a2d4851a1d" relativeResultsDirectory="9ec14e2a-6cfe-4c71-b632-6b75773d5a50" />
    <UnitTestResult executionId="e3766204-9f01-48d4-b7cc-ca6ecd8787ec" testId="ff481ad9-3f4e-4141-9ea4-5afebcc8efad" testName="TFSTests.OffDays Off Days -  People Out  - One Person" computerName="TFSBUILD11" duration="00:00:00.0150000" startTime="2015-09-28T09:46:02.2146323-07:00" endTime="2015-09-28T09:46:02.2146323-07:00" testType="13cdc9d9-ddb5-4fa4-a97d-d965ccfc6d4b" outcome="Passed" testListId="8c84fa94-04c1-424b-9868-57a2d4851a1d" relativeResultsDirectory="e3766204-9f01-48d4-b7cc-ca6ecd8787ec" />
    <UnitTestResult executionId="ed31f04c-cb05-4584-a940-e22c36e0ac56" testId="1da7e832-083e-4dca-9496-f72f78600824" testName="TFSTests.OffDays Off Days -  Add Content  - with Off Days" computerName="TFSBUILD11" duration="00:00:00.0150000" startTime="2015-09-28T09:46:02.2146323-07:00" endTime="2015-09-28T09:46:02.2146323-07:00" testType="13cdc9d9-ddb5-4fa4-a97d-d965ccfc6d4b" outcome="Passed" testListId="8c84fa94-04c1-424b-9868-57a2d4851a1d" relativeResultsDirectory="ed31f04c-cb05-4584-a940-e22c36e0ac56" />
    <UnitTestResult executionId="bf4ff0d6-cf33-4fad-bde0-ee2eddc14154" testId="49d605e2-3141-4eb2-8049-9b013eb67995" testName="TFSTests.OffDays Off Days -  Add Content  - without Off Days" computerName="TFSBUILD11" duration="00:00:00.0150000" startTime="2015-09-28T09:46:02.2156333-07:00" endTime="2015-09-28T09:46:02.2156333-07:00" testType="13cdc9d9-ddb5-4fa4-a97d-d965ccfc6d4b" outcome="Passed" testListId="8c84fa94-04c1-424b-9868-57a2d4851a1d" relativeResultsDirectory="bf4ff0d6-cf33-4fad-bde0-ee2eddc14154" />
    <UnitTestResult executionId="a4a2261a-ffb1-41dc-94eb-6349e1b35652" testId="5075af33-b480-4416-870d-87f12bcfcab7" testName="TFSTests.OffDays Off Days -  Add Header  - Sprint with Dates" computerName="TFSBUILD11" duration="00:00:00.0170000" startTime="2015-09-28T09:46:02.2156333-07:00" endTime="2015-09-28T09:46:02.2156333-07:00" testType="13cdc9d9-ddb5-4fa4-a97d-d965ccfc6d4b" outcome="Passed" testListId="8c84fa94-04c1-424b-9868-57a2d4851a1d" relativeResultsDirectory="a4a2261a-ffb1-41dc-94eb-6349e1b35652" />
    <UnitTestResult executionId="29afa2af-0ac6-462a-b97a-8fa42609829d" testId="8b463ec1-8257-4096-b834-c8f2b30fd331" testName="TFSTests.OffDays Off Days -  Add Header  - Sprint Without Dates" computerName="TFSBUILD11" duration="00:00:00.0150000" startTime="2015-09-28T09:46:02.2156333-07:00" endTime="2015-09-28T09:46:02.2156333-07:00" testType="13cdc9d9-ddb5-4fa4-a97d-d965ccfc6d4b" outcome="Passed" testListId="8c84fa94-04c1-424b-9868-57a2d4851a1d" relativeResultsDirectory="29afa2af-0ac6-462a-b97a-8fa42609829d" />
    <UnitTestResult executionId="24b44b15-df16-403f-baa2-a7f7dd2c167f" testId="bf8a0256-0496-4e8b-9a1a-3d5f53cd9a60" testName="TFSTests.OffDays Off Days -  Render  - Successful Promise" computerName="TFSBUILD11" duration="00:00:00.0150000" startTime="2015-09-28T09:46:02.2156333-07:00" endTime="2015-09-28T09:46:02.2156333-07:00" testType="13cdc9d9-ddb5-4fa4-a97d-d965ccfc6d4b" outcome="Passed" testListId="8c84fa94-04c1-424b-9868-57a2d4851a1d" relativeResultsDirectory="24b44b15-df16-403f-baa2-a7f7dd2c167f" />
    <UnitTestResult executionId="a647ce54-3432-40de-bbca-84e5acf56eec" testId="398b0208-26fb-4350-a362-dfd12b7765bd" testName="TFSTests.OffDays Off Days -  Render  - Failed Promise" computerName="TFSBUILD11" duration="00:00:00.0140000" startTime="2015-09-28T09:46:02.2156333-07:00" endTime="2015-09-28T09:46:02.2156333-07:00" testType="13cdc9d9-ddb5-4fa4-a97d-d965ccfc6d4b" outcome="Passed" testListId="8c84fa94-04c1-424b-9868-57a2d4851a1d" relativeResultsDirectory="a647ce54-3432-40de-bbca-84e5acf56eec" />
    <UnitTestResult executionId="eeb003d0-fae9-43b1-873b-87bc51cd2127" testId="c799d6d4-e892-46d5-8c09-6c3d4c00ca25" testName="TFSTests.OffDays Off Days - Get Current Iteration  - Successful Ajax Call" computerName="TFSBUILD11" duration="00:00:00.0150000" startTime="2015-09-28T09:46:02.3494459-07:00" endTime="2015-09-28T09:46:02.3494459-07:00" testType="13cdc9d9-ddb5-4fa4-a97d-d965ccfc6d4b" outcome="Passed" testListId="8c84fa94-04c1-424b-9868-57a2d4851a1d" relativeResultsDirectory="eeb003d0-fae9-43b1-873b-87bc51cd2127" />
    <UnitTestResult executionId="ae140640-d1cd-4f54-83ab-70d6af5f17f7" testId="f256129d-77b6-4d63-8dc9-77b878d4a439" testName="TFSTests.OffDays Off Days - Get Current Iteration  - Failed  Ajax Call" computerName="TFSBUILD11" duration="00:00:00.0150000" startTime="2015-09-28T09:46:02.3494459-07:00" endTime="2015-09-28T09:46:02.3494459-07:00" testType="13cdc9d9-ddb5-4fa4-a97d-d965ccfc6d4b" outcome="Passed" testListId="8c84fa94-04c1-424b-9868-57a2d4851a1d" relativeResultsDirectory="ae140640-d1cd-4f54-83ab-70d6af5f17f7" />
    <UnitTestResult executionId="86a7d764-2ee0-495c-836c-b2280d8328c6" testId="e1902408-07ac-480d-b286-7f56c9b0b470" testName="TFSTests.OffDays Off Days -  Get Team Iterations  - Successful Ajax Call" computerName="TFSBUILD11" duration="00:00:00.0150000" startTime="2015-09-28T09:46:02.3494459-07:00" endTime="2015-09-28T09:46:02.3494459-07:00" testType="13cdc9d9-ddb5-4fa4-a97d-d965ccfc6d4b" outcome="Passed" testListId="8c84fa94-04c1-424b-9868-57a2d4851a1d" relativeResultsDirectory="86a7d764-2ee0-495c-836c-b2280d8328c6" />
    <UnitTestResult executionId="5528b282-cd92-4b6f-a358-d3ccc9b7e621" testId="92ba1faa-0e48-40bc-a498-f4d294afed5a" testName="TFSTests.OffDays Off Days -  Get Team Iterations  - Failed Ajax Call" computerName="TFSBUILD11" duration="00:00:00.0150000" startTime="2015-09-28T09:46:02.3504463-07:00" endTime="2015-09-28T09:46:02.3504463-07:00" testType="13cdc9d9-ddb5-4fa4-a97d-d965ccfc6d4b" outcome="Passed" testListId="8c84fa94-04c1-424b-9868-57a2d4851a1d" relativeResultsDirectory="5528b282-cd92-4b6f-a358-d3ccc9b7e621" />
    <UnitTestResult executionId="e08741e5-cb65-40a6-87ff-81f25ef5e490" testId="85bac444-90f1-46ea-b8b6-94a1f8a53037" testName="TFSTests.OffDays Off Days -  Move To Iteration  - iteration number less than zero" computerName="TFSBUILD11" duration="00:00:00.0140000" startTime="2015-09-28T09:46:02.3504463-07:00" endTime="2015-09-28T09:46:02.3504463-07:00" testType="13cdc9d9-ddb5-4fa4-a97d-d965ccfc6d4b" outcome="Passed" testListId="8c84fa94-04c1-424b-9868-57a2d4851a1d" relativeResultsDirectory="e08741e5-cb65-40a6-87ff-81f25ef5e490" />
    <UnitTestResult executionId="94be8a78-7c6a-48f8-9761-b8a3808708a0" testId="106e9149-99f5-4ec8-97c3-6e0d80f65680" testName="TFSTests.OffDays Off Days -  Move To Iteration  - iteration number greater than max allowed" computerName="TFSBUILD11" duration="00:00:00.0140000" startTime="2015-09-28T09:46:02.3504463-07:00" endTime="2015-09-28T09:46:02.3504463-07:00" testType="13cdc9d9-ddb5-4fa4-a97d-d965ccfc6d4b" outcome="Passed" testListId="8c84fa94-04c1-424b-9868-57a2d4851a1d" relativeResultsDirectory="94be8a78-7c6a-48f8-9761-b8a3808708a0" />
    <UnitTestResult executionId="14aef005-ca6f-41c6-83f6-88c29ad69bac" testId="8d6bf5cd-54a2-4c0d-9e05-123ea0b4b761" testName="TFSTests.OffDays Off Days -  Move To Iteration  - valid iteration number" computerName="TFSBUILD11" duration="00:00:00.0140000" startTime="2015-09-28T09:46:02.3504463-07:00" endTime="2015-09-28T09:46:02.3504463-07:00" testType="13cdc9d9-ddb5-4fa4-a97d-d965ccfc6d4b" outcome="Passed" testListId="8c84fa94-04c1-424b-9868-57a2d4851a1d" relativeResultsDirectory="14aef005-ca6f-41c6-83f6-88c29ad69bac" />
    <UnitTestResult executionId="07bf4c6e-9ad4-4893-ba03-c7dfa98f3e8c" testId="c3263b99-3e93-4740-b0e7-03c07211b4ae" testName="TFSTests.OtherLinks Other Links Widget - Successful Ajax call." computerName="TFSBUILD11" duration="00:00:00.0150000" startTime="2015-09-28T09:46:02.3504463-07:00" endTime="2015-09-28T09:46:02.3504463-07:00" testType="13cdc9d9-ddb5-4fa4-a97d-d965ccfc6d4b" outcome="Passed" testListId="8c84fa94-04c1-424b-9868-57a2d4851a1d" relativeResultsDirectory="07bf4c6e-9ad4-4893-ba03-c7dfa98f3e8c" />
    <UnitTestResult executionId="502d2df8-cdf1-4899-a9cb-937940fb08bd" testId="285cf05a-d8ad-42eb-8e5a-6b993b390143" testName="TFSTests.OtherLinks Other Links Widget - Failed Ajax call." computerName="TFSBUILD11" duration="00:00:00.0140000" startTime="2015-09-28T09:46:02.3504463-07:00" endTime="2015-09-28T09:46:02.3504463-07:00" testType="13cdc9d9-ddb5-4fa4-a97d-d965ccfc6d4b" outcome="Passed" testListId="8c84fa94-04c1-424b-9868-57a2d4851a1d" relativeResultsDirectory="502d2df8-cdf1-4899-a9cb-937940fb08bd" />
    <UnitTestResult executionId="d041fc35-0181-4411-94c7-cb8390d4002f" testId="9a84cf7f-d3ed-4831-9509-6f118176c9a5" testName="TFSTests.OtherLinks Other Links Widget - Don't Show Team Links - No links." computerName="TFSBUILD11" duration="00:00:00.0150000" startTime="2015-09-28T09:46:02.4921322-07:00" endTime="2015-09-28T09:46:02.4921322-07:00" testType="13cdc9d9-ddb5-4fa4-a97d-d965ccfc6d4b" outcome="Passed" testListId="8c84fa94-04c1-424b-9868-57a2d4851a1d" relativeResultsDirectory="d041fc35-0181-4411-94c7-cb8390d4002f" />
    <UnitTestResult executionId="f92d5146-5bc5-43fe-9c86-09c833a29074" testId="de6ee276-5114-49ba-a4dc-c50c85830b83" testName="TFSTests.OtherLinks Other Links Widget - All Null No links." computerName="TFSBUILD11" duration="00:00:00.0140000" startTime="2015-09-28T09:46:02.4921322-07:00" endTime="2015-09-28T09:46:02.4921322-07:00" testType="13cdc9d9-ddb5-4fa4-a97d-d965ccfc6d4b" outcome="Passed" testListId="8c84fa94-04c1-424b-9868-57a2d4851a1d" relativeResultsDirectory="f92d5146-5bc5-43fe-9c86-09c833a29074" />
    <UnitTestResult executionId="44b6bd66-a1b9-473a-8849-eac1b3efa96f" testId="5185abe0-0657-421b-96f8-5336741afe08" testName="TFSTests.OtherLinks Other Links Widget - All links." computerName="TFSBUILD11" duration="00:00:00.0210000" startTime="2015-09-28T09:46:02.4921322-07:00" endTime="2015-09-28T09:46:02.4921322-07:00" testType="13cdc9d9-ddb5-4fa4-a97d-d965ccfc6d4b" outcome="Passed" testListId="8c84fa94-04c1-424b-9868-57a2d4851a1d" relativeResultsDirectory="44b6bd66-a1b9-473a-8849-eac1b3efa96f" />
    <UnitTestResult executionId="19be3745-4ce5-4216-8328-78d8334cf992" testId="b03f41b5-3954-4d59-b1f2-eb8fe460e536" testName="TFSTests.OtherLinks Other Links Widget - Feedback link disabled." computerName="TFSBUILD11" duration="00:00:00.0160000" startTime="2015-09-28T09:46:02.4921322-07:00" endTime="2015-09-28T09:46:02.4921322-07:00" testType="13cdc9d9-ddb5-4fa4-a97d-d965ccfc6d4b" outcome="Passed" testListId="8c84fa94-04c1-424b-9868-57a2d4851a1d" relativeResultsDirectory="19be3745-4ce5-4216-8328-78d8334cf992" />
    <UnitTestResult executionId="5affacef-2729-40b0-afd1-c4f6c2791127" testId="d032973e-3f09-47c2-87dd-9272b2bc41e3" testName="TFSTests.OtherLinks Other Links Widget - Feedback link for Licenced mode." computerName="TFSBUILD11" duration="00:00:00.0160000" startTime="2015-09-28T09:46:02.4931335-07:00" endTime="2015-09-28T09:46:02.4931335-07:00" testType="13cdc9d9-ddb5-4fa4-a97d-d965ccfc6d4b" outcome="Passed" testListId="8c84fa94-04c1-424b-9868-57a2d4851a1d" relativeResultsDirectory="5affacef-2729-40b0-afd1-c4f6c2791127" />
    <UnitTestResult executionId="030f0470-08c6-45e8-b980-726632dca894" testId="f2e87525-de07-4728-b104-43063a29c50e" testName="TFSTests.QueryScalar QueryScalar - getQueryResultFromResponse when count data is valid json" computerName="TFSBUILD11" duration="00:00:00.0160000" startTime="2015-09-28T09:46:02.4931335-07:00" endTime="2015-09-28T09:46:02.4931335-07:00" testType="13cdc9d9-ddb5-4fa4-a97d-d965ccfc6d4b" outcome="Passed" testListId="8c84fa94-04c1-424b-9868-57a2d4851a1d" relativeResultsDirectory="030f0470-08c6-45e8-b980-726632dca894" />
    <UnitTestResult executionId="688948de-b091-445d-a925-0c7c8d5b27db" testId="40366c4e-9b8a-40c0-88f0-a538f79ed0b1" testName="TFSTests.QueryScalar QueryScalar - getQueryResultFromResponse when count data is invalid json" computerName="TFSBUILD11" duration="00:00:00.0140000" startTime="2015-09-28T09:46:02.4931335-07:00" endTime="2015-09-28T09:46:02.4931335-07:00" testType="13cdc9d9-ddb5-4fa4-a97d-d965ccfc6d4b" outcome="Passed" testListId="8c84fa94-04c1-424b-9868-57a2d4851a1d" relativeResultsDirectory="688948de-b091-445d-a925-0c7c8d5b27db" />
    <UnitTestResult executionId="17d4121e-6d41-4bc5-9969-749575a1b278" testId="4c83ec80-7e80-4e7a-b9c2-3c3c1294a3e0" testName="TFSTests.QueryScalar QueryScalar - getQueryResultFromResponse when count data is not a json" computerName="TFSBUILD11" duration="00:00:00.0140000" startTime="2015-09-28T09:46:02.4931335-07:00" endTime="2015-09-28T09:46:02.4931335-07:00" testType="13cdc9d9-ddb5-4fa4-a97d-d965ccfc6d4b" outcome="Passed" testListId="8c84fa94-04c1-424b-9868-57a2d4851a1d" relativeResultsDirectory="17d4121e-6d41-4bc5-9969-749575a1b278" />
    <UnitTestResult executionId="11b9a754-442c-44be-8f7d-e56b45b8f9f4" testId="76f936f0-f950-4252-9f7d-84fe3b8e9ba7" testName="TFSTests.QueryScalar QueryScalar - loadScalarWidget - Calls getBackgroundColor with the non-null value returned by getBackgroundColor" computerName="TFSBUILD11" duration="00:00:00.0150000" startTime="2015-09-28T09:46:02.4931335-07:00" endTime="2015-09-28T09:46:02.4931335-07:00" testType="13cdc9d9-ddb5-4fa4-a97d-d965ccfc6d4b" outcome="Passed" testListId="8c84fa94-04c1-424b-9868-57a2d4851a1d" relativeResultsDirectory="11b9a754-442c-44be-8f7d-e56b45b8f9f4" />
    <UnitTestResult executionId="5752238f-06c3-4f22-992f-5e65372d3d86" testId="b5609857-53c1-4017-a1e8-5d6c766ff551" testName="TFSTests.QueryScalar ColorRuleInterpreter - isRuleValidAndEnabled - Returns false for null rule" computerName="TFSBUILD11" duration="00:00:00.0150000" startTime="2015-09-28T09:46:02.6258121-07:00" endTime="2015-09-28T09:46:02.6258121-07:00" testType="13cdc9d9-ddb5-4fa4-a97d-d965ccfc6d4b" outcome="Passed" testListId="8c84fa94-04c1-424b-9868-57a2d4851a1d" relativeResultsDirectory="5752238f-06c3-4f22-992f-5e65372d3d86" />
    <UnitTestResult executionId="f240515b-2ddc-4c6c-9085-9be7b1b6574a" testId="e905bd39-1dbe-4489-b0e0-4c39a4324232" testName="TFSTests.QueryScalar ColorRuleInterpreter - isRuleValidAndEnabled - Returns false for disabled rule" computerName="TFSBUILD11" duration="00:00:00.0140000" startTime="2015-09-28T09:46:02.6268128-07:00" endTime="2015-09-28T09:46:02.6268128-07:00" testType="13cdc9d9-ddb5-4fa4-a97d-d965ccfc6d4b" outcome="Passed" testListId="8c84fa94-04c1-424b-9868-57a2d4851a1d" relativeResultsDirectory="f240515b-2ddc-4c6c-9085-9be7b1b6574a" />
    <UnitTestResult executionId="80baa16c-ea51-4024-8915-5351c1af8691" testId="47b9d867-7d14-4486-906e-8a3db5483c17" testName="TFSTests.QueryScalar ColorRuleInterpreter - isRuleValidAndEnabled - Returns false for enabled rule with null thresholdCount" computerName="TFSBUILD11" duration="00:00:00.0140000" startTime="2015-09-28T09:46:02.6268128-07:00" endTime="2015-09-28T09:46:02.6268128-07:00" testType="13cdc9d9-ddb5-4fa4-a97d-d965ccfc6d4b" outcome="Passed" testListId="8c84fa94-04c1-424b-9868-57a2d4851a1d" relativeResultsDirectory="80baa16c-ea51-4024-8915-5351c1af8691" />
    <UnitTestResult executionId="35c4b71f-102e-4d9f-8c32-5feed36e6a11" testId="a6995513-be47-41ac-9425-fbc88944b56c" testName="TFSTests.QueryScalar ColorRuleInterpreter - isRuleValidAndEnabled - Returns false for enabled rule with invalid operator" computerName="TFSBUILD11" duration="00:00:00.0140000" startTime="2015-09-28T09:46:02.6268128-07:00" endTime="2015-09-28T09:46:02.6268128-07:00" testType="13cdc9d9-ddb5-4fa4-a97d-d965ccfc6d4b" outcome="Passed" testListId="8c84fa94-04c1-424b-9868-57a2d4851a1d" relativeResultsDirectory="35c4b71f-102e-4d9f-8c32-5feed36e6a11" />
    <UnitTestResult executionId="76f7af47-69c9-486e-a982-62f35c5414e0" testId="2fe64abb-9188-4c08-a3c7-73802f809c51" testName="TFSTests.QueryScalar ColorRuleInterpreter - isRuleValidAndEnabled - Returns false for enabled rule with invalid backgroundColor" computerName="TFSBUILD11" duration="00:00:00.0140000" startTime="2015-09-28T09:46:02.6268128-07:00" endTime="2015-09-28T09:46:02.6268128-07:00" testType="13cdc9d9-ddb5-4fa4-a97d-d965ccfc6d4b" outcome="Passed" testListId="8c84fa94-04c1-424b-9868-57a2d4851a1d" relativeResultsDirectory="76f7af47-69c9-486e-a982-62f35c5414e0" />
    <UnitTestResult executionId="82d7ddc6-ac13-49a1-914c-ae6965c0f14b" testId="f848768d-1619-455a-9d14-efc9efcb8fac" testName="TFSTests.QueryScalar ColorRuleInterpreter - isRuleValidAndEnabled - Returns true for enabled rule with valid properties" computerName="TFSBUILD11" duration="00:00:00.0140000" startTime="2015-09-28T09:46:02.6268128-07:00" endTime="2015-09-28T09:46:02.6268128-07:00" testType="13cdc9d9-ddb5-4fa4-a97d-d965ccfc6d4b" outcome="Passed" testListId="8c84fa94-04c1-424b-9868-57a2d4851a1d" relativeResultsDirectory="82d7ddc6-ac13-49a1-914c-ae6965c0f14b" />
    <UnitTestResult executionId="c4560259-2344-4511-bbc8-e6ecd9120ed7" testId="2f5cc7b5-0503-474d-be31-7f8215bc0de8" testName="TFSTests.QueryScalar ColorRuleInterpreter - isRuleSatisfied - Returns false when isRuleValidAndEnabled returns false" computerName="TFSBUILD11" duration="00:00:00.0150000" startTime="2015-09-28T09:46:02.6268128-07:00" endTime="2015-09-28T09:46:02.6268128-07:00" testType="13cdc9d9-ddb5-4fa4-a97d-d965ccfc6d4b" outcome="Passed" testListId="8c84fa94-04c1-424b-9868-57a2d4851a1d" relativeResultsDirectory="c4560259-2344-4511-bbc8-e6ecd9120ed7" />
    <UnitTestResult executionId="687fba1d-ce0d-4e88-b285-3ecec863b19d" testId="a68c50d0-88c2-4cc1-966e-ef3f1469ddf3" testName="TFSTests.QueryScalar ColorRuleInterpreter - isRuleSatisfied - Returns false for null result count" computerName="TFSBUILD11" duration="00:00:00.0150000" startTime="2015-09-28T09:46:02.6268128-07:00" endTime="2015-09-28T09:46:02.6268128-07:00" testType="13cdc9d9-ddb5-4fa4-a97d-d965ccfc6d4b" outcome="Passed" testListId="8c84fa94-04c1-424b-9868-57a2d4851a1d" relativeResultsDirectory="687fba1d-ce0d-4e88-b285-3ecec863b19d" />
    <UnitTestResult executionId="7ab028c4-6dd0-4cda-b08c-4947e5143f52" testId="8b282a93-bf37-46a3-ae3e-0bdadb5a0421" testName="TFSTests.QueryScalar ColorRuleInterpreter - isRuleSatisfied - Returns expected value for evaluated equal-to expression" computerName="TFSBUILD11" duration="00:00:00.0150000" startTime="2015-09-28T09:46:02.6268128-07:00" endTime="2015-09-28T09:46:02.6268128-07:00" testType="13cdc9d9-ddb5-4fa4-a97d-d965ccfc6d4b" outcome="Passed" testListId="8c84fa94-04c1-424b-9868-57a2d4851a1d" relativeResultsDirectory="7ab028c4-6dd0-4cda-b08c-4947e5143f52" />
    <UnitTestResult executionId="85acfd43-78ba-4999-8d27-6238954839f8" testId="4f0c3bc3-c878-4670-ab93-6b6805d1ad14" testName="TFSTests.QueryScalar ColorRuleInterpreter - isRuleSatisfied - Returns expected value for evaluated not-equal-to expression" computerName="TFSBUILD11" duration="00:00:00.0150000" startTime="2015-09-28T09:46:02.7613669-07:00" endTime="2015-09-28T09:46:02.7613669-07:00" testType="13cdc9d9-ddb5-4fa4-a97d-d965ccfc6d4b" outcome="Passed" testListId="8c84fa94-04c1-424b-9868-57a2d4851a1d" relativeResultsDirectory="85acfd43-78ba-4999-8d27-6238954839f8" />
    <UnitTestResult executionId="481ff5b4-3fdd-4f96-a4ff-ddfaa7413015" testId="e923cd06-40c6-42c1-ab33-152b071a4895" testName="TFSTests.QueryScalar ColorRuleInterpreter - setBackgroundColor - Returns null when the rules array is null" computerName="TFSBUILD11" duration="00:00:00.0140000" startTime="2015-09-28T09:46:02.7613669-07:00" endTime="2015-09-28T09:46:02.7613669-07:00" testType="13cdc9d9-ddb5-4fa4-a97d-d965ccfc6d4b" outcome="Passed" testListId="8c84fa94-04c1-424b-9868-57a2d4851a1d" relativeResultsDirectory="481ff5b4-3fdd-4f96-a4ff-ddfaa7413015" />
    <UnitTestResult executionId="987286ce-f238-4e6d-8b63-d692174e870a" testId="bc0e729c-6adf-46cd-8376-202cea65e684" testName="TFSTests.QueryScalar ColorRuleInterpreter - setBackgroundColor - Returns null when the results count is null" computerName="TFSBUILD11" duration="00:00:00.0140000" startTime="2015-09-28T09:46:02.7613669-07:00" endTime="2015-09-28T09:46:02.7613669-07:00" testType="13cdc9d9-ddb5-4fa4-a97d-d965ccfc6d4b" outcome="Passed" testListId="8c84fa94-04c1-424b-9868-57a2d4851a1d" relativeResultsDirectory="987286ce-f238-4e6d-8b63-d692174e870a" />
    <UnitTestResult executionId="f8b2922a-fc82-4c29-8774-d58e82cd675b" testId="e0021ebf-00ab-455d-ac6a-8ad101e4bcda" testName="TFSTests.QueryScalar ColorRuleInterpreter - setBackgroundColor - Returns null when there are no rules" computerName="TFSBUILD11" duration="00:00:00.0140000" startTime="2015-09-28T09:46:02.7623673-07:00" endTime="2015-09-28T09:46:02.7623673-07:00" testType="13cdc9d9-ddb5-4fa4-a97d-d965ccfc6d4b" outcome="Passed" testListId="8c84fa94-04c1-424b-9868-57a2d4851a1d" relativeResultsDirectory="f8b2922a-fc82-4c29-8774-d58e82cd675b" />
    <UnitTestResult executionId="a5558f16-593f-4f9c-b227-ef1be6f5fb84" testId="b741174a-5c2a-468c-beb8-8135e4c09851" testName="TFSTests.QueryScalar ColorRuleInterpreter - setBackgroundColor - Returns null when no rules are enabled" computerName="TFSBUILD11" duration="00:00:00.0140000" startTime="2015-09-28T09:46:02.7623673-07:00" endTime="2015-09-28T09:46:02.7623673-07:00" testType="13cdc9d9-ddb5-4fa4-a97d-d965ccfc6d4b" outcome="Passed" testListId="8c84fa94-04c1-424b-9868-57a2d4851a1d" relativeResultsDirectory="a5558f16-593f-4f9c-b227-ef1be6f5fb84" />
    <UnitTestResult executionId="aad78ab2-d281-4d5a-a74f-245ec322e584" testId="ae6e4a82-e71d-4601-89f3-feeae50c7d9b" testName="TFSTests.QueryScalar ColorRuleInterpreter - setBackgroundColor - Returns null when no rules are matched" computerName="TFSBUILD11" duration="00:00:00.0140000" startTime="2015-09-28T09:46:02.7623673-07:00" endTime="2015-09-28T09:46:02.7623673-07:00" testType="13cdc9d9-ddb5-4fa4-a97d-d965ccfc6d4b" outcome="Passed" testListId="8c84fa94-04c1-424b-9868-57a2d4851a1d" relativeResultsDirectory="aad78ab2-d281-4d5a-a74f-245ec322e584" />
    <UnitTestResult executionId="2fd90587-ea1a-482a-9699-365aa38c48e1" testId="be71084a-1a39-40e2-afd2-53dbd0dcd37e" testName="TFSTests.QueryScalar ColorRuleInterpreter - setBackgroundColor - Uses rule color when a single rule is matched" computerName="TFSBUILD11" duration="00:00:00.0140000" startTime="2015-09-28T09:46:02.7623673-07:00" endTime="2015-09-28T09:46:02.7623673-07:00" testType="13cdc9d9-ddb5-4fa4-a97d-d965ccfc6d4b" outcome="Passed" testListId="8c84fa94-04c1-424b-9868-57a2d4851a1d" relativeResultsDirectory="2fd90587-ea1a-482a-9699-365aa38c48e1" />
    <UnitTestResult executionId="0b765f35-2234-434f-97d0-de5c651857dc" testId="5442563a-6927-46f3-9942-2e044a1d89ca" testName="TFSTests.QueryScalar ColorRuleInterpreter - setBackgroundColor - Uses last rule color when multiple rules are matched" computerName="TFSBUILD11" duration="00:00:00.0150000" startTime="2015-09-28T09:46:02.7623673-07:00" endTime="2015-09-28T09:46:02.7623673-07:00" testType="13cdc9d9-ddb5-4fa4-a97d-d965ccfc6d4b" outcome="Passed" testListId="8c84fa94-04c1-424b-9868-57a2d4851a1d" relativeResultsDirectory="0b765f35-2234-434f-97d0-de5c651857dc" />
    <UnitTestResult executionId="b9c737e8-6dff-4456-95bf-6b45ac1a5cdb" testId="e70ece83-761e-44e0-a61c-fc2edf912b97" testName="TFSTests.SprintBurndown Sprint Burndown Widget - handles success" computerName="TFSBUILD11" duration="00:00:00.0150000" startTime="2015-09-28T09:46:02.7623673-07:00" endTime="2015-09-28T09:46:02.7623673-07:00" testType="13cdc9d9-ddb5-4fa4-a97d-d965ccfc6d4b" outcome="Passed" testListId="8c84fa94-04c1-424b-9868-57a2d4851a1d" relativeResultsDirectory="b9c737e8-6dff-4456-95bf-6b45ac1a5cdb" />
    <UnitTestResult executionId="353d2915-e457-418f-a86e-36b67acdef1b" testId="d391ba39-b435-4b49-9015-ab0e97e90e4e" testName="TFSTests.SprintBurndown Sprint Burndown Widget - handles api failure" computerName="TFSBUILD11" duration="00:00:00.0150000" startTime="2015-09-28T09:46:02.8997588-07:00" endTime="2015-09-28T09:46:02.8997588-07:00" testType="13cdc9d9-ddb5-4fa4-a97d-d965ccfc6d4b" outcome="Passed" testListId="8c84fa94-04c1-424b-9868-57a2d4851a1d" relativeResultsDirectory="353d2915-e457-418f-a86e-36b67acdef1b" />
    <UnitTestResult executionId="16233ef9-6b1c-4c06-baad-591edc56f25f" testId="ef28daec-d855-4158-98e2-f017e117ff15" testName="TFSTests.SprintBurndown Sprint Burndown Widget - calls sprintCapacitySummaryApi.get()" computerName="TFSBUILD11" duration="00:00:00.0150000" startTime="2015-09-28T09:46:02.8997588-07:00" endTime="2015-09-28T09:46:02.8997588-07:00" testType="13cdc9d9-ddb5-4fa4-a97d-d965ccfc6d4b" outcome="Passed" testListId="8c84fa94-04c1-424b-9868-57a2d4851a1d" relativeResultsDirectory="16233ef9-6b1c-4c06-baad-591edc56f25f" />
    <UnitTestResult executionId="0f7dc2b5-f8f2-459f-8c05-abf8c9273d17" testId="9eb63e14-d856-4f85-9d29-c77bec28a825" testName="TFSTests.SprintBurndown Sprint Burndown Widget - initialize calls processCapacitySummaryData on successful api call" computerName="TFSBUILD11" duration="00:00:00.0150000" startTime="2015-09-28T09:46:02.8997588-07:00" endTime="2015-09-28T09:46:02.8997588-07:00" testType="13cdc9d9-ddb5-4fa4-a97d-d965ccfc6d4b" outcome="Passed" testListId="8c84fa94-04c1-424b-9868-57a2d4851a1d" relativeResultsDirectory="0f7dc2b5-f8f2-459f-8c05-abf8c9273d17" />
    <UnitTestResult executionId="03926f6b-c6dc-4b0d-829b-bad3688665be" testId="455523ba-b8b2-4a42-b8da-15978288ddb4" testName="TFSTests.SprintBurndown Sprint Burndown Widget - processCapacitySummaryData uses chartImageUrlBuilder to build image url" computerName="TFSBUILD11" duration="00:00:00.0150000" startTime="2015-09-28T09:46:02.8997588-07:00" endTime="2015-09-28T09:46:02.8997588-07:00" testType="13cdc9d9-ddb5-4fa4-a97d-d965ccfc6d4b" outcome="Passed" testListId="8c84fa94-04c1-424b-9868-57a2d4851a1d" relativeResultsDirectory="03926f6b-c6dc-4b0d-829b-bad3688665be" />
    <UnitTestResult executionId="e76eb847-2b90-4223-9390-2808e5e2044a" testId="483e9a2f-1acc-4cde-bd62-46d9730d0a0b" testName="TFSTests.SprintBurndown Sprint Burndown Widget - processCapacitySummaryData preloads image using url returned from chartImageUrlBuilder" computerName="TFSBUILD11" duration="00:00:00.0140000" startTime="2015-09-28T09:46:02.8997588-07:00" endTime="2015-09-28T09:46:02.8997588-07:00" testType="13cdc9d9-ddb5-4fa4-a97d-d965ccfc6d4b" outcome="Passed" testListId="8c84fa94-04c1-424b-9868-57a2d4851a1d" relativeResultsDirectory="e76eb847-2b90-4223-9390-2808e5e2044a" />
    <UnitTestResult executionId="60d95f0f-c298-400b-bc41-771368b074e6" testId="b3f3c7cc-9ad7-4eac-85db-9d2b2056db54" testName="TFSTests.SprintBurndown Sprint Burndown Widget - processCapacitySummaryData handles image preload success" computerName="TFSBUILD11" duration="00:00:00.0150000" startTime="2015-09-28T09:46:02.8997588-07:00" endTime="2015-09-28T09:46:02.8997588-07:00" testType="13cdc9d9-ddb5-4fa4-a97d-d965ccfc6d4b" outcome="Passed" testListId="8c84fa94-04c1-424b-9868-57a2d4851a1d" relativeResultsDirectory="60d95f0f-c298-400b-bc41-771368b074e6" />
    <UnitTestResult executionId="a8dc1bf0-155e-4f23-8e9f-dcde363474eb" testId="3a7b1a7a-7583-4082-a4b9-b452c6e45378" testName="TFSTests.SprintBurndown Sprint Burndown Widget - processCapacitySummaryData handles image preload failure" computerName="TFSBUILD11" duration="00:00:00.0150000" startTime="2015-09-28T09:46:02.8997588-07:00" endTime="2015-09-28T09:46:02.8997588-07:00" testType="13cdc9d9-ddb5-4fa4-a97d-d965ccfc6d4b" outcome="Passed" testListId="8c84fa94-04c1-424b-9868-57a2d4851a1d" relativeResultsDirectory="a8dc1bf0-155e-4f23-8e9f-dcde363474eb" />
    <UnitTestResult executionId="0964302a-0c95-4915-8ab3-4538f721391a" testId="377a8874-705c-48da-a2d5-4183bb873b0e" testName="TFSTests.SprintBurndown Sprint Burndown Widget - processCapacitySummaryData handles unconfigured state" computerName="TFSBUILD11" duration="00:00:00.0150000" startTime="2015-09-28T09:46:02.8997588-07:00" endTime="2015-09-28T09:46:02.8997588-07:00" testType="13cdc9d9-ddb5-4fa4-a97d-d965ccfc6d4b" outcome="Passed" testListId="8c84fa94-04c1-424b-9868-57a2d4851a1d" relativeResultsDirectory="0964302a-0c95-4915-8ab3-4538f721391a" />
    <UnitTestResult executionId="ff3720d4-7991-47c9-9db3-b6d092f31bab" testId="d47a5ea2-634e-48c2-afd2-c47cd8c628b2" testName="TFSTests.SprintBurndown Sprint Burndown Widget - image click shows larger image dialog" computerName="TFSBUILD11" duration="00:00:00.0150000" startTime="2015-09-28T09:46:02.9007600-07:00" endTime="2015-09-28T09:46:02.9007600-07:00" testType="13cdc9d9-ddb5-4fa4-a97d-d965ccfc6d4b" outcome="Passed" testListId="8c84fa94-04c1-424b-9868-57a2d4851a1d" relativeResultsDirectory="ff3720d4-7991-47c9-9db3-b6d092f31bab" />
    <UnitTestResult executionId="fb95be0a-39c2-4231-b248-fe34ac48bebf" testId="36c70ad4-28ab-487a-8eb4-0f6664be6f25" testName="TFSTests.SprintBurndown Sprint Burndown Widget - SprintCapacitySummaryApi.get() issues correct request" computerName="TFSBUILD11" duration="00:00:00.0150000" startTime="2015-09-28T09:46:03.0556016-07:00" endTime="2015-09-28T09:46:03.0556016-07:00" testType="13cdc9d9-ddb5-4fa4-a97d-d965ccfc6d4b" outcome="Passed" testListId="8c84fa94-04c1-424b-9868-57a2d4851a1d" relativeResultsDirectory="fb95be0a-39c2-4231-b248-fe34ac48bebf" />
    <UnitTestResult executionId="4dd2bb66-059d-4e44-b438-b9d0957c7e31" testId="c2e6c7bb-0b63-4ace-9073-5a78f0b63e80" testName="TFSTests.SprintBurndown Sprint Burndown Widget - SprintCapacitySummaryApi.get() parses and resolves response" computerName="TFSBUILD11" duration="00:00:00.0150000" startTime="2015-09-28T09:46:03.0556016-07:00" endTime="2015-09-28T09:46:03.0556016-07:00" testType="13cdc9d9-ddb5-4fa4-a97d-d965ccfc6d4b" outcome="Passed" testListId="8c84fa94-04c1-424b-9868-57a2d4851a1d" relativeResultsDirectory="4dd2bb66-059d-4e44-b438-b9d0957c7e31" />
    <UnitTestResult executionId="4995fb88-622e-44f0-aae1-b15263f30611" testId="3967d21e-dcc5-47be-8ef7-48cbeb1ef1b5" testName="TFSTests.SprintBurndown Sprint Burndown Widget - SprintCapacitySummaryApi.get() parses and resolves response for unconfigured state" computerName="TFSBUILD11" duration="00:00:00.0150000" startTime="2015-09-28T09:46:03.0556016-07:00" endTime="2015-09-28T09:46:03.0556016-07:00" testType="13cdc9d9-ddb5-4fa4-a97d-d965ccfc6d4b" outcome="Passed" testListId="8c84fa94-04c1-424b-9868-57a2d4851a1d" relativeResultsDirectory="4995fb88-622e-44f0-aae1-b15263f30611" />
    <UnitTestResult executionId="59720423-4a96-4db4-91f5-1a86ab2e1106" testId="e8ef483b-9d60-461f-a000-5a712f036e26" testName="TFSTests.SprintBurndown Sprint Burndown Widget - SprintCapacitySummaryApi.get() handles ajax error" computerName="TFSBUILD11" duration="00:00:00.0160000" startTime="2015-09-28T09:46:03.0556016-07:00" endTime="2015-09-28T09:46:03.0556016-07:00" testType="13cdc9d9-ddb5-4fa4-a97d-d965ccfc6d4b" outcome="Passed" testListId="8c84fa94-04c1-424b-9868-57a2d4851a1d" relativeResultsDirectory="59720423-4a96-4db4-91f5-1a86ab2e1106" />
    <UnitTestResult executionId="656f3d01-3d8d-4fe4-8838-8d416e3f9766" testId="9a2721ab-450c-41f0-b4af-2b933611ccb2" testName="TFSTests.SprintBurndown Sprint Burndown Widget - ChartImageUrlBuilder.build() passes correct parameters to tfsContext.getActionUrl()" computerName="TFSBUILD11" duration="00:00:00.0180000" startTime="2015-09-28T09:46:03.0556016-07:00" endTime="2015-09-28T09:46:03.0556016-07:00" testType="13cdc9d9-ddb5-4fa4-a97d-d965ccfc6d4b" outcome="Passed" testListId="8c84fa94-04c1-424b-9868-57a2d4851a1d" relativeResultsDirectory="656f3d01-3d8d-4fe4-8838-8d416e3f9766" />
    <UnitTestResult executionId="065d3b84-0823-4c32-b63d-84234bf5cfc0" testId="32c6ba29-09ec-475b-bdc1-7df508f0f687" testName="TFSTests.SprintBurndown Sprint Burndown Widget - subsequent calls to ChartImageUrlBuilder.build() increase count parameter" computerName="TFSBUILD11" duration="00:00:00.0260000" startTime="2015-09-28T09:46:03.0556016-07:00" endTime="2015-09-28T09:46:03.0556016-07:00" testType="13cdc9d9-ddb5-4fa4-a97d-d965ccfc6d4b" outcome="Passed" testListId="8c84fa94-04c1-424b-9868-57a2d4851a1d" relativeResultsDirectory="065d3b84-0823-4c32-b63d-84234bf5cfc0" />
    <UnitTestResult executionId="87b2dbf6-d66e-4782-b164-0a221da6cfcf" testId="3d54502f-c14a-4661-9a86-bc546311bf4b" testName="TFSTests.SprintBurndown Sprint Burndown Widget - ChartImageUrlBuilder.build() returns result of tfsContext.getActionUrl()" computerName="TFSBUILD11" duration="00:00:00.0150000" startTime="2015-09-28T09:46:03.0566014-07:00" endTime="2015-09-28T09:46:03.0566014-07:00" testType="13cdc9d9-ddb5-4fa4-a97d-d965ccfc6d4b" outcome="Passed" testListId="8c84fa94-04c1-424b-9868-57a2d4851a1d" relativeResultsDirectory="87b2dbf6-d66e-4782-b164-0a221da6cfcf" />
    <UnitTestResult executionId="594aff63-c60d-4b78-969e-708fb0c5b25b" testId="cb39a655-fb1b-441e-97a1-9d5342c1bd59" testName="TFSTests.TcmCharts TcmChart - Constructor Null Option" computerName="TFSBUILD11" duration="00:00:00.0150000" startTime="2015-09-28T09:46:03.0566014-07:00" endTime="2015-09-28T09:46:03.0566014-07:00" testType="13cdc9d9-ddb5-4fa4-a97d-d965ccfc6d4b" outcome="Passed" testListId="8c84fa94-04c1-424b-9868-57a2d4851a1d" relativeResultsDirectory="594aff63-c60d-4b78-969e-708fb0c5b25b" />
    <UnitTestResult executionId="44acd839-d812-49f8-8521-c9ee254ee7f1" testId="40891a07-bdd8-446e-8f66-ebbd8f3fd588" testName="TFSTests.TcmCharts TcmChart - Constructor With Option Defined" computerName="TFSBUILD11" duration="00:00:00.0150000" startTime="2015-09-28T09:46:03.0566014-07:00" endTime="2015-09-28T09:46:03.0566014-07:00" testType="13cdc9d9-ddb5-4fa4-a97d-d965ccfc6d4b" outcome="Passed" testListId="8c84fa94-04c1-424b-9868-57a2d4851a1d" relativeResultsDirectory="44acd839-d812-49f8-8521-c9ee254ee7f1" />
    <UnitTestResult executionId="c8b50334-3b42-41db-8c8c-cda3ca65b441" testId="e072d10d-12f3-48b9-9384-019366e5d9d5" testName="TFSTests.TcmCharts TcmChart - getUrlForClickingAction When Options Empty Url" computerName="TFSBUILD11" duration="00:00:00.0150000" startTime="2015-09-28T09:46:03.2001156-07:00" endTime="2015-09-28T09:46:03.2001156-07:00" testType="13cdc9d9-ddb5-4fa4-a97d-d965ccfc6d4b" outcome="Passed" testListId="8c84fa94-04c1-424b-9868-57a2d4851a1d" relativeResultsDirectory="c8b50334-3b42-41db-8c8c-cda3ca65b441" />
    <UnitTestResult executionId="f53308c3-5255-4250-85c0-0b806247d166" testId="b4513570-266b-4c37-8d58-51ceebda4727" testName="TFSTests.TcmCharts TcmChart - getUrlForClickingAction When Options Defined with Url" computerName="TFSBUILD11" duration="00:00:00.0150000" startTime="2015-09-28T09:46:03.2001156-07:00" endTime="2015-09-28T09:46:03.2001156-07:00" testType="13cdc9d9-ddb5-4fa4-a97d-d965ccfc6d4b" outcome="Passed" testListId="8c84fa94-04c1-424b-9868-57a2d4851a1d" relativeResultsDirectory="f53308c3-5255-4250-85c0-0b806247d166" />
    <UnitTestResult executionId="eaf9afbb-031b-4c4d-8b2f-89cd42a18f3a" testId="dbd919e3-5e7c-4055-b732-51649edce7a9" testName="TFSTests.TeamMembers TeamMembers - Initialize - Click as Admin User Calls Manage Members Function" computerName="TFSBUILD11" duration="00:00:00.0160000" startTime="2015-09-28T09:46:03.2011157-07:00" endTime="2015-09-28T09:46:03.2011157-07:00" testType="13cdc9d9-ddb5-4fa4-a97d-d965ccfc6d4b" outcome="Passed" testListId="8c84fa94-04c1-424b-9868-57a2d4851a1d" relativeResultsDirectory="eaf9afbb-031b-4c4d-8b2f-89cd42a18f3a" />
    <UnitTestResult executionId="a1b55928-c460-4cbd-b7e3-a206a4c00725" testId="e61e035d-ef19-46f0-8079-e066ee8eb18d" testName="TFSTests.TeamMembers TeamMembers - Initialize - Click as Non-Admin User Doesn't Call Manage Members Function" computerName="TFSBUILD11" duration="00:00:00.0160000" startTime="2015-09-28T09:46:03.2011157-07:00" endTime="2015-09-28T09:46:03.2011157-07:00" testType="13cdc9d9-ddb5-4fa4-a97d-d965ccfc6d4b" outcome="Passed" testListId="8c84fa94-04c1-424b-9868-57a2d4851a1d" relativeResultsDirectory="a1b55928-c460-4cbd-b7e3-a206a4c00725" />
    <UnitTestResult executionId="a291a543-2de3-47fb-ba2f-8e364808ae80" testId="51a864ce-dd3b-4af5-8a82-88705cc6fd08" testName="TFSTests.TeamMembers TeamMembers - On Manage Members Click - Dialog Callback Triggers Reload" computerName="TFSBUILD11" duration="00:00:00.0160000" startTime="2015-09-28T09:46:03.2011157-07:00" endTime="2015-09-28T09:46:03.2011157-07:00" testType="13cdc9d9-ddb5-4fa4-a97d-d965ccfc6d4b" outcome="Passed" testListId="8c84fa94-04c1-424b-9868-57a2d4851a1d" relativeResultsDirectory="a291a543-2de3-47fb-ba2f-8e364808ae80" />
    <UnitTestResult executionId="1b00c58d-f6ab-4ba2-8472-c4c9885f4df7" testId="62415303-882f-443f-80f8-5271b0d35308" testName="TFSTests.TeamMembers TeamMembers - Add Title Bar - Creates expected elements" computerName="TFSBUILD11" duration="00:00:00.0170000" startTime="2015-09-28T09:46:03.2011157-07:00" endTime="2015-09-28T09:46:03.2011157-07:00" testType="13cdc9d9-ddb5-4fa4-a97d-d965ccfc6d4b" outcome="Passed" testListId="8c84fa94-04c1-424b-9868-57a2d4851a1d" relativeResultsDirectory="1b00c58d-f6ab-4ba2-8472-c4c9885f4df7" />
    <UnitTestResult executionId="d6326747-ef49-4e3d-85d3-ab12e35c8959" testId="51fb0b21-a6fc-4a85-a658-dbcf6fafb3df" testName="TFSTests.TeamMembers TeamMembers - Load Team Members - Successful Ajax Calls Expected Functions" computerName="TFSBUILD11" duration="00:00:00.0160000" startTime="2015-09-28T09:46:03.2011157-07:00" endTime="2015-09-28T09:46:03.2011157-07:00" testType="13cdc9d9-ddb5-4fa4-a97d-d965ccfc6d4b" outcome="Passed" testListId="8c84fa94-04c1-424b-9868-57a2d4851a1d" relativeResultsDirectory="d6326747-ef49-4e3d-85d3-ab12e35c8959" />
    <UnitTestResult executionId="c1e3b6e3-1460-4133-9959-645cba90719d" testId="d0f980ad-2dd1-4b64-bba4-6ba30b74b716" testName="TFSTests.TeamMembers TeamMembers - Load Team Members - Failed Ajax Calls Expected Functions" computerName="TFSBUILD11" duration="00:00:00.0160000" startTime="2015-09-28T09:46:03.2021161-07:00" endTime="2015-09-28T09:46:03.2021161-07:00" testType="13cdc9d9-ddb5-4fa4-a97d-d965ccfc6d4b" outcome="Passed" testListId="8c84fa94-04c1-424b-9868-57a2d4851a1d" relativeResultsDirectory="c1e3b6e3-1460-4133-9959-645cba90719d" />
    <UnitTestResult executionId="c657ad90-91a7-4a07-a1c7-dd4c33be7a5c" testId="afbc365f-2130-48c2-93dd-010e95bf6932" testName="TFSTests.TeamMembers TeamMembers - Load Team Members - No Team Id" computerName="TFSBUILD11" duration="00:00:00.0160000" startTime="2015-09-28T09:46:03.2021161-07:00" endTime="2015-09-28T09:46:03.2021161-07:00" testType="13cdc9d9-ddb5-4fa4-a97d-d965ccfc6d4b" outcome="Passed" testListId="8c84fa94-04c1-424b-9868-57a2d4851a1d" relativeResultsDirectory="c657ad90-91a7-4a07-a1c7-dd4c33be7a5c" />
    <UnitTestResult executionId="b97cd964-7899-4bf0-99c9-d42c1a0c1f1d" testId="90d30c60-e020-484b-95a2-01090cb93de9" testName="TFSTests.TeamMembers TeamMembers - Add Team Members - Member Count is Fewer Than Max Allowed to Show on Widget" computerName="TFSBUILD11" duration="00:00:00.0260000" startTime="2015-09-28T09:46:03.3651064-07:00" endTime="2015-09-28T09:46:03.3651064-07:00" testType="13cdc9d9-ddb5-4fa4-a97d-d965ccfc6d4b" outcome="Passed" testListId="8c84fa94-04c1-424b-9868-57a2d4851a1d" relativeResultsDirectory="b97cd964-7899-4bf0-99c9-d42c1a0c1f1d" />
    <UnitTestResult executionId="af28cc54-a1bb-4c06-8747-4d09a751c5f4" testId="2b01709a-1644-4c40-aec2-6f6ec807957e" testName="TFSTests.TeamMembers TeamMembers - Add Team Members - Member Count Equals Max Allowed to Show on Widget" computerName="TFSBUILD11" duration="00:00:00.0170000" startTime="2015-09-28T09:46:03.3651064-07:00" endTime="2015-09-28T09:46:03.3651064-07:00" testType="13cdc9d9-ddb5-4fa4-a97d-d965ccfc6d4b" outcome="Passed" testListId="8c84fa94-04c1-424b-9868-57a2d4851a1d" relativeResultsDirectory="af28cc54-a1bb-4c06-8747-4d09a751c5f4" />
    <UnitTestResult executionId="b2a73736-77da-4893-9475-148000f2f4c4" testId="b198f395-805f-450f-8f0b-5477460d5727" testName="TFSTests.TeamMembers TeamMembers - Add Team Members - Member Count is Greater Than Max Allowed to Show on Widget" computerName="TFSBUILD11" duration="00:00:00.0160000" startTime="2015-09-28T09:46:03.3651064-07:00" endTime="2015-09-28T09:46:03.3651064-07:00" testType="13cdc9d9-ddb5-4fa4-a97d-d965ccfc6d4b" outcome="Passed" testListId="8c84fa94-04c1-424b-9868-57a2d4851a1d" relativeResultsDirectory="b2a73736-77da-4893-9475-148000f2f4c4" />
    <UnitTestResult executionId="cffadbed-9c1d-475a-a765-17b5f7c178e3" testId="5fdb2446-4910-43b3-9256-fadb90f140b9" testName="TFSTests.TeamMembers TeamMembers - Add Team Members - Member Count is More Than Max Requested be Returned" computerName="TFSBUILD11" duration="00:00:00.0170000" startTime="2015-09-28T09:46:03.3651064-07:00" endTime="2015-09-28T09:46:03.3651064-07:00" testType="13cdc9d9-ddb5-4fa4-a97d-d965ccfc6d4b" outcome="Passed" testListId="8c84fa94-04c1-424b-9868-57a2d4851a1d" relativeResultsDirectory="cffadbed-9c1d-475a-a765-17b5f7c178e3" />
    <UnitTestResult executionId="00c65ff7-3baf-4054-bbed-dc92fee188d3" testId="644042e3-36c2-4abc-8b0b-b0646e1bdd1e" testName="TFSTests.TeamMembers TeamMembers - Add Team Members - One Row" computerName="TFSBUILD11" duration="00:00:00.0170000" startTime="2015-09-28T09:46:03.3651064-07:00" endTime="2015-09-28T09:46:03.3651064-07:00" testType="13cdc9d9-ddb5-4fa4-a97d-d965ccfc6d4b" outcome="Passed" testListId="8c84fa94-04c1-424b-9868-57a2d4851a1d" relativeResultsDirectory="00c65ff7-3baf-4054-bbed-dc92fee188d3" />
    <UnitTestResult executionId="d93a1555-432d-4dab-8476-41e99f4d9007" testId="1f21df99-036f-4a4e-94c8-7155cc0a38e6" testName="TFSTests.TeamMembers TeamMembers - Add Team Members - Two Rows" computerName="TFSBUILD11" duration="00:00:00.0170000" startTime="2015-09-28T09:46:03.3651064-07:00" endTime="2015-09-28T09:46:03.3651064-07:00" testType="13cdc9d9-ddb5-4fa4-a97d-d965ccfc6d4b" outcome="Passed" testListId="8c84fa94-04c1-424b-9868-57a2d4851a1d" relativeResultsDirectory="d93a1555-432d-4dab-8476-41e99f4d9007" />
    <UnitTestResult executionId="6e3251c6-9c40-44f2-8ec1-7daa4c807782" testId="b570a0e3-538d-47e6-b818-4bd8b5aa355d" testName="TFSTests.TeamMembers TeamMembers - Add Team Members - No Members" computerName="TFSBUILD11" duration="00:00:00.0160000" startTime="2015-09-28T09:46:03.3651064-07:00" endTime="2015-09-28T09:46:03.3651064-07:00" testType="13cdc9d9-ddb5-4fa4-a97d-d965ccfc6d4b" outcome="Passed" testListId="8c84fa94-04c1-424b-9868-57a2d4851a1d" relativeResultsDirectory="6e3251c6-9c40-44f2-8ec1-7daa4c807782" />
    <UnitTestResult executionId="fa138a49-7aae-4479-86a0-d1cd3f6d8d65" testId="12cd5879-b9c9-44e2-9085-2df1d3288f4e" testName="TFSTests.TeamMembers TeamMembers - Update Team Member Count In Title Bar - Shown is Less Than Total" computerName="TFSBUILD11" duration="00:00:00.0160000" startTime="2015-09-28T09:46:03.3651064-07:00" endTime="2015-09-28T09:46:03.3651064-07:00" testType="13cdc9d9-ddb5-4fa4-a97d-d965ccfc6d4b" outcome="Passed" testListId="8c84fa94-04c1-424b-9868-57a2d4851a1d" relativeResultsDirectory="fa138a49-7aae-4479-86a0-d1cd3f6d8d65" />
    <UnitTestResult executionId="ddf874ec-85e0-46b6-8052-a829ddeec683" testId="239b1df4-2aea-4cd9-8bff-f6061d714de4" testName="TFSTests.TeamMembers TeamMembers - Update Team Member Count In Title Bar - Total is Greater Than 100" computerName="TFSBUILD11" duration="00:00:00.0160000" startTime="2015-09-28T09:46:03.3651064-07:00" endTime="2015-09-28T09:46:03.3651064-07:00" testType="13cdc9d9-ddb5-4fa4-a97d-d965ccfc6d4b" outcome="Passed" testListId="8c84fa94-04c1-424b-9868-57a2d4851a1d" relativeResultsDirectory="ddf874ec-85e0-46b6-8052-a829ddeec683" />
    <UnitTestResult executionId="19c9cd6b-ee46-4e5b-802c-b70d0d201f44" testId="899fe7dd-a1a1-4dc1-9c2e-546bd8b55c0e" testName="TFSTests.TeamMembers TeamMembers - Update Team Member Count In Title Bar - Shown Equals Total" computerName="TFSBUILD11" duration="00:00:00.0170000" startTime="2015-09-28T09:46:03.5184514-07:00" endTime="2015-09-28T09:46:03.5184514-07:00" testType="13cdc9d9-ddb5-4fa4-a97d-d965ccfc6d4b" outcome="Passed" testListId="8c84fa94-04c1-424b-9868-57a2d4851a1d" relativeResultsDirectory="19c9cd6b-ee46-4e5b-802c-b70d0d201f44" />
    <UnitTestResult executionId="b16e2db3-601e-4abb-a541-673c7cc5d2f5" testId="ea58c4b5-f8df-4b59-9202-aeb8b4f4cc89" testName="TFSTests.TeamMembers TeamMembers - Update Team Member Count In Title Bar - Shown is More Than Total" computerName="TFSBUILD11" duration="00:00:00.0160000" startTime="2015-09-28T09:46:03.5184514-07:00" endTime="2015-09-28T09:46:03.5184514-07:00" testType="13cdc9d9-ddb5-4fa4-a97d-d965ccfc6d4b" outcome="Passed" testListId="8c84fa94-04c1-424b-9868-57a2d4851a1d" relativeResultsDirectory="b16e2db3-601e-4abb-a541-673c7cc5d2f5" />
    <UnitTestResult executionId="e941e78b-f6ef-4c96-b107-084132c9b5ca" testId="d1bd59c6-66ca-4c72-983f-bb02eb61f079" testName="TFSTests.TeamMembers TeamMembers - Create Member Element - Creates Expected Elements" computerName="TFSBUILD11" duration="00:00:00.0170000" startTime="2015-09-28T09:46:03.5184514-07:00" endTime="2015-09-28T09:46:03.5184514-07:00" testType="13cdc9d9-ddb5-4fa4-a97d-d965ccfc6d4b" outcome="Passed" testListId="8c84fa94-04c1-424b-9868-57a2d4851a1d" relativeResultsDirectory="e941e78b-f6ef-4c96-b107-084132c9b5ca" />
    <UnitTestResult executionId="6ee5b5b2-b321-4b61-9466-d49fb0e605e1" testId="7ad6a64d-9c4e-427e-8e7a-a9206e1b31cd" testName="TFSTests.TeamMembers TeamMembers - Get Member Image URL - Returns expected URL" computerName="TFSBUILD11" duration="00:00:00.0140000" startTime="2015-09-28T09:46:03.5184514-07:00" endTime="2015-09-28T09:46:03.5184514-07:00" testType="13cdc9d9-ddb5-4fa4-a97d-d965ccfc6d4b" outcome="Passed" testListId="8c84fa94-04c1-424b-9868-57a2d4851a1d" relativeResultsDirectory="6ee5b5b2-b321-4b61-9466-d49fb0e605e1" />
    <UnitTestResult executionId="0fbd615f-10be-4551-a5af-9e57c381d657" testId="ee9e40ac-a7f9-4786-b05d-ec45d4e2d71a" testName="TFSTests.TeamRoom TeamRoom Widget - get team room url" computerName="TFSBUILD11" duration="00:00:00.0140000" startTime="2015-09-28T09:46:03.5194521-07:00" endTime="2015-09-28T09:46:03.5194521-07:00" testType="13cdc9d9-ddb5-4fa4-a97d-d965ccfc6d4b" outcome="Passed" testListId="8c84fa94-04c1-424b-9868-57a2d4851a1d" relativeResultsDirectory="0fbd615f-10be-4551-a5af-9e57c381d657" />
    <UnitTestResult executionId="4db5de35-e951-4697-9733-a072c8fd269b" testId="d397c007-9c3e-48be-a04a-965914831151" testName="TFSTests.TricolorBarControl TricolorBarControl - default" computerName="TFSBUILD11" duration="00:00:00.0200000" startTime="2015-09-28T09:46:03.5194521-07:00" endTime="2015-09-28T09:46:03.5194521-07:00" testType="13cdc9d9-ddb5-4fa4-a97d-d965ccfc6d4b" outcome="Passed" testListId="8c84fa94-04c1-424b-9868-57a2d4851a1d" relativeResultsDirectory="4db5de35-e951-4697-9733-a072c8fd269b" />
    <UnitTestResult executionId="f8d34a0d-3eeb-4030-bea0-bc5653b8bf76" testId="e70a4c5f-2dc6-4d1c-928a-1ceecd39b210" testName="TFSTests.TricolorBarControl TricolorBarControl - one section zero" computerName="TFSBUILD11" duration="00:00:00.0180000" startTime="2015-09-28T09:46:03.5194521-07:00" endTime="2015-09-28T09:46:03.5194521-07:00" testType="13cdc9d9-ddb5-4fa4-a97d-d965ccfc6d4b" outcome="Passed" testListId="8c84fa94-04c1-424b-9868-57a2d4851a1d" relativeResultsDirectory="f8d34a0d-3eeb-4030-bea0-bc5653b8bf76" />
    <UnitTestResult executionId="44dee28d-9fa1-405b-901b-e24f4796ca1a" testId="7ffa92e6-0f7b-473a-a15b-ea1bd1dee842" testName="TFSTests.TricolorBarControl TricolorBarControl - two sections zero" computerName="TFSBUILD11" duration="00:00:00.0210000" startTime="2015-09-28T09:46:03.5194521-07:00" endTime="2015-09-28T09:46:03.5194521-07:00" testType="13cdc9d9-ddb5-4fa4-a97d-d965ccfc6d4b" outcome="Passed" testListId="8c84fa94-04c1-424b-9868-57a2d4851a1d" relativeResultsDirectory="44dee28d-9fa1-405b-901b-e24f4796ca1a" />
    <UnitTestResult executionId="864fe85b-9d84-4efd-b8e4-93e3ccc03de6" testId="5a4bae11-d5ca-47bc-8fc3-b38acd529ddd" testName="TFSTests.WidgetLiveTitleTests WidgetLiveTitleViewer - CurrentWidget name win cases" computerName="TFSBUILD11" duration="00:00:00.0140000" startTime="2015-09-28T09:46:03.5194521-07:00" endTime="2015-09-28T09:46:03.5194521-07:00" testType="13cdc9d9-ddb5-4fa4-a97d-d965ccfc6d4b" outcome="Passed" testListId="8c84fa94-04c1-424b-9868-57a2d4851a1d" relativeResultsDirectory="864fe85b-9d84-4efd-b8e4-93e3ccc03de6" />
    <UnitTestResult executionId="d53b33b5-65c8-428d-b41f-3e2cb89907ed" testId="5ca7c5c1-0adf-41a5-9fc0-6f2a26c08302" testName="TFSTests.WidgetLiveTitleTests WidgetLiveTitleViewer - CurrentArtifactName win cases" computerName="TFSBUILD11" duration="00:00:00.0140000" startTime="2015-09-28T09:46:03.6625091-07:00" endTime="2015-09-28T09:46:03.6625091-07:00" testType="13cdc9d9-ddb5-4fa4-a97d-d965ccfc6d4b" outcome="Passed" testListId="8c84fa94-04c1-424b-9868-57a2d4851a1d" relativeResultsDirectory="d53b33b5-65c8-428d-b41f-3e2cb89907ed" />
    <UnitTestResult executionId="8bbc2a12-798e-4273-8156-49c4d78dba52" testId="3edc2cce-7abb-4070-8a48-2c3483d82a19" testName="TFSTests.WidgetLiveTitleTests WidgetLiveTitleEditor - Core Flow" computerName="TFSBUILD11" duration="00:00:00.0160000" startTime="2015-09-28T09:46:03.6625091-07:00" endTime="2015-09-28T09:46:03.6625091-07:00" testType="13cdc9d9-ddb5-4fa4-a97d-d965ccfc6d4b" outcome="Passed" testListId="8c84fa94-04c1-424b-9868-57a2d4851a1d" relativeResultsDirectory="8bbc2a12-798e-4273-8156-49c4d78dba52" />
    <UnitTestResult executionId="fbddbc7b-72f5-41e0-9607-3570224a7666" testId="512eae0d-9113-41d6-8748-d4ca7759f081" testName="TFSTests.WidgetLiveTitleTests WidgetLiveTitleEditor - Start unconfigured, and clear, and attach" computerName="TFSBUILD11" duration="00:00:00.0150000" startTime="2015-09-28T09:46:03.6625091-07:00" endTime="2015-09-28T09:46:03.6625091-07:00" testType="13cdc9d9-ddb5-4fa4-a97d-d965ccfc6d4b" outcome="Passed" testListId="8c84fa94-04c1-424b-9868-57a2d4851a1d" relativeResultsDirectory="fbddbc7b-72f5-41e0-9607-3570224a7666" />
    <UnitTestResult executionId="3befe81e-6359-442a-a0a2-13948508a8a1" testId="e85b6c28-95b5-439d-b65d-3d75ffe0fded" testName="TFSTests.WitCharts WitChart - Constructor Null Option" computerName="TFSBUILD11" duration="00:00:00.0150000" startTime="2015-09-28T09:46:03.6635095-07:00" endTime="2015-09-28T09:46:03.6635095-07:00" testType="13cdc9d9-ddb5-4fa4-a97d-d965ccfc6d4b" outcome="Passed" testListId="8c84fa94-04c1-424b-9868-57a2d4851a1d" relativeResultsDirectory="3befe81e-6359-442a-a0a2-13948508a8a1" />
    <UnitTestResult executionId="2be18fdc-2c7f-4767-9cd8-fdf08498fc83" testId="7bb6e4ea-ce05-4188-9014-3a07b7527386" testName="TFSTests.WitCharts WitChart - Constructor With Option" computerName="TFSBUILD11" duration="00:00:00.0140000" startTime="2015-09-28T09:46:03.6635095-07:00" endTime="2015-09-28T09:46:03.6635095-07:00" testType="13cdc9d9-ddb5-4fa4-a97d-d965ccfc6d4b" outcome="Passed" testListId="8c84fa94-04c1-424b-9868-57a2d4851a1d" relativeResultsDirectory="2be18fdc-2c7f-4767-9cd8-fdf08498fc83" />
    <UnitTestResult executionId="5487617c-8e27-4543-8450-c39a8a0b7184" testId="1f6335ea-9624-4abf-8195-577f50f96a7a" testName="TFSTests.WitCharts WitChart - getUrlForClickingAction When Options not defined" computerName="TFSBUILD11" duration="00:00:00.0150000" startTime="2015-09-28T09:46:03.6635095-07:00" endTime="2015-09-28T09:46:03.6635095-07:00" testType="13cdc9d9-ddb5-4fa4-a97d-d965ccfc6d4b" outcome="Passed" testListId="8c84fa94-04c1-424b-9868-57a2d4851a1d" relativeResultsDirectory="5487617c-8e27-4543-8450-c39a8a0b7184" />
    <UnitTestResult executionId="f13906f2-59bc-43d8-9052-97c61c543f9a" testId="0889913c-ff78-4c2e-8045-b2d44a6584b9" testName="TFSTests.WitCharts WitChart - getUrlForClickingAction When Options Empty Url" computerName="TFSBUILD11" duration="00:00:00.0150000" startTime="2015-09-28T09:46:03.6635095-07:00" endTime="2015-09-28T09:46:03.6635095-07:00" testType="13cdc9d9-ddb5-4fa4-a97d-d965ccfc6d4b" outcome="Passed" testListId="8c84fa94-04c1-424b-9868-57a2d4851a1d" relativeResultsDirectory="f13906f2-59bc-43d8-9052-97c61c543f9a" />
    <UnitTestResult executionId="f20def94-df0a-4de7-a58e-abe99cee68f4" testId="96dfe28c-8560-4306-bfff-0e7db94c6767" testName="TFSTests.WorkLinks Work Links: Render, Flag On" computerName="TFSBUILD11" duration="00:00:00.0200000" startTime="2015-09-28T09:46:03.6635095-07:00" endTime="2015-09-28T09:46:03.6635095-07:00" testType="13cdc9d9-ddb5-4fa4-a97d-d965ccfc6d4b" outcome="Passed" testListId="8c84fa94-04c1-424b-9868-57a2d4851a1d" relativeResultsDirectory="f20def94-df0a-4de7-a58e-abe99cee68f4" />
    <UnitTestResult executionId="15ff88ef-0742-4b9a-9b51-e1218f6d658f" testId="56b8a7dc-9089-4082-b5dc-c92a0ac2c876" testName="TFSTests.WorkLinks Work Links: Click" computerName="TFSBUILD11" duration="00:00:00.0180000" startTime="2015-09-28T09:46:03.6635095-07:00" endTime="2015-09-28T09:46:03.6635095-07:00" testType="13cdc9d9-ddb5-4fa4-a97d-d965ccfc6d4b" outcome="Passed" testListId="8c84fa94-04c1-424b-9868-57a2d4851a1d" relativeResultsDirectory="15ff88ef-0742-4b9a-9b51-e1218f6d658f" />
    <UnitTestResult executionId="f219b3a2-c8ef-4a27-8f6f-c324ddda08a6" testId="ff4c4f10-95ce-4ccc-aa88-0ae3e0ff4d08" testName="TFSTests.WorkLinks Work Links - Notify" computerName="TFSBUILD11" duration="00:00:00.0150000" startTime="2015-09-28T09:46:03.8023921-07:00" endTime="2015-09-28T09:46:03.8023921-07:00" testType="13cdc9d9-ddb5-4fa4-a97d-d965ccfc6d4b" outcome="Passed" testListId="8c84fa94-04c1-424b-9868-57a2d4851a1d" relativeResultsDirectory="f219b3a2-c8ef-4a27-8f6f-c324ddda08a6" />
    <UnitTestResult executionId="af1b2b96-1ea3-4efc-9c23-dcd7e6258e32" testId="5b2a43d7-8adc-48d0-9390-302545b12d76" testName="TFSTests.WorkLinks Work Links: Render, Flag Off" computerName="TFSBUILD11" duration="00:00:00.0200000" startTime="2015-09-28T09:46:03.8023921-07:00" endTime="2015-09-28T09:46:03.8023921-07:00" testType="13cdc9d9-ddb5-4fa4-a97d-d965ccfc6d4b" outcome="Passed" testListId="8c84fa94-04c1-424b-9868-57a2d4851a1d" relativeResultsDirectory="af1b2b96-1ea3-4efc-9c23-dcd7e6258e32" />
    <UnitTestResult executionId="8e584520-2d8d-4b1e-9be6-b0c2f8530677" testId="5ad69f10-4a7e-49e3-a8f0-717f65a347f1" testName="TFSTests.QueryScalar QueryScalar - getQueryResultFromResponse when count data is valid json" computerName="TFSBUILD11" duration="00:00:00.0150000" startTime="2015-09-28T09:46:03.8023921-07:00" endTime="2015-09-28T09:46:03.8023921-07:00" testType="13cdc9d9-ddb5-4fa4-a97d-d965ccfc6d4b" outcome="Passed" testListId="8c84fa94-04c1-424b-9868-57a2d4851a1d" relativeResultsDirectory="8e584520-2d8d-4b1e-9be6-b0c2f8530677" />
    <UnitTestResult executionId="dc1c1625-e972-4439-af93-5be17f7fa943" testId="d6f17800-f645-48a4-aaa1-4c2b4ce944f0" testName="TFSTests.QueryScalar QueryScalar - getQueryResultFromResponse when count data is invalid json" computerName="TFSBUILD11" duration="00:00:00.0150000" startTime="2015-09-28T09:46:03.8023921-07:00" endTime="2015-09-28T09:46:03.8023921-07:00" testType="13cdc9d9-ddb5-4fa4-a97d-d965ccfc6d4b" outcome="Passed" testListId="8c84fa94-04c1-424b-9868-57a2d4851a1d" relativeResultsDirectory="dc1c1625-e972-4439-af93-5be17f7fa943" />
    <UnitTestResult executionId="db132744-1e7b-4cea-aabb-fed8083c3525" testId="f9ff9c05-aa34-4aaf-8cee-2bd941b3c291" testName="TFSTests.QueryScalar QueryScalar - getQueryResultFromResponse when count data is not a json" computerName="TFSBUILD11" duration="00:00:00.0150000" startTime="2015-09-28T09:46:03.8023921-07:00" endTime="2015-09-28T09:46:03.8023921-07:00" testType="13cdc9d9-ddb5-4fa4-a97d-d965ccfc6d4b" outcome="Passed" testListId="8c84fa94-04c1-424b-9868-57a2d4851a1d" relativeResultsDirectory="db132744-1e7b-4cea-aabb-fed8083c3525" />
    <UnitTestResult executionId="3c404bc4-cfbe-4067-a521-4879bd04e487" testId="db4af836-7c5a-4b1c-b8ed-b8f9f2240dfd" testName="TFSTests.QueryScalar QueryScalar - loadScalarWidget - Calls getBackgroundColor with the non-null value returned by getBackgroundColor" computerName="TFSBUILD11" duration="00:00:00.0150000" startTime="2015-09-28T09:46:03.8033919-07:00" endTime="2015-09-28T09:46:03.8033919-07:00" testType="13cdc9d9-ddb5-4fa4-a97d-d965ccfc6d4b" outcome="Passed" testListId="8c84fa94-04c1-424b-9868-57a2d4851a1d" relativeResultsDirectory="3c404bc4-cfbe-4067-a521-4879bd04e487" />
    <UnitTestResult executionId="de345a77-bc58-4bfc-876f-39e990b1cbe2" testId="c89de7bd-05d5-4eaa-94fe-14ec27be92ce" testName="TFSTests.QueryScalar ColorRuleInterpreter - isRuleValidAndEnabled - Returns false for null rule" computerName="TFSBUILD11" duration="00:00:00.0150000" startTime="2015-09-28T09:46:03.8033919-07:00" endTime="2015-09-28T09:46:03.8033919-07:00" testType="13cdc9d9-ddb5-4fa4-a97d-d965ccfc6d4b" outcome="Passed" testListId="8c84fa94-04c1-424b-9868-57a2d4851a1d" relativeResultsDirectory="de345a77-bc58-4bfc-876f-39e990b1cbe2" />
    <UnitTestResult executionId="2f748489-3e6e-4da2-a298-de44a2f1a48c" testId="c720a98c-467e-4bfb-b845-9ecc9dd70488" testName="TFSTests.QueryScalar ColorRuleInterpreter - isRuleValidAndEnabled - Returns false for disabled rule" computerName="TFSBUILD11" duration="00:00:00.0140000" startTime="2015-09-28T09:46:03.8033919-07:00" endTime="2015-09-28T09:46:03.8033919-07:00" testType="13cdc9d9-ddb5-4fa4-a97d-d965ccfc6d4b" outcome="Passed" testListId="8c84fa94-04c1-424b-9868-57a2d4851a1d" relativeResultsDirectory="2f748489-3e6e-4da2-a298-de44a2f1a48c" />
    <UnitTestResult executionId="8ddb4a0f-5a94-4972-b1fc-a59f70ca5891" testId="ff1801e7-7f1f-4ba6-8f99-e9270f9af552" testName="TFSTests.QueryScalar ColorRuleInterpreter - isRuleValidAndEnabled - Returns false for enabled rule with null thresholdCount" computerName="TFSBUILD11" duration="00:00:00.0150000" startTime="2015-09-28T09:46:03.8033919-07:00" endTime="2015-09-28T09:46:03.8033919-07:00" testType="13cdc9d9-ddb5-4fa4-a97d-d965ccfc6d4b" outcome="Passed" testListId="8c84fa94-04c1-424b-9868-57a2d4851a1d" relativeResultsDirectory="8ddb4a0f-5a94-4972-b1fc-a59f70ca5891" />
    <UnitTestResult executionId="b31d6f8a-7086-4a2e-acf1-09725dea5fc3" testId="25e6276d-1f67-4dd4-bbf6-51f1c3a72c6b" testName="TFSTests.QueryScalar ColorRuleInterpreter - isRuleValidAndEnabled - Returns false for enabled rule with invalid operator" computerName="TFSBUILD11" duration="00:00:00.0140000" startTime="2015-09-28T09:46:03.9353075-07:00" endTime="2015-09-28T09:46:03.9353075-07:00" testType="13cdc9d9-ddb5-4fa4-a97d-d965ccfc6d4b" outcome="Passed" testListId="8c84fa94-04c1-424b-9868-57a2d4851a1d" relativeResultsDirectory="b31d6f8a-7086-4a2e-acf1-09725dea5fc3" />
    <UnitTestResult executionId="71286150-1521-405c-8751-a30e623171cf" testId="4ca0de7e-e8f6-4c52-a7d7-a7342d8fa0c8" testName="TFSTests.QueryScalar ColorRuleInterpreter - isRuleValidAndEnabled - Returns false for enabled rule with invalid backgroundColor" computerName="TFSBUILD11" duration="00:00:00.0140000" startTime="2015-09-28T09:46:03.9363079-07:00" endTime="2015-09-28T09:46:03.9363079-07:00" testType="13cdc9d9-ddb5-4fa4-a97d-d965ccfc6d4b" outcome="Passed" testListId="8c84fa94-04c1-424b-9868-57a2d4851a1d" relativeResultsDirectory="71286150-1521-405c-8751-a30e623171cf" />
    <UnitTestResult executionId="47d011ce-cf59-495c-95a3-de06cbb240d8" testId="41f151ea-6a9a-4fe7-9cee-d6392ea65892" testName="TFSTests.QueryScalar ColorRuleInterpreter - isRuleValidAndEnabled - Returns true for enabled rule with valid properties" computerName="TFSBUILD11" duration="00:00:00.0150000" startTime="2015-09-28T09:46:03.9363079-07:00" endTime="2015-09-28T09:46:03.9363079-07:00" testType="13cdc9d9-ddb5-4fa4-a97d-d965ccfc6d4b" outcome="Passed" testListId="8c84fa94-04c1-424b-9868-57a2d4851a1d" relativeResultsDirectory="47d011ce-cf59-495c-95a3-de06cbb240d8" />
    <UnitTestResult executionId="ab464a4b-c89d-4386-b1b0-96da144026a9" testId="7378afc4-78c7-4ab4-94fd-ad04f92ab326" testName="TFSTests.QueryScalar ColorRuleInterpreter - isRuleSatisfied - Returns false when isRuleValidAndEnabled returns false" computerName="TFSBUILD11" duration="00:00:00.0140000" startTime="2015-09-28T09:46:03.9363079-07:00" endTime="2015-09-28T09:46:03.9363079-07:00" testType="13cdc9d9-ddb5-4fa4-a97d-d965ccfc6d4b" outcome="Passed" testListId="8c84fa94-04c1-424b-9868-57a2d4851a1d" relativeResultsDirectory="ab464a4b-c89d-4386-b1b0-96da144026a9" />
    <UnitTestResult executionId="0bbc2c19-9f9a-4ec9-a404-1b24fc7cc8ec" testId="12350e51-b3b4-48cb-898b-10c411f395db" testName="TFSTests.QueryScalar ColorRuleInterpreter - isRuleSatisfied - Returns false for null result count" computerName="TFSBUILD11" duration="00:00:00.0140000" startTime="2015-09-28T09:46:03.9363079-07:00" endTime="2015-09-28T09:46:03.9363079-07:00" testType="13cdc9d9-ddb5-4fa4-a97d-d965ccfc6d4b" outcome="Passed" testListId="8c84fa94-04c1-424b-9868-57a2d4851a1d" relativeResultsDirectory="0bbc2c19-9f9a-4ec9-a404-1b24fc7cc8ec" />
    <UnitTestResult executionId="7a3c0db9-ee3d-415c-a351-5dce65ae7b9b" testId="b195e7c6-ac2c-466e-9c40-aa7b787c2880" testName="TFSTests.QueryScalar ColorRuleInterpreter - isRuleSatisfied - Returns expected value for evaluated equal-to expression" computerName="TFSBUILD11" duration="00:00:00.0140000" startTime="2015-09-28T09:46:03.9363079-07:00" endTime="2015-09-28T09:46:03.9363079-07:00" testType="13cdc9d9-ddb5-4fa4-a97d-d965ccfc6d4b" outcome="Passed" testListId="8c84fa94-04c1-424b-9868-57a2d4851a1d" relativeResultsDirectory="7a3c0db9-ee3d-415c-a351-5dce65ae7b9b" />
    <UnitTestResult executionId="f4016855-9f6b-40b7-8f4c-a4442b4be3c9" testId="6020f255-16ed-408d-82d3-ed7fb471922a" testName="TFSTests.QueryScalar ColorRuleInterpreter - isRuleSatisfied - Returns expected value for evaluated not-equal-to expression" computerName="TFSBUILD11" duration="00:00:00.0160000" startTime="2015-09-28T09:46:03.9363079-07:00" endTime="2015-09-28T09:46:03.9363079-07:00" testType="13cdc9d9-ddb5-4fa4-a97d-d965ccfc6d4b" outcome="Passed" testListId="8c84fa94-04c1-424b-9868-57a2d4851a1d" relativeResultsDirectory="f4016855-9f6b-40b7-8f4c-a4442b4be3c9" />
    <UnitTestResult executionId="95a5f7b0-1b9e-4707-a2de-9c8d6ca2561f" testId="d679c74e-49a9-4ab9-9ea5-e91e68a9f8fb" testName="TFSTests.QueryScalar ColorRuleInterpreter - setBackgroundColor - Returns null when the rules array is null" computerName="TFSBUILD11" duration="00:00:00.0140000" startTime="2015-09-28T09:46:03.9363079-07:00" endTime="2015-09-28T09:46:03.9363079-07:00" testType="13cdc9d9-ddb5-4fa4-a97d-d965ccfc6d4b" outcome="Passed" testListId="8c84fa94-04c1-424b-9868-57a2d4851a1d" relativeResultsDirectory="95a5f7b0-1b9e-4707-a2de-9c8d6ca2561f" />
    <UnitTestResult executionId="313af549-d9be-4e1d-9317-70ef95fc41e6" testId="47c84df9-8a6c-454d-bc5b-e108ab720b75" testName="TFSTests.QueryScalar ColorRuleInterpreter - setBackgroundColor - Returns null when the results count is null" computerName="TFSBUILD11" duration="00:00:00.0140000" startTime="2015-09-28T09:46:03.9363079-07:00" endTime="2015-09-28T09:46:03.9363079-07:00" testType="13cdc9d9-ddb5-4fa4-a97d-d965ccfc6d4b" outcome="Passed" testListId="8c84fa94-04c1-424b-9868-57a2d4851a1d" relativeResultsDirectory="313af549-d9be-4e1d-9317-70ef95fc41e6" />
    <UnitTestResult executionId="1ea24134-8748-44b8-b23d-161da4e10d61" testId="0eb1fea9-9cea-4b60-9337-7792b1a4eec0" testName="TFSTests.QueryScalar ColorRuleInterpreter - setBackgroundColor - Returns null when there are no rules" computerName="TFSBUILD11" duration="00:00:00.0140000" startTime="2015-09-28T09:46:04.0718465-07:00" endTime="2015-09-28T09:46:04.0718465-07:00" testType="13cdc9d9-ddb5-4fa4-a97d-d965ccfc6d4b" outcome="Passed" testListId="8c84fa94-04c1-424b-9868-57a2d4851a1d" relativeResultsDirectory="1ea24134-8748-44b8-b23d-161da4e10d61" />
    <UnitTestResult executionId="902b0506-4739-46f3-b7db-edf5d6e8f459" testId="88af652c-cc2f-46d1-a69a-9447455a4337" testName="TFSTests.QueryScalar ColorRuleInterpreter - setBackgroundColor - Returns null when no rules are enabled" computerName="TFSBUILD11" duration="00:00:00.0140000" startTime="2015-09-28T09:46:04.0718465-07:00" endTime="2015-09-28T09:46:04.0718465-07:00" testType="13cdc9d9-ddb5-4fa4-a97d-d965ccfc6d4b" outcome="Passed" testListId="8c84fa94-04c1-424b-9868-57a2d4851a1d" relativeResultsDirectory="902b0506-4739-46f3-b7db-edf5d6e8f459" />
    <UnitTestResult executionId="10392ae9-a90a-4891-a477-13a7200779e0" testId="6394ae04-d795-4783-b121-0ab742ff896a" testName="TFSTests.QueryScalar ColorRuleInterpreter - setBackgroundColor - Returns null when no rules are matched" computerName="TFSBUILD11" duration="00:00:00.0150000" startTime="2015-09-28T09:46:04.0718465-07:00" endTime="2015-09-28T09:46:04.0718465-07:00" testType="13cdc9d9-ddb5-4fa4-a97d-d965ccfc6d4b" outcome="Passed" testListId="8c84fa94-04c1-424b-9868-57a2d4851a1d" relativeResultsDirectory="10392ae9-a90a-4891-a477-13a7200779e0" />
    <UnitTestResult executionId="14c14fa2-7e36-4a4a-81d6-bea3eba6c612" testId="599b85a1-ac8e-4605-a257-55dcb7c32457" testName="TFSTests.QueryScalar ColorRuleInterpreter - setBackgroundColor - Uses rule color when a single rule is matched" computerName="TFSBUILD11" duration="00:00:00.0140000" startTime="2015-09-28T09:46:04.0718465-07:00" endTime="2015-09-28T09:46:04.0718465-07:00" testType="13cdc9d9-ddb5-4fa4-a97d-d965ccfc6d4b" outcome="Passed" testListId="8c84fa94-04c1-424b-9868-57a2d4851a1d" relativeResultsDirectory="14c14fa2-7e36-4a4a-81d6-bea3eba6c612" />
    <UnitTestResult executionId="544a6900-c880-42db-9e03-d88c469a143c" testId="f3f5e66c-6545-4f25-9fc2-db6aad565fe3" testName="TFSTests.QueryScalar ColorRuleInterpreter - setBackgroundColor - Uses last rule color when multiple rules are matched" computerName="TFSBUILD11" duration="00:00:00.0150000" startTime="2015-09-28T09:46:04.0718465-07:00" endTime="2015-09-28T09:46:04.0718465-07:00" testType="13cdc9d9-ddb5-4fa4-a97d-d965ccfc6d4b" outcome="Passed" testListId="8c84fa94-04c1-424b-9868-57a2d4851a1d" relativeResultsDirectory="544a6900-c880-42db-9e03-d88c469a143c" />
    <UnitTestResult executionId="a4fcae76-575c-4abf-bedc-b6f7ba788195" testId="cbb44c92-9d2b-4bae-a010-c4eb61cf93f1" testName="TFSTests.Markdown Markdown Widget - Initialize sets refreshCallBack" computerName="TFSBUILD11" duration="00:00:00.0160000" startTime="2015-09-28T09:46:04.0718465-07:00" endTime="2015-09-28T09:46:04.0718465-07:00" testType="13cdc9d9-ddb5-4fa4-a97d-d965ccfc6d4b" outcome="Passed" testListId="8c84fa94-04c1-424b-9868-57a2d4851a1d" relativeResultsDirectory="a4fcae76-575c-4abf-bedc-b6f7ba788195" />
    <UnitTestResult executionId="2bdbf5b7-3a3c-46fc-8a1f-e0e3bf0b96ef" testId="7ad90c8b-9564-4ba9-a49a-ab2d116e5274" testName="TFSTests.Markdown Markdown Widget - refreshCallBack calls refreshSettings" computerName="TFSBUILD11" duration="00:00:00.0150000" startTime="2015-09-28T09:46:04.0718465-07:00" endTime="2015-09-28T09:46:04.0718465-07:00" testType="13cdc9d9-ddb5-4fa4-a97d-d965ccfc6d4b" outcome="Passed" testListId="8c84fa94-04c1-424b-9868-57a2d4851a1d" relativeResultsDirectory="2bdbf5b7-3a3c-46fc-8a1f-e0e3bf0b96ef" />
    <UnitTestResult executionId="b23ed444-f36d-4bee-99ef-5b0ae24344c7" testId="1ea76269-b914-48c8-8f37-7d9baa090cc5" testName="TFSTests.Markdown Markdown Widget - Initialize calls getRendererForMimeType" computerName="TFSBUILD11" duration="00:00:00.0150000" startTime="2015-09-28T09:46:04.0718465-07:00" endTime="2015-09-28T09:46:04.0718465-07:00" testType="13cdc9d9-ddb5-4fa4-a97d-d965ccfc6d4b" outcome="Passed" testListId="8c84fa94-04c1-424b-9868-57a2d4851a1d" relativeResultsDirectory="b23ed444-f36d-4bee-99ef-5b0ae24344c7" />
    <UnitTestResult executionId="b8dbea88-802c-4795-8e73-f4751b48d11b" testId="19a39008-dcac-42ca-89aa-f0ff567e9e99" testName="TFSTests.Markdown Markdown Widget - getRendererForMimeType success sets markdownContentRenderer" computerName="TFSBUILD11" duration="00:00:00.0150000" startTime="2015-09-28T09:46:04.0718465-07:00" endTime="2015-09-28T09:46:04.0718465-07:00" testType="13cdc9d9-ddb5-4fa4-a97d-d965ccfc6d4b" outcome="Passed" testListId="8c84fa94-04c1-424b-9868-57a2d4851a1d" relativeResultsDirectory="b8dbea88-802c-4795-8e73-f4751b48d11b" />
    <UnitTestResult executionId="81ae6df4-599e-4b28-b0a8-5f6d0d6da917" testId="16675930-25b0-47fc-b7f1-2e247a0ff0c7" testName="TFSTests.Markdown Markdown Widget - getRendererForMimeType success sets markdownContentRenderer" computerName="TFSBUILD11" duration="00:00:00.0150000" startTime="2015-09-28T09:46:04.2112399-07:00" endTime="2015-09-28T09:46:04.2112399-07:00" testType="13cdc9d9-ddb5-4fa4-a97d-d965ccfc6d4b" outcome="Passed" testListId="8c84fa94-04c1-424b-9868-57a2d4851a1d" relativeResultsDirectory="81ae6df4-599e-4b28-b0a8-5f6d0d6da917" />
    <UnitTestResult executionId="d6d97018-733b-41e2-967c-d86fb7f0a60a" testId="718c1a7f-2486-4147-85ac-a17f1210b459" testName="TFSTests.Markdown Markdown Widget - getRendererForMimeType success calls render" computerName="TFSBUILD11" duration="00:00:00.0150000" startTime="2015-09-28T09:46:04.2112399-07:00" endTime="2015-09-28T09:46:04.2112399-07:00" testType="13cdc9d9-ddb5-4fa4-a97d-d965ccfc6d4b" outcome="Passed" testListId="8c84fa94-04c1-424b-9868-57a2d4851a1d" relativeResultsDirectory="d6d97018-733b-41e2-967c-d86fb7f0a60a" />
    <UnitTestResult executionId="34956493-923d-4215-982d-8264d99663b2" testId="b87304fa-af91-4325-96e8-0eef8ff873e4" testName="TFSTests.Markdown Markdown Widget - getRendererForMimeType success calls widgetContext.notifyLoadSucceeded" computerName="TFSBUILD11" duration="00:00:00.0150000" startTime="2015-09-28T09:46:04.2112399-07:00" endTime="2015-09-28T09:46:04.2112399-07:00" testType="13cdc9d9-ddb5-4fa4-a97d-d965ccfc6d4b" outcome="Passed" testListId="8c84fa94-04c1-424b-9868-57a2d4851a1d" relativeResultsDirectory="34956493-923d-4215-982d-8264d99663b2" />
    <UnitTestResult executionId="dd686c96-3a90-4cd8-adc0-4fc291332789" testId="961f8d9c-ada4-4e0a-a654-08ef66744d7a" testName="TFSTests.Markdown Markdown Widget - getRendererForMimeType failure calls widgetContext.notifyLoadFailed" computerName="TFSBUILD11" duration="00:00:00.0150000" startTime="2015-09-28T09:46:04.2122406-07:00" endTime="2015-09-28T09:46:04.2122406-07:00" testType="13cdc9d9-ddb5-4fa4-a97d-d965ccfc6d4b" outcome="Passed" testListId="8c84fa94-04c1-424b-9868-57a2d4851a1d" relativeResultsDirectory="dd686c96-3a90-4cd8-adc0-4fc291332789" />
    <UnitTestResult executionId="fb6626f0-eddc-41e2-875e-efe31ac97ac6" testId="9b0ae832-9d2e-4103-be50-c86bdb21d160" testName="TFSTests.Markdown Markdown Widget - refreshSettings calls render" computerName="TFSBUILD11" duration="00:00:00.0150000" startTime="2015-09-28T09:46:04.2122406-07:00" endTime="2015-09-28T09:46:04.2122406-07:00" testType="13cdc9d9-ddb5-4fa4-a97d-d965ccfc6d4b" outcome="Passed" testListId="8c84fa94-04c1-424b-9868-57a2d4851a1d" relativeResultsDirectory="fb6626f0-eddc-41e2-875e-efe31ac97ac6" />
    <UnitTestResult executionId="13e330c8-c621-4e49-bbcb-64825778d058" testId="b7078923-a5f1-43ba-90dc-a55e94a6ff8f" testName="TFSTests.Markdown Markdown Widget - render sets UI content from settings" computerName="TFSBUILD11" duration="00:00:00.0150000" startTime="2015-09-28T09:46:04.2122406-07:00" endTime="2015-09-28T09:46:04.2122406-07:00" testType="13cdc9d9-ddb5-4fa4-a97d-d965ccfc6d4b" outcome="Passed" testListId="8c84fa94-04c1-424b-9868-57a2d4851a1d" relativeResultsDirectory="13e330c8-c621-4e49-bbcb-64825778d058" />
    <UnitTestResult executionId="ba8de2f8-aac2-4618-b053-5450ac11f3fa" testId="640e4975-e12c-48c4-a3c6-5df0adfbd775" testName="TFSTests.Markdown Markdown Widget - render sets UI content from resources if given null content" computerName="TFSBUILD11" duration="00:00:00.0170000" startTime="2015-09-28T09:46:04.2122406-07:00" endTime="2015-09-28T09:46:04.2122406-07:00" testType="13cdc9d9-ddb5-4fa4-a97d-d965ccfc6d4b" outcome="Passed" testListId="8c84fa94-04c1-424b-9868-57a2d4851a1d" relativeResultsDirectory="ba8de2f8-aac2-4618-b053-5450ac11f3fa" />
    <UnitTestResult executionId="13ef3881-a1d0-404a-bac6-4ff6f10e8431" testId="2c888257-484c-4638-bf6b-afac36318dad" testName="TFSTests.Markdown Markdown Widget - render sets UI content from settings during configuration" computerName="TFSBUILD11" duration="00:00:00.0140000" startTime="2015-09-28T09:46:04.2122406-07:00" endTime="2015-09-28T09:46:04.2122406-07:00" testType="13cdc9d9-ddb5-4fa4-a97d-d965ccfc6d4b" outcome="Passed" testListId="8c84fa94-04c1-424b-9868-57a2d4851a1d" relativeResultsDirectory="13ef3881-a1d0-404a-bac6-4ff6f10e8431" />
    <UnitTestResult executionId="34734cfa-d938-4b01-816a-cf8468d6f37f" testId="529e7a8b-7be1-4cc5-b54b-774abb48ed94" testName="TFSTests.MarkdownConfiguration Markdown Configuration - IsMarkdownValid for more than max allowed text" computerName="TFSBUILD11" duration="00:00:00.0160000" startTime="2015-09-28T09:46:04.2122406-07:00" endTime="2015-09-28T09:46:04.2122406-07:00" testType="13cdc9d9-ddb5-4fa4-a97d-d965ccfc6d4b" outcome="Passed" testListId="8c84fa94-04c1-424b-9868-57a2d4851a1d" relativeResultsDirectory="34734cfa-d938-4b01-816a-cf8468d6f37f" />
    <UnitTestResult executionId="f370852f-d1aa-4833-8950-6244dce30abf" testId="697f8ae2-6b9e-4315-b338-6f32bdec7cba" testName="TFSTests.MarkdownConfiguration Markdown Configuration - IsMarkdownValid for max allowed text" computerName="TFSBUILD11" duration="00:00:00.0170000" startTime="2015-09-28T09:46:04.3838459-07:00" endTime="2015-09-28T09:46:04.3838459-07:00" testType="13cdc9d9-ddb5-4fa4-a97d-d965ccfc6d4b" outcome="Passed" testListId="8c84fa94-04c1-424b-9868-57a2d4851a1d" relativeResultsDirectory="f370852f-d1aa-4833-8950-6244dce30abf" />
    <UnitTestResult executionId="902ad52b-0b9b-4da9-990a-4b2f9d9d588b" testId="0c6b5b38-e39d-4d97-973e-c727c0a64545" testName="TFSTests.MarkdownConfiguration Markdown Configuration - IsMarkdownValid for non-empty markdown within length limit" computerName="TFSBUILD11" duration="00:00:00.0150000" startTime="2015-09-28T09:46:04.3838459-07:00" endTime="2015-09-28T09:46:04.3838459-07:00" testType="13cdc9d9-ddb5-4fa4-a97d-d965ccfc6d4b" outcome="Passed" testListId="8c84fa94-04c1-424b-9868-57a2d4851a1d" relativeResultsDirectory="902ad52b-0b9b-4da9-990a-4b2f9d9d588b" />
    <UnitTestResult executionId="b97fcdd5-e1d7-42ea-a2c4-bdde8760064f" testId="81fdde46-a430-46d7-b373-54a9c257dcb4" testName="TFSTests.MarkdownConfiguration Markdown Configuration - OnSaveValidation updates the error presentation" computerName="TFSBUILD11" duration="00:00:00.0170000" startTime="2015-09-28T09:46:04.3838459-07:00" endTime="2015-09-28T09:46:04.3838459-07:00" testType="13cdc9d9-ddb5-4fa4-a97d-d965ccfc6d4b" outcome="Passed" testListId="8c84fa94-04c1-424b-9868-57a2d4851a1d" relativeResultsDirectory="b97fcdd5-e1d7-42ea-a2c4-bdde8760064f" />
    <UnitTestResult executionId="c5e4a245-810c-4cb4-8593-619b20dd63cb" testId="48d383d9-ab71-4049-b0a6-bc1c028fa009" testName="TFSTests.MarkdownConfiguration Markdown Configuration - OnSaveValidation returns the widget config status" computerName="TFSBUILD11" duration="00:00:00.0160000" startTime="2015-09-28T09:46:04.3838459-07:00" endTime="2015-09-28T09:46:04.3838459-07:00" testType="13cdc9d9-ddb5-4fa4-a97d-d965ccfc6d4b" outcome="Passed" testListId="8c84fa94-04c1-424b-9868-57a2d4851a1d" relativeResultsDirectory="c5e4a245-810c-4cb4-8593-619b20dd63cb" />
    <UnitTestResult executionId="64647068-1156-4fb7-b745-ecb0a5b3d050" testId="274cde7f-f7ce-4a52-afa6-a15bf071d9c4" testName="TFSTests.MarkdownConfiguration Markdown Configuration - UpdateErrorPresentation calls setInputValidationState with the fieldset as an arg" computerName="TFSBUILD11" duration="00:00:00.0340000" startTime="2015-09-28T09:46:04.3848454-07:00" endTime="2015-09-28T09:46:04.3848454-07:00" testType="13cdc9d9-ddb5-4fa4-a97d-d965ccfc6d4b" outcome="Passed" testListId="8c84fa94-04c1-424b-9868-57a2d4851a1d" relativeResultsDirectory="64647068-1156-4fb7-b745-ecb0a5b3d050" />
    <UnitTestResult executionId="d888d23f-c3e1-4aee-85eb-a4bfdcf6857e" testId="090953fe-5a9d-48ff-acc8-41577a409606" testName="TFSTests.MarkdownConfiguration Markdown Configuration - UpdateErrorPresentation calls setInputValidationState with the result of isMarkdownValid" computerName="TFSBUILD11" duration="00:00:00.0170000" startTime="2015-09-28T09:46:04.3848454-07:00" endTime="2015-09-28T09:46:04.3848454-07:00" testType="13cdc9d9-ddb5-4fa4-a97d-d965ccfc6d4b" outcome="Passed" testListId="8c84fa94-04c1-424b-9868-57a2d4851a1d" relativeResultsDirectory="d888d23f-c3e1-4aee-85eb-a4bfdcf6857e" />
    <UnitTestResult executionId="018c4ca8-56e4-4cb9-9da7-8a06755115cf" testId="75f642b5-d7f5-4115-8d1a-845ea3102798" testName="TFSTests.MarkdownConfiguration Markdown Configuration - Initialize sets validation callback to the onSaveValidation function" computerName="TFSBUILD11" duration="00:00:00.0180000" startTime="2015-09-28T09:46:04.3848454-07:00" endTime="2015-09-28T09:46:04.3848454-07:00" testType="13cdc9d9-ddb5-4fa4-a97d-d965ccfc6d4b" outcome="Passed" testListId="8c84fa94-04c1-424b-9868-57a2d4851a1d" relativeResultsDirectory="018c4ca8-56e4-4cb9-9da7-8a06755115cf" />
    <UnitTestResult executionId="9912df08-cae1-4b5a-8cfd-39011f20dcb9" testId="d74a85a6-897e-4624-9576-3dfbc3936264" testName="TFSTests.MarkdownConfiguration Markdown Configuration - Initialize calls buildSingleInputConfiguration and appends the result to the config element" computerName="TFSBUILD11" duration="00:00:00.0170000" startTime="2015-09-28T09:46:04.3848454-07:00" endTime="2015-09-28T09:46:04.3848454-07:00" testType="13cdc9d9-ddb5-4fa4-a97d-d965ccfc6d4b" outcome="Passed" testListId="8c84fa94-04c1-424b-9868-57a2d4851a1d" relativeResultsDirectory="9912df08-cae1-4b5a-8cfd-39011f20dcb9" />
    <UnitTestResult executionId="85646315-8d75-41e6-8541-131a2702c8d6" testId="c28a8e91-e487-4754-9aee-92b6e2e7f82f" testName="TFSTests.MarkdownConfiguration Markdown Configuration - CreateTextArea returns new element with expected value set" computerName="TFSBUILD11" duration="00:00:00.0170000" startTime="2015-09-28T09:46:04.3848454-07:00" endTime="2015-09-28T09:46:04.3848454-07:00" testType="13cdc9d9-ddb5-4fa4-a97d-d965ccfc6d4b" outcome="Passed" testListId="8c84fa94-04c1-424b-9868-57a2d4851a1d" relativeResultsDirectory="85646315-8d75-41e6-8541-131a2702c8d6" />
    <UnitTestResult executionId="c81b2147-fdc9-41b4-a709-29cdb6045c5a" testId="31c85cbd-e37b-4cdf-8d4a-e92c504d0304" testName="TFSTests.MarkdownConfiguration Markdown Configuration - CreateTextArea returns new element with default content if null content is provided" computerName="TFSBUILD11" duration="00:00:00.0160000" startTime="2015-09-28T09:46:04.5440135-07:00" endTime="2015-09-28T09:46:04.5440135-07:00" testType="13cdc9d9-ddb5-4fa4-a97d-d965ccfc6d4b" outcome="Passed" testListId="8c84fa94-04c1-424b-9868-57a2d4851a1d" relativeResultsDirectory="c81b2147-fdc9-41b4-a709-29cdb6045c5a" />
    <UnitTestResult executionId="4757bc1b-61f9-413e-b557-f5f931ad8c69" testId="d451c409-8517-435e-bf28-d7e9020420a1" testName="TFSTests.MarkdownConfiguration Markdown Configuration - CreateTextArea returns new element with expected input event handler set" computerName="TFSBUILD11" duration="00:00:00.0160000" startTime="2015-09-28T09:46:04.5450139-07:00" endTime="2015-09-28T09:46:04.5450139-07:00" testType="13cdc9d9-ddb5-4fa4-a97d-d965ccfc6d4b" outcome="Passed" testListId="8c84fa94-04c1-424b-9868-57a2d4851a1d" relativeResultsDirectory="4757bc1b-61f9-413e-b557-f5f931ad8c69" />
    <UnitTestResult executionId="2acd98df-5705-4368-9929-e5ad5580be5a" testId="851dfec9-81e8-42b2-af32-c8f4ac2f73ab" testName="TFSTests.MarkdownConfiguration Markdown Configuration - OnInputChange updates the error presentation" computerName="TFSBUILD11" duration="00:00:00.0170000" startTime="2015-09-28T09:46:04.5450139-07:00" endTime="2015-09-28T09:46:04.5450139-07:00" testType="13cdc9d9-ddb5-4fa4-a97d-d965ccfc6d4b" outcome="Passed" testListId="8c84fa94-04c1-424b-9868-57a2d4851a1d" relativeResultsDirectory="2acd98df-5705-4368-9929-e5ad5580be5a" />
    <UnitTestResult executionId="d55b4b53-9bf9-4abb-95db-b3304c31bc0d" testId="43331670-ffe4-4fc6-b5ad-15a5bd80fff5" testName="TFSTests.MarkdownConfiguration Markdown Configuration - OnInputChange notifies the context about changes" computerName="TFSBUILD11" duration="00:00:00.0150000" startTime="2015-09-28T09:46:04.5450139-07:00" endTime="2015-09-28T09:46:04.5450139-07:00" testType="13cdc9d9-ddb5-4fa4-a97d-d965ccfc6d4b" outcome="Passed" testListId="8c84fa94-04c1-424b-9868-57a2d4851a1d" relativeResultsDirectory="d55b4b53-9bf9-4abb-95db-b3304c31bc0d" />
    <UnitTestResult executionId="269a4b7d-ae23-422e-9e63-6e4cb72d2493" testId="f6e64e80-89db-4e91-a238-1ccff55093be" testName="TFSTests.MarkdownConfiguration Markdown Configuration - GetConfigurationStatus uses the result of isMarkdownValid for canSave" computerName="TFSBUILD11" duration="00:00:00.0170000" startTime="2015-09-28T09:46:04.5450139-07:00" endTime="2015-09-28T09:46:04.5450139-07:00" testType="13cdc9d9-ddb5-4fa4-a97d-d965ccfc6d4b" outcome="Passed" testListId="8c84fa94-04c1-424b-9868-57a2d4851a1d" relativeResultsDirectory="269a4b7d-ae23-422e-9e63-6e4cb72d2493" />
    <UnitTestResult executionId="4425e1fc-f2fa-4490-a1f3-b2d760ffa2e0" testId="ad870dd0-8803-46f9-abfe-39e3bb786494" testName="TFSTests.MarkdownConfiguration Markdown Configuration - GetConfigurationStatus uses the settings returned by getContent" computerName="TFSBUILD11" duration="00:00:00.0150000" startTime="2015-09-28T09:46:04.5450139-07:00" endTime="2015-09-28T09:46:04.5450139-07:00" testType="13cdc9d9-ddb5-4fa4-a97d-d965ccfc6d4b" outcome="Passed" testListId="8c84fa94-04c1-424b-9868-57a2d4851a1d" relativeResultsDirectory="4425e1fc-f2fa-4490-a1f3-b2d760ffa2e0" />
    <UnitTestResult executionId="1371e614-79ff-4db8-8370-31f067e0fc0e" testId="43bd2c8c-8449-429c-bb63-7fb2b81be105" testName="TFSTests.MarkdownConfiguration Markdown Configuration - OnConfigurationSave calls telemetry with expected data" computerName="TFSBUILD11" duration="00:00:00.0160000" startTime="2015-09-28T09:46:04.5450139-07:00" endTime="2015-09-28T09:46:04.5450139-07:00" testType="13cdc9d9-ddb5-4fa4-a97d-d965ccfc6d4b" outcome="Passed" testListId="8c84fa94-04c1-424b-9868-57a2d4851a1d" relativeResultsDirectory="1371e614-79ff-4db8-8370-31f067e0fc0e" />
    <UnitTestResult executionId="287d9912-cf3e-4d6e-9006-4a1429f9ddcd" testId="321d5254-5c54-4324-abb1-cdd08edeb179" testName="TFSTests.NewWorkItem NewWorkItemWidget - initialize() initializes view and hooks up element event handlers" computerName="TFSBUILD11" duration="00:00:00.0300000" startTime="2015-09-28T09:46:04.5450139-07:00" endTime="2015-09-28T09:46:04.5450139-07:00" testType="13cdc9d9-ddb5-4fa4-a97d-d965ccfc6d4b" outcome="Passed" testListId="8c84fa94-04c1-424b-9868-57a2d4851a1d" relativeResultsDirectory="287d9912-cf3e-4d6e-9006-4a1429f9ddcd" />
    <UnitTestResult executionId="e0e1f8c8-fe2d-46fc-8497-2204b01e68ff" testId="10461cbf-15f9-487b-9f02-6285a8f53ee4" testName="TFSTests.NewWorkItem NewWorkItemWidget - onKeyPress() creates a new work item when the user presses enter and form is valid" computerName="TFSBUILD11" duration="00:00:00.0160000" startTime="2015-09-28T09:46:04.5450139-07:00" endTime="2015-09-28T09:46:04.5450139-07:00" testType="13cdc9d9-ddb5-4fa4-a97d-d965ccfc6d4b" outcome="Passed" testListId="8c84fa94-04c1-424b-9868-57a2d4851a1d" relativeResultsDirectory="e0e1f8c8-fe2d-46fc-8497-2204b01e68ff" />
    <UnitTestResult executionId="b79d82e1-dfdb-4d26-a014-8fdcf13cddcb" testId="d5739df1-0aa7-4f2f-9341-feff7e5c48d0" testName="TFSTests.NewWorkItem NewWorkItemWidget - onKeyPress() does not create a new work item when the user presses another key and form is valid" computerName="TFSBUILD11" duration="00:00:00.0160000" startTime="2015-09-28T09:46:04.6991857-07:00" endTime="2015-09-28T09:46:04.6991857-07:00" testType="13cdc9d9-ddb5-4fa4-a97d-d965ccfc6d4b" outcome="Passed" testListId="8c84fa94-04c1-424b-9868-57a2d4851a1d" relativeResultsDirectory="b79d82e1-dfdb-4d26-a014-8fdcf13cddcb" />
    <UnitTestResult executionId="81d2ec7f-0d87-49f9-9743-2a0897f3b49d" testId="8850251c-d4f0-43fa-aaf4-e78e6ff0d44a" testName="TFSTests.NewWorkItem NewWorkItemWidget - onKeyPress() does not create a new work item when the user presses enter and form is invalid" computerName="TFSBUILD11" duration="00:00:00.0160000" startTime="2015-09-28T09:46:04.6991857-07:00" endTime="2015-09-28T09:46:04.6991857-07:00" testType="13cdc9d9-ddb5-4fa4-a97d-d965ccfc6d4b" outcome="Passed" testListId="8c84fa94-04c1-424b-9868-57a2d4851a1d" relativeResultsDirectory="81d2ec7f-0d87-49f9-9743-2a0897f3b49d" />
    <UnitTestResult executionId="e9009cae-ce51-4f31-a465-84ee5150cee1" testId="6a7a79a7-f20d-4d00-a27b-6d8c0ce56cad" testName="TFSTests.NewWorkItem NewWorkItemWidget - onWorkItemTypeChange() calls validate" computerName="TFSBUILD11" duration="00:00:00.0160000" startTime="2015-09-28T09:46:04.6991857-07:00" endTime="2015-09-28T09:46:04.6991857-07:00" testType="13cdc9d9-ddb5-4fa4-a97d-d965ccfc6d4b" outcome="Passed" testListId="8c84fa94-04c1-424b-9868-57a2d4851a1d" relativeResultsDirectory="e9009cae-ce51-4f31-a465-84ee5150cee1" />
    <UnitTestResult executionId="d1410f71-4530-40eb-be9d-5465d432f070" testId="5a7a1bbb-5ef5-4763-9f1c-87dd2226aa5f" testName="TFSTests.NewWorkItem NewWorkItemWidget - onWorkItemTypeDropShow() calls widgetHostZIndexModifier.bump()" computerName="TFSBUILD11" duration="00:00:00.0170000" startTime="2015-09-28T09:46:04.6991857-07:00" endTime="2015-09-28T09:46:04.6991857-07:00" testType="13cdc9d9-ddb5-4fa4-a97d-d965ccfc6d4b" outcome="Passed" testListId="8c84fa94-04c1-424b-9868-57a2d4851a1d" relativeResultsDirectory="d1410f71-4530-40eb-be9d-5465d432f070" />
    <UnitTestResult executionId="6eafc6c3-338a-49ac-97f4-7cd3d90ebcf3" testId="b02c4e3a-5496-411c-bccd-535b0a5ffaa8" testName="TFSTests.NewWorkItem NewWorkItemWidget - onWorkItemTypeDropHide() calls widgetHostZIndexModifier.reset()" computerName="TFSBUILD11" duration="00:00:00.0160000" startTime="2015-09-28T09:46:04.6991857-07:00" endTime="2015-09-28T09:46:04.6991857-07:00" testType="13cdc9d9-ddb5-4fa4-a97d-d965ccfc6d4b" outcome="Passed" testListId="8c84fa94-04c1-424b-9868-57a2d4851a1d" relativeResultsDirectory="6eafc6c3-338a-49ac-97f4-7cd3d90ebcf3" />
    <UnitTestResult executionId="fa49dec9-30ca-48c1-8c63-fa574ff26d3e" testId="b8a42bf8-ef6f-46ed-9e60-0d332b61bd74" testName="TFSTests.NewWorkItem NewWorkItemWidget - onCreateButtonClick() calls createWorkItem() when the form is valid" computerName="TFSBUILD11" duration="00:00:00.0180000" startTime="2015-09-28T09:46:04.7001861-07:00" endTime="2015-09-28T09:46:04.7001861-07:00" testType="13cdc9d9-ddb5-4fa4-a97d-d965ccfc6d4b" outcome="Passed" testListId="8c84fa94-04c1-424b-9868-57a2d4851a1d" relativeResultsDirectory="fa49dec9-30ca-48c1-8c63-fa574ff26d3e" />
    <UnitTestResult executionId="3a952676-def7-45f9-85d4-6b850aa3debb" testId="31ba410d-0e64-4b3e-8140-1c4557f64337" testName="TFSTests.NewWorkItem NewWorkItemWidget - onCreateButtonClick() does not call createWorkItem() when the form is invalid" computerName="TFSBUILD11" duration="00:00:00.0160000" startTime="2015-09-28T09:46:04.7001861-07:00" endTime="2015-09-28T09:46:04.7001861-07:00" testType="13cdc9d9-ddb5-4fa4-a97d-d965ccfc6d4b" outcome="Passed" testListId="8c84fa94-04c1-424b-9868-57a2d4851a1d" relativeResultsDirectory="3a952676-def7-45f9-85d4-6b850aa3debb" />
    <UnitTestResult executionId="81c08a09-205a-4366-93f6-74aa9db43df1" testId="e4a7e0bc-41ae-4721-92ba-38f01129b3bd" testName="TFSTests.NewWorkItem NewWorkItemWidget - validate() handles valid title and type" computerName="TFSBUILD11" duration="00:00:00.0180000" startTime="2015-09-28T09:46:04.7001861-07:00" endTime="2015-09-28T09:46:04.7001861-07:00" testType="13cdc9d9-ddb5-4fa4-a97d-d965ccfc6d4b" outcome="Passed" testListId="8c84fa94-04c1-424b-9868-57a2d4851a1d" relativeResultsDirectory="81c08a09-205a-4366-93f6-74aa9db43df1" />
    <UnitTestResult executionId="00f276bd-4f46-460c-9abf-ce004c69fb51" testId="1759b526-390e-4614-a231-90fd0cc315ef" testName="TFSTests.NewWorkItem NewWorkItemWidget - validate() handles invalid title" computerName="TFSBUILD11" duration="00:00:00.0180000" startTime="2015-09-28T09:46:04.7001861-07:00" endTime="2015-09-28T09:46:04.7001861-07:00" testType="13cdc9d9-ddb5-4fa4-a97d-d965ccfc6d4b" outcome="Passed" testListId="8c84fa94-04c1-424b-9868-57a2d4851a1d" relativeResultsDirectory="00f276bd-4f46-460c-9abf-ce004c69fb51" />
    <UnitTestResult executionId="85c698b1-346a-410c-b1fe-54e6ce1061f3" testId="cbbe7136-6226-406e-b6fa-4187cd6cf8e1" testName="TFSTests.NewWorkItem NewWorkItemWidget - validate() handles invalid type" computerName="TFSBUILD11" duration="00:00:00.0180000" startTime="2015-09-28T09:46:04.8589340-07:00" endTime="2015-09-28T09:46:04.8589340-07:00" testType="13cdc9d9-ddb5-4fa4-a97d-d965ccfc6d4b" outcome="Passed" testListId="8c84fa94-04c1-424b-9868-57a2d4851a1d" relativeResultsDirectory="85c698b1-346a-410c-b1fe-54e6ce1061f3" />
    <UnitTestResult executionId="e1d45a1a-3990-4df0-9c9d-ec33e42840ca" testId="a3f8eed1-8f56-4557-8b06-a4d7f6d00dbb" testName="TFSTests.NewWorkItem NewWorkItemWidget - populateWorkItemTypes() calls getWorkItemTypeNames() with correct parameters" computerName="TFSBUILD11" duration="00:00:00.0170000" startTime="2015-09-28T09:46:04.8589340-07:00" endTime="2015-09-28T09:46:04.8589340-07:00" testType="13cdc9d9-ddb5-4fa4-a97d-d965ccfc6d4b" outcome="Passed" testListId="8c84fa94-04c1-424b-9868-57a2d4851a1d" relativeResultsDirectory="e1d45a1a-3990-4df0-9c9d-ec33e42840ca" />
    <UnitTestResult executionId="cbca9d10-f329-4fb4-b3c3-25f090ad7d52" testId="b804a69e-cd2e-4a27-8a9b-0c133cd5ef3b" testName="TFSTests.NewWorkItem NewWorkItemWidget - populateWorkItemTypes() handles successful call to getWorkItemTypeNames()" computerName="TFSBUILD11" duration="00:00:00.0170000" startTime="2015-09-28T09:46:04.8589340-07:00" endTime="2015-09-28T09:46:04.8589340-07:00" testType="13cdc9d9-ddb5-4fa4-a97d-d965ccfc6d4b" outcome="Passed" testListId="8c84fa94-04c1-424b-9868-57a2d4851a1d" relativeResultsDirectory="cbca9d10-f329-4fb4-b3c3-25f090ad7d52" />
    <UnitTestResult executionId="e8a9572b-863a-4eae-a5c6-6dd04f040991" testId="420b7db2-d196-4f06-8a53-1b6ad0f2342f" testName="TFSTests.NewWorkItem NewWorkItemWidget - populateWorkItemTypes() handles unsuccessful call to getWorkItemTypeNames()" computerName="TFSBUILD11" duration="00:00:00.0180000" startTime="2015-09-28T09:46:04.8599341-07:00" endTime="2015-09-28T09:46:04.8599341-07:00" testType="13cdc9d9-ddb5-4fa4-a97d-d965ccfc6d4b" outcome="Passed" testListId="8c84fa94-04c1-424b-9868-57a2d4851a1d" relativeResultsDirectory="e8a9572b-863a-4eae-a5c6-6dd04f040991" />
    <UnitTestResult executionId="ebd01d90-5183-4c31-a3bd-4560921abd24" testId="3dcdfce5-4f67-4139-97b6-6092108415de" testName="TFSTests.NewWorkItem NewWorkItemWidget - createWorkItem() calls projectWrapper.createWorkItem when the form is valid" computerName="TFSBUILD11" duration="00:00:00.0180000" startTime="2015-09-28T09:46:04.8599341-07:00" endTime="2015-09-28T09:46:04.8599341-07:00" testType="13cdc9d9-ddb5-4fa4-a97d-d965ccfc6d4b" outcome="Passed" testListId="8c84fa94-04c1-424b-9868-57a2d4851a1d" relativeResultsDirectory="ebd01d90-5183-4c31-a3bd-4560921abd24" />
    <UnitTestResult executionId="caaddd18-ac03-4678-80cc-9c4fc4393925" testId="a0f1f7bf-c3de-407c-a66e-91e67f86479f" testName="TFSTests.NewWorkItem NewWorkItemWidget - createWorkItem() calls asyncGetColorProvider" computerName="TFSBUILD11" duration="00:00:00.0180000" startTime="2015-09-28T09:46:04.8599341-07:00" endTime="2015-09-28T09:46:04.8599341-07:00" testType="13cdc9d9-ddb5-4fa4-a97d-d965ccfc6d4b" outcome="Passed" testListId="8c84fa94-04c1-424b-9868-57a2d4851a1d" relativeResultsDirectory="caaddd18-ac03-4678-80cc-9c4fc4393925" />
    <UnitTestResult executionId="3e554517-46df-4869-8b07-4a8515fa45fd" testId="d36ad71d-d671-4671-89b6-c116a55ddfab" testName="TFSTests.NewWorkItem NewWorkItemWidget - createWorkItem() doesn't call projectWrapper.createWorkItem when the form is invalid" computerName="TFSBUILD11" duration="00:00:00.0170000" startTime="2015-09-28T09:46:04.8599341-07:00" endTime="2015-09-28T09:46:04.8599341-07:00" testType="13cdc9d9-ddb5-4fa4-a97d-d965ccfc6d4b" outcome="Passed" testListId="8c84fa94-04c1-424b-9868-57a2d4851a1d" relativeResultsDirectory="3e554517-46df-4869-8b07-4a8515fa45fd" />
    <UnitTestResult executionId="c6d5c29c-dfdd-42c8-90de-0bf1753a7ed8" testId="3920d0e5-6675-41da-8c11-3d5dd3ed7756" testName="TFSTests.NewWorkItem NewWorkItemWidget - createWorkItem() calls handleCreatedWorkItem() when the call to projectWrapper.createWorkItem() succeeds" computerName="TFSBUILD11" duration="00:00:00.0170000" startTime="2015-09-28T09:46:04.8599341-07:00" endTime="2015-09-28T09:46:04.8599341-07:00" testType="13cdc9d9-ddb5-4fa4-a97d-d965ccfc6d4b" outcome="Passed" testListId="8c84fa94-04c1-424b-9868-57a2d4851a1d" relativeResultsDirectory="c6d5c29c-dfdd-42c8-90de-0bf1753a7ed8" />
    <UnitTestResult executionId="73d079c4-9c46-4240-bad4-abff1c283fe4" testId="7a9c191b-e3ed-42c1-9839-e9536f89aa17" testName="TFSTests.NewWorkItem NewWorkItemWidget - createWorkItem() shows error when the call to projectWrapper.createWorkItem() fails" computerName="TFSBUILD11" duration="00:00:00.0170000" startTime="2015-09-28T09:46:04.8599341-07:00" endTime="2015-09-28T09:46:04.8599341-07:00" testType="13cdc9d9-ddb5-4fa4-a97d-d965ccfc6d4b" outcome="Passed" testListId="8c84fa94-04c1-424b-9868-57a2d4851a1d" relativeResultsDirectory="73d079c4-9c46-4240-bad4-abff1c283fe4" />
    <UnitTestResult executionId="d2667b7c-a422-418d-bb53-6dbde58de9ac" testId="160b0cb6-e32d-4df3-bdb5-e5ee5b03406b" testName="TFSTests.NewWorkItem NewWorkItemWidget - handleCreatedWorkItem() sets the title of the work item" computerName="TFSBUILD11" duration="00:00:00.0170000" startTime="2015-09-28T09:46:05.0266755-07:00" endTime="2015-09-28T09:46:05.0266755-07:00" testType="13cdc9d9-ddb5-4fa4-a97d-d965ccfc6d4b" outcome="Passed" testListId="8c84fa94-04c1-424b-9868-57a2d4851a1d" relativeResultsDirectory="d2667b7c-a422-418d-bb53-6dbde58de9ac" />
    <UnitTestResult executionId="624a1a9c-3dc2-4a20-8ec5-b2f208e08ebb" testId="b9cb3948-70d0-4696-8bfd-d237a1319fda" testName="TFSTests.NewWorkItem NewWorkItemWidget - handleCreatedWorkItem() handles valid work item" computerName="TFSBUILD11" duration="00:00:00.0160000" startTime="2015-09-28T09:46:05.0266755-07:00" endTime="2015-09-28T09:46:05.0266755-07:00" testType="13cdc9d9-ddb5-4fa4-a97d-d965ccfc6d4b" outcome="Passed" testListId="8c84fa94-04c1-424b-9868-57a2d4851a1d" relativeResultsDirectory="624a1a9c-3dc2-4a20-8ec5-b2f208e08ebb" />
    <UnitTestResult executionId="fe904002-506b-42e6-a877-dc5924d35521" testId="ce149e6b-664b-4ac8-810a-164a26addbc6" testName="TFSTests.NewWorkItem NewWorkItemWidget - handleCreatedWorkItem() handles invalid work item" computerName="TFSBUILD11" duration="00:00:00.0160000" startTime="2015-09-28T09:46:05.0266755-07:00" endTime="2015-09-28T09:46:05.0266755-07:00" testType="13cdc9d9-ddb5-4fa4-a97d-d965ccfc6d4b" outcome="Passed" testListId="8c84fa94-04c1-424b-9868-57a2d4851a1d" relativeResultsDirectory="fe904002-506b-42e6-a877-dc5924d35521" />
    <UnitTestResult executionId="c95848f0-a4f2-4b83-ac3e-91c2958079af" testId="ac11f2b4-bba2-467b-b693-92edc4c61e52" testName="TFSTests.NewWorkItem NewWorkItemWidget - saveWorkItem() handles successful save" computerName="TFSBUILD11" duration="00:00:00.0180000" startTime="2015-09-28T09:46:05.0266755-07:00" endTime="2015-09-28T09:46:05.0266755-07:00" testType="13cdc9d9-ddb5-4fa4-a97d-d965ccfc6d4b" outcome="Passed" testListId="8c84fa94-04c1-424b-9868-57a2d4851a1d" relativeResultsDirectory="c95848f0-a4f2-4b83-ac3e-91c2958079af" />
    <UnitTestResult executionId="26d6fdd9-7bd9-40d4-b0e9-4b8d14ebba4f" testId="c9dc4545-52ca-423d-8b98-f1217fb6dede" testName="TFSTests.NewWorkItem NewWorkItemWidget - saveWorkItem() handles unsuccessful save" computerName="TFSBUILD11" duration="00:00:00.0170000" startTime="2015-09-28T09:46:05.0276759-07:00" endTime="2015-09-28T09:46:05.0266755-07:00" testType="13cdc9d9-ddb5-4fa4-a97d-d965ccfc6d4b" outcome="Passed" testListId="8c84fa94-04c1-424b-9868-57a2d4851a1d" relativeResultsDirectory="26d6fdd9-7bd9-40d4-b0e9-4b8d14ebba4f" />
    <UnitTestResult executionId="35491afa-f370-496b-96d7-57a1288d099e" testId="271dbf66-6fe6-412a-95af-fbf9868158d3" testName="TFSTests.NewWorkItem NewWorkItemWidget - editWorkItem() calls editWorkItemDialog.showWorkItem()" computerName="TFSBUILD11" duration="00:00:00.0180000" startTime="2015-09-28T09:46:05.0276759-07:00" endTime="2015-09-28T09:46:05.0276759-07:00" testType="13cdc9d9-ddb5-4fa4-a97d-d965ccfc6d4b" outcome="Passed" testListId="8c84fa94-04c1-424b-9868-57a2d4851a1d" relativeResultsDirectory="35491afa-f370-496b-96d7-57a1288d099e" />
    <UnitTestResult executionId="2ab6a8b6-f9b0-4d37-857e-fa2b5b356c8a" testId="278bf157-c837-47bd-8566-98cd70bde64b" testName="TFSTests.NewWorkItem NewWorkItemWidget - onWorkItemSaved() adds to recent items and cleans form" computerName="TFSBUILD11" duration="00:00:00.0180000" startTime="2015-09-28T09:46:05.0276759-07:00" endTime="2015-09-28T09:46:05.0276759-07:00" testType="13cdc9d9-ddb5-4fa4-a97d-d965ccfc6d4b" outcome="Passed" testListId="8c84fa94-04c1-424b-9868-57a2d4851a1d" relativeResultsDirectory="2ab6a8b6-f9b0-4d37-857e-fa2b5b356c8a" />
    <UnitTestResult executionId="eb05ac49-6b56-40a3-b574-74044125dc62" testId="46247deb-25c8-4496-a729-99c731692b99" testName="TFSTests.NewWorkItem NewWorkItemWidget - addRecentWorkItem() calls view.addRecentWorkItemElement()" computerName="TFSBUILD11" duration="00:00:00.0250000" startTime="2015-09-28T09:46:05.0276759-07:00" endTime="2015-09-28T09:46:05.0276759-07:00" testType="13cdc9d9-ddb5-4fa4-a97d-d965ccfc6d4b" outcome="Passed" testListId="8c84fa94-04c1-424b-9868-57a2d4851a1d" relativeResultsDirectory="eb05ac49-6b56-40a3-b574-74044125dc62" />
    <UnitTestResult executionId="553949f6-e190-4b78-ba3e-189c96ee76e7" testId="c70eea12-62cd-426d-8e54-b790a3fa8240" testName="TFSTests.NewWorkItem NewWorkItemWidget - addRecentWorkItem() doesn't call view.addRecentWorkItemElement() if the item has already been added" computerName="TFSBUILD11" duration="00:00:00.0180000" startTime="2015-09-28T09:46:05.0276759-07:00" endTime="2015-09-28T09:46:05.0276759-07:00" testType="13cdc9d9-ddb5-4fa4-a97d-d965ccfc6d4b" outcome="Passed" testListId="8c84fa94-04c1-424b-9868-57a2d4851a1d" relativeResultsDirectory="553949f6-e190-4b78-ba3e-189c96ee76e7" />
    <UnitTestResult executionId="c7a30193-3c00-4ee8-9e78-ca76712be4e4" testId="49f22bb8-2d10-4853-9ade-dbe19c191c9d" testName="TFSTests.NewWorkItem NewWorkItemWidget - WidgetHostZIndexModifier.bump() increases z-index" computerName="TFSBUILD11" duration="00:00:00.0170000" startTime="2015-09-28T09:46:05.2019353-07:00" endTime="2015-09-28T09:46:05.2019353-07:00" testType="13cdc9d9-ddb5-4fa4-a97d-d965ccfc6d4b" outcome="Passed" testListId="8c84fa94-04c1-424b-9868-57a2d4851a1d" relativeResultsDirectory="c7a30193-3c00-4ee8-9e78-ca76712be4e4" />
    <UnitTestResult executionId="7a41f9e4-47e0-4a0a-9e77-81033cb72dd3" testId="aa3ce328-c01c-437d-9386-c31ab59d24e0" testName="TFSTests.NewWorkItem NewWorkItemWidget - WidgetHostZIndexModifier.reset() returns z-index to original value" computerName="TFSBUILD11" duration="00:00:00.0170000" startTime="2015-09-28T09:46:05.2019353-07:00" endTime="2015-09-28T09:46:05.2019353-07:00" testType="13cdc9d9-ddb5-4fa4-a97d-d965ccfc6d4b" outcome="Passed" testListId="8c84fa94-04c1-424b-9868-57a2d4851a1d" relativeResultsDirectory="7a41f9e4-47e0-4a0a-9e77-81033cb72dd3" />
    <UnitTestResult executionId="21b30f30-2117-4ed9-abf9-f2afb908cabc" testId="234176f4-ece9-424b-a996-174debe69a75" testName="TFSTests.NewWorkItem NewWorkItemWidget - WidgetHostZIndexModifier.bump() throws exception if called twice" computerName="TFSBUILD11" duration="00:00:00.0170000" startTime="2015-09-28T09:46:05.2019353-07:00" endTime="2015-09-28T09:46:05.2019353-07:00" testType="13cdc9d9-ddb5-4fa4-a97d-d965ccfc6d4b" outcome="Passed" testListId="8c84fa94-04c1-424b-9868-57a2d4851a1d" relativeResultsDirectory="21b30f30-2117-4ed9-abf9-f2afb908cabc" />
    <UnitTestResult executionId="a1907031-9a47-46b9-874b-b43a5dbc8ee5" testId="95cc2588-8468-44a8-a8c3-df54da706a42" testName="TFSTests.NewWorkItem NewWorkItemWidget - WidgetHostZIndexModifier.reset() throws exception if called twice" computerName="TFSBUILD11" duration="00:00:00.0180000" startTime="2015-09-28T09:46:05.2019353-07:00" endTime="2015-09-28T09:46:05.2019353-07:00" testType="13cdc9d9-ddb5-4fa4-a97d-d965ccfc6d4b" outcome="Passed" testListId="8c84fa94-04c1-424b-9868-57a2d4851a1d" relativeResultsDirectory="a1907031-9a47-46b9-874b-b43a5dbc8ee5" />
    <UnitTestResult executionId="b31ab41b-d4ea-4e3f-b9fa-4f3079c104fc" testId="23573f93-00e9-47e7-a718-7d521007df89" testName="TFSTests.NewWorkItem NewWorkItemWidget - WidgetHostZIndexModifier.reset() throws exception if called before bump" computerName="TFSBUILD11" duration="00:00:00.0170000" startTime="2015-09-28T09:46:05.2019353-07:00" endTime="2015-09-28T09:46:05.2019353-07:00" testType="13cdc9d9-ddb5-4fa4-a97d-d965ccfc6d4b" outcome="Passed" testListId="8c84fa94-04c1-424b-9868-57a2d4851a1d" relativeResultsDirectory="b31ab41b-d4ea-4e3f-b9fa-4f3079c104fc" />
    <UnitTestResult executionId="9a1fdbc5-769e-4187-a012-3462c456af56" testId="df9766c0-7163-4de7-828c-24125ff42b51" testName="TFSTests.NewWorkItem NewWorkItemWidget - asyncGetColorProvider() returns a promise with expected data when resolved and color data is already defined" computerName="TFSBUILD11" duration="00:00:00.0170000" startTime="2015-09-28T09:46:05.2029342-07:00" endTime="2015-09-28T09:46:05.2029342-07:00" testType="13cdc9d9-ddb5-4fa4-a97d-d965ccfc6d4b" outcome="Passed" testListId="8c84fa94-04c1-424b-9868-57a2d4851a1d" relativeResultsDirectory="9a1fdbc5-769e-4187-a012-3462c456af56" />
    <UnitTestResult executionId="09aa8679-b59c-4420-a169-f50cda46a995" testId="ea3e6412-145f-4a1e-800e-b307e1634ef6" testName="TFSTests.NewWorkItem NewWorkItemWidget - asyncGetColorProvider() returns a promise with expected data that has had its color data set when it wasn't preiously defined" computerName="TFSBUILD11" duration="00:00:00.0170000" startTime="2015-09-28T09:46:05.2029342-07:00" endTime="2015-09-28T09:46:05.2029342-07:00" testType="13cdc9d9-ddb5-4fa4-a97d-d965ccfc6d4b" outcome="Passed" testListId="8c84fa94-04c1-424b-9868-57a2d4851a1d" relativeResultsDirectory="09aa8679-b59c-4420-a169-f50cda46a995" />
    <UnitTestResult executionId="cc750dd4-1bdf-4acd-a1c7-e3b89a4447a6" testId="895aede6-d804-44bd-b442-0f7f944a966d" testName="TFSTests.ColorRuleControlTests ColorRuleControl - Initialize without option" computerName="TFSBUILD11" duration="00:00:00.0150000" startTime="2015-09-28T09:46:05.2029342-07:00" endTime="2015-09-28T09:46:05.2029342-07:00" testType="13cdc9d9-ddb5-4fa4-a97d-d965ccfc6d4b" outcome="Passed" testListId="8c84fa94-04c1-424b-9868-57a2d4851a1d" relativeResultsDirectory="cc750dd4-1bdf-4acd-a1c7-e3b89a4447a6" />
    <UnitTestResult executionId="7361703a-2e91-4c2e-a704-b838d0d31bd9" testId="5653de97-5c33-4aca-9c3c-3a801fcf9a19" testName="TFSTests.ColorRuleControlTests ColorRuleControl - Initialize scenario 1" computerName="TFSBUILD11" duration="00:00:00.0360000" startTime="2015-09-28T09:46:05.2032339-07:00" endTime="2015-09-28T09:46:05.2032339-07:00" testType="13cdc9d9-ddb5-4fa4-a97d-d965ccfc6d4b" outcome="Passed" testListId="8c84fa94-04c1-424b-9868-57a2d4851a1d" relativeResultsDirectory="7361703a-2e91-4c2e-a704-b838d0d31bd9" />
    <UnitTestResult executionId="b519408f-f1a9-42b3-a57c-eae18459c7c5" testId="022538db-7b65-43ed-bb26-0b70874b8954" testName="TFSTests.ColorRuleControlTests ColorRuleControl - Initialize scenario 2" computerName="TFSBUILD11" duration="00:00:00.0220000" startTime="2015-09-28T09:46:05.3937257-07:00" endTime="2015-09-28T09:46:05.3937257-07:00" testType="13cdc9d9-ddb5-4fa4-a97d-d965ccfc6d4b" outcome="Passed" testListId="8c84fa94-04c1-424b-9868-57a2d4851a1d" relativeResultsDirectory="b519408f-f1a9-42b3-a57c-eae18459c7c5" />
    <UnitTestResult executionId="50bf39a2-d2ec-403e-aeea-c2b024a4fe59" testId="62fd3d48-bfa6-4c69-a3c1-51131817555d" testName="TFSTests.ColorRuleControlTests ColorRuleControl - Enable" computerName="TFSBUILD11" duration="00:00:00.0210000" startTime="2015-09-28T09:46:05.3937257-07:00" endTime="2015-09-28T09:46:05.3937257-07:00" testType="13cdc9d9-ddb5-4fa4-a97d-d965ccfc6d4b" outcome="Passed" testListId="8c84fa94-04c1-424b-9868-57a2d4851a1d" relativeResultsDirectory="50bf39a2-d2ec-403e-aeea-c2b024a4fe59" />
    <UnitTestResult executionId="f435f8f6-b5b5-4d54-985c-db5d91d48a2a" testId="3cc1b3ec-1624-4b80-adfc-5deef07caf3c" testName="TFSTests.ColorRuleControlTests ColorRuleControl - Disable" computerName="TFSBUILD11" duration="00:00:00.0200000" startTime="2015-09-28T09:46:05.3937257-07:00" endTime="2015-09-28T09:46:05.3937257-07:00" testType="13cdc9d9-ddb5-4fa4-a97d-d965ccfc6d4b" outcome="Passed" testListId="8c84fa94-04c1-424b-9868-57a2d4851a1d" relativeResultsDirectory="f435f8f6-b5b5-4d54-985c-db5d91d48a2a" />
    <UnitTestResult executionId="165e6885-4fdb-4adb-92a5-127ed915dea6" testId="5baa5802-821a-4680-920d-ddfaf2e0842b" testName="TFSTests.ColorRuleControlTests ColorRuleControl - Toggle Eventing" computerName="TFSBUILD11" duration="00:00:00.0200000" startTime="2015-09-28T09:46:05.3937257-07:00" endTime="2015-09-28T09:46:05.3937257-07:00" testType="13cdc9d9-ddb5-4fa4-a97d-d965ccfc6d4b" outcome="Passed" testListId="8c84fa94-04c1-424b-9868-57a2d4851a1d" relativeResultsDirectory="165e6885-4fdb-4adb-92a5-127ed915dea6" />
    <UnitTestResult executionId="a2bb88f6-7faa-4bc7-a932-fccac130a84a" testId="28120b9c-c38a-49d3-a119-662ea29bb220" testName="TFSTests.ColorRuleControlTests ColorRuleControl - Threshold Eventing" computerName="TFSBUILD11" duration="00:00:00.0230000" startTime="2015-09-28T09:46:05.3937257-07:00" endTime="2015-09-28T09:46:05.3937257-07:00" testType="13cdc9d9-ddb5-4fa4-a97d-d965ccfc6d4b" outcome="Passed" testListId="8c84fa94-04c1-424b-9868-57a2d4851a1d" relativeResultsDirectory="a2bb88f6-7faa-4bc7-a932-fccac130a84a" />
    <UnitTestResult executionId="dddabed8-c785-4cbc-8afb-aeec2145908f" testId="469af872-196d-4715-89c0-9fef6b873f50" testName="TFSTests.ColorRuleControlTests ColorRuleControl - Operator Selector Eventing" computerName="TFSBUILD11" duration="00:00:00.0200000" startTime="2015-09-28T09:46:05.3937257-07:00" endTime="2015-09-28T09:46:05.3937257-07:00" testType="13cdc9d9-ddb5-4fa4-a97d-d965ccfc6d4b" outcome="Passed" testListId="8c84fa94-04c1-424b-9868-57a2d4851a1d" relativeResultsDirectory="dddabed8-c785-4cbc-8afb-aeec2145908f" />
    <UnitTestResult executionId="9ce8cf2e-af2a-4f64-823e-a88a9061c529" testId="d6e55150-719e-423f-83a7-aad78d772bb9" testName="TFSTests.ColorRuleControlTests ColorRuleControl - GetErrorMessage when control is disabled" computerName="TFSBUILD11" duration="00:00:00.0260000" startTime="2015-09-28T09:46:05.3937257-07:00" endTime="2015-09-28T09:46:05.3937257-07:00" testType="13cdc9d9-ddb5-4fa4-a97d-d965ccfc6d4b" outcome="Passed" testListId="8c84fa94-04c1-424b-9868-57a2d4851a1d" relativeResultsDirectory="9ce8cf2e-af2a-4f64-823e-a88a9061c529" />
    <UnitTestResult executionId="05114c3f-bebb-4a02-8fdf-e701bf6afb32" testId="0778eba0-da5d-4075-86d1-e2a705efb49d" testName="TFSTests.ColorRuleControlTests ColorRuleControl - GetErrorMessage when control is enabled" computerName="TFSBUILD11" duration="00:00:00.0230000" startTime="2015-09-28T09:46:05.3937257-07:00" endTime="2015-09-28T09:46:05.3937257-07:00" testType="13cdc9d9-ddb5-4fa4-a97d-d965ccfc6d4b" outcome="Passed" testListId="8c84fa94-04c1-424b-9868-57a2d4851a1d" relativeResultsDirectory="05114c3f-bebb-4a02-8fdf-e701bf6afb32" />
    <UnitTestResult executionId="5177564a-e47e-4ee5-9b0d-3857ce8377fe" testId="25ce833e-ffcf-4e43-b866-fed679f56fd2" testName="TFSTests.QueryScalarConfigurationView QueryScalarConfigurationView - Initialize without option" computerName="TFSBUILD11" duration="00:00:00.0150000" startTime="2015-09-28T09:46:05.3937257-07:00" endTime="2015-09-28T09:46:05.3937257-07:00" testType="13cdc9d9-ddb5-4fa4-a97d-d965ccfc6d4b" outcome="Passed" testListId="8c84fa94-04c1-424b-9868-57a2d4851a1d" relativeResultsDirectory="5177564a-e47e-4ee5-9b0d-3857ce8377fe" />
    <UnitTestResult executionId="ff369d54-91d3-4a96-957c-da59fe4bdc76" testId="23457216-70a5-4a75-99e2-45e684b4bd5e" testName="TFSTests.QueryScalarConfigurationView QueryScalarConfigurationView - Basic options" computerName="TFSBUILD11" duration="00:00:00.0390000" startTime="2015-09-28T09:46:05.5671057-07:00" endTime="2015-09-28T09:46:05.5671057-07:00" testType="13cdc9d9-ddb5-4fa4-a97d-d965ccfc6d4b" outcome="Passed" testListId="8c84fa94-04c1-424b-9868-57a2d4851a1d" relativeResultsDirectory="ff369d54-91d3-4a96-957c-da59fe4bdc76" />
    <UnitTestResult executionId="7363de66-3ceb-4f3c-b71d-9ffbde7c9781" testId="775f1e48-429d-4b32-a579-70ac5284317c" testName="TFSTests.QueryScalarConfigurationView QueryScalarConfigurationView - Verify Default Rules" computerName="TFSBUILD11" duration="00:00:00.0150000" startTime="2015-09-28T09:46:05.5671057-07:00" endTime="2015-09-28T09:46:05.5671057-07:00" testType="13cdc9d9-ddb5-4fa4-a97d-d965ccfc6d4b" outcome="Passed" testListId="8c84fa94-04c1-424b-9868-57a2d4851a1d" relativeResultsDirectory="7363de66-3ceb-4f3c-b71d-9ffbde7c9781" />
    <UnitTestResult executionId="3f4aef6e-a8a6-4aa1-8c87-5fd493059a80" testId="fc5c38e7-d1e8-409e-9933-888ad6ec4685" testName="TFSTests.QueryScalarConfigurationView QueryScalarConfigurationView - OnConfigurationSave calls telemetry with expected rule count" computerName="TFSBUILD11" duration="00:00:00.0170000" startTime="2015-09-28T09:46:05.5671057-07:00" endTime="2015-09-28T09:46:05.5671057-07:00" testType="13cdc9d9-ddb5-4fa4-a97d-d965ccfc6d4b" outcome="Passed" testListId="8c84fa94-04c1-424b-9868-57a2d4851a1d" relativeResultsDirectory="3f4aef6e-a8a6-4aa1-8c87-5fd493059a80" />
    <UnitTestResult executionId="10f2c632-fc4f-4e72-9b70-4999808dcd43" testId="6c894523-a82a-45ba-b7b7-3abfb9bc2802" testName="TFSTests.SprintCapacity Sprint Capacity Widget - Successful Ajax call" computerName="TFSBUILD11" duration="00:00:00.0160000" startTime="2015-09-28T09:46:05.5671057-07:00" endTime="2015-09-28T09:46:05.5671057-07:00" testType="13cdc9d9-ddb5-4fa4-a97d-d965ccfc6d4b" outcome="Passed" testListId="8c84fa94-04c1-424b-9868-57a2d4851a1d" relativeResultsDirectory="10f2c632-fc4f-4e72-9b70-4999808dcd43" />
    <UnitTestResult executionId="041ca9a7-1a74-4c21-863f-1d1b2d7b77db" testId="ca27bbe6-ad96-47cf-a086-f3529f6088f6" testName="TFSTests.SprintCapacity Sprint Capacity Widget - Failed Ajax call" computerName="TFSBUILD11" duration="00:00:00.0150000" startTime="2015-09-28T09:46:05.5671057-07:00" endTime="2015-09-28T09:46:05.5671057-07:00" testType="13cdc9d9-ddb5-4fa4-a97d-d965ccfc6d4b" outcome="Passed" testListId="8c84fa94-04c1-424b-9868-57a2d4851a1d" relativeResultsDirectory="041ca9a7-1a74-4c21-863f-1d1b2d7b77db" />
    <UnitTestResult executionId="80dca431-b944-4174-b9c6-cb7dbd813841" testId="111d58ee-cafe-43cd-a825-daf21e51d042" testName="TFSTests.SprintCapacity Sprint Capacity Widget - Href" computerName="TFSBUILD11" duration="00:00:00.0190000" startTime="2015-09-28T09:46:05.5671057-07:00" endTime="2015-09-28T09:46:05.5671057-07:00" testType="13cdc9d9-ddb5-4fa4-a97d-d965ccfc6d4b" outcome="Passed" testListId="8c84fa94-04c1-424b-9868-57a2d4851a1d" relativeResultsDirectory="80dca431-b944-4174-b9c6-cb7dbd813841" />
    <UnitTestResult executionId="88f49f2a-25f0-47c4-a0c9-e03a95cf21d1" testId="a88213df-f782-45c1-896d-578a2ffdc377" testName="TFSTests.SprintCapacity Sprint Capacity Widget - Title" computerName="TFSBUILD11" duration="00:00:00.0160000" startTime="2015-09-28T09:46:05.5671057-07:00" endTime="2015-09-28T09:46:05.5671057-07:00" testType="13cdc9d9-ddb5-4fa4-a97d-d965ccfc6d4b" outcome="Passed" testListId="8c84fa94-04c1-424b-9868-57a2d4851a1d" relativeResultsDirectory="88f49f2a-25f0-47c4-a0c9-e03a95cf21d1" />
    <UnitTestResult executionId="43a55630-e5f4-4e62-a79a-06d7ec55c087" testId="b1d51f38-30b9-47dc-99cc-32f6f53ebe03" testName="TFSTests.SprintCapacity Sprint Capacity Widget - Capacity hours and chart exist" computerName="TFSBUILD11" duration="00:00:00.0160000" startTime="2015-09-28T09:46:05.5671057-07:00" endTime="2015-09-28T09:46:05.5671057-07:00" testType="13cdc9d9-ddb5-4fa4-a97d-d965ccfc6d4b" outcome="Passed" testListId="8c84fa94-04c1-424b-9868-57a2d4851a1d" relativeResultsDirectory="43a55630-e5f4-4e62-a79a-06d7ec55c087" />
    <UnitTestResult executionId="f063fe52-a5a2-469e-a3a8-63fda343a8c7" testId="c9269f46-77c5-4c9c-a9da-c6fd5c2af35f" testName="TFSTests.SprintCapacity Sprint Capacity Widget - sprint dates exist" computerName="TFSBUILD11" duration="00:00:00.0160000" startTime="2015-09-28T09:46:05.5671057-07:00" endTime="2015-09-28T09:46:05.5671057-07:00" testType="13cdc9d9-ddb5-4fa4-a97d-d965ccfc6d4b" outcome="Passed" testListId="8c84fa94-04c1-424b-9868-57a2d4851a1d" relativeResultsDirectory="f063fe52-a5a2-469e-a3a8-63fda343a8c7" />
    <UnitTestResult executionId="f065dfa1-c66d-43cd-96fe-9a2bdbc27a40" testId="989b76a3-a242-4361-9d30-2bdbb6aaaae0" testName="TFSTests.SprintCapacity Sprint Capacity Widget - User story progress with only not started text" computerName="TFSBUILD11" duration="00:00:00.0160000" startTime="2015-09-28T09:46:05.7326566-07:00" endTime="2015-09-28T09:46:05.7326566-07:00" testType="13cdc9d9-ddb5-4fa4-a97d-d965ccfc6d4b" outcome="Passed" testListId="8c84fa94-04c1-424b-9868-57a2d4851a1d" relativeResultsDirectory="f065dfa1-c66d-43cd-96fe-9a2bdbc27a40" />
    <UnitTestResult executionId="8e824e11-b304-4253-8f1b-475f4c47ce88" testId="0c482013-32fb-4502-b8bf-8ea197dc134a" testName="TFSTests.SprintCapacity Sprint Capacity Widget - Progress text with both in progress and not started statuses" computerName="TFSBUILD11" duration="00:00:00.0280000" startTime="2015-09-28T09:46:05.7326566-07:00" endTime="2015-09-28T09:46:05.7326566-07:00" testType="13cdc9d9-ddb5-4fa4-a97d-d965ccfc6d4b" outcome="Passed" testListId="8c84fa94-04c1-424b-9868-57a2d4851a1d" relativeResultsDirectory="8e824e11-b304-4253-8f1b-475f4c47ce88" />
    <UnitTestResult executionId="afc3cae8-874f-4da7-bb18-04e1217341ec" testId="72362d50-4e42-4ae4-bc24-272a6c574814" testName="TFSTests.SprintCapacity Sprint Capacity Widget - Progress text with only in progress status" computerName="TFSBUILD11" duration="00:00:00.0160000" startTime="2015-09-28T09:46:05.7326566-07:00" endTime="2015-09-28T09:46:05.7326566-07:00" testType="13cdc9d9-ddb5-4fa4-a97d-d965ccfc6d4b" outcome="Passed" testListId="8c84fa94-04c1-424b-9868-57a2d4851a1d" relativeResultsDirectory="afc3cae8-874f-4da7-bb18-04e1217341ec" />
    <UnitTestResult executionId="ea860e43-ccc6-4b21-b0ad-bac4f584280e" testId="4c768e2a-008b-45c4-b910-aa15b8751322" testName="TFSTests.SprintCapacity paintZeroState - Open iteration dates setup dialog" computerName="TFSBUILD11" duration="00:00:00.0180000" startTime="2015-09-28T09:46:05.7326566-07:00" endTime="2015-09-28T09:46:05.7326566-07:00" testType="13cdc9d9-ddb5-4fa4-a97d-d965ccfc6d4b" outcome="Passed" testListId="8c84fa94-04c1-424b-9868-57a2d4851a1d" relativeResultsDirectory="ea860e43-ccc6-4b21-b0ad-bac4f584280e" />
    <UnitTestResult executionId="6007b21b-f9a4-4211-9941-7f15d0446e8d" testId="5df3e1da-bfaa-4073-a1bc-bf57d14e649d" testName="TFSTests.SprintCapacity paintZeroState - go to capacity page" computerName="TFSBUILD11" duration="00:00:00.0170000" startTime="2015-09-28T09:46:05.7326566-07:00" endTime="2015-09-28T09:46:05.7326566-07:00" testType="13cdc9d9-ddb5-4fa4-a97d-d965ccfc6d4b" outcome="Passed" testListId="8c84fa94-04c1-424b-9868-57a2d4851a1d" relativeResultsDirectory="6007b21b-f9a4-4211-9941-7f15d0446e8d" />
    <UnitTestResult executionId="79f2d785-b490-499e-a190-d348a9992d0a" testId="72a0ad43-e482-465b-8569-ae51351aca1b" testName="TFSTests.Widget.Utils.Sprint Widget.Utils.Sprint - default" computerName="TFSBUILD11" duration="00:00:00.0200000" startTime="2015-09-28T09:46:05.7326566-07:00" endTime="2015-09-28T09:46:05.7326566-07:00" testType="13cdc9d9-ddb5-4fa4-a97d-d965ccfc6d4b" outcome="Passed" testListId="8c84fa94-04c1-424b-9868-57a2d4851a1d" relativeResultsDirectory="79f2d785-b490-499e-a190-d348a9992d0a" />
    <UnitTestResult executionId="c844e3b1-7a01-418c-8442-a1224a6f4328" testId="51c8b827-ac11-4801-958f-a49a15f2bade" testName="TFSTests.Widget.Utils.Sprint Widget.Utils.Sprint - zero work items returned" computerName="TFSBUILD11" duration="00:00:00.0160000" startTime="2015-09-28T09:46:05.7326566-07:00" endTime="2015-09-28T09:46:05.7326566-07:00" testType="13cdc9d9-ddb5-4fa4-a97d-d965ccfc6d4b" outcome="Passed" testListId="8c84fa94-04c1-424b-9868-57a2d4851a1d" relativeResultsDirectory="c844e3b1-7a01-418c-8442-a1224a6f4328" />
    <UnitTestResult executionId="bd73728a-af86-4e71-b729-5b409a1d46fd" testId="24eb1dde-c6a0-41c1-8f88-883fa262967e" testName="TFSTests.Widget.Utils.Sprint Widget.Utils.Sprint - &gt;200 and &lt;2000 work items returned" computerName="TFSBUILD11" duration="00:00:00.0160000" startTime="2015-09-28T09:46:05.7326566-07:00" endTime="2015-09-28T09:46:05.7326566-07:00" testType="13cdc9d9-ddb5-4fa4-a97d-d965ccfc6d4b" outcome="Passed" testListId="8c84fa94-04c1-424b-9868-57a2d4851a1d" relativeResultsDirectory="bd73728a-af86-4e71-b729-5b409a1d46fd" />
    <UnitTestResult executionId="459f594e-4c81-48bb-8a85-08e84cfa7a8c" testId="644d314c-2c4e-4570-b760-07c9bd4360c3" testName="TFSTests.Widget.Utils.Sprint Widget.Utils.Sprint - Initialize() rejects with valid error when Ajax.issueRequest fails" computerName="TFSBUILD11" duration="00:00:00.0160000" startTime="2015-09-28T09:46:05.7326566-07:00" endTime="2015-09-28T09:46:05.7326566-07:00" testType="13cdc9d9-ddb5-4fa4-a97d-d965ccfc6d4b" outcome="Passed" testListId="8c84fa94-04c1-424b-9868-57a2d4851a1d" relativeResultsDirectory="459f594e-4c81-48bb-8a85-08e84cfa7a8c" />
    <UnitTestResult executionId="d92d2dc5-3893-49c4-911e-4bb80123cdec" testId="19ce21e5-d7c0-4139-be2a-f9a72f0b40c8" testName="TFSTests.Widget.Utils.Sprint Widget.Utils.Sprint - Initialize() rejects with Sys.ArgumentException when getting malformed JSON from query builder URL" computerName="TFSBUILD11" duration="00:00:00.0160000" startTime="2015-09-28T09:46:05.9382385-07:00" endTime="2015-09-28T09:46:05.9382385-07:00" testType="13cdc9d9-ddb5-4fa4-a97d-d965ccfc6d4b" outcome="Passed" testListId="8c84fa94-04c1-424b-9868-57a2d4851a1d" relativeResultsDirectory="d92d2dc5-3893-49c4-911e-4bb80123cdec" />
    <UnitTestResult executionId="4a994030-2480-43b2-8902-0ce7fe7c621c" testId="e28dce12-183b-4dcc-98c1-2d1ed803ce3a" testName="TFSTests.Widget.Utils.Sprint Widget.Utils.Sprint - Initialize() rejects with when queryByWiql fails" computerName="TFSBUILD11" duration="00:00:00.0210000" startTime="2015-09-28T09:46:05.9382385-07:00" endTime="2015-09-28T09:46:05.9382385-07:00" testType="13cdc9d9-ddb5-4fa4-a97d-d965ccfc6d4b" outcome="Passed" testListId="8c84fa94-04c1-424b-9868-57a2d4851a1d" relativeResultsDirectory="4a994030-2480-43b2-8902-0ce7fe7c621c" />
    <UnitTestResult executionId="6af5f66e-853f-48a9-bff7-c9af5ebb2256" testId="e3915447-7b91-48e5-b768-f00838bc8624" testName="TFSTests.Widget.Utils.Sprint Widget.Utils.Sprint - Initialize() rejects with when getWorkItems fails" computerName="TFSBUILD11" duration="00:00:00.0160000" startTime="2015-09-28T09:46:05.9382385-07:00" endTime="2015-09-28T09:46:05.9382385-07:00" testType="13cdc9d9-ddb5-4fa4-a97d-d965ccfc6d4b" outcome="Passed" testListId="8c84fa94-04c1-424b-9868-57a2d4851a1d" relativeResultsDirectory="6af5f66e-853f-48a9-bff7-c9af5ebb2256" />
    <UnitTestResult executionId="e8c75c55-4ba7-4779-8c4a-dd04a3c11d58" testId="c2ae4063-3836-4757-bcf2-8d1226d0b6f0" testName="TFSTests.SprintOverview Sprint Overview Widget - default" computerName="TFSBUILD11" duration="00:00:00.0440000" startTime="2015-09-28T09:46:05.9382385-07:00" endTime="2015-09-28T09:46:05.9382385-07:00" testType="13cdc9d9-ddb5-4fa4-a97d-d965ccfc6d4b" outcome="Passed" testListId="8c84fa94-04c1-424b-9868-57a2d4851a1d" relativeResultsDirectory="e8c75c55-4ba7-4779-8c4a-dd04a3c11d58" />
    <UnitTestResult executionId="b26423a6-9f7a-4a6c-b733-85234606c6b2" testId="1ededd31-c17c-4d3b-b37f-8531926ba5eb" testName="TFSTests.SprintOverview Sprint Overview Widget - use singular when one working day remains" computerName="TFSBUILD11" duration="00:00:00.0360000" startTime="2015-09-28T09:46:05.9382385-07:00" endTime="2015-09-28T09:46:05.9382385-07:00" testType="13cdc9d9-ddb5-4fa4-a97d-d965ccfc6d4b" outcome="Passed" testListId="8c84fa94-04c1-424b-9868-57a2d4851a1d" relativeResultsDirectory="b26423a6-9f7a-4a6c-b733-85234606c6b2" />
    <UnitTestResult executionId="77665191-ae9c-42ce-9245-e830ff25d3ba" testId="fe0a29db-a37c-4485-9795-ab5ad37f8499" testName="TFSTests.SprintOverview Sprint Overview Widget - no iterations configured" computerName="TFSBUILD11" duration="00:00:00.0180000" startTime="2015-09-28T09:46:05.9382385-07:00" endTime="2015-09-28T09:46:05.9382385-07:00" testType="13cdc9d9-ddb5-4fa4-a97d-d965ccfc6d4b" outcome="Passed" testListId="8c84fa94-04c1-424b-9868-57a2d4851a1d" relativeResultsDirectory="77665191-ae9c-42ce-9245-e830ff25d3ba" />
    <UnitTestResult executionId="ad354b99-1924-4a56-add3-70993ffb4d7a" testId="02ccdb27-4184-4957-8e7d-4edf628c9703" testName="TFSTests.SprintOverview Sprint Overview Widget - no work items" computerName="TFSBUILD11" duration="00:00:00.0170000" startTime="2015-09-28T09:46:05.9382385-07:00" endTime="2015-09-28T09:46:05.9382385-07:00" testType="13cdc9d9-ddb5-4fa4-a97d-d965ccfc6d4b" outcome="Passed" testListId="8c84fa94-04c1-424b-9868-57a2d4851a1d" relativeResultsDirectory="ad354b99-1924-4a56-add3-70993ffb4d7a" />
    <UnitTestResult executionId="c4ebe74d-ef6a-4e94-a138-5166a79d14e8" testId="7e40f963-9ac6-4736-8ed1-6184b54cc38f" testName="TFSTests.SprintOverview Sprint Overview Widget - failed getting Sprint Capacity" computerName="TFSBUILD11" duration="00:00:00.0160000" startTime="2015-09-28T09:46:05.9382385-07:00" endTime="2015-09-28T09:46:05.9382385-07:00" testType="13cdc9d9-ddb5-4fa4-a97d-d965ccfc6d4b" outcome="Passed" testListId="8c84fa94-04c1-424b-9868-57a2d4851a1d" relativeResultsDirectory="c4ebe74d-ef6a-4e94-a138-5166a79d14e8" />
    <UnitTestResult executionId="0e898afe-2b88-4b81-ac92-dc1c428390d0" testId="0f13c87b-ef8f-46ea-ac23-49184a55b4c6" testName="TFSTests.SprintOverview Sprint Overview Widget - failed getting Process Settings" computerName="TFSBUILD11" duration="00:00:00.0170000" startTime="2015-09-28T09:46:05.9382385-07:00" endTime="2015-09-28T09:46:05.9382385-07:00" testType="13cdc9d9-ddb5-4fa4-a97d-d965ccfc6d4b" outcome="Passed" testListId="8c84fa94-04c1-424b-9868-57a2d4851a1d" relativeResultsDirectory="0e898afe-2b88-4b81-ac92-dc1c428390d0" />
    <UnitTestResult executionId="2e7f745d-bd50-4969-893e-a5e57619c552" testId="ebd7f737-6fbd-4671-b579-07511e78f44c" testName="TFSTests.SprintOverview Sprint Overview Widget - failed getting Backlog" computerName="TFSBUILD11" duration="00:00:00.0170000" startTime="2015-09-28T09:46:06.1900700-07:00" endTime="2015-09-28T09:46:06.1900700-07:00" testType="13cdc9d9-ddb5-4fa4-a97d-d965ccfc6d4b" outcome="Passed" testListId="8c84fa94-04c1-424b-9868-57a2d4851a1d" relativeResultsDirectory="2e7f745d-bd50-4969-893e-a5e57619c552" />
  </Results>
  <TestDefinitions>
    <UnitTest name="TFSTests.BaseCharts BaseChart - Construction with Null Option" storage="d:\v2.0\a1\_work\dbded102\vso\tfs\service\webaccess\widgets\testscripts\tests\tfstests.basechart.ts" id="766faab5-ed32-4f7a-8664-913d78d2baa9">
      <Execution id="e331d1c3-9907-40fe-80d3-297c068ce892" />
      <TestMethod codeBase="d:\v2.0\a1\_work\dbded102\vso\tfs\service\webaccess\widgets\testscripts\tests\tfstests.basechart.ts" adapterTypeName="Microsoft.VisualStudio.TestTools.TestTypes.Unit.UnitTestAdapter" className="d:\v2.0\a1\_work\dbded102\vso\tfs\service\webaccess\widgets\testscripts\tests\tfstests.basechart.ts::tfstests" name="TFSTests.BaseCharts BaseChart - Construction with Null Option" />
    </UnitTest>
    <UnitTest name="TFSTests.BaseCharts BaseChart - Container Creation with Content" storage="d:\v2.0\a1\_work\dbded102\vso\tfs\service\webaccess\widgets\testscripts\tests\tfstests.basechart.ts" id="baa7e7e1-8fa3-4a82-9733-b5b45bd7cec2">
      <Execution id="7916fe93-810b-4aae-b842-10c288f8d6d9" />
      <TestMethod codeBase="d:\v2.0\a1\_work\dbded102\vso\tfs\service\webaccess\widgets\testscripts\tests\tfstests.basechart.ts" adapterTypeName="Microsoft.VisualStudio.TestTools.TestTypes.Unit.UnitTestAdapter" className="d:\v2.0\a1\_work\dbded102\vso\tfs\service\webaccess\widgets\testscripts\tests\tfstests.basechart.ts::tfstests" name="TFSTests.BaseCharts BaseChart - Container Creation with Content" />
    </UnitTest>
    <UnitTest name="TFSTests.BaseCharts BaseChart - Container Creation with Url" storage="d:\v2.0\a1\_work\dbded102\vso\tfs\service\webaccess\widgets\testscripts\tests\tfstests.basechart.ts" id="5d62f135-b90a-49f9-ab01-73149fefdee9">
      <Execution id="d9395196-be4b-4ebd-b6ed-17551ce9a5a8" />
      <TestMethod codeBase="d:\v2.0\a1\_work\dbded102\vso\tfs\service\webaccess\widgets\testscripts\tests\tfstests.basechart.ts" adapterTypeName="Microsoft.VisualStudio.TestTools.TestTypes.Unit.UnitTestAdapter" className="d:\v2.0\a1\_work\dbded102\vso\tfs\service\webaccess\widgets\testscripts\tests\tfstests.basechart.ts::tfstests" name="TFSTests.BaseCharts BaseChart - Container Creation with Url" />
    </UnitTest>
    <UnitTest name="TFSTests.BaseCharts BaseChart Container Creation - Data-is-clickable default value" storage="d:\v2.0\a1\_work\dbded102\vso\tfs\service\webaccess\widgets\testscripts\tests\tfstests.basechart.ts" id="88f4c02e-47d5-43c7-9e11-3959ff662519">
      <Execution id="2be30430-76e0-4d68-b8f2-1992451e203d" />
      <TestMethod codeBase="d:\v2.0\a1\_work\dbded102\vso\tfs\service\webaccess\widgets\testscripts\tests\tfstests.basechart.ts" adapterTypeName="Microsoft.VisualStudio.TestTools.TestTypes.Unit.UnitTestAdapter" className="d:\v2.0\a1\_work\dbded102\vso\tfs\service\webaccess\widgets\testscripts\tests\tfstests.basechart.ts::tfstests" name="TFSTests.BaseCharts BaseChart Container Creation - Data-is-clickable default value" />
    </UnitTest>
    <UnitTest name="TFSTests.BaseCharts BaseChart - Container Creation with Class full size widget" storage="d:\v2.0\a1\_work\dbded102\vso\tfs\service\webaccess\widgets\testscripts\tests\tfstests.basechart.ts" id="72bae5f3-6a30-454d-b93d-867830f98a12">
      <Execution id="3c49bcda-1557-4cf0-a537-c1f9b48078e7" />
      <TestMethod codeBase="d:\v2.0\a1\_work\dbded102\vso\tfs\service\webaccess\widgets\testscripts\tests\tfstests.basechart.ts" adapterTypeName="Microsoft.VisualStudio.TestTools.TestTypes.Unit.UnitTestAdapter" className="d:\v2.0\a1\_work\dbded102\vso\tfs\service\webaccess\widgets\testscripts\tests\tfstests.basechart.ts::tfstests" name="TFSTests.BaseCharts BaseChart - Container Creation with Class full size widget" />
    </UnitTest>
    <UnitTest name="TFSTests.BaseCharts BaseChart - ExecuteAjaxCallToGetChartInformation with Successful Ajax" storage="d:\v2.0\a1\_work\dbded102\vso\tfs\service\webaccess\widgets\testscripts\tests\tfstests.basechart.ts" id="2eb9f470-cd4c-4f33-ac57-6f32b5c0d59e">
      <Execution id="c3e9f7ca-502d-41ee-8c57-51c1ae591526" />
      <TestMethod codeBase="d:\v2.0\a1\_work\dbded102\vso\tfs\service\webaccess\widgets\testscripts\tests\tfstests.basechart.ts" adapterTypeName="Microsoft.VisualStudio.TestTools.TestTypes.Unit.UnitTestAdapter" className="d:\v2.0\a1\_work\dbded102\vso\tfs\service\webaccess\widgets\testscripts\tests\tfstests.basechart.ts::tfstests" name="TFSTests.BaseCharts BaseChart - ExecuteAjaxCallToGetChartInformation with Successful Ajax" />
    </UnitTest>
    <UnitTest name="TFSTests.BaseCharts BaseChart - ExecuteAjaxCallToGetChartInformation with Failed Ajax" storage="d:\v2.0\a1\_work\dbded102\vso\tfs\service\webaccess\widgets\testscripts\tests\tfstests.basechart.ts" id="c3b95718-89bf-4460-998d-1abbabe43be9">
      <Execution id="7af5c580-e2b1-4d90-ab56-621f10372b48" />
      <TestMethod codeBase="d:\v2.0\a1\_work\dbded102\vso\tfs\service\webaccess\widgets\testscripts\tests\tfstests.basechart.ts" adapterTypeName="Microsoft.VisualStudio.TestTools.TestTypes.Unit.UnitTestAdapter" className="d:\v2.0\a1\_work\dbded102\vso\tfs\service\webaccess\widgets\testscripts\tests\tfstests.basechart.ts::tfstests" name="TFSTests.BaseCharts BaseChart - ExecuteAjaxCallToGetChartInformation with Failed Ajax" />
    </UnitTest>
    <UnitTest name="TFSTests.BaseCharts BaseChart - NotifyWidget Done" storage="d:\v2.0\a1\_work\dbded102\vso\tfs\service\webaccess\widgets\testscripts\tests\tfstests.basechart.ts" id="2aec6c1b-ccc1-46a5-b6e3-d184bcac6d28">
      <Execution id="fa4f3e6a-7dc0-4abb-b8d1-2dc34651f8fb" />
      <TestMethod codeBase="d:\v2.0\a1\_work\dbded102\vso\tfs\service\webaccess\widgets\testscripts\tests\tfstests.basechart.ts" adapterTypeName="Microsoft.VisualStudio.TestTools.TestTypes.Unit.UnitTestAdapter" className="d:\v2.0\a1\_work\dbded102\vso\tfs\service\webaccess\widgets\testscripts\tests\tfstests.basechart.ts::tfstests" name="TFSTests.BaseCharts BaseChart - NotifyWidget Done" />
    </UnitTest>
    <UnitTest name="TFSTests.BaseCharts BaseChart - NotifyWidget Fail" storage="d:\v2.0\a1\_work\dbded102\vso\tfs\service\webaccess\widgets\testscripts\tests\tfstests.basechart.ts" id="8d0caa95-ccf8-421b-a204-2b8775e7a45d">
      <Execution id="0a29e4e5-7e81-4351-9042-54e3ed027cc9" />
      <TestMethod codeBase="d:\v2.0\a1\_work\dbded102\vso\tfs\service\webaccess\widgets\testscripts\tests\tfstests.basechart.ts" adapterTypeName="Microsoft.VisualStudio.TestTools.TestTypes.Unit.UnitTestAdapter" className="d:\v2.0\a1\_work\dbded102\vso\tfs\service\webaccess\widgets\testscripts\tests\tfstests.basechart.ts::tfstests" name="TFSTests.BaseCharts BaseChart - NotifyWidget Fail" />
    </UnitTest>
    <UnitTest name="TFSTests.BaseCharts BaseChart - getOptionForWidget Reponse Null" storage="d:\v2.0\a1\_work\dbded102\vso\tfs\service\webaccess\widgets\testscripts\tests\tfstests.basechart.ts" id="361615f5-fbab-4ccb-a183-3f0c17af8071">
      <Execution id="4d37e492-ffd7-49c0-b7fa-f6b8a0ec6bdf" />
      <TestMethod codeBase="d:\v2.0\a1\_work\dbded102\vso\tfs\service\webaccess\widgets\testscripts\tests\tfstests.basechart.ts" adapterTypeName="Microsoft.VisualStudio.TestTools.TestTypes.Unit.UnitTestAdapter" className="d:\v2.0\a1\_work\dbded102\vso\tfs\service\webaccess\widgets\testscripts\tests\tfstests.basechart.ts::tfstests" name="TFSTests.BaseCharts BaseChart - getOptionForWidget Reponse Null" />
    </UnitTest>
    <UnitTest name="TFSTests.BaseCharts BaseChart - getOptionForWidget Reponse empty string" storage="d:\v2.0\a1\_work\dbded102\vso\tfs\service\webaccess\widgets\testscripts\tests\tfstests.basechart.ts" id="5c2d4b1d-f578-43c5-9969-551452e0e975">
      <Execution id="88c15e35-192c-4a75-8440-703e131a5c31" />
      <TestMethod codeBase="d:\v2.0\a1\_work\dbded102\vso\tfs\service\webaccess\widgets\testscripts\tests\tfstests.basechart.ts" adapterTypeName="Microsoft.VisualStudio.TestTools.TestTypes.Unit.UnitTestAdapter" className="d:\v2.0\a1\_work\dbded102\vso\tfs\service\webaccess\widgets\testscripts\tests\tfstests.basechart.ts::tfstests" name="TFSTests.BaseCharts BaseChart - getOptionForWidget Reponse empty string" />
    </UnitTest>
    <UnitTest name="TFSTests.BaseCharts BaseChart - getOptionForWidget No data island defined" storage="d:\v2.0\a1\_work\dbded102\vso\tfs\service\webaccess\widgets\testscripts\tests\tfstests.basechart.ts" id="bd42d969-9cb0-4583-83c5-647d08f63ba0">
      <Execution id="ba3dfdb6-1362-486d-83d3-15bf1cfd3f84" />
      <TestMethod codeBase="d:\v2.0\a1\_work\dbded102\vso\tfs\service\webaccess\widgets\testscripts\tests\tfstests.basechart.ts" adapterTypeName="Microsoft.VisualStudio.TestTools.TestTypes.Unit.UnitTestAdapter" className="d:\v2.0\a1\_work\dbded102\vso\tfs\service\webaccess\widgets\testscripts\tests\tfstests.basechart.ts::tfstests" name="TFSTests.BaseCharts BaseChart - getOptionForWidget No data island defined" />
    </UnitTest>
    <UnitTest name="TFSTests.BaseCharts BaseChart - getOptionForWidget Data island defined" storage="d:\v2.0\a1\_work\dbded102\vso\tfs\service\webaccess\widgets\testscripts\tests\tfstests.basechart.ts" id="0f02e799-2313-4c9f-97fe-a15ea578931d">
      <Execution id="65410b89-72b9-4b6e-99da-99eeeb32cf3f" />
      <TestMethod codeBase="d:\v2.0\a1\_work\dbded102\vso\tfs\service\webaccess\widgets\testscripts\tests\tfstests.basechart.ts" adapterTypeName="Microsoft.VisualStudio.TestTools.TestTypes.Unit.UnitTestAdapter" className="d:\v2.0\a1\_work\dbded102\vso\tfs\service\webaccess\widgets\testscripts\tests\tfstests.basechart.ts::tfstests" name="TFSTests.BaseCharts BaseChart - getOptionForWidget Data island defined" />
    </UnitTest>
    <UnitTest name="TFSTests.BaseScalar BaseScalarWidget Construction with Null Option" storage="d:\v2.0\a1\_work\dbded102\vso\tfs\service\webaccess\widgets\testscripts\tests\tfstests.basescalarwidget.ts" id="8bf22112-0d8e-43ec-a4fc-b595007ea538">
      <Execution id="3f5f5ffa-af00-44e2-b9eb-0f8d64312cb7" />
      <TestMethod codeBase="d:\v2.0\a1\_work\dbded102\vso\tfs\service\webaccess\widgets\testscripts\tests\tfstests.basescalarwidget.ts" adapterTypeName="Microsoft.VisualStudio.TestTools.TestTypes.Unit.UnitTestAdapter" className="d:\v2.0\a1\_work\dbded102\vso\tfs\service\webaccess\widgets\testscripts\tests\tfstests.basescalarwidget.ts::tfstests" name="TFSTests.BaseScalar BaseScalarWidget Construction with Null Option" />
    </UnitTest>
    <UnitTest name="TFSTests.BaseWidget BaseWidgetControl - showUnConfiguredControl creates and shows unconfigured control" storage="d:\v2.0\a1\_work\dbded102\vso\tfs\service\webaccess\widgets\testscripts\tests\tfstests.basewidget.ts" id="c65c7519-c8fa-4acb-8df6-bcf8f63974e0">
      <Execution id="49e1c728-8ebf-4717-bbc5-bce8e4a41e3c" />
      <TestMethod codeBase="d:\v2.0\a1\_work\dbded102\vso\tfs\service\webaccess\widgets\testscripts\tests\tfstests.basewidget.ts" adapterTypeName="Microsoft.VisualStudio.TestTools.TestTypes.Unit.UnitTestAdapter" className="d:\v2.0\a1\_work\dbded102\vso\tfs\service\webaccess\widgets\testscripts\tests\tfstests.basewidget.ts::tfstests" name="TFSTests.BaseWidget BaseWidgetControl - showUnConfiguredControl creates and shows unconfigured control" />
    </UnitTest>
    <UnitTest name="TFSTests.BaseWidget BaseWidgetControl - showUnConfiguredControl doesn't create unconfigured control twice" storage="d:\v2.0\a1\_work\dbded102\vso\tfs\service\webaccess\widgets\testscripts\tests\tfstests.basewidget.ts" id="517758f2-4414-4c31-845d-9ef72df4903f">
      <Execution id="810d2161-c138-473e-b7d5-d396079235e3" />
      <TestMethod codeBase="d:\v2.0\a1\_work\dbded102\vso\tfs\service\webaccess\widgets\testscripts\tests\tfstests.basewidget.ts" adapterTypeName="Microsoft.VisualStudio.TestTools.TestTypes.Unit.UnitTestAdapter" className="d:\v2.0\a1\_work\dbded102\vso\tfs\service\webaccess\widgets\testscripts\tests\tfstests.basewidget.ts::tfstests" name="TFSTests.BaseWidget BaseWidgetControl - showUnConfiguredControl doesn't create unconfigured control twice" />
    </UnitTest>
    <UnitTest name="TFSTests.BaseWidget BaseWidgetControl - showUnConfiguredControl createa unconfigured control again if size has changed" storage="d:\v2.0\a1\_work\dbded102\vso\tfs\service\webaccess\widgets\testscripts\tests\tfstests.basewidget.ts" id="6a1f4ce4-a5b3-4c66-923d-ff524487718b">
      <Execution id="1057b56f-a773-4780-b42e-553147a1f73a" />
      <TestMethod codeBase="d:\v2.0\a1\_work\dbded102\vso\tfs\service\webaccess\widgets\testscripts\tests\tfstests.basewidget.ts" adapterTypeName="Microsoft.VisualStudio.TestTools.TestTypes.Unit.UnitTestAdapter" className="d:\v2.0\a1\_work\dbded102\vso\tfs\service\webaccess\widgets\testscripts\tests\tfstests.basewidget.ts::tfstests" name="TFSTests.BaseWidget BaseWidgetControl - showUnConfiguredControl createa unconfigured control again if size has changed" />
    </UnitTest>
    <UnitTest name="TFSTests.BaseWidget BaseWidgetControl - hideUnConfiguredControl hides unconfigured control" storage="d:\v2.0\a1\_work\dbded102\vso\tfs\service\webaccess\widgets\testscripts\tests\tfstests.basewidget.ts" id="685c2d46-4cdd-4a4b-b449-f4000be30159">
      <Execution id="ba6ac5f9-27d5-4e95-8385-53f460aa03d6" />
      <TestMethod codeBase="d:\v2.0\a1\_work\dbded102\vso\tfs\service\webaccess\widgets\testscripts\tests\tfstests.basewidget.ts" adapterTypeName="Microsoft.VisualStudio.TestTools.TestTypes.Unit.UnitTestAdapter" className="d:\v2.0\a1\_work\dbded102\vso\tfs\service\webaccess\widgets\testscripts\tests\tfstests.basewidget.ts::tfstests" name="TFSTests.BaseWidget BaseWidgetControl - hideUnConfiguredControl hides unconfigured control" />
    </UnitTest>
    <UnitTest name="TFSTests.BaseWidget BaseWidgetControl - hideUnConfiguredControl handles null unconfigured control" storage="d:\v2.0\a1\_work\dbded102\vso\tfs\service\webaccess\widgets\testscripts\tests\tfstests.basewidget.ts" id="eef73671-b3fd-4899-af72-d5fdcd8d3c41">
      <Execution id="794586a7-95c0-44eb-87c7-4f1e1ee4e739" />
      <TestMethod codeBase="d:\v2.0\a1\_work\dbded102\vso\tfs\service\webaccess\widgets\testscripts\tests\tfstests.basewidget.ts" adapterTypeName="Microsoft.VisualStudio.TestTools.TestTypes.Unit.UnitTestAdapter" className="d:\v2.0\a1\_work\dbded102\vso\tfs\service\webaccess\widgets\testscripts\tests\tfstests.basewidget.ts::tfstests" name="TFSTests.BaseWidget BaseWidgetControl - hideUnConfiguredControl handles null unconfigured control" />
    </UnitTest>
    <UnitTest name="TFSTests.BaseWidget BaseWidgetControl - createUnconfiguredControl creates control" storage="d:\v2.0\a1\_work\dbded102\vso\tfs\service\webaccess\widgets\testscripts\tests\tfstests.basewidget.ts" id="39e6442e-cd3d-405b-bb70-909155e8d176">
      <Execution id="7e9307ea-f0f7-49c1-a2db-fa482f8014cc" />
      <TestMethod codeBase="d:\v2.0\a1\_work\dbded102\vso\tfs\service\webaccess\widgets\testscripts\tests\tfstests.basewidget.ts" adapterTypeName="Microsoft.VisualStudio.TestTools.TestTypes.Unit.UnitTestAdapter" className="d:\v2.0\a1\_work\dbded102\vso\tfs\service\webaccess\widgets\testscripts\tests\tfstests.basewidget.ts::tfstests" name="TFSTests.BaseWidget BaseWidgetControl - createUnconfiguredControl creates control" />
    </UnitTest>
    <UnitTest name="TFSTests.BaseWidget BaseWidgetControl - _unconfiguredControlClickHandler opens configuration if user is admin" storage="d:\v2.0\a1\_work\dbded102\vso\tfs\service\webaccess\widgets\testscripts\tests\tfstests.basewidget.ts" id="40998b95-93c8-49e2-9214-804ad6e85c07">
      <Execution id="5f30796c-3b1c-4bac-b817-f49b70f0ee59" />
      <TestMethod codeBase="d:\v2.0\a1\_work\dbded102\vso\tfs\service\webaccess\widgets\testscripts\tests\tfstests.basewidget.ts" adapterTypeName="Microsoft.VisualStudio.TestTools.TestTypes.Unit.UnitTestAdapter" className="d:\v2.0\a1\_work\dbded102\vso\tfs\service\webaccess\widgets\testscripts\tests\tfstests.basewidget.ts::tfstests" name="TFSTests.BaseWidget BaseWidgetControl - _unconfiguredControlClickHandler opens configuration if user is admin" />
    </UnitTest>
    <UnitTest name="TFSTests.BaseWidget BaseWidgetControl - _unconfiguredControlClickHandler shows dialog if user is not admin" storage="d:\v2.0\a1\_work\dbded102\vso\tfs\service\webaccess\widgets\testscripts\tests\tfstests.basewidget.ts" id="8038a35d-a9df-4ec9-9ac6-ddf90261adaf">
      <Execution id="04916568-68d2-4f18-b539-b62434710bbb" />
      <TestMethod codeBase="d:\v2.0\a1\_work\dbded102\vso\tfs\service\webaccess\widgets\testscripts\tests\tfstests.basewidget.ts" adapterTypeName="Microsoft.VisualStudio.TestTools.TestTypes.Unit.UnitTestAdapter" className="d:\v2.0\a1\_work\dbded102\vso\tfs\service\webaccess\widgets\testscripts\tests\tfstests.basewidget.ts::tfstests" name="TFSTests.BaseWidget BaseWidgetControl - _unconfiguredControlClickHandler shows dialog if user is not admin" />
    </UnitTest>
    <UnitTest name="TFSTests.BuildChart Build Chart - Initialize - Pinning Id/Build Definition Id is missing" storage="d:\v2.0\a1\_work\dbded102\vso\tfs\service\webaccess\widgets\testscripts\tests\tfstests.buildchart.ts" id="0a476010-592e-4ff5-ad6d-39d9dd70bf41">
      <Execution id="5cf3a5f1-c7fc-4716-9b64-f7d85d5da874" />
      <TestMethod codeBase="d:\v2.0\a1\_work\dbded102\vso\tfs\service\webaccess\widgets\testscripts\tests\tfstests.buildchart.ts" adapterTypeName="Microsoft.VisualStudio.TestTools.TestTypes.Unit.UnitTestAdapter" className="d:\v2.0\a1\_work\dbded102\vso\tfs\service\webaccess\widgets\testscripts\tests\tfstests.buildchart.ts::tfstests" name="TFSTests.BuildChart Build Chart - Initialize - Pinning Id/Build Definition Id is missing" />
    </UnitTest>
    <UnitTest name="TFSTests.BuildChart Build Chart - Initialize - Pinning Id/Build Definition Id is invalid" storage="d:\v2.0\a1\_work\dbded102\vso\tfs\service\webaccess\widgets\testscripts\tests\tfstests.buildchart.ts" id="71337984-3be2-46da-8215-434f500d6fa0">
      <Execution id="b03d53d6-0b88-4f84-86bd-a36cee9c61f1" />
      <TestMethod codeBase="d:\v2.0\a1\_work\dbded102\vso\tfs\service\webaccess\widgets\testscripts\tests\tfstests.buildchart.ts" adapterTypeName="Microsoft.VisualStudio.TestTools.TestTypes.Unit.UnitTestAdapter" className="d:\v2.0\a1\_work\dbded102\vso\tfs\service\webaccess\widgets\testscripts\tests\tfstests.buildchart.ts::tfstests" name="TFSTests.BuildChart Build Chart - Initialize - Pinning Id/Build Definition Id is invalid" />
    </UnitTest>
    <UnitTest name="TFSTests.BuildChart Build Chart - Initialize - Failed call for the get Builds" storage="d:\v2.0\a1\_work\dbded102\vso\tfs\service\webaccess\widgets\testscripts\tests\tfstests.buildchart.ts" id="d2c6a4f9-af34-42b3-84dc-4b4e493e29cd">
      <Execution id="8b822a96-5982-4695-bd2f-9e8f121f70a3" />
      <TestMethod codeBase="d:\v2.0\a1\_work\dbded102\vso\tfs\service\webaccess\widgets\testscripts\tests\tfstests.buildchart.ts" adapterTypeName="Microsoft.VisualStudio.TestTools.TestTypes.Unit.UnitTestAdapter" className="d:\v2.0\a1\_work\dbded102\vso\tfs\service\webaccess\widgets\testscripts\tests\tfstests.buildchart.ts::tfstests" name="TFSTests.BuildChart Build Chart - Initialize - Failed call for the get Builds" />
    </UnitTest>
    <UnitTest name="TFSTests.BuildChart Build Chart - Initialize - Success on api calls" storage="d:\v2.0\a1\_work\dbded102\vso\tfs\service\webaccess\widgets\testscripts\tests\tfstests.buildchart.ts" id="cb3b25af-7a42-4565-8c36-f8479e1f703d">
      <Execution id="9788b98e-3dac-4d63-a7fe-5e88a1d0477a" />
      <TestMethod codeBase="d:\v2.0\a1\_work\dbded102\vso\tfs\service\webaccess\widgets\testscripts\tests\tfstests.buildchart.ts" adapterTypeName="Microsoft.VisualStudio.TestTools.TestTypes.Unit.UnitTestAdapter" className="d:\v2.0\a1\_work\dbded102\vso\tfs\service\webaccess\widgets\testscripts\tests\tfstests.buildchart.ts::tfstests" name="TFSTests.BuildChart Build Chart - Initialize - Success on api calls" />
    </UnitTest>
    <UnitTest name="TFSTests.BuildChart Build Chart - render - empty api call, no builds for definition" storage="d:\v2.0\a1\_work\dbded102\vso\tfs\service\webaccess\widgets\testscripts\tests\tfstests.buildchart.ts" id="9b1fb3ea-365e-440f-bf52-838c01f7e395">
      <Execution id="a2d9fe19-824d-4281-943c-9ff542813954" />
      <TestMethod codeBase="d:\v2.0\a1\_work\dbded102\vso\tfs\service\webaccess\widgets\testscripts\tests\tfstests.buildchart.ts" adapterTypeName="Microsoft.VisualStudio.TestTools.TestTypes.Unit.UnitTestAdapter" className="d:\v2.0\a1\_work\dbded102\vso\tfs\service\webaccess\widgets\testscripts\tests\tfstests.buildchart.ts::tfstests" name="TFSTests.BuildChart Build Chart - render - empty api call, no builds for definition" />
    </UnitTest>
    <UnitTest name="TFSTests.BuildChart Build Chart - render - populated api call with multiple builds for definition" storage="d:\v2.0\a1\_work\dbded102\vso\tfs\service\webaccess\widgets\testscripts\tests\tfstests.buildchart.ts" id="357aeab7-e642-4893-8523-159f658c42cb">
      <Execution id="507894c5-3d55-40fc-83af-8dbbe348daa9" />
      <TestMethod codeBase="d:\v2.0\a1\_work\dbded102\vso\tfs\service\webaccess\widgets\testscripts\tests\tfstests.buildchart.ts" adapterTypeName="Microsoft.VisualStudio.TestTools.TestTypes.Unit.UnitTestAdapter" className="d:\v2.0\a1\_work\dbded102\vso\tfs\service\webaccess\widgets\testscripts\tests\tfstests.buildchart.ts::tfstests" name="TFSTests.BuildChart Build Chart - render - populated api call with multiple builds for definition" />
    </UnitTest>
    <UnitTest name="TFSTests.HowToLinks HowTo Links - Notify" storage="d:\v2.0\a1\_work\dbded102\vso\tfs\service\webaccess\widgets\testscripts\tests\tfstests.howtolinks.ts" id="88f31217-3bcb-479d-abb5-6df485ebe84e">
      <Execution id="fa78f3c6-f692-45b9-944d-167527282edc" />
      <TestMethod codeBase="d:\v2.0\a1\_work\dbded102\vso\tfs\service\webaccess\widgets\testscripts\tests\tfstests.howtolinks.ts" adapterTypeName="Microsoft.VisualStudio.TestTools.TestTypes.Unit.UnitTestAdapter" className="d:\v2.0\a1\_work\dbded102\vso\tfs\service\webaccess\widgets\testscripts\tests\tfstests.howtolinks.ts::tfstests" name="TFSTests.HowToLinks HowTo Links - Notify" />
    </UnitTest>
    <UnitTest name="TFSTests.HowToLinks HowTo Links - Render" storage="d:\v2.0\a1\_work\dbded102\vso\tfs\service\webaccess\widgets\testscripts\tests\tfstests.howtolinks.ts" id="c2d4b136-25b6-4f08-a82d-4ef5bf9c5ab4">
      <Execution id="0ae67e4c-acd6-424e-8a52-8c1debde1605" />
      <TestMethod codeBase="d:\v2.0\a1\_work\dbded102\vso\tfs\service\webaccess\widgets\testscripts\tests\tfstests.howtolinks.ts" adapterTypeName="Microsoft.VisualStudio.TestTools.TestTypes.Unit.UnitTestAdapter" className="d:\v2.0\a1\_work\dbded102\vso\tfs\service\webaccess\widgets\testscripts\tests\tfstests.howtolinks.ts::tfstests" name="TFSTests.HowToLinks HowTo Links - Render" />
    </UnitTest>
    <UnitTest name="TFSTests.HowToLinks HowTo Links - Click" storage="d:\v2.0\a1\_work\dbded102\vso\tfs\service\webaccess\widgets\testscripts\tests\tfstests.howtolinks.ts" id="7ed8c416-e75b-4cae-99cd-08923d502fb7">
      <Execution id="0ceed850-ef00-49d1-96f0-91686939b9ca" />
      <TestMethod codeBase="d:\v2.0\a1\_work\dbded102\vso\tfs\service\webaccess\widgets\testscripts\tests\tfstests.howtolinks.ts" adapterTypeName="Microsoft.VisualStudio.TestTools.TestTypes.Unit.UnitTestAdapter" className="d:\v2.0\a1\_work\dbded102\vso\tfs\service\webaccess\widgets\testscripts\tests\tfstests.howtolinks.ts::tfstests" name="TFSTests.HowToLinks HowTo Links - Click" />
    </UnitTest>
    <UnitTest name="TFSTests.OffDays Off Days -  Date  - Formats Correctly " storage="d:\v2.0\a1\_work\dbded102\vso\tfs\service\webaccess\widgets\testscripts\tests\tfstests.offdays.ts" id="937d7a51-3147-481d-b6db-7ed5458e584b">
      <Execution id="ae9ee767-dc83-439a-b437-ce6f809978fd" />
      <TestMethod codeBase="d:\v2.0\a1\_work\dbded102\vso\tfs\service\webaccess\widgets\testscripts\tests\tfstests.offdays.ts" adapterTypeName="Microsoft.VisualStudio.TestTools.TestTypes.Unit.UnitTestAdapter" className="d:\v2.0\a1\_work\dbded102\vso\tfs\service\webaccess\widgets\testscripts\tests\tfstests.offdays.ts::tfstests" name="TFSTests.OffDays Off Days -  Date  - Formats Correctly " />
    </UnitTest>
    <UnitTest name="TFSTests.OffDays Off Days -  No People Out" storage="d:\v2.0\a1\_work\dbded102\vso\tfs\service\webaccess\widgets\testscripts\tests\tfstests.offdays.ts" id="e6d02a1b-f1d3-4a7b-a313-4ea17e82dd74">
      <Execution id="ece77eee-be7a-404b-878d-fd02ebe7c5a2" />
      <TestMethod codeBase="d:\v2.0\a1\_work\dbded102\vso\tfs\service\webaccess\widgets\testscripts\tests\tfstests.offdays.ts" adapterTypeName="Microsoft.VisualStudio.TestTools.TestTypes.Unit.UnitTestAdapter" className="d:\v2.0\a1\_work\dbded102\vso\tfs\service\webaccess\widgets\testscripts\tests\tfstests.offdays.ts::tfstests" name="TFSTests.OffDays Off Days -  No People Out" />
    </UnitTest>
    <UnitTest name="TFSTests.OffDays Off Days -  Filter Iterations" storage="d:\v2.0\a1\_work\dbded102\vso\tfs\service\webaccess\widgets\testscripts\tests\tfstests.offdays.ts" id="2a3a3589-34ab-4c74-be51-4b8a1ac7c6dd">
      <Execution id="745e76a9-504d-4d9a-ad50-3af01d616dae" />
      <TestMethod codeBase="d:\v2.0\a1\_work\dbded102\vso\tfs\service\webaccess\widgets\testscripts\tests\tfstests.offdays.ts" adapterTypeName="Microsoft.VisualStudio.TestTools.TestTypes.Unit.UnitTestAdapter" className="d:\v2.0\a1\_work\dbded102\vso\tfs\service\webaccess\widgets\testscripts\tests\tfstests.offdays.ts::tfstests" name="TFSTests.OffDays Off Days -  Filter Iterations" />
    </UnitTest>
    <UnitTest name="TFSTests.OffDays Off Days -  Filter Capacities - No one out " storage="d:\v2.0\a1\_work\dbded102\vso\tfs\service\webaccess\widgets\testscripts\tests\tfstests.offdays.ts" id="f887ad71-1641-402a-b25d-76654e94c283">
      <Execution id="64c1faad-76a6-405e-b09d-304bc81eca80" />
      <TestMethod codeBase="d:\v2.0\a1\_work\dbded102\vso\tfs\service\webaccess\widgets\testscripts\tests\tfstests.offdays.ts" adapterTypeName="Microsoft.VisualStudio.TestTools.TestTypes.Unit.UnitTestAdapter" className="d:\v2.0\a1\_work\dbded102\vso\tfs\service\webaccess\widgets\testscripts\tests\tfstests.offdays.ts::tfstests" name="TFSTests.OffDays Off Days -  Filter Capacities - No one out " />
    </UnitTest>
    <UnitTest name="TFSTests.OffDays Off Days -  Filter Capacities - Only Off Days " storage="d:\v2.0\a1\_work\dbded102\vso\tfs\service\webaccess\widgets\testscripts\tests\tfstests.offdays.ts" id="36fc8b95-0d08-494e-a75f-e450eefb35b9">
      <Execution id="0123c62f-b8b0-490e-a0dc-5355c4c3f47a" />
      <TestMethod codeBase="d:\v2.0\a1\_work\dbded102\vso\tfs\service\webaccess\widgets\testscripts\tests\tfstests.offdays.ts" adapterTypeName="Microsoft.VisualStudio.TestTools.TestTypes.Unit.UnitTestAdapter" className="d:\v2.0\a1\_work\dbded102\vso\tfs\service\webaccess\widgets\testscripts\tests\tfstests.offdays.ts::tfstests" name="TFSTests.OffDays Off Days -  Filter Capacities - Only Off Days " />
    </UnitTest>
    <UnitTest name="TFSTests.OffDays Off Days -  Filter Capacities - Some off days " storage="d:\v2.0\a1\_work\dbded102\vso\tfs\service\webaccess\widgets\testscripts\tests\tfstests.offdays.ts" id="03faa06b-09af-419d-b358-920098529840">
      <Execution id="fe20962b-4d49-4b68-a67e-85f392d953be" />
      <TestMethod codeBase="d:\v2.0\a1\_work\dbded102\vso\tfs\service\webaccess\widgets\testscripts\tests\tfstests.offdays.ts" adapterTypeName="Microsoft.VisualStudio.TestTools.TestTypes.Unit.UnitTestAdapter" className="d:\v2.0\a1\_work\dbded102\vso\tfs\service\webaccess\widgets\testscripts\tests\tfstests.offdays.ts::tfstests" name="TFSTests.OffDays Off Days -  Filter Capacities - Some off days " />
    </UnitTest>
    <UnitTest name="TFSTests.OffDays Off Days -  Create Member " storage="d:\v2.0\a1\_work\dbded102\vso\tfs\service\webaccess\widgets\testscripts\tests\tfstests.offdays.ts" id="c28a5e39-035f-466b-a271-56411789be35">
      <Execution id="9ec14e2a-6cfe-4c71-b632-6b75773d5a50" />
      <TestMethod codeBase="d:\v2.0\a1\_work\dbded102\vso\tfs\service\webaccess\widgets\testscripts\tests\tfstests.offdays.ts" adapterTypeName="Microsoft.VisualStudio.TestTools.TestTypes.Unit.UnitTestAdapter" className="d:\v2.0\a1\_work\dbded102\vso\tfs\service\webaccess\widgets\testscripts\tests\tfstests.offdays.ts::tfstests" name="TFSTests.OffDays Off Days -  Create Member " />
    </UnitTest>
    <UnitTest name="TFSTests.OffDays Off Days -  People Out  - One Person" storage="d:\v2.0\a1\_work\dbded102\vso\tfs\service\webaccess\widgets\testscripts\tests\tfstests.offdays.ts" id="ff481ad9-3f4e-4141-9ea4-5afebcc8efad">
      <Execution id="e3766204-9f01-48d4-b7cc-ca6ecd8787ec" />
      <TestMethod codeBase="d:\v2.0\a1\_work\dbded102\vso\tfs\service\webaccess\widgets\testscripts\tests\tfstests.offdays.ts" adapterTypeName="Microsoft.VisualStudio.TestTools.TestTypes.Unit.UnitTestAdapter" className="d:\v2.0\a1\_work\dbded102\vso\tfs\service\webaccess\widgets\testscripts\tests\tfstests.offdays.ts::tfstests" name="TFSTests.OffDays Off Days -  People Out  - One Person" />
    </UnitTest>
    <UnitTest name="TFSTests.OffDays Off Days -  Add Content  - with Off Days" storage="d:\v2.0\a1\_work\dbded102\vso\tfs\service\webaccess\widgets\testscripts\tests\tfstests.offdays.ts" id="1da7e832-083e-4dca-9496-f72f78600824">
      <Execution id="ed31f04c-cb05-4584-a940-e22c36e0ac56" />
      <TestMethod codeBase="d:\v2.0\a1\_work\dbded102\vso\tfs\service\webaccess\widgets\testscripts\tests\tfstests.offdays.ts" adapterTypeName="Microsoft.VisualStudio.TestTools.TestTypes.Unit.UnitTestAdapter" className="d:\v2.0\a1\_work\dbded102\vso\tfs\service\webaccess\widgets\testscripts\tests\tfstests.offdays.ts::tfstests" name="TFSTests.OffDays Off Days -  Add Content  - with Off Days" />
    </UnitTest>
    <UnitTest name="TFSTests.OffDays Off Days -  Add Content  - without Off Days" storage="d:\v2.0\a1\_work\dbded102\vso\tfs\service\webaccess\widgets\testscripts\tests\tfstests.offdays.ts" id="49d605e2-3141-4eb2-8049-9b013eb67995">
      <Execution id="bf4ff0d6-cf33-4fad-bde0-ee2eddc14154" />
      <TestMethod codeBase="d:\v2.0\a1\_work\dbded102\vso\tfs\service\webaccess\widgets\testscripts\tests\tfstests.offdays.ts" adapterTypeName="Microsoft.VisualStudio.TestTools.TestTypes.Unit.UnitTestAdapter" className="d:\v2.0\a1\_work\dbded102\vso\tfs\service\webaccess\widgets\testscripts\tests\tfstests.offdays.ts::tfstests" name="TFSTests.OffDays Off Days -  Add Content  - without Off Days" />
    </UnitTest>
    <UnitTest name="TFSTests.OffDays Off Days -  Add Header  - Sprint with Dates" storage="d:\v2.0\a1\_work\dbded102\vso\tfs\service\webaccess\widgets\testscripts\tests\tfstests.offdays.ts" id="5075af33-b480-4416-870d-87f12bcfcab7">
      <Execution id="a4a2261a-ffb1-41dc-94eb-6349e1b35652" />
      <TestMethod codeBase="d:\v2.0\a1\_work\dbded102\vso\tfs\service\webaccess\widgets\testscripts\tests\tfstests.offdays.ts" adapterTypeName="Microsoft.VisualStudio.TestTools.TestTypes.Unit.UnitTestAdapter" className="d:\v2.0\a1\_work\dbded102\vso\tfs\service\webaccess\widgets\testscripts\tests\tfstests.offdays.ts::tfstests" name="TFSTests.OffDays Off Days -  Add Header  - Sprint with Dates" />
    </UnitTest>
    <UnitTest name="TFSTests.OffDays Off Days -  Add Header  - Sprint Without Dates" storage="d:\v2.0\a1\_work\dbded102\vso\tfs\service\webaccess\widgets\testscripts\tests\tfstests.offdays.ts" id="8b463ec1-8257-4096-b834-c8f2b30fd331">
      <Execution id="29afa2af-0ac6-462a-b97a-8fa42609829d" />
      <TestMethod codeBase="d:\v2.0\a1\_work\dbded102\vso\tfs\service\webaccess\widgets\testscripts\tests\tfstests.offdays.ts" adapterTypeName="Microsoft.VisualStudio.TestTools.TestTypes.Unit.UnitTestAdapter" className="d:\v2.0\a1\_work\dbded102\vso\tfs\service\webaccess\widgets\testscripts\tests\tfstests.offdays.ts::tfstests" name="TFSTests.OffDays Off Days -  Add Header  - Sprint Without Dates" />
    </UnitTest>
    <UnitTest name="TFSTests.OffDays Off Days -  Render  - Successful Promise" storage="d:\v2.0\a1\_work\dbded102\vso\tfs\service\webaccess\widgets\testscripts\tests\tfstests.offdays.ts" id="bf8a0256-0496-4e8b-9a1a-3d5f53cd9a60">
      <Execution id="24b44b15-df16-403f-baa2-a7f7dd2c167f" />
      <TestMethod codeBase="d:\v2.0\a1\_work\dbded102\vso\tfs\service\webaccess\widgets\testscripts\tests\tfstests.offdays.ts" adapterTypeName="Microsoft.VisualStudio.TestTools.TestTypes.Unit.UnitTestAdapter" className="d:\v2.0\a1\_work\dbded102\vso\tfs\service\webaccess\widgets\testscripts\tests\tfstests.offdays.ts::tfstests" name="TFSTests.OffDays Off Days -  Render  - Successful Promise" />
    </UnitTest>
    <UnitTest name="TFSTests.OffDays Off Days -  Render  - Failed Promise" storage="d:\v2.0\a1\_work\dbded102\vso\tfs\service\webaccess\widgets\testscripts\tests\tfstests.offdays.ts" id="398b0208-26fb-4350-a362-dfd12b7765bd">
      <Execution id="a647ce54-3432-40de-bbca-84e5acf56eec" />
      <TestMethod codeBase="d:\v2.0\a1\_work\dbded102\vso\tfs\service\webaccess\widgets\testscripts\tests\tfstests.offdays.ts" adapterTypeName="Microsoft.VisualStudio.TestTools.TestTypes.Unit.UnitTestAdapter" className="d:\v2.0\a1\_work\dbded102\vso\tfs\service\webaccess\widgets\testscripts\tests\tfstests.offdays.ts::tfstests" name="TFSTests.OffDays Off Days -  Render  - Failed Promise" />
    </UnitTest>
    <UnitTest name="TFSTests.OffDays Off Days - Get Current Iteration  - Successful Ajax Call" storage="d:\v2.0\a1\_work\dbded102\vso\tfs\service\webaccess\widgets\testscripts\tests\tfstests.offdays.ts" id="c799d6d4-e892-46d5-8c09-6c3d4c00ca25">
      <Execution id="eeb003d0-fae9-43b1-873b-87bc51cd2127" />
      <TestMethod codeBase="d:\v2.0\a1\_work\dbded102\vso\tfs\service\webaccess\widgets\testscripts\tests\tfstests.offdays.ts" adapterTypeName="Microsoft.VisualStudio.TestTools.TestTypes.Unit.UnitTestAdapter" className="d:\v2.0\a1\_work\dbded102\vso\tfs\service\webaccess\widgets\testscripts\tests\tfstests.offdays.ts::tfstests" name="TFSTests.OffDays Off Days - Get Current Iteration  - Successful Ajax Call" />
    </UnitTest>
    <UnitTest name="TFSTests.OffDays Off Days - Get Current Iteration  - Failed  Ajax Call" storage="d:\v2.0\a1\_work\dbded102\vso\tfs\service\webaccess\widgets\testscripts\tests\tfstests.offdays.ts" id="f256129d-77b6-4d63-8dc9-77b878d4a439">
      <Execution id="ae140640-d1cd-4f54-83ab-70d6af5f17f7" />
      <TestMethod codeBase="d:\v2.0\a1\_work\dbded102\vso\tfs\service\webaccess\widgets\testscripts\tests\tfstests.offdays.ts" adapterTypeName="Microsoft.VisualStudio.TestTools.TestTypes.Unit.UnitTestAdapter" className="d:\v2.0\a1\_work\dbded102\vso\tfs\service\webaccess\widgets\testscripts\tests\tfstests.offdays.ts::tfstests" name="TFSTests.OffDays Off Days - Get Current Iteration  - Failed  Ajax Call" />
    </UnitTest>
    <UnitTest name="TFSTests.OffDays Off Days -  Get Team Iterations  - Successful Ajax Call" storage="d:\v2.0\a1\_work\dbded102\vso\tfs\service\webaccess\widgets\testscripts\tests\tfstests.offdays.ts" id="e1902408-07ac-480d-b286-7f56c9b0b470">
      <Execution id="86a7d764-2ee0-495c-836c-b2280d8328c6" />
      <TestMethod codeBase="d:\v2.0\a1\_work\dbded102\vso\tfs\service\webaccess\widgets\testscripts\tests\tfstests.offdays.ts" adapterTypeName="Microsoft.VisualStudio.TestTools.TestTypes.Unit.UnitTestAdapter" className="d:\v2.0\a1\_work\dbded102\vso\tfs\service\webaccess\widgets\testscripts\tests\tfstests.offdays.ts::tfstests" name="TFSTests.OffDays Off Days -  Get Team Iterations  - Successful Ajax Call" />
    </UnitTest>
    <UnitTest name="TFSTests.OffDays Off Days -  Get Team Iterations  - Failed Ajax Call" storage="d:\v2.0\a1\_work\dbded102\vso\tfs\service\webaccess\widgets\testscripts\tests\tfstests.offdays.ts" id="92ba1faa-0e48-40bc-a498-f4d294afed5a">
      <Execution id="5528b282-cd92-4b6f-a358-d3ccc9b7e621" />
      <TestMethod codeBase="d:\v2.0\a1\_work\dbded102\vso\tfs\service\webaccess\widgets\testscripts\tests\tfstests.offdays.ts" adapterTypeName="Microsoft.VisualStudio.TestTools.TestTypes.Unit.UnitTestAdapter" className="d:\v2.0\a1\_work\dbded102\vso\tfs\service\webaccess\widgets\testscripts\tests\tfstests.offdays.ts::tfstests" name="TFSTests.OffDays Off Days -  Get Team Iterations  - Failed Ajax Call" />
    </UnitTest>
    <UnitTest name="TFSTests.OffDays Off Days -  Move To Iteration  - iteration number less than zero" storage="d:\v2.0\a1\_work\dbded102\vso\tfs\service\webaccess\widgets\testscripts\tests\tfstests.offdays.ts" id="85bac444-90f1-46ea-b8b6-94a1f8a53037">
      <Execution id="e08741e5-cb65-40a6-87ff-81f25ef5e490" />
      <TestMethod codeBase="d:\v2.0\a1\_work\dbded102\vso\tfs\service\webaccess\widgets\testscripts\tests\tfstests.offdays.ts" adapterTypeName="Microsoft.VisualStudio.TestTools.TestTypes.Unit.UnitTestAdapter" className="d:\v2.0\a1\_work\dbded102\vso\tfs\service\webaccess\widgets\testscripts\tests\tfstests.offdays.ts::tfstests" name="TFSTests.OffDays Off Days -  Move To Iteration  - iteration number less than zero" />
    </UnitTest>
    <UnitTest name="TFSTests.OffDays Off Days -  Move To Iteration  - iteration number greater than max allowed" storage="d:\v2.0\a1\_work\dbded102\vso\tfs\service\webaccess\widgets\testscripts\tests\tfstests.offdays.ts" id="106e9149-99f5-4ec8-97c3-6e0d80f65680">
      <Execution id="94be8a78-7c6a-48f8-9761-b8a3808708a0" />
      <TestMethod codeBase="d:\v2.0\a1\_work\dbded102\vso\tfs\service\webaccess\widgets\testscripts\tests\tfstests.offdays.ts" adapterTypeName="Microsoft.VisualStudio.TestTools.TestTypes.Unit.UnitTestAdapter" className="d:\v2.0\a1\_work\dbded102\vso\tfs\service\webaccess\widgets\testscripts\tests\tfstests.offdays.ts::tfstests" name="TFSTests.OffDays Off Days -  Move To Iteration  - iteration number greater than max allowed" />
    </UnitTest>
    <UnitTest name="TFSTests.OffDays Off Days -  Move To Iteration  - valid iteration number" storage="d:\v2.0\a1\_work\dbded102\vso\tfs\service\webaccess\widgets\testscripts\tests\tfstests.offdays.ts" id="8d6bf5cd-54a2-4c0d-9e05-123ea0b4b761">
      <Execution id="14aef005-ca6f-41c6-83f6-88c29ad69bac" />
      <TestMethod codeBase="d:\v2.0\a1\_work\dbded102\vso\tfs\service\webaccess\widgets\testscripts\tests\tfstests.offdays.ts" adapterTypeName="Microsoft.VisualStudio.TestTools.TestTypes.Unit.UnitTestAdapter" className="d:\v2.0\a1\_work\dbded102\vso\tfs\service\webaccess\widgets\testscripts\tests\tfstests.offdays.ts::tfstests" name="TFSTests.OffDays Off Days -  Move To Iteration  - valid iteration number" />
    </UnitTest>
    <UnitTest name="TFSTests.OtherLinks Other Links Widget - Successful Ajax call." storage="d:\v2.0\a1\_work\dbded102\vso\tfs\service\webaccess\widgets\testscripts\tests\tfstests.otherlinks.ts" id="c3263b99-3e93-4740-b0e7-03c07211b4ae">
      <Execution id="07bf4c6e-9ad4-4893-ba03-c7dfa98f3e8c" />
      <TestMethod codeBase="d:\v2.0\a1\_work\dbded102\vso\tfs\service\webaccess\widgets\testscripts\tests\tfstests.otherlinks.ts" adapterTypeName="Microsoft.VisualStudio.TestTools.TestTypes.Unit.UnitTestAdapter" className="d:\v2.0\a1\_work\dbded102\vso\tfs\service\webaccess\widgets\testscripts\tests\tfstests.otherlinks.ts::tfstests.otherlinks::other links widget - successful ajax call" name="TFSTests.OtherLinks Other Links Widget - Successful Ajax call." />
    </UnitTest>
    <UnitTest name="TFSTests.OtherLinks Other Links Widget - Failed Ajax call." storage="d:\v2.0\a1\_work\dbded102\vso\tfs\service\webaccess\widgets\testscripts\tests\tfstests.otherlinks.ts" id="285cf05a-d8ad-42eb-8e5a-6b993b390143">
      <Execution id="502d2df8-cdf1-4899-a9cb-937940fb08bd" />
      <TestMethod codeBase="d:\v2.0\a1\_work\dbded102\vso\tfs\service\webaccess\widgets\testscripts\tests\tfstests.otherlinks.ts" adapterTypeName="Microsoft.VisualStudio.TestTools.TestTypes.Unit.UnitTestAdapter" className="d:\v2.0\a1\_work\dbded102\vso\tfs\service\webaccess\widgets\testscripts\tests\tfstests.otherlinks.ts::tfstests.otherlinks::other links widget - failed ajax call" name="TFSTests.OtherLinks Other Links Widget - Failed Ajax call." />
    </UnitTest>
    <UnitTest name="TFSTests.OtherLinks Other Links Widget - Don't Show Team Links - No links." storage="d:\v2.0\a1\_work\dbded102\vso\tfs\service\webaccess\widgets\testscripts\tests\tfstests.otherlinks.ts" id="9a84cf7f-d3ed-4831-9509-6f118176c9a5">
      <Execution id="d041fc35-0181-4411-94c7-cb8390d4002f" />
      <TestMethod codeBase="d:\v2.0\a1\_work\dbded102\vso\tfs\service\webaccess\widgets\testscripts\tests\tfstests.otherlinks.ts" adapterTypeName="Microsoft.VisualStudio.TestTools.TestTypes.Unit.UnitTestAdapter" className="d:\v2.0\a1\_work\dbded102\vso\tfs\service\webaccess\widgets\testscripts\tests\tfstests.otherlinks.ts::tfstests.otherlinks::other links widget - don't show team links - no links" name="TFSTests.OtherLinks Other Links Widget - Don't Show Team Links - No links." />
    </UnitTest>
    <UnitTest name="TFSTests.OtherLinks Other Links Widget - All Null No links." storage="d:\v2.0\a1\_work\dbded102\vso\tfs\service\webaccess\widgets\testscripts\tests\tfstests.otherlinks.ts" id="de6ee276-5114-49ba-a4dc-c50c85830b83">
      <Execution id="f92d5146-5bc5-43fe-9c86-09c833a29074" />
      <TestMethod codeBase="d:\v2.0\a1\_work\dbded102\vso\tfs\service\webaccess\widgets\testscripts\tests\tfstests.otherlinks.ts" adapterTypeName="Microsoft.VisualStudio.TestTools.TestTypes.Unit.UnitTestAdapter" className="d:\v2.0\a1\_work\dbded102\vso\tfs\service\webaccess\widgets\testscripts\tests\tfstests.otherlinks.ts::tfstests.otherlinks::other links widget - all null no links" name="TFSTests.OtherLinks Other Links Widget - All Null No links." />
    </UnitTest>
    <UnitTest name="TFSTests.OtherLinks Other Links Widget - All links." storage="d:\v2.0\a1\_work\dbded102\vso\tfs\service\webaccess\widgets\testscripts\tests\tfstests.otherlinks.ts" id="5185abe0-0657-421b-96f8-5336741afe08">
      <Execution id="44b6bd66-a1b9-473a-8849-eac1b3efa96f" />
      <TestMethod codeBase="d:\v2.0\a1\_work\dbded102\vso\tfs\service\webaccess\widgets\testscripts\tests\tfstests.otherlinks.ts" adapterTypeName="Microsoft.VisualStudio.TestTools.TestTypes.Unit.UnitTestAdapter" className="d:\v2.0\a1\_work\dbded102\vso\tfs\service\webaccess\widgets\testscripts\tests\tfstests.otherlinks.ts::tfstests.otherlinks::other links widget - all links" name="TFSTests.OtherLinks Other Links Widget - All links." />
    </UnitTest>
    <UnitTest name="TFSTests.OtherLinks Other Links Widget - Feedback link disabled." storage="d:\v2.0\a1\_work\dbded102\vso\tfs\service\webaccess\widgets\testscripts\tests\tfstests.otherlinks.ts" id="b03f41b5-3954-4d59-b1f2-eb8fe460e536">
      <Execution id="19be3745-4ce5-4216-8328-78d8334cf992" />
      <TestMethod codeBase="d:\v2.0\a1\_work\dbded102\vso\tfs\service\webaccess\widgets\testscripts\tests\tfstests.otherlinks.ts" adapterTypeName="Microsoft.VisualStudio.TestTools.TestTypes.Unit.UnitTestAdapter" className="d:\v2.0\a1\_work\dbded102\vso\tfs\service\webaccess\widgets\testscripts\tests\tfstests.otherlinks.ts::tfstests.otherlinks::other links widget - feedback link disabled" name="TFSTests.OtherLinks Other Links Widget - Feedback link disabled." />
    </UnitTest>
    <UnitTest name="TFSTests.OtherLinks Other Links Widget - Feedback link for Licenced mode." storage="d:\v2.0\a1\_work\dbded102\vso\tfs\service\webaccess\widgets\testscripts\tests\tfstests.otherlinks.ts" id="d032973e-3f09-47c2-87dd-9272b2bc41e3">
      <Execution id="5affacef-2729-40b0-afd1-c4f6c2791127" />
      <TestMethod codeBase="d:\v2.0\a1\_work\dbded102\vso\tfs\service\webaccess\widgets\testscripts\tests\tfstests.otherlinks.ts" adapterTypeName="Microsoft.VisualStudio.TestTools.TestTypes.Unit.UnitTestAdapter" className="d:\v2.0\a1\_work\dbded102\vso\tfs\service\webaccess\widgets\testscripts\tests\tfstests.otherlinks.ts::tfstests.otherlinks::other links widget - feedback link for licenced mode" name="TFSTests.OtherLinks Other Links Widget - Feedback link for Licenced mode." />
    </UnitTest>
    <UnitTest name="TFSTests.QueryScalar QueryScalar - getQueryResultFromResponse when count data is valid json" storage="d:\v2.0\a1\_work\dbded102\vso\tfs\service\webaccess\widgets\testscripts\tests\tfstests.queryscalar.ts" id="f2e87525-de07-4728-b104-43063a29c50e">
      <Execution id="030f0470-08c6-45e8-b980-726632dca894" />
      <TestMethod codeBase="d:\v2.0\a1\_work\dbded102\vso\tfs\service\webaccess\widgets\testscripts\tests\tfstests.queryscalar.ts" adapterTypeName="Microsoft.VisualStudio.TestTools.TestTypes.Unit.UnitTestAdapter" className="d:\v2.0\a1\_work\dbded102\vso\tfs\service\webaccess\widgets\testscripts\tests\tfstests.queryscalar.ts::tfstests" name="TFSTests.QueryScalar QueryScalar - getQueryResultFromResponse when count data is valid json" />
    </UnitTest>
    <UnitTest name="TFSTests.QueryScalar QueryScalar - getQueryResultFromResponse when count data is invalid json" storage="d:\v2.0\a1\_work\dbded102\vso\tfs\service\webaccess\widgets\testscripts\tests\tfstests.queryscalar.ts" id="40366c4e-9b8a-40c0-88f0-a538f79ed0b1">
      <Execution id="688948de-b091-445d-a925-0c7c8d5b27db" />
      <TestMethod codeBase="d:\v2.0\a1\_work\dbded102\vso\tfs\service\webaccess\widgets\testscripts\tests\tfstests.queryscalar.ts" adapterTypeName="Microsoft.VisualStudio.TestTools.TestTypes.Unit.UnitTestAdapter" className="d:\v2.0\a1\_work\dbded102\vso\tfs\service\webaccess\widgets\testscripts\tests\tfstests.queryscalar.ts::tfstests" name="TFSTests.QueryScalar QueryScalar - getQueryResultFromResponse when count data is invalid json" />
    </UnitTest>
    <UnitTest name="TFSTests.QueryScalar QueryScalar - getQueryResultFromResponse when count data is not a json" storage="d:\v2.0\a1\_work\dbded102\vso\tfs\service\webaccess\widgets\testscripts\tests\tfstests.queryscalar.ts" id="4c83ec80-7e80-4e7a-b9c2-3c3c1294a3e0">
      <Execution id="17d4121e-6d41-4bc5-9969-749575a1b278" />
      <TestMethod codeBase="d:\v2.0\a1\_work\dbded102\vso\tfs\service\webaccess\widgets\testscripts\tests\tfstests.queryscalar.ts" adapterTypeName="Microsoft.VisualStudio.TestTools.TestTypes.Unit.UnitTestAdapter" className="d:\v2.0\a1\_work\dbded102\vso\tfs\service\webaccess\widgets\testscripts\tests\tfstests.queryscalar.ts::tfstests" name="TFSTests.QueryScalar QueryScalar - getQueryResultFromResponse when count data is not a json" />
    </UnitTest>
    <UnitTest name="TFSTests.QueryScalar QueryScalar - loadScalarWidget - Calls getBackgroundColor with the non-null value returned by getBackgroundColor" storage="d:\v2.0\a1\_work\dbded102\vso\tfs\service\webaccess\widgets\testscripts\tests\tfstests.queryscalar.ts" id="76f936f0-f950-4252-9f7d-84fe3b8e9ba7">
      <Execution id="11b9a754-442c-44be-8f7d-e56b45b8f9f4" />
      <TestMethod codeBase="d:\v2.0\a1\_work\dbded102\vso\tfs\service\webaccess\widgets\testscripts\tests\tfstests.queryscalar.ts" adapterTypeName="Microsoft.VisualStudio.TestTools.TestTypes.Unit.UnitTestAdapter" className="d:\v2.0\a1\_work\dbded102\vso\tfs\service\webaccess\widgets\testscripts\tests\tfstests.queryscalar.ts::tfstests" name="TFSTests.QueryScalar QueryScalar - loadScalarWidget - Calls getBackgroundColor with the non-null value returned by getBackgroundColor" />
    </UnitTest>
    <UnitTest name="TFSTests.QueryScalar ColorRuleInterpreter - isRuleValidAndEnabled - Returns false for null rule" storage="d:\v2.0\a1\_work\dbded102\vso\tfs\service\webaccess\widgets\testscripts\tests\tfstests.queryscalar.ts" id="b5609857-53c1-4017-a1e8-5d6c766ff551">
      <Execution id="5752238f-06c3-4f22-992f-5e65372d3d86" />
      <TestMethod codeBase="d:\v2.0\a1\_work\dbded102\vso\tfs\service\webaccess\widgets\testscripts\tests\tfstests.queryscalar.ts" adapterTypeName="Microsoft.VisualStudio.TestTools.TestTypes.Unit.UnitTestAdapter" className="d:\v2.0\a1\_work\dbded102\vso\tfs\service\webaccess\widgets\testscripts\tests\tfstests.queryscalar.ts::tfstests" name="TFSTests.QueryScalar ColorRuleInterpreter - isRuleValidAndEnabled - Returns false for null rule" />
    </UnitTest>
    <UnitTest name="TFSTests.QueryScalar ColorRuleInterpreter - isRuleValidAndEnabled - Returns false for disabled rule" storage="d:\v2.0\a1\_work\dbded102\vso\tfs\service\webaccess\widgets\testscripts\tests\tfstests.queryscalar.ts" id="e905bd39-1dbe-4489-b0e0-4c39a4324232">
      <Execution id="f240515b-2ddc-4c6c-9085-9be7b1b6574a" />
      <TestMethod codeBase="d:\v2.0\a1\_work\dbded102\vso\tfs\service\webaccess\widgets\testscripts\tests\tfstests.queryscalar.ts" adapterTypeName="Microsoft.VisualStudio.TestTools.TestTypes.Unit.UnitTestAdapter" className="d:\v2.0\a1\_work\dbded102\vso\tfs\service\webaccess\widgets\testscripts\tests\tfstests.queryscalar.ts::tfstests" name="TFSTests.QueryScalar ColorRuleInterpreter - isRuleValidAndEnabled - Returns false for disabled rule" />
    </UnitTest>
    <UnitTest name="TFSTests.QueryScalar ColorRuleInterpreter - isRuleValidAndEnabled - Returns false for enabled rule with null thresholdCount" storage="d:\v2.0\a1\_work\dbded102\vso\tfs\service\webaccess\widgets\testscripts\tests\tfstests.queryscalar.ts" id="47b9d867-7d14-4486-906e-8a3db5483c17">
      <Execution id="80baa16c-ea51-4024-8915-5351c1af8691" />
      <TestMethod codeBase="d:\v2.0\a1\_work\dbded102\vso\tfs\service\webaccess\widgets\testscripts\tests\tfstests.queryscalar.ts" adapterTypeName="Microsoft.VisualStudio.TestTools.TestTypes.Unit.UnitTestAdapter" className="d:\v2.0\a1\_work\dbded102\vso\tfs\service\webaccess\widgets\testscripts\tests\tfstests.queryscalar.ts::tfstests" name="TFSTests.QueryScalar ColorRuleInterpreter - isRuleValidAndEnabled - Returns false for enabled rule with null thresholdCount" />
    </UnitTest>
    <UnitTest name="TFSTests.QueryScalar ColorRuleInterpreter - isRuleValidAndEnabled - Returns false for enabled rule with invalid operator" storage="d:\v2.0\a1\_work\dbded102\vso\tfs\service\webaccess\widgets\testscripts\tests\tfstests.queryscalar.ts" id="a6995513-be47-41ac-9425-fbc88944b56c">
      <Execution id="35c4b71f-102e-4d9f-8c32-5feed36e6a11" />
      <TestMethod codeBase="d:\v2.0\a1\_work\dbded102\vso\tfs\service\webaccess\widgets\testscripts\tests\tfstests.queryscalar.ts" adapterTypeName="Microsoft.VisualStudio.TestTools.TestTypes.Unit.UnitTestAdapter" className="d:\v2.0\a1\_work\dbded102\vso\tfs\service\webaccess\widgets\testscripts\tests\tfstests.queryscalar.ts::tfstests" name="TFSTests.QueryScalar ColorRuleInterpreter - isRuleValidAndEnabled - Returns false for enabled rule with invalid operator" />
    </UnitTest>
    <UnitTest name="TFSTests.QueryScalar ColorRuleInterpreter - isRuleValidAndEnabled - Returns false for enabled rule with invalid backgroundColor" storage="d:\v2.0\a1\_work\dbded102\vso\tfs\service\webaccess\widgets\testscripts\tests\tfstests.queryscalar.ts" id="2fe64abb-9188-4c08-a3c7-73802f809c51">
      <Execution id="76f7af47-69c9-486e-a982-62f35c5414e0" />
      <TestMethod codeBase="d:\v2.0\a1\_work\dbded102\vso\tfs\service\webaccess\widgets\testscripts\tests\tfstests.queryscalar.ts" adapterTypeName="Microsoft.VisualStudio.TestTools.TestTypes.Unit.UnitTestAdapter" className="d:\v2.0\a1\_work\dbded102\vso\tfs\service\webaccess\widgets\testscripts\tests\tfstests.queryscalar.ts::tfstests" name="TFSTests.QueryScalar ColorRuleInterpreter - isRuleValidAndEnabled - Returns false for enabled rule with invalid backgroundColor" />
    </UnitTest>
    <UnitTest name="TFSTests.QueryScalar ColorRuleInterpreter - isRuleValidAndEnabled - Returns true for enabled rule with valid properties" storage="d:\v2.0\a1\_work\dbded102\vso\tfs\service\webaccess\widgets\testscripts\tests\tfstests.queryscalar.ts" id="f848768d-1619-455a-9d14-efc9efcb8fac">
      <Execution id="82d7ddc6-ac13-49a1-914c-ae6965c0f14b" />
      <TestMethod codeBase="d:\v2.0\a1\_work\dbded102\vso\tfs\service\webaccess\widgets\testscripts\tests\tfstests.queryscalar.ts" adapterTypeName="Microsoft.VisualStudio.TestTools.TestTypes.Unit.UnitTestAdapter" className="d:\v2.0\a1\_work\dbded102\vso\tfs\service\webaccess\widgets\testscripts\tests\tfstests.queryscalar.ts::tfstests" name="TFSTests.QueryScalar ColorRuleInterpreter - isRuleValidAndEnabled - Returns true for enabled rule with valid properties" />
    </UnitTest>
    <UnitTest name="TFSTests.QueryScalar ColorRuleInterpreter - isRuleSatisfied - Returns false when isRuleValidAndEnabled returns false" storage="d:\v2.0\a1\_work\dbded102\vso\tfs\service\webaccess\widgets\testscripts\tests\tfstests.queryscalar.ts" id="2f5cc7b5-0503-474d-be31-7f8215bc0de8">
      <Execution id="c4560259-2344-4511-bbc8-e6ecd9120ed7" />
      <TestMethod codeBase="d:\v2.0\a1\_work\dbded102\vso\tfs\service\webaccess\widgets\testscripts\tests\tfstests.queryscalar.ts" adapterTypeName="Microsoft.VisualStudio.TestTools.TestTypes.Unit.UnitTestAdapter" className="d:\v2.0\a1\_work\dbded102\vso\tfs\service\webaccess\widgets\testscripts\tests\tfstests.queryscalar.ts::tfstests" name="TFSTests.QueryScalar ColorRuleInterpreter - isRuleSatisfied - Returns false when isRuleValidAndEnabled returns false" />
    </UnitTest>
    <UnitTest name="TFSTests.QueryScalar ColorRuleInterpreter - isRuleSatisfied - Returns false for null result count" storage="d:\v2.0\a1\_work\dbded102\vso\tfs\service\webaccess\widgets\testscripts\tests\tfstests.queryscalar.ts" id="a68c50d0-88c2-4cc1-966e-ef3f1469ddf3">
      <Execution id="687fba1d-ce0d-4e88-b285-3ecec863b19d" />
      <TestMethod codeBase="d:\v2.0\a1\_work\dbded102\vso\tfs\service\webaccess\widgets\testscripts\tests\tfstests.queryscalar.ts" adapterTypeName="Microsoft.VisualStudio.TestTools.TestTypes.Unit.UnitTestAdapter" className="d:\v2.0\a1\_work\dbded102\vso\tfs\service\webaccess\widgets\testscripts\tests\tfstests.queryscalar.ts::tfstests" name="TFSTests.QueryScalar ColorRuleInterpreter - isRuleSatisfied - Returns false for null result count" />
    </UnitTest>
    <UnitTest name="TFSTests.QueryScalar ColorRuleInterpreter - isRuleSatisfied - Returns expected value for evaluated equal-to expression" storage="d:\v2.0\a1\_work\dbded102\vso\tfs\service\webaccess\widgets\testscripts\tests\tfstests.queryscalar.ts" id="8b282a93-bf37-46a3-ae3e-0bdadb5a0421">
      <Execution id="7ab028c4-6dd0-4cda-b08c-4947e5143f52" />
      <TestMethod codeBase="d:\v2.0\a1\_work\dbded102\vso\tfs\service\webaccess\widgets\testscripts\tests\tfstests.queryscalar.ts" adapterTypeName="Microsoft.VisualStudio.TestTools.TestTypes.Unit.UnitTestAdapter" className="d:\v2.0\a1\_work\dbded102\vso\tfs\service\webaccess\widgets\testscripts\tests\tfstests.queryscalar.ts::tfstests" name="TFSTests.QueryScalar ColorRuleInterpreter - isRuleSatisfied - Returns expected value for evaluated equal-to expression" />
    </UnitTest>
    <UnitTest name="TFSTests.QueryScalar ColorRuleInterpreter - isRuleSatisfied - Returns expected value for evaluated not-equal-to expression" storage="d:\v2.0\a1\_work\dbded102\vso\tfs\service\webaccess\widgets\testscripts\tests\tfstests.queryscalar.ts" id="4f0c3bc3-c878-4670-ab93-6b6805d1ad14">
      <Execution id="85acfd43-78ba-4999-8d27-6238954839f8" />
      <TestMethod codeBase="d:\v2.0\a1\_work\dbded102\vso\tfs\service\webaccess\widgets\testscripts\tests\tfstests.queryscalar.ts" adapterTypeName="Microsoft.VisualStudio.TestTools.TestTypes.Unit.UnitTestAdapter" className="d:\v2.0\a1\_work\dbded102\vso\tfs\service\webaccess\widgets\testscripts\tests\tfstests.queryscalar.ts::tfstests" name="TFSTests.QueryScalar ColorRuleInterpreter - isRuleSatisfied - Returns expected value for evaluated not-equal-to expression" />
    </UnitTest>
    <UnitTest name="TFSTests.QueryScalar ColorRuleInterpreter - setBackgroundColor - Returns null when the rules array is null" storage="d:\v2.0\a1\_work\dbded102\vso\tfs\service\webaccess\widgets\testscripts\tests\tfstests.queryscalar.ts" id="e923cd06-40c6-42c1-ab33-152b071a4895">
      <Execution id="481ff5b4-3fdd-4f96-a4ff-ddfaa7413015" />
      <TestMethod codeBase="d:\v2.0\a1\_work\dbded102\vso\tfs\service\webaccess\widgets\testscripts\tests\tfstests.queryscalar.ts" adapterTypeName="Microsoft.VisualStudio.TestTools.TestTypes.Unit.UnitTestAdapter" className="d:\v2.0\a1\_work\dbded102\vso\tfs\service\webaccess\widgets\testscripts\tests\tfstests.queryscalar.ts::tfstests" name="TFSTests.QueryScalar ColorRuleInterpreter - setBackgroundColor - Returns null when the rules array is null" />
    </UnitTest>
    <UnitTest name="TFSTests.QueryScalar ColorRuleInterpreter - setBackgroundColor - Returns null when the results count is null" storage="d:\v2.0\a1\_work\dbded102\vso\tfs\service\webaccess\widgets\testscripts\tests\tfstests.queryscalar.ts" id="bc0e729c-6adf-46cd-8376-202cea65e684">
      <Execution id="987286ce-f238-4e6d-8b63-d692174e870a" />
      <TestMethod codeBase="d:\v2.0\a1\_work\dbded102\vso\tfs\service\webaccess\widgets\testscripts\tests\tfstests.queryscalar.ts" adapterTypeName="Microsoft.VisualStudio.TestTools.TestTypes.Unit.UnitTestAdapter" className="d:\v2.0\a1\_work\dbded102\vso\tfs\service\webaccess\widgets\testscripts\tests\tfstests.queryscalar.ts::tfstests" name="TFSTests.QueryScalar ColorRuleInterpreter - setBackgroundColor - Returns null when the results count is null" />
    </UnitTest>
    <UnitTest name="TFSTests.QueryScalar ColorRuleInterpreter - setBackgroundColor - Returns null when there are no rules" storage="d:\v2.0\a1\_work\dbded102\vso\tfs\service\webaccess\widgets\testscripts\tests\tfstests.queryscalar.ts" id="e0021ebf-00ab-455d-ac6a-8ad101e4bcda">
      <Execution id="f8b2922a-fc82-4c29-8774-d58e82cd675b" />
      <TestMethod codeBase="d:\v2.0\a1\_work\dbded102\vso\tfs\service\webaccess\widgets\testscripts\tests\tfstests.queryscalar.ts" adapterTypeName="Microsoft.VisualStudio.TestTools.TestTypes.Unit.UnitTestAdapter" className="d:\v2.0\a1\_work\dbded102\vso\tfs\service\webaccess\widgets\testscripts\tests\tfstests.queryscalar.ts::tfstests" name="TFSTests.QueryScalar ColorRuleInterpreter - setBackgroundColor - Returns null when there are no rules" />
    </UnitTest>
    <UnitTest name="TFSTests.QueryScalar ColorRuleInterpreter - setBackgroundColor - Returns null when no rules are enabled" storage="d:\v2.0\a1\_work\dbded102\vso\tfs\service\webaccess\widgets\testscripts\tests\tfstests.queryscalar.ts" id="b741174a-5c2a-468c-beb8-8135e4c09851">
      <Execution id="a5558f16-593f-4f9c-b227-ef1be6f5fb84" />
      <TestMethod codeBase="d:\v2.0\a1\_work\dbded102\vso\tfs\service\webaccess\widgets\testscripts\tests\tfstests.queryscalar.ts" adapterTypeName="Microsoft.VisualStudio.TestTools.TestTypes.Unit.UnitTestAdapter" className="d:\v2.0\a1\_work\dbded102\vso\tfs\service\webaccess\widgets\testscripts\tests\tfstests.queryscalar.ts::tfstests" name="TFSTests.QueryScalar ColorRuleInterpreter - setBackgroundColor - Returns null when no rules are enabled" />
    </UnitTest>
    <UnitTest name="TFSTests.QueryScalar ColorRuleInterpreter - setBackgroundColor - Returns null when no rules are matched" storage="d:\v2.0\a1\_work\dbded102\vso\tfs\service\webaccess\widgets\testscripts\tests\tfstests.queryscalar.ts" id="ae6e4a82-e71d-4601-89f3-feeae50c7d9b">
      <Execution id="aad78ab2-d281-4d5a-a74f-245ec322e584" />
      <TestMethod codeBase="d:\v2.0\a1\_work\dbded102\vso\tfs\service\webaccess\widgets\testscripts\tests\tfstests.queryscalar.ts" adapterTypeName="Microsoft.VisualStudio.TestTools.TestTypes.Unit.UnitTestAdapter" className="d:\v2.0\a1\_work\dbded102\vso\tfs\service\webaccess\widgets\testscripts\tests\tfstests.queryscalar.ts::tfstests" name="TFSTests.QueryScalar ColorRuleInterpreter - setBackgroundColor - Returns null when no rules are matched" />
    </UnitTest>
    <UnitTest name="TFSTests.QueryScalar ColorRuleInterpreter - setBackgroundColor - Uses rule color when a single rule is matched" storage="d:\v2.0\a1\_work\dbded102\vso\tfs\service\webaccess\widgets\testscripts\tests\tfstests.queryscalar.ts" id="be71084a-1a39-40e2-afd2-53dbd0dcd37e">
      <Execution id="2fd90587-ea1a-482a-9699-365aa38c48e1" />
      <TestMethod codeBase="d:\v2.0\a1\_work\dbded102\vso\tfs\service\webaccess\widgets\testscripts\tests\tfstests.queryscalar.ts" adapterTypeName="Microsoft.VisualStudio.TestTools.TestTypes.Unit.UnitTestAdapter" className="d:\v2.0\a1\_work\dbded102\vso\tfs\service\webaccess\widgets\testscripts\tests\tfstests.queryscalar.ts::tfstests" name="TFSTests.QueryScalar ColorRuleInterpreter - setBackgroundColor - Uses rule color when a single rule is matched" />
    </UnitTest>
    <UnitTest name="TFSTests.QueryScalar ColorRuleInterpreter - setBackgroundColor - Uses last rule color when multiple rules are matched" storage="d:\v2.0\a1\_work\dbded102\vso\tfs\service\webaccess\widgets\testscripts\tests\tfstests.queryscalar.ts" id="5442563a-6927-46f3-9942-2e044a1d89ca">
      <Execution id="0b765f35-2234-434f-97d0-de5c651857dc" />
      <TestMethod codeBase="d:\v2.0\a1\_work\dbded102\vso\tfs\service\webaccess\widgets\testscripts\tests\tfstests.queryscalar.ts" adapterTypeName="Microsoft.VisualStudio.TestTools.TestTypes.Unit.UnitTestAdapter" className="d:\v2.0\a1\_work\dbded102\vso\tfs\service\webaccess\widgets\testscripts\tests\tfstests.queryscalar.ts::tfstests" name="TFSTests.QueryScalar ColorRuleInterpreter - setBackgroundColor - Uses last rule color when multiple rules are matched" />
    </UnitTest>
    <UnitTest name="TFSTests.SprintBurndown Sprint Burndown Widget - handles success" storage="d:\v2.0\a1\_work\dbded102\vso\tfs\service\webaccess\widgets\testscripts\tests\tfstests.sprintburndown.ts" id="e70ece83-761e-44e0-a61c-fc2edf912b97">
      <Execution id="b9c737e8-6dff-4456-95bf-6b45ac1a5cdb" />
      <TestMethod codeBase="d:\v2.0\a1\_work\dbded102\vso\tfs\service\webaccess\widgets\testscripts\tests\tfstests.sprintburndown.ts" adapterTypeName="Microsoft.VisualStudio.TestTools.TestTypes.Unit.UnitTestAdapter" className="d:\v2.0\a1\_work\dbded102\vso\tfs\service\webaccess\widgets\testscripts\tests\tfstests.sprintburndown.ts::tfstests" name="TFSTests.SprintBurndown Sprint Burndown Widget - handles success" />
    </UnitTest>
    <UnitTest name="TFSTests.SprintBurndown Sprint Burndown Widget - handles api failure" storage="d:\v2.0\a1\_work\dbded102\vso\tfs\service\webaccess\widgets\testscripts\tests\tfstests.sprintburndown.ts" id="d391ba39-b435-4b49-9015-ab0e97e90e4e">
      <Execution id="353d2915-e457-418f-a86e-36b67acdef1b" />
      <TestMethod codeBase="d:\v2.0\a1\_work\dbded102\vso\tfs\service\webaccess\widgets\testscripts\tests\tfstests.sprintburndown.ts" adapterTypeName="Microsoft.VisualStudio.TestTools.TestTypes.Unit.UnitTestAdapter" className="d:\v2.0\a1\_work\dbded102\vso\tfs\service\webaccess\widgets\testscripts\tests\tfstests.sprintburndown.ts::tfstests" name="TFSTests.SprintBurndown Sprint Burndown Widget - handles api failure" />
    </UnitTest>
    <UnitTest name="TFSTests.SprintBurndown Sprint Burndown Widget - calls sprintCapacitySummaryApi.get()" storage="d:\v2.0\a1\_work\dbded102\vso\tfs\service\webaccess\widgets\testscripts\tests\tfstests.sprintburndown.ts" id="ef28daec-d855-4158-98e2-f017e117ff15">
      <Execution id="16233ef9-6b1c-4c06-baad-591edc56f25f" />
      <TestMethod codeBase="d:\v2.0\a1\_work\dbded102\vso\tfs\service\webaccess\widgets\testscripts\tests\tfstests.sprintburndown.ts" adapterTypeName="Microsoft.VisualStudio.TestTools.TestTypes.Unit.UnitTestAdapter" className="d:\v2.0\a1\_work\dbded102\vso\tfs\service\webaccess\widgets\testscripts\tests\tfstests.sprintburndown.ts::tfstests.sprintburndown::sprint burndown widget - calls sprintcapacitysummaryapi" name="TFSTests.SprintBurndown Sprint Burndown Widget - calls sprintCapacitySummaryApi.get()" />
    </UnitTest>
    <UnitTest name="TFSTests.SprintBurndown Sprint Burndown Widget - initialize calls processCapacitySummaryData on successful api call" storage="d:\v2.0\a1\_work\dbded102\vso\tfs\service\webaccess\widgets\testscripts\tests\tfstests.sprintburndown.ts" id="9eb63e14-d856-4f85-9d29-c77bec28a825">
      <Execution id="0f7dc2b5-f8f2-459f-8c05-abf8c9273d17" />
      <TestMethod codeBase="d:\v2.0\a1\_work\dbded102\vso\tfs\service\webaccess\widgets\testscripts\tests\tfstests.sprintburndown.ts" adapterTypeName="Microsoft.VisualStudio.TestTools.TestTypes.Unit.UnitTestAdapter" className="d:\v2.0\a1\_work\dbded102\vso\tfs\service\webaccess\widgets\testscripts\tests\tfstests.sprintburndown.ts::tfstests" name="TFSTests.SprintBurndown Sprint Burndown Widget - initialize calls processCapacitySummaryData on successful api call" />
    </UnitTest>
    <UnitTest name="TFSTests.SprintBurndown Sprint Burndown Widget - processCapacitySummaryData uses chartImageUrlBuilder to build image url" storage="d:\v2.0\a1\_work\dbded102\vso\tfs\service\webaccess\widgets\testscripts\tests\tfstests.sprintburndown.ts" id="455523ba-b8b2-4a42-b8da-15978288ddb4">
      <Execution id="03926f6b-c6dc-4b0d-829b-bad3688665be" />
      <TestMethod codeBase="d:\v2.0\a1\_work\dbded102\vso\tfs\service\webaccess\widgets\testscripts\tests\tfstests.sprintburndown.ts" adapterTypeName="Microsoft.VisualStudio.TestTools.TestTypes.Unit.UnitTestAdapter" className="d:\v2.0\a1\_work\dbded102\vso\tfs\service\webaccess\widgets\testscripts\tests\tfstests.sprintburndown.ts::tfstests" name="TFSTests.SprintBurndown Sprint Burndown Widget - processCapacitySummaryData uses chartImageUrlBuilder to build image url" />
    </UnitTest>
    <UnitTest name="TFSTests.SprintBurndown Sprint Burndown Widget - processCapacitySummaryData preloads image using url returned from chartImageUrlBuilder" storage="d:\v2.0\a1\_work\dbded102\vso\tfs\service\webaccess\widgets\testscripts\tests\tfstests.sprintburndown.ts" id="483e9a2f-1acc-4cde-bd62-46d9730d0a0b">
      <Execution id="e76eb847-2b90-4223-9390-2808e5e2044a" />
      <TestMethod codeBase="d:\v2.0\a1\_work\dbded102\vso\tfs\service\webaccess\widgets\testscripts\tests\tfstests.sprintburndown.ts" adapterTypeName="Microsoft.VisualStudio.TestTools.TestTypes.Unit.UnitTestAdapter" className="d:\v2.0\a1\_work\dbded102\vso\tfs\service\webaccess\widgets\testscripts\tests\tfstests.sprintburndown.ts::tfstests" name="TFSTests.SprintBurndown Sprint Burndown Widget - processCapacitySummaryData preloads image using url returned from chartImageUrlBuilder" />
    </UnitTest>
    <UnitTest name="TFSTests.SprintBurndown Sprint Burndown Widget - processCapacitySummaryData handles image preload success" storage="d:\v2.0\a1\_work\dbded102\vso\tfs\service\webaccess\widgets\testscripts\tests\tfstests.sprintburndown.ts" id="b3f3c7cc-9ad7-4eac-85db-9d2b2056db54">
      <Execution id="60d95f0f-c298-400b-bc41-771368b074e6" />
      <TestMethod codeBase="d:\v2.0\a1\_work\dbded102\vso\tfs\service\webaccess\widgets\testscripts\tests\tfstests.sprintburndown.ts" adapterTypeName="Microsoft.VisualStudio.TestTools.TestTypes.Unit.UnitTestAdapter" className="d:\v2.0\a1\_work\dbded102\vso\tfs\service\webaccess\widgets\testscripts\tests\tfstests.sprintburndown.ts::tfstests" name="TFSTests.SprintBurndown Sprint Burndown Widget - processCapacitySummaryData handles image preload success" />
    </UnitTest>
    <UnitTest name="TFSTests.SprintBurndown Sprint Burndown Widget - processCapacitySummaryData handles image preload failure" storage="d:\v2.0\a1\_work\dbded102\vso\tfs\service\webaccess\widgets\testscripts\tests\tfstests.sprintburndown.ts" id="3a7b1a7a-7583-4082-a4b9-b452c6e45378">
      <Execution id="a8dc1bf0-155e-4f23-8e9f-dcde363474eb" />
      <TestMethod codeBase="d:\v2.0\a1\_work\dbded102\vso\tfs\service\webaccess\widgets\testscripts\tests\tfstests.sprintburndown.ts" adapterTypeName="Microsoft.VisualStudio.TestTools.TestTypes.Unit.UnitTestAdapter" className="d:\v2.0\a1\_work\dbded102\vso\tfs\service\webaccess\widgets\testscripts\tests\tfstests.sprintburndown.ts::tfstests" name="TFSTests.SprintBurndown Sprint Burndown Widget - processCapacitySummaryData handles image preload failure" />
    </UnitTest>
    <UnitTest name="TFSTests.SprintBurndown Sprint Burndown Widget - processCapacitySummaryData handles unconfigured state" storage="d:\v2.0\a1\_work\dbded102\vso\tfs\service\webaccess\widgets\testscripts\tests\tfstests.sprintburndown.ts" id="377a8874-705c-48da-a2d5-4183bb873b0e">
      <Execution id="0964302a-0c95-4915-8ab3-4538f721391a" />
      <TestMethod codeBase="d:\v2.0\a1\_work\dbded102\vso\tfs\service\webaccess\widgets\testscripts\tests\tfstests.sprintburndown.ts" adapterTypeName="Microsoft.VisualStudio.TestTools.TestTypes.Unit.UnitTestAdapter" className="d:\v2.0\a1\_work\dbded102\vso\tfs\service\webaccess\widgets\testscripts\tests\tfstests.sprintburndown.ts::tfstests" name="TFSTests.SprintBurndown Sprint Burndown Widget - processCapacitySummaryData handles unconfigured state" />
    </UnitTest>
    <UnitTest name="TFSTests.SprintBurndown Sprint Burndown Widget - image click shows larger image dialog" storage="d:\v2.0\a1\_work\dbded102\vso\tfs\service\webaccess\widgets\testscripts\tests\tfstests.sprintburndown.ts" id="d47a5ea2-634e-48c2-afd2-c47cd8c628b2">
      <Execution id="ff3720d4-7991-47c9-9db3-b6d092f31bab" />
      <TestMethod codeBase="d:\v2.0\a1\_work\dbded102\vso\tfs\service\webaccess\widgets\testscripts\tests\tfstests.sprintburndown.ts" adapterTypeName="Microsoft.VisualStudio.TestTools.TestTypes.Unit.UnitTestAdapter" className="d:\v2.0\a1\_work\dbded102\vso\tfs\service\webaccess\widgets\testscripts\tests\tfstests.sprintburndown.ts::tfstests" name="TFSTests.SprintBurndown Sprint Burndown Widget - image click shows larger image dialog" />
    </UnitTest>
    <UnitTest name="TFSTests.SprintBurndown Sprint Burndown Widget - SprintCapacitySummaryApi.get() issues correct request" storage="d:\v2.0\a1\_work\dbded102\vso\tfs\service\webaccess\widgets\testscripts\tests\tfstests.sprintburndown.ts" id="36c70ad4-28ab-487a-8eb4-0f6664be6f25">
      <Execution id="fb95be0a-39c2-4231-b248-fe34ac48bebf" />
      <TestMethod codeBase="d:\v2.0\a1\_work\dbded102\vso\tfs\service\webaccess\widgets\testscripts\tests\tfstests.sprintburndown.ts" adapterTypeName="Microsoft.VisualStudio.TestTools.TestTypes.Unit.UnitTestAdapter" className="d:\v2.0\a1\_work\dbded102\vso\tfs\service\webaccess\widgets\testscripts\tests\tfstests.sprintburndown.ts::tfstests.sprintburndown::sprint burndown widget - sprintcapacitysummaryapi" name="TFSTests.SprintBurndown Sprint Burndown Widget - SprintCapacitySummaryApi.get() issues correct request" />
    </UnitTest>
    <UnitTest name="TFSTests.SprintBurndown Sprint Burndown Widget - SprintCapacitySummaryApi.get() parses and resolves response" storage="d:\v2.0\a1\_work\dbded102\vso\tfs\service\webaccess\widgets\testscripts\tests\tfstests.sprintburndown.ts" id="c2e6c7bb-0b63-4ace-9073-5a78f0b63e80">
      <Execution id="4dd2bb66-059d-4e44-b438-b9d0957c7e31" />
      <TestMethod codeBase="d:\v2.0\a1\_work\dbded102\vso\tfs\service\webaccess\widgets\testscripts\tests\tfstests.sprintburndown.ts" adapterTypeName="Microsoft.VisualStudio.TestTools.TestTypes.Unit.UnitTestAdapter" className="d:\v2.0\a1\_work\dbded102\vso\tfs\service\webaccess\widgets\testscripts\tests\tfstests.sprintburndown.ts::tfstests.sprintburndown::sprint burndown widget - sprintcapacitysummaryapi" name="TFSTests.SprintBurndown Sprint Burndown Widget - SprintCapacitySummaryApi.get() parses and resolves response" />
    </UnitTest>
    <UnitTest name="TFSTests.SprintBurndown Sprint Burndown Widget - SprintCapacitySummaryApi.get() parses and resolves response for unconfigured state" storage="d:\v2.0\a1\_work\dbded102\vso\tfs\service\webaccess\widgets\testscripts\tests\tfstests.sprintburndown.ts" id="3967d21e-dcc5-47be-8ef7-48cbeb1ef1b5">
      <Execution id="4995fb88-622e-44f0-aae1-b15263f30611" />
      <TestMethod codeBase="d:\v2.0\a1\_work\dbded102\vso\tfs\service\webaccess\widgets\testscripts\tests\tfstests.sprintburndown.ts" adapterTypeName="Microsoft.VisualStudio.TestTools.TestTypes.Unit.UnitTestAdapter" className="d:\v2.0\a1\_work\dbded102\vso\tfs\service\webaccess\widgets\testscripts\tests\tfstests.sprintburndown.ts::tfstests.sprintburndown::sprint burndown widget - sprintcapacitysummaryapi" name="TFSTests.SprintBurndown Sprint Burndown Widget - SprintCapacitySummaryApi.get() parses and resolves response for unconfigured state" />
    </UnitTest>
    <UnitTest name="TFSTests.SprintBurndown Sprint Burndown Widget - SprintCapacitySummaryApi.get() handles ajax error" storage="d:\v2.0\a1\_work\dbded102\vso\tfs\service\webaccess\widgets\testscripts\tests\tfstests.sprintburndown.ts" id="e8ef483b-9d60-461f-a000-5a712f036e26">
      <Execution id="59720423-4a96-4db4-91f5-1a86ab2e1106" />
      <TestMethod codeBase="d:\v2.0\a1\_work\dbded102\vso\tfs\service\webaccess\widgets\testscripts\tests\tfstests.sprintburndown.ts" adapterTypeName="Microsoft.VisualStudio.TestTools.TestTypes.Unit.UnitTestAdapter" className="d:\v2.0\a1\_work\dbded102\vso\tfs\service\webaccess\widgets\testscripts\tests\tfstests.sprintburndown.ts::tfstests.sprintburndown::sprint burndown widget - sprintcapacitysummaryapi" name="TFSTests.SprintBurndown Sprint Burndown Widget - SprintCapacitySummaryApi.get() handles ajax error" />
    </UnitTest>
    <UnitTest name="TFSTests.SprintBurndown Sprint Burndown Widget - ChartImageUrlBuilder.build() passes correct parameters to tfsContext.getActionUrl()" storage="d:\v2.0\a1\_work\dbded102\vso\tfs\service\webaccess\widgets\testscripts\tests\tfstests.sprintburndown.ts" id="9a2721ab-450c-41f0-b4af-2b933611ccb2">
      <Execution id="656f3d01-3d8d-4fe4-8838-8d416e3f9766" />
      <TestMethod codeBase="d:\v2.0\a1\_work\dbded102\vso\tfs\service\webaccess\widgets\testscripts\tests\tfstests.sprintburndown.ts" adapterTypeName="Microsoft.VisualStudio.TestTools.TestTypes.Unit.UnitTestAdapter" className="d:\v2.0\a1\_work\dbded102\vso\tfs\service\webaccess\widgets\testscripts\tests\tfstests.sprintburndown.ts::tfstests.sprintburndown::sprint burndown widget - chartimageurlbuilder.build() passes correct parameters to tfscontext" name="TFSTests.SprintBurndown Sprint Burndown Widget - ChartImageUrlBuilder.build() passes correct parameters to tfsContext.getActionUrl()" />
    </UnitTest>
    <UnitTest name="TFSTests.SprintBurndown Sprint Burndown Widget - subsequent calls to ChartImageUrlBuilder.build() increase count parameter" storage="d:\v2.0\a1\_work\dbded102\vso\tfs\service\webaccess\widgets\testscripts\tests\tfstests.sprintburndown.ts" id="32c6ba29-09ec-475b-bdc1-7df508f0f687">
      <Execution id="065d3b84-0823-4c32-b63d-84234bf5cfc0" />
      <TestMethod codeBase="d:\v2.0\a1\_work\dbded102\vso\tfs\service\webaccess\widgets\testscripts\tests\tfstests.sprintburndown.ts" adapterTypeName="Microsoft.VisualStudio.TestTools.TestTypes.Unit.UnitTestAdapter" className="d:\v2.0\a1\_work\dbded102\vso\tfs\service\webaccess\widgets\testscripts\tests\tfstests.sprintburndown.ts::tfstests.sprintburndown::sprint burndown widget - subsequent calls to chartimageurlbuilder" name="TFSTests.SprintBurndown Sprint Burndown Widget - subsequent calls to ChartImageUrlBuilder.build() increase count parameter" />
    </UnitTest>
    <UnitTest name="TFSTests.SprintBurndown Sprint Burndown Widget - ChartImageUrlBuilder.build() returns result of tfsContext.getActionUrl()" storage="d:\v2.0\a1\_work\dbded102\vso\tfs\service\webaccess\widgets\testscripts\tests\tfstests.sprintburndown.ts" id="3d54502f-c14a-4661-9a86-bc546311bf4b">
      <Execution id="87b2dbf6-d66e-4782-b164-0a221da6cfcf" />
      <TestMethod codeBase="d:\v2.0\a1\_work\dbded102\vso\tfs\service\webaccess\widgets\testscripts\tests\tfstests.sprintburndown.ts" adapterTypeName="Microsoft.VisualStudio.TestTools.TestTypes.Unit.UnitTestAdapter" className="d:\v2.0\a1\_work\dbded102\vso\tfs\service\webaccess\widgets\testscripts\tests\tfstests.sprintburndown.ts::tfstests.sprintburndown::sprint burndown widget - chartimageurlbuilder.build() returns result of tfscontext" name="TFSTests.SprintBurndown Sprint Burndown Widget - ChartImageUrlBuilder.build() returns result of tfsContext.getActionUrl()" />
    </UnitTest>
    <UnitTest name="TFSTests.TcmCharts TcmChart - Constructor Null Option" storage="d:\v2.0\a1\_work\dbded102\vso\tfs\service\webaccess\widgets\testscripts\tests\tfstests.tcmchart.ts" id="cb39a655-fb1b-441e-97a1-9d5342c1bd59">
      <Execution id="594aff63-c60d-4b78-969e-708fb0c5b25b" />
      <TestMethod codeBase="d:\v2.0\a1\_work\dbded102\vso\tfs\service\webaccess\widgets\testscripts\tests\tfstests.tcmchart.ts" adapterTypeName="Microsoft.VisualStudio.TestTools.TestTypes.Unit.UnitTestAdapter" className="d:\v2.0\a1\_work\dbded102\vso\tfs\service\webaccess\widgets\testscripts\tests\tfstests.tcmchart.ts::tfstests" name="TFSTests.TcmCharts TcmChart - Constructor Null Option" />
    </UnitTest>
    <UnitTest name="TFSTests.TcmCharts TcmChart - Constructor With Option Defined" storage="d:\v2.0\a1\_work\dbded102\vso\tfs\service\webaccess\widgets\testscripts\tests\tfstests.tcmchart.ts" id="40891a07-bdd8-446e-8f66-ebbd8f3fd588">
      <Execution id="44acd839-d812-49f8-8521-c9ee254ee7f1" />
      <TestMethod codeBase="d:\v2.0\a1\_work\dbded102\vso\tfs\service\webaccess\widgets\testscripts\tests\tfstests.tcmchart.ts" adapterTypeName="Microsoft.VisualStudio.TestTools.TestTypes.Unit.UnitTestAdapter" className="d:\v2.0\a1\_work\dbded102\vso\tfs\service\webaccess\widgets\testscripts\tests\tfstests.tcmchart.ts::tfstests" name="TFSTests.TcmCharts TcmChart - Constructor With Option Defined" />
    </UnitTest>
    <UnitTest name="TFSTests.TcmCharts TcmChart - getUrlForClickingAction When Options Empty Url" storage="d:\v2.0\a1\_work\dbded102\vso\tfs\service\webaccess\widgets\testscripts\tests\tfstests.tcmchart.ts" id="e072d10d-12f3-48b9-9384-019366e5d9d5">
      <Execution id="c8b50334-3b42-41db-8c8c-cda3ca65b441" />
      <TestMethod codeBase="d:\v2.0\a1\_work\dbded102\vso\tfs\service\webaccess\widgets\testscripts\tests\tfstests.tcmchart.ts" adapterTypeName="Microsoft.VisualStudio.TestTools.TestTypes.Unit.UnitTestAdapter" className="d:\v2.0\a1\_work\dbded102\vso\tfs\service\webaccess\widgets\testscripts\tests\tfstests.tcmchart.ts::tfstests" name="TFSTests.TcmCharts TcmChart - getUrlForClickingAction When Options Empty Url" />
    </UnitTest>
    <UnitTest name="TFSTests.TcmCharts TcmChart - getUrlForClickingAction When Options Defined with Url" storage="d:\v2.0\a1\_work\dbded102\vso\tfs\service\webaccess\widgets\testscripts\tests\tfstests.tcmchart.ts" id="b4513570-266b-4c37-8d58-51ceebda4727">
      <Execution id="f53308c3-5255-4250-85c0-0b806247d166" />
      <TestMethod codeBase="d:\v2.0\a1\_work\dbded102\vso\tfs\service\webaccess\widgets\testscripts\tests\tfstests.tcmchart.ts" adapterTypeName="Microsoft.VisualStudio.TestTools.TestTypes.Unit.UnitTestAdapter" className="d:\v2.0\a1\_work\dbded102\vso\tfs\service\webaccess\widgets\testscripts\tests\tfstests.tcmchart.ts::tfstests" name="TFSTests.TcmCharts TcmChart - getUrlForClickingAction When Options Defined with Url" />
    </UnitTest>
    <UnitTest name="TFSTests.TeamMembers TeamMembers - Initialize - Click as Admin User Calls Manage Members Function" storage="d:\v2.0\a1\_work\dbded102\vso\tfs\service\webaccess\widgets\testscripts\tests\tfstests.teammembers.ts" id="dbd919e3-5e7c-4055-b732-51649edce7a9">
      <Execution id="eaf9afbb-031b-4c4d-8b2f-89cd42a18f3a" />
      <TestMethod codeBase="d:\v2.0\a1\_work\dbded102\vso\tfs\service\webaccess\widgets\testscripts\tests\tfstests.teammembers.ts" adapterTypeName="Microsoft.VisualStudio.TestTools.TestTypes.Unit.UnitTestAdapter" className="d:\v2.0\a1\_work\dbded102\vso\tfs\service\webaccess\widgets\testscripts\tests\tfstests.teammembers.ts::tfstests" name="TFSTests.TeamMembers TeamMembers - Initialize - Click as Admin User Calls Manage Members Function" />
    </UnitTest>
    <UnitTest name="TFSTests.TeamMembers TeamMembers - Initialize - Click as Non-Admin User Doesn't Call Manage Members Function" storage="d:\v2.0\a1\_work\dbded102\vso\tfs\service\webaccess\widgets\testscripts\tests\tfstests.teammembers.ts" id="e61e035d-ef19-46f0-8079-e066ee8eb18d">
      <Execution id="a1b55928-c460-4cbd-b7e3-a206a4c00725" />
      <TestMethod codeBase="d:\v2.0\a1\_work\dbded102\vso\tfs\service\webaccess\widgets\testscripts\tests\tfstests.teammembers.ts" adapterTypeName="Microsoft.VisualStudio.TestTools.TestTypes.Unit.UnitTestAdapter" className="d:\v2.0\a1\_work\dbded102\vso\tfs\service\webaccess\widgets\testscripts\tests\tfstests.teammembers.ts::tfstests" name="TFSTests.TeamMembers TeamMembers - Initialize - Click as Non-Admin User Doesn't Call Manage Members Function" />
    </UnitTest>
    <UnitTest name="TFSTests.TeamMembers TeamMembers - On Manage Members Click - Dialog Callback Triggers Reload" storage="d:\v2.0\a1\_work\dbded102\vso\tfs\service\webaccess\widgets\testscripts\tests\tfstests.teammembers.ts" id="51a864ce-dd3b-4af5-8a82-88705cc6fd08">
      <Execution id="a291a543-2de3-47fb-ba2f-8e364808ae80" />
      <TestMethod codeBase="d:\v2.0\a1\_work\dbded102\vso\tfs\service\webaccess\widgets\testscripts\tests\tfstests.teammembers.ts" adapterTypeName="Microsoft.VisualStudio.TestTools.TestTypes.Unit.UnitTestAdapter" className="d:\v2.0\a1\_work\dbded102\vso\tfs\service\webaccess\widgets\testscripts\tests\tfstests.teammembers.ts::tfstests" name="TFSTests.TeamMembers TeamMembers - On Manage Members Click - Dialog Callback Triggers Reload" />
    </UnitTest>
    <UnitTest name="TFSTests.TeamMembers TeamMembers - Add Title Bar - Creates expected elements" storage="d:\v2.0\a1\_work\dbded102\vso\tfs\service\webaccess\widgets\testscripts\tests\tfstests.teammembers.ts" id="62415303-882f-443f-80f8-5271b0d35308">
      <Execution id="1b00c58d-f6ab-4ba2-8472-c4c9885f4df7" />
      <TestMethod codeBase="d:\v2.0\a1\_work\dbded102\vso\tfs\service\webaccess\widgets\testscripts\tests\tfstests.teammembers.ts" adapterTypeName="Microsoft.VisualStudio.TestTools.TestTypes.Unit.UnitTestAdapter" className="d:\v2.0\a1\_work\dbded102\vso\tfs\service\webaccess\widgets\testscripts\tests\tfstests.teammembers.ts::tfstests" name="TFSTests.TeamMembers TeamMembers - Add Title Bar - Creates expected elements" />
    </UnitTest>
    <UnitTest name="TFSTests.TeamMembers TeamMembers - Load Team Members - Successful Ajax Calls Expected Functions" storage="d:\v2.0\a1\_work\dbded102\vso\tfs\service\webaccess\widgets\testscripts\tests\tfstests.teammembers.ts" id="51fb0b21-a6fc-4a85-a658-dbcf6fafb3df">
      <Execution id="d6326747-ef49-4e3d-85d3-ab12e35c8959" />
      <TestMethod codeBase="d:\v2.0\a1\_work\dbded102\vso\tfs\service\webaccess\widgets\testscripts\tests\tfstests.teammembers.ts" adapterTypeName="Microsoft.VisualStudio.TestTools.TestTypes.Unit.UnitTestAdapter" className="d:\v2.0\a1\_work\dbded102\vso\tfs\service\webaccess\widgets\testscripts\tests\tfstests.teammembers.ts::tfstests" name="TFSTests.TeamMembers TeamMembers - Load Team Members - Successful Ajax Calls Expected Functions" />
    </UnitTest>
    <UnitTest name="TFSTests.TeamMembers TeamMembers - Load Team Members - Failed Ajax Calls Expected Functions" storage="d:\v2.0\a1\_work\dbded102\vso\tfs\service\webaccess\widgets\testscripts\tests\tfstests.teammembers.ts" id="d0f980ad-2dd1-4b64-bba4-6ba30b74b716">
      <Execution id="c1e3b6e3-1460-4133-9959-645cba90719d" />
      <TestMethod codeBase="d:\v2.0\a1\_work\dbded102\vso\tfs\service\webaccess\widgets\testscripts\tests\tfstests.teammembers.ts" adapterTypeName="Microsoft.VisualStudio.TestTools.TestTypes.Unit.UnitTestAdapter" className="d:\v2.0\a1\_work\dbded102\vso\tfs\service\webaccess\widgets\testscripts\tests\tfstests.teammembers.ts::tfstests" name="TFSTests.TeamMembers TeamMembers - Load Team Members - Failed Ajax Calls Expected Functions" />
    </UnitTest>
    <UnitTest name="TFSTests.TeamMembers TeamMembers - Load Team Members - No Team Id" storage="d:\v2.0\a1\_work\dbded102\vso\tfs\service\webaccess\widgets\testscripts\tests\tfstests.teammembers.ts" id="afbc365f-2130-48c2-93dd-010e95bf6932">
      <Execution id="c657ad90-91a7-4a07-a1c7-dd4c33be7a5c" />
      <TestMethod codeBase="d:\v2.0\a1\_work\dbded102\vso\tfs\service\webaccess\widgets\testscripts\tests\tfstests.teammembers.ts" adapterTypeName="Microsoft.VisualStudio.TestTools.TestTypes.Unit.UnitTestAdapter" className="d:\v2.0\a1\_work\dbded102\vso\tfs\service\webaccess\widgets\testscripts\tests\tfstests.teammembers.ts::tfstests" name="TFSTests.TeamMembers TeamMembers - Load Team Members - No Team Id" />
    </UnitTest>
    <UnitTest name="TFSTests.TeamMembers TeamMembers - Add Team Members - Member Count is Fewer Than Max Allowed to Show on Widget" storage="d:\v2.0\a1\_work\dbded102\vso\tfs\service\webaccess\widgets\testscripts\tests\tfstests.teammembers.ts" id="90d30c60-e020-484b-95a2-01090cb93de9">
      <Execution id="b97cd964-7899-4bf0-99c9-d42c1a0c1f1d" />
      <TestMethod codeBase="d:\v2.0\a1\_work\dbded102\vso\tfs\service\webaccess\widgets\testscripts\tests\tfstests.teammembers.ts" adapterTypeName="Microsoft.VisualStudio.TestTools.TestTypes.Unit.UnitTestAdapter" className="d:\v2.0\a1\_work\dbded102\vso\tfs\service\webaccess\widgets\testscripts\tests\tfstests.teammembers.ts::tfstests" name="TFSTests.TeamMembers TeamMembers - Add Team Members - Member Count is Fewer Than Max Allowed to Show on Widget" />
    </UnitTest>
    <UnitTest name="TFSTests.TeamMembers TeamMembers - Add Team Members - Member Count Equals Max Allowed to Show on Widget" storage="d:\v2.0\a1\_work\dbded102\vso\tfs\service\webaccess\widgets\testscripts\tests\tfstests.teammembers.ts" id="2b01709a-1644-4c40-aec2-6f6ec807957e">
      <Execution id="af28cc54-a1bb-4c06-8747-4d09a751c5f4" />
      <TestMethod codeBase="d:\v2.0\a1\_work\dbded102\vso\tfs\service\webaccess\widgets\testscripts\tests\tfstests.teammembers.ts" adapterTypeName="Microsoft.VisualStudio.TestTools.TestTypes.Unit.UnitTestAdapter" className="d:\v2.0\a1\_work\dbded102\vso\tfs\service\webaccess\widgets\testscripts\tests\tfstests.teammembers.ts::tfstests" name="TFSTests.TeamMembers TeamMembers - Add Team Members - Member Count Equals Max Allowed to Show on Widget" />
    </UnitTest>
    <UnitTest name="TFSTests.TeamMembers TeamMembers - Add Team Members - Member Count is Greater Than Max Allowed to Show on Widget" storage="d:\v2.0\a1\_work\dbded102\vso\tfs\service\webaccess\widgets\testscripts\tests\tfstests.teammembers.ts" id="b198f395-805f-450f-8f0b-5477460d5727">
      <Execution id="b2a73736-77da-4893-9475-148000f2f4c4" />
      <TestMethod codeBase="d:\v2.0\a1\_work\dbded102\vso\tfs\service\webaccess\widgets\testscripts\tests\tfstests.teammembers.ts" adapterTypeName="Microsoft.VisualStudio.TestTools.TestTypes.Unit.UnitTestAdapter" className="d:\v2.0\a1\_work\dbded102\vso\tfs\service\webaccess\widgets\testscripts\tests\tfstests.teammembers.ts::tfstests" name="TFSTests.TeamMembers TeamMembers - Add Team Members - Member Count is Greater Than Max Allowed to Show on Widget" />
    </UnitTest>
    <UnitTest name="TFSTests.TeamMembers TeamMembers - Add Team Members - Member Count is More Than Max Requested be Returned" storage="d:\v2.0\a1\_work\dbded102\vso\tfs\service\webaccess\widgets\testscripts\tests\tfstests.teammembers.ts" id="5fdb2446-4910-43b3-9256-fadb90f140b9">
      <Execution id="cffadbed-9c1d-475a-a765-17b5f7c178e3" />
      <TestMethod codeBase="d:\v2.0\a1\_work\dbded102\vso\tfs\service\webaccess\widgets\testscripts\tests\tfstests.teammembers.ts" adapterTypeName="Microsoft.VisualStudio.TestTools.TestTypes.Unit.UnitTestAdapter" className="d:\v2.0\a1\_work\dbded102\vso\tfs\service\webaccess\widgets\testscripts\tests\tfstests.teammembers.ts::tfstests" name="TFSTests.TeamMembers TeamMembers - Add Team Members - Member Count is More Than Max Requested be Returned" />
    </UnitTest>
    <UnitTest name="TFSTests.TeamMembers TeamMembers - Add Team Members - One Row" storage="d:\v2.0\a1\_work\dbded102\vso\tfs\service\webaccess\widgets\testscripts\tests\tfstests.teammembers.ts" id="644042e3-36c2-4abc-8b0b-b0646e1bdd1e">
      <Execution id="00c65ff7-3baf-4054-bbed-dc92fee188d3" />
      <TestMethod codeBase="d:\v2.0\a1\_work\dbded102\vso\tfs\service\webaccess\widgets\testscripts\tests\tfstests.teammembers.ts" adapterTypeName="Microsoft.VisualStudio.TestTools.TestTypes.Unit.UnitTestAdapter" className="d:\v2.0\a1\_work\dbded102\vso\tfs\service\webaccess\widgets\testscripts\tests\tfstests.teammembers.ts::tfstests" name="TFSTests.TeamMembers TeamMembers - Add Team Members - One Row" />
    </UnitTest>
    <UnitTest name="TFSTests.TeamMembers TeamMembers - Add Team Members - Two Rows" storage="d:\v2.0\a1\_work\dbded102\vso\tfs\service\webaccess\widgets\testscripts\tests\tfstests.teammembers.ts" id="1f21df99-036f-4a4e-94c8-7155cc0a38e6">
      <Execution id="d93a1555-432d-4dab-8476-41e99f4d9007" />
      <TestMethod codeBase="d:\v2.0\a1\_work\dbded102\vso\tfs\service\webaccess\widgets\testscripts\tests\tfstests.teammembers.ts" adapterTypeName="Microsoft.VisualStudio.TestTools.TestTypes.Unit.UnitTestAdapter" className="d:\v2.0\a1\_work\dbded102\vso\tfs\service\webaccess\widgets\testscripts\tests\tfstests.teammembers.ts::tfstests" name="TFSTests.TeamMembers TeamMembers - Add Team Members - Two Rows" />
    </UnitTest>
    <UnitTest name="TFSTests.TeamMembers TeamMembers - Add Team Members - No Members" storage="d:\v2.0\a1\_work\dbded102\vso\tfs\service\webaccess\widgets\testscripts\tests\tfstests.teammembers.ts" id="b570a0e3-538d-47e6-b818-4bd8b5aa355d">
      <Execution id="6e3251c6-9c40-44f2-8ec1-7daa4c807782" />
      <TestMethod codeBase="d:\v2.0\a1\_work\dbded102\vso\tfs\service\webaccess\widgets\testscripts\tests\tfstests.teammembers.ts" adapterTypeName="Microsoft.VisualStudio.TestTools.TestTypes.Unit.UnitTestAdapter" className="d:\v2.0\a1\_work\dbded102\vso\tfs\service\webaccess\widgets\testscripts\tests\tfstests.teammembers.ts::tfstests" name="TFSTests.TeamMembers TeamMembers - Add Team Members - No Members" />
    </UnitTest>
    <UnitTest name="TFSTests.TeamMembers TeamMembers - Update Team Member Count In Title Bar - Shown is Less Than Total" storage="d:\v2.0\a1\_work\dbded102\vso\tfs\service\webaccess\widgets\testscripts\tests\tfstests.teammembers.ts" id="12cd5879-b9c9-44e2-9085-2df1d3288f4e">
      <Execution id="fa138a49-7aae-4479-86a0-d1cd3f6d8d65" />
      <TestMethod codeBase="d:\v2.0\a1\_work\dbded102\vso\tfs\service\webaccess\widgets\testscripts\tests\tfstests.teammembers.ts" adapterTypeName="Microsoft.VisualStudio.TestTools.TestTypes.Unit.UnitTestAdapter" className="d:\v2.0\a1\_work\dbded102\vso\tfs\service\webaccess\widgets\testscripts\tests\tfstests.teammembers.ts::tfstests" name="TFSTests.TeamMembers TeamMembers - Update Team Member Count In Title Bar - Shown is Less Than Total" />
    </UnitTest>
    <UnitTest name="TFSTests.TeamMembers TeamMembers - Update Team Member Count In Title Bar - Total is Greater Than 100" storage="d:\v2.0\a1\_work\dbded102\vso\tfs\service\webaccess\widgets\testscripts\tests\tfstests.teammembers.ts" id="239b1df4-2aea-4cd9-8bff-f6061d714de4">
      <Execution id="ddf874ec-85e0-46b6-8052-a829ddeec683" />
      <TestMethod codeBase="d:\v2.0\a1\_work\dbded102\vso\tfs\service\webaccess\widgets\testscripts\tests\tfstests.teammembers.ts" adapterTypeName="Microsoft.VisualStudio.TestTools.TestTypes.Unit.UnitTestAdapter" className="d:\v2.0\a1\_work\dbded102\vso\tfs\service\webaccess\widgets\testscripts\tests\tfstests.teammembers.ts::tfstests" name="TFSTests.TeamMembers TeamMembers - Update Team Member Count In Title Bar - Total is Greater Than 100" />
    </UnitTest>
    <UnitTest name="TFSTests.TeamMembers TeamMembers - Update Team Member Count In Title Bar - Shown Equals Total" storage="d:\v2.0\a1\_work\dbded102\vso\tfs\service\webaccess\widgets\testscripts\tests\tfstests.teammembers.ts" id="899fe7dd-a1a1-4dc1-9c2e-546bd8b55c0e">
      <Execution id="19c9cd6b-ee46-4e5b-802c-b70d0d201f44" />
      <TestMethod codeBase="d:\v2.0\a1\_work\dbded102\vso\tfs\service\webaccess\widgets\testscripts\tests\tfstests.teammembers.ts" adapterTypeName="Microsoft.VisualStudio.TestTools.TestTypes.Unit.UnitTestAdapter" className="d:\v2.0\a1\_work\dbded102\vso\tfs\service\webaccess\widgets\testscripts\tests\tfstests.teammembers.ts::tfstests" name="TFSTests.TeamMembers TeamMembers - Update Team Member Count In Title Bar - Shown Equals Total" />
    </UnitTest>
    <UnitTest name="TFSTests.TeamMembers TeamMembers - Update Team Member Count In Title Bar - Shown is More Than Total" storage="d:\v2.0\a1\_work\dbded102\vso\tfs\service\webaccess\widgets\testscripts\tests\tfstests.teammembers.ts" id="ea58c4b5-f8df-4b59-9202-aeb8b4f4cc89">
      <Execution id="b16e2db3-601e-4abb-a541-673c7cc5d2f5" />
      <TestMethod codeBase="d:\v2.0\a1\_work\dbded102\vso\tfs\service\webaccess\widgets\testscripts\tests\tfstests.teammembers.ts" adapterTypeName="Microsoft.VisualStudio.TestTools.TestTypes.Unit.UnitTestAdapter" className="d:\v2.0\a1\_work\dbded102\vso\tfs\service\webaccess\widgets\testscripts\tests\tfstests.teammembers.ts::tfstests" name="TFSTests.TeamMembers TeamMembers - Update Team Member Count In Title Bar - Shown is More Than Total" />
    </UnitTest>
    <UnitTest name="TFSTests.TeamMembers TeamMembers - Create Member Element - Creates Expected Elements" storage="d:\v2.0\a1\_work\dbded102\vso\tfs\service\webaccess\widgets\testscripts\tests\tfstests.teammembers.ts" id="d1bd59c6-66ca-4c72-983f-bb02eb61f079">
      <Execution id="e941e78b-f6ef-4c96-b107-084132c9b5ca" />
      <TestMethod codeBase="d:\v2.0\a1\_work\dbded102\vso\tfs\service\webaccess\widgets\testscripts\tests\tfstests.teammembers.ts" adapterTypeName="Microsoft.VisualStudio.TestTools.TestTypes.Unit.UnitTestAdapter" className="d:\v2.0\a1\_work\dbded102\vso\tfs\service\webaccess\widgets\testscripts\tests\tfstests.teammembers.ts::tfstests" name="TFSTests.TeamMembers TeamMembers - Create Member Element - Creates Expected Elements" />
    </UnitTest>
    <UnitTest name="TFSTests.TeamMembers TeamMembers - Get Member Image URL - Returns expected URL" storage="d:\v2.0\a1\_work\dbded102\vso\tfs\service\webaccess\widgets\testscripts\tests\tfstests.teammembers.ts" id="7ad6a64d-9c4e-427e-8e7a-a9206e1b31cd">
      <Execution id="6ee5b5b2-b321-4b61-9466-d49fb0e605e1" />
      <TestMethod codeBase="d:\v2.0\a1\_work\dbded102\vso\tfs\service\webaccess\widgets\testscripts\tests\tfstests.teammembers.ts" adapterTypeName="Microsoft.VisualStudio.TestTools.TestTypes.Unit.UnitTestAdapter" className="d:\v2.0\a1\_work\dbded102\vso\tfs\service\webaccess\widgets\testscripts\tests\tfstests.teammembers.ts::tfstests" name="TFSTests.TeamMembers TeamMembers - Get Member Image URL - Returns expected URL" />
    </UnitTest>
    <UnitTest name="TFSTests.TeamRoom TeamRoom Widget - get team room url" storage="d:\v2.0\a1\_work\dbded102\vso\tfs\service\webaccess\widgets\testscripts\tests\tfstests.teamroom.ts" id="ee9e40ac-a7f9-4786-b05d-ec45d4e2d71a">
      <Execution id="0fbd615f-10be-4551-a5af-9e57c381d657" />
      <TestMethod codeBase="d:\v2.0\a1\_work\dbded102\vso\tfs\service\webaccess\widgets\testscripts\tests\tfstests.teamroom.ts" adapterTypeName="Microsoft.VisualStudio.TestTools.TestTypes.Unit.UnitTestAdapter" className="d:\v2.0\a1\_work\dbded102\vso\tfs\service\webaccess\widgets\testscripts\tests\tfstests.teamroom.ts::tfstests" name="TFSTests.TeamRoom TeamRoom Widget - get team room url" />
    </UnitTest>
    <UnitTest name="TFSTests.TricolorBarControl TricolorBarControl - default" storage="d:\v2.0\a1\_work\dbded102\vso\tfs\service\webaccess\widgets\testscripts\tests\tfstests.tricolorbarcontrol.ts" id="d397c007-9c3e-48be-a04a-965914831151">
      <Execution id="4db5de35-e951-4697-9733-a072c8fd269b" />
      <TestMethod codeBase="d:\v2.0\a1\_work\dbded102\vso\tfs\service\webaccess\widgets\testscripts\tests\tfstests.tricolorbarcontrol.ts" adapterTypeName="Microsoft.VisualStudio.TestTools.TestTypes.Unit.UnitTestAdapter" className="d:\v2.0\a1\_work\dbded102\vso\tfs\service\webaccess\widgets\testscripts\tests\tfstests.tricolorbarcontrol.ts::tfstests" name="TFSTests.TricolorBarControl TricolorBarControl - default" />
    </UnitTest>
    <UnitTest name="TFSTests.TricolorBarControl TricolorBarControl - one section zero" storage="d:\v2.0\a1\_work\dbded102\vso\tfs\service\webaccess\widgets\testscripts\tests\tfstests.tricolorbarcontrol.ts" id="e70a4c5f-2dc6-4d1c-928a-1ceecd39b210">
      <Execution id="f8d34a0d-3eeb-4030-bea0-bc5653b8bf76" />
      <TestMethod codeBase="d:\v2.0\a1\_work\dbded102\vso\tfs\service\webaccess\widgets\testscripts\tests\tfstests.tricolorbarcontrol.ts" adapterTypeName="Microsoft.VisualStudio.TestTools.TestTypes.Unit.UnitTestAdapter" className="d:\v2.0\a1\_work\dbded102\vso\tfs\service\webaccess\widgets\testscripts\tests\tfstests.tricolorbarcontrol.ts::tfstests" name="TFSTests.TricolorBarControl TricolorBarControl - one section zero" />
    </UnitTest>
    <UnitTest name="TFSTests.TricolorBarControl TricolorBarControl - two sections zero" storage="d:\v2.0\a1\_work\dbded102\vso\tfs\service\webaccess\widgets\testscripts\tests\tfstests.tricolorbarcontrol.ts" id="7ffa92e6-0f7b-473a-a15b-ea1bd1dee842">
      <Execution id="44dee28d-9fa1-405b-901b-e24f4796ca1a" />
      <TestMethod codeBase="d:\v2.0\a1\_work\dbded102\vso\tfs\service\webaccess\widgets\testscripts\tests\tfstests.tricolorbarcontrol.ts" adapterTypeName="Microsoft.VisualStudio.TestTools.TestTypes.Unit.UnitTestAdapter" className="d:\v2.0\a1\_work\dbded102\vso\tfs\service\webaccess\widgets\testscripts\tests\tfstests.tricolorbarcontrol.ts::tfstests" name="TFSTests.TricolorBarControl TricolorBarControl - two sections zero" />
    </UnitTest>
    <UnitTest name="TFSTests.WidgetLiveTitleTests WidgetLiveTitleViewer - CurrentWidget name win cases" storage="d:\v2.0\a1\_work\dbded102\vso\tfs\service\webaccess\widgets\testscripts\tests\tfstests.widgetlivetitle.ts" id="5a4bae11-d5ca-47bc-8fc3-b38acd529ddd">
      <Execution id="864fe85b-9d84-4efd-b8e4-93e3ccc03de6" />
      <TestMethod codeBase="d:\v2.0\a1\_work\dbded102\vso\tfs\service\webaccess\widgets\testscripts\tests\tfstests.widgetlivetitle.ts" adapterTypeName="Microsoft.VisualStudio.TestTools.TestTypes.Unit.UnitTestAdapter" className="d:\v2.0\a1\_work\dbded102\vso\tfs\service\webaccess\widgets\testscripts\tests\tfstests.widgetlivetitle.ts::tfstests" name="TFSTests.WidgetLiveTitleTests WidgetLiveTitleViewer - CurrentWidget name win cases" />
    </UnitTest>
    <UnitTest name="TFSTests.WidgetLiveTitleTests WidgetLiveTitleViewer - CurrentArtifactName win cases" storage="d:\v2.0\a1\_work\dbded102\vso\tfs\service\webaccess\widgets\testscripts\tests\tfstests.widgetlivetitle.ts" id="5ca7c5c1-0adf-41a5-9fc0-6f2a26c08302">
      <Execution id="d53b33b5-65c8-428d-b41f-3e2cb89907ed" />
      <TestMethod codeBase="d:\v2.0\a1\_work\dbded102\vso\tfs\service\webaccess\widgets\testscripts\tests\tfstests.widgetlivetitle.ts" adapterTypeName="Microsoft.VisualStudio.TestTools.TestTypes.Unit.UnitTestAdapter" className="d:\v2.0\a1\_work\dbded102\vso\tfs\service\webaccess\widgets\testscripts\tests\tfstests.widgetlivetitle.ts::tfstests" name="TFSTests.WidgetLiveTitleTests WidgetLiveTitleViewer - CurrentArtifactName win cases" />
    </UnitTest>
    <UnitTest name="TFSTests.WidgetLiveTitleTests WidgetLiveTitleEditor - Core Flow" storage="d:\v2.0\a1\_work\dbded102\vso\tfs\service\webaccess\widgets\testscripts\tests\tfstests.widgetlivetitle.ts" id="3edc2cce-7abb-4070-8a48-2c3483d82a19">
      <Execution id="8bbc2a12-798e-4273-8156-49c4d78dba52" />
      <TestMethod codeBase="d:\v2.0\a1\_work\dbded102\vso\tfs\service\webaccess\widgets\testscripts\tests\tfstests.widgetlivetitle.ts" adapterTypeName="Microsoft.VisualStudio.TestTools.TestTypes.Unit.UnitTestAdapter" className="d:\v2.0\a1\_work\dbded102\vso\tfs\service\webaccess\widgets\testscripts\tests\tfstests.widgetlivetitle.ts::tfstests" name="TFSTests.WidgetLiveTitleTests WidgetLiveTitleEditor - Core Flow" />
    </UnitTest>
    <UnitTest name="TFSTests.WidgetLiveTitleTests WidgetLiveTitleEditor - Start unconfigured, and clear, and attach" storage="d:\v2.0\a1\_work\dbded102\vso\tfs\service\webaccess\widgets\testscripts\tests\tfstests.widgetlivetitle.ts" id="512eae0d-9113-41d6-8748-d4ca7759f081">
      <Execution id="fbddbc7b-72f5-41e0-9607-3570224a7666" />
      <TestMethod codeBase="d:\v2.0\a1\_work\dbded102\vso\tfs\service\webaccess\widgets\testscripts\tests\tfstests.widgetlivetitle.ts" adapterTypeName="Microsoft.VisualStudio.TestTools.TestTypes.Unit.UnitTestAdapter" className="d:\v2.0\a1\_work\dbded102\vso\tfs\service\webaccess\widgets\testscripts\tests\tfstests.widgetlivetitle.ts::tfstests" name="TFSTests.WidgetLiveTitleTests WidgetLiveTitleEditor - Start unconfigured, and clear, and attach" />
    </UnitTest>
    <UnitTest name="TFSTests.WitCharts WitChart - Constructor Null Option" storage="d:\v2.0\a1\_work\dbded102\vso\tfs\service\webaccess\widgets\testscripts\tests\tfstests.witchart.ts" id="e85b6c28-95b5-439d-b65d-3d75ffe0fded">
      <Execution id="3befe81e-6359-442a-a0a2-13948508a8a1" />
      <TestMethod codeBase="d:\v2.0\a1\_work\dbded102\vso\tfs\service\webaccess\widgets\testscripts\tests\tfstests.witchart.ts" adapterTypeName="Microsoft.VisualStudio.TestTools.TestTypes.Unit.UnitTestAdapter" className="d:\v2.0\a1\_work\dbded102\vso\tfs\service\webaccess\widgets\testscripts\tests\tfstests.witchart.ts::tfstests" name="TFSTests.WitCharts WitChart - Constructor Null Option" />
    </UnitTest>
    <UnitTest name="TFSTests.WitCharts WitChart - Constructor With Option" storage="d:\v2.0\a1\_work\dbded102\vso\tfs\service\webaccess\widgets\testscripts\tests\tfstests.witchart.ts" id="7bb6e4ea-ce05-4188-9014-3a07b7527386">
      <Execution id="2be18fdc-2c7f-4767-9cd8-fdf08498fc83" />
      <TestMethod codeBase="d:\v2.0\a1\_work\dbded102\vso\tfs\service\webaccess\widgets\testscripts\tests\tfstests.witchart.ts" adapterTypeName="Microsoft.VisualStudio.TestTools.TestTypes.Unit.UnitTestAdapter" className="d:\v2.0\a1\_work\dbded102\vso\tfs\service\webaccess\widgets\testscripts\tests\tfstests.witchart.ts::tfstests" name="TFSTests.WitCharts WitChart - Constructor With Option" />
    </UnitTest>
    <UnitTest name="TFSTests.WitCharts WitChart - getUrlForClickingAction When Options not defined" storage="d:\v2.0\a1\_work\dbded102\vso\tfs\service\webaccess\widgets\testscripts\tests\tfstests.witchart.ts" id="1f6335ea-9624-4abf-8195-577f50f96a7a">
      <Execution id="5487617c-8e27-4543-8450-c39a8a0b7184" />
      <TestMethod codeBase="d:\v2.0\a1\_work\dbded102\vso\tfs\service\webaccess\widgets\testscripts\tests\tfstests.witchart.ts" adapterTypeName="Microsoft.VisualStudio.TestTools.TestTypes.Unit.UnitTestAdapter" className="d:\v2.0\a1\_work\dbded102\vso\tfs\service\webaccess\widgets\testscripts\tests\tfstests.witchart.ts::tfstests" name="TFSTests.WitCharts WitChart - getUrlForClickingAction When Options not defined" />
    </UnitTest>
    <UnitTest name="TFSTests.WitCharts WitChart - getUrlForClickingAction When Options Empty Url" storage="d:\v2.0\a1\_work\dbded102\vso\tfs\service\webaccess\widgets\testscripts\tests\tfstests.witchart.ts" id="0889913c-ff78-4c2e-8045-b2d44a6584b9">
      <Execution id="f13906f2-59bc-43d8-9052-97c61c543f9a" />
      <TestMethod codeBase="d:\v2.0\a1\_work\dbded102\vso\tfs\service\webaccess\widgets\testscripts\tests\tfstests.witchart.ts" adapterTypeName="Microsoft.VisualStudio.TestTools.TestTypes.Unit.UnitTestAdapter" className="d:\v2.0\a1\_work\dbded102\vso\tfs\service\webaccess\widgets\testscripts\tests\tfstests.witchart.ts::tfstests" name="TFSTests.WitCharts WitChart - getUrlForClickingAction When Options Empty Url" />
    </UnitTest>
    <UnitTest name="TFSTests.WorkLinks Work Links: Render, Flag On" storage="d:\v2.0\a1\_work\dbded102\vso\tfs\service\webaccess\widgets\testscripts\tests\tfstests.worklinks.ts" id="96dfe28c-8560-4306-bfff-0e7db94c6767">
      <Execution id="f20def94-df0a-4de7-a58e-abe99cee68f4" />
      <TestMethod codeBase="d:\v2.0\a1\_work\dbded102\vso\tfs\service\webaccess\widgets\testscripts\tests\tfstests.worklinks.ts" adapterTypeName="Microsoft.VisualStudio.TestTools.TestTypes.Unit.UnitTestAdapter" className="d:\v2.0\a1\_work\dbded102\vso\tfs\service\webaccess\widgets\testscripts\tests\tfstests.worklinks.ts::tfstests" name="TFSTests.WorkLinks Work Links: Render, Flag On" />
    </UnitTest>
    <UnitTest name="TFSTests.WorkLinks Work Links: Click" storage="d:\v2.0\a1\_work\dbded102\vso\tfs\service\webaccess\widgets\testscripts\tests\tfstests.worklinks.ts" id="56b8a7dc-9089-4082-b5dc-c92a0ac2c876">
      <Execution id="15ff88ef-0742-4b9a-9b51-e1218f6d658f" />
      <TestMethod codeBase="d:\v2.0\a1\_work\dbded102\vso\tfs\service\webaccess\widgets\testscripts\tests\tfstests.worklinks.ts" adapterTypeName="Microsoft.VisualStudio.TestTools.TestTypes.Unit.UnitTestAdapter" className="d:\v2.0\a1\_work\dbded102\vso\tfs\service\webaccess\widgets\testscripts\tests\tfstests.worklinks.ts::tfstests" name="TFSTests.WorkLinks Work Links: Click" />
    </UnitTest>
    <UnitTest name="TFSTests.WorkLinks Work Links - Notify" storage="d:\v2.0\a1\_work\dbded102\vso\tfs\service\webaccess\widgets\testscripts\tests\tfstests.worklinks.ts" id="ff4c4f10-95ce-4ccc-aa88-0ae3e0ff4d08">
      <Execution id="f219b3a2-c8ef-4a27-8f6f-c324ddda08a6" />
      <TestMethod codeBase="d:\v2.0\a1\_work\dbded102\vso\tfs\service\webaccess\widgets\testscripts\tests\tfstests.worklinks.ts" adapterTypeName="Microsoft.VisualStudio.TestTools.TestTypes.Unit.UnitTestAdapter" className="d:\v2.0\a1\_work\dbded102\vso\tfs\service\webaccess\widgets\testscripts\tests\tfstests.worklinks.ts::tfstests" name="TFSTests.WorkLinks Work Links - Notify" />
    </UnitTest>
    <UnitTest name="TFSTests.WorkLinks Work Links: Render, Flag Off" storage="d:\v2.0\a1\_work\dbded102\vso\tfs\service\webaccess\widgets\testscripts\tests\tfstests.worklinks.ts" id="5b2a43d7-8adc-48d0-9390-302545b12d76">
      <Execution id="af1b2b96-1ea3-4efc-9c23-dcd7e6258e32" />
      <TestMethod codeBase="d:\v2.0\a1\_work\dbded102\vso\tfs\service\webaccess\widgets\testscripts\tests\tfstests.worklinks.ts" adapterTypeName="Microsoft.VisualStudio.TestTools.TestTypes.Unit.UnitTestAdapter" className="d:\v2.0\a1\_work\dbded102\vso\tfs\service\webaccess\widgets\testscripts\tests\tfstests.worklinks.ts::tfstests" name="TFSTests.WorkLinks Work Links: Render, Flag Off" />
    </UnitTest>
    <UnitTest name="TFSTests.QueryScalar QueryScalar - getQueryResultFromResponse when count data is valid json" storage="d:\v2.0\a1\_work\dbded102\vso\tfs\service\webaccess\widgets\testscripts\tests\tfstests.queryscalar.ts" id="5ad69f10-4a7e-49e3-a8f0-717f65a347f1">
      <Execution id="8e584520-2d8d-4b1e-9be6-b0c2f8530677" />
      <TestMethod codeBase="d:\v2.0\a1\_work\dbded102\vso\tfs\service\webaccess\widgets\testscripts\tests\tfstests.queryscalar.ts" adapterTypeName="Microsoft.VisualStudio.TestTools.TestTypes.Unit.UnitTestAdapter" className="d:\v2.0\a1\_work\dbded102\vso\tfs\service\webaccess\widgets\testscripts\tests\tfstests.queryscalar.ts::tfstests" name="TFSTests.QueryScalar QueryScalar - getQueryResultFromResponse when count data is valid json" />
    </UnitTest>
    <UnitTest name="TFSTests.QueryScalar QueryScalar - getQueryResultFromResponse when count data is invalid json" storage="d:\v2.0\a1\_work\dbded102\vso\tfs\service\webaccess\widgets\testscripts\tests\tfstests.queryscalar.ts" id="d6f17800-f645-48a4-aaa1-4c2b4ce944f0">
      <Execution id="dc1c1625-e972-4439-af93-5be17f7fa943" />
      <TestMethod codeBase="d:\v2.0\a1\_work\dbded102\vso\tfs\service\webaccess\widgets\testscripts\tests\tfstests.queryscalar.ts" adapterTypeName="Microsoft.VisualStudio.TestTools.TestTypes.Unit.UnitTestAdapter" className="d:\v2.0\a1\_work\dbded102\vso\tfs\service\webaccess\widgets\testscripts\tests\tfstests.queryscalar.ts::tfstests" name="TFSTests.QueryScalar QueryScalar - getQueryResultFromResponse when count data is invalid json" />
    </UnitTest>
    <UnitTest name="TFSTests.QueryScalar QueryScalar - getQueryResultFromResponse when count data is not a json" storage="d:\v2.0\a1\_work\dbded102\vso\tfs\service\webaccess\widgets\testscripts\tests\tfstests.queryscalar.ts" id="f9ff9c05-aa34-4aaf-8cee-2bd941b3c291">
      <Execution id="db132744-1e7b-4cea-aabb-fed8083c3525" />
      <TestMethod codeBase="d:\v2.0\a1\_work\dbded102\vso\tfs\service\webaccess\widgets\testscripts\tests\tfstests.queryscalar.ts" adapterTypeName="Microsoft.VisualStudio.TestTools.TestTypes.Unit.UnitTestAdapter" className="d:\v2.0\a1\_work\dbded102\vso\tfs\service\webaccess\widgets\testscripts\tests\tfstests.queryscalar.ts::tfstests" name="TFSTests.QueryScalar QueryScalar - getQueryResultFromResponse when count data is not a json" />
    </UnitTest>
    <UnitTest name="TFSTests.QueryScalar QueryScalar - loadScalarWidget - Calls getBackgroundColor with the non-null value returned by getBackgroundColor" storage="d:\v2.0\a1\_work\dbded102\vso\tfs\service\webaccess\widgets\testscripts\tests\tfstests.queryscalar.ts" id="db4af836-7c5a-4b1c-b8ed-b8f9f2240dfd">
      <Execution id="3c404bc4-cfbe-4067-a521-4879bd04e487" />
      <TestMethod codeBase="d:\v2.0\a1\_work\dbded102\vso\tfs\service\webaccess\widgets\testscripts\tests\tfstests.queryscalar.ts" adapterTypeName="Microsoft.VisualStudio.TestTools.TestTypes.Unit.UnitTestAdapter" className="d:\v2.0\a1\_work\dbded102\vso\tfs\service\webaccess\widgets\testscripts\tests\tfstests.queryscalar.ts::tfstests" name="TFSTests.QueryScalar QueryScalar - loadScalarWidget - Calls getBackgroundColor with the non-null value returned by getBackgroundColor" />
    </UnitTest>
    <UnitTest name="TFSTests.QueryScalar ColorRuleInterpreter - isRuleValidAndEnabled - Returns false for null rule" storage="d:\v2.0\a1\_work\dbded102\vso\tfs\service\webaccess\widgets\testscripts\tests\tfstests.queryscalar.ts" id="c89de7bd-05d5-4eaa-94fe-14ec27be92ce">
      <Execution id="de345a77-bc58-4bfc-876f-39e990b1cbe2" />
      <TestMethod codeBase="d:\v2.0\a1\_work\dbded102\vso\tfs\service\webaccess\widgets\testscripts\tests\tfstests.queryscalar.ts" adapterTypeName="Microsoft.VisualStudio.TestTools.TestTypes.Unit.UnitTestAdapter" className="d:\v2.0\a1\_work\dbded102\vso\tfs\service\webaccess\widgets\testscripts\tests\tfstests.queryscalar.ts::tfstests" name="TFSTests.QueryScalar ColorRuleInterpreter - isRuleValidAndEnabled - Returns false for null rule" />
    </UnitTest>
    <UnitTest name="TFSTests.QueryScalar ColorRuleInterpreter - isRuleValidAndEnabled - Returns false for disabled rule" storage="d:\v2.0\a1\_work\dbded102\vso\tfs\service\webaccess\widgets\testscripts\tests\tfstests.queryscalar.ts" id="c720a98c-467e-4bfb-b845-9ecc9dd70488">
      <Execution id="2f748489-3e6e-4da2-a298-de44a2f1a48c" />
      <TestMethod codeBase="d:\v2.0\a1\_work\dbded102\vso\tfs\service\webaccess\widgets\testscripts\tests\tfstests.queryscalar.ts" adapterTypeName="Microsoft.VisualStudio.TestTools.TestTypes.Unit.UnitTestAdapter" className="d:\v2.0\a1\_work\dbded102\vso\tfs\service\webaccess\widgets\testscripts\tests\tfstests.queryscalar.ts::tfstests" name="TFSTests.QueryScalar ColorRuleInterpreter - isRuleValidAndEnabled - Returns false for disabled rule" />
    </UnitTest>
    <UnitTest name="TFSTests.QueryScalar ColorRuleInterpreter - isRuleValidAndEnabled - Returns false for enabled rule with null thresholdCount" storage="d:\v2.0\a1\_work\dbded102\vso\tfs\service\webaccess\widgets\testscripts\tests\tfstests.queryscalar.ts" id="ff1801e7-7f1f-4ba6-8f99-e9270f9af552">
      <Execution id="8ddb4a0f-5a94-4972-b1fc-a59f70ca5891" />
      <TestMethod codeBase="d:\v2.0\a1\_work\dbded102\vso\tfs\service\webaccess\widgets\testscripts\tests\tfstests.queryscalar.ts" adapterTypeName="Microsoft.VisualStudio.TestTools.TestTypes.Unit.UnitTestAdapter" className="d:\v2.0\a1\_work\dbded102\vso\tfs\service\webaccess\widgets\testscripts\tests\tfstests.queryscalar.ts::tfstests" name="TFSTests.QueryScalar ColorRuleInterpreter - isRuleValidAndEnabled - Returns false for enabled rule with null thresholdCount" />
    </UnitTest>
    <UnitTest name="TFSTests.QueryScalar ColorRuleInterpreter - isRuleValidAndEnabled - Returns false for enabled rule with invalid operator" storage="d:\v2.0\a1\_work\dbded102\vso\tfs\service\webaccess\widgets\testscripts\tests\tfstests.queryscalar.ts" id="25e6276d-1f67-4dd4-bbf6-51f1c3a72c6b">
      <Execution id="b31d6f8a-7086-4a2e-acf1-09725dea5fc3" />
      <TestMethod codeBase="d:\v2.0\a1\_work\dbded102\vso\tfs\service\webaccess\widgets\testscripts\tests\tfstests.queryscalar.ts" adapterTypeName="Microsoft.VisualStudio.TestTools.TestTypes.Unit.UnitTestAdapter" className="d:\v2.0\a1\_work\dbded102\vso\tfs\service\webaccess\widgets\testscripts\tests\tfstests.queryscalar.ts::tfstests" name="TFSTests.QueryScalar ColorRuleInterpreter - isRuleValidAndEnabled - Returns false for enabled rule with invalid operator" />
    </UnitTest>
    <UnitTest name="TFSTests.QueryScalar ColorRuleInterpreter - isRuleValidAndEnabled - Returns false for enabled rule with invalid backgroundColor" storage="d:\v2.0\a1\_work\dbded102\vso\tfs\service\webaccess\widgets\testscripts\tests\tfstests.queryscalar.ts" id="4ca0de7e-e8f6-4c52-a7d7-a7342d8fa0c8">
      <Execution id="71286150-1521-405c-8751-a30e623171cf" />
      <TestMethod codeBase="d:\v2.0\a1\_work\dbded102\vso\tfs\service\webaccess\widgets\testscripts\tests\tfstests.queryscalar.ts" adapterTypeName="Microsoft.VisualStudio.TestTools.TestTypes.Unit.UnitTestAdapter" className="d:\v2.0\a1\_work\dbded102\vso\tfs\service\webaccess\widgets\testscripts\tests\tfstests.queryscalar.ts::tfstests" name="TFSTests.QueryScalar ColorRuleInterpreter - isRuleValidAndEnabled - Returns false for enabled rule with invalid backgroundColor" />
    </UnitTest>
    <UnitTest name="TFSTests.QueryScalar ColorRuleInterpreter - isRuleValidAndEnabled - Returns true for enabled rule with valid properties" storage="d:\v2.0\a1\_work\dbded102\vso\tfs\service\webaccess\widgets\testscripts\tests\tfstests.queryscalar.ts" id="41f151ea-6a9a-4fe7-9cee-d6392ea65892">
      <Execution id="47d011ce-cf59-495c-95a3-de06cbb240d8" />
      <TestMethod codeBase="d:\v2.0\a1\_work\dbded102\vso\tfs\service\webaccess\widgets\testscripts\tests\tfstests.queryscalar.ts" adapterTypeName="Microsoft.VisualStudio.TestTools.TestTypes.Unit.UnitTestAdapter" className="d:\v2.0\a1\_work\dbded102\vso\tfs\service\webaccess\widgets\testscripts\tests\tfstests.queryscalar.ts::tfstests" name="TFSTests.QueryScalar ColorRuleInterpreter - isRuleValidAndEnabled - Returns true for enabled rule with valid properties" />
    </UnitTest>
    <UnitTest name="TFSTests.QueryScalar ColorRuleInterpreter - isRuleSatisfied - Returns false when isRuleValidAndEnabled returns false" storage="d:\v2.0\a1\_work\dbded102\vso\tfs\service\webaccess\widgets\testscripts\tests\tfstests.queryscalar.ts" id="7378afc4-78c7-4ab4-94fd-ad04f92ab326">
      <Execution id="ab464a4b-c89d-4386-b1b0-96da144026a9" />
      <TestMethod codeBase="d:\v2.0\a1\_work\dbded102\vso\tfs\service\webaccess\widgets\testscripts\tests\tfstests.queryscalar.ts" adapterTypeName="Microsoft.VisualStudio.TestTools.TestTypes.Unit.UnitTestAdapter" className="d:\v2.0\a1\_work\dbded102\vso\tfs\service\webaccess\widgets\testscripts\tests\tfstests.queryscalar.ts::tfstests" name="TFSTests.QueryScalar ColorRuleInterpreter - isRuleSatisfied - Returns false when isRuleValidAndEnabled returns false" />
    </UnitTest>
    <UnitTest name="TFSTests.QueryScalar ColorRuleInterpreter - isRuleSatisfied - Returns false for null result count" storage="d:\v2.0\a1\_work\dbded102\vso\tfs\service\webaccess\widgets\testscripts\tests\tfstests.queryscalar.ts" id="12350e51-b3b4-48cb-898b-10c411f395db">
      <Execution id="0bbc2c19-9f9a-4ec9-a404-1b24fc7cc8ec" />
      <TestMethod codeBase="d:\v2.0\a1\_work\dbded102\vso\tfs\service\webaccess\widgets\testscripts\tests\tfstests.queryscalar.ts" adapterTypeName="Microsoft.VisualStudio.TestTools.TestTypes.Unit.UnitTestAdapter" className="d:\v2.0\a1\_work\dbded102\vso\tfs\service\webaccess\widgets\testscripts\tests\tfstests.queryscalar.ts::tfstests" name="TFSTests.QueryScalar ColorRuleInterpreter - isRuleSatisfied - Returns false for null result count" />
    </UnitTest>
    <UnitTest name="TFSTests.QueryScalar ColorRuleInterpreter - isRuleSatisfied - Returns expected value for evaluated equal-to expression" storage="d:\v2.0\a1\_work\dbded102\vso\tfs\service\webaccess\widgets\testscripts\tests\tfstests.queryscalar.ts" id="b195e7c6-ac2c-466e-9c40-aa7b787c2880">
      <Execution id="7a3c0db9-ee3d-415c-a351-5dce65ae7b9b" />
      <TestMethod codeBase="d:\v2.0\a1\_work\dbded102\vso\tfs\service\webaccess\widgets\testscripts\tests\tfstests.queryscalar.ts" adapterTypeName="Microsoft.VisualStudio.TestTools.TestTypes.Unit.UnitTestAdapter" className="d:\v2.0\a1\_work\dbded102\vso\tfs\service\webaccess\widgets\testscripts\tests\tfstests.queryscalar.ts::tfstests" name="TFSTests.QueryScalar ColorRuleInterpreter - isRuleSatisfied - Returns expected value for evaluated equal-to expression" />
    </UnitTest>
    <UnitTest name="TFSTests.QueryScalar ColorRuleInterpreter - isRuleSatisfied - Returns expected value for evaluated not-equal-to expression" storage="d:\v2.0\a1\_work\dbded102\vso\tfs\service\webaccess\widgets\testscripts\tests\tfstests.queryscalar.ts" id="6020f255-16ed-408d-82d3-ed7fb471922a">
      <Execution id="f4016855-9f6b-40b7-8f4c-a4442b4be3c9" />
      <TestMethod codeBase="d:\v2.0\a1\_work\dbded102\vso\tfs\service\webaccess\widgets\testscripts\tests\tfstests.queryscalar.ts" adapterTypeName="Microsoft.VisualStudio.TestTools.TestTypes.Unit.UnitTestAdapter" className="d:\v2.0\a1\_work\dbded102\vso\tfs\service\webaccess\widgets\testscripts\tests\tfstests.queryscalar.ts::tfstests" name="TFSTests.QueryScalar ColorRuleInterpreter - isRuleSatisfied - Returns expected value for evaluated not-equal-to expression" />
    </UnitTest>
    <UnitTest name="TFSTests.QueryScalar ColorRuleInterpreter - setBackgroundColor - Returns null when the rules array is null" storage="d:\v2.0\a1\_work\dbded102\vso\tfs\service\webaccess\widgets\testscripts\tests\tfstests.queryscalar.ts" id="d679c74e-49a9-4ab9-9ea5-e91e68a9f8fb">
      <Execution id="95a5f7b0-1b9e-4707-a2de-9c8d6ca2561f" />
      <TestMethod codeBase="d:\v2.0\a1\_work\dbded102\vso\tfs\service\webaccess\widgets\testscripts\tests\tfstests.queryscalar.ts" adapterTypeName="Microsoft.VisualStudio.TestTools.TestTypes.Unit.UnitTestAdapter" className="d:\v2.0\a1\_work\dbded102\vso\tfs\service\webaccess\widgets\testscripts\tests\tfstests.queryscalar.ts::tfstests" name="TFSTests.QueryScalar ColorRuleInterpreter - setBackgroundColor - Returns null when the rules array is null" />
    </UnitTest>
    <UnitTest name="TFSTests.QueryScalar ColorRuleInterpreter - setBackgroundColor - Returns null when the results count is null" storage="d:\v2.0\a1\_work\dbded102\vso\tfs\service\webaccess\widgets\testscripts\tests\tfstests.queryscalar.ts" id="47c84df9-8a6c-454d-bc5b-e108ab720b75">
      <Execution id="313af549-d9be-4e1d-9317-70ef95fc41e6" />
      <TestMethod codeBase="d:\v2.0\a1\_work\dbded102\vso\tfs\service\webaccess\widgets\testscripts\tests\tfstests.queryscalar.ts" adapterTypeName="Microsoft.VisualStudio.TestTools.TestTypes.Unit.UnitTestAdapter" className="d:\v2.0\a1\_work\dbded102\vso\tfs\service\webaccess\widgets\testscripts\tests\tfstests.queryscalar.ts::tfstests" name="TFSTests.QueryScalar ColorRuleInterpreter - setBackgroundColor - Returns null when the results count is null" />
    </UnitTest>
    <UnitTest name="TFSTests.QueryScalar ColorRuleInterpreter - setBackgroundColor - Returns null when there are no rules" storage="d:\v2.0\a1\_work\dbded102\vso\tfs\service\webaccess\widgets\testscripts\tests\tfstests.queryscalar.ts" id="0eb1fea9-9cea-4b60-9337-7792b1a4eec0">
      <Execution id="1ea24134-8748-44b8-b23d-161da4e10d61" />
      <TestMethod codeBase="d:\v2.0\a1\_work\dbded102\vso\tfs\service\webaccess\widgets\testscripts\tests\tfstests.queryscalar.ts" adapterTypeName="Microsoft.VisualStudio.TestTools.TestTypes.Unit.UnitTestAdapter" className="d:\v2.0\a1\_work\dbded102\vso\tfs\service\webaccess\widgets\testscripts\tests\tfstests.queryscalar.ts::tfstests" name="TFSTests.QueryScalar ColorRuleInterpreter - setBackgroundColor - Returns null when there are no rules" />
    </UnitTest>
    <UnitTest name="TFSTests.QueryScalar ColorRuleInterpreter - setBackgroundColor - Returns null when no rules are enabled" storage="d:\v2.0\a1\_work\dbded102\vso\tfs\service\webaccess\widgets\testscripts\tests\tfstests.queryscalar.ts" id="88af652c-cc2f-46d1-a69a-9447455a4337">
      <Execution id="902b0506-4739-46f3-b7db-edf5d6e8f459" />
      <TestMethod codeBase="d:\v2.0\a1\_work\dbded102\vso\tfs\service\webaccess\widgets\testscripts\tests\tfstests.queryscalar.ts" adapterTypeName="Microsoft.VisualStudio.TestTools.TestTypes.Unit.UnitTestAdapter" className="d:\v2.0\a1\_work\dbded102\vso\tfs\service\webaccess\widgets\testscripts\tests\tfstests.queryscalar.ts::tfstests" name="TFSTests.QueryScalar ColorRuleInterpreter - setBackgroundColor - Returns null when no rules are enabled" />
    </UnitTest>
    <UnitTest name="TFSTests.QueryScalar ColorRuleInterpreter - setBackgroundColor - Returns null when no rules are matched" storage="d:\v2.0\a1\_work\dbded102\vso\tfs\service\webaccess\widgets\testscripts\tests\tfstests.queryscalar.ts" id="6394ae04-d795-4783-b121-0ab742ff896a">
      <Execution id="10392ae9-a90a-4891-a477-13a7200779e0" />
      <TestMethod codeBase="d:\v2.0\a1\_work\dbded102\vso\tfs\service\webaccess\widgets\testscripts\tests\tfstests.queryscalar.ts" adapterTypeName="Microsoft.VisualStudio.TestTools.TestTypes.Unit.UnitTestAdapter" className="d:\v2.0\a1\_work\dbded102\vso\tfs\service\webaccess\widgets\testscripts\tests\tfstests.queryscalar.ts::tfstests" name="TFSTests.QueryScalar ColorRuleInterpreter - setBackgroundColor - Returns null when no rules are matched" />
    </UnitTest>
    <UnitTest name="TFSTests.QueryScalar ColorRuleInterpreter - setBackgroundColor - Uses rule color when a single rule is matched" storage="d:\v2.0\a1\_work\dbded102\vso\tfs\service\webaccess\widgets\testscripts\tests\tfstests.queryscalar.ts" id="599b85a1-ac8e-4605-a257-55dcb7c32457">
      <Execution id="14c14fa2-7e36-4a4a-81d6-bea3eba6c612" />
      <TestMethod codeBase="d:\v2.0\a1\_work\dbded102\vso\tfs\service\webaccess\widgets\testscripts\tests\tfstests.queryscalar.ts" adapterTypeName="Microsoft.VisualStudio.TestTools.TestTypes.Unit.UnitTestAdapter" className="d:\v2.0\a1\_work\dbded102\vso\tfs\service\webaccess\widgets\testscripts\tests\tfstests.queryscalar.ts::tfstests" name="TFSTests.QueryScalar ColorRuleInterpreter - setBackgroundColor - Uses rule color when a single rule is matched" />
    </UnitTest>
    <UnitTest name="TFSTests.QueryScalar ColorRuleInterpreter - setBackgroundColor - Uses last rule color when multiple rules are matched" storage="d:\v2.0\a1\_work\dbded102\vso\tfs\service\webaccess\widgets\testscripts\tests\tfstests.queryscalar.ts" id="f3f5e66c-6545-4f25-9fc2-db6aad565fe3">
      <Execution id="544a6900-c880-42db-9e03-d88c469a143c" />
      <TestMethod codeBase="d:\v2.0\a1\_work\dbded102\vso\tfs\service\webaccess\widgets\testscripts\tests\tfstests.queryscalar.ts" adapterTypeName="Microsoft.VisualStudio.TestTools.TestTypes.Unit.UnitTestAdapter" className="d:\v2.0\a1\_work\dbded102\vso\tfs\service\webaccess\widgets\testscripts\tests\tfstests.queryscalar.ts::tfstests" name="TFSTests.QueryScalar ColorRuleInterpreter - setBackgroundColor - Uses last rule color when multiple rules are matched" />
    </UnitTest>
    <UnitTest name="TFSTests.Markdown Markdown Widget - Initialize sets refreshCallBack" storage="d:\v2.0\a1\_work\dbded102\vso\tfs\service\webaccess\widgets\testscripts\tests\tfstests.markdown.ts" id="cbb44c92-9d2b-4bae-a010-c4eb61cf93f1">
      <Execution id="a4fcae76-575c-4abf-bedc-b6f7ba788195" />
      <TestMethod codeBase="d:\v2.0\a1\_work\dbded102\vso\tfs\service\webaccess\widgets\testscripts\tests\tfstests.markdown.ts" adapterTypeName="Microsoft.VisualStudio.TestTools.TestTypes.Unit.UnitTestAdapter" className="d:\v2.0\a1\_work\dbded102\vso\tfs\service\webaccess\widgets\testscripts\tests\tfstests.markdown.ts::tfstests" name="TFSTests.Markdown Markdown Widget - Initialize sets refreshCallBack" />
    </UnitTest>
    <UnitTest name="TFSTests.Markdown Markdown Widget - refreshCallBack calls refreshSettings" storage="d:\v2.0\a1\_work\dbded102\vso\tfs\service\webaccess\widgets\testscripts\tests\tfstests.markdown.ts" id="7ad90c8b-9564-4ba9-a49a-ab2d116e5274">
      <Execution id="2bdbf5b7-3a3c-46fc-8a1f-e0e3bf0b96ef" />
      <TestMethod codeBase="d:\v2.0\a1\_work\dbded102\vso\tfs\service\webaccess\widgets\testscripts\tests\tfstests.markdown.ts" adapterTypeName="Microsoft.VisualStudio.TestTools.TestTypes.Unit.UnitTestAdapter" className="d:\v2.0\a1\_work\dbded102\vso\tfs\service\webaccess\widgets\testscripts\tests\tfstests.markdown.ts::tfstests" name="TFSTests.Markdown Markdown Widget - refreshCallBack calls refreshSettings" />
    </UnitTest>
    <UnitTest name="TFSTests.Markdown Markdown Widget - Initialize calls getRendererForMimeType" storage="d:\v2.0\a1\_work\dbded102\vso\tfs\service\webaccess\widgets\testscripts\tests\tfstests.markdown.ts" id="1ea76269-b914-48c8-8f37-7d9baa090cc5">
      <Execution id="b23ed444-f36d-4bee-99ef-5b0ae24344c7" />
      <TestMethod codeBase="d:\v2.0\a1\_work\dbded102\vso\tfs\service\webaccess\widgets\testscripts\tests\tfstests.markdown.ts" adapterTypeName="Microsoft.VisualStudio.TestTools.TestTypes.Unit.UnitTestAdapter" className="d:\v2.0\a1\_work\dbded102\vso\tfs\service\webaccess\widgets\testscripts\tests\tfstests.markdown.ts::tfstests" name="TFSTests.Markdown Markdown Widget - Initialize calls getRendererForMimeType" />
    </UnitTest>
    <UnitTest name="TFSTests.Markdown Markdown Widget - getRendererForMimeType success sets markdownContentRenderer" storage="d:\v2.0\a1\_work\dbded102\vso\tfs\service\webaccess\widgets\testscripts\tests\tfstests.markdown.ts" id="19a39008-dcac-42ca-89aa-f0ff567e9e99">
      <Execution id="b8dbea88-802c-4795-8e73-f4751b48d11b" />
      <TestMethod codeBase="d:\v2.0\a1\_work\dbded102\vso\tfs\service\webaccess\widgets\testscripts\tests\tfstests.markdown.ts" adapterTypeName="Microsoft.VisualStudio.TestTools.TestTypes.Unit.UnitTestAdapter" className="d:\v2.0\a1\_work\dbded102\vso\tfs\service\webaccess\widgets\testscripts\tests\tfstests.markdown.ts::tfstests" name="TFSTests.Markdown Markdown Widget - getRendererForMimeType success sets markdownContentRenderer" />
    </UnitTest>
    <UnitTest name="TFSTests.Markdown Markdown Widget - getRendererForMimeType success sets markdownContentRenderer" storage="d:\v2.0\a1\_work\dbded102\vso\tfs\service\webaccess\widgets\testscripts\tests\tfstests.markdown.ts" id="16675930-25b0-47fc-b7f1-2e247a0ff0c7">
      <Execution id="81ae6df4-599e-4b28-b0a8-5f6d0d6da917" />
      <TestMethod codeBase="d:\v2.0\a1\_work\dbded102\vso\tfs\service\webaccess\widgets\testscripts\tests\tfstests.markdown.ts" adapterTypeName="Microsoft.VisualStudio.TestTools.TestTypes.Unit.UnitTestAdapter" className="d:\v2.0\a1\_work\dbded102\vso\tfs\service\webaccess\widgets\testscripts\tests\tfstests.markdown.ts::tfstests" name="TFSTests.Markdown Markdown Widget - getRendererForMimeType success sets markdownContentRenderer" />
    </UnitTest>
    <UnitTest name="TFSTests.Markdown Markdown Widget - getRendererForMimeType success calls render" storage="d:\v2.0\a1\_work\dbded102\vso\tfs\service\webaccess\widgets\testscripts\tests\tfstests.markdown.ts" id="718c1a7f-2486-4147-85ac-a17f1210b459">
      <Execution id="d6d97018-733b-41e2-967c-d86fb7f0a60a" />
      <TestMethod codeBase="d:\v2.0\a1\_work\dbded102\vso\tfs\service\webaccess\widgets\testscripts\tests\tfstests.markdown.ts" adapterTypeName="Microsoft.VisualStudio.TestTools.TestTypes.Unit.UnitTestAdapter" className="d:\v2.0\a1\_work\dbded102\vso\tfs\service\webaccess\widgets\testscripts\tests\tfstests.markdown.ts::tfstests" name="TFSTests.Markdown Markdown Widget - getRendererForMimeType success calls render" />
    </UnitTest>
    <UnitTest name="TFSTests.Markdown Markdown Widget - getRendererForMimeType success calls widgetContext.notifyLoadSucceeded" storage="d:\v2.0\a1\_work\dbded102\vso\tfs\service\webaccess\widgets\testscripts\tests\tfstests.markdown.ts" id="b87304fa-af91-4325-96e8-0eef8ff873e4">
      <Execution id="34956493-923d-4215-982d-8264d99663b2" />
      <TestMethod codeBase="d:\v2.0\a1\_work\dbded102\vso\tfs\service\webaccess\widgets\testscripts\tests\tfstests.markdown.ts" adapterTypeName="Microsoft.VisualStudio.TestTools.TestTypes.Unit.UnitTestAdapter" className="d:\v2.0\a1\_work\dbded102\vso\tfs\service\webaccess\widgets\testscripts\tests\tfstests.markdown.ts::tfstests.markdown::markdown widget - getrendererformimetype success calls widgetcontext" name="TFSTests.Markdown Markdown Widget - getRendererForMimeType success calls widgetContext.notifyLoadSucceeded" />
    </UnitTest>
    <UnitTest name="TFSTests.Markdown Markdown Widget - getRendererForMimeType failure calls widgetContext.notifyLoadFailed" storage="d:\v2.0\a1\_work\dbded102\vso\tfs\service\webaccess\widgets\testscripts\tests\tfstests.markdown.ts" id="961f8d9c-ada4-4e0a-a654-08ef66744d7a">
      <Execution id="dd686c96-3a90-4cd8-adc0-4fc291332789" />
      <TestMethod codeBase="d:\v2.0\a1\_work\dbded102\vso\tfs\service\webaccess\widgets\testscripts\tests\tfstests.markdown.ts" adapterTypeName="Microsoft.VisualStudio.TestTools.TestTypes.Unit.UnitTestAdapter" className="d:\v2.0\a1\_work\dbded102\vso\tfs\service\webaccess\widgets\testscripts\tests\tfstests.markdown.ts::tfstests.markdown::markdown widget - getrendererformimetype failure calls widgetcontext" name="TFSTests.Markdown Markdown Widget - getRendererForMimeType failure calls widgetContext.notifyLoadFailed" />
    </UnitTest>
    <UnitTest name="TFSTests.Markdown Markdown Widget - refreshSettings calls render" storage="d:\v2.0\a1\_work\dbded102\vso\tfs\service\webaccess\widgets\testscripts\tests\tfstests.markdown.ts" id="9b0ae832-9d2e-4103-be50-c86bdb21d160">
      <Execution id="fb6626f0-eddc-41e2-875e-efe31ac97ac6" />
      <TestMethod codeBase="d:\v2.0\a1\_work\dbded102\vso\tfs\service\webaccess\widgets\testscripts\tests\tfstests.markdown.ts" adapterTypeName="Microsoft.VisualStudio.TestTools.TestTypes.Unit.UnitTestAdapter" className="d:\v2.0\a1\_work\dbded102\vso\tfs\service\webaccess\widgets\testscripts\tests\tfstests.markdown.ts::tfstests" name="TFSTests.Markdown Markdown Widget - refreshSettings calls render" />
    </UnitTest>
    <UnitTest name="TFSTests.Markdown Markdown Widget - render sets UI content from settings" storage="d:\v2.0\a1\_work\dbded102\vso\tfs\service\webaccess\widgets\testscripts\tests\tfstests.markdown.ts" id="b7078923-a5f1-43ba-90dc-a55e94a6ff8f">
      <Execution id="13e330c8-c621-4e49-bbcb-64825778d058" />
      <TestMethod codeBase="d:\v2.0\a1\_work\dbded102\vso\tfs\service\webaccess\widgets\testscripts\tests\tfstests.markdown.ts" adapterTypeName="Microsoft.VisualStudio.TestTools.TestTypes.Unit.UnitTestAdapter" className="d:\v2.0\a1\_work\dbded102\vso\tfs\service\webaccess\widgets\testscripts\tests\tfstests.markdown.ts::tfstests" name="TFSTests.Markdown Markdown Widget - render sets UI content from settings" />
    </UnitTest>
    <UnitTest name="TFSTests.Markdown Markdown Widget - render sets UI content from resources if given null content" storage="d:\v2.0\a1\_work\dbded102\vso\tfs\service\webaccess\widgets\testscripts\tests\tfstests.markdown.ts" id="640e4975-e12c-48c4-a3c6-5df0adfbd775">
      <Execution id="ba8de2f8-aac2-4618-b053-5450ac11f3fa" />
      <TestMethod codeBase="d:\v2.0\a1\_work\dbded102\vso\tfs\service\webaccess\widgets\testscripts\tests\tfstests.markdown.ts" adapterTypeName="Microsoft.VisualStudio.TestTools.TestTypes.Unit.UnitTestAdapter" className="d:\v2.0\a1\_work\dbded102\vso\tfs\service\webaccess\widgets\testscripts\tests\tfstests.markdown.ts::tfstests" name="TFSTests.Markdown Markdown Widget - render sets UI content from resources if given null content" />
    </UnitTest>
    <UnitTest name="TFSTests.Markdown Markdown Widget - render sets UI content from settings during configuration" storage="d:\v2.0\a1\_work\dbded102\vso\tfs\service\webaccess\widgets\testscripts\tests\tfstests.markdown.ts" id="2c888257-484c-4638-bf6b-afac36318dad">
      <Execution id="13ef3881-a1d0-404a-bac6-4ff6f10e8431" />
      <TestMethod codeBase="d:\v2.0\a1\_work\dbded102\vso\tfs\service\webaccess\widgets\testscripts\tests\tfstests.markdown.ts" adapterTypeName="Microsoft.VisualStudio.TestTools.TestTypes.Unit.UnitTestAdapter" className="d:\v2.0\a1\_work\dbded102\vso\tfs\service\webaccess\widgets\testscripts\tests\tfstests.markdown.ts::tfstests" name="TFSTests.Markdown Markdown Widget - render sets UI content from settings during configuration" />
    </UnitTest>
    <UnitTest name="TFSTests.MarkdownConfiguration Markdown Configuration - IsMarkdownValid for more than max allowed text" storage="d:\v2.0\a1\_work\dbded102\vso\tfs\service\webaccess\widgets\testscripts\tests\tfstests.markdownconfiguration.ts" id="529e7a8b-7be1-4cc5-b54b-774abb48ed94">
      <Execution id="34734cfa-d938-4b01-816a-cf8468d6f37f" />
      <TestMethod codeBase="d:\v2.0\a1\_work\dbded102\vso\tfs\service\webaccess\widgets\testscripts\tests\tfstests.markdownconfiguration.ts" adapterTypeName="Microsoft.VisualStudio.TestTools.TestTypes.Unit.UnitTestAdapter" className="d:\v2.0\a1\_work\dbded102\vso\tfs\service\webaccess\widgets\testscripts\tests\tfstests.markdownconfiguration.ts::tfstests" name="TFSTests.MarkdownConfiguration Markdown Configuration - IsMarkdownValid for more than max allowed text" />
    </UnitTest>
    <UnitTest name="TFSTests.MarkdownConfiguration Markdown Configuration - IsMarkdownValid for max allowed text" storage="d:\v2.0\a1\_work\dbded102\vso\tfs\service\webaccess\widgets\testscripts\tests\tfstests.markdownconfiguration.ts" id="697f8ae2-6b9e-4315-b338-6f32bdec7cba">
      <Execution id="f370852f-d1aa-4833-8950-6244dce30abf" />
      <TestMethod codeBase="d:\v2.0\a1\_work\dbded102\vso\tfs\service\webaccess\widgets\testscripts\tests\tfstests.markdownconfiguration.ts" adapterTypeName="Microsoft.VisualStudio.TestTools.TestTypes.Unit.UnitTestAdapter" className="d:\v2.0\a1\_work\dbded102\vso\tfs\service\webaccess\widgets\testscripts\tests\tfstests.markdownconfiguration.ts::tfstests" name="TFSTests.MarkdownConfiguration Markdown Configuration - IsMarkdownValid for max allowed text" />
    </UnitTest>
    <UnitTest name="TFSTests.MarkdownConfiguration Markdown Configuration - IsMarkdownValid for non-empty markdown within length limit" storage="d:\v2.0\a1\_work\dbded102\vso\tfs\service\webaccess\widgets\testscripts\tests\tfstests.markdownconfiguration.ts" id="0c6b5b38-e39d-4d97-973e-c727c0a64545">
      <Execution id="902ad52b-0b9b-4da9-990a-4b2f9d9d588b" />
      <TestMethod codeBase="d:\v2.0\a1\_work\dbded102\vso\tfs\service\webaccess\widgets\testscripts\tests\tfstests.markdownconfiguration.ts" adapterTypeName="Microsoft.VisualStudio.TestTools.TestTypes.Unit.UnitTestAdapter" className="d:\v2.0\a1\_work\dbded102\vso\tfs\service\webaccess\widgets\testscripts\tests\tfstests.markdownconfiguration.ts::tfstests" name="TFSTests.MarkdownConfiguration Markdown Configuration - IsMarkdownValid for non-empty markdown within length limit" />
    </UnitTest>
    <UnitTest name="TFSTests.MarkdownConfiguration Markdown Configuration - OnSaveValidation updates the error presentation" storage="d:\v2.0\a1\_work\dbded102\vso\tfs\service\webaccess\widgets\testscripts\tests\tfstests.markdownconfiguration.ts" id="81fdde46-a430-46d7-b373-54a9c257dcb4">
      <Execution id="b97fcdd5-e1d7-42ea-a2c4-bdde8760064f" />
      <TestMethod codeBase="d:\v2.0\a1\_work\dbded102\vso\tfs\service\webaccess\widgets\testscripts\tests\tfstests.markdownconfiguration.ts" adapterTypeName="Microsoft.VisualStudio.TestTools.TestTypes.Unit.UnitTestAdapter" className="d:\v2.0\a1\_work\dbded102\vso\tfs\service\webaccess\widgets\testscripts\tests\tfstests.markdownconfiguration.ts::tfstests" name="TFSTests.MarkdownConfiguration Markdown Configuration - OnSaveValidation updates the error presentation" />
    </UnitTest>
    <UnitTest name="TFSTests.MarkdownConfiguration Markdown Configuration - OnSaveValidation returns the widget config status" storage="d:\v2.0\a1\_work\dbded102\vso\tfs\service\webaccess\widgets\testscripts\tests\tfstests.markdownconfiguration.ts" id="48d383d9-ab71-4049-b0a6-bc1c028fa009">
      <Execution id="c5e4a245-810c-4cb4-8593-619b20dd63cb" />
      <TestMethod codeBase="d:\v2.0\a1\_work\dbded102\vso\tfs\service\webaccess\widgets\testscripts\tests\tfstests.markdownconfiguration.ts" adapterTypeName="Microsoft.VisualStudio.TestTools.TestTypes.Unit.UnitTestAdapter" className="d:\v2.0\a1\_work\dbded102\vso\tfs\service\webaccess\widgets\testscripts\tests\tfstests.markdownconfiguration.ts::tfstests" name="TFSTests.MarkdownConfiguration Markdown Configuration - OnSaveValidation returns the widget config status" />
    </UnitTest>
    <UnitTest name="TFSTests.MarkdownConfiguration Markdown Configuration - UpdateErrorPresentation calls setInputValidationState with the fieldset as an arg" storage="d:\v2.0\a1\_work\dbded102\vso\tfs\service\webaccess\widgets\testscripts\tests\tfstests.markdownconfiguration.ts" id="274cde7f-f7ce-4a52-afa6-a15bf071d9c4">
      <Execution id="64647068-1156-4fb7-b745-ecb0a5b3d050" />
      <TestMethod codeBase="d:\v2.0\a1\_work\dbded102\vso\tfs\service\webaccess\widgets\testscripts\tests\tfstests.markdownconfiguration.ts" adapterTypeName="Microsoft.VisualStudio.TestTools.TestTypes.Unit.UnitTestAdapter" className="d:\v2.0\a1\_work\dbded102\vso\tfs\service\webaccess\widgets\testscripts\tests\tfstests.markdownconfiguration.ts::tfstests" name="TFSTests.MarkdownConfiguration Markdown Configuration - UpdateErrorPresentation calls setInputValidationState with the fieldset as an arg" />
    </UnitTest>
    <UnitTest name="TFSTests.MarkdownConfiguration Markdown Configuration - UpdateErrorPresentation calls setInputValidationState with the result of isMarkdownValid" storage="d:\v2.0\a1\_work\dbded102\vso\tfs\service\webaccess\widgets\testscripts\tests\tfstests.markdownconfiguration.ts" id="090953fe-5a9d-48ff-acc8-41577a409606">
      <Execution id="d888d23f-c3e1-4aee-85eb-a4bfdcf6857e" />
      <TestMethod codeBase="d:\v2.0\a1\_work\dbded102\vso\tfs\service\webaccess\widgets\testscripts\tests\tfstests.markdownconfiguration.ts" adapterTypeName="Microsoft.VisualStudio.TestTools.TestTypes.Unit.UnitTestAdapter" className="d:\v2.0\a1\_work\dbded102\vso\tfs\service\webaccess\widgets\testscripts\tests\tfstests.markdownconfiguration.ts::tfstests" name="TFSTests.MarkdownConfiguration Markdown Configuration - UpdateErrorPresentation calls setInputValidationState with the result of isMarkdownValid" />
    </UnitTest>
    <UnitTest name="TFSTests.MarkdownConfiguration Markdown Configuration - Initialize sets validation callback to the onSaveValidation function" storage="d:\v2.0\a1\_work\dbded102\vso\tfs\service\webaccess\widgets\testscripts\tests\tfstests.markdownconfiguration.ts" id="75f642b5-d7f5-4115-8d1a-845ea3102798">
      <Execution id="018c4ca8-56e4-4cb9-9da7-8a06755115cf" />
      <TestMethod codeBase="d:\v2.0\a1\_work\dbded102\vso\tfs\service\webaccess\widgets\testscripts\tests\tfstests.markdownconfiguration.ts" adapterTypeName="Microsoft.VisualStudio.TestTools.TestTypes.Unit.UnitTestAdapter" className="d:\v2.0\a1\_work\dbded102\vso\tfs\service\webaccess\widgets\testscripts\tests\tfstests.markdownconfiguration.ts::tfstests" name="TFSTests.MarkdownConfiguration Markdown Configuration - Initialize sets validation callback to the onSaveValidation function" />
    </UnitTest>
    <UnitTest name="TFSTests.MarkdownConfiguration Markdown Configuration - Initialize calls buildSingleInputConfiguration and appends the result to the config element" storage="d:\v2.0\a1\_work\dbded102\vso\tfs\service\webaccess\widgets\testscripts\tests\tfstests.markdownconfiguration.ts" id="d74a85a6-897e-4624-9576-3dfbc3936264">
      <Execution id="9912df08-cae1-4b5a-8cfd-39011f20dcb9" />
      <TestMethod codeBase="d:\v2.0\a1\_work\dbded102\vso\tfs\service\webaccess\widgets\testscripts\tests\tfstests.markdownconfiguration.ts" adapterTypeName="Microsoft.VisualStudio.TestTools.TestTypes.Unit.UnitTestAdapter" className="d:\v2.0\a1\_work\dbded102\vso\tfs\service\webaccess\widgets\testscripts\tests\tfstests.markdownconfiguration.ts::tfstests" name="TFSTests.MarkdownConfiguration Markdown Configuration - Initialize calls buildSingleInputConfiguration and appends the result to the config element" />
    </UnitTest>
    <UnitTest name="TFSTests.MarkdownConfiguration Markdown Configuration - CreateTextArea returns new element with expected value set" storage="d:\v2.0\a1\_work\dbded102\vso\tfs\service\webaccess\widgets\testscripts\tests\tfstests.markdownconfiguration.ts" id="c28a8e91-e487-4754-9aee-92b6e2e7f82f">
      <Execution id="85646315-8d75-41e6-8541-131a2702c8d6" />
      <TestMethod codeBase="d:\v2.0\a1\_work\dbded102\vso\tfs\service\webaccess\widgets\testscripts\tests\tfstests.markdownconfiguration.ts" adapterTypeName="Microsoft.VisualStudio.TestTools.TestTypes.Unit.UnitTestAdapter" className="d:\v2.0\a1\_work\dbded102\vso\tfs\service\webaccess\widgets\testscripts\tests\tfstests.markdownconfiguration.ts::tfstests" name="TFSTests.MarkdownConfiguration Markdown Configuration - CreateTextArea returns new element with expected value set" />
    </UnitTest>
    <UnitTest name="TFSTests.MarkdownConfiguration Markdown Configuration - CreateTextArea returns new element with default content if null content is provided" storage="d:\v2.0\a1\_work\dbded102\vso\tfs\service\webaccess\widgets\testscripts\tests\tfstests.markdownconfiguration.ts" id="31c85cbd-e37b-4cdf-8d4a-e92c504d0304">
      <Execution id="c81b2147-fdc9-41b4-a709-29cdb6045c5a" />
      <TestMethod codeBase="d:\v2.0\a1\_work\dbded102\vso\tfs\service\webaccess\widgets\testscripts\tests\tfstests.markdownconfiguration.ts" adapterTypeName="Microsoft.VisualStudio.TestTools.TestTypes.Unit.UnitTestAdapter" className="d:\v2.0\a1\_work\dbded102\vso\tfs\service\webaccess\widgets\testscripts\tests\tfstests.markdownconfiguration.ts::tfstests" name="TFSTests.MarkdownConfiguration Markdown Configuration - CreateTextArea returns new element with default content if null content is provided" />
    </UnitTest>
    <UnitTest name="TFSTests.MarkdownConfiguration Markdown Configuration - CreateTextArea returns new element with expected input event handler set" storage="d:\v2.0\a1\_work\dbded102\vso\tfs\service\webaccess\widgets\testscripts\tests\tfstests.markdownconfiguration.ts" id="d451c409-8517-435e-bf28-d7e9020420a1">
      <Execution id="4757bc1b-61f9-413e-b557-f5f931ad8c69" />
      <TestMethod codeBase="d:\v2.0\a1\_work\dbded102\vso\tfs\service\webaccess\widgets\testscripts\tests\tfstests.markdownconfiguration.ts" adapterTypeName="Microsoft.VisualStudio.TestTools.TestTypes.Unit.UnitTestAdapter" className="d:\v2.0\a1\_work\dbded102\vso\tfs\service\webaccess\widgets\testscripts\tests\tfstests.markdownconfiguration.ts::tfstests" name="TFSTests.MarkdownConfiguration Markdown Configuration - CreateTextArea returns new element with expected input event handler set" />
    </UnitTest>
    <UnitTest name="TFSTests.MarkdownConfiguration Markdown Configuration - OnInputChange updates the error presentation" storage="d:\v2.0\a1\_work\dbded102\vso\tfs\service\webaccess\widgets\testscripts\tests\tfstests.markdownconfiguration.ts" id="851dfec9-81e8-42b2-af32-c8f4ac2f73ab">
      <Execution id="2acd98df-5705-4368-9929-e5ad5580be5a" />
      <TestMethod codeBase="d:\v2.0\a1\_work\dbded102\vso\tfs\service\webaccess\widgets\testscripts\tests\tfstests.markdownconfiguration.ts" adapterTypeName="Microsoft.VisualStudio.TestTools.TestTypes.Unit.UnitTestAdapter" className="d:\v2.0\a1\_work\dbded102\vso\tfs\service\webaccess\widgets\testscripts\tests\tfstests.markdownconfiguration.ts::tfstests" name="TFSTests.MarkdownConfiguration Markdown Configuration - OnInputChange updates the error presentation" />
    </UnitTest>
    <UnitTest name="TFSTests.MarkdownConfiguration Markdown Configuration - OnInputChange notifies the context about changes" storage="d:\v2.0\a1\_work\dbded102\vso\tfs\service\webaccess\widgets\testscripts\tests\tfstests.markdownconfiguration.ts" id="43331670-ffe4-4fc6-b5ad-15a5bd80fff5">
      <Execution id="d55b4b53-9bf9-4abb-95db-b3304c31bc0d" />
      <TestMethod codeBase="d:\v2.0\a1\_work\dbded102\vso\tfs\service\webaccess\widgets\testscripts\tests\tfstests.markdownconfiguration.ts" adapterTypeName="Microsoft.VisualStudio.TestTools.TestTypes.Unit.UnitTestAdapter" className="d:\v2.0\a1\_work\dbded102\vso\tfs\service\webaccess\widgets\testscripts\tests\tfstests.markdownconfiguration.ts::tfstests" name="TFSTests.MarkdownConfiguration Markdown Configuration - OnInputChange notifies the context about changes" />
    </UnitTest>
    <UnitTest name="TFSTests.MarkdownConfiguration Markdown Configuration - GetConfigurationStatus uses the result of isMarkdownValid for canSave" storage="d:\v2.0\a1\_work\dbded102\vso\tfs\service\webaccess\widgets\testscripts\tests\tfstests.markdownconfiguration.ts" id="f6e64e80-89db-4e91-a238-1ccff55093be">
      <Execution id="269a4b7d-ae23-422e-9e63-6e4cb72d2493" />
      <TestMethod codeBase="d:\v2.0\a1\_work\dbded102\vso\tfs\service\webaccess\widgets\testscripts\tests\tfstests.markdownconfiguration.ts" adapterTypeName="Microsoft.VisualStudio.TestTools.TestTypes.Unit.UnitTestAdapter" className="d:\v2.0\a1\_work\dbded102\vso\tfs\service\webaccess\widgets\testscripts\tests\tfstests.markdownconfiguration.ts::tfstests" name="TFSTests.MarkdownConfiguration Markdown Configuration - GetConfigurationStatus uses the result of isMarkdownValid for canSave" />
    </UnitTest>
    <UnitTest name="TFSTests.MarkdownConfiguration Markdown Configuration - GetConfigurationStatus uses the settings returned by getContent" storage="d:\v2.0\a1\_work\dbded102\vso\tfs\service\webaccess\widgets\testscripts\tests\tfstests.markdownconfiguration.ts" id="ad870dd0-8803-46f9-abfe-39e3bb786494">
      <Execution id="4425e1fc-f2fa-4490-a1f3-b2d760ffa2e0" />
      <TestMethod codeBase="d:\v2.0\a1\_work\dbded102\vso\tfs\service\webaccess\widgets\testscripts\tests\tfstests.markdownconfiguration.ts" adapterTypeName="Microsoft.VisualStudio.TestTools.TestTypes.Unit.UnitTestAdapter" className="d:\v2.0\a1\_work\dbded102\vso\tfs\service\webaccess\widgets\testscripts\tests\tfstests.markdownconfiguration.ts::tfstests" name="TFSTests.MarkdownConfiguration Markdown Configuration - GetConfigurationStatus uses the settings returned by getContent" />
    </UnitTest>
    <UnitTest name="TFSTests.MarkdownConfiguration Markdown Configuration - OnConfigurationSave calls telemetry with expected data" storage="d:\v2.0\a1\_work\dbded102\vso\tfs\service\webaccess\widgets\testscripts\tests\tfstests.markdownconfiguration.ts" id="43bd2c8c-8449-429c-bb63-7fb2b81be105">
      <Execution id="1371e614-79ff-4db8-8370-31f067e0fc0e" />
      <TestMethod codeBase="d:\v2.0\a1\_work\dbded102\vso\tfs\service\webaccess\widgets\testscripts\tests\tfstests.markdownconfiguration.ts" adapterTypeName="Microsoft.VisualStudio.TestTools.TestTypes.Unit.UnitTestAdapter" className="d:\v2.0\a1\_work\dbded102\vso\tfs\service\webaccess\widgets\testscripts\tests\tfstests.markdownconfiguration.ts::tfstests" name="TFSTests.MarkdownConfiguration Markdown Configuration - OnConfigurationSave calls telemetry with expected data" />
    </UnitTest>
    <UnitTest name="TFSTests.NewWorkItem NewWorkItemWidget - initialize() initializes view and hooks up element event handlers" storage="d:\v2.0\a1\_work\dbded102\vso\tfs\service\webaccess\widgets\testscripts\tests\tfstests.newworkitem.ts" id="321d5254-5c54-4324-abb1-cdd08edeb179">
      <Execution id="287d9912-cf3e-4d6e-9006-4a1429f9ddcd" />
      <TestMethod codeBase="d:\v2.0\a1\_work\dbded102\vso\tfs\service\webaccess\widgets\testscripts\tests\tfstests.newworkitem.ts" adapterTypeName="Microsoft.VisualStudio.TestTools.TestTypes.Unit.UnitTestAdapter" className="d:\v2.0\a1\_work\dbded102\vso\tfs\service\webaccess\widgets\testscripts\tests\tfstests.newworkitem.ts::tfstests" name="TFSTests.NewWorkItem NewWorkItemWidget - initialize() initializes view and hooks up element event handlers" />
    </UnitTest>
    <UnitTest name="TFSTests.NewWorkItem NewWorkItemWidget - onKeyPress() creates a new work item when the user presses enter and form is valid" storage="d:\v2.0\a1\_work\dbded102\vso\tfs\service\webaccess\widgets\testscripts\tests\tfstests.newworkitem.ts" id="10461cbf-15f9-487b-9f02-6285a8f53ee4">
      <Execution id="e0e1f8c8-fe2d-46fc-8497-2204b01e68ff" />
      <TestMethod codeBase="d:\v2.0\a1\_work\dbded102\vso\tfs\service\webaccess\widgets\testscripts\tests\tfstests.newworkitem.ts" adapterTypeName="Microsoft.VisualStudio.TestTools.TestTypes.Unit.UnitTestAdapter" className="d:\v2.0\a1\_work\dbded102\vso\tfs\service\webaccess\widgets\testscripts\tests\tfstests.newworkitem.ts::tfstests" name="TFSTests.NewWorkItem NewWorkItemWidget - onKeyPress() creates a new work item when the user presses enter and form is valid" />
    </UnitTest>
    <UnitTest name="TFSTests.NewWorkItem NewWorkItemWidget - onKeyPress() does not create a new work item when the user presses another key and form is valid" storage="d:\v2.0\a1\_work\dbded102\vso\tfs\service\webaccess\widgets\testscripts\tests\tfstests.newworkitem.ts" id="d5739df1-0aa7-4f2f-9341-feff7e5c48d0">
      <Execution id="b79d82e1-dfdb-4d26-a014-8fdcf13cddcb" />
      <TestMethod codeBase="d:\v2.0\a1\_work\dbded102\vso\tfs\service\webaccess\widgets\testscripts\tests\tfstests.newworkitem.ts" adapterTypeName="Microsoft.VisualStudio.TestTools.TestTypes.Unit.UnitTestAdapter" className="d:\v2.0\a1\_work\dbded102\vso\tfs\service\webaccess\widgets\testscripts\tests\tfstests.newworkitem.ts::tfstests" name="TFSTests.NewWorkItem NewWorkItemWidget - onKeyPress() does not create a new work item when the user presses another key and form is valid" />
    </UnitTest>
    <UnitTest name="TFSTests.NewWorkItem NewWorkItemWidget - onKeyPress() does not create a new work item when the user presses enter and form is invalid" storage="d:\v2.0\a1\_work\dbded102\vso\tfs\service\webaccess\widgets\testscripts\tests\tfstests.newworkitem.ts" id="8850251c-d4f0-43fa-aaf4-e78e6ff0d44a">
      <Execution id="81d2ec7f-0d87-49f9-9743-2a0897f3b49d" />
      <TestMethod codeBase="d:\v2.0\a1\_work\dbded102\vso\tfs\service\webaccess\widgets\testscripts\tests\tfstests.newworkitem.ts" adapterTypeName="Microsoft.VisualStudio.TestTools.TestTypes.Unit.UnitTestAdapter" className="d:\v2.0\a1\_work\dbded102\vso\tfs\service\webaccess\widgets\testscripts\tests\tfstests.newworkitem.ts::tfstests" name="TFSTests.NewWorkItem NewWorkItemWidget - onKeyPress() does not create a new work item when the user presses enter and form is invalid" />
    </UnitTest>
    <UnitTest name="TFSTests.NewWorkItem NewWorkItemWidget - onWorkItemTypeChange() calls validate" storage="d:\v2.0\a1\_work\dbded102\vso\tfs\service\webaccess\widgets\testscripts\tests\tfstests.newworkitem.ts" id="6a7a79a7-f20d-4d00-a27b-6d8c0ce56cad">
      <Execution id="e9009cae-ce51-4f31-a465-84ee5150cee1" />
      <TestMethod codeBase="d:\v2.0\a1\_work\dbded102\vso\tfs\service\webaccess\widgets\testscripts\tests\tfstests.newworkitem.ts" adapterTypeName="Microsoft.VisualStudio.TestTools.TestTypes.Unit.UnitTestAdapter" className="d:\v2.0\a1\_work\dbded102\vso\tfs\service\webaccess\widgets\testscripts\tests\tfstests.newworkitem.ts::tfstests" name="TFSTests.NewWorkItem NewWorkItemWidget - onWorkItemTypeChange() calls validate" />
    </UnitTest>
    <UnitTest name="TFSTests.NewWorkItem NewWorkItemWidget - onWorkItemTypeDropShow() calls widgetHostZIndexModifier.bump()" storage="d:\v2.0\a1\_work\dbded102\vso\tfs\service\webaccess\widgets\testscripts\tests\tfstests.newworkitem.ts" id="5a7a1bbb-5ef5-4763-9f1c-87dd2226aa5f">
      <Execution id="d1410f71-4530-40eb-be9d-5465d432f070" />
      <TestMethod codeBase="d:\v2.0\a1\_work\dbded102\vso\tfs\service\webaccess\widgets\testscripts\tests\tfstests.newworkitem.ts" adapterTypeName="Microsoft.VisualStudio.TestTools.TestTypes.Unit.UnitTestAdapter" className="d:\v2.0\a1\_work\dbded102\vso\tfs\service\webaccess\widgets\testscripts\tests\tfstests.newworkitem.ts::tfstests.newworkitem::newworkitemwidget - onworkitemtypedropshow() calls widgethostzindexmodifier" name="TFSTests.NewWorkItem NewWorkItemWidget - onWorkItemTypeDropShow() calls widgetHostZIndexModifier.bump()" />
    </UnitTest>
    <UnitTest name="TFSTests.NewWorkItem NewWorkItemWidget - onWorkItemTypeDropHide() calls widgetHostZIndexModifier.reset()" storage="d:\v2.0\a1\_work\dbded102\vso\tfs\service\webaccess\widgets\testscripts\tests\tfstests.newworkitem.ts" id="b02c4e3a-5496-411c-bccd-535b0a5ffaa8">
      <Execution id="6eafc6c3-338a-49ac-97f4-7cd3d90ebcf3" />
      <TestMethod codeBase="d:\v2.0\a1\_work\dbded102\vso\tfs\service\webaccess\widgets\testscripts\tests\tfstests.newworkitem.ts" adapterTypeName="Microsoft.VisualStudio.TestTools.TestTypes.Unit.UnitTestAdapter" className="d:\v2.0\a1\_work\dbded102\vso\tfs\service\webaccess\widgets\testscripts\tests\tfstests.newworkitem.ts::tfstests.newworkitem::newworkitemwidget - onworkitemtypedrophide() calls widgethostzindexmodifier" name="TFSTests.NewWorkItem NewWorkItemWidget - onWorkItemTypeDropHide() calls widgetHostZIndexModifier.reset()" />
    </UnitTest>
    <UnitTest name="TFSTests.NewWorkItem NewWorkItemWidget - onCreateButtonClick() calls createWorkItem() when the form is valid" storage="d:\v2.0\a1\_work\dbded102\vso\tfs\service\webaccess\widgets\testscripts\tests\tfstests.newworkitem.ts" id="b8a42bf8-ef6f-46ed-9e60-0d332b61bd74">
      <Execution id="fa49dec9-30ca-48c1-8c63-fa574ff26d3e" />
      <TestMethod codeBase="d:\v2.0\a1\_work\dbded102\vso\tfs\service\webaccess\widgets\testscripts\tests\tfstests.newworkitem.ts" adapterTypeName="Microsoft.VisualStudio.TestTools.TestTypes.Unit.UnitTestAdapter" className="d:\v2.0\a1\_work\dbded102\vso\tfs\service\webaccess\widgets\testscripts\tests\tfstests.newworkitem.ts::tfstests" name="TFSTests.NewWorkItem NewWorkItemWidget - onCreateButtonClick() calls createWorkItem() when the form is valid" />
    </UnitTest>
    <UnitTest name="TFSTests.NewWorkItem NewWorkItemWidget - onCreateButtonClick() does not call createWorkItem() when the form is invalid" storage="d:\v2.0\a1\_work\dbded102\vso\tfs\service\webaccess\widgets\testscripts\tests\tfstests.newworkitem.ts" id="31ba410d-0e64-4b3e-8140-1c4557f64337">
      <Execution id="3a952676-def7-45f9-85d4-6b850aa3debb" />
      <TestMethod codeBase="d:\v2.0\a1\_work\dbded102\vso\tfs\service\webaccess\widgets\testscripts\tests\tfstests.newworkitem.ts" adapterTypeName="Microsoft.VisualStudio.TestTools.TestTypes.Unit.UnitTestAdapter" className="d:\v2.0\a1\_work\dbded102\vso\tfs\service\webaccess\widgets\testscripts\tests\tfstests.newworkitem.ts::tfstests" name="TFSTests.NewWorkItem NewWorkItemWidget - onCreateButtonClick() does not call createWorkItem() when the form is invalid" />
    </UnitTest>
    <UnitTest name="TFSTests.NewWorkItem NewWorkItemWidget - validate() handles valid title and type" storage="d:\v2.0\a1\_work\dbded102\vso\tfs\service\webaccess\widgets\testscripts\tests\tfstests.newworkitem.ts" id="e4a7e0bc-41ae-4721-92ba-38f01129b3bd">
      <Execution id="81c08a09-205a-4366-93f6-74aa9db43df1" />
      <TestMethod codeBase="d:\v2.0\a1\_work\dbded102\vso\tfs\service\webaccess\widgets\testscripts\tests\tfstests.newworkitem.ts" adapterTypeName="Microsoft.VisualStudio.TestTools.TestTypes.Unit.UnitTestAdapter" className="d:\v2.0\a1\_work\dbded102\vso\tfs\service\webaccess\widgets\testscripts\tests\tfstests.newworkitem.ts::tfstests" name="TFSTests.NewWorkItem NewWorkItemWidget - validate() handles valid title and type" />
    </UnitTest>
    <UnitTest name="TFSTests.NewWorkItem NewWorkItemWidget - validate() handles invalid title" storage="d:\v2.0\a1\_work\dbded102\vso\tfs\service\webaccess\widgets\testscripts\tests\tfstests.newworkitem.ts" id="1759b526-390e-4614-a231-90fd0cc315ef">
      <Execution id="00f276bd-4f46-460c-9abf-ce004c69fb51" />
      <TestMethod codeBase="d:\v2.0\a1\_work\dbded102\vso\tfs\service\webaccess\widgets\testscripts\tests\tfstests.newworkitem.ts" adapterTypeName="Microsoft.VisualStudio.TestTools.TestTypes.Unit.UnitTestAdapter" className="d:\v2.0\a1\_work\dbded102\vso\tfs\service\webaccess\widgets\testscripts\tests\tfstests.newworkitem.ts::tfstests" name="TFSTests.NewWorkItem NewWorkItemWidget - validate() handles invalid title" />
    </UnitTest>
    <UnitTest name="TFSTests.NewWorkItem NewWorkItemWidget - validate() handles invalid type" storage="d:\v2.0\a1\_work\dbded102\vso\tfs\service\webaccess\widgets\testscripts\tests\tfstests.newworkitem.ts" id="cbbe7136-6226-406e-b6fa-4187cd6cf8e1">
      <Execution id="85c698b1-346a-410c-b1fe-54e6ce1061f3" />
      <TestMethod codeBase="d:\v2.0\a1\_work\dbded102\vso\tfs\service\webaccess\widgets\testscripts\tests\tfstests.newworkitem.ts" adapterTypeName="Microsoft.VisualStudio.TestTools.TestTypes.Unit.UnitTestAdapter" className="d:\v2.0\a1\_work\dbded102\vso\tfs\service\webaccess\widgets\testscripts\tests\tfstests.newworkitem.ts::tfstests" name="TFSTests.NewWorkItem NewWorkItemWidget - validate() handles invalid type" />
    </UnitTest>
    <UnitTest name="TFSTests.NewWorkItem NewWorkItemWidget - populateWorkItemTypes() calls getWorkItemTypeNames() with correct parameters" storage="d:\v2.0\a1\_work\dbded102\vso\tfs\service\webaccess\widgets\testscripts\tests\tfstests.newworkitem.ts" id="a3f8eed1-8f56-4557-8b06-a4d7f6d00dbb">
      <Execution id="e1d45a1a-3990-4df0-9c9d-ec33e42840ca" />
      <TestMethod codeBase="d:\v2.0\a1\_work\dbded102\vso\tfs\service\webaccess\widgets\testscripts\tests\tfstests.newworkitem.ts" adapterTypeName="Microsoft.VisualStudio.TestTools.TestTypes.Unit.UnitTestAdapter" className="d:\v2.0\a1\_work\dbded102\vso\tfs\service\webaccess\widgets\testscripts\tests\tfstests.newworkitem.ts::tfstests" name="TFSTests.NewWorkItem NewWorkItemWidget - populateWorkItemTypes() calls getWorkItemTypeNames() with correct parameters" />
    </UnitTest>
    <UnitTest name="TFSTests.NewWorkItem NewWorkItemWidget - populateWorkItemTypes() handles successful call to getWorkItemTypeNames()" storage="d:\v2.0\a1\_work\dbded102\vso\tfs\service\webaccess\widgets\testscripts\tests\tfstests.newworkitem.ts" id="b804a69e-cd2e-4a27-8a9b-0c133cd5ef3b">
      <Execution id="cbca9d10-f329-4fb4-b3c3-25f090ad7d52" />
      <TestMethod codeBase="d:\v2.0\a1\_work\dbded102\vso\tfs\service\webaccess\widgets\testscripts\tests\tfstests.newworkitem.ts" adapterTypeName="Microsoft.VisualStudio.TestTools.TestTypes.Unit.UnitTestAdapter" className="d:\v2.0\a1\_work\dbded102\vso\tfs\service\webaccess\widgets\testscripts\tests\tfstests.newworkitem.ts::tfstests" name="TFSTests.NewWorkItem NewWorkItemWidget - populateWorkItemTypes() handles successful call to getWorkItemTypeNames()" />
    </UnitTest>
    <UnitTest name="TFSTests.NewWorkItem NewWorkItemWidget - populateWorkItemTypes() handles unsuccessful call to getWorkItemTypeNames()" storage="d:\v2.0\a1\_work\dbded102\vso\tfs\service\webaccess\widgets\testscripts\tests\tfstests.newworkitem.ts" id="420b7db2-d196-4f06-8a53-1b6ad0f2342f">
      <Execution id="e8a9572b-863a-4eae-a5c6-6dd04f040991" />
      <TestMethod codeBase="d:\v2.0\a1\_work\dbded102\vso\tfs\service\webaccess\widgets\testscripts\tests\tfstests.newworkitem.ts" adapterTypeName="Microsoft.VisualStudio.TestTools.TestTypes.Unit.UnitTestAdapter" className="d:\v2.0\a1\_work\dbded102\vso\tfs\service\webaccess\widgets\testscripts\tests\tfstests.newworkitem.ts::tfstests" name="TFSTests.NewWorkItem NewWorkItemWidget - populateWorkItemTypes() handles unsuccessful call to getWorkItemTypeNames()" />
    </UnitTest>
    <UnitTest name="TFSTests.NewWorkItem NewWorkItemWidget - createWorkItem() calls projectWrapper.createWorkItem when the form is valid" storage="d:\v2.0\a1\_work\dbded102\vso\tfs\service\webaccess\widgets\testscripts\tests\tfstests.newworkitem.ts" id="3dcdfce5-4f67-4139-97b6-6092108415de">
      <Execution id="ebd01d90-5183-4c31-a3bd-4560921abd24" />
      <TestMethod codeBase="d:\v2.0\a1\_work\dbded102\vso\tfs\service\webaccess\widgets\testscripts\tests\tfstests.newworkitem.ts" adapterTypeName="Microsoft.VisualStudio.TestTools.TestTypes.Unit.UnitTestAdapter" className="d:\v2.0\a1\_work\dbded102\vso\tfs\service\webaccess\widgets\testscripts\tests\tfstests.newworkitem.ts::tfstests.newworkitem::newworkitemwidget - createworkitem() calls projectwrapper" name="TFSTests.NewWorkItem NewWorkItemWidget - createWorkItem() calls projectWrapper.createWorkItem when the form is valid" />
    </UnitTest>
    <UnitTest name="TFSTests.NewWorkItem NewWorkItemWidget - createWorkItem() calls asyncGetColorProvider" storage="d:\v2.0\a1\_work\dbded102\vso\tfs\service\webaccess\widgets\testscripts\tests\tfstests.newworkitem.ts" id="a0f1f7bf-c3de-407c-a66e-91e67f86479f">
      <Execution id="caaddd18-ac03-4678-80cc-9c4fc4393925" />
      <TestMethod codeBase="d:\v2.0\a1\_work\dbded102\vso\tfs\service\webaccess\widgets\testscripts\tests\tfstests.newworkitem.ts" adapterTypeName="Microsoft.VisualStudio.TestTools.TestTypes.Unit.UnitTestAdapter" className="d:\v2.0\a1\_work\dbded102\vso\tfs\service\webaccess\widgets\testscripts\tests\tfstests.newworkitem.ts::tfstests" name="TFSTests.NewWorkItem NewWorkItemWidget - createWorkItem() calls asyncGetColorProvider" />
    </UnitTest>
    <UnitTest name="TFSTests.NewWorkItem NewWorkItemWidget - createWorkItem() doesn't call projectWrapper.createWorkItem when the form is invalid" storage="d:\v2.0\a1\_work\dbded102\vso\tfs\service\webaccess\widgets\testscripts\tests\tfstests.newworkitem.ts" id="d36ad71d-d671-4671-89b6-c116a55ddfab">
      <Execution id="3e554517-46df-4869-8b07-4a8515fa45fd" />
      <TestMethod codeBase="d:\v2.0\a1\_work\dbded102\vso\tfs\service\webaccess\widgets\testscripts\tests\tfstests.newworkitem.ts" adapterTypeName="Microsoft.VisualStudio.TestTools.TestTypes.Unit.UnitTestAdapter" className="d:\v2.0\a1\_work\dbded102\vso\tfs\service\webaccess\widgets\testscripts\tests\tfstests.newworkitem.ts::tfstests.newworkitem::newworkitemwidget - createworkitem() doesn't call projectwrapper" name="TFSTests.NewWorkItem NewWorkItemWidget - createWorkItem() doesn't call projectWrapper.createWorkItem when the form is invalid" />
    </UnitTest>
    <UnitTest name="TFSTests.NewWorkItem NewWorkItemWidget - createWorkItem() calls handleCreatedWorkItem() when the call to projectWrapper.createWorkItem() succeeds" storage="d:\v2.0\a1\_work\dbded102\vso\tfs\service\webaccess\widgets\testscripts\tests\tfstests.newworkitem.ts" id="3920d0e5-6675-41da-8c11-3d5dd3ed7756">
      <Execution id="c6d5c29c-dfdd-42c8-90de-0bf1753a7ed8" />
      <TestMethod codeBase="d:\v2.0\a1\_work\dbded102\vso\tfs\service\webaccess\widgets\testscripts\tests\tfstests.newworkitem.ts" adapterTypeName="Microsoft.VisualStudio.TestTools.TestTypes.Unit.UnitTestAdapter" className="d:\v2.0\a1\_work\dbded102\vso\tfs\service\webaccess\widgets\testscripts\tests\tfstests.newworkitem.ts::tfstests.newworkitem::newworkitemwidget - createworkitem() calls handlecreatedworkitem() when the call to projectwrapper" name="TFSTests.NewWorkItem NewWorkItemWidget - createWorkItem() calls handleCreatedWorkItem() when the call to projectWrapper.createWorkItem() succeeds" />
    </UnitTest>
    <UnitTest name="TFSTests.NewWorkItem NewWorkItemWidget - createWorkItem() shows error when the call to projectWrapper.createWorkItem() fails" storage="d:\v2.0\a1\_work\dbded102\vso\tfs\service\webaccess\widgets\testscripts\tests\tfstests.newworkitem.ts" id="7a9c191b-e3ed-42c1-9839-e9536f89aa17">
      <Execution id="73d079c4-9c46-4240-bad4-abff1c283fe4" />
      <TestMethod codeBase="d:\v2.0\a1\_work\dbded102\vso\tfs\service\webaccess\widgets\testscripts\tests\tfstests.newworkitem.ts" adapterTypeName="Microsoft.VisualStudio.TestTools.TestTypes.Unit.UnitTestAdapter" className="d:\v2.0\a1\_work\dbded102\vso\tfs\service\webaccess\widgets\testscripts\tests\tfstests.newworkitem.ts::tfstests.newworkitem::newworkitemwidget - createworkitem() shows error when the call to projectwrapper" name="TFSTests.NewWorkItem NewWorkItemWidget - createWorkItem() shows error when the call to projectWrapper.createWorkItem() fails" />
    </UnitTest>
    <UnitTest name="TFSTests.NewWorkItem NewWorkItemWidget - handleCreatedWorkItem() sets the title of the work item" storage="d:\v2.0\a1\_work\dbded102\vso\tfs\service\webaccess\widgets\testscripts\tests\tfstests.newworkitem.ts" id="160b0cb6-e32d-4df3-bdb5-e5ee5b03406b">
      <Execution id="d2667b7c-a422-418d-bb53-6dbde58de9ac" />
      <TestMethod codeBase="d:\v2.0\a1\_work\dbded102\vso\tfs\service\webaccess\widgets\testscripts\tests\tfstests.newworkitem.ts" adapterTypeName="Microsoft.VisualStudio.TestTools.TestTypes.Unit.UnitTestAdapter" className="d:\v2.0\a1\_work\dbded102\vso\tfs\service\webaccess\widgets\testscripts\tests\tfstests.newworkitem.ts::tfstests" name="TFSTests.NewWorkItem NewWorkItemWidget - handleCreatedWorkItem() sets the title of the work item" />
    </UnitTest>
    <UnitTest name="TFSTests.NewWorkItem NewWorkItemWidget - handleCreatedWorkItem() handles valid work item" storage="d:\v2.0\a1\_work\dbded102\vso\tfs\service\webaccess\widgets\testscripts\tests\tfstests.newworkitem.ts" id="b9cb3948-70d0-4696-8bfd-d237a1319fda">
      <Execution id="624a1a9c-3dc2-4a20-8ec5-b2f208e08ebb" />
      <TestMethod codeBase="d:\v2.0\a1\_work\dbded102\vso\tfs\service\webaccess\widgets\testscripts\tests\tfstests.newworkitem.ts" adapterTypeName="Microsoft.VisualStudio.TestTools.TestTypes.Unit.UnitTestAdapter" className="d:\v2.0\a1\_work\dbded102\vso\tfs\service\webaccess\widgets\testscripts\tests\tfstests.newworkitem.ts::tfstests" name="TFSTests.NewWorkItem NewWorkItemWidget - handleCreatedWorkItem() handles valid work item" />
    </UnitTest>
    <UnitTest name="TFSTests.NewWorkItem NewWorkItemWidget - handleCreatedWorkItem() handles invalid work item" storage="d:\v2.0\a1\_work\dbded102\vso\tfs\service\webaccess\widgets\testscripts\tests\tfstests.newworkitem.ts" id="ce149e6b-664b-4ac8-810a-164a26addbc6">
      <Execution id="fe904002-506b-42e6-a877-dc5924d35521" />
      <TestMethod codeBase="d:\v2.0\a1\_work\dbded102\vso\tfs\service\webaccess\widgets\testscripts\tests\tfstests.newworkitem.ts" adapterTypeName="Microsoft.VisualStudio.TestTools.TestTypes.Unit.UnitTestAdapter" className="d:\v2.0\a1\_work\dbded102\vso\tfs\service\webaccess\widgets\testscripts\tests\tfstests.newworkitem.ts::tfstests" name="TFSTests.NewWorkItem NewWorkItemWidget - handleCreatedWorkItem() handles invalid work item" />
    </UnitTest>
    <UnitTest name="TFSTests.NewWorkItem NewWorkItemWidget - saveWorkItem() handles successful save" storage="d:\v2.0\a1\_work\dbded102\vso\tfs\service\webaccess\widgets\testscripts\tests\tfstests.newworkitem.ts" id="ac11f2b4-bba2-467b-b693-92edc4c61e52">
      <Execution id="c95848f0-a4f2-4b83-ac3e-91c2958079af" />
      <TestMethod codeBase="d:\v2.0\a1\_work\dbded102\vso\tfs\service\webaccess\widgets\testscripts\tests\tfstests.newworkitem.ts" adapterTypeName="Microsoft.VisualStudio.TestTools.TestTypes.Unit.UnitTestAdapter" className="d:\v2.0\a1\_work\dbded102\vso\tfs\service\webaccess\widgets\testscripts\tests\tfstests.newworkitem.ts::tfstests" name="TFSTests.NewWorkItem NewWorkItemWidget - saveWorkItem() handles successful save" />
    </UnitTest>
    <UnitTest name="TFSTests.NewWorkItem NewWorkItemWidget - saveWorkItem() handles unsuccessful save" storage="d:\v2.0\a1\_work\dbded102\vso\tfs\service\webaccess\widgets\testscripts\tests\tfstests.newworkitem.ts" id="c9dc4545-52ca-423d-8b98-f1217fb6dede">
      <Execution id="26d6fdd9-7bd9-40d4-b0e9-4b8d14ebba4f" />
      <TestMethod codeBase="d:\v2.0\a1\_work\dbded102\vso\tfs\service\webaccess\widgets\testscripts\tests\tfstests.newworkitem.ts" adapterTypeName="Microsoft.VisualStudio.TestTools.TestTypes.Unit.UnitTestAdapter" className="d:\v2.0\a1\_work\dbded102\vso\tfs\service\webaccess\widgets\testscripts\tests\tfstests.newworkitem.ts::tfstests" name="TFSTests.NewWorkItem NewWorkItemWidget - saveWorkItem() handles unsuccessful save" />
    </UnitTest>
    <UnitTest name="TFSTests.NewWorkItem NewWorkItemWidget - editWorkItem() calls editWorkItemDialog.showWorkItem()" storage="d:\v2.0\a1\_work\dbded102\vso\tfs\service\webaccess\widgets\testscripts\tests\tfstests.newworkitem.ts" id="271dbf66-6fe6-412a-95af-fbf9868158d3">
      <Execution id="35491afa-f370-496b-96d7-57a1288d099e" />
      <TestMethod codeBase="d:\v2.0\a1\_work\dbded102\vso\tfs\service\webaccess\widgets\testscripts\tests\tfstests.newworkitem.ts" adapterTypeName="Microsoft.VisualStudio.TestTools.TestTypes.Unit.UnitTestAdapter" className="d:\v2.0\a1\_work\dbded102\vso\tfs\service\webaccess\widgets\testscripts\tests\tfstests.newworkitem.ts::tfstests.newworkitem::newworkitemwidget - editworkitem() calls editworkitemdialog" name="TFSTests.NewWorkItem NewWorkItemWidget - editWorkItem() calls editWorkItemDialog.showWorkItem()" />
    </UnitTest>
    <UnitTest name="TFSTests.NewWorkItem NewWorkItemWidget - onWorkItemSaved() adds to recent items and cleans form" storage="d:\v2.0\a1\_work\dbded102\vso\tfs\service\webaccess\widgets\testscripts\tests\tfstests.newworkitem.ts" id="278bf157-c837-47bd-8566-98cd70bde64b">
      <Execution id="2ab6a8b6-f9b0-4d37-857e-fa2b5b356c8a" />
      <TestMethod codeBase="d:\v2.0\a1\_work\dbded102\vso\tfs\service\webaccess\widgets\testscripts\tests\tfstests.newworkitem.ts" adapterTypeName="Microsoft.VisualStudio.TestTools.TestTypes.Unit.UnitTestAdapter" className="d:\v2.0\a1\_work\dbded102\vso\tfs\service\webaccess\widgets\testscripts\tests\tfstests.newworkitem.ts::tfstests" name="TFSTests.NewWorkItem NewWorkItemWidget - onWorkItemSaved() adds to recent items and cleans form" />
    </UnitTest>
    <UnitTest name="TFSTests.NewWorkItem NewWorkItemWidget - addRecentWorkItem() calls view.addRecentWorkItemElement()" storage="d:\v2.0\a1\_work\dbded102\vso\tfs\service\webaccess\widgets\testscripts\tests\tfstests.newworkitem.ts" id="46247deb-25c8-4496-a729-99c731692b99">
      <Execution id="eb05ac49-6b56-40a3-b574-74044125dc62" />
      <TestMethod codeBase="d:\v2.0\a1\_work\dbded102\vso\tfs\service\webaccess\widgets\testscripts\tests\tfstests.newworkitem.ts" adapterTypeName="Microsoft.VisualStudio.TestTools.TestTypes.Unit.UnitTestAdapter" className="d:\v2.0\a1\_work\dbded102\vso\tfs\service\webaccess\widgets\testscripts\tests\tfstests.newworkitem.ts::tfstests.newworkitem::newworkitemwidget - addrecentworkitem() calls view" name="TFSTests.NewWorkItem NewWorkItemWidget - addRecentWorkItem() calls view.addRecentWorkItemElement()" />
    </UnitTest>
    <UnitTest name="TFSTests.NewWorkItem NewWorkItemWidget - addRecentWorkItem() doesn't call view.addRecentWorkItemElement() if the item has already been added" storage="d:\v2.0\a1\_work\dbded102\vso\tfs\service\webaccess\widgets\testscripts\tests\tfstests.newworkitem.ts" id="c70eea12-62cd-426d-8e54-b790a3fa8240">
      <Execution id="553949f6-e190-4b78-ba3e-189c96ee76e7" />
      <TestMethod codeBase="d:\v2.0\a1\_work\dbded102\vso\tfs\service\webaccess\widgets\testscripts\tests\tfstests.newworkitem.ts" adapterTypeName="Microsoft.VisualStudio.TestTools.TestTypes.Unit.UnitTestAdapter" className="d:\v2.0\a1\_work\dbded102\vso\tfs\service\webaccess\widgets\testscripts\tests\tfstests.newworkitem.ts::tfstests.newworkitem::newworkitemwidget - addrecentworkitem() doesn't call view" name="TFSTests.NewWorkItem NewWorkItemWidget - addRecentWorkItem() doesn't call view.addRecentWorkItemElement() if the item has already been added" />
    </UnitTest>
    <UnitTest name="TFSTests.NewWorkItem NewWorkItemWidget - WidgetHostZIndexModifier.bump() increases z-index" storage="d:\v2.0\a1\_work\dbded102\vso\tfs\service\webaccess\widgets\testscripts\tests\tfstests.newworkitem.ts" id="49f22bb8-2d10-4853-9ade-dbe19c191c9d">
      <Execution id="c7a30193-3c00-4ee8-9e78-ca76712be4e4" />
      <TestMethod codeBase="d:\v2.0\a1\_work\dbded102\vso\tfs\service\webaccess\widgets\testscripts\tests\tfstests.newworkitem.ts" adapterTypeName="Microsoft.VisualStudio.TestTools.TestTypes.Unit.UnitTestAdapter" className="d:\v2.0\a1\_work\dbded102\vso\tfs\service\webaccess\widgets\testscripts\tests\tfstests.newworkitem.ts::tfstests.newworkitem::newworkitemwidget - widgethostzindexmodifier" name="TFSTests.NewWorkItem NewWorkItemWidget - WidgetHostZIndexModifier.bump() increases z-index" />
    </UnitTest>
    <UnitTest name="TFSTests.NewWorkItem NewWorkItemWidget - WidgetHostZIndexModifier.reset() returns z-index to original value" storage="d:\v2.0\a1\_work\dbded102\vso\tfs\service\webaccess\widgets\testscripts\tests\tfstests.newworkitem.ts" id="aa3ce328-c01c-437d-9386-c31ab59d24e0">
      <Execution id="7a41f9e4-47e0-4a0a-9e77-81033cb72dd3" />
      <TestMethod codeBase="d:\v2.0\a1\_work\dbded102\vso\tfs\service\webaccess\widgets\testscripts\tests\tfstests.newworkitem.ts" adapterTypeName="Microsoft.VisualStudio.TestTools.TestTypes.Unit.UnitTestAdapter" className="d:\v2.0\a1\_work\dbded102\vso\tfs\service\webaccess\widgets\testscripts\tests\tfstests.newworkitem.ts::tfstests.newworkitem::newworkitemwidget - widgethostzindexmodifier" name="TFSTests.NewWorkItem NewWorkItemWidget - WidgetHostZIndexModifier.reset() returns z-index to original value" />
    </UnitTest>
    <UnitTest name="TFSTests.NewWorkItem NewWorkItemWidget - WidgetHostZIndexModifier.bump() throws exception if called twice" storage="d:\v2.0\a1\_work\dbded102\vso\tfs\service\webaccess\widgets\testscripts\tests\tfstests.newworkitem.ts" id="234176f4-ece9-424b-a996-174debe69a75">
      <Execution id="21b30f30-2117-4ed9-abf9-f2afb908cabc" />
      <TestMethod codeBase="d:\v2.0\a1\_work\dbded102\vso\tfs\service\webaccess\widgets\testscripts\tests\tfstests.newworkitem.ts" adapterTypeName="Microsoft.VisualStudio.TestTools.TestTypes.Unit.UnitTestAdapter" className="d:\v2.0\a1\_work\dbded102\vso\tfs\service\webaccess\widgets\testscripts\tests\tfstests.newworkitem.ts::tfstests.newworkitem::newworkitemwidget - widgethostzindexmodifier" name="TFSTests.NewWorkItem NewWorkItemWidget - WidgetHostZIndexModifier.bump() throws exception if called twice" />
    </UnitTest>
    <UnitTest name="TFSTests.NewWorkItem NewWorkItemWidget - WidgetHostZIndexModifier.reset() throws exception if called twice" storage="d:\v2.0\a1\_work\dbded102\vso\tfs\service\webaccess\widgets\testscripts\tests\tfstests.newworkitem.ts" id="95cc2588-8468-44a8-a8c3-df54da706a42">
      <Execution id="a1907031-9a47-46b9-874b-b43a5dbc8ee5" />
      <TestMethod codeBase="d:\v2.0\a1\_work\dbded102\vso\tfs\service\webaccess\widgets\testscripts\tests\tfstests.newworkitem.ts" adapterTypeName="Microsoft.VisualStudio.TestTools.TestTypes.Unit.UnitTestAdapter" className="d:\v2.0\a1\_work\dbded102\vso\tfs\service\webaccess\widgets\testscripts\tests\tfstests.newworkitem.ts::tfstests.newworkitem::newworkitemwidget - widgethostzindexmodifier" name="TFSTests.NewWorkItem NewWorkItemWidget - WidgetHostZIndexModifier.reset() throws exception if called twice" />
    </UnitTest>
    <UnitTest name="TFSTests.NewWorkItem NewWorkItemWidget - WidgetHostZIndexModifier.reset() throws exception if called before bump" storage="d:\v2.0\a1\_work\dbded102\vso\tfs\service\webaccess\widgets\testscripts\tests\tfstests.newworkitem.ts" id="23573f93-00e9-47e7-a718-7d521007df89">
      <Execution id="b31ab41b-d4ea-4e3f-b9fa-4f3079c104fc" />
      <TestMethod codeBase="d:\v2.0\a1\_work\dbded102\vso\tfs\service\webaccess\widgets\testscripts\tests\tfstests.newworkitem.ts" adapterTypeName="Microsoft.VisualStudio.TestTools.TestTypes.Unit.UnitTestAdapter" className="d:\v2.0\a1\_work\dbded102\vso\tfs\service\webaccess\widgets\testscripts\tests\tfstests.newworkitem.ts::tfstests.newworkitem::newworkitemwidget - widgethostzindexmodifier" name="TFSTests.NewWorkItem NewWorkItemWidget - WidgetHostZIndexModifier.reset() throws exception if called before bump" />
    </UnitTest>
    <UnitTest name="TFSTests.NewWorkItem NewWorkItemWidget - asyncGetColorProvider() returns a promise with expected data when resolved and color data is already defined" storage="d:\v2.0\a1\_work\dbded102\vso\tfs\service\webaccess\widgets\testscripts\tests\tfstests.newworkitem.ts" id="df9766c0-7163-4de7-828c-24125ff42b51">
      <Execution id="9a1fdbc5-769e-4187-a012-3462c456af56" />
      <TestMethod codeBase="d:\v2.0\a1\_work\dbded102\vso\tfs\service\webaccess\widgets\testscripts\tests\tfstests.newworkitem.ts" adapterTypeName="Microsoft.VisualStudio.TestTools.TestTypes.Unit.UnitTestAdapter" className="d:\v2.0\a1\_work\dbded102\vso\tfs\service\webaccess\widgets\testscripts\tests\tfstests.newworkitem.ts::tfstests" name="TFSTests.NewWorkItem NewWorkItemWidget - asyncGetColorProvider() returns a promise with expected data when resolved and color data is already defined" />
    </UnitTest>
    <UnitTest name="TFSTests.NewWorkItem NewWorkItemWidget - asyncGetColorProvider() returns a promise with expected data that has had its color data set when it wasn't preiously defined" storage="d:\v2.0\a1\_work\dbded102\vso\tfs\service\webaccess\widgets\testscripts\tests\tfstests.newworkitem.ts" id="ea3e6412-145f-4a1e-800e-b307e1634ef6">
      <Execution id="09aa8679-b59c-4420-a169-f50cda46a995" />
      <TestMethod codeBase="d:\v2.0\a1\_work\dbded102\vso\tfs\service\webaccess\widgets\testscripts\tests\tfstests.newworkitem.ts" adapterTypeName="Microsoft.VisualStudio.TestTools.TestTypes.Unit.UnitTestAdapter" className="d:\v2.0\a1\_work\dbded102\vso\tfs\service\webaccess\widgets\testscripts\tests\tfstests.newworkitem.ts::tfstests" name="TFSTests.NewWorkItem NewWorkItemWidget - asyncGetColorProvider() returns a promise with expected data that has had its color data set when it wasn't preiously defined" />
    </UnitTest>
    <UnitTest name="TFSTests.ColorRuleControlTests ColorRuleControl - Initialize without option" storage="d:\v2.0\a1\_work\dbded102\vso\tfs\service\webaccess\widgets\testscripts\tests\tfstests.queryscalarconfiguration.colorrulecontrol.ts" id="895aede6-d804-44bd-b442-0f7f944a966d">
      <Execution id="cc750dd4-1bdf-4acd-a1c7-e3b89a4447a6" />
      <TestMethod codeBase="d:\v2.0\a1\_work\dbded102\vso\tfs\service\webaccess\widgets\testscripts\tests\tfstests.queryscalarconfiguration.colorrulecontrol.ts" adapterTypeName="Microsoft.VisualStudio.TestTools.TestTypes.Unit.UnitTestAdapter" className="d:\v2.0\a1\_work\dbded102\vso\tfs\service\webaccess\widgets\testscripts\tests\tfstests.queryscalarconfiguration.colorrulecontrol.ts::tfstests" name="TFSTests.ColorRuleControlTests ColorRuleControl - Initialize without option" />
    </UnitTest>
    <UnitTest name="TFSTests.ColorRuleControlTests ColorRuleControl - Initialize scenario 1" storage="d:\v2.0\a1\_work\dbded102\vso\tfs\service\webaccess\widgets\testscripts\tests\tfstests.queryscalarconfiguration.colorrulecontrol.ts" id="5653de97-5c33-4aca-9c3c-3a801fcf9a19">
      <Execution id="7361703a-2e91-4c2e-a704-b838d0d31bd9" />
      <TestMethod codeBase="d:\v2.0\a1\_work\dbded102\vso\tfs\service\webaccess\widgets\testscripts\tests\tfstests.queryscalarconfiguration.colorrulecontrol.ts" adapterTypeName="Microsoft.VisualStudio.TestTools.TestTypes.Unit.UnitTestAdapter" className="d:\v2.0\a1\_work\dbded102\vso\tfs\service\webaccess\widgets\testscripts\tests\tfstests.queryscalarconfiguration.colorrulecontrol.ts::tfstests" name="TFSTests.ColorRuleControlTests ColorRuleControl - Initialize scenario 1" />
    </UnitTest>
    <UnitTest name="TFSTests.ColorRuleControlTests ColorRuleControl - Initialize scenario 2" storage="d:\v2.0\a1\_work\dbded102\vso\tfs\service\webaccess\widgets\testscripts\tests\tfstests.queryscalarconfiguration.colorrulecontrol.ts" id="022538db-7b65-43ed-bb26-0b70874b8954">
      <Execution id="b519408f-f1a9-42b3-a57c-eae18459c7c5" />
      <TestMethod codeBase="d:\v2.0\a1\_work\dbded102\vso\tfs\service\webaccess\widgets\testscripts\tests\tfstests.queryscalarconfiguration.colorrulecontrol.ts" adapterTypeName="Microsoft.VisualStudio.TestTools.TestTypes.Unit.UnitTestAdapter" className="d:\v2.0\a1\_work\dbded102\vso\tfs\service\webaccess\widgets\testscripts\tests\tfstests.queryscalarconfiguration.colorrulecontrol.ts::tfstests" name="TFSTests.ColorRuleControlTests ColorRuleControl - Initialize scenario 2" />
    </UnitTest>
    <UnitTest name="TFSTests.ColorRuleControlTests ColorRuleControl - Enable" storage="d:\v2.0\a1\_work\dbded102\vso\tfs\service\webaccess\widgets\testscripts\tests\tfstests.queryscalarconfiguration.colorrulecontrol.ts" id="62fd3d48-bfa6-4c69-a3c1-51131817555d">
      <Execution id="50bf39a2-d2ec-403e-aeea-c2b024a4fe59" />
      <TestMethod codeBase="d:\v2.0\a1\_work\dbded102\vso\tfs\service\webaccess\widgets\testscripts\tests\tfstests.queryscalarconfiguration.colorrulecontrol.ts" adapterTypeName="Microsoft.VisualStudio.TestTools.TestTypes.Unit.UnitTestAdapter" className="d:\v2.0\a1\_work\dbded102\vso\tfs\service\webaccess\widgets\testscripts\tests\tfstests.queryscalarconfiguration.colorrulecontrol.ts::tfstests" name="TFSTests.ColorRuleControlTests ColorRuleControl - Enable" />
    </UnitTest>
    <UnitTest name="TFSTests.ColorRuleControlTests ColorRuleControl - Disable" storage="d:\v2.0\a1\_work\dbded102\vso\tfs\service\webaccess\widgets\testscripts\tests\tfstests.queryscalarconfiguration.colorrulecontrol.ts" id="3cc1b3ec-1624-4b80-adfc-5deef07caf3c">
      <Execution id="f435f8f6-b5b5-4d54-985c-db5d91d48a2a" />
      <TestMethod codeBase="d:\v2.0\a1\_work\dbded102\vso\tfs\service\webaccess\widgets\testscripts\tests\tfstests.queryscalarconfiguration.colorrulecontrol.ts" adapterTypeName="Microsoft.VisualStudio.TestTools.TestTypes.Unit.UnitTestAdapter" className="d:\v2.0\a1\_work\dbded102\vso\tfs\service\webaccess\widgets\testscripts\tests\tfstests.queryscalarconfiguration.colorrulecontrol.ts::tfstests" name="TFSTests.ColorRuleControlTests ColorRuleControl - Disable" />
    </UnitTest>
    <UnitTest name="TFSTests.ColorRuleControlTests ColorRuleControl - Toggle Eventing" storage="d:\v2.0\a1\_work\dbded102\vso\tfs\service\webaccess\widgets\testscripts\tests\tfstests.queryscalarconfiguration.colorrulecontrol.ts" id="5baa5802-821a-4680-920d-ddfaf2e0842b">
      <Execution id="165e6885-4fdb-4adb-92a5-127ed915dea6" />
      <TestMethod codeBase="d:\v2.0\a1\_work\dbded102\vso\tfs\service\webaccess\widgets\testscripts\tests\tfstests.queryscalarconfiguration.colorrulecontrol.ts" adapterTypeName="Microsoft.VisualStudio.TestTools.TestTypes.Unit.UnitTestAdapter" className="d:\v2.0\a1\_work\dbded102\vso\tfs\service\webaccess\widgets\testscripts\tests\tfstests.queryscalarconfiguration.colorrulecontrol.ts::tfstests" name="TFSTests.ColorRuleControlTests ColorRuleControl - Toggle Eventing" />
    </UnitTest>
    <UnitTest name="TFSTests.ColorRuleControlTests ColorRuleControl - Threshold Eventing" storage="d:\v2.0\a1\_work\dbded102\vso\tfs\service\webaccess\widgets\testscripts\tests\tfstests.queryscalarconfiguration.colorrulecontrol.ts" id="28120b9c-c38a-49d3-a119-662ea29bb220">
      <Execution id="a2bb88f6-7faa-4bc7-a932-fccac130a84a" />
      <TestMethod codeBase="d:\v2.0\a1\_work\dbded102\vso\tfs\service\webaccess\widgets\testscripts\tests\tfstests.queryscalarconfiguration.colorrulecontrol.ts" adapterTypeName="Microsoft.VisualStudio.TestTools.TestTypes.Unit.UnitTestAdapter" className="d:\v2.0\a1\_work\dbded102\vso\tfs\service\webaccess\widgets\testscripts\tests\tfstests.queryscalarconfiguration.colorrulecontrol.ts::tfstests" name="TFSTests.ColorRuleControlTests ColorRuleControl - Threshold Eventing" />
    </UnitTest>
    <UnitTest name="TFSTests.ColorRuleControlTests ColorRuleControl - Operator Selector Eventing" storage="d:\v2.0\a1\_work\dbded102\vso\tfs\service\webaccess\widgets\testscripts\tests\tfstests.queryscalarconfiguration.colorrulecontrol.ts" id="469af872-196d-4715-89c0-9fef6b873f50">
      <Execution id="dddabed8-c785-4cbc-8afb-aeec2145908f" />
      <TestMethod codeBase="d:\v2.0\a1\_work\dbded102\vso\tfs\service\webaccess\widgets\testscripts\tests\tfstests.queryscalarconfiguration.colorrulecontrol.ts" adapterTypeName="Microsoft.VisualStudio.TestTools.TestTypes.Unit.UnitTestAdapter" className="d:\v2.0\a1\_work\dbded102\vso\tfs\service\webaccess\widgets\testscripts\tests\tfstests.queryscalarconfiguration.colorrulecontrol.ts::tfstests" name="TFSTests.ColorRuleControlTests ColorRuleControl - Operator Selector Eventing" />
    </UnitTest>
    <UnitTest name="TFSTests.ColorRuleControlTests ColorRuleControl - GetErrorMessage when control is disabled" storage="d:\v2.0\a1\_work\dbded102\vso\tfs\service\webaccess\widgets\testscripts\tests\tfstests.queryscalarconfiguration.colorrulecontrol.ts" id="d6e55150-719e-423f-83a7-aad78d772bb9">
      <Execution id="9ce8cf2e-af2a-4f64-823e-a88a9061c529" />
      <TestMethod codeBase="d:\v2.0\a1\_work\dbded102\vso\tfs\service\webaccess\widgets\testscripts\tests\tfstests.queryscalarconfiguration.colorrulecontrol.ts" adapterTypeName="Microsoft.VisualStudio.TestTools.TestTypes.Unit.UnitTestAdapter" className="d:\v2.0\a1\_work\dbded102\vso\tfs\service\webaccess\widgets\testscripts\tests\tfstests.queryscalarconfiguration.colorrulecontrol.ts::tfstests" name="TFSTests.ColorRuleControlTests ColorRuleControl - GetErrorMessage when control is disabled" />
    </UnitTest>
    <UnitTest name="TFSTests.ColorRuleControlTests ColorRuleControl - GetErrorMessage when control is enabled" storage="d:\v2.0\a1\_work\dbded102\vso\tfs\service\webaccess\widgets\testscripts\tests\tfstests.queryscalarconfiguration.colorrulecontrol.ts" id="0778eba0-da5d-4075-86d1-e2a705efb49d">
      <Execution id="05114c3f-bebb-4a02-8fdf-e701bf6afb32" />
      <TestMethod codeBase="d:\v2.0\a1\_work\dbded102\vso\tfs\service\webaccess\widgets\testscripts\tests\tfstests.queryscalarconfiguration.colorrulecontrol.ts" adapterTypeName="Microsoft.VisualStudio.TestTools.TestTypes.Unit.UnitTestAdapter" className="d:\v2.0\a1\_work\dbded102\vso\tfs\service\webaccess\widgets\testscripts\tests\tfstests.queryscalarconfiguration.colorrulecontrol.ts::tfstests" name="TFSTests.ColorRuleControlTests ColorRuleControl - GetErrorMessage when control is enabled" />
    </UnitTest>
    <UnitTest name="TFSTests.QueryScalarConfigurationView QueryScalarConfigurationView - Initialize without option" storage="d:\v2.0\a1\_work\dbded102\vso\tfs\service\webaccess\widgets\testscripts\tests\tfstests.queryscalarconfiguration.ts" id="25ce833e-ffcf-4e43-b866-fed679f56fd2">
      <Execution id="5177564a-e47e-4ee5-9b0d-3857ce8377fe" />
      <TestMethod codeBase="d:\v2.0\a1\_work\dbded102\vso\tfs\service\webaccess\widgets\testscripts\tests\tfstests.queryscalarconfiguration.ts" adapterTypeName="Microsoft.VisualStudio.TestTools.TestTypes.Unit.UnitTestAdapter" className="d:\v2.0\a1\_work\dbded102\vso\tfs\service\webaccess\widgets\testscripts\tests\tfstests.queryscalarconfiguration.ts::tfstests" name="TFSTests.QueryScalarConfigurationView QueryScalarConfigurationView - Initialize without option" />
    </UnitTest>
    <UnitTest name="TFSTests.QueryScalarConfigurationView QueryScalarConfigurationView - Basic options" storage="d:\v2.0\a1\_work\dbded102\vso\tfs\service\webaccess\widgets\testscripts\tests\tfstests.queryscalarconfiguration.ts" id="23457216-70a5-4a75-99e2-45e684b4bd5e">
      <Execution id="ff369d54-91d3-4a96-957c-da59fe4bdc76" />
      <TestMethod codeBase="d:\v2.0\a1\_work\dbded102\vso\tfs\service\webaccess\widgets\testscripts\tests\tfstests.queryscalarconfiguration.ts" adapterTypeName="Microsoft.VisualStudio.TestTools.TestTypes.Unit.UnitTestAdapter" className="d:\v2.0\a1\_work\dbded102\vso\tfs\service\webaccess\widgets\testscripts\tests\tfstests.queryscalarconfiguration.ts::tfstests" name="TFSTests.QueryScalarConfigurationView QueryScalarConfigurationView - Basic options" />
    </UnitTest>
    <UnitTest name="TFSTests.QueryScalarConfigurationView QueryScalarConfigurationView - Verify Default Rules" storage="d:\v2.0\a1\_work\dbded102\vso\tfs\service\webaccess\widgets\testscripts\tests\tfstests.queryscalarconfiguration.ts" id="775f1e48-429d-4b32-a579-70ac5284317c">
      <Execution id="7363de66-3ceb-4f3c-b71d-9ffbde7c9781" />
      <TestMethod codeBase="d:\v2.0\a1\_work\dbded102\vso\tfs\service\webaccess\widgets\testscripts\tests\tfstests.queryscalarconfiguration.ts" adapterTypeName="Microsoft.VisualStudio.TestTools.TestTypes.Unit.UnitTestAdapter" className="d:\v2.0\a1\_work\dbded102\vso\tfs\service\webaccess\widgets\testscripts\tests\tfstests.queryscalarconfiguration.ts::tfstests" name="TFSTests.QueryScalarConfigurationView QueryScalarConfigurationView - Verify Default Rules" />
    </UnitTest>
    <UnitTest name="TFSTests.QueryScalarConfigurationView QueryScalarConfigurationView - OnConfigurationSave calls telemetry with expected rule count" storage="d:\v2.0\a1\_work\dbded102\vso\tfs\service\webaccess\widgets\testscripts\tests\tfstests.queryscalarconfiguration.ts" id="fc5c38e7-d1e8-409e-9933-888ad6ec4685">
      <Execution id="3f4aef6e-a8a6-4aa1-8c87-5fd493059a80" />
      <TestMethod codeBase="d:\v2.0\a1\_work\dbded102\vso\tfs\service\webaccess\widgets\testscripts\tests\tfstests.queryscalarconfiguration.ts" adapterTypeName="Microsoft.VisualStudio.TestTools.TestTypes.Unit.UnitTestAdapter" className="d:\v2.0\a1\_work\dbded102\vso\tfs\service\webaccess\widgets\testscripts\tests\tfstests.queryscalarconfiguration.ts::tfstests" name="TFSTests.QueryScalarConfigurationView QueryScalarConfigurationView - OnConfigurationSave calls telemetry with expected rule count" />
    </UnitTest>
    <UnitTest name="TFSTests.SprintCapacity Sprint Capacity Widget - Successful Ajax call" storage="d:\v2.0\a1\_work\dbded102\vso\tfs\service\webaccess\widgets\testscripts\tests\tfstests.sprintcapacity.ts" id="6c894523-a82a-45ba-b7b7-3abfb9bc2802">
      <Execution id="10f2c632-fc4f-4e72-9b70-4999808dcd43" />
      <TestMethod codeBase="d:\v2.0\a1\_work\dbded102\vso\tfs\service\webaccess\widgets\testscripts\tests\tfstests.sprintcapacity.ts" adapterTypeName="Microsoft.VisualStudio.TestTools.TestTypes.Unit.UnitTestAdapter" className="d:\v2.0\a1\_work\dbded102\vso\tfs\service\webaccess\widgets\testscripts\tests\tfstests.sprintcapacity.ts::tfstests" name="TFSTests.SprintCapacity Sprint Capacity Widget - Successful Ajax call" />
    </UnitTest>
    <UnitTest name="TFSTests.SprintCapacity Sprint Capacity Widget - Failed Ajax call" storage="d:\v2.0\a1\_work\dbded102\vso\tfs\service\webaccess\widgets\testscripts\tests\tfstests.sprintcapacity.ts" id="ca27bbe6-ad96-47cf-a086-f3529f6088f6">
      <Execution id="041ca9a7-1a74-4c21-863f-1d1b2d7b77db" />
      <TestMethod codeBase="d:\v2.0\a1\_work\dbded102\vso\tfs\service\webaccess\widgets\testscripts\tests\tfstests.sprintcapacity.ts" adapterTypeName="Microsoft.VisualStudio.TestTools.TestTypes.Unit.UnitTestAdapter" className="d:\v2.0\a1\_work\dbded102\vso\tfs\service\webaccess\widgets\testscripts\tests\tfstests.sprintcapacity.ts::tfstests" name="TFSTests.SprintCapacity Sprint Capacity Widget - Failed Ajax call" />
    </UnitTest>
    <UnitTest name="TFSTests.SprintCapacity Sprint Capacity Widget - Href" storage="d:\v2.0\a1\_work\dbded102\vso\tfs\service\webaccess\widgets\testscripts\tests\tfstests.sprintcapacity.ts" id="111d58ee-cafe-43cd-a825-daf21e51d042">
      <Execution id="80dca431-b944-4174-b9c6-cb7dbd813841" />
      <TestMethod codeBase="d:\v2.0\a1\_work\dbded102\vso\tfs\service\webaccess\widgets\testscripts\tests\tfstests.sprintcapacity.ts" adapterTypeName="Microsoft.VisualStudio.TestTools.TestTypes.Unit.UnitTestAdapter" className="d:\v2.0\a1\_work\dbded102\vso\tfs\service\webaccess\widgets\testscripts\tests\tfstests.sprintcapacity.ts::tfstests" name="TFSTests.SprintCapacity Sprint Capacity Widget - Href" />
    </UnitTest>
    <UnitTest name="TFSTests.SprintCapacity Sprint Capacity Widget - Title" storage="d:\v2.0\a1\_work\dbded102\vso\tfs\service\webaccess\widgets\testscripts\tests\tfstests.sprintcapacity.ts" id="a88213df-f782-45c1-896d-578a2ffdc377">
      <Execution id="88f49f2a-25f0-47c4-a0c9-e03a95cf21d1" />
      <TestMethod codeBase="d:\v2.0\a1\_work\dbded102\vso\tfs\service\webaccess\widgets\testscripts\tests\tfstests.sprintcapacity.ts" adapterTypeName="Microsoft.VisualStudio.TestTools.TestTypes.Unit.UnitTestAdapter" className="d:\v2.0\a1\_work\dbded102\vso\tfs\service\webaccess\widgets\testscripts\tests\tfstests.sprintcapacity.ts::tfstests" name="TFSTests.SprintCapacity Sprint Capacity Widget - Title" />
    </UnitTest>
    <UnitTest name="TFSTests.SprintCapacity Sprint Capacity Widget - Capacity hours and chart exist" storage="d:\v2.0\a1\_work\dbded102\vso\tfs\service\webaccess\widgets\testscripts\tests\tfstests.sprintcapacity.ts" id="b1d51f38-30b9-47dc-99cc-32f6f53ebe03">
      <Execution id="43a55630-e5f4-4e62-a79a-06d7ec55c087" />
      <TestMethod codeBase="d:\v2.0\a1\_work\dbded102\vso\tfs\service\webaccess\widgets\testscripts\tests\tfstests.sprintcapacity.ts" adapterTypeName="Microsoft.VisualStudio.TestTools.TestTypes.Unit.UnitTestAdapter" className="d:\v2.0\a1\_work\dbded102\vso\tfs\service\webaccess\widgets\testscripts\tests\tfstests.sprintcapacity.ts::tfstests" name="TFSTests.SprintCapacity Sprint Capacity Widget - Capacity hours and chart exist" />
    </UnitTest>
    <UnitTest name="TFSTests.SprintCapacity Sprint Capacity Widget - sprint dates exist" storage="d:\v2.0\a1\_work\dbded102\vso\tfs\service\webaccess\widgets\testscripts\tests\tfstests.sprintcapacity.ts" id="c9269f46-77c5-4c9c-a9da-c6fd5c2af35f">
      <Execution id="f063fe52-a5a2-469e-a3a8-63fda343a8c7" />
      <TestMethod codeBase="d:\v2.0\a1\_work\dbded102\vso\tfs\service\webaccess\widgets\testscripts\tests\tfstests.sprintcapacity.ts" adapterTypeName="Microsoft.VisualStudio.TestTools.TestTypes.Unit.UnitTestAdapter" className="d:\v2.0\a1\_work\dbded102\vso\tfs\service\webaccess\widgets\testscripts\tests\tfstests.sprintcapacity.ts::tfstests" name="TFSTests.SprintCapacity Sprint Capacity Widget - sprint dates exist" />
    </UnitTest>
    <UnitTest name="TFSTests.SprintCapacity Sprint Capacity Widget - User story progress with only not started text" storage="d:\v2.0\a1\_work\dbded102\vso\tfs\service\webaccess\widgets\testscripts\tests\tfstests.sprintcapacity.ts" id="989b76a3-a242-4361-9d30-2bdbb6aaaae0">
      <Execution id="f065dfa1-c66d-43cd-96fe-9a2bdbc27a40" />
      <TestMethod codeBase="d:\v2.0\a1\_work\dbded102\vso\tfs\service\webaccess\widgets\testscripts\tests\tfstests.sprintcapacity.ts" adapterTypeName="Microsoft.VisualStudio.TestTools.TestTypes.Unit.UnitTestAdapter" className="d:\v2.0\a1\_work\dbded102\vso\tfs\service\webaccess\widgets\testscripts\tests\tfstests.sprintcapacity.ts::tfstests" name="TFSTests.SprintCapacity Sprint Capacity Widget - User story progress with only not started text" />
    </UnitTest>
    <UnitTest name="TFSTests.SprintCapacity Sprint Capacity Widget - Progress text with both in progress and not started statuses" storage="d:\v2.0\a1\_work\dbded102\vso\tfs\service\webaccess\widgets\testscripts\tests\tfstests.sprintcapacity.ts" id="0c482013-32fb-4502-b8bf-8ea197dc134a">
      <Execution id="8e824e11-b304-4253-8f1b-475f4c47ce88" />
      <TestMethod codeBase="d:\v2.0\a1\_work\dbded102\vso\tfs\service\webaccess\widgets\testscripts\tests\tfstests.sprintcapacity.ts" adapterTypeName="Microsoft.VisualStudio.TestTools.TestTypes.Unit.UnitTestAdapter" className="d:\v2.0\a1\_work\dbded102\vso\tfs\service\webaccess\widgets\testscripts\tests\tfstests.sprintcapacity.ts::tfstests" name="TFSTests.SprintCapacity Sprint Capacity Widget - Progress text with both in progress and not started statuses" />
    </UnitTest>
    <UnitTest name="TFSTests.SprintCapacity Sprint Capacity Widget - Progress text with only in progress status" storage="d:\v2.0\a1\_work\dbded102\vso\tfs\service\webaccess\widgets\testscripts\tests\tfstests.sprintcapacity.ts" id="72362d50-4e42-4ae4-bc24-272a6c574814">
      <Execution id="afc3cae8-874f-4da7-bb18-04e1217341ec" />
      <TestMethod codeBase="d:\v2.0\a1\_work\dbded102\vso\tfs\service\webaccess\widgets\testscripts\tests\tfstests.sprintcapacity.ts" adapterTypeName="Microsoft.VisualStudio.TestTools.TestTypes.Unit.UnitTestAdapter" className="d:\v2.0\a1\_work\dbded102\vso\tfs\service\webaccess\widgets\testscripts\tests\tfstests.sprintcapacity.ts::tfstests" name="TFSTests.SprintCapacity Sprint Capacity Widget - Progress text with only in progress status" />
    </UnitTest>
    <UnitTest name="TFSTests.SprintCapacity paintZeroState - Open iteration dates setup dialog" storage="d:\v2.0\a1\_work\dbded102\vso\tfs\service\webaccess\widgets\testscripts\tests\tfstests.sprintcapacity.ts" id="4c768e2a-008b-45c4-b910-aa15b8751322">
      <Execution id="ea860e43-ccc6-4b21-b0ad-bac4f584280e" />
      <TestMethod codeBase="d:\v2.0\a1\_work\dbded102\vso\tfs\service\webaccess\widgets\testscripts\tests\tfstests.sprintcapacity.ts" adapterTypeName="Microsoft.VisualStudio.TestTools.TestTypes.Unit.UnitTestAdapter" className="d:\v2.0\a1\_work\dbded102\vso\tfs\service\webaccess\widgets\testscripts\tests\tfstests.sprintcapacity.ts::tfstests" name="TFSTests.SprintCapacity paintZeroState - Open iteration dates setup dialog" />
    </UnitTest>
    <UnitTest name="TFSTests.SprintCapacity paintZeroState - go to capacity page" storage="d:\v2.0\a1\_work\dbded102\vso\tfs\service\webaccess\widgets\testscripts\tests\tfstests.sprintcapacity.ts" id="5df3e1da-bfaa-4073-a1bc-bf57d14e649d">
      <Execution id="6007b21b-f9a4-4211-9941-7f15d0446e8d" />
      <TestMethod codeBase="d:\v2.0\a1\_work\dbded102\vso\tfs\service\webaccess\widgets\testscripts\tests\tfstests.sprintcapacity.ts" adapterTypeName="Microsoft.VisualStudio.TestTools.TestTypes.Unit.UnitTestAdapter" className="d:\v2.0\a1\_work\dbded102\vso\tfs\service\webaccess\widgets\testscripts\tests\tfstests.sprintcapacity.ts::tfstests" name="TFSTests.SprintCapacity paintZeroState - go to capacity page" />
    </UnitTest>
    <UnitTest name="TFSTests.Widget.Utils.Sprint Widget.Utils.Sprint - default" storage="d:\v2.0\a1\_work\dbded102\vso\tfs\service\webaccess\widgets\testscripts\tests\tfstests.widget.utils.sprint.ts" id="72a0ad43-e482-465b-8569-ae51351aca1b">
      <Execution id="79f2d785-b490-499e-a190-d348a9992d0a" />
      <TestMethod codeBase="d:\v2.0\a1\_work\dbded102\vso\tfs\service\webaccess\widgets\testscripts\tests\tfstests.widget.utils.sprint.ts" adapterTypeName="Microsoft.VisualStudio.TestTools.TestTypes.Unit.UnitTestAdapter" className="d:\v2.0\a1\_work\dbded102\vso\tfs\service\webaccess\widgets\testscripts\tests\tfstests.widget.utils.sprint.ts::tfstests.widget.utils.sprint::widget.utils" name="TFSTests.Widget.Utils.Sprint Widget.Utils.Sprint - default" />
    </UnitTest>
    <UnitTest name="TFSTests.Widget.Utils.Sprint Widget.Utils.Sprint - zero work items returned" storage="d:\v2.0\a1\_work\dbded102\vso\tfs\service\webaccess\widgets\testscripts\tests\tfstests.widget.utils.sprint.ts" id="51c8b827-ac11-4801-958f-a49a15f2bade">
      <Execution id="c844e3b1-7a01-418c-8442-a1224a6f4328" />
      <TestMethod codeBase="d:\v2.0\a1\_work\dbded102\vso\tfs\service\webaccess\widgets\testscripts\tests\tfstests.widget.utils.sprint.ts" adapterTypeName="Microsoft.VisualStudio.TestTools.TestTypes.Unit.UnitTestAdapter" className="d:\v2.0\a1\_work\dbded102\vso\tfs\service\webaccess\widgets\testscripts\tests\tfstests.widget.utils.sprint.ts::tfstests.widget.utils.sprint::widget.utils" name="TFSTests.Widget.Utils.Sprint Widget.Utils.Sprint - zero work items returned" />
    </UnitTest>
    <UnitTest name="TFSTests.Widget.Utils.Sprint Widget.Utils.Sprint - &gt;200 and &lt;2000 work items returned" storage="d:\v2.0\a1\_work\dbded102\vso\tfs\service\webaccess\widgets\testscripts\tests\tfstests.widget.utils.sprint.ts" id="24eb1dde-c6a0-41c1-8f88-883fa262967e">
      <Execution id="bd73728a-af86-4e71-b729-5b409a1d46fd" />
      <TestMethod codeBase="d:\v2.0\a1\_work\dbded102\vso\tfs\service\webaccess\widgets\testscripts\tests\tfstests.widget.utils.sprint.ts" adapterTypeName="Microsoft.VisualStudio.TestTools.TestTypes.Unit.UnitTestAdapter" className="d:\v2.0\a1\_work\dbded102\vso\tfs\service\webaccess\widgets\testscripts\tests\tfstests.widget.utils.sprint.ts::tfstests.widget.utils.sprint::widget.utils" name="TFSTests.Widget.Utils.Sprint Widget.Utils.Sprint - &gt;200 and &lt;2000 work items returned" />
    </UnitTest>
    <UnitTest name="TFSTests.Widget.Utils.Sprint Widget.Utils.Sprint - Initialize() rejects with valid error when Ajax.issueRequest fails" storage="d:\v2.0\a1\_work\dbded102\vso\tfs\service\webaccess\widgets\testscripts\tests\tfstests.widget.utils.sprint.ts" id="644d314c-2c4e-4570-b760-07c9bd4360c3">
      <Execution id="459f594e-4c81-48bb-8a85-08e84cfa7a8c" />
      <TestMethod codeBase="d:\v2.0\a1\_work\dbded102\vso\tfs\service\webaccess\widgets\testscripts\tests\tfstests.widget.utils.sprint.ts" adapterTypeName="Microsoft.VisualStudio.TestTools.TestTypes.Unit.UnitTestAdapter" className="d:\v2.0\a1\_work\dbded102\vso\tfs\service\webaccess\widgets\testscripts\tests\tfstests.widget.utils.sprint.ts::tfstests.widget.utils.sprint::widget.utils.sprint - initialize() rejects with valid error when ajax" name="TFSTests.Widget.Utils.Sprint Widget.Utils.Sprint - Initialize() rejects with valid error when Ajax.issueRequest fails" />
    </UnitTest>
    <UnitTest name="TFSTests.Widget.Utils.Sprint Widget.Utils.Sprint - Initialize() rejects with Sys.ArgumentException when getting malformed JSON from query builder URL" storage="d:\v2.0\a1\_work\dbded102\vso\tfs\service\webaccess\widgets\testscripts\tests\tfstests.widget.utils.sprint.ts" id="19ce21e5-d7c0-4139-be2a-f9a72f0b40c8">
      <Execution id="d92d2dc5-3893-49c4-911e-4bb80123cdec" />
      <TestMethod codeBase="d:\v2.0\a1\_work\dbded102\vso\tfs\service\webaccess\widgets\testscripts\tests\tfstests.widget.utils.sprint.ts" adapterTypeName="Microsoft.VisualStudio.TestTools.TestTypes.Unit.UnitTestAdapter" className="d:\v2.0\a1\_work\dbded102\vso\tfs\service\webaccess\widgets\testscripts\tests\tfstests.widget.utils.sprint.ts::tfstests.widget.utils.sprint::widget.utils.sprint - initialize() rejects with sys" name="TFSTests.Widget.Utils.Sprint Widget.Utils.Sprint - Initialize() rejects with Sys.ArgumentException when getting malformed JSON from query builder URL" />
    </UnitTest>
    <UnitTest name="TFSTests.Widget.Utils.Sprint Widget.Utils.Sprint - Initialize() rejects with when queryByWiql fails" storage="d:\v2.0\a1\_work\dbded102\vso\tfs\service\webaccess\widgets\testscripts\tests\tfstests.widget.utils.sprint.ts" id="e28dce12-183b-4dcc-98c1-2d1ed803ce3a">
      <Execution id="4a994030-2480-43b2-8902-0ce7fe7c621c" />
      <TestMethod codeBase="d:\v2.0\a1\_work\dbded102\vso\tfs\service\webaccess\widgets\testscripts\tests\tfstests.widget.utils.sprint.ts" adapterTypeName="Microsoft.VisualStudio.TestTools.TestTypes.Unit.UnitTestAdapter" className="d:\v2.0\a1\_work\dbded102\vso\tfs\service\webaccess\widgets\testscripts\tests\tfstests.widget.utils.sprint.ts::tfstests.widget.utils.sprint::widget.utils" name="TFSTests.Widget.Utils.Sprint Widget.Utils.Sprint - Initialize() rejects with when queryByWiql fails" />
    </UnitTest>
    <UnitTest name="TFSTests.Widget.Utils.Sprint Widget.Utils.Sprint - Initialize() rejects with when getWorkItems fails" storage="d:\v2.0\a1\_work\dbded102\vso\tfs\service\webaccess\widgets\testscripts\tests\tfstests.widget.utils.sprint.ts" id="e3915447-7b91-48e5-b768-f00838bc8624">
      <Execution id="6af5f66e-853f-48a9-bff7-c9af5ebb2256" />
      <TestMethod codeBase="d:\v2.0\a1\_work\dbded102\vso\tfs\service\webaccess\widgets\testscripts\tests\tfstests.widget.utils.sprint.ts" adapterTypeName="Microsoft.VisualStudio.TestTools.TestTypes.Unit.UnitTestAdapter" className="d:\v2.0\a1\_work\dbded102\vso\tfs\service\webaccess\widgets\testscripts\tests\tfstests.widget.utils.sprint.ts::tfstests.widget.utils.sprint::widget.utils" name="TFSTests.Widget.Utils.Sprint Widget.Utils.Sprint - Initialize() rejects with when getWorkItems fails" />
    </UnitTest>
    <UnitTest name="TFSTests.SprintOverview Sprint Overview Widget - default" storage="d:\v2.0\a1\_work\dbded102\vso\tfs\service\webaccess\widgets\testscripts\tests\tfstests.sprintoverview.ts" id="c2ae4063-3836-4757-bcf2-8d1226d0b6f0">
      <Execution id="e8c75c55-4ba7-4779-8c4a-dd04a3c11d58" />
      <TestMethod codeBase="d:\v2.0\a1\_work\dbded102\vso\tfs\service\webaccess\widgets\testscripts\tests\tfstests.sprintoverview.ts" adapterTypeName="Microsoft.VisualStudio.TestTools.TestTypes.Unit.UnitTestAdapter" className="d:\v2.0\a1\_work\dbded102\vso\tfs\service\webaccess\widgets\testscripts\tests\tfstests.sprintoverview.ts::tfstests" name="TFSTests.SprintOverview Sprint Overview Widget - default" />
    </UnitTest>
    <UnitTest name="TFSTests.SprintOverview Sprint Overview Widget - use singular when one working day remains" storage="d:\v2.0\a1\_work\dbded102\vso\tfs\service\webaccess\widgets\testscripts\tests\tfstests.sprintoverview.ts" id="1ededd31-c17c-4d3b-b37f-8531926ba5eb">
      <Execution id="b26423a6-9f7a-4a6c-b733-85234606c6b2" />
      <TestMethod codeBase="d:\v2.0\a1\_work\dbded102\vso\tfs\service\webaccess\widgets\testscripts\tests\tfstests.sprintoverview.ts" adapterTypeName="Microsoft.VisualStudio.TestTools.TestTypes.Unit.UnitTestAdapter" className="d:\v2.0\a1\_work\dbded102\vso\tfs\service\webaccess\widgets\testscripts\tests\tfstests.sprintoverview.ts::tfstests" name="TFSTests.SprintOverview Sprint Overview Widget - use singular when one working day remains" />
    </UnitTest>
    <UnitTest name="TFSTests.SprintOverview Sprint Overview Widget - no iterations configured" storage="d:\v2.0\a1\_work\dbded102\vso\tfs\service\webaccess\widgets\testscripts\tests\tfstests.sprintoverview.ts" id="fe0a29db-a37c-4485-9795-ab5ad37f8499">
      <Execution id="77665191-ae9c-42ce-9245-e830ff25d3ba" />
      <TestMethod codeBase="d:\v2.0\a1\_work\dbded102\vso\tfs\service\webaccess\widgets\testscripts\tests\tfstests.sprintoverview.ts" adapterTypeName="Microsoft.VisualStudio.TestTools.TestTypes.Unit.UnitTestAdapter" className="d:\v2.0\a1\_work\dbded102\vso\tfs\service\webaccess\widgets\testscripts\tests\tfstests.sprintoverview.ts::tfstests" name="TFSTests.SprintOverview Sprint Overview Widget - no iterations configured" />
    </UnitTest>
    <UnitTest name="TFSTests.SprintOverview Sprint Overview Widget - no work items" storage="d:\v2.0\a1\_work\dbded102\vso\tfs\service\webaccess\widgets\testscripts\tests\tfstests.sprintoverview.ts" id="02ccdb27-4184-4957-8e7d-4edf628c9703">
      <Execution id="ad354b99-1924-4a56-add3-70993ffb4d7a" />
      <TestMethod codeBase="d:\v2.0\a1\_work\dbded102\vso\tfs\service\webaccess\widgets\testscripts\tests\tfstests.sprintoverview.ts" adapterTypeName="Microsoft.VisualStudio.TestTools.TestTypes.Unit.UnitTestAdapter" className="d:\v2.0\a1\_work\dbded102\vso\tfs\service\webaccess\widgets\testscripts\tests\tfstests.sprintoverview.ts::tfstests" name="TFSTests.SprintOverview Sprint Overview Widget - no work items" />
    </UnitTest>
    <UnitTest name="TFSTests.SprintOverview Sprint Overview Widget - failed getting Sprint Capacity" storage="d:\v2.0\a1\_work\dbded102\vso\tfs\service\webaccess\widgets\testscripts\tests\tfstests.sprintoverview.ts" id="7e40f963-9ac6-4736-8ed1-6184b54cc38f">
      <Execution id="c4ebe74d-ef6a-4e94-a138-5166a79d14e8" />
      <TestMethod codeBase="d:\v2.0\a1\_work\dbded102\vso\tfs\service\webaccess\widgets\testscripts\tests\tfstests.sprintoverview.ts" adapterTypeName="Microsoft.VisualStudio.TestTools.TestTypes.Unit.UnitTestAdapter" className="d:\v2.0\a1\_work\dbded102\vso\tfs\service\webaccess\widgets\testscripts\tests\tfstests.sprintoverview.ts::tfstests" name="TFSTests.SprintOverview Sprint Overview Widget - failed getting Sprint Capacity" />
    </UnitTest>
    <UnitTest name="TFSTests.SprintOverview Sprint Overview Widget - failed getting Process Settings" storage="d:\v2.0\a1\_work\dbded102\vso\tfs\service\webaccess\widgets\testscripts\tests\tfstests.sprintoverview.ts" id="0f13c87b-ef8f-46ea-ac23-49184a55b4c6">
      <Execution id="0e898afe-2b88-4b81-ac92-dc1c428390d0" />
      <TestMethod codeBase="d:\v2.0\a1\_work\dbded102\vso\tfs\service\webaccess\widgets\testscripts\tests\tfstests.sprintoverview.ts" adapterTypeName="Microsoft.VisualStudio.TestTools.TestTypes.Unit.UnitTestAdapter" className="d:\v2.0\a1\_work\dbded102\vso\tfs\service\webaccess\widgets\testscripts\tests\tfstests.sprintoverview.ts::tfstests" name="TFSTests.SprintOverview Sprint Overview Widget - failed getting Process Settings" />
    </UnitTest>
    <UnitTest name="TFSTests.SprintOverview Sprint Overview Widget - failed getting Backlog" storage="d:\v2.0\a1\_work\dbded102\vso\tfs\service\webaccess\widgets\testscripts\tests\tfstests.sprintoverview.ts" id="ebd7f737-6fbd-4671-b579-07511e78f44c">
      <Execution id="2e7f745d-bd50-4969-893e-a5e57619c552" />
      <TestMethod codeBase="d:\v2.0\a1\_work\dbded102\vso\tfs\service\webaccess\widgets\testscripts\tests\tfstests.sprintoverview.ts" adapterTypeName="Microsoft.VisualStudio.TestTools.TestTypes.Unit.UnitTestAdapter" className="d:\v2.0\a1\_work\dbded102\vso\tfs\service\webaccess\widgets\testscripts\tests\tfstests.sprintoverview.ts::tfstests" name="TFSTests.SprintOverview Sprint Overview Widget - failed getting Backlog" />
    </UnitTest>
  </TestDefinitions>
  <TestEntries>
    <TestEntry testId="766faab5-ed32-4f7a-8664-913d78d2baa9" executionId="e331d1c3-9907-40fe-80d3-297c068ce892" testListId="8c84fa94-04c1-424b-9868-57a2d4851a1d" />
    <TestEntry testId="baa7e7e1-8fa3-4a82-9733-b5b45bd7cec2" executionId="7916fe93-810b-4aae-b842-10c288f8d6d9" testListId="8c84fa94-04c1-424b-9868-57a2d4851a1d" />
    <TestEntry testId="5d62f135-b90a-49f9-ab01-73149fefdee9" executionId="d9395196-be4b-4ebd-b6ed-17551ce9a5a8" testListId="8c84fa94-04c1-424b-9868-57a2d4851a1d" />
    <TestEntry testId="88f4c02e-47d5-43c7-9e11-3959ff662519" executionId="2be30430-76e0-4d68-b8f2-1992451e203d" testListId="8c84fa94-04c1-424b-9868-57a2d4851a1d" />
    <TestEntry testId="72bae5f3-6a30-454d-b93d-867830f98a12" executionId="3c49bcda-1557-4cf0-a537-c1f9b48078e7" testListId="8c84fa94-04c1-424b-9868-57a2d4851a1d" />
    <TestEntry testId="2eb9f470-cd4c-4f33-ac57-6f32b5c0d59e" executionId="c3e9f7ca-502d-41ee-8c57-51c1ae591526" testListId="8c84fa94-04c1-424b-9868-57a2d4851a1d" />
    <TestEntry testId="c3b95718-89bf-4460-998d-1abbabe43be9" executionId="7af5c580-e2b1-4d90-ab56-621f10372b48" testListId="8c84fa94-04c1-424b-9868-57a2d4851a1d" />
    <TestEntry testId="2aec6c1b-ccc1-46a5-b6e3-d184bcac6d28" executionId="fa4f3e6a-7dc0-4abb-b8d1-2dc34651f8fb" testListId="8c84fa94-04c1-424b-9868-57a2d4851a1d" />
    <TestEntry testId="8d0caa95-ccf8-421b-a204-2b8775e7a45d" executionId="0a29e4e5-7e81-4351-9042-54e3ed027cc9" testListId="8c84fa94-04c1-424b-9868-57a2d4851a1d" />
    <TestEntry testId="361615f5-fbab-4ccb-a183-3f0c17af8071" executionId="4d37e492-ffd7-49c0-b7fa-f6b8a0ec6bdf" testListId="8c84fa94-04c1-424b-9868-57a2d4851a1d" />
    <TestEntry testId="5c2d4b1d-f578-43c5-9969-551452e0e975" executionId="88c15e35-192c-4a75-8440-703e131a5c31" testListId="8c84fa94-04c1-424b-9868-57a2d4851a1d" />
    <TestEntry testId="bd42d969-9cb0-4583-83c5-647d08f63ba0" executionId="ba3dfdb6-1362-486d-83d3-15bf1cfd3f84" testListId="8c84fa94-04c1-424b-9868-57a2d4851a1d" />
    <TestEntry testId="0f02e799-2313-4c9f-97fe-a15ea578931d" executionId="65410b89-72b9-4b6e-99da-99eeeb32cf3f" testListId="8c84fa94-04c1-424b-9868-57a2d4851a1d" />
    <TestEntry testId="8bf22112-0d8e-43ec-a4fc-b595007ea538" executionId="3f5f5ffa-af00-44e2-b9eb-0f8d64312cb7" testListId="8c84fa94-04c1-424b-9868-57a2d4851a1d" />
    <TestEntry testId="c65c7519-c8fa-4acb-8df6-bcf8f63974e0" executionId="49e1c728-8ebf-4717-bbc5-bce8e4a41e3c" testListId="8c84fa94-04c1-424b-9868-57a2d4851a1d" />
    <TestEntry testId="517758f2-4414-4c31-845d-9ef72df4903f" executionId="810d2161-c138-473e-b7d5-d396079235e3" testListId="8c84fa94-04c1-424b-9868-57a2d4851a1d" />
    <TestEntry testId="6a1f4ce4-a5b3-4c66-923d-ff524487718b" executionId="1057b56f-a773-4780-b42e-553147a1f73a" testListId="8c84fa94-04c1-424b-9868-57a2d4851a1d" />
    <TestEntry testId="685c2d46-4cdd-4a4b-b449-f4000be30159" executionId="ba6ac5f9-27d5-4e95-8385-53f460aa03d6" testListId="8c84fa94-04c1-424b-9868-57a2d4851a1d" />
    <TestEntry testId="eef73671-b3fd-4899-af72-d5fdcd8d3c41" executionId="794586a7-95c0-44eb-87c7-4f1e1ee4e739" testListId="8c84fa94-04c1-424b-9868-57a2d4851a1d" />
    <TestEntry testId="39e6442e-cd3d-405b-bb70-909155e8d176" executionId="7e9307ea-f0f7-49c1-a2db-fa482f8014cc" testListId="8c84fa94-04c1-424b-9868-57a2d4851a1d" />
    <TestEntry testId="40998b95-93c8-49e2-9214-804ad6e85c07" executionId="5f30796c-3b1c-4bac-b817-f49b70f0ee59" testListId="8c84fa94-04c1-424b-9868-57a2d4851a1d" />
    <TestEntry testId="8038a35d-a9df-4ec9-9ac6-ddf90261adaf" executionId="04916568-68d2-4f18-b539-b62434710bbb" testListId="8c84fa94-04c1-424b-9868-57a2d4851a1d" />
    <TestEntry testId="0a476010-592e-4ff5-ad6d-39d9dd70bf41" executionId="5cf3a5f1-c7fc-4716-9b64-f7d85d5da874" testListId="8c84fa94-04c1-424b-9868-57a2d4851a1d" />
    <TestEntry testId="71337984-3be2-46da-8215-434f500d6fa0" executionId="b03d53d6-0b88-4f84-86bd-a36cee9c61f1" testListId="8c84fa94-04c1-424b-9868-57a2d4851a1d" />
    <TestEntry testId="d2c6a4f9-af34-42b3-84dc-4b4e493e29cd" executionId="8b822a96-5982-4695-bd2f-9e8f121f70a3" testListId="8c84fa94-04c1-424b-9868-57a2d4851a1d" />
    <TestEntry testId="cb3b25af-7a42-4565-8c36-f8479e1f703d" executionId="9788b98e-3dac-4d63-a7fe-5e88a1d0477a" testListId="8c84fa94-04c1-424b-9868-57a2d4851a1d" />
    <TestEntry testId="9b1fb3ea-365e-440f-bf52-838c01f7e395" executionId="a2d9fe19-824d-4281-943c-9ff542813954" testListId="8c84fa94-04c1-424b-9868-57a2d4851a1d" />
    <TestEntry testId="357aeab7-e642-4893-8523-159f658c42cb" executionId="507894c5-3d55-40fc-83af-8dbbe348daa9" testListId="8c84fa94-04c1-424b-9868-57a2d4851a1d" />
    <TestEntry testId="88f31217-3bcb-479d-abb5-6df485ebe84e" executionId="fa78f3c6-f692-45b9-944d-167527282edc" testListId="8c84fa94-04c1-424b-9868-57a2d4851a1d" />
    <TestEntry testId="c2d4b136-25b6-4f08-a82d-4ef5bf9c5ab4" executionId="0ae67e4c-acd6-424e-8a52-8c1debde1605" testListId="8c84fa94-04c1-424b-9868-57a2d4851a1d" />
    <TestEntry testId="7ed8c416-e75b-4cae-99cd-08923d502fb7" executionId="0ceed850-ef00-49d1-96f0-91686939b9ca" testListId="8c84fa94-04c1-424b-9868-57a2d4851a1d" />
    <TestEntry testId="937d7a51-3147-481d-b6db-7ed5458e584b" executionId="ae9ee767-dc83-439a-b437-ce6f809978fd" testListId="8c84fa94-04c1-424b-9868-57a2d4851a1d" />
    <TestEntry testId="e6d02a1b-f1d3-4a7b-a313-4ea17e82dd74" executionId="ece77eee-be7a-404b-878d-fd02ebe7c5a2" testListId="8c84fa94-04c1-424b-9868-57a2d4851a1d" />
    <TestEntry testId="2a3a3589-34ab-4c74-be51-4b8a1ac7c6dd" executionId="745e76a9-504d-4d9a-ad50-3af01d616dae" testListId="8c84fa94-04c1-424b-9868-57a2d4851a1d" />
    <TestEntry testId="f887ad71-1641-402a-b25d-76654e94c283" executionId="64c1faad-76a6-405e-b09d-304bc81eca80" testListId="8c84fa94-04c1-424b-9868-57a2d4851a1d" />
    <TestEntry testId="36fc8b95-0d08-494e-a75f-e450eefb35b9" executionId="0123c62f-b8b0-490e-a0dc-5355c4c3f47a" testListId="8c84fa94-04c1-424b-9868-57a2d4851a1d" />
    <TestEntry testId="03faa06b-09af-419d-b358-920098529840" executionId="fe20962b-4d49-4b68-a67e-85f392d953be" testListId="8c84fa94-04c1-424b-9868-57a2d4851a1d" />
    <TestEntry testId="c28a5e39-035f-466b-a271-56411789be35" executionId="9ec14e2a-6cfe-4c71-b632-6b75773d5a50" testListId="8c84fa94-04c1-424b-9868-57a2d4851a1d" />
    <TestEntry testId="ff481ad9-3f4e-4141-9ea4-5afebcc8efad" executionId="e3766204-9f01-48d4-b7cc-ca6ecd8787ec" testListId="8c84fa94-04c1-424b-9868-57a2d4851a1d" />
    <TestEntry testId="1da7e832-083e-4dca-9496-f72f78600824" executionId="ed31f04c-cb05-4584-a940-e22c36e0ac56" testListId="8c84fa94-04c1-424b-9868-57a2d4851a1d" />
    <TestEntry testId="49d605e2-3141-4eb2-8049-9b013eb67995" executionId="bf4ff0d6-cf33-4fad-bde0-ee2eddc14154" testListId="8c84fa94-04c1-424b-9868-57a2d4851a1d" />
    <TestEntry testId="5075af33-b480-4416-870d-87f12bcfcab7" executionId="a4a2261a-ffb1-41dc-94eb-6349e1b35652" testListId="8c84fa94-04c1-424b-9868-57a2d4851a1d" />
    <TestEntry testId="8b463ec1-8257-4096-b834-c8f2b30fd331" executionId="29afa2af-0ac6-462a-b97a-8fa42609829d" testListId="8c84fa94-04c1-424b-9868-57a2d4851a1d" />
    <TestEntry testId="bf8a0256-0496-4e8b-9a1a-3d5f53cd9a60" executionId="24b44b15-df16-403f-baa2-a7f7dd2c167f" testListId="8c84fa94-04c1-424b-9868-57a2d4851a1d" />
    <TestEntry testId="398b0208-26fb-4350-a362-dfd12b7765bd" executionId="a647ce54-3432-40de-bbca-84e5acf56eec" testListId="8c84fa94-04c1-424b-9868-57a2d4851a1d" />
    <TestEntry testId="c799d6d4-e892-46d5-8c09-6c3d4c00ca25" executionId="eeb003d0-fae9-43b1-873b-87bc51cd2127" testListId="8c84fa94-04c1-424b-9868-57a2d4851a1d" />
    <TestEntry testId="f256129d-77b6-4d63-8dc9-77b878d4a439" executionId="ae140640-d1cd-4f54-83ab-70d6af5f17f7" testListId="8c84fa94-04c1-424b-9868-57a2d4851a1d" />
    <TestEntry testId="e1902408-07ac-480d-b286-7f56c9b0b470" executionId="86a7d764-2ee0-495c-836c-b2280d8328c6" testListId="8c84fa94-04c1-424b-9868-57a2d4851a1d" />
    <TestEntry testId="92ba1faa-0e48-40bc-a498-f4d294afed5a" executionId="5528b282-cd92-4b6f-a358-d3ccc9b7e621" testListId="8c84fa94-04c1-424b-9868-57a2d4851a1d" />
    <TestEntry testId="85bac444-90f1-46ea-b8b6-94a1f8a53037" executionId="e08741e5-cb65-40a6-87ff-81f25ef5e490" testListId="8c84fa94-04c1-424b-9868-57a2d4851a1d" />
    <TestEntry testId="106e9149-99f5-4ec8-97c3-6e0d80f65680" executionId="94be8a78-7c6a-48f8-9761-b8a3808708a0" testListId="8c84fa94-04c1-424b-9868-57a2d4851a1d" />
    <TestEntry testId="8d6bf5cd-54a2-4c0d-9e05-123ea0b4b761" executionId="14aef005-ca6f-41c6-83f6-88c29ad69bac" testListId="8c84fa94-04c1-424b-9868-57a2d4851a1d" />
    <TestEntry testId="c3263b99-3e93-4740-b0e7-03c07211b4ae" executionId="07bf4c6e-9ad4-4893-ba03-c7dfa98f3e8c" testListId="8c84fa94-04c1-424b-9868-57a2d4851a1d" />
    <TestEntry testId="285cf05a-d8ad-42eb-8e5a-6b993b390143" executionId="502d2df8-cdf1-4899-a9cb-937940fb08bd" testListId="8c84fa94-04c1-424b-9868-57a2d4851a1d" />
    <TestEntry testId="9a84cf7f-d3ed-4831-9509-6f118176c9a5" executionId="d041fc35-0181-4411-94c7-cb8390d4002f" testListId="8c84fa94-04c1-424b-9868-57a2d4851a1d" />
    <TestEntry testId="de6ee276-5114-49ba-a4dc-c50c85830b83" executionId="f92d5146-5bc5-43fe-9c86-09c833a29074" testListId="8c84fa94-04c1-424b-9868-57a2d4851a1d" />
    <TestEntry testId="5185abe0-0657-421b-96f8-5336741afe08" executionId="44b6bd66-a1b9-473a-8849-eac1b3efa96f" testListId="8c84fa94-04c1-424b-9868-57a2d4851a1d" />
    <TestEntry testId="b03f41b5-3954-4d59-b1f2-eb8fe460e536" executionId="19be3745-4ce5-4216-8328-78d8334cf992" testListId="8c84fa94-04c1-424b-9868-57a2d4851a1d" />
    <TestEntry testId="d032973e-3f09-47c2-87dd-9272b2bc41e3" executionId="5affacef-2729-40b0-afd1-c4f6c2791127" testListId="8c84fa94-04c1-424b-9868-57a2d4851a1d" />
    <TestEntry testId="f2e87525-de07-4728-b104-43063a29c50e" executionId="030f0470-08c6-45e8-b980-726632dca894" testListId="8c84fa94-04c1-424b-9868-57a2d4851a1d" />
    <TestEntry testId="40366c4e-9b8a-40c0-88f0-a538f79ed0b1" executionId="688948de-b091-445d-a925-0c7c8d5b27db" testListId="8c84fa94-04c1-424b-9868-57a2d4851a1d" />
    <TestEntry testId="4c83ec80-7e80-4e7a-b9c2-3c3c1294a3e0" executionId="17d4121e-6d41-4bc5-9969-749575a1b278" testListId="8c84fa94-04c1-424b-9868-57a2d4851a1d" />
    <TestEntry testId="76f936f0-f950-4252-9f7d-84fe3b8e9ba7" executionId="11b9a754-442c-44be-8f7d-e56b45b8f9f4" testListId="8c84fa94-04c1-424b-9868-57a2d4851a1d" />
    <TestEntry testId="b5609857-53c1-4017-a1e8-5d6c766ff551" executionId="5752238f-06c3-4f22-992f-5e65372d3d86" testListId="8c84fa94-04c1-424b-9868-57a2d4851a1d" />
    <TestEntry testId="e905bd39-1dbe-4489-b0e0-4c39a4324232" executionId="f240515b-2ddc-4c6c-9085-9be7b1b6574a" testListId="8c84fa94-04c1-424b-9868-57a2d4851a1d" />
    <TestEntry testId="47b9d867-7d14-4486-906e-8a3db5483c17" executionId="80baa16c-ea51-4024-8915-5351c1af8691" testListId="8c84fa94-04c1-424b-9868-57a2d4851a1d" />
    <TestEntry testId="a6995513-be47-41ac-9425-fbc88944b56c" executionId="35c4b71f-102e-4d9f-8c32-5feed36e6a11" testListId="8c84fa94-04c1-424b-9868-57a2d4851a1d" />
    <TestEntry testId="2fe64abb-9188-4c08-a3c7-73802f809c51" executionId="76f7af47-69c9-486e-a982-62f35c5414e0" testListId="8c84fa94-04c1-424b-9868-57a2d4851a1d" />
    <TestEntry testId="f848768d-1619-455a-9d14-efc9efcb8fac" executionId="82d7ddc6-ac13-49a1-914c-ae6965c0f14b" testListId="8c84fa94-04c1-424b-9868-57a2d4851a1d" />
    <TestEntry testId="2f5cc7b5-0503-474d-be31-7f8215bc0de8" executionId="c4560259-2344-4511-bbc8-e6ecd9120ed7" testListId="8c84fa94-04c1-424b-9868-57a2d4851a1d" />
    <TestEntry testId="a68c50d0-88c2-4cc1-966e-ef3f1469ddf3" executionId="687fba1d-ce0d-4e88-b285-3ecec863b19d" testListId="8c84fa94-04c1-424b-9868-57a2d4851a1d" />
    <TestEntry testId="8b282a93-bf37-46a3-ae3e-0bdadb5a0421" executionId="7ab028c4-6dd0-4cda-b08c-4947e5143f52" testListId="8c84fa94-04c1-424b-9868-57a2d4851a1d" />
    <TestEntry testId="4f0c3bc3-c878-4670-ab93-6b6805d1ad14" executionId="85acfd43-78ba-4999-8d27-6238954839f8" testListId="8c84fa94-04c1-424b-9868-57a2d4851a1d" />
    <TestEntry testId="e923cd06-40c6-42c1-ab33-152b071a4895" executionId="481ff5b4-3fdd-4f96-a4ff-ddfaa7413015" testListId="8c84fa94-04c1-424b-9868-57a2d4851a1d" />
    <TestEntry testId="bc0e729c-6adf-46cd-8376-202cea65e684" executionId="987286ce-f238-4e6d-8b63-d692174e870a" testListId="8c84fa94-04c1-424b-9868-57a2d4851a1d" />
    <TestEntry testId="e0021ebf-00ab-455d-ac6a-8ad101e4bcda" executionId="f8b2922a-fc82-4c29-8774-d58e82cd675b" testListId="8c84fa94-04c1-424b-9868-57a2d4851a1d" />
    <TestEntry testId="b741174a-5c2a-468c-beb8-8135e4c09851" executionId="a5558f16-593f-4f9c-b227-ef1be6f5fb84" testListId="8c84fa94-04c1-424b-9868-57a2d4851a1d" />
    <TestEntry testId="ae6e4a82-e71d-4601-89f3-feeae50c7d9b" executionId="aad78ab2-d281-4d5a-a74f-245ec322e584" testListId="8c84fa94-04c1-424b-9868-57a2d4851a1d" />
    <TestEntry testId="be71084a-1a39-40e2-afd2-53dbd0dcd37e" executionId="2fd90587-ea1a-482a-9699-365aa38c48e1" testListId="8c84fa94-04c1-424b-9868-57a2d4851a1d" />
    <TestEntry testId="5442563a-6927-46f3-9942-2e044a1d89ca" executionId="0b765f35-2234-434f-97d0-de5c651857dc" testListId="8c84fa94-04c1-424b-9868-57a2d4851a1d" />
    <TestEntry testId="e70ece83-761e-44e0-a61c-fc2edf912b97" executionId="b9c737e8-6dff-4456-95bf-6b45ac1a5cdb" testListId="8c84fa94-04c1-424b-9868-57a2d4851a1d" />
    <TestEntry testId="d391ba39-b435-4b49-9015-ab0e97e90e4e" executionId="353d2915-e457-418f-a86e-36b67acdef1b" testListId="8c84fa94-04c1-424b-9868-57a2d4851a1d" />
    <TestEntry testId="ef28daec-d855-4158-98e2-f017e117ff15" executionId="16233ef9-6b1c-4c06-baad-591edc56f25f" testListId="8c84fa94-04c1-424b-9868-57a2d4851a1d" />
    <TestEntry testId="9eb63e14-d856-4f85-9d29-c77bec28a825" executionId="0f7dc2b5-f8f2-459f-8c05-abf8c9273d17" testListId="8c84fa94-04c1-424b-9868-57a2d4851a1d" />
    <TestEntry testId="455523ba-b8b2-4a42-b8da-15978288ddb4" executionId="03926f6b-c6dc-4b0d-829b-bad3688665be" testListId="8c84fa94-04c1-424b-9868-57a2d4851a1d" />
    <TestEntry testId="483e9a2f-1acc-4cde-bd62-46d9730d0a0b" executionId="e76eb847-2b90-4223-9390-2808e5e2044a" testListId="8c84fa94-04c1-424b-9868-57a2d4851a1d" />
    <TestEntry testId="b3f3c7cc-9ad7-4eac-85db-9d2b2056db54" executionId="60d95f0f-c298-400b-bc41-771368b074e6" testListId="8c84fa94-04c1-424b-9868-57a2d4851a1d" />
    <TestEntry testId="3a7b1a7a-7583-4082-a4b9-b452c6e45378" executionId="a8dc1bf0-155e-4f23-8e9f-dcde363474eb" testListId="8c84fa94-04c1-424b-9868-57a2d4851a1d" />
    <TestEntry testId="377a8874-705c-48da-a2d5-4183bb873b0e" executionId="0964302a-0c95-4915-8ab3-4538f721391a" testListId="8c84fa94-04c1-424b-9868-57a2d4851a1d" />
    <TestEntry testId="d47a5ea2-634e-48c2-afd2-c47cd8c628b2" executionId="ff3720d4-7991-47c9-9db3-b6d092f31bab" testListId="8c84fa94-04c1-424b-9868-57a2d4851a1d" />
    <TestEntry testId="36c70ad4-28ab-487a-8eb4-0f6664be6f25" executionId="fb95be0a-39c2-4231-b248-fe34ac48bebf" testListId="8c84fa94-04c1-424b-9868-57a2d4851a1d" />
    <TestEntry testId="c2e6c7bb-0b63-4ace-9073-5a78f0b63e80" executionId="4dd2bb66-059d-4e44-b438-b9d0957c7e31" testListId="8c84fa94-04c1-424b-9868-57a2d4851a1d" />
    <TestEntry testId="3967d21e-dcc5-47be-8ef7-48cbeb1ef1b5" executionId="4995fb88-622e-44f0-aae1-b15263f30611" testListId="8c84fa94-04c1-424b-9868-57a2d4851a1d" />
    <TestEntry testId="e8ef483b-9d60-461f-a000-5a712f036e26" executionId="59720423-4a96-4db4-91f5-1a86ab2e1106" testListId="8c84fa94-04c1-424b-9868-57a2d4851a1d" />
    <TestEntry testId="9a2721ab-450c-41f0-b4af-2b933611ccb2" executionId="656f3d01-3d8d-4fe4-8838-8d416e3f9766" testListId="8c84fa94-04c1-424b-9868-57a2d4851a1d" />
    <TestEntry testId="32c6ba29-09ec-475b-bdc1-7df508f0f687" executionId="065d3b84-0823-4c32-b63d-84234bf5cfc0" testListId="8c84fa94-04c1-424b-9868-57a2d4851a1d" />
    <TestEntry testId="3d54502f-c14a-4661-9a86-bc546311bf4b" executionId="87b2dbf6-d66e-4782-b164-0a221da6cfcf" testListId="8c84fa94-04c1-424b-9868-57a2d4851a1d" />
    <TestEntry testId="cb39a655-fb1b-441e-97a1-9d5342c1bd59" executionId="594aff63-c60d-4b78-969e-708fb0c5b25b" testListId="8c84fa94-04c1-424b-9868-57a2d4851a1d" />
    <TestEntry testId="40891a07-bdd8-446e-8f66-ebbd8f3fd588" executionId="44acd839-d812-49f8-8521-c9ee254ee7f1" testListId="8c84fa94-04c1-424b-9868-57a2d4851a1d" />
    <TestEntry testId="e072d10d-12f3-48b9-9384-019366e5d9d5" executionId="c8b50334-3b42-41db-8c8c-cda3ca65b441" testListId="8c84fa94-04c1-424b-9868-57a2d4851a1d" />
    <TestEntry testId="b4513570-266b-4c37-8d58-51ceebda4727" executionId="f53308c3-5255-4250-85c0-0b806247d166" testListId="8c84fa94-04c1-424b-9868-57a2d4851a1d" />
    <TestEntry testId="dbd919e3-5e7c-4055-b732-51649edce7a9" executionId="eaf9afbb-031b-4c4d-8b2f-89cd42a18f3a" testListId="8c84fa94-04c1-424b-9868-57a2d4851a1d" />
    <TestEntry testId="e61e035d-ef19-46f0-8079-e066ee8eb18d" executionId="a1b55928-c460-4cbd-b7e3-a206a4c00725" testListId="8c84fa94-04c1-424b-9868-57a2d4851a1d" />
    <TestEntry testId="51a864ce-dd3b-4af5-8a82-88705cc6fd08" executionId="a291a543-2de3-47fb-ba2f-8e364808ae80" testListId="8c84fa94-04c1-424b-9868-57a2d4851a1d" />
    <TestEntry testId="62415303-882f-443f-80f8-5271b0d35308" executionId="1b00c58d-f6ab-4ba2-8472-c4c9885f4df7" testListId="8c84fa94-04c1-424b-9868-57a2d4851a1d" />
    <TestEntry testId="51fb0b21-a6fc-4a85-a658-dbcf6fafb3df" executionId="d6326747-ef49-4e3d-85d3-ab12e35c8959" testListId="8c84fa94-04c1-424b-9868-57a2d4851a1d" />
    <TestEntry testId="d0f980ad-2dd1-4b64-bba4-6ba30b74b716" executionId="c1e3b6e3-1460-4133-9959-645cba90719d" testListId="8c84fa94-04c1-424b-9868-57a2d4851a1d" />
    <TestEntry testId="afbc365f-2130-48c2-93dd-010e95bf6932" executionId="c657ad90-91a7-4a07-a1c7-dd4c33be7a5c" testListId="8c84fa94-04c1-424b-9868-57a2d4851a1d" />
    <TestEntry testId="90d30c60-e020-484b-95a2-01090cb93de9" executionId="b97cd964-7899-4bf0-99c9-d42c1a0c1f1d" testListId="8c84fa94-04c1-424b-9868-57a2d4851a1d" />
    <TestEntry testId="2b01709a-1644-4c40-aec2-6f6ec807957e" executionId="af28cc54-a1bb-4c06-8747-4d09a751c5f4" testListId="8c84fa94-04c1-424b-9868-57a2d4851a1d" />
    <TestEntry testId="b198f395-805f-450f-8f0b-5477460d5727" executionId="b2a73736-77da-4893-9475-148000f2f4c4" testListId="8c84fa94-04c1-424b-9868-57a2d4851a1d" />
    <TestEntry testId="5fdb2446-4910-43b3-9256-fadb90f140b9" executionId="cffadbed-9c1d-475a-a765-17b5f7c178e3" testListId="8c84fa94-04c1-424b-9868-57a2d4851a1d" />
    <TestEntry testId="644042e3-36c2-4abc-8b0b-b0646e1bdd1e" executionId="00c65ff7-3baf-4054-bbed-dc92fee188d3" testListId="8c84fa94-04c1-424b-9868-57a2d4851a1d" />
    <TestEntry testId="1f21df99-036f-4a4e-94c8-7155cc0a38e6" executionId="d93a1555-432d-4dab-8476-41e99f4d9007" testListId="8c84fa94-04c1-424b-9868-57a2d4851a1d" />
    <TestEntry testId="b570a0e3-538d-47e6-b818-4bd8b5aa355d" executionId="6e3251c6-9c40-44f2-8ec1-7daa4c807782" testListId="8c84fa94-04c1-424b-9868-57a2d4851a1d" />
    <TestEntry testId="12cd5879-b9c9-44e2-9085-2df1d3288f4e" executionId="fa138a49-7aae-4479-86a0-d1cd3f6d8d65" testListId="8c84fa94-04c1-424b-9868-57a2d4851a1d" />
    <TestEntry testId="239b1df4-2aea-4cd9-8bff-f6061d714de4" executionId="ddf874ec-85e0-46b6-8052-a829ddeec683" testListId="8c84fa94-04c1-424b-9868-57a2d4851a1d" />
    <TestEntry testId="899fe7dd-a1a1-4dc1-9c2e-546bd8b55c0e" executionId="19c9cd6b-ee46-4e5b-802c-b70d0d201f44" testListId="8c84fa94-04c1-424b-9868-57a2d4851a1d" />
    <TestEntry testId="ea58c4b5-f8df-4b59-9202-aeb8b4f4cc89" executionId="b16e2db3-601e-4abb-a541-673c7cc5d2f5" testListId="8c84fa94-04c1-424b-9868-57a2d4851a1d" />
    <TestEntry testId="d1bd59c6-66ca-4c72-983f-bb02eb61f079" executionId="e941e78b-f6ef-4c96-b107-084132c9b5ca" testListId="8c84fa94-04c1-424b-9868-57a2d4851a1d" />
    <TestEntry testId="7ad6a64d-9c4e-427e-8e7a-a9206e1b31cd" executionId="6ee5b5b2-b321-4b61-9466-d49fb0e605e1" testListId="8c84fa94-04c1-424b-9868-57a2d4851a1d" />
    <TestEntry testId="ee9e40ac-a7f9-4786-b05d-ec45d4e2d71a" executionId="0fbd615f-10be-4551-a5af-9e57c381d657" testListId="8c84fa94-04c1-424b-9868-57a2d4851a1d" />
    <TestEntry testId="d397c007-9c3e-48be-a04a-965914831151" executionId="4db5de35-e951-4697-9733-a072c8fd269b" testListId="8c84fa94-04c1-424b-9868-57a2d4851a1d" />
    <TestEntry testId="e70a4c5f-2dc6-4d1c-928a-1ceecd39b210" executionId="f8d34a0d-3eeb-4030-bea0-bc5653b8bf76" testListId="8c84fa94-04c1-424b-9868-57a2d4851a1d" />
    <TestEntry testId="7ffa92e6-0f7b-473a-a15b-ea1bd1dee842" executionId="44dee28d-9fa1-405b-901b-e24f4796ca1a" testListId="8c84fa94-04c1-424b-9868-57a2d4851a1d" />
    <TestEntry testId="5a4bae11-d5ca-47bc-8fc3-b38acd529ddd" executionId="864fe85b-9d84-4efd-b8e4-93e3ccc03de6" testListId="8c84fa94-04c1-424b-9868-57a2d4851a1d" />
    <TestEntry testId="5ca7c5c1-0adf-41a5-9fc0-6f2a26c08302" executionId="d53b33b5-65c8-428d-b41f-3e2cb89907ed" testListId="8c84fa94-04c1-424b-9868-57a2d4851a1d" />
    <TestEntry testId="3edc2cce-7abb-4070-8a48-2c3483d82a19" executionId="8bbc2a12-798e-4273-8156-49c4d78dba52" testListId="8c84fa94-04c1-424b-9868-57a2d4851a1d" />
    <TestEntry testId="512eae0d-9113-41d6-8748-d4ca7759f081" executionId="fbddbc7b-72f5-41e0-9607-3570224a7666" testListId="8c84fa94-04c1-424b-9868-57a2d4851a1d" />
    <TestEntry testId="e85b6c28-95b5-439d-b65d-3d75ffe0fded" executionId="3befe81e-6359-442a-a0a2-13948508a8a1" testListId="8c84fa94-04c1-424b-9868-57a2d4851a1d" />
    <TestEntry testId="7bb6e4ea-ce05-4188-9014-3a07b7527386" executionId="2be18fdc-2c7f-4767-9cd8-fdf08498fc83" testListId="8c84fa94-04c1-424b-9868-57a2d4851a1d" />
    <TestEntry testId="1f6335ea-9624-4abf-8195-577f50f96a7a" executionId="5487617c-8e27-4543-8450-c39a8a0b7184" testListId="8c84fa94-04c1-424b-9868-57a2d4851a1d" />
    <TestEntry testId="0889913c-ff78-4c2e-8045-b2d44a6584b9" executionId="f13906f2-59bc-43d8-9052-97c61c543f9a" testListId="8c84fa94-04c1-424b-9868-57a2d4851a1d" />
    <TestEntry testId="96dfe28c-8560-4306-bfff-0e7db94c6767" executionId="f20def94-df0a-4de7-a58e-abe99cee68f4" testListId="8c84fa94-04c1-424b-9868-57a2d4851a1d" />
    <TestEntry testId="56b8a7dc-9089-4082-b5dc-c92a0ac2c876" executionId="15ff88ef-0742-4b9a-9b51-e1218f6d658f" testListId="8c84fa94-04c1-424b-9868-57a2d4851a1d" />
    <TestEntry testId="ff4c4f10-95ce-4ccc-aa88-0ae3e0ff4d08" executionId="f219b3a2-c8ef-4a27-8f6f-c324ddda08a6" testListId="8c84fa94-04c1-424b-9868-57a2d4851a1d" />
    <TestEntry testId="5b2a43d7-8adc-48d0-9390-302545b12d76" executionId="af1b2b96-1ea3-4efc-9c23-dcd7e6258e32" testListId="8c84fa94-04c1-424b-9868-57a2d4851a1d" />
    <TestEntry testId="5ad69f10-4a7e-49e3-a8f0-717f65a347f1" executionId="8e584520-2d8d-4b1e-9be6-b0c2f8530677" testListId="8c84fa94-04c1-424b-9868-57a2d4851a1d" />
    <TestEntry testId="d6f17800-f645-48a4-aaa1-4c2b4ce944f0" executionId="dc1c1625-e972-4439-af93-5be17f7fa943" testListId="8c84fa94-04c1-424b-9868-57a2d4851a1d" />
    <TestEntry testId="f9ff9c05-aa34-4aaf-8cee-2bd941b3c291" executionId="db132744-1e7b-4cea-aabb-fed8083c3525" testListId="8c84fa94-04c1-424b-9868-57a2d4851a1d" />
    <TestEntry testId="db4af836-7c5a-4b1c-b8ed-b8f9f2240dfd" executionId="3c404bc4-cfbe-4067-a521-4879bd04e487" testListId="8c84fa94-04c1-424b-9868-57a2d4851a1d" />
    <TestEntry testId="c89de7bd-05d5-4eaa-94fe-14ec27be92ce" executionId="de345a77-bc58-4bfc-876f-39e990b1cbe2" testListId="8c84fa94-04c1-424b-9868-57a2d4851a1d" />
    <TestEntry testId="c720a98c-467e-4bfb-b845-9ecc9dd70488" executionId="2f748489-3e6e-4da2-a298-de44a2f1a48c" testListId="8c84fa94-04c1-424b-9868-57a2d4851a1d" />
    <TestEntry testId="ff1801e7-7f1f-4ba6-8f99-e9270f9af552" executionId="8ddb4a0f-5a94-4972-b1fc-a59f70ca5891" testListId="8c84fa94-04c1-424b-9868-57a2d4851a1d" />
    <TestEntry testId="25e6276d-1f67-4dd4-bbf6-51f1c3a72c6b" executionId="b31d6f8a-7086-4a2e-acf1-09725dea5fc3" testListId="8c84fa94-04c1-424b-9868-57a2d4851a1d" />
    <TestEntry testId="4ca0de7e-e8f6-4c52-a7d7-a7342d8fa0c8" executionId="71286150-1521-405c-8751-a30e623171cf" testListId="8c84fa94-04c1-424b-9868-57a2d4851a1d" />
    <TestEntry testId="41f151ea-6a9a-4fe7-9cee-d6392ea65892" executionId="47d011ce-cf59-495c-95a3-de06cbb240d8" testListId="8c84fa94-04c1-424b-9868-57a2d4851a1d" />
    <TestEntry testId="7378afc4-78c7-4ab4-94fd-ad04f92ab326" executionId="ab464a4b-c89d-4386-b1b0-96da144026a9" testListId="8c84fa94-04c1-424b-9868-57a2d4851a1d" />
    <TestEntry testId="12350e51-b3b4-48cb-898b-10c411f395db" executionId="0bbc2c19-9f9a-4ec9-a404-1b24fc7cc8ec" testListId="8c84fa94-04c1-424b-9868-57a2d4851a1d" />
    <TestEntry testId="b195e7c6-ac2c-466e-9c40-aa7b787c2880" executionId="7a3c0db9-ee3d-415c-a351-5dce65ae7b9b" testListId="8c84fa94-04c1-424b-9868-57a2d4851a1d" />
    <TestEntry testId="6020f255-16ed-408d-82d3-ed7fb471922a" executionId="f4016855-9f6b-40b7-8f4c-a4442b4be3c9" testListId="8c84fa94-04c1-424b-9868-57a2d4851a1d" />
    <TestEntry testId="d679c74e-49a9-4ab9-9ea5-e91e68a9f8fb" executionId="95a5f7b0-1b9e-4707-a2de-9c8d6ca2561f" testListId="8c84fa94-04c1-424b-9868-57a2d4851a1d" />
    <TestEntry testId="47c84df9-8a6c-454d-bc5b-e108ab720b75" executionId="313af549-d9be-4e1d-9317-70ef95fc41e6" testListId="8c84fa94-04c1-424b-9868-57a2d4851a1d" />
    <TestEntry testId="0eb1fea9-9cea-4b60-9337-7792b1a4eec0" executionId="1ea24134-8748-44b8-b23d-161da4e10d61" testListId="8c84fa94-04c1-424b-9868-57a2d4851a1d" />
    <TestEntry testId="88af652c-cc2f-46d1-a69a-9447455a4337" executionId="902b0506-4739-46f3-b7db-edf5d6e8f459" testListId="8c84fa94-04c1-424b-9868-57a2d4851a1d" />
    <TestEntry testId="6394ae04-d795-4783-b121-0ab742ff896a" executionId="10392ae9-a90a-4891-a477-13a7200779e0" testListId="8c84fa94-04c1-424b-9868-57a2d4851a1d" />
    <TestEntry testId="599b85a1-ac8e-4605-a257-55dcb7c32457" executionId="14c14fa2-7e36-4a4a-81d6-bea3eba6c612" testListId="8c84fa94-04c1-424b-9868-57a2d4851a1d" />
    <TestEntry testId="f3f5e66c-6545-4f25-9fc2-db6aad565fe3" executionId="544a6900-c880-42db-9e03-d88c469a143c" testListId="8c84fa94-04c1-424b-9868-57a2d4851a1d" />
    <TestEntry testId="cbb44c92-9d2b-4bae-a010-c4eb61cf93f1" executionId="a4fcae76-575c-4abf-bedc-b6f7ba788195" testListId="8c84fa94-04c1-424b-9868-57a2d4851a1d" />
    <TestEntry testId="7ad90c8b-9564-4ba9-a49a-ab2d116e5274" executionId="2bdbf5b7-3a3c-46fc-8a1f-e0e3bf0b96ef" testListId="8c84fa94-04c1-424b-9868-57a2d4851a1d" />
    <TestEntry testId="1ea76269-b914-48c8-8f37-7d9baa090cc5" executionId="b23ed444-f36d-4bee-99ef-5b0ae24344c7" testListId="8c84fa94-04c1-424b-9868-57a2d4851a1d" />
    <TestEntry testId="19a39008-dcac-42ca-89aa-f0ff567e9e99" executionId="b8dbea88-802c-4795-8e73-f4751b48d11b" testListId="8c84fa94-04c1-424b-9868-57a2d4851a1d" />
    <TestEntry testId="16675930-25b0-47fc-b7f1-2e247a0ff0c7" executionId="81ae6df4-599e-4b28-b0a8-5f6d0d6da917" testListId="8c84fa94-04c1-424b-9868-57a2d4851a1d" />
    <TestEntry testId="718c1a7f-2486-4147-85ac-a17f1210b459" executionId="d6d97018-733b-41e2-967c-d86fb7f0a60a" testListId="8c84fa94-04c1-424b-9868-57a2d4851a1d" />
    <TestEntry testId="b87304fa-af91-4325-96e8-0eef8ff873e4" executionId="34956493-923d-4215-982d-8264d99663b2" testListId="8c84fa94-04c1-424b-9868-57a2d4851a1d" />
    <TestEntry testId="961f8d9c-ada4-4e0a-a654-08ef66744d7a" executionId="dd686c96-3a90-4cd8-adc0-4fc291332789" testListId="8c84fa94-04c1-424b-9868-57a2d4851a1d" />
    <TestEntry testId="9b0ae832-9d2e-4103-be50-c86bdb21d160" executionId="fb6626f0-eddc-41e2-875e-efe31ac97ac6" testListId="8c84fa94-04c1-424b-9868-57a2d4851a1d" />
    <TestEntry testId="b7078923-a5f1-43ba-90dc-a55e94a6ff8f" executionId="13e330c8-c621-4e49-bbcb-64825778d058" testListId="8c84fa94-04c1-424b-9868-57a2d4851a1d" />
    <TestEntry testId="640e4975-e12c-48c4-a3c6-5df0adfbd775" executionId="ba8de2f8-aac2-4618-b053-5450ac11f3fa" testListId="8c84fa94-04c1-424b-9868-57a2d4851a1d" />
    <TestEntry testId="2c888257-484c-4638-bf6b-afac36318dad" executionId="13ef3881-a1d0-404a-bac6-4ff6f10e8431" testListId="8c84fa94-04c1-424b-9868-57a2d4851a1d" />
    <TestEntry testId="529e7a8b-7be1-4cc5-b54b-774abb48ed94" executionId="34734cfa-d938-4b01-816a-cf8468d6f37f" testListId="8c84fa94-04c1-424b-9868-57a2d4851a1d" />
    <TestEntry testId="697f8ae2-6b9e-4315-b338-6f32bdec7cba" executionId="f370852f-d1aa-4833-8950-6244dce30abf" testListId="8c84fa94-04c1-424b-9868-57a2d4851a1d" />
    <TestEntry testId="0c6b5b38-e39d-4d97-973e-c727c0a64545" executionId="902ad52b-0b9b-4da9-990a-4b2f9d9d588b" testListId="8c84fa94-04c1-424b-9868-57a2d4851a1d" />
    <TestEntry testId="81fdde46-a430-46d7-b373-54a9c257dcb4" executionId="b97fcdd5-e1d7-42ea-a2c4-bdde8760064f" testListId="8c84fa94-04c1-424b-9868-57a2d4851a1d" />
    <TestEntry testId="48d383d9-ab71-4049-b0a6-bc1c028fa009" executionId="c5e4a245-810c-4cb4-8593-619b20dd63cb" testListId="8c84fa94-04c1-424b-9868-57a2d4851a1d" />
    <TestEntry testId="274cde7f-f7ce-4a52-afa6-a15bf071d9c4" executionId="64647068-1156-4fb7-b745-ecb0a5b3d050" testListId="8c84fa94-04c1-424b-9868-57a2d4851a1d" />
    <TestEntry testId="090953fe-5a9d-48ff-acc8-41577a409606" executionId="d888d23f-c3e1-4aee-85eb-a4bfdcf6857e" testListId="8c84fa94-04c1-424b-9868-57a2d4851a1d" />
    <TestEntry testId="75f642b5-d7f5-4115-8d1a-845ea3102798" executionId="018c4ca8-56e4-4cb9-9da7-8a06755115cf" testListId="8c84fa94-04c1-424b-9868-57a2d4851a1d" />
    <TestEntry testId="d74a85a6-897e-4624-9576-3dfbc3936264" executionId="9912df08-cae1-4b5a-8cfd-39011f20dcb9" testListId="8c84fa94-04c1-424b-9868-57a2d4851a1d" />
    <TestEntry testId="c28a8e91-e487-4754-9aee-92b6e2e7f82f" executionId="85646315-8d75-41e6-8541-131a2702c8d6" testListId="8c84fa94-04c1-424b-9868-57a2d4851a1d" />
    <TestEntry testId="31c85cbd-e37b-4cdf-8d4a-e92c504d0304" executionId="c81b2147-fdc9-41b4-a709-29cdb6045c5a" testListId="8c84fa94-04c1-424b-9868-57a2d4851a1d" />
    <TestEntry testId="d451c409-8517-435e-bf28-d7e9020420a1" executionId="4757bc1b-61f9-413e-b557-f5f931ad8c69" testListId="8c84fa94-04c1-424b-9868-57a2d4851a1d" />
    <TestEntry testId="851dfec9-81e8-42b2-af32-c8f4ac2f73ab" executionId="2acd98df-5705-4368-9929-e5ad5580be5a" testListId="8c84fa94-04c1-424b-9868-57a2d4851a1d" />
    <TestEntry testId="43331670-ffe4-4fc6-b5ad-15a5bd80fff5" executionId="d55b4b53-9bf9-4abb-95db-b3304c31bc0d" testListId="8c84fa94-04c1-424b-9868-57a2d4851a1d" />
    <TestEntry testId="f6e64e80-89db-4e91-a238-1ccff55093be" executionId="269a4b7d-ae23-422e-9e63-6e4cb72d2493" testListId="8c84fa94-04c1-424b-9868-57a2d4851a1d" />
    <TestEntry testId="ad870dd0-8803-46f9-abfe-39e3bb786494" executionId="4425e1fc-f2fa-4490-a1f3-b2d760ffa2e0" testListId="8c84fa94-04c1-424b-9868-57a2d4851a1d" />
    <TestEntry testId="43bd2c8c-8449-429c-bb63-7fb2b81be105" executionId="1371e614-79ff-4db8-8370-31f067e0fc0e" testListId="8c84fa94-04c1-424b-9868-57a2d4851a1d" />
    <TestEntry testId="321d5254-5c54-4324-abb1-cdd08edeb179" executionId="287d9912-cf3e-4d6e-9006-4a1429f9ddcd" testListId="8c84fa94-04c1-424b-9868-57a2d4851a1d" />
    <TestEntry testId="10461cbf-15f9-487b-9f02-6285a8f53ee4" executionId="e0e1f8c8-fe2d-46fc-8497-2204b01e68ff" testListId="8c84fa94-04c1-424b-9868-57a2d4851a1d" />
    <TestEntry testId="d5739df1-0aa7-4f2f-9341-feff7e5c48d0" executionId="b79d82e1-dfdb-4d26-a014-8fdcf13cddcb" testListId="8c84fa94-04c1-424b-9868-57a2d4851a1d" />
    <TestEntry testId="8850251c-d4f0-43fa-aaf4-e78e6ff0d44a" executionId="81d2ec7f-0d87-49f9-9743-2a0897f3b49d" testListId="8c84fa94-04c1-424b-9868-57a2d4851a1d" />
    <TestEntry testId="6a7a79a7-f20d-4d00-a27b-6d8c0ce56cad" executionId="e9009cae-ce51-4f31-a465-84ee5150cee1" testListId="8c84fa94-04c1-424b-9868-57a2d4851a1d" />
    <TestEntry testId="5a7a1bbb-5ef5-4763-9f1c-87dd2226aa5f" executionId="d1410f71-4530-40eb-be9d-5465d432f070" testListId="8c84fa94-04c1-424b-9868-57a2d4851a1d" />
    <TestEntry testId="b02c4e3a-5496-411c-bccd-535b0a5ffaa8" executionId="6eafc6c3-338a-49ac-97f4-7cd3d90ebcf3" testListId="8c84fa94-04c1-424b-9868-57a2d4851a1d" />
    <TestEntry testId="b8a42bf8-ef6f-46ed-9e60-0d332b61bd74" executionId="fa49dec9-30ca-48c1-8c63-fa574ff26d3e" testListId="8c84fa94-04c1-424b-9868-57a2d4851a1d" />
    <TestEntry testId="31ba410d-0e64-4b3e-8140-1c4557f64337" executionId="3a952676-def7-45f9-85d4-6b850aa3debb" testListId="8c84fa94-04c1-424b-9868-57a2d4851a1d" />
    <TestEntry testId="e4a7e0bc-41ae-4721-92ba-38f01129b3bd" executionId="81c08a09-205a-4366-93f6-74aa9db43df1" testListId="8c84fa94-04c1-424b-9868-57a2d4851a1d" />
    <TestEntry testId="1759b526-390e-4614-a231-90fd0cc315ef" executionId="00f276bd-4f46-460c-9abf-ce004c69fb51" testListId="8c84fa94-04c1-424b-9868-57a2d4851a1d" />
    <TestEntry testId="cbbe7136-6226-406e-b6fa-4187cd6cf8e1" executionId="85c698b1-346a-410c-b1fe-54e6ce1061f3" testListId="8c84fa94-04c1-424b-9868-57a2d4851a1d" />
    <TestEntry testId="a3f8eed1-8f56-4557-8b06-a4d7f6d00dbb" executionId="e1d45a1a-3990-4df0-9c9d-ec33e42840ca" testListId="8c84fa94-04c1-424b-9868-57a2d4851a1d" />
    <TestEntry testId="b804a69e-cd2e-4a27-8a9b-0c133cd5ef3b" executionId="cbca9d10-f329-4fb4-b3c3-25f090ad7d52" testListId="8c84fa94-04c1-424b-9868-57a2d4851a1d" />
    <TestEntry testId="420b7db2-d196-4f06-8a53-1b6ad0f2342f" executionId="e8a9572b-863a-4eae-a5c6-6dd04f040991" testListId="8c84fa94-04c1-424b-9868-57a2d4851a1d" />
    <TestEntry testId="3dcdfce5-4f67-4139-97b6-6092108415de" executionId="ebd01d90-5183-4c31-a3bd-4560921abd24" testListId="8c84fa94-04c1-424b-9868-57a2d4851a1d" />
    <TestEntry testId="a0f1f7bf-c3de-407c-a66e-91e67f86479f" executionId="caaddd18-ac03-4678-80cc-9c4fc4393925" testListId="8c84fa94-04c1-424b-9868-57a2d4851a1d" />
    <TestEntry testId="d36ad71d-d671-4671-89b6-c116a55ddfab" executionId="3e554517-46df-4869-8b07-4a8515fa45fd" testListId="8c84fa94-04c1-424b-9868-57a2d4851a1d" />
    <TestEntry testId="3920d0e5-6675-41da-8c11-3d5dd3ed7756" executionId="c6d5c29c-dfdd-42c8-90de-0bf1753a7ed8" testListId="8c84fa94-04c1-424b-9868-57a2d4851a1d" />
    <TestEntry testId="7a9c191b-e3ed-42c1-9839-e9536f89aa17" executionId="73d079c4-9c46-4240-bad4-abff1c283fe4" testListId="8c84fa94-04c1-424b-9868-57a2d4851a1d" />
    <TestEntry testId="160b0cb6-e32d-4df3-bdb5-e5ee5b03406b" executionId="d2667b7c-a422-418d-bb53-6dbde58de9ac" testListId="8c84fa94-04c1-424b-9868-57a2d4851a1d" />
    <TestEntry testId="b9cb3948-70d0-4696-8bfd-d237a1319fda" executionId="624a1a9c-3dc2-4a20-8ec5-b2f208e08ebb" testListId="8c84fa94-04c1-424b-9868-57a2d4851a1d" />
    <TestEntry testId="ce149e6b-664b-4ac8-810a-164a26addbc6" executionId="fe904002-506b-42e6-a877-dc5924d35521" testListId="8c84fa94-04c1-424b-9868-57a2d4851a1d" />
    <TestEntry testId="ac11f2b4-bba2-467b-b693-92edc4c61e52" executionId="c95848f0-a4f2-4b83-ac3e-91c2958079af" testListId="8c84fa94-04c1-424b-9868-57a2d4851a1d" />
    <TestEntry testId="c9dc4545-52ca-423d-8b98-f1217fb6dede" executionId="26d6fdd9-7bd9-40d4-b0e9-4b8d14ebba4f" testListId="8c84fa94-04c1-424b-9868-57a2d4851a1d" />
    <TestEntry testId="271dbf66-6fe6-412a-95af-fbf9868158d3" executionId="35491afa-f370-496b-96d7-57a1288d099e" testListId="8c84fa94-04c1-424b-9868-57a2d4851a1d" />
    <TestEntry testId="278bf157-c837-47bd-8566-98cd70bde64b" executionId="2ab6a8b6-f9b0-4d37-857e-fa2b5b356c8a" testListId="8c84fa94-04c1-424b-9868-57a2d4851a1d" />
    <TestEntry testId="46247deb-25c8-4496-a729-99c731692b99" executionId="eb05ac49-6b56-40a3-b574-74044125dc62" testListId="8c84fa94-04c1-424b-9868-57a2d4851a1d" />
    <TestEntry testId="c70eea12-62cd-426d-8e54-b790a3fa8240" executionId="553949f6-e190-4b78-ba3e-189c96ee76e7" testListId="8c84fa94-04c1-424b-9868-57a2d4851a1d" />
    <TestEntry testId="49f22bb8-2d10-4853-9ade-dbe19c191c9d" executionId="c7a30193-3c00-4ee8-9e78-ca76712be4e4" testListId="8c84fa94-04c1-424b-9868-57a2d4851a1d" />
    <TestEntry testId="aa3ce328-c01c-437d-9386-c31ab59d24e0" executionId="7a41f9e4-47e0-4a0a-9e77-81033cb72dd3" testListId="8c84fa94-04c1-424b-9868-57a2d4851a1d" />
    <TestEntry testId="234176f4-ece9-424b-a996-174debe69a75" executionId="21b30f30-2117-4ed9-abf9-f2afb908cabc" testListId="8c84fa94-04c1-424b-9868-57a2d4851a1d" />
    <TestEntry testId="95cc2588-8468-44a8-a8c3-df54da706a42" executionId="a1907031-9a47-46b9-874b-b43a5dbc8ee5" testListId="8c84fa94-04c1-424b-9868-57a2d4851a1d" />
    <TestEntry testId="23573f93-00e9-47e7-a718-7d521007df89" executionId="b31ab41b-d4ea-4e3f-b9fa-4f3079c104fc" testListId="8c84fa94-04c1-424b-9868-57a2d4851a1d" />
    <TestEntry testId="df9766c0-7163-4de7-828c-24125ff42b51" executionId="9a1fdbc5-769e-4187-a012-3462c456af56" testListId="8c84fa94-04c1-424b-9868-57a2d4851a1d" />
    <TestEntry testId="ea3e6412-145f-4a1e-800e-b307e1634ef6" executionId="09aa8679-b59c-4420-a169-f50cda46a995" testListId="8c84fa94-04c1-424b-9868-57a2d4851a1d" />
    <TestEntry testId="895aede6-d804-44bd-b442-0f7f944a966d" executionId="cc750dd4-1bdf-4acd-a1c7-e3b89a4447a6" testListId="8c84fa94-04c1-424b-9868-57a2d4851a1d" />
    <TestEntry testId="5653de97-5c33-4aca-9c3c-3a801fcf9a19" executionId="7361703a-2e91-4c2e-a704-b838d0d31bd9" testListId="8c84fa94-04c1-424b-9868-57a2d4851a1d" />
    <TestEntry testId="022538db-7b65-43ed-bb26-0b70874b8954" executionId="b519408f-f1a9-42b3-a57c-eae18459c7c5" testListId="8c84fa94-04c1-424b-9868-57a2d4851a1d" />
    <TestEntry testId="62fd3d48-bfa6-4c69-a3c1-51131817555d" executionId="50bf39a2-d2ec-403e-aeea-c2b024a4fe59" testListId="8c84fa94-04c1-424b-9868-57a2d4851a1d" />
    <TestEntry testId="3cc1b3ec-1624-4b80-adfc-5deef07caf3c" executionId="f435f8f6-b5b5-4d54-985c-db5d91d48a2a" testListId="8c84fa94-04c1-424b-9868-57a2d4851a1d" />
    <TestEntry testId="5baa5802-821a-4680-920d-ddfaf2e0842b" executionId="165e6885-4fdb-4adb-92a5-127ed915dea6" testListId="8c84fa94-04c1-424b-9868-57a2d4851a1d" />
    <TestEntry testId="28120b9c-c38a-49d3-a119-662ea29bb220" executionId="a2bb88f6-7faa-4bc7-a932-fccac130a84a" testListId="8c84fa94-04c1-424b-9868-57a2d4851a1d" />
    <TestEntry testId="469af872-196d-4715-89c0-9fef6b873f50" executionId="dddabed8-c785-4cbc-8afb-aeec2145908f" testListId="8c84fa94-04c1-424b-9868-57a2d4851a1d" />
    <TestEntry testId="d6e55150-719e-423f-83a7-aad78d772bb9" executionId="9ce8cf2e-af2a-4f64-823e-a88a9061c529" testListId="8c84fa94-04c1-424b-9868-57a2d4851a1d" />
    <TestEntry testId="0778eba0-da5d-4075-86d1-e2a705efb49d" executionId="05114c3f-bebb-4a02-8fdf-e701bf6afb32" testListId="8c84fa94-04c1-424b-9868-57a2d4851a1d" />
    <TestEntry testId="25ce833e-ffcf-4e43-b866-fed679f56fd2" executionId="5177564a-e47e-4ee5-9b0d-3857ce8377fe" testListId="8c84fa94-04c1-424b-9868-57a2d4851a1d" />
    <TestEntry testId="23457216-70a5-4a75-99e2-45e684b4bd5e" executionId="ff369d54-91d3-4a96-957c-da59fe4bdc76" testListId="8c84fa94-04c1-424b-9868-57a2d4851a1d" />
    <TestEntry testId="775f1e48-429d-4b32-a579-70ac5284317c" executionId="7363de66-3ceb-4f3c-b71d-9ffbde7c9781" testListId="8c84fa94-04c1-424b-9868-57a2d4851a1d" />
    <TestEntry testId="fc5c38e7-d1e8-409e-9933-888ad6ec4685" executionId="3f4aef6e-a8a6-4aa1-8c87-5fd493059a80" testListId="8c84fa94-04c1-424b-9868-57a2d4851a1d" />
    <TestEntry testId="6c894523-a82a-45ba-b7b7-3abfb9bc2802" executionId="10f2c632-fc4f-4e72-9b70-4999808dcd43" testListId="8c84fa94-04c1-424b-9868-57a2d4851a1d" />
    <TestEntry testId="ca27bbe6-ad96-47cf-a086-f3529f6088f6" executionId="041ca9a7-1a74-4c21-863f-1d1b2d7b77db" testListId="8c84fa94-04c1-424b-9868-57a2d4851a1d" />
    <TestEntry testId="111d58ee-cafe-43cd-a825-daf21e51d042" executionId="80dca431-b944-4174-b9c6-cb7dbd813841" testListId="8c84fa94-04c1-424b-9868-57a2d4851a1d" />
    <TestEntry testId="a88213df-f782-45c1-896d-578a2ffdc377" executionId="88f49f2a-25f0-47c4-a0c9-e03a95cf21d1" testListId="8c84fa94-04c1-424b-9868-57a2d4851a1d" />
    <TestEntry testId="b1d51f38-30b9-47dc-99cc-32f6f53ebe03" executionId="43a55630-e5f4-4e62-a79a-06d7ec55c087" testListId="8c84fa94-04c1-424b-9868-57a2d4851a1d" />
    <TestEntry testId="c9269f46-77c5-4c9c-a9da-c6fd5c2af35f" executionId="f063fe52-a5a2-469e-a3a8-63fda343a8c7" testListId="8c84fa94-04c1-424b-9868-57a2d4851a1d" />
    <TestEntry testId="989b76a3-a242-4361-9d30-2bdbb6aaaae0" executionId="f065dfa1-c66d-43cd-96fe-9a2bdbc27a40" testListId="8c84fa94-04c1-424b-9868-57a2d4851a1d" />
    <TestEntry testId="0c482013-32fb-4502-b8bf-8ea197dc134a" executionId="8e824e11-b304-4253-8f1b-475f4c47ce88" testListId="8c84fa94-04c1-424b-9868-57a2d4851a1d" />
    <TestEntry testId="72362d50-4e42-4ae4-bc24-272a6c574814" executionId="afc3cae8-874f-4da7-bb18-04e1217341ec" testListId="8c84fa94-04c1-424b-9868-57a2d4851a1d" />
    <TestEntry testId="4c768e2a-008b-45c4-b910-aa15b8751322" executionId="ea860e43-ccc6-4b21-b0ad-bac4f584280e" testListId="8c84fa94-04c1-424b-9868-57a2d4851a1d" />
    <TestEntry testId="5df3e1da-bfaa-4073-a1bc-bf57d14e649d" executionId="6007b21b-f9a4-4211-9941-7f15d0446e8d" testListId="8c84fa94-04c1-424b-9868-57a2d4851a1d" />
    <TestEntry testId="72a0ad43-e482-465b-8569-ae51351aca1b" executionId="79f2d785-b490-499e-a190-d348a9992d0a" testListId="8c84fa94-04c1-424b-9868-57a2d4851a1d" />
    <TestEntry testId="51c8b827-ac11-4801-958f-a49a15f2bade" executionId="c844e3b1-7a01-418c-8442-a1224a6f4328" testListId="8c84fa94-04c1-424b-9868-57a2d4851a1d" />
    <TestEntry testId="24eb1dde-c6a0-41c1-8f88-883fa262967e" executionId="bd73728a-af86-4e71-b729-5b409a1d46fd" testListId="8c84fa94-04c1-424b-9868-57a2d4851a1d" />
    <TestEntry testId="644d314c-2c4e-4570-b760-07c9bd4360c3" executionId="459f594e-4c81-48bb-8a85-08e84cfa7a8c" testListId="8c84fa94-04c1-424b-9868-57a2d4851a1d" />
    <TestEntry testId="19ce21e5-d7c0-4139-be2a-f9a72f0b40c8" executionId="d92d2dc5-3893-49c4-911e-4bb80123cdec" testListId="8c84fa94-04c1-424b-9868-57a2d4851a1d" />
    <TestEntry testId="e28dce12-183b-4dcc-98c1-2d1ed803ce3a" executionId="4a994030-2480-43b2-8902-0ce7fe7c621c" testListId="8c84fa94-04c1-424b-9868-57a2d4851a1d" />
    <TestEntry testId="e3915447-7b91-48e5-b768-f00838bc8624" executionId="6af5f66e-853f-48a9-bff7-c9af5ebb2256" testListId="8c84fa94-04c1-424b-9868-57a2d4851a1d" />
    <TestEntry testId="c2ae4063-3836-4757-bcf2-8d1226d0b6f0" executionId="e8c75c55-4ba7-4779-8c4a-dd04a3c11d58" testListId="8c84fa94-04c1-424b-9868-57a2d4851a1d" />
    <TestEntry testId="1ededd31-c17c-4d3b-b37f-8531926ba5eb" executionId="b26423a6-9f7a-4a6c-b733-85234606c6b2" testListId="8c84fa94-04c1-424b-9868-57a2d4851a1d" />
    <TestEntry testId="fe0a29db-a37c-4485-9795-ab5ad37f8499" executionId="77665191-ae9c-42ce-9245-e830ff25d3ba" testListId="8c84fa94-04c1-424b-9868-57a2d4851a1d" />
    <TestEntry testId="02ccdb27-4184-4957-8e7d-4edf628c9703" executionId="ad354b99-1924-4a56-add3-70993ffb4d7a" testListId="8c84fa94-04c1-424b-9868-57a2d4851a1d" />
    <TestEntry testId="7e40f963-9ac6-4736-8ed1-6184b54cc38f" executionId="c4ebe74d-ef6a-4e94-a138-5166a79d14e8" testListId="8c84fa94-04c1-424b-9868-57a2d4851a1d" />
    <TestEntry testId="0f13c87b-ef8f-46ea-ac23-49184a55b4c6" executionId="0e898afe-2b88-4b81-ac92-dc1c428390d0" testListId="8c84fa94-04c1-424b-9868-57a2d4851a1d" />
    <TestEntry testId="ebd7f737-6fbd-4671-b579-07511e78f44c" executionId="2e7f745d-bd50-4969-893e-a5e57619c552" testListId="8c84fa94-04c1-424b-9868-57a2d4851a1d" />
  </TestEntries>
  <TestLists>
    <TestList name="Results Not in a List" id="8c84fa94-04c1-424b-9868-57a2d4851a1d" />
    <TestList name="All Loaded Results" id="19431567-8539-422a-85d7-44ee4e166bda" />
  </TestLists>
  <ResultSummary outcome="Completed">
    <Counters total="262" executed="262" passed="262" failed="0" error="0" timeout="0" aborted="0" inconclusive="0" passedButRunAborted="0" notRunnable="0" notExecuted="0" disconnected="0" warning="0" completed="0" inProgress="0" pending="0" />
    <Output>
      <StdOut>Log Message: at render (file:///D:/v2.0/A1/_work/dbded102/layout/L1/tfsjstestsclean/vssjstests/Widgets/Scripts/BaseScalarWidget.js:54:26)
	at file:///D:/v2.0/A1/_work/dbded102/layout/L1/tfsjstestsclean/vssjstests/Widgets/Scripts/QueryScalar.js:137:32
	at _fulfilled (file:///D:/v2.0/A1/_work/dbded102/layout/L1/tfsjstestsclean/vssjstests/q.js:787:63)
	at file:///D:/v2.0/A1/_work/dbded102/layout/L1/tfsjstestsclean/vssjstests/q.js:816:40
	at promiseDispatch (file:///D:/v2.0/A1/_work/dbded102/layout/L1/tfsjstestsclean/vssjstests/q.js:749:20)
	at file:///D:/v2.0/A1/_work/dbded102/layout/L1/tfsjstestsclean/vssjstests/q.js:810:29
	at flush (file:///D:/v2.0/A1/_work/dbded102/layout/L1/tfsjstestsclean/vssjstests/q.js:108:21) from d:\v2.0\a1\_work\dbded102\vso\tfs\service\webaccess\widgets\testscripts\tests\TFSTests.Widget.Utils.Sprint.ts
Log Message: at file:///D:/v2.0/A1/_work/dbded102/layout/L1/tfsjstestsclean/vssjstests/widgets/testscripts/tests/TFSTests.QueryScalar.js:83:79
	at _fulfilled (file:///D:/v2.0/A1/_work/dbded102/layout/L1/tfsjstestsclean/vssjstests/q.js:787:63)
	at file:///D:/v2.0/A1/_work/dbded102/layout/L1/tfsjstestsclean/vssjstests/q.js:816:40
	at promiseDispatch (file:///D:/v2.0/A1/_work/dbded102/layout/L1/tfsjstestsclean/vssjstests/q.js:749:20)
	at file:///D:/v2.0/A1/_work/dbded102/layout/L1/tfsjstestsclean/vssjstests/q.js:509:54
	at flush (file:///D:/v2.0/A1/_work/dbded102/layout/L1/tfsjstestsclean/vssjstests/q.js:108:21) from d:\v2.0\a1\_work\dbded102\vso\tfs\service\webaccess\widgets\testscripts\tests\TFSTests.Widget.Utils.Sprint.ts
Log Message: at render (file:///D:/v2.0/A1/_work/dbded102/layout/L1/tfsjstestsclean/vssjstests/Widgets/Scripts/BaseScalarWidget.js:54:26)
	at file:///D:/v2.0/A1/_work/dbded102/layout/L1/tfsjstestsclean/vssjstests/Widgets/Scripts/QueryScalar.js:137:32
	at _fulfilled (file:///D:/v2.0/A1/_work/dbded102/layout/L1/tfsjstestsclean/vssjstests/q.js:787:63)
	at file:///D:/v2.0/A1/_work/dbded102/layout/L1/tfsjstestsclean/vssjstests/q.js:816:40
	at promiseDispatch (file:///D:/v2.0/A1/_work/dbded102/layout/L1/tfsjstestsclean/vssjstests/q.js:749:20)
	at file:///D:/v2.0/A1/_work/dbded102/layout/L1/tfsjstestsclean/vssjstests/q.js:810:29
	at flush (file:///D:/v2.0/A1/_work/dbded102/layout/L1/tfsjstestsclean/vssjstests/q.js:108:21) from d:\v2.0\a1\_work\dbded102\vso\tfs\service\webaccess\widgets\testscripts\tests\TFSTests.Widget.Utils.Sprint.ts
Log Message: at file:///D:/v2.0/A1/_work/dbded102/layout/L1/tfsjstestsclean/vssjstests/widgets/testscripts/tests/TFSTests.QueryScalar.js:107:79
	at _fulfilled (file:///D:/v2.0/A1/_work/dbded102/layout/L1/tfsjstestsclean/vssjstests/q.js:787:63)
	at file:///D:/v2.0/A1/_work/dbded102/layout/L1/tfsjstestsclean/vssjstests/q.js:816:40
	at promiseDispatch (file:///D:/v2.0/A1/_work/dbded102/layout/L1/tfsjstestsclean/vssjstests/q.js:749:20)
	at file:///D:/v2.0/A1/_work/dbded102/layout/L1/tfsjstestsclean/vssjstests/q.js:509:54
	at flush (file:///D:/v2.0/A1/_work/dbded102/layout/L1/tfsjstestsclean/vssjstests/q.js:108:21) from d:\v2.0\a1\_work\dbded102\vso\tfs\service\webaccess\widgets\testscripts\tests\TFSTests.Widget.Utils.Sprint.ts
Log Message: at render (file:///D:/v2.0/A1/_work/dbded102/layout/L1/tfsjstestsclean/vssjstests/Widgets/Scripts/BaseScalarWidget.js:54:26)
	at file:///D:/v2.0/A1/_work/dbded102/layout/L1/tfsjstestsclean/vssjstests/Widgets/Scripts/QueryScalar.js:137:32
	at _fulfilled (file:///D:/v2.0/A1/_work/dbded102/layout/L1/tfsjstestsclean/vssjstests/q.js:787:63)
	at file:///D:/v2.0/A1/_work/dbded102/layout/L1/tfsjstestsclean/vssjstests/q.js:816:40
	at promiseDispatch (file:///D:/v2.0/A1/_work/dbded102/layout/L1/tfsjstestsclean/vssjstests/q.js:749:20)
	at file:///D:/v2.0/A1/_work/dbded102/layout/L1/tfsjstestsclean/vssjstests/q.js:810:29
	at flush (file:///D:/v2.0/A1/_work/dbded102/layout/L1/tfsjstestsclean/vssjstests/q.js:108:21) from d:\v2.0\a1\_work\dbded102\vso\tfs\service\webaccess\widgets\testscripts\tests\TFSTests.Widget.Utils.Sprint.ts
Log Message: at file:///D:/v2.0/A1/_work/dbded102/layout/L1/tfsjstestsclean/vssjstests/widgets/testscripts/tests/TFSTests.QueryScalar.js:128:71
	at _fulfilled (file:///D:/v2.0/A1/_work/dbded102/layout/L1/tfsjstestsclean/vssjstests/q.js:787:63)
	at file:///D:/v2.0/A1/_work/dbded102/layout/L1/tfsjstestsclean/vssjstests/q.js:816:40
	at promiseDispatch (file:///D:/v2.0/A1/_work/dbded102/layout/L1/tfsjstestsclean/vssjstests/q.js:749:20)
	at file:///D:/v2.0/A1/_work/dbded102/layout/L1/tfsjstestsclean/vssjstests/q.js:509:54
	at flush (file:///D:/v2.0/A1/_work/dbded102/layout/L1/tfsjstestsclean/vssjstests/q.js:108:21) from d:\v2.0\a1\_work\dbded102\vso\tfs\service\webaccess\widgets\testscripts\tests\TFSTests.Widget.Utils.Sprint.ts
Log Message: at render (file:///D:/v2.0/A1/_work/dbded102/layout/L1/tfsjstestsclean/vssjstests/Widgets/Scripts/BaseScalarWidget.js:54:26)
	at file:///D:/v2.0/A1/_work/dbded102/layout/L1/tfsjstestsclean/vssjstests/Widgets/Scripts/QueryScalar.js:137:32
	at _fulfilled (file:///D:/v2.0/A1/_work/dbded102/layout/L1/tfsjstestsclean/vssjstests/q.js:787:63)
	at file:///D:/v2.0/A1/_work/dbded102/layout/L1/tfsjstestsclean/vssjstests/q.js:816:40
	at promiseDispatch (file:///D:/v2.0/A1/_work/dbded102/layout/L1/tfsjstestsclean/vssjstests/q.js:749:20)
	at file:///D:/v2.0/A1/_work/dbded102/layout/L1/tfsjstestsclean/vssjstests/q.js:810:29
	at flush (file:///D:/v2.0/A1/_work/dbded102/layout/L1/tfsjstestsclean/vssjstests/q.js:108:21) from d:\v2.0\a1\_work\dbded102\vso\tfs\service\webaccess\widgets\testscripts\tests\TFSTests.Widget.Utils.Sprint.ts
Log Message: at file:///D:/v2.0/A1/_work/dbded102/layout/L1/tfsjstestsclean/vssjstests/Widgets/TestScripts/Tests/TFSTests.QueryScalar.js:83:79
	at _fulfilled (file:///D:/v2.0/A1/_work/dbded102/layout/L1/tfsjstestsclean/vssjstests/q.js:787:63)
	at file:///D:/v2.0/A1/_work/dbded102/layout/L1/tfsjstestsclean/vssjstests/q.js:816:40
	at promiseDispatch (file:///D:/v2.0/A1/_work/dbded102/layout/L1/tfsjstestsclean/vssjstests/q.js:749:20)
	at file:///D:/v2.0/A1/_work/dbded102/layout/L1/tfsjstestsclean/vssjstests/q.js:509:54
	at flush (file:///D:/v2.0/A1/_work/dbded102/layout/L1/tfsjstestsclean/vssjstests/q.js:108:21) from d:\v2.0\a1\_work\dbded102\vso\tfs\service\webaccess\widgets\testscripts\tests\TFSTests.Widget.Utils.Sprint.ts
Log Message: at render (file:///D:/v2.0/A1/_work/dbded102/layout/L1/tfsjstestsclean/vssjstests/Widgets/Scripts/BaseScalarWidget.js:54:26)
	at file:///D:/v2.0/A1/_work/dbded102/layout/L1/tfsjstestsclean/vssjstests/Widgets/Scripts/QueryScalar.js:137:32
	at _fulfilled (file:///D:/v2.0/A1/_work/dbded102/layout/L1/tfsjstestsclean/vssjstests/q.js:787:63)
	at file:///D:/v2.0/A1/_work/dbded102/layout/L1/tfsjstestsclean/vssjstests/q.js:816:40
	at promiseDispatch (file:///D:/v2.0/A1/_work/dbded102/layout/L1/tfsjstestsclean/vssjstests/q.js:749:20)
	at file:///D:/v2.0/A1/_work/dbded102/layout/L1/tfsjstestsclean/vssjstests/q.js:810:29
	at flush (file:///D:/v2.0/A1/_work/dbded102/layout/L1/tfsjstestsclean/vssjstests/q.js:108:21) from d:\v2.0\a1\_work\dbded102\vso\tfs\service\webaccess\widgets\testscripts\tests\TFSTests.Widget.Utils.Sprint.ts
Log Message: at file:///D:/v2.0/A1/_work/dbded102/layout/L1/tfsjstestsclean/vssjstests/Widgets/TestScripts/Tests/TFSTests.QueryScalar.js:107:79
	at _fulfilled (file:///D:/v2.0/A1/_work/dbded102/layout/L1/tfsjstestsclean/vssjstests/q.js:787:63)
	at file:///D:/v2.0/A1/_work/dbded102/layout/L1/tfsjstestsclean/vssjstests/q.js:816:40
	at promiseDispatch (file:///D:/v2.0/A1/_work/dbded102/layout/L1/tfsjstestsclean/vssjstests/q.js:749:20)
	at file:///D:/v2.0/A1/_work/dbded102/layout/L1/tfsjstestsclean/vssjstests/q.js:509:54
	at flush (file:///D:/v2.0/A1/_work/dbded102/layout/L1/tfsjstestsclean/vssjstests/q.js:108:21) from d:\v2.0\a1\_work\dbded102\vso\tfs\service\webaccess\widgets\testscripts\tests\TFSTests.Widget.Utils.Sprint.ts
Log Message: at render (file:///D:/v2.0/A1/_work/dbded102/layout/L1/tfsjstestsclean/vssjstests/Widgets/Scripts/BaseScalarWidget.js:54:26)
	at file:///D:/v2.0/A1/_work/dbded102/layout/L1/tfsjstestsclean/vssjstests/Widgets/Scripts/QueryScalar.js:137:32
	at _fulfilled (file:///D:/v2.0/A1/_work/dbded102/layout/L1/tfsjstestsclean/vssjstests/q.js:787:63)
	at file:///D:/v2.0/A1/_work/dbded102/layout/L1/tfsjstestsclean/vssjstests/q.js:816:40
	at promiseDispatch (file:///D:/v2.0/A1/_work/dbded102/layout/L1/tfsjstestsclean/vssjstests/q.js:749:20)
	at file:///D:/v2.0/A1/_work/dbded102/layout/L1/tfsjstestsclean/vssjstests/q.js:810:29
	at flush (file:///D:/v2.0/A1/_work/dbded102/layout/L1/tfsjstestsclean/vssjstests/q.js:108:21) from d:\v2.0\a1\_work\dbded102\vso\tfs\service\webaccess\widgets\testscripts\tests\TFSTests.Widget.Utils.Sprint.ts
Log Message: at file:///D:/v2.0/A1/_work/dbded102/layout/L1/tfsjstestsclean/vssjstests/Widgets/TestScripts/Tests/TFSTests.QueryScalar.js:128:71
	at _fulfilled (file:///D:/v2.0/A1/_work/dbded102/layout/L1/tfsjstestsclean/vssjstests/q.js:787:63)
	at file:///D:/v2.0/A1/_work/dbded102/layout/L1/tfsjstestsclean/vssjstests/q.js:816:40
	at promiseDispatch (file:///D:/v2.0/A1/_work/dbded102/layout/L1/tfsjstestsclean/vssjstests/q.js:749:20)
	at file:///D:/v2.0/A1/_work/dbded102/layout/L1/tfsjstestsclean/vssjstests/q.js:509:54
	at flush (file:///D:/v2.0/A1/_work/dbded102/layout/L1/tfsjstestsclean/vssjstests/q.js:108:21) from d:\v2.0\a1\_work\dbded102\vso\tfs\service\webaccess\widgets\testscripts\tests\TFSTests.Widget.Utils.Sprint.ts
Log Message: at _render (file:///D:/v2.0/A1/_work/dbded102/layout/L1/tfsjstestsclean/vssjstests/Widgets/Scripts/Markdown.js:24:49)
	at file:///D:/v2.0/A1/_work/dbded102/layout/L1/tfsjstestsclean/vssjstests/Widgets/Scripts/Markdown.js:72:30
	at _fulfilled (file:///D:/v2.0/A1/_work/dbded102/layout/L1/tfsjstestsclean/vssjstests/q.js:787:63)
	at file:///D:/v2.0/A1/_work/dbded102/layout/L1/tfsjstestsclean/vssjstests/q.js:816:40
	at promiseDispatch (file:///D:/v2.0/A1/_work/dbded102/layout/L1/tfsjstestsclean/vssjstests/q.js:749:20)
	at file:///D:/v2.0/A1/_work/dbded102/layout/L1/tfsjstestsclean/vssjstests/q.js:509:54
	at flush (file:///D:/v2.0/A1/_work/dbded102/layout/L1/tfsjstestsclean/vssjstests/q.js:108:21) from d:\v2.0\a1\_work\dbded102\vso\tfs\service\webaccess\widgets\testscripts\tests\TFSTests.Widget.Utils.Sprint.ts
Log Message: at _render (file:///D:/v2.0/A1/_work/dbded102/layout/L1/tfsjstestsclean/vssjstests/Widgets/Scripts/Markdown.js:24:49)
	at file:///D:/v2.0/A1/_work/dbded102/layout/L1/tfsjstestsclean/vssjstests/Widgets/Scripts/Markdown.js:72:30
	at _fulfilled (file:///D:/v2.0/A1/_work/dbded102/layout/L1/tfsjstestsclean/vssjstests/q.js:787:63)
	at file:///D:/v2.0/A1/_work/dbded102/layout/L1/tfsjstestsclean/vssjstests/q.js:816:40
	at promiseDispatch (file:///D:/v2.0/A1/_work/dbded102/layout/L1/tfsjstestsclean/vssjstests/q.js:749:20)
	at file:///D:/v2.0/A1/_work/dbded102/layout/L1/tfsjstestsclean/vssjstests/q.js:509:54
	at flush (file:///D:/v2.0/A1/_work/dbded102/layout/L1/tfsjstestsclean/vssjstests/q.js:108:21) from d:\v2.0\a1\_work\dbded102\vso\tfs\service\webaccess\widgets\testscripts\tests\TFSTests.Widget.Utils.Sprint.ts
Log Message: at _render (file:///D:/v2.0/A1/_work/dbded102/layout/L1/tfsjstestsclean/vssjstests/Widgets/Scripts/Markdown.js:24:49)
	at file:///D:/v2.0/A1/_work/dbded102/layout/L1/tfsjstestsclean/vssjstests/Widgets/Scripts/Markdown.js:72:30
	at _fulfilled (file:///D:/v2.0/A1/_work/dbded102/layout/L1/tfsjstestsclean/vssjstests/q.js:787:63)
	at file:///D:/v2.0/A1/_work/dbded102/layout/L1/tfsjstestsclean/vssjstests/q.js:816:40
	at promiseDispatch (file:///D:/v2.0/A1/_work/dbded102/layout/L1/tfsjstestsclean/vssjstests/q.js:749:20)
	at file:///D:/v2.0/A1/_work/dbded102/layout/L1/tfsjstestsclean/vssjstests/q.js:509:54
	at flush (file:///D:/v2.0/A1/_work/dbded102/layout/L1/tfsjstestsclean/vssjstests/q.js:108:21) from d:\v2.0\a1\_work\dbded102\vso\tfs\service\webaccess\widgets\testscripts\tests\TFSTests.Widget.Utils.Sprint.ts
Log Message: at _render (file:///D:/v2.0/A1/_work/dbded102/layout/L1/tfsjstestsclean/vssjstests/Widgets/Scripts/Markdown.js:24:49)
	at file:///D:/v2.0/A1/_work/dbded102/layout/L1/tfsjstestsclean/vssjstests/Widgets/Scripts/Markdown.js:72:30
	at _fulfilled (file:///D:/v2.0/A1/_work/dbded102/layout/L1/tfsjstestsclean/vssjstests/q.js:787:63)
	at file:///D:/v2.0/A1/_work/dbded102/layout/L1/tfsjstestsclean/vssjstests/q.js:816:40
	at promiseDispatch (file:///D:/v2.0/A1/_work/dbded102/layout/L1/tfsjstestsclean/vssjstests/q.js:749:20)
	at file:///D:/v2.0/A1/_work/dbded102/layout/L1/tfsjstestsclean/vssjstests/q.js:509:54
	at flush (file:///D:/v2.0/A1/_work/dbded102/layout/L1/tfsjstestsclean/vssjstests/q.js:108:21) from d:\v2.0\a1\_work\dbded102\vso\tfs\service\webaccess\widgets\testscripts\tests\TFSTests.Widget.Utils.Sprint.ts
Log Message: at _render (file:///D:/v2.0/A1/_work/dbded102/layout/L1/tfsjstestsclean/vssjstests/Widgets/Scripts/Markdown.js:24:49)
	at file:///D:/v2.0/A1/_work/dbded102/layout/L1/tfsjstestsclean/vssjstests/Widgets/Scripts/Markdown.js:72:30
	at _fulfilled (file:///D:/v2.0/A1/_work/dbded102/layout/L1/tfsjstestsclean/vssjstests/q.js:787:63)
	at file:///D:/v2.0/A1/_work/dbded102/layout/L1/tfsjstestsclean/vssjstests/q.js:816:40
	at promiseDispatch (file:///D:/v2.0/A1/_work/dbded102/layout/L1/tfsjstestsclean/vssjstests/q.js:749:20)
	at file:///D:/v2.0/A1/_work/dbded102/layout/L1/tfsjstestsclean/vssjstests/q.js:509:54
	at flush (file:///D:/v2.0/A1/_work/dbded102/layout/L1/tfsjstestsclean/vssjstests/q.js:108:21) from d:\v2.0\a1\_work\dbded102\vso\tfs\service\webaccess\widgets\testscripts\tests\TFSTests.Widget.Utils.Sprint.ts
</StdOut>
    </Output>
  </ResultSummary>
</TestRun>