<?xml version="1.0" encoding="UTF-8"?>
<TestRun id="47af54a6-83b0-432f-83e1-ed1c31367238" name="tfsmladm@TFSBUILD11 2015-09-28 09:43:45" runUser="REDMOND\tfsmladm" xmlns="http://microsoft.com/schemas/VisualStudio/TeamTest/2010">
  <Times creation="2015-09-28T09:43:45.1102499-07:00" queuing="2015-09-28T09:43:45.1102499-07:00" start="2015-09-28T09:43:45.1258760-07:00" finish="2015-09-28T09:43:48.3292311-07:00" />
  <TestSettings name="default" id="5f3069e9-7e0e-45be-8964-5103c8138fa7">
    <Execution>
      <TestTypeSpecific />
    </Execution>
    <Deployment runDeploymentRoot="tfsmladm_TFSBUILD11 2015-09-28 09_43_45" />
    <Properties />
  </TestSettings>
  <Results>
    <UnitTestResult executionId="b6384d18-eb28-4eee-a679-9991d4b44149" testId="3678f8b1-fec1-4fb1-c26f-08ca746f2096" testName="NewStoreNoFile" computerName="TFSBUILD11" duration="00:00:00.0397840" startTime="2015-09-28T09:43:44.7821016-07:00" endTime="2015-09-28T09:43:44.8758582-07:00" testType="13cdc9d9-ddb5-4fa4-a97d-d965ccfc6d4b" outcome="Passed" testListId="8c84fa94-04c1-424b-9868-57a2d4851a1d" relativeResultsDirectory="b6384d18-eb28-4eee-a679-9991d4b44149" />
    <UnitTestResult executionId="26fafbc8-0b80-4826-9300-7ac74ef5c96b" testId="1aa99fad-0362-a966-f777-ae508910d273" testName="WriteEmptyData" computerName="TFSBUILD11" duration="00:00:00.0260047" startTime="2015-09-28T09:43:44.8914846-07:00" endTime="2015-09-28T09:43:44.9227366-07:00" testType="13cdc9d9-ddb5-4fa4-a97d-d965ccfc6d4b" outcome="Passed" testListId="8c84fa94-04c1-424b-9868-57a2d4851a1d" relativeResultsDirectory="26fafbc8-0b80-4826-9300-7ac74ef5c96b" />
    <UnitTestResult executionId="b11aa496-ffc6-4780-bbc1-e649ddfc4211" testId="5a5bd437-8101-48ce-0b14-73d7fbcb6f14" testName="WriteGoodData" computerName="TFSBUILD11" duration="00:00:00.0255373" startTime="2015-09-28T09:43:44.9227366-07:00" endTime="2015-09-28T09:43:44.9539885-07:00" testType="13cdc9d9-ddb5-4fa4-a97d-d965ccfc6d4b" outcome="Passed" testListId="8c84fa94-04c1-424b-9868-57a2d4851a1d" relativeResultsDirectory="b11aa496-ffc6-4780-bbc1-e649ddfc4211" />
    <UnitTestResult executionId="6fc114a9-2412-4530-ba9e-b9dfb019ba92" testId="864a8ec2-83f0-ead3-5de7-5e28f509218e" testName="TestClear" computerName="TFSBUILD11" duration="00:00:00.0348907" startTime="2015-09-28T09:43:44.9539885-07:00" endTime="2015-09-28T09:43:44.9852410-07:00" testType="13cdc9d9-ddb5-4fa4-a97d-d965ccfc6d4b" outcome="Passed" testListId="8c84fa94-04c1-424b-9868-57a2d4851a1d" relativeResultsDirectory="6fc114a9-2412-4530-ba9e-b9dfb019ba92" />
    <UnitTestResult executionId="ca324133-f46e-4083-9833-196cc8374fe2" testId="ca41249c-66ec-b9d2-dc3b-fa1581d6f7ae" testName="TestHasChanged" computerName="TFSBUILD11" duration="00:00:00.0133236" startTime="2015-09-28T09:43:44.9852410-07:00" endTime="2015-09-28T09:43:45.0008668-07:00" testType="13cdc9d9-ddb5-4fa4-a97d-d965ccfc6d4b" outcome="Passed" testListId="8c84fa94-04c1-424b-9868-57a2d4851a1d" relativeResultsDirectory="ca324133-f46e-4083-9833-196cc8374fe2" />
    <UnitTestResult executionId="c8677f7e-eb90-45d8-a1a0-0b21d73c08cb" testId="3cb15300-1142-9523-b266-074793fbdd3a" testName="TestRootSuffixWithNullSuffixCacheAndRegistry" computerName="TFSBUILD11" duration="00:00:00.0160747" startTime="2015-09-28T09:43:45.0008668-07:00" endTime="2015-09-28T09:43:45.0164935-07:00" testType="13cdc9d9-ddb5-4fa4-a97d-d965ccfc6d4b" outcome="Passed" testListId="8c84fa94-04c1-424b-9868-57a2d4851a1d" relativeResultsDirectory="c8677f7e-eb90-45d8-a1a0-0b21d73c08cb" />
    <UnitTestResult executionId="bde060cc-8ec4-4fd3-9b73-a4d06ea0d269" testId="9d89d310-cd94-bb64-815a-9465683ee2fa" testName="TestRootSuffixWithGoodSuffixCacheAndRegistry" computerName="TFSBUILD11" duration="00:00:00.0176679" startTime="2015-09-28T09:43:45.0164935-07:00" endTime="2015-09-28T09:43:45.0321199-07:00" testType="13cdc9d9-ddb5-4fa4-a97d-d965ccfc6d4b" outcome="Passed" testListId="8c84fa94-04c1-424b-9868-57a2d4851a1d" relativeResultsDirectory="bde060cc-8ec4-4fd3-9b73-a4d06ea0d269" />
    <UnitTestResult executionId="5d6f1e91-fee2-4647-a382-9a8f4dcd0e2e" testId="afb19461-da96-388f-be4d-5fb7a3b59471" testName="TestAccountManagerAdalCacheInit" computerName="TFSBUILD11" duration="00:00:00.0219528" startTime="2015-09-28T09:43:45.0321199-07:00" endTime="2015-09-28T09:43:45.0477457-07:00" testType="13cdc9d9-ddb5-4fa4-a97d-d965ccfc6d4b" outcome="Passed" testListId="8c84fa94-04c1-424b-9868-57a2d4851a1d" relativeResultsDirectory="5d6f1e91-fee2-4647-a382-9a8f4dcd0e2e">
      <Output>
        <StdOut>Debug Trace:
AccountManagerAdalCache: An exception was encountered while initializing the AccountManagerAdalCache System.IO.EndOfStreamException: Unable to read beyond the end of the stream.
   at System.IO.MemoryStream.InternalReadInt32()
   at System.IO.BinaryReader.ReadInt32()
   at Microsoft.IdentityModel.Clients.ActiveDirectory.TokenCache.Deserialize(Byte[] state)
   at Microsoft.VisualStudio.Services.Client.AccountManagement.AccountManagerAdalCache..ctor(IAccountManagerAdalCacheStorage storage) in D:\v2.0\A1\_work\dbded102\VSO\Vssf\InteractiveClient\Client\Keychain\AdalCache\AccountManagerAdalCache.cs:line 66
vstest.console.exe Information: 0 : 9/28/2015 4:43:45 PM:  - TokenCache: Serializing token cache with 0 items.</StdOut>
      </Output>
    </UnitTestResult>
    <UnitTestResult executionId="a40edbf1-9a77-4d80-88a4-893a0ef2fc88" testId="23cbd15c-fcc8-1fb2-43c6-ffc1d5cdcc7a" testName="TestClone" computerName="TFSBUILD11" duration="00:00:00.0272025" startTime="2015-09-28T09:43:45.0477457-07:00" endTime="2015-09-28T09:43:45.0789980-07:00" testType="13cdc9d9-ddb5-4fa4-a97d-d965ccfc6d4b" outcome="Passed" testListId="8c84fa94-04c1-424b-9868-57a2d4851a1d" relativeResultsDirectory="a40edbf1-9a77-4d80-88a4-893a0ef2fc88" />
    <UnitTestResult executionId="152fd358-fda4-4804-acbc-a9ba4385c2f3" testId="1fc00065-d6c7-15ae-830f-cc0a6cad1a4b" testName="TestGetAddedItems" computerName="TFSBUILD11" duration="00:00:00.0192022" startTime="2015-09-28T09:43:45.0789980-07:00" endTime="2015-09-28T09:43:45.1102499-07:00" testType="13cdc9d9-ddb5-4fa4-a97d-d965ccfc6d4b" outcome="Passed" testListId="8c84fa94-04c1-424b-9868-57a2d4851a1d" relativeResultsDirectory="152fd358-fda4-4804-acbc-a9ba4385c2f3" />
    <UnitTestResult executionId="3cbde5e9-7378-4924-9a4d-507138b60a01" testId="4f13a598-717e-b31e-706d-2886c9164d2b" testName="TestClear" computerName="TFSBUILD11" duration="00:00:00.0410751" startTime="2015-09-28T09:43:45.1102499-07:00" endTime="2015-09-28T09:43:45.1415027-07:00" testType="13cdc9d9-ddb5-4fa4-a97d-d965ccfc6d4b" outcome="Passed" testListId="8c84fa94-04c1-424b-9868-57a2d4851a1d" relativeResultsDirectory="3cbde5e9-7378-4924-9a4d-507138b60a01">
      <Output>
        <StdOut>Debug Trace:
vstest.console.exe Information: 0 : 9/28/2015 4:43:45 PM:  - TokenCache: Serializing token cache with 0 items.
AccountManagerAdalCache: An exception was encountered while serializing the AccountManagerAdalCache System.InvalidOperationException: WriteInvalid because we made it so
   at MS.VS.Services.Client.L0.Tests.MockAdalCacheStore.WriteData(Byte[] data) in D:\v2.0\A1\_work\dbded102\VSO\Vssf\InteractiveClient\Client.L0.Tests\AccountManagerAdalCacheTests.cs:line 148
   at Microsoft.VisualStudio.Services.Client.AccountManagement.AccountManagerAdalCache.AfterAccessNotification(TokenCacheNotificationArgs args) in D:\v2.0\A1\_work\dbded102\VSO\Vssf\InteractiveClient\Client\Keychain\AdalCache\AccountManagerAdalCache.cs:line 239</StdOut>
      </Output>
    </UnitTestResult>
    <UnitTestResult executionId="7820845b-303e-4df0-bbfb-e8c142f1f66e" testId="9ad3adfd-e68d-ef10-a2bf-b00bb31af262" testName="GetAdded" computerName="TFSBUILD11" duration="00:00:00.0229514" startTime="2015-09-28T09:43:45.1415027-07:00" endTime="2015-09-28T09:43:45.1727543-07:00" testType="13cdc9d9-ddb5-4fa4-a97d-d965ccfc6d4b" outcome="Passed" testListId="8c84fa94-04c1-424b-9868-57a2d4851a1d" relativeResultsDirectory="7820845b-303e-4df0-bbfb-e8c142f1f66e" />
    <UnitTestResult executionId="605b7a2e-a923-4268-ad76-a4ca9eb38ffc" testId="045d736f-f5b0-e9b0-b7cb-1cdf1e16a9ff" testName="GetUpdated" computerName="TFSBUILD11" duration="00:00:00.0045621" startTime="2015-09-28T09:43:45.1727543-07:00" endTime="2015-09-28T09:43:45.1727543-07:00" testType="13cdc9d9-ddb5-4fa4-a97d-d965ccfc6d4b" outcome="Passed" testListId="8c84fa94-04c1-424b-9868-57a2d4851a1d" relativeResultsDirectory="605b7a2e-a923-4268-ad76-a4ca9eb38ffc" />
    <UnitTestResult executionId="70ffd88c-d137-4914-bd65-417c91b3ef04" testId="49a365fa-22ab-c6c4-fba8-56e6df43a22f" testName="GetDefaultInstance" computerName="TFSBUILD11" duration="00:00:00.0266114" startTime="2015-09-28T09:43:45.1727543-07:00" endTime="2015-09-28T09:43:45.2040068-07:00" testType="13cdc9d9-ddb5-4fa4-a97d-d965ccfc6d4b" outcome="Passed" testListId="8c84fa94-04c1-424b-9868-57a2d4851a1d" relativeResultsDirectory="70ffd88c-d137-4914-bd65-417c91b3ef04" />
    <UnitTestResult executionId="9c08e75b-12c4-4aab-b410-14417bf9d50f" testId="7aafd7ff-6b1a-2986-ca35-5ae460966bd8" testName="GetAdalCacheInstance" computerName="TFSBUILD11" duration="00:00:00.0092942" startTime="2015-09-28T09:43:45.2040068-07:00" endTime="2015-09-28T09:43:45.2040068-07:00" testType="13cdc9d9-ddb5-4fa4-a97d-d965ccfc6d4b" outcome="Passed" testListId="8c84fa94-04c1-424b-9868-57a2d4851a1d" relativeResultsDirectory="9c08e75b-12c4-4aab-b410-14417bf9d50f" />
    <UnitTestResult executionId="0de12bb0-d682-413e-951f-8ec646a0f4e5" testId="f8c21d72-8d9e-01b0-5794-6c9140ec11bd" testName="GetTFSCache" computerName="TFSBUILD11" duration="00:00:00.0184299" startTime="2015-09-28T09:43:45.2040068-07:00" endTime="2015-09-28T09:43:45.2352585-07:00" testType="13cdc9d9-ddb5-4fa4-a97d-d965ccfc6d4b" outcome="Passed" testListId="8c84fa94-04c1-424b-9868-57a2d4851a1d" relativeResultsDirectory="0de12bb0-d682-413e-951f-8ec646a0f4e5" />
    <UnitTestResult executionId="aa7f1592-f7e8-4880-81c7-956c9116c054" testId="4f139307-6ef2-972e-c198-ccae0e696c82" testName="GetAccountProvider" computerName="TFSBUILD11" duration="00:00:00.0094185" startTime="2015-09-28T09:43:45.2352585-07:00" endTime="2015-09-28T09:43:45.2352585-07:00" testType="13cdc9d9-ddb5-4fa4-a97d-d965ccfc6d4b" outcome="Passed" testListId="8c84fa94-04c1-424b-9868-57a2d4851a1d" relativeResultsDirectory="aa7f1592-f7e8-4880-81c7-956c9116c054" />
    <UnitTestResult executionId="83b1fbf4-2d98-4135-8854-f0908401bf99" testId="614b96bc-9585-d3bb-837a-954d492c245e" testName="GetDefaultInstanceSwitch" computerName="TFSBUILD11" duration="00:00:00.0238887" startTime="2015-09-28T09:43:45.2352585-07:00" endTime="2015-09-28T09:43:45.2665107-07:00" testType="13cdc9d9-ddb5-4fa4-a97d-d965ccfc6d4b" outcome="Passed" testListId="8c84fa94-04c1-424b-9868-57a2d4851a1d" relativeResultsDirectory="83b1fbf4-2d98-4135-8854-f0908401bf99" />
    <UnitTestResult executionId="cf3550d9-f10c-4d3d-b457-f96f765db787" testId="bff4e1ad-8108-c4b6-ff52-bec841efed4f" testName="AccountManagerLoggerNoOpsWithNoLogger" computerName="TFSBUILD11" duration="00:00:00.0049959" startTime="2015-09-28T09:43:45.2665107-07:00" endTime="2015-09-28T09:43:45.2665107-07:00" testType="13cdc9d9-ddb5-4fa4-a97d-d965ccfc6d4b" outcome="Passed" testListId="8c84fa94-04c1-424b-9868-57a2d4851a1d" relativeResultsDirectory="cf3550d9-f10c-4d3d-b457-f96f765db787" />
    <UnitTestResult executionId="b9871397-8963-4821-ba7c-613f6bc312cd" testId="3f79807d-0b93-22d2-e968-8ff7838a4ffd" testName="AccountManagerLoggerNullPropertiesNoLogger" computerName="TFSBUILD11" duration="00:00:00.0014933" startTime="2015-09-28T09:43:45.2665107-07:00" endTime="2015-09-28T09:43:45.2665107-07:00" testType="13cdc9d9-ddb5-4fa4-a97d-d965ccfc6d4b" outcome="Passed" testListId="8c84fa94-04c1-424b-9868-57a2d4851a1d" relativeResultsDirectory="b9871397-8963-4821-ba7c-613f6bc312cd" />
    <UnitTestResult executionId="aacf3112-d1fa-437d-ba38-bdc6de6ee0f7" testId="2a6585e6-e5e0-117b-75ad-119f864af375" testName="AccountManagerLoggerNullEventNameNoLogger" computerName="TFSBUILD11" duration="00:00:00.0015149" startTime="2015-09-28T09:43:45.2665107-07:00" endTime="2015-09-28T09:43:45.2665107-07:00" testType="13cdc9d9-ddb5-4fa4-a97d-d965ccfc6d4b" outcome="Passed" testListId="8c84fa94-04c1-424b-9868-57a2d4851a1d" relativeResultsDirectory="aacf3112-d1fa-437d-ba38-bdc6de6ee0f7" />
    <UnitTestResult executionId="c37756d4-9dcc-4e7a-8c02-e32d719bd6cf" testId="ff99ba02-20db-3f27-609a-6d5ff3fe4179" testName="AccountManagerLoggerNoOpsWithExceptionLogger" computerName="TFSBUILD11" duration="00:00:00.0197261" startTime="2015-09-28T09:43:45.2665107-07:00" endTime="2015-09-28T09:43:45.2977638-07:00" testType="13cdc9d9-ddb5-4fa4-a97d-d965ccfc6d4b" outcome="Passed" testListId="8c84fa94-04c1-424b-9868-57a2d4851a1d" relativeResultsDirectory="c37756d4-9dcc-4e7a-8c02-e32d719bd6cf" />
    <UnitTestResult executionId="bfeb5393-fb65-4475-8273-6d2026394acb" testId="d5cf17d8-c509-4742-c798-845a9401b034" testName="AccountManagerLoggerIgnoresExceptionLogger" computerName="TFSBUILD11" duration="00:00:00.0208101" startTime="2015-09-28T09:43:45.2977638-07:00" endTime="2015-09-28T09:43:45.3133890-07:00" testType="13cdc9d9-ddb5-4fa4-a97d-d965ccfc6d4b" outcome="Passed" testListId="8c84fa94-04c1-424b-9868-57a2d4851a1d" relativeResultsDirectory="bfeb5393-fb65-4475-8273-6d2026394acb" />
    <UnitTestResult executionId="ee27e0a4-26a6-48a8-9196-5853deaed971" testId="88766d49-d0ee-dc13-823e-355eae4ba4d7" testName="AccountManagerLoggerCanAddLogger" computerName="TFSBUILD11" duration="00:00:00.0242815" startTime="2015-09-28T09:43:45.3133890-07:00" endTime="2015-09-28T09:43:45.3446416-07:00" testType="13cdc9d9-ddb5-4fa4-a97d-d965ccfc6d4b" outcome="Passed" testListId="8c84fa94-04c1-424b-9868-57a2d4851a1d" relativeResultsDirectory="ee27e0a4-26a6-48a8-9196-5853deaed971" />
    <UnitTestResult executionId="ae421bd5-e78f-4dec-93f8-faf9d91629ea" testId="ec75423f-d3b4-bf21-2fd1-9c9987cd62ad" testName="AccountManagerLoggerDoesNotAddSameLogger" computerName="TFSBUILD11" duration="00:00:00.0154743" startTime="2015-09-28T09:43:45.3446416-07:00" endTime="2015-09-28T09:43:45.3602677-07:00" testType="13cdc9d9-ddb5-4fa4-a97d-d965ccfc6d4b" outcome="Passed" testListId="8c84fa94-04c1-424b-9868-57a2d4851a1d" relativeResultsDirectory="ae421bd5-e78f-4dec-93f8-faf9d91629ea" />
    <UnitTestResult executionId="3cb3cd6a-9242-4184-9ae8-273e65e5c4d7" testId="f647ebec-9113-bace-f991-e4bd2243292a" testName="AccountManagerLoggerCanRemoveLogger" computerName="TFSBUILD11" duration="00:00:00.0163734" startTime="2015-09-28T09:43:45.3602677-07:00" endTime="2015-09-28T09:43:45.3758938-07:00" testType="13cdc9d9-ddb5-4fa4-a97d-d965ccfc6d4b" outcome="Passed" testListId="8c84fa94-04c1-424b-9868-57a2d4851a1d" relativeResultsDirectory="3cb3cd6a-9242-4184-9ae8-273e65e5c4d7" />
    <UnitTestResult executionId="c22e3e20-9a70-4b61-ad20-c2efaf3db7b4" testId="47efd4af-36fc-7016-9825-c66540dd6565" testName="AccountKeyValidation" computerName="TFSBUILD11" duration="00:00:00.0159612" startTime="2015-09-28T09:43:45.3758938-07:00" endTime="2015-09-28T09:43:45.3915199-07:00" testType="13cdc9d9-ddb5-4fa4-a97d-d965ccfc6d4b" outcome="Passed" testListId="8c84fa94-04c1-424b-9868-57a2d4851a1d" relativeResultsDirectory="c22e3e20-9a70-4b61-ad20-c2efaf3db7b4" />
    <UnitTestResult executionId="7e3a0f6c-449f-465a-b0a8-c670e400623d" testId="4cdad353-ff6f-d013-6344-39d80d23436f" testName="GoodAccountValidation" computerName="TFSBUILD11" duration="00:00:00.0306656" startTime="2015-09-28T09:43:45.3915199-07:00" endTime="2015-09-28T09:43:45.4227718-07:00" testType="13cdc9d9-ddb5-4fa4-a97d-d965ccfc6d4b" outcome="Passed" testListId="8c84fa94-04c1-424b-9868-57a2d4851a1d" relativeResultsDirectory="7e3a0f6c-449f-465a-b0a8-c670e400623d" />
    <UnitTestResult executionId="b2cc9b82-b0cc-41e2-94ff-4abd27cba5a5" testId="e06415d0-cd4e-0e30-3a78-c34f62685c1f" testName="BadAuthenticator" computerName="TFSBUILD11" duration="00:00:00.0134462" startTime="2015-09-28T09:43:45.4227718-07:00" endTime="2015-09-28T09:43:45.4383982-07:00" testType="13cdc9d9-ddb5-4fa4-a97d-d965ccfc6d4b" outcome="Passed" testListId="8c84fa94-04c1-424b-9868-57a2d4851a1d" relativeResultsDirectory="b2cc9b82-b0cc-41e2-94ff-4abd27cba5a5" />
    <UnitTestResult executionId="cf92070d-953a-49b9-8f2b-a4e9f9a4a083" testId="9d60556e-428f-2b35-a9b4-583c72918418" testName="BadDisplayInfo" computerName="TFSBUILD11" duration="00:00:00.0131563" startTime="2015-09-28T09:43:45.4383982-07:00" endTime="2015-09-28T09:43:45.4540246-07:00" testType="13cdc9d9-ddb5-4fa4-a97d-d965ccfc6d4b" outcome="Passed" testListId="8c84fa94-04c1-424b-9868-57a2d4851a1d" relativeResultsDirectory="cf92070d-953a-49b9-8f2b-a4e9f9a4a083" />
    <UnitTestResult executionId="40e44230-5c53-42fb-9d47-94fffda36778" testId="f5c3e9e5-654b-12e6-47af-790e187aba14" testName="BadProperties" computerName="TFSBUILD11" duration="00:00:00.0164678" startTime="2015-09-28T09:43:45.4540246-07:00" endTime="2015-09-28T09:43:45.4696510-07:00" testType="13cdc9d9-ddb5-4fa4-a97d-d965ccfc6d4b" outcome="Passed" testListId="8c84fa94-04c1-424b-9868-57a2d4851a1d" relativeResultsDirectory="40e44230-5c53-42fb-9d47-94fffda36778" />
    <UnitTestResult executionId="a289bf0d-bd56-4fcd-b0ae-ee5bd3c0fc52" testId="c48869f7-6c77-2b89-0c90-c1e50cb92db9" testName="BadSupportedAccountProviders" computerName="TFSBUILD11" duration="00:00:00.0146360" startTime="2015-09-28T09:43:45.4696510-07:00" endTime="2015-09-28T09:43:45.4852766-07:00" testType="13cdc9d9-ddb5-4fa4-a97d-d965ccfc6d4b" outcome="Passed" testListId="8c84fa94-04c1-424b-9868-57a2d4851a1d" relativeResultsDirectory="a289bf0d-bd56-4fcd-b0ae-ee5bd3c0fc52" />
    <UnitTestResult executionId="4946f385-c848-4904-8bf9-3f70747cad0d" testId="5ee025aa-fc76-4d71-0335-9e634120d86f" testName="AccountKeyEquals" computerName="TFSBUILD11" duration="00:00:00.0162192" startTime="2015-09-28T09:43:45.4852766-07:00" endTime="2015-09-28T09:43:45.5009030-07:00" testType="13cdc9d9-ddb5-4fa4-a97d-d965ccfc6d4b" outcome="Passed" testListId="8c84fa94-04c1-424b-9868-57a2d4851a1d" relativeResultsDirectory="4946f385-c848-4904-8bf9-3f70747cad0d" />
    <UnitTestResult executionId="1da45f3c-7e1d-42da-a699-62a8508aa541" testId="3ace1b46-5269-3885-2338-13d1cbdc4916" testName="AccountFieldsAreEqual" computerName="TFSBUILD11" duration="00:00:00.0048073" startTime="2015-09-28T09:43:45.5009030-07:00" endTime="2015-09-28T09:43:45.5009030-07:00" testType="13cdc9d9-ddb5-4fa4-a97d-d965ccfc6d4b" outcome="Passed" testListId="8c84fa94-04c1-424b-9868-57a2d4851a1d" relativeResultsDirectory="1da45f3c-7e1d-42da-a699-62a8508aa541" />
    <UnitTestResult executionId="da273eba-8044-4274-9be9-6d951f773a44" testId="85847f0c-a097-d663-fb25-24c360692a6f" testName="AccountFieldsDifferentAuthenticator" computerName="TFSBUILD11" duration="00:00:00.0090746" startTime="2015-09-28T09:43:45.5009030-07:00" endTime="2015-09-28T09:43:45.5165285-07:00" testType="13cdc9d9-ddb5-4fa4-a97d-d965ccfc6d4b" outcome="Passed" testListId="8c84fa94-04c1-424b-9868-57a2d4851a1d" relativeResultsDirectory="da273eba-8044-4274-9be9-6d951f773a44" />
    <UnitTestResult executionId="feed5478-a825-4111-ab10-eef507b692f8" testId="40909ec1-f9aa-560a-4693-0aed536f13c3" testName="AccountFieldsDifferentDisplayInfo" computerName="TFSBUILD11" duration="00:00:00.0154498" startTime="2015-09-28T09:43:45.5165285-07:00" endTime="2015-09-28T09:43:45.5321549-07:00" testType="13cdc9d9-ddb5-4fa4-a97d-d965ccfc6d4b" outcome="Passed" testListId="8c84fa94-04c1-424b-9868-57a2d4851a1d" relativeResultsDirectory="feed5478-a825-4111-ab10-eef507b692f8" />
    <UnitTestResult executionId="b2fbbc22-95da-412b-afb6-fb3947219db0" testId="21566dc0-6909-bdde-6dfa-e5cba9c4b3f9" testName="AccountFieldsDifferentNeedsReAuthentication" computerName="TFSBUILD11" duration="00:00:00.0153727" startTime="2015-09-28T09:43:45.5321549-07:00" endTime="2015-09-28T09:43:45.5477810-07:00" testType="13cdc9d9-ddb5-4fa4-a97d-d965ccfc6d4b" outcome="Passed" testListId="8c84fa94-04c1-424b-9868-57a2d4851a1d" relativeResultsDirectory="b2fbbc22-95da-412b-afb6-fb3947219db0" />
    <UnitTestResult executionId="169b4826-de0a-48f7-882c-a3bb687b0837" testId="b2a77e1e-83e0-2758-a6d7-c8e1f8562d8a" testName="AccountFieldsDifferentAccountProvider" computerName="TFSBUILD11" duration="00:00:00.0011773" startTime="2015-09-28T09:43:45.5477810-07:00" endTime="2015-09-28T09:43:45.5477810-07:00" testType="13cdc9d9-ddb5-4fa4-a97d-d965ccfc6d4b" outcome="Passed" testListId="8c84fa94-04c1-424b-9868-57a2d4851a1d" relativeResultsDirectory="169b4826-de0a-48f7-882c-a3bb687b0837" />
    <UnitTestResult executionId="c30dd8b3-f7a4-46d8-a2e5-99ff92a0f11d" testId="a09c863f-48ac-acbb-42a2-523d82f326f7" testName="AccountFieldsDifferentPropertiesAdd" computerName="TFSBUILD11" duration="00:00:00.0144585" startTime="2015-09-28T09:43:45.5477810-07:00" endTime="2015-09-28T09:43:45.5634071-07:00" testType="13cdc9d9-ddb5-4fa4-a97d-d965ccfc6d4b" outcome="Passed" testListId="8c84fa94-04c1-424b-9868-57a2d4851a1d" relativeResultsDirectory="c30dd8b3-f7a4-46d8-a2e5-99ff92a0f11d" />
    <UnitTestResult executionId="38168bf9-fd55-46d1-83c7-77dc9c966307" testId="6a4e6aba-7bed-a743-c0e5-e04918ff0944" testName="AccountFieldsDifferentPropertiesRemove" computerName="TFSBUILD11" duration="00:00:00.0057875" startTime="2015-09-28T09:43:45.5634071-07:00" endTime="2015-09-28T09:43:45.5634071-07:00" testType="13cdc9d9-ddb5-4fa4-a97d-d965ccfc6d4b" outcome="Passed" testListId="8c84fa94-04c1-424b-9868-57a2d4851a1d" relativeResultsDirectory="38168bf9-fd55-46d1-83c7-77dc9c966307" />
    <UnitTestResult executionId="b91931d5-4a6c-4c92-9d16-b8595be61750" testId="2a440e01-c2e0-2b46-b2a6-731096815dae" testName="AccountFieldsDifferentPropertyValues" computerName="TFSBUILD11" duration="00:00:00.0098630" startTime="2015-09-28T09:43:45.5634071-07:00" endTime="2015-09-28T09:43:45.5790329-07:00" testType="13cdc9d9-ddb5-4fa4-a97d-d965ccfc6d4b" outcome="Passed" testListId="8c84fa94-04c1-424b-9868-57a2d4851a1d" relativeResultsDirectory="b91931d5-4a6c-4c92-9d16-b8595be61750" />
    <UnitTestResult executionId="fa8a56d8-3bed-4777-8770-11c83b19b4f9" testId="56e9a52a-a046-e5d1-911b-2bd45276ad93" testName="VerifyLogInformationEvent" computerName="TFSBUILD11" duration="00:00:00.0161319" startTime="2015-09-28T09:43:45.5790329-07:00" endTime="2015-09-28T09:43:45.5946596-07:00" testType="13cdc9d9-ddb5-4fa4-a97d-d965ccfc6d4b" outcome="Passed" testListId="8c84fa94-04c1-424b-9868-57a2d4851a1d" relativeResultsDirectory="fa8a56d8-3bed-4777-8770-11c83b19b4f9" />
    <UnitTestResult executionId="890005f3-41e5-4f7b-ab56-343ac8e22f22" testId="2fa55d36-235c-4ee5-5a49-110bf54c67ea" testName="VerifyLogErrorEvent" computerName="TFSBUILD11" duration="00:00:00.0141789" startTime="2015-09-28T09:43:45.5946596-07:00" endTime="2015-09-28T09:43:45.6102854-07:00" testType="13cdc9d9-ddb5-4fa4-a97d-d965ccfc6d4b" outcome="Passed" testListId="8c84fa94-04c1-424b-9868-57a2d4851a1d" relativeResultsDirectory="890005f3-41e5-4f7b-ab56-343ac8e22f22" />
    <UnitTestResult executionId="d542afb9-c1bb-47ac-8036-49d4bb5996ea" testId="216a0da1-19b0-7aec-e1f2-058dc48256b9" testName="VerifyLogEventNullEvent" computerName="TFSBUILD11" duration="00:00:00.0151733" startTime="2015-09-28T09:43:45.6102854-07:00" endTime="2015-09-28T09:43:45.6259113-07:00" testType="13cdc9d9-ddb5-4fa4-a97d-d965ccfc6d4b" outcome="Passed" testListId="8c84fa94-04c1-424b-9868-57a2d4851a1d" relativeResultsDirectory="d542afb9-c1bb-47ac-8036-49d4bb5996ea" />
    <UnitTestResult executionId="626df7c0-21e2-4fab-b0d0-1b3b1bec133b" testId="1fe2fd78-040c-99f7-5724-1247a3ee294b" testName="VerifyLogEventEmptyEvent" computerName="TFSBUILD11" duration="00:00:00.0028040" startTime="2015-09-28T09:43:45.6259113-07:00" endTime="2015-09-28T09:43:45.6259113-07:00" testType="13cdc9d9-ddb5-4fa4-a97d-d965ccfc6d4b" outcome="Passed" testListId="8c84fa94-04c1-424b-9868-57a2d4851a1d" relativeResultsDirectory="626df7c0-21e2-4fab-b0d0-1b3b1bec133b" />
    <UnitTestResult executionId="82ef341a-f067-4f65-9659-a402237a8766" testId="4f3e5b61-6ddf-5b7c-2b0f-e3dea6f8bc0a" testName="VerifyLogEventNullMessage" computerName="TFSBUILD11" duration="00:00:00.0122854" startTime="2015-09-28T09:43:45.6259113-07:00" endTime="2015-09-28T09:43:45.6415374-07:00" testType="13cdc9d9-ddb5-4fa4-a97d-d965ccfc6d4b" outcome="Passed" testListId="8c84fa94-04c1-424b-9868-57a2d4851a1d" relativeResultsDirectory="82ef341a-f067-4f65-9659-a402237a8766" />
    <UnitTestResult executionId="6bf7bdee-f78a-4c2d-890e-4f646e9bd072" testId="b3b01ab2-5bff-01b7-7cda-f83fe272d813" testName="VerifyLogEventEmptyMessage" computerName="TFSBUILD11" duration="00:00:00.0056550" startTime="2015-09-28T09:43:45.6415374-07:00" endTime="2015-09-28T09:43:45.6415374-07:00" testType="13cdc9d9-ddb5-4fa4-a97d-d965ccfc6d4b" outcome="Passed" testListId="8c84fa94-04c1-424b-9868-57a2d4851a1d" relativeResultsDirectory="6bf7bdee-f78a-4c2d-890e-4f646e9bd072" />
    <UnitTestResult executionId="2dbc4663-79e5-4b01-b865-f520e4597c2b" testId="885a006a-c874-bd3e-6e79-90a973591779" testName="AccountDisplayInfoValidation" computerName="TFSBUILD11" duration="00:00:00.0076572" startTime="2015-09-28T09:43:45.6415374-07:00" endTime="2015-09-28T09:43:45.6415374-07:00" testType="13cdc9d9-ddb5-4fa4-a97d-d965ccfc6d4b" outcome="Passed" testListId="8c84fa94-04c1-424b-9868-57a2d4851a1d" relativeResultsDirectory="2dbc4663-79e5-4b01-b865-f520e4597c2b" />
    <UnitTestResult executionId="abc37f78-cccf-46c3-b400-aa10d1890def" testId="1f61e120-5682-a599-4fb7-8a99c7cc0d29" testName="AccountDisplayInfoEquals" computerName="TFSBUILD11" duration="00:00:00.0174014" startTime="2015-09-28T09:43:45.6415374-07:00" endTime="2015-09-28T09:43:45.6727899-07:00" testType="13cdc9d9-ddb5-4fa4-a97d-d965ccfc6d4b" outcome="Passed" testListId="8c84fa94-04c1-424b-9868-57a2d4851a1d" relativeResultsDirectory="abc37f78-cccf-46c3-b400-aa10d1890def" />
    <UnitTestResult executionId="a95ab5c3-0846-456e-9db1-154ce139f15c" testId="49cca88f-1727-2594-6b0f-735abd2380b3" testName="TestRootSuffixWithNullSuffixCacheAndRegistry" computerName="TFSBUILD11" duration="00:00:00.0355367" startTime="2015-09-28T09:43:45.6727899-07:00" endTime="2015-09-28T09:43:45.7040424-07:00" testType="13cdc9d9-ddb5-4fa4-a97d-d965ccfc6d4b" outcome="Passed" testListId="8c84fa94-04c1-424b-9868-57a2d4851a1d" relativeResultsDirectory="a95ab5c3-0846-456e-9db1-154ce139f15c" />
    <UnitTestResult executionId="f9a22cea-f69f-4b82-866a-cd250d1dd0bc" testId="5ca86beb-3964-3aed-cc1b-737d23ebd04f" testName="TestRootSuffixWithGoodSuffixCacheAndRegistry" computerName="TFSBUILD11" duration="00:00:00.0287703" startTime="2015-09-28T09:43:45.7040424-07:00" endTime="2015-09-28T09:43:45.7352943-07:00" testType="13cdc9d9-ddb5-4fa4-a97d-d965ccfc6d4b" outcome="Passed" testListId="8c84fa94-04c1-424b-9868-57a2d4851a1d" relativeResultsDirectory="f9a22cea-f69f-4b82-866a-cd250d1dd0bc" />
    <UnitTestResult executionId="06604daa-ff0d-4de2-b0b0-7115448931f6" testId="e4d524b0-2bc4-a99e-bb0e-99ca3c1cec26" testName="GetAccountsWhenStorageEmpty" computerName="TFSBUILD11" duration="00:00:00.0010075" startTime="2015-09-28T09:43:45.7352943-07:00" endTime="2015-09-28T09:43:45.7352943-07:00" testType="13cdc9d9-ddb5-4fa4-a97d-d965ccfc6d4b" outcome="Passed" testListId="8c84fa94-04c1-424b-9868-57a2d4851a1d" relativeResultsDirectory="06604daa-ff0d-4de2-b0b0-7115448931f6" />
    <UnitTestResult executionId="2e2c5b8d-d300-47a4-b7c6-07ad8e3e9e88" testId="6c85bf06-8477-3fc5-f88a-88d76913c325" testName="AddAccount" computerName="TFSBUILD11" duration="00:00:00.0130920" startTime="2015-09-28T09:43:45.7352943-07:00" endTime="2015-09-28T09:43:45.7509199-07:00" testType="13cdc9d9-ddb5-4fa4-a97d-d965ccfc6d4b" outcome="Passed" testListId="8c84fa94-04c1-424b-9868-57a2d4851a1d" relativeResultsDirectory="2e2c5b8d-d300-47a4-b7c6-07ad8e3e9e88" />
    <UnitTestResult executionId="d28bad42-fd68-497b-971a-a007c38de8fe" testId="790e6da4-2dca-cbcc-d44f-0c078cbd10ff" testName="AddTwoDifferentAccounts" computerName="TFSBUILD11" duration="00:00:00.0081444" startTime="2015-09-28T09:43:45.7509199-07:00" endTime="2015-09-28T09:43:45.7509199-07:00" testType="13cdc9d9-ddb5-4fa4-a97d-d965ccfc6d4b" outcome="Passed" testListId="8c84fa94-04c1-424b-9868-57a2d4851a1d" relativeResultsDirectory="d28bad42-fd68-497b-971a-a007c38de8fe" />
    <UnitTestResult executionId="bfdba922-91a6-4e79-8b2c-ad8cf67ad99c" testId="fadbca8a-78ac-b0be-e29b-9f992c6b4b9f" testName="UpdateAccountThroughAddAccount" computerName="TFSBUILD11" duration="00:00:00.0102780" startTime="2015-09-28T09:43:45.7509199-07:00" endTime="2015-09-28T09:43:45.7665463-07:00" testType="13cdc9d9-ddb5-4fa4-a97d-d965ccfc6d4b" outcome="Passed" testListId="8c84fa94-04c1-424b-9868-57a2d4851a1d" relativeResultsDirectory="bfdba922-91a6-4e79-8b2c-ad8cf67ad99c" />
    <UnitTestResult executionId="1d652cef-1f0c-4e85-92a5-163e78ca92c6" testId="dd49bf5d-6d0e-42e2-88c0-741222f2556d" testName="AddSameAccount" computerName="TFSBUILD11" duration="00:00:00.0272812" startTime="2015-09-28T09:43:45.7665463-07:00" endTime="2015-09-28T09:43:45.7977991-07:00" testType="13cdc9d9-ddb5-4fa4-a97d-d965ccfc6d4b" outcome="Passed" testListId="8c84fa94-04c1-424b-9868-57a2d4851a1d" relativeResultsDirectory="1d652cef-1f0c-4e85-92a5-163e78ca92c6" />
    <UnitTestResult executionId="7e91e63b-1705-4aa5-8e6c-497a9a533488" testId="084523d0-1a71-4dd0-fda0-4e3bc2733489" testName="GetAccountAfterAdded" computerName="TFSBUILD11" duration="00:00:00.0306283" startTime="2015-09-28T09:43:45.7977991-07:00" endTime="2015-09-28T09:43:45.8290507-07:00" testType="13cdc9d9-ddb5-4fa4-a97d-d965ccfc6d4b" outcome="Passed" testListId="8c84fa94-04c1-424b-9868-57a2d4851a1d" relativeResultsDirectory="7e91e63b-1705-4aa5-8e6c-497a9a533488" />
    <UnitTestResult executionId="f9f808f4-1270-47d7-9b94-ff3ec6b00452" testId="48345e9c-b724-6aec-209f-120900361186" testName="AddThenRemoveAccount" computerName="TFSBUILD11" duration="00:00:00.0249056" startTime="2015-09-28T09:43:45.8290507-07:00" endTime="2015-09-28T09:43:45.8446771-07:00" testType="13cdc9d9-ddb5-4fa4-a97d-d965ccfc6d4b" outcome="Passed" testListId="8c84fa94-04c1-424b-9868-57a2d4851a1d" relativeResultsDirectory="f9f808f4-1270-47d7-9b94-ff3ec6b00452" />
    <UnitTestResult executionId="f59330ff-da04-437c-a4b2-2b9cd621abf1" testId="c30932ba-9134-2b9f-8e81-dfa79bfc7350" testName="RemoveAccountAfterInitializedFromDisk" computerName="TFSBUILD11" duration="00:00:00.0301049" startTime="2015-09-28T09:43:45.8446771-07:00" endTime="2015-09-28T09:43:45.8759296-07:00" testType="13cdc9d9-ddb5-4fa4-a97d-d965ccfc6d4b" outcome="Passed" testListId="8c84fa94-04c1-424b-9868-57a2d4851a1d" relativeResultsDirectory="f59330ff-da04-437c-a4b2-2b9cd621abf1" />
    <UnitTestResult executionId="854a4280-5a19-4431-9629-1cec5ead5763" testId="fc250e02-5971-933e-58b5-6d591245fa38" testName="AddUpdateAccountNull" computerName="TFSBUILD11" duration="00:00:00.0026165" startTime="2015-09-28T09:43:45.8759296-07:00" endTime="2015-09-28T09:43:45.8759296-07:00" testType="13cdc9d9-ddb5-4fa4-a97d-d965ccfc6d4b" outcome="Passed" testListId="8c84fa94-04c1-424b-9868-57a2d4851a1d" relativeResultsDirectory="854a4280-5a19-4431-9629-1cec5ead5763" />
    <UnitTestResult executionId="811ab264-6b8b-4793-aa64-e759ac76b5b5" testId="06a58a07-772f-97ff-d822-fab8ff1cc53d" testName="DoubleRemove" computerName="TFSBUILD11" duration="00:00:00.0211546" startTime="2015-09-28T09:43:45.8759296-07:00" endTime="2015-09-28T09:43:45.9071816-07:00" testType="13cdc9d9-ddb5-4fa4-a97d-d965ccfc6d4b" outcome="Passed" testListId="8c84fa94-04c1-424b-9868-57a2d4851a1d" relativeResultsDirectory="811ab264-6b8b-4793-aa64-e759ac76b5b5" />
    <UnitTestResult executionId="b7d33308-f193-4f21-900a-9a83304e2ce0" testId="889d8619-a68c-d652-522a-42dec6517efc" testName="RemoveNonExisting" computerName="TFSBUILD11" duration="00:00:00.0132821" startTime="2015-09-28T09:43:45.9071816-07:00" endTime="2015-09-28T09:43:45.9228071-07:00" testType="13cdc9d9-ddb5-4fa4-a97d-d965ccfc6d4b" outcome="Passed" testListId="8c84fa94-04c1-424b-9868-57a2d4851a1d" relativeResultsDirectory="b7d33308-f193-4f21-900a-9a83304e2ce0" />
    <UnitTestResult executionId="c386cfa1-5d51-455e-a4bb-ddb5bad07f88" testId="17e72e15-5676-d883-b53a-140b49de02e1" testName="RemoveAccountNull" computerName="TFSBUILD11" duration="00:00:00.0312583" startTime="2015-09-28T09:43:45.9228071-07:00" endTime="2015-09-28T09:43:45.9540596-07:00" testType="13cdc9d9-ddb5-4fa4-a97d-d965ccfc6d4b" outcome="Passed" testListId="8c84fa94-04c1-424b-9868-57a2d4851a1d" relativeResultsDirectory="c386cfa1-5d51-455e-a4bb-ddb5bad07f88" />
    <UnitTestResult executionId="5c286ec7-8ecf-4343-bbb7-ff0c151d2d74" testId="25977c78-f622-ee72-b11d-44921b7be289" testName="SetDisplayInfoSameInfo" computerName="TFSBUILD11" duration="00:00:00.0321313" startTime="2015-09-28T09:43:45.9540596-07:00" endTime="2015-09-28T09:43:45.9853118-07:00" testType="13cdc9d9-ddb5-4fa4-a97d-d965ccfc6d4b" outcome="Passed" testListId="8c84fa94-04c1-424b-9868-57a2d4851a1d" relativeResultsDirectory="5c286ec7-8ecf-4343-bbb7-ff0c151d2d74" />
    <UnitTestResult executionId="4ce6d271-9221-4952-9eba-2711e36376e0" testId="a8f95d5d-3612-26b6-f8d1-7753d85464e1" testName="SetDisplayInfoNewInfo" computerName="TFSBUILD11" duration="00:00:00.0309298" startTime="2015-09-28T09:43:45.9853118-07:00" endTime="2015-09-28T09:43:46.0165643-07:00" testType="13cdc9d9-ddb5-4fa4-a97d-d965ccfc6d4b" outcome="Passed" testListId="8c84fa94-04c1-424b-9868-57a2d4851a1d" relativeResultsDirectory="4ce6d271-9221-4952-9eba-2711e36376e0" />
    <UnitTestResult executionId="742c0334-8e24-416f-a35c-61189b21484f" testId="6e46a9fb-92ae-6767-eff1-202327ddeef6" testName="SetDisplayInfoNonExistantAccount" computerName="TFSBUILD11" duration="00:00:00.0295770" startTime="2015-09-28T09:43:46.0165643-07:00" endTime="2015-09-28T09:43:46.0478166-07:00" testType="13cdc9d9-ddb5-4fa4-a97d-d965ccfc6d4b" outcome="Passed" testListId="8c84fa94-04c1-424b-9868-57a2d4851a1d" relativeResultsDirectory="742c0334-8e24-416f-a35c-61189b21484f" />
    <UnitTestResult executionId="17bfa494-4676-421b-814a-d6ff7fce944f" testId="82d6b4ec-2d0d-926d-8f77-62ec845a42eb" testName="SetDisplayInfoNull" computerName="TFSBUILD11" duration="00:00:00.0315067" startTime="2015-09-28T09:43:46.0478166-07:00" endTime="2015-09-28T09:43:46.0790685-07:00" testType="13cdc9d9-ddb5-4fa4-a97d-d965ccfc6d4b" outcome="Passed" testListId="8c84fa94-04c1-424b-9868-57a2d4851a1d" relativeResultsDirectory="17bfa494-4676-421b-814a-d6ff7fce944f" />
    <UnitTestResult executionId="e70ab922-18e8-4c7a-b087-3054b0ed5f4f" testId="1aff9ce8-db63-1f82-630a-0a7a1e2f166c" testName="SetPropertyNull" computerName="TFSBUILD11" duration="00:00:00.0309275" startTime="2015-09-28T09:43:46.0790685-07:00" endTime="2015-09-28T09:43:46.1103213-07:00" testType="13cdc9d9-ddb5-4fa4-a97d-d965ccfc6d4b" outcome="Passed" testListId="8c84fa94-04c1-424b-9868-57a2d4851a1d" relativeResultsDirectory="e70ab922-18e8-4c7a-b087-3054b0ed5f4f" />
    <UnitTestResult executionId="33aac068-ffe7-4e2b-b13c-34168842e609" testId="ea471e93-eaac-09bf-663f-354ee363ea81" testName="SetPropertyAccountDoesNotExist" computerName="TFSBUILD11" duration="00:00:00.0313750" startTime="2015-09-28T09:43:46.1103213-07:00" endTime="2015-09-28T09:43:46.1415732-07:00" testType="13cdc9d9-ddb5-4fa4-a97d-d965ccfc6d4b" outcome="Passed" testListId="8c84fa94-04c1-424b-9868-57a2d4851a1d" relativeResultsDirectory="33aac068-ffe7-4e2b-b13c-34168842e609" />
    <UnitTestResult executionId="0dfdf80b-2d40-4f5f-89ce-4429b3a75bb9" testId="5a728112-a4a8-53b1-88d8-dfb190bb9bdf" testName="SetPropertyAccount" computerName="TFSBUILD11" duration="00:00:00.0311668" startTime="2015-09-28T09:43:46.1415732-07:00" endTime="2015-09-28T09:43:46.1728254-07:00" testType="13cdc9d9-ddb5-4fa4-a97d-d965ccfc6d4b" outcome="Passed" testListId="8c84fa94-04c1-424b-9868-57a2d4851a1d" relativeResultsDirectory="0dfdf80b-2d40-4f5f-89ce-4429b3a75bb9" />
    <UnitTestResult executionId="bef432b0-d8f9-4887-9e17-bf00f89e689f" testId="5c1229b5-4ef3-3c1d-040b-0c3d812055df" testName="SetPropertyAccount2x" computerName="TFSBUILD11" duration="00:00:00.0158153" startTime="2015-09-28T09:43:46.1728254-07:00" endTime="2015-09-28T09:43:46.1884513-07:00" testType="13cdc9d9-ddb5-4fa4-a97d-d965ccfc6d4b" outcome="Passed" testListId="8c84fa94-04c1-424b-9868-57a2d4851a1d" relativeResultsDirectory="bef432b0-d8f9-4887-9e17-bf00f89e689f" />
    <UnitTestResult executionId="df6f41e9-a2b7-4fe0-9bca-62f6aa7269b7" testId="ed8dadf0-12cb-f249-272d-96e38ad44805" testName="SetPropertyAccountNull" computerName="TFSBUILD11" duration="00:00:00.0041301" startTime="2015-09-28T09:43:46.1884513-07:00" endTime="2015-09-28T09:43:46.1884513-07:00" testType="13cdc9d9-ddb5-4fa4-a97d-d965ccfc6d4b" outcome="Passed" testListId="8c84fa94-04c1-424b-9868-57a2d4851a1d" relativeResultsDirectory="df6f41e9-a2b7-4fe0-9bca-62f6aa7269b7" />
    <UnitTestResult executionId="16ec2f0f-c3c4-4372-b7b8-80c7e310d010" testId="db6c22d2-6a96-c68e-2529-d522abf3543c" testName="SetPropertyAccountDifferentValue" computerName="TFSBUILD11" duration="00:00:00.0057605" startTime="2015-09-28T09:43:46.1884513-07:00" endTime="2015-09-28T09:43:46.1884513-07:00" testType="13cdc9d9-ddb5-4fa4-a97d-d965ccfc6d4b" outcome="Passed" testListId="8c84fa94-04c1-424b-9868-57a2d4851a1d" relativeResultsDirectory="16ec2f0f-c3c4-4372-b7b8-80c7e310d010" />
    <UnitTestResult executionId="517f9f4b-0404-4bda-b972-3661c6e98e29" testId="286a306c-8cae-456f-cfde-71f02e683877" testName="SetMultipleProperties" computerName="TFSBUILD11" duration="00:00:00.0364338" startTime="2015-09-28T09:43:46.1884513-07:00" endTime="2015-09-28T09:43:46.2353296-07:00" testType="13cdc9d9-ddb5-4fa4-a97d-d965ccfc6d4b" outcome="Passed" testListId="8c84fa94-04c1-424b-9868-57a2d4851a1d" relativeResultsDirectory="517f9f4b-0404-4bda-b972-3661c6e98e29" />
    <UnitTestResult executionId="a25dd1bd-b205-4208-80e0-05387a13d80f" testId="7a94de77-467e-a6e1-c143-f62768bc6e0c" testName="UpdateMultipleProperties" computerName="TFSBUILD11" duration="00:00:00.0050377" startTime="2015-09-28T09:43:46.2353296-07:00" endTime="2015-09-28T09:43:46.2353296-07:00" testType="13cdc9d9-ddb5-4fa4-a97d-d965ccfc6d4b" outcome="Passed" testListId="8c84fa94-04c1-424b-9868-57a2d4851a1d" relativeResultsDirectory="a25dd1bd-b205-4208-80e0-05387a13d80f" />
    <UnitTestResult executionId="c3cab360-12a8-4036-b6e8-b5d83763c581" testId="34f4bd2c-d8bd-c57e-0cb5-8603e9f3d2cd" testName="RemoveMultipleProperties" computerName="TFSBUILD11" duration="00:00:00.0070001" startTime="2015-09-28T09:43:46.2353296-07:00" endTime="2015-09-28T09:43:46.2353296-07:00" testType="13cdc9d9-ddb5-4fa4-a97d-d965ccfc6d4b" outcome="Passed" testListId="8c84fa94-04c1-424b-9868-57a2d4851a1d" relativeResultsDirectory="c3cab360-12a8-4036-b6e8-b5d83763c581" />
    <UnitTestResult executionId="7b077bfe-7a2c-4479-b6d1-d0b7f9007ee8" testId="bb1f1ba1-5fbb-707f-b785-a119395e1618" testName="AddReadPropertiesDifferentStringComparers" computerName="TFSBUILD11" duration="00:00:00.0330276" startTime="2015-09-28T09:43:46.2353296-07:00" endTime="2015-09-28T09:43:46.2822079-07:00" testType="13cdc9d9-ddb5-4fa4-a97d-d965ccfc6d4b" outcome="Passed" testListId="8c84fa94-04c1-424b-9868-57a2d4851a1d" relativeResultsDirectory="7b077bfe-7a2c-4479-b6d1-d0b7f9007ee8" />
    <UnitTestResult executionId="66c96db3-3a43-408d-b842-ecfaf9f323ab" testId="ccef2367-c4ed-1add-5585-ca3cbe9143f6" testName="SetNeedsReAuthentication" computerName="TFSBUILD11" duration="00:00:00.0328945" startTime="2015-09-28T09:43:46.2822079-07:00" endTime="2015-09-28T09:43:46.3134604-07:00" testType="13cdc9d9-ddb5-4fa4-a97d-d965ccfc6d4b" outcome="Passed" testListId="8c84fa94-04c1-424b-9868-57a2d4851a1d" relativeResultsDirectory="66c96db3-3a43-408d-b842-ecfaf9f323ab" />
    <UnitTestResult executionId="95f3af78-e394-4f4a-a7cd-5559fbc91e87" testId="135659e1-b707-e906-9e8e-704c3b1a9e72" testName="TwoAccountStoresMultiThread" computerName="TFSBUILD11" duration="00:00:00.2533717" startTime="2015-09-28T09:43:46.3134604-07:00" endTime="2015-09-28T09:43:46.5634782-07:00" testType="13cdc9d9-ddb5-4fa4-a97d-d965ccfc6d4b" outcome="Passed" testListId="8c84fa94-04c1-424b-9868-57a2d4851a1d" relativeResultsDirectory="95f3af78-e394-4f4a-a7cd-5559fbc91e87" />
    <UnitTestResult executionId="9c18c5e6-18b1-4e95-bd9f-15964dd01981" testId="d6809496-0bea-4d44-9be5-722e9dfa9d8c" testName="TestConstructors" computerName="TFSBUILD11" duration="00:00:00.0007466" startTime="2015-09-28T09:43:46.5634782-07:00" endTime="2015-09-28T09:43:46.5634782-07:00" testType="13cdc9d9-ddb5-4fa4-a97d-d965ccfc6d4b" outcome="Passed" testListId="8c84fa94-04c1-424b-9868-57a2d4851a1d" relativeResultsDirectory="9c18c5e6-18b1-4e95-bd9f-15964dd01981" />
    <UnitTestResult executionId="b793af43-aca9-4006-9a2d-e0778ed9c016" testId="35c9e0b4-179c-7fd4-201d-85f7299b2e6e" testName="ClearTokenStorage" computerName="TFSBUILD11" duration="00:00:00.0172572" startTime="2015-09-28T09:43:46.5634782-07:00" endTime="2015-09-28T09:43:46.5791038-07:00" testType="13cdc9d9-ddb5-4fa4-a97d-d965ccfc6d4b" outcome="Passed" testListId="8c84fa94-04c1-424b-9868-57a2d4851a1d" relativeResultsDirectory="b793af43-aca9-4006-9a2d-e0778ed9c016" />
    <UnitTestResult executionId="35a71817-87e0-4348-bb20-3bc4d61386d5" testId="326cfda2-6ee8-1171-fe95-b0ccfc48bede" testName="NullToken" computerName="TFSBUILD11" duration="00:00:00.0247497" startTime="2015-09-28T09:43:46.5791038-07:00" endTime="2015-09-28T09:43:46.6103563-07:00" testType="13cdc9d9-ddb5-4fa4-a97d-d965ccfc6d4b" outcome="Passed" testListId="8c84fa94-04c1-424b-9868-57a2d4851a1d" relativeResultsDirectory="35a71817-87e0-4348-bb20-3bc4d61386d5" />
    <UnitTestResult executionId="5b89bc4a-b038-416c-bdbe-cd9cb65b58ed" testId="cb5361d3-205f-a420-e3ad-719dbbd6cf20" testName="ExpectExceptionWhenDatePropertyIsMissing" computerName="TFSBUILD11" duration="00:00:00.0148914" startTime="2015-09-28T09:43:46.6103563-07:00" endTime="2015-09-28T09:43:46.6259824-07:00" testType="13cdc9d9-ddb5-4fa4-a97d-d965ccfc6d4b" outcome="Passed" testListId="8c84fa94-04c1-424b-9868-57a2d4851a1d" relativeResultsDirectory="5b89bc4a-b038-416c-bdbe-cd9cb65b58ed" />
    <UnitTestResult executionId="dd830369-f20a-478a-9ec7-96530c2399e6" testId="02ee819c-da7b-6864-a2fe-fd36ba27ca58" testName="BadlyFormattedRefreshDateProperty" computerName="TFSBUILD11" duration="00:00:00.0162360" startTime="2015-09-28T09:43:46.6259824-07:00" endTime="2015-09-28T09:43:46.6416085-07:00" testType="13cdc9d9-ddb5-4fa4-a97d-d965ccfc6d4b" outcome="Passed" testListId="8c84fa94-04c1-424b-9868-57a2d4851a1d" relativeResultsDirectory="dd830369-f20a-478a-9ec7-96530c2399e6" />
    <UnitTestResult executionId="1c1964ff-5040-425b-91d4-4a552ded0122" testId="4b4c91f2-74f0-8dbd-0a0d-de3c9c4e2646" testName="EmptyRefreshDateProperty" computerName="TFSBUILD11" duration="00:00:00.0041964" startTime="2015-09-28T09:43:46.6416085-07:00" endTime="2015-09-28T09:43:46.6416085-07:00" testType="13cdc9d9-ddb5-4fa4-a97d-d965ccfc6d4b" outcome="Passed" testListId="8c84fa94-04c1-424b-9868-57a2d4851a1d" relativeResultsDirectory="1c1964ff-5040-425b-91d4-4a552ded0122" />
    <UnitTestResult executionId="22202e1a-c989-4ecb-868f-8067bca5712a" testId="acb86377-974d-dcc2-7533-46c9aaee14ed" testName="MissingValidToProperty" computerName="TFSBUILD11" duration="00:00:00.0034073" startTime="2015-09-28T09:43:46.6416085-07:00" endTime="2015-09-28T09:43:46.6416085-07:00" testType="13cdc9d9-ddb5-4fa4-a97d-d965ccfc6d4b" outcome="Passed" testListId="8c84fa94-04c1-424b-9868-57a2d4851a1d" relativeResultsDirectory="22202e1a-c989-4ecb-868f-8067bca5712a" />
    <UnitTestResult executionId="22d04333-b04f-4233-9cab-d830b9933705" testId="faad5117-345b-4eed-d051-4e4eb1d90fdb" testName="BadlyFormattedValidToProperty" computerName="TFSBUILD11" duration="00:00:00.0062867" startTime="2015-09-28T09:43:46.6416085-07:00" endTime="2015-09-28T09:43:46.6572343-07:00" testType="13cdc9d9-ddb5-4fa4-a97d-d965ccfc6d4b" outcome="Passed" testListId="8c84fa94-04c1-424b-9868-57a2d4851a1d" relativeResultsDirectory="22d04333-b04f-4233-9cab-d830b9933705" />
    <UnitTestResult executionId="b24b0d39-9105-423b-85d9-996e24a2a739" testId="afd1ba61-8dab-7573-927b-22bad0993928" testName="EmptyValidToProperty" computerName="TFSBUILD11" duration="00:00:00.0066619" startTime="2015-09-28T09:43:46.6572343-07:00" endTime="2015-09-28T09:43:46.6572343-07:00" testType="13cdc9d9-ddb5-4fa4-a97d-d965ccfc6d4b" outcome="Passed" testListId="8c84fa94-04c1-424b-9868-57a2d4851a1d" relativeResultsDirectory="b24b0d39-9105-423b-85d9-996e24a2a739" />
    <UnitTestResult executionId="5db61e81-cc4a-46cb-974a-73694beb7e77" testId="f0959a16-4cd0-43e3-f2ca-081ba9e9c4a9" testName="RefreshDateToday" computerName="TFSBUILD11" duration="00:00:00.0046958" startTime="2015-09-28T09:43:46.6572343-07:00" endTime="2015-09-28T09:43:46.6572343-07:00" testType="13cdc9d9-ddb5-4fa4-a97d-d965ccfc6d4b" outcome="Passed" testListId="8c84fa94-04c1-424b-9868-57a2d4851a1d" relativeResultsDirectory="5db61e81-cc4a-46cb-974a-73694beb7e77" />
    <UnitTestResult executionId="fd51ebc2-34b7-4828-a886-9af3f44c22de" testId="02a214d0-30d5-fb6c-ec47-f91f4f3a975c" testName="RefreshDateFiveDaysAgo" computerName="TFSBUILD11" duration="00:00:00.0089562" startTime="2015-09-28T09:43:46.6572343-07:00" endTime="2015-09-28T09:43:46.6728607-07:00" testType="13cdc9d9-ddb5-4fa4-a97d-d965ccfc6d4b" outcome="Passed" testListId="8c84fa94-04c1-424b-9868-57a2d4851a1d" relativeResultsDirectory="fd51ebc2-34b7-4828-a886-9af3f44c22de" />
    <UnitTestResult executionId="fd8665ed-8663-48e2-a89c-b76948084901" testId="4d09f353-08a8-fa34-d100-5bbc9d467b87" testName="RefreshDateTomorrow" computerName="TFSBUILD11" duration="00:00:00.0074362" startTime="2015-09-28T09:43:46.6728607-07:00" endTime="2015-09-28T09:43:46.6884868-07:00" testType="13cdc9d9-ddb5-4fa4-a97d-d965ccfc6d4b" outcome="Passed" testListId="8c84fa94-04c1-424b-9868-57a2d4851a1d" relativeResultsDirectory="fd8665ed-8663-48e2-a89c-b76948084901" />
    <UnitTestResult executionId="47df676e-884a-4119-a7a9-87d255b767c3" testId="e26679e7-836d-b490-3d17-2a1322c34f0c" testName="HasTokenExpiredToday" computerName="TFSBUILD11" duration="00:00:00.0046318" startTime="2015-09-28T09:43:46.6884868-07:00" endTime="2015-09-28T09:43:46.6884868-07:00" testType="13cdc9d9-ddb5-4fa4-a97d-d965ccfc6d4b" outcome="Passed" testListId="8c84fa94-04c1-424b-9868-57a2d4851a1d" relativeResultsDirectory="47df676e-884a-4119-a7a9-87d255b767c3" />
    <UnitTestResult executionId="62c0ae11-be41-441a-b9d3-e4e959c5add1" testId="5856a10a-7e23-fcf0-f648-af436f57c2de" testName="HasTokenExpiredFiveDaysAgo" computerName="TFSBUILD11" duration="00:00:00.0070325" startTime="2015-09-28T09:43:46.6884868-07:00" endTime="2015-09-28T09:43:46.6884868-07:00" testType="13cdc9d9-ddb5-4fa4-a97d-d965ccfc6d4b" outcome="Passed" testListId="8c84fa94-04c1-424b-9868-57a2d4851a1d" relativeResultsDirectory="62c0ae11-be41-441a-b9d3-e4e959c5add1" />
    <UnitTestResult executionId="f874cff8-b555-42fc-a652-9ae86eb2a226" testId="91dd0795-e608-c49d-6be7-dd2a04858975" testName="ExpiresAMonthFromNow" computerName="TFSBUILD11" duration="00:00:00.0051020" startTime="2015-09-28T09:43:46.6884868-07:00" endTime="2015-09-28T09:43:46.7041129-07:00" testType="13cdc9d9-ddb5-4fa4-a97d-d965ccfc6d4b" outcome="Passed" testListId="8c84fa94-04c1-424b-9868-57a2d4851a1d" relativeResultsDirectory="f874cff8-b555-42fc-a652-9ae86eb2a226" />
    <UnitTestResult executionId="9eabc2a8-290f-4182-b73b-d25b3dbab40d" testId="c7215a61-4744-71be-f3c3-1974187885e2" testName="ValidToGreaterThanValidFrom" computerName="TFSBUILD11" duration="00:00:00.0055981" startTime="2015-09-28T09:43:46.7041129-07:00" endTime="2015-09-28T09:43:46.7041129-07:00" testType="13cdc9d9-ddb5-4fa4-a97d-d965ccfc6d4b" outcome="Passed" testListId="8c84fa94-04c1-424b-9868-57a2d4851a1d" relativeResultsDirectory="9eabc2a8-290f-4182-b73b-d25b3dbab40d" />
    <UnitTestResult executionId="db255baf-1924-4ff2-995e-c5690b6282d9" testId="b2c5b3b8-e994-501c-fff9-171372fd615a" testName="ShortValidTime" computerName="TFSBUILD11" duration="00:00:00.0018742" startTime="2015-09-28T09:43:46.7041129-07:00" endTime="2015-09-28T09:43:46.7041129-07:00" testType="13cdc9d9-ddb5-4fa4-a97d-d965ccfc6d4b" outcome="Passed" testListId="8c84fa94-04c1-424b-9868-57a2d4851a1d" relativeResultsDirectory="db255baf-1924-4ff2-995e-c5690b6282d9" />
    <UnitTestResult executionId="9d3d08be-6715-4874-b5cb-a06c816b87ac" testId="a418df56-4293-0fa6-53ca-07846e3971aa" testName="ExpiresToday" computerName="TFSBUILD11" duration="00:00:00.0044105" startTime="2015-09-28T09:43:46.7041129-07:00" endTime="2015-09-28T09:43:46.7197393-07:00" testType="13cdc9d9-ddb5-4fa4-a97d-d965ccfc6d4b" outcome="Passed" testListId="8c84fa94-04c1-424b-9868-57a2d4851a1d" relativeResultsDirectory="9d3d08be-6715-4874-b5cb-a06c816b87ac" />
    <UnitTestResult executionId="beeaf226-702e-45ad-896a-1cb3b55abdfb" testId="be0e3b6c-f7d5-7978-b189-d493f42bab41" testName="GetTokensFromScopeGoodScopesGoodAccount" computerName="TFSBUILD11" duration="00:00:00.1131440" startTime="2015-09-28T09:43:46.7197393-07:00" endTime="2015-09-28T09:43:46.8291221-07:00" testType="13cdc9d9-ddb5-4fa4-a97d-d965ccfc6d4b" outcome="Passed" testListId="8c84fa94-04c1-424b-9868-57a2d4851a1d" relativeResultsDirectory="beeaf226-702e-45ad-896a-1cb3b55abdfb" />
    <UnitTestResult executionId="7d5e6352-dbb8-4c98-bceb-35bb677b9233" testId="e69d0b9d-3a03-38e0-496c-1c30d4d248d0" testName="GetTokensFromScopeGoodScopesIncorrectAccount" computerName="TFSBUILD11" duration="00:00:00.0134052" startTime="2015-09-28T09:43:46.8291221-07:00" endTime="2015-09-28T09:43:46.8447479-07:00" testType="13cdc9d9-ddb5-4fa4-a97d-d965ccfc6d4b" outcome="Passed" testListId="8c84fa94-04c1-424b-9868-57a2d4851a1d" relativeResultsDirectory="7d5e6352-dbb8-4c98-bceb-35bb677b9233" />
    <UnitTestResult executionId="563ad780-1d2c-48d6-8e4f-1996e8e4a5aa" testId="84dc5361-bbdb-707c-e178-c50f7909fd5c" testName="GetTokensFromScopeGoodScopesTwoAccounts" computerName="TFSBUILD11" duration="00:00:00.0182103" startTime="2015-09-28T09:43:46.8447479-07:00" endTime="2015-09-28T09:43:46.8603740-07:00" testType="13cdc9d9-ddb5-4fa4-a97d-d965ccfc6d4b" outcome="Passed" testListId="8c84fa94-04c1-424b-9868-57a2d4851a1d" relativeResultsDirectory="563ad780-1d2c-48d6-8e4f-1996e8e4a5aa" />
    <UnitTestResult executionId="e4f2a000-6b6f-4d65-9dec-a56b6781ce15" testId="dd5b19b3-3a9f-0fb9-7efb-52232c4ec774" testName="GetTokensFromScopeMixOfExpiredAndNeedsRefresh" computerName="TFSBUILD11" duration="00:00:00.0188566" startTime="2015-09-28T09:43:46.8603740-07:00" endTime="2015-09-28T09:43:46.8760004-07:00" testType="13cdc9d9-ddb5-4fa4-a97d-d965ccfc6d4b" outcome="Passed" testListId="8c84fa94-04c1-424b-9868-57a2d4851a1d" relativeResultsDirectory="e4f2a000-6b6f-4d65-9dec-a56b6781ce15" />
    <UnitTestResult executionId="6e968b86-bb8c-4b8b-b222-e163ab89bbce" testId="084b977e-f2ce-607d-dff0-cddf7d749357" testName="GetTokensFromScopeForceRefresh" computerName="TFSBUILD11" duration="00:00:00.0092427" startTime="2015-09-28T09:43:46.8760004-07:00" endTime="2015-09-28T09:43:46.8916260-07:00" testType="13cdc9d9-ddb5-4fa4-a97d-d965ccfc6d4b" outcome="Passed" testListId="8c84fa94-04c1-424b-9868-57a2d4851a1d" relativeResultsDirectory="6e968b86-bb8c-4b8b-b222-e163ab89bbce" />
    <UnitTestResult executionId="f9843a3f-7dc2-4ef9-ab57-3d0f8b672e45" testId="d6478d2f-80ee-ea54-e32c-87d76788ab77" testName="RefreshSessionTokensForAccountAsync" computerName="TFSBUILD11" duration="00:00:00.0652645" startTime="2015-09-28T09:43:46.8916260-07:00" endTime="2015-09-28T09:43:46.9541310-07:00" testType="13cdc9d9-ddb5-4fa4-a97d-d965ccfc6d4b" outcome="Passed" testListId="8c84fa94-04c1-424b-9868-57a2d4851a1d" relativeResultsDirectory="f9843a3f-7dc2-4ef9-ab57-3d0f8b672e45" />
    <UnitTestResult executionId="76dde262-a2df-4c8a-80db-e232339951da" testId="ce11c9a4-11f8-22ed-6a93-f50338e603c2" testName="IncorrectAccountType" computerName="TFSBUILD11" duration="00:00:00.0117722" startTime="2015-09-28T09:43:46.9541310-07:00" endTime="2015-09-28T09:43:46.9697577-07:00" testType="13cdc9d9-ddb5-4fa4-a97d-d965ccfc6d4b" outcome="Passed" testListId="8c84fa94-04c1-424b-9868-57a2d4851a1d" relativeResultsDirectory="76dde262-a2df-4c8a-80db-e232339951da" />
    <UnitTestResult executionId="25a58427-58d8-4db4-8ec0-cf010a18e89c" testId="e381de1c-3b7b-8846-ae8d-a510b2dd2d2a" testName="TestGetSessionTokenFromAccountAsync" computerName="TFSBUILD11" duration="00:00:00.0250171" startTime="2015-09-28T09:43:46.9697577-07:00" endTime="2015-09-28T09:43:46.9853829-07:00" testType="13cdc9d9-ddb5-4fa4-a97d-d965ccfc6d4b" outcome="Passed" testListId="8c84fa94-04c1-424b-9868-57a2d4851a1d" relativeResultsDirectory="25a58427-58d8-4db4-8ec0-cf010a18e89c" />
    <UnitTestResult executionId="f3e12ebf-3cbc-45d0-a447-d49d5bf64479" testId="1151b8aa-d4b1-81b2-16e6-e9d0fe109ff3" testName="ServerReturnsExpiredToken" computerName="TFSBUILD11" duration="00:00:00.0273316" startTime="2015-09-28T09:43:46.9853829-07:00" endTime="2015-09-28T09:43:47.0166349-07:00" testType="13cdc9d9-ddb5-4fa4-a97d-d965ccfc6d4b" outcome="Passed" testListId="8c84fa94-04c1-424b-9868-57a2d4851a1d" relativeResultsDirectory="f3e12ebf-3cbc-45d0-a447-d49d5bf64479" />
    <UnitTestResult executionId="fc0c2c2e-5e10-4ec9-a802-407c06ef9b72" testId="a4b3bfeb-2118-20da-c542-2160e203fc25" testName="CheckGetScopeFromTokenStorage" computerName="TFSBUILD11" duration="00:00:00.0042504" startTime="2015-09-28T09:43:47.0166349-07:00" endTime="2015-09-28T09:43:47.0166349-07:00" testType="13cdc9d9-ddb5-4fa4-a97d-d965ccfc6d4b" outcome="Passed" testListId="8c84fa94-04c1-424b-9868-57a2d4851a1d" relativeResultsDirectory="fc0c2c2e-5e10-4ec9-a802-407c06ef9b72" />
    <UnitTestResult executionId="57416b42-5487-488a-8e95-5e49aab4fe2b" testId="19506f5c-1d7e-de74-3f21-b933bc288003" testName="CheckGetTargetAccountFromTokenStorage" computerName="TFSBUILD11" duration="00:00:00.0223936" startTime="2015-09-28T09:43:47.0166349-07:00" endTime="2015-09-28T09:43:47.0478874-07:00" testType="13cdc9d9-ddb5-4fa4-a97d-d965ccfc6d4b" outcome="Passed" testListId="8c84fa94-04c1-424b-9868-57a2d4851a1d" relativeResultsDirectory="57416b42-5487-488a-8e95-5e49aab4fe2b" />
    <UnitTestResult executionId="f33ea3f5-bda5-41ce-a1ba-bc4ea8a93ec1" testId="c4b2763e-e53f-3884-18c7-bb04ceb176c7" testName="VsAccountProviderAcquireTokenLogEventDefaultValues" computerName="TFSBUILD11" duration="00:00:00.0141806" startTime="2015-09-28T09:43:47.0478874-07:00" endTime="2015-09-28T09:43:47.0635138-07:00" testType="13cdc9d9-ddb5-4fa4-a97d-d965ccfc6d4b" outcome="Passed" testListId="8c84fa94-04c1-424b-9868-57a2d4851a1d" relativeResultsDirectory="f33ea3f5-bda5-41ce-a1ba-bc4ea8a93ec1" />
    <UnitTestResult executionId="369ab6a0-9782-40e0-a76d-07aedd143ca1" testId="0ead71d9-369b-cad7-1d6f-1d663e095ad0" testName="VsAccountProviderAcquireTokenLogEventCanSetPromptedValue" computerName="TFSBUILD11" duration="00:00:00.0126924" startTime="2015-09-28T09:43:47.0635138-07:00" endTime="2015-09-28T09:43:47.0791396-07:00" testType="13cdc9d9-ddb5-4fa4-a97d-d965ccfc6d4b" outcome="Passed" testListId="8c84fa94-04c1-424b-9868-57a2d4851a1d" relativeResultsDirectory="369ab6a0-9782-40e0-a76d-07aedd143ca1" />
    <UnitTestResult executionId="dc697c62-24fc-423b-b347-c25c9123490a" testId="8e853103-ee16-2858-050b-35ea401ab141" testName="VsAccountProviderAcquireTokenLogEventCanSetSucceededValue" computerName="TFSBUILD11" duration="00:00:00.0005768" startTime="2015-09-28T09:43:47.0791396-07:00" endTime="2015-09-28T09:43:47.0791396-07:00" testType="13cdc9d9-ddb5-4fa4-a97d-d965ccfc6d4b" outcome="Passed" testListId="8c84fa94-04c1-424b-9868-57a2d4851a1d" relativeResultsDirectory="dc697c62-24fc-423b-b347-c25c9123490a" />
    <UnitTestResult executionId="1ace96fa-e28d-4834-ba2f-45b372357349" testId="c9e0197f-e686-c1dc-f03e-9cb6731f2ee3" testName="VsAccountProviderAcquireTokenLogEventFallBackToExceptionTypeForSilentError" computerName="TFSBUILD11" duration="00:00:00.0009042" startTime="2015-09-28T09:43:47.0791396-07:00" endTime="2015-09-28T09:43:47.0791396-07:00" testType="13cdc9d9-ddb5-4fa4-a97d-d965ccfc6d4b" outcome="Passed" testListId="8c84fa94-04c1-424b-9868-57a2d4851a1d" relativeResultsDirectory="1ace96fa-e28d-4834-ba2f-45b372357349" />
    <UnitTestResult executionId="826ca1cc-0282-48de-9b2a-e421758426a0" testId="e002a5d6-6ebb-aa72-f0b2-2d1254702f53" testName="VsAccountProviderAcquireTokenLogEventFallBackToExceptionTypeForPromptError" computerName="TFSBUILD11" duration="00:00:00.0006525" startTime="2015-09-28T09:43:47.0791396-07:00" endTime="2015-09-28T09:43:47.0791396-07:00" testType="13cdc9d9-ddb5-4fa4-a97d-d965ccfc6d4b" outcome="Passed" testListId="8c84fa94-04c1-424b-9868-57a2d4851a1d" relativeResultsDirectory="826ca1cc-0282-48de-9b2a-e421758426a0" />
    <UnitTestResult executionId="ce9b3ff2-271d-489a-9ac2-7f2b08bc8fca" testId="52e3d72b-c1cb-e0b4-7b47-148f54e8c31b" testName="GetDefaultProviderLogo" computerName="TFSBUILD11" duration="00:00:00.0014054" startTime="2015-09-28T09:43:47.0791396-07:00" endTime="2015-09-28T09:43:47.0791396-07:00" testType="13cdc9d9-ddb5-4fa4-a97d-d965ccfc6d4b" outcome="Passed" testListId="8c84fa94-04c1-424b-9868-57a2d4851a1d" relativeResultsDirectory="ce9b3ff2-271d-489a-9ac2-7f2b08bc8fca" />
    <UnitTestResult executionId="8ff79d2b-2049-42da-853c-6a0b13b1dc83" testId="a6dd1214-deac-0574-6432-aed1ec9fbbc3" testName="GetMSAImage" computerName="TFSBUILD11" duration="00:00:00.0016193" startTime="2015-09-28T09:43:47.0791396-07:00" endTime="2015-09-28T09:43:47.0791396-07:00" testType="13cdc9d9-ddb5-4fa4-a97d-d965ccfc6d4b" outcome="Passed" testListId="8c84fa94-04c1-424b-9868-57a2d4851a1d" relativeResultsDirectory="8ff79d2b-2049-42da-853c-6a0b13b1dc83" />
    <UnitTestResult executionId="d64e2247-3d4d-4b6b-b1ab-cf369769854f" testId="cc24f708-b225-1d37-b803-2fd74ab189c0" testName="VerifySetAdalCacheNull" computerName="TFSBUILD11" duration="00:00:00.0021344" startTime="2015-09-28T09:43:47.0791396-07:00" endTime="2015-09-28T09:43:47.0791396-07:00" testType="13cdc9d9-ddb5-4fa4-a97d-d965ccfc6d4b" outcome="Passed" testListId="8c84fa94-04c1-424b-9868-57a2d4851a1d" relativeResultsDirectory="d64e2247-3d4d-4b6b-b1ab-cf369769854f" />
    <UnitTestResult executionId="c5a247e1-14aa-432d-8487-70aa1b06c823" testId="c75986fc-bb3f-771d-6675-388429722a07" testName="IsMSA" computerName="TFSBUILD11" duration="00:00:00.0014142" startTime="2015-09-28T09:43:47.0791396-07:00" endTime="2015-09-28T09:43:47.0791396-07:00" testType="13cdc9d9-ddb5-4fa4-a97d-d965ccfc6d4b" outcome="Passed" testListId="8c84fa94-04c1-424b-9868-57a2d4851a1d" relativeResultsDirectory="c5a247e1-14aa-432d-8487-70aa1b06c823" />
    <UnitTestResult executionId="f995420a-10f0-4d1a-a866-5e701136ed5f" testId="6667d325-401a-8659-fce7-ab7d89089a63" testName="SetAccountStoreNull" computerName="TFSBUILD11" duration="00:00:00.0035549" startTime="2015-09-28T09:43:47.0791396-07:00" endTime="2015-09-28T09:43:47.0791396-07:00" testType="13cdc9d9-ddb5-4fa4-a97d-d965ccfc6d4b" outcome="Passed" testListId="8c84fa94-04c1-424b-9868-57a2d4851a1d" relativeResultsDirectory="f995420a-10f0-4d1a-a866-5e701136ed5f" />
    <UnitTestResult executionId="aefad74a-052b-4aab-8fbb-d4151ab65016" testId="409fbafa-7a7f-0d6e-0c78-2a2e909bf9d2" testName="RaiseAccountProcessingEndNoOneRegistered" computerName="TFSBUILD11" duration="00:00:00.0014751" startTime="2015-09-28T09:43:47.0791396-07:00" endTime="2015-09-28T09:43:47.0947666-07:00" testType="13cdc9d9-ddb5-4fa4-a97d-d965ccfc6d4b" outcome="Passed" testListId="8c84fa94-04c1-424b-9868-57a2d4851a1d" relativeResultsDirectory="aefad74a-052b-4aab-8fbb-d4151ab65016" />
    <UnitTestResult executionId="c4f6d37d-16ad-4ce7-a4e4-163a126a6535" testId="49b57575-b01f-1579-6a32-e27f44ed927f" testName="RaiseAccountProcessingEndNoErrors" computerName="TFSBUILD11" duration="00:00:00.0016841" startTime="2015-09-28T09:43:47.0947666-07:00" endTime="2015-09-28T09:43:47.0947666-07:00" testType="13cdc9d9-ddb5-4fa4-a97d-d965ccfc6d4b" outcome="Passed" testListId="8c84fa94-04c1-424b-9868-57a2d4851a1d" relativeResultsDirectory="c4f6d37d-16ad-4ce7-a4e4-163a126a6535" />
    <UnitTestResult executionId="ac328311-83de-4b09-8561-92885bd2ddc3" testId="48ea3b75-579c-5e12-3c13-775dfd2fe0fc" testName="RaiseAccountProcessingEndErrors" computerName="TFSBUILD11" duration="00:00:00.0015667" startTime="2015-09-28T09:43:47.0947666-07:00" endTime="2015-09-28T09:43:47.0947666-07:00" testType="13cdc9d9-ddb5-4fa4-a97d-d965ccfc6d4b" outcome="Passed" testListId="8c84fa94-04c1-424b-9868-57a2d4851a1d" relativeResultsDirectory="ac328311-83de-4b09-8561-92885bd2ddc3">
      <Output>
        <StdOut>Debug Trace:
VsAccountProvider AddNewAccounts: System.ArgumentException: Value does not fall within the expected range.
VsAccountProvider AddNewAccounts: System.ObjectDisposedException: Cannot access a disposed object.
Object name: 'AnObject'.
VsAccountProvider AddNewAccounts: System.ArgumentException: Value does not fall within the expected range.
VsAccountProvider AddNewAccounts: System.ObjectDisposedException: Cannot access a disposed object.
Object name: 'AnotherObject'.</StdOut>
      </Output>
    </UnitTestResult>
    <UnitTestResult executionId="643b8e47-e841-42a1-bdda-1c3c14f8e3f5" testId="18db15c1-41c8-0a6f-3e87-ceccfd8249fb" testName="GetAdalUniqueIdsFromAccountsEmptyAccounts" computerName="TFSBUILD11" duration="00:00:00.0007076" startTime="2015-09-28T09:43:47.0947666-07:00" endTime="2015-09-28T09:43:47.0947666-07:00" testType="13cdc9d9-ddb5-4fa4-a97d-d965ccfc6d4b" outcome="Passed" testListId="8c84fa94-04c1-424b-9868-57a2d4851a1d" relativeResultsDirectory="643b8e47-e841-42a1-bdda-1c3c14f8e3f5" />
    <UnitTestResult executionId="30f7504d-915e-48a4-9eaa-77c554293b0a" testId="76182c4a-e8c4-6803-9118-3dd149679404" testName="GetAdalUniqueIdsFromAccounts" computerName="TFSBUILD11" duration="00:00:00.0476176" startTime="2015-09-28T09:43:47.0947666-07:00" endTime="2015-09-28T09:43:47.1416443-07:00" testType="13cdc9d9-ddb5-4fa4-a97d-d965ccfc6d4b" outcome="Passed" testListId="8c84fa94-04c1-424b-9868-57a2d4851a1d" relativeResultsDirectory="30f7504d-915e-48a4-9eaa-77c554293b0a" />
    <UnitTestResult executionId="ba738c4a-b869-4831-bcac-7f41a39d5704" testId="92bee82b-8d17-29a8-bd31-1451bdb9a359" testName="GetAdalUniqueIdsFromAccountsDuplicate" computerName="TFSBUILD11" duration="00:00:00.0012512" startTime="2015-09-28T09:43:47.1416443-07:00" endTime="2015-09-28T09:43:47.1416443-07:00" testType="13cdc9d9-ddb5-4fa4-a97d-d965ccfc6d4b" outcome="Passed" testListId="8c84fa94-04c1-424b-9868-57a2d4851a1d" relativeResultsDirectory="ba738c4a-b869-4831-bcac-7f41a39d5704" />
    <UnitTestResult executionId="c4a9b2be-717d-49e4-9cdb-f49d15b4407b" testId="1bdac529-51ed-46b5-8bec-8586502957cb" testName="GetAdalUniqueIdsFromAccountNoProperty" computerName="TFSBUILD11" duration="00:00:00.0008931" startTime="2015-09-28T09:43:47.1416443-07:00" endTime="2015-09-28T09:43:47.1416443-07:00" testType="13cdc9d9-ddb5-4fa4-a97d-d965ccfc6d4b" outcome="Passed" testListId="8c84fa94-04c1-424b-9868-57a2d4851a1d" relativeResultsDirectory="c4a9b2be-717d-49e4-9cdb-f49d15b4407b" />
    <UnitTestResult executionId="0619adeb-14f4-4309-b0a7-78d9084603c0" testId="ebee6a9f-3dfc-e836-5003-fe998994ee83" testName="AddNewAccountToStore" computerName="TFSBUILD11" duration="00:00:00.0177794" startTime="2015-09-28T09:43:47.1416443-07:00" endTime="2015-09-28T09:43:47.1572699-07:00" testType="13cdc9d9-ddb5-4fa4-a97d-d965ccfc6d4b" outcome="Passed" testListId="8c84fa94-04c1-424b-9868-57a2d4851a1d" relativeResultsDirectory="0619adeb-14f4-4309-b0a7-78d9084603c0" />
    <UnitTestResult executionId="e31a30f6-c8a6-41e5-8a50-04dff9a9d24c" testId="0dd6c1a1-5659-0676-1dc2-1ea242dbc2ee" testName="VerifyOrgIdDisplayNameOnAddAccount" computerName="TFSBUILD11" duration="00:00:00.0103787" startTime="2015-09-28T09:43:47.1572699-07:00" endTime="2015-09-28T09:43:47.1728966-07:00" testType="13cdc9d9-ddb5-4fa4-a97d-d965ccfc6d4b" outcome="Passed" testListId="8c84fa94-04c1-424b-9868-57a2d4851a1d" relativeResultsDirectory="e31a30f6-c8a6-41e5-8a50-04dff9a9d24c" />
    <UnitTestResult executionId="626ede00-338e-4e16-bce2-e5cbe31c6bc3" testId="5c3e48ad-350c-f8c7-da94-66678b4452e6" testName="AddNewAccountToStorePreserveProperties" computerName="TFSBUILD11" duration="00:00:00.0050576" startTime="2015-09-28T09:43:47.1728966-07:00" endTime="2015-09-28T09:43:47.1728966-07:00" testType="13cdc9d9-ddb5-4fa4-a97d-d965ccfc6d4b" outcome="Passed" testListId="8c84fa94-04c1-424b-9868-57a2d4851a1d" relativeResultsDirectory="626ede00-338e-4e16-bce2-e5cbe31c6bc3" />
    <UnitTestResult executionId="3192cc4e-5f47-4449-ada7-fae8fb7eb9f7" testId="05b5640d-1bcc-5b28-a653-04f4965fd05f" testName="AddNewAccountToStoreNoTenantsWithInfrastructure" computerName="TFSBUILD11" duration="00:00:00.0033692" startTime="2015-09-28T09:43:47.1728966-07:00" endTime="2015-09-28T09:43:47.1728966-07:00" testType="13cdc9d9-ddb5-4fa4-a97d-d965ccfc6d4b" outcome="Passed" testListId="8c84fa94-04c1-424b-9868-57a2d4851a1d" relativeResultsDirectory="3192cc4e-5f47-4449-ada7-fae8fb7eb9f7" />
    <UnitTestResult executionId="81cb545c-a487-45f2-bf8d-8ab95875b3b4" testId="2be3b7bd-33ad-e67f-19cd-52b98e7d2bc9" testName="AuthentAccountWithExistingScopes" computerName="TFSBUILD11" duration="00:00:00.0113231" startTime="2015-09-28T09:43:47.1728966-07:00" endTime="2015-09-28T09:43:47.1885221-07:00" testType="13cdc9d9-ddb5-4fa4-a97d-d965ccfc6d4b" outcome="Passed" testListId="8c84fa94-04c1-424b-9868-57a2d4851a1d" relativeResultsDirectory="81cb545c-a487-45f2-bf8d-8ab95875b3b4" />
    <UnitTestResult executionId="3d3c3d45-dc4d-4a09-a4eb-f6cda4499567" testId="a3caed54-1a8f-6b52-10ce-aa463dd767d5" testName="AuthentAccountWithUnknownDomain" computerName="TFSBUILD11" duration="00:00:00.0048466" startTime="2015-09-28T09:43:47.1885221-07:00" endTime="2015-09-28T09:43:47.2041482-07:00" testType="13cdc9d9-ddb5-4fa4-a97d-d965ccfc6d4b" outcome="Passed" testListId="8c84fa94-04c1-424b-9868-57a2d4851a1d" relativeResultsDirectory="3d3c3d45-dc4d-4a09-a4eb-f6cda4499567">
      <Output>
        <StdOut>Debug Trace:
There was a problem getting tokens for account '00000000-0000-0000-0000-000000000000' : 'Microsoft.IdentityModel.Clients.ActiveDirectory.AdalException: Unknown error
   at MS.VS.Services.Client.L0.Tests.VSAccountProviderTests.MockVSOAndAdalCalls.AcquireAdalTokenSilent(AccountManagerAdalCache adalCache, String tenantId, UserIdentifier identifier, String adalUri) in D:\v2.0\A1\_work\dbded102\VSO\Vssf\InteractiveClient\Client.L0.Tests\VSAccountProviderTests.cs:line 1884
   at Microsoft.VisualStudio.Services.Client.AccountManagement.VSAccountProvider.GetTokensForTenants(AccountManagerAdalCache adalCache, AcquireAdalTokenSilently acquireAdalToken, IEnumerable`1 tenantInfos, IEnumerable`1 scopes, String authenticatorUniqueId, String authenticator, String userName, String adalUri, Boolean isMSA) in D:\v2.0\A1\_work\dbded102\VSO\Vssf\InteractiveClient\Client\Keychain\VSProvider\VSAccountProvider.cs:line 1056
   at Microsoft.VisualStudio.Services.Client.AccountManagement.VSAccountProvider.&lt;AddOrUpdateAccountToStoreAsync&gt;d__94.MoveNext() in D:\v2.0\A1\_work\dbded102\VSO\Vssf\InteractiveClient\Client\Keychain\VSProvider\VSAccountProvider.cs:line 949
	ErrorCode: unknown_error'</StdOut>
      </Output>
    </UnitTestResult>
    <UnitTestResult executionId="eb610ab8-dbd9-4d70-a54a-ef4ff3882ddb" testId="0bad3b86-96d5-da30-ae26-a2f7335dfd49" testName="AuthenticateAccountWithScopes" computerName="TFSBUILD11" duration="00:00:00.0041119" startTime="2015-09-28T09:43:47.2041482-07:00" endTime="2015-09-28T09:43:47.2041482-07:00" testType="13cdc9d9-ddb5-4fa4-a97d-d965ccfc6d4b" outcome="Passed" testListId="8c84fa94-04c1-424b-9868-57a2d4851a1d" relativeResultsDirectory="eb610ab8-dbd9-4d70-a54a-ef4ff3882ddb" />
    <UnitTestResult executionId="c58d77b7-8468-474f-a6f6-98e0ca87d3f3" testId="c46623cd-9215-e7e6-602a-ac53db49a97d" testName="DomainIsAlreadyInTenantInfos" computerName="TFSBUILD11" duration="00:00:00.0039381" startTime="2015-09-28T09:43:47.2041482-07:00" endTime="2015-09-28T09:43:47.2041482-07:00" testType="13cdc9d9-ddb5-4fa4-a97d-d965ccfc6d4b" outcome="Passed" testListId="8c84fa94-04c1-424b-9868-57a2d4851a1d" relativeResultsDirectory="c58d77b7-8468-474f-a6f6-98e0ca87d3f3" />
    <UnitTestResult executionId="e127a0c5-243e-4139-bc48-70861f776b0d" testId="64571f59-ad5e-0f39-5ce8-db723b7b5b23" testName="ScopeIncludesDomainAndTenantForDomain" computerName="TFSBUILD11" duration="00:00:00.0036989" startTime="2015-09-28T09:43:47.2041482-07:00" endTime="2015-09-28T09:43:47.2041482-07:00" testType="13cdc9d9-ddb5-4fa4-a97d-d965ccfc6d4b" outcome="Passed" testListId="8c84fa94-04c1-424b-9868-57a2d4851a1d" relativeResultsDirectory="e127a0c5-243e-4139-bc48-70861f776b0d" />
    <UnitTestResult executionId="14139b52-41d7-4ac0-9e41-0adca144d5e1" testId="7157db18-abb3-f01c-ea67-98f9bb002f92" testName="MultipleScopesMapToSameUnOwnedTenant" computerName="TFSBUILD11" duration="00:00:00.0037273" startTime="2015-09-28T09:43:47.2041482-07:00" endTime="2015-09-28T09:43:47.2197743-07:00" testType="13cdc9d9-ddb5-4fa4-a97d-d965ccfc6d4b" outcome="Passed" testListId="8c84fa94-04c1-424b-9868-57a2d4851a1d" relativeResultsDirectory="14139b52-41d7-4ac0-9e41-0adca144d5e1" />
    <UnitTestResult executionId="f0fcb87c-197d-43a9-a377-2720e8f45dc9" testId="ff1d7f2e-43de-f078-4224-226eae6ae15d" testName="GetHomeTenantIdNoHomeTenantNoInfrastructure" computerName="TFSBUILD11" duration="00:00:00.0012691" startTime="2015-09-28T09:43:47.2197743-07:00" endTime="2015-09-28T09:43:47.2197743-07:00" testType="13cdc9d9-ddb5-4fa4-a97d-d965ccfc6d4b" outcome="Passed" testListId="8c84fa94-04c1-424b-9868-57a2d4851a1d" relativeResultsDirectory="f0fcb87c-197d-43a9-a377-2720e8f45dc9" />
    <UnitTestResult executionId="658ea8f3-17be-45b0-968c-4aff1452f30e" testId="3e14e30c-7c3b-e616-c8d5-a38639a746c8" testName="VerifyDifferentAuthenticatorHasTwoUniqueIds" computerName="TFSBUILD11" duration="00:00:00.0057281" startTime="2015-09-28T09:43:47.2197743-07:00" endTime="2015-09-28T09:43:47.2197743-07:00" testType="13cdc9d9-ddb5-4fa4-a97d-d965ccfc6d4b" outcome="Passed" testListId="8c84fa94-04c1-424b-9868-57a2d4851a1d" relativeResultsDirectory="658ea8f3-17be-45b0-968c-4aff1452f30e" />
    <UnitTestResult executionId="e615204a-2f4b-447e-938f-50dab813a5b8" testId="a1d4b094-c062-c1fd-a346-e052cdc0a5fc" testName="GetHomeTenantIdHomeTenantWithInfrastructure" computerName="TFSBUILD11" duration="00:00:00.0031962" startTime="2015-09-28T09:43:47.2197743-07:00" endTime="2015-09-28T09:43:47.2197743-07:00" testType="13cdc9d9-ddb5-4fa4-a97d-d965ccfc6d4b" outcome="Passed" testListId="8c84fa94-04c1-424b-9868-57a2d4851a1d" relativeResultsDirectory="e615204a-2f4b-447e-938f-50dab813a5b8" />
    <UnitTestResult executionId="e9170578-329f-44bd-a9bd-46ec7deb51a2" testId="fd5dcf73-bcb4-4b17-54c3-b0bff3d9cd6a" testName="GetHomeTenantIdNoHomeTenantWithNoInfrastructure" computerName="TFSBUILD11" duration="00:00:00.0029107" startTime="2015-09-28T09:43:47.2197743-07:00" endTime="2015-09-28T09:43:47.2197743-07:00" testType="13cdc9d9-ddb5-4fa4-a97d-d965ccfc6d4b" outcome="Passed" testListId="8c84fa94-04c1-424b-9868-57a2d4851a1d" relativeResultsDirectory="e9170578-329f-44bd-a9bd-46ec7deb51a2" />
    <UnitTestResult executionId="a7e46505-d534-4826-845d-99b38a27b446" testId="a4c05116-9666-97aa-a684-6671179fc708" testName="GetHomeTenantIdNoHomeTenantWithInfrastructure" computerName="TFSBUILD11" duration="00:00:00.0030739" startTime="2015-09-28T09:43:47.2197743-07:00" endTime="2015-09-28T09:43:47.2354013-07:00" testType="13cdc9d9-ddb5-4fa4-a97d-d965ccfc6d4b" outcome="Passed" testListId="8c84fa94-04c1-424b-9868-57a2d4851a1d" relativeResultsDirectory="a7e46505-d534-4826-845d-99b38a27b446" />
    <UnitTestResult executionId="ddef1283-9600-47c8-9665-e5dd3c3fe949" testId="271928b9-b912-078e-1e0f-40e26ced243b" testName="AddNewAccountToStoreNullObjectId" computerName="TFSBUILD11" duration="00:00:00.0022581" startTime="2015-09-28T09:43:47.2354013-07:00" endTime="2015-09-28T09:43:47.2354013-07:00" testType="13cdc9d9-ddb5-4fa4-a97d-d965ccfc6d4b" outcome="Passed" testListId="8c84fa94-04c1-424b-9868-57a2d4851a1d" relativeResultsDirectory="ddef1283-9600-47c8-9665-e5dd3c3fe949" />
    <UnitTestResult executionId="aa38dd2c-1fd1-419e-b7c7-d4c99c002d04" testId="eec1a6f2-b928-9021-d567-67e7d73cc23d" testName="ExtraQueryParameters" computerName="TFSBUILD11" duration="00:00:00.0080665" startTime="2015-09-28T09:43:47.2354013-07:00" endTime="2015-09-28T09:43:47.2354013-07:00" testType="13cdc9d9-ddb5-4fa4-a97d-d965ccfc6d4b" outcome="Passed" testListId="8c84fa94-04c1-424b-9868-57a2d4851a1d" relativeResultsDirectory="aa38dd2c-1fd1-419e-b7c7-d4c99c002d04" />
    <UnitTestResult executionId="7923d65e-865e-4456-bb3b-421ab14aad99" testId="aeb411b8-28b1-f7e5-5075-446a47c941ad" testName="ExtraQueryParametersMSAAccount" computerName="TFSBUILD11" duration="00:00:00.0007864" startTime="2015-09-28T09:43:47.2354013-07:00" endTime="2015-09-28T09:43:47.2354013-07:00" testType="13cdc9d9-ddb5-4fa4-a97d-d965ccfc6d4b" outcome="Passed" testListId="8c84fa94-04c1-424b-9868-57a2d4851a1d" relativeResultsDirectory="7923d65e-865e-4456-bb3b-421ab14aad99" />
    <UnitTestResult executionId="69cbbc07-d31c-4a94-9bc3-151c9ebd1cd4" testId="8642d24d-a3a1-cc54-f873-feba16e32d51" testName="ExtraQueryParametersOrgIdAccount" computerName="TFSBUILD11" duration="00:00:00.0006923" startTime="2015-09-28T09:43:47.2354013-07:00" endTime="2015-09-28T09:43:47.2354013-07:00" testType="13cdc9d9-ddb5-4fa4-a97d-d965ccfc6d4b" outcome="Passed" testListId="8c84fa94-04c1-424b-9868-57a2d4851a1d" relativeResultsDirectory="69cbbc07-d31c-4a94-9bc3-151c9ebd1cd4" />
    <UnitTestResult executionId="ac14c2c8-8636-473c-8c3f-c427405007c6" testId="2b991e8e-602a-ba40-00b0-120f20b0437a" testName="ExtraQueryParametersWillNotAppendLocaleIfAlreadySpecified" computerName="TFSBUILD11" duration="00:00:00.0015058" startTime="2015-09-28T09:43:47.2354013-07:00" endTime="2015-09-28T09:43:47.2510271-07:00" testType="13cdc9d9-ddb5-4fa4-a97d-d965ccfc6d4b" outcome="Passed" testListId="8c84fa94-04c1-424b-9868-57a2d4851a1d" relativeResultsDirectory="ac14c2c8-8636-473c-8c3f-c427405007c6" />
    <UnitTestResult executionId="6e6c26e7-2598-4848-9311-c8fdd12b8234" testId="ca47a55d-1ea3-fb7d-5dc1-4f121ae0f6c9" testName="AddNewAccountToStoreNullIdentityProviderId" computerName="TFSBUILD11" duration="00:00:00.0034767" startTime="2015-09-28T09:43:47.2510271-07:00" endTime="2015-09-28T09:43:47.2510271-07:00" testType="13cdc9d9-ddb5-4fa4-a97d-d965ccfc6d4b" outcome="Passed" testListId="8c84fa94-04c1-424b-9868-57a2d4851a1d" relativeResultsDirectory="6e6c26e7-2598-4848-9311-c8fdd12b8234" />
    <UnitTestResult executionId="baa4349e-3a2f-431f-91a6-478dc491d7ae" testId="f7d129f6-a3b5-1803-2e51-65d5bd72e564" testName="GetPossibleNewAccountsNoId" computerName="TFSBUILD11" duration="00:00:00.0011261" startTime="2015-09-28T09:43:47.2510271-07:00" endTime="2015-09-28T09:43:47.2510271-07:00" testType="13cdc9d9-ddb5-4fa4-a97d-d965ccfc6d4b" outcome="Passed" testListId="8c84fa94-04c1-424b-9868-57a2d4851a1d" relativeResultsDirectory="baa4349e-3a2f-431f-91a6-478dc491d7ae" />
    <UnitTestResult executionId="4ec147fb-fdef-4169-bb2d-ce660749a8b1" testId="96da696a-d036-d840-07f0-68ea86e17818" testName="GetPossibleNewAccountsDifferent" computerName="TFSBUILD11" duration="00:00:00.0008712" startTime="2015-09-28T09:43:47.2510271-07:00" endTime="2015-09-28T09:43:47.2510271-07:00" testType="13cdc9d9-ddb5-4fa4-a97d-d965ccfc6d4b" outcome="Passed" testListId="8c84fa94-04c1-424b-9868-57a2d4851a1d" relativeResultsDirectory="4ec147fb-fdef-4169-bb2d-ce660749a8b1" />
    <UnitTestResult executionId="936491c9-7e66-4d83-981e-a27a0a99116a" testId="56d41b9b-5def-ff4c-aa8a-1d2f82a1fce4" testName="GetPossibleNewAccountsSameId" computerName="TFSBUILD11" duration="00:00:00.0008726" startTime="2015-09-28T09:43:47.2510271-07:00" endTime="2015-09-28T09:43:47.2510271-07:00" testType="13cdc9d9-ddb5-4fa4-a97d-d965ccfc6d4b" outcome="Passed" testListId="8c84fa94-04c1-424b-9868-57a2d4851a1d" relativeResultsDirectory="936491c9-7e66-4d83-981e-a27a0a99116a" />
    <UnitTestResult executionId="d4484398-a5a5-480d-bc61-e8e65a532cb1" testId="0aea1df3-e742-1749-b5f0-5da2a20411dd" testName="ClearTokens" computerName="TFSBUILD11" duration="00:00:00.0024706" startTime="2015-09-28T09:43:47.2510271-07:00" endTime="2015-09-28T09:43:47.2510271-07:00" testType="13cdc9d9-ddb5-4fa4-a97d-d965ccfc6d4b" outcome="Passed" testListId="8c84fa94-04c1-424b-9868-57a2d4851a1d" relativeResultsDirectory="d4484398-a5a5-480d-bc61-e8e65a532cb1" />
    <UnitTestResult executionId="26754b62-072a-4303-ae41-c415ec68278d" testId="4d9d6434-d80b-c359-8dbf-19f79c778a00" testName="GetADALEndpointOverride" computerName="TFSBUILD11" duration="00:00:00.0010259" startTime="2015-09-28T09:43:47.2510271-07:00" endTime="2015-09-28T09:43:47.2510271-07:00" testType="13cdc9d9-ddb5-4fa4-a97d-d965ccfc6d4b" outcome="Passed" testListId="8c84fa94-04c1-424b-9868-57a2d4851a1d" relativeResultsDirectory="26754b62-072a-4303-ae41-c415ec68278d" />
    <UnitTestResult executionId="dd29fddd-4514-4a09-910c-b63f46ff16cf" testId="f7aeb571-1734-58fe-ae60-675a6e6ec448" testName="GetAdalExtraQueryParametersOverride" computerName="TFSBUILD11" duration="00:00:00.0008772" startTime="2015-09-28T09:43:47.2510271-07:00" endTime="2015-09-28T09:43:47.2510271-07:00" testType="13cdc9d9-ddb5-4fa4-a97d-d965ccfc6d4b" outcome="Passed" testListId="8c84fa94-04c1-424b-9868-57a2d4851a1d" relativeResultsDirectory="dd29fddd-4514-4a09-910c-b63f46ff16cf" />
    <UnitTestResult executionId="f1a6da28-08b9-4b31-8eee-f68f8ecd87ed" testId="78cd5af3-1a80-e6dc-90da-34f82e6f4687" testName="GetPersonalizationAccount" computerName="TFSBUILD11" duration="00:00:00.0023810" startTime="2015-09-28T09:43:47.2510271-07:00" endTime="2015-09-28T09:43:47.2666532-07:00" testType="13cdc9d9-ddb5-4fa4-a97d-d965ccfc6d4b" outcome="Passed" testListId="8c84fa94-04c1-424b-9868-57a2d4851a1d" relativeResultsDirectory="f1a6da28-08b9-4b31-8eee-f68f8ecd87ed" />
    <UnitTestResult executionId="f2310c73-017b-46dc-8779-f2aee292b100" testId="2c9b7992-67b0-6a8c-8dce-4c6d63d82f76" testName="TestEmptyAdalCacheNoItems" computerName="TFSBUILD11" duration="00:00:00.0105585" startTime="2015-09-28T09:43:47.2666532-07:00" endTime="2015-09-28T09:43:47.2666532-07:00" testType="13cdc9d9-ddb5-4fa4-a97d-d965ccfc6d4b" outcome="Passed" testListId="8c84fa94-04c1-424b-9868-57a2d4851a1d" relativeResultsDirectory="f2310c73-017b-46dc-8779-f2aee292b100" />
    <UnitTestResult executionId="8b862fae-8e49-4e41-98d9-6c50c389490e" testId="a4f782ac-75bb-61b9-4517-1314b434b4b4" testName="TestEmptyAdalCacheOneItem" computerName="TFSBUILD11" duration="00:00:00.0094876" startTime="2015-09-28T09:43:47.2666532-07:00" endTime="2015-09-28T09:43:47.2822793-07:00" testType="13cdc9d9-ddb5-4fa4-a97d-d965ccfc6d4b" outcome="Passed" testListId="8c84fa94-04c1-424b-9868-57a2d4851a1d" relativeResultsDirectory="8b862fae-8e49-4e41-98d9-6c50c389490e" />
    <UnitTestResult executionId="8361bc0b-43fc-4394-a2e6-e4f774f0d7d1" testId="7d6f11e8-0cfc-2703-7d37-b6f091297e35" testName="TestEmptyAdalCacheTwoAccountsDifferentVSID" computerName="TFSBUILD11" duration="00:00:00.0069594" startTime="2015-09-28T09:43:47.2822793-07:00" endTime="2015-09-28T09:43:47.2822793-07:00" testType="13cdc9d9-ddb5-4fa4-a97d-d965ccfc6d4b" outcome="Passed" testListId="8c84fa94-04c1-424b-9868-57a2d4851a1d" relativeResultsDirectory="8361bc0b-43fc-4394-a2e6-e4f774f0d7d1" />
    <UnitTestResult executionId="44b61b55-f3de-45cd-9e1d-a6dc9940838a" testId="b763126e-0bb0-36de-6e12-f405dbdc81b2" testName="ProcessOneAccountResultNotInCache" computerName="TFSBUILD11" duration="00:00:00.0044831" startTime="2015-09-28T09:43:47.2822793-07:00" endTime="2015-09-28T09:43:47.2979054-07:00" testType="13cdc9d9-ddb5-4fa4-a97d-d965ccfc6d4b" outcome="Passed" testListId="8c84fa94-04c1-424b-9868-57a2d4851a1d" relativeResultsDirectory="44b61b55-f3de-45cd-9e1d-a6dc9940838a" />
    <UnitTestResult executionId="72f849bb-bb16-47c1-abe9-3d27f23bd55c" testId="40bda1f3-8d0e-115c-320a-0d1f3d5292a5" testName="ReAuthenticateAccountWithUITestParams" computerName="TFSBUILD11" duration="00:00:00.0010621" startTime="2015-09-28T09:43:47.2979054-07:00" endTime="2015-09-28T09:43:47.2979054-07:00" testType="13cdc9d9-ddb5-4fa4-a97d-d965ccfc6d4b" outcome="Passed" testListId="8c84fa94-04c1-424b-9868-57a2d4851a1d" relativeResultsDirectory="72f849bb-bb16-47c1-abe9-3d27f23bd55c" />
    <UnitTestResult executionId="1ead7c74-73f0-4116-9378-d5bf6e01a7cd" testId="fa8b92a8-a99d-a860-74cf-22441d12c206" testName="MarkAccountsForReAuthenticationAsyncNoAccounts" computerName="TFSBUILD11" duration="00:00:00.0034835" startTime="2015-09-28T09:43:47.2979054-07:00" endTime="2015-09-28T09:43:47.2979054-07:00" testType="13cdc9d9-ddb5-4fa4-a97d-d965ccfc6d4b" outcome="Passed" testListId="8c84fa94-04c1-424b-9868-57a2d4851a1d" relativeResultsDirectory="1ead7c74-73f0-4116-9378-d5bf6e01a7cd" />
    <UnitTestResult executionId="c980753b-b76d-4efe-b4b2-2f7669cdb1de" testId="eaf6aad1-9af5-b436-ae12-824e339b19fd" testName="RefreshDisplayInfo" computerName="TFSBUILD11" duration="00:00:00.0066423" startTime="2015-09-28T09:43:47.2979054-07:00" endTime="2015-09-28T09:43:47.2979054-07:00" testType="13cdc9d9-ddb5-4fa4-a97d-d965ccfc6d4b" outcome="Passed" testListId="8c84fa94-04c1-424b-9868-57a2d4851a1d" relativeResultsDirectory="c980753b-b76d-4efe-b4b2-2f7669cdb1de" />
    <UnitTestResult executionId="0d56cf50-63b4-462b-b48b-d3a992ce3a93" testId="5b85ca62-bfea-4328-226f-8e51fd91d1ce" testName="TestRefreshAccountsNeedReauthenticationAsyncFetchesNewToken" computerName="TFSBUILD11" duration="00:00:00.0129760" startTime="2015-09-28T09:43:47.2979054-07:00" endTime="2015-09-28T09:43:47.3135313-07:00" testType="13cdc9d9-ddb5-4fa4-a97d-d965ccfc6d4b" outcome="Passed" testListId="8c84fa94-04c1-424b-9868-57a2d4851a1d" relativeResultsDirectory="0d56cf50-63b4-462b-b48b-d3a992ce3a93">
      <Output>
        <StdOut>Debug Trace:
Account:'99983db3-b09f-4926-9db7-d2dab7fe97f3' ProviderId:'552afc90-145a-469c-8c31-943595db4a66'</StdOut>
      </Output>
    </UnitTestResult>
    <UnitTestResult executionId="1966a2f8-ac71-4876-a642-56df30f2f941" testId="0d1aad2b-d3d3-4e21-9db0-52edeec1c948" testName="TestRefreshAccountsNeedReauthenticationAsyncCancellation" computerName="TFSBUILD11" duration="00:00:00.0053848" startTime="2015-09-28T09:43:47.3135313-07:00" endTime="2015-09-28T09:43:47.3291571-07:00" testType="13cdc9d9-ddb5-4fa4-a97d-d965ccfc6d4b" outcome="Passed" testListId="8c84fa94-04c1-424b-9868-57a2d4851a1d" relativeResultsDirectory="1966a2f8-ac71-4876-a642-56df30f2f941" />
    <UnitTestResult executionId="d7ba6ce8-f60b-4955-a3e1-1b9e3aac0c0c" testId="da637b63-13fc-6e90-fb74-ccaa0c19f22f" testName="MarkAccountsForReAuthenticationAsyncAccountWithAllFreshTokens" computerName="TFSBUILD11" duration="00:00:00.0051393" startTime="2015-09-28T09:43:47.3291571-07:00" endTime="2015-09-28T09:43:47.3291571-07:00" testType="13cdc9d9-ddb5-4fa4-a97d-d965ccfc6d4b" outcome="Passed" testListId="8c84fa94-04c1-424b-9868-57a2d4851a1d" relativeResultsDirectory="d7ba6ce8-f60b-4955-a3e1-1b9e3aac0c0c" />
    <UnitTestResult executionId="45990aae-d8c9-4f57-8c3c-72bef76a327c" testId="febf8c63-34ea-7123-7508-3ea92ba974a3" testName="MarkAccountsForReAuthenticationAsyncAccountWithOneExpiredOneGoodToken" computerName="TFSBUILD11" duration="00:00:00.0018261" startTime="2015-09-28T09:43:47.3291571-07:00" endTime="2015-09-28T09:43:47.3291571-07:00" testType="13cdc9d9-ddb5-4fa4-a97d-d965ccfc6d4b" outcome="Passed" testListId="8c84fa94-04c1-424b-9868-57a2d4851a1d" relativeResultsDirectory="45990aae-d8c9-4f57-8c3c-72bef76a327c" />
    <UnitTestResult executionId="32f1f163-c846-4688-8b93-a9de51560baa" testId="c09bf43c-3dab-e288-cb8a-9ea84d1b75b3" testName="MarkAccountsForReAuthenticationAsyncAccountWithAllExpiredTokens" computerName="TFSBUILD11" duration="00:00:00.0017459" startTime="2015-09-28T09:43:47.3291571-07:00" endTime="2015-09-28T09:43:47.3291571-07:00" testType="13cdc9d9-ddb5-4fa4-a97d-d965ccfc6d4b" outcome="Passed" testListId="8c84fa94-04c1-424b-9868-57a2d4851a1d" relativeResultsDirectory="32f1f163-c846-4688-8b93-a9de51560baa">
      <Output>
        <StdOut>Debug Trace:
Could not refresh the adal token for user UniqueId3, tenant ECAAB6AC-702F-4A5D-9AD3-16A93F56F825 : System.InvalidOperationException: Getting new token fails on purpose
   at MS.VS.Services.Client.L0.Tests.VSAccountProviderTests.&lt;&gt;c.&lt;TestRefreshAccountsNeedsReauthentication&gt;b__56_1() in D:\v2.0\A1\_work\dbded102\VSO\Vssf\InteractiveClient\Client.L0.Tests\VSAccountProviderTests.cs:line 1292
   at MS.VS.Services.Client.L0.Tests.VSAccountProviderTests.MockVSOAndAdalCalls.AcquireAdalTokenSilent(AccountManagerAdalCache adalCache, String tenantId, UserIdentifier identifier, String adalUri) in D:\v2.0\A1\_work\dbded102\VSO\Vssf\InteractiveClient\Client.L0.Tests\VSAccountProviderTests.cs:line 1797
   at MS.VS.Services.Client.L0.Tests.VSAccountProviderTests.MockVSOAndAdalCalls.AcquireAdalTokenSilentAsync(AccountManagerAdalCache adalCache, KeyValuePair`2 userIdTenantIdPair, String adalUri) in D:\v2.0\A1\_work\dbded102\VSO\Vssf\InteractiveClient\Client.L0.Tests\VSAccountProviderTests.cs:line 1903
   at Microsoft.VisualStudio.Services.Client.AccountManagement.VSAccountProvider.&lt;GetAccountNeedsReauthenticationAsync&gt;d__84.MoveNext() in D:\v2.0\A1\_work\dbded102\VSO\Vssf\InteractiveClient\Client\Keychain\VSProvider\VSAccountProvider.cs:line 574
Could not refresh the adal token for user UniqueId4, tenant ECAAB6AC-702F-4A5D-9AD3-16A93F56F826 : System.InvalidOperationException: Getting new token fails on purpose
   at MS.VS.Services.Client.L0.Tests.VSAccountProviderTests.&lt;&gt;c.&lt;TestRefreshAccountsNeedsReauthentication&gt;b__56_1() in D:\v2.0\A1\_work\dbded102\VSO\Vssf\InteractiveClient\Client.L0.Tests\VSAccountProviderTests.cs:line 1292
   at MS.VS.Services.Client.L0.Tests.VSAccountProviderTests.MockVSOAndAdalCalls.AcquireAdalTokenSilent(AccountManagerAdalCache adalCache, String tenantId, UserIdentifier identifier, String adalUri) in D:\v2.0\A1\_work\dbded102\VSO\Vssf\InteractiveClient\Client.L0.Tests\VSAccountProviderTests.cs:line 1797
   at MS.VS.Services.Client.L0.Tests.VSAccountProviderTests.MockVSOAndAdalCalls.AcquireAdalTokenSilentAsync(AccountManagerAdalCache adalCache, KeyValuePair`2 userIdTenantIdPair, String adalUri) in D:\v2.0\A1\_work\dbded102\VSO\Vssf\InteractiveClient\Client.L0.Tests\VSAccountProviderTests.cs:line 1903
   at Microsoft.VisualStudio.Services.Client.AccountManagement.VSAccountProvider.&lt;GetAccountNeedsReauthenticationAsync&gt;d__84.MoveNext() in D:\v2.0\A1\_work\dbded102\VSO\Vssf\InteractiveClient\Client\Keychain\VSProvider\VSAccountProvider.cs:line 574</StdOut>
      </Output>
    </UnitTestResult>
    <UnitTestResult executionId="c5dd87cb-b0b1-42f5-94ca-e6c1932e83db" testId="f8297e6e-1f63-ff3e-b8c3-6f05017f7da8" testName="MarkAccountsForReAuthenticationAsyncOneGoodOneBadAccount" computerName="TFSBUILD11" duration="00:00:00.0025588" startTime="2015-09-28T09:43:47.3291571-07:00" endTime="2015-09-28T09:43:47.3291571-07:00" testType="13cdc9d9-ddb5-4fa4-a97d-d965ccfc6d4b" outcome="Passed" testListId="8c84fa94-04c1-424b-9868-57a2d4851a1d" relativeResultsDirectory="c5dd87cb-b0b1-42f5-94ca-e6c1932e83db">
      <Output>
        <StdOut>Debug Trace:
Could not refresh the adal token for user UniqueId4, tenant ECAAB6AC-702F-4A5D-9AD3-16A93F56F826 : System.InvalidOperationException: Getting new token fails on purpose
   at MS.VS.Services.Client.L0.Tests.VSAccountProviderTests.&lt;&gt;c.&lt;MarkAccountsForReAuthenticationOneGoodOneBadAccount&gt;b__64_0() in D:\v2.0\A1\_work\dbded102\VSO\Vssf\InteractiveClient\Client.L0.Tests\VSAccountProviderTests.cs:line 1422
   at MS.VS.Services.Client.L0.Tests.VSAccountProviderTests.MockVSOAndAdalCalls.AcquireAdalTokenSilent(AccountManagerAdalCache adalCache, String tenantId, UserIdentifier identifier, String adalUri) in D:\v2.0\A1\_work\dbded102\VSO\Vssf\InteractiveClient\Client.L0.Tests\VSAccountProviderTests.cs:line 1797
   at MS.VS.Services.Client.L0.Tests.VSAccountProviderTests.MockVSOAndAdalCalls.AcquireAdalTokenSilentAsync(AccountManagerAdalCache adalCache, KeyValuePair`2 userIdTenantIdPair, String adalUri) in D:\v2.0\A1\_work\dbded102\VSO\Vssf\InteractiveClient\Client.L0.Tests\VSAccountProviderTests.cs:line 1903
   at Microsoft.VisualStudio.Services.Client.AccountManagement.VSAccountProvider.&lt;GetAccountNeedsReauthenticationAsync&gt;d__84.MoveNext() in D:\v2.0\A1\_work\dbded102\VSO\Vssf\InteractiveClient\Client\Keychain\VSProvider\VSAccountProvider.cs:line 574</StdOut>
      </Output>
    </UnitTestResult>
    <UnitTestResult executionId="8246ff5a-2bae-449e-b0e5-e15dd0e7261c" testId="cfd2d37f-9f92-0648-8dcf-288987b196e5" testName="MarkAccountsForReAuthenticationAsyncAccountWithMissingTokens" computerName="TFSBUILD11" duration="00:00:00.0008740" startTime="2015-09-28T09:43:47.3291571-07:00" endTime="2015-09-28T09:43:47.3291571-07:00" testType="13cdc9d9-ddb5-4fa4-a97d-d965ccfc6d4b" outcome="Passed" testListId="8c84fa94-04c1-424b-9868-57a2d4851a1d" relativeResultsDirectory="8246ff5a-2bae-449e-b0e5-e15dd0e7261c">
      <Output>
        <StdOut>Debug Trace:
Could not refresh the adal token for user UniqueId3, tenant ECAAB6AC-702F-4A5D-9AD3-16A93F56F825 : System.InvalidOperationException: Getting new token fails on purpose
   at MS.VS.Services.Client.L0.Tests.VSAccountProviderTests.&lt;&gt;c.&lt;TestRefreshAccountsNeedsReauthentication&gt;b__56_1() in D:\v2.0\A1\_work\dbded102\VSO\Vssf\InteractiveClient\Client.L0.Tests\VSAccountProviderTests.cs:line 1292
   at MS.VS.Services.Client.L0.Tests.VSAccountProviderTests.MockVSOAndAdalCalls.AcquireAdalTokenSilent(AccountManagerAdalCache adalCache, String tenantId, UserIdentifier identifier, String adalUri) in D:\v2.0\A1\_work\dbded102\VSO\Vssf\InteractiveClient\Client.L0.Tests\VSAccountProviderTests.cs:line 1797
   at MS.VS.Services.Client.L0.Tests.VSAccountProviderTests.MockVSOAndAdalCalls.AcquireAdalTokenSilentAsync(AccountManagerAdalCache adalCache, KeyValuePair`2 userIdTenantIdPair, String adalUri) in D:\v2.0\A1\_work\dbded102\VSO\Vssf\InteractiveClient\Client.L0.Tests\VSAccountProviderTests.cs:line 1903
   at Microsoft.VisualStudio.Services.Client.AccountManagement.VSAccountProvider.&lt;GetAccountNeedsReauthenticationAsync&gt;d__84.MoveNext() in D:\v2.0\A1\_work\dbded102\VSO\Vssf\InteractiveClient\Client\Keychain\VSProvider\VSAccountProvider.cs:line 574
Could not refresh the adal token for user UniqueId4, tenant ECAAB6AC-702F-4A5D-9AD3-16A93F56F826 : System.InvalidOperationException: Getting new token fails on purpose
   at MS.VS.Services.Client.L0.Tests.VSAccountProviderTests.&lt;&gt;c.&lt;TestRefreshAccountsNeedsReauthentication&gt;b__56_1() in D:\v2.0\A1\_work\dbded102\VSO\Vssf\InteractiveClient\Client.L0.Tests\VSAccountProviderTests.cs:line 1292
   at MS.VS.Services.Client.L0.Tests.VSAccountProviderTests.MockVSOAndAdalCalls.AcquireAdalTokenSilent(AccountManagerAdalCache adalCache, String tenantId, UserIdentifier identifier, String adalUri) in D:\v2.0\A1\_work\dbded102\VSO\Vssf\InteractiveClient\Client.L0.Tests\VSAccountProviderTests.cs:line 1797
   at MS.VS.Services.Client.L0.Tests.VSAccountProviderTests.MockVSOAndAdalCalls.AcquireAdalTokenSilentAsync(AccountManagerAdalCache adalCache, KeyValuePair`2 userIdTenantIdPair, String adalUri) in D:\v2.0\A1\_work\dbded102\VSO\Vssf\InteractiveClient\Client.L0.Tests\VSAccountProviderTests.cs:line 1903
   at Microsoft.VisualStudio.Services.Client.AccountManagement.VSAccountProvider.&lt;GetAccountNeedsReauthenticationAsync&gt;d__84.MoveNext() in D:\v2.0\A1\_work\dbded102\VSO\Vssf\InteractiveClient\Client\Keychain\VSProvider\VSAccountProvider.cs:line 574</StdOut>
      </Output>
    </UnitTestResult>
    <UnitTestResult executionId="0be75076-ccf3-40a5-a634-8b15674390cb" testId="dc224a11-9954-2f28-4bf2-5b782b0c13eb" testName="ReAuthenticateAccountWithUITestFailCommonTenant" computerName="TFSBUILD11" duration="00:00:00.0035797" startTime="2015-09-28T09:43:47.3291571-07:00" endTime="2015-09-28T09:43:47.3447835-07:00" testType="13cdc9d9-ddb5-4fa4-a97d-d965ccfc6d4b" outcome="Passed" testListId="8c84fa94-04c1-424b-9868-57a2d4851a1d" relativeResultsDirectory="0be75076-ccf3-40a5-a634-8b15674390cb" />
    <UnitTestResult executionId="3b5c3587-4737-450e-a1cb-557433c446f8" testId="a4a1c505-5c1b-ef8c-837c-4214a2c4995d" testName="ReAuthenticateAccountWithUITestFailChildTenant" computerName="TFSBUILD11" duration="00:00:00.0135955" startTime="2015-09-28T09:43:47.3447835-07:00" endTime="2015-09-28T09:43:47.3604096-07:00" testType="13cdc9d9-ddb5-4fa4-a97d-d965ccfc6d4b" outcome="Passed" testListId="8c84fa94-04c1-424b-9868-57a2d4851a1d" relativeResultsDirectory="3b5c3587-4737-450e-a1cb-557433c446f8" />
    <UnitTestResult executionId="3fa92388-85d9-4d27-8bf2-382123aea4f6" testId="70e3d9d4-e66b-ec40-b486-fa383cef5381" testName="ReAuthenticateAccountWithUIMultipleTenants" computerName="TFSBUILD11" duration="00:00:00.9314330" startTime="2015-09-28T09:43:47.3604096-07:00" endTime="2015-09-28T09:43:48.2823527-07:00" testType="13cdc9d9-ddb5-4fa4-a97d-d965ccfc6d4b" outcome="Passed" testListId="8c84fa94-04c1-424b-9868-57a2d4851a1d" relativeResultsDirectory="3fa92388-85d9-4d27-8bf2-382123aea4f6">
      <Output>
        <StdOut>Debug Trace:
ResolveFWLinkAccountManager statusCode is redirect: 'True'
ResolveFWLinkAccountManager resovled fwlink from 'https://go.microsoft.com/fwlink/?LinkID=415837' to 'https://app.vssps.visualstudio.com/'
Resolved VSO Endpoint during account reauthentication as :https://app.vssps.visualstudio.com/</StdOut>
      </Output>
    </UnitTestResult>
    <UnitTestResult executionId="ed30d062-f669-4a30-b2c3-3e443bc33e0c" testId="711476f0-c993-0aae-cab7-241192e4bb7d" testName="TestEmptyAdalCacheOneAccountThreeTenants" computerName="TFSBUILD11" duration="00:00:00.0032193" startTime="2015-09-28T09:43:48.2823527-07:00" endTime="2015-09-28T09:43:48.2823527-07:00" testType="13cdc9d9-ddb5-4fa4-a97d-d965ccfc6d4b" outcome="Passed" testListId="8c84fa94-04c1-424b-9868-57a2d4851a1d" relativeResultsDirectory="ed30d062-f669-4a30-b2c3-3e443bc33e0c" />
    <UnitTestResult executionId="76a39d56-bfdf-43c4-9f92-75aedb776e3b" testId="14891ef0-cfa6-20c4-d429-56ca0e5e8e0b" testName="TestGetIdentityErrors" computerName="TFSBUILD11" duration="00:00:00.0057355" startTime="2015-09-28T09:43:48.2823527-07:00" endTime="2015-09-28T09:43:48.2979766-07:00" testType="13cdc9d9-ddb5-4fa4-a97d-d965ccfc6d4b" outcome="Passed" testListId="8c84fa94-04c1-424b-9868-57a2d4851a1d" relativeResultsDirectory="76a39d56-bfdf-43c4-9f92-75aedb776e3b">
      <Output>
        <StdOut>Debug Trace:
VsAccountProvider AddNewAccounts: System.ArgumentException: Value does not fall within the expected range.</StdOut>
      </Output>
    </UnitTestResult>
    <UnitTestResult executionId="4254cbc7-715f-4036-ac9d-79a03bfb070a" testId="f913383b-e66c-c85f-4e87-5b0f00ff48eb" testName="FindAccountFromAccountKeyNull" computerName="TFSBUILD11" duration="00:00:00.0007699" startTime="2015-09-28T09:43:48.2979766-07:00" endTime="2015-09-28T09:43:48.2979766-07:00" testType="13cdc9d9-ddb5-4fa4-a97d-d965ccfc6d4b" outcome="Passed" testListId="8c84fa94-04c1-424b-9868-57a2d4851a1d" relativeResultsDirectory="4254cbc7-715f-4036-ac9d-79a03bfb070a" />
    <UnitTestResult executionId="8b04bc85-754a-4764-bd47-f51714980480" testId="3f83e266-c313-fea9-183b-b61a0cf8a132" testName="FindAccountFromAccountKeyAccountPresent" computerName="TFSBUILD11" duration="00:00:00.0004636" startTime="2015-09-28T09:43:48.2979766-07:00" endTime="2015-09-28T09:43:48.2979766-07:00" testType="13cdc9d9-ddb5-4fa4-a97d-d965ccfc6d4b" outcome="Passed" testListId="8c84fa94-04c1-424b-9868-57a2d4851a1d" relativeResultsDirectory="8b04bc85-754a-4764-bd47-f51714980480" />
    <UnitTestResult executionId="22c0308c-300c-473b-86cc-0656afb9ae0c" testId="c692bf4e-9e40-4b59-4feb-b79ac2f12af2" testName="FindAccountFromAccountKeyAccountNotPresent" computerName="TFSBUILD11" duration="00:00:00.0006573" startTime="2015-09-28T09:43:48.2979766-07:00" endTime="2015-09-28T09:43:48.2979766-07:00" testType="13cdc9d9-ddb5-4fa4-a97d-d965ccfc6d4b" outcome="Passed" testListId="8c84fa94-04c1-424b-9868-57a2d4851a1d" relativeResultsDirectory="22c0308c-300c-473b-86cc-0656afb9ae0c" />
    <UnitTestResult executionId="15beafab-1f0b-4015-baaa-0d4da9a6aa17" testId="a6ab258a-cf4d-4afa-bb3f-b7eb4d4664a9" testName="GetTenantsInScopeNoScope" computerName="TFSBUILD11" duration="00:00:00.0010817" startTime="2015-09-28T09:43:48.2979766-07:00" endTime="2015-09-28T09:43:48.2979766-07:00" testType="13cdc9d9-ddb5-4fa4-a97d-d965ccfc6d4b" outcome="Passed" testListId="8c84fa94-04c1-424b-9868-57a2d4851a1d" relativeResultsDirectory="15beafab-1f0b-4015-baaa-0d4da9a6aa17" />
    <UnitTestResult executionId="1db07c93-8d93-42ad-960a-82fe2e55819d" testId="aeafc41a-047f-9cc7-8467-9fad4e94694c" testName="GetTenantsInScopeThenClearFilter" computerName="TFSBUILD11" duration="00:00:00.0039679" startTime="2015-09-28T09:43:48.2979766-07:00" endTime="2015-09-28T09:43:48.2979766-07:00" testType="13cdc9d9-ddb5-4fa4-a97d-d965ccfc6d4b" outcome="Passed" testListId="8c84fa94-04c1-424b-9868-57a2d4851a1d" relativeResultsDirectory="1db07c93-8d93-42ad-960a-82fe2e55819d" />
  </Results>
  <TestDefinitions>
    <UnitTest name="NewStoreNoFile" storage="d:\v2.0\a1\_work\dbded102\bin\release.anycpu\vssf.interactiveclient\ms.vs.services.client.l0.tests\ms.vs.services.client.l0.tests.dll" id="3678f8b1-fec1-4fb1-c26f-08ca746f2096">
      <Execution id="b6384d18-eb28-4eee-a679-9991d4b44149" />
      <TestMethod codeBase="D:\v2.0\A1\_work\dbded102\bin\Release.AnyCPU\Vssf.InteractiveClient\MS.VS.Services.Client.L0.Tests\MS.VS.Services.Client.L0.Tests.dll" adapterTypeName="Microsoft.VisualStudio.TestTools.TestTypes.Unit.UnitTestAdapter" className="MS.VS.Services.Client.L0.Tests.AccountManagerAdalCacheStorageTests" name="NewStoreNoFile" />
    </UnitTest>
    <UnitTest name="WriteEmptyData" storage="d:\v2.0\a1\_work\dbded102\bin\release.anycpu\vssf.interactiveclient\ms.vs.services.client.l0.tests\ms.vs.services.client.l0.tests.dll" id="1aa99fad-0362-a966-f777-ae508910d273">
      <Execution id="26fafbc8-0b80-4826-9300-7ac74ef5c96b" />
      <TestMethod codeBase="D:\v2.0\A1\_work\dbded102\bin\Release.AnyCPU\Vssf.InteractiveClient\MS.VS.Services.Client.L0.Tests\MS.VS.Services.Client.L0.Tests.dll" adapterTypeName="Microsoft.VisualStudio.TestTools.TestTypes.Unit.UnitTestAdapter" className="MS.VS.Services.Client.L0.Tests.AccountManagerAdalCacheStorageTests" name="WriteEmptyData" />
    </UnitTest>
    <UnitTest name="WriteGoodData" storage="d:\v2.0\a1\_work\dbded102\bin\release.anycpu\vssf.interactiveclient\ms.vs.services.client.l0.tests\ms.vs.services.client.l0.tests.dll" id="5a5bd437-8101-48ce-0b14-73d7fbcb6f14">
      <Execution id="b11aa496-ffc6-4780-bbc1-e649ddfc4211" />
      <TestMethod codeBase="D:\v2.0\A1\_work\dbded102\bin\Release.AnyCPU\Vssf.InteractiveClient\MS.VS.Services.Client.L0.Tests\MS.VS.Services.Client.L0.Tests.dll" adapterTypeName="Microsoft.VisualStudio.TestTools.TestTypes.Unit.UnitTestAdapter" className="MS.VS.Services.Client.L0.Tests.AccountManagerAdalCacheStorageTests" name="WriteGoodData" />
    </UnitTest>
    <UnitTest name="TestClear" storage="d:\v2.0\a1\_work\dbded102\bin\release.anycpu\vssf.interactiveclient\ms.vs.services.client.l0.tests\ms.vs.services.client.l0.tests.dll" id="864a8ec2-83f0-ead3-5de7-5e28f509218e">
      <Execution id="6fc114a9-2412-4530-ba9e-b9dfb019ba92" />
      <TestMethod codeBase="D:\v2.0\A1\_work\dbded102\bin\Release.AnyCPU\Vssf.InteractiveClient\MS.VS.Services.Client.L0.Tests\MS.VS.Services.Client.L0.Tests.dll" adapterTypeName="Microsoft.VisualStudio.TestTools.TestTypes.Unit.UnitTestAdapter" className="MS.VS.Services.Client.L0.Tests.AccountManagerAdalCacheStorageTests" name="TestClear" />
    </UnitTest>
    <UnitTest name="TestHasChanged" storage="d:\v2.0\a1\_work\dbded102\bin\release.anycpu\vssf.interactiveclient\ms.vs.services.client.l0.tests\ms.vs.services.client.l0.tests.dll" id="ca41249c-66ec-b9d2-dc3b-fa1581d6f7ae">
      <Execution id="ca324133-f46e-4083-9833-196cc8374fe2" />
      <TestMethod codeBase="D:\v2.0\A1\_work\dbded102\bin\Release.AnyCPU\Vssf.InteractiveClient\MS.VS.Services.Client.L0.Tests\MS.VS.Services.Client.L0.Tests.dll" adapterTypeName="Microsoft.VisualStudio.TestTools.TestTypes.Unit.UnitTestAdapter" className="MS.VS.Services.Client.L0.Tests.AccountManagerAdalCacheStorageTests" name="TestHasChanged" />
    </UnitTest>
    <UnitTest name="TestRootSuffixWithNullSuffixCacheAndRegistry" storage="d:\v2.0\a1\_work\dbded102\bin\release.anycpu\vssf.interactiveclient\ms.vs.services.client.l0.tests\ms.vs.services.client.l0.tests.dll" id="3cb15300-1142-9523-b266-074793fbdd3a">
      <Execution id="c8677f7e-eb90-45d8-a1a0-0b21d73c08cb" />
      <TestMethod codeBase="D:\v2.0\A1\_work\dbded102\bin\Release.AnyCPU\Vssf.InteractiveClient\MS.VS.Services.Client.L0.Tests\MS.VS.Services.Client.L0.Tests.dll" adapterTypeName="Microsoft.VisualStudio.TestTools.TestTypes.Unit.UnitTestAdapter" className="MS.VS.Services.Client.L0.Tests.AccountManagerAdalCacheStorageTests" name="TestRootSuffixWithNullSuffixCacheAndRegistry" />
    </UnitTest>
    <UnitTest name="TestRootSuffixWithGoodSuffixCacheAndRegistry" storage="d:\v2.0\a1\_work\dbded102\bin\release.anycpu\vssf.interactiveclient\ms.vs.services.client.l0.tests\ms.vs.services.client.l0.tests.dll" id="9d89d310-cd94-bb64-815a-9465683ee2fa">
      <Execution id="bde060cc-8ec4-4fd3-9b73-a4d06ea0d269" />
      <TestMethod codeBase="D:\v2.0\A1\_work\dbded102\bin\Release.AnyCPU\Vssf.InteractiveClient\MS.VS.Services.Client.L0.Tests\MS.VS.Services.Client.L0.Tests.dll" adapterTypeName="Microsoft.VisualStudio.TestTools.TestTypes.Unit.UnitTestAdapter" className="MS.VS.Services.Client.L0.Tests.AccountManagerAdalCacheStorageTests" name="TestRootSuffixWithGoodSuffixCacheAndRegistry" />
    </UnitTest>
    <UnitTest name="TestAccountManagerAdalCacheInit" storage="d:\v2.0\a1\_work\dbded102\bin\release.anycpu\vssf.interactiveclient\ms.vs.services.client.l0.tests\ms.vs.services.client.l0.tests.dll" id="afb19461-da96-388f-be4d-5fb7a3b59471">
      <Execution id="5d6f1e91-fee2-4647-a382-9a8f4dcd0e2e" />
      <TestMethod codeBase="D:\v2.0\A1\_work\dbded102\bin\Release.AnyCPU\Vssf.InteractiveClient\MS.VS.Services.Client.L0.Tests\MS.VS.Services.Client.L0.Tests.dll" adapterTypeName="Microsoft.VisualStudio.TestTools.TestTypes.Unit.UnitTestAdapter" className="MS.VS.Services.Client.L0.Tests.AccountManagerAdalCacheTests" name="TestAccountManagerAdalCacheInit" />
    </UnitTest>
    <UnitTest name="TestClone" storage="d:\v2.0\a1\_work\dbded102\bin\release.anycpu\vssf.interactiveclient\ms.vs.services.client.l0.tests\ms.vs.services.client.l0.tests.dll" id="23cbd15c-fcc8-1fb2-43c6-ffc1d5cdcc7a">
      <Execution id="a40edbf1-9a77-4d80-88a4-893a0ef2fc88" />
      <TestMethod codeBase="D:\v2.0\A1\_work\dbded102\bin\Release.AnyCPU\Vssf.InteractiveClient\MS.VS.Services.Client.L0.Tests\MS.VS.Services.Client.L0.Tests.dll" adapterTypeName="Microsoft.VisualStudio.TestTools.TestTypes.Unit.UnitTestAdapter" className="MS.VS.Services.Client.L0.Tests.AccountManagerAdalCacheTests" name="TestClone" />
    </UnitTest>
    <UnitTest name="TestGetAddedItems" storage="d:\v2.0\a1\_work\dbded102\bin\release.anycpu\vssf.interactiveclient\ms.vs.services.client.l0.tests\ms.vs.services.client.l0.tests.dll" id="1fc00065-d6c7-15ae-830f-cc0a6cad1a4b">
      <Execution id="152fd358-fda4-4804-acbc-a9ba4385c2f3" />
      <TestMethod codeBase="D:\v2.0\A1\_work\dbded102\bin\Release.AnyCPU\Vssf.InteractiveClient\MS.VS.Services.Client.L0.Tests\MS.VS.Services.Client.L0.Tests.dll" adapterTypeName="Microsoft.VisualStudio.TestTools.TestTypes.Unit.UnitTestAdapter" className="MS.VS.Services.Client.L0.Tests.AccountManagerAdalCacheTests" name="TestGetAddedItems" />
    </UnitTest>
    <UnitTest name="TestClear" storage="d:\v2.0\a1\_work\dbded102\bin\release.anycpu\vssf.interactiveclient\ms.vs.services.client.l0.tests\ms.vs.services.client.l0.tests.dll" id="4f13a598-717e-b31e-706d-2886c9164d2b">
      <Execution id="3cbde5e9-7378-4924-9a4d-507138b60a01" />
      <TestMethod codeBase="D:\v2.0\A1\_work\dbded102\bin\Release.AnyCPU\Vssf.InteractiveClient\MS.VS.Services.Client.L0.Tests\MS.VS.Services.Client.L0.Tests.dll" adapterTypeName="Microsoft.VisualStudio.TestTools.TestTypes.Unit.UnitTestAdapter" className="MS.VS.Services.Client.L0.Tests.AccountManagerAdalCacheTests" name="TestClear" />
    </UnitTest>
    <UnitTest name="GetAdded" storage="d:\v2.0\a1\_work\dbded102\bin\release.anycpu\vssf.interactiveclient\ms.vs.services.client.l0.tests\ms.vs.services.client.l0.tests.dll" id="9ad3adfd-e68d-ef10-a2bf-b00bb31af262">
      <Execution id="7820845b-303e-4df0-bbfb-e8c142f1f66e" />
      <TestMethod codeBase="D:\v2.0\A1\_work\dbded102\bin\Release.AnyCPU\Vssf.InteractiveClient\MS.VS.Services.Client.L0.Tests\MS.VS.Services.Client.L0.Tests.dll" adapterTypeName="Microsoft.VisualStudio.TestTools.TestTypes.Unit.UnitTestAdapter" className="MS.VS.Services.Client.L0.Tests.AccountManagerAdalCacheTests" name="GetAdded" />
    </UnitTest>
    <UnitTest name="GetUpdated" storage="d:\v2.0\a1\_work\dbded102\bin\release.anycpu\vssf.interactiveclient\ms.vs.services.client.l0.tests\ms.vs.services.client.l0.tests.dll" id="045d736f-f5b0-e9b0-b7cb-1cdf1e16a9ff">
      <Execution id="605b7a2e-a923-4268-ad76-a4ca9eb38ffc" />
      <TestMethod codeBase="D:\v2.0\A1\_work\dbded102\bin\Release.AnyCPU\Vssf.InteractiveClient\MS.VS.Services.Client.L0.Tests\MS.VS.Services.Client.L0.Tests.dll" adapterTypeName="Microsoft.VisualStudio.TestTools.TestTypes.Unit.UnitTestAdapter" className="MS.VS.Services.Client.L0.Tests.AccountManagerAdalCacheTests" name="GetUpdated" />
    </UnitTest>
    <UnitTest name="GetDefaultInstance" storage="d:\v2.0\a1\_work\dbded102\bin\release.anycpu\vssf.interactiveclient\ms.vs.services.client.l0.tests\ms.vs.services.client.l0.tests.dll" id="49a365fa-22ab-c6c4-fba8-56e6df43a22f">
      <Execution id="70ffd88c-d137-4914-bd65-417c91b3ef04" />
      <TestMethod codeBase="D:\v2.0\A1\_work\dbded102\bin\Release.AnyCPU\Vssf.InteractiveClient\MS.VS.Services.Client.L0.Tests\MS.VS.Services.Client.L0.Tests.dll" adapterTypeName="Microsoft.VisualStudio.TestTools.TestTypes.Unit.UnitTestAdapter" className="MS.VS.Services.Client.L0.Tests.AccountManagerTest" name="GetDefaultInstance" />
    </UnitTest>
    <UnitTest name="GetAdalCacheInstance" storage="d:\v2.0\a1\_work\dbded102\bin\release.anycpu\vssf.interactiveclient\ms.vs.services.client.l0.tests\ms.vs.services.client.l0.tests.dll" id="7aafd7ff-6b1a-2986-ca35-5ae460966bd8">
      <Execution id="9c08e75b-12c4-4aab-b410-14417bf9d50f" />
      <TestMethod codeBase="D:\v2.0\A1\_work\dbded102\bin\Release.AnyCPU\Vssf.InteractiveClient\MS.VS.Services.Client.L0.Tests\MS.VS.Services.Client.L0.Tests.dll" adapterTypeName="Microsoft.VisualStudio.TestTools.TestTypes.Unit.UnitTestAdapter" className="MS.VS.Services.Client.L0.Tests.AccountManagerTest" name="GetAdalCacheInstance" />
    </UnitTest>
    <UnitTest name="GetTFSCache" storage="d:\v2.0\a1\_work\dbded102\bin\release.anycpu\vssf.interactiveclient\ms.vs.services.client.l0.tests\ms.vs.services.client.l0.tests.dll" id="f8c21d72-8d9e-01b0-5794-6c9140ec11bd">
      <Execution id="0de12bb0-d682-413e-951f-8ec646a0f4e5" />
      <TestMethod codeBase="D:\v2.0\A1\_work\dbded102\bin\Release.AnyCPU\Vssf.InteractiveClient\MS.VS.Services.Client.L0.Tests\MS.VS.Services.Client.L0.Tests.dll" adapterTypeName="Microsoft.VisualStudio.TestTools.TestTypes.Unit.UnitTestAdapter" className="MS.VS.Services.Client.L0.Tests.AccountManagerTest" name="GetTFSCache" />
    </UnitTest>
    <UnitTest name="GetAccountProvider" storage="d:\v2.0\a1\_work\dbded102\bin\release.anycpu\vssf.interactiveclient\ms.vs.services.client.l0.tests\ms.vs.services.client.l0.tests.dll" id="4f139307-6ef2-972e-c198-ccae0e696c82">
      <Execution id="aa7f1592-f7e8-4880-81c7-956c9116c054" />
      <TestMethod codeBase="D:\v2.0\A1\_work\dbded102\bin\Release.AnyCPU\Vssf.InteractiveClient\MS.VS.Services.Client.L0.Tests\MS.VS.Services.Client.L0.Tests.dll" adapterTypeName="Microsoft.VisualStudio.TestTools.TestTypes.Unit.UnitTestAdapter" className="MS.VS.Services.Client.L0.Tests.AccountManagerTest" name="GetAccountProvider" />
    </UnitTest>
    <UnitTest name="GetDefaultInstanceSwitch" storage="d:\v2.0\a1\_work\dbded102\bin\release.anycpu\vssf.interactiveclient\ms.vs.services.client.l0.tests\ms.vs.services.client.l0.tests.dll" id="614b96bc-9585-d3bb-837a-954d492c245e">
      <Execution id="83b1fbf4-2d98-4135-8854-f0908401bf99" />
      <TestMethod codeBase="D:\v2.0\A1\_work\dbded102\bin\Release.AnyCPU\Vssf.InteractiveClient\MS.VS.Services.Client.L0.Tests\MS.VS.Services.Client.L0.Tests.dll" adapterTypeName="Microsoft.VisualStudio.TestTools.TestTypes.Unit.UnitTestAdapter" className="MS.VS.Services.Client.L0.Tests.AccountManagerTest" name="GetDefaultInstanceSwitch" />
    </UnitTest>
    <UnitTest name="AccountManagerLoggerNoOpsWithNoLogger" storage="d:\v2.0\a1\_work\dbded102\bin\release.anycpu\vssf.interactiveclient\ms.vs.services.client.l0.tests\ms.vs.services.client.l0.tests.dll" id="bff4e1ad-8108-c4b6-ff52-bec841efed4f">
      <Execution id="cf3550d9-f10c-4d3d-b457-f96f765db787" />
      <TestMethod codeBase="D:\v2.0\A1\_work\dbded102\bin\Release.AnyCPU\Vssf.InteractiveClient\MS.VS.Services.Client.L0.Tests\MS.VS.Services.Client.L0.Tests.dll" adapterTypeName="Microsoft.VisualStudio.TestTools.TestTypes.Unit.UnitTestAdapter" className="MS.VS.Services.Client.L0.Tests.AccountManagerTest" name="AccountManagerLoggerNoOpsWithNoLogger" />
    </UnitTest>
    <UnitTest name="AccountManagerLoggerNullPropertiesNoLogger" storage="d:\v2.0\a1\_work\dbded102\bin\release.anycpu\vssf.interactiveclient\ms.vs.services.client.l0.tests\ms.vs.services.client.l0.tests.dll" id="3f79807d-0b93-22d2-e968-8ff7838a4ffd">
      <Execution id="b9871397-8963-4821-ba7c-613f6bc312cd" />
      <TestMethod codeBase="D:\v2.0\A1\_work\dbded102\bin\Release.AnyCPU\Vssf.InteractiveClient\MS.VS.Services.Client.L0.Tests\MS.VS.Services.Client.L0.Tests.dll" adapterTypeName="Microsoft.VisualStudio.TestTools.TestTypes.Unit.UnitTestAdapter" className="MS.VS.Services.Client.L0.Tests.AccountManagerTest" name="AccountManagerLoggerNullPropertiesNoLogger" />
    </UnitTest>
    <UnitTest name="AccountManagerLoggerNullEventNameNoLogger" storage="d:\v2.0\a1\_work\dbded102\bin\release.anycpu\vssf.interactiveclient\ms.vs.services.client.l0.tests\ms.vs.services.client.l0.tests.dll" id="2a6585e6-e5e0-117b-75ad-119f864af375">
      <Execution id="aacf3112-d1fa-437d-ba38-bdc6de6ee0f7" />
      <TestMethod codeBase="D:\v2.0\A1\_work\dbded102\bin\Release.AnyCPU\Vssf.InteractiveClient\MS.VS.Services.Client.L0.Tests\MS.VS.Services.Client.L0.Tests.dll" adapterTypeName="Microsoft.VisualStudio.TestTools.TestTypes.Unit.UnitTestAdapter" className="MS.VS.Services.Client.L0.Tests.AccountManagerTest" name="AccountManagerLoggerNullEventNameNoLogger" />
    </UnitTest>
    <UnitTest name="AccountManagerLoggerNoOpsWithExceptionLogger" storage="d:\v2.0\a1\_work\dbded102\bin\release.anycpu\vssf.interactiveclient\ms.vs.services.client.l0.tests\ms.vs.services.client.l0.tests.dll" id="ff99ba02-20db-3f27-609a-6d5ff3fe4179">
      <Execution id="c37756d4-9dcc-4e7a-8c02-e32d719bd6cf" />
      <TestMethod codeBase="D:\v2.0\A1\_work\dbded102\bin\Release.AnyCPU\Vssf.InteractiveClient\MS.VS.Services.Client.L0.Tests\MS.VS.Services.Client.L0.Tests.dll" adapterTypeName="Microsoft.VisualStudio.TestTools.TestTypes.Unit.UnitTestAdapter" className="MS.VS.Services.Client.L0.Tests.AccountManagerTest" name="AccountManagerLoggerNoOpsWithExceptionLogger" />
    </UnitTest>
    <UnitTest name="AccountManagerLoggerIgnoresExceptionLogger" storage="d:\v2.0\a1\_work\dbded102\bin\release.anycpu\vssf.interactiveclient\ms.vs.services.client.l0.tests\ms.vs.services.client.l0.tests.dll" id="d5cf17d8-c509-4742-c798-845a9401b034">
      <Execution id="bfeb5393-fb65-4475-8273-6d2026394acb" />
      <TestMethod codeBase="D:\v2.0\A1\_work\dbded102\bin\Release.AnyCPU\Vssf.InteractiveClient\MS.VS.Services.Client.L0.Tests\MS.VS.Services.Client.L0.Tests.dll" adapterTypeName="Microsoft.VisualStudio.TestTools.TestTypes.Unit.UnitTestAdapter" className="MS.VS.Services.Client.L0.Tests.AccountManagerTest" name="AccountManagerLoggerIgnoresExceptionLogger" />
    </UnitTest>
    <UnitTest name="AccountManagerLoggerCanAddLogger" storage="d:\v2.0\a1\_work\dbded102\bin\release.anycpu\vssf.interactiveclient\ms.vs.services.client.l0.tests\ms.vs.services.client.l0.tests.dll" id="88766d49-d0ee-dc13-823e-355eae4ba4d7">
      <Execution id="ee27e0a4-26a6-48a8-9196-5853deaed971" />
      <TestMethod codeBase="D:\v2.0\A1\_work\dbded102\bin\Release.AnyCPU\Vssf.InteractiveClient\MS.VS.Services.Client.L0.Tests\MS.VS.Services.Client.L0.Tests.dll" adapterTypeName="Microsoft.VisualStudio.TestTools.TestTypes.Unit.UnitTestAdapter" className="MS.VS.Services.Client.L0.Tests.AccountManagerTest" name="AccountManagerLoggerCanAddLogger" />
    </UnitTest>
    <UnitTest name="AccountManagerLoggerDoesNotAddSameLogger" storage="d:\v2.0\a1\_work\dbded102\bin\release.anycpu\vssf.interactiveclient\ms.vs.services.client.l0.tests\ms.vs.services.client.l0.tests.dll" id="ec75423f-d3b4-bf21-2fd1-9c9987cd62ad">
      <Execution id="ae421bd5-e78f-4dec-93f8-faf9d91629ea" />
      <TestMethod codeBase="D:\v2.0\A1\_work\dbded102\bin\Release.AnyCPU\Vssf.InteractiveClient\MS.VS.Services.Client.L0.Tests\MS.VS.Services.Client.L0.Tests.dll" adapterTypeName="Microsoft.VisualStudio.TestTools.TestTypes.Unit.UnitTestAdapter" className="MS.VS.Services.Client.L0.Tests.AccountManagerTest" name="AccountManagerLoggerDoesNotAddSameLogger" />
    </UnitTest>
    <UnitTest name="AccountManagerLoggerCanRemoveLogger" storage="d:\v2.0\a1\_work\dbded102\bin\release.anycpu\vssf.interactiveclient\ms.vs.services.client.l0.tests\ms.vs.services.client.l0.tests.dll" id="f647ebec-9113-bace-f991-e4bd2243292a">
      <Execution id="3cb3cd6a-9242-4184-9ae8-273e65e5c4d7" />
      <TestMethod codeBase="D:\v2.0\A1\_work\dbded102\bin\Release.AnyCPU\Vssf.InteractiveClient\MS.VS.Services.Client.L0.Tests\MS.VS.Services.Client.L0.Tests.dll" adapterTypeName="Microsoft.VisualStudio.TestTools.TestTypes.Unit.UnitTestAdapter" className="MS.VS.Services.Client.L0.Tests.AccountManagerTest" name="AccountManagerLoggerCanRemoveLogger" />
    </UnitTest>
    <UnitTest name="AccountKeyValidation" storage="d:\v2.0\a1\_work\dbded102\bin\release.anycpu\vssf.interactiveclient\ms.vs.services.client.l0.tests\ms.vs.services.client.l0.tests.dll" id="47efd4af-36fc-7016-9825-c66540dd6565">
      <Execution id="c22e3e20-9a70-4b61-ad20-c2efaf3db7b4" />
      <TestMethod codeBase="D:\v2.0\A1\_work\dbded102\bin\Release.AnyCPU\Vssf.InteractiveClient\MS.VS.Services.Client.L0.Tests\MS.VS.Services.Client.L0.Tests.dll" adapterTypeName="Microsoft.VisualStudio.TestTools.TestTypes.Unit.UnitTestAdapter" className="MS.VS.Services.Client.L0.Tests.AccountTests" name="AccountKeyValidation" />
    </UnitTest>
    <UnitTest name="GoodAccountValidation" storage="d:\v2.0\a1\_work\dbded102\bin\release.anycpu\vssf.interactiveclient\ms.vs.services.client.l0.tests\ms.vs.services.client.l0.tests.dll" id="4cdad353-ff6f-d013-6344-39d80d23436f">
      <Execution id="7e3a0f6c-449f-465a-b0a8-c670e400623d" />
      <TestMethod codeBase="D:\v2.0\A1\_work\dbded102\bin\Release.AnyCPU\Vssf.InteractiveClient\MS.VS.Services.Client.L0.Tests\MS.VS.Services.Client.L0.Tests.dll" adapterTypeName="Microsoft.VisualStudio.TestTools.TestTypes.Unit.UnitTestAdapter" className="MS.VS.Services.Client.L0.Tests.AccountTests" name="GoodAccountValidation" />
    </UnitTest>
    <UnitTest name="BadAuthenticator" storage="d:\v2.0\a1\_work\dbded102\bin\release.anycpu\vssf.interactiveclient\ms.vs.services.client.l0.tests\ms.vs.services.client.l0.tests.dll" id="e06415d0-cd4e-0e30-3a78-c34f62685c1f">
      <Execution id="b2cc9b82-b0cc-41e2-94ff-4abd27cba5a5" />
      <TestMethod codeBase="D:\v2.0\A1\_work\dbded102\bin\Release.AnyCPU\Vssf.InteractiveClient\MS.VS.Services.Client.L0.Tests\MS.VS.Services.Client.L0.Tests.dll" adapterTypeName="Microsoft.VisualStudio.TestTools.TestTypes.Unit.UnitTestAdapter" className="MS.VS.Services.Client.L0.Tests.AccountTests" name="BadAuthenticator" />
    </UnitTest>
    <UnitTest name="BadDisplayInfo" storage="d:\v2.0\a1\_work\dbded102\bin\release.anycpu\vssf.interactiveclient\ms.vs.services.client.l0.tests\ms.vs.services.client.l0.tests.dll" id="9d60556e-428f-2b35-a9b4-583c72918418">
      <Execution id="cf92070d-953a-49b9-8f2b-a4e9f9a4a083" />
      <TestMethod codeBase="D:\v2.0\A1\_work\dbded102\bin\Release.AnyCPU\Vssf.InteractiveClient\MS.VS.Services.Client.L0.Tests\MS.VS.Services.Client.L0.Tests.dll" adapterTypeName="Microsoft.VisualStudio.TestTools.TestTypes.Unit.UnitTestAdapter" className="MS.VS.Services.Client.L0.Tests.AccountTests" name="BadDisplayInfo" />
    </UnitTest>
    <UnitTest name="BadProperties" storage="d:\v2.0\a1\_work\dbded102\bin\release.anycpu\vssf.interactiveclient\ms.vs.services.client.l0.tests\ms.vs.services.client.l0.tests.dll" id="f5c3e9e5-654b-12e6-47af-790e187aba14">
      <Execution id="40e44230-5c53-42fb-9d47-94fffda36778" />
      <TestMethod codeBase="D:\v2.0\A1\_work\dbded102\bin\Release.AnyCPU\Vssf.InteractiveClient\MS.VS.Services.Client.L0.Tests\MS.VS.Services.Client.L0.Tests.dll" adapterTypeName="Microsoft.VisualStudio.TestTools.TestTypes.Unit.UnitTestAdapter" className="MS.VS.Services.Client.L0.Tests.AccountTests" name="BadProperties" />
    </UnitTest>
    <UnitTest name="BadSupportedAccountProviders" storage="d:\v2.0\a1\_work\dbded102\bin\release.anycpu\vssf.interactiveclient\ms.vs.services.client.l0.tests\ms.vs.services.client.l0.tests.dll" id="c48869f7-6c77-2b89-0c90-c1e50cb92db9">
      <Execution id="a289bf0d-bd56-4fcd-b0ae-ee5bd3c0fc52" />
      <TestMethod codeBase="D:\v2.0\A1\_work\dbded102\bin\Release.AnyCPU\Vssf.InteractiveClient\MS.VS.Services.Client.L0.Tests\MS.VS.Services.Client.L0.Tests.dll" adapterTypeName="Microsoft.VisualStudio.TestTools.TestTypes.Unit.UnitTestAdapter" className="MS.VS.Services.Client.L0.Tests.AccountTests" name="BadSupportedAccountProviders" />
    </UnitTest>
    <UnitTest name="AccountKeyEquals" storage="d:\v2.0\a1\_work\dbded102\bin\release.anycpu\vssf.interactiveclient\ms.vs.services.client.l0.tests\ms.vs.services.client.l0.tests.dll" id="5ee025aa-fc76-4d71-0335-9e634120d86f">
      <Execution id="4946f385-c848-4904-8bf9-3f70747cad0d" />
      <TestMethod codeBase="D:\v2.0\A1\_work\dbded102\bin\Release.AnyCPU\Vssf.InteractiveClient\MS.VS.Services.Client.L0.Tests\MS.VS.Services.Client.L0.Tests.dll" adapterTypeName="Microsoft.VisualStudio.TestTools.TestTypes.Unit.UnitTestAdapter" className="MS.VS.Services.Client.L0.Tests.AccountTests" name="AccountKeyEquals" />
    </UnitTest>
    <UnitTest name="AccountFieldsAreEqual" storage="d:\v2.0\a1\_work\dbded102\bin\release.anycpu\vssf.interactiveclient\ms.vs.services.client.l0.tests\ms.vs.services.client.l0.tests.dll" id="3ace1b46-5269-3885-2338-13d1cbdc4916">
      <Execution id="1da45f3c-7e1d-42da-a699-62a8508aa541" />
      <TestMethod codeBase="D:\v2.0\A1\_work\dbded102\bin\Release.AnyCPU\Vssf.InteractiveClient\MS.VS.Services.Client.L0.Tests\MS.VS.Services.Client.L0.Tests.dll" adapterTypeName="Microsoft.VisualStudio.TestTools.TestTypes.Unit.UnitTestAdapter" className="MS.VS.Services.Client.L0.Tests.AccountTests" name="AccountFieldsAreEqual" />
    </UnitTest>
    <UnitTest name="AccountFieldsDifferentAuthenticator" storage="d:\v2.0\a1\_work\dbded102\bin\release.anycpu\vssf.interactiveclient\ms.vs.services.client.l0.tests\ms.vs.services.client.l0.tests.dll" id="85847f0c-a097-d663-fb25-24c360692a6f">
      <Execution id="da273eba-8044-4274-9be9-6d951f773a44" />
      <TestMethod codeBase="D:\v2.0\A1\_work\dbded102\bin\Release.AnyCPU\Vssf.InteractiveClient\MS.VS.Services.Client.L0.Tests\MS.VS.Services.Client.L0.Tests.dll" adapterTypeName="Microsoft.VisualStudio.TestTools.TestTypes.Unit.UnitTestAdapter" className="MS.VS.Services.Client.L0.Tests.AccountTests" name="AccountFieldsDifferentAuthenticator" />
    </UnitTest>
    <UnitTest name="AccountFieldsDifferentDisplayInfo" storage="d:\v2.0\a1\_work\dbded102\bin\release.anycpu\vssf.interactiveclient\ms.vs.services.client.l0.tests\ms.vs.services.client.l0.tests.dll" id="40909ec1-f9aa-560a-4693-0aed536f13c3">
      <Execution id="feed5478-a825-4111-ab10-eef507b692f8" />
      <TestMethod codeBase="D:\v2.0\A1\_work\dbded102\bin\Release.AnyCPU\Vssf.InteractiveClient\MS.VS.Services.Client.L0.Tests\MS.VS.Services.Client.L0.Tests.dll" adapterTypeName="Microsoft.VisualStudio.TestTools.TestTypes.Unit.UnitTestAdapter" className="MS.VS.Services.Client.L0.Tests.AccountTests" name="AccountFieldsDifferentDisplayInfo" />
    </UnitTest>
    <UnitTest name="AccountFieldsDifferentNeedsReAuthentication" storage="d:\v2.0\a1\_work\dbded102\bin\release.anycpu\vssf.interactiveclient\ms.vs.services.client.l0.tests\ms.vs.services.client.l0.tests.dll" id="21566dc0-6909-bdde-6dfa-e5cba9c4b3f9">
      <Execution id="b2fbbc22-95da-412b-afb6-fb3947219db0" />
      <TestMethod codeBase="D:\v2.0\A1\_work\dbded102\bin\Release.AnyCPU\Vssf.InteractiveClient\MS.VS.Services.Client.L0.Tests\MS.VS.Services.Client.L0.Tests.dll" adapterTypeName="Microsoft.VisualStudio.TestTools.TestTypes.Unit.UnitTestAdapter" className="MS.VS.Services.Client.L0.Tests.AccountTests" name="AccountFieldsDifferentNeedsReAuthentication" />
    </UnitTest>
    <UnitTest name="AccountFieldsDifferentAccountProvider" storage="d:\v2.0\a1\_work\dbded102\bin\release.anycpu\vssf.interactiveclient\ms.vs.services.client.l0.tests\ms.vs.services.client.l0.tests.dll" id="b2a77e1e-83e0-2758-a6d7-c8e1f8562d8a">
      <Execution id="169b4826-de0a-48f7-882c-a3bb687b0837" />
      <TestMethod codeBase="D:\v2.0\A1\_work\dbded102\bin\Release.AnyCPU\Vssf.InteractiveClient\MS.VS.Services.Client.L0.Tests\MS.VS.Services.Client.L0.Tests.dll" adapterTypeName="Microsoft.VisualStudio.TestTools.TestTypes.Unit.UnitTestAdapter" className="MS.VS.Services.Client.L0.Tests.AccountTests" name="AccountFieldsDifferentAccountProvider" />
    </UnitTest>
    <UnitTest name="AccountFieldsDifferentPropertiesAdd" storage="d:\v2.0\a1\_work\dbded102\bin\release.anycpu\vssf.interactiveclient\ms.vs.services.client.l0.tests\ms.vs.services.client.l0.tests.dll" id="a09c863f-48ac-acbb-42a2-523d82f326f7">
      <Execution id="c30dd8b3-f7a4-46d8-a2e5-99ff92a0f11d" />
      <TestMethod codeBase="D:\v2.0\A1\_work\dbded102\bin\Release.AnyCPU\Vssf.InteractiveClient\MS.VS.Services.Client.L0.Tests\MS.VS.Services.Client.L0.Tests.dll" adapterTypeName="Microsoft.VisualStudio.TestTools.TestTypes.Unit.UnitTestAdapter" className="MS.VS.Services.Client.L0.Tests.AccountTests" name="AccountFieldsDifferentPropertiesAdd" />
    </UnitTest>
    <UnitTest name="AccountFieldsDifferentPropertiesRemove" storage="d:\v2.0\a1\_work\dbded102\bin\release.anycpu\vssf.interactiveclient\ms.vs.services.client.l0.tests\ms.vs.services.client.l0.tests.dll" id="6a4e6aba-7bed-a743-c0e5-e04918ff0944">
      <Execution id="38168bf9-fd55-46d1-83c7-77dc9c966307" />
      <TestMethod codeBase="D:\v2.0\A1\_work\dbded102\bin\Release.AnyCPU\Vssf.InteractiveClient\MS.VS.Services.Client.L0.Tests\MS.VS.Services.Client.L0.Tests.dll" adapterTypeName="Microsoft.VisualStudio.TestTools.TestTypes.Unit.UnitTestAdapter" className="MS.VS.Services.Client.L0.Tests.AccountTests" name="AccountFieldsDifferentPropertiesRemove" />
    </UnitTest>
    <UnitTest name="AccountFieldsDifferentPropertyValues" storage="d:\v2.0\a1\_work\dbded102\bin\release.anycpu\vssf.interactiveclient\ms.vs.services.client.l0.tests\ms.vs.services.client.l0.tests.dll" id="2a440e01-c2e0-2b46-b2a6-731096815dae">
      <Execution id="b91931d5-4a6c-4c92-9d16-b8595be61750" />
      <TestMethod codeBase="D:\v2.0\A1\_work\dbded102\bin\Release.AnyCPU\Vssf.InteractiveClient\MS.VS.Services.Client.L0.Tests\MS.VS.Services.Client.L0.Tests.dll" adapterTypeName="Microsoft.VisualStudio.TestTools.TestTypes.Unit.UnitTestAdapter" className="MS.VS.Services.Client.L0.Tests.AccountTests" name="AccountFieldsDifferentPropertyValues" />
    </UnitTest>
    <UnitTest name="VerifyLogInformationEvent" storage="d:\v2.0\a1\_work\dbded102\bin\release.anycpu\vssf.interactiveclient\ms.vs.services.client.l0.tests\ms.vs.services.client.l0.tests.dll" id="56e9a52a-a046-e5d1-911b-2bd45276ad93">
      <Execution id="fa8a56d8-3bed-4777-8770-11c83b19b4f9" />
      <TestMethod codeBase="D:\v2.0\A1\_work\dbded102\bin\Release.AnyCPU\Vssf.InteractiveClient\MS.VS.Services.Client.L0.Tests\MS.VS.Services.Client.L0.Tests.dll" adapterTypeName="Microsoft.VisualStudio.TestTools.TestTypes.Unit.UnitTestAdapter" className="MS.VS.Services.Client.L0.Tests.DiagnosticLoggingTests" name="VerifyLogInformationEvent" />
    </UnitTest>
    <UnitTest name="VerifyLogErrorEvent" storage="d:\v2.0\a1\_work\dbded102\bin\release.anycpu\vssf.interactiveclient\ms.vs.services.client.l0.tests\ms.vs.services.client.l0.tests.dll" id="2fa55d36-235c-4ee5-5a49-110bf54c67ea">
      <Execution id="890005f3-41e5-4f7b-ab56-343ac8e22f22" />
      <TestMethod codeBase="D:\v2.0\A1\_work\dbded102\bin\Release.AnyCPU\Vssf.InteractiveClient\MS.VS.Services.Client.L0.Tests\MS.VS.Services.Client.L0.Tests.dll" adapterTypeName="Microsoft.VisualStudio.TestTools.TestTypes.Unit.UnitTestAdapter" className="MS.VS.Services.Client.L0.Tests.DiagnosticLoggingTests" name="VerifyLogErrorEvent" />
    </UnitTest>
    <UnitTest name="VerifyLogEventNullEvent" storage="d:\v2.0\a1\_work\dbded102\bin\release.anycpu\vssf.interactiveclient\ms.vs.services.client.l0.tests\ms.vs.services.client.l0.tests.dll" id="216a0da1-19b0-7aec-e1f2-058dc48256b9">
      <Execution id="d542afb9-c1bb-47ac-8036-49d4bb5996ea" />
      <TestMethod codeBase="D:\v2.0\A1\_work\dbded102\bin\Release.AnyCPU\Vssf.InteractiveClient\MS.VS.Services.Client.L0.Tests\MS.VS.Services.Client.L0.Tests.dll" adapterTypeName="Microsoft.VisualStudio.TestTools.TestTypes.Unit.UnitTestAdapter" className="MS.VS.Services.Client.L0.Tests.DiagnosticLoggingTests" name="VerifyLogEventNullEvent" />
    </UnitTest>
    <UnitTest name="VerifyLogEventEmptyEvent" storage="d:\v2.0\a1\_work\dbded102\bin\release.anycpu\vssf.interactiveclient\ms.vs.services.client.l0.tests\ms.vs.services.client.l0.tests.dll" id="1fe2fd78-040c-99f7-5724-1247a3ee294b">
      <Execution id="626df7c0-21e2-4fab-b0d0-1b3b1bec133b" />
      <TestMethod codeBase="D:\v2.0\A1\_work\dbded102\bin\Release.AnyCPU\Vssf.InteractiveClient\MS.VS.Services.Client.L0.Tests\MS.VS.Services.Client.L0.Tests.dll" adapterTypeName="Microsoft.VisualStudio.TestTools.TestTypes.Unit.UnitTestAdapter" className="MS.VS.Services.Client.L0.Tests.DiagnosticLoggingTests" name="VerifyLogEventEmptyEvent" />
    </UnitTest>
    <UnitTest name="VerifyLogEventNullMessage" storage="d:\v2.0\a1\_work\dbded102\bin\release.anycpu\vssf.interactiveclient\ms.vs.services.client.l0.tests\ms.vs.services.client.l0.tests.dll" id="4f3e5b61-6ddf-5b7c-2b0f-e3dea6f8bc0a">
      <Execution id="82ef341a-f067-4f65-9659-a402237a8766" />
      <TestMethod codeBase="D:\v2.0\A1\_work\dbded102\bin\Release.AnyCPU\Vssf.InteractiveClient\MS.VS.Services.Client.L0.Tests\MS.VS.Services.Client.L0.Tests.dll" adapterTypeName="Microsoft.VisualStudio.TestTools.TestTypes.Unit.UnitTestAdapter" className="MS.VS.Services.Client.L0.Tests.DiagnosticLoggingTests" name="VerifyLogEventNullMessage" />
    </UnitTest>
    <UnitTest name="VerifyLogEventEmptyMessage" storage="d:\v2.0\a1\_work\dbded102\bin\release.anycpu\vssf.interactiveclient\ms.vs.services.client.l0.tests\ms.vs.services.client.l0.tests.dll" id="b3b01ab2-5bff-01b7-7cda-f83fe272d813">
      <Execution id="6bf7bdee-f78a-4c2d-890e-4f646e9bd072" />
      <TestMethod codeBase="D:\v2.0\A1\_work\dbded102\bin\Release.AnyCPU\Vssf.InteractiveClient\MS.VS.Services.Client.L0.Tests\MS.VS.Services.Client.L0.Tests.dll" adapterTypeName="Microsoft.VisualStudio.TestTools.TestTypes.Unit.UnitTestAdapter" className="MS.VS.Services.Client.L0.Tests.DiagnosticLoggingTests" name="VerifyLogEventEmptyMessage" />
    </UnitTest>
    <UnitTest name="AccountDisplayInfoValidation" storage="d:\v2.0\a1\_work\dbded102\bin\release.anycpu\vssf.interactiveclient\ms.vs.services.client.l0.tests\ms.vs.services.client.l0.tests.dll" id="885a006a-c874-bd3e-6e79-90a973591779">
      <Execution id="2dbc4663-79e5-4b01-b865-f520e4597c2b" />
      <TestMethod codeBase="D:\v2.0\A1\_work\dbded102\bin\Release.AnyCPU\Vssf.InteractiveClient\MS.VS.Services.Client.L0.Tests\MS.VS.Services.Client.L0.Tests.dll" adapterTypeName="Microsoft.VisualStudio.TestTools.TestTypes.Unit.UnitTestAdapter" className="MS.VS.Services.Client.L0.Tests.DisplayInfotTests" name="AccountDisplayInfoValidation" />
    </UnitTest>
    <UnitTest name="AccountDisplayInfoEquals" storage="d:\v2.0\a1\_work\dbded102\bin\release.anycpu\vssf.interactiveclient\ms.vs.services.client.l0.tests\ms.vs.services.client.l0.tests.dll" id="1f61e120-5682-a599-4fb7-8a99c7cc0d29">
      <Execution id="abc37f78-cccf-46c3-b400-aa10d1890def" />
      <TestMethod codeBase="D:\v2.0\A1\_work\dbded102\bin\Release.AnyCPU\Vssf.InteractiveClient\MS.VS.Services.Client.L0.Tests\MS.VS.Services.Client.L0.Tests.dll" adapterTypeName="Microsoft.VisualStudio.TestTools.TestTypes.Unit.UnitTestAdapter" className="MS.VS.Services.Client.L0.Tests.DisplayInfotTests" name="AccountDisplayInfoEquals" />
    </UnitTest>
    <UnitTest name="TestRootSuffixWithNullSuffixCacheAndRegistry" storage="d:\v2.0\a1\_work\dbded102\bin\release.anycpu\vssf.interactiveclient\ms.vs.services.client.l0.tests\ms.vs.services.client.l0.tests.dll" id="49cca88f-1727-2594-6b0f-735abd2380b3">
      <Execution id="a95ab5c3-0846-456e-9db1-154ce139f15c" />
      <TestMethod codeBase="D:\v2.0\A1\_work\dbded102\bin\Release.AnyCPU\Vssf.InteractiveClient\MS.VS.Services.Client.L0.Tests\MS.VS.Services.Client.L0.Tests.dll" adapterTypeName="Microsoft.VisualStudio.TestTools.TestTypes.Unit.UnitTestAdapter" className="MS.VS.Services.Client.L0.Tests.RegistryAccountStoreTests" name="TestRootSuffixWithNullSuffixCacheAndRegistry" />
    </UnitTest>
    <UnitTest name="TestRootSuffixWithGoodSuffixCacheAndRegistry" storage="d:\v2.0\a1\_work\dbded102\bin\release.anycpu\vssf.interactiveclient\ms.vs.services.client.l0.tests\ms.vs.services.client.l0.tests.dll" id="5ca86beb-3964-3aed-cc1b-737d23ebd04f">
      <Execution id="f9a22cea-f69f-4b82-866a-cd250d1dd0bc" />
      <TestMethod codeBase="D:\v2.0\A1\_work\dbded102\bin\Release.AnyCPU\Vssf.InteractiveClient\MS.VS.Services.Client.L0.Tests\MS.VS.Services.Client.L0.Tests.dll" adapterTypeName="Microsoft.VisualStudio.TestTools.TestTypes.Unit.UnitTestAdapter" className="MS.VS.Services.Client.L0.Tests.RegistryAccountStoreTests" name="TestRootSuffixWithGoodSuffixCacheAndRegistry" />
    </UnitTest>
    <UnitTest name="GetAccountsWhenStorageEmpty" storage="d:\v2.0\a1\_work\dbded102\bin\release.anycpu\vssf.interactiveclient\ms.vs.services.client.l0.tests\ms.vs.services.client.l0.tests.dll" id="e4d524b0-2bc4-a99e-bb0e-99ca3c1cec26">
      <Execution id="06604daa-ff0d-4de2-b0b0-7115448931f6" />
      <TestMethod codeBase="D:\v2.0\A1\_work\dbded102\bin\Release.AnyCPU\Vssf.InteractiveClient\MS.VS.Services.Client.L0.Tests\MS.VS.Services.Client.L0.Tests.dll" adapterTypeName="Microsoft.VisualStudio.TestTools.TestTypes.Unit.UnitTestAdapter" className="MS.VS.Services.Client.L0.Tests.RegistryAccountStoreTests" name="GetAccountsWhenStorageEmpty" />
    </UnitTest>
    <UnitTest name="AddAccount" storage="d:\v2.0\a1\_work\dbded102\bin\release.anycpu\vssf.interactiveclient\ms.vs.services.client.l0.tests\ms.vs.services.client.l0.tests.dll" id="6c85bf06-8477-3fc5-f88a-88d76913c325">
      <Execution id="2e2c5b8d-d300-47a4-b7c6-07ad8e3e9e88" />
      <TestMethod codeBase="D:\v2.0\A1\_work\dbded102\bin\Release.AnyCPU\Vssf.InteractiveClient\MS.VS.Services.Client.L0.Tests\MS.VS.Services.Client.L0.Tests.dll" adapterTypeName="Microsoft.VisualStudio.TestTools.TestTypes.Unit.UnitTestAdapter" className="MS.VS.Services.Client.L0.Tests.RegistryAccountStoreTests" name="AddAccount" />
    </UnitTest>
    <UnitTest name="AddTwoDifferentAccounts" storage="d:\v2.0\a1\_work\dbded102\bin\release.anycpu\vssf.interactiveclient\ms.vs.services.client.l0.tests\ms.vs.services.client.l0.tests.dll" id="790e6da4-2dca-cbcc-d44f-0c078cbd10ff">
      <Execution id="d28bad42-fd68-497b-971a-a007c38de8fe" />
      <TestMethod codeBase="D:\v2.0\A1\_work\dbded102\bin\Release.AnyCPU\Vssf.InteractiveClient\MS.VS.Services.Client.L0.Tests\MS.VS.Services.Client.L0.Tests.dll" adapterTypeName="Microsoft.VisualStudio.TestTools.TestTypes.Unit.UnitTestAdapter" className="MS.VS.Services.Client.L0.Tests.RegistryAccountStoreTests" name="AddTwoDifferentAccounts" />
    </UnitTest>
    <UnitTest name="UpdateAccountThroughAddAccount" storage="d:\v2.0\a1\_work\dbded102\bin\release.anycpu\vssf.interactiveclient\ms.vs.services.client.l0.tests\ms.vs.services.client.l0.tests.dll" id="fadbca8a-78ac-b0be-e29b-9f992c6b4b9f">
      <Execution id="bfdba922-91a6-4e79-8b2c-ad8cf67ad99c" />
      <TestMethod codeBase="D:\v2.0\A1\_work\dbded102\bin\Release.AnyCPU\Vssf.InteractiveClient\MS.VS.Services.Client.L0.Tests\MS.VS.Services.Client.L0.Tests.dll" adapterTypeName="Microsoft.VisualStudio.TestTools.TestTypes.Unit.UnitTestAdapter" className="MS.VS.Services.Client.L0.Tests.RegistryAccountStoreTests" name="UpdateAccountThroughAddAccount" />
    </UnitTest>
    <UnitTest name="AddSameAccount" storage="d:\v2.0\a1\_work\dbded102\bin\release.anycpu\vssf.interactiveclient\ms.vs.services.client.l0.tests\ms.vs.services.client.l0.tests.dll" id="dd49bf5d-6d0e-42e2-88c0-741222f2556d">
      <Execution id="1d652cef-1f0c-4e85-92a5-163e78ca92c6" />
      <TestMethod codeBase="D:\v2.0\A1\_work\dbded102\bin\Release.AnyCPU\Vssf.InteractiveClient\MS.VS.Services.Client.L0.Tests\MS.VS.Services.Client.L0.Tests.dll" adapterTypeName="Microsoft.VisualStudio.TestTools.TestTypes.Unit.UnitTestAdapter" className="MS.VS.Services.Client.L0.Tests.RegistryAccountStoreTests" name="AddSameAccount" />
    </UnitTest>
    <UnitTest name="GetAccountAfterAdded" storage="d:\v2.0\a1\_work\dbded102\bin\release.anycpu\vssf.interactiveclient\ms.vs.services.client.l0.tests\ms.vs.services.client.l0.tests.dll" id="084523d0-1a71-4dd0-fda0-4e3bc2733489">
      <Execution id="7e91e63b-1705-4aa5-8e6c-497a9a533488" />
      <TestMethod codeBase="D:\v2.0\A1\_work\dbded102\bin\Release.AnyCPU\Vssf.InteractiveClient\MS.VS.Services.Client.L0.Tests\MS.VS.Services.Client.L0.Tests.dll" adapterTypeName="Microsoft.VisualStudio.TestTools.TestTypes.Unit.UnitTestAdapter" className="MS.VS.Services.Client.L0.Tests.RegistryAccountStoreTests" name="GetAccountAfterAdded" />
    </UnitTest>
    <UnitTest name="AddThenRemoveAccount" storage="d:\v2.0\a1\_work\dbded102\bin\release.anycpu\vssf.interactiveclient\ms.vs.services.client.l0.tests\ms.vs.services.client.l0.tests.dll" id="48345e9c-b724-6aec-209f-120900361186">
      <Execution id="f9f808f4-1270-47d7-9b94-ff3ec6b00452" />
      <TestMethod codeBase="D:\v2.0\A1\_work\dbded102\bin\Release.AnyCPU\Vssf.InteractiveClient\MS.VS.Services.Client.L0.Tests\MS.VS.Services.Client.L0.Tests.dll" adapterTypeName="Microsoft.VisualStudio.TestTools.TestTypes.Unit.UnitTestAdapter" className="MS.VS.Services.Client.L0.Tests.RegistryAccountStoreTests" name="AddThenRemoveAccount" />
    </UnitTest>
    <UnitTest name="RemoveAccountAfterInitializedFromDisk" storage="d:\v2.0\a1\_work\dbded102\bin\release.anycpu\vssf.interactiveclient\ms.vs.services.client.l0.tests\ms.vs.services.client.l0.tests.dll" id="c30932ba-9134-2b9f-8e81-dfa79bfc7350">
      <Execution id="f59330ff-da04-437c-a4b2-2b9cd621abf1" />
      <TestMethod codeBase="D:\v2.0\A1\_work\dbded102\bin\Release.AnyCPU\Vssf.InteractiveClient\MS.VS.Services.Client.L0.Tests\MS.VS.Services.Client.L0.Tests.dll" adapterTypeName="Microsoft.VisualStudio.TestTools.TestTypes.Unit.UnitTestAdapter" className="MS.VS.Services.Client.L0.Tests.RegistryAccountStoreTests" name="RemoveAccountAfterInitializedFromDisk" />
    </UnitTest>
    <UnitTest name="AddUpdateAccountNull" storage="d:\v2.0\a1\_work\dbded102\bin\release.anycpu\vssf.interactiveclient\ms.vs.services.client.l0.tests\ms.vs.services.client.l0.tests.dll" id="fc250e02-5971-933e-58b5-6d591245fa38">
      <Execution id="854a4280-5a19-4431-9629-1cec5ead5763" />
      <TestMethod codeBase="D:\v2.0\A1\_work\dbded102\bin\Release.AnyCPU\Vssf.InteractiveClient\MS.VS.Services.Client.L0.Tests\MS.VS.Services.Client.L0.Tests.dll" adapterTypeName="Microsoft.VisualStudio.TestTools.TestTypes.Unit.UnitTestAdapter" className="MS.VS.Services.Client.L0.Tests.RegistryAccountStoreTests" name="AddUpdateAccountNull" />
    </UnitTest>
    <UnitTest name="DoubleRemove" storage="d:\v2.0\a1\_work\dbded102\bin\release.anycpu\vssf.interactiveclient\ms.vs.services.client.l0.tests\ms.vs.services.client.l0.tests.dll" id="06a58a07-772f-97ff-d822-fab8ff1cc53d">
      <Execution id="811ab264-6b8b-4793-aa64-e759ac76b5b5" />
      <TestMethod codeBase="D:\v2.0\A1\_work\dbded102\bin\Release.AnyCPU\Vssf.InteractiveClient\MS.VS.Services.Client.L0.Tests\MS.VS.Services.Client.L0.Tests.dll" adapterTypeName="Microsoft.VisualStudio.TestTools.TestTypes.Unit.UnitTestAdapter" className="MS.VS.Services.Client.L0.Tests.RegistryAccountStoreTests" name="DoubleRemove" />
    </UnitTest>
    <UnitTest name="RemoveNonExisting" storage="d:\v2.0\a1\_work\dbded102\bin\release.anycpu\vssf.interactiveclient\ms.vs.services.client.l0.tests\ms.vs.services.client.l0.tests.dll" id="889d8619-a68c-d652-522a-42dec6517efc">
      <Execution id="b7d33308-f193-4f21-900a-9a83304e2ce0" />
      <TestMethod codeBase="D:\v2.0\A1\_work\dbded102\bin\Release.AnyCPU\Vssf.InteractiveClient\MS.VS.Services.Client.L0.Tests\MS.VS.Services.Client.L0.Tests.dll" adapterTypeName="Microsoft.VisualStudio.TestTools.TestTypes.Unit.UnitTestAdapter" className="MS.VS.Services.Client.L0.Tests.RegistryAccountStoreTests" name="RemoveNonExisting" />
    </UnitTest>
    <UnitTest name="RemoveAccountNull" storage="d:\v2.0\a1\_work\dbded102\bin\release.anycpu\vssf.interactiveclient\ms.vs.services.client.l0.tests\ms.vs.services.client.l0.tests.dll" id="17e72e15-5676-d883-b53a-140b49de02e1">
      <Execution id="c386cfa1-5d51-455e-a4bb-ddb5bad07f88" />
      <TestMethod codeBase="D:\v2.0\A1\_work\dbded102\bin\Release.AnyCPU\Vssf.InteractiveClient\MS.VS.Services.Client.L0.Tests\MS.VS.Services.Client.L0.Tests.dll" adapterTypeName="Microsoft.VisualStudio.TestTools.TestTypes.Unit.UnitTestAdapter" className="MS.VS.Services.Client.L0.Tests.RegistryAccountStoreTests" name="RemoveAccountNull" />
    </UnitTest>
    <UnitTest name="SetDisplayInfoSameInfo" storage="d:\v2.0\a1\_work\dbded102\bin\release.anycpu\vssf.interactiveclient\ms.vs.services.client.l0.tests\ms.vs.services.client.l0.tests.dll" id="25977c78-f622-ee72-b11d-44921b7be289">
      <Execution id="5c286ec7-8ecf-4343-bbb7-ff0c151d2d74" />
      <TestMethod codeBase="D:\v2.0\A1\_work\dbded102\bin\Release.AnyCPU\Vssf.InteractiveClient\MS.VS.Services.Client.L0.Tests\MS.VS.Services.Client.L0.Tests.dll" adapterTypeName="Microsoft.VisualStudio.TestTools.TestTypes.Unit.UnitTestAdapter" className="MS.VS.Services.Client.L0.Tests.RegistryAccountStoreTests" name="SetDisplayInfoSameInfo" />
    </UnitTest>
    <UnitTest name="SetDisplayInfoNewInfo" storage="d:\v2.0\a1\_work\dbded102\bin\release.anycpu\vssf.interactiveclient\ms.vs.services.client.l0.tests\ms.vs.services.client.l0.tests.dll" id="a8f95d5d-3612-26b6-f8d1-7753d85464e1">
      <Execution id="4ce6d271-9221-4952-9eba-2711e36376e0" />
      <TestMethod codeBase="D:\v2.0\A1\_work\dbded102\bin\Release.AnyCPU\Vssf.InteractiveClient\MS.VS.Services.Client.L0.Tests\MS.VS.Services.Client.L0.Tests.dll" adapterTypeName="Microsoft.VisualStudio.TestTools.TestTypes.Unit.UnitTestAdapter" className="MS.VS.Services.Client.L0.Tests.RegistryAccountStoreTests" name="SetDisplayInfoNewInfo" />
    </UnitTest>
    <UnitTest name="SetDisplayInfoNonExistantAccount" storage="d:\v2.0\a1\_work\dbded102\bin\release.anycpu\vssf.interactiveclient\ms.vs.services.client.l0.tests\ms.vs.services.client.l0.tests.dll" id="6e46a9fb-92ae-6767-eff1-202327ddeef6">
      <Execution id="742c0334-8e24-416f-a35c-61189b21484f" />
      <TestMethod codeBase="D:\v2.0\A1\_work\dbded102\bin\Release.AnyCPU\Vssf.InteractiveClient\MS.VS.Services.Client.L0.Tests\MS.VS.Services.Client.L0.Tests.dll" adapterTypeName="Microsoft.VisualStudio.TestTools.TestTypes.Unit.UnitTestAdapter" className="MS.VS.Services.Client.L0.Tests.RegistryAccountStoreTests" name="SetDisplayInfoNonExistantAccount" />
    </UnitTest>
    <UnitTest name="SetDisplayInfoNull" storage="d:\v2.0\a1\_work\dbded102\bin\release.anycpu\vssf.interactiveclient\ms.vs.services.client.l0.tests\ms.vs.services.client.l0.tests.dll" id="82d6b4ec-2d0d-926d-8f77-62ec845a42eb">
      <Execution id="17bfa494-4676-421b-814a-d6ff7fce944f" />
      <TestMethod codeBase="D:\v2.0\A1\_work\dbded102\bin\Release.AnyCPU\Vssf.InteractiveClient\MS.VS.Services.Client.L0.Tests\MS.VS.Services.Client.L0.Tests.dll" adapterTypeName="Microsoft.VisualStudio.TestTools.TestTypes.Unit.UnitTestAdapter" className="MS.VS.Services.Client.L0.Tests.RegistryAccountStoreTests" name="SetDisplayInfoNull" />
    </UnitTest>
    <UnitTest name="SetPropertyNull" storage="d:\v2.0\a1\_work\dbded102\bin\release.anycpu\vssf.interactiveclient\ms.vs.services.client.l0.tests\ms.vs.services.client.l0.tests.dll" id="1aff9ce8-db63-1f82-630a-0a7a1e2f166c">
      <Execution id="e70ab922-18e8-4c7a-b087-3054b0ed5f4f" />
      <TestMethod codeBase="D:\v2.0\A1\_work\dbded102\bin\Release.AnyCPU\Vssf.InteractiveClient\MS.VS.Services.Client.L0.Tests\MS.VS.Services.Client.L0.Tests.dll" adapterTypeName="Microsoft.VisualStudio.TestTools.TestTypes.Unit.UnitTestAdapter" className="MS.VS.Services.Client.L0.Tests.RegistryAccountStoreTests" name="SetPropertyNull" />
    </UnitTest>
    <UnitTest name="SetPropertyAccountDoesNotExist" storage="d:\v2.0\a1\_work\dbded102\bin\release.anycpu\vssf.interactiveclient\ms.vs.services.client.l0.tests\ms.vs.services.client.l0.tests.dll" id="ea471e93-eaac-09bf-663f-354ee363ea81">
      <Execution id="33aac068-ffe7-4e2b-b13c-34168842e609" />
      <TestMethod codeBase="D:\v2.0\A1\_work\dbded102\bin\Release.AnyCPU\Vssf.InteractiveClient\MS.VS.Services.Client.L0.Tests\MS.VS.Services.Client.L0.Tests.dll" adapterTypeName="Microsoft.VisualStudio.TestTools.TestTypes.Unit.UnitTestAdapter" className="MS.VS.Services.Client.L0.Tests.RegistryAccountStoreTests" name="SetPropertyAccountDoesNotExist" />
    </UnitTest>
    <UnitTest name="SetPropertyAccount" storage="d:\v2.0\a1\_work\dbded102\bin\release.anycpu\vssf.interactiveclient\ms.vs.services.client.l0.tests\ms.vs.services.client.l0.tests.dll" id="5a728112-a4a8-53b1-88d8-dfb190bb9bdf">
      <Execution id="0dfdf80b-2d40-4f5f-89ce-4429b3a75bb9" />
      <TestMethod codeBase="D:\v2.0\A1\_work\dbded102\bin\Release.AnyCPU\Vssf.InteractiveClient\MS.VS.Services.Client.L0.Tests\MS.VS.Services.Client.L0.Tests.dll" adapterTypeName="Microsoft.VisualStudio.TestTools.TestTypes.Unit.UnitTestAdapter" className="MS.VS.Services.Client.L0.Tests.RegistryAccountStoreTests" name="SetPropertyAccount" />
    </UnitTest>
    <UnitTest name="SetPropertyAccount2x" storage="d:\v2.0\a1\_work\dbded102\bin\release.anycpu\vssf.interactiveclient\ms.vs.services.client.l0.tests\ms.vs.services.client.l0.tests.dll" id="5c1229b5-4ef3-3c1d-040b-0c3d812055df">
      <Execution id="bef432b0-d8f9-4887-9e17-bf00f89e689f" />
      <TestMethod codeBase="D:\v2.0\A1\_work\dbded102\bin\Release.AnyCPU\Vssf.InteractiveClient\MS.VS.Services.Client.L0.Tests\MS.VS.Services.Client.L0.Tests.dll" adapterTypeName="Microsoft.VisualStudio.TestTools.TestTypes.Unit.UnitTestAdapter" className="MS.VS.Services.Client.L0.Tests.RegistryAccountStoreTests" name="SetPropertyAccount2x" />
    </UnitTest>
    <UnitTest name="SetPropertyAccountNull" storage="d:\v2.0\a1\_work\dbded102\bin\release.anycpu\vssf.interactiveclient\ms.vs.services.client.l0.tests\ms.vs.services.client.l0.tests.dll" id="ed8dadf0-12cb-f249-272d-96e38ad44805">
      <Execution id="df6f41e9-a2b7-4fe0-9bca-62f6aa7269b7" />
      <TestMethod codeBase="D:\v2.0\A1\_work\dbded102\bin\Release.AnyCPU\Vssf.InteractiveClient\MS.VS.Services.Client.L0.Tests\MS.VS.Services.Client.L0.Tests.dll" adapterTypeName="Microsoft.VisualStudio.TestTools.TestTypes.Unit.UnitTestAdapter" className="MS.VS.Services.Client.L0.Tests.RegistryAccountStoreTests" name="SetPropertyAccountNull" />
    </UnitTest>
    <UnitTest name="SetPropertyAccountDifferentValue" storage="d:\v2.0\a1\_work\dbded102\bin\release.anycpu\vssf.interactiveclient\ms.vs.services.client.l0.tests\ms.vs.services.client.l0.tests.dll" id="db6c22d2-6a96-c68e-2529-d522abf3543c">
      <Execution id="16ec2f0f-c3c4-4372-b7b8-80c7e310d010" />
      <TestMethod codeBase="D:\v2.0\A1\_work\dbded102\bin\Release.AnyCPU\Vssf.InteractiveClient\MS.VS.Services.Client.L0.Tests\MS.VS.Services.Client.L0.Tests.dll" adapterTypeName="Microsoft.VisualStudio.TestTools.TestTypes.Unit.UnitTestAdapter" className="MS.VS.Services.Client.L0.Tests.RegistryAccountStoreTests" name="SetPropertyAccountDifferentValue" />
    </UnitTest>
    <UnitTest name="SetMultipleProperties" storage="d:\v2.0\a1\_work\dbded102\bin\release.anycpu\vssf.interactiveclient\ms.vs.services.client.l0.tests\ms.vs.services.client.l0.tests.dll" id="286a306c-8cae-456f-cfde-71f02e683877">
      <Execution id="517f9f4b-0404-4bda-b972-3661c6e98e29" />
      <TestMethod codeBase="D:\v2.0\A1\_work\dbded102\bin\Release.AnyCPU\Vssf.InteractiveClient\MS.VS.Services.Client.L0.Tests\MS.VS.Services.Client.L0.Tests.dll" adapterTypeName="Microsoft.VisualStudio.TestTools.TestTypes.Unit.UnitTestAdapter" className="MS.VS.Services.Client.L0.Tests.RegistryAccountStoreTests" name="SetMultipleProperties" />
    </UnitTest>
    <UnitTest name="UpdateMultipleProperties" storage="d:\v2.0\a1\_work\dbded102\bin\release.anycpu\vssf.interactiveclient\ms.vs.services.client.l0.tests\ms.vs.services.client.l0.tests.dll" id="7a94de77-467e-a6e1-c143-f62768bc6e0c">
      <Execution id="a25dd1bd-b205-4208-80e0-05387a13d80f" />
      <TestMethod codeBase="D:\v2.0\A1\_work\dbded102\bin\Release.AnyCPU\Vssf.InteractiveClient\MS.VS.Services.Client.L0.Tests\MS.VS.Services.Client.L0.Tests.dll" adapterTypeName="Microsoft.VisualStudio.TestTools.TestTypes.Unit.UnitTestAdapter" className="MS.VS.Services.Client.L0.Tests.RegistryAccountStoreTests" name="UpdateMultipleProperties" />
    </UnitTest>
    <UnitTest name="RemoveMultipleProperties" storage="d:\v2.0\a1\_work\dbded102\bin\release.anycpu\vssf.interactiveclient\ms.vs.services.client.l0.tests\ms.vs.services.client.l0.tests.dll" id="34f4bd2c-d8bd-c57e-0cb5-8603e9f3d2cd">
      <Execution id="c3cab360-12a8-4036-b6e8-b5d83763c581" />
      <TestMethod codeBase="D:\v2.0\A1\_work\dbded102\bin\Release.AnyCPU\Vssf.InteractiveClient\MS.VS.Services.Client.L0.Tests\MS.VS.Services.Client.L0.Tests.dll" adapterTypeName="Microsoft.VisualStudio.TestTools.TestTypes.Unit.UnitTestAdapter" className="MS.VS.Services.Client.L0.Tests.RegistryAccountStoreTests" name="RemoveMultipleProperties" />
    </UnitTest>
    <UnitTest name="AddReadPropertiesDifferentStringComparers" storage="d:\v2.0\a1\_work\dbded102\bin\release.anycpu\vssf.interactiveclient\ms.vs.services.client.l0.tests\ms.vs.services.client.l0.tests.dll" id="bb1f1ba1-5fbb-707f-b785-a119395e1618">
      <Execution id="7b077bfe-7a2c-4479-b6d1-d0b7f9007ee8" />
      <TestMethod codeBase="D:\v2.0\A1\_work\dbded102\bin\Release.AnyCPU\Vssf.InteractiveClient\MS.VS.Services.Client.L0.Tests\MS.VS.Services.Client.L0.Tests.dll" adapterTypeName="Microsoft.VisualStudio.TestTools.TestTypes.Unit.UnitTestAdapter" className="MS.VS.Services.Client.L0.Tests.RegistryAccountStoreTests" name="AddReadPropertiesDifferentStringComparers" />
    </UnitTest>
    <UnitTest name="SetNeedsReAuthentication" storage="d:\v2.0\a1\_work\dbded102\bin\release.anycpu\vssf.interactiveclient\ms.vs.services.client.l0.tests\ms.vs.services.client.l0.tests.dll" id="ccef2367-c4ed-1add-5585-ca3cbe9143f6">
      <Execution id="66c96db3-3a43-408d-b842-ecfaf9f323ab" />
      <TestMethod codeBase="D:\v2.0\A1\_work\dbded102\bin\Release.AnyCPU\Vssf.InteractiveClient\MS.VS.Services.Client.L0.Tests\MS.VS.Services.Client.L0.Tests.dll" adapterTypeName="Microsoft.VisualStudio.TestTools.TestTypes.Unit.UnitTestAdapter" className="MS.VS.Services.Client.L0.Tests.RegistryAccountStoreTests" name="SetNeedsReAuthentication" />
    </UnitTest>
    <UnitTest name="TwoAccountStoresMultiThread" storage="d:\v2.0\a1\_work\dbded102\bin\release.anycpu\vssf.interactiveclient\ms.vs.services.client.l0.tests\ms.vs.services.client.l0.tests.dll" id="135659e1-b707-e906-9e8e-704c3b1a9e72">
      <Execution id="95f3af78-e394-4f4a-a7cd-5559fbc91e87" />
      <TestMethod codeBase="D:\v2.0\A1\_work\dbded102\bin\Release.AnyCPU\Vssf.InteractiveClient\MS.VS.Services.Client.L0.Tests\MS.VS.Services.Client.L0.Tests.dll" adapterTypeName="Microsoft.VisualStudio.TestTools.TestTypes.Unit.UnitTestAdapter" className="MS.VS.Services.Client.L0.Tests.RegistryAccountStoreTests" name="TwoAccountStoresMultiThread" />
    </UnitTest>
    <UnitTest name="TestConstructors" storage="d:\v2.0\a1\_work\dbded102\bin\release.anycpu\vssf.interactiveclient\ms.vs.services.client.l0.tests\ms.vs.services.client.l0.tests.dll" id="d6809496-0bea-4d44-9be5-722e9dfa9d8c">
      <Execution id="9c18c5e6-18b1-4e95-bd9f-15964dd01981" />
      <TestMethod codeBase="D:\v2.0\A1\_work\dbded102\bin\Release.AnyCPU\Vssf.InteractiveClient\MS.VS.Services.Client.L0.Tests\MS.VS.Services.Client.L0.Tests.dll" adapterTypeName="Microsoft.VisualStudio.TestTools.TestTypes.Unit.UnitTestAdapter" className="MS.VS.Services.Client.L0.Tests.SessionTokenStorageTestsConstructors" name="TestConstructors" />
    </UnitTest>
    <UnitTest name="ClearTokenStorage" storage="d:\v2.0\a1\_work\dbded102\bin\release.anycpu\vssf.interactiveclient\ms.vs.services.client.l0.tests\ms.vs.services.client.l0.tests.dll" id="35c9e0b4-179c-7fd4-201d-85f7299b2e6e">
      <Execution id="b793af43-aca9-4006-9a2d-e0778ed9c016" />
      <TestMethod codeBase="D:\v2.0\A1\_work\dbded102\bin\Release.AnyCPU\Vssf.InteractiveClient\MS.VS.Services.Client.L0.Tests\MS.VS.Services.Client.L0.Tests.dll" adapterTypeName="Microsoft.VisualStudio.TestTools.TestTypes.Unit.UnitTestAdapter" className="MS.VS.Services.Client.L0.Tests.SessionTokenStorageTestsConstructors" name="ClearTokenStorage" />
    </UnitTest>
    <UnitTest name="NullToken" storage="d:\v2.0\a1\_work\dbded102\bin\release.anycpu\vssf.interactiveclient\ms.vs.services.client.l0.tests\ms.vs.services.client.l0.tests.dll" id="326cfda2-6ee8-1171-fe95-b0ccfc48bede">
      <Execution id="35a71817-87e0-4348-bb20-3bc4d61386d5" />
      <TestMethod codeBase="D:\v2.0\A1\_work\dbded102\bin\Release.AnyCPU\Vssf.InteractiveClient\MS.VS.Services.Client.L0.Tests\MS.VS.Services.Client.L0.Tests.dll" adapterTypeName="Microsoft.VisualStudio.TestTools.TestTypes.Unit.UnitTestAdapter" className="MS.VS.Services.Client.L0.Tests.SessionTokenStorageTestsDoesTokenRequireRefresh" name="NullToken" />
    </UnitTest>
    <UnitTest name="ExpectExceptionWhenDatePropertyIsMissing" storage="d:\v2.0\a1\_work\dbded102\bin\release.anycpu\vssf.interactiveclient\ms.vs.services.client.l0.tests\ms.vs.services.client.l0.tests.dll" id="cb5361d3-205f-a420-e3ad-719dbbd6cf20">
      <Execution id="5b89bc4a-b038-416c-bdbe-cd9cb65b58ed" />
      <TestMethod codeBase="D:\v2.0\A1\_work\dbded102\bin\Release.AnyCPU\Vssf.InteractiveClient\MS.VS.Services.Client.L0.Tests\MS.VS.Services.Client.L0.Tests.dll" adapterTypeName="Microsoft.VisualStudio.TestTools.TestTypes.Unit.UnitTestAdapter" className="MS.VS.Services.Client.L0.Tests.SessionTokenStorageTestsDoesTokenRequireRefresh" name="ExpectExceptionWhenDatePropertyIsMissing" />
    </UnitTest>
    <UnitTest name="BadlyFormattedRefreshDateProperty" storage="d:\v2.0\a1\_work\dbded102\bin\release.anycpu\vssf.interactiveclient\ms.vs.services.client.l0.tests\ms.vs.services.client.l0.tests.dll" id="02ee819c-da7b-6864-a2fe-fd36ba27ca58">
      <Execution id="dd830369-f20a-478a-9ec7-96530c2399e6" />
      <TestMethod codeBase="D:\v2.0\A1\_work\dbded102\bin\Release.AnyCPU\Vssf.InteractiveClient\MS.VS.Services.Client.L0.Tests\MS.VS.Services.Client.L0.Tests.dll" adapterTypeName="Microsoft.VisualStudio.TestTools.TestTypes.Unit.UnitTestAdapter" className="MS.VS.Services.Client.L0.Tests.SessionTokenStorageTestsDoesTokenRequireRefresh" name="BadlyFormattedRefreshDateProperty" />
    </UnitTest>
    <UnitTest name="EmptyRefreshDateProperty" storage="d:\v2.0\a1\_work\dbded102\bin\release.anycpu\vssf.interactiveclient\ms.vs.services.client.l0.tests\ms.vs.services.client.l0.tests.dll" id="4b4c91f2-74f0-8dbd-0a0d-de3c9c4e2646">
      <Execution id="1c1964ff-5040-425b-91d4-4a552ded0122" />
      <TestMethod codeBase="D:\v2.0\A1\_work\dbded102\bin\Release.AnyCPU\Vssf.InteractiveClient\MS.VS.Services.Client.L0.Tests\MS.VS.Services.Client.L0.Tests.dll" adapterTypeName="Microsoft.VisualStudio.TestTools.TestTypes.Unit.UnitTestAdapter" className="MS.VS.Services.Client.L0.Tests.SessionTokenStorageTestsDoesTokenRequireRefresh" name="EmptyRefreshDateProperty" />
    </UnitTest>
    <UnitTest name="MissingValidToProperty" storage="d:\v2.0\a1\_work\dbded102\bin\release.anycpu\vssf.interactiveclient\ms.vs.services.client.l0.tests\ms.vs.services.client.l0.tests.dll" id="acb86377-974d-dcc2-7533-46c9aaee14ed">
      <Execution id="22202e1a-c989-4ecb-868f-8067bca5712a" />
      <TestMethod codeBase="D:\v2.0\A1\_work\dbded102\bin\Release.AnyCPU\Vssf.InteractiveClient\MS.VS.Services.Client.L0.Tests\MS.VS.Services.Client.L0.Tests.dll" adapterTypeName="Microsoft.VisualStudio.TestTools.TestTypes.Unit.UnitTestAdapter" className="MS.VS.Services.Client.L0.Tests.SessionTokenStorageTestsDoesTokenRequireRefresh" name="MissingValidToProperty" />
    </UnitTest>
    <UnitTest name="BadlyFormattedValidToProperty" storage="d:\v2.0\a1\_work\dbded102\bin\release.anycpu\vssf.interactiveclient\ms.vs.services.client.l0.tests\ms.vs.services.client.l0.tests.dll" id="faad5117-345b-4eed-d051-4e4eb1d90fdb">
      <Execution id="22d04333-b04f-4233-9cab-d830b9933705" />
      <TestMethod codeBase="D:\v2.0\A1\_work\dbded102\bin\Release.AnyCPU\Vssf.InteractiveClient\MS.VS.Services.Client.L0.Tests\MS.VS.Services.Client.L0.Tests.dll" adapterTypeName="Microsoft.VisualStudio.TestTools.TestTypes.Unit.UnitTestAdapter" className="MS.VS.Services.Client.L0.Tests.SessionTokenStorageTestsDoesTokenRequireRefresh" name="BadlyFormattedValidToProperty" />
    </UnitTest>
    <UnitTest name="EmptyValidToProperty" storage="d:\v2.0\a1\_work\dbded102\bin\release.anycpu\vssf.interactiveclient\ms.vs.services.client.l0.tests\ms.vs.services.client.l0.tests.dll" id="afd1ba61-8dab-7573-927b-22bad0993928">
      <Execution id="b24b0d39-9105-423b-85d9-996e24a2a739" />
      <TestMethod codeBase="D:\v2.0\A1\_work\dbded102\bin\Release.AnyCPU\Vssf.InteractiveClient\MS.VS.Services.Client.L0.Tests\MS.VS.Services.Client.L0.Tests.dll" adapterTypeName="Microsoft.VisualStudio.TestTools.TestTypes.Unit.UnitTestAdapter" className="MS.VS.Services.Client.L0.Tests.SessionTokenStorageTestsDoesTokenRequireRefresh" name="EmptyValidToProperty" />
    </UnitTest>
    <UnitTest name="RefreshDateToday" storage="d:\v2.0\a1\_work\dbded102\bin\release.anycpu\vssf.interactiveclient\ms.vs.services.client.l0.tests\ms.vs.services.client.l0.tests.dll" id="f0959a16-4cd0-43e3-f2ca-081ba9e9c4a9">
      <Execution id="5db61e81-cc4a-46cb-974a-73694beb7e77" />
      <TestMethod codeBase="D:\v2.0\A1\_work\dbded102\bin\Release.AnyCPU\Vssf.InteractiveClient\MS.VS.Services.Client.L0.Tests\MS.VS.Services.Client.L0.Tests.dll" adapterTypeName="Microsoft.VisualStudio.TestTools.TestTypes.Unit.UnitTestAdapter" className="MS.VS.Services.Client.L0.Tests.SessionTokenStorageTestsDoesTokenRequireRefresh" name="RefreshDateToday" />
    </UnitTest>
    <UnitTest name="RefreshDateFiveDaysAgo" storage="d:\v2.0\a1\_work\dbded102\bin\release.anycpu\vssf.interactiveclient\ms.vs.services.client.l0.tests\ms.vs.services.client.l0.tests.dll" id="02a214d0-30d5-fb6c-ec47-f91f4f3a975c">
      <Execution id="fd51ebc2-34b7-4828-a886-9af3f44c22de" />
      <TestMethod codeBase="D:\v2.0\A1\_work\dbded102\bin\Release.AnyCPU\Vssf.InteractiveClient\MS.VS.Services.Client.L0.Tests\MS.VS.Services.Client.L0.Tests.dll" adapterTypeName="Microsoft.VisualStudio.TestTools.TestTypes.Unit.UnitTestAdapter" className="MS.VS.Services.Client.L0.Tests.SessionTokenStorageTestsDoesTokenRequireRefresh" name="RefreshDateFiveDaysAgo" />
    </UnitTest>
    <UnitTest name="RefreshDateTomorrow" storage="d:\v2.0\a1\_work\dbded102\bin\release.anycpu\vssf.interactiveclient\ms.vs.services.client.l0.tests\ms.vs.services.client.l0.tests.dll" id="4d09f353-08a8-fa34-d100-5bbc9d467b87">
      <Execution id="fd8665ed-8663-48e2-a89c-b76948084901" />
      <TestMethod codeBase="D:\v2.0\A1\_work\dbded102\bin\Release.AnyCPU\Vssf.InteractiveClient\MS.VS.Services.Client.L0.Tests\MS.VS.Services.Client.L0.Tests.dll" adapterTypeName="Microsoft.VisualStudio.TestTools.TestTypes.Unit.UnitTestAdapter" className="MS.VS.Services.Client.L0.Tests.SessionTokenStorageTestsDoesTokenRequireRefresh" name="RefreshDateTomorrow" />
    </UnitTest>
    <UnitTest name="HasTokenExpiredToday" storage="d:\v2.0\a1\_work\dbded102\bin\release.anycpu\vssf.interactiveclient\ms.vs.services.client.l0.tests\ms.vs.services.client.l0.tests.dll" id="e26679e7-836d-b490-3d17-2a1322c34f0c">
      <Execution id="47df676e-884a-4119-a7a9-87d255b767c3" />
      <TestMethod codeBase="D:\v2.0\A1\_work\dbded102\bin\Release.AnyCPU\Vssf.InteractiveClient\MS.VS.Services.Client.L0.Tests\MS.VS.Services.Client.L0.Tests.dll" adapterTypeName="Microsoft.VisualStudio.TestTools.TestTypes.Unit.UnitTestAdapter" className="MS.VS.Services.Client.L0.Tests.SessionTokenStorageTestsDoesTokenRequireRefresh" name="HasTokenExpiredToday" />
    </UnitTest>
    <UnitTest name="HasTokenExpiredFiveDaysAgo" storage="d:\v2.0\a1\_work\dbded102\bin\release.anycpu\vssf.interactiveclient\ms.vs.services.client.l0.tests\ms.vs.services.client.l0.tests.dll" id="5856a10a-7e23-fcf0-f648-af436f57c2de">
      <Execution id="62c0ae11-be41-441a-b9d3-e4e959c5add1" />
      <TestMethod codeBase="D:\v2.0\A1\_work\dbded102\bin\Release.AnyCPU\Vssf.InteractiveClient\MS.VS.Services.Client.L0.Tests\MS.VS.Services.Client.L0.Tests.dll" adapterTypeName="Microsoft.VisualStudio.TestTools.TestTypes.Unit.UnitTestAdapter" className="MS.VS.Services.Client.L0.Tests.SessionTokenStorageTestsDoesTokenRequireRefresh" name="HasTokenExpiredFiveDaysAgo" />
    </UnitTest>
    <UnitTest name="ExpiresAMonthFromNow" storage="d:\v2.0\a1\_work\dbded102\bin\release.anycpu\vssf.interactiveclient\ms.vs.services.client.l0.tests\ms.vs.services.client.l0.tests.dll" id="91dd0795-e608-c49d-6be7-dd2a04858975">
      <Execution id="f874cff8-b555-42fc-a652-9ae86eb2a226" />
      <TestMethod codeBase="D:\v2.0\A1\_work\dbded102\bin\Release.AnyCPU\Vssf.InteractiveClient\MS.VS.Services.Client.L0.Tests\MS.VS.Services.Client.L0.Tests.dll" adapterTypeName="Microsoft.VisualStudio.TestTools.TestTypes.Unit.UnitTestAdapter" className="MS.VS.Services.Client.L0.Tests.SessionTokenStorageTestsDoesTokenRequireRefresh" name="ExpiresAMonthFromNow" />
    </UnitTest>
    <UnitTest name="ValidToGreaterThanValidFrom" storage="d:\v2.0\a1\_work\dbded102\bin\release.anycpu\vssf.interactiveclient\ms.vs.services.client.l0.tests\ms.vs.services.client.l0.tests.dll" id="c7215a61-4744-71be-f3c3-1974187885e2">
      <Execution id="9eabc2a8-290f-4182-b73b-d25b3dbab40d" />
      <TestMethod codeBase="D:\v2.0\A1\_work\dbded102\bin\Release.AnyCPU\Vssf.InteractiveClient\MS.VS.Services.Client.L0.Tests\MS.VS.Services.Client.L0.Tests.dll" adapterTypeName="Microsoft.VisualStudio.TestTools.TestTypes.Unit.UnitTestAdapter" className="MS.VS.Services.Client.L0.Tests.SessionTokenStorageTestsCalculateDateToRefreshToken" name="ValidToGreaterThanValidFrom" />
    </UnitTest>
    <UnitTest name="ShortValidTime" storage="d:\v2.0\a1\_work\dbded102\bin\release.anycpu\vssf.interactiveclient\ms.vs.services.client.l0.tests\ms.vs.services.client.l0.tests.dll" id="b2c5b3b8-e994-501c-fff9-171372fd615a">
      <Execution id="db255baf-1924-4ff2-995e-c5690b6282d9" />
      <TestMethod codeBase="D:\v2.0\A1\_work\dbded102\bin\Release.AnyCPU\Vssf.InteractiveClient\MS.VS.Services.Client.L0.Tests\MS.VS.Services.Client.L0.Tests.dll" adapterTypeName="Microsoft.VisualStudio.TestTools.TestTypes.Unit.UnitTestAdapter" className="MS.VS.Services.Client.L0.Tests.SessionTokenStorageTestsCalculateDateToRefreshToken" name="ShortValidTime" />
    </UnitTest>
    <UnitTest name="ExpiresToday" storage="d:\v2.0\a1\_work\dbded102\bin\release.anycpu\vssf.interactiveclient\ms.vs.services.client.l0.tests\ms.vs.services.client.l0.tests.dll" id="a418df56-4293-0fa6-53ca-07846e3971aa">
      <Execution id="9d3d08be-6715-4874-b5cb-a06c816b87ac" />
      <TestMethod codeBase="D:\v2.0\A1\_work\dbded102\bin\Release.AnyCPU\Vssf.InteractiveClient\MS.VS.Services.Client.L0.Tests\MS.VS.Services.Client.L0.Tests.dll" adapterTypeName="Microsoft.VisualStudio.TestTools.TestTypes.Unit.UnitTestAdapter" className="MS.VS.Services.Client.L0.Tests.SessionTokenStorageTestsCalculateDateToRefreshToken" name="ExpiresToday" />
    </UnitTest>
    <UnitTest name="GetTokensFromScopeGoodScopesGoodAccount" storage="d:\v2.0\a1\_work\dbded102\bin\release.anycpu\vssf.interactiveclient\ms.vs.services.client.l0.tests\ms.vs.services.client.l0.tests.dll" id="be0e3b6c-f7d5-7978-b189-d493f42bab41">
      <Execution id="beeaf226-702e-45ad-896a-1cb3b55abdfb" />
      <TestMethod codeBase="D:\v2.0\A1\_work\dbded102\bin\Release.AnyCPU\Vssf.InteractiveClient\MS.VS.Services.Client.L0.Tests\MS.VS.Services.Client.L0.Tests.dll" adapterTypeName="Microsoft.VisualStudio.TestTools.TestTypes.Unit.UnitTestAdapter" className="MS.VS.Services.Client.L0.Tests.SessionTokenStorageTestsGetTokensFromScope" name="GetTokensFromScopeGoodScopesGoodAccount" />
    </UnitTest>
    <UnitTest name="GetTokensFromScopeGoodScopesIncorrectAccount" storage="d:\v2.0\a1\_work\dbded102\bin\release.anycpu\vssf.interactiveclient\ms.vs.services.client.l0.tests\ms.vs.services.client.l0.tests.dll" id="e69d0b9d-3a03-38e0-496c-1c30d4d248d0">
      <Execution id="7d5e6352-dbb8-4c98-bceb-35bb677b9233" />
      <TestMethod codeBase="D:\v2.0\A1\_work\dbded102\bin\Release.AnyCPU\Vssf.InteractiveClient\MS.VS.Services.Client.L0.Tests\MS.VS.Services.Client.L0.Tests.dll" adapterTypeName="Microsoft.VisualStudio.TestTools.TestTypes.Unit.UnitTestAdapter" className="MS.VS.Services.Client.L0.Tests.SessionTokenStorageTestsGetTokensFromScope" name="GetTokensFromScopeGoodScopesIncorrectAccount" />
    </UnitTest>
    <UnitTest name="GetTokensFromScopeGoodScopesTwoAccounts" storage="d:\v2.0\a1\_work\dbded102\bin\release.anycpu\vssf.interactiveclient\ms.vs.services.client.l0.tests\ms.vs.services.client.l0.tests.dll" id="84dc5361-bbdb-707c-e178-c50f7909fd5c">
      <Execution id="563ad780-1d2c-48d6-8e4f-1996e8e4a5aa" />
      <TestMethod codeBase="D:\v2.0\A1\_work\dbded102\bin\Release.AnyCPU\Vssf.InteractiveClient\MS.VS.Services.Client.L0.Tests\MS.VS.Services.Client.L0.Tests.dll" adapterTypeName="Microsoft.VisualStudio.TestTools.TestTypes.Unit.UnitTestAdapter" className="MS.VS.Services.Client.L0.Tests.SessionTokenStorageTestsGetTokensFromScope" name="GetTokensFromScopeGoodScopesTwoAccounts" />
    </UnitTest>
    <UnitTest name="GetTokensFromScopeMixOfExpiredAndNeedsRefresh" storage="d:\v2.0\a1\_work\dbded102\bin\release.anycpu\vssf.interactiveclient\ms.vs.services.client.l0.tests\ms.vs.services.client.l0.tests.dll" id="dd5b19b3-3a9f-0fb9-7efb-52232c4ec774">
      <Execution id="e4f2a000-6b6f-4d65-9dec-a56b6781ce15" />
      <TestMethod codeBase="D:\v2.0\A1\_work\dbded102\bin\Release.AnyCPU\Vssf.InteractiveClient\MS.VS.Services.Client.L0.Tests\MS.VS.Services.Client.L0.Tests.dll" adapterTypeName="Microsoft.VisualStudio.TestTools.TestTypes.Unit.UnitTestAdapter" className="MS.VS.Services.Client.L0.Tests.SessionTokenStorageTestsGetTokensFromScope" name="GetTokensFromScopeMixOfExpiredAndNeedsRefresh" />
    </UnitTest>
    <UnitTest name="GetTokensFromScopeForceRefresh" storage="d:\v2.0\a1\_work\dbded102\bin\release.anycpu\vssf.interactiveclient\ms.vs.services.client.l0.tests\ms.vs.services.client.l0.tests.dll" id="084b977e-f2ce-607d-dff0-cddf7d749357">
      <Execution id="6e968b86-bb8c-4b8b-b222-e163ab89bbce" />
      <TestMethod codeBase="D:\v2.0\A1\_work\dbded102\bin\Release.AnyCPU\Vssf.InteractiveClient\MS.VS.Services.Client.L0.Tests\MS.VS.Services.Client.L0.Tests.dll" adapterTypeName="Microsoft.VisualStudio.TestTools.TestTypes.Unit.UnitTestAdapter" className="MS.VS.Services.Client.L0.Tests.SessionTokenStorageTestsGetTokensFromScope" name="GetTokensFromScopeForceRefresh" />
    </UnitTest>
    <UnitTest name="RefreshSessionTokensForAccountAsync" storage="d:\v2.0\a1\_work\dbded102\bin\release.anycpu\vssf.interactiveclient\ms.vs.services.client.l0.tests\ms.vs.services.client.l0.tests.dll" id="d6478d2f-80ee-ea54-e32c-87d76788ab77">
      <Execution id="f9843a3f-7dc2-4ef9-ab57-3d0f8b672e45" />
      <TestMethod codeBase="D:\v2.0\A1\_work\dbded102\bin\Release.AnyCPU\Vssf.InteractiveClient\MS.VS.Services.Client.L0.Tests\MS.VS.Services.Client.L0.Tests.dll" adapterTypeName="Microsoft.VisualStudio.TestTools.TestTypes.Unit.UnitTestAdapter" className="MS.VS.Services.Client.L0.Tests.SessionTokenStorageTestsRefreshSessionTokensForAccount" name="RefreshSessionTokensForAccountAsync" />
    </UnitTest>
    <UnitTest name="IncorrectAccountType" storage="d:\v2.0\a1\_work\dbded102\bin\release.anycpu\vssf.interactiveclient\ms.vs.services.client.l0.tests\ms.vs.services.client.l0.tests.dll" id="ce11c9a4-11f8-22ed-6a93-f50338e603c2">
      <Execution id="76dde262-a2df-4c8a-80db-e232339951da" />
      <TestMethod codeBase="D:\v2.0\A1\_work\dbded102\bin\Release.AnyCPU\Vssf.InteractiveClient\MS.VS.Services.Client.L0.Tests\MS.VS.Services.Client.L0.Tests.dll" adapterTypeName="Microsoft.VisualStudio.TestTools.TestTypes.Unit.UnitTestAdapter" className="MS.VS.Services.Client.L0.Tests.SessionTokenStorageTestsRefreshSessionTokensForAccount" name="IncorrectAccountType" />
    </UnitTest>
    <UnitTest name="TestGetSessionTokenFromAccountAsync" storage="d:\v2.0\a1\_work\dbded102\bin\release.anycpu\vssf.interactiveclient\ms.vs.services.client.l0.tests\ms.vs.services.client.l0.tests.dll" id="e381de1c-3b7b-8846-ae8d-a510b2dd2d2a">
      <Execution id="25a58427-58d8-4db4-8ec0-cf010a18e89c" />
      <TestMethod codeBase="D:\v2.0\A1\_work\dbded102\bin\Release.AnyCPU\Vssf.InteractiveClient\MS.VS.Services.Client.L0.Tests\MS.VS.Services.Client.L0.Tests.dll" adapterTypeName="Microsoft.VisualStudio.TestTools.TestTypes.Unit.UnitTestAdapter" className="MS.VS.Services.Client.L0.Tests.SessionTokenStorageTestsRefreshSessionTokensForAccount" name="TestGetSessionTokenFromAccountAsync" />
    </UnitTest>
    <UnitTest name="ServerReturnsExpiredToken" storage="d:\v2.0\a1\_work\dbded102\bin\release.anycpu\vssf.interactiveclient\ms.vs.services.client.l0.tests\ms.vs.services.client.l0.tests.dll" id="1151b8aa-d4b1-81b2-16e6-e9d0fe109ff3">
      <Execution id="f3e12ebf-3cbc-45d0-a447-d49d5bf64479" />
      <TestMethod codeBase="D:\v2.0\A1\_work\dbded102\bin\Release.AnyCPU\Vssf.InteractiveClient\MS.VS.Services.Client.L0.Tests\MS.VS.Services.Client.L0.Tests.dll" adapterTypeName="Microsoft.VisualStudio.TestTools.TestTypes.Unit.UnitTestAdapter" className="MS.VS.Services.Client.L0.Tests.SessionTokenStorageTestsRefreshSessionTokensForAccount" name="ServerReturnsExpiredToken" />
    </UnitTest>
    <UnitTest name="CheckGetScopeFromTokenStorage" storage="d:\v2.0\a1\_work\dbded102\bin\release.anycpu\vssf.interactiveclient\ms.vs.services.client.l0.tests\ms.vs.services.client.l0.tests.dll" id="a4b3bfeb-2118-20da-c542-2160e203fc25">
      <Execution id="fc0c2c2e-5e10-4ec9-a802-407c06ef9b72" />
      <TestMethod codeBase="D:\v2.0\A1\_work\dbded102\bin\Release.AnyCPU\Vssf.InteractiveClient\MS.VS.Services.Client.L0.Tests\MS.VS.Services.Client.L0.Tests.dll" adapterTypeName="Microsoft.VisualStudio.TestTools.TestTypes.Unit.UnitTestAdapter" className="MS.VS.Services.Client.L0.Tests.SessionTokenStorageTestsRefreshSessionTokensForAccount" name="CheckGetScopeFromTokenStorage" />
    </UnitTest>
    <UnitTest name="CheckGetTargetAccountFromTokenStorage" storage="d:\v2.0\a1\_work\dbded102\bin\release.anycpu\vssf.interactiveclient\ms.vs.services.client.l0.tests\ms.vs.services.client.l0.tests.dll" id="19506f5c-1d7e-de74-3f21-b933bc288003">
      <Execution id="57416b42-5487-488a-8e95-5e49aab4fe2b" />
      <TestMethod codeBase="D:\v2.0\A1\_work\dbded102\bin\Release.AnyCPU\Vssf.InteractiveClient\MS.VS.Services.Client.L0.Tests\MS.VS.Services.Client.L0.Tests.dll" adapterTypeName="Microsoft.VisualStudio.TestTools.TestTypes.Unit.UnitTestAdapter" className="MS.VS.Services.Client.L0.Tests.SessionTokenStorageTestsRefreshSessionTokensForAccount" name="CheckGetTargetAccountFromTokenStorage" />
    </UnitTest>
    <UnitTest name="VsAccountProviderAcquireTokenLogEventDefaultValues" storage="d:\v2.0\a1\_work\dbded102\bin\release.anycpu\vssf.interactiveclient\ms.vs.services.client.l0.tests\ms.vs.services.client.l0.tests.dll" id="c4b2763e-e53f-3884-18c7-bb04ceb176c7">
      <Execution id="f33ea3f5-bda5-41ce-a1ba-bc4ea8a93ec1" />
      <TestMethod codeBase="D:\v2.0\A1\_work\dbded102\bin\Release.AnyCPU\Vssf.InteractiveClient\MS.VS.Services.Client.L0.Tests\MS.VS.Services.Client.L0.Tests.dll" adapterTypeName="Microsoft.VisualStudio.TestTools.TestTypes.Unit.UnitTestAdapter" className="MS.VS.Services.Client.L0.Tests.VsAccountProviderAcquireTokenLogEventTests" name="VsAccountProviderAcquireTokenLogEventDefaultValues" />
    </UnitTest>
    <UnitTest name="VsAccountProviderAcquireTokenLogEventCanSetPromptedValue" storage="d:\v2.0\a1\_work\dbded102\bin\release.anycpu\vssf.interactiveclient\ms.vs.services.client.l0.tests\ms.vs.services.client.l0.tests.dll" id="0ead71d9-369b-cad7-1d6f-1d663e095ad0">
      <Execution id="369ab6a0-9782-40e0-a76d-07aedd143ca1" />
      <TestMethod codeBase="D:\v2.0\A1\_work\dbded102\bin\Release.AnyCPU\Vssf.InteractiveClient\MS.VS.Services.Client.L0.Tests\MS.VS.Services.Client.L0.Tests.dll" adapterTypeName="Microsoft.VisualStudio.TestTools.TestTypes.Unit.UnitTestAdapter" className="MS.VS.Services.Client.L0.Tests.VsAccountProviderAcquireTokenLogEventTests" name="VsAccountProviderAcquireTokenLogEventCanSetPromptedValue" />
    </UnitTest>
    <UnitTest name="VsAccountProviderAcquireTokenLogEventCanSetSucceededValue" storage="d:\v2.0\a1\_work\dbded102\bin\release.anycpu\vssf.interactiveclient\ms.vs.services.client.l0.tests\ms.vs.services.client.l0.tests.dll" id="8e853103-ee16-2858-050b-35ea401ab141">
      <Execution id="dc697c62-24fc-423b-b347-c25c9123490a" />
      <TestMethod codeBase="D:\v2.0\A1\_work\dbded102\bin\Release.AnyCPU\Vssf.InteractiveClient\MS.VS.Services.Client.L0.Tests\MS.VS.Services.Client.L0.Tests.dll" adapterTypeName="Microsoft.VisualStudio.TestTools.TestTypes.Unit.UnitTestAdapter" className="MS.VS.Services.Client.L0.Tests.VsAccountProviderAcquireTokenLogEventTests" name="VsAccountProviderAcquireTokenLogEventCanSetSucceededValue" />
    </UnitTest>
    <UnitTest name="VsAccountProviderAcquireTokenLogEventFallBackToExceptionTypeForSilentError" storage="d:\v2.0\a1\_work\dbded102\bin\release.anycpu\vssf.interactiveclient\ms.vs.services.client.l0.tests\ms.vs.services.client.l0.tests.dll" id="c9e0197f-e686-c1dc-f03e-9cb6731f2ee3">
      <Execution id="1ace96fa-e28d-4834-ba2f-45b372357349" />
      <TestMethod codeBase="D:\v2.0\A1\_work\dbded102\bin\Release.AnyCPU\Vssf.InteractiveClient\MS.VS.Services.Client.L0.Tests\MS.VS.Services.Client.L0.Tests.dll" adapterTypeName="Microsoft.VisualStudio.TestTools.TestTypes.Unit.UnitTestAdapter" className="MS.VS.Services.Client.L0.Tests.VsAccountProviderAcquireTokenLogEventTests" name="VsAccountProviderAcquireTokenLogEventFallBackToExceptionTypeForSilentError" />
    </UnitTest>
    <UnitTest name="VsAccountProviderAcquireTokenLogEventFallBackToExceptionTypeForPromptError" storage="d:\v2.0\a1\_work\dbded102\bin\release.anycpu\vssf.interactiveclient\ms.vs.services.client.l0.tests\ms.vs.services.client.l0.tests.dll" id="e002a5d6-6ebb-aa72-f0b2-2d1254702f53">
      <Execution id="826ca1cc-0282-48de-9b2a-e421758426a0" />
      <TestMethod codeBase="D:\v2.0\A1\_work\dbded102\bin\Release.AnyCPU\Vssf.InteractiveClient\MS.VS.Services.Client.L0.Tests\MS.VS.Services.Client.L0.Tests.dll" adapterTypeName="Microsoft.VisualStudio.TestTools.TestTypes.Unit.UnitTestAdapter" className="MS.VS.Services.Client.L0.Tests.VsAccountProviderAcquireTokenLogEventTests" name="VsAccountProviderAcquireTokenLogEventFallBackToExceptionTypeForPromptError" />
    </UnitTest>
    <UnitTest name="GetDefaultProviderLogo" storage="d:\v2.0\a1\_work\dbded102\bin\release.anycpu\vssf.interactiveclient\ms.vs.services.client.l0.tests\ms.vs.services.client.l0.tests.dll" id="52e3d72b-c1cb-e0b4-7b47-148f54e8c31b">
      <Execution id="ce9b3ff2-271d-489a-9ac2-7f2b08bc8fca" />
      <TestMethod codeBase="D:\v2.0\A1\_work\dbded102\bin\Release.AnyCPU\Vssf.InteractiveClient\MS.VS.Services.Client.L0.Tests\MS.VS.Services.Client.L0.Tests.dll" adapterTypeName="Microsoft.VisualStudio.TestTools.TestTypes.Unit.UnitTestAdapter" className="MS.VS.Services.Client.L0.Tests.VSAccountProviderTests" name="GetDefaultProviderLogo" />
    </UnitTest>
    <UnitTest name="GetMSAImage" storage="d:\v2.0\a1\_work\dbded102\bin\release.anycpu\vssf.interactiveclient\ms.vs.services.client.l0.tests\ms.vs.services.client.l0.tests.dll" id="a6dd1214-deac-0574-6432-aed1ec9fbbc3">
      <Execution id="8ff79d2b-2049-42da-853c-6a0b13b1dc83" />
      <TestMethod codeBase="D:\v2.0\A1\_work\dbded102\bin\Release.AnyCPU\Vssf.InteractiveClient\MS.VS.Services.Client.L0.Tests\MS.VS.Services.Client.L0.Tests.dll" adapterTypeName="Microsoft.VisualStudio.TestTools.TestTypes.Unit.UnitTestAdapter" className="MS.VS.Services.Client.L0.Tests.VSAccountProviderTests" name="GetMSAImage" />
    </UnitTest>
    <UnitTest name="VerifySetAdalCacheNull" storage="d:\v2.0\a1\_work\dbded102\bin\release.anycpu\vssf.interactiveclient\ms.vs.services.client.l0.tests\ms.vs.services.client.l0.tests.dll" id="cc24f708-b225-1d37-b803-2fd74ab189c0">
      <Execution id="d64e2247-3d4d-4b6b-b1ab-cf369769854f" />
      <TestMethod codeBase="D:\v2.0\A1\_work\dbded102\bin\Release.AnyCPU\Vssf.InteractiveClient\MS.VS.Services.Client.L0.Tests\MS.VS.Services.Client.L0.Tests.dll" adapterTypeName="Microsoft.VisualStudio.TestTools.TestTypes.Unit.UnitTestAdapter" className="MS.VS.Services.Client.L0.Tests.VSAccountProviderTests" name="VerifySetAdalCacheNull" />
    </UnitTest>
    <UnitTest name="IsMSA" storage="d:\v2.0\a1\_work\dbded102\bin\release.anycpu\vssf.interactiveclient\ms.vs.services.client.l0.tests\ms.vs.services.client.l0.tests.dll" id="c75986fc-bb3f-771d-6675-388429722a07">
      <Execution id="c5a247e1-14aa-432d-8487-70aa1b06c823" />
      <TestMethod codeBase="D:\v2.0\A1\_work\dbded102\bin\Release.AnyCPU\Vssf.InteractiveClient\MS.VS.Services.Client.L0.Tests\MS.VS.Services.Client.L0.Tests.dll" adapterTypeName="Microsoft.VisualStudio.TestTools.TestTypes.Unit.UnitTestAdapter" className="MS.VS.Services.Client.L0.Tests.VSAccountProviderTests" name="IsMSA" />
    </UnitTest>
    <UnitTest name="SetAccountStoreNull" storage="d:\v2.0\a1\_work\dbded102\bin\release.anycpu\vssf.interactiveclient\ms.vs.services.client.l0.tests\ms.vs.services.client.l0.tests.dll" id="6667d325-401a-8659-fce7-ab7d89089a63">
      <Execution id="f995420a-10f0-4d1a-a866-5e701136ed5f" />
      <TestMethod codeBase="D:\v2.0\A1\_work\dbded102\bin\Release.AnyCPU\Vssf.InteractiveClient\MS.VS.Services.Client.L0.Tests\MS.VS.Services.Client.L0.Tests.dll" adapterTypeName="Microsoft.VisualStudio.TestTools.TestTypes.Unit.UnitTestAdapter" className="MS.VS.Services.Client.L0.Tests.VSAccountProviderTests" name="SetAccountStoreNull" />
    </UnitTest>
    <UnitTest name="RaiseAccountProcessingEndNoOneRegistered" storage="d:\v2.0\a1\_work\dbded102\bin\release.anycpu\vssf.interactiveclient\ms.vs.services.client.l0.tests\ms.vs.services.client.l0.tests.dll" id="409fbafa-7a7f-0d6e-0c78-2a2e909bf9d2">
      <Execution id="aefad74a-052b-4aab-8fbb-d4151ab65016" />
      <TestMethod codeBase="D:\v2.0\A1\_work\dbded102\bin\Release.AnyCPU\Vssf.InteractiveClient\MS.VS.Services.Client.L0.Tests\MS.VS.Services.Client.L0.Tests.dll" adapterTypeName="Microsoft.VisualStudio.TestTools.TestTypes.Unit.UnitTestAdapter" className="MS.VS.Services.Client.L0.Tests.VSAccountProviderTests" name="RaiseAccountProcessingEndNoOneRegistered" />
    </UnitTest>
    <UnitTest name="RaiseAccountProcessingEndNoErrors" storage="d:\v2.0\a1\_work\dbded102\bin\release.anycpu\vssf.interactiveclient\ms.vs.services.client.l0.tests\ms.vs.services.client.l0.tests.dll" id="49b57575-b01f-1579-6a32-e27f44ed927f">
      <Execution id="c4f6d37d-16ad-4ce7-a4e4-163a126a6535" />
      <TestMethod codeBase="D:\v2.0\A1\_work\dbded102\bin\Release.AnyCPU\Vssf.InteractiveClient\MS.VS.Services.Client.L0.Tests\MS.VS.Services.Client.L0.Tests.dll" adapterTypeName="Microsoft.VisualStudio.TestTools.TestTypes.Unit.UnitTestAdapter" className="MS.VS.Services.Client.L0.Tests.VSAccountProviderTests" name="RaiseAccountProcessingEndNoErrors" />
    </UnitTest>
    <UnitTest name="RaiseAccountProcessingEndErrors" storage="d:\v2.0\a1\_work\dbded102\bin\release.anycpu\vssf.interactiveclient\ms.vs.services.client.l0.tests\ms.vs.services.client.l0.tests.dll" id="48ea3b75-579c-5e12-3c13-775dfd2fe0fc">
      <Execution id="ac328311-83de-4b09-8561-92885bd2ddc3" />
      <TestMethod codeBase="D:\v2.0\A1\_work\dbded102\bin\Release.AnyCPU\Vssf.InteractiveClient\MS.VS.Services.Client.L0.Tests\MS.VS.Services.Client.L0.Tests.dll" adapterTypeName="Microsoft.VisualStudio.TestTools.TestTypes.Unit.UnitTestAdapter" className="MS.VS.Services.Client.L0.Tests.VSAccountProviderTests" name="RaiseAccountProcessingEndErrors" />
    </UnitTest>
    <UnitTest name="GetAdalUniqueIdsFromAccountsEmptyAccounts" storage="d:\v2.0\a1\_work\dbded102\bin\release.anycpu\vssf.interactiveclient\ms.vs.services.client.l0.tests\ms.vs.services.client.l0.tests.dll" id="18db15c1-41c8-0a6f-3e87-ceccfd8249fb">
      <Execution id="643b8e47-e841-42a1-bdda-1c3c14f8e3f5" />
      <TestMethod codeBase="D:\v2.0\A1\_work\dbded102\bin\Release.AnyCPU\Vssf.InteractiveClient\MS.VS.Services.Client.L0.Tests\MS.VS.Services.Client.L0.Tests.dll" adapterTypeName="Microsoft.VisualStudio.TestTools.TestTypes.Unit.UnitTestAdapter" className="MS.VS.Services.Client.L0.Tests.VSAccountProviderTests" name="GetAdalUniqueIdsFromAccountsEmptyAccounts" />
    </UnitTest>
    <UnitTest name="GetAdalUniqueIdsFromAccounts" storage="d:\v2.0\a1\_work\dbded102\bin\release.anycpu\vssf.interactiveclient\ms.vs.services.client.l0.tests\ms.vs.services.client.l0.tests.dll" id="76182c4a-e8c4-6803-9118-3dd149679404">
      <Execution id="30f7504d-915e-48a4-9eaa-77c554293b0a" />
      <TestMethod codeBase="D:\v2.0\A1\_work\dbded102\bin\Release.AnyCPU\Vssf.InteractiveClient\MS.VS.Services.Client.L0.Tests\MS.VS.Services.Client.L0.Tests.dll" adapterTypeName="Microsoft.VisualStudio.TestTools.TestTypes.Unit.UnitTestAdapter" className="MS.VS.Services.Client.L0.Tests.VSAccountProviderTests" name="GetAdalUniqueIdsFromAccounts" />
    </UnitTest>
    <UnitTest name="GetAdalUniqueIdsFromAccountsDuplicate" storage="d:\v2.0\a1\_work\dbded102\bin\release.anycpu\vssf.interactiveclient\ms.vs.services.client.l0.tests\ms.vs.services.client.l0.tests.dll" id="92bee82b-8d17-29a8-bd31-1451bdb9a359">
      <Execution id="ba738c4a-b869-4831-bcac-7f41a39d5704" />
      <TestMethod codeBase="D:\v2.0\A1\_work\dbded102\bin\Release.AnyCPU\Vssf.InteractiveClient\MS.VS.Services.Client.L0.Tests\MS.VS.Services.Client.L0.Tests.dll" adapterTypeName="Microsoft.VisualStudio.TestTools.TestTypes.Unit.UnitTestAdapter" className="MS.VS.Services.Client.L0.Tests.VSAccountProviderTests" name="GetAdalUniqueIdsFromAccountsDuplicate" />
    </UnitTest>
    <UnitTest name="GetAdalUniqueIdsFromAccountNoProperty" storage="d:\v2.0\a1\_work\dbded102\bin\release.anycpu\vssf.interactiveclient\ms.vs.services.client.l0.tests\ms.vs.services.client.l0.tests.dll" id="1bdac529-51ed-46b5-8bec-8586502957cb">
      <Execution id="c4a9b2be-717d-49e4-9cdb-f49d15b4407b" />
      <TestMethod codeBase="D:\v2.0\A1\_work\dbded102\bin\Release.AnyCPU\Vssf.InteractiveClient\MS.VS.Services.Client.L0.Tests\MS.VS.Services.Client.L0.Tests.dll" adapterTypeName="Microsoft.VisualStudio.TestTools.TestTypes.Unit.UnitTestAdapter" className="MS.VS.Services.Client.L0.Tests.VSAccountProviderTests" name="GetAdalUniqueIdsFromAccountNoProperty" />
    </UnitTest>
    <UnitTest name="AddNewAccountToStore" storage="d:\v2.0\a1\_work\dbded102\bin\release.anycpu\vssf.interactiveclient\ms.vs.services.client.l0.tests\ms.vs.services.client.l0.tests.dll" id="ebee6a9f-3dfc-e836-5003-fe998994ee83">
      <Execution id="0619adeb-14f4-4309-b0a7-78d9084603c0" />
      <TestMethod codeBase="D:\v2.0\A1\_work\dbded102\bin\Release.AnyCPU\Vssf.InteractiveClient\MS.VS.Services.Client.L0.Tests\MS.VS.Services.Client.L0.Tests.dll" adapterTypeName="Microsoft.VisualStudio.TestTools.TestTypes.Unit.UnitTestAdapter" className="MS.VS.Services.Client.L0.Tests.VSAccountProviderTests" name="AddNewAccountToStore" />
    </UnitTest>
    <UnitTest name="VerifyOrgIdDisplayNameOnAddAccount" storage="d:\v2.0\a1\_work\dbded102\bin\release.anycpu\vssf.interactiveclient\ms.vs.services.client.l0.tests\ms.vs.services.client.l0.tests.dll" id="0dd6c1a1-5659-0676-1dc2-1ea242dbc2ee">
      <Execution id="e31a30f6-c8a6-41e5-8a50-04dff9a9d24c" />
      <TestMethod codeBase="D:\v2.0\A1\_work\dbded102\bin\Release.AnyCPU\Vssf.InteractiveClient\MS.VS.Services.Client.L0.Tests\MS.VS.Services.Client.L0.Tests.dll" adapterTypeName="Microsoft.VisualStudio.TestTools.TestTypes.Unit.UnitTestAdapter" className="MS.VS.Services.Client.L0.Tests.VSAccountProviderTests" name="VerifyOrgIdDisplayNameOnAddAccount" />
    </UnitTest>
    <UnitTest name="AddNewAccountToStorePreserveProperties" storage="d:\v2.0\a1\_work\dbded102\bin\release.anycpu\vssf.interactiveclient\ms.vs.services.client.l0.tests\ms.vs.services.client.l0.tests.dll" id="5c3e48ad-350c-f8c7-da94-66678b4452e6">
      <Execution id="626ede00-338e-4e16-bce2-e5cbe31c6bc3" />
      <TestMethod codeBase="D:\v2.0\A1\_work\dbded102\bin\Release.AnyCPU\Vssf.InteractiveClient\MS.VS.Services.Client.L0.Tests\MS.VS.Services.Client.L0.Tests.dll" adapterTypeName="Microsoft.VisualStudio.TestTools.TestTypes.Unit.UnitTestAdapter" className="MS.VS.Services.Client.L0.Tests.VSAccountProviderTests" name="AddNewAccountToStorePreserveProperties" />
    </UnitTest>
    <UnitTest name="AddNewAccountToStoreNoTenantsWithInfrastructure" storage="d:\v2.0\a1\_work\dbded102\bin\release.anycpu\vssf.interactiveclient\ms.vs.services.client.l0.tests\ms.vs.services.client.l0.tests.dll" id="05b5640d-1bcc-5b28-a653-04f4965fd05f">
      <Execution id="3192cc4e-5f47-4449-ada7-fae8fb7eb9f7" />
      <TestMethod codeBase="D:\v2.0\A1\_work\dbded102\bin\Release.AnyCPU\Vssf.InteractiveClient\MS.VS.Services.Client.L0.Tests\MS.VS.Services.Client.L0.Tests.dll" adapterTypeName="Microsoft.VisualStudio.TestTools.TestTypes.Unit.UnitTestAdapter" className="MS.VS.Services.Client.L0.Tests.VSAccountProviderTests" name="AddNewAccountToStoreNoTenantsWithInfrastructure" />
    </UnitTest>
    <UnitTest name="AuthentAccountWithExistingScopes" storage="d:\v2.0\a1\_work\dbded102\bin\release.anycpu\vssf.interactiveclient\ms.vs.services.client.l0.tests\ms.vs.services.client.l0.tests.dll" id="2be3b7bd-33ad-e67f-19cd-52b98e7d2bc9">
      <Execution id="81cb545c-a487-45f2-bf8d-8ab95875b3b4" />
      <TestMethod codeBase="D:\v2.0\A1\_work\dbded102\bin\Release.AnyCPU\Vssf.InteractiveClient\MS.VS.Services.Client.L0.Tests\MS.VS.Services.Client.L0.Tests.dll" adapterTypeName="Microsoft.VisualStudio.TestTools.TestTypes.Unit.UnitTestAdapter" className="MS.VS.Services.Client.L0.Tests.VSAccountProviderTests" name="AuthentAccountWithExistingScopes" />
    </UnitTest>
    <UnitTest name="AuthentAccountWithUnknownDomain" storage="d:\v2.0\a1\_work\dbded102\bin\release.anycpu\vssf.interactiveclient\ms.vs.services.client.l0.tests\ms.vs.services.client.l0.tests.dll" id="a3caed54-1a8f-6b52-10ce-aa463dd767d5">
      <Execution id="3d3c3d45-dc4d-4a09-a4eb-f6cda4499567" />
      <TestMethod codeBase="D:\v2.0\A1\_work\dbded102\bin\Release.AnyCPU\Vssf.InteractiveClient\MS.VS.Services.Client.L0.Tests\MS.VS.Services.Client.L0.Tests.dll" adapterTypeName="Microsoft.VisualStudio.TestTools.TestTypes.Unit.UnitTestAdapter" className="MS.VS.Services.Client.L0.Tests.VSAccountProviderTests" name="AuthentAccountWithUnknownDomain" />
    </UnitTest>
    <UnitTest name="AuthenticateAccountWithScopes" storage="d:\v2.0\a1\_work\dbded102\bin\release.anycpu\vssf.interactiveclient\ms.vs.services.client.l0.tests\ms.vs.services.client.l0.tests.dll" id="0bad3b86-96d5-da30-ae26-a2f7335dfd49">
      <Execution id="eb610ab8-dbd9-4d70-a54a-ef4ff3882ddb" />
      <TestMethod codeBase="D:\v2.0\A1\_work\dbded102\bin\Release.AnyCPU\Vssf.InteractiveClient\MS.VS.Services.Client.L0.Tests\MS.VS.Services.Client.L0.Tests.dll" adapterTypeName="Microsoft.VisualStudio.TestTools.TestTypes.Unit.UnitTestAdapter" className="MS.VS.Services.Client.L0.Tests.VSAccountProviderTests" name="AuthenticateAccountWithScopes" />
    </UnitTest>
    <UnitTest name="DomainIsAlreadyInTenantInfos" storage="d:\v2.0\a1\_work\dbded102\bin\release.anycpu\vssf.interactiveclient\ms.vs.services.client.l0.tests\ms.vs.services.client.l0.tests.dll" id="c46623cd-9215-e7e6-602a-ac53db49a97d">
      <Execution id="c58d77b7-8468-474f-a6f6-98e0ca87d3f3" />
      <TestMethod codeBase="D:\v2.0\A1\_work\dbded102\bin\Release.AnyCPU\Vssf.InteractiveClient\MS.VS.Services.Client.L0.Tests\MS.VS.Services.Client.L0.Tests.dll" adapterTypeName="Microsoft.VisualStudio.TestTools.TestTypes.Unit.UnitTestAdapter" className="MS.VS.Services.Client.L0.Tests.VSAccountProviderTests" name="DomainIsAlreadyInTenantInfos" />
    </UnitTest>
    <UnitTest name="ScopeIncludesDomainAndTenantForDomain" storage="d:\v2.0\a1\_work\dbded102\bin\release.anycpu\vssf.interactiveclient\ms.vs.services.client.l0.tests\ms.vs.services.client.l0.tests.dll" id="64571f59-ad5e-0f39-5ce8-db723b7b5b23">
      <Execution id="e127a0c5-243e-4139-bc48-70861f776b0d" />
      <TestMethod codeBase="D:\v2.0\A1\_work\dbded102\bin\Release.AnyCPU\Vssf.InteractiveClient\MS.VS.Services.Client.L0.Tests\MS.VS.Services.Client.L0.Tests.dll" adapterTypeName="Microsoft.VisualStudio.TestTools.TestTypes.Unit.UnitTestAdapter" className="MS.VS.Services.Client.L0.Tests.VSAccountProviderTests" name="ScopeIncludesDomainAndTenantForDomain" />
    </UnitTest>
    <UnitTest name="MultipleScopesMapToSameUnOwnedTenant" storage="d:\v2.0\a1\_work\dbded102\bin\release.anycpu\vssf.interactiveclient\ms.vs.services.client.l0.tests\ms.vs.services.client.l0.tests.dll" id="7157db18-abb3-f01c-ea67-98f9bb002f92">
      <Execution id="14139b52-41d7-4ac0-9e41-0adca144d5e1" />
      <TestMethod codeBase="D:\v2.0\A1\_work\dbded102\bin\Release.AnyCPU\Vssf.InteractiveClient\MS.VS.Services.Client.L0.Tests\MS.VS.Services.Client.L0.Tests.dll" adapterTypeName="Microsoft.VisualStudio.TestTools.TestTypes.Unit.UnitTestAdapter" className="MS.VS.Services.Client.L0.Tests.VSAccountProviderTests" name="MultipleScopesMapToSameUnOwnedTenant" />
    </UnitTest>
    <UnitTest name="GetHomeTenantIdNoHomeTenantNoInfrastructure" storage="d:\v2.0\a1\_work\dbded102\bin\release.anycpu\vssf.interactiveclient\ms.vs.services.client.l0.tests\ms.vs.services.client.l0.tests.dll" id="ff1d7f2e-43de-f078-4224-226eae6ae15d">
      <Execution id="f0fcb87c-197d-43a9-a377-2720e8f45dc9" />
      <TestMethod codeBase="D:\v2.0\A1\_work\dbded102\bin\Release.AnyCPU\Vssf.InteractiveClient\MS.VS.Services.Client.L0.Tests\MS.VS.Services.Client.L0.Tests.dll" adapterTypeName="Microsoft.VisualStudio.TestTools.TestTypes.Unit.UnitTestAdapter" className="MS.VS.Services.Client.L0.Tests.VSAccountProviderTests" name="GetHomeTenantIdNoHomeTenantNoInfrastructure" />
    </UnitTest>
    <UnitTest name="VerifyDifferentAuthenticatorHasTwoUniqueIds" storage="d:\v2.0\a1\_work\dbded102\bin\release.anycpu\vssf.interactiveclient\ms.vs.services.client.l0.tests\ms.vs.services.client.l0.tests.dll" id="3e14e30c-7c3b-e616-c8d5-a38639a746c8">
      <Execution id="658ea8f3-17be-45b0-968c-4aff1452f30e" />
      <TestMethod codeBase="D:\v2.0\A1\_work\dbded102\bin\Release.AnyCPU\Vssf.InteractiveClient\MS.VS.Services.Client.L0.Tests\MS.VS.Services.Client.L0.Tests.dll" adapterTypeName="Microsoft.VisualStudio.TestTools.TestTypes.Unit.UnitTestAdapter" className="MS.VS.Services.Client.L0.Tests.VSAccountProviderTests" name="VerifyDifferentAuthenticatorHasTwoUniqueIds" />
    </UnitTest>
    <UnitTest name="GetHomeTenantIdHomeTenantWithInfrastructure" storage="d:\v2.0\a1\_work\dbded102\bin\release.anycpu\vssf.interactiveclient\ms.vs.services.client.l0.tests\ms.vs.services.client.l0.tests.dll" id="a1d4b094-c062-c1fd-a346-e052cdc0a5fc">
      <Execution id="e615204a-2f4b-447e-938f-50dab813a5b8" />
      <TestMethod codeBase="D:\v2.0\A1\_work\dbded102\bin\Release.AnyCPU\Vssf.InteractiveClient\MS.VS.Services.Client.L0.Tests\MS.VS.Services.Client.L0.Tests.dll" adapterTypeName="Microsoft.VisualStudio.TestTools.TestTypes.Unit.UnitTestAdapter" className="MS.VS.Services.Client.L0.Tests.VSAccountProviderTests" name="GetHomeTenantIdHomeTenantWithInfrastructure" />
    </UnitTest>
    <UnitTest name="GetHomeTenantIdNoHomeTenantWithNoInfrastructure" storage="d:\v2.0\a1\_work\dbded102\bin\release.anycpu\vssf.interactiveclient\ms.vs.services.client.l0.tests\ms.vs.services.client.l0.tests.dll" id="fd5dcf73-bcb4-4b17-54c3-b0bff3d9cd6a">
      <Execution id="e9170578-329f-44bd-a9bd-46ec7deb51a2" />
      <TestMethod codeBase="D:\v2.0\A1\_work\dbded102\bin\Release.AnyCPU\Vssf.InteractiveClient\MS.VS.Services.Client.L0.Tests\MS.VS.Services.Client.L0.Tests.dll" adapterTypeName="Microsoft.VisualStudio.TestTools.TestTypes.Unit.UnitTestAdapter" className="MS.VS.Services.Client.L0.Tests.VSAccountProviderTests" name="GetHomeTenantIdNoHomeTenantWithNoInfrastructure" />
    </UnitTest>
    <UnitTest name="GetHomeTenantIdNoHomeTenantWithInfrastructure" storage="d:\v2.0\a1\_work\dbded102\bin\release.anycpu\vssf.interactiveclient\ms.vs.services.client.l0.tests\ms.vs.services.client.l0.tests.dll" id="a4c05116-9666-97aa-a684-6671179fc708">
      <Execution id="a7e46505-d534-4826-845d-99b38a27b446" />
      <TestMethod codeBase="D:\v2.0\A1\_work\dbded102\bin\Release.AnyCPU\Vssf.InteractiveClient\MS.VS.Services.Client.L0.Tests\MS.VS.Services.Client.L0.Tests.dll" adapterTypeName="Microsoft.VisualStudio.TestTools.TestTypes.Unit.UnitTestAdapter" className="MS.VS.Services.Client.L0.Tests.VSAccountProviderTests" name="GetHomeTenantIdNoHomeTenantWithInfrastructure" />
    </UnitTest>
    <UnitTest name="AddNewAccountToStoreNullObjectId" storage="d:\v2.0\a1\_work\dbded102\bin\release.anycpu\vssf.interactiveclient\ms.vs.services.client.l0.tests\ms.vs.services.client.l0.tests.dll" id="271928b9-b912-078e-1e0f-40e26ced243b">
      <Execution id="ddef1283-9600-47c8-9665-e5dd3c3fe949" />
      <TestMethod codeBase="D:\v2.0\A1\_work\dbded102\bin\Release.AnyCPU\Vssf.InteractiveClient\MS.VS.Services.Client.L0.Tests\MS.VS.Services.Client.L0.Tests.dll" adapterTypeName="Microsoft.VisualStudio.TestTools.TestTypes.Unit.UnitTestAdapter" className="MS.VS.Services.Client.L0.Tests.VSAccountProviderTests" name="AddNewAccountToStoreNullObjectId" />
    </UnitTest>
    <UnitTest name="ExtraQueryParameters" storage="d:\v2.0\a1\_work\dbded102\bin\release.anycpu\vssf.interactiveclient\ms.vs.services.client.l0.tests\ms.vs.services.client.l0.tests.dll" id="eec1a6f2-b928-9021-d567-67e7d73cc23d">
      <Execution id="aa38dd2c-1fd1-419e-b7c7-d4c99c002d04" />
      <TestMethod codeBase="D:\v2.0\A1\_work\dbded102\bin\Release.AnyCPU\Vssf.InteractiveClient\MS.VS.Services.Client.L0.Tests\MS.VS.Services.Client.L0.Tests.dll" adapterTypeName="Microsoft.VisualStudio.TestTools.TestTypes.Unit.UnitTestAdapter" className="MS.VS.Services.Client.L0.Tests.VSAccountProviderTests" name="ExtraQueryParameters" />
    </UnitTest>
    <UnitTest name="ExtraQueryParametersMSAAccount" storage="d:\v2.0\a1\_work\dbded102\bin\release.anycpu\vssf.interactiveclient\ms.vs.services.client.l0.tests\ms.vs.services.client.l0.tests.dll" id="aeb411b8-28b1-f7e5-5075-446a47c941ad">
      <Execution id="7923d65e-865e-4456-bb3b-421ab14aad99" />
      <TestMethod codeBase="D:\v2.0\A1\_work\dbded102\bin\Release.AnyCPU\Vssf.InteractiveClient\MS.VS.Services.Client.L0.Tests\MS.VS.Services.Client.L0.Tests.dll" adapterTypeName="Microsoft.VisualStudio.TestTools.TestTypes.Unit.UnitTestAdapter" className="MS.VS.Services.Client.L0.Tests.VSAccountProviderTests" name="ExtraQueryParametersMSAAccount" />
    </UnitTest>
    <UnitTest name="ExtraQueryParametersOrgIdAccount" storage="d:\v2.0\a1\_work\dbded102\bin\release.anycpu\vssf.interactiveclient\ms.vs.services.client.l0.tests\ms.vs.services.client.l0.tests.dll" id="8642d24d-a3a1-cc54-f873-feba16e32d51">
      <Execution id="69cbbc07-d31c-4a94-9bc3-151c9ebd1cd4" />
      <TestMethod codeBase="D:\v2.0\A1\_work\dbded102\bin\Release.AnyCPU\Vssf.InteractiveClient\MS.VS.Services.Client.L0.Tests\MS.VS.Services.Client.L0.Tests.dll" adapterTypeName="Microsoft.VisualStudio.TestTools.TestTypes.Unit.UnitTestAdapter" className="MS.VS.Services.Client.L0.Tests.VSAccountProviderTests" name="ExtraQueryParametersOrgIdAccount" />
    </UnitTest>
    <UnitTest name="ExtraQueryParametersWillNotAppendLocaleIfAlreadySpecified" storage="d:\v2.0\a1\_work\dbded102\bin\release.anycpu\vssf.interactiveclient\ms.vs.services.client.l0.tests\ms.vs.services.client.l0.tests.dll" id="2b991e8e-602a-ba40-00b0-120f20b0437a">
      <Execution id="ac14c2c8-8636-473c-8c3f-c427405007c6" />
      <TestMethod codeBase="D:\v2.0\A1\_work\dbded102\bin\Release.AnyCPU\Vssf.InteractiveClient\MS.VS.Services.Client.L0.Tests\MS.VS.Services.Client.L0.Tests.dll" adapterTypeName="Microsoft.VisualStudio.TestTools.TestTypes.Unit.UnitTestAdapter" className="MS.VS.Services.Client.L0.Tests.VSAccountProviderTests" name="ExtraQueryParametersWillNotAppendLocaleIfAlreadySpecified" />
    </UnitTest>
    <UnitTest name="AddNewAccountToStoreNullIdentityProviderId" storage="d:\v2.0\a1\_work\dbded102\bin\release.anycpu\vssf.interactiveclient\ms.vs.services.client.l0.tests\ms.vs.services.client.l0.tests.dll" id="ca47a55d-1ea3-fb7d-5dc1-4f121ae0f6c9">
      <Execution id="6e6c26e7-2598-4848-9311-c8fdd12b8234" />
      <TestMethod codeBase="D:\v2.0\A1\_work\dbded102\bin\Release.AnyCPU\Vssf.InteractiveClient\MS.VS.Services.Client.L0.Tests\MS.VS.Services.Client.L0.Tests.dll" adapterTypeName="Microsoft.VisualStudio.TestTools.TestTypes.Unit.UnitTestAdapter" className="MS.VS.Services.Client.L0.Tests.VSAccountProviderTests" name="AddNewAccountToStoreNullIdentityProviderId" />
    </UnitTest>
    <UnitTest name="GetPossibleNewAccountsNoId" storage="d:\v2.0\a1\_work\dbded102\bin\release.anycpu\vssf.interactiveclient\ms.vs.services.client.l0.tests\ms.vs.services.client.l0.tests.dll" id="f7d129f6-a3b5-1803-2e51-65d5bd72e564">
      <Execution id="baa4349e-3a2f-431f-91a6-478dc491d7ae" />
      <TestMethod codeBase="D:\v2.0\A1\_work\dbded102\bin\Release.AnyCPU\Vssf.InteractiveClient\MS.VS.Services.Client.L0.Tests\MS.VS.Services.Client.L0.Tests.dll" adapterTypeName="Microsoft.VisualStudio.TestTools.TestTypes.Unit.UnitTestAdapter" className="MS.VS.Services.Client.L0.Tests.VSAccountProviderTests" name="GetPossibleNewAccountsNoId" />
    </UnitTest>
    <UnitTest name="GetPossibleNewAccountsDifferent" storage="d:\v2.0\a1\_work\dbded102\bin\release.anycpu\vssf.interactiveclient\ms.vs.services.client.l0.tests\ms.vs.services.client.l0.tests.dll" id="96da696a-d036-d840-07f0-68ea86e17818">
      <Execution id="4ec147fb-fdef-4169-bb2d-ce660749a8b1" />
      <TestMethod codeBase="D:\v2.0\A1\_work\dbded102\bin\Release.AnyCPU\Vssf.InteractiveClient\MS.VS.Services.Client.L0.Tests\MS.VS.Services.Client.L0.Tests.dll" adapterTypeName="Microsoft.VisualStudio.TestTools.TestTypes.Unit.UnitTestAdapter" className="MS.VS.Services.Client.L0.Tests.VSAccountProviderTests" name="GetPossibleNewAccountsDifferent" />
    </UnitTest>
    <UnitTest name="GetPossibleNewAccountsSameId" storage="d:\v2.0\a1\_work\dbded102\bin\release.anycpu\vssf.interactiveclient\ms.vs.services.client.l0.tests\ms.vs.services.client.l0.tests.dll" id="56d41b9b-5def-ff4c-aa8a-1d2f82a1fce4">
      <Execution id="936491c9-7e66-4d83-981e-a27a0a99116a" />
      <TestMethod codeBase="D:\v2.0\A1\_work\dbded102\bin\Release.AnyCPU\Vssf.InteractiveClient\MS.VS.Services.Client.L0.Tests\MS.VS.Services.Client.L0.Tests.dll" adapterTypeName="Microsoft.VisualStudio.TestTools.TestTypes.Unit.UnitTestAdapter" className="MS.VS.Services.Client.L0.Tests.VSAccountProviderTests" name="GetPossibleNewAccountsSameId" />
    </UnitTest>
    <UnitTest name="ClearTokens" storage="d:\v2.0\a1\_work\dbded102\bin\release.anycpu\vssf.interactiveclient\ms.vs.services.client.l0.tests\ms.vs.services.client.l0.tests.dll" id="0aea1df3-e742-1749-b5f0-5da2a20411dd">
      <Execution id="d4484398-a5a5-480d-bc61-e8e65a532cb1" />
      <TestMethod codeBase="D:\v2.0\A1\_work\dbded102\bin\Release.AnyCPU\Vssf.InteractiveClient\MS.VS.Services.Client.L0.Tests\MS.VS.Services.Client.L0.Tests.dll" adapterTypeName="Microsoft.VisualStudio.TestTools.TestTypes.Unit.UnitTestAdapter" className="MS.VS.Services.Client.L0.Tests.VSAccountProviderTests" name="ClearTokens" />
    </UnitTest>
    <UnitTest name="GetADALEndpointOverride" storage="d:\v2.0\a1\_work\dbded102\bin\release.anycpu\vssf.interactiveclient\ms.vs.services.client.l0.tests\ms.vs.services.client.l0.tests.dll" id="4d9d6434-d80b-c359-8dbf-19f79c778a00">
      <Execution id="26754b62-072a-4303-ae41-c415ec68278d" />
      <TestMethod codeBase="D:\v2.0\A1\_work\dbded102\bin\Release.AnyCPU\Vssf.InteractiveClient\MS.VS.Services.Client.L0.Tests\MS.VS.Services.Client.L0.Tests.dll" adapterTypeName="Microsoft.VisualStudio.TestTools.TestTypes.Unit.UnitTestAdapter" className="MS.VS.Services.Client.L0.Tests.VSAccountProviderTests" name="GetADALEndpointOverride" />
    </UnitTest>
    <UnitTest name="GetAdalExtraQueryParametersOverride" storage="d:\v2.0\a1\_work\dbded102\bin\release.anycpu\vssf.interactiveclient\ms.vs.services.client.l0.tests\ms.vs.services.client.l0.tests.dll" id="f7aeb571-1734-58fe-ae60-675a6e6ec448">
      <Execution id="dd29fddd-4514-4a09-910c-b63f46ff16cf" />
      <TestMethod codeBase="D:\v2.0\A1\_work\dbded102\bin\Release.AnyCPU\Vssf.InteractiveClient\MS.VS.Services.Client.L0.Tests\MS.VS.Services.Client.L0.Tests.dll" adapterTypeName="Microsoft.VisualStudio.TestTools.TestTypes.Unit.UnitTestAdapter" className="MS.VS.Services.Client.L0.Tests.VSAccountProviderTests" name="GetAdalExtraQueryParametersOverride" />
    </UnitTest>
    <UnitTest name="GetPersonalizationAccount" storage="d:\v2.0\a1\_work\dbded102\bin\release.anycpu\vssf.interactiveclient\ms.vs.services.client.l0.tests\ms.vs.services.client.l0.tests.dll" id="78cd5af3-1a80-e6dc-90da-34f82e6f4687">
      <Execution id="f1a6da28-08b9-4b31-8eee-f68f8ecd87ed" />
      <TestMethod codeBase="D:\v2.0\A1\_work\dbded102\bin\Release.AnyCPU\Vssf.InteractiveClient\MS.VS.Services.Client.L0.Tests\MS.VS.Services.Client.L0.Tests.dll" adapterTypeName="Microsoft.VisualStudio.TestTools.TestTypes.Unit.UnitTestAdapter" className="MS.VS.Services.Client.L0.Tests.VSAccountProviderTests" name="GetPersonalizationAccount" />
    </UnitTest>
    <UnitTest name="TestEmptyAdalCacheNoItems" storage="d:\v2.0\a1\_work\dbded102\bin\release.anycpu\vssf.interactiveclient\ms.vs.services.client.l0.tests\ms.vs.services.client.l0.tests.dll" id="2c9b7992-67b0-6a8c-8dce-4c6d63d82f76">
      <Execution id="f2310c73-017b-46dc-8779-f2aee292b100" />
      <TestMethod codeBase="D:\v2.0\A1\_work\dbded102\bin\Release.AnyCPU\Vssf.InteractiveClient\MS.VS.Services.Client.L0.Tests\MS.VS.Services.Client.L0.Tests.dll" adapterTypeName="Microsoft.VisualStudio.TestTools.TestTypes.Unit.UnitTestAdapter" className="MS.VS.Services.Client.L0.Tests.VSAccountProviderTests" name="TestEmptyAdalCacheNoItems" />
    </UnitTest>
    <UnitTest name="TestEmptyAdalCacheOneItem" storage="d:\v2.0\a1\_work\dbded102\bin\release.anycpu\vssf.interactiveclient\ms.vs.services.client.l0.tests\ms.vs.services.client.l0.tests.dll" id="a4f782ac-75bb-61b9-4517-1314b434b4b4">
      <Execution id="8b862fae-8e49-4e41-98d9-6c50c389490e" />
      <TestMethod codeBase="D:\v2.0\A1\_work\dbded102\bin\Release.AnyCPU\Vssf.InteractiveClient\MS.VS.Services.Client.L0.Tests\MS.VS.Services.Client.L0.Tests.dll" adapterTypeName="Microsoft.VisualStudio.TestTools.TestTypes.Unit.UnitTestAdapter" className="MS.VS.Services.Client.L0.Tests.VSAccountProviderTests" name="TestEmptyAdalCacheOneItem" />
    </UnitTest>
    <UnitTest name="TestEmptyAdalCacheTwoAccountsDifferentVSID" storage="d:\v2.0\a1\_work\dbded102\bin\release.anycpu\vssf.interactiveclient\ms.vs.services.client.l0.tests\ms.vs.services.client.l0.tests.dll" id="7d6f11e8-0cfc-2703-7d37-b6f091297e35">
      <Execution id="8361bc0b-43fc-4394-a2e6-e4f774f0d7d1" />
      <TestMethod codeBase="D:\v2.0\A1\_work\dbded102\bin\Release.AnyCPU\Vssf.InteractiveClient\MS.VS.Services.Client.L0.Tests\MS.VS.Services.Client.L0.Tests.dll" adapterTypeName="Microsoft.VisualStudio.TestTools.TestTypes.Unit.UnitTestAdapter" className="MS.VS.Services.Client.L0.Tests.VSAccountProviderTests" name="TestEmptyAdalCacheTwoAccountsDifferentVSID" />
    </UnitTest>
    <UnitTest name="ProcessOneAccountResultNotInCache" storage="d:\v2.0\a1\_work\dbded102\bin\release.anycpu\vssf.interactiveclient\ms.vs.services.client.l0.tests\ms.vs.services.client.l0.tests.dll" id="b763126e-0bb0-36de-6e12-f405dbdc81b2">
      <Execution id="44b61b55-f3de-45cd-9e1d-a6dc9940838a" />
      <TestMethod codeBase="D:\v2.0\A1\_work\dbded102\bin\Release.AnyCPU\Vssf.InteractiveClient\MS.VS.Services.Client.L0.Tests\MS.VS.Services.Client.L0.Tests.dll" adapterTypeName="Microsoft.VisualStudio.TestTools.TestTypes.Unit.UnitTestAdapter" className="MS.VS.Services.Client.L0.Tests.VSAccountProviderTests" name="ProcessOneAccountResultNotInCache" />
    </UnitTest>
    <UnitTest name="ReAuthenticateAccountWithUITestParams" storage="d:\v2.0\a1\_work\dbded102\bin\release.anycpu\vssf.interactiveclient\ms.vs.services.client.l0.tests\ms.vs.services.client.l0.tests.dll" id="40bda1f3-8d0e-115c-320a-0d1f3d5292a5">
      <Execution id="72f849bb-bb16-47c1-abe9-3d27f23bd55c" />
      <TestMethod codeBase="D:\v2.0\A1\_work\dbded102\bin\Release.AnyCPU\Vssf.InteractiveClient\MS.VS.Services.Client.L0.Tests\MS.VS.Services.Client.L0.Tests.dll" adapterTypeName="Microsoft.VisualStudio.TestTools.TestTypes.Unit.UnitTestAdapter" className="MS.VS.Services.Client.L0.Tests.VSAccountProviderTests" name="ReAuthenticateAccountWithUITestParams" />
    </UnitTest>
    <UnitTest name="MarkAccountsForReAuthenticationAsyncNoAccounts" storage="d:\v2.0\a1\_work\dbded102\bin\release.anycpu\vssf.interactiveclient\ms.vs.services.client.l0.tests\ms.vs.services.client.l0.tests.dll" id="fa8b92a8-a99d-a860-74cf-22441d12c206">
      <Execution id="1ead7c74-73f0-4116-9378-d5bf6e01a7cd" />
      <TestMethod codeBase="D:\v2.0\A1\_work\dbded102\bin\Release.AnyCPU\Vssf.InteractiveClient\MS.VS.Services.Client.L0.Tests\MS.VS.Services.Client.L0.Tests.dll" adapterTypeName="Microsoft.VisualStudio.TestTools.TestTypes.Unit.UnitTestAdapter" className="MS.VS.Services.Client.L0.Tests.VSAccountProviderTests" name="MarkAccountsForReAuthenticationAsyncNoAccounts" />
    </UnitTest>
    <UnitTest name="RefreshDisplayInfo" storage="d:\v2.0\a1\_work\dbded102\bin\release.anycpu\vssf.interactiveclient\ms.vs.services.client.l0.tests\ms.vs.services.client.l0.tests.dll" id="eaf6aad1-9af5-b436-ae12-824e339b19fd">
      <Execution id="c980753b-b76d-4efe-b4b2-2f7669cdb1de" />
      <TestMethod codeBase="D:\v2.0\A1\_work\dbded102\bin\Release.AnyCPU\Vssf.InteractiveClient\MS.VS.Services.Client.L0.Tests\MS.VS.Services.Client.L0.Tests.dll" adapterTypeName="Microsoft.VisualStudio.TestTools.TestTypes.Unit.UnitTestAdapter" className="MS.VS.Services.Client.L0.Tests.VSAccountProviderTests" name="RefreshDisplayInfo" />
    </UnitTest>
    <UnitTest name="TestRefreshAccountsNeedReauthenticationAsyncFetchesNewToken" storage="d:\v2.0\a1\_work\dbded102\bin\release.anycpu\vssf.interactiveclient\ms.vs.services.client.l0.tests\ms.vs.services.client.l0.tests.dll" id="5b85ca62-bfea-4328-226f-8e51fd91d1ce">
      <Execution id="0d56cf50-63b4-462b-b48b-d3a992ce3a93" />
      <TestMethod codeBase="D:\v2.0\A1\_work\dbded102\bin\Release.AnyCPU\Vssf.InteractiveClient\MS.VS.Services.Client.L0.Tests\MS.VS.Services.Client.L0.Tests.dll" adapterTypeName="Microsoft.VisualStudio.TestTools.TestTypes.Unit.UnitTestAdapter" className="MS.VS.Services.Client.L0.Tests.VSAccountProviderTests" name="TestRefreshAccountsNeedReauthenticationAsyncFetchesNewToken" />
    </UnitTest>
    <UnitTest name="TestRefreshAccountsNeedReauthenticationAsyncCancellation" storage="d:\v2.0\a1\_work\dbded102\bin\release.anycpu\vssf.interactiveclient\ms.vs.services.client.l0.tests\ms.vs.services.client.l0.tests.dll" id="0d1aad2b-d3d3-4e21-9db0-52edeec1c948">
      <Execution id="1966a2f8-ac71-4876-a642-56df30f2f941" />
      <TestMethod codeBase="D:\v2.0\A1\_work\dbded102\bin\Release.AnyCPU\Vssf.InteractiveClient\MS.VS.Services.Client.L0.Tests\MS.VS.Services.Client.L0.Tests.dll" adapterTypeName="Microsoft.VisualStudio.TestTools.TestTypes.Unit.UnitTestAdapter" className="MS.VS.Services.Client.L0.Tests.VSAccountProviderTests" name="TestRefreshAccountsNeedReauthenticationAsyncCancellation" />
    </UnitTest>
    <UnitTest name="MarkAccountsForReAuthenticationAsyncAccountWithAllFreshTokens" storage="d:\v2.0\a1\_work\dbded102\bin\release.anycpu\vssf.interactiveclient\ms.vs.services.client.l0.tests\ms.vs.services.client.l0.tests.dll" id="da637b63-13fc-6e90-fb74-ccaa0c19f22f">
      <Execution id="d7ba6ce8-f60b-4955-a3e1-1b9e3aac0c0c" />
      <TestMethod codeBase="D:\v2.0\A1\_work\dbded102\bin\Release.AnyCPU\Vssf.InteractiveClient\MS.VS.Services.Client.L0.Tests\MS.VS.Services.Client.L0.Tests.dll" adapterTypeName="Microsoft.VisualStudio.TestTools.TestTypes.Unit.UnitTestAdapter" className="MS.VS.Services.Client.L0.Tests.VSAccountProviderTests" name="MarkAccountsForReAuthenticationAsyncAccountWithAllFreshTokens" />
    </UnitTest>
    <UnitTest name="MarkAccountsForReAuthenticationAsyncAccountWithOneExpiredOneGoodToken" storage="d:\v2.0\a1\_work\dbded102\bin\release.anycpu\vssf.interactiveclient\ms.vs.services.client.l0.tests\ms.vs.services.client.l0.tests.dll" id="febf8c63-34ea-7123-7508-3ea92ba974a3">
      <Execution id="45990aae-d8c9-4f57-8c3c-72bef76a327c" />
      <TestMethod codeBase="D:\v2.0\A1\_work\dbded102\bin\Release.AnyCPU\Vssf.InteractiveClient\MS.VS.Services.Client.L0.Tests\MS.VS.Services.Client.L0.Tests.dll" adapterTypeName="Microsoft.VisualStudio.TestTools.TestTypes.Unit.UnitTestAdapter" className="MS.VS.Services.Client.L0.Tests.VSAccountProviderTests" name="MarkAccountsForReAuthenticationAsyncAccountWithOneExpiredOneGoodToken" />
    </UnitTest>
    <UnitTest name="MarkAccountsForReAuthenticationAsyncAccountWithAllExpiredTokens" storage="d:\v2.0\a1\_work\dbded102\bin\release.anycpu\vssf.interactiveclient\ms.vs.services.client.l0.tests\ms.vs.services.client.l0.tests.dll" id="c09bf43c-3dab-e288-cb8a-9ea84d1b75b3">
      <Execution id="32f1f163-c846-4688-8b93-a9de51560baa" />
      <TestMethod codeBase="D:\v2.0\A1\_work\dbded102\bin\Release.AnyCPU\Vssf.InteractiveClient\MS.VS.Services.Client.L0.Tests\MS.VS.Services.Client.L0.Tests.dll" adapterTypeName="Microsoft.VisualStudio.TestTools.TestTypes.Unit.UnitTestAdapter" className="MS.VS.Services.Client.L0.Tests.VSAccountProviderTests" name="MarkAccountsForReAuthenticationAsyncAccountWithAllExpiredTokens" />
    </UnitTest>
    <UnitTest name="MarkAccountsForReAuthenticationAsyncOneGoodOneBadAccount" storage="d:\v2.0\a1\_work\dbded102\bin\release.anycpu\vssf.interactiveclient\ms.vs.services.client.l0.tests\ms.vs.services.client.l0.tests.dll" id="f8297e6e-1f63-ff3e-b8c3-6f05017f7da8">
      <Execution id="c5dd87cb-b0b1-42f5-94ca-e6c1932e83db" />
      <TestMethod codeBase="D:\v2.0\A1\_work\dbded102\bin\Release.AnyCPU\Vssf.InteractiveClient\MS.VS.Services.Client.L0.Tests\MS.VS.Services.Client.L0.Tests.dll" adapterTypeName="Microsoft.VisualStudio.TestTools.TestTypes.Unit.UnitTestAdapter" className="MS.VS.Services.Client.L0.Tests.VSAccountProviderTests" name="MarkAccountsForReAuthenticationAsyncOneGoodOneBadAccount" />
    </UnitTest>
    <UnitTest name="MarkAccountsForReAuthenticationAsyncAccountWithMissingTokens" storage="d:\v2.0\a1\_work\dbded102\bin\release.anycpu\vssf.interactiveclient\ms.vs.services.client.l0.tests\ms.vs.services.client.l0.tests.dll" id="cfd2d37f-9f92-0648-8dcf-288987b196e5">
      <Execution id="8246ff5a-2bae-449e-b0e5-e15dd0e7261c" />
      <TestMethod codeBase="D:\v2.0\A1\_work\dbded102\bin\Release.AnyCPU\Vssf.InteractiveClient\MS.VS.Services.Client.L0.Tests\MS.VS.Services.Client.L0.Tests.dll" adapterTypeName="Microsoft.VisualStudio.TestTools.TestTypes.Unit.UnitTestAdapter" className="MS.VS.Services.Client.L0.Tests.VSAccountProviderTests" name="MarkAccountsForReAuthenticationAsyncAccountWithMissingTokens" />
    </UnitTest>
    <UnitTest name="ReAuthenticateAccountWithUITestFailCommonTenant" storage="d:\v2.0\a1\_work\dbded102\bin\release.anycpu\vssf.interactiveclient\ms.vs.services.client.l0.tests\ms.vs.services.client.l0.tests.dll" id="dc224a11-9954-2f28-4bf2-5b782b0c13eb">
      <Execution id="0be75076-ccf3-40a5-a634-8b15674390cb" />
      <TestMethod codeBase="D:\v2.0\A1\_work\dbded102\bin\Release.AnyCPU\Vssf.InteractiveClient\MS.VS.Services.Client.L0.Tests\MS.VS.Services.Client.L0.Tests.dll" adapterTypeName="Microsoft.VisualStudio.TestTools.TestTypes.Unit.UnitTestAdapter" className="MS.VS.Services.Client.L0.Tests.VSAccountProviderTests" name="ReAuthenticateAccountWithUITestFailCommonTenant" />
    </UnitTest>
    <UnitTest name="ReAuthenticateAccountWithUITestFailChildTenant" storage="d:\v2.0\a1\_work\dbded102\bin\release.anycpu\vssf.interactiveclient\ms.vs.services.client.l0.tests\ms.vs.services.client.l0.tests.dll" id="a4a1c505-5c1b-ef8c-837c-4214a2c4995d">
      <Execution id="3b5c3587-4737-450e-a1cb-557433c446f8" />
      <TestMethod codeBase="D:\v2.0\A1\_work\dbded102\bin\Release.AnyCPU\Vssf.InteractiveClient\MS.VS.Services.Client.L0.Tests\MS.VS.Services.Client.L0.Tests.dll" adapterTypeName="Microsoft.VisualStudio.TestTools.TestTypes.Unit.UnitTestAdapter" className="MS.VS.Services.Client.L0.Tests.VSAccountProviderTests" name="ReAuthenticateAccountWithUITestFailChildTenant" />
    </UnitTest>
    <UnitTest name="ReAuthenticateAccountWithUIMultipleTenants" storage="d:\v2.0\a1\_work\dbded102\bin\release.anycpu\vssf.interactiveclient\ms.vs.services.client.l0.tests\ms.vs.services.client.l0.tests.dll" id="70e3d9d4-e66b-ec40-b486-fa383cef5381">
      <Execution id="3fa92388-85d9-4d27-8bf2-382123aea4f6" />
      <TestMethod codeBase="D:\v2.0\A1\_work\dbded102\bin\Release.AnyCPU\Vssf.InteractiveClient\MS.VS.Services.Client.L0.Tests\MS.VS.Services.Client.L0.Tests.dll" adapterTypeName="Microsoft.VisualStudio.TestTools.TestTypes.Unit.UnitTestAdapter" className="MS.VS.Services.Client.L0.Tests.VSAccountProviderTests" name="ReAuthenticateAccountWithUIMultipleTenants" />
    </UnitTest>
    <UnitTest name="TestEmptyAdalCacheOneAccountThreeTenants" storage="d:\v2.0\a1\_work\dbded102\bin\release.anycpu\vssf.interactiveclient\ms.vs.services.client.l0.tests\ms.vs.services.client.l0.tests.dll" id="711476f0-c993-0aae-cab7-241192e4bb7d">
      <Execution id="ed30d062-f669-4a30-b2c3-3e443bc33e0c" />
      <TestMethod codeBase="D:\v2.0\A1\_work\dbded102\bin\Release.AnyCPU\Vssf.InteractiveClient\MS.VS.Services.Client.L0.Tests\MS.VS.Services.Client.L0.Tests.dll" adapterTypeName="Microsoft.VisualStudio.TestTools.TestTypes.Unit.UnitTestAdapter" className="MS.VS.Services.Client.L0.Tests.VSAccountProviderTests" name="TestEmptyAdalCacheOneAccountThreeTenants" />
    </UnitTest>
    <UnitTest name="TestGetIdentityErrors" storage="d:\v2.0\a1\_work\dbded102\bin\release.anycpu\vssf.interactiveclient\ms.vs.services.client.l0.tests\ms.vs.services.client.l0.tests.dll" id="14891ef0-cfa6-20c4-d429-56ca0e5e8e0b">
      <Execution id="76a39d56-bfdf-43c4-9f92-75aedb776e3b" />
      <TestMethod codeBase="D:\v2.0\A1\_work\dbded102\bin\Release.AnyCPU\Vssf.InteractiveClient\MS.VS.Services.Client.L0.Tests\MS.VS.Services.Client.L0.Tests.dll" adapterTypeName="Microsoft.VisualStudio.TestTools.TestTypes.Unit.UnitTestAdapter" className="MS.VS.Services.Client.L0.Tests.VSAccountProviderTests" name="TestGetIdentityErrors" />
    </UnitTest>
    <UnitTest name="FindAccountFromAccountKeyNull" storage="d:\v2.0\a1\_work\dbded102\bin\release.anycpu\vssf.interactiveclient\ms.vs.services.client.l0.tests\ms.vs.services.client.l0.tests.dll" id="f913383b-e66c-c85f-4e87-5b0f00ff48eb">
      <Execution id="4254cbc7-715f-4036-ac9d-79a03bfb070a" />
      <TestMethod codeBase="D:\v2.0\A1\_work\dbded102\bin\Release.AnyCPU\Vssf.InteractiveClient\MS.VS.Services.Client.L0.Tests\MS.VS.Services.Client.L0.Tests.dll" adapterTypeName="Microsoft.VisualStudio.TestTools.TestTypes.Unit.UnitTestAdapter" className="MS.VS.Services.Client.L0.Tests.VSAccountProviderTests" name="FindAccountFromAccountKeyNull" />
    </UnitTest>
    <UnitTest name="FindAccountFromAccountKeyAccountPresent" storage="d:\v2.0\a1\_work\dbded102\bin\release.anycpu\vssf.interactiveclient\ms.vs.services.client.l0.tests\ms.vs.services.client.l0.tests.dll" id="3f83e266-c313-fea9-183b-b61a0cf8a132">
      <Execution id="8b04bc85-754a-4764-bd47-f51714980480" />
      <TestMethod codeBase="D:\v2.0\A1\_work\dbded102\bin\Release.AnyCPU\Vssf.InteractiveClient\MS.VS.Services.Client.L0.Tests\MS.VS.Services.Client.L0.Tests.dll" adapterTypeName="Microsoft.VisualStudio.TestTools.TestTypes.Unit.UnitTestAdapter" className="MS.VS.Services.Client.L0.Tests.VSAccountProviderTests" name="FindAccountFromAccountKeyAccountPresent" />
    </UnitTest>
    <UnitTest name="FindAccountFromAccountKeyAccountNotPresent" storage="d:\v2.0\a1\_work\dbded102\bin\release.anycpu\vssf.interactiveclient\ms.vs.services.client.l0.tests\ms.vs.services.client.l0.tests.dll" id="c692bf4e-9e40-4b59-4feb-b79ac2f12af2">
      <Execution id="22c0308c-300c-473b-86cc-0656afb9ae0c" />
      <TestMethod codeBase="D:\v2.0\A1\_work\dbded102\bin\Release.AnyCPU\Vssf.InteractiveClient\MS.VS.Services.Client.L0.Tests\MS.VS.Services.Client.L0.Tests.dll" adapterTypeName="Microsoft.VisualStudio.TestTools.TestTypes.Unit.UnitTestAdapter" className="MS.VS.Services.Client.L0.Tests.VSAccountProviderTests" name="FindAccountFromAccountKeyAccountNotPresent" />
    </UnitTest>
    <UnitTest name="GetTenantsInScopeNoScope" storage="d:\v2.0\a1\_work\dbded102\bin\release.anycpu\vssf.interactiveclient\ms.vs.services.client.l0.tests\ms.vs.services.client.l0.tests.dll" id="a6ab258a-cf4d-4afa-bb3f-b7eb4d4664a9">
      <Execution id="15beafab-1f0b-4015-baaa-0d4da9a6aa17" />
      <TestMethod codeBase="D:\v2.0\A1\_work\dbded102\bin\Release.AnyCPU\Vssf.InteractiveClient\MS.VS.Services.Client.L0.Tests\MS.VS.Services.Client.L0.Tests.dll" adapterTypeName="Microsoft.VisualStudio.TestTools.TestTypes.Unit.UnitTestAdapter" className="MS.VS.Services.Client.L0.Tests.VSAccountProviderTests" name="GetTenantsInScopeNoScope" />
    </UnitTest>
    <UnitTest name="GetTenantsInScopeThenClearFilter" storage="d:\v2.0\a1\_work\dbded102\bin\release.anycpu\vssf.interactiveclient\ms.vs.services.client.l0.tests\ms.vs.services.client.l0.tests.dll" id="aeafc41a-047f-9cc7-8467-9fad4e94694c">
      <Execution id="1db07c93-8d93-42ad-960a-82fe2e55819d" />
      <TestMethod codeBase="D:\v2.0\A1\_work\dbded102\bin\Release.AnyCPU\Vssf.InteractiveClient\MS.VS.Services.Client.L0.Tests\MS.VS.Services.Client.L0.Tests.dll" adapterTypeName="Microsoft.VisualStudio.TestTools.TestTypes.Unit.UnitTestAdapter" className="MS.VS.Services.Client.L0.Tests.VSAccountProviderTests" name="GetTenantsInScopeThenClearFilter" />
    </UnitTest>
  </TestDefinitions>
  <TestEntries>
    <TestEntry testId="3678f8b1-fec1-4fb1-c26f-08ca746f2096" executionId="b6384d18-eb28-4eee-a679-9991d4b44149" testListId="8c84fa94-04c1-424b-9868-57a2d4851a1d" />
    <TestEntry testId="1aa99fad-0362-a966-f777-ae508910d273" executionId="26fafbc8-0b80-4826-9300-7ac74ef5c96b" testListId="8c84fa94-04c1-424b-9868-57a2d4851a1d" />
    <TestEntry testId="5a5bd437-8101-48ce-0b14-73d7fbcb6f14" executionId="b11aa496-ffc6-4780-bbc1-e649ddfc4211" testListId="8c84fa94-04c1-424b-9868-57a2d4851a1d" />
    <TestEntry testId="864a8ec2-83f0-ead3-5de7-5e28f509218e" executionId="6fc114a9-2412-4530-ba9e-b9dfb019ba92" testListId="8c84fa94-04c1-424b-9868-57a2d4851a1d" />
    <TestEntry testId="ca41249c-66ec-b9d2-dc3b-fa1581d6f7ae" executionId="ca324133-f46e-4083-9833-196cc8374fe2" testListId="8c84fa94-04c1-424b-9868-57a2d4851a1d" />
    <TestEntry testId="3cb15300-1142-9523-b266-074793fbdd3a" executionId="c8677f7e-eb90-45d8-a1a0-0b21d73c08cb" testListId="8c84fa94-04c1-424b-9868-57a2d4851a1d" />
    <TestEntry testId="9d89d310-cd94-bb64-815a-9465683ee2fa" executionId="bde060cc-8ec4-4fd3-9b73-a4d06ea0d269" testListId="8c84fa94-04c1-424b-9868-57a2d4851a1d" />
    <TestEntry testId="afb19461-da96-388f-be4d-5fb7a3b59471" executionId="5d6f1e91-fee2-4647-a382-9a8f4dcd0e2e" testListId="8c84fa94-04c1-424b-9868-57a2d4851a1d" />
    <TestEntry testId="23cbd15c-fcc8-1fb2-43c6-ffc1d5cdcc7a" executionId="a40edbf1-9a77-4d80-88a4-893a0ef2fc88" testListId="8c84fa94-04c1-424b-9868-57a2d4851a1d" />
    <TestEntry testId="1fc00065-d6c7-15ae-830f-cc0a6cad1a4b" executionId="152fd358-fda4-4804-acbc-a9ba4385c2f3" testListId="8c84fa94-04c1-424b-9868-57a2d4851a1d" />
    <TestEntry testId="4f13a598-717e-b31e-706d-2886c9164d2b" executionId="3cbde5e9-7378-4924-9a4d-507138b60a01" testListId="8c84fa94-04c1-424b-9868-57a2d4851a1d" />
    <TestEntry testId="9ad3adfd-e68d-ef10-a2bf-b00bb31af262" executionId="7820845b-303e-4df0-bbfb-e8c142f1f66e" testListId="8c84fa94-04c1-424b-9868-57a2d4851a1d" />
    <TestEntry testId="045d736f-f5b0-e9b0-b7cb-1cdf1e16a9ff" executionId="605b7a2e-a923-4268-ad76-a4ca9eb38ffc" testListId="8c84fa94-04c1-424b-9868-57a2d4851a1d" />
    <TestEntry testId="49a365fa-22ab-c6c4-fba8-56e6df43a22f" executionId="70ffd88c-d137-4914-bd65-417c91b3ef04" testListId="8c84fa94-04c1-424b-9868-57a2d4851a1d" />
    <TestEntry testId="7aafd7ff-6b1a-2986-ca35-5ae460966bd8" executionId="9c08e75b-12c4-4aab-b410-14417bf9d50f" testListId="8c84fa94-04c1-424b-9868-57a2d4851a1d" />
    <TestEntry testId="f8c21d72-8d9e-01b0-5794-6c9140ec11bd" executionId="0de12bb0-d682-413e-951f-8ec646a0f4e5" testListId="8c84fa94-04c1-424b-9868-57a2d4851a1d" />
    <TestEntry testId="4f139307-6ef2-972e-c198-ccae0e696c82" executionId="aa7f1592-f7e8-4880-81c7-956c9116c054" testListId="8c84fa94-04c1-424b-9868-57a2d4851a1d" />
    <TestEntry testId="614b96bc-9585-d3bb-837a-954d492c245e" executionId="83b1fbf4-2d98-4135-8854-f0908401bf99" testListId="8c84fa94-04c1-424b-9868-57a2d4851a1d" />
    <TestEntry testId="bff4e1ad-8108-c4b6-ff52-bec841efed4f" executionId="cf3550d9-f10c-4d3d-b457-f96f765db787" testListId="8c84fa94-04c1-424b-9868-57a2d4851a1d" />
    <TestEntry testId="3f79807d-0b93-22d2-e968-8ff7838a4ffd" executionId="b9871397-8963-4821-ba7c-613f6bc312cd" testListId="8c84fa94-04c1-424b-9868-57a2d4851a1d" />
    <TestEntry testId="2a6585e6-e5e0-117b-75ad-119f864af375" executionId="aacf3112-d1fa-437d-ba38-bdc6de6ee0f7" testListId="8c84fa94-04c1-424b-9868-57a2d4851a1d" />
    <TestEntry testId="ff99ba02-20db-3f27-609a-6d5ff3fe4179" executionId="c37756d4-9dcc-4e7a-8c02-e32d719bd6cf" testListId="8c84fa94-04c1-424b-9868-57a2d4851a1d" />
    <TestEntry testId="d5cf17d8-c509-4742-c798-845a9401b034" executionId="bfeb5393-fb65-4475-8273-6d2026394acb" testListId="8c84fa94-04c1-424b-9868-57a2d4851a1d" />
    <TestEntry testId="88766d49-d0ee-dc13-823e-355eae4ba4d7" executionId="ee27e0a4-26a6-48a8-9196-5853deaed971" testListId="8c84fa94-04c1-424b-9868-57a2d4851a1d" />
    <TestEntry testId="ec75423f-d3b4-bf21-2fd1-9c9987cd62ad" executionId="ae421bd5-e78f-4dec-93f8-faf9d91629ea" testListId="8c84fa94-04c1-424b-9868-57a2d4851a1d" />
    <TestEntry testId="f647ebec-9113-bace-f991-e4bd2243292a" executionId="3cb3cd6a-9242-4184-9ae8-273e65e5c4d7" testListId="8c84fa94-04c1-424b-9868-57a2d4851a1d" />
    <TestEntry testId="47efd4af-36fc-7016-9825-c66540dd6565" executionId="c22e3e20-9a70-4b61-ad20-c2efaf3db7b4" testListId="8c84fa94-04c1-424b-9868-57a2d4851a1d" />
    <TestEntry testId="4cdad353-ff6f-d013-6344-39d80d23436f" executionId="7e3a0f6c-449f-465a-b0a8-c670e400623d" testListId="8c84fa94-04c1-424b-9868-57a2d4851a1d" />
    <TestEntry testId="e06415d0-cd4e-0e30-3a78-c34f62685c1f" executionId="b2cc9b82-b0cc-41e2-94ff-4abd27cba5a5" testListId="8c84fa94-04c1-424b-9868-57a2d4851a1d" />
    <TestEntry testId="9d60556e-428f-2b35-a9b4-583c72918418" executionId="cf92070d-953a-49b9-8f2b-a4e9f9a4a083" testListId="8c84fa94-04c1-424b-9868-57a2d4851a1d" />
    <TestEntry testId="f5c3e9e5-654b-12e6-47af-790e187aba14" executionId="40e44230-5c53-42fb-9d47-94fffda36778" testListId="8c84fa94-04c1-424b-9868-57a2d4851a1d" />
    <TestEntry testId="c48869f7-6c77-2b89-0c90-c1e50cb92db9" executionId="a289bf0d-bd56-4fcd-b0ae-ee5bd3c0fc52" testListId="8c84fa94-04c1-424b-9868-57a2d4851a1d" />
    <TestEntry testId="5ee025aa-fc76-4d71-0335-9e634120d86f" executionId="4946f385-c848-4904-8bf9-3f70747cad0d" testListId="8c84fa94-04c1-424b-9868-57a2d4851a1d" />
    <TestEntry testId="3ace1b46-5269-3885-2338-13d1cbdc4916" executionId="1da45f3c-7e1d-42da-a699-62a8508aa541" testListId="8c84fa94-04c1-424b-9868-57a2d4851a1d" />
    <TestEntry testId="85847f0c-a097-d663-fb25-24c360692a6f" executionId="da273eba-8044-4274-9be9-6d951f773a44" testListId="8c84fa94-04c1-424b-9868-57a2d4851a1d" />
    <TestEntry testId="40909ec1-f9aa-560a-4693-0aed536f13c3" executionId="feed5478-a825-4111-ab10-eef507b692f8" testListId="8c84fa94-04c1-424b-9868-57a2d4851a1d" />
    <TestEntry testId="21566dc0-6909-bdde-6dfa-e5cba9c4b3f9" executionId="b2fbbc22-95da-412b-afb6-fb3947219db0" testListId="8c84fa94-04c1-424b-9868-57a2d4851a1d" />
    <TestEntry testId="b2a77e1e-83e0-2758-a6d7-c8e1f8562d8a" executionId="169b4826-de0a-48f7-882c-a3bb687b0837" testListId="8c84fa94-04c1-424b-9868-57a2d4851a1d" />
    <TestEntry testId="a09c863f-48ac-acbb-42a2-523d82f326f7" executionId="c30dd8b3-f7a4-46d8-a2e5-99ff92a0f11d" testListId="8c84fa94-04c1-424b-9868-57a2d4851a1d" />
    <TestEntry testId="6a4e6aba-7bed-a743-c0e5-e04918ff0944" executionId="38168bf9-fd55-46d1-83c7-77dc9c966307" testListId="8c84fa94-04c1-424b-9868-57a2d4851a1d" />
    <TestEntry testId="2a440e01-c2e0-2b46-b2a6-731096815dae" executionId="b91931d5-4a6c-4c92-9d16-b8595be61750" testListId="8c84fa94-04c1-424b-9868-57a2d4851a1d" />
    <TestEntry testId="56e9a52a-a046-e5d1-911b-2bd45276ad93" executionId="fa8a56d8-3bed-4777-8770-11c83b19b4f9" testListId="8c84fa94-04c1-424b-9868-57a2d4851a1d" />
    <TestEntry testId="2fa55d36-235c-4ee5-5a49-110bf54c67ea" executionId="890005f3-41e5-4f7b-ab56-343ac8e22f22" testListId="8c84fa94-04c1-424b-9868-57a2d4851a1d" />
    <TestEntry testId="216a0da1-19b0-7aec-e1f2-058dc48256b9" executionId="d542afb9-c1bb-47ac-8036-49d4bb5996ea" testListId="8c84fa94-04c1-424b-9868-57a2d4851a1d" />
    <TestEntry testId="1fe2fd78-040c-99f7-5724-1247a3ee294b" executionId="626df7c0-21e2-4fab-b0d0-1b3b1bec133b" testListId="8c84fa94-04c1-424b-9868-57a2d4851a1d" />
    <TestEntry testId="4f3e5b61-6ddf-5b7c-2b0f-e3dea6f8bc0a" executionId="82ef341a-f067-4f65-9659-a402237a8766" testListId="8c84fa94-04c1-424b-9868-57a2d4851a1d" />
    <TestEntry testId="b3b01ab2-5bff-01b7-7cda-f83fe272d813" executionId="6bf7bdee-f78a-4c2d-890e-4f646e9bd072" testListId="8c84fa94-04c1-424b-9868-57a2d4851a1d" />
    <TestEntry testId="885a006a-c874-bd3e-6e79-90a973591779" executionId="2dbc4663-79e5-4b01-b865-f520e4597c2b" testListId="8c84fa94-04c1-424b-9868-57a2d4851a1d" />
    <TestEntry testId="1f61e120-5682-a599-4fb7-8a99c7cc0d29" executionId="abc37f78-cccf-46c3-b400-aa10d1890def" testListId="8c84fa94-04c1-424b-9868-57a2d4851a1d" />
    <TestEntry testId="49cca88f-1727-2594-6b0f-735abd2380b3" executionId="a95ab5c3-0846-456e-9db1-154ce139f15c" testListId="8c84fa94-04c1-424b-9868-57a2d4851a1d" />
    <TestEntry testId="5ca86beb-3964-3aed-cc1b-737d23ebd04f" executionId="f9a22cea-f69f-4b82-866a-cd250d1dd0bc" testListId="8c84fa94-04c1-424b-9868-57a2d4851a1d" />
    <TestEntry testId="e4d524b0-2bc4-a99e-bb0e-99ca3c1cec26" executionId="06604daa-ff0d-4de2-b0b0-7115448931f6" testListId="8c84fa94-04c1-424b-9868-57a2d4851a1d" />
    <TestEntry testId="6c85bf06-8477-3fc5-f88a-88d76913c325" executionId="2e2c5b8d-d300-47a4-b7c6-07ad8e3e9e88" testListId="8c84fa94-04c1-424b-9868-57a2d4851a1d" />
    <TestEntry testId="790e6da4-2dca-cbcc-d44f-0c078cbd10ff" executionId="d28bad42-fd68-497b-971a-a007c38de8fe" testListId="8c84fa94-04c1-424b-9868-57a2d4851a1d" />
    <TestEntry testId="fadbca8a-78ac-b0be-e29b-9f992c6b4b9f" executionId="bfdba922-91a6-4e79-8b2c-ad8cf67ad99c" testListId="8c84fa94-04c1-424b-9868-57a2d4851a1d" />
    <TestEntry testId="dd49bf5d-6d0e-42e2-88c0-741222f2556d" executionId="1d652cef-1f0c-4e85-92a5-163e78ca92c6" testListId="8c84fa94-04c1-424b-9868-57a2d4851a1d" />
    <TestEntry testId="084523d0-1a71-4dd0-fda0-4e3bc2733489" executionId="7e91e63b-1705-4aa5-8e6c-497a9a533488" testListId="8c84fa94-04c1-424b-9868-57a2d4851a1d" />
    <TestEntry testId="48345e9c-b724-6aec-209f-120900361186" executionId="f9f808f4-1270-47d7-9b94-ff3ec6b00452" testListId="8c84fa94-04c1-424b-9868-57a2d4851a1d" />
    <TestEntry testId="c30932ba-9134-2b9f-8e81-dfa79bfc7350" executionId="f59330ff-da04-437c-a4b2-2b9cd621abf1" testListId="8c84fa94-04c1-424b-9868-57a2d4851a1d" />
    <TestEntry testId="fc250e02-5971-933e-58b5-6d591245fa38" executionId="854a4280-5a19-4431-9629-1cec5ead5763" testListId="8c84fa94-04c1-424b-9868-57a2d4851a1d" />
    <TestEntry testId="06a58a07-772f-97ff-d822-fab8ff1cc53d" executionId="811ab264-6b8b-4793-aa64-e759ac76b5b5" testListId="8c84fa94-04c1-424b-9868-57a2d4851a1d" />
    <TestEntry testId="889d8619-a68c-d652-522a-42dec6517efc" executionId="b7d33308-f193-4f21-900a-9a83304e2ce0" testListId="8c84fa94-04c1-424b-9868-57a2d4851a1d" />
    <TestEntry testId="17e72e15-5676-d883-b53a-140b49de02e1" executionId="c386cfa1-5d51-455e-a4bb-ddb5bad07f88" testListId="8c84fa94-04c1-424b-9868-57a2d4851a1d" />
    <TestEntry testId="25977c78-f622-ee72-b11d-44921b7be289" executionId="5c286ec7-8ecf-4343-bbb7-ff0c151d2d74" testListId="8c84fa94-04c1-424b-9868-57a2d4851a1d" />
    <TestEntry testId="a8f95d5d-3612-26b6-f8d1-7753d85464e1" executionId="4ce6d271-9221-4952-9eba-2711e36376e0" testListId="8c84fa94-04c1-424b-9868-57a2d4851a1d" />
    <TestEntry testId="6e46a9fb-92ae-6767-eff1-202327ddeef6" executionId="742c0334-8e24-416f-a35c-61189b21484f" testListId="8c84fa94-04c1-424b-9868-57a2d4851a1d" />
    <TestEntry testId="82d6b4ec-2d0d-926d-8f77-62ec845a42eb" executionId="17bfa494-4676-421b-814a-d6ff7fce944f" testListId="8c84fa94-04c1-424b-9868-57a2d4851a1d" />
    <TestEntry testId="1aff9ce8-db63-1f82-630a-0a7a1e2f166c" executionId="e70ab922-18e8-4c7a-b087-3054b0ed5f4f" testListId="8c84fa94-04c1-424b-9868-57a2d4851a1d" />
    <TestEntry testId="ea471e93-eaac-09bf-663f-354ee363ea81" executionId="33aac068-ffe7-4e2b-b13c-34168842e609" testListId="8c84fa94-04c1-424b-9868-57a2d4851a1d" />
    <TestEntry testId="5a728112-a4a8-53b1-88d8-dfb190bb9bdf" executionId="0dfdf80b-2d40-4f5f-89ce-4429b3a75bb9" testListId="8c84fa94-04c1-424b-9868-57a2d4851a1d" />
    <TestEntry testId="5c1229b5-4ef3-3c1d-040b-0c3d812055df" executionId="bef432b0-d8f9-4887-9e17-bf00f89e689f" testListId="8c84fa94-04c1-424b-9868-57a2d4851a1d" />
    <TestEntry testId="ed8dadf0-12cb-f249-272d-96e38ad44805" executionId="df6f41e9-a2b7-4fe0-9bca-62f6aa7269b7" testListId="8c84fa94-04c1-424b-9868-57a2d4851a1d" />
    <TestEntry testId="db6c22d2-6a96-c68e-2529-d522abf3543c" executionId="16ec2f0f-c3c4-4372-b7b8-80c7e310d010" testListId="8c84fa94-04c1-424b-9868-57a2d4851a1d" />
    <TestEntry testId="286a306c-8cae-456f-cfde-71f02e683877" executionId="517f9f4b-0404-4bda-b972-3661c6e98e29" testListId="8c84fa94-04c1-424b-9868-57a2d4851a1d" />
    <TestEntry testId="7a94de77-467e-a6e1-c143-f62768bc6e0c" executionId="a25dd1bd-b205-4208-80e0-05387a13d80f" testListId="8c84fa94-04c1-424b-9868-57a2d4851a1d" />
    <TestEntry testId="34f4bd2c-d8bd-c57e-0cb5-8603e9f3d2cd" executionId="c3cab360-12a8-4036-b6e8-b5d83763c581" testListId="8c84fa94-04c1-424b-9868-57a2d4851a1d" />
    <TestEntry testId="bb1f1ba1-5fbb-707f-b785-a119395e1618" executionId="7b077bfe-7a2c-4479-b6d1-d0b7f9007ee8" testListId="8c84fa94-04c1-424b-9868-57a2d4851a1d" />
    <TestEntry testId="ccef2367-c4ed-1add-5585-ca3cbe9143f6" executionId="66c96db3-3a43-408d-b842-ecfaf9f323ab" testListId="8c84fa94-04c1-424b-9868-57a2d4851a1d" />
    <TestEntry testId="135659e1-b707-e906-9e8e-704c3b1a9e72" executionId="95f3af78-e394-4f4a-a7cd-5559fbc91e87" testListId="8c84fa94-04c1-424b-9868-57a2d4851a1d" />
    <TestEntry testId="d6809496-0bea-4d44-9be5-722e9dfa9d8c" executionId="9c18c5e6-18b1-4e95-bd9f-15964dd01981" testListId="8c84fa94-04c1-424b-9868-57a2d4851a1d" />
    <TestEntry testId="35c9e0b4-179c-7fd4-201d-85f7299b2e6e" executionId="b793af43-aca9-4006-9a2d-e0778ed9c016" testListId="8c84fa94-04c1-424b-9868-57a2d4851a1d" />
    <TestEntry testId="326cfda2-6ee8-1171-fe95-b0ccfc48bede" executionId="35a71817-87e0-4348-bb20-3bc4d61386d5" testListId="8c84fa94-04c1-424b-9868-57a2d4851a1d" />
    <TestEntry testId="cb5361d3-205f-a420-e3ad-719dbbd6cf20" executionId="5b89bc4a-b038-416c-bdbe-cd9cb65b58ed" testListId="8c84fa94-04c1-424b-9868-57a2d4851a1d" />
    <TestEntry testId="02ee819c-da7b-6864-a2fe-fd36ba27ca58" executionId="dd830369-f20a-478a-9ec7-96530c2399e6" testListId="8c84fa94-04c1-424b-9868-57a2d4851a1d" />
    <TestEntry testId="4b4c91f2-74f0-8dbd-0a0d-de3c9c4e2646" executionId="1c1964ff-5040-425b-91d4-4a552ded0122" testListId="8c84fa94-04c1-424b-9868-57a2d4851a1d" />
    <TestEntry testId="acb86377-974d-dcc2-7533-46c9aaee14ed" executionId="22202e1a-c989-4ecb-868f-8067bca5712a" testListId="8c84fa94-04c1-424b-9868-57a2d4851a1d" />
    <TestEntry testId="faad5117-345b-4eed-d051-4e4eb1d90fdb" executionId="22d04333-b04f-4233-9cab-d830b9933705" testListId="8c84fa94-04c1-424b-9868-57a2d4851a1d" />
    <TestEntry testId="afd1ba61-8dab-7573-927b-22bad0993928" executionId="b24b0d39-9105-423b-85d9-996e24a2a739" testListId="8c84fa94-04c1-424b-9868-57a2d4851a1d" />
    <TestEntry testId="f0959a16-4cd0-43e3-f2ca-081ba9e9c4a9" executionId="5db61e81-cc4a-46cb-974a-73694beb7e77" testListId="8c84fa94-04c1-424b-9868-57a2d4851a1d" />
    <TestEntry testId="02a214d0-30d5-fb6c-ec47-f91f4f3a975c" executionId="fd51ebc2-34b7-4828-a886-9af3f44c22de" testListId="8c84fa94-04c1-424b-9868-57a2d4851a1d" />
    <TestEntry testId="4d09f353-08a8-fa34-d100-5bbc9d467b87" executionId="fd8665ed-8663-48e2-a89c-b76948084901" testListId="8c84fa94-04c1-424b-9868-57a2d4851a1d" />
    <TestEntry testId="e26679e7-836d-b490-3d17-2a1322c34f0c" executionId="47df676e-884a-4119-a7a9-87d255b767c3" testListId="8c84fa94-04c1-424b-9868-57a2d4851a1d" />
    <TestEntry testId="5856a10a-7e23-fcf0-f648-af436f57c2de" executionId="62c0ae11-be41-441a-b9d3-e4e959c5add1" testListId="8c84fa94-04c1-424b-9868-57a2d4851a1d" />
    <TestEntry testId="91dd0795-e608-c49d-6be7-dd2a04858975" executionId="f874cff8-b555-42fc-a652-9ae86eb2a226" testListId="8c84fa94-04c1-424b-9868-57a2d4851a1d" />
    <TestEntry testId="c7215a61-4744-71be-f3c3-1974187885e2" executionId="9eabc2a8-290f-4182-b73b-d25b3dbab40d" testListId="8c84fa94-04c1-424b-9868-57a2d4851a1d" />
    <TestEntry testId="b2c5b3b8-e994-501c-fff9-171372fd615a" executionId="db255baf-1924-4ff2-995e-c5690b6282d9" testListId="8c84fa94-04c1-424b-9868-57a2d4851a1d" />
    <TestEntry testId="a418df56-4293-0fa6-53ca-07846e3971aa" executionId="9d3d08be-6715-4874-b5cb-a06c816b87ac" testListId="8c84fa94-04c1-424b-9868-57a2d4851a1d" />
    <TestEntry testId="be0e3b6c-f7d5-7978-b189-d493f42bab41" executionId="beeaf226-702e-45ad-896a-1cb3b55abdfb" testListId="8c84fa94-04c1-424b-9868-57a2d4851a1d" />
    <TestEntry testId="e69d0b9d-3a03-38e0-496c-1c30d4d248d0" executionId="7d5e6352-dbb8-4c98-bceb-35bb677b9233" testListId="8c84fa94-04c1-424b-9868-57a2d4851a1d" />
    <TestEntry testId="84dc5361-bbdb-707c-e178-c50f7909fd5c" executionId="563ad780-1d2c-48d6-8e4f-1996e8e4a5aa" testListId="8c84fa94-04c1-424b-9868-57a2d4851a1d" />
    <TestEntry testId="dd5b19b3-3a9f-0fb9-7efb-52232c4ec774" executionId="e4f2a000-6b6f-4d65-9dec-a56b6781ce15" testListId="8c84fa94-04c1-424b-9868-57a2d4851a1d" />
    <TestEntry testId="084b977e-f2ce-607d-dff0-cddf7d749357" executionId="6e968b86-bb8c-4b8b-b222-e163ab89bbce" testListId="8c84fa94-04c1-424b-9868-57a2d4851a1d" />
    <TestEntry testId="d6478d2f-80ee-ea54-e32c-87d76788ab77" executionId="f9843a3f-7dc2-4ef9-ab57-3d0f8b672e45" testListId="8c84fa94-04c1-424b-9868-57a2d4851a1d" />
    <TestEntry testId="ce11c9a4-11f8-22ed-6a93-f50338e603c2" executionId="76dde262-a2df-4c8a-80db-e232339951da" testListId="8c84fa94-04c1-424b-9868-57a2d4851a1d" />
    <TestEntry testId="e381de1c-3b7b-8846-ae8d-a510b2dd2d2a" executionId="25a58427-58d8-4db4-8ec0-cf010a18e89c" testListId="8c84fa94-04c1-424b-9868-57a2d4851a1d" />
    <TestEntry testId="1151b8aa-d4b1-81b2-16e6-e9d0fe109ff3" executionId="f3e12ebf-3cbc-45d0-a447-d49d5bf64479" testListId="8c84fa94-04c1-424b-9868-57a2d4851a1d" />
    <TestEntry testId="a4b3bfeb-2118-20da-c542-2160e203fc25" executionId="fc0c2c2e-5e10-4ec9-a802-407c06ef9b72" testListId="8c84fa94-04c1-424b-9868-57a2d4851a1d" />
    <TestEntry testId="19506f5c-1d7e-de74-3f21-b933bc288003" executionId="57416b42-5487-488a-8e95-5e49aab4fe2b" testListId="8c84fa94-04c1-424b-9868-57a2d4851a1d" />
    <TestEntry testId="c4b2763e-e53f-3884-18c7-bb04ceb176c7" executionId="f33ea3f5-bda5-41ce-a1ba-bc4ea8a93ec1" testListId="8c84fa94-04c1-424b-9868-57a2d4851a1d" />
    <TestEntry testId="0ead71d9-369b-cad7-1d6f-1d663e095ad0" executionId="369ab6a0-9782-40e0-a76d-07aedd143ca1" testListId="8c84fa94-04c1-424b-9868-57a2d4851a1d" />
    <TestEntry testId="8e853103-ee16-2858-050b-35ea401ab141" executionId="dc697c62-24fc-423b-b347-c25c9123490a" testListId="8c84fa94-04c1-424b-9868-57a2d4851a1d" />
    <TestEntry testId="c9e0197f-e686-c1dc-f03e-9cb6731f2ee3" executionId="1ace96fa-e28d-4834-ba2f-45b372357349" testListId="8c84fa94-04c1-424b-9868-57a2d4851a1d" />
    <TestEntry testId="e002a5d6-6ebb-aa72-f0b2-2d1254702f53" executionId="826ca1cc-0282-48de-9b2a-e421758426a0" testListId="8c84fa94-04c1-424b-9868-57a2d4851a1d" />
    <TestEntry testId="52e3d72b-c1cb-e0b4-7b47-148f54e8c31b" executionId="ce9b3ff2-271d-489a-9ac2-7f2b08bc8fca" testListId="8c84fa94-04c1-424b-9868-57a2d4851a1d" />
    <TestEntry testId="a6dd1214-deac-0574-6432-aed1ec9fbbc3" executionId="8ff79d2b-2049-42da-853c-6a0b13b1dc83" testListId="8c84fa94-04c1-424b-9868-57a2d4851a1d" />
    <TestEntry testId="cc24f708-b225-1d37-b803-2fd74ab189c0" executionId="d64e2247-3d4d-4b6b-b1ab-cf369769854f" testListId="8c84fa94-04c1-424b-9868-57a2d4851a1d" />
    <TestEntry testId="c75986fc-bb3f-771d-6675-388429722a07" executionId="c5a247e1-14aa-432d-8487-70aa1b06c823" testListId="8c84fa94-04c1-424b-9868-57a2d4851a1d" />
    <TestEntry testId="6667d325-401a-8659-fce7-ab7d89089a63" executionId="f995420a-10f0-4d1a-a866-5e701136ed5f" testListId="8c84fa94-04c1-424b-9868-57a2d4851a1d" />
    <TestEntry testId="409fbafa-7a7f-0d6e-0c78-2a2e909bf9d2" executionId="aefad74a-052b-4aab-8fbb-d4151ab65016" testListId="8c84fa94-04c1-424b-9868-57a2d4851a1d" />
    <TestEntry testId="49b57575-b01f-1579-6a32-e27f44ed927f" executionId="c4f6d37d-16ad-4ce7-a4e4-163a126a6535" testListId="8c84fa94-04c1-424b-9868-57a2d4851a1d" />
    <TestEntry testId="48ea3b75-579c-5e12-3c13-775dfd2fe0fc" executionId="ac328311-83de-4b09-8561-92885bd2ddc3" testListId="8c84fa94-04c1-424b-9868-57a2d4851a1d" />
    <TestEntry testId="18db15c1-41c8-0a6f-3e87-ceccfd8249fb" executionId="643b8e47-e841-42a1-bdda-1c3c14f8e3f5" testListId="8c84fa94-04c1-424b-9868-57a2d4851a1d" />
    <TestEntry testId="76182c4a-e8c4-6803-9118-3dd149679404" executionId="30f7504d-915e-48a4-9eaa-77c554293b0a" testListId="8c84fa94-04c1-424b-9868-57a2d4851a1d" />
    <TestEntry testId="92bee82b-8d17-29a8-bd31-1451bdb9a359" executionId="ba738c4a-b869-4831-bcac-7f41a39d5704" testListId="8c84fa94-04c1-424b-9868-57a2d4851a1d" />
    <TestEntry testId="1bdac529-51ed-46b5-8bec-8586502957cb" executionId="c4a9b2be-717d-49e4-9cdb-f49d15b4407b" testListId="8c84fa94-04c1-424b-9868-57a2d4851a1d" />
    <TestEntry testId="ebee6a9f-3dfc-e836-5003-fe998994ee83" executionId="0619adeb-14f4-4309-b0a7-78d9084603c0" testListId="8c84fa94-04c1-424b-9868-57a2d4851a1d" />
    <TestEntry testId="0dd6c1a1-5659-0676-1dc2-1ea242dbc2ee" executionId="e31a30f6-c8a6-41e5-8a50-04dff9a9d24c" testListId="8c84fa94-04c1-424b-9868-57a2d4851a1d" />
    <TestEntry testId="5c3e48ad-350c-f8c7-da94-66678b4452e6" executionId="626ede00-338e-4e16-bce2-e5cbe31c6bc3" testListId="8c84fa94-04c1-424b-9868-57a2d4851a1d" />
    <TestEntry testId="05b5640d-1bcc-5b28-a653-04f4965fd05f" executionId="3192cc4e-5f47-4449-ada7-fae8fb7eb9f7" testListId="8c84fa94-04c1-424b-9868-57a2d4851a1d" />
    <TestEntry testId="2be3b7bd-33ad-e67f-19cd-52b98e7d2bc9" executionId="81cb545c-a487-45f2-bf8d-8ab95875b3b4" testListId="8c84fa94-04c1-424b-9868-57a2d4851a1d" />
    <TestEntry testId="a3caed54-1a8f-6b52-10ce-aa463dd767d5" executionId="3d3c3d45-dc4d-4a09-a4eb-f6cda4499567" testListId="8c84fa94-04c1-424b-9868-57a2d4851a1d" />
    <TestEntry testId="0bad3b86-96d5-da30-ae26-a2f7335dfd49" executionId="eb610ab8-dbd9-4d70-a54a-ef4ff3882ddb" testListId="8c84fa94-04c1-424b-9868-57a2d4851a1d" />
    <TestEntry testId="c46623cd-9215-e7e6-602a-ac53db49a97d" executionId="c58d77b7-8468-474f-a6f6-98e0ca87d3f3" testListId="8c84fa94-04c1-424b-9868-57a2d4851a1d" />
    <TestEntry testId="64571f59-ad5e-0f39-5ce8-db723b7b5b23" executionId="e127a0c5-243e-4139-bc48-70861f776b0d" testListId="8c84fa94-04c1-424b-9868-57a2d4851a1d" />
    <TestEntry testId="7157db18-abb3-f01c-ea67-98f9bb002f92" executionId="14139b52-41d7-4ac0-9e41-0adca144d5e1" testListId="8c84fa94-04c1-424b-9868-57a2d4851a1d" />
    <TestEntry testId="ff1d7f2e-43de-f078-4224-226eae6ae15d" executionId="f0fcb87c-197d-43a9-a377-2720e8f45dc9" testListId="8c84fa94-04c1-424b-9868-57a2d4851a1d" />
    <TestEntry testId="3e14e30c-7c3b-e616-c8d5-a38639a746c8" executionId="658ea8f3-17be-45b0-968c-4aff1452f30e" testListId="8c84fa94-04c1-424b-9868-57a2d4851a1d" />
    <TestEntry testId="a1d4b094-c062-c1fd-a346-e052cdc0a5fc" executionId="e615204a-2f4b-447e-938f-50dab813a5b8" testListId="8c84fa94-04c1-424b-9868-57a2d4851a1d" />
    <TestEntry testId="fd5dcf73-bcb4-4b17-54c3-b0bff3d9cd6a" executionId="e9170578-329f-44bd-a9bd-46ec7deb51a2" testListId="8c84fa94-04c1-424b-9868-57a2d4851a1d" />
    <TestEntry testId="a4c05116-9666-97aa-a684-6671179fc708" executionId="a7e46505-d534-4826-845d-99b38a27b446" testListId="8c84fa94-04c1-424b-9868-57a2d4851a1d" />
    <TestEntry testId="271928b9-b912-078e-1e0f-40e26ced243b" executionId="ddef1283-9600-47c8-9665-e5dd3c3fe949" testListId="8c84fa94-04c1-424b-9868-57a2d4851a1d" />
    <TestEntry testId="eec1a6f2-b928-9021-d567-67e7d73cc23d" executionId="aa38dd2c-1fd1-419e-b7c7-d4c99c002d04" testListId="8c84fa94-04c1-424b-9868-57a2d4851a1d" />
    <TestEntry testId="aeb411b8-28b1-f7e5-5075-446a47c941ad" executionId="7923d65e-865e-4456-bb3b-421ab14aad99" testListId="8c84fa94-04c1-424b-9868-57a2d4851a1d" />
    <TestEntry testId="8642d24d-a3a1-cc54-f873-feba16e32d51" executionId="69cbbc07-d31c-4a94-9bc3-151c9ebd1cd4" testListId="8c84fa94-04c1-424b-9868-57a2d4851a1d" />
    <TestEntry testId="2b991e8e-602a-ba40-00b0-120f20b0437a" executionId="ac14c2c8-8636-473c-8c3f-c427405007c6" testListId="8c84fa94-04c1-424b-9868-57a2d4851a1d" />
    <TestEntry testId="ca47a55d-1ea3-fb7d-5dc1-4f121ae0f6c9" executionId="6e6c26e7-2598-4848-9311-c8fdd12b8234" testListId="8c84fa94-04c1-424b-9868-57a2d4851a1d" />
    <TestEntry testId="f7d129f6-a3b5-1803-2e51-65d5bd72e564" executionId="baa4349e-3a2f-431f-91a6-478dc491d7ae" testListId="8c84fa94-04c1-424b-9868-57a2d4851a1d" />
    <TestEntry testId="96da696a-d036-d840-07f0-68ea86e17818" executionId="4ec147fb-fdef-4169-bb2d-ce660749a8b1" testListId="8c84fa94-04c1-424b-9868-57a2d4851a1d" />
    <TestEntry testId="56d41b9b-5def-ff4c-aa8a-1d2f82a1fce4" executionId="936491c9-7e66-4d83-981e-a27a0a99116a" testListId="8c84fa94-04c1-424b-9868-57a2d4851a1d" />
    <TestEntry testId="0aea1df3-e742-1749-b5f0-5da2a20411dd" executionId="d4484398-a5a5-480d-bc61-e8e65a532cb1" testListId="8c84fa94-04c1-424b-9868-57a2d4851a1d" />
    <TestEntry testId="4d9d6434-d80b-c359-8dbf-19f79c778a00" executionId="26754b62-072a-4303-ae41-c415ec68278d" testListId="8c84fa94-04c1-424b-9868-57a2d4851a1d" />
    <TestEntry testId="f7aeb571-1734-58fe-ae60-675a6e6ec448" executionId="dd29fddd-4514-4a09-910c-b63f46ff16cf" testListId="8c84fa94-04c1-424b-9868-57a2d4851a1d" />
    <TestEntry testId="78cd5af3-1a80-e6dc-90da-34f82e6f4687" executionId="f1a6da28-08b9-4b31-8eee-f68f8ecd87ed" testListId="8c84fa94-04c1-424b-9868-57a2d4851a1d" />
    <TestEntry testId="2c9b7992-67b0-6a8c-8dce-4c6d63d82f76" executionId="f2310c73-017b-46dc-8779-f2aee292b100" testListId="8c84fa94-04c1-424b-9868-57a2d4851a1d" />
    <TestEntry testId="a4f782ac-75bb-61b9-4517-1314b434b4b4" executionId="8b862fae-8e49-4e41-98d9-6c50c389490e" testListId="8c84fa94-04c1-424b-9868-57a2d4851a1d" />
    <TestEntry testId="7d6f11e8-0cfc-2703-7d37-b6f091297e35" executionId="8361bc0b-43fc-4394-a2e6-e4f774f0d7d1" testListId="8c84fa94-04c1-424b-9868-57a2d4851a1d" />
    <TestEntry testId="b763126e-0bb0-36de-6e12-f405dbdc81b2" executionId="44b61b55-f3de-45cd-9e1d-a6dc9940838a" testListId="8c84fa94-04c1-424b-9868-57a2d4851a1d" />
    <TestEntry testId="40bda1f3-8d0e-115c-320a-0d1f3d5292a5" executionId="72f849bb-bb16-47c1-abe9-3d27f23bd55c" testListId="8c84fa94-04c1-424b-9868-57a2d4851a1d" />
    <TestEntry testId="fa8b92a8-a99d-a860-74cf-22441d12c206" executionId="1ead7c74-73f0-4116-9378-d5bf6e01a7cd" testListId="8c84fa94-04c1-424b-9868-57a2d4851a1d" />
    <TestEntry testId="eaf6aad1-9af5-b436-ae12-824e339b19fd" executionId="c980753b-b76d-4efe-b4b2-2f7669cdb1de" testListId="8c84fa94-04c1-424b-9868-57a2d4851a1d" />
    <TestEntry testId="5b85ca62-bfea-4328-226f-8e51fd91d1ce" executionId="0d56cf50-63b4-462b-b48b-d3a992ce3a93" testListId="8c84fa94-04c1-424b-9868-57a2d4851a1d" />
    <TestEntry testId="0d1aad2b-d3d3-4e21-9db0-52edeec1c948" executionId="1966a2f8-ac71-4876-a642-56df30f2f941" testListId="8c84fa94-04c1-424b-9868-57a2d4851a1d" />
    <TestEntry testId="da637b63-13fc-6e90-fb74-ccaa0c19f22f" executionId="d7ba6ce8-f60b-4955-a3e1-1b9e3aac0c0c" testListId="8c84fa94-04c1-424b-9868-57a2d4851a1d" />
    <TestEntry testId="febf8c63-34ea-7123-7508-3ea92ba974a3" executionId="45990aae-d8c9-4f57-8c3c-72bef76a327c" testListId="8c84fa94-04c1-424b-9868-57a2d4851a1d" />
    <TestEntry testId="c09bf43c-3dab-e288-cb8a-9ea84d1b75b3" executionId="32f1f163-c846-4688-8b93-a9de51560baa" testListId="8c84fa94-04c1-424b-9868-57a2d4851a1d" />
    <TestEntry testId="f8297e6e-1f63-ff3e-b8c3-6f05017f7da8" executionId="c5dd87cb-b0b1-42f5-94ca-e6c1932e83db" testListId="8c84fa94-04c1-424b-9868-57a2d4851a1d" />
    <TestEntry testId="cfd2d37f-9f92-0648-8dcf-288987b196e5" executionId="8246ff5a-2bae-449e-b0e5-e15dd0e7261c" testListId="8c84fa94-04c1-424b-9868-57a2d4851a1d" />
    <TestEntry testId="dc224a11-9954-2f28-4bf2-5b782b0c13eb" executionId="0be75076-ccf3-40a5-a634-8b15674390cb" testListId="8c84fa94-04c1-424b-9868-57a2d4851a1d" />
    <TestEntry testId="a4a1c505-5c1b-ef8c-837c-4214a2c4995d" executionId="3b5c3587-4737-450e-a1cb-557433c446f8" testListId="8c84fa94-04c1-424b-9868-57a2d4851a1d" />
    <TestEntry testId="70e3d9d4-e66b-ec40-b486-fa383cef5381" executionId="3fa92388-85d9-4d27-8bf2-382123aea4f6" testListId="8c84fa94-04c1-424b-9868-57a2d4851a1d" />
    <TestEntry testId="711476f0-c993-0aae-cab7-241192e4bb7d" executionId="ed30d062-f669-4a30-b2c3-3e443bc33e0c" testListId="8c84fa94-04c1-424b-9868-57a2d4851a1d" />
    <TestEntry testId="14891ef0-cfa6-20c4-d429-56ca0e5e8e0b" executionId="76a39d56-bfdf-43c4-9f92-75aedb776e3b" testListId="8c84fa94-04c1-424b-9868-57a2d4851a1d" />
    <TestEntry testId="f913383b-e66c-c85f-4e87-5b0f00ff48eb" executionId="4254cbc7-715f-4036-ac9d-79a03bfb070a" testListId="8c84fa94-04c1-424b-9868-57a2d4851a1d" />
    <TestEntry testId="3f83e266-c313-fea9-183b-b61a0cf8a132" executionId="8b04bc85-754a-4764-bd47-f51714980480" testListId="8c84fa94-04c1-424b-9868-57a2d4851a1d" />
    <TestEntry testId="c692bf4e-9e40-4b59-4feb-b79ac2f12af2" executionId="22c0308c-300c-473b-86cc-0656afb9ae0c" testListId="8c84fa94-04c1-424b-9868-57a2d4851a1d" />
    <TestEntry testId="a6ab258a-cf4d-4afa-bb3f-b7eb4d4664a9" executionId="15beafab-1f0b-4015-baaa-0d4da9a6aa17" testListId="8c84fa94-04c1-424b-9868-57a2d4851a1d" />
    <TestEntry testId="aeafc41a-047f-9cc7-8467-9fad4e94694c" executionId="1db07c93-8d93-42ad-960a-82fe2e55819d" testListId="8c84fa94-04c1-424b-9868-57a2d4851a1d" />
  </TestEntries>
  <TestLists>
    <TestList name="Results Not in a List" id="8c84fa94-04c1-424b-9868-57a2d4851a1d" />
    <TestList name="All Loaded Results" id="19431567-8539-422a-85d7-44ee4e166bda" />
  </TestLists>
  <ResultSummary outcome="Completed">
    <Counters total="177" executed="177" passed="177" failed="0" error="0" timeout="0" aborted="0" inconclusive="0" passedButRunAborted="0" notRunnable="0" notExecuted="0" disconnected="0" warning="0" completed="0" inProgress="0" pending="0" />
  </ResultSummary>
</TestRun>