<?xml version="1.0" encoding="UTF-8"?>
<TestRun id="96256973-e8e1-4759-9dcc-d12aa1fbe459" name="tfsmladm@TFSBUILD11 2015-09-28 09:43:26" runUser="REDMOND\tfsmladm" xmlns="http://microsoft.com/schemas/VisualStudio/TeamTest/2010">
  <Times creation="2015-09-28T09:43:26.8589521-07:00" queuing="2015-09-28T09:43:26.8589521-07:00" start="2015-09-28T09:43:26.8745777-07:00" finish="2015-09-28T09:43:26.9058305-07:00" />
  <TestSettings name="default" id="0ac867c9-a640-4293-8385-2da7121cb4d5">
    <Execution>
      <TestTypeSpecific />
    </Execution>
    <Deployment runDeploymentRoot="tfsmladm_TFSBUILD11 2015-09-28 09_43_26" />
    <Properties />
  </TestSettings>
  <Results>
    <UnitTestResult executionId="4c951930-bad0-4bdc-a71d-86a201889faa" testId="9c236afd-7296-3659-02fa-c43a64bdf268" testName="TestSelectStarOutputsStar" computerName="TFSBUILD11" duration="00:00:00.0221803" startTime="2015-09-28T09:43:26.7495696-07:00" endTime="2015-09-28T09:43:26.8120738-07:00" testType="13cdc9d9-ddb5-4fa4-a97d-d965ccfc6d4b" outcome="Passed" testListId="8c84fa94-04c1-424b-9868-57a2d4851a1d" relativeResultsDirectory="4c951930-bad0-4bdc-a71d-86a201889faa" />
  </Results>
  <TestDefinitions>
    <UnitTest name="TestSelectStarOutputsStar" storage="d:\v2.0\a1\_work\dbded102\bin\release.anycpu\tfs.extendedclient\ms.tf.workitemtracking.querylanguage.l0.tests\ms.tf.workitemtracking.querylanguage.l0.tests.dll" id="9c236afd-7296-3659-02fa-c43a64bdf268">
      <Execution id="4c951930-bad0-4bdc-a71d-86a201889faa" />
      <TestMethod codeBase="D:\v2.0\A1\_work\dbded102\bin\Release.AnyCPU\Tfs.ExtendedClient\MS.TF.WorkItemTracking.QueryLanguage.L0.Tests\MS.TF.WorkItemTracking.QueryLanguage.L0.Tests.dll" adapterTypeName="Microsoft.VisualStudio.TestTools.TestTypes.Unit.UnitTestAdapter" className="MS.TF.Test.WorkItemTracking.QueryLanguage.TestSelectStar" name="TestSelectStarOutputsStar" />
    </UnitTest>
  </TestDefinitions>
  <TestEntries>
    <TestEntry testId="9c236afd-7296-3659-02fa-c43a64bdf268" executionId="4c951930-bad0-4bdc-a71d-86a201889faa" testListId="8c84fa94-04c1-424b-9868-57a2d4851a1d" />
  </TestEntries>
  <TestLists>
    <TestList name="Results Not in a List" id="8c84fa94-04c1-424b-9868-57a2d4851a1d" />
    <TestList name="All Loaded Results" id="19431567-8539-422a-85d7-44ee4e166bda" />
  </TestLists>
  <ResultSummary outcome="Completed">
    <Counters total="1" executed="1" passed="1" failed="0" error="0" timeout="0" aborted="0" inconclusive="0" passedButRunAborted="0" notRunnable="0" notExecuted="0" disconnected="0" warning="0" completed="0" inProgress="0" pending="0" />
  </ResultSummary>
</TestRun>