<?xml version="1.0" encoding="UTF-8"?>
<TestRun id="8910216a-d2b0-4589-a578-614d7856a670" name="tfsmladm@TFSBUILD11 2015-09-28 09:45:46" runUser="REDMOND\tfsmladm" xmlns="http://microsoft.com/schemas/VisualStudio/TeamTest/2010">
  <Times creation="2015-09-28T09:45:46.5974572-07:00" queuing="2015-09-28T09:45:46.5974572-07:00" start="2015-09-28T09:45:46.6054621-07:00" finish="2015-09-28T09:46:13.5098941-07:00" />
  <TestSettings name="default" id="52ab4471-3948-4cc3-96bd-fd894c38d180">
    <Execution>
      <TestTypeSpecific />
    </Execution>
    <Deployment runDeploymentRoot="tfsmladm_TFSBUILD11 2015-09-28 09_45_46" />
    <Properties />
  </TestSettings>
  <Results>
    <UnitTestResult executionId="1625f11b-fde7-4471-84ca-7deb4eb404cd" testId="6a710651-9473-4ad4-a3b5-f7bb101e67f0" testName="TFSTests.Admin.AreaIteration.DataModels LocalFormatUTC_ReturnsExpectedStringForCurrentTimezone" computerName="TFSBUILD11" duration="00:00:00.0930000" startTime="2015-09-28T09:45:46.6534799-07:00" endTime="2015-09-28T09:45:46.6534799-07:00" testType="13cdc9d9-ddb5-4fa4-a97d-d965ccfc6d4b" outcome="Passed" testListId="8c84fa94-04c1-424b-9868-57a2d4851a1d" relativeResultsDirectory="1625f11b-fde7-4471-84ca-7deb4eb404cd" />
    <UnitTestResult executionId="7c0f1ba1-7602-4899-8689-8400d530ab02" testId="722c8ed5-efe2-4499-b09e-4355694fd58a" testName="TFSTests.Admin.AreaIteration.DataModels ParseLocaleUTC_ReturnsExpectedStringForCurrentTimezone" computerName="TFSBUILD11" duration="00:00:00.0190000" startTime="2015-09-28T09:45:46.6654847-07:00" endTime="2015-09-28T09:45:46.6654847-07:00" testType="13cdc9d9-ddb5-4fa4-a97d-d965ccfc6d4b" outcome="Passed" testListId="8c84fa94-04c1-424b-9868-57a2d4851a1d" relativeResultsDirectory="7c0f1ba1-7602-4899-8689-8400d530ab02" />
    <UnitTestResult executionId="683b4bc2-ca6c-4ca5-8707-e994e04039f6" testId="16652144-794d-4b8a-889b-64187d4f1470" testName="TFSTests.Admin.AreaIteration.DataModels CompareCssNodes" computerName="TFSBUILD11" duration="00:00:00.0190000" startTime="2015-09-28T09:45:46.6664854-07:00" endTime="2015-09-28T09:45:46.6664854-07:00" testType="13cdc9d9-ddb5-4fa4-a97d-d965ccfc6d4b" outcome="Passed" testListId="8c84fa94-04c1-424b-9868-57a2d4851a1d" relativeResultsDirectory="683b4bc2-ca6c-4ca5-8707-e994e04039f6" />
    <UnitTestResult executionId="207f9458-0f7a-4acf-b469-1b4d75a5d336" testId="7f9036bd-8393-496b-8b76-2410505ed111" testName="TFSTests.Admin.AreaIteration.DataModels GetNextWorkDay_ReturnsExpectedDays" computerName="TFSBUILD11" duration="00:00:00.0160000" startTime="2015-09-28T09:45:46.6664854-07:00" endTime="2015-09-28T09:45:46.6664854-07:00" testType="13cdc9d9-ddb5-4fa4-a97d-d965ccfc6d4b" outcome="Passed" testListId="8c84fa94-04c1-424b-9868-57a2d4851a1d" relativeResultsDirectory="207f9458-0f7a-4acf-b469-1b4d75a5d336" />
    <UnitTestResult executionId="d11e5b1d-9e17-46d2-9750-320ea5688e64" testId="5f1e141c-0141-4928-8d11-739aef518ba8" testName="TFSTests.Admin.AreaIteration AcceptHandlerDoesNotAllowDroppingOnDirectParent" computerName="TFSBUILD11" duration="00:00:00.0590000" startTime="2015-09-28T09:45:46.6664854-07:00" endTime="2015-09-28T09:45:46.6664854-07:00" testType="13cdc9d9-ddb5-4fa4-a97d-d965ccfc6d4b" outcome="Passed" testListId="8c84fa94-04c1-424b-9868-57a2d4851a1d" relativeResultsDirectory="d11e5b1d-9e17-46d2-9750-320ea5688e64" />
    <UnitTestResult executionId="7d48885b-bca8-4fcd-9946-fda2633f08b0" testId="bf350737-3efd-444f-ae89-c919846eb250" testName="TFSTests.Admin.AreaIteration AcceptHandlerDoesNotAllowDroppingOnDescendant" computerName="TFSBUILD11" duration="00:00:00.0240000" startTime="2015-09-28T09:45:46.6664854-07:00" endTime="2015-09-28T09:45:46.6664854-07:00" testType="13cdc9d9-ddb5-4fa4-a97d-d965ccfc6d4b" outcome="Passed" testListId="8c84fa94-04c1-424b-9868-57a2d4851a1d" relativeResultsDirectory="7d48885b-bca8-4fcd-9946-fda2633f08b0" />
    <UnitTestResult executionId="b6098b4c-0324-457a-a41c-7b88d10f2f67" testId="829f153f-470d-4804-a624-33680505ba19" testName="TFSTests.Admin.AreaIteration AcceptHandlerDoesAllowDroppingValidDropTarget" computerName="TFSBUILD11" duration="00:00:00.0210000" startTime="2015-09-28T09:45:46.6664854-07:00" endTime="2015-09-28T09:45:46.6664854-07:00" testType="13cdc9d9-ddb5-4fa4-a97d-d965ccfc6d4b" outcome="Passed" testListId="8c84fa94-04c1-424b-9868-57a2d4851a1d" relativeResultsDirectory="b6098b4c-0324-457a-a41c-7b88d10f2f67" />
    <UnitTestResult executionId="a49e340b-e932-407a-9c8c-f286ab346761" testId="e72f1a6a-bf66-4a62-86d0-84d60b3a8427" testName="TFSTests.Admin.AreaIteration DropHandlerReparentsTheDroppedNode" computerName="TFSBUILD11" duration="00:00:00.0240000" startTime="2015-09-28T09:45:46.6664854-07:00" endTime="2015-09-28T09:45:46.6664854-07:00" testType="13cdc9d9-ddb5-4fa4-a97d-d965ccfc6d4b" outcome="Passed" testListId="8c84fa94-04c1-424b-9868-57a2d4851a1d" relativeResultsDirectory="a49e340b-e932-407a-9c8c-f286ab346761" />
    <UnitTestResult executionId="4c154f96-e340-4821-aba3-5a9cd54fcda4" testId="32f8b3d3-de01-4fb5-9377-b77c428ee75f" testName="TFSTests.Admin.FeatureEnablement Wizard_buttonsSwapCorrectly" computerName="TFSBUILD11" duration="00:00:00.0570000" startTime="2015-09-28T09:45:46.6664854-07:00" endTime="2015-09-28T09:45:46.6664854-07:00" testType="13cdc9d9-ddb5-4fa4-a97d-d965ccfc6d4b" outcome="Passed" testListId="8c84fa94-04c1-424b-9868-57a2d4851a1d" relativeResultsDirectory="4c154f96-e340-4821-aba3-5a9cd54fcda4" />
    <UnitTestResult executionId="519832c3-b6d0-422f-8bb7-a54a132f347c" testId="9a1ed5d9-f157-466d-b906-aef2644db212" testName="TFSTests.Admin.FeatureEnablement Wizard_renderPageGetsCorrectContent" computerName="TFSBUILD11" duration="00:00:00.0390000" startTime="2015-09-28T09:45:46.8053387-07:00" endTime="2015-09-28T09:45:46.8053387-07:00" testType="13cdc9d9-ddb5-4fa4-a97d-d965ccfc6d4b" outcome="Passed" testListId="8c84fa94-04c1-424b-9868-57a2d4851a1d" relativeResultsDirectory="519832c3-b6d0-422f-8bb7-a54a132f347c" />
    <UnitTestResult executionId="09919390-a732-4c6c-8917-2023192b58f5" testId="de5cc42e-d5f3-402b-b683-1bc56b052214" testName="TFSTests.Admin.FeatureEnablement Model_projectFeatureState" computerName="TFSBUILD11" duration="00:00:00.0180000" startTime="2015-09-28T09:45:46.8053387-07:00" endTime="2015-09-28T09:45:46.8053387-07:00" testType="13cdc9d9-ddb5-4fa4-a97d-d965ccfc6d4b" outcome="Passed" testListId="8c84fa94-04c1-424b-9868-57a2d4851a1d" relativeResultsDirectory="09919390-a732-4c6c-8917-2023192b58f5" />
    <UnitTestResult executionId="d93fe8df-f0f0-4f46-9c08-c3a6d31f999f" testId="94e8a068-87b0-4c08-8c27-228b203c1c26" testName="TFSTests.Admin.FeatureEnablement Model_processTemplateInfo" computerName="TFSBUILD11" duration="00:00:00.0170000" startTime="2015-09-28T09:45:46.8053387-07:00" endTime="2015-09-28T09:45:46.8053387-07:00" testType="13cdc9d9-ddb5-4fa4-a97d-d965ccfc6d4b" outcome="Passed" testListId="8c84fa94-04c1-424b-9868-57a2d4851a1d" relativeResultsDirectory="d93fe8df-f0f0-4f46-9c08-c3a6d31f999f" />
    <UnitTestResult executionId="e0cc6fb3-1da1-4d83-af4f-c4916aad62bc" testId="0e5ebb58-9044-4e58-99ed-6039b1d7cd4d" testName="TFSTests.Admin.FeatureEnablement WizardManager_transitionInstantiatesCorrectPage" computerName="TFSBUILD11" duration="00:00:00.0660000" startTime="2015-09-28T09:45:46.8053387-07:00" endTime="2015-09-28T09:45:46.8053387-07:00" testType="13cdc9d9-ddb5-4fa4-a97d-d965ccfc6d4b" outcome="Passed" testListId="8c84fa94-04c1-424b-9868-57a2d4851a1d" relativeResultsDirectory="e0cc6fb3-1da1-4d83-af4f-c4916aad62bc" />
    <UnitTestResult executionId="ca24268a-df1e-4c3b-bda2-8f2c98ab1dfe" testId="1e06efa0-6673-4487-9a0e-38347aa683b1" testName="TFSTests.Agile.BacklogQueryManager getProductBacklogQueryName_nameContents" computerName="TFSBUILD11" duration="00:00:00.0290000" startTime="2015-09-28T09:45:46.8053387-07:00" endTime="2015-09-28T09:45:46.8053387-07:00" testType="13cdc9d9-ddb5-4fa4-a97d-d965ccfc6d4b" outcome="Passed" testListId="8c84fa94-04c1-424b-9868-57a2d4851a1d" relativeResultsDirectory="ca24268a-df1e-4c3b-bda2-8f2c98ab1dfe" />
    <UnitTestResult executionId="bc371247-6879-4357-893a-a3d5c5f5e8e3" testId="21555933-cb7a-4508-a78c-c5304f603768" testName="TFSTests.Agile.BacklogQueryManager getProductBacklogQueryName_inputValidation" computerName="TFSBUILD11" duration="00:00:00.0170000" startTime="2015-09-28T09:45:46.8053387-07:00" endTime="2015-09-28T09:45:46.8053387-07:00" testType="13cdc9d9-ddb5-4fa4-a97d-d965ccfc6d4b" outcome="Passed" testListId="8c84fa94-04c1-424b-9868-57a2d4851a1d" relativeResultsDirectory="bc371247-6879-4357-893a-a3d5c5f5e8e3" />
    <UnitTestResult executionId="eb6ae7a7-5cec-4d26-a076-c3a9d4e661f3" testId="535ae8a5-4e7b-43f1-a0e8-59dfa30b2cd7" testName="TFSTests.Agile.BacklogQueryManager beginGetProductBacklogQueryWiql_contextSelection" computerName="TFSBUILD11" duration="00:00:00.0230000" startTime="2015-09-28T09:45:46.8053387-07:00" endTime="2015-09-28T09:45:46.8053387-07:00" testType="13cdc9d9-ddb5-4fa4-a97d-d965ccfc6d4b" outcome="Passed" testListId="8c84fa94-04c1-424b-9868-57a2d4851a1d" relativeResultsDirectory="eb6ae7a7-5cec-4d26-a076-c3a9d4e661f3" />
    <UnitTestResult executionId="ed595e4a-fd66-4efa-a509-3df18db5d4b8" testId="34b954cd-1c39-42e7-ba9b-ee49b98bb646" testName="TFSTests.Agile.BacklogQueryManager beginGetProductBacklogQueryWiql_correctCallbacks" computerName="TFSBUILD11" duration="00:00:00.0200000" startTime="2015-09-28T09:45:46.8053387-07:00" endTime="2015-09-28T09:45:46.8053387-07:00" testType="13cdc9d9-ddb5-4fa4-a97d-d965ccfc6d4b" outcome="Passed" testListId="8c84fa94-04c1-424b-9868-57a2d4851a1d" relativeResultsDirectory="ed595e4a-fd66-4efa-a509-3df18db5d4b8" />
    <UnitTestResult executionId="d7b070f2-4fcb-46b6-ac1f-2c165bdc2750" testId="bd070969-f095-46de-bd62-f20d3c3d6e51" testName="TFSTests.Agile.BacklogQueryManager beginGetProductBacklogQueryWiql_inputValidation" computerName="TFSBUILD11" duration="00:00:00.0170000" startTime="2015-09-28T09:45:46.8053387-07:00" endTime="2015-09-28T09:45:46.8053387-07:00" testType="13cdc9d9-ddb5-4fa4-a97d-d965ccfc6d4b" outcome="Passed" testListId="8c84fa94-04c1-424b-9868-57a2d4851a1d" relativeResultsDirectory="d7b070f2-4fcb-46b6-ac1f-2c165bdc2750" />
    <UnitTestResult executionId="dbff07e8-a5dc-4461-9ac0-844fc1870f90" testId="86ba2566-6ffa-45b7-81ad-f68fc7223300" testName="TFSTests.Agile.Configuration.Registration RegisterAndRemoveTabGroups" computerName="TFSBUILD11" duration="00:00:00.0170000" startTime="2015-09-28T09:45:46.9631351-07:00" endTime="2015-09-28T09:45:46.9631351-07:00" testType="13cdc9d9-ddb5-4fa4-a97d-d965ccfc6d4b" outcome="Passed" testListId="8c84fa94-04c1-424b-9868-57a2d4851a1d" relativeResultsDirectory="dbff07e8-a5dc-4461-9ac0-844fc1870f90" />
    <UnitTestResult executionId="5242b153-7140-405d-8e84-24bc284b0d81" testId="2d74a580-aefd-4dc6-9cb5-48f22be9eaf5" testName="TFSTests.Agile.Configuration.Registration TabGroupOrder" computerName="TFSBUILD11" duration="00:00:00.0160000" startTime="2015-09-28T09:45:46.9631351-07:00" endTime="2015-09-28T09:45:46.9631351-07:00" testType="13cdc9d9-ddb5-4fa4-a97d-d965ccfc6d4b" outcome="Passed" testListId="8c84fa94-04c1-424b-9868-57a2d4851a1d" relativeResultsDirectory="5242b153-7140-405d-8e84-24bc284b0d81" />
    <UnitTestResult executionId="2a32ae8b-40d1-463c-b7e9-eda116c1c476" testId="3707a7a7-8602-47c5-b4bc-663f1f021e3f" testName="TFSTests.Agile.Configuration.Registration RegisterAndRemoveTabs" computerName="TFSBUILD11" duration="00:00:00.0170000" startTime="2015-09-28T09:45:46.9641355-07:00" endTime="2015-09-28T09:45:46.9641355-07:00" testType="13cdc9d9-ddb5-4fa4-a97d-d965ccfc6d4b" outcome="Passed" testListId="8c84fa94-04c1-424b-9868-57a2d4851a1d" relativeResultsDirectory="2a32ae8b-40d1-463c-b7e9-eda116c1c476" />
    <UnitTestResult executionId="a883e5e6-9642-49c5-ae90-29da8111b712" testId="45daabbc-162a-410c-a6a8-c2d01284a5a3" testName="TFSTests.Agile.Configuration.Registration RegisterTabsWithDependency" computerName="TFSBUILD11" duration="00:00:00.0150000" startTime="2015-09-28T09:45:46.9641355-07:00" endTime="2015-09-28T09:45:46.9641355-07:00" testType="13cdc9d9-ddb5-4fa4-a97d-d965ccfc6d4b" outcome="Passed" testListId="8c84fa94-04c1-424b-9868-57a2d4851a1d" relativeResultsDirectory="a883e5e6-9642-49c5-ae90-29da8111b712" />
    <UnitTestResult executionId="dfc37d38-b9f6-4372-a75d-b4f808a9de22" testId="5d5a0184-2cc1-4045-98b2-dbb81a9a092a" testName="TFSTests.Agile.Configurations ClassifyDependentsWithDependency" computerName="TFSBUILD11" duration="00:00:00.0160000" startTime="2015-09-28T09:45:46.9641355-07:00" endTime="2015-09-28T09:45:46.9641355-07:00" testType="13cdc9d9-ddb5-4fa4-a97d-d965ccfc6d4b" outcome="Passed" testListId="8c84fa94-04c1-424b-9868-57a2d4851a1d" relativeResultsDirectory="dfc37d38-b9f6-4372-a75d-b4f808a9de22" />
    <UnitTestResult executionId="37764a61-fc92-4522-832e-a017fe59eae5" testId="d8dde39e-092b-4ff2-af4d-1a5d304a5849" testName="TFSTests.Agile.Configurations ClassifyDependentsWithoutDependency" computerName="TFSBUILD11" duration="00:00:00.0150000" startTime="2015-09-28T09:45:46.9641355-07:00" endTime="2015-09-28T09:45:46.9641355-07:00" testType="13cdc9d9-ddb5-4fa4-a97d-d965ccfc6d4b" outcome="Passed" testListId="8c84fa94-04c1-424b-9868-57a2d4851a1d" relativeResultsDirectory="37764a61-fc92-4522-832e-a017fe59eae5" />
    <UnitTestResult executionId="fb5b9c65-ff0c-4d25-8e0d-fd6333565f3c" testId="be42dcf2-a650-4814-9454-2906d5bead08" testName="TFSTests.Agile.ReorderManager single CanOperationBeUnblockedWillReturnAsExpected" computerName="TFSBUILD11" duration="00:00:00.0200000" startTime="2015-09-28T09:45:46.9641355-07:00" endTime="2015-09-28T09:45:46.9641355-07:00" testType="13cdc9d9-ddb5-4fa4-a97d-d965ccfc6d4b" outcome="Passed" testListId="8c84fa94-04c1-424b-9868-57a2d4851a1d" relativeResultsDirectory="fb5b9c65-ff0c-4d25-8e0d-fd6333565f3c" />
    <UnitTestResult executionId="df9747f5-4dfa-4e54-8633-b79e08664ac0" testId="bfe575f1-26c4-482b-ae49-093040c08a93" testName="TFSTests.Agile.ReorderManager single ReorderOperationBlockedUntillPreProcessingIsComplete" computerName="TFSBUILD11" duration="00:00:00.0210000" startTime="2015-09-28T09:45:46.9641355-07:00" endTime="2015-09-28T09:45:46.9641355-07:00" testType="13cdc9d9-ddb5-4fa4-a97d-d965ccfc6d4b" outcome="Passed" testListId="8c84fa94-04c1-424b-9868-57a2d4851a1d" relativeResultsDirectory="df9747f5-4dfa-4e54-8633-b79e08664ac0" />
    <UnitTestResult executionId="32e5d2e5-ede3-40d5-9d76-5b21796657db" testId="ac8a8427-c076-453c-b14f-a4c2820f9f16" testName="TFSTests.Agile.ReorderManager single ReorderOperationNotBlockedPreProcessingUnspecified" computerName="TFSBUILD11" duration="00:00:00.0190000" startTime="2015-09-28T09:45:46.9641355-07:00" endTime="2015-09-28T09:45:46.9641355-07:00" testType="13cdc9d9-ddb5-4fa4-a97d-d965ccfc6d4b" outcome="Passed" testListId="8c84fa94-04c1-424b-9868-57a2d4851a1d" relativeResultsDirectory="32e5d2e5-ede3-40d5-9d76-5b21796657db" />
    <UnitTestResult executionId="f0866fb2-5b5b-4579-8d6d-c69aab1a30e5" testId="9caa61cb-abbc-4e5d-ac7c-276ef471f551" testName="TFSTests.Agile.ReorderManager single ResumeReorderShouldFlushPendingChanges" computerName="TFSBUILD11" duration="00:00:00.0210000" startTime="2015-09-28T09:45:47.1485985-07:00" endTime="2015-09-28T09:45:47.1485985-07:00" testType="13cdc9d9-ddb5-4fa4-a97d-d965ccfc6d4b" outcome="Passed" testListId="8c84fa94-04c1-424b-9868-57a2d4851a1d" relativeResultsDirectory="f0866fb2-5b5b-4579-8d6d-c69aab1a30e5" />
    <UnitTestResult executionId="6445f986-2da3-403d-a967-3a356e039634" testId="93a21cc6-6c81-4d37-a9c9-464c8518beae" testName="TFSTests.Agile.ReorderManager single DequeueReorderWillRemoveOperationsThatWereBlockedPreviously" computerName="TFSBUILD11" duration="00:00:00.0200000" startTime="2015-09-28T09:45:47.1485985-07:00" endTime="2015-09-28T09:45:47.1485985-07:00" testType="13cdc9d9-ddb5-4fa4-a97d-d965ccfc6d4b" outcome="Passed" testListId="8c84fa94-04c1-424b-9868-57a2d4851a1d" relativeResultsDirectory="6445f986-2da3-403d-a967-3a356e039634" />
    <UnitTestResult executionId="cddefdf6-e1c2-4816-89d6-ebb89b3dc2d9" testId="cb72035f-db47-4ab4-9e0e-f3d642f02658" testName="TFSTests.Agile.ReorderManager single ChangeReorderIdWillUpdatePendingOperations" computerName="TFSBUILD11" duration="00:00:00.0230000" startTime="2015-09-28T09:45:47.1485985-07:00" endTime="2015-09-28T09:45:47.1485985-07:00" testType="13cdc9d9-ddb5-4fa4-a97d-d965ccfc6d4b" outcome="Passed" testListId="8c84fa94-04c1-424b-9868-57a2d4851a1d" relativeResultsDirectory="cddefdf6-e1c2-4816-89d6-ebb89b3dc2d9" />
    <UnitTestResult executionId="ee7115e5-5603-4698-80f8-6b527dec2d92" testId="8feeb733-dd68-4193-a355-e7515c6e8ba7" testName="TFSTests.Agile.ReorderManager single WillUnblockOnlyValidReorderOperations" computerName="TFSBUILD11" duration="00:00:00.0200000" startTime="2015-09-28T09:45:47.1495992-07:00" endTime="2015-09-28T09:45:47.1495992-07:00" testType="13cdc9d9-ddb5-4fa4-a97d-d965ccfc6d4b" outcome="Passed" testListId="8c84fa94-04c1-424b-9868-57a2d4851a1d" relativeResultsDirectory="ee7115e5-5603-4698-80f8-6b527dec2d92" />
    <UnitTestResult executionId="fd49c45a-4a52-4e40-a211-0286776f9e59" testId="9cc6d860-9a88-4cbb-b842-b8a79d8e6e4f" testName="TFSTests.Agile.ReorderManager single ReorderManager" computerName="TFSBUILD11" duration="00:00:00.0200000" startTime="2015-09-28T09:45:47.1495992-07:00" endTime="2015-09-28T09:45:47.1495992-07:00" testType="13cdc9d9-ddb5-4fa4-a97d-d965ccfc6d4b" outcome="Passed" testListId="8c84fa94-04c1-424b-9868-57a2d4851a1d" relativeResultsDirectory="fd49c45a-4a52-4e40-a211-0286776f9e59" />
    <UnitTestResult executionId="b022a4b7-8f99-410d-a492-541f23a6ea8f" testId="1d5eea11-b864-4030-a872-e28ea95b5848" testName="TFSTests.Agile.ReorderManager single ReorderManagerNewIds" computerName="TFSBUILD11" duration="00:00:00.0220000" startTime="2015-09-28T09:45:47.1495992-07:00" endTime="2015-09-28T09:45:47.1495992-07:00" testType="13cdc9d9-ddb5-4fa4-a97d-d965ccfc6d4b" outcome="Passed" testListId="8c84fa94-04c1-424b-9868-57a2d4851a1d" relativeResultsDirectory="b022a4b7-8f99-410d-a492-541f23a6ea8f" />
    <UnitTestResult executionId="6fcb5893-156e-4d9b-9d16-043df26878cd" testId="fe75d2bb-e84d-4c6d-b9fe-fcec49a7be41" testName="TFSTests.Agile.ReorderManager single ReorderManagerClearsCacheForUpdatedWorkItems" computerName="TFSBUILD11" duration="00:00:00.0180000" startTime="2015-09-28T09:45:47.1495992-07:00" endTime="2015-09-28T09:45:47.1495992-07:00" testType="13cdc9d9-ddb5-4fa4-a97d-d965ccfc6d4b" outcome="Passed" testListId="8c84fa94-04c1-424b-9868-57a2d4851a1d" relativeResultsDirectory="6fcb5893-156e-4d9b-9d16-043df26878cd" />
    <UnitTestResult executionId="49a0a89a-ae4e-47e6-9e33-f63095e21d63" testId="d1de0123-7d4c-472d-b340-06ea0d9c5531" testName="TFSTests.Agile.ReorderManager multipleItems CanOperationBeUnblockedWillReturnAsExpected" computerName="TFSBUILD11" duration="00:00:00.0200000" startTime="2015-09-28T09:45:47.1495992-07:00" endTime="2015-09-28T09:45:47.1495992-07:00" testType="13cdc9d9-ddb5-4fa4-a97d-d965ccfc6d4b" outcome="Passed" testListId="8c84fa94-04c1-424b-9868-57a2d4851a1d" relativeResultsDirectory="49a0a89a-ae4e-47e6-9e33-f63095e21d63" />
    <UnitTestResult executionId="7e980d2d-f741-42dc-9b00-e9f35d2fc814" testId="b672bb35-b75e-4f52-a292-c63ddf1843a5" testName="TFSTests.Agile.ReorderManager multipleItems ReorderOperationBlockedUntillPreProcessingIsComplete" computerName="TFSBUILD11" duration="00:00:00.0210000" startTime="2015-09-28T09:45:47.1495992-07:00" endTime="2015-09-28T09:45:47.1495992-07:00" testType="13cdc9d9-ddb5-4fa4-a97d-d965ccfc6d4b" outcome="Passed" testListId="8c84fa94-04c1-424b-9868-57a2d4851a1d" relativeResultsDirectory="7e980d2d-f741-42dc-9b00-e9f35d2fc814" />
    <UnitTestResult executionId="37bd4cbf-5d20-4f13-bb15-3164eaf909c5" testId="17beda1e-7050-4894-bf44-38aa1a32bcc6" testName="TFSTests.Agile.ReorderManager multipleItems ReorderOperationNotBlockedPreProcessingUnspecified" computerName="TFSBUILD11" duration="00:00:00.0190000" startTime="2015-09-28T09:45:47.3315092-07:00" endTime="2015-09-28T09:45:47.3315092-07:00" testType="13cdc9d9-ddb5-4fa4-a97d-d965ccfc6d4b" outcome="Passed" testListId="8c84fa94-04c1-424b-9868-57a2d4851a1d" relativeResultsDirectory="37bd4cbf-5d20-4f13-bb15-3164eaf909c5" />
    <UnitTestResult executionId="c55b001a-5bf0-406b-945d-d2f364deedc8" testId="e1fc19ff-479a-4d50-9553-1178c0198083" testName="TFSTests.Agile.ReorderManager multipleItems ResumeReorderShouldFlushPendingChanges" computerName="TFSBUILD11" duration="00:00:00.0180000" startTime="2015-09-28T09:45:47.3325096-07:00" endTime="2015-09-28T09:45:47.3325096-07:00" testType="13cdc9d9-ddb5-4fa4-a97d-d965ccfc6d4b" outcome="Passed" testListId="8c84fa94-04c1-424b-9868-57a2d4851a1d" relativeResultsDirectory="c55b001a-5bf0-406b-945d-d2f364deedc8" />
    <UnitTestResult executionId="776dce00-9040-497c-81d3-09228bc06a56" testId="dec97c3c-27bb-47b2-9553-5fa0f52ef35b" testName="TFSTests.Agile.ReorderManager multipleItems DequeueReorderWillRemoveOperationsThatWereBlockedPreviously" computerName="TFSBUILD11" duration="00:00:00.0180000" startTime="2015-09-28T09:45:47.3325096-07:00" endTime="2015-09-28T09:45:47.3325096-07:00" testType="13cdc9d9-ddb5-4fa4-a97d-d965ccfc6d4b" outcome="Passed" testListId="8c84fa94-04c1-424b-9868-57a2d4851a1d" relativeResultsDirectory="776dce00-9040-497c-81d3-09228bc06a56" />
    <UnitTestResult executionId="519cc4ea-9008-4749-960d-c2be412ba017" testId="9704ada7-b801-4792-8638-8252da9e6d98" testName="TFSTests.Agile.ReorderManager multipleItems ChangeReorderIdWillUpdatePendingOperations" computerName="TFSBUILD11" duration="00:00:00.0210000" startTime="2015-09-28T09:45:47.3325096-07:00" endTime="2015-09-28T09:45:47.3325096-07:00" testType="13cdc9d9-ddb5-4fa4-a97d-d965ccfc6d4b" outcome="Passed" testListId="8c84fa94-04c1-424b-9868-57a2d4851a1d" relativeResultsDirectory="519cc4ea-9008-4749-960d-c2be412ba017" />
    <UnitTestResult executionId="731f7db5-8d99-4212-86c1-b6dd46499444" testId="4d4a92c1-694c-4e2c-8860-7ff39023e89f" testName="TFSTests.Agile.ReorderManager multipleItems WillUnblockOnlyValidReorderOperations" computerName="TFSBUILD11" duration="00:00:00.0190000" startTime="2015-09-28T09:45:47.3325096-07:00" endTime="2015-09-28T09:45:47.3325096-07:00" testType="13cdc9d9-ddb5-4fa4-a97d-d965ccfc6d4b" outcome="Passed" testListId="8c84fa94-04c1-424b-9868-57a2d4851a1d" relativeResultsDirectory="731f7db5-8d99-4212-86c1-b6dd46499444" />
    <UnitTestResult executionId="938666e5-dfb3-48b0-a724-946e4e2ec955" testId="c7565e30-2a8b-45db-9c74-51f7503e0dbb" testName="TFSTests.Agile.ReorderManager multipleItems ReorderManager" computerName="TFSBUILD11" duration="00:00:00.0220000" startTime="2015-09-28T09:45:47.3325096-07:00" endTime="2015-09-28T09:45:47.3325096-07:00" testType="13cdc9d9-ddb5-4fa4-a97d-d965ccfc6d4b" outcome="Passed" testListId="8c84fa94-04c1-424b-9868-57a2d4851a1d" relativeResultsDirectory="938666e5-dfb3-48b0-a724-946e4e2ec955" />
    <UnitTestResult executionId="abf3b8d8-75db-4a33-bfff-c18ced82f799" testId="0d4e9057-8bba-4452-99e2-67e3c3d8f550" testName="TFSTests.Agile.ReorderManager multipleItems ReorderManagerNewIds" computerName="TFSBUILD11" duration="00:00:00.0240000" startTime="2015-09-28T09:45:47.3325096-07:00" endTime="2015-09-28T09:45:47.3325096-07:00" testType="13cdc9d9-ddb5-4fa4-a97d-d965ccfc6d4b" outcome="Passed" testListId="8c84fa94-04c1-424b-9868-57a2d4851a1d" relativeResultsDirectory="abf3b8d8-75db-4a33-bfff-c18ced82f799" />
    <UnitTestResult executionId="642226b9-09f9-4b96-8909-2db8e9644d90" testId="fb082a0d-3060-4aa1-a5fe-b65eaf686082" testName="TFSTests.Agile.ReorderManager multipleItems ReorderManagerClearsCacheForUpdatedWorkItems" computerName="TFSBUILD11" duration="00:00:00.0200000" startTime="2015-09-28T09:45:47.3325096-07:00" endTime="2015-09-28T09:45:47.3325096-07:00" testType="13cdc9d9-ddb5-4fa4-a97d-d965ccfc6d4b" outcome="Passed" testListId="8c84fa94-04c1-424b-9868-57a2d4851a1d" relativeResultsDirectory="642226b9-09f9-4b96-8909-2db8e9644d90" />
    <UnitTestResult executionId="69440cc3-0688-4cec-a921-a1cb9db9c122" testId="290ea67e-bc2b-41ca-8c35-3143ba0bdd72" testName="TFSTests.Agile.Utils.MoveToIterationTests CannotMoveUnownedToIterationOrBacklog" computerName="TFSBUILD11" duration="00:00:00.0190000" startTime="2015-09-28T09:45:47.3325096-07:00" endTime="2015-09-28T09:45:47.3325096-07:00" testType="13cdc9d9-ddb5-4fa4-a97d-d965ccfc6d4b" outcome="Passed" testListId="8c84fa94-04c1-424b-9868-57a2d4851a1d" relativeResultsDirectory="69440cc3-0688-4cec-a921-a1cb9db9c122" />
    <UnitTestResult executionId="9976e0c2-dffa-4477-bfe8-8e2a27cabd74" testId="362758e8-530d-4a15-814b-e57ea915f4c2" testName="TFSTests.Agile.Utils.MoveToIterationTests CannotMoveItemToNonMatchingBacklog" computerName="TFSBUILD11" duration="00:00:00.0180000" startTime="2015-09-28T09:45:47.6184602-07:00" endTime="2015-09-28T09:45:47.6184602-07:00" testType="13cdc9d9-ddb5-4fa4-a97d-d965ccfc6d4b" outcome="Passed" testListId="8c84fa94-04c1-424b-9868-57a2d4851a1d" relativeResultsDirectory="9976e0c2-dffa-4477-bfe8-8e2a27cabd74" />
    <UnitTestResult executionId="b873bb2b-a012-4397-9ec4-c8ea707aa97d" testId="7a6fdccd-ff5c-4ca7-87d8-bb254c5d2a5c" testName="TFSTests.Agile.Utils.MoveToIterationTests CanMoveTaskToRequirementBacklog" computerName="TFSBUILD11" duration="00:00:00.0180000" startTime="2015-09-28T09:45:47.6184602-07:00" endTime="2015-09-28T09:45:47.6184602-07:00" testType="13cdc9d9-ddb5-4fa4-a97d-d965ccfc6d4b" outcome="Passed" testListId="8c84fa94-04c1-424b-9868-57a2d4851a1d" relativeResultsDirectory="b873bb2b-a012-4397-9ec4-c8ea707aa97d" />
    <UnitTestResult executionId="d1feb1b0-e449-41b2-9f3d-8bb78c46ac69" testId="238aba8c-e87e-467d-b03a-69f5e0054291" testName="TFSTests.Agile.Utils.MoveToIterationTests CanMoveTaskAndRequirementsToRequirementBacklog" computerName="TFSBUILD11" duration="00:00:00.0190000" startTime="2015-09-28T09:45:47.6184602-07:00" endTime="2015-09-28T09:45:47.6184602-07:00" testType="13cdc9d9-ddb5-4fa4-a97d-d965ccfc6d4b" outcome="Passed" testListId="8c84fa94-04c1-424b-9868-57a2d4851a1d" relativeResultsDirectory="d1feb1b0-e449-41b2-9f3d-8bb78c46ac69" />
    <UnitTestResult executionId="920cebe0-39b8-4dc0-bce4-b9bf2f40481b" testId="cb3164f3-2783-47ca-9091-1b965d59434c" testName="TFSTests.Agile.Utils.MoveToIterationTests CannotMoveItemToNonExistingBacklog" computerName="TFSBUILD11" duration="00:00:00.0180000" startTime="2015-09-28T09:45:47.6184602-07:00" endTime="2015-09-28T09:45:47.6184602-07:00" testType="13cdc9d9-ddb5-4fa4-a97d-d965ccfc6d4b" outcome="Passed" testListId="8c84fa94-04c1-424b-9868-57a2d4851a1d" relativeResultsDirectory="920cebe0-39b8-4dc0-bce4-b9bf2f40481b" />
    <UnitTestResult executionId="eda23470-2cba-4770-9db5-2390ea65e2b7" testId="9070fad6-30a2-4de7-a67f-ba2207030138" testName="TFSTests.Agile.Utils.MoveToIterationTests CannotMoveItemToNonExistingBacklog" computerName="TFSBUILD11" duration="00:00:00.0180000" startTime="2015-09-28T09:45:47.6184602-07:00" endTime="2015-09-28T09:45:47.6184602-07:00" testType="13cdc9d9-ddb5-4fa4-a97d-d965ccfc6d4b" outcome="Passed" testListId="8c84fa94-04c1-424b-9868-57a2d4851a1d" relativeResultsDirectory="eda23470-2cba-4770-9db5-2390ea65e2b7" />
    <UnitTestResult executionId="483624ba-3766-4b68-bf8a-7b96aa3f4f05" testId="c472c4fc-7c6c-4f40-bbf6-c8ed8b20a973" testName="TFSTests.Agile.Utils.MoveToIterationTests CannotMoveUnpagedItem" computerName="TFSBUILD11" duration="00:00:00.0190000" startTime="2015-09-28T09:45:47.6184602-07:00" endTime="2015-09-28T09:45:47.6184602-07:00" testType="13cdc9d9-ddb5-4fa4-a97d-d965ccfc6d4b" outcome="Passed" testListId="8c84fa94-04c1-424b-9868-57a2d4851a1d" relativeResultsDirectory="483624ba-3766-4b68-bf8a-7b96aa3f4f05" />
    <UnitTestResult executionId="7c928949-d2f8-4e2d-8051-ebbe68021acf" testId="7378d100-1f98-47a0-961c-8b11db9819ab" testName="TFSTests.Agile.Utils.MoveToIterationTests MoveToIterationSucceeds" computerName="TFSBUILD11" duration="00:00:00.0540000" startTime="2015-09-28T09:45:47.6184602-07:00" endTime="2015-09-28T09:45:47.6184602-07:00" testType="13cdc9d9-ddb5-4fa4-a97d-d965ccfc6d4b" outcome="Passed" testListId="8c84fa94-04c1-424b-9868-57a2d4851a1d" relativeResultsDirectory="7c928949-d2f8-4e2d-8051-ebbe68021acf" />
    <UnitTestResult executionId="33c6da29-e0fb-4495-a73b-196ff0bafa71" testId="d487048b-5533-4a26-8719-4d2b81414670" testName="TFSTests.Agile.Utils.MoveToIterationTests MoveToIterationSucceedsForMultipleItems" computerName="TFSBUILD11" duration="00:00:00.0810000" startTime="2015-09-28T09:45:47.6184602-07:00" endTime="2015-09-28T09:45:47.6184602-07:00" testType="13cdc9d9-ddb5-4fa4-a97d-d965ccfc6d4b" outcome="Passed" testListId="8c84fa94-04c1-424b-9868-57a2d4851a1d" relativeResultsDirectory="33c6da29-e0fb-4495-a73b-196ff0bafa71" />
    <UnitTestResult executionId="8d835ca7-7b22-4bf2-b559-6def15b7fd8e" testId="7a8c8299-caa0-4b5d-b107-0490356ac558" testName="TFSTests.Agile.Utils.MoveToIterationTests MoveToIterationWithSameIterationPathDoesntUpdate" computerName="TFSBUILD11" duration="00:00:00.0340000" startTime="2015-09-28T09:45:47.6184602-07:00" endTime="2015-09-28T09:45:47.6184602-07:00" testType="13cdc9d9-ddb5-4fa4-a97d-d965ccfc6d4b" outcome="Passed" testListId="8c84fa94-04c1-424b-9868-57a2d4851a1d" relativeResultsDirectory="8d835ca7-7b22-4bf2-b559-6def15b7fd8e" />
    <UnitTestResult executionId="895bd872-731b-448a-941c-70d41d29d364" testId="1a1b1571-d189-40e3-a030-62419ce06578" testName="TFSTests.Agile.Utils.MoveToIterationTests MoveToIteration_ChildrenTasksMoveWithParent" computerName="TFSBUILD11" duration="00:00:00.0260000" startTime="2015-09-28T09:45:47.7687395-07:00" endTime="2015-09-28T09:45:47.7687395-07:00" testType="13cdc9d9-ddb5-4fa4-a97d-d965ccfc6d4b" outcome="Passed" testListId="8c84fa94-04c1-424b-9868-57a2d4851a1d" relativeResultsDirectory="895bd872-731b-448a-941c-70d41d29d364" />
    <UnitTestResult executionId="56c6a4a7-1c4a-4add-a5bb-5b406d65a16b" testId="b972eb88-ec7b-4fdd-af76-6a9927325d4f" testName="TFSTests.Agile.Utils PendingOperationHelper" computerName="TFSBUILD11" duration="00:00:00.0160000" startTime="2015-09-28T09:45:47.7687395-07:00" endTime="2015-09-28T09:45:47.7687395-07:00" testType="13cdc9d9-ddb5-4fa4-a97d-d965ccfc6d4b" outcome="Passed" testListId="8c84fa94-04c1-424b-9868-57a2d4851a1d" relativeResultsDirectory="56c6a4a7-1c4a-4add-a5bb-5b406d65a16b" />
    <UnitTestResult executionId="b634066e-e9f6-4983-9e30-b1cca4cbf00f" testId="74b538cd-5583-4497-b84c-b44e4c63a8c7" testName="TFSTests.Agile.Utils PendingOperationHelperRefCount" computerName="TFSBUILD11" duration="00:00:00.0150000" startTime="2015-09-28T09:45:47.7687395-07:00" endTime="2015-09-28T09:45:47.7687395-07:00" testType="13cdc9d9-ddb5-4fa4-a97d-d965ccfc6d4b" outcome="Passed" testListId="8c84fa94-04c1-424b-9868-57a2d4851a1d" relativeResultsDirectory="b634066e-e9f6-4983-9e30-b1cca4cbf00f" />
    <UnitTestResult executionId="9e551ff9-aeae-44e3-8229-ea0641315306" testId="05cc8690-32bb-4d02-bf5f-5da4cef6d4e9" testName="TFSTests.Agile.Utils PendingOperationHelperClear" computerName="TFSBUILD11" duration="00:00:00.0150000" startTime="2015-09-28T09:45:47.7687395-07:00" endTime="2015-09-28T09:45:47.7687395-07:00" testType="13cdc9d9-ddb5-4fa4-a97d-d965ccfc6d4b" outcome="Passed" testListId="8c84fa94-04c1-424b-9868-57a2d4851a1d" relativeResultsDirectory="9e551ff9-aeae-44e3-8229-ea0641315306" />
    <UnitTestResult executionId="4b047d35-00bd-431c-9a86-f06b285b81c1" testId="cb85b56f-a3c0-4e13-b674-90d590dbf182" testName="TFSTests.Agile.Utils AssertParamIsObject" computerName="TFSBUILD11" duration="00:00:00.0160000" startTime="2015-09-28T09:45:47.7687395-07:00" endTime="2015-09-28T09:45:47.7687395-07:00" testType="13cdc9d9-ddb5-4fa4-a97d-d965ccfc6d4b" outcome="Passed" testListId="8c84fa94-04c1-424b-9868-57a2d4851a1d" relativeResultsDirectory="4b047d35-00bd-431c-9a86-f06b285b81c1" />
    <UnitTestResult executionId="0c131390-ce3f-46f6-969f-872ac912e41a" testId="90de5066-40e0-449a-8b84-4cbd2f9cd8ea" testName="TFSTests.Agile.Utils DaysBetweenDatesReturnsExpected_Results" computerName="TFSBUILD11" duration="00:00:00.0160000" startTime="2015-09-28T09:45:47.7687395-07:00" endTime="2015-09-28T09:45:47.7687395-07:00" testType="13cdc9d9-ddb5-4fa4-a97d-d965ccfc6d4b" outcome="Passed" testListId="8c84fa94-04c1-424b-9868-57a2d4851a1d" relativeResultsDirectory="0c131390-ce3f-46f6-969f-872ac912e41a" />
    <UnitTestResult executionId="538c13aa-629f-427f-8ca6-08ede75a6574" testId="1313d1ad-b725-492a-b6e9-d539d49b419a" testName="TFSTests.Agile.Utils DaysBetweenDates_DoesntModifyInputs" computerName="TFSBUILD11" duration="00:00:00.0150000" startTime="2015-09-28T09:45:47.7687395-07:00" endTime="2015-09-28T09:45:47.7687395-07:00" testType="13cdc9d9-ddb5-4fa4-a97d-d965ccfc6d4b" outcome="Passed" testListId="8c84fa94-04c1-424b-9868-57a2d4851a1d" relativeResultsDirectory="538c13aa-629f-427f-8ca6-08ede75a6574" />
    <UnitTestResult executionId="c50c8ab9-9ce7-496e-bbf3-344ca3c82474" testId="c3d01faa-b7ba-4b0c-8486-423d8e8513d1" testName="TFSTests.Agile.Utils DaysBetweenDates_WithInvalidInputs_Fails" computerName="TFSBUILD11" duration="00:00:00.0150000" startTime="2015-09-28T09:45:47.7687395-07:00" endTime="2015-09-28T09:45:47.7687395-07:00" testType="13cdc9d9-ddb5-4fa4-a97d-d965ccfc6d4b" outcome="Passed" testListId="8c84fa94-04c1-424b-9868-57a2d4851a1d" relativeResultsDirectory="c50c8ab9-9ce7-496e-bbf3-344ca3c82474" />
    <UnitTestResult executionId="5c09e2c1-86fd-4e2a-97d4-866e47dfa7da" testId="7cbee17a-2861-43e7-907c-518e1e4bd093" testName="TFSTests.Agile.Utils ParseJsonIsland_parsesCorrectContent" computerName="TFSBUILD11" duration="00:00:00.0190000" startTime="2015-09-28T09:45:47.7687395-07:00" endTime="2015-09-28T09:45:47.7687395-07:00" testType="13cdc9d9-ddb5-4fa4-a97d-d965ccfc6d4b" outcome="Passed" testListId="8c84fa94-04c1-424b-9868-57a2d4851a1d" relativeResultsDirectory="5c09e2c1-86fd-4e2a-97d4-866e47dfa7da" />
    <UnitTestResult executionId="7737af01-732d-40c8-8203-5d0a18d29658" testId="b7c47cdd-4ab8-4e1e-9098-12e45025c1e0" testName="TFSTests.Agile.Utils ParseJsonIsland_returnsNull_whenNoContentFound" computerName="TFSBUILD11" duration="00:00:00.0170000" startTime="2015-09-28T09:45:47.9215490-07:00" endTime="2015-09-28T09:45:47.9215490-07:00" testType="13cdc9d9-ddb5-4fa4-a97d-d965ccfc6d4b" outcome="Passed" testListId="8c84fa94-04c1-424b-9868-57a2d4851a1d" relativeResultsDirectory="7737af01-732d-40c8-8203-5d0a18d29658" />
    <UnitTestResult executionId="15c1d526-742b-4877-b4c5-a733c9228692" testId="2374b204-c6e2-4e7f-b8e6-e47aab2e89d0" testName="TFSTests.Agile.Utils ParseJsonIsland_removesIslandOnlyWhenInstructed" computerName="TFSBUILD11" duration="00:00:00.0200000" startTime="2015-09-28T09:45:47.9215490-07:00" endTime="2015-09-28T09:45:47.9215490-07:00" testType="13cdc9d9-ddb5-4fa4-a97d-d965ccfc6d4b" outcome="Passed" testListId="8c84fa94-04c1-424b-9868-57a2d4851a1d" relativeResultsDirectory="15c1d526-742b-4877-b4c5-a733c9228692" />
    <UnitTestResult executionId="9da060ab-6b01-4211-b81f-bc305251c04a" testId="9d4f14a1-ef94-4831-82b5-74d14ab728e8" testName="TFSTests.Agile.Utils LinkHelper_GenerateBacklogLink" computerName="TFSBUILD11" duration="00:00:00.0180000" startTime="2015-09-28T09:45:47.9215490-07:00" endTime="2015-09-28T09:45:47.9215490-07:00" testType="13cdc9d9-ddb5-4fa4-a97d-d965ccfc6d4b" outcome="Passed" testListId="8c84fa94-04c1-424b-9868-57a2d4851a1d" relativeResultsDirectory="9da060ab-6b01-4211-b81f-bc305251c04a" />
    <UnitTestResult executionId="9106913f-a0d6-4716-8a6c-b6931abb2204" testId="3450cc3a-7c32-4ada-adbe-dc629eacc8b7" testName="TFSTests.Agile.Utils LinkHelper_GenerateIterationLink" computerName="TFSBUILD11" duration="00:00:00.0140000" startTime="2015-09-28T09:45:47.9215490-07:00" endTime="2015-09-28T09:45:47.9215490-07:00" testType="13cdc9d9-ddb5-4fa4-a97d-d965ccfc6d4b" outcome="Passed" testListId="8c84fa94-04c1-424b-9868-57a2d4851a1d" relativeResultsDirectory="9106913f-a0d6-4716-8a6c-b6931abb2204" />
    <UnitTestResult executionId="2c158925-7ea4-4a37-87c2-ebddbf44a89d" testId="10d41e12-5bb3-423f-b33c-42bab2247d11" testName="TFSTests.Agile.Utils TeamSettingsUtils_GetTeamIterations_EmptyLists" computerName="TFSBUILD11" duration="00:00:00.0150000" startTime="2015-09-28T09:45:47.9215490-07:00" endTime="2015-09-28T09:45:47.9215490-07:00" testType="13cdc9d9-ddb5-4fa4-a97d-d965ccfc6d4b" outcome="Passed" testListId="8c84fa94-04c1-424b-9868-57a2d4851a1d" relativeResultsDirectory="2c158925-7ea4-4a37-87c2-ebddbf44a89d" />
    <UnitTestResult executionId="7ce13adf-b7e9-4f7c-8eb4-8ee2ecbc482b" testId="f5200e38-8fce-4046-8e1a-5834025f515e" testName="TFSTests.Agile.Utils TeamSettingsUtils_GetTeamIterations_NoIterations" computerName="TFSBUILD11" duration="00:00:00.0140000" startTime="2015-09-28T09:45:47.9215490-07:00" endTime="2015-09-28T09:45:47.9215490-07:00" testType="13cdc9d9-ddb5-4fa4-a97d-d965ccfc6d4b" outcome="Passed" testListId="8c84fa94-04c1-424b-9868-57a2d4851a1d" relativeResultsDirectory="7ce13adf-b7e9-4f7c-8eb4-8ee2ecbc482b" />
    <UnitTestResult executionId="c2aacf26-d297-400f-93d8-b27b9a221a1c" testId="a0c94050-4059-43a9-8bf2-dde427873055" testName="TFSTests.UI.Controls.Data.FieldDataProvider ProviderTreeLogic" computerName="TFSBUILD11" duration="00:00:00.0160000" startTime="2015-09-28T09:45:47.9225477-07:00" endTime="2015-09-28T09:45:47.9225477-07:00" testType="13cdc9d9-ddb5-4fa4-a97d-d965ccfc6d4b" outcome="Passed" testListId="8c84fa94-04c1-424b-9868-57a2d4851a1d" relativeResultsDirectory="c2aacf26-d297-400f-93d8-b27b9a221a1c" />
    <UnitTestResult executionId="fe5cfcd8-bdc4-4234-a510-0c311b4f2cc0" testId="0a583f7d-7261-4d44-8512-ecc69e6c6723" testName="TFSTests.UI.Controls.Data.FieldDataProvider ProviderListLogic" computerName="TFSBUILD11" duration="00:00:00.0160000" startTime="2015-09-28T09:45:47.9225477-07:00" endTime="2015-09-28T09:45:47.9225477-07:00" testType="13cdc9d9-ddb5-4fa4-a97d-d965ccfc6d4b" outcome="Passed" testListId="8c84fa94-04c1-424b-9868-57a2d4851a1d" relativeResultsDirectory="fe5cfcd8-bdc4-4234-a510-0c311b4f2cc0" />
    <UnitTestResult executionId="09431173-0fcf-4983-8c6e-6c98e7f79552" testId="724bfd2f-0b4c-4b1d-b552-0d0c68a9c32b" testName="TFSTests.UI.Controls.Data.FieldDataProvider ProviderEmptyListLogic" computerName="TFSBUILD11" duration="00:00:00.0160000" startTime="2015-09-28T09:45:47.9225477-07:00" endTime="2015-09-28T09:45:47.9225477-07:00" testType="13cdc9d9-ddb5-4fa4-a97d-d965ccfc6d4b" outcome="Passed" testListId="8c84fa94-04c1-424b-9868-57a2d4851a1d" relativeResultsDirectory="09431173-0fcf-4983-8c6e-6c98e7f79552" />
    <UnitTestResult executionId="d3e68b59-aeac-4540-a4ab-5c300821f240" testId="a934c8d2-0b0c-4ae8-8cf5-64dfebe921ed" testName="TFSTests.UI.Controls.Data.FieldDataProvider FieldControlEvents" computerName="TFSBUILD11" duration="00:00:00.0460000" startTime="2015-09-28T09:45:48.1050846-07:00" endTime="2015-09-28T09:45:48.1050846-07:00" testType="13cdc9d9-ddb5-4fa4-a97d-d965ccfc6d4b" outcome="Passed" testListId="8c84fa94-04c1-424b-9868-57a2d4851a1d" relativeResultsDirectory="d3e68b59-aeac-4540-a4ab-5c300821f240" />
    <UnitTestResult executionId="9d33010b-2aa3-4849-8303-a9ffe6e755dd" testId="6067c6ed-0431-46e6-90d3-e1cf7bd72697" testName="TFSTests.UI.Controls.Data.FieldDataProvider FieldControlMethods" computerName="TFSBUILD11" duration="00:00:00.0200000" startTime="2015-09-28T09:45:48.1050846-07:00" endTime="2015-09-28T09:45:48.1050846-07:00" testType="13cdc9d9-ddb5-4fa4-a97d-d965ccfc6d4b" outcome="Passed" testListId="8c84fa94-04c1-424b-9868-57a2d4851a1d" relativeResultsDirectory="9d33010b-2aa3-4849-8303-a9ffe6e755dd" />
    <UnitTestResult executionId="75c5eede-c8bd-40f3-8d36-16950af33f3d" testId="7a504e67-ca46-4eba-b534-aabb08a44554" testName="TFSTests.UI.Controls.Data.FieldDataProvider VerifyIsTree" computerName="TFSBUILD11" duration="00:00:00.0150000" startTime="2015-09-28T09:45:48.1050846-07:00" endTime="2015-09-28T09:45:48.1050846-07:00" testType="13cdc9d9-ddb5-4fa4-a97d-d965ccfc6d4b" outcome="Passed" testListId="8c84fa94-04c1-424b-9868-57a2d4851a1d" relativeResultsDirectory="75c5eede-c8bd-40f3-8d36-16950af33f3d" />
    <UnitTestResult executionId="873b713c-1e9b-4698-902d-f9eb972a97bb" testId="57c65168-bbfd-40e4-a04c-6182ea32c9d2" testName="TFSTests.UI.Controls.Data.FieldDataProvider VerifyGetNodeByPath" computerName="TFSBUILD11" duration="00:00:00.0150000" startTime="2015-09-28T09:45:48.1050846-07:00" endTime="2015-09-28T09:45:48.1050846-07:00" testType="13cdc9d9-ddb5-4fa4-a97d-d965ccfc6d4b" outcome="Passed" testListId="8c84fa94-04c1-424b-9868-57a2d4851a1d" relativeResultsDirectory="873b713c-1e9b-4698-902d-f9eb972a97bb" />
    <UnitTestResult executionId="e5e9aca1-888e-48c5-9a1b-56839abec9f4" testId="eca53acb-5294-4490-9607-3b25ceadf6c8" testName="TFSTests.UI.Controls.Data.FieldDataProvider VerifyGetNodeById" computerName="TFSBUILD11" duration="00:00:00.0150000" startTime="2015-09-28T09:45:48.1050846-07:00" endTime="2015-09-28T09:45:48.1050846-07:00" testType="13cdc9d9-ddb5-4fa4-a97d-d965ccfc6d4b" outcome="Passed" testListId="8c84fa94-04c1-424b-9868-57a2d4851a1d" relativeResultsDirectory="e5e9aca1-888e-48c5-9a1b-56839abec9f4" />
    <UnitTestResult executionId="e20f2844-5887-4c1a-8423-4bdc705a781a" testId="a4619fb7-eec4-4d97-bba5-27abbd76d4ec" testName="TFSTests.UI.Controls.Data.FieldDataProvider VerifyUpdateDates" computerName="TFSBUILD11" duration="00:00:00.0160000" startTime="2015-09-28T09:45:48.1050846-07:00" endTime="2015-09-28T09:45:48.1050846-07:00" testType="13cdc9d9-ddb5-4fa4-a97d-d965ccfc6d4b" outcome="Passed" testListId="8c84fa94-04c1-424b-9868-57a2d4851a1d" relativeResultsDirectory="e20f2844-5887-4c1a-8423-4bdc705a781a" />
    <UnitTestResult executionId="e9151fa6-6ee9-4d83-b221-6b6cca7822c2" testId="28fada76-c967-44a9-a232-176d62c7907f" testName="TFSTests.UI.Controls.Data.FieldDataProvider VerifyUpdateText" computerName="TFSBUILD11" duration="00:00:00.0170000" startTime="2015-09-28T09:45:48.1050846-07:00" endTime="2015-09-28T09:45:48.1050846-07:00" testType="13cdc9d9-ddb5-4fa4-a97d-d965ccfc6d4b" outcome="Passed" testListId="8c84fa94-04c1-424b-9868-57a2d4851a1d" relativeResultsDirectory="e9151fa6-6ee9-4d83-b221-6b6cca7822c2" />
    <UnitTestResult executionId="9c8b2272-ed00-403a-9719-0782bcac4508" testId="f811770d-7537-4d9a-af19-b4cf71be5ab1" testName="TFSTests.UI.Controls.Data.FieldDataProvider VerifyRemoveNode" computerName="TFSBUILD11" duration="00:00:00.0150000" startTime="2015-09-28T09:45:48.1050846-07:00" endTime="2015-09-28T09:45:48.1050846-07:00" testType="13cdc9d9-ddb5-4fa4-a97d-d965ccfc6d4b" outcome="Passed" testListId="8c84fa94-04c1-424b-9868-57a2d4851a1d" relativeResultsDirectory="9c8b2272-ed00-403a-9719-0782bcac4508" />
    <UnitTestResult executionId="d3ddaea7-c780-4edc-929b-d0ea7fa19ca2" testId="6c25cc43-e497-49a8-9ac8-732984e9476b" testName="TFSTests.UI.Controls.Data.FieldDataProvider VerifyAddNode" computerName="TFSBUILD11" duration="00:00:00.0170000" startTime="2015-09-28T09:45:48.1060850-07:00" endTime="2015-09-28T09:45:48.1050846-07:00" testType="13cdc9d9-ddb5-4fa4-a97d-d965ccfc6d4b" outcome="Passed" testListId="8c84fa94-04c1-424b-9868-57a2d4851a1d" relativeResultsDirectory="d3ddaea7-c780-4edc-929b-d0ea7fa19ca2" />
    <UnitTestResult executionId="5789d83a-0d25-4c7b-993d-474753835287" testId="9daf11c9-b7af-4cca-920e-855e643f0fe1" testName="TFSTests.UI.Controls.Data.HierarchicalGridDataAdapter VerifyPopulateItems" computerName="TFSBUILD11" duration="00:00:00.0170000" startTime="2015-09-28T09:45:48.2744451-07:00" endTime="2015-09-28T09:45:48.2744451-07:00" testType="13cdc9d9-ddb5-4fa4-a97d-d965ccfc6d4b" outcome="Passed" testListId="8c84fa94-04c1-424b-9868-57a2d4851a1d" relativeResultsDirectory="5789d83a-0d25-4c7b-993d-474753835287" />
    <UnitTestResult executionId="f09716bb-e807-4fe7-a971-3b25bbdf626e" testId="517a7933-f0fd-4e49-b6c9-3b32bcf07dd5" testName="TFSTests.UI.Controls.Data.HierarchicalGridDataAdapter VerifyRefreshDatasource" computerName="TFSBUILD11" duration="00:00:00.0160000" startTime="2015-09-28T09:45:48.2744451-07:00" endTime="2015-09-28T09:45:48.2744451-07:00" testType="13cdc9d9-ddb5-4fa4-a97d-d965ccfc6d4b" outcome="Passed" testListId="8c84fa94-04c1-424b-9868-57a2d4851a1d" relativeResultsDirectory="f09716bb-e807-4fe7-a971-3b25bbdf626e" />
    <UnitTestResult executionId="f2725c31-eee0-466e-94f5-8ada5e031df2" testId="f2fadc69-ffc8-49d5-aec9-756a6b70f86d" testName="TFSTests.UI.Controls.Data.HierarchicalGridDataAdapter CheckBoxBehavior" computerName="TFSBUILD11" duration="00:00:00.0220000" startTime="2015-09-28T09:45:48.2744451-07:00" endTime="2015-09-28T09:45:48.2744451-07:00" testType="13cdc9d9-ddb5-4fa4-a97d-d965ccfc6d4b" outcome="Passed" testListId="8c84fa94-04c1-424b-9868-57a2d4851a1d" relativeResultsDirectory="f2725c31-eee0-466e-94f5-8ada5e031df2" />
    <UnitTestResult executionId="8b4f2a19-4519-4ef5-98ef-208d38c7b7ea" testId="f3e82bb7-c345-44f7-a645-7c0fc7982635" testName="TFSTests.UI.Controls.Data.HierarchicalGridDataAdapter SetRootBoxBehavior" computerName="TFSBUILD11" duration="00:00:00.0180000" startTime="2015-09-28T09:45:48.2744451-07:00" endTime="2015-09-28T09:45:48.2744451-07:00" testType="13cdc9d9-ddb5-4fa4-a97d-d965ccfc6d4b" outcome="Passed" testListId="8c84fa94-04c1-424b-9868-57a2d4851a1d" relativeResultsDirectory="8b4f2a19-4519-4ef5-98ef-208d38c7b7ea" />
    <UnitTestResult executionId="aa31f264-5751-4414-a710-4e52f3df3e6e" testId="d3691516-5078-4355-a202-91359391379b" testName="TFSTests.UI.Controls.Data.HierarchicalGridDataAdapter DisableChildrenCallback" computerName="TFSBUILD11" duration="00:00:00.0170000" startTime="2015-09-28T09:45:48.2744451-07:00" endTime="2015-09-28T09:45:48.2744451-07:00" testType="13cdc9d9-ddb5-4fa4-a97d-d965ccfc6d4b" outcome="Passed" testListId="8c84fa94-04c1-424b-9868-57a2d4851a1d" relativeResultsDirectory="aa31f264-5751-4414-a710-4e52f3df3e6e" />
    <UnitTestResult executionId="5ba0e225-51ed-4f84-886c-88f332541351" testId="a66acdef-e5e8-4d45-b6ce-a31549104025" testName="TFSTests.UI.Controls.Data.HierarchicalGridDataAdapter HasCheckBoxIterationsGrid" computerName="TFSBUILD11" duration="00:00:00.0210000" startTime="2015-09-28T09:45:48.2744451-07:00" endTime="2015-09-28T09:45:48.2744451-07:00" testType="13cdc9d9-ddb5-4fa4-a97d-d965ccfc6d4b" outcome="Passed" testListId="8c84fa94-04c1-424b-9868-57a2d4851a1d" relativeResultsDirectory="5ba0e225-51ed-4f84-886c-88f332541351" />
    <UnitTestResult executionId="164fd752-7cb6-4b4b-95cb-a17440b8de56" testId="3f11ddd1-763d-4909-a2f3-4552b35065db" testName="TFSTests.UI.Controls.Data.HierarchicalGridDataAdapter isValidChildOfTeamBacklogIteration" computerName="TFSBUILD11" duration="00:00:00.0240000" startTime="2015-09-28T09:45:48.2744451-07:00" endTime="2015-09-28T09:45:48.2744451-07:00" testType="13cdc9d9-ddb5-4fa4-a97d-d965ccfc6d4b" outcome="Passed" testListId="8c84fa94-04c1-424b-9868-57a2d4851a1d" relativeResultsDirectory="164fd752-7cb6-4b4b-95cb-a17440b8de56" />
    <UnitTestResult executionId="6ed26921-0abf-451e-bc4c-0fa78077207b" testId="3b792c91-8525-4e56-a53e-52ef2886cf32" testName="TFSTests.UI.Validation RequiredValidatorReturnsExpectedResult_GivenVariousValues" computerName="TFSBUILD11" duration="00:00:00.0160000" startTime="2015-09-28T09:45:48.2754461-07:00" endTime="2015-09-28T09:45:48.2754461-07:00" testType="13cdc9d9-ddb5-4fa4-a97d-d965ccfc6d4b" outcome="Passed" testListId="8c84fa94-04c1-424b-9868-57a2d4851a1d" relativeResultsDirectory="6ed26921-0abf-451e-bc4c-0fa78077207b" />
    <UnitTestResult executionId="9967e368-a146-4744-b883-e72759f51ba1" testId="e8587715-eb15-4c5f-8745-f4384b272207" testName="TFSTests.UI.Validation RegExValidatorReturnsTrue_GivenEmptyString" computerName="TFSBUILD11" duration="00:00:00.0150000" startTime="2015-09-28T09:45:48.2754461-07:00" endTime="2015-09-28T09:45:48.2754461-07:00" testType="13cdc9d9-ddb5-4fa4-a97d-d965ccfc6d4b" outcome="Passed" testListId="8c84fa94-04c1-424b-9868-57a2d4851a1d" relativeResultsDirectory="9967e368-a146-4744-b883-e72759f51ba1" />
    <UnitTestResult executionId="eed4757b-98e2-4f55-b3f1-862bdab3823d" testId="4032b40e-5f2c-4008-9620-bbf4dfa88de9" testName="TFSTests.UI.Validation RegExValidatorReturnsExpectedResult_GivenVariousValues" computerName="TFSBUILD11" duration="00:00:00.0170000" startTime="2015-09-28T09:45:48.9252546-07:00" endTime="2015-09-28T09:45:48.9252546-07:00" testType="13cdc9d9-ddb5-4fa4-a97d-d965ccfc6d4b" outcome="Passed" testListId="8c84fa94-04c1-424b-9868-57a2d4851a1d" relativeResultsDirectory="eed4757b-98e2-4f55-b3f1-862bdab3823d" />
    <UnitTestResult executionId="85b40e29-8514-4b36-aaad-576e169c8ec2" testId="555101b1-0a63-4940-83ad-68cf2f40ebf9" testName="TFSTests.UI.Validation TypeValidatorReturnsExpectedResultWhenCheckingDateType_GivenVariousValues" computerName="TFSBUILD11" duration="00:00:00.0160000" startTime="2015-09-28T09:45:48.9252546-07:00" endTime="2015-09-28T09:45:48.9252546-07:00" testType="13cdc9d9-ddb5-4fa4-a97d-d965ccfc6d4b" outcome="Passed" testListId="8c84fa94-04c1-424b-9868-57a2d4851a1d" relativeResultsDirectory="85b40e29-8514-4b36-aaad-576e169c8ec2" />
    <UnitTestResult executionId="493471c7-dbb8-42e8-a4bf-33794f016e5f" testId="4b8f66ed-6f57-46d4-9821-eb80883d0438" testName="TFSTests.UI.Validation ValidateInvokesAllRegisteredValidators" computerName="TFSBUILD11" duration="00:00:00.0170000" startTime="2015-09-28T09:45:48.9252546-07:00" endTime="2015-09-28T09:45:48.9252546-07:00" testType="13cdc9d9-ddb5-4fa4-a97d-d965ccfc6d4b" outcome="Passed" testListId="8c84fa94-04c1-424b-9868-57a2d4851a1d" relativeResultsDirectory="493471c7-dbb8-42e8-a4bf-33794f016e5f" />
    <UnitTestResult executionId="95ed3066-61f6-4732-8a24-c8b4154ec6ab" testId="8c5b8fee-3b20-456a-8716-aa1474672cc4" testName="TFSTests.UI.Validation ValidatorIsInvokedOnChangeAndBlur_AndPassedRegistrationOptions" computerName="TFSBUILD11" duration="00:00:00.0160000" startTime="2015-09-28T09:45:48.9252546-07:00" endTime="2015-09-28T09:45:48.9252546-07:00" testType="13cdc9d9-ddb5-4fa4-a97d-d965ccfc6d4b" outcome="Passed" testListId="8c84fa94-04c1-424b-9868-57a2d4851a1d" relativeResultsDirectory="95ed3066-61f6-4732-8a24-c8b4154ec6ab" />
    <UnitTestResult executionId="c31c459c-057c-4358-aa53-4bea7e5abaa9" testId="4453181f-4b5b-40b9-b174-c5e221f85fb4" testName="TFSTests.UI.Validation RegisteringValidatorAllowsOverrideOfOnError" computerName="TFSBUILD11" duration="00:00:00.0150000" startTime="2015-09-28T09:45:48.9252546-07:00" endTime="2015-09-28T09:45:48.9252546-07:00" testType="13cdc9d9-ddb5-4fa4-a97d-d965ccfc6d4b" outcome="Passed" testListId="8c84fa94-04c1-424b-9868-57a2d4851a1d" relativeResultsDirectory="c31c459c-057c-4358-aa53-4bea7e5abaa9" />
    <UnitTestResult executionId="bce2563f-6765-41b1-af65-e7ae4f8bb729" testId="f7da8a50-4ec9-4888-a2e6-ed71a68b679e" testName="TFSTests.UI.Validation RegisteringValidatorAllowsOverrideOfEvents" computerName="TFSBUILD11" duration="00:00:00.0160000" startTime="2015-09-28T09:45:48.9252546-07:00" endTime="2015-09-28T09:45:48.9252546-07:00" testType="13cdc9d9-ddb5-4fa4-a97d-d965ccfc6d4b" outcome="Passed" testListId="8c84fa94-04c1-424b-9868-57a2d4851a1d" relativeResultsDirectory="bce2563f-6765-41b1-af65-e7ae4f8bb729" />
    <UnitTestResult executionId="75b3bdfe-bdbd-4c2f-b46d-e8e0403b6b90" testId="e2854488-652a-4af0-975e-9eb2f628e064" testName="TFSTests.Agile.Cards.WIT WitCardFieldDefinition" computerName="TFSBUILD11" duration="00:00:00.0250000" startTime="2015-09-28T09:45:48.9252546-07:00" endTime="2015-09-28T09:45:48.9252546-07:00" testType="13cdc9d9-ddb5-4fa4-a97d-d965ccfc6d4b" outcome="Passed" testListId="8c84fa94-04c1-424b-9868-57a2d4851a1d" relativeResultsDirectory="75b3bdfe-bdbd-4c2f-b46d-e8e0403b6b90" />
    <UnitTestResult executionId="6c90983e-25ae-4845-8114-032d67e6de17" testId="07e1cc20-6ab7-4332-8962-79bbe2f7d8a8" testName="TFSTests.Agile.Cards.WIT WitCardField" computerName="TFSBUILD11" duration="00:00:00.4140000" startTime="2015-09-28T09:45:48.9262565-07:00" endTime="2015-09-28T09:45:48.9262565-07:00" testType="13cdc9d9-ddb5-4fa4-a97d-d965ccfc6d4b" outcome="Passed" testListId="8c84fa94-04c1-424b-9868-57a2d4851a1d" relativeResultsDirectory="6c90983e-25ae-4845-8114-032d67e6de17" />
    <UnitTestResult executionId="86d4a064-4a0a-4e89-ae40-dadd57595209" testId="574b32f5-dfbf-4af5-a55e-b58ff9e4be7e" testName="TFSTests.Agile.Boards.Settings.Validator SwimlaneTabValidator_WithDuplicatedName" computerName="TFSBUILD11" duration="00:00:00.0260000" startTime="2015-09-28T09:45:48.9262565-07:00" endTime="2015-09-28T09:45:48.9262565-07:00" testType="13cdc9d9-ddb5-4fa4-a97d-d965ccfc6d4b" outcome="Passed" testListId="8c84fa94-04c1-424b-9868-57a2d4851a1d" relativeResultsDirectory="86d4a064-4a0a-4e89-ae40-dadd57595209" />
    <UnitTestResult executionId="33efafad-b99a-4941-af16-0d872f641d8d" testId="fc7261c2-37c0-4130-8893-46d468093403" testName="TFSTests.Agile.Boards.Settings.Validator BoardColumnValidator_WithValidColumnName" computerName="TFSBUILD11" duration="00:00:00.0160000" startTime="2015-09-28T09:45:49.0368379-07:00" endTime="2015-09-28T09:45:49.0368379-07:00" testType="13cdc9d9-ddb5-4fa4-a97d-d965ccfc6d4b" outcome="Passed" testListId="8c84fa94-04c1-424b-9868-57a2d4851a1d" relativeResultsDirectory="33efafad-b99a-4941-af16-0d872f641d8d" />
    <UnitTestResult executionId="4ee35c26-f640-43ca-b83c-020a3eef5c79" testId="c957d892-8bfc-48a4-8817-d23f79a9c6bc" testName="TFSTests.Agile.Boards.Settings.Validator BoardColumnValidator_WithAllSpaceColumnName" computerName="TFSBUILD11" duration="00:00:00.0150000" startTime="2015-09-28T09:45:49.0378380-07:00" endTime="2015-09-28T09:45:49.0378380-07:00" testType="13cdc9d9-ddb5-4fa4-a97d-d965ccfc6d4b" outcome="Passed" testListId="8c84fa94-04c1-424b-9868-57a2d4851a1d" relativeResultsDirectory="4ee35c26-f640-43ca-b83c-020a3eef5c79" />
    <UnitTestResult executionId="8193620b-ffab-4b44-85ca-91c67070db71" testId="e45872b2-67ff-47b2-b9af-32e18ab514d4" testName="TFSTests.Agile.Boards.Settings.Validator BoardColumnValidator_WithColumnNameAsNull" computerName="TFSBUILD11" duration="00:00:00.0160000" startTime="2015-09-28T09:45:49.0378380-07:00" endTime="2015-09-28T09:45:49.0378380-07:00" testType="13cdc9d9-ddb5-4fa4-a97d-d965ccfc6d4b" outcome="Passed" testListId="8c84fa94-04c1-424b-9868-57a2d4851a1d" relativeResultsDirectory="8193620b-ffab-4b44-85ca-91c67070db71" />
    <UnitTestResult executionId="a23e225a-e08b-4ddf-a61c-e9dbb1b81124" testId="47445d42-e32b-4b4d-8265-1fc64f3a6025" testName="TFSTests.Agile.Boards.Settings.Validator BoardColumnValidator_WithColumnNameAsUndefined" computerName="TFSBUILD11" duration="00:00:00.0150000" startTime="2015-09-28T09:45:49.0378380-07:00" endTime="2015-09-28T09:45:49.0378380-07:00" testType="13cdc9d9-ddb5-4fa4-a97d-d965ccfc6d4b" outcome="Passed" testListId="8c84fa94-04c1-424b-9868-57a2d4851a1d" relativeResultsDirectory="a23e225a-e08b-4ddf-a61c-e9dbb1b81124" />
    <UnitTestResult executionId="f20645de-1086-4e6c-8d4c-78e9a01f35fe" testId="0ae789a5-6fb3-4afd-912f-c2a5ae805f8f" testName="TFSTests.Agile.Boards.Settings.Validator BoardColumnValidator_WithEmptyColumnName" computerName="TFSBUILD11" duration="00:00:00.0150000" startTime="2015-09-28T09:45:49.0378380-07:00" endTime="2015-09-28T09:45:49.0378380-07:00" testType="13cdc9d9-ddb5-4fa4-a97d-d965ccfc6d4b" outcome="Passed" testListId="8c84fa94-04c1-424b-9868-57a2d4851a1d" relativeResultsDirectory="f20645de-1086-4e6c-8d4c-78e9a01f35fe" />
    <UnitTestResult executionId="a9bf824d-f28d-4caa-a82c-6860fef406be" testId="7054391d-df87-4755-a42e-11648a6f9bb6" testName="TFSTests.Agile.Boards.Settings.Validator BoardColumnValidator_WithTooLongColumnName" computerName="TFSBUILD11" duration="00:00:00.0150000" startTime="2015-09-28T09:45:49.0378380-07:00" endTime="2015-09-28T09:45:49.0378380-07:00" testType="13cdc9d9-ddb5-4fa4-a97d-d965ccfc6d4b" outcome="Passed" testListId="8c84fa94-04c1-424b-9868-57a2d4851a1d" relativeResultsDirectory="a9bf824d-f28d-4caa-a82c-6860fef406be" />
    <UnitTestResult executionId="55ed166b-8d96-44cd-a4a4-8ed976d58174" testId="4cd9a7bb-fcdc-481d-949d-3ef46833848a" testName="TFSTests.Agile.Boards.Settings.Validator BoardColumnValidator_WithDuplicatedName" computerName="TFSBUILD11" duration="00:00:00.0320000" startTime="2015-09-28T09:45:49.0378380-07:00" endTime="2015-09-28T09:45:49.0378380-07:00" testType="13cdc9d9-ddb5-4fa4-a97d-d965ccfc6d4b" outcome="Passed" testListId="8c84fa94-04c1-424b-9868-57a2d4851a1d" relativeResultsDirectory="55ed166b-8d96-44cd-a4a4-8ed976d58174" />
    <UnitTestResult executionId="f156fe59-e850-4b59-be62-c0461d7655be" testId="60c906cb-fbb7-45d2-a0a9-1c6f78c8819a" testName="TFSTests.Agile.Boards.Settings.Validator BoardColumnValidator_WithZeroItemLimit" computerName="TFSBUILD11" duration="00:00:00.0200000" startTime="2015-09-28T09:45:49.0378380-07:00" endTime="2015-09-28T09:45:49.0378380-07:00" testType="13cdc9d9-ddb5-4fa4-a97d-d965ccfc6d4b" outcome="Passed" testListId="8c84fa94-04c1-424b-9868-57a2d4851a1d" relativeResultsDirectory="f156fe59-e850-4b59-be62-c0461d7655be" />
    <UnitTestResult executionId="ef8ce1fb-7bff-4597-925d-199986bbe061" testId="a2f8c84e-5a30-42fa-94b7-4e91c75a803a" testName="TFSTests.Agile.Boards.Settings.Validator BoardColumnValidator_WithValidItemLimit" computerName="TFSBUILD11" duration="00:00:00.0160000" startTime="2015-09-28T09:45:49.0378380-07:00" endTime="2015-09-28T09:45:49.0378380-07:00" testType="13cdc9d9-ddb5-4fa4-a97d-d965ccfc6d4b" outcome="Passed" testListId="8c84fa94-04c1-424b-9868-57a2d4851a1d" relativeResultsDirectory="ef8ce1fb-7bff-4597-925d-199986bbe061" />
    <UnitTestResult executionId="4c707968-7242-453e-b5dd-3da283b1745a" testId="1e059127-3e29-4766-9401-5fd5fe78a506" testName="TFSTests.Agile.Boards.Settings.Validator BoardColumnValidator_WithValidItemLimitAsString" computerName="TFSBUILD11" duration="00:00:00.0150000" startTime="2015-09-28T09:45:49.1748929-07:00" endTime="2015-09-28T09:45:49.1748929-07:00" testType="13cdc9d9-ddb5-4fa4-a97d-d965ccfc6d4b" outcome="Passed" testListId="8c84fa94-04c1-424b-9868-57a2d4851a1d" relativeResultsDirectory="4c707968-7242-453e-b5dd-3da283b1745a" />
    <UnitTestResult executionId="7fb38eb7-b2e2-466f-9b9d-61b16e3d9771" testId="d79dd6a3-116b-41a6-b2ef-a7f589a64f8c" testName="TFSTests.Agile.Boards.Settings.Validator BoardColumnValidator_WithItemLimitTooSmall" computerName="TFSBUILD11" duration="00:00:00.0150000" startTime="2015-09-28T09:45:49.1748929-07:00" endTime="2015-09-28T09:45:49.1748929-07:00" testType="13cdc9d9-ddb5-4fa4-a97d-d965ccfc6d4b" outcome="Passed" testListId="8c84fa94-04c1-424b-9868-57a2d4851a1d" relativeResultsDirectory="7fb38eb7-b2e2-466f-9b9d-61b16e3d9771" />
    <UnitTestResult executionId="191aa16b-44a3-4079-b4aa-363c119fb195" testId="cd1360a1-1d5f-4d97-a561-8cf1c186900c" testName="TFSTests.Agile.Boards.Settings.Validator BoardColumnValidator_WithItemLimitTooLarge" computerName="TFSBUILD11" duration="00:00:00.0140000" startTime="2015-09-28T09:45:49.1758933-07:00" endTime="2015-09-28T09:45:49.1758933-07:00" testType="13cdc9d9-ddb5-4fa4-a97d-d965ccfc6d4b" outcome="Passed" testListId="8c84fa94-04c1-424b-9868-57a2d4851a1d" relativeResultsDirectory="191aa16b-44a3-4079-b4aa-363c119fb195" />
    <UnitTestResult executionId="beeae13c-d753-48ae-86b4-700d2f1da2ed" testId="5ed3e09f-fa6c-4bd2-b6e0-bce88edb7c40" testName="TFSTests.Agile.Boards.Settings.Validator BoardColumnValidator_WithItemLimitAsMixNumberAndChar" computerName="TFSBUILD11" duration="00:00:00.0140000" startTime="2015-09-28T09:45:49.1758933-07:00" endTime="2015-09-28T09:45:49.1758933-07:00" testType="13cdc9d9-ddb5-4fa4-a97d-d965ccfc6d4b" outcome="Passed" testListId="8c84fa94-04c1-424b-9868-57a2d4851a1d" relativeResultsDirectory="beeae13c-d753-48ae-86b4-700d2f1da2ed" />
    <UnitTestResult executionId="c6792a4b-078a-41e9-be49-8b4ba60cfb16" testId="63f810f3-b3d5-4dca-9289-e21882335c14" testName="TFSTests.Agile.Boards.Settings.Validator BoardColumnValidator_WithValidStateMapping" computerName="TFSBUILD11" duration="00:00:00.0150000" startTime="2015-09-28T09:45:49.1758933-07:00" endTime="2015-09-28T09:45:49.1758933-07:00" testType="13cdc9d9-ddb5-4fa4-a97d-d965ccfc6d4b" outcome="Passed" testListId="8c84fa94-04c1-424b-9868-57a2d4851a1d" relativeResultsDirectory="c6792a4b-078a-41e9-be49-8b4ba60cfb16" />
    <UnitTestResult executionId="be1fb184-1b22-4a65-8a8e-0e86da4016e8" testId="10f5487f-d045-46b1-973b-1e47c81c7bb2" testName="TFSTests.Agile.Boards.Settings.Validator BoardColumnValidator_WithStateMappingChanged" computerName="TFSBUILD11" duration="00:00:00.0150000" startTime="2015-09-28T09:45:49.1758933-07:00" endTime="2015-09-28T09:45:49.1758933-07:00" testType="13cdc9d9-ddb5-4fa4-a97d-d965ccfc6d4b" outcome="Passed" testListId="8c84fa94-04c1-424b-9868-57a2d4851a1d" relativeResultsDirectory="be1fb184-1b22-4a65-8a8e-0e86da4016e8" />
    <UnitTestResult executionId="8f503b23-b656-4c9c-8672-5222ba322460" testId="4a948302-834a-4e4b-b27a-6c4f734cbad6" testName="TFSTests.Agile.Boards.Settings.Validator BoardColumnValidator_WithInvalidStateMapping" computerName="TFSBUILD11" duration="00:00:00.0150000" startTime="2015-09-28T09:45:49.1758933-07:00" endTime="2015-09-28T09:45:49.1758933-07:00" testType="13cdc9d9-ddb5-4fa4-a97d-d965ccfc6d4b" outcome="Passed" testListId="8c84fa94-04c1-424b-9868-57a2d4851a1d" relativeResultsDirectory="8f503b23-b656-4c9c-8672-5222ba322460" />
    <UnitTestResult executionId="67e8131e-6c34-4766-9aba-a6670184163f" testId="571e6ba0-7ccc-446d-95d3-26148093b6db" testName="TFSTests.Agile.Boards.Settings.Validator BoardColumnValidator_WithValidDescription" computerName="TFSBUILD11" duration="00:00:00.0150000" startTime="2015-09-28T09:45:49.1758933-07:00" endTime="2015-09-28T09:45:49.1758933-07:00" testType="13cdc9d9-ddb5-4fa4-a97d-d965ccfc6d4b" outcome="Passed" testListId="8c84fa94-04c1-424b-9868-57a2d4851a1d" relativeResultsDirectory="67e8131e-6c34-4766-9aba-a6670184163f" />
    <UnitTestResult executionId="dbbb775a-93bc-46bf-bc44-ac7a15ccf41c" testId="7f4cf0f4-33fb-4bc3-a115-34713de529ee" testName="TFSTests.Agile.Boards.Settings.Validator BoardColumnValidator_WithDescriptionCloseToMax" computerName="TFSBUILD11" duration="00:00:00.0160000" startTime="2015-09-28T09:45:49.1758933-07:00" endTime="2015-09-28T09:45:49.1758933-07:00" testType="13cdc9d9-ddb5-4fa4-a97d-d965ccfc6d4b" outcome="Passed" testListId="8c84fa94-04c1-424b-9868-57a2d4851a1d" relativeResultsDirectory="dbbb775a-93bc-46bf-bc44-ac7a15ccf41c" />
    <UnitTestResult executionId="11455edf-0f15-45a7-8454-172cd4c39fc8" testId="6f840df8-91a0-4508-b5d7-3a1e17bf78b3" testName="TFSTests.Agile.Boards.Settings.Validator BoardColumnValidator_WithDescriptionTooLong" computerName="TFSBUILD11" duration="00:00:00.0150000" startTime="2015-09-28T09:45:49.3419357-07:00" endTime="2015-09-28T09:45:49.3409509-07:00" testType="13cdc9d9-ddb5-4fa4-a97d-d965ccfc6d4b" outcome="Passed" testListId="8c84fa94-04c1-424b-9868-57a2d4851a1d" relativeResultsDirectory="11455edf-0f15-45a7-8454-172cd4c39fc8" />
    <UnitTestResult executionId="9c0b850c-d2a6-4ed9-b0b2-71b60fd7f6f5" testId="43e49fcb-6c72-4e6e-8b02-3124bc4b3bf1" testName="TFSTests.Agile.Boards.Settings.ViewModels SwimlaneSettingsViewModel_OneSwimlaneCreation" computerName="TFSBUILD11" duration="00:00:00.0170000" startTime="2015-09-28T09:45:49.3419357-07:00" endTime="2015-09-28T09:45:49.3419357-07:00" testType="13cdc9d9-ddb5-4fa4-a97d-d965ccfc6d4b" outcome="Passed" testListId="8c84fa94-04c1-424b-9868-57a2d4851a1d" relativeResultsDirectory="9c0b850c-d2a6-4ed9-b0b2-71b60fd7f6f5" />
    <UnitTestResult executionId="e51a59ab-2c65-4ecc-89ae-e52e40fa2b17" testId="25172d77-e605-4f94-afad-475e3d9957c5" testName="TFSTests.Agile.Boards.Settings.ViewModels SwimlaneSettingsViewModel_MultipleSwimlanesCreation" computerName="TFSBUILD11" duration="00:00:00.0190000" startTime="2015-09-28T09:45:49.3419357-07:00" endTime="2015-09-28T09:45:49.3419357-07:00" testType="13cdc9d9-ddb5-4fa4-a97d-d965ccfc6d4b" outcome="Passed" testListId="8c84fa94-04c1-424b-9868-57a2d4851a1d" relativeResultsDirectory="e51a59ab-2c65-4ecc-89ae-e52e40fa2b17" />
    <UnitTestResult executionId="9380443a-5a96-4328-8fad-e938d5610978" testId="f63e41af-b7f4-4fe8-8cc1-10afe130039f" testName="TFSTests.Agile.Boards.Settings.ViewModels SwimlaneSettingsViewModel_InsertValidTab" computerName="TFSBUILD11" duration="00:00:00.0210000" startTime="2015-09-28T09:45:49.3419357-07:00" endTime="2015-09-28T09:45:49.3419357-07:00" testType="13cdc9d9-ddb5-4fa4-a97d-d965ccfc6d4b" outcome="Passed" testListId="8c84fa94-04c1-424b-9868-57a2d4851a1d" relativeResultsDirectory="9380443a-5a96-4328-8fad-e938d5610978" />
    <UnitTestResult executionId="f2cf2d7f-8afc-4355-9710-7a537c0a3438" testId="89cbd104-1d34-413e-8ade-f69183d189db" testName="TFSTests.Agile.Boards.Settings.ViewModels SwimlaneSettingsViewModel_InsertTabWithInvalidIndex" computerName="TFSBUILD11" duration="00:00:00.0180000" startTime="2015-09-28T09:45:49.3419357-07:00" endTime="2015-09-28T09:45:49.3419357-07:00" testType="13cdc9d9-ddb5-4fa4-a97d-d965ccfc6d4b" outcome="Passed" testListId="8c84fa94-04c1-424b-9868-57a2d4851a1d" relativeResultsDirectory="f2cf2d7f-8afc-4355-9710-7a537c0a3438" />
    <UnitTestResult executionId="46b17097-759b-41b2-bbf5-61c3c5f577cc" testId="e3eb6479-5cc5-4f26-8415-f0e028654764" testName="TFSTests.Agile.Boards.Settings.ViewModels SwimlaneSettingsViewModel_InsertTabWithEmptyName" computerName="TFSBUILD11" duration="00:00:00.0180000" startTime="2015-09-28T09:45:49.3419357-07:00" endTime="2015-09-28T09:45:49.3419357-07:00" testType="13cdc9d9-ddb5-4fa4-a97d-d965ccfc6d4b" outcome="Passed" testListId="8c84fa94-04c1-424b-9868-57a2d4851a1d" relativeResultsDirectory="46b17097-759b-41b2-bbf5-61c3c5f577cc" />
    <UnitTestResult executionId="c0bc9c28-56b4-4bbe-b0db-f87379d42b45" testId="153ffc6d-3d3d-428b-8259-c6f0bb57399b" testName="TFSTests.Agile.Boards.Settings.ViewModels SwimlaneSettingsViewModel_InsertTabWithNameTooLong" computerName="TFSBUILD11" duration="00:00:00.0170000" startTime="2015-09-28T09:45:49.3419357-07:00" endTime="2015-09-28T09:45:49.3419357-07:00" testType="13cdc9d9-ddb5-4fa4-a97d-d965ccfc6d4b" outcome="Passed" testListId="8c84fa94-04c1-424b-9868-57a2d4851a1d" relativeResultsDirectory="c0bc9c28-56b4-4bbe-b0db-f87379d42b45" />
    <UnitTestResult executionId="7f534984-0825-4f2d-a622-3db7b2d0a476" testId="83ea735c-4d0f-44cb-8a20-14915bb2175f" testName="TFSTests.Agile.Boards.Settings.ViewModels SwimlaneSettingsViewModel_DeleteTabMaintainActiveTabIndex" computerName="TFSBUILD11" duration="00:00:00.0190000" startTime="2015-09-28T09:45:49.3419357-07:00" endTime="2015-09-28T09:45:49.3419357-07:00" testType="13cdc9d9-ddb5-4fa4-a97d-d965ccfc6d4b" outcome="Passed" testListId="8c84fa94-04c1-424b-9868-57a2d4851a1d" relativeResultsDirectory="7f534984-0825-4f2d-a622-3db7b2d0a476" />
    <UnitTestResult executionId="dfdc11c7-ef10-4731-a973-e13dcea2e405" testId="5a48b3c6-28a8-4dae-be24-2a8d2297fe5e" testName="TFSTests.Agile.Boards.Settings.ViewModels SwimlaneSettingsViewModel_DeleteTabWhenActiveTabIndexIsLargerThanTabsCount" computerName="TFSBUILD11" duration="00:00:00.0180000" startTime="2015-09-28T09:45:49.3419357-07:00" endTime="2015-09-28T09:45:49.3419357-07:00" testType="13cdc9d9-ddb5-4fa4-a97d-d965ccfc6d4b" outcome="Passed" testListId="8c84fa94-04c1-424b-9868-57a2d4851a1d" relativeResultsDirectory="dfdc11c7-ef10-4731-a973-e13dcea2e405" />
    <UnitTestResult executionId="9085efe8-8608-496e-9687-f503ceeb83b6" testId="19061f08-b5b2-49cd-93a8-56b9d16b490d" testName="TFSTests.Agile.Boards.Settings.ViewModels SwimlaneSettingsViewModel_DeleteDefaultTab" computerName="TFSBUILD11" duration="00:00:00.0170000" startTime="2015-09-28T09:45:49.5327069-07:00" endTime="2015-09-28T09:45:49.5327069-07:00" testType="13cdc9d9-ddb5-4fa4-a97d-d965ccfc6d4b" outcome="Passed" testListId="8c84fa94-04c1-424b-9868-57a2d4851a1d" relativeResultsDirectory="9085efe8-8608-496e-9687-f503ceeb83b6" />
    <UnitTestResult executionId="59f2f42b-8b34-4387-a68b-66dcf64a7930" testId="c3d764d3-f7ea-4f74-8127-23d800105975" testName="TFSTests.Agile.Boards.Settings.ViewModels SwimlaneSettingsViewModel_DeleteTabWithInvalidIndex" computerName="TFSBUILD11" duration="00:00:00.0170000" startTime="2015-09-28T09:45:49.5327069-07:00" endTime="2015-09-28T09:45:49.5327069-07:00" testType="13cdc9d9-ddb5-4fa4-a97d-d965ccfc6d4b" outcome="Passed" testListId="8c84fa94-04c1-424b-9868-57a2d4851a1d" relativeResultsDirectory="59f2f42b-8b34-4387-a68b-66dcf64a7930" />
    <UnitTestResult executionId="45d52542-6228-4585-bd35-d07b4d0132e1" testId="d7edca30-260b-4817-9214-ef53b469f209" testName="TFSTests.Agile.Boards.Settings.ViewModels SwimlaneSettingsViewModel_MoveTabWithValidIndex" computerName="TFSBUILD11" duration="00:00:00.0210000" startTime="2015-09-28T09:45:49.5327069-07:00" endTime="2015-09-28T09:45:49.5327069-07:00" testType="13cdc9d9-ddb5-4fa4-a97d-d965ccfc6d4b" outcome="Passed" testListId="8c84fa94-04c1-424b-9868-57a2d4851a1d" relativeResultsDirectory="45d52542-6228-4585-bd35-d07b4d0132e1" />
    <UnitTestResult executionId="2ce84825-51be-477b-a299-efd6d4370c60" testId="866ba2b9-3ee4-464d-8d7c-72eab853a03b" testName="TFSTests.Agile.Boards.Settings.ViewModels SwimlaneSettingsViewModel_MoveTabWithInvalidIndex" computerName="TFSBUILD11" duration="00:00:00.0170000" startTime="2015-09-28T09:45:49.5327069-07:00" endTime="2015-09-28T09:45:49.5327069-07:00" testType="13cdc9d9-ddb5-4fa4-a97d-d965ccfc6d4b" outcome="Passed" testListId="8c84fa94-04c1-424b-9868-57a2d4851a1d" relativeResultsDirectory="2ce84825-51be-477b-a299-efd6d4370c60" />
    <UnitTestResult executionId="0007e5d0-c7fe-4423-927c-9d98e6344650" testId="dd4d8a55-8c40-40f1-9e9f-df6e7978f576" testName="TFSTests.Agile.Boards.Settings.ViewModels SwimlaneSettingsViewModel_SelectValidTab" computerName="TFSBUILD11" duration="00:00:00.0180000" startTime="2015-09-28T09:45:49.5337084-07:00" endTime="2015-09-28T09:45:49.5337084-07:00" testType="13cdc9d9-ddb5-4fa4-a97d-d965ccfc6d4b" outcome="Passed" testListId="8c84fa94-04c1-424b-9868-57a2d4851a1d" relativeResultsDirectory="0007e5d0-c7fe-4423-927c-9d98e6344650" />
    <UnitTestResult executionId="159f8ba7-e042-493f-ba14-4a442189d847" testId="dd2a0db9-6cae-48d2-b2c1-99a812ceeb0f" testName="TFSTests.Agile.Boards.Settings.ViewModels SwimlaneSettingsViewModel_SwimlaneNameChanged" computerName="TFSBUILD11" duration="00:00:00.0180000" startTime="2015-09-28T09:45:49.5337084-07:00" endTime="2015-09-28T09:45:49.5337084-07:00" testType="13cdc9d9-ddb5-4fa4-a97d-d965ccfc6d4b" outcome="Passed" testListId="8c84fa94-04c1-424b-9868-57a2d4851a1d" relativeResultsDirectory="159f8ba7-e042-493f-ba14-4a442189d847" />
    <UnitTestResult executionId="ce35d98c-0325-49d5-b081-6a7f97a8ffb7" testId="fba5f646-ff22-4042-9104-9ded084c9277" testName="TFSTests.Agile.Boards.Settings.ViewModels ColumnSettingsViewModel_MultipleColumnsCreation" computerName="TFSBUILD11" duration="00:00:00.0290000" startTime="2015-09-28T09:45:49.5337084-07:00" endTime="2015-09-28T09:45:49.5337084-07:00" testType="13cdc9d9-ddb5-4fa4-a97d-d965ccfc6d4b" outcome="Passed" testListId="8c84fa94-04c1-424b-9868-57a2d4851a1d" relativeResultsDirectory="ce35d98c-0325-49d5-b081-6a7f97a8ffb7" />
    <UnitTestResult executionId="adac55b1-fbbb-42c3-b8f4-48e2b52e51f4" testId="b6cba3f5-a4f1-4943-bf29-83f73b7ea35c" testName="TFSTests.Agile.Boards.Settings.ViewModels ColumnSettingsViewModel_InsertValidTab" computerName="TFSBUILD11" duration="00:00:00.0260000" startTime="2015-09-28T09:45:49.5337084-07:00" endTime="2015-09-28T09:45:49.5337084-07:00" testType="13cdc9d9-ddb5-4fa4-a97d-d965ccfc6d4b" outcome="Passed" testListId="8c84fa94-04c1-424b-9868-57a2d4851a1d" relativeResultsDirectory="adac55b1-fbbb-42c3-b8f4-48e2b52e51f4" />
    <UnitTestResult executionId="bad111b0-e6a4-489a-adc7-6b4ab7f4323e" testId="015ddc8f-e6e6-4c6e-8caf-73769d56aded" testName="TFSTests.Agile.Boards.Settings.ViewModels ColumnSettingsViewModel_InsertTabWithInvalidIndex" computerName="TFSBUILD11" duration="00:00:00.0230000" startTime="2015-09-28T09:45:49.5337084-07:00" endTime="2015-09-28T09:45:49.5337084-07:00" testType="13cdc9d9-ddb5-4fa4-a97d-d965ccfc6d4b" outcome="Passed" testListId="8c84fa94-04c1-424b-9868-57a2d4851a1d" relativeResultsDirectory="bad111b0-e6a4-489a-adc7-6b4ab7f4323e" />
    <UnitTestResult executionId="58c4a698-f71f-480d-addd-c1446df0d6fc" testId="53636f87-9baa-4f3d-8a59-aacb4b15739d" testName="TFSTests.Agile.Boards.Settings.ViewModels ColumnSettingsViewModel_InsertTabWithEmptyName" computerName="TFSBUILD11" duration="00:00:00.0290000" startTime="2015-09-28T09:45:49.7790128-07:00" endTime="2015-09-28T09:45:49.7790128-07:00" testType="13cdc9d9-ddb5-4fa4-a97d-d965ccfc6d4b" outcome="Passed" testListId="8c84fa94-04c1-424b-9868-57a2d4851a1d" relativeResultsDirectory="58c4a698-f71f-480d-addd-c1446df0d6fc" />
    <UnitTestResult executionId="6232d44f-ffd3-498d-ac1d-1621d7cd3264" testId="cd0ba2fb-1ee2-470d-906d-815f8b798f65" testName="TFSTests.Agile.Boards.Settings.ViewModels ColumnSettingsViewModel_InsertTabWithNameTooLong" computerName="TFSBUILD11" duration="00:00:00.0310000" startTime="2015-09-28T09:45:49.7790128-07:00" endTime="2015-09-28T09:45:49.7790128-07:00" testType="13cdc9d9-ddb5-4fa4-a97d-d965ccfc6d4b" outcome="Passed" testListId="8c84fa94-04c1-424b-9868-57a2d4851a1d" relativeResultsDirectory="6232d44f-ffd3-498d-ac1d-1621d7cd3264" />
    <UnitTestResult executionId="6504c7a6-c1f1-4896-86dc-cdb69d4ce7c6" testId="5b6db91a-4096-401f-9138-4e964264b43a" testName="TFSTests.Agile.Boards.Settings.ViewModels ColumnSettingsViewModel_EnsureNewTabCopiedStateMappings" computerName="TFSBUILD11" duration="00:00:00.0230000" startTime="2015-09-28T09:45:49.7790128-07:00" endTime="2015-09-28T09:45:49.7790128-07:00" testType="13cdc9d9-ddb5-4fa4-a97d-d965ccfc6d4b" outcome="Passed" testListId="8c84fa94-04c1-424b-9868-57a2d4851a1d" relativeResultsDirectory="6504c7a6-c1f1-4896-86dc-cdb69d4ce7c6" />
    <UnitTestResult executionId="2d905709-f0ce-4966-801e-4140a87e3a78" testId="22dfde21-bdc8-4b22-88ca-6c9c49ec595a" testName="TFSTests.Agile.Boards.Settings.ViewModels ColumnSettingsViewModel_DeleteTabMaintainActiveTabIndex" computerName="TFSBUILD11" duration="00:00:00.0270000" startTime="2015-09-28T09:45:49.7790128-07:00" endTime="2015-09-28T09:45:49.7790128-07:00" testType="13cdc9d9-ddb5-4fa4-a97d-d965ccfc6d4b" outcome="Passed" testListId="8c84fa94-04c1-424b-9868-57a2d4851a1d" relativeResultsDirectory="2d905709-f0ce-4966-801e-4140a87e3a78" />
    <UnitTestResult executionId="69f61fc0-968b-4c14-88aa-e4367f38a43b" testId="f8a5c63d-01af-4d5d-9436-5477ff4dacea" testName="TFSTests.Agile.Boards.Settings.ViewModels ColumnSettingsViewModel_DeleteNonInProgressColumn" computerName="TFSBUILD11" duration="00:00:00.0210000" startTime="2015-09-28T09:45:49.7790128-07:00" endTime="2015-09-28T09:45:49.7790128-07:00" testType="13cdc9d9-ddb5-4fa4-a97d-d965ccfc6d4b" outcome="Passed" testListId="8c84fa94-04c1-424b-9868-57a2d4851a1d" relativeResultsDirectory="69f61fc0-968b-4c14-88aa-e4367f38a43b" />
    <UnitTestResult executionId="b92d40fa-b473-41ec-9e78-e8d35eec7c8c" testId="05fea440-a417-4656-8608-7ca691dd3624" testName="TFSTests.Agile.Boards.Settings.ViewModels ColumnSettingsViewModel_MoveTabWithValidColumnType" computerName="TFSBUILD11" duration="00:00:00.0300000" startTime="2015-09-28T09:45:49.7790128-07:00" endTime="2015-09-28T09:45:49.7790128-07:00" testType="13cdc9d9-ddb5-4fa4-a97d-d965ccfc6d4b" outcome="Passed" testListId="8c84fa94-04c1-424b-9868-57a2d4851a1d" relativeResultsDirectory="b92d40fa-b473-41ec-9e78-e8d35eec7c8c" />
    <UnitTestResult executionId="54b9fa40-40b9-45e7-a86b-7d79352c4e1d" testId="ec5fd97e-88dd-4bed-bcaa-c1f38fe4b4db" testName="TFSTests.Agile.Boards.Settings.ViewModels ColumnSettingsViewModel_MoveTabWithInvalidColumnType" computerName="TFSBUILD11" duration="00:00:00.0330000" startTime="2015-09-28T09:45:49.7790128-07:00" endTime="2015-09-28T09:45:49.7790128-07:00" testType="13cdc9d9-ddb5-4fa4-a97d-d965ccfc6d4b" outcome="Passed" testListId="8c84fa94-04c1-424b-9868-57a2d4851a1d" relativeResultsDirectory="54b9fa40-40b9-45e7-a86b-7d79352c4e1d" />
    <UnitTestResult executionId="37b04db0-49f3-4d02-8ae6-842ec2850529" testId="2038b2ba-e4d8-4dba-b236-4cf624db4218" testName="TFSTests.Agile.Boards.Settings.ViewModels ColumnSettingsViewModel_SelectValidTab" computerName="TFSBUILD11" duration="00:00:00.0270000" startTime="2015-09-28T09:45:49.7790128-07:00" endTime="2015-09-28T09:45:49.7790128-07:00" testType="13cdc9d9-ddb5-4fa4-a97d-d965ccfc6d4b" outcome="Passed" testListId="8c84fa94-04c1-424b-9868-57a2d4851a1d" relativeResultsDirectory="37b04db0-49f3-4d02-8ae6-842ec2850529" />
    <UnitTestResult executionId="0086707b-d8df-4ade-a4ee-187f6c35151d" testId="93a0ee9e-d397-42b9-8dd5-7a6506171165" testName="TFSTests.Agile.Boards.Settings.ViewModels ColumnSettingsViewModel_InvalidStateMappingMissingOneWorkItemType" computerName="TFSBUILD11" duration="00:00:00.0180000" startTime="2015-09-28T09:45:49.7800120-07:00" endTime="2015-09-28T09:45:49.7800120-07:00" testType="13cdc9d9-ddb5-4fa4-a97d-d965ccfc6d4b" outcome="Passed" testListId="8c84fa94-04c1-424b-9868-57a2d4851a1d" relativeResultsDirectory="0086707b-d8df-4ade-a4ee-187f6c35151d" />
    <UnitTestResult executionId="5fc866f1-1b36-4771-9f72-3a97c0674f1b" testId="9cbf8692-a8ee-418c-98a9-e25f00969793" testName="TFSTests.Agile.Boards.Settings.ViewModels ColumnSettingsViewModel_InvalidStateMappingWithColumnNameAsValue" computerName="TFSBUILD11" duration="00:00:00.0180000" startTime="2015-09-28T09:45:50.0135859-07:00" endTime="2015-09-28T09:45:50.0135859-07:00" testType="13cdc9d9-ddb5-4fa4-a97d-d965ccfc6d4b" outcome="Passed" testListId="8c84fa94-04c1-424b-9868-57a2d4851a1d" relativeResultsDirectory="5fc866f1-1b36-4771-9f72-3a97c0674f1b" />
    <UnitTestResult executionId="4fe794f0-3440-4fc2-8922-06ed948a24b4" testId="b8362318-11ae-4183-93be-8d43a1e3dbca" testName="TFSTests.Agile.Boards.Settings.ViewModels FieldSettingsViewModel_DefaultSettings" computerName="TFSBUILD11" duration="00:00:00.0290000" startTime="2015-09-28T09:45:50.0135859-07:00" endTime="2015-09-28T09:45:50.0135859-07:00" testType="13cdc9d9-ddb5-4fa4-a97d-d965ccfc6d4b" outcome="Passed" testListId="8c84fa94-04c1-424b-9868-57a2d4851a1d" relativeResultsDirectory="4fe794f0-3440-4fc2-8922-06ed948a24b4" />
    <UnitTestResult executionId="e9716612-3c8b-4246-9fd4-15d177ea7f51" testId="35cf76b4-c2b9-440f-8787-170bd10e6aab" testName="TFSTests.Agile.Boards.Settings.ViewModels FieldSettingsViewModel_WithAdditionalFields" computerName="TFSBUILD11" duration="00:00:00.0300000" startTime="2015-09-28T09:45:50.0145874-07:00" endTime="2015-09-28T09:45:50.0145874-07:00" testType="13cdc9d9-ddb5-4fa4-a97d-d965ccfc6d4b" outcome="Passed" testListId="8c84fa94-04c1-424b-9868-57a2d4851a1d" relativeResultsDirectory="e9716612-3c8b-4246-9fd4-15d177ea7f51" />
    <UnitTestResult executionId="09979e32-65e5-436a-a07b-9a578c173b8e" testId="f027aa88-a526-4c1b-b0f3-14dc2eabbd0d" testName="TFSTests.Agile.Boards.Settings.ViewModels FieldSettingsViewModel_WithShowIdTurnedOn" computerName="TFSBUILD11" duration="00:00:00.0380000" startTime="2015-09-28T09:45:50.0145874-07:00" endTime="2015-09-28T09:45:50.0145874-07:00" testType="13cdc9d9-ddb5-4fa4-a97d-d965ccfc6d4b" outcome="Passed" testListId="8c84fa94-04c1-424b-9868-57a2d4851a1d" relativeResultsDirectory="09979e32-65e5-436a-a07b-9a578c173b8e" />
    <UnitTestResult executionId="b013d52c-60c7-4fda-bfbf-cf3074074f4b" testId="d108c182-d51e-4e0b-8af2-93fd754907bf" testName="TFSTests.Agile.Boards.Settings.ViewModels FieldSettingsViewModel_WithNonDefaultAssignedToFormat" computerName="TFSBUILD11" duration="00:00:00.0230000" startTime="2015-09-28T09:45:50.0145874-07:00" endTime="2015-09-28T09:45:50.0145874-07:00" testType="13cdc9d9-ddb5-4fa4-a97d-d965ccfc6d4b" outcome="Passed" testListId="8c84fa94-04c1-424b-9868-57a2d4851a1d" relativeResultsDirectory="b013d52c-60c7-4fda-bfbf-cf3074074f4b" />
    <UnitTestResult executionId="a5abf965-1b0a-48a4-aae2-7eb7667810e0" testId="34db0294-89fc-437e-85b4-9c2697efed08" testName="TFSTests.Agile.Boards.Settings.ViewModels FieldSettingsViewModel_AssignedToTurnedOff" computerName="TFSBUILD11" duration="00:00:00.0210000" startTime="2015-09-28T09:45:50.0145874-07:00" endTime="2015-09-28T09:45:50.0145874-07:00" testType="13cdc9d9-ddb5-4fa4-a97d-d965ccfc6d4b" outcome="Passed" testListId="8c84fa94-04c1-424b-9868-57a2d4851a1d" relativeResultsDirectory="a5abf965-1b0a-48a4-aae2-7eb7667810e0" />
    <UnitTestResult executionId="14d4e578-fd0c-4c2d-bc86-e4dbb042c853" testId="c556db45-186e-4b1f-898e-26b3fa308097" testName="TFSTests.Agile.Boards.Settings.ViewModels FieldSettingsViewModel_EffortFieldTurnedOff" computerName="TFSBUILD11" duration="00:00:00.0230000" startTime="2015-09-28T09:45:50.0145874-07:00" endTime="2015-09-28T09:45:50.0145874-07:00" testType="13cdc9d9-ddb5-4fa4-a97d-d965ccfc6d4b" outcome="Passed" testListId="8c84fa94-04c1-424b-9868-57a2d4851a1d" relativeResultsDirectory="14d4e578-fd0c-4c2d-bc86-e4dbb042c853" />
    <UnitTestResult executionId="e34e948f-b53d-4568-8834-b5fe9e824445" testId="6e85b946-3fcb-45ea-ad4c-7b9cef9a19d9" testName="TFSTests.Agile.Boards.Settings.ViewModels FieldSettingsViewModel_ShowTagsTurnedOff" computerName="TFSBUILD11" duration="00:00:00.0190000" startTime="2015-09-28T09:45:50.0145874-07:00" endTime="2015-09-28T09:45:50.0145874-07:00" testType="13cdc9d9-ddb5-4fa4-a97d-d965ccfc6d4b" outcome="Passed" testListId="8c84fa94-04c1-424b-9868-57a2d4851a1d" relativeResultsDirectory="e34e948f-b53d-4568-8834-b5fe9e824445" />
    <UnitTestResult executionId="85a3aecc-3cfe-423e-aa38-382d394b2530" testId="69ef7d73-9070-4c1f-ba81-0546832d856a" testName="TFSTests.Agile.Boards.Settings.ViewModels FieldSettingsViewModel_ShowEmptyFieldsTurnedOff" computerName="TFSBUILD11" duration="00:00:00.0230000" startTime="2015-09-28T09:45:50.0145874-07:00" endTime="2015-09-28T09:45:50.0145874-07:00" testType="13cdc9d9-ddb5-4fa4-a97d-d965ccfc6d4b" outcome="Passed" testListId="8c84fa94-04c1-424b-9868-57a2d4851a1d" relativeResultsDirectory="85a3aecc-3cfe-423e-aa38-382d394b2530" />
    <UnitTestResult executionId="bb10e94c-8ee8-4c31-a77f-5af49b1b6e55" testId="4311e68d-d041-44dc-b43a-576aa6dce4f8" testName="TFSTests.Agile.Boards.Settings.ViewModels FieldSettingsViewModel_DirtyState_ChangingShowId" computerName="TFSBUILD11" duration="00:00:00.0250000" startTime="2015-09-28T09:45:50.2634331-07:00" endTime="2015-09-28T09:45:50.2634331-07:00" testType="13cdc9d9-ddb5-4fa4-a97d-d965ccfc6d4b" outcome="Passed" testListId="8c84fa94-04c1-424b-9868-57a2d4851a1d" relativeResultsDirectory="bb10e94c-8ee8-4c31-a77f-5af49b1b6e55" />
    <UnitTestResult executionId="8708991d-c672-450f-869d-1b0338cb8208" testId="9efcc714-f72c-438e-aca9-4faae3ad6a35" testName="TFSTests.Agile.Boards.Settings.ViewModels FieldSettingsViewModel_DirtyState_ChangingAssignedToFormat" computerName="TFSBUILD11" duration="00:00:00.0300000" startTime="2015-09-28T09:45:50.2634331-07:00" endTime="2015-09-28T09:45:50.2634331-07:00" testType="13cdc9d9-ddb5-4fa4-a97d-d965ccfc6d4b" outcome="Passed" testListId="8c84fa94-04c1-424b-9868-57a2d4851a1d" relativeResultsDirectory="8708991d-c672-450f-869d-1b0338cb8208" />
    <UnitTestResult executionId="3fc2c2cf-7f8d-4718-a700-e094e0533e88" testId="f8f3a6dc-cdbf-4f20-81b9-a57f09dff108" testName="TFSTests.Agile.Boards.Settings.ViewModels FieldSettingsViewModel_DirtyState_ChangeShowAssignedTo" computerName="TFSBUILD11" duration="00:00:00.0240000" startTime="2015-09-28T09:45:50.2634331-07:00" endTime="2015-09-28T09:45:50.2634331-07:00" testType="13cdc9d9-ddb5-4fa4-a97d-d965ccfc6d4b" outcome="Passed" testListId="8c84fa94-04c1-424b-9868-57a2d4851a1d" relativeResultsDirectory="3fc2c2cf-7f8d-4718-a700-e094e0533e88" />
    <UnitTestResult executionId="dede64f1-29c1-4ee8-a82d-71dac637d1aa" testId="242058fe-39a5-465a-b43e-829ef05336a6" testName="TFSTests.Agile.Boards.Settings.ViewModels FieldSettingsViewModel_DirtyState_ChangeShowTags" computerName="TFSBUILD11" duration="00:00:00.0210000" startTime="2015-09-28T09:45:50.2634331-07:00" endTime="2015-09-28T09:45:50.2634331-07:00" testType="13cdc9d9-ddb5-4fa4-a97d-d965ccfc6d4b" outcome="Passed" testListId="8c84fa94-04c1-424b-9868-57a2d4851a1d" relativeResultsDirectory="dede64f1-29c1-4ee8-a82d-71dac637d1aa" />
    <UnitTestResult executionId="de158ea6-ead8-4326-b04a-fbd14dde8c83" testId="2b0ad24d-109e-4a4a-a20e-e84813e6371b" testName="TFSTests.Agile.Boards.Settings.ViewModels FieldSettingsViewModel_DirtyState_ChangeShowEffortField" computerName="TFSBUILD11" duration="00:00:00.0220000" startTime="2015-09-28T09:45:50.2634331-07:00" endTime="2015-09-28T09:45:50.2634331-07:00" testType="13cdc9d9-ddb5-4fa4-a97d-d965ccfc6d4b" outcome="Passed" testListId="8c84fa94-04c1-424b-9868-57a2d4851a1d" relativeResultsDirectory="de158ea6-ead8-4326-b04a-fbd14dde8c83" />
    <UnitTestResult executionId="fa65ee2e-d2d6-4927-a657-6db013307938" testId="a5431af4-e457-4e87-8c59-b355abdfacae" testName="TFSTests.Agile.Boards.Settings.ViewModels FieldSettingsViewModel_DirtyState_ChangeShowEmptyFields" computerName="TFSBUILD11" duration="00:00:00.0270000" startTime="2015-09-28T09:45:50.2634331-07:00" endTime="2015-09-28T09:45:50.2634331-07:00" testType="13cdc9d9-ddb5-4fa4-a97d-d965ccfc6d4b" outcome="Passed" testListId="8c84fa94-04c1-424b-9868-57a2d4851a1d" relativeResultsDirectory="fa65ee2e-d2d6-4927-a657-6db013307938" />
    <UnitTestResult executionId="7378df5a-4b1d-477f-9891-4bb56c7094ea" testId="d0161f27-88c1-47fa-9f1c-f2e2c0cf51d8" testName="TFSTests.Agile.Boards.Settings.ViewModels FieldSettingsViewModel_DirtyState_AddEmptyAdditionalFields" computerName="TFSBUILD11" duration="00:00:00.0230000" startTime="2015-09-28T09:45:50.2634331-07:00" endTime="2015-09-28T09:45:50.2634331-07:00" testType="13cdc9d9-ddb5-4fa4-a97d-d965ccfc6d4b" outcome="Passed" testListId="8c84fa94-04c1-424b-9868-57a2d4851a1d" relativeResultsDirectory="7378df5a-4b1d-477f-9891-4bb56c7094ea" />
    <UnitTestResult executionId="b2a6efc7-ae72-4039-a1b2-31136ba69155" testId="c1239d9b-64a8-4b00-a40e-370eebb2e4df" testName="TFSTests.Agile.Boards.Settings.ViewModels FieldSettingsViewModel_DirtyState_AddMaxAdditionalFields" computerName="TFSBUILD11" duration="00:00:00.0410000" startTime="2015-09-28T09:45:50.2634331-07:00" endTime="2015-09-28T09:45:50.2634331-07:00" testType="13cdc9d9-ddb5-4fa4-a97d-d965ccfc6d4b" outcome="Passed" testListId="8c84fa94-04c1-424b-9868-57a2d4851a1d" relativeResultsDirectory="b2a6efc7-ae72-4039-a1b2-31136ba69155" />
    <UnitTestResult executionId="77f464b3-5b70-4157-a2fd-c4b9efdf6781" testId="989b61fe-2941-493e-bfe9-945b93dcf628" testName="TFSTests.Agile.Boards.Settings.ViewModels FieldSettingsViewModel_DirtyState_AddInvalidAdditionalFields" computerName="TFSBUILD11" duration="00:00:00.0380000" startTime="2015-09-28T09:45:50.2634331-07:00" endTime="2015-09-28T09:45:50.2634331-07:00" testType="13cdc9d9-ddb5-4fa4-a97d-d965ccfc6d4b" outcome="Passed" testListId="8c84fa94-04c1-424b-9868-57a2d4851a1d" relativeResultsDirectory="77f464b3-5b70-4157-a2fd-c4b9efdf6781" />
    <UnitTestResult executionId="d6958e55-91a3-4941-b79c-47e0dfdbb4f4" testId="a8ade0e6-1586-47a2-899f-90182fbc2dc4" testName="TFSTests.Agile.Boards.Settings.ViewModels FieldSettingsViewModel_DirtyState_AddDuplicateAdditionalFields" computerName="TFSBUILD11" duration="00:00:00.0450000" startTime="2015-09-28T09:45:50.5675890-07:00" endTime="2015-09-28T09:45:50.5675890-07:00" testType="13cdc9d9-ddb5-4fa4-a97d-d965ccfc6d4b" outcome="Passed" testListId="8c84fa94-04c1-424b-9868-57a2d4851a1d" relativeResultsDirectory="d6958e55-91a3-4941-b79c-47e0dfdbb4f4" />
    <UnitTestResult executionId="465fa99f-bdfd-424a-b539-c6be7fded14b" testId="c98e5bf3-8ef8-421a-a245-ecb1952134c6" testName="TFSTests.Agile.Boards.Settings.ViewModels FieldSettingsViewModel_AdditionalFieldErrorMessage_OnFocusAndBlur" computerName="TFSBUILD11" duration="00:00:00.0410000" startTime="2015-09-28T09:45:50.5675890-07:00" endTime="2015-09-28T09:45:50.5675890-07:00" testType="13cdc9d9-ddb5-4fa4-a97d-d965ccfc6d4b" outcome="Passed" testListId="8c84fa94-04c1-424b-9868-57a2d4851a1d" relativeResultsDirectory="465fa99f-bdfd-424a-b539-c6be7fded14b" />
    <UnitTestResult executionId="a397bfb0-5736-462b-b842-7ef36ea0ea8e" testId="4bf011ed-1778-42f3-b048-c1852cccc07a" testName="TFSTests.Agile.Boards.Settings.ViewModels FieldSettingsViewModel_DirtyState_RemoveAdditionalFields" computerName="TFSBUILD11" duration="00:00:00.0350000" startTime="2015-09-28T09:45:50.5675890-07:00" endTime="2015-09-28T09:45:50.5675890-07:00" testType="13cdc9d9-ddb5-4fa4-a97d-d965ccfc6d4b" outcome="Passed" testListId="8c84fa94-04c1-424b-9868-57a2d4851a1d" relativeResultsDirectory="a397bfb0-5736-462b-b842-7ef36ea0ea8e" />
    <UnitTestResult executionId="70d6b48e-b52e-4e90-b0da-0acfd4b1dfa9" testId="4571c9a4-ed20-42f4-a646-a47aa53c8665" testName="TFSTests.Agile.Boards.Settings.ViewModels FieldSettingsViewModel_RemoveAdditionalFields_CorrectsDuplicateErrorMessage" computerName="TFSBUILD11" duration="00:00:00.0520000" startTime="2015-09-28T09:45:50.5675890-07:00" endTime="2015-09-28T09:45:50.5675890-07:00" testType="13cdc9d9-ddb5-4fa4-a97d-d965ccfc6d4b" outcome="Passed" testListId="8c84fa94-04c1-424b-9868-57a2d4851a1d" relativeResultsDirectory="70d6b48e-b52e-4e90-b0da-0acfd4b1dfa9" />
    <UnitTestResult executionId="822008dc-bcda-431d-81b3-80fdb7ebb1fa" testId="c6611675-c739-46bf-aa8d-0679e1417d3b" testName="TFSTests.Agile.Boards.Settings.ViewModels FieldSettingsViewModel_OnReset" computerName="TFSBUILD11" duration="00:00:00.0320000" startTime="2015-09-28T09:45:50.5675890-07:00" endTime="2015-09-28T09:45:50.5675890-07:00" testType="13cdc9d9-ddb5-4fa4-a97d-d965ccfc6d4b" outcome="Passed" testListId="8c84fa94-04c1-424b-9868-57a2d4851a1d" relativeResultsDirectory="822008dc-bcda-431d-81b3-80fdb7ebb1fa" />
    <UnitTestResult executionId="81b51921-eb2e-4dc0-b814-5dda5c7df7b4" testId="23569941-2702-4a5e-949c-2fdb56b34e8a" testName="TFSTests.Agile.Boards.Settings.Controls BoardSettingsControls_WithBoardSettingsProvided" computerName="TFSBUILD11" duration="00:00:00.0200000" startTime="2015-09-28T09:45:50.5675890-07:00" endTime="2015-09-28T09:45:50.5675890-07:00" testType="13cdc9d9-ddb5-4fa4-a97d-d965ccfc6d4b" outcome="Passed" testListId="8c84fa94-04c1-424b-9868-57a2d4851a1d" relativeResultsDirectory="81b51921-eb2e-4dc0-b814-5dda5c7df7b4" />
    <UnitTestResult executionId="82135da3-760f-42d1-bc06-02f8096072d9" testId="179ead6e-b798-4d27-bf23-31918d694992" testName="TFSTests.Agile.Boards.Settings.Controls BoardSettingsControls_WithBoardNameProvided" computerName="TFSBUILD11" duration="00:00:00.0200000" startTime="2015-09-28T09:45:50.5675890-07:00" endTime="2015-09-28T09:45:50.5675890-07:00" testType="13cdc9d9-ddb5-4fa4-a97d-d965ccfc6d4b" outcome="Passed" testListId="8c84fa94-04c1-424b-9868-57a2d4851a1d" relativeResultsDirectory="82135da3-760f-42d1-bc06-02f8096072d9" />
    <UnitTestResult executionId="a7b30e30-e9ca-4a3c-8776-e804fc19312b" testId="c96067ff-a81c-448a-ac59-e1a4db5ee395" testName="TFSTests.Agile.Boards.Settings.Controls BoardSettingsControls_WithNoneProvided" computerName="TFSBUILD11" duration="00:00:00.0290000" startTime="2015-09-28T09:45:50.5675890-07:00" endTime="2015-09-28T09:45:50.5675890-07:00" testType="13cdc9d9-ddb5-4fa4-a97d-d965ccfc6d4b" outcome="Passed" testListId="8c84fa94-04c1-424b-9868-57a2d4851a1d" relativeResultsDirectory="a7b30e30-e9ca-4a3c-8776-e804fc19312b" />
    <UnitTestResult executionId="c209ae4e-d0ab-4f35-b7de-7e0ceb1dd089" testId="e6356a5a-0cff-403d-bafd-3c7acac66318" testName="TFSTests.Agile.Predicate.WIT WitPredicate_FieldTests_String" computerName="TFSBUILD11" duration="00:00:00.0290000" startTime="2015-09-28T09:45:50.5675890-07:00" endTime="2015-09-28T09:45:50.5675890-07:00" testType="13cdc9d9-ddb5-4fa4-a97d-d965ccfc6d4b" outcome="Passed" testListId="8c84fa94-04c1-424b-9868-57a2d4851a1d" relativeResultsDirectory="c209ae4e-d0ab-4f35-b7de-7e0ceb1dd089" />
    <UnitTestResult executionId="50d06ab8-1bf4-4112-9b52-646e99147871" testId="daf7ec92-e1c2-45a8-8a45-8ac171f2bf3e" testName="TFSTests.Agile.Predicate.WIT WitPredicate_FieldTests_PlainText" computerName="TFSBUILD11" duration="00:00:00.0160000" startTime="2015-09-28T09:45:50.7584811-07:00" endTime="2015-09-28T09:45:50.7584811-07:00" testType="13cdc9d9-ddb5-4fa4-a97d-d965ccfc6d4b" outcome="Passed" testListId="8c84fa94-04c1-424b-9868-57a2d4851a1d" relativeResultsDirectory="50d06ab8-1bf4-4112-9b52-646e99147871" />
    <UnitTestResult executionId="1103aa13-3559-42ea-98b1-928bca663db8" testId="0480abe3-cc31-4330-b7e8-e3a042791dda" testName="TFSTests.Agile.Predicate.WIT WitPredicate_FieldTests_TreePath" computerName="TFSBUILD11" duration="00:00:00.0250000" startTime="2015-09-28T09:45:50.7584811-07:00" endTime="2015-09-28T09:45:50.7584811-07:00" testType="13cdc9d9-ddb5-4fa4-a97d-d965ccfc6d4b" outcome="Passed" testListId="8c84fa94-04c1-424b-9868-57a2d4851a1d" relativeResultsDirectory="1103aa13-3559-42ea-98b1-928bca663db8" />
    <UnitTestResult executionId="19012c75-960e-4284-8b16-c37cf169bc66" testId="913ee140-19d6-4af6-8b6b-17b41729307b" testName="TFSTests.Agile.Predicate.WIT WitPredicate_FieldTests_Identity" computerName="TFSBUILD11" duration="00:00:00.0190000" startTime="2015-09-28T09:45:50.7594809-07:00" endTime="2015-09-28T09:45:50.7594809-07:00" testType="13cdc9d9-ddb5-4fa4-a97d-d965ccfc6d4b" outcome="Passed" testListId="8c84fa94-04c1-424b-9868-57a2d4851a1d" relativeResultsDirectory="19012c75-960e-4284-8b16-c37cf169bc66" />
    <UnitTestResult executionId="79505920-1a58-472c-a9cc-ab34e4448db7" testId="e566ccbc-353b-4c62-a0b6-223dd688c25e" testName="TFSTests.Agile.Predicate.WIT WitPredicate_FieldTests_GUID" computerName="TFSBUILD11" duration="00:00:00.0170000" startTime="2015-09-28T09:45:50.7594809-07:00" endTime="2015-09-28T09:45:50.7594809-07:00" testType="13cdc9d9-ddb5-4fa4-a97d-d965ccfc6d4b" outcome="Passed" testListId="8c84fa94-04c1-424b-9868-57a2d4851a1d" relativeResultsDirectory="79505920-1a58-472c-a9cc-ab34e4448db7" />
    <UnitTestResult executionId="cc9820d1-2124-4b35-8740-4c828260718c" testId="d86c30b4-d4bd-4278-9985-a88fb01f60fd" testName="TFSTests.Agile.Predicate.WIT WitPredicate_FieldTests_Boolean" computerName="TFSBUILD11" duration="00:00:00.0180000" startTime="2015-09-28T09:45:50.7594809-07:00" endTime="2015-09-28T09:45:50.7594809-07:00" testType="13cdc9d9-ddb5-4fa4-a97d-d965ccfc6d4b" outcome="Passed" testListId="8c84fa94-04c1-424b-9868-57a2d4851a1d" relativeResultsDirectory="cc9820d1-2124-4b35-8740-4c828260718c" />
    <UnitTestResult executionId="5d4e69d1-6187-422e-b417-8f4b6cafa648" testId="27acaa29-5c52-4c39-9de0-ae1195636d1c" testName="TFSTests.Agile.Predicate.WIT WitPredicate_FieldTests_Integer" computerName="TFSBUILD11" duration="00:00:00.0160000" startTime="2015-09-28T09:45:50.7594809-07:00" endTime="2015-09-28T09:45:50.7594809-07:00" testType="13cdc9d9-ddb5-4fa4-a97d-d965ccfc6d4b" outcome="Passed" testListId="8c84fa94-04c1-424b-9868-57a2d4851a1d" relativeResultsDirectory="5d4e69d1-6187-422e-b417-8f4b6cafa648" />
    <UnitTestResult executionId="5c3b121e-c149-4214-8505-6df4d8878072" testId="bcf3a1d4-3f08-40f6-84fa-3bc11adec296" testName="TFSTests.Agile.Predicate.WIT WitPredicate_FieldTests_Double" computerName="TFSBUILD11" duration="00:00:00.0230000" startTime="2015-09-28T09:45:50.7594809-07:00" endTime="2015-09-28T09:45:50.7594809-07:00" testType="13cdc9d9-ddb5-4fa4-a97d-d965ccfc6d4b" outcome="Passed" testListId="8c84fa94-04c1-424b-9868-57a2d4851a1d" relativeResultsDirectory="5c3b121e-c149-4214-8505-6df4d8878072" />
    <UnitTestResult executionId="c8ae9bc8-ef34-4170-b57d-de616193fb1d" testId="b6dfd4f4-dec1-4e7a-9e84-bfb81a38a2f3" testName="TFSTests.Agile.Predicate.WIT WitPredicate_FieldTests_DateTime" computerName="TFSBUILD11" duration="00:00:00.0210000" startTime="2015-09-28T09:45:50.7594809-07:00" endTime="2015-09-28T09:45:50.7594809-07:00" testType="13cdc9d9-ddb5-4fa4-a97d-d965ccfc6d4b" outcome="Passed" testListId="8c84fa94-04c1-424b-9868-57a2d4851a1d" relativeResultsDirectory="c8ae9bc8-ef34-4170-b57d-de616193fb1d" />
    <UnitTestResult executionId="8ce33a97-b6ac-4420-800d-da053a335943" testId="d1b42198-5280-4313-88aa-aa68989881bd" testName="TFSTests.Agile.Card.Controls.WIT CardRendering_VerifyTitleAssignedToAndEffort" computerName="TFSBUILD11" duration="00:00:00.0320000" startTime="2015-09-28T09:45:50.7594809-07:00" endTime="2015-09-28T09:45:50.7594809-07:00" testType="13cdc9d9-ddb5-4fa4-a97d-d965ccfc6d4b" outcome="Passed" testListId="8c84fa94-04c1-424b-9868-57a2d4851a1d" relativeResultsDirectory="8ce33a97-b6ac-4420-800d-da053a335943" />
    <UnitTestResult executionId="67fd71de-0f86-496d-b26d-306afb790f3c" testId="a74575e2-ec1b-4111-b1f2-ace0cd8889fe" testName="TFSTests.Agile.Card.Controls.WIT CardRendering_VerifyAssignedToAndEffortOptional" computerName="TFSBUILD11" duration="00:00:00.0150000" startTime="2015-09-28T09:45:50.9191422-07:00" endTime="2015-09-28T09:45:50.9191422-07:00" testType="13cdc9d9-ddb5-4fa4-a97d-d965ccfc6d4b" outcome="Passed" testListId="8c84fa94-04c1-424b-9868-57a2d4851a1d" relativeResultsDirectory="67fd71de-0f86-496d-b26d-306afb790f3c" />
    <UnitTestResult executionId="8958f7e4-3b2d-44af-a3ec-ffb59f1b0db9" testId="15de3b21-dddd-4c07-82b7-e5a727b1e017" testName="TFSTests.Agile.Card.Controls.WIT CardRendering_VerifyAssignedToAndEffortAsAdditionalFields" computerName="TFSBUILD11" duration="00:00:00.0180000" startTime="2015-09-28T09:45:50.9191422-07:00" endTime="2015-09-28T09:45:50.9191422-07:00" testType="13cdc9d9-ddb5-4fa4-a97d-d965ccfc6d4b" outcome="Passed" testListId="8c84fa94-04c1-424b-9868-57a2d4851a1d" relativeResultsDirectory="8958f7e4-3b2d-44af-a3ec-ffb59f1b0db9" />
    <UnitTestResult executionId="716b2554-744f-4e12-849e-727e3560a417" testId="79179baf-2e13-49ab-b6bf-6a3ffebd4a0c" testName="TFSTests.Agile.Card.Controls.WIT CardRendering_VerifyCoreFieldReRender" computerName="TFSBUILD11" duration="00:00:00.0180000" startTime="2015-09-28T09:45:50.9201258-07:00" endTime="2015-09-28T09:45:50.9201258-07:00" testType="13cdc9d9-ddb5-4fa4-a97d-d965ccfc6d4b" outcome="Passed" testListId="8c84fa94-04c1-424b-9868-57a2d4851a1d" relativeResultsDirectory="716b2554-744f-4e12-849e-727e3560a417" />
    <UnitTestResult executionId="d35f351d-c8d0-442b-9752-ec333863f3e1" testId="d72c5a3b-36a7-4584-9bb0-e80904d8aa9b" testName="TFSTests.Agile.Card.Controls.WIT CardRendering_VerifyIdentityFieldRender" computerName="TFSBUILD11" duration="00:00:00.0150000" startTime="2015-09-28T09:45:50.9201258-07:00" endTime="2015-09-28T09:45:50.9201258-07:00" testType="13cdc9d9-ddb5-4fa4-a97d-d965ccfc6d4b" outcome="Passed" testListId="8c84fa94-04c1-424b-9868-57a2d4851a1d" relativeResultsDirectory="d35f351d-c8d0-442b-9752-ec333863f3e1" />
    <UnitTestResult executionId="ca07df64-57db-40d6-aeee-be70a7e167a1" testId="dc5c3943-05c1-45c1-8ed0-cdece61511a3" testName="TFSTests.Agile.Card.Controls.WIT CardRendering_VerifyId" computerName="TFSBUILD11" duration="00:00:00.0220000" startTime="2015-09-28T09:45:50.9201258-07:00" endTime="2015-09-28T09:45:50.9201258-07:00" testType="13cdc9d9-ddb5-4fa4-a97d-d965ccfc6d4b" outcome="Passed" testListId="8c84fa94-04c1-424b-9868-57a2d4851a1d" relativeResultsDirectory="ca07df64-57db-40d6-aeee-be70a7e167a1" />
    <UnitTestResult executionId="c1a3fac6-095c-4d79-89cc-3f114e72d963" testId="ae6453c0-56a6-4e89-a48a-96862e6a36a3" testName="TFSTests.Agile.Card.Controls.WIT CardRendering_VerifyAssignedTo_FullName" computerName="TFSBUILD11" duration="00:00:00.0140000" startTime="2015-09-28T09:45:50.9201258-07:00" endTime="2015-09-28T09:45:50.9201258-07:00" testType="13cdc9d9-ddb5-4fa4-a97d-d965ccfc6d4b" outcome="Passed" testListId="8c84fa94-04c1-424b-9868-57a2d4851a1d" relativeResultsDirectory="c1a3fac6-095c-4d79-89cc-3f114e72d963" />
    <UnitTestResult executionId="e94e313c-0067-4ef8-a22e-fed79976c0f1" testId="5570fc65-643a-402c-901b-0a89353883ff" testName="TFSTests.Agile.Card.Controls.WIT CardRendering_VerifyAssignedTo_AvatarAndFullName" computerName="TFSBUILD11" duration="00:00:00.0160000" startTime="2015-09-28T09:45:50.9201258-07:00" endTime="2015-09-28T09:45:50.9201258-07:00" testType="13cdc9d9-ddb5-4fa4-a97d-d965ccfc6d4b" outcome="Passed" testListId="8c84fa94-04c1-424b-9868-57a2d4851a1d" relativeResultsDirectory="e94e313c-0067-4ef8-a22e-fed79976c0f1" />
    <UnitTestResult executionId="ba6b721a-849e-420d-82e9-2cdb4964bb38" testId="f649d551-3398-40da-bde2-b0a4b9aded7b" testName="TFSTests.Agile.Card.Controls.WIT CardRendering_VerifyAssignedTo_AvatarOnly" computerName="TFSBUILD11" duration="00:00:00.0160000" startTime="2015-09-28T09:45:50.9201258-07:00" endTime="2015-09-28T09:45:50.9201258-07:00" testType="13cdc9d9-ddb5-4fa4-a97d-d965ccfc6d4b" outcome="Passed" testListId="8c84fa94-04c1-424b-9868-57a2d4851a1d" relativeResultsDirectory="ba6b721a-849e-420d-82e9-2cdb4964bb38" />
    <UnitTestResult executionId="884bbea2-808e-46b3-a146-c4c68e1de005" testId="0f7ad54c-7eca-4184-a212-1e86a6b915f4" testName="TFSTests.Agile.Card.Controls.WIT CardRendering_VerifyTags" computerName="TFSBUILD11" duration="00:00:00.0210000" startTime="2015-09-28T09:45:50.9201258-07:00" endTime="2015-09-28T09:45:50.9201258-07:00" testType="13cdc9d9-ddb5-4fa4-a97d-d965ccfc6d4b" outcome="Passed" testListId="8c84fa94-04c1-424b-9868-57a2d4851a1d" relativeResultsDirectory="884bbea2-808e-46b3-a146-c4c68e1de005" />
    <UnitTestResult executionId="1fe28632-95e4-4f7f-b375-a5322e70d832" testId="8423f579-c664-4df6-8071-d16c31adbdc9" testName="TFSTests.Agile.Card.Controls.WIT CardRendering_VerifyTags_WithMaxCount" computerName="TFSBUILD11" duration="00:00:00.0400000" startTime="2015-09-28T09:45:51.1200269-07:00" endTime="2015-09-28T09:45:51.1200269-07:00" testType="13cdc9d9-ddb5-4fa4-a97d-d965ccfc6d4b" outcome="Passed" testListId="8c84fa94-04c1-424b-9868-57a2d4851a1d" relativeResultsDirectory="1fe28632-95e4-4f7f-b375-a5322e70d832" />
    <UnitTestResult executionId="d5706272-bd5f-4c9d-8923-ff4df065899b" testId="a81c9799-f134-43da-8bdf-76204ee3c001" testName="TFSTests.Agile.Card.Controls.WIT CardRendering_VerifyTags_WithTagCharacterLimit" computerName="TFSBUILD11" duration="00:00:00.0170000" startTime="2015-09-28T09:45:51.1200269-07:00" endTime="2015-09-28T09:45:51.1200269-07:00" testType="13cdc9d9-ddb5-4fa4-a97d-d965ccfc6d4b" outcome="Passed" testListId="8c84fa94-04c1-424b-9868-57a2d4851a1d" relativeResultsDirectory="d5706272-bd5f-4c9d-8923-ff4df065899b" />
    <UnitTestResult executionId="f6c44569-0712-4467-909f-e1b3c99077d4" testId="f1cdd990-499c-4d87-a435-46c6ee4efc58" testName="TFSTests.Agile.Card.Controls.WIT CardRendering_VerifyTreePath" computerName="TFSBUILD11" duration="00:00:00.0160000" startTime="2015-09-28T09:45:51.1210270-07:00" endTime="2015-09-28T09:45:51.1210270-07:00" testType="13cdc9d9-ddb5-4fa4-a97d-d965ccfc6d4b" outcome="Passed" testListId="8c84fa94-04c1-424b-9868-57a2d4851a1d" relativeResultsDirectory="f6c44569-0712-4467-909f-e1b3c99077d4" />
    <UnitTestResult executionId="8839b325-5353-4341-9442-923a0ccefbc5" testId="9bd19520-4799-4071-af63-691c2f83fe28" testName="TFSTests.Agile.Card.Controls.WIT CardRendering_VerifyIterationPath" computerName="TFSBUILD11" duration="00:00:00.0150000" startTime="2015-09-28T09:45:51.1210862-07:00" endTime="2015-09-28T09:45:51.1210862-07:00" testType="13cdc9d9-ddb5-4fa4-a97d-d965ccfc6d4b" outcome="Passed" testListId="8c84fa94-04c1-424b-9868-57a2d4851a1d" relativeResultsDirectory="8839b325-5353-4341-9442-923a0ccefbc5" />
    <UnitTestResult executionId="c852744f-5d66-4a5c-b9ce-a94a2b837878" testId="e50628d7-1ca9-425b-a28f-914f0bf9c609" testName="TFSTests.Agile.Card.Controls.WIT CardRendering_DateTime" computerName="TFSBUILD11" duration="00:00:00.0150000" startTime="2015-09-28T09:45:51.1210862-07:00" endTime="2015-09-28T09:45:51.1210862-07:00" testType="13cdc9d9-ddb5-4fa4-a97d-d965ccfc6d4b" outcome="Passed" testListId="8c84fa94-04c1-424b-9868-57a2d4851a1d" relativeResultsDirectory="c852744f-5d66-4a5c-b9ce-a94a2b837878" />
    <UnitTestResult executionId="9b6bfe7a-d395-4ab7-9dce-81baf2a46535" testId="ca955bb1-0083-4ee4-933e-8d81684b8e76" testName="TFSTests.Agile.Card.Controls.WIT CardRendering_GetFieldRenderer" computerName="TFSBUILD11" duration="00:00:00.0150000" startTime="2015-09-28T09:45:51.1210862-07:00" endTime="2015-09-28T09:45:51.1210862-07:00" testType="13cdc9d9-ddb5-4fa4-a97d-d965ccfc6d4b" outcome="Passed" testListId="8c84fa94-04c1-424b-9868-57a2d4851a1d" relativeResultsDirectory="9b6bfe7a-d395-4ab7-9dce-81baf2a46535" />
    <UnitTestResult executionId="f5bbf754-71c3-448c-a4b8-61691320725a" testId="01bdd005-c47a-4304-909f-d47e070dfed3" testName="TFSTests.Agile.Card.Controls.WIT CardRendering_GetEditableFieldRenderer" computerName="TFSBUILD11" duration="00:00:00.0200000" startTime="2015-09-28T09:45:51.1210862-07:00" endTime="2015-09-28T09:45:51.1210862-07:00" testType="13cdc9d9-ddb5-4fa4-a97d-d965ccfc6d4b" outcome="Passed" testListId="8c84fa94-04c1-424b-9868-57a2d4851a1d" relativeResultsDirectory="f5bbf754-71c3-448c-a4b8-61691320725a" />
    <UnitTestResult executionId="8577027f-7a44-4c7e-b110-bc0bf9cf9798" testId="7889c14f-3179-4eda-a824-088162489187" testName="TFSTests.Agile.Card.Controls.WIT CardFieldRenderedView" computerName="TFSBUILD11" duration="00:00:00.0430000" startTime="2015-09-28T09:45:51.1210862-07:00" endTime="2015-09-28T09:45:51.1210862-07:00" testType="13cdc9d9-ddb5-4fa4-a97d-d965ccfc6d4b" outcome="Passed" testListId="8c84fa94-04c1-424b-9868-57a2d4851a1d" relativeResultsDirectory="8577027f-7a44-4c7e-b110-bc0bf9cf9798" />
    <UnitTestResult executionId="c8263496-e243-4df4-b3cd-d1fc517d544f" testId="d1beebeb-9ad2-4d8f-ac40-c81e658faf29" testName="TFSTests.Agile.Card.Controls.WIT CardRendering_VerifyToolTip_OnShowLabel" computerName="TFSBUILD11" duration="00:00:00.0150000" startTime="2015-09-28T09:45:51.1210862-07:00" endTime="2015-09-28T09:45:51.1210862-07:00" testType="13cdc9d9-ddb5-4fa4-a97d-d965ccfc6d4b" outcome="Passed" testListId="8c84fa94-04c1-424b-9868-57a2d4851a1d" relativeResultsDirectory="c8263496-e243-4df4-b3cd-d1fc517d544f" />
    <UnitTestResult executionId="c610ad87-caf1-490e-8b16-7711f34ea879" testId="006d390d-77f1-4090-8cb3-aa478b119116" testName="TFSTests.Agile.Card.Controls.WIT CardRendering_OnHideLabel" computerName="TFSBUILD11" duration="00:00:00.0150000" startTime="2015-09-28T09:45:51.5641111-07:00" endTime="2015-09-28T09:45:51.5641111-07:00" testType="13cdc9d9-ddb5-4fa4-a97d-d965ccfc6d4b" outcome="Passed" testListId="8c84fa94-04c1-424b-9868-57a2d4851a1d" relativeResultsDirectory="c610ad87-caf1-490e-8b16-7711f34ea879" />
    <UnitTestResult executionId="5c7efdcc-3463-4b68-8835-bfee7cd27a4f" testId="1d2622c6-2992-4575-a07a-73de769c522a" testName="TFSTests.Agile.Card.Controls.WIT CardEditController" computerName="TFSBUILD11" duration="00:00:00.0270000" startTime="2015-09-28T09:45:51.5641111-07:00" endTime="2015-09-28T09:45:51.5641111-07:00" testType="13cdc9d9-ddb5-4fa4-a97d-d965ccfc6d4b" outcome="Passed" testListId="8c84fa94-04c1-424b-9868-57a2d4851a1d" relativeResultsDirectory="5c7efdcc-3463-4b68-8835-bfee7cd27a4f" />
    <UnitTestResult executionId="0e64a18f-e591-46cc-808a-81984feea055" testId="42be2ec7-f237-4ebc-bbbd-fbc248a641b6" testName="TFSTests.Agile.Card.Controls.WIT CardEditController EndEdit with Combo-cannot type" computerName="TFSBUILD11" duration="00:00:00.0940000" startTime="2015-09-28T09:45:51.5641111-07:00" endTime="2015-09-28T09:45:51.5641111-07:00" testType="13cdc9d9-ddb5-4fa4-a97d-d965ccfc6d4b" outcome="Passed" testListId="8c84fa94-04c1-424b-9868-57a2d4851a1d" relativeResultsDirectory="0e64a18f-e591-46cc-808a-81984feea055" />
    <UnitTestResult executionId="90cbdc14-0596-4d81-bf67-2bfec5d11854" testId="5321c591-9400-447c-b50e-b6850228de9c" testName="TFSTests.Agile.Card.Controls.WIT CardFieldComboKeyboardNavigationPropogation" computerName="TFSBUILD11" duration="00:00:00.0340000" startTime="2015-09-28T09:45:51.5641111-07:00" endTime="2015-09-28T09:45:51.5641111-07:00" testType="13cdc9d9-ddb5-4fa4-a97d-d965ccfc6d4b" outcome="Passed" testListId="8c84fa94-04c1-424b-9868-57a2d4851a1d" relativeResultsDirectory="90cbdc14-0596-4d81-bf67-2bfec5d11854" />
    <UnitTestResult executionId="cf82e12a-3a42-4136-8aa3-392ea95dbceb" testId="bab149a6-a248-4ca2-9548-4b065fd996ed" testName="TFSTests.Agile.Card.Controls.WIT CardEditController Title Edit" computerName="TFSBUILD11" duration="00:00:00.0460000" startTime="2015-09-28T09:45:51.5641111-07:00" endTime="2015-09-28T09:45:51.5641111-07:00" testType="13cdc9d9-ddb5-4fa4-a97d-d965ccfc6d4b" outcome="Passed" testListId="8c84fa94-04c1-424b-9868-57a2d4851a1d" relativeResultsDirectory="cf82e12a-3a42-4136-8aa3-392ea95dbceb" />
    <UnitTestResult executionId="a1f08250-9076-4f7f-9b3a-b9f789e83679" testId="30b9e129-83dd-4c71-a3ef-3bda097b4493" testName="TFSTests.Agile.Card.Controls.WIT BoardCardEditController" computerName="TFSBUILD11" duration="00:00:00.1580000" startTime="2015-09-28T09:45:51.5641111-07:00" endTime="2015-09-28T09:45:51.5641111-07:00" testType="13cdc9d9-ddb5-4fa4-a97d-d965ccfc6d4b" outcome="Passed" testListId="8c84fa94-04c1-424b-9868-57a2d4851a1d" relativeResultsDirectory="a1f08250-9076-4f7f-9b3a-b9f789e83679" />
    <UnitTestResult executionId="edf3b936-ef55-4eb0-ae28-348c031643c4" testId="72ac04d7-8ad2-434a-a5a0-2a79274f70b3" testName="TFSTests.Agile.Card.Controls.WIT BoardCardEditController_EditFieldAfterAddNewItem" computerName="TFSBUILD11" duration="00:00:00.0290000" startTime="2015-09-28T09:45:51.5641111-07:00" endTime="2015-09-28T09:45:51.5641111-07:00" testType="13cdc9d9-ddb5-4fa4-a97d-d965ccfc6d4b" outcome="Passed" testListId="8c84fa94-04c1-424b-9868-57a2d4851a1d" relativeResultsDirectory="edf3b936-ef55-4eb0-ae28-348c031643c4" />
    <UnitTestResult executionId="910e5c74-e9f1-4861-bfda-04fdb422fb75" testId="a8f89e46-f18a-436b-be48-c60515882ab0" testName="TFSTests.Agile.Card.Controls.WIT CardFieldendering_EditableCardFieldView_EscapedHTML" computerName="TFSBUILD11" duration="00:00:00.0170000" startTime="2015-09-28T09:45:51.5641111-07:00" endTime="2015-09-28T09:45:51.5641111-07:00" testType="13cdc9d9-ddb5-4fa4-a97d-d965ccfc6d4b" outcome="Passed" testListId="8c84fa94-04c1-424b-9868-57a2d4851a1d" relativeResultsDirectory="910e5c74-e9f1-4861-bfda-04fdb422fb75" />
    <UnitTestResult executionId="d0d7626e-bd95-4a44-aa09-012cf9534168" testId="2bd4554f-6b96-40f5-965f-ea6dfea92f8f" testName="TFSTests.Agile.Card.Controls.WIT CardFieldComboControl_FireInputChanged" computerName="TFSBUILD11" duration="00:00:00.0160000" startTime="2015-09-28T09:45:51.5641111-07:00" endTime="2015-09-28T09:45:51.5641111-07:00" testType="13cdc9d9-ddb5-4fa4-a97d-d965ccfc6d4b" outcome="Passed" testListId="8c84fa94-04c1-424b-9868-57a2d4851a1d" relativeResultsDirectory="d0d7626e-bd95-4a44-aa09-012cf9534168" />
    <UnitTestResult executionId="ca495767-4c4e-410e-95dc-402cadecdb6a" testId="81df3290-d667-466b-a0e8-5e7cfbea8cc9" testName="TFSTests.Agile.Card.Controls.WIT CardFieldTitleControl_InputValidationOnEditEnd" computerName="TFSBUILD11" duration="00:00:00.0160000" startTime="2015-09-28T09:45:51.7393799-07:00" endTime="2015-09-28T09:45:51.7393799-07:00" testType="13cdc9d9-ddb5-4fa4-a97d-d965ccfc6d4b" outcome="Passed" testListId="8c84fa94-04c1-424b-9868-57a2d4851a1d" relativeResultsDirectory="ca495767-4c4e-410e-95dc-402cadecdb6a" />
    <UnitTestResult executionId="203c5da5-26ee-4ed1-97d6-6b1125414b3f" testId="d90892f9-8815-49cc-824e-aced531da963" testName="TFSTests.Agile.Card.Controls.WIT TaskListCollectionViewModel_DiscardNewItems" computerName="TFSBUILD11" duration="00:00:00.0240000" startTime="2015-09-28T09:45:51.7393799-07:00" endTime="2015-09-28T09:45:51.7393799-07:00" testType="13cdc9d9-ddb5-4fa4-a97d-d965ccfc6d4b" outcome="Passed" testListId="8c84fa94-04c1-424b-9868-57a2d4851a1d" relativeResultsDirectory="203c5da5-26ee-4ed1-97d6-6b1125414b3f" />
    <UnitTestResult executionId="ff9d3f70-d39f-4476-81bd-ce17288cdd92" testId="0709384d-cbd8-463a-ae93-270b112545d8" testName="TFSTests.Agile.Card.Controls.WIT TaskListCollectionViewModel_RemovesItem" computerName="TFSBUILD11" duration="00:00:00.0180000" startTime="2015-09-28T09:45:51.7393799-07:00" endTime="2015-09-28T09:45:51.7393799-07:00" testType="13cdc9d9-ddb5-4fa4-a97d-d965ccfc6d4b" outcome="Passed" testListId="8c84fa94-04c1-424b-9868-57a2d4851a1d" relativeResultsDirectory="ff9d3f70-d39f-4476-81bd-ce17288cdd92" />
    <UnitTestResult executionId="a36bb0fd-5d64-45fd-910f-d3395db2d281" testId="0e41eff3-8c89-4519-96d1-f7b4bcc8f5bf" testName="TFSTests.Agile.Card.Controls.WIT TaskListCollectionViewModel_AddsNewItem" computerName="TFSBUILD11" duration="00:00:00.0180000" startTime="2015-09-28T09:45:51.7393799-07:00" endTime="2015-09-28T09:45:51.7393799-07:00" testType="13cdc9d9-ddb5-4fa4-a97d-d965ccfc6d4b" outcome="Passed" testListId="8c84fa94-04c1-424b-9868-57a2d4851a1d" relativeResultsDirectory="a36bb0fd-5d64-45fd-910f-d3395db2d281" />
    <UnitTestResult executionId="5458c18b-4f56-46c6-b158-5b40cc57d20d" testId="5a91a0b1-8e14-4969-9640-5509711f9756" testName="TFSTests.Agile.Card.Controls.WIT TaskListCollectionViewModel_Dispose" computerName="TFSBUILD11" duration="00:00:00.0150000" startTime="2015-09-28T09:45:51.7393799-07:00" endTime="2015-09-28T09:45:51.7393799-07:00" testType="13cdc9d9-ddb5-4fa4-a97d-d965ccfc6d4b" outcome="Passed" testListId="8c84fa94-04c1-424b-9868-57a2d4851a1d" relativeResultsDirectory="5458c18b-4f56-46c6-b158-5b40cc57d20d" />
    <UnitTestResult executionId="9cbfa791-5204-499e-bc19-4ca28700d543" testId="b0183a47-12ef-420e-b153-bc4a0a25bf66" testName="TFSTests.Agile.Card.Controls.WIT TaskViewModel_StartAndEndEdit" computerName="TFSBUILD11" duration="00:00:00.0190000" startTime="2015-09-28T09:45:51.7393799-07:00" endTime="2015-09-28T09:45:51.7393799-07:00" testType="13cdc9d9-ddb5-4fa4-a97d-d965ccfc6d4b" outcome="Passed" testListId="8c84fa94-04c1-424b-9868-57a2d4851a1d" relativeResultsDirectory="9cbfa791-5204-499e-bc19-4ca28700d543" />
    <UnitTestResult executionId="576c0b87-488a-4138-92b7-969426829d53" testId="4ba43913-5c74-4d10-83ec-fa83b2fb9d7c" testName="TFSTests.Agile.Card.Controls.WIT TaskViewModel_isSavingCorrectWhenItemIsMarkedComplete" computerName="TFSBUILD11" duration="00:00:00.0160000" startTime="2015-09-28T09:45:51.7393799-07:00" endTime="2015-09-28T09:45:51.7393799-07:00" testType="13cdc9d9-ddb5-4fa4-a97d-d965ccfc6d4b" outcome="Passed" testListId="8c84fa94-04c1-424b-9868-57a2d4851a1d" relativeResultsDirectory="576c0b87-488a-4138-92b7-969426829d53" />
    <UnitTestResult executionId="4c89b3f6-ccfa-4adc-aea4-7592f47484de" testId="27b45c84-f6bc-44cc-b0e7-152f303fa20d" testName="TFSTests.Agile.CardStyling.Dialog StyleRuleViewModel_VerifyDefaultValues" computerName="TFSBUILD11" duration="00:00:00.0230000" startTime="2015-09-28T09:45:51.7393799-07:00" endTime="2015-09-28T09:45:51.7393799-07:00" testType="13cdc9d9-ddb5-4fa4-a97d-d965ccfc6d4b" outcome="Passed" testListId="8c84fa94-04c1-424b-9868-57a2d4851a1d" relativeResultsDirectory="4c89b3f6-ccfa-4adc-aea4-7592f47484de" />
    <UnitTestResult executionId="fc17bc0e-b28f-40d2-a688-535351c66c32" testId="53dc8075-49ce-4210-9f69-e71e9345ebe2" testName="TFSTests.Agile.CardStyling.Dialog StyleRuleViewModel_VerifyAddNewStyleRule" computerName="TFSBUILD11" duration="00:00:00.0220000" startTime="2015-09-28T09:45:51.7393799-07:00" endTime="2015-09-28T09:45:51.7393799-07:00" testType="13cdc9d9-ddb5-4fa4-a97d-d965ccfc6d4b" outcome="Passed" testListId="8c84fa94-04c1-424b-9868-57a2d4851a1d" relativeResultsDirectory="fc17bc0e-b28f-40d2-a688-535351c66c32" />
    <UnitTestResult executionId="2b92a60b-a1b8-43ec-902e-18f70b433d43" testId="bf13d80b-996b-4cd9-8acc-61ae03ca7bd7" testName="TFSTests.Agile.CardStyling.Dialog StyleRuleViewModel_VerifyAddNewStyleRule_Disable" computerName="TFSBUILD11" duration="00:00:00.0520000" startTime="2015-09-28T09:45:52.0340160-07:00" endTime="2015-09-28T09:45:52.0340160-07:00" testType="13cdc9d9-ddb5-4fa4-a97d-d965ccfc6d4b" outcome="Passed" testListId="8c84fa94-04c1-424b-9868-57a2d4851a1d" relativeResultsDirectory="2b92a60b-a1b8-43ec-902e-18f70b433d43" />
    <UnitTestResult executionId="4efa53b1-edea-4bb4-ab14-d389a7eeb8a9" testId="647ada1c-7e59-4396-b267-8a826499c9bc" testName="TFSTests.Agile.CardStyling.Dialog StyleRuleViewModel_VerifyRuleSelection" computerName="TFSBUILD11" duration="00:00:00.0220000" startTime="2015-09-28T09:45:52.0340160-07:00" endTime="2015-09-28T09:45:52.0340160-07:00" testType="13cdc9d9-ddb5-4fa4-a97d-d965ccfc6d4b" outcome="Passed" testListId="8c84fa94-04c1-424b-9868-57a2d4851a1d" relativeResultsDirectory="4efa53b1-edea-4bb4-ab14-d389a7eeb8a9" />
    <UnitTestResult executionId="8a45eb5e-85cf-430e-83ed-59247f94fbd6" testId="31aa1025-c240-43af-a659-bcd217e15579" testName="TFSTests.Agile.CardStyling.Dialog StyleRuleViewModel_VerifyTitleStyling" computerName="TFSBUILD11" duration="00:00:00.0210000" startTime="2015-09-28T09:45:52.0340160-07:00" endTime="2015-09-28T09:45:52.0340160-07:00" testType="13cdc9d9-ddb5-4fa4-a97d-d965ccfc6d4b" outcome="Passed" testListId="8c84fa94-04c1-424b-9868-57a2d4851a1d" relativeResultsDirectory="8a45eb5e-85cf-430e-83ed-59247f94fbd6" />
    <UnitTestResult executionId="1ad93475-72c4-471c-9aa0-557d1b7b66c8" testId="49ddef8d-426f-475d-ac38-739443f6122c" testName="TFSTests.Agile.CardStyling.Dialog StyleRuleViewModel_VerifyRuleDeletion" computerName="TFSBUILD11" duration="00:00:00.0280000" startTime="2015-09-28T09:45:52.0340160-07:00" endTime="2015-09-28T09:45:52.0340160-07:00" testType="13cdc9d9-ddb5-4fa4-a97d-d965ccfc6d4b" outcome="Passed" testListId="8c84fa94-04c1-424b-9868-57a2d4851a1d" relativeResultsDirectory="1ad93475-72c4-471c-9aa0-557d1b7b66c8" />
    <UnitTestResult executionId="7da1fa70-93af-4ede-9eab-2f2843dcbd5a" testId="992dd3fa-e261-4249-a120-235f7eb3fdaa" testName="TFSTests.Agile.CardStyling.Dialog StyleRuleViewModel_VerifyMoveRule" computerName="TFSBUILD11" duration="00:00:00.0880000" startTime="2015-09-28T09:45:52.0340160-07:00" endTime="2015-09-28T09:45:52.0340160-07:00" testType="13cdc9d9-ddb5-4fa4-a97d-d965ccfc6d4b" outcome="Passed" testListId="8c84fa94-04c1-424b-9868-57a2d4851a1d" relativeResultsDirectory="7da1fa70-93af-4ede-9eab-2f2843dcbd5a" />
    <UnitTestResult executionId="e3b459da-d664-43fb-b703-8ff1e489825c" testId="b06dbabf-e02d-4c3c-a80a-bf70864e0aba" testName="TFSTests.Agile.CardStyling.Dialog StyleRuleViewModel_VerifyContextMenuVisiblity" computerName="TFSBUILD11" duration="00:00:00.0190000" startTime="2015-09-28T09:45:52.0340160-07:00" endTime="2015-09-28T09:45:52.0340160-07:00" testType="13cdc9d9-ddb5-4fa4-a97d-d965ccfc6d4b" outcome="Passed" testListId="8c84fa94-04c1-424b-9868-57a2d4851a1d" relativeResultsDirectory="e3b459da-d664-43fb-b703-8ff1e489825c" />
    <UnitTestResult executionId="fb953658-942e-42e6-ae58-64d9b172fc43" testId="6d9d7c19-34e3-49c0-9306-286bcfd92047" testName="TFSTests.Agile.CardStyling.Dialog StyleRuleViewModel_VerifyState" computerName="TFSBUILD11" duration="00:00:00.0160000" startTime="2015-09-28T09:45:52.0340160-07:00" endTime="2015-09-28T09:45:52.0340160-07:00" testType="13cdc9d9-ddb5-4fa4-a97d-d965ccfc6d4b" outcome="Passed" testListId="8c84fa94-04c1-424b-9868-57a2d4851a1d" relativeResultsDirectory="fb953658-942e-42e6-ae58-64d9b172fc43" />
    <UnitTestResult executionId="5b1b02b2-12fd-401b-a22a-a7bf53ecfb16" testId="caca1ba0-1b04-4d5a-9be4-a9b491cfbedf" testName="TFSTests.Agile.CardStyling.Dialog StyleRuleViewModel_EmptyNameCheck" computerName="TFSBUILD11" duration="00:00:00.0160000" startTime="2015-09-28T09:45:52.0340160-07:00" endTime="2015-09-28T09:45:52.0340160-07:00" testType="13cdc9d9-ddb5-4fa4-a97d-d965ccfc6d4b" outcome="Passed" testListId="8c84fa94-04c1-424b-9868-57a2d4851a1d" relativeResultsDirectory="5b1b02b2-12fd-401b-a22a-a7bf53ecfb16" />
    <UnitTestResult executionId="8b35e6d8-4d1e-4e35-b17e-75168324db6a" testId="335e1761-f71f-4e37-817d-4e5dd71281c5" testName="TFSTests.Agile.CardStyling.Dialog TagRuleViewModel_VerifyDefaultValues" computerName="TFSBUILD11" duration="00:00:00.0260000" startTime="2015-09-28T09:45:52.0340160-07:00" endTime="2015-09-28T09:45:52.0340160-07:00" testType="13cdc9d9-ddb5-4fa4-a97d-d965ccfc6d4b" outcome="Passed" testListId="8c84fa94-04c1-424b-9868-57a2d4851a1d" relativeResultsDirectory="8b35e6d8-4d1e-4e35-b17e-75168324db6a" />
    <UnitTestResult executionId="0bf8f849-462a-4e97-ace5-8be8bde80bda" testId="a8d52473-f1b6-4329-b110-615442be5d2a" testName="TFSTests.Agile.CardStyling.Dialog TagRuleViewModel_VerifyAddNewTagRule" computerName="TFSBUILD11" duration="00:00:00.0270000" startTime="2015-09-28T09:45:52.2931142-07:00" endTime="2015-09-28T09:45:52.2931142-07:00" testType="13cdc9d9-ddb5-4fa4-a97d-d965ccfc6d4b" outcome="Passed" testListId="8c84fa94-04c1-424b-9868-57a2d4851a1d" relativeResultsDirectory="0bf8f849-462a-4e97-ace5-8be8bde80bda" />
    <UnitTestResult executionId="93d38626-21f7-45e6-bc2f-955281d9be93" testId="d854b04e-52a6-4261-b5c7-cd2a30de5a07" testName="TFSTests.Agile.CardStyling.Dialog TagRuleViewModel_VerifyTagRuleDeletion" computerName="TFSBUILD11" duration="00:00:00.0230000" startTime="2015-09-28T09:45:52.2931142-07:00" endTime="2015-09-28T09:45:52.2931142-07:00" testType="13cdc9d9-ddb5-4fa4-a97d-d965ccfc6d4b" outcome="Passed" testListId="8c84fa94-04c1-424b-9868-57a2d4851a1d" relativeResultsDirectory="93d38626-21f7-45e6-bc2f-955281d9be93" />
    <UnitTestResult executionId="b7b7136b-48d6-4fa6-b706-7ebeb2ce4dd7" testId="b5a2e008-b00e-4c19-b6ce-ca1fd4c216ea" testName="TFSTests.Agile.CardStyling.Dialog TagRuleViewModel_VerifyStateChange" computerName="TFSBUILD11" duration="00:00:00.0210000" startTime="2015-09-28T09:45:52.2931142-07:00" endTime="2015-09-28T09:45:52.2931142-07:00" testType="13cdc9d9-ddb5-4fa4-a97d-d965ccfc6d4b" outcome="Passed" testListId="8c84fa94-04c1-424b-9868-57a2d4851a1d" relativeResultsDirectory="b7b7136b-48d6-4fa6-b706-7ebeb2ce4dd7" />
    <UnitTestResult executionId="2cc9816b-4b5a-47af-97aa-bc33eeb4ec69" testId="3f393769-7cf3-4666-9290-202f97470665" testName="TFSTests.Agile.CardStyling.Dialog TagRuleViewModel_VerifyIsEditableBehavior" computerName="TFSBUILD11" duration="00:00:00.0220000" startTime="2015-09-28T09:45:52.2941154-07:00" endTime="2015-09-28T09:45:52.2941154-07:00" testType="13cdc9d9-ddb5-4fa4-a97d-d965ccfc6d4b" outcome="Passed" testListId="8c84fa94-04c1-424b-9868-57a2d4851a1d" relativeResultsDirectory="2cc9816b-4b5a-47af-97aa-bc33eeb4ec69" />
    <UnitTestResult executionId="9e0dd607-b3c4-47d5-a405-b55b48f994fd" testId="0f6aef32-0988-4b67-b681-53f7ebd63d59" testName="TFSTests.Agile.CardStyling.Dialog TagRuleViewModel_TagRuleNameValidation" computerName="TFSBUILD11" duration="00:00:00.0240000" startTime="2015-09-28T09:45:52.2941154-07:00" endTime="2015-09-28T09:45:52.2941154-07:00" testType="13cdc9d9-ddb5-4fa4-a97d-d965ccfc6d4b" outcome="Passed" testListId="8c84fa94-04c1-424b-9868-57a2d4851a1d" relativeResultsDirectory="9e0dd607-b3c4-47d5-a405-b55b48f994fd" />
    <UnitTestResult executionId="bb6b148f-2178-482d-9f65-e11bb8d2ed40" testId="ed7bc0bb-5131-42f3-bdef-448879bba930" testName="TFSTests.Agile.CardStyling.Dialog TagRuleViewModel_VerifyTagRuleMaxCountBehavior" computerName="TFSBUILD11" duration="00:00:00.0510000" startTime="2015-09-28T09:45:52.2941154-07:00" endTime="2015-09-28T09:45:52.2941154-07:00" testType="13cdc9d9-ddb5-4fa4-a97d-d965ccfc6d4b" outcome="Passed" testListId="8c84fa94-04c1-424b-9868-57a2d4851a1d" relativeResultsDirectory="bb6b148f-2178-482d-9f65-e11bb8d2ed40" />
    <UnitTestResult executionId="ebc0b8cf-9f3e-4718-9cec-05f8811dd05f" testId="52d2340a-04ae-4b09-94a7-2fcb91deadc2" testName="TFSTests.Agile.CardStyling.Dialog StyleRuleViewModel_CloneRule" computerName="TFSBUILD11" duration="00:00:00.0220000" startTime="2015-09-28T09:45:52.2941154-07:00" endTime="2015-09-28T09:45:52.2941154-07:00" testType="13cdc9d9-ddb5-4fa4-a97d-d965ccfc6d4b" outcome="Passed" testListId="8c84fa94-04c1-424b-9868-57a2d4851a1d" relativeResultsDirectory="ebc0b8cf-9f3e-4718-9cec-05f8811dd05f" />
    <UnitTestResult executionId="ed244200-5c66-4c35-99fe-e18b2d44f229" testId="e18383bd-933b-4141-93bc-fbab3a8b530b" testName="TFSTests.Agile.CardStyling.Dialog StyleRuleViewModel_CloneRule_MaxCount" computerName="TFSBUILD11" duration="00:00:00.0380000" startTime="2015-09-28T09:45:52.2941154-07:00" endTime="2015-09-28T09:45:52.2941154-07:00" testType="13cdc9d9-ddb5-4fa4-a97d-d965ccfc6d4b" outcome="Passed" testListId="8c84fa94-04c1-424b-9868-57a2d4851a1d" relativeResultsDirectory="ed244200-5c66-4c35-99fe-e18b2d44f229" />
    <UnitTestResult executionId="bc4181ff-364c-4951-8696-199466878bfa" testId="2d1c5ec2-0bf3-4e19-bbf8-c2b6124991d9" testName="TFSTests.Agile.CardStyling.Dialog StyleRuleViewModel_VerifyValidationOfWiql" computerName="TFSBUILD11" duration="00:00:00.0200000" startTime="2015-09-28T09:45:52.2941154-07:00" endTime="2015-09-28T09:45:52.2941154-07:00" testType="13cdc9d9-ddb5-4fa4-a97d-d965ccfc6d4b" outcome="Passed" testListId="8c84fa94-04c1-424b-9868-57a2d4851a1d" relativeResultsDirectory="bc4181ff-364c-4951-8696-199466878bfa" />
    <UnitTestResult executionId="e5743f42-c556-4f56-8213-e41b55232753" testId="6c80e1cb-1f99-41cb-9b0c-320f12e4c9ec" testName="TFSTests.Agile.CardStyling.Dialog StyleRuleViewModel_DuplicateNameCheck" computerName="TFSBUILD11" duration="00:00:00.0210000" startTime="2015-09-28T09:45:52.5334887-07:00" endTime="2015-09-28T09:45:52.5334887-07:00" testType="13cdc9d9-ddb5-4fa4-a97d-d965ccfc6d4b" outcome="Passed" testListId="8c84fa94-04c1-424b-9868-57a2d4851a1d" relativeResultsDirectory="e5743f42-c556-4f56-8213-e41b55232753" />
    <UnitTestResult executionId="f045363a-7c79-4375-a2a8-771185c01656" testId="11b8fc2a-5f00-46d6-83ee-f34a25538f73" testName="TFSTests.Agile.CardStyling.Dialog StyleRuleViewModel_VerifyValidationOfEmptyWiql" computerName="TFSBUILD11" duration="00:00:00.0210000" startTime="2015-09-28T09:45:52.5344874-07:00" endTime="2015-09-28T09:45:52.5344874-07:00" testType="13cdc9d9-ddb5-4fa4-a97d-d965ccfc6d4b" outcome="Passed" testListId="8c84fa94-04c1-424b-9868-57a2d4851a1d" relativeResultsDirectory="f045363a-7c79-4375-a2a8-771185c01656" />
    <UnitTestResult executionId="7babca5c-bdcd-442f-9585-8473ce0d7d15" testId="a6ed2ecc-0204-46bd-8497-85d02250e0fa" testName="TFSTests.Agile.CardStyling.Dialog StyleRuleViewModel_EmptyWiqlErrorOnNewRuleCollapse" computerName="TFSBUILD11" duration="00:00:00.0200000" startTime="2015-09-28T09:45:52.5344874-07:00" endTime="2015-09-28T09:45:52.5344874-07:00" testType="13cdc9d9-ddb5-4fa4-a97d-d965ccfc6d4b" outcome="Passed" testListId="8c84fa94-04c1-424b-9868-57a2d4851a1d" relativeResultsDirectory="7babca5c-bdcd-442f-9585-8473ce0d7d15" />
    <UnitTestResult executionId="ff2b5a2d-2595-4bd0-87d5-5d794377ae68" testId="82828342-28a6-4d80-8672-788cf9c9fc54" testName="TFSTests.Agile.CardStyling.Dialog StyleRuleViewModel_EmptyWiqlErrorOnAnotherRuleExpansion" computerName="TFSBUILD11" duration="00:00:00.0200000" startTime="2015-09-28T09:45:52.5344874-07:00" endTime="2015-09-28T09:45:52.5344874-07:00" testType="13cdc9d9-ddb5-4fa4-a97d-d965ccfc6d4b" outcome="Passed" testListId="8c84fa94-04c1-424b-9868-57a2d4851a1d" relativeResultsDirectory="ff2b5a2d-2595-4bd0-87d5-5d794377ae68" />
    <UnitTestResult executionId="80db420d-3e93-46f3-9783-2341f527ec07" testId="c1096253-b3e4-43a8-bf23-a79ddb4f9e26" testName="TFSTests.Agile.CardStyling.Dialog StyleRuleCriteriaControl_SetCriteriaAsNull" computerName="TFSBUILD11" duration="00:00:00.0280000" startTime="2015-09-28T09:45:52.5344874-07:00" endTime="2015-09-28T09:45:52.5344874-07:00" testType="13cdc9d9-ddb5-4fa4-a97d-d965ccfc6d4b" outcome="Passed" testListId="8c84fa94-04c1-424b-9868-57a2d4851a1d" relativeResultsDirectory="80db420d-3e93-46f3-9783-2341f527ec07" />
    <UnitTestResult executionId="e8b5beb4-213f-4f42-9c66-1b18dd25377b" testId="2b05c7d3-bed8-436c-9163-9eb257019187" testName="TFSTests.Agile.CardStyling.Dialog StyleRuleCriteriaControl_SetCriteria" computerName="TFSBUILD11" duration="00:00:00.0380000" startTime="2015-09-28T09:45:52.5344874-07:00" endTime="2015-09-28T09:45:52.5344874-07:00" testType="13cdc9d9-ddb5-4fa4-a97d-d965ccfc6d4b" outcome="Passed" testListId="8c84fa94-04c1-424b-9868-57a2d4851a1d" relativeResultsDirectory="e8b5beb4-213f-4f42-9c66-1b18dd25377b" />
    <UnitTestResult executionId="3d44fde0-e2c1-4536-be40-16717d3eaf34" testId="9f8c4cab-eab5-416d-ad92-b3b9ce3f131b" testName="TFSTests.Agile.CardStyling.Dialog StyleRuleCriteriaControl_GroupingColumnIsHidden" computerName="TFSBUILD11" duration="00:00:00.0340000" startTime="2015-09-28T09:45:52.5344874-07:00" endTime="2015-09-28T09:45:52.5344874-07:00" testType="13cdc9d9-ddb5-4fa4-a97d-d965ccfc6d4b" outcome="Passed" testListId="8c84fa94-04c1-424b-9868-57a2d4851a1d" relativeResultsDirectory="3d44fde0-e2c1-4536-be40-16717d3eaf34" />
    <UnitTestResult executionId="8b7efa3a-059a-4753-8c66-19f6e009ec2a" testId="b6cc199c-873e-4489-9395-92e478bcfb1d" testName="TFSTests.Agile.CardStyling.Dialog StyleRuleCriteriaControl_VerifyUpdateAndOrControl" computerName="TFSBUILD11" duration="00:00:00.0360000" startTime="2015-09-28T09:45:52.5344874-07:00" endTime="2015-09-28T09:45:52.5344874-07:00" testType="13cdc9d9-ddb5-4fa4-a97d-d965ccfc6d4b" outcome="Passed" testListId="8c84fa94-04c1-424b-9868-57a2d4851a1d" relativeResultsDirectory="8b7efa3a-059a-4753-8c66-19f6e009ec2a" />
    <UnitTestResult executionId="d45eebb4-56e3-4219-9e22-09ea82e5aa2f" testId="f016154a-5cd3-4c1d-910d-c8ff54e11f22" testName="TFSTests.Agile.CardStyling.Dialog StyleRuleCriteriaControl_VerifyAddClauseIsEnabledForCLausesLessThanMaxCount" computerName="TFSBUILD11" duration="00:00:00.0250000" startTime="2015-09-28T09:45:52.5344874-07:00" endTime="2015-09-28T09:45:52.5344874-07:00" testType="13cdc9d9-ddb5-4fa4-a97d-d965ccfc6d4b" outcome="Passed" testListId="8c84fa94-04c1-424b-9868-57a2d4851a1d" relativeResultsDirectory="d45eebb4-56e3-4219-9e22-09ea82e5aa2f" />
    <UnitTestResult executionId="b3bf6417-bea8-47a4-a40e-05d0facb33a8" testId="02eed197-c81b-4df8-952b-80653ec7768d" testName="TFSTests.Agile.CardStyling.Dialog StyleRuleCriteriaControl_VerifyAddClauseIsDisabledForMaxCount" computerName="TFSBUILD11" duration="00:00:00.0510000" startTime="2015-09-28T09:45:52.7931739-07:00" endTime="2015-09-28T09:45:52.7931739-07:00" testType="13cdc9d9-ddb5-4fa4-a97d-d965ccfc6d4b" outcome="Passed" testListId="8c84fa94-04c1-424b-9868-57a2d4851a1d" relativeResultsDirectory="b3bf6417-bea8-47a4-a40e-05d0facb33a8" />
    <UnitTestResult executionId="2ba5903c-704c-44cc-bd58-2df8cab1bc12" testId="fa328ef5-91b1-4b2c-b20f-e693ec3cb249" testName="TFSTests.Agile.CardStyling.Dialog StyleRuleViewModel_VerifyStyleColorChange" computerName="TFSBUILD11" duration="00:00:00.0160000" startTime="2015-09-28T09:45:52.7931739-07:00" endTime="2015-09-28T09:45:52.7931739-07:00" testType="13cdc9d9-ddb5-4fa4-a97d-d965ccfc6d4b" outcome="Passed" testListId="8c84fa94-04c1-424b-9868-57a2d4851a1d" relativeResultsDirectory="2ba5903c-704c-44cc-bd58-2df8cab1bc12" />
    <UnitTestResult executionId="dbdd3ed6-fb30-477d-9fbf-c17c20c3b913" testId="996975ed-8452-4abc-a64e-07723892f481" testName="TFSTests.Agile.CardStyling.Dialog StyleRuleViewModel_VerifyTitleStyleColorChange" computerName="TFSBUILD11" duration="00:00:00.0160000" startTime="2015-09-28T09:45:52.7931739-07:00" endTime="2015-09-28T09:45:52.7931739-07:00" testType="13cdc9d9-ddb5-4fa4-a97d-d965ccfc6d4b" outcome="Passed" testListId="8c84fa94-04c1-424b-9868-57a2d4851a1d" relativeResultsDirectory="dbdd3ed6-fb30-477d-9fbf-c17c20c3b913" />
    <UnitTestResult executionId="1f86bacc-3a7c-4fba-886b-328a4f9f0627" testId="21e55514-ca90-45da-a4be-920f7450c4d6" testName="TFSTests.Agile.CardStyling.Dialog StyleRuleViewModel_VerifyBackgroundDecorator" computerName="TFSBUILD11" duration="00:00:00.0160000" startTime="2015-09-28T09:45:52.7931739-07:00" endTime="2015-09-28T09:45:52.7931739-07:00" testType="13cdc9d9-ddb5-4fa4-a97d-d965ccfc6d4b" outcome="Passed" testListId="8c84fa94-04c1-424b-9868-57a2d4851a1d" relativeResultsDirectory="1f86bacc-3a7c-4fba-886b-328a4f9f0627" />
    <UnitTestResult executionId="9af9af84-12a8-4c8f-929e-9ac5e29a0366" testId="5afc524b-f41a-4ece-a5aa-cd72fa40a80a" testName="TFSTests.UI.Controls.Common.TextFilterControl textFilterControl" computerName="TFSBUILD11" duration="00:00:00.0320000" startTime="2015-09-28T09:45:52.7931739-07:00" endTime="2015-09-28T09:45:52.7931739-07:00" testType="13cdc9d9-ddb5-4fa4-a97d-d965ccfc6d4b" outcome="Passed" testListId="8c84fa94-04c1-424b-9868-57a2d4851a1d" relativeResultsDirectory="9af9af84-12a8-4c8f-929e-9ac5e29a0366" />
    <UnitTestResult executionId="1e2f22cb-c964-49f0-b7c5-dbd735a8a5ae" testId="4331ab4e-420f-4989-ab7c-1223cac1b441" testName="TFSTests.Agile.Controls SaveDiscardControlLogic" computerName="TFSBUILD11" duration="00:00:00.0220000" startTime="2015-09-28T09:45:52.7931739-07:00" endTime="2015-09-28T09:45:52.7931739-07:00" testType="13cdc9d9-ddb5-4fa4-a97d-d965ccfc6d4b" outcome="Passed" testListId="8c84fa94-04c1-424b-9868-57a2d4851a1d" relativeResultsDirectory="1e2f22cb-c964-49f0-b7c5-dbd735a8a5ae" />
    <UnitTestResult executionId="f07cd933-ed63-45f0-81e5-08dd64abd573" testId="08cadc86-b5ba-493c-bcca-547f4a647b7b" testName="TFSTests.Agile.Controls SprintViewControlConstruction" computerName="TFSBUILD11" duration="00:00:00.0270000" startTime="2015-09-28T09:45:52.7931739-07:00" endTime="2015-09-28T09:45:52.7931739-07:00" testType="13cdc9d9-ddb5-4fa4-a97d-d965ccfc6d4b" outcome="Passed" testListId="8c84fa94-04c1-424b-9868-57a2d4851a1d" relativeResultsDirectory="f07cd933-ed63-45f0-81e5-08dd64abd573" />
    <UnitTestResult executionId="1cd3614f-b297-40bb-a8eb-222dc7555cb7" testId="d6b9ee29-ec38-4e98-bbd6-f381c59e4ca3" testName="TFSTests.Agile.Controls SprintViewControlConstruction_WhenNoPastOrFuture" computerName="TFSBUILD11" duration="00:00:00.0320000" startTime="2015-09-28T09:45:52.7931739-07:00" endTime="2015-09-28T09:45:52.7931739-07:00" testType="13cdc9d9-ddb5-4fa4-a97d-d965ccfc6d4b" outcome="Passed" testListId="8c84fa94-04c1-424b-9868-57a2d4851a1d" relativeResultsDirectory="1cd3614f-b297-40bb-a8eb-222dc7555cb7" />
    <UnitTestResult executionId="0eda8894-c119-42c9-a429-c7eaae8cabf6" testId="8e44af09-592a-4cf9-bc22-e6d99ec44f75" testName="TFSTests.Agile.Controls AddNewWItemControlUnitTest" computerName="TFSBUILD11" duration="00:00:00.0410000" startTime="2015-09-28T09:45:52.7941720-07:00" endTime="2015-09-28T09:45:52.7931739-07:00" testType="13cdc9d9-ddb5-4fa4-a97d-d965ccfc6d4b" outcome="Passed" testListId="8c84fa94-04c1-424b-9868-57a2d4851a1d" relativeResultsDirectory="0eda8894-c119-42c9-a429-c7eaae8cabf6" />
    <UnitTestResult executionId="f408923d-78ad-4788-92a3-881db20f2246" testId="c6c60479-818f-41fc-a412-66100e0960b4" testName="TFSTests.Agile.Admin.TeamWorkItem TeamFieldLogic" computerName="TFSBUILD11" duration="00:00:00.0490000" startTime="2015-09-28T09:45:53.0359497-07:00" endTime="2015-09-28T09:45:53.0359497-07:00" testType="13cdc9d9-ddb5-4fa4-a97d-d965ccfc6d4b" outcome="Passed" testListId="8c84fa94-04c1-424b-9868-57a2d4851a1d" relativeResultsDirectory="f408923d-78ad-4788-92a3-881db20f2246" />
    <UnitTestResult executionId="1b7e1db3-92cb-4898-9876-a48cc99d80c0" testId="56210f6f-d15b-4bb3-bbe2-a367615abf28" testName="TFSTests.Agile.Admin.TeamWorkItem TeamFieldNoListValidLogic" computerName="TFSBUILD11" duration="00:00:00.0200000" startTime="2015-09-28T09:45:53.0369473-07:00" endTime="2015-09-28T09:45:53.0369473-07:00" testType="13cdc9d9-ddb5-4fa4-a97d-d965ccfc6d4b" outcome="Passed" testListId="8c84fa94-04c1-424b-9868-57a2d4851a1d" relativeResultsDirectory="1b7e1db3-92cb-4898-9876-a48cc99d80c0" />
    <UnitTestResult executionId="dc6a5af0-13da-45ba-8ece-84c87131336b" testId="21c1079f-21f7-4698-ad12-db363f7b36e4" testName="TFSTests.Agile.Admin.TeamWorkItem TeamFieldSaveLogic" computerName="TFSBUILD11" duration="00:00:00.0210000" startTime="2015-09-28T09:45:53.0369473-07:00" endTime="2015-09-28T09:45:53.0369473-07:00" testType="13cdc9d9-ddb5-4fa4-a97d-d965ccfc6d4b" outcome="Passed" testListId="8c84fa94-04c1-424b-9868-57a2d4851a1d" relativeResultsDirectory="dc6a5af0-13da-45ba-8ece-84c87131336b" />
    <UnitTestResult executionId="35ec3e69-4c45-443e-8721-2e470f61a786" testId="f0e9fedf-3c8f-4455-b6ec-0a9c288cdaac" testName="TFSTests.Agile.Board.Controls.WIT Annotation_VerifyIconRendered" computerName="TFSBUILD11" duration="00:00:00.0250000" startTime="2015-09-28T09:45:53.0369473-07:00" endTime="2015-09-28T09:45:53.0369473-07:00" testType="13cdc9d9-ddb5-4fa4-a97d-d965ccfc6d4b" outcome="Passed" testListId="8c84fa94-04c1-424b-9868-57a2d4851a1d" relativeResultsDirectory="35ec3e69-4c45-443e-8721-2e470f61a786" />
    <UnitTestResult executionId="020b806f-0bd7-43ab-b974-d45d7dc5a658" testId="4298a6e5-a20f-45da-9159-ae63496be47e" testName="TFSTests.Agile.Board.Controls.WIT Annotation_VerifyClickHandlerTriggered" computerName="TFSBUILD11" duration="00:00:00.0150000" startTime="2015-09-28T09:45:53.0369473-07:00" endTime="2015-09-28T09:45:53.0369473-07:00" testType="13cdc9d9-ddb5-4fa4-a97d-d965ccfc6d4b" outcome="Passed" testListId="8c84fa94-04c1-424b-9868-57a2d4851a1d" relativeResultsDirectory="020b806f-0bd7-43ab-b974-d45d7dc5a658" />
    <UnitTestResult executionId="09001ceb-2409-495c-9326-e2964b9b52f6" testId="4e2bd236-50fb-43fc-857e-6144c9f3af40" testName="TFSTests.Agile.Board.Controls.WIT WorkItemAnnotation_VerifySummaryRendered" computerName="TFSBUILD11" duration="00:00:00.0180000" startTime="2015-09-28T09:45:53.0369473-07:00" endTime="2015-09-28T09:45:53.0369473-07:00" testType="13cdc9d9-ddb5-4fa4-a97d-d965ccfc6d4b" outcome="Passed" testListId="8c84fa94-04c1-424b-9868-57a2d4851a1d" relativeResultsDirectory="09001ceb-2409-495c-9326-e2964b9b52f6" />
    <UnitTestResult executionId="44762e5c-e394-4cc3-8036-470971927743" testId="55374781-b97a-4cbd-9d1b-90330e31d38e" testName="TFSTests.Agile.Board.Controls.WIT Tile_VerifyTileCreatedAndDisposedCorrectly" computerName="TFSBUILD11" duration="00:00:00.0390000" startTime="2015-09-28T09:45:53.0369473-07:00" endTime="2015-09-28T09:45:53.0369473-07:00" testType="13cdc9d9-ddb5-4fa4-a97d-d965ccfc6d4b" outcome="Passed" testListId="8c84fa94-04c1-424b-9868-57a2d4851a1d" relativeResultsDirectory="44762e5c-e394-4cc3-8036-470971927743" />
    <UnitTestResult executionId="7f1a2575-b006-4fff-85b3-c452b5b6d54e" testId="e7d0f648-055f-42e7-8b28-08ce59f38b1e" testName="TFSTests.Agile.Board.Controls.WIT Tile_VerifyTileCreatedAndInitializedCorrectly" computerName="TFSBUILD11" duration="00:00:00.0220000" startTime="2015-09-28T09:45:53.0369473-07:00" endTime="2015-09-28T09:45:53.0369473-07:00" testType="13cdc9d9-ddb5-4fa4-a97d-d965ccfc6d4b" outcome="Passed" testListId="8c84fa94-04c1-424b-9868-57a2d4851a1d" relativeResultsDirectory="7f1a2575-b006-4fff-85b3-c452b5b6d54e" />
    <UnitTestResult executionId="cfa3843c-5db6-461d-a8b0-5934c83e1c91" testId="cda5c2d0-3be3-43b8-884e-d118b3163029" testName="TFSTests.Agile.Board.Controls.WIT Tile_VerifyTileHelperCreatedCorrectly" computerName="TFSBUILD11" duration="00:00:00.0330000" startTime="2015-09-28T09:45:53.0369473-07:00" endTime="2015-09-28T09:45:53.0369473-07:00" testType="13cdc9d9-ddb5-4fa4-a97d-d965ccfc6d4b" outcome="Passed" testListId="8c84fa94-04c1-424b-9868-57a2d4851a1d" relativeResultsDirectory="cfa3843c-5db6-461d-a8b0-5934c83e1c91" />
    <UnitTestResult executionId="280c83ac-f66b-48ca-a361-becae8d6bf9e" testId="9b522a4b-3d51-4e57-b597-bce06ea7fe6e" testName="TFSTests.Agile.Boards BoardMembershipEvaluator_itemValid" computerName="TFSBUILD11" duration="00:00:00.0210000" startTime="2015-09-28T09:45:53.2089691-07:00" endTime="2015-09-28T09:45:53.2089691-07:00" testType="13cdc9d9-ddb5-4fa4-a97d-d965ccfc6d4b" outcome="Passed" testListId="8c84fa94-04c1-424b-9868-57a2d4851a1d" relativeResultsDirectory="280c83ac-f66b-48ca-a361-becae8d6bf9e" />
    <UnitTestResult executionId="d9cd8040-c21f-44c1-85b2-8a89154eba16" testId="d0fb86bd-77df-44a8-8a3e-f653326a4d1c" testName="TFSTests.Agile.Boards BoardMembershipEvaluator_newItemValid" computerName="TFSBUILD11" duration="00:00:00.0160000" startTime="2015-09-28T09:45:53.2089691-07:00" endTime="2015-09-28T09:45:53.2089691-07:00" testType="13cdc9d9-ddb5-4fa4-a97d-d965ccfc6d4b" outcome="Passed" testListId="8c84fa94-04c1-424b-9868-57a2d4851a1d" relativeResultsDirectory="d9cd8040-c21f-44c1-85b2-8a89154eba16" />
    <UnitTestResult executionId="23a97130-860b-4a42-8780-1043acc20d69" testId="73b2869a-84c5-4b51-9909-67da286058e4" testName="TFSTests.Agile.Boards BoardMembershipEvaluator_itemWithInvalidIterationPath" computerName="TFSBUILD11" duration="00:00:00.0160000" startTime="2015-09-28T09:45:53.2089691-07:00" endTime="2015-09-28T09:45:53.2089691-07:00" testType="13cdc9d9-ddb5-4fa4-a97d-d965ccfc6d4b" outcome="Passed" testListId="8c84fa94-04c1-424b-9868-57a2d4851a1d" relativeResultsDirectory="23a97130-860b-4a42-8780-1043acc20d69" />
    <UnitTestResult executionId="2438573d-cf4d-484e-a404-e7990540b016" testId="dd8b9416-261c-4e1e-a33e-dcc1f6bb00ce" testName="TFSTests.Agile.Boards BoardMembershipEvaluator_itemWithInvalidWorkItemType" computerName="TFSBUILD11" duration="00:00:00.0160000" startTime="2015-09-28T09:45:53.2089691-07:00" endTime="2015-09-28T09:45:53.2089691-07:00" testType="13cdc9d9-ddb5-4fa4-a97d-d965ccfc6d4b" outcome="Passed" testListId="8c84fa94-04c1-424b-9868-57a2d4851a1d" relativeResultsDirectory="2438573d-cf4d-484e-a404-e7990540b016" />
    <UnitTestResult executionId="dbfa83b9-57b7-4e4f-802a-7b5eb3cfce8c" testId="02823b69-e9d3-47e9-a5c3-b2af9b091397" testName="TFSTests.Agile.Boards BoardMembershipEvaluator_itemWithInvalidTeamFieldValue" computerName="TFSBUILD11" duration="00:00:00.0160000" startTime="2015-09-28T09:45:53.2089691-07:00" endTime="2015-09-28T09:45:53.2089691-07:00" testType="13cdc9d9-ddb5-4fa4-a97d-d965ccfc6d4b" outcome="Passed" testListId="8c84fa94-04c1-424b-9868-57a2d4851a1d" relativeResultsDirectory="dbfa83b9-57b7-4e4f-802a-7b5eb3cfce8c" />
    <UnitTestResult executionId="82704a66-1eb5-4b88-919e-74abda10d4d7" testId="eb38cd5c-48f4-4121-96e7-cab8305e4ddb" testName="TFSTests.Agile.Boards FunctionCollection_compareValues_string" computerName="TFSBUILD11" duration="00:00:00.0180000" startTime="2015-09-28T09:45:53.2089691-07:00" endTime="2015-09-28T09:45:53.2089691-07:00" testType="13cdc9d9-ddb5-4fa4-a97d-d965ccfc6d4b" outcome="Passed" testListId="8c84fa94-04c1-424b-9868-57a2d4851a1d" relativeResultsDirectory="82704a66-1eb5-4b88-919e-74abda10d4d7" />
    <UnitTestResult executionId="32c10658-f53b-442f-a682-8d3f4d5f2881" testId="d71af59a-a4fa-499b-8aae-c06ffa482e1b" testName="TFSTests.Agile.Boards FunctionCollection_compareValues_boolean" computerName="TFSBUILD11" duration="00:00:00.0210000" startTime="2015-09-28T09:45:53.2089691-07:00" endTime="2015-09-28T09:45:53.2089691-07:00" testType="13cdc9d9-ddb5-4fa4-a97d-d965ccfc6d4b" outcome="Passed" testListId="8c84fa94-04c1-424b-9868-57a2d4851a1d" relativeResultsDirectory="32c10658-f53b-442f-a682-8d3f4d5f2881" />
    <UnitTestResult executionId="62df68f6-7433-4696-bbaf-442152210166" testId="1121ae8a-5d40-4d82-bcff-b29a5dd746db" testName="TFSTests.Agile.Boards FunctionCollection_compareValues_object" computerName="TFSBUILD11" duration="00:00:00.0230000" startTime="2015-09-28T09:45:53.2089691-07:00" endTime="2015-09-28T09:45:53.2089691-07:00" testType="13cdc9d9-ddb5-4fa4-a97d-d965ccfc6d4b" outcome="Passed" testListId="8c84fa94-04c1-424b-9868-57a2d4851a1d" relativeResultsDirectory="62df68f6-7433-4696-bbaf-442152210166" />
    <UnitTestResult executionId="413d4dcd-d2a5-49fd-94eb-a1c7f0f75eb2" testId="aae2e9d4-c74c-4abb-91a0-c8b3e07db6e8" testName="TFSTests.Agile.Boards WorkItemSource_construction" computerName="TFSBUILD11" duration="00:00:00.0230000" startTime="2015-09-28T09:45:53.2089691-07:00" endTime="2015-09-28T09:45:53.2089691-07:00" testType="13cdc9d9-ddb5-4fa4-a97d-d965ccfc6d4b" outcome="Passed" testListId="8c84fa94-04c1-424b-9868-57a2d4851a1d" relativeResultsDirectory="413d4dcd-d2a5-49fd-94eb-a1c7f0f75eb2" />
    <UnitTestResult executionId="06ea0418-805d-4cdb-bdce-cdb4ed594537" testId="2c060387-60c6-48b4-834d-e4407267550d" testName="TFSTests.Agile.Boards WorkItemSource_attachDetachEvents" computerName="TFSBUILD11" duration="00:00:00.0460000" startTime="2015-09-28T09:45:53.4328092-07:00" endTime="2015-09-28T09:45:53.4328092-07:00" testType="13cdc9d9-ddb5-4fa4-a97d-d965ccfc6d4b" outcome="Passed" testListId="8c84fa94-04c1-424b-9868-57a2d4851a1d" relativeResultsDirectory="06ea0418-805d-4cdb-bdce-cdb4ed594537" />
    <UnitTestResult executionId="d0fe3905-6640-4996-aed2-2fd5576748eb" testId="706e1823-7df0-402f-8dda-fdbc7cbfc88a" testName="TFSTests.Agile.Boards WorkItemSource_beginGetItem_ReturnsItem" computerName="TFSBUILD11" duration="00:00:00.0430000" startTime="2015-09-28T09:45:53.4328092-07:00" endTime="2015-09-28T09:45:53.4328092-07:00" testType="13cdc9d9-ddb5-4fa4-a97d-d965ccfc6d4b" outcome="Passed" testListId="8c84fa94-04c1-424b-9868-57a2d4851a1d" relativeResultsDirectory="d0fe3905-6640-4996-aed2-2fd5576748eb" />
    <UnitTestResult executionId="163424d9-4e19-4ccb-bdf9-b14dffb3f210" testId="4b37fff2-cf8a-419d-bad8-13a6b8672b6f" testName="TFSTests.Agile.Boards WorkItemSource_getFieldDefinition" computerName="TFSBUILD11" duration="00:00:00.0190000" startTime="2015-09-28T09:45:53.4328092-07:00" endTime="2015-09-28T09:45:53.4328092-07:00" testType="13cdc9d9-ddb5-4fa4-a97d-d965ccfc6d4b" outcome="Passed" testListId="8c84fa94-04c1-424b-9868-57a2d4851a1d" relativeResultsDirectory="163424d9-4e19-4ccb-bdf9-b14dffb3f210" />
    <UnitTestResult executionId="69d4c246-17e3-4a69-8bc2-9d563aaa7a02" testId="6546b400-8f97-4347-bc5c-0605cd3d9233" testName="TFSTests.Agile.Boards WorkItemSource getNextPageIds returns correct list when not all data is paged" computerName="TFSBUILD11" duration="00:00:00.0190000" startTime="2015-09-28T09:45:53.4328092-07:00" endTime="2015-09-28T09:45:53.4328092-07:00" testType="13cdc9d9-ddb5-4fa4-a97d-d965ccfc6d4b" outcome="Passed" testListId="8c84fa94-04c1-424b-9868-57a2d4851a1d" relativeResultsDirectory="69d4c246-17e3-4a69-8bc2-9d563aaa7a02" />
    <UnitTestResult executionId="a6a51b88-65d6-4d21-a8df-8e66d2204126" testId="6010c1ac-7188-4ca4-8c02-c3d2bd891f3f" testName="TFSTests.Agile.Boards WorkItemSource canPageitems returns true when not all data is paged" computerName="TFSBUILD11" duration="00:00:00.0210000" startTime="2015-09-28T09:45:53.4328092-07:00" endTime="2015-09-28T09:45:53.4328092-07:00" testType="13cdc9d9-ddb5-4fa4-a97d-d965ccfc6d4b" outcome="Passed" testListId="8c84fa94-04c1-424b-9868-57a2d4851a1d" relativeResultsDirectory="a6a51b88-65d6-4d21-a8df-8e66d2204126" />
    <UnitTestResult executionId="8a5b8d4c-6fbf-48d1-afa2-40e250f07193" testId="d83a7cf8-99e9-40de-a6e7-2697cdaeb3bf" testName="TFSTests.Agile.Boards WorkItemSource canPageitems returns false when all data is paged" computerName="TFSBUILD11" duration="00:00:00.0170000" startTime="2015-09-28T09:45:53.4328092-07:00" endTime="2015-09-28T09:45:53.4328092-07:00" testType="13cdc9d9-ddb5-4fa4-a97d-d965ccfc6d4b" outcome="Passed" testListId="8c84fa94-04c1-424b-9868-57a2d4851a1d" relativeResultsDirectory="8a5b8d4c-6fbf-48d1-afa2-40e250f07193" />
    <UnitTestResult executionId="a9f17c26-e193-4448-9d48-ce9ec742fc1a" testId="1d5c84ed-fd4e-4c79-b9fe-9afcc194a38b" testName="TFSTests.Agile.Boards WorkItemSource updateTransitions updates the transitions with the new column name" computerName="TFSBUILD11" duration="00:00:00.0190000" startTime="2015-09-28T09:45:53.4328092-07:00" endTime="2015-09-28T09:45:53.4328092-07:00" testType="13cdc9d9-ddb5-4fa4-a97d-d965ccfc6d4b" outcome="Passed" testListId="8c84fa94-04c1-424b-9868-57a2d4851a1d" relativeResultsDirectory="a9f17c26-e193-4448-9d48-ce9ec742fc1a" />
    <UnitTestResult executionId="94ffb29a-ecbd-455b-a176-a61f359ebadc" testId="a7fe2653-23c1-464e-97a4-eaca34fa8c2c" testName="TFSTests.Agile.Boards WorkItemSource isWorkItemPaged returns true when the workitem found in the paged data" computerName="TFSBUILD11" duration="00:00:00.0190000" startTime="2015-09-28T09:45:53.4328092-07:00" endTime="2015-09-28T09:45:53.4328092-07:00" testType="13cdc9d9-ddb5-4fa4-a97d-d965ccfc6d4b" outcome="Passed" testListId="8c84fa94-04c1-424b-9868-57a2d4851a1d" relativeResultsDirectory="94ffb29a-ecbd-455b-a176-a61f359ebadc" />
    <UnitTestResult executionId="d327cc8f-d656-4f31-8a96-4b20026a9b5d" testId="1666db9b-57ae-46a5-bd5d-5a6f24bc1500" testName="TFSTests.Agile.Boards WorkItemSource isWorkItemPaged returns false if the workitem field is not found" computerName="TFSBUILD11" duration="00:00:00.0190000" startTime="2015-09-28T09:45:53.4328092-07:00" endTime="2015-09-28T09:45:53.4328092-07:00" testType="13cdc9d9-ddb5-4fa4-a97d-d965ccfc6d4b" outcome="Passed" testListId="8c84fa94-04c1-424b-9868-57a2d4851a1d" relativeResultsDirectory="d327cc8f-d656-4f31-8a96-4b20026a9b5d" />
    <UnitTestResult executionId="cc15064b-a155-4757-a1ba-0f51d3b94466" testId="2833e341-b63d-47fe-a958-7cab02be0d9e" testName="TFSTests.Agile.Boards WorkItemSource buildCache returns correct page data and paging indices for incoming and outgoing in first page load" computerName="TFSBUILD11" duration="00:00:00.0190000" startTime="2015-09-28T09:45:53.7930948-07:00" endTime="2015-09-28T09:45:53.7930948-07:00" testType="13cdc9d9-ddb5-4fa4-a97d-d965ccfc6d4b" outcome="Passed" testListId="8c84fa94-04c1-424b-9868-57a2d4851a1d" relativeResultsDirectory="cc15064b-a155-4757-a1ba-0f51d3b94466" />
    <UnitTestResult executionId="9416d10d-70b4-4cfc-84bc-e2091d50fcff" testId="6659c565-8cc5-4f69-85d1-aafa21f2fe6e" testName="TFSTests.Agile.Boards WorkItemSource setChild and sortChildrenIds sort childrenIds" computerName="TFSBUILD11" duration="00:00:00.0830000" startTime="2015-09-28T09:45:53.7930948-07:00" endTime="2015-09-28T09:45:53.7930948-07:00" testType="13cdc9d9-ddb5-4fa4-a97d-d965ccfc6d4b" outcome="Passed" testListId="8c84fa94-04c1-424b-9868-57a2d4851a1d" relativeResultsDirectory="9416d10d-70b4-4cfc-84bc-e2091d50fcff" />
    <UnitTestResult executionId="6ebffa8f-a576-4d05-9039-c58704fd2f5c" testId="db99ad62-5a77-494b-a394-04f53ab93e54" testName="TFSTests.Agile.Boards WorkItemItemAdapter_construction" computerName="TFSBUILD11" duration="00:00:00.0390000" startTime="2015-09-28T09:45:53.7930948-07:00" endTime="2015-09-28T09:45:53.7930948-07:00" testType="13cdc9d9-ddb5-4fa4-a97d-d965ccfc6d4b" outcome="Passed" testListId="8c84fa94-04c1-424b-9868-57a2d4851a1d" relativeResultsDirectory="6ebffa8f-a576-4d05-9039-c58704fd2f5c" />
    <UnitTestResult executionId="d7596d31-34a1-4e8c-a75b-764d44e117b0" testId="92ae81b8-8970-4746-bbe8-3e110798523c" testName="TFSTests.Agile.Boards WorkItemItemAdapter returns correct backlog order when it is cached locally" computerName="TFSBUILD11" duration="00:00:00.0380000" startTime="2015-09-28T09:45:53.7930948-07:00" endTime="2015-09-28T09:45:53.7930948-07:00" testType="13cdc9d9-ddb5-4fa4-a97d-d965ccfc6d4b" outcome="Passed" testListId="8c84fa94-04c1-424b-9868-57a2d4851a1d" relativeResultsDirectory="d7596d31-34a1-4e8c-a75b-764d44e117b0" />
    <UnitTestResult executionId="bc09606e-e262-4f64-974d-26896d54212b" testId="bec043cb-4481-4ae3-a792-aa20948f858e" testName="TFSTests.Agile.Boards WorkItemItemAdapter returns correct backlog order when it is not cached locally" computerName="TFSBUILD11" duration="00:00:00.0360000" startTime="2015-09-28T09:45:53.7930948-07:00" endTime="2015-09-28T09:45:53.7930948-07:00" testType="13cdc9d9-ddb5-4fa4-a97d-d965ccfc6d4b" outcome="Passed" testListId="8c84fa94-04c1-424b-9868-57a2d4851a1d" relativeResultsDirectory="bc09606e-e262-4f64-974d-26896d54212b" />
    <UnitTestResult executionId="52aa7fc9-ba98-498e-a414-214b0f2f761b" testId="45498af0-5813-4b46-8e85-10b45c8464fb" testName="TFSTests.Agile.Boards WorkItemItemAdapter_validTransitions" computerName="TFSBUILD11" duration="00:00:00.0380000" startTime="2015-09-28T09:45:53.7930948-07:00" endTime="2015-09-28T09:45:53.7930948-07:00" testType="13cdc9d9-ddb5-4fa4-a97d-d965ccfc6d4b" outcome="Passed" testListId="8c84fa94-04c1-424b-9868-57a2d4851a1d" relativeResultsDirectory="52aa7fc9-ba98-498e-a414-214b0f2f761b" />
    <UnitTestResult executionId="9694e812-a083-40ae-ac46-5299310d5277" testId="0d4ed603-2012-40fb-945d-609b5ee83b1b" testName="TFSTests.Agile.Boards WorkItemItemAdapter_invalidTransitions" computerName="TFSBUILD11" duration="00:00:00.0340000" startTime="2015-09-28T09:45:53.7930948-07:00" endTime="2015-09-28T09:45:53.7930948-07:00" testType="13cdc9d9-ddb5-4fa4-a97d-d965ccfc6d4b" outcome="Passed" testListId="8c84fa94-04c1-424b-9868-57a2d4851a1d" relativeResultsDirectory="9694e812-a083-40ae-ac46-5299310d5277" />
    <UnitTestResult executionId="7ae3a50f-1d6e-4c3f-89d6-d93d5771ef39" testId="a91b0d2a-b3ec-41c0-ad5a-c4239237834f" testName="TFSTests.Agile.Boards WorkItemItemAdapter_attachDetachChangeEvents" computerName="TFSBUILD11" duration="00:00:00.0380000" startTime="2015-09-28T09:45:53.7930948-07:00" endTime="2015-09-28T09:45:53.7930948-07:00" testType="13cdc9d9-ddb5-4fa4-a97d-d965ccfc6d4b" outcome="Passed" testListId="8c84fa94-04c1-424b-9868-57a2d4851a1d" relativeResultsDirectory="7ae3a50f-1d6e-4c3f-89d6-d93d5771ef39" />
    <UnitTestResult executionId="e2dfad37-4304-4fe9-824e-1c0d66968d7f" testId="1c7b82c1-646e-4458-a62f-529afa29a72a" testName="TFSTests.Agile.Boards WorkItemItemAdapter_beginReorder_onNewItem" computerName="TFSBUILD11" duration="00:00:00.0350000" startTime="2015-09-28T09:45:53.7930948-07:00" endTime="2015-09-28T09:45:53.7930948-07:00" testType="13cdc9d9-ddb5-4fa4-a97d-d965ccfc6d4b" outcome="Passed" testListId="8c84fa94-04c1-424b-9868-57a2d4851a1d" relativeResultsDirectory="e2dfad37-4304-4fe9-824e-1c0d66968d7f" />
    <UnitTestResult executionId="ce4b930b-d9e0-4fcc-a51b-4717d68010a8" testId="e2c5dadc-336f-47aa-9f9c-6efe208646d0" testName="TFSTests.Agile.Boards Board_construction" computerName="TFSBUILD11" duration="00:00:00.0190000" startTime="2015-09-28T09:45:53.9831267-07:00" endTime="2015-09-28T09:45:53.9831267-07:00" testType="13cdc9d9-ddb5-4fa4-a97d-d965ccfc6d4b" outcome="Passed" testListId="8c84fa94-04c1-424b-9868-57a2d4851a1d" relativeResultsDirectory="ce4b930b-d9e0-4fcc-a51b-4717d68010a8" />
    <UnitTestResult executionId="b5e02a84-bf94-4289-84f8-498e91f128b7" testId="66c4a829-f8c8-4ddc-9b4d-26ac6d34c2dc" testName="TFSTests.Agile.Boards Board_beginPopulate" computerName="TFSBUILD11" duration="00:00:00.0230000" startTime="2015-09-28T09:45:53.9831267-07:00" endTime="2015-09-28T09:45:53.9831267-07:00" testType="13cdc9d9-ddb5-4fa4-a97d-d965ccfc6d4b" outcome="Passed" testListId="8c84fa94-04c1-424b-9868-57a2d4851a1d" relativeResultsDirectory="b5e02a84-bf94-4289-84f8-498e91f128b7" />
    <UnitTestResult executionId="3d8954b4-6bc9-4f5c-ad4b-b1f1caead1e8" testId="2d0d6797-ef6a-430f-afa7-af489abd1c1a" testName="TFSTests.Agile.Boards Board_itemUpdated_updateItem" computerName="TFSBUILD11" duration="00:00:00.0250000" startTime="2015-09-28T09:45:53.9831267-07:00" endTime="2015-09-28T09:45:53.9831267-07:00" testType="13cdc9d9-ddb5-4fa4-a97d-d965ccfc6d4b" outcome="Passed" testListId="8c84fa94-04c1-424b-9868-57a2d4851a1d" relativeResultsDirectory="3d8954b4-6bc9-4f5c-ad4b-b1f1caead1e8" />
    <UnitTestResult executionId="cd8f96a9-4ae6-4d9d-a8bd-f59ae71c6bdd" testId="87efb03c-8e82-443e-8b48-eb6b10dcc621" testName="TFSTests.Agile.Boards Board_itemUpdated_removeItem" computerName="TFSBUILD11" duration="00:00:00.0190000" startTime="2015-09-28T09:45:53.9831267-07:00" endTime="2015-09-28T09:45:53.9831267-07:00" testType="13cdc9d9-ddb5-4fa4-a97d-d965ccfc6d4b" outcome="Passed" testListId="8c84fa94-04c1-424b-9868-57a2d4851a1d" relativeResultsDirectory="cd8f96a9-4ae6-4d9d-a8bd-f59ae71c6bdd" />
    <UnitTestResult executionId="408017db-ea28-444e-bdad-9eee810e4682" testId="0f6bb630-6aa1-45f3-81eb-10dc79746d96" testName="TFSTests.Agile.Boards Board_itemUpdated_errorRevertState" computerName="TFSBUILD11" duration="00:00:00.0220000" startTime="2015-09-28T09:45:53.9841271-07:00" endTime="2015-09-28T09:45:53.9841271-07:00" testType="13cdc9d9-ddb5-4fa4-a97d-d965ccfc6d4b" outcome="Passed" testListId="8c84fa94-04c1-424b-9868-57a2d4851a1d" relativeResultsDirectory="408017db-ea28-444e-bdad-9eee810e4682" />
    <UnitTestResult executionId="898b955b-5df7-4919-a1c8-9da446ab1539" testId="91586860-af69-41f8-b5ab-bf8971f9c75f" testName="TFSTests.Agile.Boards Board_getFieldsValid" computerName="TFSBUILD11" duration="00:00:00.0170000" startTime="2015-09-28T09:45:53.9841271-07:00" endTime="2015-09-28T09:45:53.9841271-07:00" testType="13cdc9d9-ddb5-4fa4-a97d-d965ccfc6d4b" outcome="Passed" testListId="8c84fa94-04c1-424b-9868-57a2d4851a1d" relativeResultsDirectory="898b955b-5df7-4919-a1c8-9da446ab1539" />
    <UnitTestResult executionId="d2beaec1-bbee-4b0d-bbe1-bb9254058d3b" testId="85dd71e8-f4de-492c-9f69-13028781a2c1" testName="TFSTests.Agile.Boards Board_getFieldsInvalid" computerName="TFSBUILD11" duration="00:00:00.0170000" startTime="2015-09-28T09:45:53.9841271-07:00" endTime="2015-09-28T09:45:53.9841271-07:00" testType="13cdc9d9-ddb5-4fa4-a97d-d965ccfc6d4b" outcome="Passed" testListId="8c84fa94-04c1-424b-9868-57a2d4851a1d" relativeResultsDirectory="d2beaec1-bbee-4b0d-bbe1-bb9254058d3b" />
    <UnitTestResult executionId="7c1d9278-95d1-4986-9ae8-5fe5b5f03663" testId="70ac0f3a-eaeb-4781-881f-575750bb945d" testName="TFSTests.Agile.Boards Board_attachDetachEvents" computerName="TFSBUILD11" duration="00:00:00.0180000" startTime="2015-09-28T09:45:53.9841271-07:00" endTime="2015-09-28T09:45:53.9841271-07:00" testType="13cdc9d9-ddb5-4fa4-a97d-d965ccfc6d4b" outcome="Passed" testListId="8c84fa94-04c1-424b-9868-57a2d4851a1d" relativeResultsDirectory="7c1d9278-95d1-4986-9ae8-5fe5b5f03663" />
    <UnitTestResult executionId="0b601d12-a445-4906-b581-25a1bad5c7aa" testId="5a04d10f-33df-4320-8b66-c37a26c5e921" testName="TFSTests.Agile.Boards BoardMember_updateItem" computerName="TFSBUILD11" duration="00:00:00.0290000" startTime="2015-09-28T09:45:53.9841271-07:00" endTime="2015-09-28T09:45:53.9841271-07:00" testType="13cdc9d9-ddb5-4fa4-a97d-d965ccfc6d4b" outcome="Passed" testListId="8c84fa94-04c1-424b-9868-57a2d4851a1d" relativeResultsDirectory="0b601d12-a445-4906-b581-25a1bad5c7aa" />
    <UnitTestResult executionId="4b00c910-7d35-426f-bc25-52f02415ed89" testId="76a963f3-3542-4822-84f9-9d6bc3b442a1" testName="TFSTests.Agile.Boards BoardMember_removeItem" computerName="TFSBUILD11" duration="00:00:00.0300000" startTime="2015-09-28T09:45:54.5318833-07:00" endTime="2015-09-28T09:45:54.5318833-07:00" testType="13cdc9d9-ddb5-4fa4-a97d-d965ccfc6d4b" outcome="Passed" testListId="8c84fa94-04c1-424b-9868-57a2d4851a1d" relativeResultsDirectory="4b00c910-7d35-426f-bc25-52f02415ed89" />
    <UnitTestResult executionId="d24b9e53-41c1-4366-b0e2-614ad253e3cc" testId="d536e445-f830-43ac-9cfa-6ae890b8c11d" testName="TFSTests.Agile.Boards BoardMember_isMatch_valid" computerName="TFSBUILD11" duration="00:00:00.0170000" startTime="2015-09-28T09:45:54.5318833-07:00" endTime="2015-09-28T09:45:54.5318833-07:00" testType="13cdc9d9-ddb5-4fa4-a97d-d965ccfc6d4b" outcome="Passed" testListId="8c84fa94-04c1-424b-9868-57a2d4851a1d" relativeResultsDirectory="d24b9e53-41c1-4366-b0e2-614ad253e3cc" />
    <UnitTestResult executionId="2263604b-eed0-4f0f-a0a9-1aaf790711c9" testId="33a965b8-f0e0-41ac-a237-54987ca7061c" testName="TFSTests.Agile.Boards BoardMember_isMatch_valid_unicode" computerName="TFSBUILD11" duration="00:00:00.0160000" startTime="2015-09-28T09:45:54.5318833-07:00" endTime="2015-09-28T09:45:54.5318833-07:00" testType="13cdc9d9-ddb5-4fa4-a97d-d965ccfc6d4b" outcome="Passed" testListId="8c84fa94-04c1-424b-9868-57a2d4851a1d" relativeResultsDirectory="2263604b-eed0-4f0f-a0a9-1aaf790711c9" />
    <UnitTestResult executionId="30dfd320-7ebc-4fee-a53b-800692ab921b" testId="72a3620b-420a-4e13-8a0b-1b030b7d0c95" testName="TFSTests.Agile.Boards BoardMember_isMatch_invalid" computerName="TFSBUILD11" duration="00:00:00.0160000" startTime="2015-09-28T09:45:54.5318833-07:00" endTime="2015-09-28T09:45:54.5318833-07:00" testType="13cdc9d9-ddb5-4fa4-a97d-d965ccfc6d4b" outcome="Passed" testListId="8c84fa94-04c1-424b-9868-57a2d4851a1d" relativeResultsDirectory="30dfd320-7ebc-4fee-a53b-800692ab921b" />
    <UnitTestResult executionId="ccd7edb9-096e-43b4-ac21-a7c96d9e1936" testId="cde2e8ef-f224-410e-82c3-5504716c369a" testName="TFSTests.Agile.Boards BoardMember_acquire" computerName="TFSBUILD11" duration="00:00:00.0310000" startTime="2015-09-28T09:45:54.5318833-07:00" endTime="2015-09-28T09:45:54.5318833-07:00" testType="13cdc9d9-ddb5-4fa4-a97d-d965ccfc6d4b" outcome="Passed" testListId="8c84fa94-04c1-424b-9868-57a2d4851a1d" relativeResultsDirectory="ccd7edb9-096e-43b4-ac21-a7c96d9e1936" />
    <UnitTestResult executionId="f0a2e422-ad0a-42e3-be3b-56924944145b" testId="205c49f0-acbd-42d8-a267-1e0f07c4c20f" testName="TFSTests.Agile.Boards BoardMember_firstAncestorWithItemLimit" computerName="TFSBUILD11" duration="00:00:00.3550000" startTime="2015-09-28T09:45:54.5318833-07:00" endTime="2015-09-28T09:45:54.5318833-07:00" testType="13cdc9d9-ddb5-4fa4-a97d-d965ccfc6d4b" outcome="Passed" testListId="8c84fa94-04c1-424b-9868-57a2d4851a1d" relativeResultsDirectory="f0a2e422-ad0a-42e3-be3b-56924944145b" />
    <UnitTestResult executionId="ca02aab7-6c1a-43f7-bd3e-43d9fdc099cd" testId="0684d536-7676-44b6-9c1c-9b2e50add439" testName="TFSTests.Agile.Boards BoardMember_getItemCount" computerName="TFSBUILD11" duration="00:00:00.0370000" startTime="2015-09-28T09:45:54.5318833-07:00" endTime="2015-09-28T09:45:54.5318833-07:00" testType="13cdc9d9-ddb5-4fa4-a97d-d965ccfc6d4b" outcome="Passed" testListId="8c84fa94-04c1-424b-9868-57a2d4851a1d" relativeResultsDirectory="ca02aab7-6c1a-43f7-bd3e-43d9fdc099cd" />
    <UnitTestResult executionId="ecd374ba-8c78-40cd-b50b-66d7eae5a34f" testId="b013092e-659d-4eee-94ad-3f1972e77b22" testName="TFSTests.Agile.Boards BoardMember_ColumnTitleOfDoingDoneMembersAreEqualToParents" computerName="TFSBUILD11" duration="00:00:00.0170000" startTime="2015-09-28T09:45:54.5318833-07:00" endTime="2015-09-28T09:45:54.5318833-07:00" testType="13cdc9d9-ddb5-4fa4-a97d-d965ccfc6d4b" outcome="Passed" testListId="8c84fa94-04c1-424b-9868-57a2d4851a1d" relativeResultsDirectory="ecd374ba-8c78-40cd-b50b-66d7eae5a34f" />
    <UnitTestResult executionId="5931a94d-14ae-42e1-bf2f-934c7cea291d" testId="843390bc-936f-4a73-a61c-b013bd40c79b" testName="TFSTests.Agile.Boards BoardMember_KanbanColumnFieldReferenceNamesOfDoingDoneAreEqualToParents" computerName="TFSBUILD11" duration="00:00:00.0160000" startTime="2015-09-28T09:45:54.5318833-07:00" endTime="2015-09-28T09:45:54.5318833-07:00" testType="13cdc9d9-ddb5-4fa4-a97d-d965ccfc6d4b" outcome="Passed" testListId="8c84fa94-04c1-424b-9868-57a2d4851a1d" relativeResultsDirectory="5931a94d-14ae-42e1-bf2f-934c7cea291d" />
    <UnitTestResult executionId="c933d0ed-8135-44f7-990c-30d0f2ff8206" testId="da724382-32be-4d6e-926f-a91ae39641fb" testName="TFSTests.Agile.Boards BoardMember_getTopLevelMemberValueStopsWhenItFindsAMatchingNode" computerName="TFSBUILD11" duration="00:00:00.0270000" startTime="2015-09-28T09:45:56.0309042-07:00" endTime="2015-09-28T09:45:56.0309042-07:00" testType="13cdc9d9-ddb5-4fa4-a97d-d965ccfc6d4b" outcome="Passed" testListId="8c84fa94-04c1-424b-9868-57a2d4851a1d" relativeResultsDirectory="c933d0ed-8135-44f7-990c-30d0f2ff8206" />
    <UnitTestResult executionId="a2c4f1ea-01a8-40a8-951a-38dca5530921" testId="ebd680a3-d388-4c9e-8067-4f42c87f14d9" testName="TFSTests.Agile.Boards BoardMember_getFieldUpdateListReturnNonDuplicateFieldNames" computerName="TFSBUILD11" duration="00:00:00.0160000" startTime="2015-09-28T09:45:56.0309042-07:00" endTime="2015-09-28T09:45:56.0309042-07:00" testType="13cdc9d9-ddb5-4fa4-a97d-d965ccfc6d4b" outcome="Passed" testListId="8c84fa94-04c1-424b-9868-57a2d4851a1d" relativeResultsDirectory="a2c4f1ea-01a8-40a8-951a-38dca5530921" />
    <UnitTestResult executionId="ca6ea637-2069-45f1-895b-9d76c7ae3696" testId="daf2299d-5241-4cbb-9e90-f75c650e51f3" testName="TFSTests.Agile.Boards BoardMember_getFieldUpdateListReturnsDuplicateFieldNamesWhenFlagIsSet" computerName="TFSBUILD11" duration="00:00:00.0160000" startTime="2015-09-28T09:45:56.0309042-07:00" endTime="2015-09-28T09:45:56.0309042-07:00" testType="13cdc9d9-ddb5-4fa4-a97d-d965ccfc6d4b" outcome="Passed" testListId="8c84fa94-04c1-424b-9868-57a2d4851a1d" relativeResultsDirectory="ca6ea637-2069-45f1-895b-9d76c7ae3696" />
    <UnitTestResult executionId="44dcf0ce-a1ce-4816-a3f4-1e6110f0f511" testId="b7785e18-e635-432d-b0fd-3425b24e2ba1" testName="TFSTests.Agile.Boards BoardNode_construction" computerName="TFSBUILD11" duration="00:00:00.0160000" startTime="2015-09-28T09:45:56.0309042-07:00" endTime="2015-09-28T09:45:56.0309042-07:00" testType="13cdc9d9-ddb5-4fa4-a97d-d965ccfc6d4b" outcome="Passed" testListId="8c84fa94-04c1-424b-9868-57a2d4851a1d" relativeResultsDirectory="44dcf0ce-a1ce-4816-a3f4-1e6110f0f511" />
    <UnitTestResult executionId="478f0163-6d97-41e9-91ba-81be7bbf3599" testId="2cae7806-f8c7-4495-bb2b-7fdc0f738440" testName="TFSTests.Agile.Boards BoardNode_attachDetachEvents" computerName="TFSBUILD11" duration="00:00:00.0170000" startTime="2015-09-28T09:45:56.0309042-07:00" endTime="2015-09-28T09:45:56.0309042-07:00" testType="13cdc9d9-ddb5-4fa4-a97d-d965ccfc6d4b" outcome="Passed" testListId="8c84fa94-04c1-424b-9868-57a2d4851a1d" relativeResultsDirectory="478f0163-6d97-41e9-91ba-81be7bbf3599" />
    <UnitTestResult executionId="1f062dcc-c338-4645-b5e9-26d33816d9d6" testId="29e715b4-1965-4534-bc94-863745c28ac6" testName="TFSTests.Agile.Boards BoardNode_addMember_valid" computerName="TFSBUILD11" duration="00:00:00.0160000" startTime="2015-09-28T09:45:56.0309042-07:00" endTime="2015-09-28T09:45:56.0309042-07:00" testType="13cdc9d9-ddb5-4fa4-a97d-d965ccfc6d4b" outcome="Passed" testListId="8c84fa94-04c1-424b-9868-57a2d4851a1d" relativeResultsDirectory="1f062dcc-c338-4645-b5e9-26d33816d9d6" />
    <UnitTestResult executionId="a6c5672e-9b12-436b-a76e-9a3770dc4e1d" testId="deaefad9-0856-4f3c-a9ed-b61cdb322a06" testName="TFSTests.Agile.Boards BoardNode_getLeafMembers" computerName="TFSBUILD11" duration="00:00:00.0170000" startTime="2015-09-28T09:45:56.0309042-07:00" endTime="2015-09-28T09:45:56.0309042-07:00" testType="13cdc9d9-ddb5-4fa4-a97d-d965ccfc6d4b" outcome="Passed" testListId="8c84fa94-04c1-424b-9868-57a2d4851a1d" relativeResultsDirectory="a6c5672e-9b12-436b-a76e-9a3770dc4e1d" />
    <UnitTestResult executionId="a42cced2-4a07-4c04-99d7-366b0cd1c6b2" testId="01a7707d-a6b6-4691-a36c-a2cec8e51b7a" testName="TFSTests.Agile.Boards BoardNode_setLeafMembersPrevAndNext" computerName="TFSBUILD11" duration="00:00:00.0160000" startTime="2015-09-28T09:45:56.0319041-07:00" endTime="2015-09-28T09:45:56.0319041-07:00" testType="13cdc9d9-ddb5-4fa4-a97d-d965ccfc6d4b" outcome="Passed" testListId="8c84fa94-04c1-424b-9868-57a2d4851a1d" relativeResultsDirectory="a42cced2-4a07-4c04-99d7-366b0cd1c6b2" />
    <UnitTestResult executionId="c161769c-c4be-43bb-b26d-7227bf9df25a" testId="705b1456-e5b3-4cad-b63c-37b9152182c2" testName="TFSTests.Agile.Boards BoardNode_setNextAndPreviousLaneMembersWorksWhenThereAreSwimLanes" computerName="TFSBUILD11" duration="00:00:01.5970000" startTime="2015-09-28T09:45:57.3691100-07:00" endTime="2015-09-28T09:45:57.3691100-07:00" testType="13cdc9d9-ddb5-4fa4-a97d-d965ccfc6d4b" outcome="Passed" testListId="8c84fa94-04c1-424b-9868-57a2d4851a1d" relativeResultsDirectory="c161769c-c4be-43bb-b26d-7227bf9df25a" />
    <UnitTestResult executionId="db1545f4-e899-44f0-bc7c-01f5ef2c0507" testId="f1671b2e-641d-460c-ab02-d44825c4789a" testName="TFSTests.Agile.Boards BoardItemSearchAdapter_createSearchableObjects_indexAndSearchDefaultFieldsCorrectly" computerName="TFSBUILD11" duration="00:00:00.0220000" startTime="2015-09-28T09:45:57.3691100-07:00" endTime="2015-09-28T09:45:57.3691100-07:00" testType="13cdc9d9-ddb5-4fa4-a97d-d965ccfc6d4b" outcome="Passed" testListId="8c84fa94-04c1-424b-9868-57a2d4851a1d" relativeResultsDirectory="db1545f4-e899-44f0-bc7c-01f5ef2c0507" />
    <UnitTestResult executionId="e3fecae6-2012-4cbb-8f42-37ad978e1267" testId="697e52fc-7c47-49e5-93ce-46675d3c8f95" testName="TFSTests.Agile.Boards BoardItemSearchAdapter_createSearchableObjects_indexAndSearchAdditionalFieldsCorrectly" computerName="TFSBUILD11" duration="00:00:00.0200000" startTime="2015-09-28T09:45:57.3691100-07:00" endTime="2015-09-28T09:45:57.3691100-07:00" testType="13cdc9d9-ddb5-4fa4-a97d-d965ccfc6d4b" outcome="Passed" testListId="8c84fa94-04c1-424b-9868-57a2d4851a1d" relativeResultsDirectory="e3fecae6-2012-4cbb-8f42-37ad978e1267" />
    <UnitTestResult executionId="8a69c2f8-6698-4e5e-9ad5-63a3d67980ad" testId="bc33e8e7-cf9f-4302-96d9-944a785ad76f" testName="TFSTests.Agile.Boards BoardMember_ensureSearchIndex_WontBuildIndexWhenNotIncoming" computerName="TFSBUILD11" duration="00:00:00.0170000" startTime="2015-09-28T09:45:57.3691100-07:00" endTime="2015-09-28T09:45:57.3691100-07:00" testType="13cdc9d9-ddb5-4fa4-a97d-d965ccfc6d4b" outcome="Passed" testListId="8c84fa94-04c1-424b-9868-57a2d4851a1d" relativeResultsDirectory="8a69c2f8-6698-4e5e-9ad5-63a3d67980ad" />
    <UnitTestResult executionId="31cb9daf-9dec-4c8e-b96e-db1a2b0f85a7" testId="2ca64225-3628-4559-8790-4f2ec2fef367" testName="TFSTests.Agile.Boards BoardMember_ensureSearchIndex_WontBuildIndexWhenIndexIsNotStale" computerName="TFSBUILD11" duration="00:00:00.0160000" startTime="2015-09-28T09:45:57.3701104-07:00" endTime="2015-09-28T09:45:57.3701104-07:00" testType="13cdc9d9-ddb5-4fa4-a97d-d965ccfc6d4b" outcome="Passed" testListId="8c84fa94-04c1-424b-9868-57a2d4851a1d" relativeResultsDirectory="31cb9daf-9dec-4c8e-b96e-db1a2b0f85a7" />
    <UnitTestResult executionId="6488cd1a-32fc-45e6-92ac-0eb40610d88f" testId="f2000dba-f3ce-4835-9e69-83638f038c34" testName="TFSTests.Agile.Boards BoardMember_ensureSearchIndex_WontBuildIndexWhenItemsAreNotLoadedCompletely" computerName="TFSBUILD11" duration="00:00:00.0170000" startTime="2015-09-28T09:45:57.3701104-07:00" endTime="2015-09-28T09:45:57.3701104-07:00" testType="13cdc9d9-ddb5-4fa4-a97d-d965ccfc6d4b" outcome="Passed" testListId="8c84fa94-04c1-424b-9868-57a2d4851a1d" relativeResultsDirectory="6488cd1a-32fc-45e6-92ac-0eb40610d88f" />
    <UnitTestResult executionId="e7157086-aef5-4b25-b073-83dbf69e4383" testId="d5e19bb8-5f79-4dce-9a31-934d6aa079b1" testName="TFSTests.Agile.Boards BoardMember_ensureSearchIndex_WillBuildIndexWhenAllConditionsMet" computerName="TFSBUILD11" duration="00:00:00.0170000" startTime="2015-09-28T09:45:57.3701104-07:00" endTime="2015-09-28T09:45:57.3701104-07:00" testType="13cdc9d9-ddb5-4fa4-a97d-d965ccfc6d4b" outcome="Passed" testListId="8c84fa94-04c1-424b-9868-57a2d4851a1d" relativeResultsDirectory="e7157086-aef5-4b25-b073-83dbf69e4383" />
    <UnitTestResult executionId="b6d844a8-e78f-4e40-9f28-f48b87b8b9ad" testId="b7c9ce1e-e7e5-4a85-ae87-6faf1cc53983" testName="TFSTests.Agile.Boards BoardMember_ensureSearchIndex_WontBuildIndexWhenFiringItemChangeEvents" computerName="TFSBUILD11" duration="00:00:00.0170000" startTime="2015-09-28T09:45:57.3701104-07:00" endTime="2015-09-28T09:45:57.3701104-07:00" testType="13cdc9d9-ddb5-4fa4-a97d-d965ccfc6d4b" outcome="Passed" testListId="8c84fa94-04c1-424b-9868-57a2d4851a1d" relativeResultsDirectory="b6d844a8-e78f-4e40-9f28-f48b87b8b9ad" />
    <UnitTestResult executionId="b11d5574-82cb-4ac3-82bc-57cd8463e203" testId="20cc669b-9cfd-419e-a3ca-f817c651ba47" testName="TFSTests.Agile.Boards NodeView_findMemberViewByFieldValues" computerName="TFSBUILD11" duration="00:00:00.4310000" startTime="2015-09-28T09:45:57.3701104-07:00" endTime="2015-09-28T09:45:57.3701104-07:00" testType="13cdc9d9-ddb5-4fa4-a97d-d965ccfc6d4b" outcome="Passed" testListId="8c84fa94-04c1-424b-9868-57a2d4851a1d" relativeResultsDirectory="b11d5574-82cb-4ac3-82bc-57cd8463e203" />
    <UnitTestResult executionId="5f680bde-9d1f-43c2-9251-870a3a2ac8c7" testId="a59e64ed-5a8c-4bd1-9b45-3bb8dc3f3396" testName="TFSTests.Agile.Boards MemberView_getLeftMostLeafMemberView" computerName="TFSBUILD11" duration="00:00:00.3720000" startTime="2015-09-28T09:45:58.2338659-07:00" endTime="2015-09-28T09:45:58.2338659-07:00" testType="13cdc9d9-ddb5-4fa4-a97d-d965ccfc6d4b" outcome="Passed" testListId="8c84fa94-04c1-424b-9868-57a2d4851a1d" relativeResultsDirectory="5f680bde-9d1f-43c2-9251-870a3a2ac8c7" />
    <UnitTestResult executionId="753e7014-71e1-4f8e-ac54-e000af2bd83d" testId="430f1e83-4384-4a2f-91a2-7b47b8394b74" testName="TFSTests.Agile.Boards MemberView_getRightMostLeafMemberView" computerName="TFSBUILD11" duration="00:00:00.3520000" startTime="2015-09-28T09:45:58.2338659-07:00" endTime="2015-09-28T09:45:58.2338659-07:00" testType="13cdc9d9-ddb5-4fa4-a97d-d965ccfc6d4b" outcome="Passed" testListId="8c84fa94-04c1-424b-9868-57a2d4851a1d" relativeResultsDirectory="753e7014-71e1-4f8e-ac54-e000af2bd83d" />
    <UnitTestResult executionId="8bd9341f-2446-4df6-8486-87db1108c3a5" testId="d4f3aaf3-63d9-43cc-8240-2503876bb1f8" testName="TFSTests.Agile.ProductBacklog.UrlHelpers getUrlContext_correctlyParsesNewStyleUrls" computerName="TFSBUILD11" duration="00:00:00.0180000" startTime="2015-09-28T09:45:58.2338659-07:00" endTime="2015-09-28T09:45:58.2338659-07:00" testType="13cdc9d9-ddb5-4fa4-a97d-d965ccfc6d4b" outcome="Passed" testListId="8c84fa94-04c1-424b-9868-57a2d4851a1d" relativeResultsDirectory="8bd9341f-2446-4df6-8486-87db1108c3a5" />
    <UnitTestResult executionId="02ac6117-49f1-4812-aa79-6612d5806503" testId="e77373dc-b6e2-4fd1-9f46-2f51b1de61dc" testName="TFSTests.Agile.ProductBacklog.UrlHelpers getUrlContext_correctlyTranslatesOldStyleUrls" computerName="TFSBUILD11" duration="00:00:00.0160000" startTime="2015-09-28T09:45:58.2338659-07:00" endTime="2015-09-28T09:45:58.2338659-07:00" testType="13cdc9d9-ddb5-4fa4-a97d-d965ccfc6d4b" outcome="Passed" testListId="8c84fa94-04c1-424b-9868-57a2d4851a1d" relativeResultsDirectory="02ac6117-49f1-4812-aa79-6612d5806503" />
    <UnitTestResult executionId="769f4702-1ffe-420f-a168-7f16edbd81e4" testId="110e03e2-78f6-4060-a190-3718abebede5" testName="TFSTests.Agile.ProductBacklog.UrlHelpers getUrlContext_correctlyTranslatesMixedUrls" computerName="TFSBUILD11" duration="00:00:00.0170000" startTime="2015-09-28T09:45:58.2338659-07:00" endTime="2015-09-28T09:45:58.2338659-07:00" testType="13cdc9d9-ddb5-4fa4-a97d-d965ccfc6d4b" outcome="Passed" testListId="8c84fa94-04c1-424b-9868-57a2d4851a1d" relativeResultsDirectory="769f4702-1ffe-420f-a168-7f16edbd81e4" />
    <UnitTestResult executionId="06d35512-f2e4-49af-9614-6e0e385d4405" testId="6ec24d6e-e64d-4649-9e8c-9429c1654e13" testName="TFSTests.Agile.ProductBacklog.UrlHelpers getUrlContext_correctlyTranslatesPartialUrls" computerName="TFSBUILD11" duration="00:00:00.0160000" startTime="2015-09-28T09:45:58.2338659-07:00" endTime="2015-09-28T09:45:58.2338659-07:00" testType="13cdc9d9-ddb5-4fa4-a97d-d965ccfc6d4b" outcome="Passed" testListId="8c84fa94-04c1-424b-9868-57a2d4851a1d" relativeResultsDirectory="06d35512-f2e4-49af-9614-6e0e385d4405" />
    <UnitTestResult executionId="eadbc44c-a904-4406-982a-f8d057b778eb" testId="5de56f11-99b1-4e21-97e1-3137263b48a2" testName="TFSTests.Agile.ProductBacklog.UrlHelpers ensureUrlContext_rewritesStateCorrectly" computerName="TFSBUILD11" duration="00:00:00.0160000" startTime="2015-09-28T09:45:58.2338659-07:00" endTime="2015-09-28T09:45:58.2338659-07:00" testType="13cdc9d9-ddb5-4fa4-a97d-d965ccfc6d4b" outcome="Passed" testListId="8c84fa94-04c1-424b-9868-57a2d4851a1d" relativeResultsDirectory="eadbc44c-a904-4406-982a-f8d057b778eb" />
    <UnitTestResult executionId="e4325e5c-156a-4c1e-864b-0467a78ae548" testId="a586fd93-72c7-4fa9-8d8e-b68644117f18" testName="TFSTests.Agile.ProductBacklog.UrlHelpers ensureUrlContext_removesShowParentsOnRootBacklog" computerName="TFSBUILD11" duration="00:00:00.0160000" startTime="2015-09-28T09:45:58.2348666-07:00" endTime="2015-09-28T09:45:58.2348666-07:00" testType="13cdc9d9-ddb5-4fa4-a97d-d965ccfc6d4b" outcome="Passed" testListId="8c84fa94-04c1-424b-9868-57a2d4851a1d" relativeResultsDirectory="e4325e5c-156a-4c1e-864b-0467a78ae548" />
    <UnitTestResult executionId="4513ffd6-fe53-4c83-bdc7-c40ec041c9ae" testId="e600c98f-bb7c-4229-9eb4-424cd0a3857d" testName="TFSTests.Agile.ProductBacklog.UrlHelpers ensureUrlContext_suppressesNavigate" computerName="TFSBUILD11" duration="00:00:00.0150000" startTime="2015-09-28T09:45:58.2348666-07:00" endTime="2015-09-28T09:45:58.2348666-07:00" testType="13cdc9d9-ddb5-4fa4-a97d-d965ccfc6d4b" outcome="Passed" testListId="8c84fa94-04c1-424b-9868-57a2d4851a1d" relativeResultsDirectory="4513ffd6-fe53-4c83-bdc7-c40ec041c9ae" />
    <UnitTestResult executionId="3e6475bd-d57d-4bf7-b980-7e5e3ff9d8c7" testId="e7916c2b-b838-4bb1-a4c0-c784a9d094a0" testName="TFSTests.Agile.ProductBacklog.UrlHelpers ensureUrlContext_keepsUnrecognizedParams" computerName="TFSBUILD11" duration="00:00:00.0150000" startTime="2015-09-28T09:45:58.8599770-07:00" endTime="2015-09-28T09:45:58.8599770-07:00" testType="13cdc9d9-ddb5-4fa4-a97d-d965ccfc6d4b" outcome="Passed" testListId="8c84fa94-04c1-424b-9868-57a2d4851a1d" relativeResultsDirectory="3e6475bd-d57d-4bf7-b980-7e5e3ff9d8c7" />
    <UnitTestResult executionId="1fa806ce-0c19-427b-a46f-d9b3509d46d0" testId="e4c24523-60dd-441d-9833-6287adf2018a" testName="TFSTests.Agile.ProductBacklog.MappingPanelTests MappingPane_RefreshButtonWillRefreshGrid" computerName="TFSBUILD11" duration="00:00:00.0600000" startTime="2015-09-28T09:45:58.8599770-07:00" endTime="2015-09-28T09:45:58.8599770-07:00" testType="13cdc9d9-ddb5-4fa4-a97d-d965ccfc6d4b" outcome="Passed" testListId="8c84fa94-04c1-424b-9868-57a2d4851a1d" relativeResultsDirectory="1fa806ce-0c19-427b-a46f-d9b3509d46d0" />
    <UnitTestResult executionId="113f88ee-5c19-43a6-9080-5c633d065a04" testId="66dd237b-9b28-48b4-b37e-25fec49ca249" testName="TFSTests.Agile.ProductBacklog.MappingPanelTests MappingPaneCanOnlyBeInitializedOnce" computerName="TFSBUILD11" duration="00:00:00.0520000" startTime="2015-09-28T09:45:58.8599770-07:00" endTime="2015-09-28T09:45:58.8599770-07:00" testType="13cdc9d9-ddb5-4fa4-a97d-d965ccfc6d4b" outcome="Passed" testListId="8c84fa94-04c1-424b-9868-57a2d4851a1d" relativeResultsDirectory="113f88ee-5c19-43a6-9080-5c633d065a04" />
    <UnitTestResult executionId="f8799a03-e71f-4fbc-ac32-5bc392bfea3d" testId="a625eec5-d0ec-4a69-9f54-b4637b21c4c4" testName="TFSTests.Agile.ProductBacklog.MappingPanelTests NotInitializedWhenNotVisible" computerName="TFSBUILD11" duration="00:00:00.0430000" startTime="2015-09-28T09:45:58.8599770-07:00" endTime="2015-09-28T09:45:58.8599770-07:00" testType="13cdc9d9-ddb5-4fa4-a97d-d965ccfc6d4b" outcome="Passed" testListId="8c84fa94-04c1-424b-9868-57a2d4851a1d" relativeResultsDirectory="f8799a03-e71f-4fbc-ac32-5bc392bfea3d" />
    <UnitTestResult executionId="4ffc4270-3111-4980-881b-a9b8694fd61c" testId="74f0446b-4569-440b-ac20-8f344dc0bfcb" testName="TFSTests.Agile.ProductBacklog.MappingPanelTests InitializedWhenVisible" computerName="TFSBUILD11" duration="00:00:00.0730000" startTime="2015-09-28T09:45:58.8599770-07:00" endTime="2015-09-28T09:45:58.8599770-07:00" testType="13cdc9d9-ddb5-4fa4-a97d-d965ccfc6d4b" outcome="Passed" testListId="8c84fa94-04c1-424b-9868-57a2d4851a1d" relativeResultsDirectory="4ffc4270-3111-4980-881b-a9b8694fd61c" />
    <UnitTestResult executionId="2a096566-4a48-4011-8520-fad11d858506" testId="33e5bf27-6030-4d66-af72-5583e5ed65c0" testName="TFSTests.Agile.ProductBacklog.MappingPanelTests DropDownPopulated" computerName="TFSBUILD11" duration="00:00:00.0900000" startTime="2015-09-28T09:45:58.8599770-07:00" endTime="2015-09-28T09:45:58.8599770-07:00" testType="13cdc9d9-ddb5-4fa4-a97d-d965ccfc6d4b" outcome="Passed" testListId="8c84fa94-04c1-424b-9868-57a2d4851a1d" relativeResultsDirectory="2a096566-4a48-4011-8520-fad11d858506" />
    <UnitTestResult executionId="376a6006-2775-4855-8a2d-89451a3ed71e" testId="75a21330-0606-4b4e-ae8a-7f3025f2a53a" testName="TFSTests.Agile.ProductBacklog.MappingPanelTests DataProviderProvidedToGrid" computerName="TFSBUILD11" duration="00:00:00.0770000" startTime="2015-09-28T09:45:58.8609774-07:00" endTime="2015-09-28T09:45:58.8609774-07:00" testType="13cdc9d9-ddb5-4fa4-a97d-d965ccfc6d4b" outcome="Passed" testListId="8c84fa94-04c1-424b-9868-57a2d4851a1d" relativeResultsDirectory="376a6006-2775-4855-8a2d-89451a3ed71e" />
    <UnitTestResult executionId="ce6258eb-08c9-4c06-8303-b80327ecff7a" testId="f6c41f18-113d-4310-94eb-2aa3f29cf55b" testName="TFSTests.Agile.ProductBacklog.MappingPanelTests DataProviderProvidedWithWayOfGettingSelectedTeam" computerName="TFSBUILD11" duration="00:00:00.0960000" startTime="2015-09-28T09:45:58.8609774-07:00" endTime="2015-09-28T09:45:58.8609774-07:00" testType="13cdc9d9-ddb5-4fa4-a97d-d965ccfc6d4b" outcome="Passed" testListId="8c84fa94-04c1-424b-9868-57a2d4851a1d" relativeResultsDirectory="ce6258eb-08c9-4c06-8303-b80327ecff7a" />
    <UnitTestResult executionId="cfd14376-14d9-432d-badb-d15140c6bb16" testId="9428b218-46da-48c5-842c-237fb1656981" testName="TFSTests.Agile.ProductBacklog.MappingPanelTests DropAcceptsBacklogContextWorkItemTypes" computerName="TFSBUILD11" duration="00:00:00.1160000" startTime="2015-09-28T09:45:58.8609774-07:00" endTime="2015-09-28T09:45:58.8609774-07:00" testType="13cdc9d9-ddb5-4fa4-a97d-d965ccfc6d4b" outcome="Passed" testListId="8c84fa94-04c1-424b-9868-57a2d4851a1d" relativeResultsDirectory="cfd14376-14d9-432d-badb-d15140c6bb16" />
    <UnitTestResult executionId="d41641de-5878-4dda-9b65-f4dc3931861a" testId="d4a13eef-3861-4460-8da3-f5fbc8fef2c2" testName="TFSTests.Agile.ProductBacklog.MappingPanelTests DropDoesNotAcceptNonBacklogContextWorkItemTypes" computerName="TFSBUILD11" duration="00:00:00.1320000" startTime="2015-09-28T09:45:59.4325793-07:00" endTime="2015-09-28T09:45:59.4325793-07:00" testType="13cdc9d9-ddb5-4fa4-a97d-d965ccfc6d4b" outcome="Passed" testListId="8c84fa94-04c1-424b-9868-57a2d4851a1d" relativeResultsDirectory="d41641de-5878-4dda-9b65-f4dc3931861a" />
    <UnitTestResult executionId="b41128b6-382f-4808-862a-d06f09fdb5c6" testId="1440ee98-3076-4f55-978f-064fbda7044a" testName="TFSTests.Agile.ProductBacklog.MappingPanelTests DropRaisesActionEvent" computerName="TFSBUILD11" duration="00:00:00.0840000" startTime="2015-09-28T09:45:59.4325793-07:00" endTime="2015-09-28T09:45:59.4325793-07:00" testType="13cdc9d9-ddb5-4fa4-a97d-d965ccfc6d4b" outcome="Passed" testListId="8c84fa94-04c1-424b-9868-57a2d4851a1d" relativeResultsDirectory="b41128b6-382f-4808-862a-d06f09fdb5c6" />
    <UnitTestResult executionId="a6815c58-3cd3-44d2-a957-92a3935e50cb" testId="d81ebae1-2412-40cc-9289-7c7ea101bfe9" testName="TFSTests.Agile.ProductBacklog.MappingPanelTests MappingDataProviderInvokesCorrectAction" computerName="TFSBUILD11" duration="00:00:00.0520000" startTime="2015-09-28T09:45:59.4325793-07:00" endTime="2015-09-28T09:45:59.4325793-07:00" testType="13cdc9d9-ddb5-4fa4-a97d-d965ccfc6d4b" outcome="Passed" testListId="8c84fa94-04c1-424b-9868-57a2d4851a1d" relativeResultsDirectory="a6815c58-3cd3-44d2-a957-92a3935e50cb" />
    <UnitTestResult executionId="6937eb9a-ceb0-4a9b-a5c5-e302696dc5b0" testId="86ac68f7-b539-4056-9f8c-51155273a6a5" testName="TFSTests.Agile.TaskBoard.Controller EditWorkItem_LaunchesWitEditor" computerName="TFSBUILD11" duration="00:00:00.0260000" startTime="2015-09-28T09:45:59.4325793-07:00" endTime="2015-09-28T09:45:59.4325793-07:00" testType="13cdc9d9-ddb5-4fa4-a97d-d965ccfc6d4b" outcome="Passed" testListId="8c84fa94-04c1-424b-9868-57a2d4851a1d" relativeResultsDirectory="6937eb9a-ceb0-4a9b-a5c5-e302696dc5b0" />
    <UnitTestResult executionId="866c0536-0b36-4305-b4df-8b6a73e0fa4d" testId="f83daff9-783f-4f6e-95cb-731e0a5063c3" testName="TFSTests.Agile.TaskBoard.Controller EditWorkItem_RefreshesWorkItemViewOnSave" computerName="TFSBUILD11" duration="00:00:00.0720000" startTime="2015-09-28T09:45:59.4325793-07:00" endTime="2015-09-28T09:45:59.4325793-07:00" testType="13cdc9d9-ddb5-4fa4-a97d-d965ccfc6d4b" outcome="Passed" testListId="8c84fa94-04c1-424b-9868-57a2d4851a1d" relativeResultsDirectory="866c0536-0b36-4305-b4df-8b6a73e0fa4d" />
    <UnitTestResult executionId="d0c12301-ab42-4946-8574-a0f7abd8de33" testId="acde2c41-1d5b-43f2-9eef-862531405147" testName="TFSTests.Agile.TaskBoard.Controller EditWorkItem_RemovesNewWorkItemViewOnDiscard" computerName="TFSBUILD11" duration="00:00:00.0500000" startTime="2015-09-28T09:45:59.4325793-07:00" endTime="2015-09-28T09:45:59.4325793-07:00" testType="13cdc9d9-ddb5-4fa4-a97d-d965ccfc6d4b" outcome="Passed" testListId="8c84fa94-04c1-424b-9868-57a2d4851a1d" relativeResultsDirectory="d0c12301-ab42-4946-8574-a0f7abd8de33" />
    <UnitTestResult executionId="bb395298-4af5-45d7-9d89-656ecfbbeb0f" testId="e9fa8cea-e3af-46ac-b316-445a33bbe569" testName="TFSTests.Agile.TaskBoard.Controller EditWorkItem_SetsFocusOnClose" computerName="TFSBUILD11" duration="00:00:00.0520000" startTime="2015-09-28T09:45:59.4325793-07:00" endTime="2015-09-28T09:45:59.4325793-07:00" testType="13cdc9d9-ddb5-4fa4-a97d-d965ccfc6d4b" outcome="Passed" testListId="8c84fa94-04c1-424b-9868-57a2d4851a1d" relativeResultsDirectory="bb395298-4af5-45d7-9d89-656ecfbbeb0f" />
    <UnitTestResult executionId="4a190ebd-6b4e-433f-bd9b-68f85204f7b0" testId="188c11f2-c676-4f72-9fe8-f3ac6cd10225" testName="TFSTests.Agile.TaskBoard.Controller EditWorkItem_ShouldNotRefreshWorkItemViewOnSave" computerName="TFSBUILD11" duration="00:00:00.0530000" startTime="2015-09-28T09:45:59.4325793-07:00" endTime="2015-09-28T09:45:59.4325793-07:00" testType="13cdc9d9-ddb5-4fa4-a97d-d965ccfc6d4b" outcome="Passed" testListId="8c84fa94-04c1-424b-9868-57a2d4851a1d" relativeResultsDirectory="4a190ebd-6b4e-433f-bd9b-68f85204f7b0" />
    <UnitTestResult executionId="38f433ab-b713-479b-ac7a-72c56593598c" testId="14a5811f-4774-49ab-8635-d0b886231311" testName="TFSTests.Agile.TaskBoard.Controller beginCreateWorkItem_CreatesANewTile" computerName="TFSBUILD11" duration="00:00:00.0500000" startTime="2015-09-28T09:45:59.4325793-07:00" endTime="2015-09-28T09:45:59.4325793-07:00" testType="13cdc9d9-ddb5-4fa4-a97d-d965ccfc6d4b" outcome="Passed" testListId="8c84fa94-04c1-424b-9868-57a2d4851a1d" relativeResultsDirectory="38f433ab-b713-479b-ac7a-72c56593598c" />
    <UnitTestResult executionId="5ece645e-9385-481e-bd42-63ed6d72f35b" testId="ed52f875-b4e3-41d2-b4ad-76f0981ff44c" testName="TFSTests.Agile.TaskBoard.Controller DiscardWorkItem_RemovesNewWorkItemViewOnDiscard" computerName="TFSBUILD11" duration="00:00:00.0510000" startTime="2015-09-28T09:45:59.7333150-07:00" endTime="2015-09-28T09:45:59.7333150-07:00" testType="13cdc9d9-ddb5-4fa4-a97d-d965ccfc6d4b" outcome="Passed" testListId="8c84fa94-04c1-424b-9868-57a2d4851a1d" relativeResultsDirectory="5ece645e-9385-481e-bd42-63ed6d72f35b" />
    <UnitTestResult executionId="a65c1118-557a-4a1a-a7b0-438131752b76" testId="059641e4-41fd-4955-9cb0-21c703100ab4" testName="TFSTests.Agile.TaskBoard.Controller Controller_RegistersForViewsWorkItemChangeStartedEvent" computerName="TFSBUILD11" duration="00:00:00.0530000" startTime="2015-09-28T09:45:59.7333150-07:00" endTime="2015-09-28T09:45:59.7333150-07:00" testType="13cdc9d9-ddb5-4fa4-a97d-d965ccfc6d4b" outcome="Passed" testListId="8c84fa94-04c1-424b-9868-57a2d4851a1d" relativeResultsDirectory="a65c1118-557a-4a1a-a7b0-438131752b76" />
    <UnitTestResult executionId="6aa24004-d2b5-41bd-b090-a3152a8413fb" testId="4cdc74f6-b2ca-40dc-9c88-5d93200efd92" testName="TFSTests.Agile.TaskBoard.Controller Controller_RegistersForViewsChangeWorkItemEvent" computerName="TFSBUILD11" duration="00:00:00.0530000" startTime="2015-09-28T09:45:59.7333150-07:00" endTime="2015-09-28T09:45:59.7333150-07:00" testType="13cdc9d9-ddb5-4fa4-a97d-d965ccfc6d4b" outcome="Passed" testListId="8c84fa94-04c1-424b-9868-57a2d4851a1d" relativeResultsDirectory="6aa24004-d2b5-41bd-b090-a3152a8413fb" />
    <UnitTestResult executionId="bc5525bc-55d8-41f5-9954-e39a909769c1" testId="3f509c01-9386-4cba-ad37-993cb45e56ea" testName="TFSTests.Agile.TaskBoard.Controller Controller_RegistersForViewsEditWorkItemEvent" computerName="TFSBUILD11" duration="00:00:00.0660000" startTime="2015-09-28T09:45:59.7333150-07:00" endTime="2015-09-28T09:45:59.7333150-07:00" testType="13cdc9d9-ddb5-4fa4-a97d-d965ccfc6d4b" outcome="Passed" testListId="8c84fa94-04c1-424b-9868-57a2d4851a1d" relativeResultsDirectory="bc5525bc-55d8-41f5-9954-e39a909769c1" />
    <UnitTestResult executionId="80f542df-e54b-4478-96c2-87d725047850" testId="57b19687-94d6-40d2-a2f1-e80f312d4030" testName="TFSTests.Agile.TaskBoard.ModelTests Initialize" computerName="TFSBUILD11" duration="00:00:00.0180000" startTime="2015-09-28T09:45:59.7343148-07:00" endTime="2015-09-28T09:45:59.7343148-07:00" testType="13cdc9d9-ddb5-4fa4-a97d-d965ccfc6d4b" outcome="Passed" testListId="8c84fa94-04c1-424b-9868-57a2d4851a1d" relativeResultsDirectory="80f542df-e54b-4478-96c2-87d725047850" />
    <UnitTestResult executionId="ed92f120-78c8-4491-bbd2-bc912037241f" testId="f32f7f74-a108-478f-9bd0-5dac08905d2f" testName="TFSTests.Agile.TaskBoard.ModelTests GetFieldValue" computerName="TFSBUILD11" duration="00:00:00.0150000" startTime="2015-09-28T09:45:59.7343148-07:00" endTime="2015-09-28T09:45:59.7343148-07:00" testType="13cdc9d9-ddb5-4fa4-a97d-d965ccfc6d4b" outcome="Passed" testListId="8c84fa94-04c1-424b-9868-57a2d4851a1d" relativeResultsDirectory="ed92f120-78c8-4491-bbd2-bc912037241f" />
    <UnitTestResult executionId="e56c3bde-afcb-408c-bf00-f35d24b6b687" testId="203334e3-e8a3-4c73-b317-000c7d5853e6" testName="TFSTests.Agile.TaskBoard.ModelTests GetFieldValueReturnsZeroForWorkItemTypesWhichDoNotHaveRemainingWork" computerName="TFSBUILD11" duration="00:00:00.0160000" startTime="2015-09-28T09:45:59.7343148-07:00" endTime="2015-09-28T09:45:59.7343148-07:00" testType="13cdc9d9-ddb5-4fa4-a97d-d965ccfc6d4b" outcome="Passed" testListId="8c84fa94-04c1-424b-9868-57a2d4851a1d" relativeResultsDirectory="e56c3bde-afcb-408c-bf00-f35d24b6b687" />
    <UnitTestResult executionId="8c4083a4-462d-4db7-a8fe-0a605c097721" testId="5b4d28b8-acc4-452e-a24a-a2b4747ab50f" testName="TFSTests.Agile.TaskBoard.ModelTests GetFieldValueRespectsOverriddenFieldValues" computerName="TFSBUILD11" duration="00:00:00.0140000" startTime="2015-09-28T09:45:59.7343148-07:00" endTime="2015-09-28T09:45:59.7343148-07:00" testType="13cdc9d9-ddb5-4fa4-a97d-d965ccfc6d4b" outcome="Passed" testListId="8c84fa94-04c1-424b-9868-57a2d4851a1d" relativeResultsDirectory="8c4083a4-462d-4db7-a8fe-0a605c097721" />
    <UnitTestResult executionId="a1f5a171-a3e2-40fd-a58f-056aaabad386" testId="ab38c071-f5ed-4334-941a-3fbbaa9b402b" testName="TFSTests.Agile.TaskBoard.ModelTests GetFieldValueThrowsWhenInvalidFieldNameIsProvided" computerName="TFSBUILD11" duration="00:00:00.0150000" startTime="2015-09-28T09:45:59.7343148-07:00" endTime="2015-09-28T09:45:59.7343148-07:00" testType="13cdc9d9-ddb5-4fa4-a97d-d965ccfc6d4b" outcome="Passed" testListId="8c84fa94-04c1-424b-9868-57a2d4851a1d" relativeResultsDirectory="a1f5a171-a3e2-40fd-a58f-056aaabad386" />
    <UnitTestResult executionId="d6ff78c2-f5d3-47f9-bae0-496d73a11d6b" testId="aa24868f-e072-4e2e-a870-e34774dc72f2" testName="TFSTests.Agile.TaskBoard.ModelTests GetFieldValueErrorCases" computerName="TFSBUILD11" duration="00:00:00.0150000" startTime="2015-09-28T09:45:59.8824509-07:00" endTime="2015-09-28T09:45:59.8824509-07:00" testType="13cdc9d9-ddb5-4fa4-a97d-d965ccfc6d4b" outcome="Passed" testListId="8c84fa94-04c1-424b-9868-57a2d4851a1d" relativeResultsDirectory="d6ff78c2-f5d3-47f9-bae0-496d73a11d6b" />
    <UnitTestResult executionId="139ced1c-fcb7-4e8f-8d22-7a8ef7b83ce6" testId="df790594-5e75-4d6a-942a-ae0604722c84" testName="TFSTests.Agile.TaskBoard.ModelTests FormatRemainingWorkReturnsEmptyStringWhenNoWorkIsProvided" computerName="TFSBUILD11" duration="00:00:00.0150000" startTime="2015-09-28T09:45:59.8824509-07:00" endTime="2015-09-28T09:45:59.8824509-07:00" testType="13cdc9d9-ddb5-4fa4-a97d-d965ccfc6d4b" outcome="Passed" testListId="8c84fa94-04c1-424b-9868-57a2d4851a1d" relativeResultsDirectory="139ced1c-fcb7-4e8f-8d22-7a8ef7b83ce6" />
    <UnitTestResult executionId="5ec4069a-baff-4ecd-a9a0-53b7334c2a60" testId="09c1c324-23e6-4cb5-ac69-142bb4690b53" testName="TFSTests.Agile.TaskBoard.ModelTests FormatRemainingWorkReturnsFormattedString" computerName="TFSBUILD11" duration="00:00:00.0150000" startTime="2015-09-28T09:45:59.8834513-07:00" endTime="2015-09-28T09:45:59.8834513-07:00" testType="13cdc9d9-ddb5-4fa4-a97d-d965ccfc6d4b" outcome="Passed" testListId="8c84fa94-04c1-424b-9868-57a2d4851a1d" relativeResultsDirectory="5ec4069a-baff-4ecd-a9a0-53b7334c2a60" />
    <UnitTestResult executionId="4221979a-c125-4235-8db6-81609facb664" testId="6d07ac1f-2e4b-4d7a-b9a1-a2cba068641a" testName="TFSTests.Agile.TaskBoard.ModelTests GetValidStateTransitionsReturnsValuesInSortedOrder" computerName="TFSBUILD11" duration="00:00:00.0200000" startTime="2015-09-28T09:45:59.8834513-07:00" endTime="2015-09-28T09:45:59.8834513-07:00" testType="13cdc9d9-ddb5-4fa4-a97d-d965ccfc6d4b" outcome="Passed" testListId="8c84fa94-04c1-424b-9868-57a2d4851a1d" relativeResultsDirectory="4221979a-c125-4235-8db6-81609facb664" />
    <UnitTestResult executionId="b4930e02-00a0-47ba-b653-f3905f5f3a04" testId="be9138ac-37b8-4a00-b19a-a343ff9686a1" testName="TFSTests.Agile.TaskBoard.ModelTests GetValidStateTransitionsReturnsCurrentStateIfKeyNotFound" computerName="TFSBUILD11" duration="00:00:00.0160000" startTime="2015-09-28T09:45:59.8834513-07:00" endTime="2015-09-28T09:45:59.8834513-07:00" testType="13cdc9d9-ddb5-4fa4-a97d-d965ccfc6d4b" outcome="Passed" testListId="8c84fa94-04c1-424b-9868-57a2d4851a1d" relativeResultsDirectory="b4930e02-00a0-47ba-b653-f3905f5f3a04" />
    <UnitTestResult executionId="22d3ba03-fcd7-4049-8213-769088ca786b" testId="e598d167-b985-4436-9200-aa1a2701fdbb" testName="TFSTests.Agile.TaskBoard.ModelTests GetValidStateTransitionsReturnsProperStateTransitionsForUnicodeKey" computerName="TFSBUILD11" duration="00:00:00.0150000" startTime="2015-09-28T09:45:59.8834513-07:00" endTime="2015-09-28T09:45:59.8834513-07:00" testType="13cdc9d9-ddb5-4fa4-a97d-d965ccfc6d4b" outcome="Passed" testListId="8c84fa94-04c1-424b-9868-57a2d4851a1d" relativeResultsDirectory="22d3ba03-fcd7-4049-8213-769088ca786b" />
    <UnitTestResult executionId="252628a4-2298-4f7d-9631-b8717ec42631" testId="2def665f-46e9-4353-a723-275fc58abf9c" testName="TFSTests.Agile.TaskBoard.ModelTests CalculateRollupReturnsExpectedRollupForTheParentClassification" computerName="TFSBUILD11" duration="00:00:00.0180000" startTime="2015-09-28T09:45:59.8834513-07:00" endTime="2015-09-28T09:45:59.8834513-07:00" testType="13cdc9d9-ddb5-4fa4-a97d-d965ccfc6d4b" outcome="Passed" testListId="8c84fa94-04c1-424b-9868-57a2d4851a1d" relativeResultsDirectory="252628a4-2298-4f7d-9631-b8717ec42631" />
    <UnitTestResult executionId="e0b76ffb-5bbc-4fb3-9818-7ddab8ec1b28" testId="e66beb2f-d4d2-4df9-b2e2-33735b62bd35" testName="TFSTests.Agile.TaskBoard.ModelTests CalculateRollupReturnsExpectedRollupForThePeopleClassification" computerName="TFSBUILD11" duration="00:00:00.0180000" startTime="2015-09-28T09:45:59.8834513-07:00" endTime="2015-09-28T09:45:59.8834513-07:00" testType="13cdc9d9-ddb5-4fa4-a97d-d965ccfc6d4b" outcome="Passed" testListId="8c84fa94-04c1-424b-9868-57a2d4851a1d" relativeResultsDirectory="e0b76ffb-5bbc-4fb3-9818-7ddab8ec1b28" />
    <UnitTestResult executionId="c23308e1-2ecd-4167-b4a3-bbc8d9d69f48" testId="125f31e3-6382-49f2-bdbf-490e6e5ef0e0" testName="TFSTests.Agile.TaskBoard.ModelTests CalculateRollupExcludesWorkItemsWithStateNotOnTaskboard" computerName="TFSBUILD11" duration="00:00:00.0150000" startTime="2015-09-28T09:45:59.8834513-07:00" endTime="2015-09-28T09:45:59.8834513-07:00" testType="13cdc9d9-ddb5-4fa4-a97d-d965ccfc6d4b" outcome="Passed" testListId="8c84fa94-04c1-424b-9868-57a2d4851a1d" relativeResultsDirectory="c23308e1-2ecd-4167-b4a3-bbc8d9d69f48" />
    <UnitTestResult executionId="20756905-c79a-4c3f-8be9-fae904a6af9d" testId="dcc41066-c108-41f7-994f-0ec3ed3c1366" testName="TFSTests.Agile.TaskBoard.ModelTests GetChildWorkItemIds_ReturnsExpectedListOfWorkItemIDs" computerName="TFSBUILD11" duration="00:00:00.0160000" startTime="2015-09-28T09:46:00.0278610-07:00" endTime="2015-09-28T09:46:00.0278610-07:00" testType="13cdc9d9-ddb5-4fa4-a97d-d965ccfc6d4b" outcome="Passed" testListId="8c84fa94-04c1-424b-9868-57a2d4851a1d" relativeResultsDirectory="20756905-c79a-4c3f-8be9-fae904a6af9d" />
    <UnitTestResult executionId="2a9de1ae-679b-47d8-9f32-6dbbc9389f25" testId="68564951-5394-407b-a38f-36c9ba3d55f8" testName="TFSTests.Agile.TaskBoard.ModelTests GetClassification_ReturnsExpectedDataForParentClassificationType" computerName="TFSBUILD11" duration="00:00:00.0160000" startTime="2015-09-28T09:46:00.0278610-07:00" endTime="2015-09-28T09:46:00.0278610-07:00" testType="13cdc9d9-ddb5-4fa4-a97d-d965ccfc6d4b" outcome="Passed" testListId="8c84fa94-04c1-424b-9868-57a2d4851a1d" relativeResultsDirectory="2a9de1ae-679b-47d8-9f32-6dbbc9389f25" />
    <UnitTestResult executionId="ca8d5522-082e-476c-851d-d5d05aa9412e" testId="5ed7ca9c-8cf3-4566-97c4-51451d06501f" testName="TFSTests.Agile.TaskBoard.ModelTests GetPivotFieldValue_ReturnsTheParentIDWhenUsingParentClassification" computerName="TFSBUILD11" duration="00:00:00.0160000" startTime="2015-09-28T09:46:00.0278610-07:00" endTime="2015-09-28T09:46:00.0278610-07:00" testType="13cdc9d9-ddb5-4fa4-a97d-d965ccfc6d4b" outcome="Passed" testListId="8c84fa94-04c1-424b-9868-57a2d4851a1d" relativeResultsDirectory="ca8d5522-082e-476c-851d-d5d05aa9412e" />
    <UnitTestResult executionId="28375916-85a4-40e9-8563-9d1ce18248e0" testId="46409e33-c838-47e3-8819-372c92d7994e" testName="TFSTests.Agile.TaskBoard.ModelTests GetClassification_ReturnsExpectedDataForPeopleClassificationType" computerName="TFSBUILD11" duration="00:00:00.0170000" startTime="2015-09-28T09:46:00.0278610-07:00" endTime="2015-09-28T09:46:00.0278610-07:00" testType="13cdc9d9-ddb5-4fa4-a97d-d965ccfc6d4b" outcome="Passed" testListId="8c84fa94-04c1-424b-9868-57a2d4851a1d" relativeResultsDirectory="28375916-85a4-40e9-8563-9d1ce18248e0" />
    <UnitTestResult executionId="353cbe5d-b8cb-4377-bf3f-637f90a4e068" testId="260f4c67-f000-41d1-ab0d-0b0b6acbd22e" testName="TFSTests.Agile.TaskBoard.ModelTests GetPivotFieldValue_ReturnsTheAssignedToWhenUsingPeopleClassification" computerName="TFSBUILD11" duration="00:00:00.0150000" startTime="2015-09-28T09:46:00.0278610-07:00" endTime="2015-09-28T09:46:00.0278610-07:00" testType="13cdc9d9-ddb5-4fa4-a97d-d965ccfc6d4b" outcome="Passed" testListId="8c84fa94-04c1-424b-9868-57a2d4851a1d" relativeResultsDirectory="353cbe5d-b8cb-4377-bf3f-637f90a4e068" />
    <UnitTestResult executionId="9e01c2b0-0e50-4682-87da-420ce8a72174" testId="b6c28493-ea6b-4b7b-8c13-29bf8e556a79" testName="TFSTests.Agile.TaskBoard.ModelTests GetFieldValue_ReturnsTheOrderByFieldValue" computerName="TFSBUILD11" duration="00:00:00.0150000" startTime="2015-09-28T09:46:00.0278610-07:00" endTime="2015-09-28T09:46:00.0278610-07:00" testType="13cdc9d9-ddb5-4fa4-a97d-d965ccfc6d4b" outcome="Passed" testListId="8c84fa94-04c1-424b-9868-57a2d4851a1d" relativeResultsDirectory="9e01c2b0-0e50-4682-87da-420ce8a72174" />
    <UnitTestResult executionId="c90005bf-faa1-4720-8024-b604e0caf3a6" testId="843ee65b-2052-47ab-817b-bd4788da2f92" testName="TFSTests.Agile.TaskBoard.ModelTests GetValidTransitions_GetsValidTransitions" computerName="TFSBUILD11" duration="00:00:00.0160000" startTime="2015-09-28T09:46:00.0278610-07:00" endTime="2015-09-28T09:46:00.0278610-07:00" testType="13cdc9d9-ddb5-4fa4-a97d-d965ccfc6d4b" outcome="Passed" testListId="8c84fa94-04c1-424b-9868-57a2d4851a1d" relativeResultsDirectory="c90005bf-faa1-4720-8024-b604e0caf3a6" />
    <UnitTestResult executionId="df46219e-1163-41ee-80eb-63e783adfd04" testId="21b1abaf-99af-49e8-a003-681bc72fb756" testName="TFSTests.Agile.TaskBoard.ModelTests BeginCreateWorkItem_FiresCallbackWithNewWorkItem" computerName="TFSBUILD11" duration="00:00:00.0170000" startTime="2015-09-28T09:46:00.0278610-07:00" endTime="2015-09-28T09:46:00.0278610-07:00" testType="13cdc9d9-ddb5-4fa4-a97d-d965ccfc6d4b" outcome="Passed" testListId="8c84fa94-04c1-424b-9868-57a2d4851a1d" relativeResultsDirectory="df46219e-1163-41ee-80eb-63e783adfd04" />
    <UnitTestResult executionId="c805097c-26b8-4a11-b847-d1590be6fae6" testId="826e8dfa-3adb-4a59-85fa-698360fc1439" testName="TFSTests.Agile.TaskBoard.ModelTests CreateWorkItem_AddsWorkItemIdToChildCollection" computerName="TFSBUILD11" duration="00:00:00.0150000" startTime="2015-09-28T09:46:00.0278610-07:00" endTime="2015-09-28T09:46:00.0278610-07:00" testType="13cdc9d9-ddb5-4fa4-a97d-d965ccfc6d4b" outcome="Passed" testListId="8c84fa94-04c1-424b-9868-57a2d4851a1d" relativeResultsDirectory="c805097c-26b8-4a11-b847-d1590be6fae6" />
    <UnitTestResult executionId="8915c565-651f-49e6-a631-79628b9063fc" testId="39ccdc79-c5b1-4144-b78c-2d49ce72d412" testName="TFSTests.Agile.TaskBoard.ModelTests FilterValues" computerName="TFSBUILD11" duration="00:00:00.0160000" startTime="2015-09-28T09:46:00.1699179-07:00" endTime="2015-09-28T09:46:00.1699179-07:00" testType="13cdc9d9-ddb5-4fa4-a97d-d965ccfc6d4b" outcome="Passed" testListId="8c84fa94-04c1-424b-9868-57a2d4851a1d" relativeResultsDirectory="8915c565-651f-49e6-a631-79628b9063fc" />
    <UnitTestResult executionId="2edf2f67-89da-4bb9-825e-95e03f67b6db" testId="84471918-49bc-4ed7-8af1-c3a39869ac9a" testName="TFSTests.Agile.TaskBoard.ModelTests EmptyFilterValues" computerName="TFSBUILD11" duration="00:00:00.0160000" startTime="2015-09-28T09:46:00.1699179-07:00" endTime="2015-09-28T09:46:00.1699179-07:00" testType="13cdc9d9-ddb5-4fa4-a97d-d965ccfc6d4b" outcome="Passed" testListId="8c84fa94-04c1-424b-9868-57a2d4851a1d" relativeResultsDirectory="2edf2f67-89da-4bb9-825e-95e03f67b6db" />
    <UnitTestResult executionId="4080dece-cda4-4c6f-baa3-378e4e8e7e1f" testId="55de09cc-3812-474d-907f-fcda03fa906a" testName="TFSTests.Agile.TaskBoard.ModelTests MembersOnlyFilterValues" computerName="TFSBUILD11" duration="00:00:00.0150000" startTime="2015-09-28T09:46:00.1699179-07:00" endTime="2015-09-28T09:46:00.1699179-07:00" testType="13cdc9d9-ddb5-4fa4-a97d-d965ccfc6d4b" outcome="Passed" testListId="8c84fa94-04c1-424b-9868-57a2d4851a1d" relativeResultsDirectory="4080dece-cda4-4c6f-baa3-378e4e8e7e1f" />
    <UnitTestResult executionId="748616fe-7143-4e90-ac4f-d5b7d8597016" testId="c202ead4-4d99-429d-8f3b-642f758c65ad" testName="TFSTests.Agile.TaskBoard.ModelTests WorkItemsOnlyFilterValues" computerName="TFSBUILD11" duration="00:00:00.0160000" startTime="2015-09-28T09:46:00.1699179-07:00" endTime="2015-09-28T09:46:00.1699179-07:00" testType="13cdc9d9-ddb5-4fa4-a97d-d965ccfc6d4b" outcome="Passed" testListId="8c84fa94-04c1-424b-9868-57a2d4851a1d" relativeResultsDirectory="748616fe-7143-4e90-ac4f-d5b7d8597016" />
    <UnitTestResult executionId="9ab5fd0e-2806-4779-97a6-e5f4e80dfc3f" testId="768ff4ed-474d-487c-9910-f150f4f4f0ae" testName="TFSTests.Agile.TaskBoard.ModelTests FilterValuesIncludeUsersWithPreviouslyAssignedWork" computerName="TFSBUILD11" duration="00:00:00.0170000" startTime="2015-09-28T09:46:00.1699179-07:00" endTime="2015-09-28T09:46:00.1699179-07:00" testType="13cdc9d9-ddb5-4fa4-a97d-d965ccfc6d4b" outcome="Passed" testListId="8c84fa94-04c1-424b-9868-57a2d4851a1d" relativeResultsDirectory="9ab5fd0e-2806-4779-97a6-e5f4e80dfc3f" />
    <UnitTestResult executionId="a2fb264e-23d0-4f23-84b0-624d8d729db2" testId="f7e29f38-a3e8-420c-90e8-04818842b1ce" testName="TFSTests.Agile.TaskBoard.ModelTests UnassignedFilterValueIsCorrectlySetFromModelPayload" computerName="TFSBUILD11" duration="00:00:00.0160000" startTime="2015-09-28T09:46:00.1709183-07:00" endTime="2015-09-28T09:46:00.1709183-07:00" testType="13cdc9d9-ddb5-4fa4-a97d-d965ccfc6d4b" outcome="Passed" testListId="8c84fa94-04c1-424b-9868-57a2d4851a1d" relativeResultsDirectory="a2fb264e-23d0-4f23-84b0-624d8d729db2" />
    <UnitTestResult executionId="48bfb0ac-eebe-476e-b7ca-35a625c376d1" testId="0817cb7d-a4ac-4937-a2b9-d955be83510c" testName="TFSTests.Agile.TaskBoard.ModelTests NoFilterValueIsCorrectlySetFromModelPayload" computerName="TFSBUILD11" duration="00:00:00.0150000" startTime="2015-09-28T09:46:00.1709183-07:00" endTime="2015-09-28T09:46:00.1709183-07:00" testType="13cdc9d9-ddb5-4fa4-a97d-d965ccfc6d4b" outcome="Passed" testListId="8c84fa94-04c1-424b-9868-57a2d4851a1d" relativeResultsDirectory="48bfb0ac-eebe-476e-b7ca-35a625c376d1" />
    <UnitTestResult executionId="4599e018-3bcc-4619-83c5-7fa88bec8720" testId="97006d21-3716-4dc1-938a-018ddfddfed2" testName="TFSTests.Agile.TaskBoard.ModelTests isStateComplete" computerName="TFSBUILD11" duration="00:00:00.0160000" startTime="2015-09-28T09:46:00.1709183-07:00" endTime="2015-09-28T09:46:00.1709183-07:00" testType="13cdc9d9-ddb5-4fa4-a97d-d965ccfc6d4b" outcome="Passed" testListId="8c84fa94-04c1-424b-9868-57a2d4851a1d" relativeResultsDirectory="4599e018-3bcc-4619-83c5-7fa88bec8720" />
    <UnitTestResult executionId="f341955a-c73d-4b31-8199-f185b3d77ec2" testId="5cfe6d24-205b-4768-acb2-c994c985aa79" testName="TFSTests.Agile.TaskBoard.ModelTests hasActiveChildItems" computerName="TFSBUILD11" duration="00:00:00.0150000" startTime="2015-09-28T09:46:00.1709183-07:00" endTime="2015-09-28T09:46:00.1709183-07:00" testType="13cdc9d9-ddb5-4fa4-a97d-d965ccfc6d4b" outcome="Passed" testListId="8c84fa94-04c1-424b-9868-57a2d4851a1d" relativeResultsDirectory="f341955a-c73d-4b31-8199-f185b3d77ec2" />
    <UnitTestResult executionId="03443a95-762d-4540-99aa-3c6e22cc4453" testId="902011ac-4c65-437b-85df-416edaff73ba" testName="TFSTests.Agile.TaskBoard.ModelTests TestPivotFieldValueForTasksUnderNonParentWorkItems" computerName="TFSBUILD11" duration="00:00:00.0150000" startTime="2015-09-28T09:46:00.3135876-07:00" endTime="2015-09-28T09:46:00.3135876-07:00" testType="13cdc9d9-ddb5-4fa4-a97d-d965ccfc6d4b" outcome="Passed" testListId="8c84fa94-04c1-424b-9868-57a2d4851a1d" relativeResultsDirectory="03443a95-762d-4540-99aa-3c6e22cc4453" />
    <UnitTestResult executionId="e1b15a95-99ec-4e0b-9201-b9b3ab18e16e" testId="0e52fd84-376c-45d6-ad83-41ea70a42113" testName="TFSTests.Agile.TaskBoard.ModelTests TestTaskBoardCardField_AllowedAssignedToValues" computerName="TFSBUILD11" duration="00:00:00.0170000" startTime="2015-09-28T09:46:00.3135876-07:00" endTime="2015-09-28T09:46:00.3135876-07:00" testType="13cdc9d9-ddb5-4fa4-a97d-d965ccfc6d4b" outcome="Passed" testListId="8c84fa94-04c1-424b-9868-57a2d4851a1d" relativeResultsDirectory="e1b15a95-99ec-4e0b-9201-b9b3ab18e16e" />
    <UnitTestResult executionId="988c6924-e060-47d0-b74e-e1580b8a7d02" testId="19fcffb3-7b71-4f5b-b4da-846aaf2a0178" testName="TFSTests.Agile.TaskBoard.ModelTests TestTaskBoardCardField_AllowedRemainingWorkValues_PassingLargeNumber" computerName="TFSBUILD11" duration="00:00:00.0160000" startTime="2015-09-28T09:46:00.3135876-07:00" endTime="2015-09-28T09:46:00.3135876-07:00" testType="13cdc9d9-ddb5-4fa4-a97d-d965ccfc6d4b" outcome="Passed" testListId="8c84fa94-04c1-424b-9868-57a2d4851a1d" relativeResultsDirectory="988c6924-e060-47d0-b74e-e1580b8a7d02" />
    <UnitTestResult executionId="31bedc27-79f7-406f-af67-56403721a8ff" testId="9ef8c7a3-51ed-4ad9-ac05-3fcad237c098" testName="TFSTests.Agile.TaskBoard.ModelTests TestTaskBoardCardField_AllowedRemainingWorkValues_PassingSmallNumber" computerName="TFSBUILD11" duration="00:00:00.0160000" startTime="2015-09-28T09:46:00.3145880-07:00" endTime="2015-09-28T09:46:00.3145880-07:00" testType="13cdc9d9-ddb5-4fa4-a97d-d965ccfc6d4b" outcome="Passed" testListId="8c84fa94-04c1-424b-9868-57a2d4851a1d" relativeResultsDirectory="31bedc27-79f7-406f-af67-56403721a8ff" />
    <UnitTestResult executionId="e4d48135-4a09-4b2b-921a-f628990358d7" testId="d62f464b-4bf4-470d-b384-8f7eebdfe105" testName="TFSTests.Agile.TaskBoard.ModelTests TestTaskBoardCardField_AllowedRemainingWorkValues_PassingNull" computerName="TFSBUILD11" duration="00:00:00.0150000" startTime="2015-09-28T09:46:00.3145880-07:00" endTime="2015-09-28T09:46:00.3145880-07:00" testType="13cdc9d9-ddb5-4fa4-a97d-d965ccfc6d4b" outcome="Passed" testListId="8c84fa94-04c1-424b-9868-57a2d4851a1d" relativeResultsDirectory="e4d48135-4a09-4b2b-921a-f628990358d7" />
    <UnitTestResult executionId="71dbf702-1891-4bd5-96aa-9dfa7f829b42" testId="2aacf9a6-0a10-4884-bb6d-e70a3df9a27f" testName="TFSTests.Agile.TaskBoard.ModelTests TestTaskBoardCardField_RemainingWork_HasAllowedValues" computerName="TFSBUILD11" duration="00:00:00.0150000" startTime="2015-09-28T09:46:00.3145880-07:00" endTime="2015-09-28T09:46:00.3145880-07:00" testType="13cdc9d9-ddb5-4fa4-a97d-d965ccfc6d4b" outcome="Passed" testListId="8c84fa94-04c1-424b-9868-57a2d4851a1d" relativeResultsDirectory="71dbf702-1891-4bd5-96aa-9dfa7f829b42" />
    <UnitTestResult executionId="cd2a46a7-ff25-4fca-a879-761fdf05b843" testId="96353ab5-d250-458f-a75e-566ecce61bfc" testName="TFSTests.Agile.TaskBoard.ModelTests TestTaskBoardCardField_AssignedTo_HasAllowedValues" computerName="TFSBUILD11" duration="00:00:00.0160000" startTime="2015-09-28T09:46:00.3145880-07:00" endTime="2015-09-28T09:46:00.3145880-07:00" testType="13cdc9d9-ddb5-4fa4-a97d-d965ccfc6d4b" outcome="Passed" testListId="8c84fa94-04c1-424b-9868-57a2d4851a1d" relativeResultsDirectory="cd2a46a7-ff25-4fca-a879-761fdf05b843" />
    <UnitTestResult executionId="d436650b-f649-4c27-81fd-2a89d28bcbf8" testId="8efcfb15-8583-46d6-840f-085db29cefa9" testName="TFSTests.Agile.TaskBoard.ModelTests TestTaskBoardCardField_SetGetValue" computerName="TFSBUILD11" duration="00:00:00.0160000" startTime="2015-09-28T09:46:00.3145880-07:00" endTime="2015-09-28T09:46:00.3145880-07:00" testType="13cdc9d9-ddb5-4fa4-a97d-d965ccfc6d4b" outcome="Passed" testListId="8c84fa94-04c1-424b-9868-57a2d4851a1d" relativeResultsDirectory="d436650b-f649-4c27-81fd-2a89d28bcbf8" />
    <UnitTestResult executionId="8675edad-0511-4f2d-8085-4d6f086462b6" testId="8a56ac3f-5ab2-4cc5-affd-79885dcc560d" testName="TFSTests.Agile.TaskBoard.ModelTests TestGetFieldValue_ParentNotATaskBoardParent" computerName="TFSBUILD11" duration="00:00:00.0160000" startTime="2015-09-28T09:46:00.3145880-07:00" endTime="2015-09-28T09:46:00.3145880-07:00" testType="13cdc9d9-ddb5-4fa4-a97d-d965ccfc6d4b" outcome="Passed" testListId="8c84fa94-04c1-424b-9868-57a2d4851a1d" relativeResultsDirectory="8675edad-0511-4f2d-8085-4d6f086462b6" />
    <UnitTestResult executionId="4d9497cf-edb5-410e-9aa1-7eff73fb6b4a" testId="fa7af941-59d4-428c-9e4b-13c147803914" testName="TFSTests.Agile.TaskBoard.View.Generation ShowTaskboard_CallsViewDisplay" computerName="TFSBUILD11" duration="00:00:00.0200000" startTime="2015-09-28T09:46:00.8999643-07:00" endTime="2015-09-28T09:46:00.8999643-07:00" testType="13cdc9d9-ddb5-4fa4-a97d-d965ccfc6d4b" outcome="Passed" testListId="8c84fa94-04c1-424b-9868-57a2d4851a1d" relativeResultsDirectory="4d9497cf-edb5-410e-9aa1-7eff73fb6b4a" />
    <UnitTestResult executionId="b6e05989-e72c-43e7-bdc2-a548c2d91f90" testId="19b4b0e2-24d5-4c41-a224-1926f8914d52" testName="TFSTests.Agile.TaskBoard.View.Generation TaskBoard_VerifyCreateTile" computerName="TFSBUILD11" duration="00:00:00.0770000" startTime="2015-09-28T09:46:00.8999643-07:00" endTime="2015-09-28T09:46:00.8999643-07:00" testType="13cdc9d9-ddb5-4fa4-a97d-d965ccfc6d4b" outcome="Passed" testListId="8c84fa94-04c1-424b-9868-57a2d4851a1d" relativeResultsDirectory="b6e05989-e72c-43e7-bdc2-a548c2d91f90" />
    <UnitTestResult executionId="44d64349-43ee-45f1-b869-a5dfc59a62d7" testId="5b9036ca-07ae-4a2b-9aca-7920baadbd17" testName="TFSTests.Agile.TaskBoard.View.Generation TaskBoard_VerifyCreateParentTile_WithCardCustomization" computerName="TFSBUILD11" duration="00:00:00.0810000" startTime="2015-09-28T09:46:00.8999643-07:00" endTime="2015-09-28T09:46:00.8999643-07:00" testType="13cdc9d9-ddb5-4fa4-a97d-d965ccfc6d4b" outcome="Passed" testListId="8c84fa94-04c1-424b-9868-57a2d4851a1d" relativeResultsDirectory="44d64349-43ee-45f1-b869-a5dfc59a62d7" />
    <UnitTestResult executionId="5d521b72-afad-4de4-b965-9fa7360760a9" testId="b3c42108-d023-4ae5-bfa0-ee3a768913bc" testName="TFSTests.Agile.TaskBoard.View.Generation TaskBoard_CustomLayout_VerifyChildTilesOrderAfterRorderAndRelayout" computerName="TFSBUILD11" duration="00:00:00.2070000" startTime="2015-09-28T09:46:00.8999643-07:00" endTime="2015-09-28T09:46:00.8999643-07:00" testType="13cdc9d9-ddb5-4fa4-a97d-d965ccfc6d4b" outcome="Passed" testListId="8c84fa94-04c1-424b-9868-57a2d4851a1d" relativeResultsDirectory="5d521b72-afad-4de4-b965-9fa7360760a9" />
    <UnitTestResult executionId="9a102999-5eac-4934-95b9-359aab15bc7d" testId="de98299f-6a63-4a17-b79e-a595bcfeea62" testName="TFSTests.Agile.TaskBoard.View.Generation TaskBoard_VerifyCreateChildTile_WithCardCustomization" computerName="TFSBUILD11" duration="00:00:00.0630000" startTime="2015-09-28T09:46:00.8999643-07:00" endTime="2015-09-28T09:46:00.8999643-07:00" testType="13cdc9d9-ddb5-4fa4-a97d-d965ccfc6d4b" outcome="Passed" testListId="8c84fa94-04c1-424b-9868-57a2d4851a1d" relativeResultsDirectory="9a102999-5eac-4934-95b9-359aab15bc7d" />
    <UnitTestResult executionId="5e861759-c98a-4d23-855c-6fa7d04d1692" testId="b1792726-fe1f-4837-9def-0f38d3bcbfc1" testName="TFSTests.Agile.TaskBoard.View.Generation TaskBoard_VerifyCreateUnparentedTile" computerName="TFSBUILD11" duration="00:00:00.0560000" startTime="2015-09-28T09:46:00.8999643-07:00" endTime="2015-09-28T09:46:00.8999643-07:00" testType="13cdc9d9-ddb5-4fa4-a97d-d965ccfc6d4b" outcome="Passed" testListId="8c84fa94-04c1-424b-9868-57a2d4851a1d" relativeResultsDirectory="5e861759-c98a-4d23-855c-6fa7d04d1692" />
    <UnitTestResult executionId="e1982230-68bb-4c53-b2db-453d0b2d19ef" testId="81cf8515-0ca3-4854-aa9a-2b480f4f6b44" testName="TFSTests.Agile.TaskBoard.View.Generation TaskBoard_VerifyTileStyling" computerName="TFSBUILD11" duration="00:00:00.0510000" startTime="2015-09-28T09:46:00.8999643-07:00" endTime="2015-09-28T09:46:00.8999643-07:00" testType="13cdc9d9-ddb5-4fa4-a97d-d965ccfc6d4b" outcome="Passed" testListId="8c84fa94-04c1-424b-9868-57a2d4851a1d" relativeResultsDirectory="e1982230-68bb-4c53-b2db-453d0b2d19ef" />
    <UnitTestResult executionId="73ccb7cc-7e07-490b-9521-a39cd6a42d85" testId="1592665a-36c9-4a43-87eb-b1a4b44e575d" testName="TFSTests.Agile.TaskBoard.View.Generation ShowTaskboard_adjustTopOfDivsAndWidthOfTableContainingHeader" computerName="TFSBUILD11" duration="00:00:00.0160000" startTime="2015-09-28T09:46:00.8999643-07:00" endTime="2015-09-28T09:46:00.8999643-07:00" testType="13cdc9d9-ddb5-4fa4-a97d-d965ccfc6d4b" outcome="Passed" testListId="8c84fa94-04c1-424b-9868-57a2d4851a1d" relativeResultsDirectory="73ccb7cc-7e07-490b-9521-a39cd6a42d85" />
    <UnitTestResult executionId="f1cbef43-f663-44ac-9440-ec191bd38a50" testId="5c932a63-61c3-4d02-87ff-826799b36893" testName="TFSTests.Agile.TaskBoard.View.Generation TestJqueryDataDraggableField" computerName="TFSBUILD11" duration="00:00:00.0150000" startTime="2015-09-28T09:46:00.8999643-07:00" endTime="2015-09-28T09:46:00.8999643-07:00" testType="13cdc9d9-ddb5-4fa4-a97d-d965ccfc6d4b" outcome="Passed" testListId="8c84fa94-04c1-424b-9868-57a2d4851a1d" relativeResultsDirectory="f1cbef43-f663-44ac-9440-ec191bd38a50" />
    <UnitTestResult executionId="6d3ad0bd-e4c1-4d40-be50-8fbc100777ff" testId="2ccc8439-8683-4ac9-83f2-941b11b6f0c5" testName="TFSTests.Agile.TaskBoard.View.Generation TaskBoardCustLayout_SortTiles" computerName="TFSBUILD11" duration="00:00:00.0580000" startTime="2015-09-28T09:46:01.5612193-07:00" endTime="2015-09-28T09:46:01.5612193-07:00" testType="13cdc9d9-ddb5-4fa4-a97d-d965ccfc6d4b" outcome="Passed" testListId="8c84fa94-04c1-424b-9868-57a2d4851a1d" relativeResultsDirectory="6d3ad0bd-e4c1-4d40-be50-8fbc100777ff" />
    <UnitTestResult executionId="398b0711-491e-4ccd-8279-c0d3d81c2993" testId="acd5c0ba-2cbe-4b77-8b32-3a018fce6f17" testName="TFSTests.Agile.TaskBoard.View.Generation TaskBoardCustLayout_FindTileInsertionIndex" computerName="TFSBUILD11" duration="00:00:00.0930000" startTime="2015-09-28T09:46:01.5612193-07:00" endTime="2015-09-28T09:46:01.5612193-07:00" testType="13cdc9d9-ddb5-4fa4-a97d-d965ccfc6d4b" outcome="Passed" testListId="8c84fa94-04c1-424b-9868-57a2d4851a1d" relativeResultsDirectory="398b0711-491e-4ccd-8279-c0d3d81c2993" />
    <UnitTestResult executionId="d2f3d22c-f5a2-4bd3-ad9f-52c6a1615a4e" testId="e8640173-415e-4542-bdaa-f8930e28172c" testName="TFSTests.Agile.TaskBoard.View.Generation TaskBoardCustLayout_appendTileInCellAppendsInCorrectSubColumn" computerName="TFSBUILD11" duration="00:00:00.0590000" startTime="2015-09-28T09:46:01.5612193-07:00" endTime="2015-09-28T09:46:01.5612193-07:00" testType="13cdc9d9-ddb5-4fa4-a97d-d965ccfc6d4b" outcome="Passed" testListId="8c84fa94-04c1-424b-9868-57a2d4851a1d" relativeResultsDirectory="d2f3d22c-f5a2-4bd3-ad9f-52c6a1615a4e" />
    <UnitTestResult executionId="fc103b51-0fb0-400d-8c8a-284222472d39" testId="697fb302-e32a-47fd-85a1-e79d58cb505c" testName="TFSTests.Agile.TaskBoard.View.Generation TaskBoardCustLayout_resetCellSubColumnsCalledOnResize" computerName="TFSBUILD11" duration="00:00:00.0770000" startTime="2015-09-28T09:46:01.5612193-07:00" endTime="2015-09-28T09:46:01.5612193-07:00" testType="13cdc9d9-ddb5-4fa4-a97d-d965ccfc6d4b" outcome="Passed" testListId="8c84fa94-04c1-424b-9868-57a2d4851a1d" relativeResultsDirectory="fc103b51-0fb0-400d-8c8a-284222472d39" />
    <UnitTestResult executionId="1efeb4aa-b881-402b-ae01-0784bdae40fc" testId="55c7a6c8-d3ea-4724-871c-9c99b4af331a" testName="TFSTests.Agile.TaskBoard.View.Generation TaskBoardCustLayout_rePositionTileAtIndex" computerName="TFSBUILD11" duration="00:00:00.0730000" startTime="2015-09-28T09:46:01.5622683-07:00" endTime="2015-09-28T09:46:01.5622683-07:00" testType="13cdc9d9-ddb5-4fa4-a97d-d965ccfc6d4b" outcome="Passed" testListId="8c84fa94-04c1-424b-9868-57a2d4851a1d" relativeResultsDirectory="1efeb4aa-b881-402b-ae01-0784bdae40fc" />
    <UnitTestResult executionId="95889ec2-e8fb-4bf7-984f-82ca99c164e8" testId="0fecf4d9-f35b-4362-8a36-f1ae0b3ee4bb" testName="TFSTests.Agile.TaskBoard.View.Generation TaskBoardCustLayout_removeTile" computerName="TFSBUILD11" duration="00:00:00.0510000" startTime="2015-09-28T09:46:01.5622683-07:00" endTime="2015-09-28T09:46:01.5622683-07:00" testType="13cdc9d9-ddb5-4fa4-a97d-d965ccfc6d4b" outcome="Passed" testListId="8c84fa94-04c1-424b-9868-57a2d4851a1d" relativeResultsDirectory="95889ec2-e8fb-4bf7-984f-82ca99c164e8" />
    <UnitTestResult executionId="32d87581-9163-4ddb-992b-78ec69febac6" testId="18661910-ac0a-41dd-8169-ad64196600c9" testName="TFSTests.Agile.TaskBoard.View.Generation TaskBoard_NoCustomLayoutForOneSubColumn" computerName="TFSBUILD11" duration="00:00:00.0770000" startTime="2015-09-28T09:46:01.5622683-07:00" endTime="2015-09-28T09:46:01.5622683-07:00" testType="13cdc9d9-ddb5-4fa4-a97d-d965ccfc6d4b" outcome="Passed" testListId="8c84fa94-04c1-424b-9868-57a2d4851a1d" relativeResultsDirectory="32d87581-9163-4ddb-992b-78ec69febac6" />
    <UnitTestResult executionId="d3b26af0-bb85-45b3-8cd1-434928041d9e" testId="30058777-8724-46e2-ae9d-87944b715d48" testName="TFSTests.Agile.TaskBoard.View.Generation TaskBoard_ChildLookUpCacheResetOnPivotSwitch" computerName="TFSBUILD11" duration="00:00:00.1180000" startTime="2015-09-28T09:46:01.5622683-07:00" endTime="2015-09-28T09:46:01.5622683-07:00" testType="13cdc9d9-ddb5-4fa4-a97d-d965ccfc6d4b" outcome="Passed" testListId="8c84fa94-04c1-424b-9868-57a2d4851a1d" relativeResultsDirectory="d3b26af0-bb85-45b3-8cd1-434928041d9e" />
    <UnitTestResult executionId="5663ebd9-98aa-4342-ade9-a1de2b9ed245" testId="57d4815a-8989-4534-bfed-147ce6c93924" testName="TFSTests.Agile.TaskBoard.View.Generation TaskBoard_ChildOrderIsCorrectCustomLayout" computerName="TFSBUILD11" duration="00:00:00.0530000" startTime="2015-09-28T09:46:01.5622683-07:00" endTime="2015-09-28T09:46:01.5622683-07:00" testType="13cdc9d9-ddb5-4fa4-a97d-d965ccfc6d4b" outcome="Passed" testListId="8c84fa94-04c1-424b-9868-57a2d4851a1d" relativeResultsDirectory="5663ebd9-98aa-4342-ade9-a1de2b9ed245" />
    <UnitTestResult executionId="982cf272-80c1-4539-889e-9555d9dab9ad" testId="e6058e19-b97c-4cd9-b4aa-dd698e29a5db" testName="TFSTests.Agile.TaskBoard.View.Interactions ReorderItem_RaiseWorkItemReorderRequestedEvent" computerName="TFSBUILD11" duration="00:00:00.0720000" startTime="2015-09-28T09:46:02.1226401-07:00" endTime="2015-09-28T09:46:02.1226401-07:00" testType="13cdc9d9-ddb5-4fa4-a97d-d965ccfc6d4b" outcome="Passed" testListId="8c84fa94-04c1-424b-9868-57a2d4851a1d" relativeResultsDirectory="982cf272-80c1-4539-889e-9555d9dab9ad" />
    <UnitTestResult executionId="e1b2c7b0-1b88-4b1f-baf9-2026bc2b13fa" testId="f9efbcc2-61b4-40e5-843b-e1ed54380061" testName="TFSTests.Agile.TaskBoard.View.Interactions DropItem_RaiseWorkItemChangeRequestedEvent" computerName="TFSBUILD11" duration="00:00:00.0610000" startTime="2015-09-28T09:46:02.1226401-07:00" endTime="2015-09-28T09:46:02.1226401-07:00" testType="13cdc9d9-ddb5-4fa4-a97d-d965ccfc6d4b" outcome="Passed" testListId="8c84fa94-04c1-424b-9868-57a2d4851a1d" relativeResultsDirectory="e1b2c7b0-1b88-4b1f-baf9-2026bc2b13fa" />
    <UnitTestResult executionId="1b86eae7-d594-400b-8afa-cd53277e878f" testId="cb65e106-f6b9-4ceb-b8af-1e24e88d5d74" testName="TFSTests.Agile.TaskBoard.View.Interactions ReorderItemHandler_ReorderingTasksOnTaskboard" computerName="TFSBUILD11" duration="00:00:00.0270000" startTime="2015-09-28T09:46:02.1226401-07:00" endTime="2015-09-28T09:46:02.1226401-07:00" testType="13cdc9d9-ddb5-4fa4-a97d-d965ccfc6d4b" outcome="Passed" testListId="8c84fa94-04c1-424b-9868-57a2d4851a1d" relativeResultsDirectory="1b86eae7-d594-400b-8afa-cd53277e878f" />
    <UnitTestResult executionId="43ac192c-1766-48a5-876d-0288938f3742" testId="89022c55-88c6-4252-97a8-984c06b64f8f" testName="TFSTests.Agile.TaskBoard.View.Interactions ThatInitialRollupsAreCalculatedCorrectly" computerName="TFSBUILD11" duration="00:00:00.0460000" startTime="2015-09-28T09:46:02.1226401-07:00" endTime="2015-09-28T09:46:02.1226401-07:00" testType="13cdc9d9-ddb5-4fa4-a97d-d965ccfc6d4b" outcome="Passed" testListId="8c84fa94-04c1-424b-9868-57a2d4851a1d" relativeResultsDirectory="43ac192c-1766-48a5-876d-0288938f3742" />
    <UnitTestResult executionId="a85b6adb-808a-4cb9-bf93-8ea0864c167b" testId="8251008d-fd41-439e-a4fb-9e0a78c4f0ae" testName="TFSTests.Agile.TaskBoard.View.Interactions TaskBoard_VerifyOnlyOneWIFormOpenForParentTile" computerName="TFSBUILD11" duration="00:00:00.0490000" startTime="2015-09-28T09:46:02.1236405-07:00" endTime="2015-09-28T09:46:02.1236405-07:00" testType="13cdc9d9-ddb5-4fa4-a97d-d965ccfc6d4b" outcome="Passed" testListId="8c84fa94-04c1-424b-9868-57a2d4851a1d" relativeResultsDirectory="a85b6adb-808a-4cb9-bf93-8ea0864c167b" />
    <UnitTestResult executionId="bc4acbdc-055b-436c-a581-d1299304b420" testId="a7056bb9-c297-4486-8109-af33fa8f1ee8" testName="TFSTests.Agile.TaskBoard.View.Interactions TaskBoard_VerifyGutterStylingForCollapsedParents" computerName="TFSBUILD11" duration="00:00:00.0420000" startTime="2015-09-28T09:46:02.1236405-07:00" endTime="2015-09-28T09:46:02.1236405-07:00" testType="13cdc9d9-ddb5-4fa4-a97d-d965ccfc6d4b" outcome="Passed" testListId="8c84fa94-04c1-424b-9868-57a2d4851a1d" relativeResultsDirectory="bc4acbdc-055b-436c-a581-d1299304b420" />
    <UnitTestResult executionId="228594f5-85fc-4c4b-99e7-0d981e5d10e7" testId="4f620cc9-055d-4a48-b52f-d7e554a29118" testName="TFSTests.Agile.TaskBoard.View.Interactions TestCompletedParentsAreCollapsed" computerName="TFSBUILD11" duration="00:00:00.0860000" startTime="2015-09-28T09:46:02.1236405-07:00" endTime="2015-09-28T09:46:02.1236405-07:00" testType="13cdc9d9-ddb5-4fa4-a97d-d965ccfc6d4b" outcome="Passed" testListId="8c84fa94-04c1-424b-9868-57a2d4851a1d" relativeResultsDirectory="228594f5-85fc-4c4b-99e7-0d981e5d10e7" />
    <UnitTestResult executionId="7cfed0eb-8de9-4686-8ebd-04e037c3efd0" testId="cd6934d4-6629-4337-bd2c-6b0801c0650e" testName="TFSTests.Agile.TaskBoard.View.Interactions TestInitialSummaryOnCompletedParents" computerName="TFSBUILD11" duration="00:00:00.0810000" startTime="2015-09-28T09:46:02.1236405-07:00" endTime="2015-09-28T09:46:02.1236405-07:00" testType="13cdc9d9-ddb5-4fa4-a97d-d965ccfc6d4b" outcome="Passed" testListId="8c84fa94-04c1-424b-9868-57a2d4851a1d" relativeResultsDirectory="7cfed0eb-8de9-4686-8ebd-04e037c3efd0" />
    <UnitTestResult executionId="47bd7dd9-9143-47ba-82cf-1ad674aad7e6" testId="8521210b-7080-4d60-9e5c-ed62f3d29135" testName="TFSTests.Agile.TaskBoard.View.Interactions TestUnparentedRowSummary" computerName="TFSBUILD11" duration="00:00:00.0920000" startTime="2015-09-28T09:46:02.1236405-07:00" endTime="2015-09-28T09:46:02.1236405-07:00" testType="13cdc9d9-ddb5-4fa4-a97d-d965ccfc6d4b" outcome="Passed" testListId="8c84fa94-04c1-424b-9868-57a2d4851a1d" relativeResultsDirectory="47bd7dd9-9143-47ba-82cf-1ad674aad7e6" />
    <UnitTestResult executionId="ce42099d-c715-4160-bbcf-e2ccb39dd341" testId="53088a21-a456-4b95-92e3-384dbe85c411" testName="TFSTests.Agile.TaskBoard.View.Interactions TestToggleVisibilityUpdatesSummaryOnChanges" computerName="TFSBUILD11" duration="00:00:00.0590000" startTime="2015-09-28T09:46:02.6832139-07:00" endTime="2015-09-28T09:46:02.6832139-07:00" testType="13cdc9d9-ddb5-4fa4-a97d-d965ccfc6d4b" outcome="Passed" testListId="8c84fa94-04c1-424b-9868-57a2d4851a1d" relativeResultsDirectory="ce42099d-c715-4160-bbcf-e2ccb39dd341" />
    <UnitTestResult executionId="fabc67a7-d339-47e5-89ca-e76c0100cad6" testId="890ca5f9-2af6-4cd3-906c-33de11311170" testName="TFSTests.Agile.TaskBoard.View.Interactions TestToggleVisibilityUpdateSummaryInPeopleClassificationView" computerName="TFSBUILD11" duration="00:00:00.0810000" startTime="2015-09-28T09:46:02.6832139-07:00" endTime="2015-09-28T09:46:02.6832139-07:00" testType="13cdc9d9-ddb5-4fa4-a97d-d965ccfc6d4b" outcome="Passed" testListId="8c84fa94-04c1-424b-9868-57a2d4851a1d" relativeResultsDirectory="fabc67a7-d339-47e5-89ca-e76c0100cad6" />
    <UnitTestResult executionId="e7f70822-4600-4f01-b45c-d9305d30612e" testId="b80b2af8-2e92-4853-a69b-4b8917e89311" testName="TFSTests.Agile.TaskBoard.View.Interactions TestUnParentedRowDraggable" computerName="TFSBUILD11" duration="00:00:00.0870000" startTime="2015-09-28T09:46:02.6832139-07:00" endTime="2015-09-28T09:46:02.6832139-07:00" testType="13cdc9d9-ddb5-4fa4-a97d-d965ccfc6d4b" outcome="Passed" testListId="8c84fa94-04c1-424b-9868-57a2d4851a1d" relativeResultsDirectory="e7f70822-4600-4f01-b45c-d9305d30612e" />
    <UnitTestResult executionId="ab97494d-3d15-4eff-9fbb-403420cba646" testId="6da5203a-afaf-49e2-88c5-e03387165c2c" testName="TFSTests.Agile.TaskBoard.View.Interactions TestNewOrphanChildWorkItemCreationWithoutUnparentedRow" computerName="TFSBUILD11" duration="00:00:00.0580000" startTime="2015-09-28T09:46:02.6832139-07:00" endTime="2015-09-28T09:46:02.6832139-07:00" testType="13cdc9d9-ddb5-4fa4-a97d-d965ccfc6d4b" outcome="Passed" testListId="8c84fa94-04c1-424b-9868-57a2d4851a1d" relativeResultsDirectory="ab97494d-3d15-4eff-9fbb-403420cba646" />
    <UnitTestResult executionId="9c74a4dd-43fa-48c6-8ac1-994f1e3a493c" testId="64fedfae-b1f5-457a-a165-8b12fadaf1bd" testName="TFSTests.Agile.TaskBoard.View.Interactions RefreshTile_UpdatesTheTileWithNewTitleAndAssignedTo" computerName="TFSBUILD11" duration="00:00:00.0570000" startTime="2015-09-28T09:46:02.6832139-07:00" endTime="2015-09-28T09:46:02.6832139-07:00" testType="13cdc9d9-ddb5-4fa4-a97d-d965ccfc6d4b" outcome="Passed" testListId="8c84fa94-04c1-424b-9868-57a2d4851a1d" relativeResultsDirectory="9c74a4dd-43fa-48c6-8ac1-994f1e3a493c" />
    <UnitTestResult executionId="84a93e09-f1e8-482b-ae55-9b161d33e574" testId="d864a786-acdb-4c9a-8e36-1b51e4304530" testName="TFSTests.Agile.TaskBoard.View.Interactions RefreshTile_UpdatesRemainingWorkRollups" computerName="TFSBUILD11" duration="00:00:00.0530000" startTime="2015-09-28T09:46:02.6832139-07:00" endTime="2015-09-28T09:46:02.6832139-07:00" testType="13cdc9d9-ddb5-4fa4-a97d-d965ccfc6d4b" outcome="Passed" testListId="8c84fa94-04c1-424b-9868-57a2d4851a1d" relativeResultsDirectory="84a93e09-f1e8-482b-ae55-9b161d33e574" />
    <UnitTestResult executionId="c82b8c9f-f71e-4788-b21d-b638b5433d17" testId="b452bcf2-c9aa-4c8c-b644-d7032b9ebc92" testName="TFSTests.Agile.TaskBoard.View.Interactions RefreshTile_CreatesNewRowForNewAssignedToInPeopleView " computerName="TFSBUILD11" duration="00:00:00.0530000" startTime="2015-09-28T09:46:02.6832139-07:00" endTime="2015-09-28T09:46:02.6832139-07:00" testType="13cdc9d9-ddb5-4fa4-a97d-d965ccfc6d4b" outcome="Passed" testListId="8c84fa94-04c1-424b-9868-57a2d4851a1d" relativeResultsDirectory="c82b8c9f-f71e-4788-b21d-b638b5433d17" />
    <UnitTestResult executionId="120e53f3-7294-4979-ae36-9a2cb4f0f162" testId="f094362b-e45a-40ca-a22f-23286c4bb415" testName="TFSTests.Agile.TaskBoard.View.Interactions RefreshTile_WhenAnItemIsMovedThroughTheSavingStatesItIsDisplayedCorrectly" computerName="TFSBUILD11" duration="00:00:00.0520000" startTime="2015-09-28T09:46:02.6857182-07:00" endTime="2015-09-28T09:46:02.6857182-07:00" testType="13cdc9d9-ddb5-4fa4-a97d-d965ccfc6d4b" outcome="Passed" testListId="8c84fa94-04c1-424b-9868-57a2d4851a1d" relativeResultsDirectory="120e53f3-7294-4979-ae36-9a2cb4f0f162" />
    <UnitTestResult executionId="871b0536-76a2-4d7b-aefc-c189a1f23116" testId="89de0c1f-2c9b-4b79-99e8-e6b6a3351421" testName="TFSTests.Agile.TaskBoard.View.Interactions RefreshTile_ErrorStateIsDisplayedCorrectly" computerName="TFSBUILD11" duration="00:00:00.0590000" startTime="2015-09-28T09:46:02.6857182-07:00" endTime="2015-09-28T09:46:02.6857182-07:00" testType="13cdc9d9-ddb5-4fa4-a97d-d965ccfc6d4b" outcome="Passed" testListId="8c84fa94-04c1-424b-9868-57a2d4851a1d" relativeResultsDirectory="871b0536-76a2-4d7b-aefc-c189a1f23116" />
    <UnitTestResult executionId="0d65c4b1-0a81-4c39-80e1-05609e1e34ec" testId="15716ee1-30e3-417c-805b-c6391874353d" testName="TFSTests.Agile.TaskBoard.View.Interactions DragStart_RaisesWorkItemDraggingEvent" computerName="TFSBUILD11" duration="00:00:00.0580000" startTime="2015-09-28T09:46:03.3205853-07:00" endTime="2015-09-28T09:46:03.3205853-07:00" testType="13cdc9d9-ddb5-4fa4-a97d-d965ccfc6d4b" outcome="Passed" testListId="8c84fa94-04c1-424b-9868-57a2d4851a1d" relativeResultsDirectory="0d65c4b1-0a81-4c39-80e1-05609e1e34ec" />
    <UnitTestResult executionId="419dd2c3-b58e-431e-883d-fe3bceee63ba" testId="61d39e31-5005-4a8f-9cce-d9fb30992a19" testName="TFSTests.Agile.TaskBoard.View.Interactions DetachingWorkItemDragging_UnregistersHandler" computerName="TFSBUILD11" duration="00:00:00.0650000" startTime="2015-09-28T09:46:03.3205853-07:00" endTime="2015-09-28T09:46:03.3205853-07:00" testType="13cdc9d9-ddb5-4fa4-a97d-d965ccfc6d4b" outcome="Passed" testListId="8c84fa94-04c1-424b-9868-57a2d4851a1d" relativeResultsDirectory="419dd2c3-b58e-431e-883d-fe3bceee63ba" />
    <UnitTestResult executionId="fb0da5e8-be6d-4de0-9980-b2a442d9f40f" testId="c540d72b-89c4-49e3-9444-f8501fce2d96" testName="TFSTests.Agile.TaskBoard.View.Interactions DetachingWorkItemChangeRequested_UnregistersHandler" computerName="TFSBUILD11" duration="00:00:00.0600000" startTime="2015-09-28T09:46:03.3205853-07:00" endTime="2015-09-28T09:46:03.3205853-07:00" testType="13cdc9d9-ddb5-4fa4-a97d-d965ccfc6d4b" outcome="Passed" testListId="8c84fa94-04c1-424b-9868-57a2d4851a1d" relativeResultsDirectory="fb0da5e8-be6d-4de0-9980-b2a442d9f40f" />
    <UnitTestResult executionId="f87eddda-1daa-425b-a002-3506af5636a8" testId="78051211-1917-4279-b055-bc717bdffa31" testName="TFSTests.Agile.TaskBoard.View.Interactions SingleClickingWorkItemTile_RaisesEditWorkItemEvent" computerName="TFSBUILD11" duration="00:00:00.0640000" startTime="2015-09-28T09:46:03.3205853-07:00" endTime="2015-09-28T09:46:03.3205853-07:00" testType="13cdc9d9-ddb5-4fa4-a97d-d965ccfc6d4b" outcome="Passed" testListId="8c84fa94-04c1-424b-9868-57a2d4851a1d" relativeResultsDirectory="f87eddda-1daa-425b-a002-3506af5636a8" />
    <UnitTestResult executionId="907b80b6-6abd-4bc2-bd09-059ad88e9d89" testId="c78ff942-a0e6-4103-8037-17704d87345e" testName="TFSTests.Agile.TaskBoard.View.Interactions SetFocusTile_SetsTheFocusToTheTileWithTheProvidedId" computerName="TFSBUILD11" duration="00:00:00.0700000" startTime="2015-09-28T09:46:03.3205853-07:00" endTime="2015-09-28T09:46:03.3205853-07:00" testType="13cdc9d9-ddb5-4fa4-a97d-d965ccfc6d4b" outcome="Passed" testListId="8c84fa94-04c1-424b-9868-57a2d4851a1d" relativeResultsDirectory="907b80b6-6abd-4bc2-bd09-059ad88e9d89" />
    <UnitTestResult executionId="e96aa852-0e88-480a-bfea-b6edf8a13bbc" testId="2c2f8bf5-f70a-425e-ac6f-94803351a6c8" testName="TFSTests.Agile.TaskBoard.View.Interactions RefreshTile_UpdatesThePositionOfTheTileInTheCellCorrectlyWhenItemIsInsertedAsFirstItem" computerName="TFSBUILD11" duration="00:00:00.0710000" startTime="2015-09-28T09:46:03.3215854-07:00" endTime="2015-09-28T09:46:03.3205853-07:00" testType="13cdc9d9-ddb5-4fa4-a97d-d965ccfc6d4b" outcome="Passed" testListId="8c84fa94-04c1-424b-9868-57a2d4851a1d" relativeResultsDirectory="e96aa852-0e88-480a-bfea-b6edf8a13bbc" />
    <UnitTestResult executionId="cbd3f291-be88-4a8a-9763-972c0182fd6a" testId="2d022eca-8189-4e19-b7d4-5e8e3730141d" testName="TFSTests.Agile.TaskBoard.View.Interactions RefreshTile_UpdatesThePositionOfTheTileInTheCellCorrectlyWhenItemIsInsertedAsLastItem" computerName="TFSBUILD11" duration="00:00:00.0590000" startTime="2015-09-28T09:46:03.3215854-07:00" endTime="2015-09-28T09:46:03.3215854-07:00" testType="13cdc9d9-ddb5-4fa4-a97d-d965ccfc6d4b" outcome="Passed" testListId="8c84fa94-04c1-424b-9868-57a2d4851a1d" relativeResultsDirectory="cbd3f291-be88-4a8a-9763-972c0182fd6a" />
    <UnitTestResult executionId="5cfb3aee-bd31-445f-8a3b-80e2a50c59d3" testId="b02be5cf-a693-48b7-bd21-799b9bbbe00e" testName="TFSTests.Agile.TaskBoard.View.Interactions RefreshTile_UpdatesThePositionOfTheTileInTheCellCorrectlyWhenItemIsInsertedWithSameSortOrder" computerName="TFSBUILD11" duration="00:00:00.0780000" startTime="2015-09-28T09:46:03.3215854-07:00" endTime="2015-09-28T09:46:03.3215854-07:00" testType="13cdc9d9-ddb5-4fa4-a97d-d965ccfc6d4b" outcome="Passed" testListId="8c84fa94-04c1-424b-9868-57a2d4851a1d" relativeResultsDirectory="5cfb3aee-bd31-445f-8a3b-80e2a50c59d3" />
    <UnitTestResult executionId="654d45bf-efaa-41b0-b25c-95e54527f04a" testId="4edd9489-1ed3-415c-8530-210d239e3f0a" testName="TFSTests.Agile.TaskBoard.View.Interactions ApplyFilterToView_HighlightsAllTiles_WhenFilterIsAll" computerName="TFSBUILD11" duration="00:00:00.1120000" startTime="2015-09-28T09:46:03.3215854-07:00" endTime="2015-09-28T09:46:03.3215854-07:00" testType="13cdc9d9-ddb5-4fa4-a97d-d965ccfc6d4b" outcome="Passed" testListId="8c84fa94-04c1-424b-9868-57a2d4851a1d" relativeResultsDirectory="654d45bf-efaa-41b0-b25c-95e54527f04a" />
    <UnitTestResult executionId="a323ac42-7a94-497e-91ac-b61c04fd7cfc" testId="486acb50-778a-4072-b07c-be80b4b53916" testName="TFSTests.Agile.TaskBoard.View.Interactions ApplyFilterToView_HighlightsAllTiles_WhenFilterIsUnassigned" computerName="TFSBUILD11" duration="00:00:00.1010000" startTime="2015-09-28T09:46:04.1452496-07:00" endTime="2015-09-28T09:46:04.1452496-07:00" testType="13cdc9d9-ddb5-4fa4-a97d-d965ccfc6d4b" outcome="Passed" testListId="8c84fa94-04c1-424b-9868-57a2d4851a1d" relativeResultsDirectory="a323ac42-7a94-497e-91ac-b61c04fd7cfc" />
    <UnitTestResult executionId="cec00e4a-9fb7-4830-ad6b-29933f9cfa87" testId="aacc4690-76ad-4f1b-a8c0-8b5f6d0a9cf2" testName="TFSTests.Agile.TaskBoard.View.Interactions ApplyFilterToView_HighlightsAllTiles_WhenFilterIsAPerson" computerName="TFSBUILD11" duration="00:00:00.0930000" startTime="2015-09-28T09:46:04.1452496-07:00" endTime="2015-09-28T09:46:04.1452496-07:00" testType="13cdc9d9-ddb5-4fa4-a97d-d965ccfc6d4b" outcome="Passed" testListId="8c84fa94-04c1-424b-9868-57a2d4851a1d" relativeResultsDirectory="cec00e4a-9fb7-4830-ad6b-29933f9cfa87" />
    <UnitTestResult executionId="33a203a5-2fb1-4fd7-a183-ffc3445fb047" testId="1dbc5701-fe49-43eb-b0e6-37d974aebb53" testName="TFSTests.Agile.TaskBoard.View.Interactions TaskBoard_VerifyRebindTile" computerName="TFSBUILD11" duration="00:00:00.0510000" startTime="2015-09-28T09:46:04.1462491-07:00" endTime="2015-09-28T09:46:04.1462491-07:00" testType="13cdc9d9-ddb5-4fa4-a97d-d965ccfc6d4b" outcome="Passed" testListId="8c84fa94-04c1-424b-9868-57a2d4851a1d" relativeResultsDirectory="33a203a5-2fb1-4fd7-a183-ffc3445fb047" />
    <UnitTestResult executionId="083d6b4d-b6fe-4389-aa87-d5a48cf8c8b7" testId="bcfde9d7-ee5d-4e9c-a7e4-b60c7cefeff7" testName="TFSTests.Agile.TaskBoard.View.Interactions CreateTile_creates a new tile to the end of the cell" computerName="TFSBUILD11" duration="00:00:00.1170000" startTime="2015-09-28T09:46:04.1462491-07:00" endTime="2015-09-28T09:46:04.1462491-07:00" testType="13cdc9d9-ddb5-4fa4-a97d-d965ccfc6d4b" outcome="Passed" testListId="8c84fa94-04c1-424b-9868-57a2d4851a1d" relativeResultsDirectory="083d6b4d-b6fe-4389-aa87-d5a48cf8c8b7" />
    <UnitTestResult executionId="0abdbb76-7d58-40a7-96f6-5cf46b4f6a97" testId="251b3e45-ac98-4cd7-856a-1ef3035064ab" testName="TFSTests.Agile.TaskBoard.View.Interactions workItemChangeRequestedHandlesRebindForNewWorkItem" computerName="TFSBUILD11" duration="00:00:00.0660000" startTime="2015-09-28T09:46:04.1462491-07:00" endTime="2015-09-28T09:46:04.1462491-07:00" testType="13cdc9d9-ddb5-4fa4-a97d-d965ccfc6d4b" outcome="Passed" testListId="8c84fa94-04c1-424b-9868-57a2d4851a1d" relativeResultsDirectory="0abdbb76-7d58-40a7-96f6-5cf46b4f6a97" />
    <UnitTestResult executionId="b1adfc39-493f-42bb-b2cc-4b7f46cc8ce3" testId="81737574-7616-43a4-8967-5bfa42e3c36f" testName="TFSTests.Agile.TaskBoard.View.Interactions TaskBoardCustLayout_TabbingOrder" computerName="TFSBUILD11" duration="00:00:00.0760000" startTime="2015-09-28T09:46:04.1462491-07:00" endTime="2015-09-28T09:46:04.1462491-07:00" testType="13cdc9d9-ddb5-4fa4-a97d-d965ccfc6d4b" outcome="Passed" testListId="8c84fa94-04c1-424b-9868-57a2d4851a1d" relativeResultsDirectory="b1adfc39-493f-42bb-b2cc-4b7f46cc8ce3" />
    <UnitTestResult executionId="c2412394-6e6b-411d-a676-5b9e14cabdf2" testId="706a4849-a246-4c11-8ccb-5c13df7820ba" testName="TFSTests.Agile.TaskBoard.View.Interactions TaskBoardCustLayout_PeopleClassification_AssignmentChange" computerName="TFSBUILD11" duration="00:00:00.0670000" startTime="2015-09-28T09:46:04.1462491-07:00" endTime="2015-09-28T09:46:04.1462491-07:00" testType="13cdc9d9-ddb5-4fa4-a97d-d965ccfc6d4b" outcome="Passed" testListId="8c84fa94-04c1-424b-9868-57a2d4851a1d" relativeResultsDirectory="c2412394-6e6b-411d-a676-5b9e14cabdf2" />
    <UnitTestResult executionId="dc6db540-2103-4bfe-bbe9-566944e47ba9" testId="e53ae7d0-91ae-479e-bf8b-375567e398cc" testName="TFSTests.Agile.TaskBoard.View.Interactions TaskBoardCustLayout_activeEditEndsOnResize" computerName="TFSBUILD11" duration="00:00:00.1300000" startTime="2015-09-28T09:46:04.1462491-07:00" endTime="2015-09-28T09:46:04.1462491-07:00" testType="13cdc9d9-ddb5-4fa4-a97d-d965ccfc6d4b" outcome="Passed" testListId="8c84fa94-04c1-424b-9868-57a2d4851a1d" relativeResultsDirectory="dc6db540-2103-4bfe-bbe9-566944e47ba9" />
    <UnitTestResult executionId="2081d154-8e40-4868-80ee-550eba9b3c89" testId="288e8461-5128-4991-9db5-93aadadc2c8a" testName="TFSTests.Agile.TaskBoard.View.Interactions TestNoChangeInCollapseStateOnReLayout" computerName="TFSBUILD11" duration="00:00:00.1230000" startTime="2015-09-28T09:46:04.1462491-07:00" endTime="2015-09-28T09:46:04.1462491-07:00" testType="13cdc9d9-ddb5-4fa4-a97d-d965ccfc6d4b" outcome="Passed" testListId="8c84fa94-04c1-424b-9868-57a2d4851a1d" relativeResultsDirectory="2081d154-8e40-4868-80ee-550eba9b3c89" />
    <UnitTestResult executionId="0646b6f6-233a-4363-bce6-52f2b9263c30" testId="865b7306-c765-4cf5-a0ff-b24856cf7ae6" testName="TFSTests.Agile.TaskBoard.Model.Temporary setFieldValueBasicTests" computerName="TFSBUILD11" duration="00:00:00.0150000" startTime="2015-09-28T09:46:04.3012760-07:00" endTime="2015-09-28T09:46:04.3012760-07:00" testType="13cdc9d9-ddb5-4fa4-a97d-d965ccfc6d4b" outcome="Passed" testListId="8c84fa94-04c1-424b-9868-57a2d4851a1d" relativeResultsDirectory="0646b6f6-233a-4363-bce6-52f2b9263c30" />
    <UnitTestResult executionId="eb4b40f7-1229-402c-82d8-8e0fe567ed8a" testId="e796327b-c916-462d-a915-a9d0e8221963" testName="TFSTests.Agile.TaskBoard.Model.Temporary setFieldValueWorkItemTests" computerName="TFSBUILD11" duration="00:00:00.0310000" startTime="2015-09-28T09:46:04.3012760-07:00" endTime="2015-09-28T09:46:04.3012760-07:00" testType="13cdc9d9-ddb5-4fa4-a97d-d965ccfc6d4b" outcome="Passed" testListId="8c84fa94-04c1-424b-9868-57a2d4851a1d" relativeResultsDirectory="eb4b40f7-1229-402c-82d8-8e0fe567ed8a" />
    <UnitTestResult executionId="bae2ce8a-40d1-4dc7-8fe5-5ce4549fe1e0" testId="d44c98e1-8bbf-40db-a18d-04e94ee2491b" testName="TFSTests.Agile.TaskBoard.Model.Temporary setFieldValueErrorTests" computerName="TFSBUILD11" duration="00:00:00.0150000" startTime="2015-09-28T09:46:04.3012760-07:00" endTime="2015-09-28T09:46:04.3012760-07:00" testType="13cdc9d9-ddb5-4fa4-a97d-d965ccfc6d4b" outcome="Passed" testListId="8c84fa94-04c1-424b-9868-57a2d4851a1d" relativeResultsDirectory="bae2ce8a-40d1-4dc7-8fe5-5ce4549fe1e0" />
    <UnitTestResult executionId="c6192610-0db1-4437-9347-56e24c0a9862" testId="1ab4ff98-1e1c-453b-805b-e8faaaf6484a" testName="TFSTests.Agile.Temporary testGetNumberOfWorkingDays" computerName="TFSBUILD11" duration="00:00:00.0160000" startTime="2015-09-28T09:46:04.3012760-07:00" endTime="2015-09-28T09:46:04.3012760-07:00" testType="13cdc9d9-ddb5-4fa4-a97d-d965ccfc6d4b" outcome="Passed" testListId="8c84fa94-04c1-424b-9868-57a2d4851a1d" relativeResultsDirectory="c6192610-0db1-4437-9347-56e24c0a9862" />
    <UnitTestResult executionId="8c98c1ed-d15a-449f-b75b-6bcef2ff3460" testId="f5402b31-f4ae-475a-b289-ab5c195dcbfb" testName="TFSTests.Agile.Temporary testAddWorkingDays" computerName="TFSBUILD11" duration="00:00:00.0150000" startTime="2015-09-28T09:46:04.3022767-07:00" endTime="2015-09-28T09:46:04.3012760-07:00" testType="13cdc9d9-ddb5-4fa4-a97d-d965ccfc6d4b" outcome="Passed" testListId="8c84fa94-04c1-424b-9868-57a2d4851a1d" relativeResultsDirectory="8c98c1ed-d15a-449f-b75b-6bcef2ff3460" />
    <UnitTestResult executionId="ef146fe0-6c98-496b-a9c9-90c841bf2af8" testId="67363ccd-1231-453c-82f5-36c9b0159e65" testName="TFSTests.Agile.Temporary testNormalizeForDateRange" computerName="TFSBUILD11" duration="00:00:00.0160000" startTime="2015-09-28T09:46:04.3022767-07:00" endTime="2015-09-28T09:46:04.3022767-07:00" testType="13cdc9d9-ddb5-4fa4-a97d-d965ccfc6d4b" outcome="Passed" testListId="8c84fa94-04c1-424b-9868-57a2d4851a1d" relativeResultsDirectory="ef146fe0-6c98-496b-a9c9-90c841bf2af8" />
    <UnitTestResult executionId="51b9bed1-8750-44d7-a75c-d92d5138dd84" testId="835930a9-5887-4996-923f-1d9217a29b80" testName="TFSTests.Agile.TestInfrastructure GetElementSpec_IncludesId_WhenIdIsSet" computerName="TFSBUILD11" duration="00:00:00.0150000" startTime="2015-09-28T09:46:04.3022767-07:00" endTime="2015-09-28T09:46:04.3022767-07:00" testType="13cdc9d9-ddb5-4fa4-a97d-d965ccfc6d4b" outcome="Passed" testListId="8c84fa94-04c1-424b-9868-57a2d4851a1d" relativeResultsDirectory="51b9bed1-8750-44d7-a75c-d92d5138dd84" />
    <UnitTestResult executionId="76873516-5786-417d-89a7-d6ad9f2b849b" testId="e765bac9-8848-46b4-901c-d3f23d755a28" testName="TFSTests.Agile.TestInfrastructure GetElementSpec_IncludesIndex_WhenIdNotSetAndHasPreviousSiblings" computerName="TFSBUILD11" duration="00:00:00.0150000" startTime="2015-09-28T09:46:04.3022767-07:00" endTime="2015-09-28T09:46:04.3022767-07:00" testType="13cdc9d9-ddb5-4fa4-a97d-d965ccfc6d4b" outcome="Passed" testListId="8c84fa94-04c1-424b-9868-57a2d4851a1d" relativeResultsDirectory="76873516-5786-417d-89a7-d6ad9f2b849b" />
    <UnitTestResult executionId="ef3ff7c7-f9db-4933-a962-18d86aa39ede" testId="121977a3-7ab5-4f11-a069-1683f40e0f7d" testName="TFSTests.Agile.TestInfrastructure GetElementSpec_ReturnsOnlyTagName_WhenIdNotSetAndNoPreviousSiblings" computerName="TFSBUILD11" duration="00:00:00.0150000" startTime="2015-09-28T09:46:04.3022767-07:00" endTime="2015-09-28T09:46:04.3022767-07:00" testType="13cdc9d9-ddb5-4fa4-a97d-d965ccfc6d4b" outcome="Passed" testListId="8c84fa94-04c1-424b-9868-57a2d4851a1d" relativeResultsDirectory="ef3ff7c7-f9db-4933-a962-18d86aa39ede" />
    <UnitTestResult executionId="29d3551e-9a71-40a4-bac5-33a50fe6366a" testId="e19e64e8-97a7-48a7-83b3-dfc05f846879" testName="TFSTests.Agile.TestInfrastructure GetElementPath_ReturnsExpectedPath_WhenParentsExist" computerName="TFSBUILD11" duration="00:00:00.0160000" startTime="2015-09-28T09:46:04.5450139-07:00" endTime="2015-09-28T09:46:04.5450139-07:00" testType="13cdc9d9-ddb5-4fa4-a97d-d965ccfc6d4b" outcome="Passed" testListId="8c84fa94-04c1-424b-9868-57a2d4851a1d" relativeResultsDirectory="29d3551e-9a71-40a4-bac5-33a50fe6366a" />
    <UnitTestResult executionId="c406a31b-960a-4060-9683-cc2c3daa41e7" testId="c45e9129-77dd-407b-8584-0b08531a4361" testName="TFSTests.Agile.TestInfrastructure GetElementPath_ReturnsElementSpecOnly_WhenNoParents" computerName="TFSBUILD11" duration="00:00:00.0150000" startTime="2015-09-28T09:46:04.5450139-07:00" endTime="2015-09-28T09:46:04.5450139-07:00" testType="13cdc9d9-ddb5-4fa4-a97d-d965ccfc6d4b" outcome="Passed" testListId="8c84fa94-04c1-424b-9868-57a2d4851a1d" relativeResultsDirectory="c406a31b-960a-4060-9683-cc2c3daa41e7" />
    <UnitTestResult executionId="40efcf0c-cf5e-41a9-8cf9-3f21bbed3678" testId="08e7ce7d-9d0b-45df-8d4c-7d33d16af0aa" testName="TFSTests.Agile.CapacityViewModel TeamCapacityViewModel_Initialize" computerName="TFSBUILD11" duration="00:00:00.0310000" startTime="2015-09-28T09:46:04.5450139-07:00" endTime="2015-09-28T09:46:04.5450139-07:00" testType="13cdc9d9-ddb5-4fa4-a97d-d965ccfc6d4b" outcome="Passed" testListId="8c84fa94-04c1-424b-9868-57a2d4851a1d" relativeResultsDirectory="40efcf0c-cf5e-41a9-8cf9-3f21bbed3678" />
    <UnitTestResult executionId="6266d988-e882-4e09-9e46-de269286fcec" testId="696a5e33-e8df-4e9f-a474-4213d2a74676" testName="TFSTests.Agile.CapacityViewModel TeamCapacityViewModel_ValidateRemainingCapacity" computerName="TFSBUILD11" duration="00:00:00.0320000" startTime="2015-09-28T09:46:04.5450139-07:00" endTime="2015-09-28T09:46:04.5450139-07:00" testType="13cdc9d9-ddb5-4fa4-a97d-d965ccfc6d4b" outcome="Passed" testListId="8c84fa94-04c1-424b-9868-57a2d4851a1d" relativeResultsDirectory="6266d988-e882-4e09-9e46-de269286fcec" />
    <UnitTestResult executionId="089d513d-2567-49ed-aff2-600144e61944" testId="0fa348a4-0b4e-445f-b080-318e8ed6fc97" testName="TFSTests.Agile.CapacityViewModel TeamCapacityViewModel_IsDirty" computerName="TFSBUILD11" duration="00:00:00.0440000" startTime="2015-09-28T09:46:04.5450139-07:00" endTime="2015-09-28T09:46:04.5450139-07:00" testType="13cdc9d9-ddb5-4fa4-a97d-d965ccfc6d4b" outcome="Passed" testListId="8c84fa94-04c1-424b-9868-57a2d4851a1d" relativeResultsDirectory="089d513d-2567-49ed-aff2-600144e61944" />
    <UnitTestResult executionId="59c0e831-767b-4eca-9264-00f669b96b16" testId="d7e36db7-48e0-46c4-9eda-734b1694ed9d" testName="TFSTests.Agile.CapacityViewModel TeamCapacityViewModel_VerifyEmptyCapacitiyPage_Visibility_EmptyCapacities" computerName="TFSBUILD11" duration="00:00:00.0330000" startTime="2015-09-28T09:46:04.5460146-07:00" endTime="2015-09-28T09:46:04.5460146-07:00" testType="13cdc9d9-ddb5-4fa4-a97d-d965ccfc6d4b" outcome="Passed" testListId="8c84fa94-04c1-424b-9868-57a2d4851a1d" relativeResultsDirectory="59c0e831-767b-4eca-9264-00f669b96b16" />
    <UnitTestResult executionId="bf78079a-6d65-49fb-bf86-f345af77009f" testId="91d6ee6d-7109-48cb-849c-575db9d0003d" testName="TFSTests.Agile.CapacityViewModel TeamCapacityViewModel_VerifyEmptyCapacitiyPage_Visibility_HasCapacities" computerName="TFSBUILD11" duration="00:00:00.0210000" startTime="2015-09-28T09:46:04.5460146-07:00" endTime="2015-09-28T09:46:04.5460146-07:00" testType="13cdc9d9-ddb5-4fa4-a97d-d965ccfc6d4b" outcome="Passed" testListId="8c84fa94-04c1-424b-9868-57a2d4851a1d" relativeResultsDirectory="bf78079a-6d65-49fb-bf86-f345af77009f" />
    <UnitTestResult executionId="196fd0c4-93fd-455b-bb1e-4b005255cfaa" testId="e098a6d6-3cf6-4d45-9f70-9121811fe2d6" testName="TFSTests.Agile.CapacityViewModel TeamCapacityViewModel_Save" computerName="TFSBUILD11" duration="00:00:00.0250000" startTime="2015-09-28T09:46:04.5460146-07:00" endTime="2015-09-28T09:46:04.5460146-07:00" testType="13cdc9d9-ddb5-4fa4-a97d-d965ccfc6d4b" outcome="Passed" testListId="8c84fa94-04c1-424b-9868-57a2d4851a1d" relativeResultsDirectory="196fd0c4-93fd-455b-bb1e-4b005255cfaa" />
    <UnitTestResult executionId="e8abcbb5-c7da-4f09-a614-369152abb46e" testId="c27d9e0c-55a1-4c85-a5c7-a5291d409a33" testName="TFSTests.Agile.CapacityViewModel TeamCapacityViewModel_VerifyAllAttachMethods" computerName="TFSBUILD11" duration="00:00:00.0260000" startTime="2015-09-28T09:46:04.5460146-07:00" endTime="2015-09-28T09:46:04.5460146-07:00" testType="13cdc9d9-ddb5-4fa4-a97d-d965ccfc6d4b" outcome="Passed" testListId="8c84fa94-04c1-424b-9868-57a2d4851a1d" relativeResultsDirectory="e8abcbb5-c7da-4f09-a614-369152abb46e" />
    <UnitTestResult executionId="c8f0016d-2e9f-46d9-94a0-f3554d2e1220" testId="8c9fdb82-febc-433f-9c68-66cdf20fb4b5" testName="TFSTests.Agile.CapacityViewModel TeamCapacityViewModel_VerifyMessageSetCorrectly" computerName="TFSBUILD11" duration="00:00:00.0350000" startTime="2015-09-28T09:46:04.7849108-07:00" endTime="2015-09-28T09:46:04.7849108-07:00" testType="13cdc9d9-ddb5-4fa4-a97d-d965ccfc6d4b" outcome="Passed" testListId="8c84fa94-04c1-424b-9868-57a2d4851a1d" relativeResultsDirectory="c8f0016d-2e9f-46d9-94a0-f3554d2e1220" />
    <UnitTestResult executionId="654bab16-1d77-407f-9dee-7606b9afd37d" testId="3b3b1564-b558-474f-83e6-174a07e68ade" testName="TFSTests.Agile.CapacityViewModel TeamCapacityViewModel_ValidateRemainingCapacity_RemoveMembers" computerName="TFSBUILD11" duration="00:00:00.0470000" startTime="2015-09-28T09:46:04.7849108-07:00" endTime="2015-09-28T09:46:04.7849108-07:00" testType="13cdc9d9-ddb5-4fa4-a97d-d965ccfc6d4b" outcome="Passed" testListId="8c84fa94-04c1-424b-9868-57a2d4851a1d" relativeResultsDirectory="654bab16-1d77-407f-9dee-7606b9afd37d" />
    <UnitTestResult executionId="5cecf040-97f4-4046-b174-78e7e26476ed" testId="16fc0ed2-457f-48c7-b777-0cee73b4db90" testName="TFSTests.Agile.CapacityViewModel TeamCapacityViewModel_ValidateRemainingCapacity_AddMembers" computerName="TFSBUILD11" duration="00:00:00.0260000" startTime="2015-09-28T09:46:04.7849108-07:00" endTime="2015-09-28T09:46:04.7849108-07:00" testType="13cdc9d9-ddb5-4fa4-a97d-d965ccfc6d4b" outcome="Passed" testListId="8c84fa94-04c1-424b-9868-57a2d4851a1d" relativeResultsDirectory="5cecf040-97f4-4046-b174-78e7e26476ed" />
    <UnitTestResult executionId="eed48593-462f-4893-a4a4-50263db8884a" testId="4c30008e-f272-49f5-a688-4fbafe99d697" testName="TFSTests.Agile.CapacityViewModel TeamCapacityAddPanelViewModelHosted_Tests" computerName="TFSBUILD11" duration="00:00:00.0280000" startTime="2015-09-28T09:46:04.7859109-07:00" endTime="2015-09-28T09:46:04.7859109-07:00" testType="13cdc9d9-ddb5-4fa4-a97d-d965ccfc6d4b" outcome="Passed" testListId="8c84fa94-04c1-424b-9868-57a2d4851a1d" relativeResultsDirectory="eed48593-462f-4893-a4a4-50263db8884a" />
    <UnitTestResult executionId="e0f4ba60-a730-4e32-b4c8-ee70cbf24730" testId="0ec363d1-1496-41f1-8b09-33367f400f08" testName="TFSTests.Agile.CapacityViewModel TeamCapacityAddPanelViewModelOnPrem_Tests" computerName="TFSBUILD11" duration="00:00:00.0270000" startTime="2015-09-28T09:46:04.7859109-07:00" endTime="2015-09-28T09:46:04.7859109-07:00" testType="13cdc9d9-ddb5-4fa4-a97d-d965ccfc6d4b" outcome="Passed" testListId="8c84fa94-04c1-424b-9868-57a2d4851a1d" relativeResultsDirectory="e0f4ba60-a730-4e32-b4c8-ee70cbf24730" />
    <UnitTestResult executionId="c526f0ca-693c-4ee5-8b4e-1d0ea0205ad1" testId="62c387dd-cc5e-4316-b815-3f425015f2cc" testName="TFSTests.Agile.CapacityViewModel TeamCapacityViewModel_CopyFromPrevious" computerName="TFSBUILD11" duration="00:00:00.0260000" startTime="2015-09-28T09:46:04.7859109-07:00" endTime="2015-09-28T09:46:04.7859109-07:00" testType="13cdc9d9-ddb5-4fa4-a97d-d965ccfc6d4b" outcome="Passed" testListId="8c84fa94-04c1-424b-9868-57a2d4851a1d" relativeResultsDirectory="c526f0ca-693c-4ee5-8b4e-1d0ea0205ad1" />
    <UnitTestResult executionId="3fdd0a09-b0cc-4088-943b-78c3cedb6149" testId="b36c8f08-761e-4745-9143-96057ce8f05b" testName="TFSTests.Agile.ProductBacklog.AddPanelBehaviorTests WillHighlightLastRowAsUnparentedWhenNoSelection" computerName="TFSBUILD11" duration="00:00:00.0180000" startTime="2015-09-28T09:46:04.7859109-07:00" endTime="2015-09-28T09:46:04.7859109-07:00" testType="13cdc9d9-ddb5-4fa4-a97d-d965ccfc6d4b" outcome="Passed" testListId="8c84fa94-04c1-424b-9868-57a2d4851a1d" relativeResultsDirectory="3fdd0a09-b0cc-4088-943b-78c3cedb6149" />
    <UnitTestResult executionId="d1c9d580-d503-47a8-8885-f1c2fd93bf48" testId="bbe88950-59e3-4938-b965-779cff6683d0" testName="TFSTests.Agile.ProductBacklog.AddPanelBehaviorTests WillNotAddUnparentedRowIfRootLevelMatchesSelectedWhenNoSelection" computerName="TFSBUILD11" duration="00:00:00.0160000" startTime="2015-09-28T09:46:04.7859109-07:00" endTime="2015-09-28T09:46:04.7859109-07:00" testType="13cdc9d9-ddb5-4fa4-a97d-d965ccfc6d4b" outcome="Passed" testListId="8c84fa94-04c1-424b-9868-57a2d4851a1d" relativeResultsDirectory="d1c9d580-d503-47a8-8885-f1c2fd93bf48" />
    <UnitTestResult executionId="bff752ef-2ca1-4e09-b1be-7371e96cc385" testId="5ece363c-aa4b-40a1-9c3c-f70ec26bc224" testName="TFSTests.Agile.ProductBacklog.AddPanelBehaviorTests WillHighlightLastRowAsUnparentedWhenNoLicense" computerName="TFSBUILD11" duration="00:00:00.0160000" startTime="2015-09-28T09:46:04.7859109-07:00" endTime="2015-09-28T09:46:04.7859109-07:00" testType="13cdc9d9-ddb5-4fa4-a97d-d965ccfc6d4b" outcome="Passed" testListId="8c84fa94-04c1-424b-9868-57a2d4851a1d" relativeResultsDirectory="bff752ef-2ca1-4e09-b1be-7371e96cc385" />
    <UnitTestResult executionId="6fd36165-0ded-4fb4-b4c3-300c934cb9a9" testId="f11f198b-2a71-4b4a-809e-5f0c3cdf2463" testName="TFSTests.Agile.ProductBacklog.AddPanelBehaviorTests WillHighlightExistingUnparentedRowWhenNoLicense" computerName="TFSBUILD11" duration="00:00:00.0160000" startTime="2015-09-28T09:46:04.9272205-07:00" endTime="2015-09-28T09:46:04.9272205-07:00" testType="13cdc9d9-ddb5-4fa4-a97d-d965ccfc6d4b" outcome="Passed" testListId="8c84fa94-04c1-424b-9868-57a2d4851a1d" relativeResultsDirectory="6fd36165-0ded-4fb4-b4c3-300c934cb9a9" />
    <UnitTestResult executionId="35aa3de9-4f5f-41bc-98c4-b5e82d70be1b" testId="d8b464c1-9fad-4e27-b730-845f85104cd7" testName="TFSTests.Agile.ProductBacklog.AddPanelBehaviorTests WillHighlightLastRowWhenUnparentedRowToBeAdded" computerName="TFSBUILD11" duration="00:00:00.0170000" startTime="2015-09-28T09:46:04.9282212-07:00" endTime="2015-09-28T09:46:04.9282212-07:00" testType="13cdc9d9-ddb5-4fa4-a97d-d965ccfc6d4b" outcome="Passed" testListId="8c84fa94-04c1-424b-9868-57a2d4851a1d" relativeResultsDirectory="35aa3de9-4f5f-41bc-98c4-b5e82d70be1b" />
    <UnitTestResult executionId="c9b0bcf9-08b4-495e-ac3c-de2baf4a0ad1" testId="c1e12bcd-b5ff-4367-a557-1a034a5013c9" testName="TFSTests.Agile.ProductBacklog.AddPanelBehaviorTests WillHighlightUnparentedRow" computerName="TFSBUILD11" duration="00:00:00.0150000" startTime="2015-09-28T09:46:04.9282212-07:00" endTime="2015-09-28T09:46:04.9282212-07:00" testType="13cdc9d9-ddb5-4fa4-a97d-d965ccfc6d4b" outcome="Passed" testListId="8c84fa94-04c1-424b-9868-57a2d4851a1d" relativeResultsDirectory="c9b0bcf9-08b4-495e-ac3c-de2baf4a0ad1" />
    <UnitTestResult executionId="819fde0a-7b01-4425-8c7e-4e6bf9de60cb" testId="0cebde67-dd8a-4584-b449-a963d92446e8" testName="TFSTests.Agile.ProductBacklog.AddPanelBehaviorTests WillHighlightValidItemOfSelectedLevel" computerName="TFSBUILD11" duration="00:00:00.0160000" startTime="2015-09-28T09:46:04.9282212-07:00" endTime="2015-09-28T09:46:04.9282212-07:00" testType="13cdc9d9-ddb5-4fa4-a97d-d965ccfc6d4b" outcome="Passed" testListId="8c84fa94-04c1-424b-9868-57a2d4851a1d" relativeResultsDirectory="819fde0a-7b01-4425-8c7e-4e6bf9de60cb" />
    <UnitTestResult executionId="79f33622-008b-4dce-bcf4-fbc3a9c8ead8" testId="544b6ceb-6b56-49c4-9108-a23605095e4c" testName="TFSTests.Agile.ProductBacklog.AddPanelBehaviorTests WillHighlightValidChildUnderUnparented" computerName="TFSBUILD11" duration="00:00:00.0160000" startTime="2015-09-28T09:46:04.9282212-07:00" endTime="2015-09-28T09:46:04.9282212-07:00" testType="13cdc9d9-ddb5-4fa4-a97d-d965ccfc6d4b" outcome="Passed" testListId="8c84fa94-04c1-424b-9868-57a2d4851a1d" relativeResultsDirectory="79f33622-008b-4dce-bcf4-fbc3a9c8ead8" />
    <UnitTestResult executionId="e6ec7ea4-58fe-4cee-a591-a9f8b3b4766c" testId="4381779a-2cab-4ab7-a00d-eed87cd8e02b" testName="TFSTests.Agile.ProductBacklog.AddPanelBehaviorTests WillHighlightValidItemAmongParents" computerName="TFSBUILD11" duration="00:00:00.0160000" startTime="2015-09-28T09:46:04.9282212-07:00" endTime="2015-09-28T09:46:04.9282212-07:00" testType="13cdc9d9-ddb5-4fa4-a97d-d965ccfc6d4b" outcome="Passed" testListId="8c84fa94-04c1-424b-9868-57a2d4851a1d" relativeResultsDirectory="e6ec7ea4-58fe-4cee-a591-a9f8b3b4766c" />
    <UnitTestResult executionId="1e39af02-0da4-4cdc-97e8-893112f679e5" testId="0e722b49-8ef6-4ecb-a50c-7669d951628a" testName="TFSTests.Agile.ProductBacklog.AddPanelBehaviorTests WillHighlightValidChild" computerName="TFSBUILD11" duration="00:00:00.0150000" startTime="2015-09-28T09:46:04.9282212-07:00" endTime="2015-09-28T09:46:04.9282212-07:00" testType="13cdc9d9-ddb5-4fa4-a97d-d965ccfc6d4b" outcome="Passed" testListId="8c84fa94-04c1-424b-9868-57a2d4851a1d" relativeResultsDirectory="1e39af02-0da4-4cdc-97e8-893112f679e5" />
    <UnitTestResult executionId="d0d6f8c6-a751-4da4-9a0c-1940d3818489" testId="159a81ee-6631-464c-9852-3f9021b878be" testName="TFSTests.Agile.ProductBacklog.AddPanelBehaviorTests WillHighlightValidItemHigherUpInHierarchy" computerName="TFSBUILD11" duration="00:00:00.0160000" startTime="2015-09-28T09:46:04.9282212-07:00" endTime="2015-09-28T09:46:04.9282212-07:00" testType="13cdc9d9-ddb5-4fa4-a97d-d965ccfc6d4b" outcome="Passed" testListId="8c84fa94-04c1-424b-9868-57a2d4851a1d" relativeResultsDirectory="d0d6f8c6-a751-4da4-9a0c-1940d3818489" />
    <UnitTestResult executionId="1b67444f-665f-4a33-ab52-b9597894bbbd" testId="2d30316e-4de1-4e65-9d54-7f0882cb9ab9" testName="TFSTests.Agile.ProductBacklog.AddPanelBehaviorTests WillHighlightValidItemFurtherDownInHierarchy" computerName="TFSBUILD11" duration="00:00:00.0160000" startTime="2015-09-28T09:46:04.9292218-07:00" endTime="2015-09-28T09:46:04.9292218-07:00" testType="13cdc9d9-ddb5-4fa4-a97d-d965ccfc6d4b" outcome="Passed" testListId="8c84fa94-04c1-424b-9868-57a2d4851a1d" relativeResultsDirectory="1b67444f-665f-4a33-ab52-b9597894bbbd" />
    <UnitTestResult executionId="ccc45a32-8005-49b2-8229-22007b101637" testId="8b634009-f7fd-4ef4-adf4-573ea6437f77" testName="TFSTests.Agile.ProductBacklog.AddPanelBehaviorTests WillHighlightValidParent" computerName="TFSBUILD11" duration="00:00:00.0160000" startTime="2015-09-28T09:46:05.0786307-07:00" endTime="2015-09-28T09:46:05.0786307-07:00" testType="13cdc9d9-ddb5-4fa4-a97d-d965ccfc6d4b" outcome="Passed" testListId="8c84fa94-04c1-424b-9868-57a2d4851a1d" relativeResultsDirectory="ccc45a32-8005-49b2-8229-22007b101637" />
    <UnitTestResult executionId="74520370-bb92-4aa6-b093-5216f5b7a102" testId="a5f084d0-454c-4678-b708-383ba2a4e9ac" testName="TFSTests.Agile.ProductBacklog ProductBacklogMembershipEvaluator_requirementBacklog_proposedItemValid" computerName="TFSBUILD11" duration="00:00:00.0200000" startTime="2015-09-28T09:46:05.0796314-07:00" endTime="2015-09-28T09:46:05.0796314-07:00" testType="13cdc9d9-ddb5-4fa4-a97d-d965ccfc6d4b" outcome="Passed" testListId="8c84fa94-04c1-424b-9868-57a2d4851a1d" relativeResultsDirectory="74520370-bb92-4aa6-b093-5216f5b7a102" />
    <UnitTestResult executionId="949e5efd-be8c-4852-a443-40dbf052098a" testId="cc18cf95-9a67-441e-9669-795eb8ed1d65" testName="TFSTests.Agile.ProductBacklog ProductBacklogMembershipEvaluator_requirementBacklog_completeItemInvalid" computerName="TFSBUILD11" duration="00:00:00.0180000" startTime="2015-09-28T09:46:05.0796314-07:00" endTime="2015-09-28T09:46:05.0796314-07:00" testType="13cdc9d9-ddb5-4fa4-a97d-d965ccfc6d4b" outcome="Passed" testListId="8c84fa94-04c1-424b-9868-57a2d4851a1d" relativeResultsDirectory="949e5efd-be8c-4852-a443-40dbf052098a" />
    <UnitTestResult executionId="4dea2eed-bd00-49fc-9649-61766556961b" testId="62749c95-61ea-4f83-bedb-0b05dc577f98" testName="TFSTests.Agile.ProductBacklog ProductBacklogMembershipEvaluator_portfolioBacklog_proposedItemValid" computerName="TFSBUILD11" duration="00:00:00.0150000" startTime="2015-09-28T09:46:05.0796314-07:00" endTime="2015-09-28T09:46:05.0796314-07:00" testType="13cdc9d9-ddb5-4fa4-a97d-d965ccfc6d4b" outcome="Passed" testListId="8c84fa94-04c1-424b-9868-57a2d4851a1d" relativeResultsDirectory="4dea2eed-bd00-49fc-9649-61766556961b" />
    <UnitTestResult executionId="774fd2e2-9010-4cd8-80df-d5a407edcea2" testId="0ffaa81f-67a4-4b9c-a266-6145c6778260" testName="TFSTests.Agile.ProductBacklog ProductBacklogMembershipEvaluator_portfolioBacklog_inProgressItemValid" computerName="TFSBUILD11" duration="00:00:00.0150000" startTime="2015-09-28T09:46:05.0796314-07:00" endTime="2015-09-28T09:46:05.0796314-07:00" testType="13cdc9d9-ddb5-4fa4-a97d-d965ccfc6d4b" outcome="Passed" testListId="8c84fa94-04c1-424b-9868-57a2d4851a1d" relativeResultsDirectory="774fd2e2-9010-4cd8-80df-d5a407edcea2" />
    <UnitTestResult executionId="b30364ec-d75f-45b0-a1bd-24e867da85de" testId="e6a3cd3d-31a6-4f17-8187-ea1048076edd" testName="TFSTests.Agile.ProductBacklog ProductBacklogMembershipEvaluator_portfolioBacklog_completeItemInvalid" computerName="TFSBUILD11" duration="00:00:00.0160000" startTime="2015-09-28T09:46:05.0796314-07:00" endTime="2015-09-28T09:46:05.0796314-07:00" testType="13cdc9d9-ddb5-4fa4-a97d-d965ccfc6d4b" outcome="Passed" testListId="8c84fa94-04c1-424b-9868-57a2d4851a1d" relativeResultsDirectory="b30364ec-d75f-45b0-a1bd-24e867da85de" />
    <UnitTestResult executionId="da1f56c4-171f-4b46-9f79-5f917bd813bf" testId="bc992a72-3f2f-4476-a2d7-fb134c85e1f2" testName="TFSTests.Agile.ProductBacklog ProductBacklogMembershipEvaluator_portfolioBacklog_simpleTopDownFilter_hubTypeValid" computerName="TFSBUILD11" duration="00:00:00.0150000" startTime="2015-09-28T09:46:05.0796314-07:00" endTime="2015-09-28T09:46:05.0796314-07:00" testType="13cdc9d9-ddb5-4fa4-a97d-d965ccfc6d4b" outcome="Passed" testListId="8c84fa94-04c1-424b-9868-57a2d4851a1d" relativeResultsDirectory="da1f56c4-171f-4b46-9f79-5f917bd813bf" />
    <UnitTestResult executionId="2e635e47-7321-47e0-93f3-bdd84746cc92" testId="81ea3756-fcfd-4ab5-ad1b-154a2476b446" testName="TFSTests.Agile.ProductBacklog ProductBacklogMembershipEvaluator_portfolioBacklog_simpleTopDownFilter_filterTypeValid" computerName="TFSBUILD11" duration="00:00:00.0170000" startTime="2015-09-28T09:46:05.0796314-07:00" endTime="2015-09-28T09:46:05.0796314-07:00" testType="13cdc9d9-ddb5-4fa4-a97d-d965ccfc6d4b" outcome="Passed" testListId="8c84fa94-04c1-424b-9868-57a2d4851a1d" relativeResultsDirectory="2e635e47-7321-47e0-93f3-bdd84746cc92" />
    <UnitTestResult executionId="f18154ff-1004-4c73-a674-8ca913aa2b8b" testId="c1ea9b38-8378-4b41-a800-27e3a042d25a" testName="TFSTests.Agile.ProductBacklog ProductBacklogMembershipEvaluator_portfolioBacklog_simpleTopDownFilter_invalidTypes" computerName="TFSBUILD11" duration="00:00:00.0160000" startTime="2015-09-28T09:46:05.0796314-07:00" endTime="2015-09-28T09:46:05.0796314-07:00" testType="13cdc9d9-ddb5-4fa4-a97d-d965ccfc6d4b" outcome="Passed" testListId="8c84fa94-04c1-424b-9868-57a2d4851a1d" relativeResultsDirectory="f18154ff-1004-4c73-a674-8ca913aa2b8b" />
    <UnitTestResult executionId="bc79af4e-b981-4865-b652-6d3b348a2198" testId="16d78e9e-2ae2-44f2-ab2b-f76e3ed11520" testName="TFSTests.Agile.ProductBacklog ProductBacklogMembershipEvaluator_portfolioBacklog_complexTopDownFilter_hubTypeValid" computerName="TFSBUILD11" duration="00:00:00.0160000" startTime="2015-09-28T09:46:05.2439242-07:00" endTime="2015-09-28T09:46:05.2439242-07:00" testType="13cdc9d9-ddb5-4fa4-a97d-d965ccfc6d4b" outcome="Passed" testListId="8c84fa94-04c1-424b-9868-57a2d4851a1d" relativeResultsDirectory="bc79af4e-b981-4865-b652-6d3b348a2198" />
    <UnitTestResult executionId="56d35904-c538-4f17-aa27-4571324a5e0d" testId="6a95ee42-6284-4748-8332-50f57e64d7cc" testName="TFSTests.Agile.ProductBacklog ProductBacklogMembershipEvaluator_portfolioBacklog_complexTopDownFilter_innerTypeValid" computerName="TFSBUILD11" duration="00:00:00.0160000" startTime="2015-09-28T09:46:05.2439242-07:00" endTime="2015-09-28T09:46:05.2439242-07:00" testType="13cdc9d9-ddb5-4fa4-a97d-d965ccfc6d4b" outcome="Passed" testListId="8c84fa94-04c1-424b-9868-57a2d4851a1d" relativeResultsDirectory="56d35904-c538-4f17-aa27-4571324a5e0d" />
    <UnitTestResult executionId="c28b5e70-100d-4269-88c6-a3e9233f4cb2" testId="6f5948f0-e4d0-4dd8-b9e9-477a4e213f2e" testName="TFSTests.Agile.ProductBacklog.ContextMenuCreatorTests VerifyConsecutiveSeparatorsAreCleaned" computerName="TFSBUILD11" duration="00:00:00.0180000" startTime="2015-09-28T09:46:05.2439242-07:00" endTime="2015-09-28T09:46:05.2439242-07:00" testType="13cdc9d9-ddb5-4fa4-a97d-d965ccfc6d4b" outcome="Passed" testListId="8c84fa94-04c1-424b-9868-57a2d4851a1d" relativeResultsDirectory="c28b5e70-100d-4269-88c6-a3e9233f4cb2" />
    <UnitTestResult executionId="a5a388a6-2189-473c-ae77-f8d7c450d2d2" testId="5767b605-1f54-4f62-b10d-f482917ad090" testName="TFSTests.Agile.ProductBacklog.MoveToIterationContextMenuTests VerifyCorrectMenuItemsAreGenerated" computerName="TFSBUILD11" duration="00:00:00.0190000" startTime="2015-09-28T09:46:05.2439242-07:00" endTime="2015-09-28T09:46:05.2439242-07:00" testType="13cdc9d9-ddb5-4fa4-a97d-d965ccfc6d4b" outcome="Passed" testListId="8c84fa94-04c1-424b-9868-57a2d4851a1d" relativeResultsDirectory="a5a388a6-2189-473c-ae77-f8d7c450d2d2" />
    <UnitTestResult executionId="210bf2af-db27-4f41-9dbb-a1f33b8858af" testId="3f56f3bc-4b1f-45ec-b44c-c5683c98de6c" testName="TFSTests.Agile.ProductBacklog.MoveToIterationContextMenuTests VerifyChildMenuItems" computerName="TFSBUILD11" duration="00:00:00.0190000" startTime="2015-09-28T09:46:05.2449241-07:00" endTime="2015-09-28T09:46:05.2449241-07:00" testType="13cdc9d9-ddb5-4fa4-a97d-d965ccfc6d4b" outcome="Passed" testListId="8c84fa94-04c1-424b-9868-57a2d4851a1d" relativeResultsDirectory="210bf2af-db27-4f41-9dbb-a1f33b8858af" />
    <UnitTestResult executionId="32142df1-5a60-439c-adf1-f1681a805109" testId="1db4108f-6540-44ca-92ea-3be8ff776dc4" testName="TFSTests.Agile.ProductBacklog.MoveToIterationContextMenuTests MembershipShouldBeSuppressedBeforeModifyingForParent" computerName="TFSBUILD11" duration="00:00:00.0170000" startTime="2015-09-28T09:46:05.2449241-07:00" endTime="2015-09-28T09:46:05.2449241-07:00" testType="13cdc9d9-ddb5-4fa4-a97d-d965ccfc6d4b" outcome="Passed" testListId="8c84fa94-04c1-424b-9868-57a2d4851a1d" relativeResultsDirectory="32142df1-5a60-439c-adf1-f1681a805109" />
    <UnitTestResult executionId="f10c844a-a18e-460d-b5ef-4b7136113cf2" testId="22fe726b-fd72-4010-81fe-8bcd3b8364b1" testName="TFSTests.Agile.ProductBacklog.MoveToIterationContextMenuTests MembershipShouldBeSuppressedForEachChild" computerName="TFSBUILD11" duration="00:00:00.0190000" startTime="2015-09-28T09:46:05.2449241-07:00" endTime="2015-09-28T09:46:05.2449241-07:00" testType="13cdc9d9-ddb5-4fa4-a97d-d965ccfc6d4b" outcome="Passed" testListId="8c84fa94-04c1-424b-9868-57a2d4851a1d" relativeResultsDirectory="f10c844a-a18e-460d-b5ef-4b7136113cf2" />
    <UnitTestResult executionId="fd323b75-5378-4935-82f1-80c7cf77d819" testId="07fc21fa-6c93-4b20-b897-703a03717d50" testName="TFSTests.Agile.ProductBacklog.MoveToIterationContextMenuTests ExplicitMembershipCheckShouldBeRequestedForAllItemsAfterSave" computerName="TFSBUILD11" duration="00:00:00.0180000" startTime="2015-09-28T09:46:05.2449241-07:00" endTime="2015-09-28T09:46:05.2449241-07:00" testType="13cdc9d9-ddb5-4fa4-a97d-d965ccfc6d4b" outcome="Passed" testListId="8c84fa94-04c1-424b-9868-57a2d4851a1d" relativeResultsDirectory="fd323b75-5378-4935-82f1-80c7cf77d819" />
    <UnitTestResult executionId="d026712c-a536-4919-a138-f7f0705b6a0d" testId="76405655-8e65-4dad-9f08-d125028ea1f2" testName="TFSTests.Agile.ProductBacklog.IndentContextMenuItemTests VerifyCorrectMenuItemsAreGenerated" computerName="TFSBUILD11" duration="00:00:00.0200000" startTime="2015-09-28T09:46:05.2449241-07:00" endTime="2015-09-28T09:46:05.2449241-07:00" testType="13cdc9d9-ddb5-4fa4-a97d-d965ccfc6d4b" outcome="Passed" testListId="8c84fa94-04c1-424b-9868-57a2d4851a1d" relativeResultsDirectory="d026712c-a536-4919-a138-f7f0705b6a0d" />
    <UnitTestResult executionId="71ef155a-905d-4a2f-bdf8-8382bdd9903f" testId="3620add1-9dca-443a-9cf2-538bf4209473" testName="TFSTests.Agile.ProductBacklog.IndentContextMenuItemTests Backlog_IndentContextMenuGridBehavior_ActionIndentsRequirement" computerName="TFSBUILD11" duration="00:00:00.0180000" startTime="2015-09-28T09:46:05.4811790-07:00" endTime="2015-09-28T09:46:05.4811790-07:00" testType="13cdc9d9-ddb5-4fa4-a97d-d965ccfc6d4b" outcome="Passed" testListId="8c84fa94-04c1-424b-9868-57a2d4851a1d" relativeResultsDirectory="71ef155a-905d-4a2f-bdf8-8382bdd9903f" />
    <UnitTestResult executionId="40465cf5-63e3-495d-8dc6-5ec2e0ac4be9" testId="6598c6d0-a277-4be1-a5f1-5171355abc88" testName="TFSTests.Agile.ProductBacklog.IndentContextMenuItemTests Backlog_IndentContextMenu_SelectionFilterIsCalled" computerName="TFSBUILD11" duration="00:00:00.0170000" startTime="2015-09-28T09:46:05.4811790-07:00" endTime="2015-09-28T09:46:05.4811790-07:00" testType="13cdc9d9-ddb5-4fa4-a97d-d965ccfc6d4b" outcome="Passed" testListId="8c84fa94-04c1-424b-9868-57a2d4851a1d" relativeResultsDirectory="40465cf5-63e3-495d-8dc6-5ec2e0ac4be9" />
    <UnitTestResult executionId="bf3e78e2-0513-44b1-ae47-52b686f900ad" testId="7e6c0b82-b10b-4801-b7a3-55678d1461e7" testName="TFSTests.Agile.ProductBacklog.ContextMenuTests VerifyBulkEditContextMenu" computerName="TFSBUILD11" duration="00:00:00.0190000" startTime="2015-09-28T09:46:05.4811790-07:00" endTime="2015-09-28T09:46:05.4811790-07:00" testType="13cdc9d9-ddb5-4fa4-a97d-d965ccfc6d4b" outcome="Passed" testListId="8c84fa94-04c1-424b-9868-57a2d4851a1d" relativeResultsDirectory="bf3e78e2-0513-44b1-ae47-52b686f900ad" />
    <UnitTestResult executionId="e0249b15-b539-46b7-a432-955ed1cb8eb2" testId="b0c6e7d5-19e9-4515-96b8-7ed8da3461c9" testName="TFSTests.Agile.ProductBacklog.ContextMenuTests VerifyAddChildTaskGridBehavior_GetItems" computerName="TFSBUILD11" duration="00:00:00.0620000" startTime="2015-09-28T09:46:05.4811790-07:00" endTime="2015-09-28T09:46:05.4811790-07:00" testType="13cdc9d9-ddb5-4fa4-a97d-d965ccfc6d4b" outcome="Passed" testListId="8c84fa94-04c1-424b-9868-57a2d4851a1d" relativeResultsDirectory="e0249b15-b539-46b7-a432-955ed1cb8eb2" />
    <UnitTestResult executionId="2ac9b9dc-2f76-47d7-9724-a2a570afb8d4" testId="13e2fd9f-0922-4953-8f6f-fd7688bd8277" testName="TFSTests.Agile.ProductBacklog.ContextMenuTests VerifyOpenWorkItemContextMenuItem" computerName="TFSBUILD11" duration="00:00:00.0160000" startTime="2015-09-28T09:46:05.4811790-07:00" endTime="2015-09-28T09:46:05.4811790-07:00" testType="13cdc9d9-ddb5-4fa4-a97d-d965ccfc6d4b" outcome="Passed" testListId="8c84fa94-04c1-424b-9868-57a2d4851a1d" relativeResultsDirectory="2ac9b9dc-2f76-47d7-9724-a2a570afb8d4" />
    <UnitTestResult executionId="b80772a9-ba0e-4761-9501-c9b632187063" testId="bcce043d-c632-483b-91f2-f87c6f774a6d" testName="TFSTests.Agile.ProductBacklog.ContextMenuTests Test_CopyAsHtmlContextMenuItem" computerName="TFSBUILD11" duration="00:00:00.0380000" startTime="2015-09-28T09:46:05.4811790-07:00" endTime="2015-09-28T09:46:05.4811790-07:00" testType="13cdc9d9-ddb5-4fa4-a97d-d965ccfc6d4b" outcome="Passed" testListId="8c84fa94-04c1-424b-9868-57a2d4851a1d" relativeResultsDirectory="b80772a9-ba0e-4761-9501-c9b632187063" />
    <UnitTestResult executionId="775e6aaa-0e7e-4eae-b6a5-2b65a50b96a1" testId="0d96ef1f-dc7a-499c-bce6-c3b9353137f2" testName="TFSTests.Agile.ProductBacklog.ContextMenuTests Test_BacklogContextMenuEmail" computerName="TFSBUILD11" duration="00:00:00.0320000" startTime="2015-09-28T09:46:05.4811790-07:00" endTime="2015-09-28T09:46:05.4811790-07:00" testType="13cdc9d9-ddb5-4fa4-a97d-d965ccfc6d4b" outcome="Passed" testListId="8c84fa94-04c1-424b-9868-57a2d4851a1d" relativeResultsDirectory="775e6aaa-0e7e-4eae-b6a5-2b65a50b96a1" />
    <UnitTestResult executionId="3d22948d-078d-4588-8f92-df097f6eb160" testId="ecc6f7f9-a3f1-40b0-8bd4-2df9ae1b5d2c" testName="TFSTests.Agile.ProductBacklog.ContextMenuTests Test_AssignToContextMenuItem_Presence" computerName="TFSBUILD11" duration="00:00:00.0180000" startTime="2015-09-28T09:46:05.4811790-07:00" endTime="2015-09-28T09:46:05.4811790-07:00" testType="13cdc9d9-ddb5-4fa4-a97d-d965ccfc6d4b" outcome="Passed" testListId="8c84fa94-04c1-424b-9868-57a2d4851a1d" relativeResultsDirectory="3d22948d-078d-4588-8f92-df097f6eb160" />
    <UnitTestResult executionId="95cc2f80-d7c3-411d-9da5-01c3c66341f7" testId="4a3838fa-5d93-4dac-910d-f4550610cdd3" testName="TFSTests.Agile.ProductBacklog.ContextMenuTests Test_AssignToContextMenuItem_ImmediatelySaves" computerName="TFSBUILD11" duration="00:00:00.0160000" startTime="2015-09-28T09:46:05.4811790-07:00" endTime="2015-09-28T09:46:05.4811790-07:00" testType="13cdc9d9-ddb5-4fa4-a97d-d965ccfc6d4b" outcome="Passed" testListId="8c84fa94-04c1-424b-9868-57a2d4851a1d" relativeResultsDirectory="95cc2f80-d7c3-411d-9da5-01c3c66341f7" />
    <UnitTestResult executionId="4adb8e09-7621-4725-960b-c40824b46d64" testId="a210f7f7-4f6e-4ef3-b108-45b6d7f06f19" testName="TFSTests.Agile.ProductBacklog.ContextMenuTests Test_MoveToPositionContextMenuItem" computerName="TFSBUILD11" duration="00:00:00.0380000" startTime="2015-09-28T09:46:05.8881653-07:00" endTime="2015-09-28T09:46:05.8881653-07:00" testType="13cdc9d9-ddb5-4fa4-a97d-d965ccfc6d4b" outcome="Passed" testListId="8c84fa94-04c1-424b-9868-57a2d4851a1d" relativeResultsDirectory="4adb8e09-7621-4725-960b-c40824b46d64" />
    <UnitTestResult executionId="1068882e-c670-4b24-a396-6a2a6744c693" testId="bb327ff0-0231-497b-978a-0aea39bd7606" testName="TFSTests.Agile.ProductBacklog.ContextMenuTests Test_MoveToPositionContextMenuItemOnIterationBacklog" computerName="TFSBUILD11" duration="00:00:00.0370000" startTime="2015-09-28T09:46:05.8881653-07:00" endTime="2015-09-28T09:46:05.8881653-07:00" testType="13cdc9d9-ddb5-4fa4-a97d-d965ccfc6d4b" outcome="Passed" testListId="8c84fa94-04c1-424b-9868-57a2d4851a1d" relativeResultsDirectory="1068882e-c670-4b24-a396-6a2a6744c693" />
    <UnitTestResult executionId="d041a31a-2b73-4347-a347-4d682757df20" testId="cde0ae84-0485-47fa-9746-edf51586dc2a" testName="TFSTests.Agile.ProductBacklog.ContextMenuTests Test_MoveToPositionContextMenuItem_MoveWorkItemByVisibleOrder_MoveToTop" computerName="TFSBUILD11" duration="00:00:00.1020000" startTime="2015-09-28T09:46:05.8881653-07:00" endTime="2015-09-28T09:46:05.8881653-07:00" testType="13cdc9d9-ddb5-4fa4-a97d-d965ccfc6d4b" outcome="Passed" testListId="8c84fa94-04c1-424b-9868-57a2d4851a1d" relativeResultsDirectory="d041a31a-2b73-4347-a347-4d682757df20" />
    <UnitTestResult executionId="d7ea53fe-2a02-478d-96d3-325b6f106133" testId="df2b9ea8-d3c2-4e48-8a3a-4e60eb5038c6" testName="TFSTests.Agile.ProductBacklog.ContextMenuTests Test_MoveToPositionContextMenuItem_MoveWorkItemByVisibleOrder_MoveUp" computerName="TFSBUILD11" duration="00:00:00.0380000" startTime="2015-09-28T09:46:05.8881653-07:00" endTime="2015-09-28T09:46:05.8881653-07:00" testType="13cdc9d9-ddb5-4fa4-a97d-d965ccfc6d4b" outcome="Passed" testListId="8c84fa94-04c1-424b-9868-57a2d4851a1d" relativeResultsDirectory="d7ea53fe-2a02-478d-96d3-325b6f106133" />
    <UnitTestResult executionId="0e259451-2a23-4d10-8d62-db14ee5632c3" testId="25831372-24d6-447b-89c7-4c245793a741" testName="TFSTests.Agile.ProductBacklog.ContextMenuTests Test_MoveToPositionContextMenuItem_MoveWorkItemByVisibleOrder_MoveToBottom" computerName="TFSBUILD11" duration="00:00:00.0310000" startTime="2015-09-28T09:46:05.8881653-07:00" endTime="2015-09-28T09:46:05.8881653-07:00" testType="13cdc9d9-ddb5-4fa4-a97d-d965ccfc6d4b" outcome="Passed" testListId="8c84fa94-04c1-424b-9868-57a2d4851a1d" relativeResultsDirectory="0e259451-2a23-4d10-8d62-db14ee5632c3" />
    <UnitTestResult executionId="d678ff6d-b376-4aec-a840-e9e3dcecbb39" testId="c4f84b23-f09c-4ef8-8f83-1ccf0d386c48" testName="TFSTests.Agile.ProductBacklog.ContextMenuTests Test_MoveToPositionContextMenuItem_MoveWorkItemByVisibleOrder_MoveDown" computerName="TFSBUILD11" duration="00:00:00.0470000" startTime="2015-09-28T09:46:05.8881653-07:00" endTime="2015-09-28T09:46:05.8881653-07:00" testType="13cdc9d9-ddb5-4fa4-a97d-d965ccfc6d4b" outcome="Passed" testListId="8c84fa94-04c1-424b-9868-57a2d4851a1d" relativeResultsDirectory="d678ff6d-b376-4aec-a840-e9e3dcecbb39" />
    <UnitTestResult executionId="26e685f2-ba33-423d-a828-8697d4334d81" testId="b183b8ab-9434-43a6-b3eb-c2e2cec7199b" testName="TFSTests.Agile.ProductBacklog.ContextMenuTests Test_MoveToPositionContextMenuItem_MoveWorkItemByVisibleOrder_MoveChildToAncestorOrder" computerName="TFSBUILD11" duration="00:00:00.0380000" startTime="2015-09-28T09:46:05.8881653-07:00" endTime="2015-09-28T09:46:05.8881653-07:00" testType="13cdc9d9-ddb5-4fa4-a97d-d965ccfc6d4b" outcome="Passed" testListId="8c84fa94-04c1-424b-9868-57a2d4851a1d" relativeResultsDirectory="26e685f2-ba33-423d-a828-8697d4334d81" />
    <UnitTestResult executionId="3c1a86d7-516c-4ce1-83da-ae4d897224a5" testId="1b1035b6-d503-45e3-b59e-ea9f6bc3e125" testName="TFSTests.Agile.ProductBacklog.ContextMenuTests Test_MoveToPositionContextMenuItem_MoveWorkItemByVisibleOrder_MoveChildUpAboveAncestor" computerName="TFSBUILD11" duration="00:00:00.0360000" startTime="2015-09-28T09:46:05.8881653-07:00" endTime="2015-09-28T09:46:05.8881653-07:00" testType="13cdc9d9-ddb5-4fa4-a97d-d965ccfc6d4b" outcome="Passed" testListId="8c84fa94-04c1-424b-9868-57a2d4851a1d" relativeResultsDirectory="3c1a86d7-516c-4ce1-83da-ae4d897224a5" />
    <UnitTestResult executionId="c33fba86-a2c6-4864-981a-70cdd927c795" testId="210085bb-7db8-4bbb-ae0b-8b673f3624c3" testName="TFSTests.Agile.ProductBacklog.ContextMenuTests Test_MoveToPositionContextMenuItem_MoveWorkItemByVisibleOrder_MoveChildDown" computerName="TFSBUILD11" duration="00:00:00.0360000" startTime="2015-09-28T09:46:05.8881653-07:00" endTime="2015-09-28T09:46:05.8881653-07:00" testType="13cdc9d9-ddb5-4fa4-a97d-d965ccfc6d4b" outcome="Passed" testListId="8c84fa94-04c1-424b-9868-57a2d4851a1d" relativeResultsDirectory="c33fba86-a2c6-4864-981a-70cdd927c795" />
    <UnitTestResult executionId="93e3a149-2213-49fa-948a-7a0fac3565dd" testId="22f21154-813a-411a-80b2-41ffedba116e" testName="TFSTests.Agile.ProductBacklog.ContextMenuTests Test_MoveToPositionContextMenuItem_MoveWorkItemByVisibleOrder_MoveSelectedItemsDown" computerName="TFSBUILD11" duration="00:00:00.0340000" startTime="2015-09-28T09:46:06.1960727-07:00" endTime="2015-09-28T09:46:06.1960727-07:00" testType="13cdc9d9-ddb5-4fa4-a97d-d965ccfc6d4b" outcome="Passed" testListId="8c84fa94-04c1-424b-9868-57a2d4851a1d" relativeResultsDirectory="93e3a149-2213-49fa-948a-7a0fac3565dd" />
    <UnitTestResult executionId="66d5d611-c923-4c76-860c-0a551708cdf5" testId="78191ec3-a230-453a-95b3-b2320bf5cd03" testName="TFSTests.Agile.ProductBacklog.ContextMenuTests Test_MoveToPositionContextMenuItem_MoveWorkItemByVisibleOrder_MoveSelectedItemsMixed" computerName="TFSBUILD11" duration="00:00:00.0310000" startTime="2015-09-28T09:46:06.1960727-07:00" endTime="2015-09-28T09:46:06.1960727-07:00" testType="13cdc9d9-ddb5-4fa4-a97d-d965ccfc6d4b" outcome="Passed" testListId="8c84fa94-04c1-424b-9868-57a2d4851a1d" relativeResultsDirectory="66d5d611-c923-4c76-860c-0a551708cdf5" />
    <UnitTestResult executionId="8db6f223-4aa5-4488-b616-9918c3c8c830" testId="36c61080-6c01-40ed-a20a-09e19b679df5" testName="TFSTests.Agile.ProductBacklog.ContextMenuTests Test_MoveToPositionContextMenuItem_MoveWorkItemByVisibleOrder_MoveSelectedItemsUp" computerName="TFSBUILD11" duration="00:00:00.0370000" startTime="2015-09-28T09:46:06.1960727-07:00" endTime="2015-09-28T09:46:06.1960727-07:00" testType="13cdc9d9-ddb5-4fa4-a97d-d965ccfc6d4b" outcome="Passed" testListId="8c84fa94-04c1-424b-9868-57a2d4851a1d" relativeResultsDirectory="8db6f223-4aa5-4488-b616-9918c3c8c830" />
    <UnitTestResult executionId="d21e1514-4ae0-4176-9f75-c597a9abee38" testId="abb25ee1-d937-48c3-8ed9-5e27730405cf" testName="TFSTests.Agile.ProductBacklog.ContextMenuTests Test_MoveToPositionContextMenuItem_MoveWorkItemByVisibleOrder_MoveSelectedItemsWithinSelection" computerName="TFSBUILD11" duration="00:00:00.0310000" startTime="2015-09-28T09:46:06.1960727-07:00" endTime="2015-09-28T09:46:06.1960727-07:00" testType="13cdc9d9-ddb5-4fa4-a97d-d965ccfc6d4b" outcome="Passed" testListId="8c84fa94-04c1-424b-9868-57a2d4851a1d" relativeResultsDirectory="d21e1514-4ae0-4176-9f75-c597a9abee38" />
    <UnitTestResult executionId="3961f8c4-2077-4d13-898d-de7df6699460" testId="8d1c5b8d-c884-45e2-a8a9-08f2a50fa6dd" testName="TFSTests.Agile.ProductBacklog.ContextMenuTests Test_MoveToPositionContextMenuItem_MoveWorkItemByVisibleOrder_MoveSelectedItemsWithinSelectionToInvalidOrder" computerName="TFSBUILD11" duration="00:00:00.0340000" startTime="2015-09-28T09:46:06.1970728-07:00" endTime="2015-09-28T09:46:06.1970728-07:00" testType="13cdc9d9-ddb5-4fa4-a97d-d965ccfc6d4b" outcome="Passed" testListId="8c84fa94-04c1-424b-9868-57a2d4851a1d" relativeResultsDirectory="3961f8c4-2077-4d13-898d-de7df6699460" />
    <UnitTestResult executionId="ba3e903c-223c-4ca7-a270-19c55348c5fa" testId="26c8b5c0-6698-4ba8-b7cc-d5015ba0b36b" testName="TFSTests.Agile.ProductBacklog.ContextMenuTests Test_MoveToPositionContextMenuItem_MoveWorkItemByVisibleOrder_MoveAllItemsToTopOrder" computerName="TFSBUILD11" duration="00:00:00.0370000" startTime="2015-09-28T09:46:06.1970728-07:00" endTime="2015-09-28T09:46:06.1970728-07:00" testType="13cdc9d9-ddb5-4fa4-a97d-d965ccfc6d4b" outcome="Passed" testListId="8c84fa94-04c1-424b-9868-57a2d4851a1d" relativeResultsDirectory="ba3e903c-223c-4ca7-a270-19c55348c5fa" />
    <UnitTestResult executionId="ee708cbf-85e3-45b8-a92b-daa0ae17dc76" testId="5af641c1-99fb-41f0-9238-50b2da9cc75c" testName="TFSTests.Agile.ProductBacklog.ContextMenuTests Test_MoveToPositionContextMenuItem_MoveWorkItemByVisibleOrder_MoveAllItemsToOrder" computerName="TFSBUILD11" duration="00:00:00.0360000" startTime="2015-09-28T09:46:06.1970728-07:00" endTime="2015-09-28T09:46:06.1970728-07:00" testType="13cdc9d9-ddb5-4fa4-a97d-d965ccfc6d4b" outcome="Passed" testListId="8c84fa94-04c1-424b-9868-57a2d4851a1d" relativeResultsDirectory="ee708cbf-85e3-45b8-a92b-daa0ae17dc76" />
    <UnitTestResult executionId="55aa4ac1-2965-47da-ac20-f5dd1df716a1" testId="5d0a20a3-4b68-44bf-a5f2-8eeb3b3d6932" testName="TFSTests.Agile.ProductBacklog.ContextMenuTests Test_MoveToPositionContextMenuItem_MoveWorkItemByVisibleOrder_MoveAllWithDescendantItemsToOrder" computerName="TFSBUILD11" duration="00:00:00.0340000" startTime="2015-09-28T09:46:06.1970728-07:00" endTime="2015-09-28T09:46:06.1970728-07:00" testType="13cdc9d9-ddb5-4fa4-a97d-d965ccfc6d4b" outcome="Passed" testListId="8c84fa94-04c1-424b-9868-57a2d4851a1d" relativeResultsDirectory="55aa4ac1-2965-47da-ac20-f5dd1df716a1" />
    <UnitTestResult executionId="dbe0d1ac-22e1-4d81-9793-c4074d95165f" testId="41603ee8-6ed4-40ef-b567-7a0ea1f6c318" testName="TFSTests.Agile.ProductBacklog.ContextMenuTests Test_MoveToPositionContextMenuItem_MoveWorkItemByVisibleOrder_MoveSelectionMixedUp" computerName="TFSBUILD11" duration="00:00:00.0300000" startTime="2015-09-28T09:46:06.1970728-07:00" endTime="2015-09-28T09:46:06.1970728-07:00" testType="13cdc9d9-ddb5-4fa4-a97d-d965ccfc6d4b" outcome="Passed" testListId="8c84fa94-04c1-424b-9868-57a2d4851a1d" relativeResultsDirectory="dbe0d1ac-22e1-4d81-9793-c4074d95165f" />
    <UnitTestResult executionId="7ba4f3b6-3b19-4326-84e5-39b8698dbd58" testId="49677d31-e791-49f0-9f03-9654776840e7" testName="TFSTests.Agile.ProductBacklog.ContextMenuTests Test_MoveToPositionContextMenuItem_MoveWorkItemByVisibleOrder_MoveSelectionToEnd" computerName="TFSBUILD11" duration="00:00:00.0330000" startTime="2015-09-28T09:46:06.4020859-07:00" endTime="2015-09-28T09:46:06.4020859-07:00" testType="13cdc9d9-ddb5-4fa4-a97d-d965ccfc6d4b" outcome="Passed" testListId="8c84fa94-04c1-424b-9868-57a2d4851a1d" relativeResultsDirectory="7ba4f3b6-3b19-4326-84e5-39b8698dbd58" />
    <UnitTestResult executionId="733baf22-8482-4c66-ab46-33240a45757d" testId="c0afc37a-a9d5-4797-9029-46fc07377765" testName="TFSTests.Agile.ProductBacklog.ContextMenuTests Test_MoveToPositionContextMenuItem_MoveWorkItemByVisibleOrder_MoveSelectionToTop" computerName="TFSBUILD11" duration="00:00:00.0350000" startTime="2015-09-28T09:46:06.4020859-07:00" endTime="2015-09-28T09:46:06.4020859-07:00" testType="13cdc9d9-ddb5-4fa4-a97d-d965ccfc6d4b" outcome="Passed" testListId="8c84fa94-04c1-424b-9868-57a2d4851a1d" relativeResultsDirectory="733baf22-8482-4c66-ab46-33240a45757d" />
    <UnitTestResult executionId="c5710c46-9a26-4720-ac30-e9d67d829c12" testId="16eefe42-221e-4b36-a975-3e7170b304de" testName="TFSTests.Agile.ProductBacklog.DataManager getChildrenWorkItemIds_Basic" computerName="TFSBUILD11" duration="00:00:00.0280000" startTime="2015-09-28T09:46:06.4030863-07:00" endTime="2015-09-28T09:46:06.4030863-07:00" testType="13cdc9d9-ddb5-4fa4-a97d-d965ccfc6d4b" outcome="Passed" testListId="8c84fa94-04c1-424b-9868-57a2d4851a1d" relativeResultsDirectory="c5710c46-9a26-4720-ac30-e9d67d829c12" />
    <UnitTestResult executionId="bd256643-7f2c-40f0-884c-49f8daa21498" testId="cfd867b0-5f66-4e3f-9291-c3b4da0ea182" testName="TFSTests.Agile.ProductBacklog.DataManager getChildrenWorkItemIds_EmptyGrid" computerName="TFSBUILD11" duration="00:00:00.0260000" startTime="2015-09-28T09:46:06.4030863-07:00" endTime="2015-09-28T09:46:06.4030863-07:00" testType="13cdc9d9-ddb5-4fa4-a97d-d965ccfc6d4b" outcome="Passed" testListId="8c84fa94-04c1-424b-9868-57a2d4851a1d" relativeResultsDirectory="bd256643-7f2c-40f0-884c-49f8daa21498" />
    <UnitTestResult executionId="8c9a9038-2989-4bb6-a757-95dde04cefc0" testId="77826052-8da3-47ac-8ed9-a1d26634978c" testName="TFSTests.Agile.ProductBacklog.DataManager getChildrenWorkItemIds_Errors" computerName="TFSBUILD11" duration="00:00:00.0230000" startTime="2015-09-28T09:46:06.4030863-07:00" endTime="2015-09-28T09:46:06.4030863-07:00" testType="13cdc9d9-ddb5-4fa4-a97d-d965ccfc6d4b" outcome="Passed" testListId="8c84fa94-04c1-424b-9868-57a2d4851a1d" relativeResultsDirectory="8c9a9038-2989-4bb6-a757-95dde04cefc0" />
    <UnitTestResult executionId="f7f88b51-2e0a-4a7e-bc68-60645246dacb" testId="51fd4ff5-6693-47ca-9d0e-c97bce0fb6c1" testName="TFSTests.Agile.ProductBacklog.DataManager addWorkItem_InsertAtSpecificOrder" computerName="TFSBUILD11" duration="00:00:00.0160000" startTime="2015-09-28T09:46:06.4030863-07:00" endTime="2015-09-28T09:46:06.4030863-07:00" testType="13cdc9d9-ddb5-4fa4-a97d-d965ccfc6d4b" outcome="Passed" testListId="8c84fa94-04c1-424b-9868-57a2d4851a1d" relativeResultsDirectory="f7f88b51-2e0a-4a7e-bc68-60645246dacb" />
    <UnitTestResult executionId="0214d281-647c-430a-9ac9-049c756c060d" testId="372d849b-5cec-499e-8e3f-e5cbd487eefd" testName="TFSTests.Agile.ProductBacklog.DataManager addWorkItem_InsertAtLastIndex" computerName="TFSBUILD11" duration="00:00:00.0150000" startTime="2015-09-28T09:46:06.4030863-07:00" endTime="2015-09-28T09:46:06.4030863-07:00" testType="13cdc9d9-ddb5-4fa4-a97d-d965ccfc6d4b" outcome="Passed" testListId="8c84fa94-04c1-424b-9868-57a2d4851a1d" relativeResultsDirectory="0214d281-647c-430a-9ac9-049c756c060d" />
    <UnitTestResult executionId="121234a8-052f-4755-ad45-04f34bd3902d" testId="ea48437e-dbf3-4422-ae12-76e5e8d6ca1d" testName="TFSTests.Agile.ProductBacklog.DataManager moveWorkItems_ReparentSingleWorkItem_WithPreviousId" computerName="TFSBUILD11" duration="00:00:00.0160000" startTime="2015-09-28T09:46:06.4030863-07:00" endTime="2015-09-28T09:46:06.4030863-07:00" testType="13cdc9d9-ddb5-4fa4-a97d-d965ccfc6d4b" outcome="Passed" testListId="8c84fa94-04c1-424b-9868-57a2d4851a1d" relativeResultsDirectory="121234a8-052f-4755-ad45-04f34bd3902d" />
    <UnitTestResult executionId="eb70d429-5bbb-4fee-837f-2dc4164982d8" testId="d4afe750-77b9-4a3f-92fc-e133fadaf374" testName="TFSTests.Agile.ProductBacklog.DataManager moveWorkItems_ReparentSingleWorkItem_WithNextId" computerName="TFSBUILD11" duration="00:00:00.0160000" startTime="2015-09-28T09:46:06.4030863-07:00" endTime="2015-09-28T09:46:06.4030863-07:00" testType="13cdc9d9-ddb5-4fa4-a97d-d965ccfc6d4b" outcome="Passed" testListId="8c84fa94-04c1-424b-9868-57a2d4851a1d" relativeResultsDirectory="eb70d429-5bbb-4fee-837f-2dc4164982d8" />
    <UnitTestResult executionId="bafcc6cc-58b7-43de-b130-b45df2342e19" testId="6b6f19de-6b2a-49f2-b123-6e5522e8b497" testName="TFSTests.Agile.ProductBacklog.DataManager moveWorkItems_ReparentSingleWorkItem_NextAndPreviousId" computerName="TFSBUILD11" duration="00:00:00.0160000" startTime="2015-09-28T09:46:06.5462545-07:00" endTime="2015-09-28T09:46:06.5462545-07:00" testType="13cdc9d9-ddb5-4fa4-a97d-d965ccfc6d4b" outcome="Passed" testListId="8c84fa94-04c1-424b-9868-57a2d4851a1d" relativeResultsDirectory="bafcc6cc-58b7-43de-b130-b45df2342e19" />
    <UnitTestResult executionId="bd252a1e-db98-483a-8fff-22240dddf345" testId="9eb6fb97-d3e8-4a68-bb55-9a700682306a" testName="TFSTests.Agile.ProductBacklog.DataManager moveWorkItems_ReparentAndReorderMultipleWorkItems_WithPreviousId" computerName="TFSBUILD11" duration="00:00:00.0150000" startTime="2015-09-28T09:46:06.5462545-07:00" endTime="2015-09-28T09:46:06.5462545-07:00" testType="13cdc9d9-ddb5-4fa4-a97d-d965ccfc6d4b" outcome="Passed" testListId="8c84fa94-04c1-424b-9868-57a2d4851a1d" relativeResultsDirectory="bd252a1e-db98-483a-8fff-22240dddf345" />
    <UnitTestResult executionId="cce9a16f-8cdf-40da-8ff0-2b6c26f4b955" testId="269f203f-4d22-4fea-936b-2d4a16579f39" testName="TFSTests.Agile.ProductBacklog.DataManager moveWorkItems_ReparentAndReorderMultipleWorkItems_WithNextId" computerName="TFSBUILD11" duration="00:00:00.0160000" startTime="2015-09-28T09:46:06.5462545-07:00" endTime="2015-09-28T09:46:06.5462545-07:00" testType="13cdc9d9-ddb5-4fa4-a97d-d965ccfc6d4b" outcome="Passed" testListId="8c84fa94-04c1-424b-9868-57a2d4851a1d" relativeResultsDirectory="cce9a16f-8cdf-40da-8ff0-2b6c26f4b955" />
    <UnitTestResult executionId="ae63e13d-4efc-4cc0-a411-8752575064aa" testId="f1ac58b2-f914-47b8-994b-67fb0f12aa79" testName="TFSTests.Agile.ProductBacklog.DataManager moveWorkItems_ReparentAndReorderMultipleWorkItemsWithDescendants" computerName="TFSBUILD11" duration="00:00:00.0150000" startTime="2015-09-28T09:46:06.5472549-07:00" endTime="2015-09-28T09:46:06.5472549-07:00" testType="13cdc9d9-ddb5-4fa4-a97d-d965ccfc6d4b" outcome="Passed" testListId="8c84fa94-04c1-424b-9868-57a2d4851a1d" relativeResultsDirectory="ae63e13d-4efc-4cc0-a411-8752575064aa" />
    <UnitTestResult executionId="9fcec086-b295-485d-b36b-0f4bc59d807e" testId="8ae7079a-18f9-499a-99c6-e5bef7e2d90f" testName="TFSTests.Agile.ProductBacklog.DataManager moveWorkItems_ReparentAndReorderMultipleWorkItemsWithDescendantsOnDifferentLevels" computerName="TFSBUILD11" duration="00:00:00.0160000" startTime="2015-09-28T09:46:06.5472549-07:00" endTime="2015-09-28T09:46:06.5472549-07:00" testType="13cdc9d9-ddb5-4fa4-a97d-d965ccfc6d4b" outcome="Passed" testListId="8c84fa94-04c1-424b-9868-57a2d4851a1d" relativeResultsDirectory="9fcec086-b295-485d-b36b-0f4bc59d807e" />
    <UnitTestResult executionId="8c3dcc1f-6567-472f-84f7-60a32299b89e" testId="17c65037-8869-4ddd-884c-cdce93cd0877" testName="TFSTests.Agile.ProductBacklog.DataManager moveWorkItems_ReparentWorkItemNestedHierarchy" computerName="TFSBUILD11" duration="00:00:00.0160000" startTime="2015-09-28T09:46:06.5472549-07:00" endTime="2015-09-28T09:46:06.5472549-07:00" testType="13cdc9d9-ddb5-4fa4-a97d-d965ccfc6d4b" outcome="Passed" testListId="8c84fa94-04c1-424b-9868-57a2d4851a1d" relativeResultsDirectory="8c3dcc1f-6567-472f-84f7-60a32299b89e" />
    <UnitTestResult executionId="77e055ad-6b89-46d4-b8ae-4e7fb858b96c" testId="0fc675b5-9d0d-4475-ab9d-753f9cbe0fd7" testName="TFSTests.Agile.ProductBacklog.DataManager moveWorkItems_ReorderMultipleWorkItems_TargetBelow" computerName="TFSBUILD11" duration="00:00:00.0160000" startTime="2015-09-28T09:46:06.5472549-07:00" endTime="2015-09-28T09:46:06.5472549-07:00" testType="13cdc9d9-ddb5-4fa4-a97d-d965ccfc6d4b" outcome="Passed" testListId="8c84fa94-04c1-424b-9868-57a2d4851a1d" relativeResultsDirectory="77e055ad-6b89-46d4-b8ae-4e7fb858b96c" />
    <UnitTestResult executionId="3babd45f-8cfb-4e81-8911-618feefb9ea4" testId="1bfd358e-b8eb-4659-94dc-28fdb180b0bb" testName="TFSTests.Agile.ProductBacklog.DataManager moveWorkItems_ReorderMultipleWorkItems_TargetAbove" computerName="TFSBUILD11" duration="00:00:00.0160000" startTime="2015-09-28T09:46:06.5482556-07:00" endTime="2015-09-28T09:46:06.5482556-07:00" testType="13cdc9d9-ddb5-4fa4-a97d-d965ccfc6d4b" outcome="Passed" testListId="8c84fa94-04c1-424b-9868-57a2d4851a1d" relativeResultsDirectory="3babd45f-8cfb-4e81-8911-618feefb9ea4" />
    <UnitTestResult executionId="b91e34c6-bb5c-475b-852d-787a94e7354e" testId="0c492248-e751-4903-b891-e2cce7f637bc" testName="TFSTests.Agile.ProductBacklog.DataManager moveWorkItems_ReparentAndReorderMultipleWorkItemsUnderSameAndDifferentParent" computerName="TFSBUILD11" duration="00:00:00.0150000" startTime="2015-09-28T09:46:06.5482556-07:00" endTime="2015-09-28T09:46:06.5482556-07:00" testType="13cdc9d9-ddb5-4fa4-a97d-d965ccfc6d4b" outcome="Passed" testListId="8c84fa94-04c1-424b-9868-57a2d4851a1d" relativeResultsDirectory="b91e34c6-bb5c-475b-852d-787a94e7354e" />
    <UnitTestResult executionId="357e2df3-fd80-4dcd-9be0-fa0a66467d69" testId="fc20a8b8-5f1a-476c-865e-ed428af2a89b" testName="TFSTests.Agile.ProductBacklog.DataManager moveWorkItems_ReorderMultipleWorkItemsFlatBacklog" computerName="TFSBUILD11" duration="00:00:00.0160000" startTime="2015-09-28T09:46:06.6913132-07:00" endTime="2015-09-28T09:46:06.6913132-07:00" testType="13cdc9d9-ddb5-4fa4-a97d-d965ccfc6d4b" outcome="Passed" testListId="8c84fa94-04c1-424b-9868-57a2d4851a1d" relativeResultsDirectory="357e2df3-fd80-4dcd-9be0-fa0a66467d69" />
    <UnitTestResult executionId="3b41ba1b-a847-4e9b-92cb-a92ea463d468" testId="00a53861-409b-4a48-a06a-6c190e28857b" testName="TFSTests.Agile.ProductBacklog.DataManager moveWorkItems_ReorderMultipleRootLevelItemsHierarchicalBacklog" computerName="TFSBUILD11" duration="00:00:00.0160000" startTime="2015-09-28T09:46:06.6913132-07:00" endTime="2015-09-28T09:46:06.6913132-07:00" testType="13cdc9d9-ddb5-4fa4-a97d-d965ccfc6d4b" outcome="Passed" testListId="8c84fa94-04c1-424b-9868-57a2d4851a1d" relativeResultsDirectory="3b41ba1b-a847-4e9b-92cb-a92ea463d468" />
    <UnitTestResult executionId="8751adbb-7e4f-4613-87bc-91086fe7aa1f" testId="3e5a2859-00a8-442d-8afe-1769a93a55ca" testName="TFSTests.Agile.ProductBacklog.DataManager getParentIdFromWorkItemId_Basic" computerName="TFSBUILD11" duration="00:00:00.0160000" startTime="2015-09-28T09:46:06.6913132-07:00" endTime="2015-09-28T09:46:06.6913132-07:00" testType="13cdc9d9-ddb5-4fa4-a97d-d965ccfc6d4b" outcome="Passed" testListId="8c84fa94-04c1-424b-9868-57a2d4851a1d" relativeResultsDirectory="8751adbb-7e4f-4613-87bc-91086fe7aa1f" />
    <UnitTestResult executionId="8c75692a-9ecb-496f-8440-55d1122a75e4" testId="aa25554b-476f-490d-91b4-32648ab1c8d3" testName="TFSTests.Agile.ProductBacklog.MappingTests singleWillDoNothingForUnchangedParent" computerName="TFSBUILD11" duration="00:00:00.0170000" startTime="2015-09-28T09:46:06.6913132-07:00" endTime="2015-09-28T09:46:06.6913132-07:00" testType="13cdc9d9-ddb5-4fa4-a97d-d965ccfc6d4b" outcome="Passed" testListId="8c84fa94-04c1-424b-9868-57a2d4851a1d" relativeResultsDirectory="8c75692a-9ecb-496f-8440-55d1122a75e4" />
    <UnitTestResult executionId="b659b83e-ff16-4425-9c49-1ebec3bb9d37" testId="8d0b7170-7aa0-45f4-8c75-c8893f9aff45" testName="TFSTests.Agile.ProductBacklog.MappingTests singleWillReparentToExistingItemInTree" computerName="TFSBUILD11" duration="00:00:00.0160000" startTime="2015-09-28T09:46:06.6913132-07:00" endTime="2015-09-28T09:46:06.6913132-07:00" testType="13cdc9d9-ddb5-4fa4-a97d-d965ccfc6d4b" outcome="Passed" testListId="8c84fa94-04c1-424b-9868-57a2d4851a1d" relativeResultsDirectory="b659b83e-ff16-4425-9c49-1ebec3bb9d37" />
    <UnitTestResult executionId="a92459e6-2167-4083-8464-2c74d8c044a7" testId="416ecd26-9ae6-43fd-ad57-d45f8220488e" testName="TFSTests.Agile.ProductBacklog.MappingTests singleWillBringInNewSingleParent" computerName="TFSBUILD11" duration="00:00:00.0170000" startTime="2015-09-28T09:46:06.6923133-07:00" endTime="2015-09-28T09:46:06.6913132-07:00" testType="13cdc9d9-ddb5-4fa4-a97d-d965ccfc6d4b" outcome="Passed" testListId="8c84fa94-04c1-424b-9868-57a2d4851a1d" relativeResultsDirectory="a92459e6-2167-4083-8464-2c74d8c044a7" />
    <UnitTestResult executionId="75ea8c75-c59d-42c9-a547-a3bd275bf552" testId="cdf31cbb-da6d-4830-a582-8a12a02f70a8" testName="TFSTests.Agile.ProductBacklog.MappingTests singleWillBringInNewParentHierarchy" computerName="TFSBUILD11" duration="00:00:00.0150000" startTime="2015-09-28T09:46:06.6923133-07:00" endTime="2015-09-28T09:46:06.6923133-07:00" testType="13cdc9d9-ddb5-4fa4-a97d-d965ccfc6d4b" outcome="Passed" testListId="8c84fa94-04c1-424b-9868-57a2d4851a1d" relativeResultsDirectory="75ea8c75-c59d-42c9-a547-a3bd275bf552" />
    <UnitTestResult executionId="8fa65f35-0fe5-4b9d-a1c7-c320885736f9" testId="88eba194-053e-47d9-b251-b8631bffeca6" testName="TFSTests.Agile.ProductBacklog.MappingTests singleWillBringInPartialParentHierarchy" computerName="TFSBUILD11" duration="00:00:00.0140000" startTime="2015-09-28T09:46:06.6923133-07:00" endTime="2015-09-28T09:46:06.6923133-07:00" testType="13cdc9d9-ddb5-4fa4-a97d-d965ccfc6d4b" outcome="Passed" testListId="8c84fa94-04c1-424b-9868-57a2d4851a1d" relativeResultsDirectory="8fa65f35-0fe5-4b9d-a1c7-c320885736f9" />
    <UnitTestResult executionId="67af5d2c-e9e9-4d18-8c33-bf031e04b936" testId="3ce9e2c7-a1c1-41f2-a6f5-ef6ab60db51a" testName="TFSTests.Agile.ProductBacklog.MappingTests singleWillNotUpdateGridWithoutShowParents" computerName="TFSBUILD11" duration="00:00:00.0150000" startTime="2015-09-28T09:46:06.6923133-07:00" endTime="2015-09-28T09:46:06.6923133-07:00" testType="13cdc9d9-ddb5-4fa4-a97d-d965ccfc6d4b" outcome="Passed" testListId="8c84fa94-04c1-424b-9868-57a2d4851a1d" relativeResultsDirectory="67af5d2c-e9e9-4d18-8c33-bf031e04b936" />
    <UnitTestResult executionId="26664ad5-48d3-4704-8754-c28f5b39b932" testId="49f58f0f-cd9e-46f6-9481-3acbca6e9219" testName="TFSTests.Agile.ProductBacklog.MappingTests singleWillNotAddToGridIfNewParentIsOutsideOfVisibleLevels" computerName="TFSBUILD11" duration="00:00:00.0160000" startTime="2015-09-28T09:46:06.8283676-07:00" endTime="2015-09-28T09:46:06.8283676-07:00" testType="13cdc9d9-ddb5-4fa4-a97d-d965ccfc6d4b" outcome="Passed" testListId="8c84fa94-04c1-424b-9868-57a2d4851a1d" relativeResultsDirectory="26664ad5-48d3-4704-8754-c28f5b39b932" />
    <UnitTestResult executionId="6eee28a5-ce4f-4a97-80c7-39b0a2d0cc9b" testId="b4f39190-3057-4f83-8768-2517cd941828" testName="TFSTests.Agile.ProductBacklog.MappingTests singleWillOnlyAddParensToGridInsideOfVisibleLevels" computerName="TFSBUILD11" duration="00:00:00.0160000" startTime="2015-09-28T09:46:06.8293680-07:00" endTime="2015-09-28T09:46:06.8293680-07:00" testType="13cdc9d9-ddb5-4fa4-a97d-d965ccfc6d4b" outcome="Passed" testListId="8c84fa94-04c1-424b-9868-57a2d4851a1d" relativeResultsDirectory="6eee28a5-ce4f-4a97-80c7-39b0a2d0cc9b" />
    <UnitTestResult executionId="055e9c3e-974b-4f15-a85a-dcfa8c8e4277" testId="b1f0af28-86e3-4bcc-bd50-743fce3ef167" testName="TFSTests.Agile.ProductBacklog.MappingTests multipleItemsWillDoNothingForUnchangedParent" computerName="TFSBUILD11" duration="00:00:00.0160000" startTime="2015-09-28T09:46:06.8293680-07:00" endTime="2015-09-28T09:46:06.8293680-07:00" testType="13cdc9d9-ddb5-4fa4-a97d-d965ccfc6d4b" outcome="Passed" testListId="8c84fa94-04c1-424b-9868-57a2d4851a1d" relativeResultsDirectory="055e9c3e-974b-4f15-a85a-dcfa8c8e4277" />
    <UnitTestResult executionId="bd16adc1-608e-4d29-ba3d-0455b5b0f092" testId="e2f9dbc4-afdf-45c7-be52-e6c13a855757" testName="TFSTests.Agile.ProductBacklog.MappingTests multipleItemsWillReparentToExistingItemInTree" computerName="TFSBUILD11" duration="00:00:00.0140000" startTime="2015-09-28T09:46:06.8293680-07:00" endTime="2015-09-28T09:46:06.8293680-07:00" testType="13cdc9d9-ddb5-4fa4-a97d-d965ccfc6d4b" outcome="Passed" testListId="8c84fa94-04c1-424b-9868-57a2d4851a1d" relativeResultsDirectory="bd16adc1-608e-4d29-ba3d-0455b5b0f092" />
    <UnitTestResult executionId="d4d41051-6d46-40f8-b175-29209c8a3b6c" testId="72b4ef77-e5be-416e-b00f-9575efac85da" testName="TFSTests.Agile.ProductBacklog.MappingTests multipleItemsWillBringInNewSingleParent" computerName="TFSBUILD11" duration="00:00:00.0140000" startTime="2015-09-28T09:46:06.8293680-07:00" endTime="2015-09-28T09:46:06.8293680-07:00" testType="13cdc9d9-ddb5-4fa4-a97d-d965ccfc6d4b" outcome="Passed" testListId="8c84fa94-04c1-424b-9868-57a2d4851a1d" relativeResultsDirectory="d4d41051-6d46-40f8-b175-29209c8a3b6c" />
    <UnitTestResult executionId="ba0d49f9-d896-484f-bdc1-58909b46b1ae" testId="35ce09d2-cbcf-478f-bb98-7dc50aae7bb7" testName="TFSTests.Agile.ProductBacklog.MappingTests multipleItemsWillBringInNewParentHierarchy" computerName="TFSBUILD11" duration="00:00:00.0160000" startTime="2015-09-28T09:46:06.8293680-07:00" endTime="2015-09-28T09:46:06.8293680-07:00" testType="13cdc9d9-ddb5-4fa4-a97d-d965ccfc6d4b" outcome="Passed" testListId="8c84fa94-04c1-424b-9868-57a2d4851a1d" relativeResultsDirectory="ba0d49f9-d896-484f-bdc1-58909b46b1ae" />
    <UnitTestResult executionId="5e21fb2a-6471-465d-a8c7-c40158cedc19" testId="684caad2-51e9-484e-8cbf-d2a28f9ace0e" testName="TFSTests.Agile.ProductBacklog.MappingTests multipleItemsWillBringInPartialParentHierarchy" computerName="TFSBUILD11" duration="00:00:00.0150000" startTime="2015-09-28T09:46:06.8293680-07:00" endTime="2015-09-28T09:46:06.8293680-07:00" testType="13cdc9d9-ddb5-4fa4-a97d-d965ccfc6d4b" outcome="Passed" testListId="8c84fa94-04c1-424b-9868-57a2d4851a1d" relativeResultsDirectory="5e21fb2a-6471-465d-a8c7-c40158cedc19" />
    <UnitTestResult executionId="f743c83b-69be-463c-b843-2a4e34ded44d" testId="85093366-b117-41c3-bf07-4b04d09b3078" testName="TFSTests.Agile.ProductBacklog.MappingTests multipleItemsWillNotUpdateGridWithoutShowParents" computerName="TFSBUILD11" duration="00:00:00.0150000" startTime="2015-09-28T09:46:06.8303684-07:00" endTime="2015-09-28T09:46:06.8303684-07:00" testType="13cdc9d9-ddb5-4fa4-a97d-d965ccfc6d4b" outcome="Passed" testListId="8c84fa94-04c1-424b-9868-57a2d4851a1d" relativeResultsDirectory="f743c83b-69be-463c-b843-2a4e34ded44d" />
    <UnitTestResult executionId="b93eba57-6923-4531-a973-806fa2a05cc8" testId="9b164801-9143-4b0f-838a-71a02e4cc6c2" testName="TFSTests.Agile.ProductBacklog.MappingTests multipleItemsWillNotAddToGridIfNewParentIsOutsideOfVisibleLevels" computerName="TFSBUILD11" duration="00:00:00.0150000" startTime="2015-09-28T09:46:06.8303684-07:00" endTime="2015-09-28T09:46:06.8303684-07:00" testType="13cdc9d9-ddb5-4fa4-a97d-d965ccfc6d4b" outcome="Passed" testListId="8c84fa94-04c1-424b-9868-57a2d4851a1d" relativeResultsDirectory="b93eba57-6923-4531-a973-806fa2a05cc8" />
    <UnitTestResult executionId="3ff59a57-8bcc-41ee-9f8e-0b1e9b75059f" testId="074c5e53-901c-4824-b301-ff7b9550c65c" testName="TFSTests.Agile.ProductBacklog.MappingTests multipleItemsWillOnlyAddParensToGridInsideOfVisibleLevels" computerName="TFSBUILD11" duration="00:00:00.0150000" startTime="2015-09-28T09:46:07.0414532-07:00" endTime="2015-09-28T09:46:07.0414532-07:00" testType="13cdc9d9-ddb5-4fa4-a97d-d965ccfc6d4b" outcome="Passed" testListId="8c84fa94-04c1-424b-9868-57a2d4851a1d" relativeResultsDirectory="3ff59a57-8bcc-41ee-9f8e-0b1e9b75059f" />
    <UnitTestResult executionId="bc501ffb-4ec7-4204-bb3d-77fc45aa755d" testId="55e4ca24-da18-4f17-8682-07b4f6909b55" testName="TFSTests.Agile.Backlog.NewGridReorderBehavior TestNewIterationBacklogGridReorderBehaviorOnFlatBacklog" computerName="TFSBUILD11" duration="00:00:00.0300000" startTime="2015-09-28T09:46:07.0424536-07:00" endTime="2015-09-28T09:46:07.0424536-07:00" testType="13cdc9d9-ddb5-4fa4-a97d-d965ccfc6d4b" outcome="Passed" testListId="8c84fa94-04c1-424b-9868-57a2d4851a1d" relativeResultsDirectory="bc501ffb-4ec7-4204-bb3d-77fc45aa755d" />
    <UnitTestResult executionId="7b9a4736-3270-41b8-a2d6-3a081c8658c5" testId="46750296-13e2-49ce-8841-903b141320fe" testName="TFSTests.Agile.Backlog.NewGridReorderBehavior TestNewIterationBacklogGridReorderBehaviorOnNestedBacklog" computerName="TFSBUILD11" duration="00:00:00.0290000" startTime="2015-09-28T09:46:07.0424536-07:00" endTime="2015-09-28T09:46:07.0424536-07:00" testType="13cdc9d9-ddb5-4fa4-a97d-d965ccfc6d4b" outcome="Passed" testListId="8c84fa94-04c1-424b-9868-57a2d4851a1d" relativeResultsDirectory="7b9a4736-3270-41b8-a2d6-3a081c8658c5" />
    <UnitTestResult executionId="04caf652-9242-47d7-809b-7965fe44b6c1" testId="dabb4dbc-6dbf-48e8-934b-d0a30e428487" testName="TFSTests.Agile.Backlog.NewGridReorderBehavior TestNewGridReorderBehaviorNoLocations" computerName="TFSBUILD11" duration="00:00:00.0290000" startTime="2015-09-28T09:46:07.0424536-07:00" endTime="2015-09-28T09:46:07.0424536-07:00" testType="13cdc9d9-ddb5-4fa4-a97d-d965ccfc6d4b" outcome="Passed" testListId="8c84fa94-04c1-424b-9868-57a2d4851a1d" relativeResultsDirectory="04caf652-9242-47d7-809b-7965fe44b6c1" />
    <UnitTestResult executionId="63de4a29-6f60-48e6-889c-08e2820096f7" testId="95d9e8e9-4f17-407d-8aff-091b5af97451" testName="TFSTests.Agile.Backlog.NewGridReorderBehavior TestNewGridReorderBehaviorOneLocation" computerName="TFSBUILD11" duration="00:00:00.0300000" startTime="2015-09-28T09:46:07.0424536-07:00" endTime="2015-09-28T09:46:07.0424536-07:00" testType="13cdc9d9-ddb5-4fa4-a97d-d965ccfc6d4b" outcome="Passed" testListId="8c84fa94-04c1-424b-9868-57a2d4851a1d" relativeResultsDirectory="63de4a29-6f60-48e6-889c-08e2820096f7" />
    <UnitTestResult executionId="8fe305d8-3647-4438-8846-b1e5f7d4e96b" testId="587f84ea-ea2b-4ce7-985d-964d5a2a0351" testName="TFSTests.Agile.Backlog.NewGridReorderBehavior TestNewGridReorderBehaviorMultipleLocations" computerName="TFSBUILD11" duration="00:00:00.0290000" startTime="2015-09-28T09:46:07.0424536-07:00" endTime="2015-09-28T09:46:07.0424536-07:00" testType="13cdc9d9-ddb5-4fa4-a97d-d965ccfc6d4b" outcome="Passed" testListId="8c84fa94-04c1-424b-9868-57a2d4851a1d" relativeResultsDirectory="8fe305d8-3647-4438-8846-b1e5f7d4e96b" />
    <UnitTestResult executionId="476ff928-90b6-407d-9ed7-0f460e907a26" testId="8a0f3a71-b796-4059-a35b-2316968cf8f2" testName="TFSTests.Agile.Backlog.TopLevelItemsSelectionFilterTests TopLevelItemsSelectionFilterTest_FlatBacklog" computerName="TFSBUILD11" duration="00:00:00.0150000" startTime="2015-09-28T09:46:07.0424536-07:00" endTime="2015-09-28T09:46:07.0424536-07:00" testType="13cdc9d9-ddb5-4fa4-a97d-d965ccfc6d4b" outcome="Passed" testListId="8c84fa94-04c1-424b-9868-57a2d4851a1d" relativeResultsDirectory="476ff928-90b6-407d-9ed7-0f460e907a26" />
    <UnitTestResult executionId="36ce2d5c-bbe5-49a2-8df0-18c33d2c68b0" testId="b2c2e7a7-dbd7-4c3c-b8df-6d69f3504ce5" testName="TFSTests.Agile.Backlog.TopLevelItemsSelectionFilterTests TopLevelItemsSelectionFilterTest_NestedRequirementBacklog" computerName="TFSBUILD11" duration="00:00:00.0160000" startTime="2015-09-28T09:46:07.0434540-07:00" endTime="2015-09-28T09:46:07.0434540-07:00" testType="13cdc9d9-ddb5-4fa4-a97d-d965ccfc6d4b" outcome="Passed" testListId="8c84fa94-04c1-424b-9868-57a2d4851a1d" relativeResultsDirectory="36ce2d5c-bbe5-49a2-8df0-18c33d2c68b0" />
    <UnitTestResult executionId="511bccc6-1596-44b3-a978-686ab2c40dc9" testId="43bd60ab-80d7-4120-82cb-a5d7f9afcfb8" testName="TFSTests.Agile.Backlog.TopLevelItemsSelectionFilterTests TopLevelItemsSelectionFilterTest_NestedRequirementBacklogWithUnparentedRow" computerName="TFSBUILD11" duration="00:00:00.0170000" startTime="2015-09-28T09:46:07.0434540-07:00" endTime="2015-09-28T09:46:07.0434540-07:00" testType="13cdc9d9-ddb5-4fa4-a97d-d965ccfc6d4b" outcome="Passed" testListId="8c84fa94-04c1-424b-9868-57a2d4851a1d" relativeResultsDirectory="511bccc6-1596-44b3-a978-686ab2c40dc9" />
    <UnitTestResult executionId="c8e90e43-8a4a-46ee-ac40-73db8bedcb8d" testId="12363728-99b7-4b03-becf-beb588fd5156" testName="TFSTests.Agile.Backlog.TopLevelItemsSelectionFilterTests TopLevelItemsSelectionFilterTest_InvalidHierarchy" computerName="TFSBUILD11" duration="00:00:00.0160000" startTime="2015-09-28T09:46:07.1775126-07:00" endTime="2015-09-28T09:46:07.1775126-07:00" testType="13cdc9d9-ddb5-4fa4-a97d-d965ccfc6d4b" outcome="Passed" testListId="8c84fa94-04c1-424b-9868-57a2d4851a1d" relativeResultsDirectory="c8e90e43-8a4a-46ee-ac40-73db8bedcb8d" />
    <UnitTestResult executionId="f46575f9-9a07-4a31-b91c-482d704f6872" testId="79ae85c6-00d3-4ec7-9b69-dbbd12f87e04" testName="TFSTests.Agile.Backlog.TopLevelItemsSelectionFilterTests TopLevelItemsSelectionFilterTest_SameTypeHierarchy" computerName="TFSBUILD11" duration="00:00:00.0160000" startTime="2015-09-28T09:46:07.1775126-07:00" endTime="2015-09-28T09:46:07.1775126-07:00" testType="13cdc9d9-ddb5-4fa4-a97d-d965ccfc6d4b" outcome="Passed" testListId="8c84fa94-04c1-424b-9868-57a2d4851a1d" relativeResultsDirectory="f46575f9-9a07-4a31-b91c-482d704f6872" />
    <UnitTestResult executionId="e4e9e45e-0e2a-4963-b2c3-0073c5b19ea8" testId="6fb8874e-9211-4aac-b0aa-9e7bfb2cc924" testName="TFSTests.Agile.Backlog.TopLevelItemsSelectionFilterTests TopLevelItemsSelectionFilterTest_Unpaged" computerName="TFSBUILD11" duration="00:00:00.0150000" startTime="2015-09-28T09:46:07.1775126-07:00" endTime="2015-09-28T09:46:07.1775126-07:00" testType="13cdc9d9-ddb5-4fa4-a97d-d965ccfc6d4b" outcome="Passed" testListId="8c84fa94-04c1-424b-9868-57a2d4851a1d" relativeResultsDirectory="e4e9e45e-0e2a-4963-b2c3-0073c5b19ea8" />
    <UnitTestResult executionId="d3369255-ff04-464f-bd7d-ab2bb39d2f8b" testId="885bbc8d-a159-4d33-bfbf-219300f5c811" testName="TFSTests.Agile.Backlog.LocationEnumerator WillEnumerateLocations" computerName="TFSBUILD11" duration="00:00:00.0160000" startTime="2015-09-28T09:46:07.1785087-07:00" endTime="2015-09-28T09:46:07.1785087-07:00" testType="13cdc9d9-ddb5-4fa4-a97d-d965ccfc6d4b" outcome="Passed" testListId="8c84fa94-04c1-424b-9868-57a2d4851a1d" relativeResultsDirectory="d3369255-ff04-464f-bd7d-ab2bb39d2f8b" />
    <UnitTestResult executionId="f28f6742-03d5-4220-82f9-515cbb2b74b3" testId="7bf1f0e3-c972-4ad8-887f-2b5a08c8e349" testName="TFSTests.Agile.Backlog.LocationEnumerator WillEnumerateTopOfTheListLocation" computerName="TFSBUILD11" duration="00:00:00.0140000" startTime="2015-09-28T09:46:07.1785087-07:00" endTime="2015-09-28T09:46:07.1785087-07:00" testType="13cdc9d9-ddb5-4fa4-a97d-d965ccfc6d4b" outcome="Passed" testListId="8c84fa94-04c1-424b-9868-57a2d4851a1d" relativeResultsDirectory="f28f6742-03d5-4220-82f9-515cbb2b74b3" />
    <UnitTestResult executionId="7edb1c6c-78b0-4cc5-91c4-045ca2cb1736" testId="ce6078be-3635-44b6-9c18-ffaa7ff51788" testName="TFSTests.Agile.Backlog.LocationEnumerator WillEnumerateAllReparentLocations" computerName="TFSBUILD11" duration="00:00:00.0150000" startTime="2015-09-28T09:46:07.1785087-07:00" endTime="2015-09-28T09:46:07.1785087-07:00" testType="13cdc9d9-ddb5-4fa4-a97d-d965ccfc6d4b" outcome="Passed" testListId="8c84fa94-04c1-424b-9868-57a2d4851a1d" relativeResultsDirectory="7edb1c6c-78b0-4cc5-91c4-045ca2cb1736" />
    <UnitTestResult executionId="70591577-01eb-46a7-8735-1359d3b1f65f" testId="68172569-7df6-4247-aa18-3a7678a7ce89" testName="TFSTests.Agile.Backlog.LocationEnumerator WillEnumerateAllReparentLocationsSingleChild" computerName="TFSBUILD11" duration="00:00:00.0140000" startTime="2015-09-28T09:46:07.1785087-07:00" endTime="2015-09-28T09:46:07.1785087-07:00" testType="13cdc9d9-ddb5-4fa4-a97d-d965ccfc6d4b" outcome="Passed" testListId="8c84fa94-04c1-424b-9868-57a2d4851a1d" relativeResultsDirectory="70591577-01eb-46a7-8735-1359d3b1f65f" />
    <UnitTestResult executionId="e093d908-ebd7-4478-9939-8a74786f872b" testId="25a07dda-4d2e-4938-b7e5-e8eb236c9ed1" testName="TFSTests.Agile.Backlog.LocationEnumerator WillEnumerateTopOfTheBacklogLocation" computerName="TFSBUILD11" duration="00:00:00.0150000" startTime="2015-09-28T09:46:07.1795097-07:00" endTime="2015-09-28T09:46:07.1795097-07:00" testType="13cdc9d9-ddb5-4fa4-a97d-d965ccfc6d4b" outcome="Passed" testListId="8c84fa94-04c1-424b-9868-57a2d4851a1d" relativeResultsDirectory="e093d908-ebd7-4478-9939-8a74786f872b" />
    <UnitTestResult executionId="2b5ef450-b613-4aae-b5d9-eed5c315de44" testId="0c786ce3-ca0b-45f6-8c09-206e0ab930e1" testName="TFSTests.Agile.Backlog.LocationEnumerator WillEnumerateLocations_Reparent_Multiselect" computerName="TFSBUILD11" duration="00:00:00.0140000" startTime="2015-09-28T09:46:07.1795097-07:00" endTime="2015-09-28T09:46:07.1795097-07:00" testType="13cdc9d9-ddb5-4fa4-a97d-d965ccfc6d4b" outcome="Passed" testListId="8c84fa94-04c1-424b-9868-57a2d4851a1d" relativeResultsDirectory="2b5ef450-b613-4aae-b5d9-eed5c315de44" />
    <UnitTestResult executionId="e2d09d8c-79b4-4450-af81-ceaef87e9edb" testId="837bc66f-71b8-414a-af97-cb414ef1848a" testName="TFSTests.Agile.Backlog.LocationSelector WillSelectOnlyLocation" computerName="TFSBUILD11" duration="00:00:00.0170000" startTime="2015-09-28T09:46:07.3195647-07:00" endTime="2015-09-28T09:46:07.3195647-07:00" testType="13cdc9d9-ddb5-4fa4-a97d-d965ccfc6d4b" outcome="Passed" testListId="8c84fa94-04c1-424b-9868-57a2d4851a1d" relativeResultsDirectory="e2d09d8c-79b4-4450-af81-ceaef87e9edb" />
    <UnitTestResult executionId="e758132d-5a8a-47ef-a271-8c6382484c6f" testId="69d3fab9-2b76-4ada-b86e-eed32b6f4153" testName="TFSTests.Agile.Backlog.LocationSelector WillPreferSameParentId" computerName="TFSBUILD11" duration="00:00:00.0140000" startTime="2015-09-28T09:46:07.3195647-07:00" endTime="2015-09-28T09:46:07.3195647-07:00" testType="13cdc9d9-ddb5-4fa4-a97d-d965ccfc6d4b" outcome="Passed" testListId="8c84fa94-04c1-424b-9868-57a2d4851a1d" relativeResultsDirectory="e758132d-5a8a-47ef-a271-8c6382484c6f" />
    <UnitTestResult executionId="3bffb007-e687-494c-8820-c180f28e0c0a" testId="1b786c4b-7807-4847-98df-c99c6fd6bd0d" testName="TFSTests.Agile.Backlog.LocationSelector WillPreferSameParentId_MultiSelect" computerName="TFSBUILD11" duration="00:00:00.0150000" startTime="2015-09-28T09:46:07.3195647-07:00" endTime="2015-09-28T09:46:07.3195647-07:00" testType="13cdc9d9-ddb5-4fa4-a97d-d965ccfc6d4b" outcome="Passed" testListId="8c84fa94-04c1-424b-9868-57a2d4851a1d" relativeResultsDirectory="3bffb007-e687-494c-8820-c180f28e0c0a" />
    <UnitTestResult executionId="d1626c48-0e8e-4e0e-a70c-ceeadfae9c70" testId="60b3eabc-6980-4bda-aa01-ba51f6014f82" testName="TFSTests.Agile.Backlog.LocationSelector WillSelectShallowestLocationAncestorForReparent" computerName="TFSBUILD11" duration="00:00:00.0150000" startTime="2015-09-28T09:46:07.3195647-07:00" endTime="2015-09-28T09:46:07.3195647-07:00" testType="13cdc9d9-ddb5-4fa4-a97d-d965ccfc6d4b" outcome="Passed" testListId="8c84fa94-04c1-424b-9868-57a2d4851a1d" relativeResultsDirectory="d1626c48-0e8e-4e0e-a70c-ceeadfae9c70" />
    <UnitTestResult executionId="4cd0d85c-8b71-4b18-b8e0-2c3d41609aba" testId="ef94a2b9-c638-4573-bca7-183a39fee7fd" testName="TFSTests.Agile.Backlog.LocationSelector WillSelectShallowestLocationAncestorForReparent_MultiSelect" computerName="TFSBUILD11" duration="00:00:00.0140000" startTime="2015-09-28T09:46:07.3195647-07:00" endTime="2015-09-28T09:46:07.3195647-07:00" testType="13cdc9d9-ddb5-4fa4-a97d-d965ccfc6d4b" outcome="Passed" testListId="8c84fa94-04c1-424b-9868-57a2d4851a1d" relativeResultsDirectory="4cd0d85c-8b71-4b18-b8e0-2c3d41609aba" />
    <UnitTestResult executionId="c4129e12-444d-43ec-8ea4-44804f6bc6e7" testId="a029380a-b6ba-4aaf-a4e6-954c7f409cbe" testName="TFSTests.Agile.Backlog.LocationValidator BasicFlatBacklogReorderOwnedAndUnowned" computerName="TFSBUILD11" duration="00:00:00.0170000" startTime="2015-09-28T09:46:07.3205654-07:00" endTime="2015-09-28T09:46:07.3205654-07:00" testType="13cdc9d9-ddb5-4fa4-a97d-d965ccfc6d4b" outcome="Passed" testListId="8c84fa94-04c1-424b-9868-57a2d4851a1d" relativeResultsDirectory="c4129e12-444d-43ec-8ea4-44804f6bc6e7" />
    <UnitTestResult executionId="18dd745d-f419-4354-bc01-17265a9ee433" testId="a0275b88-eb37-4907-bc50-36d13cd2e69c" testName="TFSTests.Agile.Backlog.LocationValidator ReparentStructure" computerName="TFSBUILD11" duration="00:00:00.0160000" startTime="2015-09-28T09:46:07.3205654-07:00" endTime="2015-09-28T09:46:07.3205654-07:00" testType="13cdc9d9-ddb5-4fa4-a97d-d965ccfc6d4b" outcome="Passed" testListId="8c84fa94-04c1-424b-9868-57a2d4851a1d" relativeResultsDirectory="18dd745d-f419-4354-bc01-17265a9ee433" />
    <UnitTestResult executionId="c3ad98ea-b57e-4ea4-9e16-53d90f93e323" testId="30c6f657-39cb-4df7-a419-91e5c7e4ea8e" testName="TFSTests.Agile.Backlog.LocationValidator ReparentBacklogLevels" computerName="TFSBUILD11" duration="00:00:00.0160000" startTime="2015-09-28T09:46:07.3205654-07:00" endTime="2015-09-28T09:46:07.3205654-07:00" testType="13cdc9d9-ddb5-4fa4-a97d-d965ccfc6d4b" outcome="Passed" testListId="8c84fa94-04c1-424b-9868-57a2d4851a1d" relativeResultsDirectory="c3ad98ea-b57e-4ea4-9e16-53d90f93e323" />
    <UnitTestResult executionId="df47fabf-f97f-48d5-bf5f-6de4ebf1b7fb" testId="1827352f-47be-409c-ab54-1eb8178f0e31" testName="TFSTests.Agile.Backlog.LocationValidator ReparentTopLevel" computerName="TFSBUILD11" duration="00:00:00.0150000" startTime="2015-09-28T09:46:07.3205654-07:00" endTime="2015-09-28T09:46:07.3205654-07:00" testType="13cdc9d9-ddb5-4fa4-a97d-d965ccfc6d4b" outcome="Passed" testListId="8c84fa94-04c1-424b-9868-57a2d4851a1d" relativeResultsDirectory="df47fabf-f97f-48d5-bf5f-6de4ebf1b7fb" />
    <UnitTestResult executionId="c0937a74-3c4f-47f2-9e74-92d283c01ffb" testId="e9a9e5dd-90dc-4797-aa9b-d60450c3ae49" testName="TFSTests.Agile.Backlog.LocationValidator UnownedItemReorder" computerName="TFSBUILD11" duration="00:00:00.0160000" startTime="2015-09-28T09:46:07.4696262-07:00" endTime="2015-09-28T09:46:07.4696262-07:00" testType="13cdc9d9-ddb5-4fa4-a97d-d965ccfc6d4b" outcome="Passed" testListId="8c84fa94-04c1-424b-9868-57a2d4851a1d" relativeResultsDirectory="c0937a74-3c4f-47f2-9e74-92d283c01ffb" />
    <UnitTestResult executionId="387bcaa9-0f0e-4a46-9bb8-428b2a2b99ec" testId="79a9c807-ab56-4956-bf91-053b1a0f4fa1" testName="TFSTests.Agile.Backlog.LocationValidator UnpagedItems" computerName="TFSBUILD11" duration="00:00:00.0160000" startTime="2015-09-28T09:46:07.4696262-07:00" endTime="2015-09-28T09:46:07.4696262-07:00" testType="13cdc9d9-ddb5-4fa4-a97d-d965ccfc6d4b" outcome="Passed" testListId="8c84fa94-04c1-424b-9868-57a2d4851a1d" relativeResultsDirectory="387bcaa9-0f0e-4a46-9bb8-428b2a2b99ec" />
    <UnitTestResult executionId="ea4afc39-c9ef-423a-ad0f-8ab489486634" testId="af351d5a-929f-4b54-aea3-db32b6f7613e" testName="TFSTests.Agile.Backlog.LocationValidator NonBacklogItems" computerName="TFSBUILD11" duration="00:00:00.0140000" startTime="2015-09-28T09:46:07.4706266-07:00" endTime="2015-09-28T09:46:07.4696262-07:00" testType="13cdc9d9-ddb5-4fa4-a97d-d965ccfc6d4b" outcome="Passed" testListId="8c84fa94-04c1-424b-9868-57a2d4851a1d" relativeResultsDirectory="ea4afc39-c9ef-423a-ad0f-8ab489486634" />
    <UnitTestResult executionId="240fe123-99bf-41e8-9c4b-6c28cd1e746a" testId="9b8c9544-957d-4a3e-a8bf-dbd68d68ac39" testName="TFSTests.Agile.Backlog.LocationValidator CanFixHierarchy" computerName="TFSBUILD11" duration="00:00:00.0140000" startTime="2015-09-28T09:46:07.4706266-07:00" endTime="2015-09-28T09:46:07.4706266-07:00" testType="13cdc9d9-ddb5-4fa4-a97d-d965ccfc6d4b" outcome="Passed" testListId="8c84fa94-04c1-424b-9868-57a2d4851a1d" relativeResultsDirectory="240fe123-99bf-41e8-9c4b-6c28cd1e746a" />
    <UnitTestResult executionId="0d313ac2-05cb-44b1-b22d-904a19a93b8b" testId="0f964b26-525c-490f-ae05-e93d789091ed" testName="TFSTests.Agile.Backlog.LocationValidator RemoveParent" computerName="TFSBUILD11" duration="00:00:00.0150000" startTime="2015-09-28T09:46:07.4706266-07:00" endTime="2015-09-28T09:46:07.4706266-07:00" testType="13cdc9d9-ddb5-4fa4-a97d-d965ccfc6d4b" outcome="Passed" testListId="8c84fa94-04c1-424b-9868-57a2d4851a1d" relativeResultsDirectory="0d313ac2-05cb-44b1-b22d-904a19a93b8b" />
    <UnitTestResult executionId="663740c1-3f39-4c5d-a3d0-67e23e176c0a" testId="98e68bb7-2bdc-40bd-818f-f40b40e36a33" testName="TFSTests.Agile.Backlog.LocationValidator BasicReorder" computerName="TFSBUILD11" duration="00:00:00.0180000" startTime="2015-09-28T09:46:07.4716273-07:00" endTime="2015-09-28T09:46:07.4716273-07:00" testType="13cdc9d9-ddb5-4fa4-a97d-d965ccfc6d4b" outcome="Passed" testListId="8c84fa94-04c1-424b-9868-57a2d4851a1d" relativeResultsDirectory="663740c1-3f39-4c5d-a3d0-67e23e176c0a" />
    <UnitTestResult executionId="f7061719-0214-4df8-b27a-ac3c2e00315f" testId="2d6ae582-6726-445a-846c-ca9e034837cb" testName="TFSTests.Agile.Backlog.LocationValidator AdvancedReorder" computerName="TFSBUILD11" duration="00:00:00.0190000" startTime="2015-09-28T09:46:07.4716273-07:00" endTime="2015-09-28T09:46:07.4716273-07:00" testType="13cdc9d9-ddb5-4fa4-a97d-d965ccfc6d4b" outcome="Passed" testListId="8c84fa94-04c1-424b-9868-57a2d4851a1d" relativeResultsDirectory="f7061719-0214-4df8-b27a-ac3c2e00315f" />
    <UnitTestResult executionId="697a7190-d345-4a5b-8368-244c58bfcfb2" testId="55d9d215-2145-4652-922a-db8d30211d39" testName="TFSTests.Agile.Backlog.LocationValidator UnparentedRows" computerName="TFSBUILD11" duration="00:00:00.0150000" startTime="2015-09-28T09:46:07.4716273-07:00" endTime="2015-09-28T09:46:07.4716273-07:00" testType="13cdc9d9-ddb5-4fa4-a97d-d965ccfc6d4b" outcome="Passed" testListId="8c84fa94-04c1-424b-9868-57a2d4851a1d" relativeResultsDirectory="697a7190-d345-4a5b-8368-244c58bfcfb2" />
    <UnitTestResult executionId="669e1284-789f-420b-96f9-c74200d75b66" testId="78f8fa32-fedc-467b-828d-cd47d68864c7" testName="TFSTests.Agile.Backlog.BacklogLevelHelper LevelsOrderNoPortfolio" computerName="TFSBUILD11" duration="00:00:00.0160000" startTime="2015-09-28T09:46:07.4726271-07:00" endTime="2015-09-28T09:46:07.4726271-07:00" testType="13cdc9d9-ddb5-4fa4-a97d-d965ccfc6d4b" outcome="Passed" testListId="8c84fa94-04c1-424b-9868-57a2d4851a1d" relativeResultsDirectory="669e1284-789f-420b-96f9-c74200d75b66" />
    <UnitTestResult executionId="f8c9da07-2f01-4bbe-8ec4-1158fb4f23f9" testId="5c8bad41-50a3-43dc-974d-2d54215ab030" testName="TFSTests.Agile.Backlog.BacklogLevelHelper LevelsOrder1PortfolioLevel" computerName="TFSBUILD11" duration="00:00:00.0150000" startTime="2015-09-28T09:46:07.6146895-07:00" endTime="2015-09-28T09:46:07.6146895-07:00" testType="13cdc9d9-ddb5-4fa4-a97d-d965ccfc6d4b" outcome="Passed" testListId="8c84fa94-04c1-424b-9868-57a2d4851a1d" relativeResultsDirectory="f8c9da07-2f01-4bbe-8ec4-1158fb4f23f9" />
    <UnitTestResult executionId="32343447-97b0-4b4a-b244-5f19fc7c07bc" testId="fa79f605-9507-489b-9a99-ef40315186a9" testName="TFSTests.Agile.Backlog.BacklogLevelHelper LevelsOrder2PortfolioLevels" computerName="TFSBUILD11" duration="00:00:00.0150000" startTime="2015-09-28T09:46:07.6146895-07:00" endTime="2015-09-28T09:46:07.6146895-07:00" testType="13cdc9d9-ddb5-4fa4-a97d-d965ccfc6d4b" outcome="Passed" testListId="8c84fa94-04c1-424b-9868-57a2d4851a1d" relativeResultsDirectory="32343447-97b0-4b4a-b244-5f19fc7c07bc" />
    <UnitTestResult executionId="1959ab14-97bb-47e6-9ee2-4abcc53f8c35" testId="13847efd-b15a-4e64-95d0-a50fa70be713" testName="TFSTests.Agile.Backlog.BacklogLevelHelper CaseInsensitiveTypeNames" computerName="TFSBUILD11" duration="00:00:00.0150000" startTime="2015-09-28T09:46:07.6146895-07:00" endTime="2015-09-28T09:46:07.6146895-07:00" testType="13cdc9d9-ddb5-4fa4-a97d-d965ccfc6d4b" outcome="Passed" testListId="8c84fa94-04c1-424b-9868-57a2d4851a1d" relativeResultsDirectory="1959ab14-97bb-47e6-9ee2-4abcc53f8c35" />
    <UnitTestResult executionId="931d8b41-0784-4aa9-9a3f-7a42809caffd" testId="54c267ac-3dbf-499c-90d6-b09767c27425" testName="TFSTests.Agile.Backlog.BacklogLevelHelper BugsBehaviorLevel" computerName="TFSBUILD11" duration="00:00:00.0170000" startTime="2015-09-28T09:46:07.6156845-07:00" endTime="2015-09-28T09:46:07.6156845-07:00" testType="13cdc9d9-ddb5-4fa4-a97d-d965ccfc6d4b" outcome="Passed" testListId="8c84fa94-04c1-424b-9868-57a2d4851a1d" relativeResultsDirectory="931d8b41-0784-4aa9-9a3f-7a42809caffd" />
    <UnitTestResult executionId="88132eec-f86d-420f-9722-f869c959f20e" testId="b43238ac-b5ff-4585-9b59-759b04adc312" testName="TFSTests.Agile.Backlog.BacklogLevelHelper LevelsForUnpagedOrNonBacklogTypes" computerName="TFSBUILD11" duration="00:00:00.0160000" startTime="2015-09-28T09:46:07.6156845-07:00" endTime="2015-09-28T09:46:07.6156845-07:00" testType="13cdc9d9-ddb5-4fa4-a97d-d965ccfc6d4b" outcome="Passed" testListId="8c84fa94-04c1-424b-9868-57a2d4851a1d" relativeResultsDirectory="88132eec-f86d-420f-9722-f869c959f20e" />
    <UnitTestResult executionId="a6a8acfd-b760-46be-aea2-f9916ee907d9" testId="6698f2d2-3912-4f90-830c-20194c477be7" testName="TFSTests.Agile.Backlog.BacklogLevelHelper TopLevel" computerName="TFSBUILD11" duration="00:00:00.0170000" startTime="2015-09-28T09:46:07.6156845-07:00" endTime="2015-09-28T09:46:07.6156845-07:00" testType="13cdc9d9-ddb5-4fa4-a97d-d965ccfc6d4b" outcome="Passed" testListId="8c84fa94-04c1-424b-9868-57a2d4851a1d" relativeResultsDirectory="a6a8acfd-b760-46be-aea2-f9916ee907d9" />
    <UnitTestResult executionId="da8e51ce-56ce-47a8-a080-bbddeb7a27c3" testId="8de4f625-33d9-4c73-95b0-f167051d3b09" testName="TFSTests.Agile.Backlog.ReorderProcessor MissingNextAndPrevious_AllowEmptyBucketReorder" computerName="TFSBUILD11" duration="00:00:00.0190000" startTime="2015-09-28T09:46:07.6166846-07:00" endTime="2015-09-28T09:46:07.6166846-07:00" testType="13cdc9d9-ddb5-4fa4-a97d-d965ccfc6d4b" outcome="Passed" testListId="8c84fa94-04c1-424b-9868-57a2d4851a1d" relativeResultsDirectory="da8e51ce-56ce-47a8-a080-bbddeb7a27c3" />
    <UnitTestResult executionId="0f00ccf2-f0ff-4204-983c-86720ff51f25" testId="d5ce089e-494b-4612-8305-809df6290938" testName="TFSTests.Agile.Backlog.ReorderProcessor MissingNextAndPrevious_NoEmptyBucketReorder" computerName="TFSBUILD11" duration="00:00:00.0140000" startTime="2015-09-28T09:46:07.6166846-07:00" endTime="2015-09-28T09:46:07.6166846-07:00" testType="13cdc9d9-ddb5-4fa4-a97d-d965ccfc6d4b" outcome="Passed" testListId="8c84fa94-04c1-424b-9868-57a2d4851a1d" relativeResultsDirectory="0f00ccf2-f0ff-4204-983c-86720ff51f25" />
    <UnitTestResult executionId="4ed0669d-480c-4461-8e8d-ef6b86cb372a" testId="46e3ebd2-5678-4ade-b8d7-c6c9de46ecda" testName="TFSTests.Agile.Backlog.ReorderProcessor Reordering unowned items" computerName="TFSBUILD11" duration="00:00:00.0140000" startTime="2015-09-28T09:46:07.6166846-07:00" endTime="2015-09-28T09:46:07.6166846-07:00" testType="13cdc9d9-ddb5-4fa4-a97d-d965ccfc6d4b" outcome="Passed" testListId="8c84fa94-04c1-424b-9868-57a2d4851a1d" relativeResultsDirectory="4ed0669d-480c-4461-8e8d-ef6b86cb372a" />
    <UnitTestResult executionId="26910de5-4bca-4088-80a6-744cc7d4e45c" testId="eeb59c63-f903-4320-bb53-dbb2815b0ee6" testName="TFSTests.Agile.Backlog.ReorderProcessor BasicValidReordering" computerName="TFSBUILD11" duration="00:00:00.0780000" startTime="2015-09-28T09:46:07.8251489-07:00" endTime="2015-09-28T09:46:07.8251489-07:00" testType="13cdc9d9-ddb5-4fa4-a97d-d965ccfc6d4b" outcome="Passed" testListId="8c84fa94-04c1-424b-9868-57a2d4851a1d" relativeResultsDirectory="26910de5-4bca-4088-80a6-744cc7d4e45c" />
    <UnitTestResult executionId="de186455-e33c-4a50-847a-716193cece14" testId="5ce132c1-be86-4bc6-aba8-c1f3602fff08" testName="TFSTests.Agile.Backlog.ReorderProcessor BasicValidReorderingInvalidCategory" computerName="TFSBUILD11" duration="00:00:00.0160000" startTime="2015-09-28T09:46:07.8251489-07:00" endTime="2015-09-28T09:46:07.8251489-07:00" testType="13cdc9d9-ddb5-4fa4-a97d-d965ccfc6d4b" outcome="Passed" testListId="8c84fa94-04c1-424b-9868-57a2d4851a1d" relativeResultsDirectory="de186455-e33c-4a50-847a-716193cece14" />
    <UnitTestResult executionId="4cb12468-9808-4f15-ada2-e3188ae93258" testId="bb1ab05b-1218-4f4b-af8e-bafbf7ded437" testName="TFSTests.Agile.Backlog.ReorderProcessor BasicValidReorderingNestedStories" computerName="TFSBUILD11" duration="00:00:00.0150000" startTime="2015-09-28T09:46:07.8251489-07:00" endTime="2015-09-28T09:46:07.8251489-07:00" testType="13cdc9d9-ddb5-4fa4-a97d-d965ccfc6d4b" outcome="Passed" testListId="8c84fa94-04c1-424b-9868-57a2d4851a1d" relativeResultsDirectory="4cb12468-9808-4f15-ada2-e3188ae93258" />
    <UnitTestResult executionId="c05fe304-f7ec-49f7-9d24-3be0b4671edf" testId="5335a3b7-c939-4674-8d68-a4db8176e640" testName="TFSTests.Agile.Backlog.ReorderProcessor NoOpReordersTasks" computerName="TFSBUILD11" duration="00:00:00.0140000" startTime="2015-09-28T09:46:07.8361533-07:00" endTime="2015-09-28T09:46:07.8361533-07:00" testType="13cdc9d9-ddb5-4fa4-a97d-d965ccfc6d4b" outcome="Passed" testListId="8c84fa94-04c1-424b-9868-57a2d4851a1d" relativeResultsDirectory="c05fe304-f7ec-49f7-9d24-3be0b4671edf" />
    <UnitTestResult executionId="5970e7a7-4d18-42f6-a878-f06c92275007" testId="84da2d57-b1e8-4e0f-984d-65fa72534b74" testName="TFSTests.Agile.Backlog.ReorderProcessor NoOpReordersUnowned" computerName="TFSBUILD11" duration="00:00:00.0150000" startTime="2015-09-28T09:46:07.8361533-07:00" endTime="2015-09-28T09:46:07.8361533-07:00" testType="13cdc9d9-ddb5-4fa4-a97d-d965ccfc6d4b" outcome="Passed" testListId="8c84fa94-04c1-424b-9868-57a2d4851a1d" relativeResultsDirectory="5970e7a7-4d18-42f6-a878-f06c92275007" />
    <UnitTestResult executionId="1f9a9da8-603e-4b78-8f86-f27bf9842f5b" testId="d1976b06-c6c5-4407-9809-aa48a7056da6" testName="TFSTests.Agile.Backlog.ReorderProcessor BasicValidReorderingTasks" computerName="TFSBUILD11" duration="00:00:00.0160000" startTime="2015-09-28T09:46:07.8371543-07:00" endTime="2015-09-28T09:46:07.8371543-07:00" testType="13cdc9d9-ddb5-4fa4-a97d-d965ccfc6d4b" outcome="Passed" testListId="8c84fa94-04c1-424b-9868-57a2d4851a1d" relativeResultsDirectory="1f9a9da8-603e-4b78-8f86-f27bf9842f5b" />
    <UnitTestResult executionId="5b9d6422-22a5-49ed-92ae-159772e0693c" testId="5c3f3c32-e9cf-4a4c-9bc4-baea823e9190" testName="TFSTests.Agile.Backlog.ReorderProcessor MiddleOneSideIsInvalidByType" computerName="TFSBUILD11" duration="00:00:00.0170000" startTime="2015-09-28T09:46:07.8371543-07:00" endTime="2015-09-28T09:46:07.8371543-07:00" testType="13cdc9d9-ddb5-4fa4-a97d-d965ccfc6d4b" outcome="Passed" testListId="8c84fa94-04c1-424b-9868-57a2d4851a1d" relativeResultsDirectory="5b9d6422-22a5-49ed-92ae-159772e0693c" />
    <UnitTestResult executionId="8d3535a3-c92b-4645-a9b0-aca3d104606c" testId="a49df5ed-7779-4eb7-a73b-b99296e1d247" testName="TFSTests.Agile.Backlog.ReorderProcessor MiddleOneSideIsInvalidByOwnership" computerName="TFSBUILD11" duration="00:00:00.0170000" startTime="2015-09-28T09:46:07.8371543-07:00" endTime="2015-09-28T09:46:07.8371543-07:00" testType="13cdc9d9-ddb5-4fa4-a97d-d965ccfc6d4b" outcome="Passed" testListId="8c84fa94-04c1-424b-9868-57a2d4851a1d" relativeResultsDirectory="8d3535a3-c92b-4645-a9b0-aca3d104606c" />
    <UnitTestResult executionId="d1d75b74-4d39-4ffa-ac11-a7724f0cee73" testId="ffe6b107-dd60-4f90-a0e9-413e0e323e4d" testName="TFSTests.Agile.Backlog.ReorderProcessor MiddleBothSidesValidPickCorrectState" computerName="TFSBUILD11" duration="00:00:00.0170000" startTime="2015-09-28T09:46:07.8371543-07:00" endTime="2015-09-28T09:46:07.8371543-07:00" testType="13cdc9d9-ddb5-4fa4-a97d-d965ccfc6d4b" outcome="Passed" testListId="8c84fa94-04c1-424b-9868-57a2d4851a1d" relativeResultsDirectory="d1d75b74-4d39-4ffa-ac11-a7724f0cee73" />
    <UnitTestResult executionId="a8423355-37d0-4960-bc52-d8f961d8a8ce" testId="48aa1cc8-6466-4593-b2e2-d5d175d6fdf2" testName="TFSTests.Agile.Backlog.ReorderProcessor MiddleBothSidesNotMatchingState" computerName="TFSBUILD11" duration="00:00:00.0180000" startTime="2015-09-28T09:46:08.1793997-07:00" endTime="2015-09-28T09:46:08.1793997-07:00" testType="13cdc9d9-ddb5-4fa4-a97d-d965ccfc6d4b" outcome="Passed" testListId="8c84fa94-04c1-424b-9868-57a2d4851a1d" relativeResultsDirectory="a8423355-37d0-4960-bc52-d8f961d8a8ce" />
    <UnitTestResult executionId="18e6c5f5-be35-4bc1-8e8b-dc632c1addbc" testId="37e033db-9488-4c8b-b118-f79d03e9eb35" testName="TFSTests.Agile.ProductBacklog.ProductBacklogToolbarTests Backlog_launchColumnOptionsDialog_SendsCorrectOptions" computerName="TFSBUILD11" duration="00:00:00.0580000" startTime="2015-09-28T09:46:08.1793997-07:00" endTime="2015-09-28T09:46:08.1793997-07:00" testType="13cdc9d9-ddb5-4fa4-a97d-d965ccfc6d4b" outcome="Passed" testListId="8c84fa94-04c1-424b-9868-57a2d4851a1d" relativeResultsDirectory="18e6c5f5-be35-4bc1-8e8b-dc632c1addbc" />
    <UnitTestResult executionId="1670a67a-5e7b-4ae9-a651-0cbac205f3a2" testId="3513a9ac-e2b9-42f8-acf9-9d0ea198fd51" testName="TFSTests.Agile.ProductBacklog.ProductBacklogToolbarTests Backlog_ToolbarNewButton_PersistsUserSettings" computerName="TFSBUILD11" duration="00:00:00.0560000" startTime="2015-09-28T09:46:08.1793997-07:00" endTime="2015-09-28T09:46:08.1793997-07:00" testType="13cdc9d9-ddb5-4fa4-a97d-d965ccfc6d4b" outcome="Passed" testListId="8c84fa94-04c1-424b-9868-57a2d4851a1d" relativeResultsDirectory="1670a67a-5e7b-4ae9-a651-0cbac205f3a2" />
    <UnitTestResult executionId="97c47736-62aa-4cb5-9068-a8fbb7d950c9" testId="e0fcdade-5831-40c1-93b9-84d77e335e85" testName="TFSTests.Agile.ProductBacklog ProductBacklog_HandleMoveWorkItems_ReorderReparentWorkItems" computerName="TFSBUILD11" duration="00:00:00.0280000" startTime="2015-09-28T09:46:08.1793997-07:00" endTime="2015-09-28T09:46:08.1793997-07:00" testType="13cdc9d9-ddb5-4fa4-a97d-d965ccfc6d4b" outcome="Passed" testListId="8c84fa94-04c1-424b-9868-57a2d4851a1d" relativeResultsDirectory="97c47736-62aa-4cb5-9068-a8fbb7d950c9" />
    <UnitTestResult executionId="a0f30f48-2a2b-4ee4-83c2-c1dc140ddd8b" testId="2d804c46-79e9-4e47-9571-886646cbe8c6" testName="TFSTests.Agile.ProductBacklog Backlog_GetReorderLocation" computerName="TFSBUILD11" duration="00:00:00.0230000" startTime="2015-09-28T09:46:08.1793997-07:00" endTime="2015-09-28T09:46:08.1793997-07:00" testType="13cdc9d9-ddb5-4fa4-a97d-d965ccfc6d4b" outcome="Passed" testListId="8c84fa94-04c1-424b-9868-57a2d4851a1d" relativeResultsDirectory="a0f30f48-2a2b-4ee4-83c2-c1dc140ddd8b" />
    <UnitTestResult executionId="53c421c2-832a-4689-a720-806aefa3b7fa" testId="2191bd09-7940-48a1-9c76-821c550379ed" testName="TFSTests.Agile.ProductBacklog ProductBacklog_InitializeNewWorkItem" computerName="TFSBUILD11" duration="00:00:00.0410000" startTime="2015-09-28T09:46:08.1793997-07:00" endTime="2015-09-28T09:46:08.1793997-07:00" testType="13cdc9d9-ddb5-4fa4-a97d-d965ccfc6d4b" outcome="Passed" testListId="8c84fa94-04c1-424b-9868-57a2d4851a1d" relativeResultsDirectory="53c421c2-832a-4689-a720-806aefa3b7fa" />
    <UnitTestResult executionId="1c3817f9-fa93-4b70-abed-f002022317e7" testId="4104846a-891a-46d0-b1b4-814c03a3f018" testName="TFSTests.Agile.ProductBacklog ProductBacklogGrid_handleMoveWorkItems_ReorderWorkItems" computerName="TFSBUILD11" duration="00:00:00.0460000" startTime="2015-09-28T09:46:08.1793997-07:00" endTime="2015-09-28T09:46:08.1793997-07:00" testType="13cdc9d9-ddb5-4fa4-a97d-d965ccfc6d4b" outcome="Passed" testListId="8c84fa94-04c1-424b-9868-57a2d4851a1d" relativeResultsDirectory="1c3817f9-fa93-4b70-abed-f002022317e7" />
    <UnitTestResult executionId="15175484-e44e-451a-a82d-3af66ac0972c" testId="c8f30774-bffd-4003-9ffe-10f9dc37dfbd" testName="TFSTests.Agile.ProductBacklog ProductBacklogGrid_handleMoveWorkItems_ReparentInvididualWorkItems" computerName="TFSBUILD11" duration="00:00:00.0440000" startTime="2015-09-28T09:46:08.1793997-07:00" endTime="2015-09-28T09:46:08.1793997-07:00" testType="13cdc9d9-ddb5-4fa4-a97d-d965ccfc6d4b" outcome="Passed" testListId="8c84fa94-04c1-424b-9868-57a2d4851a1d" relativeResultsDirectory="15175484-e44e-451a-a82d-3af66ac0972c" />
    <UnitTestResult executionId="48ad421b-9155-49b4-9873-252badb299fa" testId="c91812b3-5ddc-4bb0-ab0f-98b1c52bfbad" testName="TFSTests.Agile.ProductBacklog ProductBacklogGrid_handleMoveWorkItems_ReparentSubTree" computerName="TFSBUILD11" duration="00:00:00.0400000" startTime="2015-09-28T09:46:08.1793997-07:00" endTime="2015-09-28T09:46:08.1793997-07:00" testType="13cdc9d9-ddb5-4fa4-a97d-d965ccfc6d4b" outcome="Passed" testListId="8c84fa94-04c1-424b-9868-57a2d4851a1d" relativeResultsDirectory="48ad421b-9155-49b4-9873-252badb299fa" />
    <UnitTestResult executionId="5f46f9d5-d924-4b49-93a3-79d799e34460" testId="4fe4ea2b-b5b3-4e8a-9aca-87924e0c3c18" testName="TFSTests.Agile.ProductBacklog ProductBacklogGrid_performActionWithPreserveSelection" computerName="TFSBUILD11" duration="00:00:00.0530000" startTime="2015-09-28T09:46:08.4863553-07:00" endTime="2015-09-28T09:46:08.4863553-07:00" testType="13cdc9d9-ddb5-4fa4-a97d-d965ccfc6d4b" outcome="Passed" testListId="8c84fa94-04c1-424b-9868-57a2d4851a1d" relativeResultsDirectory="5f46f9d5-d924-4b49-93a3-79d799e34460" />
    <UnitTestResult executionId="a2dd62d6-c319-4a26-9a8f-951d78fe1bab" testId="cf04e93e-527e-44b3-914c-ee042b20e2f4" testName="TFSTests.Agile.ProductBacklog ProductBacklogGrid_DragDropReorderMultiselect" computerName="TFSBUILD11" duration="00:00:00.0350000" startTime="2015-09-28T09:46:08.4863553-07:00" endTime="2015-09-28T09:46:08.4863553-07:00" testType="13cdc9d9-ddb5-4fa4-a97d-d965ccfc6d4b" outcome="Passed" testListId="8c84fa94-04c1-424b-9868-57a2d4851a1d" relativeResultsDirectory="a2dd62d6-c319-4a26-9a8f-951d78fe1bab" />
    <UnitTestResult executionId="961322b4-9652-4156-ae23-e1b289a254d7" testId="b1878aba-7f55-4b85-a34a-a85117275523" testName="TFSTests.Agile.ProductBacklog ProductBacklogGrid_TestKeyboardAndMouseReorderHelpers" computerName="TFSBUILD11" duration="00:00:00.0370000" startTime="2015-09-28T09:46:08.4873571-07:00" endTime="2015-09-28T09:46:08.4863553-07:00" testType="13cdc9d9-ddb5-4fa4-a97d-d965ccfc6d4b" outcome="Passed" testListId="8c84fa94-04c1-424b-9868-57a2d4851a1d" relativeResultsDirectory="961322b4-9652-4156-ae23-e1b289a254d7" />
    <UnitTestResult executionId="c1fc881b-a623-470e-8438-b385cd84098f" testId="7d5f52f1-141e-4a18-bade-88ed679620d3" testName="TFSTests.Agile.ProductBacklog Test_ProductBacklogGrid_mousedown_dragdrop_multiselect" computerName="TFSBUILD11" duration="00:00:00.0480000" startTime="2015-09-28T09:46:08.4873571-07:00" endTime="2015-09-28T09:46:08.4873571-07:00" testType="13cdc9d9-ddb5-4fa4-a97d-d965ccfc6d4b" outcome="Passed" testListId="8c84fa94-04c1-424b-9868-57a2d4851a1d" relativeResultsDirectory="c1fc881b-a623-470e-8438-b385cd84098f" />
    <UnitTestResult executionId="bea32339-cb65-401e-a816-b4f7956fed25" testId="031cefa6-2fab-4234-b5ed-098c772523c0" testName="TFSTests.Agile.ProductBacklog ProductBacklogGrid_getSelectedWorkItemTypes" computerName="TFSBUILD11" duration="00:00:00.0300000" startTime="2015-09-28T09:46:08.4873571-07:00" endTime="2015-09-28T09:46:08.4873571-07:00" testType="13cdc9d9-ddb5-4fa4-a97d-d965ccfc6d4b" outcome="Passed" testListId="8c84fa94-04c1-424b-9868-57a2d4851a1d" relativeResultsDirectory="bea32339-cb65-401e-a816-b4f7956fed25" />
    <UnitTestResult executionId="df9e29b6-ae0c-45ac-b32f-5eb00027e46f" testId="18d4b665-caea-4e3c-886d-2bb06bc5ff6b" testName="TFSTests.Agile.ProductBacklog ProductBacklogGrid_getInsertDataIndex" computerName="TFSBUILD11" duration="00:00:00.0310000" startTime="2015-09-28T09:46:08.4873571-07:00" endTime="2015-09-28T09:46:08.4873571-07:00" testType="13cdc9d9-ddb5-4fa4-a97d-d965ccfc6d4b" outcome="Passed" testListId="8c84fa94-04c1-424b-9868-57a2d4851a1d" relativeResultsDirectory="df9e29b6-ae0c-45ac-b32f-5eb00027e46f" />
    <UnitTestResult executionId="480cae96-aaf8-4a60-afb1-d691d52f7a28" testId="71933014-b1b4-4280-80db-6fde4c4454f9" testName="TFSTests.Agile.ProductBacklog ProductBacklogGrid_draggableHelper" computerName="TFSBUILD11" duration="00:00:00.0310000" startTime="2015-09-28T09:46:08.4873571-07:00" endTime="2015-09-28T09:46:08.4873571-07:00" testType="13cdc9d9-ddb5-4fa4-a97d-d965ccfc6d4b" outcome="Passed" testListId="8c84fa94-04c1-424b-9868-57a2d4851a1d" relativeResultsDirectory="480cae96-aaf8-4a60-afb1-d691d52f7a28" />
    <UnitTestResult executionId="ab2900f5-dbe3-4b9d-abf1-3509131aeb88" testId="b88f14ff-d2e3-4bf3-a5d2-2e70077ea894" testName="TFSTests.Agile.ProductBacklog ProductBacklog_buildToolbarItems_generatesCorrectItems" computerName="TFSBUILD11" duration="00:00:00.0200000" startTime="2015-09-28T09:46:08.4883575-07:00" endTime="2015-09-28T09:46:08.4873571-07:00" testType="13cdc9d9-ddb5-4fa4-a97d-d965ccfc6d4b" outcome="Passed" testListId="8c84fa94-04c1-424b-9868-57a2d4851a1d" relativeResultsDirectory="ab2900f5-dbe3-4b9d-abf1-3509131aeb88" />
    <UnitTestResult executionId="a2993832-eb74-496d-bebe-f3dd6e348842" testId="5b3c3832-8ec7-44db-ad25-270e88587246" testName="TFSTests.Agile.ProductBacklog UpdatePayloadColumns_CorrectlyAdjustsPayload" computerName="TFSBUILD11" duration="00:00:00.0160000" startTime="2015-09-28T09:46:08.4883575-07:00" endTime="2015-09-28T09:46:08.4883575-07:00" testType="13cdc9d9-ddb5-4fa4-a97d-d965ccfc6d4b" outcome="Passed" testListId="8c84fa94-04c1-424b-9868-57a2d4851a1d" relativeResultsDirectory="a2993832-eb74-496d-bebe-f3dd6e348842" />
    <UnitTestResult executionId="18807b71-e773-4caa-aeea-7cef9494fed7" testId="787d7797-48bc-4381-ae73-85b519012bf0" testName="TFSTests.Agile.ProductBacklog UpdatePayloadColumns_SafelyHandlesInvalidPayload" computerName="TFSBUILD11" duration="00:00:00.0180000" startTime="2015-09-28T09:46:08.8201801-07:00" endTime="2015-09-28T09:46:08.8201801-07:00" testType="13cdc9d9-ddb5-4fa4-a97d-d965ccfc6d4b" outcome="Passed" testListId="8c84fa94-04c1-424b-9868-57a2d4851a1d" relativeResultsDirectory="18807b71-e773-4caa-aeea-7cef9494fed7" />
    <UnitTestResult executionId="c249303c-a8cf-41d9-a7cc-a9f0b79fa116" testId="3a9cb83c-4ff4-40d0-9c78-756ac886db72" testName="TFSTests.Agile.ProductBacklog TestPreserveAndRestoreWorkItemIdsSelection" computerName="TFSBUILD11" duration="00:00:00.0320000" startTime="2015-09-28T09:46:08.8201801-07:00" endTime="2015-09-28T09:46:08.8201801-07:00" testType="13cdc9d9-ddb5-4fa4-a97d-d965ccfc6d4b" outcome="Passed" testListId="8c84fa94-04c1-424b-9868-57a2d4851a1d" relativeResultsDirectory="c249303c-a8cf-41d9-a7cc-a9f0b79fa116" />
    <UnitTestResult executionId="4521b238-e25b-4a94-b1cd-2f0493714cd5" testId="1b37f1cc-50f5-4d20-a4e0-d8e6c0e39551" testName="TFSTests.Agile.ProductBacklog TestSetSelectedWorkItemIds" computerName="TFSBUILD11" duration="00:00:00.0390000" startTime="2015-09-28T09:46:08.8201801-07:00" endTime="2015-09-28T09:46:08.8201801-07:00" testType="13cdc9d9-ddb5-4fa4-a97d-d965ccfc6d4b" outcome="Passed" testListId="8c84fa94-04c1-424b-9868-57a2d4851a1d" relativeResultsDirectory="4521b238-e25b-4a94-b1cd-2f0493714cd5" />
    <UnitTestResult executionId="d78b6e7f-bb2c-42af-b29d-607c6d0bc093" testId="06876654-96e5-4ead-9b9d-d82e2bbf3147" testName="TFSTests.Agile.ProductBacklog TestSetSelectedWorkItemIdsThroughFilter" computerName="TFSBUILD11" duration="00:00:00.0430000" startTime="2015-09-28T09:46:08.8201801-07:00" endTime="2015-09-28T09:46:08.8201801-07:00" testType="13cdc9d9-ddb5-4fa4-a97d-d965ccfc6d4b" outcome="Passed" testListId="8c84fa94-04c1-424b-9868-57a2d4851a1d" relativeResultsDirectory="d78b6e7f-bb2c-42af-b29d-607c6d0bc093" />
    <UnitTestResult executionId="59e9c7aa-f68f-431a-81a6-0ce2a5ea70ce" testId="80a2f38b-ac5e-4174-9e63-d9377628b24e" testName="TFSTests.Agile.ProductBacklog TestSetSelectedWorkItemIdsExpand" computerName="TFSBUILD11" duration="00:00:00.0390000" startTime="2015-09-28T09:46:08.8211768-07:00" endTime="2015-09-28T09:46:08.8211768-07:00" testType="13cdc9d9-ddb5-4fa4-a97d-d965ccfc6d4b" outcome="Passed" testListId="8c84fa94-04c1-424b-9868-57a2d4851a1d" relativeResultsDirectory="59e9c7aa-f68f-431a-81a6-0ce2a5ea70ce" />
    <UnitTestResult executionId="53309407-e34c-4ee3-8fc7-a992005e421d" testId="b3b06238-b766-4d17-ae70-dba6f3a9b119" testName="TFSTests.Agile.ProductBacklog TestExpandStatesWhenShowParentsOff" computerName="TFSBUILD11" duration="00:00:00.0290000" startTime="2015-09-28T09:46:08.8211768-07:00" endTime="2015-09-28T09:46:08.8211768-07:00" testType="13cdc9d9-ddb5-4fa4-a97d-d965ccfc6d4b" outcome="Passed" testListId="8c84fa94-04c1-424b-9868-57a2d4851a1d" relativeResultsDirectory="53309407-e34c-4ee3-8fc7-a992005e421d" />
    <UnitTestResult executionId="f03b1055-8e91-486e-adee-022e4848c7bf" testId="7bd7bfb8-2c17-4417-aff7-5a964201ed4f" testName="TFSTests.Agile.ProductBacklog TestExpandStatesWhenShowParentsOn" computerName="TFSBUILD11" duration="00:00:00.0360000" startTime="2015-09-28T09:46:08.8211768-07:00" endTime="2015-09-28T09:46:08.8211768-07:00" testType="13cdc9d9-ddb5-4fa4-a97d-d965ccfc6d4b" outcome="Passed" testListId="8c84fa94-04c1-424b-9868-57a2d4851a1d" relativeResultsDirectory="f03b1055-8e91-486e-adee-022e4848c7bf" />
    <UnitTestResult executionId="fed92018-da55-47fc-a0a8-e5c26037d0de" testId="c5f77005-d3c5-4496-a468-d5162e887fb8" testName="TFSTests.Agile.ProductBacklog TestWorkItemOwnerShipInNewBacklogNavigation" computerName="TFSBUILD11" duration="00:00:00.0430000" startTime="2015-09-28T09:46:08.8211768-07:00" endTime="2015-09-28T09:46:08.8211768-07:00" testType="13cdc9d9-ddb5-4fa4-a97d-d965ccfc6d4b" outcome="Passed" testListId="8c84fa94-04c1-424b-9868-57a2d4851a1d" relativeResultsDirectory="fed92018-da55-47fc-a0a8-e5c26037d0de" />
    <UnitTestResult executionId="d149954e-f2d2-4da4-b90a-f1d4246c1798" testId="8091ba3f-d790-4279-a6ac-f65baf678cd4" testName="TFSTests.Agile.ProductBacklog AddWorkItemToFlatGrid" computerName="TFSBUILD11" duration="00:00:00.0510000" startTime="2015-09-28T09:46:08.8211768-07:00" endTime="2015-09-28T09:46:08.8211768-07:00" testType="13cdc9d9-ddb5-4fa4-a97d-d965ccfc6d4b" outcome="Passed" testListId="8c84fa94-04c1-424b-9868-57a2d4851a1d" relativeResultsDirectory="d149954e-f2d2-4da4-b90a-f1d4246c1798" />
    <UnitTestResult executionId="15ae7088-e0b0-483b-aacb-eb3ccfb7d1d5" testId="1382259e-a195-47e6-aafb-cd15799bfb61" testName="TFSTests.Agile.ProductBacklog GridMoveWorkItem_FlatListTopAndBottom" computerName="TFSBUILD11" duration="00:00:00.0430000" startTime="2015-09-28T09:46:09.2031392-07:00" endTime="2015-09-28T09:46:09.2031392-07:00" testType="13cdc9d9-ddb5-4fa4-a97d-d965ccfc6d4b" outcome="Passed" testListId="8c84fa94-04c1-424b-9868-57a2d4851a1d" relativeResultsDirectory="15ae7088-e0b0-483b-aacb-eb3ccfb7d1d5" />
    <UnitTestResult executionId="a5596366-bb4e-4d1b-8090-ee090d7f41fc" testId="70fe66b7-e0ae-43fa-a385-6a8153ee98ae" testName="TFSTests.Agile.ProductBacklog GridMoveWorkItem_ShowParents_ParentIsNotExpanded" computerName="TFSBUILD11" duration="00:00:00.0430000" startTime="2015-09-28T09:46:09.2031392-07:00" endTime="2015-09-28T09:46:09.2031392-07:00" testType="13cdc9d9-ddb5-4fa4-a97d-d965ccfc6d4b" outcome="Passed" testListId="8c84fa94-04c1-424b-9868-57a2d4851a1d" relativeResultsDirectory="a5596366-bb4e-4d1b-8090-ee090d7f41fc" />
    <UnitTestResult executionId="062eee54-db21-4630-ac20-304bbe378b93" testId="241735d2-c0fe-4d39-a89f-24cfa957e2da" testName="TFSTests.Agile.ProductBacklog TreeFunctions" computerName="TFSBUILD11" duration="00:00:00.0270000" startTime="2015-09-28T09:46:09.2031392-07:00" endTime="2015-09-28T09:46:09.2031392-07:00" testType="13cdc9d9-ddb5-4fa4-a97d-d965ccfc6d4b" outcome="Passed" testListId="8c84fa94-04c1-424b-9868-57a2d4851a1d" relativeResultsDirectory="062eee54-db21-4630-ac20-304bbe378b93" />
    <UnitTestResult executionId="d90add51-fb30-43f6-b019-56a67e4bb5ce" testId="a6b37dc4-037a-4867-9053-b4ca9f2c8b43" testName="TFSTests.Agile.ProductBacklog getVisibleDescendantCount" computerName="TFSBUILD11" duration="00:00:00.0290000" startTime="2015-09-28T09:46:09.2031392-07:00" endTime="2015-09-28T09:46:09.2031392-07:00" testType="13cdc9d9-ddb5-4fa4-a97d-d965ccfc6d4b" outcome="Passed" testListId="8c84fa94-04c1-424b-9868-57a2d4851a1d" relativeResultsDirectory="d90add51-fb30-43f6-b019-56a67e4bb5ce" />
    <UnitTestResult executionId="058c5147-5198-45d7-9b64-0820682d3bda" testId="e7193c50-a57e-44c1-b078-dfd398d548b7" testName="TFSTests.Agile.ProductBacklog getVisibleDescendantCount_IntermediateLevelCollapsed" computerName="TFSBUILD11" duration="00:00:00.0290000" startTime="2015-09-28T09:46:09.2031392-07:00" endTime="2015-09-28T09:46:09.2031392-07:00" testType="13cdc9d9-ddb5-4fa4-a97d-d965ccfc6d4b" outcome="Passed" testListId="8c84fa94-04c1-424b-9868-57a2d4851a1d" relativeResultsDirectory="058c5147-5198-45d7-9b64-0820682d3bda" />
    <UnitTestResult executionId="a49edfd9-5fed-4932-8990-0ebbaacfc16d" testId="99e092cd-6f7e-4d09-ae86-94341b7a478c" testName="TFSTests.Agile.ProductBacklog DragStartRaisesDragEventOnlyWhenNotSaving" computerName="TFSBUILD11" duration="00:00:00.0470000" startTime="2015-09-28T09:46:09.2031392-07:00" endTime="2015-09-28T09:46:09.2031392-07:00" testType="13cdc9d9-ddb5-4fa4-a97d-d965ccfc6d4b" outcome="Passed" testListId="8c84fa94-04c1-424b-9868-57a2d4851a1d" relativeResultsDirectory="a49edfd9-5fed-4932-8990-0ebbaacfc16d" />
    <UnitTestResult executionId="eb5bef7c-e637-4a73-b320-5f3d6e0101b5" testId="65e23479-3b32-4506-a637-5b86beafaaa5" testName="TFSTests.Agile.ProductBacklog DragDropRequirementsInIterationBacklog" computerName="TFSBUILD11" duration="00:00:00.0680000" startTime="2015-09-28T09:46:09.2031392-07:00" endTime="2015-09-28T09:46:09.2031392-07:00" testType="13cdc9d9-ddb5-4fa4-a97d-d965ccfc6d4b" outcome="Passed" testListId="8c84fa94-04c1-424b-9868-57a2d4851a1d" relativeResultsDirectory="eb5bef7c-e637-4a73-b320-5f3d6e0101b5" />
    <UnitTestResult executionId="804e9787-09c9-4d67-8e55-a9bd8aa05778" testId="dd9b973a-5f78-4530-850e-be002ccd4fb9" testName="TFSTests.Agile.ProductBacklog DragDropOrphanTasksInIterationBacklog" computerName="TFSBUILD11" duration="00:00:00.0510000" startTime="2015-09-28T09:46:09.2031392-07:00" endTime="2015-09-28T09:46:09.2031392-07:00" testType="13cdc9d9-ddb5-4fa4-a97d-d965ccfc6d4b" outcome="Passed" testListId="8c84fa94-04c1-424b-9868-57a2d4851a1d" relativeResultsDirectory="804e9787-09c9-4d67-8e55-a9bd8aa05778" />
    <UnitTestResult executionId="8c99c21e-46d5-4525-a106-21a35caf1663" testId="f50890cd-5d2b-4d94-8fbe-a0c0e70718f9" testName="TFSTests.Agile.ProductBacklog ForecastEven" computerName="TFSBUILD11" duration="00:00:00.0430000" startTime="2015-09-28T09:46:09.2031392-07:00" endTime="2015-09-28T09:46:09.2031392-07:00" testType="13cdc9d9-ddb5-4fa4-a97d-d965ccfc6d4b" outcome="Passed" testListId="8c84fa94-04c1-424b-9868-57a2d4851a1d" relativeResultsDirectory="8c99c21e-46d5-4525-a106-21a35caf1663" />
    <UnitTestResult executionId="90f41387-d993-4692-aa8f-37a5195b29e8" testId="501e1749-06c7-495e-959a-fd02609cce58" testName="TFSTests.Agile.ProductBacklog ForecastLow" computerName="TFSBUILD11" duration="00:00:00.0460000" startTime="2015-09-28T09:46:09.5393640-07:00" endTime="2015-09-28T09:46:09.5393640-07:00" testType="13cdc9d9-ddb5-4fa4-a97d-d965ccfc6d4b" outcome="Passed" testListId="8c84fa94-04c1-424b-9868-57a2d4851a1d" relativeResultsDirectory="90f41387-d993-4692-aa8f-37a5195b29e8" />
    <UnitTestResult executionId="400e1270-cbc2-4eb4-875f-c27ea203da6b" testId="9c3bde74-2e40-40aa-a42b-e4b490463d70" testName="TFSTests.Agile.ProductBacklog ForecastHigh" computerName="TFSBUILD11" duration="00:00:00.0300000" startTime="2015-09-28T09:46:09.5393640-07:00" endTime="2015-09-28T09:46:09.5393640-07:00" testType="13cdc9d9-ddb5-4fa4-a97d-d965ccfc6d4b" outcome="Passed" testListId="8c84fa94-04c1-424b-9868-57a2d4851a1d" relativeResultsDirectory="400e1270-cbc2-4eb4-875f-c27ea203da6b" />
    <UnitTestResult executionId="343f7355-4dd1-4d9c-a34f-c3591c073c8a" testId="864682b6-bead-44c9-b7e8-b8b081bc4c0b" testName="TFSTests.Agile.ProductBacklog ForecastZeroEffortUserStories" computerName="TFSBUILD11" duration="00:00:00.0400000" startTime="2015-09-28T09:46:09.5393640-07:00" endTime="2015-09-28T09:46:09.5393640-07:00" testType="13cdc9d9-ddb5-4fa4-a97d-d965ccfc6d4b" outcome="Passed" testListId="8c84fa94-04c1-424b-9868-57a2d4851a1d" relativeResultsDirectory="343f7355-4dd1-4d9c-a34f-c3591c073c8a" />
    <UnitTestResult executionId="59e40eda-7bce-41f9-9ece-b436b22ec69a" testId="59e9fd61-96f2-46b1-b4ce-4c5e80454f13" testName="TFSTests.Agile.ProductBacklog ForecastNoSprintsError" computerName="TFSBUILD11" duration="00:00:00.0380000" startTime="2015-09-28T09:46:09.5393640-07:00" endTime="2015-09-28T09:46:09.5393640-07:00" testType="13cdc9d9-ddb5-4fa4-a97d-d965ccfc6d4b" outcome="Passed" testListId="8c84fa94-04c1-424b-9868-57a2d4851a1d" relativeResultsDirectory="59e40eda-7bce-41f9-9ece-b436b22ec69a" />
    <UnitTestResult executionId="c3c70076-a364-4f22-9c9c-0e9a34fe5c1a" testId="8d65df8e-3c9e-469b-afc6-473f71ff28b8" testName="TFSTests.Agile.ProductBacklog ForecastNoBacklogError" computerName="TFSBUILD11" duration="00:00:00.0270000" startTime="2015-09-28T09:46:09.5393640-07:00" endTime="2015-09-28T09:46:09.5393640-07:00" testType="13cdc9d9-ddb5-4fa4-a97d-d965ccfc6d4b" outcome="Passed" testListId="8c84fa94-04c1-424b-9868-57a2d4851a1d" relativeResultsDirectory="c3c70076-a364-4f22-9c9c-0e9a34fe5c1a" />
    <UnitTestResult executionId="35ed2f3a-26d0-4190-8254-ad5b29670103" testId="51ad834b-41bf-4158-b0f9-79f8aac74245" testName="TFSTests.Agile.ProductBacklog ForecastSetEnabledRaisesEvent" computerName="TFSBUILD11" duration="00:00:00.0290000" startTime="2015-09-28T09:46:09.5393640-07:00" endTime="2015-09-28T09:46:09.5393640-07:00" testType="13cdc9d9-ddb5-4fa4-a97d-d965ccfc6d4b" outcome="Passed" testListId="8c84fa94-04c1-424b-9868-57a2d4851a1d" relativeResultsDirectory="35ed2f3a-26d0-4190-8254-ad5b29670103" />
    <UnitTestResult executionId="d41cdfb8-d1d7-4efe-87b4-1783e86870a0" testId="73a9d7c8-29f1-4dc3-93e5-0191b690f9d2" testName="TFSTests.Agile.ProductBacklog ForecastUpateLinesNotRaisedWhenDisabled" computerName="TFSBUILD11" duration="00:00:00.0440000" startTime="2015-09-28T09:46:09.5393640-07:00" endTime="2015-09-28T09:46:09.5393640-07:00" testType="13cdc9d9-ddb5-4fa4-a97d-d965ccfc6d4b" outcome="Passed" testListId="8c84fa94-04c1-424b-9868-57a2d4851a1d" relativeResultsDirectory="d41cdfb8-d1d7-4efe-87b4-1783e86870a0" />
    <UnitTestResult executionId="50e083e2-1ca3-4e96-a2c2-34a1cd7d41c5" testId="3c82ed30-cfe4-464b-9aec-ffb9d86513b9" testName="TFSTests.Agile.ProductBacklog Forecast_StoriesWithTasksAreIncludedWhenUpdatingSprintLines" computerName="TFSBUILD11" duration="00:00:00.0470000" startTime="2015-09-28T09:46:09.5393640-07:00" endTime="2015-09-28T09:46:09.5393640-07:00" testType="13cdc9d9-ddb5-4fa4-a97d-d965ccfc6d4b" outcome="Passed" testListId="8c84fa94-04c1-424b-9868-57a2d4851a1d" relativeResultsDirectory="50e083e2-1ca3-4e96-a2c2-34a1cd7d41c5" />
    <UnitTestResult executionId="038566fb-364b-4091-994c-607070d192ab" testId="1b11a32c-27ca-44ca-ae4b-993da2f3a4a6" testName="TFSTests.Agile.ProductBacklog Forecast_ParentStoriesAreExcludedWhenUpdatingSprintLines" computerName="TFSBUILD11" duration="00:00:00.0350000" startTime="2015-09-28T09:46:09.5393640-07:00" endTime="2015-09-28T09:46:09.5393640-07:00" testType="13cdc9d9-ddb5-4fa4-a97d-d965ccfc6d4b" outcome="Passed" testListId="8c84fa94-04c1-424b-9868-57a2d4851a1d" relativeResultsDirectory="038566fb-364b-4091-994c-607070d192ab" />
    <UnitTestResult executionId="ddc0f38f-032c-409e-9708-4059cfc84671" testId="7dcb32f0-381f-4837-9a6e-8f03a9dcc27e" testName="TFSTests.Agile.ProductBacklog BacklogViewControl_AssertThatBacklogNodesAreConstructed" computerName="TFSBUILD11" duration="00:00:00.0370000" startTime="2015-09-28T09:46:09.7930459-07:00" endTime="2015-09-28T09:46:09.7930459-07:00" testType="13cdc9d9-ddb5-4fa4-a97d-d965ccfc6d4b" outcome="Passed" testListId="8c84fa94-04c1-424b-9868-57a2d4851a1d" relativeResultsDirectory="ddc0f38f-032c-409e-9708-4059cfc84671" />
    <UnitTestResult executionId="b604b3b1-87a4-49c2-94ca-21899ce7d5ca" testId="e4143b34-7c89-42a0-a368-f87f53ba00a3" testName="TFSTests.Agile.ProductBacklog BacklogViewControl_AssertThatCorrectNodesAreFiltered" computerName="TFSBUILD11" duration="00:00:00.0240000" startTime="2015-09-28T09:46:09.7930459-07:00" endTime="2015-09-28T09:46:09.7930459-07:00" testType="13cdc9d9-ddb5-4fa4-a97d-d965ccfc6d4b" outcome="Passed" testListId="8c84fa94-04c1-424b-9868-57a2d4851a1d" relativeResultsDirectory="b604b3b1-87a4-49c2-94ca-21899ce7d5ca" />
    <UnitTestResult executionId="ca63597b-e524-42c6-a355-5650ae443167" testId="60adb535-3276-4991-a22b-98afe37d4ea5" testName="TFSTests.Agile.ProductBacklog BacklogViewControl_AssertThatControlRendersCorrectBacklogNodes" computerName="TFSBUILD11" duration="00:00:00.0260000" startTime="2015-09-28T09:46:09.7930459-07:00" endTime="2015-09-28T09:46:09.7930459-07:00" testType="13cdc9d9-ddb5-4fa4-a97d-d965ccfc6d4b" outcome="Passed" testListId="8c84fa94-04c1-424b-9868-57a2d4851a1d" relativeResultsDirectory="ca63597b-e524-42c6-a355-5650ae443167" />
    <UnitTestResult executionId="0180f273-1d79-42a1-9364-3e83cba90462" testId="1981e6e5-4e09-441a-bee6-14fcc9e88955" testName="TFSTests.Agile.ProductBacklog Backlog_AddItemBehaviorAddsColumn_WhenOrderColumnNotDisplayed" computerName="TFSBUILD11" duration="00:00:00.0180000" startTime="2015-09-28T09:46:09.7930459-07:00" endTime="2015-09-28T09:46:09.7930459-07:00" testType="13cdc9d9-ddb5-4fa4-a97d-d965ccfc6d4b" outcome="Passed" testListId="8c84fa94-04c1-424b-9868-57a2d4851a1d" relativeResultsDirectory="0180f273-1d79-42a1-9364-3e83cba90462" />
    <UnitTestResult executionId="834ca669-b6b7-462a-9dc9-3a5dd5a2ab63" testId="fa062786-2da0-4559-a1cf-d72760619358" testName="TFSTests.Agile.ProductBacklog Backlog_AddItemBehaviorAddsColumn_WontAddColumnIfAlreadyExits" computerName="TFSBUILD11" duration="00:00:00.0180000" startTime="2015-09-28T09:46:09.7930459-07:00" endTime="2015-09-28T09:46:09.7930459-07:00" testType="13cdc9d9-ddb5-4fa4-a97d-d965ccfc6d4b" outcome="Passed" testListId="8c84fa94-04c1-424b-9868-57a2d4851a1d" relativeResultsDirectory="834ca669-b6b7-462a-9dc9-3a5dd5a2ab63" />
    <UnitTestResult executionId="e240b3dd-812a-4199-aa94-227d23425828" testId="c223ef64-faf2-4bda-afc2-dcc8c705a4ef" testName="TFSTests.Agile.ProductBacklog Backlog_AddItemBehaviorDoesntAddColumn_WhenOrderColumnIsDisplayed" computerName="TFSBUILD11" duration="00:00:00.0160000" startTime="2015-09-28T09:46:09.7930459-07:00" endTime="2015-09-28T09:46:09.7930459-07:00" testType="13cdc9d9-ddb5-4fa4-a97d-d965ccfc6d4b" outcome="Passed" testListId="8c84fa94-04c1-424b-9868-57a2d4851a1d" relativeResultsDirectory="e240b3dd-812a-4199-aa94-227d23425828" />
    <UnitTestResult executionId="41c74dc6-bdcf-4e7e-9b46-156a7a082e18" testId="3d7c9585-9e87-45c5-8c7f-1d7659b95ed2" testName="TFSTests.Agile.ProductBacklog Grid_CreateContextMenu" computerName="TFSBUILD11" duration="00:00:00.0430000" startTime="2015-09-28T09:46:09.7930459-07:00" endTime="2015-09-28T09:46:09.7930459-07:00" testType="13cdc9d9-ddb5-4fa4-a97d-d965ccfc6d4b" outcome="Passed" testListId="8c84fa94-04c1-424b-9868-57a2d4851a1d" relativeResultsDirectory="41c74dc6-bdcf-4e7e-9b46-156a7a082e18" />
    <UnitTestResult executionId="100af3f2-30a8-4982-bdad-7030b116f051" testId="93b0e06d-e4c8-48a5-a798-025786ed0814" testName="TFSTests.Agile.ProductBacklog Backlog_EnsureDropBehaviorIsNotPossible_WhenGridIsFiltered" computerName="TFSBUILD11" duration="00:00:00.0330000" startTime="2015-09-28T09:46:09.7930459-07:00" endTime="2015-09-28T09:46:09.7930459-07:00" testType="13cdc9d9-ddb5-4fa4-a97d-d965ccfc6d4b" outcome="Passed" testListId="8c84fa94-04c1-424b-9868-57a2d4851a1d" relativeResultsDirectory="100af3f2-30a8-4982-bdad-7030b116f051" />
    <UnitTestResult executionId="1a9eb964-a11c-4587-abd7-0a33ecfc7a24" testId="e7ec4139-a01c-42b5-8afa-f1ab73104909" testName="TFSTests.Agile.ProductBacklog Backlog_EnsureDropBehaviorIsPossible_WhenGridIsUnFiltered" computerName="TFSBUILD11" duration="00:00:00.0210000" startTime="2015-09-28T09:46:09.7930459-07:00" endTime="2015-09-28T09:46:09.7930459-07:00" testType="13cdc9d9-ddb5-4fa4-a97d-d965ccfc6d4b" outcome="Passed" testListId="8c84fa94-04c1-424b-9868-57a2d4851a1d" relativeResultsDirectory="1a9eb964-a11c-4587-abd7-0a33ecfc7a24" />
    <UnitTestResult executionId="ab413891-3871-4990-859f-ea167cd07493" testId="692fdf34-d23a-422a-bac1-bf3bd5b04adf" testName="TFSTests.Agile.ProductBacklog ProductBacklogItemHierarchyAdapter_Parent" computerName="TFSBUILD11" duration="00:00:00.0300000" startTime="2015-09-28T09:46:10.1244589-07:00" endTime="2015-09-28T09:46:10.1244589-07:00" testType="13cdc9d9-ddb5-4fa4-a97d-d965ccfc6d4b" outcome="Passed" testListId="8c84fa94-04c1-424b-9868-57a2d4851a1d" relativeResultsDirectory="ab413891-3871-4990-859f-ea167cd07493" />
    <UnitTestResult executionId="ac52f621-bba1-47c6-b619-09d07a40c565" testId="c5c0c032-42b9-475d-b9a7-c78562a2dc44" testName="TFSTests.Agile.ProductBacklog ProductBacklogItemHierarchyAdapter_Children" computerName="TFSBUILD11" duration="00:00:00.0350000" startTime="2015-09-28T09:46:10.1244589-07:00" endTime="2015-09-28T09:46:10.1244589-07:00" testType="13cdc9d9-ddb5-4fa4-a97d-d965ccfc6d4b" outcome="Passed" testListId="8c84fa94-04c1-424b-9868-57a2d4851a1d" relativeResultsDirectory="ac52f621-bba1-47c6-b619-09d07a40c565" />
    <UnitTestResult executionId="26a809aa-840d-4f62-9376-2054b54219d1" testId="5ee3f717-f62a-47e1-b01c-70c6b3fa62c1" testName="TFSTests.Agile.ProductBacklog ProductBacklogItemHierarchyAdapter_previousSibling" computerName="TFSBUILD11" duration="00:00:00.0330000" startTime="2015-09-28T09:46:10.1244589-07:00" endTime="2015-09-28T09:46:10.1244589-07:00" testType="13cdc9d9-ddb5-4fa4-a97d-d965ccfc6d4b" outcome="Passed" testListId="8c84fa94-04c1-424b-9868-57a2d4851a1d" relativeResultsDirectory="26a809aa-840d-4f62-9376-2054b54219d1" />
    <UnitTestResult executionId="e1a032b2-4090-4db6-8052-2227eb413036" testId="290aa98a-4d7e-4e33-87fb-e8bf7c66f667" testName="TFSTests.Agile.ProductBacklog ProductBacklogItemHierarchyAdapter_NextSibling" computerName="TFSBUILD11" duration="00:00:00.0270000" startTime="2015-09-28T09:46:10.1244589-07:00" endTime="2015-09-28T09:46:10.1244589-07:00" testType="13cdc9d9-ddb5-4fa4-a97d-d965ccfc6d4b" outcome="Passed" testListId="8c84fa94-04c1-424b-9868-57a2d4851a1d" relativeResultsDirectory="e1a032b2-4090-4db6-8052-2227eb413036" />
    <UnitTestResult executionId="f98de654-12bb-4fb0-87e2-d0c751cb23f6" testId="c8fc521f-0e91-470c-ae4e-bac580b285c4" testName="TFSTests.Agile.ProductBacklog ProductBacklogItemHierarchyAdapter_GetData" computerName="TFSBUILD11" duration="00:00:00.0330000" startTime="2015-09-28T09:46:10.1244589-07:00" endTime="2015-09-28T09:46:10.1244589-07:00" testType="13cdc9d9-ddb5-4fa4-a97d-d965ccfc6d4b" outcome="Passed" testListId="8c84fa94-04c1-424b-9868-57a2d4851a1d" relativeResultsDirectory="f98de654-12bb-4fb0-87e2-d0c751cb23f6" />
    <UnitTestResult executionId="b57f4ccb-8d2b-4308-ae01-d5e54e338a98" testId="370488dd-d8d9-4068-b716-308f0b5d805d" testName="TFSTests.Agile.ProductBacklog ProductBacklogItemHierarchyAdapter_Depth" computerName="TFSBUILD11" duration="00:00:00.0410000" startTime="2015-09-28T09:46:10.1244589-07:00" endTime="2015-09-28T09:46:10.1244589-07:00" testType="13cdc9d9-ddb5-4fa4-a97d-d965ccfc6d4b" outcome="Passed" testListId="8c84fa94-04c1-424b-9868-57a2d4851a1d" relativeResultsDirectory="b57f4ccb-8d2b-4308-ae01-d5e54e338a98" />
    <UnitTestResult executionId="80a0b463-68ea-4d15-a6c0-54119d88d72f" testId="3b2d7ae2-4be9-4763-8e78-7c26e306a5e8" testName="TFSTests.Agile.ProductBacklog ProductBacklogItemHierarchyAdapter_UnparentedRows" computerName="TFSBUILD11" duration="00:00:00.0430000" startTime="2015-09-28T09:46:10.1244589-07:00" endTime="2015-09-28T09:46:10.1244589-07:00" testType="13cdc9d9-ddb5-4fa4-a97d-d965ccfc6d4b" outcome="Passed" testListId="8c84fa94-04c1-424b-9868-57a2d4851a1d" relativeResultsDirectory="80a0b463-68ea-4d15-a6c0-54119d88d72f" />
    <UnitTestResult executionId="7af60d2c-fb5e-4a5d-b4dc-c5cbf7a7dd6c" testId="5dd31783-2b21-43f2-9667-2d2388550d98" testName="TFSTests.Agile.ProductBacklog Backlog_EnsureThatOnGridFiltering_RowSavingManager.updateIdToDataIndex_IsUpdated" computerName="TFSBUILD11" duration="00:00:00.0510000" startTime="2015-09-28T09:46:10.1244589-07:00" endTime="2015-09-28T09:46:10.1244589-07:00" testType="13cdc9d9-ddb5-4fa4-a97d-d965ccfc6d4b" outcome="Passed" testListId="8c84fa94-04c1-424b-9868-57a2d4851a1d" relativeResultsDirectory="7af60d2c-fb5e-4a5d-b4dc-c5cbf7a7dd6c" />
    <UnitTestResult executionId="ea6636ce-8c73-48f4-833d-8586cdd8e8e0" testId="5e90f6ec-bb77-47f4-8713-6c7c1cee36c9" testName="TFSTests.Agile.ProductBacklog Backlog_VerifyRowSavingManagerUpdateRow_InvokesIdToDataIndexMappingFunc" computerName="TFSBUILD11" duration="00:00:00.0340000" startTime="2015-09-28T09:46:10.1244589-07:00" endTime="2015-09-28T09:46:10.1244589-07:00" testType="13cdc9d9-ddb5-4fa4-a97d-d965ccfc6d4b" outcome="Passed" testListId="8c84fa94-04c1-424b-9868-57a2d4851a1d" relativeResultsDirectory="ea6636ce-8c73-48f4-833d-8586cdd8e8e0" />
    <UnitTestResult executionId="824fbb54-e480-4bd4-a5d4-a90dae941581" testId="9923c7c9-ddb0-4d44-9c76-b973680a5a86" testName="TFSTests.Agile.ProductBacklog Backlog_GetRootBacklogLevel_WillReturnDefaultLevelForEmptyGrid" computerName="TFSBUILD11" duration="00:00:00.0320000" startTime="2015-09-28T09:46:10.3228524-07:00" endTime="2015-09-28T09:46:10.3228524-07:00" testType="13cdc9d9-ddb5-4fa4-a97d-d965ccfc6d4b" outcome="Passed" testListId="8c84fa94-04c1-424b-9868-57a2d4851a1d" relativeResultsDirectory="824fbb54-e480-4bd4-a5d4-a90dae941581" />
    <UnitTestResult executionId="c5ed0992-9258-4e15-ace2-c38cc8ce0ea5" testId="794dcc49-4e50-40ce-abae-68926634ad0d" testName="TFSTests.Agile.ProductBacklog Backlog_GetRootBacklogLevel_WillReturnCorrectLevelForUnselectedLevels" computerName="TFSBUILD11" duration="00:00:00.0310000" startTime="2015-09-28T09:46:10.3238523-07:00" endTime="2015-09-28T09:46:10.3238523-07:00" testType="13cdc9d9-ddb5-4fa4-a97d-d965ccfc6d4b" outcome="Passed" testListId="8c84fa94-04c1-424b-9868-57a2d4851a1d" relativeResultsDirectory="c5ed0992-9258-4e15-ace2-c38cc8ce0ea5" />
    <UnitTestResult executionId="5ebddac5-c7eb-4b0a-b459-5b603eeda615" testId="906d3178-742d-4441-8770-99b5c34f025d" testName="TFSTests.Agile.ProductBacklog Backlog_VerifyTitleColumnIndexResetOnProductBacklogGrid.UpdateDataModel" computerName="TFSBUILD11" duration="00:00:00.0340000" startTime="2015-09-28T09:46:10.3238523-07:00" endTime="2015-09-28T09:46:10.3238523-07:00" testType="13cdc9d9-ddb5-4fa4-a97d-d965ccfc6d4b" outcome="Passed" testListId="8c84fa94-04c1-424b-9868-57a2d4851a1d" relativeResultsDirectory="5ebddac5-c7eb-4b0a-b459-5b603eeda615" />
    <UnitTestResult executionId="87dd7306-013d-4609-827a-2e902770d0db" testId="891b088b-7c3e-4924-ae07-dfab5f1d7287" testName="TFSTests.Agile.ProductBacklog SprintAssignment_Custom_WIT_Types" computerName="TFSBUILD11" duration="00:00:00.0170000" startTime="2015-09-28T09:46:10.3238523-07:00" endTime="2015-09-28T09:46:10.3238523-07:00" testType="13cdc9d9-ddb5-4fa4-a97d-d965ccfc6d4b" outcome="Passed" testListId="8c84fa94-04c1-424b-9868-57a2d4851a1d" relativeResultsDirectory="87dd7306-013d-4609-827a-2e902770d0db" />
    <UnitTestResult executionId="3b49071e-2176-4d8a-8c97-b33acb3e18ec" testId="fb31e681-f78d-4fa3-83f2-d3bf6ea8ad33" testName="TFSTests.Agile.ProductBacklog SprintBacklog_OrphanTasks_Renderer" computerName="TFSBUILD11" duration="00:00:00.0180000" startTime="2015-09-28T09:46:10.3238523-07:00" endTime="2015-09-28T09:46:10.3238523-07:00" testType="13cdc9d9-ddb5-4fa4-a97d-d965ccfc6d4b" outcome="Passed" testListId="8c84fa94-04c1-424b-9868-57a2d4851a1d" relativeResultsDirectory="3b49071e-2176-4d8a-8c97-b33acb3e18ec" />
    <UnitTestResult executionId="838f2d4e-7206-427c-b8ab-7f24cbc03de1" testId="19b1603c-f1a2-40a2-8c84-5461f71e7062" testName="TFSTests.Agile.ProductBacklog SprintBacklog_OrphanTasks_GroupRow_Common" computerName="TFSBUILD11" duration="00:00:00.0160000" startTime="2015-09-28T09:46:10.3238523-07:00" endTime="2015-09-28T09:46:10.3238523-07:00" testType="13cdc9d9-ddb5-4fa4-a97d-d965ccfc6d4b" outcome="Passed" testListId="8c84fa94-04c1-424b-9868-57a2d4851a1d" relativeResultsDirectory="838f2d4e-7206-427c-b8ab-7f24cbc03de1" />
    <UnitTestResult executionId="1c2424c8-ccaf-493c-9321-792439296b17" testId="81b1ca14-b8b4-407d-aaaa-64ffa2303360" testName="TFSTests.Agile.ProductBacklog SprintBacklog_OrphanTasks_GroupRow" computerName="TFSBUILD11" duration="00:00:00.0180000" startTime="2015-09-28T09:46:10.3248498-07:00" endTime="2015-09-28T09:46:10.3248498-07:00" testType="13cdc9d9-ddb5-4fa4-a97d-d965ccfc6d4b" outcome="Passed" testListId="8c84fa94-04c1-424b-9868-57a2d4851a1d" relativeResultsDirectory="1c2424c8-ccaf-493c-9321-792439296b17" />
    <UnitTestResult executionId="05ac09cf-28a7-4c2a-906b-8302450f6189" testId="c83fbae5-6446-41d3-8a91-005e1d135569" testName="TFSTests.Agile.ProductBacklog.QuickExpandCollapse QuickExpandCollapse_TestFlatBacklog" computerName="TFSBUILD11" duration="00:00:00.0160000" startTime="2015-09-28T09:46:10.3248498-07:00" endTime="2015-09-28T09:46:10.3248498-07:00" testType="13cdc9d9-ddb5-4fa4-a97d-d965ccfc6d4b" outcome="Passed" testListId="8c84fa94-04c1-424b-9868-57a2d4851a1d" relativeResultsDirectory="05ac09cf-28a7-4c2a-906b-8302450f6189" />
    <UnitTestResult executionId="03cddd9b-ad30-4d92-ba33-e5be258bf1a5" testId="6711ed32-ab7b-445b-b0ba-53c013b1c5fd" testName="TFSTests.Agile.ProductBacklog.QuickExpandCollapse QuickExpandCollapse_TestTwoLevelHierarchy" computerName="TFSBUILD11" duration="00:00:00.0150000" startTime="2015-09-28T09:46:10.3248498-07:00" endTime="2015-09-28T09:46:10.3248498-07:00" testType="13cdc9d9-ddb5-4fa4-a97d-d965ccfc6d4b" outcome="Passed" testListId="8c84fa94-04c1-424b-9868-57a2d4851a1d" relativeResultsDirectory="03cddd9b-ad30-4d92-ba33-e5be258bf1a5" />
    <UnitTestResult executionId="6b29f35f-225e-414c-8fb0-1f3145334f81" testId="cd8b88c3-f709-4326-9ae2-f767a6c77750" testName="TFSTests.Agile.ProductBacklog.QuickExpandCollapse QuickExpandCollapse_TestHierarchyWithInitialRowsExanded" computerName="TFSBUILD11" duration="00:00:00.0140000" startTime="2015-09-28T09:46:10.5135247-07:00" endTime="2015-09-28T09:46:10.5135247-07:00" testType="13cdc9d9-ddb5-4fa4-a97d-d965ccfc6d4b" outcome="Passed" testListId="8c84fa94-04c1-424b-9868-57a2d4851a1d" relativeResultsDirectory="6b29f35f-225e-414c-8fb0-1f3145334f81" />
    <UnitTestResult executionId="fd495080-b881-4829-888d-1c15581d2311" testId="9d09d49e-96b6-45c2-904c-c42daaf64cd9" testName="TFSTests.Agile.ProductBacklog.QuickExpandCollapse QuickExpandCollapse_TestHierarchyWithUnparentedRows" computerName="TFSBUILD11" duration="00:00:00.0150000" startTime="2015-09-28T09:46:10.5135247-07:00" endTime="2015-09-28T09:46:10.5135247-07:00" testType="13cdc9d9-ddb5-4fa4-a97d-d965ccfc6d4b" outcome="Passed" testListId="8c84fa94-04c1-424b-9868-57a2d4851a1d" relativeResultsDirectory="fd495080-b881-4829-888d-1c15581d2311" />
    <UnitTestResult executionId="6f686c7a-9511-46aa-a92c-664d616d306d" testId="18bfb2ee-5010-4009-9dcd-09853a56cef9" testName="TFSTests.Agile.ProductBacklog.QuickExpandCollapse QuickExpandCollapse_TestEmptyHierarchy" computerName="TFSBUILD11" duration="00:00:00.0140000" startTime="2015-09-28T09:46:10.5135247-07:00" endTime="2015-09-28T09:46:10.5135247-07:00" testType="13cdc9d9-ddb5-4fa4-a97d-d965ccfc6d4b" outcome="Passed" testListId="8c84fa94-04c1-424b-9868-57a2d4851a1d" relativeResultsDirectory="6f686c7a-9511-46aa-a92c-664d616d306d" />
    <UnitTestResult executionId="322b8125-02f9-46ac-9e75-18cea6139c24" testId="cfc7530f-82aa-4930-9e72-65eb850334f4" testName="TFSTests.Agile.ProductBacklog.QuickExpandCollapse QuickExpandCollapse_TestWithInitialRowsCollapsed" computerName="TFSBUILD11" duration="00:00:00.0150000" startTime="2015-09-28T09:46:10.5135247-07:00" endTime="2015-09-28T09:46:10.5135247-07:00" testType="13cdc9d9-ddb5-4fa4-a97d-d965ccfc6d4b" outcome="Passed" testListId="8c84fa94-04c1-424b-9868-57a2d4851a1d" relativeResultsDirectory="322b8125-02f9-46ac-9e75-18cea6139c24" />
    <UnitTestResult executionId="9fcddea5-94c3-4799-a621-eb3ed4395e54" testId="fb3ae7cf-0ee0-4661-924c-5ef400d65b9b" testName="TFSTests.Agile.ProductBacklog.QuickExpandCollapse QuickExpandCollapse_TestThatImmediateChildrenAreCollapsed" computerName="TFSBUILD11" duration="00:00:00.0690000" startTime="2015-09-28T09:46:10.5145200-07:00" endTime="2015-09-28T09:46:10.5145200-07:00" testType="13cdc9d9-ddb5-4fa4-a97d-d965ccfc6d4b" outcome="Passed" testListId="8c84fa94-04c1-424b-9868-57a2d4851a1d" relativeResultsDirectory="9fcddea5-94c3-4799-a621-eb3ed4395e54" />
    <UnitTestResult executionId="d723de5d-a34f-4515-a04a-26e9c3900bb5" testId="78d9fd82-2c8e-49c4-bc0f-070e6d48115e" testName="TFSTests.Agile.ProductBacklog.QuickExpandCollapse QuickExpandCollapse_TestWithOneItemInBacklog" computerName="TFSBUILD11" duration="00:00:00.0150000" startTime="2015-09-28T09:46:10.5145200-07:00" endTime="2015-09-28T09:46:10.5145200-07:00" testType="13cdc9d9-ddb5-4fa4-a97d-d965ccfc6d4b" outcome="Passed" testListId="8c84fa94-04c1-424b-9868-57a2d4851a1d" relativeResultsDirectory="d723de5d-a34f-4515-a04a-26e9c3900bb5" />
    <UnitTestResult executionId="7d83fc90-a373-44b0-b43c-944a2404380b" testId="4df86b08-5e9f-4e2d-8ce7-add3a21adced" testName="TFSTests.Agile.ProductBacklog.QuickExpandCollapse QuickExpandCollapse_TestNestedRowsWithOneLeafItem" computerName="TFSBUILD11" duration="00:00:00.0160000" startTime="2015-09-28T09:46:10.5145200-07:00" endTime="2015-09-28T09:46:10.5145200-07:00" testType="13cdc9d9-ddb5-4fa4-a97d-d965ccfc6d4b" outcome="Passed" testListId="8c84fa94-04c1-424b-9868-57a2d4851a1d" relativeResultsDirectory="7d83fc90-a373-44b0-b43c-944a2404380b" />
    <UnitTestResult executionId="5b8c58cc-fead-4148-96e1-cf115831243f" testId="6abb4138-f759-4feb-be5c-db2319b52af2" testName="TFSTests.Agile.ProductBacklog.QuickExpandCollapse QuickExpandCollapse_TestNestedUnparentedRowsWithOneItem" computerName="TFSBUILD11" duration="00:00:00.0150000" startTime="2015-09-28T09:46:10.5145200-07:00" endTime="2015-09-28T09:46:10.5145200-07:00" testType="13cdc9d9-ddb5-4fa4-a97d-d965ccfc6d4b" outcome="Passed" testListId="8c84fa94-04c1-424b-9868-57a2d4851a1d" relativeResultsDirectory="5b8c58cc-fead-4148-96e1-cf115831243f" />
    <UnitTestResult executionId="3d4dc158-71d2-4964-9de7-40598693514c" testId="8371b289-21da-45bd-96d8-8ac75d4bf81e" testName="TFSTests.Agile.ProductBacklog.QuickExpandCollapse QuickExpandCollapse_TestUnparentedRows" computerName="TFSBUILD11" duration="00:00:00.0140000" startTime="2015-09-28T09:46:10.5155204-07:00" endTime="2015-09-28T09:46:10.5155204-07:00" testType="13cdc9d9-ddb5-4fa4-a97d-d965ccfc6d4b" outcome="Passed" testListId="8c84fa94-04c1-424b-9868-57a2d4851a1d" relativeResultsDirectory="3d4dc158-71d2-4964-9de7-40598693514c" />
    <UnitTestResult executionId="2af1a8f2-013d-4e6e-9ccf-91cc4c71f4a7" testId="465fd6df-68ce-479c-b549-4ae635a1d463" testName="TFSTests.Agile.ProductBacklog.UnparentedRowTests TestOrphanGroupOnProductBacklog" computerName="TFSBUILD11" duration="00:00:00.0200000" startTime="2015-09-28T09:46:10.7853429-07:00" endTime="2015-09-28T09:46:10.7853429-07:00" testType="13cdc9d9-ddb5-4fa4-a97d-d965ccfc6d4b" outcome="Passed" testListId="8c84fa94-04c1-424b-9868-57a2d4851a1d" relativeResultsDirectory="2af1a8f2-013d-4e6e-9ccf-91cc4c71f4a7" />
    <UnitTestResult executionId="c3f88702-daea-4d24-b4ba-4729d3c15b88" testId="de26f0db-d593-4d0d-9906-7bd2ecb84e8c" testName="TFSTests.Agile.ProductBacklogAddPanel AddPanel_VerifyRegisterAndFireAddEvent" computerName="TFSBUILD11" duration="00:00:00.0520000" startTime="2015-09-28T09:46:10.7863391-07:00" endTime="2015-09-28T09:46:10.7863391-07:00" testType="13cdc9d9-ddb5-4fa4-a97d-d965ccfc6d4b" outcome="Passed" testListId="8c84fa94-04c1-424b-9868-57a2d4851a1d" relativeResultsDirectory="c3f88702-daea-4d24-b4ba-4729d3c15b88" />
    <UnitTestResult executionId="7ce168d2-ff3b-48ac-b119-acca85cf2db4" testId="5c5c67bf-d7a2-49bd-a20c-d96451149719" testName="TFSTests.Agile.ProductBacklogAddPanel AddPanel_VerifyAddButtonIsEnabledAfterWorkItemFormCancel" computerName="TFSBUILD11" duration="00:00:00.0330000" startTime="2015-09-28T09:46:10.7863391-07:00" endTime="2015-09-28T09:46:10.7863391-07:00" testType="13cdc9d9-ddb5-4fa4-a97d-d965ccfc6d4b" outcome="Passed" testListId="8c84fa94-04c1-424b-9868-57a2d4851a1d" relativeResultsDirectory="7ce168d2-ff3b-48ac-b119-acca85cf2db4" />
    <UnitTestResult executionId="328c93ac-74c5-4061-9842-eca9d1ce26d7" testId="08ca0663-ee1c-4a15-bc19-70da6cea7aaf" testName="TFSTests.Agile.ProductBacklogAddPanel AddPanel_VerifyRegisterAndFireTypeChangedEvent" computerName="TFSBUILD11" duration="00:00:00.0290000" startTime="2015-09-28T09:46:10.7863391-07:00" endTime="2015-09-28T09:46:10.7863391-07:00" testType="13cdc9d9-ddb5-4fa4-a97d-d965ccfc6d4b" outcome="Passed" testListId="8c84fa94-04c1-424b-9868-57a2d4851a1d" relativeResultsDirectory="328c93ac-74c5-4061-9842-eca9d1ce26d7" />
    <UnitTestResult executionId="0d4b44e5-ee47-45f5-98ec-50e12538b575" testId="ee1bd011-bf7a-484a-b60d-fb73d240b16f" testName="TFSTests.Agile.ProductBacklogAddPanel AddPanel_EnsureSingleWorkItemTypeCreatesSingleDiv" computerName="TFSBUILD11" duration="00:00:00.0250000" startTime="2015-09-28T09:46:10.7863391-07:00" endTime="2015-09-28T09:46:10.7863391-07:00" testType="13cdc9d9-ddb5-4fa4-a97d-d965ccfc6d4b" outcome="Passed" testListId="8c84fa94-04c1-424b-9868-57a2d4851a1d" relativeResultsDirectory="0d4b44e5-ee47-45f5-98ec-50e12538b575" />
    <UnitTestResult executionId="a6cc89bf-d994-45d0-b29d-5202b2e0394c" testId="9b522c01-9800-4fe3-b671-fca8a2ce7007" testName="TFSTests.Agile.ProductBacklogAddPanel AddPanel_EnsureMultipleWorkItemTypesCreatesControlStructure" computerName="TFSBUILD11" duration="00:00:00.0250000" startTime="2015-09-28T09:46:10.7873398-07:00" endTime="2015-09-28T09:46:10.7873398-07:00" testType="13cdc9d9-ddb5-4fa4-a97d-d965ccfc6d4b" outcome="Passed" testListId="8c84fa94-04c1-424b-9868-57a2d4851a1d" relativeResultsDirectory="a6cc89bf-d994-45d0-b29d-5202b2e0394c" />
    <UnitTestResult executionId="e43e6d39-8ea0-4146-ae6a-bf81ff371d27" testId="f2d5bd0d-f183-4165-bfb8-47be29904ab2" testName="TFSTests.Agile.ProductBacklogAddPanel AddPanel_SingleConfiguredFieldGeneratesSingleRowWithButton" computerName="TFSBUILD11" duration="00:00:00.0260000" startTime="2015-09-28T09:46:10.7873398-07:00" endTime="2015-09-28T09:46:10.7873398-07:00" testType="13cdc9d9-ddb5-4fa4-a97d-d965ccfc6d4b" outcome="Passed" testListId="8c84fa94-04c1-424b-9868-57a2d4851a1d" relativeResultsDirectory="e43e6d39-8ea0-4146-ae6a-bf81ff371d27" />
    <UnitTestResult executionId="cbc63e88-05b7-4925-a54e-8008be1800ab" testId="abc46ddd-b05f-414e-a0bf-7cd4dcc3b523" testName="TFSTests.Agile.ProductBacklogAddPanel AddPanel_MultipleConfiguredFieldsGeneratesLastRowWithButton" computerName="TFSBUILD11" duration="00:00:00.0300000" startTime="2015-09-28T09:46:10.7873398-07:00" endTime="2015-09-28T09:46:10.7873398-07:00" testType="13cdc9d9-ddb5-4fa4-a97d-d965ccfc6d4b" outcome="Passed" testListId="8c84fa94-04c1-424b-9868-57a2d4851a1d" relativeResultsDirectory="cbc63e88-05b7-4925-a54e-8008be1800ab" />
    <UnitTestResult executionId="da0b32e5-683d-4ca3-b530-b6102ea0fa7e" testId="572fa659-1ffc-4f71-adb5-4a4bdc69b55b" testName="TFSTests.Agile.ProductBacklogAddPanel AddPanel_SpecialFieldsAreDisplayedFullWidthOnTheForm" computerName="TFSBUILD11" duration="00:00:00.0290000" startTime="2015-09-28T09:46:10.7873398-07:00" endTime="2015-09-28T09:46:10.7873398-07:00" testType="13cdc9d9-ddb5-4fa4-a97d-d965ccfc6d4b" outcome="Passed" testListId="8c84fa94-04c1-424b-9868-57a2d4851a1d" relativeResultsDirectory="da0b32e5-683d-4ca3-b530-b6102ea0fa7e" />
    <UnitTestResult executionId="8b1c2344-bdb3-46d9-afe3-f81ffc706234" testId="fd5988a7-af7b-41ec-8f88-a9c06231ec45" testName="TFSTests.Agile.ProductBacklogAddPanel AddPanel_VerifyFocusReturnsToAddPanelAfterAdd" computerName="TFSBUILD11" duration="00:00:00.0360000" startTime="2015-09-28T09:46:11.2004891-07:00" endTime="2015-09-28T09:46:11.2004891-07:00" testType="13cdc9d9-ddb5-4fa4-a97d-d965ccfc6d4b" outcome="Passed" testListId="8c84fa94-04c1-424b-9868-57a2d4851a1d" relativeResultsDirectory="8b1c2344-bdb3-46d9-afe3-f81ffc706234" />
    <UnitTestResult executionId="4f51323d-43bc-4f4c-8b79-7c7afc108fed" testId="41d7889b-639e-4213-b0cd-bac9be7f19d2" testName="TFSTests.Agile.SprintPlanning IterationBacklog_buildToolbarItems_generatesCorrectItems" computerName="TFSBUILD11" duration="00:00:00.0700000" startTime="2015-09-28T09:46:11.2004891-07:00" endTime="2015-09-28T09:46:11.2004891-07:00" testType="13cdc9d9-ddb5-4fa4-a97d-d965ccfc6d4b" outcome="Passed" testListId="8c84fa94-04c1-424b-9868-57a2d4851a1d" relativeResultsDirectory="4f51323d-43bc-4f4c-8b79-7c7afc108fed" />
    <UnitTestResult executionId="500666cf-96ce-4a44-acca-e248918f1b9b" testId="251b7198-7a12-4444-b8d0-7dca269cefe4" testName="TFSTests.Agile.SprintPlanning IterationBacklog_AddPanelInitialization" computerName="TFSBUILD11" duration="00:00:00.0440000" startTime="2015-09-28T09:46:11.2004891-07:00" endTime="2015-09-28T09:46:11.2004891-07:00" testType="13cdc9d9-ddb5-4fa4-a97d-d965ccfc6d4b" outcome="Passed" testListId="8c84fa94-04c1-424b-9868-57a2d4851a1d" relativeResultsDirectory="500666cf-96ce-4a44-acca-e248918f1b9b" />
    <UnitTestResult executionId="05809337-16df-4f40-98a1-1fcc9e8b9ec8" testId="6f785f3f-3f24-4dbb-a68f-c03b3ed2bf60" testName="TFSTests.Agile.SprintPlanning IterationBacklog_AddPanelToggle" computerName="TFSBUILD11" duration="00:00:00.0500000" startTime="2015-09-28T09:46:11.2004891-07:00" endTime="2015-09-28T09:46:11.2004891-07:00" testType="13cdc9d9-ddb5-4fa4-a97d-d965ccfc6d4b" outcome="Passed" testListId="8c84fa94-04c1-424b-9868-57a2d4851a1d" relativeResultsDirectory="05809337-16df-4f40-98a1-1fcc9e8b9ec8" />
    <UnitTestResult executionId="a1cb0436-82e3-47af-bd5f-3c345d4dfa78" testId="f82cc95f-f03e-4876-98de-32959952955c" testName="TFSTests.Agile.SprintPlanning IterationBacklog_AddPanelCurrentSelectionValid" computerName="TFSBUILD11" duration="00:00:00.0700000" startTime="2015-09-28T09:46:11.2004891-07:00" endTime="2015-09-28T09:46:11.2004891-07:00" testType="13cdc9d9-ddb5-4fa4-a97d-d965ccfc6d4b" outcome="Passed" testListId="8c84fa94-04c1-424b-9868-57a2d4851a1d" relativeResultsDirectory="a1cb0436-82e3-47af-bd5f-3c345d4dfa78" />
    <UnitTestResult executionId="046e284c-8c9f-46f8-9ac5-98a00ac5ea1f" testId="857df30f-448c-4dc0-bc49-9766f36b8242" testName="TFSTests.Agile.SprintPlanning IterationBacklog_AddPanelAddWorkItemSetsIterationPath" computerName="TFSBUILD11" duration="00:00:00.0760000" startTime="2015-09-28T09:46:11.2004891-07:00" endTime="2015-09-28T09:46:11.2004891-07:00" testType="13cdc9d9-ddb5-4fa4-a97d-d965ccfc6d4b" outcome="Passed" testListId="8c84fa94-04c1-424b-9868-57a2d4851a1d" relativeResultsDirectory="046e284c-8c9f-46f8-9ac5-98a00ac5ea1f" />
    <UnitTestResult executionId="0dfbf498-d1a1-41d7-b2d5-9b330e8f0289" testId="3696faf6-d233-40f8-9bd0-01a4b1650f68" testName="TFSTests.Agile.SprintPlanning TeamMemberCapacity_GetTeamMemberId" computerName="TFSBUILD11" duration="00:00:00.0280000" startTime="2015-09-28T09:46:11.2004891-07:00" endTime="2015-09-28T09:46:11.2004891-07:00" testType="13cdc9d9-ddb5-4fa4-a97d-d965ccfc6d4b" outcome="Passed" testListId="8c84fa94-04c1-424b-9868-57a2d4851a1d" relativeResultsDirectory="0dfbf498-d1a1-41d7-b2d5-9b330e8f0289" />
    <UnitTestResult executionId="709fc8a5-3cb8-49a2-8af4-4428d00eb1b4" testId="1c8417c4-6e9e-483b-917d-6561e42f2500" testName="TFSTests.Agile.SprintPlanning TeamMemberCapacity_GetTeamMemberDisplayName" computerName="TFSBUILD11" duration="00:00:00.0200000" startTime="2015-09-28T09:46:11.2004891-07:00" endTime="2015-09-28T09:46:11.2004891-07:00" testType="13cdc9d9-ddb5-4fa4-a97d-d965ccfc6d4b" outcome="Passed" testListId="8c84fa94-04c1-424b-9868-57a2d4851a1d" relativeResultsDirectory="709fc8a5-3cb8-49a2-8af4-4428d00eb1b4" />
    <UnitTestResult executionId="c8eed927-e8d1-4279-969e-dc23eae5ed5c" testId="875e7416-540b-46b8-acf5-6ce236e4c066" testName="TFSTests.Agile.SprintPlanning TeamMemberCapacity_GetDailyCapacity" computerName="TFSBUILD11" duration="00:00:00.0210000" startTime="2015-09-28T09:46:11.2004891-07:00" endTime="2015-09-28T09:46:11.2004891-07:00" testType="13cdc9d9-ddb5-4fa4-a97d-d965ccfc6d4b" outcome="Passed" testListId="8c84fa94-04c1-424b-9868-57a2d4851a1d" relativeResultsDirectory="c8eed927-e8d1-4279-969e-dc23eae5ed5c" />
    <UnitTestResult executionId="35aae91f-faec-4319-9ff3-ce1d3032f11e" testId="f3ab439a-4e22-4c9d-b746-12540de51f6b" testName="TFSTests.Agile.SprintPlanning TeamMemberCapacity_GetDaysOffDatesReturnsCorrectValue" computerName="TFSBUILD11" duration="00:00:00.0240000" startTime="2015-09-28T09:46:11.4365018-07:00" endTime="2015-09-28T09:46:11.4365018-07:00" testType="13cdc9d9-ddb5-4fa4-a97d-d965ccfc6d4b" outcome="Passed" testListId="8c84fa94-04c1-424b-9868-57a2d4851a1d" relativeResultsDirectory="35aae91f-faec-4319-9ff3-ce1d3032f11e" />
    <UnitTestResult executionId="2a521305-dcb8-42c2-a731-0127b4d002da" testId="a26cb49c-2cf1-48e5-bd40-70928da1b010" testName="TFSTests.Agile.SprintPlanning TeamMemberCapacity_SetDaysOffDatesSortsAndSetsValue" computerName="TFSBUILD11" duration="00:00:00.0310000" startTime="2015-09-28T09:46:11.4365018-07:00" endTime="2015-09-28T09:46:11.4365018-07:00" testType="13cdc9d9-ddb5-4fa4-a97d-d965ccfc6d4b" outcome="Passed" testListId="8c84fa94-04c1-424b-9868-57a2d4851a1d" relativeResultsDirectory="2a521305-dcb8-42c2-a731-0127b4d002da" />
    <UnitTestResult executionId="35c8383e-082f-4684-9296-291c64690e40" testId="57549af8-2d0b-4c6e-840f-3c943dffc58d" testName="TFSTests.Agile.SprintPlanning TeamMemberCapacity_GetActivity" computerName="TFSBUILD11" duration="00:00:00.0220000" startTime="2015-09-28T09:46:11.4365018-07:00" endTime="2015-09-28T09:46:11.4365018-07:00" testType="13cdc9d9-ddb5-4fa4-a97d-d965ccfc6d4b" outcome="Passed" testListId="8c84fa94-04c1-424b-9868-57a2d4851a1d" relativeResultsDirectory="35c8383e-082f-4684-9296-291c64690e40" />
    <UnitTestResult executionId="6246e4a5-9a1f-46f8-b7cf-5bdf0d96912b" testId="516e1f61-acf7-4300-bc63-0ce7e9567104" testName="TFSTests.Agile.SprintPlanning TeamMemberCapacity_SetDailyCapacity" computerName="TFSBUILD11" duration="00:00:00.0240000" startTime="2015-09-28T09:46:11.4365018-07:00" endTime="2015-09-28T09:46:11.4365018-07:00" testType="13cdc9d9-ddb5-4fa4-a97d-d965ccfc6d4b" outcome="Passed" testListId="8c84fa94-04c1-424b-9868-57a2d4851a1d" relativeResultsDirectory="6246e4a5-9a1f-46f8-b7cf-5bdf0d96912b" />
    <UnitTestResult executionId="5a6ea335-f62b-4c75-b912-c719df223c69" testId="4835611d-4a78-44af-b011-10cc95468ff3" testName="TFSTests.Agile.SprintPlanning TeamMemberCapacity_SetActivity" computerName="TFSBUILD11" duration="00:00:00.0260000" startTime="2015-09-28T09:46:11.4365018-07:00" endTime="2015-09-28T09:46:11.4365018-07:00" testType="13cdc9d9-ddb5-4fa4-a97d-d965ccfc6d4b" outcome="Passed" testListId="8c84fa94-04c1-424b-9868-57a2d4851a1d" relativeResultsDirectory="5a6ea335-f62b-4c75-b912-c719df223c69" />
    <UnitTestResult executionId="0624a326-853d-4f29-a2ca-7cab82947c1c" testId="420b5fc3-623d-4d78-8137-cff0ad7579f4" testName="TFSTests.Agile.SprintPlanning TeamMemberCapacity_GetTotalRemainingCapacityWithTeamAndIndividualDaysOffSpecified" computerName="TFSBUILD11" duration="00:00:00.0230000" startTime="2015-09-28T09:46:11.4365018-07:00" endTime="2015-09-28T09:46:11.4365018-07:00" testType="13cdc9d9-ddb5-4fa4-a97d-d965ccfc6d4b" outcome="Passed" testListId="8c84fa94-04c1-424b-9868-57a2d4851a1d" relativeResultsDirectory="0624a326-853d-4f29-a2ca-7cab82947c1c" />
    <UnitTestResult executionId="4eb17ed4-5a5e-4da0-b4d1-c48cc0da2580" testId="665d6f47-f51b-4214-8fa0-2b7dd00ad91b" testName="TFSTests.Agile.SprintPlanning TeamMemberCapacity_GetTotalRemainingCapacityWithIndividualDaysOffSpecified" computerName="TFSBUILD11" duration="00:00:00.0290000" startTime="2015-09-28T09:46:11.4365018-07:00" endTime="2015-09-28T09:46:11.4365018-07:00" testType="13cdc9d9-ddb5-4fa4-a97d-d965ccfc6d4b" outcome="Passed" testListId="8c84fa94-04c1-424b-9868-57a2d4851a1d" relativeResultsDirectory="4eb17ed4-5a5e-4da0-b4d1-c48cc0da2580" />
    <UnitTestResult executionId="8aae9fb4-f596-48f8-b43f-a242d178369a" testId="6dbe06a8-4128-4218-b47b-cc4424945b33" testName="TFSTests.Agile.SprintPlanning TeamMemberCapacity_GetTotalRemainingCapacityWithoutAnyDaysOff" computerName="TFSBUILD11" duration="00:00:00.0240000" startTime="2015-09-28T09:46:11.4365018-07:00" endTime="2015-09-28T09:46:11.4365018-07:00" testType="13cdc9d9-ddb5-4fa4-a97d-d965ccfc6d4b" outcome="Passed" testListId="8c84fa94-04c1-424b-9868-57a2d4851a1d" relativeResultsDirectory="8aae9fb4-f596-48f8-b43f-a242d178369a" />
    <UnitTestResult executionId="fec5e608-2688-4f9e-9db8-fa3b1daefb21" testId="259a3e3a-56d3-43f7-95dd-eaf9776c7e16" testName="TFSTests.Agile.SprintPlanning TeamMemberCapacity_GetRemainingWorkingDaysOverlapWithTeamDaysOff" computerName="TFSBUILD11" duration="00:00:00.0310000" startTime="2015-09-28T09:46:11.4365018-07:00" endTime="2015-09-28T09:46:11.4365018-07:00" testType="13cdc9d9-ddb5-4fa4-a97d-d965ccfc6d4b" outcome="Passed" testListId="8c84fa94-04c1-424b-9868-57a2d4851a1d" relativeResultsDirectory="fec5e608-2688-4f9e-9db8-fa3b1daefb21" />
    <UnitTestResult executionId="6893d541-d89b-4946-bcf5-d3942d32ce61" testId="891e0cbc-4986-4024-9dfa-a7928535cde2" testName="TFSTests.Agile.SprintPlanning TeamMemberCapacity_GetRemainingWorkingDaysDaysOffBeforeCurrentDateAndAfterSprintEnd" computerName="TFSBUILD11" duration="00:00:00.0320000" startTime="2015-09-28T09:46:11.6805974-07:00" endTime="2015-09-28T09:46:11.6805974-07:00" testType="13cdc9d9-ddb5-4fa4-a97d-d965ccfc6d4b" outcome="Passed" testListId="8c84fa94-04c1-424b-9868-57a2d4851a1d" relativeResultsDirectory="6893d541-d89b-4946-bcf5-d3942d32ce61" />
    <UnitTestResult executionId="10b8fe96-f591-4456-a4c4-eb8de15cef9a" testId="eff0c60f-e376-4dfc-8015-c341bf3ab5c9" testName="TFSTests.Agile.SprintPlanning TeamMemberCapacity_GetRemainingWorkingDaysNonOverlappingDaysOff" computerName="TFSBUILD11" duration="00:00:00.0300000" startTime="2015-09-28T09:46:11.6805974-07:00" endTime="2015-09-28T09:46:11.6805974-07:00" testType="13cdc9d9-ddb5-4fa4-a97d-d965ccfc6d4b" outcome="Passed" testListId="8c84fa94-04c1-424b-9868-57a2d4851a1d" relativeResultsDirectory="10b8fe96-f591-4456-a4c4-eb8de15cef9a" />
    <UnitTestResult executionId="eca791ee-bfd1-4efc-9b5d-36426c99202d" testId="4f7f468c-a867-41a0-a1fc-bf0f833a5b1c" testName="TFSTests.Agile.SprintPlanning TeamMemberCapacity_GetRemainingWorkingDaysDaysOffOnWeekends" computerName="TFSBUILD11" duration="00:00:00.0300000" startTime="2015-09-28T09:46:11.6805974-07:00" endTime="2015-09-28T09:46:11.6805974-07:00" testType="13cdc9d9-ddb5-4fa4-a97d-d965ccfc6d4b" outcome="Passed" testListId="8c84fa94-04c1-424b-9868-57a2d4851a1d" relativeResultsDirectory="eca791ee-bfd1-4efc-9b5d-36426c99202d" />
    <UnitTestResult executionId="d3dee475-54ff-4a6b-812c-5579fc04db46" testId="f0536ff5-2252-4437-8521-40952244631e" testName="TFSTests.Agile.SprintPlanning TeamMemberCapacity_GetRemainingWorkingDaysStaggeredOverlap" computerName="TFSBUILD11" duration="00:00:00.0300000" startTime="2015-09-28T09:46:11.6805974-07:00" endTime="2015-09-28T09:46:11.6805974-07:00" testType="13cdc9d9-ddb5-4fa4-a97d-d965ccfc6d4b" outcome="Passed" testListId="8c84fa94-04c1-424b-9868-57a2d4851a1d" relativeResultsDirectory="d3dee475-54ff-4a6b-812c-5579fc04db46" />
    <UnitTestResult executionId="fdd54391-f5c8-4c81-919e-430c5749c296" testId="01c14908-b8e1-43c5-a1e4-7e23ff8855ff" testName="TFSTests.Agile.SprintPlanning TeamMemberCapacity_GetRemainingWorkingDaysCacheInvalidatedWhenChanged" computerName="TFSBUILD11" duration="00:00:00.0370000" startTime="2015-09-28T09:46:11.6805974-07:00" endTime="2015-09-28T09:46:11.6805974-07:00" testType="13cdc9d9-ddb5-4fa4-a97d-d965ccfc6d4b" outcome="Passed" testListId="8c84fa94-04c1-424b-9868-57a2d4851a1d" relativeResultsDirectory="fdd54391-f5c8-4c81-919e-430c5749c296" />
    <UnitTestResult executionId="38199175-4048-4bca-9e9d-ddd356efe210" testId="a2dab975-bd15-4d14-9dff-bd02b34872e7" testName="TFSTests.Agile.SprintPlanning TeamCapacity_InstantiationConstructsCorrectDataAndReturnsSorted" computerName="TFSBUILD11" duration="00:00:00.0230000" startTime="2015-09-28T09:46:11.6805974-07:00" endTime="2015-09-28T09:46:11.6805974-07:00" testType="13cdc9d9-ddb5-4fa4-a97d-d965ccfc6d4b" outcome="Passed" testListId="8c84fa94-04c1-424b-9868-57a2d4851a1d" relativeResultsDirectory="38199175-4048-4bca-9e9d-ddd356efe210" />
    <UnitTestResult executionId="46ed181f-7214-43ef-a7ed-1433be4586f5" testId="7c1b28d9-0885-4c26-8676-d2bf82720410" testName="TFSTests.Agile.SprintPlanning TeamCapacity_ObjectReturnsTheCorrectRawData" computerName="TFSBUILD11" duration="00:00:00.0210000" startTime="2015-09-28T09:46:11.6805974-07:00" endTime="2015-09-28T09:46:11.6805974-07:00" testType="13cdc9d9-ddb5-4fa4-a97d-d965ccfc6d4b" outcome="Passed" testListId="8c84fa94-04c1-424b-9868-57a2d4851a1d" relativeResultsDirectory="46ed181f-7214-43ef-a7ed-1433be4586f5" />
    <UnitTestResult executionId="504581d6-9559-4bae-b9d4-97defa67986c" testId="127ca67d-83d0-4087-86d0-5a3862acfafe" testName="TFSTests.Agile.SprintPlanning TeamCapacity_GetWeekendsReturnsCorrectValue" computerName="TFSBUILD11" duration="00:00:00.0200000" startTime="2015-09-28T09:46:11.6805974-07:00" endTime="2015-09-28T09:46:11.6805974-07:00" testType="13cdc9d9-ddb5-4fa4-a97d-d965ccfc6d4b" outcome="Passed" testListId="8c84fa94-04c1-424b-9868-57a2d4851a1d" relativeResultsDirectory="504581d6-9559-4bae-b9d4-97defa67986c" />
    <UnitTestResult executionId="9aefe196-bd58-43a5-943e-55f0406f33bf" testId="a14849d6-2e2c-4799-9c74-72c76fb02037" testName="TFSTests.Agile.SprintPlanning TeamCapacity_GetTeamDaysOffDatesReturnsCorrectValue" computerName="TFSBUILD11" duration="00:00:00.0200000" startTime="2015-09-28T09:46:11.6805974-07:00" endTime="2015-09-28T09:46:11.6805974-07:00" testType="13cdc9d9-ddb5-4fa4-a97d-d965ccfc6d4b" outcome="Passed" testListId="8c84fa94-04c1-424b-9868-57a2d4851a1d" relativeResultsDirectory="9aefe196-bd58-43a5-943e-55f0406f33bf" />
    <UnitTestResult executionId="742beb31-816b-4130-9669-a52afb3e0de2" testId="93a40546-3537-4d78-aa45-ad4846dc980c" testName="TFSTests.Agile.SprintPlanning TeamCapacity_SetTeamDaysOffDatesSortsAndSetsValue" computerName="TFSBUILD11" duration="00:00:00.0260000" startTime="2015-09-28T09:46:11.8622570-07:00" endTime="2015-09-28T09:46:11.8622570-07:00" testType="13cdc9d9-ddb5-4fa4-a97d-d965ccfc6d4b" outcome="Passed" testListId="8c84fa94-04c1-424b-9868-57a2d4851a1d" relativeResultsDirectory="742beb31-816b-4130-9669-a52afb3e0de2" />
    <UnitTestResult executionId="812b9b81-9a0e-446c-9bd8-c4a810de3c2a" testId="36c61e59-b051-421c-a727-e68f12ff3ad7" testName="TFSTests.Agile.SprintPlanning TeamCapacity_GetRemainingWorkDaysAdjacentWeeks" computerName="TFSBUILD11" duration="00:00:00.0210000" startTime="2015-09-28T09:46:11.8622570-07:00" endTime="2015-09-28T09:46:11.8622570-07:00" testType="13cdc9d9-ddb5-4fa4-a97d-d965ccfc6d4b" outcome="Passed" testListId="8c84fa94-04c1-424b-9868-57a2d4851a1d" relativeResultsDirectory="812b9b81-9a0e-446c-9bd8-c4a810de3c2a" />
    <UnitTestResult executionId="9f7d0065-0525-46b2-9479-e956e48cbe51" testId="822ac4a8-df81-435d-9377-770107d905fe" testName="TFSTests.Agile.SprintPlanning TeamCapacity_RemainingWorkingDaysLastDay" computerName="TFSBUILD11" duration="00:00:00.0170000" startTime="2015-09-28T09:46:11.8633378-07:00" endTime="2015-09-28T09:46:11.8632576-07:00" testType="13cdc9d9-ddb5-4fa4-a97d-d965ccfc6d4b" outcome="Passed" testListId="8c84fa94-04c1-424b-9868-57a2d4851a1d" relativeResultsDirectory="9f7d0065-0525-46b2-9479-e956e48cbe51" />
    <UnitTestResult executionId="73fb3431-051e-4950-aa06-808aefb12224" testId="814ff68f-8333-4403-9b9f-73c8314f6dc9" testName="TFSTests.Agile.SprintPlanning TeamCapacity_RemainingWorkingDaysWeekendsExcluded" computerName="TFSBUILD11" duration="00:00:00.0170000" startTime="2015-09-28T09:46:11.8633969-07:00" endTime="2015-09-28T09:46:11.8633969-07:00" testType="13cdc9d9-ddb5-4fa4-a97d-d965ccfc6d4b" outcome="Passed" testListId="8c84fa94-04c1-424b-9868-57a2d4851a1d" relativeResultsDirectory="73fb3431-051e-4950-aa06-808aefb12224" />
    <UnitTestResult executionId="f5fdc577-0576-4882-92ee-3d7dee4ffc07" testId="edde1e81-3002-4dcf-908c-16f692264949" testName="TFSTests.Agile.SprintPlanning TeamCapacity_RemainingWorkingDaysAdjacentWeeks" computerName="TFSBUILD11" duration="00:00:00.0200000" startTime="2015-09-28T09:46:11.8633969-07:00" endTime="2015-09-28T09:46:11.8633969-07:00" testType="13cdc9d9-ddb5-4fa4-a97d-d965ccfc6d4b" outcome="Passed" testListId="8c84fa94-04c1-424b-9868-57a2d4851a1d" relativeResultsDirectory="f5fdc577-0576-4882-92ee-3d7dee4ffc07" />
    <UnitTestResult executionId="90835c54-de7c-4b0f-a08e-340fd9c933db" testId="dfede8c3-d652-48df-8dda-c98c2b36e7d0" testName="TFSTests.Agile.SprintPlanning TeamCapacity_RemainingWorkingDaysPastEndDay" computerName="TFSBUILD11" duration="00:00:00.0180000" startTime="2015-09-28T09:46:11.8633969-07:00" endTime="2015-09-28T09:46:11.8633969-07:00" testType="13cdc9d9-ddb5-4fa4-a97d-d965ccfc6d4b" outcome="Passed" testListId="8c84fa94-04c1-424b-9868-57a2d4851a1d" relativeResultsDirectory="90835c54-de7c-4b0f-a08e-340fd9c933db" />
    <UnitTestResult executionId="2e3242a5-aa8c-40a3-a08e-2d979d6f9e9f" testId="a7aa6668-9873-4dd9-870d-41d22e93fe73" testName="TFSTests.Agile.SprintPlanning TeamCapacity_GetIndividualCapacityByTeamMember" computerName="TFSBUILD11" duration="00:00:00.0190000" startTime="2015-09-28T09:46:11.8643991-07:00" endTime="2015-09-28T09:46:11.8643991-07:00" testType="13cdc9d9-ddb5-4fa4-a97d-d965ccfc6d4b" outcome="Passed" testListId="8c84fa94-04c1-424b-9868-57a2d4851a1d" relativeResultsDirectory="2e3242a5-aa8c-40a3-a08e-2d979d6f9e9f" />
    <UnitTestResult executionId="4b52488a-24fc-4c15-bf4a-4cf1000b27d0" testId="5cdd410c-5da9-45f9-b59a-c8bc9bd280d8" testName="TFSTests.Agile.SprintPlanning TeamCapacity_VerifyTeamCapacityChangedEventRegistration" computerName="TFSBUILD11" duration="00:00:00.0210000" startTime="2015-09-28T09:46:11.8646532-07:00" endTime="2015-09-28T09:46:11.8646532-07:00" testType="13cdc9d9-ddb5-4fa4-a97d-d965ccfc6d4b" outcome="Passed" testListId="8c84fa94-04c1-424b-9868-57a2d4851a1d" relativeResultsDirectory="4b52488a-24fc-4c15-bf4a-4cf1000b27d0" />
    <UnitTestResult executionId="50626d44-0316-4425-9cae-ba6f285b6e1b" testId="166eeadc-a8b6-447a-a47b-eb6ca80db239" testName="TFSTests.Agile.SprintPlanning TeamCapacity_VerifyTeamMemberCapacityChangedEventRegistration" computerName="TFSBUILD11" duration="00:00:00.0200000" startTime="2015-09-28T09:46:11.8646532-07:00" endTime="2015-09-28T09:46:11.8646532-07:00" testType="13cdc9d9-ddb5-4fa4-a97d-d965ccfc6d4b" outcome="Passed" testListId="8c84fa94-04c1-424b-9868-57a2d4851a1d" relativeResultsDirectory="50626d44-0316-4425-9cae-ba6f285b6e1b" />
    <UnitTestResult executionId="55eecef3-5178-4a30-b0b5-ecc483ff770f" testId="55774161-dc24-4983-b6f8-5de68131f98c" testName="TFSTests.Agile.SprintPlanning TeamCapacity_VerifyTeamCapacityChangedEventCascades" computerName="TFSBUILD11" duration="00:00:00.0230000" startTime="2015-09-28T09:46:12.1543516-07:00" endTime="2015-09-28T09:46:12.1543516-07:00" testType="13cdc9d9-ddb5-4fa4-a97d-d965ccfc6d4b" outcome="Passed" testListId="8c84fa94-04c1-424b-9868-57a2d4851a1d" relativeResultsDirectory="55eecef3-5178-4a30-b0b5-ecc483ff770f" />
    <UnitTestResult executionId="c7e5f2c8-9a84-454c-93e1-81faa7ede65d" testId="90ce089d-755c-49d4-a564-4afa5ed28f67" testName="TFSTests.Agile.SprintPlanning TeamCapacity_VerifyTeamMemberCapacityChangedEventCascades" computerName="TFSBUILD11" duration="00:00:00.0220000" startTime="2015-09-28T09:46:12.1543516-07:00" endTime="2015-09-28T09:46:12.1543516-07:00" testType="13cdc9d9-ddb5-4fa4-a97d-d965ccfc6d4b" outcome="Passed" testListId="8c84fa94-04c1-424b-9868-57a2d4851a1d" relativeResultsDirectory="c7e5f2c8-9a84-454c-93e1-81faa7ede65d" />
    <UnitTestResult executionId="643d670a-7b87-4df0-a138-8cc421cf6372" testId="1a3abefb-c8c4-4c7b-aa00-5fb325c1d426" testName="TFSTests.Agile.SprintPlanning TeamCapacity_VerifyCanGetActivityValuesList" computerName="TFSBUILD11" duration="00:00:00.0260000" startTime="2015-09-28T09:46:12.1543516-07:00" endTime="2015-09-28T09:46:12.1543516-07:00" testType="13cdc9d9-ddb5-4fa4-a97d-d965ccfc6d4b" outcome="Passed" testListId="8c84fa94-04c1-424b-9868-57a2d4851a1d" relativeResultsDirectory="643d670a-7b87-4df0-a138-8cc421cf6372" />
    <UnitTestResult executionId="c0f55459-6b6c-40e5-9f81-261f2ef8bceb" testId="4fa6bcee-20bc-4164-928d-805c22cf1e4f" testName="TFSTests.Agile.SprintPlanning TeamCapacity_VerifyActivityCapacityChangedIsRaisedWhenTeamMemberCapacityChanges" computerName="TFSBUILD11" duration="00:00:00.0310000" startTime="2015-09-28T09:46:12.1543516-07:00" endTime="2015-09-28T09:46:12.1543516-07:00" testType="13cdc9d9-ddb5-4fa4-a97d-d965ccfc6d4b" outcome="Passed" testListId="8c84fa94-04c1-424b-9868-57a2d4851a1d" relativeResultsDirectory="c0f55459-6b6c-40e5-9f81-261f2ef8bceb" />
    <UnitTestResult executionId="c4c5f634-0506-4b44-8028-81dc9a509be9" testId="484b52ad-0d4e-4839-aad5-6077b2c7bf00" testName="TFSTests.Agile.SprintPlanning TeamCapacity_VerifyActivityCapacityChangedIsRaisedWhenTeamMemberDaysOffChanges" computerName="TFSBUILD11" duration="00:00:00.0330000" startTime="2015-09-28T09:46:12.1543516-07:00" endTime="2015-09-28T09:46:12.1543516-07:00" testType="13cdc9d9-ddb5-4fa4-a97d-d965ccfc6d4b" outcome="Passed" testListId="8c84fa94-04c1-424b-9868-57a2d4851a1d" relativeResultsDirectory="c4c5f634-0506-4b44-8028-81dc9a509be9" />
    <UnitTestResult executionId="c19fa9a0-90da-4f47-96db-aad4faaef092" testId="37f5221c-8474-48a3-b784-f09c06cb3286" testName="TFSTests.Agile.SprintPlanning CapacityDateUtils_VerifyGetDSTAgnosticDateCorrectlyRoundsDates" computerName="TFSBUILD11" duration="00:00:00.0210000" startTime="2015-09-28T09:46:12.1543516-07:00" endTime="2015-09-28T09:46:12.1543516-07:00" testType="13cdc9d9-ddb5-4fa4-a97d-d965ccfc6d4b" outcome="Passed" testListId="8c84fa94-04c1-424b-9868-57a2d4851a1d" relativeResultsDirectory="c19fa9a0-90da-4f47-96db-aad4faaef092" />
    <UnitTestResult executionId="4efa92db-bb35-4ed1-891a-3373f928c90f" testId="776f4943-1503-4c50-bf68-32bb4e7c3320" testName="TFSTests.Agile.SprintPlanning CapacityDateUtils_getWorkingDaysInfoWithDaylightSavingsTime" computerName="TFSBUILD11" duration="00:00:00.0240000" startTime="2015-09-28T09:46:12.1543516-07:00" endTime="2015-09-28T09:46:12.1543516-07:00" testType="13cdc9d9-ddb5-4fa4-a97d-d965ccfc6d4b" outcome="Passed" testListId="8c84fa94-04c1-424b-9868-57a2d4851a1d" relativeResultsDirectory="4efa92db-bb35-4ed1-891a-3373f928c90f" />
    <UnitTestResult executionId="e80fda2b-4e6e-4f8a-b541-08cd2ded8f6a" testId="6350f77b-3939-49aa-81b0-df3481fdc443" testName="TFSTests.Agile.SprintPlanning CapacityView_ControlRendersAsExpected" computerName="TFSBUILD11" duration="00:00:00.0860000" startTime="2015-09-28T09:46:12.1543516-07:00" endTime="2015-09-28T09:46:12.1543516-07:00" testType="13cdc9d9-ddb5-4fa4-a97d-d965ccfc6d4b" outcome="Passed" testListId="8c84fa94-04c1-424b-9868-57a2d4851a1d" relativeResultsDirectory="e80fda2b-4e6e-4f8a-b541-08cd2ded8f6a" />
    <UnitTestResult executionId="71019b9c-e34a-49f6-a512-c7ce053e3190" testId="63f5439d-247f-4626-8539-13b0a7881c19" testName="TFSTests.Agile.SprintPlanning FieldAggregator_TestReparentWorkItem" computerName="TFSBUILD11" duration="00:00:00.0240000" startTime="2015-09-28T09:46:12.1543516-07:00" endTime="2015-09-28T09:46:12.1543516-07:00" testType="13cdc9d9-ddb5-4fa4-a97d-d965ccfc6d4b" outcome="Passed" testListId="8c84fa94-04c1-424b-9868-57a2d4851a1d" relativeResultsDirectory="71019b9c-e34a-49f6-a512-c7ce053e3190" />
    <UnitTestResult executionId="4ef7a10d-4149-4496-b729-d31ed080db2a" testId="baaf07ca-91e9-482c-9a06-85426b6dd648" testName="TFSTests.Agile.SprintPlanning FieldAggregator_TestReparentWorkItemOnReorder" computerName="TFSBUILD11" duration="00:00:00.0200000" startTime="2015-09-28T09:46:12.3740466-07:00" endTime="2015-09-28T09:46:12.3740466-07:00" testType="13cdc9d9-ddb5-4fa4-a97d-d965ccfc6d4b" outcome="Passed" testListId="8c84fa94-04c1-424b-9868-57a2d4851a1d" relativeResultsDirectory="4ef7a10d-4149-4496-b729-d31ed080db2a" />
    <UnitTestResult executionId="81f70f71-6b26-49e5-945b-305bf194976c" testId="3e743dd8-2d08-43ab-b651-9f9f80749add" testName="TFSTests.Agile.SprintPlanning FieldAggregator_TestReparentWorkItemOnReparentToNew" computerName="TFSBUILD11" duration="00:00:00.0190000" startTime="2015-09-28T09:46:12.3740466-07:00" endTime="2015-09-28T09:46:12.3740466-07:00" testType="13cdc9d9-ddb5-4fa4-a97d-d965ccfc6d4b" outcome="Passed" testListId="8c84fa94-04c1-424b-9868-57a2d4851a1d" relativeResultsDirectory="81f70f71-6b26-49e5-945b-305bf194976c" />
    <UnitTestResult executionId="e934a09b-1794-4841-ab41-7620c2e5b27f" testId="e5c7ff64-b655-4bbf-a961-ea9132254374" testName="TFSTests.Agile.SprintPlanning FieldAggregator_TestReparentNotExistingWorkItem" computerName="TFSBUILD11" duration="00:00:00.0190000" startTime="2015-09-28T09:46:12.3740466-07:00" endTime="2015-09-28T09:46:12.3740466-07:00" testType="13cdc9d9-ddb5-4fa4-a97d-d965ccfc6d4b" outcome="Passed" testListId="8c84fa94-04c1-424b-9868-57a2d4851a1d" relativeResultsDirectory="e934a09b-1794-4841-ab41-7620c2e5b27f" />
    <UnitTestResult executionId="e4a92e69-f6c4-4117-b12f-f871fd97f9af" testId="1258ca99-c468-4dc3-9d80-93fb41e45303" testName="TFSTests.Agile.SprintPlanning FieldAggregator_RemoveUnknownWorkItemShouldntChangeAggregate" computerName="TFSBUILD11" duration="00:00:00.0570000" startTime="2015-09-28T09:46:12.3740466-07:00" endTime="2015-09-28T09:46:12.3740466-07:00" testType="13cdc9d9-ddb5-4fa4-a97d-d965ccfc6d4b" outcome="Passed" testListId="8c84fa94-04c1-424b-9868-57a2d4851a1d" relativeResultsDirectory="e4a92e69-f6c4-4117-b12f-f871fd97f9af" />
    <UnitTestResult executionId="8a4cafd0-40c7-433d-8833-6b154633f522" testId="a69fcc9f-981b-4fc2-9c9d-b23c6c9722a5" testName="TFSTests.Agile.SprintPlanning FieldAggregator_TestReparentWorkItemWhenMovingTopItemNoPreviousData" computerName="TFSBUILD11" duration="00:00:00.0180000" startTime="2015-09-28T09:46:12.3740466-07:00" endTime="2015-09-28T09:46:12.3740466-07:00" testType="13cdc9d9-ddb5-4fa4-a97d-d965ccfc6d4b" outcome="Passed" testListId="8c84fa94-04c1-424b-9868-57a2d4851a1d" relativeResultsDirectory="8a4cafd0-40c7-433d-8833-6b154633f522" />
    <UnitTestResult executionId="59a058e1-f436-4eef-b0f1-148d24e81649" testId="d2d4116c-15e2-4629-934c-ec9f904165d2" testName="TFSTests.Agile.SprintPlanning FieldAggregator_updateDefaultActivity_basecase" computerName="TFSBUILD11" duration="00:00:00.0190000" startTime="2015-09-28T09:46:12.3740466-07:00" endTime="2015-09-28T09:46:12.3740466-07:00" testType="13cdc9d9-ddb5-4fa4-a97d-d965ccfc6d4b" outcome="Passed" testListId="8c84fa94-04c1-424b-9868-57a2d4851a1d" relativeResultsDirectory="59a058e1-f436-4eef-b0f1-148d24e81649" />
    <UnitTestResult executionId="bf593576-abf4-4254-9839-9c013898fc03" testId="8d83c707-6b0c-4a6e-817a-5119954d3e34" testName="TFSTests.Agile.SprintPlanning FieldAggregator_updateDefaultActivity_twoWorkItems" computerName="TFSBUILD11" duration="00:00:00.0210000" startTime="2015-09-28T09:46:12.3740466-07:00" endTime="2015-09-28T09:46:12.3740466-07:00" testType="13cdc9d9-ddb5-4fa4-a97d-d965ccfc6d4b" outcome="Passed" testListId="8c84fa94-04c1-424b-9868-57a2d4851a1d" relativeResultsDirectory="bf593576-abf4-4254-9839-9c013898fc03" />
    <UnitTestResult executionId="d6990220-8a7d-4fd1-bc89-5f49d6759b7c" testId="9b7d087a-e382-4c92-b5d2-b568c673bea5" testName="TFSTests.Agile.SprintPlanning FieldAggregator_updateDefaultActivity_workItemHasActivity" computerName="TFSBUILD11" duration="00:00:00.0220000" startTime="2015-09-28T09:46:12.3740466-07:00" endTime="2015-09-28T09:46:12.3740466-07:00" testType="13cdc9d9-ddb5-4fa4-a97d-d965ccfc6d4b" outcome="Passed" testListId="8c84fa94-04c1-424b-9868-57a2d4851a1d" relativeResultsDirectory="d6990220-8a7d-4fd1-bc89-5f49d6759b7c" />
    <UnitTestResult executionId="da80d79d-50bc-4c82-8d89-755ee627d117" testId="28d1d871-398b-433f-93f9-233579f3bdac" testName="TFSTests.Agile.SprintPlanning GroupedProgressDataProvider_DataChangedEventFiresAfterRegistration" computerName="TFSBUILD11" duration="00:00:00.0210000" startTime="2015-09-28T09:46:12.3740466-07:00" endTime="2015-09-28T09:46:12.3740466-07:00" testType="13cdc9d9-ddb5-4fa4-a97d-d965ccfc6d4b" outcome="Passed" testListId="8c84fa94-04c1-424b-9868-57a2d4851a1d" relativeResultsDirectory="da80d79d-50bc-4c82-8d89-755ee627d117" />
    <UnitTestResult executionId="880abce9-7a14-485e-88e5-7819a04159a1" testId="1a2a27a1-0e1b-452d-baf3-62f58660ee6e" testName="TFSTests.Agile.SprintPlanning GroupedProgressDataProvider_EnsureDataChangedReturnsCorrectData" computerName="TFSBUILD11" duration="00:00:00.0200000" startTime="2015-09-28T09:46:13.4942755-07:00" endTime="2015-09-28T09:46:13.4942755-07:00" testType="13cdc9d9-ddb5-4fa4-a97d-d965ccfc6d4b" outcome="Passed" testListId="8c84fa94-04c1-424b-9868-57a2d4851a1d" relativeResultsDirectory="880abce9-7a14-485e-88e5-7819a04159a1" />
    <UnitTestResult executionId="1ee46ead-308a-4c19-adde-8d5a285da141" testId="f74bef9a-31cb-4e60-b59e-a7de8877b999" testName="TFSTests.Agile.SprintPlanning AssignedToGroupedProgressDataProvider_GetDataReturnsCorrectData" computerName="TFSBUILD11" duration="00:00:00.0310000" startTime="2015-09-28T09:46:13.4942755-07:00" endTime="2015-09-28T09:46:13.4942755-07:00" testType="13cdc9d9-ddb5-4fa4-a97d-d965ccfc6d4b" outcome="Passed" testListId="8c84fa94-04c1-424b-9868-57a2d4851a1d" relativeResultsDirectory="1ee46ead-308a-4c19-adde-8d5a285da141" />
    <UnitTestResult executionId="8d800ba4-db72-45a8-a23a-a4ea1d5b4b0e" testId="c66813f1-e189-449c-907c-4f09f86e5aa2" testName="TFSTests.Agile.SprintPlanning GroupedProgressControl_HandleDataChangedRemovesEntries" computerName="TFSBUILD11" duration="00:00:00.0490000" startTime="2015-09-28T09:46:13.4942755-07:00" endTime="2015-09-28T09:46:13.4942755-07:00" testType="13cdc9d9-ddb5-4fa4-a97d-d965ccfc6d4b" outcome="Passed" testListId="8c84fa94-04c1-424b-9868-57a2d4851a1d" relativeResultsDirectory="8d800ba4-db72-45a8-a23a-a4ea1d5b4b0e" />
    <UnitTestResult executionId="355ecddc-9d26-44a0-a24d-b5265baeccf9" testId="f3344851-7de3-40cd-b135-4a813e01ada4" testName="TFSTests.Agile.SprintPlanning GroupedProgressControl_RemovingLastEntryInGroupCausesGroupToBeRemovedFromDOM" computerName="TFSBUILD11" duration="00:00:00.1030000" startTime="2015-09-28T09:46:13.4942755-07:00" endTime="2015-09-28T09:46:13.4942755-07:00" testType="13cdc9d9-ddb5-4fa4-a97d-d965ccfc6d4b" outcome="Passed" testListId="8c84fa94-04c1-424b-9868-57a2d4851a1d" relativeResultsDirectory="355ecddc-9d26-44a0-a24d-b5265baeccf9" />
    <UnitTestResult executionId="aaaa6f03-9981-48b5-9eef-c6e8fb263d50" testId="30e3f887-0b8d-44b4-bbc0-982d5d67f96b" testName="TFSTests.Agile.SprintPlanning GroupedProgressControl_NewDataGetsRenderedCorrectly" computerName="TFSBUILD11" duration="00:00:00.0500000" startTime="2015-09-28T09:46:13.4942755-07:00" endTime="2015-09-28T09:46:13.4942755-07:00" testType="13cdc9d9-ddb5-4fa4-a97d-d965ccfc6d4b" outcome="Passed" testListId="8c84fa94-04c1-424b-9868-57a2d4851a1d" relativeResultsDirectory="aaaa6f03-9981-48b5-9eef-c6e8fb263d50" />
    <UnitTestResult executionId="78d59d51-2f48-4cb1-89ce-5dc998288a53" testId="2d1da7df-eb8a-4ce0-8bd3-dbc131bbf9c2" testName="TFSTests.Agile.SprintPlanning GroupedProgressControl_UpdatedDataIsRenderedCorrectly" computerName="TFSBUILD11" duration="00:00:00.0540000" startTime="2015-09-28T09:46:13.4942755-07:00" endTime="2015-09-28T09:46:13.4942755-07:00" testType="13cdc9d9-ddb5-4fa4-a97d-d965ccfc6d4b" outcome="Passed" testListId="8c84fa94-04c1-424b-9868-57a2d4851a1d" relativeResultsDirectory="78d59d51-2f48-4cb1-89ce-5dc998288a53" />
    <UnitTestResult executionId="9e6b65f0-39c9-4797-9e4e-17d5b54fb15b" testId="4f4ae1c4-271c-4fd1-bdf5-91143d6da3c4" testName="TFSTests.Agile.SprintPlanning GroupedProgressControl_IncreaseMaxTotalCausesReDraw" computerName="TFSBUILD11" duration="00:00:00.0390000" startTime="2015-09-28T09:46:13.4942755-07:00" endTime="2015-09-28T09:46:13.4942755-07:00" testType="13cdc9d9-ddb5-4fa4-a97d-d965ccfc6d4b" outcome="Passed" testListId="8c84fa94-04c1-424b-9868-57a2d4851a1d" relativeResultsDirectory="9e6b65f0-39c9-4797-9e4e-17d5b54fb15b" />
  </Results>
  <TestDefinitions>
    <UnitTest name="TFSTests.Admin.AreaIteration.DataModels LocalFormatUTC_ReturnsExpectedStringForCurrentTimezone" storage="d:\v2.0\a1\_work\dbded102\vso\tfs\service\webaccess\agile\testscripts\tests\tfstests.admin.areaiterations.datamodels.ts" id="6a710651-9473-4ad4-a3b5-f7bb101e67f0">
      <Execution id="1625f11b-fde7-4471-84ca-7deb4eb404cd" />
      <TestMethod codeBase="d:\v2.0\a1\_work\dbded102\vso\tfs\service\webaccess\agile\testscripts\tests\tfstests.admin.areaiterations.datamodels.ts" adapterTypeName="Microsoft.VisualStudio.TestTools.TestTypes.Unit.UnitTestAdapter" className="d:\v2.0\a1\_work\dbded102\vso\tfs\service\webaccess\agile\testscripts\tests\tfstests.admin.areaiterations.datamodels.ts::tfstests.admin.areaiteration" name="TFSTests.Admin.AreaIteration.DataModels LocalFormatUTC_ReturnsExpectedStringForCurrentTimezone" />
    </UnitTest>
    <UnitTest name="TFSTests.Admin.AreaIteration.DataModels ParseLocaleUTC_ReturnsExpectedStringForCurrentTimezone" storage="d:\v2.0\a1\_work\dbded102\vso\tfs\service\webaccess\agile\testscripts\tests\tfstests.admin.areaiterations.datamodels.ts" id="722c8ed5-efe2-4499-b09e-4355694fd58a">
      <Execution id="7c0f1ba1-7602-4899-8689-8400d530ab02" />
      <TestMethod codeBase="d:\v2.0\a1\_work\dbded102\vso\tfs\service\webaccess\agile\testscripts\tests\tfstests.admin.areaiterations.datamodels.ts" adapterTypeName="Microsoft.VisualStudio.TestTools.TestTypes.Unit.UnitTestAdapter" className="d:\v2.0\a1\_work\dbded102\vso\tfs\service\webaccess\agile\testscripts\tests\tfstests.admin.areaiterations.datamodels.ts::tfstests.admin.areaiteration" name="TFSTests.Admin.AreaIteration.DataModels ParseLocaleUTC_ReturnsExpectedStringForCurrentTimezone" />
    </UnitTest>
    <UnitTest name="TFSTests.Admin.AreaIteration.DataModels CompareCssNodes" storage="d:\v2.0\a1\_work\dbded102\vso\tfs\service\webaccess\agile\testscripts\tests\tfstests.admin.areaiterations.datamodels.ts" id="16652144-794d-4b8a-889b-64187d4f1470">
      <Execution id="683b4bc2-ca6c-4ca5-8707-e994e04039f6" />
      <TestMethod codeBase="d:\v2.0\a1\_work\dbded102\vso\tfs\service\webaccess\agile\testscripts\tests\tfstests.admin.areaiterations.datamodels.ts" adapterTypeName="Microsoft.VisualStudio.TestTools.TestTypes.Unit.UnitTestAdapter" className="d:\v2.0\a1\_work\dbded102\vso\tfs\service\webaccess\agile\testscripts\tests\tfstests.admin.areaiterations.datamodels.ts::tfstests.admin.areaiteration" name="TFSTests.Admin.AreaIteration.DataModels CompareCssNodes" />
    </UnitTest>
    <UnitTest name="TFSTests.Admin.AreaIteration.DataModels GetNextWorkDay_ReturnsExpectedDays" storage="d:\v2.0\a1\_work\dbded102\vso\tfs\service\webaccess\agile\testscripts\tests\tfstests.admin.areaiterations.datamodels.ts" id="7f9036bd-8393-496b-8b76-2410505ed111">
      <Execution id="207f9458-0f7a-4acf-b469-1b4d75a5d336" />
      <TestMethod codeBase="d:\v2.0\a1\_work\dbded102\vso\tfs\service\webaccess\agile\testscripts\tests\tfstests.admin.areaiterations.datamodels.ts" adapterTypeName="Microsoft.VisualStudio.TestTools.TestTypes.Unit.UnitTestAdapter" className="d:\v2.0\a1\_work\dbded102\vso\tfs\service\webaccess\agile\testscripts\tests\tfstests.admin.areaiterations.datamodels.ts::tfstests.admin.areaiteration" name="TFSTests.Admin.AreaIteration.DataModels GetNextWorkDay_ReturnsExpectedDays" />
    </UnitTest>
    <UnitTest name="TFSTests.Admin.AreaIteration AcceptHandlerDoesNotAllowDroppingOnDirectParent" storage="d:\v2.0\a1\_work\dbded102\vso\tfs\service\webaccess\agile\testscripts\tests\tfstests.admin.areaiterations.ts" id="5f1e141c-0141-4928-8d11-739aef518ba8">
      <Execution id="d11e5b1d-9e17-46d2-9750-320ea5688e64" />
      <TestMethod codeBase="d:\v2.0\a1\_work\dbded102\vso\tfs\service\webaccess\agile\testscripts\tests\tfstests.admin.areaiterations.ts" adapterTypeName="Microsoft.VisualStudio.TestTools.TestTypes.Unit.UnitTestAdapter" className="d:\v2.0\a1\_work\dbded102\vso\tfs\service\webaccess\agile\testscripts\tests\tfstests.admin.areaiterations.ts::tfstests.admin" name="TFSTests.Admin.AreaIteration AcceptHandlerDoesNotAllowDroppingOnDirectParent" />
    </UnitTest>
    <UnitTest name="TFSTests.Admin.AreaIteration AcceptHandlerDoesNotAllowDroppingOnDescendant" storage="d:\v2.0\a1\_work\dbded102\vso\tfs\service\webaccess\agile\testscripts\tests\tfstests.admin.areaiterations.ts" id="bf350737-3efd-444f-ae89-c919846eb250">
      <Execution id="7d48885b-bca8-4fcd-9946-fda2633f08b0" />
      <TestMethod codeBase="d:\v2.0\a1\_work\dbded102\vso\tfs\service\webaccess\agile\testscripts\tests\tfstests.admin.areaiterations.ts" adapterTypeName="Microsoft.VisualStudio.TestTools.TestTypes.Unit.UnitTestAdapter" className="d:\v2.0\a1\_work\dbded102\vso\tfs\service\webaccess\agile\testscripts\tests\tfstests.admin.areaiterations.ts::tfstests.admin" name="TFSTests.Admin.AreaIteration AcceptHandlerDoesNotAllowDroppingOnDescendant" />
    </UnitTest>
    <UnitTest name="TFSTests.Admin.AreaIteration AcceptHandlerDoesAllowDroppingValidDropTarget" storage="d:\v2.0\a1\_work\dbded102\vso\tfs\service\webaccess\agile\testscripts\tests\tfstests.admin.areaiterations.ts" id="829f153f-470d-4804-a624-33680505ba19">
      <Execution id="b6098b4c-0324-457a-a41c-7b88d10f2f67" />
      <TestMethod codeBase="d:\v2.0\a1\_work\dbded102\vso\tfs\service\webaccess\agile\testscripts\tests\tfstests.admin.areaiterations.ts" adapterTypeName="Microsoft.VisualStudio.TestTools.TestTypes.Unit.UnitTestAdapter" className="d:\v2.0\a1\_work\dbded102\vso\tfs\service\webaccess\agile\testscripts\tests\tfstests.admin.areaiterations.ts::tfstests.admin" name="TFSTests.Admin.AreaIteration AcceptHandlerDoesAllowDroppingValidDropTarget" />
    </UnitTest>
    <UnitTest name="TFSTests.Admin.AreaIteration DropHandlerReparentsTheDroppedNode" storage="d:\v2.0\a1\_work\dbded102\vso\tfs\service\webaccess\agile\testscripts\tests\tfstests.admin.areaiterations.ts" id="e72f1a6a-bf66-4a62-86d0-84d60b3a8427">
      <Execution id="a49e340b-e932-407a-9c8c-f286ab346761" />
      <TestMethod codeBase="d:\v2.0\a1\_work\dbded102\vso\tfs\service\webaccess\agile\testscripts\tests\tfstests.admin.areaiterations.ts" adapterTypeName="Microsoft.VisualStudio.TestTools.TestTypes.Unit.UnitTestAdapter" className="d:\v2.0\a1\_work\dbded102\vso\tfs\service\webaccess\agile\testscripts\tests\tfstests.admin.areaiterations.ts::tfstests.admin" name="TFSTests.Admin.AreaIteration DropHandlerReparentsTheDroppedNode" />
    </UnitTest>
    <UnitTest name="TFSTests.Admin.FeatureEnablement Wizard_buttonsSwapCorrectly" storage="d:\v2.0\a1\_work\dbded102\vso\tfs\service\webaccess\agile\testscripts\tests\tfstests.admin.featureenablement.ts" id="32f8b3d3-de01-4fb5-9377-b77c428ee75f">
      <Execution id="4c154f96-e340-4821-aba3-5a9cd54fcda4" />
      <TestMethod codeBase="d:\v2.0\a1\_work\dbded102\vso\tfs\service\webaccess\agile\testscripts\tests\tfstests.admin.featureenablement.ts" adapterTypeName="Microsoft.VisualStudio.TestTools.TestTypes.Unit.UnitTestAdapter" className="d:\v2.0\a1\_work\dbded102\vso\tfs\service\webaccess\agile\testscripts\tests\tfstests.admin.featureenablement.ts::tfstests.admin" name="TFSTests.Admin.FeatureEnablement Wizard_buttonsSwapCorrectly" />
    </UnitTest>
    <UnitTest name="TFSTests.Admin.FeatureEnablement Wizard_renderPageGetsCorrectContent" storage="d:\v2.0\a1\_work\dbded102\vso\tfs\service\webaccess\agile\testscripts\tests\tfstests.admin.featureenablement.ts" id="9a1ed5d9-f157-466d-b906-aef2644db212">
      <Execution id="519832c3-b6d0-422f-8bb7-a54a132f347c" />
      <TestMethod codeBase="d:\v2.0\a1\_work\dbded102\vso\tfs\service\webaccess\agile\testscripts\tests\tfstests.admin.featureenablement.ts" adapterTypeName="Microsoft.VisualStudio.TestTools.TestTypes.Unit.UnitTestAdapter" className="d:\v2.0\a1\_work\dbded102\vso\tfs\service\webaccess\agile\testscripts\tests\tfstests.admin.featureenablement.ts::tfstests.admin" name="TFSTests.Admin.FeatureEnablement Wizard_renderPageGetsCorrectContent" />
    </UnitTest>
    <UnitTest name="TFSTests.Admin.FeatureEnablement Model_projectFeatureState" storage="d:\v2.0\a1\_work\dbded102\vso\tfs\service\webaccess\agile\testscripts\tests\tfstests.admin.featureenablement.ts" id="de5cc42e-d5f3-402b-b683-1bc56b052214">
      <Execution id="09919390-a732-4c6c-8917-2023192b58f5" />
      <TestMethod codeBase="d:\v2.0\a1\_work\dbded102\vso\tfs\service\webaccess\agile\testscripts\tests\tfstests.admin.featureenablement.ts" adapterTypeName="Microsoft.VisualStudio.TestTools.TestTypes.Unit.UnitTestAdapter" className="d:\v2.0\a1\_work\dbded102\vso\tfs\service\webaccess\agile\testscripts\tests\tfstests.admin.featureenablement.ts::tfstests.admin" name="TFSTests.Admin.FeatureEnablement Model_projectFeatureState" />
    </UnitTest>
    <UnitTest name="TFSTests.Admin.FeatureEnablement Model_processTemplateInfo" storage="d:\v2.0\a1\_work\dbded102\vso\tfs\service\webaccess\agile\testscripts\tests\tfstests.admin.featureenablement.ts" id="94e8a068-87b0-4c08-8c27-228b203c1c26">
      <Execution id="d93fe8df-f0f0-4f46-9c08-c3a6d31f999f" />
      <TestMethod codeBase="d:\v2.0\a1\_work\dbded102\vso\tfs\service\webaccess\agile\testscripts\tests\tfstests.admin.featureenablement.ts" adapterTypeName="Microsoft.VisualStudio.TestTools.TestTypes.Unit.UnitTestAdapter" className="d:\v2.0\a1\_work\dbded102\vso\tfs\service\webaccess\agile\testscripts\tests\tfstests.admin.featureenablement.ts::tfstests.admin" name="TFSTests.Admin.FeatureEnablement Model_processTemplateInfo" />
    </UnitTest>
    <UnitTest name="TFSTests.Admin.FeatureEnablement WizardManager_transitionInstantiatesCorrectPage" storage="d:\v2.0\a1\_work\dbded102\vso\tfs\service\webaccess\agile\testscripts\tests\tfstests.admin.featureenablement.ts" id="0e5ebb58-9044-4e58-99ed-6039b1d7cd4d">
      <Execution id="e0cc6fb3-1da1-4d83-af4f-c4916aad62bc" />
      <TestMethod codeBase="d:\v2.0\a1\_work\dbded102\vso\tfs\service\webaccess\agile\testscripts\tests\tfstests.admin.featureenablement.ts" adapterTypeName="Microsoft.VisualStudio.TestTools.TestTypes.Unit.UnitTestAdapter" className="d:\v2.0\a1\_work\dbded102\vso\tfs\service\webaccess\agile\testscripts\tests\tfstests.admin.featureenablement.ts::tfstests.admin" name="TFSTests.Admin.FeatureEnablement WizardManager_transitionInstantiatesCorrectPage" />
    </UnitTest>
    <UnitTest name="TFSTests.Agile.BacklogQueryManager getProductBacklogQueryName_nameContents" storage="d:\v2.0\a1\_work\dbded102\vso\tfs\service\webaccess\agile\testscripts\tests\tfstests.agile.backlogquerymanager.ts" id="1e06efa0-6673-4487-9a0e-38347aa683b1">
      <Execution id="ca24268a-df1e-4c3b-bda2-8f2c98ab1dfe" />
      <TestMethod codeBase="d:\v2.0\a1\_work\dbded102\vso\tfs\service\webaccess\agile\testscripts\tests\tfstests.agile.backlogquerymanager.ts" adapterTypeName="Microsoft.VisualStudio.TestTools.TestTypes.Unit.UnitTestAdapter" className="d:\v2.0\a1\_work\dbded102\vso\tfs\service\webaccess\agile\testscripts\tests\tfstests.agile.backlogquerymanager.ts::tfstests.agile" name="TFSTests.Agile.BacklogQueryManager getProductBacklogQueryName_nameContents" />
    </UnitTest>
    <UnitTest name="TFSTests.Agile.BacklogQueryManager getProductBacklogQueryName_inputValidation" storage="d:\v2.0\a1\_work\dbded102\vso\tfs\service\webaccess\agile\testscripts\tests\tfstests.agile.backlogquerymanager.ts" id="21555933-cb7a-4508-a78c-c5304f603768">
      <Execution id="bc371247-6879-4357-893a-a3d5c5f5e8e3" />
      <TestMethod codeBase="d:\v2.0\a1\_work\dbded102\vso\tfs\service\webaccess\agile\testscripts\tests\tfstests.agile.backlogquerymanager.ts" adapterTypeName="Microsoft.VisualStudio.TestTools.TestTypes.Unit.UnitTestAdapter" className="d:\v2.0\a1\_work\dbded102\vso\tfs\service\webaccess\agile\testscripts\tests\tfstests.agile.backlogquerymanager.ts::tfstests.agile" name="TFSTests.Agile.BacklogQueryManager getProductBacklogQueryName_inputValidation" />
    </UnitTest>
    <UnitTest name="TFSTests.Agile.BacklogQueryManager beginGetProductBacklogQueryWiql_contextSelection" storage="d:\v2.0\a1\_work\dbded102\vso\tfs\service\webaccess\agile\testscripts\tests\tfstests.agile.backlogquerymanager.ts" id="535ae8a5-4e7b-43f1-a0e8-59dfa30b2cd7">
      <Execution id="eb6ae7a7-5cec-4d26-a076-c3a9d4e661f3" />
      <TestMethod codeBase="d:\v2.0\a1\_work\dbded102\vso\tfs\service\webaccess\agile\testscripts\tests\tfstests.agile.backlogquerymanager.ts" adapterTypeName="Microsoft.VisualStudio.TestTools.TestTypes.Unit.UnitTestAdapter" className="d:\v2.0\a1\_work\dbded102\vso\tfs\service\webaccess\agile\testscripts\tests\tfstests.agile.backlogquerymanager.ts::tfstests.agile" name="TFSTests.Agile.BacklogQueryManager beginGetProductBacklogQueryWiql_contextSelection" />
    </UnitTest>
    <UnitTest name="TFSTests.Agile.BacklogQueryManager beginGetProductBacklogQueryWiql_correctCallbacks" storage="d:\v2.0\a1\_work\dbded102\vso\tfs\service\webaccess\agile\testscripts\tests\tfstests.agile.backlogquerymanager.ts" id="34b954cd-1c39-42e7-ba9b-ee49b98bb646">
      <Execution id="ed595e4a-fd66-4efa-a509-3df18db5d4b8" />
      <TestMethod codeBase="d:\v2.0\a1\_work\dbded102\vso\tfs\service\webaccess\agile\testscripts\tests\tfstests.agile.backlogquerymanager.ts" adapterTypeName="Microsoft.VisualStudio.TestTools.TestTypes.Unit.UnitTestAdapter" className="d:\v2.0\a1\_work\dbded102\vso\tfs\service\webaccess\agile\testscripts\tests\tfstests.agile.backlogquerymanager.ts::tfstests.agile" name="TFSTests.Agile.BacklogQueryManager beginGetProductBacklogQueryWiql_correctCallbacks" />
    </UnitTest>
    <UnitTest name="TFSTests.Agile.BacklogQueryManager beginGetProductBacklogQueryWiql_inputValidation" storage="d:\v2.0\a1\_work\dbded102\vso\tfs\service\webaccess\agile\testscripts\tests\tfstests.agile.backlogquerymanager.ts" id="bd070969-f095-46de-bd62-f20d3c3d6e51">
      <Execution id="d7b070f2-4fcb-46b6-ac1f-2c165bdc2750" />
      <TestMethod codeBase="d:\v2.0\a1\_work\dbded102\vso\tfs\service\webaccess\agile\testscripts\tests\tfstests.agile.backlogquerymanager.ts" adapterTypeName="Microsoft.VisualStudio.TestTools.TestTypes.Unit.UnitTestAdapter" className="d:\v2.0\a1\_work\dbded102\vso\tfs\service\webaccess\agile\testscripts\tests\tfstests.agile.backlogquerymanager.ts::tfstests.agile" name="TFSTests.Agile.BacklogQueryManager beginGetProductBacklogQueryWiql_inputValidation" />
    </UnitTest>
    <UnitTest name="TFSTests.Agile.Configuration.Registration RegisterAndRemoveTabGroups" storage="d:\v2.0\a1\_work\dbded102\vso\tfs\service\webaccess\agile\testscripts\tests\tfstests.agile.configuration.registration.ts" id="86ba2566-6ffa-45b7-81ad-f68fc7223300">
      <Execution id="dbff07e8-a5dc-4461-9ac0-844fc1870f90" />
      <TestMethod codeBase="d:\v2.0\a1\_work\dbded102\vso\tfs\service\webaccess\agile\testscripts\tests\tfstests.agile.configuration.registration.ts" adapterTypeName="Microsoft.VisualStudio.TestTools.TestTypes.Unit.UnitTestAdapter" className="d:\v2.0\a1\_work\dbded102\vso\tfs\service\webaccess\agile\testscripts\tests\tfstests.agile.configuration.registration.ts::tfstests.agile.configuration" name="TFSTests.Agile.Configuration.Registration RegisterAndRemoveTabGroups" />
    </UnitTest>
    <UnitTest name="TFSTests.Agile.Configuration.Registration TabGroupOrder" storage="d:\v2.0\a1\_work\dbded102\vso\tfs\service\webaccess\agile\testscripts\tests\tfstests.agile.configuration.registration.ts" id="2d74a580-aefd-4dc6-9cb5-48f22be9eaf5">
      <Execution id="5242b153-7140-405d-8e84-24bc284b0d81" />
      <TestMethod codeBase="d:\v2.0\a1\_work\dbded102\vso\tfs\service\webaccess\agile\testscripts\tests\tfstests.agile.configuration.registration.ts" adapterTypeName="Microsoft.VisualStudio.TestTools.TestTypes.Unit.UnitTestAdapter" className="d:\v2.0\a1\_work\dbded102\vso\tfs\service\webaccess\agile\testscripts\tests\tfstests.agile.configuration.registration.ts::tfstests.agile.configuration" name="TFSTests.Agile.Configuration.Registration TabGroupOrder" />
    </UnitTest>
    <UnitTest name="TFSTests.Agile.Configuration.Registration RegisterAndRemoveTabs" storage="d:\v2.0\a1\_work\dbded102\vso\tfs\service\webaccess\agile\testscripts\tests\tfstests.agile.configuration.registration.ts" id="3707a7a7-8602-47c5-b4bc-663f1f021e3f">
      <Execution id="2a32ae8b-40d1-463c-b7e9-eda116c1c476" />
      <TestMethod codeBase="d:\v2.0\a1\_work\dbded102\vso\tfs\service\webaccess\agile\testscripts\tests\tfstests.agile.configuration.registration.ts" adapterTypeName="Microsoft.VisualStudio.TestTools.TestTypes.Unit.UnitTestAdapter" className="d:\v2.0\a1\_work\dbded102\vso\tfs\service\webaccess\agile\testscripts\tests\tfstests.agile.configuration.registration.ts::tfstests.agile.configuration" name="TFSTests.Agile.Configuration.Registration RegisterAndRemoveTabs" />
    </UnitTest>
    <UnitTest name="TFSTests.Agile.Configuration.Registration RegisterTabsWithDependency" storage="d:\v2.0\a1\_work\dbded102\vso\tfs\service\webaccess\agile\testscripts\tests\tfstests.agile.configuration.registration.ts" id="45daabbc-162a-410c-a6a8-c2d01284a5a3">
      <Execution id="a883e5e6-9642-49c5-ae90-29da8111b712" />
      <TestMethod codeBase="d:\v2.0\a1\_work\dbded102\vso\tfs\service\webaccess\agile\testscripts\tests\tfstests.agile.configuration.registration.ts" adapterTypeName="Microsoft.VisualStudio.TestTools.TestTypes.Unit.UnitTestAdapter" className="d:\v2.0\a1\_work\dbded102\vso\tfs\service\webaccess\agile\testscripts\tests\tfstests.agile.configuration.registration.ts::tfstests.agile.configuration" name="TFSTests.Agile.Configuration.Registration RegisterTabsWithDependency" />
    </UnitTest>
    <UnitTest name="TFSTests.Agile.Configurations ClassifyDependentsWithDependency" storage="d:\v2.0\a1\_work\dbded102\vso\tfs\service\webaccess\agile\testscripts\tests\tfstests.agile.configurations.ts" id="5d5a0184-2cc1-4045-98b2-dbb81a9a092a">
      <Execution id="dfc37d38-b9f6-4372-a75d-b4f808a9de22" />
      <TestMethod codeBase="d:\v2.0\a1\_work\dbded102\vso\tfs\service\webaccess\agile\testscripts\tests\tfstests.agile.configurations.ts" adapterTypeName="Microsoft.VisualStudio.TestTools.TestTypes.Unit.UnitTestAdapter" className="d:\v2.0\a1\_work\dbded102\vso\tfs\service\webaccess\agile\testscripts\tests\tfstests.agile.configurations.ts::tfstests.agile" name="TFSTests.Agile.Configurations ClassifyDependentsWithDependency" />
    </UnitTest>
    <UnitTest name="TFSTests.Agile.Configurations ClassifyDependentsWithoutDependency" storage="d:\v2.0\a1\_work\dbded102\vso\tfs\service\webaccess\agile\testscripts\tests\tfstests.agile.configurations.ts" id="d8dde39e-092b-4ff2-af4d-1a5d304a5849">
      <Execution id="37764a61-fc92-4522-832e-a017fe59eae5" />
      <TestMethod codeBase="d:\v2.0\a1\_work\dbded102\vso\tfs\service\webaccess\agile\testscripts\tests\tfstests.agile.configurations.ts" adapterTypeName="Microsoft.VisualStudio.TestTools.TestTypes.Unit.UnitTestAdapter" className="d:\v2.0\a1\_work\dbded102\vso\tfs\service\webaccess\agile\testscripts\tests\tfstests.agile.configurations.ts::tfstests.agile" name="TFSTests.Agile.Configurations ClassifyDependentsWithoutDependency" />
    </UnitTest>
    <UnitTest name="TFSTests.Agile.ReorderManager single CanOperationBeUnblockedWillReturnAsExpected" storage="d:\v2.0\a1\_work\dbded102\vso\tfs\service\webaccess\agile\testscripts\tests\tfstests.agile.configurations.ts" id="be42dcf2-a650-4814-9454-2906d5bead08">
      <Execution id="fb5b9c65-ff0c-4d25-8e0d-fd6333565f3c" />
      <TestMethod codeBase="d:\v2.0\a1\_work\dbded102\vso\tfs\service\webaccess\agile\testscripts\tests\tfstests.agile.configurations.ts" adapterTypeName="Microsoft.VisualStudio.TestTools.TestTypes.Unit.UnitTestAdapter" className="d:\v2.0\a1\_work\dbded102\vso\tfs\service\webaccess\agile\testscripts\tests\tfstests.agile.configurations.ts::tfstests.agile" name="TFSTests.Agile.ReorderManager single CanOperationBeUnblockedWillReturnAsExpected" />
    </UnitTest>
    <UnitTest name="TFSTests.Agile.ReorderManager single ReorderOperationBlockedUntillPreProcessingIsComplete" storage="d:\v2.0\a1\_work\dbded102\vso\tfs\service\webaccess\agile\testscripts\tests\tfstests.agile.configurations.ts" id="bfe575f1-26c4-482b-ae49-093040c08a93">
      <Execution id="df9747f5-4dfa-4e54-8633-b79e08664ac0" />
      <TestMethod codeBase="d:\v2.0\a1\_work\dbded102\vso\tfs\service\webaccess\agile\testscripts\tests\tfstests.agile.configurations.ts" adapterTypeName="Microsoft.VisualStudio.TestTools.TestTypes.Unit.UnitTestAdapter" className="d:\v2.0\a1\_work\dbded102\vso\tfs\service\webaccess\agile\testscripts\tests\tfstests.agile.configurations.ts::tfstests.agile" name="TFSTests.Agile.ReorderManager single ReorderOperationBlockedUntillPreProcessingIsComplete" />
    </UnitTest>
    <UnitTest name="TFSTests.Agile.ReorderManager single ReorderOperationNotBlockedPreProcessingUnspecified" storage="d:\v2.0\a1\_work\dbded102\vso\tfs\service\webaccess\agile\testscripts\tests\tfstests.agile.configurations.ts" id="ac8a8427-c076-453c-b14f-a4c2820f9f16">
      <Execution id="32e5d2e5-ede3-40d5-9d76-5b21796657db" />
      <TestMethod codeBase="d:\v2.0\a1\_work\dbded102\vso\tfs\service\webaccess\agile\testscripts\tests\tfstests.agile.configurations.ts" adapterTypeName="Microsoft.VisualStudio.TestTools.TestTypes.Unit.UnitTestAdapter" className="d:\v2.0\a1\_work\dbded102\vso\tfs\service\webaccess\agile\testscripts\tests\tfstests.agile.configurations.ts::tfstests.agile" name="TFSTests.Agile.ReorderManager single ReorderOperationNotBlockedPreProcessingUnspecified" />
    </UnitTest>
    <UnitTest name="TFSTests.Agile.ReorderManager single ResumeReorderShouldFlushPendingChanges" storage="d:\v2.0\a1\_work\dbded102\vso\tfs\service\webaccess\agile\testscripts\tests\tfstests.agile.configurations.ts" id="9caa61cb-abbc-4e5d-ac7c-276ef471f551">
      <Execution id="f0866fb2-5b5b-4579-8d6d-c69aab1a30e5" />
      <TestMethod codeBase="d:\v2.0\a1\_work\dbded102\vso\tfs\service\webaccess\agile\testscripts\tests\tfstests.agile.configurations.ts" adapterTypeName="Microsoft.VisualStudio.TestTools.TestTypes.Unit.UnitTestAdapter" className="d:\v2.0\a1\_work\dbded102\vso\tfs\service\webaccess\agile\testscripts\tests\tfstests.agile.configurations.ts::tfstests.agile" name="TFSTests.Agile.ReorderManager single ResumeReorderShouldFlushPendingChanges" />
    </UnitTest>
    <UnitTest name="TFSTests.Agile.ReorderManager single DequeueReorderWillRemoveOperationsThatWereBlockedPreviously" storage="d:\v2.0\a1\_work\dbded102\vso\tfs\service\webaccess\agile\testscripts\tests\tfstests.agile.configurations.ts" id="93a21cc6-6c81-4d37-a9c9-464c8518beae">
      <Execution id="6445f986-2da3-403d-a967-3a356e039634" />
      <TestMethod codeBase="d:\v2.0\a1\_work\dbded102\vso\tfs\service\webaccess\agile\testscripts\tests\tfstests.agile.configurations.ts" adapterTypeName="Microsoft.VisualStudio.TestTools.TestTypes.Unit.UnitTestAdapter" className="d:\v2.0\a1\_work\dbded102\vso\tfs\service\webaccess\agile\testscripts\tests\tfstests.agile.configurations.ts::tfstests.agile" name="TFSTests.Agile.ReorderManager single DequeueReorderWillRemoveOperationsThatWereBlockedPreviously" />
    </UnitTest>
    <UnitTest name="TFSTests.Agile.ReorderManager single ChangeReorderIdWillUpdatePendingOperations" storage="d:\v2.0\a1\_work\dbded102\vso\tfs\service\webaccess\agile\testscripts\tests\tfstests.agile.configurations.ts" id="cb72035f-db47-4ab4-9e0e-f3d642f02658">
      <Execution id="cddefdf6-e1c2-4816-89d6-ebb89b3dc2d9" />
      <TestMethod codeBase="d:\v2.0\a1\_work\dbded102\vso\tfs\service\webaccess\agile\testscripts\tests\tfstests.agile.configurations.ts" adapterTypeName="Microsoft.VisualStudio.TestTools.TestTypes.Unit.UnitTestAdapter" className="d:\v2.0\a1\_work\dbded102\vso\tfs\service\webaccess\agile\testscripts\tests\tfstests.agile.configurations.ts::tfstests.agile" name="TFSTests.Agile.ReorderManager single ChangeReorderIdWillUpdatePendingOperations" />
    </UnitTest>
    <UnitTest name="TFSTests.Agile.ReorderManager single WillUnblockOnlyValidReorderOperations" storage="d:\v2.0\a1\_work\dbded102\vso\tfs\service\webaccess\agile\testscripts\tests\tfstests.agile.configurations.ts" id="8feeb733-dd68-4193-a355-e7515c6e8ba7">
      <Execution id="ee7115e5-5603-4698-80f8-6b527dec2d92" />
      <TestMethod codeBase="d:\v2.0\a1\_work\dbded102\vso\tfs\service\webaccess\agile\testscripts\tests\tfstests.agile.configurations.ts" adapterTypeName="Microsoft.VisualStudio.TestTools.TestTypes.Unit.UnitTestAdapter" className="d:\v2.0\a1\_work\dbded102\vso\tfs\service\webaccess\agile\testscripts\tests\tfstests.agile.configurations.ts::tfstests.agile" name="TFSTests.Agile.ReorderManager single WillUnblockOnlyValidReorderOperations" />
    </UnitTest>
    <UnitTest name="TFSTests.Agile.ReorderManager single ReorderManager" storage="d:\v2.0\a1\_work\dbded102\vso\tfs\service\webaccess\agile\testscripts\tests\tfstests.agile.configurations.ts" id="9cc6d860-9a88-4cbb-b842-b8a79d8e6e4f">
      <Execution id="fd49c45a-4a52-4e40-a211-0286776f9e59" />
      <TestMethod codeBase="d:\v2.0\a1\_work\dbded102\vso\tfs\service\webaccess\agile\testscripts\tests\tfstests.agile.configurations.ts" adapterTypeName="Microsoft.VisualStudio.TestTools.TestTypes.Unit.UnitTestAdapter" className="d:\v2.0\a1\_work\dbded102\vso\tfs\service\webaccess\agile\testscripts\tests\tfstests.agile.configurations.ts::tfstests.agile" name="TFSTests.Agile.ReorderManager single ReorderManager" />
    </UnitTest>
    <UnitTest name="TFSTests.Agile.ReorderManager single ReorderManagerNewIds" storage="d:\v2.0\a1\_work\dbded102\vso\tfs\service\webaccess\agile\testscripts\tests\tfstests.agile.configurations.ts" id="1d5eea11-b864-4030-a872-e28ea95b5848">
      <Execution id="b022a4b7-8f99-410d-a492-541f23a6ea8f" />
      <TestMethod codeBase="d:\v2.0\a1\_work\dbded102\vso\tfs\service\webaccess\agile\testscripts\tests\tfstests.agile.configurations.ts" adapterTypeName="Microsoft.VisualStudio.TestTools.TestTypes.Unit.UnitTestAdapter" className="d:\v2.0\a1\_work\dbded102\vso\tfs\service\webaccess\agile\testscripts\tests\tfstests.agile.configurations.ts::tfstests.agile" name="TFSTests.Agile.ReorderManager single ReorderManagerNewIds" />
    </UnitTest>
    <UnitTest name="TFSTests.Agile.ReorderManager single ReorderManagerClearsCacheForUpdatedWorkItems" storage="d:\v2.0\a1\_work\dbded102\vso\tfs\service\webaccess\agile\testscripts\tests\tfstests.agile.configurations.ts" id="fe75d2bb-e84d-4c6d-b9fe-fcec49a7be41">
      <Execution id="6fcb5893-156e-4d9b-9d16-043df26878cd" />
      <TestMethod codeBase="d:\v2.0\a1\_work\dbded102\vso\tfs\service\webaccess\agile\testscripts\tests\tfstests.agile.configurations.ts" adapterTypeName="Microsoft.VisualStudio.TestTools.TestTypes.Unit.UnitTestAdapter" className="d:\v2.0\a1\_work\dbded102\vso\tfs\service\webaccess\agile\testscripts\tests\tfstests.agile.configurations.ts::tfstests.agile" name="TFSTests.Agile.ReorderManager single ReorderManagerClearsCacheForUpdatedWorkItems" />
    </UnitTest>
    <UnitTest name="TFSTests.Agile.ReorderManager multipleItems CanOperationBeUnblockedWillReturnAsExpected" storage="d:\v2.0\a1\_work\dbded102\vso\tfs\service\webaccess\agile\testscripts\tests\tfstests.agile.configurations.ts" id="d1de0123-7d4c-472d-b340-06ea0d9c5531">
      <Execution id="49a0a89a-ae4e-47e6-9e33-f63095e21d63" />
      <TestMethod codeBase="d:\v2.0\a1\_work\dbded102\vso\tfs\service\webaccess\agile\testscripts\tests\tfstests.agile.configurations.ts" adapterTypeName="Microsoft.VisualStudio.TestTools.TestTypes.Unit.UnitTestAdapter" className="d:\v2.0\a1\_work\dbded102\vso\tfs\service\webaccess\agile\testscripts\tests\tfstests.agile.configurations.ts::tfstests.agile" name="TFSTests.Agile.ReorderManager multipleItems CanOperationBeUnblockedWillReturnAsExpected" />
    </UnitTest>
    <UnitTest name="TFSTests.Agile.ReorderManager multipleItems ReorderOperationBlockedUntillPreProcessingIsComplete" storage="d:\v2.0\a1\_work\dbded102\vso\tfs\service\webaccess\agile\testscripts\tests\tfstests.agile.configurations.ts" id="b672bb35-b75e-4f52-a292-c63ddf1843a5">
      <Execution id="7e980d2d-f741-42dc-9b00-e9f35d2fc814" />
      <TestMethod codeBase="d:\v2.0\a1\_work\dbded102\vso\tfs\service\webaccess\agile\testscripts\tests\tfstests.agile.configurations.ts" adapterTypeName="Microsoft.VisualStudio.TestTools.TestTypes.Unit.UnitTestAdapter" className="d:\v2.0\a1\_work\dbded102\vso\tfs\service\webaccess\agile\testscripts\tests\tfstests.agile.configurations.ts::tfstests.agile" name="TFSTests.Agile.ReorderManager multipleItems ReorderOperationBlockedUntillPreProcessingIsComplete" />
    </UnitTest>
    <UnitTest name="TFSTests.Agile.ReorderManager multipleItems ReorderOperationNotBlockedPreProcessingUnspecified" storage="d:\v2.0\a1\_work\dbded102\vso\tfs\service\webaccess\agile\testscripts\tests\tfstests.agile.configurations.ts" id="17beda1e-7050-4894-bf44-38aa1a32bcc6">
      <Execution id="37bd4cbf-5d20-4f13-bb15-3164eaf909c5" />
      <TestMethod codeBase="d:\v2.0\a1\_work\dbded102\vso\tfs\service\webaccess\agile\testscripts\tests\tfstests.agile.configurations.ts" adapterTypeName="Microsoft.VisualStudio.TestTools.TestTypes.Unit.UnitTestAdapter" className="d:\v2.0\a1\_work\dbded102\vso\tfs\service\webaccess\agile\testscripts\tests\tfstests.agile.configurations.ts::tfstests.agile" name="TFSTests.Agile.ReorderManager multipleItems ReorderOperationNotBlockedPreProcessingUnspecified" />
    </UnitTest>
    <UnitTest name="TFSTests.Agile.ReorderManager multipleItems ResumeReorderShouldFlushPendingChanges" storage="d:\v2.0\a1\_work\dbded102\vso\tfs\service\webaccess\agile\testscripts\tests\tfstests.agile.configurations.ts" id="e1fc19ff-479a-4d50-9553-1178c0198083">
      <Execution id="c55b001a-5bf0-406b-945d-d2f364deedc8" />
      <TestMethod codeBase="d:\v2.0\a1\_work\dbded102\vso\tfs\service\webaccess\agile\testscripts\tests\tfstests.agile.configurations.ts" adapterTypeName="Microsoft.VisualStudio.TestTools.TestTypes.Unit.UnitTestAdapter" className="d:\v2.0\a1\_work\dbded102\vso\tfs\service\webaccess\agile\testscripts\tests\tfstests.agile.configurations.ts::tfstests.agile" name="TFSTests.Agile.ReorderManager multipleItems ResumeReorderShouldFlushPendingChanges" />
    </UnitTest>
    <UnitTest name="TFSTests.Agile.ReorderManager multipleItems DequeueReorderWillRemoveOperationsThatWereBlockedPreviously" storage="d:\v2.0\a1\_work\dbded102\vso\tfs\service\webaccess\agile\testscripts\tests\tfstests.agile.configurations.ts" id="dec97c3c-27bb-47b2-9553-5fa0f52ef35b">
      <Execution id="776dce00-9040-497c-81d3-09228bc06a56" />
      <TestMethod codeBase="d:\v2.0\a1\_work\dbded102\vso\tfs\service\webaccess\agile\testscripts\tests\tfstests.agile.configurations.ts" adapterTypeName="Microsoft.VisualStudio.TestTools.TestTypes.Unit.UnitTestAdapter" className="d:\v2.0\a1\_work\dbded102\vso\tfs\service\webaccess\agile\testscripts\tests\tfstests.agile.configurations.ts::tfstests.agile" name="TFSTests.Agile.ReorderManager multipleItems DequeueReorderWillRemoveOperationsThatWereBlockedPreviously" />
    </UnitTest>
    <UnitTest name="TFSTests.Agile.ReorderManager multipleItems ChangeReorderIdWillUpdatePendingOperations" storage="d:\v2.0\a1\_work\dbded102\vso\tfs\service\webaccess\agile\testscripts\tests\tfstests.agile.configurations.ts" id="9704ada7-b801-4792-8638-8252da9e6d98">
      <Execution id="519cc4ea-9008-4749-960d-c2be412ba017" />
      <TestMethod codeBase="d:\v2.0\a1\_work\dbded102\vso\tfs\service\webaccess\agile\testscripts\tests\tfstests.agile.configurations.ts" adapterTypeName="Microsoft.VisualStudio.TestTools.TestTypes.Unit.UnitTestAdapter" className="d:\v2.0\a1\_work\dbded102\vso\tfs\service\webaccess\agile\testscripts\tests\tfstests.agile.configurations.ts::tfstests.agile" name="TFSTests.Agile.ReorderManager multipleItems ChangeReorderIdWillUpdatePendingOperations" />
    </UnitTest>
    <UnitTest name="TFSTests.Agile.ReorderManager multipleItems WillUnblockOnlyValidReorderOperations" storage="d:\v2.0\a1\_work\dbded102\vso\tfs\service\webaccess\agile\testscripts\tests\tfstests.agile.configurations.ts" id="4d4a92c1-694c-4e2c-8860-7ff39023e89f">
      <Execution id="731f7db5-8d99-4212-86c1-b6dd46499444" />
      <TestMethod codeBase="d:\v2.0\a1\_work\dbded102\vso\tfs\service\webaccess\agile\testscripts\tests\tfstests.agile.configurations.ts" adapterTypeName="Microsoft.VisualStudio.TestTools.TestTypes.Unit.UnitTestAdapter" className="d:\v2.0\a1\_work\dbded102\vso\tfs\service\webaccess\agile\testscripts\tests\tfstests.agile.configurations.ts::tfstests.agile" name="TFSTests.Agile.ReorderManager multipleItems WillUnblockOnlyValidReorderOperations" />
    </UnitTest>
    <UnitTest name="TFSTests.Agile.ReorderManager multipleItems ReorderManager" storage="d:\v2.0\a1\_work\dbded102\vso\tfs\service\webaccess\agile\testscripts\tests\tfstests.agile.configurations.ts" id="c7565e30-2a8b-45db-9c74-51f7503e0dbb">
      <Execution id="938666e5-dfb3-48b0-a724-946e4e2ec955" />
      <TestMethod codeBase="d:\v2.0\a1\_work\dbded102\vso\tfs\service\webaccess\agile\testscripts\tests\tfstests.agile.configurations.ts" adapterTypeName="Microsoft.VisualStudio.TestTools.TestTypes.Unit.UnitTestAdapter" className="d:\v2.0\a1\_work\dbded102\vso\tfs\service\webaccess\agile\testscripts\tests\tfstests.agile.configurations.ts::tfstests.agile" name="TFSTests.Agile.ReorderManager multipleItems ReorderManager" />
    </UnitTest>
    <UnitTest name="TFSTests.Agile.ReorderManager multipleItems ReorderManagerNewIds" storage="d:\v2.0\a1\_work\dbded102\vso\tfs\service\webaccess\agile\testscripts\tests\tfstests.agile.configurations.ts" id="0d4e9057-8bba-4452-99e2-67e3c3d8f550">
      <Execution id="abf3b8d8-75db-4a33-bfff-c18ced82f799" />
      <TestMethod codeBase="d:\v2.0\a1\_work\dbded102\vso\tfs\service\webaccess\agile\testscripts\tests\tfstests.agile.configurations.ts" adapterTypeName="Microsoft.VisualStudio.TestTools.TestTypes.Unit.UnitTestAdapter" className="d:\v2.0\a1\_work\dbded102\vso\tfs\service\webaccess\agile\testscripts\tests\tfstests.agile.configurations.ts::tfstests.agile" name="TFSTests.Agile.ReorderManager multipleItems ReorderManagerNewIds" />
    </UnitTest>
    <UnitTest name="TFSTests.Agile.ReorderManager multipleItems ReorderManagerClearsCacheForUpdatedWorkItems" storage="d:\v2.0\a1\_work\dbded102\vso\tfs\service\webaccess\agile\testscripts\tests\tfstests.agile.configurations.ts" id="fb082a0d-3060-4aa1-a5fe-b65eaf686082">
      <Execution id="642226b9-09f9-4b96-8909-2db8e9644d90" />
      <TestMethod codeBase="d:\v2.0\a1\_work\dbded102\vso\tfs\service\webaccess\agile\testscripts\tests\tfstests.agile.configurations.ts" adapterTypeName="Microsoft.VisualStudio.TestTools.TestTypes.Unit.UnitTestAdapter" className="d:\v2.0\a1\_work\dbded102\vso\tfs\service\webaccess\agile\testscripts\tests\tfstests.agile.configurations.ts::tfstests.agile" name="TFSTests.Agile.ReorderManager multipleItems ReorderManagerClearsCacheForUpdatedWorkItems" />
    </UnitTest>
    <UnitTest name="TFSTests.Agile.Utils.MoveToIterationTests CannotMoveUnownedToIterationOrBacklog" storage="d:\v2.0\a1\_work\dbded102\vso\tfs\service\webaccess\agile\testscripts\tests\tfstests.agile.utils.movetoiteration.ts" id="290ea67e-bc2b-41ca-8c35-3143ba0bdd72">
      <Execution id="69440cc3-0688-4cec-a921-a1cb9db9c122" />
      <TestMethod codeBase="d:\v2.0\a1\_work\dbded102\vso\tfs\service\webaccess\agile\testscripts\tests\tfstests.agile.utils.movetoiteration.ts" adapterTypeName="Microsoft.VisualStudio.TestTools.TestTypes.Unit.UnitTestAdapter" className="d:\v2.0\a1\_work\dbded102\vso\tfs\service\webaccess\agile\testscripts\tests\tfstests.agile.utils.movetoiteration.ts::tfstests.agile.utils" name="TFSTests.Agile.Utils.MoveToIterationTests CannotMoveUnownedToIterationOrBacklog" />
    </UnitTest>
    <UnitTest name="TFSTests.Agile.Utils.MoveToIterationTests CannotMoveItemToNonMatchingBacklog" storage="d:\v2.0\a1\_work\dbded102\vso\tfs\service\webaccess\agile\testscripts\tests\tfstests.agile.utils.movetoiteration.ts" id="362758e8-530d-4a15-814b-e57ea915f4c2">
      <Execution id="9976e0c2-dffa-4477-bfe8-8e2a27cabd74" />
      <TestMethod codeBase="d:\v2.0\a1\_work\dbded102\vso\tfs\service\webaccess\agile\testscripts\tests\tfstests.agile.utils.movetoiteration.ts" adapterTypeName="Microsoft.VisualStudio.TestTools.TestTypes.Unit.UnitTestAdapter" className="d:\v2.0\a1\_work\dbded102\vso\tfs\service\webaccess\agile\testscripts\tests\tfstests.agile.utils.movetoiteration.ts::tfstests.agile.utils" name="TFSTests.Agile.Utils.MoveToIterationTests CannotMoveItemToNonMatchingBacklog" />
    </UnitTest>
    <UnitTest name="TFSTests.Agile.Utils.MoveToIterationTests CanMoveTaskToRequirementBacklog" storage="d:\v2.0\a1\_work\dbded102\vso\tfs\service\webaccess\agile\testscripts\tests\tfstests.agile.utils.movetoiteration.ts" id="7a6fdccd-ff5c-4ca7-87d8-bb254c5d2a5c">
      <Execution id="b873bb2b-a012-4397-9ec4-c8ea707aa97d" />
      <TestMethod codeBase="d:\v2.0\a1\_work\dbded102\vso\tfs\service\webaccess\agile\testscripts\tests\tfstests.agile.utils.movetoiteration.ts" adapterTypeName="Microsoft.VisualStudio.TestTools.TestTypes.Unit.UnitTestAdapter" className="d:\v2.0\a1\_work\dbded102\vso\tfs\service\webaccess\agile\testscripts\tests\tfstests.agile.utils.movetoiteration.ts::tfstests.agile.utils" name="TFSTests.Agile.Utils.MoveToIterationTests CanMoveTaskToRequirementBacklog" />
    </UnitTest>
    <UnitTest name="TFSTests.Agile.Utils.MoveToIterationTests CanMoveTaskAndRequirementsToRequirementBacklog" storage="d:\v2.0\a1\_work\dbded102\vso\tfs\service\webaccess\agile\testscripts\tests\tfstests.agile.utils.movetoiteration.ts" id="238aba8c-e87e-467d-b03a-69f5e0054291">
      <Execution id="d1feb1b0-e449-41b2-9f3d-8bb78c46ac69" />
      <TestMethod codeBase="d:\v2.0\a1\_work\dbded102\vso\tfs\service\webaccess\agile\testscripts\tests\tfstests.agile.utils.movetoiteration.ts" adapterTypeName="Microsoft.VisualStudio.TestTools.TestTypes.Unit.UnitTestAdapter" className="d:\v2.0\a1\_work\dbded102\vso\tfs\service\webaccess\agile\testscripts\tests\tfstests.agile.utils.movetoiteration.ts::tfstests.agile.utils" name="TFSTests.Agile.Utils.MoveToIterationTests CanMoveTaskAndRequirementsToRequirementBacklog" />
    </UnitTest>
    <UnitTest name="TFSTests.Agile.Utils.MoveToIterationTests CannotMoveItemToNonExistingBacklog" storage="d:\v2.0\a1\_work\dbded102\vso\tfs\service\webaccess\agile\testscripts\tests\tfstests.agile.utils.movetoiteration.ts" id="cb3164f3-2783-47ca-9091-1b965d59434c">
      <Execution id="920cebe0-39b8-4dc0-bce4-b9bf2f40481b" />
      <TestMethod codeBase="d:\v2.0\a1\_work\dbded102\vso\tfs\service\webaccess\agile\testscripts\tests\tfstests.agile.utils.movetoiteration.ts" adapterTypeName="Microsoft.VisualStudio.TestTools.TestTypes.Unit.UnitTestAdapter" className="d:\v2.0\a1\_work\dbded102\vso\tfs\service\webaccess\agile\testscripts\tests\tfstests.agile.utils.movetoiteration.ts::tfstests.agile.utils" name="TFSTests.Agile.Utils.MoveToIterationTests CannotMoveItemToNonExistingBacklog" />
    </UnitTest>
    <UnitTest name="TFSTests.Agile.Utils.MoveToIterationTests CannotMoveItemToNonExistingBacklog" storage="d:\v2.0\a1\_work\dbded102\vso\tfs\service\webaccess\agile\testscripts\tests\tfstests.agile.utils.movetoiteration.ts" id="9070fad6-30a2-4de7-a67f-ba2207030138">
      <Execution id="eda23470-2cba-4770-9db5-2390ea65e2b7" />
      <TestMethod codeBase="d:\v2.0\a1\_work\dbded102\vso\tfs\service\webaccess\agile\testscripts\tests\tfstests.agile.utils.movetoiteration.ts" adapterTypeName="Microsoft.VisualStudio.TestTools.TestTypes.Unit.UnitTestAdapter" className="d:\v2.0\a1\_work\dbded102\vso\tfs\service\webaccess\agile\testscripts\tests\tfstests.agile.utils.movetoiteration.ts::tfstests.agile.utils" name="TFSTests.Agile.Utils.MoveToIterationTests CannotMoveItemToNonExistingBacklog" />
    </UnitTest>
    <UnitTest name="TFSTests.Agile.Utils.MoveToIterationTests CannotMoveUnpagedItem" storage="d:\v2.0\a1\_work\dbded102\vso\tfs\service\webaccess\agile\testscripts\tests\tfstests.agile.utils.movetoiteration.ts" id="c472c4fc-7c6c-4f40-bbf6-c8ed8b20a973">
      <Execution id="483624ba-3766-4b68-bf8a-7b96aa3f4f05" />
      <TestMethod codeBase="d:\v2.0\a1\_work\dbded102\vso\tfs\service\webaccess\agile\testscripts\tests\tfstests.agile.utils.movetoiteration.ts" adapterTypeName="Microsoft.VisualStudio.TestTools.TestTypes.Unit.UnitTestAdapter" className="d:\v2.0\a1\_work\dbded102\vso\tfs\service\webaccess\agile\testscripts\tests\tfstests.agile.utils.movetoiteration.ts::tfstests.agile.utils" name="TFSTests.Agile.Utils.MoveToIterationTests CannotMoveUnpagedItem" />
    </UnitTest>
    <UnitTest name="TFSTests.Agile.Utils.MoveToIterationTests MoveToIterationSucceeds" storage="d:\v2.0\a1\_work\dbded102\vso\tfs\service\webaccess\agile\testscripts\tests\tfstests.agile.utils.movetoiteration.ts" id="7378d100-1f98-47a0-961c-8b11db9819ab">
      <Execution id="7c928949-d2f8-4e2d-8051-ebbe68021acf" />
      <TestMethod codeBase="d:\v2.0\a1\_work\dbded102\vso\tfs\service\webaccess\agile\testscripts\tests\tfstests.agile.utils.movetoiteration.ts" adapterTypeName="Microsoft.VisualStudio.TestTools.TestTypes.Unit.UnitTestAdapter" className="d:\v2.0\a1\_work\dbded102\vso\tfs\service\webaccess\agile\testscripts\tests\tfstests.agile.utils.movetoiteration.ts::tfstests.agile.utils" name="TFSTests.Agile.Utils.MoveToIterationTests MoveToIterationSucceeds" />
    </UnitTest>
    <UnitTest name="TFSTests.Agile.Utils.MoveToIterationTests MoveToIterationSucceedsForMultipleItems" storage="d:\v2.0\a1\_work\dbded102\vso\tfs\service\webaccess\agile\testscripts\tests\tfstests.agile.utils.movetoiteration.ts" id="d487048b-5533-4a26-8719-4d2b81414670">
      <Execution id="33c6da29-e0fb-4495-a73b-196ff0bafa71" />
      <TestMethod codeBase="d:\v2.0\a1\_work\dbded102\vso\tfs\service\webaccess\agile\testscripts\tests\tfstests.agile.utils.movetoiteration.ts" adapterTypeName="Microsoft.VisualStudio.TestTools.TestTypes.Unit.UnitTestAdapter" className="d:\v2.0\a1\_work\dbded102\vso\tfs\service\webaccess\agile\testscripts\tests\tfstests.agile.utils.movetoiteration.ts::tfstests.agile.utils" name="TFSTests.Agile.Utils.MoveToIterationTests MoveToIterationSucceedsForMultipleItems" />
    </UnitTest>
    <UnitTest name="TFSTests.Agile.Utils.MoveToIterationTests MoveToIterationWithSameIterationPathDoesntUpdate" storage="d:\v2.0\a1\_work\dbded102\vso\tfs\service\webaccess\agile\testscripts\tests\tfstests.agile.utils.movetoiteration.ts" id="7a8c8299-caa0-4b5d-b107-0490356ac558">
      <Execution id="8d835ca7-7b22-4bf2-b559-6def15b7fd8e" />
      <TestMethod codeBase="d:\v2.0\a1\_work\dbded102\vso\tfs\service\webaccess\agile\testscripts\tests\tfstests.agile.utils.movetoiteration.ts" adapterTypeName="Microsoft.VisualStudio.TestTools.TestTypes.Unit.UnitTestAdapter" className="d:\v2.0\a1\_work\dbded102\vso\tfs\service\webaccess\agile\testscripts\tests\tfstests.agile.utils.movetoiteration.ts::tfstests.agile.utils" name="TFSTests.Agile.Utils.MoveToIterationTests MoveToIterationWithSameIterationPathDoesntUpdate" />
    </UnitTest>
    <UnitTest name="TFSTests.Agile.Utils.MoveToIterationTests MoveToIteration_ChildrenTasksMoveWithParent" storage="d:\v2.0\a1\_work\dbded102\vso\tfs\service\webaccess\agile\testscripts\tests\tfstests.agile.utils.movetoiteration.ts" id="1a1b1571-d189-40e3-a030-62419ce06578">
      <Execution id="895bd872-731b-448a-941c-70d41d29d364" />
      <TestMethod codeBase="d:\v2.0\a1\_work\dbded102\vso\tfs\service\webaccess\agile\testscripts\tests\tfstests.agile.utils.movetoiteration.ts" adapterTypeName="Microsoft.VisualStudio.TestTools.TestTypes.Unit.UnitTestAdapter" className="d:\v2.0\a1\_work\dbded102\vso\tfs\service\webaccess\agile\testscripts\tests\tfstests.agile.utils.movetoiteration.ts::tfstests.agile.utils" name="TFSTests.Agile.Utils.MoveToIterationTests MoveToIteration_ChildrenTasksMoveWithParent" />
    </UnitTest>
    <UnitTest name="TFSTests.Agile.Utils PendingOperationHelper" storage="d:\v2.0\a1\_work\dbded102\vso\tfs\service\webaccess\agile\testscripts\tests\tfstests.agile.utils.ts" id="b972eb88-ec7b-4fdd-af76-6a9927325d4f">
      <Execution id="56c6a4a7-1c4a-4add-a5bb-5b406d65a16b" />
      <TestMethod codeBase="d:\v2.0\a1\_work\dbded102\vso\tfs\service\webaccess\agile\testscripts\tests\tfstests.agile.utils.ts" adapterTypeName="Microsoft.VisualStudio.TestTools.TestTypes.Unit.UnitTestAdapter" className="d:\v2.0\a1\_work\dbded102\vso\tfs\service\webaccess\agile\testscripts\tests\tfstests.agile.utils.ts::tfstests.agile" name="TFSTests.Agile.Utils PendingOperationHelper" />
    </UnitTest>
    <UnitTest name="TFSTests.Agile.Utils PendingOperationHelperRefCount" storage="d:\v2.0\a1\_work\dbded102\vso\tfs\service\webaccess\agile\testscripts\tests\tfstests.agile.utils.ts" id="74b538cd-5583-4497-b84c-b44e4c63a8c7">
      <Execution id="b634066e-e9f6-4983-9e30-b1cca4cbf00f" />
      <TestMethod codeBase="d:\v2.0\a1\_work\dbded102\vso\tfs\service\webaccess\agile\testscripts\tests\tfstests.agile.utils.ts" adapterTypeName="Microsoft.VisualStudio.TestTools.TestTypes.Unit.UnitTestAdapter" className="d:\v2.0\a1\_work\dbded102\vso\tfs\service\webaccess\agile\testscripts\tests\tfstests.agile.utils.ts::tfstests.agile" name="TFSTests.Agile.Utils PendingOperationHelperRefCount" />
    </UnitTest>
    <UnitTest name="TFSTests.Agile.Utils PendingOperationHelperClear" storage="d:\v2.0\a1\_work\dbded102\vso\tfs\service\webaccess\agile\testscripts\tests\tfstests.agile.utils.ts" id="05cc8690-32bb-4d02-bf5f-5da4cef6d4e9">
      <Execution id="9e551ff9-aeae-44e3-8229-ea0641315306" />
      <TestMethod codeBase="d:\v2.0\a1\_work\dbded102\vso\tfs\service\webaccess\agile\testscripts\tests\tfstests.agile.utils.ts" adapterTypeName="Microsoft.VisualStudio.TestTools.TestTypes.Unit.UnitTestAdapter" className="d:\v2.0\a1\_work\dbded102\vso\tfs\service\webaccess\agile\testscripts\tests\tfstests.agile.utils.ts::tfstests.agile" name="TFSTests.Agile.Utils PendingOperationHelperClear" />
    </UnitTest>
    <UnitTest name="TFSTests.Agile.Utils AssertParamIsObject" storage="d:\v2.0\a1\_work\dbded102\vso\tfs\service\webaccess\agile\testscripts\tests\tfstests.agile.utils.ts" id="cb85b56f-a3c0-4e13-b674-90d590dbf182">
      <Execution id="4b047d35-00bd-431c-9a86-f06b285b81c1" />
      <TestMethod codeBase="d:\v2.0\a1\_work\dbded102\vso\tfs\service\webaccess\agile\testscripts\tests\tfstests.agile.utils.ts" adapterTypeName="Microsoft.VisualStudio.TestTools.TestTypes.Unit.UnitTestAdapter" className="d:\v2.0\a1\_work\dbded102\vso\tfs\service\webaccess\agile\testscripts\tests\tfstests.agile.utils.ts::tfstests.agile" name="TFSTests.Agile.Utils AssertParamIsObject" />
    </UnitTest>
    <UnitTest name="TFSTests.Agile.Utils DaysBetweenDatesReturnsExpected_Results" storage="d:\v2.0\a1\_work\dbded102\vso\tfs\service\webaccess\agile\testscripts\tests\tfstests.agile.utils.ts" id="90de5066-40e0-449a-8b84-4cbd2f9cd8ea">
      <Execution id="0c131390-ce3f-46f6-969f-872ac912e41a" />
      <TestMethod codeBase="d:\v2.0\a1\_work\dbded102\vso\tfs\service\webaccess\agile\testscripts\tests\tfstests.agile.utils.ts" adapterTypeName="Microsoft.VisualStudio.TestTools.TestTypes.Unit.UnitTestAdapter" className="d:\v2.0\a1\_work\dbded102\vso\tfs\service\webaccess\agile\testscripts\tests\tfstests.agile.utils.ts::tfstests.agile" name="TFSTests.Agile.Utils DaysBetweenDatesReturnsExpected_Results" />
    </UnitTest>
    <UnitTest name="TFSTests.Agile.Utils DaysBetweenDates_DoesntModifyInputs" storage="d:\v2.0\a1\_work\dbded102\vso\tfs\service\webaccess\agile\testscripts\tests\tfstests.agile.utils.ts" id="1313d1ad-b725-492a-b6e9-d539d49b419a">
      <Execution id="538c13aa-629f-427f-8ca6-08ede75a6574" />
      <TestMethod codeBase="d:\v2.0\a1\_work\dbded102\vso\tfs\service\webaccess\agile\testscripts\tests\tfstests.agile.utils.ts" adapterTypeName="Microsoft.VisualStudio.TestTools.TestTypes.Unit.UnitTestAdapter" className="d:\v2.0\a1\_work\dbded102\vso\tfs\service\webaccess\agile\testscripts\tests\tfstests.agile.utils.ts::tfstests.agile" name="TFSTests.Agile.Utils DaysBetweenDates_DoesntModifyInputs" />
    </UnitTest>
    <UnitTest name="TFSTests.Agile.Utils DaysBetweenDates_WithInvalidInputs_Fails" storage="d:\v2.0\a1\_work\dbded102\vso\tfs\service\webaccess\agile\testscripts\tests\tfstests.agile.utils.ts" id="c3d01faa-b7ba-4b0c-8486-423d8e8513d1">
      <Execution id="c50c8ab9-9ce7-496e-bbf3-344ca3c82474" />
      <TestMethod codeBase="d:\v2.0\a1\_work\dbded102\vso\tfs\service\webaccess\agile\testscripts\tests\tfstests.agile.utils.ts" adapterTypeName="Microsoft.VisualStudio.TestTools.TestTypes.Unit.UnitTestAdapter" className="d:\v2.0\a1\_work\dbded102\vso\tfs\service\webaccess\agile\testscripts\tests\tfstests.agile.utils.ts::tfstests.agile" name="TFSTests.Agile.Utils DaysBetweenDates_WithInvalidInputs_Fails" />
    </UnitTest>
    <UnitTest name="TFSTests.Agile.Utils ParseJsonIsland_parsesCorrectContent" storage="d:\v2.0\a1\_work\dbded102\vso\tfs\service\webaccess\agile\testscripts\tests\tfstests.agile.utils.ts" id="7cbee17a-2861-43e7-907c-518e1e4bd093">
      <Execution id="5c09e2c1-86fd-4e2a-97d4-866e47dfa7da" />
      <TestMethod codeBase="d:\v2.0\a1\_work\dbded102\vso\tfs\service\webaccess\agile\testscripts\tests\tfstests.agile.utils.ts" adapterTypeName="Microsoft.VisualStudio.TestTools.TestTypes.Unit.UnitTestAdapter" className="d:\v2.0\a1\_work\dbded102\vso\tfs\service\webaccess\agile\testscripts\tests\tfstests.agile.utils.ts::tfstests.agile" name="TFSTests.Agile.Utils ParseJsonIsland_parsesCorrectContent" />
    </UnitTest>
    <UnitTest name="TFSTests.Agile.Utils ParseJsonIsland_returnsNull_whenNoContentFound" storage="d:\v2.0\a1\_work\dbded102\vso\tfs\service\webaccess\agile\testscripts\tests\tfstests.agile.utils.ts" id="b7c47cdd-4ab8-4e1e-9098-12e45025c1e0">
      <Execution id="7737af01-732d-40c8-8203-5d0a18d29658" />
      <TestMethod codeBase="d:\v2.0\a1\_work\dbded102\vso\tfs\service\webaccess\agile\testscripts\tests\tfstests.agile.utils.ts" adapterTypeName="Microsoft.VisualStudio.TestTools.TestTypes.Unit.UnitTestAdapter" className="d:\v2.0\a1\_work\dbded102\vso\tfs\service\webaccess\agile\testscripts\tests\tfstests.agile.utils.ts::tfstests.agile" name="TFSTests.Agile.Utils ParseJsonIsland_returnsNull_whenNoContentFound" />
    </UnitTest>
    <UnitTest name="TFSTests.Agile.Utils ParseJsonIsland_removesIslandOnlyWhenInstructed" storage="d:\v2.0\a1\_work\dbded102\vso\tfs\service\webaccess\agile\testscripts\tests\tfstests.agile.utils.ts" id="2374b204-c6e2-4e7f-b8e6-e47aab2e89d0">
      <Execution id="15c1d526-742b-4877-b4c5-a733c9228692" />
      <TestMethod codeBase="d:\v2.0\a1\_work\dbded102\vso\tfs\service\webaccess\agile\testscripts\tests\tfstests.agile.utils.ts" adapterTypeName="Microsoft.VisualStudio.TestTools.TestTypes.Unit.UnitTestAdapter" className="d:\v2.0\a1\_work\dbded102\vso\tfs\service\webaccess\agile\testscripts\tests\tfstests.agile.utils.ts::tfstests.agile" name="TFSTests.Agile.Utils ParseJsonIsland_removesIslandOnlyWhenInstructed" />
    </UnitTest>
    <UnitTest name="TFSTests.Agile.Utils LinkHelper_GenerateBacklogLink" storage="d:\v2.0\a1\_work\dbded102\vso\tfs\service\webaccess\agile\testscripts\tests\tfstests.agile.utils.ts" id="9d4f14a1-ef94-4831-82b5-74d14ab728e8">
      <Execution id="9da060ab-6b01-4211-b81f-bc305251c04a" />
      <TestMethod codeBase="d:\v2.0\a1\_work\dbded102\vso\tfs\service\webaccess\agile\testscripts\tests\tfstests.agile.utils.ts" adapterTypeName="Microsoft.VisualStudio.TestTools.TestTypes.Unit.UnitTestAdapter" className="d:\v2.0\a1\_work\dbded102\vso\tfs\service\webaccess\agile\testscripts\tests\tfstests.agile.utils.ts::tfstests.agile" name="TFSTests.Agile.Utils LinkHelper_GenerateBacklogLink" />
    </UnitTest>
    <UnitTest name="TFSTests.Agile.Utils LinkHelper_GenerateIterationLink" storage="d:\v2.0\a1\_work\dbded102\vso\tfs\service\webaccess\agile\testscripts\tests\tfstests.agile.utils.ts" id="3450cc3a-7c32-4ada-adbe-dc629eacc8b7">
      <Execution id="9106913f-a0d6-4716-8a6c-b6931abb2204" />
      <TestMethod codeBase="d:\v2.0\a1\_work\dbded102\vso\tfs\service\webaccess\agile\testscripts\tests\tfstests.agile.utils.ts" adapterTypeName="Microsoft.VisualStudio.TestTools.TestTypes.Unit.UnitTestAdapter" className="d:\v2.0\a1\_work\dbded102\vso\tfs\service\webaccess\agile\testscripts\tests\tfstests.agile.utils.ts::tfstests.agile" name="TFSTests.Agile.Utils LinkHelper_GenerateIterationLink" />
    </UnitTest>
    <UnitTest name="TFSTests.Agile.Utils TeamSettingsUtils_GetTeamIterations_EmptyLists" storage="d:\v2.0\a1\_work\dbded102\vso\tfs\service\webaccess\agile\testscripts\tests\tfstests.agile.utils.ts" id="10d41e12-5bb3-423f-b33c-42bab2247d11">
      <Execution id="2c158925-7ea4-4a37-87c2-ebddbf44a89d" />
      <TestMethod codeBase="d:\v2.0\a1\_work\dbded102\vso\tfs\service\webaccess\agile\testscripts\tests\tfstests.agile.utils.ts" adapterTypeName="Microsoft.VisualStudio.TestTools.TestTypes.Unit.UnitTestAdapter" className="d:\v2.0\a1\_work\dbded102\vso\tfs\service\webaccess\agile\testscripts\tests\tfstests.agile.utils.ts::tfstests.agile" name="TFSTests.Agile.Utils TeamSettingsUtils_GetTeamIterations_EmptyLists" />
    </UnitTest>
    <UnitTest name="TFSTests.Agile.Utils TeamSettingsUtils_GetTeamIterations_NoIterations" storage="d:\v2.0\a1\_work\dbded102\vso\tfs\service\webaccess\agile\testscripts\tests\tfstests.agile.utils.ts" id="f5200e38-8fce-4046-8e1a-5834025f515e">
      <Execution id="7ce13adf-b7e9-4f7c-8eb4-8ee2ecbc482b" />
      <TestMethod codeBase="d:\v2.0\a1\_work\dbded102\vso\tfs\service\webaccess\agile\testscripts\tests\tfstests.agile.utils.ts" adapterTypeName="Microsoft.VisualStudio.TestTools.TestTypes.Unit.UnitTestAdapter" className="d:\v2.0\a1\_work\dbded102\vso\tfs\service\webaccess\agile\testscripts\tests\tfstests.agile.utils.ts::tfstests.agile" name="TFSTests.Agile.Utils TeamSettingsUtils_GetTeamIterations_NoIterations" />
    </UnitTest>
    <UnitTest name="TFSTests.UI.Controls.Data.FieldDataProvider ProviderTreeLogic" storage="d:\v2.0\a1\_work\dbded102\vso\tfs\service\webaccess\agile\testscripts\tests\tfstests.ui.controls.data.fielddataprovider.ts" id="a0c94050-4059-43a9-8bf2-dde427873055">
      <Execution id="c2aacf26-d297-400f-93d8-b27b9a221a1c" />
      <TestMethod codeBase="d:\v2.0\a1\_work\dbded102\vso\tfs\service\webaccess\agile\testscripts\tests\tfstests.ui.controls.data.fielddataprovider.ts" adapterTypeName="Microsoft.VisualStudio.TestTools.TestTypes.Unit.UnitTestAdapter" className="d:\v2.0\a1\_work\dbded102\vso\tfs\service\webaccess\agile\testscripts\tests\tfstests.ui.controls.data.fielddataprovider.ts::tfstests.ui.controls.data" name="TFSTests.UI.Controls.Data.FieldDataProvider ProviderTreeLogic" />
    </UnitTest>
    <UnitTest name="TFSTests.UI.Controls.Data.FieldDataProvider ProviderListLogic" storage="d:\v2.0\a1\_work\dbded102\vso\tfs\service\webaccess\agile\testscripts\tests\tfstests.ui.controls.data.fielddataprovider.ts" id="0a583f7d-7261-4d44-8512-ecc69e6c6723">
      <Execution id="fe5cfcd8-bdc4-4234-a510-0c311b4f2cc0" />
      <TestMethod codeBase="d:\v2.0\a1\_work\dbded102\vso\tfs\service\webaccess\agile\testscripts\tests\tfstests.ui.controls.data.fielddataprovider.ts" adapterTypeName="Microsoft.VisualStudio.TestTools.TestTypes.Unit.UnitTestAdapter" className="d:\v2.0\a1\_work\dbded102\vso\tfs\service\webaccess\agile\testscripts\tests\tfstests.ui.controls.data.fielddataprovider.ts::tfstests.ui.controls.data" name="TFSTests.UI.Controls.Data.FieldDataProvider ProviderListLogic" />
    </UnitTest>
    <UnitTest name="TFSTests.UI.Controls.Data.FieldDataProvider ProviderEmptyListLogic" storage="d:\v2.0\a1\_work\dbded102\vso\tfs\service\webaccess\agile\testscripts\tests\tfstests.ui.controls.data.fielddataprovider.ts" id="724bfd2f-0b4c-4b1d-b552-0d0c68a9c32b">
      <Execution id="09431173-0fcf-4983-8c6e-6c98e7f79552" />
      <TestMethod codeBase="d:\v2.0\a1\_work\dbded102\vso\tfs\service\webaccess\agile\testscripts\tests\tfstests.ui.controls.data.fielddataprovider.ts" adapterTypeName="Microsoft.VisualStudio.TestTools.TestTypes.Unit.UnitTestAdapter" className="d:\v2.0\a1\_work\dbded102\vso\tfs\service\webaccess\agile\testscripts\tests\tfstests.ui.controls.data.fielddataprovider.ts::tfstests.ui.controls.data" name="TFSTests.UI.Controls.Data.FieldDataProvider ProviderEmptyListLogic" />
    </UnitTest>
    <UnitTest name="TFSTests.UI.Controls.Data.FieldDataProvider FieldControlEvents" storage="d:\v2.0\a1\_work\dbded102\vso\tfs\service\webaccess\agile\testscripts\tests\tfstests.ui.controls.data.fielddataprovider.ts" id="a934c8d2-0b0c-4ae8-8cf5-64dfebe921ed">
      <Execution id="d3e68b59-aeac-4540-a4ab-5c300821f240" />
      <TestMethod codeBase="d:\v2.0\a1\_work\dbded102\vso\tfs\service\webaccess\agile\testscripts\tests\tfstests.ui.controls.data.fielddataprovider.ts" adapterTypeName="Microsoft.VisualStudio.TestTools.TestTypes.Unit.UnitTestAdapter" className="d:\v2.0\a1\_work\dbded102\vso\tfs\service\webaccess\agile\testscripts\tests\tfstests.ui.controls.data.fielddataprovider.ts::tfstests.ui.controls.data" name="TFSTests.UI.Controls.Data.FieldDataProvider FieldControlEvents" />
    </UnitTest>
    <UnitTest name="TFSTests.UI.Controls.Data.FieldDataProvider FieldControlMethods" storage="d:\v2.0\a1\_work\dbded102\vso\tfs\service\webaccess\agile\testscripts\tests\tfstests.ui.controls.data.fielddataprovider.ts" id="6067c6ed-0431-46e6-90d3-e1cf7bd72697">
      <Execution id="9d33010b-2aa3-4849-8303-a9ffe6e755dd" />
      <TestMethod codeBase="d:\v2.0\a1\_work\dbded102\vso\tfs\service\webaccess\agile\testscripts\tests\tfstests.ui.controls.data.fielddataprovider.ts" adapterTypeName="Microsoft.VisualStudio.TestTools.TestTypes.Unit.UnitTestAdapter" className="d:\v2.0\a1\_work\dbded102\vso\tfs\service\webaccess\agile\testscripts\tests\tfstests.ui.controls.data.fielddataprovider.ts::tfstests.ui.controls.data" name="TFSTests.UI.Controls.Data.FieldDataProvider FieldControlMethods" />
    </UnitTest>
    <UnitTest name="TFSTests.UI.Controls.Data.FieldDataProvider VerifyIsTree" storage="d:\v2.0\a1\_work\dbded102\vso\tfs\service\webaccess\agile\testscripts\tests\tfstests.ui.controls.data.fielddataprovider.ts" id="7a504e67-ca46-4eba-b534-aabb08a44554">
      <Execution id="75c5eede-c8bd-40f3-8d36-16950af33f3d" />
      <TestMethod codeBase="d:\v2.0\a1\_work\dbded102\vso\tfs\service\webaccess\agile\testscripts\tests\tfstests.ui.controls.data.fielddataprovider.ts" adapterTypeName="Microsoft.VisualStudio.TestTools.TestTypes.Unit.UnitTestAdapter" className="d:\v2.0\a1\_work\dbded102\vso\tfs\service\webaccess\agile\testscripts\tests\tfstests.ui.controls.data.fielddataprovider.ts::tfstests.ui.controls.data" name="TFSTests.UI.Controls.Data.FieldDataProvider VerifyIsTree" />
    </UnitTest>
    <UnitTest name="TFSTests.UI.Controls.Data.FieldDataProvider VerifyGetNodeByPath" storage="d:\v2.0\a1\_work\dbded102\vso\tfs\service\webaccess\agile\testscripts\tests\tfstests.ui.controls.data.fielddataprovider.ts" id="57c65168-bbfd-40e4-a04c-6182ea32c9d2">
      <Execution id="873b713c-1e9b-4698-902d-f9eb972a97bb" />
      <TestMethod codeBase="d:\v2.0\a1\_work\dbded102\vso\tfs\service\webaccess\agile\testscripts\tests\tfstests.ui.controls.data.fielddataprovider.ts" adapterTypeName="Microsoft.VisualStudio.TestTools.TestTypes.Unit.UnitTestAdapter" className="d:\v2.0\a1\_work\dbded102\vso\tfs\service\webaccess\agile\testscripts\tests\tfstests.ui.controls.data.fielddataprovider.ts::tfstests.ui.controls.data" name="TFSTests.UI.Controls.Data.FieldDataProvider VerifyGetNodeByPath" />
    </UnitTest>
    <UnitTest name="TFSTests.UI.Controls.Data.FieldDataProvider VerifyGetNodeById" storage="d:\v2.0\a1\_work\dbded102\vso\tfs\service\webaccess\agile\testscripts\tests\tfstests.ui.controls.data.fielddataprovider.ts" id="eca53acb-5294-4490-9607-3b25ceadf6c8">
      <Execution id="e5e9aca1-888e-48c5-9a1b-56839abec9f4" />
      <TestMethod codeBase="d:\v2.0\a1\_work\dbded102\vso\tfs\service\webaccess\agile\testscripts\tests\tfstests.ui.controls.data.fielddataprovider.ts" adapterTypeName="Microsoft.VisualStudio.TestTools.TestTypes.Unit.UnitTestAdapter" className="d:\v2.0\a1\_work\dbded102\vso\tfs\service\webaccess\agile\testscripts\tests\tfstests.ui.controls.data.fielddataprovider.ts::tfstests.ui.controls.data" name="TFSTests.UI.Controls.Data.FieldDataProvider VerifyGetNodeById" />
    </UnitTest>
    <UnitTest name="TFSTests.UI.Controls.Data.FieldDataProvider VerifyUpdateDates" storage="d:\v2.0\a1\_work\dbded102\vso\tfs\service\webaccess\agile\testscripts\tests\tfstests.ui.controls.data.fielddataprovider.ts" id="a4619fb7-eec4-4d97-bba5-27abbd76d4ec">
      <Execution id="e20f2844-5887-4c1a-8423-4bdc705a781a" />
      <TestMethod codeBase="d:\v2.0\a1\_work\dbded102\vso\tfs\service\webaccess\agile\testscripts\tests\tfstests.ui.controls.data.fielddataprovider.ts" adapterTypeName="Microsoft.VisualStudio.TestTools.TestTypes.Unit.UnitTestAdapter" className="d:\v2.0\a1\_work\dbded102\vso\tfs\service\webaccess\agile\testscripts\tests\tfstests.ui.controls.data.fielddataprovider.ts::tfstests.ui.controls.data" name="TFSTests.UI.Controls.Data.FieldDataProvider VerifyUpdateDates" />
    </UnitTest>
    <UnitTest name="TFSTests.UI.Controls.Data.FieldDataProvider VerifyUpdateText" storage="d:\v2.0\a1\_work\dbded102\vso\tfs\service\webaccess\agile\testscripts\tests\tfstests.ui.controls.data.fielddataprovider.ts" id="28fada76-c967-44a9-a232-176d62c7907f">
      <Execution id="e9151fa6-6ee9-4d83-b221-6b6cca7822c2" />
      <TestMethod codeBase="d:\v2.0\a1\_work\dbded102\vso\tfs\service\webaccess\agile\testscripts\tests\tfstests.ui.controls.data.fielddataprovider.ts" adapterTypeName="Microsoft.VisualStudio.TestTools.TestTypes.Unit.UnitTestAdapter" className="d:\v2.0\a1\_work\dbded102\vso\tfs\service\webaccess\agile\testscripts\tests\tfstests.ui.controls.data.fielddataprovider.ts::tfstests.ui.controls.data" name="TFSTests.UI.Controls.Data.FieldDataProvider VerifyUpdateText" />
    </UnitTest>
    <UnitTest name="TFSTests.UI.Controls.Data.FieldDataProvider VerifyRemoveNode" storage="d:\v2.0\a1\_work\dbded102\vso\tfs\service\webaccess\agile\testscripts\tests\tfstests.ui.controls.data.fielddataprovider.ts" id="f811770d-7537-4d9a-af19-b4cf71be5ab1">
      <Execution id="9c8b2272-ed00-403a-9719-0782bcac4508" />
      <TestMethod codeBase="d:\v2.0\a1\_work\dbded102\vso\tfs\service\webaccess\agile\testscripts\tests\tfstests.ui.controls.data.fielddataprovider.ts" adapterTypeName="Microsoft.VisualStudio.TestTools.TestTypes.Unit.UnitTestAdapter" className="d:\v2.0\a1\_work\dbded102\vso\tfs\service\webaccess\agile\testscripts\tests\tfstests.ui.controls.data.fielddataprovider.ts::tfstests.ui.controls.data" name="TFSTests.UI.Controls.Data.FieldDataProvider VerifyRemoveNode" />
    </UnitTest>
    <UnitTest name="TFSTests.UI.Controls.Data.FieldDataProvider VerifyAddNode" storage="d:\v2.0\a1\_work\dbded102\vso\tfs\service\webaccess\agile\testscripts\tests\tfstests.ui.controls.data.fielddataprovider.ts" id="6c25cc43-e497-49a8-9ac8-732984e9476b">
      <Execution id="d3ddaea7-c780-4edc-929b-d0ea7fa19ca2" />
      <TestMethod codeBase="d:\v2.0\a1\_work\dbded102\vso\tfs\service\webaccess\agile\testscripts\tests\tfstests.ui.controls.data.fielddataprovider.ts" adapterTypeName="Microsoft.VisualStudio.TestTools.TestTypes.Unit.UnitTestAdapter" className="d:\v2.0\a1\_work\dbded102\vso\tfs\service\webaccess\agile\testscripts\tests\tfstests.ui.controls.data.fielddataprovider.ts::tfstests.ui.controls.data" name="TFSTests.UI.Controls.Data.FieldDataProvider VerifyAddNode" />
    </UnitTest>
    <UnitTest name="TFSTests.UI.Controls.Data.HierarchicalGridDataAdapter VerifyPopulateItems" storage="d:\v2.0\a1\_work\dbded102\vso\tfs\service\webaccess\agile\testscripts\tests\tfstests.ui.controls.data.hierarchicalgriddataadapter.ts" id="9daf11c9-b7af-4cca-920e-855e643f0fe1">
      <Execution id="5789d83a-0d25-4c7b-993d-474753835287" />
      <TestMethod codeBase="d:\v2.0\a1\_work\dbded102\vso\tfs\service\webaccess\agile\testscripts\tests\tfstests.ui.controls.data.hierarchicalgriddataadapter.ts" adapterTypeName="Microsoft.VisualStudio.TestTools.TestTypes.Unit.UnitTestAdapter" className="d:\v2.0\a1\_work\dbded102\vso\tfs\service\webaccess\agile\testscripts\tests\tfstests.ui.controls.data.hierarchicalgriddataadapter.ts::tfstests.ui.controls.data" name="TFSTests.UI.Controls.Data.HierarchicalGridDataAdapter VerifyPopulateItems" />
    </UnitTest>
    <UnitTest name="TFSTests.UI.Controls.Data.HierarchicalGridDataAdapter VerifyRefreshDatasource" storage="d:\v2.0\a1\_work\dbded102\vso\tfs\service\webaccess\agile\testscripts\tests\tfstests.ui.controls.data.hierarchicalgriddataadapter.ts" id="517a7933-f0fd-4e49-b6c9-3b32bcf07dd5">
      <Execution id="f09716bb-e807-4fe7-a971-3b25bbdf626e" />
      <TestMethod codeBase="d:\v2.0\a1\_work\dbded102\vso\tfs\service\webaccess\agile\testscripts\tests\tfstests.ui.controls.data.hierarchicalgriddataadapter.ts" adapterTypeName="Microsoft.VisualStudio.TestTools.TestTypes.Unit.UnitTestAdapter" className="d:\v2.0\a1\_work\dbded102\vso\tfs\service\webaccess\agile\testscripts\tests\tfstests.ui.controls.data.hierarchicalgriddataadapter.ts::tfstests.ui.controls.data" name="TFSTests.UI.Controls.Data.HierarchicalGridDataAdapter VerifyRefreshDatasource" />
    </UnitTest>
    <UnitTest name="TFSTests.UI.Controls.Data.HierarchicalGridDataAdapter CheckBoxBehavior" storage="d:\v2.0\a1\_work\dbded102\vso\tfs\service\webaccess\agile\testscripts\tests\tfstests.ui.controls.data.hierarchicalgriddataadapter.ts" id="f2fadc69-ffc8-49d5-aec9-756a6b70f86d">
      <Execution id="f2725c31-eee0-466e-94f5-8ada5e031df2" />
      <TestMethod codeBase="d:\v2.0\a1\_work\dbded102\vso\tfs\service\webaccess\agile\testscripts\tests\tfstests.ui.controls.data.hierarchicalgriddataadapter.ts" adapterTypeName="Microsoft.VisualStudio.TestTools.TestTypes.Unit.UnitTestAdapter" className="d:\v2.0\a1\_work\dbded102\vso\tfs\service\webaccess\agile\testscripts\tests\tfstests.ui.controls.data.hierarchicalgriddataadapter.ts::tfstests.ui.controls.data" name="TFSTests.UI.Controls.Data.HierarchicalGridDataAdapter CheckBoxBehavior" />
    </UnitTest>
    <UnitTest name="TFSTests.UI.Controls.Data.HierarchicalGridDataAdapter SetRootBoxBehavior" storage="d:\v2.0\a1\_work\dbded102\vso\tfs\service\webaccess\agile\testscripts\tests\tfstests.ui.controls.data.hierarchicalgriddataadapter.ts" id="f3e82bb7-c345-44f7-a645-7c0fc7982635">
      <Execution id="8b4f2a19-4519-4ef5-98ef-208d38c7b7ea" />
      <TestMethod codeBase="d:\v2.0\a1\_work\dbded102\vso\tfs\service\webaccess\agile\testscripts\tests\tfstests.ui.controls.data.hierarchicalgriddataadapter.ts" adapterTypeName="Microsoft.VisualStudio.TestTools.TestTypes.Unit.UnitTestAdapter" className="d:\v2.0\a1\_work\dbded102\vso\tfs\service\webaccess\agile\testscripts\tests\tfstests.ui.controls.data.hierarchicalgriddataadapter.ts::tfstests.ui.controls.data" name="TFSTests.UI.Controls.Data.HierarchicalGridDataAdapter SetRootBoxBehavior" />
    </UnitTest>
    <UnitTest name="TFSTests.UI.Controls.Data.HierarchicalGridDataAdapter DisableChildrenCallback" storage="d:\v2.0\a1\_work\dbded102\vso\tfs\service\webaccess\agile\testscripts\tests\tfstests.ui.controls.data.hierarchicalgriddataadapter.ts" id="d3691516-5078-4355-a202-91359391379b">
      <Execution id="aa31f264-5751-4414-a710-4e52f3df3e6e" />
      <TestMethod codeBase="d:\v2.0\a1\_work\dbded102\vso\tfs\service\webaccess\agile\testscripts\tests\tfstests.ui.controls.data.hierarchicalgriddataadapter.ts" adapterTypeName="Microsoft.VisualStudio.TestTools.TestTypes.Unit.UnitTestAdapter" className="d:\v2.0\a1\_work\dbded102\vso\tfs\service\webaccess\agile\testscripts\tests\tfstests.ui.controls.data.hierarchicalgriddataadapter.ts::tfstests.ui.controls.data" name="TFSTests.UI.Controls.Data.HierarchicalGridDataAdapter DisableChildrenCallback" />
    </UnitTest>
    <UnitTest name="TFSTests.UI.Controls.Data.HierarchicalGridDataAdapter HasCheckBoxIterationsGrid" storage="d:\v2.0\a1\_work\dbded102\vso\tfs\service\webaccess\agile\testscripts\tests\tfstests.ui.controls.data.hierarchicalgriddataadapter.ts" id="a66acdef-e5e8-4d45-b6ce-a31549104025">
      <Execution id="5ba0e225-51ed-4f84-886c-88f332541351" />
      <TestMethod codeBase="d:\v2.0\a1\_work\dbded102\vso\tfs\service\webaccess\agile\testscripts\tests\tfstests.ui.controls.data.hierarchicalgriddataadapter.ts" adapterTypeName="Microsoft.VisualStudio.TestTools.TestTypes.Unit.UnitTestAdapter" className="d:\v2.0\a1\_work\dbded102\vso\tfs\service\webaccess\agile\testscripts\tests\tfstests.ui.controls.data.hierarchicalgriddataadapter.ts::tfstests.ui.controls.data" name="TFSTests.UI.Controls.Data.HierarchicalGridDataAdapter HasCheckBoxIterationsGrid" />
    </UnitTest>
    <UnitTest name="TFSTests.UI.Controls.Data.HierarchicalGridDataAdapter isValidChildOfTeamBacklogIteration" storage="d:\v2.0\a1\_work\dbded102\vso\tfs\service\webaccess\agile\testscripts\tests\tfstests.ui.controls.data.hierarchicalgriddataadapter.ts" id="3f11ddd1-763d-4909-a2f3-4552b35065db">
      <Execution id="164fd752-7cb6-4b4b-95cb-a17440b8de56" />
      <TestMethod codeBase="d:\v2.0\a1\_work\dbded102\vso\tfs\service\webaccess\agile\testscripts\tests\tfstests.ui.controls.data.hierarchicalgriddataadapter.ts" adapterTypeName="Microsoft.VisualStudio.TestTools.TestTypes.Unit.UnitTestAdapter" className="d:\v2.0\a1\_work\dbded102\vso\tfs\service\webaccess\agile\testscripts\tests\tfstests.ui.controls.data.hierarchicalgriddataadapter.ts::tfstests.ui.controls.data" name="TFSTests.UI.Controls.Data.HierarchicalGridDataAdapter isValidChildOfTeamBacklogIteration" />
    </UnitTest>
    <UnitTest name="TFSTests.UI.Validation RequiredValidatorReturnsExpectedResult_GivenVariousValues" storage="d:\v2.0\a1\_work\dbded102\vso\tfs\service\webaccess\agile\testscripts\tests\tfstests.ui.validation.ts" id="3b792c91-8525-4e56-a53e-52ef2886cf32">
      <Execution id="6ed26921-0abf-451e-bc4c-0fa78077207b" />
      <TestMethod codeBase="d:\v2.0\a1\_work\dbded102\vso\tfs\service\webaccess\agile\testscripts\tests\tfstests.ui.validation.ts" adapterTypeName="Microsoft.VisualStudio.TestTools.TestTypes.Unit.UnitTestAdapter" className="d:\v2.0\a1\_work\dbded102\vso\tfs\service\webaccess\agile\testscripts\tests\tfstests.ui.validation.ts::tfstests.ui" name="TFSTests.UI.Validation RequiredValidatorReturnsExpectedResult_GivenVariousValues" />
    </UnitTest>
    <UnitTest name="TFSTests.UI.Validation RegExValidatorReturnsTrue_GivenEmptyString" storage="d:\v2.0\a1\_work\dbded102\vso\tfs\service\webaccess\agile\testscripts\tests\tfstests.ui.validation.ts" id="e8587715-eb15-4c5f-8745-f4384b272207">
      <Execution id="9967e368-a146-4744-b883-e72759f51ba1" />
      <TestMethod codeBase="d:\v2.0\a1\_work\dbded102\vso\tfs\service\webaccess\agile\testscripts\tests\tfstests.ui.validation.ts" adapterTypeName="Microsoft.VisualStudio.TestTools.TestTypes.Unit.UnitTestAdapter" className="d:\v2.0\a1\_work\dbded102\vso\tfs\service\webaccess\agile\testscripts\tests\tfstests.ui.validation.ts::tfstests.ui" name="TFSTests.UI.Validation RegExValidatorReturnsTrue_GivenEmptyString" />
    </UnitTest>
    <UnitTest name="TFSTests.UI.Validation RegExValidatorReturnsExpectedResult_GivenVariousValues" storage="d:\v2.0\a1\_work\dbded102\vso\tfs\service\webaccess\agile\testscripts\tests\tfstests.ui.validation.ts" id="4032b40e-5f2c-4008-9620-bbf4dfa88de9">
      <Execution id="eed4757b-98e2-4f55-b3f1-862bdab3823d" />
      <TestMethod codeBase="d:\v2.0\a1\_work\dbded102\vso\tfs\service\webaccess\agile\testscripts\tests\tfstests.ui.validation.ts" adapterTypeName="Microsoft.VisualStudio.TestTools.TestTypes.Unit.UnitTestAdapter" className="d:\v2.0\a1\_work\dbded102\vso\tfs\service\webaccess\agile\testscripts\tests\tfstests.ui.validation.ts::tfstests.ui" name="TFSTests.UI.Validation RegExValidatorReturnsExpectedResult_GivenVariousValues" />
    </UnitTest>
    <UnitTest name="TFSTests.UI.Validation TypeValidatorReturnsExpectedResultWhenCheckingDateType_GivenVariousValues" storage="d:\v2.0\a1\_work\dbded102\vso\tfs\service\webaccess\agile\testscripts\tests\tfstests.ui.validation.ts" id="555101b1-0a63-4940-83ad-68cf2f40ebf9">
      <Execution id="85b40e29-8514-4b36-aaad-576e169c8ec2" />
      <TestMethod codeBase="d:\v2.0\a1\_work\dbded102\vso\tfs\service\webaccess\agile\testscripts\tests\tfstests.ui.validation.ts" adapterTypeName="Microsoft.VisualStudio.TestTools.TestTypes.Unit.UnitTestAdapter" className="d:\v2.0\a1\_work\dbded102\vso\tfs\service\webaccess\agile\testscripts\tests\tfstests.ui.validation.ts::tfstests.ui" name="TFSTests.UI.Validation TypeValidatorReturnsExpectedResultWhenCheckingDateType_GivenVariousValues" />
    </UnitTest>
    <UnitTest name="TFSTests.UI.Validation ValidateInvokesAllRegisteredValidators" storage="d:\v2.0\a1\_work\dbded102\vso\tfs\service\webaccess\agile\testscripts\tests\tfstests.ui.validation.ts" id="4b8f66ed-6f57-46d4-9821-eb80883d0438">
      <Execution id="493471c7-dbb8-42e8-a4bf-33794f016e5f" />
      <TestMethod codeBase="d:\v2.0\a1\_work\dbded102\vso\tfs\service\webaccess\agile\testscripts\tests\tfstests.ui.validation.ts" adapterTypeName="Microsoft.VisualStudio.TestTools.TestTypes.Unit.UnitTestAdapter" className="d:\v2.0\a1\_work\dbded102\vso\tfs\service\webaccess\agile\testscripts\tests\tfstests.ui.validation.ts::tfstests.ui" name="TFSTests.UI.Validation ValidateInvokesAllRegisteredValidators" />
    </UnitTest>
    <UnitTest name="TFSTests.UI.Validation ValidatorIsInvokedOnChangeAndBlur_AndPassedRegistrationOptions" storage="d:\v2.0\a1\_work\dbded102\vso\tfs\service\webaccess\agile\testscripts\tests\tfstests.ui.validation.ts" id="8c5b8fee-3b20-456a-8716-aa1474672cc4">
      <Execution id="95ed3066-61f6-4732-8a24-c8b4154ec6ab" />
      <TestMethod codeBase="d:\v2.0\a1\_work\dbded102\vso\tfs\service\webaccess\agile\testscripts\tests\tfstests.ui.validation.ts" adapterTypeName="Microsoft.VisualStudio.TestTools.TestTypes.Unit.UnitTestAdapter" className="d:\v2.0\a1\_work\dbded102\vso\tfs\service\webaccess\agile\testscripts\tests\tfstests.ui.validation.ts::tfstests.ui" name="TFSTests.UI.Validation ValidatorIsInvokedOnChangeAndBlur_AndPassedRegistrationOptions" />
    </UnitTest>
    <UnitTest name="TFSTests.UI.Validation RegisteringValidatorAllowsOverrideOfOnError" storage="d:\v2.0\a1\_work\dbded102\vso\tfs\service\webaccess\agile\testscripts\tests\tfstests.ui.validation.ts" id="4453181f-4b5b-40b9-b174-c5e221f85fb4">
      <Execution id="c31c459c-057c-4358-aa53-4bea7e5abaa9" />
      <TestMethod codeBase="d:\v2.0\a1\_work\dbded102\vso\tfs\service\webaccess\agile\testscripts\tests\tfstests.ui.validation.ts" adapterTypeName="Microsoft.VisualStudio.TestTools.TestTypes.Unit.UnitTestAdapter" className="d:\v2.0\a1\_work\dbded102\vso\tfs\service\webaccess\agile\testscripts\tests\tfstests.ui.validation.ts::tfstests.ui" name="TFSTests.UI.Validation RegisteringValidatorAllowsOverrideOfOnError" />
    </UnitTest>
    <UnitTest name="TFSTests.UI.Validation RegisteringValidatorAllowsOverrideOfEvents" storage="d:\v2.0\a1\_work\dbded102\vso\tfs\service\webaccess\agile\testscripts\tests\tfstests.ui.validation.ts" id="f7da8a50-4ec9-4888-a2e6-ed71a68b679e">
      <Execution id="bce2563f-6765-41b1-af65-e7ae4f8bb729" />
      <TestMethod codeBase="d:\v2.0\a1\_work\dbded102\vso\tfs\service\webaccess\agile\testscripts\tests\tfstests.ui.validation.ts" adapterTypeName="Microsoft.VisualStudio.TestTools.TestTypes.Unit.UnitTestAdapter" className="d:\v2.0\a1\_work\dbded102\vso\tfs\service\webaccess\agile\testscripts\tests\tfstests.ui.validation.ts::tfstests.ui" name="TFSTests.UI.Validation RegisteringValidatorAllowsOverrideOfEvents" />
    </UnitTest>
    <UnitTest name="TFSTests.Agile.Cards.WIT WitCardFieldDefinition" storage="d:\v2.0\a1\_work\dbded102\vso\tfs\service\webaccess\agile\testscripts\tests\tfstests.agile.cards.ts" id="e2854488-652a-4af0-975e-9eb2f628e064">
      <Execution id="75b3bdfe-bdbd-4c2f-b46d-e8e0403b6b90" />
      <TestMethod codeBase="d:\v2.0\a1\_work\dbded102\vso\tfs\service\webaccess\agile\testscripts\tests\tfstests.agile.cards.ts" adapterTypeName="Microsoft.VisualStudio.TestTools.TestTypes.Unit.UnitTestAdapter" className="d:\v2.0\a1\_work\dbded102\vso\tfs\service\webaccess\agile\testscripts\tests\tfstests.agile.cards.ts::tfstests.agile.cards" name="TFSTests.Agile.Cards.WIT WitCardFieldDefinition" />
    </UnitTest>
    <UnitTest name="TFSTests.Agile.Cards.WIT WitCardField" storage="d:\v2.0\a1\_work\dbded102\vso\tfs\service\webaccess\agile\testscripts\tests\tfstests.agile.cards.ts" id="07e1cc20-6ab7-4332-8962-79bbe2f7d8a8">
      <Execution id="6c90983e-25ae-4845-8114-032d67e6de17" />
      <TestMethod codeBase="d:\v2.0\a1\_work\dbded102\vso\tfs\service\webaccess\agile\testscripts\tests\tfstests.agile.cards.ts" adapterTypeName="Microsoft.VisualStudio.TestTools.TestTypes.Unit.UnitTestAdapter" className="d:\v2.0\a1\_work\dbded102\vso\tfs\service\webaccess\agile\testscripts\tests\tfstests.agile.cards.ts::tfstests.agile.cards" name="TFSTests.Agile.Cards.WIT WitCardField" />
    </UnitTest>
    <UnitTest name="TFSTests.Agile.Boards.Settings.Validator SwimlaneTabValidator_WithDuplicatedName" storage="d:\v2.0\a1\_work\dbded102\vso\tfs\service\webaccess\agile\testscripts\tests\tfstests.agile.boards.settings.validator.ts" id="574b32f5-dfbf-4af5-a55e-b58ff9e4be7e">
      <Execution id="86d4a064-4a0a-4e89-ae40-dadd57595209" />
      <TestMethod codeBase="d:\v2.0\a1\_work\dbded102\vso\tfs\service\webaccess\agile\testscripts\tests\tfstests.agile.boards.settings.validator.ts" adapterTypeName="Microsoft.VisualStudio.TestTools.TestTypes.Unit.UnitTestAdapter" className="d:\v2.0\a1\_work\dbded102\vso\tfs\service\webaccess\agile\testscripts\tests\tfstests.agile.boards.settings.validator.ts::tfstests.agile.boards.settings" name="TFSTests.Agile.Boards.Settings.Validator SwimlaneTabValidator_WithDuplicatedName" />
    </UnitTest>
    <UnitTest name="TFSTests.Agile.Boards.Settings.Validator BoardColumnValidator_WithValidColumnName" storage="d:\v2.0\a1\_work\dbded102\vso\tfs\service\webaccess\agile\testscripts\tests\tfstests.agile.boards.settings.validator.ts" id="fc7261c2-37c0-4130-8893-46d468093403">
      <Execution id="33efafad-b99a-4941-af16-0d872f641d8d" />
      <TestMethod codeBase="d:\v2.0\a1\_work\dbded102\vso\tfs\service\webaccess\agile\testscripts\tests\tfstests.agile.boards.settings.validator.ts" adapterTypeName="Microsoft.VisualStudio.TestTools.TestTypes.Unit.UnitTestAdapter" className="d:\v2.0\a1\_work\dbded102\vso\tfs\service\webaccess\agile\testscripts\tests\tfstests.agile.boards.settings.validator.ts::tfstests.agile.boards.settings" name="TFSTests.Agile.Boards.Settings.Validator BoardColumnValidator_WithValidColumnName" />
    </UnitTest>
    <UnitTest name="TFSTests.Agile.Boards.Settings.Validator BoardColumnValidator_WithAllSpaceColumnName" storage="d:\v2.0\a1\_work\dbded102\vso\tfs\service\webaccess\agile\testscripts\tests\tfstests.agile.boards.settings.validator.ts" id="c957d892-8bfc-48a4-8817-d23f79a9c6bc">
      <Execution id="4ee35c26-f640-43ca-b83c-020a3eef5c79" />
      <TestMethod codeBase="d:\v2.0\a1\_work\dbded102\vso\tfs\service\webaccess\agile\testscripts\tests\tfstests.agile.boards.settings.validator.ts" adapterTypeName="Microsoft.VisualStudio.TestTools.TestTypes.Unit.UnitTestAdapter" className="d:\v2.0\a1\_work\dbded102\vso\tfs\service\webaccess\agile\testscripts\tests\tfstests.agile.boards.settings.validator.ts::tfstests.agile.boards.settings" name="TFSTests.Agile.Boards.Settings.Validator BoardColumnValidator_WithAllSpaceColumnName" />
    </UnitTest>
    <UnitTest name="TFSTests.Agile.Boards.Settings.Validator BoardColumnValidator_WithColumnNameAsNull" storage="d:\v2.0\a1\_work\dbded102\vso\tfs\service\webaccess\agile\testscripts\tests\tfstests.agile.boards.settings.validator.ts" id="e45872b2-67ff-47b2-b9af-32e18ab514d4">
      <Execution id="8193620b-ffab-4b44-85ca-91c67070db71" />
      <TestMethod codeBase="d:\v2.0\a1\_work\dbded102\vso\tfs\service\webaccess\agile\testscripts\tests\tfstests.agile.boards.settings.validator.ts" adapterTypeName="Microsoft.VisualStudio.TestTools.TestTypes.Unit.UnitTestAdapter" className="d:\v2.0\a1\_work\dbded102\vso\tfs\service\webaccess\agile\testscripts\tests\tfstests.agile.boards.settings.validator.ts::tfstests.agile.boards.settings" name="TFSTests.Agile.Boards.Settings.Validator BoardColumnValidator_WithColumnNameAsNull" />
    </UnitTest>
    <UnitTest name="TFSTests.Agile.Boards.Settings.Validator BoardColumnValidator_WithColumnNameAsUndefined" storage="d:\v2.0\a1\_work\dbded102\vso\tfs\service\webaccess\agile\testscripts\tests\tfstests.agile.boards.settings.validator.ts" id="47445d42-e32b-4b4d-8265-1fc64f3a6025">
      <Execution id="a23e225a-e08b-4ddf-a61c-e9dbb1b81124" />
      <TestMethod codeBase="d:\v2.0\a1\_work\dbded102\vso\tfs\service\webaccess\agile\testscripts\tests\tfstests.agile.boards.settings.validator.ts" adapterTypeName="Microsoft.VisualStudio.TestTools.TestTypes.Unit.UnitTestAdapter" className="d:\v2.0\a1\_work\dbded102\vso\tfs\service\webaccess\agile\testscripts\tests\tfstests.agile.boards.settings.validator.ts::tfstests.agile.boards.settings" name="TFSTests.Agile.Boards.Settings.Validator BoardColumnValidator_WithColumnNameAsUndefined" />
    </UnitTest>
    <UnitTest name="TFSTests.Agile.Boards.Settings.Validator BoardColumnValidator_WithEmptyColumnName" storage="d:\v2.0\a1\_work\dbded102\vso\tfs\service\webaccess\agile\testscripts\tests\tfstests.agile.boards.settings.validator.ts" id="0ae789a5-6fb3-4afd-912f-c2a5ae805f8f">
      <Execution id="f20645de-1086-4e6c-8d4c-78e9a01f35fe" />
      <TestMethod codeBase="d:\v2.0\a1\_work\dbded102\vso\tfs\service\webaccess\agile\testscripts\tests\tfstests.agile.boards.settings.validator.ts" adapterTypeName="Microsoft.VisualStudio.TestTools.TestTypes.Unit.UnitTestAdapter" className="d:\v2.0\a1\_work\dbded102\vso\tfs\service\webaccess\agile\testscripts\tests\tfstests.agile.boards.settings.validator.ts::tfstests.agile.boards.settings" name="TFSTests.Agile.Boards.Settings.Validator BoardColumnValidator_WithEmptyColumnName" />
    </UnitTest>
    <UnitTest name="TFSTests.Agile.Boards.Settings.Validator BoardColumnValidator_WithTooLongColumnName" storage="d:\v2.0\a1\_work\dbded102\vso\tfs\service\webaccess\agile\testscripts\tests\tfstests.agile.boards.settings.validator.ts" id="7054391d-df87-4755-a42e-11648a6f9bb6">
      <Execution id="a9bf824d-f28d-4caa-a82c-6860fef406be" />
      <TestMethod codeBase="d:\v2.0\a1\_work\dbded102\vso\tfs\service\webaccess\agile\testscripts\tests\tfstests.agile.boards.settings.validator.ts" adapterTypeName="Microsoft.VisualStudio.TestTools.TestTypes.Unit.UnitTestAdapter" className="d:\v2.0\a1\_work\dbded102\vso\tfs\service\webaccess\agile\testscripts\tests\tfstests.agile.boards.settings.validator.ts::tfstests.agile.boards.settings" name="TFSTests.Agile.Boards.Settings.Validator BoardColumnValidator_WithTooLongColumnName" />
    </UnitTest>
    <UnitTest name="TFSTests.Agile.Boards.Settings.Validator BoardColumnValidator_WithDuplicatedName" storage="d:\v2.0\a1\_work\dbded102\vso\tfs\service\webaccess\agile\testscripts\tests\tfstests.agile.boards.settings.validator.ts" id="4cd9a7bb-fcdc-481d-949d-3ef46833848a">
      <Execution id="55ed166b-8d96-44cd-a4a4-8ed976d58174" />
      <TestMethod codeBase="d:\v2.0\a1\_work\dbded102\vso\tfs\service\webaccess\agile\testscripts\tests\tfstests.agile.boards.settings.validator.ts" adapterTypeName="Microsoft.VisualStudio.TestTools.TestTypes.Unit.UnitTestAdapter" className="d:\v2.0\a1\_work\dbded102\vso\tfs\service\webaccess\agile\testscripts\tests\tfstests.agile.boards.settings.validator.ts::tfstests.agile.boards.settings" name="TFSTests.Agile.Boards.Settings.Validator BoardColumnValidator_WithDuplicatedName" />
    </UnitTest>
    <UnitTest name="TFSTests.Agile.Boards.Settings.Validator BoardColumnValidator_WithZeroItemLimit" storage="d:\v2.0\a1\_work\dbded102\vso\tfs\service\webaccess\agile\testscripts\tests\tfstests.agile.boards.settings.validator.ts" id="60c906cb-fbb7-45d2-a0a9-1c6f78c8819a">
      <Execution id="f156fe59-e850-4b59-be62-c0461d7655be" />
      <TestMethod codeBase="d:\v2.0\a1\_work\dbded102\vso\tfs\service\webaccess\agile\testscripts\tests\tfstests.agile.boards.settings.validator.ts" adapterTypeName="Microsoft.VisualStudio.TestTools.TestTypes.Unit.UnitTestAdapter" className="d:\v2.0\a1\_work\dbded102\vso\tfs\service\webaccess\agile\testscripts\tests\tfstests.agile.boards.settings.validator.ts::tfstests.agile.boards.settings" name="TFSTests.Agile.Boards.Settings.Validator BoardColumnValidator_WithZeroItemLimit" />
    </UnitTest>
    <UnitTest name="TFSTests.Agile.Boards.Settings.Validator BoardColumnValidator_WithValidItemLimit" storage="d:\v2.0\a1\_work\dbded102\vso\tfs\service\webaccess\agile\testscripts\tests\tfstests.agile.boards.settings.validator.ts" id="a2f8c84e-5a30-42fa-94b7-4e91c75a803a">
      <Execution id="ef8ce1fb-7bff-4597-925d-199986bbe061" />
      <TestMethod codeBase="d:\v2.0\a1\_work\dbded102\vso\tfs\service\webaccess\agile\testscripts\tests\tfstests.agile.boards.settings.validator.ts" adapterTypeName="Microsoft.VisualStudio.TestTools.TestTypes.Unit.UnitTestAdapter" className="d:\v2.0\a1\_work\dbded102\vso\tfs\service\webaccess\agile\testscripts\tests\tfstests.agile.boards.settings.validator.ts::tfstests.agile.boards.settings" name="TFSTests.Agile.Boards.Settings.Validator BoardColumnValidator_WithValidItemLimit" />
    </UnitTest>
    <UnitTest name="TFSTests.Agile.Boards.Settings.Validator BoardColumnValidator_WithValidItemLimitAsString" storage="d:\v2.0\a1\_work\dbded102\vso\tfs\service\webaccess\agile\testscripts\tests\tfstests.agile.boards.settings.validator.ts" id="1e059127-3e29-4766-9401-5fd5fe78a506">
      <Execution id="4c707968-7242-453e-b5dd-3da283b1745a" />
      <TestMethod codeBase="d:\v2.0\a1\_work\dbded102\vso\tfs\service\webaccess\agile\testscripts\tests\tfstests.agile.boards.settings.validator.ts" adapterTypeName="Microsoft.VisualStudio.TestTools.TestTypes.Unit.UnitTestAdapter" className="d:\v2.0\a1\_work\dbded102\vso\tfs\service\webaccess\agile\testscripts\tests\tfstests.agile.boards.settings.validator.ts::tfstests.agile.boards.settings" name="TFSTests.Agile.Boards.Settings.Validator BoardColumnValidator_WithValidItemLimitAsString" />
    </UnitTest>
    <UnitTest name="TFSTests.Agile.Boards.Settings.Validator BoardColumnValidator_WithItemLimitTooSmall" storage="d:\v2.0\a1\_work\dbded102\vso\tfs\service\webaccess\agile\testscripts\tests\tfstests.agile.boards.settings.validator.ts" id="d79dd6a3-116b-41a6-b2ef-a7f589a64f8c">
      <Execution id="7fb38eb7-b2e2-466f-9b9d-61b16e3d9771" />
      <TestMethod codeBase="d:\v2.0\a1\_work\dbded102\vso\tfs\service\webaccess\agile\testscripts\tests\tfstests.agile.boards.settings.validator.ts" adapterTypeName="Microsoft.VisualStudio.TestTools.TestTypes.Unit.UnitTestAdapter" className="d:\v2.0\a1\_work\dbded102\vso\tfs\service\webaccess\agile\testscripts\tests\tfstests.agile.boards.settings.validator.ts::tfstests.agile.boards.settings" name="TFSTests.Agile.Boards.Settings.Validator BoardColumnValidator_WithItemLimitTooSmall" />
    </UnitTest>
    <UnitTest name="TFSTests.Agile.Boards.Settings.Validator BoardColumnValidator_WithItemLimitTooLarge" storage="d:\v2.0\a1\_work\dbded102\vso\tfs\service\webaccess\agile\testscripts\tests\tfstests.agile.boards.settings.validator.ts" id="cd1360a1-1d5f-4d97-a561-8cf1c186900c">
      <Execution id="191aa16b-44a3-4079-b4aa-363c119fb195" />
      <TestMethod codeBase="d:\v2.0\a1\_work\dbded102\vso\tfs\service\webaccess\agile\testscripts\tests\tfstests.agile.boards.settings.validator.ts" adapterTypeName="Microsoft.VisualStudio.TestTools.TestTypes.Unit.UnitTestAdapter" className="d:\v2.0\a1\_work\dbded102\vso\tfs\service\webaccess\agile\testscripts\tests\tfstests.agile.boards.settings.validator.ts::tfstests.agile.boards.settings" name="TFSTests.Agile.Boards.Settings.Validator BoardColumnValidator_WithItemLimitTooLarge" />
    </UnitTest>
    <UnitTest name="TFSTests.Agile.Boards.Settings.Validator BoardColumnValidator_WithItemLimitAsMixNumberAndChar" storage="d:\v2.0\a1\_work\dbded102\vso\tfs\service\webaccess\agile\testscripts\tests\tfstests.agile.boards.settings.validator.ts" id="5ed3e09f-fa6c-4bd2-b6e0-bce88edb7c40">
      <Execution id="beeae13c-d753-48ae-86b4-700d2f1da2ed" />
      <TestMethod codeBase="d:\v2.0\a1\_work\dbded102\vso\tfs\service\webaccess\agile\testscripts\tests\tfstests.agile.boards.settings.validator.ts" adapterTypeName="Microsoft.VisualStudio.TestTools.TestTypes.Unit.UnitTestAdapter" className="d:\v2.0\a1\_work\dbded102\vso\tfs\service\webaccess\agile\testscripts\tests\tfstests.agile.boards.settings.validator.ts::tfstests.agile.boards.settings" name="TFSTests.Agile.Boards.Settings.Validator BoardColumnValidator_WithItemLimitAsMixNumberAndChar" />
    </UnitTest>
    <UnitTest name="TFSTests.Agile.Boards.Settings.Validator BoardColumnValidator_WithValidStateMapping" storage="d:\v2.0\a1\_work\dbded102\vso\tfs\service\webaccess\agile\testscripts\tests\tfstests.agile.boards.settings.validator.ts" id="63f810f3-b3d5-4dca-9289-e21882335c14">
      <Execution id="c6792a4b-078a-41e9-be49-8b4ba60cfb16" />
      <TestMethod codeBase="d:\v2.0\a1\_work\dbded102\vso\tfs\service\webaccess\agile\testscripts\tests\tfstests.agile.boards.settings.validator.ts" adapterTypeName="Microsoft.VisualStudio.TestTools.TestTypes.Unit.UnitTestAdapter" className="d:\v2.0\a1\_work\dbded102\vso\tfs\service\webaccess\agile\testscripts\tests\tfstests.agile.boards.settings.validator.ts::tfstests.agile.boards.settings" name="TFSTests.Agile.Boards.Settings.Validator BoardColumnValidator_WithValidStateMapping" />
    </UnitTest>
    <UnitTest name="TFSTests.Agile.Boards.Settings.Validator BoardColumnValidator_WithStateMappingChanged" storage="d:\v2.0\a1\_work\dbded102\vso\tfs\service\webaccess\agile\testscripts\tests\tfstests.agile.boards.settings.validator.ts" id="10f5487f-d045-46b1-973b-1e47c81c7bb2">
      <Execution id="be1fb184-1b22-4a65-8a8e-0e86da4016e8" />
      <TestMethod codeBase="d:\v2.0\a1\_work\dbded102\vso\tfs\service\webaccess\agile\testscripts\tests\tfstests.agile.boards.settings.validator.ts" adapterTypeName="Microsoft.VisualStudio.TestTools.TestTypes.Unit.UnitTestAdapter" className="d:\v2.0\a1\_work\dbded102\vso\tfs\service\webaccess\agile\testscripts\tests\tfstests.agile.boards.settings.validator.ts::tfstests.agile.boards.settings" name="TFSTests.Agile.Boards.Settings.Validator BoardColumnValidator_WithStateMappingChanged" />
    </UnitTest>
    <UnitTest name="TFSTests.Agile.Boards.Settings.Validator BoardColumnValidator_WithInvalidStateMapping" storage="d:\v2.0\a1\_work\dbded102\vso\tfs\service\webaccess\agile\testscripts\tests\tfstests.agile.boards.settings.validator.ts" id="4a948302-834a-4e4b-b27a-6c4f734cbad6">
      <Execution id="8f503b23-b656-4c9c-8672-5222ba322460" />
      <TestMethod codeBase="d:\v2.0\a1\_work\dbded102\vso\tfs\service\webaccess\agile\testscripts\tests\tfstests.agile.boards.settings.validator.ts" adapterTypeName="Microsoft.VisualStudio.TestTools.TestTypes.Unit.UnitTestAdapter" className="d:\v2.0\a1\_work\dbded102\vso\tfs\service\webaccess\agile\testscripts\tests\tfstests.agile.boards.settings.validator.ts::tfstests.agile.boards.settings" name="TFSTests.Agile.Boards.Settings.Validator BoardColumnValidator_WithInvalidStateMapping" />
    </UnitTest>
    <UnitTest name="TFSTests.Agile.Boards.Settings.Validator BoardColumnValidator_WithValidDescription" storage="d:\v2.0\a1\_work\dbded102\vso\tfs\service\webaccess\agile\testscripts\tests\tfstests.agile.boards.settings.validator.ts" id="571e6ba0-7ccc-446d-95d3-26148093b6db">
      <Execution id="67e8131e-6c34-4766-9aba-a6670184163f" />
      <TestMethod codeBase="d:\v2.0\a1\_work\dbded102\vso\tfs\service\webaccess\agile\testscripts\tests\tfstests.agile.boards.settings.validator.ts" adapterTypeName="Microsoft.VisualStudio.TestTools.TestTypes.Unit.UnitTestAdapter" className="d:\v2.0\a1\_work\dbded102\vso\tfs\service\webaccess\agile\testscripts\tests\tfstests.agile.boards.settings.validator.ts::tfstests.agile.boards.settings" name="TFSTests.Agile.Boards.Settings.Validator BoardColumnValidator_WithValidDescription" />
    </UnitTest>
    <UnitTest name="TFSTests.Agile.Boards.Settings.Validator BoardColumnValidator_WithDescriptionCloseToMax" storage="d:\v2.0\a1\_work\dbded102\vso\tfs\service\webaccess\agile\testscripts\tests\tfstests.agile.boards.settings.validator.ts" id="7f4cf0f4-33fb-4bc3-a115-34713de529ee">
      <Execution id="dbbb775a-93bc-46bf-bc44-ac7a15ccf41c" />
      <TestMethod codeBase="d:\v2.0\a1\_work\dbded102\vso\tfs\service\webaccess\agile\testscripts\tests\tfstests.agile.boards.settings.validator.ts" adapterTypeName="Microsoft.VisualStudio.TestTools.TestTypes.Unit.UnitTestAdapter" className="d:\v2.0\a1\_work\dbded102\vso\tfs\service\webaccess\agile\testscripts\tests\tfstests.agile.boards.settings.validator.ts::tfstests.agile.boards.settings" name="TFSTests.Agile.Boards.Settings.Validator BoardColumnValidator_WithDescriptionCloseToMax" />
    </UnitTest>
    <UnitTest name="TFSTests.Agile.Boards.Settings.Validator BoardColumnValidator_WithDescriptionTooLong" storage="d:\v2.0\a1\_work\dbded102\vso\tfs\service\webaccess\agile\testscripts\tests\tfstests.agile.boards.settings.validator.ts" id="6f840df8-91a0-4508-b5d7-3a1e17bf78b3">
      <Execution id="11455edf-0f15-45a7-8454-172cd4c39fc8" />
      <TestMethod codeBase="d:\v2.0\a1\_work\dbded102\vso\tfs\service\webaccess\agile\testscripts\tests\tfstests.agile.boards.settings.validator.ts" adapterTypeName="Microsoft.VisualStudio.TestTools.TestTypes.Unit.UnitTestAdapter" className="d:\v2.0\a1\_work\dbded102\vso\tfs\service\webaccess\agile\testscripts\tests\tfstests.agile.boards.settings.validator.ts::tfstests.agile.boards.settings" name="TFSTests.Agile.Boards.Settings.Validator BoardColumnValidator_WithDescriptionTooLong" />
    </UnitTest>
    <UnitTest name="TFSTests.Agile.Boards.Settings.ViewModels SwimlaneSettingsViewModel_OneSwimlaneCreation" storage="d:\v2.0\a1\_work\dbded102\vso\tfs\service\webaccess\agile\testscripts\tests\tfstests.agile.boards.settings.viewmodels.ts" id="43e49fcb-6c72-4e6e-8b02-3124bc4b3bf1">
      <Execution id="9c0b850c-d2a6-4ed9-b0b2-71b60fd7f6f5" />
      <TestMethod codeBase="d:\v2.0\a1\_work\dbded102\vso\tfs\service\webaccess\agile\testscripts\tests\tfstests.agile.boards.settings.viewmodels.ts" adapterTypeName="Microsoft.VisualStudio.TestTools.TestTypes.Unit.UnitTestAdapter" className="d:\v2.0\a1\_work\dbded102\vso\tfs\service\webaccess\agile\testscripts\tests\tfstests.agile.boards.settings.viewmodels.ts::tfstests.agile.boards.settings" name="TFSTests.Agile.Boards.Settings.ViewModels SwimlaneSettingsViewModel_OneSwimlaneCreation" />
    </UnitTest>
    <UnitTest name="TFSTests.Agile.Boards.Settings.ViewModels SwimlaneSettingsViewModel_MultipleSwimlanesCreation" storage="d:\v2.0\a1\_work\dbded102\vso\tfs\service\webaccess\agile\testscripts\tests\tfstests.agile.boards.settings.viewmodels.ts" id="25172d77-e605-4f94-afad-475e3d9957c5">
      <Execution id="e51a59ab-2c65-4ecc-89ae-e52e40fa2b17" />
      <TestMethod codeBase="d:\v2.0\a1\_work\dbded102\vso\tfs\service\webaccess\agile\testscripts\tests\tfstests.agile.boards.settings.viewmodels.ts" adapterTypeName="Microsoft.VisualStudio.TestTools.TestTypes.Unit.UnitTestAdapter" className="d:\v2.0\a1\_work\dbded102\vso\tfs\service\webaccess\agile\testscripts\tests\tfstests.agile.boards.settings.viewmodels.ts::tfstests.agile.boards.settings" name="TFSTests.Agile.Boards.Settings.ViewModels SwimlaneSettingsViewModel_MultipleSwimlanesCreation" />
    </UnitTest>
    <UnitTest name="TFSTests.Agile.Boards.Settings.ViewModels SwimlaneSettingsViewModel_InsertValidTab" storage="d:\v2.0\a1\_work\dbded102\vso\tfs\service\webaccess\agile\testscripts\tests\tfstests.agile.boards.settings.viewmodels.ts" id="f63e41af-b7f4-4fe8-8cc1-10afe130039f">
      <Execution id="9380443a-5a96-4328-8fad-e938d5610978" />
      <TestMethod codeBase="d:\v2.0\a1\_work\dbded102\vso\tfs\service\webaccess\agile\testscripts\tests\tfstests.agile.boards.settings.viewmodels.ts" adapterTypeName="Microsoft.VisualStudio.TestTools.TestTypes.Unit.UnitTestAdapter" className="d:\v2.0\a1\_work\dbded102\vso\tfs\service\webaccess\agile\testscripts\tests\tfstests.agile.boards.settings.viewmodels.ts::tfstests.agile.boards.settings" name="TFSTests.Agile.Boards.Settings.ViewModels SwimlaneSettingsViewModel_InsertValidTab" />
    </UnitTest>
    <UnitTest name="TFSTests.Agile.Boards.Settings.ViewModels SwimlaneSettingsViewModel_InsertTabWithInvalidIndex" storage="d:\v2.0\a1\_work\dbded102\vso\tfs\service\webaccess\agile\testscripts\tests\tfstests.agile.boards.settings.viewmodels.ts" id="89cbd104-1d34-413e-8ade-f69183d189db">
      <Execution id="f2cf2d7f-8afc-4355-9710-7a537c0a3438" />
      <TestMethod codeBase="d:\v2.0\a1\_work\dbded102\vso\tfs\service\webaccess\agile\testscripts\tests\tfstests.agile.boards.settings.viewmodels.ts" adapterTypeName="Microsoft.VisualStudio.TestTools.TestTypes.Unit.UnitTestAdapter" className="d:\v2.0\a1\_work\dbded102\vso\tfs\service\webaccess\agile\testscripts\tests\tfstests.agile.boards.settings.viewmodels.ts::tfstests.agile.boards.settings" name="TFSTests.Agile.Boards.Settings.ViewModels SwimlaneSettingsViewModel_InsertTabWithInvalidIndex" />
    </UnitTest>
    <UnitTest name="TFSTests.Agile.Boards.Settings.ViewModels SwimlaneSettingsViewModel_InsertTabWithEmptyName" storage="d:\v2.0\a1\_work\dbded102\vso\tfs\service\webaccess\agile\testscripts\tests\tfstests.agile.boards.settings.viewmodels.ts" id="e3eb6479-5cc5-4f26-8415-f0e028654764">
      <Execution id="46b17097-759b-41b2-bbf5-61c3c5f577cc" />
      <TestMethod codeBase="d:\v2.0\a1\_work\dbded102\vso\tfs\service\webaccess\agile\testscripts\tests\tfstests.agile.boards.settings.viewmodels.ts" adapterTypeName="Microsoft.VisualStudio.TestTools.TestTypes.Unit.UnitTestAdapter" className="d:\v2.0\a1\_work\dbded102\vso\tfs\service\webaccess\agile\testscripts\tests\tfstests.agile.boards.settings.viewmodels.ts::tfstests.agile.boards.settings" name="TFSTests.Agile.Boards.Settings.ViewModels SwimlaneSettingsViewModel_InsertTabWithEmptyName" />
    </UnitTest>
    <UnitTest name="TFSTests.Agile.Boards.Settings.ViewModels SwimlaneSettingsViewModel_InsertTabWithNameTooLong" storage="d:\v2.0\a1\_work\dbded102\vso\tfs\service\webaccess\agile\testscripts\tests\tfstests.agile.boards.settings.viewmodels.ts" id="153ffc6d-3d3d-428b-8259-c6f0bb57399b">
      <Execution id="c0bc9c28-56b4-4bbe-b0db-f87379d42b45" />
      <TestMethod codeBase="d:\v2.0\a1\_work\dbded102\vso\tfs\service\webaccess\agile\testscripts\tests\tfstests.agile.boards.settings.viewmodels.ts" adapterTypeName="Microsoft.VisualStudio.TestTools.TestTypes.Unit.UnitTestAdapter" className="d:\v2.0\a1\_work\dbded102\vso\tfs\service\webaccess\agile\testscripts\tests\tfstests.agile.boards.settings.viewmodels.ts::tfstests.agile.boards.settings" name="TFSTests.Agile.Boards.Settings.ViewModels SwimlaneSettingsViewModel_InsertTabWithNameTooLong" />
    </UnitTest>
    <UnitTest name="TFSTests.Agile.Boards.Settings.ViewModels SwimlaneSettingsViewModel_DeleteTabMaintainActiveTabIndex" storage="d:\v2.0\a1\_work\dbded102\vso\tfs\service\webaccess\agile\testscripts\tests\tfstests.agile.boards.settings.viewmodels.ts" id="83ea735c-4d0f-44cb-8a20-14915bb2175f">
      <Execution id="7f534984-0825-4f2d-a622-3db7b2d0a476" />
      <TestMethod codeBase="d:\v2.0\a1\_work\dbded102\vso\tfs\service\webaccess\agile\testscripts\tests\tfstests.agile.boards.settings.viewmodels.ts" adapterTypeName="Microsoft.VisualStudio.TestTools.TestTypes.Unit.UnitTestAdapter" className="d:\v2.0\a1\_work\dbded102\vso\tfs\service\webaccess\agile\testscripts\tests\tfstests.agile.boards.settings.viewmodels.ts::tfstests.agile.boards.settings" name="TFSTests.Agile.Boards.Settings.ViewModels SwimlaneSettingsViewModel_DeleteTabMaintainActiveTabIndex" />
    </UnitTest>
    <UnitTest name="TFSTests.Agile.Boards.Settings.ViewModels SwimlaneSettingsViewModel_DeleteTabWhenActiveTabIndexIsLargerThanTabsCount" storage="d:\v2.0\a1\_work\dbded102\vso\tfs\service\webaccess\agile\testscripts\tests\tfstests.agile.boards.settings.viewmodels.ts" id="5a48b3c6-28a8-4dae-be24-2a8d2297fe5e">
      <Execution id="dfdc11c7-ef10-4731-a973-e13dcea2e405" />
      <TestMethod codeBase="d:\v2.0\a1\_work\dbded102\vso\tfs\service\webaccess\agile\testscripts\tests\tfstests.agile.boards.settings.viewmodels.ts" adapterTypeName="Microsoft.VisualStudio.TestTools.TestTypes.Unit.UnitTestAdapter" className="d:\v2.0\a1\_work\dbded102\vso\tfs\service\webaccess\agile\testscripts\tests\tfstests.agile.boards.settings.viewmodels.ts::tfstests.agile.boards.settings" name="TFSTests.Agile.Boards.Settings.ViewModels SwimlaneSettingsViewModel_DeleteTabWhenActiveTabIndexIsLargerThanTabsCount" />
    </UnitTest>
    <UnitTest name="TFSTests.Agile.Boards.Settings.ViewModels SwimlaneSettingsViewModel_DeleteDefaultTab" storage="d:\v2.0\a1\_work\dbded102\vso\tfs\service\webaccess\agile\testscripts\tests\tfstests.agile.boards.settings.viewmodels.ts" id="19061f08-b5b2-49cd-93a8-56b9d16b490d">
      <Execution id="9085efe8-8608-496e-9687-f503ceeb83b6" />
      <TestMethod codeBase="d:\v2.0\a1\_work\dbded102\vso\tfs\service\webaccess\agile\testscripts\tests\tfstests.agile.boards.settings.viewmodels.ts" adapterTypeName="Microsoft.VisualStudio.TestTools.TestTypes.Unit.UnitTestAdapter" className="d:\v2.0\a1\_work\dbded102\vso\tfs\service\webaccess\agile\testscripts\tests\tfstests.agile.boards.settings.viewmodels.ts::tfstests.agile.boards.settings" name="TFSTests.Agile.Boards.Settings.ViewModels SwimlaneSettingsViewModel_DeleteDefaultTab" />
    </UnitTest>
    <UnitTest name="TFSTests.Agile.Boards.Settings.ViewModels SwimlaneSettingsViewModel_DeleteTabWithInvalidIndex" storage="d:\v2.0\a1\_work\dbded102\vso\tfs\service\webaccess\agile\testscripts\tests\tfstests.agile.boards.settings.viewmodels.ts" id="c3d764d3-f7ea-4f74-8127-23d800105975">
      <Execution id="59f2f42b-8b34-4387-a68b-66dcf64a7930" />
      <TestMethod codeBase="d:\v2.0\a1\_work\dbded102\vso\tfs\service\webaccess\agile\testscripts\tests\tfstests.agile.boards.settings.viewmodels.ts" adapterTypeName="Microsoft.VisualStudio.TestTools.TestTypes.Unit.UnitTestAdapter" className="d:\v2.0\a1\_work\dbded102\vso\tfs\service\webaccess\agile\testscripts\tests\tfstests.agile.boards.settings.viewmodels.ts::tfstests.agile.boards.settings" name="TFSTests.Agile.Boards.Settings.ViewModels SwimlaneSettingsViewModel_DeleteTabWithInvalidIndex" />
    </UnitTest>
    <UnitTest name="TFSTests.Agile.Boards.Settings.ViewModels SwimlaneSettingsViewModel_MoveTabWithValidIndex" storage="d:\v2.0\a1\_work\dbded102\vso\tfs\service\webaccess\agile\testscripts\tests\tfstests.agile.boards.settings.viewmodels.ts" id="d7edca30-260b-4817-9214-ef53b469f209">
      <Execution id="45d52542-6228-4585-bd35-d07b4d0132e1" />
      <TestMethod codeBase="d:\v2.0\a1\_work\dbded102\vso\tfs\service\webaccess\agile\testscripts\tests\tfstests.agile.boards.settings.viewmodels.ts" adapterTypeName="Microsoft.VisualStudio.TestTools.TestTypes.Unit.UnitTestAdapter" className="d:\v2.0\a1\_work\dbded102\vso\tfs\service\webaccess\agile\testscripts\tests\tfstests.agile.boards.settings.viewmodels.ts::tfstests.agile.boards.settings" name="TFSTests.Agile.Boards.Settings.ViewModels SwimlaneSettingsViewModel_MoveTabWithValidIndex" />
    </UnitTest>
    <UnitTest name="TFSTests.Agile.Boards.Settings.ViewModels SwimlaneSettingsViewModel_MoveTabWithInvalidIndex" storage="d:\v2.0\a1\_work\dbded102\vso\tfs\service\webaccess\agile\testscripts\tests\tfstests.agile.boards.settings.viewmodels.ts" id="866ba2b9-3ee4-464d-8d7c-72eab853a03b">
      <Execution id="2ce84825-51be-477b-a299-efd6d4370c60" />
      <TestMethod codeBase="d:\v2.0\a1\_work\dbded102\vso\tfs\service\webaccess\agile\testscripts\tests\tfstests.agile.boards.settings.viewmodels.ts" adapterTypeName="Microsoft.VisualStudio.TestTools.TestTypes.Unit.UnitTestAdapter" className="d:\v2.0\a1\_work\dbded102\vso\tfs\service\webaccess\agile\testscripts\tests\tfstests.agile.boards.settings.viewmodels.ts::tfstests.agile.boards.settings" name="TFSTests.Agile.Boards.Settings.ViewModels SwimlaneSettingsViewModel_MoveTabWithInvalidIndex" />
    </UnitTest>
    <UnitTest name="TFSTests.Agile.Boards.Settings.ViewModels SwimlaneSettingsViewModel_SelectValidTab" storage="d:\v2.0\a1\_work\dbded102\vso\tfs\service\webaccess\agile\testscripts\tests\tfstests.agile.boards.settings.viewmodels.ts" id="dd4d8a55-8c40-40f1-9e9f-df6e7978f576">
      <Execution id="0007e5d0-c7fe-4423-927c-9d98e6344650" />
      <TestMethod codeBase="d:\v2.0\a1\_work\dbded102\vso\tfs\service\webaccess\agile\testscripts\tests\tfstests.agile.boards.settings.viewmodels.ts" adapterTypeName="Microsoft.VisualStudio.TestTools.TestTypes.Unit.UnitTestAdapter" className="d:\v2.0\a1\_work\dbded102\vso\tfs\service\webaccess\agile\testscripts\tests\tfstests.agile.boards.settings.viewmodels.ts::tfstests.agile.boards.settings" name="TFSTests.Agile.Boards.Settings.ViewModels SwimlaneSettingsViewModel_SelectValidTab" />
    </UnitTest>
    <UnitTest name="TFSTests.Agile.Boards.Settings.ViewModels SwimlaneSettingsViewModel_SwimlaneNameChanged" storage="d:\v2.0\a1\_work\dbded102\vso\tfs\service\webaccess\agile\testscripts\tests\tfstests.agile.boards.settings.viewmodels.ts" id="dd2a0db9-6cae-48d2-b2c1-99a812ceeb0f">
      <Execution id="159f8ba7-e042-493f-ba14-4a442189d847" />
      <TestMethod codeBase="d:\v2.0\a1\_work\dbded102\vso\tfs\service\webaccess\agile\testscripts\tests\tfstests.agile.boards.settings.viewmodels.ts" adapterTypeName="Microsoft.VisualStudio.TestTools.TestTypes.Unit.UnitTestAdapter" className="d:\v2.0\a1\_work\dbded102\vso\tfs\service\webaccess\agile\testscripts\tests\tfstests.agile.boards.settings.viewmodels.ts::tfstests.agile.boards.settings" name="TFSTests.Agile.Boards.Settings.ViewModels SwimlaneSettingsViewModel_SwimlaneNameChanged" />
    </UnitTest>
    <UnitTest name="TFSTests.Agile.Boards.Settings.ViewModels ColumnSettingsViewModel_MultipleColumnsCreation" storage="d:\v2.0\a1\_work\dbded102\vso\tfs\service\webaccess\agile\testscripts\tests\tfstests.agile.boards.settings.viewmodels.ts" id="fba5f646-ff22-4042-9104-9ded084c9277">
      <Execution id="ce35d98c-0325-49d5-b081-6a7f97a8ffb7" />
      <TestMethod codeBase="d:\v2.0\a1\_work\dbded102\vso\tfs\service\webaccess\agile\testscripts\tests\tfstests.agile.boards.settings.viewmodels.ts" adapterTypeName="Microsoft.VisualStudio.TestTools.TestTypes.Unit.UnitTestAdapter" className="d:\v2.0\a1\_work\dbded102\vso\tfs\service\webaccess\agile\testscripts\tests\tfstests.agile.boards.settings.viewmodels.ts::tfstests.agile.boards.settings" name="TFSTests.Agile.Boards.Settings.ViewModels ColumnSettingsViewModel_MultipleColumnsCreation" />
    </UnitTest>
    <UnitTest name="TFSTests.Agile.Boards.Settings.ViewModels ColumnSettingsViewModel_InsertValidTab" storage="d:\v2.0\a1\_work\dbded102\vso\tfs\service\webaccess\agile\testscripts\tests\tfstests.agile.boards.settings.viewmodels.ts" id="b6cba3f5-a4f1-4943-bf29-83f73b7ea35c">
      <Execution id="adac55b1-fbbb-42c3-b8f4-48e2b52e51f4" />
      <TestMethod codeBase="d:\v2.0\a1\_work\dbded102\vso\tfs\service\webaccess\agile\testscripts\tests\tfstests.agile.boards.settings.viewmodels.ts" adapterTypeName="Microsoft.VisualStudio.TestTools.TestTypes.Unit.UnitTestAdapter" className="d:\v2.0\a1\_work\dbded102\vso\tfs\service\webaccess\agile\testscripts\tests\tfstests.agile.boards.settings.viewmodels.ts::tfstests.agile.boards.settings" name="TFSTests.Agile.Boards.Settings.ViewModels ColumnSettingsViewModel_InsertValidTab" />
    </UnitTest>
    <UnitTest name="TFSTests.Agile.Boards.Settings.ViewModels ColumnSettingsViewModel_InsertTabWithInvalidIndex" storage="d:\v2.0\a1\_work\dbded102\vso\tfs\service\webaccess\agile\testscripts\tests\tfstests.agile.boards.settings.viewmodels.ts" id="015ddc8f-e6e6-4c6e-8caf-73769d56aded">
      <Execution id="bad111b0-e6a4-489a-adc7-6b4ab7f4323e" />
      <TestMethod codeBase="d:\v2.0\a1\_work\dbded102\vso\tfs\service\webaccess\agile\testscripts\tests\tfstests.agile.boards.settings.viewmodels.ts" adapterTypeName="Microsoft.VisualStudio.TestTools.TestTypes.Unit.UnitTestAdapter" className="d:\v2.0\a1\_work\dbded102\vso\tfs\service\webaccess\agile\testscripts\tests\tfstests.agile.boards.settings.viewmodels.ts::tfstests.agile.boards.settings" name="TFSTests.Agile.Boards.Settings.ViewModels ColumnSettingsViewModel_InsertTabWithInvalidIndex" />
    </UnitTest>
    <UnitTest name="TFSTests.Agile.Boards.Settings.ViewModels ColumnSettingsViewModel_InsertTabWithEmptyName" storage="d:\v2.0\a1\_work\dbded102\vso\tfs\service\webaccess\agile\testscripts\tests\tfstests.agile.boards.settings.viewmodels.ts" id="53636f87-9baa-4f3d-8a59-aacb4b15739d">
      <Execution id="58c4a698-f71f-480d-addd-c1446df0d6fc" />
      <TestMethod codeBase="d:\v2.0\a1\_work\dbded102\vso\tfs\service\webaccess\agile\testscripts\tests\tfstests.agile.boards.settings.viewmodels.ts" adapterTypeName="Microsoft.VisualStudio.TestTools.TestTypes.Unit.UnitTestAdapter" className="d:\v2.0\a1\_work\dbded102\vso\tfs\service\webaccess\agile\testscripts\tests\tfstests.agile.boards.settings.viewmodels.ts::tfstests.agile.boards.settings" name="TFSTests.Agile.Boards.Settings.ViewModels ColumnSettingsViewModel_InsertTabWithEmptyName" />
    </UnitTest>
    <UnitTest name="TFSTests.Agile.Boards.Settings.ViewModels ColumnSettingsViewModel_InsertTabWithNameTooLong" storage="d:\v2.0\a1\_work\dbded102\vso\tfs\service\webaccess\agile\testscripts\tests\tfstests.agile.boards.settings.viewmodels.ts" id="cd0ba2fb-1ee2-470d-906d-815f8b798f65">
      <Execution id="6232d44f-ffd3-498d-ac1d-1621d7cd3264" />
      <TestMethod codeBase="d:\v2.0\a1\_work\dbded102\vso\tfs\service\webaccess\agile\testscripts\tests\tfstests.agile.boards.settings.viewmodels.ts" adapterTypeName="Microsoft.VisualStudio.TestTools.TestTypes.Unit.UnitTestAdapter" className="d:\v2.0\a1\_work\dbded102\vso\tfs\service\webaccess\agile\testscripts\tests\tfstests.agile.boards.settings.viewmodels.ts::tfstests.agile.boards.settings" name="TFSTests.Agile.Boards.Settings.ViewModels ColumnSettingsViewModel_InsertTabWithNameTooLong" />
    </UnitTest>
    <UnitTest name="TFSTests.Agile.Boards.Settings.ViewModels ColumnSettingsViewModel_EnsureNewTabCopiedStateMappings" storage="d:\v2.0\a1\_work\dbded102\vso\tfs\service\webaccess\agile\testscripts\tests\tfstests.agile.boards.settings.viewmodels.ts" id="5b6db91a-4096-401f-9138-4e964264b43a">
      <Execution id="6504c7a6-c1f1-4896-86dc-cdb69d4ce7c6" />
      <TestMethod codeBase="d:\v2.0\a1\_work\dbded102\vso\tfs\service\webaccess\agile\testscripts\tests\tfstests.agile.boards.settings.viewmodels.ts" adapterTypeName="Microsoft.VisualStudio.TestTools.TestTypes.Unit.UnitTestAdapter" className="d:\v2.0\a1\_work\dbded102\vso\tfs\service\webaccess\agile\testscripts\tests\tfstests.agile.boards.settings.viewmodels.ts::tfstests.agile.boards.settings" name="TFSTests.Agile.Boards.Settings.ViewModels ColumnSettingsViewModel_EnsureNewTabCopiedStateMappings" />
    </UnitTest>
    <UnitTest name="TFSTests.Agile.Boards.Settings.ViewModels ColumnSettingsViewModel_DeleteTabMaintainActiveTabIndex" storage="d:\v2.0\a1\_work\dbded102\vso\tfs\service\webaccess\agile\testscripts\tests\tfstests.agile.boards.settings.viewmodels.ts" id="22dfde21-bdc8-4b22-88ca-6c9c49ec595a">
      <Execution id="2d905709-f0ce-4966-801e-4140a87e3a78" />
      <TestMethod codeBase="d:\v2.0\a1\_work\dbded102\vso\tfs\service\webaccess\agile\testscripts\tests\tfstests.agile.boards.settings.viewmodels.ts" adapterTypeName="Microsoft.VisualStudio.TestTools.TestTypes.Unit.UnitTestAdapter" className="d:\v2.0\a1\_work\dbded102\vso\tfs\service\webaccess\agile\testscripts\tests\tfstests.agile.boards.settings.viewmodels.ts::tfstests.agile.boards.settings" name="TFSTests.Agile.Boards.Settings.ViewModels ColumnSettingsViewModel_DeleteTabMaintainActiveTabIndex" />
    </UnitTest>
    <UnitTest name="TFSTests.Agile.Boards.Settings.ViewModels ColumnSettingsViewModel_DeleteNonInProgressColumn" storage="d:\v2.0\a1\_work\dbded102\vso\tfs\service\webaccess\agile\testscripts\tests\tfstests.agile.boards.settings.viewmodels.ts" id="f8a5c63d-01af-4d5d-9436-5477ff4dacea">
      <Execution id="69f61fc0-968b-4c14-88aa-e4367f38a43b" />
      <TestMethod codeBase="d:\v2.0\a1\_work\dbded102\vso\tfs\service\webaccess\agile\testscripts\tests\tfstests.agile.boards.settings.viewmodels.ts" adapterTypeName="Microsoft.VisualStudio.TestTools.TestTypes.Unit.UnitTestAdapter" className="d:\v2.0\a1\_work\dbded102\vso\tfs\service\webaccess\agile\testscripts\tests\tfstests.agile.boards.settings.viewmodels.ts::tfstests.agile.boards.settings" name="TFSTests.Agile.Boards.Settings.ViewModels ColumnSettingsViewModel_DeleteNonInProgressColumn" />
    </UnitTest>
    <UnitTest name="TFSTests.Agile.Boards.Settings.ViewModels ColumnSettingsViewModel_MoveTabWithValidColumnType" storage="d:\v2.0\a1\_work\dbded102\vso\tfs\service\webaccess\agile\testscripts\tests\tfstests.agile.boards.settings.viewmodels.ts" id="05fea440-a417-4656-8608-7ca691dd3624">
      <Execution id="b92d40fa-b473-41ec-9e78-e8d35eec7c8c" />
      <TestMethod codeBase="d:\v2.0\a1\_work\dbded102\vso\tfs\service\webaccess\agile\testscripts\tests\tfstests.agile.boards.settings.viewmodels.ts" adapterTypeName="Microsoft.VisualStudio.TestTools.TestTypes.Unit.UnitTestAdapter" className="d:\v2.0\a1\_work\dbded102\vso\tfs\service\webaccess\agile\testscripts\tests\tfstests.agile.boards.settings.viewmodels.ts::tfstests.agile.boards.settings" name="TFSTests.Agile.Boards.Settings.ViewModels ColumnSettingsViewModel_MoveTabWithValidColumnType" />
    </UnitTest>
    <UnitTest name="TFSTests.Agile.Boards.Settings.ViewModels ColumnSettingsViewModel_MoveTabWithInvalidColumnType" storage="d:\v2.0\a1\_work\dbded102\vso\tfs\service\webaccess\agile\testscripts\tests\tfstests.agile.boards.settings.viewmodels.ts" id="ec5fd97e-88dd-4bed-bcaa-c1f38fe4b4db">
      <Execution id="54b9fa40-40b9-45e7-a86b-7d79352c4e1d" />
      <TestMethod codeBase="d:\v2.0\a1\_work\dbded102\vso\tfs\service\webaccess\agile\testscripts\tests\tfstests.agile.boards.settings.viewmodels.ts" adapterTypeName="Microsoft.VisualStudio.TestTools.TestTypes.Unit.UnitTestAdapter" className="d:\v2.0\a1\_work\dbded102\vso\tfs\service\webaccess\agile\testscripts\tests\tfstests.agile.boards.settings.viewmodels.ts::tfstests.agile.boards.settings" name="TFSTests.Agile.Boards.Settings.ViewModels ColumnSettingsViewModel_MoveTabWithInvalidColumnType" />
    </UnitTest>
    <UnitTest name="TFSTests.Agile.Boards.Settings.ViewModels ColumnSettingsViewModel_SelectValidTab" storage="d:\v2.0\a1\_work\dbded102\vso\tfs\service\webaccess\agile\testscripts\tests\tfstests.agile.boards.settings.viewmodels.ts" id="2038b2ba-e4d8-4dba-b236-4cf624db4218">
      <Execution id="37b04db0-49f3-4d02-8ae6-842ec2850529" />
      <TestMethod codeBase="d:\v2.0\a1\_work\dbded102\vso\tfs\service\webaccess\agile\testscripts\tests\tfstests.agile.boards.settings.viewmodels.ts" adapterTypeName="Microsoft.VisualStudio.TestTools.TestTypes.Unit.UnitTestAdapter" className="d:\v2.0\a1\_work\dbded102\vso\tfs\service\webaccess\agile\testscripts\tests\tfstests.agile.boards.settings.viewmodels.ts::tfstests.agile.boards.settings" name="TFSTests.Agile.Boards.Settings.ViewModels ColumnSettingsViewModel_SelectValidTab" />
    </UnitTest>
    <UnitTest name="TFSTests.Agile.Boards.Settings.ViewModels ColumnSettingsViewModel_InvalidStateMappingMissingOneWorkItemType" storage="d:\v2.0\a1\_work\dbded102\vso\tfs\service\webaccess\agile\testscripts\tests\tfstests.agile.boards.settings.viewmodels.ts" id="93a0ee9e-d397-42b9-8dd5-7a6506171165">
      <Execution id="0086707b-d8df-4ade-a4ee-187f6c35151d" />
      <TestMethod codeBase="d:\v2.0\a1\_work\dbded102\vso\tfs\service\webaccess\agile\testscripts\tests\tfstests.agile.boards.settings.viewmodels.ts" adapterTypeName="Microsoft.VisualStudio.TestTools.TestTypes.Unit.UnitTestAdapter" className="d:\v2.0\a1\_work\dbded102\vso\tfs\service\webaccess\agile\testscripts\tests\tfstests.agile.boards.settings.viewmodels.ts::tfstests.agile.boards.settings" name="TFSTests.Agile.Boards.Settings.ViewModels ColumnSettingsViewModel_InvalidStateMappingMissingOneWorkItemType" />
    </UnitTest>
    <UnitTest name="TFSTests.Agile.Boards.Settings.ViewModels ColumnSettingsViewModel_InvalidStateMappingWithColumnNameAsValue" storage="d:\v2.0\a1\_work\dbded102\vso\tfs\service\webaccess\agile\testscripts\tests\tfstests.agile.boards.settings.viewmodels.ts" id="9cbf8692-a8ee-418c-98a9-e25f00969793">
      <Execution id="5fc866f1-1b36-4771-9f72-3a97c0674f1b" />
      <TestMethod codeBase="d:\v2.0\a1\_work\dbded102\vso\tfs\service\webaccess\agile\testscripts\tests\tfstests.agile.boards.settings.viewmodels.ts" adapterTypeName="Microsoft.VisualStudio.TestTools.TestTypes.Unit.UnitTestAdapter" className="d:\v2.0\a1\_work\dbded102\vso\tfs\service\webaccess\agile\testscripts\tests\tfstests.agile.boards.settings.viewmodels.ts::tfstests.agile.boards.settings" name="TFSTests.Agile.Boards.Settings.ViewModels ColumnSettingsViewModel_InvalidStateMappingWithColumnNameAsValue" />
    </UnitTest>
    <UnitTest name="TFSTests.Agile.Boards.Settings.ViewModels FieldSettingsViewModel_DefaultSettings" storage="d:\v2.0\a1\_work\dbded102\vso\tfs\service\webaccess\agile\testscripts\tests\tfstests.agile.boards.settings.viewmodels.ts" id="b8362318-11ae-4183-93be-8d43a1e3dbca">
      <Execution id="4fe794f0-3440-4fc2-8922-06ed948a24b4" />
      <TestMethod codeBase="d:\v2.0\a1\_work\dbded102\vso\tfs\service\webaccess\agile\testscripts\tests\tfstests.agile.boards.settings.viewmodels.ts" adapterTypeName="Microsoft.VisualStudio.TestTools.TestTypes.Unit.UnitTestAdapter" className="d:\v2.0\a1\_work\dbded102\vso\tfs\service\webaccess\agile\testscripts\tests\tfstests.agile.boards.settings.viewmodels.ts::tfstests.agile.boards.settings" name="TFSTests.Agile.Boards.Settings.ViewModels FieldSettingsViewModel_DefaultSettings" />
    </UnitTest>
    <UnitTest name="TFSTests.Agile.Boards.Settings.ViewModels FieldSettingsViewModel_WithAdditionalFields" storage="d:\v2.0\a1\_work\dbded102\vso\tfs\service\webaccess\agile\testscripts\tests\tfstests.agile.boards.settings.viewmodels.ts" id="35cf76b4-c2b9-440f-8787-170bd10e6aab">
      <Execution id="e9716612-3c8b-4246-9fd4-15d177ea7f51" />
      <TestMethod codeBase="d:\v2.0\a1\_work\dbded102\vso\tfs\service\webaccess\agile\testscripts\tests\tfstests.agile.boards.settings.viewmodels.ts" adapterTypeName="Microsoft.VisualStudio.TestTools.TestTypes.Unit.UnitTestAdapter" className="d:\v2.0\a1\_work\dbded102\vso\tfs\service\webaccess\agile\testscripts\tests\tfstests.agile.boards.settings.viewmodels.ts::tfstests.agile.boards.settings" name="TFSTests.Agile.Boards.Settings.ViewModels FieldSettingsViewModel_WithAdditionalFields" />
    </UnitTest>
    <UnitTest name="TFSTests.Agile.Boards.Settings.ViewModels FieldSettingsViewModel_WithShowIdTurnedOn" storage="d:\v2.0\a1\_work\dbded102\vso\tfs\service\webaccess\agile\testscripts\tests\tfstests.agile.boards.settings.viewmodels.ts" id="f027aa88-a526-4c1b-b0f3-14dc2eabbd0d">
      <Execution id="09979e32-65e5-436a-a07b-9a578c173b8e" />
      <TestMethod codeBase="d:\v2.0\a1\_work\dbded102\vso\tfs\service\webaccess\agile\testscripts\tests\tfstests.agile.boards.settings.viewmodels.ts" adapterTypeName="Microsoft.VisualStudio.TestTools.TestTypes.Unit.UnitTestAdapter" className="d:\v2.0\a1\_work\dbded102\vso\tfs\service\webaccess\agile\testscripts\tests\tfstests.agile.boards.settings.viewmodels.ts::tfstests.agile.boards.settings" name="TFSTests.Agile.Boards.Settings.ViewModels FieldSettingsViewModel_WithShowIdTurnedOn" />
    </UnitTest>
    <UnitTest name="TFSTests.Agile.Boards.Settings.ViewModels FieldSettingsViewModel_WithNonDefaultAssignedToFormat" storage="d:\v2.0\a1\_work\dbded102\vso\tfs\service\webaccess\agile\testscripts\tests\tfstests.agile.boards.settings.viewmodels.ts" id="d108c182-d51e-4e0b-8af2-93fd754907bf">
      <Execution id="b013d52c-60c7-4fda-bfbf-cf3074074f4b" />
      <TestMethod codeBase="d:\v2.0\a1\_work\dbded102\vso\tfs\service\webaccess\agile\testscripts\tests\tfstests.agile.boards.settings.viewmodels.ts" adapterTypeName="Microsoft.VisualStudio.TestTools.TestTypes.Unit.UnitTestAdapter" className="d:\v2.0\a1\_work\dbded102\vso\tfs\service\webaccess\agile\testscripts\tests\tfstests.agile.boards.settings.viewmodels.ts::tfstests.agile.boards.settings" name="TFSTests.Agile.Boards.Settings.ViewModels FieldSettingsViewModel_WithNonDefaultAssignedToFormat" />
    </UnitTest>
    <UnitTest name="TFSTests.Agile.Boards.Settings.ViewModels FieldSettingsViewModel_AssignedToTurnedOff" storage="d:\v2.0\a1\_work\dbded102\vso\tfs\service\webaccess\agile\testscripts\tests\tfstests.agile.boards.settings.viewmodels.ts" id="34db0294-89fc-437e-85b4-9c2697efed08">
      <Execution id="a5abf965-1b0a-48a4-aae2-7eb7667810e0" />
      <TestMethod codeBase="d:\v2.0\a1\_work\dbded102\vso\tfs\service\webaccess\agile\testscripts\tests\tfstests.agile.boards.settings.viewmodels.ts" adapterTypeName="Microsoft.VisualStudio.TestTools.TestTypes.Unit.UnitTestAdapter" className="d:\v2.0\a1\_work\dbded102\vso\tfs\service\webaccess\agile\testscripts\tests\tfstests.agile.boards.settings.viewmodels.ts::tfstests.agile.boards.settings" name="TFSTests.Agile.Boards.Settings.ViewModels FieldSettingsViewModel_AssignedToTurnedOff" />
    </UnitTest>
    <UnitTest name="TFSTests.Agile.Boards.Settings.ViewModels FieldSettingsViewModel_EffortFieldTurnedOff" storage="d:\v2.0\a1\_work\dbded102\vso\tfs\service\webaccess\agile\testscripts\tests\tfstests.agile.boards.settings.viewmodels.ts" id="c556db45-186e-4b1f-898e-26b3fa308097">
      <Execution id="14d4e578-fd0c-4c2d-bc86-e4dbb042c853" />
      <TestMethod codeBase="d:\v2.0\a1\_work\dbded102\vso\tfs\service\webaccess\agile\testscripts\tests\tfstests.agile.boards.settings.viewmodels.ts" adapterTypeName="Microsoft.VisualStudio.TestTools.TestTypes.Unit.UnitTestAdapter" className="d:\v2.0\a1\_work\dbded102\vso\tfs\service\webaccess\agile\testscripts\tests\tfstests.agile.boards.settings.viewmodels.ts::tfstests.agile.boards.settings" name="TFSTests.Agile.Boards.Settings.ViewModels FieldSettingsViewModel_EffortFieldTurnedOff" />
    </UnitTest>
    <UnitTest name="TFSTests.Agile.Boards.Settings.ViewModels FieldSettingsViewModel_ShowTagsTurnedOff" storage="d:\v2.0\a1\_work\dbded102\vso\tfs\service\webaccess\agile\testscripts\tests\tfstests.agile.boards.settings.viewmodels.ts" id="6e85b946-3fcb-45ea-ad4c-7b9cef9a19d9">
      <Execution id="e34e948f-b53d-4568-8834-b5fe9e824445" />
      <TestMethod codeBase="d:\v2.0\a1\_work\dbded102\vso\tfs\service\webaccess\agile\testscripts\tests\tfstests.agile.boards.settings.viewmodels.ts" adapterTypeName="Microsoft.VisualStudio.TestTools.TestTypes.Unit.UnitTestAdapter" className="d:\v2.0\a1\_work\dbded102\vso\tfs\service\webaccess\agile\testscripts\tests\tfstests.agile.boards.settings.viewmodels.ts::tfstests.agile.boards.settings" name="TFSTests.Agile.Boards.Settings.ViewModels FieldSettingsViewModel_ShowTagsTurnedOff" />
    </UnitTest>
    <UnitTest name="TFSTests.Agile.Boards.Settings.ViewModels FieldSettingsViewModel_ShowEmptyFieldsTurnedOff" storage="d:\v2.0\a1\_work\dbded102\vso\tfs\service\webaccess\agile\testscripts\tests\tfstests.agile.boards.settings.viewmodels.ts" id="69ef7d73-9070-4c1f-ba81-0546832d856a">
      <Execution id="85a3aecc-3cfe-423e-aa38-382d394b2530" />
      <TestMethod codeBase="d:\v2.0\a1\_work\dbded102\vso\tfs\service\webaccess\agile\testscripts\tests\tfstests.agile.boards.settings.viewmodels.ts" adapterTypeName="Microsoft.VisualStudio.TestTools.TestTypes.Unit.UnitTestAdapter" className="d:\v2.0\a1\_work\dbded102\vso\tfs\service\webaccess\agile\testscripts\tests\tfstests.agile.boards.settings.viewmodels.ts::tfstests.agile.boards.settings" name="TFSTests.Agile.Boards.Settings.ViewModels FieldSettingsViewModel_ShowEmptyFieldsTurnedOff" />
    </UnitTest>
    <UnitTest name="TFSTests.Agile.Boards.Settings.ViewModels FieldSettingsViewModel_DirtyState_ChangingShowId" storage="d:\v2.0\a1\_work\dbded102\vso\tfs\service\webaccess\agile\testscripts\tests\tfstests.agile.boards.settings.viewmodels.ts" id="4311e68d-d041-44dc-b43a-576aa6dce4f8">
      <Execution id="bb10e94c-8ee8-4c31-a77f-5af49b1b6e55" />
      <TestMethod codeBase="d:\v2.0\a1\_work\dbded102\vso\tfs\service\webaccess\agile\testscripts\tests\tfstests.agile.boards.settings.viewmodels.ts" adapterTypeName="Microsoft.VisualStudio.TestTools.TestTypes.Unit.UnitTestAdapter" className="d:\v2.0\a1\_work\dbded102\vso\tfs\service\webaccess\agile\testscripts\tests\tfstests.agile.boards.settings.viewmodels.ts::tfstests.agile.boards.settings" name="TFSTests.Agile.Boards.Settings.ViewModels FieldSettingsViewModel_DirtyState_ChangingShowId" />
    </UnitTest>
    <UnitTest name="TFSTests.Agile.Boards.Settings.ViewModels FieldSettingsViewModel_DirtyState_ChangingAssignedToFormat" storage="d:\v2.0\a1\_work\dbded102\vso\tfs\service\webaccess\agile\testscripts\tests\tfstests.agile.boards.settings.viewmodels.ts" id="9efcc714-f72c-438e-aca9-4faae3ad6a35">
      <Execution id="8708991d-c672-450f-869d-1b0338cb8208" />
      <TestMethod codeBase="d:\v2.0\a1\_work\dbded102\vso\tfs\service\webaccess\agile\testscripts\tests\tfstests.agile.boards.settings.viewmodels.ts" adapterTypeName="Microsoft.VisualStudio.TestTools.TestTypes.Unit.UnitTestAdapter" className="d:\v2.0\a1\_work\dbded102\vso\tfs\service\webaccess\agile\testscripts\tests\tfstests.agile.boards.settings.viewmodels.ts::tfstests.agile.boards.settings" name="TFSTests.Agile.Boards.Settings.ViewModels FieldSettingsViewModel_DirtyState_ChangingAssignedToFormat" />
    </UnitTest>
    <UnitTest name="TFSTests.Agile.Boards.Settings.ViewModels FieldSettingsViewModel_DirtyState_ChangeShowAssignedTo" storage="d:\v2.0\a1\_work\dbded102\vso\tfs\service\webaccess\agile\testscripts\tests\tfstests.agile.boards.settings.viewmodels.ts" id="f8f3a6dc-cdbf-4f20-81b9-a57f09dff108">
      <Execution id="3fc2c2cf-7f8d-4718-a700-e094e0533e88" />
      <TestMethod codeBase="d:\v2.0\a1\_work\dbded102\vso\tfs\service\webaccess\agile\testscripts\tests\tfstests.agile.boards.settings.viewmodels.ts" adapterTypeName="Microsoft.VisualStudio.TestTools.TestTypes.Unit.UnitTestAdapter" className="d:\v2.0\a1\_work\dbded102\vso\tfs\service\webaccess\agile\testscripts\tests\tfstests.agile.boards.settings.viewmodels.ts::tfstests.agile.boards.settings" name="TFSTests.Agile.Boards.Settings.ViewModels FieldSettingsViewModel_DirtyState_ChangeShowAssignedTo" />
    </UnitTest>
    <UnitTest name="TFSTests.Agile.Boards.Settings.ViewModels FieldSettingsViewModel_DirtyState_ChangeShowTags" storage="d:\v2.0\a1\_work\dbded102\vso\tfs\service\webaccess\agile\testscripts\tests\tfstests.agile.boards.settings.viewmodels.ts" id="242058fe-39a5-465a-b43e-829ef05336a6">
      <Execution id="dede64f1-29c1-4ee8-a82d-71dac637d1aa" />
      <TestMethod codeBase="d:\v2.0\a1\_work\dbded102\vso\tfs\service\webaccess\agile\testscripts\tests\tfstests.agile.boards.settings.viewmodels.ts" adapterTypeName="Microsoft.VisualStudio.TestTools.TestTypes.Unit.UnitTestAdapter" className="d:\v2.0\a1\_work\dbded102\vso\tfs\service\webaccess\agile\testscripts\tests\tfstests.agile.boards.settings.viewmodels.ts::tfstests.agile.boards.settings" name="TFSTests.Agile.Boards.Settings.ViewModels FieldSettingsViewModel_DirtyState_ChangeShowTags" />
    </UnitTest>
    <UnitTest name="TFSTests.Agile.Boards.Settings.ViewModels FieldSettingsViewModel_DirtyState_ChangeShowEffortField" storage="d:\v2.0\a1\_work\dbded102\vso\tfs\service\webaccess\agile\testscripts\tests\tfstests.agile.boards.settings.viewmodels.ts" id="2b0ad24d-109e-4a4a-a20e-e84813e6371b">
      <Execution id="de158ea6-ead8-4326-b04a-fbd14dde8c83" />
      <TestMethod codeBase="d:\v2.0\a1\_work\dbded102\vso\tfs\service\webaccess\agile\testscripts\tests\tfstests.agile.boards.settings.viewmodels.ts" adapterTypeName="Microsoft.VisualStudio.TestTools.TestTypes.Unit.UnitTestAdapter" className="d:\v2.0\a1\_work\dbded102\vso\tfs\service\webaccess\agile\testscripts\tests\tfstests.agile.boards.settings.viewmodels.ts::tfstests.agile.boards.settings" name="TFSTests.Agile.Boards.Settings.ViewModels FieldSettingsViewModel_DirtyState_ChangeShowEffortField" />
    </UnitTest>
    <UnitTest name="TFSTests.Agile.Boards.Settings.ViewModels FieldSettingsViewModel_DirtyState_ChangeShowEmptyFields" storage="d:\v2.0\a1\_work\dbded102\vso\tfs\service\webaccess\agile\testscripts\tests\tfstests.agile.boards.settings.viewmodels.ts" id="a5431af4-e457-4e87-8c59-b355abdfacae">
      <Execution id="fa65ee2e-d2d6-4927-a657-6db013307938" />
      <TestMethod codeBase="d:\v2.0\a1\_work\dbded102\vso\tfs\service\webaccess\agile\testscripts\tests\tfstests.agile.boards.settings.viewmodels.ts" adapterTypeName="Microsoft.VisualStudio.TestTools.TestTypes.Unit.UnitTestAdapter" className="d:\v2.0\a1\_work\dbded102\vso\tfs\service\webaccess\agile\testscripts\tests\tfstests.agile.boards.settings.viewmodels.ts::tfstests.agile.boards.settings" name="TFSTests.Agile.Boards.Settings.ViewModels FieldSettingsViewModel_DirtyState_ChangeShowEmptyFields" />
    </UnitTest>
    <UnitTest name="TFSTests.Agile.Boards.Settings.ViewModels FieldSettingsViewModel_DirtyState_AddEmptyAdditionalFields" storage="d:\v2.0\a1\_work\dbded102\vso\tfs\service\webaccess\agile\testscripts\tests\tfstests.agile.boards.settings.viewmodels.ts" id="d0161f27-88c1-47fa-9f1c-f2e2c0cf51d8">
      <Execution id="7378df5a-4b1d-477f-9891-4bb56c7094ea" />
      <TestMethod codeBase="d:\v2.0\a1\_work\dbded102\vso\tfs\service\webaccess\agile\testscripts\tests\tfstests.agile.boards.settings.viewmodels.ts" adapterTypeName="Microsoft.VisualStudio.TestTools.TestTypes.Unit.UnitTestAdapter" className="d:\v2.0\a1\_work\dbded102\vso\tfs\service\webaccess\agile\testscripts\tests\tfstests.agile.boards.settings.viewmodels.ts::tfstests.agile.boards.settings" name="TFSTests.Agile.Boards.Settings.ViewModels FieldSettingsViewModel_DirtyState_AddEmptyAdditionalFields" />
    </UnitTest>
    <UnitTest name="TFSTests.Agile.Boards.Settings.ViewModels FieldSettingsViewModel_DirtyState_AddMaxAdditionalFields" storage="d:\v2.0\a1\_work\dbded102\vso\tfs\service\webaccess\agile\testscripts\tests\tfstests.agile.boards.settings.viewmodels.ts" id="c1239d9b-64a8-4b00-a40e-370eebb2e4df">
      <Execution id="b2a6efc7-ae72-4039-a1b2-31136ba69155" />
      <TestMethod codeBase="d:\v2.0\a1\_work\dbded102\vso\tfs\service\webaccess\agile\testscripts\tests\tfstests.agile.boards.settings.viewmodels.ts" adapterTypeName="Microsoft.VisualStudio.TestTools.TestTypes.Unit.UnitTestAdapter" className="d:\v2.0\a1\_work\dbded102\vso\tfs\service\webaccess\agile\testscripts\tests\tfstests.agile.boards.settings.viewmodels.ts::tfstests.agile.boards.settings" name="TFSTests.Agile.Boards.Settings.ViewModels FieldSettingsViewModel_DirtyState_AddMaxAdditionalFields" />
    </UnitTest>
    <UnitTest name="TFSTests.Agile.Boards.Settings.ViewModels FieldSettingsViewModel_DirtyState_AddInvalidAdditionalFields" storage="d:\v2.0\a1\_work\dbded102\vso\tfs\service\webaccess\agile\testscripts\tests\tfstests.agile.boards.settings.viewmodels.ts" id="989b61fe-2941-493e-bfe9-945b93dcf628">
      <Execution id="77f464b3-5b70-4157-a2fd-c4b9efdf6781" />
      <TestMethod codeBase="d:\v2.0\a1\_work\dbded102\vso\tfs\service\webaccess\agile\testscripts\tests\tfstests.agile.boards.settings.viewmodels.ts" adapterTypeName="Microsoft.VisualStudio.TestTools.TestTypes.Unit.UnitTestAdapter" className="d:\v2.0\a1\_work\dbded102\vso\tfs\service\webaccess\agile\testscripts\tests\tfstests.agile.boards.settings.viewmodels.ts::tfstests.agile.boards.settings" name="TFSTests.Agile.Boards.Settings.ViewModels FieldSettingsViewModel_DirtyState_AddInvalidAdditionalFields" />
    </UnitTest>
    <UnitTest name="TFSTests.Agile.Boards.Settings.ViewModels FieldSettingsViewModel_DirtyState_AddDuplicateAdditionalFields" storage="d:\v2.0\a1\_work\dbded102\vso\tfs\service\webaccess\agile\testscripts\tests\tfstests.agile.boards.settings.viewmodels.ts" id="a8ade0e6-1586-47a2-899f-90182fbc2dc4">
      <Execution id="d6958e55-91a3-4941-b79c-47e0dfdbb4f4" />
      <TestMethod codeBase="d:\v2.0\a1\_work\dbded102\vso\tfs\service\webaccess\agile\testscripts\tests\tfstests.agile.boards.settings.viewmodels.ts" adapterTypeName="Microsoft.VisualStudio.TestTools.TestTypes.Unit.UnitTestAdapter" className="d:\v2.0\a1\_work\dbded102\vso\tfs\service\webaccess\agile\testscripts\tests\tfstests.agile.boards.settings.viewmodels.ts::tfstests.agile.boards.settings" name="TFSTests.Agile.Boards.Settings.ViewModels FieldSettingsViewModel_DirtyState_AddDuplicateAdditionalFields" />
    </UnitTest>
    <UnitTest name="TFSTests.Agile.Boards.Settings.ViewModels FieldSettingsViewModel_AdditionalFieldErrorMessage_OnFocusAndBlur" storage="d:\v2.0\a1\_work\dbded102\vso\tfs\service\webaccess\agile\testscripts\tests\tfstests.agile.boards.settings.viewmodels.ts" id="c98e5bf3-8ef8-421a-a245-ecb1952134c6">
      <Execution id="465fa99f-bdfd-424a-b539-c6be7fded14b" />
      <TestMethod codeBase="d:\v2.0\a1\_work\dbded102\vso\tfs\service\webaccess\agile\testscripts\tests\tfstests.agile.boards.settings.viewmodels.ts" adapterTypeName="Microsoft.VisualStudio.TestTools.TestTypes.Unit.UnitTestAdapter" className="d:\v2.0\a1\_work\dbded102\vso\tfs\service\webaccess\agile\testscripts\tests\tfstests.agile.boards.settings.viewmodels.ts::tfstests.agile.boards.settings" name="TFSTests.Agile.Boards.Settings.ViewModels FieldSettingsViewModel_AdditionalFieldErrorMessage_OnFocusAndBlur" />
    </UnitTest>
    <UnitTest name="TFSTests.Agile.Boards.Settings.ViewModels FieldSettingsViewModel_DirtyState_RemoveAdditionalFields" storage="d:\v2.0\a1\_work\dbded102\vso\tfs\service\webaccess\agile\testscripts\tests\tfstests.agile.boards.settings.viewmodels.ts" id="4bf011ed-1778-42f3-b048-c1852cccc07a">
      <Execution id="a397bfb0-5736-462b-b842-7ef36ea0ea8e" />
      <TestMethod codeBase="d:\v2.0\a1\_work\dbded102\vso\tfs\service\webaccess\agile\testscripts\tests\tfstests.agile.boards.settings.viewmodels.ts" adapterTypeName="Microsoft.VisualStudio.TestTools.TestTypes.Unit.UnitTestAdapter" className="d:\v2.0\a1\_work\dbded102\vso\tfs\service\webaccess\agile\testscripts\tests\tfstests.agile.boards.settings.viewmodels.ts::tfstests.agile.boards.settings" name="TFSTests.Agile.Boards.Settings.ViewModels FieldSettingsViewModel_DirtyState_RemoveAdditionalFields" />
    </UnitTest>
    <UnitTest name="TFSTests.Agile.Boards.Settings.ViewModels FieldSettingsViewModel_RemoveAdditionalFields_CorrectsDuplicateErrorMessage" storage="d:\v2.0\a1\_work\dbded102\vso\tfs\service\webaccess\agile\testscripts\tests\tfstests.agile.boards.settings.viewmodels.ts" id="4571c9a4-ed20-42f4-a646-a47aa53c8665">
      <Execution id="70d6b48e-b52e-4e90-b0da-0acfd4b1dfa9" />
      <TestMethod codeBase="d:\v2.0\a1\_work\dbded102\vso\tfs\service\webaccess\agile\testscripts\tests\tfstests.agile.boards.settings.viewmodels.ts" adapterTypeName="Microsoft.VisualStudio.TestTools.TestTypes.Unit.UnitTestAdapter" className="d:\v2.0\a1\_work\dbded102\vso\tfs\service\webaccess\agile\testscripts\tests\tfstests.agile.boards.settings.viewmodels.ts::tfstests.agile.boards.settings" name="TFSTests.Agile.Boards.Settings.ViewModels FieldSettingsViewModel_RemoveAdditionalFields_CorrectsDuplicateErrorMessage" />
    </UnitTest>
    <UnitTest name="TFSTests.Agile.Boards.Settings.ViewModels FieldSettingsViewModel_OnReset" storage="d:\v2.0\a1\_work\dbded102\vso\tfs\service\webaccess\agile\testscripts\tests\tfstests.agile.boards.settings.viewmodels.ts" id="c6611675-c739-46bf-aa8d-0679e1417d3b">
      <Execution id="822008dc-bcda-431d-81b3-80fdb7ebb1fa" />
      <TestMethod codeBase="d:\v2.0\a1\_work\dbded102\vso\tfs\service\webaccess\agile\testscripts\tests\tfstests.agile.boards.settings.viewmodels.ts" adapterTypeName="Microsoft.VisualStudio.TestTools.TestTypes.Unit.UnitTestAdapter" className="d:\v2.0\a1\_work\dbded102\vso\tfs\service\webaccess\agile\testscripts\tests\tfstests.agile.boards.settings.viewmodels.ts::tfstests.agile.boards.settings" name="TFSTests.Agile.Boards.Settings.ViewModels FieldSettingsViewModel_OnReset" />
    </UnitTest>
    <UnitTest name="TFSTests.Agile.Boards.Settings.Controls BoardSettingsControls_WithBoardSettingsProvided" storage="d:\v2.0\a1\_work\dbded102\vso\tfs\service\webaccess\agile\testscripts\tests\tfstests.agile.boards.settings.controls.ts" id="23569941-2702-4a5e-949c-2fdb56b34e8a">
      <Execution id="81b51921-eb2e-4dc0-b814-5dda5c7df7b4" />
      <TestMethod codeBase="d:\v2.0\a1\_work\dbded102\vso\tfs\service\webaccess\agile\testscripts\tests\tfstests.agile.boards.settings.controls.ts" adapterTypeName="Microsoft.VisualStudio.TestTools.TestTypes.Unit.UnitTestAdapter" className="d:\v2.0\a1\_work\dbded102\vso\tfs\service\webaccess\agile\testscripts\tests\tfstests.agile.boards.settings.controls.ts::tfstests.agile.boards.settings" name="TFSTests.Agile.Boards.Settings.Controls BoardSettingsControls_WithBoardSettingsProvided" />
    </UnitTest>
    <UnitTest name="TFSTests.Agile.Boards.Settings.Controls BoardSettingsControls_WithBoardNameProvided" storage="d:\v2.0\a1\_work\dbded102\vso\tfs\service\webaccess\agile\testscripts\tests\tfstests.agile.boards.settings.controls.ts" id="179ead6e-b798-4d27-bf23-31918d694992">
      <Execution id="82135da3-760f-42d1-bc06-02f8096072d9" />
      <TestMethod codeBase="d:\v2.0\a1\_work\dbded102\vso\tfs\service\webaccess\agile\testscripts\tests\tfstests.agile.boards.settings.controls.ts" adapterTypeName="Microsoft.VisualStudio.TestTools.TestTypes.Unit.UnitTestAdapter" className="d:\v2.0\a1\_work\dbded102\vso\tfs\service\webaccess\agile\testscripts\tests\tfstests.agile.boards.settings.controls.ts::tfstests.agile.boards.settings" name="TFSTests.Agile.Boards.Settings.Controls BoardSettingsControls_WithBoardNameProvided" />
    </UnitTest>
    <UnitTest name="TFSTests.Agile.Boards.Settings.Controls BoardSettingsControls_WithNoneProvided" storage="d:\v2.0\a1\_work\dbded102\vso\tfs\service\webaccess\agile\testscripts\tests\tfstests.agile.boards.settings.controls.ts" id="c96067ff-a81c-448a-ac59-e1a4db5ee395">
      <Execution id="a7b30e30-e9ca-4a3c-8776-e804fc19312b" />
      <TestMethod codeBase="d:\v2.0\a1\_work\dbded102\vso\tfs\service\webaccess\agile\testscripts\tests\tfstests.agile.boards.settings.controls.ts" adapterTypeName="Microsoft.VisualStudio.TestTools.TestTypes.Unit.UnitTestAdapter" className="d:\v2.0\a1\_work\dbded102\vso\tfs\service\webaccess\agile\testscripts\tests\tfstests.agile.boards.settings.controls.ts::tfstests.agile.boards.settings" name="TFSTests.Agile.Boards.Settings.Controls BoardSettingsControls_WithNoneProvided" />
    </UnitTest>
    <UnitTest name="TFSTests.Agile.Predicate.WIT WitPredicate_FieldTests_String" storage="d:\v2.0\a1\_work\dbded102\vso\tfs\service\webaccess\agile\testscripts\tests\tfstests.agile.predicate.wit.ts" id="e6356a5a-0cff-403d-bafd-3c7acac66318">
      <Execution id="c209ae4e-d0ab-4f35-b7de-7e0ceb1dd089" />
      <TestMethod codeBase="d:\v2.0\a1\_work\dbded102\vso\tfs\service\webaccess\agile\testscripts\tests\tfstests.agile.predicate.wit.ts" adapterTypeName="Microsoft.VisualStudio.TestTools.TestTypes.Unit.UnitTestAdapter" className="d:\v2.0\a1\_work\dbded102\vso\tfs\service\webaccess\agile\testscripts\tests\tfstests.agile.predicate.wit.ts::tfstests.agile.predicate" name="TFSTests.Agile.Predicate.WIT WitPredicate_FieldTests_String" />
    </UnitTest>
    <UnitTest name="TFSTests.Agile.Predicate.WIT WitPredicate_FieldTests_PlainText" storage="d:\v2.0\a1\_work\dbded102\vso\tfs\service\webaccess\agile\testscripts\tests\tfstests.agile.predicate.wit.ts" id="daf7ec92-e1c2-45a8-8a45-8ac171f2bf3e">
      <Execution id="50d06ab8-1bf4-4112-9b52-646e99147871" />
      <TestMethod codeBase="d:\v2.0\a1\_work\dbded102\vso\tfs\service\webaccess\agile\testscripts\tests\tfstests.agile.predicate.wit.ts" adapterTypeName="Microsoft.VisualStudio.TestTools.TestTypes.Unit.UnitTestAdapter" className="d:\v2.0\a1\_work\dbded102\vso\tfs\service\webaccess\agile\testscripts\tests\tfstests.agile.predicate.wit.ts::tfstests.agile.predicate" name="TFSTests.Agile.Predicate.WIT WitPredicate_FieldTests_PlainText" />
    </UnitTest>
    <UnitTest name="TFSTests.Agile.Predicate.WIT WitPredicate_FieldTests_TreePath" storage="d:\v2.0\a1\_work\dbded102\vso\tfs\service\webaccess\agile\testscripts\tests\tfstests.agile.predicate.wit.ts" id="0480abe3-cc31-4330-b7e8-e3a042791dda">
      <Execution id="1103aa13-3559-42ea-98b1-928bca663db8" />
      <TestMethod codeBase="d:\v2.0\a1\_work\dbded102\vso\tfs\service\webaccess\agile\testscripts\tests\tfstests.agile.predicate.wit.ts" adapterTypeName="Microsoft.VisualStudio.TestTools.TestTypes.Unit.UnitTestAdapter" className="d:\v2.0\a1\_work\dbded102\vso\tfs\service\webaccess\agile\testscripts\tests\tfstests.agile.predicate.wit.ts::tfstests.agile.predicate" name="TFSTests.Agile.Predicate.WIT WitPredicate_FieldTests_TreePath" />
    </UnitTest>
    <UnitTest name="TFSTests.Agile.Predicate.WIT WitPredicate_FieldTests_Identity" storage="d:\v2.0\a1\_work\dbded102\vso\tfs\service\webaccess\agile\testscripts\tests\tfstests.agile.predicate.wit.ts" id="913ee140-19d6-4af6-8b6b-17b41729307b">
      <Execution id="19012c75-960e-4284-8b16-c37cf169bc66" />
      <TestMethod codeBase="d:\v2.0\a1\_work\dbded102\vso\tfs\service\webaccess\agile\testscripts\tests\tfstests.agile.predicate.wit.ts" adapterTypeName="Microsoft.VisualStudio.TestTools.TestTypes.Unit.UnitTestAdapter" className="d:\v2.0\a1\_work\dbded102\vso\tfs\service\webaccess\agile\testscripts\tests\tfstests.agile.predicate.wit.ts::tfstests.agile.predicate" name="TFSTests.Agile.Predicate.WIT WitPredicate_FieldTests_Identity" />
    </UnitTest>
    <UnitTest name="TFSTests.Agile.Predicate.WIT WitPredicate_FieldTests_GUID" storage="d:\v2.0\a1\_work\dbded102\vso\tfs\service\webaccess\agile\testscripts\tests\tfstests.agile.predicate.wit.ts" id="e566ccbc-353b-4c62-a0b6-223dd688c25e">
      <Execution id="79505920-1a58-472c-a9cc-ab34e4448db7" />
      <TestMethod codeBase="d:\v2.0\a1\_work\dbded102\vso\tfs\service\webaccess\agile\testscripts\tests\tfstests.agile.predicate.wit.ts" adapterTypeName="Microsoft.VisualStudio.TestTools.TestTypes.Unit.UnitTestAdapter" className="d:\v2.0\a1\_work\dbded102\vso\tfs\service\webaccess\agile\testscripts\tests\tfstests.agile.predicate.wit.ts::tfstests.agile.predicate" name="TFSTests.Agile.Predicate.WIT WitPredicate_FieldTests_GUID" />
    </UnitTest>
    <UnitTest name="TFSTests.Agile.Predicate.WIT WitPredicate_FieldTests_Boolean" storage="d:\v2.0\a1\_work\dbded102\vso\tfs\service\webaccess\agile\testscripts\tests\tfstests.agile.predicate.wit.ts" id="d86c30b4-d4bd-4278-9985-a88fb01f60fd">
      <Execution id="cc9820d1-2124-4b35-8740-4c828260718c" />
      <TestMethod codeBase="d:\v2.0\a1\_work\dbded102\vso\tfs\service\webaccess\agile\testscripts\tests\tfstests.agile.predicate.wit.ts" adapterTypeName="Microsoft.VisualStudio.TestTools.TestTypes.Unit.UnitTestAdapter" className="d:\v2.0\a1\_work\dbded102\vso\tfs\service\webaccess\agile\testscripts\tests\tfstests.agile.predicate.wit.ts::tfstests.agile.predicate" name="TFSTests.Agile.Predicate.WIT WitPredicate_FieldTests_Boolean" />
    </UnitTest>
    <UnitTest name="TFSTests.Agile.Predicate.WIT WitPredicate_FieldTests_Integer" storage="d:\v2.0\a1\_work\dbded102\vso\tfs\service\webaccess\agile\testscripts\tests\tfstests.agile.predicate.wit.ts" id="27acaa29-5c52-4c39-9de0-ae1195636d1c">
      <Execution id="5d4e69d1-6187-422e-b417-8f4b6cafa648" />
      <TestMethod codeBase="d:\v2.0\a1\_work\dbded102\vso\tfs\service\webaccess\agile\testscripts\tests\tfstests.agile.predicate.wit.ts" adapterTypeName="Microsoft.VisualStudio.TestTools.TestTypes.Unit.UnitTestAdapter" className="d:\v2.0\a1\_work\dbded102\vso\tfs\service\webaccess\agile\testscripts\tests\tfstests.agile.predicate.wit.ts::tfstests.agile.predicate" name="TFSTests.Agile.Predicate.WIT WitPredicate_FieldTests_Integer" />
    </UnitTest>
    <UnitTest name="TFSTests.Agile.Predicate.WIT WitPredicate_FieldTests_Double" storage="d:\v2.0\a1\_work\dbded102\vso\tfs\service\webaccess\agile\testscripts\tests\tfstests.agile.predicate.wit.ts" id="bcf3a1d4-3f08-40f6-84fa-3bc11adec296">
      <Execution id="5c3b121e-c149-4214-8505-6df4d8878072" />
      <TestMethod codeBase="d:\v2.0\a1\_work\dbded102\vso\tfs\service\webaccess\agile\testscripts\tests\tfstests.agile.predicate.wit.ts" adapterTypeName="Microsoft.VisualStudio.TestTools.TestTypes.Unit.UnitTestAdapter" className="d:\v2.0\a1\_work\dbded102\vso\tfs\service\webaccess\agile\testscripts\tests\tfstests.agile.predicate.wit.ts::tfstests.agile.predicate" name="TFSTests.Agile.Predicate.WIT WitPredicate_FieldTests_Double" />
    </UnitTest>
    <UnitTest name="TFSTests.Agile.Predicate.WIT WitPredicate_FieldTests_DateTime" storage="d:\v2.0\a1\_work\dbded102\vso\tfs\service\webaccess\agile\testscripts\tests\tfstests.agile.predicate.wit.ts" id="b6dfd4f4-dec1-4e7a-9e84-bfb81a38a2f3">
      <Execution id="c8ae9bc8-ef34-4170-b57d-de616193fb1d" />
      <TestMethod codeBase="d:\v2.0\a1\_work\dbded102\vso\tfs\service\webaccess\agile\testscripts\tests\tfstests.agile.predicate.wit.ts" adapterTypeName="Microsoft.VisualStudio.TestTools.TestTypes.Unit.UnitTestAdapter" className="d:\v2.0\a1\_work\dbded102\vso\tfs\service\webaccess\agile\testscripts\tests\tfstests.agile.predicate.wit.ts::tfstests.agile.predicate" name="TFSTests.Agile.Predicate.WIT WitPredicate_FieldTests_DateTime" />
    </UnitTest>
    <UnitTest name="TFSTests.Agile.Card.Controls.WIT CardRendering_VerifyTitleAssignedToAndEffort" storage="d:\v2.0\a1\_work\dbded102\vso\tfs\service\webaccess\agile\testscripts\tests\tfstests.agile.cards.controls.ts" id="d1b42198-5280-4313-88aa-aa68989881bd">
      <Execution id="8ce33a97-b6ac-4420-800d-da053a335943" />
      <TestMethod codeBase="d:\v2.0\a1\_work\dbded102\vso\tfs\service\webaccess\agile\testscripts\tests\tfstests.agile.cards.controls.ts" adapterTypeName="Microsoft.VisualStudio.TestTools.TestTypes.Unit.UnitTestAdapter" className="d:\v2.0\a1\_work\dbded102\vso\tfs\service\webaccess\agile\testscripts\tests\tfstests.agile.cards.controls.ts::tfstests.agile.card.controls" name="TFSTests.Agile.Card.Controls.WIT CardRendering_VerifyTitleAssignedToAndEffort" />
    </UnitTest>
    <UnitTest name="TFSTests.Agile.Card.Controls.WIT CardRendering_VerifyAssignedToAndEffortOptional" storage="d:\v2.0\a1\_work\dbded102\vso\tfs\service\webaccess\agile\testscripts\tests\tfstests.agile.cards.controls.ts" id="a74575e2-ec1b-4111-b1f2-ace0cd8889fe">
      <Execution id="67fd71de-0f86-496d-b26d-306afb790f3c" />
      <TestMethod codeBase="d:\v2.0\a1\_work\dbded102\vso\tfs\service\webaccess\agile\testscripts\tests\tfstests.agile.cards.controls.ts" adapterTypeName="Microsoft.VisualStudio.TestTools.TestTypes.Unit.UnitTestAdapter" className="d:\v2.0\a1\_work\dbded102\vso\tfs\service\webaccess\agile\testscripts\tests\tfstests.agile.cards.controls.ts::tfstests.agile.card.controls" name="TFSTests.Agile.Card.Controls.WIT CardRendering_VerifyAssignedToAndEffortOptional" />
    </UnitTest>
    <UnitTest name="TFSTests.Agile.Card.Controls.WIT CardRendering_VerifyAssignedToAndEffortAsAdditionalFields" storage="d:\v2.0\a1\_work\dbded102\vso\tfs\service\webaccess\agile\testscripts\tests\tfstests.agile.cards.controls.ts" id="15de3b21-dddd-4c07-82b7-e5a727b1e017">
      <Execution id="8958f7e4-3b2d-44af-a3ec-ffb59f1b0db9" />
      <TestMethod codeBase="d:\v2.0\a1\_work\dbded102\vso\tfs\service\webaccess\agile\testscripts\tests\tfstests.agile.cards.controls.ts" adapterTypeName="Microsoft.VisualStudio.TestTools.TestTypes.Unit.UnitTestAdapter" className="d:\v2.0\a1\_work\dbded102\vso\tfs\service\webaccess\agile\testscripts\tests\tfstests.agile.cards.controls.ts::tfstests.agile.card.controls" name="TFSTests.Agile.Card.Controls.WIT CardRendering_VerifyAssignedToAndEffortAsAdditionalFields" />
    </UnitTest>
    <UnitTest name="TFSTests.Agile.Card.Controls.WIT CardRendering_VerifyCoreFieldReRender" storage="d:\v2.0\a1\_work\dbded102\vso\tfs\service\webaccess\agile\testscripts\tests\tfstests.agile.cards.controls.ts" id="79179baf-2e13-49ab-b6bf-6a3ffebd4a0c">
      <Execution id="716b2554-744f-4e12-849e-727e3560a417" />
      <TestMethod codeBase="d:\v2.0\a1\_work\dbded102\vso\tfs\service\webaccess\agile\testscripts\tests\tfstests.agile.cards.controls.ts" adapterTypeName="Microsoft.VisualStudio.TestTools.TestTypes.Unit.UnitTestAdapter" className="d:\v2.0\a1\_work\dbded102\vso\tfs\service\webaccess\agile\testscripts\tests\tfstests.agile.cards.controls.ts::tfstests.agile.card.controls" name="TFSTests.Agile.Card.Controls.WIT CardRendering_VerifyCoreFieldReRender" />
    </UnitTest>
    <UnitTest name="TFSTests.Agile.Card.Controls.WIT CardRendering_VerifyIdentityFieldRender" storage="d:\v2.0\a1\_work\dbded102\vso\tfs\service\webaccess\agile\testscripts\tests\tfstests.agile.cards.controls.ts" id="d72c5a3b-36a7-4584-9bb0-e80904d8aa9b">
      <Execution id="d35f351d-c8d0-442b-9752-ec333863f3e1" />
      <TestMethod codeBase="d:\v2.0\a1\_work\dbded102\vso\tfs\service\webaccess\agile\testscripts\tests\tfstests.agile.cards.controls.ts" adapterTypeName="Microsoft.VisualStudio.TestTools.TestTypes.Unit.UnitTestAdapter" className="d:\v2.0\a1\_work\dbded102\vso\tfs\service\webaccess\agile\testscripts\tests\tfstests.agile.cards.controls.ts::tfstests.agile.card.controls" name="TFSTests.Agile.Card.Controls.WIT CardRendering_VerifyIdentityFieldRender" />
    </UnitTest>
    <UnitTest name="TFSTests.Agile.Card.Controls.WIT CardRendering_VerifyId" storage="d:\v2.0\a1\_work\dbded102\vso\tfs\service\webaccess\agile\testscripts\tests\tfstests.agile.cards.controls.ts" id="dc5c3943-05c1-45c1-8ed0-cdece61511a3">
      <Execution id="ca07df64-57db-40d6-aeee-be70a7e167a1" />
      <TestMethod codeBase="d:\v2.0\a1\_work\dbded102\vso\tfs\service\webaccess\agile\testscripts\tests\tfstests.agile.cards.controls.ts" adapterTypeName="Microsoft.VisualStudio.TestTools.TestTypes.Unit.UnitTestAdapter" className="d:\v2.0\a1\_work\dbded102\vso\tfs\service\webaccess\agile\testscripts\tests\tfstests.agile.cards.controls.ts::tfstests.agile.card.controls" name="TFSTests.Agile.Card.Controls.WIT CardRendering_VerifyId" />
    </UnitTest>
    <UnitTest name="TFSTests.Agile.Card.Controls.WIT CardRendering_VerifyAssignedTo_FullName" storage="d:\v2.0\a1\_work\dbded102\vso\tfs\service\webaccess\agile\testscripts\tests\tfstests.agile.cards.controls.ts" id="ae6453c0-56a6-4e89-a48a-96862e6a36a3">
      <Execution id="c1a3fac6-095c-4d79-89cc-3f114e72d963" />
      <TestMethod codeBase="d:\v2.0\a1\_work\dbded102\vso\tfs\service\webaccess\agile\testscripts\tests\tfstests.agile.cards.controls.ts" adapterTypeName="Microsoft.VisualStudio.TestTools.TestTypes.Unit.UnitTestAdapter" className="d:\v2.0\a1\_work\dbded102\vso\tfs\service\webaccess\agile\testscripts\tests\tfstests.agile.cards.controls.ts::tfstests.agile.card.controls" name="TFSTests.Agile.Card.Controls.WIT CardRendering_VerifyAssignedTo_FullName" />
    </UnitTest>
    <UnitTest name="TFSTests.Agile.Card.Controls.WIT CardRendering_VerifyAssignedTo_AvatarAndFullName" storage="d:\v2.0\a1\_work\dbded102\vso\tfs\service\webaccess\agile\testscripts\tests\tfstests.agile.cards.controls.ts" id="5570fc65-643a-402c-901b-0a89353883ff">
      <Execution id="e94e313c-0067-4ef8-a22e-fed79976c0f1" />
      <TestMethod codeBase="d:\v2.0\a1\_work\dbded102\vso\tfs\service\webaccess\agile\testscripts\tests\tfstests.agile.cards.controls.ts" adapterTypeName="Microsoft.VisualStudio.TestTools.TestTypes.Unit.UnitTestAdapter" className="d:\v2.0\a1\_work\dbded102\vso\tfs\service\webaccess\agile\testscripts\tests\tfstests.agile.cards.controls.ts::tfstests.agile.card.controls" name="TFSTests.Agile.Card.Controls.WIT CardRendering_VerifyAssignedTo_AvatarAndFullName" />
    </UnitTest>
    <UnitTest name="TFSTests.Agile.Card.Controls.WIT CardRendering_VerifyAssignedTo_AvatarOnly" storage="d:\v2.0\a1\_work\dbded102\vso\tfs\service\webaccess\agile\testscripts\tests\tfstests.agile.cards.controls.ts" id="f649d551-3398-40da-bde2-b0a4b9aded7b">
      <Execution id="ba6b721a-849e-420d-82e9-2cdb4964bb38" />
      <TestMethod codeBase="d:\v2.0\a1\_work\dbded102\vso\tfs\service\webaccess\agile\testscripts\tests\tfstests.agile.cards.controls.ts" adapterTypeName="Microsoft.VisualStudio.TestTools.TestTypes.Unit.UnitTestAdapter" className="d:\v2.0\a1\_work\dbded102\vso\tfs\service\webaccess\agile\testscripts\tests\tfstests.agile.cards.controls.ts::tfstests.agile.card.controls" name="TFSTests.Agile.Card.Controls.WIT CardRendering_VerifyAssignedTo_AvatarOnly" />
    </UnitTest>
    <UnitTest name="TFSTests.Agile.Card.Controls.WIT CardRendering_VerifyTags" storage="d:\v2.0\a1\_work\dbded102\vso\tfs\service\webaccess\agile\testscripts\tests\tfstests.agile.cards.controls.ts" id="0f7ad54c-7eca-4184-a212-1e86a6b915f4">
      <Execution id="884bbea2-808e-46b3-a146-c4c68e1de005" />
      <TestMethod codeBase="d:\v2.0\a1\_work\dbded102\vso\tfs\service\webaccess\agile\testscripts\tests\tfstests.agile.cards.controls.ts" adapterTypeName="Microsoft.VisualStudio.TestTools.TestTypes.Unit.UnitTestAdapter" className="d:\v2.0\a1\_work\dbded102\vso\tfs\service\webaccess\agile\testscripts\tests\tfstests.agile.cards.controls.ts::tfstests.agile.card.controls" name="TFSTests.Agile.Card.Controls.WIT CardRendering_VerifyTags" />
    </UnitTest>
    <UnitTest name="TFSTests.Agile.Card.Controls.WIT CardRendering_VerifyTags_WithMaxCount" storage="d:\v2.0\a1\_work\dbded102\vso\tfs\service\webaccess\agile\testscripts\tests\tfstests.agile.cards.controls.ts" id="8423f579-c664-4df6-8071-d16c31adbdc9">
      <Execution id="1fe28632-95e4-4f7f-b375-a5322e70d832" />
      <TestMethod codeBase="d:\v2.0\a1\_work\dbded102\vso\tfs\service\webaccess\agile\testscripts\tests\tfstests.agile.cards.controls.ts" adapterTypeName="Microsoft.VisualStudio.TestTools.TestTypes.Unit.UnitTestAdapter" className="d:\v2.0\a1\_work\dbded102\vso\tfs\service\webaccess\agile\testscripts\tests\tfstests.agile.cards.controls.ts::tfstests.agile.card.controls" name="TFSTests.Agile.Card.Controls.WIT CardRendering_VerifyTags_WithMaxCount" />
    </UnitTest>
    <UnitTest name="TFSTests.Agile.Card.Controls.WIT CardRendering_VerifyTags_WithTagCharacterLimit" storage="d:\v2.0\a1\_work\dbded102\vso\tfs\service\webaccess\agile\testscripts\tests\tfstests.agile.cards.controls.ts" id="a81c9799-f134-43da-8bdf-76204ee3c001">
      <Execution id="d5706272-bd5f-4c9d-8923-ff4df065899b" />
      <TestMethod codeBase="d:\v2.0\a1\_work\dbded102\vso\tfs\service\webaccess\agile\testscripts\tests\tfstests.agile.cards.controls.ts" adapterTypeName="Microsoft.VisualStudio.TestTools.TestTypes.Unit.UnitTestAdapter" className="d:\v2.0\a1\_work\dbded102\vso\tfs\service\webaccess\agile\testscripts\tests\tfstests.agile.cards.controls.ts::tfstests.agile.card.controls" name="TFSTests.Agile.Card.Controls.WIT CardRendering_VerifyTags_WithTagCharacterLimit" />
    </UnitTest>
    <UnitTest name="TFSTests.Agile.Card.Controls.WIT CardRendering_VerifyTreePath" storage="d:\v2.0\a1\_work\dbded102\vso\tfs\service\webaccess\agile\testscripts\tests\tfstests.agile.cards.controls.ts" id="f1cdd990-499c-4d87-a435-46c6ee4efc58">
      <Execution id="f6c44569-0712-4467-909f-e1b3c99077d4" />
      <TestMethod codeBase="d:\v2.0\a1\_work\dbded102\vso\tfs\service\webaccess\agile\testscripts\tests\tfstests.agile.cards.controls.ts" adapterTypeName="Microsoft.VisualStudio.TestTools.TestTypes.Unit.UnitTestAdapter" className="d:\v2.0\a1\_work\dbded102\vso\tfs\service\webaccess\agile\testscripts\tests\tfstests.agile.cards.controls.ts::tfstests.agile.card.controls" name="TFSTests.Agile.Card.Controls.WIT CardRendering_VerifyTreePath" />
    </UnitTest>
    <UnitTest name="TFSTests.Agile.Card.Controls.WIT CardRendering_VerifyIterationPath" storage="d:\v2.0\a1\_work\dbded102\vso\tfs\service\webaccess\agile\testscripts\tests\tfstests.agile.cards.controls.ts" id="9bd19520-4799-4071-af63-691c2f83fe28">
      <Execution id="8839b325-5353-4341-9442-923a0ccefbc5" />
      <TestMethod codeBase="d:\v2.0\a1\_work\dbded102\vso\tfs\service\webaccess\agile\testscripts\tests\tfstests.agile.cards.controls.ts" adapterTypeName="Microsoft.VisualStudio.TestTools.TestTypes.Unit.UnitTestAdapter" className="d:\v2.0\a1\_work\dbded102\vso\tfs\service\webaccess\agile\testscripts\tests\tfstests.agile.cards.controls.ts::tfstests.agile.card.controls" name="TFSTests.Agile.Card.Controls.WIT CardRendering_VerifyIterationPath" />
    </UnitTest>
    <UnitTest name="TFSTests.Agile.Card.Controls.WIT CardRendering_DateTime" storage="d:\v2.0\a1\_work\dbded102\vso\tfs\service\webaccess\agile\testscripts\tests\tfstests.agile.cards.controls.ts" id="e50628d7-1ca9-425b-a28f-914f0bf9c609">
      <Execution id="c852744f-5d66-4a5c-b9ce-a94a2b837878" />
      <TestMethod codeBase="d:\v2.0\a1\_work\dbded102\vso\tfs\service\webaccess\agile\testscripts\tests\tfstests.agile.cards.controls.ts" adapterTypeName="Microsoft.VisualStudio.TestTools.TestTypes.Unit.UnitTestAdapter" className="d:\v2.0\a1\_work\dbded102\vso\tfs\service\webaccess\agile\testscripts\tests\tfstests.agile.cards.controls.ts::tfstests.agile.card.controls" name="TFSTests.Agile.Card.Controls.WIT CardRendering_DateTime" />
    </UnitTest>
    <UnitTest name="TFSTests.Agile.Card.Controls.WIT CardRendering_GetFieldRenderer" storage="d:\v2.0\a1\_work\dbded102\vso\tfs\service\webaccess\agile\testscripts\tests\tfstests.agile.cards.controls.ts" id="ca955bb1-0083-4ee4-933e-8d81684b8e76">
      <Execution id="9b6bfe7a-d395-4ab7-9dce-81baf2a46535" />
      <TestMethod codeBase="d:\v2.0\a1\_work\dbded102\vso\tfs\service\webaccess\agile\testscripts\tests\tfstests.agile.cards.controls.ts" adapterTypeName="Microsoft.VisualStudio.TestTools.TestTypes.Unit.UnitTestAdapter" className="d:\v2.0\a1\_work\dbded102\vso\tfs\service\webaccess\agile\testscripts\tests\tfstests.agile.cards.controls.ts::tfstests.agile.card.controls" name="TFSTests.Agile.Card.Controls.WIT CardRendering_GetFieldRenderer" />
    </UnitTest>
    <UnitTest name="TFSTests.Agile.Card.Controls.WIT CardRendering_GetEditableFieldRenderer" storage="d:\v2.0\a1\_work\dbded102\vso\tfs\service\webaccess\agile\testscripts\tests\tfstests.agile.cards.controls.ts" id="01bdd005-c47a-4304-909f-d47e070dfed3">
      <Execution id="f5bbf754-71c3-448c-a4b8-61691320725a" />
      <TestMethod codeBase="d:\v2.0\a1\_work\dbded102\vso\tfs\service\webaccess\agile\testscripts\tests\tfstests.agile.cards.controls.ts" adapterTypeName="Microsoft.VisualStudio.TestTools.TestTypes.Unit.UnitTestAdapter" className="d:\v2.0\a1\_work\dbded102\vso\tfs\service\webaccess\agile\testscripts\tests\tfstests.agile.cards.controls.ts::tfstests.agile.card.controls" name="TFSTests.Agile.Card.Controls.WIT CardRendering_GetEditableFieldRenderer" />
    </UnitTest>
    <UnitTest name="TFSTests.Agile.Card.Controls.WIT CardFieldRenderedView" storage="d:\v2.0\a1\_work\dbded102\vso\tfs\service\webaccess\agile\testscripts\tests\tfstests.agile.cards.controls.ts" id="7889c14f-3179-4eda-a824-088162489187">
      <Execution id="8577027f-7a44-4c7e-b110-bc0bf9cf9798" />
      <TestMethod codeBase="d:\v2.0\a1\_work\dbded102\vso\tfs\service\webaccess\agile\testscripts\tests\tfstests.agile.cards.controls.ts" adapterTypeName="Microsoft.VisualStudio.TestTools.TestTypes.Unit.UnitTestAdapter" className="d:\v2.0\a1\_work\dbded102\vso\tfs\service\webaccess\agile\testscripts\tests\tfstests.agile.cards.controls.ts::tfstests.agile.card.controls" name="TFSTests.Agile.Card.Controls.WIT CardFieldRenderedView" />
    </UnitTest>
    <UnitTest name="TFSTests.Agile.Card.Controls.WIT CardRendering_VerifyToolTip_OnShowLabel" storage="d:\v2.0\a1\_work\dbded102\vso\tfs\service\webaccess\agile\testscripts\tests\tfstests.agile.cards.controls.ts" id="d1beebeb-9ad2-4d8f-ac40-c81e658faf29">
      <Execution id="c8263496-e243-4df4-b3cd-d1fc517d544f" />
      <TestMethod codeBase="d:\v2.0\a1\_work\dbded102\vso\tfs\service\webaccess\agile\testscripts\tests\tfstests.agile.cards.controls.ts" adapterTypeName="Microsoft.VisualStudio.TestTools.TestTypes.Unit.UnitTestAdapter" className="d:\v2.0\a1\_work\dbded102\vso\tfs\service\webaccess\agile\testscripts\tests\tfstests.agile.cards.controls.ts::tfstests.agile.card.controls" name="TFSTests.Agile.Card.Controls.WIT CardRendering_VerifyToolTip_OnShowLabel" />
    </UnitTest>
    <UnitTest name="TFSTests.Agile.Card.Controls.WIT CardRendering_OnHideLabel" storage="d:\v2.0\a1\_work\dbded102\vso\tfs\service\webaccess\agile\testscripts\tests\tfstests.agile.cards.controls.ts" id="006d390d-77f1-4090-8cb3-aa478b119116">
      <Execution id="c610ad87-caf1-490e-8b16-7711f34ea879" />
      <TestMethod codeBase="d:\v2.0\a1\_work\dbded102\vso\tfs\service\webaccess\agile\testscripts\tests\tfstests.agile.cards.controls.ts" adapterTypeName="Microsoft.VisualStudio.TestTools.TestTypes.Unit.UnitTestAdapter" className="d:\v2.0\a1\_work\dbded102\vso\tfs\service\webaccess\agile\testscripts\tests\tfstests.agile.cards.controls.ts::tfstests.agile.card.controls" name="TFSTests.Agile.Card.Controls.WIT CardRendering_OnHideLabel" />
    </UnitTest>
    <UnitTest name="TFSTests.Agile.Card.Controls.WIT CardEditController" storage="d:\v2.0\a1\_work\dbded102\vso\tfs\service\webaccess\agile\testscripts\tests\tfstests.agile.cards.controls.ts" id="1d2622c6-2992-4575-a07a-73de769c522a">
      <Execution id="5c7efdcc-3463-4b68-8835-bfee7cd27a4f" />
      <TestMethod codeBase="d:\v2.0\a1\_work\dbded102\vso\tfs\service\webaccess\agile\testscripts\tests\tfstests.agile.cards.controls.ts" adapterTypeName="Microsoft.VisualStudio.TestTools.TestTypes.Unit.UnitTestAdapter" className="d:\v2.0\a1\_work\dbded102\vso\tfs\service\webaccess\agile\testscripts\tests\tfstests.agile.cards.controls.ts::tfstests.agile.card.controls" name="TFSTests.Agile.Card.Controls.WIT CardEditController" />
    </UnitTest>
    <UnitTest name="TFSTests.Agile.Card.Controls.WIT CardEditController EndEdit with Combo-cannot type" storage="d:\v2.0\a1\_work\dbded102\vso\tfs\service\webaccess\agile\testscripts\tests\tfstests.agile.cards.controls.ts" id="42be2ec7-f237-4ebc-bbbd-fbc248a641b6">
      <Execution id="0e64a18f-e591-46cc-808a-81984feea055" />
      <TestMethod codeBase="d:\v2.0\a1\_work\dbded102\vso\tfs\service\webaccess\agile\testscripts\tests\tfstests.agile.cards.controls.ts" adapterTypeName="Microsoft.VisualStudio.TestTools.TestTypes.Unit.UnitTestAdapter" className="d:\v2.0\a1\_work\dbded102\vso\tfs\service\webaccess\agile\testscripts\tests\tfstests.agile.cards.controls.ts::tfstests.agile.card.controls" name="TFSTests.Agile.Card.Controls.WIT CardEditController EndEdit with Combo-cannot type" />
    </UnitTest>
    <UnitTest name="TFSTests.Agile.Card.Controls.WIT CardFieldComboKeyboardNavigationPropogation" storage="d:\v2.0\a1\_work\dbded102\vso\tfs\service\webaccess\agile\testscripts\tests\tfstests.agile.cards.controls.ts" id="5321c591-9400-447c-b50e-b6850228de9c">
      <Execution id="90cbdc14-0596-4d81-bf67-2bfec5d11854" />
      <TestMethod codeBase="d:\v2.0\a1\_work\dbded102\vso\tfs\service\webaccess\agile\testscripts\tests\tfstests.agile.cards.controls.ts" adapterTypeName="Microsoft.VisualStudio.TestTools.TestTypes.Unit.UnitTestAdapter" className="d:\v2.0\a1\_work\dbded102\vso\tfs\service\webaccess\agile\testscripts\tests\tfstests.agile.cards.controls.ts::tfstests.agile.card.controls" name="TFSTests.Agile.Card.Controls.WIT CardFieldComboKeyboardNavigationPropogation" />
    </UnitTest>
    <UnitTest name="TFSTests.Agile.Card.Controls.WIT CardEditController Title Edit" storage="d:\v2.0\a1\_work\dbded102\vso\tfs\service\webaccess\agile\testscripts\tests\tfstests.agile.cards.controls.ts" id="bab149a6-a248-4ca2-9548-4b065fd996ed">
      <Execution id="cf82e12a-3a42-4136-8aa3-392ea95dbceb" />
      <TestMethod codeBase="d:\v2.0\a1\_work\dbded102\vso\tfs\service\webaccess\agile\testscripts\tests\tfstests.agile.cards.controls.ts" adapterTypeName="Microsoft.VisualStudio.TestTools.TestTypes.Unit.UnitTestAdapter" className="d:\v2.0\a1\_work\dbded102\vso\tfs\service\webaccess\agile\testscripts\tests\tfstests.agile.cards.controls.ts::tfstests.agile.card.controls" name="TFSTests.Agile.Card.Controls.WIT CardEditController Title Edit" />
    </UnitTest>
    <UnitTest name="TFSTests.Agile.Card.Controls.WIT BoardCardEditController" storage="d:\v2.0\a1\_work\dbded102\vso\tfs\service\webaccess\agile\testscripts\tests\tfstests.agile.cards.controls.ts" id="30b9e129-83dd-4c71-a3ef-3bda097b4493">
      <Execution id="a1f08250-9076-4f7f-9b3a-b9f789e83679" />
      <TestMethod codeBase="d:\v2.0\a1\_work\dbded102\vso\tfs\service\webaccess\agile\testscripts\tests\tfstests.agile.cards.controls.ts" adapterTypeName="Microsoft.VisualStudio.TestTools.TestTypes.Unit.UnitTestAdapter" className="d:\v2.0\a1\_work\dbded102\vso\tfs\service\webaccess\agile\testscripts\tests\tfstests.agile.cards.controls.ts::tfstests.agile.card.controls" name="TFSTests.Agile.Card.Controls.WIT BoardCardEditController" />
    </UnitTest>
    <UnitTest name="TFSTests.Agile.Card.Controls.WIT BoardCardEditController_EditFieldAfterAddNewItem" storage="d:\v2.0\a1\_work\dbded102\vso\tfs\service\webaccess\agile\testscripts\tests\tfstests.agile.cards.controls.ts" id="72ac04d7-8ad2-434a-a5a0-2a79274f70b3">
      <Execution id="edf3b936-ef55-4eb0-ae28-348c031643c4" />
      <TestMethod codeBase="d:\v2.0\a1\_work\dbded102\vso\tfs\service\webaccess\agile\testscripts\tests\tfstests.agile.cards.controls.ts" adapterTypeName="Microsoft.VisualStudio.TestTools.TestTypes.Unit.UnitTestAdapter" className="d:\v2.0\a1\_work\dbded102\vso\tfs\service\webaccess\agile\testscripts\tests\tfstests.agile.cards.controls.ts::tfstests.agile.card.controls" name="TFSTests.Agile.Card.Controls.WIT BoardCardEditController_EditFieldAfterAddNewItem" />
    </UnitTest>
    <UnitTest name="TFSTests.Agile.Card.Controls.WIT CardFieldendering_EditableCardFieldView_EscapedHTML" storage="d:\v2.0\a1\_work\dbded102\vso\tfs\service\webaccess\agile\testscripts\tests\tfstests.agile.cards.controls.ts" id="a8f89e46-f18a-436b-be48-c60515882ab0">
      <Execution id="910e5c74-e9f1-4861-bfda-04fdb422fb75" />
      <TestMethod codeBase="d:\v2.0\a1\_work\dbded102\vso\tfs\service\webaccess\agile\testscripts\tests\tfstests.agile.cards.controls.ts" adapterTypeName="Microsoft.VisualStudio.TestTools.TestTypes.Unit.UnitTestAdapter" className="d:\v2.0\a1\_work\dbded102\vso\tfs\service\webaccess\agile\testscripts\tests\tfstests.agile.cards.controls.ts::tfstests.agile.card.controls" name="TFSTests.Agile.Card.Controls.WIT CardFieldendering_EditableCardFieldView_EscapedHTML" />
    </UnitTest>
    <UnitTest name="TFSTests.Agile.Card.Controls.WIT CardFieldComboControl_FireInputChanged" storage="d:\v2.0\a1\_work\dbded102\vso\tfs\service\webaccess\agile\testscripts\tests\tfstests.agile.cards.controls.ts" id="2bd4554f-6b96-40f5-965f-ea6dfea92f8f">
      <Execution id="d0d7626e-bd95-4a44-aa09-012cf9534168" />
      <TestMethod codeBase="d:\v2.0\a1\_work\dbded102\vso\tfs\service\webaccess\agile\testscripts\tests\tfstests.agile.cards.controls.ts" adapterTypeName="Microsoft.VisualStudio.TestTools.TestTypes.Unit.UnitTestAdapter" className="d:\v2.0\a1\_work\dbded102\vso\tfs\service\webaccess\agile\testscripts\tests\tfstests.agile.cards.controls.ts::tfstests.agile.card.controls" name="TFSTests.Agile.Card.Controls.WIT CardFieldComboControl_FireInputChanged" />
    </UnitTest>
    <UnitTest name="TFSTests.Agile.Card.Controls.WIT CardFieldTitleControl_InputValidationOnEditEnd" storage="d:\v2.0\a1\_work\dbded102\vso\tfs\service\webaccess\agile\testscripts\tests\tfstests.agile.cards.controls.ts" id="81df3290-d667-466b-a0e8-5e7cfbea8cc9">
      <Execution id="ca495767-4c4e-410e-95dc-402cadecdb6a" />
      <TestMethod codeBase="d:\v2.0\a1\_work\dbded102\vso\tfs\service\webaccess\agile\testscripts\tests\tfstests.agile.cards.controls.ts" adapterTypeName="Microsoft.VisualStudio.TestTools.TestTypes.Unit.UnitTestAdapter" className="d:\v2.0\a1\_work\dbded102\vso\tfs\service\webaccess\agile\testscripts\tests\tfstests.agile.cards.controls.ts::tfstests.agile.card.controls" name="TFSTests.Agile.Card.Controls.WIT CardFieldTitleControl_InputValidationOnEditEnd" />
    </UnitTest>
    <UnitTest name="TFSTests.Agile.Card.Controls.WIT TaskListCollectionViewModel_DiscardNewItems" storage="d:\v2.0\a1\_work\dbded102\vso\tfs\service\webaccess\agile\testscripts\tests\tfstests.agile.cards.controls.ts" id="d90892f9-8815-49cc-824e-aced531da963">
      <Execution id="203c5da5-26ee-4ed1-97d6-6b1125414b3f" />
      <TestMethod codeBase="d:\v2.0\a1\_work\dbded102\vso\tfs\service\webaccess\agile\testscripts\tests\tfstests.agile.cards.controls.ts" adapterTypeName="Microsoft.VisualStudio.TestTools.TestTypes.Unit.UnitTestAdapter" className="d:\v2.0\a1\_work\dbded102\vso\tfs\service\webaccess\agile\testscripts\tests\tfstests.agile.cards.controls.ts::tfstests.agile.card.controls" name="TFSTests.Agile.Card.Controls.WIT TaskListCollectionViewModel_DiscardNewItems" />
    </UnitTest>
    <UnitTest name="TFSTests.Agile.Card.Controls.WIT TaskListCollectionViewModel_RemovesItem" storage="d:\v2.0\a1\_work\dbded102\vso\tfs\service\webaccess\agile\testscripts\tests\tfstests.agile.cards.controls.ts" id="0709384d-cbd8-463a-ae93-270b112545d8">
      <Execution id="ff9d3f70-d39f-4476-81bd-ce17288cdd92" />
      <TestMethod codeBase="d:\v2.0\a1\_work\dbded102\vso\tfs\service\webaccess\agile\testscripts\tests\tfstests.agile.cards.controls.ts" adapterTypeName="Microsoft.VisualStudio.TestTools.TestTypes.Unit.UnitTestAdapter" className="d:\v2.0\a1\_work\dbded102\vso\tfs\service\webaccess\agile\testscripts\tests\tfstests.agile.cards.controls.ts::tfstests.agile.card.controls" name="TFSTests.Agile.Card.Controls.WIT TaskListCollectionViewModel_RemovesItem" />
    </UnitTest>
    <UnitTest name="TFSTests.Agile.Card.Controls.WIT TaskListCollectionViewModel_AddsNewItem" storage="d:\v2.0\a1\_work\dbded102\vso\tfs\service\webaccess\agile\testscripts\tests\tfstests.agile.cards.controls.ts" id="0e41eff3-8c89-4519-96d1-f7b4bcc8f5bf">
      <Execution id="a36bb0fd-5d64-45fd-910f-d3395db2d281" />
      <TestMethod codeBase="d:\v2.0\a1\_work\dbded102\vso\tfs\service\webaccess\agile\testscripts\tests\tfstests.agile.cards.controls.ts" adapterTypeName="Microsoft.VisualStudio.TestTools.TestTypes.Unit.UnitTestAdapter" className="d:\v2.0\a1\_work\dbded102\vso\tfs\service\webaccess\agile\testscripts\tests\tfstests.agile.cards.controls.ts::tfstests.agile.card.controls" name="TFSTests.Agile.Card.Controls.WIT TaskListCollectionViewModel_AddsNewItem" />
    </UnitTest>
    <UnitTest name="TFSTests.Agile.Card.Controls.WIT TaskListCollectionViewModel_Dispose" storage="d:\v2.0\a1\_work\dbded102\vso\tfs\service\webaccess\agile\testscripts\tests\tfstests.agile.cards.controls.ts" id="5a91a0b1-8e14-4969-9640-5509711f9756">
      <Execution id="5458c18b-4f56-46c6-b158-5b40cc57d20d" />
      <TestMethod codeBase="d:\v2.0\a1\_work\dbded102\vso\tfs\service\webaccess\agile\testscripts\tests\tfstests.agile.cards.controls.ts" adapterTypeName="Microsoft.VisualStudio.TestTools.TestTypes.Unit.UnitTestAdapter" className="d:\v2.0\a1\_work\dbded102\vso\tfs\service\webaccess\agile\testscripts\tests\tfstests.agile.cards.controls.ts::tfstests.agile.card.controls" name="TFSTests.Agile.Card.Controls.WIT TaskListCollectionViewModel_Dispose" />
    </UnitTest>
    <UnitTest name="TFSTests.Agile.Card.Controls.WIT TaskViewModel_StartAndEndEdit" storage="d:\v2.0\a1\_work\dbded102\vso\tfs\service\webaccess\agile\testscripts\tests\tfstests.agile.cards.controls.ts" id="b0183a47-12ef-420e-b153-bc4a0a25bf66">
      <Execution id="9cbfa791-5204-499e-bc19-4ca28700d543" />
      <TestMethod codeBase="d:\v2.0\a1\_work\dbded102\vso\tfs\service\webaccess\agile\testscripts\tests\tfstests.agile.cards.controls.ts" adapterTypeName="Microsoft.VisualStudio.TestTools.TestTypes.Unit.UnitTestAdapter" className="d:\v2.0\a1\_work\dbded102\vso\tfs\service\webaccess\agile\testscripts\tests\tfstests.agile.cards.controls.ts::tfstests.agile.card.controls" name="TFSTests.Agile.Card.Controls.WIT TaskViewModel_StartAndEndEdit" />
    </UnitTest>
    <UnitTest name="TFSTests.Agile.Card.Controls.WIT TaskViewModel_isSavingCorrectWhenItemIsMarkedComplete" storage="d:\v2.0\a1\_work\dbded102\vso\tfs\service\webaccess\agile\testscripts\tests\tfstests.agile.cards.controls.ts" id="4ba43913-5c74-4d10-83ec-fa83b2fb9d7c">
      <Execution id="576c0b87-488a-4138-92b7-969426829d53" />
      <TestMethod codeBase="d:\v2.0\a1\_work\dbded102\vso\tfs\service\webaccess\agile\testscripts\tests\tfstests.agile.cards.controls.ts" adapterTypeName="Microsoft.VisualStudio.TestTools.TestTypes.Unit.UnitTestAdapter" className="d:\v2.0\a1\_work\dbded102\vso\tfs\service\webaccess\agile\testscripts\tests\tfstests.agile.cards.controls.ts::tfstests.agile.card.controls" name="TFSTests.Agile.Card.Controls.WIT TaskViewModel_isSavingCorrectWhenItemIsMarkedComplete" />
    </UnitTest>
    <UnitTest name="TFSTests.Agile.CardStyling.Dialog StyleRuleViewModel_VerifyDefaultValues" storage="d:\v2.0\a1\_work\dbded102\vso\tfs\service\webaccess\agile\testscripts\tests\tfstests.agile.cardstyling.dialog.ts" id="27b45c84-f6bc-44cc-b0e7-152f303fa20d">
      <Execution id="4c89b3f6-ccfa-4adc-aea4-7592f47484de" />
      <TestMethod codeBase="d:\v2.0\a1\_work\dbded102\vso\tfs\service\webaccess\agile\testscripts\tests\tfstests.agile.cardstyling.dialog.ts" adapterTypeName="Microsoft.VisualStudio.TestTools.TestTypes.Unit.UnitTestAdapter" className="d:\v2.0\a1\_work\dbded102\vso\tfs\service\webaccess\agile\testscripts\tests\tfstests.agile.cardstyling.dialog.ts::tfstests.agile.cardstyling" name="TFSTests.Agile.CardStyling.Dialog StyleRuleViewModel_VerifyDefaultValues" />
    </UnitTest>
    <UnitTest name="TFSTests.Agile.CardStyling.Dialog StyleRuleViewModel_VerifyAddNewStyleRule" storage="d:\v2.0\a1\_work\dbded102\vso\tfs\service\webaccess\agile\testscripts\tests\tfstests.agile.cardstyling.dialog.ts" id="53dc8075-49ce-4210-9f69-e71e9345ebe2">
      <Execution id="fc17bc0e-b28f-40d2-a688-535351c66c32" />
      <TestMethod codeBase="d:\v2.0\a1\_work\dbded102\vso\tfs\service\webaccess\agile\testscripts\tests\tfstests.agile.cardstyling.dialog.ts" adapterTypeName="Microsoft.VisualStudio.TestTools.TestTypes.Unit.UnitTestAdapter" className="d:\v2.0\a1\_work\dbded102\vso\tfs\service\webaccess\agile\testscripts\tests\tfstests.agile.cardstyling.dialog.ts::tfstests.agile.cardstyling" name="TFSTests.Agile.CardStyling.Dialog StyleRuleViewModel_VerifyAddNewStyleRule" />
    </UnitTest>
    <UnitTest name="TFSTests.Agile.CardStyling.Dialog StyleRuleViewModel_VerifyAddNewStyleRule_Disable" storage="d:\v2.0\a1\_work\dbded102\vso\tfs\service\webaccess\agile\testscripts\tests\tfstests.agile.cardstyling.dialog.ts" id="bf13d80b-996b-4cd9-8acc-61ae03ca7bd7">
      <Execution id="2b92a60b-a1b8-43ec-902e-18f70b433d43" />
      <TestMethod codeBase="d:\v2.0\a1\_work\dbded102\vso\tfs\service\webaccess\agile\testscripts\tests\tfstests.agile.cardstyling.dialog.ts" adapterTypeName="Microsoft.VisualStudio.TestTools.TestTypes.Unit.UnitTestAdapter" className="d:\v2.0\a1\_work\dbded102\vso\tfs\service\webaccess\agile\testscripts\tests\tfstests.agile.cardstyling.dialog.ts::tfstests.agile.cardstyling" name="TFSTests.Agile.CardStyling.Dialog StyleRuleViewModel_VerifyAddNewStyleRule_Disable" />
    </UnitTest>
    <UnitTest name="TFSTests.Agile.CardStyling.Dialog StyleRuleViewModel_VerifyRuleSelection" storage="d:\v2.0\a1\_work\dbded102\vso\tfs\service\webaccess\agile\testscripts\tests\tfstests.agile.cardstyling.dialog.ts" id="647ada1c-7e59-4396-b267-8a826499c9bc">
      <Execution id="4efa53b1-edea-4bb4-ab14-d389a7eeb8a9" />
      <TestMethod codeBase="d:\v2.0\a1\_work\dbded102\vso\tfs\service\webaccess\agile\testscripts\tests\tfstests.agile.cardstyling.dialog.ts" adapterTypeName="Microsoft.VisualStudio.TestTools.TestTypes.Unit.UnitTestAdapter" className="d:\v2.0\a1\_work\dbded102\vso\tfs\service\webaccess\agile\testscripts\tests\tfstests.agile.cardstyling.dialog.ts::tfstests.agile.cardstyling" name="TFSTests.Agile.CardStyling.Dialog StyleRuleViewModel_VerifyRuleSelection" />
    </UnitTest>
    <UnitTest name="TFSTests.Agile.CardStyling.Dialog StyleRuleViewModel_VerifyTitleStyling" storage="d:\v2.0\a1\_work\dbded102\vso\tfs\service\webaccess\agile\testscripts\tests\tfstests.agile.cardstyling.dialog.ts" id="31aa1025-c240-43af-a659-bcd217e15579">
      <Execution id="8a45eb5e-85cf-430e-83ed-59247f94fbd6" />
      <TestMethod codeBase="d:\v2.0\a1\_work\dbded102\vso\tfs\service\webaccess\agile\testscripts\tests\tfstests.agile.cardstyling.dialog.ts" adapterTypeName="Microsoft.VisualStudio.TestTools.TestTypes.Unit.UnitTestAdapter" className="d:\v2.0\a1\_work\dbded102\vso\tfs\service\webaccess\agile\testscripts\tests\tfstests.agile.cardstyling.dialog.ts::tfstests.agile.cardstyling" name="TFSTests.Agile.CardStyling.Dialog StyleRuleViewModel_VerifyTitleStyling" />
    </UnitTest>
    <UnitTest name="TFSTests.Agile.CardStyling.Dialog StyleRuleViewModel_VerifyRuleDeletion" storage="d:\v2.0\a1\_work\dbded102\vso\tfs\service\webaccess\agile\testscripts\tests\tfstests.agile.cardstyling.dialog.ts" id="49ddef8d-426f-475d-ac38-739443f6122c">
      <Execution id="1ad93475-72c4-471c-9aa0-557d1b7b66c8" />
      <TestMethod codeBase="d:\v2.0\a1\_work\dbded102\vso\tfs\service\webaccess\agile\testscripts\tests\tfstests.agile.cardstyling.dialog.ts" adapterTypeName="Microsoft.VisualStudio.TestTools.TestTypes.Unit.UnitTestAdapter" className="d:\v2.0\a1\_work\dbded102\vso\tfs\service\webaccess\agile\testscripts\tests\tfstests.agile.cardstyling.dialog.ts::tfstests.agile.cardstyling" name="TFSTests.Agile.CardStyling.Dialog StyleRuleViewModel_VerifyRuleDeletion" />
    </UnitTest>
    <UnitTest name="TFSTests.Agile.CardStyling.Dialog StyleRuleViewModel_VerifyMoveRule" storage="d:\v2.0\a1\_work\dbded102\vso\tfs\service\webaccess\agile\testscripts\tests\tfstests.agile.cardstyling.dialog.ts" id="992dd3fa-e261-4249-a120-235f7eb3fdaa">
      <Execution id="7da1fa70-93af-4ede-9eab-2f2843dcbd5a" />
      <TestMethod codeBase="d:\v2.0\a1\_work\dbded102\vso\tfs\service\webaccess\agile\testscripts\tests\tfstests.agile.cardstyling.dialog.ts" adapterTypeName="Microsoft.VisualStudio.TestTools.TestTypes.Unit.UnitTestAdapter" className="d:\v2.0\a1\_work\dbded102\vso\tfs\service\webaccess\agile\testscripts\tests\tfstests.agile.cardstyling.dialog.ts::tfstests.agile.cardstyling" name="TFSTests.Agile.CardStyling.Dialog StyleRuleViewModel_VerifyMoveRule" />
    </UnitTest>
    <UnitTest name="TFSTests.Agile.CardStyling.Dialog StyleRuleViewModel_VerifyContextMenuVisiblity" storage="d:\v2.0\a1\_work\dbded102\vso\tfs\service\webaccess\agile\testscripts\tests\tfstests.agile.cardstyling.dialog.ts" id="b06dbabf-e02d-4c3c-a80a-bf70864e0aba">
      <Execution id="e3b459da-d664-43fb-b703-8ff1e489825c" />
      <TestMethod codeBase="d:\v2.0\a1\_work\dbded102\vso\tfs\service\webaccess\agile\testscripts\tests\tfstests.agile.cardstyling.dialog.ts" adapterTypeName="Microsoft.VisualStudio.TestTools.TestTypes.Unit.UnitTestAdapter" className="d:\v2.0\a1\_work\dbded102\vso\tfs\service\webaccess\agile\testscripts\tests\tfstests.agile.cardstyling.dialog.ts::tfstests.agile.cardstyling" name="TFSTests.Agile.CardStyling.Dialog StyleRuleViewModel_VerifyContextMenuVisiblity" />
    </UnitTest>
    <UnitTest name="TFSTests.Agile.CardStyling.Dialog StyleRuleViewModel_VerifyState" storage="d:\v2.0\a1\_work\dbded102\vso\tfs\service\webaccess\agile\testscripts\tests\tfstests.agile.cardstyling.dialog.ts" id="6d9d7c19-34e3-49c0-9306-286bcfd92047">
      <Execution id="fb953658-942e-42e6-ae58-64d9b172fc43" />
      <TestMethod codeBase="d:\v2.0\a1\_work\dbded102\vso\tfs\service\webaccess\agile\testscripts\tests\tfstests.agile.cardstyling.dialog.ts" adapterTypeName="Microsoft.VisualStudio.TestTools.TestTypes.Unit.UnitTestAdapter" className="d:\v2.0\a1\_work\dbded102\vso\tfs\service\webaccess\agile\testscripts\tests\tfstests.agile.cardstyling.dialog.ts::tfstests.agile.cardstyling" name="TFSTests.Agile.CardStyling.Dialog StyleRuleViewModel_VerifyState" />
    </UnitTest>
    <UnitTest name="TFSTests.Agile.CardStyling.Dialog StyleRuleViewModel_EmptyNameCheck" storage="d:\v2.0\a1\_work\dbded102\vso\tfs\service\webaccess\agile\testscripts\tests\tfstests.agile.cardstyling.dialog.ts" id="caca1ba0-1b04-4d5a-9be4-a9b491cfbedf">
      <Execution id="5b1b02b2-12fd-401b-a22a-a7bf53ecfb16" />
      <TestMethod codeBase="d:\v2.0\a1\_work\dbded102\vso\tfs\service\webaccess\agile\testscripts\tests\tfstests.agile.cardstyling.dialog.ts" adapterTypeName="Microsoft.VisualStudio.TestTools.TestTypes.Unit.UnitTestAdapter" className="d:\v2.0\a1\_work\dbded102\vso\tfs\service\webaccess\agile\testscripts\tests\tfstests.agile.cardstyling.dialog.ts::tfstests.agile.cardstyling" name="TFSTests.Agile.CardStyling.Dialog StyleRuleViewModel_EmptyNameCheck" />
    </UnitTest>
    <UnitTest name="TFSTests.Agile.CardStyling.Dialog TagRuleViewModel_VerifyDefaultValues" storage="d:\v2.0\a1\_work\dbded102\vso\tfs\service\webaccess\agile\testscripts\tests\tfstests.agile.cardstyling.dialog.ts" id="335e1761-f71f-4e37-817d-4e5dd71281c5">
      <Execution id="8b35e6d8-4d1e-4e35-b17e-75168324db6a" />
      <TestMethod codeBase="d:\v2.0\a1\_work\dbded102\vso\tfs\service\webaccess\agile\testscripts\tests\tfstests.agile.cardstyling.dialog.ts" adapterTypeName="Microsoft.VisualStudio.TestTools.TestTypes.Unit.UnitTestAdapter" className="d:\v2.0\a1\_work\dbded102\vso\tfs\service\webaccess\agile\testscripts\tests\tfstests.agile.cardstyling.dialog.ts::tfstests.agile.cardstyling" name="TFSTests.Agile.CardStyling.Dialog TagRuleViewModel_VerifyDefaultValues" />
    </UnitTest>
    <UnitTest name="TFSTests.Agile.CardStyling.Dialog TagRuleViewModel_VerifyAddNewTagRule" storage="d:\v2.0\a1\_work\dbded102\vso\tfs\service\webaccess\agile\testscripts\tests\tfstests.agile.cardstyling.dialog.ts" id="a8d52473-f1b6-4329-b110-615442be5d2a">
      <Execution id="0bf8f849-462a-4e97-ace5-8be8bde80bda" />
      <TestMethod codeBase="d:\v2.0\a1\_work\dbded102\vso\tfs\service\webaccess\agile\testscripts\tests\tfstests.agile.cardstyling.dialog.ts" adapterTypeName="Microsoft.VisualStudio.TestTools.TestTypes.Unit.UnitTestAdapter" className="d:\v2.0\a1\_work\dbded102\vso\tfs\service\webaccess\agile\testscripts\tests\tfstests.agile.cardstyling.dialog.ts::tfstests.agile.cardstyling" name="TFSTests.Agile.CardStyling.Dialog TagRuleViewModel_VerifyAddNewTagRule" />
    </UnitTest>
    <UnitTest name="TFSTests.Agile.CardStyling.Dialog TagRuleViewModel_VerifyTagRuleDeletion" storage="d:\v2.0\a1\_work\dbded102\vso\tfs\service\webaccess\agile\testscripts\tests\tfstests.agile.cardstyling.dialog.ts" id="d854b04e-52a6-4261-b5c7-cd2a30de5a07">
      <Execution id="93d38626-21f7-45e6-bc2f-955281d9be93" />
      <TestMethod codeBase="d:\v2.0\a1\_work\dbded102\vso\tfs\service\webaccess\agile\testscripts\tests\tfstests.agile.cardstyling.dialog.ts" adapterTypeName="Microsoft.VisualStudio.TestTools.TestTypes.Unit.UnitTestAdapter" className="d:\v2.0\a1\_work\dbded102\vso\tfs\service\webaccess\agile\testscripts\tests\tfstests.agile.cardstyling.dialog.ts::tfstests.agile.cardstyling" name="TFSTests.Agile.CardStyling.Dialog TagRuleViewModel_VerifyTagRuleDeletion" />
    </UnitTest>
    <UnitTest name="TFSTests.Agile.CardStyling.Dialog TagRuleViewModel_VerifyStateChange" storage="d:\v2.0\a1\_work\dbded102\vso\tfs\service\webaccess\agile\testscripts\tests\tfstests.agile.cardstyling.dialog.ts" id="b5a2e008-b00e-4c19-b6ce-ca1fd4c216ea">
      <Execution id="b7b7136b-48d6-4fa6-b706-7ebeb2ce4dd7" />
      <TestMethod codeBase="d:\v2.0\a1\_work\dbded102\vso\tfs\service\webaccess\agile\testscripts\tests\tfstests.agile.cardstyling.dialog.ts" adapterTypeName="Microsoft.VisualStudio.TestTools.TestTypes.Unit.UnitTestAdapter" className="d:\v2.0\a1\_work\dbded102\vso\tfs\service\webaccess\agile\testscripts\tests\tfstests.agile.cardstyling.dialog.ts::tfstests.agile.cardstyling" name="TFSTests.Agile.CardStyling.Dialog TagRuleViewModel_VerifyStateChange" />
    </UnitTest>
    <UnitTest name="TFSTests.Agile.CardStyling.Dialog TagRuleViewModel_VerifyIsEditableBehavior" storage="d:\v2.0\a1\_work\dbded102\vso\tfs\service\webaccess\agile\testscripts\tests\tfstests.agile.cardstyling.dialog.ts" id="3f393769-7cf3-4666-9290-202f97470665">
      <Execution id="2cc9816b-4b5a-47af-97aa-bc33eeb4ec69" />
      <TestMethod codeBase="d:\v2.0\a1\_work\dbded102\vso\tfs\service\webaccess\agile\testscripts\tests\tfstests.agile.cardstyling.dialog.ts" adapterTypeName="Microsoft.VisualStudio.TestTools.TestTypes.Unit.UnitTestAdapter" className="d:\v2.0\a1\_work\dbded102\vso\tfs\service\webaccess\agile\testscripts\tests\tfstests.agile.cardstyling.dialog.ts::tfstests.agile.cardstyling" name="TFSTests.Agile.CardStyling.Dialog TagRuleViewModel_VerifyIsEditableBehavior" />
    </UnitTest>
    <UnitTest name="TFSTests.Agile.CardStyling.Dialog TagRuleViewModel_TagRuleNameValidation" storage="d:\v2.0\a1\_work\dbded102\vso\tfs\service\webaccess\agile\testscripts\tests\tfstests.agile.cardstyling.dialog.ts" id="0f6aef32-0988-4b67-b681-53f7ebd63d59">
      <Execution id="9e0dd607-b3c4-47d5-a405-b55b48f994fd" />
      <TestMethod codeBase="d:\v2.0\a1\_work\dbded102\vso\tfs\service\webaccess\agile\testscripts\tests\tfstests.agile.cardstyling.dialog.ts" adapterTypeName="Microsoft.VisualStudio.TestTools.TestTypes.Unit.UnitTestAdapter" className="d:\v2.0\a1\_work\dbded102\vso\tfs\service\webaccess\agile\testscripts\tests\tfstests.agile.cardstyling.dialog.ts::tfstests.agile.cardstyling" name="TFSTests.Agile.CardStyling.Dialog TagRuleViewModel_TagRuleNameValidation" />
    </UnitTest>
    <UnitTest name="TFSTests.Agile.CardStyling.Dialog TagRuleViewModel_VerifyTagRuleMaxCountBehavior" storage="d:\v2.0\a1\_work\dbded102\vso\tfs\service\webaccess\agile\testscripts\tests\tfstests.agile.cardstyling.dialog.ts" id="ed7bc0bb-5131-42f3-bdef-448879bba930">
      <Execution id="bb6b148f-2178-482d-9f65-e11bb8d2ed40" />
      <TestMethod codeBase="d:\v2.0\a1\_work\dbded102\vso\tfs\service\webaccess\agile\testscripts\tests\tfstests.agile.cardstyling.dialog.ts" adapterTypeName="Microsoft.VisualStudio.TestTools.TestTypes.Unit.UnitTestAdapter" className="d:\v2.0\a1\_work\dbded102\vso\tfs\service\webaccess\agile\testscripts\tests\tfstests.agile.cardstyling.dialog.ts::tfstests.agile.cardstyling" name="TFSTests.Agile.CardStyling.Dialog TagRuleViewModel_VerifyTagRuleMaxCountBehavior" />
    </UnitTest>
    <UnitTest name="TFSTests.Agile.CardStyling.Dialog StyleRuleViewModel_CloneRule" storage="d:\v2.0\a1\_work\dbded102\vso\tfs\service\webaccess\agile\testscripts\tests\tfstests.agile.cardstyling.dialog.ts" id="52d2340a-04ae-4b09-94a7-2fcb91deadc2">
      <Execution id="ebc0b8cf-9f3e-4718-9cec-05f8811dd05f" />
      <TestMethod codeBase="d:\v2.0\a1\_work\dbded102\vso\tfs\service\webaccess\agile\testscripts\tests\tfstests.agile.cardstyling.dialog.ts" adapterTypeName="Microsoft.VisualStudio.TestTools.TestTypes.Unit.UnitTestAdapter" className="d:\v2.0\a1\_work\dbded102\vso\tfs\service\webaccess\agile\testscripts\tests\tfstests.agile.cardstyling.dialog.ts::tfstests.agile.cardstyling" name="TFSTests.Agile.CardStyling.Dialog StyleRuleViewModel_CloneRule" />
    </UnitTest>
    <UnitTest name="TFSTests.Agile.CardStyling.Dialog StyleRuleViewModel_CloneRule_MaxCount" storage="d:\v2.0\a1\_work\dbded102\vso\tfs\service\webaccess\agile\testscripts\tests\tfstests.agile.cardstyling.dialog.ts" id="e18383bd-933b-4141-93bc-fbab3a8b530b">
      <Execution id="ed244200-5c66-4c35-99fe-e18b2d44f229" />
      <TestMethod codeBase="d:\v2.0\a1\_work\dbded102\vso\tfs\service\webaccess\agile\testscripts\tests\tfstests.agile.cardstyling.dialog.ts" adapterTypeName="Microsoft.VisualStudio.TestTools.TestTypes.Unit.UnitTestAdapter" className="d:\v2.0\a1\_work\dbded102\vso\tfs\service\webaccess\agile\testscripts\tests\tfstests.agile.cardstyling.dialog.ts::tfstests.agile.cardstyling" name="TFSTests.Agile.CardStyling.Dialog StyleRuleViewModel_CloneRule_MaxCount" />
    </UnitTest>
    <UnitTest name="TFSTests.Agile.CardStyling.Dialog StyleRuleViewModel_VerifyValidationOfWiql" storage="d:\v2.0\a1\_work\dbded102\vso\tfs\service\webaccess\agile\testscripts\tests\tfstests.agile.cardstyling.dialog.ts" id="2d1c5ec2-0bf3-4e19-bbf8-c2b6124991d9">
      <Execution id="bc4181ff-364c-4951-8696-199466878bfa" />
      <TestMethod codeBase="d:\v2.0\a1\_work\dbded102\vso\tfs\service\webaccess\agile\testscripts\tests\tfstests.agile.cardstyling.dialog.ts" adapterTypeName="Microsoft.VisualStudio.TestTools.TestTypes.Unit.UnitTestAdapter" className="d:\v2.0\a1\_work\dbded102\vso\tfs\service\webaccess\agile\testscripts\tests\tfstests.agile.cardstyling.dialog.ts::tfstests.agile.cardstyling" name="TFSTests.Agile.CardStyling.Dialog StyleRuleViewModel_VerifyValidationOfWiql" />
    </UnitTest>
    <UnitTest name="TFSTests.Agile.CardStyling.Dialog StyleRuleViewModel_DuplicateNameCheck" storage="d:\v2.0\a1\_work\dbded102\vso\tfs\service\webaccess\agile\testscripts\tests\tfstests.agile.cardstyling.dialog.ts" id="6c80e1cb-1f99-41cb-9b0c-320f12e4c9ec">
      <Execution id="e5743f42-c556-4f56-8213-e41b55232753" />
      <TestMethod codeBase="d:\v2.0\a1\_work\dbded102\vso\tfs\service\webaccess\agile\testscripts\tests\tfstests.agile.cardstyling.dialog.ts" adapterTypeName="Microsoft.VisualStudio.TestTools.TestTypes.Unit.UnitTestAdapter" className="d:\v2.0\a1\_work\dbded102\vso\tfs\service\webaccess\agile\testscripts\tests\tfstests.agile.cardstyling.dialog.ts::tfstests.agile.cardstyling" name="TFSTests.Agile.CardStyling.Dialog StyleRuleViewModel_DuplicateNameCheck" />
    </UnitTest>
    <UnitTest name="TFSTests.Agile.CardStyling.Dialog StyleRuleViewModel_VerifyValidationOfEmptyWiql" storage="d:\v2.0\a1\_work\dbded102\vso\tfs\service\webaccess\agile\testscripts\tests\tfstests.agile.cardstyling.dialog.ts" id="11b8fc2a-5f00-46d6-83ee-f34a25538f73">
      <Execution id="f045363a-7c79-4375-a2a8-771185c01656" />
      <TestMethod codeBase="d:\v2.0\a1\_work\dbded102\vso\tfs\service\webaccess\agile\testscripts\tests\tfstests.agile.cardstyling.dialog.ts" adapterTypeName="Microsoft.VisualStudio.TestTools.TestTypes.Unit.UnitTestAdapter" className="d:\v2.0\a1\_work\dbded102\vso\tfs\service\webaccess\agile\testscripts\tests\tfstests.agile.cardstyling.dialog.ts::tfstests.agile.cardstyling" name="TFSTests.Agile.CardStyling.Dialog StyleRuleViewModel_VerifyValidationOfEmptyWiql" />
    </UnitTest>
    <UnitTest name="TFSTests.Agile.CardStyling.Dialog StyleRuleViewModel_EmptyWiqlErrorOnNewRuleCollapse" storage="d:\v2.0\a1\_work\dbded102\vso\tfs\service\webaccess\agile\testscripts\tests\tfstests.agile.cardstyling.dialog.ts" id="a6ed2ecc-0204-46bd-8497-85d02250e0fa">
      <Execution id="7babca5c-bdcd-442f-9585-8473ce0d7d15" />
      <TestMethod codeBase="d:\v2.0\a1\_work\dbded102\vso\tfs\service\webaccess\agile\testscripts\tests\tfstests.agile.cardstyling.dialog.ts" adapterTypeName="Microsoft.VisualStudio.TestTools.TestTypes.Unit.UnitTestAdapter" className="d:\v2.0\a1\_work\dbded102\vso\tfs\service\webaccess\agile\testscripts\tests\tfstests.agile.cardstyling.dialog.ts::tfstests.agile.cardstyling" name="TFSTests.Agile.CardStyling.Dialog StyleRuleViewModel_EmptyWiqlErrorOnNewRuleCollapse" />
    </UnitTest>
    <UnitTest name="TFSTests.Agile.CardStyling.Dialog StyleRuleViewModel_EmptyWiqlErrorOnAnotherRuleExpansion" storage="d:\v2.0\a1\_work\dbded102\vso\tfs\service\webaccess\agile\testscripts\tests\tfstests.agile.cardstyling.dialog.ts" id="82828342-28a6-4d80-8672-788cf9c9fc54">
      <Execution id="ff2b5a2d-2595-4bd0-87d5-5d794377ae68" />
      <TestMethod codeBase="d:\v2.0\a1\_work\dbded102\vso\tfs\service\webaccess\agile\testscripts\tests\tfstests.agile.cardstyling.dialog.ts" adapterTypeName="Microsoft.VisualStudio.TestTools.TestTypes.Unit.UnitTestAdapter" className="d:\v2.0\a1\_work\dbded102\vso\tfs\service\webaccess\agile\testscripts\tests\tfstests.agile.cardstyling.dialog.ts::tfstests.agile.cardstyling" name="TFSTests.Agile.CardStyling.Dialog StyleRuleViewModel_EmptyWiqlErrorOnAnotherRuleExpansion" />
    </UnitTest>
    <UnitTest name="TFSTests.Agile.CardStyling.Dialog StyleRuleCriteriaControl_SetCriteriaAsNull" storage="d:\v2.0\a1\_work\dbded102\vso\tfs\service\webaccess\agile\testscripts\tests\tfstests.agile.cardstyling.dialog.ts" id="c1096253-b3e4-43a8-bf23-a79ddb4f9e26">
      <Execution id="80db420d-3e93-46f3-9783-2341f527ec07" />
      <TestMethod codeBase="d:\v2.0\a1\_work\dbded102\vso\tfs\service\webaccess\agile\testscripts\tests\tfstests.agile.cardstyling.dialog.ts" adapterTypeName="Microsoft.VisualStudio.TestTools.TestTypes.Unit.UnitTestAdapter" className="d:\v2.0\a1\_work\dbded102\vso\tfs\service\webaccess\agile\testscripts\tests\tfstests.agile.cardstyling.dialog.ts::tfstests.agile.cardstyling" name="TFSTests.Agile.CardStyling.Dialog StyleRuleCriteriaControl_SetCriteriaAsNull" />
    </UnitTest>
    <UnitTest name="TFSTests.Agile.CardStyling.Dialog StyleRuleCriteriaControl_SetCriteria" storage="d:\v2.0\a1\_work\dbded102\vso\tfs\service\webaccess\agile\testscripts\tests\tfstests.agile.cardstyling.dialog.ts" id="2b05c7d3-bed8-436c-9163-9eb257019187">
      <Execution id="e8b5beb4-213f-4f42-9c66-1b18dd25377b" />
      <TestMethod codeBase="d:\v2.0\a1\_work\dbded102\vso\tfs\service\webaccess\agile\testscripts\tests\tfstests.agile.cardstyling.dialog.ts" adapterTypeName="Microsoft.VisualStudio.TestTools.TestTypes.Unit.UnitTestAdapter" className="d:\v2.0\a1\_work\dbded102\vso\tfs\service\webaccess\agile\testscripts\tests\tfstests.agile.cardstyling.dialog.ts::tfstests.agile.cardstyling" name="TFSTests.Agile.CardStyling.Dialog StyleRuleCriteriaControl_SetCriteria" />
    </UnitTest>
    <UnitTest name="TFSTests.Agile.CardStyling.Dialog StyleRuleCriteriaControl_GroupingColumnIsHidden" storage="d:\v2.0\a1\_work\dbded102\vso\tfs\service\webaccess\agile\testscripts\tests\tfstests.agile.cardstyling.dialog.ts" id="9f8c4cab-eab5-416d-ad92-b3b9ce3f131b">
      <Execution id="3d44fde0-e2c1-4536-be40-16717d3eaf34" />
      <TestMethod codeBase="d:\v2.0\a1\_work\dbded102\vso\tfs\service\webaccess\agile\testscripts\tests\tfstests.agile.cardstyling.dialog.ts" adapterTypeName="Microsoft.VisualStudio.TestTools.TestTypes.Unit.UnitTestAdapter" className="d:\v2.0\a1\_work\dbded102\vso\tfs\service\webaccess\agile\testscripts\tests\tfstests.agile.cardstyling.dialog.ts::tfstests.agile.cardstyling" name="TFSTests.Agile.CardStyling.Dialog StyleRuleCriteriaControl_GroupingColumnIsHidden" />
    </UnitTest>
    <UnitTest name="TFSTests.Agile.CardStyling.Dialog StyleRuleCriteriaControl_VerifyUpdateAndOrControl" storage="d:\v2.0\a1\_work\dbded102\vso\tfs\service\webaccess\agile\testscripts\tests\tfstests.agile.cardstyling.dialog.ts" id="b6cc199c-873e-4489-9395-92e478bcfb1d">
      <Execution id="8b7efa3a-059a-4753-8c66-19f6e009ec2a" />
      <TestMethod codeBase="d:\v2.0\a1\_work\dbded102\vso\tfs\service\webaccess\agile\testscripts\tests\tfstests.agile.cardstyling.dialog.ts" adapterTypeName="Microsoft.VisualStudio.TestTools.TestTypes.Unit.UnitTestAdapter" className="d:\v2.0\a1\_work\dbded102\vso\tfs\service\webaccess\agile\testscripts\tests\tfstests.agile.cardstyling.dialog.ts::tfstests.agile.cardstyling" name="TFSTests.Agile.CardStyling.Dialog StyleRuleCriteriaControl_VerifyUpdateAndOrControl" />
    </UnitTest>
    <UnitTest name="TFSTests.Agile.CardStyling.Dialog StyleRuleCriteriaControl_VerifyAddClauseIsEnabledForCLausesLessThanMaxCount" storage="d:\v2.0\a1\_work\dbded102\vso\tfs\service\webaccess\agile\testscripts\tests\tfstests.agile.cardstyling.dialog.ts" id="f016154a-5cd3-4c1d-910d-c8ff54e11f22">
      <Execution id="d45eebb4-56e3-4219-9e22-09ea82e5aa2f" />
      <TestMethod codeBase="d:\v2.0\a1\_work\dbded102\vso\tfs\service\webaccess\agile\testscripts\tests\tfstests.agile.cardstyling.dialog.ts" adapterTypeName="Microsoft.VisualStudio.TestTools.TestTypes.Unit.UnitTestAdapter" className="d:\v2.0\a1\_work\dbded102\vso\tfs\service\webaccess\agile\testscripts\tests\tfstests.agile.cardstyling.dialog.ts::tfstests.agile.cardstyling" name="TFSTests.Agile.CardStyling.Dialog StyleRuleCriteriaControl_VerifyAddClauseIsEnabledForCLausesLessThanMaxCount" />
    </UnitTest>
    <UnitTest name="TFSTests.Agile.CardStyling.Dialog StyleRuleCriteriaControl_VerifyAddClauseIsDisabledForMaxCount" storage="d:\v2.0\a1\_work\dbded102\vso\tfs\service\webaccess\agile\testscripts\tests\tfstests.agile.cardstyling.dialog.ts" id="02eed197-c81b-4df8-952b-80653ec7768d">
      <Execution id="b3bf6417-bea8-47a4-a40e-05d0facb33a8" />
      <TestMethod codeBase="d:\v2.0\a1\_work\dbded102\vso\tfs\service\webaccess\agile\testscripts\tests\tfstests.agile.cardstyling.dialog.ts" adapterTypeName="Microsoft.VisualStudio.TestTools.TestTypes.Unit.UnitTestAdapter" className="d:\v2.0\a1\_work\dbded102\vso\tfs\service\webaccess\agile\testscripts\tests\tfstests.agile.cardstyling.dialog.ts::tfstests.agile.cardstyling" name="TFSTests.Agile.CardStyling.Dialog StyleRuleCriteriaControl_VerifyAddClauseIsDisabledForMaxCount" />
    </UnitTest>
    <UnitTest name="TFSTests.Agile.CardStyling.Dialog StyleRuleViewModel_VerifyStyleColorChange" storage="d:\v2.0\a1\_work\dbded102\vso\tfs\service\webaccess\agile\testscripts\tests\tfstests.agile.cardstyling.dialog.ts" id="fa328ef5-91b1-4b2c-b20f-e693ec3cb249">
      <Execution id="2ba5903c-704c-44cc-bd58-2df8cab1bc12" />
      <TestMethod codeBase="d:\v2.0\a1\_work\dbded102\vso\tfs\service\webaccess\agile\testscripts\tests\tfstests.agile.cardstyling.dialog.ts" adapterTypeName="Microsoft.VisualStudio.TestTools.TestTypes.Unit.UnitTestAdapter" className="d:\v2.0\a1\_work\dbded102\vso\tfs\service\webaccess\agile\testscripts\tests\tfstests.agile.cardstyling.dialog.ts::tfstests.agile.cardstyling" name="TFSTests.Agile.CardStyling.Dialog StyleRuleViewModel_VerifyStyleColorChange" />
    </UnitTest>
    <UnitTest name="TFSTests.Agile.CardStyling.Dialog StyleRuleViewModel_VerifyTitleStyleColorChange" storage="d:\v2.0\a1\_work\dbded102\vso\tfs\service\webaccess\agile\testscripts\tests\tfstests.agile.cardstyling.dialog.ts" id="996975ed-8452-4abc-a64e-07723892f481">
      <Execution id="dbdd3ed6-fb30-477d-9fbf-c17c20c3b913" />
      <TestMethod codeBase="d:\v2.0\a1\_work\dbded102\vso\tfs\service\webaccess\agile\testscripts\tests\tfstests.agile.cardstyling.dialog.ts" adapterTypeName="Microsoft.VisualStudio.TestTools.TestTypes.Unit.UnitTestAdapter" className="d:\v2.0\a1\_work\dbded102\vso\tfs\service\webaccess\agile\testscripts\tests\tfstests.agile.cardstyling.dialog.ts::tfstests.agile.cardstyling" name="TFSTests.Agile.CardStyling.Dialog StyleRuleViewModel_VerifyTitleStyleColorChange" />
    </UnitTest>
    <UnitTest name="TFSTests.Agile.CardStyling.Dialog StyleRuleViewModel_VerifyBackgroundDecorator" storage="d:\v2.0\a1\_work\dbded102\vso\tfs\service\webaccess\agile\testscripts\tests\tfstests.agile.cardstyling.dialog.ts" id="21e55514-ca90-45da-a4be-920f7450c4d6">
      <Execution id="1f86bacc-3a7c-4fba-886b-328a4f9f0627" />
      <TestMethod codeBase="d:\v2.0\a1\_work\dbded102\vso\tfs\service\webaccess\agile\testscripts\tests\tfstests.agile.cardstyling.dialog.ts" adapterTypeName="Microsoft.VisualStudio.TestTools.TestTypes.Unit.UnitTestAdapter" className="d:\v2.0\a1\_work\dbded102\vso\tfs\service\webaccess\agile\testscripts\tests\tfstests.agile.cardstyling.dialog.ts::tfstests.agile.cardstyling" name="TFSTests.Agile.CardStyling.Dialog StyleRuleViewModel_VerifyBackgroundDecorator" />
    </UnitTest>
    <UnitTest name="TFSTests.UI.Controls.Common.TextFilterControl textFilterControl" storage="d:\v2.0\a1\_work\dbded102\vso\tfs\service\webaccess\agile\testscripts\tests\tfstests.ui.controls.common.textfiltercontrol.ts" id="5afc524b-f41a-4ece-a5aa-cd72fa40a80a">
      <Execution id="9af9af84-12a8-4c8f-929e-9ac5e29a0366" />
      <TestMethod codeBase="d:\v2.0\a1\_work\dbded102\vso\tfs\service\webaccess\agile\testscripts\tests\tfstests.ui.controls.common.textfiltercontrol.ts" adapterTypeName="Microsoft.VisualStudio.TestTools.TestTypes.Unit.UnitTestAdapter" className="d:\v2.0\a1\_work\dbded102\vso\tfs\service\webaccess\agile\testscripts\tests\tfstests.ui.controls.common.textfiltercontrol.ts::tfstests.ui.controls.common" name="TFSTests.UI.Controls.Common.TextFilterControl textFilterControl" />
    </UnitTest>
    <UnitTest name="TFSTests.Agile.Controls SaveDiscardControlLogic" storage="d:\v2.0\a1\_work\dbded102\vso\tfs\service\webaccess\agile\testscripts\tests\tfstests.agile.controls.ts" id="4331ab4e-420f-4989-ab7c-1223cac1b441">
      <Execution id="1e2f22cb-c964-49f0-b7c5-dbd735a8a5ae" />
      <TestMethod codeBase="d:\v2.0\a1\_work\dbded102\vso\tfs\service\webaccess\agile\testscripts\tests\tfstests.agile.controls.ts" adapterTypeName="Microsoft.VisualStudio.TestTools.TestTypes.Unit.UnitTestAdapter" className="d:\v2.0\a1\_work\dbded102\vso\tfs\service\webaccess\agile\testscripts\tests\tfstests.agile.controls.ts::tfstests.agile" name="TFSTests.Agile.Controls SaveDiscardControlLogic" />
    </UnitTest>
    <UnitTest name="TFSTests.Agile.Controls SprintViewControlConstruction" storage="d:\v2.0\a1\_work\dbded102\vso\tfs\service\webaccess\agile\testscripts\tests\tfstests.agile.controls.ts" id="08cadc86-b5ba-493c-bcca-547f4a647b7b">
      <Execution id="f07cd933-ed63-45f0-81e5-08dd64abd573" />
      <TestMethod codeBase="d:\v2.0\a1\_work\dbded102\vso\tfs\service\webaccess\agile\testscripts\tests\tfstests.agile.controls.ts" adapterTypeName="Microsoft.VisualStudio.TestTools.TestTypes.Unit.UnitTestAdapter" className="d:\v2.0\a1\_work\dbded102\vso\tfs\service\webaccess\agile\testscripts\tests\tfstests.agile.controls.ts::tfstests.agile" name="TFSTests.Agile.Controls SprintViewControlConstruction" />
    </UnitTest>
    <UnitTest name="TFSTests.Agile.Controls SprintViewControlConstruction_WhenNoPastOrFuture" storage="d:\v2.0\a1\_work\dbded102\vso\tfs\service\webaccess\agile\testscripts\tests\tfstests.agile.controls.ts" id="d6b9ee29-ec38-4e98-bbd6-f381c59e4ca3">
      <Execution id="1cd3614f-b297-40bb-a8eb-222dc7555cb7" />
      <TestMethod codeBase="d:\v2.0\a1\_work\dbded102\vso\tfs\service\webaccess\agile\testscripts\tests\tfstests.agile.controls.ts" adapterTypeName="Microsoft.VisualStudio.TestTools.TestTypes.Unit.UnitTestAdapter" className="d:\v2.0\a1\_work\dbded102\vso\tfs\service\webaccess\agile\testscripts\tests\tfstests.agile.controls.ts::tfstests.agile" name="TFSTests.Agile.Controls SprintViewControlConstruction_WhenNoPastOrFuture" />
    </UnitTest>
    <UnitTest name="TFSTests.Agile.Controls AddNewWItemControlUnitTest" storage="d:\v2.0\a1\_work\dbded102\vso\tfs\service\webaccess\agile\testscripts\tests\tfstests.agile.controls.ts" id="8e44af09-592a-4cf9-bc22-e6d99ec44f75">
      <Execution id="0eda8894-c119-42c9-a429-c7eaae8cabf6" />
      <TestMethod codeBase="d:\v2.0\a1\_work\dbded102\vso\tfs\service\webaccess\agile\testscripts\tests\tfstests.agile.controls.ts" adapterTypeName="Microsoft.VisualStudio.TestTools.TestTypes.Unit.UnitTestAdapter" className="d:\v2.0\a1\_work\dbded102\vso\tfs\service\webaccess\agile\testscripts\tests\tfstests.agile.controls.ts::tfstests.agile" name="TFSTests.Agile.Controls AddNewWItemControlUnitTest" />
    </UnitTest>
    <UnitTest name="TFSTests.Agile.Admin.TeamWorkItem TeamFieldLogic" storage="d:\v2.0\a1\_work\dbded102\vso\tfs\service\webaccess\agile\testscripts\tests\tfstests.agile.admin.teamworkitem.ts" id="c6c60479-818f-41fc-a412-66100e0960b4">
      <Execution id="f408923d-78ad-4788-92a3-881db20f2246" />
      <TestMethod codeBase="d:\v2.0\a1\_work\dbded102\vso\tfs\service\webaccess\agile\testscripts\tests\tfstests.agile.admin.teamworkitem.ts" adapterTypeName="Microsoft.VisualStudio.TestTools.TestTypes.Unit.UnitTestAdapter" className="d:\v2.0\a1\_work\dbded102\vso\tfs\service\webaccess\agile\testscripts\tests\tfstests.agile.admin.teamworkitem.ts::tfstests.agile.admin" name="TFSTests.Agile.Admin.TeamWorkItem TeamFieldLogic" />
    </UnitTest>
    <UnitTest name="TFSTests.Agile.Admin.TeamWorkItem TeamFieldNoListValidLogic" storage="d:\v2.0\a1\_work\dbded102\vso\tfs\service\webaccess\agile\testscripts\tests\tfstests.agile.admin.teamworkitem.ts" id="56210f6f-d15b-4bb3-bbe2-a367615abf28">
      <Execution id="1b7e1db3-92cb-4898-9876-a48cc99d80c0" />
      <TestMethod codeBase="d:\v2.0\a1\_work\dbded102\vso\tfs\service\webaccess\agile\testscripts\tests\tfstests.agile.admin.teamworkitem.ts" adapterTypeName="Microsoft.VisualStudio.TestTools.TestTypes.Unit.UnitTestAdapter" className="d:\v2.0\a1\_work\dbded102\vso\tfs\service\webaccess\agile\testscripts\tests\tfstests.agile.admin.teamworkitem.ts::tfstests.agile.admin" name="TFSTests.Agile.Admin.TeamWorkItem TeamFieldNoListValidLogic" />
    </UnitTest>
    <UnitTest name="TFSTests.Agile.Admin.TeamWorkItem TeamFieldSaveLogic" storage="d:\v2.0\a1\_work\dbded102\vso\tfs\service\webaccess\agile\testscripts\tests\tfstests.agile.admin.teamworkitem.ts" id="21c1079f-21f7-4698-ad12-db363f7b36e4">
      <Execution id="dc6a5af0-13da-45ba-8ece-84c87131336b" />
      <TestMethod codeBase="d:\v2.0\a1\_work\dbded102\vso\tfs\service\webaccess\agile\testscripts\tests\tfstests.agile.admin.teamworkitem.ts" adapterTypeName="Microsoft.VisualStudio.TestTools.TestTypes.Unit.UnitTestAdapter" className="d:\v2.0\a1\_work\dbded102\vso\tfs\service\webaccess\agile\testscripts\tests\tfstests.agile.admin.teamworkitem.ts::tfstests.agile.admin" name="TFSTests.Agile.Admin.TeamWorkItem TeamFieldSaveLogic" />
    </UnitTest>
    <UnitTest name="TFSTests.Agile.Board.Controls.WIT Annotation_VerifyIconRendered" storage="d:\v2.0\a1\_work\dbded102\vso\tfs\service\webaccess\agile\testscripts\tests\tfstests.agile.boards.controls.ts" id="f0e9fedf-3c8f-4455-b6ec-0a9c288cdaac">
      <Execution id="35ec3e69-4c45-443e-8721-2e470f61a786" />
      <TestMethod codeBase="d:\v2.0\a1\_work\dbded102\vso\tfs\service\webaccess\agile\testscripts\tests\tfstests.agile.boards.controls.ts" adapterTypeName="Microsoft.VisualStudio.TestTools.TestTypes.Unit.UnitTestAdapter" className="d:\v2.0\a1\_work\dbded102\vso\tfs\service\webaccess\agile\testscripts\tests\tfstests.agile.boards.controls.ts::tfstests.agile.board.controls" name="TFSTests.Agile.Board.Controls.WIT Annotation_VerifyIconRendered" />
    </UnitTest>
    <UnitTest name="TFSTests.Agile.Board.Controls.WIT Annotation_VerifyClickHandlerTriggered" storage="d:\v2.0\a1\_work\dbded102\vso\tfs\service\webaccess\agile\testscripts\tests\tfstests.agile.boards.controls.ts" id="4298a6e5-a20f-45da-9159-ae63496be47e">
      <Execution id="020b806f-0bd7-43ab-b974-d45d7dc5a658" />
      <TestMethod codeBase="d:\v2.0\a1\_work\dbded102\vso\tfs\service\webaccess\agile\testscripts\tests\tfstests.agile.boards.controls.ts" adapterTypeName="Microsoft.VisualStudio.TestTools.TestTypes.Unit.UnitTestAdapter" className="d:\v2.0\a1\_work\dbded102\vso\tfs\service\webaccess\agile\testscripts\tests\tfstests.agile.boards.controls.ts::tfstests.agile.board.controls" name="TFSTests.Agile.Board.Controls.WIT Annotation_VerifyClickHandlerTriggered" />
    </UnitTest>
    <UnitTest name="TFSTests.Agile.Board.Controls.WIT WorkItemAnnotation_VerifySummaryRendered" storage="d:\v2.0\a1\_work\dbded102\vso\tfs\service\webaccess\agile\testscripts\tests\tfstests.agile.boards.controls.ts" id="4e2bd236-50fb-43fc-857e-6144c9f3af40">
      <Execution id="09001ceb-2409-495c-9326-e2964b9b52f6" />
      <TestMethod codeBase="d:\v2.0\a1\_work\dbded102\vso\tfs\service\webaccess\agile\testscripts\tests\tfstests.agile.boards.controls.ts" adapterTypeName="Microsoft.VisualStudio.TestTools.TestTypes.Unit.UnitTestAdapter" className="d:\v2.0\a1\_work\dbded102\vso\tfs\service\webaccess\agile\testscripts\tests\tfstests.agile.boards.controls.ts::tfstests.agile.board.controls" name="TFSTests.Agile.Board.Controls.WIT WorkItemAnnotation_VerifySummaryRendered" />
    </UnitTest>
    <UnitTest name="TFSTests.Agile.Board.Controls.WIT Tile_VerifyTileCreatedAndDisposedCorrectly" storage="d:\v2.0\a1\_work\dbded102\vso\tfs\service\webaccess\agile\testscripts\tests\tfstests.agile.boards.controls.ts" id="55374781-b97a-4cbd-9d1b-90330e31d38e">
      <Execution id="44762e5c-e394-4cc3-8036-470971927743" />
      <TestMethod codeBase="d:\v2.0\a1\_work\dbded102\vso\tfs\service\webaccess\agile\testscripts\tests\tfstests.agile.boards.controls.ts" adapterTypeName="Microsoft.VisualStudio.TestTools.TestTypes.Unit.UnitTestAdapter" className="d:\v2.0\a1\_work\dbded102\vso\tfs\service\webaccess\agile\testscripts\tests\tfstests.agile.boards.controls.ts::tfstests.agile.board.controls" name="TFSTests.Agile.Board.Controls.WIT Tile_VerifyTileCreatedAndDisposedCorrectly" />
    </UnitTest>
    <UnitTest name="TFSTests.Agile.Board.Controls.WIT Tile_VerifyTileCreatedAndInitializedCorrectly" storage="d:\v2.0\a1\_work\dbded102\vso\tfs\service\webaccess\agile\testscripts\tests\tfstests.agile.boards.controls.ts" id="e7d0f648-055f-42e7-8b28-08ce59f38b1e">
      <Execution id="7f1a2575-b006-4fff-85b3-c452b5b6d54e" />
      <TestMethod codeBase="d:\v2.0\a1\_work\dbded102\vso\tfs\service\webaccess\agile\testscripts\tests\tfstests.agile.boards.controls.ts" adapterTypeName="Microsoft.VisualStudio.TestTools.TestTypes.Unit.UnitTestAdapter" className="d:\v2.0\a1\_work\dbded102\vso\tfs\service\webaccess\agile\testscripts\tests\tfstests.agile.boards.controls.ts::tfstests.agile.board.controls" name="TFSTests.Agile.Board.Controls.WIT Tile_VerifyTileCreatedAndInitializedCorrectly" />
    </UnitTest>
    <UnitTest name="TFSTests.Agile.Board.Controls.WIT Tile_VerifyTileHelperCreatedCorrectly" storage="d:\v2.0\a1\_work\dbded102\vso\tfs\service\webaccess\agile\testscripts\tests\tfstests.agile.boards.controls.ts" id="cda5c2d0-3be3-43b8-884e-d118b3163029">
      <Execution id="cfa3843c-5db6-461d-a8b0-5934c83e1c91" />
      <TestMethod codeBase="d:\v2.0\a1\_work\dbded102\vso\tfs\service\webaccess\agile\testscripts\tests\tfstests.agile.boards.controls.ts" adapterTypeName="Microsoft.VisualStudio.TestTools.TestTypes.Unit.UnitTestAdapter" className="d:\v2.0\a1\_work\dbded102\vso\tfs\service\webaccess\agile\testscripts\tests\tfstests.agile.boards.controls.ts::tfstests.agile.board.controls" name="TFSTests.Agile.Board.Controls.WIT Tile_VerifyTileHelperCreatedCorrectly" />
    </UnitTest>
    <UnitTest name="TFSTests.Agile.Boards BoardMembershipEvaluator_itemValid" storage="d:\v2.0\a1\_work\dbded102\vso\tfs\service\webaccess\agile\testscripts\tests\tfstests.agile.boards.ts" id="9b522a4b-3d51-4e57-b597-bce06ea7fe6e">
      <Execution id="280c83ac-f66b-48ca-a361-becae8d6bf9e" />
      <TestMethod codeBase="d:\v2.0\a1\_work\dbded102\vso\tfs\service\webaccess\agile\testscripts\tests\tfstests.agile.boards.ts" adapterTypeName="Microsoft.VisualStudio.TestTools.TestTypes.Unit.UnitTestAdapter" className="d:\v2.0\a1\_work\dbded102\vso\tfs\service\webaccess\agile\testscripts\tests\tfstests.agile.boards.ts::tfstests.agile" name="TFSTests.Agile.Boards BoardMembershipEvaluator_itemValid" />
    </UnitTest>
    <UnitTest name="TFSTests.Agile.Boards BoardMembershipEvaluator_newItemValid" storage="d:\v2.0\a1\_work\dbded102\vso\tfs\service\webaccess\agile\testscripts\tests\tfstests.agile.boards.ts" id="d0fb86bd-77df-44a8-8a3e-f653326a4d1c">
      <Execution id="d9cd8040-c21f-44c1-85b2-8a89154eba16" />
      <TestMethod codeBase="d:\v2.0\a1\_work\dbded102\vso\tfs\service\webaccess\agile\testscripts\tests\tfstests.agile.boards.ts" adapterTypeName="Microsoft.VisualStudio.TestTools.TestTypes.Unit.UnitTestAdapter" className="d:\v2.0\a1\_work\dbded102\vso\tfs\service\webaccess\agile\testscripts\tests\tfstests.agile.boards.ts::tfstests.agile" name="TFSTests.Agile.Boards BoardMembershipEvaluator_newItemValid" />
    </UnitTest>
    <UnitTest name="TFSTests.Agile.Boards BoardMembershipEvaluator_itemWithInvalidIterationPath" storage="d:\v2.0\a1\_work\dbded102\vso\tfs\service\webaccess\agile\testscripts\tests\tfstests.agile.boards.ts" id="73b2869a-84c5-4b51-9909-67da286058e4">
      <Execution id="23a97130-860b-4a42-8780-1043acc20d69" />
      <TestMethod codeBase="d:\v2.0\a1\_work\dbded102\vso\tfs\service\webaccess\agile\testscripts\tests\tfstests.agile.boards.ts" adapterTypeName="Microsoft.VisualStudio.TestTools.TestTypes.Unit.UnitTestAdapter" className="d:\v2.0\a1\_work\dbded102\vso\tfs\service\webaccess\agile\testscripts\tests\tfstests.agile.boards.ts::tfstests.agile" name="TFSTests.Agile.Boards BoardMembershipEvaluator_itemWithInvalidIterationPath" />
    </UnitTest>
    <UnitTest name="TFSTests.Agile.Boards BoardMembershipEvaluator_itemWithInvalidWorkItemType" storage="d:\v2.0\a1\_work\dbded102\vso\tfs\service\webaccess\agile\testscripts\tests\tfstests.agile.boards.ts" id="dd8b9416-261c-4e1e-a33e-dcc1f6bb00ce">
      <Execution id="2438573d-cf4d-484e-a404-e7990540b016" />
      <TestMethod codeBase="d:\v2.0\a1\_work\dbded102\vso\tfs\service\webaccess\agile\testscripts\tests\tfstests.agile.boards.ts" adapterTypeName="Microsoft.VisualStudio.TestTools.TestTypes.Unit.UnitTestAdapter" className="d:\v2.0\a1\_work\dbded102\vso\tfs\service\webaccess\agile\testscripts\tests\tfstests.agile.boards.ts::tfstests.agile" name="TFSTests.Agile.Boards BoardMembershipEvaluator_itemWithInvalidWorkItemType" />
    </UnitTest>
    <UnitTest name="TFSTests.Agile.Boards BoardMembershipEvaluator_itemWithInvalidTeamFieldValue" storage="d:\v2.0\a1\_work\dbded102\vso\tfs\service\webaccess\agile\testscripts\tests\tfstests.agile.boards.ts" id="02823b69-e9d3-47e9-a5c3-b2af9b091397">
      <Execution id="dbfa83b9-57b7-4e4f-802a-7b5eb3cfce8c" />
      <TestMethod codeBase="d:\v2.0\a1\_work\dbded102\vso\tfs\service\webaccess\agile\testscripts\tests\tfstests.agile.boards.ts" adapterTypeName="Microsoft.VisualStudio.TestTools.TestTypes.Unit.UnitTestAdapter" className="d:\v2.0\a1\_work\dbded102\vso\tfs\service\webaccess\agile\testscripts\tests\tfstests.agile.boards.ts::tfstests.agile" name="TFSTests.Agile.Boards BoardMembershipEvaluator_itemWithInvalidTeamFieldValue" />
    </UnitTest>
    <UnitTest name="TFSTests.Agile.Boards FunctionCollection_compareValues_string" storage="d:\v2.0\a1\_work\dbded102\vso\tfs\service\webaccess\agile\testscripts\tests\tfstests.agile.boards.ts" id="eb38cd5c-48f4-4121-96e7-cab8305e4ddb">
      <Execution id="82704a66-1eb5-4b88-919e-74abda10d4d7" />
      <TestMethod codeBase="d:\v2.0\a1\_work\dbded102\vso\tfs\service\webaccess\agile\testscripts\tests\tfstests.agile.boards.ts" adapterTypeName="Microsoft.VisualStudio.TestTools.TestTypes.Unit.UnitTestAdapter" className="d:\v2.0\a1\_work\dbded102\vso\tfs\service\webaccess\agile\testscripts\tests\tfstests.agile.boards.ts::tfstests.agile" name="TFSTests.Agile.Boards FunctionCollection_compareValues_string" />
    </UnitTest>
    <UnitTest name="TFSTests.Agile.Boards FunctionCollection_compareValues_boolean" storage="d:\v2.0\a1\_work\dbded102\vso\tfs\service\webaccess\agile\testscripts\tests\tfstests.agile.boards.ts" id="d71af59a-a4fa-499b-8aae-c06ffa482e1b">
      <Execution id="32c10658-f53b-442f-a682-8d3f4d5f2881" />
      <TestMethod codeBase="d:\v2.0\a1\_work\dbded102\vso\tfs\service\webaccess\agile\testscripts\tests\tfstests.agile.boards.ts" adapterTypeName="Microsoft.VisualStudio.TestTools.TestTypes.Unit.UnitTestAdapter" className="d:\v2.0\a1\_work\dbded102\vso\tfs\service\webaccess\agile\testscripts\tests\tfstests.agile.boards.ts::tfstests.agile" name="TFSTests.Agile.Boards FunctionCollection_compareValues_boolean" />
    </UnitTest>
    <UnitTest name="TFSTests.Agile.Boards FunctionCollection_compareValues_object" storage="d:\v2.0\a1\_work\dbded102\vso\tfs\service\webaccess\agile\testscripts\tests\tfstests.agile.boards.ts" id="1121ae8a-5d40-4d82-bcff-b29a5dd746db">
      <Execution id="62df68f6-7433-4696-bbaf-442152210166" />
      <TestMethod codeBase="d:\v2.0\a1\_work\dbded102\vso\tfs\service\webaccess\agile\testscripts\tests\tfstests.agile.boards.ts" adapterTypeName="Microsoft.VisualStudio.TestTools.TestTypes.Unit.UnitTestAdapter" className="d:\v2.0\a1\_work\dbded102\vso\tfs\service\webaccess\agile\testscripts\tests\tfstests.agile.boards.ts::tfstests.agile" name="TFSTests.Agile.Boards FunctionCollection_compareValues_object" />
    </UnitTest>
    <UnitTest name="TFSTests.Agile.Boards WorkItemSource_construction" storage="d:\v2.0\a1\_work\dbded102\vso\tfs\service\webaccess\agile\testscripts\tests\tfstests.agile.boards.ts" id="aae2e9d4-c74c-4abb-91a0-c8b3e07db6e8">
      <Execution id="413d4dcd-d2a5-49fd-94eb-a1c7f0f75eb2" />
      <TestMethod codeBase="d:\v2.0\a1\_work\dbded102\vso\tfs\service\webaccess\agile\testscripts\tests\tfstests.agile.boards.ts" adapterTypeName="Microsoft.VisualStudio.TestTools.TestTypes.Unit.UnitTestAdapter" className="d:\v2.0\a1\_work\dbded102\vso\tfs\service\webaccess\agile\testscripts\tests\tfstests.agile.boards.ts::tfstests.agile" name="TFSTests.Agile.Boards WorkItemSource_construction" />
    </UnitTest>
    <UnitTest name="TFSTests.Agile.Boards WorkItemSource_attachDetachEvents" storage="d:\v2.0\a1\_work\dbded102\vso\tfs\service\webaccess\agile\testscripts\tests\tfstests.agile.boards.ts" id="2c060387-60c6-48b4-834d-e4407267550d">
      <Execution id="06ea0418-805d-4cdb-bdce-cdb4ed594537" />
      <TestMethod codeBase="d:\v2.0\a1\_work\dbded102\vso\tfs\service\webaccess\agile\testscripts\tests\tfstests.agile.boards.ts" adapterTypeName="Microsoft.VisualStudio.TestTools.TestTypes.Unit.UnitTestAdapter" className="d:\v2.0\a1\_work\dbded102\vso\tfs\service\webaccess\agile\testscripts\tests\tfstests.agile.boards.ts::tfstests.agile" name="TFSTests.Agile.Boards WorkItemSource_attachDetachEvents" />
    </UnitTest>
    <UnitTest name="TFSTests.Agile.Boards WorkItemSource_beginGetItem_ReturnsItem" storage="d:\v2.0\a1\_work\dbded102\vso\tfs\service\webaccess\agile\testscripts\tests\tfstests.agile.boards.ts" id="706e1823-7df0-402f-8dda-fdbc7cbfc88a">
      <Execution id="d0fe3905-6640-4996-aed2-2fd5576748eb" />
      <TestMethod codeBase="d:\v2.0\a1\_work\dbded102\vso\tfs\service\webaccess\agile\testscripts\tests\tfstests.agile.boards.ts" adapterTypeName="Microsoft.VisualStudio.TestTools.TestTypes.Unit.UnitTestAdapter" className="d:\v2.0\a1\_work\dbded102\vso\tfs\service\webaccess\agile\testscripts\tests\tfstests.agile.boards.ts::tfstests.agile" name="TFSTests.Agile.Boards WorkItemSource_beginGetItem_ReturnsItem" />
    </UnitTest>
    <UnitTest name="TFSTests.Agile.Boards WorkItemSource_getFieldDefinition" storage="d:\v2.0\a1\_work\dbded102\vso\tfs\service\webaccess\agile\testscripts\tests\tfstests.agile.boards.ts" id="4b37fff2-cf8a-419d-bad8-13a6b8672b6f">
      <Execution id="163424d9-4e19-4ccb-bdf9-b14dffb3f210" />
      <TestMethod codeBase="d:\v2.0\a1\_work\dbded102\vso\tfs\service\webaccess\agile\testscripts\tests\tfstests.agile.boards.ts" adapterTypeName="Microsoft.VisualStudio.TestTools.TestTypes.Unit.UnitTestAdapter" className="d:\v2.0\a1\_work\dbded102\vso\tfs\service\webaccess\agile\testscripts\tests\tfstests.agile.boards.ts::tfstests.agile" name="TFSTests.Agile.Boards WorkItemSource_getFieldDefinition" />
    </UnitTest>
    <UnitTest name="TFSTests.Agile.Boards WorkItemSource getNextPageIds returns correct list when not all data is paged" storage="d:\v2.0\a1\_work\dbded102\vso\tfs\service\webaccess\agile\testscripts\tests\tfstests.agile.boards.ts" id="6546b400-8f97-4347-bc5c-0605cd3d9233">
      <Execution id="69d4c246-17e3-4a69-8bc2-9d563aaa7a02" />
      <TestMethod codeBase="d:\v2.0\a1\_work\dbded102\vso\tfs\service\webaccess\agile\testscripts\tests\tfstests.agile.boards.ts" adapterTypeName="Microsoft.VisualStudio.TestTools.TestTypes.Unit.UnitTestAdapter" className="d:\v2.0\a1\_work\dbded102\vso\tfs\service\webaccess\agile\testscripts\tests\tfstests.agile.boards.ts::tfstests.agile" name="TFSTests.Agile.Boards WorkItemSource getNextPageIds returns correct list when not all data is paged" />
    </UnitTest>
    <UnitTest name="TFSTests.Agile.Boards WorkItemSource canPageitems returns true when not all data is paged" storage="d:\v2.0\a1\_work\dbded102\vso\tfs\service\webaccess\agile\testscripts\tests\tfstests.agile.boards.ts" id="6010c1ac-7188-4ca4-8c02-c3d2bd891f3f">
      <Execution id="a6a51b88-65d6-4d21-a8df-8e66d2204126" />
      <TestMethod codeBase="d:\v2.0\a1\_work\dbded102\vso\tfs\service\webaccess\agile\testscripts\tests\tfstests.agile.boards.ts" adapterTypeName="Microsoft.VisualStudio.TestTools.TestTypes.Unit.UnitTestAdapter" className="d:\v2.0\a1\_work\dbded102\vso\tfs\service\webaccess\agile\testscripts\tests\tfstests.agile.boards.ts::tfstests.agile" name="TFSTests.Agile.Boards WorkItemSource canPageitems returns true when not all data is paged" />
    </UnitTest>
    <UnitTest name="TFSTests.Agile.Boards WorkItemSource canPageitems returns false when all data is paged" storage="d:\v2.0\a1\_work\dbded102\vso\tfs\service\webaccess\agile\testscripts\tests\tfstests.agile.boards.ts" id="d83a7cf8-99e9-40de-a6e7-2697cdaeb3bf">
      <Execution id="8a5b8d4c-6fbf-48d1-afa2-40e250f07193" />
      <TestMethod codeBase="d:\v2.0\a1\_work\dbded102\vso\tfs\service\webaccess\agile\testscripts\tests\tfstests.agile.boards.ts" adapterTypeName="Microsoft.VisualStudio.TestTools.TestTypes.Unit.UnitTestAdapter" className="d:\v2.0\a1\_work\dbded102\vso\tfs\service\webaccess\agile\testscripts\tests\tfstests.agile.boards.ts::tfstests.agile" name="TFSTests.Agile.Boards WorkItemSource canPageitems returns false when all data is paged" />
    </UnitTest>
    <UnitTest name="TFSTests.Agile.Boards WorkItemSource updateTransitions updates the transitions with the new column name" storage="d:\v2.0\a1\_work\dbded102\vso\tfs\service\webaccess\agile\testscripts\tests\tfstests.agile.boards.ts" id="1d5c84ed-fd4e-4c79-b9fe-9afcc194a38b">
      <Execution id="a9f17c26-e193-4448-9d48-ce9ec742fc1a" />
      <TestMethod codeBase="d:\v2.0\a1\_work\dbded102\vso\tfs\service\webaccess\agile\testscripts\tests\tfstests.agile.boards.ts" adapterTypeName="Microsoft.VisualStudio.TestTools.TestTypes.Unit.UnitTestAdapter" className="d:\v2.0\a1\_work\dbded102\vso\tfs\service\webaccess\agile\testscripts\tests\tfstests.agile.boards.ts::tfstests.agile" name="TFSTests.Agile.Boards WorkItemSource updateTransitions updates the transitions with the new column name" />
    </UnitTest>
    <UnitTest name="TFSTests.Agile.Boards WorkItemSource isWorkItemPaged returns true when the workitem found in the paged data" storage="d:\v2.0\a1\_work\dbded102\vso\tfs\service\webaccess\agile\testscripts\tests\tfstests.agile.boards.ts" id="a7fe2653-23c1-464e-97a4-eaca34fa8c2c">
      <Execution id="94ffb29a-ecbd-455b-a176-a61f359ebadc" />
      <TestMethod codeBase="d:\v2.0\a1\_work\dbded102\vso\tfs\service\webaccess\agile\testscripts\tests\tfstests.agile.boards.ts" adapterTypeName="Microsoft.VisualStudio.TestTools.TestTypes.Unit.UnitTestAdapter" className="d:\v2.0\a1\_work\dbded102\vso\tfs\service\webaccess\agile\testscripts\tests\tfstests.agile.boards.ts::tfstests.agile" name="TFSTests.Agile.Boards WorkItemSource isWorkItemPaged returns true when the workitem found in the paged data" />
    </UnitTest>
    <UnitTest name="TFSTests.Agile.Boards WorkItemSource isWorkItemPaged returns false if the workitem field is not found" storage="d:\v2.0\a1\_work\dbded102\vso\tfs\service\webaccess\agile\testscripts\tests\tfstests.agile.boards.ts" id="1666db9b-57ae-46a5-bd5d-5a6f24bc1500">
      <Execution id="d327cc8f-d656-4f31-8a96-4b20026a9b5d" />
      <TestMethod codeBase="d:\v2.0\a1\_work\dbded102\vso\tfs\service\webaccess\agile\testscripts\tests\tfstests.agile.boards.ts" adapterTypeName="Microsoft.VisualStudio.TestTools.TestTypes.Unit.UnitTestAdapter" className="d:\v2.0\a1\_work\dbded102\vso\tfs\service\webaccess\agile\testscripts\tests\tfstests.agile.boards.ts::tfstests.agile" name="TFSTests.Agile.Boards WorkItemSource isWorkItemPaged returns false if the workitem field is not found" />
    </UnitTest>
    <UnitTest name="TFSTests.Agile.Boards WorkItemSource buildCache returns correct page data and paging indices for incoming and outgoing in first page load" storage="d:\v2.0\a1\_work\dbded102\vso\tfs\service\webaccess\agile\testscripts\tests\tfstests.agile.boards.ts" id="2833e341-b63d-47fe-a958-7cab02be0d9e">
      <Execution id="cc15064b-a155-4757-a1ba-0f51d3b94466" />
      <TestMethod codeBase="d:\v2.0\a1\_work\dbded102\vso\tfs\service\webaccess\agile\testscripts\tests\tfstests.agile.boards.ts" adapterTypeName="Microsoft.VisualStudio.TestTools.TestTypes.Unit.UnitTestAdapter" className="d:\v2.0\a1\_work\dbded102\vso\tfs\service\webaccess\agile\testscripts\tests\tfstests.agile.boards.ts::tfstests.agile" name="TFSTests.Agile.Boards WorkItemSource buildCache returns correct page data and paging indices for incoming and outgoing in first page load" />
    </UnitTest>
    <UnitTest name="TFSTests.Agile.Boards WorkItemSource setChild and sortChildrenIds sort childrenIds" storage="d:\v2.0\a1\_work\dbded102\vso\tfs\service\webaccess\agile\testscripts\tests\tfstests.agile.boards.ts" id="6659c565-8cc5-4f69-85d1-aafa21f2fe6e">
      <Execution id="9416d10d-70b4-4cfc-84bc-e2091d50fcff" />
      <TestMethod codeBase="d:\v2.0\a1\_work\dbded102\vso\tfs\service\webaccess\agile\testscripts\tests\tfstests.agile.boards.ts" adapterTypeName="Microsoft.VisualStudio.TestTools.TestTypes.Unit.UnitTestAdapter" className="d:\v2.0\a1\_work\dbded102\vso\tfs\service\webaccess\agile\testscripts\tests\tfstests.agile.boards.ts::tfstests.agile" name="TFSTests.Agile.Boards WorkItemSource setChild and sortChildrenIds sort childrenIds" />
    </UnitTest>
    <UnitTest name="TFSTests.Agile.Boards WorkItemItemAdapter_construction" storage="d:\v2.0\a1\_work\dbded102\vso\tfs\service\webaccess\agile\testscripts\tests\tfstests.agile.boards.ts" id="db99ad62-5a77-494b-a394-04f53ab93e54">
      <Execution id="6ebffa8f-a576-4d05-9039-c58704fd2f5c" />
      <TestMethod codeBase="d:\v2.0\a1\_work\dbded102\vso\tfs\service\webaccess\agile\testscripts\tests\tfstests.agile.boards.ts" adapterTypeName="Microsoft.VisualStudio.TestTools.TestTypes.Unit.UnitTestAdapter" className="d:\v2.0\a1\_work\dbded102\vso\tfs\service\webaccess\agile\testscripts\tests\tfstests.agile.boards.ts::tfstests.agile" name="TFSTests.Agile.Boards WorkItemItemAdapter_construction" />
    </UnitTest>
    <UnitTest name="TFSTests.Agile.Boards WorkItemItemAdapter returns correct backlog order when it is cached locally" storage="d:\v2.0\a1\_work\dbded102\vso\tfs\service\webaccess\agile\testscripts\tests\tfstests.agile.boards.ts" id="92ae81b8-8970-4746-bbe8-3e110798523c">
      <Execution id="d7596d31-34a1-4e8c-a75b-764d44e117b0" />
      <TestMethod codeBase="d:\v2.0\a1\_work\dbded102\vso\tfs\service\webaccess\agile\testscripts\tests\tfstests.agile.boards.ts" adapterTypeName="Microsoft.VisualStudio.TestTools.TestTypes.Unit.UnitTestAdapter" className="d:\v2.0\a1\_work\dbded102\vso\tfs\service\webaccess\agile\testscripts\tests\tfstests.agile.boards.ts::tfstests.agile" name="TFSTests.Agile.Boards WorkItemItemAdapter returns correct backlog order when it is cached locally" />
    </UnitTest>
    <UnitTest name="TFSTests.Agile.Boards WorkItemItemAdapter returns correct backlog order when it is not cached locally" storage="d:\v2.0\a1\_work\dbded102\vso\tfs\service\webaccess\agile\testscripts\tests\tfstests.agile.boards.ts" id="bec043cb-4481-4ae3-a792-aa20948f858e">
      <Execution id="bc09606e-e262-4f64-974d-26896d54212b" />
      <TestMethod codeBase="d:\v2.0\a1\_work\dbded102\vso\tfs\service\webaccess\agile\testscripts\tests\tfstests.agile.boards.ts" adapterTypeName="Microsoft.VisualStudio.TestTools.TestTypes.Unit.UnitTestAdapter" className="d:\v2.0\a1\_work\dbded102\vso\tfs\service\webaccess\agile\testscripts\tests\tfstests.agile.boards.ts::tfstests.agile" name="TFSTests.Agile.Boards WorkItemItemAdapter returns correct backlog order when it is not cached locally" />
    </UnitTest>
    <UnitTest name="TFSTests.Agile.Boards WorkItemItemAdapter_validTransitions" storage="d:\v2.0\a1\_work\dbded102\vso\tfs\service\webaccess\agile\testscripts\tests\tfstests.agile.boards.ts" id="45498af0-5813-4b46-8e85-10b45c8464fb">
      <Execution id="52aa7fc9-ba98-498e-a414-214b0f2f761b" />
      <TestMethod codeBase="d:\v2.0\a1\_work\dbded102\vso\tfs\service\webaccess\agile\testscripts\tests\tfstests.agile.boards.ts" adapterTypeName="Microsoft.VisualStudio.TestTools.TestTypes.Unit.UnitTestAdapter" className="d:\v2.0\a1\_work\dbded102\vso\tfs\service\webaccess\agile\testscripts\tests\tfstests.agile.boards.ts::tfstests.agile" name="TFSTests.Agile.Boards WorkItemItemAdapter_validTransitions" />
    </UnitTest>
    <UnitTest name="TFSTests.Agile.Boards WorkItemItemAdapter_invalidTransitions" storage="d:\v2.0\a1\_work\dbded102\vso\tfs\service\webaccess\agile\testscripts\tests\tfstests.agile.boards.ts" id="0d4ed603-2012-40fb-945d-609b5ee83b1b">
      <Execution id="9694e812-a083-40ae-ac46-5299310d5277" />
      <TestMethod codeBase="d:\v2.0\a1\_work\dbded102\vso\tfs\service\webaccess\agile\testscripts\tests\tfstests.agile.boards.ts" adapterTypeName="Microsoft.VisualStudio.TestTools.TestTypes.Unit.UnitTestAdapter" className="d:\v2.0\a1\_work\dbded102\vso\tfs\service\webaccess\agile\testscripts\tests\tfstests.agile.boards.ts::tfstests.agile" name="TFSTests.Agile.Boards WorkItemItemAdapter_invalidTransitions" />
    </UnitTest>
    <UnitTest name="TFSTests.Agile.Boards WorkItemItemAdapter_attachDetachChangeEvents" storage="d:\v2.0\a1\_work\dbded102\vso\tfs\service\webaccess\agile\testscripts\tests\tfstests.agile.boards.ts" id="a91b0d2a-b3ec-41c0-ad5a-c4239237834f">
      <Execution id="7ae3a50f-1d6e-4c3f-89d6-d93d5771ef39" />
      <TestMethod codeBase="d:\v2.0\a1\_work\dbded102\vso\tfs\service\webaccess\agile\testscripts\tests\tfstests.agile.boards.ts" adapterTypeName="Microsoft.VisualStudio.TestTools.TestTypes.Unit.UnitTestAdapter" className="d:\v2.0\a1\_work\dbded102\vso\tfs\service\webaccess\agile\testscripts\tests\tfstests.agile.boards.ts::tfstests.agile" name="TFSTests.Agile.Boards WorkItemItemAdapter_attachDetachChangeEvents" />
    </UnitTest>
    <UnitTest name="TFSTests.Agile.Boards WorkItemItemAdapter_beginReorder_onNewItem" storage="d:\v2.0\a1\_work\dbded102\vso\tfs\service\webaccess\agile\testscripts\tests\tfstests.agile.boards.ts" id="1c7b82c1-646e-4458-a62f-529afa29a72a">
      <Execution id="e2dfad37-4304-4fe9-824e-1c0d66968d7f" />
      <TestMethod codeBase="d:\v2.0\a1\_work\dbded102\vso\tfs\service\webaccess\agile\testscripts\tests\tfstests.agile.boards.ts" adapterTypeName="Microsoft.VisualStudio.TestTools.TestTypes.Unit.UnitTestAdapter" className="d:\v2.0\a1\_work\dbded102\vso\tfs\service\webaccess\agile\testscripts\tests\tfstests.agile.boards.ts::tfstests.agile" name="TFSTests.Agile.Boards WorkItemItemAdapter_beginReorder_onNewItem" />
    </UnitTest>
    <UnitTest name="TFSTests.Agile.Boards Board_construction" storage="d:\v2.0\a1\_work\dbded102\vso\tfs\service\webaccess\agile\testscripts\tests\tfstests.agile.boards.ts" id="e2c5dadc-336f-47aa-9f9c-6efe208646d0">
      <Execution id="ce4b930b-d9e0-4fcc-a51b-4717d68010a8" />
      <TestMethod codeBase="d:\v2.0\a1\_work\dbded102\vso\tfs\service\webaccess\agile\testscripts\tests\tfstests.agile.boards.ts" adapterTypeName="Microsoft.VisualStudio.TestTools.TestTypes.Unit.UnitTestAdapter" className="d:\v2.0\a1\_work\dbded102\vso\tfs\service\webaccess\agile\testscripts\tests\tfstests.agile.boards.ts::tfstests.agile" name="TFSTests.Agile.Boards Board_construction" />
    </UnitTest>
    <UnitTest name="TFSTests.Agile.Boards Board_beginPopulate" storage="d:\v2.0\a1\_work\dbded102\vso\tfs\service\webaccess\agile\testscripts\tests\tfstests.agile.boards.ts" id="66c4a829-f8c8-4ddc-9b4d-26ac6d34c2dc">
      <Execution id="b5e02a84-bf94-4289-84f8-498e91f128b7" />
      <TestMethod codeBase="d:\v2.0\a1\_work\dbded102\vso\tfs\service\webaccess\agile\testscripts\tests\tfstests.agile.boards.ts" adapterTypeName="Microsoft.VisualStudio.TestTools.TestTypes.Unit.UnitTestAdapter" className="d:\v2.0\a1\_work\dbded102\vso\tfs\service\webaccess\agile\testscripts\tests\tfstests.agile.boards.ts::tfstests.agile" name="TFSTests.Agile.Boards Board_beginPopulate" />
    </UnitTest>
    <UnitTest name="TFSTests.Agile.Boards Board_itemUpdated_updateItem" storage="d:\v2.0\a1\_work\dbded102\vso\tfs\service\webaccess\agile\testscripts\tests\tfstests.agile.boards.ts" id="2d0d6797-ef6a-430f-afa7-af489abd1c1a">
      <Execution id="3d8954b4-6bc9-4f5c-ad4b-b1f1caead1e8" />
      <TestMethod codeBase="d:\v2.0\a1\_work\dbded102\vso\tfs\service\webaccess\agile\testscripts\tests\tfstests.agile.boards.ts" adapterTypeName="Microsoft.VisualStudio.TestTools.TestTypes.Unit.UnitTestAdapter" className="d:\v2.0\a1\_work\dbded102\vso\tfs\service\webaccess\agile\testscripts\tests\tfstests.agile.boards.ts::tfstests.agile" name="TFSTests.Agile.Boards Board_itemUpdated_updateItem" />
    </UnitTest>
    <UnitTest name="TFSTests.Agile.Boards Board_itemUpdated_removeItem" storage="d:\v2.0\a1\_work\dbded102\vso\tfs\service\webaccess\agile\testscripts\tests\tfstests.agile.boards.ts" id="87efb03c-8e82-443e-8b48-eb6b10dcc621">
      <Execution id="cd8f96a9-4ae6-4d9d-a8bd-f59ae71c6bdd" />
      <TestMethod codeBase="d:\v2.0\a1\_work\dbded102\vso\tfs\service\webaccess\agile\testscripts\tests\tfstests.agile.boards.ts" adapterTypeName="Microsoft.VisualStudio.TestTools.TestTypes.Unit.UnitTestAdapter" className="d:\v2.0\a1\_work\dbded102\vso\tfs\service\webaccess\agile\testscripts\tests\tfstests.agile.boards.ts::tfstests.agile" name="TFSTests.Agile.Boards Board_itemUpdated_removeItem" />
    </UnitTest>
    <UnitTest name="TFSTests.Agile.Boards Board_itemUpdated_errorRevertState" storage="d:\v2.0\a1\_work\dbded102\vso\tfs\service\webaccess\agile\testscripts\tests\tfstests.agile.boards.ts" id="0f6bb630-6aa1-45f3-81eb-10dc79746d96">
      <Execution id="408017db-ea28-444e-bdad-9eee810e4682" />
      <TestMethod codeBase="d:\v2.0\a1\_work\dbded102\vso\tfs\service\webaccess\agile\testscripts\tests\tfstests.agile.boards.ts" adapterTypeName="Microsoft.VisualStudio.TestTools.TestTypes.Unit.UnitTestAdapter" className="d:\v2.0\a1\_work\dbded102\vso\tfs\service\webaccess\agile\testscripts\tests\tfstests.agile.boards.ts::tfstests.agile" name="TFSTests.Agile.Boards Board_itemUpdated_errorRevertState" />
    </UnitTest>
    <UnitTest name="TFSTests.Agile.Boards Board_getFieldsValid" storage="d:\v2.0\a1\_work\dbded102\vso\tfs\service\webaccess\agile\testscripts\tests\tfstests.agile.boards.ts" id="91586860-af69-41f8-b5ab-bf8971f9c75f">
      <Execution id="898b955b-5df7-4919-a1c8-9da446ab1539" />
      <TestMethod codeBase="d:\v2.0\a1\_work\dbded102\vso\tfs\service\webaccess\agile\testscripts\tests\tfstests.agile.boards.ts" adapterTypeName="Microsoft.VisualStudio.TestTools.TestTypes.Unit.UnitTestAdapter" className="d:\v2.0\a1\_work\dbded102\vso\tfs\service\webaccess\agile\testscripts\tests\tfstests.agile.boards.ts::tfstests.agile" name="TFSTests.Agile.Boards Board_getFieldsValid" />
    </UnitTest>
    <UnitTest name="TFSTests.Agile.Boards Board_getFieldsInvalid" storage="d:\v2.0\a1\_work\dbded102\vso\tfs\service\webaccess\agile\testscripts\tests\tfstests.agile.boards.ts" id="85dd71e8-f4de-492c-9f69-13028781a2c1">
      <Execution id="d2beaec1-bbee-4b0d-bbe1-bb9254058d3b" />
      <TestMethod codeBase="d:\v2.0\a1\_work\dbded102\vso\tfs\service\webaccess\agile\testscripts\tests\tfstests.agile.boards.ts" adapterTypeName="Microsoft.VisualStudio.TestTools.TestTypes.Unit.UnitTestAdapter" className="d:\v2.0\a1\_work\dbded102\vso\tfs\service\webaccess\agile\testscripts\tests\tfstests.agile.boards.ts::tfstests.agile" name="TFSTests.Agile.Boards Board_getFieldsInvalid" />
    </UnitTest>
    <UnitTest name="TFSTests.Agile.Boards Board_attachDetachEvents" storage="d:\v2.0\a1\_work\dbded102\vso\tfs\service\webaccess\agile\testscripts\tests\tfstests.agile.boards.ts" id="70ac0f3a-eaeb-4781-881f-575750bb945d">
      <Execution id="7c1d9278-95d1-4986-9ae8-5fe5b5f03663" />
      <TestMethod codeBase="d:\v2.0\a1\_work\dbded102\vso\tfs\service\webaccess\agile\testscripts\tests\tfstests.agile.boards.ts" adapterTypeName="Microsoft.VisualStudio.TestTools.TestTypes.Unit.UnitTestAdapter" className="d:\v2.0\a1\_work\dbded102\vso\tfs\service\webaccess\agile\testscripts\tests\tfstests.agile.boards.ts::tfstests.agile" name="TFSTests.Agile.Boards Board_attachDetachEvents" />
    </UnitTest>
    <UnitTest name="TFSTests.Agile.Boards BoardMember_updateItem" storage="d:\v2.0\a1\_work\dbded102\vso\tfs\service\webaccess\agile\testscripts\tests\tfstests.agile.boards.ts" id="5a04d10f-33df-4320-8b66-c37a26c5e921">
      <Execution id="0b601d12-a445-4906-b581-25a1bad5c7aa" />
      <TestMethod codeBase="d:\v2.0\a1\_work\dbded102\vso\tfs\service\webaccess\agile\testscripts\tests\tfstests.agile.boards.ts" adapterTypeName="Microsoft.VisualStudio.TestTools.TestTypes.Unit.UnitTestAdapter" className="d:\v2.0\a1\_work\dbded102\vso\tfs\service\webaccess\agile\testscripts\tests\tfstests.agile.boards.ts::tfstests.agile" name="TFSTests.Agile.Boards BoardMember_updateItem" />
    </UnitTest>
    <UnitTest name="TFSTests.Agile.Boards BoardMember_removeItem" storage="d:\v2.0\a1\_work\dbded102\vso\tfs\service\webaccess\agile\testscripts\tests\tfstests.agile.boards.ts" id="76a963f3-3542-4822-84f9-9d6bc3b442a1">
      <Execution id="4b00c910-7d35-426f-bc25-52f02415ed89" />
      <TestMethod codeBase="d:\v2.0\a1\_work\dbded102\vso\tfs\service\webaccess\agile\testscripts\tests\tfstests.agile.boards.ts" adapterTypeName="Microsoft.VisualStudio.TestTools.TestTypes.Unit.UnitTestAdapter" className="d:\v2.0\a1\_work\dbded102\vso\tfs\service\webaccess\agile\testscripts\tests\tfstests.agile.boards.ts::tfstests.agile" name="TFSTests.Agile.Boards BoardMember_removeItem" />
    </UnitTest>
    <UnitTest name="TFSTests.Agile.Boards BoardMember_isMatch_valid" storage="d:\v2.0\a1\_work\dbded102\vso\tfs\service\webaccess\agile\testscripts\tests\tfstests.agile.boards.ts" id="d536e445-f830-43ac-9cfa-6ae890b8c11d">
      <Execution id="d24b9e53-41c1-4366-b0e2-614ad253e3cc" />
      <TestMethod codeBase="d:\v2.0\a1\_work\dbded102\vso\tfs\service\webaccess\agile\testscripts\tests\tfstests.agile.boards.ts" adapterTypeName="Microsoft.VisualStudio.TestTools.TestTypes.Unit.UnitTestAdapter" className="d:\v2.0\a1\_work\dbded102\vso\tfs\service\webaccess\agile\testscripts\tests\tfstests.agile.boards.ts::tfstests.agile" name="TFSTests.Agile.Boards BoardMember_isMatch_valid" />
    </UnitTest>
    <UnitTest name="TFSTests.Agile.Boards BoardMember_isMatch_valid_unicode" storage="d:\v2.0\a1\_work\dbded102\vso\tfs\service\webaccess\agile\testscripts\tests\tfstests.agile.boards.ts" id="33a965b8-f0e0-41ac-a237-54987ca7061c">
      <Execution id="2263604b-eed0-4f0f-a0a9-1aaf790711c9" />
      <TestMethod codeBase="d:\v2.0\a1\_work\dbded102\vso\tfs\service\webaccess\agile\testscripts\tests\tfstests.agile.boards.ts" adapterTypeName="Microsoft.VisualStudio.TestTools.TestTypes.Unit.UnitTestAdapter" className="d:\v2.0\a1\_work\dbded102\vso\tfs\service\webaccess\agile\testscripts\tests\tfstests.agile.boards.ts::tfstests.agile" name="TFSTests.Agile.Boards BoardMember_isMatch_valid_unicode" />
    </UnitTest>
    <UnitTest name="TFSTests.Agile.Boards BoardMember_isMatch_invalid" storage="d:\v2.0\a1\_work\dbded102\vso\tfs\service\webaccess\agile\testscripts\tests\tfstests.agile.boards.ts" id="72a3620b-420a-4e13-8a0b-1b030b7d0c95">
      <Execution id="30dfd320-7ebc-4fee-a53b-800692ab921b" />
      <TestMethod codeBase="d:\v2.0\a1\_work\dbded102\vso\tfs\service\webaccess\agile\testscripts\tests\tfstests.agile.boards.ts" adapterTypeName="Microsoft.VisualStudio.TestTools.TestTypes.Unit.UnitTestAdapter" className="d:\v2.0\a1\_work\dbded102\vso\tfs\service\webaccess\agile\testscripts\tests\tfstests.agile.boards.ts::tfstests.agile" name="TFSTests.Agile.Boards BoardMember_isMatch_invalid" />
    </UnitTest>
    <UnitTest name="TFSTests.Agile.Boards BoardMember_acquire" storage="d:\v2.0\a1\_work\dbded102\vso\tfs\service\webaccess\agile\testscripts\tests\tfstests.agile.boards.ts" id="cde2e8ef-f224-410e-82c3-5504716c369a">
      <Execution id="ccd7edb9-096e-43b4-ac21-a7c96d9e1936" />
      <TestMethod codeBase="d:\v2.0\a1\_work\dbded102\vso\tfs\service\webaccess\agile\testscripts\tests\tfstests.agile.boards.ts" adapterTypeName="Microsoft.VisualStudio.TestTools.TestTypes.Unit.UnitTestAdapter" className="d:\v2.0\a1\_work\dbded102\vso\tfs\service\webaccess\agile\testscripts\tests\tfstests.agile.boards.ts::tfstests.agile" name="TFSTests.Agile.Boards BoardMember_acquire" />
    </UnitTest>
    <UnitTest name="TFSTests.Agile.Boards BoardMember_firstAncestorWithItemLimit" storage="d:\v2.0\a1\_work\dbded102\vso\tfs\service\webaccess\agile\testscripts\tests\tfstests.agile.boards.ts" id="205c49f0-acbd-42d8-a267-1e0f07c4c20f">
      <Execution id="f0a2e422-ad0a-42e3-be3b-56924944145b" />
      <TestMethod codeBase="d:\v2.0\a1\_work\dbded102\vso\tfs\service\webaccess\agile\testscripts\tests\tfstests.agile.boards.ts" adapterTypeName="Microsoft.VisualStudio.TestTools.TestTypes.Unit.UnitTestAdapter" className="d:\v2.0\a1\_work\dbded102\vso\tfs\service\webaccess\agile\testscripts\tests\tfstests.agile.boards.ts::tfstests.agile" name="TFSTests.Agile.Boards BoardMember_firstAncestorWithItemLimit" />
    </UnitTest>
    <UnitTest name="TFSTests.Agile.Boards BoardMember_getItemCount" storage="d:\v2.0\a1\_work\dbded102\vso\tfs\service\webaccess\agile\testscripts\tests\tfstests.agile.boards.ts" id="0684d536-7676-44b6-9c1c-9b2e50add439">
      <Execution id="ca02aab7-6c1a-43f7-bd3e-43d9fdc099cd" />
      <TestMethod codeBase="d:\v2.0\a1\_work\dbded102\vso\tfs\service\webaccess\agile\testscripts\tests\tfstests.agile.boards.ts" adapterTypeName="Microsoft.VisualStudio.TestTools.TestTypes.Unit.UnitTestAdapter" className="d:\v2.0\a1\_work\dbded102\vso\tfs\service\webaccess\agile\testscripts\tests\tfstests.agile.boards.ts::tfstests.agile" name="TFSTests.Agile.Boards BoardMember_getItemCount" />
    </UnitTest>
    <UnitTest name="TFSTests.Agile.Boards BoardMember_ColumnTitleOfDoingDoneMembersAreEqualToParents" storage="d:\v2.0\a1\_work\dbded102\vso\tfs\service\webaccess\agile\testscripts\tests\tfstests.agile.boards.ts" id="b013092e-659d-4eee-94ad-3f1972e77b22">
      <Execution id="ecd374ba-8c78-40cd-b50b-66d7eae5a34f" />
      <TestMethod codeBase="d:\v2.0\a1\_work\dbded102\vso\tfs\service\webaccess\agile\testscripts\tests\tfstests.agile.boards.ts" adapterTypeName="Microsoft.VisualStudio.TestTools.TestTypes.Unit.UnitTestAdapter" className="d:\v2.0\a1\_work\dbded102\vso\tfs\service\webaccess\agile\testscripts\tests\tfstests.agile.boards.ts::tfstests.agile" name="TFSTests.Agile.Boards BoardMember_ColumnTitleOfDoingDoneMembersAreEqualToParents" />
    </UnitTest>
    <UnitTest name="TFSTests.Agile.Boards BoardMember_KanbanColumnFieldReferenceNamesOfDoingDoneAreEqualToParents" storage="d:\v2.0\a1\_work\dbded102\vso\tfs\service\webaccess\agile\testscripts\tests\tfstests.agile.boards.ts" id="843390bc-936f-4a73-a61c-b013bd40c79b">
      <Execution id="5931a94d-14ae-42e1-bf2f-934c7cea291d" />
      <TestMethod codeBase="d:\v2.0\a1\_work\dbded102\vso\tfs\service\webaccess\agile\testscripts\tests\tfstests.agile.boards.ts" adapterTypeName="Microsoft.VisualStudio.TestTools.TestTypes.Unit.UnitTestAdapter" className="d:\v2.0\a1\_work\dbded102\vso\tfs\service\webaccess\agile\testscripts\tests\tfstests.agile.boards.ts::tfstests.agile" name="TFSTests.Agile.Boards BoardMember_KanbanColumnFieldReferenceNamesOfDoingDoneAreEqualToParents" />
    </UnitTest>
    <UnitTest name="TFSTests.Agile.Boards BoardMember_getTopLevelMemberValueStopsWhenItFindsAMatchingNode" storage="d:\v2.0\a1\_work\dbded102\vso\tfs\service\webaccess\agile\testscripts\tests\tfstests.agile.boards.ts" id="da724382-32be-4d6e-926f-a91ae39641fb">
      <Execution id="c933d0ed-8135-44f7-990c-30d0f2ff8206" />
      <TestMethod codeBase="d:\v2.0\a1\_work\dbded102\vso\tfs\service\webaccess\agile\testscripts\tests\tfstests.agile.boards.ts" adapterTypeName="Microsoft.VisualStudio.TestTools.TestTypes.Unit.UnitTestAdapter" className="d:\v2.0\a1\_work\dbded102\vso\tfs\service\webaccess\agile\testscripts\tests\tfstests.agile.boards.ts::tfstests.agile" name="TFSTests.Agile.Boards BoardMember_getTopLevelMemberValueStopsWhenItFindsAMatchingNode" />
    </UnitTest>
    <UnitTest name="TFSTests.Agile.Boards BoardMember_getFieldUpdateListReturnNonDuplicateFieldNames" storage="d:\v2.0\a1\_work\dbded102\vso\tfs\service\webaccess\agile\testscripts\tests\tfstests.agile.boards.ts" id="ebd680a3-d388-4c9e-8067-4f42c87f14d9">
      <Execution id="a2c4f1ea-01a8-40a8-951a-38dca5530921" />
      <TestMethod codeBase="d:\v2.0\a1\_work\dbded102\vso\tfs\service\webaccess\agile\testscripts\tests\tfstests.agile.boards.ts" adapterTypeName="Microsoft.VisualStudio.TestTools.TestTypes.Unit.UnitTestAdapter" className="d:\v2.0\a1\_work\dbded102\vso\tfs\service\webaccess\agile\testscripts\tests\tfstests.agile.boards.ts::tfstests.agile" name="TFSTests.Agile.Boards BoardMember_getFieldUpdateListReturnNonDuplicateFieldNames" />
    </UnitTest>
    <UnitTest name="TFSTests.Agile.Boards BoardMember_getFieldUpdateListReturnsDuplicateFieldNamesWhenFlagIsSet" storage="d:\v2.0\a1\_work\dbded102\vso\tfs\service\webaccess\agile\testscripts\tests\tfstests.agile.boards.ts" id="daf2299d-5241-4cbb-9e90-f75c650e51f3">
      <Execution id="ca6ea637-2069-45f1-895b-9d76c7ae3696" />
      <TestMethod codeBase="d:\v2.0\a1\_work\dbded102\vso\tfs\service\webaccess\agile\testscripts\tests\tfstests.agile.boards.ts" adapterTypeName="Microsoft.VisualStudio.TestTools.TestTypes.Unit.UnitTestAdapter" className="d:\v2.0\a1\_work\dbded102\vso\tfs\service\webaccess\agile\testscripts\tests\tfstests.agile.boards.ts::tfstests.agile" name="TFSTests.Agile.Boards BoardMember_getFieldUpdateListReturnsDuplicateFieldNamesWhenFlagIsSet" />
    </UnitTest>
    <UnitTest name="TFSTests.Agile.Boards BoardNode_construction" storage="d:\v2.0\a1\_work\dbded102\vso\tfs\service\webaccess\agile\testscripts\tests\tfstests.agile.boards.ts" id="b7785e18-e635-432d-b0fd-3425b24e2ba1">
      <Execution id="44dcf0ce-a1ce-4816-a3f4-1e6110f0f511" />
      <TestMethod codeBase="d:\v2.0\a1\_work\dbded102\vso\tfs\service\webaccess\agile\testscripts\tests\tfstests.agile.boards.ts" adapterTypeName="Microsoft.VisualStudio.TestTools.TestTypes.Unit.UnitTestAdapter" className="d:\v2.0\a1\_work\dbded102\vso\tfs\service\webaccess\agile\testscripts\tests\tfstests.agile.boards.ts::tfstests.agile" name="TFSTests.Agile.Boards BoardNode_construction" />
    </UnitTest>
    <UnitTest name="TFSTests.Agile.Boards BoardNode_attachDetachEvents" storage="d:\v2.0\a1\_work\dbded102\vso\tfs\service\webaccess\agile\testscripts\tests\tfstests.agile.boards.ts" id="2cae7806-f8c7-4495-bb2b-7fdc0f738440">
      <Execution id="478f0163-6d97-41e9-91ba-81be7bbf3599" />
      <TestMethod codeBase="d:\v2.0\a1\_work\dbded102\vso\tfs\service\webaccess\agile\testscripts\tests\tfstests.agile.boards.ts" adapterTypeName="Microsoft.VisualStudio.TestTools.TestTypes.Unit.UnitTestAdapter" className="d:\v2.0\a1\_work\dbded102\vso\tfs\service\webaccess\agile\testscripts\tests\tfstests.agile.boards.ts::tfstests.agile" name="TFSTests.Agile.Boards BoardNode_attachDetachEvents" />
    </UnitTest>
    <UnitTest name="TFSTests.Agile.Boards BoardNode_addMember_valid" storage="d:\v2.0\a1\_work\dbded102\vso\tfs\service\webaccess\agile\testscripts\tests\tfstests.agile.boards.ts" id="29e715b4-1965-4534-bc94-863745c28ac6">
      <Execution id="1f062dcc-c338-4645-b5e9-26d33816d9d6" />
      <TestMethod codeBase="d:\v2.0\a1\_work\dbded102\vso\tfs\service\webaccess\agile\testscripts\tests\tfstests.agile.boards.ts" adapterTypeName="Microsoft.VisualStudio.TestTools.TestTypes.Unit.UnitTestAdapter" className="d:\v2.0\a1\_work\dbded102\vso\tfs\service\webaccess\agile\testscripts\tests\tfstests.agile.boards.ts::tfstests.agile" name="TFSTests.Agile.Boards BoardNode_addMember_valid" />
    </UnitTest>
    <UnitTest name="TFSTests.Agile.Boards BoardNode_getLeafMembers" storage="d:\v2.0\a1\_work\dbded102\vso\tfs\service\webaccess\agile\testscripts\tests\tfstests.agile.boards.ts" id="deaefad9-0856-4f3c-a9ed-b61cdb322a06">
      <Execution id="a6c5672e-9b12-436b-a76e-9a3770dc4e1d" />
      <TestMethod codeBase="d:\v2.0\a1\_work\dbded102\vso\tfs\service\webaccess\agile\testscripts\tests\tfstests.agile.boards.ts" adapterTypeName="Microsoft.VisualStudio.TestTools.TestTypes.Unit.UnitTestAdapter" className="d:\v2.0\a1\_work\dbded102\vso\tfs\service\webaccess\agile\testscripts\tests\tfstests.agile.boards.ts::tfstests.agile" name="TFSTests.Agile.Boards BoardNode_getLeafMembers" />
    </UnitTest>
    <UnitTest name="TFSTests.Agile.Boards BoardNode_setLeafMembersPrevAndNext" storage="d:\v2.0\a1\_work\dbded102\vso\tfs\service\webaccess\agile\testscripts\tests\tfstests.agile.boards.ts" id="01a7707d-a6b6-4691-a36c-a2cec8e51b7a">
      <Execution id="a42cced2-4a07-4c04-99d7-366b0cd1c6b2" />
      <TestMethod codeBase="d:\v2.0\a1\_work\dbded102\vso\tfs\service\webaccess\agile\testscripts\tests\tfstests.agile.boards.ts" adapterTypeName="Microsoft.VisualStudio.TestTools.TestTypes.Unit.UnitTestAdapter" className="d:\v2.0\a1\_work\dbded102\vso\tfs\service\webaccess\agile\testscripts\tests\tfstests.agile.boards.ts::tfstests.agile" name="TFSTests.Agile.Boards BoardNode_setLeafMembersPrevAndNext" />
    </UnitTest>
    <UnitTest name="TFSTests.Agile.Boards BoardNode_setNextAndPreviousLaneMembersWorksWhenThereAreSwimLanes" storage="d:\v2.0\a1\_work\dbded102\vso\tfs\service\webaccess\agile\testscripts\tests\tfstests.agile.boards.ts" id="705b1456-e5b3-4cad-b63c-37b9152182c2">
      <Execution id="c161769c-c4be-43bb-b26d-7227bf9df25a" />
      <TestMethod codeBase="d:\v2.0\a1\_work\dbded102\vso\tfs\service\webaccess\agile\testscripts\tests\tfstests.agile.boards.ts" adapterTypeName="Microsoft.VisualStudio.TestTools.TestTypes.Unit.UnitTestAdapter" className="d:\v2.0\a1\_work\dbded102\vso\tfs\service\webaccess\agile\testscripts\tests\tfstests.agile.boards.ts::tfstests.agile" name="TFSTests.Agile.Boards BoardNode_setNextAndPreviousLaneMembersWorksWhenThereAreSwimLanes" />
    </UnitTest>
    <UnitTest name="TFSTests.Agile.Boards BoardItemSearchAdapter_createSearchableObjects_indexAndSearchDefaultFieldsCorrectly" storage="d:\v2.0\a1\_work\dbded102\vso\tfs\service\webaccess\agile\testscripts\tests\tfstests.agile.boards.ts" id="f1671b2e-641d-460c-ab02-d44825c4789a">
      <Execution id="db1545f4-e899-44f0-bc7c-01f5ef2c0507" />
      <TestMethod codeBase="d:\v2.0\a1\_work\dbded102\vso\tfs\service\webaccess\agile\testscripts\tests\tfstests.agile.boards.ts" adapterTypeName="Microsoft.VisualStudio.TestTools.TestTypes.Unit.UnitTestAdapter" className="d:\v2.0\a1\_work\dbded102\vso\tfs\service\webaccess\agile\testscripts\tests\tfstests.agile.boards.ts::tfstests.agile" name="TFSTests.Agile.Boards BoardItemSearchAdapter_createSearchableObjects_indexAndSearchDefaultFieldsCorrectly" />
    </UnitTest>
    <UnitTest name="TFSTests.Agile.Boards BoardItemSearchAdapter_createSearchableObjects_indexAndSearchAdditionalFieldsCorrectly" storage="d:\v2.0\a1\_work\dbded102\vso\tfs\service\webaccess\agile\testscripts\tests\tfstests.agile.boards.ts" id="697e52fc-7c47-49e5-93ce-46675d3c8f95">
      <Execution id="e3fecae6-2012-4cbb-8f42-37ad978e1267" />
      <TestMethod codeBase="d:\v2.0\a1\_work\dbded102\vso\tfs\service\webaccess\agile\testscripts\tests\tfstests.agile.boards.ts" adapterTypeName="Microsoft.VisualStudio.TestTools.TestTypes.Unit.UnitTestAdapter" className="d:\v2.0\a1\_work\dbded102\vso\tfs\service\webaccess\agile\testscripts\tests\tfstests.agile.boards.ts::tfstests.agile" name="TFSTests.Agile.Boards BoardItemSearchAdapter_createSearchableObjects_indexAndSearchAdditionalFieldsCorrectly" />
    </UnitTest>
    <UnitTest name="TFSTests.Agile.Boards BoardMember_ensureSearchIndex_WontBuildIndexWhenNotIncoming" storage="d:\v2.0\a1\_work\dbded102\vso\tfs\service\webaccess\agile\testscripts\tests\tfstests.agile.boards.ts" id="bc33e8e7-cf9f-4302-96d9-944a785ad76f">
      <Execution id="8a69c2f8-6698-4e5e-9ad5-63a3d67980ad" />
      <TestMethod codeBase="d:\v2.0\a1\_work\dbded102\vso\tfs\service\webaccess\agile\testscripts\tests\tfstests.agile.boards.ts" adapterTypeName="Microsoft.VisualStudio.TestTools.TestTypes.Unit.UnitTestAdapter" className="d:\v2.0\a1\_work\dbded102\vso\tfs\service\webaccess\agile\testscripts\tests\tfstests.agile.boards.ts::tfstests.agile" name="TFSTests.Agile.Boards BoardMember_ensureSearchIndex_WontBuildIndexWhenNotIncoming" />
    </UnitTest>
    <UnitTest name="TFSTests.Agile.Boards BoardMember_ensureSearchIndex_WontBuildIndexWhenIndexIsNotStale" storage="d:\v2.0\a1\_work\dbded102\vso\tfs\service\webaccess\agile\testscripts\tests\tfstests.agile.boards.ts" id="2ca64225-3628-4559-8790-4f2ec2fef367">
      <Execution id="31cb9daf-9dec-4c8e-b96e-db1a2b0f85a7" />
      <TestMethod codeBase="d:\v2.0\a1\_work\dbded102\vso\tfs\service\webaccess\agile\testscripts\tests\tfstests.agile.boards.ts" adapterTypeName="Microsoft.VisualStudio.TestTools.TestTypes.Unit.UnitTestAdapter" className="d:\v2.0\a1\_work\dbded102\vso\tfs\service\webaccess\agile\testscripts\tests\tfstests.agile.boards.ts::tfstests.agile" name="TFSTests.Agile.Boards BoardMember_ensureSearchIndex_WontBuildIndexWhenIndexIsNotStale" />
    </UnitTest>
    <UnitTest name="TFSTests.Agile.Boards BoardMember_ensureSearchIndex_WontBuildIndexWhenItemsAreNotLoadedCompletely" storage="d:\v2.0\a1\_work\dbded102\vso\tfs\service\webaccess\agile\testscripts\tests\tfstests.agile.boards.ts" id="f2000dba-f3ce-4835-9e69-83638f038c34">
      <Execution id="6488cd1a-32fc-45e6-92ac-0eb40610d88f" />
      <TestMethod codeBase="d:\v2.0\a1\_work\dbded102\vso\tfs\service\webaccess\agile\testscripts\tests\tfstests.agile.boards.ts" adapterTypeName="Microsoft.VisualStudio.TestTools.TestTypes.Unit.UnitTestAdapter" className="d:\v2.0\a1\_work\dbded102\vso\tfs\service\webaccess\agile\testscripts\tests\tfstests.agile.boards.ts::tfstests.agile" name="TFSTests.Agile.Boards BoardMember_ensureSearchIndex_WontBuildIndexWhenItemsAreNotLoadedCompletely" />
    </UnitTest>
    <UnitTest name="TFSTests.Agile.Boards BoardMember_ensureSearchIndex_WillBuildIndexWhenAllConditionsMet" storage="d:\v2.0\a1\_work\dbded102\vso\tfs\service\webaccess\agile\testscripts\tests\tfstests.agile.boards.ts" id="d5e19bb8-5f79-4dce-9a31-934d6aa079b1">
      <Execution id="e7157086-aef5-4b25-b073-83dbf69e4383" />
      <TestMethod codeBase="d:\v2.0\a1\_work\dbded102\vso\tfs\service\webaccess\agile\testscripts\tests\tfstests.agile.boards.ts" adapterTypeName="Microsoft.VisualStudio.TestTools.TestTypes.Unit.UnitTestAdapter" className="d:\v2.0\a1\_work\dbded102\vso\tfs\service\webaccess\agile\testscripts\tests\tfstests.agile.boards.ts::tfstests.agile" name="TFSTests.Agile.Boards BoardMember_ensureSearchIndex_WillBuildIndexWhenAllConditionsMet" />
    </UnitTest>
    <UnitTest name="TFSTests.Agile.Boards BoardMember_ensureSearchIndex_WontBuildIndexWhenFiringItemChangeEvents" storage="d:\v2.0\a1\_work\dbded102\vso\tfs\service\webaccess\agile\testscripts\tests\tfstests.agile.boards.ts" id="b7c9ce1e-e7e5-4a85-ae87-6faf1cc53983">
      <Execution id="b6d844a8-e78f-4e40-9f28-f48b87b8b9ad" />
      <TestMethod codeBase="d:\v2.0\a1\_work\dbded102\vso\tfs\service\webaccess\agile\testscripts\tests\tfstests.agile.boards.ts" adapterTypeName="Microsoft.VisualStudio.TestTools.TestTypes.Unit.UnitTestAdapter" className="d:\v2.0\a1\_work\dbded102\vso\tfs\service\webaccess\agile\testscripts\tests\tfstests.agile.boards.ts::tfstests.agile" name="TFSTests.Agile.Boards BoardMember_ensureSearchIndex_WontBuildIndexWhenFiringItemChangeEvents" />
    </UnitTest>
    <UnitTest name="TFSTests.Agile.Boards NodeView_findMemberViewByFieldValues" storage="d:\v2.0\a1\_work\dbded102\vso\tfs\service\webaccess\agile\testscripts\tests\tfstests.agile.boards.ts" id="20cc669b-9cfd-419e-a3ca-f817c651ba47">
      <Execution id="b11d5574-82cb-4ac3-82bc-57cd8463e203" />
      <TestMethod codeBase="d:\v2.0\a1\_work\dbded102\vso\tfs\service\webaccess\agile\testscripts\tests\tfstests.agile.boards.ts" adapterTypeName="Microsoft.VisualStudio.TestTools.TestTypes.Unit.UnitTestAdapter" className="d:\v2.0\a1\_work\dbded102\vso\tfs\service\webaccess\agile\testscripts\tests\tfstests.agile.boards.ts::tfstests.agile" name="TFSTests.Agile.Boards NodeView_findMemberViewByFieldValues" />
    </UnitTest>
    <UnitTest name="TFSTests.Agile.Boards MemberView_getLeftMostLeafMemberView" storage="d:\v2.0\a1\_work\dbded102\vso\tfs\service\webaccess\agile\testscripts\tests\tfstests.agile.boards.ts" id="a59e64ed-5a8c-4bd1-9b45-3bb8dc3f3396">
      <Execution id="5f680bde-9d1f-43c2-9251-870a3a2ac8c7" />
      <TestMethod codeBase="d:\v2.0\a1\_work\dbded102\vso\tfs\service\webaccess\agile\testscripts\tests\tfstests.agile.boards.ts" adapterTypeName="Microsoft.VisualStudio.TestTools.TestTypes.Unit.UnitTestAdapter" className="d:\v2.0\a1\_work\dbded102\vso\tfs\service\webaccess\agile\testscripts\tests\tfstests.agile.boards.ts::tfstests.agile" name="TFSTests.Agile.Boards MemberView_getLeftMostLeafMemberView" />
    </UnitTest>
    <UnitTest name="TFSTests.Agile.Boards MemberView_getRightMostLeafMemberView" storage="d:\v2.0\a1\_work\dbded102\vso\tfs\service\webaccess\agile\testscripts\tests\tfstests.agile.boards.ts" id="430f1e83-4384-4a2f-91a2-7b47b8394b74">
      <Execution id="753e7014-71e1-4f8e-ac54-e000af2bd83d" />
      <TestMethod codeBase="d:\v2.0\a1\_work\dbded102\vso\tfs\service\webaccess\agile\testscripts\tests\tfstests.agile.boards.ts" adapterTypeName="Microsoft.VisualStudio.TestTools.TestTypes.Unit.UnitTestAdapter" className="d:\v2.0\a1\_work\dbded102\vso\tfs\service\webaccess\agile\testscripts\tests\tfstests.agile.boards.ts::tfstests.agile" name="TFSTests.Agile.Boards MemberView_getRightMostLeafMemberView" />
    </UnitTest>
    <UnitTest name="TFSTests.Agile.ProductBacklog.UrlHelpers getUrlContext_correctlyParsesNewStyleUrls" storage="d:\v2.0\a1\_work\dbded102\vso\tfs\service\webaccess\agile\testscripts\tests\tfstests.agile.productbacklog.urlhelpers.ts" id="d4f3aaf3-63d9-43cc-8240-2503876bb1f8">
      <Execution id="8bd9341f-2446-4df6-8486-87db1108c3a5" />
      <TestMethod codeBase="d:\v2.0\a1\_work\dbded102\vso\tfs\service\webaccess\agile\testscripts\tests\tfstests.agile.productbacklog.urlhelpers.ts" adapterTypeName="Microsoft.VisualStudio.TestTools.TestTypes.Unit.UnitTestAdapter" className="d:\v2.0\a1\_work\dbded102\vso\tfs\service\webaccess\agile\testscripts\tests\tfstests.agile.productbacklog.urlhelpers.ts::tfstests.agile.productbacklog" name="TFSTests.Agile.ProductBacklog.UrlHelpers getUrlContext_correctlyParsesNewStyleUrls" />
    </UnitTest>
    <UnitTest name="TFSTests.Agile.ProductBacklog.UrlHelpers getUrlContext_correctlyTranslatesOldStyleUrls" storage="d:\v2.0\a1\_work\dbded102\vso\tfs\service\webaccess\agile\testscripts\tests\tfstests.agile.productbacklog.urlhelpers.ts" id="e77373dc-b6e2-4fd1-9f46-2f51b1de61dc">
      <Execution id="02ac6117-49f1-4812-aa79-6612d5806503" />
      <TestMethod codeBase="d:\v2.0\a1\_work\dbded102\vso\tfs\service\webaccess\agile\testscripts\tests\tfstests.agile.productbacklog.urlhelpers.ts" adapterTypeName="Microsoft.VisualStudio.TestTools.TestTypes.Unit.UnitTestAdapter" className="d:\v2.0\a1\_work\dbded102\vso\tfs\service\webaccess\agile\testscripts\tests\tfstests.agile.productbacklog.urlhelpers.ts::tfstests.agile.productbacklog" name="TFSTests.Agile.ProductBacklog.UrlHelpers getUrlContext_correctlyTranslatesOldStyleUrls" />
    </UnitTest>
    <UnitTest name="TFSTests.Agile.ProductBacklog.UrlHelpers getUrlContext_correctlyTranslatesMixedUrls" storage="d:\v2.0\a1\_work\dbded102\vso\tfs\service\webaccess\agile\testscripts\tests\tfstests.agile.productbacklog.urlhelpers.ts" id="110e03e2-78f6-4060-a190-3718abebede5">
      <Execution id="769f4702-1ffe-420f-a168-7f16edbd81e4" />
      <TestMethod codeBase="d:\v2.0\a1\_work\dbded102\vso\tfs\service\webaccess\agile\testscripts\tests\tfstests.agile.productbacklog.urlhelpers.ts" adapterTypeName="Microsoft.VisualStudio.TestTools.TestTypes.Unit.UnitTestAdapter" className="d:\v2.0\a1\_work\dbded102\vso\tfs\service\webaccess\agile\testscripts\tests\tfstests.agile.productbacklog.urlhelpers.ts::tfstests.agile.productbacklog" name="TFSTests.Agile.ProductBacklog.UrlHelpers getUrlContext_correctlyTranslatesMixedUrls" />
    </UnitTest>
    <UnitTest name="TFSTests.Agile.ProductBacklog.UrlHelpers getUrlContext_correctlyTranslatesPartialUrls" storage="d:\v2.0\a1\_work\dbded102\vso\tfs\service\webaccess\agile\testscripts\tests\tfstests.agile.productbacklog.urlhelpers.ts" id="6ec24d6e-e64d-4649-9e8c-9429c1654e13">
      <Execution id="06d35512-f2e4-49af-9614-6e0e385d4405" />
      <TestMethod codeBase="d:\v2.0\a1\_work\dbded102\vso\tfs\service\webaccess\agile\testscripts\tests\tfstests.agile.productbacklog.urlhelpers.ts" adapterTypeName="Microsoft.VisualStudio.TestTools.TestTypes.Unit.UnitTestAdapter" className="d:\v2.0\a1\_work\dbded102\vso\tfs\service\webaccess\agile\testscripts\tests\tfstests.agile.productbacklog.urlhelpers.ts::tfstests.agile.productbacklog" name="TFSTests.Agile.ProductBacklog.UrlHelpers getUrlContext_correctlyTranslatesPartialUrls" />
    </UnitTest>
    <UnitTest name="TFSTests.Agile.ProductBacklog.UrlHelpers ensureUrlContext_rewritesStateCorrectly" storage="d:\v2.0\a1\_work\dbded102\vso\tfs\service\webaccess\agile\testscripts\tests\tfstests.agile.productbacklog.urlhelpers.ts" id="5de56f11-99b1-4e21-97e1-3137263b48a2">
      <Execution id="eadbc44c-a904-4406-982a-f8d057b778eb" />
      <TestMethod codeBase="d:\v2.0\a1\_work\dbded102\vso\tfs\service\webaccess\agile\testscripts\tests\tfstests.agile.productbacklog.urlhelpers.ts" adapterTypeName="Microsoft.VisualStudio.TestTools.TestTypes.Unit.UnitTestAdapter" className="d:\v2.0\a1\_work\dbded102\vso\tfs\service\webaccess\agile\testscripts\tests\tfstests.agile.productbacklog.urlhelpers.ts::tfstests.agile.productbacklog" name="TFSTests.Agile.ProductBacklog.UrlHelpers ensureUrlContext_rewritesStateCorrectly" />
    </UnitTest>
    <UnitTest name="TFSTests.Agile.ProductBacklog.UrlHelpers ensureUrlContext_removesShowParentsOnRootBacklog" storage="d:\v2.0\a1\_work\dbded102\vso\tfs\service\webaccess\agile\testscripts\tests\tfstests.agile.productbacklog.urlhelpers.ts" id="a586fd93-72c7-4fa9-8d8e-b68644117f18">
      <Execution id="e4325e5c-156a-4c1e-864b-0467a78ae548" />
      <TestMethod codeBase="d:\v2.0\a1\_work\dbded102\vso\tfs\service\webaccess\agile\testscripts\tests\tfstests.agile.productbacklog.urlhelpers.ts" adapterTypeName="Microsoft.VisualStudio.TestTools.TestTypes.Unit.UnitTestAdapter" className="d:\v2.0\a1\_work\dbded102\vso\tfs\service\webaccess\agile\testscripts\tests\tfstests.agile.productbacklog.urlhelpers.ts::tfstests.agile.productbacklog" name="TFSTests.Agile.ProductBacklog.UrlHelpers ensureUrlContext_removesShowParentsOnRootBacklog" />
    </UnitTest>
    <UnitTest name="TFSTests.Agile.ProductBacklog.UrlHelpers ensureUrlContext_suppressesNavigate" storage="d:\v2.0\a1\_work\dbded102\vso\tfs\service\webaccess\agile\testscripts\tests\tfstests.agile.productbacklog.urlhelpers.ts" id="e600c98f-bb7c-4229-9eb4-424cd0a3857d">
      <Execution id="4513ffd6-fe53-4c83-bdc7-c40ec041c9ae" />
      <TestMethod codeBase="d:\v2.0\a1\_work\dbded102\vso\tfs\service\webaccess\agile\testscripts\tests\tfstests.agile.productbacklog.urlhelpers.ts" adapterTypeName="Microsoft.VisualStudio.TestTools.TestTypes.Unit.UnitTestAdapter" className="d:\v2.0\a1\_work\dbded102\vso\tfs\service\webaccess\agile\testscripts\tests\tfstests.agile.productbacklog.urlhelpers.ts::tfstests.agile.productbacklog" name="TFSTests.Agile.ProductBacklog.UrlHelpers ensureUrlContext_suppressesNavigate" />
    </UnitTest>
    <UnitTest name="TFSTests.Agile.ProductBacklog.UrlHelpers ensureUrlContext_keepsUnrecognizedParams" storage="d:\v2.0\a1\_work\dbded102\vso\tfs\service\webaccess\agile\testscripts\tests\tfstests.agile.productbacklog.urlhelpers.ts" id="e7916c2b-b838-4bb1-a4c0-c784a9d094a0">
      <Execution id="3e6475bd-d57d-4bf7-b980-7e5e3ff9d8c7" />
      <TestMethod codeBase="d:\v2.0\a1\_work\dbded102\vso\tfs\service\webaccess\agile\testscripts\tests\tfstests.agile.productbacklog.urlhelpers.ts" adapterTypeName="Microsoft.VisualStudio.TestTools.TestTypes.Unit.UnitTestAdapter" className="d:\v2.0\a1\_work\dbded102\vso\tfs\service\webaccess\agile\testscripts\tests\tfstests.agile.productbacklog.urlhelpers.ts::tfstests.agile.productbacklog" name="TFSTests.Agile.ProductBacklog.UrlHelpers ensureUrlContext_keepsUnrecognizedParams" />
    </UnitTest>
    <UnitTest name="TFSTests.Agile.ProductBacklog.MappingPanelTests MappingPane_RefreshButtonWillRefreshGrid" storage="d:\v2.0\a1\_work\dbded102\vso\tfs\service\webaccess\agile\testscripts\tests\tfstests.agile.productbacklog.mappingpanel.ts" id="e4c24523-60dd-441d-9833-6287adf2018a">
      <Execution id="1fa806ce-0c19-427b-a46f-d9b3509d46d0" />
      <TestMethod codeBase="d:\v2.0\a1\_work\dbded102\vso\tfs\service\webaccess\agile\testscripts\tests\tfstests.agile.productbacklog.mappingpanel.ts" adapterTypeName="Microsoft.VisualStudio.TestTools.TestTypes.Unit.UnitTestAdapter" className="d:\v2.0\a1\_work\dbded102\vso\tfs\service\webaccess\agile\testscripts\tests\tfstests.agile.productbacklog.mappingpanel.ts::tfstests.agile.productbacklog" name="TFSTests.Agile.ProductBacklog.MappingPanelTests MappingPane_RefreshButtonWillRefreshGrid" />
    </UnitTest>
    <UnitTest name="TFSTests.Agile.ProductBacklog.MappingPanelTests MappingPaneCanOnlyBeInitializedOnce" storage="d:\v2.0\a1\_work\dbded102\vso\tfs\service\webaccess\agile\testscripts\tests\tfstests.agile.productbacklog.mappingpanel.ts" id="66dd237b-9b28-48b4-b37e-25fec49ca249">
      <Execution id="113f88ee-5c19-43a6-9080-5c633d065a04" />
      <TestMethod codeBase="d:\v2.0\a1\_work\dbded102\vso\tfs\service\webaccess\agile\testscripts\tests\tfstests.agile.productbacklog.mappingpanel.ts" adapterTypeName="Microsoft.VisualStudio.TestTools.TestTypes.Unit.UnitTestAdapter" className="d:\v2.0\a1\_work\dbded102\vso\tfs\service\webaccess\agile\testscripts\tests\tfstests.agile.productbacklog.mappingpanel.ts::tfstests.agile.productbacklog" name="TFSTests.Agile.ProductBacklog.MappingPanelTests MappingPaneCanOnlyBeInitializedOnce" />
    </UnitTest>
    <UnitTest name="TFSTests.Agile.ProductBacklog.MappingPanelTests NotInitializedWhenNotVisible" storage="d:\v2.0\a1\_work\dbded102\vso\tfs\service\webaccess\agile\testscripts\tests\tfstests.agile.productbacklog.mappingpanel.ts" id="a625eec5-d0ec-4a69-9f54-b4637b21c4c4">
      <Execution id="f8799a03-e71f-4fbc-ac32-5bc392bfea3d" />
      <TestMethod codeBase="d:\v2.0\a1\_work\dbded102\vso\tfs\service\webaccess\agile\testscripts\tests\tfstests.agile.productbacklog.mappingpanel.ts" adapterTypeName="Microsoft.VisualStudio.TestTools.TestTypes.Unit.UnitTestAdapter" className="d:\v2.0\a1\_work\dbded102\vso\tfs\service\webaccess\agile\testscripts\tests\tfstests.agile.productbacklog.mappingpanel.ts::tfstests.agile.productbacklog" name="TFSTests.Agile.ProductBacklog.MappingPanelTests NotInitializedWhenNotVisible" />
    </UnitTest>
    <UnitTest name="TFSTests.Agile.ProductBacklog.MappingPanelTests InitializedWhenVisible" storage="d:\v2.0\a1\_work\dbded102\vso\tfs\service\webaccess\agile\testscripts\tests\tfstests.agile.productbacklog.mappingpanel.ts" id="74f0446b-4569-440b-ac20-8f344dc0bfcb">
      <Execution id="4ffc4270-3111-4980-881b-a9b8694fd61c" />
      <TestMethod codeBase="d:\v2.0\a1\_work\dbded102\vso\tfs\service\webaccess\agile\testscripts\tests\tfstests.agile.productbacklog.mappingpanel.ts" adapterTypeName="Microsoft.VisualStudio.TestTools.TestTypes.Unit.UnitTestAdapter" className="d:\v2.0\a1\_work\dbded102\vso\tfs\service\webaccess\agile\testscripts\tests\tfstests.agile.productbacklog.mappingpanel.ts::tfstests.agile.productbacklog" name="TFSTests.Agile.ProductBacklog.MappingPanelTests InitializedWhenVisible" />
    </UnitTest>
    <UnitTest name="TFSTests.Agile.ProductBacklog.MappingPanelTests DropDownPopulated" storage="d:\v2.0\a1\_work\dbded102\vso\tfs\service\webaccess\agile\testscripts\tests\tfstests.agile.productbacklog.mappingpanel.ts" id="33e5bf27-6030-4d66-af72-5583e5ed65c0">
      <Execution id="2a096566-4a48-4011-8520-fad11d858506" />
      <TestMethod codeBase="d:\v2.0\a1\_work\dbded102\vso\tfs\service\webaccess\agile\testscripts\tests\tfstests.agile.productbacklog.mappingpanel.ts" adapterTypeName="Microsoft.VisualStudio.TestTools.TestTypes.Unit.UnitTestAdapter" className="d:\v2.0\a1\_work\dbded102\vso\tfs\service\webaccess\agile\testscripts\tests\tfstests.agile.productbacklog.mappingpanel.ts::tfstests.agile.productbacklog" name="TFSTests.Agile.ProductBacklog.MappingPanelTests DropDownPopulated" />
    </UnitTest>
    <UnitTest name="TFSTests.Agile.ProductBacklog.MappingPanelTests DataProviderProvidedToGrid" storage="d:\v2.0\a1\_work\dbded102\vso\tfs\service\webaccess\agile\testscripts\tests\tfstests.agile.productbacklog.mappingpanel.ts" id="75a21330-0606-4b4e-ae8a-7f3025f2a53a">
      <Execution id="376a6006-2775-4855-8a2d-89451a3ed71e" />
      <TestMethod codeBase="d:\v2.0\a1\_work\dbded102\vso\tfs\service\webaccess\agile\testscripts\tests\tfstests.agile.productbacklog.mappingpanel.ts" adapterTypeName="Microsoft.VisualStudio.TestTools.TestTypes.Unit.UnitTestAdapter" className="d:\v2.0\a1\_work\dbded102\vso\tfs\service\webaccess\agile\testscripts\tests\tfstests.agile.productbacklog.mappingpanel.ts::tfstests.agile.productbacklog" name="TFSTests.Agile.ProductBacklog.MappingPanelTests DataProviderProvidedToGrid" />
    </UnitTest>
    <UnitTest name="TFSTests.Agile.ProductBacklog.MappingPanelTests DataProviderProvidedWithWayOfGettingSelectedTeam" storage="d:\v2.0\a1\_work\dbded102\vso\tfs\service\webaccess\agile\testscripts\tests\tfstests.agile.productbacklog.mappingpanel.ts" id="f6c41f18-113d-4310-94eb-2aa3f29cf55b">
      <Execution id="ce6258eb-08c9-4c06-8303-b80327ecff7a" />
      <TestMethod codeBase="d:\v2.0\a1\_work\dbded102\vso\tfs\service\webaccess\agile\testscripts\tests\tfstests.agile.productbacklog.mappingpanel.ts" adapterTypeName="Microsoft.VisualStudio.TestTools.TestTypes.Unit.UnitTestAdapter" className="d:\v2.0\a1\_work\dbded102\vso\tfs\service\webaccess\agile\testscripts\tests\tfstests.agile.productbacklog.mappingpanel.ts::tfstests.agile.productbacklog" name="TFSTests.Agile.ProductBacklog.MappingPanelTests DataProviderProvidedWithWayOfGettingSelectedTeam" />
    </UnitTest>
    <UnitTest name="TFSTests.Agile.ProductBacklog.MappingPanelTests DropAcceptsBacklogContextWorkItemTypes" storage="d:\v2.0\a1\_work\dbded102\vso\tfs\service\webaccess\agile\testscripts\tests\tfstests.agile.productbacklog.mappingpanel.ts" id="9428b218-46da-48c5-842c-237fb1656981">
      <Execution id="cfd14376-14d9-432d-badb-d15140c6bb16" />
      <TestMethod codeBase="d:\v2.0\a1\_work\dbded102\vso\tfs\service\webaccess\agile\testscripts\tests\tfstests.agile.productbacklog.mappingpanel.ts" adapterTypeName="Microsoft.VisualStudio.TestTools.TestTypes.Unit.UnitTestAdapter" className="d:\v2.0\a1\_work\dbded102\vso\tfs\service\webaccess\agile\testscripts\tests\tfstests.agile.productbacklog.mappingpanel.ts::tfstests.agile.productbacklog" name="TFSTests.Agile.ProductBacklog.MappingPanelTests DropAcceptsBacklogContextWorkItemTypes" />
    </UnitTest>
    <UnitTest name="TFSTests.Agile.ProductBacklog.MappingPanelTests DropDoesNotAcceptNonBacklogContextWorkItemTypes" storage="d:\v2.0\a1\_work\dbded102\vso\tfs\service\webaccess\agile\testscripts\tests\tfstests.agile.productbacklog.mappingpanel.ts" id="d4a13eef-3861-4460-8da3-f5fbc8fef2c2">
      <Execution id="d41641de-5878-4dda-9b65-f4dc3931861a" />
      <TestMethod codeBase="d:\v2.0\a1\_work\dbded102\vso\tfs\service\webaccess\agile\testscripts\tests\tfstests.agile.productbacklog.mappingpanel.ts" adapterTypeName="Microsoft.VisualStudio.TestTools.TestTypes.Unit.UnitTestAdapter" className="d:\v2.0\a1\_work\dbded102\vso\tfs\service\webaccess\agile\testscripts\tests\tfstests.agile.productbacklog.mappingpanel.ts::tfstests.agile.productbacklog" name="TFSTests.Agile.ProductBacklog.MappingPanelTests DropDoesNotAcceptNonBacklogContextWorkItemTypes" />
    </UnitTest>
    <UnitTest name="TFSTests.Agile.ProductBacklog.MappingPanelTests DropRaisesActionEvent" storage="d:\v2.0\a1\_work\dbded102\vso\tfs\service\webaccess\agile\testscripts\tests\tfstests.agile.productbacklog.mappingpanel.ts" id="1440ee98-3076-4f55-978f-064fbda7044a">
      <Execution id="b41128b6-382f-4808-862a-d06f09fdb5c6" />
      <TestMethod codeBase="d:\v2.0\a1\_work\dbded102\vso\tfs\service\webaccess\agile\testscripts\tests\tfstests.agile.productbacklog.mappingpanel.ts" adapterTypeName="Microsoft.VisualStudio.TestTools.TestTypes.Unit.UnitTestAdapter" className="d:\v2.0\a1\_work\dbded102\vso\tfs\service\webaccess\agile\testscripts\tests\tfstests.agile.productbacklog.mappingpanel.ts::tfstests.agile.productbacklog" name="TFSTests.Agile.ProductBacklog.MappingPanelTests DropRaisesActionEvent" />
    </UnitTest>
    <UnitTest name="TFSTests.Agile.ProductBacklog.MappingPanelTests MappingDataProviderInvokesCorrectAction" storage="d:\v2.0\a1\_work\dbded102\vso\tfs\service\webaccess\agile\testscripts\tests\tfstests.agile.productbacklog.mappingpanel.ts" id="d81ebae1-2412-40cc-9289-7c7ea101bfe9">
      <Execution id="a6815c58-3cd3-44d2-a957-92a3935e50cb" />
      <TestMethod codeBase="d:\v2.0\a1\_work\dbded102\vso\tfs\service\webaccess\agile\testscripts\tests\tfstests.agile.productbacklog.mappingpanel.ts" adapterTypeName="Microsoft.VisualStudio.TestTools.TestTypes.Unit.UnitTestAdapter" className="d:\v2.0\a1\_work\dbded102\vso\tfs\service\webaccess\agile\testscripts\tests\tfstests.agile.productbacklog.mappingpanel.ts::tfstests.agile.productbacklog" name="TFSTests.Agile.ProductBacklog.MappingPanelTests MappingDataProviderInvokesCorrectAction" />
    </UnitTest>
    <UnitTest name="TFSTests.Agile.TaskBoard.Controller EditWorkItem_LaunchesWitEditor" storage="d:\v2.0\a1\_work\dbded102\vso\tfs\service\webaccess\agile\testscripts\tests\tfstests.agile.taskboard.controller.ts" id="86ac68f7-b539-4056-9f8c-51155273a6a5">
      <Execution id="6937eb9a-ceb0-4a9b-a5c5-e302696dc5b0" />
      <TestMethod codeBase="d:\v2.0\a1\_work\dbded102\vso\tfs\service\webaccess\agile\testscripts\tests\tfstests.agile.taskboard.controller.ts" adapterTypeName="Microsoft.VisualStudio.TestTools.TestTypes.Unit.UnitTestAdapter" className="d:\v2.0\a1\_work\dbded102\vso\tfs\service\webaccess\agile\testscripts\tests\tfstests.agile.taskboard.controller.ts::tfstests.agile.taskboard" name="TFSTests.Agile.TaskBoard.Controller EditWorkItem_LaunchesWitEditor" />
    </UnitTest>
    <UnitTest name="TFSTests.Agile.TaskBoard.Controller EditWorkItem_RefreshesWorkItemViewOnSave" storage="d:\v2.0\a1\_work\dbded102\vso\tfs\service\webaccess\agile\testscripts\tests\tfstests.agile.taskboard.controller.ts" id="f83daff9-783f-4f6e-95cb-731e0a5063c3">
      <Execution id="866c0536-0b36-4305-b4df-8b6a73e0fa4d" />
      <TestMethod codeBase="d:\v2.0\a1\_work\dbded102\vso\tfs\service\webaccess\agile\testscripts\tests\tfstests.agile.taskboard.controller.ts" adapterTypeName="Microsoft.VisualStudio.TestTools.TestTypes.Unit.UnitTestAdapter" className="d:\v2.0\a1\_work\dbded102\vso\tfs\service\webaccess\agile\testscripts\tests\tfstests.agile.taskboard.controller.ts::tfstests.agile.taskboard" name="TFSTests.Agile.TaskBoard.Controller EditWorkItem_RefreshesWorkItemViewOnSave" />
    </UnitTest>
    <UnitTest name="TFSTests.Agile.TaskBoard.Controller EditWorkItem_RemovesNewWorkItemViewOnDiscard" storage="d:\v2.0\a1\_work\dbded102\vso\tfs\service\webaccess\agile\testscripts\tests\tfstests.agile.taskboard.controller.ts" id="acde2c41-1d5b-43f2-9eef-862531405147">
      <Execution id="d0c12301-ab42-4946-8574-a0f7abd8de33" />
      <TestMethod codeBase="d:\v2.0\a1\_work\dbded102\vso\tfs\service\webaccess\agile\testscripts\tests\tfstests.agile.taskboard.controller.ts" adapterTypeName="Microsoft.VisualStudio.TestTools.TestTypes.Unit.UnitTestAdapter" className="d:\v2.0\a1\_work\dbded102\vso\tfs\service\webaccess\agile\testscripts\tests\tfstests.agile.taskboard.controller.ts::tfstests.agile.taskboard" name="TFSTests.Agile.TaskBoard.Controller EditWorkItem_RemovesNewWorkItemViewOnDiscard" />
    </UnitTest>
    <UnitTest name="TFSTests.Agile.TaskBoard.Controller EditWorkItem_SetsFocusOnClose" storage="d:\v2.0\a1\_work\dbded102\vso\tfs\service\webaccess\agile\testscripts\tests\tfstests.agile.taskboard.controller.ts" id="e9fa8cea-e3af-46ac-b316-445a33bbe569">
      <Execution id="bb395298-4af5-45d7-9d89-656ecfbbeb0f" />
      <TestMethod codeBase="d:\v2.0\a1\_work\dbded102\vso\tfs\service\webaccess\agile\testscripts\tests\tfstests.agile.taskboard.controller.ts" adapterTypeName="Microsoft.VisualStudio.TestTools.TestTypes.Unit.UnitTestAdapter" className="d:\v2.0\a1\_work\dbded102\vso\tfs\service\webaccess\agile\testscripts\tests\tfstests.agile.taskboard.controller.ts::tfstests.agile.taskboard" name="TFSTests.Agile.TaskBoard.Controller EditWorkItem_SetsFocusOnClose" />
    </UnitTest>
    <UnitTest name="TFSTests.Agile.TaskBoard.Controller EditWorkItem_ShouldNotRefreshWorkItemViewOnSave" storage="d:\v2.0\a1\_work\dbded102\vso\tfs\service\webaccess\agile\testscripts\tests\tfstests.agile.taskboard.controller.ts" id="188c11f2-c676-4f72-9fe8-f3ac6cd10225">
      <Execution id="4a190ebd-6b4e-433f-bd9b-68f85204f7b0" />
      <TestMethod codeBase="d:\v2.0\a1\_work\dbded102\vso\tfs\service\webaccess\agile\testscripts\tests\tfstests.agile.taskboard.controller.ts" adapterTypeName="Microsoft.VisualStudio.TestTools.TestTypes.Unit.UnitTestAdapter" className="d:\v2.0\a1\_work\dbded102\vso\tfs\service\webaccess\agile\testscripts\tests\tfstests.agile.taskboard.controller.ts::tfstests.agile.taskboard" name="TFSTests.Agile.TaskBoard.Controller EditWorkItem_ShouldNotRefreshWorkItemViewOnSave" />
    </UnitTest>
    <UnitTest name="TFSTests.Agile.TaskBoard.Controller beginCreateWorkItem_CreatesANewTile" storage="d:\v2.0\a1\_work\dbded102\vso\tfs\service\webaccess\agile\testscripts\tests\tfstests.agile.taskboard.controller.ts" id="14a5811f-4774-49ab-8635-d0b886231311">
      <Execution id="38f433ab-b713-479b-ac7a-72c56593598c" />
      <TestMethod codeBase="d:\v2.0\a1\_work\dbded102\vso\tfs\service\webaccess\agile\testscripts\tests\tfstests.agile.taskboard.controller.ts" adapterTypeName="Microsoft.VisualStudio.TestTools.TestTypes.Unit.UnitTestAdapter" className="d:\v2.0\a1\_work\dbded102\vso\tfs\service\webaccess\agile\testscripts\tests\tfstests.agile.taskboard.controller.ts::tfstests.agile.taskboard" name="TFSTests.Agile.TaskBoard.Controller beginCreateWorkItem_CreatesANewTile" />
    </UnitTest>
    <UnitTest name="TFSTests.Agile.TaskBoard.Controller DiscardWorkItem_RemovesNewWorkItemViewOnDiscard" storage="d:\v2.0\a1\_work\dbded102\vso\tfs\service\webaccess\agile\testscripts\tests\tfstests.agile.taskboard.controller.ts" id="ed52f875-b4e3-41d2-b4ad-76f0981ff44c">
      <Execution id="5ece645e-9385-481e-bd42-63ed6d72f35b" />
      <TestMethod codeBase="d:\v2.0\a1\_work\dbded102\vso\tfs\service\webaccess\agile\testscripts\tests\tfstests.agile.taskboard.controller.ts" adapterTypeName="Microsoft.VisualStudio.TestTools.TestTypes.Unit.UnitTestAdapter" className="d:\v2.0\a1\_work\dbded102\vso\tfs\service\webaccess\agile\testscripts\tests\tfstests.agile.taskboard.controller.ts::tfstests.agile.taskboard" name="TFSTests.Agile.TaskBoard.Controller DiscardWorkItem_RemovesNewWorkItemViewOnDiscard" />
    </UnitTest>
    <UnitTest name="TFSTests.Agile.TaskBoard.Controller Controller_RegistersForViewsWorkItemChangeStartedEvent" storage="d:\v2.0\a1\_work\dbded102\vso\tfs\service\webaccess\agile\testscripts\tests\tfstests.agile.taskboard.controller.ts" id="059641e4-41fd-4955-9cb0-21c703100ab4">
      <Execution id="a65c1118-557a-4a1a-a7b0-438131752b76" />
      <TestMethod codeBase="d:\v2.0\a1\_work\dbded102\vso\tfs\service\webaccess\agile\testscripts\tests\tfstests.agile.taskboard.controller.ts" adapterTypeName="Microsoft.VisualStudio.TestTools.TestTypes.Unit.UnitTestAdapter" className="d:\v2.0\a1\_work\dbded102\vso\tfs\service\webaccess\agile\testscripts\tests\tfstests.agile.taskboard.controller.ts::tfstests.agile.taskboard" name="TFSTests.Agile.TaskBoard.Controller Controller_RegistersForViewsWorkItemChangeStartedEvent" />
    </UnitTest>
    <UnitTest name="TFSTests.Agile.TaskBoard.Controller Controller_RegistersForViewsChangeWorkItemEvent" storage="d:\v2.0\a1\_work\dbded102\vso\tfs\service\webaccess\agile\testscripts\tests\tfstests.agile.taskboard.controller.ts" id="4cdc74f6-b2ca-40dc-9c88-5d93200efd92">
      <Execution id="6aa24004-d2b5-41bd-b090-a3152a8413fb" />
      <TestMethod codeBase="d:\v2.0\a1\_work\dbded102\vso\tfs\service\webaccess\agile\testscripts\tests\tfstests.agile.taskboard.controller.ts" adapterTypeName="Microsoft.VisualStudio.TestTools.TestTypes.Unit.UnitTestAdapter" className="d:\v2.0\a1\_work\dbded102\vso\tfs\service\webaccess\agile\testscripts\tests\tfstests.agile.taskboard.controller.ts::tfstests.agile.taskboard" name="TFSTests.Agile.TaskBoard.Controller Controller_RegistersForViewsChangeWorkItemEvent" />
    </UnitTest>
    <UnitTest name="TFSTests.Agile.TaskBoard.Controller Controller_RegistersForViewsEditWorkItemEvent" storage="d:\v2.0\a1\_work\dbded102\vso\tfs\service\webaccess\agile\testscripts\tests\tfstests.agile.taskboard.controller.ts" id="3f509c01-9386-4cba-ad37-993cb45e56ea">
      <Execution id="bc5525bc-55d8-41f5-9954-e39a909769c1" />
      <TestMethod codeBase="d:\v2.0\a1\_work\dbded102\vso\tfs\service\webaccess\agile\testscripts\tests\tfstests.agile.taskboard.controller.ts" adapterTypeName="Microsoft.VisualStudio.TestTools.TestTypes.Unit.UnitTestAdapter" className="d:\v2.0\a1\_work\dbded102\vso\tfs\service\webaccess\agile\testscripts\tests\tfstests.agile.taskboard.controller.ts::tfstests.agile.taskboard" name="TFSTests.Agile.TaskBoard.Controller Controller_RegistersForViewsEditWorkItemEvent" />
    </UnitTest>
    <UnitTest name="TFSTests.Agile.TaskBoard.ModelTests Initialize" storage="d:\v2.0\a1\_work\dbded102\vso\tfs\service\webaccess\agile\testscripts\tests\tfstests.agile.taskboard.model.ts" id="57b19687-94d6-40d2-a2f1-e80f312d4030">
      <Execution id="80f542df-e54b-4478-96c2-87d725047850" />
      <TestMethod codeBase="d:\v2.0\a1\_work\dbded102\vso\tfs\service\webaccess\agile\testscripts\tests\tfstests.agile.taskboard.model.ts" adapterTypeName="Microsoft.VisualStudio.TestTools.TestTypes.Unit.UnitTestAdapter" className="d:\v2.0\a1\_work\dbded102\vso\tfs\service\webaccess\agile\testscripts\tests\tfstests.agile.taskboard.model.ts::tfstests.agile.taskboard" name="TFSTests.Agile.TaskBoard.ModelTests Initialize" />
    </UnitTest>
    <UnitTest name="TFSTests.Agile.TaskBoard.ModelTests GetFieldValue" storage="d:\v2.0\a1\_work\dbded102\vso\tfs\service\webaccess\agile\testscripts\tests\tfstests.agile.taskboard.model.ts" id="f32f7f74-a108-478f-9bd0-5dac08905d2f">
      <Execution id="ed92f120-78c8-4491-bbd2-bc912037241f" />
      <TestMethod codeBase="d:\v2.0\a1\_work\dbded102\vso\tfs\service\webaccess\agile\testscripts\tests\tfstests.agile.taskboard.model.ts" adapterTypeName="Microsoft.VisualStudio.TestTools.TestTypes.Unit.UnitTestAdapter" className="d:\v2.0\a1\_work\dbded102\vso\tfs\service\webaccess\agile\testscripts\tests\tfstests.agile.taskboard.model.ts::tfstests.agile.taskboard" name="TFSTests.Agile.TaskBoard.ModelTests GetFieldValue" />
    </UnitTest>
    <UnitTest name="TFSTests.Agile.TaskBoard.ModelTests GetFieldValueReturnsZeroForWorkItemTypesWhichDoNotHaveRemainingWork" storage="d:\v2.0\a1\_work\dbded102\vso\tfs\service\webaccess\agile\testscripts\tests\tfstests.agile.taskboard.model.ts" id="203334e3-e8a3-4c73-b317-000c7d5853e6">
      <Execution id="e56c3bde-afcb-408c-bf00-f35d24b6b687" />
      <TestMethod codeBase="d:\v2.0\a1\_work\dbded102\vso\tfs\service\webaccess\agile\testscripts\tests\tfstests.agile.taskboard.model.ts" adapterTypeName="Microsoft.VisualStudio.TestTools.TestTypes.Unit.UnitTestAdapter" className="d:\v2.0\a1\_work\dbded102\vso\tfs\service\webaccess\agile\testscripts\tests\tfstests.agile.taskboard.model.ts::tfstests.agile.taskboard" name="TFSTests.Agile.TaskBoard.ModelTests GetFieldValueReturnsZeroForWorkItemTypesWhichDoNotHaveRemainingWork" />
    </UnitTest>
    <UnitTest name="TFSTests.Agile.TaskBoard.ModelTests GetFieldValueRespectsOverriddenFieldValues" storage="d:\v2.0\a1\_work\dbded102\vso\tfs\service\webaccess\agile\testscripts\tests\tfstests.agile.taskboard.model.ts" id="5b4d28b8-acc4-452e-a24a-a2b4747ab50f">
      <Execution id="8c4083a4-462d-4db7-a8fe-0a605c097721" />
      <TestMethod codeBase="d:\v2.0\a1\_work\dbded102\vso\tfs\service\webaccess\agile\testscripts\tests\tfstests.agile.taskboard.model.ts" adapterTypeName="Microsoft.VisualStudio.TestTools.TestTypes.Unit.UnitTestAdapter" className="d:\v2.0\a1\_work\dbded102\vso\tfs\service\webaccess\agile\testscripts\tests\tfstests.agile.taskboard.model.ts::tfstests.agile.taskboard" name="TFSTests.Agile.TaskBoard.ModelTests GetFieldValueRespectsOverriddenFieldValues" />
    </UnitTest>
    <UnitTest name="TFSTests.Agile.TaskBoard.ModelTests GetFieldValueThrowsWhenInvalidFieldNameIsProvided" storage="d:\v2.0\a1\_work\dbded102\vso\tfs\service\webaccess\agile\testscripts\tests\tfstests.agile.taskboard.model.ts" id="ab38c071-f5ed-4334-941a-3fbbaa9b402b">
      <Execution id="a1f5a171-a3e2-40fd-a58f-056aaabad386" />
      <TestMethod codeBase="d:\v2.0\a1\_work\dbded102\vso\tfs\service\webaccess\agile\testscripts\tests\tfstests.agile.taskboard.model.ts" adapterTypeName="Microsoft.VisualStudio.TestTools.TestTypes.Unit.UnitTestAdapter" className="d:\v2.0\a1\_work\dbded102\vso\tfs\service\webaccess\agile\testscripts\tests\tfstests.agile.taskboard.model.ts::tfstests.agile.taskboard" name="TFSTests.Agile.TaskBoard.ModelTests GetFieldValueThrowsWhenInvalidFieldNameIsProvided" />
    </UnitTest>
    <UnitTest name="TFSTests.Agile.TaskBoard.ModelTests GetFieldValueErrorCases" storage="d:\v2.0\a1\_work\dbded102\vso\tfs\service\webaccess\agile\testscripts\tests\tfstests.agile.taskboard.model.ts" id="aa24868f-e072-4e2e-a870-e34774dc72f2">
      <Execution id="d6ff78c2-f5d3-47f9-bae0-496d73a11d6b" />
      <TestMethod codeBase="d:\v2.0\a1\_work\dbded102\vso\tfs\service\webaccess\agile\testscripts\tests\tfstests.agile.taskboard.model.ts" adapterTypeName="Microsoft.VisualStudio.TestTools.TestTypes.Unit.UnitTestAdapter" className="d:\v2.0\a1\_work\dbded102\vso\tfs\service\webaccess\agile\testscripts\tests\tfstests.agile.taskboard.model.ts::tfstests.agile.taskboard" name="TFSTests.Agile.TaskBoard.ModelTests GetFieldValueErrorCases" />
    </UnitTest>
    <UnitTest name="TFSTests.Agile.TaskBoard.ModelTests FormatRemainingWorkReturnsEmptyStringWhenNoWorkIsProvided" storage="d:\v2.0\a1\_work\dbded102\vso\tfs\service\webaccess\agile\testscripts\tests\tfstests.agile.taskboard.model.ts" id="df790594-5e75-4d6a-942a-ae0604722c84">
      <Execution id="139ced1c-fcb7-4e8f-8d22-7a8ef7b83ce6" />
      <TestMethod codeBase="d:\v2.0\a1\_work\dbded102\vso\tfs\service\webaccess\agile\testscripts\tests\tfstests.agile.taskboard.model.ts" adapterTypeName="Microsoft.VisualStudio.TestTools.TestTypes.Unit.UnitTestAdapter" className="d:\v2.0\a1\_work\dbded102\vso\tfs\service\webaccess\agile\testscripts\tests\tfstests.agile.taskboard.model.ts::tfstests.agile.taskboard" name="TFSTests.Agile.TaskBoard.ModelTests FormatRemainingWorkReturnsEmptyStringWhenNoWorkIsProvided" />
    </UnitTest>
    <UnitTest name="TFSTests.Agile.TaskBoard.ModelTests FormatRemainingWorkReturnsFormattedString" storage="d:\v2.0\a1\_work\dbded102\vso\tfs\service\webaccess\agile\testscripts\tests\tfstests.agile.taskboard.model.ts" id="09c1c324-23e6-4cb5-ac69-142bb4690b53">
      <Execution id="5ec4069a-baff-4ecd-a9a0-53b7334c2a60" />
      <TestMethod codeBase="d:\v2.0\a1\_work\dbded102\vso\tfs\service\webaccess\agile\testscripts\tests\tfstests.agile.taskboard.model.ts" adapterTypeName="Microsoft.VisualStudio.TestTools.TestTypes.Unit.UnitTestAdapter" className="d:\v2.0\a1\_work\dbded102\vso\tfs\service\webaccess\agile\testscripts\tests\tfstests.agile.taskboard.model.ts::tfstests.agile.taskboard" name="TFSTests.Agile.TaskBoard.ModelTests FormatRemainingWorkReturnsFormattedString" />
    </UnitTest>
    <UnitTest name="TFSTests.Agile.TaskBoard.ModelTests GetValidStateTransitionsReturnsValuesInSortedOrder" storage="d:\v2.0\a1\_work\dbded102\vso\tfs\service\webaccess\agile\testscripts\tests\tfstests.agile.taskboard.model.ts" id="6d07ac1f-2e4b-4d7a-b9a1-a2cba068641a">
      <Execution id="4221979a-c125-4235-8db6-81609facb664" />
      <TestMethod codeBase="d:\v2.0\a1\_work\dbded102\vso\tfs\service\webaccess\agile\testscripts\tests\tfstests.agile.taskboard.model.ts" adapterTypeName="Microsoft.VisualStudio.TestTools.TestTypes.Unit.UnitTestAdapter" className="d:\v2.0\a1\_work\dbded102\vso\tfs\service\webaccess\agile\testscripts\tests\tfstests.agile.taskboard.model.ts::tfstests.agile.taskboard" name="TFSTests.Agile.TaskBoard.ModelTests GetValidStateTransitionsReturnsValuesInSortedOrder" />
    </UnitTest>
    <UnitTest name="TFSTests.Agile.TaskBoard.ModelTests GetValidStateTransitionsReturnsCurrentStateIfKeyNotFound" storage="d:\v2.0\a1\_work\dbded102\vso\tfs\service\webaccess\agile\testscripts\tests\tfstests.agile.taskboard.model.ts" id="be9138ac-37b8-4a00-b19a-a343ff9686a1">
      <Execution id="b4930e02-00a0-47ba-b653-f3905f5f3a04" />
      <TestMethod codeBase="d:\v2.0\a1\_work\dbded102\vso\tfs\service\webaccess\agile\testscripts\tests\tfstests.agile.taskboard.model.ts" adapterTypeName="Microsoft.VisualStudio.TestTools.TestTypes.Unit.UnitTestAdapter" className="d:\v2.0\a1\_work\dbded102\vso\tfs\service\webaccess\agile\testscripts\tests\tfstests.agile.taskboard.model.ts::tfstests.agile.taskboard" name="TFSTests.Agile.TaskBoard.ModelTests GetValidStateTransitionsReturnsCurrentStateIfKeyNotFound" />
    </UnitTest>
    <UnitTest name="TFSTests.Agile.TaskBoard.ModelTests GetValidStateTransitionsReturnsProperStateTransitionsForUnicodeKey" storage="d:\v2.0\a1\_work\dbded102\vso\tfs\service\webaccess\agile\testscripts\tests\tfstests.agile.taskboard.model.ts" id="e598d167-b985-4436-9200-aa1a2701fdbb">
      <Execution id="22d3ba03-fcd7-4049-8213-769088ca786b" />
      <TestMethod codeBase="d:\v2.0\a1\_work\dbded102\vso\tfs\service\webaccess\agile\testscripts\tests\tfstests.agile.taskboard.model.ts" adapterTypeName="Microsoft.VisualStudio.TestTools.TestTypes.Unit.UnitTestAdapter" className="d:\v2.0\a1\_work\dbded102\vso\tfs\service\webaccess\agile\testscripts\tests\tfstests.agile.taskboard.model.ts::tfstests.agile.taskboard" name="TFSTests.Agile.TaskBoard.ModelTests GetValidStateTransitionsReturnsProperStateTransitionsForUnicodeKey" />
    </UnitTest>
    <UnitTest name="TFSTests.Agile.TaskBoard.ModelTests CalculateRollupReturnsExpectedRollupForTheParentClassification" storage="d:\v2.0\a1\_work\dbded102\vso\tfs\service\webaccess\agile\testscripts\tests\tfstests.agile.taskboard.model.ts" id="2def665f-46e9-4353-a723-275fc58abf9c">
      <Execution id="252628a4-2298-4f7d-9631-b8717ec42631" />
      <TestMethod codeBase="d:\v2.0\a1\_work\dbded102\vso\tfs\service\webaccess\agile\testscripts\tests\tfstests.agile.taskboard.model.ts" adapterTypeName="Microsoft.VisualStudio.TestTools.TestTypes.Unit.UnitTestAdapter" className="d:\v2.0\a1\_work\dbded102\vso\tfs\service\webaccess\agile\testscripts\tests\tfstests.agile.taskboard.model.ts::tfstests.agile.taskboard" name="TFSTests.Agile.TaskBoard.ModelTests CalculateRollupReturnsExpectedRollupForTheParentClassification" />
    </UnitTest>
    <UnitTest name="TFSTests.Agile.TaskBoard.ModelTests CalculateRollupReturnsExpectedRollupForThePeopleClassification" storage="d:\v2.0\a1\_work\dbded102\vso\tfs\service\webaccess\agile\testscripts\tests\tfstests.agile.taskboard.model.ts" id="e66beb2f-d4d2-4df9-b2e2-33735b62bd35">
      <Execution id="e0b76ffb-5bbc-4fb3-9818-7ddab8ec1b28" />
      <TestMethod codeBase="d:\v2.0\a1\_work\dbded102\vso\tfs\service\webaccess\agile\testscripts\tests\tfstests.agile.taskboard.model.ts" adapterTypeName="Microsoft.VisualStudio.TestTools.TestTypes.Unit.UnitTestAdapter" className="d:\v2.0\a1\_work\dbded102\vso\tfs\service\webaccess\agile\testscripts\tests\tfstests.agile.taskboard.model.ts::tfstests.agile.taskboard" name="TFSTests.Agile.TaskBoard.ModelTests CalculateRollupReturnsExpectedRollupForThePeopleClassification" />
    </UnitTest>
    <UnitTest name="TFSTests.Agile.TaskBoard.ModelTests CalculateRollupExcludesWorkItemsWithStateNotOnTaskboard" storage="d:\v2.0\a1\_work\dbded102\vso\tfs\service\webaccess\agile\testscripts\tests\tfstests.agile.taskboard.model.ts" id="125f31e3-6382-49f2-bdbf-490e6e5ef0e0">
      <Execution id="c23308e1-2ecd-4167-b4a3-bbc8d9d69f48" />
      <TestMethod codeBase="d:\v2.0\a1\_work\dbded102\vso\tfs\service\webaccess\agile\testscripts\tests\tfstests.agile.taskboard.model.ts" adapterTypeName="Microsoft.VisualStudio.TestTools.TestTypes.Unit.UnitTestAdapter" className="d:\v2.0\a1\_work\dbded102\vso\tfs\service\webaccess\agile\testscripts\tests\tfstests.agile.taskboard.model.ts::tfstests.agile.taskboard" name="TFSTests.Agile.TaskBoard.ModelTests CalculateRollupExcludesWorkItemsWithStateNotOnTaskboard" />
    </UnitTest>
    <UnitTest name="TFSTests.Agile.TaskBoard.ModelTests GetChildWorkItemIds_ReturnsExpectedListOfWorkItemIDs" storage="d:\v2.0\a1\_work\dbded102\vso\tfs\service\webaccess\agile\testscripts\tests\tfstests.agile.taskboard.model.ts" id="dcc41066-c108-41f7-994f-0ec3ed3c1366">
      <Execution id="20756905-c79a-4c3f-8be9-fae904a6af9d" />
      <TestMethod codeBase="d:\v2.0\a1\_work\dbded102\vso\tfs\service\webaccess\agile\testscripts\tests\tfstests.agile.taskboard.model.ts" adapterTypeName="Microsoft.VisualStudio.TestTools.TestTypes.Unit.UnitTestAdapter" className="d:\v2.0\a1\_work\dbded102\vso\tfs\service\webaccess\agile\testscripts\tests\tfstests.agile.taskboard.model.ts::tfstests.agile.taskboard" name="TFSTests.Agile.TaskBoard.ModelTests GetChildWorkItemIds_ReturnsExpectedListOfWorkItemIDs" />
    </UnitTest>
    <UnitTest name="TFSTests.Agile.TaskBoard.ModelTests GetClassification_ReturnsExpectedDataForParentClassificationType" storage="d:\v2.0\a1\_work\dbded102\vso\tfs\service\webaccess\agile\testscripts\tests\tfstests.agile.taskboard.model.ts" id="68564951-5394-407b-a38f-36c9ba3d55f8">
      <Execution id="2a9de1ae-679b-47d8-9f32-6dbbc9389f25" />
      <TestMethod codeBase="d:\v2.0\a1\_work\dbded102\vso\tfs\service\webaccess\agile\testscripts\tests\tfstests.agile.taskboard.model.ts" adapterTypeName="Microsoft.VisualStudio.TestTools.TestTypes.Unit.UnitTestAdapter" className="d:\v2.0\a1\_work\dbded102\vso\tfs\service\webaccess\agile\testscripts\tests\tfstests.agile.taskboard.model.ts::tfstests.agile.taskboard" name="TFSTests.Agile.TaskBoard.ModelTests GetClassification_ReturnsExpectedDataForParentClassificationType" />
    </UnitTest>
    <UnitTest name="TFSTests.Agile.TaskBoard.ModelTests GetPivotFieldValue_ReturnsTheParentIDWhenUsingParentClassification" storage="d:\v2.0\a1\_work\dbded102\vso\tfs\service\webaccess\agile\testscripts\tests\tfstests.agile.taskboard.model.ts" id="5ed7ca9c-8cf3-4566-97c4-51451d06501f">
      <Execution id="ca8d5522-082e-476c-851d-d5d05aa9412e" />
      <TestMethod codeBase="d:\v2.0\a1\_work\dbded102\vso\tfs\service\webaccess\agile\testscripts\tests\tfstests.agile.taskboard.model.ts" adapterTypeName="Microsoft.VisualStudio.TestTools.TestTypes.Unit.UnitTestAdapter" className="d:\v2.0\a1\_work\dbded102\vso\tfs\service\webaccess\agile\testscripts\tests\tfstests.agile.taskboard.model.ts::tfstests.agile.taskboard" name="TFSTests.Agile.TaskBoard.ModelTests GetPivotFieldValue_ReturnsTheParentIDWhenUsingParentClassification" />
    </UnitTest>
    <UnitTest name="TFSTests.Agile.TaskBoard.ModelTests GetClassification_ReturnsExpectedDataForPeopleClassificationType" storage="d:\v2.0\a1\_work\dbded102\vso\tfs\service\webaccess\agile\testscripts\tests\tfstests.agile.taskboard.model.ts" id="46409e33-c838-47e3-8819-372c92d7994e">
      <Execution id="28375916-85a4-40e9-8563-9d1ce18248e0" />
      <TestMethod codeBase="d:\v2.0\a1\_work\dbded102\vso\tfs\service\webaccess\agile\testscripts\tests\tfstests.agile.taskboard.model.ts" adapterTypeName="Microsoft.VisualStudio.TestTools.TestTypes.Unit.UnitTestAdapter" className="d:\v2.0\a1\_work\dbded102\vso\tfs\service\webaccess\agile\testscripts\tests\tfstests.agile.taskboard.model.ts::tfstests.agile.taskboard" name="TFSTests.Agile.TaskBoard.ModelTests GetClassification_ReturnsExpectedDataForPeopleClassificationType" />
    </UnitTest>
    <UnitTest name="TFSTests.Agile.TaskBoard.ModelTests GetPivotFieldValue_ReturnsTheAssignedToWhenUsingPeopleClassification" storage="d:\v2.0\a1\_work\dbded102\vso\tfs\service\webaccess\agile\testscripts\tests\tfstests.agile.taskboard.model.ts" id="260f4c67-f000-41d1-ab0d-0b0b6acbd22e">
      <Execution id="353cbe5d-b8cb-4377-bf3f-637f90a4e068" />
      <TestMethod codeBase="d:\v2.0\a1\_work\dbded102\vso\tfs\service\webaccess\agile\testscripts\tests\tfstests.agile.taskboard.model.ts" adapterTypeName="Microsoft.VisualStudio.TestTools.TestTypes.Unit.UnitTestAdapter" className="d:\v2.0\a1\_work\dbded102\vso\tfs\service\webaccess\agile\testscripts\tests\tfstests.agile.taskboard.model.ts::tfstests.agile.taskboard" name="TFSTests.Agile.TaskBoard.ModelTests GetPivotFieldValue_ReturnsTheAssignedToWhenUsingPeopleClassification" />
    </UnitTest>
    <UnitTest name="TFSTests.Agile.TaskBoard.ModelTests GetFieldValue_ReturnsTheOrderByFieldValue" storage="d:\v2.0\a1\_work\dbded102\vso\tfs\service\webaccess\agile\testscripts\tests\tfstests.agile.taskboard.model.ts" id="b6c28493-ea6b-4b7b-8c13-29bf8e556a79">
      <Execution id="9e01c2b0-0e50-4682-87da-420ce8a72174" />
      <TestMethod codeBase="d:\v2.0\a1\_work\dbded102\vso\tfs\service\webaccess\agile\testscripts\tests\tfstests.agile.taskboard.model.ts" adapterTypeName="Microsoft.VisualStudio.TestTools.TestTypes.Unit.UnitTestAdapter" className="d:\v2.0\a1\_work\dbded102\vso\tfs\service\webaccess\agile\testscripts\tests\tfstests.agile.taskboard.model.ts::tfstests.agile.taskboard" name="TFSTests.Agile.TaskBoard.ModelTests GetFieldValue_ReturnsTheOrderByFieldValue" />
    </UnitTest>
    <UnitTest name="TFSTests.Agile.TaskBoard.ModelTests GetValidTransitions_GetsValidTransitions" storage="d:\v2.0\a1\_work\dbded102\vso\tfs\service\webaccess\agile\testscripts\tests\tfstests.agile.taskboard.model.ts" id="843ee65b-2052-47ab-817b-bd4788da2f92">
      <Execution id="c90005bf-faa1-4720-8024-b604e0caf3a6" />
      <TestMethod codeBase="d:\v2.0\a1\_work\dbded102\vso\tfs\service\webaccess\agile\testscripts\tests\tfstests.agile.taskboard.model.ts" adapterTypeName="Microsoft.VisualStudio.TestTools.TestTypes.Unit.UnitTestAdapter" className="d:\v2.0\a1\_work\dbded102\vso\tfs\service\webaccess\agile\testscripts\tests\tfstests.agile.taskboard.model.ts::tfstests.agile.taskboard" name="TFSTests.Agile.TaskBoard.ModelTests GetValidTransitions_GetsValidTransitions" />
    </UnitTest>
    <UnitTest name="TFSTests.Agile.TaskBoard.ModelTests BeginCreateWorkItem_FiresCallbackWithNewWorkItem" storage="d:\v2.0\a1\_work\dbded102\vso\tfs\service\webaccess\agile\testscripts\tests\tfstests.agile.taskboard.model.ts" id="21b1abaf-99af-49e8-a003-681bc72fb756">
      <Execution id="df46219e-1163-41ee-80eb-63e783adfd04" />
      <TestMethod codeBase="d:\v2.0\a1\_work\dbded102\vso\tfs\service\webaccess\agile\testscripts\tests\tfstests.agile.taskboard.model.ts" adapterTypeName="Microsoft.VisualStudio.TestTools.TestTypes.Unit.UnitTestAdapter" className="d:\v2.0\a1\_work\dbded102\vso\tfs\service\webaccess\agile\testscripts\tests\tfstests.agile.taskboard.model.ts::tfstests.agile.taskboard" name="TFSTests.Agile.TaskBoard.ModelTests BeginCreateWorkItem_FiresCallbackWithNewWorkItem" />
    </UnitTest>
    <UnitTest name="TFSTests.Agile.TaskBoard.ModelTests CreateWorkItem_AddsWorkItemIdToChildCollection" storage="d:\v2.0\a1\_work\dbded102\vso\tfs\service\webaccess\agile\testscripts\tests\tfstests.agile.taskboard.model.ts" id="826e8dfa-3adb-4a59-85fa-698360fc1439">
      <Execution id="c805097c-26b8-4a11-b847-d1590be6fae6" />
      <TestMethod codeBase="d:\v2.0\a1\_work\dbded102\vso\tfs\service\webaccess\agile\testscripts\tests\tfstests.agile.taskboard.model.ts" adapterTypeName="Microsoft.VisualStudio.TestTools.TestTypes.Unit.UnitTestAdapter" className="d:\v2.0\a1\_work\dbded102\vso\tfs\service\webaccess\agile\testscripts\tests\tfstests.agile.taskboard.model.ts::tfstests.agile.taskboard" name="TFSTests.Agile.TaskBoard.ModelTests CreateWorkItem_AddsWorkItemIdToChildCollection" />
    </UnitTest>
    <UnitTest name="TFSTests.Agile.TaskBoard.ModelTests FilterValues" storage="d:\v2.0\a1\_work\dbded102\vso\tfs\service\webaccess\agile\testscripts\tests\tfstests.agile.taskboard.model.ts" id="39ccdc79-c5b1-4144-b78c-2d49ce72d412">
      <Execution id="8915c565-651f-49e6-a631-79628b9063fc" />
      <TestMethod codeBase="d:\v2.0\a1\_work\dbded102\vso\tfs\service\webaccess\agile\testscripts\tests\tfstests.agile.taskboard.model.ts" adapterTypeName="Microsoft.VisualStudio.TestTools.TestTypes.Unit.UnitTestAdapter" className="d:\v2.0\a1\_work\dbded102\vso\tfs\service\webaccess\agile\testscripts\tests\tfstests.agile.taskboard.model.ts::tfstests.agile.taskboard" name="TFSTests.Agile.TaskBoard.ModelTests FilterValues" />
    </UnitTest>
    <UnitTest name="TFSTests.Agile.TaskBoard.ModelTests EmptyFilterValues" storage="d:\v2.0\a1\_work\dbded102\vso\tfs\service\webaccess\agile\testscripts\tests\tfstests.agile.taskboard.model.ts" id="84471918-49bc-4ed7-8af1-c3a39869ac9a">
      <Execution id="2edf2f67-89da-4bb9-825e-95e03f67b6db" />
      <TestMethod codeBase="d:\v2.0\a1\_work\dbded102\vso\tfs\service\webaccess\agile\testscripts\tests\tfstests.agile.taskboard.model.ts" adapterTypeName="Microsoft.VisualStudio.TestTools.TestTypes.Unit.UnitTestAdapter" className="d:\v2.0\a1\_work\dbded102\vso\tfs\service\webaccess\agile\testscripts\tests\tfstests.agile.taskboard.model.ts::tfstests.agile.taskboard" name="TFSTests.Agile.TaskBoard.ModelTests EmptyFilterValues" />
    </UnitTest>
    <UnitTest name="TFSTests.Agile.TaskBoard.ModelTests MembersOnlyFilterValues" storage="d:\v2.0\a1\_work\dbded102\vso\tfs\service\webaccess\agile\testscripts\tests\tfstests.agile.taskboard.model.ts" id="55de09cc-3812-474d-907f-fcda03fa906a">
      <Execution id="4080dece-cda4-4c6f-baa3-378e4e8e7e1f" />
      <TestMethod codeBase="d:\v2.0\a1\_work\dbded102\vso\tfs\service\webaccess\agile\testscripts\tests\tfstests.agile.taskboard.model.ts" adapterTypeName="Microsoft.VisualStudio.TestTools.TestTypes.Unit.UnitTestAdapter" className="d:\v2.0\a1\_work\dbded102\vso\tfs\service\webaccess\agile\testscripts\tests\tfstests.agile.taskboard.model.ts::tfstests.agile.taskboard" name="TFSTests.Agile.TaskBoard.ModelTests MembersOnlyFilterValues" />
    </UnitTest>
    <UnitTest name="TFSTests.Agile.TaskBoard.ModelTests WorkItemsOnlyFilterValues" storage="d:\v2.0\a1\_work\dbded102\vso\tfs\service\webaccess\agile\testscripts\tests\tfstests.agile.taskboard.model.ts" id="c202ead4-4d99-429d-8f3b-642f758c65ad">
      <Execution id="748616fe-7143-4e90-ac4f-d5b7d8597016" />
      <TestMethod codeBase="d:\v2.0\a1\_work\dbded102\vso\tfs\service\webaccess\agile\testscripts\tests\tfstests.agile.taskboard.model.ts" adapterTypeName="Microsoft.VisualStudio.TestTools.TestTypes.Unit.UnitTestAdapter" className="d:\v2.0\a1\_work\dbded102\vso\tfs\service\webaccess\agile\testscripts\tests\tfstests.agile.taskboard.model.ts::tfstests.agile.taskboard" name="TFSTests.Agile.TaskBoard.ModelTests WorkItemsOnlyFilterValues" />
    </UnitTest>
    <UnitTest name="TFSTests.Agile.TaskBoard.ModelTests FilterValuesIncludeUsersWithPreviouslyAssignedWork" storage="d:\v2.0\a1\_work\dbded102\vso\tfs\service\webaccess\agile\testscripts\tests\tfstests.agile.taskboard.model.ts" id="768ff4ed-474d-487c-9910-f150f4f4f0ae">
      <Execution id="9ab5fd0e-2806-4779-97a6-e5f4e80dfc3f" />
      <TestMethod codeBase="d:\v2.0\a1\_work\dbded102\vso\tfs\service\webaccess\agile\testscripts\tests\tfstests.agile.taskboard.model.ts" adapterTypeName="Microsoft.VisualStudio.TestTools.TestTypes.Unit.UnitTestAdapter" className="d:\v2.0\a1\_work\dbded102\vso\tfs\service\webaccess\agile\testscripts\tests\tfstests.agile.taskboard.model.ts::tfstests.agile.taskboard" name="TFSTests.Agile.TaskBoard.ModelTests FilterValuesIncludeUsersWithPreviouslyAssignedWork" />
    </UnitTest>
    <UnitTest name="TFSTests.Agile.TaskBoard.ModelTests UnassignedFilterValueIsCorrectlySetFromModelPayload" storage="d:\v2.0\a1\_work\dbded102\vso\tfs\service\webaccess\agile\testscripts\tests\tfstests.agile.taskboard.model.ts" id="f7e29f38-a3e8-420c-90e8-04818842b1ce">
      <Execution id="a2fb264e-23d0-4f23-84b0-624d8d729db2" />
      <TestMethod codeBase="d:\v2.0\a1\_work\dbded102\vso\tfs\service\webaccess\agile\testscripts\tests\tfstests.agile.taskboard.model.ts" adapterTypeName="Microsoft.VisualStudio.TestTools.TestTypes.Unit.UnitTestAdapter" className="d:\v2.0\a1\_work\dbded102\vso\tfs\service\webaccess\agile\testscripts\tests\tfstests.agile.taskboard.model.ts::tfstests.agile.taskboard" name="TFSTests.Agile.TaskBoard.ModelTests UnassignedFilterValueIsCorrectlySetFromModelPayload" />
    </UnitTest>
    <UnitTest name="TFSTests.Agile.TaskBoard.ModelTests NoFilterValueIsCorrectlySetFromModelPayload" storage="d:\v2.0\a1\_work\dbded102\vso\tfs\service\webaccess\agile\testscripts\tests\tfstests.agile.taskboard.model.ts" id="0817cb7d-a4ac-4937-a2b9-d955be83510c">
      <Execution id="48bfb0ac-eebe-476e-b7ca-35a625c376d1" />
      <TestMethod codeBase="d:\v2.0\a1\_work\dbded102\vso\tfs\service\webaccess\agile\testscripts\tests\tfstests.agile.taskboard.model.ts" adapterTypeName="Microsoft.VisualStudio.TestTools.TestTypes.Unit.UnitTestAdapter" className="d:\v2.0\a1\_work\dbded102\vso\tfs\service\webaccess\agile\testscripts\tests\tfstests.agile.taskboard.model.ts::tfstests.agile.taskboard" name="TFSTests.Agile.TaskBoard.ModelTests NoFilterValueIsCorrectlySetFromModelPayload" />
    </UnitTest>
    <UnitTest name="TFSTests.Agile.TaskBoard.ModelTests isStateComplete" storage="d:\v2.0\a1\_work\dbded102\vso\tfs\service\webaccess\agile\testscripts\tests\tfstests.agile.taskboard.model.ts" id="97006d21-3716-4dc1-938a-018ddfddfed2">
      <Execution id="4599e018-3bcc-4619-83c5-7fa88bec8720" />
      <TestMethod codeBase="d:\v2.0\a1\_work\dbded102\vso\tfs\service\webaccess\agile\testscripts\tests\tfstests.agile.taskboard.model.ts" adapterTypeName="Microsoft.VisualStudio.TestTools.TestTypes.Unit.UnitTestAdapter" className="d:\v2.0\a1\_work\dbded102\vso\tfs\service\webaccess\agile\testscripts\tests\tfstests.agile.taskboard.model.ts::tfstests.agile.taskboard" name="TFSTests.Agile.TaskBoard.ModelTests isStateComplete" />
    </UnitTest>
    <UnitTest name="TFSTests.Agile.TaskBoard.ModelTests hasActiveChildItems" storage="d:\v2.0\a1\_work\dbded102\vso\tfs\service\webaccess\agile\testscripts\tests\tfstests.agile.taskboard.model.ts" id="5cfe6d24-205b-4768-acb2-c994c985aa79">
      <Execution id="f341955a-c73d-4b31-8199-f185b3d77ec2" />
      <TestMethod codeBase="d:\v2.0\a1\_work\dbded102\vso\tfs\service\webaccess\agile\testscripts\tests\tfstests.agile.taskboard.model.ts" adapterTypeName="Microsoft.VisualStudio.TestTools.TestTypes.Unit.UnitTestAdapter" className="d:\v2.0\a1\_work\dbded102\vso\tfs\service\webaccess\agile\testscripts\tests\tfstests.agile.taskboard.model.ts::tfstests.agile.taskboard" name="TFSTests.Agile.TaskBoard.ModelTests hasActiveChildItems" />
    </UnitTest>
    <UnitTest name="TFSTests.Agile.TaskBoard.ModelTests TestPivotFieldValueForTasksUnderNonParentWorkItems" storage="d:\v2.0\a1\_work\dbded102\vso\tfs\service\webaccess\agile\testscripts\tests\tfstests.agile.taskboard.model.ts" id="902011ac-4c65-437b-85df-416edaff73ba">
      <Execution id="03443a95-762d-4540-99aa-3c6e22cc4453" />
      <TestMethod codeBase="d:\v2.0\a1\_work\dbded102\vso\tfs\service\webaccess\agile\testscripts\tests\tfstests.agile.taskboard.model.ts" adapterTypeName="Microsoft.VisualStudio.TestTools.TestTypes.Unit.UnitTestAdapter" className="d:\v2.0\a1\_work\dbded102\vso\tfs\service\webaccess\agile\testscripts\tests\tfstests.agile.taskboard.model.ts::tfstests.agile.taskboard" name="TFSTests.Agile.TaskBoard.ModelTests TestPivotFieldValueForTasksUnderNonParentWorkItems" />
    </UnitTest>
    <UnitTest name="TFSTests.Agile.TaskBoard.ModelTests TestTaskBoardCardField_AllowedAssignedToValues" storage="d:\v2.0\a1\_work\dbded102\vso\tfs\service\webaccess\agile\testscripts\tests\tfstests.agile.taskboard.model.ts" id="0e52fd84-376c-45d6-ad83-41ea70a42113">
      <Execution id="e1b15a95-99ec-4e0b-9201-b9b3ab18e16e" />
      <TestMethod codeBase="d:\v2.0\a1\_work\dbded102\vso\tfs\service\webaccess\agile\testscripts\tests\tfstests.agile.taskboard.model.ts" adapterTypeName="Microsoft.VisualStudio.TestTools.TestTypes.Unit.UnitTestAdapter" className="d:\v2.0\a1\_work\dbded102\vso\tfs\service\webaccess\agile\testscripts\tests\tfstests.agile.taskboard.model.ts::tfstests.agile.taskboard" name="TFSTests.Agile.TaskBoard.ModelTests TestTaskBoardCardField_AllowedAssignedToValues" />
    </UnitTest>
    <UnitTest name="TFSTests.Agile.TaskBoard.ModelTests TestTaskBoardCardField_AllowedRemainingWorkValues_PassingLargeNumber" storage="d:\v2.0\a1\_work\dbded102\vso\tfs\service\webaccess\agile\testscripts\tests\tfstests.agile.taskboard.model.ts" id="19fcffb3-7b71-4f5b-b4da-846aaf2a0178">
      <Execution id="988c6924-e060-47d0-b74e-e1580b8a7d02" />
      <TestMethod codeBase="d:\v2.0\a1\_work\dbded102\vso\tfs\service\webaccess\agile\testscripts\tests\tfstests.agile.taskboard.model.ts" adapterTypeName="Microsoft.VisualStudio.TestTools.TestTypes.Unit.UnitTestAdapter" className="d:\v2.0\a1\_work\dbded102\vso\tfs\service\webaccess\agile\testscripts\tests\tfstests.agile.taskboard.model.ts::tfstests.agile.taskboard" name="TFSTests.Agile.TaskBoard.ModelTests TestTaskBoardCardField_AllowedRemainingWorkValues_PassingLargeNumber" />
    </UnitTest>
    <UnitTest name="TFSTests.Agile.TaskBoard.ModelTests TestTaskBoardCardField_AllowedRemainingWorkValues_PassingSmallNumber" storage="d:\v2.0\a1\_work\dbded102\vso\tfs\service\webaccess\agile\testscripts\tests\tfstests.agile.taskboard.model.ts" id="9ef8c7a3-51ed-4ad9-ac05-3fcad237c098">
      <Execution id="31bedc27-79f7-406f-af67-56403721a8ff" />
      <TestMethod codeBase="d:\v2.0\a1\_work\dbded102\vso\tfs\service\webaccess\agile\testscripts\tests\tfstests.agile.taskboard.model.ts" adapterTypeName="Microsoft.VisualStudio.TestTools.TestTypes.Unit.UnitTestAdapter" className="d:\v2.0\a1\_work\dbded102\vso\tfs\service\webaccess\agile\testscripts\tests\tfstests.agile.taskboard.model.ts::tfstests.agile.taskboard" name="TFSTests.Agile.TaskBoard.ModelTests TestTaskBoardCardField_AllowedRemainingWorkValues_PassingSmallNumber" />
    </UnitTest>
    <UnitTest name="TFSTests.Agile.TaskBoard.ModelTests TestTaskBoardCardField_AllowedRemainingWorkValues_PassingNull" storage="d:\v2.0\a1\_work\dbded102\vso\tfs\service\webaccess\agile\testscripts\tests\tfstests.agile.taskboard.model.ts" id="d62f464b-4bf4-470d-b384-8f7eebdfe105">
      <Execution id="e4d48135-4a09-4b2b-921a-f628990358d7" />
      <TestMethod codeBase="d:\v2.0\a1\_work\dbded102\vso\tfs\service\webaccess\agile\testscripts\tests\tfstests.agile.taskboard.model.ts" adapterTypeName="Microsoft.VisualStudio.TestTools.TestTypes.Unit.UnitTestAdapter" className="d:\v2.0\a1\_work\dbded102\vso\tfs\service\webaccess\agile\testscripts\tests\tfstests.agile.taskboard.model.ts::tfstests.agile.taskboard" name="TFSTests.Agile.TaskBoard.ModelTests TestTaskBoardCardField_AllowedRemainingWorkValues_PassingNull" />
    </UnitTest>
    <UnitTest name="TFSTests.Agile.TaskBoard.ModelTests TestTaskBoardCardField_RemainingWork_HasAllowedValues" storage="d:\v2.0\a1\_work\dbded102\vso\tfs\service\webaccess\agile\testscripts\tests\tfstests.agile.taskboard.model.ts" id="2aacf9a6-0a10-4884-bb6d-e70a3df9a27f">
      <Execution id="71dbf702-1891-4bd5-96aa-9dfa7f829b42" />
      <TestMethod codeBase="d:\v2.0\a1\_work\dbded102\vso\tfs\service\webaccess\agile\testscripts\tests\tfstests.agile.taskboard.model.ts" adapterTypeName="Microsoft.VisualStudio.TestTools.TestTypes.Unit.UnitTestAdapter" className="d:\v2.0\a1\_work\dbded102\vso\tfs\service\webaccess\agile\testscripts\tests\tfstests.agile.taskboard.model.ts::tfstests.agile.taskboard" name="TFSTests.Agile.TaskBoard.ModelTests TestTaskBoardCardField_RemainingWork_HasAllowedValues" />
    </UnitTest>
    <UnitTest name="TFSTests.Agile.TaskBoard.ModelTests TestTaskBoardCardField_AssignedTo_HasAllowedValues" storage="d:\v2.0\a1\_work\dbded102\vso\tfs\service\webaccess\agile\testscripts\tests\tfstests.agile.taskboard.model.ts" id="96353ab5-d250-458f-a75e-566ecce61bfc">
      <Execution id="cd2a46a7-ff25-4fca-a879-761fdf05b843" />
      <TestMethod codeBase="d:\v2.0\a1\_work\dbded102\vso\tfs\service\webaccess\agile\testscripts\tests\tfstests.agile.taskboard.model.ts" adapterTypeName="Microsoft.VisualStudio.TestTools.TestTypes.Unit.UnitTestAdapter" className="d:\v2.0\a1\_work\dbded102\vso\tfs\service\webaccess\agile\testscripts\tests\tfstests.agile.taskboard.model.ts::tfstests.agile.taskboard" name="TFSTests.Agile.TaskBoard.ModelTests TestTaskBoardCardField_AssignedTo_HasAllowedValues" />
    </UnitTest>
    <UnitTest name="TFSTests.Agile.TaskBoard.ModelTests TestTaskBoardCardField_SetGetValue" storage="d:\v2.0\a1\_work\dbded102\vso\tfs\service\webaccess\agile\testscripts\tests\tfstests.agile.taskboard.model.ts" id="8efcfb15-8583-46d6-840f-085db29cefa9">
      <Execution id="d436650b-f649-4c27-81fd-2a89d28bcbf8" />
      <TestMethod codeBase="d:\v2.0\a1\_work\dbded102\vso\tfs\service\webaccess\agile\testscripts\tests\tfstests.agile.taskboard.model.ts" adapterTypeName="Microsoft.VisualStudio.TestTools.TestTypes.Unit.UnitTestAdapter" className="d:\v2.0\a1\_work\dbded102\vso\tfs\service\webaccess\agile\testscripts\tests\tfstests.agile.taskboard.model.ts::tfstests.agile.taskboard" name="TFSTests.Agile.TaskBoard.ModelTests TestTaskBoardCardField_SetGetValue" />
    </UnitTest>
    <UnitTest name="TFSTests.Agile.TaskBoard.ModelTests TestGetFieldValue_ParentNotATaskBoardParent" storage="d:\v2.0\a1\_work\dbded102\vso\tfs\service\webaccess\agile\testscripts\tests\tfstests.agile.taskboard.model.ts" id="8a56ac3f-5ab2-4cc5-affd-79885dcc560d">
      <Execution id="8675edad-0511-4f2d-8085-4d6f086462b6" />
      <TestMethod codeBase="d:\v2.0\a1\_work\dbded102\vso\tfs\service\webaccess\agile\testscripts\tests\tfstests.agile.taskboard.model.ts" adapterTypeName="Microsoft.VisualStudio.TestTools.TestTypes.Unit.UnitTestAdapter" className="d:\v2.0\a1\_work\dbded102\vso\tfs\service\webaccess\agile\testscripts\tests\tfstests.agile.taskboard.model.ts::tfstests.agile.taskboard" name="TFSTests.Agile.TaskBoard.ModelTests TestGetFieldValue_ParentNotATaskBoardParent" />
    </UnitTest>
    <UnitTest name="TFSTests.Agile.TaskBoard.View.Generation ShowTaskboard_CallsViewDisplay" storage="d:\v2.0\a1\_work\dbded102\vso\tfs\service\webaccess\agile\testscripts\tests\tfstests.agile.taskboard.view.generation.ts" id="fa7af941-59d4-428c-9e4b-13c147803914">
      <Execution id="4d9497cf-edb5-410e-9aa1-7eff73fb6b4a" />
      <TestMethod codeBase="d:\v2.0\a1\_work\dbded102\vso\tfs\service\webaccess\agile\testscripts\tests\tfstests.agile.taskboard.view.generation.ts" adapterTypeName="Microsoft.VisualStudio.TestTools.TestTypes.Unit.UnitTestAdapter" className="d:\v2.0\a1\_work\dbded102\vso\tfs\service\webaccess\agile\testscripts\tests\tfstests.agile.taskboard.view.generation.ts::tfstests.agile.taskboard.view" name="TFSTests.Agile.TaskBoard.View.Generation ShowTaskboard_CallsViewDisplay" />
    </UnitTest>
    <UnitTest name="TFSTests.Agile.TaskBoard.View.Generation TaskBoard_VerifyCreateTile" storage="d:\v2.0\a1\_work\dbded102\vso\tfs\service\webaccess\agile\testscripts\tests\tfstests.agile.taskboard.view.generation.ts" id="19b4b0e2-24d5-4c41-a224-1926f8914d52">
      <Execution id="b6e05989-e72c-43e7-bdc2-a548c2d91f90" />
      <TestMethod codeBase="d:\v2.0\a1\_work\dbded102\vso\tfs\service\webaccess\agile\testscripts\tests\tfstests.agile.taskboard.view.generation.ts" adapterTypeName="Microsoft.VisualStudio.TestTools.TestTypes.Unit.UnitTestAdapter" className="d:\v2.0\a1\_work\dbded102\vso\tfs\service\webaccess\agile\testscripts\tests\tfstests.agile.taskboard.view.generation.ts::tfstests.agile.taskboard.view" name="TFSTests.Agile.TaskBoard.View.Generation TaskBoard_VerifyCreateTile" />
    </UnitTest>
    <UnitTest name="TFSTests.Agile.TaskBoard.View.Generation TaskBoard_VerifyCreateParentTile_WithCardCustomization" storage="d:\v2.0\a1\_work\dbded102\vso\tfs\service\webaccess\agile\testscripts\tests\tfstests.agile.taskboard.view.generation.ts" id="5b9036ca-07ae-4a2b-9aca-7920baadbd17">
      <Execution id="44d64349-43ee-45f1-b869-a5dfc59a62d7" />
      <TestMethod codeBase="d:\v2.0\a1\_work\dbded102\vso\tfs\service\webaccess\agile\testscripts\tests\tfstests.agile.taskboard.view.generation.ts" adapterTypeName="Microsoft.VisualStudio.TestTools.TestTypes.Unit.UnitTestAdapter" className="d:\v2.0\a1\_work\dbded102\vso\tfs\service\webaccess\agile\testscripts\tests\tfstests.agile.taskboard.view.generation.ts::tfstests.agile.taskboard.view" name="TFSTests.Agile.TaskBoard.View.Generation TaskBoard_VerifyCreateParentTile_WithCardCustomization" />
    </UnitTest>
    <UnitTest name="TFSTests.Agile.TaskBoard.View.Generation TaskBoard_CustomLayout_VerifyChildTilesOrderAfterRorderAndRelayout" storage="d:\v2.0\a1\_work\dbded102\vso\tfs\service\webaccess\agile\testscripts\tests\tfstests.agile.taskboard.view.generation.ts" id="b3c42108-d023-4ae5-bfa0-ee3a768913bc">
      <Execution id="5d521b72-afad-4de4-b965-9fa7360760a9" />
      <TestMethod codeBase="d:\v2.0\a1\_work\dbded102\vso\tfs\service\webaccess\agile\testscripts\tests\tfstests.agile.taskboard.view.generation.ts" adapterTypeName="Microsoft.VisualStudio.TestTools.TestTypes.Unit.UnitTestAdapter" className="d:\v2.0\a1\_work\dbded102\vso\tfs\service\webaccess\agile\testscripts\tests\tfstests.agile.taskboard.view.generation.ts::tfstests.agile.taskboard.view" name="TFSTests.Agile.TaskBoard.View.Generation TaskBoard_CustomLayout_VerifyChildTilesOrderAfterRorderAndRelayout" />
    </UnitTest>
    <UnitTest name="TFSTests.Agile.TaskBoard.View.Generation TaskBoard_VerifyCreateChildTile_WithCardCustomization" storage="d:\v2.0\a1\_work\dbded102\vso\tfs\service\webaccess\agile\testscripts\tests\tfstests.agile.taskboard.view.generation.ts" id="de98299f-6a63-4a17-b79e-a595bcfeea62">
      <Execution id="9a102999-5eac-4934-95b9-359aab15bc7d" />
      <TestMethod codeBase="d:\v2.0\a1\_work\dbded102\vso\tfs\service\webaccess\agile\testscripts\tests\tfstests.agile.taskboard.view.generation.ts" adapterTypeName="Microsoft.VisualStudio.TestTools.TestTypes.Unit.UnitTestAdapter" className="d:\v2.0\a1\_work\dbded102\vso\tfs\service\webaccess\agile\testscripts\tests\tfstests.agile.taskboard.view.generation.ts::tfstests.agile.taskboard.view" name="TFSTests.Agile.TaskBoard.View.Generation TaskBoard_VerifyCreateChildTile_WithCardCustomization" />
    </UnitTest>
    <UnitTest name="TFSTests.Agile.TaskBoard.View.Generation TaskBoard_VerifyCreateUnparentedTile" storage="d:\v2.0\a1\_work\dbded102\vso\tfs\service\webaccess\agile\testscripts\tests\tfstests.agile.taskboard.view.generation.ts" id="b1792726-fe1f-4837-9def-0f38d3bcbfc1">
      <Execution id="5e861759-c98a-4d23-855c-6fa7d04d1692" />
      <TestMethod codeBase="d:\v2.0\a1\_work\dbded102\vso\tfs\service\webaccess\agile\testscripts\tests\tfstests.agile.taskboard.view.generation.ts" adapterTypeName="Microsoft.VisualStudio.TestTools.TestTypes.Unit.UnitTestAdapter" className="d:\v2.0\a1\_work\dbded102\vso\tfs\service\webaccess\agile\testscripts\tests\tfstests.agile.taskboard.view.generation.ts::tfstests.agile.taskboard.view" name="TFSTests.Agile.TaskBoard.View.Generation TaskBoard_VerifyCreateUnparentedTile" />
    </UnitTest>
    <UnitTest name="TFSTests.Agile.TaskBoard.View.Generation TaskBoard_VerifyTileStyling" storage="d:\v2.0\a1\_work\dbded102\vso\tfs\service\webaccess\agile\testscripts\tests\tfstests.agile.taskboard.view.generation.ts" id="81cf8515-0ca3-4854-aa9a-2b480f4f6b44">
      <Execution id="e1982230-68bb-4c53-b2db-453d0b2d19ef" />
      <TestMethod codeBase="d:\v2.0\a1\_work\dbded102\vso\tfs\service\webaccess\agile\testscripts\tests\tfstests.agile.taskboard.view.generation.ts" adapterTypeName="Microsoft.VisualStudio.TestTools.TestTypes.Unit.UnitTestAdapter" className="d:\v2.0\a1\_work\dbded102\vso\tfs\service\webaccess\agile\testscripts\tests\tfstests.agile.taskboard.view.generation.ts::tfstests.agile.taskboard.view" name="TFSTests.Agile.TaskBoard.View.Generation TaskBoard_VerifyTileStyling" />
    </UnitTest>
    <UnitTest name="TFSTests.Agile.TaskBoard.View.Generation ShowTaskboard_adjustTopOfDivsAndWidthOfTableContainingHeader" storage="d:\v2.0\a1\_work\dbded102\vso\tfs\service\webaccess\agile\testscripts\tests\tfstests.agile.taskboard.view.generation.ts" id="1592665a-36c9-4a43-87eb-b1a4b44e575d">
      <Execution id="73ccb7cc-7e07-490b-9521-a39cd6a42d85" />
      <TestMethod codeBase="d:\v2.0\a1\_work\dbded102\vso\tfs\service\webaccess\agile\testscripts\tests\tfstests.agile.taskboard.view.generation.ts" adapterTypeName="Microsoft.VisualStudio.TestTools.TestTypes.Unit.UnitTestAdapter" className="d:\v2.0\a1\_work\dbded102\vso\tfs\service\webaccess\agile\testscripts\tests\tfstests.agile.taskboard.view.generation.ts::tfstests.agile.taskboard.view" name="TFSTests.Agile.TaskBoard.View.Generation ShowTaskboard_adjustTopOfDivsAndWidthOfTableContainingHeader" />
    </UnitTest>
    <UnitTest name="TFSTests.Agile.TaskBoard.View.Generation TestJqueryDataDraggableField" storage="d:\v2.0\a1\_work\dbded102\vso\tfs\service\webaccess\agile\testscripts\tests\tfstests.agile.taskboard.view.generation.ts" id="5c932a63-61c3-4d02-87ff-826799b36893">
      <Execution id="f1cbef43-f663-44ac-9440-ec191bd38a50" />
      <TestMethod codeBase="d:\v2.0\a1\_work\dbded102\vso\tfs\service\webaccess\agile\testscripts\tests\tfstests.agile.taskboard.view.generation.ts" adapterTypeName="Microsoft.VisualStudio.TestTools.TestTypes.Unit.UnitTestAdapter" className="d:\v2.0\a1\_work\dbded102\vso\tfs\service\webaccess\agile\testscripts\tests\tfstests.agile.taskboard.view.generation.ts::tfstests.agile.taskboard.view" name="TFSTests.Agile.TaskBoard.View.Generation TestJqueryDataDraggableField" />
    </UnitTest>
    <UnitTest name="TFSTests.Agile.TaskBoard.View.Generation TaskBoardCustLayout_SortTiles" storage="d:\v2.0\a1\_work\dbded102\vso\tfs\service\webaccess\agile\testscripts\tests\tfstests.agile.taskboard.view.generation.ts" id="2ccc8439-8683-4ac9-83f2-941b11b6f0c5">
      <Execution id="6d3ad0bd-e4c1-4d40-be50-8fbc100777ff" />
      <TestMethod codeBase="d:\v2.0\a1\_work\dbded102\vso\tfs\service\webaccess\agile\testscripts\tests\tfstests.agile.taskboard.view.generation.ts" adapterTypeName="Microsoft.VisualStudio.TestTools.TestTypes.Unit.UnitTestAdapter" className="d:\v2.0\a1\_work\dbded102\vso\tfs\service\webaccess\agile\testscripts\tests\tfstests.agile.taskboard.view.generation.ts::tfstests.agile.taskboard.view" name="TFSTests.Agile.TaskBoard.View.Generation TaskBoardCustLayout_SortTiles" />
    </UnitTest>
    <UnitTest name="TFSTests.Agile.TaskBoard.View.Generation TaskBoardCustLayout_FindTileInsertionIndex" storage="d:\v2.0\a1\_work\dbded102\vso\tfs\service\webaccess\agile\testscripts\tests\tfstests.agile.taskboard.view.generation.ts" id="acd5c0ba-2cbe-4b77-8b32-3a018fce6f17">
      <Execution id="398b0711-491e-4ccd-8279-c0d3d81c2993" />
      <TestMethod codeBase="d:\v2.0\a1\_work\dbded102\vso\tfs\service\webaccess\agile\testscripts\tests\tfstests.agile.taskboard.view.generation.ts" adapterTypeName="Microsoft.VisualStudio.TestTools.TestTypes.Unit.UnitTestAdapter" className="d:\v2.0\a1\_work\dbded102\vso\tfs\service\webaccess\agile\testscripts\tests\tfstests.agile.taskboard.view.generation.ts::tfstests.agile.taskboard.view" name="TFSTests.Agile.TaskBoard.View.Generation TaskBoardCustLayout_FindTileInsertionIndex" />
    </UnitTest>
    <UnitTest name="TFSTests.Agile.TaskBoard.View.Generation TaskBoardCustLayout_appendTileInCellAppendsInCorrectSubColumn" storage="d:\v2.0\a1\_work\dbded102\vso\tfs\service\webaccess\agile\testscripts\tests\tfstests.agile.taskboard.view.generation.ts" id="e8640173-415e-4542-bdaa-f8930e28172c">
      <Execution id="d2f3d22c-f5a2-4bd3-ad9f-52c6a1615a4e" />
      <TestMethod codeBase="d:\v2.0\a1\_work\dbded102\vso\tfs\service\webaccess\agile\testscripts\tests\tfstests.agile.taskboard.view.generation.ts" adapterTypeName="Microsoft.VisualStudio.TestTools.TestTypes.Unit.UnitTestAdapter" className="d:\v2.0\a1\_work\dbded102\vso\tfs\service\webaccess\agile\testscripts\tests\tfstests.agile.taskboard.view.generation.ts::tfstests.agile.taskboard.view" name="TFSTests.Agile.TaskBoard.View.Generation TaskBoardCustLayout_appendTileInCellAppendsInCorrectSubColumn" />
    </UnitTest>
    <UnitTest name="TFSTests.Agile.TaskBoard.View.Generation TaskBoardCustLayout_resetCellSubColumnsCalledOnResize" storage="d:\v2.0\a1\_work\dbded102\vso\tfs\service\webaccess\agile\testscripts\tests\tfstests.agile.taskboard.view.generation.ts" id="697fb302-e32a-47fd-85a1-e79d58cb505c">
      <Execution id="fc103b51-0fb0-400d-8c8a-284222472d39" />
      <TestMethod codeBase="d:\v2.0\a1\_work\dbded102\vso\tfs\service\webaccess\agile\testscripts\tests\tfstests.agile.taskboard.view.generation.ts" adapterTypeName="Microsoft.VisualStudio.TestTools.TestTypes.Unit.UnitTestAdapter" className="d:\v2.0\a1\_work\dbded102\vso\tfs\service\webaccess\agile\testscripts\tests\tfstests.agile.taskboard.view.generation.ts::tfstests.agile.taskboard.view" name="TFSTests.Agile.TaskBoard.View.Generation TaskBoardCustLayout_resetCellSubColumnsCalledOnResize" />
    </UnitTest>
    <UnitTest name="TFSTests.Agile.TaskBoard.View.Generation TaskBoardCustLayout_rePositionTileAtIndex" storage="d:\v2.0\a1\_work\dbded102\vso\tfs\service\webaccess\agile\testscripts\tests\tfstests.agile.taskboard.view.generation.ts" id="55c7a6c8-d3ea-4724-871c-9c99b4af331a">
      <Execution id="1efeb4aa-b881-402b-ae01-0784bdae40fc" />
      <TestMethod codeBase="d:\v2.0\a1\_work\dbded102\vso\tfs\service\webaccess\agile\testscripts\tests\tfstests.agile.taskboard.view.generation.ts" adapterTypeName="Microsoft.VisualStudio.TestTools.TestTypes.Unit.UnitTestAdapter" className="d:\v2.0\a1\_work\dbded102\vso\tfs\service\webaccess\agile\testscripts\tests\tfstests.agile.taskboard.view.generation.ts::tfstests.agile.taskboard.view" name="TFSTests.Agile.TaskBoard.View.Generation TaskBoardCustLayout_rePositionTileAtIndex" />
    </UnitTest>
    <UnitTest name="TFSTests.Agile.TaskBoard.View.Generation TaskBoardCustLayout_removeTile" storage="d:\v2.0\a1\_work\dbded102\vso\tfs\service\webaccess\agile\testscripts\tests\tfstests.agile.taskboard.view.generation.ts" id="0fecf4d9-f35b-4362-8a36-f1ae0b3ee4bb">
      <Execution id="95889ec2-e8fb-4bf7-984f-82ca99c164e8" />
      <TestMethod codeBase="d:\v2.0\a1\_work\dbded102\vso\tfs\service\webaccess\agile\testscripts\tests\tfstests.agile.taskboard.view.generation.ts" adapterTypeName="Microsoft.VisualStudio.TestTools.TestTypes.Unit.UnitTestAdapter" className="d:\v2.0\a1\_work\dbded102\vso\tfs\service\webaccess\agile\testscripts\tests\tfstests.agile.taskboard.view.generation.ts::tfstests.agile.taskboard.view" name="TFSTests.Agile.TaskBoard.View.Generation TaskBoardCustLayout_removeTile" />
    </UnitTest>
    <UnitTest name="TFSTests.Agile.TaskBoard.View.Generation TaskBoard_NoCustomLayoutForOneSubColumn" storage="d:\v2.0\a1\_work\dbded102\vso\tfs\service\webaccess\agile\testscripts\tests\tfstests.agile.taskboard.view.generation.ts" id="18661910-ac0a-41dd-8169-ad64196600c9">
      <Execution id="32d87581-9163-4ddb-992b-78ec69febac6" />
      <TestMethod codeBase="d:\v2.0\a1\_work\dbded102\vso\tfs\service\webaccess\agile\testscripts\tests\tfstests.agile.taskboard.view.generation.ts" adapterTypeName="Microsoft.VisualStudio.TestTools.TestTypes.Unit.UnitTestAdapter" className="d:\v2.0\a1\_work\dbded102\vso\tfs\service\webaccess\agile\testscripts\tests\tfstests.agile.taskboard.view.generation.ts::tfstests.agile.taskboard.view" name="TFSTests.Agile.TaskBoard.View.Generation TaskBoard_NoCustomLayoutForOneSubColumn" />
    </UnitTest>
    <UnitTest name="TFSTests.Agile.TaskBoard.View.Generation TaskBoard_ChildLookUpCacheResetOnPivotSwitch" storage="d:\v2.0\a1\_work\dbded102\vso\tfs\service\webaccess\agile\testscripts\tests\tfstests.agile.taskboard.view.generation.ts" id="30058777-8724-46e2-ae9d-87944b715d48">
      <Execution id="d3b26af0-bb85-45b3-8cd1-434928041d9e" />
      <TestMethod codeBase="d:\v2.0\a1\_work\dbded102\vso\tfs\service\webaccess\agile\testscripts\tests\tfstests.agile.taskboard.view.generation.ts" adapterTypeName="Microsoft.VisualStudio.TestTools.TestTypes.Unit.UnitTestAdapter" className="d:\v2.0\a1\_work\dbded102\vso\tfs\service\webaccess\agile\testscripts\tests\tfstests.agile.taskboard.view.generation.ts::tfstests.agile.taskboard.view" name="TFSTests.Agile.TaskBoard.View.Generation TaskBoard_ChildLookUpCacheResetOnPivotSwitch" />
    </UnitTest>
    <UnitTest name="TFSTests.Agile.TaskBoard.View.Generation TaskBoard_ChildOrderIsCorrectCustomLayout" storage="d:\v2.0\a1\_work\dbded102\vso\tfs\service\webaccess\agile\testscripts\tests\tfstests.agile.taskboard.view.generation.ts" id="57d4815a-8989-4534-bfed-147ce6c93924">
      <Execution id="5663ebd9-98aa-4342-ade9-a1de2b9ed245" />
      <TestMethod codeBase="d:\v2.0\a1\_work\dbded102\vso\tfs\service\webaccess\agile\testscripts\tests\tfstests.agile.taskboard.view.generation.ts" adapterTypeName="Microsoft.VisualStudio.TestTools.TestTypes.Unit.UnitTestAdapter" className="d:\v2.0\a1\_work\dbded102\vso\tfs\service\webaccess\agile\testscripts\tests\tfstests.agile.taskboard.view.generation.ts::tfstests.agile.taskboard.view" name="TFSTests.Agile.TaskBoard.View.Generation TaskBoard_ChildOrderIsCorrectCustomLayout" />
    </UnitTest>
    <UnitTest name="TFSTests.Agile.TaskBoard.View.Interactions ReorderItem_RaiseWorkItemReorderRequestedEvent" storage="d:\v2.0\a1\_work\dbded102\vso\tfs\service\webaccess\agile\testscripts\tests\tfstests.agile.taskboard.view.interactions.ts" id="e6058e19-b97c-4cd9-b4aa-dd698e29a5db">
      <Execution id="982cf272-80c1-4539-889e-9555d9dab9ad" />
      <TestMethod codeBase="d:\v2.0\a1\_work\dbded102\vso\tfs\service\webaccess\agile\testscripts\tests\tfstests.agile.taskboard.view.interactions.ts" adapterTypeName="Microsoft.VisualStudio.TestTools.TestTypes.Unit.UnitTestAdapter" className="d:\v2.0\a1\_work\dbded102\vso\tfs\service\webaccess\agile\testscripts\tests\tfstests.agile.taskboard.view.interactions.ts::tfstests.agile.taskboard.view" name="TFSTests.Agile.TaskBoard.View.Interactions ReorderItem_RaiseWorkItemReorderRequestedEvent" />
    </UnitTest>
    <UnitTest name="TFSTests.Agile.TaskBoard.View.Interactions DropItem_RaiseWorkItemChangeRequestedEvent" storage="d:\v2.0\a1\_work\dbded102\vso\tfs\service\webaccess\agile\testscripts\tests\tfstests.agile.taskboard.view.interactions.ts" id="f9efbcc2-61b4-40e5-843b-e1ed54380061">
      <Execution id="e1b2c7b0-1b88-4b1f-baf9-2026bc2b13fa" />
      <TestMethod codeBase="d:\v2.0\a1\_work\dbded102\vso\tfs\service\webaccess\agile\testscripts\tests\tfstests.agile.taskboard.view.interactions.ts" adapterTypeName="Microsoft.VisualStudio.TestTools.TestTypes.Unit.UnitTestAdapter" className="d:\v2.0\a1\_work\dbded102\vso\tfs\service\webaccess\agile\testscripts\tests\tfstests.agile.taskboard.view.interactions.ts::tfstests.agile.taskboard.view" name="TFSTests.Agile.TaskBoard.View.Interactions DropItem_RaiseWorkItemChangeRequestedEvent" />
    </UnitTest>
    <UnitTest name="TFSTests.Agile.TaskBoard.View.Interactions ReorderItemHandler_ReorderingTasksOnTaskboard" storage="d:\v2.0\a1\_work\dbded102\vso\tfs\service\webaccess\agile\testscripts\tests\tfstests.agile.taskboard.view.interactions.ts" id="cb65e106-f6b9-4ceb-b8af-1e24e88d5d74">
      <Execution id="1b86eae7-d594-400b-8afa-cd53277e878f" />
      <TestMethod codeBase="d:\v2.0\a1\_work\dbded102\vso\tfs\service\webaccess\agile\testscripts\tests\tfstests.agile.taskboard.view.interactions.ts" adapterTypeName="Microsoft.VisualStudio.TestTools.TestTypes.Unit.UnitTestAdapter" className="d:\v2.0\a1\_work\dbded102\vso\tfs\service\webaccess\agile\testscripts\tests\tfstests.agile.taskboard.view.interactions.ts::tfstests.agile.taskboard.view" name="TFSTests.Agile.TaskBoard.View.Interactions ReorderItemHandler_ReorderingTasksOnTaskboard" />
    </UnitTest>
    <UnitTest name="TFSTests.Agile.TaskBoard.View.Interactions ThatInitialRollupsAreCalculatedCorrectly" storage="d:\v2.0\a1\_work\dbded102\vso\tfs\service\webaccess\agile\testscripts\tests\tfstests.agile.taskboard.view.interactions.ts" id="89022c55-88c6-4252-97a8-984c06b64f8f">
      <Execution id="43ac192c-1766-48a5-876d-0288938f3742" />
      <TestMethod codeBase="d:\v2.0\a1\_work\dbded102\vso\tfs\service\webaccess\agile\testscripts\tests\tfstests.agile.taskboard.view.interactions.ts" adapterTypeName="Microsoft.VisualStudio.TestTools.TestTypes.Unit.UnitTestAdapter" className="d:\v2.0\a1\_work\dbded102\vso\tfs\service\webaccess\agile\testscripts\tests\tfstests.agile.taskboard.view.interactions.ts::tfstests.agile.taskboard.view" name="TFSTests.Agile.TaskBoard.View.Interactions ThatInitialRollupsAreCalculatedCorrectly" />
    </UnitTest>
    <UnitTest name="TFSTests.Agile.TaskBoard.View.Interactions TaskBoard_VerifyOnlyOneWIFormOpenForParentTile" storage="d:\v2.0\a1\_work\dbded102\vso\tfs\service\webaccess\agile\testscripts\tests\tfstests.agile.taskboard.view.interactions.ts" id="8251008d-fd41-439e-a4fb-9e0a78c4f0ae">
      <Execution id="a85b6adb-808a-4cb9-bf93-8ea0864c167b" />
      <TestMethod codeBase="d:\v2.0\a1\_work\dbded102\vso\tfs\service\webaccess\agile\testscripts\tests\tfstests.agile.taskboard.view.interactions.ts" adapterTypeName="Microsoft.VisualStudio.TestTools.TestTypes.Unit.UnitTestAdapter" className="d:\v2.0\a1\_work\dbded102\vso\tfs\service\webaccess\agile\testscripts\tests\tfstests.agile.taskboard.view.interactions.ts::tfstests.agile.taskboard.view" name="TFSTests.Agile.TaskBoard.View.Interactions TaskBoard_VerifyOnlyOneWIFormOpenForParentTile" />
    </UnitTest>
    <UnitTest name="TFSTests.Agile.TaskBoard.View.Interactions TaskBoard_VerifyGutterStylingForCollapsedParents" storage="d:\v2.0\a1\_work\dbded102\vso\tfs\service\webaccess\agile\testscripts\tests\tfstests.agile.taskboard.view.interactions.ts" id="a7056bb9-c297-4486-8109-af33fa8f1ee8">
      <Execution id="bc4acbdc-055b-436c-a581-d1299304b420" />
      <TestMethod codeBase="d:\v2.0\a1\_work\dbded102\vso\tfs\service\webaccess\agile\testscripts\tests\tfstests.agile.taskboard.view.interactions.ts" adapterTypeName="Microsoft.VisualStudio.TestTools.TestTypes.Unit.UnitTestAdapter" className="d:\v2.0\a1\_work\dbded102\vso\tfs\service\webaccess\agile\testscripts\tests\tfstests.agile.taskboard.view.interactions.ts::tfstests.agile.taskboard.view" name="TFSTests.Agile.TaskBoard.View.Interactions TaskBoard_VerifyGutterStylingForCollapsedParents" />
    </UnitTest>
    <UnitTest name="TFSTests.Agile.TaskBoard.View.Interactions TestCompletedParentsAreCollapsed" storage="d:\v2.0\a1\_work\dbded102\vso\tfs\service\webaccess\agile\testscripts\tests\tfstests.agile.taskboard.view.interactions.ts" id="4f620cc9-055d-4a48-b52f-d7e554a29118">
      <Execution id="228594f5-85fc-4c4b-99e7-0d981e5d10e7" />
      <TestMethod codeBase="d:\v2.0\a1\_work\dbded102\vso\tfs\service\webaccess\agile\testscripts\tests\tfstests.agile.taskboard.view.interactions.ts" adapterTypeName="Microsoft.VisualStudio.TestTools.TestTypes.Unit.UnitTestAdapter" className="d:\v2.0\a1\_work\dbded102\vso\tfs\service\webaccess\agile\testscripts\tests\tfstests.agile.taskboard.view.interactions.ts::tfstests.agile.taskboard.view" name="TFSTests.Agile.TaskBoard.View.Interactions TestCompletedParentsAreCollapsed" />
    </UnitTest>
    <UnitTest name="TFSTests.Agile.TaskBoard.View.Interactions TestInitialSummaryOnCompletedParents" storage="d:\v2.0\a1\_work\dbded102\vso\tfs\service\webaccess\agile\testscripts\tests\tfstests.agile.taskboard.view.interactions.ts" id="cd6934d4-6629-4337-bd2c-6b0801c0650e">
      <Execution id="7cfed0eb-8de9-4686-8ebd-04e037c3efd0" />
      <TestMethod codeBase="d:\v2.0\a1\_work\dbded102\vso\tfs\service\webaccess\agile\testscripts\tests\tfstests.agile.taskboard.view.interactions.ts" adapterTypeName="Microsoft.VisualStudio.TestTools.TestTypes.Unit.UnitTestAdapter" className="d:\v2.0\a1\_work\dbded102\vso\tfs\service\webaccess\agile\testscripts\tests\tfstests.agile.taskboard.view.interactions.ts::tfstests.agile.taskboard.view" name="TFSTests.Agile.TaskBoard.View.Interactions TestInitialSummaryOnCompletedParents" />
    </UnitTest>
    <UnitTest name="TFSTests.Agile.TaskBoard.View.Interactions TestUnparentedRowSummary" storage="d:\v2.0\a1\_work\dbded102\vso\tfs\service\webaccess\agile\testscripts\tests\tfstests.agile.taskboard.view.interactions.ts" id="8521210b-7080-4d60-9e5c-ed62f3d29135">
      <Execution id="47bd7dd9-9143-47ba-82cf-1ad674aad7e6" />
      <TestMethod codeBase="d:\v2.0\a1\_work\dbded102\vso\tfs\service\webaccess\agile\testscripts\tests\tfstests.agile.taskboard.view.interactions.ts" adapterTypeName="Microsoft.VisualStudio.TestTools.TestTypes.Unit.UnitTestAdapter" className="d:\v2.0\a1\_work\dbded102\vso\tfs\service\webaccess\agile\testscripts\tests\tfstests.agile.taskboard.view.interactions.ts::tfstests.agile.taskboard.view" name="TFSTests.Agile.TaskBoard.View.Interactions TestUnparentedRowSummary" />
    </UnitTest>
    <UnitTest name="TFSTests.Agile.TaskBoard.View.Interactions TestToggleVisibilityUpdatesSummaryOnChanges" storage="d:\v2.0\a1\_work\dbded102\vso\tfs\service\webaccess\agile\testscripts\tests\tfstests.agile.taskboard.view.interactions.ts" id="53088a21-a456-4b95-92e3-384dbe85c411">
      <Execution id="ce42099d-c715-4160-bbcf-e2ccb39dd341" />
      <TestMethod codeBase="d:\v2.0\a1\_work\dbded102\vso\tfs\service\webaccess\agile\testscripts\tests\tfstests.agile.taskboard.view.interactions.ts" adapterTypeName="Microsoft.VisualStudio.TestTools.TestTypes.Unit.UnitTestAdapter" className="d:\v2.0\a1\_work\dbded102\vso\tfs\service\webaccess\agile\testscripts\tests\tfstests.agile.taskboard.view.interactions.ts::tfstests.agile.taskboard.view" name="TFSTests.Agile.TaskBoard.View.Interactions TestToggleVisibilityUpdatesSummaryOnChanges" />
    </UnitTest>
    <UnitTest name="TFSTests.Agile.TaskBoard.View.Interactions TestToggleVisibilityUpdateSummaryInPeopleClassificationView" storage="d:\v2.0\a1\_work\dbded102\vso\tfs\service\webaccess\agile\testscripts\tests\tfstests.agile.taskboard.view.interactions.ts" id="890ca5f9-2af6-4cd3-906c-33de11311170">
      <Execution id="fabc67a7-d339-47e5-89ca-e76c0100cad6" />
      <TestMethod codeBase="d:\v2.0\a1\_work\dbded102\vso\tfs\service\webaccess\agile\testscripts\tests\tfstests.agile.taskboard.view.interactions.ts" adapterTypeName="Microsoft.VisualStudio.TestTools.TestTypes.Unit.UnitTestAdapter" className="d:\v2.0\a1\_work\dbded102\vso\tfs\service\webaccess\agile\testscripts\tests\tfstests.agile.taskboard.view.interactions.ts::tfstests.agile.taskboard.view" name="TFSTests.Agile.TaskBoard.View.Interactions TestToggleVisibilityUpdateSummaryInPeopleClassificationView" />
    </UnitTest>
    <UnitTest name="TFSTests.Agile.TaskBoard.View.Interactions TestUnParentedRowDraggable" storage="d:\v2.0\a1\_work\dbded102\vso\tfs\service\webaccess\agile\testscripts\tests\tfstests.agile.taskboard.view.interactions.ts" id="b80b2af8-2e92-4853-a69b-4b8917e89311">
      <Execution id="e7f70822-4600-4f01-b45c-d9305d30612e" />
      <TestMethod codeBase="d:\v2.0\a1\_work\dbded102\vso\tfs\service\webaccess\agile\testscripts\tests\tfstests.agile.taskboard.view.interactions.ts" adapterTypeName="Microsoft.VisualStudio.TestTools.TestTypes.Unit.UnitTestAdapter" className="d:\v2.0\a1\_work\dbded102\vso\tfs\service\webaccess\agile\testscripts\tests\tfstests.agile.taskboard.view.interactions.ts::tfstests.agile.taskboard.view" name="TFSTests.Agile.TaskBoard.View.Interactions TestUnParentedRowDraggable" />
    </UnitTest>
    <UnitTest name="TFSTests.Agile.TaskBoard.View.Interactions TestNewOrphanChildWorkItemCreationWithoutUnparentedRow" storage="d:\v2.0\a1\_work\dbded102\vso\tfs\service\webaccess\agile\testscripts\tests\tfstests.agile.taskboard.view.interactions.ts" id="6da5203a-afaf-49e2-88c5-e03387165c2c">
      <Execution id="ab97494d-3d15-4eff-9fbb-403420cba646" />
      <TestMethod codeBase="d:\v2.0\a1\_work\dbded102\vso\tfs\service\webaccess\agile\testscripts\tests\tfstests.agile.taskboard.view.interactions.ts" adapterTypeName="Microsoft.VisualStudio.TestTools.TestTypes.Unit.UnitTestAdapter" className="d:\v2.0\a1\_work\dbded102\vso\tfs\service\webaccess\agile\testscripts\tests\tfstests.agile.taskboard.view.interactions.ts::tfstests.agile.taskboard.view" name="TFSTests.Agile.TaskBoard.View.Interactions TestNewOrphanChildWorkItemCreationWithoutUnparentedRow" />
    </UnitTest>
    <UnitTest name="TFSTests.Agile.TaskBoard.View.Interactions RefreshTile_UpdatesTheTileWithNewTitleAndAssignedTo" storage="d:\v2.0\a1\_work\dbded102\vso\tfs\service\webaccess\agile\testscripts\tests\tfstests.agile.taskboard.view.interactions.ts" id="64fedfae-b1f5-457a-a165-8b12fadaf1bd">
      <Execution id="9c74a4dd-43fa-48c6-8ac1-994f1e3a493c" />
      <TestMethod codeBase="d:\v2.0\a1\_work\dbded102\vso\tfs\service\webaccess\agile\testscripts\tests\tfstests.agile.taskboard.view.interactions.ts" adapterTypeName="Microsoft.VisualStudio.TestTools.TestTypes.Unit.UnitTestAdapter" className="d:\v2.0\a1\_work\dbded102\vso\tfs\service\webaccess\agile\testscripts\tests\tfstests.agile.taskboard.view.interactions.ts::tfstests.agile.taskboard.view" name="TFSTests.Agile.TaskBoard.View.Interactions RefreshTile_UpdatesTheTileWithNewTitleAndAssignedTo" />
    </UnitTest>
    <UnitTest name="TFSTests.Agile.TaskBoard.View.Interactions RefreshTile_UpdatesRemainingWorkRollups" storage="d:\v2.0\a1\_work\dbded102\vso\tfs\service\webaccess\agile\testscripts\tests\tfstests.agile.taskboard.view.interactions.ts" id="d864a786-acdb-4c9a-8e36-1b51e4304530">
      <Execution id="84a93e09-f1e8-482b-ae55-9b161d33e574" />
      <TestMethod codeBase="d:\v2.0\a1\_work\dbded102\vso\tfs\service\webaccess\agile\testscripts\tests\tfstests.agile.taskboard.view.interactions.ts" adapterTypeName="Microsoft.VisualStudio.TestTools.TestTypes.Unit.UnitTestAdapter" className="d:\v2.0\a1\_work\dbded102\vso\tfs\service\webaccess\agile\testscripts\tests\tfstests.agile.taskboard.view.interactions.ts::tfstests.agile.taskboard.view" name="TFSTests.Agile.TaskBoard.View.Interactions RefreshTile_UpdatesRemainingWorkRollups" />
    </UnitTest>
    <UnitTest name="TFSTests.Agile.TaskBoard.View.Interactions RefreshTile_CreatesNewRowForNewAssignedToInPeopleView " storage="d:\v2.0\a1\_work\dbded102\vso\tfs\service\webaccess\agile\testscripts\tests\tfstests.agile.taskboard.view.interactions.ts" id="b452bcf2-c9aa-4c8c-b644-d7032b9ebc92">
      <Execution id="c82b8c9f-f71e-4788-b21d-b638b5433d17" />
      <TestMethod codeBase="d:\v2.0\a1\_work\dbded102\vso\tfs\service\webaccess\agile\testscripts\tests\tfstests.agile.taskboard.view.interactions.ts" adapterTypeName="Microsoft.VisualStudio.TestTools.TestTypes.Unit.UnitTestAdapter" className="d:\v2.0\a1\_work\dbded102\vso\tfs\service\webaccess\agile\testscripts\tests\tfstests.agile.taskboard.view.interactions.ts::tfstests.agile.taskboard.view" name="TFSTests.Agile.TaskBoard.View.Interactions RefreshTile_CreatesNewRowForNewAssignedToInPeopleView " />
    </UnitTest>
    <UnitTest name="TFSTests.Agile.TaskBoard.View.Interactions RefreshTile_WhenAnItemIsMovedThroughTheSavingStatesItIsDisplayedCorrectly" storage="d:\v2.0\a1\_work\dbded102\vso\tfs\service\webaccess\agile\testscripts\tests\tfstests.agile.taskboard.view.interactions.ts" id="f094362b-e45a-40ca-a22f-23286c4bb415">
      <Execution id="120e53f3-7294-4979-ae36-9a2cb4f0f162" />
      <TestMethod codeBase="d:\v2.0\a1\_work\dbded102\vso\tfs\service\webaccess\agile\testscripts\tests\tfstests.agile.taskboard.view.interactions.ts" adapterTypeName="Microsoft.VisualStudio.TestTools.TestTypes.Unit.UnitTestAdapter" className="d:\v2.0\a1\_work\dbded102\vso\tfs\service\webaccess\agile\testscripts\tests\tfstests.agile.taskboard.view.interactions.ts::tfstests.agile.taskboard.view" name="TFSTests.Agile.TaskBoard.View.Interactions RefreshTile_WhenAnItemIsMovedThroughTheSavingStatesItIsDisplayedCorrectly" />
    </UnitTest>
    <UnitTest name="TFSTests.Agile.TaskBoard.View.Interactions RefreshTile_ErrorStateIsDisplayedCorrectly" storage="d:\v2.0\a1\_work\dbded102\vso\tfs\service\webaccess\agile\testscripts\tests\tfstests.agile.taskboard.view.interactions.ts" id="89de0c1f-2c9b-4b79-99e8-e6b6a3351421">
      <Execution id="871b0536-76a2-4d7b-aefc-c189a1f23116" />
      <TestMethod codeBase="d:\v2.0\a1\_work\dbded102\vso\tfs\service\webaccess\agile\testscripts\tests\tfstests.agile.taskboard.view.interactions.ts" adapterTypeName="Microsoft.VisualStudio.TestTools.TestTypes.Unit.UnitTestAdapter" className="d:\v2.0\a1\_work\dbded102\vso\tfs\service\webaccess\agile\testscripts\tests\tfstests.agile.taskboard.view.interactions.ts::tfstests.agile.taskboard.view" name="TFSTests.Agile.TaskBoard.View.Interactions RefreshTile_ErrorStateIsDisplayedCorrectly" />
    </UnitTest>
    <UnitTest name="TFSTests.Agile.TaskBoard.View.Interactions DragStart_RaisesWorkItemDraggingEvent" storage="d:\v2.0\a1\_work\dbded102\vso\tfs\service\webaccess\agile\testscripts\tests\tfstests.agile.taskboard.view.interactions.ts" id="15716ee1-30e3-417c-805b-c6391874353d">
      <Execution id="0d65c4b1-0a81-4c39-80e1-05609e1e34ec" />
      <TestMethod codeBase="d:\v2.0\a1\_work\dbded102\vso\tfs\service\webaccess\agile\testscripts\tests\tfstests.agile.taskboard.view.interactions.ts" adapterTypeName="Microsoft.VisualStudio.TestTools.TestTypes.Unit.UnitTestAdapter" className="d:\v2.0\a1\_work\dbded102\vso\tfs\service\webaccess\agile\testscripts\tests\tfstests.agile.taskboard.view.interactions.ts::tfstests.agile.taskboard.view" name="TFSTests.Agile.TaskBoard.View.Interactions DragStart_RaisesWorkItemDraggingEvent" />
    </UnitTest>
    <UnitTest name="TFSTests.Agile.TaskBoard.View.Interactions DetachingWorkItemDragging_UnregistersHandler" storage="d:\v2.0\a1\_work\dbded102\vso\tfs\service\webaccess\agile\testscripts\tests\tfstests.agile.taskboard.view.interactions.ts" id="61d39e31-5005-4a8f-9cce-d9fb30992a19">
      <Execution id="419dd2c3-b58e-431e-883d-fe3bceee63ba" />
      <TestMethod codeBase="d:\v2.0\a1\_work\dbded102\vso\tfs\service\webaccess\agile\testscripts\tests\tfstests.agile.taskboard.view.interactions.ts" adapterTypeName="Microsoft.VisualStudio.TestTools.TestTypes.Unit.UnitTestAdapter" className="d:\v2.0\a1\_work\dbded102\vso\tfs\service\webaccess\agile\testscripts\tests\tfstests.agile.taskboard.view.interactions.ts::tfstests.agile.taskboard.view" name="TFSTests.Agile.TaskBoard.View.Interactions DetachingWorkItemDragging_UnregistersHandler" />
    </UnitTest>
    <UnitTest name="TFSTests.Agile.TaskBoard.View.Interactions DetachingWorkItemChangeRequested_UnregistersHandler" storage="d:\v2.0\a1\_work\dbded102\vso\tfs\service\webaccess\agile\testscripts\tests\tfstests.agile.taskboard.view.interactions.ts" id="c540d72b-89c4-49e3-9444-f8501fce2d96">
      <Execution id="fb0da5e8-be6d-4de0-9980-b2a442d9f40f" />
      <TestMethod codeBase="d:\v2.0\a1\_work\dbded102\vso\tfs\service\webaccess\agile\testscripts\tests\tfstests.agile.taskboard.view.interactions.ts" adapterTypeName="Microsoft.VisualStudio.TestTools.TestTypes.Unit.UnitTestAdapter" className="d:\v2.0\a1\_work\dbded102\vso\tfs\service\webaccess\agile\testscripts\tests\tfstests.agile.taskboard.view.interactions.ts::tfstests.agile.taskboard.view" name="TFSTests.Agile.TaskBoard.View.Interactions DetachingWorkItemChangeRequested_UnregistersHandler" />
    </UnitTest>
    <UnitTest name="TFSTests.Agile.TaskBoard.View.Interactions SingleClickingWorkItemTile_RaisesEditWorkItemEvent" storage="d:\v2.0\a1\_work\dbded102\vso\tfs\service\webaccess\agile\testscripts\tests\tfstests.agile.taskboard.view.interactions.ts" id="78051211-1917-4279-b055-bc717bdffa31">
      <Execution id="f87eddda-1daa-425b-a002-3506af5636a8" />
      <TestMethod codeBase="d:\v2.0\a1\_work\dbded102\vso\tfs\service\webaccess\agile\testscripts\tests\tfstests.agile.taskboard.view.interactions.ts" adapterTypeName="Microsoft.VisualStudio.TestTools.TestTypes.Unit.UnitTestAdapter" className="d:\v2.0\a1\_work\dbded102\vso\tfs\service\webaccess\agile\testscripts\tests\tfstests.agile.taskboard.view.interactions.ts::tfstests.agile.taskboard.view" name="TFSTests.Agile.TaskBoard.View.Interactions SingleClickingWorkItemTile_RaisesEditWorkItemEvent" />
    </UnitTest>
    <UnitTest name="TFSTests.Agile.TaskBoard.View.Interactions SetFocusTile_SetsTheFocusToTheTileWithTheProvidedId" storage="d:\v2.0\a1\_work\dbded102\vso\tfs\service\webaccess\agile\testscripts\tests\tfstests.agile.taskboard.view.interactions.ts" id="c78ff942-a0e6-4103-8037-17704d87345e">
      <Execution id="907b80b6-6abd-4bc2-bd09-059ad88e9d89" />
      <TestMethod codeBase="d:\v2.0\a1\_work\dbded102\vso\tfs\service\webaccess\agile\testscripts\tests\tfstests.agile.taskboard.view.interactions.ts" adapterTypeName="Microsoft.VisualStudio.TestTools.TestTypes.Unit.UnitTestAdapter" className="d:\v2.0\a1\_work\dbded102\vso\tfs\service\webaccess\agile\testscripts\tests\tfstests.agile.taskboard.view.interactions.ts::tfstests.agile.taskboard.view" name="TFSTests.Agile.TaskBoard.View.Interactions SetFocusTile_SetsTheFocusToTheTileWithTheProvidedId" />
    </UnitTest>
    <UnitTest name="TFSTests.Agile.TaskBoard.View.Interactions RefreshTile_UpdatesThePositionOfTheTileInTheCellCorrectlyWhenItemIsInsertedAsFirstItem" storage="d:\v2.0\a1\_work\dbded102\vso\tfs\service\webaccess\agile\testscripts\tests\tfstests.agile.taskboard.view.interactions.ts" id="2c2f8bf5-f70a-425e-ac6f-94803351a6c8">
      <Execution id="e96aa852-0e88-480a-bfea-b6edf8a13bbc" />
      <TestMethod codeBase="d:\v2.0\a1\_work\dbded102\vso\tfs\service\webaccess\agile\testscripts\tests\tfstests.agile.taskboard.view.interactions.ts" adapterTypeName="Microsoft.VisualStudio.TestTools.TestTypes.Unit.UnitTestAdapter" className="d:\v2.0\a1\_work\dbded102\vso\tfs\service\webaccess\agile\testscripts\tests\tfstests.agile.taskboard.view.interactions.ts::tfstests.agile.taskboard.view" name="TFSTests.Agile.TaskBoard.View.Interactions RefreshTile_UpdatesThePositionOfTheTileInTheCellCorrectlyWhenItemIsInsertedAsFirstItem" />
    </UnitTest>
    <UnitTest name="TFSTests.Agile.TaskBoard.View.Interactions RefreshTile_UpdatesThePositionOfTheTileInTheCellCorrectlyWhenItemIsInsertedAsLastItem" storage="d:\v2.0\a1\_work\dbded102\vso\tfs\service\webaccess\agile\testscripts\tests\tfstests.agile.taskboard.view.interactions.ts" id="2d022eca-8189-4e19-b7d4-5e8e3730141d">
      <Execution id="cbd3f291-be88-4a8a-9763-972c0182fd6a" />
      <TestMethod codeBase="d:\v2.0\a1\_work\dbded102\vso\tfs\service\webaccess\agile\testscripts\tests\tfstests.agile.taskboard.view.interactions.ts" adapterTypeName="Microsoft.VisualStudio.TestTools.TestTypes.Unit.UnitTestAdapter" className="d:\v2.0\a1\_work\dbded102\vso\tfs\service\webaccess\agile\testscripts\tests\tfstests.agile.taskboard.view.interactions.ts::tfstests.agile.taskboard.view" name="TFSTests.Agile.TaskBoard.View.Interactions RefreshTile_UpdatesThePositionOfTheTileInTheCellCorrectlyWhenItemIsInsertedAsLastItem" />
    </UnitTest>
    <UnitTest name="TFSTests.Agile.TaskBoard.View.Interactions RefreshTile_UpdatesThePositionOfTheTileInTheCellCorrectlyWhenItemIsInsertedWithSameSortOrder" storage="d:\v2.0\a1\_work\dbded102\vso\tfs\service\webaccess\agile\testscripts\tests\tfstests.agile.taskboard.view.interactions.ts" id="b02be5cf-a693-48b7-bd21-799b9bbbe00e">
      <Execution id="5cfb3aee-bd31-445f-8a3b-80e2a50c59d3" />
      <TestMethod codeBase="d:\v2.0\a1\_work\dbded102\vso\tfs\service\webaccess\agile\testscripts\tests\tfstests.agile.taskboard.view.interactions.ts" adapterTypeName="Microsoft.VisualStudio.TestTools.TestTypes.Unit.UnitTestAdapter" className="d:\v2.0\a1\_work\dbded102\vso\tfs\service\webaccess\agile\testscripts\tests\tfstests.agile.taskboard.view.interactions.ts::tfstests.agile.taskboard.view" name="TFSTests.Agile.TaskBoard.View.Interactions RefreshTile_UpdatesThePositionOfTheTileInTheCellCorrectlyWhenItemIsInsertedWithSameSortOrder" />
    </UnitTest>
    <UnitTest name="TFSTests.Agile.TaskBoard.View.Interactions ApplyFilterToView_HighlightsAllTiles_WhenFilterIsAll" storage="d:\v2.0\a1\_work\dbded102\vso\tfs\service\webaccess\agile\testscripts\tests\tfstests.agile.taskboard.view.interactions.ts" id="4edd9489-1ed3-415c-8530-210d239e3f0a">
      <Execution id="654d45bf-efaa-41b0-b25c-95e54527f04a" />
      <TestMethod codeBase="d:\v2.0\a1\_work\dbded102\vso\tfs\service\webaccess\agile\testscripts\tests\tfstests.agile.taskboard.view.interactions.ts" adapterTypeName="Microsoft.VisualStudio.TestTools.TestTypes.Unit.UnitTestAdapter" className="d:\v2.0\a1\_work\dbded102\vso\tfs\service\webaccess\agile\testscripts\tests\tfstests.agile.taskboard.view.interactions.ts::tfstests.agile.taskboard.view" name="TFSTests.Agile.TaskBoard.View.Interactions ApplyFilterToView_HighlightsAllTiles_WhenFilterIsAll" />
    </UnitTest>
    <UnitTest name="TFSTests.Agile.TaskBoard.View.Interactions ApplyFilterToView_HighlightsAllTiles_WhenFilterIsUnassigned" storage="d:\v2.0\a1\_work\dbded102\vso\tfs\service\webaccess\agile\testscripts\tests\tfstests.agile.taskboard.view.interactions.ts" id="486acb50-778a-4072-b07c-be80b4b53916">
      <Execution id="a323ac42-7a94-497e-91ac-b61c04fd7cfc" />
      <TestMethod codeBase="d:\v2.0\a1\_work\dbded102\vso\tfs\service\webaccess\agile\testscripts\tests\tfstests.agile.taskboard.view.interactions.ts" adapterTypeName="Microsoft.VisualStudio.TestTools.TestTypes.Unit.UnitTestAdapter" className="d:\v2.0\a1\_work\dbded102\vso\tfs\service\webaccess\agile\testscripts\tests\tfstests.agile.taskboard.view.interactions.ts::tfstests.agile.taskboard.view" name="TFSTests.Agile.TaskBoard.View.Interactions ApplyFilterToView_HighlightsAllTiles_WhenFilterIsUnassigned" />
    </UnitTest>
    <UnitTest name="TFSTests.Agile.TaskBoard.View.Interactions ApplyFilterToView_HighlightsAllTiles_WhenFilterIsAPerson" storage="d:\v2.0\a1\_work\dbded102\vso\tfs\service\webaccess\agile\testscripts\tests\tfstests.agile.taskboard.view.interactions.ts" id="aacc4690-76ad-4f1b-a8c0-8b5f6d0a9cf2">
      <Execution id="cec00e4a-9fb7-4830-ad6b-29933f9cfa87" />
      <TestMethod codeBase="d:\v2.0\a1\_work\dbded102\vso\tfs\service\webaccess\agile\testscripts\tests\tfstests.agile.taskboard.view.interactions.ts" adapterTypeName="Microsoft.VisualStudio.TestTools.TestTypes.Unit.UnitTestAdapter" className="d:\v2.0\a1\_work\dbded102\vso\tfs\service\webaccess\agile\testscripts\tests\tfstests.agile.taskboard.view.interactions.ts::tfstests.agile.taskboard.view" name="TFSTests.Agile.TaskBoard.View.Interactions ApplyFilterToView_HighlightsAllTiles_WhenFilterIsAPerson" />
    </UnitTest>
    <UnitTest name="TFSTests.Agile.TaskBoard.View.Interactions TaskBoard_VerifyRebindTile" storage="d:\v2.0\a1\_work\dbded102\vso\tfs\service\webaccess\agile\testscripts\tests\tfstests.agile.taskboard.view.interactions.ts" id="1dbc5701-fe49-43eb-b0e6-37d974aebb53">
      <Execution id="33a203a5-2fb1-4fd7-a183-ffc3445fb047" />
      <TestMethod codeBase="d:\v2.0\a1\_work\dbded102\vso\tfs\service\webaccess\agile\testscripts\tests\tfstests.agile.taskboard.view.interactions.ts" adapterTypeName="Microsoft.VisualStudio.TestTools.TestTypes.Unit.UnitTestAdapter" className="d:\v2.0\a1\_work\dbded102\vso\tfs\service\webaccess\agile\testscripts\tests\tfstests.agile.taskboard.view.interactions.ts::tfstests.agile.taskboard.view" name="TFSTests.Agile.TaskBoard.View.Interactions TaskBoard_VerifyRebindTile" />
    </UnitTest>
    <UnitTest name="TFSTests.Agile.TaskBoard.View.Interactions CreateTile_creates a new tile to the end of the cell" storage="d:\v2.0\a1\_work\dbded102\vso\tfs\service\webaccess\agile\testscripts\tests\tfstests.agile.taskboard.view.interactions.ts" id="bcfde9d7-ee5d-4e9c-a7e4-b60c7cefeff7">
      <Execution id="083d6b4d-b6fe-4389-aa87-d5a48cf8c8b7" />
      <TestMethod codeBase="d:\v2.0\a1\_work\dbded102\vso\tfs\service\webaccess\agile\testscripts\tests\tfstests.agile.taskboard.view.interactions.ts" adapterTypeName="Microsoft.VisualStudio.TestTools.TestTypes.Unit.UnitTestAdapter" className="d:\v2.0\a1\_work\dbded102\vso\tfs\service\webaccess\agile\testscripts\tests\tfstests.agile.taskboard.view.interactions.ts::tfstests.agile.taskboard.view" name="TFSTests.Agile.TaskBoard.View.Interactions CreateTile_creates a new tile to the end of the cell" />
    </UnitTest>
    <UnitTest name="TFSTests.Agile.TaskBoard.View.Interactions workItemChangeRequestedHandlesRebindForNewWorkItem" storage="d:\v2.0\a1\_work\dbded102\vso\tfs\service\webaccess\agile\testscripts\tests\tfstests.agile.taskboard.view.interactions.ts" id="251b3e45-ac98-4cd7-856a-1ef3035064ab">
      <Execution id="0abdbb76-7d58-40a7-96f6-5cf46b4f6a97" />
      <TestMethod codeBase="d:\v2.0\a1\_work\dbded102\vso\tfs\service\webaccess\agile\testscripts\tests\tfstests.agile.taskboard.view.interactions.ts" adapterTypeName="Microsoft.VisualStudio.TestTools.TestTypes.Unit.UnitTestAdapter" className="d:\v2.0\a1\_work\dbded102\vso\tfs\service\webaccess\agile\testscripts\tests\tfstests.agile.taskboard.view.interactions.ts::tfstests.agile.taskboard.view" name="TFSTests.Agile.TaskBoard.View.Interactions workItemChangeRequestedHandlesRebindForNewWorkItem" />
    </UnitTest>
    <UnitTest name="TFSTests.Agile.TaskBoard.View.Interactions TaskBoardCustLayout_TabbingOrder" storage="d:\v2.0\a1\_work\dbded102\vso\tfs\service\webaccess\agile\testscripts\tests\tfstests.agile.taskboard.view.interactions.ts" id="81737574-7616-43a4-8967-5bfa42e3c36f">
      <Execution id="b1adfc39-493f-42bb-b2cc-4b7f46cc8ce3" />
      <TestMethod codeBase="d:\v2.0\a1\_work\dbded102\vso\tfs\service\webaccess\agile\testscripts\tests\tfstests.agile.taskboard.view.interactions.ts" adapterTypeName="Microsoft.VisualStudio.TestTools.TestTypes.Unit.UnitTestAdapter" className="d:\v2.0\a1\_work\dbded102\vso\tfs\service\webaccess\agile\testscripts\tests\tfstests.agile.taskboard.view.interactions.ts::tfstests.agile.taskboard.view" name="TFSTests.Agile.TaskBoard.View.Interactions TaskBoardCustLayout_TabbingOrder" />
    </UnitTest>
    <UnitTest name="TFSTests.Agile.TaskBoard.View.Interactions TaskBoardCustLayout_PeopleClassification_AssignmentChange" storage="d:\v2.0\a1\_work\dbded102\vso\tfs\service\webaccess\agile\testscripts\tests\tfstests.agile.taskboard.view.interactions.ts" id="706a4849-a246-4c11-8ccb-5c13df7820ba">
      <Execution id="c2412394-6e6b-411d-a676-5b9e14cabdf2" />
      <TestMethod codeBase="d:\v2.0\a1\_work\dbded102\vso\tfs\service\webaccess\agile\testscripts\tests\tfstests.agile.taskboard.view.interactions.ts" adapterTypeName="Microsoft.VisualStudio.TestTools.TestTypes.Unit.UnitTestAdapter" className="d:\v2.0\a1\_work\dbded102\vso\tfs\service\webaccess\agile\testscripts\tests\tfstests.agile.taskboard.view.interactions.ts::tfstests.agile.taskboard.view" name="TFSTests.Agile.TaskBoard.View.Interactions TaskBoardCustLayout_PeopleClassification_AssignmentChange" />
    </UnitTest>
    <UnitTest name="TFSTests.Agile.TaskBoard.View.Interactions TaskBoardCustLayout_activeEditEndsOnResize" storage="d:\v2.0\a1\_work\dbded102\vso\tfs\service\webaccess\agile\testscripts\tests\tfstests.agile.taskboard.view.interactions.ts" id="e53ae7d0-91ae-479e-bf8b-375567e398cc">
      <Execution id="dc6db540-2103-4bfe-bbe9-566944e47ba9" />
      <TestMethod codeBase="d:\v2.0\a1\_work\dbded102\vso\tfs\service\webaccess\agile\testscripts\tests\tfstests.agile.taskboard.view.interactions.ts" adapterTypeName="Microsoft.VisualStudio.TestTools.TestTypes.Unit.UnitTestAdapter" className="d:\v2.0\a1\_work\dbded102\vso\tfs\service\webaccess\agile\testscripts\tests\tfstests.agile.taskboard.view.interactions.ts::tfstests.agile.taskboard.view" name="TFSTests.Agile.TaskBoard.View.Interactions TaskBoardCustLayout_activeEditEndsOnResize" />
    </UnitTest>
    <UnitTest name="TFSTests.Agile.TaskBoard.View.Interactions TestNoChangeInCollapseStateOnReLayout" storage="d:\v2.0\a1\_work\dbded102\vso\tfs\service\webaccess\agile\testscripts\tests\tfstests.agile.taskboard.view.interactions.ts" id="288e8461-5128-4991-9db5-93aadadc2c8a">
      <Execution id="2081d154-8e40-4868-80ee-550eba9b3c89" />
      <TestMethod codeBase="d:\v2.0\a1\_work\dbded102\vso\tfs\service\webaccess\agile\testscripts\tests\tfstests.agile.taskboard.view.interactions.ts" adapterTypeName="Microsoft.VisualStudio.TestTools.TestTypes.Unit.UnitTestAdapter" className="d:\v2.0\a1\_work\dbded102\vso\tfs\service\webaccess\agile\testscripts\tests\tfstests.agile.taskboard.view.interactions.ts::tfstests.agile.taskboard.view" name="TFSTests.Agile.TaskBoard.View.Interactions TestNoChangeInCollapseStateOnReLayout" />
    </UnitTest>
    <UnitTest name="TFSTests.Agile.TaskBoard.Model.Temporary setFieldValueBasicTests" storage="d:\v2.0\a1\_work\dbded102\vso\tfs\service\webaccess\agile\testscripts\tests\tfstests.agile.temporary.ts" id="865b7306-c765-4cf5-a0ff-b24856cf7ae6">
      <Execution id="0646b6f6-233a-4363-bce6-52f2b9263c30" />
      <TestMethod codeBase="d:\v2.0\a1\_work\dbded102\vso\tfs\service\webaccess\agile\testscripts\tests\tfstests.agile.temporary.ts" adapterTypeName="Microsoft.VisualStudio.TestTools.TestTypes.Unit.UnitTestAdapter" className="d:\v2.0\a1\_work\dbded102\vso\tfs\service\webaccess\agile\testscripts\tests\tfstests.agile.temporary.ts::tfstests.agile.taskboard.model" name="TFSTests.Agile.TaskBoard.Model.Temporary setFieldValueBasicTests" />
    </UnitTest>
    <UnitTest name="TFSTests.Agile.TaskBoard.Model.Temporary setFieldValueWorkItemTests" storage="d:\v2.0\a1\_work\dbded102\vso\tfs\service\webaccess\agile\testscripts\tests\tfstests.agile.temporary.ts" id="e796327b-c916-462d-a915-a9d0e8221963">
      <Execution id="eb4b40f7-1229-402c-82d8-8e0fe567ed8a" />
      <TestMethod codeBase="d:\v2.0\a1\_work\dbded102\vso\tfs\service\webaccess\agile\testscripts\tests\tfstests.agile.temporary.ts" adapterTypeName="Microsoft.VisualStudio.TestTools.TestTypes.Unit.UnitTestAdapter" className="d:\v2.0\a1\_work\dbded102\vso\tfs\service\webaccess\agile\testscripts\tests\tfstests.agile.temporary.ts::tfstests.agile.taskboard.model" name="TFSTests.Agile.TaskBoard.Model.Temporary setFieldValueWorkItemTests" />
    </UnitTest>
    <UnitTest name="TFSTests.Agile.TaskBoard.Model.Temporary setFieldValueErrorTests" storage="d:\v2.0\a1\_work\dbded102\vso\tfs\service\webaccess\agile\testscripts\tests\tfstests.agile.temporary.ts" id="d44c98e1-8bbf-40db-a18d-04e94ee2491b">
      <Execution id="bae2ce8a-40d1-4dc7-8fe5-5ce4549fe1e0" />
      <TestMethod codeBase="d:\v2.0\a1\_work\dbded102\vso\tfs\service\webaccess\agile\testscripts\tests\tfstests.agile.temporary.ts" adapterTypeName="Microsoft.VisualStudio.TestTools.TestTypes.Unit.UnitTestAdapter" className="d:\v2.0\a1\_work\dbded102\vso\tfs\service\webaccess\agile\testscripts\tests\tfstests.agile.temporary.ts::tfstests.agile.taskboard.model" name="TFSTests.Agile.TaskBoard.Model.Temporary setFieldValueErrorTests" />
    </UnitTest>
    <UnitTest name="TFSTests.Agile.Temporary testGetNumberOfWorkingDays" storage="d:\v2.0\a1\_work\dbded102\vso\tfs\service\webaccess\agile\testscripts\tests\tfstests.agile.temporary.ts" id="1ab4ff98-1e1c-453b-805b-e8faaaf6484a">
      <Execution id="c6192610-0db1-4437-9347-56e24c0a9862" />
      <TestMethod codeBase="d:\v2.0\a1\_work\dbded102\vso\tfs\service\webaccess\agile\testscripts\tests\tfstests.agile.temporary.ts" adapterTypeName="Microsoft.VisualStudio.TestTools.TestTypes.Unit.UnitTestAdapter" className="d:\v2.0\a1\_work\dbded102\vso\tfs\service\webaccess\agile\testscripts\tests\tfstests.agile.temporary.ts::tfstests.agile" name="TFSTests.Agile.Temporary testGetNumberOfWorkingDays" />
    </UnitTest>
    <UnitTest name="TFSTests.Agile.Temporary testAddWorkingDays" storage="d:\v2.0\a1\_work\dbded102\vso\tfs\service\webaccess\agile\testscripts\tests\tfstests.agile.temporary.ts" id="f5402b31-f4ae-475a-b289-ab5c195dcbfb">
      <Execution id="8c98c1ed-d15a-449f-b75b-6bcef2ff3460" />
      <TestMethod codeBase="d:\v2.0\a1\_work\dbded102\vso\tfs\service\webaccess\agile\testscripts\tests\tfstests.agile.temporary.ts" adapterTypeName="Microsoft.VisualStudio.TestTools.TestTypes.Unit.UnitTestAdapter" className="d:\v2.0\a1\_work\dbded102\vso\tfs\service\webaccess\agile\testscripts\tests\tfstests.agile.temporary.ts::tfstests.agile" name="TFSTests.Agile.Temporary testAddWorkingDays" />
    </UnitTest>
    <UnitTest name="TFSTests.Agile.Temporary testNormalizeForDateRange" storage="d:\v2.0\a1\_work\dbded102\vso\tfs\service\webaccess\agile\testscripts\tests\tfstests.agile.temporary.ts" id="67363ccd-1231-453c-82f5-36c9b0159e65">
      <Execution id="ef146fe0-6c98-496b-a9c9-90c841bf2af8" />
      <TestMethod codeBase="d:\v2.0\a1\_work\dbded102\vso\tfs\service\webaccess\agile\testscripts\tests\tfstests.agile.temporary.ts" adapterTypeName="Microsoft.VisualStudio.TestTools.TestTypes.Unit.UnitTestAdapter" className="d:\v2.0\a1\_work\dbded102\vso\tfs\service\webaccess\agile\testscripts\tests\tfstests.agile.temporary.ts::tfstests.agile" name="TFSTests.Agile.Temporary testNormalizeForDateRange" />
    </UnitTest>
    <UnitTest name="TFSTests.Agile.TestInfrastructure GetElementSpec_IncludesId_WhenIdIsSet" storage="d:\v2.0\a1\_work\dbded102\vso\tfs\service\webaccess\agile\testscripts\tests\tfstests.agile.testinfrastructure.ts" id="835930a9-5887-4996-923f-1d9217a29b80">
      <Execution id="51b9bed1-8750-44d7-a75c-d92d5138dd84" />
      <TestMethod codeBase="d:\v2.0\a1\_work\dbded102\vso\tfs\service\webaccess\agile\testscripts\tests\tfstests.agile.testinfrastructure.ts" adapterTypeName="Microsoft.VisualStudio.TestTools.TestTypes.Unit.UnitTestAdapter" className="d:\v2.0\a1\_work\dbded102\vso\tfs\service\webaccess\agile\testscripts\tests\tfstests.agile.testinfrastructure.ts::tfstests.agile" name="TFSTests.Agile.TestInfrastructure GetElementSpec_IncludesId_WhenIdIsSet" />
    </UnitTest>
    <UnitTest name="TFSTests.Agile.TestInfrastructure GetElementSpec_IncludesIndex_WhenIdNotSetAndHasPreviousSiblings" storage="d:\v2.0\a1\_work\dbded102\vso\tfs\service\webaccess\agile\testscripts\tests\tfstests.agile.testinfrastructure.ts" id="e765bac9-8848-46b4-901c-d3f23d755a28">
      <Execution id="76873516-5786-417d-89a7-d6ad9f2b849b" />
      <TestMethod codeBase="d:\v2.0\a1\_work\dbded102\vso\tfs\service\webaccess\agile\testscripts\tests\tfstests.agile.testinfrastructure.ts" adapterTypeName="Microsoft.VisualStudio.TestTools.TestTypes.Unit.UnitTestAdapter" className="d:\v2.0\a1\_work\dbded102\vso\tfs\service\webaccess\agile\testscripts\tests\tfstests.agile.testinfrastructure.ts::tfstests.agile" name="TFSTests.Agile.TestInfrastructure GetElementSpec_IncludesIndex_WhenIdNotSetAndHasPreviousSiblings" />
    </UnitTest>
    <UnitTest name="TFSTests.Agile.TestInfrastructure GetElementSpec_ReturnsOnlyTagName_WhenIdNotSetAndNoPreviousSiblings" storage="d:\v2.0\a1\_work\dbded102\vso\tfs\service\webaccess\agile\testscripts\tests\tfstests.agile.testinfrastructure.ts" id="121977a3-7ab5-4f11-a069-1683f40e0f7d">
      <Execution id="ef3ff7c7-f9db-4933-a962-18d86aa39ede" />
      <TestMethod codeBase="d:\v2.0\a1\_work\dbded102\vso\tfs\service\webaccess\agile\testscripts\tests\tfstests.agile.testinfrastructure.ts" adapterTypeName="Microsoft.VisualStudio.TestTools.TestTypes.Unit.UnitTestAdapter" className="d:\v2.0\a1\_work\dbded102\vso\tfs\service\webaccess\agile\testscripts\tests\tfstests.agile.testinfrastructure.ts::tfstests.agile" name="TFSTests.Agile.TestInfrastructure GetElementSpec_ReturnsOnlyTagName_WhenIdNotSetAndNoPreviousSiblings" />
    </UnitTest>
    <UnitTest name="TFSTests.Agile.TestInfrastructure GetElementPath_ReturnsExpectedPath_WhenParentsExist" storage="d:\v2.0\a1\_work\dbded102\vso\tfs\service\webaccess\agile\testscripts\tests\tfstests.agile.testinfrastructure.ts" id="e19e64e8-97a7-48a7-83b3-dfc05f846879">
      <Execution id="29d3551e-9a71-40a4-bac5-33a50fe6366a" />
      <TestMethod codeBase="d:\v2.0\a1\_work\dbded102\vso\tfs\service\webaccess\agile\testscripts\tests\tfstests.agile.testinfrastructure.ts" adapterTypeName="Microsoft.VisualStudio.TestTools.TestTypes.Unit.UnitTestAdapter" className="d:\v2.0\a1\_work\dbded102\vso\tfs\service\webaccess\agile\testscripts\tests\tfstests.agile.testinfrastructure.ts::tfstests.agile" name="TFSTests.Agile.TestInfrastructure GetElementPath_ReturnsExpectedPath_WhenParentsExist" />
    </UnitTest>
    <UnitTest name="TFSTests.Agile.TestInfrastructure GetElementPath_ReturnsElementSpecOnly_WhenNoParents" storage="d:\v2.0\a1\_work\dbded102\vso\tfs\service\webaccess\agile\testscripts\tests\tfstests.agile.testinfrastructure.ts" id="c45e9129-77dd-407b-8584-0b08531a4361">
      <Execution id="c406a31b-960a-4060-9683-cc2c3daa41e7" />
      <TestMethod codeBase="d:\v2.0\a1\_work\dbded102\vso\tfs\service\webaccess\agile\testscripts\tests\tfstests.agile.testinfrastructure.ts" adapterTypeName="Microsoft.VisualStudio.TestTools.TestTypes.Unit.UnitTestAdapter" className="d:\v2.0\a1\_work\dbded102\vso\tfs\service\webaccess\agile\testscripts\tests\tfstests.agile.testinfrastructure.ts::tfstests.agile" name="TFSTests.Agile.TestInfrastructure GetElementPath_ReturnsElementSpecOnly_WhenNoParents" />
    </UnitTest>
    <UnitTest name="TFSTests.Agile.CapacityViewModel TeamCapacityViewModel_Initialize" storage="d:\v2.0\a1\_work\dbded102\vso\tfs\service\webaccess\agile\testscripts\tests\tfstests.agile.capacityviewmodel.ts" id="08e7ce7d-9d0b-45df-8d4c-7d33d16af0aa">
      <Execution id="40efcf0c-cf5e-41a9-8cf9-3f21bbed3678" />
      <TestMethod codeBase="d:\v2.0\a1\_work\dbded102\vso\tfs\service\webaccess\agile\testscripts\tests\tfstests.agile.capacityviewmodel.ts" adapterTypeName="Microsoft.VisualStudio.TestTools.TestTypes.Unit.UnitTestAdapter" className="d:\v2.0\a1\_work\dbded102\vso\tfs\service\webaccess\agile\testscripts\tests\tfstests.agile.capacityviewmodel.ts::tfstests.agile" name="TFSTests.Agile.CapacityViewModel TeamCapacityViewModel_Initialize" />
    </UnitTest>
    <UnitTest name="TFSTests.Agile.CapacityViewModel TeamCapacityViewModel_ValidateRemainingCapacity" storage="d:\v2.0\a1\_work\dbded102\vso\tfs\service\webaccess\agile\testscripts\tests\tfstests.agile.capacityviewmodel.ts" id="696a5e33-e8df-4e9f-a474-4213d2a74676">
      <Execution id="6266d988-e882-4e09-9e46-de269286fcec" />
      <TestMethod codeBase="d:\v2.0\a1\_work\dbded102\vso\tfs\service\webaccess\agile\testscripts\tests\tfstests.agile.capacityviewmodel.ts" adapterTypeName="Microsoft.VisualStudio.TestTools.TestTypes.Unit.UnitTestAdapter" className="d:\v2.0\a1\_work\dbded102\vso\tfs\service\webaccess\agile\testscripts\tests\tfstests.agile.capacityviewmodel.ts::tfstests.agile" name="TFSTests.Agile.CapacityViewModel TeamCapacityViewModel_ValidateRemainingCapacity" />
    </UnitTest>
    <UnitTest name="TFSTests.Agile.CapacityViewModel TeamCapacityViewModel_IsDirty" storage="d:\v2.0\a1\_work\dbded102\vso\tfs\service\webaccess\agile\testscripts\tests\tfstests.agile.capacityviewmodel.ts" id="0fa348a4-0b4e-445f-b080-318e8ed6fc97">
      <Execution id="089d513d-2567-49ed-aff2-600144e61944" />
      <TestMethod codeBase="d:\v2.0\a1\_work\dbded102\vso\tfs\service\webaccess\agile\testscripts\tests\tfstests.agile.capacityviewmodel.ts" adapterTypeName="Microsoft.VisualStudio.TestTools.TestTypes.Unit.UnitTestAdapter" className="d:\v2.0\a1\_work\dbded102\vso\tfs\service\webaccess\agile\testscripts\tests\tfstests.agile.capacityviewmodel.ts::tfstests.agile" name="TFSTests.Agile.CapacityViewModel TeamCapacityViewModel_IsDirty" />
    </UnitTest>
    <UnitTest name="TFSTests.Agile.CapacityViewModel TeamCapacityViewModel_VerifyEmptyCapacitiyPage_Visibility_EmptyCapacities" storage="d:\v2.0\a1\_work\dbded102\vso\tfs\service\webaccess\agile\testscripts\tests\tfstests.agile.capacityviewmodel.ts" id="d7e36db7-48e0-46c4-9eda-734b1694ed9d">
      <Execution id="59c0e831-767b-4eca-9264-00f669b96b16" />
      <TestMethod codeBase="d:\v2.0\a1\_work\dbded102\vso\tfs\service\webaccess\agile\testscripts\tests\tfstests.agile.capacityviewmodel.ts" adapterTypeName="Microsoft.VisualStudio.TestTools.TestTypes.Unit.UnitTestAdapter" className="d:\v2.0\a1\_work\dbded102\vso\tfs\service\webaccess\agile\testscripts\tests\tfstests.agile.capacityviewmodel.ts::tfstests.agile" name="TFSTests.Agile.CapacityViewModel TeamCapacityViewModel_VerifyEmptyCapacitiyPage_Visibility_EmptyCapacities" />
    </UnitTest>
    <UnitTest name="TFSTests.Agile.CapacityViewModel TeamCapacityViewModel_VerifyEmptyCapacitiyPage_Visibility_HasCapacities" storage="d:\v2.0\a1\_work\dbded102\vso\tfs\service\webaccess\agile\testscripts\tests\tfstests.agile.capacityviewmodel.ts" id="91d6ee6d-7109-48cb-849c-575db9d0003d">
      <Execution id="bf78079a-6d65-49fb-bf86-f345af77009f" />
      <TestMethod codeBase="d:\v2.0\a1\_work\dbded102\vso\tfs\service\webaccess\agile\testscripts\tests\tfstests.agile.capacityviewmodel.ts" adapterTypeName="Microsoft.VisualStudio.TestTools.TestTypes.Unit.UnitTestAdapter" className="d:\v2.0\a1\_work\dbded102\vso\tfs\service\webaccess\agile\testscripts\tests\tfstests.agile.capacityviewmodel.ts::tfstests.agile" name="TFSTests.Agile.CapacityViewModel TeamCapacityViewModel_VerifyEmptyCapacitiyPage_Visibility_HasCapacities" />
    </UnitTest>
    <UnitTest name="TFSTests.Agile.CapacityViewModel TeamCapacityViewModel_Save" storage="d:\v2.0\a1\_work\dbded102\vso\tfs\service\webaccess\agile\testscripts\tests\tfstests.agile.capacityviewmodel.ts" id="e098a6d6-3cf6-4d45-9f70-9121811fe2d6">
      <Execution id="196fd0c4-93fd-455b-bb1e-4b005255cfaa" />
      <TestMethod codeBase="d:\v2.0\a1\_work\dbded102\vso\tfs\service\webaccess\agile\testscripts\tests\tfstests.agile.capacityviewmodel.ts" adapterTypeName="Microsoft.VisualStudio.TestTools.TestTypes.Unit.UnitTestAdapter" className="d:\v2.0\a1\_work\dbded102\vso\tfs\service\webaccess\agile\testscripts\tests\tfstests.agile.capacityviewmodel.ts::tfstests.agile" name="TFSTests.Agile.CapacityViewModel TeamCapacityViewModel_Save" />
    </UnitTest>
    <UnitTest name="TFSTests.Agile.CapacityViewModel TeamCapacityViewModel_VerifyAllAttachMethods" storage="d:\v2.0\a1\_work\dbded102\vso\tfs\service\webaccess\agile\testscripts\tests\tfstests.agile.capacityviewmodel.ts" id="c27d9e0c-55a1-4c85-a5c7-a5291d409a33">
      <Execution id="e8abcbb5-c7da-4f09-a614-369152abb46e" />
      <TestMethod codeBase="d:\v2.0\a1\_work\dbded102\vso\tfs\service\webaccess\agile\testscripts\tests\tfstests.agile.capacityviewmodel.ts" adapterTypeName="Microsoft.VisualStudio.TestTools.TestTypes.Unit.UnitTestAdapter" className="d:\v2.0\a1\_work\dbded102\vso\tfs\service\webaccess\agile\testscripts\tests\tfstests.agile.capacityviewmodel.ts::tfstests.agile" name="TFSTests.Agile.CapacityViewModel TeamCapacityViewModel_VerifyAllAttachMethods" />
    </UnitTest>
    <UnitTest name="TFSTests.Agile.CapacityViewModel TeamCapacityViewModel_VerifyMessageSetCorrectly" storage="d:\v2.0\a1\_work\dbded102\vso\tfs\service\webaccess\agile\testscripts\tests\tfstests.agile.capacityviewmodel.ts" id="8c9fdb82-febc-433f-9c68-66cdf20fb4b5">
      <Execution id="c8f0016d-2e9f-46d9-94a0-f3554d2e1220" />
      <TestMethod codeBase="d:\v2.0\a1\_work\dbded102\vso\tfs\service\webaccess\agile\testscripts\tests\tfstests.agile.capacityviewmodel.ts" adapterTypeName="Microsoft.VisualStudio.TestTools.TestTypes.Unit.UnitTestAdapter" className="d:\v2.0\a1\_work\dbded102\vso\tfs\service\webaccess\agile\testscripts\tests\tfstests.agile.capacityviewmodel.ts::tfstests.agile" name="TFSTests.Agile.CapacityViewModel TeamCapacityViewModel_VerifyMessageSetCorrectly" />
    </UnitTest>
    <UnitTest name="TFSTests.Agile.CapacityViewModel TeamCapacityViewModel_ValidateRemainingCapacity_RemoveMembers" storage="d:\v2.0\a1\_work\dbded102\vso\tfs\service\webaccess\agile\testscripts\tests\tfstests.agile.capacityviewmodel.ts" id="3b3b1564-b558-474f-83e6-174a07e68ade">
      <Execution id="654bab16-1d77-407f-9dee-7606b9afd37d" />
      <TestMethod codeBase="d:\v2.0\a1\_work\dbded102\vso\tfs\service\webaccess\agile\testscripts\tests\tfstests.agile.capacityviewmodel.ts" adapterTypeName="Microsoft.VisualStudio.TestTools.TestTypes.Unit.UnitTestAdapter" className="d:\v2.0\a1\_work\dbded102\vso\tfs\service\webaccess\agile\testscripts\tests\tfstests.agile.capacityviewmodel.ts::tfstests.agile" name="TFSTests.Agile.CapacityViewModel TeamCapacityViewModel_ValidateRemainingCapacity_RemoveMembers" />
    </UnitTest>
    <UnitTest name="TFSTests.Agile.CapacityViewModel TeamCapacityViewModel_ValidateRemainingCapacity_AddMembers" storage="d:\v2.0\a1\_work\dbded102\vso\tfs\service\webaccess\agile\testscripts\tests\tfstests.agile.capacityviewmodel.ts" id="16fc0ed2-457f-48c7-b777-0cee73b4db90">
      <Execution id="5cecf040-97f4-4046-b174-78e7e26476ed" />
      <TestMethod codeBase="d:\v2.0\a1\_work\dbded102\vso\tfs\service\webaccess\agile\testscripts\tests\tfstests.agile.capacityviewmodel.ts" adapterTypeName="Microsoft.VisualStudio.TestTools.TestTypes.Unit.UnitTestAdapter" className="d:\v2.0\a1\_work\dbded102\vso\tfs\service\webaccess\agile\testscripts\tests\tfstests.agile.capacityviewmodel.ts::tfstests.agile" name="TFSTests.Agile.CapacityViewModel TeamCapacityViewModel_ValidateRemainingCapacity_AddMembers" />
    </UnitTest>
    <UnitTest name="TFSTests.Agile.CapacityViewModel TeamCapacityAddPanelViewModelHosted_Tests" storage="d:\v2.0\a1\_work\dbded102\vso\tfs\service\webaccess\agile\testscripts\tests\tfstests.agile.capacityviewmodel.ts" id="4c30008e-f272-49f5-a688-4fbafe99d697">
      <Execution id="eed48593-462f-4893-a4a4-50263db8884a" />
      <TestMethod codeBase="d:\v2.0\a1\_work\dbded102\vso\tfs\service\webaccess\agile\testscripts\tests\tfstests.agile.capacityviewmodel.ts" adapterTypeName="Microsoft.VisualStudio.TestTools.TestTypes.Unit.UnitTestAdapter" className="d:\v2.0\a1\_work\dbded102\vso\tfs\service\webaccess\agile\testscripts\tests\tfstests.agile.capacityviewmodel.ts::tfstests.agile" name="TFSTests.Agile.CapacityViewModel TeamCapacityAddPanelViewModelHosted_Tests" />
    </UnitTest>
    <UnitTest name="TFSTests.Agile.CapacityViewModel TeamCapacityAddPanelViewModelOnPrem_Tests" storage="d:\v2.0\a1\_work\dbded102\vso\tfs\service\webaccess\agile\testscripts\tests\tfstests.agile.capacityviewmodel.ts" id="0ec363d1-1496-41f1-8b09-33367f400f08">
      <Execution id="e0f4ba60-a730-4e32-b4c8-ee70cbf24730" />
      <TestMethod codeBase="d:\v2.0\a1\_work\dbded102\vso\tfs\service\webaccess\agile\testscripts\tests\tfstests.agile.capacityviewmodel.ts" adapterTypeName="Microsoft.VisualStudio.TestTools.TestTypes.Unit.UnitTestAdapter" className="d:\v2.0\a1\_work\dbded102\vso\tfs\service\webaccess\agile\testscripts\tests\tfstests.agile.capacityviewmodel.ts::tfstests.agile" name="TFSTests.Agile.CapacityViewModel TeamCapacityAddPanelViewModelOnPrem_Tests" />
    </UnitTest>
    <UnitTest name="TFSTests.Agile.CapacityViewModel TeamCapacityViewModel_CopyFromPrevious" storage="d:\v2.0\a1\_work\dbded102\vso\tfs\service\webaccess\agile\testscripts\tests\tfstests.agile.capacityviewmodel.ts" id="62c387dd-cc5e-4316-b815-3f425015f2cc">
      <Execution id="c526f0ca-693c-4ee5-8b4e-1d0ea0205ad1" />
      <TestMethod codeBase="d:\v2.0\a1\_work\dbded102\vso\tfs\service\webaccess\agile\testscripts\tests\tfstests.agile.capacityviewmodel.ts" adapterTypeName="Microsoft.VisualStudio.TestTools.TestTypes.Unit.UnitTestAdapter" className="d:\v2.0\a1\_work\dbded102\vso\tfs\service\webaccess\agile\testscripts\tests\tfstests.agile.capacityviewmodel.ts::tfstests.agile" name="TFSTests.Agile.CapacityViewModel TeamCapacityViewModel_CopyFromPrevious" />
    </UnitTest>
    <UnitTest name="TFSTests.Agile.ProductBacklog.AddPanelBehaviorTests WillHighlightLastRowAsUnparentedWhenNoSelection" storage="d:\v2.0\a1\_work\dbded102\vso\tfs\service\webaccess\agile\testscripts\tests\tfstests.agile.productbacklog.addpanel.behavior.ts" id="b36c8f08-761e-4745-9143-96057ce8f05b">
      <Execution id="3fdd0a09-b0cc-4088-943b-78c3cedb6149" />
      <TestMethod codeBase="d:\v2.0\a1\_work\dbded102\vso\tfs\service\webaccess\agile\testscripts\tests\tfstests.agile.productbacklog.addpanel.behavior.ts" adapterTypeName="Microsoft.VisualStudio.TestTools.TestTypes.Unit.UnitTestAdapter" className="d:\v2.0\a1\_work\dbded102\vso\tfs\service\webaccess\agile\testscripts\tests\tfstests.agile.productbacklog.addpanel.behavior.ts::tfstests.agile.productbacklog" name="TFSTests.Agile.ProductBacklog.AddPanelBehaviorTests WillHighlightLastRowAsUnparentedWhenNoSelection" />
    </UnitTest>
    <UnitTest name="TFSTests.Agile.ProductBacklog.AddPanelBehaviorTests WillNotAddUnparentedRowIfRootLevelMatchesSelectedWhenNoSelection" storage="d:\v2.0\a1\_work\dbded102\vso\tfs\service\webaccess\agile\testscripts\tests\tfstests.agile.productbacklog.addpanel.behavior.ts" id="bbe88950-59e3-4938-b965-779cff6683d0">
      <Execution id="d1c9d580-d503-47a8-8885-f1c2fd93bf48" />
      <TestMethod codeBase="d:\v2.0\a1\_work\dbded102\vso\tfs\service\webaccess\agile\testscripts\tests\tfstests.agile.productbacklog.addpanel.behavior.ts" adapterTypeName="Microsoft.VisualStudio.TestTools.TestTypes.Unit.UnitTestAdapter" className="d:\v2.0\a1\_work\dbded102\vso\tfs\service\webaccess\agile\testscripts\tests\tfstests.agile.productbacklog.addpanel.behavior.ts::tfstests.agile.productbacklog" name="TFSTests.Agile.ProductBacklog.AddPanelBehaviorTests WillNotAddUnparentedRowIfRootLevelMatchesSelectedWhenNoSelection" />
    </UnitTest>
    <UnitTest name="TFSTests.Agile.ProductBacklog.AddPanelBehaviorTests WillHighlightLastRowAsUnparentedWhenNoLicense" storage="d:\v2.0\a1\_work\dbded102\vso\tfs\service\webaccess\agile\testscripts\tests\tfstests.agile.productbacklog.addpanel.behavior.ts" id="5ece363c-aa4b-40a1-9c3c-f70ec26bc224">
      <Execution id="bff752ef-2ca1-4e09-b1be-7371e96cc385" />
      <TestMethod codeBase="d:\v2.0\a1\_work\dbded102\vso\tfs\service\webaccess\agile\testscripts\tests\tfstests.agile.productbacklog.addpanel.behavior.ts" adapterTypeName="Microsoft.VisualStudio.TestTools.TestTypes.Unit.UnitTestAdapter" className="d:\v2.0\a1\_work\dbded102\vso\tfs\service\webaccess\agile\testscripts\tests\tfstests.agile.productbacklog.addpanel.behavior.ts::tfstests.agile.productbacklog" name="TFSTests.Agile.ProductBacklog.AddPanelBehaviorTests WillHighlightLastRowAsUnparentedWhenNoLicense" />
    </UnitTest>
    <UnitTest name="TFSTests.Agile.ProductBacklog.AddPanelBehaviorTests WillHighlightExistingUnparentedRowWhenNoLicense" storage="d:\v2.0\a1\_work\dbded102\vso\tfs\service\webaccess\agile\testscripts\tests\tfstests.agile.productbacklog.addpanel.behavior.ts" id="f11f198b-2a71-4b4a-809e-5f0c3cdf2463">
      <Execution id="6fd36165-0ded-4fb4-b4c3-300c934cb9a9" />
      <TestMethod codeBase="d:\v2.0\a1\_work\dbded102\vso\tfs\service\webaccess\agile\testscripts\tests\tfstests.agile.productbacklog.addpanel.behavior.ts" adapterTypeName="Microsoft.VisualStudio.TestTools.TestTypes.Unit.UnitTestAdapter" className="d:\v2.0\a1\_work\dbded102\vso\tfs\service\webaccess\agile\testscripts\tests\tfstests.agile.productbacklog.addpanel.behavior.ts::tfstests.agile.productbacklog" name="TFSTests.Agile.ProductBacklog.AddPanelBehaviorTests WillHighlightExistingUnparentedRowWhenNoLicense" />
    </UnitTest>
    <UnitTest name="TFSTests.Agile.ProductBacklog.AddPanelBehaviorTests WillHighlightLastRowWhenUnparentedRowToBeAdded" storage="d:\v2.0\a1\_work\dbded102\vso\tfs\service\webaccess\agile\testscripts\tests\tfstests.agile.productbacklog.addpanel.behavior.ts" id="d8b464c1-9fad-4e27-b730-845f85104cd7">
      <Execution id="35aa3de9-4f5f-41bc-98c4-b5e82d70be1b" />
      <TestMethod codeBase="d:\v2.0\a1\_work\dbded102\vso\tfs\service\webaccess\agile\testscripts\tests\tfstests.agile.productbacklog.addpanel.behavior.ts" adapterTypeName="Microsoft.VisualStudio.TestTools.TestTypes.Unit.UnitTestAdapter" className="d:\v2.0\a1\_work\dbded102\vso\tfs\service\webaccess\agile\testscripts\tests\tfstests.agile.productbacklog.addpanel.behavior.ts::tfstests.agile.productbacklog" name="TFSTests.Agile.ProductBacklog.AddPanelBehaviorTests WillHighlightLastRowWhenUnparentedRowToBeAdded" />
    </UnitTest>
    <UnitTest name="TFSTests.Agile.ProductBacklog.AddPanelBehaviorTests WillHighlightUnparentedRow" storage="d:\v2.0\a1\_work\dbded102\vso\tfs\service\webaccess\agile\testscripts\tests\tfstests.agile.productbacklog.addpanel.behavior.ts" id="c1e12bcd-b5ff-4367-a557-1a034a5013c9">
      <Execution id="c9b0bcf9-08b4-495e-ac3c-de2baf4a0ad1" />
      <TestMethod codeBase="d:\v2.0\a1\_work\dbded102\vso\tfs\service\webaccess\agile\testscripts\tests\tfstests.agile.productbacklog.addpanel.behavior.ts" adapterTypeName="Microsoft.VisualStudio.TestTools.TestTypes.Unit.UnitTestAdapter" className="d:\v2.0\a1\_work\dbded102\vso\tfs\service\webaccess\agile\testscripts\tests\tfstests.agile.productbacklog.addpanel.behavior.ts::tfstests.agile.productbacklog" name="TFSTests.Agile.ProductBacklog.AddPanelBehaviorTests WillHighlightUnparentedRow" />
    </UnitTest>
    <UnitTest name="TFSTests.Agile.ProductBacklog.AddPanelBehaviorTests WillHighlightValidItemOfSelectedLevel" storage="d:\v2.0\a1\_work\dbded102\vso\tfs\service\webaccess\agile\testscripts\tests\tfstests.agile.productbacklog.addpanel.behavior.ts" id="0cebde67-dd8a-4584-b449-a963d92446e8">
      <Execution id="819fde0a-7b01-4425-8c7e-4e6bf9de60cb" />
      <TestMethod codeBase="d:\v2.0\a1\_work\dbded102\vso\tfs\service\webaccess\agile\testscripts\tests\tfstests.agile.productbacklog.addpanel.behavior.ts" adapterTypeName="Microsoft.VisualStudio.TestTools.TestTypes.Unit.UnitTestAdapter" className="d:\v2.0\a1\_work\dbded102\vso\tfs\service\webaccess\agile\testscripts\tests\tfstests.agile.productbacklog.addpanel.behavior.ts::tfstests.agile.productbacklog" name="TFSTests.Agile.ProductBacklog.AddPanelBehaviorTests WillHighlightValidItemOfSelectedLevel" />
    </UnitTest>
    <UnitTest name="TFSTests.Agile.ProductBacklog.AddPanelBehaviorTests WillHighlightValidChildUnderUnparented" storage="d:\v2.0\a1\_work\dbded102\vso\tfs\service\webaccess\agile\testscripts\tests\tfstests.agile.productbacklog.addpanel.behavior.ts" id="544b6ceb-6b56-49c4-9108-a23605095e4c">
      <Execution id="79f33622-008b-4dce-bcf4-fbc3a9c8ead8" />
      <TestMethod codeBase="d:\v2.0\a1\_work\dbded102\vso\tfs\service\webaccess\agile\testscripts\tests\tfstests.agile.productbacklog.addpanel.behavior.ts" adapterTypeName="Microsoft.VisualStudio.TestTools.TestTypes.Unit.UnitTestAdapter" className="d:\v2.0\a1\_work\dbded102\vso\tfs\service\webaccess\agile\testscripts\tests\tfstests.agile.productbacklog.addpanel.behavior.ts::tfstests.agile.productbacklog" name="TFSTests.Agile.ProductBacklog.AddPanelBehaviorTests WillHighlightValidChildUnderUnparented" />
    </UnitTest>
    <UnitTest name="TFSTests.Agile.ProductBacklog.AddPanelBehaviorTests WillHighlightValidItemAmongParents" storage="d:\v2.0\a1\_work\dbded102\vso\tfs\service\webaccess\agile\testscripts\tests\tfstests.agile.productbacklog.addpanel.behavior.ts" id="4381779a-2cab-4ab7-a00d-eed87cd8e02b">
      <Execution id="e6ec7ea4-58fe-4cee-a591-a9f8b3b4766c" />
      <TestMethod codeBase="d:\v2.0\a1\_work\dbded102\vso\tfs\service\webaccess\agile\testscripts\tests\tfstests.agile.productbacklog.addpanel.behavior.ts" adapterTypeName="Microsoft.VisualStudio.TestTools.TestTypes.Unit.UnitTestAdapter" className="d:\v2.0\a1\_work\dbded102\vso\tfs\service\webaccess\agile\testscripts\tests\tfstests.agile.productbacklog.addpanel.behavior.ts::tfstests.agile.productbacklog" name="TFSTests.Agile.ProductBacklog.AddPanelBehaviorTests WillHighlightValidItemAmongParents" />
    </UnitTest>
    <UnitTest name="TFSTests.Agile.ProductBacklog.AddPanelBehaviorTests WillHighlightValidChild" storage="d:\v2.0\a1\_work\dbded102\vso\tfs\service\webaccess\agile\testscripts\tests\tfstests.agile.productbacklog.addpanel.behavior.ts" id="0e722b49-8ef6-4ecb-a50c-7669d951628a">
      <Execution id="1e39af02-0da4-4cdc-97e8-893112f679e5" />
      <TestMethod codeBase="d:\v2.0\a1\_work\dbded102\vso\tfs\service\webaccess\agile\testscripts\tests\tfstests.agile.productbacklog.addpanel.behavior.ts" adapterTypeName="Microsoft.VisualStudio.TestTools.TestTypes.Unit.UnitTestAdapter" className="d:\v2.0\a1\_work\dbded102\vso\tfs\service\webaccess\agile\testscripts\tests\tfstests.agile.productbacklog.addpanel.behavior.ts::tfstests.agile.productbacklog" name="TFSTests.Agile.ProductBacklog.AddPanelBehaviorTests WillHighlightValidChild" />
    </UnitTest>
    <UnitTest name="TFSTests.Agile.ProductBacklog.AddPanelBehaviorTests WillHighlightValidItemHigherUpInHierarchy" storage="d:\v2.0\a1\_work\dbded102\vso\tfs\service\webaccess\agile\testscripts\tests\tfstests.agile.productbacklog.addpanel.behavior.ts" id="159a81ee-6631-464c-9852-3f9021b878be">
      <Execution id="d0d6f8c6-a751-4da4-9a0c-1940d3818489" />
      <TestMethod codeBase="d:\v2.0\a1\_work\dbded102\vso\tfs\service\webaccess\agile\testscripts\tests\tfstests.agile.productbacklog.addpanel.behavior.ts" adapterTypeName="Microsoft.VisualStudio.TestTools.TestTypes.Unit.UnitTestAdapter" className="d:\v2.0\a1\_work\dbded102\vso\tfs\service\webaccess\agile\testscripts\tests\tfstests.agile.productbacklog.addpanel.behavior.ts::tfstests.agile.productbacklog" name="TFSTests.Agile.ProductBacklog.AddPanelBehaviorTests WillHighlightValidItemHigherUpInHierarchy" />
    </UnitTest>
    <UnitTest name="TFSTests.Agile.ProductBacklog.AddPanelBehaviorTests WillHighlightValidItemFurtherDownInHierarchy" storage="d:\v2.0\a1\_work\dbded102\vso\tfs\service\webaccess\agile\testscripts\tests\tfstests.agile.productbacklog.addpanel.behavior.ts" id="2d30316e-4de1-4e65-9d54-7f0882cb9ab9">
      <Execution id="1b67444f-665f-4a33-ab52-b9597894bbbd" />
      <TestMethod codeBase="d:\v2.0\a1\_work\dbded102\vso\tfs\service\webaccess\agile\testscripts\tests\tfstests.agile.productbacklog.addpanel.behavior.ts" adapterTypeName="Microsoft.VisualStudio.TestTools.TestTypes.Unit.UnitTestAdapter" className="d:\v2.0\a1\_work\dbded102\vso\tfs\service\webaccess\agile\testscripts\tests\tfstests.agile.productbacklog.addpanel.behavior.ts::tfstests.agile.productbacklog" name="TFSTests.Agile.ProductBacklog.AddPanelBehaviorTests WillHighlightValidItemFurtherDownInHierarchy" />
    </UnitTest>
    <UnitTest name="TFSTests.Agile.ProductBacklog.AddPanelBehaviorTests WillHighlightValidParent" storage="d:\v2.0\a1\_work\dbded102\vso\tfs\service\webaccess\agile\testscripts\tests\tfstests.agile.productbacklog.addpanel.behavior.ts" id="8b634009-f7fd-4ef4-adf4-573ea6437f77">
      <Execution id="ccc45a32-8005-49b2-8229-22007b101637" />
      <TestMethod codeBase="d:\v2.0\a1\_work\dbded102\vso\tfs\service\webaccess\agile\testscripts\tests\tfstests.agile.productbacklog.addpanel.behavior.ts" adapterTypeName="Microsoft.VisualStudio.TestTools.TestTypes.Unit.UnitTestAdapter" className="d:\v2.0\a1\_work\dbded102\vso\tfs\service\webaccess\agile\testscripts\tests\tfstests.agile.productbacklog.addpanel.behavior.ts::tfstests.agile.productbacklog" name="TFSTests.Agile.ProductBacklog.AddPanelBehaviorTests WillHighlightValidParent" />
    </UnitTest>
    <UnitTest name="TFSTests.Agile.ProductBacklog ProductBacklogMembershipEvaluator_requirementBacklog_proposedItemValid" storage="d:\v2.0\a1\_work\dbded102\vso\tfs\service\webaccess\agile\testscripts\tests\tfstests.agile.productbacklog.async.ts" id="a5f084d0-454c-4678-b708-383ba2a4e9ac">
      <Execution id="74520370-bb92-4aa6-b093-5216f5b7a102" />
      <TestMethod codeBase="d:\v2.0\a1\_work\dbded102\vso\tfs\service\webaccess\agile\testscripts\tests\tfstests.agile.productbacklog.async.ts" adapterTypeName="Microsoft.VisualStudio.TestTools.TestTypes.Unit.UnitTestAdapter" className="d:\v2.0\a1\_work\dbded102\vso\tfs\service\webaccess\agile\testscripts\tests\tfstests.agile.productbacklog.async.ts::tfstests.agile" name="TFSTests.Agile.ProductBacklog ProductBacklogMembershipEvaluator_requirementBacklog_proposedItemValid" />
    </UnitTest>
    <UnitTest name="TFSTests.Agile.ProductBacklog ProductBacklogMembershipEvaluator_requirementBacklog_completeItemInvalid" storage="d:\v2.0\a1\_work\dbded102\vso\tfs\service\webaccess\agile\testscripts\tests\tfstests.agile.productbacklog.async.ts" id="cc18cf95-9a67-441e-9669-795eb8ed1d65">
      <Execution id="949e5efd-be8c-4852-a443-40dbf052098a" />
      <TestMethod codeBase="d:\v2.0\a1\_work\dbded102\vso\tfs\service\webaccess\agile\testscripts\tests\tfstests.agile.productbacklog.async.ts" adapterTypeName="Microsoft.VisualStudio.TestTools.TestTypes.Unit.UnitTestAdapter" className="d:\v2.0\a1\_work\dbded102\vso\tfs\service\webaccess\agile\testscripts\tests\tfstests.agile.productbacklog.async.ts::tfstests.agile" name="TFSTests.Agile.ProductBacklog ProductBacklogMembershipEvaluator_requirementBacklog_completeItemInvalid" />
    </UnitTest>
    <UnitTest name="TFSTests.Agile.ProductBacklog ProductBacklogMembershipEvaluator_portfolioBacklog_proposedItemValid" storage="d:\v2.0\a1\_work\dbded102\vso\tfs\service\webaccess\agile\testscripts\tests\tfstests.agile.productbacklog.async.ts" id="62749c95-61ea-4f83-bedb-0b05dc577f98">
      <Execution id="4dea2eed-bd00-49fc-9649-61766556961b" />
      <TestMethod codeBase="d:\v2.0\a1\_work\dbded102\vso\tfs\service\webaccess\agile\testscripts\tests\tfstests.agile.productbacklog.async.ts" adapterTypeName="Microsoft.VisualStudio.TestTools.TestTypes.Unit.UnitTestAdapter" className="d:\v2.0\a1\_work\dbded102\vso\tfs\service\webaccess\agile\testscripts\tests\tfstests.agile.productbacklog.async.ts::tfstests.agile" name="TFSTests.Agile.ProductBacklog ProductBacklogMembershipEvaluator_portfolioBacklog_proposedItemValid" />
    </UnitTest>
    <UnitTest name="TFSTests.Agile.ProductBacklog ProductBacklogMembershipEvaluator_portfolioBacklog_inProgressItemValid" storage="d:\v2.0\a1\_work\dbded102\vso\tfs\service\webaccess\agile\testscripts\tests\tfstests.agile.productbacklog.async.ts" id="0ffaa81f-67a4-4b9c-a266-6145c6778260">
      <Execution id="774fd2e2-9010-4cd8-80df-d5a407edcea2" />
      <TestMethod codeBase="d:\v2.0\a1\_work\dbded102\vso\tfs\service\webaccess\agile\testscripts\tests\tfstests.agile.productbacklog.async.ts" adapterTypeName="Microsoft.VisualStudio.TestTools.TestTypes.Unit.UnitTestAdapter" className="d:\v2.0\a1\_work\dbded102\vso\tfs\service\webaccess\agile\testscripts\tests\tfstests.agile.productbacklog.async.ts::tfstests.agile" name="TFSTests.Agile.ProductBacklog ProductBacklogMembershipEvaluator_portfolioBacklog_inProgressItemValid" />
    </UnitTest>
    <UnitTest name="TFSTests.Agile.ProductBacklog ProductBacklogMembershipEvaluator_portfolioBacklog_completeItemInvalid" storage="d:\v2.0\a1\_work\dbded102\vso\tfs\service\webaccess\agile\testscripts\tests\tfstests.agile.productbacklog.async.ts" id="e6a3cd3d-31a6-4f17-8187-ea1048076edd">
      <Execution id="b30364ec-d75f-45b0-a1bd-24e867da85de" />
      <TestMethod codeBase="d:\v2.0\a1\_work\dbded102\vso\tfs\service\webaccess\agile\testscripts\tests\tfstests.agile.productbacklog.async.ts" adapterTypeName="Microsoft.VisualStudio.TestTools.TestTypes.Unit.UnitTestAdapter" className="d:\v2.0\a1\_work\dbded102\vso\tfs\service\webaccess\agile\testscripts\tests\tfstests.agile.productbacklog.async.ts::tfstests.agile" name="TFSTests.Agile.ProductBacklog ProductBacklogMembershipEvaluator_portfolioBacklog_completeItemInvalid" />
    </UnitTest>
    <UnitTest name="TFSTests.Agile.ProductBacklog ProductBacklogMembershipEvaluator_portfolioBacklog_simpleTopDownFilter_hubTypeValid" storage="d:\v2.0\a1\_work\dbded102\vso\tfs\service\webaccess\agile\testscripts\tests\tfstests.agile.productbacklog.async.ts" id="bc992a72-3f2f-4476-a2d7-fb134c85e1f2">
      <Execution id="da1f56c4-171f-4b46-9f79-5f917bd813bf" />
      <TestMethod codeBase="d:\v2.0\a1\_work\dbded102\vso\tfs\service\webaccess\agile\testscripts\tests\tfstests.agile.productbacklog.async.ts" adapterTypeName="Microsoft.VisualStudio.TestTools.TestTypes.Unit.UnitTestAdapter" className="d:\v2.0\a1\_work\dbded102\vso\tfs\service\webaccess\agile\testscripts\tests\tfstests.agile.productbacklog.async.ts::tfstests.agile" name="TFSTests.Agile.ProductBacklog ProductBacklogMembershipEvaluator_portfolioBacklog_simpleTopDownFilter_hubTypeValid" />
    </UnitTest>
    <UnitTest name="TFSTests.Agile.ProductBacklog ProductBacklogMembershipEvaluator_portfolioBacklog_simpleTopDownFilter_filterTypeValid" storage="d:\v2.0\a1\_work\dbded102\vso\tfs\service\webaccess\agile\testscripts\tests\tfstests.agile.productbacklog.async.ts" id="81ea3756-fcfd-4ab5-ad1b-154a2476b446">
      <Execution id="2e635e47-7321-47e0-93f3-bdd84746cc92" />
      <TestMethod codeBase="d:\v2.0\a1\_work\dbded102\vso\tfs\service\webaccess\agile\testscripts\tests\tfstests.agile.productbacklog.async.ts" adapterTypeName="Microsoft.VisualStudio.TestTools.TestTypes.Unit.UnitTestAdapter" className="d:\v2.0\a1\_work\dbded102\vso\tfs\service\webaccess\agile\testscripts\tests\tfstests.agile.productbacklog.async.ts::tfstests.agile" name="TFSTests.Agile.ProductBacklog ProductBacklogMembershipEvaluator_portfolioBacklog_simpleTopDownFilter_filterTypeValid" />
    </UnitTest>
    <UnitTest name="TFSTests.Agile.ProductBacklog ProductBacklogMembershipEvaluator_portfolioBacklog_simpleTopDownFilter_invalidTypes" storage="d:\v2.0\a1\_work\dbded102\vso\tfs\service\webaccess\agile\testscripts\tests\tfstests.agile.productbacklog.async.ts" id="c1ea9b38-8378-4b41-a800-27e3a042d25a">
      <Execution id="f18154ff-1004-4c73-a674-8ca913aa2b8b" />
      <TestMethod codeBase="d:\v2.0\a1\_work\dbded102\vso\tfs\service\webaccess\agile\testscripts\tests\tfstests.agile.productbacklog.async.ts" adapterTypeName="Microsoft.VisualStudio.TestTools.TestTypes.Unit.UnitTestAdapter" className="d:\v2.0\a1\_work\dbded102\vso\tfs\service\webaccess\agile\testscripts\tests\tfstests.agile.productbacklog.async.ts::tfstests.agile" name="TFSTests.Agile.ProductBacklog ProductBacklogMembershipEvaluator_portfolioBacklog_simpleTopDownFilter_invalidTypes" />
    </UnitTest>
    <UnitTest name="TFSTests.Agile.ProductBacklog ProductBacklogMembershipEvaluator_portfolioBacklog_complexTopDownFilter_hubTypeValid" storage="d:\v2.0\a1\_work\dbded102\vso\tfs\service\webaccess\agile\testscripts\tests\tfstests.agile.productbacklog.async.ts" id="16d78e9e-2ae2-44f2-ab2b-f76e3ed11520">
      <Execution id="bc79af4e-b981-4865-b652-6d3b348a2198" />
      <TestMethod codeBase="d:\v2.0\a1\_work\dbded102\vso\tfs\service\webaccess\agile\testscripts\tests\tfstests.agile.productbacklog.async.ts" adapterTypeName="Microsoft.VisualStudio.TestTools.TestTypes.Unit.UnitTestAdapter" className="d:\v2.0\a1\_work\dbded102\vso\tfs\service\webaccess\agile\testscripts\tests\tfstests.agile.productbacklog.async.ts::tfstests.agile" name="TFSTests.Agile.ProductBacklog ProductBacklogMembershipEvaluator_portfolioBacklog_complexTopDownFilter_hubTypeValid" />
    </UnitTest>
    <UnitTest name="TFSTests.Agile.ProductBacklog ProductBacklogMembershipEvaluator_portfolioBacklog_complexTopDownFilter_innerTypeValid" storage="d:\v2.0\a1\_work\dbded102\vso\tfs\service\webaccess\agile\testscripts\tests\tfstests.agile.productbacklog.async.ts" id="6a95ee42-6284-4748-8332-50f57e64d7cc">
      <Execution id="56d35904-c538-4f17-aa27-4571324a5e0d" />
      <TestMethod codeBase="d:\v2.0\a1\_work\dbded102\vso\tfs\service\webaccess\agile\testscripts\tests\tfstests.agile.productbacklog.async.ts" adapterTypeName="Microsoft.VisualStudio.TestTools.TestTypes.Unit.UnitTestAdapter" className="d:\v2.0\a1\_work\dbded102\vso\tfs\service\webaccess\agile\testscripts\tests\tfstests.agile.productbacklog.async.ts::tfstests.agile" name="TFSTests.Agile.ProductBacklog ProductBacklogMembershipEvaluator_portfolioBacklog_complexTopDownFilter_innerTypeValid" />
    </UnitTest>
    <UnitTest name="TFSTests.Agile.ProductBacklog.ContextMenuCreatorTests VerifyConsecutiveSeparatorsAreCleaned" storage="d:\v2.0\a1\_work\dbded102\vso\tfs\service\webaccess\agile\testscripts\tests\tfstests.agile.productbacklog.contextmenu.ts" id="6f5948f0-e4d0-4dd8-b9e9-477a4e213f2e">
      <Execution id="c28b5e70-100d-4269-88c6-a3e9233f4cb2" />
      <TestMethod codeBase="d:\v2.0\a1\_work\dbded102\vso\tfs\service\webaccess\agile\testscripts\tests\tfstests.agile.productbacklog.contextmenu.ts" adapterTypeName="Microsoft.VisualStudio.TestTools.TestTypes.Unit.UnitTestAdapter" className="d:\v2.0\a1\_work\dbded102\vso\tfs\service\webaccess\agile\testscripts\tests\tfstests.agile.productbacklog.contextmenu.ts::tfstests.agile.productbacklog" name="TFSTests.Agile.ProductBacklog.ContextMenuCreatorTests VerifyConsecutiveSeparatorsAreCleaned" />
    </UnitTest>
    <UnitTest name="TFSTests.Agile.ProductBacklog.MoveToIterationContextMenuTests VerifyCorrectMenuItemsAreGenerated" storage="d:\v2.0\a1\_work\dbded102\vso\tfs\service\webaccess\agile\testscripts\tests\tfstests.agile.productbacklog.contextmenu.ts" id="5767b605-1f54-4f62-b10d-f482917ad090">
      <Execution id="a5a388a6-2189-473c-ae77-f8d7c450d2d2" />
      <TestMethod codeBase="d:\v2.0\a1\_work\dbded102\vso\tfs\service\webaccess\agile\testscripts\tests\tfstests.agile.productbacklog.contextmenu.ts" adapterTypeName="Microsoft.VisualStudio.TestTools.TestTypes.Unit.UnitTestAdapter" className="d:\v2.0\a1\_work\dbded102\vso\tfs\service\webaccess\agile\testscripts\tests\tfstests.agile.productbacklog.contextmenu.ts::tfstests.agile.productbacklog" name="TFSTests.Agile.ProductBacklog.MoveToIterationContextMenuTests VerifyCorrectMenuItemsAreGenerated" />
    </UnitTest>
    <UnitTest name="TFSTests.Agile.ProductBacklog.MoveToIterationContextMenuTests VerifyChildMenuItems" storage="d:\v2.0\a1\_work\dbded102\vso\tfs\service\webaccess\agile\testscripts\tests\tfstests.agile.productbacklog.contextmenu.ts" id="3f56f3bc-4b1f-45ec-b44c-c5683c98de6c">
      <Execution id="210bf2af-db27-4f41-9dbb-a1f33b8858af" />
      <TestMethod codeBase="d:\v2.0\a1\_work\dbded102\vso\tfs\service\webaccess\agile\testscripts\tests\tfstests.agile.productbacklog.contextmenu.ts" adapterTypeName="Microsoft.VisualStudio.TestTools.TestTypes.Unit.UnitTestAdapter" className="d:\v2.0\a1\_work\dbded102\vso\tfs\service\webaccess\agile\testscripts\tests\tfstests.agile.productbacklog.contextmenu.ts::tfstests.agile.productbacklog" name="TFSTests.Agile.ProductBacklog.MoveToIterationContextMenuTests VerifyChildMenuItems" />
    </UnitTest>
    <UnitTest name="TFSTests.Agile.ProductBacklog.MoveToIterationContextMenuTests MembershipShouldBeSuppressedBeforeModifyingForParent" storage="d:\v2.0\a1\_work\dbded102\vso\tfs\service\webaccess\agile\testscripts\tests\tfstests.agile.productbacklog.contextmenu.ts" id="1db4108f-6540-44ca-92ea-3be8ff776dc4">
      <Execution id="32142df1-5a60-439c-adf1-f1681a805109" />
      <TestMethod codeBase="d:\v2.0\a1\_work\dbded102\vso\tfs\service\webaccess\agile\testscripts\tests\tfstests.agile.productbacklog.contextmenu.ts" adapterTypeName="Microsoft.VisualStudio.TestTools.TestTypes.Unit.UnitTestAdapter" className="d:\v2.0\a1\_work\dbded102\vso\tfs\service\webaccess\agile\testscripts\tests\tfstests.agile.productbacklog.contextmenu.ts::tfstests.agile.productbacklog" name="TFSTests.Agile.ProductBacklog.MoveToIterationContextMenuTests MembershipShouldBeSuppressedBeforeModifyingForParent" />
    </UnitTest>
    <UnitTest name="TFSTests.Agile.ProductBacklog.MoveToIterationContextMenuTests MembershipShouldBeSuppressedForEachChild" storage="d:\v2.0\a1\_work\dbded102\vso\tfs\service\webaccess\agile\testscripts\tests\tfstests.agile.productbacklog.contextmenu.ts" id="22fe726b-fd72-4010-81fe-8bcd3b8364b1">
      <Execution id="f10c844a-a18e-460d-b5ef-4b7136113cf2" />
      <TestMethod codeBase="d:\v2.0\a1\_work\dbded102\vso\tfs\service\webaccess\agile\testscripts\tests\tfstests.agile.productbacklog.contextmenu.ts" adapterTypeName="Microsoft.VisualStudio.TestTools.TestTypes.Unit.UnitTestAdapter" className="d:\v2.0\a1\_work\dbded102\vso\tfs\service\webaccess\agile\testscripts\tests\tfstests.agile.productbacklog.contextmenu.ts::tfstests.agile.productbacklog" name="TFSTests.Agile.ProductBacklog.MoveToIterationContextMenuTests MembershipShouldBeSuppressedForEachChild" />
    </UnitTest>
    <UnitTest name="TFSTests.Agile.ProductBacklog.MoveToIterationContextMenuTests ExplicitMembershipCheckShouldBeRequestedForAllItemsAfterSave" storage="d:\v2.0\a1\_work\dbded102\vso\tfs\service\webaccess\agile\testscripts\tests\tfstests.agile.productbacklog.contextmenu.ts" id="07fc21fa-6c93-4b20-b897-703a03717d50">
      <Execution id="fd323b75-5378-4935-82f1-80c7cf77d819" />
      <TestMethod codeBase="d:\v2.0\a1\_work\dbded102\vso\tfs\service\webaccess\agile\testscripts\tests\tfstests.agile.productbacklog.contextmenu.ts" adapterTypeName="Microsoft.VisualStudio.TestTools.TestTypes.Unit.UnitTestAdapter" className="d:\v2.0\a1\_work\dbded102\vso\tfs\service\webaccess\agile\testscripts\tests\tfstests.agile.productbacklog.contextmenu.ts::tfstests.agile.productbacklog" name="TFSTests.Agile.ProductBacklog.MoveToIterationContextMenuTests ExplicitMembershipCheckShouldBeRequestedForAllItemsAfterSave" />
    </UnitTest>
    <UnitTest name="TFSTests.Agile.ProductBacklog.IndentContextMenuItemTests VerifyCorrectMenuItemsAreGenerated" storage="d:\v2.0\a1\_work\dbded102\vso\tfs\service\webaccess\agile\testscripts\tests\tfstests.agile.productbacklog.contextmenu.ts" id="76405655-8e65-4dad-9f08-d125028ea1f2">
      <Execution id="d026712c-a536-4919-a138-f7f0705b6a0d" />
      <TestMethod codeBase="d:\v2.0\a1\_work\dbded102\vso\tfs\service\webaccess\agile\testscripts\tests\tfstests.agile.productbacklog.contextmenu.ts" adapterTypeName="Microsoft.VisualStudio.TestTools.TestTypes.Unit.UnitTestAdapter" className="d:\v2.0\a1\_work\dbded102\vso\tfs\service\webaccess\agile\testscripts\tests\tfstests.agile.productbacklog.contextmenu.ts::tfstests.agile.productbacklog" name="TFSTests.Agile.ProductBacklog.IndentContextMenuItemTests VerifyCorrectMenuItemsAreGenerated" />
    </UnitTest>
    <UnitTest name="TFSTests.Agile.ProductBacklog.IndentContextMenuItemTests Backlog_IndentContextMenuGridBehavior_ActionIndentsRequirement" storage="d:\v2.0\a1\_work\dbded102\vso\tfs\service\webaccess\agile\testscripts\tests\tfstests.agile.productbacklog.contextmenu.ts" id="3620add1-9dca-443a-9cf2-538bf4209473">
      <Execution id="71ef155a-905d-4a2f-bdf8-8382bdd9903f" />
      <TestMethod codeBase="d:\v2.0\a1\_work\dbded102\vso\tfs\service\webaccess\agile\testscripts\tests\tfstests.agile.productbacklog.contextmenu.ts" adapterTypeName="Microsoft.VisualStudio.TestTools.TestTypes.Unit.UnitTestAdapter" className="d:\v2.0\a1\_work\dbded102\vso\tfs\service\webaccess\agile\testscripts\tests\tfstests.agile.productbacklog.contextmenu.ts::tfstests.agile.productbacklog" name="TFSTests.Agile.ProductBacklog.IndentContextMenuItemTests Backlog_IndentContextMenuGridBehavior_ActionIndentsRequirement" />
    </UnitTest>
    <UnitTest name="TFSTests.Agile.ProductBacklog.IndentContextMenuItemTests Backlog_IndentContextMenu_SelectionFilterIsCalled" storage="d:\v2.0\a1\_work\dbded102\vso\tfs\service\webaccess\agile\testscripts\tests\tfstests.agile.productbacklog.contextmenu.ts" id="6598c6d0-a277-4be1-a5f1-5171355abc88">
      <Execution id="40465cf5-63e3-495d-8dc6-5ec2e0ac4be9" />
      <TestMethod codeBase="d:\v2.0\a1\_work\dbded102\vso\tfs\service\webaccess\agile\testscripts\tests\tfstests.agile.productbacklog.contextmenu.ts" adapterTypeName="Microsoft.VisualStudio.TestTools.TestTypes.Unit.UnitTestAdapter" className="d:\v2.0\a1\_work\dbded102\vso\tfs\service\webaccess\agile\testscripts\tests\tfstests.agile.productbacklog.contextmenu.ts::tfstests.agile.productbacklog" name="TFSTests.Agile.ProductBacklog.IndentContextMenuItemTests Backlog_IndentContextMenu_SelectionFilterIsCalled" />
    </UnitTest>
    <UnitTest name="TFSTests.Agile.ProductBacklog.ContextMenuTests VerifyBulkEditContextMenu" storage="d:\v2.0\a1\_work\dbded102\vso\tfs\service\webaccess\agile\testscripts\tests\tfstests.agile.productbacklog.contextmenu.ts" id="7e6c0b82-b10b-4801-b7a3-55678d1461e7">
      <Execution id="bf3e78e2-0513-44b1-ae47-52b686f900ad" />
      <TestMethod codeBase="d:\v2.0\a1\_work\dbded102\vso\tfs\service\webaccess\agile\testscripts\tests\tfstests.agile.productbacklog.contextmenu.ts" adapterTypeName="Microsoft.VisualStudio.TestTools.TestTypes.Unit.UnitTestAdapter" className="d:\v2.0\a1\_work\dbded102\vso\tfs\service\webaccess\agile\testscripts\tests\tfstests.agile.productbacklog.contextmenu.ts::tfstests.agile.productbacklog" name="TFSTests.Agile.ProductBacklog.ContextMenuTests VerifyBulkEditContextMenu" />
    </UnitTest>
    <UnitTest name="TFSTests.Agile.ProductBacklog.ContextMenuTests VerifyAddChildTaskGridBehavior_GetItems" storage="d:\v2.0\a1\_work\dbded102\vso\tfs\service\webaccess\agile\testscripts\tests\tfstests.agile.productbacklog.contextmenu.ts" id="b0c6e7d5-19e9-4515-96b8-7ed8da3461c9">
      <Execution id="e0249b15-b539-46b7-a432-955ed1cb8eb2" />
      <TestMethod codeBase="d:\v2.0\a1\_work\dbded102\vso\tfs\service\webaccess\agile\testscripts\tests\tfstests.agile.productbacklog.contextmenu.ts" adapterTypeName="Microsoft.VisualStudio.TestTools.TestTypes.Unit.UnitTestAdapter" className="d:\v2.0\a1\_work\dbded102\vso\tfs\service\webaccess\agile\testscripts\tests\tfstests.agile.productbacklog.contextmenu.ts::tfstests.agile.productbacklog" name="TFSTests.Agile.ProductBacklog.ContextMenuTests VerifyAddChildTaskGridBehavior_GetItems" />
    </UnitTest>
    <UnitTest name="TFSTests.Agile.ProductBacklog.ContextMenuTests VerifyOpenWorkItemContextMenuItem" storage="d:\v2.0\a1\_work\dbded102\vso\tfs\service\webaccess\agile\testscripts\tests\tfstests.agile.productbacklog.contextmenu.ts" id="13e2fd9f-0922-4953-8f6f-fd7688bd8277">
      <Execution id="2ac9b9dc-2f76-47d7-9724-a2a570afb8d4" />
      <TestMethod codeBase="d:\v2.0\a1\_work\dbded102\vso\tfs\service\webaccess\agile\testscripts\tests\tfstests.agile.productbacklog.contextmenu.ts" adapterTypeName="Microsoft.VisualStudio.TestTools.TestTypes.Unit.UnitTestAdapter" className="d:\v2.0\a1\_work\dbded102\vso\tfs\service\webaccess\agile\testscripts\tests\tfstests.agile.productbacklog.contextmenu.ts::tfstests.agile.productbacklog" name="TFSTests.Agile.ProductBacklog.ContextMenuTests VerifyOpenWorkItemContextMenuItem" />
    </UnitTest>
    <UnitTest name="TFSTests.Agile.ProductBacklog.ContextMenuTests Test_CopyAsHtmlContextMenuItem" storage="d:\v2.0\a1\_work\dbded102\vso\tfs\service\webaccess\agile\testscripts\tests\tfstests.agile.productbacklog.contextmenu.ts" id="bcce043d-c632-483b-91f2-f87c6f774a6d">
      <Execution id="b80772a9-ba0e-4761-9501-c9b632187063" />
      <TestMethod codeBase="d:\v2.0\a1\_work\dbded102\vso\tfs\service\webaccess\agile\testscripts\tests\tfstests.agile.productbacklog.contextmenu.ts" adapterTypeName="Microsoft.VisualStudio.TestTools.TestTypes.Unit.UnitTestAdapter" className="d:\v2.0\a1\_work\dbded102\vso\tfs\service\webaccess\agile\testscripts\tests\tfstests.agile.productbacklog.contextmenu.ts::tfstests.agile.productbacklog" name="TFSTests.Agile.ProductBacklog.ContextMenuTests Test_CopyAsHtmlContextMenuItem" />
    </UnitTest>
    <UnitTest name="TFSTests.Agile.ProductBacklog.ContextMenuTests Test_BacklogContextMenuEmail" storage="d:\v2.0\a1\_work\dbded102\vso\tfs\service\webaccess\agile\testscripts\tests\tfstests.agile.productbacklog.contextmenu.ts" id="0d96ef1f-dc7a-499c-bce6-c3b9353137f2">
      <Execution id="775e6aaa-0e7e-4eae-b6a5-2b65a50b96a1" />
      <TestMethod codeBase="d:\v2.0\a1\_work\dbded102\vso\tfs\service\webaccess\agile\testscripts\tests\tfstests.agile.productbacklog.contextmenu.ts" adapterTypeName="Microsoft.VisualStudio.TestTools.TestTypes.Unit.UnitTestAdapter" className="d:\v2.0\a1\_work\dbded102\vso\tfs\service\webaccess\agile\testscripts\tests\tfstests.agile.productbacklog.contextmenu.ts::tfstests.agile.productbacklog" name="TFSTests.Agile.ProductBacklog.ContextMenuTests Test_BacklogContextMenuEmail" />
    </UnitTest>
    <UnitTest name="TFSTests.Agile.ProductBacklog.ContextMenuTests Test_AssignToContextMenuItem_Presence" storage="d:\v2.0\a1\_work\dbded102\vso\tfs\service\webaccess\agile\testscripts\tests\tfstests.agile.productbacklog.contextmenu.ts" id="ecc6f7f9-a3f1-40b0-8bd4-2df9ae1b5d2c">
      <Execution id="3d22948d-078d-4588-8f92-df097f6eb160" />
      <TestMethod codeBase="d:\v2.0\a1\_work\dbded102\vso\tfs\service\webaccess\agile\testscripts\tests\tfstests.agile.productbacklog.contextmenu.ts" adapterTypeName="Microsoft.VisualStudio.TestTools.TestTypes.Unit.UnitTestAdapter" className="d:\v2.0\a1\_work\dbded102\vso\tfs\service\webaccess\agile\testscripts\tests\tfstests.agile.productbacklog.contextmenu.ts::tfstests.agile.productbacklog" name="TFSTests.Agile.ProductBacklog.ContextMenuTests Test_AssignToContextMenuItem_Presence" />
    </UnitTest>
    <UnitTest name="TFSTests.Agile.ProductBacklog.ContextMenuTests Test_AssignToContextMenuItem_ImmediatelySaves" storage="d:\v2.0\a1\_work\dbded102\vso\tfs\service\webaccess\agile\testscripts\tests\tfstests.agile.productbacklog.contextmenu.ts" id="4a3838fa-5d93-4dac-910d-f4550610cdd3">
      <Execution id="95cc2f80-d7c3-411d-9da5-01c3c66341f7" />
      <TestMethod codeBase="d:\v2.0\a1\_work\dbded102\vso\tfs\service\webaccess\agile\testscripts\tests\tfstests.agile.productbacklog.contextmenu.ts" adapterTypeName="Microsoft.VisualStudio.TestTools.TestTypes.Unit.UnitTestAdapter" className="d:\v2.0\a1\_work\dbded102\vso\tfs\service\webaccess\agile\testscripts\tests\tfstests.agile.productbacklog.contextmenu.ts::tfstests.agile.productbacklog" name="TFSTests.Agile.ProductBacklog.ContextMenuTests Test_AssignToContextMenuItem_ImmediatelySaves" />
    </UnitTest>
    <UnitTest name="TFSTests.Agile.ProductBacklog.ContextMenuTests Test_MoveToPositionContextMenuItem" storage="d:\v2.0\a1\_work\dbded102\vso\tfs\service\webaccess\agile\testscripts\tests\tfstests.agile.productbacklog.contextmenu.ts" id="a210f7f7-4f6e-4ef3-b108-45b6d7f06f19">
      <Execution id="4adb8e09-7621-4725-960b-c40824b46d64" />
      <TestMethod codeBase="d:\v2.0\a1\_work\dbded102\vso\tfs\service\webaccess\agile\testscripts\tests\tfstests.agile.productbacklog.contextmenu.ts" adapterTypeName="Microsoft.VisualStudio.TestTools.TestTypes.Unit.UnitTestAdapter" className="d:\v2.0\a1\_work\dbded102\vso\tfs\service\webaccess\agile\testscripts\tests\tfstests.agile.productbacklog.contextmenu.ts::tfstests.agile.productbacklog" name="TFSTests.Agile.ProductBacklog.ContextMenuTests Test_MoveToPositionContextMenuItem" />
    </UnitTest>
    <UnitTest name="TFSTests.Agile.ProductBacklog.ContextMenuTests Test_MoveToPositionContextMenuItemOnIterationBacklog" storage="d:\v2.0\a1\_work\dbded102\vso\tfs\service\webaccess\agile\testscripts\tests\tfstests.agile.productbacklog.contextmenu.ts" id="bb327ff0-0231-497b-978a-0aea39bd7606">
      <Execution id="1068882e-c670-4b24-a396-6a2a6744c693" />
      <TestMethod codeBase="d:\v2.0\a1\_work\dbded102\vso\tfs\service\webaccess\agile\testscripts\tests\tfstests.agile.productbacklog.contextmenu.ts" adapterTypeName="Microsoft.VisualStudio.TestTools.TestTypes.Unit.UnitTestAdapter" className="d:\v2.0\a1\_work\dbded102\vso\tfs\service\webaccess\agile\testscripts\tests\tfstests.agile.productbacklog.contextmenu.ts::tfstests.agile.productbacklog" name="TFSTests.Agile.ProductBacklog.ContextMenuTests Test_MoveToPositionContextMenuItemOnIterationBacklog" />
    </UnitTest>
    <UnitTest name="TFSTests.Agile.ProductBacklog.ContextMenuTests Test_MoveToPositionContextMenuItem_MoveWorkItemByVisibleOrder_MoveToTop" storage="d:\v2.0\a1\_work\dbded102\vso\tfs\service\webaccess\agile\testscripts\tests\tfstests.agile.productbacklog.contextmenu.ts" id="cde0ae84-0485-47fa-9746-edf51586dc2a">
      <Execution id="d041a31a-2b73-4347-a347-4d682757df20" />
      <TestMethod codeBase="d:\v2.0\a1\_work\dbded102\vso\tfs\service\webaccess\agile\testscripts\tests\tfstests.agile.productbacklog.contextmenu.ts" adapterTypeName="Microsoft.VisualStudio.TestTools.TestTypes.Unit.UnitTestAdapter" className="d:\v2.0\a1\_work\dbded102\vso\tfs\service\webaccess\agile\testscripts\tests\tfstests.agile.productbacklog.contextmenu.ts::tfstests.agile.productbacklog" name="TFSTests.Agile.ProductBacklog.ContextMenuTests Test_MoveToPositionContextMenuItem_MoveWorkItemByVisibleOrder_MoveToTop" />
    </UnitTest>
    <UnitTest name="TFSTests.Agile.ProductBacklog.ContextMenuTests Test_MoveToPositionContextMenuItem_MoveWorkItemByVisibleOrder_MoveUp" storage="d:\v2.0\a1\_work\dbded102\vso\tfs\service\webaccess\agile\testscripts\tests\tfstests.agile.productbacklog.contextmenu.ts" id="df2b9ea8-d3c2-4e48-8a3a-4e60eb5038c6">
      <Execution id="d7ea53fe-2a02-478d-96d3-325b6f106133" />
      <TestMethod codeBase="d:\v2.0\a1\_work\dbded102\vso\tfs\service\webaccess\agile\testscripts\tests\tfstests.agile.productbacklog.contextmenu.ts" adapterTypeName="Microsoft.VisualStudio.TestTools.TestTypes.Unit.UnitTestAdapter" className="d:\v2.0\a1\_work\dbded102\vso\tfs\service\webaccess\agile\testscripts\tests\tfstests.agile.productbacklog.contextmenu.ts::tfstests.agile.productbacklog" name="TFSTests.Agile.ProductBacklog.ContextMenuTests Test_MoveToPositionContextMenuItem_MoveWorkItemByVisibleOrder_MoveUp" />
    </UnitTest>
    <UnitTest name="TFSTests.Agile.ProductBacklog.ContextMenuTests Test_MoveToPositionContextMenuItem_MoveWorkItemByVisibleOrder_MoveToBottom" storage="d:\v2.0\a1\_work\dbded102\vso\tfs\service\webaccess\agile\testscripts\tests\tfstests.agile.productbacklog.contextmenu.ts" id="25831372-24d6-447b-89c7-4c245793a741">
      <Execution id="0e259451-2a23-4d10-8d62-db14ee5632c3" />
      <TestMethod codeBase="d:\v2.0\a1\_work\dbded102\vso\tfs\service\webaccess\agile\testscripts\tests\tfstests.agile.productbacklog.contextmenu.ts" adapterTypeName="Microsoft.VisualStudio.TestTools.TestTypes.Unit.UnitTestAdapter" className="d:\v2.0\a1\_work\dbded102\vso\tfs\service\webaccess\agile\testscripts\tests\tfstests.agile.productbacklog.contextmenu.ts::tfstests.agile.productbacklog" name="TFSTests.Agile.ProductBacklog.ContextMenuTests Test_MoveToPositionContextMenuItem_MoveWorkItemByVisibleOrder_MoveToBottom" />
    </UnitTest>
    <UnitTest name="TFSTests.Agile.ProductBacklog.ContextMenuTests Test_MoveToPositionContextMenuItem_MoveWorkItemByVisibleOrder_MoveDown" storage="d:\v2.0\a1\_work\dbded102\vso\tfs\service\webaccess\agile\testscripts\tests\tfstests.agile.productbacklog.contextmenu.ts" id="c4f84b23-f09c-4ef8-8f83-1ccf0d386c48">
      <Execution id="d678ff6d-b376-4aec-a840-e9e3dcecbb39" />
      <TestMethod codeBase="d:\v2.0\a1\_work\dbded102\vso\tfs\service\webaccess\agile\testscripts\tests\tfstests.agile.productbacklog.contextmenu.ts" adapterTypeName="Microsoft.VisualStudio.TestTools.TestTypes.Unit.UnitTestAdapter" className="d:\v2.0\a1\_work\dbded102\vso\tfs\service\webaccess\agile\testscripts\tests\tfstests.agile.productbacklog.contextmenu.ts::tfstests.agile.productbacklog" name="TFSTests.Agile.ProductBacklog.ContextMenuTests Test_MoveToPositionContextMenuItem_MoveWorkItemByVisibleOrder_MoveDown" />
    </UnitTest>
    <UnitTest name="TFSTests.Agile.ProductBacklog.ContextMenuTests Test_MoveToPositionContextMenuItem_MoveWorkItemByVisibleOrder_MoveChildToAncestorOrder" storage="d:\v2.0\a1\_work\dbded102\vso\tfs\service\webaccess\agile\testscripts\tests\tfstests.agile.productbacklog.contextmenu.ts" id="b183b8ab-9434-43a6-b3eb-c2e2cec7199b">
      <Execution id="26e685f2-ba33-423d-a828-8697d4334d81" />
      <TestMethod codeBase="d:\v2.0\a1\_work\dbded102\vso\tfs\service\webaccess\agile\testscripts\tests\tfstests.agile.productbacklog.contextmenu.ts" adapterTypeName="Microsoft.VisualStudio.TestTools.TestTypes.Unit.UnitTestAdapter" className="d:\v2.0\a1\_work\dbded102\vso\tfs\service\webaccess\agile\testscripts\tests\tfstests.agile.productbacklog.contextmenu.ts::tfstests.agile.productbacklog" name="TFSTests.Agile.ProductBacklog.ContextMenuTests Test_MoveToPositionContextMenuItem_MoveWorkItemByVisibleOrder_MoveChildToAncestorOrder" />
    </UnitTest>
    <UnitTest name="TFSTests.Agile.ProductBacklog.ContextMenuTests Test_MoveToPositionContextMenuItem_MoveWorkItemByVisibleOrder_MoveChildUpAboveAncestor" storage="d:\v2.0\a1\_work\dbded102\vso\tfs\service\webaccess\agile\testscripts\tests\tfstests.agile.productbacklog.contextmenu.ts" id="1b1035b6-d503-45e3-b59e-ea9f6bc3e125">
      <Execution id="3c1a86d7-516c-4ce1-83da-ae4d897224a5" />
      <TestMethod codeBase="d:\v2.0\a1\_work\dbded102\vso\tfs\service\webaccess\agile\testscripts\tests\tfstests.agile.productbacklog.contextmenu.ts" adapterTypeName="Microsoft.VisualStudio.TestTools.TestTypes.Unit.UnitTestAdapter" className="d:\v2.0\a1\_work\dbded102\vso\tfs\service\webaccess\agile\testscripts\tests\tfstests.agile.productbacklog.contextmenu.ts::tfstests.agile.productbacklog" name="TFSTests.Agile.ProductBacklog.ContextMenuTests Test_MoveToPositionContextMenuItem_MoveWorkItemByVisibleOrder_MoveChildUpAboveAncestor" />
    </UnitTest>
    <UnitTest name="TFSTests.Agile.ProductBacklog.ContextMenuTests Test_MoveToPositionContextMenuItem_MoveWorkItemByVisibleOrder_MoveChildDown" storage="d:\v2.0\a1\_work\dbded102\vso\tfs\service\webaccess\agile\testscripts\tests\tfstests.agile.productbacklog.contextmenu.ts" id="210085bb-7db8-4bbb-ae0b-8b673f3624c3">
      <Execution id="c33fba86-a2c6-4864-981a-70cdd927c795" />
      <TestMethod codeBase="d:\v2.0\a1\_work\dbded102\vso\tfs\service\webaccess\agile\testscripts\tests\tfstests.agile.productbacklog.contextmenu.ts" adapterTypeName="Microsoft.VisualStudio.TestTools.TestTypes.Unit.UnitTestAdapter" className="d:\v2.0\a1\_work\dbded102\vso\tfs\service\webaccess\agile\testscripts\tests\tfstests.agile.productbacklog.contextmenu.ts::tfstests.agile.productbacklog" name="TFSTests.Agile.ProductBacklog.ContextMenuTests Test_MoveToPositionContextMenuItem_MoveWorkItemByVisibleOrder_MoveChildDown" />
    </UnitTest>
    <UnitTest name="TFSTests.Agile.ProductBacklog.ContextMenuTests Test_MoveToPositionContextMenuItem_MoveWorkItemByVisibleOrder_MoveSelectedItemsDown" storage="d:\v2.0\a1\_work\dbded102\vso\tfs\service\webaccess\agile\testscripts\tests\tfstests.agile.productbacklog.contextmenu.ts" id="22f21154-813a-411a-80b2-41ffedba116e">
      <Execution id="93e3a149-2213-49fa-948a-7a0fac3565dd" />
      <TestMethod codeBase="d:\v2.0\a1\_work\dbded102\vso\tfs\service\webaccess\agile\testscripts\tests\tfstests.agile.productbacklog.contextmenu.ts" adapterTypeName="Microsoft.VisualStudio.TestTools.TestTypes.Unit.UnitTestAdapter" className="d:\v2.0\a1\_work\dbded102\vso\tfs\service\webaccess\agile\testscripts\tests\tfstests.agile.productbacklog.contextmenu.ts::tfstests.agile.productbacklog" name="TFSTests.Agile.ProductBacklog.ContextMenuTests Test_MoveToPositionContextMenuItem_MoveWorkItemByVisibleOrder_MoveSelectedItemsDown" />
    </UnitTest>
    <UnitTest name="TFSTests.Agile.ProductBacklog.ContextMenuTests Test_MoveToPositionContextMenuItem_MoveWorkItemByVisibleOrder_MoveSelectedItemsMixed" storage="d:\v2.0\a1\_work\dbded102\vso\tfs\service\webaccess\agile\testscripts\tests\tfstests.agile.productbacklog.contextmenu.ts" id="78191ec3-a230-453a-95b3-b2320bf5cd03">
      <Execution id="66d5d611-c923-4c76-860c-0a551708cdf5" />
      <TestMethod codeBase="d:\v2.0\a1\_work\dbded102\vso\tfs\service\webaccess\agile\testscripts\tests\tfstests.agile.productbacklog.contextmenu.ts" adapterTypeName="Microsoft.VisualStudio.TestTools.TestTypes.Unit.UnitTestAdapter" className="d:\v2.0\a1\_work\dbded102\vso\tfs\service\webaccess\agile\testscripts\tests\tfstests.agile.productbacklog.contextmenu.ts::tfstests.agile.productbacklog" name="TFSTests.Agile.ProductBacklog.ContextMenuTests Test_MoveToPositionContextMenuItem_MoveWorkItemByVisibleOrder_MoveSelectedItemsMixed" />
    </UnitTest>
    <UnitTest name="TFSTests.Agile.ProductBacklog.ContextMenuTests Test_MoveToPositionContextMenuItem_MoveWorkItemByVisibleOrder_MoveSelectedItemsUp" storage="d:\v2.0\a1\_work\dbded102\vso\tfs\service\webaccess\agile\testscripts\tests\tfstests.agile.productbacklog.contextmenu.ts" id="36c61080-6c01-40ed-a20a-09e19b679df5">
      <Execution id="8db6f223-4aa5-4488-b616-9918c3c8c830" />
      <TestMethod codeBase="d:\v2.0\a1\_work\dbded102\vso\tfs\service\webaccess\agile\testscripts\tests\tfstests.agile.productbacklog.contextmenu.ts" adapterTypeName="Microsoft.VisualStudio.TestTools.TestTypes.Unit.UnitTestAdapter" className="d:\v2.0\a1\_work\dbded102\vso\tfs\service\webaccess\agile\testscripts\tests\tfstests.agile.productbacklog.contextmenu.ts::tfstests.agile.productbacklog" name="TFSTests.Agile.ProductBacklog.ContextMenuTests Test_MoveToPositionContextMenuItem_MoveWorkItemByVisibleOrder_MoveSelectedItemsUp" />
    </UnitTest>
    <UnitTest name="TFSTests.Agile.ProductBacklog.ContextMenuTests Test_MoveToPositionContextMenuItem_MoveWorkItemByVisibleOrder_MoveSelectedItemsWithinSelection" storage="d:\v2.0\a1\_work\dbded102\vso\tfs\service\webaccess\agile\testscripts\tests\tfstests.agile.productbacklog.contextmenu.ts" id="abb25ee1-d937-48c3-8ed9-5e27730405cf">
      <Execution id="d21e1514-4ae0-4176-9f75-c597a9abee38" />
      <TestMethod codeBase="d:\v2.0\a1\_work\dbded102\vso\tfs\service\webaccess\agile\testscripts\tests\tfstests.agile.productbacklog.contextmenu.ts" adapterTypeName="Microsoft.VisualStudio.TestTools.TestTypes.Unit.UnitTestAdapter" className="d:\v2.0\a1\_work\dbded102\vso\tfs\service\webaccess\agile\testscripts\tests\tfstests.agile.productbacklog.contextmenu.ts::tfstests.agile.productbacklog" name="TFSTests.Agile.ProductBacklog.ContextMenuTests Test_MoveToPositionContextMenuItem_MoveWorkItemByVisibleOrder_MoveSelectedItemsWithinSelection" />
    </UnitTest>
    <UnitTest name="TFSTests.Agile.ProductBacklog.ContextMenuTests Test_MoveToPositionContextMenuItem_MoveWorkItemByVisibleOrder_MoveSelectedItemsWithinSelectionToInvalidOrder" storage="d:\v2.0\a1\_work\dbded102\vso\tfs\service\webaccess\agile\testscripts\tests\tfstests.agile.productbacklog.contextmenu.ts" id="8d1c5b8d-c884-45e2-a8a9-08f2a50fa6dd">
      <Execution id="3961f8c4-2077-4d13-898d-de7df6699460" />
      <TestMethod codeBase="d:\v2.0\a1\_work\dbded102\vso\tfs\service\webaccess\agile\testscripts\tests\tfstests.agile.productbacklog.contextmenu.ts" adapterTypeName="Microsoft.VisualStudio.TestTools.TestTypes.Unit.UnitTestAdapter" className="d:\v2.0\a1\_work\dbded102\vso\tfs\service\webaccess\agile\testscripts\tests\tfstests.agile.productbacklog.contextmenu.ts::tfstests.agile.productbacklog" name="TFSTests.Agile.ProductBacklog.ContextMenuTests Test_MoveToPositionContextMenuItem_MoveWorkItemByVisibleOrder_MoveSelectedItemsWithinSelectionToInvalidOrder" />
    </UnitTest>
    <UnitTest name="TFSTests.Agile.ProductBacklog.ContextMenuTests Test_MoveToPositionContextMenuItem_MoveWorkItemByVisibleOrder_MoveAllItemsToTopOrder" storage="d:\v2.0\a1\_work\dbded102\vso\tfs\service\webaccess\agile\testscripts\tests\tfstests.agile.productbacklog.contextmenu.ts" id="26c8b5c0-6698-4ba8-b7cc-d5015ba0b36b">
      <Execution id="ba3e903c-223c-4ca7-a270-19c55348c5fa" />
      <TestMethod codeBase="d:\v2.0\a1\_work\dbded102\vso\tfs\service\webaccess\agile\testscripts\tests\tfstests.agile.productbacklog.contextmenu.ts" adapterTypeName="Microsoft.VisualStudio.TestTools.TestTypes.Unit.UnitTestAdapter" className="d:\v2.0\a1\_work\dbded102\vso\tfs\service\webaccess\agile\testscripts\tests\tfstests.agile.productbacklog.contextmenu.ts::tfstests.agile.productbacklog" name="TFSTests.Agile.ProductBacklog.ContextMenuTests Test_MoveToPositionContextMenuItem_MoveWorkItemByVisibleOrder_MoveAllItemsToTopOrder" />
    </UnitTest>
    <UnitTest name="TFSTests.Agile.ProductBacklog.ContextMenuTests Test_MoveToPositionContextMenuItem_MoveWorkItemByVisibleOrder_MoveAllItemsToOrder" storage="d:\v2.0\a1\_work\dbded102\vso\tfs\service\webaccess\agile\testscripts\tests\tfstests.agile.productbacklog.contextmenu.ts" id="5af641c1-99fb-41f0-9238-50b2da9cc75c">
      <Execution id="ee708cbf-85e3-45b8-a92b-daa0ae17dc76" />
      <TestMethod codeBase="d:\v2.0\a1\_work\dbded102\vso\tfs\service\webaccess\agile\testscripts\tests\tfstests.agile.productbacklog.contextmenu.ts" adapterTypeName="Microsoft.VisualStudio.TestTools.TestTypes.Unit.UnitTestAdapter" className="d:\v2.0\a1\_work\dbded102\vso\tfs\service\webaccess\agile\testscripts\tests\tfstests.agile.productbacklog.contextmenu.ts::tfstests.agile.productbacklog" name="TFSTests.Agile.ProductBacklog.ContextMenuTests Test_MoveToPositionContextMenuItem_MoveWorkItemByVisibleOrder_MoveAllItemsToOrder" />
    </UnitTest>
    <UnitTest name="TFSTests.Agile.ProductBacklog.ContextMenuTests Test_MoveToPositionContextMenuItem_MoveWorkItemByVisibleOrder_MoveAllWithDescendantItemsToOrder" storage="d:\v2.0\a1\_work\dbded102\vso\tfs\service\webaccess\agile\testscripts\tests\tfstests.agile.productbacklog.contextmenu.ts" id="5d0a20a3-4b68-44bf-a5f2-8eeb3b3d6932">
      <Execution id="55aa4ac1-2965-47da-ac20-f5dd1df716a1" />
      <TestMethod codeBase="d:\v2.0\a1\_work\dbded102\vso\tfs\service\webaccess\agile\testscripts\tests\tfstests.agile.productbacklog.contextmenu.ts" adapterTypeName="Microsoft.VisualStudio.TestTools.TestTypes.Unit.UnitTestAdapter" className="d:\v2.0\a1\_work\dbded102\vso\tfs\service\webaccess\agile\testscripts\tests\tfstests.agile.productbacklog.contextmenu.ts::tfstests.agile.productbacklog" name="TFSTests.Agile.ProductBacklog.ContextMenuTests Test_MoveToPositionContextMenuItem_MoveWorkItemByVisibleOrder_MoveAllWithDescendantItemsToOrder" />
    </UnitTest>
    <UnitTest name="TFSTests.Agile.ProductBacklog.ContextMenuTests Test_MoveToPositionContextMenuItem_MoveWorkItemByVisibleOrder_MoveSelectionMixedUp" storage="d:\v2.0\a1\_work\dbded102\vso\tfs\service\webaccess\agile\testscripts\tests\tfstests.agile.productbacklog.contextmenu.ts" id="41603ee8-6ed4-40ef-b567-7a0ea1f6c318">
      <Execution id="dbe0d1ac-22e1-4d81-9793-c4074d95165f" />
      <TestMethod codeBase="d:\v2.0\a1\_work\dbded102\vso\tfs\service\webaccess\agile\testscripts\tests\tfstests.agile.productbacklog.contextmenu.ts" adapterTypeName="Microsoft.VisualStudio.TestTools.TestTypes.Unit.UnitTestAdapter" className="d:\v2.0\a1\_work\dbded102\vso\tfs\service\webaccess\agile\testscripts\tests\tfstests.agile.productbacklog.contextmenu.ts::tfstests.agile.productbacklog" name="TFSTests.Agile.ProductBacklog.ContextMenuTests Test_MoveToPositionContextMenuItem_MoveWorkItemByVisibleOrder_MoveSelectionMixedUp" />
    </UnitTest>
    <UnitTest name="TFSTests.Agile.ProductBacklog.ContextMenuTests Test_MoveToPositionContextMenuItem_MoveWorkItemByVisibleOrder_MoveSelectionToEnd" storage="d:\v2.0\a1\_work\dbded102\vso\tfs\service\webaccess\agile\testscripts\tests\tfstests.agile.productbacklog.contextmenu.ts" id="49677d31-e791-49f0-9f03-9654776840e7">
      <Execution id="7ba4f3b6-3b19-4326-84e5-39b8698dbd58" />
      <TestMethod codeBase="d:\v2.0\a1\_work\dbded102\vso\tfs\service\webaccess\agile\testscripts\tests\tfstests.agile.productbacklog.contextmenu.ts" adapterTypeName="Microsoft.VisualStudio.TestTools.TestTypes.Unit.UnitTestAdapter" className="d:\v2.0\a1\_work\dbded102\vso\tfs\service\webaccess\agile\testscripts\tests\tfstests.agile.productbacklog.contextmenu.ts::tfstests.agile.productbacklog" name="TFSTests.Agile.ProductBacklog.ContextMenuTests Test_MoveToPositionContextMenuItem_MoveWorkItemByVisibleOrder_MoveSelectionToEnd" />
    </UnitTest>
    <UnitTest name="TFSTests.Agile.ProductBacklog.ContextMenuTests Test_MoveToPositionContextMenuItem_MoveWorkItemByVisibleOrder_MoveSelectionToTop" storage="d:\v2.0\a1\_work\dbded102\vso\tfs\service\webaccess\agile\testscripts\tests\tfstests.agile.productbacklog.contextmenu.ts" id="c0afc37a-a9d5-4797-9029-46fc07377765">
      <Execution id="733baf22-8482-4c66-ab46-33240a45757d" />
      <TestMethod codeBase="d:\v2.0\a1\_work\dbded102\vso\tfs\service\webaccess\agile\testscripts\tests\tfstests.agile.productbacklog.contextmenu.ts" adapterTypeName="Microsoft.VisualStudio.TestTools.TestTypes.Unit.UnitTestAdapter" className="d:\v2.0\a1\_work\dbded102\vso\tfs\service\webaccess\agile\testscripts\tests\tfstests.agile.productbacklog.contextmenu.ts::tfstests.agile.productbacklog" name="TFSTests.Agile.ProductBacklog.ContextMenuTests Test_MoveToPositionContextMenuItem_MoveWorkItemByVisibleOrder_MoveSelectionToTop" />
    </UnitTest>
    <UnitTest name="TFSTests.Agile.ProductBacklog.DataManager getChildrenWorkItemIds_Basic" storage="d:\v2.0\a1\_work\dbded102\vso\tfs\service\webaccess\agile\testscripts\tests\tfstests.agile.productbacklog.datamanager.ts" id="16eefe42-221e-4b36-a975-3e7170b304de">
      <Execution id="c5710c46-9a26-4720-ac30-e9d67d829c12" />
      <TestMethod codeBase="d:\v2.0\a1\_work\dbded102\vso\tfs\service\webaccess\agile\testscripts\tests\tfstests.agile.productbacklog.datamanager.ts" adapterTypeName="Microsoft.VisualStudio.TestTools.TestTypes.Unit.UnitTestAdapter" className="d:\v2.0\a1\_work\dbded102\vso\tfs\service\webaccess\agile\testscripts\tests\tfstests.agile.productbacklog.datamanager.ts::tfstests.agile.productbacklog" name="TFSTests.Agile.ProductBacklog.DataManager getChildrenWorkItemIds_Basic" />
    </UnitTest>
    <UnitTest name="TFSTests.Agile.ProductBacklog.DataManager getChildrenWorkItemIds_EmptyGrid" storage="d:\v2.0\a1\_work\dbded102\vso\tfs\service\webaccess\agile\testscripts\tests\tfstests.agile.productbacklog.datamanager.ts" id="cfd867b0-5f66-4e3f-9291-c3b4da0ea182">
      <Execution id="bd256643-7f2c-40f0-884c-49f8daa21498" />
      <TestMethod codeBase="d:\v2.0\a1\_work\dbded102\vso\tfs\service\webaccess\agile\testscripts\tests\tfstests.agile.productbacklog.datamanager.ts" adapterTypeName="Microsoft.VisualStudio.TestTools.TestTypes.Unit.UnitTestAdapter" className="d:\v2.0\a1\_work\dbded102\vso\tfs\service\webaccess\agile\testscripts\tests\tfstests.agile.productbacklog.datamanager.ts::tfstests.agile.productbacklog" name="TFSTests.Agile.ProductBacklog.DataManager getChildrenWorkItemIds_EmptyGrid" />
    </UnitTest>
    <UnitTest name="TFSTests.Agile.ProductBacklog.DataManager getChildrenWorkItemIds_Errors" storage="d:\v2.0\a1\_work\dbded102\vso\tfs\service\webaccess\agile\testscripts\tests\tfstests.agile.productbacklog.datamanager.ts" id="77826052-8da3-47ac-8ed9-a1d26634978c">
      <Execution id="8c9a9038-2989-4bb6-a757-95dde04cefc0" />
      <TestMethod codeBase="d:\v2.0\a1\_work\dbded102\vso\tfs\service\webaccess\agile\testscripts\tests\tfstests.agile.productbacklog.datamanager.ts" adapterTypeName="Microsoft.VisualStudio.TestTools.TestTypes.Unit.UnitTestAdapter" className="d:\v2.0\a1\_work\dbded102\vso\tfs\service\webaccess\agile\testscripts\tests\tfstests.agile.productbacklog.datamanager.ts::tfstests.agile.productbacklog" name="TFSTests.Agile.ProductBacklog.DataManager getChildrenWorkItemIds_Errors" />
    </UnitTest>
    <UnitTest name="TFSTests.Agile.ProductBacklog.DataManager addWorkItem_InsertAtSpecificOrder" storage="d:\v2.0\a1\_work\dbded102\vso\tfs\service\webaccess\agile\testscripts\tests\tfstests.agile.productbacklog.datamanager.ts" id="51fd4ff5-6693-47ca-9d0e-c97bce0fb6c1">
      <Execution id="f7f88b51-2e0a-4a7e-bc68-60645246dacb" />
      <TestMethod codeBase="d:\v2.0\a1\_work\dbded102\vso\tfs\service\webaccess\agile\testscripts\tests\tfstests.agile.productbacklog.datamanager.ts" adapterTypeName="Microsoft.VisualStudio.TestTools.TestTypes.Unit.UnitTestAdapter" className="d:\v2.0\a1\_work\dbded102\vso\tfs\service\webaccess\agile\testscripts\tests\tfstests.agile.productbacklog.datamanager.ts::tfstests.agile.productbacklog" name="TFSTests.Agile.ProductBacklog.DataManager addWorkItem_InsertAtSpecificOrder" />
    </UnitTest>
    <UnitTest name="TFSTests.Agile.ProductBacklog.DataManager addWorkItem_InsertAtLastIndex" storage="d:\v2.0\a1\_work\dbded102\vso\tfs\service\webaccess\agile\testscripts\tests\tfstests.agile.productbacklog.datamanager.ts" id="372d849b-5cec-499e-8e3f-e5cbd487eefd">
      <Execution id="0214d281-647c-430a-9ac9-049c756c060d" />
      <TestMethod codeBase="d:\v2.0\a1\_work\dbded102\vso\tfs\service\webaccess\agile\testscripts\tests\tfstests.agile.productbacklog.datamanager.ts" adapterTypeName="Microsoft.VisualStudio.TestTools.TestTypes.Unit.UnitTestAdapter" className="d:\v2.0\a1\_work\dbded102\vso\tfs\service\webaccess\agile\testscripts\tests\tfstests.agile.productbacklog.datamanager.ts::tfstests.agile.productbacklog" name="TFSTests.Agile.ProductBacklog.DataManager addWorkItem_InsertAtLastIndex" />
    </UnitTest>
    <UnitTest name="TFSTests.Agile.ProductBacklog.DataManager moveWorkItems_ReparentSingleWorkItem_WithPreviousId" storage="d:\v2.0\a1\_work\dbded102\vso\tfs\service\webaccess\agile\testscripts\tests\tfstests.agile.productbacklog.datamanager.ts" id="ea48437e-dbf3-4422-ae12-76e5e8d6ca1d">
      <Execution id="121234a8-052f-4755-ad45-04f34bd3902d" />
      <TestMethod codeBase="d:\v2.0\a1\_work\dbded102\vso\tfs\service\webaccess\agile\testscripts\tests\tfstests.agile.productbacklog.datamanager.ts" adapterTypeName="Microsoft.VisualStudio.TestTools.TestTypes.Unit.UnitTestAdapter" className="d:\v2.0\a1\_work\dbded102\vso\tfs\service\webaccess\agile\testscripts\tests\tfstests.agile.productbacklog.datamanager.ts::tfstests.agile.productbacklog" name="TFSTests.Agile.ProductBacklog.DataManager moveWorkItems_ReparentSingleWorkItem_WithPreviousId" />
    </UnitTest>
    <UnitTest name="TFSTests.Agile.ProductBacklog.DataManager moveWorkItems_ReparentSingleWorkItem_WithNextId" storage="d:\v2.0\a1\_work\dbded102\vso\tfs\service\webaccess\agile\testscripts\tests\tfstests.agile.productbacklog.datamanager.ts" id="d4afe750-77b9-4a3f-92fc-e133fadaf374">
      <Execution id="eb70d429-5bbb-4fee-837f-2dc4164982d8" />
      <TestMethod codeBase="d:\v2.0\a1\_work\dbded102\vso\tfs\service\webaccess\agile\testscripts\tests\tfstests.agile.productbacklog.datamanager.ts" adapterTypeName="Microsoft.VisualStudio.TestTools.TestTypes.Unit.UnitTestAdapter" className="d:\v2.0\a1\_work\dbded102\vso\tfs\service\webaccess\agile\testscripts\tests\tfstests.agile.productbacklog.datamanager.ts::tfstests.agile.productbacklog" name="TFSTests.Agile.ProductBacklog.DataManager moveWorkItems_ReparentSingleWorkItem_WithNextId" />
    </UnitTest>
    <UnitTest name="TFSTests.Agile.ProductBacklog.DataManager moveWorkItems_ReparentSingleWorkItem_NextAndPreviousId" storage="d:\v2.0\a1\_work\dbded102\vso\tfs\service\webaccess\agile\testscripts\tests\tfstests.agile.productbacklog.datamanager.ts" id="6b6f19de-6b2a-49f2-b123-6e5522e8b497">
      <Execution id="bafcc6cc-58b7-43de-b130-b45df2342e19" />
      <TestMethod codeBase="d:\v2.0\a1\_work\dbded102\vso\tfs\service\webaccess\agile\testscripts\tests\tfstests.agile.productbacklog.datamanager.ts" adapterTypeName="Microsoft.VisualStudio.TestTools.TestTypes.Unit.UnitTestAdapter" className="d:\v2.0\a1\_work\dbded102\vso\tfs\service\webaccess\agile\testscripts\tests\tfstests.agile.productbacklog.datamanager.ts::tfstests.agile.productbacklog" name="TFSTests.Agile.ProductBacklog.DataManager moveWorkItems_ReparentSingleWorkItem_NextAndPreviousId" />
    </UnitTest>
    <UnitTest name="TFSTests.Agile.ProductBacklog.DataManager moveWorkItems_ReparentAndReorderMultipleWorkItems_WithPreviousId" storage="d:\v2.0\a1\_work\dbded102\vso\tfs\service\webaccess\agile\testscripts\tests\tfstests.agile.productbacklog.datamanager.ts" id="9eb6fb97-d3e8-4a68-bb55-9a700682306a">
      <Execution id="bd252a1e-db98-483a-8fff-22240dddf345" />
      <TestMethod codeBase="d:\v2.0\a1\_work\dbded102\vso\tfs\service\webaccess\agile\testscripts\tests\tfstests.agile.productbacklog.datamanager.ts" adapterTypeName="Microsoft.VisualStudio.TestTools.TestTypes.Unit.UnitTestAdapter" className="d:\v2.0\a1\_work\dbded102\vso\tfs\service\webaccess\agile\testscripts\tests\tfstests.agile.productbacklog.datamanager.ts::tfstests.agile.productbacklog" name="TFSTests.Agile.ProductBacklog.DataManager moveWorkItems_ReparentAndReorderMultipleWorkItems_WithPreviousId" />
    </UnitTest>
    <UnitTest name="TFSTests.Agile.ProductBacklog.DataManager moveWorkItems_ReparentAndReorderMultipleWorkItems_WithNextId" storage="d:\v2.0\a1\_work\dbded102\vso\tfs\service\webaccess\agile\testscripts\tests\tfstests.agile.productbacklog.datamanager.ts" id="269f203f-4d22-4fea-936b-2d4a16579f39">
      <Execution id="cce9a16f-8cdf-40da-8ff0-2b6c26f4b955" />
      <TestMethod codeBase="d:\v2.0\a1\_work\dbded102\vso\tfs\service\webaccess\agile\testscripts\tests\tfstests.agile.productbacklog.datamanager.ts" adapterTypeName="Microsoft.VisualStudio.TestTools.TestTypes.Unit.UnitTestAdapter" className="d:\v2.0\a1\_work\dbded102\vso\tfs\service\webaccess\agile\testscripts\tests\tfstests.agile.productbacklog.datamanager.ts::tfstests.agile.productbacklog" name="TFSTests.Agile.ProductBacklog.DataManager moveWorkItems_ReparentAndReorderMultipleWorkItems_WithNextId" />
    </UnitTest>
    <UnitTest name="TFSTests.Agile.ProductBacklog.DataManager moveWorkItems_ReparentAndReorderMultipleWorkItemsWithDescendants" storage="d:\v2.0\a1\_work\dbded102\vso\tfs\service\webaccess\agile\testscripts\tests\tfstests.agile.productbacklog.datamanager.ts" id="f1ac58b2-f914-47b8-994b-67fb0f12aa79">
      <Execution id="ae63e13d-4efc-4cc0-a411-8752575064aa" />
      <TestMethod codeBase="d:\v2.0\a1\_work\dbded102\vso\tfs\service\webaccess\agile\testscripts\tests\tfstests.agile.productbacklog.datamanager.ts" adapterTypeName="Microsoft.VisualStudio.TestTools.TestTypes.Unit.UnitTestAdapter" className="d:\v2.0\a1\_work\dbded102\vso\tfs\service\webaccess\agile\testscripts\tests\tfstests.agile.productbacklog.datamanager.ts::tfstests.agile.productbacklog" name="TFSTests.Agile.ProductBacklog.DataManager moveWorkItems_ReparentAndReorderMultipleWorkItemsWithDescendants" />
    </UnitTest>
    <UnitTest name="TFSTests.Agile.ProductBacklog.DataManager moveWorkItems_ReparentAndReorderMultipleWorkItemsWithDescendantsOnDifferentLevels" storage="d:\v2.0\a1\_work\dbded102\vso\tfs\service\webaccess\agile\testscripts\tests\tfstests.agile.productbacklog.datamanager.ts" id="8ae7079a-18f9-499a-99c6-e5bef7e2d90f">
      <Execution id="9fcec086-b295-485d-b36b-0f4bc59d807e" />
      <TestMethod codeBase="d:\v2.0\a1\_work\dbded102\vso\tfs\service\webaccess\agile\testscripts\tests\tfstests.agile.productbacklog.datamanager.ts" adapterTypeName="Microsoft.VisualStudio.TestTools.TestTypes.Unit.UnitTestAdapter" className="d:\v2.0\a1\_work\dbded102\vso\tfs\service\webaccess\agile\testscripts\tests\tfstests.agile.productbacklog.datamanager.ts::tfstests.agile.productbacklog" name="TFSTests.Agile.ProductBacklog.DataManager moveWorkItems_ReparentAndReorderMultipleWorkItemsWithDescendantsOnDifferentLevels" />
    </UnitTest>
    <UnitTest name="TFSTests.Agile.ProductBacklog.DataManager moveWorkItems_ReparentWorkItemNestedHierarchy" storage="d:\v2.0\a1\_work\dbded102\vso\tfs\service\webaccess\agile\testscripts\tests\tfstests.agile.productbacklog.datamanager.ts" id="17c65037-8869-4ddd-884c-cdce93cd0877">
      <Execution id="8c3dcc1f-6567-472f-84f7-60a32299b89e" />
      <TestMethod codeBase="d:\v2.0\a1\_work\dbded102\vso\tfs\service\webaccess\agile\testscripts\tests\tfstests.agile.productbacklog.datamanager.ts" adapterTypeName="Microsoft.VisualStudio.TestTools.TestTypes.Unit.UnitTestAdapter" className="d:\v2.0\a1\_work\dbded102\vso\tfs\service\webaccess\agile\testscripts\tests\tfstests.agile.productbacklog.datamanager.ts::tfstests.agile.productbacklog" name="TFSTests.Agile.ProductBacklog.DataManager moveWorkItems_ReparentWorkItemNestedHierarchy" />
    </UnitTest>
    <UnitTest name="TFSTests.Agile.ProductBacklog.DataManager moveWorkItems_ReorderMultipleWorkItems_TargetBelow" storage="d:\v2.0\a1\_work\dbded102\vso\tfs\service\webaccess\agile\testscripts\tests\tfstests.agile.productbacklog.datamanager.ts" id="0fc675b5-9d0d-4475-ab9d-753f9cbe0fd7">
      <Execution id="77e055ad-6b89-46d4-b8ae-4e7fb858b96c" />
      <TestMethod codeBase="d:\v2.0\a1\_work\dbded102\vso\tfs\service\webaccess\agile\testscripts\tests\tfstests.agile.productbacklog.datamanager.ts" adapterTypeName="Microsoft.VisualStudio.TestTools.TestTypes.Unit.UnitTestAdapter" className="d:\v2.0\a1\_work\dbded102\vso\tfs\service\webaccess\agile\testscripts\tests\tfstests.agile.productbacklog.datamanager.ts::tfstests.agile.productbacklog" name="TFSTests.Agile.ProductBacklog.DataManager moveWorkItems_ReorderMultipleWorkItems_TargetBelow" />
    </UnitTest>
    <UnitTest name="TFSTests.Agile.ProductBacklog.DataManager moveWorkItems_ReorderMultipleWorkItems_TargetAbove" storage="d:\v2.0\a1\_work\dbded102\vso\tfs\service\webaccess\agile\testscripts\tests\tfstests.agile.productbacklog.datamanager.ts" id="1bfd358e-b8eb-4659-94dc-28fdb180b0bb">
      <Execution id="3babd45f-8cfb-4e81-8911-618feefb9ea4" />
      <TestMethod codeBase="d:\v2.0\a1\_work\dbded102\vso\tfs\service\webaccess\agile\testscripts\tests\tfstests.agile.productbacklog.datamanager.ts" adapterTypeName="Microsoft.VisualStudio.TestTools.TestTypes.Unit.UnitTestAdapter" className="d:\v2.0\a1\_work\dbded102\vso\tfs\service\webaccess\agile\testscripts\tests\tfstests.agile.productbacklog.datamanager.ts::tfstests.agile.productbacklog" name="TFSTests.Agile.ProductBacklog.DataManager moveWorkItems_ReorderMultipleWorkItems_TargetAbove" />
    </UnitTest>
    <UnitTest name="TFSTests.Agile.ProductBacklog.DataManager moveWorkItems_ReparentAndReorderMultipleWorkItemsUnderSameAndDifferentParent" storage="d:\v2.0\a1\_work\dbded102\vso\tfs\service\webaccess\agile\testscripts\tests\tfstests.agile.productbacklog.datamanager.ts" id="0c492248-e751-4903-b891-e2cce7f637bc">
      <Execution id="b91e34c6-bb5c-475b-852d-787a94e7354e" />
      <TestMethod codeBase="d:\v2.0\a1\_work\dbded102\vso\tfs\service\webaccess\agile\testscripts\tests\tfstests.agile.productbacklog.datamanager.ts" adapterTypeName="Microsoft.VisualStudio.TestTools.TestTypes.Unit.UnitTestAdapter" className="d:\v2.0\a1\_work\dbded102\vso\tfs\service\webaccess\agile\testscripts\tests\tfstests.agile.productbacklog.datamanager.ts::tfstests.agile.productbacklog" name="TFSTests.Agile.ProductBacklog.DataManager moveWorkItems_ReparentAndReorderMultipleWorkItemsUnderSameAndDifferentParent" />
    </UnitTest>
    <UnitTest name="TFSTests.Agile.ProductBacklog.DataManager moveWorkItems_ReorderMultipleWorkItemsFlatBacklog" storage="d:\v2.0\a1\_work\dbded102\vso\tfs\service\webaccess\agile\testscripts\tests\tfstests.agile.productbacklog.datamanager.ts" id="fc20a8b8-5f1a-476c-865e-ed428af2a89b">
      <Execution id="357e2df3-fd80-4dcd-9be0-fa0a66467d69" />
      <TestMethod codeBase="d:\v2.0\a1\_work\dbded102\vso\tfs\service\webaccess\agile\testscripts\tests\tfstests.agile.productbacklog.datamanager.ts" adapterTypeName="Microsoft.VisualStudio.TestTools.TestTypes.Unit.UnitTestAdapter" className="d:\v2.0\a1\_work\dbded102\vso\tfs\service\webaccess\agile\testscripts\tests\tfstests.agile.productbacklog.datamanager.ts::tfstests.agile.productbacklog" name="TFSTests.Agile.ProductBacklog.DataManager moveWorkItems_ReorderMultipleWorkItemsFlatBacklog" />
    </UnitTest>
    <UnitTest name="TFSTests.Agile.ProductBacklog.DataManager moveWorkItems_ReorderMultipleRootLevelItemsHierarchicalBacklog" storage="d:\v2.0\a1\_work\dbded102\vso\tfs\service\webaccess\agile\testscripts\tests\tfstests.agile.productbacklog.datamanager.ts" id="00a53861-409b-4a48-a06a-6c190e28857b">
      <Execution id="3b41ba1b-a847-4e9b-92cb-a92ea463d468" />
      <TestMethod codeBase="d:\v2.0\a1\_work\dbded102\vso\tfs\service\webaccess\agile\testscripts\tests\tfstests.agile.productbacklog.datamanager.ts" adapterTypeName="Microsoft.VisualStudio.TestTools.TestTypes.Unit.UnitTestAdapter" className="d:\v2.0\a1\_work\dbded102\vso\tfs\service\webaccess\agile\testscripts\tests\tfstests.agile.productbacklog.datamanager.ts::tfstests.agile.productbacklog" name="TFSTests.Agile.ProductBacklog.DataManager moveWorkItems_ReorderMultipleRootLevelItemsHierarchicalBacklog" />
    </UnitTest>
    <UnitTest name="TFSTests.Agile.ProductBacklog.DataManager getParentIdFromWorkItemId_Basic" storage="d:\v2.0\a1\_work\dbded102\vso\tfs\service\webaccess\agile\testscripts\tests\tfstests.agile.productbacklog.datamanager.ts" id="3e5a2859-00a8-442d-8afe-1769a93a55ca">
      <Execution id="8751adbb-7e4f-4613-87bc-91086fe7aa1f" />
      <TestMethod codeBase="d:\v2.0\a1\_work\dbded102\vso\tfs\service\webaccess\agile\testscripts\tests\tfstests.agile.productbacklog.datamanager.ts" adapterTypeName="Microsoft.VisualStudio.TestTools.TestTypes.Unit.UnitTestAdapter" className="d:\v2.0\a1\_work\dbded102\vso\tfs\service\webaccess\agile\testscripts\tests\tfstests.agile.productbacklog.datamanager.ts::tfstests.agile.productbacklog" name="TFSTests.Agile.ProductBacklog.DataManager getParentIdFromWorkItemId_Basic" />
    </UnitTest>
    <UnitTest name="TFSTests.Agile.ProductBacklog.MappingTests singleWillDoNothingForUnchangedParent" storage="d:\v2.0\a1\_work\dbded102\vso\tfs\service\webaccess\agile\testscripts\tests\tfstests.agile.productbacklog.datamanager.ts" id="aa25554b-476f-490d-91b4-32648ab1c8d3">
      <Execution id="8c75692a-9ecb-496f-8440-55d1122a75e4" />
      <TestMethod codeBase="d:\v2.0\a1\_work\dbded102\vso\tfs\service\webaccess\agile\testscripts\tests\tfstests.agile.productbacklog.datamanager.ts" adapterTypeName="Microsoft.VisualStudio.TestTools.TestTypes.Unit.UnitTestAdapter" className="d:\v2.0\a1\_work\dbded102\vso\tfs\service\webaccess\agile\testscripts\tests\tfstests.agile.productbacklog.datamanager.ts::tfstests.agile.productbacklog" name="TFSTests.Agile.ProductBacklog.MappingTests singleWillDoNothingForUnchangedParent" />
    </UnitTest>
    <UnitTest name="TFSTests.Agile.ProductBacklog.MappingTests singleWillReparentToExistingItemInTree" storage="d:\v2.0\a1\_work\dbded102\vso\tfs\service\webaccess\agile\testscripts\tests\tfstests.agile.productbacklog.datamanager.ts" id="8d0b7170-7aa0-45f4-8c75-c8893f9aff45">
      <Execution id="b659b83e-ff16-4425-9c49-1ebec3bb9d37" />
      <TestMethod codeBase="d:\v2.0\a1\_work\dbded102\vso\tfs\service\webaccess\agile\testscripts\tests\tfstests.agile.productbacklog.datamanager.ts" adapterTypeName="Microsoft.VisualStudio.TestTools.TestTypes.Unit.UnitTestAdapter" className="d:\v2.0\a1\_work\dbded102\vso\tfs\service\webaccess\agile\testscripts\tests\tfstests.agile.productbacklog.datamanager.ts::tfstests.agile.productbacklog" name="TFSTests.Agile.ProductBacklog.MappingTests singleWillReparentToExistingItemInTree" />
    </UnitTest>
    <UnitTest name="TFSTests.Agile.ProductBacklog.MappingTests singleWillBringInNewSingleParent" storage="d:\v2.0\a1\_work\dbded102\vso\tfs\service\webaccess\agile\testscripts\tests\tfstests.agile.productbacklog.datamanager.ts" id="416ecd26-9ae6-43fd-ad57-d45f8220488e">
      <Execution id="a92459e6-2167-4083-8464-2c74d8c044a7" />
      <TestMethod codeBase="d:\v2.0\a1\_work\dbded102\vso\tfs\service\webaccess\agile\testscripts\tests\tfstests.agile.productbacklog.datamanager.ts" adapterTypeName="Microsoft.VisualStudio.TestTools.TestTypes.Unit.UnitTestAdapter" className="d:\v2.0\a1\_work\dbded102\vso\tfs\service\webaccess\agile\testscripts\tests\tfstests.agile.productbacklog.datamanager.ts::tfstests.agile.productbacklog" name="TFSTests.Agile.ProductBacklog.MappingTests singleWillBringInNewSingleParent" />
    </UnitTest>
    <UnitTest name="TFSTests.Agile.ProductBacklog.MappingTests singleWillBringInNewParentHierarchy" storage="d:\v2.0\a1\_work\dbded102\vso\tfs\service\webaccess\agile\testscripts\tests\tfstests.agile.productbacklog.datamanager.ts" id="cdf31cbb-da6d-4830-a582-8a12a02f70a8">
      <Execution id="75ea8c75-c59d-42c9-a547-a3bd275bf552" />
      <TestMethod codeBase="d:\v2.0\a1\_work\dbded102\vso\tfs\service\webaccess\agile\testscripts\tests\tfstests.agile.productbacklog.datamanager.ts" adapterTypeName="Microsoft.VisualStudio.TestTools.TestTypes.Unit.UnitTestAdapter" className="d:\v2.0\a1\_work\dbded102\vso\tfs\service\webaccess\agile\testscripts\tests\tfstests.agile.productbacklog.datamanager.ts::tfstests.agile.productbacklog" name="TFSTests.Agile.ProductBacklog.MappingTests singleWillBringInNewParentHierarchy" />
    </UnitTest>
    <UnitTest name="TFSTests.Agile.ProductBacklog.MappingTests singleWillBringInPartialParentHierarchy" storage="d:\v2.0\a1\_work\dbded102\vso\tfs\service\webaccess\agile\testscripts\tests\tfstests.agile.productbacklog.datamanager.ts" id="88eba194-053e-47d9-b251-b8631bffeca6">
      <Execution id="8fa65f35-0fe5-4b9d-a1c7-c320885736f9" />
      <TestMethod codeBase="d:\v2.0\a1\_work\dbded102\vso\tfs\service\webaccess\agile\testscripts\tests\tfstests.agile.productbacklog.datamanager.ts" adapterTypeName="Microsoft.VisualStudio.TestTools.TestTypes.Unit.UnitTestAdapter" className="d:\v2.0\a1\_work\dbded102\vso\tfs\service\webaccess\agile\testscripts\tests\tfstests.agile.productbacklog.datamanager.ts::tfstests.agile.productbacklog" name="TFSTests.Agile.ProductBacklog.MappingTests singleWillBringInPartialParentHierarchy" />
    </UnitTest>
    <UnitTest name="TFSTests.Agile.ProductBacklog.MappingTests singleWillNotUpdateGridWithoutShowParents" storage="d:\v2.0\a1\_work\dbded102\vso\tfs\service\webaccess\agile\testscripts\tests\tfstests.agile.productbacklog.datamanager.ts" id="3ce9e2c7-a1c1-41f2-a6f5-ef6ab60db51a">
      <Execution id="67af5d2c-e9e9-4d18-8c33-bf031e04b936" />
      <TestMethod codeBase="d:\v2.0\a1\_work\dbded102\vso\tfs\service\webaccess\agile\testscripts\tests\tfstests.agile.productbacklog.datamanager.ts" adapterTypeName="Microsoft.VisualStudio.TestTools.TestTypes.Unit.UnitTestAdapter" className="d:\v2.0\a1\_work\dbded102\vso\tfs\service\webaccess\agile\testscripts\tests\tfstests.agile.productbacklog.datamanager.ts::tfstests.agile.productbacklog" name="TFSTests.Agile.ProductBacklog.MappingTests singleWillNotUpdateGridWithoutShowParents" />
    </UnitTest>
    <UnitTest name="TFSTests.Agile.ProductBacklog.MappingTests singleWillNotAddToGridIfNewParentIsOutsideOfVisibleLevels" storage="d:\v2.0\a1\_work\dbded102\vso\tfs\service\webaccess\agile\testscripts\tests\tfstests.agile.productbacklog.datamanager.ts" id="49f58f0f-cd9e-46f6-9481-3acbca6e9219">
      <Execution id="26664ad5-48d3-4704-8754-c28f5b39b932" />
      <TestMethod codeBase="d:\v2.0\a1\_work\dbded102\vso\tfs\service\webaccess\agile\testscripts\tests\tfstests.agile.productbacklog.datamanager.ts" adapterTypeName="Microsoft.VisualStudio.TestTools.TestTypes.Unit.UnitTestAdapter" className="d:\v2.0\a1\_work\dbded102\vso\tfs\service\webaccess\agile\testscripts\tests\tfstests.agile.productbacklog.datamanager.ts::tfstests.agile.productbacklog" name="TFSTests.Agile.ProductBacklog.MappingTests singleWillNotAddToGridIfNewParentIsOutsideOfVisibleLevels" />
    </UnitTest>
    <UnitTest name="TFSTests.Agile.ProductBacklog.MappingTests singleWillOnlyAddParensToGridInsideOfVisibleLevels" storage="d:\v2.0\a1\_work\dbded102\vso\tfs\service\webaccess\agile\testscripts\tests\tfstests.agile.productbacklog.datamanager.ts" id="b4f39190-3057-4f83-8768-2517cd941828">
      <Execution id="6eee28a5-ce4f-4a97-80c7-39b0a2d0cc9b" />
      <TestMethod codeBase="d:\v2.0\a1\_work\dbded102\vso\tfs\service\webaccess\agile\testscripts\tests\tfstests.agile.productbacklog.datamanager.ts" adapterTypeName="Microsoft.VisualStudio.TestTools.TestTypes.Unit.UnitTestAdapter" className="d:\v2.0\a1\_work\dbded102\vso\tfs\service\webaccess\agile\testscripts\tests\tfstests.agile.productbacklog.datamanager.ts::tfstests.agile.productbacklog" name="TFSTests.Agile.ProductBacklog.MappingTests singleWillOnlyAddParensToGridInsideOfVisibleLevels" />
    </UnitTest>
    <UnitTest name="TFSTests.Agile.ProductBacklog.MappingTests multipleItemsWillDoNothingForUnchangedParent" storage="d:\v2.0\a1\_work\dbded102\vso\tfs\service\webaccess\agile\testscripts\tests\tfstests.agile.productbacklog.datamanager.ts" id="b1f0af28-86e3-4bcc-bd50-743fce3ef167">
      <Execution id="055e9c3e-974b-4f15-a85a-dcfa8c8e4277" />
      <TestMethod codeBase="d:\v2.0\a1\_work\dbded102\vso\tfs\service\webaccess\agile\testscripts\tests\tfstests.agile.productbacklog.datamanager.ts" adapterTypeName="Microsoft.VisualStudio.TestTools.TestTypes.Unit.UnitTestAdapter" className="d:\v2.0\a1\_work\dbded102\vso\tfs\service\webaccess\agile\testscripts\tests\tfstests.agile.productbacklog.datamanager.ts::tfstests.agile.productbacklog" name="TFSTests.Agile.ProductBacklog.MappingTests multipleItemsWillDoNothingForUnchangedParent" />
    </UnitTest>
    <UnitTest name="TFSTests.Agile.ProductBacklog.MappingTests multipleItemsWillReparentToExistingItemInTree" storage="d:\v2.0\a1\_work\dbded102\vso\tfs\service\webaccess\agile\testscripts\tests\tfstests.agile.productbacklog.datamanager.ts" id="e2f9dbc4-afdf-45c7-be52-e6c13a855757">
      <Execution id="bd16adc1-608e-4d29-ba3d-0455b5b0f092" />
      <TestMethod codeBase="d:\v2.0\a1\_work\dbded102\vso\tfs\service\webaccess\agile\testscripts\tests\tfstests.agile.productbacklog.datamanager.ts" adapterTypeName="Microsoft.VisualStudio.TestTools.TestTypes.Unit.UnitTestAdapter" className="d:\v2.0\a1\_work\dbded102\vso\tfs\service\webaccess\agile\testscripts\tests\tfstests.agile.productbacklog.datamanager.ts::tfstests.agile.productbacklog" name="TFSTests.Agile.ProductBacklog.MappingTests multipleItemsWillReparentToExistingItemInTree" />
    </UnitTest>
    <UnitTest name="TFSTests.Agile.ProductBacklog.MappingTests multipleItemsWillBringInNewSingleParent" storage="d:\v2.0\a1\_work\dbded102\vso\tfs\service\webaccess\agile\testscripts\tests\tfstests.agile.productbacklog.datamanager.ts" id="72b4ef77-e5be-416e-b00f-9575efac85da">
      <Execution id="d4d41051-6d46-40f8-b175-29209c8a3b6c" />
      <TestMethod codeBase="d:\v2.0\a1\_work\dbded102\vso\tfs\service\webaccess\agile\testscripts\tests\tfstests.agile.productbacklog.datamanager.ts" adapterTypeName="Microsoft.VisualStudio.TestTools.TestTypes.Unit.UnitTestAdapter" className="d:\v2.0\a1\_work\dbded102\vso\tfs\service\webaccess\agile\testscripts\tests\tfstests.agile.productbacklog.datamanager.ts::tfstests.agile.productbacklog" name="TFSTests.Agile.ProductBacklog.MappingTests multipleItemsWillBringInNewSingleParent" />
    </UnitTest>
    <UnitTest name="TFSTests.Agile.ProductBacklog.MappingTests multipleItemsWillBringInNewParentHierarchy" storage="d:\v2.0\a1\_work\dbded102\vso\tfs\service\webaccess\agile\testscripts\tests\tfstests.agile.productbacklog.datamanager.ts" id="35ce09d2-cbcf-478f-bb98-7dc50aae7bb7">
      <Execution id="ba0d49f9-d896-484f-bdc1-58909b46b1ae" />
      <TestMethod codeBase="d:\v2.0\a1\_work\dbded102\vso\tfs\service\webaccess\agile\testscripts\tests\tfstests.agile.productbacklog.datamanager.ts" adapterTypeName="Microsoft.VisualStudio.TestTools.TestTypes.Unit.UnitTestAdapter" className="d:\v2.0\a1\_work\dbded102\vso\tfs\service\webaccess\agile\testscripts\tests\tfstests.agile.productbacklog.datamanager.ts::tfstests.agile.productbacklog" name="TFSTests.Agile.ProductBacklog.MappingTests multipleItemsWillBringInNewParentHierarchy" />
    </UnitTest>
    <UnitTest name="TFSTests.Agile.ProductBacklog.MappingTests multipleItemsWillBringInPartialParentHierarchy" storage="d:\v2.0\a1\_work\dbded102\vso\tfs\service\webaccess\agile\testscripts\tests\tfstests.agile.productbacklog.datamanager.ts" id="684caad2-51e9-484e-8cbf-d2a28f9ace0e">
      <Execution id="5e21fb2a-6471-465d-a8c7-c40158cedc19" />
      <TestMethod codeBase="d:\v2.0\a1\_work\dbded102\vso\tfs\service\webaccess\agile\testscripts\tests\tfstests.agile.productbacklog.datamanager.ts" adapterTypeName="Microsoft.VisualStudio.TestTools.TestTypes.Unit.UnitTestAdapter" className="d:\v2.0\a1\_work\dbded102\vso\tfs\service\webaccess\agile\testscripts\tests\tfstests.agile.productbacklog.datamanager.ts::tfstests.agile.productbacklog" name="TFSTests.Agile.ProductBacklog.MappingTests multipleItemsWillBringInPartialParentHierarchy" />
    </UnitTest>
    <UnitTest name="TFSTests.Agile.ProductBacklog.MappingTests multipleItemsWillNotUpdateGridWithoutShowParents" storage="d:\v2.0\a1\_work\dbded102\vso\tfs\service\webaccess\agile\testscripts\tests\tfstests.agile.productbacklog.datamanager.ts" id="85093366-b117-41c3-bf07-4b04d09b3078">
      <Execution id="f743c83b-69be-463c-b843-2a4e34ded44d" />
      <TestMethod codeBase="d:\v2.0\a1\_work\dbded102\vso\tfs\service\webaccess\agile\testscripts\tests\tfstests.agile.productbacklog.datamanager.ts" adapterTypeName="Microsoft.VisualStudio.TestTools.TestTypes.Unit.UnitTestAdapter" className="d:\v2.0\a1\_work\dbded102\vso\tfs\service\webaccess\agile\testscripts\tests\tfstests.agile.productbacklog.datamanager.ts::tfstests.agile.productbacklog" name="TFSTests.Agile.ProductBacklog.MappingTests multipleItemsWillNotUpdateGridWithoutShowParents" />
    </UnitTest>
    <UnitTest name="TFSTests.Agile.ProductBacklog.MappingTests multipleItemsWillNotAddToGridIfNewParentIsOutsideOfVisibleLevels" storage="d:\v2.0\a1\_work\dbded102\vso\tfs\service\webaccess\agile\testscripts\tests\tfstests.agile.productbacklog.datamanager.ts" id="9b164801-9143-4b0f-838a-71a02e4cc6c2">
      <Execution id="b93eba57-6923-4531-a973-806fa2a05cc8" />
      <TestMethod codeBase="d:\v2.0\a1\_work\dbded102\vso\tfs\service\webaccess\agile\testscripts\tests\tfstests.agile.productbacklog.datamanager.ts" adapterTypeName="Microsoft.VisualStudio.TestTools.TestTypes.Unit.UnitTestAdapter" className="d:\v2.0\a1\_work\dbded102\vso\tfs\service\webaccess\agile\testscripts\tests\tfstests.agile.productbacklog.datamanager.ts::tfstests.agile.productbacklog" name="TFSTests.Agile.ProductBacklog.MappingTests multipleItemsWillNotAddToGridIfNewParentIsOutsideOfVisibleLevels" />
    </UnitTest>
    <UnitTest name="TFSTests.Agile.ProductBacklog.MappingTests multipleItemsWillOnlyAddParensToGridInsideOfVisibleLevels" storage="d:\v2.0\a1\_work\dbded102\vso\tfs\service\webaccess\agile\testscripts\tests\tfstests.agile.productbacklog.datamanager.ts" id="074c5e53-901c-4824-b301-ff7b9550c65c">
      <Execution id="3ff59a57-8bcc-41ee-9f8e-0b1e9b75059f" />
      <TestMethod codeBase="d:\v2.0\a1\_work\dbded102\vso\tfs\service\webaccess\agile\testscripts\tests\tfstests.agile.productbacklog.datamanager.ts" adapterTypeName="Microsoft.VisualStudio.TestTools.TestTypes.Unit.UnitTestAdapter" className="d:\v2.0\a1\_work\dbded102\vso\tfs\service\webaccess\agile\testscripts\tests\tfstests.agile.productbacklog.datamanager.ts::tfstests.agile.productbacklog" name="TFSTests.Agile.ProductBacklog.MappingTests multipleItemsWillOnlyAddParensToGridInsideOfVisibleLevels" />
    </UnitTest>
    <UnitTest name="TFSTests.Agile.Backlog.NewGridReorderBehavior TestNewIterationBacklogGridReorderBehaviorOnFlatBacklog" storage="d:\v2.0\a1\_work\dbded102\vso\tfs\service\webaccess\agile\testscripts\tests\tfstests.agile.productbacklog.reorderbehavior.ts" id="55e4ca24-da18-4f17-8682-07b4f6909b55">
      <Execution id="bc501ffb-4ec7-4204-bb3d-77fc45aa755d" />
      <TestMethod codeBase="d:\v2.0\a1\_work\dbded102\vso\tfs\service\webaccess\agile\testscripts\tests\tfstests.agile.productbacklog.reorderbehavior.ts" adapterTypeName="Microsoft.VisualStudio.TestTools.TestTypes.Unit.UnitTestAdapter" className="d:\v2.0\a1\_work\dbded102\vso\tfs\service\webaccess\agile\testscripts\tests\tfstests.agile.productbacklog.reorderbehavior.ts::tfstests.agile.backlog" name="TFSTests.Agile.Backlog.NewGridReorderBehavior TestNewIterationBacklogGridReorderBehaviorOnFlatBacklog" />
    </UnitTest>
    <UnitTest name="TFSTests.Agile.Backlog.NewGridReorderBehavior TestNewIterationBacklogGridReorderBehaviorOnNestedBacklog" storage="d:\v2.0\a1\_work\dbded102\vso\tfs\service\webaccess\agile\testscripts\tests\tfstests.agile.productbacklog.reorderbehavior.ts" id="46750296-13e2-49ce-8841-903b141320fe">
      <Execution id="7b9a4736-3270-41b8-a2d6-3a081c8658c5" />
      <TestMethod codeBase="d:\v2.0\a1\_work\dbded102\vso\tfs\service\webaccess\agile\testscripts\tests\tfstests.agile.productbacklog.reorderbehavior.ts" adapterTypeName="Microsoft.VisualStudio.TestTools.TestTypes.Unit.UnitTestAdapter" className="d:\v2.0\a1\_work\dbded102\vso\tfs\service\webaccess\agile\testscripts\tests\tfstests.agile.productbacklog.reorderbehavior.ts::tfstests.agile.backlog" name="TFSTests.Agile.Backlog.NewGridReorderBehavior TestNewIterationBacklogGridReorderBehaviorOnNestedBacklog" />
    </UnitTest>
    <UnitTest name="TFSTests.Agile.Backlog.NewGridReorderBehavior TestNewGridReorderBehaviorNoLocations" storage="d:\v2.0\a1\_work\dbded102\vso\tfs\service\webaccess\agile\testscripts\tests\tfstests.agile.productbacklog.reorderbehavior.ts" id="dabb4dbc-6dbf-48e8-934b-d0a30e428487">
      <Execution id="04caf652-9242-47d7-809b-7965fe44b6c1" />
      <TestMethod codeBase="d:\v2.0\a1\_work\dbded102\vso\tfs\service\webaccess\agile\testscripts\tests\tfstests.agile.productbacklog.reorderbehavior.ts" adapterTypeName="Microsoft.VisualStudio.TestTools.TestTypes.Unit.UnitTestAdapter" className="d:\v2.0\a1\_work\dbded102\vso\tfs\service\webaccess\agile\testscripts\tests\tfstests.agile.productbacklog.reorderbehavior.ts::tfstests.agile.backlog" name="TFSTests.Agile.Backlog.NewGridReorderBehavior TestNewGridReorderBehaviorNoLocations" />
    </UnitTest>
    <UnitTest name="TFSTests.Agile.Backlog.NewGridReorderBehavior TestNewGridReorderBehaviorOneLocation" storage="d:\v2.0\a1\_work\dbded102\vso\tfs\service\webaccess\agile\testscripts\tests\tfstests.agile.productbacklog.reorderbehavior.ts" id="95d9e8e9-4f17-407d-8aff-091b5af97451">
      <Execution id="63de4a29-6f60-48e6-889c-08e2820096f7" />
      <TestMethod codeBase="d:\v2.0\a1\_work\dbded102\vso\tfs\service\webaccess\agile\testscripts\tests\tfstests.agile.productbacklog.reorderbehavior.ts" adapterTypeName="Microsoft.VisualStudio.TestTools.TestTypes.Unit.UnitTestAdapter" className="d:\v2.0\a1\_work\dbded102\vso\tfs\service\webaccess\agile\testscripts\tests\tfstests.agile.productbacklog.reorderbehavior.ts::tfstests.agile.backlog" name="TFSTests.Agile.Backlog.NewGridReorderBehavior TestNewGridReorderBehaviorOneLocation" />
    </UnitTest>
    <UnitTest name="TFSTests.Agile.Backlog.NewGridReorderBehavior TestNewGridReorderBehaviorMultipleLocations" storage="d:\v2.0\a1\_work\dbded102\vso\tfs\service\webaccess\agile\testscripts\tests\tfstests.agile.productbacklog.reorderbehavior.ts" id="587f84ea-ea2b-4ce7-985d-964d5a2a0351">
      <Execution id="8fe305d8-3647-4438-8846-b1e5f7d4e96b" />
      <TestMethod codeBase="d:\v2.0\a1\_work\dbded102\vso\tfs\service\webaccess\agile\testscripts\tests\tfstests.agile.productbacklog.reorderbehavior.ts" adapterTypeName="Microsoft.VisualStudio.TestTools.TestTypes.Unit.UnitTestAdapter" className="d:\v2.0\a1\_work\dbded102\vso\tfs\service\webaccess\agile\testscripts\tests\tfstests.agile.productbacklog.reorderbehavior.ts::tfstests.agile.backlog" name="TFSTests.Agile.Backlog.NewGridReorderBehavior TestNewGridReorderBehaviorMultipleLocations" />
    </UnitTest>
    <UnitTest name="TFSTests.Agile.Backlog.TopLevelItemsSelectionFilterTests TopLevelItemsSelectionFilterTest_FlatBacklog" storage="d:\v2.0\a1\_work\dbded102\vso\tfs\service\webaccess\agile\testscripts\tests\tfstests.agile.productbacklog.reorderbehavior.ts" id="8a0f3a71-b796-4059-a35b-2316968cf8f2">
      <Execution id="476ff928-90b6-407d-9ed7-0f460e907a26" />
      <TestMethod codeBase="d:\v2.0\a1\_work\dbded102\vso\tfs\service\webaccess\agile\testscripts\tests\tfstests.agile.productbacklog.reorderbehavior.ts" adapterTypeName="Microsoft.VisualStudio.TestTools.TestTypes.Unit.UnitTestAdapter" className="d:\v2.0\a1\_work\dbded102\vso\tfs\service\webaccess\agile\testscripts\tests\tfstests.agile.productbacklog.reorderbehavior.ts::tfstests.agile.backlog" name="TFSTests.Agile.Backlog.TopLevelItemsSelectionFilterTests TopLevelItemsSelectionFilterTest_FlatBacklog" />
    </UnitTest>
    <UnitTest name="TFSTests.Agile.Backlog.TopLevelItemsSelectionFilterTests TopLevelItemsSelectionFilterTest_NestedRequirementBacklog" storage="d:\v2.0\a1\_work\dbded102\vso\tfs\service\webaccess\agile\testscripts\tests\tfstests.agile.productbacklog.reorderbehavior.ts" id="b2c2e7a7-dbd7-4c3c-b8df-6d69f3504ce5">
      <Execution id="36ce2d5c-bbe5-49a2-8df0-18c33d2c68b0" />
      <TestMethod codeBase="d:\v2.0\a1\_work\dbded102\vso\tfs\service\webaccess\agile\testscripts\tests\tfstests.agile.productbacklog.reorderbehavior.ts" adapterTypeName="Microsoft.VisualStudio.TestTools.TestTypes.Unit.UnitTestAdapter" className="d:\v2.0\a1\_work\dbded102\vso\tfs\service\webaccess\agile\testscripts\tests\tfstests.agile.productbacklog.reorderbehavior.ts::tfstests.agile.backlog" name="TFSTests.Agile.Backlog.TopLevelItemsSelectionFilterTests TopLevelItemsSelectionFilterTest_NestedRequirementBacklog" />
    </UnitTest>
    <UnitTest name="TFSTests.Agile.Backlog.TopLevelItemsSelectionFilterTests TopLevelItemsSelectionFilterTest_NestedRequirementBacklogWithUnparentedRow" storage="d:\v2.0\a1\_work\dbded102\vso\tfs\service\webaccess\agile\testscripts\tests\tfstests.agile.productbacklog.reorderbehavior.ts" id="43bd60ab-80d7-4120-82cb-a5d7f9afcfb8">
      <Execution id="511bccc6-1596-44b3-a978-686ab2c40dc9" />
      <TestMethod codeBase="d:\v2.0\a1\_work\dbded102\vso\tfs\service\webaccess\agile\testscripts\tests\tfstests.agile.productbacklog.reorderbehavior.ts" adapterTypeName="Microsoft.VisualStudio.TestTools.TestTypes.Unit.UnitTestAdapter" className="d:\v2.0\a1\_work\dbded102\vso\tfs\service\webaccess\agile\testscripts\tests\tfstests.agile.productbacklog.reorderbehavior.ts::tfstests.agile.backlog" name="TFSTests.Agile.Backlog.TopLevelItemsSelectionFilterTests TopLevelItemsSelectionFilterTest_NestedRequirementBacklogWithUnparentedRow" />
    </UnitTest>
    <UnitTest name="TFSTests.Agile.Backlog.TopLevelItemsSelectionFilterTests TopLevelItemsSelectionFilterTest_InvalidHierarchy" storage="d:\v2.0\a1\_work\dbded102\vso\tfs\service\webaccess\agile\testscripts\tests\tfstests.agile.productbacklog.reorderbehavior.ts" id="12363728-99b7-4b03-becf-beb588fd5156">
      <Execution id="c8e90e43-8a4a-46ee-ac40-73db8bedcb8d" />
      <TestMethod codeBase="d:\v2.0\a1\_work\dbded102\vso\tfs\service\webaccess\agile\testscripts\tests\tfstests.agile.productbacklog.reorderbehavior.ts" adapterTypeName="Microsoft.VisualStudio.TestTools.TestTypes.Unit.UnitTestAdapter" className="d:\v2.0\a1\_work\dbded102\vso\tfs\service\webaccess\agile\testscripts\tests\tfstests.agile.productbacklog.reorderbehavior.ts::tfstests.agile.backlog" name="TFSTests.Agile.Backlog.TopLevelItemsSelectionFilterTests TopLevelItemsSelectionFilterTest_InvalidHierarchy" />
    </UnitTest>
    <UnitTest name="TFSTests.Agile.Backlog.TopLevelItemsSelectionFilterTests TopLevelItemsSelectionFilterTest_SameTypeHierarchy" storage="d:\v2.0\a1\_work\dbded102\vso\tfs\service\webaccess\agile\testscripts\tests\tfstests.agile.productbacklog.reorderbehavior.ts" id="79ae85c6-00d3-4ec7-9b69-dbbd12f87e04">
      <Execution id="f46575f9-9a07-4a31-b91c-482d704f6872" />
      <TestMethod codeBase="d:\v2.0\a1\_work\dbded102\vso\tfs\service\webaccess\agile\testscripts\tests\tfstests.agile.productbacklog.reorderbehavior.ts" adapterTypeName="Microsoft.VisualStudio.TestTools.TestTypes.Unit.UnitTestAdapter" className="d:\v2.0\a1\_work\dbded102\vso\tfs\service\webaccess\agile\testscripts\tests\tfstests.agile.productbacklog.reorderbehavior.ts::tfstests.agile.backlog" name="TFSTests.Agile.Backlog.TopLevelItemsSelectionFilterTests TopLevelItemsSelectionFilterTest_SameTypeHierarchy" />
    </UnitTest>
    <UnitTest name="TFSTests.Agile.Backlog.TopLevelItemsSelectionFilterTests TopLevelItemsSelectionFilterTest_Unpaged" storage="d:\v2.0\a1\_work\dbded102\vso\tfs\service\webaccess\agile\testscripts\tests\tfstests.agile.productbacklog.reorderbehavior.ts" id="6fb8874e-9211-4aac-b0aa-9e7bfb2cc924">
      <Execution id="e4e9e45e-0e2a-4963-b2c3-0073c5b19ea8" />
      <TestMethod codeBase="d:\v2.0\a1\_work\dbded102\vso\tfs\service\webaccess\agile\testscripts\tests\tfstests.agile.productbacklog.reorderbehavior.ts" adapterTypeName="Microsoft.VisualStudio.TestTools.TestTypes.Unit.UnitTestAdapter" className="d:\v2.0\a1\_work\dbded102\vso\tfs\service\webaccess\agile\testscripts\tests\tfstests.agile.productbacklog.reorderbehavior.ts::tfstests.agile.backlog" name="TFSTests.Agile.Backlog.TopLevelItemsSelectionFilterTests TopLevelItemsSelectionFilterTest_Unpaged" />
    </UnitTest>
    <UnitTest name="TFSTests.Agile.Backlog.LocationEnumerator WillEnumerateLocations" storage="d:\v2.0\a1\_work\dbded102\vso\tfs\service\webaccess\agile\testscripts\tests\tfstests.agile.productbacklog.reorderbehavior.ts" id="885bbc8d-a159-4d33-bfbf-219300f5c811">
      <Execution id="d3369255-ff04-464f-bd7d-ab2bb39d2f8b" />
      <TestMethod codeBase="d:\v2.0\a1\_work\dbded102\vso\tfs\service\webaccess\agile\testscripts\tests\tfstests.agile.productbacklog.reorderbehavior.ts" adapterTypeName="Microsoft.VisualStudio.TestTools.TestTypes.Unit.UnitTestAdapter" className="d:\v2.0\a1\_work\dbded102\vso\tfs\service\webaccess\agile\testscripts\tests\tfstests.agile.productbacklog.reorderbehavior.ts::tfstests.agile.backlog" name="TFSTests.Agile.Backlog.LocationEnumerator WillEnumerateLocations" />
    </UnitTest>
    <UnitTest name="TFSTests.Agile.Backlog.LocationEnumerator WillEnumerateTopOfTheListLocation" storage="d:\v2.0\a1\_work\dbded102\vso\tfs\service\webaccess\agile\testscripts\tests\tfstests.agile.productbacklog.reorderbehavior.ts" id="7bf1f0e3-c972-4ad8-887f-2b5a08c8e349">
      <Execution id="f28f6742-03d5-4220-82f9-515cbb2b74b3" />
      <TestMethod codeBase="d:\v2.0\a1\_work\dbded102\vso\tfs\service\webaccess\agile\testscripts\tests\tfstests.agile.productbacklog.reorderbehavior.ts" adapterTypeName="Microsoft.VisualStudio.TestTools.TestTypes.Unit.UnitTestAdapter" className="d:\v2.0\a1\_work\dbded102\vso\tfs\service\webaccess\agile\testscripts\tests\tfstests.agile.productbacklog.reorderbehavior.ts::tfstests.agile.backlog" name="TFSTests.Agile.Backlog.LocationEnumerator WillEnumerateTopOfTheListLocation" />
    </UnitTest>
    <UnitTest name="TFSTests.Agile.Backlog.LocationEnumerator WillEnumerateAllReparentLocations" storage="d:\v2.0\a1\_work\dbded102\vso\tfs\service\webaccess\agile\testscripts\tests\tfstests.agile.productbacklog.reorderbehavior.ts" id="ce6078be-3635-44b6-9c18-ffaa7ff51788">
      <Execution id="7edb1c6c-78b0-4cc5-91c4-045ca2cb1736" />
      <TestMethod codeBase="d:\v2.0\a1\_work\dbded102\vso\tfs\service\webaccess\agile\testscripts\tests\tfstests.agile.productbacklog.reorderbehavior.ts" adapterTypeName="Microsoft.VisualStudio.TestTools.TestTypes.Unit.UnitTestAdapter" className="d:\v2.0\a1\_work\dbded102\vso\tfs\service\webaccess\agile\testscripts\tests\tfstests.agile.productbacklog.reorderbehavior.ts::tfstests.agile.backlog" name="TFSTests.Agile.Backlog.LocationEnumerator WillEnumerateAllReparentLocations" />
    </UnitTest>
    <UnitTest name="TFSTests.Agile.Backlog.LocationEnumerator WillEnumerateAllReparentLocationsSingleChild" storage="d:\v2.0\a1\_work\dbded102\vso\tfs\service\webaccess\agile\testscripts\tests\tfstests.agile.productbacklog.reorderbehavior.ts" id="68172569-7df6-4247-aa18-3a7678a7ce89">
      <Execution id="70591577-01eb-46a7-8735-1359d3b1f65f" />
      <TestMethod codeBase="d:\v2.0\a1\_work\dbded102\vso\tfs\service\webaccess\agile\testscripts\tests\tfstests.agile.productbacklog.reorderbehavior.ts" adapterTypeName="Microsoft.VisualStudio.TestTools.TestTypes.Unit.UnitTestAdapter" className="d:\v2.0\a1\_work\dbded102\vso\tfs\service\webaccess\agile\testscripts\tests\tfstests.agile.productbacklog.reorderbehavior.ts::tfstests.agile.backlog" name="TFSTests.Agile.Backlog.LocationEnumerator WillEnumerateAllReparentLocationsSingleChild" />
    </UnitTest>
    <UnitTest name="TFSTests.Agile.Backlog.LocationEnumerator WillEnumerateTopOfTheBacklogLocation" storage="d:\v2.0\a1\_work\dbded102\vso\tfs\service\webaccess\agile\testscripts\tests\tfstests.agile.productbacklog.reorderbehavior.ts" id="25a07dda-4d2e-4938-b7e5-e8eb236c9ed1">
      <Execution id="e093d908-ebd7-4478-9939-8a74786f872b" />
      <TestMethod codeBase="d:\v2.0\a1\_work\dbded102\vso\tfs\service\webaccess\agile\testscripts\tests\tfstests.agile.productbacklog.reorderbehavior.ts" adapterTypeName="Microsoft.VisualStudio.TestTools.TestTypes.Unit.UnitTestAdapter" className="d:\v2.0\a1\_work\dbded102\vso\tfs\service\webaccess\agile\testscripts\tests\tfstests.agile.productbacklog.reorderbehavior.ts::tfstests.agile.backlog" name="TFSTests.Agile.Backlog.LocationEnumerator WillEnumerateTopOfTheBacklogLocation" />
    </UnitTest>
    <UnitTest name="TFSTests.Agile.Backlog.LocationEnumerator WillEnumerateLocations_Reparent_Multiselect" storage="d:\v2.0\a1\_work\dbded102\vso\tfs\service\webaccess\agile\testscripts\tests\tfstests.agile.productbacklog.reorderbehavior.ts" id="0c786ce3-ca0b-45f6-8c09-206e0ab930e1">
      <Execution id="2b5ef450-b613-4aae-b5d9-eed5c315de44" />
      <TestMethod codeBase="d:\v2.0\a1\_work\dbded102\vso\tfs\service\webaccess\agile\testscripts\tests\tfstests.agile.productbacklog.reorderbehavior.ts" adapterTypeName="Microsoft.VisualStudio.TestTools.TestTypes.Unit.UnitTestAdapter" className="d:\v2.0\a1\_work\dbded102\vso\tfs\service\webaccess\agile\testscripts\tests\tfstests.agile.productbacklog.reorderbehavior.ts::tfstests.agile.backlog" name="TFSTests.Agile.Backlog.LocationEnumerator WillEnumerateLocations_Reparent_Multiselect" />
    </UnitTest>
    <UnitTest name="TFSTests.Agile.Backlog.LocationSelector WillSelectOnlyLocation" storage="d:\v2.0\a1\_work\dbded102\vso\tfs\service\webaccess\agile\testscripts\tests\tfstests.agile.productbacklog.reorderbehavior.ts" id="837bc66f-71b8-414a-af97-cb414ef1848a">
      <Execution id="e2d09d8c-79b4-4450-af81-ceaef87e9edb" />
      <TestMethod codeBase="d:\v2.0\a1\_work\dbded102\vso\tfs\service\webaccess\agile\testscripts\tests\tfstests.agile.productbacklog.reorderbehavior.ts" adapterTypeName="Microsoft.VisualStudio.TestTools.TestTypes.Unit.UnitTestAdapter" className="d:\v2.0\a1\_work\dbded102\vso\tfs\service\webaccess\agile\testscripts\tests\tfstests.agile.productbacklog.reorderbehavior.ts::tfstests.agile.backlog" name="TFSTests.Agile.Backlog.LocationSelector WillSelectOnlyLocation" />
    </UnitTest>
    <UnitTest name="TFSTests.Agile.Backlog.LocationSelector WillPreferSameParentId" storage="d:\v2.0\a1\_work\dbded102\vso\tfs\service\webaccess\agile\testscripts\tests\tfstests.agile.productbacklog.reorderbehavior.ts" id="69d3fab9-2b76-4ada-b86e-eed32b6f4153">
      <Execution id="e758132d-5a8a-47ef-a271-8c6382484c6f" />
      <TestMethod codeBase="d:\v2.0\a1\_work\dbded102\vso\tfs\service\webaccess\agile\testscripts\tests\tfstests.agile.productbacklog.reorderbehavior.ts" adapterTypeName="Microsoft.VisualStudio.TestTools.TestTypes.Unit.UnitTestAdapter" className="d:\v2.0\a1\_work\dbded102\vso\tfs\service\webaccess\agile\testscripts\tests\tfstests.agile.productbacklog.reorderbehavior.ts::tfstests.agile.backlog" name="TFSTests.Agile.Backlog.LocationSelector WillPreferSameParentId" />
    </UnitTest>
    <UnitTest name="TFSTests.Agile.Backlog.LocationSelector WillPreferSameParentId_MultiSelect" storage="d:\v2.0\a1\_work\dbded102\vso\tfs\service\webaccess\agile\testscripts\tests\tfstests.agile.productbacklog.reorderbehavior.ts" id="1b786c4b-7807-4847-98df-c99c6fd6bd0d">
      <Execution id="3bffb007-e687-494c-8820-c180f28e0c0a" />
      <TestMethod codeBase="d:\v2.0\a1\_work\dbded102\vso\tfs\service\webaccess\agile\testscripts\tests\tfstests.agile.productbacklog.reorderbehavior.ts" adapterTypeName="Microsoft.VisualStudio.TestTools.TestTypes.Unit.UnitTestAdapter" className="d:\v2.0\a1\_work\dbded102\vso\tfs\service\webaccess\agile\testscripts\tests\tfstests.agile.productbacklog.reorderbehavior.ts::tfstests.agile.backlog" name="TFSTests.Agile.Backlog.LocationSelector WillPreferSameParentId_MultiSelect" />
    </UnitTest>
    <UnitTest name="TFSTests.Agile.Backlog.LocationSelector WillSelectShallowestLocationAncestorForReparent" storage="d:\v2.0\a1\_work\dbded102\vso\tfs\service\webaccess\agile\testscripts\tests\tfstests.agile.productbacklog.reorderbehavior.ts" id="60b3eabc-6980-4bda-aa01-ba51f6014f82">
      <Execution id="d1626c48-0e8e-4e0e-a70c-ceeadfae9c70" />
      <TestMethod codeBase="d:\v2.0\a1\_work\dbded102\vso\tfs\service\webaccess\agile\testscripts\tests\tfstests.agile.productbacklog.reorderbehavior.ts" adapterTypeName="Microsoft.VisualStudio.TestTools.TestTypes.Unit.UnitTestAdapter" className="d:\v2.0\a1\_work\dbded102\vso\tfs\service\webaccess\agile\testscripts\tests\tfstests.agile.productbacklog.reorderbehavior.ts::tfstests.agile.backlog" name="TFSTests.Agile.Backlog.LocationSelector WillSelectShallowestLocationAncestorForReparent" />
    </UnitTest>
    <UnitTest name="TFSTests.Agile.Backlog.LocationSelector WillSelectShallowestLocationAncestorForReparent_MultiSelect" storage="d:\v2.0\a1\_work\dbded102\vso\tfs\service\webaccess\agile\testscripts\tests\tfstests.agile.productbacklog.reorderbehavior.ts" id="ef94a2b9-c638-4573-bca7-183a39fee7fd">
      <Execution id="4cd0d85c-8b71-4b18-b8e0-2c3d41609aba" />
      <TestMethod codeBase="d:\v2.0\a1\_work\dbded102\vso\tfs\service\webaccess\agile\testscripts\tests\tfstests.agile.productbacklog.reorderbehavior.ts" adapterTypeName="Microsoft.VisualStudio.TestTools.TestTypes.Unit.UnitTestAdapter" className="d:\v2.0\a1\_work\dbded102\vso\tfs\service\webaccess\agile\testscripts\tests\tfstests.agile.productbacklog.reorderbehavior.ts::tfstests.agile.backlog" name="TFSTests.Agile.Backlog.LocationSelector WillSelectShallowestLocationAncestorForReparent_MultiSelect" />
    </UnitTest>
    <UnitTest name="TFSTests.Agile.Backlog.LocationValidator BasicFlatBacklogReorderOwnedAndUnowned" storage="d:\v2.0\a1\_work\dbded102\vso\tfs\service\webaccess\agile\testscripts\tests\tfstests.agile.productbacklog.reorderbehavior.ts" id="a029380a-b6ba-4aaf-a4e6-954c7f409cbe">
      <Execution id="c4129e12-444d-43ec-8ea4-44804f6bc6e7" />
      <TestMethod codeBase="d:\v2.0\a1\_work\dbded102\vso\tfs\service\webaccess\agile\testscripts\tests\tfstests.agile.productbacklog.reorderbehavior.ts" adapterTypeName="Microsoft.VisualStudio.TestTools.TestTypes.Unit.UnitTestAdapter" className="d:\v2.0\a1\_work\dbded102\vso\tfs\service\webaccess\agile\testscripts\tests\tfstests.agile.productbacklog.reorderbehavior.ts::tfstests.agile.backlog" name="TFSTests.Agile.Backlog.LocationValidator BasicFlatBacklogReorderOwnedAndUnowned" />
    </UnitTest>
    <UnitTest name="TFSTests.Agile.Backlog.LocationValidator ReparentStructure" storage="d:\v2.0\a1\_work\dbded102\vso\tfs\service\webaccess\agile\testscripts\tests\tfstests.agile.productbacklog.reorderbehavior.ts" id="a0275b88-eb37-4907-bc50-36d13cd2e69c">
      <Execution id="18dd745d-f419-4354-bc01-17265a9ee433" />
      <TestMethod codeBase="d:\v2.0\a1\_work\dbded102\vso\tfs\service\webaccess\agile\testscripts\tests\tfstests.agile.productbacklog.reorderbehavior.ts" adapterTypeName="Microsoft.VisualStudio.TestTools.TestTypes.Unit.UnitTestAdapter" className="d:\v2.0\a1\_work\dbded102\vso\tfs\service\webaccess\agile\testscripts\tests\tfstests.agile.productbacklog.reorderbehavior.ts::tfstests.agile.backlog" name="TFSTests.Agile.Backlog.LocationValidator ReparentStructure" />
    </UnitTest>
    <UnitTest name="TFSTests.Agile.Backlog.LocationValidator ReparentBacklogLevels" storage="d:\v2.0\a1\_work\dbded102\vso\tfs\service\webaccess\agile\testscripts\tests\tfstests.agile.productbacklog.reorderbehavior.ts" id="30c6f657-39cb-4df7-a419-91e5c7e4ea8e">
      <Execution id="c3ad98ea-b57e-4ea4-9e16-53d90f93e323" />
      <TestMethod codeBase="d:\v2.0\a1\_work\dbded102\vso\tfs\service\webaccess\agile\testscripts\tests\tfstests.agile.productbacklog.reorderbehavior.ts" adapterTypeName="Microsoft.VisualStudio.TestTools.TestTypes.Unit.UnitTestAdapter" className="d:\v2.0\a1\_work\dbded102\vso\tfs\service\webaccess\agile\testscripts\tests\tfstests.agile.productbacklog.reorderbehavior.ts::tfstests.agile.backlog" name="TFSTests.Agile.Backlog.LocationValidator ReparentBacklogLevels" />
    </UnitTest>
    <UnitTest name="TFSTests.Agile.Backlog.LocationValidator ReparentTopLevel" storage="d:\v2.0\a1\_work\dbded102\vso\tfs\service\webaccess\agile\testscripts\tests\tfstests.agile.productbacklog.reorderbehavior.ts" id="1827352f-47be-409c-ab54-1eb8178f0e31">
      <Execution id="df47fabf-f97f-48d5-bf5f-6de4ebf1b7fb" />
      <TestMethod codeBase="d:\v2.0\a1\_work\dbded102\vso\tfs\service\webaccess\agile\testscripts\tests\tfstests.agile.productbacklog.reorderbehavior.ts" adapterTypeName="Microsoft.VisualStudio.TestTools.TestTypes.Unit.UnitTestAdapter" className="d:\v2.0\a1\_work\dbded102\vso\tfs\service\webaccess\agile\testscripts\tests\tfstests.agile.productbacklog.reorderbehavior.ts::tfstests.agile.backlog" name="TFSTests.Agile.Backlog.LocationValidator ReparentTopLevel" />
    </UnitTest>
    <UnitTest name="TFSTests.Agile.Backlog.LocationValidator UnownedItemReorder" storage="d:\v2.0\a1\_work\dbded102\vso\tfs\service\webaccess\agile\testscripts\tests\tfstests.agile.productbacklog.reorderbehavior.ts" id="e9a9e5dd-90dc-4797-aa9b-d60450c3ae49">
      <Execution id="c0937a74-3c4f-47f2-9e74-92d283c01ffb" />
      <TestMethod codeBase="d:\v2.0\a1\_work\dbded102\vso\tfs\service\webaccess\agile\testscripts\tests\tfstests.agile.productbacklog.reorderbehavior.ts" adapterTypeName="Microsoft.VisualStudio.TestTools.TestTypes.Unit.UnitTestAdapter" className="d:\v2.0\a1\_work\dbded102\vso\tfs\service\webaccess\agile\testscripts\tests\tfstests.agile.productbacklog.reorderbehavior.ts::tfstests.agile.backlog" name="TFSTests.Agile.Backlog.LocationValidator UnownedItemReorder" />
    </UnitTest>
    <UnitTest name="TFSTests.Agile.Backlog.LocationValidator UnpagedItems" storage="d:\v2.0\a1\_work\dbded102\vso\tfs\service\webaccess\agile\testscripts\tests\tfstests.agile.productbacklog.reorderbehavior.ts" id="79a9c807-ab56-4956-bf91-053b1a0f4fa1">
      <Execution id="387bcaa9-0f0e-4a46-9bb8-428b2a2b99ec" />
      <TestMethod codeBase="d:\v2.0\a1\_work\dbded102\vso\tfs\service\webaccess\agile\testscripts\tests\tfstests.agile.productbacklog.reorderbehavior.ts" adapterTypeName="Microsoft.VisualStudio.TestTools.TestTypes.Unit.UnitTestAdapter" className="d:\v2.0\a1\_work\dbded102\vso\tfs\service\webaccess\agile\testscripts\tests\tfstests.agile.productbacklog.reorderbehavior.ts::tfstests.agile.backlog" name="TFSTests.Agile.Backlog.LocationValidator UnpagedItems" />
    </UnitTest>
    <UnitTest name="TFSTests.Agile.Backlog.LocationValidator NonBacklogItems" storage="d:\v2.0\a1\_work\dbded102\vso\tfs\service\webaccess\agile\testscripts\tests\tfstests.agile.productbacklog.reorderbehavior.ts" id="af351d5a-929f-4b54-aea3-db32b6f7613e">
      <Execution id="ea4afc39-c9ef-423a-ad0f-8ab489486634" />
      <TestMethod codeBase="d:\v2.0\a1\_work\dbded102\vso\tfs\service\webaccess\agile\testscripts\tests\tfstests.agile.productbacklog.reorderbehavior.ts" adapterTypeName="Microsoft.VisualStudio.TestTools.TestTypes.Unit.UnitTestAdapter" className="d:\v2.0\a1\_work\dbded102\vso\tfs\service\webaccess\agile\testscripts\tests\tfstests.agile.productbacklog.reorderbehavior.ts::tfstests.agile.backlog" name="TFSTests.Agile.Backlog.LocationValidator NonBacklogItems" />
    </UnitTest>
    <UnitTest name="TFSTests.Agile.Backlog.LocationValidator CanFixHierarchy" storage="d:\v2.0\a1\_work\dbded102\vso\tfs\service\webaccess\agile\testscripts\tests\tfstests.agile.productbacklog.reorderbehavior.ts" id="9b8c9544-957d-4a3e-a8bf-dbd68d68ac39">
      <Execution id="240fe123-99bf-41e8-9c4b-6c28cd1e746a" />
      <TestMethod codeBase="d:\v2.0\a1\_work\dbded102\vso\tfs\service\webaccess\agile\testscripts\tests\tfstests.agile.productbacklog.reorderbehavior.ts" adapterTypeName="Microsoft.VisualStudio.TestTools.TestTypes.Unit.UnitTestAdapter" className="d:\v2.0\a1\_work\dbded102\vso\tfs\service\webaccess\agile\testscripts\tests\tfstests.agile.productbacklog.reorderbehavior.ts::tfstests.agile.backlog" name="TFSTests.Agile.Backlog.LocationValidator CanFixHierarchy" />
    </UnitTest>
    <UnitTest name="TFSTests.Agile.Backlog.LocationValidator RemoveParent" storage="d:\v2.0\a1\_work\dbded102\vso\tfs\service\webaccess\agile\testscripts\tests\tfstests.agile.productbacklog.reorderbehavior.ts" id="0f964b26-525c-490f-ae05-e93d789091ed">
      <Execution id="0d313ac2-05cb-44b1-b22d-904a19a93b8b" />
      <TestMethod codeBase="d:\v2.0\a1\_work\dbded102\vso\tfs\service\webaccess\agile\testscripts\tests\tfstests.agile.productbacklog.reorderbehavior.ts" adapterTypeName="Microsoft.VisualStudio.TestTools.TestTypes.Unit.UnitTestAdapter" className="d:\v2.0\a1\_work\dbded102\vso\tfs\service\webaccess\agile\testscripts\tests\tfstests.agile.productbacklog.reorderbehavior.ts::tfstests.agile.backlog" name="TFSTests.Agile.Backlog.LocationValidator RemoveParent" />
    </UnitTest>
    <UnitTest name="TFSTests.Agile.Backlog.LocationValidator BasicReorder" storage="d:\v2.0\a1\_work\dbded102\vso\tfs\service\webaccess\agile\testscripts\tests\tfstests.agile.productbacklog.reorderbehavior.ts" id="98e68bb7-2bdc-40bd-818f-f40b40e36a33">
      <Execution id="663740c1-3f39-4c5d-a3d0-67e23e176c0a" />
      <TestMethod codeBase="d:\v2.0\a1\_work\dbded102\vso\tfs\service\webaccess\agile\testscripts\tests\tfstests.agile.productbacklog.reorderbehavior.ts" adapterTypeName="Microsoft.VisualStudio.TestTools.TestTypes.Unit.UnitTestAdapter" className="d:\v2.0\a1\_work\dbded102\vso\tfs\service\webaccess\agile\testscripts\tests\tfstests.agile.productbacklog.reorderbehavior.ts::tfstests.agile.backlog" name="TFSTests.Agile.Backlog.LocationValidator BasicReorder" />
    </UnitTest>
    <UnitTest name="TFSTests.Agile.Backlog.LocationValidator AdvancedReorder" storage="d:\v2.0\a1\_work\dbded102\vso\tfs\service\webaccess\agile\testscripts\tests\tfstests.agile.productbacklog.reorderbehavior.ts" id="2d6ae582-6726-445a-846c-ca9e034837cb">
      <Execution id="f7061719-0214-4df8-b27a-ac3c2e00315f" />
      <TestMethod codeBase="d:\v2.0\a1\_work\dbded102\vso\tfs\service\webaccess\agile\testscripts\tests\tfstests.agile.productbacklog.reorderbehavior.ts" adapterTypeName="Microsoft.VisualStudio.TestTools.TestTypes.Unit.UnitTestAdapter" className="d:\v2.0\a1\_work\dbded102\vso\tfs\service\webaccess\agile\testscripts\tests\tfstests.agile.productbacklog.reorderbehavior.ts::tfstests.agile.backlog" name="TFSTests.Agile.Backlog.LocationValidator AdvancedReorder" />
    </UnitTest>
    <UnitTest name="TFSTests.Agile.Backlog.LocationValidator UnparentedRows" storage="d:\v2.0\a1\_work\dbded102\vso\tfs\service\webaccess\agile\testscripts\tests\tfstests.agile.productbacklog.reorderbehavior.ts" id="55d9d215-2145-4652-922a-db8d30211d39">
      <Execution id="697a7190-d345-4a5b-8368-244c58bfcfb2" />
      <TestMethod codeBase="d:\v2.0\a1\_work\dbded102\vso\tfs\service\webaccess\agile\testscripts\tests\tfstests.agile.productbacklog.reorderbehavior.ts" adapterTypeName="Microsoft.VisualStudio.TestTools.TestTypes.Unit.UnitTestAdapter" className="d:\v2.0\a1\_work\dbded102\vso\tfs\service\webaccess\agile\testscripts\tests\tfstests.agile.productbacklog.reorderbehavior.ts::tfstests.agile.backlog" name="TFSTests.Agile.Backlog.LocationValidator UnparentedRows" />
    </UnitTest>
    <UnitTest name="TFSTests.Agile.Backlog.BacklogLevelHelper LevelsOrderNoPortfolio" storage="d:\v2.0\a1\_work\dbded102\vso\tfs\service\webaccess\agile\testscripts\tests\tfstests.agile.productbacklog.reorderbehavior.ts" id="78f8fa32-fedc-467b-828d-cd47d68864c7">
      <Execution id="669e1284-789f-420b-96f9-c74200d75b66" />
      <TestMethod codeBase="d:\v2.0\a1\_work\dbded102\vso\tfs\service\webaccess\agile\testscripts\tests\tfstests.agile.productbacklog.reorderbehavior.ts" adapterTypeName="Microsoft.VisualStudio.TestTools.TestTypes.Unit.UnitTestAdapter" className="d:\v2.0\a1\_work\dbded102\vso\tfs\service\webaccess\agile\testscripts\tests\tfstests.agile.productbacklog.reorderbehavior.ts::tfstests.agile.backlog" name="TFSTests.Agile.Backlog.BacklogLevelHelper LevelsOrderNoPortfolio" />
    </UnitTest>
    <UnitTest name="TFSTests.Agile.Backlog.BacklogLevelHelper LevelsOrder1PortfolioLevel" storage="d:\v2.0\a1\_work\dbded102\vso\tfs\service\webaccess\agile\testscripts\tests\tfstests.agile.productbacklog.reorderbehavior.ts" id="5c8bad41-50a3-43dc-974d-2d54215ab030">
      <Execution id="f8c9da07-2f01-4bbe-8ec4-1158fb4f23f9" />
      <TestMethod codeBase="d:\v2.0\a1\_work\dbded102\vso\tfs\service\webaccess\agile\testscripts\tests\tfstests.agile.productbacklog.reorderbehavior.ts" adapterTypeName="Microsoft.VisualStudio.TestTools.TestTypes.Unit.UnitTestAdapter" className="d:\v2.0\a1\_work\dbded102\vso\tfs\service\webaccess\agile\testscripts\tests\tfstests.agile.productbacklog.reorderbehavior.ts::tfstests.agile.backlog" name="TFSTests.Agile.Backlog.BacklogLevelHelper LevelsOrder1PortfolioLevel" />
    </UnitTest>
    <UnitTest name="TFSTests.Agile.Backlog.BacklogLevelHelper LevelsOrder2PortfolioLevels" storage="d:\v2.0\a1\_work\dbded102\vso\tfs\service\webaccess\agile\testscripts\tests\tfstests.agile.productbacklog.reorderbehavior.ts" id="fa79f605-9507-489b-9a99-ef40315186a9">
      <Execution id="32343447-97b0-4b4a-b244-5f19fc7c07bc" />
      <TestMethod codeBase="d:\v2.0\a1\_work\dbded102\vso\tfs\service\webaccess\agile\testscripts\tests\tfstests.agile.productbacklog.reorderbehavior.ts" adapterTypeName="Microsoft.VisualStudio.TestTools.TestTypes.Unit.UnitTestAdapter" className="d:\v2.0\a1\_work\dbded102\vso\tfs\service\webaccess\agile\testscripts\tests\tfstests.agile.productbacklog.reorderbehavior.ts::tfstests.agile.backlog" name="TFSTests.Agile.Backlog.BacklogLevelHelper LevelsOrder2PortfolioLevels" />
    </UnitTest>
    <UnitTest name="TFSTests.Agile.Backlog.BacklogLevelHelper CaseInsensitiveTypeNames" storage="d:\v2.0\a1\_work\dbded102\vso\tfs\service\webaccess\agile\testscripts\tests\tfstests.agile.productbacklog.reorderbehavior.ts" id="13847efd-b15a-4e64-95d0-a50fa70be713">
      <Execution id="1959ab14-97bb-47e6-9ee2-4abcc53f8c35" />
      <TestMethod codeBase="d:\v2.0\a1\_work\dbded102\vso\tfs\service\webaccess\agile\testscripts\tests\tfstests.agile.productbacklog.reorderbehavior.ts" adapterTypeName="Microsoft.VisualStudio.TestTools.TestTypes.Unit.UnitTestAdapter" className="d:\v2.0\a1\_work\dbded102\vso\tfs\service\webaccess\agile\testscripts\tests\tfstests.agile.productbacklog.reorderbehavior.ts::tfstests.agile.backlog" name="TFSTests.Agile.Backlog.BacklogLevelHelper CaseInsensitiveTypeNames" />
    </UnitTest>
    <UnitTest name="TFSTests.Agile.Backlog.BacklogLevelHelper BugsBehaviorLevel" storage="d:\v2.0\a1\_work\dbded102\vso\tfs\service\webaccess\agile\testscripts\tests\tfstests.agile.productbacklog.reorderbehavior.ts" id="54c267ac-3dbf-499c-90d6-b09767c27425">
      <Execution id="931d8b41-0784-4aa9-9a3f-7a42809caffd" />
      <TestMethod codeBase="d:\v2.0\a1\_work\dbded102\vso\tfs\service\webaccess\agile\testscripts\tests\tfstests.agile.productbacklog.reorderbehavior.ts" adapterTypeName="Microsoft.VisualStudio.TestTools.TestTypes.Unit.UnitTestAdapter" className="d:\v2.0\a1\_work\dbded102\vso\tfs\service\webaccess\agile\testscripts\tests\tfstests.agile.productbacklog.reorderbehavior.ts::tfstests.agile.backlog" name="TFSTests.Agile.Backlog.BacklogLevelHelper BugsBehaviorLevel" />
    </UnitTest>
    <UnitTest name="TFSTests.Agile.Backlog.BacklogLevelHelper LevelsForUnpagedOrNonBacklogTypes" storage="d:\v2.0\a1\_work\dbded102\vso\tfs\service\webaccess\agile\testscripts\tests\tfstests.agile.productbacklog.reorderbehavior.ts" id="b43238ac-b5ff-4585-9b59-759b04adc312">
      <Execution id="88132eec-f86d-420f-9722-f869c959f20e" />
      <TestMethod codeBase="d:\v2.0\a1\_work\dbded102\vso\tfs\service\webaccess\agile\testscripts\tests\tfstests.agile.productbacklog.reorderbehavior.ts" adapterTypeName="Microsoft.VisualStudio.TestTools.TestTypes.Unit.UnitTestAdapter" className="d:\v2.0\a1\_work\dbded102\vso\tfs\service\webaccess\agile\testscripts\tests\tfstests.agile.productbacklog.reorderbehavior.ts::tfstests.agile.backlog" name="TFSTests.Agile.Backlog.BacklogLevelHelper LevelsForUnpagedOrNonBacklogTypes" />
    </UnitTest>
    <UnitTest name="TFSTests.Agile.Backlog.BacklogLevelHelper TopLevel" storage="d:\v2.0\a1\_work\dbded102\vso\tfs\service\webaccess\agile\testscripts\tests\tfstests.agile.productbacklog.reorderbehavior.ts" id="6698f2d2-3912-4f90-830c-20194c477be7">
      <Execution id="a6a8acfd-b760-46be-aea2-f9916ee907d9" />
      <TestMethod codeBase="d:\v2.0\a1\_work\dbded102\vso\tfs\service\webaccess\agile\testscripts\tests\tfstests.agile.productbacklog.reorderbehavior.ts" adapterTypeName="Microsoft.VisualStudio.TestTools.TestTypes.Unit.UnitTestAdapter" className="d:\v2.0\a1\_work\dbded102\vso\tfs\service\webaccess\agile\testscripts\tests\tfstests.agile.productbacklog.reorderbehavior.ts::tfstests.agile.backlog" name="TFSTests.Agile.Backlog.BacklogLevelHelper TopLevel" />
    </UnitTest>
    <UnitTest name="TFSTests.Agile.Backlog.ReorderProcessor MissingNextAndPrevious_AllowEmptyBucketReorder" storage="d:\v2.0\a1\_work\dbded102\vso\tfs\service\webaccess\agile\testscripts\tests\tfstests.agile.productbacklog.reorderbehavior.ts" id="8de4f625-33d9-4c73-95b0-f167051d3b09">
      <Execution id="da8e51ce-56ce-47a8-a080-bbddeb7a27c3" />
      <TestMethod codeBase="d:\v2.0\a1\_work\dbded102\vso\tfs\service\webaccess\agile\testscripts\tests\tfstests.agile.productbacklog.reorderbehavior.ts" adapterTypeName="Microsoft.VisualStudio.TestTools.TestTypes.Unit.UnitTestAdapter" className="d:\v2.0\a1\_work\dbded102\vso\tfs\service\webaccess\agile\testscripts\tests\tfstests.agile.productbacklog.reorderbehavior.ts::tfstests.agile.backlog" name="TFSTests.Agile.Backlog.ReorderProcessor MissingNextAndPrevious_AllowEmptyBucketReorder" />
    </UnitTest>
    <UnitTest name="TFSTests.Agile.Backlog.ReorderProcessor MissingNextAndPrevious_NoEmptyBucketReorder" storage="d:\v2.0\a1\_work\dbded102\vso\tfs\service\webaccess\agile\testscripts\tests\tfstests.agile.productbacklog.reorderbehavior.ts" id="d5ce089e-494b-4612-8305-809df6290938">
      <Execution id="0f00ccf2-f0ff-4204-983c-86720ff51f25" />
      <TestMethod codeBase="d:\v2.0\a1\_work\dbded102\vso\tfs\service\webaccess\agile\testscripts\tests\tfstests.agile.productbacklog.reorderbehavior.ts" adapterTypeName="Microsoft.VisualStudio.TestTools.TestTypes.Unit.UnitTestAdapter" className="d:\v2.0\a1\_work\dbded102\vso\tfs\service\webaccess\agile\testscripts\tests\tfstests.agile.productbacklog.reorderbehavior.ts::tfstests.agile.backlog" name="TFSTests.Agile.Backlog.ReorderProcessor MissingNextAndPrevious_NoEmptyBucketReorder" />
    </UnitTest>
    <UnitTest name="TFSTests.Agile.Backlog.ReorderProcessor Reordering unowned items" storage="d:\v2.0\a1\_work\dbded102\vso\tfs\service\webaccess\agile\testscripts\tests\tfstests.agile.productbacklog.reorderbehavior.ts" id="46e3ebd2-5678-4ade-b8d7-c6c9de46ecda">
      <Execution id="4ed0669d-480c-4461-8e8d-ef6b86cb372a" />
      <TestMethod codeBase="d:\v2.0\a1\_work\dbded102\vso\tfs\service\webaccess\agile\testscripts\tests\tfstests.agile.productbacklog.reorderbehavior.ts" adapterTypeName="Microsoft.VisualStudio.TestTools.TestTypes.Unit.UnitTestAdapter" className="d:\v2.0\a1\_work\dbded102\vso\tfs\service\webaccess\agile\testscripts\tests\tfstests.agile.productbacklog.reorderbehavior.ts::tfstests.agile.backlog" name="TFSTests.Agile.Backlog.ReorderProcessor Reordering unowned items" />
    </UnitTest>
    <UnitTest name="TFSTests.Agile.Backlog.ReorderProcessor BasicValidReordering" storage="d:\v2.0\a1\_work\dbded102\vso\tfs\service\webaccess\agile\testscripts\tests\tfstests.agile.productbacklog.reorderbehavior.ts" id="eeb59c63-f903-4320-bb53-dbb2815b0ee6">
      <Execution id="26910de5-4bca-4088-80a6-744cc7d4e45c" />
      <TestMethod codeBase="d:\v2.0\a1\_work\dbded102\vso\tfs\service\webaccess\agile\testscripts\tests\tfstests.agile.productbacklog.reorderbehavior.ts" adapterTypeName="Microsoft.VisualStudio.TestTools.TestTypes.Unit.UnitTestAdapter" className="d:\v2.0\a1\_work\dbded102\vso\tfs\service\webaccess\agile\testscripts\tests\tfstests.agile.productbacklog.reorderbehavior.ts::tfstests.agile.backlog" name="TFSTests.Agile.Backlog.ReorderProcessor BasicValidReordering" />
    </UnitTest>
    <UnitTest name="TFSTests.Agile.Backlog.ReorderProcessor BasicValidReorderingInvalidCategory" storage="d:\v2.0\a1\_work\dbded102\vso\tfs\service\webaccess\agile\testscripts\tests\tfstests.agile.productbacklog.reorderbehavior.ts" id="5ce132c1-be86-4bc6-aba8-c1f3602fff08">
      <Execution id="de186455-e33c-4a50-847a-716193cece14" />
      <TestMethod codeBase="d:\v2.0\a1\_work\dbded102\vso\tfs\service\webaccess\agile\testscripts\tests\tfstests.agile.productbacklog.reorderbehavior.ts" adapterTypeName="Microsoft.VisualStudio.TestTools.TestTypes.Unit.UnitTestAdapter" className="d:\v2.0\a1\_work\dbded102\vso\tfs\service\webaccess\agile\testscripts\tests\tfstests.agile.productbacklog.reorderbehavior.ts::tfstests.agile.backlog" name="TFSTests.Agile.Backlog.ReorderProcessor BasicValidReorderingInvalidCategory" />
    </UnitTest>
    <UnitTest name="TFSTests.Agile.Backlog.ReorderProcessor BasicValidReorderingNestedStories" storage="d:\v2.0\a1\_work\dbded102\vso\tfs\service\webaccess\agile\testscripts\tests\tfstests.agile.productbacklog.reorderbehavior.ts" id="bb1ab05b-1218-4f4b-af8e-bafbf7ded437">
      <Execution id="4cb12468-9808-4f15-ada2-e3188ae93258" />
      <TestMethod codeBase="d:\v2.0\a1\_work\dbded102\vso\tfs\service\webaccess\agile\testscripts\tests\tfstests.agile.productbacklog.reorderbehavior.ts" adapterTypeName="Microsoft.VisualStudio.TestTools.TestTypes.Unit.UnitTestAdapter" className="d:\v2.0\a1\_work\dbded102\vso\tfs\service\webaccess\agile\testscripts\tests\tfstests.agile.productbacklog.reorderbehavior.ts::tfstests.agile.backlog" name="TFSTests.Agile.Backlog.ReorderProcessor BasicValidReorderingNestedStories" />
    </UnitTest>
    <UnitTest name="TFSTests.Agile.Backlog.ReorderProcessor NoOpReordersTasks" storage="d:\v2.0\a1\_work\dbded102\vso\tfs\service\webaccess\agile\testscripts\tests\tfstests.agile.productbacklog.reorderbehavior.ts" id="5335a3b7-c939-4674-8d68-a4db8176e640">
      <Execution id="c05fe304-f7ec-49f7-9d24-3be0b4671edf" />
      <TestMethod codeBase="d:\v2.0\a1\_work\dbded102\vso\tfs\service\webaccess\agile\testscripts\tests\tfstests.agile.productbacklog.reorderbehavior.ts" adapterTypeName="Microsoft.VisualStudio.TestTools.TestTypes.Unit.UnitTestAdapter" className="d:\v2.0\a1\_work\dbded102\vso\tfs\service\webaccess\agile\testscripts\tests\tfstests.agile.productbacklog.reorderbehavior.ts::tfstests.agile.backlog" name="TFSTests.Agile.Backlog.ReorderProcessor NoOpReordersTasks" />
    </UnitTest>
    <UnitTest name="TFSTests.Agile.Backlog.ReorderProcessor NoOpReordersUnowned" storage="d:\v2.0\a1\_work\dbded102\vso\tfs\service\webaccess\agile\testscripts\tests\tfstests.agile.productbacklog.reorderbehavior.ts" id="84da2d57-b1e8-4e0f-984d-65fa72534b74">
      <Execution id="5970e7a7-4d18-42f6-a878-f06c92275007" />
      <TestMethod codeBase="d:\v2.0\a1\_work\dbded102\vso\tfs\service\webaccess\agile\testscripts\tests\tfstests.agile.productbacklog.reorderbehavior.ts" adapterTypeName="Microsoft.VisualStudio.TestTools.TestTypes.Unit.UnitTestAdapter" className="d:\v2.0\a1\_work\dbded102\vso\tfs\service\webaccess\agile\testscripts\tests\tfstests.agile.productbacklog.reorderbehavior.ts::tfstests.agile.backlog" name="TFSTests.Agile.Backlog.ReorderProcessor NoOpReordersUnowned" />
    </UnitTest>
    <UnitTest name="TFSTests.Agile.Backlog.ReorderProcessor BasicValidReorderingTasks" storage="d:\v2.0\a1\_work\dbded102\vso\tfs\service\webaccess\agile\testscripts\tests\tfstests.agile.productbacklog.reorderbehavior.ts" id="d1976b06-c6c5-4407-9809-aa48a7056da6">
      <Execution id="1f9a9da8-603e-4b78-8f86-f27bf9842f5b" />
      <TestMethod codeBase="d:\v2.0\a1\_work\dbded102\vso\tfs\service\webaccess\agile\testscripts\tests\tfstests.agile.productbacklog.reorderbehavior.ts" adapterTypeName="Microsoft.VisualStudio.TestTools.TestTypes.Unit.UnitTestAdapter" className="d:\v2.0\a1\_work\dbded102\vso\tfs\service\webaccess\agile\testscripts\tests\tfstests.agile.productbacklog.reorderbehavior.ts::tfstests.agile.backlog" name="TFSTests.Agile.Backlog.ReorderProcessor BasicValidReorderingTasks" />
    </UnitTest>
    <UnitTest name="TFSTests.Agile.Backlog.ReorderProcessor MiddleOneSideIsInvalidByType" storage="d:\v2.0\a1\_work\dbded102\vso\tfs\service\webaccess\agile\testscripts\tests\tfstests.agile.productbacklog.reorderbehavior.ts" id="5c3f3c32-e9cf-4a4c-9bc4-baea823e9190">
      <Execution id="5b9d6422-22a5-49ed-92ae-159772e0693c" />
      <TestMethod codeBase="d:\v2.0\a1\_work\dbded102\vso\tfs\service\webaccess\agile\testscripts\tests\tfstests.agile.productbacklog.reorderbehavior.ts" adapterTypeName="Microsoft.VisualStudio.TestTools.TestTypes.Unit.UnitTestAdapter" className="d:\v2.0\a1\_work\dbded102\vso\tfs\service\webaccess\agile\testscripts\tests\tfstests.agile.productbacklog.reorderbehavior.ts::tfstests.agile.backlog" name="TFSTests.Agile.Backlog.ReorderProcessor MiddleOneSideIsInvalidByType" />
    </UnitTest>
    <UnitTest name="TFSTests.Agile.Backlog.ReorderProcessor MiddleOneSideIsInvalidByOwnership" storage="d:\v2.0\a1\_work\dbded102\vso\tfs\service\webaccess\agile\testscripts\tests\tfstests.agile.productbacklog.reorderbehavior.ts" id="a49df5ed-7779-4eb7-a73b-b99296e1d247">
      <Execution id="8d3535a3-c92b-4645-a9b0-aca3d104606c" />
      <TestMethod codeBase="d:\v2.0\a1\_work\dbded102\vso\tfs\service\webaccess\agile\testscripts\tests\tfstests.agile.productbacklog.reorderbehavior.ts" adapterTypeName="Microsoft.VisualStudio.TestTools.TestTypes.Unit.UnitTestAdapter" className="d:\v2.0\a1\_work\dbded102\vso\tfs\service\webaccess\agile\testscripts\tests\tfstests.agile.productbacklog.reorderbehavior.ts::tfstests.agile.backlog" name="TFSTests.Agile.Backlog.ReorderProcessor MiddleOneSideIsInvalidByOwnership" />
    </UnitTest>
    <UnitTest name="TFSTests.Agile.Backlog.ReorderProcessor MiddleBothSidesValidPickCorrectState" storage="d:\v2.0\a1\_work\dbded102\vso\tfs\service\webaccess\agile\testscripts\tests\tfstests.agile.productbacklog.reorderbehavior.ts" id="ffe6b107-dd60-4f90-a0e9-413e0e323e4d">
      <Execution id="d1d75b74-4d39-4ffa-ac11-a7724f0cee73" />
      <TestMethod codeBase="d:\v2.0\a1\_work\dbded102\vso\tfs\service\webaccess\agile\testscripts\tests\tfstests.agile.productbacklog.reorderbehavior.ts" adapterTypeName="Microsoft.VisualStudio.TestTools.TestTypes.Unit.UnitTestAdapter" className="d:\v2.0\a1\_work\dbded102\vso\tfs\service\webaccess\agile\testscripts\tests\tfstests.agile.productbacklog.reorderbehavior.ts::tfstests.agile.backlog" name="TFSTests.Agile.Backlog.ReorderProcessor MiddleBothSidesValidPickCorrectState" />
    </UnitTest>
    <UnitTest name="TFSTests.Agile.Backlog.ReorderProcessor MiddleBothSidesNotMatchingState" storage="d:\v2.0\a1\_work\dbded102\vso\tfs\service\webaccess\agile\testscripts\tests\tfstests.agile.productbacklog.reorderbehavior.ts" id="48aa1cc8-6466-4593-b2e2-d5d175d6fdf2">
      <Execution id="a8423355-37d0-4960-bc52-d8f961d8a8ce" />
      <TestMethod codeBase="d:\v2.0\a1\_work\dbded102\vso\tfs\service\webaccess\agile\testscripts\tests\tfstests.agile.productbacklog.reorderbehavior.ts" adapterTypeName="Microsoft.VisualStudio.TestTools.TestTypes.Unit.UnitTestAdapter" className="d:\v2.0\a1\_work\dbded102\vso\tfs\service\webaccess\agile\testscripts\tests\tfstests.agile.productbacklog.reorderbehavior.ts::tfstests.agile.backlog" name="TFSTests.Agile.Backlog.ReorderProcessor MiddleBothSidesNotMatchingState" />
    </UnitTest>
    <UnitTest name="TFSTests.Agile.ProductBacklog.ProductBacklogToolbarTests Backlog_launchColumnOptionsDialog_SendsCorrectOptions" storage="d:\v2.0\a1\_work\dbded102\vso\tfs\service\webaccess\agile\testscripts\tests\tfstests.agile.productbacklog.toolbar.ts" id="37e033db-9488-4c8b-b118-f79d03e9eb35">
      <Execution id="18e6c5f5-be35-4bc1-8e8b-dc632c1addbc" />
      <TestMethod codeBase="d:\v2.0\a1\_work\dbded102\vso\tfs\service\webaccess\agile\testscripts\tests\tfstests.agile.productbacklog.toolbar.ts" adapterTypeName="Microsoft.VisualStudio.TestTools.TestTypes.Unit.UnitTestAdapter" className="d:\v2.0\a1\_work\dbded102\vso\tfs\service\webaccess\agile\testscripts\tests\tfstests.agile.productbacklog.toolbar.ts::tfstests.agile.productbacklog" name="TFSTests.Agile.ProductBacklog.ProductBacklogToolbarTests Backlog_launchColumnOptionsDialog_SendsCorrectOptions" />
    </UnitTest>
    <UnitTest name="TFSTests.Agile.ProductBacklog.ProductBacklogToolbarTests Backlog_ToolbarNewButton_PersistsUserSettings" storage="d:\v2.0\a1\_work\dbded102\vso\tfs\service\webaccess\agile\testscripts\tests\tfstests.agile.productbacklog.toolbar.ts" id="3513a9ac-e2b9-42f8-acf9-9d0ea198fd51">
      <Execution id="1670a67a-5e7b-4ae9-a651-0cbac205f3a2" />
      <TestMethod codeBase="d:\v2.0\a1\_work\dbded102\vso\tfs\service\webaccess\agile\testscripts\tests\tfstests.agile.productbacklog.toolbar.ts" adapterTypeName="Microsoft.VisualStudio.TestTools.TestTypes.Unit.UnitTestAdapter" className="d:\v2.0\a1\_work\dbded102\vso\tfs\service\webaccess\agile\testscripts\tests\tfstests.agile.productbacklog.toolbar.ts::tfstests.agile.productbacklog" name="TFSTests.Agile.ProductBacklog.ProductBacklogToolbarTests Backlog_ToolbarNewButton_PersistsUserSettings" />
    </UnitTest>
    <UnitTest name="TFSTests.Agile.ProductBacklog ProductBacklog_HandleMoveWorkItems_ReorderReparentWorkItems" storage="d:\v2.0\a1\_work\dbded102\vso\tfs\service\webaccess\agile\testscripts\tests\tfstests.agile.productbacklog.ts" id="e0fcdade-5831-40c1-93b9-84d77e335e85">
      <Execution id="97c47736-62aa-4cb5-9068-a8fbb7d950c9" />
      <TestMethod codeBase="d:\v2.0\a1\_work\dbded102\vso\tfs\service\webaccess\agile\testscripts\tests\tfstests.agile.productbacklog.ts" adapterTypeName="Microsoft.VisualStudio.TestTools.TestTypes.Unit.UnitTestAdapter" className="d:\v2.0\a1\_work\dbded102\vso\tfs\service\webaccess\agile\testscripts\tests\tfstests.agile.productbacklog.ts::tfstests.agile" name="TFSTests.Agile.ProductBacklog ProductBacklog_HandleMoveWorkItems_ReorderReparentWorkItems" />
    </UnitTest>
    <UnitTest name="TFSTests.Agile.ProductBacklog Backlog_GetReorderLocation" storage="d:\v2.0\a1\_work\dbded102\vso\tfs\service\webaccess\agile\testscripts\tests\tfstests.agile.productbacklog.ts" id="2d804c46-79e9-4e47-9571-886646cbe8c6">
      <Execution id="a0f30f48-2a2b-4ee4-83c2-c1dc140ddd8b" />
      <TestMethod codeBase="d:\v2.0\a1\_work\dbded102\vso\tfs\service\webaccess\agile\testscripts\tests\tfstests.agile.productbacklog.ts" adapterTypeName="Microsoft.VisualStudio.TestTools.TestTypes.Unit.UnitTestAdapter" className="d:\v2.0\a1\_work\dbded102\vso\tfs\service\webaccess\agile\testscripts\tests\tfstests.agile.productbacklog.ts::tfstests.agile" name="TFSTests.Agile.ProductBacklog Backlog_GetReorderLocation" />
    </UnitTest>
    <UnitTest name="TFSTests.Agile.ProductBacklog ProductBacklog_InitializeNewWorkItem" storage="d:\v2.0\a1\_work\dbded102\vso\tfs\service\webaccess\agile\testscripts\tests\tfstests.agile.productbacklog.ts" id="2191bd09-7940-48a1-9c76-821c550379ed">
      <Execution id="53c421c2-832a-4689-a720-806aefa3b7fa" />
      <TestMethod codeBase="d:\v2.0\a1\_work\dbded102\vso\tfs\service\webaccess\agile\testscripts\tests\tfstests.agile.productbacklog.ts" adapterTypeName="Microsoft.VisualStudio.TestTools.TestTypes.Unit.UnitTestAdapter" className="d:\v2.0\a1\_work\dbded102\vso\tfs\service\webaccess\agile\testscripts\tests\tfstests.agile.productbacklog.ts::tfstests.agile" name="TFSTests.Agile.ProductBacklog ProductBacklog_InitializeNewWorkItem" />
    </UnitTest>
    <UnitTest name="TFSTests.Agile.ProductBacklog ProductBacklogGrid_handleMoveWorkItems_ReorderWorkItems" storage="d:\v2.0\a1\_work\dbded102\vso\tfs\service\webaccess\agile\testscripts\tests\tfstests.agile.productbacklog.ts" id="4104846a-891a-46d0-b1b4-814c03a3f018">
      <Execution id="1c3817f9-fa93-4b70-abed-f002022317e7" />
      <TestMethod codeBase="d:\v2.0\a1\_work\dbded102\vso\tfs\service\webaccess\agile\testscripts\tests\tfstests.agile.productbacklog.ts" adapterTypeName="Microsoft.VisualStudio.TestTools.TestTypes.Unit.UnitTestAdapter" className="d:\v2.0\a1\_work\dbded102\vso\tfs\service\webaccess\agile\testscripts\tests\tfstests.agile.productbacklog.ts::tfstests.agile" name="TFSTests.Agile.ProductBacklog ProductBacklogGrid_handleMoveWorkItems_ReorderWorkItems" />
    </UnitTest>
    <UnitTest name="TFSTests.Agile.ProductBacklog ProductBacklogGrid_handleMoveWorkItems_ReparentInvididualWorkItems" storage="d:\v2.0\a1\_work\dbded102\vso\tfs\service\webaccess\agile\testscripts\tests\tfstests.agile.productbacklog.ts" id="c8f30774-bffd-4003-9ffe-10f9dc37dfbd">
      <Execution id="15175484-e44e-451a-a82d-3af66ac0972c" />
      <TestMethod codeBase="d:\v2.0\a1\_work\dbded102\vso\tfs\service\webaccess\agile\testscripts\tests\tfstests.agile.productbacklog.ts" adapterTypeName="Microsoft.VisualStudio.TestTools.TestTypes.Unit.UnitTestAdapter" className="d:\v2.0\a1\_work\dbded102\vso\tfs\service\webaccess\agile\testscripts\tests\tfstests.agile.productbacklog.ts::tfstests.agile" name="TFSTests.Agile.ProductBacklog ProductBacklogGrid_handleMoveWorkItems_ReparentInvididualWorkItems" />
    </UnitTest>
    <UnitTest name="TFSTests.Agile.ProductBacklog ProductBacklogGrid_handleMoveWorkItems_ReparentSubTree" storage="d:\v2.0\a1\_work\dbded102\vso\tfs\service\webaccess\agile\testscripts\tests\tfstests.agile.productbacklog.ts" id="c91812b3-5ddc-4bb0-ab0f-98b1c52bfbad">
      <Execution id="48ad421b-9155-49b4-9873-252badb299fa" />
      <TestMethod codeBase="d:\v2.0\a1\_work\dbded102\vso\tfs\service\webaccess\agile\testscripts\tests\tfstests.agile.productbacklog.ts" adapterTypeName="Microsoft.VisualStudio.TestTools.TestTypes.Unit.UnitTestAdapter" className="d:\v2.0\a1\_work\dbded102\vso\tfs\service\webaccess\agile\testscripts\tests\tfstests.agile.productbacklog.ts::tfstests.agile" name="TFSTests.Agile.ProductBacklog ProductBacklogGrid_handleMoveWorkItems_ReparentSubTree" />
    </UnitTest>
    <UnitTest name="TFSTests.Agile.ProductBacklog ProductBacklogGrid_performActionWithPreserveSelection" storage="d:\v2.0\a1\_work\dbded102\vso\tfs\service\webaccess\agile\testscripts\tests\tfstests.agile.productbacklog.ts" id="4fe4ea2b-b5b3-4e8a-9aca-87924e0c3c18">
      <Execution id="5f46f9d5-d924-4b49-93a3-79d799e34460" />
      <TestMethod codeBase="d:\v2.0\a1\_work\dbded102\vso\tfs\service\webaccess\agile\testscripts\tests\tfstests.agile.productbacklog.ts" adapterTypeName="Microsoft.VisualStudio.TestTools.TestTypes.Unit.UnitTestAdapter" className="d:\v2.0\a1\_work\dbded102\vso\tfs\service\webaccess\agile\testscripts\tests\tfstests.agile.productbacklog.ts::tfstests.agile" name="TFSTests.Agile.ProductBacklog ProductBacklogGrid_performActionWithPreserveSelection" />
    </UnitTest>
    <UnitTest name="TFSTests.Agile.ProductBacklog ProductBacklogGrid_DragDropReorderMultiselect" storage="d:\v2.0\a1\_work\dbded102\vso\tfs\service\webaccess\agile\testscripts\tests\tfstests.agile.productbacklog.ts" id="cf04e93e-527e-44b3-914c-ee042b20e2f4">
      <Execution id="a2dd62d6-c319-4a26-9a8f-951d78fe1bab" />
      <TestMethod codeBase="d:\v2.0\a1\_work\dbded102\vso\tfs\service\webaccess\agile\testscripts\tests\tfstests.agile.productbacklog.ts" adapterTypeName="Microsoft.VisualStudio.TestTools.TestTypes.Unit.UnitTestAdapter" className="d:\v2.0\a1\_work\dbded102\vso\tfs\service\webaccess\agile\testscripts\tests\tfstests.agile.productbacklog.ts::tfstests.agile" name="TFSTests.Agile.ProductBacklog ProductBacklogGrid_DragDropReorderMultiselect" />
    </UnitTest>
    <UnitTest name="TFSTests.Agile.ProductBacklog ProductBacklogGrid_TestKeyboardAndMouseReorderHelpers" storage="d:\v2.0\a1\_work\dbded102\vso\tfs\service\webaccess\agile\testscripts\tests\tfstests.agile.productbacklog.ts" id="b1878aba-7f55-4b85-a34a-a85117275523">
      <Execution id="961322b4-9652-4156-ae23-e1b289a254d7" />
      <TestMethod codeBase="d:\v2.0\a1\_work\dbded102\vso\tfs\service\webaccess\agile\testscripts\tests\tfstests.agile.productbacklog.ts" adapterTypeName="Microsoft.VisualStudio.TestTools.TestTypes.Unit.UnitTestAdapter" className="d:\v2.0\a1\_work\dbded102\vso\tfs\service\webaccess\agile\testscripts\tests\tfstests.agile.productbacklog.ts::tfstests.agile" name="TFSTests.Agile.ProductBacklog ProductBacklogGrid_TestKeyboardAndMouseReorderHelpers" />
    </UnitTest>
    <UnitTest name="TFSTests.Agile.ProductBacklog Test_ProductBacklogGrid_mousedown_dragdrop_multiselect" storage="d:\v2.0\a1\_work\dbded102\vso\tfs\service\webaccess\agile\testscripts\tests\tfstests.agile.productbacklog.ts" id="7d5f52f1-141e-4a18-bade-88ed679620d3">
      <Execution id="c1fc881b-a623-470e-8438-b385cd84098f" />
      <TestMethod codeBase="d:\v2.0\a1\_work\dbded102\vso\tfs\service\webaccess\agile\testscripts\tests\tfstests.agile.productbacklog.ts" adapterTypeName="Microsoft.VisualStudio.TestTools.TestTypes.Unit.UnitTestAdapter" className="d:\v2.0\a1\_work\dbded102\vso\tfs\service\webaccess\agile\testscripts\tests\tfstests.agile.productbacklog.ts::tfstests.agile" name="TFSTests.Agile.ProductBacklog Test_ProductBacklogGrid_mousedown_dragdrop_multiselect" />
    </UnitTest>
    <UnitTest name="TFSTests.Agile.ProductBacklog ProductBacklogGrid_getSelectedWorkItemTypes" storage="d:\v2.0\a1\_work\dbded102\vso\tfs\service\webaccess\agile\testscripts\tests\tfstests.agile.productbacklog.ts" id="031cefa6-2fab-4234-b5ed-098c772523c0">
      <Execution id="bea32339-cb65-401e-a816-b4f7956fed25" />
      <TestMethod codeBase="d:\v2.0\a1\_work\dbded102\vso\tfs\service\webaccess\agile\testscripts\tests\tfstests.agile.productbacklog.ts" adapterTypeName="Microsoft.VisualStudio.TestTools.TestTypes.Unit.UnitTestAdapter" className="d:\v2.0\a1\_work\dbded102\vso\tfs\service\webaccess\agile\testscripts\tests\tfstests.agile.productbacklog.ts::tfstests.agile" name="TFSTests.Agile.ProductBacklog ProductBacklogGrid_getSelectedWorkItemTypes" />
    </UnitTest>
    <UnitTest name="TFSTests.Agile.ProductBacklog ProductBacklogGrid_getInsertDataIndex" storage="d:\v2.0\a1\_work\dbded102\vso\tfs\service\webaccess\agile\testscripts\tests\tfstests.agile.productbacklog.ts" id="18d4b665-caea-4e3c-886d-2bb06bc5ff6b">
      <Execution id="df9e29b6-ae0c-45ac-b32f-5eb00027e46f" />
      <TestMethod codeBase="d:\v2.0\a1\_work\dbded102\vso\tfs\service\webaccess\agile\testscripts\tests\tfstests.agile.productbacklog.ts" adapterTypeName="Microsoft.VisualStudio.TestTools.TestTypes.Unit.UnitTestAdapter" className="d:\v2.0\a1\_work\dbded102\vso\tfs\service\webaccess\agile\testscripts\tests\tfstests.agile.productbacklog.ts::tfstests.agile" name="TFSTests.Agile.ProductBacklog ProductBacklogGrid_getInsertDataIndex" />
    </UnitTest>
    <UnitTest name="TFSTests.Agile.ProductBacklog ProductBacklogGrid_draggableHelper" storage="d:\v2.0\a1\_work\dbded102\vso\tfs\service\webaccess\agile\testscripts\tests\tfstests.agile.productbacklog.ts" id="71933014-b1b4-4280-80db-6fde4c4454f9">
      <Execution id="480cae96-aaf8-4a60-afb1-d691d52f7a28" />
      <TestMethod codeBase="d:\v2.0\a1\_work\dbded102\vso\tfs\service\webaccess\agile\testscripts\tests\tfstests.agile.productbacklog.ts" adapterTypeName="Microsoft.VisualStudio.TestTools.TestTypes.Unit.UnitTestAdapter" className="d:\v2.0\a1\_work\dbded102\vso\tfs\service\webaccess\agile\testscripts\tests\tfstests.agile.productbacklog.ts::tfstests.agile" name="TFSTests.Agile.ProductBacklog ProductBacklogGrid_draggableHelper" />
    </UnitTest>
    <UnitTest name="TFSTests.Agile.ProductBacklog ProductBacklog_buildToolbarItems_generatesCorrectItems" storage="d:\v2.0\a1\_work\dbded102\vso\tfs\service\webaccess\agile\testscripts\tests\tfstests.agile.productbacklog.ts" id="b88f14ff-d2e3-4bf3-a5d2-2e70077ea894">
      <Execution id="ab2900f5-dbe3-4b9d-abf1-3509131aeb88" />
      <TestMethod codeBase="d:\v2.0\a1\_work\dbded102\vso\tfs\service\webaccess\agile\testscripts\tests\tfstests.agile.productbacklog.ts" adapterTypeName="Microsoft.VisualStudio.TestTools.TestTypes.Unit.UnitTestAdapter" className="d:\v2.0\a1\_work\dbded102\vso\tfs\service\webaccess\agile\testscripts\tests\tfstests.agile.productbacklog.ts::tfstests.agile" name="TFSTests.Agile.ProductBacklog ProductBacklog_buildToolbarItems_generatesCorrectItems" />
    </UnitTest>
    <UnitTest name="TFSTests.Agile.ProductBacklog UpdatePayloadColumns_CorrectlyAdjustsPayload" storage="d:\v2.0\a1\_work\dbded102\vso\tfs\service\webaccess\agile\testscripts\tests\tfstests.agile.productbacklog.ts" id="5b3c3832-8ec7-44db-ad25-270e88587246">
      <Execution id="a2993832-eb74-496d-bebe-f3dd6e348842" />
      <TestMethod codeBase="d:\v2.0\a1\_work\dbded102\vso\tfs\service\webaccess\agile\testscripts\tests\tfstests.agile.productbacklog.ts" adapterTypeName="Microsoft.VisualStudio.TestTools.TestTypes.Unit.UnitTestAdapter" className="d:\v2.0\a1\_work\dbded102\vso\tfs\service\webaccess\agile\testscripts\tests\tfstests.agile.productbacklog.ts::tfstests.agile" name="TFSTests.Agile.ProductBacklog UpdatePayloadColumns_CorrectlyAdjustsPayload" />
    </UnitTest>
    <UnitTest name="TFSTests.Agile.ProductBacklog UpdatePayloadColumns_SafelyHandlesInvalidPayload" storage="d:\v2.0\a1\_work\dbded102\vso\tfs\service\webaccess\agile\testscripts\tests\tfstests.agile.productbacklog.ts" id="787d7797-48bc-4381-ae73-85b519012bf0">
      <Execution id="18807b71-e773-4caa-aeea-7cef9494fed7" />
      <TestMethod codeBase="d:\v2.0\a1\_work\dbded102\vso\tfs\service\webaccess\agile\testscripts\tests\tfstests.agile.productbacklog.ts" adapterTypeName="Microsoft.VisualStudio.TestTools.TestTypes.Unit.UnitTestAdapter" className="d:\v2.0\a1\_work\dbded102\vso\tfs\service\webaccess\agile\testscripts\tests\tfstests.agile.productbacklog.ts::tfstests.agile" name="TFSTests.Agile.ProductBacklog UpdatePayloadColumns_SafelyHandlesInvalidPayload" />
    </UnitTest>
    <UnitTest name="TFSTests.Agile.ProductBacklog TestPreserveAndRestoreWorkItemIdsSelection" storage="d:\v2.0\a1\_work\dbded102\vso\tfs\service\webaccess\agile\testscripts\tests\tfstests.agile.productbacklog.ts" id="3a9cb83c-4ff4-40d0-9c78-756ac886db72">
      <Execution id="c249303c-a8cf-41d9-a7cc-a9f0b79fa116" />
      <TestMethod codeBase="d:\v2.0\a1\_work\dbded102\vso\tfs\service\webaccess\agile\testscripts\tests\tfstests.agile.productbacklog.ts" adapterTypeName="Microsoft.VisualStudio.TestTools.TestTypes.Unit.UnitTestAdapter" className="d:\v2.0\a1\_work\dbded102\vso\tfs\service\webaccess\agile\testscripts\tests\tfstests.agile.productbacklog.ts::tfstests.agile" name="TFSTests.Agile.ProductBacklog TestPreserveAndRestoreWorkItemIdsSelection" />
    </UnitTest>
    <UnitTest name="TFSTests.Agile.ProductBacklog TestSetSelectedWorkItemIds" storage="d:\v2.0\a1\_work\dbded102\vso\tfs\service\webaccess\agile\testscripts\tests\tfstests.agile.productbacklog.ts" id="1b37f1cc-50f5-4d20-a4e0-d8e6c0e39551">
      <Execution id="4521b238-e25b-4a94-b1cd-2f0493714cd5" />
      <TestMethod codeBase="d:\v2.0\a1\_work\dbded102\vso\tfs\service\webaccess\agile\testscripts\tests\tfstests.agile.productbacklog.ts" adapterTypeName="Microsoft.VisualStudio.TestTools.TestTypes.Unit.UnitTestAdapter" className="d:\v2.0\a1\_work\dbded102\vso\tfs\service\webaccess\agile\testscripts\tests\tfstests.agile.productbacklog.ts::tfstests.agile" name="TFSTests.Agile.ProductBacklog TestSetSelectedWorkItemIds" />
    </UnitTest>
    <UnitTest name="TFSTests.Agile.ProductBacklog TestSetSelectedWorkItemIdsThroughFilter" storage="d:\v2.0\a1\_work\dbded102\vso\tfs\service\webaccess\agile\testscripts\tests\tfstests.agile.productbacklog.ts" id="06876654-96e5-4ead-9b9d-d82e2bbf3147">
      <Execution id="d78b6e7f-bb2c-42af-b29d-607c6d0bc093" />
      <TestMethod codeBase="d:\v2.0\a1\_work\dbded102\vso\tfs\service\webaccess\agile\testscripts\tests\tfstests.agile.productbacklog.ts" adapterTypeName="Microsoft.VisualStudio.TestTools.TestTypes.Unit.UnitTestAdapter" className="d:\v2.0\a1\_work\dbded102\vso\tfs\service\webaccess\agile\testscripts\tests\tfstests.agile.productbacklog.ts::tfstests.agile" name="TFSTests.Agile.ProductBacklog TestSetSelectedWorkItemIdsThroughFilter" />
    </UnitTest>
    <UnitTest name="TFSTests.Agile.ProductBacklog TestSetSelectedWorkItemIdsExpand" storage="d:\v2.0\a1\_work\dbded102\vso\tfs\service\webaccess\agile\testscripts\tests\tfstests.agile.productbacklog.ts" id="80a2f38b-ac5e-4174-9e63-d9377628b24e">
      <Execution id="59e9c7aa-f68f-431a-81a6-0ce2a5ea70ce" />
      <TestMethod codeBase="d:\v2.0\a1\_work\dbded102\vso\tfs\service\webaccess\agile\testscripts\tests\tfstests.agile.productbacklog.ts" adapterTypeName="Microsoft.VisualStudio.TestTools.TestTypes.Unit.UnitTestAdapter" className="d:\v2.0\a1\_work\dbded102\vso\tfs\service\webaccess\agile\testscripts\tests\tfstests.agile.productbacklog.ts::tfstests.agile" name="TFSTests.Agile.ProductBacklog TestSetSelectedWorkItemIdsExpand" />
    </UnitTest>
    <UnitTest name="TFSTests.Agile.ProductBacklog TestExpandStatesWhenShowParentsOff" storage="d:\v2.0\a1\_work\dbded102\vso\tfs\service\webaccess\agile\testscripts\tests\tfstests.agile.productbacklog.ts" id="b3b06238-b766-4d17-ae70-dba6f3a9b119">
      <Execution id="53309407-e34c-4ee3-8fc7-a992005e421d" />
      <TestMethod codeBase="d:\v2.0\a1\_work\dbded102\vso\tfs\service\webaccess\agile\testscripts\tests\tfstests.agile.productbacklog.ts" adapterTypeName="Microsoft.VisualStudio.TestTools.TestTypes.Unit.UnitTestAdapter" className="d:\v2.0\a1\_work\dbded102\vso\tfs\service\webaccess\agile\testscripts\tests\tfstests.agile.productbacklog.ts::tfstests.agile" name="TFSTests.Agile.ProductBacklog TestExpandStatesWhenShowParentsOff" />
    </UnitTest>
    <UnitTest name="TFSTests.Agile.ProductBacklog TestExpandStatesWhenShowParentsOn" storage="d:\v2.0\a1\_work\dbded102\vso\tfs\service\webaccess\agile\testscripts\tests\tfstests.agile.productbacklog.ts" id="7bd7bfb8-2c17-4417-aff7-5a964201ed4f">
      <Execution id="f03b1055-8e91-486e-adee-022e4848c7bf" />
      <TestMethod codeBase="d:\v2.0\a1\_work\dbded102\vso\tfs\service\webaccess\agile\testscripts\tests\tfstests.agile.productbacklog.ts" adapterTypeName="Microsoft.VisualStudio.TestTools.TestTypes.Unit.UnitTestAdapter" className="d:\v2.0\a1\_work\dbded102\vso\tfs\service\webaccess\agile\testscripts\tests\tfstests.agile.productbacklog.ts::tfstests.agile" name="TFSTests.Agile.ProductBacklog TestExpandStatesWhenShowParentsOn" />
    </UnitTest>
    <UnitTest name="TFSTests.Agile.ProductBacklog TestWorkItemOwnerShipInNewBacklogNavigation" storage="d:\v2.0\a1\_work\dbded102\vso\tfs\service\webaccess\agile\testscripts\tests\tfstests.agile.productbacklog.ts" id="c5f77005-d3c5-4496-a468-d5162e887fb8">
      <Execution id="fed92018-da55-47fc-a0a8-e5c26037d0de" />
      <TestMethod codeBase="d:\v2.0\a1\_work\dbded102\vso\tfs\service\webaccess\agile\testscripts\tests\tfstests.agile.productbacklog.ts" adapterTypeName="Microsoft.VisualStudio.TestTools.TestTypes.Unit.UnitTestAdapter" className="d:\v2.0\a1\_work\dbded102\vso\tfs\service\webaccess\agile\testscripts\tests\tfstests.agile.productbacklog.ts::tfstests.agile" name="TFSTests.Agile.ProductBacklog TestWorkItemOwnerShipInNewBacklogNavigation" />
    </UnitTest>
    <UnitTest name="TFSTests.Agile.ProductBacklog AddWorkItemToFlatGrid" storage="d:\v2.0\a1\_work\dbded102\vso\tfs\service\webaccess\agile\testscripts\tests\tfstests.agile.productbacklog.ts" id="8091ba3f-d790-4279-a6ac-f65baf678cd4">
      <Execution id="d149954e-f2d2-4da4-b90a-f1d4246c1798" />
      <TestMethod codeBase="d:\v2.0\a1\_work\dbded102\vso\tfs\service\webaccess\agile\testscripts\tests\tfstests.agile.productbacklog.ts" adapterTypeName="Microsoft.VisualStudio.TestTools.TestTypes.Unit.UnitTestAdapter" className="d:\v2.0\a1\_work\dbded102\vso\tfs\service\webaccess\agile\testscripts\tests\tfstests.agile.productbacklog.ts::tfstests.agile" name="TFSTests.Agile.ProductBacklog AddWorkItemToFlatGrid" />
    </UnitTest>
    <UnitTest name="TFSTests.Agile.ProductBacklog GridMoveWorkItem_FlatListTopAndBottom" storage="d:\v2.0\a1\_work\dbded102\vso\tfs\service\webaccess\agile\testscripts\tests\tfstests.agile.productbacklog.ts" id="1382259e-a195-47e6-aafb-cd15799bfb61">
      <Execution id="15ae7088-e0b0-483b-aacb-eb3ccfb7d1d5" />
      <TestMethod codeBase="d:\v2.0\a1\_work\dbded102\vso\tfs\service\webaccess\agile\testscripts\tests\tfstests.agile.productbacklog.ts" adapterTypeName="Microsoft.VisualStudio.TestTools.TestTypes.Unit.UnitTestAdapter" className="d:\v2.0\a1\_work\dbded102\vso\tfs\service\webaccess\agile\testscripts\tests\tfstests.agile.productbacklog.ts::tfstests.agile" name="TFSTests.Agile.ProductBacklog GridMoveWorkItem_FlatListTopAndBottom" />
    </UnitTest>
    <UnitTest name="TFSTests.Agile.ProductBacklog GridMoveWorkItem_ShowParents_ParentIsNotExpanded" storage="d:\v2.0\a1\_work\dbded102\vso\tfs\service\webaccess\agile\testscripts\tests\tfstests.agile.productbacklog.ts" id="70fe66b7-e0ae-43fa-a385-6a8153ee98ae">
      <Execution id="a5596366-bb4e-4d1b-8090-ee090d7f41fc" />
      <TestMethod codeBase="d:\v2.0\a1\_work\dbded102\vso\tfs\service\webaccess\agile\testscripts\tests\tfstests.agile.productbacklog.ts" adapterTypeName="Microsoft.VisualStudio.TestTools.TestTypes.Unit.UnitTestAdapter" className="d:\v2.0\a1\_work\dbded102\vso\tfs\service\webaccess\agile\testscripts\tests\tfstests.agile.productbacklog.ts::tfstests.agile" name="TFSTests.Agile.ProductBacklog GridMoveWorkItem_ShowParents_ParentIsNotExpanded" />
    </UnitTest>
    <UnitTest name="TFSTests.Agile.ProductBacklog TreeFunctions" storage="d:\v2.0\a1\_work\dbded102\vso\tfs\service\webaccess\agile\testscripts\tests\tfstests.agile.productbacklog.ts" id="241735d2-c0fe-4d39-a89f-24cfa957e2da">
      <Execution id="062eee54-db21-4630-ac20-304bbe378b93" />
      <TestMethod codeBase="d:\v2.0\a1\_work\dbded102\vso\tfs\service\webaccess\agile\testscripts\tests\tfstests.agile.productbacklog.ts" adapterTypeName="Microsoft.VisualStudio.TestTools.TestTypes.Unit.UnitTestAdapter" className="d:\v2.0\a1\_work\dbded102\vso\tfs\service\webaccess\agile\testscripts\tests\tfstests.agile.productbacklog.ts::tfstests.agile" name="TFSTests.Agile.ProductBacklog TreeFunctions" />
    </UnitTest>
    <UnitTest name="TFSTests.Agile.ProductBacklog getVisibleDescendantCount" storage="d:\v2.0\a1\_work\dbded102\vso\tfs\service\webaccess\agile\testscripts\tests\tfstests.agile.productbacklog.ts" id="a6b37dc4-037a-4867-9053-b4ca9f2c8b43">
      <Execution id="d90add51-fb30-43f6-b019-56a67e4bb5ce" />
      <TestMethod codeBase="d:\v2.0\a1\_work\dbded102\vso\tfs\service\webaccess\agile\testscripts\tests\tfstests.agile.productbacklog.ts" adapterTypeName="Microsoft.VisualStudio.TestTools.TestTypes.Unit.UnitTestAdapter" className="d:\v2.0\a1\_work\dbded102\vso\tfs\service\webaccess\agile\testscripts\tests\tfstests.agile.productbacklog.ts::tfstests.agile" name="TFSTests.Agile.ProductBacklog getVisibleDescendantCount" />
    </UnitTest>
    <UnitTest name="TFSTests.Agile.ProductBacklog getVisibleDescendantCount_IntermediateLevelCollapsed" storage="d:\v2.0\a1\_work\dbded102\vso\tfs\service\webaccess\agile\testscripts\tests\tfstests.agile.productbacklog.ts" id="e7193c50-a57e-44c1-b078-dfd398d548b7">
      <Execution id="058c5147-5198-45d7-9b64-0820682d3bda" />
      <TestMethod codeBase="d:\v2.0\a1\_work\dbded102\vso\tfs\service\webaccess\agile\testscripts\tests\tfstests.agile.productbacklog.ts" adapterTypeName="Microsoft.VisualStudio.TestTools.TestTypes.Unit.UnitTestAdapter" className="d:\v2.0\a1\_work\dbded102\vso\tfs\service\webaccess\agile\testscripts\tests\tfstests.agile.productbacklog.ts::tfstests.agile" name="TFSTests.Agile.ProductBacklog getVisibleDescendantCount_IntermediateLevelCollapsed" />
    </UnitTest>
    <UnitTest name="TFSTests.Agile.ProductBacklog DragStartRaisesDragEventOnlyWhenNotSaving" storage="d:\v2.0\a1\_work\dbded102\vso\tfs\service\webaccess\agile\testscripts\tests\tfstests.agile.productbacklog.ts" id="99e092cd-6f7e-4d09-ae86-94341b7a478c">
      <Execution id="a49edfd9-5fed-4932-8990-0ebbaacfc16d" />
      <TestMethod codeBase="d:\v2.0\a1\_work\dbded102\vso\tfs\service\webaccess\agile\testscripts\tests\tfstests.agile.productbacklog.ts" adapterTypeName="Microsoft.VisualStudio.TestTools.TestTypes.Unit.UnitTestAdapter" className="d:\v2.0\a1\_work\dbded102\vso\tfs\service\webaccess\agile\testscripts\tests\tfstests.agile.productbacklog.ts::tfstests.agile" name="TFSTests.Agile.ProductBacklog DragStartRaisesDragEventOnlyWhenNotSaving" />
    </UnitTest>
    <UnitTest name="TFSTests.Agile.ProductBacklog DragDropRequirementsInIterationBacklog" storage="d:\v2.0\a1\_work\dbded102\vso\tfs\service\webaccess\agile\testscripts\tests\tfstests.agile.productbacklog.ts" id="65e23479-3b32-4506-a637-5b86beafaaa5">
      <Execution id="eb5bef7c-e637-4a73-b320-5f3d6e0101b5" />
      <TestMethod codeBase="d:\v2.0\a1\_work\dbded102\vso\tfs\service\webaccess\agile\testscripts\tests\tfstests.agile.productbacklog.ts" adapterTypeName="Microsoft.VisualStudio.TestTools.TestTypes.Unit.UnitTestAdapter" className="d:\v2.0\a1\_work\dbded102\vso\tfs\service\webaccess\agile\testscripts\tests\tfstests.agile.productbacklog.ts::tfstests.agile" name="TFSTests.Agile.ProductBacklog DragDropRequirementsInIterationBacklog" />
    </UnitTest>
    <UnitTest name="TFSTests.Agile.ProductBacklog DragDropOrphanTasksInIterationBacklog" storage="d:\v2.0\a1\_work\dbded102\vso\tfs\service\webaccess\agile\testscripts\tests\tfstests.agile.productbacklog.ts" id="dd9b973a-5f78-4530-850e-be002ccd4fb9">
      <Execution id="804e9787-09c9-4d67-8e55-a9bd8aa05778" />
      <TestMethod codeBase="d:\v2.0\a1\_work\dbded102\vso\tfs\service\webaccess\agile\testscripts\tests\tfstests.agile.productbacklog.ts" adapterTypeName="Microsoft.VisualStudio.TestTools.TestTypes.Unit.UnitTestAdapter" className="d:\v2.0\a1\_work\dbded102\vso\tfs\service\webaccess\agile\testscripts\tests\tfstests.agile.productbacklog.ts::tfstests.agile" name="TFSTests.Agile.ProductBacklog DragDropOrphanTasksInIterationBacklog" />
    </UnitTest>
    <UnitTest name="TFSTests.Agile.ProductBacklog ForecastEven" storage="d:\v2.0\a1\_work\dbded102\vso\tfs\service\webaccess\agile\testscripts\tests\tfstests.agile.productbacklog.ts" id="f50890cd-5d2b-4d94-8fbe-a0c0e70718f9">
      <Execution id="8c99c21e-46d5-4525-a106-21a35caf1663" />
      <TestMethod codeBase="d:\v2.0\a1\_work\dbded102\vso\tfs\service\webaccess\agile\testscripts\tests\tfstests.agile.productbacklog.ts" adapterTypeName="Microsoft.VisualStudio.TestTools.TestTypes.Unit.UnitTestAdapter" className="d:\v2.0\a1\_work\dbded102\vso\tfs\service\webaccess\agile\testscripts\tests\tfstests.agile.productbacklog.ts::tfstests.agile" name="TFSTests.Agile.ProductBacklog ForecastEven" />
    </UnitTest>
    <UnitTest name="TFSTests.Agile.ProductBacklog ForecastLow" storage="d:\v2.0\a1\_work\dbded102\vso\tfs\service\webaccess\agile\testscripts\tests\tfstests.agile.productbacklog.ts" id="501e1749-06c7-495e-959a-fd02609cce58">
      <Execution id="90f41387-d993-4692-aa8f-37a5195b29e8" />
      <TestMethod codeBase="d:\v2.0\a1\_work\dbded102\vso\tfs\service\webaccess\agile\testscripts\tests\tfstests.agile.productbacklog.ts" adapterTypeName="Microsoft.VisualStudio.TestTools.TestTypes.Unit.UnitTestAdapter" className="d:\v2.0\a1\_work\dbded102\vso\tfs\service\webaccess\agile\testscripts\tests\tfstests.agile.productbacklog.ts::tfstests.agile" name="TFSTests.Agile.ProductBacklog ForecastLow" />
    </UnitTest>
    <UnitTest name="TFSTests.Agile.ProductBacklog ForecastHigh" storage="d:\v2.0\a1\_work\dbded102\vso\tfs\service\webaccess\agile\testscripts\tests\tfstests.agile.productbacklog.ts" id="9c3bde74-2e40-40aa-a42b-e4b490463d70">
      <Execution id="400e1270-cbc2-4eb4-875f-c27ea203da6b" />
      <TestMethod codeBase="d:\v2.0\a1\_work\dbded102\vso\tfs\service\webaccess\agile\testscripts\tests\tfstests.agile.productbacklog.ts" adapterTypeName="Microsoft.VisualStudio.TestTools.TestTypes.Unit.UnitTestAdapter" className="d:\v2.0\a1\_work\dbded102\vso\tfs\service\webaccess\agile\testscripts\tests\tfstests.agile.productbacklog.ts::tfstests.agile" name="TFSTests.Agile.ProductBacklog ForecastHigh" />
    </UnitTest>
    <UnitTest name="TFSTests.Agile.ProductBacklog ForecastZeroEffortUserStories" storage="d:\v2.0\a1\_work\dbded102\vso\tfs\service\webaccess\agile\testscripts\tests\tfstests.agile.productbacklog.ts" id="864682b6-bead-44c9-b7e8-b8b081bc4c0b">
      <Execution id="343f7355-4dd1-4d9c-a34f-c3591c073c8a" />
      <TestMethod codeBase="d:\v2.0\a1\_work\dbded102\vso\tfs\service\webaccess\agile\testscripts\tests\tfstests.agile.productbacklog.ts" adapterTypeName="Microsoft.VisualStudio.TestTools.TestTypes.Unit.UnitTestAdapter" className="d:\v2.0\a1\_work\dbded102\vso\tfs\service\webaccess\agile\testscripts\tests\tfstests.agile.productbacklog.ts::tfstests.agile" name="TFSTests.Agile.ProductBacklog ForecastZeroEffortUserStories" />
    </UnitTest>
    <UnitTest name="TFSTests.Agile.ProductBacklog ForecastNoSprintsError" storage="d:\v2.0\a1\_work\dbded102\vso\tfs\service\webaccess\agile\testscripts\tests\tfstests.agile.productbacklog.ts" id="59e9fd61-96f2-46b1-b4ce-4c5e80454f13">
      <Execution id="59e40eda-7bce-41f9-9ece-b436b22ec69a" />
      <TestMethod codeBase="d:\v2.0\a1\_work\dbded102\vso\tfs\service\webaccess\agile\testscripts\tests\tfstests.agile.productbacklog.ts" adapterTypeName="Microsoft.VisualStudio.TestTools.TestTypes.Unit.UnitTestAdapter" className="d:\v2.0\a1\_work\dbded102\vso\tfs\service\webaccess\agile\testscripts\tests\tfstests.agile.productbacklog.ts::tfstests.agile" name="TFSTests.Agile.ProductBacklog ForecastNoSprintsError" />
    </UnitTest>
    <UnitTest name="TFSTests.Agile.ProductBacklog ForecastNoBacklogError" storage="d:\v2.0\a1\_work\dbded102\vso\tfs\service\webaccess\agile\testscripts\tests\tfstests.agile.productbacklog.ts" id="8d65df8e-3c9e-469b-afc6-473f71ff28b8">
      <Execution id="c3c70076-a364-4f22-9c9c-0e9a34fe5c1a" />
      <TestMethod codeBase="d:\v2.0\a1\_work\dbded102\vso\tfs\service\webaccess\agile\testscripts\tests\tfstests.agile.productbacklog.ts" adapterTypeName="Microsoft.VisualStudio.TestTools.TestTypes.Unit.UnitTestAdapter" className="d:\v2.0\a1\_work\dbded102\vso\tfs\service\webaccess\agile\testscripts\tests\tfstests.agile.productbacklog.ts::tfstests.agile" name="TFSTests.Agile.ProductBacklog ForecastNoBacklogError" />
    </UnitTest>
    <UnitTest name="TFSTests.Agile.ProductBacklog ForecastSetEnabledRaisesEvent" storage="d:\v2.0\a1\_work\dbded102\vso\tfs\service\webaccess\agile\testscripts\tests\tfstests.agile.productbacklog.ts" id="51ad834b-41bf-4158-b0f9-79f8aac74245">
      <Execution id="35ed2f3a-26d0-4190-8254-ad5b29670103" />
      <TestMethod codeBase="d:\v2.0\a1\_work\dbded102\vso\tfs\service\webaccess\agile\testscripts\tests\tfstests.agile.productbacklog.ts" adapterTypeName="Microsoft.VisualStudio.TestTools.TestTypes.Unit.UnitTestAdapter" className="d:\v2.0\a1\_work\dbded102\vso\tfs\service\webaccess\agile\testscripts\tests\tfstests.agile.productbacklog.ts::tfstests.agile" name="TFSTests.Agile.ProductBacklog ForecastSetEnabledRaisesEvent" />
    </UnitTest>
    <UnitTest name="TFSTests.Agile.ProductBacklog ForecastUpateLinesNotRaisedWhenDisabled" storage="d:\v2.0\a1\_work\dbded102\vso\tfs\service\webaccess\agile\testscripts\tests\tfstests.agile.productbacklog.ts" id="73a9d7c8-29f1-4dc3-93e5-0191b690f9d2">
      <Execution id="d41cdfb8-d1d7-4efe-87b4-1783e86870a0" />
      <TestMethod codeBase="d:\v2.0\a1\_work\dbded102\vso\tfs\service\webaccess\agile\testscripts\tests\tfstests.agile.productbacklog.ts" adapterTypeName="Microsoft.VisualStudio.TestTools.TestTypes.Unit.UnitTestAdapter" className="d:\v2.0\a1\_work\dbded102\vso\tfs\service\webaccess\agile\testscripts\tests\tfstests.agile.productbacklog.ts::tfstests.agile" name="TFSTests.Agile.ProductBacklog ForecastUpateLinesNotRaisedWhenDisabled" />
    </UnitTest>
    <UnitTest name="TFSTests.Agile.ProductBacklog Forecast_StoriesWithTasksAreIncludedWhenUpdatingSprintLines" storage="d:\v2.0\a1\_work\dbded102\vso\tfs\service\webaccess\agile\testscripts\tests\tfstests.agile.productbacklog.ts" id="3c82ed30-cfe4-464b-9aec-ffb9d86513b9">
      <Execution id="50e083e2-1ca3-4e96-a2c2-34a1cd7d41c5" />
      <TestMethod codeBase="d:\v2.0\a1\_work\dbded102\vso\tfs\service\webaccess\agile\testscripts\tests\tfstests.agile.productbacklog.ts" adapterTypeName="Microsoft.VisualStudio.TestTools.TestTypes.Unit.UnitTestAdapter" className="d:\v2.0\a1\_work\dbded102\vso\tfs\service\webaccess\agile\testscripts\tests\tfstests.agile.productbacklog.ts::tfstests.agile" name="TFSTests.Agile.ProductBacklog Forecast_StoriesWithTasksAreIncludedWhenUpdatingSprintLines" />
    </UnitTest>
    <UnitTest name="TFSTests.Agile.ProductBacklog Forecast_ParentStoriesAreExcludedWhenUpdatingSprintLines" storage="d:\v2.0\a1\_work\dbded102\vso\tfs\service\webaccess\agile\testscripts\tests\tfstests.agile.productbacklog.ts" id="1b11a32c-27ca-44ca-ae4b-993da2f3a4a6">
      <Execution id="038566fb-364b-4091-994c-607070d192ab" />
      <TestMethod codeBase="d:\v2.0\a1\_work\dbded102\vso\tfs\service\webaccess\agile\testscripts\tests\tfstests.agile.productbacklog.ts" adapterTypeName="Microsoft.VisualStudio.TestTools.TestTypes.Unit.UnitTestAdapter" className="d:\v2.0\a1\_work\dbded102\vso\tfs\service\webaccess\agile\testscripts\tests\tfstests.agile.productbacklog.ts::tfstests.agile" name="TFSTests.Agile.ProductBacklog Forecast_ParentStoriesAreExcludedWhenUpdatingSprintLines" />
    </UnitTest>
    <UnitTest name="TFSTests.Agile.ProductBacklog BacklogViewControl_AssertThatBacklogNodesAreConstructed" storage="d:\v2.0\a1\_work\dbded102\vso\tfs\service\webaccess\agile\testscripts\tests\tfstests.agile.productbacklog.ts" id="7dcb32f0-381f-4837-9a6e-8f03a9dcc27e">
      <Execution id="ddc0f38f-032c-409e-9708-4059cfc84671" />
      <TestMethod codeBase="d:\v2.0\a1\_work\dbded102\vso\tfs\service\webaccess\agile\testscripts\tests\tfstests.agile.productbacklog.ts" adapterTypeName="Microsoft.VisualStudio.TestTools.TestTypes.Unit.UnitTestAdapter" className="d:\v2.0\a1\_work\dbded102\vso\tfs\service\webaccess\agile\testscripts\tests\tfstests.agile.productbacklog.ts::tfstests.agile" name="TFSTests.Agile.ProductBacklog BacklogViewControl_AssertThatBacklogNodesAreConstructed" />
    </UnitTest>
    <UnitTest name="TFSTests.Agile.ProductBacklog BacklogViewControl_AssertThatCorrectNodesAreFiltered" storage="d:\v2.0\a1\_work\dbded102\vso\tfs\service\webaccess\agile\testscripts\tests\tfstests.agile.productbacklog.ts" id="e4143b34-7c89-42a0-a368-f87f53ba00a3">
      <Execution id="b604b3b1-87a4-49c2-94ca-21899ce7d5ca" />
      <TestMethod codeBase="d:\v2.0\a1\_work\dbded102\vso\tfs\service\webaccess\agile\testscripts\tests\tfstests.agile.productbacklog.ts" adapterTypeName="Microsoft.VisualStudio.TestTools.TestTypes.Unit.UnitTestAdapter" className="d:\v2.0\a1\_work\dbded102\vso\tfs\service\webaccess\agile\testscripts\tests\tfstests.agile.productbacklog.ts::tfstests.agile" name="TFSTests.Agile.ProductBacklog BacklogViewControl_AssertThatCorrectNodesAreFiltered" />
    </UnitTest>
    <UnitTest name="TFSTests.Agile.ProductBacklog BacklogViewControl_AssertThatControlRendersCorrectBacklogNodes" storage="d:\v2.0\a1\_work\dbded102\vso\tfs\service\webaccess\agile\testscripts\tests\tfstests.agile.productbacklog.ts" id="60adb535-3276-4991-a22b-98afe37d4ea5">
      <Execution id="ca63597b-e524-42c6-a355-5650ae443167" />
      <TestMethod codeBase="d:\v2.0\a1\_work\dbded102\vso\tfs\service\webaccess\agile\testscripts\tests\tfstests.agile.productbacklog.ts" adapterTypeName="Microsoft.VisualStudio.TestTools.TestTypes.Unit.UnitTestAdapter" className="d:\v2.0\a1\_work\dbded102\vso\tfs\service\webaccess\agile\testscripts\tests\tfstests.agile.productbacklog.ts::tfstests.agile" name="TFSTests.Agile.ProductBacklog BacklogViewControl_AssertThatControlRendersCorrectBacklogNodes" />
    </UnitTest>
    <UnitTest name="TFSTests.Agile.ProductBacklog Backlog_AddItemBehaviorAddsColumn_WhenOrderColumnNotDisplayed" storage="d:\v2.0\a1\_work\dbded102\vso\tfs\service\webaccess\agile\testscripts\tests\tfstests.agile.productbacklog.ts" id="1981e6e5-4e09-441a-bee6-14fcc9e88955">
      <Execution id="0180f273-1d79-42a1-9364-3e83cba90462" />
      <TestMethod codeBase="d:\v2.0\a1\_work\dbded102\vso\tfs\service\webaccess\agile\testscripts\tests\tfstests.agile.productbacklog.ts" adapterTypeName="Microsoft.VisualStudio.TestTools.TestTypes.Unit.UnitTestAdapter" className="d:\v2.0\a1\_work\dbded102\vso\tfs\service\webaccess\agile\testscripts\tests\tfstests.agile.productbacklog.ts::tfstests.agile" name="TFSTests.Agile.ProductBacklog Backlog_AddItemBehaviorAddsColumn_WhenOrderColumnNotDisplayed" />
    </UnitTest>
    <UnitTest name="TFSTests.Agile.ProductBacklog Backlog_AddItemBehaviorAddsColumn_WontAddColumnIfAlreadyExits" storage="d:\v2.0\a1\_work\dbded102\vso\tfs\service\webaccess\agile\testscripts\tests\tfstests.agile.productbacklog.ts" id="fa062786-2da0-4559-a1cf-d72760619358">
      <Execution id="834ca669-b6b7-462a-9dc9-3a5dd5a2ab63" />
      <TestMethod codeBase="d:\v2.0\a1\_work\dbded102\vso\tfs\service\webaccess\agile\testscripts\tests\tfstests.agile.productbacklog.ts" adapterTypeName="Microsoft.VisualStudio.TestTools.TestTypes.Unit.UnitTestAdapter" className="d:\v2.0\a1\_work\dbded102\vso\tfs\service\webaccess\agile\testscripts\tests\tfstests.agile.productbacklog.ts::tfstests.agile" name="TFSTests.Agile.ProductBacklog Backlog_AddItemBehaviorAddsColumn_WontAddColumnIfAlreadyExits" />
    </UnitTest>
    <UnitTest name="TFSTests.Agile.ProductBacklog Backlog_AddItemBehaviorDoesntAddColumn_WhenOrderColumnIsDisplayed" storage="d:\v2.0\a1\_work\dbded102\vso\tfs\service\webaccess\agile\testscripts\tests\tfstests.agile.productbacklog.ts" id="c223ef64-faf2-4bda-afc2-dcc8c705a4ef">
      <Execution id="e240b3dd-812a-4199-aa94-227d23425828" />
      <TestMethod codeBase="d:\v2.0\a1\_work\dbded102\vso\tfs\service\webaccess\agile\testscripts\tests\tfstests.agile.productbacklog.ts" adapterTypeName="Microsoft.VisualStudio.TestTools.TestTypes.Unit.UnitTestAdapter" className="d:\v2.0\a1\_work\dbded102\vso\tfs\service\webaccess\agile\testscripts\tests\tfstests.agile.productbacklog.ts::tfstests.agile" name="TFSTests.Agile.ProductBacklog Backlog_AddItemBehaviorDoesntAddColumn_WhenOrderColumnIsDisplayed" />
    </UnitTest>
    <UnitTest name="TFSTests.Agile.ProductBacklog Grid_CreateContextMenu" storage="d:\v2.0\a1\_work\dbded102\vso\tfs\service\webaccess\agile\testscripts\tests\tfstests.agile.productbacklog.ts" id="3d7c9585-9e87-45c5-8c7f-1d7659b95ed2">
      <Execution id="41c74dc6-bdcf-4e7e-9b46-156a7a082e18" />
      <TestMethod codeBase="d:\v2.0\a1\_work\dbded102\vso\tfs\service\webaccess\agile\testscripts\tests\tfstests.agile.productbacklog.ts" adapterTypeName="Microsoft.VisualStudio.TestTools.TestTypes.Unit.UnitTestAdapter" className="d:\v2.0\a1\_work\dbded102\vso\tfs\service\webaccess\agile\testscripts\tests\tfstests.agile.productbacklog.ts::tfstests.agile" name="TFSTests.Agile.ProductBacklog Grid_CreateContextMenu" />
    </UnitTest>
    <UnitTest name="TFSTests.Agile.ProductBacklog Backlog_EnsureDropBehaviorIsNotPossible_WhenGridIsFiltered" storage="d:\v2.0\a1\_work\dbded102\vso\tfs\service\webaccess\agile\testscripts\tests\tfstests.agile.productbacklog.ts" id="93b0e06d-e4c8-48a5-a798-025786ed0814">
      <Execution id="100af3f2-30a8-4982-bdad-7030b116f051" />
      <TestMethod codeBase="d:\v2.0\a1\_work\dbded102\vso\tfs\service\webaccess\agile\testscripts\tests\tfstests.agile.productbacklog.ts" adapterTypeName="Microsoft.VisualStudio.TestTools.TestTypes.Unit.UnitTestAdapter" className="d:\v2.0\a1\_work\dbded102\vso\tfs\service\webaccess\agile\testscripts\tests\tfstests.agile.productbacklog.ts::tfstests.agile" name="TFSTests.Agile.ProductBacklog Backlog_EnsureDropBehaviorIsNotPossible_WhenGridIsFiltered" />
    </UnitTest>
    <UnitTest name="TFSTests.Agile.ProductBacklog Backlog_EnsureDropBehaviorIsPossible_WhenGridIsUnFiltered" storage="d:\v2.0\a1\_work\dbded102\vso\tfs\service\webaccess\agile\testscripts\tests\tfstests.agile.productbacklog.ts" id="e7ec4139-a01c-42b5-8afa-f1ab73104909">
      <Execution id="1a9eb964-a11c-4587-abd7-0a33ecfc7a24" />
      <TestMethod codeBase="d:\v2.0\a1\_work\dbded102\vso\tfs\service\webaccess\agile\testscripts\tests\tfstests.agile.productbacklog.ts" adapterTypeName="Microsoft.VisualStudio.TestTools.TestTypes.Unit.UnitTestAdapter" className="d:\v2.0\a1\_work\dbded102\vso\tfs\service\webaccess\agile\testscripts\tests\tfstests.agile.productbacklog.ts::tfstests.agile" name="TFSTests.Agile.ProductBacklog Backlog_EnsureDropBehaviorIsPossible_WhenGridIsUnFiltered" />
    </UnitTest>
    <UnitTest name="TFSTests.Agile.ProductBacklog ProductBacklogItemHierarchyAdapter_Parent" storage="d:\v2.0\a1\_work\dbded102\vso\tfs\service\webaccess\agile\testscripts\tests\tfstests.agile.productbacklog.ts" id="692fdf34-d23a-422a-bac1-bf3bd5b04adf">
      <Execution id="ab413891-3871-4990-859f-ea167cd07493" />
      <TestMethod codeBase="d:\v2.0\a1\_work\dbded102\vso\tfs\service\webaccess\agile\testscripts\tests\tfstests.agile.productbacklog.ts" adapterTypeName="Microsoft.VisualStudio.TestTools.TestTypes.Unit.UnitTestAdapter" className="d:\v2.0\a1\_work\dbded102\vso\tfs\service\webaccess\agile\testscripts\tests\tfstests.agile.productbacklog.ts::tfstests.agile" name="TFSTests.Agile.ProductBacklog ProductBacklogItemHierarchyAdapter_Parent" />
    </UnitTest>
    <UnitTest name="TFSTests.Agile.ProductBacklog ProductBacklogItemHierarchyAdapter_Children" storage="d:\v2.0\a1\_work\dbded102\vso\tfs\service\webaccess\agile\testscripts\tests\tfstests.agile.productbacklog.ts" id="c5c0c032-42b9-475d-b9a7-c78562a2dc44">
      <Execution id="ac52f621-bba1-47c6-b619-09d07a40c565" />
      <TestMethod codeBase="d:\v2.0\a1\_work\dbded102\vso\tfs\service\webaccess\agile\testscripts\tests\tfstests.agile.productbacklog.ts" adapterTypeName="Microsoft.VisualStudio.TestTools.TestTypes.Unit.UnitTestAdapter" className="d:\v2.0\a1\_work\dbded102\vso\tfs\service\webaccess\agile\testscripts\tests\tfstests.agile.productbacklog.ts::tfstests.agile" name="TFSTests.Agile.ProductBacklog ProductBacklogItemHierarchyAdapter_Children" />
    </UnitTest>
    <UnitTest name="TFSTests.Agile.ProductBacklog ProductBacklogItemHierarchyAdapter_previousSibling" storage="d:\v2.0\a1\_work\dbded102\vso\tfs\service\webaccess\agile\testscripts\tests\tfstests.agile.productbacklog.ts" id="5ee3f717-f62a-47e1-b01c-70c6b3fa62c1">
      <Execution id="26a809aa-840d-4f62-9376-2054b54219d1" />
      <TestMethod codeBase="d:\v2.0\a1\_work\dbded102\vso\tfs\service\webaccess\agile\testscripts\tests\tfstests.agile.productbacklog.ts" adapterTypeName="Microsoft.VisualStudio.TestTools.TestTypes.Unit.UnitTestAdapter" className="d:\v2.0\a1\_work\dbded102\vso\tfs\service\webaccess\agile\testscripts\tests\tfstests.agile.productbacklog.ts::tfstests.agile" name="TFSTests.Agile.ProductBacklog ProductBacklogItemHierarchyAdapter_previousSibling" />
    </UnitTest>
    <UnitTest name="TFSTests.Agile.ProductBacklog ProductBacklogItemHierarchyAdapter_NextSibling" storage="d:\v2.0\a1\_work\dbded102\vso\tfs\service\webaccess\agile\testscripts\tests\tfstests.agile.productbacklog.ts" id="290aa98a-4d7e-4e33-87fb-e8bf7c66f667">
      <Execution id="e1a032b2-4090-4db6-8052-2227eb413036" />
      <TestMethod codeBase="d:\v2.0\a1\_work\dbded102\vso\tfs\service\webaccess\agile\testscripts\tests\tfstests.agile.productbacklog.ts" adapterTypeName="Microsoft.VisualStudio.TestTools.TestTypes.Unit.UnitTestAdapter" className="d:\v2.0\a1\_work\dbded102\vso\tfs\service\webaccess\agile\testscripts\tests\tfstests.agile.productbacklog.ts::tfstests.agile" name="TFSTests.Agile.ProductBacklog ProductBacklogItemHierarchyAdapter_NextSibling" />
    </UnitTest>
    <UnitTest name="TFSTests.Agile.ProductBacklog ProductBacklogItemHierarchyAdapter_GetData" storage="d:\v2.0\a1\_work\dbded102\vso\tfs\service\webaccess\agile\testscripts\tests\tfstests.agile.productbacklog.ts" id="c8fc521f-0e91-470c-ae4e-bac580b285c4">
      <Execution id="f98de654-12bb-4fb0-87e2-d0c751cb23f6" />
      <TestMethod codeBase="d:\v2.0\a1\_work\dbded102\vso\tfs\service\webaccess\agile\testscripts\tests\tfstests.agile.productbacklog.ts" adapterTypeName="Microsoft.VisualStudio.TestTools.TestTypes.Unit.UnitTestAdapter" className="d:\v2.0\a1\_work\dbded102\vso\tfs\service\webaccess\agile\testscripts\tests\tfstests.agile.productbacklog.ts::tfstests.agile" name="TFSTests.Agile.ProductBacklog ProductBacklogItemHierarchyAdapter_GetData" />
    </UnitTest>
    <UnitTest name="TFSTests.Agile.ProductBacklog ProductBacklogItemHierarchyAdapter_Depth" storage="d:\v2.0\a1\_work\dbded102\vso\tfs\service\webaccess\agile\testscripts\tests\tfstests.agile.productbacklog.ts" id="370488dd-d8d9-4068-b716-308f0b5d805d">
      <Execution id="b57f4ccb-8d2b-4308-ae01-d5e54e338a98" />
      <TestMethod codeBase="d:\v2.0\a1\_work\dbded102\vso\tfs\service\webaccess\agile\testscripts\tests\tfstests.agile.productbacklog.ts" adapterTypeName="Microsoft.VisualStudio.TestTools.TestTypes.Unit.UnitTestAdapter" className="d:\v2.0\a1\_work\dbded102\vso\tfs\service\webaccess\agile\testscripts\tests\tfstests.agile.productbacklog.ts::tfstests.agile" name="TFSTests.Agile.ProductBacklog ProductBacklogItemHierarchyAdapter_Depth" />
    </UnitTest>
    <UnitTest name="TFSTests.Agile.ProductBacklog ProductBacklogItemHierarchyAdapter_UnparentedRows" storage="d:\v2.0\a1\_work\dbded102\vso\tfs\service\webaccess\agile\testscripts\tests\tfstests.agile.productbacklog.ts" id="3b2d7ae2-4be9-4763-8e78-7c26e306a5e8">
      <Execution id="80a0b463-68ea-4d15-a6c0-54119d88d72f" />
      <TestMethod codeBase="d:\v2.0\a1\_work\dbded102\vso\tfs\service\webaccess\agile\testscripts\tests\tfstests.agile.productbacklog.ts" adapterTypeName="Microsoft.VisualStudio.TestTools.TestTypes.Unit.UnitTestAdapter" className="d:\v2.0\a1\_work\dbded102\vso\tfs\service\webaccess\agile\testscripts\tests\tfstests.agile.productbacklog.ts::tfstests.agile" name="TFSTests.Agile.ProductBacklog ProductBacklogItemHierarchyAdapter_UnparentedRows" />
    </UnitTest>
    <UnitTest name="TFSTests.Agile.ProductBacklog Backlog_EnsureThatOnGridFiltering_RowSavingManager.updateIdToDataIndex_IsUpdated" storage="d:\v2.0\a1\_work\dbded102\vso\tfs\service\webaccess\agile\testscripts\tests\tfstests.agile.productbacklog.ts" id="5dd31783-2b21-43f2-9667-2d2388550d98">
      <Execution id="7af60d2c-fb5e-4a5d-b4dc-c5cbf7a7dd6c" />
      <TestMethod codeBase="d:\v2.0\a1\_work\dbded102\vso\tfs\service\webaccess\agile\testscripts\tests\tfstests.agile.productbacklog.ts" adapterTypeName="Microsoft.VisualStudio.TestTools.TestTypes.Unit.UnitTestAdapter" className="d:\v2.0\a1\_work\dbded102\vso\tfs\service\webaccess\agile\testscripts\tests\tfstests.agile.productbacklog.ts::tfstests.agile.productbacklog::backlog_ensurethatongridfiltering_rowsavingmanager" name="TFSTests.Agile.ProductBacklog Backlog_EnsureThatOnGridFiltering_RowSavingManager.updateIdToDataIndex_IsUpdated" />
    </UnitTest>
    <UnitTest name="TFSTests.Agile.ProductBacklog Backlog_VerifyRowSavingManagerUpdateRow_InvokesIdToDataIndexMappingFunc" storage="d:\v2.0\a1\_work\dbded102\vso\tfs\service\webaccess\agile\testscripts\tests\tfstests.agile.productbacklog.ts" id="5e90f6ec-bb77-47f4-8713-6c7c1cee36c9">
      <Execution id="ea6636ce-8c73-48f4-833d-8586cdd8e8e0" />
      <TestMethod codeBase="d:\v2.0\a1\_work\dbded102\vso\tfs\service\webaccess\agile\testscripts\tests\tfstests.agile.productbacklog.ts" adapterTypeName="Microsoft.VisualStudio.TestTools.TestTypes.Unit.UnitTestAdapter" className="d:\v2.0\a1\_work\dbded102\vso\tfs\service\webaccess\agile\testscripts\tests\tfstests.agile.productbacklog.ts::tfstests.agile" name="TFSTests.Agile.ProductBacklog Backlog_VerifyRowSavingManagerUpdateRow_InvokesIdToDataIndexMappingFunc" />
    </UnitTest>
    <UnitTest name="TFSTests.Agile.ProductBacklog Backlog_GetRootBacklogLevel_WillReturnDefaultLevelForEmptyGrid" storage="d:\v2.0\a1\_work\dbded102\vso\tfs\service\webaccess\agile\testscripts\tests\tfstests.agile.productbacklog.ts" id="9923c7c9-ddb0-4d44-9c76-b973680a5a86">
      <Execution id="824fbb54-e480-4bd4-a5d4-a90dae941581" />
      <TestMethod codeBase="d:\v2.0\a1\_work\dbded102\vso\tfs\service\webaccess\agile\testscripts\tests\tfstests.agile.productbacklog.ts" adapterTypeName="Microsoft.VisualStudio.TestTools.TestTypes.Unit.UnitTestAdapter" className="d:\v2.0\a1\_work\dbded102\vso\tfs\service\webaccess\agile\testscripts\tests\tfstests.agile.productbacklog.ts::tfstests.agile" name="TFSTests.Agile.ProductBacklog Backlog_GetRootBacklogLevel_WillReturnDefaultLevelForEmptyGrid" />
    </UnitTest>
    <UnitTest name="TFSTests.Agile.ProductBacklog Backlog_GetRootBacklogLevel_WillReturnCorrectLevelForUnselectedLevels" storage="d:\v2.0\a1\_work\dbded102\vso\tfs\service\webaccess\agile\testscripts\tests\tfstests.agile.productbacklog.ts" id="794dcc49-4e50-40ce-abae-68926634ad0d">
      <Execution id="c5ed0992-9258-4e15-ace2-c38cc8ce0ea5" />
      <TestMethod codeBase="d:\v2.0\a1\_work\dbded102\vso\tfs\service\webaccess\agile\testscripts\tests\tfstests.agile.productbacklog.ts" adapterTypeName="Microsoft.VisualStudio.TestTools.TestTypes.Unit.UnitTestAdapter" className="d:\v2.0\a1\_work\dbded102\vso\tfs\service\webaccess\agile\testscripts\tests\tfstests.agile.productbacklog.ts::tfstests.agile" name="TFSTests.Agile.ProductBacklog Backlog_GetRootBacklogLevel_WillReturnCorrectLevelForUnselectedLevels" />
    </UnitTest>
    <UnitTest name="TFSTests.Agile.ProductBacklog Backlog_VerifyTitleColumnIndexResetOnProductBacklogGrid.UpdateDataModel" storage="d:\v2.0\a1\_work\dbded102\vso\tfs\service\webaccess\agile\testscripts\tests\tfstests.agile.productbacklog.ts" id="906d3178-742d-4441-8770-99b5c34f025d">
      <Execution id="5ebddac5-c7eb-4b0a-b459-5b603eeda615" />
      <TestMethod codeBase="d:\v2.0\a1\_work\dbded102\vso\tfs\service\webaccess\agile\testscripts\tests\tfstests.agile.productbacklog.ts" adapterTypeName="Microsoft.VisualStudio.TestTools.TestTypes.Unit.UnitTestAdapter" className="d:\v2.0\a1\_work\dbded102\vso\tfs\service\webaccess\agile\testscripts\tests\tfstests.agile.productbacklog.ts::tfstests.agile.productbacklog::backlog_verifytitlecolumnindexresetonproductbackloggrid" name="TFSTests.Agile.ProductBacklog Backlog_VerifyTitleColumnIndexResetOnProductBacklogGrid.UpdateDataModel" />
    </UnitTest>
    <UnitTest name="TFSTests.Agile.ProductBacklog SprintAssignment_Custom_WIT_Types" storage="d:\v2.0\a1\_work\dbded102\vso\tfs\service\webaccess\agile\testscripts\tests\tfstests.agile.productbacklog.ts" id="891b088b-7c3e-4924-ae07-dfab5f1d7287">
      <Execution id="87dd7306-013d-4609-827a-2e902770d0db" />
      <TestMethod codeBase="d:\v2.0\a1\_work\dbded102\vso\tfs\service\webaccess\agile\testscripts\tests\tfstests.agile.productbacklog.ts" adapterTypeName="Microsoft.VisualStudio.TestTools.TestTypes.Unit.UnitTestAdapter" className="d:\v2.0\a1\_work\dbded102\vso\tfs\service\webaccess\agile\testscripts\tests\tfstests.agile.productbacklog.ts::tfstests.agile" name="TFSTests.Agile.ProductBacklog SprintAssignment_Custom_WIT_Types" />
    </UnitTest>
    <UnitTest name="TFSTests.Agile.ProductBacklog SprintBacklog_OrphanTasks_Renderer" storage="d:\v2.0\a1\_work\dbded102\vso\tfs\service\webaccess\agile\testscripts\tests\tfstests.agile.productbacklog.ts" id="fb31e681-f78d-4fa3-83f2-d3bf6ea8ad33">
      <Execution id="3b49071e-2176-4d8a-8c97-b33acb3e18ec" />
      <TestMethod codeBase="d:\v2.0\a1\_work\dbded102\vso\tfs\service\webaccess\agile\testscripts\tests\tfstests.agile.productbacklog.ts" adapterTypeName="Microsoft.VisualStudio.TestTools.TestTypes.Unit.UnitTestAdapter" className="d:\v2.0\a1\_work\dbded102\vso\tfs\service\webaccess\agile\testscripts\tests\tfstests.agile.productbacklog.ts::tfstests.agile" name="TFSTests.Agile.ProductBacklog SprintBacklog_OrphanTasks_Renderer" />
    </UnitTest>
    <UnitTest name="TFSTests.Agile.ProductBacklog SprintBacklog_OrphanTasks_GroupRow_Common" storage="d:\v2.0\a1\_work\dbded102\vso\tfs\service\webaccess\agile\testscripts\tests\tfstests.agile.productbacklog.ts" id="19b1603c-f1a2-40a2-8c84-5461f71e7062">
      <Execution id="838f2d4e-7206-427c-b8ab-7f24cbc03de1" />
      <TestMethod codeBase="d:\v2.0\a1\_work\dbded102\vso\tfs\service\webaccess\agile\testscripts\tests\tfstests.agile.productbacklog.ts" adapterTypeName="Microsoft.VisualStudio.TestTools.TestTypes.Unit.UnitTestAdapter" className="d:\v2.0\a1\_work\dbded102\vso\tfs\service\webaccess\agile\testscripts\tests\tfstests.agile.productbacklog.ts::tfstests.agile" name="TFSTests.Agile.ProductBacklog SprintBacklog_OrphanTasks_GroupRow_Common" />
    </UnitTest>
    <UnitTest name="TFSTests.Agile.ProductBacklog SprintBacklog_OrphanTasks_GroupRow" storage="d:\v2.0\a1\_work\dbded102\vso\tfs\service\webaccess\agile\testscripts\tests\tfstests.agile.productbacklog.ts" id="81b1ca14-b8b4-407d-aaaa-64ffa2303360">
      <Execution id="1c2424c8-ccaf-493c-9321-792439296b17" />
      <TestMethod codeBase="d:\v2.0\a1\_work\dbded102\vso\tfs\service\webaccess\agile\testscripts\tests\tfstests.agile.productbacklog.ts" adapterTypeName="Microsoft.VisualStudio.TestTools.TestTypes.Unit.UnitTestAdapter" className="d:\v2.0\a1\_work\dbded102\vso\tfs\service\webaccess\agile\testscripts\tests\tfstests.agile.productbacklog.ts::tfstests.agile" name="TFSTests.Agile.ProductBacklog SprintBacklog_OrphanTasks_GroupRow" />
    </UnitTest>
    <UnitTest name="TFSTests.Agile.ProductBacklog.QuickExpandCollapse QuickExpandCollapse_TestFlatBacklog" storage="d:\v2.0\a1\_work\dbded102\vso\tfs\service\webaccess\agile\testscripts\tests\tfstests.agile.productbacklog.ts" id="c83fbae5-6446-41d3-8a91-005e1d135569">
      <Execution id="05ac09cf-28a7-4c2a-906b-8302450f6189" />
      <TestMethod codeBase="d:\v2.0\a1\_work\dbded102\vso\tfs\service\webaccess\agile\testscripts\tests\tfstests.agile.productbacklog.ts" adapterTypeName="Microsoft.VisualStudio.TestTools.TestTypes.Unit.UnitTestAdapter" className="d:\v2.0\a1\_work\dbded102\vso\tfs\service\webaccess\agile\testscripts\tests\tfstests.agile.productbacklog.ts::tfstests.agile.productbacklog" name="TFSTests.Agile.ProductBacklog.QuickExpandCollapse QuickExpandCollapse_TestFlatBacklog" />
    </UnitTest>
    <UnitTest name="TFSTests.Agile.ProductBacklog.QuickExpandCollapse QuickExpandCollapse_TestTwoLevelHierarchy" storage="d:\v2.0\a1\_work\dbded102\vso\tfs\service\webaccess\agile\testscripts\tests\tfstests.agile.productbacklog.ts" id="6711ed32-ab7b-445b-b0ba-53c013b1c5fd">
      <Execution id="03cddd9b-ad30-4d92-ba33-e5be258bf1a5" />
      <TestMethod codeBase="d:\v2.0\a1\_work\dbded102\vso\tfs\service\webaccess\agile\testscripts\tests\tfstests.agile.productbacklog.ts" adapterTypeName="Microsoft.VisualStudio.TestTools.TestTypes.Unit.UnitTestAdapter" className="d:\v2.0\a1\_work\dbded102\vso\tfs\service\webaccess\agile\testscripts\tests\tfstests.agile.productbacklog.ts::tfstests.agile.productbacklog" name="TFSTests.Agile.ProductBacklog.QuickExpandCollapse QuickExpandCollapse_TestTwoLevelHierarchy" />
    </UnitTest>
    <UnitTest name="TFSTests.Agile.ProductBacklog.QuickExpandCollapse QuickExpandCollapse_TestHierarchyWithInitialRowsExanded" storage="d:\v2.0\a1\_work\dbded102\vso\tfs\service\webaccess\agile\testscripts\tests\tfstests.agile.productbacklog.ts" id="cd8b88c3-f709-4326-9ae2-f767a6c77750">
      <Execution id="6b29f35f-225e-414c-8fb0-1f3145334f81" />
      <TestMethod codeBase="d:\v2.0\a1\_work\dbded102\vso\tfs\service\webaccess\agile\testscripts\tests\tfstests.agile.productbacklog.ts" adapterTypeName="Microsoft.VisualStudio.TestTools.TestTypes.Unit.UnitTestAdapter" className="d:\v2.0\a1\_work\dbded102\vso\tfs\service\webaccess\agile\testscripts\tests\tfstests.agile.productbacklog.ts::tfstests.agile.productbacklog" name="TFSTests.Agile.ProductBacklog.QuickExpandCollapse QuickExpandCollapse_TestHierarchyWithInitialRowsExanded" />
    </UnitTest>
    <UnitTest name="TFSTests.Agile.ProductBacklog.QuickExpandCollapse QuickExpandCollapse_TestHierarchyWithUnparentedRows" storage="d:\v2.0\a1\_work\dbded102\vso\tfs\service\webaccess\agile\testscripts\tests\tfstests.agile.productbacklog.ts" id="9d09d49e-96b6-45c2-904c-c42daaf64cd9">
      <Execution id="fd495080-b881-4829-888d-1c15581d2311" />
      <TestMethod codeBase="d:\v2.0\a1\_work\dbded102\vso\tfs\service\webaccess\agile\testscripts\tests\tfstests.agile.productbacklog.ts" adapterTypeName="Microsoft.VisualStudio.TestTools.TestTypes.Unit.UnitTestAdapter" className="d:\v2.0\a1\_work\dbded102\vso\tfs\service\webaccess\agile\testscripts\tests\tfstests.agile.productbacklog.ts::tfstests.agile.productbacklog" name="TFSTests.Agile.ProductBacklog.QuickExpandCollapse QuickExpandCollapse_TestHierarchyWithUnparentedRows" />
    </UnitTest>
    <UnitTest name="TFSTests.Agile.ProductBacklog.QuickExpandCollapse QuickExpandCollapse_TestEmptyHierarchy" storage="d:\v2.0\a1\_work\dbded102\vso\tfs\service\webaccess\agile\testscripts\tests\tfstests.agile.productbacklog.ts" id="18bfb2ee-5010-4009-9dcd-09853a56cef9">
      <Execution id="6f686c7a-9511-46aa-a92c-664d616d306d" />
      <TestMethod codeBase="d:\v2.0\a1\_work\dbded102\vso\tfs\service\webaccess\agile\testscripts\tests\tfstests.agile.productbacklog.ts" adapterTypeName="Microsoft.VisualStudio.TestTools.TestTypes.Unit.UnitTestAdapter" className="d:\v2.0\a1\_work\dbded102\vso\tfs\service\webaccess\agile\testscripts\tests\tfstests.agile.productbacklog.ts::tfstests.agile.productbacklog" name="TFSTests.Agile.ProductBacklog.QuickExpandCollapse QuickExpandCollapse_TestEmptyHierarchy" />
    </UnitTest>
    <UnitTest name="TFSTests.Agile.ProductBacklog.QuickExpandCollapse QuickExpandCollapse_TestWithInitialRowsCollapsed" storage="d:\v2.0\a1\_work\dbded102\vso\tfs\service\webaccess\agile\testscripts\tests\tfstests.agile.productbacklog.ts" id="cfc7530f-82aa-4930-9e72-65eb850334f4">
      <Execution id="322b8125-02f9-46ac-9e75-18cea6139c24" />
      <TestMethod codeBase="d:\v2.0\a1\_work\dbded102\vso\tfs\service\webaccess\agile\testscripts\tests\tfstests.agile.productbacklog.ts" adapterTypeName="Microsoft.VisualStudio.TestTools.TestTypes.Unit.UnitTestAdapter" className="d:\v2.0\a1\_work\dbded102\vso\tfs\service\webaccess\agile\testscripts\tests\tfstests.agile.productbacklog.ts::tfstests.agile.productbacklog" name="TFSTests.Agile.ProductBacklog.QuickExpandCollapse QuickExpandCollapse_TestWithInitialRowsCollapsed" />
    </UnitTest>
    <UnitTest name="TFSTests.Agile.ProductBacklog.QuickExpandCollapse QuickExpandCollapse_TestThatImmediateChildrenAreCollapsed" storage="d:\v2.0\a1\_work\dbded102\vso\tfs\service\webaccess\agile\testscripts\tests\tfstests.agile.productbacklog.ts" id="fb3ae7cf-0ee0-4661-924c-5ef400d65b9b">
      <Execution id="9fcddea5-94c3-4799-a621-eb3ed4395e54" />
      <TestMethod codeBase="d:\v2.0\a1\_work\dbded102\vso\tfs\service\webaccess\agile\testscripts\tests\tfstests.agile.productbacklog.ts" adapterTypeName="Microsoft.VisualStudio.TestTools.TestTypes.Unit.UnitTestAdapter" className="d:\v2.0\a1\_work\dbded102\vso\tfs\service\webaccess\agile\testscripts\tests\tfstests.agile.productbacklog.ts::tfstests.agile.productbacklog" name="TFSTests.Agile.ProductBacklog.QuickExpandCollapse QuickExpandCollapse_TestThatImmediateChildrenAreCollapsed" />
    </UnitTest>
    <UnitTest name="TFSTests.Agile.ProductBacklog.QuickExpandCollapse QuickExpandCollapse_TestWithOneItemInBacklog" storage="d:\v2.0\a1\_work\dbded102\vso\tfs\service\webaccess\agile\testscripts\tests\tfstests.agile.productbacklog.ts" id="78d9fd82-2c8e-49c4-bc0f-070e6d48115e">
      <Execution id="d723de5d-a34f-4515-a04a-26e9c3900bb5" />
      <TestMethod codeBase="d:\v2.0\a1\_work\dbded102\vso\tfs\service\webaccess\agile\testscripts\tests\tfstests.agile.productbacklog.ts" adapterTypeName="Microsoft.VisualStudio.TestTools.TestTypes.Unit.UnitTestAdapter" className="d:\v2.0\a1\_work\dbded102\vso\tfs\service\webaccess\agile\testscripts\tests\tfstests.agile.productbacklog.ts::tfstests.agile.productbacklog" name="TFSTests.Agile.ProductBacklog.QuickExpandCollapse QuickExpandCollapse_TestWithOneItemInBacklog" />
    </UnitTest>
    <UnitTest name="TFSTests.Agile.ProductBacklog.QuickExpandCollapse QuickExpandCollapse_TestNestedRowsWithOneLeafItem" storage="d:\v2.0\a1\_work\dbded102\vso\tfs\service\webaccess\agile\testscripts\tests\tfstests.agile.productbacklog.ts" id="4df86b08-5e9f-4e2d-8ce7-add3a21adced">
      <Execution id="7d83fc90-a373-44b0-b43c-944a2404380b" />
      <TestMethod codeBase="d:\v2.0\a1\_work\dbded102\vso\tfs\service\webaccess\agile\testscripts\tests\tfstests.agile.productbacklog.ts" adapterTypeName="Microsoft.VisualStudio.TestTools.TestTypes.Unit.UnitTestAdapter" className="d:\v2.0\a1\_work\dbded102\vso\tfs\service\webaccess\agile\testscripts\tests\tfstests.agile.productbacklog.ts::tfstests.agile.productbacklog" name="TFSTests.Agile.ProductBacklog.QuickExpandCollapse QuickExpandCollapse_TestNestedRowsWithOneLeafItem" />
    </UnitTest>
    <UnitTest name="TFSTests.Agile.ProductBacklog.QuickExpandCollapse QuickExpandCollapse_TestNestedUnparentedRowsWithOneItem" storage="d:\v2.0\a1\_work\dbded102\vso\tfs\service\webaccess\agile\testscripts\tests\tfstests.agile.productbacklog.ts" id="6abb4138-f759-4feb-be5c-db2319b52af2">
      <Execution id="5b8c58cc-fead-4148-96e1-cf115831243f" />
      <TestMethod codeBase="d:\v2.0\a1\_work\dbded102\vso\tfs\service\webaccess\agile\testscripts\tests\tfstests.agile.productbacklog.ts" adapterTypeName="Microsoft.VisualStudio.TestTools.TestTypes.Unit.UnitTestAdapter" className="d:\v2.0\a1\_work\dbded102\vso\tfs\service\webaccess\agile\testscripts\tests\tfstests.agile.productbacklog.ts::tfstests.agile.productbacklog" name="TFSTests.Agile.ProductBacklog.QuickExpandCollapse QuickExpandCollapse_TestNestedUnparentedRowsWithOneItem" />
    </UnitTest>
    <UnitTest name="TFSTests.Agile.ProductBacklog.QuickExpandCollapse QuickExpandCollapse_TestUnparentedRows" storage="d:\v2.0\a1\_work\dbded102\vso\tfs\service\webaccess\agile\testscripts\tests\tfstests.agile.productbacklog.ts" id="8371b289-21da-45bd-96d8-8ac75d4bf81e">
      <Execution id="3d4dc158-71d2-4964-9de7-40598693514c" />
      <TestMethod codeBase="d:\v2.0\a1\_work\dbded102\vso\tfs\service\webaccess\agile\testscripts\tests\tfstests.agile.productbacklog.ts" adapterTypeName="Microsoft.VisualStudio.TestTools.TestTypes.Unit.UnitTestAdapter" className="d:\v2.0\a1\_work\dbded102\vso\tfs\service\webaccess\agile\testscripts\tests\tfstests.agile.productbacklog.ts::tfstests.agile.productbacklog" name="TFSTests.Agile.ProductBacklog.QuickExpandCollapse QuickExpandCollapse_TestUnparentedRows" />
    </UnitTest>
    <UnitTest name="TFSTests.Agile.ProductBacklog.UnparentedRowTests TestOrphanGroupOnProductBacklog" storage="d:\v2.0\a1\_work\dbded102\vso\tfs\service\webaccess\agile\testscripts\tests\tfstests.agile.productbacklog.unparentedrows.ts" id="465fd6df-68ce-479c-b549-4ae635a1d463">
      <Execution id="2af1a8f2-013d-4e6e-9ccf-91cc4c71f4a7" />
      <TestMethod codeBase="d:\v2.0\a1\_work\dbded102\vso\tfs\service\webaccess\agile\testscripts\tests\tfstests.agile.productbacklog.unparentedrows.ts" adapterTypeName="Microsoft.VisualStudio.TestTools.TestTypes.Unit.UnitTestAdapter" className="d:\v2.0\a1\_work\dbded102\vso\tfs\service\webaccess\agile\testscripts\tests\tfstests.agile.productbacklog.unparentedrows.ts::tfstests.agile.productbacklog" name="TFSTests.Agile.ProductBacklog.UnparentedRowTests TestOrphanGroupOnProductBacklog" />
    </UnitTest>
    <UnitTest name="TFSTests.Agile.ProductBacklogAddPanel AddPanel_VerifyRegisterAndFireAddEvent" storage="d:\v2.0\a1\_work\dbded102\vso\tfs\service\webaccess\agile\testscripts\tests\tfstests.agile.productbacklogaddpanel.ts" id="de26f0db-d593-4d0d-9906-7bd2ecb84e8c">
      <Execution id="c3f88702-daea-4d24-b4ba-4729d3c15b88" />
      <TestMethod codeBase="d:\v2.0\a1\_work\dbded102\vso\tfs\service\webaccess\agile\testscripts\tests\tfstests.agile.productbacklogaddpanel.ts" adapterTypeName="Microsoft.VisualStudio.TestTools.TestTypes.Unit.UnitTestAdapter" className="d:\v2.0\a1\_work\dbded102\vso\tfs\service\webaccess\agile\testscripts\tests\tfstests.agile.productbacklogaddpanel.ts::tfstests.agile" name="TFSTests.Agile.ProductBacklogAddPanel AddPanel_VerifyRegisterAndFireAddEvent" />
    </UnitTest>
    <UnitTest name="TFSTests.Agile.ProductBacklogAddPanel AddPanel_VerifyAddButtonIsEnabledAfterWorkItemFormCancel" storage="d:\v2.0\a1\_work\dbded102\vso\tfs\service\webaccess\agile\testscripts\tests\tfstests.agile.productbacklogaddpanel.ts" id="5c5c67bf-d7a2-49bd-a20c-d96451149719">
      <Execution id="7ce168d2-ff3b-48ac-b119-acca85cf2db4" />
      <TestMethod codeBase="d:\v2.0\a1\_work\dbded102\vso\tfs\service\webaccess\agile\testscripts\tests\tfstests.agile.productbacklogaddpanel.ts" adapterTypeName="Microsoft.VisualStudio.TestTools.TestTypes.Unit.UnitTestAdapter" className="d:\v2.0\a1\_work\dbded102\vso\tfs\service\webaccess\agile\testscripts\tests\tfstests.agile.productbacklogaddpanel.ts::tfstests.agile" name="TFSTests.Agile.ProductBacklogAddPanel AddPanel_VerifyAddButtonIsEnabledAfterWorkItemFormCancel" />
    </UnitTest>
    <UnitTest name="TFSTests.Agile.ProductBacklogAddPanel AddPanel_VerifyRegisterAndFireTypeChangedEvent" storage="d:\v2.0\a1\_work\dbded102\vso\tfs\service\webaccess\agile\testscripts\tests\tfstests.agile.productbacklogaddpanel.ts" id="08ca0663-ee1c-4a15-bc19-70da6cea7aaf">
      <Execution id="328c93ac-74c5-4061-9842-eca9d1ce26d7" />
      <TestMethod codeBase="d:\v2.0\a1\_work\dbded102\vso\tfs\service\webaccess\agile\testscripts\tests\tfstests.agile.productbacklogaddpanel.ts" adapterTypeName="Microsoft.VisualStudio.TestTools.TestTypes.Unit.UnitTestAdapter" className="d:\v2.0\a1\_work\dbded102\vso\tfs\service\webaccess\agile\testscripts\tests\tfstests.agile.productbacklogaddpanel.ts::tfstests.agile" name="TFSTests.Agile.ProductBacklogAddPanel AddPanel_VerifyRegisterAndFireTypeChangedEvent" />
    </UnitTest>
    <UnitTest name="TFSTests.Agile.ProductBacklogAddPanel AddPanel_EnsureSingleWorkItemTypeCreatesSingleDiv" storage="d:\v2.0\a1\_work\dbded102\vso\tfs\service\webaccess\agile\testscripts\tests\tfstests.agile.productbacklogaddpanel.ts" id="ee1bd011-bf7a-484a-b60d-fb73d240b16f">
      <Execution id="0d4b44e5-ee47-45f5-98ec-50e12538b575" />
      <TestMethod codeBase="d:\v2.0\a1\_work\dbded102\vso\tfs\service\webaccess\agile\testscripts\tests\tfstests.agile.productbacklogaddpanel.ts" adapterTypeName="Microsoft.VisualStudio.TestTools.TestTypes.Unit.UnitTestAdapter" className="d:\v2.0\a1\_work\dbded102\vso\tfs\service\webaccess\agile\testscripts\tests\tfstests.agile.productbacklogaddpanel.ts::tfstests.agile" name="TFSTests.Agile.ProductBacklogAddPanel AddPanel_EnsureSingleWorkItemTypeCreatesSingleDiv" />
    </UnitTest>
    <UnitTest name="TFSTests.Agile.ProductBacklogAddPanel AddPanel_EnsureMultipleWorkItemTypesCreatesControlStructure" storage="d:\v2.0\a1\_work\dbded102\vso\tfs\service\webaccess\agile\testscripts\tests\tfstests.agile.productbacklogaddpanel.ts" id="9b522c01-9800-4fe3-b671-fca8a2ce7007">
      <Execution id="a6cc89bf-d994-45d0-b29d-5202b2e0394c" />
      <TestMethod codeBase="d:\v2.0\a1\_work\dbded102\vso\tfs\service\webaccess\agile\testscripts\tests\tfstests.agile.productbacklogaddpanel.ts" adapterTypeName="Microsoft.VisualStudio.TestTools.TestTypes.Unit.UnitTestAdapter" className="d:\v2.0\a1\_work\dbded102\vso\tfs\service\webaccess\agile\testscripts\tests\tfstests.agile.productbacklogaddpanel.ts::tfstests.agile" name="TFSTests.Agile.ProductBacklogAddPanel AddPanel_EnsureMultipleWorkItemTypesCreatesControlStructure" />
    </UnitTest>
    <UnitTest name="TFSTests.Agile.ProductBacklogAddPanel AddPanel_SingleConfiguredFieldGeneratesSingleRowWithButton" storage="d:\v2.0\a1\_work\dbded102\vso\tfs\service\webaccess\agile\testscripts\tests\tfstests.agile.productbacklogaddpanel.ts" id="f2d5bd0d-f183-4165-bfb8-47be29904ab2">
      <Execution id="e43e6d39-8ea0-4146-ae6a-bf81ff371d27" />
      <TestMethod codeBase="d:\v2.0\a1\_work\dbded102\vso\tfs\service\webaccess\agile\testscripts\tests\tfstests.agile.productbacklogaddpanel.ts" adapterTypeName="Microsoft.VisualStudio.TestTools.TestTypes.Unit.UnitTestAdapter" className="d:\v2.0\a1\_work\dbded102\vso\tfs\service\webaccess\agile\testscripts\tests\tfstests.agile.productbacklogaddpanel.ts::tfstests.agile" name="TFSTests.Agile.ProductBacklogAddPanel AddPanel_SingleConfiguredFieldGeneratesSingleRowWithButton" />
    </UnitTest>
    <UnitTest name="TFSTests.Agile.ProductBacklogAddPanel AddPanel_MultipleConfiguredFieldsGeneratesLastRowWithButton" storage="d:\v2.0\a1\_work\dbded102\vso\tfs\service\webaccess\agile\testscripts\tests\tfstests.agile.productbacklogaddpanel.ts" id="abc46ddd-b05f-414e-a0bf-7cd4dcc3b523">
      <Execution id="cbc63e88-05b7-4925-a54e-8008be1800ab" />
      <TestMethod codeBase="d:\v2.0\a1\_work\dbded102\vso\tfs\service\webaccess\agile\testscripts\tests\tfstests.agile.productbacklogaddpanel.ts" adapterTypeName="Microsoft.VisualStudio.TestTools.TestTypes.Unit.UnitTestAdapter" className="d:\v2.0\a1\_work\dbded102\vso\tfs\service\webaccess\agile\testscripts\tests\tfstests.agile.productbacklogaddpanel.ts::tfstests.agile" name="TFSTests.Agile.ProductBacklogAddPanel AddPanel_MultipleConfiguredFieldsGeneratesLastRowWithButton" />
    </UnitTest>
    <UnitTest name="TFSTests.Agile.ProductBacklogAddPanel AddPanel_SpecialFieldsAreDisplayedFullWidthOnTheForm" storage="d:\v2.0\a1\_work\dbded102\vso\tfs\service\webaccess\agile\testscripts\tests\tfstests.agile.productbacklogaddpanel.ts" id="572fa659-1ffc-4f71-adb5-4a4bdc69b55b">
      <Execution id="da0b32e5-683d-4ca3-b530-b6102ea0fa7e" />
      <TestMethod codeBase="d:\v2.0\a1\_work\dbded102\vso\tfs\service\webaccess\agile\testscripts\tests\tfstests.agile.productbacklogaddpanel.ts" adapterTypeName="Microsoft.VisualStudio.TestTools.TestTypes.Unit.UnitTestAdapter" className="d:\v2.0\a1\_work\dbded102\vso\tfs\service\webaccess\agile\testscripts\tests\tfstests.agile.productbacklogaddpanel.ts::tfstests.agile" name="TFSTests.Agile.ProductBacklogAddPanel AddPanel_SpecialFieldsAreDisplayedFullWidthOnTheForm" />
    </UnitTest>
    <UnitTest name="TFSTests.Agile.ProductBacklogAddPanel AddPanel_VerifyFocusReturnsToAddPanelAfterAdd" storage="d:\v2.0\a1\_work\dbded102\vso\tfs\service\webaccess\agile\testscripts\tests\tfstests.agile.productbacklogaddpanel.ts" id="fd5988a7-af7b-41ec-8f88-a9c06231ec45">
      <Execution id="8b1c2344-bdb3-46d9-afe3-f81ffc706234" />
      <TestMethod codeBase="d:\v2.0\a1\_work\dbded102\vso\tfs\service\webaccess\agile\testscripts\tests\tfstests.agile.productbacklogaddpanel.ts" adapterTypeName="Microsoft.VisualStudio.TestTools.TestTypes.Unit.UnitTestAdapter" className="d:\v2.0\a1\_work\dbded102\vso\tfs\service\webaccess\agile\testscripts\tests\tfstests.agile.productbacklogaddpanel.ts::tfstests.agile" name="TFSTests.Agile.ProductBacklogAddPanel AddPanel_VerifyFocusReturnsToAddPanelAfterAdd" />
    </UnitTest>
    <UnitTest name="TFSTests.Agile.SprintPlanning IterationBacklog_buildToolbarItems_generatesCorrectItems" storage="d:\v2.0\a1\_work\dbded102\vso\tfs\service\webaccess\agile\testscripts\tests\tfstests.agile.sprintplanning.ts" id="41d7889b-639e-4213-b0cd-bac9be7f19d2">
      <Execution id="4f51323d-43bc-4f4c-8b79-7c7afc108fed" />
      <TestMethod codeBase="d:\v2.0\a1\_work\dbded102\vso\tfs\service\webaccess\agile\testscripts\tests\tfstests.agile.sprintplanning.ts" adapterTypeName="Microsoft.VisualStudio.TestTools.TestTypes.Unit.UnitTestAdapter" className="d:\v2.0\a1\_work\dbded102\vso\tfs\service\webaccess\agile\testscripts\tests\tfstests.agile.sprintplanning.ts::tfstests.agile" name="TFSTests.Agile.SprintPlanning IterationBacklog_buildToolbarItems_generatesCorrectItems" />
    </UnitTest>
    <UnitTest name="TFSTests.Agile.SprintPlanning IterationBacklog_AddPanelInitialization" storage="d:\v2.0\a1\_work\dbded102\vso\tfs\service\webaccess\agile\testscripts\tests\tfstests.agile.sprintplanning.ts" id="251b7198-7a12-4444-b8d0-7dca269cefe4">
      <Execution id="500666cf-96ce-4a44-acca-e248918f1b9b" />
      <TestMethod codeBase="d:\v2.0\a1\_work\dbded102\vso\tfs\service\webaccess\agile\testscripts\tests\tfstests.agile.sprintplanning.ts" adapterTypeName="Microsoft.VisualStudio.TestTools.TestTypes.Unit.UnitTestAdapter" className="d:\v2.0\a1\_work\dbded102\vso\tfs\service\webaccess\agile\testscripts\tests\tfstests.agile.sprintplanning.ts::tfstests.agile" name="TFSTests.Agile.SprintPlanning IterationBacklog_AddPanelInitialization" />
    </UnitTest>
    <UnitTest name="TFSTests.Agile.SprintPlanning IterationBacklog_AddPanelToggle" storage="d:\v2.0\a1\_work\dbded102\vso\tfs\service\webaccess\agile\testscripts\tests\tfstests.agile.sprintplanning.ts" id="6f785f3f-3f24-4dbb-a68f-c03b3ed2bf60">
      <Execution id="05809337-16df-4f40-98a1-1fcc9e8b9ec8" />
      <TestMethod codeBase="d:\v2.0\a1\_work\dbded102\vso\tfs\service\webaccess\agile\testscripts\tests\tfstests.agile.sprintplanning.ts" adapterTypeName="Microsoft.VisualStudio.TestTools.TestTypes.Unit.UnitTestAdapter" className="d:\v2.0\a1\_work\dbded102\vso\tfs\service\webaccess\agile\testscripts\tests\tfstests.agile.sprintplanning.ts::tfstests.agile" name="TFSTests.Agile.SprintPlanning IterationBacklog_AddPanelToggle" />
    </UnitTest>
    <UnitTest name="TFSTests.Agile.SprintPlanning IterationBacklog_AddPanelCurrentSelectionValid" storage="d:\v2.0\a1\_work\dbded102\vso\tfs\service\webaccess\agile\testscripts\tests\tfstests.agile.sprintplanning.ts" id="f82cc95f-f03e-4876-98de-32959952955c">
      <Execution id="a1cb0436-82e3-47af-bd5f-3c345d4dfa78" />
      <TestMethod codeBase="d:\v2.0\a1\_work\dbded102\vso\tfs\service\webaccess\agile\testscripts\tests\tfstests.agile.sprintplanning.ts" adapterTypeName="Microsoft.VisualStudio.TestTools.TestTypes.Unit.UnitTestAdapter" className="d:\v2.0\a1\_work\dbded102\vso\tfs\service\webaccess\agile\testscripts\tests\tfstests.agile.sprintplanning.ts::tfstests.agile" name="TFSTests.Agile.SprintPlanning IterationBacklog_AddPanelCurrentSelectionValid" />
    </UnitTest>
    <UnitTest name="TFSTests.Agile.SprintPlanning IterationBacklog_AddPanelAddWorkItemSetsIterationPath" storage="d:\v2.0\a1\_work\dbded102\vso\tfs\service\webaccess\agile\testscripts\tests\tfstests.agile.sprintplanning.ts" id="857df30f-448c-4dc0-bc49-9766f36b8242">
      <Execution id="046e284c-8c9f-46f8-9ac5-98a00ac5ea1f" />
      <TestMethod codeBase="d:\v2.0\a1\_work\dbded102\vso\tfs\service\webaccess\agile\testscripts\tests\tfstests.agile.sprintplanning.ts" adapterTypeName="Microsoft.VisualStudio.TestTools.TestTypes.Unit.UnitTestAdapter" className="d:\v2.0\a1\_work\dbded102\vso\tfs\service\webaccess\agile\testscripts\tests\tfstests.agile.sprintplanning.ts::tfstests.agile" name="TFSTests.Agile.SprintPlanning IterationBacklog_AddPanelAddWorkItemSetsIterationPath" />
    </UnitTest>
    <UnitTest name="TFSTests.Agile.SprintPlanning TeamMemberCapacity_GetTeamMemberId" storage="d:\v2.0\a1\_work\dbded102\vso\tfs\service\webaccess\agile\testscripts\tests\tfstests.agile.sprintplanning.ts" id="3696faf6-d233-40f8-9bd0-01a4b1650f68">
      <Execution id="0dfbf498-d1a1-41d7-b2d5-9b330e8f0289" />
      <TestMethod codeBase="d:\v2.0\a1\_work\dbded102\vso\tfs\service\webaccess\agile\testscripts\tests\tfstests.agile.sprintplanning.ts" adapterTypeName="Microsoft.VisualStudio.TestTools.TestTypes.Unit.UnitTestAdapter" className="d:\v2.0\a1\_work\dbded102\vso\tfs\service\webaccess\agile\testscripts\tests\tfstests.agile.sprintplanning.ts::tfstests.agile" name="TFSTests.Agile.SprintPlanning TeamMemberCapacity_GetTeamMemberId" />
    </UnitTest>
    <UnitTest name="TFSTests.Agile.SprintPlanning TeamMemberCapacity_GetTeamMemberDisplayName" storage="d:\v2.0\a1\_work\dbded102\vso\tfs\service\webaccess\agile\testscripts\tests\tfstests.agile.sprintplanning.ts" id="1c8417c4-6e9e-483b-917d-6561e42f2500">
      <Execution id="709fc8a5-3cb8-49a2-8af4-4428d00eb1b4" />
      <TestMethod codeBase="d:\v2.0\a1\_work\dbded102\vso\tfs\service\webaccess\agile\testscripts\tests\tfstests.agile.sprintplanning.ts" adapterTypeName="Microsoft.VisualStudio.TestTools.TestTypes.Unit.UnitTestAdapter" className="d:\v2.0\a1\_work\dbded102\vso\tfs\service\webaccess\agile\testscripts\tests\tfstests.agile.sprintplanning.ts::tfstests.agile" name="TFSTests.Agile.SprintPlanning TeamMemberCapacity_GetTeamMemberDisplayName" />
    </UnitTest>
    <UnitTest name="TFSTests.Agile.SprintPlanning TeamMemberCapacity_GetDailyCapacity" storage="d:\v2.0\a1\_work\dbded102\vso\tfs\service\webaccess\agile\testscripts\tests\tfstests.agile.sprintplanning.ts" id="875e7416-540b-46b8-acf5-6ce236e4c066">
      <Execution id="c8eed927-e8d1-4279-969e-dc23eae5ed5c" />
      <TestMethod codeBase="d:\v2.0\a1\_work\dbded102\vso\tfs\service\webaccess\agile\testscripts\tests\tfstests.agile.sprintplanning.ts" adapterTypeName="Microsoft.VisualStudio.TestTools.TestTypes.Unit.UnitTestAdapter" className="d:\v2.0\a1\_work\dbded102\vso\tfs\service\webaccess\agile\testscripts\tests\tfstests.agile.sprintplanning.ts::tfstests.agile" name="TFSTests.Agile.SprintPlanning TeamMemberCapacity_GetDailyCapacity" />
    </UnitTest>
    <UnitTest name="TFSTests.Agile.SprintPlanning TeamMemberCapacity_GetDaysOffDatesReturnsCorrectValue" storage="d:\v2.0\a1\_work\dbded102\vso\tfs\service\webaccess\agile\testscripts\tests\tfstests.agile.sprintplanning.ts" id="f3ab439a-4e22-4c9d-b746-12540de51f6b">
      <Execution id="35aae91f-faec-4319-9ff3-ce1d3032f11e" />
      <TestMethod codeBase="d:\v2.0\a1\_work\dbded102\vso\tfs\service\webaccess\agile\testscripts\tests\tfstests.agile.sprintplanning.ts" adapterTypeName="Microsoft.VisualStudio.TestTools.TestTypes.Unit.UnitTestAdapter" className="d:\v2.0\a1\_work\dbded102\vso\tfs\service\webaccess\agile\testscripts\tests\tfstests.agile.sprintplanning.ts::tfstests.agile" name="TFSTests.Agile.SprintPlanning TeamMemberCapacity_GetDaysOffDatesReturnsCorrectValue" />
    </UnitTest>
    <UnitTest name="TFSTests.Agile.SprintPlanning TeamMemberCapacity_SetDaysOffDatesSortsAndSetsValue" storage="d:\v2.0\a1\_work\dbded102\vso\tfs\service\webaccess\agile\testscripts\tests\tfstests.agile.sprintplanning.ts" id="a26cb49c-2cf1-48e5-bd40-70928da1b010">
      <Execution id="2a521305-dcb8-42c2-a731-0127b4d002da" />
      <TestMethod codeBase="d:\v2.0\a1\_work\dbded102\vso\tfs\service\webaccess\agile\testscripts\tests\tfstests.agile.sprintplanning.ts" adapterTypeName="Microsoft.VisualStudio.TestTools.TestTypes.Unit.UnitTestAdapter" className="d:\v2.0\a1\_work\dbded102\vso\tfs\service\webaccess\agile\testscripts\tests\tfstests.agile.sprintplanning.ts::tfstests.agile" name="TFSTests.Agile.SprintPlanning TeamMemberCapacity_SetDaysOffDatesSortsAndSetsValue" />
    </UnitTest>
    <UnitTest name="TFSTests.Agile.SprintPlanning TeamMemberCapacity_GetActivity" storage="d:\v2.0\a1\_work\dbded102\vso\tfs\service\webaccess\agile\testscripts\tests\tfstests.agile.sprintplanning.ts" id="57549af8-2d0b-4c6e-840f-3c943dffc58d">
      <Execution id="35c8383e-082f-4684-9296-291c64690e40" />
      <TestMethod codeBase="d:\v2.0\a1\_work\dbded102\vso\tfs\service\webaccess\agile\testscripts\tests\tfstests.agile.sprintplanning.ts" adapterTypeName="Microsoft.VisualStudio.TestTools.TestTypes.Unit.UnitTestAdapter" className="d:\v2.0\a1\_work\dbded102\vso\tfs\service\webaccess\agile\testscripts\tests\tfstests.agile.sprintplanning.ts::tfstests.agile" name="TFSTests.Agile.SprintPlanning TeamMemberCapacity_GetActivity" />
    </UnitTest>
    <UnitTest name="TFSTests.Agile.SprintPlanning TeamMemberCapacity_SetDailyCapacity" storage="d:\v2.0\a1\_work\dbded102\vso\tfs\service\webaccess\agile\testscripts\tests\tfstests.agile.sprintplanning.ts" id="516e1f61-acf7-4300-bc63-0ce7e9567104">
      <Execution id="6246e4a5-9a1f-46f8-b7cf-5bdf0d96912b" />
      <TestMethod codeBase="d:\v2.0\a1\_work\dbded102\vso\tfs\service\webaccess\agile\testscripts\tests\tfstests.agile.sprintplanning.ts" adapterTypeName="Microsoft.VisualStudio.TestTools.TestTypes.Unit.UnitTestAdapter" className="d:\v2.0\a1\_work\dbded102\vso\tfs\service\webaccess\agile\testscripts\tests\tfstests.agile.sprintplanning.ts::tfstests.agile" name="TFSTests.Agile.SprintPlanning TeamMemberCapacity_SetDailyCapacity" />
    </UnitTest>
    <UnitTest name="TFSTests.Agile.SprintPlanning TeamMemberCapacity_SetActivity" storage="d:\v2.0\a1\_work\dbded102\vso\tfs\service\webaccess\agile\testscripts\tests\tfstests.agile.sprintplanning.ts" id="4835611d-4a78-44af-b011-10cc95468ff3">
      <Execution id="5a6ea335-f62b-4c75-b912-c719df223c69" />
      <TestMethod codeBase="d:\v2.0\a1\_work\dbded102\vso\tfs\service\webaccess\agile\testscripts\tests\tfstests.agile.sprintplanning.ts" adapterTypeName="Microsoft.VisualStudio.TestTools.TestTypes.Unit.UnitTestAdapter" className="d:\v2.0\a1\_work\dbded102\vso\tfs\service\webaccess\agile\testscripts\tests\tfstests.agile.sprintplanning.ts::tfstests.agile" name="TFSTests.Agile.SprintPlanning TeamMemberCapacity_SetActivity" />
    </UnitTest>
    <UnitTest name="TFSTests.Agile.SprintPlanning TeamMemberCapacity_GetTotalRemainingCapacityWithTeamAndIndividualDaysOffSpecified" storage="d:\v2.0\a1\_work\dbded102\vso\tfs\service\webaccess\agile\testscripts\tests\tfstests.agile.sprintplanning.ts" id="420b5fc3-623d-4d78-8137-cff0ad7579f4">
      <Execution id="0624a326-853d-4f29-a2ca-7cab82947c1c" />
      <TestMethod codeBase="d:\v2.0\a1\_work\dbded102\vso\tfs\service\webaccess\agile\testscripts\tests\tfstests.agile.sprintplanning.ts" adapterTypeName="Microsoft.VisualStudio.TestTools.TestTypes.Unit.UnitTestAdapter" className="d:\v2.0\a1\_work\dbded102\vso\tfs\service\webaccess\agile\testscripts\tests\tfstests.agile.sprintplanning.ts::tfstests.agile" name="TFSTests.Agile.SprintPlanning TeamMemberCapacity_GetTotalRemainingCapacityWithTeamAndIndividualDaysOffSpecified" />
    </UnitTest>
    <UnitTest name="TFSTests.Agile.SprintPlanning TeamMemberCapacity_GetTotalRemainingCapacityWithIndividualDaysOffSpecified" storage="d:\v2.0\a1\_work\dbded102\vso\tfs\service\webaccess\agile\testscripts\tests\tfstests.agile.sprintplanning.ts" id="665d6f47-f51b-4214-8fa0-2b7dd00ad91b">
      <Execution id="4eb17ed4-5a5e-4da0-b4d1-c48cc0da2580" />
      <TestMethod codeBase="d:\v2.0\a1\_work\dbded102\vso\tfs\service\webaccess\agile\testscripts\tests\tfstests.agile.sprintplanning.ts" adapterTypeName="Microsoft.VisualStudio.TestTools.TestTypes.Unit.UnitTestAdapter" className="d:\v2.0\a1\_work\dbded102\vso\tfs\service\webaccess\agile\testscripts\tests\tfstests.agile.sprintplanning.ts::tfstests.agile" name="TFSTests.Agile.SprintPlanning TeamMemberCapacity_GetTotalRemainingCapacityWithIndividualDaysOffSpecified" />
    </UnitTest>
    <UnitTest name="TFSTests.Agile.SprintPlanning TeamMemberCapacity_GetTotalRemainingCapacityWithoutAnyDaysOff" storage="d:\v2.0\a1\_work\dbded102\vso\tfs\service\webaccess\agile\testscripts\tests\tfstests.agile.sprintplanning.ts" id="6dbe06a8-4128-4218-b47b-cc4424945b33">
      <Execution id="8aae9fb4-f596-48f8-b43f-a242d178369a" />
      <TestMethod codeBase="d:\v2.0\a1\_work\dbded102\vso\tfs\service\webaccess\agile\testscripts\tests\tfstests.agile.sprintplanning.ts" adapterTypeName="Microsoft.VisualStudio.TestTools.TestTypes.Unit.UnitTestAdapter" className="d:\v2.0\a1\_work\dbded102\vso\tfs\service\webaccess\agile\testscripts\tests\tfstests.agile.sprintplanning.ts::tfstests.agile" name="TFSTests.Agile.SprintPlanning TeamMemberCapacity_GetTotalRemainingCapacityWithoutAnyDaysOff" />
    </UnitTest>
    <UnitTest name="TFSTests.Agile.SprintPlanning TeamMemberCapacity_GetRemainingWorkingDaysOverlapWithTeamDaysOff" storage="d:\v2.0\a1\_work\dbded102\vso\tfs\service\webaccess\agile\testscripts\tests\tfstests.agile.sprintplanning.ts" id="259a3e3a-56d3-43f7-95dd-eaf9776c7e16">
      <Execution id="fec5e608-2688-4f9e-9db8-fa3b1daefb21" />
      <TestMethod codeBase="d:\v2.0\a1\_work\dbded102\vso\tfs\service\webaccess\agile\testscripts\tests\tfstests.agile.sprintplanning.ts" adapterTypeName="Microsoft.VisualStudio.TestTools.TestTypes.Unit.UnitTestAdapter" className="d:\v2.0\a1\_work\dbded102\vso\tfs\service\webaccess\agile\testscripts\tests\tfstests.agile.sprintplanning.ts::tfstests.agile" name="TFSTests.Agile.SprintPlanning TeamMemberCapacity_GetRemainingWorkingDaysOverlapWithTeamDaysOff" />
    </UnitTest>
    <UnitTest name="TFSTests.Agile.SprintPlanning TeamMemberCapacity_GetRemainingWorkingDaysDaysOffBeforeCurrentDateAndAfterSprintEnd" storage="d:\v2.0\a1\_work\dbded102\vso\tfs\service\webaccess\agile\testscripts\tests\tfstests.agile.sprintplanning.ts" id="891e0cbc-4986-4024-9dfa-a7928535cde2">
      <Execution id="6893d541-d89b-4946-bcf5-d3942d32ce61" />
      <TestMethod codeBase="d:\v2.0\a1\_work\dbded102\vso\tfs\service\webaccess\agile\testscripts\tests\tfstests.agile.sprintplanning.ts" adapterTypeName="Microsoft.VisualStudio.TestTools.TestTypes.Unit.UnitTestAdapter" className="d:\v2.0\a1\_work\dbded102\vso\tfs\service\webaccess\agile\testscripts\tests\tfstests.agile.sprintplanning.ts::tfstests.agile" name="TFSTests.Agile.SprintPlanning TeamMemberCapacity_GetRemainingWorkingDaysDaysOffBeforeCurrentDateAndAfterSprintEnd" />
    </UnitTest>
    <UnitTest name="TFSTests.Agile.SprintPlanning TeamMemberCapacity_GetRemainingWorkingDaysNonOverlappingDaysOff" storage="d:\v2.0\a1\_work\dbded102\vso\tfs\service\webaccess\agile\testscripts\tests\tfstests.agile.sprintplanning.ts" id="eff0c60f-e376-4dfc-8015-c341bf3ab5c9">
      <Execution id="10b8fe96-f591-4456-a4c4-eb8de15cef9a" />
      <TestMethod codeBase="d:\v2.0\a1\_work\dbded102\vso\tfs\service\webaccess\agile\testscripts\tests\tfstests.agile.sprintplanning.ts" adapterTypeName="Microsoft.VisualStudio.TestTools.TestTypes.Unit.UnitTestAdapter" className="d:\v2.0\a1\_work\dbded102\vso\tfs\service\webaccess\agile\testscripts\tests\tfstests.agile.sprintplanning.ts::tfstests.agile" name="TFSTests.Agile.SprintPlanning TeamMemberCapacity_GetRemainingWorkingDaysNonOverlappingDaysOff" />
    </UnitTest>
    <UnitTest name="TFSTests.Agile.SprintPlanning TeamMemberCapacity_GetRemainingWorkingDaysDaysOffOnWeekends" storage="d:\v2.0\a1\_work\dbded102\vso\tfs\service\webaccess\agile\testscripts\tests\tfstests.agile.sprintplanning.ts" id="4f7f468c-a867-41a0-a1fc-bf0f833a5b1c">
      <Execution id="eca791ee-bfd1-4efc-9b5d-36426c99202d" />
      <TestMethod codeBase="d:\v2.0\a1\_work\dbded102\vso\tfs\service\webaccess\agile\testscripts\tests\tfstests.agile.sprintplanning.ts" adapterTypeName="Microsoft.VisualStudio.TestTools.TestTypes.Unit.UnitTestAdapter" className="d:\v2.0\a1\_work\dbded102\vso\tfs\service\webaccess\agile\testscripts\tests\tfstests.agile.sprintplanning.ts::tfstests.agile" name="TFSTests.Agile.SprintPlanning TeamMemberCapacity_GetRemainingWorkingDaysDaysOffOnWeekends" />
    </UnitTest>
    <UnitTest name="TFSTests.Agile.SprintPlanning TeamMemberCapacity_GetRemainingWorkingDaysStaggeredOverlap" storage="d:\v2.0\a1\_work\dbded102\vso\tfs\service\webaccess\agile\testscripts\tests\tfstests.agile.sprintplanning.ts" id="f0536ff5-2252-4437-8521-40952244631e">
      <Execution id="d3dee475-54ff-4a6b-812c-5579fc04db46" />
      <TestMethod codeBase="d:\v2.0\a1\_work\dbded102\vso\tfs\service\webaccess\agile\testscripts\tests\tfstests.agile.sprintplanning.ts" adapterTypeName="Microsoft.VisualStudio.TestTools.TestTypes.Unit.UnitTestAdapter" className="d:\v2.0\a1\_work\dbded102\vso\tfs\service\webaccess\agile\testscripts\tests\tfstests.agile.sprintplanning.ts::tfstests.agile" name="TFSTests.Agile.SprintPlanning TeamMemberCapacity_GetRemainingWorkingDaysStaggeredOverlap" />
    </UnitTest>
    <UnitTest name="TFSTests.Agile.SprintPlanning TeamMemberCapacity_GetRemainingWorkingDaysCacheInvalidatedWhenChanged" storage="d:\v2.0\a1\_work\dbded102\vso\tfs\service\webaccess\agile\testscripts\tests\tfstests.agile.sprintplanning.ts" id="01c14908-b8e1-43c5-a1e4-7e23ff8855ff">
      <Execution id="fdd54391-f5c8-4c81-919e-430c5749c296" />
      <TestMethod codeBase="d:\v2.0\a1\_work\dbded102\vso\tfs\service\webaccess\agile\testscripts\tests\tfstests.agile.sprintplanning.ts" adapterTypeName="Microsoft.VisualStudio.TestTools.TestTypes.Unit.UnitTestAdapter" className="d:\v2.0\a1\_work\dbded102\vso\tfs\service\webaccess\agile\testscripts\tests\tfstests.agile.sprintplanning.ts::tfstests.agile" name="TFSTests.Agile.SprintPlanning TeamMemberCapacity_GetRemainingWorkingDaysCacheInvalidatedWhenChanged" />
    </UnitTest>
    <UnitTest name="TFSTests.Agile.SprintPlanning TeamCapacity_InstantiationConstructsCorrectDataAndReturnsSorted" storage="d:\v2.0\a1\_work\dbded102\vso\tfs\service\webaccess\agile\testscripts\tests\tfstests.agile.sprintplanning.ts" id="a2dab975-bd15-4d14-9dff-bd02b34872e7">
      <Execution id="38199175-4048-4bca-9e9d-ddd356efe210" />
      <TestMethod codeBase="d:\v2.0\a1\_work\dbded102\vso\tfs\service\webaccess\agile\testscripts\tests\tfstests.agile.sprintplanning.ts" adapterTypeName="Microsoft.VisualStudio.TestTools.TestTypes.Unit.UnitTestAdapter" className="d:\v2.0\a1\_work\dbded102\vso\tfs\service\webaccess\agile\testscripts\tests\tfstests.agile.sprintplanning.ts::tfstests.agile" name="TFSTests.Agile.SprintPlanning TeamCapacity_InstantiationConstructsCorrectDataAndReturnsSorted" />
    </UnitTest>
    <UnitTest name="TFSTests.Agile.SprintPlanning TeamCapacity_ObjectReturnsTheCorrectRawData" storage="d:\v2.0\a1\_work\dbded102\vso\tfs\service\webaccess\agile\testscripts\tests\tfstests.agile.sprintplanning.ts" id="7c1b28d9-0885-4c26-8676-d2bf82720410">
      <Execution id="46ed181f-7214-43ef-a7ed-1433be4586f5" />
      <TestMethod codeBase="d:\v2.0\a1\_work\dbded102\vso\tfs\service\webaccess\agile\testscripts\tests\tfstests.agile.sprintplanning.ts" adapterTypeName="Microsoft.VisualStudio.TestTools.TestTypes.Unit.UnitTestAdapter" className="d:\v2.0\a1\_work\dbded102\vso\tfs\service\webaccess\agile\testscripts\tests\tfstests.agile.sprintplanning.ts::tfstests.agile" name="TFSTests.Agile.SprintPlanning TeamCapacity_ObjectReturnsTheCorrectRawData" />
    </UnitTest>
    <UnitTest name="TFSTests.Agile.SprintPlanning TeamCapacity_GetWeekendsReturnsCorrectValue" storage="d:\v2.0\a1\_work\dbded102\vso\tfs\service\webaccess\agile\testscripts\tests\tfstests.agile.sprintplanning.ts" id="127ca67d-83d0-4087-86d0-5a3862acfafe">
      <Execution id="504581d6-9559-4bae-b9d4-97defa67986c" />
      <TestMethod codeBase="d:\v2.0\a1\_work\dbded102\vso\tfs\service\webaccess\agile\testscripts\tests\tfstests.agile.sprintplanning.ts" adapterTypeName="Microsoft.VisualStudio.TestTools.TestTypes.Unit.UnitTestAdapter" className="d:\v2.0\a1\_work\dbded102\vso\tfs\service\webaccess\agile\testscripts\tests\tfstests.agile.sprintplanning.ts::tfstests.agile" name="TFSTests.Agile.SprintPlanning TeamCapacity_GetWeekendsReturnsCorrectValue" />
    </UnitTest>
    <UnitTest name="TFSTests.Agile.SprintPlanning TeamCapacity_GetTeamDaysOffDatesReturnsCorrectValue" storage="d:\v2.0\a1\_work\dbded102\vso\tfs\service\webaccess\agile\testscripts\tests\tfstests.agile.sprintplanning.ts" id="a14849d6-2e2c-4799-9c74-72c76fb02037">
      <Execution id="9aefe196-bd58-43a5-943e-55f0406f33bf" />
      <TestMethod codeBase="d:\v2.0\a1\_work\dbded102\vso\tfs\service\webaccess\agile\testscripts\tests\tfstests.agile.sprintplanning.ts" adapterTypeName="Microsoft.VisualStudio.TestTools.TestTypes.Unit.UnitTestAdapter" className="d:\v2.0\a1\_work\dbded102\vso\tfs\service\webaccess\agile\testscripts\tests\tfstests.agile.sprintplanning.ts::tfstests.agile" name="TFSTests.Agile.SprintPlanning TeamCapacity_GetTeamDaysOffDatesReturnsCorrectValue" />
    </UnitTest>
    <UnitTest name="TFSTests.Agile.SprintPlanning TeamCapacity_SetTeamDaysOffDatesSortsAndSetsValue" storage="d:\v2.0\a1\_work\dbded102\vso\tfs\service\webaccess\agile\testscripts\tests\tfstests.agile.sprintplanning.ts" id="93a40546-3537-4d78-aa45-ad4846dc980c">
      <Execution id="742beb31-816b-4130-9669-a52afb3e0de2" />
      <TestMethod codeBase="d:\v2.0\a1\_work\dbded102\vso\tfs\service\webaccess\agile\testscripts\tests\tfstests.agile.sprintplanning.ts" adapterTypeName="Microsoft.VisualStudio.TestTools.TestTypes.Unit.UnitTestAdapter" className="d:\v2.0\a1\_work\dbded102\vso\tfs\service\webaccess\agile\testscripts\tests\tfstests.agile.sprintplanning.ts::tfstests.agile" name="TFSTests.Agile.SprintPlanning TeamCapacity_SetTeamDaysOffDatesSortsAndSetsValue" />
    </UnitTest>
    <UnitTest name="TFSTests.Agile.SprintPlanning TeamCapacity_GetRemainingWorkDaysAdjacentWeeks" storage="d:\v2.0\a1\_work\dbded102\vso\tfs\service\webaccess\agile\testscripts\tests\tfstests.agile.sprintplanning.ts" id="36c61e59-b051-421c-a727-e68f12ff3ad7">
      <Execution id="812b9b81-9a0e-446c-9bd8-c4a810de3c2a" />
      <TestMethod codeBase="d:\v2.0\a1\_work\dbded102\vso\tfs\service\webaccess\agile\testscripts\tests\tfstests.agile.sprintplanning.ts" adapterTypeName="Microsoft.VisualStudio.TestTools.TestTypes.Unit.UnitTestAdapter" className="d:\v2.0\a1\_work\dbded102\vso\tfs\service\webaccess\agile\testscripts\tests\tfstests.agile.sprintplanning.ts::tfstests.agile" name="TFSTests.Agile.SprintPlanning TeamCapacity_GetRemainingWorkDaysAdjacentWeeks" />
    </UnitTest>
    <UnitTest name="TFSTests.Agile.SprintPlanning TeamCapacity_RemainingWorkingDaysLastDay" storage="d:\v2.0\a1\_work\dbded102\vso\tfs\service\webaccess\agile\testscripts\tests\tfstests.agile.sprintplanning.ts" id="822ac4a8-df81-435d-9377-770107d905fe">
      <Execution id="9f7d0065-0525-46b2-9479-e956e48cbe51" />
      <TestMethod codeBase="d:\v2.0\a1\_work\dbded102\vso\tfs\service\webaccess\agile\testscripts\tests\tfstests.agile.sprintplanning.ts" adapterTypeName="Microsoft.VisualStudio.TestTools.TestTypes.Unit.UnitTestAdapter" className="d:\v2.0\a1\_work\dbded102\vso\tfs\service\webaccess\agile\testscripts\tests\tfstests.agile.sprintplanning.ts::tfstests.agile" name="TFSTests.Agile.SprintPlanning TeamCapacity_RemainingWorkingDaysLastDay" />
    </UnitTest>
    <UnitTest name="TFSTests.Agile.SprintPlanning TeamCapacity_RemainingWorkingDaysWeekendsExcluded" storage="d:\v2.0\a1\_work\dbded102\vso\tfs\service\webaccess\agile\testscripts\tests\tfstests.agile.sprintplanning.ts" id="814ff68f-8333-4403-9b9f-73c8314f6dc9">
      <Execution id="73fb3431-051e-4950-aa06-808aefb12224" />
      <TestMethod codeBase="d:\v2.0\a1\_work\dbded102\vso\tfs\service\webaccess\agile\testscripts\tests\tfstests.agile.sprintplanning.ts" adapterTypeName="Microsoft.VisualStudio.TestTools.TestTypes.Unit.UnitTestAdapter" className="d:\v2.0\a1\_work\dbded102\vso\tfs\service\webaccess\agile\testscripts\tests\tfstests.agile.sprintplanning.ts::tfstests.agile" name="TFSTests.Agile.SprintPlanning TeamCapacity_RemainingWorkingDaysWeekendsExcluded" />
    </UnitTest>
    <UnitTest name="TFSTests.Agile.SprintPlanning TeamCapacity_RemainingWorkingDaysAdjacentWeeks" storage="d:\v2.0\a1\_work\dbded102\vso\tfs\service\webaccess\agile\testscripts\tests\tfstests.agile.sprintplanning.ts" id="edde1e81-3002-4dcf-908c-16f692264949">
      <Execution id="f5fdc577-0576-4882-92ee-3d7dee4ffc07" />
      <TestMethod codeBase="d:\v2.0\a1\_work\dbded102\vso\tfs\service\webaccess\agile\testscripts\tests\tfstests.agile.sprintplanning.ts" adapterTypeName="Microsoft.VisualStudio.TestTools.TestTypes.Unit.UnitTestAdapter" className="d:\v2.0\a1\_work\dbded102\vso\tfs\service\webaccess\agile\testscripts\tests\tfstests.agile.sprintplanning.ts::tfstests.agile" name="TFSTests.Agile.SprintPlanning TeamCapacity_RemainingWorkingDaysAdjacentWeeks" />
    </UnitTest>
    <UnitTest name="TFSTests.Agile.SprintPlanning TeamCapacity_RemainingWorkingDaysPastEndDay" storage="d:\v2.0\a1\_work\dbded102\vso\tfs\service\webaccess\agile\testscripts\tests\tfstests.agile.sprintplanning.ts" id="dfede8c3-d652-48df-8dda-c98c2b36e7d0">
      <Execution id="90835c54-de7c-4b0f-a08e-340fd9c933db" />
      <TestMethod codeBase="d:\v2.0\a1\_work\dbded102\vso\tfs\service\webaccess\agile\testscripts\tests\tfstests.agile.sprintplanning.ts" adapterTypeName="Microsoft.VisualStudio.TestTools.TestTypes.Unit.UnitTestAdapter" className="d:\v2.0\a1\_work\dbded102\vso\tfs\service\webaccess\agile\testscripts\tests\tfstests.agile.sprintplanning.ts::tfstests.agile" name="TFSTests.Agile.SprintPlanning TeamCapacity_RemainingWorkingDaysPastEndDay" />
    </UnitTest>
    <UnitTest name="TFSTests.Agile.SprintPlanning TeamCapacity_GetIndividualCapacityByTeamMember" storage="d:\v2.0\a1\_work\dbded102\vso\tfs\service\webaccess\agile\testscripts\tests\tfstests.agile.sprintplanning.ts" id="a7aa6668-9873-4dd9-870d-41d22e93fe73">
      <Execution id="2e3242a5-aa8c-40a3-a08e-2d979d6f9e9f" />
      <TestMethod codeBase="d:\v2.0\a1\_work\dbded102\vso\tfs\service\webaccess\agile\testscripts\tests\tfstests.agile.sprintplanning.ts" adapterTypeName="Microsoft.VisualStudio.TestTools.TestTypes.Unit.UnitTestAdapter" className="d:\v2.0\a1\_work\dbded102\vso\tfs\service\webaccess\agile\testscripts\tests\tfstests.agile.sprintplanning.ts::tfstests.agile" name="TFSTests.Agile.SprintPlanning TeamCapacity_GetIndividualCapacityByTeamMember" />
    </UnitTest>
    <UnitTest name="TFSTests.Agile.SprintPlanning TeamCapacity_VerifyTeamCapacityChangedEventRegistration" storage="d:\v2.0\a1\_work\dbded102\vso\tfs\service\webaccess\agile\testscripts\tests\tfstests.agile.sprintplanning.ts" id="5cdd410c-5da9-45f9-b59a-c8bc9bd280d8">
      <Execution id="4b52488a-24fc-4c15-bf4a-4cf1000b27d0" />
      <TestMethod codeBase="d:\v2.0\a1\_work\dbded102\vso\tfs\service\webaccess\agile\testscripts\tests\tfstests.agile.sprintplanning.ts" adapterTypeName="Microsoft.VisualStudio.TestTools.TestTypes.Unit.UnitTestAdapter" className="d:\v2.0\a1\_work\dbded102\vso\tfs\service\webaccess\agile\testscripts\tests\tfstests.agile.sprintplanning.ts::tfstests.agile" name="TFSTests.Agile.SprintPlanning TeamCapacity_VerifyTeamCapacityChangedEventRegistration" />
    </UnitTest>
    <UnitTest name="TFSTests.Agile.SprintPlanning TeamCapacity_VerifyTeamMemberCapacityChangedEventRegistration" storage="d:\v2.0\a1\_work\dbded102\vso\tfs\service\webaccess\agile\testscripts\tests\tfstests.agile.sprintplanning.ts" id="166eeadc-a8b6-447a-a47b-eb6ca80db239">
      <Execution id="50626d44-0316-4425-9cae-ba6f285b6e1b" />
      <TestMethod codeBase="d:\v2.0\a1\_work\dbded102\vso\tfs\service\webaccess\agile\testscripts\tests\tfstests.agile.sprintplanning.ts" adapterTypeName="Microsoft.VisualStudio.TestTools.TestTypes.Unit.UnitTestAdapter" className="d:\v2.0\a1\_work\dbded102\vso\tfs\service\webaccess\agile\testscripts\tests\tfstests.agile.sprintplanning.ts::tfstests.agile" name="TFSTests.Agile.SprintPlanning TeamCapacity_VerifyTeamMemberCapacityChangedEventRegistration" />
    </UnitTest>
    <UnitTest name="TFSTests.Agile.SprintPlanning TeamCapacity_VerifyTeamCapacityChangedEventCascades" storage="d:\v2.0\a1\_work\dbded102\vso\tfs\service\webaccess\agile\testscripts\tests\tfstests.agile.sprintplanning.ts" id="55774161-dc24-4983-b6f8-5de68131f98c">
      <Execution id="55eecef3-5178-4a30-b0b5-ecc483ff770f" />
      <TestMethod codeBase="d:\v2.0\a1\_work\dbded102\vso\tfs\service\webaccess\agile\testscripts\tests\tfstests.agile.sprintplanning.ts" adapterTypeName="Microsoft.VisualStudio.TestTools.TestTypes.Unit.UnitTestAdapter" className="d:\v2.0\a1\_work\dbded102\vso\tfs\service\webaccess\agile\testscripts\tests\tfstests.agile.sprintplanning.ts::tfstests.agile" name="TFSTests.Agile.SprintPlanning TeamCapacity_VerifyTeamCapacityChangedEventCascades" />
    </UnitTest>
    <UnitTest name="TFSTests.Agile.SprintPlanning TeamCapacity_VerifyTeamMemberCapacityChangedEventCascades" storage="d:\v2.0\a1\_work\dbded102\vso\tfs\service\webaccess\agile\testscripts\tests\tfstests.agile.sprintplanning.ts" id="90ce089d-755c-49d4-a564-4afa5ed28f67">
      <Execution id="c7e5f2c8-9a84-454c-93e1-81faa7ede65d" />
      <TestMethod codeBase="d:\v2.0\a1\_work\dbded102\vso\tfs\service\webaccess\agile\testscripts\tests\tfstests.agile.sprintplanning.ts" adapterTypeName="Microsoft.VisualStudio.TestTools.TestTypes.Unit.UnitTestAdapter" className="d:\v2.0\a1\_work\dbded102\vso\tfs\service\webaccess\agile\testscripts\tests\tfstests.agile.sprintplanning.ts::tfstests.agile" name="TFSTests.Agile.SprintPlanning TeamCapacity_VerifyTeamMemberCapacityChangedEventCascades" />
    </UnitTest>
    <UnitTest name="TFSTests.Agile.SprintPlanning TeamCapacity_VerifyCanGetActivityValuesList" storage="d:\v2.0\a1\_work\dbded102\vso\tfs\service\webaccess\agile\testscripts\tests\tfstests.agile.sprintplanning.ts" id="1a3abefb-c8c4-4c7b-aa00-5fb325c1d426">
      <Execution id="643d670a-7b87-4df0-a138-8cc421cf6372" />
      <TestMethod codeBase="d:\v2.0\a1\_work\dbded102\vso\tfs\service\webaccess\agile\testscripts\tests\tfstests.agile.sprintplanning.ts" adapterTypeName="Microsoft.VisualStudio.TestTools.TestTypes.Unit.UnitTestAdapter" className="d:\v2.0\a1\_work\dbded102\vso\tfs\service\webaccess\agile\testscripts\tests\tfstests.agile.sprintplanning.ts::tfstests.agile" name="TFSTests.Agile.SprintPlanning TeamCapacity_VerifyCanGetActivityValuesList" />
    </UnitTest>
    <UnitTest name="TFSTests.Agile.SprintPlanning TeamCapacity_VerifyActivityCapacityChangedIsRaisedWhenTeamMemberCapacityChanges" storage="d:\v2.0\a1\_work\dbded102\vso\tfs\service\webaccess\agile\testscripts\tests\tfstests.agile.sprintplanning.ts" id="4fa6bcee-20bc-4164-928d-805c22cf1e4f">
      <Execution id="c0f55459-6b6c-40e5-9f81-261f2ef8bceb" />
      <TestMethod codeBase="d:\v2.0\a1\_work\dbded102\vso\tfs\service\webaccess\agile\testscripts\tests\tfstests.agile.sprintplanning.ts" adapterTypeName="Microsoft.VisualStudio.TestTools.TestTypes.Unit.UnitTestAdapter" className="d:\v2.0\a1\_work\dbded102\vso\tfs\service\webaccess\agile\testscripts\tests\tfstests.agile.sprintplanning.ts::tfstests.agile" name="TFSTests.Agile.SprintPlanning TeamCapacity_VerifyActivityCapacityChangedIsRaisedWhenTeamMemberCapacityChanges" />
    </UnitTest>
    <UnitTest name="TFSTests.Agile.SprintPlanning TeamCapacity_VerifyActivityCapacityChangedIsRaisedWhenTeamMemberDaysOffChanges" storage="d:\v2.0\a1\_work\dbded102\vso\tfs\service\webaccess\agile\testscripts\tests\tfstests.agile.sprintplanning.ts" id="484b52ad-0d4e-4839-aad5-6077b2c7bf00">
      <Execution id="c4c5f634-0506-4b44-8028-81dc9a509be9" />
      <TestMethod codeBase="d:\v2.0\a1\_work\dbded102\vso\tfs\service\webaccess\agile\testscripts\tests\tfstests.agile.sprintplanning.ts" adapterTypeName="Microsoft.VisualStudio.TestTools.TestTypes.Unit.UnitTestAdapter" className="d:\v2.0\a1\_work\dbded102\vso\tfs\service\webaccess\agile\testscripts\tests\tfstests.agile.sprintplanning.ts::tfstests.agile" name="TFSTests.Agile.SprintPlanning TeamCapacity_VerifyActivityCapacityChangedIsRaisedWhenTeamMemberDaysOffChanges" />
    </UnitTest>
    <UnitTest name="TFSTests.Agile.SprintPlanning CapacityDateUtils_VerifyGetDSTAgnosticDateCorrectlyRoundsDates" storage="d:\v2.0\a1\_work\dbded102\vso\tfs\service\webaccess\agile\testscripts\tests\tfstests.agile.sprintplanning.ts" id="37f5221c-8474-48a3-b784-f09c06cb3286">
      <Execution id="c19fa9a0-90da-4f47-96db-aad4faaef092" />
      <TestMethod codeBase="d:\v2.0\a1\_work\dbded102\vso\tfs\service\webaccess\agile\testscripts\tests\tfstests.agile.sprintplanning.ts" adapterTypeName="Microsoft.VisualStudio.TestTools.TestTypes.Unit.UnitTestAdapter" className="d:\v2.0\a1\_work\dbded102\vso\tfs\service\webaccess\agile\testscripts\tests\tfstests.agile.sprintplanning.ts::tfstests.agile" name="TFSTests.Agile.SprintPlanning CapacityDateUtils_VerifyGetDSTAgnosticDateCorrectlyRoundsDates" />
    </UnitTest>
    <UnitTest name="TFSTests.Agile.SprintPlanning CapacityDateUtils_getWorkingDaysInfoWithDaylightSavingsTime" storage="d:\v2.0\a1\_work\dbded102\vso\tfs\service\webaccess\agile\testscripts\tests\tfstests.agile.sprintplanning.ts" id="776f4943-1503-4c50-bf68-32bb4e7c3320">
      <Execution id="4efa92db-bb35-4ed1-891a-3373f928c90f" />
      <TestMethod codeBase="d:\v2.0\a1\_work\dbded102\vso\tfs\service\webaccess\agile\testscripts\tests\tfstests.agile.sprintplanning.ts" adapterTypeName="Microsoft.VisualStudio.TestTools.TestTypes.Unit.UnitTestAdapter" className="d:\v2.0\a1\_work\dbded102\vso\tfs\service\webaccess\agile\testscripts\tests\tfstests.agile.sprintplanning.ts::tfstests.agile" name="TFSTests.Agile.SprintPlanning CapacityDateUtils_getWorkingDaysInfoWithDaylightSavingsTime" />
    </UnitTest>
    <UnitTest name="TFSTests.Agile.SprintPlanning CapacityView_ControlRendersAsExpected" storage="d:\v2.0\a1\_work\dbded102\vso\tfs\service\webaccess\agile\testscripts\tests\tfstests.agile.sprintplanning.ts" id="6350f77b-3939-49aa-81b0-df3481fdc443">
      <Execution id="e80fda2b-4e6e-4f8a-b541-08cd2ded8f6a" />
      <TestMethod codeBase="d:\v2.0\a1\_work\dbded102\vso\tfs\service\webaccess\agile\testscripts\tests\tfstests.agile.sprintplanning.ts" adapterTypeName="Microsoft.VisualStudio.TestTools.TestTypes.Unit.UnitTestAdapter" className="d:\v2.0\a1\_work\dbded102\vso\tfs\service\webaccess\agile\testscripts\tests\tfstests.agile.sprintplanning.ts::tfstests.agile" name="TFSTests.Agile.SprintPlanning CapacityView_ControlRendersAsExpected" />
    </UnitTest>
    <UnitTest name="TFSTests.Agile.SprintPlanning FieldAggregator_TestReparentWorkItem" storage="d:\v2.0\a1\_work\dbded102\vso\tfs\service\webaccess\agile\testscripts\tests\tfstests.agile.sprintplanning.ts" id="63f5439d-247f-4626-8539-13b0a7881c19">
      <Execution id="71019b9c-e34a-49f6-a512-c7ce053e3190" />
      <TestMethod codeBase="d:\v2.0\a1\_work\dbded102\vso\tfs\service\webaccess\agile\testscripts\tests\tfstests.agile.sprintplanning.ts" adapterTypeName="Microsoft.VisualStudio.TestTools.TestTypes.Unit.UnitTestAdapter" className="d:\v2.0\a1\_work\dbded102\vso\tfs\service\webaccess\agile\testscripts\tests\tfstests.agile.sprintplanning.ts::tfstests.agile" name="TFSTests.Agile.SprintPlanning FieldAggregator_TestReparentWorkItem" />
    </UnitTest>
    <UnitTest name="TFSTests.Agile.SprintPlanning FieldAggregator_TestReparentWorkItemOnReorder" storage="d:\v2.0\a1\_work\dbded102\vso\tfs\service\webaccess\agile\testscripts\tests\tfstests.agile.sprintplanning.ts" id="baaf07ca-91e9-482c-9a06-85426b6dd648">
      <Execution id="4ef7a10d-4149-4496-b729-d31ed080db2a" />
      <TestMethod codeBase="d:\v2.0\a1\_work\dbded102\vso\tfs\service\webaccess\agile\testscripts\tests\tfstests.agile.sprintplanning.ts" adapterTypeName="Microsoft.VisualStudio.TestTools.TestTypes.Unit.UnitTestAdapter" className="d:\v2.0\a1\_work\dbded102\vso\tfs\service\webaccess\agile\testscripts\tests\tfstests.agile.sprintplanning.ts::tfstests.agile" name="TFSTests.Agile.SprintPlanning FieldAggregator_TestReparentWorkItemOnReorder" />
    </UnitTest>
    <UnitTest name="TFSTests.Agile.SprintPlanning FieldAggregator_TestReparentWorkItemOnReparentToNew" storage="d:\v2.0\a1\_work\dbded102\vso\tfs\service\webaccess\agile\testscripts\tests\tfstests.agile.sprintplanning.ts" id="3e743dd8-2d08-43ab-b651-9f9f80749add">
      <Execution id="81f70f71-6b26-49e5-945b-305bf194976c" />
      <TestMethod codeBase="d:\v2.0\a1\_work\dbded102\vso\tfs\service\webaccess\agile\testscripts\tests\tfstests.agile.sprintplanning.ts" adapterTypeName="Microsoft.VisualStudio.TestTools.TestTypes.Unit.UnitTestAdapter" className="d:\v2.0\a1\_work\dbded102\vso\tfs\service\webaccess\agile\testscripts\tests\tfstests.agile.sprintplanning.ts::tfstests.agile" name="TFSTests.Agile.SprintPlanning FieldAggregator_TestReparentWorkItemOnReparentToNew" />
    </UnitTest>
    <UnitTest name="TFSTests.Agile.SprintPlanning FieldAggregator_TestReparentNotExistingWorkItem" storage="d:\v2.0\a1\_work\dbded102\vso\tfs\service\webaccess\agile\testscripts\tests\tfstests.agile.sprintplanning.ts" id="e5c7ff64-b655-4bbf-a961-ea9132254374">
      <Execution id="e934a09b-1794-4841-ab41-7620c2e5b27f" />
      <TestMethod codeBase="d:\v2.0\a1\_work\dbded102\vso\tfs\service\webaccess\agile\testscripts\tests\tfstests.agile.sprintplanning.ts" adapterTypeName="Microsoft.VisualStudio.TestTools.TestTypes.Unit.UnitTestAdapter" className="d:\v2.0\a1\_work\dbded102\vso\tfs\service\webaccess\agile\testscripts\tests\tfstests.agile.sprintplanning.ts::tfstests.agile" name="TFSTests.Agile.SprintPlanning FieldAggregator_TestReparentNotExistingWorkItem" />
    </UnitTest>
    <UnitTest name="TFSTests.Agile.SprintPlanning FieldAggregator_RemoveUnknownWorkItemShouldntChangeAggregate" storage="d:\v2.0\a1\_work\dbded102\vso\tfs\service\webaccess\agile\testscripts\tests\tfstests.agile.sprintplanning.ts" id="1258ca99-c468-4dc3-9d80-93fb41e45303">
      <Execution id="e4a92e69-f6c4-4117-b12f-f871fd97f9af" />
      <TestMethod codeBase="d:\v2.0\a1\_work\dbded102\vso\tfs\service\webaccess\agile\testscripts\tests\tfstests.agile.sprintplanning.ts" adapterTypeName="Microsoft.VisualStudio.TestTools.TestTypes.Unit.UnitTestAdapter" className="d:\v2.0\a1\_work\dbded102\vso\tfs\service\webaccess\agile\testscripts\tests\tfstests.agile.sprintplanning.ts::tfstests.agile" name="TFSTests.Agile.SprintPlanning FieldAggregator_RemoveUnknownWorkItemShouldntChangeAggregate" />
    </UnitTest>
    <UnitTest name="TFSTests.Agile.SprintPlanning FieldAggregator_TestReparentWorkItemWhenMovingTopItemNoPreviousData" storage="d:\v2.0\a1\_work\dbded102\vso\tfs\service\webaccess\agile\testscripts\tests\tfstests.agile.sprintplanning.ts" id="a69fcc9f-981b-4fc2-9c9d-b23c6c9722a5">
      <Execution id="8a4cafd0-40c7-433d-8833-6b154633f522" />
      <TestMethod codeBase="d:\v2.0\a1\_work\dbded102\vso\tfs\service\webaccess\agile\testscripts\tests\tfstests.agile.sprintplanning.ts" adapterTypeName="Microsoft.VisualStudio.TestTools.TestTypes.Unit.UnitTestAdapter" className="d:\v2.0\a1\_work\dbded102\vso\tfs\service\webaccess\agile\testscripts\tests\tfstests.agile.sprintplanning.ts::tfstests.agile" name="TFSTests.Agile.SprintPlanning FieldAggregator_TestReparentWorkItemWhenMovingTopItemNoPreviousData" />
    </UnitTest>
    <UnitTest name="TFSTests.Agile.SprintPlanning FieldAggregator_updateDefaultActivity_basecase" storage="d:\v2.0\a1\_work\dbded102\vso\tfs\service\webaccess\agile\testscripts\tests\tfstests.agile.sprintplanning.ts" id="d2d4116c-15e2-4629-934c-ec9f904165d2">
      <Execution id="59a058e1-f436-4eef-b0f1-148d24e81649" />
      <TestMethod codeBase="d:\v2.0\a1\_work\dbded102\vso\tfs\service\webaccess\agile\testscripts\tests\tfstests.agile.sprintplanning.ts" adapterTypeName="Microsoft.VisualStudio.TestTools.TestTypes.Unit.UnitTestAdapter" className="d:\v2.0\a1\_work\dbded102\vso\tfs\service\webaccess\agile\testscripts\tests\tfstests.agile.sprintplanning.ts::tfstests.agile" name="TFSTests.Agile.SprintPlanning FieldAggregator_updateDefaultActivity_basecase" />
    </UnitTest>
    <UnitTest name="TFSTests.Agile.SprintPlanning FieldAggregator_updateDefaultActivity_twoWorkItems" storage="d:\v2.0\a1\_work\dbded102\vso\tfs\service\webaccess\agile\testscripts\tests\tfstests.agile.sprintplanning.ts" id="8d83c707-6b0c-4a6e-817a-5119954d3e34">
      <Execution id="bf593576-abf4-4254-9839-9c013898fc03" />
      <TestMethod codeBase="d:\v2.0\a1\_work\dbded102\vso\tfs\service\webaccess\agile\testscripts\tests\tfstests.agile.sprintplanning.ts" adapterTypeName="Microsoft.VisualStudio.TestTools.TestTypes.Unit.UnitTestAdapter" className="d:\v2.0\a1\_work\dbded102\vso\tfs\service\webaccess\agile\testscripts\tests\tfstests.agile.sprintplanning.ts::tfstests.agile" name="TFSTests.Agile.SprintPlanning FieldAggregator_updateDefaultActivity_twoWorkItems" />
    </UnitTest>
    <UnitTest name="TFSTests.Agile.SprintPlanning FieldAggregator_updateDefaultActivity_workItemHasActivity" storage="d:\v2.0\a1\_work\dbded102\vso\tfs\service\webaccess\agile\testscripts\tests\tfstests.agile.sprintplanning.ts" id="9b7d087a-e382-4c92-b5d2-b568c673bea5">
      <Execution id="d6990220-8a7d-4fd1-bc89-5f49d6759b7c" />
      <TestMethod codeBase="d:\v2.0\a1\_work\dbded102\vso\tfs\service\webaccess\agile\testscripts\tests\tfstests.agile.sprintplanning.ts" adapterTypeName="Microsoft.VisualStudio.TestTools.TestTypes.Unit.UnitTestAdapter" className="d:\v2.0\a1\_work\dbded102\vso\tfs\service\webaccess\agile\testscripts\tests\tfstests.agile.sprintplanning.ts::tfstests.agile" name="TFSTests.Agile.SprintPlanning FieldAggregator_updateDefaultActivity_workItemHasActivity" />
    </UnitTest>
    <UnitTest name="TFSTests.Agile.SprintPlanning GroupedProgressDataProvider_DataChangedEventFiresAfterRegistration" storage="d:\v2.0\a1\_work\dbded102\vso\tfs\service\webaccess\agile\testscripts\tests\tfstests.agile.sprintplanning.ts" id="28d1d871-398b-433f-93f9-233579f3bdac">
      <Execution id="da80d79d-50bc-4c82-8d89-755ee627d117" />
      <TestMethod codeBase="d:\v2.0\a1\_work\dbded102\vso\tfs\service\webaccess\agile\testscripts\tests\tfstests.agile.sprintplanning.ts" adapterTypeName="Microsoft.VisualStudio.TestTools.TestTypes.Unit.UnitTestAdapter" className="d:\v2.0\a1\_work\dbded102\vso\tfs\service\webaccess\agile\testscripts\tests\tfstests.agile.sprintplanning.ts::tfstests.agile" name="TFSTests.Agile.SprintPlanning GroupedProgressDataProvider_DataChangedEventFiresAfterRegistration" />
    </UnitTest>
    <UnitTest name="TFSTests.Agile.SprintPlanning GroupedProgressDataProvider_EnsureDataChangedReturnsCorrectData" storage="d:\v2.0\a1\_work\dbded102\vso\tfs\service\webaccess\agile\testscripts\tests\tfstests.agile.sprintplanning.ts" id="1a2a27a1-0e1b-452d-baf3-62f58660ee6e">
      <Execution id="880abce9-7a14-485e-88e5-7819a04159a1" />
      <TestMethod codeBase="d:\v2.0\a1\_work\dbded102\vso\tfs\service\webaccess\agile\testscripts\tests\tfstests.agile.sprintplanning.ts" adapterTypeName="Microsoft.VisualStudio.TestTools.TestTypes.Unit.UnitTestAdapter" className="d:\v2.0\a1\_work\dbded102\vso\tfs\service\webaccess\agile\testscripts\tests\tfstests.agile.sprintplanning.ts::tfstests.agile" name="TFSTests.Agile.SprintPlanning GroupedProgressDataProvider_EnsureDataChangedReturnsCorrectData" />
    </UnitTest>
    <UnitTest name="TFSTests.Agile.SprintPlanning AssignedToGroupedProgressDataProvider_GetDataReturnsCorrectData" storage="d:\v2.0\a1\_work\dbded102\vso\tfs\service\webaccess\agile\testscripts\tests\tfstests.agile.sprintplanning.ts" id="f74bef9a-31cb-4e60-b59e-a7de8877b999">
      <Execution id="1ee46ead-308a-4c19-adde-8d5a285da141" />
      <TestMethod codeBase="d:\v2.0\a1\_work\dbded102\vso\tfs\service\webaccess\agile\testscripts\tests\tfstests.agile.sprintplanning.ts" adapterTypeName="Microsoft.VisualStudio.TestTools.TestTypes.Unit.UnitTestAdapter" className="d:\v2.0\a1\_work\dbded102\vso\tfs\service\webaccess\agile\testscripts\tests\tfstests.agile.sprintplanning.ts::tfstests.agile" name="TFSTests.Agile.SprintPlanning AssignedToGroupedProgressDataProvider_GetDataReturnsCorrectData" />
    </UnitTest>
    <UnitTest name="TFSTests.Agile.SprintPlanning GroupedProgressControl_HandleDataChangedRemovesEntries" storage="d:\v2.0\a1\_work\dbded102\vso\tfs\service\webaccess\agile\testscripts\tests\tfstests.agile.sprintplanning.ts" id="c66813f1-e189-449c-907c-4f09f86e5aa2">
      <Execution id="8d800ba4-db72-45a8-a23a-a4ea1d5b4b0e" />
      <TestMethod codeBase="d:\v2.0\a1\_work\dbded102\vso\tfs\service\webaccess\agile\testscripts\tests\tfstests.agile.sprintplanning.ts" adapterTypeName="Microsoft.VisualStudio.TestTools.TestTypes.Unit.UnitTestAdapter" className="d:\v2.0\a1\_work\dbded102\vso\tfs\service\webaccess\agile\testscripts\tests\tfstests.agile.sprintplanning.ts::tfstests.agile" name="TFSTests.Agile.SprintPlanning GroupedProgressControl_HandleDataChangedRemovesEntries" />
    </UnitTest>
    <UnitTest name="TFSTests.Agile.SprintPlanning GroupedProgressControl_RemovingLastEntryInGroupCausesGroupToBeRemovedFromDOM" storage="d:\v2.0\a1\_work\dbded102\vso\tfs\service\webaccess\agile\testscripts\tests\tfstests.agile.sprintplanning.ts" id="f3344851-7de3-40cd-b135-4a813e01ada4">
      <Execution id="355ecddc-9d26-44a0-a24d-b5265baeccf9" />
      <TestMethod codeBase="d:\v2.0\a1\_work\dbded102\vso\tfs\service\webaccess\agile\testscripts\tests\tfstests.agile.sprintplanning.ts" adapterTypeName="Microsoft.VisualStudio.TestTools.TestTypes.Unit.UnitTestAdapter" className="d:\v2.0\a1\_work\dbded102\vso\tfs\service\webaccess\agile\testscripts\tests\tfstests.agile.sprintplanning.ts::tfstests.agile" name="TFSTests.Agile.SprintPlanning GroupedProgressControl_RemovingLastEntryInGroupCausesGroupToBeRemovedFromDOM" />
    </UnitTest>
    <UnitTest name="TFSTests.Agile.SprintPlanning GroupedProgressControl_NewDataGetsRenderedCorrectly" storage="d:\v2.0\a1\_work\dbded102\vso\tfs\service\webaccess\agile\testscripts\tests\tfstests.agile.sprintplanning.ts" id="30e3f887-0b8d-44b4-bbc0-982d5d67f96b">
      <Execution id="aaaa6f03-9981-48b5-9eef-c6e8fb263d50" />
      <TestMethod codeBase="d:\v2.0\a1\_work\dbded102\vso\tfs\service\webaccess\agile\testscripts\tests\tfstests.agile.sprintplanning.ts" adapterTypeName="Microsoft.VisualStudio.TestTools.TestTypes.Unit.UnitTestAdapter" className="d:\v2.0\a1\_work\dbded102\vso\tfs\service\webaccess\agile\testscripts\tests\tfstests.agile.sprintplanning.ts::tfstests.agile" name="TFSTests.Agile.SprintPlanning GroupedProgressControl_NewDataGetsRenderedCorrectly" />
    </UnitTest>
    <UnitTest name="TFSTests.Agile.SprintPlanning GroupedProgressControl_UpdatedDataIsRenderedCorrectly" storage="d:\v2.0\a1\_work\dbded102\vso\tfs\service\webaccess\agile\testscripts\tests\tfstests.agile.sprintplanning.ts" id="2d1da7df-eb8a-4ce0-8bd3-dbc131bbf9c2">
      <Execution id="78d59d51-2f48-4cb1-89ce-5dc998288a53" />
      <TestMethod codeBase="d:\v2.0\a1\_work\dbded102\vso\tfs\service\webaccess\agile\testscripts\tests\tfstests.agile.sprintplanning.ts" adapterTypeName="Microsoft.VisualStudio.TestTools.TestTypes.Unit.UnitTestAdapter" className="d:\v2.0\a1\_work\dbded102\vso\tfs\service\webaccess\agile\testscripts\tests\tfstests.agile.sprintplanning.ts::tfstests.agile" name="TFSTests.Agile.SprintPlanning GroupedProgressControl_UpdatedDataIsRenderedCorrectly" />
    </UnitTest>
    <UnitTest name="TFSTests.Agile.SprintPlanning GroupedProgressControl_IncreaseMaxTotalCausesReDraw" storage="d:\v2.0\a1\_work\dbded102\vso\tfs\service\webaccess\agile\testscripts\tests\tfstests.agile.sprintplanning.ts" id="4f4ae1c4-271c-4fd1-bdf5-91143d6da3c4">
      <Execution id="9e6b65f0-39c9-4797-9e4e-17d5b54fb15b" />
      <TestMethod codeBase="d:\v2.0\a1\_work\dbded102\vso\tfs\service\webaccess\agile\testscripts\tests\tfstests.agile.sprintplanning.ts" adapterTypeName="Microsoft.VisualStudio.TestTools.TestTypes.Unit.UnitTestAdapter" className="d:\v2.0\a1\_work\dbded102\vso\tfs\service\webaccess\agile\testscripts\tests\tfstests.agile.sprintplanning.ts::tfstests.agile" name="TFSTests.Agile.SprintPlanning GroupedProgressControl_IncreaseMaxTotalCausesReDraw" />
    </UnitTest>
  </TestDefinitions>
  <TestEntries>
    <TestEntry testId="6a710651-9473-4ad4-a3b5-f7bb101e67f0" executionId="1625f11b-fde7-4471-84ca-7deb4eb404cd" testListId="8c84fa94-04c1-424b-9868-57a2d4851a1d" />
    <TestEntry testId="722c8ed5-efe2-4499-b09e-4355694fd58a" executionId="7c0f1ba1-7602-4899-8689-8400d530ab02" testListId="8c84fa94-04c1-424b-9868-57a2d4851a1d" />
    <TestEntry testId="16652144-794d-4b8a-889b-64187d4f1470" executionId="683b4bc2-ca6c-4ca5-8707-e994e04039f6" testListId="8c84fa94-04c1-424b-9868-57a2d4851a1d" />
    <TestEntry testId="7f9036bd-8393-496b-8b76-2410505ed111" executionId="207f9458-0f7a-4acf-b469-1b4d75a5d336" testListId="8c84fa94-04c1-424b-9868-57a2d4851a1d" />
    <TestEntry testId="5f1e141c-0141-4928-8d11-739aef518ba8" executionId="d11e5b1d-9e17-46d2-9750-320ea5688e64" testListId="8c84fa94-04c1-424b-9868-57a2d4851a1d" />
    <TestEntry testId="bf350737-3efd-444f-ae89-c919846eb250" executionId="7d48885b-bca8-4fcd-9946-fda2633f08b0" testListId="8c84fa94-04c1-424b-9868-57a2d4851a1d" />
    <TestEntry testId="829f153f-470d-4804-a624-33680505ba19" executionId="b6098b4c-0324-457a-a41c-7b88d10f2f67" testListId="8c84fa94-04c1-424b-9868-57a2d4851a1d" />
    <TestEntry testId="e72f1a6a-bf66-4a62-86d0-84d60b3a8427" executionId="a49e340b-e932-407a-9c8c-f286ab346761" testListId="8c84fa94-04c1-424b-9868-57a2d4851a1d" />
    <TestEntry testId="32f8b3d3-de01-4fb5-9377-b77c428ee75f" executionId="4c154f96-e340-4821-aba3-5a9cd54fcda4" testListId="8c84fa94-04c1-424b-9868-57a2d4851a1d" />
    <TestEntry testId="9a1ed5d9-f157-466d-b906-aef2644db212" executionId="519832c3-b6d0-422f-8bb7-a54a132f347c" testListId="8c84fa94-04c1-424b-9868-57a2d4851a1d" />
    <TestEntry testId="de5cc42e-d5f3-402b-b683-1bc56b052214" executionId="09919390-a732-4c6c-8917-2023192b58f5" testListId="8c84fa94-04c1-424b-9868-57a2d4851a1d" />
    <TestEntry testId="94e8a068-87b0-4c08-8c27-228b203c1c26" executionId="d93fe8df-f0f0-4f46-9c08-c3a6d31f999f" testListId="8c84fa94-04c1-424b-9868-57a2d4851a1d" />
    <TestEntry testId="0e5ebb58-9044-4e58-99ed-6039b1d7cd4d" executionId="e0cc6fb3-1da1-4d83-af4f-c4916aad62bc" testListId="8c84fa94-04c1-424b-9868-57a2d4851a1d" />
    <TestEntry testId="1e06efa0-6673-4487-9a0e-38347aa683b1" executionId="ca24268a-df1e-4c3b-bda2-8f2c98ab1dfe" testListId="8c84fa94-04c1-424b-9868-57a2d4851a1d" />
    <TestEntry testId="21555933-cb7a-4508-a78c-c5304f603768" executionId="bc371247-6879-4357-893a-a3d5c5f5e8e3" testListId="8c84fa94-04c1-424b-9868-57a2d4851a1d" />
    <TestEntry testId="535ae8a5-4e7b-43f1-a0e8-59dfa30b2cd7" executionId="eb6ae7a7-5cec-4d26-a076-c3a9d4e661f3" testListId="8c84fa94-04c1-424b-9868-57a2d4851a1d" />
    <TestEntry testId="34b954cd-1c39-42e7-ba9b-ee49b98bb646" executionId="ed595e4a-fd66-4efa-a509-3df18db5d4b8" testListId="8c84fa94-04c1-424b-9868-57a2d4851a1d" />
    <TestEntry testId="bd070969-f095-46de-bd62-f20d3c3d6e51" executionId="d7b070f2-4fcb-46b6-ac1f-2c165bdc2750" testListId="8c84fa94-04c1-424b-9868-57a2d4851a1d" />
    <TestEntry testId="86ba2566-6ffa-45b7-81ad-f68fc7223300" executionId="dbff07e8-a5dc-4461-9ac0-844fc1870f90" testListId="8c84fa94-04c1-424b-9868-57a2d4851a1d" />
    <TestEntry testId="2d74a580-aefd-4dc6-9cb5-48f22be9eaf5" executionId="5242b153-7140-405d-8e84-24bc284b0d81" testListId="8c84fa94-04c1-424b-9868-57a2d4851a1d" />
    <TestEntry testId="3707a7a7-8602-47c5-b4bc-663f1f021e3f" executionId="2a32ae8b-40d1-463c-b7e9-eda116c1c476" testListId="8c84fa94-04c1-424b-9868-57a2d4851a1d" />
    <TestEntry testId="45daabbc-162a-410c-a6a8-c2d01284a5a3" executionId="a883e5e6-9642-49c5-ae90-29da8111b712" testListId="8c84fa94-04c1-424b-9868-57a2d4851a1d" />
    <TestEntry testId="5d5a0184-2cc1-4045-98b2-dbb81a9a092a" executionId="dfc37d38-b9f6-4372-a75d-b4f808a9de22" testListId="8c84fa94-04c1-424b-9868-57a2d4851a1d" />
    <TestEntry testId="d8dde39e-092b-4ff2-af4d-1a5d304a5849" executionId="37764a61-fc92-4522-832e-a017fe59eae5" testListId="8c84fa94-04c1-424b-9868-57a2d4851a1d" />
    <TestEntry testId="be42dcf2-a650-4814-9454-2906d5bead08" executionId="fb5b9c65-ff0c-4d25-8e0d-fd6333565f3c" testListId="8c84fa94-04c1-424b-9868-57a2d4851a1d" />
    <TestEntry testId="bfe575f1-26c4-482b-ae49-093040c08a93" executionId="df9747f5-4dfa-4e54-8633-b79e08664ac0" testListId="8c84fa94-04c1-424b-9868-57a2d4851a1d" />
    <TestEntry testId="ac8a8427-c076-453c-b14f-a4c2820f9f16" executionId="32e5d2e5-ede3-40d5-9d76-5b21796657db" testListId="8c84fa94-04c1-424b-9868-57a2d4851a1d" />
    <TestEntry testId="9caa61cb-abbc-4e5d-ac7c-276ef471f551" executionId="f0866fb2-5b5b-4579-8d6d-c69aab1a30e5" testListId="8c84fa94-04c1-424b-9868-57a2d4851a1d" />
    <TestEntry testId="93a21cc6-6c81-4d37-a9c9-464c8518beae" executionId="6445f986-2da3-403d-a967-3a356e039634" testListId="8c84fa94-04c1-424b-9868-57a2d4851a1d" />
    <TestEntry testId="cb72035f-db47-4ab4-9e0e-f3d642f02658" executionId="cddefdf6-e1c2-4816-89d6-ebb89b3dc2d9" testListId="8c84fa94-04c1-424b-9868-57a2d4851a1d" />
    <TestEntry testId="8feeb733-dd68-4193-a355-e7515c6e8ba7" executionId="ee7115e5-5603-4698-80f8-6b527dec2d92" testListId="8c84fa94-04c1-424b-9868-57a2d4851a1d" />
    <TestEntry testId="9cc6d860-9a88-4cbb-b842-b8a79d8e6e4f" executionId="fd49c45a-4a52-4e40-a211-0286776f9e59" testListId="8c84fa94-04c1-424b-9868-57a2d4851a1d" />
    <TestEntry testId="1d5eea11-b864-4030-a872-e28ea95b5848" executionId="b022a4b7-8f99-410d-a492-541f23a6ea8f" testListId="8c84fa94-04c1-424b-9868-57a2d4851a1d" />
    <TestEntry testId="fe75d2bb-e84d-4c6d-b9fe-fcec49a7be41" executionId="6fcb5893-156e-4d9b-9d16-043df26878cd" testListId="8c84fa94-04c1-424b-9868-57a2d4851a1d" />
    <TestEntry testId="d1de0123-7d4c-472d-b340-06ea0d9c5531" executionId="49a0a89a-ae4e-47e6-9e33-f63095e21d63" testListId="8c84fa94-04c1-424b-9868-57a2d4851a1d" />
    <TestEntry testId="b672bb35-b75e-4f52-a292-c63ddf1843a5" executionId="7e980d2d-f741-42dc-9b00-e9f35d2fc814" testListId="8c84fa94-04c1-424b-9868-57a2d4851a1d" />
    <TestEntry testId="17beda1e-7050-4894-bf44-38aa1a32bcc6" executionId="37bd4cbf-5d20-4f13-bb15-3164eaf909c5" testListId="8c84fa94-04c1-424b-9868-57a2d4851a1d" />
    <TestEntry testId="e1fc19ff-479a-4d50-9553-1178c0198083" executionId="c55b001a-5bf0-406b-945d-d2f364deedc8" testListId="8c84fa94-04c1-424b-9868-57a2d4851a1d" />
    <TestEntry testId="dec97c3c-27bb-47b2-9553-5fa0f52ef35b" executionId="776dce00-9040-497c-81d3-09228bc06a56" testListId="8c84fa94-04c1-424b-9868-57a2d4851a1d" />
    <TestEntry testId="9704ada7-b801-4792-8638-8252da9e6d98" executionId="519cc4ea-9008-4749-960d-c2be412ba017" testListId="8c84fa94-04c1-424b-9868-57a2d4851a1d" />
    <TestEntry testId="4d4a92c1-694c-4e2c-8860-7ff39023e89f" executionId="731f7db5-8d99-4212-86c1-b6dd46499444" testListId="8c84fa94-04c1-424b-9868-57a2d4851a1d" />
    <TestEntry testId="c7565e30-2a8b-45db-9c74-51f7503e0dbb" executionId="938666e5-dfb3-48b0-a724-946e4e2ec955" testListId="8c84fa94-04c1-424b-9868-57a2d4851a1d" />
    <TestEntry testId="0d4e9057-8bba-4452-99e2-67e3c3d8f550" executionId="abf3b8d8-75db-4a33-bfff-c18ced82f799" testListId="8c84fa94-04c1-424b-9868-57a2d4851a1d" />
    <TestEntry testId="fb082a0d-3060-4aa1-a5fe-b65eaf686082" executionId="642226b9-09f9-4b96-8909-2db8e9644d90" testListId="8c84fa94-04c1-424b-9868-57a2d4851a1d" />
    <TestEntry testId="290ea67e-bc2b-41ca-8c35-3143ba0bdd72" executionId="69440cc3-0688-4cec-a921-a1cb9db9c122" testListId="8c84fa94-04c1-424b-9868-57a2d4851a1d" />
    <TestEntry testId="362758e8-530d-4a15-814b-e57ea915f4c2" executionId="9976e0c2-dffa-4477-bfe8-8e2a27cabd74" testListId="8c84fa94-04c1-424b-9868-57a2d4851a1d" />
    <TestEntry testId="7a6fdccd-ff5c-4ca7-87d8-bb254c5d2a5c" executionId="b873bb2b-a012-4397-9ec4-c8ea707aa97d" testListId="8c84fa94-04c1-424b-9868-57a2d4851a1d" />
    <TestEntry testId="238aba8c-e87e-467d-b03a-69f5e0054291" executionId="d1feb1b0-e449-41b2-9f3d-8bb78c46ac69" testListId="8c84fa94-04c1-424b-9868-57a2d4851a1d" />
    <TestEntry testId="cb3164f3-2783-47ca-9091-1b965d59434c" executionId="920cebe0-39b8-4dc0-bce4-b9bf2f40481b" testListId="8c84fa94-04c1-424b-9868-57a2d4851a1d" />
    <TestEntry testId="9070fad6-30a2-4de7-a67f-ba2207030138" executionId="eda23470-2cba-4770-9db5-2390ea65e2b7" testListId="8c84fa94-04c1-424b-9868-57a2d4851a1d" />
    <TestEntry testId="c472c4fc-7c6c-4f40-bbf6-c8ed8b20a973" executionId="483624ba-3766-4b68-bf8a-7b96aa3f4f05" testListId="8c84fa94-04c1-424b-9868-57a2d4851a1d" />
    <TestEntry testId="7378d100-1f98-47a0-961c-8b11db9819ab" executionId="7c928949-d2f8-4e2d-8051-ebbe68021acf" testListId="8c84fa94-04c1-424b-9868-57a2d4851a1d" />
    <TestEntry testId="d487048b-5533-4a26-8719-4d2b81414670" executionId="33c6da29-e0fb-4495-a73b-196ff0bafa71" testListId="8c84fa94-04c1-424b-9868-57a2d4851a1d" />
    <TestEntry testId="7a8c8299-caa0-4b5d-b107-0490356ac558" executionId="8d835ca7-7b22-4bf2-b559-6def15b7fd8e" testListId="8c84fa94-04c1-424b-9868-57a2d4851a1d" />
    <TestEntry testId="1a1b1571-d189-40e3-a030-62419ce06578" executionId="895bd872-731b-448a-941c-70d41d29d364" testListId="8c84fa94-04c1-424b-9868-57a2d4851a1d" />
    <TestEntry testId="b972eb88-ec7b-4fdd-af76-6a9927325d4f" executionId="56c6a4a7-1c4a-4add-a5bb-5b406d65a16b" testListId="8c84fa94-04c1-424b-9868-57a2d4851a1d" />
    <TestEntry testId="74b538cd-5583-4497-b84c-b44e4c63a8c7" executionId="b634066e-e9f6-4983-9e30-b1cca4cbf00f" testListId="8c84fa94-04c1-424b-9868-57a2d4851a1d" />
    <TestEntry testId="05cc8690-32bb-4d02-bf5f-5da4cef6d4e9" executionId="9e551ff9-aeae-44e3-8229-ea0641315306" testListId="8c84fa94-04c1-424b-9868-57a2d4851a1d" />
    <TestEntry testId="cb85b56f-a3c0-4e13-b674-90d590dbf182" executionId="4b047d35-00bd-431c-9a86-f06b285b81c1" testListId="8c84fa94-04c1-424b-9868-57a2d4851a1d" />
    <TestEntry testId="90de5066-40e0-449a-8b84-4cbd2f9cd8ea" executionId="0c131390-ce3f-46f6-969f-872ac912e41a" testListId="8c84fa94-04c1-424b-9868-57a2d4851a1d" />
    <TestEntry testId="1313d1ad-b725-492a-b6e9-d539d49b419a" executionId="538c13aa-629f-427f-8ca6-08ede75a6574" testListId="8c84fa94-04c1-424b-9868-57a2d4851a1d" />
    <TestEntry testId="c3d01faa-b7ba-4b0c-8486-423d8e8513d1" executionId="c50c8ab9-9ce7-496e-bbf3-344ca3c82474" testListId="8c84fa94-04c1-424b-9868-57a2d4851a1d" />
    <TestEntry testId="7cbee17a-2861-43e7-907c-518e1e4bd093" executionId="5c09e2c1-86fd-4e2a-97d4-866e47dfa7da" testListId="8c84fa94-04c1-424b-9868-57a2d4851a1d" />
    <TestEntry testId="b7c47cdd-4ab8-4e1e-9098-12e45025c1e0" executionId="7737af01-732d-40c8-8203-5d0a18d29658" testListId="8c84fa94-04c1-424b-9868-57a2d4851a1d" />
    <TestEntry testId="2374b204-c6e2-4e7f-b8e6-e47aab2e89d0" executionId="15c1d526-742b-4877-b4c5-a733c9228692" testListId="8c84fa94-04c1-424b-9868-57a2d4851a1d" />
    <TestEntry testId="9d4f14a1-ef94-4831-82b5-74d14ab728e8" executionId="9da060ab-6b01-4211-b81f-bc305251c04a" testListId="8c84fa94-04c1-424b-9868-57a2d4851a1d" />
    <TestEntry testId="3450cc3a-7c32-4ada-adbe-dc629eacc8b7" executionId="9106913f-a0d6-4716-8a6c-b6931abb2204" testListId="8c84fa94-04c1-424b-9868-57a2d4851a1d" />
    <TestEntry testId="10d41e12-5bb3-423f-b33c-42bab2247d11" executionId="2c158925-7ea4-4a37-87c2-ebddbf44a89d" testListId="8c84fa94-04c1-424b-9868-57a2d4851a1d" />
    <TestEntry testId="f5200e38-8fce-4046-8e1a-5834025f515e" executionId="7ce13adf-b7e9-4f7c-8eb4-8ee2ecbc482b" testListId="8c84fa94-04c1-424b-9868-57a2d4851a1d" />
    <TestEntry testId="a0c94050-4059-43a9-8bf2-dde427873055" executionId="c2aacf26-d297-400f-93d8-b27b9a221a1c" testListId="8c84fa94-04c1-424b-9868-57a2d4851a1d" />
    <TestEntry testId="0a583f7d-7261-4d44-8512-ecc69e6c6723" executionId="fe5cfcd8-bdc4-4234-a510-0c311b4f2cc0" testListId="8c84fa94-04c1-424b-9868-57a2d4851a1d" />
    <TestEntry testId="724bfd2f-0b4c-4b1d-b552-0d0c68a9c32b" executionId="09431173-0fcf-4983-8c6e-6c98e7f79552" testListId="8c84fa94-04c1-424b-9868-57a2d4851a1d" />
    <TestEntry testId="a934c8d2-0b0c-4ae8-8cf5-64dfebe921ed" executionId="d3e68b59-aeac-4540-a4ab-5c300821f240" testListId="8c84fa94-04c1-424b-9868-57a2d4851a1d" />
    <TestEntry testId="6067c6ed-0431-46e6-90d3-e1cf7bd72697" executionId="9d33010b-2aa3-4849-8303-a9ffe6e755dd" testListId="8c84fa94-04c1-424b-9868-57a2d4851a1d" />
    <TestEntry testId="7a504e67-ca46-4eba-b534-aabb08a44554" executionId="75c5eede-c8bd-40f3-8d36-16950af33f3d" testListId="8c84fa94-04c1-424b-9868-57a2d4851a1d" />
    <TestEntry testId="57c65168-bbfd-40e4-a04c-6182ea32c9d2" executionId="873b713c-1e9b-4698-902d-f9eb972a97bb" testListId="8c84fa94-04c1-424b-9868-57a2d4851a1d" />
    <TestEntry testId="eca53acb-5294-4490-9607-3b25ceadf6c8" executionId="e5e9aca1-888e-48c5-9a1b-56839abec9f4" testListId="8c84fa94-04c1-424b-9868-57a2d4851a1d" />
    <TestEntry testId="a4619fb7-eec4-4d97-bba5-27abbd76d4ec" executionId="e20f2844-5887-4c1a-8423-4bdc705a781a" testListId="8c84fa94-04c1-424b-9868-57a2d4851a1d" />
    <TestEntry testId="28fada76-c967-44a9-a232-176d62c7907f" executionId="e9151fa6-6ee9-4d83-b221-6b6cca7822c2" testListId="8c84fa94-04c1-424b-9868-57a2d4851a1d" />
    <TestEntry testId="f811770d-7537-4d9a-af19-b4cf71be5ab1" executionId="9c8b2272-ed00-403a-9719-0782bcac4508" testListId="8c84fa94-04c1-424b-9868-57a2d4851a1d" />
    <TestEntry testId="6c25cc43-e497-49a8-9ac8-732984e9476b" executionId="d3ddaea7-c780-4edc-929b-d0ea7fa19ca2" testListId="8c84fa94-04c1-424b-9868-57a2d4851a1d" />
    <TestEntry testId="9daf11c9-b7af-4cca-920e-855e643f0fe1" executionId="5789d83a-0d25-4c7b-993d-474753835287" testListId="8c84fa94-04c1-424b-9868-57a2d4851a1d" />
    <TestEntry testId="517a7933-f0fd-4e49-b6c9-3b32bcf07dd5" executionId="f09716bb-e807-4fe7-a971-3b25bbdf626e" testListId="8c84fa94-04c1-424b-9868-57a2d4851a1d" />
    <TestEntry testId="f2fadc69-ffc8-49d5-aec9-756a6b70f86d" executionId="f2725c31-eee0-466e-94f5-8ada5e031df2" testListId="8c84fa94-04c1-424b-9868-57a2d4851a1d" />
    <TestEntry testId="f3e82bb7-c345-44f7-a645-7c0fc7982635" executionId="8b4f2a19-4519-4ef5-98ef-208d38c7b7ea" testListId="8c84fa94-04c1-424b-9868-57a2d4851a1d" />
    <TestEntry testId="d3691516-5078-4355-a202-91359391379b" executionId="aa31f264-5751-4414-a710-4e52f3df3e6e" testListId="8c84fa94-04c1-424b-9868-57a2d4851a1d" />
    <TestEntry testId="a66acdef-e5e8-4d45-b6ce-a31549104025" executionId="5ba0e225-51ed-4f84-886c-88f332541351" testListId="8c84fa94-04c1-424b-9868-57a2d4851a1d" />
    <TestEntry testId="3f11ddd1-763d-4909-a2f3-4552b35065db" executionId="164fd752-7cb6-4b4b-95cb-a17440b8de56" testListId="8c84fa94-04c1-424b-9868-57a2d4851a1d" />
    <TestEntry testId="3b792c91-8525-4e56-a53e-52ef2886cf32" executionId="6ed26921-0abf-451e-bc4c-0fa78077207b" testListId="8c84fa94-04c1-424b-9868-57a2d4851a1d" />
    <TestEntry testId="e8587715-eb15-4c5f-8745-f4384b272207" executionId="9967e368-a146-4744-b883-e72759f51ba1" testListId="8c84fa94-04c1-424b-9868-57a2d4851a1d" />
    <TestEntry testId="4032b40e-5f2c-4008-9620-bbf4dfa88de9" executionId="eed4757b-98e2-4f55-b3f1-862bdab3823d" testListId="8c84fa94-04c1-424b-9868-57a2d4851a1d" />
    <TestEntry testId="555101b1-0a63-4940-83ad-68cf2f40ebf9" executionId="85b40e29-8514-4b36-aaad-576e169c8ec2" testListId="8c84fa94-04c1-424b-9868-57a2d4851a1d" />
    <TestEntry testId="4b8f66ed-6f57-46d4-9821-eb80883d0438" executionId="493471c7-dbb8-42e8-a4bf-33794f016e5f" testListId="8c84fa94-04c1-424b-9868-57a2d4851a1d" />
    <TestEntry testId="8c5b8fee-3b20-456a-8716-aa1474672cc4" executionId="95ed3066-61f6-4732-8a24-c8b4154ec6ab" testListId="8c84fa94-04c1-424b-9868-57a2d4851a1d" />
    <TestEntry testId="4453181f-4b5b-40b9-b174-c5e221f85fb4" executionId="c31c459c-057c-4358-aa53-4bea7e5abaa9" testListId="8c84fa94-04c1-424b-9868-57a2d4851a1d" />
    <TestEntry testId="f7da8a50-4ec9-4888-a2e6-ed71a68b679e" executionId="bce2563f-6765-41b1-af65-e7ae4f8bb729" testListId="8c84fa94-04c1-424b-9868-57a2d4851a1d" />
    <TestEntry testId="e2854488-652a-4af0-975e-9eb2f628e064" executionId="75b3bdfe-bdbd-4c2f-b46d-e8e0403b6b90" testListId="8c84fa94-04c1-424b-9868-57a2d4851a1d" />
    <TestEntry testId="07e1cc20-6ab7-4332-8962-79bbe2f7d8a8" executionId="6c90983e-25ae-4845-8114-032d67e6de17" testListId="8c84fa94-04c1-424b-9868-57a2d4851a1d" />
    <TestEntry testId="574b32f5-dfbf-4af5-a55e-b58ff9e4be7e" executionId="86d4a064-4a0a-4e89-ae40-dadd57595209" testListId="8c84fa94-04c1-424b-9868-57a2d4851a1d" />
    <TestEntry testId="fc7261c2-37c0-4130-8893-46d468093403" executionId="33efafad-b99a-4941-af16-0d872f641d8d" testListId="8c84fa94-04c1-424b-9868-57a2d4851a1d" />
    <TestEntry testId="c957d892-8bfc-48a4-8817-d23f79a9c6bc" executionId="4ee35c26-f640-43ca-b83c-020a3eef5c79" testListId="8c84fa94-04c1-424b-9868-57a2d4851a1d" />
    <TestEntry testId="e45872b2-67ff-47b2-b9af-32e18ab514d4" executionId="8193620b-ffab-4b44-85ca-91c67070db71" testListId="8c84fa94-04c1-424b-9868-57a2d4851a1d" />
    <TestEntry testId="47445d42-e32b-4b4d-8265-1fc64f3a6025" executionId="a23e225a-e08b-4ddf-a61c-e9dbb1b81124" testListId="8c84fa94-04c1-424b-9868-57a2d4851a1d" />
    <TestEntry testId="0ae789a5-6fb3-4afd-912f-c2a5ae805f8f" executionId="f20645de-1086-4e6c-8d4c-78e9a01f35fe" testListId="8c84fa94-04c1-424b-9868-57a2d4851a1d" />
    <TestEntry testId="7054391d-df87-4755-a42e-11648a6f9bb6" executionId="a9bf824d-f28d-4caa-a82c-6860fef406be" testListId="8c84fa94-04c1-424b-9868-57a2d4851a1d" />
    <TestEntry testId="4cd9a7bb-fcdc-481d-949d-3ef46833848a" executionId="55ed166b-8d96-44cd-a4a4-8ed976d58174" testListId="8c84fa94-04c1-424b-9868-57a2d4851a1d" />
    <TestEntry testId="60c906cb-fbb7-45d2-a0a9-1c6f78c8819a" executionId="f156fe59-e850-4b59-be62-c0461d7655be" testListId="8c84fa94-04c1-424b-9868-57a2d4851a1d" />
    <TestEntry testId="a2f8c84e-5a30-42fa-94b7-4e91c75a803a" executionId="ef8ce1fb-7bff-4597-925d-199986bbe061" testListId="8c84fa94-04c1-424b-9868-57a2d4851a1d" />
    <TestEntry testId="1e059127-3e29-4766-9401-5fd5fe78a506" executionId="4c707968-7242-453e-b5dd-3da283b1745a" testListId="8c84fa94-04c1-424b-9868-57a2d4851a1d" />
    <TestEntry testId="d79dd6a3-116b-41a6-b2ef-a7f589a64f8c" executionId="7fb38eb7-b2e2-466f-9b9d-61b16e3d9771" testListId="8c84fa94-04c1-424b-9868-57a2d4851a1d" />
    <TestEntry testId="cd1360a1-1d5f-4d97-a561-8cf1c186900c" executionId="191aa16b-44a3-4079-b4aa-363c119fb195" testListId="8c84fa94-04c1-424b-9868-57a2d4851a1d" />
    <TestEntry testId="5ed3e09f-fa6c-4bd2-b6e0-bce88edb7c40" executionId="beeae13c-d753-48ae-86b4-700d2f1da2ed" testListId="8c84fa94-04c1-424b-9868-57a2d4851a1d" />
    <TestEntry testId="63f810f3-b3d5-4dca-9289-e21882335c14" executionId="c6792a4b-078a-41e9-be49-8b4ba60cfb16" testListId="8c84fa94-04c1-424b-9868-57a2d4851a1d" />
    <TestEntry testId="10f5487f-d045-46b1-973b-1e47c81c7bb2" executionId="be1fb184-1b22-4a65-8a8e-0e86da4016e8" testListId="8c84fa94-04c1-424b-9868-57a2d4851a1d" />
    <TestEntry testId="4a948302-834a-4e4b-b27a-6c4f734cbad6" executionId="8f503b23-b656-4c9c-8672-5222ba322460" testListId="8c84fa94-04c1-424b-9868-57a2d4851a1d" />
    <TestEntry testId="571e6ba0-7ccc-446d-95d3-26148093b6db" executionId="67e8131e-6c34-4766-9aba-a6670184163f" testListId="8c84fa94-04c1-424b-9868-57a2d4851a1d" />
    <TestEntry testId="7f4cf0f4-33fb-4bc3-a115-34713de529ee" executionId="dbbb775a-93bc-46bf-bc44-ac7a15ccf41c" testListId="8c84fa94-04c1-424b-9868-57a2d4851a1d" />
    <TestEntry testId="6f840df8-91a0-4508-b5d7-3a1e17bf78b3" executionId="11455edf-0f15-45a7-8454-172cd4c39fc8" testListId="8c84fa94-04c1-424b-9868-57a2d4851a1d" />
    <TestEntry testId="43e49fcb-6c72-4e6e-8b02-3124bc4b3bf1" executionId="9c0b850c-d2a6-4ed9-b0b2-71b60fd7f6f5" testListId="8c84fa94-04c1-424b-9868-57a2d4851a1d" />
    <TestEntry testId="25172d77-e605-4f94-afad-475e3d9957c5" executionId="e51a59ab-2c65-4ecc-89ae-e52e40fa2b17" testListId="8c84fa94-04c1-424b-9868-57a2d4851a1d" />
    <TestEntry testId="f63e41af-b7f4-4fe8-8cc1-10afe130039f" executionId="9380443a-5a96-4328-8fad-e938d5610978" testListId="8c84fa94-04c1-424b-9868-57a2d4851a1d" />
    <TestEntry testId="89cbd104-1d34-413e-8ade-f69183d189db" executionId="f2cf2d7f-8afc-4355-9710-7a537c0a3438" testListId="8c84fa94-04c1-424b-9868-57a2d4851a1d" />
    <TestEntry testId="e3eb6479-5cc5-4f26-8415-f0e028654764" executionId="46b17097-759b-41b2-bbf5-61c3c5f577cc" testListId="8c84fa94-04c1-424b-9868-57a2d4851a1d" />
    <TestEntry testId="153ffc6d-3d3d-428b-8259-c6f0bb57399b" executionId="c0bc9c28-56b4-4bbe-b0db-f87379d42b45" testListId="8c84fa94-04c1-424b-9868-57a2d4851a1d" />
    <TestEntry testId="83ea735c-4d0f-44cb-8a20-14915bb2175f" executionId="7f534984-0825-4f2d-a622-3db7b2d0a476" testListId="8c84fa94-04c1-424b-9868-57a2d4851a1d" />
    <TestEntry testId="5a48b3c6-28a8-4dae-be24-2a8d2297fe5e" executionId="dfdc11c7-ef10-4731-a973-e13dcea2e405" testListId="8c84fa94-04c1-424b-9868-57a2d4851a1d" />
    <TestEntry testId="19061f08-b5b2-49cd-93a8-56b9d16b490d" executionId="9085efe8-8608-496e-9687-f503ceeb83b6" testListId="8c84fa94-04c1-424b-9868-57a2d4851a1d" />
    <TestEntry testId="c3d764d3-f7ea-4f74-8127-23d800105975" executionId="59f2f42b-8b34-4387-a68b-66dcf64a7930" testListId="8c84fa94-04c1-424b-9868-57a2d4851a1d" />
    <TestEntry testId="d7edca30-260b-4817-9214-ef53b469f209" executionId="45d52542-6228-4585-bd35-d07b4d0132e1" testListId="8c84fa94-04c1-424b-9868-57a2d4851a1d" />
    <TestEntry testId="866ba2b9-3ee4-464d-8d7c-72eab853a03b" executionId="2ce84825-51be-477b-a299-efd6d4370c60" testListId="8c84fa94-04c1-424b-9868-57a2d4851a1d" />
    <TestEntry testId="dd4d8a55-8c40-40f1-9e9f-df6e7978f576" executionId="0007e5d0-c7fe-4423-927c-9d98e6344650" testListId="8c84fa94-04c1-424b-9868-57a2d4851a1d" />
    <TestEntry testId="dd2a0db9-6cae-48d2-b2c1-99a812ceeb0f" executionId="159f8ba7-e042-493f-ba14-4a442189d847" testListId="8c84fa94-04c1-424b-9868-57a2d4851a1d" />
    <TestEntry testId="fba5f646-ff22-4042-9104-9ded084c9277" executionId="ce35d98c-0325-49d5-b081-6a7f97a8ffb7" testListId="8c84fa94-04c1-424b-9868-57a2d4851a1d" />
    <TestEntry testId="b6cba3f5-a4f1-4943-bf29-83f73b7ea35c" executionId="adac55b1-fbbb-42c3-b8f4-48e2b52e51f4" testListId="8c84fa94-04c1-424b-9868-57a2d4851a1d" />
    <TestEntry testId="015ddc8f-e6e6-4c6e-8caf-73769d56aded" executionId="bad111b0-e6a4-489a-adc7-6b4ab7f4323e" testListId="8c84fa94-04c1-424b-9868-57a2d4851a1d" />
    <TestEntry testId="53636f87-9baa-4f3d-8a59-aacb4b15739d" executionId="58c4a698-f71f-480d-addd-c1446df0d6fc" testListId="8c84fa94-04c1-424b-9868-57a2d4851a1d" />
    <TestEntry testId="cd0ba2fb-1ee2-470d-906d-815f8b798f65" executionId="6232d44f-ffd3-498d-ac1d-1621d7cd3264" testListId="8c84fa94-04c1-424b-9868-57a2d4851a1d" />
    <TestEntry testId="5b6db91a-4096-401f-9138-4e964264b43a" executionId="6504c7a6-c1f1-4896-86dc-cdb69d4ce7c6" testListId="8c84fa94-04c1-424b-9868-57a2d4851a1d" />
    <TestEntry testId="22dfde21-bdc8-4b22-88ca-6c9c49ec595a" executionId="2d905709-f0ce-4966-801e-4140a87e3a78" testListId="8c84fa94-04c1-424b-9868-57a2d4851a1d" />
    <TestEntry testId="f8a5c63d-01af-4d5d-9436-5477ff4dacea" executionId="69f61fc0-968b-4c14-88aa-e4367f38a43b" testListId="8c84fa94-04c1-424b-9868-57a2d4851a1d" />
    <TestEntry testId="05fea440-a417-4656-8608-7ca691dd3624" executionId="b92d40fa-b473-41ec-9e78-e8d35eec7c8c" testListId="8c84fa94-04c1-424b-9868-57a2d4851a1d" />
    <TestEntry testId="ec5fd97e-88dd-4bed-bcaa-c1f38fe4b4db" executionId="54b9fa40-40b9-45e7-a86b-7d79352c4e1d" testListId="8c84fa94-04c1-424b-9868-57a2d4851a1d" />
    <TestEntry testId="2038b2ba-e4d8-4dba-b236-4cf624db4218" executionId="37b04db0-49f3-4d02-8ae6-842ec2850529" testListId="8c84fa94-04c1-424b-9868-57a2d4851a1d" />
    <TestEntry testId="93a0ee9e-d397-42b9-8dd5-7a6506171165" executionId="0086707b-d8df-4ade-a4ee-187f6c35151d" testListId="8c84fa94-04c1-424b-9868-57a2d4851a1d" />
    <TestEntry testId="9cbf8692-a8ee-418c-98a9-e25f00969793" executionId="5fc866f1-1b36-4771-9f72-3a97c0674f1b" testListId="8c84fa94-04c1-424b-9868-57a2d4851a1d" />
    <TestEntry testId="b8362318-11ae-4183-93be-8d43a1e3dbca" executionId="4fe794f0-3440-4fc2-8922-06ed948a24b4" testListId="8c84fa94-04c1-424b-9868-57a2d4851a1d" />
    <TestEntry testId="35cf76b4-c2b9-440f-8787-170bd10e6aab" executionId="e9716612-3c8b-4246-9fd4-15d177ea7f51" testListId="8c84fa94-04c1-424b-9868-57a2d4851a1d" />
    <TestEntry testId="f027aa88-a526-4c1b-b0f3-14dc2eabbd0d" executionId="09979e32-65e5-436a-a07b-9a578c173b8e" testListId="8c84fa94-04c1-424b-9868-57a2d4851a1d" />
    <TestEntry testId="d108c182-d51e-4e0b-8af2-93fd754907bf" executionId="b013d52c-60c7-4fda-bfbf-cf3074074f4b" testListId="8c84fa94-04c1-424b-9868-57a2d4851a1d" />
    <TestEntry testId="34db0294-89fc-437e-85b4-9c2697efed08" executionId="a5abf965-1b0a-48a4-aae2-7eb7667810e0" testListId="8c84fa94-04c1-424b-9868-57a2d4851a1d" />
    <TestEntry testId="c556db45-186e-4b1f-898e-26b3fa308097" executionId="14d4e578-fd0c-4c2d-bc86-e4dbb042c853" testListId="8c84fa94-04c1-424b-9868-57a2d4851a1d" />
    <TestEntry testId="6e85b946-3fcb-45ea-ad4c-7b9cef9a19d9" executionId="e34e948f-b53d-4568-8834-b5fe9e824445" testListId="8c84fa94-04c1-424b-9868-57a2d4851a1d" />
    <TestEntry testId="69ef7d73-9070-4c1f-ba81-0546832d856a" executionId="85a3aecc-3cfe-423e-aa38-382d394b2530" testListId="8c84fa94-04c1-424b-9868-57a2d4851a1d" />
    <TestEntry testId="4311e68d-d041-44dc-b43a-576aa6dce4f8" executionId="bb10e94c-8ee8-4c31-a77f-5af49b1b6e55" testListId="8c84fa94-04c1-424b-9868-57a2d4851a1d" />
    <TestEntry testId="9efcc714-f72c-438e-aca9-4faae3ad6a35" executionId="8708991d-c672-450f-869d-1b0338cb8208" testListId="8c84fa94-04c1-424b-9868-57a2d4851a1d" />
    <TestEntry testId="f8f3a6dc-cdbf-4f20-81b9-a57f09dff108" executionId="3fc2c2cf-7f8d-4718-a700-e094e0533e88" testListId="8c84fa94-04c1-424b-9868-57a2d4851a1d" />
    <TestEntry testId="242058fe-39a5-465a-b43e-829ef05336a6" executionId="dede64f1-29c1-4ee8-a82d-71dac637d1aa" testListId="8c84fa94-04c1-424b-9868-57a2d4851a1d" />
    <TestEntry testId="2b0ad24d-109e-4a4a-a20e-e84813e6371b" executionId="de158ea6-ead8-4326-b04a-fbd14dde8c83" testListId="8c84fa94-04c1-424b-9868-57a2d4851a1d" />
    <TestEntry testId="a5431af4-e457-4e87-8c59-b355abdfacae" executionId="fa65ee2e-d2d6-4927-a657-6db013307938" testListId="8c84fa94-04c1-424b-9868-57a2d4851a1d" />
    <TestEntry testId="d0161f27-88c1-47fa-9f1c-f2e2c0cf51d8" executionId="7378df5a-4b1d-477f-9891-4bb56c7094ea" testListId="8c84fa94-04c1-424b-9868-57a2d4851a1d" />
    <TestEntry testId="c1239d9b-64a8-4b00-a40e-370eebb2e4df" executionId="b2a6efc7-ae72-4039-a1b2-31136ba69155" testListId="8c84fa94-04c1-424b-9868-57a2d4851a1d" />
    <TestEntry testId="989b61fe-2941-493e-bfe9-945b93dcf628" executionId="77f464b3-5b70-4157-a2fd-c4b9efdf6781" testListId="8c84fa94-04c1-424b-9868-57a2d4851a1d" />
    <TestEntry testId="a8ade0e6-1586-47a2-899f-90182fbc2dc4" executionId="d6958e55-91a3-4941-b79c-47e0dfdbb4f4" testListId="8c84fa94-04c1-424b-9868-57a2d4851a1d" />
    <TestEntry testId="c98e5bf3-8ef8-421a-a245-ecb1952134c6" executionId="465fa99f-bdfd-424a-b539-c6be7fded14b" testListId="8c84fa94-04c1-424b-9868-57a2d4851a1d" />
    <TestEntry testId="4bf011ed-1778-42f3-b048-c1852cccc07a" executionId="a397bfb0-5736-462b-b842-7ef36ea0ea8e" testListId="8c84fa94-04c1-424b-9868-57a2d4851a1d" />
    <TestEntry testId="4571c9a4-ed20-42f4-a646-a47aa53c8665" executionId="70d6b48e-b52e-4e90-b0da-0acfd4b1dfa9" testListId="8c84fa94-04c1-424b-9868-57a2d4851a1d" />
    <TestEntry testId="c6611675-c739-46bf-aa8d-0679e1417d3b" executionId="822008dc-bcda-431d-81b3-80fdb7ebb1fa" testListId="8c84fa94-04c1-424b-9868-57a2d4851a1d" />
    <TestEntry testId="23569941-2702-4a5e-949c-2fdb56b34e8a" executionId="81b51921-eb2e-4dc0-b814-5dda5c7df7b4" testListId="8c84fa94-04c1-424b-9868-57a2d4851a1d" />
    <TestEntry testId="179ead6e-b798-4d27-bf23-31918d694992" executionId="82135da3-760f-42d1-bc06-02f8096072d9" testListId="8c84fa94-04c1-424b-9868-57a2d4851a1d" />
    <TestEntry testId="c96067ff-a81c-448a-ac59-e1a4db5ee395" executionId="a7b30e30-e9ca-4a3c-8776-e804fc19312b" testListId="8c84fa94-04c1-424b-9868-57a2d4851a1d" />
    <TestEntry testId="e6356a5a-0cff-403d-bafd-3c7acac66318" executionId="c209ae4e-d0ab-4f35-b7de-7e0ceb1dd089" testListId="8c84fa94-04c1-424b-9868-57a2d4851a1d" />
    <TestEntry testId="daf7ec92-e1c2-45a8-8a45-8ac171f2bf3e" executionId="50d06ab8-1bf4-4112-9b52-646e99147871" testListId="8c84fa94-04c1-424b-9868-57a2d4851a1d" />
    <TestEntry testId="0480abe3-cc31-4330-b7e8-e3a042791dda" executionId="1103aa13-3559-42ea-98b1-928bca663db8" testListId="8c84fa94-04c1-424b-9868-57a2d4851a1d" />
    <TestEntry testId="913ee140-19d6-4af6-8b6b-17b41729307b" executionId="19012c75-960e-4284-8b16-c37cf169bc66" testListId="8c84fa94-04c1-424b-9868-57a2d4851a1d" />
    <TestEntry testId="e566ccbc-353b-4c62-a0b6-223dd688c25e" executionId="79505920-1a58-472c-a9cc-ab34e4448db7" testListId="8c84fa94-04c1-424b-9868-57a2d4851a1d" />
    <TestEntry testId="d86c30b4-d4bd-4278-9985-a88fb01f60fd" executionId="cc9820d1-2124-4b35-8740-4c828260718c" testListId="8c84fa94-04c1-424b-9868-57a2d4851a1d" />
    <TestEntry testId="27acaa29-5c52-4c39-9de0-ae1195636d1c" executionId="5d4e69d1-6187-422e-b417-8f4b6cafa648" testListId="8c84fa94-04c1-424b-9868-57a2d4851a1d" />
    <TestEntry testId="bcf3a1d4-3f08-40f6-84fa-3bc11adec296" executionId="5c3b121e-c149-4214-8505-6df4d8878072" testListId="8c84fa94-04c1-424b-9868-57a2d4851a1d" />
    <TestEntry testId="b6dfd4f4-dec1-4e7a-9e84-bfb81a38a2f3" executionId="c8ae9bc8-ef34-4170-b57d-de616193fb1d" testListId="8c84fa94-04c1-424b-9868-57a2d4851a1d" />
    <TestEntry testId="d1b42198-5280-4313-88aa-aa68989881bd" executionId="8ce33a97-b6ac-4420-800d-da053a335943" testListId="8c84fa94-04c1-424b-9868-57a2d4851a1d" />
    <TestEntry testId="a74575e2-ec1b-4111-b1f2-ace0cd8889fe" executionId="67fd71de-0f86-496d-b26d-306afb790f3c" testListId="8c84fa94-04c1-424b-9868-57a2d4851a1d" />
    <TestEntry testId="15de3b21-dddd-4c07-82b7-e5a727b1e017" executionId="8958f7e4-3b2d-44af-a3ec-ffb59f1b0db9" testListId="8c84fa94-04c1-424b-9868-57a2d4851a1d" />
    <TestEntry testId="79179baf-2e13-49ab-b6bf-6a3ffebd4a0c" executionId="716b2554-744f-4e12-849e-727e3560a417" testListId="8c84fa94-04c1-424b-9868-57a2d4851a1d" />
    <TestEntry testId="d72c5a3b-36a7-4584-9bb0-e80904d8aa9b" executionId="d35f351d-c8d0-442b-9752-ec333863f3e1" testListId="8c84fa94-04c1-424b-9868-57a2d4851a1d" />
    <TestEntry testId="dc5c3943-05c1-45c1-8ed0-cdece61511a3" executionId="ca07df64-57db-40d6-aeee-be70a7e167a1" testListId="8c84fa94-04c1-424b-9868-57a2d4851a1d" />
    <TestEntry testId="ae6453c0-56a6-4e89-a48a-96862e6a36a3" executionId="c1a3fac6-095c-4d79-89cc-3f114e72d963" testListId="8c84fa94-04c1-424b-9868-57a2d4851a1d" />
    <TestEntry testId="5570fc65-643a-402c-901b-0a89353883ff" executionId="e94e313c-0067-4ef8-a22e-fed79976c0f1" testListId="8c84fa94-04c1-424b-9868-57a2d4851a1d" />
    <TestEntry testId="f649d551-3398-40da-bde2-b0a4b9aded7b" executionId="ba6b721a-849e-420d-82e9-2cdb4964bb38" testListId="8c84fa94-04c1-424b-9868-57a2d4851a1d" />
    <TestEntry testId="0f7ad54c-7eca-4184-a212-1e86a6b915f4" executionId="884bbea2-808e-46b3-a146-c4c68e1de005" testListId="8c84fa94-04c1-424b-9868-57a2d4851a1d" />
    <TestEntry testId="8423f579-c664-4df6-8071-d16c31adbdc9" executionId="1fe28632-95e4-4f7f-b375-a5322e70d832" testListId="8c84fa94-04c1-424b-9868-57a2d4851a1d" />
    <TestEntry testId="a81c9799-f134-43da-8bdf-76204ee3c001" executionId="d5706272-bd5f-4c9d-8923-ff4df065899b" testListId="8c84fa94-04c1-424b-9868-57a2d4851a1d" />
    <TestEntry testId="f1cdd990-499c-4d87-a435-46c6ee4efc58" executionId="f6c44569-0712-4467-909f-e1b3c99077d4" testListId="8c84fa94-04c1-424b-9868-57a2d4851a1d" />
    <TestEntry testId="9bd19520-4799-4071-af63-691c2f83fe28" executionId="8839b325-5353-4341-9442-923a0ccefbc5" testListId="8c84fa94-04c1-424b-9868-57a2d4851a1d" />
    <TestEntry testId="e50628d7-1ca9-425b-a28f-914f0bf9c609" executionId="c852744f-5d66-4a5c-b9ce-a94a2b837878" testListId="8c84fa94-04c1-424b-9868-57a2d4851a1d" />
    <TestEntry testId="ca955bb1-0083-4ee4-933e-8d81684b8e76" executionId="9b6bfe7a-d395-4ab7-9dce-81baf2a46535" testListId="8c84fa94-04c1-424b-9868-57a2d4851a1d" />
    <TestEntry testId="01bdd005-c47a-4304-909f-d47e070dfed3" executionId="f5bbf754-71c3-448c-a4b8-61691320725a" testListId="8c84fa94-04c1-424b-9868-57a2d4851a1d" />
    <TestEntry testId="7889c14f-3179-4eda-a824-088162489187" executionId="8577027f-7a44-4c7e-b110-bc0bf9cf9798" testListId="8c84fa94-04c1-424b-9868-57a2d4851a1d" />
    <TestEntry testId="d1beebeb-9ad2-4d8f-ac40-c81e658faf29" executionId="c8263496-e243-4df4-b3cd-d1fc517d544f" testListId="8c84fa94-04c1-424b-9868-57a2d4851a1d" />
    <TestEntry testId="006d390d-77f1-4090-8cb3-aa478b119116" executionId="c610ad87-caf1-490e-8b16-7711f34ea879" testListId="8c84fa94-04c1-424b-9868-57a2d4851a1d" />
    <TestEntry testId="1d2622c6-2992-4575-a07a-73de769c522a" executionId="5c7efdcc-3463-4b68-8835-bfee7cd27a4f" testListId="8c84fa94-04c1-424b-9868-57a2d4851a1d" />
    <TestEntry testId="42be2ec7-f237-4ebc-bbbd-fbc248a641b6" executionId="0e64a18f-e591-46cc-808a-81984feea055" testListId="8c84fa94-04c1-424b-9868-57a2d4851a1d" />
    <TestEntry testId="5321c591-9400-447c-b50e-b6850228de9c" executionId="90cbdc14-0596-4d81-bf67-2bfec5d11854" testListId="8c84fa94-04c1-424b-9868-57a2d4851a1d" />
    <TestEntry testId="bab149a6-a248-4ca2-9548-4b065fd996ed" executionId="cf82e12a-3a42-4136-8aa3-392ea95dbceb" testListId="8c84fa94-04c1-424b-9868-57a2d4851a1d" />
    <TestEntry testId="30b9e129-83dd-4c71-a3ef-3bda097b4493" executionId="a1f08250-9076-4f7f-9b3a-b9f789e83679" testListId="8c84fa94-04c1-424b-9868-57a2d4851a1d" />
    <TestEntry testId="72ac04d7-8ad2-434a-a5a0-2a79274f70b3" executionId="edf3b936-ef55-4eb0-ae28-348c031643c4" testListId="8c84fa94-04c1-424b-9868-57a2d4851a1d" />
    <TestEntry testId="a8f89e46-f18a-436b-be48-c60515882ab0" executionId="910e5c74-e9f1-4861-bfda-04fdb422fb75" testListId="8c84fa94-04c1-424b-9868-57a2d4851a1d" />
    <TestEntry testId="2bd4554f-6b96-40f5-965f-ea6dfea92f8f" executionId="d0d7626e-bd95-4a44-aa09-012cf9534168" testListId="8c84fa94-04c1-424b-9868-57a2d4851a1d" />
    <TestEntry testId="81df3290-d667-466b-a0e8-5e7cfbea8cc9" executionId="ca495767-4c4e-410e-95dc-402cadecdb6a" testListId="8c84fa94-04c1-424b-9868-57a2d4851a1d" />
    <TestEntry testId="d90892f9-8815-49cc-824e-aced531da963" executionId="203c5da5-26ee-4ed1-97d6-6b1125414b3f" testListId="8c84fa94-04c1-424b-9868-57a2d4851a1d" />
    <TestEntry testId="0709384d-cbd8-463a-ae93-270b112545d8" executionId="ff9d3f70-d39f-4476-81bd-ce17288cdd92" testListId="8c84fa94-04c1-424b-9868-57a2d4851a1d" />
    <TestEntry testId="0e41eff3-8c89-4519-96d1-f7b4bcc8f5bf" executionId="a36bb0fd-5d64-45fd-910f-d3395db2d281" testListId="8c84fa94-04c1-424b-9868-57a2d4851a1d" />
    <TestEntry testId="5a91a0b1-8e14-4969-9640-5509711f9756" executionId="5458c18b-4f56-46c6-b158-5b40cc57d20d" testListId="8c84fa94-04c1-424b-9868-57a2d4851a1d" />
    <TestEntry testId="b0183a47-12ef-420e-b153-bc4a0a25bf66" executionId="9cbfa791-5204-499e-bc19-4ca28700d543" testListId="8c84fa94-04c1-424b-9868-57a2d4851a1d" />
    <TestEntry testId="4ba43913-5c74-4d10-83ec-fa83b2fb9d7c" executionId="576c0b87-488a-4138-92b7-969426829d53" testListId="8c84fa94-04c1-424b-9868-57a2d4851a1d" />
    <TestEntry testId="27b45c84-f6bc-44cc-b0e7-152f303fa20d" executionId="4c89b3f6-ccfa-4adc-aea4-7592f47484de" testListId="8c84fa94-04c1-424b-9868-57a2d4851a1d" />
    <TestEntry testId="53dc8075-49ce-4210-9f69-e71e9345ebe2" executionId="fc17bc0e-b28f-40d2-a688-535351c66c32" testListId="8c84fa94-04c1-424b-9868-57a2d4851a1d" />
    <TestEntry testId="bf13d80b-996b-4cd9-8acc-61ae03ca7bd7" executionId="2b92a60b-a1b8-43ec-902e-18f70b433d43" testListId="8c84fa94-04c1-424b-9868-57a2d4851a1d" />
    <TestEntry testId="647ada1c-7e59-4396-b267-8a826499c9bc" executionId="4efa53b1-edea-4bb4-ab14-d389a7eeb8a9" testListId="8c84fa94-04c1-424b-9868-57a2d4851a1d" />
    <TestEntry testId="31aa1025-c240-43af-a659-bcd217e15579" executionId="8a45eb5e-85cf-430e-83ed-59247f94fbd6" testListId="8c84fa94-04c1-424b-9868-57a2d4851a1d" />
    <TestEntry testId="49ddef8d-426f-475d-ac38-739443f6122c" executionId="1ad93475-72c4-471c-9aa0-557d1b7b66c8" testListId="8c84fa94-04c1-424b-9868-57a2d4851a1d" />
    <TestEntry testId="992dd3fa-e261-4249-a120-235f7eb3fdaa" executionId="7da1fa70-93af-4ede-9eab-2f2843dcbd5a" testListId="8c84fa94-04c1-424b-9868-57a2d4851a1d" />
    <TestEntry testId="b06dbabf-e02d-4c3c-a80a-bf70864e0aba" executionId="e3b459da-d664-43fb-b703-8ff1e489825c" testListId="8c84fa94-04c1-424b-9868-57a2d4851a1d" />
    <TestEntry testId="6d9d7c19-34e3-49c0-9306-286bcfd92047" executionId="fb953658-942e-42e6-ae58-64d9b172fc43" testListId="8c84fa94-04c1-424b-9868-57a2d4851a1d" />
    <TestEntry testId="caca1ba0-1b04-4d5a-9be4-a9b491cfbedf" executionId="5b1b02b2-12fd-401b-a22a-a7bf53ecfb16" testListId="8c84fa94-04c1-424b-9868-57a2d4851a1d" />
    <TestEntry testId="335e1761-f71f-4e37-817d-4e5dd71281c5" executionId="8b35e6d8-4d1e-4e35-b17e-75168324db6a" testListId="8c84fa94-04c1-424b-9868-57a2d4851a1d" />
    <TestEntry testId="a8d52473-f1b6-4329-b110-615442be5d2a" executionId="0bf8f849-462a-4e97-ace5-8be8bde80bda" testListId="8c84fa94-04c1-424b-9868-57a2d4851a1d" />
    <TestEntry testId="d854b04e-52a6-4261-b5c7-cd2a30de5a07" executionId="93d38626-21f7-45e6-bc2f-955281d9be93" testListId="8c84fa94-04c1-424b-9868-57a2d4851a1d" />
    <TestEntry testId="b5a2e008-b00e-4c19-b6ce-ca1fd4c216ea" executionId="b7b7136b-48d6-4fa6-b706-7ebeb2ce4dd7" testListId="8c84fa94-04c1-424b-9868-57a2d4851a1d" />
    <TestEntry testId="3f393769-7cf3-4666-9290-202f97470665" executionId="2cc9816b-4b5a-47af-97aa-bc33eeb4ec69" testListId="8c84fa94-04c1-424b-9868-57a2d4851a1d" />
    <TestEntry testId="0f6aef32-0988-4b67-b681-53f7ebd63d59" executionId="9e0dd607-b3c4-47d5-a405-b55b48f994fd" testListId="8c84fa94-04c1-424b-9868-57a2d4851a1d" />
    <TestEntry testId="ed7bc0bb-5131-42f3-bdef-448879bba930" executionId="bb6b148f-2178-482d-9f65-e11bb8d2ed40" testListId="8c84fa94-04c1-424b-9868-57a2d4851a1d" />
    <TestEntry testId="52d2340a-04ae-4b09-94a7-2fcb91deadc2" executionId="ebc0b8cf-9f3e-4718-9cec-05f8811dd05f" testListId="8c84fa94-04c1-424b-9868-57a2d4851a1d" />
    <TestEntry testId="e18383bd-933b-4141-93bc-fbab3a8b530b" executionId="ed244200-5c66-4c35-99fe-e18b2d44f229" testListId="8c84fa94-04c1-424b-9868-57a2d4851a1d" />
    <TestEntry testId="2d1c5ec2-0bf3-4e19-bbf8-c2b6124991d9" executionId="bc4181ff-364c-4951-8696-199466878bfa" testListId="8c84fa94-04c1-424b-9868-57a2d4851a1d" />
    <TestEntry testId="6c80e1cb-1f99-41cb-9b0c-320f12e4c9ec" executionId="e5743f42-c556-4f56-8213-e41b55232753" testListId="8c84fa94-04c1-424b-9868-57a2d4851a1d" />
    <TestEntry testId="11b8fc2a-5f00-46d6-83ee-f34a25538f73" executionId="f045363a-7c79-4375-a2a8-771185c01656" testListId="8c84fa94-04c1-424b-9868-57a2d4851a1d" />
    <TestEntry testId="a6ed2ecc-0204-46bd-8497-85d02250e0fa" executionId="7babca5c-bdcd-442f-9585-8473ce0d7d15" testListId="8c84fa94-04c1-424b-9868-57a2d4851a1d" />
    <TestEntry testId="82828342-28a6-4d80-8672-788cf9c9fc54" executionId="ff2b5a2d-2595-4bd0-87d5-5d794377ae68" testListId="8c84fa94-04c1-424b-9868-57a2d4851a1d" />
    <TestEntry testId="c1096253-b3e4-43a8-bf23-a79ddb4f9e26" executionId="80db420d-3e93-46f3-9783-2341f527ec07" testListId="8c84fa94-04c1-424b-9868-57a2d4851a1d" />
    <TestEntry testId="2b05c7d3-bed8-436c-9163-9eb257019187" executionId="e8b5beb4-213f-4f42-9c66-1b18dd25377b" testListId="8c84fa94-04c1-424b-9868-57a2d4851a1d" />
    <TestEntry testId="9f8c4cab-eab5-416d-ad92-b3b9ce3f131b" executionId="3d44fde0-e2c1-4536-be40-16717d3eaf34" testListId="8c84fa94-04c1-424b-9868-57a2d4851a1d" />
    <TestEntry testId="b6cc199c-873e-4489-9395-92e478bcfb1d" executionId="8b7efa3a-059a-4753-8c66-19f6e009ec2a" testListId="8c84fa94-04c1-424b-9868-57a2d4851a1d" />
    <TestEntry testId="f016154a-5cd3-4c1d-910d-c8ff54e11f22" executionId="d45eebb4-56e3-4219-9e22-09ea82e5aa2f" testListId="8c84fa94-04c1-424b-9868-57a2d4851a1d" />
    <TestEntry testId="02eed197-c81b-4df8-952b-80653ec7768d" executionId="b3bf6417-bea8-47a4-a40e-05d0facb33a8" testListId="8c84fa94-04c1-424b-9868-57a2d4851a1d" />
    <TestEntry testId="fa328ef5-91b1-4b2c-b20f-e693ec3cb249" executionId="2ba5903c-704c-44cc-bd58-2df8cab1bc12" testListId="8c84fa94-04c1-424b-9868-57a2d4851a1d" />
    <TestEntry testId="996975ed-8452-4abc-a64e-07723892f481" executionId="dbdd3ed6-fb30-477d-9fbf-c17c20c3b913" testListId="8c84fa94-04c1-424b-9868-57a2d4851a1d" />
    <TestEntry testId="21e55514-ca90-45da-a4be-920f7450c4d6" executionId="1f86bacc-3a7c-4fba-886b-328a4f9f0627" testListId="8c84fa94-04c1-424b-9868-57a2d4851a1d" />
    <TestEntry testId="5afc524b-f41a-4ece-a5aa-cd72fa40a80a" executionId="9af9af84-12a8-4c8f-929e-9ac5e29a0366" testListId="8c84fa94-04c1-424b-9868-57a2d4851a1d" />
    <TestEntry testId="4331ab4e-420f-4989-ab7c-1223cac1b441" executionId="1e2f22cb-c964-49f0-b7c5-dbd735a8a5ae" testListId="8c84fa94-04c1-424b-9868-57a2d4851a1d" />
    <TestEntry testId="08cadc86-b5ba-493c-bcca-547f4a647b7b" executionId="f07cd933-ed63-45f0-81e5-08dd64abd573" testListId="8c84fa94-04c1-424b-9868-57a2d4851a1d" />
    <TestEntry testId="d6b9ee29-ec38-4e98-bbd6-f381c59e4ca3" executionId="1cd3614f-b297-40bb-a8eb-222dc7555cb7" testListId="8c84fa94-04c1-424b-9868-57a2d4851a1d" />
    <TestEntry testId="8e44af09-592a-4cf9-bc22-e6d99ec44f75" executionId="0eda8894-c119-42c9-a429-c7eaae8cabf6" testListId="8c84fa94-04c1-424b-9868-57a2d4851a1d" />
    <TestEntry testId="c6c60479-818f-41fc-a412-66100e0960b4" executionId="f408923d-78ad-4788-92a3-881db20f2246" testListId="8c84fa94-04c1-424b-9868-57a2d4851a1d" />
    <TestEntry testId="56210f6f-d15b-4bb3-bbe2-a367615abf28" executionId="1b7e1db3-92cb-4898-9876-a48cc99d80c0" testListId="8c84fa94-04c1-424b-9868-57a2d4851a1d" />
    <TestEntry testId="21c1079f-21f7-4698-ad12-db363f7b36e4" executionId="dc6a5af0-13da-45ba-8ece-84c87131336b" testListId="8c84fa94-04c1-424b-9868-57a2d4851a1d" />
    <TestEntry testId="f0e9fedf-3c8f-4455-b6ec-0a9c288cdaac" executionId="35ec3e69-4c45-443e-8721-2e470f61a786" testListId="8c84fa94-04c1-424b-9868-57a2d4851a1d" />
    <TestEntry testId="4298a6e5-a20f-45da-9159-ae63496be47e" executionId="020b806f-0bd7-43ab-b974-d45d7dc5a658" testListId="8c84fa94-04c1-424b-9868-57a2d4851a1d" />
    <TestEntry testId="4e2bd236-50fb-43fc-857e-6144c9f3af40" executionId="09001ceb-2409-495c-9326-e2964b9b52f6" testListId="8c84fa94-04c1-424b-9868-57a2d4851a1d" />
    <TestEntry testId="55374781-b97a-4cbd-9d1b-90330e31d38e" executionId="44762e5c-e394-4cc3-8036-470971927743" testListId="8c84fa94-04c1-424b-9868-57a2d4851a1d" />
    <TestEntry testId="e7d0f648-055f-42e7-8b28-08ce59f38b1e" executionId="7f1a2575-b006-4fff-85b3-c452b5b6d54e" testListId="8c84fa94-04c1-424b-9868-57a2d4851a1d" />
    <TestEntry testId="cda5c2d0-3be3-43b8-884e-d118b3163029" executionId="cfa3843c-5db6-461d-a8b0-5934c83e1c91" testListId="8c84fa94-04c1-424b-9868-57a2d4851a1d" />
    <TestEntry testId="9b522a4b-3d51-4e57-b597-bce06ea7fe6e" executionId="280c83ac-f66b-48ca-a361-becae8d6bf9e" testListId="8c84fa94-04c1-424b-9868-57a2d4851a1d" />
    <TestEntry testId="d0fb86bd-77df-44a8-8a3e-f653326a4d1c" executionId="d9cd8040-c21f-44c1-85b2-8a89154eba16" testListId="8c84fa94-04c1-424b-9868-57a2d4851a1d" />
    <TestEntry testId="73b2869a-84c5-4b51-9909-67da286058e4" executionId="23a97130-860b-4a42-8780-1043acc20d69" testListId="8c84fa94-04c1-424b-9868-57a2d4851a1d" />
    <TestEntry testId="dd8b9416-261c-4e1e-a33e-dcc1f6bb00ce" executionId="2438573d-cf4d-484e-a404-e7990540b016" testListId="8c84fa94-04c1-424b-9868-57a2d4851a1d" />
    <TestEntry testId="02823b69-e9d3-47e9-a5c3-b2af9b091397" executionId="dbfa83b9-57b7-4e4f-802a-7b5eb3cfce8c" testListId="8c84fa94-04c1-424b-9868-57a2d4851a1d" />
    <TestEntry testId="eb38cd5c-48f4-4121-96e7-cab8305e4ddb" executionId="82704a66-1eb5-4b88-919e-74abda10d4d7" testListId="8c84fa94-04c1-424b-9868-57a2d4851a1d" />
    <TestEntry testId="d71af59a-a4fa-499b-8aae-c06ffa482e1b" executionId="32c10658-f53b-442f-a682-8d3f4d5f2881" testListId="8c84fa94-04c1-424b-9868-57a2d4851a1d" />
    <TestEntry testId="1121ae8a-5d40-4d82-bcff-b29a5dd746db" executionId="62df68f6-7433-4696-bbaf-442152210166" testListId="8c84fa94-04c1-424b-9868-57a2d4851a1d" />
    <TestEntry testId="aae2e9d4-c74c-4abb-91a0-c8b3e07db6e8" executionId="413d4dcd-d2a5-49fd-94eb-a1c7f0f75eb2" testListId="8c84fa94-04c1-424b-9868-57a2d4851a1d" />
    <TestEntry testId="2c060387-60c6-48b4-834d-e4407267550d" executionId="06ea0418-805d-4cdb-bdce-cdb4ed594537" testListId="8c84fa94-04c1-424b-9868-57a2d4851a1d" />
    <TestEntry testId="706e1823-7df0-402f-8dda-fdbc7cbfc88a" executionId="d0fe3905-6640-4996-aed2-2fd5576748eb" testListId="8c84fa94-04c1-424b-9868-57a2d4851a1d" />
    <TestEntry testId="4b37fff2-cf8a-419d-bad8-13a6b8672b6f" executionId="163424d9-4e19-4ccb-bdf9-b14dffb3f210" testListId="8c84fa94-04c1-424b-9868-57a2d4851a1d" />
    <TestEntry testId="6546b400-8f97-4347-bc5c-0605cd3d9233" executionId="69d4c246-17e3-4a69-8bc2-9d563aaa7a02" testListId="8c84fa94-04c1-424b-9868-57a2d4851a1d" />
    <TestEntry testId="6010c1ac-7188-4ca4-8c02-c3d2bd891f3f" executionId="a6a51b88-65d6-4d21-a8df-8e66d2204126" testListId="8c84fa94-04c1-424b-9868-57a2d4851a1d" />
    <TestEntry testId="d83a7cf8-99e9-40de-a6e7-2697cdaeb3bf" executionId="8a5b8d4c-6fbf-48d1-afa2-40e250f07193" testListId="8c84fa94-04c1-424b-9868-57a2d4851a1d" />
    <TestEntry testId="1d5c84ed-fd4e-4c79-b9fe-9afcc194a38b" executionId="a9f17c26-e193-4448-9d48-ce9ec742fc1a" testListId="8c84fa94-04c1-424b-9868-57a2d4851a1d" />
    <TestEntry testId="a7fe2653-23c1-464e-97a4-eaca34fa8c2c" executionId="94ffb29a-ecbd-455b-a176-a61f359ebadc" testListId="8c84fa94-04c1-424b-9868-57a2d4851a1d" />
    <TestEntry testId="1666db9b-57ae-46a5-bd5d-5a6f24bc1500" executionId="d327cc8f-d656-4f31-8a96-4b20026a9b5d" testListId="8c84fa94-04c1-424b-9868-57a2d4851a1d" />
    <TestEntry testId="2833e341-b63d-47fe-a958-7cab02be0d9e" executionId="cc15064b-a155-4757-a1ba-0f51d3b94466" testListId="8c84fa94-04c1-424b-9868-57a2d4851a1d" />
    <TestEntry testId="6659c565-8cc5-4f69-85d1-aafa21f2fe6e" executionId="9416d10d-70b4-4cfc-84bc-e2091d50fcff" testListId="8c84fa94-04c1-424b-9868-57a2d4851a1d" />
    <TestEntry testId="db99ad62-5a77-494b-a394-04f53ab93e54" executionId="6ebffa8f-a576-4d05-9039-c58704fd2f5c" testListId="8c84fa94-04c1-424b-9868-57a2d4851a1d" />
    <TestEntry testId="92ae81b8-8970-4746-bbe8-3e110798523c" executionId="d7596d31-34a1-4e8c-a75b-764d44e117b0" testListId="8c84fa94-04c1-424b-9868-57a2d4851a1d" />
    <TestEntry testId="bec043cb-4481-4ae3-a792-aa20948f858e" executionId="bc09606e-e262-4f64-974d-26896d54212b" testListId="8c84fa94-04c1-424b-9868-57a2d4851a1d" />
    <TestEntry testId="45498af0-5813-4b46-8e85-10b45c8464fb" executionId="52aa7fc9-ba98-498e-a414-214b0f2f761b" testListId="8c84fa94-04c1-424b-9868-57a2d4851a1d" />
    <TestEntry testId="0d4ed603-2012-40fb-945d-609b5ee83b1b" executionId="9694e812-a083-40ae-ac46-5299310d5277" testListId="8c84fa94-04c1-424b-9868-57a2d4851a1d" />
    <TestEntry testId="a91b0d2a-b3ec-41c0-ad5a-c4239237834f" executionId="7ae3a50f-1d6e-4c3f-89d6-d93d5771ef39" testListId="8c84fa94-04c1-424b-9868-57a2d4851a1d" />
    <TestEntry testId="1c7b82c1-646e-4458-a62f-529afa29a72a" executionId="e2dfad37-4304-4fe9-824e-1c0d66968d7f" testListId="8c84fa94-04c1-424b-9868-57a2d4851a1d" />
    <TestEntry testId="e2c5dadc-336f-47aa-9f9c-6efe208646d0" executionId="ce4b930b-d9e0-4fcc-a51b-4717d68010a8" testListId="8c84fa94-04c1-424b-9868-57a2d4851a1d" />
    <TestEntry testId="66c4a829-f8c8-4ddc-9b4d-26ac6d34c2dc" executionId="b5e02a84-bf94-4289-84f8-498e91f128b7" testListId="8c84fa94-04c1-424b-9868-57a2d4851a1d" />
    <TestEntry testId="2d0d6797-ef6a-430f-afa7-af489abd1c1a" executionId="3d8954b4-6bc9-4f5c-ad4b-b1f1caead1e8" testListId="8c84fa94-04c1-424b-9868-57a2d4851a1d" />
    <TestEntry testId="87efb03c-8e82-443e-8b48-eb6b10dcc621" executionId="cd8f96a9-4ae6-4d9d-a8bd-f59ae71c6bdd" testListId="8c84fa94-04c1-424b-9868-57a2d4851a1d" />
    <TestEntry testId="0f6bb630-6aa1-45f3-81eb-10dc79746d96" executionId="408017db-ea28-444e-bdad-9eee810e4682" testListId="8c84fa94-04c1-424b-9868-57a2d4851a1d" />
    <TestEntry testId="91586860-af69-41f8-b5ab-bf8971f9c75f" executionId="898b955b-5df7-4919-a1c8-9da446ab1539" testListId="8c84fa94-04c1-424b-9868-57a2d4851a1d" />
    <TestEntry testId="85dd71e8-f4de-492c-9f69-13028781a2c1" executionId="d2beaec1-bbee-4b0d-bbe1-bb9254058d3b" testListId="8c84fa94-04c1-424b-9868-57a2d4851a1d" />
    <TestEntry testId="70ac0f3a-eaeb-4781-881f-575750bb945d" executionId="7c1d9278-95d1-4986-9ae8-5fe5b5f03663" testListId="8c84fa94-04c1-424b-9868-57a2d4851a1d" />
    <TestEntry testId="5a04d10f-33df-4320-8b66-c37a26c5e921" executionId="0b601d12-a445-4906-b581-25a1bad5c7aa" testListId="8c84fa94-04c1-424b-9868-57a2d4851a1d" />
    <TestEntry testId="76a963f3-3542-4822-84f9-9d6bc3b442a1" executionId="4b00c910-7d35-426f-bc25-52f02415ed89" testListId="8c84fa94-04c1-424b-9868-57a2d4851a1d" />
    <TestEntry testId="d536e445-f830-43ac-9cfa-6ae890b8c11d" executionId="d24b9e53-41c1-4366-b0e2-614ad253e3cc" testListId="8c84fa94-04c1-424b-9868-57a2d4851a1d" />
    <TestEntry testId="33a965b8-f0e0-41ac-a237-54987ca7061c" executionId="2263604b-eed0-4f0f-a0a9-1aaf790711c9" testListId="8c84fa94-04c1-424b-9868-57a2d4851a1d" />
    <TestEntry testId="72a3620b-420a-4e13-8a0b-1b030b7d0c95" executionId="30dfd320-7ebc-4fee-a53b-800692ab921b" testListId="8c84fa94-04c1-424b-9868-57a2d4851a1d" />
    <TestEntry testId="cde2e8ef-f224-410e-82c3-5504716c369a" executionId="ccd7edb9-096e-43b4-ac21-a7c96d9e1936" testListId="8c84fa94-04c1-424b-9868-57a2d4851a1d" />
    <TestEntry testId="205c49f0-acbd-42d8-a267-1e0f07c4c20f" executionId="f0a2e422-ad0a-42e3-be3b-56924944145b" testListId="8c84fa94-04c1-424b-9868-57a2d4851a1d" />
    <TestEntry testId="0684d536-7676-44b6-9c1c-9b2e50add439" executionId="ca02aab7-6c1a-43f7-bd3e-43d9fdc099cd" testListId="8c84fa94-04c1-424b-9868-57a2d4851a1d" />
    <TestEntry testId="b013092e-659d-4eee-94ad-3f1972e77b22" executionId="ecd374ba-8c78-40cd-b50b-66d7eae5a34f" testListId="8c84fa94-04c1-424b-9868-57a2d4851a1d" />
    <TestEntry testId="843390bc-936f-4a73-a61c-b013bd40c79b" executionId="5931a94d-14ae-42e1-bf2f-934c7cea291d" testListId="8c84fa94-04c1-424b-9868-57a2d4851a1d" />
    <TestEntry testId="da724382-32be-4d6e-926f-a91ae39641fb" executionId="c933d0ed-8135-44f7-990c-30d0f2ff8206" testListId="8c84fa94-04c1-424b-9868-57a2d4851a1d" />
    <TestEntry testId="ebd680a3-d388-4c9e-8067-4f42c87f14d9" executionId="a2c4f1ea-01a8-40a8-951a-38dca5530921" testListId="8c84fa94-04c1-424b-9868-57a2d4851a1d" />
    <TestEntry testId="daf2299d-5241-4cbb-9e90-f75c650e51f3" executionId="ca6ea637-2069-45f1-895b-9d76c7ae3696" testListId="8c84fa94-04c1-424b-9868-57a2d4851a1d" />
    <TestEntry testId="b7785e18-e635-432d-b0fd-3425b24e2ba1" executionId="44dcf0ce-a1ce-4816-a3f4-1e6110f0f511" testListId="8c84fa94-04c1-424b-9868-57a2d4851a1d" />
    <TestEntry testId="2cae7806-f8c7-4495-bb2b-7fdc0f738440" executionId="478f0163-6d97-41e9-91ba-81be7bbf3599" testListId="8c84fa94-04c1-424b-9868-57a2d4851a1d" />
    <TestEntry testId="29e715b4-1965-4534-bc94-863745c28ac6" executionId="1f062dcc-c338-4645-b5e9-26d33816d9d6" testListId="8c84fa94-04c1-424b-9868-57a2d4851a1d" />
    <TestEntry testId="deaefad9-0856-4f3c-a9ed-b61cdb322a06" executionId="a6c5672e-9b12-436b-a76e-9a3770dc4e1d" testListId="8c84fa94-04c1-424b-9868-57a2d4851a1d" />
    <TestEntry testId="01a7707d-a6b6-4691-a36c-a2cec8e51b7a" executionId="a42cced2-4a07-4c04-99d7-366b0cd1c6b2" testListId="8c84fa94-04c1-424b-9868-57a2d4851a1d" />
    <TestEntry testId="705b1456-e5b3-4cad-b63c-37b9152182c2" executionId="c161769c-c4be-43bb-b26d-7227bf9df25a" testListId="8c84fa94-04c1-424b-9868-57a2d4851a1d" />
    <TestEntry testId="f1671b2e-641d-460c-ab02-d44825c4789a" executionId="db1545f4-e899-44f0-bc7c-01f5ef2c0507" testListId="8c84fa94-04c1-424b-9868-57a2d4851a1d" />
    <TestEntry testId="697e52fc-7c47-49e5-93ce-46675d3c8f95" executionId="e3fecae6-2012-4cbb-8f42-37ad978e1267" testListId="8c84fa94-04c1-424b-9868-57a2d4851a1d" />
    <TestEntry testId="bc33e8e7-cf9f-4302-96d9-944a785ad76f" executionId="8a69c2f8-6698-4e5e-9ad5-63a3d67980ad" testListId="8c84fa94-04c1-424b-9868-57a2d4851a1d" />
    <TestEntry testId="2ca64225-3628-4559-8790-4f2ec2fef367" executionId="31cb9daf-9dec-4c8e-b96e-db1a2b0f85a7" testListId="8c84fa94-04c1-424b-9868-57a2d4851a1d" />
    <TestEntry testId="f2000dba-f3ce-4835-9e69-83638f038c34" executionId="6488cd1a-32fc-45e6-92ac-0eb40610d88f" testListId="8c84fa94-04c1-424b-9868-57a2d4851a1d" />
    <TestEntry testId="d5e19bb8-5f79-4dce-9a31-934d6aa079b1" executionId="e7157086-aef5-4b25-b073-83dbf69e4383" testListId="8c84fa94-04c1-424b-9868-57a2d4851a1d" />
    <TestEntry testId="b7c9ce1e-e7e5-4a85-ae87-6faf1cc53983" executionId="b6d844a8-e78f-4e40-9f28-f48b87b8b9ad" testListId="8c84fa94-04c1-424b-9868-57a2d4851a1d" />
    <TestEntry testId="20cc669b-9cfd-419e-a3ca-f817c651ba47" executionId="b11d5574-82cb-4ac3-82bc-57cd8463e203" testListId="8c84fa94-04c1-424b-9868-57a2d4851a1d" />
    <TestEntry testId="a59e64ed-5a8c-4bd1-9b45-3bb8dc3f3396" executionId="5f680bde-9d1f-43c2-9251-870a3a2ac8c7" testListId="8c84fa94-04c1-424b-9868-57a2d4851a1d" />
    <TestEntry testId="430f1e83-4384-4a2f-91a2-7b47b8394b74" executionId="753e7014-71e1-4f8e-ac54-e000af2bd83d" testListId="8c84fa94-04c1-424b-9868-57a2d4851a1d" />
    <TestEntry testId="d4f3aaf3-63d9-43cc-8240-2503876bb1f8" executionId="8bd9341f-2446-4df6-8486-87db1108c3a5" testListId="8c84fa94-04c1-424b-9868-57a2d4851a1d" />
    <TestEntry testId="e77373dc-b6e2-4fd1-9f46-2f51b1de61dc" executionId="02ac6117-49f1-4812-aa79-6612d5806503" testListId="8c84fa94-04c1-424b-9868-57a2d4851a1d" />
    <TestEntry testId="110e03e2-78f6-4060-a190-3718abebede5" executionId="769f4702-1ffe-420f-a168-7f16edbd81e4" testListId="8c84fa94-04c1-424b-9868-57a2d4851a1d" />
    <TestEntry testId="6ec24d6e-e64d-4649-9e8c-9429c1654e13" executionId="06d35512-f2e4-49af-9614-6e0e385d4405" testListId="8c84fa94-04c1-424b-9868-57a2d4851a1d" />
    <TestEntry testId="5de56f11-99b1-4e21-97e1-3137263b48a2" executionId="eadbc44c-a904-4406-982a-f8d057b778eb" testListId="8c84fa94-04c1-424b-9868-57a2d4851a1d" />
    <TestEntry testId="a586fd93-72c7-4fa9-8d8e-b68644117f18" executionId="e4325e5c-156a-4c1e-864b-0467a78ae548" testListId="8c84fa94-04c1-424b-9868-57a2d4851a1d" />
    <TestEntry testId="e600c98f-bb7c-4229-9eb4-424cd0a3857d" executionId="4513ffd6-fe53-4c83-bdc7-c40ec041c9ae" testListId="8c84fa94-04c1-424b-9868-57a2d4851a1d" />
    <TestEntry testId="e7916c2b-b838-4bb1-a4c0-c784a9d094a0" executionId="3e6475bd-d57d-4bf7-b980-7e5e3ff9d8c7" testListId="8c84fa94-04c1-424b-9868-57a2d4851a1d" />
    <TestEntry testId="e4c24523-60dd-441d-9833-6287adf2018a" executionId="1fa806ce-0c19-427b-a46f-d9b3509d46d0" testListId="8c84fa94-04c1-424b-9868-57a2d4851a1d" />
    <TestEntry testId="66dd237b-9b28-48b4-b37e-25fec49ca249" executionId="113f88ee-5c19-43a6-9080-5c633d065a04" testListId="8c84fa94-04c1-424b-9868-57a2d4851a1d" />
    <TestEntry testId="a625eec5-d0ec-4a69-9f54-b4637b21c4c4" executionId="f8799a03-e71f-4fbc-ac32-5bc392bfea3d" testListId="8c84fa94-04c1-424b-9868-57a2d4851a1d" />
    <TestEntry testId="74f0446b-4569-440b-ac20-8f344dc0bfcb" executionId="4ffc4270-3111-4980-881b-a9b8694fd61c" testListId="8c84fa94-04c1-424b-9868-57a2d4851a1d" />
    <TestEntry testId="33e5bf27-6030-4d66-af72-5583e5ed65c0" executionId="2a096566-4a48-4011-8520-fad11d858506" testListId="8c84fa94-04c1-424b-9868-57a2d4851a1d" />
    <TestEntry testId="75a21330-0606-4b4e-ae8a-7f3025f2a53a" executionId="376a6006-2775-4855-8a2d-89451a3ed71e" testListId="8c84fa94-04c1-424b-9868-57a2d4851a1d" />
    <TestEntry testId="f6c41f18-113d-4310-94eb-2aa3f29cf55b" executionId="ce6258eb-08c9-4c06-8303-b80327ecff7a" testListId="8c84fa94-04c1-424b-9868-57a2d4851a1d" />
    <TestEntry testId="9428b218-46da-48c5-842c-237fb1656981" executionId="cfd14376-14d9-432d-badb-d15140c6bb16" testListId="8c84fa94-04c1-424b-9868-57a2d4851a1d" />
    <TestEntry testId="d4a13eef-3861-4460-8da3-f5fbc8fef2c2" executionId="d41641de-5878-4dda-9b65-f4dc3931861a" testListId="8c84fa94-04c1-424b-9868-57a2d4851a1d" />
    <TestEntry testId="1440ee98-3076-4f55-978f-064fbda7044a" executionId="b41128b6-382f-4808-862a-d06f09fdb5c6" testListId="8c84fa94-04c1-424b-9868-57a2d4851a1d" />
    <TestEntry testId="d81ebae1-2412-40cc-9289-7c7ea101bfe9" executionId="a6815c58-3cd3-44d2-a957-92a3935e50cb" testListId="8c84fa94-04c1-424b-9868-57a2d4851a1d" />
    <TestEntry testId="86ac68f7-b539-4056-9f8c-51155273a6a5" executionId="6937eb9a-ceb0-4a9b-a5c5-e302696dc5b0" testListId="8c84fa94-04c1-424b-9868-57a2d4851a1d" />
    <TestEntry testId="f83daff9-783f-4f6e-95cb-731e0a5063c3" executionId="866c0536-0b36-4305-b4df-8b6a73e0fa4d" testListId="8c84fa94-04c1-424b-9868-57a2d4851a1d" />
    <TestEntry testId="acde2c41-1d5b-43f2-9eef-862531405147" executionId="d0c12301-ab42-4946-8574-a0f7abd8de33" testListId="8c84fa94-04c1-424b-9868-57a2d4851a1d" />
    <TestEntry testId="e9fa8cea-e3af-46ac-b316-445a33bbe569" executionId="bb395298-4af5-45d7-9d89-656ecfbbeb0f" testListId="8c84fa94-04c1-424b-9868-57a2d4851a1d" />
    <TestEntry testId="188c11f2-c676-4f72-9fe8-f3ac6cd10225" executionId="4a190ebd-6b4e-433f-bd9b-68f85204f7b0" testListId="8c84fa94-04c1-424b-9868-57a2d4851a1d" />
    <TestEntry testId="14a5811f-4774-49ab-8635-d0b886231311" executionId="38f433ab-b713-479b-ac7a-72c56593598c" testListId="8c84fa94-04c1-424b-9868-57a2d4851a1d" />
    <TestEntry testId="ed52f875-b4e3-41d2-b4ad-76f0981ff44c" executionId="5ece645e-9385-481e-bd42-63ed6d72f35b" testListId="8c84fa94-04c1-424b-9868-57a2d4851a1d" />
    <TestEntry testId="059641e4-41fd-4955-9cb0-21c703100ab4" executionId="a65c1118-557a-4a1a-a7b0-438131752b76" testListId="8c84fa94-04c1-424b-9868-57a2d4851a1d" />
    <TestEntry testId="4cdc74f6-b2ca-40dc-9c88-5d93200efd92" executionId="6aa24004-d2b5-41bd-b090-a3152a8413fb" testListId="8c84fa94-04c1-424b-9868-57a2d4851a1d" />
    <TestEntry testId="3f509c01-9386-4cba-ad37-993cb45e56ea" executionId="bc5525bc-55d8-41f5-9954-e39a909769c1" testListId="8c84fa94-04c1-424b-9868-57a2d4851a1d" />
    <TestEntry testId="57b19687-94d6-40d2-a2f1-e80f312d4030" executionId="80f542df-e54b-4478-96c2-87d725047850" testListId="8c84fa94-04c1-424b-9868-57a2d4851a1d" />
    <TestEntry testId="f32f7f74-a108-478f-9bd0-5dac08905d2f" executionId="ed92f120-78c8-4491-bbd2-bc912037241f" testListId="8c84fa94-04c1-424b-9868-57a2d4851a1d" />
    <TestEntry testId="203334e3-e8a3-4c73-b317-000c7d5853e6" executionId="e56c3bde-afcb-408c-bf00-f35d24b6b687" testListId="8c84fa94-04c1-424b-9868-57a2d4851a1d" />
    <TestEntry testId="5b4d28b8-acc4-452e-a24a-a2b4747ab50f" executionId="8c4083a4-462d-4db7-a8fe-0a605c097721" testListId="8c84fa94-04c1-424b-9868-57a2d4851a1d" />
    <TestEntry testId="ab38c071-f5ed-4334-941a-3fbbaa9b402b" executionId="a1f5a171-a3e2-40fd-a58f-056aaabad386" testListId="8c84fa94-04c1-424b-9868-57a2d4851a1d" />
    <TestEntry testId="aa24868f-e072-4e2e-a870-e34774dc72f2" executionId="d6ff78c2-f5d3-47f9-bae0-496d73a11d6b" testListId="8c84fa94-04c1-424b-9868-57a2d4851a1d" />
    <TestEntry testId="df790594-5e75-4d6a-942a-ae0604722c84" executionId="139ced1c-fcb7-4e8f-8d22-7a8ef7b83ce6" testListId="8c84fa94-04c1-424b-9868-57a2d4851a1d" />
    <TestEntry testId="09c1c324-23e6-4cb5-ac69-142bb4690b53" executionId="5ec4069a-baff-4ecd-a9a0-53b7334c2a60" testListId="8c84fa94-04c1-424b-9868-57a2d4851a1d" />
    <TestEntry testId="6d07ac1f-2e4b-4d7a-b9a1-a2cba068641a" executionId="4221979a-c125-4235-8db6-81609facb664" testListId="8c84fa94-04c1-424b-9868-57a2d4851a1d" />
    <TestEntry testId="be9138ac-37b8-4a00-b19a-a343ff9686a1" executionId="b4930e02-00a0-47ba-b653-f3905f5f3a04" testListId="8c84fa94-04c1-424b-9868-57a2d4851a1d" />
    <TestEntry testId="e598d167-b985-4436-9200-aa1a2701fdbb" executionId="22d3ba03-fcd7-4049-8213-769088ca786b" testListId="8c84fa94-04c1-424b-9868-57a2d4851a1d" />
    <TestEntry testId="2def665f-46e9-4353-a723-275fc58abf9c" executionId="252628a4-2298-4f7d-9631-b8717ec42631" testListId="8c84fa94-04c1-424b-9868-57a2d4851a1d" />
    <TestEntry testId="e66beb2f-d4d2-4df9-b2e2-33735b62bd35" executionId="e0b76ffb-5bbc-4fb3-9818-7ddab8ec1b28" testListId="8c84fa94-04c1-424b-9868-57a2d4851a1d" />
    <TestEntry testId="125f31e3-6382-49f2-bdbf-490e6e5ef0e0" executionId="c23308e1-2ecd-4167-b4a3-bbc8d9d69f48" testListId="8c84fa94-04c1-424b-9868-57a2d4851a1d" />
    <TestEntry testId="dcc41066-c108-41f7-994f-0ec3ed3c1366" executionId="20756905-c79a-4c3f-8be9-fae904a6af9d" testListId="8c84fa94-04c1-424b-9868-57a2d4851a1d" />
    <TestEntry testId="68564951-5394-407b-a38f-36c9ba3d55f8" executionId="2a9de1ae-679b-47d8-9f32-6dbbc9389f25" testListId="8c84fa94-04c1-424b-9868-57a2d4851a1d" />
    <TestEntry testId="5ed7ca9c-8cf3-4566-97c4-51451d06501f" executionId="ca8d5522-082e-476c-851d-d5d05aa9412e" testListId="8c84fa94-04c1-424b-9868-57a2d4851a1d" />
    <TestEntry testId="46409e33-c838-47e3-8819-372c92d7994e" executionId="28375916-85a4-40e9-8563-9d1ce18248e0" testListId="8c84fa94-04c1-424b-9868-57a2d4851a1d" />
    <TestEntry testId="260f4c67-f000-41d1-ab0d-0b0b6acbd22e" executionId="353cbe5d-b8cb-4377-bf3f-637f90a4e068" testListId="8c84fa94-04c1-424b-9868-57a2d4851a1d" />
    <TestEntry testId="b6c28493-ea6b-4b7b-8c13-29bf8e556a79" executionId="9e01c2b0-0e50-4682-87da-420ce8a72174" testListId="8c84fa94-04c1-424b-9868-57a2d4851a1d" />
    <TestEntry testId="843ee65b-2052-47ab-817b-bd4788da2f92" executionId="c90005bf-faa1-4720-8024-b604e0caf3a6" testListId="8c84fa94-04c1-424b-9868-57a2d4851a1d" />
    <TestEntry testId="21b1abaf-99af-49e8-a003-681bc72fb756" executionId="df46219e-1163-41ee-80eb-63e783adfd04" testListId="8c84fa94-04c1-424b-9868-57a2d4851a1d" />
    <TestEntry testId="826e8dfa-3adb-4a59-85fa-698360fc1439" executionId="c805097c-26b8-4a11-b847-d1590be6fae6" testListId="8c84fa94-04c1-424b-9868-57a2d4851a1d" />
    <TestEntry testId="39ccdc79-c5b1-4144-b78c-2d49ce72d412" executionId="8915c565-651f-49e6-a631-79628b9063fc" testListId="8c84fa94-04c1-424b-9868-57a2d4851a1d" />
    <TestEntry testId="84471918-49bc-4ed7-8af1-c3a39869ac9a" executionId="2edf2f67-89da-4bb9-825e-95e03f67b6db" testListId="8c84fa94-04c1-424b-9868-57a2d4851a1d" />
    <TestEntry testId="55de09cc-3812-474d-907f-fcda03fa906a" executionId="4080dece-cda4-4c6f-baa3-378e4e8e7e1f" testListId="8c84fa94-04c1-424b-9868-57a2d4851a1d" />
    <TestEntry testId="c202ead4-4d99-429d-8f3b-642f758c65ad" executionId="748616fe-7143-4e90-ac4f-d5b7d8597016" testListId="8c84fa94-04c1-424b-9868-57a2d4851a1d" />
    <TestEntry testId="768ff4ed-474d-487c-9910-f150f4f4f0ae" executionId="9ab5fd0e-2806-4779-97a6-e5f4e80dfc3f" testListId="8c84fa94-04c1-424b-9868-57a2d4851a1d" />
    <TestEntry testId="f7e29f38-a3e8-420c-90e8-04818842b1ce" executionId="a2fb264e-23d0-4f23-84b0-624d8d729db2" testListId="8c84fa94-04c1-424b-9868-57a2d4851a1d" />
    <TestEntry testId="0817cb7d-a4ac-4937-a2b9-d955be83510c" executionId="48bfb0ac-eebe-476e-b7ca-35a625c376d1" testListId="8c84fa94-04c1-424b-9868-57a2d4851a1d" />
    <TestEntry testId="97006d21-3716-4dc1-938a-018ddfddfed2" executionId="4599e018-3bcc-4619-83c5-7fa88bec8720" testListId="8c84fa94-04c1-424b-9868-57a2d4851a1d" />
    <TestEntry testId="5cfe6d24-205b-4768-acb2-c994c985aa79" executionId="f341955a-c73d-4b31-8199-f185b3d77ec2" testListId="8c84fa94-04c1-424b-9868-57a2d4851a1d" />
    <TestEntry testId="902011ac-4c65-437b-85df-416edaff73ba" executionId="03443a95-762d-4540-99aa-3c6e22cc4453" testListId="8c84fa94-04c1-424b-9868-57a2d4851a1d" />
    <TestEntry testId="0e52fd84-376c-45d6-ad83-41ea70a42113" executionId="e1b15a95-99ec-4e0b-9201-b9b3ab18e16e" testListId="8c84fa94-04c1-424b-9868-57a2d4851a1d" />
    <TestEntry testId="19fcffb3-7b71-4f5b-b4da-846aaf2a0178" executionId="988c6924-e060-47d0-b74e-e1580b8a7d02" testListId="8c84fa94-04c1-424b-9868-57a2d4851a1d" />
    <TestEntry testId="9ef8c7a3-51ed-4ad9-ac05-3fcad237c098" executionId="31bedc27-79f7-406f-af67-56403721a8ff" testListId="8c84fa94-04c1-424b-9868-57a2d4851a1d" />
    <TestEntry testId="d62f464b-4bf4-470d-b384-8f7eebdfe105" executionId="e4d48135-4a09-4b2b-921a-f628990358d7" testListId="8c84fa94-04c1-424b-9868-57a2d4851a1d" />
    <TestEntry testId="2aacf9a6-0a10-4884-bb6d-e70a3df9a27f" executionId="71dbf702-1891-4bd5-96aa-9dfa7f829b42" testListId="8c84fa94-04c1-424b-9868-57a2d4851a1d" />
    <TestEntry testId="96353ab5-d250-458f-a75e-566ecce61bfc" executionId="cd2a46a7-ff25-4fca-a879-761fdf05b843" testListId="8c84fa94-04c1-424b-9868-57a2d4851a1d" />
    <TestEntry testId="8efcfb15-8583-46d6-840f-085db29cefa9" executionId="d436650b-f649-4c27-81fd-2a89d28bcbf8" testListId="8c84fa94-04c1-424b-9868-57a2d4851a1d" />
    <TestEntry testId="8a56ac3f-5ab2-4cc5-affd-79885dcc560d" executionId="8675edad-0511-4f2d-8085-4d6f086462b6" testListId="8c84fa94-04c1-424b-9868-57a2d4851a1d" />
    <TestEntry testId="fa7af941-59d4-428c-9e4b-13c147803914" executionId="4d9497cf-edb5-410e-9aa1-7eff73fb6b4a" testListId="8c84fa94-04c1-424b-9868-57a2d4851a1d" />
    <TestEntry testId="19b4b0e2-24d5-4c41-a224-1926f8914d52" executionId="b6e05989-e72c-43e7-bdc2-a548c2d91f90" testListId="8c84fa94-04c1-424b-9868-57a2d4851a1d" />
    <TestEntry testId="5b9036ca-07ae-4a2b-9aca-7920baadbd17" executionId="44d64349-43ee-45f1-b869-a5dfc59a62d7" testListId="8c84fa94-04c1-424b-9868-57a2d4851a1d" />
    <TestEntry testId="b3c42108-d023-4ae5-bfa0-ee3a768913bc" executionId="5d521b72-afad-4de4-b965-9fa7360760a9" testListId="8c84fa94-04c1-424b-9868-57a2d4851a1d" />
    <TestEntry testId="de98299f-6a63-4a17-b79e-a595bcfeea62" executionId="9a102999-5eac-4934-95b9-359aab15bc7d" testListId="8c84fa94-04c1-424b-9868-57a2d4851a1d" />
    <TestEntry testId="b1792726-fe1f-4837-9def-0f38d3bcbfc1" executionId="5e861759-c98a-4d23-855c-6fa7d04d1692" testListId="8c84fa94-04c1-424b-9868-57a2d4851a1d" />
    <TestEntry testId="81cf8515-0ca3-4854-aa9a-2b480f4f6b44" executionId="e1982230-68bb-4c53-b2db-453d0b2d19ef" testListId="8c84fa94-04c1-424b-9868-57a2d4851a1d" />
    <TestEntry testId="1592665a-36c9-4a43-87eb-b1a4b44e575d" executionId="73ccb7cc-7e07-490b-9521-a39cd6a42d85" testListId="8c84fa94-04c1-424b-9868-57a2d4851a1d" />
    <TestEntry testId="5c932a63-61c3-4d02-87ff-826799b36893" executionId="f1cbef43-f663-44ac-9440-ec191bd38a50" testListId="8c84fa94-04c1-424b-9868-57a2d4851a1d" />
    <TestEntry testId="2ccc8439-8683-4ac9-83f2-941b11b6f0c5" executionId="6d3ad0bd-e4c1-4d40-be50-8fbc100777ff" testListId="8c84fa94-04c1-424b-9868-57a2d4851a1d" />
    <TestEntry testId="acd5c0ba-2cbe-4b77-8b32-3a018fce6f17" executionId="398b0711-491e-4ccd-8279-c0d3d81c2993" testListId="8c84fa94-04c1-424b-9868-57a2d4851a1d" />
    <TestEntry testId="e8640173-415e-4542-bdaa-f8930e28172c" executionId="d2f3d22c-f5a2-4bd3-ad9f-52c6a1615a4e" testListId="8c84fa94-04c1-424b-9868-57a2d4851a1d" />
    <TestEntry testId="697fb302-e32a-47fd-85a1-e79d58cb505c" executionId="fc103b51-0fb0-400d-8c8a-284222472d39" testListId="8c84fa94-04c1-424b-9868-57a2d4851a1d" />
    <TestEntry testId="55c7a6c8-d3ea-4724-871c-9c99b4af331a" executionId="1efeb4aa-b881-402b-ae01-0784bdae40fc" testListId="8c84fa94-04c1-424b-9868-57a2d4851a1d" />
    <TestEntry testId="0fecf4d9-f35b-4362-8a36-f1ae0b3ee4bb" executionId="95889ec2-e8fb-4bf7-984f-82ca99c164e8" testListId="8c84fa94-04c1-424b-9868-57a2d4851a1d" />
    <TestEntry testId="18661910-ac0a-41dd-8169-ad64196600c9" executionId="32d87581-9163-4ddb-992b-78ec69febac6" testListId="8c84fa94-04c1-424b-9868-57a2d4851a1d" />
    <TestEntry testId="30058777-8724-46e2-ae9d-87944b715d48" executionId="d3b26af0-bb85-45b3-8cd1-434928041d9e" testListId="8c84fa94-04c1-424b-9868-57a2d4851a1d" />
    <TestEntry testId="57d4815a-8989-4534-bfed-147ce6c93924" executionId="5663ebd9-98aa-4342-ade9-a1de2b9ed245" testListId="8c84fa94-04c1-424b-9868-57a2d4851a1d" />
    <TestEntry testId="e6058e19-b97c-4cd9-b4aa-dd698e29a5db" executionId="982cf272-80c1-4539-889e-9555d9dab9ad" testListId="8c84fa94-04c1-424b-9868-57a2d4851a1d" />
    <TestEntry testId="f9efbcc2-61b4-40e5-843b-e1ed54380061" executionId="e1b2c7b0-1b88-4b1f-baf9-2026bc2b13fa" testListId="8c84fa94-04c1-424b-9868-57a2d4851a1d" />
    <TestEntry testId="cb65e106-f6b9-4ceb-b8af-1e24e88d5d74" executionId="1b86eae7-d594-400b-8afa-cd53277e878f" testListId="8c84fa94-04c1-424b-9868-57a2d4851a1d" />
    <TestEntry testId="89022c55-88c6-4252-97a8-984c06b64f8f" executionId="43ac192c-1766-48a5-876d-0288938f3742" testListId="8c84fa94-04c1-424b-9868-57a2d4851a1d" />
    <TestEntry testId="8251008d-fd41-439e-a4fb-9e0a78c4f0ae" executionId="a85b6adb-808a-4cb9-bf93-8ea0864c167b" testListId="8c84fa94-04c1-424b-9868-57a2d4851a1d" />
    <TestEntry testId="a7056bb9-c297-4486-8109-af33fa8f1ee8" executionId="bc4acbdc-055b-436c-a581-d1299304b420" testListId="8c84fa94-04c1-424b-9868-57a2d4851a1d" />
    <TestEntry testId="4f620cc9-055d-4a48-b52f-d7e554a29118" executionId="228594f5-85fc-4c4b-99e7-0d981e5d10e7" testListId="8c84fa94-04c1-424b-9868-57a2d4851a1d" />
    <TestEntry testId="cd6934d4-6629-4337-bd2c-6b0801c0650e" executionId="7cfed0eb-8de9-4686-8ebd-04e037c3efd0" testListId="8c84fa94-04c1-424b-9868-57a2d4851a1d" />
    <TestEntry testId="8521210b-7080-4d60-9e5c-ed62f3d29135" executionId="47bd7dd9-9143-47ba-82cf-1ad674aad7e6" testListId="8c84fa94-04c1-424b-9868-57a2d4851a1d" />
    <TestEntry testId="53088a21-a456-4b95-92e3-384dbe85c411" executionId="ce42099d-c715-4160-bbcf-e2ccb39dd341" testListId="8c84fa94-04c1-424b-9868-57a2d4851a1d" />
    <TestEntry testId="890ca5f9-2af6-4cd3-906c-33de11311170" executionId="fabc67a7-d339-47e5-89ca-e76c0100cad6" testListId="8c84fa94-04c1-424b-9868-57a2d4851a1d" />
    <TestEntry testId="b80b2af8-2e92-4853-a69b-4b8917e89311" executionId="e7f70822-4600-4f01-b45c-d9305d30612e" testListId="8c84fa94-04c1-424b-9868-57a2d4851a1d" />
    <TestEntry testId="6da5203a-afaf-49e2-88c5-e03387165c2c" executionId="ab97494d-3d15-4eff-9fbb-403420cba646" testListId="8c84fa94-04c1-424b-9868-57a2d4851a1d" />
    <TestEntry testId="64fedfae-b1f5-457a-a165-8b12fadaf1bd" executionId="9c74a4dd-43fa-48c6-8ac1-994f1e3a493c" testListId="8c84fa94-04c1-424b-9868-57a2d4851a1d" />
    <TestEntry testId="d864a786-acdb-4c9a-8e36-1b51e4304530" executionId="84a93e09-f1e8-482b-ae55-9b161d33e574" testListId="8c84fa94-04c1-424b-9868-57a2d4851a1d" />
    <TestEntry testId="b452bcf2-c9aa-4c8c-b644-d7032b9ebc92" executionId="c82b8c9f-f71e-4788-b21d-b638b5433d17" testListId="8c84fa94-04c1-424b-9868-57a2d4851a1d" />
    <TestEntry testId="f094362b-e45a-40ca-a22f-23286c4bb415" executionId="120e53f3-7294-4979-ae36-9a2cb4f0f162" testListId="8c84fa94-04c1-424b-9868-57a2d4851a1d" />
    <TestEntry testId="89de0c1f-2c9b-4b79-99e8-e6b6a3351421" executionId="871b0536-76a2-4d7b-aefc-c189a1f23116" testListId="8c84fa94-04c1-424b-9868-57a2d4851a1d" />
    <TestEntry testId="15716ee1-30e3-417c-805b-c6391874353d" executionId="0d65c4b1-0a81-4c39-80e1-05609e1e34ec" testListId="8c84fa94-04c1-424b-9868-57a2d4851a1d" />
    <TestEntry testId="61d39e31-5005-4a8f-9cce-d9fb30992a19" executionId="419dd2c3-b58e-431e-883d-fe3bceee63ba" testListId="8c84fa94-04c1-424b-9868-57a2d4851a1d" />
    <TestEntry testId="c540d72b-89c4-49e3-9444-f8501fce2d96" executionId="fb0da5e8-be6d-4de0-9980-b2a442d9f40f" testListId="8c84fa94-04c1-424b-9868-57a2d4851a1d" />
    <TestEntry testId="78051211-1917-4279-b055-bc717bdffa31" executionId="f87eddda-1daa-425b-a002-3506af5636a8" testListId="8c84fa94-04c1-424b-9868-57a2d4851a1d" />
    <TestEntry testId="c78ff942-a0e6-4103-8037-17704d87345e" executionId="907b80b6-6abd-4bc2-bd09-059ad88e9d89" testListId="8c84fa94-04c1-424b-9868-57a2d4851a1d" />
    <TestEntry testId="2c2f8bf5-f70a-425e-ac6f-94803351a6c8" executionId="e96aa852-0e88-480a-bfea-b6edf8a13bbc" testListId="8c84fa94-04c1-424b-9868-57a2d4851a1d" />
    <TestEntry testId="2d022eca-8189-4e19-b7d4-5e8e3730141d" executionId="cbd3f291-be88-4a8a-9763-972c0182fd6a" testListId="8c84fa94-04c1-424b-9868-57a2d4851a1d" />
    <TestEntry testId="b02be5cf-a693-48b7-bd21-799b9bbbe00e" executionId="5cfb3aee-bd31-445f-8a3b-80e2a50c59d3" testListId="8c84fa94-04c1-424b-9868-57a2d4851a1d" />
    <TestEntry testId="4edd9489-1ed3-415c-8530-210d239e3f0a" executionId="654d45bf-efaa-41b0-b25c-95e54527f04a" testListId="8c84fa94-04c1-424b-9868-57a2d4851a1d" />
    <TestEntry testId="486acb50-778a-4072-b07c-be80b4b53916" executionId="a323ac42-7a94-497e-91ac-b61c04fd7cfc" testListId="8c84fa94-04c1-424b-9868-57a2d4851a1d" />
    <TestEntry testId="aacc4690-76ad-4f1b-a8c0-8b5f6d0a9cf2" executionId="cec00e4a-9fb7-4830-ad6b-29933f9cfa87" testListId="8c84fa94-04c1-424b-9868-57a2d4851a1d" />
    <TestEntry testId="1dbc5701-fe49-43eb-b0e6-37d974aebb53" executionId="33a203a5-2fb1-4fd7-a183-ffc3445fb047" testListId="8c84fa94-04c1-424b-9868-57a2d4851a1d" />
    <TestEntry testId="bcfde9d7-ee5d-4e9c-a7e4-b60c7cefeff7" executionId="083d6b4d-b6fe-4389-aa87-d5a48cf8c8b7" testListId="8c84fa94-04c1-424b-9868-57a2d4851a1d" />
    <TestEntry testId="251b3e45-ac98-4cd7-856a-1ef3035064ab" executionId="0abdbb76-7d58-40a7-96f6-5cf46b4f6a97" testListId="8c84fa94-04c1-424b-9868-57a2d4851a1d" />
    <TestEntry testId="81737574-7616-43a4-8967-5bfa42e3c36f" executionId="b1adfc39-493f-42bb-b2cc-4b7f46cc8ce3" testListId="8c84fa94-04c1-424b-9868-57a2d4851a1d" />
    <TestEntry testId="706a4849-a246-4c11-8ccb-5c13df7820ba" executionId="c2412394-6e6b-411d-a676-5b9e14cabdf2" testListId="8c84fa94-04c1-424b-9868-57a2d4851a1d" />
    <TestEntry testId="e53ae7d0-91ae-479e-bf8b-375567e398cc" executionId="dc6db540-2103-4bfe-bbe9-566944e47ba9" testListId="8c84fa94-04c1-424b-9868-57a2d4851a1d" />
    <TestEntry testId="288e8461-5128-4991-9db5-93aadadc2c8a" executionId="2081d154-8e40-4868-80ee-550eba9b3c89" testListId="8c84fa94-04c1-424b-9868-57a2d4851a1d" />
    <TestEntry testId="865b7306-c765-4cf5-a0ff-b24856cf7ae6" executionId="0646b6f6-233a-4363-bce6-52f2b9263c30" testListId="8c84fa94-04c1-424b-9868-57a2d4851a1d" />
    <TestEntry testId="e796327b-c916-462d-a915-a9d0e8221963" executionId="eb4b40f7-1229-402c-82d8-8e0fe567ed8a" testListId="8c84fa94-04c1-424b-9868-57a2d4851a1d" />
    <TestEntry testId="d44c98e1-8bbf-40db-a18d-04e94ee2491b" executionId="bae2ce8a-40d1-4dc7-8fe5-5ce4549fe1e0" testListId="8c84fa94-04c1-424b-9868-57a2d4851a1d" />
    <TestEntry testId="1ab4ff98-1e1c-453b-805b-e8faaaf6484a" executionId="c6192610-0db1-4437-9347-56e24c0a9862" testListId="8c84fa94-04c1-424b-9868-57a2d4851a1d" />
    <TestEntry testId="f5402b31-f4ae-475a-b289-ab5c195dcbfb" executionId="8c98c1ed-d15a-449f-b75b-6bcef2ff3460" testListId="8c84fa94-04c1-424b-9868-57a2d4851a1d" />
    <TestEntry testId="67363ccd-1231-453c-82f5-36c9b0159e65" executionId="ef146fe0-6c98-496b-a9c9-90c841bf2af8" testListId="8c84fa94-04c1-424b-9868-57a2d4851a1d" />
    <TestEntry testId="835930a9-5887-4996-923f-1d9217a29b80" executionId="51b9bed1-8750-44d7-a75c-d92d5138dd84" testListId="8c84fa94-04c1-424b-9868-57a2d4851a1d" />
    <TestEntry testId="e765bac9-8848-46b4-901c-d3f23d755a28" executionId="76873516-5786-417d-89a7-d6ad9f2b849b" testListId="8c84fa94-04c1-424b-9868-57a2d4851a1d" />
    <TestEntry testId="121977a3-7ab5-4f11-a069-1683f40e0f7d" executionId="ef3ff7c7-f9db-4933-a962-18d86aa39ede" testListId="8c84fa94-04c1-424b-9868-57a2d4851a1d" />
    <TestEntry testId="e19e64e8-97a7-48a7-83b3-dfc05f846879" executionId="29d3551e-9a71-40a4-bac5-33a50fe6366a" testListId="8c84fa94-04c1-424b-9868-57a2d4851a1d" />
    <TestEntry testId="c45e9129-77dd-407b-8584-0b08531a4361" executionId="c406a31b-960a-4060-9683-cc2c3daa41e7" testListId="8c84fa94-04c1-424b-9868-57a2d4851a1d" />
    <TestEntry testId="08e7ce7d-9d0b-45df-8d4c-7d33d16af0aa" executionId="40efcf0c-cf5e-41a9-8cf9-3f21bbed3678" testListId="8c84fa94-04c1-424b-9868-57a2d4851a1d" />
    <TestEntry testId="696a5e33-e8df-4e9f-a474-4213d2a74676" executionId="6266d988-e882-4e09-9e46-de269286fcec" testListId="8c84fa94-04c1-424b-9868-57a2d4851a1d" />
    <TestEntry testId="0fa348a4-0b4e-445f-b080-318e8ed6fc97" executionId="089d513d-2567-49ed-aff2-600144e61944" testListId="8c84fa94-04c1-424b-9868-57a2d4851a1d" />
    <TestEntry testId="d7e36db7-48e0-46c4-9eda-734b1694ed9d" executionId="59c0e831-767b-4eca-9264-00f669b96b16" testListId="8c84fa94-04c1-424b-9868-57a2d4851a1d" />
    <TestEntry testId="91d6ee6d-7109-48cb-849c-575db9d0003d" executionId="bf78079a-6d65-49fb-bf86-f345af77009f" testListId="8c84fa94-04c1-424b-9868-57a2d4851a1d" />
    <TestEntry testId="e098a6d6-3cf6-4d45-9f70-9121811fe2d6" executionId="196fd0c4-93fd-455b-bb1e-4b005255cfaa" testListId="8c84fa94-04c1-424b-9868-57a2d4851a1d" />
    <TestEntry testId="c27d9e0c-55a1-4c85-a5c7-a5291d409a33" executionId="e8abcbb5-c7da-4f09-a614-369152abb46e" testListId="8c84fa94-04c1-424b-9868-57a2d4851a1d" />
    <TestEntry testId="8c9fdb82-febc-433f-9c68-66cdf20fb4b5" executionId="c8f0016d-2e9f-46d9-94a0-f3554d2e1220" testListId="8c84fa94-04c1-424b-9868-57a2d4851a1d" />
    <TestEntry testId="3b3b1564-b558-474f-83e6-174a07e68ade" executionId="654bab16-1d77-407f-9dee-7606b9afd37d" testListId="8c84fa94-04c1-424b-9868-57a2d4851a1d" />
    <TestEntry testId="16fc0ed2-457f-48c7-b777-0cee73b4db90" executionId="5cecf040-97f4-4046-b174-78e7e26476ed" testListId="8c84fa94-04c1-424b-9868-57a2d4851a1d" />
    <TestEntry testId="4c30008e-f272-49f5-a688-4fbafe99d697" executionId="eed48593-462f-4893-a4a4-50263db8884a" testListId="8c84fa94-04c1-424b-9868-57a2d4851a1d" />
    <TestEntry testId="0ec363d1-1496-41f1-8b09-33367f400f08" executionId="e0f4ba60-a730-4e32-b4c8-ee70cbf24730" testListId="8c84fa94-04c1-424b-9868-57a2d4851a1d" />
    <TestEntry testId="62c387dd-cc5e-4316-b815-3f425015f2cc" executionId="c526f0ca-693c-4ee5-8b4e-1d0ea0205ad1" testListId="8c84fa94-04c1-424b-9868-57a2d4851a1d" />
    <TestEntry testId="b36c8f08-761e-4745-9143-96057ce8f05b" executionId="3fdd0a09-b0cc-4088-943b-78c3cedb6149" testListId="8c84fa94-04c1-424b-9868-57a2d4851a1d" />
    <TestEntry testId="bbe88950-59e3-4938-b965-779cff6683d0" executionId="d1c9d580-d503-47a8-8885-f1c2fd93bf48" testListId="8c84fa94-04c1-424b-9868-57a2d4851a1d" />
    <TestEntry testId="5ece363c-aa4b-40a1-9c3c-f70ec26bc224" executionId="bff752ef-2ca1-4e09-b1be-7371e96cc385" testListId="8c84fa94-04c1-424b-9868-57a2d4851a1d" />
    <TestEntry testId="f11f198b-2a71-4b4a-809e-5f0c3cdf2463" executionId="6fd36165-0ded-4fb4-b4c3-300c934cb9a9" testListId="8c84fa94-04c1-424b-9868-57a2d4851a1d" />
    <TestEntry testId="d8b464c1-9fad-4e27-b730-845f85104cd7" executionId="35aa3de9-4f5f-41bc-98c4-b5e82d70be1b" testListId="8c84fa94-04c1-424b-9868-57a2d4851a1d" />
    <TestEntry testId="c1e12bcd-b5ff-4367-a557-1a034a5013c9" executionId="c9b0bcf9-08b4-495e-ac3c-de2baf4a0ad1" testListId="8c84fa94-04c1-424b-9868-57a2d4851a1d" />
    <TestEntry testId="0cebde67-dd8a-4584-b449-a963d92446e8" executionId="819fde0a-7b01-4425-8c7e-4e6bf9de60cb" testListId="8c84fa94-04c1-424b-9868-57a2d4851a1d" />
    <TestEntry testId="544b6ceb-6b56-49c4-9108-a23605095e4c" executionId="79f33622-008b-4dce-bcf4-fbc3a9c8ead8" testListId="8c84fa94-04c1-424b-9868-57a2d4851a1d" />
    <TestEntry testId="4381779a-2cab-4ab7-a00d-eed87cd8e02b" executionId="e6ec7ea4-58fe-4cee-a591-a9f8b3b4766c" testListId="8c84fa94-04c1-424b-9868-57a2d4851a1d" />
    <TestEntry testId="0e722b49-8ef6-4ecb-a50c-7669d951628a" executionId="1e39af02-0da4-4cdc-97e8-893112f679e5" testListId="8c84fa94-04c1-424b-9868-57a2d4851a1d" />
    <TestEntry testId="159a81ee-6631-464c-9852-3f9021b878be" executionId="d0d6f8c6-a751-4da4-9a0c-1940d3818489" testListId="8c84fa94-04c1-424b-9868-57a2d4851a1d" />
    <TestEntry testId="2d30316e-4de1-4e65-9d54-7f0882cb9ab9" executionId="1b67444f-665f-4a33-ab52-b9597894bbbd" testListId="8c84fa94-04c1-424b-9868-57a2d4851a1d" />
    <TestEntry testId="8b634009-f7fd-4ef4-adf4-573ea6437f77" executionId="ccc45a32-8005-49b2-8229-22007b101637" testListId="8c84fa94-04c1-424b-9868-57a2d4851a1d" />
    <TestEntry testId="a5f084d0-454c-4678-b708-383ba2a4e9ac" executionId="74520370-bb92-4aa6-b093-5216f5b7a102" testListId="8c84fa94-04c1-424b-9868-57a2d4851a1d" />
    <TestEntry testId="cc18cf95-9a67-441e-9669-795eb8ed1d65" executionId="949e5efd-be8c-4852-a443-40dbf052098a" testListId="8c84fa94-04c1-424b-9868-57a2d4851a1d" />
    <TestEntry testId="62749c95-61ea-4f83-bedb-0b05dc577f98" executionId="4dea2eed-bd00-49fc-9649-61766556961b" testListId="8c84fa94-04c1-424b-9868-57a2d4851a1d" />
    <TestEntry testId="0ffaa81f-67a4-4b9c-a266-6145c6778260" executionId="774fd2e2-9010-4cd8-80df-d5a407edcea2" testListId="8c84fa94-04c1-424b-9868-57a2d4851a1d" />
    <TestEntry testId="e6a3cd3d-31a6-4f17-8187-ea1048076edd" executionId="b30364ec-d75f-45b0-a1bd-24e867da85de" testListId="8c84fa94-04c1-424b-9868-57a2d4851a1d" />
    <TestEntry testId="bc992a72-3f2f-4476-a2d7-fb134c85e1f2" executionId="da1f56c4-171f-4b46-9f79-5f917bd813bf" testListId="8c84fa94-04c1-424b-9868-57a2d4851a1d" />
    <TestEntry testId="81ea3756-fcfd-4ab5-ad1b-154a2476b446" executionId="2e635e47-7321-47e0-93f3-bdd84746cc92" testListId="8c84fa94-04c1-424b-9868-57a2d4851a1d" />
    <TestEntry testId="c1ea9b38-8378-4b41-a800-27e3a042d25a" executionId="f18154ff-1004-4c73-a674-8ca913aa2b8b" testListId="8c84fa94-04c1-424b-9868-57a2d4851a1d" />
    <TestEntry testId="16d78e9e-2ae2-44f2-ab2b-f76e3ed11520" executionId="bc79af4e-b981-4865-b652-6d3b348a2198" testListId="8c84fa94-04c1-424b-9868-57a2d4851a1d" />
    <TestEntry testId="6a95ee42-6284-4748-8332-50f57e64d7cc" executionId="56d35904-c538-4f17-aa27-4571324a5e0d" testListId="8c84fa94-04c1-424b-9868-57a2d4851a1d" />
    <TestEntry testId="6f5948f0-e4d0-4dd8-b9e9-477a4e213f2e" executionId="c28b5e70-100d-4269-88c6-a3e9233f4cb2" testListId="8c84fa94-04c1-424b-9868-57a2d4851a1d" />
    <TestEntry testId="5767b605-1f54-4f62-b10d-f482917ad090" executionId="a5a388a6-2189-473c-ae77-f8d7c450d2d2" testListId="8c84fa94-04c1-424b-9868-57a2d4851a1d" />
    <TestEntry testId="3f56f3bc-4b1f-45ec-b44c-c5683c98de6c" executionId="210bf2af-db27-4f41-9dbb-a1f33b8858af" testListId="8c84fa94-04c1-424b-9868-57a2d4851a1d" />
    <TestEntry testId="1db4108f-6540-44ca-92ea-3be8ff776dc4" executionId="32142df1-5a60-439c-adf1-f1681a805109" testListId="8c84fa94-04c1-424b-9868-57a2d4851a1d" />
    <TestEntry testId="22fe726b-fd72-4010-81fe-8bcd3b8364b1" executionId="f10c844a-a18e-460d-b5ef-4b7136113cf2" testListId="8c84fa94-04c1-424b-9868-57a2d4851a1d" />
    <TestEntry testId="07fc21fa-6c93-4b20-b897-703a03717d50" executionId="fd323b75-5378-4935-82f1-80c7cf77d819" testListId="8c84fa94-04c1-424b-9868-57a2d4851a1d" />
    <TestEntry testId="76405655-8e65-4dad-9f08-d125028ea1f2" executionId="d026712c-a536-4919-a138-f7f0705b6a0d" testListId="8c84fa94-04c1-424b-9868-57a2d4851a1d" />
    <TestEntry testId="3620add1-9dca-443a-9cf2-538bf4209473" executionId="71ef155a-905d-4a2f-bdf8-8382bdd9903f" testListId="8c84fa94-04c1-424b-9868-57a2d4851a1d" />
    <TestEntry testId="6598c6d0-a277-4be1-a5f1-5171355abc88" executionId="40465cf5-63e3-495d-8dc6-5ec2e0ac4be9" testListId="8c84fa94-04c1-424b-9868-57a2d4851a1d" />
    <TestEntry testId="7e6c0b82-b10b-4801-b7a3-55678d1461e7" executionId="bf3e78e2-0513-44b1-ae47-52b686f900ad" testListId="8c84fa94-04c1-424b-9868-57a2d4851a1d" />
    <TestEntry testId="b0c6e7d5-19e9-4515-96b8-7ed8da3461c9" executionId="e0249b15-b539-46b7-a432-955ed1cb8eb2" testListId="8c84fa94-04c1-424b-9868-57a2d4851a1d" />
    <TestEntry testId="13e2fd9f-0922-4953-8f6f-fd7688bd8277" executionId="2ac9b9dc-2f76-47d7-9724-a2a570afb8d4" testListId="8c84fa94-04c1-424b-9868-57a2d4851a1d" />
    <TestEntry testId="bcce043d-c632-483b-91f2-f87c6f774a6d" executionId="b80772a9-ba0e-4761-9501-c9b632187063" testListId="8c84fa94-04c1-424b-9868-57a2d4851a1d" />
    <TestEntry testId="0d96ef1f-dc7a-499c-bce6-c3b9353137f2" executionId="775e6aaa-0e7e-4eae-b6a5-2b65a50b96a1" testListId="8c84fa94-04c1-424b-9868-57a2d4851a1d" />
    <TestEntry testId="ecc6f7f9-a3f1-40b0-8bd4-2df9ae1b5d2c" executionId="3d22948d-078d-4588-8f92-df097f6eb160" testListId="8c84fa94-04c1-424b-9868-57a2d4851a1d" />
    <TestEntry testId="4a3838fa-5d93-4dac-910d-f4550610cdd3" executionId="95cc2f80-d7c3-411d-9da5-01c3c66341f7" testListId="8c84fa94-04c1-424b-9868-57a2d4851a1d" />
    <TestEntry testId="a210f7f7-4f6e-4ef3-b108-45b6d7f06f19" executionId="4adb8e09-7621-4725-960b-c40824b46d64" testListId="8c84fa94-04c1-424b-9868-57a2d4851a1d" />
    <TestEntry testId="bb327ff0-0231-497b-978a-0aea39bd7606" executionId="1068882e-c670-4b24-a396-6a2a6744c693" testListId="8c84fa94-04c1-424b-9868-57a2d4851a1d" />
    <TestEntry testId="cde0ae84-0485-47fa-9746-edf51586dc2a" executionId="d041a31a-2b73-4347-a347-4d682757df20" testListId="8c84fa94-04c1-424b-9868-57a2d4851a1d" />
    <TestEntry testId="df2b9ea8-d3c2-4e48-8a3a-4e60eb5038c6" executionId="d7ea53fe-2a02-478d-96d3-325b6f106133" testListId="8c84fa94-04c1-424b-9868-57a2d4851a1d" />
    <TestEntry testId="25831372-24d6-447b-89c7-4c245793a741" executionId="0e259451-2a23-4d10-8d62-db14ee5632c3" testListId="8c84fa94-04c1-424b-9868-57a2d4851a1d" />
    <TestEntry testId="c4f84b23-f09c-4ef8-8f83-1ccf0d386c48" executionId="d678ff6d-b376-4aec-a840-e9e3dcecbb39" testListId="8c84fa94-04c1-424b-9868-57a2d4851a1d" />
    <TestEntry testId="b183b8ab-9434-43a6-b3eb-c2e2cec7199b" executionId="26e685f2-ba33-423d-a828-8697d4334d81" testListId="8c84fa94-04c1-424b-9868-57a2d4851a1d" />
    <TestEntry testId="1b1035b6-d503-45e3-b59e-ea9f6bc3e125" executionId="3c1a86d7-516c-4ce1-83da-ae4d897224a5" testListId="8c84fa94-04c1-424b-9868-57a2d4851a1d" />
    <TestEntry testId="210085bb-7db8-4bbb-ae0b-8b673f3624c3" executionId="c33fba86-a2c6-4864-981a-70cdd927c795" testListId="8c84fa94-04c1-424b-9868-57a2d4851a1d" />
    <TestEntry testId="22f21154-813a-411a-80b2-41ffedba116e" executionId="93e3a149-2213-49fa-948a-7a0fac3565dd" testListId="8c84fa94-04c1-424b-9868-57a2d4851a1d" />
    <TestEntry testId="78191ec3-a230-453a-95b3-b2320bf5cd03" executionId="66d5d611-c923-4c76-860c-0a551708cdf5" testListId="8c84fa94-04c1-424b-9868-57a2d4851a1d" />
    <TestEntry testId="36c61080-6c01-40ed-a20a-09e19b679df5" executionId="8db6f223-4aa5-4488-b616-9918c3c8c830" testListId="8c84fa94-04c1-424b-9868-57a2d4851a1d" />
    <TestEntry testId="abb25ee1-d937-48c3-8ed9-5e27730405cf" executionId="d21e1514-4ae0-4176-9f75-c597a9abee38" testListId="8c84fa94-04c1-424b-9868-57a2d4851a1d" />
    <TestEntry testId="8d1c5b8d-c884-45e2-a8a9-08f2a50fa6dd" executionId="3961f8c4-2077-4d13-898d-de7df6699460" testListId="8c84fa94-04c1-424b-9868-57a2d4851a1d" />
    <TestEntry testId="26c8b5c0-6698-4ba8-b7cc-d5015ba0b36b" executionId="ba3e903c-223c-4ca7-a270-19c55348c5fa" testListId="8c84fa94-04c1-424b-9868-57a2d4851a1d" />
    <TestEntry testId="5af641c1-99fb-41f0-9238-50b2da9cc75c" executionId="ee708cbf-85e3-45b8-a92b-daa0ae17dc76" testListId="8c84fa94-04c1-424b-9868-57a2d4851a1d" />
    <TestEntry testId="5d0a20a3-4b68-44bf-a5f2-8eeb3b3d6932" executionId="55aa4ac1-2965-47da-ac20-f5dd1df716a1" testListId="8c84fa94-04c1-424b-9868-57a2d4851a1d" />
    <TestEntry testId="41603ee8-6ed4-40ef-b567-7a0ea1f6c318" executionId="dbe0d1ac-22e1-4d81-9793-c4074d95165f" testListId="8c84fa94-04c1-424b-9868-57a2d4851a1d" />
    <TestEntry testId="49677d31-e791-49f0-9f03-9654776840e7" executionId="7ba4f3b6-3b19-4326-84e5-39b8698dbd58" testListId="8c84fa94-04c1-424b-9868-57a2d4851a1d" />
    <TestEntry testId="c0afc37a-a9d5-4797-9029-46fc07377765" executionId="733baf22-8482-4c66-ab46-33240a45757d" testListId="8c84fa94-04c1-424b-9868-57a2d4851a1d" />
    <TestEntry testId="16eefe42-221e-4b36-a975-3e7170b304de" executionId="c5710c46-9a26-4720-ac30-e9d67d829c12" testListId="8c84fa94-04c1-424b-9868-57a2d4851a1d" />
    <TestEntry testId="cfd867b0-5f66-4e3f-9291-c3b4da0ea182" executionId="bd256643-7f2c-40f0-884c-49f8daa21498" testListId="8c84fa94-04c1-424b-9868-57a2d4851a1d" />
    <TestEntry testId="77826052-8da3-47ac-8ed9-a1d26634978c" executionId="8c9a9038-2989-4bb6-a757-95dde04cefc0" testListId="8c84fa94-04c1-424b-9868-57a2d4851a1d" />
    <TestEntry testId="51fd4ff5-6693-47ca-9d0e-c97bce0fb6c1" executionId="f7f88b51-2e0a-4a7e-bc68-60645246dacb" testListId="8c84fa94-04c1-424b-9868-57a2d4851a1d" />
    <TestEntry testId="372d849b-5cec-499e-8e3f-e5cbd487eefd" executionId="0214d281-647c-430a-9ac9-049c756c060d" testListId="8c84fa94-04c1-424b-9868-57a2d4851a1d" />
    <TestEntry testId="ea48437e-dbf3-4422-ae12-76e5e8d6ca1d" executionId="121234a8-052f-4755-ad45-04f34bd3902d" testListId="8c84fa94-04c1-424b-9868-57a2d4851a1d" />
    <TestEntry testId="d4afe750-77b9-4a3f-92fc-e133fadaf374" executionId="eb70d429-5bbb-4fee-837f-2dc4164982d8" testListId="8c84fa94-04c1-424b-9868-57a2d4851a1d" />
    <TestEntry testId="6b6f19de-6b2a-49f2-b123-6e5522e8b497" executionId="bafcc6cc-58b7-43de-b130-b45df2342e19" testListId="8c84fa94-04c1-424b-9868-57a2d4851a1d" />
    <TestEntry testId="9eb6fb97-d3e8-4a68-bb55-9a700682306a" executionId="bd252a1e-db98-483a-8fff-22240dddf345" testListId="8c84fa94-04c1-424b-9868-57a2d4851a1d" />
    <TestEntry testId="269f203f-4d22-4fea-936b-2d4a16579f39" executionId="cce9a16f-8cdf-40da-8ff0-2b6c26f4b955" testListId="8c84fa94-04c1-424b-9868-57a2d4851a1d" />
    <TestEntry testId="f1ac58b2-f914-47b8-994b-67fb0f12aa79" executionId="ae63e13d-4efc-4cc0-a411-8752575064aa" testListId="8c84fa94-04c1-424b-9868-57a2d4851a1d" />
    <TestEntry testId="8ae7079a-18f9-499a-99c6-e5bef7e2d90f" executionId="9fcec086-b295-485d-b36b-0f4bc59d807e" testListId="8c84fa94-04c1-424b-9868-57a2d4851a1d" />
    <TestEntry testId="17c65037-8869-4ddd-884c-cdce93cd0877" executionId="8c3dcc1f-6567-472f-84f7-60a32299b89e" testListId="8c84fa94-04c1-424b-9868-57a2d4851a1d" />
    <TestEntry testId="0fc675b5-9d0d-4475-ab9d-753f9cbe0fd7" executionId="77e055ad-6b89-46d4-b8ae-4e7fb858b96c" testListId="8c84fa94-04c1-424b-9868-57a2d4851a1d" />
    <TestEntry testId="1bfd358e-b8eb-4659-94dc-28fdb180b0bb" executionId="3babd45f-8cfb-4e81-8911-618feefb9ea4" testListId="8c84fa94-04c1-424b-9868-57a2d4851a1d" />
    <TestEntry testId="0c492248-e751-4903-b891-e2cce7f637bc" executionId="b91e34c6-bb5c-475b-852d-787a94e7354e" testListId="8c84fa94-04c1-424b-9868-57a2d4851a1d" />
    <TestEntry testId="fc20a8b8-5f1a-476c-865e-ed428af2a89b" executionId="357e2df3-fd80-4dcd-9be0-fa0a66467d69" testListId="8c84fa94-04c1-424b-9868-57a2d4851a1d" />
    <TestEntry testId="00a53861-409b-4a48-a06a-6c190e28857b" executionId="3b41ba1b-a847-4e9b-92cb-a92ea463d468" testListId="8c84fa94-04c1-424b-9868-57a2d4851a1d" />
    <TestEntry testId="3e5a2859-00a8-442d-8afe-1769a93a55ca" executionId="8751adbb-7e4f-4613-87bc-91086fe7aa1f" testListId="8c84fa94-04c1-424b-9868-57a2d4851a1d" />
    <TestEntry testId="aa25554b-476f-490d-91b4-32648ab1c8d3" executionId="8c75692a-9ecb-496f-8440-55d1122a75e4" testListId="8c84fa94-04c1-424b-9868-57a2d4851a1d" />
    <TestEntry testId="8d0b7170-7aa0-45f4-8c75-c8893f9aff45" executionId="b659b83e-ff16-4425-9c49-1ebec3bb9d37" testListId="8c84fa94-04c1-424b-9868-57a2d4851a1d" />
    <TestEntry testId="416ecd26-9ae6-43fd-ad57-d45f8220488e" executionId="a92459e6-2167-4083-8464-2c74d8c044a7" testListId="8c84fa94-04c1-424b-9868-57a2d4851a1d" />
    <TestEntry testId="cdf31cbb-da6d-4830-a582-8a12a02f70a8" executionId="75ea8c75-c59d-42c9-a547-a3bd275bf552" testListId="8c84fa94-04c1-424b-9868-57a2d4851a1d" />
    <TestEntry testId="88eba194-053e-47d9-b251-b8631bffeca6" executionId="8fa65f35-0fe5-4b9d-a1c7-c320885736f9" testListId="8c84fa94-04c1-424b-9868-57a2d4851a1d" />
    <TestEntry testId="3ce9e2c7-a1c1-41f2-a6f5-ef6ab60db51a" executionId="67af5d2c-e9e9-4d18-8c33-bf031e04b936" testListId="8c84fa94-04c1-424b-9868-57a2d4851a1d" />
    <TestEntry testId="49f58f0f-cd9e-46f6-9481-3acbca6e9219" executionId="26664ad5-48d3-4704-8754-c28f5b39b932" testListId="8c84fa94-04c1-424b-9868-57a2d4851a1d" />
    <TestEntry testId="b4f39190-3057-4f83-8768-2517cd941828" executionId="6eee28a5-ce4f-4a97-80c7-39b0a2d0cc9b" testListId="8c84fa94-04c1-424b-9868-57a2d4851a1d" />
    <TestEntry testId="b1f0af28-86e3-4bcc-bd50-743fce3ef167" executionId="055e9c3e-974b-4f15-a85a-dcfa8c8e4277" testListId="8c84fa94-04c1-424b-9868-57a2d4851a1d" />
    <TestEntry testId="e2f9dbc4-afdf-45c7-be52-e6c13a855757" executionId="bd16adc1-608e-4d29-ba3d-0455b5b0f092" testListId="8c84fa94-04c1-424b-9868-57a2d4851a1d" />
    <TestEntry testId="72b4ef77-e5be-416e-b00f-9575efac85da" executionId="d4d41051-6d46-40f8-b175-29209c8a3b6c" testListId="8c84fa94-04c1-424b-9868-57a2d4851a1d" />
    <TestEntry testId="35ce09d2-cbcf-478f-bb98-7dc50aae7bb7" executionId="ba0d49f9-d896-484f-bdc1-58909b46b1ae" testListId="8c84fa94-04c1-424b-9868-57a2d4851a1d" />
    <TestEntry testId="684caad2-51e9-484e-8cbf-d2a28f9ace0e" executionId="5e21fb2a-6471-465d-a8c7-c40158cedc19" testListId="8c84fa94-04c1-424b-9868-57a2d4851a1d" />
    <TestEntry testId="85093366-b117-41c3-bf07-4b04d09b3078" executionId="f743c83b-69be-463c-b843-2a4e34ded44d" testListId="8c84fa94-04c1-424b-9868-57a2d4851a1d" />
    <TestEntry testId="9b164801-9143-4b0f-838a-71a02e4cc6c2" executionId="b93eba57-6923-4531-a973-806fa2a05cc8" testListId="8c84fa94-04c1-424b-9868-57a2d4851a1d" />
    <TestEntry testId="074c5e53-901c-4824-b301-ff7b9550c65c" executionId="3ff59a57-8bcc-41ee-9f8e-0b1e9b75059f" testListId="8c84fa94-04c1-424b-9868-57a2d4851a1d" />
    <TestEntry testId="55e4ca24-da18-4f17-8682-07b4f6909b55" executionId="bc501ffb-4ec7-4204-bb3d-77fc45aa755d" testListId="8c84fa94-04c1-424b-9868-57a2d4851a1d" />
    <TestEntry testId="46750296-13e2-49ce-8841-903b141320fe" executionId="7b9a4736-3270-41b8-a2d6-3a081c8658c5" testListId="8c84fa94-04c1-424b-9868-57a2d4851a1d" />
    <TestEntry testId="dabb4dbc-6dbf-48e8-934b-d0a30e428487" executionId="04caf652-9242-47d7-809b-7965fe44b6c1" testListId="8c84fa94-04c1-424b-9868-57a2d4851a1d" />
    <TestEntry testId="95d9e8e9-4f17-407d-8aff-091b5af97451" executionId="63de4a29-6f60-48e6-889c-08e2820096f7" testListId="8c84fa94-04c1-424b-9868-57a2d4851a1d" />
    <TestEntry testId="587f84ea-ea2b-4ce7-985d-964d5a2a0351" executionId="8fe305d8-3647-4438-8846-b1e5f7d4e96b" testListId="8c84fa94-04c1-424b-9868-57a2d4851a1d" />
    <TestEntry testId="8a0f3a71-b796-4059-a35b-2316968cf8f2" executionId="476ff928-90b6-407d-9ed7-0f460e907a26" testListId="8c84fa94-04c1-424b-9868-57a2d4851a1d" />
    <TestEntry testId="b2c2e7a7-dbd7-4c3c-b8df-6d69f3504ce5" executionId="36ce2d5c-bbe5-49a2-8df0-18c33d2c68b0" testListId="8c84fa94-04c1-424b-9868-57a2d4851a1d" />
    <TestEntry testId="43bd60ab-80d7-4120-82cb-a5d7f9afcfb8" executionId="511bccc6-1596-44b3-a978-686ab2c40dc9" testListId="8c84fa94-04c1-424b-9868-57a2d4851a1d" />
    <TestEntry testId="12363728-99b7-4b03-becf-beb588fd5156" executionId="c8e90e43-8a4a-46ee-ac40-73db8bedcb8d" testListId="8c84fa94-04c1-424b-9868-57a2d4851a1d" />
    <TestEntry testId="79ae85c6-00d3-4ec7-9b69-dbbd12f87e04" executionId="f46575f9-9a07-4a31-b91c-482d704f6872" testListId="8c84fa94-04c1-424b-9868-57a2d4851a1d" />
    <TestEntry testId="6fb8874e-9211-4aac-b0aa-9e7bfb2cc924" executionId="e4e9e45e-0e2a-4963-b2c3-0073c5b19ea8" testListId="8c84fa94-04c1-424b-9868-57a2d4851a1d" />
    <TestEntry testId="885bbc8d-a159-4d33-bfbf-219300f5c811" executionId="d3369255-ff04-464f-bd7d-ab2bb39d2f8b" testListId="8c84fa94-04c1-424b-9868-57a2d4851a1d" />
    <TestEntry testId="7bf1f0e3-c972-4ad8-887f-2b5a08c8e349" executionId="f28f6742-03d5-4220-82f9-515cbb2b74b3" testListId="8c84fa94-04c1-424b-9868-57a2d4851a1d" />
    <TestEntry testId="ce6078be-3635-44b6-9c18-ffaa7ff51788" executionId="7edb1c6c-78b0-4cc5-91c4-045ca2cb1736" testListId="8c84fa94-04c1-424b-9868-57a2d4851a1d" />
    <TestEntry testId="68172569-7df6-4247-aa18-3a7678a7ce89" executionId="70591577-01eb-46a7-8735-1359d3b1f65f" testListId="8c84fa94-04c1-424b-9868-57a2d4851a1d" />
    <TestEntry testId="25a07dda-4d2e-4938-b7e5-e8eb236c9ed1" executionId="e093d908-ebd7-4478-9939-8a74786f872b" testListId="8c84fa94-04c1-424b-9868-57a2d4851a1d" />
    <TestEntry testId="0c786ce3-ca0b-45f6-8c09-206e0ab930e1" executionId="2b5ef450-b613-4aae-b5d9-eed5c315de44" testListId="8c84fa94-04c1-424b-9868-57a2d4851a1d" />
    <TestEntry testId="837bc66f-71b8-414a-af97-cb414ef1848a" executionId="e2d09d8c-79b4-4450-af81-ceaef87e9edb" testListId="8c84fa94-04c1-424b-9868-57a2d4851a1d" />
    <TestEntry testId="69d3fab9-2b76-4ada-b86e-eed32b6f4153" executionId="e758132d-5a8a-47ef-a271-8c6382484c6f" testListId="8c84fa94-04c1-424b-9868-57a2d4851a1d" />
    <TestEntry testId="1b786c4b-7807-4847-98df-c99c6fd6bd0d" executionId="3bffb007-e687-494c-8820-c180f28e0c0a" testListId="8c84fa94-04c1-424b-9868-57a2d4851a1d" />
    <TestEntry testId="60b3eabc-6980-4bda-aa01-ba51f6014f82" executionId="d1626c48-0e8e-4e0e-a70c-ceeadfae9c70" testListId="8c84fa94-04c1-424b-9868-57a2d4851a1d" />
    <TestEntry testId="ef94a2b9-c638-4573-bca7-183a39fee7fd" executionId="4cd0d85c-8b71-4b18-b8e0-2c3d41609aba" testListId="8c84fa94-04c1-424b-9868-57a2d4851a1d" />
    <TestEntry testId="a029380a-b6ba-4aaf-a4e6-954c7f409cbe" executionId="c4129e12-444d-43ec-8ea4-44804f6bc6e7" testListId="8c84fa94-04c1-424b-9868-57a2d4851a1d" />
    <TestEntry testId="a0275b88-eb37-4907-bc50-36d13cd2e69c" executionId="18dd745d-f419-4354-bc01-17265a9ee433" testListId="8c84fa94-04c1-424b-9868-57a2d4851a1d" />
    <TestEntry testId="30c6f657-39cb-4df7-a419-91e5c7e4ea8e" executionId="c3ad98ea-b57e-4ea4-9e16-53d90f93e323" testListId="8c84fa94-04c1-424b-9868-57a2d4851a1d" />
    <TestEntry testId="1827352f-47be-409c-ab54-1eb8178f0e31" executionId="df47fabf-f97f-48d5-bf5f-6de4ebf1b7fb" testListId="8c84fa94-04c1-424b-9868-57a2d4851a1d" />
    <TestEntry testId="e9a9e5dd-90dc-4797-aa9b-d60450c3ae49" executionId="c0937a74-3c4f-47f2-9e74-92d283c01ffb" testListId="8c84fa94-04c1-424b-9868-57a2d4851a1d" />
    <TestEntry testId="79a9c807-ab56-4956-bf91-053b1a0f4fa1" executionId="387bcaa9-0f0e-4a46-9bb8-428b2a2b99ec" testListId="8c84fa94-04c1-424b-9868-57a2d4851a1d" />
    <TestEntry testId="af351d5a-929f-4b54-aea3-db32b6f7613e" executionId="ea4afc39-c9ef-423a-ad0f-8ab489486634" testListId="8c84fa94-04c1-424b-9868-57a2d4851a1d" />
    <TestEntry testId="9b8c9544-957d-4a3e-a8bf-dbd68d68ac39" executionId="240fe123-99bf-41e8-9c4b-6c28cd1e746a" testListId="8c84fa94-04c1-424b-9868-57a2d4851a1d" />
    <TestEntry testId="0f964b26-525c-490f-ae05-e93d789091ed" executionId="0d313ac2-05cb-44b1-b22d-904a19a93b8b" testListId="8c84fa94-04c1-424b-9868-57a2d4851a1d" />
    <TestEntry testId="98e68bb7-2bdc-40bd-818f-f40b40e36a33" executionId="663740c1-3f39-4c5d-a3d0-67e23e176c0a" testListId="8c84fa94-04c1-424b-9868-57a2d4851a1d" />
    <TestEntry testId="2d6ae582-6726-445a-846c-ca9e034837cb" executionId="f7061719-0214-4df8-b27a-ac3c2e00315f" testListId="8c84fa94-04c1-424b-9868-57a2d4851a1d" />
    <TestEntry testId="55d9d215-2145-4652-922a-db8d30211d39" executionId="697a7190-d345-4a5b-8368-244c58bfcfb2" testListId="8c84fa94-04c1-424b-9868-57a2d4851a1d" />
    <TestEntry testId="78f8fa32-fedc-467b-828d-cd47d68864c7" executionId="669e1284-789f-420b-96f9-c74200d75b66" testListId="8c84fa94-04c1-424b-9868-57a2d4851a1d" />
    <TestEntry testId="5c8bad41-50a3-43dc-974d-2d54215ab030" executionId="f8c9da07-2f01-4bbe-8ec4-1158fb4f23f9" testListId="8c84fa94-04c1-424b-9868-57a2d4851a1d" />
    <TestEntry testId="fa79f605-9507-489b-9a99-ef40315186a9" executionId="32343447-97b0-4b4a-b244-5f19fc7c07bc" testListId="8c84fa94-04c1-424b-9868-57a2d4851a1d" />
    <TestEntry testId="13847efd-b15a-4e64-95d0-a50fa70be713" executionId="1959ab14-97bb-47e6-9ee2-4abcc53f8c35" testListId="8c84fa94-04c1-424b-9868-57a2d4851a1d" />
    <TestEntry testId="54c267ac-3dbf-499c-90d6-b09767c27425" executionId="931d8b41-0784-4aa9-9a3f-7a42809caffd" testListId="8c84fa94-04c1-424b-9868-57a2d4851a1d" />
    <TestEntry testId="b43238ac-b5ff-4585-9b59-759b04adc312" executionId="88132eec-f86d-420f-9722-f869c959f20e" testListId="8c84fa94-04c1-424b-9868-57a2d4851a1d" />
    <TestEntry testId="6698f2d2-3912-4f90-830c-20194c477be7" executionId="a6a8acfd-b760-46be-aea2-f9916ee907d9" testListId="8c84fa94-04c1-424b-9868-57a2d4851a1d" />
    <TestEntry testId="8de4f625-33d9-4c73-95b0-f167051d3b09" executionId="da8e51ce-56ce-47a8-a080-bbddeb7a27c3" testListId="8c84fa94-04c1-424b-9868-57a2d4851a1d" />
    <TestEntry testId="d5ce089e-494b-4612-8305-809df6290938" executionId="0f00ccf2-f0ff-4204-983c-86720ff51f25" testListId="8c84fa94-04c1-424b-9868-57a2d4851a1d" />
    <TestEntry testId="46e3ebd2-5678-4ade-b8d7-c6c9de46ecda" executionId="4ed0669d-480c-4461-8e8d-ef6b86cb372a" testListId="8c84fa94-04c1-424b-9868-57a2d4851a1d" />
    <TestEntry testId="eeb59c63-f903-4320-bb53-dbb2815b0ee6" executionId="26910de5-4bca-4088-80a6-744cc7d4e45c" testListId="8c84fa94-04c1-424b-9868-57a2d4851a1d" />
    <TestEntry testId="5ce132c1-be86-4bc6-aba8-c1f3602fff08" executionId="de186455-e33c-4a50-847a-716193cece14" testListId="8c84fa94-04c1-424b-9868-57a2d4851a1d" />
    <TestEntry testId="bb1ab05b-1218-4f4b-af8e-bafbf7ded437" executionId="4cb12468-9808-4f15-ada2-e3188ae93258" testListId="8c84fa94-04c1-424b-9868-57a2d4851a1d" />
    <TestEntry testId="5335a3b7-c939-4674-8d68-a4db8176e640" executionId="c05fe304-f7ec-49f7-9d24-3be0b4671edf" testListId="8c84fa94-04c1-424b-9868-57a2d4851a1d" />
    <TestEntry testId="84da2d57-b1e8-4e0f-984d-65fa72534b74" executionId="5970e7a7-4d18-42f6-a878-f06c92275007" testListId="8c84fa94-04c1-424b-9868-57a2d4851a1d" />
    <TestEntry testId="d1976b06-c6c5-4407-9809-aa48a7056da6" executionId="1f9a9da8-603e-4b78-8f86-f27bf9842f5b" testListId="8c84fa94-04c1-424b-9868-57a2d4851a1d" />
    <TestEntry testId="5c3f3c32-e9cf-4a4c-9bc4-baea823e9190" executionId="5b9d6422-22a5-49ed-92ae-159772e0693c" testListId="8c84fa94-04c1-424b-9868-57a2d4851a1d" />
    <TestEntry testId="a49df5ed-7779-4eb7-a73b-b99296e1d247" executionId="8d3535a3-c92b-4645-a9b0-aca3d104606c" testListId="8c84fa94-04c1-424b-9868-57a2d4851a1d" />
    <TestEntry testId="ffe6b107-dd60-4f90-a0e9-413e0e323e4d" executionId="d1d75b74-4d39-4ffa-ac11-a7724f0cee73" testListId="8c84fa94-04c1-424b-9868-57a2d4851a1d" />
    <TestEntry testId="48aa1cc8-6466-4593-b2e2-d5d175d6fdf2" executionId="a8423355-37d0-4960-bc52-d8f961d8a8ce" testListId="8c84fa94-04c1-424b-9868-57a2d4851a1d" />
    <TestEntry testId="37e033db-9488-4c8b-b118-f79d03e9eb35" executionId="18e6c5f5-be35-4bc1-8e8b-dc632c1addbc" testListId="8c84fa94-04c1-424b-9868-57a2d4851a1d" />
    <TestEntry testId="3513a9ac-e2b9-42f8-acf9-9d0ea198fd51" executionId="1670a67a-5e7b-4ae9-a651-0cbac205f3a2" testListId="8c84fa94-04c1-424b-9868-57a2d4851a1d" />
    <TestEntry testId="e0fcdade-5831-40c1-93b9-84d77e335e85" executionId="97c47736-62aa-4cb5-9068-a8fbb7d950c9" testListId="8c84fa94-04c1-424b-9868-57a2d4851a1d" />
    <TestEntry testId="2d804c46-79e9-4e47-9571-886646cbe8c6" executionId="a0f30f48-2a2b-4ee4-83c2-c1dc140ddd8b" testListId="8c84fa94-04c1-424b-9868-57a2d4851a1d" />
    <TestEntry testId="2191bd09-7940-48a1-9c76-821c550379ed" executionId="53c421c2-832a-4689-a720-806aefa3b7fa" testListId="8c84fa94-04c1-424b-9868-57a2d4851a1d" />
    <TestEntry testId="4104846a-891a-46d0-b1b4-814c03a3f018" executionId="1c3817f9-fa93-4b70-abed-f002022317e7" testListId="8c84fa94-04c1-424b-9868-57a2d4851a1d" />
    <TestEntry testId="c8f30774-bffd-4003-9ffe-10f9dc37dfbd" executionId="15175484-e44e-451a-a82d-3af66ac0972c" testListId="8c84fa94-04c1-424b-9868-57a2d4851a1d" />
    <TestEntry testId="c91812b3-5ddc-4bb0-ab0f-98b1c52bfbad" executionId="48ad421b-9155-49b4-9873-252badb299fa" testListId="8c84fa94-04c1-424b-9868-57a2d4851a1d" />
    <TestEntry testId="4fe4ea2b-b5b3-4e8a-9aca-87924e0c3c18" executionId="5f46f9d5-d924-4b49-93a3-79d799e34460" testListId="8c84fa94-04c1-424b-9868-57a2d4851a1d" />
    <TestEntry testId="cf04e93e-527e-44b3-914c-ee042b20e2f4" executionId="a2dd62d6-c319-4a26-9a8f-951d78fe1bab" testListId="8c84fa94-04c1-424b-9868-57a2d4851a1d" />
    <TestEntry testId="b1878aba-7f55-4b85-a34a-a85117275523" executionId="961322b4-9652-4156-ae23-e1b289a254d7" testListId="8c84fa94-04c1-424b-9868-57a2d4851a1d" />
    <TestEntry testId="7d5f52f1-141e-4a18-bade-88ed679620d3" executionId="c1fc881b-a623-470e-8438-b385cd84098f" testListId="8c84fa94-04c1-424b-9868-57a2d4851a1d" />
    <TestEntry testId="031cefa6-2fab-4234-b5ed-098c772523c0" executionId="bea32339-cb65-401e-a816-b4f7956fed25" testListId="8c84fa94-04c1-424b-9868-57a2d4851a1d" />
    <TestEntry testId="18d4b665-caea-4e3c-886d-2bb06bc5ff6b" executionId="df9e29b6-ae0c-45ac-b32f-5eb00027e46f" testListId="8c84fa94-04c1-424b-9868-57a2d4851a1d" />
    <TestEntry testId="71933014-b1b4-4280-80db-6fde4c4454f9" executionId="480cae96-aaf8-4a60-afb1-d691d52f7a28" testListId="8c84fa94-04c1-424b-9868-57a2d4851a1d" />
    <TestEntry testId="b88f14ff-d2e3-4bf3-a5d2-2e70077ea894" executionId="ab2900f5-dbe3-4b9d-abf1-3509131aeb88" testListId="8c84fa94-04c1-424b-9868-57a2d4851a1d" />
    <TestEntry testId="5b3c3832-8ec7-44db-ad25-270e88587246" executionId="a2993832-eb74-496d-bebe-f3dd6e348842" testListId="8c84fa94-04c1-424b-9868-57a2d4851a1d" />
    <TestEntry testId="787d7797-48bc-4381-ae73-85b519012bf0" executionId="18807b71-e773-4caa-aeea-7cef9494fed7" testListId="8c84fa94-04c1-424b-9868-57a2d4851a1d" />
    <TestEntry testId="3a9cb83c-4ff4-40d0-9c78-756ac886db72" executionId="c249303c-a8cf-41d9-a7cc-a9f0b79fa116" testListId="8c84fa94-04c1-424b-9868-57a2d4851a1d" />
    <TestEntry testId="1b37f1cc-50f5-4d20-a4e0-d8e6c0e39551" executionId="4521b238-e25b-4a94-b1cd-2f0493714cd5" testListId="8c84fa94-04c1-424b-9868-57a2d4851a1d" />
    <TestEntry testId="06876654-96e5-4ead-9b9d-d82e2bbf3147" executionId="d78b6e7f-bb2c-42af-b29d-607c6d0bc093" testListId="8c84fa94-04c1-424b-9868-57a2d4851a1d" />
    <TestEntry testId="80a2f38b-ac5e-4174-9e63-d9377628b24e" executionId="59e9c7aa-f68f-431a-81a6-0ce2a5ea70ce" testListId="8c84fa94-04c1-424b-9868-57a2d4851a1d" />
    <TestEntry testId="b3b06238-b766-4d17-ae70-dba6f3a9b119" executionId="53309407-e34c-4ee3-8fc7-a992005e421d" testListId="8c84fa94-04c1-424b-9868-57a2d4851a1d" />
    <TestEntry testId="7bd7bfb8-2c17-4417-aff7-5a964201ed4f" executionId="f03b1055-8e91-486e-adee-022e4848c7bf" testListId="8c84fa94-04c1-424b-9868-57a2d4851a1d" />
    <TestEntry testId="c5f77005-d3c5-4496-a468-d5162e887fb8" executionId="fed92018-da55-47fc-a0a8-e5c26037d0de" testListId="8c84fa94-04c1-424b-9868-57a2d4851a1d" />
    <TestEntry testId="8091ba3f-d790-4279-a6ac-f65baf678cd4" executionId="d149954e-f2d2-4da4-b90a-f1d4246c1798" testListId="8c84fa94-04c1-424b-9868-57a2d4851a1d" />
    <TestEntry testId="1382259e-a195-47e6-aafb-cd15799bfb61" executionId="15ae7088-e0b0-483b-aacb-eb3ccfb7d1d5" testListId="8c84fa94-04c1-424b-9868-57a2d4851a1d" />
    <TestEntry testId="70fe66b7-e0ae-43fa-a385-6a8153ee98ae" executionId="a5596366-bb4e-4d1b-8090-ee090d7f41fc" testListId="8c84fa94-04c1-424b-9868-57a2d4851a1d" />
    <TestEntry testId="241735d2-c0fe-4d39-a89f-24cfa957e2da" executionId="062eee54-db21-4630-ac20-304bbe378b93" testListId="8c84fa94-04c1-424b-9868-57a2d4851a1d" />
    <TestEntry testId="a6b37dc4-037a-4867-9053-b4ca9f2c8b43" executionId="d90add51-fb30-43f6-b019-56a67e4bb5ce" testListId="8c84fa94-04c1-424b-9868-57a2d4851a1d" />
    <TestEntry testId="e7193c50-a57e-44c1-b078-dfd398d548b7" executionId="058c5147-5198-45d7-9b64-0820682d3bda" testListId="8c84fa94-04c1-424b-9868-57a2d4851a1d" />
    <TestEntry testId="99e092cd-6f7e-4d09-ae86-94341b7a478c" executionId="a49edfd9-5fed-4932-8990-0ebbaacfc16d" testListId="8c84fa94-04c1-424b-9868-57a2d4851a1d" />
    <TestEntry testId="65e23479-3b32-4506-a637-5b86beafaaa5" executionId="eb5bef7c-e637-4a73-b320-5f3d6e0101b5" testListId="8c84fa94-04c1-424b-9868-57a2d4851a1d" />
    <TestEntry testId="dd9b973a-5f78-4530-850e-be002ccd4fb9" executionId="804e9787-09c9-4d67-8e55-a9bd8aa05778" testListId="8c84fa94-04c1-424b-9868-57a2d4851a1d" />
    <TestEntry testId="f50890cd-5d2b-4d94-8fbe-a0c0e70718f9" executionId="8c99c21e-46d5-4525-a106-21a35caf1663" testListId="8c84fa94-04c1-424b-9868-57a2d4851a1d" />
    <TestEntry testId="501e1749-06c7-495e-959a-fd02609cce58" executionId="90f41387-d993-4692-aa8f-37a5195b29e8" testListId="8c84fa94-04c1-424b-9868-57a2d4851a1d" />
    <TestEntry testId="9c3bde74-2e40-40aa-a42b-e4b490463d70" executionId="400e1270-cbc2-4eb4-875f-c27ea203da6b" testListId="8c84fa94-04c1-424b-9868-57a2d4851a1d" />
    <TestEntry testId="864682b6-bead-44c9-b7e8-b8b081bc4c0b" executionId="343f7355-4dd1-4d9c-a34f-c3591c073c8a" testListId="8c84fa94-04c1-424b-9868-57a2d4851a1d" />
    <TestEntry testId="59e9fd61-96f2-46b1-b4ce-4c5e80454f13" executionId="59e40eda-7bce-41f9-9ece-b436b22ec69a" testListId="8c84fa94-04c1-424b-9868-57a2d4851a1d" />
    <TestEntry testId="8d65df8e-3c9e-469b-afc6-473f71ff28b8" executionId="c3c70076-a364-4f22-9c9c-0e9a34fe5c1a" testListId="8c84fa94-04c1-424b-9868-57a2d4851a1d" />
    <TestEntry testId="51ad834b-41bf-4158-b0f9-79f8aac74245" executionId="35ed2f3a-26d0-4190-8254-ad5b29670103" testListId="8c84fa94-04c1-424b-9868-57a2d4851a1d" />
    <TestEntry testId="73a9d7c8-29f1-4dc3-93e5-0191b690f9d2" executionId="d41cdfb8-d1d7-4efe-87b4-1783e86870a0" testListId="8c84fa94-04c1-424b-9868-57a2d4851a1d" />
    <TestEntry testId="3c82ed30-cfe4-464b-9aec-ffb9d86513b9" executionId="50e083e2-1ca3-4e96-a2c2-34a1cd7d41c5" testListId="8c84fa94-04c1-424b-9868-57a2d4851a1d" />
    <TestEntry testId="1b11a32c-27ca-44ca-ae4b-993da2f3a4a6" executionId="038566fb-364b-4091-994c-607070d192ab" testListId="8c84fa94-04c1-424b-9868-57a2d4851a1d" />
    <TestEntry testId="7dcb32f0-381f-4837-9a6e-8f03a9dcc27e" executionId="ddc0f38f-032c-409e-9708-4059cfc84671" testListId="8c84fa94-04c1-424b-9868-57a2d4851a1d" />
    <TestEntry testId="e4143b34-7c89-42a0-a368-f87f53ba00a3" executionId="b604b3b1-87a4-49c2-94ca-21899ce7d5ca" testListId="8c84fa94-04c1-424b-9868-57a2d4851a1d" />
    <TestEntry testId="60adb535-3276-4991-a22b-98afe37d4ea5" executionId="ca63597b-e524-42c6-a355-5650ae443167" testListId="8c84fa94-04c1-424b-9868-57a2d4851a1d" />
    <TestEntry testId="1981e6e5-4e09-441a-bee6-14fcc9e88955" executionId="0180f273-1d79-42a1-9364-3e83cba90462" testListId="8c84fa94-04c1-424b-9868-57a2d4851a1d" />
    <TestEntry testId="fa062786-2da0-4559-a1cf-d72760619358" executionId="834ca669-b6b7-462a-9dc9-3a5dd5a2ab63" testListId="8c84fa94-04c1-424b-9868-57a2d4851a1d" />
    <TestEntry testId="c223ef64-faf2-4bda-afc2-dcc8c705a4ef" executionId="e240b3dd-812a-4199-aa94-227d23425828" testListId="8c84fa94-04c1-424b-9868-57a2d4851a1d" />
    <TestEntry testId="3d7c9585-9e87-45c5-8c7f-1d7659b95ed2" executionId="41c74dc6-bdcf-4e7e-9b46-156a7a082e18" testListId="8c84fa94-04c1-424b-9868-57a2d4851a1d" />
    <TestEntry testId="93b0e06d-e4c8-48a5-a798-025786ed0814" executionId="100af3f2-30a8-4982-bdad-7030b116f051" testListId="8c84fa94-04c1-424b-9868-57a2d4851a1d" />
    <TestEntry testId="e7ec4139-a01c-42b5-8afa-f1ab73104909" executionId="1a9eb964-a11c-4587-abd7-0a33ecfc7a24" testListId="8c84fa94-04c1-424b-9868-57a2d4851a1d" />
    <TestEntry testId="692fdf34-d23a-422a-bac1-bf3bd5b04adf" executionId="ab413891-3871-4990-859f-ea167cd07493" testListId="8c84fa94-04c1-424b-9868-57a2d4851a1d" />
    <TestEntry testId="c5c0c032-42b9-475d-b9a7-c78562a2dc44" executionId="ac52f621-bba1-47c6-b619-09d07a40c565" testListId="8c84fa94-04c1-424b-9868-57a2d4851a1d" />
    <TestEntry testId="5ee3f717-f62a-47e1-b01c-70c6b3fa62c1" executionId="26a809aa-840d-4f62-9376-2054b54219d1" testListId="8c84fa94-04c1-424b-9868-57a2d4851a1d" />
    <TestEntry testId="290aa98a-4d7e-4e33-87fb-e8bf7c66f667" executionId="e1a032b2-4090-4db6-8052-2227eb413036" testListId="8c84fa94-04c1-424b-9868-57a2d4851a1d" />
    <TestEntry testId="c8fc521f-0e91-470c-ae4e-bac580b285c4" executionId="f98de654-12bb-4fb0-87e2-d0c751cb23f6" testListId="8c84fa94-04c1-424b-9868-57a2d4851a1d" />
    <TestEntry testId="370488dd-d8d9-4068-b716-308f0b5d805d" executionId="b57f4ccb-8d2b-4308-ae01-d5e54e338a98" testListId="8c84fa94-04c1-424b-9868-57a2d4851a1d" />
    <TestEntry testId="3b2d7ae2-4be9-4763-8e78-7c26e306a5e8" executionId="80a0b463-68ea-4d15-a6c0-54119d88d72f" testListId="8c84fa94-04c1-424b-9868-57a2d4851a1d" />
    <TestEntry testId="5dd31783-2b21-43f2-9667-2d2388550d98" executionId="7af60d2c-fb5e-4a5d-b4dc-c5cbf7a7dd6c" testListId="8c84fa94-04c1-424b-9868-57a2d4851a1d" />
    <TestEntry testId="5e90f6ec-bb77-47f4-8713-6c7c1cee36c9" executionId="ea6636ce-8c73-48f4-833d-8586cdd8e8e0" testListId="8c84fa94-04c1-424b-9868-57a2d4851a1d" />
    <TestEntry testId="9923c7c9-ddb0-4d44-9c76-b973680a5a86" executionId="824fbb54-e480-4bd4-a5d4-a90dae941581" testListId="8c84fa94-04c1-424b-9868-57a2d4851a1d" />
    <TestEntry testId="794dcc49-4e50-40ce-abae-68926634ad0d" executionId="c5ed0992-9258-4e15-ace2-c38cc8ce0ea5" testListId="8c84fa94-04c1-424b-9868-57a2d4851a1d" />
    <TestEntry testId="906d3178-742d-4441-8770-99b5c34f025d" executionId="5ebddac5-c7eb-4b0a-b459-5b603eeda615" testListId="8c84fa94-04c1-424b-9868-57a2d4851a1d" />
    <TestEntry testId="891b088b-7c3e-4924-ae07-dfab5f1d7287" executionId="87dd7306-013d-4609-827a-2e902770d0db" testListId="8c84fa94-04c1-424b-9868-57a2d4851a1d" />
    <TestEntry testId="fb31e681-f78d-4fa3-83f2-d3bf6ea8ad33" executionId="3b49071e-2176-4d8a-8c97-b33acb3e18ec" testListId="8c84fa94-04c1-424b-9868-57a2d4851a1d" />
    <TestEntry testId="19b1603c-f1a2-40a2-8c84-5461f71e7062" executionId="838f2d4e-7206-427c-b8ab-7f24cbc03de1" testListId="8c84fa94-04c1-424b-9868-57a2d4851a1d" />
    <TestEntry testId="81b1ca14-b8b4-407d-aaaa-64ffa2303360" executionId="1c2424c8-ccaf-493c-9321-792439296b17" testListId="8c84fa94-04c1-424b-9868-57a2d4851a1d" />
    <TestEntry testId="c83fbae5-6446-41d3-8a91-005e1d135569" executionId="05ac09cf-28a7-4c2a-906b-8302450f6189" testListId="8c84fa94-04c1-424b-9868-57a2d4851a1d" />
    <TestEntry testId="6711ed32-ab7b-445b-b0ba-53c013b1c5fd" executionId="03cddd9b-ad30-4d92-ba33-e5be258bf1a5" testListId="8c84fa94-04c1-424b-9868-57a2d4851a1d" />
    <TestEntry testId="cd8b88c3-f709-4326-9ae2-f767a6c77750" executionId="6b29f35f-225e-414c-8fb0-1f3145334f81" testListId="8c84fa94-04c1-424b-9868-57a2d4851a1d" />
    <TestEntry testId="9d09d49e-96b6-45c2-904c-c42daaf64cd9" executionId="fd495080-b881-4829-888d-1c15581d2311" testListId="8c84fa94-04c1-424b-9868-57a2d4851a1d" />
    <TestEntry testId="18bfb2ee-5010-4009-9dcd-09853a56cef9" executionId="6f686c7a-9511-46aa-a92c-664d616d306d" testListId="8c84fa94-04c1-424b-9868-57a2d4851a1d" />
    <TestEntry testId="cfc7530f-82aa-4930-9e72-65eb850334f4" executionId="322b8125-02f9-46ac-9e75-18cea6139c24" testListId="8c84fa94-04c1-424b-9868-57a2d4851a1d" />
    <TestEntry testId="fb3ae7cf-0ee0-4661-924c-5ef400d65b9b" executionId="9fcddea5-94c3-4799-a621-eb3ed4395e54" testListId="8c84fa94-04c1-424b-9868-57a2d4851a1d" />
    <TestEntry testId="78d9fd82-2c8e-49c4-bc0f-070e6d48115e" executionId="d723de5d-a34f-4515-a04a-26e9c3900bb5" testListId="8c84fa94-04c1-424b-9868-57a2d4851a1d" />
    <TestEntry testId="4df86b08-5e9f-4e2d-8ce7-add3a21adced" executionId="7d83fc90-a373-44b0-b43c-944a2404380b" testListId="8c84fa94-04c1-424b-9868-57a2d4851a1d" />
    <TestEntry testId="6abb4138-f759-4feb-be5c-db2319b52af2" executionId="5b8c58cc-fead-4148-96e1-cf115831243f" testListId="8c84fa94-04c1-424b-9868-57a2d4851a1d" />
    <TestEntry testId="8371b289-21da-45bd-96d8-8ac75d4bf81e" executionId="3d4dc158-71d2-4964-9de7-40598693514c" testListId="8c84fa94-04c1-424b-9868-57a2d4851a1d" />
    <TestEntry testId="465fd6df-68ce-479c-b549-4ae635a1d463" executionId="2af1a8f2-013d-4e6e-9ccf-91cc4c71f4a7" testListId="8c84fa94-04c1-424b-9868-57a2d4851a1d" />
    <TestEntry testId="de26f0db-d593-4d0d-9906-7bd2ecb84e8c" executionId="c3f88702-daea-4d24-b4ba-4729d3c15b88" testListId="8c84fa94-04c1-424b-9868-57a2d4851a1d" />
    <TestEntry testId="5c5c67bf-d7a2-49bd-a20c-d96451149719" executionId="7ce168d2-ff3b-48ac-b119-acca85cf2db4" testListId="8c84fa94-04c1-424b-9868-57a2d4851a1d" />
    <TestEntry testId="08ca0663-ee1c-4a15-bc19-70da6cea7aaf" executionId="328c93ac-74c5-4061-9842-eca9d1ce26d7" testListId="8c84fa94-04c1-424b-9868-57a2d4851a1d" />
    <TestEntry testId="ee1bd011-bf7a-484a-b60d-fb73d240b16f" executionId="0d4b44e5-ee47-45f5-98ec-50e12538b575" testListId="8c84fa94-04c1-424b-9868-57a2d4851a1d" />
    <TestEntry testId="9b522c01-9800-4fe3-b671-fca8a2ce7007" executionId="a6cc89bf-d994-45d0-b29d-5202b2e0394c" testListId="8c84fa94-04c1-424b-9868-57a2d4851a1d" />
    <TestEntry testId="f2d5bd0d-f183-4165-bfb8-47be29904ab2" executionId="e43e6d39-8ea0-4146-ae6a-bf81ff371d27" testListId="8c84fa94-04c1-424b-9868-57a2d4851a1d" />
    <TestEntry testId="abc46ddd-b05f-414e-a0bf-7cd4dcc3b523" executionId="cbc63e88-05b7-4925-a54e-8008be1800ab" testListId="8c84fa94-04c1-424b-9868-57a2d4851a1d" />
    <TestEntry testId="572fa659-1ffc-4f71-adb5-4a4bdc69b55b" executionId="da0b32e5-683d-4ca3-b530-b6102ea0fa7e" testListId="8c84fa94-04c1-424b-9868-57a2d4851a1d" />
    <TestEntry testId="fd5988a7-af7b-41ec-8f88-a9c06231ec45" executionId="8b1c2344-bdb3-46d9-afe3-f81ffc706234" testListId="8c84fa94-04c1-424b-9868-57a2d4851a1d" />
    <TestEntry testId="41d7889b-639e-4213-b0cd-bac9be7f19d2" executionId="4f51323d-43bc-4f4c-8b79-7c7afc108fed" testListId="8c84fa94-04c1-424b-9868-57a2d4851a1d" />
    <TestEntry testId="251b7198-7a12-4444-b8d0-7dca269cefe4" executionId="500666cf-96ce-4a44-acca-e248918f1b9b" testListId="8c84fa94-04c1-424b-9868-57a2d4851a1d" />
    <TestEntry testId="6f785f3f-3f24-4dbb-a68f-c03b3ed2bf60" executionId="05809337-16df-4f40-98a1-1fcc9e8b9ec8" testListId="8c84fa94-04c1-424b-9868-57a2d4851a1d" />
    <TestEntry testId="f82cc95f-f03e-4876-98de-32959952955c" executionId="a1cb0436-82e3-47af-bd5f-3c345d4dfa78" testListId="8c84fa94-04c1-424b-9868-57a2d4851a1d" />
    <TestEntry testId="857df30f-448c-4dc0-bc49-9766f36b8242" executionId="046e284c-8c9f-46f8-9ac5-98a00ac5ea1f" testListId="8c84fa94-04c1-424b-9868-57a2d4851a1d" />
    <TestEntry testId="3696faf6-d233-40f8-9bd0-01a4b1650f68" executionId="0dfbf498-d1a1-41d7-b2d5-9b330e8f0289" testListId="8c84fa94-04c1-424b-9868-57a2d4851a1d" />
    <TestEntry testId="1c8417c4-6e9e-483b-917d-6561e42f2500" executionId="709fc8a5-3cb8-49a2-8af4-4428d00eb1b4" testListId="8c84fa94-04c1-424b-9868-57a2d4851a1d" />
    <TestEntry testId="875e7416-540b-46b8-acf5-6ce236e4c066" executionId="c8eed927-e8d1-4279-969e-dc23eae5ed5c" testListId="8c84fa94-04c1-424b-9868-57a2d4851a1d" />
    <TestEntry testId="f3ab439a-4e22-4c9d-b746-12540de51f6b" executionId="35aae91f-faec-4319-9ff3-ce1d3032f11e" testListId="8c84fa94-04c1-424b-9868-57a2d4851a1d" />
    <TestEntry testId="a26cb49c-2cf1-48e5-bd40-70928da1b010" executionId="2a521305-dcb8-42c2-a731-0127b4d002da" testListId="8c84fa94-04c1-424b-9868-57a2d4851a1d" />
    <TestEntry testId="57549af8-2d0b-4c6e-840f-3c943dffc58d" executionId="35c8383e-082f-4684-9296-291c64690e40" testListId="8c84fa94-04c1-424b-9868-57a2d4851a1d" />
    <TestEntry testId="516e1f61-acf7-4300-bc63-0ce7e9567104" executionId="6246e4a5-9a1f-46f8-b7cf-5bdf0d96912b" testListId="8c84fa94-04c1-424b-9868-57a2d4851a1d" />
    <TestEntry testId="4835611d-4a78-44af-b011-10cc95468ff3" executionId="5a6ea335-f62b-4c75-b912-c719df223c69" testListId="8c84fa94-04c1-424b-9868-57a2d4851a1d" />
    <TestEntry testId="420b5fc3-623d-4d78-8137-cff0ad7579f4" executionId="0624a326-853d-4f29-a2ca-7cab82947c1c" testListId="8c84fa94-04c1-424b-9868-57a2d4851a1d" />
    <TestEntry testId="665d6f47-f51b-4214-8fa0-2b7dd00ad91b" executionId="4eb17ed4-5a5e-4da0-b4d1-c48cc0da2580" testListId="8c84fa94-04c1-424b-9868-57a2d4851a1d" />
    <TestEntry testId="6dbe06a8-4128-4218-b47b-cc4424945b33" executionId="8aae9fb4-f596-48f8-b43f-a242d178369a" testListId="8c84fa94-04c1-424b-9868-57a2d4851a1d" />
    <TestEntry testId="259a3e3a-56d3-43f7-95dd-eaf9776c7e16" executionId="fec5e608-2688-4f9e-9db8-fa3b1daefb21" testListId="8c84fa94-04c1-424b-9868-57a2d4851a1d" />
    <TestEntry testId="891e0cbc-4986-4024-9dfa-a7928535cde2" executionId="6893d541-d89b-4946-bcf5-d3942d32ce61" testListId="8c84fa94-04c1-424b-9868-57a2d4851a1d" />
    <TestEntry testId="eff0c60f-e376-4dfc-8015-c341bf3ab5c9" executionId="10b8fe96-f591-4456-a4c4-eb8de15cef9a" testListId="8c84fa94-04c1-424b-9868-57a2d4851a1d" />
    <TestEntry testId="4f7f468c-a867-41a0-a1fc-bf0f833a5b1c" executionId="eca791ee-bfd1-4efc-9b5d-36426c99202d" testListId="8c84fa94-04c1-424b-9868-57a2d4851a1d" />
    <TestEntry testId="f0536ff5-2252-4437-8521-40952244631e" executionId="d3dee475-54ff-4a6b-812c-5579fc04db46" testListId="8c84fa94-04c1-424b-9868-57a2d4851a1d" />
    <TestEntry testId="01c14908-b8e1-43c5-a1e4-7e23ff8855ff" executionId="fdd54391-f5c8-4c81-919e-430c5749c296" testListId="8c84fa94-04c1-424b-9868-57a2d4851a1d" />
    <TestEntry testId="a2dab975-bd15-4d14-9dff-bd02b34872e7" executionId="38199175-4048-4bca-9e9d-ddd356efe210" testListId="8c84fa94-04c1-424b-9868-57a2d4851a1d" />
    <TestEntry testId="7c1b28d9-0885-4c26-8676-d2bf82720410" executionId="46ed181f-7214-43ef-a7ed-1433be4586f5" testListId="8c84fa94-04c1-424b-9868-57a2d4851a1d" />
    <TestEntry testId="127ca67d-83d0-4087-86d0-5a3862acfafe" executionId="504581d6-9559-4bae-b9d4-97defa67986c" testListId="8c84fa94-04c1-424b-9868-57a2d4851a1d" />
    <TestEntry testId="a14849d6-2e2c-4799-9c74-72c76fb02037" executionId="9aefe196-bd58-43a5-943e-55f0406f33bf" testListId="8c84fa94-04c1-424b-9868-57a2d4851a1d" />
    <TestEntry testId="93a40546-3537-4d78-aa45-ad4846dc980c" executionId="742beb31-816b-4130-9669-a52afb3e0de2" testListId="8c84fa94-04c1-424b-9868-57a2d4851a1d" />
    <TestEntry testId="36c61e59-b051-421c-a727-e68f12ff3ad7" executionId="812b9b81-9a0e-446c-9bd8-c4a810de3c2a" testListId="8c84fa94-04c1-424b-9868-57a2d4851a1d" />
    <TestEntry testId="822ac4a8-df81-435d-9377-770107d905fe" executionId="9f7d0065-0525-46b2-9479-e956e48cbe51" testListId="8c84fa94-04c1-424b-9868-57a2d4851a1d" />
    <TestEntry testId="814ff68f-8333-4403-9b9f-73c8314f6dc9" executionId="73fb3431-051e-4950-aa06-808aefb12224" testListId="8c84fa94-04c1-424b-9868-57a2d4851a1d" />
    <TestEntry testId="edde1e81-3002-4dcf-908c-16f692264949" executionId="f5fdc577-0576-4882-92ee-3d7dee4ffc07" testListId="8c84fa94-04c1-424b-9868-57a2d4851a1d" />
    <TestEntry testId="dfede8c3-d652-48df-8dda-c98c2b36e7d0" executionId="90835c54-de7c-4b0f-a08e-340fd9c933db" testListId="8c84fa94-04c1-424b-9868-57a2d4851a1d" />
    <TestEntry testId="a7aa6668-9873-4dd9-870d-41d22e93fe73" executionId="2e3242a5-aa8c-40a3-a08e-2d979d6f9e9f" testListId="8c84fa94-04c1-424b-9868-57a2d4851a1d" />
    <TestEntry testId="5cdd410c-5da9-45f9-b59a-c8bc9bd280d8" executionId="4b52488a-24fc-4c15-bf4a-4cf1000b27d0" testListId="8c84fa94-04c1-424b-9868-57a2d4851a1d" />
    <TestEntry testId="166eeadc-a8b6-447a-a47b-eb6ca80db239" executionId="50626d44-0316-4425-9cae-ba6f285b6e1b" testListId="8c84fa94-04c1-424b-9868-57a2d4851a1d" />
    <TestEntry testId="55774161-dc24-4983-b6f8-5de68131f98c" executionId="55eecef3-5178-4a30-b0b5-ecc483ff770f" testListId="8c84fa94-04c1-424b-9868-57a2d4851a1d" />
    <TestEntry testId="90ce089d-755c-49d4-a564-4afa5ed28f67" executionId="c7e5f2c8-9a84-454c-93e1-81faa7ede65d" testListId="8c84fa94-04c1-424b-9868-57a2d4851a1d" />
    <TestEntry testId="1a3abefb-c8c4-4c7b-aa00-5fb325c1d426" executionId="643d670a-7b87-4df0-a138-8cc421cf6372" testListId="8c84fa94-04c1-424b-9868-57a2d4851a1d" />
    <TestEntry testId="4fa6bcee-20bc-4164-928d-805c22cf1e4f" executionId="c0f55459-6b6c-40e5-9f81-261f2ef8bceb" testListId="8c84fa94-04c1-424b-9868-57a2d4851a1d" />
    <TestEntry testId="484b52ad-0d4e-4839-aad5-6077b2c7bf00" executionId="c4c5f634-0506-4b44-8028-81dc9a509be9" testListId="8c84fa94-04c1-424b-9868-57a2d4851a1d" />
    <TestEntry testId="37f5221c-8474-48a3-b784-f09c06cb3286" executionId="c19fa9a0-90da-4f47-96db-aad4faaef092" testListId="8c84fa94-04c1-424b-9868-57a2d4851a1d" />
    <TestEntry testId="776f4943-1503-4c50-bf68-32bb4e7c3320" executionId="4efa92db-bb35-4ed1-891a-3373f928c90f" testListId="8c84fa94-04c1-424b-9868-57a2d4851a1d" />
    <TestEntry testId="6350f77b-3939-49aa-81b0-df3481fdc443" executionId="e80fda2b-4e6e-4f8a-b541-08cd2ded8f6a" testListId="8c84fa94-04c1-424b-9868-57a2d4851a1d" />
    <TestEntry testId="63f5439d-247f-4626-8539-13b0a7881c19" executionId="71019b9c-e34a-49f6-a512-c7ce053e3190" testListId="8c84fa94-04c1-424b-9868-57a2d4851a1d" />
    <TestEntry testId="baaf07ca-91e9-482c-9a06-85426b6dd648" executionId="4ef7a10d-4149-4496-b729-d31ed080db2a" testListId="8c84fa94-04c1-424b-9868-57a2d4851a1d" />
    <TestEntry testId="3e743dd8-2d08-43ab-b651-9f9f80749add" executionId="81f70f71-6b26-49e5-945b-305bf194976c" testListId="8c84fa94-04c1-424b-9868-57a2d4851a1d" />
    <TestEntry testId="e5c7ff64-b655-4bbf-a961-ea9132254374" executionId="e934a09b-1794-4841-ab41-7620c2e5b27f" testListId="8c84fa94-04c1-424b-9868-57a2d4851a1d" />
    <TestEntry testId="1258ca99-c468-4dc3-9d80-93fb41e45303" executionId="e4a92e69-f6c4-4117-b12f-f871fd97f9af" testListId="8c84fa94-04c1-424b-9868-57a2d4851a1d" />
    <TestEntry testId="a69fcc9f-981b-4fc2-9c9d-b23c6c9722a5" executionId="8a4cafd0-40c7-433d-8833-6b154633f522" testListId="8c84fa94-04c1-424b-9868-57a2d4851a1d" />
    <TestEntry testId="d2d4116c-15e2-4629-934c-ec9f904165d2" executionId="59a058e1-f436-4eef-b0f1-148d24e81649" testListId="8c84fa94-04c1-424b-9868-57a2d4851a1d" />
    <TestEntry testId="8d83c707-6b0c-4a6e-817a-5119954d3e34" executionId="bf593576-abf4-4254-9839-9c013898fc03" testListId="8c84fa94-04c1-424b-9868-57a2d4851a1d" />
    <TestEntry testId="9b7d087a-e382-4c92-b5d2-b568c673bea5" executionId="d6990220-8a7d-4fd1-bc89-5f49d6759b7c" testListId="8c84fa94-04c1-424b-9868-57a2d4851a1d" />
    <TestEntry testId="28d1d871-398b-433f-93f9-233579f3bdac" executionId="da80d79d-50bc-4c82-8d89-755ee627d117" testListId="8c84fa94-04c1-424b-9868-57a2d4851a1d" />
    <TestEntry testId="1a2a27a1-0e1b-452d-baf3-62f58660ee6e" executionId="880abce9-7a14-485e-88e5-7819a04159a1" testListId="8c84fa94-04c1-424b-9868-57a2d4851a1d" />
    <TestEntry testId="f74bef9a-31cb-4e60-b59e-a7de8877b999" executionId="1ee46ead-308a-4c19-adde-8d5a285da141" testListId="8c84fa94-04c1-424b-9868-57a2d4851a1d" />
    <TestEntry testId="c66813f1-e189-449c-907c-4f09f86e5aa2" executionId="8d800ba4-db72-45a8-a23a-a4ea1d5b4b0e" testListId="8c84fa94-04c1-424b-9868-57a2d4851a1d" />
    <TestEntry testId="f3344851-7de3-40cd-b135-4a813e01ada4" executionId="355ecddc-9d26-44a0-a24d-b5265baeccf9" testListId="8c84fa94-04c1-424b-9868-57a2d4851a1d" />
    <TestEntry testId="30e3f887-0b8d-44b4-bbc0-982d5d67f96b" executionId="aaaa6f03-9981-48b5-9eef-c6e8fb263d50" testListId="8c84fa94-04c1-424b-9868-57a2d4851a1d" />
    <TestEntry testId="2d1da7df-eb8a-4ce0-8bd3-dbc131bbf9c2" executionId="78d59d51-2f48-4cb1-89ce-5dc998288a53" testListId="8c84fa94-04c1-424b-9868-57a2d4851a1d" />
    <TestEntry testId="4f4ae1c4-271c-4fd1-bdf5-91143d6da3c4" executionId="9e6b65f0-39c9-4797-9e4e-17d5b54fb15b" testListId="8c84fa94-04c1-424b-9868-57a2d4851a1d" />
  </TestEntries>
  <TestLists>
    <TestList name="Results Not in a List" id="8c84fa94-04c1-424b-9868-57a2d4851a1d" />
    <TestList name="All Loaded Results" id="19431567-8539-422a-85d7-44ee4e166bda" />
  </TestLists>
  <ResultSummary outcome="Completed">
    <Counters total="771" executed="771" passed="771" failed="0" error="0" timeout="0" aborted="0" inconclusive="0" passedButRunAborted="0" notRunnable="0" notExecuted="0" disconnected="0" warning="0" completed="0" inProgress="0" pending="0" />
    <Output>
      <StdOut>Log Message: Using incorrect reorderManager from d:\v2.0\a1\_work\dbded102\vso\tfs\service\webaccess\agile\testscripts\tests\TFSTests.Agile.Configurations.ts
Log Message: Using incorrect reorderManager from d:\v2.0\a1\_work\dbded102\vso\tfs\service\webaccess\agile\testscripts\tests\TFSTests.Agile.Configurations.ts
Log Message: Using incorrect reorderManager from d:\v2.0\a1\_work\dbded102\vso\tfs\service\webaccess\agile\testscripts\tests\TFSTests.Agile.Configurations.ts
Log Message: (no stack) TFS.WebApi.Exception: An undefined error occurred while attempting to connect to the server. Status code 0: error. from d:\v2.0\a1\_work\dbded102\vso\tfs\service\webaccess\agile\testscripts\tests\TFSTests.Agile.Boards.ts
Log Message: at _handleRequestFailure (file:///D:/v2.0/A1/_work/dbded102/layout/L1/tfsjstestsclean/vssjstests/VSS/Ajax.js:116:18)
	at file:///D:/v2.0/A1/_work/dbded102/layout/L1/tfsjstestsclean/vssjstests/VSS/Ajax.js:321:34
	at _rejected (file:///D:/v2.0/A1/_work/dbded102/layout/L1/tfsjstestsclean/vssjstests/q.js:797:32)
	at file:///D:/v2.0/A1/_work/dbded102/layout/L1/tfsjstestsclean/vssjstests/q.js:823:39
	at when (file:///D:/v2.0/A1/_work/dbded102/layout/L1/tfsjstestsclean/vssjstests/q.js:1035:39)
	at promiseDispatch (file:///D:/v2.0/A1/_work/dbded102/layout/L1/tfsjstestsclean/vssjstests/q.js:741:46)
	at file:///D:/v2.0/A1/_work/dbded102/layout/L1/tfsjstestsclean/vssjstests/q.js:557:49
	at flush (file:///D:/v2.0/A1/_work/dbded102/layout/L1/tfsjstestsclean/vssjstests/q.js:108:21) from d:\v2.0\a1\_work\dbded102\vso\tfs\service\webaccess\agile\testscripts\tests\TFSTests.Agile.Boards.ts
</StdOut>
    </Output>
  </ResultSummary>
</TestRun>