<?xml version="1.0" encoding="UTF-8"?>
<TestRun id="fc770fb6-f444-4192-9806-6ed658cfe335" name="tfsmladm@TFSBUILD11 2015-09-28 09:43:37" runUser="REDMOND\tfsmladm" xmlns="http://microsoft.com/schemas/VisualStudio/TeamTest/2010">
  <Times creation="2015-09-28T09:43:37.0002982-07:00" queuing="2015-09-28T09:43:37.0002982-07:00" start="2015-09-28T09:43:37.0002982-07:00" finish="2015-09-28T09:43:37.0471763-07:00" />
  <TestSettings name="default" id="fc75036f-b72a-49c5-a75f-a2d88c63a5a9">
    <Execution>
      <TestTypeSpecific />
    </Execution>
    <Deployment runDeploymentRoot="tfsmladm_TFSBUILD11 2015-09-28 09_43_37" />
    <Properties />
  </TestSettings>
  <Results>
    <UnitTestResult executionId="04f883cb-c56c-4761-a446-93711148a3f0" testId="f508a2f3-e3c1-eb3b-4059-e6fbea2c6a11" testName="GetDescritors_ProjectNameWithSpecialChars_CheckPathDescriptorRegexPattern" computerName="TFSBUILD11" duration="00:00:00.4415271" startTime="2015-09-28T09:43:36.4533843-07:00" endTime="2015-09-28T09:43:36.9377941-07:00" testType="13cdc9d9-ddb5-4fa4-a97d-d965ccfc6d4b" outcome="Passed" testListId="8c84fa94-04c1-424b-9868-57a2d4851a1d" relativeResultsDirectory="04f883cb-c56c-4761-a446-93711148a3f0" />
  </Results>
  <TestDefinitions>
    <UnitTest name="GetDescritors_ProjectNameWithSpecialChars_CheckPathDescriptorRegexPattern" storage="d:\v2.0\a1\_work\dbded102\bin\release.anycpu\tfs.service\ms.tf.versioncontrol.server.plugins.l0.tests\ms.tf.versioncontrol.server.plugins.l0.tests.dll" id="f508a2f3-e3c1-eb3b-4059-e6fbea2c6a11">
      <Owners>
        <Owner name="v-bruca" />
      </Owners>
      <Execution id="04f883cb-c56c-4761-a446-93711148a3f0" />
      <TestMethod codeBase="D:\v2.0\A1\_work\dbded102\bin\Release.AnyCPU\Tfs.Service\MS.TF.VersionControl.Server.PlugIns.L0.Tests\MS.TF.VersionControl.Server.PlugIns.L0.Tests.dll" adapterTypeName="Microsoft.VisualStudio.TestTools.TestTypes.Unit.UnitTestAdapter" className="MS.TF.VersionControl.Server.PlugIns.L0.Tests.CheckinHooksEventRegistrationTests" name="GetDescritors_ProjectNameWithSpecialChars_CheckPathDescriptorRegexPattern" />
    </UnitTest>
  </TestDefinitions>
  <TestEntries>
    <TestEntry testId="f508a2f3-e3c1-eb3b-4059-e6fbea2c6a11" executionId="04f883cb-c56c-4761-a446-93711148a3f0" testListId="8c84fa94-04c1-424b-9868-57a2d4851a1d" />
  </TestEntries>
  <TestLists>
    <TestList name="Results Not in a List" id="8c84fa94-04c1-424b-9868-57a2d4851a1d" />
    <TestList name="All Loaded Results" id="19431567-8539-422a-85d7-44ee4e166bda" />
  </TestLists>
  <ResultSummary outcome="Completed">
    <Counters total="1" executed="1" passed="1" failed="0" error="0" timeout="0" aborted="0" inconclusive="0" passedButRunAborted="0" notRunnable="0" notExecuted="0" disconnected="0" warning="0" completed="0" inProgress="0" pending="0" />
  </ResultSummary>
</TestRun>