<?xml version="1.0" encoding="UTF-8"?>
<TestRun id="6a5d3840-414b-4330-873f-92d3b8458e5c" name="tfsmladm@TFSBUILD11 2015-09-28 09:43:15" runUser="REDMOND\tfsmladm" xmlns="http://microsoft.com/schemas/VisualStudio/TeamTest/2010">
  <Times creation="2015-09-28T09:43:15.5768999-07:00" queuing="2015-09-28T09:43:15.5768999-07:00" start="2015-09-28T09:43:15.5768999-07:00" finish="2015-09-28T09:43:15.7487871-07:00" />
  <TestSettings name="default" id="1ee69e9a-a90f-487a-ba1f-233520ec46c8">
    <Execution>
      <TestTypeSpecific />
    </Execution>
    <Deployment runDeploymentRoot="tfsmladm_TFSBUILD11 2015-09-28 09_43_15" />
    <Properties />
  </TestSettings>
  <Results>
    <UnitTestResult executionId="c772b526-fab0-47b6-b18a-39b7b69c2cec" testId="6c2a681e-de7a-02db-45c5-f3524f6ead26" testName="SqlCmdValidator_NoCustomFilter" computerName="TFSBUILD11" duration="00:00:00.3359467" startTime="2015-09-28T09:43:15.0143599-07:00" endTime="2015-09-28T09:43:15.3893869-07:00" testType="13cdc9d9-ddb5-4fa4-a97d-d965ccfc6d4b" outcome="Passed" testListId="8c84fa94-04c1-424b-9868-57a2d4851a1d" relativeResultsDirectory="c772b526-fab0-47b6-b18a-39b7b69c2cec" />
    <UnitTestResult executionId="22871da1-a279-49ff-8e2f-c323ae321168" testId="3a8bea96-898f-d4b0-e14b-06f0dc9276fc" testName="SqlCmdValidator_EQIntOperand" computerName="TFSBUILD11" duration="00:00:00.1267846" startTime="2015-09-28T09:43:15.4050130-07:00" endTime="2015-09-28T09:43:15.5300213-07:00" testType="13cdc9d9-ddb5-4fa4-a97d-d965ccfc6d4b" outcome="Passed" testListId="8c84fa94-04c1-424b-9868-57a2d4851a1d" relativeResultsDirectory="22871da1-a279-49ff-8e2f-c323ae321168" />
    <UnitTestResult executionId="262d767f-b4de-4a09-a2d8-36a29fab6cba" testId="59684d81-db1d-537f-a58e-e6fcb87671ae" testName="SqlCmdValidator_NEIntOperand" computerName="TFSBUILD11" duration="00:00:00.0028609" startTime="2015-09-28T09:43:15.5300213-07:00" endTime="2015-09-28T09:43:15.5300213-07:00" testType="13cdc9d9-ddb5-4fa4-a97d-d965ccfc6d4b" outcome="Passed" testListId="8c84fa94-04c1-424b-9868-57a2d4851a1d" relativeResultsDirectory="262d767f-b4de-4a09-a2d8-36a29fab6cba" />
    <UnitTestResult executionId="e4c1bf2a-f3cb-4e5e-882f-6bbe4f89efd5" testId="8d6b7bcd-4429-0679-62c3-3696dc774ae5" testName="SqlCmdValidator_EQNotNullableStringOperand" computerName="TFSBUILD11" duration="00:00:00.0045206" startTime="2015-09-28T09:43:15.5300213-07:00" endTime="2015-09-28T09:43:15.5300213-07:00" testType="13cdc9d9-ddb5-4fa4-a97d-d965ccfc6d4b" outcome="Passed" testListId="8c84fa94-04c1-424b-9868-57a2d4851a1d" relativeResultsDirectory="e4c1bf2a-f3cb-4e5e-882f-6bbe4f89efd5" />
    <UnitTestResult executionId="581c8e40-8486-4347-a85e-62a151942aa1" testId="055c1b77-a07a-f390-1aa6-71e906112471" testName="SqlCmdValidator_LTOperand" computerName="TFSBUILD11" duration="00:00:00.0003655" startTime="2015-09-28T09:43:15.5300213-07:00" endTime="2015-09-28T09:43:15.5456474-07:00" testType="13cdc9d9-ddb5-4fa4-a97d-d965ccfc6d4b" outcome="Passed" testListId="8c84fa94-04c1-424b-9868-57a2d4851a1d" relativeResultsDirectory="581c8e40-8486-4347-a85e-62a151942aa1" />
    <UnitTestResult executionId="daefcdab-ecda-4a98-8f3c-06b8723638ce" testId="d180df09-3f28-66f1-720f-13145e362007" testName="SqlCmdValidator_GTOperand" computerName="TFSBUILD11" duration="00:00:00.0004309" startTime="2015-09-28T09:43:15.5456474-07:00" endTime="2015-09-28T09:43:15.5456474-07:00" testType="13cdc9d9-ddb5-4fa4-a97d-d965ccfc6d4b" outcome="Passed" testListId="8c84fa94-04c1-424b-9868-57a2d4851a1d" relativeResultsDirectory="daefcdab-ecda-4a98-8f3c-06b8723638ce" />
    <UnitTestResult executionId="fe32da34-b6aa-4311-b12e-4b0f3070b832" testId="07b6457c-adf9-9914-0535-d8c9584f4eae" testName="SqlCmdValidator_LEOperand" computerName="TFSBUILD11" duration="00:00:00.0003538" startTime="2015-09-28T09:43:15.5456474-07:00" endTime="2015-09-28T09:43:15.5456474-07:00" testType="13cdc9d9-ddb5-4fa4-a97d-d965ccfc6d4b" outcome="Passed" testListId="8c84fa94-04c1-424b-9868-57a2d4851a1d" relativeResultsDirectory="fe32da34-b6aa-4311-b12e-4b0f3070b832" />
    <UnitTestResult executionId="b68bda80-1969-4517-bef6-95fd1ab70088" testId="ec13a222-3f82-6601-f4cd-71f2882ef318" testName="SqlCmdValidator_GEOperand" computerName="TFSBUILD11" duration="00:00:00.0003612" startTime="2015-09-28T09:43:15.5456474-07:00" endTime="2015-09-28T09:43:15.5456474-07:00" testType="13cdc9d9-ddb5-4fa4-a97d-d965ccfc6d4b" outcome="Passed" testListId="8c84fa94-04c1-424b-9868-57a2d4851a1d" relativeResultsDirectory="b68bda80-1969-4517-bef6-95fd1ab70088" />
    <UnitTestResult executionId="460ef23f-399d-440f-ab12-6dcbb6fe260e" testId="56d01c72-294d-6924-4fdb-a6556ecd47f6" testName="SqlCmdValidator_ANDOperand" computerName="TFSBUILD11" duration="00:00:00.0004647" startTime="2015-09-28T09:43:15.5456474-07:00" endTime="2015-09-28T09:43:15.5456474-07:00" testType="13cdc9d9-ddb5-4fa4-a97d-d965ccfc6d4b" outcome="Passed" testListId="8c84fa94-04c1-424b-9868-57a2d4851a1d" relativeResultsDirectory="460ef23f-399d-440f-ab12-6dcbb6fe260e" />
    <UnitTestResult executionId="299f6107-6f59-43d1-80e0-c165b06e6d75" testId="a94e857f-f655-a60a-a633-97e34868fc18" testName="SqlCmdValidator_OROperand" computerName="TFSBUILD11" duration="00:00:00.0006650" startTime="2015-09-28T09:43:15.5456474-07:00" endTime="2015-09-28T09:43:15.5456474-07:00" testType="13cdc9d9-ddb5-4fa4-a97d-d965ccfc6d4b" outcome="Passed" testListId="8c84fa94-04c1-424b-9868-57a2d4851a1d" relativeResultsDirectory="299f6107-6f59-43d1-80e0-c165b06e6d75" />
    <UnitTestResult executionId="8d60cafa-dec8-45d2-adad-0fbc82a1beff" testId="e347245e-ddf4-7018-7dee-1ce4c63065b0" testName="SqlCmdValidator_IssueProperties" computerName="TFSBUILD11" duration="00:00:00.0753543" startTime="2015-09-28T09:43:15.5456474-07:00" endTime="2015-09-28T09:43:15.6237780-07:00" testType="13cdc9d9-ddb5-4fa4-a97d-d965ccfc6d4b" outcome="Passed" testListId="8c84fa94-04c1-424b-9868-57a2d4851a1d" relativeResultsDirectory="8d60cafa-dec8-45d2-adad-0fbc82a1beff" />
    <UnitTestResult executionId="31fd1e2e-3c7d-4581-adba-35e621ff6dde" testId="7eeea840-5ea9-8225-6955-9f710c47632d" testName="SqlCmdValidator_SourceFile" computerName="TFSBUILD11" duration="00:00:00.0434479" startTime="2015-09-28T09:43:15.6237780-07:00" endTime="2015-09-28T09:43:15.6706563-07:00" testType="13cdc9d9-ddb5-4fa4-a97d-d965ccfc6d4b" outcome="Passed" testListId="8c84fa94-04c1-424b-9868-57a2d4851a1d" relativeResultsDirectory="31fd1e2e-3c7d-4581-adba-35e621ff6dde" />
    <UnitTestResult executionId="d819fb55-f358-4985-a11c-969498e66f77" testId="ca37a4af-f9b2-a824-0c06-49e440842ad5" testName="SqlCmdValidator_SourcePath" computerName="TFSBUILD11" duration="00:00:00.0005742" startTime="2015-09-28T09:43:15.6706563-07:00" endTime="2015-09-28T09:43:15.6706563-07:00" testType="13cdc9d9-ddb5-4fa4-a97d-d965ccfc6d4b" outcome="Passed" testListId="8c84fa94-04c1-424b-9868-57a2d4851a1d" relativeResultsDirectory="d819fb55-f358-4985-a11c-969498e66f77" />
    <UnitTestResult executionId="2af51db5-e126-4768-b782-e912c259ed25" testId="b802e822-a24a-2160-8db0-ccc9be54f91a" testName="SqlCmdValidator_NegativeOperand" computerName="TFSBUILD11" duration="00:00:00.0038798" startTime="2015-09-28T09:43:15.6706563-07:00" endTime="2015-09-28T09:43:15.6706563-07:00" testType="13cdc9d9-ddb5-4fa4-a97d-d965ccfc6d4b" outcome="Passed" testListId="8c84fa94-04c1-424b-9868-57a2d4851a1d" relativeResultsDirectory="2af51db5-e126-4768-b782-e912c259ed25" />
    <UnitTestResult executionId="fc7de528-5e64-404d-bdd8-40b307c96668" testId="f54952eb-3965-1047-3956-4bd0cc08f459" testName="SqlCmdValidator_GroupingOperand" computerName="TFSBUILD11" duration="00:00:00.0008300" startTime="2015-09-28T09:43:15.6706563-07:00" endTime="2015-09-28T09:43:15.6706563-07:00" testType="13cdc9d9-ddb5-4fa4-a97d-d965ccfc6d4b" outcome="Passed" testListId="8c84fa94-04c1-424b-9868-57a2d4851a1d" relativeResultsDirectory="fc7de528-5e64-404d-bdd8-40b307c96668" />
    <UnitTestResult executionId="260a4bba-45c2-4caa-bcd2-09485f6110f9" testId="b6150546-c9bf-380c-56f4-b7158b6ffd38" testName="SqlCmdValidator_PropertyFunctionEQ" computerName="TFSBUILD11" duration="00:00:00.0090185" startTime="2015-09-28T09:43:15.6706563-07:00" endTime="2015-09-28T09:43:15.6862824-07:00" testType="13cdc9d9-ddb5-4fa4-a97d-d965ccfc6d4b" outcome="Passed" testListId="8c84fa94-04c1-424b-9868-57a2d4851a1d" relativeResultsDirectory="260a4bba-45c2-4caa-bcd2-09485f6110f9" />
    <UnitTestResult executionId="d2af9df4-cbc3-405b-bdab-5b694184e25d" testId="b9a334ab-5cb2-d4cd-2b2a-e1861ffbd724" testName="SqlCmdValidator_PropertyFunctionLike" computerName="TFSBUILD11" duration="00:00:00.0005907" startTime="2015-09-28T09:43:15.6862824-07:00" endTime="2015-09-28T09:43:15.6862824-07:00" testType="13cdc9d9-ddb5-4fa4-a97d-d965ccfc6d4b" outcome="Passed" testListId="8c84fa94-04c1-424b-9868-57a2d4851a1d" relativeResultsDirectory="d2af9df4-cbc3-405b-bdab-5b694184e25d" />
    <UnitTestResult executionId="90e4019c-ee08-404c-bc28-6da6d7248e99" testId="d62895d1-1e29-979f-c2eb-d79c3512d4fc" testName="SqlCmdValidator_PropertyFunctionLikeOrEq" computerName="TFSBUILD11" duration="00:00:00.0006567" startTime="2015-09-28T09:43:15.6862824-07:00" endTime="2015-09-28T09:43:15.6862824-07:00" testType="13cdc9d9-ddb5-4fa4-a97d-d965ccfc6d4b" outcome="Passed" testListId="8c84fa94-04c1-424b-9868-57a2d4851a1d" relativeResultsDirectory="90e4019c-ee08-404c-bc28-6da6d7248e99" />
    <UnitTestResult executionId="083c3c11-f69c-4d98-b1b6-3e9c579d1514" testId="ef51221f-7d3e-7364-fd29-061cb5ed6dd5" testName="SqlCmdValidator_MustBeCaseInsensitive" computerName="TFSBUILD11" duration="00:00:00.0015852" startTime="2015-09-28T09:43:15.6862824-07:00" endTime="2015-09-28T09:43:15.6862824-07:00" testType="13cdc9d9-ddb5-4fa4-a97d-d965ccfc6d4b" outcome="Passed" testListId="8c84fa94-04c1-424b-9868-57a2d4851a1d" relativeResultsDirectory="083c3c11-f69c-4d98-b1b6-3e9c579d1514" />
    <UnitTestResult executionId="82178dce-9f31-41a4-ab1a-91ef82ae10fe" testId="84e089e1-d37c-6402-89dc-d615a2d5f709" testName="SqlCmdValidator_NonExistinPropertyShouldFail" computerName="TFSBUILD11" duration="00:00:00.0139186" startTime="2015-09-28T09:43:15.6862824-07:00" endTime="2015-09-28T09:43:15.7019096-07:00" testType="13cdc9d9-ddb5-4fa4-a97d-d965ccfc6d4b" outcome="Passed" testListId="8c84fa94-04c1-424b-9868-57a2d4851a1d" relativeResultsDirectory="82178dce-9f31-41a4-ab1a-91ef82ae10fe" />
    <UnitTestResult executionId="f1855cf5-0cca-4efb-be3a-ae8d7b7d0320" testId="91eacab8-05ed-a550-4a09-fc2b8b9f5e8a" testName="SqlCmdValidator_WrongTypePropertyShouldFail" computerName="TFSBUILD11" duration="00:00:00.0005751" startTime="2015-09-28T09:43:15.7019096-07:00" endTime="2015-09-28T09:43:15.7019096-07:00" testType="13cdc9d9-ddb5-4fa4-a97d-d965ccfc6d4b" outcome="Passed" testListId="8c84fa94-04c1-424b-9868-57a2d4851a1d" relativeResultsDirectory="f1855cf5-0cca-4efb-be3a-ae8d7b7d0320" />
    <UnitTestResult executionId="b36de89a-bb92-42c3-915f-63bab909bdad" testId="5f3bffbc-10fa-6154-d6f6-429b58af5775" testName="SqlCmdValidator_UnsupportedFunctionShouldFail" computerName="TFSBUILD11" duration="00:00:00.0004150" startTime="2015-09-28T09:43:15.7019096-07:00" endTime="2015-09-28T09:43:15.7019096-07:00" testType="13cdc9d9-ddb5-4fa4-a97d-d965ccfc6d4b" outcome="Passed" testListId="8c84fa94-04c1-424b-9868-57a2d4851a1d" relativeResultsDirectory="b36de89a-bb92-42c3-915f-63bab909bdad" />
    <UnitTestResult executionId="b65156fb-6979-4ce5-8fea-d4fd1269ba38" testId="02e8cf9b-ef43-b3bb-ac43-fb70d9a65c8f" testName="SqlCmdValidator_WrongFunctionParameterTypeShouldFail" computerName="TFSBUILD11" duration="00:00:00.0011932" startTime="2015-09-28T09:43:15.7019096-07:00" endTime="2015-09-28T09:43:15.7019096-07:00" testType="13cdc9d9-ddb5-4fa4-a97d-d965ccfc6d4b" outcome="Passed" testListId="8c84fa94-04c1-424b-9868-57a2d4851a1d" relativeResultsDirectory="b65156fb-6979-4ce5-8fea-d4fd1269ba38" />
    <UnitTestResult executionId="5e6fbefb-7f62-44e6-8a4d-318ab98f2433" testId="a6e67024-96d1-75a0-2257-468a152e55ef" testName="SqlCmdValidator_NotImplementedOperandShouldFail" computerName="TFSBUILD11" duration="00:00:00.0010956" startTime="2015-09-28T09:43:15.7019096-07:00" endTime="2015-09-28T09:43:15.7019096-07:00" testType="13cdc9d9-ddb5-4fa4-a97d-d965ccfc6d4b" outcome="Passed" testListId="8c84fa94-04c1-424b-9868-57a2d4851a1d" relativeResultsDirectory="5e6fbefb-7f62-44e6-8a4d-318ab98f2433" />
    <UnitTestResult executionId="de281413-baea-48f4-9c9e-951d69ce3041" testId="ef2fc945-bbdf-4297-5a19-af9f4a012139" testName="SqlCmdValidator_ContainsFunctionAcceptsOnlyStringConstant" computerName="TFSBUILD11" duration="00:00:00.0003490" startTime="2015-09-28T09:43:15.7019096-07:00" endTime="2015-09-28T09:43:15.7019096-07:00" testType="13cdc9d9-ddb5-4fa4-a97d-d965ccfc6d4b" outcome="Passed" testListId="8c84fa94-04c1-424b-9868-57a2d4851a1d" relativeResultsDirectory="de281413-baea-48f4-9c9e-951d69ce3041" />
    <UnitTestResult executionId="f5e360e8-98d6-4394-a100-78623d317161" testId="ddc4730c-7a52-a835-21db-bfc67be0d9d9" testName="TriageStatusEnumValidator_NoActionYet" computerName="TFSBUILD11" duration="00:00:00.0004494" startTime="2015-09-28T09:43:15.7019096-07:00" endTime="2015-09-28T09:43:15.7019096-07:00" testType="13cdc9d9-ddb5-4fa4-a97d-d965ccfc6d4b" outcome="Passed" testListId="8c84fa94-04c1-424b-9868-57a2d4851a1d" relativeResultsDirectory="f5e360e8-98d6-4394-a100-78623d317161" />
    <UnitTestResult executionId="f321da64-53e9-41ee-87bc-3d6c0b098882" testId="dce14b91-0078-bb4e-eeb1-cb603e64224f" testName="TriageStatusEnumValidator_FalsePositive" computerName="TFSBUILD11" duration="00:00:00.0003020" startTime="2015-09-28T09:43:15.7019096-07:00" endTime="2015-09-28T09:43:15.7019096-07:00" testType="13cdc9d9-ddb5-4fa4-a97d-d965ccfc6d4b" outcome="Passed" testListId="8c84fa94-04c1-424b-9868-57a2d4851a1d" relativeResultsDirectory="f321da64-53e9-41ee-87bc-3d6c0b098882" />
    <UnitTestResult executionId="acf01fd8-28cf-49b0-afc7-4afda52da98c" testId="7841664b-b450-4c81-975b-664a5a837942" testName="TriageStatusEnumValidator_WontFix" computerName="TFSBUILD11" duration="00:00:00.0003057" startTime="2015-09-28T09:43:15.7019096-07:00" endTime="2015-09-28T09:43:15.7019096-07:00" testType="13cdc9d9-ddb5-4fa4-a97d-d965ccfc6d4b" outcome="Passed" testListId="8c84fa94-04c1-424b-9868-57a2d4851a1d" relativeResultsDirectory="acf01fd8-28cf-49b0-afc7-4afda52da98c" />
    <UnitTestResult executionId="a45d6009-6b3c-4c72-a685-ab4cf7e0b3b8" testId="a5881577-f50d-939b-868a-03d4aa07bf84" testName="TriageStatusEnumValidator_Postponed" computerName="TFSBUILD11" duration="00:00:00.0004565" startTime="2015-09-28T09:43:15.7019096-07:00" endTime="2015-09-28T09:43:15.7175346-07:00" testType="13cdc9d9-ddb5-4fa4-a97d-d965ccfc6d4b" outcome="Passed" testListId="8c84fa94-04c1-424b-9868-57a2d4851a1d" relativeResultsDirectory="a45d6009-6b3c-4c72-a685-ab4cf7e0b3b8" />
    <UnitTestResult executionId="5042f0b0-1d58-4c63-879a-978502f03879" testId="6690e8dd-9175-95b6-9e4b-3db354b41ad7" testName="TriageStatusEnumValidator_Unclear" computerName="TFSBUILD11" duration="00:00:00.0007079" startTime="2015-09-28T09:43:15.7175346-07:00" endTime="2015-09-28T09:43:15.7175346-07:00" testType="13cdc9d9-ddb5-4fa4-a97d-d965ccfc6d4b" outcome="Passed" testListId="8c84fa94-04c1-424b-9868-57a2d4851a1d" relativeResultsDirectory="5042f0b0-1d58-4c63-879a-978502f03879" />
    <UnitTestResult executionId="4703d0fd-bab3-411d-8203-dcc71f84e539" testId="618cfa2f-2154-4fca-281e-d859f70b643f" testName="TriageStatusEnumValidator_DuplicateIssue" computerName="TFSBUILD11" duration="00:00:00.0002921" startTime="2015-09-28T09:43:15.7175346-07:00" endTime="2015-09-28T09:43:15.7175346-07:00" testType="13cdc9d9-ddb5-4fa4-a97d-d965ccfc6d4b" outcome="Passed" testListId="8c84fa94-04c1-424b-9868-57a2d4851a1d" relativeResultsDirectory="4703d0fd-bab3-411d-8203-dcc71f84e539" />
    <UnitTestResult executionId="fb5a04b6-2d3d-4722-9788-732d7d3e254d" testId="f17c8fa6-217b-0d6a-a41e-bb10aef93804" testName="TriageStatusEnumValidator_BugFiled" computerName="TFSBUILD11" duration="00:00:00.0002847" startTime="2015-09-28T09:43:15.7175346-07:00" endTime="2015-09-28T09:43:15.7175346-07:00" testType="13cdc9d9-ddb5-4fa4-a97d-d965ccfc6d4b" outcome="Passed" testListId="8c84fa94-04c1-424b-9868-57a2d4851a1d" relativeResultsDirectory="fb5a04b6-2d3d-4722-9788-732d7d3e254d" />
    <UnitTestResult executionId="bda5b26c-02b9-46e1-af62-17d0ba6e036f" testId="7b7bb31d-cd9c-8e83-8385-2a7fde64d68c" testName="SqlCommandTemplateProcessor_SimpleTemplate" computerName="TFSBUILD11" duration="00:00:00.0049589" startTime="2015-09-28T09:43:15.7175346-07:00" endTime="2015-09-28T09:43:15.7175346-07:00" testType="13cdc9d9-ddb5-4fa4-a97d-d965ccfc6d4b" outcome="Passed" testListId="8c84fa94-04c1-424b-9868-57a2d4851a1d" relativeResultsDirectory="bda5b26c-02b9-46e1-af62-17d0ba6e036f" />
    <UnitTestResult executionId="0be9c7e3-b9e3-4132-b99f-441e5e4a1171" testId="6a200e41-a128-6143-2a19-8321e55de362" testName="SqlCommandTemplateProcessor_TwoFiltersTemplate" computerName="TFSBUILD11" duration="00:00:00.0009159" startTime="2015-09-28T09:43:15.7175346-07:00" endTime="2015-09-28T09:43:15.7175346-07:00" testType="13cdc9d9-ddb5-4fa4-a97d-d965ccfc6d4b" outcome="Passed" testListId="8c84fa94-04c1-424b-9868-57a2d4851a1d" relativeResultsDirectory="0be9c7e3-b9e3-4132-b99f-441e5e4a1171" />
    <UnitTestResult executionId="ff411571-9fed-4ff7-95bb-df140e2243d7" testId="91b97206-6ecb-6150-962f-3b1e997e1ff6" testName="SqlCommandTemplateProcessor_DoesNotModifyTemplateCommand" computerName="TFSBUILD11" duration="00:00:00.0030705" startTime="2015-09-28T09:43:15.7175346-07:00" endTime="2015-09-28T09:43:15.7175346-07:00" testType="13cdc9d9-ddb5-4fa4-a97d-d965ccfc6d4b" outcome="Passed" testListId="8c84fa94-04c1-424b-9868-57a2d4851a1d" relativeResultsDirectory="ff411571-9fed-4ff7-95bb-df140e2243d7" />
    <UnitTestResult executionId="fd300c39-15fb-44a7-baff-3b2b16c2a8c9" testId="5a6ee095-b5a2-06ec-cf4a-2e4355521da3" testName="SqlCommandTemplateProcessor_RequiresUniqueCommandNames" computerName="TFSBUILD11" duration="00:00:00.0021924" startTime="2015-09-28T09:43:15.7175346-07:00" endTime="2015-09-28T09:43:15.7175346-07:00" testType="13cdc9d9-ddb5-4fa4-a97d-d965ccfc6d4b" outcome="Passed" testListId="8c84fa94-04c1-424b-9868-57a2d4851a1d" relativeResultsDirectory="fd300c39-15fb-44a7-baff-3b2b16c2a8c9" />
  </Results>
  <TestDefinitions>
    <UnitTest name="SqlCmdValidator_NoCustomFilter" storage="d:\v2.0\a1\_work\dbded102\bin\release.anycpu\codeanalysis.service\ms.vs.services.codeanalysis.filteril.l0.tests\ms.vs.services.codeanalysis.filteril.l0.tests.dll" id="6c2a681e-de7a-02db-45c5-f3524f6ead26">
      <Execution id="c772b526-fab0-47b6-b18a-39b7b69c2cec" />
      <TestMethod codeBase="D:\v2.0\A1\_work\dbded102\bin\Release.AnyCPU\CodeAnalysis.Service\MS.VS.Services.CodeAnalysis.FilterIL.L0.Tests\MS.VS.Services.CodeAnalysis.FilterIL.L0.Tests.dll" adapterTypeName="Microsoft.VisualStudio.TestTools.TestTypes.Unit.UnitTestAdapter" className="MS.VS.Services.CodeAnalysis.FilterIL.L0.Tests.FilterTextToSqlCommandConverterTests" name="SqlCmdValidator_NoCustomFilter" />
    </UnitTest>
    <UnitTest name="SqlCmdValidator_EQIntOperand" storage="d:\v2.0\a1\_work\dbded102\bin\release.anycpu\codeanalysis.service\ms.vs.services.codeanalysis.filteril.l0.tests\ms.vs.services.codeanalysis.filteril.l0.tests.dll" id="3a8bea96-898f-d4b0-e14b-06f0dc9276fc">
      <Execution id="22871da1-a279-49ff-8e2f-c323ae321168" />
      <TestMethod codeBase="D:\v2.0\A1\_work\dbded102\bin\Release.AnyCPU\CodeAnalysis.Service\MS.VS.Services.CodeAnalysis.FilterIL.L0.Tests\MS.VS.Services.CodeAnalysis.FilterIL.L0.Tests.dll" adapterTypeName="Microsoft.VisualStudio.TestTools.TestTypes.Unit.UnitTestAdapter" className="MS.VS.Services.CodeAnalysis.FilterIL.L0.Tests.FilterTextToSqlCommandConverterTests" name="SqlCmdValidator_EQIntOperand" />
    </UnitTest>
    <UnitTest name="SqlCmdValidator_NEIntOperand" storage="d:\v2.0\a1\_work\dbded102\bin\release.anycpu\codeanalysis.service\ms.vs.services.codeanalysis.filteril.l0.tests\ms.vs.services.codeanalysis.filteril.l0.tests.dll" id="59684d81-db1d-537f-a58e-e6fcb87671ae">
      <Execution id="262d767f-b4de-4a09-a2d8-36a29fab6cba" />
      <TestMethod codeBase="D:\v2.0\A1\_work\dbded102\bin\Release.AnyCPU\CodeAnalysis.Service\MS.VS.Services.CodeAnalysis.FilterIL.L0.Tests\MS.VS.Services.CodeAnalysis.FilterIL.L0.Tests.dll" adapterTypeName="Microsoft.VisualStudio.TestTools.TestTypes.Unit.UnitTestAdapter" className="MS.VS.Services.CodeAnalysis.FilterIL.L0.Tests.FilterTextToSqlCommandConverterTests" name="SqlCmdValidator_NEIntOperand" />
    </UnitTest>
    <UnitTest name="SqlCmdValidator_EQNotNullableStringOperand" storage="d:\v2.0\a1\_work\dbded102\bin\release.anycpu\codeanalysis.service\ms.vs.services.codeanalysis.filteril.l0.tests\ms.vs.services.codeanalysis.filteril.l0.tests.dll" id="8d6b7bcd-4429-0679-62c3-3696dc774ae5">
      <Execution id="e4c1bf2a-f3cb-4e5e-882f-6bbe4f89efd5" />
      <TestMethod codeBase="D:\v2.0\A1\_work\dbded102\bin\Release.AnyCPU\CodeAnalysis.Service\MS.VS.Services.CodeAnalysis.FilterIL.L0.Tests\MS.VS.Services.CodeAnalysis.FilterIL.L0.Tests.dll" adapterTypeName="Microsoft.VisualStudio.TestTools.TestTypes.Unit.UnitTestAdapter" className="MS.VS.Services.CodeAnalysis.FilterIL.L0.Tests.FilterTextToSqlCommandConverterTests" name="SqlCmdValidator_EQNotNullableStringOperand" />
    </UnitTest>
    <UnitTest name="SqlCmdValidator_LTOperand" storage="d:\v2.0\a1\_work\dbded102\bin\release.anycpu\codeanalysis.service\ms.vs.services.codeanalysis.filteril.l0.tests\ms.vs.services.codeanalysis.filteril.l0.tests.dll" id="055c1b77-a07a-f390-1aa6-71e906112471">
      <Execution id="581c8e40-8486-4347-a85e-62a151942aa1" />
      <TestMethod codeBase="D:\v2.0\A1\_work\dbded102\bin\Release.AnyCPU\CodeAnalysis.Service\MS.VS.Services.CodeAnalysis.FilterIL.L0.Tests\MS.VS.Services.CodeAnalysis.FilterIL.L0.Tests.dll" adapterTypeName="Microsoft.VisualStudio.TestTools.TestTypes.Unit.UnitTestAdapter" className="MS.VS.Services.CodeAnalysis.FilterIL.L0.Tests.FilterTextToSqlCommandConverterTests" name="SqlCmdValidator_LTOperand" />
    </UnitTest>
    <UnitTest name="SqlCmdValidator_GTOperand" storage="d:\v2.0\a1\_work\dbded102\bin\release.anycpu\codeanalysis.service\ms.vs.services.codeanalysis.filteril.l0.tests\ms.vs.services.codeanalysis.filteril.l0.tests.dll" id="d180df09-3f28-66f1-720f-13145e362007">
      <Execution id="daefcdab-ecda-4a98-8f3c-06b8723638ce" />
      <TestMethod codeBase="D:\v2.0\A1\_work\dbded102\bin\Release.AnyCPU\CodeAnalysis.Service\MS.VS.Services.CodeAnalysis.FilterIL.L0.Tests\MS.VS.Services.CodeAnalysis.FilterIL.L0.Tests.dll" adapterTypeName="Microsoft.VisualStudio.TestTools.TestTypes.Unit.UnitTestAdapter" className="MS.VS.Services.CodeAnalysis.FilterIL.L0.Tests.FilterTextToSqlCommandConverterTests" name="SqlCmdValidator_GTOperand" />
    </UnitTest>
    <UnitTest name="SqlCmdValidator_LEOperand" storage="d:\v2.0\a1\_work\dbded102\bin\release.anycpu\codeanalysis.service\ms.vs.services.codeanalysis.filteril.l0.tests\ms.vs.services.codeanalysis.filteril.l0.tests.dll" id="07b6457c-adf9-9914-0535-d8c9584f4eae">
      <Execution id="fe32da34-b6aa-4311-b12e-4b0f3070b832" />
      <TestMethod codeBase="D:\v2.0\A1\_work\dbded102\bin\Release.AnyCPU\CodeAnalysis.Service\MS.VS.Services.CodeAnalysis.FilterIL.L0.Tests\MS.VS.Services.CodeAnalysis.FilterIL.L0.Tests.dll" adapterTypeName="Microsoft.VisualStudio.TestTools.TestTypes.Unit.UnitTestAdapter" className="MS.VS.Services.CodeAnalysis.FilterIL.L0.Tests.FilterTextToSqlCommandConverterTests" name="SqlCmdValidator_LEOperand" />
    </UnitTest>
    <UnitTest name="SqlCmdValidator_GEOperand" storage="d:\v2.0\a1\_work\dbded102\bin\release.anycpu\codeanalysis.service\ms.vs.services.codeanalysis.filteril.l0.tests\ms.vs.services.codeanalysis.filteril.l0.tests.dll" id="ec13a222-3f82-6601-f4cd-71f2882ef318">
      <Execution id="b68bda80-1969-4517-bef6-95fd1ab70088" />
      <TestMethod codeBase="D:\v2.0\A1\_work\dbded102\bin\Release.AnyCPU\CodeAnalysis.Service\MS.VS.Services.CodeAnalysis.FilterIL.L0.Tests\MS.VS.Services.CodeAnalysis.FilterIL.L0.Tests.dll" adapterTypeName="Microsoft.VisualStudio.TestTools.TestTypes.Unit.UnitTestAdapter" className="MS.VS.Services.CodeAnalysis.FilterIL.L0.Tests.FilterTextToSqlCommandConverterTests" name="SqlCmdValidator_GEOperand" />
    </UnitTest>
    <UnitTest name="SqlCmdValidator_ANDOperand" storage="d:\v2.0\a1\_work\dbded102\bin\release.anycpu\codeanalysis.service\ms.vs.services.codeanalysis.filteril.l0.tests\ms.vs.services.codeanalysis.filteril.l0.tests.dll" id="56d01c72-294d-6924-4fdb-a6556ecd47f6">
      <Execution id="460ef23f-399d-440f-ab12-6dcbb6fe260e" />
      <TestMethod codeBase="D:\v2.0\A1\_work\dbded102\bin\Release.AnyCPU\CodeAnalysis.Service\MS.VS.Services.CodeAnalysis.FilterIL.L0.Tests\MS.VS.Services.CodeAnalysis.FilterIL.L0.Tests.dll" adapterTypeName="Microsoft.VisualStudio.TestTools.TestTypes.Unit.UnitTestAdapter" className="MS.VS.Services.CodeAnalysis.FilterIL.L0.Tests.FilterTextToSqlCommandConverterTests" name="SqlCmdValidator_ANDOperand" />
    </UnitTest>
    <UnitTest name="SqlCmdValidator_OROperand" storage="d:\v2.0\a1\_work\dbded102\bin\release.anycpu\codeanalysis.service\ms.vs.services.codeanalysis.filteril.l0.tests\ms.vs.services.codeanalysis.filteril.l0.tests.dll" id="a94e857f-f655-a60a-a633-97e34868fc18">
      <Execution id="299f6107-6f59-43d1-80e0-c165b06e6d75" />
      <TestMethod codeBase="D:\v2.0\A1\_work\dbded102\bin\Release.AnyCPU\CodeAnalysis.Service\MS.VS.Services.CodeAnalysis.FilterIL.L0.Tests\MS.VS.Services.CodeAnalysis.FilterIL.L0.Tests.dll" adapterTypeName="Microsoft.VisualStudio.TestTools.TestTypes.Unit.UnitTestAdapter" className="MS.VS.Services.CodeAnalysis.FilterIL.L0.Tests.FilterTextToSqlCommandConverterTests" name="SqlCmdValidator_OROperand" />
    </UnitTest>
    <UnitTest name="SqlCmdValidator_IssueProperties" storage="d:\v2.0\a1\_work\dbded102\bin\release.anycpu\codeanalysis.service\ms.vs.services.codeanalysis.filteril.l0.tests\ms.vs.services.codeanalysis.filteril.l0.tests.dll" id="e347245e-ddf4-7018-7dee-1ce4c63065b0">
      <Execution id="8d60cafa-dec8-45d2-adad-0fbc82a1beff" />
      <TestMethod codeBase="D:\v2.0\A1\_work\dbded102\bin\Release.AnyCPU\CodeAnalysis.Service\MS.VS.Services.CodeAnalysis.FilterIL.L0.Tests\MS.VS.Services.CodeAnalysis.FilterIL.L0.Tests.dll" adapterTypeName="Microsoft.VisualStudio.TestTools.TestTypes.Unit.UnitTestAdapter" className="MS.VS.Services.CodeAnalysis.FilterIL.L0.Tests.FilterTextToSqlCommandConverterTests" name="SqlCmdValidator_IssueProperties" />
    </UnitTest>
    <UnitTest name="SqlCmdValidator_SourceFile" storage="d:\v2.0\a1\_work\dbded102\bin\release.anycpu\codeanalysis.service\ms.vs.services.codeanalysis.filteril.l0.tests\ms.vs.services.codeanalysis.filteril.l0.tests.dll" id="7eeea840-5ea9-8225-6955-9f710c47632d">
      <Execution id="31fd1e2e-3c7d-4581-adba-35e621ff6dde" />
      <TestMethod codeBase="D:\v2.0\A1\_work\dbded102\bin\Release.AnyCPU\CodeAnalysis.Service\MS.VS.Services.CodeAnalysis.FilterIL.L0.Tests\MS.VS.Services.CodeAnalysis.FilterIL.L0.Tests.dll" adapterTypeName="Microsoft.VisualStudio.TestTools.TestTypes.Unit.UnitTestAdapter" className="MS.VS.Services.CodeAnalysis.FilterIL.L0.Tests.FilterTextToSqlCommandConverterTests" name="SqlCmdValidator_SourceFile" />
    </UnitTest>
    <UnitTest name="SqlCmdValidator_SourcePath" storage="d:\v2.0\a1\_work\dbded102\bin\release.anycpu\codeanalysis.service\ms.vs.services.codeanalysis.filteril.l0.tests\ms.vs.services.codeanalysis.filteril.l0.tests.dll" id="ca37a4af-f9b2-a824-0c06-49e440842ad5">
      <Execution id="d819fb55-f358-4985-a11c-969498e66f77" />
      <TestMethod codeBase="D:\v2.0\A1\_work\dbded102\bin\Release.AnyCPU\CodeAnalysis.Service\MS.VS.Services.CodeAnalysis.FilterIL.L0.Tests\MS.VS.Services.CodeAnalysis.FilterIL.L0.Tests.dll" adapterTypeName="Microsoft.VisualStudio.TestTools.TestTypes.Unit.UnitTestAdapter" className="MS.VS.Services.CodeAnalysis.FilterIL.L0.Tests.FilterTextToSqlCommandConverterTests" name="SqlCmdValidator_SourcePath" />
    </UnitTest>
    <UnitTest name="SqlCmdValidator_NegativeOperand" storage="d:\v2.0\a1\_work\dbded102\bin\release.anycpu\codeanalysis.service\ms.vs.services.codeanalysis.filteril.l0.tests\ms.vs.services.codeanalysis.filteril.l0.tests.dll" id="b802e822-a24a-2160-8db0-ccc9be54f91a">
      <Execution id="2af51db5-e126-4768-b782-e912c259ed25" />
      <TestMethod codeBase="D:\v2.0\A1\_work\dbded102\bin\Release.AnyCPU\CodeAnalysis.Service\MS.VS.Services.CodeAnalysis.FilterIL.L0.Tests\MS.VS.Services.CodeAnalysis.FilterIL.L0.Tests.dll" adapterTypeName="Microsoft.VisualStudio.TestTools.TestTypes.Unit.UnitTestAdapter" className="MS.VS.Services.CodeAnalysis.FilterIL.L0.Tests.FilterTextToSqlCommandConverterTests" name="SqlCmdValidator_NegativeOperand" />
    </UnitTest>
    <UnitTest name="SqlCmdValidator_GroupingOperand" storage="d:\v2.0\a1\_work\dbded102\bin\release.anycpu\codeanalysis.service\ms.vs.services.codeanalysis.filteril.l0.tests\ms.vs.services.codeanalysis.filteril.l0.tests.dll" id="f54952eb-3965-1047-3956-4bd0cc08f459">
      <Execution id="fc7de528-5e64-404d-bdd8-40b307c96668" />
      <TestMethod codeBase="D:\v2.0\A1\_work\dbded102\bin\Release.AnyCPU\CodeAnalysis.Service\MS.VS.Services.CodeAnalysis.FilterIL.L0.Tests\MS.VS.Services.CodeAnalysis.FilterIL.L0.Tests.dll" adapterTypeName="Microsoft.VisualStudio.TestTools.TestTypes.Unit.UnitTestAdapter" className="MS.VS.Services.CodeAnalysis.FilterIL.L0.Tests.FilterTextToSqlCommandConverterTests" name="SqlCmdValidator_GroupingOperand" />
    </UnitTest>
    <UnitTest name="SqlCmdValidator_PropertyFunctionEQ" storage="d:\v2.0\a1\_work\dbded102\bin\release.anycpu\codeanalysis.service\ms.vs.services.codeanalysis.filteril.l0.tests\ms.vs.services.codeanalysis.filteril.l0.tests.dll" id="b6150546-c9bf-380c-56f4-b7158b6ffd38">
      <Execution id="260a4bba-45c2-4caa-bcd2-09485f6110f9" />
      <TestMethod codeBase="D:\v2.0\A1\_work\dbded102\bin\Release.AnyCPU\CodeAnalysis.Service\MS.VS.Services.CodeAnalysis.FilterIL.L0.Tests\MS.VS.Services.CodeAnalysis.FilterIL.L0.Tests.dll" adapterTypeName="Microsoft.VisualStudio.TestTools.TestTypes.Unit.UnitTestAdapter" className="MS.VS.Services.CodeAnalysis.FilterIL.L0.Tests.FilterTextToSqlCommandConverterTests" name="SqlCmdValidator_PropertyFunctionEQ" />
    </UnitTest>
    <UnitTest name="SqlCmdValidator_PropertyFunctionLike" storage="d:\v2.0\a1\_work\dbded102\bin\release.anycpu\codeanalysis.service\ms.vs.services.codeanalysis.filteril.l0.tests\ms.vs.services.codeanalysis.filteril.l0.tests.dll" id="b9a334ab-5cb2-d4cd-2b2a-e1861ffbd724">
      <Execution id="d2af9df4-cbc3-405b-bdab-5b694184e25d" />
      <TestMethod codeBase="D:\v2.0\A1\_work\dbded102\bin\Release.AnyCPU\CodeAnalysis.Service\MS.VS.Services.CodeAnalysis.FilterIL.L0.Tests\MS.VS.Services.CodeAnalysis.FilterIL.L0.Tests.dll" adapterTypeName="Microsoft.VisualStudio.TestTools.TestTypes.Unit.UnitTestAdapter" className="MS.VS.Services.CodeAnalysis.FilterIL.L0.Tests.FilterTextToSqlCommandConverterTests" name="SqlCmdValidator_PropertyFunctionLike" />
    </UnitTest>
    <UnitTest name="SqlCmdValidator_PropertyFunctionLikeOrEq" storage="d:\v2.0\a1\_work\dbded102\bin\release.anycpu\codeanalysis.service\ms.vs.services.codeanalysis.filteril.l0.tests\ms.vs.services.codeanalysis.filteril.l0.tests.dll" id="d62895d1-1e29-979f-c2eb-d79c3512d4fc">
      <Execution id="90e4019c-ee08-404c-bc28-6da6d7248e99" />
      <TestMethod codeBase="D:\v2.0\A1\_work\dbded102\bin\Release.AnyCPU\CodeAnalysis.Service\MS.VS.Services.CodeAnalysis.FilterIL.L0.Tests\MS.VS.Services.CodeAnalysis.FilterIL.L0.Tests.dll" adapterTypeName="Microsoft.VisualStudio.TestTools.TestTypes.Unit.UnitTestAdapter" className="MS.VS.Services.CodeAnalysis.FilterIL.L0.Tests.FilterTextToSqlCommandConverterTests" name="SqlCmdValidator_PropertyFunctionLikeOrEq" />
    </UnitTest>
    <UnitTest name="SqlCmdValidator_MustBeCaseInsensitive" storage="d:\v2.0\a1\_work\dbded102\bin\release.anycpu\codeanalysis.service\ms.vs.services.codeanalysis.filteril.l0.tests\ms.vs.services.codeanalysis.filteril.l0.tests.dll" id="ef51221f-7d3e-7364-fd29-061cb5ed6dd5">
      <Execution id="083c3c11-f69c-4d98-b1b6-3e9c579d1514" />
      <TestMethod codeBase="D:\v2.0\A1\_work\dbded102\bin\Release.AnyCPU\CodeAnalysis.Service\MS.VS.Services.CodeAnalysis.FilterIL.L0.Tests\MS.VS.Services.CodeAnalysis.FilterIL.L0.Tests.dll" adapterTypeName="Microsoft.VisualStudio.TestTools.TestTypes.Unit.UnitTestAdapter" className="MS.VS.Services.CodeAnalysis.FilterIL.L0.Tests.FilterTextToSqlCommandConverterTests" name="SqlCmdValidator_MustBeCaseInsensitive" />
    </UnitTest>
    <UnitTest name="SqlCmdValidator_NonExistinPropertyShouldFail" storage="d:\v2.0\a1\_work\dbded102\bin\release.anycpu\codeanalysis.service\ms.vs.services.codeanalysis.filteril.l0.tests\ms.vs.services.codeanalysis.filteril.l0.tests.dll" id="84e089e1-d37c-6402-89dc-d615a2d5f709">
      <Execution id="82178dce-9f31-41a4-ab1a-91ef82ae10fe" />
      <TestMethod codeBase="D:\v2.0\A1\_work\dbded102\bin\Release.AnyCPU\CodeAnalysis.Service\MS.VS.Services.CodeAnalysis.FilterIL.L0.Tests\MS.VS.Services.CodeAnalysis.FilterIL.L0.Tests.dll" adapterTypeName="Microsoft.VisualStudio.TestTools.TestTypes.Unit.UnitTestAdapter" className="MS.VS.Services.CodeAnalysis.FilterIL.L0.Tests.FilterTextToSqlCommandConverterTests" name="SqlCmdValidator_NonExistinPropertyShouldFail" />
    </UnitTest>
    <UnitTest name="SqlCmdValidator_WrongTypePropertyShouldFail" storage="d:\v2.0\a1\_work\dbded102\bin\release.anycpu\codeanalysis.service\ms.vs.services.codeanalysis.filteril.l0.tests\ms.vs.services.codeanalysis.filteril.l0.tests.dll" id="91eacab8-05ed-a550-4a09-fc2b8b9f5e8a">
      <Execution id="f1855cf5-0cca-4efb-be3a-ae8d7b7d0320" />
      <TestMethod codeBase="D:\v2.0\A1\_work\dbded102\bin\Release.AnyCPU\CodeAnalysis.Service\MS.VS.Services.CodeAnalysis.FilterIL.L0.Tests\MS.VS.Services.CodeAnalysis.FilterIL.L0.Tests.dll" adapterTypeName="Microsoft.VisualStudio.TestTools.TestTypes.Unit.UnitTestAdapter" className="MS.VS.Services.CodeAnalysis.FilterIL.L0.Tests.FilterTextToSqlCommandConverterTests" name="SqlCmdValidator_WrongTypePropertyShouldFail" />
    </UnitTest>
    <UnitTest name="SqlCmdValidator_UnsupportedFunctionShouldFail" storage="d:\v2.0\a1\_work\dbded102\bin\release.anycpu\codeanalysis.service\ms.vs.services.codeanalysis.filteril.l0.tests\ms.vs.services.codeanalysis.filteril.l0.tests.dll" id="5f3bffbc-10fa-6154-d6f6-429b58af5775">
      <Execution id="b36de89a-bb92-42c3-915f-63bab909bdad" />
      <TestMethod codeBase="D:\v2.0\A1\_work\dbded102\bin\Release.AnyCPU\CodeAnalysis.Service\MS.VS.Services.CodeAnalysis.FilterIL.L0.Tests\MS.VS.Services.CodeAnalysis.FilterIL.L0.Tests.dll" adapterTypeName="Microsoft.VisualStudio.TestTools.TestTypes.Unit.UnitTestAdapter" className="MS.VS.Services.CodeAnalysis.FilterIL.L0.Tests.FilterTextToSqlCommandConverterTests" name="SqlCmdValidator_UnsupportedFunctionShouldFail" />
    </UnitTest>
    <UnitTest name="SqlCmdValidator_WrongFunctionParameterTypeShouldFail" storage="d:\v2.0\a1\_work\dbded102\bin\release.anycpu\codeanalysis.service\ms.vs.services.codeanalysis.filteril.l0.tests\ms.vs.services.codeanalysis.filteril.l0.tests.dll" id="02e8cf9b-ef43-b3bb-ac43-fb70d9a65c8f">
      <Execution id="b65156fb-6979-4ce5-8fea-d4fd1269ba38" />
      <TestMethod codeBase="D:\v2.0\A1\_work\dbded102\bin\Release.AnyCPU\CodeAnalysis.Service\MS.VS.Services.CodeAnalysis.FilterIL.L0.Tests\MS.VS.Services.CodeAnalysis.FilterIL.L0.Tests.dll" adapterTypeName="Microsoft.VisualStudio.TestTools.TestTypes.Unit.UnitTestAdapter" className="MS.VS.Services.CodeAnalysis.FilterIL.L0.Tests.FilterTextToSqlCommandConverterTests" name="SqlCmdValidator_WrongFunctionParameterTypeShouldFail" />
    </UnitTest>
    <UnitTest name="SqlCmdValidator_NotImplementedOperandShouldFail" storage="d:\v2.0\a1\_work\dbded102\bin\release.anycpu\codeanalysis.service\ms.vs.services.codeanalysis.filteril.l0.tests\ms.vs.services.codeanalysis.filteril.l0.tests.dll" id="a6e67024-96d1-75a0-2257-468a152e55ef">
      <Execution id="5e6fbefb-7f62-44e6-8a4d-318ab98f2433" />
      <TestMethod codeBase="D:\v2.0\A1\_work\dbded102\bin\Release.AnyCPU\CodeAnalysis.Service\MS.VS.Services.CodeAnalysis.FilterIL.L0.Tests\MS.VS.Services.CodeAnalysis.FilterIL.L0.Tests.dll" adapterTypeName="Microsoft.VisualStudio.TestTools.TestTypes.Unit.UnitTestAdapter" className="MS.VS.Services.CodeAnalysis.FilterIL.L0.Tests.FilterTextToSqlCommandConverterTests" name="SqlCmdValidator_NotImplementedOperandShouldFail" />
    </UnitTest>
    <UnitTest name="SqlCmdValidator_ContainsFunctionAcceptsOnlyStringConstant" storage="d:\v2.0\a1\_work\dbded102\bin\release.anycpu\codeanalysis.service\ms.vs.services.codeanalysis.filteril.l0.tests\ms.vs.services.codeanalysis.filteril.l0.tests.dll" id="ef2fc945-bbdf-4297-5a19-af9f4a012139">
      <Execution id="de281413-baea-48f4-9c9e-951d69ce3041" />
      <TestMethod codeBase="D:\v2.0\A1\_work\dbded102\bin\Release.AnyCPU\CodeAnalysis.Service\MS.VS.Services.CodeAnalysis.FilterIL.L0.Tests\MS.VS.Services.CodeAnalysis.FilterIL.L0.Tests.dll" adapterTypeName="Microsoft.VisualStudio.TestTools.TestTypes.Unit.UnitTestAdapter" className="MS.VS.Services.CodeAnalysis.FilterIL.L0.Tests.FilterTextToSqlCommandConverterTests" name="SqlCmdValidator_ContainsFunctionAcceptsOnlyStringConstant" />
    </UnitTest>
    <UnitTest name="TriageStatusEnumValidator_NoActionYet" storage="d:\v2.0\a1\_work\dbded102\bin\release.anycpu\codeanalysis.service\ms.vs.services.codeanalysis.filteril.l0.tests\ms.vs.services.codeanalysis.filteril.l0.tests.dll" id="ddc4730c-7a52-a835-21db-bfc67be0d9d9">
      <Execution id="f5e360e8-98d6-4394-a100-78623d317161" />
      <TestMethod codeBase="D:\v2.0\A1\_work\dbded102\bin\Release.AnyCPU\CodeAnalysis.Service\MS.VS.Services.CodeAnalysis.FilterIL.L0.Tests\MS.VS.Services.CodeAnalysis.FilterIL.L0.Tests.dll" adapterTypeName="Microsoft.VisualStudio.TestTools.TestTypes.Unit.UnitTestAdapter" className="MS.VS.Services.CodeAnalysis.FilterIL.L0.Tests.IssueSchemaTests" name="TriageStatusEnumValidator_NoActionYet" />
    </UnitTest>
    <UnitTest name="TriageStatusEnumValidator_FalsePositive" storage="d:\v2.0\a1\_work\dbded102\bin\release.anycpu\codeanalysis.service\ms.vs.services.codeanalysis.filteril.l0.tests\ms.vs.services.codeanalysis.filteril.l0.tests.dll" id="dce14b91-0078-bb4e-eeb1-cb603e64224f">
      <Execution id="f321da64-53e9-41ee-87bc-3d6c0b098882" />
      <TestMethod codeBase="D:\v2.0\A1\_work\dbded102\bin\Release.AnyCPU\CodeAnalysis.Service\MS.VS.Services.CodeAnalysis.FilterIL.L0.Tests\MS.VS.Services.CodeAnalysis.FilterIL.L0.Tests.dll" adapterTypeName="Microsoft.VisualStudio.TestTools.TestTypes.Unit.UnitTestAdapter" className="MS.VS.Services.CodeAnalysis.FilterIL.L0.Tests.IssueSchemaTests" name="TriageStatusEnumValidator_FalsePositive" />
    </UnitTest>
    <UnitTest name="TriageStatusEnumValidator_WontFix" storage="d:\v2.0\a1\_work\dbded102\bin\release.anycpu\codeanalysis.service\ms.vs.services.codeanalysis.filteril.l0.tests\ms.vs.services.codeanalysis.filteril.l0.tests.dll" id="7841664b-b450-4c81-975b-664a5a837942">
      <Execution id="acf01fd8-28cf-49b0-afc7-4afda52da98c" />
      <TestMethod codeBase="D:\v2.0\A1\_work\dbded102\bin\Release.AnyCPU\CodeAnalysis.Service\MS.VS.Services.CodeAnalysis.FilterIL.L0.Tests\MS.VS.Services.CodeAnalysis.FilterIL.L0.Tests.dll" adapterTypeName="Microsoft.VisualStudio.TestTools.TestTypes.Unit.UnitTestAdapter" className="MS.VS.Services.CodeAnalysis.FilterIL.L0.Tests.IssueSchemaTests" name="TriageStatusEnumValidator_WontFix" />
    </UnitTest>
    <UnitTest name="TriageStatusEnumValidator_Postponed" storage="d:\v2.0\a1\_work\dbded102\bin\release.anycpu\codeanalysis.service\ms.vs.services.codeanalysis.filteril.l0.tests\ms.vs.services.codeanalysis.filteril.l0.tests.dll" id="a5881577-f50d-939b-868a-03d4aa07bf84">
      <Execution id="a45d6009-6b3c-4c72-a685-ab4cf7e0b3b8" />
      <TestMethod codeBase="D:\v2.0\A1\_work\dbded102\bin\Release.AnyCPU\CodeAnalysis.Service\MS.VS.Services.CodeAnalysis.FilterIL.L0.Tests\MS.VS.Services.CodeAnalysis.FilterIL.L0.Tests.dll" adapterTypeName="Microsoft.VisualStudio.TestTools.TestTypes.Unit.UnitTestAdapter" className="MS.VS.Services.CodeAnalysis.FilterIL.L0.Tests.IssueSchemaTests" name="TriageStatusEnumValidator_Postponed" />
    </UnitTest>
    <UnitTest name="TriageStatusEnumValidator_Unclear" storage="d:\v2.0\a1\_work\dbded102\bin\release.anycpu\codeanalysis.service\ms.vs.services.codeanalysis.filteril.l0.tests\ms.vs.services.codeanalysis.filteril.l0.tests.dll" id="6690e8dd-9175-95b6-9e4b-3db354b41ad7">
      <Execution id="5042f0b0-1d58-4c63-879a-978502f03879" />
      <TestMethod codeBase="D:\v2.0\A1\_work\dbded102\bin\Release.AnyCPU\CodeAnalysis.Service\MS.VS.Services.CodeAnalysis.FilterIL.L0.Tests\MS.VS.Services.CodeAnalysis.FilterIL.L0.Tests.dll" adapterTypeName="Microsoft.VisualStudio.TestTools.TestTypes.Unit.UnitTestAdapter" className="MS.VS.Services.CodeAnalysis.FilterIL.L0.Tests.IssueSchemaTests" name="TriageStatusEnumValidator_Unclear" />
    </UnitTest>
    <UnitTest name="TriageStatusEnumValidator_DuplicateIssue" storage="d:\v2.0\a1\_work\dbded102\bin\release.anycpu\codeanalysis.service\ms.vs.services.codeanalysis.filteril.l0.tests\ms.vs.services.codeanalysis.filteril.l0.tests.dll" id="618cfa2f-2154-4fca-281e-d859f70b643f">
      <Execution id="4703d0fd-bab3-411d-8203-dcc71f84e539" />
      <TestMethod codeBase="D:\v2.0\A1\_work\dbded102\bin\Release.AnyCPU\CodeAnalysis.Service\MS.VS.Services.CodeAnalysis.FilterIL.L0.Tests\MS.VS.Services.CodeAnalysis.FilterIL.L0.Tests.dll" adapterTypeName="Microsoft.VisualStudio.TestTools.TestTypes.Unit.UnitTestAdapter" className="MS.VS.Services.CodeAnalysis.FilterIL.L0.Tests.IssueSchemaTests" name="TriageStatusEnumValidator_DuplicateIssue" />
    </UnitTest>
    <UnitTest name="TriageStatusEnumValidator_BugFiled" storage="d:\v2.0\a1\_work\dbded102\bin\release.anycpu\codeanalysis.service\ms.vs.services.codeanalysis.filteril.l0.tests\ms.vs.services.codeanalysis.filteril.l0.tests.dll" id="f17c8fa6-217b-0d6a-a41e-bb10aef93804">
      <Execution id="fb5a04b6-2d3d-4722-9788-732d7d3e254d" />
      <TestMethod codeBase="D:\v2.0\A1\_work\dbded102\bin\Release.AnyCPU\CodeAnalysis.Service\MS.VS.Services.CodeAnalysis.FilterIL.L0.Tests\MS.VS.Services.CodeAnalysis.FilterIL.L0.Tests.dll" adapterTypeName="Microsoft.VisualStudio.TestTools.TestTypes.Unit.UnitTestAdapter" className="MS.VS.Services.CodeAnalysis.FilterIL.L0.Tests.IssueSchemaTests" name="TriageStatusEnumValidator_BugFiled" />
    </UnitTest>
    <UnitTest name="SqlCommandTemplateProcessor_SimpleTemplate" storage="d:\v2.0\a1\_work\dbded102\bin\release.anycpu\codeanalysis.service\ms.vs.services.codeanalysis.filteril.l0.tests\ms.vs.services.codeanalysis.filteril.l0.tests.dll" id="7b7bb31d-cd9c-8e83-8385-2a7fde64d68c">
      <Execution id="bda5b26c-02b9-46e1-af62-17d0ba6e036f" />
      <TestMethod codeBase="D:\v2.0\A1\_work\dbded102\bin\Release.AnyCPU\CodeAnalysis.Service\MS.VS.Services.CodeAnalysis.FilterIL.L0.Tests\MS.VS.Services.CodeAnalysis.FilterIL.L0.Tests.dll" adapterTypeName="Microsoft.VisualStudio.TestTools.TestTypes.Unit.UnitTestAdapter" className="MS.VS.Services.CodeAnalysis.FilterIL.L0.Tests.SqlCommandTemplateProcessorTests" name="SqlCommandTemplateProcessor_SimpleTemplate" />
    </UnitTest>
    <UnitTest name="SqlCommandTemplateProcessor_TwoFiltersTemplate" storage="d:\v2.0\a1\_work\dbded102\bin\release.anycpu\codeanalysis.service\ms.vs.services.codeanalysis.filteril.l0.tests\ms.vs.services.codeanalysis.filteril.l0.tests.dll" id="6a200e41-a128-6143-2a19-8321e55de362">
      <Execution id="0be9c7e3-b9e3-4132-b99f-441e5e4a1171" />
      <TestMethod codeBase="D:\v2.0\A1\_work\dbded102\bin\Release.AnyCPU\CodeAnalysis.Service\MS.VS.Services.CodeAnalysis.FilterIL.L0.Tests\MS.VS.Services.CodeAnalysis.FilterIL.L0.Tests.dll" adapterTypeName="Microsoft.VisualStudio.TestTools.TestTypes.Unit.UnitTestAdapter" className="MS.VS.Services.CodeAnalysis.FilterIL.L0.Tests.SqlCommandTemplateProcessorTests" name="SqlCommandTemplateProcessor_TwoFiltersTemplate" />
    </UnitTest>
    <UnitTest name="SqlCommandTemplateProcessor_DoesNotModifyTemplateCommand" storage="d:\v2.0\a1\_work\dbded102\bin\release.anycpu\codeanalysis.service\ms.vs.services.codeanalysis.filteril.l0.tests\ms.vs.services.codeanalysis.filteril.l0.tests.dll" id="91b97206-6ecb-6150-962f-3b1e997e1ff6">
      <Execution id="ff411571-9fed-4ff7-95bb-df140e2243d7" />
      <TestMethod codeBase="D:\v2.0\A1\_work\dbded102\bin\Release.AnyCPU\CodeAnalysis.Service\MS.VS.Services.CodeAnalysis.FilterIL.L0.Tests\MS.VS.Services.CodeAnalysis.FilterIL.L0.Tests.dll" adapterTypeName="Microsoft.VisualStudio.TestTools.TestTypes.Unit.UnitTestAdapter" className="MS.VS.Services.CodeAnalysis.FilterIL.L0.Tests.SqlCommandTemplateProcessorTests" name="SqlCommandTemplateProcessor_DoesNotModifyTemplateCommand" />
    </UnitTest>
    <UnitTest name="SqlCommandTemplateProcessor_RequiresUniqueCommandNames" storage="d:\v2.0\a1\_work\dbded102\bin\release.anycpu\codeanalysis.service\ms.vs.services.codeanalysis.filteril.l0.tests\ms.vs.services.codeanalysis.filteril.l0.tests.dll" id="5a6ee095-b5a2-06ec-cf4a-2e4355521da3">
      <Execution id="fd300c39-15fb-44a7-baff-3b2b16c2a8c9" />
      <TestMethod codeBase="D:\v2.0\A1\_work\dbded102\bin\Release.AnyCPU\CodeAnalysis.Service\MS.VS.Services.CodeAnalysis.FilterIL.L0.Tests\MS.VS.Services.CodeAnalysis.FilterIL.L0.Tests.dll" adapterTypeName="Microsoft.VisualStudio.TestTools.TestTypes.Unit.UnitTestAdapter" className="MS.VS.Services.CodeAnalysis.FilterIL.L0.Tests.SqlCommandTemplateProcessorTests" name="SqlCommandTemplateProcessor_RequiresUniqueCommandNames" />
    </UnitTest>
  </TestDefinitions>
  <TestEntries>
    <TestEntry testId="6c2a681e-de7a-02db-45c5-f3524f6ead26" executionId="c772b526-fab0-47b6-b18a-39b7b69c2cec" testListId="8c84fa94-04c1-424b-9868-57a2d4851a1d" />
    <TestEntry testId="3a8bea96-898f-d4b0-e14b-06f0dc9276fc" executionId="22871da1-a279-49ff-8e2f-c323ae321168" testListId="8c84fa94-04c1-424b-9868-57a2d4851a1d" />
    <TestEntry testId="59684d81-db1d-537f-a58e-e6fcb87671ae" executionId="262d767f-b4de-4a09-a2d8-36a29fab6cba" testListId="8c84fa94-04c1-424b-9868-57a2d4851a1d" />
    <TestEntry testId="8d6b7bcd-4429-0679-62c3-3696dc774ae5" executionId="e4c1bf2a-f3cb-4e5e-882f-6bbe4f89efd5" testListId="8c84fa94-04c1-424b-9868-57a2d4851a1d" />
    <TestEntry testId="055c1b77-a07a-f390-1aa6-71e906112471" executionId="581c8e40-8486-4347-a85e-62a151942aa1" testListId="8c84fa94-04c1-424b-9868-57a2d4851a1d" />
    <TestEntry testId="d180df09-3f28-66f1-720f-13145e362007" executionId="daefcdab-ecda-4a98-8f3c-06b8723638ce" testListId="8c84fa94-04c1-424b-9868-57a2d4851a1d" />
    <TestEntry testId="07b6457c-adf9-9914-0535-d8c9584f4eae" executionId="fe32da34-b6aa-4311-b12e-4b0f3070b832" testListId="8c84fa94-04c1-424b-9868-57a2d4851a1d" />
    <TestEntry testId="ec13a222-3f82-6601-f4cd-71f2882ef318" executionId="b68bda80-1969-4517-bef6-95fd1ab70088" testListId="8c84fa94-04c1-424b-9868-57a2d4851a1d" />
    <TestEntry testId="56d01c72-294d-6924-4fdb-a6556ecd47f6" executionId="460ef23f-399d-440f-ab12-6dcbb6fe260e" testListId="8c84fa94-04c1-424b-9868-57a2d4851a1d" />
    <TestEntry testId="a94e857f-f655-a60a-a633-97e34868fc18" executionId="299f6107-6f59-43d1-80e0-c165b06e6d75" testListId="8c84fa94-04c1-424b-9868-57a2d4851a1d" />
    <TestEntry testId="e347245e-ddf4-7018-7dee-1ce4c63065b0" executionId="8d60cafa-dec8-45d2-adad-0fbc82a1beff" testListId="8c84fa94-04c1-424b-9868-57a2d4851a1d" />
    <TestEntry testId="7eeea840-5ea9-8225-6955-9f710c47632d" executionId="31fd1e2e-3c7d-4581-adba-35e621ff6dde" testListId="8c84fa94-04c1-424b-9868-57a2d4851a1d" />
    <TestEntry testId="ca37a4af-f9b2-a824-0c06-49e440842ad5" executionId="d819fb55-f358-4985-a11c-969498e66f77" testListId="8c84fa94-04c1-424b-9868-57a2d4851a1d" />
    <TestEntry testId="b802e822-a24a-2160-8db0-ccc9be54f91a" executionId="2af51db5-e126-4768-b782-e912c259ed25" testListId="8c84fa94-04c1-424b-9868-57a2d4851a1d" />
    <TestEntry testId="f54952eb-3965-1047-3956-4bd0cc08f459" executionId="fc7de528-5e64-404d-bdd8-40b307c96668" testListId="8c84fa94-04c1-424b-9868-57a2d4851a1d" />
    <TestEntry testId="b6150546-c9bf-380c-56f4-b7158b6ffd38" executionId="260a4bba-45c2-4caa-bcd2-09485f6110f9" testListId="8c84fa94-04c1-424b-9868-57a2d4851a1d" />
    <TestEntry testId="b9a334ab-5cb2-d4cd-2b2a-e1861ffbd724" executionId="d2af9df4-cbc3-405b-bdab-5b694184e25d" testListId="8c84fa94-04c1-424b-9868-57a2d4851a1d" />
    <TestEntry testId="d62895d1-1e29-979f-c2eb-d79c3512d4fc" executionId="90e4019c-ee08-404c-bc28-6da6d7248e99" testListId="8c84fa94-04c1-424b-9868-57a2d4851a1d" />
    <TestEntry testId="ef51221f-7d3e-7364-fd29-061cb5ed6dd5" executionId="083c3c11-f69c-4d98-b1b6-3e9c579d1514" testListId="8c84fa94-04c1-424b-9868-57a2d4851a1d" />
    <TestEntry testId="84e089e1-d37c-6402-89dc-d615a2d5f709" executionId="82178dce-9f31-41a4-ab1a-91ef82ae10fe" testListId="8c84fa94-04c1-424b-9868-57a2d4851a1d" />
    <TestEntry testId="91eacab8-05ed-a550-4a09-fc2b8b9f5e8a" executionId="f1855cf5-0cca-4efb-be3a-ae8d7b7d0320" testListId="8c84fa94-04c1-424b-9868-57a2d4851a1d" />
    <TestEntry testId="5f3bffbc-10fa-6154-d6f6-429b58af5775" executionId="b36de89a-bb92-42c3-915f-63bab909bdad" testListId="8c84fa94-04c1-424b-9868-57a2d4851a1d" />
    <TestEntry testId="02e8cf9b-ef43-b3bb-ac43-fb70d9a65c8f" executionId="b65156fb-6979-4ce5-8fea-d4fd1269ba38" testListId="8c84fa94-04c1-424b-9868-57a2d4851a1d" />
    <TestEntry testId="a6e67024-96d1-75a0-2257-468a152e55ef" executionId="5e6fbefb-7f62-44e6-8a4d-318ab98f2433" testListId="8c84fa94-04c1-424b-9868-57a2d4851a1d" />
    <TestEntry testId="ef2fc945-bbdf-4297-5a19-af9f4a012139" executionId="de281413-baea-48f4-9c9e-951d69ce3041" testListId="8c84fa94-04c1-424b-9868-57a2d4851a1d" />
    <TestEntry testId="ddc4730c-7a52-a835-21db-bfc67be0d9d9" executionId="f5e360e8-98d6-4394-a100-78623d317161" testListId="8c84fa94-04c1-424b-9868-57a2d4851a1d" />
    <TestEntry testId="dce14b91-0078-bb4e-eeb1-cb603e64224f" executionId="f321da64-53e9-41ee-87bc-3d6c0b098882" testListId="8c84fa94-04c1-424b-9868-57a2d4851a1d" />
    <TestEntry testId="7841664b-b450-4c81-975b-664a5a837942" executionId="acf01fd8-28cf-49b0-afc7-4afda52da98c" testListId="8c84fa94-04c1-424b-9868-57a2d4851a1d" />
    <TestEntry testId="a5881577-f50d-939b-868a-03d4aa07bf84" executionId="a45d6009-6b3c-4c72-a685-ab4cf7e0b3b8" testListId="8c84fa94-04c1-424b-9868-57a2d4851a1d" />
    <TestEntry testId="6690e8dd-9175-95b6-9e4b-3db354b41ad7" executionId="5042f0b0-1d58-4c63-879a-978502f03879" testListId="8c84fa94-04c1-424b-9868-57a2d4851a1d" />
    <TestEntry testId="618cfa2f-2154-4fca-281e-d859f70b643f" executionId="4703d0fd-bab3-411d-8203-dcc71f84e539" testListId="8c84fa94-04c1-424b-9868-57a2d4851a1d" />
    <TestEntry testId="f17c8fa6-217b-0d6a-a41e-bb10aef93804" executionId="fb5a04b6-2d3d-4722-9788-732d7d3e254d" testListId="8c84fa94-04c1-424b-9868-57a2d4851a1d" />
    <TestEntry testId="7b7bb31d-cd9c-8e83-8385-2a7fde64d68c" executionId="bda5b26c-02b9-46e1-af62-17d0ba6e036f" testListId="8c84fa94-04c1-424b-9868-57a2d4851a1d" />
    <TestEntry testId="6a200e41-a128-6143-2a19-8321e55de362" executionId="0be9c7e3-b9e3-4132-b99f-441e5e4a1171" testListId="8c84fa94-04c1-424b-9868-57a2d4851a1d" />
    <TestEntry testId="91b97206-6ecb-6150-962f-3b1e997e1ff6" executionId="ff411571-9fed-4ff7-95bb-df140e2243d7" testListId="8c84fa94-04c1-424b-9868-57a2d4851a1d" />
    <TestEntry testId="5a6ee095-b5a2-06ec-cf4a-2e4355521da3" executionId="fd300c39-15fb-44a7-baff-3b2b16c2a8c9" testListId="8c84fa94-04c1-424b-9868-57a2d4851a1d" />
  </TestEntries>
  <TestLists>
    <TestList name="Results Not in a List" id="8c84fa94-04c1-424b-9868-57a2d4851a1d" />
    <TestList name="All Loaded Results" id="19431567-8539-422a-85d7-44ee4e166bda" />
  </TestLists>
  <ResultSummary outcome="Completed">
    <Counters total="36" executed="36" passed="36" failed="0" error="0" timeout="0" aborted="0" inconclusive="0" passedButRunAborted="0" notRunnable="0" notExecuted="0" disconnected="0" warning="0" completed="0" inProgress="0" pending="0" />
  </ResultSummary>
</TestRun>