<?xml version="1.0" encoding="UTF-8"?>
<TestRun id="2872a519-4973-46ab-8b1b-3b0963607876" name="tfsmladm@TFSBUILD11 2015-09-28 09:43:40" runUser="REDMOND\tfsmladm" xmlns="http://microsoft.com/schemas/VisualStudio/TeamTest/2010">
  <Times creation="2015-09-28T09:43:40.3911643-07:00" queuing="2015-09-28T09:43:40.3911643-07:00" start="2015-09-28T09:43:40.3911643-07:00" finish="2015-09-28T09:43:42.7350813-07:00" />
  <TestSettings name="default" id="140168ba-3f26-4624-a19b-3d267ce25a9b">
    <Execution>
      <TestTypeSpecific />
    </Execution>
    <Deployment runDeploymentRoot="tfsmladm_TFSBUILD11 2015-09-28 09_43_40" />
    <Properties />
  </TestSettings>
  <Results>
    <UnitTestResult executionId="1bec8482-9a25-4e42-90ca-b25e3e3a8792" testId="22897b6a-dffd-93fa-fb7c-2387f895da95" testName="CalculateWorkingDaysOfIteration_ShortIteration" computerName="TFSBUILD11" duration="00:00:00.1600884" startTime="2015-09-28T09:43:40.1098946-07:00" endTime="2015-09-28T09:43:40.3130335-07:00" testType="13cdc9d9-ddb5-4fa4-a97d-d965ccfc6d4b" outcome="Passed" testListId="8c84fa94-04c1-424b-9868-57a2d4851a1d" relativeResultsDirectory="1bec8482-9a25-4e42-90ca-b25e3e3a8792" />
    <UnitTestResult executionId="05ff1d96-b84f-4132-a5e7-6fcf06f1eb83" testId="6eb17490-b20c-3beb-3a8a-18ed6d069e46" testName="CalculateWorkingDaysOfIteration_LongIterationWeekends" computerName="TFSBUILD11" duration="00:00:00.0023560" startTime="2015-09-28T09:43:40.3286596-07:00" endTime="2015-09-28T09:43:40.3286596-07:00" testType="13cdc9d9-ddb5-4fa4-a97d-d965ccfc6d4b" outcome="Passed" testListId="8c84fa94-04c1-424b-9868-57a2d4851a1d" relativeResultsDirectory="05ff1d96-b84f-4132-a5e7-6fcf06f1eb83" />
    <UnitTestResult executionId="0024fe8f-ad48-4f27-9f80-488039428e2a" testId="c0e14c7f-4e78-1aff-f498-cdb33adabe95" testName="CalculateWorkingDaysOfIteration_LongIterationCurrent" computerName="TFSBUILD11" duration="00:00:00.0011212" startTime="2015-09-28T09:43:40.3286596-07:00" endTime="2015-09-28T09:43:40.3286596-07:00" testType="13cdc9d9-ddb5-4fa4-a97d-d965ccfc6d4b" outcome="Passed" testListId="8c84fa94-04c1-424b-9868-57a2d4851a1d" relativeResultsDirectory="0024fe8f-ad48-4f27-9f80-488039428e2a" />
    <UnitTestResult executionId="2ebef9d6-b8a6-480e-8908-f1d1a589f85f" testId="a0bb39dd-a852-4545-e267-7d3514475db8" testName="CalculateWorkingDaysOfIteration_DaysOff" computerName="TFSBUILD11" duration="00:00:00.0014919" startTime="2015-09-28T09:43:40.3286596-07:00" endTime="2015-09-28T09:43:40.3286596-07:00" testType="13cdc9d9-ddb5-4fa4-a97d-d965ccfc6d4b" outcome="Passed" testListId="8c84fa94-04c1-424b-9868-57a2d4851a1d" relativeResultsDirectory="2ebef9d6-b8a6-480e-8908-f1d1a589f85f" />
    <UnitTestResult executionId="9b48eb4e-98e4-4d38-96bf-ded90283ae15" testId="1aa611d1-bc96-f4a8-b8da-8b7bfe51ad35" testName="CalculateWorkingDaysOfIteration_DaysOffOverlapWeekends" computerName="TFSBUILD11" duration="00:00:00.0012233" startTime="2015-09-28T09:43:40.3286596-07:00" endTime="2015-09-28T09:43:40.3286596-07:00" testType="13cdc9d9-ddb5-4fa4-a97d-d965ccfc6d4b" outcome="Passed" testListId="8c84fa94-04c1-424b-9868-57a2d4851a1d" relativeResultsDirectory="9b48eb4e-98e4-4d38-96bf-ded90283ae15" />
    <UnitTestResult executionId="b37c1d83-f5bf-4266-bab0-c235fb433ffa" testId="9a9278f9-e20f-742f-a611-7ef607d02c74" testName="CalculateWorkingDaysOfIteration_NoWorkingDays" computerName="TFSBUILD11" duration="00:00:00.0010399" startTime="2015-09-28T09:43:40.3286596-07:00" endTime="2015-09-28T09:43:40.3286596-07:00" testType="13cdc9d9-ddb5-4fa4-a97d-d965ccfc6d4b" outcome="Passed" testListId="8c84fa94-04c1-424b-9868-57a2d4851a1d" relativeResultsDirectory="b37c1d83-f5bf-4266-bab0-c235fb433ffa" />
    <UnitTestResult executionId="dc7bcb62-010a-4b17-b932-6afd9776ddfb" testId="f7d92e9b-158a-651d-4ede-31921809209d" testName="CalculateWorkingDaysOfIteration_OneDayIteration" computerName="TFSBUILD11" duration="00:00:00.0008422" startTime="2015-09-28T09:43:40.3286596-07:00" endTime="2015-09-28T09:43:40.3442857-07:00" testType="13cdc9d9-ddb5-4fa4-a97d-d965ccfc6d4b" outcome="Passed" testListId="8c84fa94-04c1-424b-9868-57a2d4851a1d" relativeResultsDirectory="dc7bcb62-010a-4b17-b932-6afd9776ddfb" />
    <UnitTestResult executionId="9daafdc1-23cc-48b5-bbfd-69b32e2b2d84" testId="9eda9181-582d-a1b6-f1f5-04b747e2428b" testName="TestIterationPathConversion" computerName="TFSBUILD11" duration="00:00:00.0062412" startTime="2015-09-28T09:43:40.3442857-07:00" endTime="2015-09-28T09:43:40.3442857-07:00" testType="13cdc9d9-ddb5-4fa4-a97d-d965ccfc6d4b" outcome="Passed" testListId="8c84fa94-04c1-424b-9868-57a2d4851a1d" relativeResultsDirectory="9daafdc1-23cc-48b5-bbfd-69b32e2b2d84" />
    <UnitTestResult executionId="27bfc82a-70c1-4def-b9e7-e59b4aafeff4" testId="8b0e1675-6bbe-a6bb-4510-3a7d504b3c4f" testName="IterationSort_BasicIterations" computerName="TFSBUILD11" duration="00:00:00.0084147" startTime="2015-09-28T09:43:40.3442857-07:00" endTime="2015-09-28T09:43:40.3442857-07:00" testType="13cdc9d9-ddb5-4fa4-a97d-d965ccfc6d4b" outcome="Passed" testListId="8c84fa94-04c1-424b-9868-57a2d4851a1d" relativeResultsDirectory="27bfc82a-70c1-4def-b9e7-e59b4aafeff4" />
    <UnitTestResult executionId="c638dd59-b916-4690-ba11-b0a0e8a30f06" testId="2bc9acfe-97ce-01f2-e655-6b192e71e6ec" testName="IterationSort_NoCurrent" computerName="TFSBUILD11" duration="00:00:00.0016273" startTime="2015-09-28T09:43:40.3599124-07:00" endTime="2015-09-28T09:43:40.3599124-07:00" testType="13cdc9d9-ddb5-4fa4-a97d-d965ccfc6d4b" outcome="Passed" testListId="8c84fa94-04c1-424b-9868-57a2d4851a1d" relativeResultsDirectory="c638dd59-b916-4690-ba11-b0a0e8a30f06" />
    <UnitTestResult executionId="645f6b5f-2791-4b7d-bdaf-5d8f31102789" testId="be49c9ed-01dc-e843-4fa3-a89e14e43a28" testName="IterationSort_PastStartAfterCurrent" computerName="TFSBUILD11" duration="00:00:00.0015834" startTime="2015-09-28T09:43:40.3599124-07:00" endTime="2015-09-28T09:43:40.3599124-07:00" testType="13cdc9d9-ddb5-4fa4-a97d-d965ccfc6d4b" outcome="Passed" testListId="8c84fa94-04c1-424b-9868-57a2d4851a1d" relativeResultsDirectory="645f6b5f-2791-4b7d-bdaf-5d8f31102789" />
    <UnitTestResult executionId="442a2b26-65ea-4012-b846-27cb3a57fcb9" testId="d093ea96-b644-56e1-0849-19c1b0a4ca30" testName="IterationSort_NullDateValues" computerName="TFSBUILD11" duration="00:00:00.0030927" startTime="2015-09-28T09:43:40.3599124-07:00" endTime="2015-09-28T09:43:40.3599124-07:00" testType="13cdc9d9-ddb5-4fa4-a97d-d965ccfc6d4b" outcome="Passed" testListId="8c84fa94-04c1-424b-9868-57a2d4851a1d" relativeResultsDirectory="442a2b26-65ea-4012-b846-27cb3a57fcb9" />
    <UnitTestResult executionId="850c4788-369b-4d89-a6b4-c9fa9d7a9626" testId="329fede7-880a-455c-b93e-65631c4d703e" testName="IterationSort_StartDateValueFinishDateNull" computerName="TFSBUILD11" duration="00:00:00.0006064" startTime="2015-09-28T09:43:40.3599124-07:00" endTime="2015-09-28T09:43:40.3599124-07:00" testType="13cdc9d9-ddb5-4fa4-a97d-d965ccfc6d4b" outcome="Passed" testListId="8c84fa94-04c1-424b-9868-57a2d4851a1d" relativeResultsDirectory="850c4788-369b-4d89-a6b4-c9fa9d7a9626" />
    <UnitTestResult executionId="0e9c299d-f30d-46f9-9b97-536a67692412" testId="7635fd20-21bc-7148-7f44-39e3fbda0a72" testName="IterationSort_OnlyIterationsInPast" computerName="TFSBUILD11" duration="00:00:00.0011300" startTime="2015-09-28T09:43:40.3599124-07:00" endTime="2015-09-28T09:43:40.3755379-07:00" testType="13cdc9d9-ddb5-4fa4-a97d-d965ccfc6d4b" outcome="Passed" testListId="8c84fa94-04c1-424b-9868-57a2d4851a1d" relativeResultsDirectory="0e9c299d-f30d-46f9-9b97-536a67692412" />
    <UnitTestResult executionId="2ad2f4fa-74b0-45d9-a5b4-6a651c299f29" testId="8584b6a7-3722-622f-101d-70cf01d95654" testName="IterationSort_OnlyIterationInFuture" computerName="TFSBUILD11" duration="00:00:00.0005808" startTime="2015-09-28T09:43:40.3755379-07:00" endTime="2015-09-28T09:43:40.3755379-07:00" testType="13cdc9d9-ddb5-4fa4-a97d-d965ccfc6d4b" outcome="Passed" testListId="8c84fa94-04c1-424b-9868-57a2d4851a1d" relativeResultsDirectory="2ad2f4fa-74b0-45d9-a5b4-6a651c299f29" />
    <UnitTestResult executionId="1caf0e0c-c972-47a1-a11f-0783e1634ffd" testId="bb7d10d1-8c10-3b01-4e93-ff8512345726" testName="IterationSort_EmptyNodeList" computerName="TFSBUILD11" duration="00:00:00.0004229" startTime="2015-09-28T09:43:40.3755379-07:00" endTime="2015-09-28T09:43:40.3755379-07:00" testType="13cdc9d9-ddb5-4fa4-a97d-d965ccfc6d4b" outcome="Passed" testListId="8c84fa94-04c1-424b-9868-57a2d4851a1d" relativeResultsDirectory="1caf0e0c-c972-47a1-a11f-0783e1634ffd" />
    <UnitTestResult executionId="07e26c2e-605f-4b50-9f46-08a2f2cc5cce" testId="577fc5ae-5637-f940-dec0-cc2ed1761cb4" testName="IterationSort_CurrentDateEndOfSprint" computerName="TFSBUILD11" duration="00:00:00.0013752" startTime="2015-09-28T09:43:40.3755379-07:00" endTime="2015-09-28T09:43:40.3755379-07:00" testType="13cdc9d9-ddb5-4fa4-a97d-d965ccfc6d4b" outcome="Passed" testListId="8c84fa94-04c1-424b-9868-57a2d4851a1d" relativeResultsDirectory="07e26c2e-605f-4b50-9f46-08a2f2cc5cce" />
    <UnitTestResult executionId="6d1914f7-88d5-41f7-a250-18c56d877ef5" testId="80d561f9-a3e8-6133-b97d-6548716de296" testName="TestIterationComparison" computerName="TFSBUILD11" duration="00:00:00.0026066" startTime="2015-09-28T09:43:40.3755379-07:00" endTime="2015-09-28T09:43:40.3755379-07:00" testType="13cdc9d9-ddb5-4fa4-a97d-d965ccfc6d4b" outcome="Passed" testListId="8c84fa94-04c1-424b-9868-57a2d4851a1d" relativeResultsDirectory="6d1914f7-88d5-41f7-a250-18c56d877ef5" />
    <UnitTestResult executionId="b0f7fde1-df12-4b10-9891-4b73c4795815" testId="cd229717-6971-9e72-a9b6-193c530c426e" testName="GetWorkItemTypesDupeInputs" computerName="TFSBUILD11" duration="00:00:01.4718170" startTime="2015-09-28T09:43:40.3755379-07:00" endTime="2015-09-28T09:43:41.8443930-07:00" testType="13cdc9d9-ddb5-4fa4-a97d-d965ccfc6d4b" outcome="Passed" testListId="8c84fa94-04c1-424b-9868-57a2d4851a1d" relativeResultsDirectory="b0f7fde1-df12-4b10-9891-4b73c4795815" />
    <UnitTestResult executionId="2860849c-9c26-4264-b3fc-b5d593267b98" testId="ca20709d-6cc7-6c90-1176-02a2747a106d" testName="ResolveAreaPathTeamFieldValue_ResolvesValidPaths" computerName="TFSBUILD11" duration="00:00:00.4342869" startTime="2015-09-28T09:43:41.8443930-07:00" endTime="2015-09-28T09:43:42.2819246-07:00" testType="13cdc9d9-ddb5-4fa4-a97d-d965ccfc6d4b" outcome="Passed" testListId="8c84fa94-04c1-424b-9868-57a2d4851a1d" relativeResultsDirectory="2860849c-9c26-4264-b3fc-b5d593267b98" />
    <UnitTestResult executionId="093e8518-6afc-48ef-afb6-00b32e21235a" testId="546134ea-0509-e79d-0a08-d1a04334b7cd" testName="ResolveAreaPathTeamFieldValue_RemovesInvalidPaths" computerName="TFSBUILD11" duration="00:00:00.0403810" startTime="2015-09-28T09:43:42.2819246-07:00" endTime="2015-09-28T09:43:42.3288030-07:00" testType="13cdc9d9-ddb5-4fa4-a97d-d965ccfc6d4b" outcome="Passed" testListId="8c84fa94-04c1-424b-9868-57a2d4851a1d" relativeResultsDirectory="093e8518-6afc-48ef-afb6-00b32e21235a" />
    <UnitTestResult executionId="617fd857-f02b-4934-8473-6425c9ad5d80" testId="f84efc53-9e83-c111-15f1-4600174412d3" testName="ResolveAreaPathTeamFieldValue_LeavesValidAreaPathStringsInPlace" computerName="TFSBUILD11" duration="00:00:00.0379348" startTime="2015-09-28T09:43:42.3288030-07:00" endTime="2015-09-28T09:43:42.3600540-07:00" testType="13cdc9d9-ddb5-4fa4-a97d-d965ccfc6d4b" outcome="Passed" testListId="8c84fa94-04c1-424b-9868-57a2d4851a1d" relativeResultsDirectory="617fd857-f02b-4934-8473-6425c9ad5d80" />
    <UnitTestResult executionId="e3161605-619f-4144-9d3f-f157600d5c0f" testId="aa219cac-f3f0-4a27-9376-e35f643f1fda" testName="ResolveAreaPathTeamFieldValue_RemovesInvalidAreaPathStrings" computerName="TFSBUILD11" duration="00:00:00.0188114" startTime="2015-09-28T09:43:42.3600540-07:00" endTime="2015-09-28T09:43:42.3756810-07:00" testType="13cdc9d9-ddb5-4fa4-a97d-d965ccfc6d4b" outcome="Passed" testListId="8c84fa94-04c1-424b-9868-57a2d4851a1d" relativeResultsDirectory="e3161605-619f-4144-9d3f-f157600d5c0f" />
    <UnitTestResult executionId="0688b717-805e-4477-8314-199d2a51b21c" testId="58fcd762-bbec-7dcf-239b-d737018c0fb9" testName="GenerateStepsCreatesGlobalListStepForGlobalLists" computerName="TFSBUILD11" duration="00:00:00.1405784" startTime="2015-09-28T09:43:42.3756810-07:00" endTime="2015-09-28T09:43:42.5163166-07:00" testType="13cdc9d9-ddb5-4fa4-a97d-d965ccfc6d4b" outcome="Passed" testListId="8c84fa94-04c1-424b-9868-57a2d4851a1d" relativeResultsDirectory="0688b717-805e-4477-8314-199d2a51b21c" />
    <UnitTestResult executionId="0f0e0323-81e7-486d-82e0-33709b26fc85" testId="dfbccefb-a321-4463-6933-fee68f8bc867" testName="GenerateStepsRemovesListsFromTypes" computerName="TFSBUILD11" duration="00:00:00.0579150" startTime="2015-09-28T09:43:42.5163166-07:00" endTime="2015-09-28T09:43:42.5788199-07:00" testType="13cdc9d9-ddb5-4fa4-a97d-d965ccfc6d4b" outcome="Passed" testListId="8c84fa94-04c1-424b-9868-57a2d4851a1d" relativeResultsDirectory="0f0e0323-81e7-486d-82e0-33709b26fc85" />
    <UnitTestResult executionId="e829afd4-adc7-41e6-b4c5-c859fbb98b97" testId="3f70b58c-888d-50da-1bc0-3e3dd061d2db" testName="GenerateStepsDoesNotAddGlobalListsStepForNoGlobalLists" computerName="TFSBUILD11" duration="00:00:00.0532424" startTime="2015-09-28T09:43:42.5788199-07:00" endTime="2015-09-28T09:43:42.6256985-07:00" testType="13cdc9d9-ddb5-4fa4-a97d-d965ccfc6d4b" outcome="Passed" testListId="8c84fa94-04c1-424b-9868-57a2d4851a1d" relativeResultsDirectory="e829afd4-adc7-41e6-b4c5-c859fbb98b97" />
    <UnitTestResult executionId="924458fd-f840-4a68-9250-36bf793d6b52" testId="2cb20ff0-6e85-f956-7b0b-acbd0e012ef1" testName="GlobalListImportStepCreatesPsuedoGlobalWorkflow" computerName="TFSBUILD11" duration="00:00:00.0882114" startTime="2015-09-28T09:43:42.6256985-07:00" endTime="2015-09-28T09:43:42.7194552-07:00" testType="13cdc9d9-ddb5-4fa4-a97d-d965ccfc6d4b" outcome="Passed" testListId="8c84fa94-04c1-424b-9868-57a2d4851a1d" relativeResultsDirectory="924458fd-f840-4a68-9250-36bf793d6b52" />
  </Results>
  <TestDefinitions>
    <UnitTest name="CalculateWorkingDaysOfIteration_ShortIteration" storage="d:\v2.0\a1\_work\dbded102\bin\release.anycpu\tfs.service\ms.tf.server.webaccess.wit.common.l0.tests\ms.tf.server.webaccess.wit.common.l0.tests.dll" priority="1" id="22897b6a-dffd-93fa-fb7c-2387f895da95">
      <Owners>
        <Owner name="vscsbacklogs" />
      </Owners>
      <Execution id="1bec8482-9a25-4e42-90ca-b25e3e3a8792" />
      <TestMethod codeBase="D:\v2.0\A1\_work\dbded102\bin\Release.AnyCPU\Tfs.Service\MS.TF.Server.WebAccess.WIT.Common.L0.Tests\MS.TF.Server.WebAccess.WIT.Common.L0.Tests.dll" adapterTypeName="Microsoft.VisualStudio.TestTools.TestTypes.Unit.UnitTestAdapter" className="MS.TF.Server.WebAccess.WIT.Common.L0.Tests.TeamCapacityTests" name="CalculateWorkingDaysOfIteration_ShortIteration" />
    </UnitTest>
    <UnitTest name="CalculateWorkingDaysOfIteration_LongIterationWeekends" storage="d:\v2.0\a1\_work\dbded102\bin\release.anycpu\tfs.service\ms.tf.server.webaccess.wit.common.l0.tests\ms.tf.server.webaccess.wit.common.l0.tests.dll" priority="1" id="6eb17490-b20c-3beb-3a8a-18ed6d069e46">
      <Owners>
        <Owner name="vscsbacklogs" />
      </Owners>
      <Execution id="05ff1d96-b84f-4132-a5e7-6fcf06f1eb83" />
      <TestMethod codeBase="D:\v2.0\A1\_work\dbded102\bin\Release.AnyCPU\Tfs.Service\MS.TF.Server.WebAccess.WIT.Common.L0.Tests\MS.TF.Server.WebAccess.WIT.Common.L0.Tests.dll" adapterTypeName="Microsoft.VisualStudio.TestTools.TestTypes.Unit.UnitTestAdapter" className="MS.TF.Server.WebAccess.WIT.Common.L0.Tests.TeamCapacityTests" name="CalculateWorkingDaysOfIteration_LongIterationWeekends" />
    </UnitTest>
    <UnitTest name="CalculateWorkingDaysOfIteration_LongIterationCurrent" storage="d:\v2.0\a1\_work\dbded102\bin\release.anycpu\tfs.service\ms.tf.server.webaccess.wit.common.l0.tests\ms.tf.server.webaccess.wit.common.l0.tests.dll" priority="1" id="c0e14c7f-4e78-1aff-f498-cdb33adabe95">
      <Owners>
        <Owner name="vscsbacklogs" />
      </Owners>
      <Execution id="0024fe8f-ad48-4f27-9f80-488039428e2a" />
      <TestMethod codeBase="D:\v2.0\A1\_work\dbded102\bin\Release.AnyCPU\Tfs.Service\MS.TF.Server.WebAccess.WIT.Common.L0.Tests\MS.TF.Server.WebAccess.WIT.Common.L0.Tests.dll" adapterTypeName="Microsoft.VisualStudio.TestTools.TestTypes.Unit.UnitTestAdapter" className="MS.TF.Server.WebAccess.WIT.Common.L0.Tests.TeamCapacityTests" name="CalculateWorkingDaysOfIteration_LongIterationCurrent" />
    </UnitTest>
    <UnitTest name="CalculateWorkingDaysOfIteration_DaysOff" storage="d:\v2.0\a1\_work\dbded102\bin\release.anycpu\tfs.service\ms.tf.server.webaccess.wit.common.l0.tests\ms.tf.server.webaccess.wit.common.l0.tests.dll" priority="1" id="a0bb39dd-a852-4545-e267-7d3514475db8">
      <Owners>
        <Owner name="vscsbacklogs" />
      </Owners>
      <Execution id="2ebef9d6-b8a6-480e-8908-f1d1a589f85f" />
      <TestMethod codeBase="D:\v2.0\A1\_work\dbded102\bin\Release.AnyCPU\Tfs.Service\MS.TF.Server.WebAccess.WIT.Common.L0.Tests\MS.TF.Server.WebAccess.WIT.Common.L0.Tests.dll" adapterTypeName="Microsoft.VisualStudio.TestTools.TestTypes.Unit.UnitTestAdapter" className="MS.TF.Server.WebAccess.WIT.Common.L0.Tests.TeamCapacityTests" name="CalculateWorkingDaysOfIteration_DaysOff" />
    </UnitTest>
    <UnitTest name="CalculateWorkingDaysOfIteration_DaysOffOverlapWeekends" storage="d:\v2.0\a1\_work\dbded102\bin\release.anycpu\tfs.service\ms.tf.server.webaccess.wit.common.l0.tests\ms.tf.server.webaccess.wit.common.l0.tests.dll" priority="1" id="1aa611d1-bc96-f4a8-b8da-8b7bfe51ad35">
      <Owners>
        <Owner name="vscsbacklogs" />
      </Owners>
      <Execution id="9b48eb4e-98e4-4d38-96bf-ded90283ae15" />
      <TestMethod codeBase="D:\v2.0\A1\_work\dbded102\bin\Release.AnyCPU\Tfs.Service\MS.TF.Server.WebAccess.WIT.Common.L0.Tests\MS.TF.Server.WebAccess.WIT.Common.L0.Tests.dll" adapterTypeName="Microsoft.VisualStudio.TestTools.TestTypes.Unit.UnitTestAdapter" className="MS.TF.Server.WebAccess.WIT.Common.L0.Tests.TeamCapacityTests" name="CalculateWorkingDaysOfIteration_DaysOffOverlapWeekends" />
    </UnitTest>
    <UnitTest name="CalculateWorkingDaysOfIteration_NoWorkingDays" storage="d:\v2.0\a1\_work\dbded102\bin\release.anycpu\tfs.service\ms.tf.server.webaccess.wit.common.l0.tests\ms.tf.server.webaccess.wit.common.l0.tests.dll" priority="1" id="9a9278f9-e20f-742f-a611-7ef607d02c74">
      <Owners>
        <Owner name="vscsbacklogs" />
      </Owners>
      <Execution id="b37c1d83-f5bf-4266-bab0-c235fb433ffa" />
      <TestMethod codeBase="D:\v2.0\A1\_work\dbded102\bin\Release.AnyCPU\Tfs.Service\MS.TF.Server.WebAccess.WIT.Common.L0.Tests\MS.TF.Server.WebAccess.WIT.Common.L0.Tests.dll" adapterTypeName="Microsoft.VisualStudio.TestTools.TestTypes.Unit.UnitTestAdapter" className="MS.TF.Server.WebAccess.WIT.Common.L0.Tests.TeamCapacityTests" name="CalculateWorkingDaysOfIteration_NoWorkingDays" />
    </UnitTest>
    <UnitTest name="CalculateWorkingDaysOfIteration_OneDayIteration" storage="d:\v2.0\a1\_work\dbded102\bin\release.anycpu\tfs.service\ms.tf.server.webaccess.wit.common.l0.tests\ms.tf.server.webaccess.wit.common.l0.tests.dll" priority="1" id="f7d92e9b-158a-651d-4ede-31921809209d">
      <Owners>
        <Owner name="vscsbacklogs" />
      </Owners>
      <Execution id="dc7bcb62-010a-4b17-b932-6afd9776ddfb" />
      <TestMethod codeBase="D:\v2.0\A1\_work\dbded102\bin\Release.AnyCPU\Tfs.Service\MS.TF.Server.WebAccess.WIT.Common.L0.Tests\MS.TF.Server.WebAccess.WIT.Common.L0.Tests.dll" adapterTypeName="Microsoft.VisualStudio.TestTools.TestTypes.Unit.UnitTestAdapter" className="MS.TF.Server.WebAccess.WIT.Common.L0.Tests.TeamCapacityTests" name="CalculateWorkingDaysOfIteration_OneDayIteration" />
    </UnitTest>
    <UnitTest name="TestIterationPathConversion" storage="d:\v2.0\a1\_work\dbded102\bin\release.anycpu\tfs.service\ms.tf.server.webaccess.wit.common.l0.tests\ms.tf.server.webaccess.wit.common.l0.tests.dll" priority="1" id="9eda9181-582d-a1b6-f1f5-04b747e2428b">
      <Owners>
        <Owner name="vscsbacklogs" />
      </Owners>
      <Execution id="9daafdc1-23cc-48b5-bbfd-69b32e2b2d84" />
      <TestMethod codeBase="D:\v2.0\A1\_work\dbded102\bin\Release.AnyCPU\Tfs.Service\MS.TF.Server.WebAccess.WIT.Common.L0.Tests\MS.TF.Server.WebAccess.WIT.Common.L0.Tests.dll" adapterTypeName="Microsoft.VisualStudio.TestTools.TestTypes.Unit.UnitTestAdapter" className="MS.TF.Server.WebAccess.WIT.Common.L0.Tests.TeamConfigurationHelperTests" name="TestIterationPathConversion" />
    </UnitTest>
    <UnitTest name="IterationSort_BasicIterations" storage="d:\v2.0\a1\_work\dbded102\bin\release.anycpu\tfs.service\ms.tf.server.webaccess.wit.common.l0.tests\ms.tf.server.webaccess.wit.common.l0.tests.dll" priority="1" id="8b0e1675-6bbe-a6bb-4510-3a7d504b3c4f">
      <Owners>
        <Owner name="vscsbacklogs" />
      </Owners>
      <Execution id="27bfc82a-70c1-4def-b9e7-e59b4aafeff4" />
      <TestMethod codeBase="D:\v2.0\A1\_work\dbded102\bin\Release.AnyCPU\Tfs.Service\MS.TF.Server.WebAccess.WIT.Common.L0.Tests\MS.TF.Server.WebAccess.WIT.Common.L0.Tests.dll" adapterTypeName="Microsoft.VisualStudio.TestTools.TestTypes.Unit.UnitTestAdapter" className="MS.TF.Server.WebAccess.WIT.Common.L0.Tests.TeamConfigurationHelperTests" name="IterationSort_BasicIterations" />
    </UnitTest>
    <UnitTest name="IterationSort_NoCurrent" storage="d:\v2.0\a1\_work\dbded102\bin\release.anycpu\tfs.service\ms.tf.server.webaccess.wit.common.l0.tests\ms.tf.server.webaccess.wit.common.l0.tests.dll" priority="1" id="2bc9acfe-97ce-01f2-e655-6b192e71e6ec">
      <Owners>
        <Owner name="vscsbacklogs" />
      </Owners>
      <Execution id="c638dd59-b916-4690-ba11-b0a0e8a30f06" />
      <TestMethod codeBase="D:\v2.0\A1\_work\dbded102\bin\Release.AnyCPU\Tfs.Service\MS.TF.Server.WebAccess.WIT.Common.L0.Tests\MS.TF.Server.WebAccess.WIT.Common.L0.Tests.dll" adapterTypeName="Microsoft.VisualStudio.TestTools.TestTypes.Unit.UnitTestAdapter" className="MS.TF.Server.WebAccess.WIT.Common.L0.Tests.TeamConfigurationHelperTests" name="IterationSort_NoCurrent" />
    </UnitTest>
    <UnitTest name="IterationSort_PastStartAfterCurrent" storage="d:\v2.0\a1\_work\dbded102\bin\release.anycpu\tfs.service\ms.tf.server.webaccess.wit.common.l0.tests\ms.tf.server.webaccess.wit.common.l0.tests.dll" priority="1" id="be49c9ed-01dc-e843-4fa3-a89e14e43a28">
      <Owners>
        <Owner name="vscsbacklogs" />
      </Owners>
      <Execution id="645f6b5f-2791-4b7d-bdaf-5d8f31102789" />
      <TestMethod codeBase="D:\v2.0\A1\_work\dbded102\bin\Release.AnyCPU\Tfs.Service\MS.TF.Server.WebAccess.WIT.Common.L0.Tests\MS.TF.Server.WebAccess.WIT.Common.L0.Tests.dll" adapterTypeName="Microsoft.VisualStudio.TestTools.TestTypes.Unit.UnitTestAdapter" className="MS.TF.Server.WebAccess.WIT.Common.L0.Tests.TeamConfigurationHelperTests" name="IterationSort_PastStartAfterCurrent" />
    </UnitTest>
    <UnitTest name="IterationSort_NullDateValues" storage="d:\v2.0\a1\_work\dbded102\bin\release.anycpu\tfs.service\ms.tf.server.webaccess.wit.common.l0.tests\ms.tf.server.webaccess.wit.common.l0.tests.dll" priority="1" id="d093ea96-b644-56e1-0849-19c1b0a4ca30">
      <Owners>
        <Owner name="vscsbacklogs" />
      </Owners>
      <Execution id="442a2b26-65ea-4012-b846-27cb3a57fcb9" />
      <TestMethod codeBase="D:\v2.0\A1\_work\dbded102\bin\Release.AnyCPU\Tfs.Service\MS.TF.Server.WebAccess.WIT.Common.L0.Tests\MS.TF.Server.WebAccess.WIT.Common.L0.Tests.dll" adapterTypeName="Microsoft.VisualStudio.TestTools.TestTypes.Unit.UnitTestAdapter" className="MS.TF.Server.WebAccess.WIT.Common.L0.Tests.TeamConfigurationHelperTests" name="IterationSort_NullDateValues" />
    </UnitTest>
    <UnitTest name="IterationSort_StartDateValueFinishDateNull" storage="d:\v2.0\a1\_work\dbded102\bin\release.anycpu\tfs.service\ms.tf.server.webaccess.wit.common.l0.tests\ms.tf.server.webaccess.wit.common.l0.tests.dll" priority="1" id="329fede7-880a-455c-b93e-65631c4d703e">
      <Owners>
        <Owner name="vscsbacklogs" />
      </Owners>
      <Execution id="850c4788-369b-4d89-a6b4-c9fa9d7a9626" />
      <TestMethod codeBase="D:\v2.0\A1\_work\dbded102\bin\Release.AnyCPU\Tfs.Service\MS.TF.Server.WebAccess.WIT.Common.L0.Tests\MS.TF.Server.WebAccess.WIT.Common.L0.Tests.dll" adapterTypeName="Microsoft.VisualStudio.TestTools.TestTypes.Unit.UnitTestAdapter" className="MS.TF.Server.WebAccess.WIT.Common.L0.Tests.TeamConfigurationHelperTests" name="IterationSort_StartDateValueFinishDateNull" />
    </UnitTest>
    <UnitTest name="IterationSort_OnlyIterationsInPast" storage="d:\v2.0\a1\_work\dbded102\bin\release.anycpu\tfs.service\ms.tf.server.webaccess.wit.common.l0.tests\ms.tf.server.webaccess.wit.common.l0.tests.dll" priority="1" id="7635fd20-21bc-7148-7f44-39e3fbda0a72">
      <Owners>
        <Owner name="vscsbacklogs" />
      </Owners>
      <Execution id="0e9c299d-f30d-46f9-9b97-536a67692412" />
      <TestMethod codeBase="D:\v2.0\A1\_work\dbded102\bin\Release.AnyCPU\Tfs.Service\MS.TF.Server.WebAccess.WIT.Common.L0.Tests\MS.TF.Server.WebAccess.WIT.Common.L0.Tests.dll" adapterTypeName="Microsoft.VisualStudio.TestTools.TestTypes.Unit.UnitTestAdapter" className="MS.TF.Server.WebAccess.WIT.Common.L0.Tests.TeamConfigurationHelperTests" name="IterationSort_OnlyIterationsInPast" />
    </UnitTest>
    <UnitTest name="IterationSort_OnlyIterationInFuture" storage="d:\v2.0\a1\_work\dbded102\bin\release.anycpu\tfs.service\ms.tf.server.webaccess.wit.common.l0.tests\ms.tf.server.webaccess.wit.common.l0.tests.dll" priority="1" id="8584b6a7-3722-622f-101d-70cf01d95654">
      <Owners>
        <Owner name="vscsbacklogs" />
      </Owners>
      <Execution id="2ad2f4fa-74b0-45d9-a5b4-6a651c299f29" />
      <TestMethod codeBase="D:\v2.0\A1\_work\dbded102\bin\Release.AnyCPU\Tfs.Service\MS.TF.Server.WebAccess.WIT.Common.L0.Tests\MS.TF.Server.WebAccess.WIT.Common.L0.Tests.dll" adapterTypeName="Microsoft.VisualStudio.TestTools.TestTypes.Unit.UnitTestAdapter" className="MS.TF.Server.WebAccess.WIT.Common.L0.Tests.TeamConfigurationHelperTests" name="IterationSort_OnlyIterationInFuture" />
    </UnitTest>
    <UnitTest name="IterationSort_EmptyNodeList" storage="d:\v2.0\a1\_work\dbded102\bin\release.anycpu\tfs.service\ms.tf.server.webaccess.wit.common.l0.tests\ms.tf.server.webaccess.wit.common.l0.tests.dll" priority="1" id="bb7d10d1-8c10-3b01-4e93-ff8512345726">
      <Owners>
        <Owner name="vscsbacklogs" />
      </Owners>
      <Execution id="1caf0e0c-c972-47a1-a11f-0783e1634ffd" />
      <TestMethod codeBase="D:\v2.0\A1\_work\dbded102\bin\Release.AnyCPU\Tfs.Service\MS.TF.Server.WebAccess.WIT.Common.L0.Tests\MS.TF.Server.WebAccess.WIT.Common.L0.Tests.dll" adapterTypeName="Microsoft.VisualStudio.TestTools.TestTypes.Unit.UnitTestAdapter" className="MS.TF.Server.WebAccess.WIT.Common.L0.Tests.TeamConfigurationHelperTests" name="IterationSort_EmptyNodeList" />
    </UnitTest>
    <UnitTest name="IterationSort_CurrentDateEndOfSprint" storage="d:\v2.0\a1\_work\dbded102\bin\release.anycpu\tfs.service\ms.tf.server.webaccess.wit.common.l0.tests\ms.tf.server.webaccess.wit.common.l0.tests.dll" priority="1" id="577fc5ae-5637-f940-dec0-cc2ed1761cb4">
      <Owners>
        <Owner name="vscsbacklogs" />
      </Owners>
      <Execution id="07e26c2e-605f-4b50-9f46-08a2f2cc5cce" />
      <TestMethod codeBase="D:\v2.0\A1\_work\dbded102\bin\Release.AnyCPU\Tfs.Service\MS.TF.Server.WebAccess.WIT.Common.L0.Tests\MS.TF.Server.WebAccess.WIT.Common.L0.Tests.dll" adapterTypeName="Microsoft.VisualStudio.TestTools.TestTypes.Unit.UnitTestAdapter" className="MS.TF.Server.WebAccess.WIT.Common.L0.Tests.TeamConfigurationHelperTests" name="IterationSort_CurrentDateEndOfSprint" />
    </UnitTest>
    <UnitTest name="TestIterationComparison" storage="d:\v2.0\a1\_work\dbded102\bin\release.anycpu\tfs.service\ms.tf.server.webaccess.wit.common.l0.tests\ms.tf.server.webaccess.wit.common.l0.tests.dll" priority="1" id="80d561f9-a3e8-6133-b97d-6548716de296">
      <Owners>
        <Owner name="vscsbacklogs" />
      </Owners>
      <Execution id="6d1914f7-88d5-41f7-a250-18c56d877ef5" />
      <TestMethod codeBase="D:\v2.0\A1\_work\dbded102\bin\Release.AnyCPU\Tfs.Service\MS.TF.Server.WebAccess.WIT.Common.L0.Tests\MS.TF.Server.WebAccess.WIT.Common.L0.Tests.dll" adapterTypeName="Microsoft.VisualStudio.TestTools.TestTypes.Unit.UnitTestAdapter" className="MS.TF.Server.WebAccess.WIT.Common.L0.Tests.TeamConfigurationHelperTests" name="TestIterationComparison" />
    </UnitTest>
    <UnitTest name="GetWorkItemTypesDupeInputs" storage="d:\v2.0\a1\_work\dbded102\bin\release.anycpu\tfs.service\ms.tf.server.webaccess.wit.common.l0.tests\ms.tf.server.webaccess.wit.common.l0.tests.dll" id="cd229717-6971-9e72-a9b6-193c530c426e">
      <Execution id="b0f7fde1-df12-4b10-9891-4b73c4795815" />
      <TestMethod codeBase="D:\v2.0\A1\_work\dbded102\bin\Release.AnyCPU\Tfs.Service\MS.TF.Server.WebAccess.WIT.Common.L0.Tests\MS.TF.Server.WebAccess.WIT.Common.L0.Tests.dll" adapterTypeName="Microsoft.VisualStudio.TestTools.TestTypes.Unit.UnitTestAdapter" className="MS.TF.Server.WebAccess.WIT.Common.L0.Tests.WebAccessWorkItemServiceTests" name="GetWorkItemTypesDupeInputs" />
    </UnitTest>
    <UnitTest name="ResolveAreaPathTeamFieldValue_ResolvesValidPaths" storage="d:\v2.0\a1\_work\dbded102\bin\release.anycpu\tfs.service\ms.tf.server.webaccess.wit.common.l0.tests\ms.tf.server.webaccess.wit.common.l0.tests.dll" id="ca20709d-6cc7-6c90-1176-02a2747a106d">
      <Execution id="2860849c-9c26-4264-b3fc-b5d593267b98" />
      <TestMethod codeBase="D:\v2.0\A1\_work\dbded102\bin\Release.AnyCPU\Tfs.Service\MS.TF.Server.WebAccess.WIT.Common.L0.Tests\MS.TF.Server.WebAccess.WIT.Common.L0.Tests.dll" adapterTypeName="Microsoft.VisualStudio.TestTools.TestTypes.Unit.UnitTestAdapter" className="MS.TF.Server.WebAccess.WIT.Common.L0.Tests.Settings.TeamConfigurationServiceTests" name="ResolveAreaPathTeamFieldValue_ResolvesValidPaths" />
    </UnitTest>
    <UnitTest name="ResolveAreaPathTeamFieldValue_RemovesInvalidPaths" storage="d:\v2.0\a1\_work\dbded102\bin\release.anycpu\tfs.service\ms.tf.server.webaccess.wit.common.l0.tests\ms.tf.server.webaccess.wit.common.l0.tests.dll" id="546134ea-0509-e79d-0a08-d1a04334b7cd">
      <Execution id="093e8518-6afc-48ef-afb6-00b32e21235a" />
      <TestMethod codeBase="D:\v2.0\A1\_work\dbded102\bin\Release.AnyCPU\Tfs.Service\MS.TF.Server.WebAccess.WIT.Common.L0.Tests\MS.TF.Server.WebAccess.WIT.Common.L0.Tests.dll" adapterTypeName="Microsoft.VisualStudio.TestTools.TestTypes.Unit.UnitTestAdapter" className="MS.TF.Server.WebAccess.WIT.Common.L0.Tests.Settings.TeamConfigurationServiceTests" name="ResolveAreaPathTeamFieldValue_RemovesInvalidPaths" />
    </UnitTest>
    <UnitTest name="ResolveAreaPathTeamFieldValue_LeavesValidAreaPathStringsInPlace" storage="d:\v2.0\a1\_work\dbded102\bin\release.anycpu\tfs.service\ms.tf.server.webaccess.wit.common.l0.tests\ms.tf.server.webaccess.wit.common.l0.tests.dll" id="f84efc53-9e83-c111-15f1-4600174412d3">
      <Execution id="617fd857-f02b-4934-8473-6425c9ad5d80" />
      <TestMethod codeBase="D:\v2.0\A1\_work\dbded102\bin\Release.AnyCPU\Tfs.Service\MS.TF.Server.WebAccess.WIT.Common.L0.Tests\MS.TF.Server.WebAccess.WIT.Common.L0.Tests.dll" adapterTypeName="Microsoft.VisualStudio.TestTools.TestTypes.Unit.UnitTestAdapter" className="MS.TF.Server.WebAccess.WIT.Common.L0.Tests.Settings.TeamConfigurationServiceTests" name="ResolveAreaPathTeamFieldValue_LeavesValidAreaPathStringsInPlace" />
    </UnitTest>
    <UnitTest name="ResolveAreaPathTeamFieldValue_RemovesInvalidAreaPathStrings" storage="d:\v2.0\a1\_work\dbded102\bin\release.anycpu\tfs.service\ms.tf.server.webaccess.wit.common.l0.tests\ms.tf.server.webaccess.wit.common.l0.tests.dll" id="aa219cac-f3f0-4a27-9376-e35f643f1fda">
      <Execution id="e3161605-619f-4144-9d3f-f157600d5c0f" />
      <TestMethod codeBase="D:\v2.0\A1\_work\dbded102\bin\Release.AnyCPU\Tfs.Service\MS.TF.Server.WebAccess.WIT.Common.L0.Tests\MS.TF.Server.WebAccess.WIT.Common.L0.Tests.dll" adapterTypeName="Microsoft.VisualStudio.TestTools.TestTypes.Unit.UnitTestAdapter" className="MS.TF.Server.WebAccess.WIT.Common.L0.Tests.Settings.TeamConfigurationServiceTests" name="ResolveAreaPathTeamFieldValue_RemovesInvalidAreaPathStrings" />
    </UnitTest>
    <UnitTest name="GenerateStepsCreatesGlobalListStepForGlobalLists" storage="d:\v2.0\a1\_work\dbded102\bin\release.anycpu\tfs.service\ms.tf.server.webaccess.wit.common.l0.tests\ms.tf.server.webaccess.wit.common.l0.tests.dll" id="58fcd762-bbec-7dcf-239b-d737018c0fb9">
      <Execution id="0688b717-805e-4477-8314-199d2a51b21c" />
      <TestMethod codeBase="D:\v2.0\A1\_work\dbded102\bin\Release.AnyCPU\Tfs.Service\MS.TF.Server.WebAccess.WIT.Common.L0.Tests\MS.TF.Server.WebAccess.WIT.Common.L0.Tests.dll" adapterTypeName="Microsoft.VisualStudio.TestTools.TestTypes.Unit.UnitTestAdapter" className="MS.TF.Server.WebAccess.WIT.Common.L0.Tests.Promote.WorkItemTrackingPromoteStepFactoryTests" name="GenerateStepsCreatesGlobalListStepForGlobalLists" />
    </UnitTest>
    <UnitTest name="GenerateStepsRemovesListsFromTypes" storage="d:\v2.0\a1\_work\dbded102\bin\release.anycpu\tfs.service\ms.tf.server.webaccess.wit.common.l0.tests\ms.tf.server.webaccess.wit.common.l0.tests.dll" id="dfbccefb-a321-4463-6933-fee68f8bc867">
      <Execution id="0f0e0323-81e7-486d-82e0-33709b26fc85" />
      <TestMethod codeBase="D:\v2.0\A1\_work\dbded102\bin\Release.AnyCPU\Tfs.Service\MS.TF.Server.WebAccess.WIT.Common.L0.Tests\MS.TF.Server.WebAccess.WIT.Common.L0.Tests.dll" adapterTypeName="Microsoft.VisualStudio.TestTools.TestTypes.Unit.UnitTestAdapter" className="MS.TF.Server.WebAccess.WIT.Common.L0.Tests.Promote.WorkItemTrackingPromoteStepFactoryTests" name="GenerateStepsRemovesListsFromTypes" />
    </UnitTest>
    <UnitTest name="GenerateStepsDoesNotAddGlobalListsStepForNoGlobalLists" storage="d:\v2.0\a1\_work\dbded102\bin\release.anycpu\tfs.service\ms.tf.server.webaccess.wit.common.l0.tests\ms.tf.server.webaccess.wit.common.l0.tests.dll" id="3f70b58c-888d-50da-1bc0-3e3dd061d2db">
      <Execution id="e829afd4-adc7-41e6-b4c5-c859fbb98b97" />
      <TestMethod codeBase="D:\v2.0\A1\_work\dbded102\bin\Release.AnyCPU\Tfs.Service\MS.TF.Server.WebAccess.WIT.Common.L0.Tests\MS.TF.Server.WebAccess.WIT.Common.L0.Tests.dll" adapterTypeName="Microsoft.VisualStudio.TestTools.TestTypes.Unit.UnitTestAdapter" className="MS.TF.Server.WebAccess.WIT.Common.L0.Tests.Promote.WorkItemTrackingPromoteStepFactoryTests" name="GenerateStepsDoesNotAddGlobalListsStepForNoGlobalLists" />
    </UnitTest>
    <UnitTest name="GlobalListImportStepCreatesPsuedoGlobalWorkflow" storage="d:\v2.0\a1\_work\dbded102\bin\release.anycpu\tfs.service\ms.tf.server.webaccess.wit.common.l0.tests\ms.tf.server.webaccess.wit.common.l0.tests.dll" id="2cb20ff0-6e85-f956-7b0b-acbd0e012ef1">
      <Execution id="924458fd-f840-4a68-9250-36bf793d6b52" />
      <TestMethod codeBase="D:\v2.0\A1\_work\dbded102\bin\Release.AnyCPU\Tfs.Service\MS.TF.Server.WebAccess.WIT.Common.L0.Tests\MS.TF.Server.WebAccess.WIT.Common.L0.Tests.dll" adapterTypeName="Microsoft.VisualStudio.TestTools.TestTypes.Unit.UnitTestAdapter" className="MS.TF.Server.WebAccess.WIT.Common.L0.Tests.Promote.WorkItemTrackingPromoteStepFactoryTests" name="GlobalListImportStepCreatesPsuedoGlobalWorkflow" />
    </UnitTest>
  </TestDefinitions>
  <TestEntries>
    <TestEntry testId="22897b6a-dffd-93fa-fb7c-2387f895da95" executionId="1bec8482-9a25-4e42-90ca-b25e3e3a8792" testListId="8c84fa94-04c1-424b-9868-57a2d4851a1d" />
    <TestEntry testId="6eb17490-b20c-3beb-3a8a-18ed6d069e46" executionId="05ff1d96-b84f-4132-a5e7-6fcf06f1eb83" testListId="8c84fa94-04c1-424b-9868-57a2d4851a1d" />
    <TestEntry testId="c0e14c7f-4e78-1aff-f498-cdb33adabe95" executionId="0024fe8f-ad48-4f27-9f80-488039428e2a" testListId="8c84fa94-04c1-424b-9868-57a2d4851a1d" />
    <TestEntry testId="a0bb39dd-a852-4545-e267-7d3514475db8" executionId="2ebef9d6-b8a6-480e-8908-f1d1a589f85f" testListId="8c84fa94-04c1-424b-9868-57a2d4851a1d" />
    <TestEntry testId="1aa611d1-bc96-f4a8-b8da-8b7bfe51ad35" executionId="9b48eb4e-98e4-4d38-96bf-ded90283ae15" testListId="8c84fa94-04c1-424b-9868-57a2d4851a1d" />
    <TestEntry testId="9a9278f9-e20f-742f-a611-7ef607d02c74" executionId="b37c1d83-f5bf-4266-bab0-c235fb433ffa" testListId="8c84fa94-04c1-424b-9868-57a2d4851a1d" />
    <TestEntry testId="f7d92e9b-158a-651d-4ede-31921809209d" executionId="dc7bcb62-010a-4b17-b932-6afd9776ddfb" testListId="8c84fa94-04c1-424b-9868-57a2d4851a1d" />
    <TestEntry testId="9eda9181-582d-a1b6-f1f5-04b747e2428b" executionId="9daafdc1-23cc-48b5-bbfd-69b32e2b2d84" testListId="8c84fa94-04c1-424b-9868-57a2d4851a1d" />
    <TestEntry testId="8b0e1675-6bbe-a6bb-4510-3a7d504b3c4f" executionId="27bfc82a-70c1-4def-b9e7-e59b4aafeff4" testListId="8c84fa94-04c1-424b-9868-57a2d4851a1d" />
    <TestEntry testId="2bc9acfe-97ce-01f2-e655-6b192e71e6ec" executionId="c638dd59-b916-4690-ba11-b0a0e8a30f06" testListId="8c84fa94-04c1-424b-9868-57a2d4851a1d" />
    <TestEntry testId="be49c9ed-01dc-e843-4fa3-a89e14e43a28" executionId="645f6b5f-2791-4b7d-bdaf-5d8f31102789" testListId="8c84fa94-04c1-424b-9868-57a2d4851a1d" />
    <TestEntry testId="d093ea96-b644-56e1-0849-19c1b0a4ca30" executionId="442a2b26-65ea-4012-b846-27cb3a57fcb9" testListId="8c84fa94-04c1-424b-9868-57a2d4851a1d" />
    <TestEntry testId="329fede7-880a-455c-b93e-65631c4d703e" executionId="850c4788-369b-4d89-a6b4-c9fa9d7a9626" testListId="8c84fa94-04c1-424b-9868-57a2d4851a1d" />
    <TestEntry testId="7635fd20-21bc-7148-7f44-39e3fbda0a72" executionId="0e9c299d-f30d-46f9-9b97-536a67692412" testListId="8c84fa94-04c1-424b-9868-57a2d4851a1d" />
    <TestEntry testId="8584b6a7-3722-622f-101d-70cf01d95654" executionId="2ad2f4fa-74b0-45d9-a5b4-6a651c299f29" testListId="8c84fa94-04c1-424b-9868-57a2d4851a1d" />
    <TestEntry testId="bb7d10d1-8c10-3b01-4e93-ff8512345726" executionId="1caf0e0c-c972-47a1-a11f-0783e1634ffd" testListId="8c84fa94-04c1-424b-9868-57a2d4851a1d" />
    <TestEntry testId="577fc5ae-5637-f940-dec0-cc2ed1761cb4" executionId="07e26c2e-605f-4b50-9f46-08a2f2cc5cce" testListId="8c84fa94-04c1-424b-9868-57a2d4851a1d" />
    <TestEntry testId="80d561f9-a3e8-6133-b97d-6548716de296" executionId="6d1914f7-88d5-41f7-a250-18c56d877ef5" testListId="8c84fa94-04c1-424b-9868-57a2d4851a1d" />
    <TestEntry testId="cd229717-6971-9e72-a9b6-193c530c426e" executionId="b0f7fde1-df12-4b10-9891-4b73c4795815" testListId="8c84fa94-04c1-424b-9868-57a2d4851a1d" />
    <TestEntry testId="ca20709d-6cc7-6c90-1176-02a2747a106d" executionId="2860849c-9c26-4264-b3fc-b5d593267b98" testListId="8c84fa94-04c1-424b-9868-57a2d4851a1d" />
    <TestEntry testId="546134ea-0509-e79d-0a08-d1a04334b7cd" executionId="093e8518-6afc-48ef-afb6-00b32e21235a" testListId="8c84fa94-04c1-424b-9868-57a2d4851a1d" />
    <TestEntry testId="f84efc53-9e83-c111-15f1-4600174412d3" executionId="617fd857-f02b-4934-8473-6425c9ad5d80" testListId="8c84fa94-04c1-424b-9868-57a2d4851a1d" />
    <TestEntry testId="aa219cac-f3f0-4a27-9376-e35f643f1fda" executionId="e3161605-619f-4144-9d3f-f157600d5c0f" testListId="8c84fa94-04c1-424b-9868-57a2d4851a1d" />
    <TestEntry testId="58fcd762-bbec-7dcf-239b-d737018c0fb9" executionId="0688b717-805e-4477-8314-199d2a51b21c" testListId="8c84fa94-04c1-424b-9868-57a2d4851a1d" />
    <TestEntry testId="dfbccefb-a321-4463-6933-fee68f8bc867" executionId="0f0e0323-81e7-486d-82e0-33709b26fc85" testListId="8c84fa94-04c1-424b-9868-57a2d4851a1d" />
    <TestEntry testId="3f70b58c-888d-50da-1bc0-3e3dd061d2db" executionId="e829afd4-adc7-41e6-b4c5-c859fbb98b97" testListId="8c84fa94-04c1-424b-9868-57a2d4851a1d" />
    <TestEntry testId="2cb20ff0-6e85-f956-7b0b-acbd0e012ef1" executionId="924458fd-f840-4a68-9250-36bf793d6b52" testListId="8c84fa94-04c1-424b-9868-57a2d4851a1d" />
  </TestEntries>
  <TestLists>
    <TestList name="Results Not in a List" id="8c84fa94-04c1-424b-9868-57a2d4851a1d" />
    <TestList name="All Loaded Results" id="19431567-8539-422a-85d7-44ee4e166bda" />
  </TestLists>
  <ResultSummary outcome="Completed">
    <Counters total="27" executed="27" passed="27" failed="0" error="0" timeout="0" aborted="0" inconclusive="0" passedButRunAborted="0" notRunnable="0" notExecuted="0" disconnected="0" warning="0" completed="0" inProgress="0" pending="0" />
  </ResultSummary>
</TestRun>