<?xml version="1.0" encoding="UTF-8"?>
<TestRun id="6f17df0e-a901-4b05-98f3-8fdc93fe99c7" name="tfsmladm@TFSBUILD11 2015-09-28 09:43:43" runUser="REDMOND\tfsmladm" xmlns="http://microsoft.com/schemas/VisualStudio/TeamTest/2010">
  <Times creation="2015-09-28T09:43:43.6101444-07:00" queuing="2015-09-28T09:43:43.6101444-07:00" start="2015-09-28T09:43:43.6101444-07:00" finish="2015-09-28T09:43:43.7664040-07:00" />
  <TestSettings name="default" id="099a7005-d44e-49fd-ade4-b7eb947bf025">
    <Execution>
      <TestTypeSpecific />
    </Execution>
    <Deployment runDeploymentRoot="tfsmladm_TFSBUILD11 2015-09-28 09_43_43" />
    <Properties />
  </TestSettings>
  <Results>
    <UnitTestResult executionId="b1e7b07f-069c-49a0-b457-a1c0e4573e4e" testId="7420f602-9483-2633-2b5a-5742d243ced8" testName="WillWrapInnerException" computerName="TFSBUILD11" startTime="2015-09-28T09:43:43.4851343-07:00" endTime="2015-09-28T09:43:43.4851343-07:00" testType="13cdc9d9-ddb5-4fa4-a97d-d965ccfc6d4b" outcome="NotExecuted" testListId="8c84fa94-04c1-424b-9868-57a2d4851a1d" relativeResultsDirectory="b1e7b07f-069c-49a0-b457-a1c0e4573e4e" />
    <UnitTestResult executionId="08159b64-07f0-4f26-8f9d-ee639ec22ab7" testId="285d78d1-f33d-1735-94e3-cbf84bb3ffa3" testName="WillWrapStacktraceUsingDefaultPolicyAndRequestAllowsDetails" computerName="TFSBUILD11" duration="00:00:00.0450894" startTime="2015-09-28T09:43:43.5007610-07:00" endTime="2015-09-28T09:43:43.5632649-07:00" testType="13cdc9d9-ddb5-4fa4-a97d-d965ccfc6d4b" outcome="Passed" testListId="8c84fa94-04c1-424b-9868-57a2d4851a1d" relativeResultsDirectory="08159b64-07f0-4f26-8f9d-ee639ec22ab7" />
    <UnitTestResult executionId="1cde9e29-39e6-4a7c-a5a4-0010f8cb0427" testId="ff216424-630a-efa3-2bf9-56a829028a67" testName="WillWrapStacktraceUsingLocalOnlyPolicyAndRequestIsLocal" computerName="TFSBUILD11" duration="00:00:00.0015689" startTime="2015-09-28T09:43:43.5632649-07:00" endTime="2015-09-28T09:43:43.5632649-07:00" testType="13cdc9d9-ddb5-4fa4-a97d-d965ccfc6d4b" outcome="Passed" testListId="8c84fa94-04c1-424b-9868-57a2d4851a1d" relativeResultsDirectory="1cde9e29-39e6-4a7c-a5a4-0010f8cb0427" />
    <UnitTestResult executionId="baff9c74-dd16-4c90-9455-c54a1f739e8a" testId="a0646619-4f83-3110-bf37-0885ba791de1" testName="WillWrapStacktraceUsingAlwaysPolicy" computerName="TFSBUILD11" duration="00:00:00.0009429" startTime="2015-09-28T09:43:43.5632649-07:00" endTime="2015-09-28T09:43:43.5788910-07:00" testType="13cdc9d9-ddb5-4fa4-a97d-d965ccfc6d4b" outcome="Passed" testListId="8c84fa94-04c1-424b-9868-57a2d4851a1d" relativeResultsDirectory="baff9c74-dd16-4c90-9455-c54a1f739e8a" />
    <UnitTestResult executionId="f4aee242-f3d5-467c-b12e-081442fe7213" testId="d0f05640-e14d-7b51-4ff3-e1b2a466752b" testName="WillNotWrapStacktraceIfIncludeErrorDetailPolicyIsNotInRequest" computerName="TFSBUILD11" duration="00:00:00.0005404" startTime="2015-09-28T09:43:43.5788910-07:00" endTime="2015-09-28T09:43:43.5788910-07:00" testType="13cdc9d9-ddb5-4fa4-a97d-d965ccfc6d4b" outcome="Passed" testListId="8c84fa94-04c1-424b-9868-57a2d4851a1d" relativeResultsDirectory="f4aee242-f3d5-467c-b12e-081442fe7213" />
    <UnitTestResult executionId="45ff1cbd-2d46-4282-aedf-bbd02869ebec" testId="57a3fb76-2861-0781-3531-167ec5ca79c7" testName="WillNotWrapStacktraceWithDefaultIncludeErrorDetailPolicyAndRequestDoesNotExplicitlyAllowDetailsAndRequestIsNotLocal" computerName="TFSBUILD11" duration="00:00:00.0007628" startTime="2015-09-28T09:43:43.5788910-07:00" endTime="2015-09-28T09:43:43.5788910-07:00" testType="13cdc9d9-ddb5-4fa4-a97d-d965ccfc6d4b" outcome="Passed" testListId="8c84fa94-04c1-424b-9868-57a2d4851a1d" relativeResultsDirectory="45ff1cbd-2d46-4282-aedf-bbd02869ebec" />
    <UnitTestResult executionId="35767d2d-af82-431d-8e42-de0ad0a5ea22" testId="55d60cf9-b809-a26b-43ed-058e0e6c22b6" testName="WillNotWrapStacktraceWithLocalOnlyIncludeErrorDetailPolicyAndRequestDoesNotExplicitlyAllowDetailsAndRequestIsNotLocal" computerName="TFSBUILD11" duration="00:00:00.0007537" startTime="2015-09-28T09:43:43.5788910-07:00" endTime="2015-09-28T09:43:43.5788910-07:00" testType="13cdc9d9-ddb5-4fa4-a97d-d965ccfc6d4b" outcome="Passed" testListId="8c84fa94-04c1-424b-9868-57a2d4851a1d" relativeResultsDirectory="35767d2d-af82-431d-8e42-de0ad0a5ea22" />
    <UnitTestResult executionId="8321549c-c5d4-4814-a804-382ebe948a01" testId="bb1fa5c2-9c8a-b6ec-24aa-7bb4010bc0e8" testName="WillNotWrapStacktraceWithLocalOnlyIncludeErrorDetailPolicyAndRequestDoesNotExplicitlyAllowDetailsAndRequestHasNoLocalKey" computerName="TFSBUILD11" duration="00:00:00.0006525" startTime="2015-09-28T09:43:43.5788910-07:00" endTime="2015-09-28T09:43:43.5788910-07:00" testType="13cdc9d9-ddb5-4fa4-a97d-d965ccfc6d4b" outcome="Passed" testListId="8c84fa94-04c1-424b-9868-57a2d4851a1d" relativeResultsDirectory="8321549c-c5d4-4814-a804-382ebe948a01" />
    <UnitTestResult executionId="352f2016-fec2-4118-b652-44321eae63b7" testId="d92f13d6-6c68-26f6-57c2-532c7f040400" testName="WillNotWrapStacktraceWithNeverIncludeErrorDetailPolicy" computerName="TFSBUILD11" duration="00:00:00.0006448" startTime="2015-09-28T09:43:43.5788910-07:00" endTime="2015-09-28T09:43:43.5788910-07:00" testType="13cdc9d9-ddb5-4fa4-a97d-d965ccfc6d4b" outcome="Passed" testListId="8c84fa94-04c1-424b-9868-57a2d4851a1d" relativeResultsDirectory="352f2016-fec2-4118-b652-44321eae63b7" />
    <UnitTestResult executionId="c0bcf0c9-fbf1-4a9d-9a5b-59caa7e937f3" testId="0f2b4633-557a-b02d-1247-37c605bb14fd" testName="WillWrapCustomPropertyIfDataMemberAttributeIsPresentOnProperty" computerName="TFSBUILD11" duration="00:00:00.0024470" startTime="2015-09-28T09:43:43.5788910-07:00" endTime="2015-09-28T09:43:43.5788910-07:00" testType="13cdc9d9-ddb5-4fa4-a97d-d965ccfc6d4b" outcome="Passed" testListId="8c84fa94-04c1-424b-9868-57a2d4851a1d" relativeResultsDirectory="c0bcf0c9-fbf1-4a9d-9a5b-59caa7e937f3" />
    <UnitTestResult executionId="1950ff56-8a71-4f57-aa31-dc510acc1300" testId="9a011a09-38fb-15ec-f583-16e6b54bdda2" testName="WillNotWrapCustomPropertyIfPropertyIsNonSerializable" computerName="TFSBUILD11" duration="00:00:00.0016298" startTime="2015-09-28T09:43:43.5788910-07:00" endTime="2015-09-28T09:43:43.5788910-07:00" testType="13cdc9d9-ddb5-4fa4-a97d-d965ccfc6d4b" outcome="Passed" testListId="8c84fa94-04c1-424b-9868-57a2d4851a1d" relativeResultsDirectory="1950ff56-8a71-4f57-aa31-dc510acc1300" />
    <UnitTestResult executionId="5001489c-cc86-4944-927b-d38f56c51df4" testId="03e41d6f-9e09-d70a-f76e-908be81d8e69" testName="WillUnwrappAnExceptionWithOnlyOneConstructorThatTakesAStringMessage" computerName="TFSBUILD11" duration="00:00:00.0036041" startTime="2015-09-28T09:43:43.5788910-07:00" endTime="2015-09-28T09:43:43.5945171-07:00" testType="13cdc9d9-ddb5-4fa4-a97d-d965ccfc6d4b" outcome="Passed" testListId="8c84fa94-04c1-424b-9868-57a2d4851a1d" relativeResultsDirectory="5001489c-cc86-4944-927b-d38f56c51df4" />
    <UnitTestResult executionId="32010f59-5eb1-4ba9-b53f-85b8d7a50a61" testId="fee12e5b-a190-7d2d-673e-1c499a40bf4e" testName="WillUnwrappAnExceptionWithConstructorThatTakesTwoStringParamsAndInnerException" computerName="TFSBUILD11" duration="00:00:00.0007253" startTime="2015-09-28T09:43:43.5945171-07:00" endTime="2015-09-28T09:43:43.5945171-07:00" testType="13cdc9d9-ddb5-4fa4-a97d-d965ccfc6d4b" outcome="Passed" testListId="8c84fa94-04c1-424b-9868-57a2d4851a1d" relativeResultsDirectory="32010f59-5eb1-4ba9-b53f-85b8d7a50a61" />
    <UnitTestResult executionId="1c07a330-0059-4425-91db-e82f6ae1d245" testId="5e1d1848-ec3d-526e-2514-25f54d898438" testName="WillUnwrappAnExceptionWithOnlyADefaultCtor" computerName="TFSBUILD11" duration="00:00:00.0005720" startTime="2015-09-28T09:43:43.5945171-07:00" endTime="2015-09-28T09:43:43.5945171-07:00" testType="13cdc9d9-ddb5-4fa4-a97d-d965ccfc6d4b" outcome="Passed" testListId="8c84fa94-04c1-424b-9868-57a2d4851a1d" relativeResultsDirectory="1c07a330-0059-4425-91db-e82f6ae1d245" />
    <UnitTestResult executionId="05fd3a82-1db7-4692-b22a-0e0a7dbcf492" testId="bce8aaa6-a5fd-29ea-dff8-0787ee84c3eb" testName="WillUnWrapStacktrace" computerName="TFSBUILD11" duration="00:00:00.0015169" startTime="2015-09-28T09:43:43.5945171-07:00" endTime="2015-09-28T09:43:43.5945171-07:00" testType="13cdc9d9-ddb5-4fa4-a97d-d965ccfc6d4b" outcome="Passed" testListId="8c84fa94-04c1-424b-9868-57a2d4851a1d" relativeResultsDirectory="05fd3a82-1db7-4692-b22a-0e0a7dbcf492" />
    <UnitTestResult executionId="fe31d4b1-f063-4630-8995-61ba2d95e4b0" testId="f4712729-e0cb-a088-fb3f-cd94870e810f" testName="WillUnWrapVssExceptionProperties" computerName="TFSBUILD11" duration="00:00:00.0021870" startTime="2015-09-28T09:43:43.5945171-07:00" endTime="2015-09-28T09:43:43.5945171-07:00" testType="13cdc9d9-ddb5-4fa4-a97d-d965ccfc6d4b" outcome="Passed" testListId="8c84fa94-04c1-424b-9868-57a2d4851a1d" relativeResultsDirectory="fe31d4b1-f063-4630-8995-61ba2d95e4b0" />
    <UnitTestResult executionId="7886b316-5bff-4c63-967f-d4f1837eff98" testId="eecf9a79-1903-abef-ad7b-daeb7d9c53ee" testName="WillUnWrapInnerException" computerName="TFSBUILD11" startTime="2015-09-28T09:43:43.5945171-07:00" endTime="2015-09-28T09:43:43.5945171-07:00" testType="13cdc9d9-ddb5-4fa4-a97d-d965ccfc6d4b" outcome="NotExecuted" testListId="8c84fa94-04c1-424b-9868-57a2d4851a1d" relativeResultsDirectory="7886b316-5bff-4c63-967f-d4f1837eff98" />
    <UnitTestResult executionId="0818fc4d-d3c8-45b6-a067-f45aa9dfe8c8" testId="882fec60-e684-a765-288b-95a4a178bbd7" testName="WillUnWrapSerializedWrappedExceptionWithNoStrongType" computerName="TFSBUILD11" duration="00:00:00.0007315" startTime="2015-09-28T09:43:43.5945171-07:00" endTime="2015-09-28T09:43:43.5945171-07:00" testType="13cdc9d9-ddb5-4fa4-a97d-d965ccfc6d4b" outcome="Passed" testListId="8c84fa94-04c1-424b-9868-57a2d4851a1d" relativeResultsDirectory="0818fc4d-d3c8-45b6-a067-f45aa9dfe8c8" />
    <UnitTestResult executionId="e39fac66-a88e-437a-b7b1-b0fa8e4a4b4f" testId="1ea86e4e-73d7-0e99-0d74-d77ec558e0d3" testName="WillUnWrapSerializedWrappedExceptionWithCustomProperties" computerName="TFSBUILD11" duration="00:00:00.0885456" startTime="2015-09-28T09:43:43.5945171-07:00" endTime="2015-09-28T09:43:43.6882738-07:00" testType="13cdc9d9-ddb5-4fa4-a97d-d965ccfc6d4b" outcome="Passed" testListId="8c84fa94-04c1-424b-9868-57a2d4851a1d" relativeResultsDirectory="e39fac66-a88e-437a-b7b1-b0fa8e4a4b4f" />
    <UnitTestResult executionId="2cec7e12-0905-4ffe-8825-16a1f185553a" testId="7cec6f34-a37d-a4d3-1b65-ab909ecac2ac" testName="WillNotUnWrapCustomPropertyIfPropertyIsNonDeserializable" computerName="TFSBUILD11" duration="00:00:00.0412375" startTime="2015-09-28T09:43:43.6882738-07:00" endTime="2015-09-28T09:43:43.7195263-07:00" testType="13cdc9d9-ddb5-4fa4-a97d-d965ccfc6d4b" outcome="Passed" testListId="8c84fa94-04c1-424b-9868-57a2d4851a1d" relativeResultsDirectory="2cec7e12-0905-4ffe-8825-16a1f185553a" />
  </Results>
  <TestDefinitions>
    <UnitTest name="WillWrapInnerException" storage="d:\v2.0\a1\_work\dbded102\bin\release.anycpu\vssf.client\ms.vs.services.http.l0.tests\ms.vs.services.http.l0.tests.dll" id="7420f602-9483-2633-2b5a-5742d243ced8">
      <Execution id="b1e7b07f-069c-49a0-b457-a1c0e4573e4e" />
      <TestMethod codeBase="D:\v2.0\A1\_work\dbded102\bin\Release.AnyCPU\Vssf.Client\MS.VS.Services.Http.L0.Tests\MS.VS.Services.Http.L0.Tests.dll" adapterTypeName="Microsoft.VisualStudio.TestTools.TestTypes.Unit.UnitTestAdapter" className="MS.VS.Services.Http.L0.Tests.WrappedExceptionTests+CtorTests" name="WillWrapInnerException" />
    </UnitTest>
    <UnitTest name="WillWrapStacktraceUsingDefaultPolicyAndRequestAllowsDetails" storage="d:\v2.0\a1\_work\dbded102\bin\release.anycpu\vssf.client\ms.vs.services.http.l0.tests\ms.vs.services.http.l0.tests.dll" id="285d78d1-f33d-1735-94e3-cbf84bb3ffa3">
      <Execution id="08159b64-07f0-4f26-8f9d-ee639ec22ab7" />
      <TestMethod codeBase="D:\v2.0\A1\_work\dbded102\bin\Release.AnyCPU\Vssf.Client\MS.VS.Services.Http.L0.Tests\MS.VS.Services.Http.L0.Tests.dll" adapterTypeName="Microsoft.VisualStudio.TestTools.TestTypes.Unit.UnitTestAdapter" className="MS.VS.Services.Http.L0.Tests.WrappedExceptionTests+CtorTests" name="WillWrapStacktraceUsingDefaultPolicyAndRequestAllowsDetails" />
    </UnitTest>
    <UnitTest name="WillWrapStacktraceUsingLocalOnlyPolicyAndRequestIsLocal" storage="d:\v2.0\a1\_work\dbded102\bin\release.anycpu\vssf.client\ms.vs.services.http.l0.tests\ms.vs.services.http.l0.tests.dll" id="ff216424-630a-efa3-2bf9-56a829028a67">
      <Execution id="1cde9e29-39e6-4a7c-a5a4-0010f8cb0427" />
      <TestMethod codeBase="D:\v2.0\A1\_work\dbded102\bin\Release.AnyCPU\Vssf.Client\MS.VS.Services.Http.L0.Tests\MS.VS.Services.Http.L0.Tests.dll" adapterTypeName="Microsoft.VisualStudio.TestTools.TestTypes.Unit.UnitTestAdapter" className="MS.VS.Services.Http.L0.Tests.WrappedExceptionTests+CtorTests" name="WillWrapStacktraceUsingLocalOnlyPolicyAndRequestIsLocal" />
    </UnitTest>
    <UnitTest name="WillWrapStacktraceUsingAlwaysPolicy" storage="d:\v2.0\a1\_work\dbded102\bin\release.anycpu\vssf.client\ms.vs.services.http.l0.tests\ms.vs.services.http.l0.tests.dll" id="a0646619-4f83-3110-bf37-0885ba791de1">
      <Execution id="baff9c74-dd16-4c90-9455-c54a1f739e8a" />
      <TestMethod codeBase="D:\v2.0\A1\_work\dbded102\bin\Release.AnyCPU\Vssf.Client\MS.VS.Services.Http.L0.Tests\MS.VS.Services.Http.L0.Tests.dll" adapterTypeName="Microsoft.VisualStudio.TestTools.TestTypes.Unit.UnitTestAdapter" className="MS.VS.Services.Http.L0.Tests.WrappedExceptionTests+CtorTests" name="WillWrapStacktraceUsingAlwaysPolicy" />
    </UnitTest>
    <UnitTest name="WillNotWrapStacktraceIfIncludeErrorDetailPolicyIsNotInRequest" storage="d:\v2.0\a1\_work\dbded102\bin\release.anycpu\vssf.client\ms.vs.services.http.l0.tests\ms.vs.services.http.l0.tests.dll" id="d0f05640-e14d-7b51-4ff3-e1b2a466752b">
      <Execution id="f4aee242-f3d5-467c-b12e-081442fe7213" />
      <TestMethod codeBase="D:\v2.0\A1\_work\dbded102\bin\Release.AnyCPU\Vssf.Client\MS.VS.Services.Http.L0.Tests\MS.VS.Services.Http.L0.Tests.dll" adapterTypeName="Microsoft.VisualStudio.TestTools.TestTypes.Unit.UnitTestAdapter" className="MS.VS.Services.Http.L0.Tests.WrappedExceptionTests+CtorTests" name="WillNotWrapStacktraceIfIncludeErrorDetailPolicyIsNotInRequest" />
    </UnitTest>
    <UnitTest name="WillNotWrapStacktraceWithDefaultIncludeErrorDetailPolicyAndRequestDoesNotExplicitlyAllowDetailsAndRequestIsNotLocal" storage="d:\v2.0\a1\_work\dbded102\bin\release.anycpu\vssf.client\ms.vs.services.http.l0.tests\ms.vs.services.http.l0.tests.dll" id="57a3fb76-2861-0781-3531-167ec5ca79c7">
      <Execution id="45ff1cbd-2d46-4282-aedf-bbd02869ebec" />
      <TestMethod codeBase="D:\v2.0\A1\_work\dbded102\bin\Release.AnyCPU\Vssf.Client\MS.VS.Services.Http.L0.Tests\MS.VS.Services.Http.L0.Tests.dll" adapterTypeName="Microsoft.VisualStudio.TestTools.TestTypes.Unit.UnitTestAdapter" className="MS.VS.Services.Http.L0.Tests.WrappedExceptionTests+CtorTests" name="WillNotWrapStacktraceWithDefaultIncludeErrorDetailPolicyAndRequestDoesNotExplicitlyAllowDetailsAndRequestIsNotLocal" />
    </UnitTest>
    <UnitTest name="WillNotWrapStacktraceWithLocalOnlyIncludeErrorDetailPolicyAndRequestDoesNotExplicitlyAllowDetailsAndRequestIsNotLocal" storage="d:\v2.0\a1\_work\dbded102\bin\release.anycpu\vssf.client\ms.vs.services.http.l0.tests\ms.vs.services.http.l0.tests.dll" id="55d60cf9-b809-a26b-43ed-058e0e6c22b6">
      <Execution id="35767d2d-af82-431d-8e42-de0ad0a5ea22" />
      <TestMethod codeBase="D:\v2.0\A1\_work\dbded102\bin\Release.AnyCPU\Vssf.Client\MS.VS.Services.Http.L0.Tests\MS.VS.Services.Http.L0.Tests.dll" adapterTypeName="Microsoft.VisualStudio.TestTools.TestTypes.Unit.UnitTestAdapter" className="MS.VS.Services.Http.L0.Tests.WrappedExceptionTests+CtorTests" name="WillNotWrapStacktraceWithLocalOnlyIncludeErrorDetailPolicyAndRequestDoesNotExplicitlyAllowDetailsAndRequestIsNotLocal" />
    </UnitTest>
    <UnitTest name="WillNotWrapStacktraceWithLocalOnlyIncludeErrorDetailPolicyAndRequestDoesNotExplicitlyAllowDetailsAndRequestHasNoLocalKey" storage="d:\v2.0\a1\_work\dbded102\bin\release.anycpu\vssf.client\ms.vs.services.http.l0.tests\ms.vs.services.http.l0.tests.dll" id="bb1fa5c2-9c8a-b6ec-24aa-7bb4010bc0e8">
      <Execution id="8321549c-c5d4-4814-a804-382ebe948a01" />
      <TestMethod codeBase="D:\v2.0\A1\_work\dbded102\bin\Release.AnyCPU\Vssf.Client\MS.VS.Services.Http.L0.Tests\MS.VS.Services.Http.L0.Tests.dll" adapterTypeName="Microsoft.VisualStudio.TestTools.TestTypes.Unit.UnitTestAdapter" className="MS.VS.Services.Http.L0.Tests.WrappedExceptionTests+CtorTests" name="WillNotWrapStacktraceWithLocalOnlyIncludeErrorDetailPolicyAndRequestDoesNotExplicitlyAllowDetailsAndRequestHasNoLocalKey" />
    </UnitTest>
    <UnitTest name="WillNotWrapStacktraceWithNeverIncludeErrorDetailPolicy" storage="d:\v2.0\a1\_work\dbded102\bin\release.anycpu\vssf.client\ms.vs.services.http.l0.tests\ms.vs.services.http.l0.tests.dll" id="d92f13d6-6c68-26f6-57c2-532c7f040400">
      <Execution id="352f2016-fec2-4118-b652-44321eae63b7" />
      <TestMethod codeBase="D:\v2.0\A1\_work\dbded102\bin\Release.AnyCPU\Vssf.Client\MS.VS.Services.Http.L0.Tests\MS.VS.Services.Http.L0.Tests.dll" adapterTypeName="Microsoft.VisualStudio.TestTools.TestTypes.Unit.UnitTestAdapter" className="MS.VS.Services.Http.L0.Tests.WrappedExceptionTests+CtorTests" name="WillNotWrapStacktraceWithNeverIncludeErrorDetailPolicy" />
    </UnitTest>
    <UnitTest name="WillWrapCustomPropertyIfDataMemberAttributeIsPresentOnProperty" storage="d:\v2.0\a1\_work\dbded102\bin\release.anycpu\vssf.client\ms.vs.services.http.l0.tests\ms.vs.services.http.l0.tests.dll" id="0f2b4633-557a-b02d-1247-37c605bb14fd">
      <Execution id="c0bcf0c9-fbf1-4a9d-9a5b-59caa7e937f3" />
      <TestMethod codeBase="D:\v2.0\A1\_work\dbded102\bin\Release.AnyCPU\Vssf.Client\MS.VS.Services.Http.L0.Tests\MS.VS.Services.Http.L0.Tests.dll" adapterTypeName="Microsoft.VisualStudio.TestTools.TestTypes.Unit.UnitTestAdapter" className="MS.VS.Services.Http.L0.Tests.WrappedExceptionTests+CtorTests" name="WillWrapCustomPropertyIfDataMemberAttributeIsPresentOnProperty" />
    </UnitTest>
    <UnitTest name="WillNotWrapCustomPropertyIfPropertyIsNonSerializable" storage="d:\v2.0\a1\_work\dbded102\bin\release.anycpu\vssf.client\ms.vs.services.http.l0.tests\ms.vs.services.http.l0.tests.dll" id="9a011a09-38fb-15ec-f583-16e6b54bdda2">
      <Execution id="1950ff56-8a71-4f57-aa31-dc510acc1300" />
      <TestMethod codeBase="D:\v2.0\A1\_work\dbded102\bin\Release.AnyCPU\Vssf.Client\MS.VS.Services.Http.L0.Tests\MS.VS.Services.Http.L0.Tests.dll" adapterTypeName="Microsoft.VisualStudio.TestTools.TestTypes.Unit.UnitTestAdapter" className="MS.VS.Services.Http.L0.Tests.WrappedExceptionTests+CtorTests" name="WillNotWrapCustomPropertyIfPropertyIsNonSerializable" />
    </UnitTest>
    <UnitTest name="WillUnwrappAnExceptionWithOnlyOneConstructorThatTakesAStringMessage" storage="d:\v2.0\a1\_work\dbded102\bin\release.anycpu\vssf.client\ms.vs.services.http.l0.tests\ms.vs.services.http.l0.tests.dll" id="03e41d6f-9e09-d70a-f76e-908be81d8e69">
      <Execution id="5001489c-cc86-4944-927b-d38f56c51df4" />
      <TestMethod codeBase="D:\v2.0\A1\_work\dbded102\bin\Release.AnyCPU\Vssf.Client\MS.VS.Services.Http.L0.Tests\MS.VS.Services.Http.L0.Tests.dll" adapterTypeName="Microsoft.VisualStudio.TestTools.TestTypes.Unit.UnitTestAdapter" className="MS.VS.Services.Http.L0.Tests.WrappedExceptionTests+UnwrapTests" name="WillUnwrappAnExceptionWithOnlyOneConstructorThatTakesAStringMessage" />
    </UnitTest>
    <UnitTest name="WillUnwrappAnExceptionWithConstructorThatTakesTwoStringParamsAndInnerException" storage="d:\v2.0\a1\_work\dbded102\bin\release.anycpu\vssf.client\ms.vs.services.http.l0.tests\ms.vs.services.http.l0.tests.dll" id="fee12e5b-a190-7d2d-673e-1c499a40bf4e">
      <Execution id="32010f59-5eb1-4ba9-b53f-85b8d7a50a61" />
      <TestMethod codeBase="D:\v2.0\A1\_work\dbded102\bin\Release.AnyCPU\Vssf.Client\MS.VS.Services.Http.L0.Tests\MS.VS.Services.Http.L0.Tests.dll" adapterTypeName="Microsoft.VisualStudio.TestTools.TestTypes.Unit.UnitTestAdapter" className="MS.VS.Services.Http.L0.Tests.WrappedExceptionTests+UnwrapTests" name="WillUnwrappAnExceptionWithConstructorThatTakesTwoStringParamsAndInnerException" />
    </UnitTest>
    <UnitTest name="WillUnwrappAnExceptionWithOnlyADefaultCtor" storage="d:\v2.0\a1\_work\dbded102\bin\release.anycpu\vssf.client\ms.vs.services.http.l0.tests\ms.vs.services.http.l0.tests.dll" id="5e1d1848-ec3d-526e-2514-25f54d898438">
      <Execution id="1c07a330-0059-4425-91db-e82f6ae1d245" />
      <TestMethod codeBase="D:\v2.0\A1\_work\dbded102\bin\Release.AnyCPU\Vssf.Client\MS.VS.Services.Http.L0.Tests\MS.VS.Services.Http.L0.Tests.dll" adapterTypeName="Microsoft.VisualStudio.TestTools.TestTypes.Unit.UnitTestAdapter" className="MS.VS.Services.Http.L0.Tests.WrappedExceptionTests+UnwrapTests" name="WillUnwrappAnExceptionWithOnlyADefaultCtor" />
    </UnitTest>
    <UnitTest name="WillUnWrapStacktrace" storage="d:\v2.0\a1\_work\dbded102\bin\release.anycpu\vssf.client\ms.vs.services.http.l0.tests\ms.vs.services.http.l0.tests.dll" id="bce8aaa6-a5fd-29ea-dff8-0787ee84c3eb">
      <Execution id="05fd3a82-1db7-4692-b22a-0e0a7dbcf492" />
      <TestMethod codeBase="D:\v2.0\A1\_work\dbded102\bin\Release.AnyCPU\Vssf.Client\MS.VS.Services.Http.L0.Tests\MS.VS.Services.Http.L0.Tests.dll" adapterTypeName="Microsoft.VisualStudio.TestTools.TestTypes.Unit.UnitTestAdapter" className="MS.VS.Services.Http.L0.Tests.WrappedExceptionTests+UnwrapTests" name="WillUnWrapStacktrace" />
    </UnitTest>
    <UnitTest name="WillUnWrapVssExceptionProperties" storage="d:\v2.0\a1\_work\dbded102\bin\release.anycpu\vssf.client\ms.vs.services.http.l0.tests\ms.vs.services.http.l0.tests.dll" id="f4712729-e0cb-a088-fb3f-cd94870e810f">
      <Execution id="fe31d4b1-f063-4630-8995-61ba2d95e4b0" />
      <TestMethod codeBase="D:\v2.0\A1\_work\dbded102\bin\Release.AnyCPU\Vssf.Client\MS.VS.Services.Http.L0.Tests\MS.VS.Services.Http.L0.Tests.dll" adapterTypeName="Microsoft.VisualStudio.TestTools.TestTypes.Unit.UnitTestAdapter" className="MS.VS.Services.Http.L0.Tests.WrappedExceptionTests+UnwrapTests" name="WillUnWrapVssExceptionProperties" />
    </UnitTest>
    <UnitTest name="WillUnWrapInnerException" storage="d:\v2.0\a1\_work\dbded102\bin\release.anycpu\vssf.client\ms.vs.services.http.l0.tests\ms.vs.services.http.l0.tests.dll" id="eecf9a79-1903-abef-ad7b-daeb7d9c53ee">
      <Execution id="7886b316-5bff-4c63-967f-d4f1837eff98" />
      <TestMethod codeBase="D:\v2.0\A1\_work\dbded102\bin\Release.AnyCPU\Vssf.Client\MS.VS.Services.Http.L0.Tests\MS.VS.Services.Http.L0.Tests.dll" adapterTypeName="Microsoft.VisualStudio.TestTools.TestTypes.Unit.UnitTestAdapter" className="MS.VS.Services.Http.L0.Tests.WrappedExceptionTests+UnwrapTests" name="WillUnWrapInnerException" />
    </UnitTest>
    <UnitTest name="WillUnWrapSerializedWrappedExceptionWithNoStrongType" storage="d:\v2.0\a1\_work\dbded102\bin\release.anycpu\vssf.client\ms.vs.services.http.l0.tests\ms.vs.services.http.l0.tests.dll" id="882fec60-e684-a765-288b-95a4a178bbd7">
      <Execution id="0818fc4d-d3c8-45b6-a067-f45aa9dfe8c8" />
      <TestMethod codeBase="D:\v2.0\A1\_work\dbded102\bin\Release.AnyCPU\Vssf.Client\MS.VS.Services.Http.L0.Tests\MS.VS.Services.Http.L0.Tests.dll" adapterTypeName="Microsoft.VisualStudio.TestTools.TestTypes.Unit.UnitTestAdapter" className="MS.VS.Services.Http.L0.Tests.WrappedExceptionTests+UnwrapTests" name="WillUnWrapSerializedWrappedExceptionWithNoStrongType" />
    </UnitTest>
    <UnitTest name="WillUnWrapSerializedWrappedExceptionWithCustomProperties" storage="d:\v2.0\a1\_work\dbded102\bin\release.anycpu\vssf.client\ms.vs.services.http.l0.tests\ms.vs.services.http.l0.tests.dll" id="1ea86e4e-73d7-0e99-0d74-d77ec558e0d3">
      <Execution id="e39fac66-a88e-437a-b7b1-b0fa8e4a4b4f" />
      <TestMethod codeBase="D:\v2.0\A1\_work\dbded102\bin\Release.AnyCPU\Vssf.Client\MS.VS.Services.Http.L0.Tests\MS.VS.Services.Http.L0.Tests.dll" adapterTypeName="Microsoft.VisualStudio.TestTools.TestTypes.Unit.UnitTestAdapter" className="MS.VS.Services.Http.L0.Tests.WrappedExceptionTests+UnwrapTests" name="WillUnWrapSerializedWrappedExceptionWithCustomProperties" />
    </UnitTest>
    <UnitTest name="WillNotUnWrapCustomPropertyIfPropertyIsNonDeserializable" storage="d:\v2.0\a1\_work\dbded102\bin\release.anycpu\vssf.client\ms.vs.services.http.l0.tests\ms.vs.services.http.l0.tests.dll" id="7cec6f34-a37d-a4d3-1b65-ab909ecac2ac">
      <Execution id="2cec7e12-0905-4ffe-8825-16a1f185553a" />
      <TestMethod codeBase="D:\v2.0\A1\_work\dbded102\bin\Release.AnyCPU\Vssf.Client\MS.VS.Services.Http.L0.Tests\MS.VS.Services.Http.L0.Tests.dll" adapterTypeName="Microsoft.VisualStudio.TestTools.TestTypes.Unit.UnitTestAdapter" className="MS.VS.Services.Http.L0.Tests.WrappedExceptionTests+UnwrapTests" name="WillNotUnWrapCustomPropertyIfPropertyIsNonDeserializable" />
    </UnitTest>
  </TestDefinitions>
  <TestEntries>
    <TestEntry testId="7420f602-9483-2633-2b5a-5742d243ced8" executionId="b1e7b07f-069c-49a0-b457-a1c0e4573e4e" testListId="8c84fa94-04c1-424b-9868-57a2d4851a1d" />
    <TestEntry testId="285d78d1-f33d-1735-94e3-cbf84bb3ffa3" executionId="08159b64-07f0-4f26-8f9d-ee639ec22ab7" testListId="8c84fa94-04c1-424b-9868-57a2d4851a1d" />
    <TestEntry testId="ff216424-630a-efa3-2bf9-56a829028a67" executionId="1cde9e29-39e6-4a7c-a5a4-0010f8cb0427" testListId="8c84fa94-04c1-424b-9868-57a2d4851a1d" />
    <TestEntry testId="a0646619-4f83-3110-bf37-0885ba791de1" executionId="baff9c74-dd16-4c90-9455-c54a1f739e8a" testListId="8c84fa94-04c1-424b-9868-57a2d4851a1d" />
    <TestEntry testId="d0f05640-e14d-7b51-4ff3-e1b2a466752b" executionId="f4aee242-f3d5-467c-b12e-081442fe7213" testListId="8c84fa94-04c1-424b-9868-57a2d4851a1d" />
    <TestEntry testId="57a3fb76-2861-0781-3531-167ec5ca79c7" executionId="45ff1cbd-2d46-4282-aedf-bbd02869ebec" testListId="8c84fa94-04c1-424b-9868-57a2d4851a1d" />
    <TestEntry testId="55d60cf9-b809-a26b-43ed-058e0e6c22b6" executionId="35767d2d-af82-431d-8e42-de0ad0a5ea22" testListId="8c84fa94-04c1-424b-9868-57a2d4851a1d" />
    <TestEntry testId="bb1fa5c2-9c8a-b6ec-24aa-7bb4010bc0e8" executionId="8321549c-c5d4-4814-a804-382ebe948a01" testListId="8c84fa94-04c1-424b-9868-57a2d4851a1d" />
    <TestEntry testId="d92f13d6-6c68-26f6-57c2-532c7f040400" executionId="352f2016-fec2-4118-b652-44321eae63b7" testListId="8c84fa94-04c1-424b-9868-57a2d4851a1d" />
    <TestEntry testId="0f2b4633-557a-b02d-1247-37c605bb14fd" executionId="c0bcf0c9-fbf1-4a9d-9a5b-59caa7e937f3" testListId="8c84fa94-04c1-424b-9868-57a2d4851a1d" />
    <TestEntry testId="9a011a09-38fb-15ec-f583-16e6b54bdda2" executionId="1950ff56-8a71-4f57-aa31-dc510acc1300" testListId="8c84fa94-04c1-424b-9868-57a2d4851a1d" />
    <TestEntry testId="03e41d6f-9e09-d70a-f76e-908be81d8e69" executionId="5001489c-cc86-4944-927b-d38f56c51df4" testListId="8c84fa94-04c1-424b-9868-57a2d4851a1d" />
    <TestEntry testId="fee12e5b-a190-7d2d-673e-1c499a40bf4e" executionId="32010f59-5eb1-4ba9-b53f-85b8d7a50a61" testListId="8c84fa94-04c1-424b-9868-57a2d4851a1d" />
    <TestEntry testId="5e1d1848-ec3d-526e-2514-25f54d898438" executionId="1c07a330-0059-4425-91db-e82f6ae1d245" testListId="8c84fa94-04c1-424b-9868-57a2d4851a1d" />
    <TestEntry testId="bce8aaa6-a5fd-29ea-dff8-0787ee84c3eb" executionId="05fd3a82-1db7-4692-b22a-0e0a7dbcf492" testListId="8c84fa94-04c1-424b-9868-57a2d4851a1d" />
    <TestEntry testId="f4712729-e0cb-a088-fb3f-cd94870e810f" executionId="fe31d4b1-f063-4630-8995-61ba2d95e4b0" testListId="8c84fa94-04c1-424b-9868-57a2d4851a1d" />
    <TestEntry testId="eecf9a79-1903-abef-ad7b-daeb7d9c53ee" executionId="7886b316-5bff-4c63-967f-d4f1837eff98" testListId="8c84fa94-04c1-424b-9868-57a2d4851a1d" />
    <TestEntry testId="882fec60-e684-a765-288b-95a4a178bbd7" executionId="0818fc4d-d3c8-45b6-a067-f45aa9dfe8c8" testListId="8c84fa94-04c1-424b-9868-57a2d4851a1d" />
    <TestEntry testId="1ea86e4e-73d7-0e99-0d74-d77ec558e0d3" executionId="e39fac66-a88e-437a-b7b1-b0fa8e4a4b4f" testListId="8c84fa94-04c1-424b-9868-57a2d4851a1d" />
    <TestEntry testId="7cec6f34-a37d-a4d3-1b65-ab909ecac2ac" executionId="2cec7e12-0905-4ffe-8825-16a1f185553a" testListId="8c84fa94-04c1-424b-9868-57a2d4851a1d" />
  </TestEntries>
  <TestLists>
    <TestList name="Results Not in a List" id="8c84fa94-04c1-424b-9868-57a2d4851a1d" />
    <TestList name="All Loaded Results" id="19431567-8539-422a-85d7-44ee4e166bda" />
  </TestLists>
  <ResultSummary outcome="Completed">
    <Counters total="20" executed="18" passed="18" failed="0" error="0" timeout="0" aborted="0" inconclusive="0" passedButRunAborted="0" notRunnable="0" notExecuted="0" disconnected="0" warning="0" completed="0" inProgress="0" pending="0" />
    <Output>
      <StdOut>Test 'WillWrapInnerException' was skipped in the test run.Test 'WillUnWrapInnerException' was skipped in the test run.</StdOut>
    </Output>
  </ResultSummary>
</TestRun>