<?xml version="1.0" encoding="UTF-8"?>
<TestRun id="7277dbe0-733d-41ed-84b8-58a0e59b4acf" name="tfsmladm@TFSBUILD11 2015-09-28 09:43:44" runUser="REDMOND\tfsmladm" xmlns="http://microsoft.com/schemas/VisualStudio/TeamTest/2010">
  <Times creation="2015-09-28T09:43:44.0007954-07:00" queuing="2015-09-28T09:43:44.0007954-07:00" start="2015-09-28T09:43:44.0164227-07:00" finish="2015-09-28T09:43:44.0476746-07:00" />
  <TestSettings name="default" id="44ea3b5b-baa4-4a5f-8809-9bbc4b67732a">
    <Execution>
      <TestTypeSpecific />
    </Execution>
    <Deployment runDeploymentRoot="tfsmladm_TFSBUILD11 2015-09-28 09_43_44" />
    <Properties />
  </TestSettings>
  <Results>
    <UnitTestResult executionId="7768e3ca-e780-4639-80fa-e2062b531740" testId="66e92d1f-9c45-af8c-c11e-755d59219ff0" testName="FakeTest" computerName="TFSBUILD11" duration="00:00:00.0034326" startTime="2015-09-28T09:43:43.9226654-07:00" endTime="2015-09-28T09:43:43.9539180-07:00" testType="13cdc9d9-ddb5-4fa4-a97d-d965ccfc6d4b" outcome="Passed" testListId="8c84fa94-04c1-424b-9868-57a2d4851a1d" relativeResultsDirectory="7768e3ca-e780-4639-80fa-e2062b531740" />
  </Results>
  <TestDefinitions>
    <UnitTest name="FakeTest" storage="d:\v2.0\a1\_work\dbded102\bin\release.anycpu\vssf.client\vssf.testframework.client.l3.l0.tests\vssf.testframework.client.l3.l0.tests.dll" id="66e92d1f-9c45-af8c-c11e-755d59219ff0">
      <Owners>
        <Owner name="johnmo" />
      </Owners>
      <Execution id="7768e3ca-e780-4639-80fa-e2062b531740" />
      <TestMethod codeBase="D:\v2.0\A1\_work\dbded102\bin\Release.AnyCPU\Vssf.Client\Vssf.TestFramework.Client.L3.L0.Tests\Vssf.TestFramework.Client.L3.L0.Tests.dll" adapterTypeName="Microsoft.VisualStudio.TestTools.TestTypes.Unit.UnitTestAdapter" className="MS.TF.Test.Fuzz.UnitTests.FuzzLibraryTests" name="FakeTest" />
    </UnitTest>
  </TestDefinitions>
  <TestEntries>
    <TestEntry testId="66e92d1f-9c45-af8c-c11e-755d59219ff0" executionId="7768e3ca-e780-4639-80fa-e2062b531740" testListId="8c84fa94-04c1-424b-9868-57a2d4851a1d" />
  </TestEntries>
  <TestLists>
    <TestList name="Results Not in a List" id="8c84fa94-04c1-424b-9868-57a2d4851a1d" />
    <TestList name="All Loaded Results" id="19431567-8539-422a-85d7-44ee4e166bda" />
  </TestLists>
  <ResultSummary outcome="Completed">
    <Counters total="1" executed="1" passed="1" failed="0" error="0" timeout="0" aborted="0" inconclusive="0" passedButRunAborted="0" notRunnable="0" notExecuted="0" disconnected="0" warning="0" completed="0" inProgress="0" pending="0" />
  </ResultSummary>
</TestRun>