<?xml version="1.0" encoding="UTF-8"?>
<TestRun id="9d18df64-08e0-4ddb-bdb5-d7c6fe68980f" name="tfsmladm@TFSBUILD11 2015-09-28 09:45:52" runUser="REDMOND\tfsmladm" xmlns="http://microsoft.com/schemas/VisualStudio/TeamTest/2010">
  <Times creation="2015-09-28T09:45:52.5194834-07:00" queuing="2015-09-28T09:45:52.5194834-07:00" start="2015-09-28T09:45:52.5264842-07:00" finish="2015-09-28T09:45:53.2402058-07:00" />
  <TestSettings name="default" id="677769e3-a6d0-4404-9981-7160858ecbb8">
    <Execution>
      <TestTypeSpecific />
    </Execution>
    <Deployment runDeploymentRoot="tfsmladm_TFSBUILD11 2015-09-28 09_45_52" />
    <Properties />
  </TestSettings>
  <Results>
    <UnitTestResult executionId="7521a4d3-1fc9-428b-9f08-7a4233553d53" testId="61118966-74a2-471c-8f84-8595b2089db3" testName="TFSTests.Oss.Helpers VerifyNugetVersionComparator" computerName="TFSBUILD11" duration="00:00:00.0310000" startTime="2015-09-28T09:45:52.5567020-07:00" endTime="2015-09-28T09:45:52.5567020-07:00" testType="13cdc9d9-ddb5-4fa4-a97d-d965ccfc6d4b" outcome="Passed" testListId="8c84fa94-04c1-424b-9868-57a2d4851a1d" relativeResultsDirectory="7521a4d3-1fc9-428b-9f08-7a4233553d53" />
    <UnitTestResult executionId="9ac7527e-672e-4145-9bce-6d4dc4674fae" testId="914785e1-a8bd-47ef-846b-3a5cab2be6a3" testName="TFSTests.Oss.Controls VerifyRefreshDataMethodOfOssRequestFilterControlForCorrectRequestFilter" computerName="TFSBUILD11" duration="00:00:00.0590000" startTime="2015-09-28T09:45:52.5824537-07:00" endTime="2015-09-28T09:45:52.5824537-07:00" testType="13cdc9d9-ddb5-4fa4-a97d-d965ccfc6d4b" outcome="Passed" testListId="8c84fa94-04c1-424b-9868-57a2d4851a1d" relativeResultsDirectory="9ac7527e-672e-4145-9bce-6d4dc4674fae" />
    <UnitTestResult executionId="64ee4c17-ea92-4bb5-b24d-163b190d4726" testId="356e1446-c9a0-4771-bd55-c132ed062906" testName="TFSTests.Oss.Controls VerifyOssRequestsFilterControlprepareExpandedSourceData" computerName="TFSBUILD11" duration="00:00:00.0140000" startTime="2015-09-28T09:45:52.5824537-07:00" endTime="2015-09-28T09:45:52.5824537-07:00" testType="13cdc9d9-ddb5-4fa4-a97d-d965ccfc6d4b" outcome="Passed" testListId="8c84fa94-04c1-424b-9868-57a2d4851a1d" relativeResultsDirectory="64ee4c17-ea92-4bb5-b24d-163b190d4726" />
    <UnitTestResult executionId="da357876-cb45-47bc-9bb3-ea73f278513b" testId="c49a6f34-1594-466b-a9f6-76a1c5ca7cf3" testName="TFSTests.Oss.Controls ValidationTextBoxIsInitializedProperly" computerName="TFSBUILD11" duration="00:00:00.0160000" startTime="2015-09-28T09:45:52.5834541-07:00" endTime="2015-09-28T09:45:52.5834541-07:00" testType="13cdc9d9-ddb5-4fa4-a97d-d965ccfc6d4b" outcome="Passed" testListId="8c84fa94-04c1-424b-9868-57a2d4851a1d" relativeResultsDirectory="da357876-cb45-47bc-9bb3-ea73f278513b" />
    <UnitTestResult executionId="4fde59cb-6475-4544-a69e-63062bfe169a" testId="46ac016b-6780-4d27-bb11-7b8853aa7ae5" testName="TFSTests.Oss.Controls ValidationTextBoxChangesStatesProperlyOnSetValidationStarted" computerName="TFSBUILD11" duration="00:00:00.0150000" startTime="2015-09-28T09:45:52.5834541-07:00" endTime="2015-09-28T09:45:52.5834541-07:00" testType="13cdc9d9-ddb5-4fa4-a97d-d965ccfc6d4b" outcome="Passed" testListId="8c84fa94-04c1-424b-9868-57a2d4851a1d" relativeResultsDirectory="4fde59cb-6475-4544-a69e-63062bfe169a" />
    <UnitTestResult executionId="f13098a4-64e8-4d59-91d7-c75de723a0a7" testId="9f12f176-80c6-487d-b668-1c96a2ef3689" testName="TFSTests.Oss.Controls ValidationTextBoxChangesStatesProperlyOnSetValidationCompleted" computerName="TFSBUILD11" duration="00:00:00.0150000" startTime="2015-09-28T09:45:52.5834541-07:00" endTime="2015-09-28T09:45:52.5834541-07:00" testType="13cdc9d9-ddb5-4fa4-a97d-d965ccfc6d4b" outcome="Passed" testListId="8c84fa94-04c1-424b-9868-57a2d4851a1d" relativeResultsDirectory="f13098a4-64e8-4d59-91d7-c75de723a0a7" />
    <UnitTestResult executionId="ffff6e9e-3e67-4baa-89d2-1dad61cc3aef" testId="652a818a-6f04-4bdf-a860-2e61b15de431" testName="TFSTests.Oss.Controls ValidationTextBoxChangesStatesProperlyOnSetValidationCanceled" computerName="TFSBUILD11" duration="00:00:00.0140000" startTime="2015-09-28T09:45:52.5834541-07:00" endTime="2015-09-28T09:45:52.5834541-07:00" testType="13cdc9d9-ddb5-4fa4-a97d-d965ccfc6d4b" outcome="Passed" testListId="8c84fa94-04c1-424b-9868-57a2d4851a1d" relativeResultsDirectory="ffff6e9e-3e67-4baa-89d2-1dad61cc3aef" />
    <UnitTestResult executionId="4d74fbbc-38cb-4421-88a9-ad937e97a6e2" testId="5074457e-9b4e-4afb-b80c-3fb3ec1281b3" testName="TFSTests.Oss.Controls ValidationTextBoxChangesStatesProperly" computerName="TFSBUILD11" duration="00:00:00.0160000" startTime="2015-09-28T09:45:52.5834541-07:00" endTime="2015-09-28T09:45:52.5834541-07:00" testType="13cdc9d9-ddb5-4fa4-a97d-d965ccfc6d4b" outcome="Passed" testListId="8c84fa94-04c1-424b-9868-57a2d4851a1d" relativeResultsDirectory="4d74fbbc-38cb-4421-88a9-ad937e97a6e2" />
    <UnitTestResult executionId="8f2325c3-2faa-4464-a76a-ef938d39c53d" testId="bdb9b51c-edda-4a9a-a6e1-4e2852e3566f" testName="TFSTests.Oss.Controls Accordion is initialized properly" computerName="TFSBUILD11" duration="00:00:00.0160000" startTime="2015-09-28T09:45:52.5834541-07:00" endTime="2015-09-28T09:45:52.5834541-07:00" testType="13cdc9d9-ddb5-4fa4-a97d-d965ccfc6d4b" outcome="Passed" testListId="8c84fa94-04c1-424b-9868-57a2d4851a1d" relativeResultsDirectory="8f2325c3-2faa-4464-a76a-ef938d39c53d" />
    <UnitTestResult executionId="3cd60abb-6234-48f4-b4d3-4ee7c4732f72" testId="2f6a5565-ff3c-4fa9-b7c5-8612a27c2862" testName="TFSTests.Oss.Controls AccordionSetsShowIconIfIconCssIsPassed" computerName="TFSBUILD11" duration="00:00:00.0150000" startTime="2015-09-28T09:45:53.2245888-07:00" endTime="2015-09-28T09:45:53.2245888-07:00" testType="13cdc9d9-ddb5-4fa4-a97d-d965ccfc6d4b" outcome="Passed" testListId="8c84fa94-04c1-424b-9868-57a2d4851a1d" relativeResultsDirectory="3cd60abb-6234-48f4-b4d3-4ee7c4732f72" />
    <UnitTestResult executionId="3a932e61-c0c1-49ab-a7ef-bbbc005c17c0" testId="b9888108-ca66-42dc-8079-70d075adc4a8" testName="TFSTests.Oss.Controls AccordionHidesTheElementIfExpandedIsSetToFalse" computerName="TFSBUILD11" duration="00:00:00.0170000" startTime="2015-09-28T09:45:53.2245888-07:00" endTime="2015-09-28T09:45:53.2245888-07:00" testType="13cdc9d9-ddb5-4fa4-a97d-d965ccfc6d4b" outcome="Passed" testListId="8c84fa94-04c1-424b-9868-57a2d4851a1d" relativeResultsDirectory="3a932e61-c0c1-49ab-a7ef-bbbc005c17c0" />
    <UnitTestResult executionId="8d88ca69-dfa2-4ef0-b065-3f6238025901" testId="781bc51b-0421-481f-af90-058df44ec339" testName="TFSTests.Oss.Controls AccordionExpandsTheElementIfExpandedIsSetToTrue" computerName="TFSBUILD11" duration="00:00:00.0160000" startTime="2015-09-28T09:45:53.2245888-07:00" endTime="2015-09-28T09:45:53.2245888-07:00" testType="13cdc9d9-ddb5-4fa4-a97d-d965ccfc6d4b" outcome="Passed" testListId="8c84fa94-04c1-424b-9868-57a2d4851a1d" relativeResultsDirectory="8d88ca69-dfa2-4ef0-b065-3f6238025901" />
    <UnitTestResult executionId="eb0fe044-0f64-444d-a7a1-453f4235b1a7" testId="125400af-64e2-4817-9677-bfc1829bb98e" testName="TFSTests.Oss.Controls AccordionchangesElementStateOnExpandClick" computerName="TFSBUILD11" duration="00:00:00.0170000" startTime="2015-09-28T09:45:53.2245888-07:00" endTime="2015-09-28T09:45:53.2245888-07:00" testType="13cdc9d9-ddb5-4fa4-a97d-d965ccfc6d4b" outcome="Passed" testListId="8c84fa94-04c1-424b-9868-57a2d4851a1d" relativeResultsDirectory="eb0fe044-0f64-444d-a7a1-453f4235b1a7" />
    <UnitTestResult executionId="58aea924-a55b-481a-b933-800d9c04b87d" testId="e7568739-80bd-455d-b44c-15ab0cb6ede7" testName="TFSTests.Oss.Controls AccordionNotifiesSubscribersIfExpandIsClicked" computerName="TFSBUILD11" duration="00:00:00.0160000" startTime="2015-09-28T09:45:53.2245888-07:00" endTime="2015-09-28T09:45:53.2245888-07:00" testType="13cdc9d9-ddb5-4fa4-a97d-d965ccfc6d4b" outcome="Passed" testListId="8c84fa94-04c1-424b-9868-57a2d4851a1d" relativeResultsDirectory="58aea924-a55b-481a-b933-800d9c04b87d" />
    <UnitTestResult executionId="efc57461-655e-4117-9dbe-c4bebbb85ecc" testId="ead0370e-0f7b-4b79-b3b7-5295ac81b0c2" testName="TFSTests.Oss.ViewViewModels VerifyHistoryElementsOrder" computerName="TFSBUILD11" duration="00:00:00.0350000" startTime="2015-09-28T09:45:53.2245888-07:00" endTime="2015-09-28T09:45:53.2245888-07:00" testType="13cdc9d9-ddb5-4fa4-a97d-d965ccfc6d4b" outcome="Passed" testListId="8c84fa94-04c1-424b-9868-57a2d4851a1d" relativeResultsDirectory="efc57461-655e-4117-9dbe-c4bebbb85ecc" />
  </Results>
  <TestDefinitions>
    <UnitTest name="TFSTests.Oss.Helpers VerifyNugetVersionComparator" storage="d:\v2.0\a1\_work\dbded102\vso\tfs\service\webaccess\oss\testscripts\tests\tfstests.oss.helpers.ts" id="61118966-74a2-471c-8f84-8595b2089db3">
      <Execution id="7521a4d3-1fc9-428b-9f08-7a4233553d53" />
      <TestMethod codeBase="d:\v2.0\a1\_work\dbded102\vso\tfs\service\webaccess\oss\testscripts\tests\tfstests.oss.helpers.ts" adapterTypeName="Microsoft.VisualStudio.TestTools.TestTypes.Unit.UnitTestAdapter" className="d:\v2.0\a1\_work\dbded102\vso\tfs\service\webaccess\oss\testscripts\tests\tfstests.oss.helpers.ts::tfstests.oss" name="TFSTests.Oss.Helpers VerifyNugetVersionComparator" />
    </UnitTest>
    <UnitTest name="TFSTests.Oss.Controls VerifyRefreshDataMethodOfOssRequestFilterControlForCorrectRequestFilter" storage="d:\v2.0\a1\_work\dbded102\vso\tfs\service\webaccess\oss\testscripts\tests\tfstests.oss.controls.ts" id="914785e1-a8bd-47ef-846b-3a5cab2be6a3">
      <Execution id="9ac7527e-672e-4145-9bce-6d4dc4674fae" />
      <TestMethod codeBase="d:\v2.0\a1\_work\dbded102\vso\tfs\service\webaccess\oss\testscripts\tests\tfstests.oss.controls.ts" adapterTypeName="Microsoft.VisualStudio.TestTools.TestTypes.Unit.UnitTestAdapter" className="d:\v2.0\a1\_work\dbded102\vso\tfs\service\webaccess\oss\testscripts\tests\tfstests.oss.controls.ts::tfstests.oss" name="TFSTests.Oss.Controls VerifyRefreshDataMethodOfOssRequestFilterControlForCorrectRequestFilter" />
    </UnitTest>
    <UnitTest name="TFSTests.Oss.Controls VerifyOssRequestsFilterControlprepareExpandedSourceData" storage="d:\v2.0\a1\_work\dbded102\vso\tfs\service\webaccess\oss\testscripts\tests\tfstests.oss.controls.ts" id="356e1446-c9a0-4771-bd55-c132ed062906">
      <Execution id="64ee4c17-ea92-4bb5-b24d-163b190d4726" />
      <TestMethod codeBase="d:\v2.0\a1\_work\dbded102\vso\tfs\service\webaccess\oss\testscripts\tests\tfstests.oss.controls.ts" adapterTypeName="Microsoft.VisualStudio.TestTools.TestTypes.Unit.UnitTestAdapter" className="d:\v2.0\a1\_work\dbded102\vso\tfs\service\webaccess\oss\testscripts\tests\tfstests.oss.controls.ts::tfstests.oss" name="TFSTests.Oss.Controls VerifyOssRequestsFilterControlprepareExpandedSourceData" />
    </UnitTest>
    <UnitTest name="TFSTests.Oss.Controls ValidationTextBoxIsInitializedProperly" storage="d:\v2.0\a1\_work\dbded102\vso\tfs\service\webaccess\oss\testscripts\tests\tfstests.oss.controls.ts" id="c49a6f34-1594-466b-a9f6-76a1c5ca7cf3">
      <Execution id="da357876-cb45-47bc-9bb3-ea73f278513b" />
      <TestMethod codeBase="d:\v2.0\a1\_work\dbded102\vso\tfs\service\webaccess\oss\testscripts\tests\tfstests.oss.controls.ts" adapterTypeName="Microsoft.VisualStudio.TestTools.TestTypes.Unit.UnitTestAdapter" className="d:\v2.0\a1\_work\dbded102\vso\tfs\service\webaccess\oss\testscripts\tests\tfstests.oss.controls.ts::tfstests.oss" name="TFSTests.Oss.Controls ValidationTextBoxIsInitializedProperly" />
    </UnitTest>
    <UnitTest name="TFSTests.Oss.Controls ValidationTextBoxChangesStatesProperlyOnSetValidationStarted" storage="d:\v2.0\a1\_work\dbded102\vso\tfs\service\webaccess\oss\testscripts\tests\tfstests.oss.controls.ts" id="46ac016b-6780-4d27-bb11-7b8853aa7ae5">
      <Execution id="4fde59cb-6475-4544-a69e-63062bfe169a" />
      <TestMethod codeBase="d:\v2.0\a1\_work\dbded102\vso\tfs\service\webaccess\oss\testscripts\tests\tfstests.oss.controls.ts" adapterTypeName="Microsoft.VisualStudio.TestTools.TestTypes.Unit.UnitTestAdapter" className="d:\v2.0\a1\_work\dbded102\vso\tfs\service\webaccess\oss\testscripts\tests\tfstests.oss.controls.ts::tfstests.oss" name="TFSTests.Oss.Controls ValidationTextBoxChangesStatesProperlyOnSetValidationStarted" />
    </UnitTest>
    <UnitTest name="TFSTests.Oss.Controls ValidationTextBoxChangesStatesProperlyOnSetValidationCompleted" storage="d:\v2.0\a1\_work\dbded102\vso\tfs\service\webaccess\oss\testscripts\tests\tfstests.oss.controls.ts" id="9f12f176-80c6-487d-b668-1c96a2ef3689">
      <Execution id="f13098a4-64e8-4d59-91d7-c75de723a0a7" />
      <TestMethod codeBase="d:\v2.0\a1\_work\dbded102\vso\tfs\service\webaccess\oss\testscripts\tests\tfstests.oss.controls.ts" adapterTypeName="Microsoft.VisualStudio.TestTools.TestTypes.Unit.UnitTestAdapter" className="d:\v2.0\a1\_work\dbded102\vso\tfs\service\webaccess\oss\testscripts\tests\tfstests.oss.controls.ts::tfstests.oss" name="TFSTests.Oss.Controls ValidationTextBoxChangesStatesProperlyOnSetValidationCompleted" />
    </UnitTest>
    <UnitTest name="TFSTests.Oss.Controls ValidationTextBoxChangesStatesProperlyOnSetValidationCanceled" storage="d:\v2.0\a1\_work\dbded102\vso\tfs\service\webaccess\oss\testscripts\tests\tfstests.oss.controls.ts" id="652a818a-6f04-4bdf-a860-2e61b15de431">
      <Execution id="ffff6e9e-3e67-4baa-89d2-1dad61cc3aef" />
      <TestMethod codeBase="d:\v2.0\a1\_work\dbded102\vso\tfs\service\webaccess\oss\testscripts\tests\tfstests.oss.controls.ts" adapterTypeName="Microsoft.VisualStudio.TestTools.TestTypes.Unit.UnitTestAdapter" className="d:\v2.0\a1\_work\dbded102\vso\tfs\service\webaccess\oss\testscripts\tests\tfstests.oss.controls.ts::tfstests.oss" name="TFSTests.Oss.Controls ValidationTextBoxChangesStatesProperlyOnSetValidationCanceled" />
    </UnitTest>
    <UnitTest name="TFSTests.Oss.Controls ValidationTextBoxChangesStatesProperly" storage="d:\v2.0\a1\_work\dbded102\vso\tfs\service\webaccess\oss\testscripts\tests\tfstests.oss.controls.ts" id="5074457e-9b4e-4afb-b80c-3fb3ec1281b3">
      <Execution id="4d74fbbc-38cb-4421-88a9-ad937e97a6e2" />
      <TestMethod codeBase="d:\v2.0\a1\_work\dbded102\vso\tfs\service\webaccess\oss\testscripts\tests\tfstests.oss.controls.ts" adapterTypeName="Microsoft.VisualStudio.TestTools.TestTypes.Unit.UnitTestAdapter" className="d:\v2.0\a1\_work\dbded102\vso\tfs\service\webaccess\oss\testscripts\tests\tfstests.oss.controls.ts::tfstests.oss" name="TFSTests.Oss.Controls ValidationTextBoxChangesStatesProperly" />
    </UnitTest>
    <UnitTest name="TFSTests.Oss.Controls Accordion is initialized properly" storage="d:\v2.0\a1\_work\dbded102\vso\tfs\service\webaccess\oss\testscripts\tests\tfstests.oss.controls.ts" id="bdb9b51c-edda-4a9a-a6e1-4e2852e3566f">
      <Execution id="8f2325c3-2faa-4464-a76a-ef938d39c53d" />
      <TestMethod codeBase="d:\v2.0\a1\_work\dbded102\vso\tfs\service\webaccess\oss\testscripts\tests\tfstests.oss.controls.ts" adapterTypeName="Microsoft.VisualStudio.TestTools.TestTypes.Unit.UnitTestAdapter" className="d:\v2.0\a1\_work\dbded102\vso\tfs\service\webaccess\oss\testscripts\tests\tfstests.oss.controls.ts::tfstests.oss" name="TFSTests.Oss.Controls Accordion is initialized properly" />
    </UnitTest>
    <UnitTest name="TFSTests.Oss.Controls AccordionSetsShowIconIfIconCssIsPassed" storage="d:\v2.0\a1\_work\dbded102\vso\tfs\service\webaccess\oss\testscripts\tests\tfstests.oss.controls.ts" id="2f6a5565-ff3c-4fa9-b7c5-8612a27c2862">
      <Execution id="3cd60abb-6234-48f4-b4d3-4ee7c4732f72" />
      <TestMethod codeBase="d:\v2.0\a1\_work\dbded102\vso\tfs\service\webaccess\oss\testscripts\tests\tfstests.oss.controls.ts" adapterTypeName="Microsoft.VisualStudio.TestTools.TestTypes.Unit.UnitTestAdapter" className="d:\v2.0\a1\_work\dbded102\vso\tfs\service\webaccess\oss\testscripts\tests\tfstests.oss.controls.ts::tfstests.oss" name="TFSTests.Oss.Controls AccordionSetsShowIconIfIconCssIsPassed" />
    </UnitTest>
    <UnitTest name="TFSTests.Oss.Controls AccordionHidesTheElementIfExpandedIsSetToFalse" storage="d:\v2.0\a1\_work\dbded102\vso\tfs\service\webaccess\oss\testscripts\tests\tfstests.oss.controls.ts" id="b9888108-ca66-42dc-8079-70d075adc4a8">
      <Execution id="3a932e61-c0c1-49ab-a7ef-bbbc005c17c0" />
      <TestMethod codeBase="d:\v2.0\a1\_work\dbded102\vso\tfs\service\webaccess\oss\testscripts\tests\tfstests.oss.controls.ts" adapterTypeName="Microsoft.VisualStudio.TestTools.TestTypes.Unit.UnitTestAdapter" className="d:\v2.0\a1\_work\dbded102\vso\tfs\service\webaccess\oss\testscripts\tests\tfstests.oss.controls.ts::tfstests.oss" name="TFSTests.Oss.Controls AccordionHidesTheElementIfExpandedIsSetToFalse" />
    </UnitTest>
    <UnitTest name="TFSTests.Oss.Controls AccordionExpandsTheElementIfExpandedIsSetToTrue" storage="d:\v2.0\a1\_work\dbded102\vso\tfs\service\webaccess\oss\testscripts\tests\tfstests.oss.controls.ts" id="781bc51b-0421-481f-af90-058df44ec339">
      <Execution id="8d88ca69-dfa2-4ef0-b065-3f6238025901" />
      <TestMethod codeBase="d:\v2.0\a1\_work\dbded102\vso\tfs\service\webaccess\oss\testscripts\tests\tfstests.oss.controls.ts" adapterTypeName="Microsoft.VisualStudio.TestTools.TestTypes.Unit.UnitTestAdapter" className="d:\v2.0\a1\_work\dbded102\vso\tfs\service\webaccess\oss\testscripts\tests\tfstests.oss.controls.ts::tfstests.oss" name="TFSTests.Oss.Controls AccordionExpandsTheElementIfExpandedIsSetToTrue" />
    </UnitTest>
    <UnitTest name="TFSTests.Oss.Controls AccordionchangesElementStateOnExpandClick" storage="d:\v2.0\a1\_work\dbded102\vso\tfs\service\webaccess\oss\testscripts\tests\tfstests.oss.controls.ts" id="125400af-64e2-4817-9677-bfc1829bb98e">
      <Execution id="eb0fe044-0f64-444d-a7a1-453f4235b1a7" />
      <TestMethod codeBase="d:\v2.0\a1\_work\dbded102\vso\tfs\service\webaccess\oss\testscripts\tests\tfstests.oss.controls.ts" adapterTypeName="Microsoft.VisualStudio.TestTools.TestTypes.Unit.UnitTestAdapter" className="d:\v2.0\a1\_work\dbded102\vso\tfs\service\webaccess\oss\testscripts\tests\tfstests.oss.controls.ts::tfstests.oss" name="TFSTests.Oss.Controls AccordionchangesElementStateOnExpandClick" />
    </UnitTest>
    <UnitTest name="TFSTests.Oss.Controls AccordionNotifiesSubscribersIfExpandIsClicked" storage="d:\v2.0\a1\_work\dbded102\vso\tfs\service\webaccess\oss\testscripts\tests\tfstests.oss.controls.ts" id="e7568739-80bd-455d-b44c-15ab0cb6ede7">
      <Execution id="58aea924-a55b-481a-b933-800d9c04b87d" />
      <TestMethod codeBase="d:\v2.0\a1\_work\dbded102\vso\tfs\service\webaccess\oss\testscripts\tests\tfstests.oss.controls.ts" adapterTypeName="Microsoft.VisualStudio.TestTools.TestTypes.Unit.UnitTestAdapter" className="d:\v2.0\a1\_work\dbded102\vso\tfs\service\webaccess\oss\testscripts\tests\tfstests.oss.controls.ts::tfstests.oss" name="TFSTests.Oss.Controls AccordionNotifiesSubscribersIfExpandIsClicked" />
    </UnitTest>
    <UnitTest name="TFSTests.Oss.ViewViewModels VerifyHistoryElementsOrder" storage="d:\v2.0\a1\_work\dbded102\vso\tfs\service\webaccess\oss\testscripts\tests\tfstests.oss.viewviewmodels.ts" id="ead0370e-0f7b-4b79-b3b7-5295ac81b0c2">
      <Execution id="efc57461-655e-4117-9dbe-c4bebbb85ecc" />
      <TestMethod codeBase="d:\v2.0\a1\_work\dbded102\vso\tfs\service\webaccess\oss\testscripts\tests\tfstests.oss.viewviewmodels.ts" adapterTypeName="Microsoft.VisualStudio.TestTools.TestTypes.Unit.UnitTestAdapter" className="d:\v2.0\a1\_work\dbded102\vso\tfs\service\webaccess\oss\testscripts\tests\tfstests.oss.viewviewmodels.ts::tfstests.oss" name="TFSTests.Oss.ViewViewModels VerifyHistoryElementsOrder" />
    </UnitTest>
  </TestDefinitions>
  <TestEntries>
    <TestEntry testId="61118966-74a2-471c-8f84-8595b2089db3" executionId="7521a4d3-1fc9-428b-9f08-7a4233553d53" testListId="8c84fa94-04c1-424b-9868-57a2d4851a1d" />
    <TestEntry testId="914785e1-a8bd-47ef-846b-3a5cab2be6a3" executionId="9ac7527e-672e-4145-9bce-6d4dc4674fae" testListId="8c84fa94-04c1-424b-9868-57a2d4851a1d" />
    <TestEntry testId="356e1446-c9a0-4771-bd55-c132ed062906" executionId="64ee4c17-ea92-4bb5-b24d-163b190d4726" testListId="8c84fa94-04c1-424b-9868-57a2d4851a1d" />
    <TestEntry testId="c49a6f34-1594-466b-a9f6-76a1c5ca7cf3" executionId="da357876-cb45-47bc-9bb3-ea73f278513b" testListId="8c84fa94-04c1-424b-9868-57a2d4851a1d" />
    <TestEntry testId="46ac016b-6780-4d27-bb11-7b8853aa7ae5" executionId="4fde59cb-6475-4544-a69e-63062bfe169a" testListId="8c84fa94-04c1-424b-9868-57a2d4851a1d" />
    <TestEntry testId="9f12f176-80c6-487d-b668-1c96a2ef3689" executionId="f13098a4-64e8-4d59-91d7-c75de723a0a7" testListId="8c84fa94-04c1-424b-9868-57a2d4851a1d" />
    <TestEntry testId="652a818a-6f04-4bdf-a860-2e61b15de431" executionId="ffff6e9e-3e67-4baa-89d2-1dad61cc3aef" testListId="8c84fa94-04c1-424b-9868-57a2d4851a1d" />
    <TestEntry testId="5074457e-9b4e-4afb-b80c-3fb3ec1281b3" executionId="4d74fbbc-38cb-4421-88a9-ad937e97a6e2" testListId="8c84fa94-04c1-424b-9868-57a2d4851a1d" />
    <TestEntry testId="bdb9b51c-edda-4a9a-a6e1-4e2852e3566f" executionId="8f2325c3-2faa-4464-a76a-ef938d39c53d" testListId="8c84fa94-04c1-424b-9868-57a2d4851a1d" />
    <TestEntry testId="2f6a5565-ff3c-4fa9-b7c5-8612a27c2862" executionId="3cd60abb-6234-48f4-b4d3-4ee7c4732f72" testListId="8c84fa94-04c1-424b-9868-57a2d4851a1d" />
    <TestEntry testId="b9888108-ca66-42dc-8079-70d075adc4a8" executionId="3a932e61-c0c1-49ab-a7ef-bbbc005c17c0" testListId="8c84fa94-04c1-424b-9868-57a2d4851a1d" />
    <TestEntry testId="781bc51b-0421-481f-af90-058df44ec339" executionId="8d88ca69-dfa2-4ef0-b065-3f6238025901" testListId="8c84fa94-04c1-424b-9868-57a2d4851a1d" />
    <TestEntry testId="125400af-64e2-4817-9677-bfc1829bb98e" executionId="eb0fe044-0f64-444d-a7a1-453f4235b1a7" testListId="8c84fa94-04c1-424b-9868-57a2d4851a1d" />
    <TestEntry testId="e7568739-80bd-455d-b44c-15ab0cb6ede7" executionId="58aea924-a55b-481a-b933-800d9c04b87d" testListId="8c84fa94-04c1-424b-9868-57a2d4851a1d" />
    <TestEntry testId="ead0370e-0f7b-4b79-b3b7-5295ac81b0c2" executionId="efc57461-655e-4117-9dbe-c4bebbb85ecc" testListId="8c84fa94-04c1-424b-9868-57a2d4851a1d" />
  </TestEntries>
  <TestLists>
    <TestList name="Results Not in a List" id="8c84fa94-04c1-424b-9868-57a2d4851a1d" />
    <TestList name="All Loaded Results" id="19431567-8539-422a-85d7-44ee4e166bda" />
  </TestLists>
  <ResultSummary outcome="Completed">
    <Counters total="15" executed="15" passed="15" failed="0" error="0" timeout="0" aborted="0" inconclusive="0" passedButRunAborted="0" notRunnable="0" notExecuted="0" disconnected="0" warning="0" completed="0" inProgress="0" pending="0" />
  </ResultSummary>
</TestRun>