<?xml version="1.0" encoding="UTF-8"?>
<TestRun id="14aacb9e-3097-41a0-bdb2-7f110dc00d32" name="tfsmladm@TFSBUILD11 2015-09-28 09:43:15" runUser="REDMOND\tfsmladm" xmlns="http://microsoft.com/schemas/VisualStudio/TeamTest/2010">
  <Times creation="2015-09-28T09:43:15.9675524-07:00" queuing="2015-09-28T09:43:15.9675524-07:00" start="2015-09-28T09:43:15.9831785-07:00" finish="2015-09-28T09:43:16.0300568-07:00" />
  <TestSettings name="default" id="89e4cb3c-467b-4189-8e22-d0e6b4d2949a">
    <Execution>
      <TestTypeSpecific />
    </Execution>
    <Deployment runDeploymentRoot="tfsmladm_TFSBUILD11 2015-09-28 09_43_15" />
    <Properties />
  </TestSettings>
  <Results>
    <UnitTestResult executionId="c3b6a4c4-4d31-4c4e-8f66-27b677447b8c" testId="4deebc8d-841c-1f44-b71d-19e9f6ec344f" testName="RetrieveProjectNameShouldReturnProjectNameAsProvidedByValidInput" computerName="TFSBUILD11" duration="00:00:00.0155576" startTime="2015-09-28T09:43:15.5768999-07:00" endTime="2015-09-28T09:43:15.6394046-07:00" testType="13cdc9d9-ddb5-4fa4-a97d-d965ccfc6d4b" outcome="Passed" testListId="8c84fa94-04c1-424b-9868-57a2d4851a1d" relativeResultsDirectory="c3b6a4c4-4d31-4c4e-8f66-27b677447b8c">
      <Output>
        <StdOut>Debug Trace:
##[Debug][Verbose@16:43:15.623] projectName=Test</StdOut>
      </Output>
    </UnitTestResult>
    <UnitTestResult executionId="feb0530c-19f6-4337-8386-c2f2165fbe2b" testId="e88b7027-768a-ad45-bbf3-0d3a1be1d84b" testName="RetrieveProjectNameShouldReturnDefaultProjectNameIfInputIsNullOrEmpty" computerName="TFSBUILD11" duration="00:00:00.0004073" startTime="2015-09-28T09:43:15.6550302-07:00" endTime="2015-09-28T09:43:15.6550302-07:00" testType="13cdc9d9-ddb5-4fa4-a97d-d965ccfc6d4b" outcome="Passed" testListId="8c84fa94-04c1-424b-9868-57a2d4851a1d" relativeResultsDirectory="feb0530c-19f6-4337-8386-c2f2165fbe2b">
      <Output>
        <StdOut>Debug Trace:
##[Debug][Verbose@16:43:15.655] projectName=Test
##[Debug][Verbose@16:43:15.655] projectName=Test</StdOut>
      </Output>
    </UnitTestResult>
    <UnitTestResult executionId="b1e11bbd-2fc7-48fd-a295-e1d17aef89bd" testId="9d66ab3a-2b53-289a-ca79-504b4ccf235c" testName="GetFilteredResourcesShouldReturnCorrectResponse" computerName="TFSBUILD11" duration="00:00:00.0168345" startTime="2015-09-28T09:43:15.6550302-07:00" endTime="2015-09-28T09:43:15.6706563-07:00" testType="13cdc9d9-ddb5-4fa4-a97d-d965ccfc6d4b" outcome="Passed" testListId="8c84fa94-04c1-424b-9868-57a2d4851a1d" relativeResultsDirectory="b1e11bbd-2fc7-48fd-a295-e1d17aef89bd" />
    <UnitTestResult executionId="ba0dd695-e30f-4ff8-a5cc-1833a9e4170f" testId="a1f7af4e-b3c2-8e08-9531-cb30f34b65ea" testName="GetFilteredResourcesShouldReturnAllResourcesIfFilterIsNull" computerName="TFSBUILD11" duration="00:00:00.0001848" startTime="2015-09-28T09:43:15.6706563-07:00" endTime="2015-09-28T09:43:15.6706563-07:00" testType="13cdc9d9-ddb5-4fa4-a97d-d965ccfc6d4b" outcome="Passed" testListId="8c84fa94-04c1-424b-9868-57a2d4851a1d" relativeResultsDirectory="ba0dd695-e30f-4ff8-a5cc-1833a9e4170f" />
    <UnitTestResult executionId="815d8909-103d-431a-8446-fd89bb3f6107" testId="fd3fe0cf-0005-01a4-3c28-880d3c7a20a4" testName="GetFilteredResourceShouldReturnUniqueList" computerName="TFSBUILD11" duration="00:00:00.0018577" startTime="2015-09-28T09:43:15.6706563-07:00" endTime="2015-09-28T09:43:15.6706563-07:00" testType="13cdc9d9-ddb5-4fa4-a97d-d965ccfc6d4b" outcome="Passed" testListId="8c84fa94-04c1-424b-9868-57a2d4851a1d" relativeResultsDirectory="815d8909-103d-431a-8446-fd89bb3f6107" />
    <UnitTestResult executionId="a59a7a3d-0906-4475-a343-ed8e23c2c787" testId="b4b79cc5-97b2-67b7-fb50-2e46b9c6da9a" testName="DeployPSToRemoteShouldShouldReturnPassOnSuccess" computerName="TFSBUILD11" duration="00:00:00.2269611" startTime="2015-09-28T09:43:15.6706563-07:00" endTime="2015-09-28T09:43:15.9050482-07:00" testType="13cdc9d9-ddb5-4fa4-a97d-d965ccfc6d4b" outcome="Passed" testListId="8c84fa94-04c1-424b-9868-57a2d4851a1d" relativeResultsDirectory="a59a7a3d-0906-4475-a343-ed8e23c2c787">
      <Output>
        <StdOut>Debug Trace:
##[Debug][Verbose@16:43:15.873] Begin Invoke-PsOnRemote
##[Debug][Verbose@16:43:15.873] Input param MachineDnsName : MachineName
##[Debug][Verbose@16:43:15.873] Input param ScriptPath : C:\DummyPath\Script.ps1
##[Debug][Verbose@16:43:15.873] Input param InitializationScriptPath : C:\DummyPath\InitializationScript.ps1
##[Debug][Verbose@16:43:15.873] Input param User : \username
##[Debug][Verbose@16:43:15.873] Input param SkipCACheck : False
##[Debug][Verbose@16:43:15.873] Input param UseHttp : False
##[Debug][Verbose@16:43:15.873] Input param WinRMPort : 5986
##[Debug][Verbose@16:43:15.873] Input param ScriptBlockContent : 
##[Debug][Verbose@16:43:15.905] End Invoke-PsOnRemote</StdOut>
      </Output>
    </UnitTestResult>
    <UnitTestResult executionId="4fd116e6-63c4-45d4-8fdd-71d54135397b" testId="4fe80b26-b0f3-862b-0012-74536339817a" testName="DeployPSToRemoteCmdletShouldWorkWithNullInitializationScriptPath" computerName="TFSBUILD11" duration="00:00:00.0079467" startTime="2015-09-28T09:43:15.9050482-07:00" endTime="2015-09-28T09:43:15.9050482-07:00" testType="13cdc9d9-ddb5-4fa4-a97d-d965ccfc6d4b" outcome="Passed" testListId="8c84fa94-04c1-424b-9868-57a2d4851a1d" relativeResultsDirectory="4fd116e6-63c4-45d4-8fdd-71d54135397b">
      <Output>
        <StdOut>Debug Trace:
##[Debug][Verbose@16:43:15.905] Begin Invoke-PsOnRemote
##[Debug][Verbose@16:43:15.905] Input param MachineDnsName : MachineName
##[Debug][Verbose@16:43:15.905] Input param ScriptPath : C:\DummyPath\Script.ps1
##[Debug][Verbose@16:43:15.905] Input param InitializationScriptPath : 
##[Debug][Verbose@16:43:15.905] Input param User : \username
##[Debug][Verbose@16:43:15.905] Input param SkipCACheck : False
##[Debug][Verbose@16:43:15.905] Input param UseHttp : False
##[Debug][Verbose@16:43:15.905] Input param WinRMPort : 5986
##[Debug][Verbose@16:43:15.905] Input param ScriptBlockContent : 
##[Debug][Verbose@16:43:15.905] End Invoke-PsOnRemote</StdOut>
      </Output>
    </UnitTestResult>
    <UnitTestResult executionId="b27a5507-576b-4f7a-9ceb-1ae44ef51f11" testId="69e48b74-e82b-f6b8-3b4c-b9c49c2706f7" testName="ParseSessionVariablesShouldThrowIfNoValueIsProvided" computerName="TFSBUILD11" duration="00:00:00.0240767" startTime="2015-09-28T09:43:15.9050482-07:00" endTime="2015-09-28T09:43:15.9363002-07:00" testType="13cdc9d9-ddb5-4fa4-a97d-d965ccfc6d4b" outcome="Passed" testListId="8c84fa94-04c1-424b-9868-57a2d4851a1d" relativeResultsDirectory="b27a5507-576b-4f7a-9ceb-1ae44ef51f11" />
    <UnitTestResult executionId="5763e5ad-27a6-4377-81ab-a96cd35539df" testId="9c3cc844-b317-5419-61d4-7541f8ecf33c" testName="ParseSessionVariablesShouldThrowIfNoKeyIsProvided" computerName="TFSBUILD11" duration="00:00:00.0025981" startTime="2015-09-28T09:43:15.9363002-07:00" endTime="2015-09-28T09:43:15.9363002-07:00" testType="13cdc9d9-ddb5-4fa4-a97d-d965ccfc6d4b" outcome="Passed" testListId="8c84fa94-04c1-424b-9868-57a2d4851a1d" relativeResultsDirectory="5763e5ad-27a6-4377-81ab-a96cd35539df" />
    <UnitTestResult executionId="2c647e14-d98b-44f0-bd03-5324eecd9c93" testId="b1a6d495-521c-e86b-1c23-f7f91b94339d" testName="ParseSessionVariablesShouldThrowForWrongInput" computerName="TFSBUILD11" duration="00:00:00.0107388" startTime="2015-09-28T09:43:15.9519263-07:00" endTime="2015-09-28T09:43:15.9519263-07:00" testType="13cdc9d9-ddb5-4fa4-a97d-d965ccfc6d4b" outcome="Passed" testListId="8c84fa94-04c1-424b-9868-57a2d4851a1d" relativeResultsDirectory="2c647e14-d98b-44f0-bd03-5324eecd9c93" />
    <UnitTestResult executionId="3bb0848b-e490-4b4c-8a00-7d513472e981" testId="ae1a8d2d-7069-2dae-5534-26365b1abc01" testName="ParseSessionVariablesShouldNotFailForNullOrEmptyInput" computerName="TFSBUILD11" duration="00:00:00.0003447" startTime="2015-09-28T09:43:15.9519263-07:00" endTime="2015-09-28T09:43:15.9519263-07:00" testType="13cdc9d9-ddb5-4fa4-a97d-d965ccfc6d4b" outcome="Passed" testListId="8c84fa94-04c1-424b-9868-57a2d4851a1d" relativeResultsDirectory="3bb0848b-e490-4b4c-8a00-7d513472e981" />
    <UnitTestResult executionId="f20d5d30-27cf-4c16-b80d-68184eb83a00" testId="1ae0f355-5e8e-733d-f473-00c8792a9a7e" testName="ParseSessionVariablesShouldReturnCorrectlyParsedValuesForCorrectInput" computerName="TFSBUILD11" duration="00:00:00.0102556" startTime="2015-09-28T09:43:15.9519263-07:00" endTime="2015-09-28T09:43:15.9675524-07:00" testType="13cdc9d9-ddb5-4fa4-a97d-d965ccfc6d4b" outcome="Passed" testListId="8c84fa94-04c1-424b-9868-57a2d4851a1d" relativeResultsDirectory="f20d5d30-27cf-4c16-b80d-68184eb83a00" />
  </Results>
  <TestDefinitions>
    <UnitTest name="RetrieveProjectNameShouldReturnProjectNameAsProvidedByValidInput" storage="d:\v2.0\a1\_work\dbded102\bin\release.anycpu\devtestlabs.agent\ms.tf.distributedtask.task.devtestlabs.l0.tests\ms.tf.distributedtask.task.devtestlabs.l0.tests.dll" id="4deebc8d-841c-1f44-b71d-19e9f6ec344f">
      <Execution id="c3b6a4c4-4d31-4c4e-8f66-27b677447b8c" />
      <TestMethod codeBase="D:\v2.0\A1\_work\dbded102\bin\Release.AnyCPU\DevTestLabs.Agent\MS.TF.DistributedTask.Task.DevTestLabs.L0.Tests\MS.TF.DistributedTask.Task.DevTestLabs.L0.Tests.dll" adapterTypeName="Microsoft.VisualStudio.TestTools.TestTypes.Unit.UnitTestAdapter" className="MS.TF.DistributedTask.Task.DevTestLabs.Tests.CmdletHelperTests" name="RetrieveProjectNameShouldReturnProjectNameAsProvidedByValidInput" />
    </UnitTest>
    <UnitTest name="RetrieveProjectNameShouldReturnDefaultProjectNameIfInputIsNullOrEmpty" storage="d:\v2.0\a1\_work\dbded102\bin\release.anycpu\devtestlabs.agent\ms.tf.distributedtask.task.devtestlabs.l0.tests\ms.tf.distributedtask.task.devtestlabs.l0.tests.dll" id="e88b7027-768a-ad45-bbf3-0d3a1be1d84b">
      <Execution id="feb0530c-19f6-4337-8386-c2f2165fbe2b" />
      <TestMethod codeBase="D:\v2.0\A1\_work\dbded102\bin\Release.AnyCPU\DevTestLabs.Agent\MS.TF.DistributedTask.Task.DevTestLabs.L0.Tests\MS.TF.DistributedTask.Task.DevTestLabs.L0.Tests.dll" adapterTypeName="Microsoft.VisualStudio.TestTools.TestTypes.Unit.UnitTestAdapter" className="MS.TF.DistributedTask.Task.DevTestLabs.Tests.CmdletHelperTests" name="RetrieveProjectNameShouldReturnDefaultProjectNameIfInputIsNullOrEmpty" />
    </UnitTest>
    <UnitTest name="GetFilteredResourcesShouldReturnCorrectResponse" storage="d:\v2.0\a1\_work\dbded102\bin\release.anycpu\devtestlabs.agent\ms.tf.distributedtask.task.devtestlabs.l0.tests\ms.tf.distributedtask.task.devtestlabs.l0.tests.dll" id="9d66ab3a-2b53-289a-ca79-504b4ccf235c">
      <Execution id="b1e11bbd-2fc7-48fd-a295-e1d17aef89bd" />
      <TestMethod codeBase="D:\v2.0\A1\_work\dbded102\bin\Release.AnyCPU\DevTestLabs.Agent\MS.TF.DistributedTask.Task.DevTestLabs.L0.Tests\MS.TF.DistributedTask.Task.DevTestLabs.L0.Tests.dll" adapterTypeName="Microsoft.VisualStudio.TestTools.TestTypes.Unit.UnitTestAdapter" className="MS.TF.DistributedTask.Task.DevTestLabs.Tests.CmdletHelperTests" name="GetFilteredResourcesShouldReturnCorrectResponse" />
    </UnitTest>
    <UnitTest name="GetFilteredResourcesShouldReturnAllResourcesIfFilterIsNull" storage="d:\v2.0\a1\_work\dbded102\bin\release.anycpu\devtestlabs.agent\ms.tf.distributedtask.task.devtestlabs.l0.tests\ms.tf.distributedtask.task.devtestlabs.l0.tests.dll" id="a1f7af4e-b3c2-8e08-9531-cb30f34b65ea">
      <Execution id="ba0dd695-e30f-4ff8-a5cc-1833a9e4170f" />
      <TestMethod codeBase="D:\v2.0\A1\_work\dbded102\bin\Release.AnyCPU\DevTestLabs.Agent\MS.TF.DistributedTask.Task.DevTestLabs.L0.Tests\MS.TF.DistributedTask.Task.DevTestLabs.L0.Tests.dll" adapterTypeName="Microsoft.VisualStudio.TestTools.TestTypes.Unit.UnitTestAdapter" className="MS.TF.DistributedTask.Task.DevTestLabs.Tests.CmdletHelperTests" name="GetFilteredResourcesShouldReturnAllResourcesIfFilterIsNull" />
    </UnitTest>
    <UnitTest name="GetFilteredResourceShouldReturnUniqueList" storage="d:\v2.0\a1\_work\dbded102\bin\release.anycpu\devtestlabs.agent\ms.tf.distributedtask.task.devtestlabs.l0.tests\ms.tf.distributedtask.task.devtestlabs.l0.tests.dll" id="fd3fe0cf-0005-01a4-3c28-880d3c7a20a4">
      <Execution id="815d8909-103d-431a-8446-fd89bb3f6107" />
      <TestMethod codeBase="D:\v2.0\A1\_work\dbded102\bin\Release.AnyCPU\DevTestLabs.Agent\MS.TF.DistributedTask.Task.DevTestLabs.L0.Tests\MS.TF.DistributedTask.Task.DevTestLabs.L0.Tests.dll" adapterTypeName="Microsoft.VisualStudio.TestTools.TestTypes.Unit.UnitTestAdapter" className="MS.TF.DistributedTask.Task.DevTestLabs.Tests.CmdletHelperTests" name="GetFilteredResourceShouldReturnUniqueList" />
    </UnitTest>
    <UnitTest name="DeployPSToRemoteShouldShouldReturnPassOnSuccess" storage="d:\v2.0\a1\_work\dbded102\bin\release.anycpu\devtestlabs.agent\ms.tf.distributedtask.task.devtestlabs.l0.tests\ms.tf.distributedtask.task.devtestlabs.l0.tests.dll" id="b4b79cc5-97b2-67b7-fb50-2e46b9c6da9a">
      <Execution id="a59a7a3d-0906-4475-a343-ed8e23c2c787" />
      <TestMethod codeBase="D:\v2.0\A1\_work\dbded102\bin\Release.AnyCPU\DevTestLabs.Agent\MS.TF.DistributedTask.Task.DevTestLabs.L0.Tests\MS.TF.DistributedTask.Task.DevTestLabs.L0.Tests.dll" adapterTypeName="Microsoft.VisualStudio.TestTools.TestTypes.Unit.UnitTestAdapter" className="MS.TF.DistributedTask.Task.DevTestLabs.Tests.DeployPSToRemoteTests" name="DeployPSToRemoteShouldShouldReturnPassOnSuccess" />
    </UnitTest>
    <UnitTest name="DeployPSToRemoteCmdletShouldWorkWithNullInitializationScriptPath" storage="d:\v2.0\a1\_work\dbded102\bin\release.anycpu\devtestlabs.agent\ms.tf.distributedtask.task.devtestlabs.l0.tests\ms.tf.distributedtask.task.devtestlabs.l0.tests.dll" id="4fe80b26-b0f3-862b-0012-74536339817a">
      <Execution id="4fd116e6-63c4-45d4-8fdd-71d54135397b" />
      <TestMethod codeBase="D:\v2.0\A1\_work\dbded102\bin\Release.AnyCPU\DevTestLabs.Agent\MS.TF.DistributedTask.Task.DevTestLabs.L0.Tests\MS.TF.DistributedTask.Task.DevTestLabs.L0.Tests.dll" adapterTypeName="Microsoft.VisualStudio.TestTools.TestTypes.Unit.UnitTestAdapter" className="MS.TF.DistributedTask.Task.DevTestLabs.Tests.DeployPSToRemoteTests" name="DeployPSToRemoteCmdletShouldWorkWithNullInitializationScriptPath" />
    </UnitTest>
    <UnitTest name="ParseSessionVariablesShouldThrowIfNoValueIsProvided" storage="d:\v2.0\a1\_work\dbded102\bin\release.anycpu\devtestlabs.agent\ms.tf.distributedtask.task.devtestlabs.l0.tests\ms.tf.distributedtask.task.devtestlabs.l0.tests.dll" id="69e48b74-e82b-f6b8-3b4c-b9c49c2706f7">
      <Execution id="b27a5507-576b-4f7a-9ceb-1ae44ef51f11" />
      <TestMethod codeBase="D:\v2.0\A1\_work\dbded102\bin\Release.AnyCPU\DevTestLabs.Agent\MS.TF.DistributedTask.Task.DevTestLabs.L0.Tests\MS.TF.DistributedTask.Task.DevTestLabs.L0.Tests.dll" adapterTypeName="Microsoft.VisualStudio.TestTools.TestTypes.Unit.UnitTestAdapter" className="MS.TF.DistributedTask.Task.DevTestLabs.Tests.ParseHelperTests" name="ParseSessionVariablesShouldThrowIfNoValueIsProvided" />
    </UnitTest>
    <UnitTest name="ParseSessionVariablesShouldThrowIfNoKeyIsProvided" storage="d:\v2.0\a1\_work\dbded102\bin\release.anycpu\devtestlabs.agent\ms.tf.distributedtask.task.devtestlabs.l0.tests\ms.tf.distributedtask.task.devtestlabs.l0.tests.dll" id="9c3cc844-b317-5419-61d4-7541f8ecf33c">
      <Execution id="5763e5ad-27a6-4377-81ab-a96cd35539df" />
      <TestMethod codeBase="D:\v2.0\A1\_work\dbded102\bin\Release.AnyCPU\DevTestLabs.Agent\MS.TF.DistributedTask.Task.DevTestLabs.L0.Tests\MS.TF.DistributedTask.Task.DevTestLabs.L0.Tests.dll" adapterTypeName="Microsoft.VisualStudio.TestTools.TestTypes.Unit.UnitTestAdapter" className="MS.TF.DistributedTask.Task.DevTestLabs.Tests.ParseHelperTests" name="ParseSessionVariablesShouldThrowIfNoKeyIsProvided" />
    </UnitTest>
    <UnitTest name="ParseSessionVariablesShouldThrowForWrongInput" storage="d:\v2.0\a1\_work\dbded102\bin\release.anycpu\devtestlabs.agent\ms.tf.distributedtask.task.devtestlabs.l0.tests\ms.tf.distributedtask.task.devtestlabs.l0.tests.dll" id="b1a6d495-521c-e86b-1c23-f7f91b94339d">
      <Execution id="2c647e14-d98b-44f0-bd03-5324eecd9c93" />
      <TestMethod codeBase="D:\v2.0\A1\_work\dbded102\bin\Release.AnyCPU\DevTestLabs.Agent\MS.TF.DistributedTask.Task.DevTestLabs.L0.Tests\MS.TF.DistributedTask.Task.DevTestLabs.L0.Tests.dll" adapterTypeName="Microsoft.VisualStudio.TestTools.TestTypes.Unit.UnitTestAdapter" className="MS.TF.DistributedTask.Task.DevTestLabs.Tests.ParseHelperTests" name="ParseSessionVariablesShouldThrowForWrongInput" />
    </UnitTest>
    <UnitTest name="ParseSessionVariablesShouldNotFailForNullOrEmptyInput" storage="d:\v2.0\a1\_work\dbded102\bin\release.anycpu\devtestlabs.agent\ms.tf.distributedtask.task.devtestlabs.l0.tests\ms.tf.distributedtask.task.devtestlabs.l0.tests.dll" id="ae1a8d2d-7069-2dae-5534-26365b1abc01">
      <Execution id="3bb0848b-e490-4b4c-8a00-7d513472e981" />
      <TestMethod codeBase="D:\v2.0\A1\_work\dbded102\bin\Release.AnyCPU\DevTestLabs.Agent\MS.TF.DistributedTask.Task.DevTestLabs.L0.Tests\MS.TF.DistributedTask.Task.DevTestLabs.L0.Tests.dll" adapterTypeName="Microsoft.VisualStudio.TestTools.TestTypes.Unit.UnitTestAdapter" className="MS.TF.DistributedTask.Task.DevTestLabs.Tests.ParseHelperTests" name="ParseSessionVariablesShouldNotFailForNullOrEmptyInput" />
    </UnitTest>
    <UnitTest name="ParseSessionVariablesShouldReturnCorrectlyParsedValuesForCorrectInput" storage="d:\v2.0\a1\_work\dbded102\bin\release.anycpu\devtestlabs.agent\ms.tf.distributedtask.task.devtestlabs.l0.tests\ms.tf.distributedtask.task.devtestlabs.l0.tests.dll" id="1ae0f355-5e8e-733d-f473-00c8792a9a7e">
      <Execution id="f20d5d30-27cf-4c16-b80d-68184eb83a00" />
      <TestMethod codeBase="D:\v2.0\A1\_work\dbded102\bin\Release.AnyCPU\DevTestLabs.Agent\MS.TF.DistributedTask.Task.DevTestLabs.L0.Tests\MS.TF.DistributedTask.Task.DevTestLabs.L0.Tests.dll" adapterTypeName="Microsoft.VisualStudio.TestTools.TestTypes.Unit.UnitTestAdapter" className="MS.TF.DistributedTask.Task.DevTestLabs.Tests.ParseHelperTests" name="ParseSessionVariablesShouldReturnCorrectlyParsedValuesForCorrectInput" />
    </UnitTest>
  </TestDefinitions>
  <TestEntries>
    <TestEntry testId="4deebc8d-841c-1f44-b71d-19e9f6ec344f" executionId="c3b6a4c4-4d31-4c4e-8f66-27b677447b8c" testListId="8c84fa94-04c1-424b-9868-57a2d4851a1d" />
    <TestEntry testId="e88b7027-768a-ad45-bbf3-0d3a1be1d84b" executionId="feb0530c-19f6-4337-8386-c2f2165fbe2b" testListId="8c84fa94-04c1-424b-9868-57a2d4851a1d" />
    <TestEntry testId="9d66ab3a-2b53-289a-ca79-504b4ccf235c" executionId="b1e11bbd-2fc7-48fd-a295-e1d17aef89bd" testListId="8c84fa94-04c1-424b-9868-57a2d4851a1d" />
    <TestEntry testId="a1f7af4e-b3c2-8e08-9531-cb30f34b65ea" executionId="ba0dd695-e30f-4ff8-a5cc-1833a9e4170f" testListId="8c84fa94-04c1-424b-9868-57a2d4851a1d" />
    <TestEntry testId="fd3fe0cf-0005-01a4-3c28-880d3c7a20a4" executionId="815d8909-103d-431a-8446-fd89bb3f6107" testListId="8c84fa94-04c1-424b-9868-57a2d4851a1d" />
    <TestEntry testId="b4b79cc5-97b2-67b7-fb50-2e46b9c6da9a" executionId="a59a7a3d-0906-4475-a343-ed8e23c2c787" testListId="8c84fa94-04c1-424b-9868-57a2d4851a1d" />
    <TestEntry testId="4fe80b26-b0f3-862b-0012-74536339817a" executionId="4fd116e6-63c4-45d4-8fdd-71d54135397b" testListId="8c84fa94-04c1-424b-9868-57a2d4851a1d" />
    <TestEntry testId="69e48b74-e82b-f6b8-3b4c-b9c49c2706f7" executionId="b27a5507-576b-4f7a-9ceb-1ae44ef51f11" testListId="8c84fa94-04c1-424b-9868-57a2d4851a1d" />
    <TestEntry testId="9c3cc844-b317-5419-61d4-7541f8ecf33c" executionId="5763e5ad-27a6-4377-81ab-a96cd35539df" testListId="8c84fa94-04c1-424b-9868-57a2d4851a1d" />
    <TestEntry testId="b1a6d495-521c-e86b-1c23-f7f91b94339d" executionId="2c647e14-d98b-44f0-bd03-5324eecd9c93" testListId="8c84fa94-04c1-424b-9868-57a2d4851a1d" />
    <TestEntry testId="ae1a8d2d-7069-2dae-5534-26365b1abc01" executionId="3bb0848b-e490-4b4c-8a00-7d513472e981" testListId="8c84fa94-04c1-424b-9868-57a2d4851a1d" />
    <TestEntry testId="1ae0f355-5e8e-733d-f473-00c8792a9a7e" executionId="f20d5d30-27cf-4c16-b80d-68184eb83a00" testListId="8c84fa94-04c1-424b-9868-57a2d4851a1d" />
  </TestEntries>
  <TestLists>
    <TestList name="Results Not in a List" id="8c84fa94-04c1-424b-9868-57a2d4851a1d" />
    <TestList name="All Loaded Results" id="19431567-8539-422a-85d7-44ee4e166bda" />
  </TestLists>
  <ResultSummary outcome="Completed">
    <Counters total="12" executed="12" passed="12" failed="0" error="0" timeout="0" aborted="0" inconclusive="0" passedButRunAborted="0" notRunnable="0" notExecuted="0" disconnected="0" warning="0" completed="0" inProgress="0" pending="0" />
  </ResultSummary>
</TestRun>