<?xml version="1.0" encoding="UTF-8"?>
<TestRun id="49db9df8-985c-4648-acec-96648d5f9f22" name="tfsmladm@TFSBUILD11 2015-09-28 09:45:45" runUser="REDMOND\tfsmladm" xmlns="http://microsoft.com/schemas/VisualStudio/TeamTest/2010">
  <Times creation="2015-09-28T09:45:45.0998731-07:00" queuing="2015-09-28T09:45:45.0998731-07:00" start="2015-09-28T09:45:45.1114179-07:00" finish="2015-09-28T09:45:50.2880718-07:00" />
  <TestSettings name="default" id="6652bec4-b41f-4e37-af38-72bfdaa1f1ad">
    <Execution>
      <TestTypeSpecific />
    </Execution>
    <Deployment runDeploymentRoot="tfsmladm_TFSBUILD11 2015-09-28 09_45_45" />
    <Properties />
  </TestSettings>
  <Results>
    <UnitTestResult executionId="d164f2e6-8f0f-47ae-8eb0-05a0a91fa282" testId="e20f6e83-3aa8-44ab-9717-42d4e95c5572" testName="TFSTests.ActionRequiredControl ActionRequired with Hyperlink" computerName="TFSBUILD11" duration="00:00:00.0270000" startTime="2015-09-28T09:45:45.1767154-07:00" endTime="2015-09-28T09:45:45.1767154-07:00" testType="13cdc9d9-ddb5-4fa4-a97d-d965ccfc6d4b" outcome="Passed" testListId="8c84fa94-04c1-424b-9868-57a2d4851a1d" relativeResultsDirectory="d164f2e6-8f0f-47ae-8eb0-05a0a91fa282" />
    <UnitTestResult executionId="8d156f97-1410-4554-bc43-f81cbb46d411" testId="4d245527-9b0e-4e54-a343-7ad93de2c38c" testName="TFSTests.ActionRequiredControl ActionRequired with link action" computerName="TFSBUILD11" duration="00:00:00.8260000" startTime="2015-09-28T09:45:45.1875700-07:00" endTime="2015-09-28T09:45:45.1875700-07:00" testType="13cdc9d9-ddb5-4fa4-a97d-d965ccfc6d4b" outcome="Passed" testListId="8c84fa94-04c1-424b-9868-57a2d4851a1d" relativeResultsDirectory="8d156f97-1410-4554-bc43-f81cbb46d411" />
    <UnitTestResult executionId="dc9a148b-bd1e-43a9-993a-648f202685bc" testId="332db8af-fb98-43db-9c2f-a4c4a74d7d38" testName="TFSTests.ActionRequiredControl ActionRequired with cssClass" computerName="TFSBUILD11" duration="00:00:00.0180000" startTime="2015-09-28T09:45:45.1875700-07:00" endTime="2015-09-28T09:45:45.1875700-07:00" testType="13cdc9d9-ddb5-4fa4-a97d-d965ccfc6d4b" outcome="Passed" testListId="8c84fa94-04c1-424b-9868-57a2d4851a1d" relativeResultsDirectory="dc9a148b-bd1e-43a9-993a-648f202685bc" />
    <UnitTestResult executionId="1fb59769-5f9e-4f51-a6b2-ba1891a25e66" testId="0ded517a-e738-4ef2-a7b0-87236dc1b583" testName="TFSTests.ActionRequiredControl WidgetNotification with widgetsize in cssClass" computerName="TFSBUILD11" duration="00:00:00.0190000" startTime="2015-09-28T09:45:45.1875700-07:00" endTime="2015-09-28T09:45:45.1875700-07:00" testType="13cdc9d9-ddb5-4fa4-a97d-d965ccfc6d4b" outcome="Passed" testListId="8c84fa94-04c1-424b-9868-57a2d4851a1d" relativeResultsDirectory="1fb59769-5f9e-4f51-a6b2-ba1891a25e66" />
    <UnitTestResult executionId="54a89db3-98c4-4ed1-96fc-320d835a5c1b" testId="7489741f-d8a9-44ff-a62e-3bb9be3cabd1" testName="TFSTests.ActionRequiredControl WidgetNotification - getNotificationDialog and softDismiss are called in showDialog()" computerName="TFSBUILD11" duration="00:00:00.0330000" startTime="2015-09-28T09:45:45.1875700-07:00" endTime="2015-09-28T09:45:45.1875700-07:00" testType="13cdc9d9-ddb5-4fa4-a97d-d965ccfc6d4b" outcome="Passed" testListId="8c84fa94-04c1-424b-9868-57a2d4851a1d" relativeResultsDirectory="54a89db3-98c4-4ed1-96fc-320d835a5c1b" />
    <UnitTestResult executionId="9cd5b338-6add-4cec-8571-304cf973be6c" testId="39b7f4ae-e4d5-4ae3-9aa7-55f4e63ea136" testName="TFSTests.ActionRequiredControl WidgetNotification - showDialog creates ModalDialog" computerName="TFSBUILD11" duration="00:00:00.1270000" startTime="2015-09-28T09:45:45.1875700-07:00" endTime="2015-09-28T09:45:45.1875700-07:00" testType="13cdc9d9-ddb5-4fa4-a97d-d965ccfc6d4b" outcome="Passed" testListId="8c84fa94-04c1-424b-9868-57a2d4851a1d" relativeResultsDirectory="9cd5b338-6add-4cec-8571-304cf973be6c" />
    <UnitTestResult executionId="39839f66-c22b-4873-8f71-ad4df235d654" testId="994451c1-56fd-449c-a356-b3a89f11dec1" testName="TFSTests.ActionRequiredControl Widget Notification Control - soft dismiss is called" computerName="TFSBUILD11" duration="00:00:00.0170000" startTime="2015-09-28T09:45:45.1875700-07:00" endTime="2015-09-28T09:45:45.1875700-07:00" testType="13cdc9d9-ddb5-4fa4-a97d-d965ccfc6d4b" outcome="Passed" testListId="8c84fa94-04c1-424b-9868-57a2d4851a1d" relativeResultsDirectory="39839f66-c22b-4873-8f71-ad4df235d654" />
    <UnitTestResult executionId="0c1f53c8-fc91-4926-b9a8-2a6884119e3f" testId="3525a171-eca9-4fc1-ad7b-cc17f9149f9c" testName="TFSTests.Dashboards.Control.Dialogs Dashboards Manager - Load Data" computerName="TFSBUILD11" duration="00:00:00.0210000" startTime="2015-09-28T09:45:45.1875700-07:00" endTime="2015-09-28T09:45:45.1875700-07:00" testType="13cdc9d9-ddb5-4fa4-a97d-d965ccfc6d4b" outcome="Passed" testListId="8c84fa94-04c1-424b-9868-57a2d4851a1d" relativeResultsDirectory="0c1f53c8-fc91-4926-b9a8-2a6884119e3f" />
    <UnitTestResult executionId="ab0c6515-0378-4a0a-8aaa-ae600edd90b2" testId="df73181d-c13a-48b2-b4a5-4cf9b0b79914" testName="TFSTests.Dashboards.Control.Dialogs Dashboards Manager -  Delete" computerName="TFSBUILD11" duration="00:00:00.0160000" startTime="2015-09-28T09:45:45.1875700-07:00" endTime="2015-09-28T09:45:45.1875700-07:00" testType="13cdc9d9-ddb5-4fa4-a97d-d965ccfc6d4b" outcome="Passed" testListId="8c84fa94-04c1-424b-9868-57a2d4851a1d" relativeResultsDirectory="ab0c6515-0378-4a0a-8aaa-ae600edd90b2" />
    <UnitTestResult executionId="3f0daf3e-9955-4c93-a3cc-73e5107b29ad" testId="3acdf1c1-9494-4754-b83d-eccb0a3a95dc" testName="TFSTests.Dashboards.Control.Dialogs Dashboards Manager - Insert" computerName="TFSBUILD11" duration="00:00:00.0170000" startTime="2015-09-28T09:45:45.4029530-07:00" endTime="2015-09-28T09:45:45.4029530-07:00" testType="13cdc9d9-ddb5-4fa4-a97d-d965ccfc6d4b" outcome="Passed" testListId="8c84fa94-04c1-424b-9868-57a2d4851a1d" relativeResultsDirectory="3f0daf3e-9955-4c93-a3cc-73e5107b29ad" />
    <UnitTestResult executionId="077cd07d-52fe-4b5a-a840-ea05025b40a2" testId="53afa410-33aa-4bec-9506-07c6f31f6a36" testName="TFSTests.Dashboards.Control.Dialogs Dashboards Manager - Next Position" computerName="TFSBUILD11" duration="00:00:00.0150000" startTime="2015-09-28T09:45:45.4029530-07:00" endTime="2015-09-28T09:45:45.4029530-07:00" testType="13cdc9d9-ddb5-4fa4-a97d-d965ccfc6d4b" outcome="Passed" testListId="8c84fa94-04c1-424b-9868-57a2d4851a1d" relativeResultsDirectory="077cd07d-52fe-4b5a-a840-ea05025b40a2" />
    <UnitTestResult executionId="23893879-5e68-4455-955b-0f3caa3ca43d" testId="a273ca04-9849-48d0-896b-d454bc7c4631" testName="TFSTests.Dashboards.Control.Dialogs Dashboards Manager - Reorder" computerName="TFSBUILD11" duration="00:00:00.0150000" startTime="2015-09-28T09:45:45.4029530-07:00" endTime="2015-09-28T09:45:45.4029530-07:00" testType="13cdc9d9-ddb5-4fa4-a97d-d965ccfc6d4b" outcome="Passed" testListId="8c84fa94-04c1-424b-9868-57a2d4851a1d" relativeResultsDirectory="23893879-5e68-4455-955b-0f3caa3ca43d" />
    <UnitTestResult executionId="9d9a7226-17fc-464d-8d7d-b150bc51adf2" testId="1acb6985-909f-4d87-9cef-c8782870a541" testName="TFSTests.Dashboards.Control.Dialogs Dashboards Manager - Rename" computerName="TFSBUILD11" duration="00:00:00.0170000" startTime="2015-09-28T09:45:45.4029530-07:00" endTime="2015-09-28T09:45:45.4029530-07:00" testType="13cdc9d9-ddb5-4fa4-a97d-d965ccfc6d4b" outcome="Passed" testListId="8c84fa94-04c1-424b-9868-57a2d4851a1d" relativeResultsDirectory="9d9a7226-17fc-464d-8d7d-b150bc51adf2" />
    <UnitTestResult executionId="42b8bef9-5455-4cc8-bc86-12b35bace9b1" testId="ead8ec60-922d-42f6-a0c5-e4eb0067dc06" testName="TFSTests.Dashboards.Control.Dialogs Dashboards Manager - Save" computerName="TFSBUILD11" duration="00:00:00.0180000" startTime="2015-09-28T09:45:45.4029530-07:00" endTime="2015-09-28T09:45:45.4029530-07:00" testType="13cdc9d9-ddb5-4fa4-a97d-d965ccfc6d4b" outcome="Passed" testListId="8c84fa94-04c1-424b-9868-57a2d4851a1d" relativeResultsDirectory="42b8bef9-5455-4cc8-bc86-12b35bace9b1" />
    <UnitTestResult executionId="33036497-8d0b-41fc-b247-c7a923f85333" testId="e9a5b8ee-27f2-4ec0-8e5a-31cc4447f3a0" testName="TFSTests.Dashboards.Control.Dialogs Add Widget Dialog - MultiSelect" computerName="TFSBUILD11" duration="00:00:00.1050000" startTime="2015-09-28T09:45:45.4029530-07:00" endTime="2015-09-28T09:45:45.4029530-07:00" testType="13cdc9d9-ddb5-4fa4-a97d-d965ccfc6d4b" outcome="Passed" testListId="8c84fa94-04c1-424b-9868-57a2d4851a1d" relativeResultsDirectory="33036497-8d0b-41fc-b247-c7a923f85333" />
    <UnitTestResult executionId="89950ae3-91f7-4835-b7b3-3dc41ed17ad9" testId="375bdfba-e424-480d-ad15-1b0887a61e99" testName="TFSTests.Dashboards.Control.Dialogs Dashboard Manager dialog - Enable delete icon" computerName="TFSBUILD11" duration="00:00:00.0710000" startTime="2015-09-28T09:45:45.4029530-07:00" endTime="2015-09-28T09:45:45.4029530-07:00" testType="13cdc9d9-ddb5-4fa4-a97d-d965ccfc6d4b" outcome="Passed" testListId="8c84fa94-04c1-424b-9868-57a2d4851a1d" relativeResultsDirectory="89950ae3-91f7-4835-b7b3-3dc41ed17ad9" />
    <UnitTestResult executionId="2dde3458-f8da-4992-8f9a-fdd78645438a" testId="cd12faa9-2a35-4075-bd5e-166e38ea2650" testName="TFSTests.Dashboards.Control.Dialogs Dashboard Manager dialog - disable delete icon" computerName="TFSBUILD11" duration="00:00:00.0540000" startTime="2015-09-28T09:45:45.4029530-07:00" endTime="2015-09-28T09:45:45.4029530-07:00" testType="13cdc9d9-ddb5-4fa4-a97d-d965ccfc6d4b" outcome="Passed" testListId="8c84fa94-04c1-424b-9868-57a2d4851a1d" relativeResultsDirectory="2dde3458-f8da-4992-8f9a-fdd78645438a" />
    <UnitTestResult executionId="82286635-0f8a-470f-bbad-d5598d35a13f" testId="52cd2dd0-9198-4f4e-8298-bba6a3634e17" testName="TFSTests.Dashboards.Control.Dialogs Dashboard Manager dialog - hover behavior with multiple dashboard" computerName="TFSBUILD11" duration="00:00:00.0570000" startTime="2015-09-28T09:45:45.4029530-07:00" endTime="2015-09-28T09:45:45.4029530-07:00" testType="13cdc9d9-ddb5-4fa4-a97d-d965ccfc6d4b" outcome="Passed" testListId="8c84fa94-04c1-424b-9868-57a2d4851a1d" relativeResultsDirectory="82286635-0f8a-470f-bbad-d5598d35a13f" />
    <UnitTestResult executionId="2af23b7d-f835-4e41-b02b-a6dd02a28613" testId="3cdfba9e-aab2-422d-b715-6068202867d2" testName="TFSTests.Dashboards.Control.Dialogs Dashboard Manager dialog - focus behavior with multiple dashboard" computerName="TFSBUILD11" duration="00:00:00.0530000" startTime="2015-09-28T09:45:46.1792547-07:00" endTime="2015-09-28T09:45:46.1792547-07:00" testType="13cdc9d9-ddb5-4fa4-a97d-d965ccfc6d4b" outcome="Passed" testListId="8c84fa94-04c1-424b-9868-57a2d4851a1d" relativeResultsDirectory="2af23b7d-f835-4e41-b02b-a6dd02a28613" />
    <UnitTestResult executionId="b44e3a11-d878-487c-95bf-27ac3ee018a5" testId="40349dcd-0810-4a5c-8d4c-641af983e892" testName="TFSTests.Dashboards.Control.Dialogs Dashboard Manager dialog - hover behavior with single dashboard" computerName="TFSBUILD11" duration="00:00:00.5340000" startTime="2015-09-28T09:45:46.1792547-07:00" endTime="2015-09-28T09:45:46.1792547-07:00" testType="13cdc9d9-ddb5-4fa4-a97d-d965ccfc6d4b" outcome="Passed" testListId="8c84fa94-04c1-424b-9868-57a2d4851a1d" relativeResultsDirectory="b44e3a11-d878-487c-95bf-27ac3ee018a5" />
    <UnitTestResult executionId="15a42587-e818-4608-8beb-707bb55e8cba" testId="17417116-ae12-4b67-9d2d-8224c2bcb4c9" testName="TFSTests.Dashboards.Control.Dialogs Dashboard Manager dialog - focus behavior with single dashboard" computerName="TFSBUILD11" duration="00:00:00.0490000" startTime="2015-09-28T09:45:46.1802565-07:00" endTime="2015-09-28T09:45:46.1802565-07:00" testType="13cdc9d9-ddb5-4fa4-a97d-d965ccfc6d4b" outcome="Passed" testListId="8c84fa94-04c1-424b-9868-57a2d4851a1d" relativeResultsDirectory="15a42587-e818-4608-8beb-707bb55e8cba" />
    <UnitTestResult executionId="3a31e4ef-3c27-4e9f-8923-254f45412fc4" testId="c50e34d4-4073-4df8-8aa9-6f0c33884a0c" testName="TFSTests.Dashboards.Control.Dialogs ColumnsListView - Usability with keyboard" computerName="TFSBUILD11" duration="00:00:00.0240000" startTime="2015-09-28T09:45:46.1802565-07:00" endTime="2015-09-28T09:45:46.1802565-07:00" testType="13cdc9d9-ddb5-4fa4-a97d-d965ccfc6d4b" outcome="Passed" testListId="8c84fa94-04c1-424b-9868-57a2d4851a1d" relativeResultsDirectory="3a31e4ef-3c27-4e9f-8923-254f45412fc4" />
    <UnitTestResult executionId="f4ca901b-c961-4eb0-948d-7f48a34598aa" testId="fdeb11c8-5897-4b03-8d90-b504527232dd" testName="TFSTests.Dashboards.Control.Dialogs ColumnsListView - Tabbing behavior" computerName="TFSBUILD11" duration="00:00:00.0210000" startTime="2015-09-28T09:45:46.1802565-07:00" endTime="2015-09-28T09:45:46.1802565-07:00" testType="13cdc9d9-ddb5-4fa4-a97d-d965ccfc6d4b" outcome="Passed" testListId="8c84fa94-04c1-424b-9868-57a2d4851a1d" relativeResultsDirectory="f4ca901b-c961-4eb0-948d-7f48a34598aa" />
    <UnitTestResult executionId="e2697f27-1bcc-464b-9cf4-beeacf472bbf" testId="c0f953d4-bb4c-4de2-9a1a-026cf12d8991" testName="TFSTests.Dashboards.Control.Dialogs WidgetCatalogDialog - sortWidgets" computerName="TFSBUILD11" duration="00:00:00.0150000" startTime="2015-09-28T09:45:46.1802565-07:00" endTime="2015-09-28T09:45:46.1802565-07:00" testType="13cdc9d9-ddb5-4fa4-a97d-d965ccfc6d4b" outcome="Passed" testListId="8c84fa94-04c1-424b-9868-57a2d4851a1d" relativeResultsDirectory="e2697f27-1bcc-464b-9cf4-beeacf472bbf" />
    <UnitTestResult executionId="6f19518e-4636-4c89-b0af-9a6e74f44691" testId="7d9ac52b-efb0-415b-b388-7eb4b302f19f" testName="TFSTests.Dashboards.Control.Menus Widget Menu - setup" computerName="TFSBUILD11" duration="00:00:00.0280000" startTime="2015-09-28T09:45:46.1802565-07:00" endTime="2015-09-28T09:45:46.1802565-07:00" testType="13cdc9d9-ddb5-4fa4-a97d-d965ccfc6d4b" outcome="Passed" testListId="8c84fa94-04c1-424b-9868-57a2d4851a1d" relativeResultsDirectory="6f19518e-4636-4c89-b0af-9a6e74f44691" />
    <UnitTestResult executionId="a385867f-4188-4272-9fb5-97af9cfb1cb8" testId="4fb72764-02b6-4b62-b42f-cbf932447923" testName="TFSTests.Dashboards.Control.Menus Widget Menu - on hover behaviour" computerName="TFSBUILD11" duration="00:00:00.0230000" startTime="2015-09-28T09:45:46.1802565-07:00" endTime="2015-09-28T09:45:46.1802565-07:00" testType="13cdc9d9-ddb5-4fa4-a97d-d965ccfc6d4b" outcome="Passed" testListId="8c84fa94-04c1-424b-9868-57a2d4851a1d" relativeResultsDirectory="a385867f-4188-4272-9fb5-97af9cfb1cb8" />
    <UnitTestResult executionId="f96d8bd6-4b19-4698-900a-753d8858cfb2" testId="e1035ad9-0c6c-4700-af3b-33473f235ea4" testName="TFSTests.Dashboards.Control.Menus Widget Menu - on menu click behaviour" computerName="TFSBUILD11" duration="00:00:00.0320000" startTime="2015-09-28T09:45:46.1802565-07:00" endTime="2015-09-28T09:45:46.1802565-07:00" testType="13cdc9d9-ddb5-4fa4-a97d-d965ccfc6d4b" outcome="Passed" testListId="8c84fa94-04c1-424b-9868-57a2d4851a1d" relativeResultsDirectory="f96d8bd6-4b19-4698-900a-753d8858cfb2" />
    <UnitTestResult executionId="d6a22ddd-14bb-4b82-8df6-6a56b4a5d84a" testId="39e91a7b-bb6f-4423-ad75-b660b7bd9ffd" testName="TFSTests.Dashboards.Control.Menus Widget Menu - on sub menu click behaviour" computerName="TFSBUILD11" duration="00:00:00.0280000" startTime="2015-09-28T09:45:46.3456029-07:00" endTime="2015-09-28T09:45:46.3456029-07:00" testType="13cdc9d9-ddb5-4fa4-a97d-d965ccfc6d4b" outcome="Passed" testListId="8c84fa94-04c1-424b-9868-57a2d4851a1d" relativeResultsDirectory="d6a22ddd-14bb-4b82-8df6-6a56b4a5d84a" />
    <UnitTestResult executionId="d122ab85-bb56-494d-91b2-614acc37669c" testId="fac4c553-0e25-4a7e-b2ef-179e70911f48" testName="TFSTests.Dashboards.Control.Menus Dashboard Notification - notificaiton behavior" computerName="TFSBUILD11" duration="00:00:00.0220000" startTime="2015-09-28T09:45:46.3466033-07:00" endTime="2015-09-28T09:45:46.3466033-07:00" testType="13cdc9d9-ddb5-4fa4-a97d-d965ccfc6d4b" outcome="Passed" testListId="8c84fa94-04c1-424b-9868-57a2d4851a1d" relativeResultsDirectory="d122ab85-bb56-494d-91b2-614acc37669c" />
    <UnitTestResult executionId="6b961306-7e59-49b7-a6c1-7546fe3d05ed" testId="3ee2af83-9add-4dc5-b94e-ec1f738e0f4f" testName="TFSTests.Dashboards.Control.Menus Dashboard Notification - dismiss notification" computerName="TFSBUILD11" duration="00:00:00.0180000" startTime="2015-09-28T09:45:46.3466033-07:00" endTime="2015-09-28T09:45:46.3466033-07:00" testType="13cdc9d9-ddb5-4fa4-a97d-d965ccfc6d4b" outcome="Passed" testListId="8c84fa94-04c1-424b-9868-57a2d4851a1d" relativeResultsDirectory="6b961306-7e59-49b7-a6c1-7546fe3d05ed" />
    <UnitTestResult executionId="e8173d59-043f-48c2-9332-9c278a472ba9" testId="69cc679f-2e6e-4a12-9ea6-1a6bdffcd379" testName="TFSTests.Dashboards.Notifications DashboardModalDialog - addMessageControl" computerName="TFSBUILD11" duration="00:00:00.0170000" startTime="2015-09-28T09:45:46.3466033-07:00" endTime="2015-09-28T09:45:46.3466033-07:00" testType="13cdc9d9-ddb5-4fa4-a97d-d965ccfc6d4b" outcome="Passed" testListId="8c84fa94-04c1-424b-9868-57a2d4851a1d" relativeResultsDirectory="e8173d59-043f-48c2-9332-9c278a472ba9" />
    <UnitTestResult executionId="2ad918b4-fd85-4b59-9d1c-31168b4be7d2" testId="c701e3a3-c2f1-472b-8ad0-390daa8b6c25" testName="TFSTests.Dashboards.Notifications DashboardModalDialog - displayMessage" computerName="TFSBUILD11" duration="00:00:00.0180000" startTime="2015-09-28T09:45:46.3466033-07:00" endTime="2015-09-28T09:45:46.3466033-07:00" testType="13cdc9d9-ddb5-4fa4-a97d-d965ccfc6d4b" outcome="Passed" testListId="8c84fa94-04c1-424b-9868-57a2d4851a1d" relativeResultsDirectory="2ad918b4-fd85-4b59-9d1c-31168b4be7d2" />
    <UnitTestResult executionId="07a6e238-d38c-4ba4-a866-dd1a1d378ac1" testId="99ff224e-e279-4f70-94f6-4f69add25379" testName="TFSTests.Dashboards.Notifications DashboardModalDialog - dismiss message area" computerName="TFSBUILD11" duration="00:00:00.0180000" startTime="2015-09-28T09:45:46.3466033-07:00" endTime="2015-09-28T09:45:46.3466033-07:00" testType="13cdc9d9-ddb5-4fa4-a97d-d965ccfc6d4b" outcome="Passed" testListId="8c84fa94-04c1-424b-9868-57a2d4851a1d" relativeResultsDirectory="07a6e238-d38c-4ba4-a866-dd1a1d378ac1" />
    <UnitTestResult executionId="2f0fdd72-34fd-4e0f-9eee-73b8518ada53" testId="4d382448-8e0e-4443-b4ba-aa3fc7123929" testName="TFSTests.Dashboards.Pinning Dashboard Pinning - Pin Widget" computerName="TFSBUILD11" duration="00:00:00.0150000" startTime="2015-09-28T09:45:46.3466033-07:00" endTime="2015-09-28T09:45:46.3466033-07:00" testType="13cdc9d9-ddb5-4fa4-a97d-d965ccfc6d4b" outcome="Passed" testListId="8c84fa94-04c1-424b-9868-57a2d4851a1d" relativeResultsDirectory="2f0fdd72-34fd-4e0f-9eee-73b8518ada53" />
    <UnitTestResult executionId="b8ffb288-f00e-4899-a5e1-719f9f7d5f71" testId="5c56a7b5-3bad-4e66-b885-75d6f7fbb44a" testName="TFSTests.Dashboards.Pinning Dashboard Pinning - Pin Widget test callback" computerName="TFSBUILD11" duration="00:00:00.0150000" startTime="2015-09-28T09:45:46.3466033-07:00" endTime="2015-09-28T09:45:46.3466033-07:00" testType="13cdc9d9-ddb5-4fa4-a97d-d965ccfc6d4b" outcome="Passed" testListId="8c84fa94-04c1-424b-9868-57a2d4851a1d" relativeResultsDirectory="b8ffb288-f00e-4899-a5e1-719f9f7d5f71" />
    <UnitTestResult executionId="9f9fa38c-2209-4a11-a1fd-618a747586ad" testId="3ad0ee29-7f4a-4780-a2be-62f00060f9d7" testName="TFSTests.Dashboards.Pinning Dashboard Pinning - Pin Widget with missing ProjectId" computerName="TFSBUILD11" duration="00:00:00.0150000" startTime="2015-09-28T09:45:46.3466033-07:00" endTime="2015-09-28T09:45:46.3466033-07:00" testType="13cdc9d9-ddb5-4fa4-a97d-d965ccfc6d4b" outcome="Passed" testListId="8c84fa94-04c1-424b-9868-57a2d4851a1d" relativeResultsDirectory="9f9fa38c-2209-4a11-a1fd-618a747586ad" />
    <UnitTestResult executionId="23299a0c-1037-4b2a-a760-6e4330c94de3" testId="c336b356-06eb-4c9a-a83e-4c1c834a5642" testName="TFSTests.Dashboards.Pinning Dashboard Pinning - Pin Widget with missing GroupId" computerName="TFSBUILD11" duration="00:00:00.0140000" startTime="2015-09-28T09:45:46.4837356-07:00" endTime="2015-09-28T09:45:46.4837356-07:00" testType="13cdc9d9-ddb5-4fa4-a97d-d965ccfc6d4b" outcome="Passed" testListId="8c84fa94-04c1-424b-9868-57a2d4851a1d" relativeResultsDirectory="23299a0c-1037-4b2a-a760-6e4330c94de3" />
    <UnitTestResult executionId="f56f3776-8dfa-457c-b92d-1de8385e36df" testId="34b31fd9-156f-47e8-bd7b-1c10a5e29e03" testName="TFSTests.Dashboards.Pinning Dashboard Pinning - Pin Widget with missing DashboardId" computerName="TFSBUILD11" duration="00:00:00.0140000" startTime="2015-09-28T09:45:46.4837356-07:00" endTime="2015-09-28T09:45:46.4837356-07:00" testType="13cdc9d9-ddb5-4fa4-a97d-d965ccfc6d4b" outcome="Passed" testListId="8c84fa94-04c1-424b-9868-57a2d4851a1d" relativeResultsDirectory="f56f3776-8dfa-457c-b92d-1de8385e36df" />
    <UnitTestResult executionId="3d37ca5c-c95e-4b1c-83f7-5b1069b9ca62" testId="ff2db667-a5ff-4822-9927-2e735021e6ca" testName="TFSTests.Dashboards.Pinning Dashboard Pinning - Pin Widget with missing WidgetData" computerName="TFSBUILD11" duration="00:00:00.0190000" startTime="2015-09-28T09:45:46.4837356-07:00" endTime="2015-09-28T09:45:46.4837356-07:00" testType="13cdc9d9-ddb5-4fa4-a97d-d965ccfc6d4b" outcome="Passed" testListId="8c84fa94-04c1-424b-9868-57a2d4851a1d" relativeResultsDirectory="3d37ca5c-c95e-4b1c-83f7-5b1069b9ca62" />
    <UnitTestResult executionId="4445bb0f-cbc4-411a-974d-0b49932c73f7" testId="c0804168-4686-434a-acb8-a64aad05838a" testName="TFSTests.Dashboards.Pinning Dashboard Pinning - Create Sub MenuItem" computerName="TFSBUILD11" duration="00:00:00.0160000" startTime="2015-09-28T09:45:46.4837356-07:00" endTime="2015-09-28T09:45:46.4837356-07:00" testType="13cdc9d9-ddb5-4fa4-a97d-d965ccfc6d4b" outcome="Passed" testListId="8c84fa94-04c1-424b-9868-57a2d4851a1d" relativeResultsDirectory="4445bb0f-cbc4-411a-974d-0b49932c73f7" />
    <UnitTestResult executionId="1261ab7e-4c63-44e2-a34b-dd15b35eec2f" testId="7100c462-41be-4db3-a6a2-b79718b1f543" testName="TFSTests.Dashboards.Pinning Dashboard Pinning - Create Menu Item Constructor" computerName="TFSBUILD11" duration="00:00:00.0180000" startTime="2015-09-28T09:45:46.4837356-07:00" endTime="2015-09-28T09:45:46.4837356-07:00" testType="13cdc9d9-ddb5-4fa4-a97d-d965ccfc6d4b" outcome="Passed" testListId="8c84fa94-04c1-424b-9868-57a2d4851a1d" relativeResultsDirectory="1261ab7e-4c63-44e2-a34b-dd15b35eec2f" />
    <UnitTestResult executionId="22028dd6-b63a-4563-b0bb-dc311b68da2c" testId="d0e60b6a-8943-4a65-b3fe-8eca9957fb7f" testName="TFSTests.Dashboards.Telemetry Dashboard Telemetry extractErrorId() TF Error prefix Extraction" computerName="TFSBUILD11" duration="00:00:00.0150000" startTime="2015-09-28T09:45:46.4837356-07:00" endTime="2015-09-28T09:45:46.4837356-07:00" testType="13cdc9d9-ddb5-4fa4-a97d-d965ccfc6d4b" outcome="Passed" testListId="8c84fa94-04c1-424b-9868-57a2d4851a1d" relativeResultsDirectory="22028dd6-b63a-4563-b0bb-dc311b68da2c" />
    <UnitTestResult executionId="d9adccd6-965f-4e96-b83c-3a15d02d3549" testId="96f6bc36-3587-4ab3-bb7e-533e0e336f81" testName="TFSTests.Dashboards.Telemetry Dashboard Telemetry extractErrorId() TF Error body Extraction" computerName="TFSBUILD11" duration="00:00:00.0140000" startTime="2015-09-28T09:45:46.4837356-07:00" endTime="2015-09-28T09:45:46.4837356-07:00" testType="13cdc9d9-ddb5-4fa4-a97d-d965ccfc6d4b" outcome="Passed" testListId="8c84fa94-04c1-424b-9868-57a2d4851a1d" relativeResultsDirectory="d9adccd6-965f-4e96-b83c-3a15d02d3549" />
    <UnitTestResult executionId="a42912c9-621d-4992-a15e-49b179176d45" testId="d30fae33-ef1e-43c2-bfdd-632e90fdb7e8" testName="TFSTests.Dashboards.Telemetry Dashboard Telemetry extractErrorId() VS Error body Extraction" computerName="TFSBUILD11" duration="00:00:00.0140000" startTime="2015-09-28T09:45:46.4837356-07:00" endTime="2015-09-28T09:45:46.4837356-07:00" testType="13cdc9d9-ddb5-4fa4-a97d-d965ccfc6d4b" outcome="Passed" testListId="8c84fa94-04c1-424b-9868-57a2d4851a1d" relativeResultsDirectory="a42912c9-621d-4992-a15e-49b179176d45" />
    <UnitTestResult executionId="9db89715-2e14-4256-9e66-e8a5319ecb54" testId="50f5758c-b697-4217-9754-b1aba56b09ca" testName="TFSTests.Dashboards.Telemetry Dashboard Telemetry extractErrorId VS Error body Extraction" computerName="TFSBUILD11" duration="00:00:00.0140000" startTime="2015-09-28T09:45:46.4837356-07:00" endTime="2015-09-28T09:45:46.4837356-07:00" testType="13cdc9d9-ddb5-4fa4-a97d-d965ccfc6d4b" outcome="Passed" testListId="8c84fa94-04c1-424b-9868-57a2d4851a1d" relativeResultsDirectory="9db89715-2e14-4256-9e66-e8a5319ecb54" />
    <UnitTestResult executionId="07ad9368-3bc8-4b98-b52a-0c564e55b758" testId="8d8e1219-2ad1-4d9a-a6c5-acddc07f953b" testName="TFSTests.Dashboards.Telemetry Dashboard Telemetry extractErrorId() VS &gt; TF " computerName="TFSBUILD11" duration="00:00:00.0140000" startTime="2015-09-28T09:45:46.6184659-07:00" endTime="2015-09-28T09:45:46.6184659-07:00" testType="13cdc9d9-ddb5-4fa4-a97d-d965ccfc6d4b" outcome="Passed" testListId="8c84fa94-04c1-424b-9868-57a2d4851a1d" relativeResultsDirectory="07ad9368-3bc8-4b98-b52a-0c564e55b758" />
    <UnitTestResult executionId="d88576f7-c7d4-4110-a560-ddba72ea51c9" testId="88e3a90b-676e-45f9-a608-a912b61650e1" testName="TFSTests.Dashboards.Telemetry Dashboard Telemetry publish() core Properties" computerName="TFSBUILD11" duration="00:00:00.0150000" startTime="2015-09-28T09:45:46.6184659-07:00" endTime="2015-09-28T09:45:46.6184659-07:00" testType="13cdc9d9-ddb5-4fa4-a97d-d965ccfc6d4b" outcome="Passed" testListId="8c84fa94-04c1-424b-9868-57a2d4851a1d" relativeResultsDirectory="d88576f7-c7d4-4110-a560-ddba72ea51c9" />
    <UnitTestResult executionId="cca71e39-d9cf-4355-9966-2fd0174cc294" testId="6cf9cebe-e840-45c1-bcd7-ea5dbe3e9db9" testName="TFSTests.Dashboards.WidgetTests WidgetSizeConverter - Width" computerName="TFSBUILD11" duration="00:00:00.0150000" startTime="2015-09-28T09:45:46.6184659-07:00" endTime="2015-09-28T09:45:46.6184659-07:00" testType="13cdc9d9-ddb5-4fa4-a97d-d965ccfc6d4b" outcome="Passed" testListId="8c84fa94-04c1-424b-9868-57a2d4851a1d" relativeResultsDirectory="cca71e39-d9cf-4355-9966-2fd0174cc294" />
    <UnitTestResult executionId="99444fe5-65f6-4c55-9e19-d6d7d3f4e80f" testId="4246f868-81dd-4e16-98b6-a028209a70e9" testName="TFSTests.Dashboards.WidgetTests WidgetSizeConverter - Height" computerName="TFSBUILD11" duration="00:00:00.0150000" startTime="2015-09-28T09:45:46.6194666-07:00" endTime="2015-09-28T09:45:46.6194666-07:00" testType="13cdc9d9-ddb5-4fa4-a97d-d965ccfc6d4b" outcome="Passed" testListId="8c84fa94-04c1-424b-9868-57a2d4851a1d" relativeResultsDirectory="99444fe5-65f6-4c55-9e19-d6d7d3f4e80f" />
    <UnitTestResult executionId="38a86394-a040-438a-adb3-be1e3885892a" testId="159ce734-1ddb-417c-9223-4669bcd6ad1d" testName="TFSTests.Dashboards.WidgetTests WidgetSizeConverter - getWidgetWidth" computerName="TFSBUILD11" duration="00:00:00.0140000" startTime="2015-09-28T09:45:46.6194666-07:00" endTime="2015-09-28T09:45:46.6194666-07:00" testType="13cdc9d9-ddb5-4fa4-a97d-d965ccfc6d4b" outcome="Passed" testListId="8c84fa94-04c1-424b-9868-57a2d4851a1d" relativeResultsDirectory="38a86394-a040-438a-adb3-be1e3885892a" />
    <UnitTestResult executionId="11b4f6a8-df9b-4056-8db3-1b5a6332c9cd" testId="879db749-1698-44de-bb46-37e5bbf826cb" testName="TFSTests.Dashboards.WidgetTests WidgetSizeConverter - getWidgetHeight" computerName="TFSBUILD11" duration="00:00:00.0140000" startTime="2015-09-28T09:45:46.6194666-07:00" endTime="2015-09-28T09:45:46.6194666-07:00" testType="13cdc9d9-ddb5-4fa4-a97d-d965ccfc6d4b" outcome="Passed" testListId="8c84fa94-04c1-424b-9868-57a2d4851a1d" relativeResultsDirectory="11b4f6a8-df9b-4056-8db3-1b5a6332c9cd" />
    <UnitTestResult executionId="a04b03b2-0e8b-433a-ac55-afc0206a8b85" testId="d4ea995e-61af-4fbe-a531-fc6a19744fd4" testName="TFSTests.Dashboards.WidgetTests WidgetSizeConverter - getWidgetMarginWidth" computerName="TFSBUILD11" duration="00:00:00.0140000" startTime="2015-09-28T09:45:46.6194666-07:00" endTime="2015-09-28T09:45:46.6194666-07:00" testType="13cdc9d9-ddb5-4fa4-a97d-d965ccfc6d4b" outcome="Passed" testListId="8c84fa94-04c1-424b-9868-57a2d4851a1d" relativeResultsDirectory="a04b03b2-0e8b-433a-ac55-afc0206a8b85" />
    <UnitTestResult executionId="3c94003d-7068-41df-bcb9-b11052eece78" testId="2dd48cc8-c361-452d-91d6-9182c5585907" testName="TFSTests.Dashboards.WidgetTests WidgetSizeConverter - getWidgetMarginHeight" computerName="TFSBUILD11" duration="00:00:00.0140000" startTime="2015-09-28T09:45:46.6194666-07:00" endTime="2015-09-28T09:45:46.6194666-07:00" testType="13cdc9d9-ddb5-4fa4-a97d-d965ccfc6d4b" outcome="Passed" testListId="8c84fa94-04c1-424b-9868-57a2d4851a1d" relativeResultsDirectory="3c94003d-7068-41df-bcb9-b11052eece78" />
    <UnitTestResult executionId="52ccb162-0a82-4d4f-a421-b7e7e2d6620b" testId="d1d60f96-9eba-4547-9bed-a75d9b42b1a1" testName="TFSTests.Dashboards.WidgetTests WidgetContext - getSize" computerName="TFSBUILD11" duration="00:00:00.0140000" startTime="2015-09-28T09:45:46.6194666-07:00" endTime="2015-09-28T09:45:46.6194666-07:00" testType="13cdc9d9-ddb5-4fa4-a97d-d965ccfc6d4b" outcome="Passed" testListId="8c84fa94-04c1-424b-9868-57a2d4851a1d" relativeResultsDirectory="52ccb162-0a82-4d4f-a421-b7e7e2d6620b" />
    <UnitTestResult executionId="9a465230-6ba9-4be4-b3e4-9c59b6a4a9bd" testId="79782563-d472-4797-945b-6bae6c87e9fb" testName="TFSTests.Dashboards.WidgetConfigurationHostTests WidgetConfigurationHost- HappyPath" computerName="TFSBUILD11" duration="00:00:00.0160000" startTime="2015-09-28T09:45:46.7883322-07:00" endTime="2015-09-28T09:45:46.7883322-07:00" testType="13cdc9d9-ddb5-4fa4-a97d-d965ccfc6d4b" outcome="Passed" testListId="8c84fa94-04c1-424b-9868-57a2d4851a1d" relativeResultsDirectory="9a465230-6ba9-4be4-b3e4-9c59b6a4a9bd" />
    <UnitTestResult executionId="5a16916c-c07e-41bc-9913-2111f49e9bc7" testId="c2b7ecdd-b755-416f-9462-0fbba99afaa0" testName="TFSTests.Dashboards.WidgetConfigurationHostTests WidgetConfigurationHost- Widget Creation Exception -&gt; Fail" computerName="TFSBUILD11" duration="00:00:00.0390000" startTime="2015-09-28T09:45:46.7883322-07:00" endTime="2015-09-28T09:45:46.7883322-07:00" testType="13cdc9d9-ddb5-4fa4-a97d-d965ccfc6d4b" outcome="Passed" testListId="8c84fa94-04c1-424b-9868-57a2d4851a1d" relativeResultsDirectory="5a16916c-c07e-41bc-9913-2111f49e9bc7" />
    <UnitTestResult executionId="ff296516-4d93-42f5-9a2e-379127a67e1f" testId="09909520-ad06-481b-aeb7-5b38b24df502" testName="TFSTests.Dashboards.WidgetHostTests WidgetHost- HappyPath" computerName="TFSBUILD11" duration="00:00:00.0180000" startTime="2015-09-28T09:45:46.7883322-07:00" endTime="2015-09-28T09:45:46.7883322-07:00" testType="13cdc9d9-ddb5-4fa4-a97d-d965ccfc6d4b" outcome="Passed" testListId="8c84fa94-04c1-424b-9868-57a2d4851a1d" relativeResultsDirectory="ff296516-4d93-42f5-9a2e-379127a67e1f" />
    <UnitTestResult executionId="2695c781-24a6-448d-a6d6-e0f6a79404b7" testId="5845c3fc-f10d-4410-a651-3e738cc5131f" testName="TFSTests.Dashboards.WidgetHostTests WidgetHost- Widget Creation Exception -&gt; Fail" computerName="TFSBUILD11" duration="00:00:00.0170000" startTime="2015-09-28T09:45:46.7883322-07:00" endTime="2015-09-28T09:45:46.7883322-07:00" testType="13cdc9d9-ddb5-4fa4-a97d-d965ccfc6d4b" outcome="Passed" testListId="8c84fa94-04c1-424b-9868-57a2d4851a1d" relativeResultsDirectory="2695c781-24a6-448d-a6d6-e0f6a79404b7" />
    <UnitTestResult executionId="f5c9f05c-b80e-44c8-b872-57bd58d35a16" testId="facd0b03-c51c-48b9-9edc-9e17cf224d6f" testName="TFSTests.Dashboards.WidgetHostTests WidgetHost- Sync failure is logged." computerName="TFSBUILD11" duration="00:00:00.0160000" startTime="2015-09-28T09:45:46.7883322-07:00" endTime="2015-09-28T09:45:46.7883322-07:00" testType="13cdc9d9-ddb5-4fa4-a97d-d965ccfc6d4b" outcome="Passed" testListId="8c84fa94-04c1-424b-9868-57a2d4851a1d" relativeResultsDirectory="f5c9f05c-b80e-44c8-b872-57bd58d35a16" />
    <UnitTestResult executionId="cc949fae-6f1a-41da-a369-b329c12a010a" testId="1509bc57-f0ce-4e44-92cb-1885687bf1e9" testName="TFSTests.Dashboards.WidgetHostTests WidgetHost- Check synchronous success path " computerName="TFSBUILD11" duration="00:00:00.0160000" startTime="2015-09-28T09:45:46.7883322-07:00" endTime="2015-09-28T09:45:46.7883322-07:00" testType="13cdc9d9-ddb5-4fa4-a97d-d965ccfc6d4b" outcome="Passed" testListId="8c84fa94-04c1-424b-9868-57a2d4851a1d" relativeResultsDirectory="cc949fae-6f1a-41da-a369-b329c12a010a" />
    <UnitTestResult executionId="d83a77cf-98b2-4482-a561-c8ff3d1c8058" testId="11a8e003-d82a-4add-96b5-677e48aabb16" testName="TFSTests.Dashboards.WidgetHostTests WidgetHost- Honor delayed Fail" computerName="TFSBUILD11" duration="00:00:00.0150000" startTime="2015-09-28T09:45:46.7883322-07:00" endTime="2015-09-28T09:45:46.7883322-07:00" testType="13cdc9d9-ddb5-4fa4-a97d-d965ccfc6d4b" outcome="Passed" testListId="8c84fa94-04c1-424b-9868-57a2d4851a1d" relativeResultsDirectory="d83a77cf-98b2-4482-a561-c8ff3d1c8058" />
    <UnitTestResult executionId="f07c80c4-6107-4bf7-8960-3174bbf024d6" testId="e8853677-4a81-4016-ae69-36666c1afbc4" testName="TFSTests.Dashboards.WidgetHostTests WidgetHost- Honor delayed Success" computerName="TFSBUILD11" duration="00:00:00.0160000" startTime="2015-09-28T09:45:46.7883322-07:00" endTime="2015-09-28T09:45:46.7883322-07:00" testType="13cdc9d9-ddb5-4fa4-a97d-d965ccfc6d4b" outcome="Passed" testListId="8c84fa94-04c1-424b-9868-57a2d4851a1d" relativeResultsDirectory="f07c80c4-6107-4bf7-8960-3174bbf024d6" />
    <UnitTestResult executionId="c80c18b8-e148-4fae-bd8d-537cc9cf8369" testId="8b613198-b10a-4d2a-88b1-03ada42e2965" testName="TFSTests.Dashboards.WidgetHostTests WidgetHost- Slow loading experience" computerName="TFSBUILD11" duration="00:00:00.0170000" startTime="2015-09-28T09:45:46.7883322-07:00" endTime="2015-09-28T09:45:46.7883322-07:00" testType="13cdc9d9-ddb5-4fa4-a97d-d965ccfc6d4b" outcome="Passed" testListId="8c84fa94-04c1-424b-9868-57a2d4851a1d" relativeResultsDirectory="c80c18b8-e148-4fae-bd8d-537cc9cf8369" />
    <UnitTestResult executionId="56ba069f-c0f9-472b-9c02-2a68bd747eac" testId="a67ba29e-b54c-4e42-998d-44f8db8962ec" testName="TFSTests.Dashboards.WidgetHostTests WidgetHost- Fast loading experience" computerName="TFSBUILD11" duration="00:00:00.0160000" startTime="2015-09-28T09:45:46.9303684-07:00" endTime="2015-09-28T09:45:46.9303684-07:00" testType="13cdc9d9-ddb5-4fa4-a97d-d965ccfc6d4b" outcome="Passed" testListId="8c84fa94-04c1-424b-9868-57a2d4851a1d" relativeResultsDirectory="56ba069f-c0f9-472b-9c02-2a68bd747eac" />
    <UnitTestResult executionId="8dbc9a4f-c959-4390-bffc-713a7aafb436" testId="5952e883-f817-4645-b500-acd756321165" testName="TFSTests.Dashboards.WidgetHostTests WidgetHost- check to make sure loading timeout error fire" computerName="TFSBUILD11" duration="00:00:00.0160000" startTime="2015-09-28T09:45:46.9303684-07:00" endTime="2015-09-28T09:45:46.9303684-07:00" testType="13cdc9d9-ddb5-4fa4-a97d-d965ccfc6d4b" outcome="Passed" testListId="8c84fa94-04c1-424b-9868-57a2d4851a1d" relativeResultsDirectory="8dbc9a4f-c959-4390-bffc-713a7aafb436" />
    <UnitTestResult executionId="43d1a17c-249f-4cbb-beb1-19b365b0887e" testId="a1cc857f-6cfe-4fa0-a80e-897d2a720b9b" testName="TFSTests.Dashboards.WidgetHostTests WidgetHost- resizeWidget sets correct dimensions on element" computerName="TFSBUILD11" duration="00:00:00.0180000" startTime="2015-09-28T09:45:46.9303684-07:00" endTime="2015-09-28T09:45:46.9303684-07:00" testType="13cdc9d9-ddb5-4fa4-a97d-d965ccfc6d4b" outcome="Passed" testListId="8c84fa94-04c1-424b-9868-57a2d4851a1d" relativeResultsDirectory="43d1a17c-249f-4cbb-beb1-19b365b0887e" />
    <UnitTestResult executionId="0b00d0e5-4b2e-4c23-8913-46d4f0b1c2ba" testId="8ead8e69-55bf-40b7-86dc-7d28715d7510" testName="TFSTests.Dashboards.WidgetHostTests notifyLoadFailed - string input" computerName="TFSBUILD11" duration="00:00:00.0150000" startTime="2015-09-28T09:45:46.9303684-07:00" endTime="2015-09-28T09:45:46.9303684-07:00" testType="13cdc9d9-ddb5-4fa4-a97d-d965ccfc6d4b" outcome="Passed" testListId="8c84fa94-04c1-424b-9868-57a2d4851a1d" relativeResultsDirectory="0b00d0e5-4b2e-4c23-8913-46d4f0b1c2ba" />
    <UnitTestResult executionId="b05bedc8-ceff-4e15-93a1-6f6b3d68ea6b" testId="717be625-4804-4cdd-8bd6-e5d195af0d0d" testName="TFSTests.Dashboards.WidgetHostTests notifyLoadFailed - json input with message" computerName="TFSBUILD11" duration="00:00:00.0140000" startTime="2015-09-28T09:45:46.9303684-07:00" endTime="2015-09-28T09:45:46.9303684-07:00" testType="13cdc9d9-ddb5-4fa4-a97d-d965ccfc6d4b" outcome="Passed" testListId="8c84fa94-04c1-424b-9868-57a2d4851a1d" relativeResultsDirectory="b05bedc8-ceff-4e15-93a1-6f6b3d68ea6b" />
    <UnitTestResult executionId="d63b84c0-7779-44a6-abd7-0e1381f935c2" testId="9b367d16-11fa-42f1-a66f-29303adf639b" testName="TFSTests.Dashboards.WidgetHostTests notifyLoadFailed - json input with responseText but no message" computerName="TFSBUILD11" duration="00:00:00.0140000" startTime="2015-09-28T09:45:46.9303684-07:00" endTime="2015-09-28T09:45:46.9303684-07:00" testType="13cdc9d9-ddb5-4fa4-a97d-d965ccfc6d4b" outcome="Passed" testListId="8c84fa94-04c1-424b-9868-57a2d4851a1d" relativeResultsDirectory="d63b84c0-7779-44a6-abd7-0e1381f935c2" />
    <UnitTestResult executionId="c0710d9b-17d4-475b-ba18-85838270b363" testId="5d0a392f-7063-4eeb-bffd-e9477e3dc3b8" testName="TFSTests.Dashboards.WidgetHostTests notifyLoadFailed - json input with no responseText and no message" computerName="TFSBUILD11" duration="00:00:00.0150000" startTime="2015-09-28T09:45:46.9303684-07:00" endTime="2015-09-28T09:45:46.9303684-07:00" testType="13cdc9d9-ddb5-4fa4-a97d-d965ccfc6d4b" outcome="Passed" testListId="8c84fa94-04c1-424b-9868-57a2d4851a1d" relativeResultsDirectory="c0710d9b-17d4-475b-ba18-85838270b363" />
    <UnitTestResult executionId="ddd1f47a-75ac-4efd-abf7-760e5b9c4bfc" testId="ec71545f-cb2a-4d4e-a092-5c73af184657" testName="TFSTests.Dashboards.WidgetHostTests WidgetHost- _sizeWidgetForPreview sets correct dimensions on element" computerName="TFSBUILD11" duration="00:00:00.0170000" startTime="2015-09-28T09:45:46.9303684-07:00" endTime="2015-09-28T09:45:46.9303684-07:00" testType="13cdc9d9-ddb5-4fa4-a97d-d965ccfc6d4b" outcome="Passed" testListId="8c84fa94-04c1-424b-9868-57a2d4851a1d" relativeResultsDirectory="ddd1f47a-75ac-4efd-abf7-760e5b9c4bfc" />
    <UnitTestResult executionId="c02c1e67-fb20-4bce-a111-3191374a75e9" testId="9cec5fce-43e7-4633-90fd-74ad4cf1d10d" testName="TFSTests.Dashboards.WidgetHostTests WidgetHost- initialize calls creation / setup methods" computerName="TFSBUILD11" duration="00:00:00.0150000" startTime="2015-09-28T09:45:46.9313691-07:00" endTime="2015-09-28T09:45:46.9313691-07:00" testType="13cdc9d9-ddb5-4fa4-a97d-d965ccfc6d4b" outcome="Passed" testListId="8c84fa94-04c1-424b-9868-57a2d4851a1d" relativeResultsDirectory="c02c1e67-fb20-4bce-a111-3191374a75e9" />
    <UnitTestResult executionId="35297a01-79a4-4ff7-9781-afa98d4bcd01" testId="e9d4e544-8159-4b59-b113-21f84a87f9f1" testName="TFSTests.Dashboards.WidgetHostTests WidgetHost- _setInitialWidgetSize sets preview size when _isPreviewHost is set to true" computerName="TFSBUILD11" duration="00:00:00.0140000" startTime="2015-09-28T09:45:47.0795731-07:00" endTime="2015-09-28T09:45:47.0795731-07:00" testType="13cdc9d9-ddb5-4fa4-a97d-d965ccfc6d4b" outcome="Passed" testListId="8c84fa94-04c1-424b-9868-57a2d4851a1d" relativeResultsDirectory="35297a01-79a4-4ff7-9781-afa98d4bcd01" />
    <UnitTestResult executionId="af28d198-22d3-4dc4-b6f7-a42c0153f315" testId="8dad2011-8052-4d81-9b73-95ab8a928fcd" testName="TFSTests.Dashboards.WidgetHostTests WidgetHost- _createWidget calls showUnhandledLoadException when error thrown during widget creation" computerName="TFSBUILD11" duration="00:00:00.0150000" startTime="2015-09-28T09:45:47.0795731-07:00" endTime="2015-09-28T09:45:47.0795731-07:00" testType="13cdc9d9-ddb5-4fa4-a97d-d965ccfc6d4b" outcome="Passed" testListId="8c84fa94-04c1-424b-9868-57a2d4851a1d" relativeResultsDirectory="af28d198-22d3-4dc4-b6f7-a42c0153f315" />
    <UnitTestResult executionId="f352114d-0aea-426f-a06f-60cbf3941d47" testId="3de1b9a3-cf46-4e0f-8eb9-e74fe1789bdd" testName="TFSTests.Dashboards.WidgetHostTests WidgetHost- showUnhandledLoadException calls notifyLoadFailedDetailed" computerName="TFSBUILD11" duration="00:00:00.0150000" startTime="2015-09-28T09:45:47.0795731-07:00" endTime="2015-09-28T09:45:47.0795731-07:00" testType="13cdc9d9-ddb5-4fa4-a97d-d965ccfc6d4b" outcome="Passed" testListId="8c84fa94-04c1-424b-9868-57a2d4851a1d" relativeResultsDirectory="f352114d-0aea-426f-a06f-60cbf3941d47" />
    <UnitTestResult executionId="f907ef9a-574e-49fd-9b58-79bc2d865dcf" testId="d857b1dc-84f1-473f-bf9c-4bf737ed2453" testName="TFSTests.Dashboards.Control.BladeConfiguration.ErrorMessageControlTests ErrorMessageControl - Disable-Enable (Core Scenario)" computerName="TFSBUILD11" duration="00:00:00.0170000" startTime="2015-09-28T09:45:47.0805718-07:00" endTime="2015-09-28T09:45:47.0805718-07:00" testType="13cdc9d9-ddb5-4fa4-a97d-d965ccfc6d4b" outcome="Passed" testListId="8c84fa94-04c1-424b-9868-57a2d4851a1d" relativeResultsDirectory="f907ef9a-574e-49fd-9b58-79bc2d865dcf" />
    <UnitTestResult executionId="17d592e7-1198-46dc-9899-5a128a54a325" testId="f8925510-055a-41c2-a38c-392eeae15776" testName="TFSTests.Dashboards.Control.BladeConfiguration BladeConfiguration - Create blade and check level" computerName="TFSBUILD11" duration="00:00:00.0210000" startTime="2015-09-28T09:45:47.0805718-07:00" endTime="2015-09-28T09:45:47.0805718-07:00" testType="13cdc9d9-ddb5-4fa4-a97d-d965ccfc6d4b" outcome="Passed" testListId="8c84fa94-04c1-424b-9868-57a2d4851a1d" relativeResultsDirectory="17d592e7-1198-46dc-9899-5a128a54a325" />
    <UnitTestResult executionId="28c6f42f-99d4-46ca-93e5-9b6240f4d644" testId="00f7ec36-183c-4a4d-a74f-10718e5de4d8" testName="TFSTests.Dashboards.Control.BladeConfiguration BladeConfiguration - dom composition" computerName="TFSBUILD11" duration="00:00:00.0170000" startTime="2015-09-28T09:45:47.0805718-07:00" endTime="2015-09-28T09:45:47.0805718-07:00" testType="13cdc9d9-ddb5-4fa4-a97d-d965ccfc6d4b" outcome="Passed" testListId="8c84fa94-04c1-424b-9868-57a2d4851a1d" relativeResultsDirectory="28c6f42f-99d4-46ca-93e5-9b6240f4d644" />
    <UnitTestResult executionId="9739a343-abb2-497d-8850-f12230ac81ba" testId="c8b59c23-c44b-495f-ab52-767b0b22a84a" testName="TFSTests.Dashboards.Control.BladeConfiguration BladeConfiguration - general settings data rendering check" computerName="TFSBUILD11" duration="00:00:00.0200000" startTime="2015-09-28T09:45:47.0805718-07:00" endTime="2015-09-28T09:45:47.0805718-07:00" testType="13cdc9d9-ddb5-4fa4-a97d-d965ccfc6d4b" outcome="Passed" testListId="8c84fa94-04c1-424b-9868-57a2d4851a1d" relativeResultsDirectory="9739a343-abb2-497d-8850-f12230ac81ba" />
    <UnitTestResult executionId="6c49add7-feac-4c3a-8b00-bc0e14fbe7a1" testId="60767130-75a7-430a-9992-92840052bd76" testName="TFSTests.Dashboards.Control.BladeMenu Blade&lt;T&gt; - Initialize Level &lt; 0" computerName="TFSBUILD11" duration="00:00:00.0140000" startTime="2015-09-28T09:45:47.0805718-07:00" endTime="2015-09-28T09:45:47.0805718-07:00" testType="13cdc9d9-ddb5-4fa4-a97d-d965ccfc6d4b" outcome="Passed" testListId="8c84fa94-04c1-424b-9868-57a2d4851a1d" relativeResultsDirectory="6c49add7-feac-4c3a-8b00-bc0e14fbe7a1" />
    <UnitTestResult executionId="d9cd2883-f08b-4aa4-8c7d-b1514874659a" testId="27925156-d280-4a7f-9585-3d8f8a5e46c9" testName="TFSTests.Dashboards.Control.BladeMenu Blade&lt;T&gt; - Initialize Level 0" computerName="TFSBUILD11" duration="00:00:00.0150000" startTime="2015-09-28T09:45:47.0805718-07:00" endTime="2015-09-28T09:45:47.0805718-07:00" testType="13cdc9d9-ddb5-4fa4-a97d-d965ccfc6d4b" outcome="Passed" testListId="8c84fa94-04c1-424b-9868-57a2d4851a1d" relativeResultsDirectory="d9cd2883-f08b-4aa4-8c7d-b1514874659a" />
    <UnitTestResult executionId="9a357e8d-c16a-4e89-ae4d-4840fd90891f" testId="b2c0c675-80b7-4152-b84e-d9459e87622f" testName="TFSTests.Dashboards.Control.BladeMenu Blade&lt;T&gt; - Initialize &gt; 0" computerName="TFSBUILD11" duration="00:00:00.0160000" startTime="2015-09-28T09:45:47.2339731-07:00" endTime="2015-09-28T09:45:47.2339731-07:00" testType="13cdc9d9-ddb5-4fa4-a97d-d965ccfc6d4b" outcome="Passed" testListId="8c84fa94-04c1-424b-9868-57a2d4851a1d" relativeResultsDirectory="9a357e8d-c16a-4e89-ae4d-4840fd90891f" />
    <UnitTestResult executionId="1d7a6490-d628-416e-b97c-4ed1acca8660" testId="0da546aa-a1ef-4cf6-b30d-9d3fe8a31339" testName="TFSTests.Dashboards.Control.BladeMenu Blade&lt;T&gt; - GetLevel" computerName="TFSBUILD11" duration="00:00:00.0150000" startTime="2015-09-28T09:45:47.2339731-07:00" endTime="2015-09-28T09:45:47.2339731-07:00" testType="13cdc9d9-ddb5-4fa4-a97d-d965ccfc6d4b" outcome="Passed" testListId="8c84fa94-04c1-424b-9868-57a2d4851a1d" relativeResultsDirectory="1d7a6490-d628-416e-b97c-4ed1acca8660" />
    <UnitTestResult executionId="bf2f1662-e61b-49bb-a58d-93bb628cea4e" testId="9599f712-a0ff-4a5e-9281-b5069d4c2b23" testName="TFSTests.Dashboards.Control.BladeMenu Blade&lt;T&gt; - Click" computerName="TFSBUILD11" duration="00:00:00.0160000" startTime="2015-09-28T09:45:47.2339731-07:00" endTime="2015-09-28T09:45:47.2339731-07:00" testType="13cdc9d9-ddb5-4fa4-a97d-d965ccfc6d4b" outcome="Passed" testListId="8c84fa94-04c1-424b-9868-57a2d4851a1d" relativeResultsDirectory="bf2f1662-e61b-49bb-a58d-93bb628cea4e" />
    <UnitTestResult executionId="ec53c2c1-12ba-4125-b155-91cf7c7edbe2" testId="dd905576-8383-4ccf-a505-0d5baaed2bb2" testName="TFSTests.Dashboards.Control.BladeMenu BladeMenu - Initialize setup no blades" computerName="TFSBUILD11" duration="00:00:00.0150000" startTime="2015-09-28T09:45:47.2339731-07:00" endTime="2015-09-28T09:45:47.2339731-07:00" testType="13cdc9d9-ddb5-4fa4-a97d-d965ccfc6d4b" outcome="Passed" testListId="8c84fa94-04c1-424b-9868-57a2d4851a1d" relativeResultsDirectory="ec53c2c1-12ba-4125-b155-91cf7c7edbe2" />
    <UnitTestResult executionId="b29584a4-4aef-4a9c-9ee5-78866c89a1e6" testId="108f1127-e981-4866-bf0f-27591f3b3517" testName="TFSTests.Dashboards.Control.BladeMenu BladeMenu - Initialize setup blades" computerName="TFSBUILD11" duration="00:00:00.0190000" startTime="2015-09-28T09:45:47.2339731-07:00" endTime="2015-09-28T09:45:47.2339731-07:00" testType="13cdc9d9-ddb5-4fa4-a97d-d965ccfc6d4b" outcome="Passed" testListId="8c84fa94-04c1-424b-9868-57a2d4851a1d" relativeResultsDirectory="b29584a4-4aef-4a9c-9ee5-78866c89a1e6" />
    <UnitTestResult executionId="185e9ca4-e8d4-4cfa-ad93-3b88838ef45a" testId="ad1466e1-b953-420c-bedb-ae4c19cd49d8" testName="TFSTests.Dashboards.Control.BladeMenu BladeMenu - MenuWidth - OneBladeMode" computerName="TFSBUILD11" duration="00:00:00.0170000" startTime="2015-09-28T09:45:47.2339731-07:00" endTime="2015-09-28T09:45:47.2339731-07:00" testType="13cdc9d9-ddb5-4fa4-a97d-d965ccfc6d4b" outcome="Passed" testListId="8c84fa94-04c1-424b-9868-57a2d4851a1d" relativeResultsDirectory="185e9ca4-e8d4-4cfa-ad93-3b88838ef45a" />
    <UnitTestResult executionId="329b7dc0-d8ef-4d6f-a478-8dfb08115200" testId="63d4d33f-4e8a-47e6-ae1c-57441036286e" testName="TFSTests.Dashboards.Control.BladeMenu BladeMenu - MenuWidth - Not OneBladeMode" computerName="TFSBUILD11" duration="00:00:00.0170000" startTime="2015-09-28T09:45:47.2349738-07:00" endTime="2015-09-28T09:45:47.2349738-07:00" testType="13cdc9d9-ddb5-4fa4-a97d-d965ccfc6d4b" outcome="Passed" testListId="8c84fa94-04c1-424b-9868-57a2d4851a1d" relativeResultsDirectory="329b7dc0-d8ef-4d6f-a478-8dfb08115200" />
    <UnitTestResult executionId="debfef0c-04aa-4f8d-90c6-01c13868de02" testId="ce700ee2-4411-4f1b-a849-dea059b17309" testName="TFSTests.Dashboards.Control.BladeMenu BladeMenu - OpenBladeMenu with blade &gt; max " computerName="TFSBUILD11" duration="00:00:00.0200000" startTime="2015-09-28T09:45:47.2349738-07:00" endTime="2015-09-28T09:45:47.2349738-07:00" testType="13cdc9d9-ddb5-4fa4-a97d-d965ccfc6d4b" outcome="Passed" testListId="8c84fa94-04c1-424b-9868-57a2d4851a1d" relativeResultsDirectory="debfef0c-04aa-4f8d-90c6-01c13868de02" />
    <UnitTestResult executionId="f3ff1384-c2a4-4854-b0ba-aed6b125d3fc" testId="bd909d91-5c53-4111-ac7f-63d35124a226" testName="TFSTests.Dashboards.Control.BladeMenu BladeMenu - OpenBladeMenu with other blade visible true" computerName="TFSBUILD11" duration="00:00:00.0190000" startTime="2015-09-28T09:45:47.2349738-07:00" endTime="2015-09-28T09:45:47.2349738-07:00" testType="13cdc9d9-ddb5-4fa4-a97d-d965ccfc6d4b" outcome="Passed" testListId="8c84fa94-04c1-424b-9868-57a2d4851a1d" relativeResultsDirectory="f3ff1384-c2a4-4854-b0ba-aed6b125d3fc" />
    <UnitTestResult executionId="f3ec7a92-9bfe-4288-a5fd-d7ee412a3a91" testId="fa4871c2-f8a5-4976-be8c-90030b01a43c" testName="TFSTests.Dashboards.Control.BladeMenu BladeMenu - OpenBladeMenu with other blade visible false" computerName="TFSBUILD11" duration="00:00:00.0190000" startTime="2015-09-28T09:45:47.3982003-07:00" endTime="2015-09-28T09:45:47.3982003-07:00" testType="13cdc9d9-ddb5-4fa4-a97d-d965ccfc6d4b" outcome="Passed" testListId="8c84fa94-04c1-424b-9868-57a2d4851a1d" relativeResultsDirectory="f3ec7a92-9bfe-4288-a5fd-d7ee412a3a91" />
    <UnitTestResult executionId="cb354e46-ad3b-44d8-8416-8ae20120528c" testId="b48fbed4-ea58-4c0f-88e8-6a28aa9d7cb1" testName="TFSTests.Dashboards.Control.BladeMenu BladeMenu - OpenBladeMenu Default Mode" computerName="TFSBUILD11" duration="00:00:00.0200000" startTime="2015-09-28T09:45:47.3982003-07:00" endTime="2015-09-28T09:45:47.3982003-07:00" testType="13cdc9d9-ddb5-4fa4-a97d-d965ccfc6d4b" outcome="Passed" testListId="8c84fa94-04c1-424b-9868-57a2d4851a1d" relativeResultsDirectory="cb354e46-ad3b-44d8-8416-8ae20120528c" />
    <UnitTestResult executionId="40a12a0e-2c6c-48a1-a5c7-c2c05fe75013" testId="d1423cab-10d2-4af1-85dc-8415b9c9f7a8" testName="TFSTests.Dashboards.Control.BladeMenu BladeMenu - getBladeWidth - Blade Active OneBladeMode On" computerName="TFSBUILD11" duration="00:00:00.0190000" startTime="2015-09-28T09:45:47.3982003-07:00" endTime="2015-09-28T09:45:47.3982003-07:00" testType="13cdc9d9-ddb5-4fa4-a97d-d965ccfc6d4b" outcome="Passed" testListId="8c84fa94-04c1-424b-9868-57a2d4851a1d" relativeResultsDirectory="40a12a0e-2c6c-48a1-a5c7-c2c05fe75013" />
    <UnitTestResult executionId="83e6f3de-b0f5-4521-98bc-9ce3c1703b32" testId="30ec38b4-1ddf-46e7-ba02-15e0e5ed7fb5" testName="TFSTests.Dashboards.Control.BladeMenu BladeMenu - getBladeWidth - Blade Active OneBladeMode Off" computerName="TFSBUILD11" duration="00:00:00.0190000" startTime="2015-09-28T09:45:47.3982003-07:00" endTime="2015-09-28T09:45:47.3982003-07:00" testType="13cdc9d9-ddb5-4fa4-a97d-d965ccfc6d4b" outcome="Passed" testListId="8c84fa94-04c1-424b-9868-57a2d4851a1d" relativeResultsDirectory="83e6f3de-b0f5-4521-98bc-9ce3c1703b32" />
    <UnitTestResult executionId="c2117e55-0d26-4acd-8dae-80d0f3f305ef" testId="a20ae6dc-e470-4794-932a-97a8d904db02" testName="TFSTests.Dashboards.Control.BladeMenu BladeMenu - getBladeWidth - Blade Not Active OneBladeMode On" computerName="TFSBUILD11" duration="00:00:00.0190000" startTime="2015-09-28T09:45:47.3982003-07:00" endTime="2015-09-28T09:45:47.3982003-07:00" testType="13cdc9d9-ddb5-4fa4-a97d-d965ccfc6d4b" outcome="Passed" testListId="8c84fa94-04c1-424b-9868-57a2d4851a1d" relativeResultsDirectory="c2117e55-0d26-4acd-8dae-80d0f3f305ef" />
    <UnitTestResult executionId="de447f53-0edd-4174-b0bc-bbe1f152b163" testId="326648f3-6afc-4663-ae84-7e903ff3f605" testName="TFSTests.Dashboards.Control.BladeMenu BladeMenu - getBladeWidth - Blade Not Active OneBladeMode Off" computerName="TFSBUILD11" duration="00:00:00.0200000" startTime="2015-09-28T09:45:47.3992004-07:00" endTime="2015-09-28T09:45:47.3992004-07:00" testType="13cdc9d9-ddb5-4fa4-a97d-d965ccfc6d4b" outcome="Passed" testListId="8c84fa94-04c1-424b-9868-57a2d4851a1d" relativeResultsDirectory="de447f53-0edd-4174-b0bc-bbe1f152b163" />
    <UnitTestResult executionId="8f0e0ee1-4226-4b4b-a598-aa2090ad46f8" testId="b5939bfa-7ca7-42ef-8bc0-f126d3fd2e7d" testName="TFSTests.Dashboards.Control.BladeMenu GeneralSettingsControl - validateWidgetName is at the length limit" computerName="TFSBUILD11" duration="00:00:00.0150000" startTime="2015-09-28T09:45:47.3992004-07:00" endTime="2015-09-28T09:45:47.3992004-07:00" testType="13cdc9d9-ddb5-4fa4-a97d-d965ccfc6d4b" outcome="Passed" testListId="8c84fa94-04c1-424b-9868-57a2d4851a1d" relativeResultsDirectory="8f0e0ee1-4226-4b4b-a598-aa2090ad46f8" />
    <UnitTestResult executionId="57812c3e-5ea4-4b32-b74a-b79ae0569b49" testId="62b7d0d6-0e4a-407b-bc62-6a5dd07679bf" testName="TFSTests.Dashboards.Control.BladeMenu GeneralSettingsControl - initialize adds widget name and size" computerName="TFSBUILD11" duration="00:00:00.0150000" startTime="2015-09-28T09:45:47.3992004-07:00" endTime="2015-09-28T09:45:47.3992004-07:00" testType="13cdc9d9-ddb5-4fa4-a97d-d965ccfc6d4b" outcome="Passed" testListId="8c84fa94-04c1-424b-9868-57a2d4851a1d" relativeResultsDirectory="57812c3e-5ea4-4b32-b74a-b79ae0569b49" />
    <UnitTestResult executionId="ab616a8c-6dec-41d6-86c0-6317165541ab" testId="1625b353-0b83-4593-9420-ae5f7cce5c6c" testName="TFSTests.Dashboards.Control.BladeMenu GeneralSettingsControl - _addWidgetSize does not add dropdown if there is only one allowed size" computerName="TFSBUILD11" duration="00:00:00.0150000" startTime="2015-09-28T09:45:47.3992004-07:00" endTime="2015-09-28T09:45:47.3992004-07:00" testType="13cdc9d9-ddb5-4fa4-a97d-d965ccfc6d4b" outcome="Passed" testListId="8c84fa94-04c1-424b-9868-57a2d4851a1d" relativeResultsDirectory="ab616a8c-6dec-41d6-86c0-6317165541ab" />
    <UnitTestResult executionId="85e07a8d-127d-4dd4-89ba-a69d338c3954" testId="78d47802-dc94-445f-bc1f-9adc701413b5" testName="TFSTests.Dashboards.Control.BladeMenu GeneralSettingsControl - _getWidgetSizeFromId creates correct widget size given valid input" computerName="TFSBUILD11" duration="00:00:00.0170000" startTime="2015-09-28T09:45:47.5414538-07:00" endTime="2015-09-28T09:45:47.5414538-07:00" testType="13cdc9d9-ddb5-4fa4-a97d-d965ccfc6d4b" outcome="Passed" testListId="8c84fa94-04c1-424b-9868-57a2d4851a1d" relativeResultsDirectory="85e07a8d-127d-4dd4-89ba-a69d338c3954" />
    <UnitTestResult executionId="97c48ca5-1983-4072-8eea-5b9b602df3d8" testId="c036b91e-2ff5-4e74-9c4f-c6f31304a999" testName="TFSTests.Dashboards.Control.BladeMenu GeneralSettingsControl - _getWidgetSizeFromId throws an error when given single dimension" computerName="TFSBUILD11" duration="00:00:00.0140000" startTime="2015-09-28T09:45:47.5414538-07:00" endTime="2015-09-28T09:45:47.5414538-07:00" testType="13cdc9d9-ddb5-4fa4-a97d-d965ccfc6d4b" outcome="Passed" testListId="8c84fa94-04c1-424b-9868-57a2d4851a1d" relativeResultsDirectory="97c48ca5-1983-4072-8eea-5b9b602df3d8" />
    <UnitTestResult executionId="9cfdca71-f91e-454a-baac-903da133a02c" testId="80de2aaf-7219-4e52-a082-d2d2757a068a" testName="TFSTests.Dashboards.Control.BladeMenu GeneralSettingsControl - _getWidgetSizeFromId throws an error when given non-numbers" computerName="TFSBUILD11" duration="00:00:00.0140000" startTime="2015-09-28T09:45:47.5414538-07:00" endTime="2015-09-28T09:45:47.5414538-07:00" testType="13cdc9d9-ddb5-4fa4-a97d-d965ccfc6d4b" outcome="Passed" testListId="8c84fa94-04c1-424b-9868-57a2d4851a1d" relativeResultsDirectory="9cfdca71-f91e-454a-baac-903da133a02c" />
    <UnitTestResult executionId="2852ff3e-c0bc-4f44-9918-710828ebba9e" testId="8371f04b-7773-497d-9af5-c0fb0b369e0d" testName="TFSTests.Dashboards.Control.BladeMenu GeneralSettingsControl - settings change valid calls setting change callback" computerName="TFSBUILD11" duration="00:00:00.0150000" startTime="2015-09-28T09:45:47.5414538-07:00" endTime="2015-09-28T09:45:47.5414538-07:00" testType="13cdc9d9-ddb5-4fa4-a97d-d965ccfc6d4b" outcome="Passed" testListId="8c84fa94-04c1-424b-9868-57a2d4851a1d" relativeResultsDirectory="2852ff3e-c0bc-4f44-9918-710828ebba9e" />
    <UnitTestResult executionId="6a01f154-990e-4553-a18a-23ba0027bab2" testId="a6b9add9-abb6-4dcd-a839-008c1f7f0576" testName="TFSTests.Dashboards.Control.BladeMenu GeneralSettingsControl - settings change invalid calls setting change callback" computerName="TFSBUILD11" duration="00:00:00.0150000" startTime="2015-09-28T09:45:47.5414538-07:00" endTime="2015-09-28T09:45:47.5414538-07:00" testType="13cdc9d9-ddb5-4fa4-a97d-d965ccfc6d4b" outcome="Passed" testListId="8c84fa94-04c1-424b-9868-57a2d4851a1d" relativeResultsDirectory="6a01f154-990e-4553-a18a-23ba0027bab2" />
    <UnitTestResult executionId="2acaed23-c51b-4b6d-bed3-534176c00a3c" testId="377e12d6-3dac-4b7d-b135-404cbf07648e" testName="TFSTests.Dashboards.Control.BladeMenu GeneralSettingsControl - onWidgetSettingsChange - validation called" computerName="TFSBUILD11" duration="00:00:00.0150000" startTime="2015-09-28T09:45:47.5414538-07:00" endTime="2015-09-28T09:45:47.5414538-07:00" testType="13cdc9d9-ddb5-4fa4-a97d-d965ccfc6d4b" outcome="Passed" testListId="8c84fa94-04c1-424b-9868-57a2d4851a1d" relativeResultsDirectory="2acaed23-c51b-4b6d-bed3-534176c00a3c" />
    <UnitTestResult executionId="fd8d6f4f-6d52-4e80-aaa3-e62afc62e71b" testId="0d487f05-f061-47b4-ac97-41e76b2caba0" testName="TFSTests.Dashboards.Control.BladeMenu GeneralSettingsControl - onWidgetSettingsChange - name not configurable" computerName="TFSBUILD11" duration="00:00:00.0160000" startTime="2015-09-28T09:45:47.5414538-07:00" endTime="2015-09-28T09:45:47.5414538-07:00" testType="13cdc9d9-ddb5-4fa4-a97d-d965ccfc6d4b" outcome="Passed" testListId="8c84fa94-04c1-424b-9868-57a2d4851a1d" relativeResultsDirectory="fd8d6f4f-6d52-4e80-aaa3-e62afc62e71b" />
    <UnitTestResult executionId="38bb732a-f799-4e87-9c74-4385c25974d0" testId="ea3a598d-9286-4fe9-83b6-749035538a25" testName="TFSTests.Dashboards.Control.BladeMenu GeneralSettingsControl - initialize - create name" computerName="TFSBUILD11" duration="00:00:00.0160000" startTime="2015-09-28T09:45:47.5414538-07:00" endTime="2015-09-28T09:45:47.5414538-07:00" testType="13cdc9d9-ddb5-4fa4-a97d-d965ccfc6d4b" outcome="Passed" testListId="8c84fa94-04c1-424b-9868-57a2d4851a1d" relativeResultsDirectory="38bb732a-f799-4e87-9c74-4385c25974d0" />
    <UnitTestResult executionId="6236f0a0-16f6-4df6-aed8-27782599701f" testId="4aef29cc-5fdc-4b3f-aa32-576e27a11b35" testName="TFSTests.Dashboards.Control.BladeMenu GeneralSettingsControl - initialize - default widget name" computerName="TFSBUILD11" duration="00:00:00.0160000" startTime="2015-09-28T09:45:47.5414538-07:00" endTime="2015-09-28T09:45:47.5414538-07:00" testType="13cdc9d9-ddb5-4fa4-a97d-d965ccfc6d4b" outcome="Passed" testListId="8c84fa94-04c1-424b-9868-57a2d4851a1d" relativeResultsDirectory="6236f0a0-16f6-4df6-aed8-27782599701f" />
    <UnitTestResult executionId="ce6d03ad-8ebc-4045-99ee-0f584b2959db" testId="7e75efd7-1ed6-431e-80b9-65561ac340df" testName="TFSTests.Dashboards.Control.BladeMenu GeneralSettingsControl - initialize - isnameconfigurable false" computerName="TFSBUILD11" duration="00:00:00.0150000" startTime="2015-09-28T09:45:47.7224246-07:00" endTime="2015-09-28T09:45:47.7224246-07:00" testType="13cdc9d9-ddb5-4fa4-a97d-d965ccfc6d4b" outcome="Passed" testListId="8c84fa94-04c1-424b-9868-57a2d4851a1d" relativeResultsDirectory="ce6d03ad-8ebc-4045-99ee-0f584b2959db" />
    <UnitTestResult executionId="4824142a-9887-4ca5-9219-fc7b6c2fdaf0" testId="3aef8708-78bc-4dfa-aca6-bb955528bcb2" testName="TFSTests.Dashboards.Control.BladeMenu GeneralSettingsControl - validateWidgetName - null" computerName="TFSBUILD11" duration="00:00:00.0150000" startTime="2015-09-28T09:45:47.7224246-07:00" endTime="2015-09-28T09:45:47.7224246-07:00" testType="13cdc9d9-ddb5-4fa4-a97d-d965ccfc6d4b" outcome="Passed" testListId="8c84fa94-04c1-424b-9868-57a2d4851a1d" relativeResultsDirectory="4824142a-9887-4ca5-9219-fc7b6c2fdaf0" />
    <UnitTestResult executionId="c0400a8c-dcd7-4970-ae4f-2a63d699a8f3" testId="815095cb-afa0-4106-9cbb-866e4faaaabb" testName="TFSTests.Dashboards.Control.BladeMenu GeneralSettingsControl - validateWidgetName - empty" computerName="TFSBUILD11" duration="00:00:00.0160000" startTime="2015-09-28T09:45:47.7224246-07:00" endTime="2015-09-28T09:45:47.7224246-07:00" testType="13cdc9d9-ddb5-4fa4-a97d-d965ccfc6d4b" outcome="Passed" testListId="8c84fa94-04c1-424b-9868-57a2d4851a1d" relativeResultsDirectory="c0400a8c-dcd7-4970-ae4f-2a63d699a8f3" />
    <UnitTestResult executionId="ff3ed0cd-0e5a-45f1-86c8-0b44a626aab4" testId="c2103776-2037-47bd-bf5f-5b5437b73d37" testName="TFSTests.Dashboards.Control.BladeMenu GeneralSettingsControl - validateWidgetName - 1 character" computerName="TFSBUILD11" duration="00:00:00.0560000" startTime="2015-09-28T09:45:47.7224246-07:00" endTime="2015-09-28T09:45:47.7224246-07:00" testType="13cdc9d9-ddb5-4fa4-a97d-d965ccfc6d4b" outcome="Passed" testListId="8c84fa94-04c1-424b-9868-57a2d4851a1d" relativeResultsDirectory="ff3ed0cd-0e5a-45f1-86c8-0b44a626aab4" />
    <UnitTestResult executionId="f83a2ad5-75e1-416f-aa63-249bdcb80d19" testId="7fa10b46-09b0-4883-94f2-1b627f01d1c4" testName="TFSTests.Dashboards.Control.BladeMenu GeneralSettingsControl - validateWidgetName - too huge" computerName="TFSBUILD11" duration="00:00:00.0160000" startTime="2015-09-28T09:45:47.7224246-07:00" endTime="2015-09-28T09:45:47.7224246-07:00" testType="13cdc9d9-ddb5-4fa4-a97d-d965ccfc6d4b" outcome="Passed" testListId="8c84fa94-04c1-424b-9868-57a2d4851a1d" relativeResultsDirectory="f83a2ad5-75e1-416f-aa63-249bdcb80d19" />
    <UnitTestResult executionId="0f898750-93c5-4cbe-9b84-6e3b46e7e7c1" testId="35cee422-477f-4258-a6aa-2f0ded4fbe0c" testName="TFSTests.Dashboards.Control.BladeMenu GeneralSettingsControl - validate - valid" computerName="TFSBUILD11" duration="00:00:00.0150000" startTime="2015-09-28T09:45:47.7224246-07:00" endTime="2015-09-28T09:45:47.7224246-07:00" testType="13cdc9d9-ddb5-4fa4-a97d-d965ccfc6d4b" outcome="Passed" testListId="8c84fa94-04c1-424b-9868-57a2d4851a1d" relativeResultsDirectory="0f898750-93c5-4cbe-9b84-6e3b46e7e7c1" />
    <UnitTestResult executionId="22f35f4a-7330-4a49-ace5-75b595c45ee6" testId="2732daf5-b40a-432f-bd2f-bbc6953f2ec8" testName="TFSTests.Dashboards.Control.BladeMenu GeneralSettingsControl - validate - invalid" computerName="TFSBUILD11" duration="00:00:00.0150000" startTime="2015-09-28T09:45:47.7224246-07:00" endTime="2015-09-28T09:45:47.7224246-07:00" testType="13cdc9d9-ddb5-4fa4-a97d-d965ccfc6d4b" outcome="Passed" testListId="8c84fa94-04c1-424b-9868-57a2d4851a1d" relativeResultsDirectory="22f35f4a-7330-4a49-ace5-75b595c45ee6" />
    <UnitTestResult executionId="82a8aceb-167a-417a-bcd8-db3777ec0710" testId="c05dfd18-bc25-4fcc-be1f-2a78280d4c50" testName="TFSTests.Dashboards.Control.BladeMenu SettingsUtilities - buildSingleInputConfiguration - no display" computerName="TFSBUILD11" duration="00:00:00.0140000" startTime="2015-09-28T09:45:47.7224246-07:00" endTime="2015-09-28T09:45:47.7224246-07:00" testType="13cdc9d9-ddb5-4fa4-a97d-d965ccfc6d4b" outcome="Passed" testListId="8c84fa94-04c1-424b-9868-57a2d4851a1d" relativeResultsDirectory="82a8aceb-167a-417a-bcd8-db3777ec0710" />
    <UnitTestResult executionId="b469e506-7d5c-416e-acb7-78a35ab8bcd2" testId="8487274f-23ac-4671-bceb-1b5acb6fb658" testName="TFSTests.Dashboards.Control.BladeMenu SettingsUtilities - buildSingleInputConfiguration - no input" computerName="TFSBUILD11" duration="00:00:00.0150000" startTime="2015-09-28T09:45:47.7224246-07:00" endTime="2015-09-28T09:45:47.7224246-07:00" testType="13cdc9d9-ddb5-4fa4-a97d-d965ccfc6d4b" outcome="Passed" testListId="8c84fa94-04c1-424b-9868-57a2d4851a1d" relativeResultsDirectory="b469e506-7d5c-416e-acb7-78a35ab8bcd2" />
    <UnitTestResult executionId="9204e4e7-11d7-4f80-8483-0307868cf955" testId="c0809482-1625-4b3d-876f-6a8392b3c247" testName="TFSTests.Dashboards.Control.BladeMenu SettingsUtilities - buildSingleInputConfiguration - no error" computerName="TFSBUILD11" duration="00:00:00.0140000" startTime="2015-09-28T09:45:47.8659851-07:00" endTime="2015-09-28T09:45:47.8659851-07:00" testType="13cdc9d9-ddb5-4fa4-a97d-d965ccfc6d4b" outcome="Passed" testListId="8c84fa94-04c1-424b-9868-57a2d4851a1d" relativeResultsDirectory="9204e4e7-11d7-4f80-8483-0307868cf955" />
    <UnitTestResult executionId="5757852f-3fce-4cdd-86e3-1eb06998ffb7" testId="756ee489-4b86-499e-aea5-9fe70216e46b" testName="TFSTests.Dashboards.Control.BladeMenu SettingsUtilities - setInputValidationState - valid" computerName="TFSBUILD11" duration="00:00:00.0140000" startTime="2015-09-28T09:45:47.8669858-07:00" endTime="2015-09-28T09:45:47.8669858-07:00" testType="13cdc9d9-ddb5-4fa4-a97d-d965ccfc6d4b" outcome="Passed" testListId="8c84fa94-04c1-424b-9868-57a2d4851a1d" relativeResultsDirectory="5757852f-3fce-4cdd-86e3-1eb06998ffb7" />
    <UnitTestResult executionId="117bf045-606e-44f2-b528-9feb5b7f600f" testId="2babcab1-fe58-4fce-a648-31b889d756a7" testName="TFSTests.Dashboards.Control.BladeMenu SettingsUtilities - setInputValidationState - invalid" computerName="TFSBUILD11" duration="00:00:00.0140000" startTime="2015-09-28T09:45:47.8669858-07:00" endTime="2015-09-28T09:45:47.8669858-07:00" testType="13cdc9d9-ddb5-4fa4-a97d-d965ccfc6d4b" outcome="Passed" testListId="8c84fa94-04c1-424b-9868-57a2d4851a1d" relativeResultsDirectory="117bf045-606e-44f2-b528-9feb5b7f600f" />
    <UnitTestResult executionId="49d9985f-7f18-4931-a519-c540cbd27e9d" testId="7145187d-c530-4131-ba0c-bd2e58bc9a34" testName="TFSTests.Dashboards.Control.BladeMenu Widget resize telemetry: method addWidgetResizeTelemetry is called" computerName="TFSBUILD11" duration="00:00:00.0190000" startTime="2015-09-28T09:45:47.8669858-07:00" endTime="2015-09-28T09:45:47.8669858-07:00" testType="13cdc9d9-ddb5-4fa4-a97d-d965ccfc6d4b" outcome="Passed" testListId="8c84fa94-04c1-424b-9868-57a2d4851a1d" relativeResultsDirectory="49d9985f-7f18-4931-a519-c540cbd27e9d" />
    <UnitTestResult executionId="7849db17-75ff-4de4-adbe-dd02bc11de56" testId="b2f07af6-1957-405a-a35b-b607b6c9d030" testName="TFSTests.Dashboards.Control.BladeMenu Widget resize telemetry: method addWidgetResizeTelemetry is executed" computerName="TFSBUILD11" duration="00:00:00.0180000" startTime="2015-09-28T09:45:47.8669858-07:00" endTime="2015-09-28T09:45:47.8669858-07:00" testType="13cdc9d9-ddb5-4fa4-a97d-d965ccfc6d4b" outcome="Passed" testListId="8c84fa94-04c1-424b-9868-57a2d4851a1d" relativeResultsDirectory="7849db17-75ff-4de4-adbe-dd02bc11de56" />
    <UnitTestResult executionId="791d1291-0b52-4078-9c07-f3fe5e1936b0" testId="2c340d6b-fc13-42f5-8170-2d95356b0018" testName="TFSTests.Dashboards.Control.BladeMenu BladeConfiguration - _onGeneralConfigurationChangeCallback updates and refreshes" computerName="TFSBUILD11" duration="00:00:00.0150000" startTime="2015-09-28T09:45:47.8669858-07:00" endTime="2015-09-28T09:45:47.8669858-07:00" testType="13cdc9d9-ddb5-4fa4-a97d-d965ccfc6d4b" outcome="Passed" testListId="8c84fa94-04c1-424b-9868-57a2d4851a1d" relativeResultsDirectory="791d1291-0b52-4078-9c07-f3fe5e1936b0" />
    <UnitTestResult executionId="a24880d7-e350-4a01-a4e5-1d0945dd30c7" testId="cea45012-c8c5-4ff9-96d5-bf546cb7efcd" testName="TFSTests.Dashboards.Control.BladeMenu BladeConfiguration - _cancel(true) closes blade" computerName="TFSBUILD11" duration="00:00:00.0150000" startTime="2015-09-28T09:45:47.8669858-07:00" endTime="2015-09-28T09:45:47.8669858-07:00" testType="13cdc9d9-ddb5-4fa4-a97d-d965ccfc6d4b" outcome="Passed" testListId="8c84fa94-04c1-424b-9868-57a2d4851a1d" relativeResultsDirectory="a24880d7-e350-4a01-a4e5-1d0945dd30c7" />
    <UnitTestResult executionId="04fd1063-6a79-47b3-81a5-9d953210e982" testId="0bee96d4-9ed8-462f-82c3-35d1845d2598" testName="TFSTests.Dashboards.Control.BladeMenu WidgetPreview - updatePreviewSize resizes preview and re-centers it" computerName="TFSBUILD11" duration="00:00:00.0160000" startTime="2015-09-28T09:45:47.8669858-07:00" endTime="2015-09-28T09:45:47.8669858-07:00" testType="13cdc9d9-ddb5-4fa4-a97d-d965ccfc6d4b" outcome="Passed" testListId="8c84fa94-04c1-424b-9868-57a2d4851a1d" relativeResultsDirectory="04fd1063-6a79-47b3-81a5-9d953210e982" />
    <UnitTestResult executionId="b21bd86d-ba7d-487e-b3b6-fd4ff65bddc4" testId="096f9ceb-797e-4cd5-8256-879e1be0f670" testName="TFSTests.Dashboards.Control.BladeMenu WidgetPreview - _positionInMiddle calls _applyPosition" computerName="TFSBUILD11" duration="00:00:00.0150000" startTime="2015-09-28T09:45:47.8669858-07:00" endTime="2015-09-28T09:45:47.8669858-07:00" testType="13cdc9d9-ddb5-4fa4-a97d-d965ccfc6d4b" outcome="Passed" testListId="8c84fa94-04c1-424b-9868-57a2d4851a1d" relativeResultsDirectory="b21bd86d-ba7d-487e-b3b6-fd4ff65bddc4" />
    <UnitTestResult executionId="4dafcfc8-202f-40df-9054-ecfed3afc363" testId="71d3a872-3d51-42a7-8019-d51909874156" testName="TFSTests.Dashboards.Control.Grid DashboardGrid - Constructor initialWidgets Null" computerName="TFSBUILD11" duration="00:00:00.0160000" startTime="2015-09-28T09:45:48.0118156-07:00" endTime="2015-09-28T09:45:48.0118156-07:00" testType="13cdc9d9-ddb5-4fa4-a97d-d965ccfc6d4b" outcome="Passed" testListId="8c84fa94-04c1-424b-9868-57a2d4851a1d" relativeResultsDirectory="4dafcfc8-202f-40df-9054-ecfed3afc363" />
    <UnitTestResult executionId="808e16af-2664-4f07-83e0-2f9db945b7d4" testId="827e9498-141f-432d-906f-03d4bd84eb20" testName="TFSTests.Dashboards.Control.Grid DashboardGrid - Constructor all parameters defined" computerName="TFSBUILD11" duration="00:00:00.0160000" startTime="2015-09-28T09:45:48.0118156-07:00" endTime="2015-09-28T09:45:48.0118156-07:00" testType="13cdc9d9-ddb5-4fa4-a97d-d965ccfc6d4b" outcome="Passed" testListId="8c84fa94-04c1-424b-9868-57a2d4851a1d" relativeResultsDirectory="808e16af-2664-4f07-83e0-2f9db945b7d4" />
    <UnitTestResult executionId="9f3b1579-7def-46cb-9707-83b74a58779e" testId="852a6a38-9d2c-4567-830b-98b012a9eec8" testName="TFSTests.Dashboards.Control.Grid DashboardGrid - AddWidget Null When Widget is null" computerName="TFSBUILD11" duration="00:00:00.0160000" startTime="2015-09-28T09:45:48.0118156-07:00" endTime="2015-09-28T09:45:48.0118156-07:00" testType="13cdc9d9-ddb5-4fa4-a97d-d965ccfc6d4b" outcome="Passed" testListId="8c84fa94-04c1-424b-9868-57a2d4851a1d" relativeResultsDirectory="9f3b1579-7def-46cb-9707-83b74a58779e" />
    <UnitTestResult executionId="b7ee725f-7cf3-4050-8998-4a0e5bfba911" testId="6846f6db-ea73-4368-819c-214d8682002f" testName="TFSTests.Dashboards.Control.Grid DashboardGrid - AddWidget Null When widget has no id" computerName="TFSBUILD11" duration="00:00:00.0150000" startTime="2015-09-28T09:45:48.0118156-07:00" endTime="2015-09-28T09:45:48.0118156-07:00" testType="13cdc9d9-ddb5-4fa4-a97d-d965ccfc6d4b" outcome="Passed" testListId="8c84fa94-04c1-424b-9868-57a2d4851a1d" relativeResultsDirectory="b7ee725f-7cf3-4050-8998-4a0e5bfba911" />
    <UnitTestResult executionId="950347db-ea66-43a1-8f68-e8449c7468f0" testId="0e7fd53b-0e6a-45a4-9c0b-48b619d26e17" testName="TFSTests.Dashboards.Control.Grid DashboardGrid - AddWidget No Widget Id" computerName="TFSBUILD11" duration="00:00:00.0170000" startTime="2015-09-28T09:45:48.0118156-07:00" endTime="2015-09-28T09:45:48.0118156-07:00" testType="13cdc9d9-ddb5-4fa4-a97d-d965ccfc6d4b" outcome="Passed" testListId="8c84fa94-04c1-424b-9868-57a2d4851a1d" relativeResultsDirectory="950347db-ea66-43a1-8f68-e8449c7468f0" />
    <UnitTestResult executionId="2416bd58-d4ae-4080-b212-00d6b79e5a8f" testId="fa4ba86d-8a6e-4772-a8c5-4b66311db269" testName="TFSTests.Dashboards.Control.Grid DashboardGrid - AddWidget Twice" computerName="TFSBUILD11" duration="00:00:00.0170000" startTime="2015-09-28T09:45:48.0118156-07:00" endTime="2015-09-28T09:45:48.0118156-07:00" testType="13cdc9d9-ddb5-4fa4-a97d-d965ccfc6d4b" outcome="Passed" testListId="8c84fa94-04c1-424b-9868-57a2d4851a1d" relativeResultsDirectory="2416bd58-d4ae-4080-b212-00d6b79e5a8f" />
    <UnitTestResult executionId="36dc5d43-301c-4330-9156-e73f82aa0c8c" testId="f33ff6d1-713f-4cb1-aa07-c66dfb7d3040" testName="TFSTests.Dashboards.Control.Grid DashboardGrid - AddWidget With ID" computerName="TFSBUILD11" duration="00:00:00.0160000" startTime="2015-09-28T09:45:48.0118156-07:00" endTime="2015-09-28T09:45:48.0118156-07:00" testType="13cdc9d9-ddb5-4fa4-a97d-d965ccfc6d4b" outcome="Passed" testListId="8c84fa94-04c1-424b-9868-57a2d4851a1d" relativeResultsDirectory="36dc5d43-301c-4330-9156-e73f82aa0c8c" />
    <UnitTestResult executionId="d5fe5a10-ef2c-4c46-a3c1-b162af1c8277" testId="c4e3f3ed-11fe-4fd5-884a-bc0bb9aacbca" testName="TFSTests.Dashboards.Control.Grid DashboardGrid - MaxRowColumn" computerName="TFSBUILD11" duration="00:00:00.0150000" startTime="2015-09-28T09:45:48.0118156-07:00" endTime="2015-09-28T09:45:48.0118156-07:00" testType="13cdc9d9-ddb5-4fa4-a97d-d965ccfc6d4b" outcome="Passed" testListId="8c84fa94-04c1-424b-9868-57a2d4851a1d" relativeResultsDirectory="d5fe5a10-ef2c-4c46-a3c1-b162af1c8277" />
    <UnitTestResult executionId="d53ee5f5-06c5-4af2-b690-7d7976130793" testId="21af1435-9c4c-46ce-bbc2-882cf8e85eb5" testName="TFSTests.Dashboards.Control.Grid DashboardGrid - Sync position with gridster" computerName="TFSBUILD11" duration="00:00:00.0160000" startTime="2015-09-28T09:45:48.0118156-07:00" endTime="2015-09-28T09:45:48.0118156-07:00" testType="13cdc9d9-ddb5-4fa4-a97d-d965ccfc6d4b" outcome="Passed" testListId="8c84fa94-04c1-424b-9868-57a2d4851a1d" relativeResultsDirectory="d53ee5f5-06c5-4af2-b690-7d7976130793" />
    <UnitTestResult executionId="24d9282d-c1d5-4905-b4d4-6e2d565727f5" testId="0b63063c-3664-4733-a5af-97db625bff15" testName="TFSTests.Dashboards.Control.Grid DashboardGrid - _updateWidgetPositionIfChanged does nothing when no widgets have been changed" computerName="TFSBUILD11" duration="00:00:00.0160000" startTime="2015-09-28T09:45:48.1798395-07:00" endTime="2015-09-28T09:45:48.1798395-07:00" testType="13cdc9d9-ddb5-4fa4-a97d-d965ccfc6d4b" outcome="Passed" testListId="8c84fa94-04c1-424b-9868-57a2d4851a1d" relativeResultsDirectory="24d9282d-c1d5-4905-b4d4-6e2d565727f5" />
    <UnitTestResult executionId="8984749a-603e-4130-8608-bdc424209ab5" testId="2f286160-b5c9-4e17-9ea7-18a2b94db201" testName="TFSTests.Dashboards.Control.Grid DashboardGrid - _updateWidgetPositionIfChanged calls updateDashboardWidgetsPosition when widgets have been changed" computerName="TFSBUILD11" duration="00:00:00.0160000" startTime="2015-09-28T09:45:48.1798395-07:00" endTime="2015-09-28T09:45:48.1798395-07:00" testType="13cdc9d9-ddb5-4fa4-a97d-d965ccfc6d4b" outcome="Passed" testListId="8c84fa94-04c1-424b-9868-57a2d4851a1d" relativeResultsDirectory="8984749a-603e-4130-8608-bdc424209ab5" />
    <UnitTestResult executionId="6e9556e3-1d1d-4d14-9b34-77946e77ff5c" testId="c2e829db-a04d-4d8b-b00b-019c880fa3bb" testName="TFSTests.Dashboards.Control.Grid DashboardGrid - refreshWidgetSettings resizes widget and updates settings" computerName="TFSBUILD11" duration="00:00:00.0160000" startTime="2015-09-28T09:45:48.1798395-07:00" endTime="2015-09-28T09:45:48.1798395-07:00" testType="13cdc9d9-ddb5-4fa4-a97d-d965ccfc6d4b" outcome="Passed" testListId="8c84fa94-04c1-424b-9868-57a2d4851a1d" relativeResultsDirectory="6e9556e3-1d1d-4d14-9b34-77946e77ff5c" />
    <UnitTestResult executionId="94aaaf14-a0a5-4b13-acde-2979af7573f3" testId="3703e760-5069-40c4-bf48-f8cda54d4be0" testName="TFSTests.Dashboards.Control.Catalog WidgetCatalogController - loadData" computerName="TFSBUILD11" duration="00:00:00.0160000" startTime="2015-09-28T09:45:48.1798395-07:00" endTime="2015-09-28T09:45:48.1798395-07:00" testType="13cdc9d9-ddb5-4fa4-a97d-d965ccfc6d4b" outcome="Passed" testListId="8c84fa94-04c1-424b-9868-57a2d4851a1d" relativeResultsDirectory="94aaaf14-a0a5-4b13-acde-2979af7573f3" />
    <UnitTestResult executionId="9160c4a5-d177-4868-8404-53760c4a1493" testId="b6a18581-f3b5-4513-b56c-d0960e5612ec" testName="TFSTests.Dashboards.Control.Catalog WidgetCatalogController - search" computerName="TFSBUILD11" duration="00:00:00.0160000" startTime="2015-09-28T09:45:48.1798395-07:00" endTime="2015-09-28T09:45:48.1798395-07:00" testType="13cdc9d9-ddb5-4fa4-a97d-d965ccfc6d4b" outcome="Passed" testListId="8c84fa94-04c1-424b-9868-57a2d4851a1d" relativeResultsDirectory="9160c4a5-d177-4868-8404-53760c4a1493" />
    <UnitTestResult executionId="775bbd43-f842-4511-9c83-e79e13fc49e8" testId="851c7f13-4620-4dfc-bb3d-b746527cc38c" testName="TFSTests.Dashboards.Control.Catalog WidgetCatalogController - sort" computerName="TFSBUILD11" duration="00:00:00.0150000" startTime="2015-09-28T09:45:48.1798395-07:00" endTime="2015-09-28T09:45:48.1798395-07:00" testType="13cdc9d9-ddb5-4fa4-a97d-d965ccfc6d4b" outcome="Passed" testListId="8c84fa94-04c1-424b-9868-57a2d4851a1d" relativeResultsDirectory="775bbd43-f842-4511-9c83-e79e13fc49e8" />
    <UnitTestResult executionId="04c798fc-8d12-4310-83b0-9a9812aefdf7" testId="de3817d6-2d14-48c3-b3ea-9d2a0737e0e5" testName="TFSTests.Dashboards.Control.Catalog WidgetCatalogController - selection" computerName="TFSBUILD11" duration="00:00:00.0160000" startTime="2015-09-28T09:45:48.1798395-07:00" endTime="2015-09-28T09:45:48.1798395-07:00" testType="13cdc9d9-ddb5-4fa4-a97d-d965ccfc6d4b" outcome="Passed" testListId="8c84fa94-04c1-424b-9868-57a2d4851a1d" relativeResultsDirectory="04c798fc-8d12-4310-83b0-9a9812aefdf7" />
    <UnitTestResult executionId="b1dada4e-769d-4224-80f7-e39ee65169df" testId="6629be51-35e1-4ecd-ae5a-491d79b2d1d4" testName="TFSTests.Dashboards.Control.Catalog WidgetCatalogControl - setup" computerName="TFSBUILD11" duration="00:00:00.0290000" startTime="2015-09-28T09:45:48.1798395-07:00" endTime="2015-09-28T09:45:48.1798395-07:00" testType="13cdc9d9-ddb5-4fa4-a97d-d965ccfc6d4b" outcome="Passed" testListId="8c84fa94-04c1-424b-9868-57a2d4851a1d" relativeResultsDirectory="b1dada4e-769d-4224-80f7-e39ee65169df" />
    <UnitTestResult executionId="adffb6b3-622f-414f-bcd9-d89d81768eb7" testId="0dc8e39e-b052-47e6-bd63-a9057ce0b511" testName="TFSTests.Dashboards.Control.Catalog WidgetCatalogControl - selection changes" computerName="TFSBUILD11" duration="00:00:00.0250000" startTime="2015-09-28T09:45:48.1798395-07:00" endTime="2015-09-28T09:45:48.1798395-07:00" testType="13cdc9d9-ddb5-4fa4-a97d-d965ccfc6d4b" outcome="Passed" testListId="8c84fa94-04c1-424b-9868-57a2d4851a1d" relativeResultsDirectory="adffb6b3-622f-414f-bcd9-d89d81768eb7" />
    <UnitTestResult executionId="2a4cc8c3-277c-4d91-a1b8-b3a9da44a47c" testId="2ef3471c-45eb-430b-8f45-be0d61608381" testName="TFSTests.Dashboards.Control.Catalog WidgetCatalogControl - search" computerName="TFSBUILD11" duration="00:00:00.0230000" startTime="2015-09-28T09:45:48.3902503-07:00" endTime="2015-09-28T09:45:48.3902503-07:00" testType="13cdc9d9-ddb5-4fa4-a97d-d965ccfc6d4b" outcome="Passed" testListId="8c84fa94-04c1-424b-9868-57a2d4851a1d" relativeResultsDirectory="2a4cc8c3-277c-4d91-a1b8-b3a9da44a47c" />
    <UnitTestResult executionId="43b3c046-f304-4684-ac8c-2ebfda972213" testId="a8fd334a-b8e0-447d-a092-4d375d9d6802" testName="TFSTests.Dashboards.Control.Catalog WidgetCatalogControl - order" computerName="TFSBUILD11" duration="00:00:00.0380000" startTime="2015-09-28T09:45:48.3902503-07:00" endTime="2015-09-28T09:45:48.3902503-07:00" testType="13cdc9d9-ddb5-4fa4-a97d-d965ccfc6d4b" outcome="Passed" testListId="8c84fa94-04c1-424b-9868-57a2d4851a1d" relativeResultsDirectory="43b3c046-f304-4684-ac8c-2ebfda972213" />
    <UnitTestResult executionId="58774d8a-35ef-44e7-8ab5-a1a66ec4301f" testId="6d7add13-b0e2-4bba-98bf-9773361b6869" testName="TFSTests.Dashboards.Views TeamDashboardView - initialize, onDashboardLoad and updateDashboard with telemetry" computerName="TFSBUILD11" duration="00:00:00.0320000" startTime="2015-09-28T09:45:48.3902503-07:00" endTime="2015-09-28T09:45:48.3902503-07:00" testType="13cdc9d9-ddb5-4fa4-a97d-d965ccfc6d4b" outcome="Passed" testListId="8c84fa94-04c1-424b-9868-57a2d4851a1d" relativeResultsDirectory="58774d8a-35ef-44e7-8ab5-a1a66ec4301f" />
    <UnitTestResult executionId="7579426b-aaf9-437e-ad56-e4ca34acf8ca" testId="e692c9b9-f309-4674-8d94-0501da4b8d69" testName="TFSTests.Dashboards.Views TeamDashboardView - telemetry timeout, slow widgets" computerName="TFSBUILD11" duration="00:00:00.0200000" startTime="2015-09-28T09:45:48.3912507-07:00" endTime="2015-09-28T09:45:48.3912507-07:00" testType="13cdc9d9-ddb5-4fa4-a97d-d965ccfc6d4b" outcome="Passed" testListId="8c84fa94-04c1-424b-9868-57a2d4851a1d" relativeResultsDirectory="7579426b-aaf9-437e-ad56-e4ca34acf8ca" />
    <UnitTestResult executionId="06215959-db0a-4ea5-aabb-bb3d66841979" testId="db19bb79-7395-4746-964e-3ed4a19453df" testName="TFSTests.Dashboards.Views DashboardView - _configureWidget calls _openConfiguration" computerName="TFSBUILD11" duration="00:00:00.0160000" startTime="2015-09-28T09:45:48.3912507-07:00" endTime="2015-09-28T09:45:48.3912507-07:00" testType="13cdc9d9-ddb5-4fa4-a97d-d965ccfc6d4b" outcome="Passed" testListId="8c84fa94-04c1-424b-9868-57a2d4851a1d" relativeResultsDirectory="06215959-db0a-4ea5-aabb-bb3d66841979" />
    <UnitTestResult executionId="8d3d602d-9cb7-48c1-801a-467832009335" testId="e58cc383-4102-462a-93b9-09d071b7b9fe" testName="TFSTests.Dashboards.Views DashboardView - _openConfiguration opens configuration blade" computerName="TFSBUILD11" duration="00:00:00.0160000" startTime="2015-09-28T09:45:48.3912507-07:00" endTime="2015-09-28T09:45:48.3912507-07:00" testType="13cdc9d9-ddb5-4fa4-a97d-d965ccfc6d4b" outcome="Passed" testListId="8c84fa94-04c1-424b-9868-57a2d4851a1d" relativeResultsDirectory="8d3d602d-9cb7-48c1-801a-467832009335" />
    <UnitTestResult executionId="d103845f-c801-4ded-aeac-7f61a25e550f" testId="46472c1c-ac30-4186-a1f1-b6231f1392d5" testName="TFSTests.Dashboards.Views Dashboard View - Hash Navigation Dashboard Refresh Check" computerName="TFSBUILD11" duration="00:00:00.0200000" startTime="2015-09-28T09:45:48.3912507-07:00" endTime="2015-09-28T09:45:48.3912507-07:00" testType="13cdc9d9-ddb5-4fa4-a97d-d965ccfc6d4b" outcome="Passed" testListId="8c84fa94-04c1-424b-9868-57a2d4851a1d" relativeResultsDirectory="d103845f-c801-4ded-aeac-7f61a25e550f" />
    <UnitTestResult executionId="3af90b45-8415-4c15-92a7-8b5db735a330" testId="589a5e65-c4a8-4a88-b98c-a4b6de34d33b" testName="TFSTests.Dashboards.Views TeamDashboardView - jumpstart/quickstart after widget load" computerName="TFSBUILD11" duration="00:00:00.0160000" startTime="2015-09-28T09:45:48.3912507-07:00" endTime="2015-09-28T09:45:48.3912507-07:00" testType="13cdc9d9-ddb5-4fa4-a97d-d965ccfc6d4b" outcome="Passed" testListId="8c84fa94-04c1-424b-9868-57a2d4851a1d" relativeResultsDirectory="3af90b45-8415-4c15-92a7-8b5db735a330" />
    <UnitTestResult executionId="2ea57363-0e06-45fb-8157-d13cf5a48d34" testId="278e921c-409a-413a-bf3f-5f33db499a71" testName="TFSTests.Dashboards.L2Menu L2 Menu - initialize as team administrator" computerName="TFSBUILD11" duration="00:00:00.0280000" startTime="2015-09-28T09:45:48.3912507-07:00" endTime="2015-09-28T09:45:48.3912507-07:00" testType="13cdc9d9-ddb5-4fa4-a97d-d965ccfc6d4b" outcome="Passed" testListId="8c84fa94-04c1-424b-9868-57a2d4851a1d" relativeResultsDirectory="2ea57363-0e06-45fb-8157-d13cf5a48d34" />
    <UnitTestResult executionId="b7464389-068e-4331-b75d-6597f05d3909" testId="3f254a83-4543-4224-abb2-bf82bfa2e184" testName="TFSTests.Dashboards.L2Menu L2 Menu - initialize as user (not team administrator)" computerName="TFSBUILD11" duration="00:00:00.0270000" startTime="2015-09-28T09:45:48.5568800-07:00" endTime="2015-09-28T09:45:48.5568800-07:00" testType="13cdc9d9-ddb5-4fa4-a97d-d965ccfc6d4b" outcome="Passed" testListId="8c84fa94-04c1-424b-9868-57a2d4851a1d" relativeResultsDirectory="b7464389-068e-4331-b75d-6597f05d3909" />
    <UnitTestResult executionId="4ed782f2-6f46-4131-b19f-3b72fbfb1e19" testId="ccaf89ad-e7b6-49b0-816b-051369971b0f" testName="TFSTests.Dashboards.L2Menu L2 Menu - getMaxPosition without tab (undefined)" computerName="TFSBUILD11" duration="00:00:00.0170000" startTime="2015-09-28T09:45:48.5568800-07:00" endTime="2015-09-28T09:45:48.5568800-07:00" testType="13cdc9d9-ddb5-4fa4-a97d-d965ccfc6d4b" outcome="Passed" testListId="8c84fa94-04c1-424b-9868-57a2d4851a1d" relativeResultsDirectory="4ed782f2-6f46-4131-b19f-3b72fbfb1e19" />
    <UnitTestResult executionId="4b4e45ea-6ca9-402a-8238-c72517d4e3bf" testId="f62f9055-4781-4100-bc9e-29664e642b5a" testName="TFSTests.Dashboards.L2Menu L2 Menu - getMaxPosition without tab (0)" computerName="TFSBUILD11" duration="00:00:00.0150000" startTime="2015-09-28T09:45:48.5568800-07:00" endTime="2015-09-28T09:45:48.5568800-07:00" testType="13cdc9d9-ddb5-4fa4-a97d-d965ccfc6d4b" outcome="Passed" testListId="8c84fa94-04c1-424b-9868-57a2d4851a1d" relativeResultsDirectory="4b4e45ea-6ca9-402a-8238-c72517d4e3bf" />
    <UnitTestResult executionId="1ab77e5a-539c-4dd5-a481-6de0251d35c0" testId="5012f673-6748-4c67-b10c-c6c0b19a2d03" testName="TFSTests.Dashboards.L2Menu L2 Menu - getMaxPosition with tab" computerName="TFSBUILD11" duration="00:00:00.0180000" startTime="2015-09-28T09:45:48.5568800-07:00" endTime="2015-09-28T09:45:48.5568800-07:00" testType="13cdc9d9-ddb5-4fa4-a97d-d965ccfc6d4b" outcome="Passed" testListId="8c84fa94-04c1-424b-9868-57a2d4851a1d" relativeResultsDirectory="1ab77e5a-539c-4dd5-a481-6de0251d35c0" />
    <UnitTestResult executionId="bc062a28-0c7e-4fb7-a553-8681d5618678" testId="d576e4c4-b932-4276-bb6e-05cc59b666d4" testName="TFSTests.Dashboards.L2Menu L2 Menu - canAddDashboard less than limit" computerName="TFSBUILD11" duration="00:00:00.0180000" startTime="2015-09-28T09:45:48.5568800-07:00" endTime="2015-09-28T09:45:48.5568800-07:00" testType="13cdc9d9-ddb5-4fa4-a97d-d965ccfc6d4b" outcome="Passed" testListId="8c84fa94-04c1-424b-9868-57a2d4851a1d" relativeResultsDirectory="bc062a28-0c7e-4fb7-a553-8681d5618678" />
    <UnitTestResult executionId="81dff63c-5ca0-436e-bcec-129c4a05eaed" testId="345eb114-3c0d-400d-b90e-bef081bb2c3c" testName="TFSTests.Dashboards.L2Menu L2 Menu - canAddDashboard at the limit" computerName="TFSBUILD11" duration="00:00:00.0170000" startTime="2015-09-28T09:45:48.5568800-07:00" endTime="2015-09-28T09:45:48.5568800-07:00" testType="13cdc9d9-ddb5-4fa4-a97d-d965ccfc6d4b" outcome="Passed" testListId="8c84fa94-04c1-424b-9868-57a2d4851a1d" relativeResultsDirectory="81dff63c-5ca0-436e-bcec-129c4a05eaed" />
    <UnitTestResult executionId="b89ae0f6-8ad8-4220-b27c-afad8f2be4bd" testId="45750959-389b-47b7-acad-1daa47e3a73b" testName="TFSTests.Dashboards.L2Menu L2 Menu - canAddDashboard over the limit" computerName="TFSBUILD11" duration="00:00:00.0160000" startTime="2015-09-28T09:45:48.5568800-07:00" endTime="2015-09-28T09:45:48.5568800-07:00" testType="13cdc9d9-ddb5-4fa4-a97d-d965ccfc6d4b" outcome="Passed" testListId="8c84fa94-04c1-424b-9868-57a2d4851a1d" relativeResultsDirectory="b89ae0f6-8ad8-4220-b27c-afad8f2be4bd" />
    <UnitTestResult executionId="e176ae97-f8ba-4821-9ba9-962716690389" testId="6f3dcf2e-aede-4b16-b84a-9e63bd625fb0" testName="TFSTests.Dashboards.L2Menu L2 Menu - loadDashboardFromServer without problem display dashboard" computerName="TFSBUILD11" duration="00:00:00.0170000" startTime="2015-09-28T09:45:48.5568800-07:00" endTime="2015-09-28T09:45:48.5568800-07:00" testType="13cdc9d9-ddb5-4fa4-a97d-d965ccfc6d4b" outcome="Passed" testListId="8c84fa94-04c1-424b-9868-57a2d4851a1d" relativeResultsDirectory="e176ae97-f8ba-4821-9ba9-962716690389" />
    <UnitTestResult executionId="6ece09f4-1559-4cf7-8774-23ddc5260915" testId="e4910b93-58b8-47da-9622-e0474bebc71d" testName="TFSTests.Dashboards.L2Menu L2 Menu - loadDashboardFromServer with server problem display dashboard" computerName="TFSBUILD11" duration="00:00:00.0180000" startTime="2015-09-28T09:45:48.5578810-07:00" endTime="2015-09-28T09:45:48.5568800-07:00" testType="13cdc9d9-ddb5-4fa4-a97d-d965ccfc6d4b" outcome="Passed" testListId="8c84fa94-04c1-424b-9868-57a2d4851a1d" relativeResultsDirectory="6ece09f4-1559-4cf7-8774-23ddc5260915" />
    <UnitTestResult executionId="a8405023-9832-4938-8144-69022976f411" testId="ec9f6c56-25b6-430f-899e-e251d249e0d0" testName="TFSTests.Dashboards.L2Menu L2 Menu - navigateToDashboard Set the Active Dashboard + Distribute + SetOverflow" computerName="TFSBUILD11" duration="00:00:00.0180000" startTime="2015-09-28T09:45:48.7584714-07:00" endTime="2015-09-28T09:45:48.7584714-07:00" testType="13cdc9d9-ddb5-4fa4-a97d-d965ccfc6d4b" outcome="Passed" testListId="8c84fa94-04c1-424b-9868-57a2d4851a1d" relativeResultsDirectory="a8405023-9832-4938-8144-69022976f411" />
    <UnitTestResult executionId="2f65e0b5-c132-45df-a8ff-9378fd4969da" testId="71025910-cb95-4dd9-b0c4-3ae3ca1866e8" testName="TFSTests.Dashboards.L2Menu L2 Menu - displayPanels when not administrator" computerName="TFSBUILD11" duration="00:00:00.0190000" startTime="2015-09-28T09:45:48.7584714-07:00" endTime="2015-09-28T09:45:48.7584714-07:00" testType="13cdc9d9-ddb5-4fa4-a97d-d965ccfc6d4b" outcome="Passed" testListId="8c84fa94-04c1-424b-9868-57a2d4851a1d" relativeResultsDirectory="2f65e0b5-c132-45df-a8ff-9378fd4969da" />
    <UnitTestResult executionId="a5bd4588-03a9-4387-9928-aa6104128647" testId="1c2bacd6-5cd5-43e8-bb37-0e5e9ab3fab3" testName="TFSTests.Dashboards.L2Menu L2 Menu - displayPanels when administrator" computerName="TFSBUILD11" duration="00:00:00.0210000" startTime="2015-09-28T09:45:48.7584714-07:00" endTime="2015-09-28T09:45:48.7584714-07:00" testType="13cdc9d9-ddb5-4fa4-a97d-d965ccfc6d4b" outcome="Passed" testListId="8c84fa94-04c1-424b-9868-57a2d4851a1d" relativeResultsDirectory="a5bd4588-03a9-4387-9928-aa6104128647" />
    <UnitTestResult executionId="f4df2c9e-3481-4146-8799-4ade9bfb4bd9" testId="f8769ce6-7248-43be-8fca-04e290f4c1a0" testName="TFSTests.Dashboards.L2Menu L2 Menu - setDashboards assigns, distributes and adjust overflow" computerName="TFSBUILD11" duration="00:00:00.0210000" startTime="2015-09-28T09:45:48.7584714-07:00" endTime="2015-09-28T09:45:48.7584714-07:00" testType="13cdc9d9-ddb5-4fa4-a97d-d965ccfc6d4b" outcome="Passed" testListId="8c84fa94-04c1-424b-9868-57a2d4851a1d" relativeResultsDirectory="f4df2c9e-3481-4146-8799-4ade9bfb4bd9" />
    <UnitTestResult executionId="c0fc3379-d2e6-44c8-8578-bda57503ea3e" testId="610eaee6-1875-45c0-a844-26fd3ed120a0" testName="TFSTests.Dashboards.L2Menu L2 Menu - distributeDashboards" computerName="TFSBUILD11" duration="00:00:00.0270000" startTime="2015-09-28T09:45:48.7594727-07:00" endTime="2015-09-28T09:45:48.7594727-07:00" testType="13cdc9d9-ddb5-4fa4-a97d-d965ccfc6d4b" outcome="Passed" testListId="8c84fa94-04c1-424b-9868-57a2d4851a1d" relativeResultsDirectory="c0fc3379-d2e6-44c8-8578-bda57503ea3e" />
    <UnitTestResult executionId="ca7f38c4-5ee7-4c89-a769-4f121288a384" testId="e5a6c4f7-ee55-4e3e-8368-aae07f10ff17" testName="TFSTests.Dashboards.L2Menu L2 Menu - distributeDashboards null" computerName="TFSBUILD11" duration="00:00:00.0240000" startTime="2015-09-28T09:45:48.7594727-07:00" endTime="2015-09-28T09:45:48.7594727-07:00" testType="13cdc9d9-ddb5-4fa4-a97d-d965ccfc6d4b" outcome="Passed" testListId="8c84fa94-04c1-424b-9868-57a2d4851a1d" relativeResultsDirectory="ca7f38c4-5ee7-4c89-a769-4f121288a384" />
    <UnitTestResult executionId="857c4783-de80-4749-8da4-d366444febf0" testId="8a73b859-0b79-4937-9d7f-a9d710c7c883" testName="TFSTests.Dashboards.L2Menu L2 Menu - distributeDashboards changed since last distribution" computerName="TFSBUILD11" duration="00:00:00.0270000" startTime="2015-09-28T09:45:48.7594727-07:00" endTime="2015-09-28T09:45:48.7594727-07:00" testType="13cdc9d9-ddb5-4fa4-a97d-d965ccfc6d4b" outcome="Passed" testListId="8c84fa94-04c1-424b-9868-57a2d4851a1d" relativeResultsDirectory="857c4783-de80-4749-8da4-d366444febf0" />
    <UnitTestResult executionId="9f64c756-d7dc-4235-a99b-d019ae77f365" testId="593206b0-52fe-408f-bf98-e626860f9c43" testName="TFSTests.Dashboards.L2Menu L2 Menu - addDashboard (null)" computerName="TFSBUILD11" duration="00:00:00.0180000" startTime="2015-09-28T09:45:48.7594727-07:00" endTime="2015-09-28T09:45:48.7594727-07:00" testType="13cdc9d9-ddb5-4fa4-a97d-d965ccfc6d4b" outcome="Passed" testListId="8c84fa94-04c1-424b-9868-57a2d4851a1d" relativeResultsDirectory="9f64c756-d7dc-4235-a99b-d019ae77f365" />
    <UnitTestResult executionId="aa49b97a-1d78-496b-a737-04d984b6c725" testId="2a1eb6b7-34f7-4728-b740-a4ad7d9503df" testName="TFSTests.Dashboards.L2Menu L2 Menu - addDashboard to a not initialized collection" computerName="TFSBUILD11" duration="00:00:00.0210000" startTime="2015-09-28T09:45:48.7594727-07:00" endTime="2015-09-28T09:45:48.7594727-07:00" testType="13cdc9d9-ddb5-4fa4-a97d-d965ccfc6d4b" outcome="Passed" testListId="8c84fa94-04c1-424b-9868-57a2d4851a1d" relativeResultsDirectory="aa49b97a-1d78-496b-a737-04d984b6c725" />
    <UnitTestResult executionId="ffb4cd65-c4f2-4745-9730-53b167bff5c0" testId="537e2039-97bd-4f36-8762-84b7922a9890" testName="TFSTests.Dashboards.L2Menu L2 Menu - addDashboard twice" computerName="TFSBUILD11" duration="00:00:00.0220000" startTime="2015-09-28T09:45:48.9020675-07:00" endTime="2015-09-28T09:45:48.9020675-07:00" testType="13cdc9d9-ddb5-4fa4-a97d-d965ccfc6d4b" outcome="Passed" testListId="8c84fa94-04c1-424b-9868-57a2d4851a1d" relativeResultsDirectory="ffb4cd65-c4f2-4745-9730-53b167bff5c0" />
    <UnitTestResult executionId="0f787c6e-ee66-4ff3-9dd4-108e567d6c52" testId="bb38f7cf-0788-4755-a24d-c467a2b66a43" testName="TFSTests.Dashboards.L2Menu DashboardsTabs - batchRenderInPositionOrder tabs null" computerName="TFSBUILD11" duration="00:00:00.0150000" startTime="2015-09-28T09:45:48.9020675-07:00" endTime="2015-09-28T09:45:48.9020675-07:00" testType="13cdc9d9-ddb5-4fa4-a97d-d965ccfc6d4b" outcome="Passed" testListId="8c84fa94-04c1-424b-9868-57a2d4851a1d" relativeResultsDirectory="0f787c6e-ee66-4ff3-9dd4-108e567d6c52" />
    <UnitTestResult executionId="f65f69bc-691e-43d7-b2df-2d2ac1b39234" testId="d4036605-0669-4e7c-a5d9-f619b6a1766f" testName="TFSTests.Dashboards.L2Menu DashboardsTabs - batchRenderTabInPositionOrder no tabs" computerName="TFSBUILD11" duration="00:00:00.0150000" startTime="2015-09-28T09:45:48.9020675-07:00" endTime="2015-09-28T09:45:48.9020675-07:00" testType="13cdc9d9-ddb5-4fa4-a97d-d965ccfc6d4b" outcome="Passed" testListId="8c84fa94-04c1-424b-9868-57a2d4851a1d" relativeResultsDirectory="f65f69bc-691e-43d7-b2df-2d2ac1b39234" />
    <UnitTestResult executionId="bcbaadf3-a51d-435d-b672-8ab80c3c1474" testId="3842200d-dfea-4cbc-9983-ae85f702c2bc" testName="TFSTests.Dashboards.L2Menu DashboardsTabs - batchRenderTabInPositionOrder with tabs" computerName="TFSBUILD11" duration="00:00:00.0160000" startTime="2015-09-28T09:45:48.9030681-07:00" endTime="2015-09-28T09:45:48.9030681-07:00" testType="13cdc9d9-ddb5-4fa4-a97d-d965ccfc6d4b" outcome="Passed" testListId="8c84fa94-04c1-424b-9868-57a2d4851a1d" relativeResultsDirectory="bcbaadf3-a51d-435d-b672-8ab80c3c1474" />
    <UnitTestResult executionId="fb2586d1-9606-4e57-8200-fc9ac182b1bf" testId="ac5a048a-6b86-4956-b8b3-c6493d4e5bca" testName="TFSTests.Dashboards.L2Menu DashboardTab - createDashboardLink null dashboard id" computerName="TFSBUILD11" duration="00:00:00.0160000" startTime="2015-09-28T09:45:48.9030681-07:00" endTime="2015-09-28T09:45:48.9030681-07:00" testType="13cdc9d9-ddb5-4fa4-a97d-d965ccfc6d4b" outcome="Passed" testListId="8c84fa94-04c1-424b-9868-57a2d4851a1d" relativeResultsDirectory="fb2586d1-9606-4e57-8200-fc9ac182b1bf" />
    <UnitTestResult executionId="226feca9-7453-4d60-ba49-c7261c028f55" testId="2ba7648f-1615-4308-8976-1ade55ee9728" testName="TFSTests.Dashboards.L2Menu DashboardTab - createDashboardLink dashboard id defined" computerName="TFSBUILD11" duration="00:00:00.0140000" startTime="2015-09-28T09:45:48.9030681-07:00" endTime="2015-09-28T09:45:48.9030681-07:00" testType="13cdc9d9-ddb5-4fa4-a97d-d965ccfc6d4b" outcome="Passed" testListId="8c84fa94-04c1-424b-9868-57a2d4851a1d" relativeResultsDirectory="226feca9-7453-4d60-ba49-c7261c028f55" />
    <UnitTestResult executionId="d3d951db-3a71-40bb-b1fe-1295d78d258a" testId="4274f90a-cbf4-4d11-9000-d81a9d89fc47" testName="TFSTests.Dashboards.L2Menu DashboardTab - createDashboardTab active tab" computerName="TFSBUILD11" duration="00:00:00.0150000" startTime="2015-09-28T09:45:48.9030681-07:00" endTime="2015-09-28T09:45:48.9030681-07:00" testType="13cdc9d9-ddb5-4fa4-a97d-d965ccfc6d4b" outcome="Passed" testListId="8c84fa94-04c1-424b-9868-57a2d4851a1d" relativeResultsDirectory="d3d951db-3a71-40bb-b1fe-1295d78d258a" />
    <UnitTestResult executionId="9359862f-1b8d-432d-a935-6e8791fc4a83" testId="51fec8ce-d206-45b3-bda6-f6057e1ba610" testName="TFSTests.Dashboards.L2Menu DashboardTab - createDashboardTab inactive tab" computerName="TFSBUILD11" duration="00:00:00.0150000" startTime="2015-09-28T09:45:48.9030681-07:00" endTime="2015-09-28T09:45:48.9030681-07:00" testType="13cdc9d9-ddb5-4fa4-a97d-d965ccfc6d4b" outcome="Passed" testListId="8c84fa94-04c1-424b-9868-57a2d4851a1d" relativeResultsDirectory="9359862f-1b8d-432d-a935-6e8791fc4a83" />
    <UnitTestResult executionId="34c4b3d5-1e3a-4af0-b574-3ad31ec2157d" testId="52a56ba7-9ce3-4a1a-bbd3-821d9d366e76" testName="TFSTests.Dashboards.L2Menu DashboardTab - createDashboardTab link url" computerName="TFSBUILD11" duration="00:00:00.0140000" startTime="2015-09-28T09:45:48.9030681-07:00" endTime="2015-09-28T09:45:48.9030681-07:00" testType="13cdc9d9-ddb5-4fa4-a97d-d965ccfc6d4b" outcome="Passed" testListId="8c84fa94-04c1-424b-9868-57a2d4851a1d" relativeResultsDirectory="34c4b3d5-1e3a-4af0-b574-3ad31ec2157d" />
    <UnitTestResult executionId="104af8a6-cf91-4a3f-924e-69c834b548e9" testId="30e9d1d7-cbb6-4857-8e56-6911a74b738b" testName="TFSTests.Dashboards.L2Menu DashboardTab - createDashboardTab link name" computerName="TFSBUILD11" duration="00:00:00.0150000" startTime="2015-09-28T09:45:49.0588461-07:00" endTime="2015-09-28T09:45:49.0588461-07:00" testType="13cdc9d9-ddb5-4fa4-a97d-d965ccfc6d4b" outcome="Passed" testListId="8c84fa94-04c1-424b-9868-57a2d4851a1d" relativeResultsDirectory="104af8a6-cf91-4a3f-924e-69c834b548e9" />
    <UnitTestResult executionId="f069b5d7-66e3-4c5b-8032-81afd7d27c46" testId="895f7857-eab1-4ad1-ae74-dddb3ecd2a6d" testName="TFSTests.Dashboards.L2Menu DashboardTab - data attribute" computerName="TFSBUILD11" duration="00:00:00.0150000" startTime="2015-09-28T09:45:49.0588461-07:00" endTime="2015-09-28T09:45:49.0588461-07:00" testType="13cdc9d9-ddb5-4fa4-a97d-d965ccfc6d4b" outcome="Passed" testListId="8c84fa94-04c1-424b-9868-57a2d4851a1d" relativeResultsDirectory="f069b5d7-66e3-4c5b-8032-81afd7d27c46" />
    <UnitTestResult executionId="5b0deee6-c0bd-4276-b09e-563346018735" testId="7ef45224-ccaa-4da6-b668-5d65cc3d801a" testName="TFSTests.Dashboards.L2Menu DashboardsInlineEditorPanel - on render create an hidden textbox" computerName="TFSBUILD11" duration="00:00:00.0170000" startTime="2015-09-28T09:45:49.0588461-07:00" endTime="2015-09-28T09:45:49.0588461-07:00" testType="13cdc9d9-ddb5-4fa4-a97d-d965ccfc6d4b" outcome="Passed" testListId="8c84fa94-04c1-424b-9868-57a2d4851a1d" relativeResultsDirectory="5b0deee6-c0bd-4276-b09e-563346018735" />
    <UnitTestResult executionId="bfa6af54-1b05-45d6-998c-7c33ac74696b" testId="e43f5388-329c-4114-aedb-ee5d11f86be4" testName="TFSTests.Dashboards.L2Menu DashboardsInlineEditorPanel - on render create an add dashboard button" computerName="TFSBUILD11" duration="00:00:00.0160000" startTime="2015-09-28T09:45:49.0588461-07:00" endTime="2015-09-28T09:45:49.0588461-07:00" testType="13cdc9d9-ddb5-4fa4-a97d-d965ccfc6d4b" outcome="Passed" testListId="8c84fa94-04c1-424b-9868-57a2d4851a1d" relativeResultsDirectory="bfa6af54-1b05-45d6-998c-7c33ac74696b" />
    <UnitTestResult executionId="10a757cb-47cb-491c-9f3d-91289cfb6a49" testId="7aeb1d32-23d6-415a-a11a-2946446bc843" testName="TFSTests.Dashboards.L2Menu DashboardsInlineEditorPanel - on render actions bound" computerName="TFSBUILD11" duration="00:00:00.0160000" startTime="2015-09-28T09:45:49.0588461-07:00" endTime="2015-09-28T09:45:49.0588461-07:00" testType="13cdc9d9-ddb5-4fa4-a97d-d965ccfc6d4b" outcome="Passed" testListId="8c84fa94-04c1-424b-9868-57a2d4851a1d" relativeResultsDirectory="10a757cb-47cb-491c-9f3d-91289cfb6a49" />
    <UnitTestResult executionId="60efe5b7-bb48-4cf0-9824-d9427cf24c15" testId="89708401-0b6f-49d7-b313-8af3cf980801" testName="TFSTests.Dashboards.L2Menu DashboardsInlineEditorPanel - Toggle Add Button" computerName="TFSBUILD11" duration="00:00:00.0190000" startTime="2015-09-28T09:45:49.0588461-07:00" endTime="2015-09-28T09:45:49.0588461-07:00" testType="13cdc9d9-ddb5-4fa4-a97d-d965ccfc6d4b" outcome="Passed" testListId="8c84fa94-04c1-424b-9868-57a2d4851a1d" relativeResultsDirectory="60efe5b7-bb48-4cf0-9824-d9427cf24c15" />
    <UnitTestResult executionId="caad53be-9981-4056-a047-effed8ffa8f4" testId="cff94079-3cbd-4084-b007-6c74c0bb305a" testName="TFSTests.Dashboards.L2Menu DashboardsInlineEditorPanel - Toggle Twice Add Button" computerName="TFSBUILD11" duration="00:00:00.0180000" startTime="2015-09-28T09:45:49.0588461-07:00" endTime="2015-09-28T09:45:49.0588461-07:00" testType="13cdc9d9-ddb5-4fa4-a97d-d965ccfc6d4b" outcome="Passed" testListId="8c84fa94-04c1-424b-9868-57a2d4851a1d" relativeResultsDirectory="caad53be-9981-4056-a047-effed8ffa8f4" />
    <UnitTestResult executionId="e64153a1-1303-470c-9496-57acc1eb21f4" testId="79233fdd-cbb8-4936-8846-e002adc91168" testName="TFSTests.Dashboards.L2Menu DashboardsInlineEditorPanel - Hit Enter Can Save" computerName="TFSBUILD11" duration="00:00:00.0160000" startTime="2015-09-28T09:45:49.0588461-07:00" endTime="2015-09-28T09:45:49.0588461-07:00" testType="13cdc9d9-ddb5-4fa4-a97d-d965ccfc6d4b" outcome="Passed" testListId="8c84fa94-04c1-424b-9868-57a2d4851a1d" relativeResultsDirectory="e64153a1-1303-470c-9496-57acc1eb21f4" />
    <UnitTestResult executionId="8682d9a1-3a14-4c02-bfc6-f333c04c5568" testId="19bb8d28-8284-40df-bdc5-cddde3a531fd" testName="TFSTests.Dashboards.L2Menu DashboardsInlineEditorPanel - Hit Escape Can Cancel" computerName="TFSBUILD11" duration="00:00:00.0200000" startTime="2015-09-28T09:45:49.0588461-07:00" endTime="2015-09-28T09:45:49.0588461-07:00" testType="13cdc9d9-ddb5-4fa4-a97d-d965ccfc6d4b" outcome="Passed" testListId="8c84fa94-04c1-424b-9868-57a2d4851a1d" relativeResultsDirectory="8682d9a1-3a14-4c02-bfc6-f333c04c5568" />
    <UnitTestResult executionId="849a0200-0fd5-4ea7-8466-592550c04bca" testId="7069c840-658f-40a6-9099-425c2b698fd5" testName="TFSTests.Dashboards.L2Menu DashboardsInlineEditorPanel - Hit something else than enter or escape Cannot Save" computerName="TFSBUILD11" duration="00:00:00.0150000" startTime="2015-09-28T09:45:49.2079061-07:00" endTime="2015-09-28T09:45:49.2079061-07:00" testType="13cdc9d9-ddb5-4fa4-a97d-d965ccfc6d4b" outcome="Passed" testListId="8c84fa94-04c1-424b-9868-57a2d4851a1d" relativeResultsDirectory="849a0200-0fd5-4ea7-8466-592550c04bca" />
    <UnitTestResult executionId="0f1f9ccc-cd2d-473c-952b-ee8530f8c3f2" testId="e553586c-9e00-48b1-b0d8-d169ceceeeec" testName="TFSTests.Dashboards.L2Menu DashboardsInlineEditorPanel - Save invalid dashboard" computerName="TFSBUILD11" duration="00:00:00.0160000" startTime="2015-09-28T09:45:49.2079061-07:00" endTime="2015-09-28T09:45:49.2079061-07:00" testType="13cdc9d9-ddb5-4fa4-a97d-d965ccfc6d4b" outcome="Passed" testListId="8c84fa94-04c1-424b-9868-57a2d4851a1d" relativeResultsDirectory="0f1f9ccc-cd2d-473c-952b-ee8530f8c3f2" />
    <UnitTestResult executionId="9dfd798a-d7bc-4163-892a-67bfd18ad187" testId="7d44b00c-2958-4860-9c01-3f3872973309" testName="TFSTests.Dashboards.L2Menu DashboardsInlineEditorPanel - hasDashboardInputDirty (text showed)" computerName="TFSBUILD11" duration="00:00:00.0170000" startTime="2015-09-28T09:45:49.2079061-07:00" endTime="2015-09-28T09:45:49.2079061-07:00" testType="13cdc9d9-ddb5-4fa4-a97d-d965ccfc6d4b" outcome="Passed" testListId="8c84fa94-04c1-424b-9868-57a2d4851a1d" relativeResultsDirectory="9dfd798a-d7bc-4163-892a-67bfd18ad187" />
    <UnitTestResult executionId="8274e1d4-4021-4997-a562-e492eeec2fad" testId="9c7f4f27-05eb-4675-8d33-b2e275b611f9" testName="TFSTests.Dashboards.L2Menu DashboardsInlineEditorPanel - hasDashboardInputDirty (text but not showed)" computerName="TFSBUILD11" duration="00:00:00.0160000" startTime="2015-09-28T09:45:49.2079061-07:00" endTime="2015-09-28T09:45:49.2079061-07:00" testType="13cdc9d9-ddb5-4fa4-a97d-d965ccfc6d4b" outcome="Passed" testListId="8c84fa94-04c1-424b-9868-57a2d4851a1d" relativeResultsDirectory="8274e1d4-4021-4997-a562-e492eeec2fad" />
    <UnitTestResult executionId="81c7d472-a637-439f-95b1-b46002dbe40d" testId="47b0c13f-4eb0-49aa-9bc8-619de7291184" testName="TFSTests.Dashboards.L2Menu DashboardsInlineEditorPanel - bindControlsActions (click)" computerName="TFSBUILD11" duration="00:00:00.0160000" startTime="2015-09-28T09:45:49.2079061-07:00" endTime="2015-09-28T09:45:49.2079061-07:00" testType="13cdc9d9-ddb5-4fa4-a97d-d965ccfc6d4b" outcome="Passed" testListId="8c84fa94-04c1-424b-9868-57a2d4851a1d" relativeResultsDirectory="81c7d472-a637-439f-95b1-b46002dbe40d" />
    <UnitTestResult executionId="796ac11f-1e70-4770-8a47-95f778b83fb0" testId="bad4a547-8e4b-41a6-bf0e-edd8d1571d14" testName="TFSTests.Dashboards.L2Menu DashboardsInlineEditorPanel - bindControlsActions (keyup)" computerName="TFSBUILD11" duration="00:00:00.0160000" startTime="2015-09-28T09:45:49.2079061-07:00" endTime="2015-09-28T09:45:49.2079061-07:00" testType="13cdc9d9-ddb5-4fa4-a97d-d965ccfc6d4b" outcome="Passed" testListId="8c84fa94-04c1-424b-9868-57a2d4851a1d" relativeResultsDirectory="796ac11f-1e70-4770-8a47-95f778b83fb0" />
    <UnitTestResult executionId="641df2e7-1ce7-40c3-9c35-43efaedc89d0" testId="e543953b-8d78-4711-9b37-71e50e054bd2" testName="TFSTests.Dashboards.L2Menu DashboardsInlineEditorPanel - bindControlsActions (on focus)" computerName="TFSBUILD11" duration="00:00:00.0160000" startTime="2015-09-28T09:45:49.2089065-07:00" endTime="2015-09-28T09:45:49.2089065-07:00" testType="13cdc9d9-ddb5-4fa4-a97d-d965ccfc6d4b" outcome="Passed" testListId="8c84fa94-04c1-424b-9868-57a2d4851a1d" relativeResultsDirectory="641df2e7-1ce7-40c3-9c35-43efaedc89d0" />
    <UnitTestResult executionId="cc55de9b-2bbe-4fa8-8991-006024c5bd2a" testId="010641cf-bd69-4c1b-bc0b-19281c8453dd" testName="TFSTests.Dashboards.L2Menu DashboardsInlineEditorPanel - bindControlsActions (on click open)" computerName="TFSBUILD11" duration="00:00:00.0190000" startTime="2015-09-28T09:45:49.2089065-07:00" endTime="2015-09-28T09:45:49.2089065-07:00" testType="13cdc9d9-ddb5-4fa4-a97d-d965ccfc6d4b" outcome="Passed" testListId="8c84fa94-04c1-424b-9868-57a2d4851a1d" relativeResultsDirectory="cc55de9b-2bbe-4fa8-8991-006024c5bd2a" />
    <UnitTestResult executionId="d24a5046-d924-47f3-a02b-d03ecd213c9a" testId="ebeb1a4b-b413-4a30-b433-5ab14092da88" testName="TFSTests.Dashboards.L2Menu DashboardsInlineEditorPanel - bindControlsActions (on click close)" computerName="TFSBUILD11" duration="00:00:00.0150000" startTime="2015-09-28T09:45:49.2089065-07:00" endTime="2015-09-28T09:45:49.2089065-07:00" testType="13cdc9d9-ddb5-4fa4-a97d-d965ccfc6d4b" outcome="Passed" testListId="8c84fa94-04c1-424b-9868-57a2d4851a1d" relativeResultsDirectory="d24a5046-d924-47f3-a02b-d03ecd213c9a" />
    <UnitTestResult executionId="6376d4e1-c445-435d-896d-0665c979a533" testId="6a4429bc-8054-4cff-985a-8b6cf3bf35ac" testName="TFSTests.Dashboards.L2Menu DashboardsInlineEditorPanel - handleClickedEvents (cancel)" computerName="TFSBUILD11" duration="00:00:00.0170000" startTime="2015-09-28T09:45:49.3595489-07:00" endTime="2015-09-28T09:45:49.3595489-07:00" testType="13cdc9d9-ddb5-4fa4-a97d-d965ccfc6d4b" outcome="Passed" testListId="8c84fa94-04c1-424b-9868-57a2d4851a1d" relativeResultsDirectory="6376d4e1-c445-435d-896d-0665c979a533" />
    <UnitTestResult executionId="cc0e084d-7b60-4f1d-874b-899d8faa38e7" testId="48c99dee-6dd4-40a2-bf2b-1e4dc431fb30" testName="TFSTests.Dashboards.L2Menu DashboardsInlineEditorPanel - handleClickedEvents (outside editor)" computerName="TFSBUILD11" duration="00:00:00.0180000" startTime="2015-09-28T09:45:49.3595489-07:00" endTime="2015-09-28T09:45:49.3595489-07:00" testType="13cdc9d9-ddb5-4fa4-a97d-d965ccfc6d4b" outcome="Passed" testListId="8c84fa94-04c1-424b-9868-57a2d4851a1d" relativeResultsDirectory="cc0e084d-7b60-4f1d-874b-899d8faa38e7" />
    <UnitTestResult executionId="1e24cb33-b932-4ae9-a14f-f12d6e34e04a" testId="58daa676-958e-422d-be4e-1cf1eb6ea0e9" testName="TFSTests.Dashboards.L2Menu DashboardsInlineEditorPanel - isOpen (closed)" computerName="TFSBUILD11" duration="00:00:00.0170000" startTime="2015-09-28T09:45:49.3595489-07:00" endTime="2015-09-28T09:45:49.3595489-07:00" testType="13cdc9d9-ddb5-4fa4-a97d-d965ccfc6d4b" outcome="Passed" testListId="8c84fa94-04c1-424b-9868-57a2d4851a1d" relativeResultsDirectory="1e24cb33-b932-4ae9-a14f-f12d6e34e04a" />
    <UnitTestResult executionId="83897c90-4cbf-41ec-9fd4-a7801b6ea834" testId="211a8905-c30e-4774-8d70-f55719be302a" testName="TFSTests.Dashboards.L2Menu DashboardsInlineEditorPanel - isOpen (open)" computerName="TFSBUILD11" duration="00:00:00.0150000" startTime="2015-09-28T09:45:49.3605495-07:00" endTime="2015-09-28T09:45:49.3605495-07:00" testType="13cdc9d9-ddb5-4fa4-a97d-d965ccfc6d4b" outcome="Passed" testListId="8c84fa94-04c1-424b-9868-57a2d4851a1d" relativeResultsDirectory="83897c90-4cbf-41ec-9fd4-a7801b6ea834" />
    <UnitTestResult executionId="12224fe5-53c5-4876-9952-9160b5b4db66" testId="1e1d16c2-4400-4aee-9455-f2b8e100bb54" testName="TFSTests.Dashboards.L2Menu DashboardsInlineEditorPanel - onFocusTextbox" computerName="TFSBUILD11" duration="00:00:00.0160000" startTime="2015-09-28T09:45:49.3605495-07:00" endTime="2015-09-28T09:45:49.3605495-07:00" testType="13cdc9d9-ddb5-4fa4-a97d-d965ccfc6d4b" outcome="Passed" testListId="8c84fa94-04c1-424b-9868-57a2d4851a1d" relativeResultsDirectory="12224fe5-53c5-4876-9952-9160b5b4db66" />
    <UnitTestResult executionId="23afdb79-b57d-47a2-b11d-c94363762c53" testId="9f435d75-046b-4788-903f-b4613f72dc70" testName="TFSTests.Dashboards.L2Menu DashboardsInlineEditorPanel - onLostFocusTextbox" computerName="TFSBUILD11" duration="00:00:00.0160000" startTime="2015-09-28T09:45:49.3605495-07:00" endTime="2015-09-28T09:45:49.3605495-07:00" testType="13cdc9d9-ddb5-4fa4-a97d-d965ccfc6d4b" outcome="Passed" testListId="8c84fa94-04c1-424b-9868-57a2d4851a1d" relativeResultsDirectory="23afdb79-b57d-47a2-b11d-c94363762c53" />
    <UnitTestResult executionId="2f6695f9-4ef2-48ef-b3f9-149a42e39c02" testId="eae443ae-0685-4f8b-963b-7666293352ed" testName="TFSTests.Dashboards.L2Menu DashboardsInlineEditorPanel - onDashboardCountChange (not max count)" computerName="TFSBUILD11" duration="00:00:00.0170000" startTime="2015-09-28T09:45:49.3605495-07:00" endTime="2015-09-28T09:45:49.3605495-07:00" testType="13cdc9d9-ddb5-4fa4-a97d-d965ccfc6d4b" outcome="Passed" testListId="8c84fa94-04c1-424b-9868-57a2d4851a1d" relativeResultsDirectory="2f6695f9-4ef2-48ef-b3f9-149a42e39c02" />
    <UnitTestResult executionId="9c2c88a9-0a2c-4a52-b6f6-7df91ef809db" testId="dc20f033-ab1c-4e4d-8197-e32f236a51e2" testName="TFSTests.Dashboards.L2Menu DashboardsInlineEditorPanel - onDashboardCountChange (max count)" computerName="TFSBUILD11" duration="00:00:00.0170000" startTime="2015-09-28T09:45:49.3605495-07:00" endTime="2015-09-28T09:45:49.3605495-07:00" testType="13cdc9d9-ddb5-4fa4-a97d-d965ccfc6d4b" outcome="Passed" testListId="8c84fa94-04c1-424b-9868-57a2d4851a1d" relativeResultsDirectory="9c2c88a9-0a2c-4a52-b6f6-7df91ef809db" />
    <UnitTestResult executionId="28e76904-5965-4905-b805-6b72a727de2a" testId="37103375-7031-49da-83fe-8bd9893d67cf" testName="TFSTests.Dashboards.L2Menu DashboardsInlineEditorPanel - saveDashboard (valid + save success)" computerName="TFSBUILD11" duration="00:00:00.0170000" startTime="2015-09-28T09:45:49.3605495-07:00" endTime="2015-09-28T09:45:49.3605495-07:00" testType="13cdc9d9-ddb5-4fa4-a97d-d965ccfc6d4b" outcome="Passed" testListId="8c84fa94-04c1-424b-9868-57a2d4851a1d" relativeResultsDirectory="28e76904-5965-4905-b805-6b72a727de2a" />
    <UnitTestResult executionId="9b870adf-458c-4b12-b127-55d20d863b78" testId="5be8197e-08f6-4868-9aa5-a106abac3222" testName="TFSTests.Dashboards.L2Menu DashboardsInlineEditorPanel - saveDashboard (valid + save fail)" computerName="TFSBUILD11" duration="00:00:00.0170000" startTime="2015-09-28T09:45:49.5137809-07:00" endTime="2015-09-28T09:45:49.5137809-07:00" testType="13cdc9d9-ddb5-4fa4-a97d-d965ccfc6d4b" outcome="Passed" testListId="8c84fa94-04c1-424b-9868-57a2d4851a1d" relativeResultsDirectory="9b870adf-458c-4b12-b127-55d20d863b78" />
    <UnitTestResult executionId="81c3cc29-8109-4eed-8c2a-61d4b56d71c2" testId="6c8bf6a5-89fb-4590-8014-20111b124c4c" testName="TFSTests.Dashboards.L2Menu DashboardsInlineEditorPanel - saveDashboard (invalid)" computerName="TFSBUILD11" duration="00:00:00.0170000" startTime="2015-09-28T09:45:49.5137809-07:00" endTime="2015-09-28T09:45:49.5137809-07:00" testType="13cdc9d9-ddb5-4fa4-a97d-d965ccfc6d4b" outcome="Passed" testListId="8c84fa94-04c1-424b-9868-57a2d4851a1d" relativeResultsDirectory="81c3cc29-8109-4eed-8c2a-61d4b56d71c2" />
    <UnitTestResult executionId="3de431fe-b5b8-4194-8695-d874a153c61e" testId="4c69ddd1-f03b-42be-9db0-9204a1ecd0d5" testName="TFSTests.Dashboards.L2Menu DashboardsInlineEditorPanel - validateDashboardName (null)" computerName="TFSBUILD11" duration="00:00:00.0160000" startTime="2015-09-28T09:45:49.5137809-07:00" endTime="2015-09-28T09:45:49.5137809-07:00" testType="13cdc9d9-ddb5-4fa4-a97d-d965ccfc6d4b" outcome="Passed" testListId="8c84fa94-04c1-424b-9868-57a2d4851a1d" relativeResultsDirectory="3de431fe-b5b8-4194-8695-d874a153c61e" />
    <UnitTestResult executionId="94954dc3-7063-4e3e-8d65-df3d8d5b49fd" testId="f282a694-c6ad-4a62-98cb-3c0d4b3c4099" testName="TFSTests.Dashboards.L2Menu DashboardsInlineEditorPanel - validateDashboardName (empty)" computerName="TFSBUILD11" duration="00:00:00.0160000" startTime="2015-09-28T09:45:49.5137809-07:00" endTime="2015-09-28T09:45:49.5137809-07:00" testType="13cdc9d9-ddb5-4fa4-a97d-d965ccfc6d4b" outcome="Passed" testListId="8c84fa94-04c1-424b-9868-57a2d4851a1d" relativeResultsDirectory="94954dc3-7063-4e3e-8d65-df3d8d5b49fd" />
    <UnitTestResult executionId="46c700ac-aa40-460f-9656-c5bd22b557d6" testId="c016ed9e-67b0-4f67-968a-992aa2d67fce" testName="TFSTests.Dashboards.L2Menu DashboardsInlineEditorPanel - validateDashboardName (long name)" computerName="TFSBUILD11" duration="00:00:00.0160000" startTime="2015-09-28T09:45:49.5137809-07:00" endTime="2015-09-28T09:45:49.5137809-07:00" testType="13cdc9d9-ddb5-4fa4-a97d-d965ccfc6d4b" outcome="Passed" testListId="8c84fa94-04c1-424b-9868-57a2d4851a1d" relativeResultsDirectory="46c700ac-aa40-460f-9656-c5bd22b557d6" />
    <UnitTestResult executionId="6f67e830-c7ec-4332-8f79-ad20b5ad921b" testId="e5ebd940-2617-4276-aa4a-1b191feab000" testName="TFSTests.Dashboards.L2Menu DashboardsInlineEditorPanel - validateDashboardName (valid name)" computerName="TFSBUILD11" duration="00:00:00.0150000" startTime="2015-09-28T09:45:49.5137809-07:00" endTime="2015-09-28T09:45:49.5137809-07:00" testType="13cdc9d9-ddb5-4fa4-a97d-d965ccfc6d4b" outcome="Passed" testListId="8c84fa94-04c1-424b-9868-57a2d4851a1d" relativeResultsDirectory="6f67e830-c7ec-4332-8f79-ad20b5ad921b" />
    <UnitTestResult executionId="982d6274-844e-4208-92b7-37e1d31647d3" testId="cc5e5a63-ca0e-4b72-aeea-9f4dbee74172" testName="TFSTests.Dashboards.L2Menu DashboardsInlineEditorPanel - validateDashboardCount (under limit)" computerName="TFSBUILD11" duration="00:00:00.0160000" startTime="2015-09-28T09:45:49.5137809-07:00" endTime="2015-09-28T09:45:49.5137809-07:00" testType="13cdc9d9-ddb5-4fa4-a97d-d965ccfc6d4b" outcome="Passed" testListId="8c84fa94-04c1-424b-9868-57a2d4851a1d" relativeResultsDirectory="982d6274-844e-4208-92b7-37e1d31647d3" />
    <UnitTestResult executionId="3b227552-ce8b-4de1-b327-a8ccc80814ef" testId="b05d6377-181c-40b5-a756-698a6d442a71" testName="TFSTests.Dashboards.L2Menu DashboardsInlineEditorPanel - validateDashboardCount (above limit)" computerName="TFSBUILD11" duration="00:00:00.0160000" startTime="2015-09-28T09:45:49.5137809-07:00" endTime="2015-09-28T09:45:49.5137809-07:00" testType="13cdc9d9-ddb5-4fa4-a97d-d965ccfc6d4b" outcome="Passed" testListId="8c84fa94-04c1-424b-9868-57a2d4851a1d" relativeResultsDirectory="3b227552-ce8b-4de1-b327-a8ccc80814ef" />
    <UnitTestResult executionId="f80195ac-10d8-4050-b1e0-11ac3aa7e0f1" testId="03ca1df6-8c5e-4eae-b130-8bc8dc0eb4ab" testName="TFSTests.Dashboards.L2Menu DashboardsInlineEditorPanel - Hit backspace show the placeholder" computerName="TFSBUILD11" duration="00:00:00.0200000" startTime="2015-09-28T09:45:49.5137809-07:00" endTime="2015-09-28T09:45:49.5137809-07:00" testType="13cdc9d9-ddb5-4fa4-a97d-d965ccfc6d4b" outcome="Passed" testListId="8c84fa94-04c1-424b-9868-57a2d4851a1d" relativeResultsDirectory="f80195ac-10d8-4050-b1e0-11ac3aa7e0f1" />
    <UnitTestResult executionId="ffb18028-b379-482e-b7ad-4d993b03d1a5" testId="d2ca219a-e09d-4344-8736-d17f481ccc26" testName="TFSTests.Dashboards.L2Menu DashboardsInlineEditorPanel - Hit backspace doesn't show the placeholder" computerName="TFSBUILD11" duration="00:00:00.0200000" startTime="2015-09-28T09:45:49.6944893-07:00" endTime="2015-09-28T09:45:49.6944893-07:00" testType="13cdc9d9-ddb5-4fa4-a97d-d965ccfc6d4b" outcome="Passed" testListId="8c84fa94-04c1-424b-9868-57a2d4851a1d" relativeResultsDirectory="ffb18028-b379-482e-b7ad-4d993b03d1a5" />
    <UnitTestResult executionId="8b6baf4b-26ad-44d5-b061-25b9be636ade" testId="2cc74191-a6f5-41fa-84b5-f1bb273feccc" testName="TFSTests.Dashboards.L2Menu DashboardsInlineEditorPanel - keyup" computerName="TFSBUILD11" duration="00:00:00.0220000" startTime="2015-09-28T09:45:49.6944893-07:00" endTime="2015-09-28T09:45:49.6944893-07:00" testType="13cdc9d9-ddb5-4fa4-a97d-d965ccfc6d4b" outcome="Passed" testListId="8c84fa94-04c1-424b-9868-57a2d4851a1d" relativeResultsDirectory="8b6baf4b-26ad-44d5-b061-25b9be636ade" />
    <UnitTestResult executionId="7fefc5e8-475a-403a-889f-1c70c3e97106" testId="28640dd6-89aa-4d35-be2d-e20ec2c0e6d5" testName="TFSTests.Dashboards.L2Menu DashboardsInlineEditorPanel - Hit delete show the placeholder" computerName="TFSBUILD11" duration="00:00:00.0200000" startTime="2015-09-28T09:45:49.6944893-07:00" endTime="2015-09-28T09:45:49.6944893-07:00" testType="13cdc9d9-ddb5-4fa4-a97d-d965ccfc6d4b" outcome="Passed" testListId="8c84fa94-04c1-424b-9868-57a2d4851a1d" relativeResultsDirectory="7fefc5e8-475a-403a-889f-1c70c3e97106" />
    <UnitTestResult executionId="de09a61f-96f4-45e9-a509-2809e5d5d195" testId="45218637-40fa-444f-aae9-32eeec91139a" testName="TFSTests.Dashboards.L2Menu DashboardsInlineEditorPanel - Hit delete doesn't show the placeholder" computerName="TFSBUILD11" duration="00:00:00.0200000" startTime="2015-09-28T09:45:49.6944893-07:00" endTime="2015-09-28T09:45:49.6944893-07:00" testType="13cdc9d9-ddb5-4fa4-a97d-d965ccfc6d4b" outcome="Passed" testListId="8c84fa94-04c1-424b-9868-57a2d4851a1d" relativeResultsDirectory="de09a61f-96f4-45e9-a509-2809e5d5d195" />
    <UnitTestResult executionId="33d6b0f8-29d0-462c-8648-97480001ea49" testId="a42b94de-e888-4004-bfd5-75ed5fe08344" testName="TFSTests.Dashboards.L2Menu DashboardsInlineEditorPanel - Hit keys other than delete and backspace doesn't show the placeholder" computerName="TFSBUILD11" duration="00:00:00.0270000" startTime="2015-09-28T09:45:49.6944893-07:00" endTime="2015-09-28T09:45:49.6944893-07:00" testType="13cdc9d9-ddb5-4fa4-a97d-d965ccfc6d4b" outcome="Passed" testListId="8c84fa94-04c1-424b-9868-57a2d4851a1d" relativeResultsDirectory="33d6b0f8-29d0-462c-8648-97480001ea49" />
    <UnitTestResult executionId="9b5b438a-69e4-4fb2-b975-1930fe509f05" testId="3f2003c6-d24b-4f1b-bb06-8c163ea864bd" testName="TFSTests.Dashboards.L2Menu OverflowAlgorithm - No Dashboards" computerName="TFSBUILD11" duration="00:00:00.0270000" startTime="2015-09-28T09:45:49.6944893-07:00" endTime="2015-09-28T09:45:49.6944893-07:00" testType="13cdc9d9-ddb5-4fa4-a97d-d965ccfc6d4b" outcome="Passed" testListId="8c84fa94-04c1-424b-9868-57a2d4851a1d" relativeResultsDirectory="9b5b438a-69e4-4fb2-b975-1930fe509f05" />
    <UnitTestResult executionId="8a1b11c2-fe84-4565-8851-48aab2a54be5" testId="51b7b7a9-06b5-41d8-822f-7ed32e21bb31" testName="TFSTests.Dashboards.L2Menu OverflowAlgorithm - Dashboards empty" computerName="TFSBUILD11" duration="00:00:00.0150000" startTime="2015-09-28T09:45:49.6944893-07:00" endTime="2015-09-28T09:45:49.6944893-07:00" testType="13cdc9d9-ddb5-4fa4-a97d-d965ccfc6d4b" outcome="Passed" testListId="8c84fa94-04c1-424b-9868-57a2d4851a1d" relativeResultsDirectory="8a1b11c2-fe84-4565-8851-48aab2a54be5" />
    <UnitTestResult executionId="9ec58ffd-e9da-4104-86e9-100808294859" testId="9befee41-89ea-4b7a-b67c-5e41c2d8b1bd" testName="TFSTests.Dashboards.L2Menu OverflowAlgorithm - Dashboards fit 1 tabs" computerName="TFSBUILD11" duration="00:00:00.0140000" startTime="2015-09-28T09:45:49.6944893-07:00" endTime="2015-09-28T09:45:49.6944893-07:00" testType="13cdc9d9-ddb5-4fa4-a97d-d965ccfc6d4b" outcome="Passed" testListId="8c84fa94-04c1-424b-9868-57a2d4851a1d" relativeResultsDirectory="9ec58ffd-e9da-4104-86e9-100808294859" />
    <UnitTestResult executionId="a98aec5d-e888-4b7a-b3a6-4cbdec93c1de" testId="d6038cb5-7b32-477e-8f69-8e6036069acf" testName="TFSTests.Dashboards.L2Menu OverflowAlgorithm - Dashboards fit the maximum tabs" computerName="TFSBUILD11" duration="00:00:00.0150000" startTime="2015-09-28T09:45:49.6944893-07:00" endTime="2015-09-28T09:45:49.6944893-07:00" testType="13cdc9d9-ddb5-4fa4-a97d-d965ccfc6d4b" outcome="Passed" testListId="8c84fa94-04c1-424b-9868-57a2d4851a1d" relativeResultsDirectory="a98aec5d-e888-4b7a-b3a6-4cbdec93c1de" />
    <UnitTestResult executionId="f679b0a3-0cab-46e9-8a7d-b1521e64f30f" testId="02aba7d0-493b-4206-96ae-9acfa83e6767" testName="TFSTests.Dashboards.L2Menu OverflowAlgorithm - Dashboards one more than maximum tabs" computerName="TFSBUILD11" duration="00:00:00.0160000" startTime="2015-09-28T09:45:49.8451029-07:00" endTime="2015-09-28T09:45:49.8451029-07:00" testType="13cdc9d9-ddb5-4fa4-a97d-d965ccfc6d4b" outcome="Passed" testListId="8c84fa94-04c1-424b-9868-57a2d4851a1d" relativeResultsDirectory="f679b0a3-0cab-46e9-8a7d-b1521e64f30f" />
    <UnitTestResult executionId="1292c7b8-0a61-4271-bc29-b55d87843ec3" testId="d66bc419-a0d1-461b-8b86-75889471f205" testName="TFSTests.Dashboards.L2Menu OverflowAlgorithm - Dashboards two tabs overflow" computerName="TFSBUILD11" duration="00:00:00.0150000" startTime="2015-09-28T09:45:49.8451029-07:00" endTime="2015-09-28T09:45:49.8451029-07:00" testType="13cdc9d9-ddb5-4fa4-a97d-d965ccfc6d4b" outcome="Passed" testListId="8c84fa94-04c1-424b-9868-57a2d4851a1d" relativeResultsDirectory="1292c7b8-0a61-4271-bc29-b55d87843ec3" />
    <UnitTestResult executionId="3d55faad-309f-4275-a677-4640c4e878d2" testId="db1c4d77-1a86-41bd-8dd5-152bc78cc3b3" testName="TFSTests.Dashboards.L2Menu OverflowAlgorithm - Dashboards two more than maximum tabs with active tab" computerName="TFSBUILD11" duration="00:00:00.0150000" startTime="2015-09-28T09:45:49.8451029-07:00" endTime="2015-09-28T09:45:49.8451029-07:00" testType="13cdc9d9-ddb5-4fa4-a97d-d965ccfc6d4b" outcome="Passed" testListId="8c84fa94-04c1-424b-9868-57a2d4851a1d" relativeResultsDirectory="3d55faad-309f-4275-a677-4640c4e878d2" />
    <UnitTestResult executionId="db088882-68ec-4acd-b20d-3c77a38a32ed" testId="5c7ee6cc-eb14-4182-a8f8-306295e8b76d" testName="TFSTests.Dashboards.L2Menu OverflowAlgorithm - Dashboards with active tab wide and tabs small" computerName="TFSBUILD11" duration="00:00:00.0190000" startTime="2015-09-28T09:45:49.8451029-07:00" endTime="2015-09-28T09:45:49.8451029-07:00" testType="13cdc9d9-ddb5-4fa4-a97d-d965ccfc6d4b" outcome="Passed" testListId="8c84fa94-04c1-424b-9868-57a2d4851a1d" relativeResultsDirectory="db088882-68ec-4acd-b20d-3c77a38a32ed" />
    <UnitTestResult executionId="bdbf5a06-0b4a-4b6f-bb3b-2a607431135c" testId="b0a42bf0-16e7-4ecf-9678-dfe07fc78b46" testName="TFSTests.Dashboards.L2Menu OverflowAlgorithm - Dashboards with active tab small with tabs wide" computerName="TFSBUILD11" duration="00:00:00.0150000" startTime="2015-09-28T09:45:49.8451029-07:00" endTime="2015-09-28T09:45:49.8451029-07:00" testType="13cdc9d9-ddb5-4fa4-a97d-d965ccfc6d4b" outcome="Passed" testListId="8c84fa94-04c1-424b-9868-57a2d4851a1d" relativeResultsDirectory="bdbf5a06-0b4a-4b6f-bb3b-2a607431135c" />
    <UnitTestResult executionId="4155dc65-f2a7-40ea-a036-18a72f63c3c8" testId="50046f1f-9c13-487e-80d2-f00d184834c9" testName="TFSTests.Dashboards.L2Menu OverflowAlgorithm - Dashboards with active tab already in tabs" computerName="TFSBUILD11" duration="00:00:00.0150000" startTime="2015-09-28T09:45:49.8451029-07:00" endTime="2015-09-28T09:45:49.8451029-07:00" testType="13cdc9d9-ddb5-4fa4-a97d-d965ccfc6d4b" outcome="Passed" testListId="8c84fa94-04c1-424b-9868-57a2d4851a1d" relativeResultsDirectory="4155dc65-f2a7-40ea-a036-18a72f63c3c8" />
    <UnitTestResult executionId="701fb1cc-3130-4bbd-a684-673f36cadf2f" testId="a7e20859-759a-4f03-adc8-2a5da39988aa" testName="TFSTests.Dashboards.L2Menu DistributionSets - Construction with null showed dashboard" computerName="TFSBUILD11" duration="00:00:00.0140000" startTime="2015-09-28T09:45:49.8451029-07:00" endTime="2015-09-28T09:45:49.8451029-07:00" testType="13cdc9d9-ddb5-4fa4-a97d-d965ccfc6d4b" outcome="Passed" testListId="8c84fa94-04c1-424b-9868-57a2d4851a1d" relativeResultsDirectory="701fb1cc-3130-4bbd-a684-673f36cadf2f" />
    <UnitTestResult executionId="d0d3fb2c-7b84-463a-ba28-2bfee0d88752" testId="6f57f524-bcf5-482f-8837-0d6ab15b7927" testName="TFSTests.Dashboards.L2Menu DistributionSets - Construction with null hid dashboard" computerName="TFSBUILD11" duration="00:00:00.0140000" startTime="2015-09-28T09:45:49.8451029-07:00" endTime="2015-09-28T09:45:49.8451029-07:00" testType="13cdc9d9-ddb5-4fa4-a97d-d965ccfc6d4b" outcome="Passed" testListId="8c84fa94-04c1-424b-9868-57a2d4851a1d" relativeResultsDirectory="d0d3fb2c-7b84-463a-ba28-2bfee0d88752" />
    <UnitTestResult executionId="ea851e3e-f846-4861-a0a8-f9d07e2e048d" testId="e821651c-47a1-4233-8b80-42ed2b53e43b" testName="TFSTests.Dashboards.L2Menu DistributionSets - Get Showed List" computerName="TFSBUILD11" duration="00:00:00.0140000" startTime="2015-09-28T09:45:49.8451029-07:00" endTime="2015-09-28T09:45:49.8451029-07:00" testType="13cdc9d9-ddb5-4fa4-a97d-d965ccfc6d4b" outcome="Passed" testListId="8c84fa94-04c1-424b-9868-57a2d4851a1d" relativeResultsDirectory="ea851e3e-f846-4861-a0a8-f9d07e2e048d" />
    <UnitTestResult executionId="4f1ce00f-3d10-4ea2-a2c5-b406766d2754" testId="f987fa87-bac6-4645-8760-9179a1995e2e" testName="TFSTests.Dashboards.L2Menu DistributionSets - Get Hid List" computerName="TFSBUILD11" duration="00:00:00.0140000" startTime="2015-09-28T09:45:49.9770566-07:00" endTime="2015-09-28T09:45:49.9770566-07:00" testType="13cdc9d9-ddb5-4fa4-a97d-d965ccfc6d4b" outcome="Passed" testListId="8c84fa94-04c1-424b-9868-57a2d4851a1d" relativeResultsDirectory="4f1ce00f-3d10-4ea2-a2c5-b406766d2754" />
    <UnitTestResult executionId="1725b5c2-7eb9-4607-ba4f-85253059ba76" testId="bdee60d9-0d85-4792-b63e-96c29fc279bf" testName="TFSTests.Dashboards.L2Menu DistributionSets - not hasChanged" computerName="TFSBUILD11" duration="00:00:00.0150000" startTime="2015-09-28T09:45:49.9780553-07:00" endTime="2015-09-28T09:45:49.9780553-07:00" testType="13cdc9d9-ddb5-4fa4-a97d-d965ccfc6d4b" outcome="Passed" testListId="8c84fa94-04c1-424b-9868-57a2d4851a1d" relativeResultsDirectory="1725b5c2-7eb9-4607-ba4f-85253059ba76" />
    <UnitTestResult executionId="cfbe44ec-6040-41cb-b9f8-3473febcc8e2" testId="e6dc6f0b-6e61-4c61-b4ae-5967ef9fa946" testName="TFSTests.Dashboards.L2Menu DistributionSets - hasChanged (list size)" computerName="TFSBUILD11" duration="00:00:00.0150000" startTime="2015-09-28T09:45:49.9780553-07:00" endTime="2015-09-28T09:45:49.9780553-07:00" testType="13cdc9d9-ddb5-4fa4-a97d-d965ccfc6d4b" outcome="Passed" testListId="8c84fa94-04c1-424b-9868-57a2d4851a1d" relativeResultsDirectory="cfbe44ec-6040-41cb-b9f8-3473febcc8e2" />
    <UnitTestResult executionId="53a6bdb9-8112-44ff-b454-008ee96741c3" testId="566176a1-50cd-4a35-8b73-9ba51a29575c" testName="TFSTests.Dashboards.L2Menu DistributionSets - hasChanged (value in showed list)" computerName="TFSBUILD11" duration="00:00:00.0140000" startTime="2015-09-28T09:45:49.9780553-07:00" endTime="2015-09-28T09:45:49.9780553-07:00" testType="13cdc9d9-ddb5-4fa4-a97d-d965ccfc6d4b" outcome="Passed" testListId="8c84fa94-04c1-424b-9868-57a2d4851a1d" relativeResultsDirectory="53a6bdb9-8112-44ff-b454-008ee96741c3" />
    <UnitTestResult executionId="e9931fab-4201-4fd3-9b5e-000d9c377098" testId="bc8a5bd0-ddaf-4078-b42f-d72fbf5197f6" testName="TFSTests.Dashboards.L2Menu DistributionSets - hasChanged (value in hid list)" computerName="TFSBUILD11" duration="00:00:00.0140000" startTime="2015-09-28T09:45:49.9780553-07:00" endTime="2015-09-28T09:45:49.9780553-07:00" testType="13cdc9d9-ddb5-4fa4-a97d-d965ccfc6d4b" outcome="Passed" testListId="8c84fa94-04c1-424b-9868-57a2d4851a1d" relativeResultsDirectory="e9931fab-4201-4fd3-9b5e-000d9c377098" />
    <UnitTestResult executionId="75ad8a86-e506-4dfe-8324-2aeb2bed9abc" testId="48785021-8cea-4c42-8f21-81876d4fd7a9" testName="TFSTests.Dashboards.L2Menu DistributionSets - hasChanged (null)" computerName="TFSBUILD11" duration="00:00:00.0140000" startTime="2015-09-28T09:45:49.9780553-07:00" endTime="2015-09-28T09:45:49.9780553-07:00" testType="13cdc9d9-ddb5-4fa4-a97d-d965ccfc6d4b" outcome="Passed" testListId="8c84fa94-04c1-424b-9868-57a2d4851a1d" relativeResultsDirectory="75ad8a86-e506-4dfe-8324-2aeb2bed9abc" />
    <UnitTestResult executionId="3ce427e5-3112-458e-a9dc-0dccd941b410" testId="ec3af72a-4466-4ec6-a6b4-742ac71f37b5" testName="TFSTests.Dashboards.L2Menu DashboardsOverflow - render create no items" computerName="TFSBUILD11" duration="00:00:00.0170000" startTime="2015-09-28T09:45:49.9780553-07:00" endTime="2015-09-28T09:45:49.9780553-07:00" testType="13cdc9d9-ddb5-4fa4-a97d-d965ccfc6d4b" outcome="Passed" testListId="8c84fa94-04c1-424b-9868-57a2d4851a1d" relativeResultsDirectory="3ce427e5-3112-458e-a9dc-0dccd941b410" />
    <UnitTestResult executionId="80d358f2-9dd4-4ed3-b118-99996cc86b3a" testId="44bd5a9b-4f53-45a7-9eed-33132f67346b" testName="TFSTests.Dashboards.L2Menu DashboardsOverflow - batchRenderInPositionOrder (null)" computerName="TFSBUILD11" duration="00:00:00.0170000" startTime="2015-09-28T09:45:49.9780553-07:00" endTime="2015-09-28T09:45:49.9780553-07:00" testType="13cdc9d9-ddb5-4fa4-a97d-d965ccfc6d4b" outcome="Passed" testListId="8c84fa94-04c1-424b-9868-57a2d4851a1d" relativeResultsDirectory="80d358f2-9dd4-4ed3-b118-99996cc86b3a" />
    <UnitTestResult executionId="41ce99c2-c2d7-4041-861f-49bb6df7a741" testId="fc5c5ba0-721c-440a-b732-f159d7ab94f9" testName="TFSTests.Dashboards.L2Menu DashboardsOverflow - batchRenderInPositionOrder (empty list)" computerName="TFSBUILD11" duration="00:00:00.0160000" startTime="2015-09-28T09:45:49.9780553-07:00" endTime="2015-09-28T09:45:49.9780553-07:00" testType="13cdc9d9-ddb5-4fa4-a97d-d965ccfc6d4b" outcome="Passed" testListId="8c84fa94-04c1-424b-9868-57a2d4851a1d" relativeResultsDirectory="41ce99c2-c2d7-4041-861f-49bb6df7a741" />
    <UnitTestResult executionId="dae6a602-bf7f-4fe3-b206-dc7a34e08b31" testId="8b472ca6-8ee3-4b4f-b5d7-1157221900c3" testName="TFSTests.Dashboards.L2Menu DashboardsOverflow - batchRenderInPositionOrder (list with 1 element)" computerName="TFSBUILD11" duration="00:00:00.0170000" startTime="2015-09-28T09:45:50.2634331-07:00" endTime="2015-09-28T09:45:50.2634331-07:00" testType="13cdc9d9-ddb5-4fa4-a97d-d965ccfc6d4b" outcome="Passed" testListId="8c84fa94-04c1-424b-9868-57a2d4851a1d" relativeResultsDirectory="dae6a602-bf7f-4fe3-b206-dc7a34e08b31" />
    <UnitTestResult executionId="16a8ca9f-6855-44fc-8a61-26bc5b87a472" testId="286b2aa6-36e4-495b-bcb5-d4e7117e89ef" testName="TFSTests.Dashboards.L2Menu DashboardsOverflow - getIsHavingOverflow (list with 0 element)" computerName="TFSBUILD11" duration="00:00:00.0170000" startTime="2015-09-28T09:45:50.2634331-07:00" endTime="2015-09-28T09:45:50.2634331-07:00" testType="13cdc9d9-ddb5-4fa4-a97d-d965ccfc6d4b" outcome="Passed" testListId="8c84fa94-04c1-424b-9868-57a2d4851a1d" relativeResultsDirectory="16a8ca9f-6855-44fc-8a61-26bc5b87a472" />
    <UnitTestResult executionId="22e563d3-8c3b-4b92-9c43-961bcb11b53e" testId="322563bc-d5c1-4fa3-a1f4-abe269b06ae4" testName="TFSTests.Dashboards.L2Menu DashboardsOverflow - getIsHavingOverflow (list with 1 element)" computerName="TFSBUILD11" duration="00:00:00.0170000" startTime="2015-09-28T09:45:50.2634331-07:00" endTime="2015-09-28T09:45:50.2634331-07:00" testType="13cdc9d9-ddb5-4fa4-a97d-d965ccfc6d4b" outcome="Passed" testListId="8c84fa94-04c1-424b-9868-57a2d4851a1d" relativeResultsDirectory="22e563d3-8c3b-4b92-9c43-961bcb11b53e" />
    <UnitTestResult executionId="704c842b-33a7-4e4a-b50a-59eceabd26bf" testId="59a0fb08-d1e6-4ddf-8d59-baa98817c493" testName="TFSTests.Dashboards.L2Menu DashboardsOverflow - createDashboardTab" computerName="TFSBUILD11" duration="00:00:00.0160000" startTime="2015-09-28T09:45:50.2634331-07:00" endTime="2015-09-28T09:45:50.2634331-07:00" testType="13cdc9d9-ddb5-4fa4-a97d-d965ccfc6d4b" outcome="Passed" testListId="8c84fa94-04c1-424b-9868-57a2d4851a1d" relativeResultsDirectory="704c842b-33a7-4e4a-b50a-59eceabd26bf" />
    <UnitTestResult executionId="4d90bcdf-c635-4be8-a685-92d4ebc7ec03" testId="ac42b330-bef9-416f-a8fa-9a187ffe5fb5" testName="TFSTests.Dashboards.L2Menu DashboardsOverflow - show" computerName="TFSBUILD11" duration="00:00:00.0170000" startTime="2015-09-28T09:45:50.2634331-07:00" endTime="2015-09-28T09:45:50.2634331-07:00" testType="13cdc9d9-ddb5-4fa4-a97d-d965ccfc6d4b" outcome="Passed" testListId="8c84fa94-04c1-424b-9868-57a2d4851a1d" relativeResultsDirectory="4d90bcdf-c635-4be8-a685-92d4ebc7ec03" />
    <UnitTestResult executionId="cf9a14e4-c80b-447d-8308-d88bde9741f4" testId="9c0fc711-f65c-46c4-a7be-e2b7384177d6" testName="TFSTests.Dashboards.L2Menu DashboardsOverflow - keydown (down arrow)" computerName="TFSBUILD11" duration="00:00:00.0180000" startTime="2015-09-28T09:45:50.2634331-07:00" endTime="2015-09-28T09:45:50.2634331-07:00" testType="13cdc9d9-ddb5-4fa4-a97d-d965ccfc6d4b" outcome="Passed" testListId="8c84fa94-04c1-424b-9868-57a2d4851a1d" relativeResultsDirectory="cf9a14e4-c80b-447d-8308-d88bde9741f4" />
    <UnitTestResult executionId="c68f9a55-d854-43e6-974a-a7d6a6be4396" testId="748c9725-d90a-4515-92cb-f8dabf77cd41" testName="TFSTests.Dashboards.L2Menu DashboardsOverflow - keydown (up arrow/escape)" computerName="TFSBUILD11" duration="00:00:00.0170000" startTime="2015-09-28T09:45:50.2634331-07:00" endTime="2015-09-28T09:45:50.2634331-07:00" testType="13cdc9d9-ddb5-4fa4-a97d-d965ccfc6d4b" outcome="Passed" testListId="8c84fa94-04c1-424b-9868-57a2d4851a1d" relativeResultsDirectory="c68f9a55-d854-43e6-974a-a7d6a6be4396" />
    <UnitTestResult executionId="277880c4-b46b-4850-b13a-7041ebbf41c8" testId="a482aaf5-ddae-48a4-a16c-9c13b8ee802f" testName="TFSTests.Dashboards.L2Menu DashboardsOverflow - keydown (enter/space)" computerName="TFSBUILD11" duration="00:00:00.0170000" startTime="2015-09-28T09:45:50.2634331-07:00" endTime="2015-09-28T09:45:50.2634331-07:00" testType="13cdc9d9-ddb5-4fa4-a97d-d965ccfc6d4b" outcome="Passed" testListId="8c84fa94-04c1-424b-9868-57a2d4851a1d" relativeResultsDirectory="277880c4-b46b-4850-b13a-7041ebbf41c8" />
    <UnitTestResult executionId="ffaad114-8c00-4373-b12c-9177132003c9" testId="08b2604d-d094-4c05-af20-ae89f00583bb" testName="TFSTests.Dashboards.L2Menu DashboardsRightPanel - keydown" computerName="TFSBUILD11" duration="00:00:00.0230000" startTime="2015-09-28T09:45:50.2790534-07:00" endTime="2015-09-28T09:45:50.2790534-07:00" testType="13cdc9d9-ddb5-4fa4-a97d-d965ccfc6d4b" outcome="Passed" testListId="8c84fa94-04c1-424b-9868-57a2d4851a1d" relativeResultsDirectory="ffaad114-8c00-4373-b12c-9177132003c9" />
  </Results>
  <TestDefinitions>
    <UnitTest name="TFSTests.ActionRequiredControl ActionRequired with Hyperlink" storage="d:\v2.0\a1\_work\dbded102\vso\tfs\service\webaccess\dashboards\testscripts\tests\tfstests.actionrequiredcontrol.ts" id="e20f6e83-3aa8-44ab-9717-42d4e95c5572">
      <Execution id="d164f2e6-8f0f-47ae-8eb0-05a0a91fa282" />
      <TestMethod codeBase="d:\v2.0\a1\_work\dbded102\vso\tfs\service\webaccess\dashboards\testscripts\tests\tfstests.actionrequiredcontrol.ts" adapterTypeName="Microsoft.VisualStudio.TestTools.TestTypes.Unit.UnitTestAdapter" className="d:\v2.0\a1\_work\dbded102\vso\tfs\service\webaccess\dashboards\testscripts\tests\tfstests.actionrequiredcontrol.ts::tfstests" name="TFSTests.ActionRequiredControl ActionRequired with Hyperlink" />
    </UnitTest>
    <UnitTest name="TFSTests.ActionRequiredControl ActionRequired with link action" storage="d:\v2.0\a1\_work\dbded102\vso\tfs\service\webaccess\dashboards\testscripts\tests\tfstests.actionrequiredcontrol.ts" id="4d245527-9b0e-4e54-a343-7ad93de2c38c">
      <Execution id="8d156f97-1410-4554-bc43-f81cbb46d411" />
      <TestMethod codeBase="d:\v2.0\a1\_work\dbded102\vso\tfs\service\webaccess\dashboards\testscripts\tests\tfstests.actionrequiredcontrol.ts" adapterTypeName="Microsoft.VisualStudio.TestTools.TestTypes.Unit.UnitTestAdapter" className="d:\v2.0\a1\_work\dbded102\vso\tfs\service\webaccess\dashboards\testscripts\tests\tfstests.actionrequiredcontrol.ts::tfstests" name="TFSTests.ActionRequiredControl ActionRequired with link action" />
    </UnitTest>
    <UnitTest name="TFSTests.ActionRequiredControl ActionRequired with cssClass" storage="d:\v2.0\a1\_work\dbded102\vso\tfs\service\webaccess\dashboards\testscripts\tests\tfstests.actionrequiredcontrol.ts" id="332db8af-fb98-43db-9c2f-a4c4a74d7d38">
      <Execution id="dc9a148b-bd1e-43a9-993a-648f202685bc" />
      <TestMethod codeBase="d:\v2.0\a1\_work\dbded102\vso\tfs\service\webaccess\dashboards\testscripts\tests\tfstests.actionrequiredcontrol.ts" adapterTypeName="Microsoft.VisualStudio.TestTools.TestTypes.Unit.UnitTestAdapter" className="d:\v2.0\a1\_work\dbded102\vso\tfs\service\webaccess\dashboards\testscripts\tests\tfstests.actionrequiredcontrol.ts::tfstests" name="TFSTests.ActionRequiredControl ActionRequired with cssClass" />
    </UnitTest>
    <UnitTest name="TFSTests.ActionRequiredControl WidgetNotification with widgetsize in cssClass" storage="d:\v2.0\a1\_work\dbded102\vso\tfs\service\webaccess\dashboards\testscripts\tests\tfstests.actionrequiredcontrol.ts" id="0ded517a-e738-4ef2-a7b0-87236dc1b583">
      <Execution id="1fb59769-5f9e-4f51-a6b2-ba1891a25e66" />
      <TestMethod codeBase="d:\v2.0\a1\_work\dbded102\vso\tfs\service\webaccess\dashboards\testscripts\tests\tfstests.actionrequiredcontrol.ts" adapterTypeName="Microsoft.VisualStudio.TestTools.TestTypes.Unit.UnitTestAdapter" className="d:\v2.0\a1\_work\dbded102\vso\tfs\service\webaccess\dashboards\testscripts\tests\tfstests.actionrequiredcontrol.ts::tfstests" name="TFSTests.ActionRequiredControl WidgetNotification with widgetsize in cssClass" />
    </UnitTest>
    <UnitTest name="TFSTests.ActionRequiredControl WidgetNotification - getNotificationDialog and softDismiss are called in showDialog()" storage="d:\v2.0\a1\_work\dbded102\vso\tfs\service\webaccess\dashboards\testscripts\tests\tfstests.actionrequiredcontrol.ts" id="7489741f-d8a9-44ff-a62e-3bb9be3cabd1">
      <Execution id="54a89db3-98c4-4ed1-96fc-320d835a5c1b" />
      <TestMethod codeBase="d:\v2.0\a1\_work\dbded102\vso\tfs\service\webaccess\dashboards\testscripts\tests\tfstests.actionrequiredcontrol.ts" adapterTypeName="Microsoft.VisualStudio.TestTools.TestTypes.Unit.UnitTestAdapter" className="d:\v2.0\a1\_work\dbded102\vso\tfs\service\webaccess\dashboards\testscripts\tests\tfstests.actionrequiredcontrol.ts::tfstests" name="TFSTests.ActionRequiredControl WidgetNotification - getNotificationDialog and softDismiss are called in showDialog()" />
    </UnitTest>
    <UnitTest name="TFSTests.ActionRequiredControl WidgetNotification - showDialog creates ModalDialog" storage="d:\v2.0\a1\_work\dbded102\vso\tfs\service\webaccess\dashboards\testscripts\tests\tfstests.actionrequiredcontrol.ts" id="39b7f4ae-e4d5-4ae3-9aa7-55f4e63ea136">
      <Execution id="9cd5b338-6add-4cec-8571-304cf973be6c" />
      <TestMethod codeBase="d:\v2.0\a1\_work\dbded102\vso\tfs\service\webaccess\dashboards\testscripts\tests\tfstests.actionrequiredcontrol.ts" adapterTypeName="Microsoft.VisualStudio.TestTools.TestTypes.Unit.UnitTestAdapter" className="d:\v2.0\a1\_work\dbded102\vso\tfs\service\webaccess\dashboards\testscripts\tests\tfstests.actionrequiredcontrol.ts::tfstests" name="TFSTests.ActionRequiredControl WidgetNotification - showDialog creates ModalDialog" />
    </UnitTest>
    <UnitTest name="TFSTests.ActionRequiredControl Widget Notification Control - soft dismiss is called" storage="d:\v2.0\a1\_work\dbded102\vso\tfs\service\webaccess\dashboards\testscripts\tests\tfstests.actionrequiredcontrol.ts" id="994451c1-56fd-449c-a356-b3a89f11dec1">
      <Execution id="39839f66-c22b-4873-8f71-ad4df235d654" />
      <TestMethod codeBase="d:\v2.0\a1\_work\dbded102\vso\tfs\service\webaccess\dashboards\testscripts\tests\tfstests.actionrequiredcontrol.ts" adapterTypeName="Microsoft.VisualStudio.TestTools.TestTypes.Unit.UnitTestAdapter" className="d:\v2.0\a1\_work\dbded102\vso\tfs\service\webaccess\dashboards\testscripts\tests\tfstests.actionrequiredcontrol.ts::tfstests" name="TFSTests.ActionRequiredControl Widget Notification Control - soft dismiss is called" />
    </UnitTest>
    <UnitTest name="TFSTests.Dashboards.Control.Dialogs Dashboards Manager - Load Data" storage="d:\v2.0\a1\_work\dbded102\vso\tfs\service\webaccess\dashboards\testscripts\tests\tfstests.dashboards.control.dialogs.ts" id="3525a171-eca9-4fc1-ad7b-cc17f9149f9c">
      <Execution id="0c1f53c8-fc91-4926-b9a8-2a6884119e3f" />
      <TestMethod codeBase="d:\v2.0\a1\_work\dbded102\vso\tfs\service\webaccess\dashboards\testscripts\tests\tfstests.dashboards.control.dialogs.ts" adapterTypeName="Microsoft.VisualStudio.TestTools.TestTypes.Unit.UnitTestAdapter" className="d:\v2.0\a1\_work\dbded102\vso\tfs\service\webaccess\dashboards\testscripts\tests\tfstests.dashboards.control.dialogs.ts::tfstests.dashboards.control" name="TFSTests.Dashboards.Control.Dialogs Dashboards Manager - Load Data" />
    </UnitTest>
    <UnitTest name="TFSTests.Dashboards.Control.Dialogs Dashboards Manager -  Delete" storage="d:\v2.0\a1\_work\dbded102\vso\tfs\service\webaccess\dashboards\testscripts\tests\tfstests.dashboards.control.dialogs.ts" id="df73181d-c13a-48b2-b4a5-4cf9b0b79914">
      <Execution id="ab0c6515-0378-4a0a-8aaa-ae600edd90b2" />
      <TestMethod codeBase="d:\v2.0\a1\_work\dbded102\vso\tfs\service\webaccess\dashboards\testscripts\tests\tfstests.dashboards.control.dialogs.ts" adapterTypeName="Microsoft.VisualStudio.TestTools.TestTypes.Unit.UnitTestAdapter" className="d:\v2.0\a1\_work\dbded102\vso\tfs\service\webaccess\dashboards\testscripts\tests\tfstests.dashboards.control.dialogs.ts::tfstests.dashboards.control" name="TFSTests.Dashboards.Control.Dialogs Dashboards Manager -  Delete" />
    </UnitTest>
    <UnitTest name="TFSTests.Dashboards.Control.Dialogs Dashboards Manager - Insert" storage="d:\v2.0\a1\_work\dbded102\vso\tfs\service\webaccess\dashboards\testscripts\tests\tfstests.dashboards.control.dialogs.ts" id="3acdf1c1-9494-4754-b83d-eccb0a3a95dc">
      <Execution id="3f0daf3e-9955-4c93-a3cc-73e5107b29ad" />
      <TestMethod codeBase="d:\v2.0\a1\_work\dbded102\vso\tfs\service\webaccess\dashboards\testscripts\tests\tfstests.dashboards.control.dialogs.ts" adapterTypeName="Microsoft.VisualStudio.TestTools.TestTypes.Unit.UnitTestAdapter" className="d:\v2.0\a1\_work\dbded102\vso\tfs\service\webaccess\dashboards\testscripts\tests\tfstests.dashboards.control.dialogs.ts::tfstests.dashboards.control" name="TFSTests.Dashboards.Control.Dialogs Dashboards Manager - Insert" />
    </UnitTest>
    <UnitTest name="TFSTests.Dashboards.Control.Dialogs Dashboards Manager - Next Position" storage="d:\v2.0\a1\_work\dbded102\vso\tfs\service\webaccess\dashboards\testscripts\tests\tfstests.dashboards.control.dialogs.ts" id="53afa410-33aa-4bec-9506-07c6f31f6a36">
      <Execution id="077cd07d-52fe-4b5a-a840-ea05025b40a2" />
      <TestMethod codeBase="d:\v2.0\a1\_work\dbded102\vso\tfs\service\webaccess\dashboards\testscripts\tests\tfstests.dashboards.control.dialogs.ts" adapterTypeName="Microsoft.VisualStudio.TestTools.TestTypes.Unit.UnitTestAdapter" className="d:\v2.0\a1\_work\dbded102\vso\tfs\service\webaccess\dashboards\testscripts\tests\tfstests.dashboards.control.dialogs.ts::tfstests.dashboards.control" name="TFSTests.Dashboards.Control.Dialogs Dashboards Manager - Next Position" />
    </UnitTest>
    <UnitTest name="TFSTests.Dashboards.Control.Dialogs Dashboards Manager - Reorder" storage="d:\v2.0\a1\_work\dbded102\vso\tfs\service\webaccess\dashboards\testscripts\tests\tfstests.dashboards.control.dialogs.ts" id="a273ca04-9849-48d0-896b-d454bc7c4631">
      <Execution id="23893879-5e68-4455-955b-0f3caa3ca43d" />
      <TestMethod codeBase="d:\v2.0\a1\_work\dbded102\vso\tfs\service\webaccess\dashboards\testscripts\tests\tfstests.dashboards.control.dialogs.ts" adapterTypeName="Microsoft.VisualStudio.TestTools.TestTypes.Unit.UnitTestAdapter" className="d:\v2.0\a1\_work\dbded102\vso\tfs\service\webaccess\dashboards\testscripts\tests\tfstests.dashboards.control.dialogs.ts::tfstests.dashboards.control" name="TFSTests.Dashboards.Control.Dialogs Dashboards Manager - Reorder" />
    </UnitTest>
    <UnitTest name="TFSTests.Dashboards.Control.Dialogs Dashboards Manager - Rename" storage="d:\v2.0\a1\_work\dbded102\vso\tfs\service\webaccess\dashboards\testscripts\tests\tfstests.dashboards.control.dialogs.ts" id="1acb6985-909f-4d87-9cef-c8782870a541">
      <Execution id="9d9a7226-17fc-464d-8d7d-b150bc51adf2" />
      <TestMethod codeBase="d:\v2.0\a1\_work\dbded102\vso\tfs\service\webaccess\dashboards\testscripts\tests\tfstests.dashboards.control.dialogs.ts" adapterTypeName="Microsoft.VisualStudio.TestTools.TestTypes.Unit.UnitTestAdapter" className="d:\v2.0\a1\_work\dbded102\vso\tfs\service\webaccess\dashboards\testscripts\tests\tfstests.dashboards.control.dialogs.ts::tfstests.dashboards.control" name="TFSTests.Dashboards.Control.Dialogs Dashboards Manager - Rename" />
    </UnitTest>
    <UnitTest name="TFSTests.Dashboards.Control.Dialogs Dashboards Manager - Save" storage="d:\v2.0\a1\_work\dbded102\vso\tfs\service\webaccess\dashboards\testscripts\tests\tfstests.dashboards.control.dialogs.ts" id="ead8ec60-922d-42f6-a0c5-e4eb0067dc06">
      <Execution id="42b8bef9-5455-4cc8-bc86-12b35bace9b1" />
      <TestMethod codeBase="d:\v2.0\a1\_work\dbded102\vso\tfs\service\webaccess\dashboards\testscripts\tests\tfstests.dashboards.control.dialogs.ts" adapterTypeName="Microsoft.VisualStudio.TestTools.TestTypes.Unit.UnitTestAdapter" className="d:\v2.0\a1\_work\dbded102\vso\tfs\service\webaccess\dashboards\testscripts\tests\tfstests.dashboards.control.dialogs.ts::tfstests.dashboards.control" name="TFSTests.Dashboards.Control.Dialogs Dashboards Manager - Save" />
    </UnitTest>
    <UnitTest name="TFSTests.Dashboards.Control.Dialogs Add Widget Dialog - MultiSelect" storage="d:\v2.0\a1\_work\dbded102\vso\tfs\service\webaccess\dashboards\testscripts\tests\tfstests.dashboards.control.dialogs.ts" id="e9a5b8ee-27f2-4ec0-8e5a-31cc4447f3a0">
      <Execution id="33036497-8d0b-41fc-b247-c7a923f85333" />
      <TestMethod codeBase="d:\v2.0\a1\_work\dbded102\vso\tfs\service\webaccess\dashboards\testscripts\tests\tfstests.dashboards.control.dialogs.ts" adapterTypeName="Microsoft.VisualStudio.TestTools.TestTypes.Unit.UnitTestAdapter" className="d:\v2.0\a1\_work\dbded102\vso\tfs\service\webaccess\dashboards\testscripts\tests\tfstests.dashboards.control.dialogs.ts::tfstests.dashboards.control" name="TFSTests.Dashboards.Control.Dialogs Add Widget Dialog - MultiSelect" />
    </UnitTest>
    <UnitTest name="TFSTests.Dashboards.Control.Dialogs Dashboard Manager dialog - Enable delete icon" storage="d:\v2.0\a1\_work\dbded102\vso\tfs\service\webaccess\dashboards\testscripts\tests\tfstests.dashboards.control.dialogs.ts" id="375bdfba-e424-480d-ad15-1b0887a61e99">
      <Execution id="89950ae3-91f7-4835-b7b3-3dc41ed17ad9" />
      <TestMethod codeBase="d:\v2.0\a1\_work\dbded102\vso\tfs\service\webaccess\dashboards\testscripts\tests\tfstests.dashboards.control.dialogs.ts" adapterTypeName="Microsoft.VisualStudio.TestTools.TestTypes.Unit.UnitTestAdapter" className="d:\v2.0\a1\_work\dbded102\vso\tfs\service\webaccess\dashboards\testscripts\tests\tfstests.dashboards.control.dialogs.ts::tfstests.dashboards.control" name="TFSTests.Dashboards.Control.Dialogs Dashboard Manager dialog - Enable delete icon" />
    </UnitTest>
    <UnitTest name="TFSTests.Dashboards.Control.Dialogs Dashboard Manager dialog - disable delete icon" storage="d:\v2.0\a1\_work\dbded102\vso\tfs\service\webaccess\dashboards\testscripts\tests\tfstests.dashboards.control.dialogs.ts" id="cd12faa9-2a35-4075-bd5e-166e38ea2650">
      <Execution id="2dde3458-f8da-4992-8f9a-fdd78645438a" />
      <TestMethod codeBase="d:\v2.0\a1\_work\dbded102\vso\tfs\service\webaccess\dashboards\testscripts\tests\tfstests.dashboards.control.dialogs.ts" adapterTypeName="Microsoft.VisualStudio.TestTools.TestTypes.Unit.UnitTestAdapter" className="d:\v2.0\a1\_work\dbded102\vso\tfs\service\webaccess\dashboards\testscripts\tests\tfstests.dashboards.control.dialogs.ts::tfstests.dashboards.control" name="TFSTests.Dashboards.Control.Dialogs Dashboard Manager dialog - disable delete icon" />
    </UnitTest>
    <UnitTest name="TFSTests.Dashboards.Control.Dialogs Dashboard Manager dialog - hover behavior with multiple dashboard" storage="d:\v2.0\a1\_work\dbded102\vso\tfs\service\webaccess\dashboards\testscripts\tests\tfstests.dashboards.control.dialogs.ts" id="52cd2dd0-9198-4f4e-8298-bba6a3634e17">
      <Execution id="82286635-0f8a-470f-bbad-d5598d35a13f" />
      <TestMethod codeBase="d:\v2.0\a1\_work\dbded102\vso\tfs\service\webaccess\dashboards\testscripts\tests\tfstests.dashboards.control.dialogs.ts" adapterTypeName="Microsoft.VisualStudio.TestTools.TestTypes.Unit.UnitTestAdapter" className="d:\v2.0\a1\_work\dbded102\vso\tfs\service\webaccess\dashboards\testscripts\tests\tfstests.dashboards.control.dialogs.ts::tfstests.dashboards.control" name="TFSTests.Dashboards.Control.Dialogs Dashboard Manager dialog - hover behavior with multiple dashboard" />
    </UnitTest>
    <UnitTest name="TFSTests.Dashboards.Control.Dialogs Dashboard Manager dialog - focus behavior with multiple dashboard" storage="d:\v2.0\a1\_work\dbded102\vso\tfs\service\webaccess\dashboards\testscripts\tests\tfstests.dashboards.control.dialogs.ts" id="3cdfba9e-aab2-422d-b715-6068202867d2">
      <Execution id="2af23b7d-f835-4e41-b02b-a6dd02a28613" />
      <TestMethod codeBase="d:\v2.0\a1\_work\dbded102\vso\tfs\service\webaccess\dashboards\testscripts\tests\tfstests.dashboards.control.dialogs.ts" adapterTypeName="Microsoft.VisualStudio.TestTools.TestTypes.Unit.UnitTestAdapter" className="d:\v2.0\a1\_work\dbded102\vso\tfs\service\webaccess\dashboards\testscripts\tests\tfstests.dashboards.control.dialogs.ts::tfstests.dashboards.control" name="TFSTests.Dashboards.Control.Dialogs Dashboard Manager dialog - focus behavior with multiple dashboard" />
    </UnitTest>
    <UnitTest name="TFSTests.Dashboards.Control.Dialogs Dashboard Manager dialog - hover behavior with single dashboard" storage="d:\v2.0\a1\_work\dbded102\vso\tfs\service\webaccess\dashboards\testscripts\tests\tfstests.dashboards.control.dialogs.ts" id="40349dcd-0810-4a5c-8d4c-641af983e892">
      <Execution id="b44e3a11-d878-487c-95bf-27ac3ee018a5" />
      <TestMethod codeBase="d:\v2.0\a1\_work\dbded102\vso\tfs\service\webaccess\dashboards\testscripts\tests\tfstests.dashboards.control.dialogs.ts" adapterTypeName="Microsoft.VisualStudio.TestTools.TestTypes.Unit.UnitTestAdapter" className="d:\v2.0\a1\_work\dbded102\vso\tfs\service\webaccess\dashboards\testscripts\tests\tfstests.dashboards.control.dialogs.ts::tfstests.dashboards.control" name="TFSTests.Dashboards.Control.Dialogs Dashboard Manager dialog - hover behavior with single dashboard" />
    </UnitTest>
    <UnitTest name="TFSTests.Dashboards.Control.Dialogs Dashboard Manager dialog - focus behavior with single dashboard" storage="d:\v2.0\a1\_work\dbded102\vso\tfs\service\webaccess\dashboards\testscripts\tests\tfstests.dashboards.control.dialogs.ts" id="17417116-ae12-4b67-9d2d-8224c2bcb4c9">
      <Execution id="15a42587-e818-4608-8beb-707bb55e8cba" />
      <TestMethod codeBase="d:\v2.0\a1\_work\dbded102\vso\tfs\service\webaccess\dashboards\testscripts\tests\tfstests.dashboards.control.dialogs.ts" adapterTypeName="Microsoft.VisualStudio.TestTools.TestTypes.Unit.UnitTestAdapter" className="d:\v2.0\a1\_work\dbded102\vso\tfs\service\webaccess\dashboards\testscripts\tests\tfstests.dashboards.control.dialogs.ts::tfstests.dashboards.control" name="TFSTests.Dashboards.Control.Dialogs Dashboard Manager dialog - focus behavior with single dashboard" />
    </UnitTest>
    <UnitTest name="TFSTests.Dashboards.Control.Dialogs ColumnsListView - Usability with keyboard" storage="d:\v2.0\a1\_work\dbded102\vso\tfs\service\webaccess\dashboards\testscripts\tests\tfstests.dashboards.control.dialogs.ts" id="c50e34d4-4073-4df8-8aa9-6f0c33884a0c">
      <Execution id="3a31e4ef-3c27-4e9f-8923-254f45412fc4" />
      <TestMethod codeBase="d:\v2.0\a1\_work\dbded102\vso\tfs\service\webaccess\dashboards\testscripts\tests\tfstests.dashboards.control.dialogs.ts" adapterTypeName="Microsoft.VisualStudio.TestTools.TestTypes.Unit.UnitTestAdapter" className="d:\v2.0\a1\_work\dbded102\vso\tfs\service\webaccess\dashboards\testscripts\tests\tfstests.dashboards.control.dialogs.ts::tfstests.dashboards.control" name="TFSTests.Dashboards.Control.Dialogs ColumnsListView - Usability with keyboard" />
    </UnitTest>
    <UnitTest name="TFSTests.Dashboards.Control.Dialogs ColumnsListView - Tabbing behavior" storage="d:\v2.0\a1\_work\dbded102\vso\tfs\service\webaccess\dashboards\testscripts\tests\tfstests.dashboards.control.dialogs.ts" id="fdeb11c8-5897-4b03-8d90-b504527232dd">
      <Execution id="f4ca901b-c961-4eb0-948d-7f48a34598aa" />
      <TestMethod codeBase="d:\v2.0\a1\_work\dbded102\vso\tfs\service\webaccess\dashboards\testscripts\tests\tfstests.dashboards.control.dialogs.ts" adapterTypeName="Microsoft.VisualStudio.TestTools.TestTypes.Unit.UnitTestAdapter" className="d:\v2.0\a1\_work\dbded102\vso\tfs\service\webaccess\dashboards\testscripts\tests\tfstests.dashboards.control.dialogs.ts::tfstests.dashboards.control" name="TFSTests.Dashboards.Control.Dialogs ColumnsListView - Tabbing behavior" />
    </UnitTest>
    <UnitTest name="TFSTests.Dashboards.Control.Dialogs WidgetCatalogDialog - sortWidgets" storage="d:\v2.0\a1\_work\dbded102\vso\tfs\service\webaccess\dashboards\testscripts\tests\tfstests.dashboards.control.dialogs.ts" id="c0f953d4-bb4c-4de2-9a1a-026cf12d8991">
      <Execution id="e2697f27-1bcc-464b-9cf4-beeacf472bbf" />
      <TestMethod codeBase="d:\v2.0\a1\_work\dbded102\vso\tfs\service\webaccess\dashboards\testscripts\tests\tfstests.dashboards.control.dialogs.ts" adapterTypeName="Microsoft.VisualStudio.TestTools.TestTypes.Unit.UnitTestAdapter" className="d:\v2.0\a1\_work\dbded102\vso\tfs\service\webaccess\dashboards\testscripts\tests\tfstests.dashboards.control.dialogs.ts::tfstests.dashboards.control" name="TFSTests.Dashboards.Control.Dialogs WidgetCatalogDialog - sortWidgets" />
    </UnitTest>
    <UnitTest name="TFSTests.Dashboards.Control.Menus Widget Menu - setup" storage="d:\v2.0\a1\_work\dbded102\vso\tfs\service\webaccess\dashboards\testscripts\tests\tfstests.dashboards.control.menus.ts" id="7d9ac52b-efb0-415b-b388-7eb4b302f19f">
      <Execution id="6f19518e-4636-4c89-b0af-9a6e74f44691" />
      <TestMethod codeBase="d:\v2.0\a1\_work\dbded102\vso\tfs\service\webaccess\dashboards\testscripts\tests\tfstests.dashboards.control.menus.ts" adapterTypeName="Microsoft.VisualStudio.TestTools.TestTypes.Unit.UnitTestAdapter" className="d:\v2.0\a1\_work\dbded102\vso\tfs\service\webaccess\dashboards\testscripts\tests\tfstests.dashboards.control.menus.ts::tfstests.dashboards.control" name="TFSTests.Dashboards.Control.Menus Widget Menu - setup" />
    </UnitTest>
    <UnitTest name="TFSTests.Dashboards.Control.Menus Widget Menu - on hover behaviour" storage="d:\v2.0\a1\_work\dbded102\vso\tfs\service\webaccess\dashboards\testscripts\tests\tfstests.dashboards.control.menus.ts" id="4fb72764-02b6-4b62-b42f-cbf932447923">
      <Execution id="a385867f-4188-4272-9fb5-97af9cfb1cb8" />
      <TestMethod codeBase="d:\v2.0\a1\_work\dbded102\vso\tfs\service\webaccess\dashboards\testscripts\tests\tfstests.dashboards.control.menus.ts" adapterTypeName="Microsoft.VisualStudio.TestTools.TestTypes.Unit.UnitTestAdapter" className="d:\v2.0\a1\_work\dbded102\vso\tfs\service\webaccess\dashboards\testscripts\tests\tfstests.dashboards.control.menus.ts::tfstests.dashboards.control" name="TFSTests.Dashboards.Control.Menus Widget Menu - on hover behaviour" />
    </UnitTest>
    <UnitTest name="TFSTests.Dashboards.Control.Menus Widget Menu - on menu click behaviour" storage="d:\v2.0\a1\_work\dbded102\vso\tfs\service\webaccess\dashboards\testscripts\tests\tfstests.dashboards.control.menus.ts" id="e1035ad9-0c6c-4700-af3b-33473f235ea4">
      <Execution id="f96d8bd6-4b19-4698-900a-753d8858cfb2" />
      <TestMethod codeBase="d:\v2.0\a1\_work\dbded102\vso\tfs\service\webaccess\dashboards\testscripts\tests\tfstests.dashboards.control.menus.ts" adapterTypeName="Microsoft.VisualStudio.TestTools.TestTypes.Unit.UnitTestAdapter" className="d:\v2.0\a1\_work\dbded102\vso\tfs\service\webaccess\dashboards\testscripts\tests\tfstests.dashboards.control.menus.ts::tfstests.dashboards.control" name="TFSTests.Dashboards.Control.Menus Widget Menu - on menu click behaviour" />
    </UnitTest>
    <UnitTest name="TFSTests.Dashboards.Control.Menus Widget Menu - on sub menu click behaviour" storage="d:\v2.0\a1\_work\dbded102\vso\tfs\service\webaccess\dashboards\testscripts\tests\tfstests.dashboards.control.menus.ts" id="39e91a7b-bb6f-4423-ad75-b660b7bd9ffd">
      <Execution id="d6a22ddd-14bb-4b82-8df6-6a56b4a5d84a" />
      <TestMethod codeBase="d:\v2.0\a1\_work\dbded102\vso\tfs\service\webaccess\dashboards\testscripts\tests\tfstests.dashboards.control.menus.ts" adapterTypeName="Microsoft.VisualStudio.TestTools.TestTypes.Unit.UnitTestAdapter" className="d:\v2.0\a1\_work\dbded102\vso\tfs\service\webaccess\dashboards\testscripts\tests\tfstests.dashboards.control.menus.ts::tfstests.dashboards.control" name="TFSTests.Dashboards.Control.Menus Widget Menu - on sub menu click behaviour" />
    </UnitTest>
    <UnitTest name="TFSTests.Dashboards.Control.Menus Dashboard Notification - notificaiton behavior" storage="d:\v2.0\a1\_work\dbded102\vso\tfs\service\webaccess\dashboards\testscripts\tests\tfstests.dashboards.control.menus.ts" id="fac4c553-0e25-4a7e-b2ef-179e70911f48">
      <Execution id="d122ab85-bb56-494d-91b2-614acc37669c" />
      <TestMethod codeBase="d:\v2.0\a1\_work\dbded102\vso\tfs\service\webaccess\dashboards\testscripts\tests\tfstests.dashboards.control.menus.ts" adapterTypeName="Microsoft.VisualStudio.TestTools.TestTypes.Unit.UnitTestAdapter" className="d:\v2.0\a1\_work\dbded102\vso\tfs\service\webaccess\dashboards\testscripts\tests\tfstests.dashboards.control.menus.ts::tfstests.dashboards.control" name="TFSTests.Dashboards.Control.Menus Dashboard Notification - notificaiton behavior" />
    </UnitTest>
    <UnitTest name="TFSTests.Dashboards.Control.Menus Dashboard Notification - dismiss notification" storage="d:\v2.0\a1\_work\dbded102\vso\tfs\service\webaccess\dashboards\testscripts\tests\tfstests.dashboards.control.menus.ts" id="3ee2af83-9add-4dc5-b94e-ec1f738e0f4f">
      <Execution id="6b961306-7e59-49b7-a6c1-7546fe3d05ed" />
      <TestMethod codeBase="d:\v2.0\a1\_work\dbded102\vso\tfs\service\webaccess\dashboards\testscripts\tests\tfstests.dashboards.control.menus.ts" adapterTypeName="Microsoft.VisualStudio.TestTools.TestTypes.Unit.UnitTestAdapter" className="d:\v2.0\a1\_work\dbded102\vso\tfs\service\webaccess\dashboards\testscripts\tests\tfstests.dashboards.control.menus.ts::tfstests.dashboards.control" name="TFSTests.Dashboards.Control.Menus Dashboard Notification - dismiss notification" />
    </UnitTest>
    <UnitTest name="TFSTests.Dashboards.Notifications DashboardModalDialog - addMessageControl" storage="d:\v2.0\a1\_work\dbded102\vso\tfs\service\webaccess\dashboards\testscripts\tests\tfstests.dashboards.notifications.ts" id="69cc679f-2e6e-4a12-9ea6-1a6bdffcd379">
      <Execution id="e8173d59-043f-48c2-9332-9c278a472ba9" />
      <TestMethod codeBase="d:\v2.0\a1\_work\dbded102\vso\tfs\service\webaccess\dashboards\testscripts\tests\tfstests.dashboards.notifications.ts" adapterTypeName="Microsoft.VisualStudio.TestTools.TestTypes.Unit.UnitTestAdapter" className="d:\v2.0\a1\_work\dbded102\vso\tfs\service\webaccess\dashboards\testscripts\tests\tfstests.dashboards.notifications.ts::tfstests.dashboards" name="TFSTests.Dashboards.Notifications DashboardModalDialog - addMessageControl" />
    </UnitTest>
    <UnitTest name="TFSTests.Dashboards.Notifications DashboardModalDialog - displayMessage" storage="d:\v2.0\a1\_work\dbded102\vso\tfs\service\webaccess\dashboards\testscripts\tests\tfstests.dashboards.notifications.ts" id="c701e3a3-c2f1-472b-8ad0-390daa8b6c25">
      <Execution id="2ad918b4-fd85-4b59-9d1c-31168b4be7d2" />
      <TestMethod codeBase="d:\v2.0\a1\_work\dbded102\vso\tfs\service\webaccess\dashboards\testscripts\tests\tfstests.dashboards.notifications.ts" adapterTypeName="Microsoft.VisualStudio.TestTools.TestTypes.Unit.UnitTestAdapter" className="d:\v2.0\a1\_work\dbded102\vso\tfs\service\webaccess\dashboards\testscripts\tests\tfstests.dashboards.notifications.ts::tfstests.dashboards" name="TFSTests.Dashboards.Notifications DashboardModalDialog - displayMessage" />
    </UnitTest>
    <UnitTest name="TFSTests.Dashboards.Notifications DashboardModalDialog - dismiss message area" storage="d:\v2.0\a1\_work\dbded102\vso\tfs\service\webaccess\dashboards\testscripts\tests\tfstests.dashboards.notifications.ts" id="99ff224e-e279-4f70-94f6-4f69add25379">
      <Execution id="07a6e238-d38c-4ba4-a866-dd1a1d378ac1" />
      <TestMethod codeBase="d:\v2.0\a1\_work\dbded102\vso\tfs\service\webaccess\dashboards\testscripts\tests\tfstests.dashboards.notifications.ts" adapterTypeName="Microsoft.VisualStudio.TestTools.TestTypes.Unit.UnitTestAdapter" className="d:\v2.0\a1\_work\dbded102\vso\tfs\service\webaccess\dashboards\testscripts\tests\tfstests.dashboards.notifications.ts::tfstests.dashboards" name="TFSTests.Dashboards.Notifications DashboardModalDialog - dismiss message area" />
    </UnitTest>
    <UnitTest name="TFSTests.Dashboards.Pinning Dashboard Pinning - Pin Widget" storage="d:\v2.0\a1\_work\dbded102\vso\tfs\service\webaccess\dashboards\testscripts\tests\tfstests.dashboards.pinning.ts" id="4d382448-8e0e-4443-b4ba-aa3fc7123929">
      <Execution id="2f0fdd72-34fd-4e0f-9eee-73b8518ada53" />
      <TestMethod codeBase="d:\v2.0\a1\_work\dbded102\vso\tfs\service\webaccess\dashboards\testscripts\tests\tfstests.dashboards.pinning.ts" adapterTypeName="Microsoft.VisualStudio.TestTools.TestTypes.Unit.UnitTestAdapter" className="d:\v2.0\a1\_work\dbded102\vso\tfs\service\webaccess\dashboards\testscripts\tests\tfstests.dashboards.pinning.ts::tfstests.dashboards" name="TFSTests.Dashboards.Pinning Dashboard Pinning - Pin Widget" />
    </UnitTest>
    <UnitTest name="TFSTests.Dashboards.Pinning Dashboard Pinning - Pin Widget test callback" storage="d:\v2.0\a1\_work\dbded102\vso\tfs\service\webaccess\dashboards\testscripts\tests\tfstests.dashboards.pinning.ts" id="5c56a7b5-3bad-4e66-b885-75d6f7fbb44a">
      <Execution id="b8ffb288-f00e-4899-a5e1-719f9f7d5f71" />
      <TestMethod codeBase="d:\v2.0\a1\_work\dbded102\vso\tfs\service\webaccess\dashboards\testscripts\tests\tfstests.dashboards.pinning.ts" adapterTypeName="Microsoft.VisualStudio.TestTools.TestTypes.Unit.UnitTestAdapter" className="d:\v2.0\a1\_work\dbded102\vso\tfs\service\webaccess\dashboards\testscripts\tests\tfstests.dashboards.pinning.ts::tfstests.dashboards" name="TFSTests.Dashboards.Pinning Dashboard Pinning - Pin Widget test callback" />
    </UnitTest>
    <UnitTest name="TFSTests.Dashboards.Pinning Dashboard Pinning - Pin Widget with missing ProjectId" storage="d:\v2.0\a1\_work\dbded102\vso\tfs\service\webaccess\dashboards\testscripts\tests\tfstests.dashboards.pinning.ts" id="3ad0ee29-7f4a-4780-a2be-62f00060f9d7">
      <Execution id="9f9fa38c-2209-4a11-a1fd-618a747586ad" />
      <TestMethod codeBase="d:\v2.0\a1\_work\dbded102\vso\tfs\service\webaccess\dashboards\testscripts\tests\tfstests.dashboards.pinning.ts" adapterTypeName="Microsoft.VisualStudio.TestTools.TestTypes.Unit.UnitTestAdapter" className="d:\v2.0\a1\_work\dbded102\vso\tfs\service\webaccess\dashboards\testscripts\tests\tfstests.dashboards.pinning.ts::tfstests.dashboards" name="TFSTests.Dashboards.Pinning Dashboard Pinning - Pin Widget with missing ProjectId" />
    </UnitTest>
    <UnitTest name="TFSTests.Dashboards.Pinning Dashboard Pinning - Pin Widget with missing GroupId" storage="d:\v2.0\a1\_work\dbded102\vso\tfs\service\webaccess\dashboards\testscripts\tests\tfstests.dashboards.pinning.ts" id="c336b356-06eb-4c9a-a83e-4c1c834a5642">
      <Execution id="23299a0c-1037-4b2a-a760-6e4330c94de3" />
      <TestMethod codeBase="d:\v2.0\a1\_work\dbded102\vso\tfs\service\webaccess\dashboards\testscripts\tests\tfstests.dashboards.pinning.ts" adapterTypeName="Microsoft.VisualStudio.TestTools.TestTypes.Unit.UnitTestAdapter" className="d:\v2.0\a1\_work\dbded102\vso\tfs\service\webaccess\dashboards\testscripts\tests\tfstests.dashboards.pinning.ts::tfstests.dashboards" name="TFSTests.Dashboards.Pinning Dashboard Pinning - Pin Widget with missing GroupId" />
    </UnitTest>
    <UnitTest name="TFSTests.Dashboards.Pinning Dashboard Pinning - Pin Widget with missing DashboardId" storage="d:\v2.0\a1\_work\dbded102\vso\tfs\service\webaccess\dashboards\testscripts\tests\tfstests.dashboards.pinning.ts" id="34b31fd9-156f-47e8-bd7b-1c10a5e29e03">
      <Execution id="f56f3776-8dfa-457c-b92d-1de8385e36df" />
      <TestMethod codeBase="d:\v2.0\a1\_work\dbded102\vso\tfs\service\webaccess\dashboards\testscripts\tests\tfstests.dashboards.pinning.ts" adapterTypeName="Microsoft.VisualStudio.TestTools.TestTypes.Unit.UnitTestAdapter" className="d:\v2.0\a1\_work\dbded102\vso\tfs\service\webaccess\dashboards\testscripts\tests\tfstests.dashboards.pinning.ts::tfstests.dashboards" name="TFSTests.Dashboards.Pinning Dashboard Pinning - Pin Widget with missing DashboardId" />
    </UnitTest>
    <UnitTest name="TFSTests.Dashboards.Pinning Dashboard Pinning - Pin Widget with missing WidgetData" storage="d:\v2.0\a1\_work\dbded102\vso\tfs\service\webaccess\dashboards\testscripts\tests\tfstests.dashboards.pinning.ts" id="ff2db667-a5ff-4822-9927-2e735021e6ca">
      <Execution id="3d37ca5c-c95e-4b1c-83f7-5b1069b9ca62" />
      <TestMethod codeBase="d:\v2.0\a1\_work\dbded102\vso\tfs\service\webaccess\dashboards\testscripts\tests\tfstests.dashboards.pinning.ts" adapterTypeName="Microsoft.VisualStudio.TestTools.TestTypes.Unit.UnitTestAdapter" className="d:\v2.0\a1\_work\dbded102\vso\tfs\service\webaccess\dashboards\testscripts\tests\tfstests.dashboards.pinning.ts::tfstests.dashboards" name="TFSTests.Dashboards.Pinning Dashboard Pinning - Pin Widget with missing WidgetData" />
    </UnitTest>
    <UnitTest name="TFSTests.Dashboards.Pinning Dashboard Pinning - Create Sub MenuItem" storage="d:\v2.0\a1\_work\dbded102\vso\tfs\service\webaccess\dashboards\testscripts\tests\tfstests.dashboards.pinning.ts" id="c0804168-4686-434a-acb8-a64aad05838a">
      <Execution id="4445bb0f-cbc4-411a-974d-0b49932c73f7" />
      <TestMethod codeBase="d:\v2.0\a1\_work\dbded102\vso\tfs\service\webaccess\dashboards\testscripts\tests\tfstests.dashboards.pinning.ts" adapterTypeName="Microsoft.VisualStudio.TestTools.TestTypes.Unit.UnitTestAdapter" className="d:\v2.0\a1\_work\dbded102\vso\tfs\service\webaccess\dashboards\testscripts\tests\tfstests.dashboards.pinning.ts::tfstests.dashboards" name="TFSTests.Dashboards.Pinning Dashboard Pinning - Create Sub MenuItem" />
    </UnitTest>
    <UnitTest name="TFSTests.Dashboards.Pinning Dashboard Pinning - Create Menu Item Constructor" storage="d:\v2.0\a1\_work\dbded102\vso\tfs\service\webaccess\dashboards\testscripts\tests\tfstests.dashboards.pinning.ts" id="7100c462-41be-4db3-a6a2-b79718b1f543">
      <Execution id="1261ab7e-4c63-44e2-a34b-dd15b35eec2f" />
      <TestMethod codeBase="d:\v2.0\a1\_work\dbded102\vso\tfs\service\webaccess\dashboards\testscripts\tests\tfstests.dashboards.pinning.ts" adapterTypeName="Microsoft.VisualStudio.TestTools.TestTypes.Unit.UnitTestAdapter" className="d:\v2.0\a1\_work\dbded102\vso\tfs\service\webaccess\dashboards\testscripts\tests\tfstests.dashboards.pinning.ts::tfstests.dashboards" name="TFSTests.Dashboards.Pinning Dashboard Pinning - Create Menu Item Constructor" />
    </UnitTest>
    <UnitTest name="TFSTests.Dashboards.Telemetry Dashboard Telemetry extractErrorId() TF Error prefix Extraction" storage="d:\v2.0\a1\_work\dbded102\vso\tfs\service\webaccess\dashboards\testscripts\tests\tfstests.dashboards.telemetry.ts" id="d0e60b6a-8943-4a65-b3fe-8eca9957fb7f">
      <Execution id="22028dd6-b63a-4563-b0bb-dc311b68da2c" />
      <TestMethod codeBase="d:\v2.0\a1\_work\dbded102\vso\tfs\service\webaccess\dashboards\testscripts\tests\tfstests.dashboards.telemetry.ts" adapterTypeName="Microsoft.VisualStudio.TestTools.TestTypes.Unit.UnitTestAdapter" className="d:\v2.0\a1\_work\dbded102\vso\tfs\service\webaccess\dashboards\testscripts\tests\tfstests.dashboards.telemetry.ts::tfstests.dashboards" name="TFSTests.Dashboards.Telemetry Dashboard Telemetry extractErrorId() TF Error prefix Extraction" />
    </UnitTest>
    <UnitTest name="TFSTests.Dashboards.Telemetry Dashboard Telemetry extractErrorId() TF Error body Extraction" storage="d:\v2.0\a1\_work\dbded102\vso\tfs\service\webaccess\dashboards\testscripts\tests\tfstests.dashboards.telemetry.ts" id="96f6bc36-3587-4ab3-bb7e-533e0e336f81">
      <Execution id="d9adccd6-965f-4e96-b83c-3a15d02d3549" />
      <TestMethod codeBase="d:\v2.0\a1\_work\dbded102\vso\tfs\service\webaccess\dashboards\testscripts\tests\tfstests.dashboards.telemetry.ts" adapterTypeName="Microsoft.VisualStudio.TestTools.TestTypes.Unit.UnitTestAdapter" className="d:\v2.0\a1\_work\dbded102\vso\tfs\service\webaccess\dashboards\testscripts\tests\tfstests.dashboards.telemetry.ts::tfstests.dashboards" name="TFSTests.Dashboards.Telemetry Dashboard Telemetry extractErrorId() TF Error body Extraction" />
    </UnitTest>
    <UnitTest name="TFSTests.Dashboards.Telemetry Dashboard Telemetry extractErrorId() VS Error body Extraction" storage="d:\v2.0\a1\_work\dbded102\vso\tfs\service\webaccess\dashboards\testscripts\tests\tfstests.dashboards.telemetry.ts" id="d30fae33-ef1e-43c2-bfdd-632e90fdb7e8">
      <Execution id="a42912c9-621d-4992-a15e-49b179176d45" />
      <TestMethod codeBase="d:\v2.0\a1\_work\dbded102\vso\tfs\service\webaccess\dashboards\testscripts\tests\tfstests.dashboards.telemetry.ts" adapterTypeName="Microsoft.VisualStudio.TestTools.TestTypes.Unit.UnitTestAdapter" className="d:\v2.0\a1\_work\dbded102\vso\tfs\service\webaccess\dashboards\testscripts\tests\tfstests.dashboards.telemetry.ts::tfstests.dashboards" name="TFSTests.Dashboards.Telemetry Dashboard Telemetry extractErrorId() VS Error body Extraction" />
    </UnitTest>
    <UnitTest name="TFSTests.Dashboards.Telemetry Dashboard Telemetry extractErrorId VS Error body Extraction" storage="d:\v2.0\a1\_work\dbded102\vso\tfs\service\webaccess\dashboards\testscripts\tests\tfstests.dashboards.telemetry.ts" id="50f5758c-b697-4217-9754-b1aba56b09ca">
      <Execution id="9db89715-2e14-4256-9e66-e8a5319ecb54" />
      <TestMethod codeBase="d:\v2.0\a1\_work\dbded102\vso\tfs\service\webaccess\dashboards\testscripts\tests\tfstests.dashboards.telemetry.ts" adapterTypeName="Microsoft.VisualStudio.TestTools.TestTypes.Unit.UnitTestAdapter" className="d:\v2.0\a1\_work\dbded102\vso\tfs\service\webaccess\dashboards\testscripts\tests\tfstests.dashboards.telemetry.ts::tfstests.dashboards" name="TFSTests.Dashboards.Telemetry Dashboard Telemetry extractErrorId VS Error body Extraction" />
    </UnitTest>
    <UnitTest name="TFSTests.Dashboards.Telemetry Dashboard Telemetry extractErrorId() VS &gt; TF " storage="d:\v2.0\a1\_work\dbded102\vso\tfs\service\webaccess\dashboards\testscripts\tests\tfstests.dashboards.telemetry.ts" id="8d8e1219-2ad1-4d9a-a6c5-acddc07f953b">
      <Execution id="07ad9368-3bc8-4b98-b52a-0c564e55b758" />
      <TestMethod codeBase="d:\v2.0\a1\_work\dbded102\vso\tfs\service\webaccess\dashboards\testscripts\tests\tfstests.dashboards.telemetry.ts" adapterTypeName="Microsoft.VisualStudio.TestTools.TestTypes.Unit.UnitTestAdapter" className="d:\v2.0\a1\_work\dbded102\vso\tfs\service\webaccess\dashboards\testscripts\tests\tfstests.dashboards.telemetry.ts::tfstests.dashboards" name="TFSTests.Dashboards.Telemetry Dashboard Telemetry extractErrorId() VS &gt; TF " />
    </UnitTest>
    <UnitTest name="TFSTests.Dashboards.Telemetry Dashboard Telemetry publish() core Properties" storage="d:\v2.0\a1\_work\dbded102\vso\tfs\service\webaccess\dashboards\testscripts\tests\tfstests.dashboards.telemetry.ts" id="88e3a90b-676e-45f9-a608-a912b61650e1">
      <Execution id="d88576f7-c7d4-4110-a560-ddba72ea51c9" />
      <TestMethod codeBase="d:\v2.0\a1\_work\dbded102\vso\tfs\service\webaccess\dashboards\testscripts\tests\tfstests.dashboards.telemetry.ts" adapterTypeName="Microsoft.VisualStudio.TestTools.TestTypes.Unit.UnitTestAdapter" className="d:\v2.0\a1\_work\dbded102\vso\tfs\service\webaccess\dashboards\testscripts\tests\tfstests.dashboards.telemetry.ts::tfstests.dashboards" name="TFSTests.Dashboards.Telemetry Dashboard Telemetry publish() core Properties" />
    </UnitTest>
    <UnitTest name="TFSTests.Dashboards.WidgetTests WidgetSizeConverter - Width" storage="d:\v2.0\a1\_work\dbded102\vso\tfs\service\webaccess\dashboards\testscripts\tests\tfstests.dashboards.widget.ts" id="6cf9cebe-e840-45c1-bcd7-ea5dbe3e9db9">
      <Execution id="cca71e39-d9cf-4355-9966-2fd0174cc294" />
      <TestMethod codeBase="d:\v2.0\a1\_work\dbded102\vso\tfs\service\webaccess\dashboards\testscripts\tests\tfstests.dashboards.widget.ts" adapterTypeName="Microsoft.VisualStudio.TestTools.TestTypes.Unit.UnitTestAdapter" className="d:\v2.0\a1\_work\dbded102\vso\tfs\service\webaccess\dashboards\testscripts\tests\tfstests.dashboards.widget.ts::tfstests.dashboards" name="TFSTests.Dashboards.WidgetTests WidgetSizeConverter - Width" />
    </UnitTest>
    <UnitTest name="TFSTests.Dashboards.WidgetTests WidgetSizeConverter - Height" storage="d:\v2.0\a1\_work\dbded102\vso\tfs\service\webaccess\dashboards\testscripts\tests\tfstests.dashboards.widget.ts" id="4246f868-81dd-4e16-98b6-a028209a70e9">
      <Execution id="99444fe5-65f6-4c55-9e19-d6d7d3f4e80f" />
      <TestMethod codeBase="d:\v2.0\a1\_work\dbded102\vso\tfs\service\webaccess\dashboards\testscripts\tests\tfstests.dashboards.widget.ts" adapterTypeName="Microsoft.VisualStudio.TestTools.TestTypes.Unit.UnitTestAdapter" className="d:\v2.0\a1\_work\dbded102\vso\tfs\service\webaccess\dashboards\testscripts\tests\tfstests.dashboards.widget.ts::tfstests.dashboards" name="TFSTests.Dashboards.WidgetTests WidgetSizeConverter - Height" />
    </UnitTest>
    <UnitTest name="TFSTests.Dashboards.WidgetTests WidgetSizeConverter - getWidgetWidth" storage="d:\v2.0\a1\_work\dbded102\vso\tfs\service\webaccess\dashboards\testscripts\tests\tfstests.dashboards.widget.ts" id="159ce734-1ddb-417c-9223-4669bcd6ad1d">
      <Execution id="38a86394-a040-438a-adb3-be1e3885892a" />
      <TestMethod codeBase="d:\v2.0\a1\_work\dbded102\vso\tfs\service\webaccess\dashboards\testscripts\tests\tfstests.dashboards.widget.ts" adapterTypeName="Microsoft.VisualStudio.TestTools.TestTypes.Unit.UnitTestAdapter" className="d:\v2.0\a1\_work\dbded102\vso\tfs\service\webaccess\dashboards\testscripts\tests\tfstests.dashboards.widget.ts::tfstests.dashboards" name="TFSTests.Dashboards.WidgetTests WidgetSizeConverter - getWidgetWidth" />
    </UnitTest>
    <UnitTest name="TFSTests.Dashboards.WidgetTests WidgetSizeConverter - getWidgetHeight" storage="d:\v2.0\a1\_work\dbded102\vso\tfs\service\webaccess\dashboards\testscripts\tests\tfstests.dashboards.widget.ts" id="879db749-1698-44de-bb46-37e5bbf826cb">
      <Execution id="11b4f6a8-df9b-4056-8db3-1b5a6332c9cd" />
      <TestMethod codeBase="d:\v2.0\a1\_work\dbded102\vso\tfs\service\webaccess\dashboards\testscripts\tests\tfstests.dashboards.widget.ts" adapterTypeName="Microsoft.VisualStudio.TestTools.TestTypes.Unit.UnitTestAdapter" className="d:\v2.0\a1\_work\dbded102\vso\tfs\service\webaccess\dashboards\testscripts\tests\tfstests.dashboards.widget.ts::tfstests.dashboards" name="TFSTests.Dashboards.WidgetTests WidgetSizeConverter - getWidgetHeight" />
    </UnitTest>
    <UnitTest name="TFSTests.Dashboards.WidgetTests WidgetSizeConverter - getWidgetMarginWidth" storage="d:\v2.0\a1\_work\dbded102\vso\tfs\service\webaccess\dashboards\testscripts\tests\tfstests.dashboards.widget.ts" id="d4ea995e-61af-4fbe-a531-fc6a19744fd4">
      <Execution id="a04b03b2-0e8b-433a-ac55-afc0206a8b85" />
      <TestMethod codeBase="d:\v2.0\a1\_work\dbded102\vso\tfs\service\webaccess\dashboards\testscripts\tests\tfstests.dashboards.widget.ts" adapterTypeName="Microsoft.VisualStudio.TestTools.TestTypes.Unit.UnitTestAdapter" className="d:\v2.0\a1\_work\dbded102\vso\tfs\service\webaccess\dashboards\testscripts\tests\tfstests.dashboards.widget.ts::tfstests.dashboards" name="TFSTests.Dashboards.WidgetTests WidgetSizeConverter - getWidgetMarginWidth" />
    </UnitTest>
    <UnitTest name="TFSTests.Dashboards.WidgetTests WidgetSizeConverter - getWidgetMarginHeight" storage="d:\v2.0\a1\_work\dbded102\vso\tfs\service\webaccess\dashboards\testscripts\tests\tfstests.dashboards.widget.ts" id="2dd48cc8-c361-452d-91d6-9182c5585907">
      <Execution id="3c94003d-7068-41df-bcb9-b11052eece78" />
      <TestMethod codeBase="d:\v2.0\a1\_work\dbded102\vso\tfs\service\webaccess\dashboards\testscripts\tests\tfstests.dashboards.widget.ts" adapterTypeName="Microsoft.VisualStudio.TestTools.TestTypes.Unit.UnitTestAdapter" className="d:\v2.0\a1\_work\dbded102\vso\tfs\service\webaccess\dashboards\testscripts\tests\tfstests.dashboards.widget.ts::tfstests.dashboards" name="TFSTests.Dashboards.WidgetTests WidgetSizeConverter - getWidgetMarginHeight" />
    </UnitTest>
    <UnitTest name="TFSTests.Dashboards.WidgetTests WidgetContext - getSize" storage="d:\v2.0\a1\_work\dbded102\vso\tfs\service\webaccess\dashboards\testscripts\tests\tfstests.dashboards.widget.ts" id="d1d60f96-9eba-4547-9bed-a75d9b42b1a1">
      <Execution id="52ccb162-0a82-4d4f-a421-b7e7e2d6620b" />
      <TestMethod codeBase="d:\v2.0\a1\_work\dbded102\vso\tfs\service\webaccess\dashboards\testscripts\tests\tfstests.dashboards.widget.ts" adapterTypeName="Microsoft.VisualStudio.TestTools.TestTypes.Unit.UnitTestAdapter" className="d:\v2.0\a1\_work\dbded102\vso\tfs\service\webaccess\dashboards\testscripts\tests\tfstests.dashboards.widget.ts::tfstests.dashboards" name="TFSTests.Dashboards.WidgetTests WidgetContext - getSize" />
    </UnitTest>
    <UnitTest name="TFSTests.Dashboards.WidgetConfigurationHostTests WidgetConfigurationHost- HappyPath" storage="d:\v2.0\a1\_work\dbded102\vso\tfs\service\webaccess\dashboards\testscripts\tests\tfstests.dashboards.widgetconfigurationhost.ts" id="79782563-d472-4797-945b-6bae6c87e9fb">
      <Execution id="9a465230-6ba9-4be4-b3e4-9c59b6a4a9bd" />
      <TestMethod codeBase="d:\v2.0\a1\_work\dbded102\vso\tfs\service\webaccess\dashboards\testscripts\tests\tfstests.dashboards.widgetconfigurationhost.ts" adapterTypeName="Microsoft.VisualStudio.TestTools.TestTypes.Unit.UnitTestAdapter" className="d:\v2.0\a1\_work\dbded102\vso\tfs\service\webaccess\dashboards\testscripts\tests\tfstests.dashboards.widgetconfigurationhost.ts::tfstests.dashboards" name="TFSTests.Dashboards.WidgetConfigurationHostTests WidgetConfigurationHost- HappyPath" />
    </UnitTest>
    <UnitTest name="TFSTests.Dashboards.WidgetConfigurationHostTests WidgetConfigurationHost- Widget Creation Exception -&gt; Fail" storage="d:\v2.0\a1\_work\dbded102\vso\tfs\service\webaccess\dashboards\testscripts\tests\tfstests.dashboards.widgetconfigurationhost.ts" id="c2b7ecdd-b755-416f-9462-0fbba99afaa0">
      <Execution id="5a16916c-c07e-41bc-9913-2111f49e9bc7" />
      <TestMethod codeBase="d:\v2.0\a1\_work\dbded102\vso\tfs\service\webaccess\dashboards\testscripts\tests\tfstests.dashboards.widgetconfigurationhost.ts" adapterTypeName="Microsoft.VisualStudio.TestTools.TestTypes.Unit.UnitTestAdapter" className="d:\v2.0\a1\_work\dbded102\vso\tfs\service\webaccess\dashboards\testscripts\tests\tfstests.dashboards.widgetconfigurationhost.ts::tfstests.dashboards" name="TFSTests.Dashboards.WidgetConfigurationHostTests WidgetConfigurationHost- Widget Creation Exception -&gt; Fail" />
    </UnitTest>
    <UnitTest name="TFSTests.Dashboards.WidgetHostTests WidgetHost- HappyPath" storage="d:\v2.0\a1\_work\dbded102\vso\tfs\service\webaccess\dashboards\testscripts\tests\tfstests.dashboards.widgethost.ts" id="09909520-ad06-481b-aeb7-5b38b24df502">
      <Execution id="ff296516-4d93-42f5-9a2e-379127a67e1f" />
      <TestMethod codeBase="d:\v2.0\a1\_work\dbded102\vso\tfs\service\webaccess\dashboards\testscripts\tests\tfstests.dashboards.widgethost.ts" adapterTypeName="Microsoft.VisualStudio.TestTools.TestTypes.Unit.UnitTestAdapter" className="d:\v2.0\a1\_work\dbded102\vso\tfs\service\webaccess\dashboards\testscripts\tests\tfstests.dashboards.widgethost.ts::tfstests.dashboards" name="TFSTests.Dashboards.WidgetHostTests WidgetHost- HappyPath" />
    </UnitTest>
    <UnitTest name="TFSTests.Dashboards.WidgetHostTests WidgetHost- Widget Creation Exception -&gt; Fail" storage="d:\v2.0\a1\_work\dbded102\vso\tfs\service\webaccess\dashboards\testscripts\tests\tfstests.dashboards.widgethost.ts" id="5845c3fc-f10d-4410-a651-3e738cc5131f">
      <Execution id="2695c781-24a6-448d-a6d6-e0f6a79404b7" />
      <TestMethod codeBase="d:\v2.0\a1\_work\dbded102\vso\tfs\service\webaccess\dashboards\testscripts\tests\tfstests.dashboards.widgethost.ts" adapterTypeName="Microsoft.VisualStudio.TestTools.TestTypes.Unit.UnitTestAdapter" className="d:\v2.0\a1\_work\dbded102\vso\tfs\service\webaccess\dashboards\testscripts\tests\tfstests.dashboards.widgethost.ts::tfstests.dashboards" name="TFSTests.Dashboards.WidgetHostTests WidgetHost- Widget Creation Exception -&gt; Fail" />
    </UnitTest>
    <UnitTest name="TFSTests.Dashboards.WidgetHostTests WidgetHost- Sync failure is logged." storage="d:\v2.0\a1\_work\dbded102\vso\tfs\service\webaccess\dashboards\testscripts\tests\tfstests.dashboards.widgethost.ts" id="facd0b03-c51c-48b9-9edc-9e17cf224d6f">
      <Execution id="f5c9f05c-b80e-44c8-b872-57bd58d35a16" />
      <TestMethod codeBase="d:\v2.0\a1\_work\dbded102\vso\tfs\service\webaccess\dashboards\testscripts\tests\tfstests.dashboards.widgethost.ts" adapterTypeName="Microsoft.VisualStudio.TestTools.TestTypes.Unit.UnitTestAdapter" className="d:\v2.0\a1\_work\dbded102\vso\tfs\service\webaccess\dashboards\testscripts\tests\tfstests.dashboards.widgethost.ts::tfstests.dashboards.widgethosttests::widgethost- sync failure is logged" name="TFSTests.Dashboards.WidgetHostTests WidgetHost- Sync failure is logged." />
    </UnitTest>
    <UnitTest name="TFSTests.Dashboards.WidgetHostTests WidgetHost- Check synchronous success path " storage="d:\v2.0\a1\_work\dbded102\vso\tfs\service\webaccess\dashboards\testscripts\tests\tfstests.dashboards.widgethost.ts" id="1509bc57-f0ce-4e44-92cb-1885687bf1e9">
      <Execution id="cc949fae-6f1a-41da-a369-b329c12a010a" />
      <TestMethod codeBase="d:\v2.0\a1\_work\dbded102\vso\tfs\service\webaccess\dashboards\testscripts\tests\tfstests.dashboards.widgethost.ts" adapterTypeName="Microsoft.VisualStudio.TestTools.TestTypes.Unit.UnitTestAdapter" className="d:\v2.0\a1\_work\dbded102\vso\tfs\service\webaccess\dashboards\testscripts\tests\tfstests.dashboards.widgethost.ts::tfstests.dashboards" name="TFSTests.Dashboards.WidgetHostTests WidgetHost- Check synchronous success path " />
    </UnitTest>
    <UnitTest name="TFSTests.Dashboards.WidgetHostTests WidgetHost- Honor delayed Fail" storage="d:\v2.0\a1\_work\dbded102\vso\tfs\service\webaccess\dashboards\testscripts\tests\tfstests.dashboards.widgethost.ts" id="11a8e003-d82a-4add-96b5-677e48aabb16">
      <Execution id="d83a77cf-98b2-4482-a561-c8ff3d1c8058" />
      <TestMethod codeBase="d:\v2.0\a1\_work\dbded102\vso\tfs\service\webaccess\dashboards\testscripts\tests\tfstests.dashboards.widgethost.ts" adapterTypeName="Microsoft.VisualStudio.TestTools.TestTypes.Unit.UnitTestAdapter" className="d:\v2.0\a1\_work\dbded102\vso\tfs\service\webaccess\dashboards\testscripts\tests\tfstests.dashboards.widgethost.ts::tfstests.dashboards" name="TFSTests.Dashboards.WidgetHostTests WidgetHost- Honor delayed Fail" />
    </UnitTest>
    <UnitTest name="TFSTests.Dashboards.WidgetHostTests WidgetHost- Honor delayed Success" storage="d:\v2.0\a1\_work\dbded102\vso\tfs\service\webaccess\dashboards\testscripts\tests\tfstests.dashboards.widgethost.ts" id="e8853677-4a81-4016-ae69-36666c1afbc4">
      <Execution id="f07c80c4-6107-4bf7-8960-3174bbf024d6" />
      <TestMethod codeBase="d:\v2.0\a1\_work\dbded102\vso\tfs\service\webaccess\dashboards\testscripts\tests\tfstests.dashboards.widgethost.ts" adapterTypeName="Microsoft.VisualStudio.TestTools.TestTypes.Unit.UnitTestAdapter" className="d:\v2.0\a1\_work\dbded102\vso\tfs\service\webaccess\dashboards\testscripts\tests\tfstests.dashboards.widgethost.ts::tfstests.dashboards" name="TFSTests.Dashboards.WidgetHostTests WidgetHost- Honor delayed Success" />
    </UnitTest>
    <UnitTest name="TFSTests.Dashboards.WidgetHostTests WidgetHost- Slow loading experience" storage="d:\v2.0\a1\_work\dbded102\vso\tfs\service\webaccess\dashboards\testscripts\tests\tfstests.dashboards.widgethost.ts" id="8b613198-b10a-4d2a-88b1-03ada42e2965">
      <Execution id="c80c18b8-e148-4fae-bd8d-537cc9cf8369" />
      <TestMethod codeBase="d:\v2.0\a1\_work\dbded102\vso\tfs\service\webaccess\dashboards\testscripts\tests\tfstests.dashboards.widgethost.ts" adapterTypeName="Microsoft.VisualStudio.TestTools.TestTypes.Unit.UnitTestAdapter" className="d:\v2.0\a1\_work\dbded102\vso\tfs\service\webaccess\dashboards\testscripts\tests\tfstests.dashboards.widgethost.ts::tfstests.dashboards" name="TFSTests.Dashboards.WidgetHostTests WidgetHost- Slow loading experience" />
    </UnitTest>
    <UnitTest name="TFSTests.Dashboards.WidgetHostTests WidgetHost- Fast loading experience" storage="d:\v2.0\a1\_work\dbded102\vso\tfs\service\webaccess\dashboards\testscripts\tests\tfstests.dashboards.widgethost.ts" id="a67ba29e-b54c-4e42-998d-44f8db8962ec">
      <Execution id="56ba069f-c0f9-472b-9c02-2a68bd747eac" />
      <TestMethod codeBase="d:\v2.0\a1\_work\dbded102\vso\tfs\service\webaccess\dashboards\testscripts\tests\tfstests.dashboards.widgethost.ts" adapterTypeName="Microsoft.VisualStudio.TestTools.TestTypes.Unit.UnitTestAdapter" className="d:\v2.0\a1\_work\dbded102\vso\tfs\service\webaccess\dashboards\testscripts\tests\tfstests.dashboards.widgethost.ts::tfstests.dashboards" name="TFSTests.Dashboards.WidgetHostTests WidgetHost- Fast loading experience" />
    </UnitTest>
    <UnitTest name="TFSTests.Dashboards.WidgetHostTests WidgetHost- check to make sure loading timeout error fire" storage="d:\v2.0\a1\_work\dbded102\vso\tfs\service\webaccess\dashboards\testscripts\tests\tfstests.dashboards.widgethost.ts" id="5952e883-f817-4645-b500-acd756321165">
      <Execution id="8dbc9a4f-c959-4390-bffc-713a7aafb436" />
      <TestMethod codeBase="d:\v2.0\a1\_work\dbded102\vso\tfs\service\webaccess\dashboards\testscripts\tests\tfstests.dashboards.widgethost.ts" adapterTypeName="Microsoft.VisualStudio.TestTools.TestTypes.Unit.UnitTestAdapter" className="d:\v2.0\a1\_work\dbded102\vso\tfs\service\webaccess\dashboards\testscripts\tests\tfstests.dashboards.widgethost.ts::tfstests.dashboards" name="TFSTests.Dashboards.WidgetHostTests WidgetHost- check to make sure loading timeout error fire" />
    </UnitTest>
    <UnitTest name="TFSTests.Dashboards.WidgetHostTests WidgetHost- resizeWidget sets correct dimensions on element" storage="d:\v2.0\a1\_work\dbded102\vso\tfs\service\webaccess\dashboards\testscripts\tests\tfstests.dashboards.widgethost.ts" id="a1cc857f-6cfe-4fa0-a80e-897d2a720b9b">
      <Execution id="43d1a17c-249f-4cbb-beb1-19b365b0887e" />
      <TestMethod codeBase="d:\v2.0\a1\_work\dbded102\vso\tfs\service\webaccess\dashboards\testscripts\tests\tfstests.dashboards.widgethost.ts" adapterTypeName="Microsoft.VisualStudio.TestTools.TestTypes.Unit.UnitTestAdapter" className="d:\v2.0\a1\_work\dbded102\vso\tfs\service\webaccess\dashboards\testscripts\tests\tfstests.dashboards.widgethost.ts::tfstests.dashboards" name="TFSTests.Dashboards.WidgetHostTests WidgetHost- resizeWidget sets correct dimensions on element" />
    </UnitTest>
    <UnitTest name="TFSTests.Dashboards.WidgetHostTests notifyLoadFailed - string input" storage="d:\v2.0\a1\_work\dbded102\vso\tfs\service\webaccess\dashboards\testscripts\tests\tfstests.dashboards.widgethost.ts" id="8ead8e69-55bf-40b7-86dc-7d28715d7510">
      <Execution id="0b00d0e5-4b2e-4c23-8913-46d4f0b1c2ba" />
      <TestMethod codeBase="d:\v2.0\a1\_work\dbded102\vso\tfs\service\webaccess\dashboards\testscripts\tests\tfstests.dashboards.widgethost.ts" adapterTypeName="Microsoft.VisualStudio.TestTools.TestTypes.Unit.UnitTestAdapter" className="d:\v2.0\a1\_work\dbded102\vso\tfs\service\webaccess\dashboards\testscripts\tests\tfstests.dashboards.widgethost.ts::tfstests.dashboards" name="TFSTests.Dashboards.WidgetHostTests notifyLoadFailed - string input" />
    </UnitTest>
    <UnitTest name="TFSTests.Dashboards.WidgetHostTests notifyLoadFailed - json input with message" storage="d:\v2.0\a1\_work\dbded102\vso\tfs\service\webaccess\dashboards\testscripts\tests\tfstests.dashboards.widgethost.ts" id="717be625-4804-4cdd-8bd6-e5d195af0d0d">
      <Execution id="b05bedc8-ceff-4e15-93a1-6f6b3d68ea6b" />
      <TestMethod codeBase="d:\v2.0\a1\_work\dbded102\vso\tfs\service\webaccess\dashboards\testscripts\tests\tfstests.dashboards.widgethost.ts" adapterTypeName="Microsoft.VisualStudio.TestTools.TestTypes.Unit.UnitTestAdapter" className="d:\v2.0\a1\_work\dbded102\vso\tfs\service\webaccess\dashboards\testscripts\tests\tfstests.dashboards.widgethost.ts::tfstests.dashboards" name="TFSTests.Dashboards.WidgetHostTests notifyLoadFailed - json input with message" />
    </UnitTest>
    <UnitTest name="TFSTests.Dashboards.WidgetHostTests notifyLoadFailed - json input with responseText but no message" storage="d:\v2.0\a1\_work\dbded102\vso\tfs\service\webaccess\dashboards\testscripts\tests\tfstests.dashboards.widgethost.ts" id="9b367d16-11fa-42f1-a66f-29303adf639b">
      <Execution id="d63b84c0-7779-44a6-abd7-0e1381f935c2" />
      <TestMethod codeBase="d:\v2.0\a1\_work\dbded102\vso\tfs\service\webaccess\dashboards\testscripts\tests\tfstests.dashboards.widgethost.ts" adapterTypeName="Microsoft.VisualStudio.TestTools.TestTypes.Unit.UnitTestAdapter" className="d:\v2.0\a1\_work\dbded102\vso\tfs\service\webaccess\dashboards\testscripts\tests\tfstests.dashboards.widgethost.ts::tfstests.dashboards" name="TFSTests.Dashboards.WidgetHostTests notifyLoadFailed - json input with responseText but no message" />
    </UnitTest>
    <UnitTest name="TFSTests.Dashboards.WidgetHostTests notifyLoadFailed - json input with no responseText and no message" storage="d:\v2.0\a1\_work\dbded102\vso\tfs\service\webaccess\dashboards\testscripts\tests\tfstests.dashboards.widgethost.ts" id="5d0a392f-7063-4eeb-bffd-e9477e3dc3b8">
      <Execution id="c0710d9b-17d4-475b-ba18-85838270b363" />
      <TestMethod codeBase="d:\v2.0\a1\_work\dbded102\vso\tfs\service\webaccess\dashboards\testscripts\tests\tfstests.dashboards.widgethost.ts" adapterTypeName="Microsoft.VisualStudio.TestTools.TestTypes.Unit.UnitTestAdapter" className="d:\v2.0\a1\_work\dbded102\vso\tfs\service\webaccess\dashboards\testscripts\tests\tfstests.dashboards.widgethost.ts::tfstests.dashboards" name="TFSTests.Dashboards.WidgetHostTests notifyLoadFailed - json input with no responseText and no message" />
    </UnitTest>
    <UnitTest name="TFSTests.Dashboards.WidgetHostTests WidgetHost- _sizeWidgetForPreview sets correct dimensions on element" storage="d:\v2.0\a1\_work\dbded102\vso\tfs\service\webaccess\dashboards\testscripts\tests\tfstests.dashboards.widgethost.ts" id="ec71545f-cb2a-4d4e-a092-5c73af184657">
      <Execution id="ddd1f47a-75ac-4efd-abf7-760e5b9c4bfc" />
      <TestMethod codeBase="d:\v2.0\a1\_work\dbded102\vso\tfs\service\webaccess\dashboards\testscripts\tests\tfstests.dashboards.widgethost.ts" adapterTypeName="Microsoft.VisualStudio.TestTools.TestTypes.Unit.UnitTestAdapter" className="d:\v2.0\a1\_work\dbded102\vso\tfs\service\webaccess\dashboards\testscripts\tests\tfstests.dashboards.widgethost.ts::tfstests.dashboards" name="TFSTests.Dashboards.WidgetHostTests WidgetHost- _sizeWidgetForPreview sets correct dimensions on element" />
    </UnitTest>
    <UnitTest name="TFSTests.Dashboards.WidgetHostTests WidgetHost- initialize calls creation / setup methods" storage="d:\v2.0\a1\_work\dbded102\vso\tfs\service\webaccess\dashboards\testscripts\tests\tfstests.dashboards.widgethost.ts" id="9cec5fce-43e7-4633-90fd-74ad4cf1d10d">
      <Execution id="c02c1e67-fb20-4bce-a111-3191374a75e9" />
      <TestMethod codeBase="d:\v2.0\a1\_work\dbded102\vso\tfs\service\webaccess\dashboards\testscripts\tests\tfstests.dashboards.widgethost.ts" adapterTypeName="Microsoft.VisualStudio.TestTools.TestTypes.Unit.UnitTestAdapter" className="d:\v2.0\a1\_work\dbded102\vso\tfs\service\webaccess\dashboards\testscripts\tests\tfstests.dashboards.widgethost.ts::tfstests.dashboards" name="TFSTests.Dashboards.WidgetHostTests WidgetHost- initialize calls creation / setup methods" />
    </UnitTest>
    <UnitTest name="TFSTests.Dashboards.WidgetHostTests WidgetHost- _setInitialWidgetSize sets preview size when _isPreviewHost is set to true" storage="d:\v2.0\a1\_work\dbded102\vso\tfs\service\webaccess\dashboards\testscripts\tests\tfstests.dashboards.widgethost.ts" id="e9d4e544-8159-4b59-b113-21f84a87f9f1">
      <Execution id="35297a01-79a4-4ff7-9781-afa98d4bcd01" />
      <TestMethod codeBase="d:\v2.0\a1\_work\dbded102\vso\tfs\service\webaccess\dashboards\testscripts\tests\tfstests.dashboards.widgethost.ts" adapterTypeName="Microsoft.VisualStudio.TestTools.TestTypes.Unit.UnitTestAdapter" className="d:\v2.0\a1\_work\dbded102\vso\tfs\service\webaccess\dashboards\testscripts\tests\tfstests.dashboards.widgethost.ts::tfstests.dashboards" name="TFSTests.Dashboards.WidgetHostTests WidgetHost- _setInitialWidgetSize sets preview size when _isPreviewHost is set to true" />
    </UnitTest>
    <UnitTest name="TFSTests.Dashboards.WidgetHostTests WidgetHost- _createWidget calls showUnhandledLoadException when error thrown during widget creation" storage="d:\v2.0\a1\_work\dbded102\vso\tfs\service\webaccess\dashboards\testscripts\tests\tfstests.dashboards.widgethost.ts" id="8dad2011-8052-4d81-9b73-95ab8a928fcd">
      <Execution id="af28d198-22d3-4dc4-b6f7-a42c0153f315" />
      <TestMethod codeBase="d:\v2.0\a1\_work\dbded102\vso\tfs\service\webaccess\dashboards\testscripts\tests\tfstests.dashboards.widgethost.ts" adapterTypeName="Microsoft.VisualStudio.TestTools.TestTypes.Unit.UnitTestAdapter" className="d:\v2.0\a1\_work\dbded102\vso\tfs\service\webaccess\dashboards\testscripts\tests\tfstests.dashboards.widgethost.ts::tfstests.dashboards" name="TFSTests.Dashboards.WidgetHostTests WidgetHost- _createWidget calls showUnhandledLoadException when error thrown during widget creation" />
    </UnitTest>
    <UnitTest name="TFSTests.Dashboards.WidgetHostTests WidgetHost- showUnhandledLoadException calls notifyLoadFailedDetailed" storage="d:\v2.0\a1\_work\dbded102\vso\tfs\service\webaccess\dashboards\testscripts\tests\tfstests.dashboards.widgethost.ts" id="3de1b9a3-cf46-4e0f-8eb9-e74fe1789bdd">
      <Execution id="f352114d-0aea-426f-a06f-60cbf3941d47" />
      <TestMethod codeBase="d:\v2.0\a1\_work\dbded102\vso\tfs\service\webaccess\dashboards\testscripts\tests\tfstests.dashboards.widgethost.ts" adapterTypeName="Microsoft.VisualStudio.TestTools.TestTypes.Unit.UnitTestAdapter" className="d:\v2.0\a1\_work\dbded102\vso\tfs\service\webaccess\dashboards\testscripts\tests\tfstests.dashboards.widgethost.ts::tfstests.dashboards" name="TFSTests.Dashboards.WidgetHostTests WidgetHost- showUnhandledLoadException calls notifyLoadFailedDetailed" />
    </UnitTest>
    <UnitTest name="TFSTests.Dashboards.Control.BladeConfiguration.ErrorMessageControlTests ErrorMessageControl - Disable-Enable (Core Scenario)" storage="d:\v2.0\a1\_work\dbded102\vso\tfs\service\webaccess\dashboards\testscripts\tests\tfstests.dashboards.control.bladeconfiguration.errormessagecontrol.ts" id="d857b1dc-84f1-473f-bf9c-4bf737ed2453">
      <Execution id="f907ef9a-574e-49fd-9b58-79bc2d865dcf" />
      <TestMethod codeBase="d:\v2.0\a1\_work\dbded102\vso\tfs\service\webaccess\dashboards\testscripts\tests\tfstests.dashboards.control.bladeconfiguration.errormessagecontrol.ts" adapterTypeName="Microsoft.VisualStudio.TestTools.TestTypes.Unit.UnitTestAdapter" className="d:\v2.0\a1\_work\dbded102\vso\tfs\service\webaccess\dashboards\testscripts\tests\tfstests.dashboards.control.bladeconfiguration.errormessagecontrol.ts::tfstests.dashboards.control.bladeconfiguration" name="TFSTests.Dashboards.Control.BladeConfiguration.ErrorMessageControlTests ErrorMessageControl - Disable-Enable (Core Scenario)" />
    </UnitTest>
    <UnitTest name="TFSTests.Dashboards.Control.BladeConfiguration BladeConfiguration - Create blade and check level" storage="d:\v2.0\a1\_work\dbded102\vso\tfs\service\webaccess\dashboards\testscripts\tests\tfstests.dashboards.control.bladeconfiguration.ts" id="f8925510-055a-41c2-a38c-392eeae15776">
      <Execution id="17d592e7-1198-46dc-9899-5a128a54a325" />
      <TestMethod codeBase="d:\v2.0\a1\_work\dbded102\vso\tfs\service\webaccess\dashboards\testscripts\tests\tfstests.dashboards.control.bladeconfiguration.ts" adapterTypeName="Microsoft.VisualStudio.TestTools.TestTypes.Unit.UnitTestAdapter" className="d:\v2.0\a1\_work\dbded102\vso\tfs\service\webaccess\dashboards\testscripts\tests\tfstests.dashboards.control.bladeconfiguration.ts::tfstests.dashboards.control" name="TFSTests.Dashboards.Control.BladeConfiguration BladeConfiguration - Create blade and check level" />
    </UnitTest>
    <UnitTest name="TFSTests.Dashboards.Control.BladeConfiguration BladeConfiguration - dom composition" storage="d:\v2.0\a1\_work\dbded102\vso\tfs\service\webaccess\dashboards\testscripts\tests\tfstests.dashboards.control.bladeconfiguration.ts" id="00f7ec36-183c-4a4d-a74f-10718e5de4d8">
      <Execution id="28c6f42f-99d4-46ca-93e5-9b6240f4d644" />
      <TestMethod codeBase="d:\v2.0\a1\_work\dbded102\vso\tfs\service\webaccess\dashboards\testscripts\tests\tfstests.dashboards.control.bladeconfiguration.ts" adapterTypeName="Microsoft.VisualStudio.TestTools.TestTypes.Unit.UnitTestAdapter" className="d:\v2.0\a1\_work\dbded102\vso\tfs\service\webaccess\dashboards\testscripts\tests\tfstests.dashboards.control.bladeconfiguration.ts::tfstests.dashboards.control" name="TFSTests.Dashboards.Control.BladeConfiguration BladeConfiguration - dom composition" />
    </UnitTest>
    <UnitTest name="TFSTests.Dashboards.Control.BladeConfiguration BladeConfiguration - general settings data rendering check" storage="d:\v2.0\a1\_work\dbded102\vso\tfs\service\webaccess\dashboards\testscripts\tests\tfstests.dashboards.control.bladeconfiguration.ts" id="c8b59c23-c44b-495f-ab52-767b0b22a84a">
      <Execution id="9739a343-abb2-497d-8850-f12230ac81ba" />
      <TestMethod codeBase="d:\v2.0\a1\_work\dbded102\vso\tfs\service\webaccess\dashboards\testscripts\tests\tfstests.dashboards.control.bladeconfiguration.ts" adapterTypeName="Microsoft.VisualStudio.TestTools.TestTypes.Unit.UnitTestAdapter" className="d:\v2.0\a1\_work\dbded102\vso\tfs\service\webaccess\dashboards\testscripts\tests\tfstests.dashboards.control.bladeconfiguration.ts::tfstests.dashboards.control" name="TFSTests.Dashboards.Control.BladeConfiguration BladeConfiguration - general settings data rendering check" />
    </UnitTest>
    <UnitTest name="TFSTests.Dashboards.Control.BladeMenu Blade&lt;T&gt; - Initialize Level &lt; 0" storage="d:\v2.0\a1\_work\dbded102\vso\tfs\service\webaccess\dashboards\testscripts\tests\tfstests.dashboards.control.blademenu.ts" id="60767130-75a7-430a-9992-92840052bd76">
      <Execution id="6c49add7-feac-4c3a-8b00-bc0e14fbe7a1" />
      <TestMethod codeBase="d:\v2.0\a1\_work\dbded102\vso\tfs\service\webaccess\dashboards\testscripts\tests\tfstests.dashboards.control.blademenu.ts" adapterTypeName="Microsoft.VisualStudio.TestTools.TestTypes.Unit.UnitTestAdapter" className="d:\v2.0\a1\_work\dbded102\vso\tfs\service\webaccess\dashboards\testscripts\tests\tfstests.dashboards.control.blademenu.ts::tfstests.dashboards.control" name="TFSTests.Dashboards.Control.BladeMenu Blade&lt;T&gt; - Initialize Level &lt; 0" />
    </UnitTest>
    <UnitTest name="TFSTests.Dashboards.Control.BladeMenu Blade&lt;T&gt; - Initialize Level 0" storage="d:\v2.0\a1\_work\dbded102\vso\tfs\service\webaccess\dashboards\testscripts\tests\tfstests.dashboards.control.blademenu.ts" id="27925156-d280-4a7f-9585-3d8f8a5e46c9">
      <Execution id="d9cd2883-f08b-4aa4-8c7d-b1514874659a" />
      <TestMethod codeBase="d:\v2.0\a1\_work\dbded102\vso\tfs\service\webaccess\dashboards\testscripts\tests\tfstests.dashboards.control.blademenu.ts" adapterTypeName="Microsoft.VisualStudio.TestTools.TestTypes.Unit.UnitTestAdapter" className="d:\v2.0\a1\_work\dbded102\vso\tfs\service\webaccess\dashboards\testscripts\tests\tfstests.dashboards.control.blademenu.ts::tfstests.dashboards.control" name="TFSTests.Dashboards.Control.BladeMenu Blade&lt;T&gt; - Initialize Level 0" />
    </UnitTest>
    <UnitTest name="TFSTests.Dashboards.Control.BladeMenu Blade&lt;T&gt; - Initialize &gt; 0" storage="d:\v2.0\a1\_work\dbded102\vso\tfs\service\webaccess\dashboards\testscripts\tests\tfstests.dashboards.control.blademenu.ts" id="b2c0c675-80b7-4152-b84e-d9459e87622f">
      <Execution id="9a357e8d-c16a-4e89-ae4d-4840fd90891f" />
      <TestMethod codeBase="d:\v2.0\a1\_work\dbded102\vso\tfs\service\webaccess\dashboards\testscripts\tests\tfstests.dashboards.control.blademenu.ts" adapterTypeName="Microsoft.VisualStudio.TestTools.TestTypes.Unit.UnitTestAdapter" className="d:\v2.0\a1\_work\dbded102\vso\tfs\service\webaccess\dashboards\testscripts\tests\tfstests.dashboards.control.blademenu.ts::tfstests.dashboards.control" name="TFSTests.Dashboards.Control.BladeMenu Blade&lt;T&gt; - Initialize &gt; 0" />
    </UnitTest>
    <UnitTest name="TFSTests.Dashboards.Control.BladeMenu Blade&lt;T&gt; - GetLevel" storage="d:\v2.0\a1\_work\dbded102\vso\tfs\service\webaccess\dashboards\testscripts\tests\tfstests.dashboards.control.blademenu.ts" id="0da546aa-a1ef-4cf6-b30d-9d3fe8a31339">
      <Execution id="1d7a6490-d628-416e-b97c-4ed1acca8660" />
      <TestMethod codeBase="d:\v2.0\a1\_work\dbded102\vso\tfs\service\webaccess\dashboards\testscripts\tests\tfstests.dashboards.control.blademenu.ts" adapterTypeName="Microsoft.VisualStudio.TestTools.TestTypes.Unit.UnitTestAdapter" className="d:\v2.0\a1\_work\dbded102\vso\tfs\service\webaccess\dashboards\testscripts\tests\tfstests.dashboards.control.blademenu.ts::tfstests.dashboards.control" name="TFSTests.Dashboards.Control.BladeMenu Blade&lt;T&gt; - GetLevel" />
    </UnitTest>
    <UnitTest name="TFSTests.Dashboards.Control.BladeMenu Blade&lt;T&gt; - Click" storage="d:\v2.0\a1\_work\dbded102\vso\tfs\service\webaccess\dashboards\testscripts\tests\tfstests.dashboards.control.blademenu.ts" id="9599f712-a0ff-4a5e-9281-b5069d4c2b23">
      <Execution id="bf2f1662-e61b-49bb-a58d-93bb628cea4e" />
      <TestMethod codeBase="d:\v2.0\a1\_work\dbded102\vso\tfs\service\webaccess\dashboards\testscripts\tests\tfstests.dashboards.control.blademenu.ts" adapterTypeName="Microsoft.VisualStudio.TestTools.TestTypes.Unit.UnitTestAdapter" className="d:\v2.0\a1\_work\dbded102\vso\tfs\service\webaccess\dashboards\testscripts\tests\tfstests.dashboards.control.blademenu.ts::tfstests.dashboards.control" name="TFSTests.Dashboards.Control.BladeMenu Blade&lt;T&gt; - Click" />
    </UnitTest>
    <UnitTest name="TFSTests.Dashboards.Control.BladeMenu BladeMenu - Initialize setup no blades" storage="d:\v2.0\a1\_work\dbded102\vso\tfs\service\webaccess\dashboards\testscripts\tests\tfstests.dashboards.control.blademenu.ts" id="dd905576-8383-4ccf-a505-0d5baaed2bb2">
      <Execution id="ec53c2c1-12ba-4125-b155-91cf7c7edbe2" />
      <TestMethod codeBase="d:\v2.0\a1\_work\dbded102\vso\tfs\service\webaccess\dashboards\testscripts\tests\tfstests.dashboards.control.blademenu.ts" adapterTypeName="Microsoft.VisualStudio.TestTools.TestTypes.Unit.UnitTestAdapter" className="d:\v2.0\a1\_work\dbded102\vso\tfs\service\webaccess\dashboards\testscripts\tests\tfstests.dashboards.control.blademenu.ts::tfstests.dashboards.control" name="TFSTests.Dashboards.Control.BladeMenu BladeMenu - Initialize setup no blades" />
    </UnitTest>
    <UnitTest name="TFSTests.Dashboards.Control.BladeMenu BladeMenu - Initialize setup blades" storage="d:\v2.0\a1\_work\dbded102\vso\tfs\service\webaccess\dashboards\testscripts\tests\tfstests.dashboards.control.blademenu.ts" id="108f1127-e981-4866-bf0f-27591f3b3517">
      <Execution id="b29584a4-4aef-4a9c-9ee5-78866c89a1e6" />
      <TestMethod codeBase="d:\v2.0\a1\_work\dbded102\vso\tfs\service\webaccess\dashboards\testscripts\tests\tfstests.dashboards.control.blademenu.ts" adapterTypeName="Microsoft.VisualStudio.TestTools.TestTypes.Unit.UnitTestAdapter" className="d:\v2.0\a1\_work\dbded102\vso\tfs\service\webaccess\dashboards\testscripts\tests\tfstests.dashboards.control.blademenu.ts::tfstests.dashboards.control" name="TFSTests.Dashboards.Control.BladeMenu BladeMenu - Initialize setup blades" />
    </UnitTest>
    <UnitTest name="TFSTests.Dashboards.Control.BladeMenu BladeMenu - MenuWidth - OneBladeMode" storage="d:\v2.0\a1\_work\dbded102\vso\tfs\service\webaccess\dashboards\testscripts\tests\tfstests.dashboards.control.blademenu.ts" id="ad1466e1-b953-420c-bedb-ae4c19cd49d8">
      <Execution id="185e9ca4-e8d4-4cfa-ad93-3b88838ef45a" />
      <TestMethod codeBase="d:\v2.0\a1\_work\dbded102\vso\tfs\service\webaccess\dashboards\testscripts\tests\tfstests.dashboards.control.blademenu.ts" adapterTypeName="Microsoft.VisualStudio.TestTools.TestTypes.Unit.UnitTestAdapter" className="d:\v2.0\a1\_work\dbded102\vso\tfs\service\webaccess\dashboards\testscripts\tests\tfstests.dashboards.control.blademenu.ts::tfstests.dashboards.control" name="TFSTests.Dashboards.Control.BladeMenu BladeMenu - MenuWidth - OneBladeMode" />
    </UnitTest>
    <UnitTest name="TFSTests.Dashboards.Control.BladeMenu BladeMenu - MenuWidth - Not OneBladeMode" storage="d:\v2.0\a1\_work\dbded102\vso\tfs\service\webaccess\dashboards\testscripts\tests\tfstests.dashboards.control.blademenu.ts" id="63d4d33f-4e8a-47e6-ae1c-57441036286e">
      <Execution id="329b7dc0-d8ef-4d6f-a478-8dfb08115200" />
      <TestMethod codeBase="d:\v2.0\a1\_work\dbded102\vso\tfs\service\webaccess\dashboards\testscripts\tests\tfstests.dashboards.control.blademenu.ts" adapterTypeName="Microsoft.VisualStudio.TestTools.TestTypes.Unit.UnitTestAdapter" className="d:\v2.0\a1\_work\dbded102\vso\tfs\service\webaccess\dashboards\testscripts\tests\tfstests.dashboards.control.blademenu.ts::tfstests.dashboards.control" name="TFSTests.Dashboards.Control.BladeMenu BladeMenu - MenuWidth - Not OneBladeMode" />
    </UnitTest>
    <UnitTest name="TFSTests.Dashboards.Control.BladeMenu BladeMenu - OpenBladeMenu with blade &gt; max " storage="d:\v2.0\a1\_work\dbded102\vso\tfs\service\webaccess\dashboards\testscripts\tests\tfstests.dashboards.control.blademenu.ts" id="ce700ee2-4411-4f1b-a849-dea059b17309">
      <Execution id="debfef0c-04aa-4f8d-90c6-01c13868de02" />
      <TestMethod codeBase="d:\v2.0\a1\_work\dbded102\vso\tfs\service\webaccess\dashboards\testscripts\tests\tfstests.dashboards.control.blademenu.ts" adapterTypeName="Microsoft.VisualStudio.TestTools.TestTypes.Unit.UnitTestAdapter" className="d:\v2.0\a1\_work\dbded102\vso\tfs\service\webaccess\dashboards\testscripts\tests\tfstests.dashboards.control.blademenu.ts::tfstests.dashboards.control" name="TFSTests.Dashboards.Control.BladeMenu BladeMenu - OpenBladeMenu with blade &gt; max " />
    </UnitTest>
    <UnitTest name="TFSTests.Dashboards.Control.BladeMenu BladeMenu - OpenBladeMenu with other blade visible true" storage="d:\v2.0\a1\_work\dbded102\vso\tfs\service\webaccess\dashboards\testscripts\tests\tfstests.dashboards.control.blademenu.ts" id="bd909d91-5c53-4111-ac7f-63d35124a226">
      <Execution id="f3ff1384-c2a4-4854-b0ba-aed6b125d3fc" />
      <TestMethod codeBase="d:\v2.0\a1\_work\dbded102\vso\tfs\service\webaccess\dashboards\testscripts\tests\tfstests.dashboards.control.blademenu.ts" adapterTypeName="Microsoft.VisualStudio.TestTools.TestTypes.Unit.UnitTestAdapter" className="d:\v2.0\a1\_work\dbded102\vso\tfs\service\webaccess\dashboards\testscripts\tests\tfstests.dashboards.control.blademenu.ts::tfstests.dashboards.control" name="TFSTests.Dashboards.Control.BladeMenu BladeMenu - OpenBladeMenu with other blade visible true" />
    </UnitTest>
    <UnitTest name="TFSTests.Dashboards.Control.BladeMenu BladeMenu - OpenBladeMenu with other blade visible false" storage="d:\v2.0\a1\_work\dbded102\vso\tfs\service\webaccess\dashboards\testscripts\tests\tfstests.dashboards.control.blademenu.ts" id="fa4871c2-f8a5-4976-be8c-90030b01a43c">
      <Execution id="f3ec7a92-9bfe-4288-a5fd-d7ee412a3a91" />
      <TestMethod codeBase="d:\v2.0\a1\_work\dbded102\vso\tfs\service\webaccess\dashboards\testscripts\tests\tfstests.dashboards.control.blademenu.ts" adapterTypeName="Microsoft.VisualStudio.TestTools.TestTypes.Unit.UnitTestAdapter" className="d:\v2.0\a1\_work\dbded102\vso\tfs\service\webaccess\dashboards\testscripts\tests\tfstests.dashboards.control.blademenu.ts::tfstests.dashboards.control" name="TFSTests.Dashboards.Control.BladeMenu BladeMenu - OpenBladeMenu with other blade visible false" />
    </UnitTest>
    <UnitTest name="TFSTests.Dashboards.Control.BladeMenu BladeMenu - OpenBladeMenu Default Mode" storage="d:\v2.0\a1\_work\dbded102\vso\tfs\service\webaccess\dashboards\testscripts\tests\tfstests.dashboards.control.blademenu.ts" id="b48fbed4-ea58-4c0f-88e8-6a28aa9d7cb1">
      <Execution id="cb354e46-ad3b-44d8-8416-8ae20120528c" />
      <TestMethod codeBase="d:\v2.0\a1\_work\dbded102\vso\tfs\service\webaccess\dashboards\testscripts\tests\tfstests.dashboards.control.blademenu.ts" adapterTypeName="Microsoft.VisualStudio.TestTools.TestTypes.Unit.UnitTestAdapter" className="d:\v2.0\a1\_work\dbded102\vso\tfs\service\webaccess\dashboards\testscripts\tests\tfstests.dashboards.control.blademenu.ts::tfstests.dashboards.control" name="TFSTests.Dashboards.Control.BladeMenu BladeMenu - OpenBladeMenu Default Mode" />
    </UnitTest>
    <UnitTest name="TFSTests.Dashboards.Control.BladeMenu BladeMenu - getBladeWidth - Blade Active OneBladeMode On" storage="d:\v2.0\a1\_work\dbded102\vso\tfs\service\webaccess\dashboards\testscripts\tests\tfstests.dashboards.control.blademenu.ts" id="d1423cab-10d2-4af1-85dc-8415b9c9f7a8">
      <Execution id="40a12a0e-2c6c-48a1-a5c7-c2c05fe75013" />
      <TestMethod codeBase="d:\v2.0\a1\_work\dbded102\vso\tfs\service\webaccess\dashboards\testscripts\tests\tfstests.dashboards.control.blademenu.ts" adapterTypeName="Microsoft.VisualStudio.TestTools.TestTypes.Unit.UnitTestAdapter" className="d:\v2.0\a1\_work\dbded102\vso\tfs\service\webaccess\dashboards\testscripts\tests\tfstests.dashboards.control.blademenu.ts::tfstests.dashboards.control" name="TFSTests.Dashboards.Control.BladeMenu BladeMenu - getBladeWidth - Blade Active OneBladeMode On" />
    </UnitTest>
    <UnitTest name="TFSTests.Dashboards.Control.BladeMenu BladeMenu - getBladeWidth - Blade Active OneBladeMode Off" storage="d:\v2.0\a1\_work\dbded102\vso\tfs\service\webaccess\dashboards\testscripts\tests\tfstests.dashboards.control.blademenu.ts" id="30ec38b4-1ddf-46e7-ba02-15e0e5ed7fb5">
      <Execution id="83e6f3de-b0f5-4521-98bc-9ce3c1703b32" />
      <TestMethod codeBase="d:\v2.0\a1\_work\dbded102\vso\tfs\service\webaccess\dashboards\testscripts\tests\tfstests.dashboards.control.blademenu.ts" adapterTypeName="Microsoft.VisualStudio.TestTools.TestTypes.Unit.UnitTestAdapter" className="d:\v2.0\a1\_work\dbded102\vso\tfs\service\webaccess\dashboards\testscripts\tests\tfstests.dashboards.control.blademenu.ts::tfstests.dashboards.control" name="TFSTests.Dashboards.Control.BladeMenu BladeMenu - getBladeWidth - Blade Active OneBladeMode Off" />
    </UnitTest>
    <UnitTest name="TFSTests.Dashboards.Control.BladeMenu BladeMenu - getBladeWidth - Blade Not Active OneBladeMode On" storage="d:\v2.0\a1\_work\dbded102\vso\tfs\service\webaccess\dashboards\testscripts\tests\tfstests.dashboards.control.blademenu.ts" id="a20ae6dc-e470-4794-932a-97a8d904db02">
      <Execution id="c2117e55-0d26-4acd-8dae-80d0f3f305ef" />
      <TestMethod codeBase="d:\v2.0\a1\_work\dbded102\vso\tfs\service\webaccess\dashboards\testscripts\tests\tfstests.dashboards.control.blademenu.ts" adapterTypeName="Microsoft.VisualStudio.TestTools.TestTypes.Unit.UnitTestAdapter" className="d:\v2.0\a1\_work\dbded102\vso\tfs\service\webaccess\dashboards\testscripts\tests\tfstests.dashboards.control.blademenu.ts::tfstests.dashboards.control" name="TFSTests.Dashboards.Control.BladeMenu BladeMenu - getBladeWidth - Blade Not Active OneBladeMode On" />
    </UnitTest>
    <UnitTest name="TFSTests.Dashboards.Control.BladeMenu BladeMenu - getBladeWidth - Blade Not Active OneBladeMode Off" storage="d:\v2.0\a1\_work\dbded102\vso\tfs\service\webaccess\dashboards\testscripts\tests\tfstests.dashboards.control.blademenu.ts" id="326648f3-6afc-4663-ae84-7e903ff3f605">
      <Execution id="de447f53-0edd-4174-b0bc-bbe1f152b163" />
      <TestMethod codeBase="d:\v2.0\a1\_work\dbded102\vso\tfs\service\webaccess\dashboards\testscripts\tests\tfstests.dashboards.control.blademenu.ts" adapterTypeName="Microsoft.VisualStudio.TestTools.TestTypes.Unit.UnitTestAdapter" className="d:\v2.0\a1\_work\dbded102\vso\tfs\service\webaccess\dashboards\testscripts\tests\tfstests.dashboards.control.blademenu.ts::tfstests.dashboards.control" name="TFSTests.Dashboards.Control.BladeMenu BladeMenu - getBladeWidth - Blade Not Active OneBladeMode Off" />
    </UnitTest>
    <UnitTest name="TFSTests.Dashboards.Control.BladeMenu GeneralSettingsControl - validateWidgetName is at the length limit" storage="d:\v2.0\a1\_work\dbded102\vso\tfs\service\webaccess\dashboards\testscripts\tests\tfstests.dashboards.control.blademenu.ts" id="b5939bfa-7ca7-42ef-8bc0-f126d3fd2e7d">
      <Execution id="8f0e0ee1-4226-4b4b-a598-aa2090ad46f8" />
      <TestMethod codeBase="d:\v2.0\a1\_work\dbded102\vso\tfs\service\webaccess\dashboards\testscripts\tests\tfstests.dashboards.control.blademenu.ts" adapterTypeName="Microsoft.VisualStudio.TestTools.TestTypes.Unit.UnitTestAdapter" className="d:\v2.0\a1\_work\dbded102\vso\tfs\service\webaccess\dashboards\testscripts\tests\tfstests.dashboards.control.blademenu.ts::tfstests.dashboards.control" name="TFSTests.Dashboards.Control.BladeMenu GeneralSettingsControl - validateWidgetName is at the length limit" />
    </UnitTest>
    <UnitTest name="TFSTests.Dashboards.Control.BladeMenu GeneralSettingsControl - initialize adds widget name and size" storage="d:\v2.0\a1\_work\dbded102\vso\tfs\service\webaccess\dashboards\testscripts\tests\tfstests.dashboards.control.blademenu.ts" id="62b7d0d6-0e4a-407b-bc62-6a5dd07679bf">
      <Execution id="57812c3e-5ea4-4b32-b74a-b79ae0569b49" />
      <TestMethod codeBase="d:\v2.0\a1\_work\dbded102\vso\tfs\service\webaccess\dashboards\testscripts\tests\tfstests.dashboards.control.blademenu.ts" adapterTypeName="Microsoft.VisualStudio.TestTools.TestTypes.Unit.UnitTestAdapter" className="d:\v2.0\a1\_work\dbded102\vso\tfs\service\webaccess\dashboards\testscripts\tests\tfstests.dashboards.control.blademenu.ts::tfstests.dashboards.control" name="TFSTests.Dashboards.Control.BladeMenu GeneralSettingsControl - initialize adds widget name and size" />
    </UnitTest>
    <UnitTest name="TFSTests.Dashboards.Control.BladeMenu GeneralSettingsControl - _addWidgetSize does not add dropdown if there is only one allowed size" storage="d:\v2.0\a1\_work\dbded102\vso\tfs\service\webaccess\dashboards\testscripts\tests\tfstests.dashboards.control.blademenu.ts" id="1625b353-0b83-4593-9420-ae5f7cce5c6c">
      <Execution id="ab616a8c-6dec-41d6-86c0-6317165541ab" />
      <TestMethod codeBase="d:\v2.0\a1\_work\dbded102\vso\tfs\service\webaccess\dashboards\testscripts\tests\tfstests.dashboards.control.blademenu.ts" adapterTypeName="Microsoft.VisualStudio.TestTools.TestTypes.Unit.UnitTestAdapter" className="d:\v2.0\a1\_work\dbded102\vso\tfs\service\webaccess\dashboards\testscripts\tests\tfstests.dashboards.control.blademenu.ts::tfstests.dashboards.control" name="TFSTests.Dashboards.Control.BladeMenu GeneralSettingsControl - _addWidgetSize does not add dropdown if there is only one allowed size" />
    </UnitTest>
    <UnitTest name="TFSTests.Dashboards.Control.BladeMenu GeneralSettingsControl - _getWidgetSizeFromId creates correct widget size given valid input" storage="d:\v2.0\a1\_work\dbded102\vso\tfs\service\webaccess\dashboards\testscripts\tests\tfstests.dashboards.control.blademenu.ts" id="78d47802-dc94-445f-bc1f-9adc701413b5">
      <Execution id="85e07a8d-127d-4dd4-89ba-a69d338c3954" />
      <TestMethod codeBase="d:\v2.0\a1\_work\dbded102\vso\tfs\service\webaccess\dashboards\testscripts\tests\tfstests.dashboards.control.blademenu.ts" adapterTypeName="Microsoft.VisualStudio.TestTools.TestTypes.Unit.UnitTestAdapter" className="d:\v2.0\a1\_work\dbded102\vso\tfs\service\webaccess\dashboards\testscripts\tests\tfstests.dashboards.control.blademenu.ts::tfstests.dashboards.control" name="TFSTests.Dashboards.Control.BladeMenu GeneralSettingsControl - _getWidgetSizeFromId creates correct widget size given valid input" />
    </UnitTest>
    <UnitTest name="TFSTests.Dashboards.Control.BladeMenu GeneralSettingsControl - _getWidgetSizeFromId throws an error when given single dimension" storage="d:\v2.0\a1\_work\dbded102\vso\tfs\service\webaccess\dashboards\testscripts\tests\tfstests.dashboards.control.blademenu.ts" id="c036b91e-2ff5-4e74-9c4f-c6f31304a999">
      <Execution id="97c48ca5-1983-4072-8eea-5b9b602df3d8" />
      <TestMethod codeBase="d:\v2.0\a1\_work\dbded102\vso\tfs\service\webaccess\dashboards\testscripts\tests\tfstests.dashboards.control.blademenu.ts" adapterTypeName="Microsoft.VisualStudio.TestTools.TestTypes.Unit.UnitTestAdapter" className="d:\v2.0\a1\_work\dbded102\vso\tfs\service\webaccess\dashboards\testscripts\tests\tfstests.dashboards.control.blademenu.ts::tfstests.dashboards.control" name="TFSTests.Dashboards.Control.BladeMenu GeneralSettingsControl - _getWidgetSizeFromId throws an error when given single dimension" />
    </UnitTest>
    <UnitTest name="TFSTests.Dashboards.Control.BladeMenu GeneralSettingsControl - _getWidgetSizeFromId throws an error when given non-numbers" storage="d:\v2.0\a1\_work\dbded102\vso\tfs\service\webaccess\dashboards\testscripts\tests\tfstests.dashboards.control.blademenu.ts" id="80de2aaf-7219-4e52-a082-d2d2757a068a">
      <Execution id="9cfdca71-f91e-454a-baac-903da133a02c" />
      <TestMethod codeBase="d:\v2.0\a1\_work\dbded102\vso\tfs\service\webaccess\dashboards\testscripts\tests\tfstests.dashboards.control.blademenu.ts" adapterTypeName="Microsoft.VisualStudio.TestTools.TestTypes.Unit.UnitTestAdapter" className="d:\v2.0\a1\_work\dbded102\vso\tfs\service\webaccess\dashboards\testscripts\tests\tfstests.dashboards.control.blademenu.ts::tfstests.dashboards.control" name="TFSTests.Dashboards.Control.BladeMenu GeneralSettingsControl - _getWidgetSizeFromId throws an error when given non-numbers" />
    </UnitTest>
    <UnitTest name="TFSTests.Dashboards.Control.BladeMenu GeneralSettingsControl - settings change valid calls setting change callback" storage="d:\v2.0\a1\_work\dbded102\vso\tfs\service\webaccess\dashboards\testscripts\tests\tfstests.dashboards.control.blademenu.ts" id="8371f04b-7773-497d-9af5-c0fb0b369e0d">
      <Execution id="2852ff3e-c0bc-4f44-9918-710828ebba9e" />
      <TestMethod codeBase="d:\v2.0\a1\_work\dbded102\vso\tfs\service\webaccess\dashboards\testscripts\tests\tfstests.dashboards.control.blademenu.ts" adapterTypeName="Microsoft.VisualStudio.TestTools.TestTypes.Unit.UnitTestAdapter" className="d:\v2.0\a1\_work\dbded102\vso\tfs\service\webaccess\dashboards\testscripts\tests\tfstests.dashboards.control.blademenu.ts::tfstests.dashboards.control" name="TFSTests.Dashboards.Control.BladeMenu GeneralSettingsControl - settings change valid calls setting change callback" />
    </UnitTest>
    <UnitTest name="TFSTests.Dashboards.Control.BladeMenu GeneralSettingsControl - settings change invalid calls setting change callback" storage="d:\v2.0\a1\_work\dbded102\vso\tfs\service\webaccess\dashboards\testscripts\tests\tfstests.dashboards.control.blademenu.ts" id="a6b9add9-abb6-4dcd-a839-008c1f7f0576">
      <Execution id="6a01f154-990e-4553-a18a-23ba0027bab2" />
      <TestMethod codeBase="d:\v2.0\a1\_work\dbded102\vso\tfs\service\webaccess\dashboards\testscripts\tests\tfstests.dashboards.control.blademenu.ts" adapterTypeName="Microsoft.VisualStudio.TestTools.TestTypes.Unit.UnitTestAdapter" className="d:\v2.0\a1\_work\dbded102\vso\tfs\service\webaccess\dashboards\testscripts\tests\tfstests.dashboards.control.blademenu.ts::tfstests.dashboards.control" name="TFSTests.Dashboards.Control.BladeMenu GeneralSettingsControl - settings change invalid calls setting change callback" />
    </UnitTest>
    <UnitTest name="TFSTests.Dashboards.Control.BladeMenu GeneralSettingsControl - onWidgetSettingsChange - validation called" storage="d:\v2.0\a1\_work\dbded102\vso\tfs\service\webaccess\dashboards\testscripts\tests\tfstests.dashboards.control.blademenu.ts" id="377e12d6-3dac-4b7d-b135-404cbf07648e">
      <Execution id="2acaed23-c51b-4b6d-bed3-534176c00a3c" />
      <TestMethod codeBase="d:\v2.0\a1\_work\dbded102\vso\tfs\service\webaccess\dashboards\testscripts\tests\tfstests.dashboards.control.blademenu.ts" adapterTypeName="Microsoft.VisualStudio.TestTools.TestTypes.Unit.UnitTestAdapter" className="d:\v2.0\a1\_work\dbded102\vso\tfs\service\webaccess\dashboards\testscripts\tests\tfstests.dashboards.control.blademenu.ts::tfstests.dashboards.control" name="TFSTests.Dashboards.Control.BladeMenu GeneralSettingsControl - onWidgetSettingsChange - validation called" />
    </UnitTest>
    <UnitTest name="TFSTests.Dashboards.Control.BladeMenu GeneralSettingsControl - onWidgetSettingsChange - name not configurable" storage="d:\v2.0\a1\_work\dbded102\vso\tfs\service\webaccess\dashboards\testscripts\tests\tfstests.dashboards.control.blademenu.ts" id="0d487f05-f061-47b4-ac97-41e76b2caba0">
      <Execution id="fd8d6f4f-6d52-4e80-aaa3-e62afc62e71b" />
      <TestMethod codeBase="d:\v2.0\a1\_work\dbded102\vso\tfs\service\webaccess\dashboards\testscripts\tests\tfstests.dashboards.control.blademenu.ts" adapterTypeName="Microsoft.VisualStudio.TestTools.TestTypes.Unit.UnitTestAdapter" className="d:\v2.0\a1\_work\dbded102\vso\tfs\service\webaccess\dashboards\testscripts\tests\tfstests.dashboards.control.blademenu.ts::tfstests.dashboards.control" name="TFSTests.Dashboards.Control.BladeMenu GeneralSettingsControl - onWidgetSettingsChange - name not configurable" />
    </UnitTest>
    <UnitTest name="TFSTests.Dashboards.Control.BladeMenu GeneralSettingsControl - initialize - create name" storage="d:\v2.0\a1\_work\dbded102\vso\tfs\service\webaccess\dashboards\testscripts\tests\tfstests.dashboards.control.blademenu.ts" id="ea3a598d-9286-4fe9-83b6-749035538a25">
      <Execution id="38bb732a-f799-4e87-9c74-4385c25974d0" />
      <TestMethod codeBase="d:\v2.0\a1\_work\dbded102\vso\tfs\service\webaccess\dashboards\testscripts\tests\tfstests.dashboards.control.blademenu.ts" adapterTypeName="Microsoft.VisualStudio.TestTools.TestTypes.Unit.UnitTestAdapter" className="d:\v2.0\a1\_work\dbded102\vso\tfs\service\webaccess\dashboards\testscripts\tests\tfstests.dashboards.control.blademenu.ts::tfstests.dashboards.control" name="TFSTests.Dashboards.Control.BladeMenu GeneralSettingsControl - initialize - create name" />
    </UnitTest>
    <UnitTest name="TFSTests.Dashboards.Control.BladeMenu GeneralSettingsControl - initialize - default widget name" storage="d:\v2.0\a1\_work\dbded102\vso\tfs\service\webaccess\dashboards\testscripts\tests\tfstests.dashboards.control.blademenu.ts" id="4aef29cc-5fdc-4b3f-aa32-576e27a11b35">
      <Execution id="6236f0a0-16f6-4df6-aed8-27782599701f" />
      <TestMethod codeBase="d:\v2.0\a1\_work\dbded102\vso\tfs\service\webaccess\dashboards\testscripts\tests\tfstests.dashboards.control.blademenu.ts" adapterTypeName="Microsoft.VisualStudio.TestTools.TestTypes.Unit.UnitTestAdapter" className="d:\v2.0\a1\_work\dbded102\vso\tfs\service\webaccess\dashboards\testscripts\tests\tfstests.dashboards.control.blademenu.ts::tfstests.dashboards.control" name="TFSTests.Dashboards.Control.BladeMenu GeneralSettingsControl - initialize - default widget name" />
    </UnitTest>
    <UnitTest name="TFSTests.Dashboards.Control.BladeMenu GeneralSettingsControl - initialize - isnameconfigurable false" storage="d:\v2.0\a1\_work\dbded102\vso\tfs\service\webaccess\dashboards\testscripts\tests\tfstests.dashboards.control.blademenu.ts" id="7e75efd7-1ed6-431e-80b9-65561ac340df">
      <Execution id="ce6d03ad-8ebc-4045-99ee-0f584b2959db" />
      <TestMethod codeBase="d:\v2.0\a1\_work\dbded102\vso\tfs\service\webaccess\dashboards\testscripts\tests\tfstests.dashboards.control.blademenu.ts" adapterTypeName="Microsoft.VisualStudio.TestTools.TestTypes.Unit.UnitTestAdapter" className="d:\v2.0\a1\_work\dbded102\vso\tfs\service\webaccess\dashboards\testscripts\tests\tfstests.dashboards.control.blademenu.ts::tfstests.dashboards.control" name="TFSTests.Dashboards.Control.BladeMenu GeneralSettingsControl - initialize - isnameconfigurable false" />
    </UnitTest>
    <UnitTest name="TFSTests.Dashboards.Control.BladeMenu GeneralSettingsControl - validateWidgetName - null" storage="d:\v2.0\a1\_work\dbded102\vso\tfs\service\webaccess\dashboards\testscripts\tests\tfstests.dashboards.control.blademenu.ts" id="3aef8708-78bc-4dfa-aca6-bb955528bcb2">
      <Execution id="4824142a-9887-4ca5-9219-fc7b6c2fdaf0" />
      <TestMethod codeBase="d:\v2.0\a1\_work\dbded102\vso\tfs\service\webaccess\dashboards\testscripts\tests\tfstests.dashboards.control.blademenu.ts" adapterTypeName="Microsoft.VisualStudio.TestTools.TestTypes.Unit.UnitTestAdapter" className="d:\v2.0\a1\_work\dbded102\vso\tfs\service\webaccess\dashboards\testscripts\tests\tfstests.dashboards.control.blademenu.ts::tfstests.dashboards.control" name="TFSTests.Dashboards.Control.BladeMenu GeneralSettingsControl - validateWidgetName - null" />
    </UnitTest>
    <UnitTest name="TFSTests.Dashboards.Control.BladeMenu GeneralSettingsControl - validateWidgetName - empty" storage="d:\v2.0\a1\_work\dbded102\vso\tfs\service\webaccess\dashboards\testscripts\tests\tfstests.dashboards.control.blademenu.ts" id="815095cb-afa0-4106-9cbb-866e4faaaabb">
      <Execution id="c0400a8c-dcd7-4970-ae4f-2a63d699a8f3" />
      <TestMethod codeBase="d:\v2.0\a1\_work\dbded102\vso\tfs\service\webaccess\dashboards\testscripts\tests\tfstests.dashboards.control.blademenu.ts" adapterTypeName="Microsoft.VisualStudio.TestTools.TestTypes.Unit.UnitTestAdapter" className="d:\v2.0\a1\_work\dbded102\vso\tfs\service\webaccess\dashboards\testscripts\tests\tfstests.dashboards.control.blademenu.ts::tfstests.dashboards.control" name="TFSTests.Dashboards.Control.BladeMenu GeneralSettingsControl - validateWidgetName - empty" />
    </UnitTest>
    <UnitTest name="TFSTests.Dashboards.Control.BladeMenu GeneralSettingsControl - validateWidgetName - 1 character" storage="d:\v2.0\a1\_work\dbded102\vso\tfs\service\webaccess\dashboards\testscripts\tests\tfstests.dashboards.control.blademenu.ts" id="c2103776-2037-47bd-bf5f-5b5437b73d37">
      <Execution id="ff3ed0cd-0e5a-45f1-86c8-0b44a626aab4" />
      <TestMethod codeBase="d:\v2.0\a1\_work\dbded102\vso\tfs\service\webaccess\dashboards\testscripts\tests\tfstests.dashboards.control.blademenu.ts" adapterTypeName="Microsoft.VisualStudio.TestTools.TestTypes.Unit.UnitTestAdapter" className="d:\v2.0\a1\_work\dbded102\vso\tfs\service\webaccess\dashboards\testscripts\tests\tfstests.dashboards.control.blademenu.ts::tfstests.dashboards.control" name="TFSTests.Dashboards.Control.BladeMenu GeneralSettingsControl - validateWidgetName - 1 character" />
    </UnitTest>
    <UnitTest name="TFSTests.Dashboards.Control.BladeMenu GeneralSettingsControl - validateWidgetName - too huge" storage="d:\v2.0\a1\_work\dbded102\vso\tfs\service\webaccess\dashboards\testscripts\tests\tfstests.dashboards.control.blademenu.ts" id="7fa10b46-09b0-4883-94f2-1b627f01d1c4">
      <Execution id="f83a2ad5-75e1-416f-aa63-249bdcb80d19" />
      <TestMethod codeBase="d:\v2.0\a1\_work\dbded102\vso\tfs\service\webaccess\dashboards\testscripts\tests\tfstests.dashboards.control.blademenu.ts" adapterTypeName="Microsoft.VisualStudio.TestTools.TestTypes.Unit.UnitTestAdapter" className="d:\v2.0\a1\_work\dbded102\vso\tfs\service\webaccess\dashboards\testscripts\tests\tfstests.dashboards.control.blademenu.ts::tfstests.dashboards.control" name="TFSTests.Dashboards.Control.BladeMenu GeneralSettingsControl - validateWidgetName - too huge" />
    </UnitTest>
    <UnitTest name="TFSTests.Dashboards.Control.BladeMenu GeneralSettingsControl - validate - valid" storage="d:\v2.0\a1\_work\dbded102\vso\tfs\service\webaccess\dashboards\testscripts\tests\tfstests.dashboards.control.blademenu.ts" id="35cee422-477f-4258-a6aa-2f0ded4fbe0c">
      <Execution id="0f898750-93c5-4cbe-9b84-6e3b46e7e7c1" />
      <TestMethod codeBase="d:\v2.0\a1\_work\dbded102\vso\tfs\service\webaccess\dashboards\testscripts\tests\tfstests.dashboards.control.blademenu.ts" adapterTypeName="Microsoft.VisualStudio.TestTools.TestTypes.Unit.UnitTestAdapter" className="d:\v2.0\a1\_work\dbded102\vso\tfs\service\webaccess\dashboards\testscripts\tests\tfstests.dashboards.control.blademenu.ts::tfstests.dashboards.control" name="TFSTests.Dashboards.Control.BladeMenu GeneralSettingsControl - validate - valid" />
    </UnitTest>
    <UnitTest name="TFSTests.Dashboards.Control.BladeMenu GeneralSettingsControl - validate - invalid" storage="d:\v2.0\a1\_work\dbded102\vso\tfs\service\webaccess\dashboards\testscripts\tests\tfstests.dashboards.control.blademenu.ts" id="2732daf5-b40a-432f-bd2f-bbc6953f2ec8">
      <Execution id="22f35f4a-7330-4a49-ace5-75b595c45ee6" />
      <TestMethod codeBase="d:\v2.0\a1\_work\dbded102\vso\tfs\service\webaccess\dashboards\testscripts\tests\tfstests.dashboards.control.blademenu.ts" adapterTypeName="Microsoft.VisualStudio.TestTools.TestTypes.Unit.UnitTestAdapter" className="d:\v2.0\a1\_work\dbded102\vso\tfs\service\webaccess\dashboards\testscripts\tests\tfstests.dashboards.control.blademenu.ts::tfstests.dashboards.control" name="TFSTests.Dashboards.Control.BladeMenu GeneralSettingsControl - validate - invalid" />
    </UnitTest>
    <UnitTest name="TFSTests.Dashboards.Control.BladeMenu SettingsUtilities - buildSingleInputConfiguration - no display" storage="d:\v2.0\a1\_work\dbded102\vso\tfs\service\webaccess\dashboards\testscripts\tests\tfstests.dashboards.control.blademenu.ts" id="c05dfd18-bc25-4fcc-be1f-2a78280d4c50">
      <Execution id="82a8aceb-167a-417a-bcd8-db3777ec0710" />
      <TestMethod codeBase="d:\v2.0\a1\_work\dbded102\vso\tfs\service\webaccess\dashboards\testscripts\tests\tfstests.dashboards.control.blademenu.ts" adapterTypeName="Microsoft.VisualStudio.TestTools.TestTypes.Unit.UnitTestAdapter" className="d:\v2.0\a1\_work\dbded102\vso\tfs\service\webaccess\dashboards\testscripts\tests\tfstests.dashboards.control.blademenu.ts::tfstests.dashboards.control" name="TFSTests.Dashboards.Control.BladeMenu SettingsUtilities - buildSingleInputConfiguration - no display" />
    </UnitTest>
    <UnitTest name="TFSTests.Dashboards.Control.BladeMenu SettingsUtilities - buildSingleInputConfiguration - no input" storage="d:\v2.0\a1\_work\dbded102\vso\tfs\service\webaccess\dashboards\testscripts\tests\tfstests.dashboards.control.blademenu.ts" id="8487274f-23ac-4671-bceb-1b5acb6fb658">
      <Execution id="b469e506-7d5c-416e-acb7-78a35ab8bcd2" />
      <TestMethod codeBase="d:\v2.0\a1\_work\dbded102\vso\tfs\service\webaccess\dashboards\testscripts\tests\tfstests.dashboards.control.blademenu.ts" adapterTypeName="Microsoft.VisualStudio.TestTools.TestTypes.Unit.UnitTestAdapter" className="d:\v2.0\a1\_work\dbded102\vso\tfs\service\webaccess\dashboards\testscripts\tests\tfstests.dashboards.control.blademenu.ts::tfstests.dashboards.control" name="TFSTests.Dashboards.Control.BladeMenu SettingsUtilities - buildSingleInputConfiguration - no input" />
    </UnitTest>
    <UnitTest name="TFSTests.Dashboards.Control.BladeMenu SettingsUtilities - buildSingleInputConfiguration - no error" storage="d:\v2.0\a1\_work\dbded102\vso\tfs\service\webaccess\dashboards\testscripts\tests\tfstests.dashboards.control.blademenu.ts" id="c0809482-1625-4b3d-876f-6a8392b3c247">
      <Execution id="9204e4e7-11d7-4f80-8483-0307868cf955" />
      <TestMethod codeBase="d:\v2.0\a1\_work\dbded102\vso\tfs\service\webaccess\dashboards\testscripts\tests\tfstests.dashboards.control.blademenu.ts" adapterTypeName="Microsoft.VisualStudio.TestTools.TestTypes.Unit.UnitTestAdapter" className="d:\v2.0\a1\_work\dbded102\vso\tfs\service\webaccess\dashboards\testscripts\tests\tfstests.dashboards.control.blademenu.ts::tfstests.dashboards.control" name="TFSTests.Dashboards.Control.BladeMenu SettingsUtilities - buildSingleInputConfiguration - no error" />
    </UnitTest>
    <UnitTest name="TFSTests.Dashboards.Control.BladeMenu SettingsUtilities - setInputValidationState - valid" storage="d:\v2.0\a1\_work\dbded102\vso\tfs\service\webaccess\dashboards\testscripts\tests\tfstests.dashboards.control.blademenu.ts" id="756ee489-4b86-499e-aea5-9fe70216e46b">
      <Execution id="5757852f-3fce-4cdd-86e3-1eb06998ffb7" />
      <TestMethod codeBase="d:\v2.0\a1\_work\dbded102\vso\tfs\service\webaccess\dashboards\testscripts\tests\tfstests.dashboards.control.blademenu.ts" adapterTypeName="Microsoft.VisualStudio.TestTools.TestTypes.Unit.UnitTestAdapter" className="d:\v2.0\a1\_work\dbded102\vso\tfs\service\webaccess\dashboards\testscripts\tests\tfstests.dashboards.control.blademenu.ts::tfstests.dashboards.control" name="TFSTests.Dashboards.Control.BladeMenu SettingsUtilities - setInputValidationState - valid" />
    </UnitTest>
    <UnitTest name="TFSTests.Dashboards.Control.BladeMenu SettingsUtilities - setInputValidationState - invalid" storage="d:\v2.0\a1\_work\dbded102\vso\tfs\service\webaccess\dashboards\testscripts\tests\tfstests.dashboards.control.blademenu.ts" id="2babcab1-fe58-4fce-a648-31b889d756a7">
      <Execution id="117bf045-606e-44f2-b528-9feb5b7f600f" />
      <TestMethod codeBase="d:\v2.0\a1\_work\dbded102\vso\tfs\service\webaccess\dashboards\testscripts\tests\tfstests.dashboards.control.blademenu.ts" adapterTypeName="Microsoft.VisualStudio.TestTools.TestTypes.Unit.UnitTestAdapter" className="d:\v2.0\a1\_work\dbded102\vso\tfs\service\webaccess\dashboards\testscripts\tests\tfstests.dashboards.control.blademenu.ts::tfstests.dashboards.control" name="TFSTests.Dashboards.Control.BladeMenu SettingsUtilities - setInputValidationState - invalid" />
    </UnitTest>
    <UnitTest name="TFSTests.Dashboards.Control.BladeMenu Widget resize telemetry: method addWidgetResizeTelemetry is called" storage="d:\v2.0\a1\_work\dbded102\vso\tfs\service\webaccess\dashboards\testscripts\tests\tfstests.dashboards.control.blademenu.ts" id="7145187d-c530-4131-ba0c-bd2e58bc9a34">
      <Execution id="49d9985f-7f18-4931-a519-c540cbd27e9d" />
      <TestMethod codeBase="d:\v2.0\a1\_work\dbded102\vso\tfs\service\webaccess\dashboards\testscripts\tests\tfstests.dashboards.control.blademenu.ts" adapterTypeName="Microsoft.VisualStudio.TestTools.TestTypes.Unit.UnitTestAdapter" className="d:\v2.0\a1\_work\dbded102\vso\tfs\service\webaccess\dashboards\testscripts\tests\tfstests.dashboards.control.blademenu.ts::tfstests.dashboards.control" name="TFSTests.Dashboards.Control.BladeMenu Widget resize telemetry: method addWidgetResizeTelemetry is called" />
    </UnitTest>
    <UnitTest name="TFSTests.Dashboards.Control.BladeMenu Widget resize telemetry: method addWidgetResizeTelemetry is executed" storage="d:\v2.0\a1\_work\dbded102\vso\tfs\service\webaccess\dashboards\testscripts\tests\tfstests.dashboards.control.blademenu.ts" id="b2f07af6-1957-405a-a35b-b607b6c9d030">
      <Execution id="7849db17-75ff-4de4-adbe-dd02bc11de56" />
      <TestMethod codeBase="d:\v2.0\a1\_work\dbded102\vso\tfs\service\webaccess\dashboards\testscripts\tests\tfstests.dashboards.control.blademenu.ts" adapterTypeName="Microsoft.VisualStudio.TestTools.TestTypes.Unit.UnitTestAdapter" className="d:\v2.0\a1\_work\dbded102\vso\tfs\service\webaccess\dashboards\testscripts\tests\tfstests.dashboards.control.blademenu.ts::tfstests.dashboards.control" name="TFSTests.Dashboards.Control.BladeMenu Widget resize telemetry: method addWidgetResizeTelemetry is executed" />
    </UnitTest>
    <UnitTest name="TFSTests.Dashboards.Control.BladeMenu BladeConfiguration - _onGeneralConfigurationChangeCallback updates and refreshes" storage="d:\v2.0\a1\_work\dbded102\vso\tfs\service\webaccess\dashboards\testscripts\tests\tfstests.dashboards.control.blademenu.ts" id="2c340d6b-fc13-42f5-8170-2d95356b0018">
      <Execution id="791d1291-0b52-4078-9c07-f3fe5e1936b0" />
      <TestMethod codeBase="d:\v2.0\a1\_work\dbded102\vso\tfs\service\webaccess\dashboards\testscripts\tests\tfstests.dashboards.control.blademenu.ts" adapterTypeName="Microsoft.VisualStudio.TestTools.TestTypes.Unit.UnitTestAdapter" className="d:\v2.0\a1\_work\dbded102\vso\tfs\service\webaccess\dashboards\testscripts\tests\tfstests.dashboards.control.blademenu.ts::tfstests.dashboards.control" name="TFSTests.Dashboards.Control.BladeMenu BladeConfiguration - _onGeneralConfigurationChangeCallback updates and refreshes" />
    </UnitTest>
    <UnitTest name="TFSTests.Dashboards.Control.BladeMenu BladeConfiguration - _cancel(true) closes blade" storage="d:\v2.0\a1\_work\dbded102\vso\tfs\service\webaccess\dashboards\testscripts\tests\tfstests.dashboards.control.blademenu.ts" id="cea45012-c8c5-4ff9-96d5-bf546cb7efcd">
      <Execution id="a24880d7-e350-4a01-a4e5-1d0945dd30c7" />
      <TestMethod codeBase="d:\v2.0\a1\_work\dbded102\vso\tfs\service\webaccess\dashboards\testscripts\tests\tfstests.dashboards.control.blademenu.ts" adapterTypeName="Microsoft.VisualStudio.TestTools.TestTypes.Unit.UnitTestAdapter" className="d:\v2.0\a1\_work\dbded102\vso\tfs\service\webaccess\dashboards\testscripts\tests\tfstests.dashboards.control.blademenu.ts::tfstests.dashboards.control" name="TFSTests.Dashboards.Control.BladeMenu BladeConfiguration - _cancel(true) closes blade" />
    </UnitTest>
    <UnitTest name="TFSTests.Dashboards.Control.BladeMenu WidgetPreview - updatePreviewSize resizes preview and re-centers it" storage="d:\v2.0\a1\_work\dbded102\vso\tfs\service\webaccess\dashboards\testscripts\tests\tfstests.dashboards.control.blademenu.ts" id="0bee96d4-9ed8-462f-82c3-35d1845d2598">
      <Execution id="04fd1063-6a79-47b3-81a5-9d953210e982" />
      <TestMethod codeBase="d:\v2.0\a1\_work\dbded102\vso\tfs\service\webaccess\dashboards\testscripts\tests\tfstests.dashboards.control.blademenu.ts" adapterTypeName="Microsoft.VisualStudio.TestTools.TestTypes.Unit.UnitTestAdapter" className="d:\v2.0\a1\_work\dbded102\vso\tfs\service\webaccess\dashboards\testscripts\tests\tfstests.dashboards.control.blademenu.ts::tfstests.dashboards.control" name="TFSTests.Dashboards.Control.BladeMenu WidgetPreview - updatePreviewSize resizes preview and re-centers it" />
    </UnitTest>
    <UnitTest name="TFSTests.Dashboards.Control.BladeMenu WidgetPreview - _positionInMiddle calls _applyPosition" storage="d:\v2.0\a1\_work\dbded102\vso\tfs\service\webaccess\dashboards\testscripts\tests\tfstests.dashboards.control.blademenu.ts" id="096f9ceb-797e-4cd5-8256-879e1be0f670">
      <Execution id="b21bd86d-ba7d-487e-b3b6-fd4ff65bddc4" />
      <TestMethod codeBase="d:\v2.0\a1\_work\dbded102\vso\tfs\service\webaccess\dashboards\testscripts\tests\tfstests.dashboards.control.blademenu.ts" adapterTypeName="Microsoft.VisualStudio.TestTools.TestTypes.Unit.UnitTestAdapter" className="d:\v2.0\a1\_work\dbded102\vso\tfs\service\webaccess\dashboards\testscripts\tests\tfstests.dashboards.control.blademenu.ts::tfstests.dashboards.control" name="TFSTests.Dashboards.Control.BladeMenu WidgetPreview - _positionInMiddle calls _applyPosition" />
    </UnitTest>
    <UnitTest name="TFSTests.Dashboards.Control.Grid DashboardGrid - Constructor initialWidgets Null" storage="d:\v2.0\a1\_work\dbded102\vso\tfs\service\webaccess\dashboards\testscripts\tests\tfstests.dashboards.control.grid.ts" id="71d3a872-3d51-42a7-8019-d51909874156">
      <Execution id="4dafcfc8-202f-40df-9054-ecfed3afc363" />
      <TestMethod codeBase="d:\v2.0\a1\_work\dbded102\vso\tfs\service\webaccess\dashboards\testscripts\tests\tfstests.dashboards.control.grid.ts" adapterTypeName="Microsoft.VisualStudio.TestTools.TestTypes.Unit.UnitTestAdapter" className="d:\v2.0\a1\_work\dbded102\vso\tfs\service\webaccess\dashboards\testscripts\tests\tfstests.dashboards.control.grid.ts::tfstests.dashboards.control" name="TFSTests.Dashboards.Control.Grid DashboardGrid - Constructor initialWidgets Null" />
    </UnitTest>
    <UnitTest name="TFSTests.Dashboards.Control.Grid DashboardGrid - Constructor all parameters defined" storage="d:\v2.0\a1\_work\dbded102\vso\tfs\service\webaccess\dashboards\testscripts\tests\tfstests.dashboards.control.grid.ts" id="827e9498-141f-432d-906f-03d4bd84eb20">
      <Execution id="808e16af-2664-4f07-83e0-2f9db945b7d4" />
      <TestMethod codeBase="d:\v2.0\a1\_work\dbded102\vso\tfs\service\webaccess\dashboards\testscripts\tests\tfstests.dashboards.control.grid.ts" adapterTypeName="Microsoft.VisualStudio.TestTools.TestTypes.Unit.UnitTestAdapter" className="d:\v2.0\a1\_work\dbded102\vso\tfs\service\webaccess\dashboards\testscripts\tests\tfstests.dashboards.control.grid.ts::tfstests.dashboards.control" name="TFSTests.Dashboards.Control.Grid DashboardGrid - Constructor all parameters defined" />
    </UnitTest>
    <UnitTest name="TFSTests.Dashboards.Control.Grid DashboardGrid - AddWidget Null When Widget is null" storage="d:\v2.0\a1\_work\dbded102\vso\tfs\service\webaccess\dashboards\testscripts\tests\tfstests.dashboards.control.grid.ts" id="852a6a38-9d2c-4567-830b-98b012a9eec8">
      <Execution id="9f3b1579-7def-46cb-9707-83b74a58779e" />
      <TestMethod codeBase="d:\v2.0\a1\_work\dbded102\vso\tfs\service\webaccess\dashboards\testscripts\tests\tfstests.dashboards.control.grid.ts" adapterTypeName="Microsoft.VisualStudio.TestTools.TestTypes.Unit.UnitTestAdapter" className="d:\v2.0\a1\_work\dbded102\vso\tfs\service\webaccess\dashboards\testscripts\tests\tfstests.dashboards.control.grid.ts::tfstests.dashboards.control" name="TFSTests.Dashboards.Control.Grid DashboardGrid - AddWidget Null When Widget is null" />
    </UnitTest>
    <UnitTest name="TFSTests.Dashboards.Control.Grid DashboardGrid - AddWidget Null When widget has no id" storage="d:\v2.0\a1\_work\dbded102\vso\tfs\service\webaccess\dashboards\testscripts\tests\tfstests.dashboards.control.grid.ts" id="6846f6db-ea73-4368-819c-214d8682002f">
      <Execution id="b7ee725f-7cf3-4050-8998-4a0e5bfba911" />
      <TestMethod codeBase="d:\v2.0\a1\_work\dbded102\vso\tfs\service\webaccess\dashboards\testscripts\tests\tfstests.dashboards.control.grid.ts" adapterTypeName="Microsoft.VisualStudio.TestTools.TestTypes.Unit.UnitTestAdapter" className="d:\v2.0\a1\_work\dbded102\vso\tfs\service\webaccess\dashboards\testscripts\tests\tfstests.dashboards.control.grid.ts::tfstests.dashboards.control" name="TFSTests.Dashboards.Control.Grid DashboardGrid - AddWidget Null When widget has no id" />
    </UnitTest>
    <UnitTest name="TFSTests.Dashboards.Control.Grid DashboardGrid - AddWidget No Widget Id" storage="d:\v2.0\a1\_work\dbded102\vso\tfs\service\webaccess\dashboards\testscripts\tests\tfstests.dashboards.control.grid.ts" id="0e7fd53b-0e6a-45a4-9c0b-48b619d26e17">
      <Execution id="950347db-ea66-43a1-8f68-e8449c7468f0" />
      <TestMethod codeBase="d:\v2.0\a1\_work\dbded102\vso\tfs\service\webaccess\dashboards\testscripts\tests\tfstests.dashboards.control.grid.ts" adapterTypeName="Microsoft.VisualStudio.TestTools.TestTypes.Unit.UnitTestAdapter" className="d:\v2.0\a1\_work\dbded102\vso\tfs\service\webaccess\dashboards\testscripts\tests\tfstests.dashboards.control.grid.ts::tfstests.dashboards.control" name="TFSTests.Dashboards.Control.Grid DashboardGrid - AddWidget No Widget Id" />
    </UnitTest>
    <UnitTest name="TFSTests.Dashboards.Control.Grid DashboardGrid - AddWidget Twice" storage="d:\v2.0\a1\_work\dbded102\vso\tfs\service\webaccess\dashboards\testscripts\tests\tfstests.dashboards.control.grid.ts" id="fa4ba86d-8a6e-4772-a8c5-4b66311db269">
      <Execution id="2416bd58-d4ae-4080-b212-00d6b79e5a8f" />
      <TestMethod codeBase="d:\v2.0\a1\_work\dbded102\vso\tfs\service\webaccess\dashboards\testscripts\tests\tfstests.dashboards.control.grid.ts" adapterTypeName="Microsoft.VisualStudio.TestTools.TestTypes.Unit.UnitTestAdapter" className="d:\v2.0\a1\_work\dbded102\vso\tfs\service\webaccess\dashboards\testscripts\tests\tfstests.dashboards.control.grid.ts::tfstests.dashboards.control" name="TFSTests.Dashboards.Control.Grid DashboardGrid - AddWidget Twice" />
    </UnitTest>
    <UnitTest name="TFSTests.Dashboards.Control.Grid DashboardGrid - AddWidget With ID" storage="d:\v2.0\a1\_work\dbded102\vso\tfs\service\webaccess\dashboards\testscripts\tests\tfstests.dashboards.control.grid.ts" id="f33ff6d1-713f-4cb1-aa07-c66dfb7d3040">
      <Execution id="36dc5d43-301c-4330-9156-e73f82aa0c8c" />
      <TestMethod codeBase="d:\v2.0\a1\_work\dbded102\vso\tfs\service\webaccess\dashboards\testscripts\tests\tfstests.dashboards.control.grid.ts" adapterTypeName="Microsoft.VisualStudio.TestTools.TestTypes.Unit.UnitTestAdapter" className="d:\v2.0\a1\_work\dbded102\vso\tfs\service\webaccess\dashboards\testscripts\tests\tfstests.dashboards.control.grid.ts::tfstests.dashboards.control" name="TFSTests.Dashboards.Control.Grid DashboardGrid - AddWidget With ID" />
    </UnitTest>
    <UnitTest name="TFSTests.Dashboards.Control.Grid DashboardGrid - MaxRowColumn" storage="d:\v2.0\a1\_work\dbded102\vso\tfs\service\webaccess\dashboards\testscripts\tests\tfstests.dashboards.control.grid.ts" id="c4e3f3ed-11fe-4fd5-884a-bc0bb9aacbca">
      <Execution id="d5fe5a10-ef2c-4c46-a3c1-b162af1c8277" />
      <TestMethod codeBase="d:\v2.0\a1\_work\dbded102\vso\tfs\service\webaccess\dashboards\testscripts\tests\tfstests.dashboards.control.grid.ts" adapterTypeName="Microsoft.VisualStudio.TestTools.TestTypes.Unit.UnitTestAdapter" className="d:\v2.0\a1\_work\dbded102\vso\tfs\service\webaccess\dashboards\testscripts\tests\tfstests.dashboards.control.grid.ts::tfstests.dashboards.control" name="TFSTests.Dashboards.Control.Grid DashboardGrid - MaxRowColumn" />
    </UnitTest>
    <UnitTest name="TFSTests.Dashboards.Control.Grid DashboardGrid - Sync position with gridster" storage="d:\v2.0\a1\_work\dbded102\vso\tfs\service\webaccess\dashboards\testscripts\tests\tfstests.dashboards.control.grid.ts" id="21af1435-9c4c-46ce-bbc2-882cf8e85eb5">
      <Execution id="d53ee5f5-06c5-4af2-b690-7d7976130793" />
      <TestMethod codeBase="d:\v2.0\a1\_work\dbded102\vso\tfs\service\webaccess\dashboards\testscripts\tests\tfstests.dashboards.control.grid.ts" adapterTypeName="Microsoft.VisualStudio.TestTools.TestTypes.Unit.UnitTestAdapter" className="d:\v2.0\a1\_work\dbded102\vso\tfs\service\webaccess\dashboards\testscripts\tests\tfstests.dashboards.control.grid.ts::tfstests.dashboards.control" name="TFSTests.Dashboards.Control.Grid DashboardGrid - Sync position with gridster" />
    </UnitTest>
    <UnitTest name="TFSTests.Dashboards.Control.Grid DashboardGrid - _updateWidgetPositionIfChanged does nothing when no widgets have been changed" storage="d:\v2.0\a1\_work\dbded102\vso\tfs\service\webaccess\dashboards\testscripts\tests\tfstests.dashboards.control.grid.ts" id="0b63063c-3664-4733-a5af-97db625bff15">
      <Execution id="24d9282d-c1d5-4905-b4d4-6e2d565727f5" />
      <TestMethod codeBase="d:\v2.0\a1\_work\dbded102\vso\tfs\service\webaccess\dashboards\testscripts\tests\tfstests.dashboards.control.grid.ts" adapterTypeName="Microsoft.VisualStudio.TestTools.TestTypes.Unit.UnitTestAdapter" className="d:\v2.0\a1\_work\dbded102\vso\tfs\service\webaccess\dashboards\testscripts\tests\tfstests.dashboards.control.grid.ts::tfstests.dashboards.control" name="TFSTests.Dashboards.Control.Grid DashboardGrid - _updateWidgetPositionIfChanged does nothing when no widgets have been changed" />
    </UnitTest>
    <UnitTest name="TFSTests.Dashboards.Control.Grid DashboardGrid - _updateWidgetPositionIfChanged calls updateDashboardWidgetsPosition when widgets have been changed" storage="d:\v2.0\a1\_work\dbded102\vso\tfs\service\webaccess\dashboards\testscripts\tests\tfstests.dashboards.control.grid.ts" id="2f286160-b5c9-4e17-9ea7-18a2b94db201">
      <Execution id="8984749a-603e-4130-8608-bdc424209ab5" />
      <TestMethod codeBase="d:\v2.0\a1\_work\dbded102\vso\tfs\service\webaccess\dashboards\testscripts\tests\tfstests.dashboards.control.grid.ts" adapterTypeName="Microsoft.VisualStudio.TestTools.TestTypes.Unit.UnitTestAdapter" className="d:\v2.0\a1\_work\dbded102\vso\tfs\service\webaccess\dashboards\testscripts\tests\tfstests.dashboards.control.grid.ts::tfstests.dashboards.control" name="TFSTests.Dashboards.Control.Grid DashboardGrid - _updateWidgetPositionIfChanged calls updateDashboardWidgetsPosition when widgets have been changed" />
    </UnitTest>
    <UnitTest name="TFSTests.Dashboards.Control.Grid DashboardGrid - refreshWidgetSettings resizes widget and updates settings" storage="d:\v2.0\a1\_work\dbded102\vso\tfs\service\webaccess\dashboards\testscripts\tests\tfstests.dashboards.control.grid.ts" id="c2e829db-a04d-4d8b-b00b-019c880fa3bb">
      <Execution id="6e9556e3-1d1d-4d14-9b34-77946e77ff5c" />
      <TestMethod codeBase="d:\v2.0\a1\_work\dbded102\vso\tfs\service\webaccess\dashboards\testscripts\tests\tfstests.dashboards.control.grid.ts" adapterTypeName="Microsoft.VisualStudio.TestTools.TestTypes.Unit.UnitTestAdapter" className="d:\v2.0\a1\_work\dbded102\vso\tfs\service\webaccess\dashboards\testscripts\tests\tfstests.dashboards.control.grid.ts::tfstests.dashboards.control" name="TFSTests.Dashboards.Control.Grid DashboardGrid - refreshWidgetSettings resizes widget and updates settings" />
    </UnitTest>
    <UnitTest name="TFSTests.Dashboards.Control.Catalog WidgetCatalogController - loadData" storage="d:\v2.0\a1\_work\dbded102\vso\tfs\service\webaccess\dashboards\testscripts\tests\tfstests.dashboards.control.catalog.ts" id="3703e760-5069-40c4-bf48-f8cda54d4be0">
      <Execution id="94aaaf14-a0a5-4b13-acde-2979af7573f3" />
      <TestMethod codeBase="d:\v2.0\a1\_work\dbded102\vso\tfs\service\webaccess\dashboards\testscripts\tests\tfstests.dashboards.control.catalog.ts" adapterTypeName="Microsoft.VisualStudio.TestTools.TestTypes.Unit.UnitTestAdapter" className="d:\v2.0\a1\_work\dbded102\vso\tfs\service\webaccess\dashboards\testscripts\tests\tfstests.dashboards.control.catalog.ts::tfstests.dashboards.control" name="TFSTests.Dashboards.Control.Catalog WidgetCatalogController - loadData" />
    </UnitTest>
    <UnitTest name="TFSTests.Dashboards.Control.Catalog WidgetCatalogController - search" storage="d:\v2.0\a1\_work\dbded102\vso\tfs\service\webaccess\dashboards\testscripts\tests\tfstests.dashboards.control.catalog.ts" id="b6a18581-f3b5-4513-b56c-d0960e5612ec">
      <Execution id="9160c4a5-d177-4868-8404-53760c4a1493" />
      <TestMethod codeBase="d:\v2.0\a1\_work\dbded102\vso\tfs\service\webaccess\dashboards\testscripts\tests\tfstests.dashboards.control.catalog.ts" adapterTypeName="Microsoft.VisualStudio.TestTools.TestTypes.Unit.UnitTestAdapter" className="d:\v2.0\a1\_work\dbded102\vso\tfs\service\webaccess\dashboards\testscripts\tests\tfstests.dashboards.control.catalog.ts::tfstests.dashboards.control" name="TFSTests.Dashboards.Control.Catalog WidgetCatalogController - search" />
    </UnitTest>
    <UnitTest name="TFSTests.Dashboards.Control.Catalog WidgetCatalogController - sort" storage="d:\v2.0\a1\_work\dbded102\vso\tfs\service\webaccess\dashboards\testscripts\tests\tfstests.dashboards.control.catalog.ts" id="851c7f13-4620-4dfc-bb3d-b746527cc38c">
      <Execution id="775bbd43-f842-4511-9c83-e79e13fc49e8" />
      <TestMethod codeBase="d:\v2.0\a1\_work\dbded102\vso\tfs\service\webaccess\dashboards\testscripts\tests\tfstests.dashboards.control.catalog.ts" adapterTypeName="Microsoft.VisualStudio.TestTools.TestTypes.Unit.UnitTestAdapter" className="d:\v2.0\a1\_work\dbded102\vso\tfs\service\webaccess\dashboards\testscripts\tests\tfstests.dashboards.control.catalog.ts::tfstests.dashboards.control" name="TFSTests.Dashboards.Control.Catalog WidgetCatalogController - sort" />
    </UnitTest>
    <UnitTest name="TFSTests.Dashboards.Control.Catalog WidgetCatalogController - selection" storage="d:\v2.0\a1\_work\dbded102\vso\tfs\service\webaccess\dashboards\testscripts\tests\tfstests.dashboards.control.catalog.ts" id="de3817d6-2d14-48c3-b3ea-9d2a0737e0e5">
      <Execution id="04c798fc-8d12-4310-83b0-9a9812aefdf7" />
      <TestMethod codeBase="d:\v2.0\a1\_work\dbded102\vso\tfs\service\webaccess\dashboards\testscripts\tests\tfstests.dashboards.control.catalog.ts" adapterTypeName="Microsoft.VisualStudio.TestTools.TestTypes.Unit.UnitTestAdapter" className="d:\v2.0\a1\_work\dbded102\vso\tfs\service\webaccess\dashboards\testscripts\tests\tfstests.dashboards.control.catalog.ts::tfstests.dashboards.control" name="TFSTests.Dashboards.Control.Catalog WidgetCatalogController - selection" />
    </UnitTest>
    <UnitTest name="TFSTests.Dashboards.Control.Catalog WidgetCatalogControl - setup" storage="d:\v2.0\a1\_work\dbded102\vso\tfs\service\webaccess\dashboards\testscripts\tests\tfstests.dashboards.control.catalog.ts" id="6629be51-35e1-4ecd-ae5a-491d79b2d1d4">
      <Execution id="b1dada4e-769d-4224-80f7-e39ee65169df" />
      <TestMethod codeBase="d:\v2.0\a1\_work\dbded102\vso\tfs\service\webaccess\dashboards\testscripts\tests\tfstests.dashboards.control.catalog.ts" adapterTypeName="Microsoft.VisualStudio.TestTools.TestTypes.Unit.UnitTestAdapter" className="d:\v2.0\a1\_work\dbded102\vso\tfs\service\webaccess\dashboards\testscripts\tests\tfstests.dashboards.control.catalog.ts::tfstests.dashboards.control" name="TFSTests.Dashboards.Control.Catalog WidgetCatalogControl - setup" />
    </UnitTest>
    <UnitTest name="TFSTests.Dashboards.Control.Catalog WidgetCatalogControl - selection changes" storage="d:\v2.0\a1\_work\dbded102\vso\tfs\service\webaccess\dashboards\testscripts\tests\tfstests.dashboards.control.catalog.ts" id="0dc8e39e-b052-47e6-bd63-a9057ce0b511">
      <Execution id="adffb6b3-622f-414f-bcd9-d89d81768eb7" />
      <TestMethod codeBase="d:\v2.0\a1\_work\dbded102\vso\tfs\service\webaccess\dashboards\testscripts\tests\tfstests.dashboards.control.catalog.ts" adapterTypeName="Microsoft.VisualStudio.TestTools.TestTypes.Unit.UnitTestAdapter" className="d:\v2.0\a1\_work\dbded102\vso\tfs\service\webaccess\dashboards\testscripts\tests\tfstests.dashboards.control.catalog.ts::tfstests.dashboards.control" name="TFSTests.Dashboards.Control.Catalog WidgetCatalogControl - selection changes" />
    </UnitTest>
    <UnitTest name="TFSTests.Dashboards.Control.Catalog WidgetCatalogControl - search" storage="d:\v2.0\a1\_work\dbded102\vso\tfs\service\webaccess\dashboards\testscripts\tests\tfstests.dashboards.control.catalog.ts" id="2ef3471c-45eb-430b-8f45-be0d61608381">
      <Execution id="2a4cc8c3-277c-4d91-a1b8-b3a9da44a47c" />
      <TestMethod codeBase="d:\v2.0\a1\_work\dbded102\vso\tfs\service\webaccess\dashboards\testscripts\tests\tfstests.dashboards.control.catalog.ts" adapterTypeName="Microsoft.VisualStudio.TestTools.TestTypes.Unit.UnitTestAdapter" className="d:\v2.0\a1\_work\dbded102\vso\tfs\service\webaccess\dashboards\testscripts\tests\tfstests.dashboards.control.catalog.ts::tfstests.dashboards.control" name="TFSTests.Dashboards.Control.Catalog WidgetCatalogControl - search" />
    </UnitTest>
    <UnitTest name="TFSTests.Dashboards.Control.Catalog WidgetCatalogControl - order" storage="d:\v2.0\a1\_work\dbded102\vso\tfs\service\webaccess\dashboards\testscripts\tests\tfstests.dashboards.control.catalog.ts" id="a8fd334a-b8e0-447d-a092-4d375d9d6802">
      <Execution id="43b3c046-f304-4684-ac8c-2ebfda972213" />
      <TestMethod codeBase="d:\v2.0\a1\_work\dbded102\vso\tfs\service\webaccess\dashboards\testscripts\tests\tfstests.dashboards.control.catalog.ts" adapterTypeName="Microsoft.VisualStudio.TestTools.TestTypes.Unit.UnitTestAdapter" className="d:\v2.0\a1\_work\dbded102\vso\tfs\service\webaccess\dashboards\testscripts\tests\tfstests.dashboards.control.catalog.ts::tfstests.dashboards.control" name="TFSTests.Dashboards.Control.Catalog WidgetCatalogControl - order" />
    </UnitTest>
    <UnitTest name="TFSTests.Dashboards.Views TeamDashboardView - initialize, onDashboardLoad and updateDashboard with telemetry" storage="d:\v2.0\a1\_work\dbded102\vso\tfs\service\webaccess\dashboards\testscripts\tests\tfstests.dashboards.views.ts" id="6d7add13-b0e2-4bba-98bf-9773361b6869">
      <Execution id="58774d8a-35ef-44e7-8ab5-a1a66ec4301f" />
      <TestMethod codeBase="d:\v2.0\a1\_work\dbded102\vso\tfs\service\webaccess\dashboards\testscripts\tests\tfstests.dashboards.views.ts" adapterTypeName="Microsoft.VisualStudio.TestTools.TestTypes.Unit.UnitTestAdapter" className="d:\v2.0\a1\_work\dbded102\vso\tfs\service\webaccess\dashboards\testscripts\tests\tfstests.dashboards.views.ts::tfstests.dashboards" name="TFSTests.Dashboards.Views TeamDashboardView - initialize, onDashboardLoad and updateDashboard with telemetry" />
    </UnitTest>
    <UnitTest name="TFSTests.Dashboards.Views TeamDashboardView - telemetry timeout, slow widgets" storage="d:\v2.0\a1\_work\dbded102\vso\tfs\service\webaccess\dashboards\testscripts\tests\tfstests.dashboards.views.ts" id="e692c9b9-f309-4674-8d94-0501da4b8d69">
      <Execution id="7579426b-aaf9-437e-ad56-e4ca34acf8ca" />
      <TestMethod codeBase="d:\v2.0\a1\_work\dbded102\vso\tfs\service\webaccess\dashboards\testscripts\tests\tfstests.dashboards.views.ts" adapterTypeName="Microsoft.VisualStudio.TestTools.TestTypes.Unit.UnitTestAdapter" className="d:\v2.0\a1\_work\dbded102\vso\tfs\service\webaccess\dashboards\testscripts\tests\tfstests.dashboards.views.ts::tfstests.dashboards" name="TFSTests.Dashboards.Views TeamDashboardView - telemetry timeout, slow widgets" />
    </UnitTest>
    <UnitTest name="TFSTests.Dashboards.Views DashboardView - _configureWidget calls _openConfiguration" storage="d:\v2.0\a1\_work\dbded102\vso\tfs\service\webaccess\dashboards\testscripts\tests\tfstests.dashboards.views.ts" id="db19bb79-7395-4746-964e-3ed4a19453df">
      <Execution id="06215959-db0a-4ea5-aabb-bb3d66841979" />
      <TestMethod codeBase="d:\v2.0\a1\_work\dbded102\vso\tfs\service\webaccess\dashboards\testscripts\tests\tfstests.dashboards.views.ts" adapterTypeName="Microsoft.VisualStudio.TestTools.TestTypes.Unit.UnitTestAdapter" className="d:\v2.0\a1\_work\dbded102\vso\tfs\service\webaccess\dashboards\testscripts\tests\tfstests.dashboards.views.ts::tfstests.dashboards" name="TFSTests.Dashboards.Views DashboardView - _configureWidget calls _openConfiguration" />
    </UnitTest>
    <UnitTest name="TFSTests.Dashboards.Views DashboardView - _openConfiguration opens configuration blade" storage="d:\v2.0\a1\_work\dbded102\vso\tfs\service\webaccess\dashboards\testscripts\tests\tfstests.dashboards.views.ts" id="e58cc383-4102-462a-93b9-09d071b7b9fe">
      <Execution id="8d3d602d-9cb7-48c1-801a-467832009335" />
      <TestMethod codeBase="d:\v2.0\a1\_work\dbded102\vso\tfs\service\webaccess\dashboards\testscripts\tests\tfstests.dashboards.views.ts" adapterTypeName="Microsoft.VisualStudio.TestTools.TestTypes.Unit.UnitTestAdapter" className="d:\v2.0\a1\_work\dbded102\vso\tfs\service\webaccess\dashboards\testscripts\tests\tfstests.dashboards.views.ts::tfstests.dashboards" name="TFSTests.Dashboards.Views DashboardView - _openConfiguration opens configuration blade" />
    </UnitTest>
    <UnitTest name="TFSTests.Dashboards.Views Dashboard View - Hash Navigation Dashboard Refresh Check" storage="d:\v2.0\a1\_work\dbded102\vso\tfs\service\webaccess\dashboards\testscripts\tests\tfstests.dashboards.views.ts" id="46472c1c-ac30-4186-a1f1-b6231f1392d5">
      <Execution id="d103845f-c801-4ded-aeac-7f61a25e550f" />
      <TestMethod codeBase="d:\v2.0\a1\_work\dbded102\vso\tfs\service\webaccess\dashboards\testscripts\tests\tfstests.dashboards.views.ts" adapterTypeName="Microsoft.VisualStudio.TestTools.TestTypes.Unit.UnitTestAdapter" className="d:\v2.0\a1\_work\dbded102\vso\tfs\service\webaccess\dashboards\testscripts\tests\tfstests.dashboards.views.ts::tfstests.dashboards" name="TFSTests.Dashboards.Views Dashboard View - Hash Navigation Dashboard Refresh Check" />
    </UnitTest>
    <UnitTest name="TFSTests.Dashboards.Views TeamDashboardView - jumpstart/quickstart after widget load" storage="d:\v2.0\a1\_work\dbded102\vso\tfs\service\webaccess\dashboards\testscripts\tests\tfstests.dashboards.views.ts" id="589a5e65-c4a8-4a88-b98c-a4b6de34d33b">
      <Execution id="3af90b45-8415-4c15-92a7-8b5db735a330" />
      <TestMethod codeBase="d:\v2.0\a1\_work\dbded102\vso\tfs\service\webaccess\dashboards\testscripts\tests\tfstests.dashboards.views.ts" adapterTypeName="Microsoft.VisualStudio.TestTools.TestTypes.Unit.UnitTestAdapter" className="d:\v2.0\a1\_work\dbded102\vso\tfs\service\webaccess\dashboards\testscripts\tests\tfstests.dashboards.views.ts::tfstests.dashboards" name="TFSTests.Dashboards.Views TeamDashboardView - jumpstart/quickstart after widget load" />
    </UnitTest>
    <UnitTest name="TFSTests.Dashboards.L2Menu L2 Menu - initialize as team administrator" storage="d:\v2.0\a1\_work\dbded102\vso\tfs\service\webaccess\dashboards\testscripts\tests\tfstests.dashboards.l2menu.ts" id="278e921c-409a-413a-bf3f-5f33db499a71">
      <Execution id="2ea57363-0e06-45fb-8157-d13cf5a48d34" />
      <TestMethod codeBase="d:\v2.0\a1\_work\dbded102\vso\tfs\service\webaccess\dashboards\testscripts\tests\tfstests.dashboards.l2menu.ts" adapterTypeName="Microsoft.VisualStudio.TestTools.TestTypes.Unit.UnitTestAdapter" className="d:\v2.0\a1\_work\dbded102\vso\tfs\service\webaccess\dashboards\testscripts\tests\tfstests.dashboards.l2menu.ts::tfstests.dashboards" name="TFSTests.Dashboards.L2Menu L2 Menu - initialize as team administrator" />
    </UnitTest>
    <UnitTest name="TFSTests.Dashboards.L2Menu L2 Menu - initialize as user (not team administrator)" storage="d:\v2.0\a1\_work\dbded102\vso\tfs\service\webaccess\dashboards\testscripts\tests\tfstests.dashboards.l2menu.ts" id="3f254a83-4543-4224-abb2-bf82bfa2e184">
      <Execution id="b7464389-068e-4331-b75d-6597f05d3909" />
      <TestMethod codeBase="d:\v2.0\a1\_work\dbded102\vso\tfs\service\webaccess\dashboards\testscripts\tests\tfstests.dashboards.l2menu.ts" adapterTypeName="Microsoft.VisualStudio.TestTools.TestTypes.Unit.UnitTestAdapter" className="d:\v2.0\a1\_work\dbded102\vso\tfs\service\webaccess\dashboards\testscripts\tests\tfstests.dashboards.l2menu.ts::tfstests.dashboards" name="TFSTests.Dashboards.L2Menu L2 Menu - initialize as user (not team administrator)" />
    </UnitTest>
    <UnitTest name="TFSTests.Dashboards.L2Menu L2 Menu - getMaxPosition without tab (undefined)" storage="d:\v2.0\a1\_work\dbded102\vso\tfs\service\webaccess\dashboards\testscripts\tests\tfstests.dashboards.l2menu.ts" id="ccaf89ad-e7b6-49b0-816b-051369971b0f">
      <Execution id="4ed782f2-6f46-4131-b19f-3b72fbfb1e19" />
      <TestMethod codeBase="d:\v2.0\a1\_work\dbded102\vso\tfs\service\webaccess\dashboards\testscripts\tests\tfstests.dashboards.l2menu.ts" adapterTypeName="Microsoft.VisualStudio.TestTools.TestTypes.Unit.UnitTestAdapter" className="d:\v2.0\a1\_work\dbded102\vso\tfs\service\webaccess\dashboards\testscripts\tests\tfstests.dashboards.l2menu.ts::tfstests.dashboards" name="TFSTests.Dashboards.L2Menu L2 Menu - getMaxPosition without tab (undefined)" />
    </UnitTest>
    <UnitTest name="TFSTests.Dashboards.L2Menu L2 Menu - getMaxPosition without tab (0)" storage="d:\v2.0\a1\_work\dbded102\vso\tfs\service\webaccess\dashboards\testscripts\tests\tfstests.dashboards.l2menu.ts" id="f62f9055-4781-4100-bc9e-29664e642b5a">
      <Execution id="4b4e45ea-6ca9-402a-8238-c72517d4e3bf" />
      <TestMethod codeBase="d:\v2.0\a1\_work\dbded102\vso\tfs\service\webaccess\dashboards\testscripts\tests\tfstests.dashboards.l2menu.ts" adapterTypeName="Microsoft.VisualStudio.TestTools.TestTypes.Unit.UnitTestAdapter" className="d:\v2.0\a1\_work\dbded102\vso\tfs\service\webaccess\dashboards\testscripts\tests\tfstests.dashboards.l2menu.ts::tfstests.dashboards" name="TFSTests.Dashboards.L2Menu L2 Menu - getMaxPosition without tab (0)" />
    </UnitTest>
    <UnitTest name="TFSTests.Dashboards.L2Menu L2 Menu - getMaxPosition with tab" storage="d:\v2.0\a1\_work\dbded102\vso\tfs\service\webaccess\dashboards\testscripts\tests\tfstests.dashboards.l2menu.ts" id="5012f673-6748-4c67-b10c-c6c0b19a2d03">
      <Execution id="1ab77e5a-539c-4dd5-a481-6de0251d35c0" />
      <TestMethod codeBase="d:\v2.0\a1\_work\dbded102\vso\tfs\service\webaccess\dashboards\testscripts\tests\tfstests.dashboards.l2menu.ts" adapterTypeName="Microsoft.VisualStudio.TestTools.TestTypes.Unit.UnitTestAdapter" className="d:\v2.0\a1\_work\dbded102\vso\tfs\service\webaccess\dashboards\testscripts\tests\tfstests.dashboards.l2menu.ts::tfstests.dashboards" name="TFSTests.Dashboards.L2Menu L2 Menu - getMaxPosition with tab" />
    </UnitTest>
    <UnitTest name="TFSTests.Dashboards.L2Menu L2 Menu - canAddDashboard less than limit" storage="d:\v2.0\a1\_work\dbded102\vso\tfs\service\webaccess\dashboards\testscripts\tests\tfstests.dashboards.l2menu.ts" id="d576e4c4-b932-4276-bb6e-05cc59b666d4">
      <Execution id="bc062a28-0c7e-4fb7-a553-8681d5618678" />
      <TestMethod codeBase="d:\v2.0\a1\_work\dbded102\vso\tfs\service\webaccess\dashboards\testscripts\tests\tfstests.dashboards.l2menu.ts" adapterTypeName="Microsoft.VisualStudio.TestTools.TestTypes.Unit.UnitTestAdapter" className="d:\v2.0\a1\_work\dbded102\vso\tfs\service\webaccess\dashboards\testscripts\tests\tfstests.dashboards.l2menu.ts::tfstests.dashboards" name="TFSTests.Dashboards.L2Menu L2 Menu - canAddDashboard less than limit" />
    </UnitTest>
    <UnitTest name="TFSTests.Dashboards.L2Menu L2 Menu - canAddDashboard at the limit" storage="d:\v2.0\a1\_work\dbded102\vso\tfs\service\webaccess\dashboards\testscripts\tests\tfstests.dashboards.l2menu.ts" id="345eb114-3c0d-400d-b90e-bef081bb2c3c">
      <Execution id="81dff63c-5ca0-436e-bcec-129c4a05eaed" />
      <TestMethod codeBase="d:\v2.0\a1\_work\dbded102\vso\tfs\service\webaccess\dashboards\testscripts\tests\tfstests.dashboards.l2menu.ts" adapterTypeName="Microsoft.VisualStudio.TestTools.TestTypes.Unit.UnitTestAdapter" className="d:\v2.0\a1\_work\dbded102\vso\tfs\service\webaccess\dashboards\testscripts\tests\tfstests.dashboards.l2menu.ts::tfstests.dashboards" name="TFSTests.Dashboards.L2Menu L2 Menu - canAddDashboard at the limit" />
    </UnitTest>
    <UnitTest name="TFSTests.Dashboards.L2Menu L2 Menu - canAddDashboard over the limit" storage="d:\v2.0\a1\_work\dbded102\vso\tfs\service\webaccess\dashboards\testscripts\tests\tfstests.dashboards.l2menu.ts" id="45750959-389b-47b7-acad-1daa47e3a73b">
      <Execution id="b89ae0f6-8ad8-4220-b27c-afad8f2be4bd" />
      <TestMethod codeBase="d:\v2.0\a1\_work\dbded102\vso\tfs\service\webaccess\dashboards\testscripts\tests\tfstests.dashboards.l2menu.ts" adapterTypeName="Microsoft.VisualStudio.TestTools.TestTypes.Unit.UnitTestAdapter" className="d:\v2.0\a1\_work\dbded102\vso\tfs\service\webaccess\dashboards\testscripts\tests\tfstests.dashboards.l2menu.ts::tfstests.dashboards" name="TFSTests.Dashboards.L2Menu L2 Menu - canAddDashboard over the limit" />
    </UnitTest>
    <UnitTest name="TFSTests.Dashboards.L2Menu L2 Menu - loadDashboardFromServer without problem display dashboard" storage="d:\v2.0\a1\_work\dbded102\vso\tfs\service\webaccess\dashboards\testscripts\tests\tfstests.dashboards.l2menu.ts" id="6f3dcf2e-aede-4b16-b84a-9e63bd625fb0">
      <Execution id="e176ae97-f8ba-4821-9ba9-962716690389" />
      <TestMethod codeBase="d:\v2.0\a1\_work\dbded102\vso\tfs\service\webaccess\dashboards\testscripts\tests\tfstests.dashboards.l2menu.ts" adapterTypeName="Microsoft.VisualStudio.TestTools.TestTypes.Unit.UnitTestAdapter" className="d:\v2.0\a1\_work\dbded102\vso\tfs\service\webaccess\dashboards\testscripts\tests\tfstests.dashboards.l2menu.ts::tfstests.dashboards" name="TFSTests.Dashboards.L2Menu L2 Menu - loadDashboardFromServer without problem display dashboard" />
    </UnitTest>
    <UnitTest name="TFSTests.Dashboards.L2Menu L2 Menu - loadDashboardFromServer with server problem display dashboard" storage="d:\v2.0\a1\_work\dbded102\vso\tfs\service\webaccess\dashboards\testscripts\tests\tfstests.dashboards.l2menu.ts" id="e4910b93-58b8-47da-9622-e0474bebc71d">
      <Execution id="6ece09f4-1559-4cf7-8774-23ddc5260915" />
      <TestMethod codeBase="d:\v2.0\a1\_work\dbded102\vso\tfs\service\webaccess\dashboards\testscripts\tests\tfstests.dashboards.l2menu.ts" adapterTypeName="Microsoft.VisualStudio.TestTools.TestTypes.Unit.UnitTestAdapter" className="d:\v2.0\a1\_work\dbded102\vso\tfs\service\webaccess\dashboards\testscripts\tests\tfstests.dashboards.l2menu.ts::tfstests.dashboards" name="TFSTests.Dashboards.L2Menu L2 Menu - loadDashboardFromServer with server problem display dashboard" />
    </UnitTest>
    <UnitTest name="TFSTests.Dashboards.L2Menu L2 Menu - navigateToDashboard Set the Active Dashboard + Distribute + SetOverflow" storage="d:\v2.0\a1\_work\dbded102\vso\tfs\service\webaccess\dashboards\testscripts\tests\tfstests.dashboards.l2menu.ts" id="ec9f6c56-25b6-430f-899e-e251d249e0d0">
      <Execution id="a8405023-9832-4938-8144-69022976f411" />
      <TestMethod codeBase="d:\v2.0\a1\_work\dbded102\vso\tfs\service\webaccess\dashboards\testscripts\tests\tfstests.dashboards.l2menu.ts" adapterTypeName="Microsoft.VisualStudio.TestTools.TestTypes.Unit.UnitTestAdapter" className="d:\v2.0\a1\_work\dbded102\vso\tfs\service\webaccess\dashboards\testscripts\tests\tfstests.dashboards.l2menu.ts::tfstests.dashboards" name="TFSTests.Dashboards.L2Menu L2 Menu - navigateToDashboard Set the Active Dashboard + Distribute + SetOverflow" />
    </UnitTest>
    <UnitTest name="TFSTests.Dashboards.L2Menu L2 Menu - displayPanels when not administrator" storage="d:\v2.0\a1\_work\dbded102\vso\tfs\service\webaccess\dashboards\testscripts\tests\tfstests.dashboards.l2menu.ts" id="71025910-cb95-4dd9-b0c4-3ae3ca1866e8">
      <Execution id="2f65e0b5-c132-45df-a8ff-9378fd4969da" />
      <TestMethod codeBase="d:\v2.0\a1\_work\dbded102\vso\tfs\service\webaccess\dashboards\testscripts\tests\tfstests.dashboards.l2menu.ts" adapterTypeName="Microsoft.VisualStudio.TestTools.TestTypes.Unit.UnitTestAdapter" className="d:\v2.0\a1\_work\dbded102\vso\tfs\service\webaccess\dashboards\testscripts\tests\tfstests.dashboards.l2menu.ts::tfstests.dashboards" name="TFSTests.Dashboards.L2Menu L2 Menu - displayPanels when not administrator" />
    </UnitTest>
    <UnitTest name="TFSTests.Dashboards.L2Menu L2 Menu - displayPanels when administrator" storage="d:\v2.0\a1\_work\dbded102\vso\tfs\service\webaccess\dashboards\testscripts\tests\tfstests.dashboards.l2menu.ts" id="1c2bacd6-5cd5-43e8-bb37-0e5e9ab3fab3">
      <Execution id="a5bd4588-03a9-4387-9928-aa6104128647" />
      <TestMethod codeBase="d:\v2.0\a1\_work\dbded102\vso\tfs\service\webaccess\dashboards\testscripts\tests\tfstests.dashboards.l2menu.ts" adapterTypeName="Microsoft.VisualStudio.TestTools.TestTypes.Unit.UnitTestAdapter" className="d:\v2.0\a1\_work\dbded102\vso\tfs\service\webaccess\dashboards\testscripts\tests\tfstests.dashboards.l2menu.ts::tfstests.dashboards" name="TFSTests.Dashboards.L2Menu L2 Menu - displayPanels when administrator" />
    </UnitTest>
    <UnitTest name="TFSTests.Dashboards.L2Menu L2 Menu - setDashboards assigns, distributes and adjust overflow" storage="d:\v2.0\a1\_work\dbded102\vso\tfs\service\webaccess\dashboards\testscripts\tests\tfstests.dashboards.l2menu.ts" id="f8769ce6-7248-43be-8fca-04e290f4c1a0">
      <Execution id="f4df2c9e-3481-4146-8799-4ade9bfb4bd9" />
      <TestMethod codeBase="d:\v2.0\a1\_work\dbded102\vso\tfs\service\webaccess\dashboards\testscripts\tests\tfstests.dashboards.l2menu.ts" adapterTypeName="Microsoft.VisualStudio.TestTools.TestTypes.Unit.UnitTestAdapter" className="d:\v2.0\a1\_work\dbded102\vso\tfs\service\webaccess\dashboards\testscripts\tests\tfstests.dashboards.l2menu.ts::tfstests.dashboards" name="TFSTests.Dashboards.L2Menu L2 Menu - setDashboards assigns, distributes and adjust overflow" />
    </UnitTest>
    <UnitTest name="TFSTests.Dashboards.L2Menu L2 Menu - distributeDashboards" storage="d:\v2.0\a1\_work\dbded102\vso\tfs\service\webaccess\dashboards\testscripts\tests\tfstests.dashboards.l2menu.ts" id="610eaee6-1875-45c0-a844-26fd3ed120a0">
      <Execution id="c0fc3379-d2e6-44c8-8578-bda57503ea3e" />
      <TestMethod codeBase="d:\v2.0\a1\_work\dbded102\vso\tfs\service\webaccess\dashboards\testscripts\tests\tfstests.dashboards.l2menu.ts" adapterTypeName="Microsoft.VisualStudio.TestTools.TestTypes.Unit.UnitTestAdapter" className="d:\v2.0\a1\_work\dbded102\vso\tfs\service\webaccess\dashboards\testscripts\tests\tfstests.dashboards.l2menu.ts::tfstests.dashboards" name="TFSTests.Dashboards.L2Menu L2 Menu - distributeDashboards" />
    </UnitTest>
    <UnitTest name="TFSTests.Dashboards.L2Menu L2 Menu - distributeDashboards null" storage="d:\v2.0\a1\_work\dbded102\vso\tfs\service\webaccess\dashboards\testscripts\tests\tfstests.dashboards.l2menu.ts" id="e5a6c4f7-ee55-4e3e-8368-aae07f10ff17">
      <Execution id="ca7f38c4-5ee7-4c89-a769-4f121288a384" />
      <TestMethod codeBase="d:\v2.0\a1\_work\dbded102\vso\tfs\service\webaccess\dashboards\testscripts\tests\tfstests.dashboards.l2menu.ts" adapterTypeName="Microsoft.VisualStudio.TestTools.TestTypes.Unit.UnitTestAdapter" className="d:\v2.0\a1\_work\dbded102\vso\tfs\service\webaccess\dashboards\testscripts\tests\tfstests.dashboards.l2menu.ts::tfstests.dashboards" name="TFSTests.Dashboards.L2Menu L2 Menu - distributeDashboards null" />
    </UnitTest>
    <UnitTest name="TFSTests.Dashboards.L2Menu L2 Menu - distributeDashboards changed since last distribution" storage="d:\v2.0\a1\_work\dbded102\vso\tfs\service\webaccess\dashboards\testscripts\tests\tfstests.dashboards.l2menu.ts" id="8a73b859-0b79-4937-9d7f-a9d710c7c883">
      <Execution id="857c4783-de80-4749-8da4-d366444febf0" />
      <TestMethod codeBase="d:\v2.0\a1\_work\dbded102\vso\tfs\service\webaccess\dashboards\testscripts\tests\tfstests.dashboards.l2menu.ts" adapterTypeName="Microsoft.VisualStudio.TestTools.TestTypes.Unit.UnitTestAdapter" className="d:\v2.0\a1\_work\dbded102\vso\tfs\service\webaccess\dashboards\testscripts\tests\tfstests.dashboards.l2menu.ts::tfstests.dashboards" name="TFSTests.Dashboards.L2Menu L2 Menu - distributeDashboards changed since last distribution" />
    </UnitTest>
    <UnitTest name="TFSTests.Dashboards.L2Menu L2 Menu - addDashboard (null)" storage="d:\v2.0\a1\_work\dbded102\vso\tfs\service\webaccess\dashboards\testscripts\tests\tfstests.dashboards.l2menu.ts" id="593206b0-52fe-408f-bf98-e626860f9c43">
      <Execution id="9f64c756-d7dc-4235-a99b-d019ae77f365" />
      <TestMethod codeBase="d:\v2.0\a1\_work\dbded102\vso\tfs\service\webaccess\dashboards\testscripts\tests\tfstests.dashboards.l2menu.ts" adapterTypeName="Microsoft.VisualStudio.TestTools.TestTypes.Unit.UnitTestAdapter" className="d:\v2.0\a1\_work\dbded102\vso\tfs\service\webaccess\dashboards\testscripts\tests\tfstests.dashboards.l2menu.ts::tfstests.dashboards" name="TFSTests.Dashboards.L2Menu L2 Menu - addDashboard (null)" />
    </UnitTest>
    <UnitTest name="TFSTests.Dashboards.L2Menu L2 Menu - addDashboard to a not initialized collection" storage="d:\v2.0\a1\_work\dbded102\vso\tfs\service\webaccess\dashboards\testscripts\tests\tfstests.dashboards.l2menu.ts" id="2a1eb6b7-34f7-4728-b740-a4ad7d9503df">
      <Execution id="aa49b97a-1d78-496b-a737-04d984b6c725" />
      <TestMethod codeBase="d:\v2.0\a1\_work\dbded102\vso\tfs\service\webaccess\dashboards\testscripts\tests\tfstests.dashboards.l2menu.ts" adapterTypeName="Microsoft.VisualStudio.TestTools.TestTypes.Unit.UnitTestAdapter" className="d:\v2.0\a1\_work\dbded102\vso\tfs\service\webaccess\dashboards\testscripts\tests\tfstests.dashboards.l2menu.ts::tfstests.dashboards" name="TFSTests.Dashboards.L2Menu L2 Menu - addDashboard to a not initialized collection" />
    </UnitTest>
    <UnitTest name="TFSTests.Dashboards.L2Menu L2 Menu - addDashboard twice" storage="d:\v2.0\a1\_work\dbded102\vso\tfs\service\webaccess\dashboards\testscripts\tests\tfstests.dashboards.l2menu.ts" id="537e2039-97bd-4f36-8762-84b7922a9890">
      <Execution id="ffb4cd65-c4f2-4745-9730-53b167bff5c0" />
      <TestMethod codeBase="d:\v2.0\a1\_work\dbded102\vso\tfs\service\webaccess\dashboards\testscripts\tests\tfstests.dashboards.l2menu.ts" adapterTypeName="Microsoft.VisualStudio.TestTools.TestTypes.Unit.UnitTestAdapter" className="d:\v2.0\a1\_work\dbded102\vso\tfs\service\webaccess\dashboards\testscripts\tests\tfstests.dashboards.l2menu.ts::tfstests.dashboards" name="TFSTests.Dashboards.L2Menu L2 Menu - addDashboard twice" />
    </UnitTest>
    <UnitTest name="TFSTests.Dashboards.L2Menu DashboardsTabs - batchRenderInPositionOrder tabs null" storage="d:\v2.0\a1\_work\dbded102\vso\tfs\service\webaccess\dashboards\testscripts\tests\tfstests.dashboards.l2menu.ts" id="bb38f7cf-0788-4755-a24d-c467a2b66a43">
      <Execution id="0f787c6e-ee66-4ff3-9dd4-108e567d6c52" />
      <TestMethod codeBase="d:\v2.0\a1\_work\dbded102\vso\tfs\service\webaccess\dashboards\testscripts\tests\tfstests.dashboards.l2menu.ts" adapterTypeName="Microsoft.VisualStudio.TestTools.TestTypes.Unit.UnitTestAdapter" className="d:\v2.0\a1\_work\dbded102\vso\tfs\service\webaccess\dashboards\testscripts\tests\tfstests.dashboards.l2menu.ts::tfstests.dashboards" name="TFSTests.Dashboards.L2Menu DashboardsTabs - batchRenderInPositionOrder tabs null" />
    </UnitTest>
    <UnitTest name="TFSTests.Dashboards.L2Menu DashboardsTabs - batchRenderTabInPositionOrder no tabs" storage="d:\v2.0\a1\_work\dbded102\vso\tfs\service\webaccess\dashboards\testscripts\tests\tfstests.dashboards.l2menu.ts" id="d4036605-0669-4e7c-a5d9-f619b6a1766f">
      <Execution id="f65f69bc-691e-43d7-b2df-2d2ac1b39234" />
      <TestMethod codeBase="d:\v2.0\a1\_work\dbded102\vso\tfs\service\webaccess\dashboards\testscripts\tests\tfstests.dashboards.l2menu.ts" adapterTypeName="Microsoft.VisualStudio.TestTools.TestTypes.Unit.UnitTestAdapter" className="d:\v2.0\a1\_work\dbded102\vso\tfs\service\webaccess\dashboards\testscripts\tests\tfstests.dashboards.l2menu.ts::tfstests.dashboards" name="TFSTests.Dashboards.L2Menu DashboardsTabs - batchRenderTabInPositionOrder no tabs" />
    </UnitTest>
    <UnitTest name="TFSTests.Dashboards.L2Menu DashboardsTabs - batchRenderTabInPositionOrder with tabs" storage="d:\v2.0\a1\_work\dbded102\vso\tfs\service\webaccess\dashboards\testscripts\tests\tfstests.dashboards.l2menu.ts" id="3842200d-dfea-4cbc-9983-ae85f702c2bc">
      <Execution id="bcbaadf3-a51d-435d-b672-8ab80c3c1474" />
      <TestMethod codeBase="d:\v2.0\a1\_work\dbded102\vso\tfs\service\webaccess\dashboards\testscripts\tests\tfstests.dashboards.l2menu.ts" adapterTypeName="Microsoft.VisualStudio.TestTools.TestTypes.Unit.UnitTestAdapter" className="d:\v2.0\a1\_work\dbded102\vso\tfs\service\webaccess\dashboards\testscripts\tests\tfstests.dashboards.l2menu.ts::tfstests.dashboards" name="TFSTests.Dashboards.L2Menu DashboardsTabs - batchRenderTabInPositionOrder with tabs" />
    </UnitTest>
    <UnitTest name="TFSTests.Dashboards.L2Menu DashboardTab - createDashboardLink null dashboard id" storage="d:\v2.0\a1\_work\dbded102\vso\tfs\service\webaccess\dashboards\testscripts\tests\tfstests.dashboards.l2menu.ts" id="ac5a048a-6b86-4956-b8b3-c6493d4e5bca">
      <Execution id="fb2586d1-9606-4e57-8200-fc9ac182b1bf" />
      <TestMethod codeBase="d:\v2.0\a1\_work\dbded102\vso\tfs\service\webaccess\dashboards\testscripts\tests\tfstests.dashboards.l2menu.ts" adapterTypeName="Microsoft.VisualStudio.TestTools.TestTypes.Unit.UnitTestAdapter" className="d:\v2.0\a1\_work\dbded102\vso\tfs\service\webaccess\dashboards\testscripts\tests\tfstests.dashboards.l2menu.ts::tfstests.dashboards" name="TFSTests.Dashboards.L2Menu DashboardTab - createDashboardLink null dashboard id" />
    </UnitTest>
    <UnitTest name="TFSTests.Dashboards.L2Menu DashboardTab - createDashboardLink dashboard id defined" storage="d:\v2.0\a1\_work\dbded102\vso\tfs\service\webaccess\dashboards\testscripts\tests\tfstests.dashboards.l2menu.ts" id="2ba7648f-1615-4308-8976-1ade55ee9728">
      <Execution id="226feca9-7453-4d60-ba49-c7261c028f55" />
      <TestMethod codeBase="d:\v2.0\a1\_work\dbded102\vso\tfs\service\webaccess\dashboards\testscripts\tests\tfstests.dashboards.l2menu.ts" adapterTypeName="Microsoft.VisualStudio.TestTools.TestTypes.Unit.UnitTestAdapter" className="d:\v2.0\a1\_work\dbded102\vso\tfs\service\webaccess\dashboards\testscripts\tests\tfstests.dashboards.l2menu.ts::tfstests.dashboards" name="TFSTests.Dashboards.L2Menu DashboardTab - createDashboardLink dashboard id defined" />
    </UnitTest>
    <UnitTest name="TFSTests.Dashboards.L2Menu DashboardTab - createDashboardTab active tab" storage="d:\v2.0\a1\_work\dbded102\vso\tfs\service\webaccess\dashboards\testscripts\tests\tfstests.dashboards.l2menu.ts" id="4274f90a-cbf4-4d11-9000-d81a9d89fc47">
      <Execution id="d3d951db-3a71-40bb-b1fe-1295d78d258a" />
      <TestMethod codeBase="d:\v2.0\a1\_work\dbded102\vso\tfs\service\webaccess\dashboards\testscripts\tests\tfstests.dashboards.l2menu.ts" adapterTypeName="Microsoft.VisualStudio.TestTools.TestTypes.Unit.UnitTestAdapter" className="d:\v2.0\a1\_work\dbded102\vso\tfs\service\webaccess\dashboards\testscripts\tests\tfstests.dashboards.l2menu.ts::tfstests.dashboards" name="TFSTests.Dashboards.L2Menu DashboardTab - createDashboardTab active tab" />
    </UnitTest>
    <UnitTest name="TFSTests.Dashboards.L2Menu DashboardTab - createDashboardTab inactive tab" storage="d:\v2.0\a1\_work\dbded102\vso\tfs\service\webaccess\dashboards\testscripts\tests\tfstests.dashboards.l2menu.ts" id="51fec8ce-d206-45b3-bda6-f6057e1ba610">
      <Execution id="9359862f-1b8d-432d-a935-6e8791fc4a83" />
      <TestMethod codeBase="d:\v2.0\a1\_work\dbded102\vso\tfs\service\webaccess\dashboards\testscripts\tests\tfstests.dashboards.l2menu.ts" adapterTypeName="Microsoft.VisualStudio.TestTools.TestTypes.Unit.UnitTestAdapter" className="d:\v2.0\a1\_work\dbded102\vso\tfs\service\webaccess\dashboards\testscripts\tests\tfstests.dashboards.l2menu.ts::tfstests.dashboards" name="TFSTests.Dashboards.L2Menu DashboardTab - createDashboardTab inactive tab" />
    </UnitTest>
    <UnitTest name="TFSTests.Dashboards.L2Menu DashboardTab - createDashboardTab link url" storage="d:\v2.0\a1\_work\dbded102\vso\tfs\service\webaccess\dashboards\testscripts\tests\tfstests.dashboards.l2menu.ts" id="52a56ba7-9ce3-4a1a-bbd3-821d9d366e76">
      <Execution id="34c4b3d5-1e3a-4af0-b574-3ad31ec2157d" />
      <TestMethod codeBase="d:\v2.0\a1\_work\dbded102\vso\tfs\service\webaccess\dashboards\testscripts\tests\tfstests.dashboards.l2menu.ts" adapterTypeName="Microsoft.VisualStudio.TestTools.TestTypes.Unit.UnitTestAdapter" className="d:\v2.0\a1\_work\dbded102\vso\tfs\service\webaccess\dashboards\testscripts\tests\tfstests.dashboards.l2menu.ts::tfstests.dashboards" name="TFSTests.Dashboards.L2Menu DashboardTab - createDashboardTab link url" />
    </UnitTest>
    <UnitTest name="TFSTests.Dashboards.L2Menu DashboardTab - createDashboardTab link name" storage="d:\v2.0\a1\_work\dbded102\vso\tfs\service\webaccess\dashboards\testscripts\tests\tfstests.dashboards.l2menu.ts" id="30e9d1d7-cbb6-4857-8e56-6911a74b738b">
      <Execution id="104af8a6-cf91-4a3f-924e-69c834b548e9" />
      <TestMethod codeBase="d:\v2.0\a1\_work\dbded102\vso\tfs\service\webaccess\dashboards\testscripts\tests\tfstests.dashboards.l2menu.ts" adapterTypeName="Microsoft.VisualStudio.TestTools.TestTypes.Unit.UnitTestAdapter" className="d:\v2.0\a1\_work\dbded102\vso\tfs\service\webaccess\dashboards\testscripts\tests\tfstests.dashboards.l2menu.ts::tfstests.dashboards" name="TFSTests.Dashboards.L2Menu DashboardTab - createDashboardTab link name" />
    </UnitTest>
    <UnitTest name="TFSTests.Dashboards.L2Menu DashboardTab - data attribute" storage="d:\v2.0\a1\_work\dbded102\vso\tfs\service\webaccess\dashboards\testscripts\tests\tfstests.dashboards.l2menu.ts" id="895f7857-eab1-4ad1-ae74-dddb3ecd2a6d">
      <Execution id="f069b5d7-66e3-4c5b-8032-81afd7d27c46" />
      <TestMethod codeBase="d:\v2.0\a1\_work\dbded102\vso\tfs\service\webaccess\dashboards\testscripts\tests\tfstests.dashboards.l2menu.ts" adapterTypeName="Microsoft.VisualStudio.TestTools.TestTypes.Unit.UnitTestAdapter" className="d:\v2.0\a1\_work\dbded102\vso\tfs\service\webaccess\dashboards\testscripts\tests\tfstests.dashboards.l2menu.ts::tfstests.dashboards" name="TFSTests.Dashboards.L2Menu DashboardTab - data attribute" />
    </UnitTest>
    <UnitTest name="TFSTests.Dashboards.L2Menu DashboardsInlineEditorPanel - on render create an hidden textbox" storage="d:\v2.0\a1\_work\dbded102\vso\tfs\service\webaccess\dashboards\testscripts\tests\tfstests.dashboards.l2menu.ts" id="7ef45224-ccaa-4da6-b668-5d65cc3d801a">
      <Execution id="5b0deee6-c0bd-4276-b09e-563346018735" />
      <TestMethod codeBase="d:\v2.0\a1\_work\dbded102\vso\tfs\service\webaccess\dashboards\testscripts\tests\tfstests.dashboards.l2menu.ts" adapterTypeName="Microsoft.VisualStudio.TestTools.TestTypes.Unit.UnitTestAdapter" className="d:\v2.0\a1\_work\dbded102\vso\tfs\service\webaccess\dashboards\testscripts\tests\tfstests.dashboards.l2menu.ts::tfstests.dashboards" name="TFSTests.Dashboards.L2Menu DashboardsInlineEditorPanel - on render create an hidden textbox" />
    </UnitTest>
    <UnitTest name="TFSTests.Dashboards.L2Menu DashboardsInlineEditorPanel - on render create an add dashboard button" storage="d:\v2.0\a1\_work\dbded102\vso\tfs\service\webaccess\dashboards\testscripts\tests\tfstests.dashboards.l2menu.ts" id="e43f5388-329c-4114-aedb-ee5d11f86be4">
      <Execution id="bfa6af54-1b05-45d6-998c-7c33ac74696b" />
      <TestMethod codeBase="d:\v2.0\a1\_work\dbded102\vso\tfs\service\webaccess\dashboards\testscripts\tests\tfstests.dashboards.l2menu.ts" adapterTypeName="Microsoft.VisualStudio.TestTools.TestTypes.Unit.UnitTestAdapter" className="d:\v2.0\a1\_work\dbded102\vso\tfs\service\webaccess\dashboards\testscripts\tests\tfstests.dashboards.l2menu.ts::tfstests.dashboards" name="TFSTests.Dashboards.L2Menu DashboardsInlineEditorPanel - on render create an add dashboard button" />
    </UnitTest>
    <UnitTest name="TFSTests.Dashboards.L2Menu DashboardsInlineEditorPanel - on render actions bound" storage="d:\v2.0\a1\_work\dbded102\vso\tfs\service\webaccess\dashboards\testscripts\tests\tfstests.dashboards.l2menu.ts" id="7aeb1d32-23d6-415a-a11a-2946446bc843">
      <Execution id="10a757cb-47cb-491c-9f3d-91289cfb6a49" />
      <TestMethod codeBase="d:\v2.0\a1\_work\dbded102\vso\tfs\service\webaccess\dashboards\testscripts\tests\tfstests.dashboards.l2menu.ts" adapterTypeName="Microsoft.VisualStudio.TestTools.TestTypes.Unit.UnitTestAdapter" className="d:\v2.0\a1\_work\dbded102\vso\tfs\service\webaccess\dashboards\testscripts\tests\tfstests.dashboards.l2menu.ts::tfstests.dashboards" name="TFSTests.Dashboards.L2Menu DashboardsInlineEditorPanel - on render actions bound" />
    </UnitTest>
    <UnitTest name="TFSTests.Dashboards.L2Menu DashboardsInlineEditorPanel - Toggle Add Button" storage="d:\v2.0\a1\_work\dbded102\vso\tfs\service\webaccess\dashboards\testscripts\tests\tfstests.dashboards.l2menu.ts" id="89708401-0b6f-49d7-b313-8af3cf980801">
      <Execution id="60efe5b7-bb48-4cf0-9824-d9427cf24c15" />
      <TestMethod codeBase="d:\v2.0\a1\_work\dbded102\vso\tfs\service\webaccess\dashboards\testscripts\tests\tfstests.dashboards.l2menu.ts" adapterTypeName="Microsoft.VisualStudio.TestTools.TestTypes.Unit.UnitTestAdapter" className="d:\v2.0\a1\_work\dbded102\vso\tfs\service\webaccess\dashboards\testscripts\tests\tfstests.dashboards.l2menu.ts::tfstests.dashboards" name="TFSTests.Dashboards.L2Menu DashboardsInlineEditorPanel - Toggle Add Button" />
    </UnitTest>
    <UnitTest name="TFSTests.Dashboards.L2Menu DashboardsInlineEditorPanel - Toggle Twice Add Button" storage="d:\v2.0\a1\_work\dbded102\vso\tfs\service\webaccess\dashboards\testscripts\tests\tfstests.dashboards.l2menu.ts" id="cff94079-3cbd-4084-b007-6c74c0bb305a">
      <Execution id="caad53be-9981-4056-a047-effed8ffa8f4" />
      <TestMethod codeBase="d:\v2.0\a1\_work\dbded102\vso\tfs\service\webaccess\dashboards\testscripts\tests\tfstests.dashboards.l2menu.ts" adapterTypeName="Microsoft.VisualStudio.TestTools.TestTypes.Unit.UnitTestAdapter" className="d:\v2.0\a1\_work\dbded102\vso\tfs\service\webaccess\dashboards\testscripts\tests\tfstests.dashboards.l2menu.ts::tfstests.dashboards" name="TFSTests.Dashboards.L2Menu DashboardsInlineEditorPanel - Toggle Twice Add Button" />
    </UnitTest>
    <UnitTest name="TFSTests.Dashboards.L2Menu DashboardsInlineEditorPanel - Hit Enter Can Save" storage="d:\v2.0\a1\_work\dbded102\vso\tfs\service\webaccess\dashboards\testscripts\tests\tfstests.dashboards.l2menu.ts" id="79233fdd-cbb8-4936-8846-e002adc91168">
      <Execution id="e64153a1-1303-470c-9496-57acc1eb21f4" />
      <TestMethod codeBase="d:\v2.0\a1\_work\dbded102\vso\tfs\service\webaccess\dashboards\testscripts\tests\tfstests.dashboards.l2menu.ts" adapterTypeName="Microsoft.VisualStudio.TestTools.TestTypes.Unit.UnitTestAdapter" className="d:\v2.0\a1\_work\dbded102\vso\tfs\service\webaccess\dashboards\testscripts\tests\tfstests.dashboards.l2menu.ts::tfstests.dashboards" name="TFSTests.Dashboards.L2Menu DashboardsInlineEditorPanel - Hit Enter Can Save" />
    </UnitTest>
    <UnitTest name="TFSTests.Dashboards.L2Menu DashboardsInlineEditorPanel - Hit Escape Can Cancel" storage="d:\v2.0\a1\_work\dbded102\vso\tfs\service\webaccess\dashboards\testscripts\tests\tfstests.dashboards.l2menu.ts" id="19bb8d28-8284-40df-bdc5-cddde3a531fd">
      <Execution id="8682d9a1-3a14-4c02-bfc6-f333c04c5568" />
      <TestMethod codeBase="d:\v2.0\a1\_work\dbded102\vso\tfs\service\webaccess\dashboards\testscripts\tests\tfstests.dashboards.l2menu.ts" adapterTypeName="Microsoft.VisualStudio.TestTools.TestTypes.Unit.UnitTestAdapter" className="d:\v2.0\a1\_work\dbded102\vso\tfs\service\webaccess\dashboards\testscripts\tests\tfstests.dashboards.l2menu.ts::tfstests.dashboards" name="TFSTests.Dashboards.L2Menu DashboardsInlineEditorPanel - Hit Escape Can Cancel" />
    </UnitTest>
    <UnitTest name="TFSTests.Dashboards.L2Menu DashboardsInlineEditorPanel - Hit something else than enter or escape Cannot Save" storage="d:\v2.0\a1\_work\dbded102\vso\tfs\service\webaccess\dashboards\testscripts\tests\tfstests.dashboards.l2menu.ts" id="7069c840-658f-40a6-9099-425c2b698fd5">
      <Execution id="849a0200-0fd5-4ea7-8466-592550c04bca" />
      <TestMethod codeBase="d:\v2.0\a1\_work\dbded102\vso\tfs\service\webaccess\dashboards\testscripts\tests\tfstests.dashboards.l2menu.ts" adapterTypeName="Microsoft.VisualStudio.TestTools.TestTypes.Unit.UnitTestAdapter" className="d:\v2.0\a1\_work\dbded102\vso\tfs\service\webaccess\dashboards\testscripts\tests\tfstests.dashboards.l2menu.ts::tfstests.dashboards" name="TFSTests.Dashboards.L2Menu DashboardsInlineEditorPanel - Hit something else than enter or escape Cannot Save" />
    </UnitTest>
    <UnitTest name="TFSTests.Dashboards.L2Menu DashboardsInlineEditorPanel - Save invalid dashboard" storage="d:\v2.0\a1\_work\dbded102\vso\tfs\service\webaccess\dashboards\testscripts\tests\tfstests.dashboards.l2menu.ts" id="e553586c-9e00-48b1-b0d8-d169ceceeeec">
      <Execution id="0f1f9ccc-cd2d-473c-952b-ee8530f8c3f2" />
      <TestMethod codeBase="d:\v2.0\a1\_work\dbded102\vso\tfs\service\webaccess\dashboards\testscripts\tests\tfstests.dashboards.l2menu.ts" adapterTypeName="Microsoft.VisualStudio.TestTools.TestTypes.Unit.UnitTestAdapter" className="d:\v2.0\a1\_work\dbded102\vso\tfs\service\webaccess\dashboards\testscripts\tests\tfstests.dashboards.l2menu.ts::tfstests.dashboards" name="TFSTests.Dashboards.L2Menu DashboardsInlineEditorPanel - Save invalid dashboard" />
    </UnitTest>
    <UnitTest name="TFSTests.Dashboards.L2Menu DashboardsInlineEditorPanel - hasDashboardInputDirty (text showed)" storage="d:\v2.0\a1\_work\dbded102\vso\tfs\service\webaccess\dashboards\testscripts\tests\tfstests.dashboards.l2menu.ts" id="7d44b00c-2958-4860-9c01-3f3872973309">
      <Execution id="9dfd798a-d7bc-4163-892a-67bfd18ad187" />
      <TestMethod codeBase="d:\v2.0\a1\_work\dbded102\vso\tfs\service\webaccess\dashboards\testscripts\tests\tfstests.dashboards.l2menu.ts" adapterTypeName="Microsoft.VisualStudio.TestTools.TestTypes.Unit.UnitTestAdapter" className="d:\v2.0\a1\_work\dbded102\vso\tfs\service\webaccess\dashboards\testscripts\tests\tfstests.dashboards.l2menu.ts::tfstests.dashboards" name="TFSTests.Dashboards.L2Menu DashboardsInlineEditorPanel - hasDashboardInputDirty (text showed)" />
    </UnitTest>
    <UnitTest name="TFSTests.Dashboards.L2Menu DashboardsInlineEditorPanel - hasDashboardInputDirty (text but not showed)" storage="d:\v2.0\a1\_work\dbded102\vso\tfs\service\webaccess\dashboards\testscripts\tests\tfstests.dashboards.l2menu.ts" id="9c7f4f27-05eb-4675-8d33-b2e275b611f9">
      <Execution id="8274e1d4-4021-4997-a562-e492eeec2fad" />
      <TestMethod codeBase="d:\v2.0\a1\_work\dbded102\vso\tfs\service\webaccess\dashboards\testscripts\tests\tfstests.dashboards.l2menu.ts" adapterTypeName="Microsoft.VisualStudio.TestTools.TestTypes.Unit.UnitTestAdapter" className="d:\v2.0\a1\_work\dbded102\vso\tfs\service\webaccess\dashboards\testscripts\tests\tfstests.dashboards.l2menu.ts::tfstests.dashboards" name="TFSTests.Dashboards.L2Menu DashboardsInlineEditorPanel - hasDashboardInputDirty (text but not showed)" />
    </UnitTest>
    <UnitTest name="TFSTests.Dashboards.L2Menu DashboardsInlineEditorPanel - bindControlsActions (click)" storage="d:\v2.0\a1\_work\dbded102\vso\tfs\service\webaccess\dashboards\testscripts\tests\tfstests.dashboards.l2menu.ts" id="47b0c13f-4eb0-49aa-9bc8-619de7291184">
      <Execution id="81c7d472-a637-439f-95b1-b46002dbe40d" />
      <TestMethod codeBase="d:\v2.0\a1\_work\dbded102\vso\tfs\service\webaccess\dashboards\testscripts\tests\tfstests.dashboards.l2menu.ts" adapterTypeName="Microsoft.VisualStudio.TestTools.TestTypes.Unit.UnitTestAdapter" className="d:\v2.0\a1\_work\dbded102\vso\tfs\service\webaccess\dashboards\testscripts\tests\tfstests.dashboards.l2menu.ts::tfstests.dashboards" name="TFSTests.Dashboards.L2Menu DashboardsInlineEditorPanel - bindControlsActions (click)" />
    </UnitTest>
    <UnitTest name="TFSTests.Dashboards.L2Menu DashboardsInlineEditorPanel - bindControlsActions (keyup)" storage="d:\v2.0\a1\_work\dbded102\vso\tfs\service\webaccess\dashboards\testscripts\tests\tfstests.dashboards.l2menu.ts" id="bad4a547-8e4b-41a6-bf0e-edd8d1571d14">
      <Execution id="796ac11f-1e70-4770-8a47-95f778b83fb0" />
      <TestMethod codeBase="d:\v2.0\a1\_work\dbded102\vso\tfs\service\webaccess\dashboards\testscripts\tests\tfstests.dashboards.l2menu.ts" adapterTypeName="Microsoft.VisualStudio.TestTools.TestTypes.Unit.UnitTestAdapter" className="d:\v2.0\a1\_work\dbded102\vso\tfs\service\webaccess\dashboards\testscripts\tests\tfstests.dashboards.l2menu.ts::tfstests.dashboards" name="TFSTests.Dashboards.L2Menu DashboardsInlineEditorPanel - bindControlsActions (keyup)" />
    </UnitTest>
    <UnitTest name="TFSTests.Dashboards.L2Menu DashboardsInlineEditorPanel - bindControlsActions (on focus)" storage="d:\v2.0\a1\_work\dbded102\vso\tfs\service\webaccess\dashboards\testscripts\tests\tfstests.dashboards.l2menu.ts" id="e543953b-8d78-4711-9b37-71e50e054bd2">
      <Execution id="641df2e7-1ce7-40c3-9c35-43efaedc89d0" />
      <TestMethod codeBase="d:\v2.0\a1\_work\dbded102\vso\tfs\service\webaccess\dashboards\testscripts\tests\tfstests.dashboards.l2menu.ts" adapterTypeName="Microsoft.VisualStudio.TestTools.TestTypes.Unit.UnitTestAdapter" className="d:\v2.0\a1\_work\dbded102\vso\tfs\service\webaccess\dashboards\testscripts\tests\tfstests.dashboards.l2menu.ts::tfstests.dashboards" name="TFSTests.Dashboards.L2Menu DashboardsInlineEditorPanel - bindControlsActions (on focus)" />
    </UnitTest>
    <UnitTest name="TFSTests.Dashboards.L2Menu DashboardsInlineEditorPanel - bindControlsActions (on click open)" storage="d:\v2.0\a1\_work\dbded102\vso\tfs\service\webaccess\dashboards\testscripts\tests\tfstests.dashboards.l2menu.ts" id="010641cf-bd69-4c1b-bc0b-19281c8453dd">
      <Execution id="cc55de9b-2bbe-4fa8-8991-006024c5bd2a" />
      <TestMethod codeBase="d:\v2.0\a1\_work\dbded102\vso\tfs\service\webaccess\dashboards\testscripts\tests\tfstests.dashboards.l2menu.ts" adapterTypeName="Microsoft.VisualStudio.TestTools.TestTypes.Unit.UnitTestAdapter" className="d:\v2.0\a1\_work\dbded102\vso\tfs\service\webaccess\dashboards\testscripts\tests\tfstests.dashboards.l2menu.ts::tfstests.dashboards" name="TFSTests.Dashboards.L2Menu DashboardsInlineEditorPanel - bindControlsActions (on click open)" />
    </UnitTest>
    <UnitTest name="TFSTests.Dashboards.L2Menu DashboardsInlineEditorPanel - bindControlsActions (on click close)" storage="d:\v2.0\a1\_work\dbded102\vso\tfs\service\webaccess\dashboards\testscripts\tests\tfstests.dashboards.l2menu.ts" id="ebeb1a4b-b413-4a30-b433-5ab14092da88">
      <Execution id="d24a5046-d924-47f3-a02b-d03ecd213c9a" />
      <TestMethod codeBase="d:\v2.0\a1\_work\dbded102\vso\tfs\service\webaccess\dashboards\testscripts\tests\tfstests.dashboards.l2menu.ts" adapterTypeName="Microsoft.VisualStudio.TestTools.TestTypes.Unit.UnitTestAdapter" className="d:\v2.0\a1\_work\dbded102\vso\tfs\service\webaccess\dashboards\testscripts\tests\tfstests.dashboards.l2menu.ts::tfstests.dashboards" name="TFSTests.Dashboards.L2Menu DashboardsInlineEditorPanel - bindControlsActions (on click close)" />
    </UnitTest>
    <UnitTest name="TFSTests.Dashboards.L2Menu DashboardsInlineEditorPanel - handleClickedEvents (cancel)" storage="d:\v2.0\a1\_work\dbded102\vso\tfs\service\webaccess\dashboards\testscripts\tests\tfstests.dashboards.l2menu.ts" id="6a4429bc-8054-4cff-985a-8b6cf3bf35ac">
      <Execution id="6376d4e1-c445-435d-896d-0665c979a533" />
      <TestMethod codeBase="d:\v2.0\a1\_work\dbded102\vso\tfs\service\webaccess\dashboards\testscripts\tests\tfstests.dashboards.l2menu.ts" adapterTypeName="Microsoft.VisualStudio.TestTools.TestTypes.Unit.UnitTestAdapter" className="d:\v2.0\a1\_work\dbded102\vso\tfs\service\webaccess\dashboards\testscripts\tests\tfstests.dashboards.l2menu.ts::tfstests.dashboards" name="TFSTests.Dashboards.L2Menu DashboardsInlineEditorPanel - handleClickedEvents (cancel)" />
    </UnitTest>
    <UnitTest name="TFSTests.Dashboards.L2Menu DashboardsInlineEditorPanel - handleClickedEvents (outside editor)" storage="d:\v2.0\a1\_work\dbded102\vso\tfs\service\webaccess\dashboards\testscripts\tests\tfstests.dashboards.l2menu.ts" id="48c99dee-6dd4-40a2-bf2b-1e4dc431fb30">
      <Execution id="cc0e084d-7b60-4f1d-874b-899d8faa38e7" />
      <TestMethod codeBase="d:\v2.0\a1\_work\dbded102\vso\tfs\service\webaccess\dashboards\testscripts\tests\tfstests.dashboards.l2menu.ts" adapterTypeName="Microsoft.VisualStudio.TestTools.TestTypes.Unit.UnitTestAdapter" className="d:\v2.0\a1\_work\dbded102\vso\tfs\service\webaccess\dashboards\testscripts\tests\tfstests.dashboards.l2menu.ts::tfstests.dashboards" name="TFSTests.Dashboards.L2Menu DashboardsInlineEditorPanel - handleClickedEvents (outside editor)" />
    </UnitTest>
    <UnitTest name="TFSTests.Dashboards.L2Menu DashboardsInlineEditorPanel - isOpen (closed)" storage="d:\v2.0\a1\_work\dbded102\vso\tfs\service\webaccess\dashboards\testscripts\tests\tfstests.dashboards.l2menu.ts" id="58daa676-958e-422d-be4e-1cf1eb6ea0e9">
      <Execution id="1e24cb33-b932-4ae9-a14f-f12d6e34e04a" />
      <TestMethod codeBase="d:\v2.0\a1\_work\dbded102\vso\tfs\service\webaccess\dashboards\testscripts\tests\tfstests.dashboards.l2menu.ts" adapterTypeName="Microsoft.VisualStudio.TestTools.TestTypes.Unit.UnitTestAdapter" className="d:\v2.0\a1\_work\dbded102\vso\tfs\service\webaccess\dashboards\testscripts\tests\tfstests.dashboards.l2menu.ts::tfstests.dashboards" name="TFSTests.Dashboards.L2Menu DashboardsInlineEditorPanel - isOpen (closed)" />
    </UnitTest>
    <UnitTest name="TFSTests.Dashboards.L2Menu DashboardsInlineEditorPanel - isOpen (open)" storage="d:\v2.0\a1\_work\dbded102\vso\tfs\service\webaccess\dashboards\testscripts\tests\tfstests.dashboards.l2menu.ts" id="211a8905-c30e-4774-8d70-f55719be302a">
      <Execution id="83897c90-4cbf-41ec-9fd4-a7801b6ea834" />
      <TestMethod codeBase="d:\v2.0\a1\_work\dbded102\vso\tfs\service\webaccess\dashboards\testscripts\tests\tfstests.dashboards.l2menu.ts" adapterTypeName="Microsoft.VisualStudio.TestTools.TestTypes.Unit.UnitTestAdapter" className="d:\v2.0\a1\_work\dbded102\vso\tfs\service\webaccess\dashboards\testscripts\tests\tfstests.dashboards.l2menu.ts::tfstests.dashboards" name="TFSTests.Dashboards.L2Menu DashboardsInlineEditorPanel - isOpen (open)" />
    </UnitTest>
    <UnitTest name="TFSTests.Dashboards.L2Menu DashboardsInlineEditorPanel - onFocusTextbox" storage="d:\v2.0\a1\_work\dbded102\vso\tfs\service\webaccess\dashboards\testscripts\tests\tfstests.dashboards.l2menu.ts" id="1e1d16c2-4400-4aee-9455-f2b8e100bb54">
      <Execution id="12224fe5-53c5-4876-9952-9160b5b4db66" />
      <TestMethod codeBase="d:\v2.0\a1\_work\dbded102\vso\tfs\service\webaccess\dashboards\testscripts\tests\tfstests.dashboards.l2menu.ts" adapterTypeName="Microsoft.VisualStudio.TestTools.TestTypes.Unit.UnitTestAdapter" className="d:\v2.0\a1\_work\dbded102\vso\tfs\service\webaccess\dashboards\testscripts\tests\tfstests.dashboards.l2menu.ts::tfstests.dashboards" name="TFSTests.Dashboards.L2Menu DashboardsInlineEditorPanel - onFocusTextbox" />
    </UnitTest>
    <UnitTest name="TFSTests.Dashboards.L2Menu DashboardsInlineEditorPanel - onLostFocusTextbox" storage="d:\v2.0\a1\_work\dbded102\vso\tfs\service\webaccess\dashboards\testscripts\tests\tfstests.dashboards.l2menu.ts" id="9f435d75-046b-4788-903f-b4613f72dc70">
      <Execution id="23afdb79-b57d-47a2-b11d-c94363762c53" />
      <TestMethod codeBase="d:\v2.0\a1\_work\dbded102\vso\tfs\service\webaccess\dashboards\testscripts\tests\tfstests.dashboards.l2menu.ts" adapterTypeName="Microsoft.VisualStudio.TestTools.TestTypes.Unit.UnitTestAdapter" className="d:\v2.0\a1\_work\dbded102\vso\tfs\service\webaccess\dashboards\testscripts\tests\tfstests.dashboards.l2menu.ts::tfstests.dashboards" name="TFSTests.Dashboards.L2Menu DashboardsInlineEditorPanel - onLostFocusTextbox" />
    </UnitTest>
    <UnitTest name="TFSTests.Dashboards.L2Menu DashboardsInlineEditorPanel - onDashboardCountChange (not max count)" storage="d:\v2.0\a1\_work\dbded102\vso\tfs\service\webaccess\dashboards\testscripts\tests\tfstests.dashboards.l2menu.ts" id="eae443ae-0685-4f8b-963b-7666293352ed">
      <Execution id="2f6695f9-4ef2-48ef-b3f9-149a42e39c02" />
      <TestMethod codeBase="d:\v2.0\a1\_work\dbded102\vso\tfs\service\webaccess\dashboards\testscripts\tests\tfstests.dashboards.l2menu.ts" adapterTypeName="Microsoft.VisualStudio.TestTools.TestTypes.Unit.UnitTestAdapter" className="d:\v2.0\a1\_work\dbded102\vso\tfs\service\webaccess\dashboards\testscripts\tests\tfstests.dashboards.l2menu.ts::tfstests.dashboards" name="TFSTests.Dashboards.L2Menu DashboardsInlineEditorPanel - onDashboardCountChange (not max count)" />
    </UnitTest>
    <UnitTest name="TFSTests.Dashboards.L2Menu DashboardsInlineEditorPanel - onDashboardCountChange (max count)" storage="d:\v2.0\a1\_work\dbded102\vso\tfs\service\webaccess\dashboards\testscripts\tests\tfstests.dashboards.l2menu.ts" id="dc20f033-ab1c-4e4d-8197-e32f236a51e2">
      <Execution id="9c2c88a9-0a2c-4a52-b6f6-7df91ef809db" />
      <TestMethod codeBase="d:\v2.0\a1\_work\dbded102\vso\tfs\service\webaccess\dashboards\testscripts\tests\tfstests.dashboards.l2menu.ts" adapterTypeName="Microsoft.VisualStudio.TestTools.TestTypes.Unit.UnitTestAdapter" className="d:\v2.0\a1\_work\dbded102\vso\tfs\service\webaccess\dashboards\testscripts\tests\tfstests.dashboards.l2menu.ts::tfstests.dashboards" name="TFSTests.Dashboards.L2Menu DashboardsInlineEditorPanel - onDashboardCountChange (max count)" />
    </UnitTest>
    <UnitTest name="TFSTests.Dashboards.L2Menu DashboardsInlineEditorPanel - saveDashboard (valid + save success)" storage="d:\v2.0\a1\_work\dbded102\vso\tfs\service\webaccess\dashboards\testscripts\tests\tfstests.dashboards.l2menu.ts" id="37103375-7031-49da-83fe-8bd9893d67cf">
      <Execution id="28e76904-5965-4905-b805-6b72a727de2a" />
      <TestMethod codeBase="d:\v2.0\a1\_work\dbded102\vso\tfs\service\webaccess\dashboards\testscripts\tests\tfstests.dashboards.l2menu.ts" adapterTypeName="Microsoft.VisualStudio.TestTools.TestTypes.Unit.UnitTestAdapter" className="d:\v2.0\a1\_work\dbded102\vso\tfs\service\webaccess\dashboards\testscripts\tests\tfstests.dashboards.l2menu.ts::tfstests.dashboards" name="TFSTests.Dashboards.L2Menu DashboardsInlineEditorPanel - saveDashboard (valid + save success)" />
    </UnitTest>
    <UnitTest name="TFSTests.Dashboards.L2Menu DashboardsInlineEditorPanel - saveDashboard (valid + save fail)" storage="d:\v2.0\a1\_work\dbded102\vso\tfs\service\webaccess\dashboards\testscripts\tests\tfstests.dashboards.l2menu.ts" id="5be8197e-08f6-4868-9aa5-a106abac3222">
      <Execution id="9b870adf-458c-4b12-b127-55d20d863b78" />
      <TestMethod codeBase="d:\v2.0\a1\_work\dbded102\vso\tfs\service\webaccess\dashboards\testscripts\tests\tfstests.dashboards.l2menu.ts" adapterTypeName="Microsoft.VisualStudio.TestTools.TestTypes.Unit.UnitTestAdapter" className="d:\v2.0\a1\_work\dbded102\vso\tfs\service\webaccess\dashboards\testscripts\tests\tfstests.dashboards.l2menu.ts::tfstests.dashboards" name="TFSTests.Dashboards.L2Menu DashboardsInlineEditorPanel - saveDashboard (valid + save fail)" />
    </UnitTest>
    <UnitTest name="TFSTests.Dashboards.L2Menu DashboardsInlineEditorPanel - saveDashboard (invalid)" storage="d:\v2.0\a1\_work\dbded102\vso\tfs\service\webaccess\dashboards\testscripts\tests\tfstests.dashboards.l2menu.ts" id="6c8bf6a5-89fb-4590-8014-20111b124c4c">
      <Execution id="81c3cc29-8109-4eed-8c2a-61d4b56d71c2" />
      <TestMethod codeBase="d:\v2.0\a1\_work\dbded102\vso\tfs\service\webaccess\dashboards\testscripts\tests\tfstests.dashboards.l2menu.ts" adapterTypeName="Microsoft.VisualStudio.TestTools.TestTypes.Unit.UnitTestAdapter" className="d:\v2.0\a1\_work\dbded102\vso\tfs\service\webaccess\dashboards\testscripts\tests\tfstests.dashboards.l2menu.ts::tfstests.dashboards" name="TFSTests.Dashboards.L2Menu DashboardsInlineEditorPanel - saveDashboard (invalid)" />
    </UnitTest>
    <UnitTest name="TFSTests.Dashboards.L2Menu DashboardsInlineEditorPanel - validateDashboardName (null)" storage="d:\v2.0\a1\_work\dbded102\vso\tfs\service\webaccess\dashboards\testscripts\tests\tfstests.dashboards.l2menu.ts" id="4c69ddd1-f03b-42be-9db0-9204a1ecd0d5">
      <Execution id="3de431fe-b5b8-4194-8695-d874a153c61e" />
      <TestMethod codeBase="d:\v2.0\a1\_work\dbded102\vso\tfs\service\webaccess\dashboards\testscripts\tests\tfstests.dashboards.l2menu.ts" adapterTypeName="Microsoft.VisualStudio.TestTools.TestTypes.Unit.UnitTestAdapter" className="d:\v2.0\a1\_work\dbded102\vso\tfs\service\webaccess\dashboards\testscripts\tests\tfstests.dashboards.l2menu.ts::tfstests.dashboards" name="TFSTests.Dashboards.L2Menu DashboardsInlineEditorPanel - validateDashboardName (null)" />
    </UnitTest>
    <UnitTest name="TFSTests.Dashboards.L2Menu DashboardsInlineEditorPanel - validateDashboardName (empty)" storage="d:\v2.0\a1\_work\dbded102\vso\tfs\service\webaccess\dashboards\testscripts\tests\tfstests.dashboards.l2menu.ts" id="f282a694-c6ad-4a62-98cb-3c0d4b3c4099">
      <Execution id="94954dc3-7063-4e3e-8d65-df3d8d5b49fd" />
      <TestMethod codeBase="d:\v2.0\a1\_work\dbded102\vso\tfs\service\webaccess\dashboards\testscripts\tests\tfstests.dashboards.l2menu.ts" adapterTypeName="Microsoft.VisualStudio.TestTools.TestTypes.Unit.UnitTestAdapter" className="d:\v2.0\a1\_work\dbded102\vso\tfs\service\webaccess\dashboards\testscripts\tests\tfstests.dashboards.l2menu.ts::tfstests.dashboards" name="TFSTests.Dashboards.L2Menu DashboardsInlineEditorPanel - validateDashboardName (empty)" />
    </UnitTest>
    <UnitTest name="TFSTests.Dashboards.L2Menu DashboardsInlineEditorPanel - validateDashboardName (long name)" storage="d:\v2.0\a1\_work\dbded102\vso\tfs\service\webaccess\dashboards\testscripts\tests\tfstests.dashboards.l2menu.ts" id="c016ed9e-67b0-4f67-968a-992aa2d67fce">
      <Execution id="46c700ac-aa40-460f-9656-c5bd22b557d6" />
      <TestMethod codeBase="d:\v2.0\a1\_work\dbded102\vso\tfs\service\webaccess\dashboards\testscripts\tests\tfstests.dashboards.l2menu.ts" adapterTypeName="Microsoft.VisualStudio.TestTools.TestTypes.Unit.UnitTestAdapter" className="d:\v2.0\a1\_work\dbded102\vso\tfs\service\webaccess\dashboards\testscripts\tests\tfstests.dashboards.l2menu.ts::tfstests.dashboards" name="TFSTests.Dashboards.L2Menu DashboardsInlineEditorPanel - validateDashboardName (long name)" />
    </UnitTest>
    <UnitTest name="TFSTests.Dashboards.L2Menu DashboardsInlineEditorPanel - validateDashboardName (valid name)" storage="d:\v2.0\a1\_work\dbded102\vso\tfs\service\webaccess\dashboards\testscripts\tests\tfstests.dashboards.l2menu.ts" id="e5ebd940-2617-4276-aa4a-1b191feab000">
      <Execution id="6f67e830-c7ec-4332-8f79-ad20b5ad921b" />
      <TestMethod codeBase="d:\v2.0\a1\_work\dbded102\vso\tfs\service\webaccess\dashboards\testscripts\tests\tfstests.dashboards.l2menu.ts" adapterTypeName="Microsoft.VisualStudio.TestTools.TestTypes.Unit.UnitTestAdapter" className="d:\v2.0\a1\_work\dbded102\vso\tfs\service\webaccess\dashboards\testscripts\tests\tfstests.dashboards.l2menu.ts::tfstests.dashboards" name="TFSTests.Dashboards.L2Menu DashboardsInlineEditorPanel - validateDashboardName (valid name)" />
    </UnitTest>
    <UnitTest name="TFSTests.Dashboards.L2Menu DashboardsInlineEditorPanel - validateDashboardCount (under limit)" storage="d:\v2.0\a1\_work\dbded102\vso\tfs\service\webaccess\dashboards\testscripts\tests\tfstests.dashboards.l2menu.ts" id="cc5e5a63-ca0e-4b72-aeea-9f4dbee74172">
      <Execution id="982d6274-844e-4208-92b7-37e1d31647d3" />
      <TestMethod codeBase="d:\v2.0\a1\_work\dbded102\vso\tfs\service\webaccess\dashboards\testscripts\tests\tfstests.dashboards.l2menu.ts" adapterTypeName="Microsoft.VisualStudio.TestTools.TestTypes.Unit.UnitTestAdapter" className="d:\v2.0\a1\_work\dbded102\vso\tfs\service\webaccess\dashboards\testscripts\tests\tfstests.dashboards.l2menu.ts::tfstests.dashboards" name="TFSTests.Dashboards.L2Menu DashboardsInlineEditorPanel - validateDashboardCount (under limit)" />
    </UnitTest>
    <UnitTest name="TFSTests.Dashboards.L2Menu DashboardsInlineEditorPanel - validateDashboardCount (above limit)" storage="d:\v2.0\a1\_work\dbded102\vso\tfs\service\webaccess\dashboards\testscripts\tests\tfstests.dashboards.l2menu.ts" id="b05d6377-181c-40b5-a756-698a6d442a71">
      <Execution id="3b227552-ce8b-4de1-b327-a8ccc80814ef" />
      <TestMethod codeBase="d:\v2.0\a1\_work\dbded102\vso\tfs\service\webaccess\dashboards\testscripts\tests\tfstests.dashboards.l2menu.ts" adapterTypeName="Microsoft.VisualStudio.TestTools.TestTypes.Unit.UnitTestAdapter" className="d:\v2.0\a1\_work\dbded102\vso\tfs\service\webaccess\dashboards\testscripts\tests\tfstests.dashboards.l2menu.ts::tfstests.dashboards" name="TFSTests.Dashboards.L2Menu DashboardsInlineEditorPanel - validateDashboardCount (above limit)" />
    </UnitTest>
    <UnitTest name="TFSTests.Dashboards.L2Menu DashboardsInlineEditorPanel - Hit backspace show the placeholder" storage="d:\v2.0\a1\_work\dbded102\vso\tfs\service\webaccess\dashboards\testscripts\tests\tfstests.dashboards.l2menu.ts" id="03ca1df6-8c5e-4eae-b130-8bc8dc0eb4ab">
      <Execution id="f80195ac-10d8-4050-b1e0-11ac3aa7e0f1" />
      <TestMethod codeBase="d:\v2.0\a1\_work\dbded102\vso\tfs\service\webaccess\dashboards\testscripts\tests\tfstests.dashboards.l2menu.ts" adapterTypeName="Microsoft.VisualStudio.TestTools.TestTypes.Unit.UnitTestAdapter" className="d:\v2.0\a1\_work\dbded102\vso\tfs\service\webaccess\dashboards\testscripts\tests\tfstests.dashboards.l2menu.ts::tfstests.dashboards" name="TFSTests.Dashboards.L2Menu DashboardsInlineEditorPanel - Hit backspace show the placeholder" />
    </UnitTest>
    <UnitTest name="TFSTests.Dashboards.L2Menu DashboardsInlineEditorPanel - Hit backspace doesn't show the placeholder" storage="d:\v2.0\a1\_work\dbded102\vso\tfs\service\webaccess\dashboards\testscripts\tests\tfstests.dashboards.l2menu.ts" id="d2ca219a-e09d-4344-8736-d17f481ccc26">
      <Execution id="ffb18028-b379-482e-b7ad-4d993b03d1a5" />
      <TestMethod codeBase="d:\v2.0\a1\_work\dbded102\vso\tfs\service\webaccess\dashboards\testscripts\tests\tfstests.dashboards.l2menu.ts" adapterTypeName="Microsoft.VisualStudio.TestTools.TestTypes.Unit.UnitTestAdapter" className="d:\v2.0\a1\_work\dbded102\vso\tfs\service\webaccess\dashboards\testscripts\tests\tfstests.dashboards.l2menu.ts::tfstests.dashboards" name="TFSTests.Dashboards.L2Menu DashboardsInlineEditorPanel - Hit backspace doesn't show the placeholder" />
    </UnitTest>
    <UnitTest name="TFSTests.Dashboards.L2Menu DashboardsInlineEditorPanel - keyup" storage="d:\v2.0\a1\_work\dbded102\vso\tfs\service\webaccess\dashboards\testscripts\tests\tfstests.dashboards.l2menu.ts" id="2cc74191-a6f5-41fa-84b5-f1bb273feccc">
      <Execution id="8b6baf4b-26ad-44d5-b061-25b9be636ade" />
      <TestMethod codeBase="d:\v2.0\a1\_work\dbded102\vso\tfs\service\webaccess\dashboards\testscripts\tests\tfstests.dashboards.l2menu.ts" adapterTypeName="Microsoft.VisualStudio.TestTools.TestTypes.Unit.UnitTestAdapter" className="d:\v2.0\a1\_work\dbded102\vso\tfs\service\webaccess\dashboards\testscripts\tests\tfstests.dashboards.l2menu.ts::tfstests.dashboards" name="TFSTests.Dashboards.L2Menu DashboardsInlineEditorPanel - keyup" />
    </UnitTest>
    <UnitTest name="TFSTests.Dashboards.L2Menu DashboardsInlineEditorPanel - Hit delete show the placeholder" storage="d:\v2.0\a1\_work\dbded102\vso\tfs\service\webaccess\dashboards\testscripts\tests\tfstests.dashboards.l2menu.ts" id="28640dd6-89aa-4d35-be2d-e20ec2c0e6d5">
      <Execution id="7fefc5e8-475a-403a-889f-1c70c3e97106" />
      <TestMethod codeBase="d:\v2.0\a1\_work\dbded102\vso\tfs\service\webaccess\dashboards\testscripts\tests\tfstests.dashboards.l2menu.ts" adapterTypeName="Microsoft.VisualStudio.TestTools.TestTypes.Unit.UnitTestAdapter" className="d:\v2.0\a1\_work\dbded102\vso\tfs\service\webaccess\dashboards\testscripts\tests\tfstests.dashboards.l2menu.ts::tfstests.dashboards" name="TFSTests.Dashboards.L2Menu DashboardsInlineEditorPanel - Hit delete show the placeholder" />
    </UnitTest>
    <UnitTest name="TFSTests.Dashboards.L2Menu DashboardsInlineEditorPanel - Hit delete doesn't show the placeholder" storage="d:\v2.0\a1\_work\dbded102\vso\tfs\service\webaccess\dashboards\testscripts\tests\tfstests.dashboards.l2menu.ts" id="45218637-40fa-444f-aae9-32eeec91139a">
      <Execution id="de09a61f-96f4-45e9-a509-2809e5d5d195" />
      <TestMethod codeBase="d:\v2.0\a1\_work\dbded102\vso\tfs\service\webaccess\dashboards\testscripts\tests\tfstests.dashboards.l2menu.ts" adapterTypeName="Microsoft.VisualStudio.TestTools.TestTypes.Unit.UnitTestAdapter" className="d:\v2.0\a1\_work\dbded102\vso\tfs\service\webaccess\dashboards\testscripts\tests\tfstests.dashboards.l2menu.ts::tfstests.dashboards" name="TFSTests.Dashboards.L2Menu DashboardsInlineEditorPanel - Hit delete doesn't show the placeholder" />
    </UnitTest>
    <UnitTest name="TFSTests.Dashboards.L2Menu DashboardsInlineEditorPanel - Hit keys other than delete and backspace doesn't show the placeholder" storage="d:\v2.0\a1\_work\dbded102\vso\tfs\service\webaccess\dashboards\testscripts\tests\tfstests.dashboards.l2menu.ts" id="a42b94de-e888-4004-bfd5-75ed5fe08344">
      <Execution id="33d6b0f8-29d0-462c-8648-97480001ea49" />
      <TestMethod codeBase="d:\v2.0\a1\_work\dbded102\vso\tfs\service\webaccess\dashboards\testscripts\tests\tfstests.dashboards.l2menu.ts" adapterTypeName="Microsoft.VisualStudio.TestTools.TestTypes.Unit.UnitTestAdapter" className="d:\v2.0\a1\_work\dbded102\vso\tfs\service\webaccess\dashboards\testscripts\tests\tfstests.dashboards.l2menu.ts::tfstests.dashboards" name="TFSTests.Dashboards.L2Menu DashboardsInlineEditorPanel - Hit keys other than delete and backspace doesn't show the placeholder" />
    </UnitTest>
    <UnitTest name="TFSTests.Dashboards.L2Menu OverflowAlgorithm - No Dashboards" storage="d:\v2.0\a1\_work\dbded102\vso\tfs\service\webaccess\dashboards\testscripts\tests\tfstests.dashboards.l2menu.ts" id="3f2003c6-d24b-4f1b-bb06-8c163ea864bd">
      <Execution id="9b5b438a-69e4-4fb2-b975-1930fe509f05" />
      <TestMethod codeBase="d:\v2.0\a1\_work\dbded102\vso\tfs\service\webaccess\dashboards\testscripts\tests\tfstests.dashboards.l2menu.ts" adapterTypeName="Microsoft.VisualStudio.TestTools.TestTypes.Unit.UnitTestAdapter" className="d:\v2.0\a1\_work\dbded102\vso\tfs\service\webaccess\dashboards\testscripts\tests\tfstests.dashboards.l2menu.ts::tfstests.dashboards" name="TFSTests.Dashboards.L2Menu OverflowAlgorithm - No Dashboards" />
    </UnitTest>
    <UnitTest name="TFSTests.Dashboards.L2Menu OverflowAlgorithm - Dashboards empty" storage="d:\v2.0\a1\_work\dbded102\vso\tfs\service\webaccess\dashboards\testscripts\tests\tfstests.dashboards.l2menu.ts" id="51b7b7a9-06b5-41d8-822f-7ed32e21bb31">
      <Execution id="8a1b11c2-fe84-4565-8851-48aab2a54be5" />
      <TestMethod codeBase="d:\v2.0\a1\_work\dbded102\vso\tfs\service\webaccess\dashboards\testscripts\tests\tfstests.dashboards.l2menu.ts" adapterTypeName="Microsoft.VisualStudio.TestTools.TestTypes.Unit.UnitTestAdapter" className="d:\v2.0\a1\_work\dbded102\vso\tfs\service\webaccess\dashboards\testscripts\tests\tfstests.dashboards.l2menu.ts::tfstests.dashboards" name="TFSTests.Dashboards.L2Menu OverflowAlgorithm - Dashboards empty" />
    </UnitTest>
    <UnitTest name="TFSTests.Dashboards.L2Menu OverflowAlgorithm - Dashboards fit 1 tabs" storage="d:\v2.0\a1\_work\dbded102\vso\tfs\service\webaccess\dashboards\testscripts\tests\tfstests.dashboards.l2menu.ts" id="9befee41-89ea-4b7a-b67c-5e41c2d8b1bd">
      <Execution id="9ec58ffd-e9da-4104-86e9-100808294859" />
      <TestMethod codeBase="d:\v2.0\a1\_work\dbded102\vso\tfs\service\webaccess\dashboards\testscripts\tests\tfstests.dashboards.l2menu.ts" adapterTypeName="Microsoft.VisualStudio.TestTools.TestTypes.Unit.UnitTestAdapter" className="d:\v2.0\a1\_work\dbded102\vso\tfs\service\webaccess\dashboards\testscripts\tests\tfstests.dashboards.l2menu.ts::tfstests.dashboards" name="TFSTests.Dashboards.L2Menu OverflowAlgorithm - Dashboards fit 1 tabs" />
    </UnitTest>
    <UnitTest name="TFSTests.Dashboards.L2Menu OverflowAlgorithm - Dashboards fit the maximum tabs" storage="d:\v2.0\a1\_work\dbded102\vso\tfs\service\webaccess\dashboards\testscripts\tests\tfstests.dashboards.l2menu.ts" id="d6038cb5-7b32-477e-8f69-8e6036069acf">
      <Execution id="a98aec5d-e888-4b7a-b3a6-4cbdec93c1de" />
      <TestMethod codeBase="d:\v2.0\a1\_work\dbded102\vso\tfs\service\webaccess\dashboards\testscripts\tests\tfstests.dashboards.l2menu.ts" adapterTypeName="Microsoft.VisualStudio.TestTools.TestTypes.Unit.UnitTestAdapter" className="d:\v2.0\a1\_work\dbded102\vso\tfs\service\webaccess\dashboards\testscripts\tests\tfstests.dashboards.l2menu.ts::tfstests.dashboards" name="TFSTests.Dashboards.L2Menu OverflowAlgorithm - Dashboards fit the maximum tabs" />
    </UnitTest>
    <UnitTest name="TFSTests.Dashboards.L2Menu OverflowAlgorithm - Dashboards one more than maximum tabs" storage="d:\v2.0\a1\_work\dbded102\vso\tfs\service\webaccess\dashboards\testscripts\tests\tfstests.dashboards.l2menu.ts" id="02aba7d0-493b-4206-96ae-9acfa83e6767">
      <Execution id="f679b0a3-0cab-46e9-8a7d-b1521e64f30f" />
      <TestMethod codeBase="d:\v2.0\a1\_work\dbded102\vso\tfs\service\webaccess\dashboards\testscripts\tests\tfstests.dashboards.l2menu.ts" adapterTypeName="Microsoft.VisualStudio.TestTools.TestTypes.Unit.UnitTestAdapter" className="d:\v2.0\a1\_work\dbded102\vso\tfs\service\webaccess\dashboards\testscripts\tests\tfstests.dashboards.l2menu.ts::tfstests.dashboards" name="TFSTests.Dashboards.L2Menu OverflowAlgorithm - Dashboards one more than maximum tabs" />
    </UnitTest>
    <UnitTest name="TFSTests.Dashboards.L2Menu OverflowAlgorithm - Dashboards two tabs overflow" storage="d:\v2.0\a1\_work\dbded102\vso\tfs\service\webaccess\dashboards\testscripts\tests\tfstests.dashboards.l2menu.ts" id="d66bc419-a0d1-461b-8b86-75889471f205">
      <Execution id="1292c7b8-0a61-4271-bc29-b55d87843ec3" />
      <TestMethod codeBase="d:\v2.0\a1\_work\dbded102\vso\tfs\service\webaccess\dashboards\testscripts\tests\tfstests.dashboards.l2menu.ts" adapterTypeName="Microsoft.VisualStudio.TestTools.TestTypes.Unit.UnitTestAdapter" className="d:\v2.0\a1\_work\dbded102\vso\tfs\service\webaccess\dashboards\testscripts\tests\tfstests.dashboards.l2menu.ts::tfstests.dashboards" name="TFSTests.Dashboards.L2Menu OverflowAlgorithm - Dashboards two tabs overflow" />
    </UnitTest>
    <UnitTest name="TFSTests.Dashboards.L2Menu OverflowAlgorithm - Dashboards two more than maximum tabs with active tab" storage="d:\v2.0\a1\_work\dbded102\vso\tfs\service\webaccess\dashboards\testscripts\tests\tfstests.dashboards.l2menu.ts" id="db1c4d77-1a86-41bd-8dd5-152bc78cc3b3">
      <Execution id="3d55faad-309f-4275-a677-4640c4e878d2" />
      <TestMethod codeBase="d:\v2.0\a1\_work\dbded102\vso\tfs\service\webaccess\dashboards\testscripts\tests\tfstests.dashboards.l2menu.ts" adapterTypeName="Microsoft.VisualStudio.TestTools.TestTypes.Unit.UnitTestAdapter" className="d:\v2.0\a1\_work\dbded102\vso\tfs\service\webaccess\dashboards\testscripts\tests\tfstests.dashboards.l2menu.ts::tfstests.dashboards" name="TFSTests.Dashboards.L2Menu OverflowAlgorithm - Dashboards two more than maximum tabs with active tab" />
    </UnitTest>
    <UnitTest name="TFSTests.Dashboards.L2Menu OverflowAlgorithm - Dashboards with active tab wide and tabs small" storage="d:\v2.0\a1\_work\dbded102\vso\tfs\service\webaccess\dashboards\testscripts\tests\tfstests.dashboards.l2menu.ts" id="5c7ee6cc-eb14-4182-a8f8-306295e8b76d">
      <Execution id="db088882-68ec-4acd-b20d-3c77a38a32ed" />
      <TestMethod codeBase="d:\v2.0\a1\_work\dbded102\vso\tfs\service\webaccess\dashboards\testscripts\tests\tfstests.dashboards.l2menu.ts" adapterTypeName="Microsoft.VisualStudio.TestTools.TestTypes.Unit.UnitTestAdapter" className="d:\v2.0\a1\_work\dbded102\vso\tfs\service\webaccess\dashboards\testscripts\tests\tfstests.dashboards.l2menu.ts::tfstests.dashboards" name="TFSTests.Dashboards.L2Menu OverflowAlgorithm - Dashboards with active tab wide and tabs small" />
    </UnitTest>
    <UnitTest name="TFSTests.Dashboards.L2Menu OverflowAlgorithm - Dashboards with active tab small with tabs wide" storage="d:\v2.0\a1\_work\dbded102\vso\tfs\service\webaccess\dashboards\testscripts\tests\tfstests.dashboards.l2menu.ts" id="b0a42bf0-16e7-4ecf-9678-dfe07fc78b46">
      <Execution id="bdbf5a06-0b4a-4b6f-bb3b-2a607431135c" />
      <TestMethod codeBase="d:\v2.0\a1\_work\dbded102\vso\tfs\service\webaccess\dashboards\testscripts\tests\tfstests.dashboards.l2menu.ts" adapterTypeName="Microsoft.VisualStudio.TestTools.TestTypes.Unit.UnitTestAdapter" className="d:\v2.0\a1\_work\dbded102\vso\tfs\service\webaccess\dashboards\testscripts\tests\tfstests.dashboards.l2menu.ts::tfstests.dashboards" name="TFSTests.Dashboards.L2Menu OverflowAlgorithm - Dashboards with active tab small with tabs wide" />
    </UnitTest>
    <UnitTest name="TFSTests.Dashboards.L2Menu OverflowAlgorithm - Dashboards with active tab already in tabs" storage="d:\v2.0\a1\_work\dbded102\vso\tfs\service\webaccess\dashboards\testscripts\tests\tfstests.dashboards.l2menu.ts" id="50046f1f-9c13-487e-80d2-f00d184834c9">
      <Execution id="4155dc65-f2a7-40ea-a036-18a72f63c3c8" />
      <TestMethod codeBase="d:\v2.0\a1\_work\dbded102\vso\tfs\service\webaccess\dashboards\testscripts\tests\tfstests.dashboards.l2menu.ts" adapterTypeName="Microsoft.VisualStudio.TestTools.TestTypes.Unit.UnitTestAdapter" className="d:\v2.0\a1\_work\dbded102\vso\tfs\service\webaccess\dashboards\testscripts\tests\tfstests.dashboards.l2menu.ts::tfstests.dashboards" name="TFSTests.Dashboards.L2Menu OverflowAlgorithm - Dashboards with active tab already in tabs" />
    </UnitTest>
    <UnitTest name="TFSTests.Dashboards.L2Menu DistributionSets - Construction with null showed dashboard" storage="d:\v2.0\a1\_work\dbded102\vso\tfs\service\webaccess\dashboards\testscripts\tests\tfstests.dashboards.l2menu.ts" id="a7e20859-759a-4f03-adc8-2a5da39988aa">
      <Execution id="701fb1cc-3130-4bbd-a684-673f36cadf2f" />
      <TestMethod codeBase="d:\v2.0\a1\_work\dbded102\vso\tfs\service\webaccess\dashboards\testscripts\tests\tfstests.dashboards.l2menu.ts" adapterTypeName="Microsoft.VisualStudio.TestTools.TestTypes.Unit.UnitTestAdapter" className="d:\v2.0\a1\_work\dbded102\vso\tfs\service\webaccess\dashboards\testscripts\tests\tfstests.dashboards.l2menu.ts::tfstests.dashboards" name="TFSTests.Dashboards.L2Menu DistributionSets - Construction with null showed dashboard" />
    </UnitTest>
    <UnitTest name="TFSTests.Dashboards.L2Menu DistributionSets - Construction with null hid dashboard" storage="d:\v2.0\a1\_work\dbded102\vso\tfs\service\webaccess\dashboards\testscripts\tests\tfstests.dashboards.l2menu.ts" id="6f57f524-bcf5-482f-8837-0d6ab15b7927">
      <Execution id="d0d3fb2c-7b84-463a-ba28-2bfee0d88752" />
      <TestMethod codeBase="d:\v2.0\a1\_work\dbded102\vso\tfs\service\webaccess\dashboards\testscripts\tests\tfstests.dashboards.l2menu.ts" adapterTypeName="Microsoft.VisualStudio.TestTools.TestTypes.Unit.UnitTestAdapter" className="d:\v2.0\a1\_work\dbded102\vso\tfs\service\webaccess\dashboards\testscripts\tests\tfstests.dashboards.l2menu.ts::tfstests.dashboards" name="TFSTests.Dashboards.L2Menu DistributionSets - Construction with null hid dashboard" />
    </UnitTest>
    <UnitTest name="TFSTests.Dashboards.L2Menu DistributionSets - Get Showed List" storage="d:\v2.0\a1\_work\dbded102\vso\tfs\service\webaccess\dashboards\testscripts\tests\tfstests.dashboards.l2menu.ts" id="e821651c-47a1-4233-8b80-42ed2b53e43b">
      <Execution id="ea851e3e-f846-4861-a0a8-f9d07e2e048d" />
      <TestMethod codeBase="d:\v2.0\a1\_work\dbded102\vso\tfs\service\webaccess\dashboards\testscripts\tests\tfstests.dashboards.l2menu.ts" adapterTypeName="Microsoft.VisualStudio.TestTools.TestTypes.Unit.UnitTestAdapter" className="d:\v2.0\a1\_work\dbded102\vso\tfs\service\webaccess\dashboards\testscripts\tests\tfstests.dashboards.l2menu.ts::tfstests.dashboards" name="TFSTests.Dashboards.L2Menu DistributionSets - Get Showed List" />
    </UnitTest>
    <UnitTest name="TFSTests.Dashboards.L2Menu DistributionSets - Get Hid List" storage="d:\v2.0\a1\_work\dbded102\vso\tfs\service\webaccess\dashboards\testscripts\tests\tfstests.dashboards.l2menu.ts" id="f987fa87-bac6-4645-8760-9179a1995e2e">
      <Execution id="4f1ce00f-3d10-4ea2-a2c5-b406766d2754" />
      <TestMethod codeBase="d:\v2.0\a1\_work\dbded102\vso\tfs\service\webaccess\dashboards\testscripts\tests\tfstests.dashboards.l2menu.ts" adapterTypeName="Microsoft.VisualStudio.TestTools.TestTypes.Unit.UnitTestAdapter" className="d:\v2.0\a1\_work\dbded102\vso\tfs\service\webaccess\dashboards\testscripts\tests\tfstests.dashboards.l2menu.ts::tfstests.dashboards" name="TFSTests.Dashboards.L2Menu DistributionSets - Get Hid List" />
    </UnitTest>
    <UnitTest name="TFSTests.Dashboards.L2Menu DistributionSets - not hasChanged" storage="d:\v2.0\a1\_work\dbded102\vso\tfs\service\webaccess\dashboards\testscripts\tests\tfstests.dashboards.l2menu.ts" id="bdee60d9-0d85-4792-b63e-96c29fc279bf">
      <Execution id="1725b5c2-7eb9-4607-ba4f-85253059ba76" />
      <TestMethod codeBase="d:\v2.0\a1\_work\dbded102\vso\tfs\service\webaccess\dashboards\testscripts\tests\tfstests.dashboards.l2menu.ts" adapterTypeName="Microsoft.VisualStudio.TestTools.TestTypes.Unit.UnitTestAdapter" className="d:\v2.0\a1\_work\dbded102\vso\tfs\service\webaccess\dashboards\testscripts\tests\tfstests.dashboards.l2menu.ts::tfstests.dashboards" name="TFSTests.Dashboards.L2Menu DistributionSets - not hasChanged" />
    </UnitTest>
    <UnitTest name="TFSTests.Dashboards.L2Menu DistributionSets - hasChanged (list size)" storage="d:\v2.0\a1\_work\dbded102\vso\tfs\service\webaccess\dashboards\testscripts\tests\tfstests.dashboards.l2menu.ts" id="e6dc6f0b-6e61-4c61-b4ae-5967ef9fa946">
      <Execution id="cfbe44ec-6040-41cb-b9f8-3473febcc8e2" />
      <TestMethod codeBase="d:\v2.0\a1\_work\dbded102\vso\tfs\service\webaccess\dashboards\testscripts\tests\tfstests.dashboards.l2menu.ts" adapterTypeName="Microsoft.VisualStudio.TestTools.TestTypes.Unit.UnitTestAdapter" className="d:\v2.0\a1\_work\dbded102\vso\tfs\service\webaccess\dashboards\testscripts\tests\tfstests.dashboards.l2menu.ts::tfstests.dashboards" name="TFSTests.Dashboards.L2Menu DistributionSets - hasChanged (list size)" />
    </UnitTest>
    <UnitTest name="TFSTests.Dashboards.L2Menu DistributionSets - hasChanged (value in showed list)" storage="d:\v2.0\a1\_work\dbded102\vso\tfs\service\webaccess\dashboards\testscripts\tests\tfstests.dashboards.l2menu.ts" id="566176a1-50cd-4a35-8b73-9ba51a29575c">
      <Execution id="53a6bdb9-8112-44ff-b454-008ee96741c3" />
      <TestMethod codeBase="d:\v2.0\a1\_work\dbded102\vso\tfs\service\webaccess\dashboards\testscripts\tests\tfstests.dashboards.l2menu.ts" adapterTypeName="Microsoft.VisualStudio.TestTools.TestTypes.Unit.UnitTestAdapter" className="d:\v2.0\a1\_work\dbded102\vso\tfs\service\webaccess\dashboards\testscripts\tests\tfstests.dashboards.l2menu.ts::tfstests.dashboards" name="TFSTests.Dashboards.L2Menu DistributionSets - hasChanged (value in showed list)" />
    </UnitTest>
    <UnitTest name="TFSTests.Dashboards.L2Menu DistributionSets - hasChanged (value in hid list)" storage="d:\v2.0\a1\_work\dbded102\vso\tfs\service\webaccess\dashboards\testscripts\tests\tfstests.dashboards.l2menu.ts" id="bc8a5bd0-ddaf-4078-b42f-d72fbf5197f6">
      <Execution id="e9931fab-4201-4fd3-9b5e-000d9c377098" />
      <TestMethod codeBase="d:\v2.0\a1\_work\dbded102\vso\tfs\service\webaccess\dashboards\testscripts\tests\tfstests.dashboards.l2menu.ts" adapterTypeName="Microsoft.VisualStudio.TestTools.TestTypes.Unit.UnitTestAdapter" className="d:\v2.0\a1\_work\dbded102\vso\tfs\service\webaccess\dashboards\testscripts\tests\tfstests.dashboards.l2menu.ts::tfstests.dashboards" name="TFSTests.Dashboards.L2Menu DistributionSets - hasChanged (value in hid list)" />
    </UnitTest>
    <UnitTest name="TFSTests.Dashboards.L2Menu DistributionSets - hasChanged (null)" storage="d:\v2.0\a1\_work\dbded102\vso\tfs\service\webaccess\dashboards\testscripts\tests\tfstests.dashboards.l2menu.ts" id="48785021-8cea-4c42-8f21-81876d4fd7a9">
      <Execution id="75ad8a86-e506-4dfe-8324-2aeb2bed9abc" />
      <TestMethod codeBase="d:\v2.0\a1\_work\dbded102\vso\tfs\service\webaccess\dashboards\testscripts\tests\tfstests.dashboards.l2menu.ts" adapterTypeName="Microsoft.VisualStudio.TestTools.TestTypes.Unit.UnitTestAdapter" className="d:\v2.0\a1\_work\dbded102\vso\tfs\service\webaccess\dashboards\testscripts\tests\tfstests.dashboards.l2menu.ts::tfstests.dashboards" name="TFSTests.Dashboards.L2Menu DistributionSets - hasChanged (null)" />
    </UnitTest>
    <UnitTest name="TFSTests.Dashboards.L2Menu DashboardsOverflow - render create no items" storage="d:\v2.0\a1\_work\dbded102\vso\tfs\service\webaccess\dashboards\testscripts\tests\tfstests.dashboards.l2menu.ts" id="ec3af72a-4466-4ec6-a6b4-742ac71f37b5">
      <Execution id="3ce427e5-3112-458e-a9dc-0dccd941b410" />
      <TestMethod codeBase="d:\v2.0\a1\_work\dbded102\vso\tfs\service\webaccess\dashboards\testscripts\tests\tfstests.dashboards.l2menu.ts" adapterTypeName="Microsoft.VisualStudio.TestTools.TestTypes.Unit.UnitTestAdapter" className="d:\v2.0\a1\_work\dbded102\vso\tfs\service\webaccess\dashboards\testscripts\tests\tfstests.dashboards.l2menu.ts::tfstests.dashboards" name="TFSTests.Dashboards.L2Menu DashboardsOverflow - render create no items" />
    </UnitTest>
    <UnitTest name="TFSTests.Dashboards.L2Menu DashboardsOverflow - batchRenderInPositionOrder (null)" storage="d:\v2.0\a1\_work\dbded102\vso\tfs\service\webaccess\dashboards\testscripts\tests\tfstests.dashboards.l2menu.ts" id="44bd5a9b-4f53-45a7-9eed-33132f67346b">
      <Execution id="80d358f2-9dd4-4ed3-b118-99996cc86b3a" />
      <TestMethod codeBase="d:\v2.0\a1\_work\dbded102\vso\tfs\service\webaccess\dashboards\testscripts\tests\tfstests.dashboards.l2menu.ts" adapterTypeName="Microsoft.VisualStudio.TestTools.TestTypes.Unit.UnitTestAdapter" className="d:\v2.0\a1\_work\dbded102\vso\tfs\service\webaccess\dashboards\testscripts\tests\tfstests.dashboards.l2menu.ts::tfstests.dashboards" name="TFSTests.Dashboards.L2Menu DashboardsOverflow - batchRenderInPositionOrder (null)" />
    </UnitTest>
    <UnitTest name="TFSTests.Dashboards.L2Menu DashboardsOverflow - batchRenderInPositionOrder (empty list)" storage="d:\v2.0\a1\_work\dbded102\vso\tfs\service\webaccess\dashboards\testscripts\tests\tfstests.dashboards.l2menu.ts" id="fc5c5ba0-721c-440a-b732-f159d7ab94f9">
      <Execution id="41ce99c2-c2d7-4041-861f-49bb6df7a741" />
      <TestMethod codeBase="d:\v2.0\a1\_work\dbded102\vso\tfs\service\webaccess\dashboards\testscripts\tests\tfstests.dashboards.l2menu.ts" adapterTypeName="Microsoft.VisualStudio.TestTools.TestTypes.Unit.UnitTestAdapter" className="d:\v2.0\a1\_work\dbded102\vso\tfs\service\webaccess\dashboards\testscripts\tests\tfstests.dashboards.l2menu.ts::tfstests.dashboards" name="TFSTests.Dashboards.L2Menu DashboardsOverflow - batchRenderInPositionOrder (empty list)" />
    </UnitTest>
    <UnitTest name="TFSTests.Dashboards.L2Menu DashboardsOverflow - batchRenderInPositionOrder (list with 1 element)" storage="d:\v2.0\a1\_work\dbded102\vso\tfs\service\webaccess\dashboards\testscripts\tests\tfstests.dashboards.l2menu.ts" id="8b472ca6-8ee3-4b4f-b5d7-1157221900c3">
      <Execution id="dae6a602-bf7f-4fe3-b206-dc7a34e08b31" />
      <TestMethod codeBase="d:\v2.0\a1\_work\dbded102\vso\tfs\service\webaccess\dashboards\testscripts\tests\tfstests.dashboards.l2menu.ts" adapterTypeName="Microsoft.VisualStudio.TestTools.TestTypes.Unit.UnitTestAdapter" className="d:\v2.0\a1\_work\dbded102\vso\tfs\service\webaccess\dashboards\testscripts\tests\tfstests.dashboards.l2menu.ts::tfstests.dashboards" name="TFSTests.Dashboards.L2Menu DashboardsOverflow - batchRenderInPositionOrder (list with 1 element)" />
    </UnitTest>
    <UnitTest name="TFSTests.Dashboards.L2Menu DashboardsOverflow - getIsHavingOverflow (list with 0 element)" storage="d:\v2.0\a1\_work\dbded102\vso\tfs\service\webaccess\dashboards\testscripts\tests\tfstests.dashboards.l2menu.ts" id="286b2aa6-36e4-495b-bcb5-d4e7117e89ef">
      <Execution id="16a8ca9f-6855-44fc-8a61-26bc5b87a472" />
      <TestMethod codeBase="d:\v2.0\a1\_work\dbded102\vso\tfs\service\webaccess\dashboards\testscripts\tests\tfstests.dashboards.l2menu.ts" adapterTypeName="Microsoft.VisualStudio.TestTools.TestTypes.Unit.UnitTestAdapter" className="d:\v2.0\a1\_work\dbded102\vso\tfs\service\webaccess\dashboards\testscripts\tests\tfstests.dashboards.l2menu.ts::tfstests.dashboards" name="TFSTests.Dashboards.L2Menu DashboardsOverflow - getIsHavingOverflow (list with 0 element)" />
    </UnitTest>
    <UnitTest name="TFSTests.Dashboards.L2Menu DashboardsOverflow - getIsHavingOverflow (list with 1 element)" storage="d:\v2.0\a1\_work\dbded102\vso\tfs\service\webaccess\dashboards\testscripts\tests\tfstests.dashboards.l2menu.ts" id="322563bc-d5c1-4fa3-a1f4-abe269b06ae4">
      <Execution id="22e563d3-8c3b-4b92-9c43-961bcb11b53e" />
      <TestMethod codeBase="d:\v2.0\a1\_work\dbded102\vso\tfs\service\webaccess\dashboards\testscripts\tests\tfstests.dashboards.l2menu.ts" adapterTypeName="Microsoft.VisualStudio.TestTools.TestTypes.Unit.UnitTestAdapter" className="d:\v2.0\a1\_work\dbded102\vso\tfs\service\webaccess\dashboards\testscripts\tests\tfstests.dashboards.l2menu.ts::tfstests.dashboards" name="TFSTests.Dashboards.L2Menu DashboardsOverflow - getIsHavingOverflow (list with 1 element)" />
    </UnitTest>
    <UnitTest name="TFSTests.Dashboards.L2Menu DashboardsOverflow - createDashboardTab" storage="d:\v2.0\a1\_work\dbded102\vso\tfs\service\webaccess\dashboards\testscripts\tests\tfstests.dashboards.l2menu.ts" id="59a0fb08-d1e6-4ddf-8d59-baa98817c493">
      <Execution id="704c842b-33a7-4e4a-b50a-59eceabd26bf" />
      <TestMethod codeBase="d:\v2.0\a1\_work\dbded102\vso\tfs\service\webaccess\dashboards\testscripts\tests\tfstests.dashboards.l2menu.ts" adapterTypeName="Microsoft.VisualStudio.TestTools.TestTypes.Unit.UnitTestAdapter" className="d:\v2.0\a1\_work\dbded102\vso\tfs\service\webaccess\dashboards\testscripts\tests\tfstests.dashboards.l2menu.ts::tfstests.dashboards" name="TFSTests.Dashboards.L2Menu DashboardsOverflow - createDashboardTab" />
    </UnitTest>
    <UnitTest name="TFSTests.Dashboards.L2Menu DashboardsOverflow - show" storage="d:\v2.0\a1\_work\dbded102\vso\tfs\service\webaccess\dashboards\testscripts\tests\tfstests.dashboards.l2menu.ts" id="ac42b330-bef9-416f-a8fa-9a187ffe5fb5">
      <Execution id="4d90bcdf-c635-4be8-a685-92d4ebc7ec03" />
      <TestMethod codeBase="d:\v2.0\a1\_work\dbded102\vso\tfs\service\webaccess\dashboards\testscripts\tests\tfstests.dashboards.l2menu.ts" adapterTypeName="Microsoft.VisualStudio.TestTools.TestTypes.Unit.UnitTestAdapter" className="d:\v2.0\a1\_work\dbded102\vso\tfs\service\webaccess\dashboards\testscripts\tests\tfstests.dashboards.l2menu.ts::tfstests.dashboards" name="TFSTests.Dashboards.L2Menu DashboardsOverflow - show" />
    </UnitTest>
    <UnitTest name="TFSTests.Dashboards.L2Menu DashboardsOverflow - keydown (down arrow)" storage="d:\v2.0\a1\_work\dbded102\vso\tfs\service\webaccess\dashboards\testscripts\tests\tfstests.dashboards.l2menu.ts" id="9c0fc711-f65c-46c4-a7be-e2b7384177d6">
      <Execution id="cf9a14e4-c80b-447d-8308-d88bde9741f4" />
      <TestMethod codeBase="d:\v2.0\a1\_work\dbded102\vso\tfs\service\webaccess\dashboards\testscripts\tests\tfstests.dashboards.l2menu.ts" adapterTypeName="Microsoft.VisualStudio.TestTools.TestTypes.Unit.UnitTestAdapter" className="d:\v2.0\a1\_work\dbded102\vso\tfs\service\webaccess\dashboards\testscripts\tests\tfstests.dashboards.l2menu.ts::tfstests.dashboards" name="TFSTests.Dashboards.L2Menu DashboardsOverflow - keydown (down arrow)" />
    </UnitTest>
    <UnitTest name="TFSTests.Dashboards.L2Menu DashboardsOverflow - keydown (up arrow/escape)" storage="d:\v2.0\a1\_work\dbded102\vso\tfs\service\webaccess\dashboards\testscripts\tests\tfstests.dashboards.l2menu.ts" id="748c9725-d90a-4515-92cb-f8dabf77cd41">
      <Execution id="c68f9a55-d854-43e6-974a-a7d6a6be4396" />
      <TestMethod codeBase="d:\v2.0\a1\_work\dbded102\vso\tfs\service\webaccess\dashboards\testscripts\tests\tfstests.dashboards.l2menu.ts" adapterTypeName="Microsoft.VisualStudio.TestTools.TestTypes.Unit.UnitTestAdapter" className="d:\v2.0\a1\_work\dbded102\vso\tfs\service\webaccess\dashboards\testscripts\tests\tfstests.dashboards.l2menu.ts::tfstests.dashboards" name="TFSTests.Dashboards.L2Menu DashboardsOverflow - keydown (up arrow/escape)" />
    </UnitTest>
    <UnitTest name="TFSTests.Dashboards.L2Menu DashboardsOverflow - keydown (enter/space)" storage="d:\v2.0\a1\_work\dbded102\vso\tfs\service\webaccess\dashboards\testscripts\tests\tfstests.dashboards.l2menu.ts" id="a482aaf5-ddae-48a4-a16c-9c13b8ee802f">
      <Execution id="277880c4-b46b-4850-b13a-7041ebbf41c8" />
      <TestMethod codeBase="d:\v2.0\a1\_work\dbded102\vso\tfs\service\webaccess\dashboards\testscripts\tests\tfstests.dashboards.l2menu.ts" adapterTypeName="Microsoft.VisualStudio.TestTools.TestTypes.Unit.UnitTestAdapter" className="d:\v2.0\a1\_work\dbded102\vso\tfs\service\webaccess\dashboards\testscripts\tests\tfstests.dashboards.l2menu.ts::tfstests.dashboards" name="TFSTests.Dashboards.L2Menu DashboardsOverflow - keydown (enter/space)" />
    </UnitTest>
    <UnitTest name="TFSTests.Dashboards.L2Menu DashboardsRightPanel - keydown" storage="d:\v2.0\a1\_work\dbded102\vso\tfs\service\webaccess\dashboards\testscripts\tests\tfstests.dashboards.l2menu.ts" id="08b2604d-d094-4c05-af20-ae89f00583bb">
      <Execution id="ffaad114-8c00-4373-b12c-9177132003c9" />
      <TestMethod codeBase="d:\v2.0\a1\_work\dbded102\vso\tfs\service\webaccess\dashboards\testscripts\tests\tfstests.dashboards.l2menu.ts" adapterTypeName="Microsoft.VisualStudio.TestTools.TestTypes.Unit.UnitTestAdapter" className="d:\v2.0\a1\_work\dbded102\vso\tfs\service\webaccess\dashboards\testscripts\tests\tfstests.dashboards.l2menu.ts::tfstests.dashboards" name="TFSTests.Dashboards.L2Menu DashboardsRightPanel - keydown" />
    </UnitTest>
  </TestDefinitions>
  <TestEntries>
    <TestEntry testId="e20f6e83-3aa8-44ab-9717-42d4e95c5572" executionId="d164f2e6-8f0f-47ae-8eb0-05a0a91fa282" testListId="8c84fa94-04c1-424b-9868-57a2d4851a1d" />
    <TestEntry testId="4d245527-9b0e-4e54-a343-7ad93de2c38c" executionId="8d156f97-1410-4554-bc43-f81cbb46d411" testListId="8c84fa94-04c1-424b-9868-57a2d4851a1d" />
    <TestEntry testId="332db8af-fb98-43db-9c2f-a4c4a74d7d38" executionId="dc9a148b-bd1e-43a9-993a-648f202685bc" testListId="8c84fa94-04c1-424b-9868-57a2d4851a1d" />
    <TestEntry testId="0ded517a-e738-4ef2-a7b0-87236dc1b583" executionId="1fb59769-5f9e-4f51-a6b2-ba1891a25e66" testListId="8c84fa94-04c1-424b-9868-57a2d4851a1d" />
    <TestEntry testId="7489741f-d8a9-44ff-a62e-3bb9be3cabd1" executionId="54a89db3-98c4-4ed1-96fc-320d835a5c1b" testListId="8c84fa94-04c1-424b-9868-57a2d4851a1d" />
    <TestEntry testId="39b7f4ae-e4d5-4ae3-9aa7-55f4e63ea136" executionId="9cd5b338-6add-4cec-8571-304cf973be6c" testListId="8c84fa94-04c1-424b-9868-57a2d4851a1d" />
    <TestEntry testId="994451c1-56fd-449c-a356-b3a89f11dec1" executionId="39839f66-c22b-4873-8f71-ad4df235d654" testListId="8c84fa94-04c1-424b-9868-57a2d4851a1d" />
    <TestEntry testId="3525a171-eca9-4fc1-ad7b-cc17f9149f9c" executionId="0c1f53c8-fc91-4926-b9a8-2a6884119e3f" testListId="8c84fa94-04c1-424b-9868-57a2d4851a1d" />
    <TestEntry testId="df73181d-c13a-48b2-b4a5-4cf9b0b79914" executionId="ab0c6515-0378-4a0a-8aaa-ae600edd90b2" testListId="8c84fa94-04c1-424b-9868-57a2d4851a1d" />
    <TestEntry testId="3acdf1c1-9494-4754-b83d-eccb0a3a95dc" executionId="3f0daf3e-9955-4c93-a3cc-73e5107b29ad" testListId="8c84fa94-04c1-424b-9868-57a2d4851a1d" />
    <TestEntry testId="53afa410-33aa-4bec-9506-07c6f31f6a36" executionId="077cd07d-52fe-4b5a-a840-ea05025b40a2" testListId="8c84fa94-04c1-424b-9868-57a2d4851a1d" />
    <TestEntry testId="a273ca04-9849-48d0-896b-d454bc7c4631" executionId="23893879-5e68-4455-955b-0f3caa3ca43d" testListId="8c84fa94-04c1-424b-9868-57a2d4851a1d" />
    <TestEntry testId="1acb6985-909f-4d87-9cef-c8782870a541" executionId="9d9a7226-17fc-464d-8d7d-b150bc51adf2" testListId="8c84fa94-04c1-424b-9868-57a2d4851a1d" />
    <TestEntry testId="ead8ec60-922d-42f6-a0c5-e4eb0067dc06" executionId="42b8bef9-5455-4cc8-bc86-12b35bace9b1" testListId="8c84fa94-04c1-424b-9868-57a2d4851a1d" />
    <TestEntry testId="e9a5b8ee-27f2-4ec0-8e5a-31cc4447f3a0" executionId="33036497-8d0b-41fc-b247-c7a923f85333" testListId="8c84fa94-04c1-424b-9868-57a2d4851a1d" />
    <TestEntry testId="375bdfba-e424-480d-ad15-1b0887a61e99" executionId="89950ae3-91f7-4835-b7b3-3dc41ed17ad9" testListId="8c84fa94-04c1-424b-9868-57a2d4851a1d" />
    <TestEntry testId="cd12faa9-2a35-4075-bd5e-166e38ea2650" executionId="2dde3458-f8da-4992-8f9a-fdd78645438a" testListId="8c84fa94-04c1-424b-9868-57a2d4851a1d" />
    <TestEntry testId="52cd2dd0-9198-4f4e-8298-bba6a3634e17" executionId="82286635-0f8a-470f-bbad-d5598d35a13f" testListId="8c84fa94-04c1-424b-9868-57a2d4851a1d" />
    <TestEntry testId="3cdfba9e-aab2-422d-b715-6068202867d2" executionId="2af23b7d-f835-4e41-b02b-a6dd02a28613" testListId="8c84fa94-04c1-424b-9868-57a2d4851a1d" />
    <TestEntry testId="40349dcd-0810-4a5c-8d4c-641af983e892" executionId="b44e3a11-d878-487c-95bf-27ac3ee018a5" testListId="8c84fa94-04c1-424b-9868-57a2d4851a1d" />
    <TestEntry testId="17417116-ae12-4b67-9d2d-8224c2bcb4c9" executionId="15a42587-e818-4608-8beb-707bb55e8cba" testListId="8c84fa94-04c1-424b-9868-57a2d4851a1d" />
    <TestEntry testId="c50e34d4-4073-4df8-8aa9-6f0c33884a0c" executionId="3a31e4ef-3c27-4e9f-8923-254f45412fc4" testListId="8c84fa94-04c1-424b-9868-57a2d4851a1d" />
    <TestEntry testId="fdeb11c8-5897-4b03-8d90-b504527232dd" executionId="f4ca901b-c961-4eb0-948d-7f48a34598aa" testListId="8c84fa94-04c1-424b-9868-57a2d4851a1d" />
    <TestEntry testId="c0f953d4-bb4c-4de2-9a1a-026cf12d8991" executionId="e2697f27-1bcc-464b-9cf4-beeacf472bbf" testListId="8c84fa94-04c1-424b-9868-57a2d4851a1d" />
    <TestEntry testId="7d9ac52b-efb0-415b-b388-7eb4b302f19f" executionId="6f19518e-4636-4c89-b0af-9a6e74f44691" testListId="8c84fa94-04c1-424b-9868-57a2d4851a1d" />
    <TestEntry testId="4fb72764-02b6-4b62-b42f-cbf932447923" executionId="a385867f-4188-4272-9fb5-97af9cfb1cb8" testListId="8c84fa94-04c1-424b-9868-57a2d4851a1d" />
    <TestEntry testId="e1035ad9-0c6c-4700-af3b-33473f235ea4" executionId="f96d8bd6-4b19-4698-900a-753d8858cfb2" testListId="8c84fa94-04c1-424b-9868-57a2d4851a1d" />
    <TestEntry testId="39e91a7b-bb6f-4423-ad75-b660b7bd9ffd" executionId="d6a22ddd-14bb-4b82-8df6-6a56b4a5d84a" testListId="8c84fa94-04c1-424b-9868-57a2d4851a1d" />
    <TestEntry testId="fac4c553-0e25-4a7e-b2ef-179e70911f48" executionId="d122ab85-bb56-494d-91b2-614acc37669c" testListId="8c84fa94-04c1-424b-9868-57a2d4851a1d" />
    <TestEntry testId="3ee2af83-9add-4dc5-b94e-ec1f738e0f4f" executionId="6b961306-7e59-49b7-a6c1-7546fe3d05ed" testListId="8c84fa94-04c1-424b-9868-57a2d4851a1d" />
    <TestEntry testId="69cc679f-2e6e-4a12-9ea6-1a6bdffcd379" executionId="e8173d59-043f-48c2-9332-9c278a472ba9" testListId="8c84fa94-04c1-424b-9868-57a2d4851a1d" />
    <TestEntry testId="c701e3a3-c2f1-472b-8ad0-390daa8b6c25" executionId="2ad918b4-fd85-4b59-9d1c-31168b4be7d2" testListId="8c84fa94-04c1-424b-9868-57a2d4851a1d" />
    <TestEntry testId="99ff224e-e279-4f70-94f6-4f69add25379" executionId="07a6e238-d38c-4ba4-a866-dd1a1d378ac1" testListId="8c84fa94-04c1-424b-9868-57a2d4851a1d" />
    <TestEntry testId="4d382448-8e0e-4443-b4ba-aa3fc7123929" executionId="2f0fdd72-34fd-4e0f-9eee-73b8518ada53" testListId="8c84fa94-04c1-424b-9868-57a2d4851a1d" />
    <TestEntry testId="5c56a7b5-3bad-4e66-b885-75d6f7fbb44a" executionId="b8ffb288-f00e-4899-a5e1-719f9f7d5f71" testListId="8c84fa94-04c1-424b-9868-57a2d4851a1d" />
    <TestEntry testId="3ad0ee29-7f4a-4780-a2be-62f00060f9d7" executionId="9f9fa38c-2209-4a11-a1fd-618a747586ad" testListId="8c84fa94-04c1-424b-9868-57a2d4851a1d" />
    <TestEntry testId="c336b356-06eb-4c9a-a83e-4c1c834a5642" executionId="23299a0c-1037-4b2a-a760-6e4330c94de3" testListId="8c84fa94-04c1-424b-9868-57a2d4851a1d" />
    <TestEntry testId="34b31fd9-156f-47e8-bd7b-1c10a5e29e03" executionId="f56f3776-8dfa-457c-b92d-1de8385e36df" testListId="8c84fa94-04c1-424b-9868-57a2d4851a1d" />
    <TestEntry testId="ff2db667-a5ff-4822-9927-2e735021e6ca" executionId="3d37ca5c-c95e-4b1c-83f7-5b1069b9ca62" testListId="8c84fa94-04c1-424b-9868-57a2d4851a1d" />
    <TestEntry testId="c0804168-4686-434a-acb8-a64aad05838a" executionId="4445bb0f-cbc4-411a-974d-0b49932c73f7" testListId="8c84fa94-04c1-424b-9868-57a2d4851a1d" />
    <TestEntry testId="7100c462-41be-4db3-a6a2-b79718b1f543" executionId="1261ab7e-4c63-44e2-a34b-dd15b35eec2f" testListId="8c84fa94-04c1-424b-9868-57a2d4851a1d" />
    <TestEntry testId="d0e60b6a-8943-4a65-b3fe-8eca9957fb7f" executionId="22028dd6-b63a-4563-b0bb-dc311b68da2c" testListId="8c84fa94-04c1-424b-9868-57a2d4851a1d" />
    <TestEntry testId="96f6bc36-3587-4ab3-bb7e-533e0e336f81" executionId="d9adccd6-965f-4e96-b83c-3a15d02d3549" testListId="8c84fa94-04c1-424b-9868-57a2d4851a1d" />
    <TestEntry testId="d30fae33-ef1e-43c2-bfdd-632e90fdb7e8" executionId="a42912c9-621d-4992-a15e-49b179176d45" testListId="8c84fa94-04c1-424b-9868-57a2d4851a1d" />
    <TestEntry testId="50f5758c-b697-4217-9754-b1aba56b09ca" executionId="9db89715-2e14-4256-9e66-e8a5319ecb54" testListId="8c84fa94-04c1-424b-9868-57a2d4851a1d" />
    <TestEntry testId="8d8e1219-2ad1-4d9a-a6c5-acddc07f953b" executionId="07ad9368-3bc8-4b98-b52a-0c564e55b758" testListId="8c84fa94-04c1-424b-9868-57a2d4851a1d" />
    <TestEntry testId="88e3a90b-676e-45f9-a608-a912b61650e1" executionId="d88576f7-c7d4-4110-a560-ddba72ea51c9" testListId="8c84fa94-04c1-424b-9868-57a2d4851a1d" />
    <TestEntry testId="6cf9cebe-e840-45c1-bcd7-ea5dbe3e9db9" executionId="cca71e39-d9cf-4355-9966-2fd0174cc294" testListId="8c84fa94-04c1-424b-9868-57a2d4851a1d" />
    <TestEntry testId="4246f868-81dd-4e16-98b6-a028209a70e9" executionId="99444fe5-65f6-4c55-9e19-d6d7d3f4e80f" testListId="8c84fa94-04c1-424b-9868-57a2d4851a1d" />
    <TestEntry testId="159ce734-1ddb-417c-9223-4669bcd6ad1d" executionId="38a86394-a040-438a-adb3-be1e3885892a" testListId="8c84fa94-04c1-424b-9868-57a2d4851a1d" />
    <TestEntry testId="879db749-1698-44de-bb46-37e5bbf826cb" executionId="11b4f6a8-df9b-4056-8db3-1b5a6332c9cd" testListId="8c84fa94-04c1-424b-9868-57a2d4851a1d" />
    <TestEntry testId="d4ea995e-61af-4fbe-a531-fc6a19744fd4" executionId="a04b03b2-0e8b-433a-ac55-afc0206a8b85" testListId="8c84fa94-04c1-424b-9868-57a2d4851a1d" />
    <TestEntry testId="2dd48cc8-c361-452d-91d6-9182c5585907" executionId="3c94003d-7068-41df-bcb9-b11052eece78" testListId="8c84fa94-04c1-424b-9868-57a2d4851a1d" />
    <TestEntry testId="d1d60f96-9eba-4547-9bed-a75d9b42b1a1" executionId="52ccb162-0a82-4d4f-a421-b7e7e2d6620b" testListId="8c84fa94-04c1-424b-9868-57a2d4851a1d" />
    <TestEntry testId="79782563-d472-4797-945b-6bae6c87e9fb" executionId="9a465230-6ba9-4be4-b3e4-9c59b6a4a9bd" testListId="8c84fa94-04c1-424b-9868-57a2d4851a1d" />
    <TestEntry testId="c2b7ecdd-b755-416f-9462-0fbba99afaa0" executionId="5a16916c-c07e-41bc-9913-2111f49e9bc7" testListId="8c84fa94-04c1-424b-9868-57a2d4851a1d" />
    <TestEntry testId="09909520-ad06-481b-aeb7-5b38b24df502" executionId="ff296516-4d93-42f5-9a2e-379127a67e1f" testListId="8c84fa94-04c1-424b-9868-57a2d4851a1d" />
    <TestEntry testId="5845c3fc-f10d-4410-a651-3e738cc5131f" executionId="2695c781-24a6-448d-a6d6-e0f6a79404b7" testListId="8c84fa94-04c1-424b-9868-57a2d4851a1d" />
    <TestEntry testId="facd0b03-c51c-48b9-9edc-9e17cf224d6f" executionId="f5c9f05c-b80e-44c8-b872-57bd58d35a16" testListId="8c84fa94-04c1-424b-9868-57a2d4851a1d" />
    <TestEntry testId="1509bc57-f0ce-4e44-92cb-1885687bf1e9" executionId="cc949fae-6f1a-41da-a369-b329c12a010a" testListId="8c84fa94-04c1-424b-9868-57a2d4851a1d" />
    <TestEntry testId="11a8e003-d82a-4add-96b5-677e48aabb16" executionId="d83a77cf-98b2-4482-a561-c8ff3d1c8058" testListId="8c84fa94-04c1-424b-9868-57a2d4851a1d" />
    <TestEntry testId="e8853677-4a81-4016-ae69-36666c1afbc4" executionId="f07c80c4-6107-4bf7-8960-3174bbf024d6" testListId="8c84fa94-04c1-424b-9868-57a2d4851a1d" />
    <TestEntry testId="8b613198-b10a-4d2a-88b1-03ada42e2965" executionId="c80c18b8-e148-4fae-bd8d-537cc9cf8369" testListId="8c84fa94-04c1-424b-9868-57a2d4851a1d" />
    <TestEntry testId="a67ba29e-b54c-4e42-998d-44f8db8962ec" executionId="56ba069f-c0f9-472b-9c02-2a68bd747eac" testListId="8c84fa94-04c1-424b-9868-57a2d4851a1d" />
    <TestEntry testId="5952e883-f817-4645-b500-acd756321165" executionId="8dbc9a4f-c959-4390-bffc-713a7aafb436" testListId="8c84fa94-04c1-424b-9868-57a2d4851a1d" />
    <TestEntry testId="a1cc857f-6cfe-4fa0-a80e-897d2a720b9b" executionId="43d1a17c-249f-4cbb-beb1-19b365b0887e" testListId="8c84fa94-04c1-424b-9868-57a2d4851a1d" />
    <TestEntry testId="8ead8e69-55bf-40b7-86dc-7d28715d7510" executionId="0b00d0e5-4b2e-4c23-8913-46d4f0b1c2ba" testListId="8c84fa94-04c1-424b-9868-57a2d4851a1d" />
    <TestEntry testId="717be625-4804-4cdd-8bd6-e5d195af0d0d" executionId="b05bedc8-ceff-4e15-93a1-6f6b3d68ea6b" testListId="8c84fa94-04c1-424b-9868-57a2d4851a1d" />
    <TestEntry testId="9b367d16-11fa-42f1-a66f-29303adf639b" executionId="d63b84c0-7779-44a6-abd7-0e1381f935c2" testListId="8c84fa94-04c1-424b-9868-57a2d4851a1d" />
    <TestEntry testId="5d0a392f-7063-4eeb-bffd-e9477e3dc3b8" executionId="c0710d9b-17d4-475b-ba18-85838270b363" testListId="8c84fa94-04c1-424b-9868-57a2d4851a1d" />
    <TestEntry testId="ec71545f-cb2a-4d4e-a092-5c73af184657" executionId="ddd1f47a-75ac-4efd-abf7-760e5b9c4bfc" testListId="8c84fa94-04c1-424b-9868-57a2d4851a1d" />
    <TestEntry testId="9cec5fce-43e7-4633-90fd-74ad4cf1d10d" executionId="c02c1e67-fb20-4bce-a111-3191374a75e9" testListId="8c84fa94-04c1-424b-9868-57a2d4851a1d" />
    <TestEntry testId="e9d4e544-8159-4b59-b113-21f84a87f9f1" executionId="35297a01-79a4-4ff7-9781-afa98d4bcd01" testListId="8c84fa94-04c1-424b-9868-57a2d4851a1d" />
    <TestEntry testId="8dad2011-8052-4d81-9b73-95ab8a928fcd" executionId="af28d198-22d3-4dc4-b6f7-a42c0153f315" testListId="8c84fa94-04c1-424b-9868-57a2d4851a1d" />
    <TestEntry testId="3de1b9a3-cf46-4e0f-8eb9-e74fe1789bdd" executionId="f352114d-0aea-426f-a06f-60cbf3941d47" testListId="8c84fa94-04c1-424b-9868-57a2d4851a1d" />
    <TestEntry testId="d857b1dc-84f1-473f-bf9c-4bf737ed2453" executionId="f907ef9a-574e-49fd-9b58-79bc2d865dcf" testListId="8c84fa94-04c1-424b-9868-57a2d4851a1d" />
    <TestEntry testId="f8925510-055a-41c2-a38c-392eeae15776" executionId="17d592e7-1198-46dc-9899-5a128a54a325" testListId="8c84fa94-04c1-424b-9868-57a2d4851a1d" />
    <TestEntry testId="00f7ec36-183c-4a4d-a74f-10718e5de4d8" executionId="28c6f42f-99d4-46ca-93e5-9b6240f4d644" testListId="8c84fa94-04c1-424b-9868-57a2d4851a1d" />
    <TestEntry testId="c8b59c23-c44b-495f-ab52-767b0b22a84a" executionId="9739a343-abb2-497d-8850-f12230ac81ba" testListId="8c84fa94-04c1-424b-9868-57a2d4851a1d" />
    <TestEntry testId="60767130-75a7-430a-9992-92840052bd76" executionId="6c49add7-feac-4c3a-8b00-bc0e14fbe7a1" testListId="8c84fa94-04c1-424b-9868-57a2d4851a1d" />
    <TestEntry testId="27925156-d280-4a7f-9585-3d8f8a5e46c9" executionId="d9cd2883-f08b-4aa4-8c7d-b1514874659a" testListId="8c84fa94-04c1-424b-9868-57a2d4851a1d" />
    <TestEntry testId="b2c0c675-80b7-4152-b84e-d9459e87622f" executionId="9a357e8d-c16a-4e89-ae4d-4840fd90891f" testListId="8c84fa94-04c1-424b-9868-57a2d4851a1d" />
    <TestEntry testId="0da546aa-a1ef-4cf6-b30d-9d3fe8a31339" executionId="1d7a6490-d628-416e-b97c-4ed1acca8660" testListId="8c84fa94-04c1-424b-9868-57a2d4851a1d" />
    <TestEntry testId="9599f712-a0ff-4a5e-9281-b5069d4c2b23" executionId="bf2f1662-e61b-49bb-a58d-93bb628cea4e" testListId="8c84fa94-04c1-424b-9868-57a2d4851a1d" />
    <TestEntry testId="dd905576-8383-4ccf-a505-0d5baaed2bb2" executionId="ec53c2c1-12ba-4125-b155-91cf7c7edbe2" testListId="8c84fa94-04c1-424b-9868-57a2d4851a1d" />
    <TestEntry testId="108f1127-e981-4866-bf0f-27591f3b3517" executionId="b29584a4-4aef-4a9c-9ee5-78866c89a1e6" testListId="8c84fa94-04c1-424b-9868-57a2d4851a1d" />
    <TestEntry testId="ad1466e1-b953-420c-bedb-ae4c19cd49d8" executionId="185e9ca4-e8d4-4cfa-ad93-3b88838ef45a" testListId="8c84fa94-04c1-424b-9868-57a2d4851a1d" />
    <TestEntry testId="63d4d33f-4e8a-47e6-ae1c-57441036286e" executionId="329b7dc0-d8ef-4d6f-a478-8dfb08115200" testListId="8c84fa94-04c1-424b-9868-57a2d4851a1d" />
    <TestEntry testId="ce700ee2-4411-4f1b-a849-dea059b17309" executionId="debfef0c-04aa-4f8d-90c6-01c13868de02" testListId="8c84fa94-04c1-424b-9868-57a2d4851a1d" />
    <TestEntry testId="bd909d91-5c53-4111-ac7f-63d35124a226" executionId="f3ff1384-c2a4-4854-b0ba-aed6b125d3fc" testListId="8c84fa94-04c1-424b-9868-57a2d4851a1d" />
    <TestEntry testId="fa4871c2-f8a5-4976-be8c-90030b01a43c" executionId="f3ec7a92-9bfe-4288-a5fd-d7ee412a3a91" testListId="8c84fa94-04c1-424b-9868-57a2d4851a1d" />
    <TestEntry testId="b48fbed4-ea58-4c0f-88e8-6a28aa9d7cb1" executionId="cb354e46-ad3b-44d8-8416-8ae20120528c" testListId="8c84fa94-04c1-424b-9868-57a2d4851a1d" />
    <TestEntry testId="d1423cab-10d2-4af1-85dc-8415b9c9f7a8" executionId="40a12a0e-2c6c-48a1-a5c7-c2c05fe75013" testListId="8c84fa94-04c1-424b-9868-57a2d4851a1d" />
    <TestEntry testId="30ec38b4-1ddf-46e7-ba02-15e0e5ed7fb5" executionId="83e6f3de-b0f5-4521-98bc-9ce3c1703b32" testListId="8c84fa94-04c1-424b-9868-57a2d4851a1d" />
    <TestEntry testId="a20ae6dc-e470-4794-932a-97a8d904db02" executionId="c2117e55-0d26-4acd-8dae-80d0f3f305ef" testListId="8c84fa94-04c1-424b-9868-57a2d4851a1d" />
    <TestEntry testId="326648f3-6afc-4663-ae84-7e903ff3f605" executionId="de447f53-0edd-4174-b0bc-bbe1f152b163" testListId="8c84fa94-04c1-424b-9868-57a2d4851a1d" />
    <TestEntry testId="b5939bfa-7ca7-42ef-8bc0-f126d3fd2e7d" executionId="8f0e0ee1-4226-4b4b-a598-aa2090ad46f8" testListId="8c84fa94-04c1-424b-9868-57a2d4851a1d" />
    <TestEntry testId="62b7d0d6-0e4a-407b-bc62-6a5dd07679bf" executionId="57812c3e-5ea4-4b32-b74a-b79ae0569b49" testListId="8c84fa94-04c1-424b-9868-57a2d4851a1d" />
    <TestEntry testId="1625b353-0b83-4593-9420-ae5f7cce5c6c" executionId="ab616a8c-6dec-41d6-86c0-6317165541ab" testListId="8c84fa94-04c1-424b-9868-57a2d4851a1d" />
    <TestEntry testId="78d47802-dc94-445f-bc1f-9adc701413b5" executionId="85e07a8d-127d-4dd4-89ba-a69d338c3954" testListId="8c84fa94-04c1-424b-9868-57a2d4851a1d" />
    <TestEntry testId="c036b91e-2ff5-4e74-9c4f-c6f31304a999" executionId="97c48ca5-1983-4072-8eea-5b9b602df3d8" testListId="8c84fa94-04c1-424b-9868-57a2d4851a1d" />
    <TestEntry testId="80de2aaf-7219-4e52-a082-d2d2757a068a" executionId="9cfdca71-f91e-454a-baac-903da133a02c" testListId="8c84fa94-04c1-424b-9868-57a2d4851a1d" />
    <TestEntry testId="8371f04b-7773-497d-9af5-c0fb0b369e0d" executionId="2852ff3e-c0bc-4f44-9918-710828ebba9e" testListId="8c84fa94-04c1-424b-9868-57a2d4851a1d" />
    <TestEntry testId="a6b9add9-abb6-4dcd-a839-008c1f7f0576" executionId="6a01f154-990e-4553-a18a-23ba0027bab2" testListId="8c84fa94-04c1-424b-9868-57a2d4851a1d" />
    <TestEntry testId="377e12d6-3dac-4b7d-b135-404cbf07648e" executionId="2acaed23-c51b-4b6d-bed3-534176c00a3c" testListId="8c84fa94-04c1-424b-9868-57a2d4851a1d" />
    <TestEntry testId="0d487f05-f061-47b4-ac97-41e76b2caba0" executionId="fd8d6f4f-6d52-4e80-aaa3-e62afc62e71b" testListId="8c84fa94-04c1-424b-9868-57a2d4851a1d" />
    <TestEntry testId="ea3a598d-9286-4fe9-83b6-749035538a25" executionId="38bb732a-f799-4e87-9c74-4385c25974d0" testListId="8c84fa94-04c1-424b-9868-57a2d4851a1d" />
    <TestEntry testId="4aef29cc-5fdc-4b3f-aa32-576e27a11b35" executionId="6236f0a0-16f6-4df6-aed8-27782599701f" testListId="8c84fa94-04c1-424b-9868-57a2d4851a1d" />
    <TestEntry testId="7e75efd7-1ed6-431e-80b9-65561ac340df" executionId="ce6d03ad-8ebc-4045-99ee-0f584b2959db" testListId="8c84fa94-04c1-424b-9868-57a2d4851a1d" />
    <TestEntry testId="3aef8708-78bc-4dfa-aca6-bb955528bcb2" executionId="4824142a-9887-4ca5-9219-fc7b6c2fdaf0" testListId="8c84fa94-04c1-424b-9868-57a2d4851a1d" />
    <TestEntry testId="815095cb-afa0-4106-9cbb-866e4faaaabb" executionId="c0400a8c-dcd7-4970-ae4f-2a63d699a8f3" testListId="8c84fa94-04c1-424b-9868-57a2d4851a1d" />
    <TestEntry testId="c2103776-2037-47bd-bf5f-5b5437b73d37" executionId="ff3ed0cd-0e5a-45f1-86c8-0b44a626aab4" testListId="8c84fa94-04c1-424b-9868-57a2d4851a1d" />
    <TestEntry testId="7fa10b46-09b0-4883-94f2-1b627f01d1c4" executionId="f83a2ad5-75e1-416f-aa63-249bdcb80d19" testListId="8c84fa94-04c1-424b-9868-57a2d4851a1d" />
    <TestEntry testId="35cee422-477f-4258-a6aa-2f0ded4fbe0c" executionId="0f898750-93c5-4cbe-9b84-6e3b46e7e7c1" testListId="8c84fa94-04c1-424b-9868-57a2d4851a1d" />
    <TestEntry testId="2732daf5-b40a-432f-bd2f-bbc6953f2ec8" executionId="22f35f4a-7330-4a49-ace5-75b595c45ee6" testListId="8c84fa94-04c1-424b-9868-57a2d4851a1d" />
    <TestEntry testId="c05dfd18-bc25-4fcc-be1f-2a78280d4c50" executionId="82a8aceb-167a-417a-bcd8-db3777ec0710" testListId="8c84fa94-04c1-424b-9868-57a2d4851a1d" />
    <TestEntry testId="8487274f-23ac-4671-bceb-1b5acb6fb658" executionId="b469e506-7d5c-416e-acb7-78a35ab8bcd2" testListId="8c84fa94-04c1-424b-9868-57a2d4851a1d" />
    <TestEntry testId="c0809482-1625-4b3d-876f-6a8392b3c247" executionId="9204e4e7-11d7-4f80-8483-0307868cf955" testListId="8c84fa94-04c1-424b-9868-57a2d4851a1d" />
    <TestEntry testId="756ee489-4b86-499e-aea5-9fe70216e46b" executionId="5757852f-3fce-4cdd-86e3-1eb06998ffb7" testListId="8c84fa94-04c1-424b-9868-57a2d4851a1d" />
    <TestEntry testId="2babcab1-fe58-4fce-a648-31b889d756a7" executionId="117bf045-606e-44f2-b528-9feb5b7f600f" testListId="8c84fa94-04c1-424b-9868-57a2d4851a1d" />
    <TestEntry testId="7145187d-c530-4131-ba0c-bd2e58bc9a34" executionId="49d9985f-7f18-4931-a519-c540cbd27e9d" testListId="8c84fa94-04c1-424b-9868-57a2d4851a1d" />
    <TestEntry testId="b2f07af6-1957-405a-a35b-b607b6c9d030" executionId="7849db17-75ff-4de4-adbe-dd02bc11de56" testListId="8c84fa94-04c1-424b-9868-57a2d4851a1d" />
    <TestEntry testId="2c340d6b-fc13-42f5-8170-2d95356b0018" executionId="791d1291-0b52-4078-9c07-f3fe5e1936b0" testListId="8c84fa94-04c1-424b-9868-57a2d4851a1d" />
    <TestEntry testId="cea45012-c8c5-4ff9-96d5-bf546cb7efcd" executionId="a24880d7-e350-4a01-a4e5-1d0945dd30c7" testListId="8c84fa94-04c1-424b-9868-57a2d4851a1d" />
    <TestEntry testId="0bee96d4-9ed8-462f-82c3-35d1845d2598" executionId="04fd1063-6a79-47b3-81a5-9d953210e982" testListId="8c84fa94-04c1-424b-9868-57a2d4851a1d" />
    <TestEntry testId="096f9ceb-797e-4cd5-8256-879e1be0f670" executionId="b21bd86d-ba7d-487e-b3b6-fd4ff65bddc4" testListId="8c84fa94-04c1-424b-9868-57a2d4851a1d" />
    <TestEntry testId="71d3a872-3d51-42a7-8019-d51909874156" executionId="4dafcfc8-202f-40df-9054-ecfed3afc363" testListId="8c84fa94-04c1-424b-9868-57a2d4851a1d" />
    <TestEntry testId="827e9498-141f-432d-906f-03d4bd84eb20" executionId="808e16af-2664-4f07-83e0-2f9db945b7d4" testListId="8c84fa94-04c1-424b-9868-57a2d4851a1d" />
    <TestEntry testId="852a6a38-9d2c-4567-830b-98b012a9eec8" executionId="9f3b1579-7def-46cb-9707-83b74a58779e" testListId="8c84fa94-04c1-424b-9868-57a2d4851a1d" />
    <TestEntry testId="6846f6db-ea73-4368-819c-214d8682002f" executionId="b7ee725f-7cf3-4050-8998-4a0e5bfba911" testListId="8c84fa94-04c1-424b-9868-57a2d4851a1d" />
    <TestEntry testId="0e7fd53b-0e6a-45a4-9c0b-48b619d26e17" executionId="950347db-ea66-43a1-8f68-e8449c7468f0" testListId="8c84fa94-04c1-424b-9868-57a2d4851a1d" />
    <TestEntry testId="fa4ba86d-8a6e-4772-a8c5-4b66311db269" executionId="2416bd58-d4ae-4080-b212-00d6b79e5a8f" testListId="8c84fa94-04c1-424b-9868-57a2d4851a1d" />
    <TestEntry testId="f33ff6d1-713f-4cb1-aa07-c66dfb7d3040" executionId="36dc5d43-301c-4330-9156-e73f82aa0c8c" testListId="8c84fa94-04c1-424b-9868-57a2d4851a1d" />
    <TestEntry testId="c4e3f3ed-11fe-4fd5-884a-bc0bb9aacbca" executionId="d5fe5a10-ef2c-4c46-a3c1-b162af1c8277" testListId="8c84fa94-04c1-424b-9868-57a2d4851a1d" />
    <TestEntry testId="21af1435-9c4c-46ce-bbc2-882cf8e85eb5" executionId="d53ee5f5-06c5-4af2-b690-7d7976130793" testListId="8c84fa94-04c1-424b-9868-57a2d4851a1d" />
    <TestEntry testId="0b63063c-3664-4733-a5af-97db625bff15" executionId="24d9282d-c1d5-4905-b4d4-6e2d565727f5" testListId="8c84fa94-04c1-424b-9868-57a2d4851a1d" />
    <TestEntry testId="2f286160-b5c9-4e17-9ea7-18a2b94db201" executionId="8984749a-603e-4130-8608-bdc424209ab5" testListId="8c84fa94-04c1-424b-9868-57a2d4851a1d" />
    <TestEntry testId="c2e829db-a04d-4d8b-b00b-019c880fa3bb" executionId="6e9556e3-1d1d-4d14-9b34-77946e77ff5c" testListId="8c84fa94-04c1-424b-9868-57a2d4851a1d" />
    <TestEntry testId="3703e760-5069-40c4-bf48-f8cda54d4be0" executionId="94aaaf14-a0a5-4b13-acde-2979af7573f3" testListId="8c84fa94-04c1-424b-9868-57a2d4851a1d" />
    <TestEntry testId="b6a18581-f3b5-4513-b56c-d0960e5612ec" executionId="9160c4a5-d177-4868-8404-53760c4a1493" testListId="8c84fa94-04c1-424b-9868-57a2d4851a1d" />
    <TestEntry testId="851c7f13-4620-4dfc-bb3d-b746527cc38c" executionId="775bbd43-f842-4511-9c83-e79e13fc49e8" testListId="8c84fa94-04c1-424b-9868-57a2d4851a1d" />
    <TestEntry testId="de3817d6-2d14-48c3-b3ea-9d2a0737e0e5" executionId="04c798fc-8d12-4310-83b0-9a9812aefdf7" testListId="8c84fa94-04c1-424b-9868-57a2d4851a1d" />
    <TestEntry testId="6629be51-35e1-4ecd-ae5a-491d79b2d1d4" executionId="b1dada4e-769d-4224-80f7-e39ee65169df" testListId="8c84fa94-04c1-424b-9868-57a2d4851a1d" />
    <TestEntry testId="0dc8e39e-b052-47e6-bd63-a9057ce0b511" executionId="adffb6b3-622f-414f-bcd9-d89d81768eb7" testListId="8c84fa94-04c1-424b-9868-57a2d4851a1d" />
    <TestEntry testId="2ef3471c-45eb-430b-8f45-be0d61608381" executionId="2a4cc8c3-277c-4d91-a1b8-b3a9da44a47c" testListId="8c84fa94-04c1-424b-9868-57a2d4851a1d" />
    <TestEntry testId="a8fd334a-b8e0-447d-a092-4d375d9d6802" executionId="43b3c046-f304-4684-ac8c-2ebfda972213" testListId="8c84fa94-04c1-424b-9868-57a2d4851a1d" />
    <TestEntry testId="6d7add13-b0e2-4bba-98bf-9773361b6869" executionId="58774d8a-35ef-44e7-8ab5-a1a66ec4301f" testListId="8c84fa94-04c1-424b-9868-57a2d4851a1d" />
    <TestEntry testId="e692c9b9-f309-4674-8d94-0501da4b8d69" executionId="7579426b-aaf9-437e-ad56-e4ca34acf8ca" testListId="8c84fa94-04c1-424b-9868-57a2d4851a1d" />
    <TestEntry testId="db19bb79-7395-4746-964e-3ed4a19453df" executionId="06215959-db0a-4ea5-aabb-bb3d66841979" testListId="8c84fa94-04c1-424b-9868-57a2d4851a1d" />
    <TestEntry testId="e58cc383-4102-462a-93b9-09d071b7b9fe" executionId="8d3d602d-9cb7-48c1-801a-467832009335" testListId="8c84fa94-04c1-424b-9868-57a2d4851a1d" />
    <TestEntry testId="46472c1c-ac30-4186-a1f1-b6231f1392d5" executionId="d103845f-c801-4ded-aeac-7f61a25e550f" testListId="8c84fa94-04c1-424b-9868-57a2d4851a1d" />
    <TestEntry testId="589a5e65-c4a8-4a88-b98c-a4b6de34d33b" executionId="3af90b45-8415-4c15-92a7-8b5db735a330" testListId="8c84fa94-04c1-424b-9868-57a2d4851a1d" />
    <TestEntry testId="278e921c-409a-413a-bf3f-5f33db499a71" executionId="2ea57363-0e06-45fb-8157-d13cf5a48d34" testListId="8c84fa94-04c1-424b-9868-57a2d4851a1d" />
    <TestEntry testId="3f254a83-4543-4224-abb2-bf82bfa2e184" executionId="b7464389-068e-4331-b75d-6597f05d3909" testListId="8c84fa94-04c1-424b-9868-57a2d4851a1d" />
    <TestEntry testId="ccaf89ad-e7b6-49b0-816b-051369971b0f" executionId="4ed782f2-6f46-4131-b19f-3b72fbfb1e19" testListId="8c84fa94-04c1-424b-9868-57a2d4851a1d" />
    <TestEntry testId="f62f9055-4781-4100-bc9e-29664e642b5a" executionId="4b4e45ea-6ca9-402a-8238-c72517d4e3bf" testListId="8c84fa94-04c1-424b-9868-57a2d4851a1d" />
    <TestEntry testId="5012f673-6748-4c67-b10c-c6c0b19a2d03" executionId="1ab77e5a-539c-4dd5-a481-6de0251d35c0" testListId="8c84fa94-04c1-424b-9868-57a2d4851a1d" />
    <TestEntry testId="d576e4c4-b932-4276-bb6e-05cc59b666d4" executionId="bc062a28-0c7e-4fb7-a553-8681d5618678" testListId="8c84fa94-04c1-424b-9868-57a2d4851a1d" />
    <TestEntry testId="345eb114-3c0d-400d-b90e-bef081bb2c3c" executionId="81dff63c-5ca0-436e-bcec-129c4a05eaed" testListId="8c84fa94-04c1-424b-9868-57a2d4851a1d" />
    <TestEntry testId="45750959-389b-47b7-acad-1daa47e3a73b" executionId="b89ae0f6-8ad8-4220-b27c-afad8f2be4bd" testListId="8c84fa94-04c1-424b-9868-57a2d4851a1d" />
    <TestEntry testId="6f3dcf2e-aede-4b16-b84a-9e63bd625fb0" executionId="e176ae97-f8ba-4821-9ba9-962716690389" testListId="8c84fa94-04c1-424b-9868-57a2d4851a1d" />
    <TestEntry testId="e4910b93-58b8-47da-9622-e0474bebc71d" executionId="6ece09f4-1559-4cf7-8774-23ddc5260915" testListId="8c84fa94-04c1-424b-9868-57a2d4851a1d" />
    <TestEntry testId="ec9f6c56-25b6-430f-899e-e251d249e0d0" executionId="a8405023-9832-4938-8144-69022976f411" testListId="8c84fa94-04c1-424b-9868-57a2d4851a1d" />
    <TestEntry testId="71025910-cb95-4dd9-b0c4-3ae3ca1866e8" executionId="2f65e0b5-c132-45df-a8ff-9378fd4969da" testListId="8c84fa94-04c1-424b-9868-57a2d4851a1d" />
    <TestEntry testId="1c2bacd6-5cd5-43e8-bb37-0e5e9ab3fab3" executionId="a5bd4588-03a9-4387-9928-aa6104128647" testListId="8c84fa94-04c1-424b-9868-57a2d4851a1d" />
    <TestEntry testId="f8769ce6-7248-43be-8fca-04e290f4c1a0" executionId="f4df2c9e-3481-4146-8799-4ade9bfb4bd9" testListId="8c84fa94-04c1-424b-9868-57a2d4851a1d" />
    <TestEntry testId="610eaee6-1875-45c0-a844-26fd3ed120a0" executionId="c0fc3379-d2e6-44c8-8578-bda57503ea3e" testListId="8c84fa94-04c1-424b-9868-57a2d4851a1d" />
    <TestEntry testId="e5a6c4f7-ee55-4e3e-8368-aae07f10ff17" executionId="ca7f38c4-5ee7-4c89-a769-4f121288a384" testListId="8c84fa94-04c1-424b-9868-57a2d4851a1d" />
    <TestEntry testId="8a73b859-0b79-4937-9d7f-a9d710c7c883" executionId="857c4783-de80-4749-8da4-d366444febf0" testListId="8c84fa94-04c1-424b-9868-57a2d4851a1d" />
    <TestEntry testId="593206b0-52fe-408f-bf98-e626860f9c43" executionId="9f64c756-d7dc-4235-a99b-d019ae77f365" testListId="8c84fa94-04c1-424b-9868-57a2d4851a1d" />
    <TestEntry testId="2a1eb6b7-34f7-4728-b740-a4ad7d9503df" executionId="aa49b97a-1d78-496b-a737-04d984b6c725" testListId="8c84fa94-04c1-424b-9868-57a2d4851a1d" />
    <TestEntry testId="537e2039-97bd-4f36-8762-84b7922a9890" executionId="ffb4cd65-c4f2-4745-9730-53b167bff5c0" testListId="8c84fa94-04c1-424b-9868-57a2d4851a1d" />
    <TestEntry testId="bb38f7cf-0788-4755-a24d-c467a2b66a43" executionId="0f787c6e-ee66-4ff3-9dd4-108e567d6c52" testListId="8c84fa94-04c1-424b-9868-57a2d4851a1d" />
    <TestEntry testId="d4036605-0669-4e7c-a5d9-f619b6a1766f" executionId="f65f69bc-691e-43d7-b2df-2d2ac1b39234" testListId="8c84fa94-04c1-424b-9868-57a2d4851a1d" />
    <TestEntry testId="3842200d-dfea-4cbc-9983-ae85f702c2bc" executionId="bcbaadf3-a51d-435d-b672-8ab80c3c1474" testListId="8c84fa94-04c1-424b-9868-57a2d4851a1d" />
    <TestEntry testId="ac5a048a-6b86-4956-b8b3-c6493d4e5bca" executionId="fb2586d1-9606-4e57-8200-fc9ac182b1bf" testListId="8c84fa94-04c1-424b-9868-57a2d4851a1d" />
    <TestEntry testId="2ba7648f-1615-4308-8976-1ade55ee9728" executionId="226feca9-7453-4d60-ba49-c7261c028f55" testListId="8c84fa94-04c1-424b-9868-57a2d4851a1d" />
    <TestEntry testId="4274f90a-cbf4-4d11-9000-d81a9d89fc47" executionId="d3d951db-3a71-40bb-b1fe-1295d78d258a" testListId="8c84fa94-04c1-424b-9868-57a2d4851a1d" />
    <TestEntry testId="51fec8ce-d206-45b3-bda6-f6057e1ba610" executionId="9359862f-1b8d-432d-a935-6e8791fc4a83" testListId="8c84fa94-04c1-424b-9868-57a2d4851a1d" />
    <TestEntry testId="52a56ba7-9ce3-4a1a-bbd3-821d9d366e76" executionId="34c4b3d5-1e3a-4af0-b574-3ad31ec2157d" testListId="8c84fa94-04c1-424b-9868-57a2d4851a1d" />
    <TestEntry testId="30e9d1d7-cbb6-4857-8e56-6911a74b738b" executionId="104af8a6-cf91-4a3f-924e-69c834b548e9" testListId="8c84fa94-04c1-424b-9868-57a2d4851a1d" />
    <TestEntry testId="895f7857-eab1-4ad1-ae74-dddb3ecd2a6d" executionId="f069b5d7-66e3-4c5b-8032-81afd7d27c46" testListId="8c84fa94-04c1-424b-9868-57a2d4851a1d" />
    <TestEntry testId="7ef45224-ccaa-4da6-b668-5d65cc3d801a" executionId="5b0deee6-c0bd-4276-b09e-563346018735" testListId="8c84fa94-04c1-424b-9868-57a2d4851a1d" />
    <TestEntry testId="e43f5388-329c-4114-aedb-ee5d11f86be4" executionId="bfa6af54-1b05-45d6-998c-7c33ac74696b" testListId="8c84fa94-04c1-424b-9868-57a2d4851a1d" />
    <TestEntry testId="7aeb1d32-23d6-415a-a11a-2946446bc843" executionId="10a757cb-47cb-491c-9f3d-91289cfb6a49" testListId="8c84fa94-04c1-424b-9868-57a2d4851a1d" />
    <TestEntry testId="89708401-0b6f-49d7-b313-8af3cf980801" executionId="60efe5b7-bb48-4cf0-9824-d9427cf24c15" testListId="8c84fa94-04c1-424b-9868-57a2d4851a1d" />
    <TestEntry testId="cff94079-3cbd-4084-b007-6c74c0bb305a" executionId="caad53be-9981-4056-a047-effed8ffa8f4" testListId="8c84fa94-04c1-424b-9868-57a2d4851a1d" />
    <TestEntry testId="79233fdd-cbb8-4936-8846-e002adc91168" executionId="e64153a1-1303-470c-9496-57acc1eb21f4" testListId="8c84fa94-04c1-424b-9868-57a2d4851a1d" />
    <TestEntry testId="19bb8d28-8284-40df-bdc5-cddde3a531fd" executionId="8682d9a1-3a14-4c02-bfc6-f333c04c5568" testListId="8c84fa94-04c1-424b-9868-57a2d4851a1d" />
    <TestEntry testId="7069c840-658f-40a6-9099-425c2b698fd5" executionId="849a0200-0fd5-4ea7-8466-592550c04bca" testListId="8c84fa94-04c1-424b-9868-57a2d4851a1d" />
    <TestEntry testId="e553586c-9e00-48b1-b0d8-d169ceceeeec" executionId="0f1f9ccc-cd2d-473c-952b-ee8530f8c3f2" testListId="8c84fa94-04c1-424b-9868-57a2d4851a1d" />
    <TestEntry testId="7d44b00c-2958-4860-9c01-3f3872973309" executionId="9dfd798a-d7bc-4163-892a-67bfd18ad187" testListId="8c84fa94-04c1-424b-9868-57a2d4851a1d" />
    <TestEntry testId="9c7f4f27-05eb-4675-8d33-b2e275b611f9" executionId="8274e1d4-4021-4997-a562-e492eeec2fad" testListId="8c84fa94-04c1-424b-9868-57a2d4851a1d" />
    <TestEntry testId="47b0c13f-4eb0-49aa-9bc8-619de7291184" executionId="81c7d472-a637-439f-95b1-b46002dbe40d" testListId="8c84fa94-04c1-424b-9868-57a2d4851a1d" />
    <TestEntry testId="bad4a547-8e4b-41a6-bf0e-edd8d1571d14" executionId="796ac11f-1e70-4770-8a47-95f778b83fb0" testListId="8c84fa94-04c1-424b-9868-57a2d4851a1d" />
    <TestEntry testId="e543953b-8d78-4711-9b37-71e50e054bd2" executionId="641df2e7-1ce7-40c3-9c35-43efaedc89d0" testListId="8c84fa94-04c1-424b-9868-57a2d4851a1d" />
    <TestEntry testId="010641cf-bd69-4c1b-bc0b-19281c8453dd" executionId="cc55de9b-2bbe-4fa8-8991-006024c5bd2a" testListId="8c84fa94-04c1-424b-9868-57a2d4851a1d" />
    <TestEntry testId="ebeb1a4b-b413-4a30-b433-5ab14092da88" executionId="d24a5046-d924-47f3-a02b-d03ecd213c9a" testListId="8c84fa94-04c1-424b-9868-57a2d4851a1d" />
    <TestEntry testId="6a4429bc-8054-4cff-985a-8b6cf3bf35ac" executionId="6376d4e1-c445-435d-896d-0665c979a533" testListId="8c84fa94-04c1-424b-9868-57a2d4851a1d" />
    <TestEntry testId="48c99dee-6dd4-40a2-bf2b-1e4dc431fb30" executionId="cc0e084d-7b60-4f1d-874b-899d8faa38e7" testListId="8c84fa94-04c1-424b-9868-57a2d4851a1d" />
    <TestEntry testId="58daa676-958e-422d-be4e-1cf1eb6ea0e9" executionId="1e24cb33-b932-4ae9-a14f-f12d6e34e04a" testListId="8c84fa94-04c1-424b-9868-57a2d4851a1d" />
    <TestEntry testId="211a8905-c30e-4774-8d70-f55719be302a" executionId="83897c90-4cbf-41ec-9fd4-a7801b6ea834" testListId="8c84fa94-04c1-424b-9868-57a2d4851a1d" />
    <TestEntry testId="1e1d16c2-4400-4aee-9455-f2b8e100bb54" executionId="12224fe5-53c5-4876-9952-9160b5b4db66" testListId="8c84fa94-04c1-424b-9868-57a2d4851a1d" />
    <TestEntry testId="9f435d75-046b-4788-903f-b4613f72dc70" executionId="23afdb79-b57d-47a2-b11d-c94363762c53" testListId="8c84fa94-04c1-424b-9868-57a2d4851a1d" />
    <TestEntry testId="eae443ae-0685-4f8b-963b-7666293352ed" executionId="2f6695f9-4ef2-48ef-b3f9-149a42e39c02" testListId="8c84fa94-04c1-424b-9868-57a2d4851a1d" />
    <TestEntry testId="dc20f033-ab1c-4e4d-8197-e32f236a51e2" executionId="9c2c88a9-0a2c-4a52-b6f6-7df91ef809db" testListId="8c84fa94-04c1-424b-9868-57a2d4851a1d" />
    <TestEntry testId="37103375-7031-49da-83fe-8bd9893d67cf" executionId="28e76904-5965-4905-b805-6b72a727de2a" testListId="8c84fa94-04c1-424b-9868-57a2d4851a1d" />
    <TestEntry testId="5be8197e-08f6-4868-9aa5-a106abac3222" executionId="9b870adf-458c-4b12-b127-55d20d863b78" testListId="8c84fa94-04c1-424b-9868-57a2d4851a1d" />
    <TestEntry testId="6c8bf6a5-89fb-4590-8014-20111b124c4c" executionId="81c3cc29-8109-4eed-8c2a-61d4b56d71c2" testListId="8c84fa94-04c1-424b-9868-57a2d4851a1d" />
    <TestEntry testId="4c69ddd1-f03b-42be-9db0-9204a1ecd0d5" executionId="3de431fe-b5b8-4194-8695-d874a153c61e" testListId="8c84fa94-04c1-424b-9868-57a2d4851a1d" />
    <TestEntry testId="f282a694-c6ad-4a62-98cb-3c0d4b3c4099" executionId="94954dc3-7063-4e3e-8d65-df3d8d5b49fd" testListId="8c84fa94-04c1-424b-9868-57a2d4851a1d" />
    <TestEntry testId="c016ed9e-67b0-4f67-968a-992aa2d67fce" executionId="46c700ac-aa40-460f-9656-c5bd22b557d6" testListId="8c84fa94-04c1-424b-9868-57a2d4851a1d" />
    <TestEntry testId="e5ebd940-2617-4276-aa4a-1b191feab000" executionId="6f67e830-c7ec-4332-8f79-ad20b5ad921b" testListId="8c84fa94-04c1-424b-9868-57a2d4851a1d" />
    <TestEntry testId="cc5e5a63-ca0e-4b72-aeea-9f4dbee74172" executionId="982d6274-844e-4208-92b7-37e1d31647d3" testListId="8c84fa94-04c1-424b-9868-57a2d4851a1d" />
    <TestEntry testId="b05d6377-181c-40b5-a756-698a6d442a71" executionId="3b227552-ce8b-4de1-b327-a8ccc80814ef" testListId="8c84fa94-04c1-424b-9868-57a2d4851a1d" />
    <TestEntry testId="03ca1df6-8c5e-4eae-b130-8bc8dc0eb4ab" executionId="f80195ac-10d8-4050-b1e0-11ac3aa7e0f1" testListId="8c84fa94-04c1-424b-9868-57a2d4851a1d" />
    <TestEntry testId="d2ca219a-e09d-4344-8736-d17f481ccc26" executionId="ffb18028-b379-482e-b7ad-4d993b03d1a5" testListId="8c84fa94-04c1-424b-9868-57a2d4851a1d" />
    <TestEntry testId="2cc74191-a6f5-41fa-84b5-f1bb273feccc" executionId="8b6baf4b-26ad-44d5-b061-25b9be636ade" testListId="8c84fa94-04c1-424b-9868-57a2d4851a1d" />
    <TestEntry testId="28640dd6-89aa-4d35-be2d-e20ec2c0e6d5" executionId="7fefc5e8-475a-403a-889f-1c70c3e97106" testListId="8c84fa94-04c1-424b-9868-57a2d4851a1d" />
    <TestEntry testId="45218637-40fa-444f-aae9-32eeec91139a" executionId="de09a61f-96f4-45e9-a509-2809e5d5d195" testListId="8c84fa94-04c1-424b-9868-57a2d4851a1d" />
    <TestEntry testId="a42b94de-e888-4004-bfd5-75ed5fe08344" executionId="33d6b0f8-29d0-462c-8648-97480001ea49" testListId="8c84fa94-04c1-424b-9868-57a2d4851a1d" />
    <TestEntry testId="3f2003c6-d24b-4f1b-bb06-8c163ea864bd" executionId="9b5b438a-69e4-4fb2-b975-1930fe509f05" testListId="8c84fa94-04c1-424b-9868-57a2d4851a1d" />
    <TestEntry testId="51b7b7a9-06b5-41d8-822f-7ed32e21bb31" executionId="8a1b11c2-fe84-4565-8851-48aab2a54be5" testListId="8c84fa94-04c1-424b-9868-57a2d4851a1d" />
    <TestEntry testId="9befee41-89ea-4b7a-b67c-5e41c2d8b1bd" executionId="9ec58ffd-e9da-4104-86e9-100808294859" testListId="8c84fa94-04c1-424b-9868-57a2d4851a1d" />
    <TestEntry testId="d6038cb5-7b32-477e-8f69-8e6036069acf" executionId="a98aec5d-e888-4b7a-b3a6-4cbdec93c1de" testListId="8c84fa94-04c1-424b-9868-57a2d4851a1d" />
    <TestEntry testId="02aba7d0-493b-4206-96ae-9acfa83e6767" executionId="f679b0a3-0cab-46e9-8a7d-b1521e64f30f" testListId="8c84fa94-04c1-424b-9868-57a2d4851a1d" />
    <TestEntry testId="d66bc419-a0d1-461b-8b86-75889471f205" executionId="1292c7b8-0a61-4271-bc29-b55d87843ec3" testListId="8c84fa94-04c1-424b-9868-57a2d4851a1d" />
    <TestEntry testId="db1c4d77-1a86-41bd-8dd5-152bc78cc3b3" executionId="3d55faad-309f-4275-a677-4640c4e878d2" testListId="8c84fa94-04c1-424b-9868-57a2d4851a1d" />
    <TestEntry testId="5c7ee6cc-eb14-4182-a8f8-306295e8b76d" executionId="db088882-68ec-4acd-b20d-3c77a38a32ed" testListId="8c84fa94-04c1-424b-9868-57a2d4851a1d" />
    <TestEntry testId="b0a42bf0-16e7-4ecf-9678-dfe07fc78b46" executionId="bdbf5a06-0b4a-4b6f-bb3b-2a607431135c" testListId="8c84fa94-04c1-424b-9868-57a2d4851a1d" />
    <TestEntry testId="50046f1f-9c13-487e-80d2-f00d184834c9" executionId="4155dc65-f2a7-40ea-a036-18a72f63c3c8" testListId="8c84fa94-04c1-424b-9868-57a2d4851a1d" />
    <TestEntry testId="a7e20859-759a-4f03-adc8-2a5da39988aa" executionId="701fb1cc-3130-4bbd-a684-673f36cadf2f" testListId="8c84fa94-04c1-424b-9868-57a2d4851a1d" />
    <TestEntry testId="6f57f524-bcf5-482f-8837-0d6ab15b7927" executionId="d0d3fb2c-7b84-463a-ba28-2bfee0d88752" testListId="8c84fa94-04c1-424b-9868-57a2d4851a1d" />
    <TestEntry testId="e821651c-47a1-4233-8b80-42ed2b53e43b" executionId="ea851e3e-f846-4861-a0a8-f9d07e2e048d" testListId="8c84fa94-04c1-424b-9868-57a2d4851a1d" />
    <TestEntry testId="f987fa87-bac6-4645-8760-9179a1995e2e" executionId="4f1ce00f-3d10-4ea2-a2c5-b406766d2754" testListId="8c84fa94-04c1-424b-9868-57a2d4851a1d" />
    <TestEntry testId="bdee60d9-0d85-4792-b63e-96c29fc279bf" executionId="1725b5c2-7eb9-4607-ba4f-85253059ba76" testListId="8c84fa94-04c1-424b-9868-57a2d4851a1d" />
    <TestEntry testId="e6dc6f0b-6e61-4c61-b4ae-5967ef9fa946" executionId="cfbe44ec-6040-41cb-b9f8-3473febcc8e2" testListId="8c84fa94-04c1-424b-9868-57a2d4851a1d" />
    <TestEntry testId="566176a1-50cd-4a35-8b73-9ba51a29575c" executionId="53a6bdb9-8112-44ff-b454-008ee96741c3" testListId="8c84fa94-04c1-424b-9868-57a2d4851a1d" />
    <TestEntry testId="bc8a5bd0-ddaf-4078-b42f-d72fbf5197f6" executionId="e9931fab-4201-4fd3-9b5e-000d9c377098" testListId="8c84fa94-04c1-424b-9868-57a2d4851a1d" />
    <TestEntry testId="48785021-8cea-4c42-8f21-81876d4fd7a9" executionId="75ad8a86-e506-4dfe-8324-2aeb2bed9abc" testListId="8c84fa94-04c1-424b-9868-57a2d4851a1d" />
    <TestEntry testId="ec3af72a-4466-4ec6-a6b4-742ac71f37b5" executionId="3ce427e5-3112-458e-a9dc-0dccd941b410" testListId="8c84fa94-04c1-424b-9868-57a2d4851a1d" />
    <TestEntry testId="44bd5a9b-4f53-45a7-9eed-33132f67346b" executionId="80d358f2-9dd4-4ed3-b118-99996cc86b3a" testListId="8c84fa94-04c1-424b-9868-57a2d4851a1d" />
    <TestEntry testId="fc5c5ba0-721c-440a-b732-f159d7ab94f9" executionId="41ce99c2-c2d7-4041-861f-49bb6df7a741" testListId="8c84fa94-04c1-424b-9868-57a2d4851a1d" />
    <TestEntry testId="8b472ca6-8ee3-4b4f-b5d7-1157221900c3" executionId="dae6a602-bf7f-4fe3-b206-dc7a34e08b31" testListId="8c84fa94-04c1-424b-9868-57a2d4851a1d" />
    <TestEntry testId="286b2aa6-36e4-495b-bcb5-d4e7117e89ef" executionId="16a8ca9f-6855-44fc-8a61-26bc5b87a472" testListId="8c84fa94-04c1-424b-9868-57a2d4851a1d" />
    <TestEntry testId="322563bc-d5c1-4fa3-a1f4-abe269b06ae4" executionId="22e563d3-8c3b-4b92-9c43-961bcb11b53e" testListId="8c84fa94-04c1-424b-9868-57a2d4851a1d" />
    <TestEntry testId="59a0fb08-d1e6-4ddf-8d59-baa98817c493" executionId="704c842b-33a7-4e4a-b50a-59eceabd26bf" testListId="8c84fa94-04c1-424b-9868-57a2d4851a1d" />
    <TestEntry testId="ac42b330-bef9-416f-a8fa-9a187ffe5fb5" executionId="4d90bcdf-c635-4be8-a685-92d4ebc7ec03" testListId="8c84fa94-04c1-424b-9868-57a2d4851a1d" />
    <TestEntry testId="9c0fc711-f65c-46c4-a7be-e2b7384177d6" executionId="cf9a14e4-c80b-447d-8308-d88bde9741f4" testListId="8c84fa94-04c1-424b-9868-57a2d4851a1d" />
    <TestEntry testId="748c9725-d90a-4515-92cb-f8dabf77cd41" executionId="c68f9a55-d854-43e6-974a-a7d6a6be4396" testListId="8c84fa94-04c1-424b-9868-57a2d4851a1d" />
    <TestEntry testId="a482aaf5-ddae-48a4-a16c-9c13b8ee802f" executionId="277880c4-b46b-4850-b13a-7041ebbf41c8" testListId="8c84fa94-04c1-424b-9868-57a2d4851a1d" />
    <TestEntry testId="08b2604d-d094-4c05-af20-ae89f00583bb" executionId="ffaad114-8c00-4373-b12c-9177132003c9" testListId="8c84fa94-04c1-424b-9868-57a2d4851a1d" />
  </TestEntries>
  <TestLists>
    <TestList name="Results Not in a List" id="8c84fa94-04c1-424b-9868-57a2d4851a1d" />
    <TestList name="All Loaded Results" id="19431567-8539-422a-85d7-44ee4e166bda" />
  </TestLists>
  <ResultSummary outcome="Completed">
    <Counters total="252" executed="252" passed="252" failed="0" error="0" timeout="0" aborted="0" inconclusive="0" passedButRunAborted="0" notRunnable="0" notExecuted="0" disconnected="0" warning="0" completed="0" inProgress="0" pending="0" />
    <Output>
      <StdOut>Log Message: StatusIndicator moved from VSS/Controls/Common to VSS/Controls/StatusIndicator. Please switch to using VSS/Controls/StatusIndicator/StatusIndicator. from d:\v2.0\a1\_work\dbded102\vso\tfs\service\webaccess\dashboards\testscripts\tests\TFSTests.Dashboards.Control.Catalog.ts
Log Message: StatusIndicator moved from VSS/Controls/Common to VSS/Controls/StatusIndicator. Please switch to using VSS/Controls/StatusIndicator/StatusIndicator. from d:\v2.0\a1\_work\dbded102\vso\tfs\service\webaccess\dashboards\testscripts\tests\TFSTests.Dashboards.Control.Catalog.ts
Log Message: StatusIndicator moved from VSS/Controls/Common to VSS/Controls/StatusIndicator. Please switch to using VSS/Controls/StatusIndicator/StatusIndicator. from d:\v2.0\a1\_work\dbded102\vso\tfs\service\webaccess\dashboards\testscripts\tests\TFSTests.Dashboards.Control.Catalog.ts
Log Message: StatusIndicator moved from VSS/Controls/Common to VSS/Controls/StatusIndicator. Please switch to using VSS/Controls/StatusIndicator/StatusIndicator. from d:\v2.0\a1\_work\dbded102\vso\tfs\service\webaccess\dashboards\testscripts\tests\TFSTests.Dashboards.Control.Catalog.ts
Log Message: at resizeWidget (file:///D:/v2.0/A1/_work/dbded102/layout/L1/tfsjstestsclean/vssjstests/Dashboards/Scripts/TFS.Dashboards.Control.WidgetHost.js:101:107)
	at _setInitialWidgetSize (file:///D:/v2.0/A1/_work/dbded102/layout/L1/tfsjstestsclean/vssjstests/Dashboards/Scripts/TFS.Dashboards.Control.WidgetHost.js:56:34)
	at initialize (file:///D:/v2.0/A1/_work/dbded102/layout/L1/tfsjstestsclean/vssjstests/Dashboards/Scripts/TFS.Dashboards.Control.WidgetHost.js:42:39)
	at _attemptInitialize (file:///D:/v2.0/A1/_work/dbded102/layout/L1/tfsjstestsclean/vssjstests/VSS/Controls.js:357:32)
	at createIn (file:///D:/v2.0/A1/_work/dbded102/layout/L1/tfsjstestsclean/vssjstests/VSS/Controls.js:798:36)
	at createIn (file:///D:/v2.0/A1/_work/dbded102/layout/L1/tfsjstestsclean/vssjstests/VSS/Controls.js:699:29)
	at file:///D:/v2.0/A1/_work/dbded102/layout/L1/tfsjstestsclean/vssjstests/Dashboards/Scripts/TFS.Dashboards.Control.Grid.js:410:86
	at _fulfilled (file:///D:/v2.0/A1/_work/dbded102/layout/L1/tfsjstestsclean/vssjstests/q.js:787:63)
	at file:///D:/v2.0/A1/_work/dbded102/layout/L1/tfsjstestsclean/vssjstests/q.js:816:40
	at promiseDispatch (file:///D:/v2.0/A1/_work/dbded102/layout/L1/tfsjstestsclean/vssjstests/q.js:749:20)
	at file:///D:/v2.0/A1/_work/dbded102/layout/L1/tfsjstestsclean/vssjstests/q.js:810:29
	at flush (file:///D:/v2.0/A1/_work/dbded102/layout/L1/tfsjstestsclean/vssjstests/q.js:108:21) from d:\v2.0\a1\_work\dbded102\vso\tfs\service\webaccess\dashboards\testscripts\tests\TFSTests.Dashboards.L2Menu.ts
Log Message: at resizeWidget (file:///D:/v2.0/A1/_work/dbded102/layout/L1/tfsjstestsclean/vssjstests/Dashboards/Scripts/TFS.Dashboards.Control.WidgetHost.js:101:107)
	at _setInitialWidgetSize (file:///D:/v2.0/A1/_work/dbded102/layout/L1/tfsjstestsclean/vssjstests/Dashboards/Scripts/TFS.Dashboards.Control.WidgetHost.js:56:34)
	at initialize (file:///D:/v2.0/A1/_work/dbded102/layout/L1/tfsjstestsclean/vssjstests/Dashboards/Scripts/TFS.Dashboards.Control.WidgetHost.js:42:39)
	at _attemptInitialize (file:///D:/v2.0/A1/_work/dbded102/layout/L1/tfsjstestsclean/vssjstests/VSS/Controls.js:357:32)
	at createIn (file:///D:/v2.0/A1/_work/dbded102/layout/L1/tfsjstestsclean/vssjstests/VSS/Controls.js:798:36)
	at createIn (file:///D:/v2.0/A1/_work/dbded102/layout/L1/tfsjstestsclean/vssjstests/VSS/Controls.js:699:29)
	at file:///D:/v2.0/A1/_work/dbded102/layout/L1/tfsjstestsclean/vssjstests/Dashboards/Scripts/TFS.Dashboards.Control.Grid.js:410:86
	at _fulfilled (file:///D:/v2.0/A1/_work/dbded102/layout/L1/tfsjstestsclean/vssjstests/q.js:787:63)
	at file:///D:/v2.0/A1/_work/dbded102/layout/L1/tfsjstestsclean/vssjstests/q.js:816:40
	at promiseDispatch (file:///D:/v2.0/A1/_work/dbded102/layout/L1/tfsjstestsclean/vssjstests/q.js:749:20)
	at file:///D:/v2.0/A1/_work/dbded102/layout/L1/tfsjstestsclean/vssjstests/q.js:810:29
	at flush (file:///D:/v2.0/A1/_work/dbded102/layout/L1/tfsjstestsclean/vssjstests/q.js:108:21) from d:\v2.0\a1\_work\dbded102\vso\tfs\service\webaccess\dashboards\testscripts\tests\TFSTests.Dashboards.L2Menu.ts
Log Message: at resizeWidget (file:///D:/v2.0/A1/_work/dbded102/layout/L1/tfsjstestsclean/vssjstests/Dashboards/Scripts/TFS.Dashboards.Control.WidgetHost.js:101:107)
	at _setInitialWidgetSize (file:///D:/v2.0/A1/_work/dbded102/layout/L1/tfsjstestsclean/vssjstests/Dashboards/Scripts/TFS.Dashboards.Control.WidgetHost.js:56:34)
	at initialize (file:///D:/v2.0/A1/_work/dbded102/layout/L1/tfsjstestsclean/vssjstests/Dashboards/Scripts/TFS.Dashboards.Control.WidgetHost.js:42:39)
	at _attemptInitialize (file:///D:/v2.0/A1/_work/dbded102/layout/L1/tfsjstestsclean/vssjstests/VSS/Controls.js:357:32)
	at createIn (file:///D:/v2.0/A1/_work/dbded102/layout/L1/tfsjstestsclean/vssjstests/VSS/Controls.js:798:36)
	at createIn (file:///D:/v2.0/A1/_work/dbded102/layout/L1/tfsjstestsclean/vssjstests/VSS/Controls.js:699:29)
	at file:///D:/v2.0/A1/_work/dbded102/layout/L1/tfsjstestsclean/vssjstests/Dashboards/Scripts/TFS.Dashboards.Control.Grid.js:410:86
	at _fulfilled (file:///D:/v2.0/A1/_work/dbded102/layout/L1/tfsjstestsclean/vssjstests/q.js:787:63)
	at file:///D:/v2.0/A1/_work/dbded102/layout/L1/tfsjstestsclean/vssjstests/q.js:816:40
	at promiseDispatch (file:///D:/v2.0/A1/_work/dbded102/layout/L1/tfsjstestsclean/vssjstests/q.js:749:20)
	at file:///D:/v2.0/A1/_work/dbded102/layout/L1/tfsjstestsclean/vssjstests/q.js:810:29
	at flush (file:///D:/v2.0/A1/_work/dbded102/layout/L1/tfsjstestsclean/vssjstests/q.js:108:21) from d:\v2.0\a1\_work\dbded102\vso\tfs\service\webaccess\dashboards\testscripts\tests\TFSTests.Dashboards.L2Menu.ts
Log Message: (no stack) Contribution with id 'ms.vss-dashboards-web.add-widget-control' could not be found. from d:\v2.0\a1\_work\dbded102\vso\tfs\service\webaccess\dashboards\testscripts\tests\TFSTests.Dashboards.L2Menu.ts
Log Message: (no stack) Contribution with id 'ms.vss-dashboards-web.add-widget-control' could not be found. from d:\v2.0\a1\_work\dbded102\vso\tfs\service\webaccess\dashboards\testscripts\tests\TFSTests.Dashboards.L2Menu.ts
Log Message: (no stack) Contribution with id 'ms.vss-dashboards-web.dashboard-grid-control' could not be found. from d:\v2.0\a1\_work\dbded102\vso\tfs\service\webaccess\dashboards\testscripts\tests\TFSTests.Dashboards.L2Menu.ts
Log Message: (no stack) Contribution with id 'ms.vss-dashboards-web.add-widget-control' could not be found. from d:\v2.0\a1\_work\dbded102\vso\tfs\service\webaccess\dashboards\testscripts\tests\TFSTests.Dashboards.L2Menu.ts
</StdOut>
    </Output>
  </ResultSummary>
</TestRun>