<?xml version="1.0" encoding="UTF-8"?>
<TestRun id="248b1955-57f7-4d51-bb63-334ddb23ef3a" name="tfsmladm@TFSBUILD11 2015-09-28 09:43:42" runUser="REDMOND\tfsmladm" xmlns="http://microsoft.com/schemas/VisualStudio/TeamTest/2010">
  <Times creation="2015-09-28T09:43:42.0475324-07:00" queuing="2015-09-28T09:43:42.0475324-07:00" start="2015-09-28T09:43:42.0631579-07:00" finish="2015-09-28T09:43:46.5947310-07:00" />
  <TestSettings name="default" id="79204c5e-7282-4866-86f9-e8a0a86230dc">
    <Execution>
      <TestTypeSpecific />
    </Execution>
    <Deployment runDeploymentRoot="tfsmladm_TFSBUILD11 2015-09-28 09_43_42" />
    <Properties />
  </TestSettings>
  <Results>
    <UnitTestResult executionId="006a49bf-d421-45c1-a36d-f1d5af15d28a" testId="68b872ae-f6be-8f11-8632-e851399f6921" testName="WillThrowValidationExceptionIfNoIdentifierIsReturnedFromIMS" computerName="TFSBUILD11" duration="00:00:00.6105792" startTime="2015-09-28T09:43:40.7505646-07:00" endTime="2015-09-28T09:43:41.4693663-07:00" testType="13cdc9d9-ddb5-4fa4-a97d-d965ccfc6d4b" outcome="Passed" testListId="8c84fa94-04c1-424b-9868-57a2d4851a1d" relativeResultsDirectory="006a49bf-d421-45c1-a36d-f1d5af15d28a" />
    <UnitTestResult executionId="b583dfd8-99a9-49f8-a657-6a5cf83bab7a" testId="13ec038f-f08f-f3fc-b255-2244db249241" testName="GetFilteredDataOneHistoryPoint" computerName="TFSBUILD11" duration="00:00:00.5399125" startTime="2015-09-28T09:43:41.4849927-07:00" endTime="2015-09-28T09:43:42.0162805-07:00" testType="13cdc9d9-ddb5-4fa4-a97d-d965ccfc6d4b" outcome="Passed" testListId="8c84fa94-04c1-424b-9868-57a2d4851a1d" relativeResultsDirectory="b583dfd8-99a9-49f8-a657-6a5cf83bab7a" />
    <UnitTestResult executionId="a78d100d-078b-4728-a06c-cc40d12eda09" testId="4c4ca2dc-627f-3eb1-5e9d-a6f429756396" testName="GetFilteredDataTwoHistoryPoints" computerName="TFSBUILD11" duration="00:00:00.0423684" startTime="2015-09-28T09:43:42.0319063-07:00" endTime="2015-09-28T09:43:42.0631579-07:00" testType="13cdc9d9-ddb5-4fa4-a97d-d965ccfc6d4b" outcome="Passed" testListId="8c84fa94-04c1-424b-9868-57a2d4851a1d" relativeResultsDirectory="a78d100d-078b-4728-a06c-cc40d12eda09" />
    <UnitTestResult executionId="4b077832-90dd-480c-9b27-5d21ff7c517d" testId="7133cad6-8fdb-03f2-1531-873c9df70877" testName="SamplePointDateTimePST" computerName="TFSBUILD11" duration="00:00:00.0241976" startTime="2015-09-28T09:43:42.0631579-07:00" endTime="2015-09-28T09:43:42.0944104-07:00" testType="13cdc9d9-ddb5-4fa4-a97d-d965ccfc6d4b" outcome="Passed" testListId="8c84fa94-04c1-424b-9868-57a2d4851a1d" relativeResultsDirectory="4b077832-90dd-480c-9b27-5d21ff7c517d" />
    <UnitTestResult executionId="54e721d1-002c-4c0e-9b1b-87c3e0b79e34" testId="3f012f2a-0dfb-4686-1759-141b4a7c8b1f" testName="SamplePointSnapshotGroupByString" computerName="TFSBUILD11" duration="00:00:00.0272181" startTime="2015-09-28T09:43:42.0944104-07:00" endTime="2015-09-28T09:43:42.1256624-07:00" testType="13cdc9d9-ddb5-4fa4-a97d-d965ccfc6d4b" outcome="Passed" testListId="8c84fa94-04c1-424b-9868-57a2d4851a1d" relativeResultsDirectory="54e721d1-002c-4c0e-9b1b-87c3e0b79e34" />
    <UnitTestResult executionId="76b1385c-35b4-4daf-bf15-0b7c8524156e" testId="896f1e9e-5e1a-77ef-06da-539354daae81" testName="SamplePointSnapshotGroupByIterationPath" computerName="TFSBUILD11" duration="00:00:00.0183247" startTime="2015-09-28T09:43:42.1256624-07:00" endTime="2015-09-28T09:43:42.1412893-07:00" testType="13cdc9d9-ddb5-4fa4-a97d-d965ccfc6d4b" outcome="Passed" testListId="8c84fa94-04c1-424b-9868-57a2d4851a1d" relativeResultsDirectory="76b1385c-35b4-4daf-bf15-0b7c8524156e" />
    <UnitTestResult executionId="e8b4dcea-6e6a-4ae2-98cc-6c0cfc6c3de8" testId="c83e7c92-f52c-9c74-62ec-2b7fedb8eca8" testName="WillCheckTheSecurityOfTheCurrentContextForCreatingChart" computerName="TFSBUILD11" duration="00:00:00.0045818" startTime="2015-09-28T09:43:42.1412893-07:00" endTime="2015-09-28T09:43:42.1412893-07:00" testType="13cdc9d9-ddb5-4fa4-a97d-d965ccfc6d4b" outcome="Passed" testListId="8c84fa94-04c1-424b-9868-57a2d4851a1d" relativeResultsDirectory="e8b4dcea-6e6a-4ae2-98cc-6c0cfc6c3de8" />
    <UnitTestResult executionId="0daee53b-e589-4047-b2de-1095fa14190c" testId="62edc96e-606f-dc6a-fa01-8a138f25e40c" testName="ChartPermissionsFailWithMismatchedQueryIds" computerName="TFSBUILD11" duration="00:00:00.0045388" startTime="2015-09-28T09:43:42.1412893-07:00" endTime="2015-09-28T09:43:42.1412893-07:00" testType="13cdc9d9-ddb5-4fa4-a97d-d965ccfc6d4b" outcome="Passed" testListId="8c84fa94-04c1-424b-9868-57a2d4851a1d" relativeResultsDirectory="0daee53b-e589-4047-b2de-1095fa14190c" />
    <UnitTestResult executionId="7e65b7c5-8130-4969-a97f-691cf425944e" testId="4e5429f1-aed6-309f-6e71-376f58ef0e22" testName="WillCheckTheSecurityOfTheCurrentContextForEditingChart" computerName="TFSBUILD11" duration="00:00:00.0022997" startTime="2015-09-28T09:43:42.1412893-07:00" endTime="2015-09-28T09:43:42.1569152-07:00" testType="13cdc9d9-ddb5-4fa4-a97d-d965ccfc6d4b" outcome="Passed" testListId="8c84fa94-04c1-424b-9868-57a2d4851a1d" relativeResultsDirectory="7e65b7c5-8130-4969-a97f-691cf425944e" />
    <UnitTestResult executionId="e8e84d39-b840-4aa8-819b-d5b20adfb7b1" testId="961d838e-c3dc-71e8-dc06-921b3fc7d92c" testName="WillCheckTheSecurityOfTheCurrentContextForDeletingChart" computerName="TFSBUILD11" duration="00:00:00.0022106" startTime="2015-09-28T09:43:42.1569152-07:00" endTime="2015-09-28T09:43:42.1569152-07:00" testType="13cdc9d9-ddb5-4fa4-a97d-d965ccfc6d4b" outcome="Passed" testListId="8c84fa94-04c1-424b-9868-57a2d4851a1d" relativeResultsDirectory="e8e84d39-b840-4aa8-819b-d5b20adfb7b1" />
    <UnitTestResult executionId="b4d731de-bf98-44d2-9aa8-ee41aa5135c3" testId="bd827338-899a-00cf-f1e4-521a5a29a9fe" testName="WillCheckTheSecurityOfTheCurrentContextForGettingChart" computerName="TFSBUILD11" duration="00:00:00.0022419" startTime="2015-09-28T09:43:42.1569152-07:00" endTime="2015-09-28T09:43:42.1569152-07:00" testType="13cdc9d9-ddb5-4fa4-a97d-d965ccfc6d4b" outcome="Passed" testListId="8c84fa94-04c1-424b-9868-57a2d4851a1d" relativeResultsDirectory="b4d731de-bf98-44d2-9aa8-ee41aa5135c3" />
    <UnitTestResult executionId="2342873b-c5e4-45b9-aa92-91a8ad874ef3" testId="f98d83a2-fab4-8f00-8c2f-7f063de1d005" testName="WillBypassSecurityCheckOnAssignedToMeQuery" computerName="TFSBUILD11" duration="00:00:00.0039733" startTime="2015-09-28T09:43:42.1569152-07:00" endTime="2015-09-28T09:43:42.1569152-07:00" testType="13cdc9d9-ddb5-4fa4-a97d-d965ccfc6d4b" outcome="Passed" testListId="8c84fa94-04c1-424b-9868-57a2d4851a1d" relativeResultsDirectory="2342873b-c5e4-45b9-aa92-91a8ad874ef3" />
    <UnitTestResult executionId="83e97996-d20c-4a7b-8124-e14cfa2c3554" testId="bf98a712-e886-8cf7-f16e-9fa047c44796" testName="WillThrowInvalidChartGroupExceptionIfGroupKeyIsNotAGuidOrAssignedToMe" computerName="TFSBUILD11" duration="00:00:00.0023790" startTime="2015-09-28T09:43:42.1569152-07:00" endTime="2015-09-28T09:43:42.1569152-07:00" testType="13cdc9d9-ddb5-4fa4-a97d-d965ccfc6d4b" outcome="Passed" testListId="8c84fa94-04c1-424b-9868-57a2d4851a1d" relativeResultsDirectory="83e97996-d20c-4a7b-8124-e14cfa2c3554" />
    <UnitTestResult executionId="12dd0b0a-5413-40a3-a80f-95cd7e3c2cd5" testId="19a4953b-8fb0-8836-72d8-d4a04512fe82" testName="WillThrowAccessCheckExceptionIfPermissionsAreNotGranted" computerName="TFSBUILD11" duration="00:00:00.0024857" startTime="2015-09-28T09:43:42.1569152-07:00" endTime="2015-09-28T09:43:42.1725416-07:00" testType="13cdc9d9-ddb5-4fa4-a97d-d965ccfc6d4b" outcome="Passed" testListId="8c84fa94-04c1-424b-9868-57a2d4851a1d" relativeResultsDirectory="12dd0b0a-5413-40a3-a80f-95cd7e3c2cd5" />
    <UnitTestResult executionId="9596bafd-a79b-46c2-a956-0cc85eded778" testId="5794152a-b319-f58c-ef34-d34fb3f4d2f3" testName="WillSetRegistryValueToTrueWhenLinkingMSAToAAD" computerName="TFSBUILD11" duration="00:00:00.4076689" startTime="2015-09-28T09:43:42.1725416-07:00" endTime="2015-09-28T09:43:42.5788199-07:00" testType="13cdc9d9-ddb5-4fa4-a97d-d965ccfc6d4b" outcome="Passed" testListId="8c84fa94-04c1-424b-9868-57a2d4851a1d" relativeResultsDirectory="9596bafd-a79b-46c2-a956-0cc85eded778" />
    <UnitTestResult executionId="0eedd8b6-37e6-49d2-810a-50fb682e69b2" testId="382b4ff0-7041-2646-f42b-18efb299cbb3" testName="WillSetRegistryValueToFalseWhenLinkingAADToMSA" computerName="TFSBUILD11" duration="00:00:00.0078719" startTime="2015-09-28T09:43:42.5788199-07:00" endTime="2015-09-28T09:43:42.5788199-07:00" testType="13cdc9d9-ddb5-4fa4-a97d-d965ccfc6d4b" outcome="Passed" testListId="8c84fa94-04c1-424b-9868-57a2d4851a1d" relativeResultsDirectory="0eedd8b6-37e6-49d2-810a-50fb682e69b2" />
    <UnitTestResult executionId="e1457e4b-f145-4d36-9d13-1f236fd5e458" testId="8d9709d4-2e57-c0d6-2657-44acf1bb2241" testName="NoChangeInAccountLinking" computerName="TFSBUILD11" duration="00:00:00.0070931" startTime="2015-09-28T09:43:42.5788199-07:00" endTime="2015-09-28T09:43:42.5944460-07:00" testType="13cdc9d9-ddb5-4fa4-a97d-d965ccfc6d4b" outcome="Passed" testListId="8c84fa94-04c1-424b-9868-57a2d4851a1d" relativeResultsDirectory="e1457e4b-f145-4d36-9d13-1f236fd5e458" />
    <UnitTestResult executionId="ebfed2a7-ca35-41d6-95ce-6d1a20401c86" testId="692d3c8d-d684-06c9-4e00-a09ef4062346" testName="WillTransformAadNameToTfid" computerName="TFSBUILD11" duration="00:00:00.9842927" startTime="2015-09-28T09:43:42.5944460-07:00" endTime="2015-09-28T09:43:43.5788910-07:00" testType="13cdc9d9-ddb5-4fa4-a97d-d965ccfc6d4b" outcome="Passed" testListId="8c84fa94-04c1-424b-9868-57a2d4851a1d" relativeResultsDirectory="ebfed2a7-ca35-41d6-95ce-6d1a20401c86" />
    <UnitTestResult executionId="6362a177-babb-4e31-b0ef-577244d82bd2" testId="6a220c2a-8cc2-528e-cc08-30bf86f8360a" testName="WillTransformAreaPathtoId" computerName="TFSBUILD11" duration="00:00:00.5487164" startTime="2015-09-28T09:43:43.5788910-07:00" endTime="2015-09-28T09:43:44.1258052-07:00" testType="13cdc9d9-ddb5-4fa4-a97d-d965ccfc6d4b" outcome="Passed" testListId="8c84fa94-04c1-424b-9868-57a2d4851a1d" relativeResultsDirectory="6362a177-babb-4e31-b0ef-577244d82bd2" />
    <UnitTestResult executionId="f8aab7a7-0e9e-4178-800b-0e4f7dfbebc3" testId="1b680e48-e271-b23b-a520-a477f7715130" testName="WiqlTestWhenAreaPathDonotExists" computerName="TFSBUILD11" duration="00:00:00.0745015" startTime="2015-09-28T09:43:44.1258052-07:00" endTime="2015-09-28T09:43:44.2039354-07:00" testType="13cdc9d9-ddb5-4fa4-a97d-d965ccfc6d4b" outcome="Passed" testListId="8c84fa94-04c1-424b-9868-57a2d4851a1d" relativeResultsDirectory="f8aab7a7-0e9e-4178-800b-0e4f7dfbebc3" />
    <UnitTestResult executionId="8e7ce313-fc65-4211-a630-28b807356592" testId="44c7bcf5-1eb4-00e7-58fc-970ed46a0174" testName="WiqlTestWhenIterationPathDonotExists" computerName="TFSBUILD11" duration="00:00:00.0579747" startTime="2015-09-28T09:43:44.2039354-07:00" endTime="2015-09-28T09:43:44.2508138-07:00" testType="13cdc9d9-ddb5-4fa4-a97d-d965ccfc6d4b" outcome="Passed" testListId="8c84fa94-04c1-424b-9868-57a2d4851a1d" relativeResultsDirectory="8e7ce313-fc65-4211-a630-28b807356592" />
    <UnitTestResult executionId="6152603a-56df-49df-ac86-dfa2432924f1" testId="06ec43b4-50f0-e5ea-8826-51de6a56f9d2" testName="WillTransformIterationPathtoId" computerName="TFSBUILD11" duration="00:00:00.0728511" startTime="2015-09-28T09:43:44.2508138-07:00" endTime="2015-09-28T09:43:44.3289449-07:00" testType="13cdc9d9-ddb5-4fa4-a97d-d965ccfc6d4b" outcome="Passed" testListId="8c84fa94-04c1-424b-9868-57a2d4851a1d" relativeResultsDirectory="6152603a-56df-49df-ac86-dfa2432924f1" />
    <UnitTestResult executionId="fc61c95c-1f79-44f0-bdf0-c832782007e8" testId="550516b2-ae78-6235-ea81-b19be196660c" testName="WillTransformDisplayNameToTfid" computerName="TFSBUILD11" duration="00:00:00.0435432" startTime="2015-09-28T09:43:44.3289449-07:00" endTime="2015-09-28T09:43:44.3758224-07:00" testType="13cdc9d9-ddb5-4fa4-a97d-d965ccfc6d4b" outcome="Passed" testListId="8c84fa94-04c1-424b-9868-57a2d4851a1d" relativeResultsDirectory="fc61c95c-1f79-44f0-bdf0-c832782007e8" />
    <UnitTestResult executionId="9f20eaed-c36f-47fd-8fd2-491a6e18c8f9" testId="75c86127-7bc7-5492-29bf-c1be3adc41a4" testName="WillNotTransformDisplayNameToTfidWhenStringOperatorsAreUsed" computerName="TFSBUILD11" duration="00:00:00.0410279" startTime="2015-09-28T09:43:44.3758224-07:00" endTime="2015-09-28T09:43:44.4070746-07:00" testType="13cdc9d9-ddb5-4fa4-a97d-d965ccfc6d4b" outcome="Passed" testListId="8c84fa94-04c1-424b-9868-57a2d4851a1d" relativeResultsDirectory="9f20eaed-c36f-47fd-8fd2-491a6e18c8f9" />
    <UnitTestResult executionId="cc7cb22e-497f-48d4-8737-4a3efd3a1f7f" testId="07e9dccb-d4cc-bc87-6e3c-a2a08da1682c" testName="WillTransformDisplayNameToSpecialDisplayName" computerName="TFSBUILD11" duration="00:00:00.0438788" startTime="2015-09-28T09:43:44.4070746-07:00" endTime="2015-09-28T09:43:44.4539535-07:00" testType="13cdc9d9-ddb5-4fa4-a97d-d965ccfc6d4b" outcome="Passed" testListId="8c84fa94-04c1-424b-9868-57a2d4851a1d" relativeResultsDirectory="cc7cb22e-497f-48d4-8737-4a3efd3a1f7f" />
    <UnitTestResult executionId="a3c076a7-6f06-4f79-bc33-d233bc289ff7" testId="a8e781da-f4d5-ffaa-2194-ce485a14b46f" testName="WillTransformDisplayNameToSpecialDisplayNameForLegacyMode" computerName="TFSBUILD11" duration="00:00:00.0385694" startTime="2015-09-28T09:43:44.4539535-07:00" endTime="2015-09-28T09:43:44.5008316-07:00" testType="13cdc9d9-ddb5-4fa4-a97d-d965ccfc6d4b" outcome="Passed" testListId="8c84fa94-04c1-424b-9868-57a2d4851a1d" relativeResultsDirectory="a3c076a7-6f06-4f79-bc33-d233bc289ff7" />
    <UnitTestResult executionId="9da6358a-fc91-4469-b380-24abf14ab7f2" testId="44a4323c-f754-1c71-9d5b-e3fa0b946390" testName="CheckPluralName" computerName="TFSBUILD11" duration="00:00:00.0105295" startTime="2015-09-28T09:43:44.5008316-07:00" endTime="2015-09-28T09:43:44.5008316-07:00" testType="13cdc9d9-ddb5-4fa4-a97d-d965ccfc6d4b" outcome="Passed" testListId="8c84fa94-04c1-424b-9868-57a2d4851a1d" relativeResultsDirectory="9da6358a-fc91-4469-b380-24abf14ab7f2" />
    <UnitTestResult executionId="ce9fc7ca-a713-43cc-a116-0d52dcae4ea5" testId="38bfef56-ec49-d8b3-58d3-78d7e5101b02" testName="OnlyDefaultDateRangesAreSupportedByWIT" computerName="TFSBUILD11" duration="00:00:00.0088075" startTime="2015-09-28T09:43:44.5008316-07:00" endTime="2015-09-28T09:43:44.5164580-07:00" testType="13cdc9d9-ddb5-4fa4-a97d-d965ccfc6d4b" outcome="Passed" testListId="8c84fa94-04c1-424b-9868-57a2d4851a1d" relativeResultsDirectory="ce9fc7ca-a713-43cc-a116-0d52dcae4ea5" />
    <UnitTestResult executionId="40ee4f74-8401-429c-9d85-9adec9e91c05" testId="68877bc1-26e6-bb79-64a3-592cb2230bdc" testName="VerifySortFilteringAndNamePropagation" computerName="TFSBUILD11" duration="00:00:00.0201650" startTime="2015-09-28T09:43:44.5164580-07:00" endTime="2015-09-28T09:43:44.5320835-07:00" testType="13cdc9d9-ddb5-4fa4-a97d-d965ccfc6d4b" outcome="Passed" testListId="8c84fa94-04c1-424b-9868-57a2d4851a1d" relativeResultsDirectory="40ee4f74-8401-429c-9d85-9adec9e91c05" />
    <UnitTestResult executionId="eea41084-86a0-434f-99e1-5ab31157f47b" testId="3dc82a19-2785-6527-c035-11dac8eb1146" testName="VerifyTypeExclusions" computerName="TFSBUILD11" duration="00:00:00.0632836" startTime="2015-09-28T09:43:44.5320835-07:00" endTime="2015-09-28T09:43:44.5945888-07:00" testType="13cdc9d9-ddb5-4fa4-a97d-d965ccfc6d4b" outcome="Passed" testListId="8c84fa94-04c1-424b-9868-57a2d4851a1d" relativeResultsDirectory="eea41084-86a0-434f-99e1-5ab31157f47b" />
    <UnitTestResult executionId="e6a8b0cd-d575-47ee-89b2-025a96ed9e01" testId="1217f954-23f6-f2b1-c3b1-5131acf3e0a8" testName="VerifyExplicitFieldExclusions" computerName="TFSBUILD11" duration="00:00:00.0296987" startTime="2015-09-28T09:43:44.5945888-07:00" endTime="2015-09-28T09:43:44.6258404-07:00" testType="13cdc9d9-ddb5-4fa4-a97d-d965ccfc6d4b" outcome="Passed" testListId="8c84fa94-04c1-424b-9868-57a2d4851a1d" relativeResultsDirectory="e6a8b0cd-d575-47ee-89b2-025a96ed9e01" />
    <UnitTestResult executionId="6c6a7ef1-dcc9-4037-8e63-36a392b0a47e" testId="5064a177-a1c9-1646-d3a7-20796e8064e7" testName="VerifyOnlyWorkItemUsageOnly" computerName="TFSBUILD11" duration="00:00:00.0313602" startTime="2015-09-28T09:43:44.6258404-07:00" endTime="2015-09-28T09:43:44.6570927-07:00" testType="13cdc9d9-ddb5-4fa4-a97d-d965ccfc6d4b" outcome="Passed" testListId="8c84fa94-04c1-424b-9868-57a2d4851a1d" relativeResultsDirectory="6c6a7ef1-dcc9-4037-8e63-36a392b0a47e" />
    <UnitTestResult executionId="8c68145c-50b7-4cfb-9c82-3233143764b5" testId="513884e7-e0d6-32c9-0c0a-cd1ef51bd63c" testName="IncrementalMetadataRequestCallsDatabase" computerName="TFSBUILD11" startTime="2015-09-28T09:43:44.6570927-07:00" endTime="2015-09-28T09:43:44.6570927-07:00" testType="13cdc9d9-ddb5-4fa4-a97d-d965ccfc6d4b" outcome="NotExecuted" testListId="8c84fa94-04c1-424b-9868-57a2d4851a1d" relativeResultsDirectory="8c68145c-50b7-4cfb-9c82-3233143764b5" />
    <UnitTestResult executionId="3b4eb20e-b0db-47e4-bd11-e07d7cfcfb4b" testId="3236165f-8fd5-9f12-3a4d-f76fd7a4482a" testName="FullGetMetadataCallGetsFromDatabaseOnCacheMiss" computerName="TFSBUILD11" startTime="2015-09-28T09:43:44.6570927-07:00" endTime="2015-09-28T09:43:44.6570927-07:00" testType="13cdc9d9-ddb5-4fa4-a97d-d965ccfc6d4b" outcome="NotExecuted" testListId="8c84fa94-04c1-424b-9868-57a2d4851a1d" relativeResultsDirectory="3b4eb20e-b0db-47e4-bd11-e07d7cfcfb4b" />
    <UnitTestResult executionId="44f7ff7e-5528-4c3a-a530-858a074b289c" testId="794f0c49-3a5f-eb25-971c-23245b851725" testName="FullGetMetadataCallDoesNotGetFromDatabaseOnCacheHit" computerName="TFSBUILD11" duration="00:00:00.3618658" startTime="2015-09-28T09:43:44.6570927-07:00" endTime="2015-09-28T09:43:45.0164935-07:00" testType="13cdc9d9-ddb5-4fa4-a97d-d965ccfc6d4b" outcome="Passed" testListId="8c84fa94-04c1-424b-9868-57a2d4851a1d" relativeResultsDirectory="44f7ff7e-5528-4c3a-a530-858a074b289c" />
    <UnitTestResult executionId="df2b9eac-cab3-4b0b-b413-d38bd8c4bd53" testId="74360016-4fb4-0c37-118d-2bb518eec6f9" testName="CreateFromThrowsForNullReader" computerName="TFSBUILD11" duration="00:00:00.0006436" startTime="2015-09-28T09:43:45.0164935-07:00" endTime="2015-09-28T09:43:45.0321199-07:00" testType="13cdc9d9-ddb5-4fa4-a97d-d965ccfc6d4b" outcome="Passed" testListId="8c84fa94-04c1-424b-9868-57a2d4851a1d" relativeResultsDirectory="df2b9eac-cab3-4b0b-b413-d38bd8c4bd53" />
    <UnitTestResult executionId="ca265eef-7856-431a-a1d7-87dda619b566" testId="4d390c70-4cf7-9157-c58c-e899df9548dd" testName="ReadXmlThrowsForNullReader" computerName="TFSBUILD11" duration="00:00:00.0005304" startTime="2015-09-28T09:43:45.0321199-07:00" endTime="2015-09-28T09:43:45.0321199-07:00" testType="13cdc9d9-ddb5-4fa4-a97d-d965ccfc6d4b" outcome="Passed" testListId="8c84fa94-04c1-424b-9868-57a2d4851a1d" relativeResultsDirectory="ca265eef-7856-431a-a1d7-87dda619b566" />
    <UnitTestResult executionId="e0edb25a-8e90-40d6-a5de-f93fac494600" testId="3f76ade4-3169-34aa-5680-3de0ca39d2c4" testName="CreateFromSetsTable" computerName="TFSBUILD11" duration="00:00:00.0013582" startTime="2015-09-28T09:43:45.0321199-07:00" endTime="2015-09-28T09:43:45.0321199-07:00" testType="13cdc9d9-ddb5-4fa4-a97d-d965ccfc6d4b" outcome="Passed" testListId="8c84fa94-04c1-424b-9868-57a2d4851a1d" relativeResultsDirectory="e0edb25a-8e90-40d6-a5de-f93fac494600" />
    <UnitTestResult executionId="c55d73a3-ad97-4c18-9529-892904b4d92b" testId="9ecb3862-7541-737a-1af6-ffed86675529" testName="ReadXmlClearsExistingColumns" computerName="TFSBUILD11" duration="00:00:00.0014125" startTime="2015-09-28T09:43:45.0321199-07:00" endTime="2015-09-28T09:43:45.0321199-07:00" testType="13cdc9d9-ddb5-4fa4-a97d-d965ccfc6d4b" outcome="Passed" testListId="8c84fa94-04c1-424b-9868-57a2d4851a1d" relativeResultsDirectory="c55d73a3-ad97-4c18-9529-892904b4d92b" />
    <UnitTestResult executionId="814ee2d3-382e-4ee5-9530-ab800b1f575d" testId="092060b6-39f6-8b5d-aa46-564b1b8ccb1b" testName="ReadXmlHandlesNoColumns" computerName="TFSBUILD11" duration="00:00:00.0004801" startTime="2015-09-28T09:43:45.0321199-07:00" endTime="2015-09-28T09:43:45.0321199-07:00" testType="13cdc9d9-ddb5-4fa4-a97d-d965ccfc6d4b" outcome="Passed" testListId="8c84fa94-04c1-424b-9868-57a2d4851a1d" relativeResultsDirectory="814ee2d3-382e-4ee5-9530-ab800b1f575d" />
    <UnitTestResult executionId="ad3561cc-1532-4ca3-9a11-d92f4d1d5466" testId="208c08bc-5baf-bf53-8b34-9dde04f1368f" testName="ReadXmlThrowsForNullReader" computerName="TFSBUILD11" duration="00:00:00.0004576" startTime="2015-09-28T09:43:45.0321199-07:00" endTime="2015-09-28T09:43:45.0321199-07:00" testType="13cdc9d9-ddb5-4fa4-a97d-d965ccfc6d4b" outcome="Passed" testListId="8c84fa94-04c1-424b-9868-57a2d4851a1d" relativeResultsDirectory="ad3561cc-1532-4ca3-9a11-d92f4d1d5466" />
    <UnitTestResult executionId="cd43be6b-8d66-48cd-8e64-0e251f820259" testId="5c1c470c-5239-5b45-8874-75d95c0ab485" testName="CreateFromSetsIndex" computerName="TFSBUILD11" duration="00:00:00.0005694" startTime="2015-09-28T09:43:45.0321199-07:00" endTime="2015-09-28T09:43:45.0321199-07:00" testType="13cdc9d9-ddb5-4fa4-a97d-d965ccfc6d4b" outcome="Passed" testListId="8c84fa94-04c1-424b-9868-57a2d4851a1d" relativeResultsDirectory="cd43be6b-8d66-48cd-8e64-0e251f820259" />
    <UnitTestResult executionId="99bb5258-cafe-4ddf-aee7-162f9ac7147b" testId="4d98d3d2-3f52-56bd-ef06-c43349e18b16" testName="ReadXmlSetsName" computerName="TFSBUILD11" duration="00:00:00.0001863" startTime="2015-09-28T09:43:45.0321199-07:00" endTime="2015-09-28T09:43:45.0321199-07:00" testType="13cdc9d9-ddb5-4fa4-a97d-d965ccfc6d4b" outcome="Passed" testListId="8c84fa94-04c1-424b-9868-57a2d4851a1d" relativeResultsDirectory="99bb5258-cafe-4ddf-aee7-162f9ac7147b" />
    <UnitTestResult executionId="2145c3f5-b7ad-448a-ae27-457fddbf260d" testId="6e9f1833-718d-17cb-ee9d-e5ab7c929b18" testName="ReadXmlSetsType" computerName="TFSBUILD11" duration="00:00:00.0002230" startTime="2015-09-28T09:43:45.0321199-07:00" endTime="2015-09-28T09:43:45.0321199-07:00" testType="13cdc9d9-ddb5-4fa4-a97d-d965ccfc6d4b" outcome="Passed" testListId="8c84fa94-04c1-424b-9868-57a2d4851a1d" relativeResultsDirectory="2145c3f5-b7ad-448a-ae27-457fddbf260d" />
    <UnitTestResult executionId="2b285abb-0430-476c-a759-6c57c3df1f19" testId="48df079d-9b7c-c025-149d-39ab9db4b1d1" testName="ReadXmlThrowsForNullReader" computerName="TFSBUILD11" duration="00:00:00.0004050" startTime="2015-09-28T09:43:45.0321199-07:00" endTime="2015-09-28T09:43:45.0321199-07:00" testType="13cdc9d9-ddb5-4fa4-a97d-d965ccfc6d4b" outcome="Passed" testListId="8c84fa94-04c1-424b-9868-57a2d4851a1d" relativeResultsDirectory="2b285abb-0430-476c-a759-6c57c3df1f19" />
    <UnitTestResult executionId="f515ba23-97d9-47e3-868a-fd4bc6d7cfa3" testId="7637893d-f39b-3578-05fc-3f8e7b99197e" testName="CreateFromSetsTable" computerName="TFSBUILD11" duration="00:00:00.0064927" startTime="2015-09-28T09:43:45.0321199-07:00" endTime="2015-09-28T09:43:45.0321199-07:00" testType="13cdc9d9-ddb5-4fa4-a97d-d965ccfc6d4b" outcome="Passed" testListId="8c84fa94-04c1-424b-9868-57a2d4851a1d" relativeResultsDirectory="f515ba23-97d9-47e3-868a-fd4bc6d7cfa3" />
    <UnitTestResult executionId="3077f1c4-8d7e-45a7-b435-68422786f49a" testId="86b5adda-ed3c-1e08-b33b-306637ff8b77" testName="ReadXmlReadsValues" computerName="TFSBUILD11" duration="00:00:00.0024220" startTime="2015-09-28T09:43:45.0321199-07:00" endTime="2015-09-28T09:43:45.0477457-07:00" testType="13cdc9d9-ddb5-4fa4-a97d-d965ccfc6d4b" outcome="Passed" testListId="8c84fa94-04c1-424b-9868-57a2d4851a1d" relativeResultsDirectory="3077f1c4-8d7e-45a7-b435-68422786f49a" />
    <UnitTestResult executionId="64b27ae6-2054-453e-a8b4-7c0382da3407" testId="68fd6dd2-d748-d9b0-fee1-7c65d2a46a05" testName="ReadXmlReadsValuesWithMissing" computerName="TFSBUILD11" duration="00:00:00.0009326" startTime="2015-09-28T09:43:45.0477457-07:00" endTime="2015-09-28T09:43:45.0477457-07:00" testType="13cdc9d9-ddb5-4fa4-a97d-d965ccfc6d4b" outcome="Passed" testListId="8c84fa94-04c1-424b-9868-57a2d4851a1d" relativeResultsDirectory="64b27ae6-2054-453e-a8b4-7c0382da3407" />
    <UnitTestResult executionId="3686eb96-b371-4ded-8394-46aee01aacc3" testId="9716cfda-70dc-cb64-e937-418ffb12ec74" testName="ReadXmlReadsInt16Values" computerName="TFSBUILD11" duration="00:00:00.0009403" startTime="2015-09-28T09:43:45.0477457-07:00" endTime="2015-09-28T09:43:45.0477457-07:00" testType="13cdc9d9-ddb5-4fa4-a97d-d965ccfc6d4b" outcome="Passed" testListId="8c84fa94-04c1-424b-9868-57a2d4851a1d" relativeResultsDirectory="3686eb96-b371-4ded-8394-46aee01aacc3" />
    <UnitTestResult executionId="5ea5f23c-b0fe-4025-9c25-d25e09e421e4" testId="e0c74687-12e8-b545-7f97-cd126613e1aa" testName="ReadXmlReadsEmptyElementAsEmptyString" computerName="TFSBUILD11" duration="00:00:00.0009511" startTime="2015-09-28T09:43:45.0477457-07:00" endTime="2015-09-28T09:43:45.0477457-07:00" testType="13cdc9d9-ddb5-4fa4-a97d-d965ccfc6d4b" outcome="Passed" testListId="8c84fa94-04c1-424b-9868-57a2d4851a1d" relativeResultsDirectory="5ea5f23c-b0fe-4025-9c25-d25e09e421e4" />
    <UnitTestResult executionId="c177b1a5-7187-4bd6-bc1c-95a410e00b91" testId="6ad84880-2805-2c7f-d7e8-06dd4b8793e3" testName="ReadXmlReadsDateTimeValues" computerName="TFSBUILD11" duration="00:00:00.0010356" startTime="2015-09-28T09:43:45.0477457-07:00" endTime="2015-09-28T09:43:45.0477457-07:00" testType="13cdc9d9-ddb5-4fa4-a97d-d965ccfc6d4b" outcome="Passed" testListId="8c84fa94-04c1-424b-9868-57a2d4851a1d" relativeResultsDirectory="c177b1a5-7187-4bd6-bc1c-95a410e00b91" />
    <UnitTestResult executionId="20a1190d-1f20-4e6d-b60c-d577140122a9" testId="afbe67ff-1ca4-6e61-44b7-d72e845a762a" testName="ReadXmlReadsUInt64Values" computerName="TFSBUILD11" duration="00:00:00.0009019" startTime="2015-09-28T09:43:45.0477457-07:00" endTime="2015-09-28T09:43:45.0477457-07:00" testType="13cdc9d9-ddb5-4fa4-a97d-d965ccfc6d4b" outcome="Passed" testListId="8c84fa94-04c1-424b-9868-57a2d4851a1d" relativeResultsDirectory="20a1190d-1f20-4e6d-b60c-d577140122a9" />
    <UnitTestResult executionId="4d1c2e33-1b0a-4eaf-9ad5-be0263f9d0f3" testId="cd65bdc4-17df-7b6e-34e5-c9b9a63151b8" testName="ReadXmlReadsDoubleValues" computerName="TFSBUILD11" duration="00:00:00.0009321" startTime="2015-09-28T09:43:45.0477457-07:00" endTime="2015-09-28T09:43:45.0477457-07:00" testType="13cdc9d9-ddb5-4fa4-a97d-d965ccfc6d4b" outcome="Passed" testListId="8c84fa94-04c1-424b-9868-57a2d4851a1d" relativeResultsDirectory="4d1c2e33-1b0a-4eaf-9ad5-be0263f9d0f3" />
    <UnitTestResult executionId="d992ab36-9d6b-47be-95ee-58da8bc72983" testId="24e1f5a3-e0a6-6c02-a6b2-0a43454b5602" testName="ReadXmlReadsGuidValues" computerName="TFSBUILD11" duration="00:00:00.0006240" startTime="2015-09-28T09:43:45.0477457-07:00" endTime="2015-09-28T09:43:45.0477457-07:00" testType="13cdc9d9-ddb5-4fa4-a97d-d965ccfc6d4b" outcome="Passed" testListId="8c84fa94-04c1-424b-9868-57a2d4851a1d" relativeResultsDirectory="d992ab36-9d6b-47be-95ee-58da8bc72983" />
    <UnitTestResult executionId="147e90fb-0c62-4e39-8f0e-0fbd85c11792" testId="10abcc33-8b30-9a0a-7691-0bf8f4305da0" testName="ReadXmlReadsGuidValuesWithTranslation" computerName="TFSBUILD11" duration="00:00:00.0002568" startTime="2015-09-28T09:43:45.0477457-07:00" endTime="2015-09-28T09:43:45.0477457-07:00" testType="13cdc9d9-ddb5-4fa4-a97d-d965ccfc6d4b" outcome="Passed" testListId="8c84fa94-04c1-424b-9868-57a2d4851a1d" relativeResultsDirectory="147e90fb-0c62-4e39-8f0e-0fbd85c11792" />
    <UnitTestResult executionId="de0fc2d4-af25-4475-94e7-0f4f2e4504ab" testId="678cba7f-f081-9357-eca1-183341c6b66c" testName="ReadXmlReadsBoolValuesWithTranslation" computerName="TFSBUILD11" duration="00:00:00.0009449" startTime="2015-09-28T09:43:45.0477457-07:00" endTime="2015-09-28T09:43:45.0477457-07:00" testType="13cdc9d9-ddb5-4fa4-a97d-d965ccfc6d4b" outcome="Passed" testListId="8c84fa94-04c1-424b-9868-57a2d4851a1d" relativeResultsDirectory="de0fc2d4-af25-4475-94e7-0f4f2e4504ab" />
    <UnitTestResult executionId="3e202884-670a-4310-8b5a-71aaacad6a4a" testId="d5478c6c-a73b-9619-5bd6-b3a44889b88f" testName="ReadXmlThrowsForUnknownDataType" computerName="TFSBUILD11" duration="00:00:00.0009008" startTime="2015-09-28T09:43:45.0477457-07:00" endTime="2015-09-28T09:43:45.0477457-07:00" testType="13cdc9d9-ddb5-4fa4-a97d-d965ccfc6d4b" outcome="Passed" testListId="8c84fa94-04c1-424b-9868-57a2d4851a1d" relativeResultsDirectory="3e202884-670a-4310-8b5a-71aaacad6a4a" />
    <UnitTestResult executionId="47895658-90eb-4a66-907d-943d4738c37b" testId="5af640be-32d0-871c-a825-282d4c9c5174" testName="ThrowsForNullReader" computerName="TFSBUILD11" duration="00:00:00.0004320" startTime="2015-09-28T09:43:45.0477457-07:00" endTime="2015-09-28T09:43:45.0477457-07:00" testType="13cdc9d9-ddb5-4fa4-a97d-d965ccfc6d4b" outcome="Passed" testListId="8c84fa94-04c1-424b-9868-57a2d4851a1d" relativeResultsDirectory="47895658-90eb-4a66-907d-943d4738c37b" />
    <UnitTestResult executionId="3cd186a5-801b-42c6-a33d-6829f12d411b" testId="1fc85826-4fbe-ae68-2cdd-b297588aad2d" testName="ReadsEmptyTableFromXml" computerName="TFSBUILD11" duration="00:00:00.0003913" startTime="2015-09-28T09:43:45.0477457-07:00" endTime="2015-09-28T09:43:45.0477457-07:00" testType="13cdc9d9-ddb5-4fa4-a97d-d965ccfc6d4b" outcome="Passed" testListId="8c84fa94-04c1-424b-9868-57a2d4851a1d" relativeResultsDirectory="3cd186a5-801b-42c6-a33d-6829f12d411b" />
    <UnitTestResult executionId="4499febe-be6f-4709-a1c1-83707d997125" testId="5b88e39c-813e-2162-ad8d-26d59b703f6c" testName="ClearsExistingTablesOnRead" computerName="TFSBUILD11" duration="00:00:00.0015485" startTime="2015-09-28T09:43:45.0477457-07:00" endTime="2015-09-28T09:43:45.0477457-07:00" testType="13cdc9d9-ddb5-4fa4-a97d-d965ccfc6d4b" outcome="Passed" testListId="8c84fa94-04c1-424b-9868-57a2d4851a1d" relativeResultsDirectory="4499febe-be6f-4709-a1c1-83707d997125" />
    <UnitTestResult executionId="567d2d04-04eb-4f77-932a-0387049684a6" testId="cc754fc1-f1e3-a04e-bf24-f05afc731f57" testName="ReadTwoTables" computerName="TFSBUILD11" duration="00:00:00.0022974" startTime="2015-09-28T09:43:45.0477457-07:00" endTime="2015-09-28T09:43:45.0633724-07:00" testType="13cdc9d9-ddb5-4fa4-a97d-d965ccfc6d4b" outcome="Passed" testListId="8c84fa94-04c1-424b-9868-57a2d4851a1d" relativeResultsDirectory="567d2d04-04eb-4f77-932a-0387049684a6" />
    <UnitTestResult executionId="6e738cbc-a5ef-49c1-bf7d-8f0cf41734c3" testId="b75c3ca0-6976-df5c-3100-30458e4b12ab" testName="ReadXmlThrowsForNullReader" computerName="TFSBUILD11" duration="00:00:00.0005964" startTime="2015-09-28T09:43:45.0633724-07:00" endTime="2015-09-28T09:43:45.0633724-07:00" testType="13cdc9d9-ddb5-4fa4-a97d-d965ccfc6d4b" outcome="Passed" testListId="8c84fa94-04c1-424b-9868-57a2d4851a1d" relativeResultsDirectory="6e738cbc-a5ef-49c1-bf7d-8f0cf41734c3" />
    <UnitTestResult executionId="fe35aa53-c67f-491d-b181-3e896e187465" testId="4cfed68f-b5de-c234-786a-4cfc3ba71375" testName="CreateFromThrowsForNullReader" computerName="TFSBUILD11" duration="00:00:00.0005247" startTime="2015-09-28T09:43:45.0633724-07:00" endTime="2015-09-28T09:43:45.0633724-07:00" testType="13cdc9d9-ddb5-4fa4-a97d-d965ccfc6d4b" outcome="Passed" testListId="8c84fa94-04c1-424b-9868-57a2d4851a1d" relativeResultsDirectory="fe35aa53-c67f-491d-b181-3e896e187465" />
    <UnitTestResult executionId="a8f0957d-0d48-4e81-a82a-06fddaaacfeb" testId="cd717938-af9a-ce70-f40f-1222b63d969f" testName="CreateFromSetsTablePayload" computerName="TFSBUILD11" duration="00:00:00.0022163" startTime="2015-09-28T09:43:45.0633724-07:00" endTime="2015-09-28T09:43:45.0633724-07:00" testType="13cdc9d9-ddb5-4fa4-a97d-d965ccfc6d4b" outcome="Passed" testListId="8c84fa94-04c1-424b-9868-57a2d4851a1d" relativeResultsDirectory="a8f0957d-0d48-4e81-a82a-06fddaaacfeb" />
    <UnitTestResult executionId="f59e0c94-0016-4562-8da8-1907ca04b529" testId="e2d278aa-c083-d1ec-67cf-13962ad8a123" testName="ReadXmlSetsTableName" computerName="TFSBUILD11" duration="00:00:00.0002872" startTime="2015-09-28T09:43:45.0633724-07:00" endTime="2015-09-28T09:43:45.0633724-07:00" testType="13cdc9d9-ddb5-4fa4-a97d-d965ccfc6d4b" outcome="Passed" testListId="8c84fa94-04c1-424b-9868-57a2d4851a1d" relativeResultsDirectory="f59e0c94-0016-4562-8da8-1907ca04b529" />
    <UnitTestResult executionId="0dc6a40e-d581-4bc1-a654-f23427718e03" testId="8bea611c-0aae-d4af-420c-9bdd3f914482" testName="ReadXmlSetFieldIndexMap" computerName="TFSBUILD11" duration="00:00:00.0010222" startTime="2015-09-28T09:43:45.0633724-07:00" endTime="2015-09-28T09:43:45.0633724-07:00" testType="13cdc9d9-ddb5-4fa4-a97d-d965ccfc6d4b" outcome="Passed" testListId="8c84fa94-04c1-424b-9868-57a2d4851a1d" relativeResultsDirectory="0dc6a40e-d581-4bc1-a654-f23427718e03" />
    <UnitTestResult executionId="6781e7eb-0b3c-4d90-b09d-aef778d7fad1" testId="055fdddc-a01b-e6d1-b479-ede120e56890" testName="ReadXmlReadsAllColumns" computerName="TFSBUILD11" duration="00:00:00.0003163" startTime="2015-09-28T09:43:45.0633724-07:00" endTime="2015-09-28T09:43:45.0633724-07:00" testType="13cdc9d9-ddb5-4fa4-a97d-d965ccfc6d4b" outcome="Passed" testListId="8c84fa94-04c1-424b-9868-57a2d4851a1d" relativeResultsDirectory="6781e7eb-0b3c-4d90-b09d-aef778d7fad1" />
    <UnitTestResult executionId="7092f02f-2283-4648-ab50-0f54b2e34ded" testId="5efb79b1-8a5e-3442-cc6f-4c49688d465b" testName="ReadXmlReadsAllRows" computerName="TFSBUILD11" duration="00:00:00.0003748" startTime="2015-09-28T09:43:45.0633724-07:00" endTime="2015-09-28T09:43:45.0633724-07:00" testType="13cdc9d9-ddb5-4fa4-a97d-d965ccfc6d4b" outcome="Passed" testListId="8c84fa94-04c1-424b-9868-57a2d4851a1d" relativeResultsDirectory="7092f02f-2283-4648-ab50-0f54b2e34ded" />
    <UnitTestResult executionId="04f913f4-fa03-417a-a84c-b1806245ff33" testId="06d50d46-9754-6854-3b7d-0958a9b62372" testName="ReadXmlHandlesNoRows" computerName="TFSBUILD11" duration="00:00:00.0005284" startTime="2015-09-28T09:43:45.0633724-07:00" endTime="2015-09-28T09:43:45.0633724-07:00" testType="13cdc9d9-ddb5-4fa4-a97d-d965ccfc6d4b" outcome="Passed" testListId="8c84fa94-04c1-424b-9868-57a2d4851a1d" relativeResultsDirectory="04f913f4-fa03-417a-a84c-b1806245ff33" />
    <UnitTestResult executionId="374cf08a-76a5-4198-a183-317cfb7b05ce" testId="67923dc5-edf5-b00c-9149-9b45738927fc" testName="ReadXmlClearsExistingColumns" computerName="TFSBUILD11" duration="00:00:00.0024905" startTime="2015-09-28T09:43:45.0633724-07:00" endTime="2015-09-28T09:43:45.0789980-07:00" testType="13cdc9d9-ddb5-4fa4-a97d-d965ccfc6d4b" outcome="Passed" testListId="8c84fa94-04c1-424b-9868-57a2d4851a1d" relativeResultsDirectory="374cf08a-76a5-4198-a183-317cfb7b05ce" />
    <UnitTestResult executionId="5f2de8f7-62ea-41b1-ba6b-5226d1d9e021" testId="45e4bdb2-5205-0e35-de51-cfada6f9df2b" testName="ReadXmlClearsFieldIndexMap" computerName="TFSBUILD11" duration="00:00:00.0003020" startTime="2015-09-28T09:43:45.0789980-07:00" endTime="2015-09-28T09:43:45.0789980-07:00" testType="13cdc9d9-ddb5-4fa4-a97d-d965ccfc6d4b" outcome="Passed" testListId="8c84fa94-04c1-424b-9868-57a2d4851a1d" relativeResultsDirectory="5f2de8f7-62ea-41b1-ba6b-5226d1d9e021" />
    <UnitTestResult executionId="883d2276-d9a0-41aa-814a-7c067fb6f2ce" testId="fa3c8844-d1fa-8c0f-3259-5c658f1b7a19" testName="ReadXmlClearsRows" computerName="TFSBUILD11" duration="00:00:00.0001942" startTime="2015-09-28T09:43:45.0789980-07:00" endTime="2015-09-28T09:43:45.0789980-07:00" testType="13cdc9d9-ddb5-4fa4-a97d-d965ccfc6d4b" outcome="Passed" testListId="8c84fa94-04c1-424b-9868-57a2d4851a1d" relativeResultsDirectory="883d2276-d9a0-41aa-814a-7c067fb6f2ce" />
    <UnitTestResult executionId="9847c05c-7cc3-46f5-8e6a-81e789e3ad81" testId="5fa5cfd7-5ad3-6d53-450c-cfb78834d7e0" testName="ReadXmlThrowsOnNullReader" computerName="TFSBUILD11" duration="00:00:00.0005182" startTime="2015-09-28T09:43:45.0789980-07:00" endTime="2015-09-28T09:43:45.0789980-07:00" testType="13cdc9d9-ddb5-4fa4-a97d-d965ccfc6d4b" outcome="Passed" testListId="8c84fa94-04c1-424b-9868-57a2d4851a1d" relativeResultsDirectory="9847c05c-7cc3-46f5-8e6a-81e789e3ad81" />
    <UnitTestResult executionId="a9f72e59-a276-41d4-aabe-dd2027fc91f1" testId="9de073f1-c6b2-3e10-3fa9-0b7f36e95406" testName="ReadXmlFillsFromXml" computerName="TFSBUILD11" duration="00:00:00.0181361" startTime="2015-09-28T09:43:45.0789980-07:00" endTime="2015-09-28T09:43:45.0946243-07:00" testType="13cdc9d9-ddb5-4fa4-a97d-d965ccfc6d4b" outcome="Passed" testListId="8c84fa94-04c1-424b-9868-57a2d4851a1d" relativeResultsDirectory="a9f72e59-a276-41d4-aabe-dd2027fc91f1" />
    <UnitTestResult executionId="2a00f185-6ea6-475d-9bc2-c9b6b258b252" testId="a95a5fe6-4a33-2f71-1ff3-15c1c6ad743f" testName="PayloadStringConstructorDoesNotDeserialize" computerName="TFSBUILD11" duration="00:00:00.0004468" startTime="2015-09-28T09:43:45.0946243-07:00" endTime="2015-09-28T09:43:45.0946243-07:00" testType="13cdc9d9-ddb5-4fa4-a97d-d965ccfc6d4b" outcome="Passed" testListId="8c84fa94-04c1-424b-9868-57a2d4851a1d" relativeResultsDirectory="2a00f185-6ea6-475d-9bc2-c9b6b258b252" />
    <UnitTestResult executionId="0a6ad546-d250-415d-83cd-3bc7f05c7323" testId="12ae3c5a-32db-690f-e0df-80a293b3ecd4" testName="PayloadStringConstructorDeserializesAfterTablePropertyAccess" computerName="TFSBUILD11" duration="00:00:00.0010336" startTime="2015-09-28T09:43:45.0946243-07:00" endTime="2015-09-28T09:43:45.0946243-07:00" testType="13cdc9d9-ddb5-4fa4-a97d-d965ccfc6d4b" outcome="Passed" testListId="8c84fa94-04c1-424b-9868-57a2d4851a1d" relativeResultsDirectory="0a6ad546-d250-415d-83cd-3bc7f05c7323" />
    <UnitTestResult executionId="f52ae199-47b0-45ad-99b4-41ce8df6ac0a" testId="46a54aaa-e29e-99f9-8edb-c3ff2fb11e78" testName="PayloadStringConstructorDeserializesAfterTableCountPropertyAccess" computerName="TFSBUILD11" duration="00:00:00.0010823" startTime="2015-09-28T09:43:45.0946243-07:00" endTime="2015-09-28T09:43:45.0946243-07:00" testType="13cdc9d9-ddb5-4fa4-a97d-d965ccfc6d4b" outcome="Passed" testListId="8c84fa94-04c1-424b-9868-57a2d4851a1d" relativeResultsDirectory="f52ae199-47b0-45ad-99b4-41ce8df6ac0a" />
    <UnitTestResult executionId="55027bda-8b76-4465-9362-260bef31fb7d" testId="451127d4-d9a5-3b53-928f-db790a44ddc3" testName="PayloadStringConstructorSerializesPassedString" computerName="TFSBUILD11" duration="00:00:00.0005256" startTime="2015-09-28T09:43:45.0946243-07:00" endTime="2015-09-28T09:43:45.0946243-07:00" testType="13cdc9d9-ddb5-4fa4-a97d-d965ccfc6d4b" outcome="Passed" testListId="8c84fa94-04c1-424b-9868-57a2d4851a1d" relativeResultsDirectory="55027bda-8b76-4465-9362-260bef31fb7d" />
    <UnitTestResult executionId="bb99ee2d-9370-499d-8db0-1a28a946df7c" testId="f529d8c1-4701-2856-d3f8-88e6418ec04d" testName="TestImportLinkType_Retry" computerName="TFSBUILD11" duration="00:00:00.3266920" startTime="2015-09-28T09:43:45.0946243-07:00" endTime="2015-09-28T09:43:45.4227718-07:00" testType="13cdc9d9-ddb5-4fa4-a97d-d965ccfc6d4b" outcome="Passed" testListId="8c84fa94-04c1-424b-9868-57a2d4851a1d" relativeResultsDirectory="bb99ee2d-9370-499d-8db0-1a28a946df7c" />
    <UnitTestResult executionId="aa50306a-f9d8-4865-ab8e-cc6b9b60ab13" testId="27846831-6de4-6763-ce73-db7f724b1a29" testName="TestImportLinkType_RetryExhausted" computerName="TFSBUILD11" duration="00:00:00.0105417" startTime="2015-09-28T09:43:45.4227718-07:00" endTime="2015-09-28T09:43:45.4383982-07:00" testType="13cdc9d9-ddb5-4fa4-a97d-d965ccfc6d4b" outcome="Passed" testListId="8c84fa94-04c1-424b-9868-57a2d4851a1d" relativeResultsDirectory="aa50306a-f9d8-4865-ab8e-cc6b9b60ab13" />
    <UnitTestResult executionId="8f85de09-6baf-415c-9464-dfb819f152a4" testId="9417dbcb-c1ec-8104-5774-a4a68d554480" testName="TestImportLinkType_UnexpectedException" computerName="TFSBUILD11" duration="00:00:00.0086251" startTime="2015-09-28T09:43:45.4383982-07:00" endTime="2015-09-28T09:43:45.4383982-07:00" testType="13cdc9d9-ddb5-4fa4-a97d-d965ccfc6d4b" outcome="Passed" testListId="8c84fa94-04c1-424b-9868-57a2d4851a1d" relativeResultsDirectory="8f85de09-6baf-415c-9464-dfb819f152a4" />
    <UnitTestResult executionId="e86bb2ba-789b-4126-8cd5-75c43863f0c2" testId="1f3b5f10-2648-53ab-8786-4b1a7cd66277" testName="TestAdjustCacheStamps_WorkItemTypeUsagesSetToZero" computerName="TFSBUILD11" duration="00:00:00.0229679" startTime="2015-09-28T09:43:45.4383982-07:00" endTime="2015-09-28T09:43:45.4696510-07:00" testType="13cdc9d9-ddb5-4fa4-a97d-d965ccfc6d4b" outcome="Passed" testListId="8c84fa94-04c1-424b-9868-57a2d4851a1d" relativeResultsDirectory="e86bb2ba-789b-4126-8cd5-75c43863f0c2" />
    <UnitTestResult executionId="02e280b6-aa8d-4a99-92d6-90591d5c329f" testId="cffa5e26-508b-c9aa-8890-e77b77d3f0e2" testName="TestAdjustCacheStamps_WorkItemTypeUsagesSetToMaxValue" computerName="TFSBUILD11" duration="00:00:00.0028043" startTime="2015-09-28T09:43:45.4696510-07:00" endTime="2015-09-28T09:43:45.4696510-07:00" testType="13cdc9d9-ddb5-4fa4-a97d-d965ccfc6d4b" outcome="Passed" testListId="8c84fa94-04c1-424b-9868-57a2d4851a1d" relativeResultsDirectory="02e280b6-aa8d-4a99-92d6-90591d5c329f" />
    <UnitTestResult executionId="34e7edbf-30e3-4086-ad4f-8cd842998401" testId="7ab97868-4838-86f3-23b0-839971bb68fa" testName="TestStampDb" computerName="TFSBUILD11" duration="00:00:00.0041119" startTime="2015-09-28T09:43:45.4696510-07:00" endTime="2015-09-28T09:43:45.4696510-07:00" testType="13cdc9d9-ddb5-4fa4-a97d-d965ccfc6d4b" outcome="Passed" testListId="8c84fa94-04c1-424b-9868-57a2d4851a1d" relativeResultsDirectory="34e7edbf-30e3-4086-ad4f-8cd842998401" />
    <UnitTestResult executionId="edc9ae80-679a-47dc-9b8d-0a87825da151" testId="7942fe78-768c-ea72-fb0c-e21cc052d7f2" testName="TestGetFormProperties" computerName="TFSBUILD11" duration="00:00:00.3883136" startTime="2015-09-28T09:43:45.4696510-07:00" endTime="2015-09-28T09:43:45.8603035-07:00" testType="13cdc9d9-ddb5-4fa4-a97d-d965ccfc6d4b" outcome="Passed" testListId="8c84fa94-04c1-424b-9868-57a2d4851a1d" relativeResultsDirectory="edc9ae80-679a-47dc-9b8d-0a87825da151" />
    <UnitTestResult executionId="8e7eac09-e96a-4663-832a-a4be7c286e6e" testId="13a8725e-0169-9c0f-5da7-bb8b8e922454" testName="TestGetFormProperties_NoValidProject" computerName="TFSBUILD11" duration="00:00:00.2035699" startTime="2015-09-28T09:43:45.8603035-07:00" endTime="2015-09-28T09:43:46.0634424-07:00" testType="13cdc9d9-ddb5-4fa4-a97d-d965ccfc6d4b" outcome="Passed" testListId="8c84fa94-04c1-424b-9868-57a2d4851a1d" relativeResultsDirectory="8e7eac09-e96a-4663-832a-a4be7c286e6e" />
    <UnitTestResult executionId="3a6ddd49-3259-44da-8a93-3028f33cab96" testId="043f3723-a157-6e13-09c0-3e739a8f7250" testName="TestGetFormProperties_NoChildProcessProject" computerName="TFSBUILD11" duration="00:00:00.0057668" startTime="2015-09-28T09:43:46.0634424-07:00" endTime="2015-09-28T09:43:46.0790685-07:00" testType="13cdc9d9-ddb5-4fa4-a97d-d965ccfc6d4b" outcome="Passed" testListId="8c84fa94-04c1-424b-9868-57a2d4851a1d" relativeResultsDirectory="3a6ddd49-3259-44da-8a93-3028f33cab96" />
    <UnitTestResult executionId="4f976f62-b741-487c-a04b-f10420833a95" testId="ad51bca7-d74e-f1da-a3c2-8f347d65bb5a" testName="WillInitializeBucketToConstructorValues" computerName="TFSBUILD11" duration="00:00:00.0001928" startTime="2015-09-28T09:43:46.0790685-07:00" endTime="2015-09-28T09:43:46.0790685-07:00" testType="13cdc9d9-ddb5-4fa4-a97d-d965ccfc6d4b" outcome="Passed" testListId="8c84fa94-04c1-424b-9868-57a2d4851a1d" relativeResultsDirectory="4f976f62-b741-487c-a04b-f10420833a95" />
    <UnitTestResult executionId="b6705b83-b88b-4842-8277-a7d933a0bc5b" testId="c52f6aa2-4741-1bec-6fcf-220f8c636a58" testName="TestBucketConstructor_ThrowsArgumentOutOfRangeExceptionForMaskBits_TooSmall" computerName="TFSBUILD11" duration="00:00:00.0012680" startTime="2015-09-28T09:43:46.0790685-07:00" endTime="2015-09-28T09:43:46.0790685-07:00" testType="13cdc9d9-ddb5-4fa4-a97d-d965ccfc6d4b" outcome="Passed" testListId="8c84fa94-04c1-424b-9868-57a2d4851a1d" relativeResultsDirectory="b6705b83-b88b-4842-8277-a7d933a0bc5b" />
    <UnitTestResult executionId="b464c2d4-ec3d-4819-a621-fedeb1659689" testId="b0830dc7-2461-86e7-af2e-33d2ce6d83b1" testName="TestBucketConstructor_ThrowsArgumentOutOfRangeExceptionForMaskBits_TooLarge" computerName="TFSBUILD11" duration="00:00:00.0003023" startTime="2015-09-28T09:43:46.0790685-07:00" endTime="2015-09-28T09:43:46.0790685-07:00" testType="13cdc9d9-ddb5-4fa4-a97d-d965ccfc6d4b" outcome="Passed" testListId="8c84fa94-04c1-424b-9868-57a2d4851a1d" relativeResultsDirectory="b464c2d4-ec3d-4819-a621-fedeb1659689" />
    <UnitTestResult executionId="6e7b6d24-9e67-4233-b2bb-f2bc71fa99c3" testId="8601b21f-3637-d671-61c7-49327df5af87" testName="EnsureBucketCapacityReturnsProperValueForGivenMaskBits" computerName="TFSBUILD11" duration="00:00:00.0001365" startTime="2015-09-28T09:43:46.0790685-07:00" endTime="2015-09-28T09:43:46.0790685-07:00" testType="13cdc9d9-ddb5-4fa4-a97d-d965ccfc6d4b" outcome="Passed" testListId="8c84fa94-04c1-424b-9868-57a2d4851a1d" relativeResultsDirectory="6e7b6d24-9e67-4233-b2bb-f2bc71fa99c3" />
    <UnitTestResult executionId="161c850b-f162-4a7c-b701-50903cf89157" testId="e1737c5d-7817-32bb-5678-f288a06aab41" testName="EnsureBucketMaxIdReturnsProperValueForGivenMaskBits" computerName="TFSBUILD11" duration="00:00:00.0001117" startTime="2015-09-28T09:43:46.0790685-07:00" endTime="2015-09-28T09:43:46.0790685-07:00" testType="13cdc9d9-ddb5-4fa4-a97d-d965ccfc6d4b" outcome="Passed" testListId="8c84fa94-04c1-424b-9868-57a2d4851a1d" relativeResultsDirectory="161c850b-f162-4a7c-b701-50903cf89157" />
    <UnitTestResult executionId="18da4747-0375-436e-aef9-54deed2007fe" testId="64ba4596-701c-8767-8fef-4e2ebf3e99e6" testName="TestBucketMerge_IdIncrease" computerName="TFSBUILD11" duration="00:00:00.0003566" startTime="2015-09-28T09:43:46.0790685-07:00" endTime="2015-09-28T09:43:46.0790685-07:00" testType="13cdc9d9-ddb5-4fa4-a97d-d965ccfc6d4b" outcome="Passed" testListId="8c84fa94-04c1-424b-9868-57a2d4851a1d" relativeResultsDirectory="18da4747-0375-436e-aef9-54deed2007fe" />
    <UnitTestResult executionId="901ce2d8-6255-4313-b46f-a324b474dec7" testId="0a6afc5f-f3e2-50e0-7040-3cd588f15d92" testName="TestBucketMerge_IdDecrease" computerName="TFSBUILD11" duration="00:00:00.0001971" startTime="2015-09-28T09:43:46.0790685-07:00" endTime="2015-09-28T09:43:46.0790685-07:00" testType="13cdc9d9-ddb5-4fa4-a97d-d965ccfc6d4b" outcome="Passed" testListId="8c84fa94-04c1-424b-9868-57a2d4851a1d" relativeResultsDirectory="901ce2d8-6255-4313-b46f-a324b474dec7" />
    <UnitTestResult executionId="bdc39f45-0503-4ba6-a39e-564e4721634a" testId="4dbd1339-bfb7-4d43-8c72-674478720e97" testName="TestBucketMerge_MaskBitsIncrease" computerName="TFSBUILD11" duration="00:00:00.0001931" startTime="2015-09-28T09:43:46.0790685-07:00" endTime="2015-09-28T09:43:46.0790685-07:00" testType="13cdc9d9-ddb5-4fa4-a97d-d965ccfc6d4b" outcome="Passed" testListId="8c84fa94-04c1-424b-9868-57a2d4851a1d" relativeResultsDirectory="bdc39f45-0503-4ba6-a39e-564e4721634a" />
    <UnitTestResult executionId="0d4ed09f-2fb8-49b4-9e14-c9cf80f0ce29" testId="0e00978c-c7a2-6819-4c7e-ddf7445ec62d" testName="TestBucketMerge_MaskBitsDecrease" computerName="TFSBUILD11" duration="00:00:00.0001914" startTime="2015-09-28T09:43:46.0790685-07:00" endTime="2015-09-28T09:43:46.0790685-07:00" testType="13cdc9d9-ddb5-4fa4-a97d-d965ccfc6d4b" outcome="Passed" testListId="8c84fa94-04c1-424b-9868-57a2d4851a1d" relativeResultsDirectory="0d4ed09f-2fb8-49b4-9e14-c9cf80f0ce29" />
    <UnitTestResult executionId="96b5c799-e8b6-4066-9df9-a192bf964998" testId="42d6e4ef-ca84-9fd7-3c28-b2300f82e1f5" testName="TestParseBucketId" computerName="TFSBUILD11" duration="00:00:00.0001265" startTime="2015-09-28T09:43:46.0790685-07:00" endTime="2015-09-28T09:43:46.0790685-07:00" testType="13cdc9d9-ddb5-4fa4-a97d-d965ccfc6d4b" outcome="Passed" testListId="8c84fa94-04c1-424b-9868-57a2d4851a1d" relativeResultsDirectory="96b5c799-e8b6-4066-9df9-a192bf964998" />
    <UnitTestResult executionId="b36f6f24-6178-49ba-95f5-30e86e9b0c76" testId="fd5b9a27-8128-ffce-af91-90a20bd4edbf" testName="TestParseLocalId" computerName="TFSBUILD11" duration="00:00:00.0001513" startTime="2015-09-28T09:43:46.0790685-07:00" endTime="2015-09-28T09:43:46.0790685-07:00" testType="13cdc9d9-ddb5-4fa4-a97d-d965ccfc6d4b" outcome="Passed" testListId="8c84fa94-04c1-424b-9868-57a2d4851a1d" relativeResultsDirectory="b36f6f24-6178-49ba-95f5-30e86e9b0c76" />
    <UnitTestResult executionId="1dc8dc68-9a44-438c-a433-a496cffc277c" testId="dcfaa920-0ad2-9506-2a10-8b37334cb593" testName="TestGenerateCacheStamp" computerName="TFSBUILD11" duration="00:00:00.0007239" startTime="2015-09-28T09:43:46.0790685-07:00" endTime="2015-09-28T09:43:46.0790685-07:00" testType="13cdc9d9-ddb5-4fa4-a97d-d965ccfc6d4b" outcome="Passed" testListId="8c84fa94-04c1-424b-9868-57a2d4851a1d" relativeResultsDirectory="1dc8dc68-9a44-438c-a433-a496cffc277c" />
    <UnitTestResult executionId="88f4de2d-31e4-4d8f-8b54-857724ff60fa" testId="386d536e-5400-fe33-0ec5-a49e8cb34549" testName="TestGenerateCacheStamp_ThrowsArgumentOutOfRangeExceptionIfOverCapacity" computerName="TFSBUILD11" duration="00:00:00.0003714" startTime="2015-09-28T09:43:46.0790685-07:00" endTime="2015-09-28T09:43:46.0790685-07:00" testType="13cdc9d9-ddb5-4fa4-a97d-d965ccfc6d4b" outcome="Passed" testListId="8c84fa94-04c1-424b-9868-57a2d4851a1d" relativeResultsDirectory="88f4de2d-31e4-4d8f-8b54-857724ff60fa" />
    <UnitTestResult executionId="55a1233b-8773-44d6-a292-6e1f47dff0a1" testId="8fc07fbc-c216-f0a8-088e-be4d287d1ffd" testName="TestComputeMaskBits" computerName="TFSBUILD11" duration="00:00:00.0001686" startTime="2015-09-28T09:43:46.0790685-07:00" endTime="2015-09-28T09:43:46.0790685-07:00" testType="13cdc9d9-ddb5-4fa4-a97d-d965ccfc6d4b" outcome="Passed" testListId="8c84fa94-04c1-424b-9868-57a2d4851a1d" relativeResultsDirectory="55a1233b-8773-44d6-a292-6e1f47dff0a1" />
    <UnitTestResult executionId="7eed7f95-fad5-4db8-b97c-5c1ae1117d56" testId="a6321b48-c880-cfc2-949b-2a41a25254d1" testName="TestComputeMaskBits_ThrowsArgumentOutOfRangeExceptionsIfOverCapacity" computerName="TFSBUILD11" duration="00:00:00.0004508" startTime="2015-09-28T09:43:46.0790685-07:00" endTime="2015-09-28T09:43:46.0790685-07:00" testType="13cdc9d9-ddb5-4fa4-a97d-d965ccfc6d4b" outcome="Passed" testListId="8c84fa94-04c1-424b-9868-57a2d4851a1d" relativeResultsDirectory="7eed7f95-fad5-4db8-b97c-5c1ae1117d56" />
    <UnitTestResult executionId="00190928-d7bb-4c79-b095-4ef1b7aabadf" testId="80aca594-e7f8-909b-b1dd-843b7316a1f6" testName="TestCreateMetadataInformation_ValuesAreInitialized" computerName="TFSBUILD11" duration="00:00:00.0008749" startTime="2015-09-28T09:43:46.0790685-07:00" endTime="2015-09-28T09:43:46.0790685-07:00" testType="13cdc9d9-ddb5-4fa4-a97d-d965ccfc6d4b" outcome="Passed" testListId="8c84fa94-04c1-424b-9868-57a2d4851a1d" relativeResultsDirectory="00190928-d7bb-4c79-b095-4ef1b7aabadf" />
    <UnitTestResult executionId="94dcaa7f-3ca7-4085-a5a4-d2780fb985ef" testId="440eebf6-f3e5-4602-71cd-2ea361918d43" testName="TestMergeMetadataInformation" computerName="TFSBUILD11" duration="00:00:00.0029363" startTime="2015-09-28T09:43:46.0790685-07:00" endTime="2015-09-28T09:43:46.0790685-07:00" testType="13cdc9d9-ddb5-4fa4-a97d-d965ccfc6d4b" outcome="Passed" testListId="8c84fa94-04c1-424b-9868-57a2d4851a1d" relativeResultsDirectory="94dcaa7f-3ca7-4085-a5a4-d2780fb985ef" />
    <UnitTestResult executionId="b664864f-c1c7-4a2a-99eb-447c8b80abd1" testId="b0f8a64e-b53e-9ca2-6f02-8327c1bb8a3d" testName="TestTransformDefaultRule" computerName="TFSBUILD11" duration="00:00:00.1707163" startTime="2015-09-28T09:43:46.0790685-07:00" endTime="2015-09-28T09:43:46.2509560-07:00" testType="13cdc9d9-ddb5-4fa4-a97d-d965ccfc6d4b" outcome="Passed" testListId="8c84fa94-04c1-424b-9868-57a2d4851a1d" relativeResultsDirectory="b664864f-c1c7-4a2a-99eb-447c8b80abd1" />
    <UnitTestResult executionId="dac65aa7-71d5-430b-a97c-0d18c2a3a745" testId="4a87d8dc-0ad1-085c-a853-671bc50f9d6b" testName="TestTransformRequiredRule" computerName="TFSBUILD11" duration="00:00:00.0107909" startTime="2015-09-28T09:43:46.2509560-07:00" endTime="2015-09-28T09:43:46.2665824-07:00" testType="13cdc9d9-ddb5-4fa4-a97d-d965ccfc6d4b" outcome="Passed" testListId="8c84fa94-04c1-424b-9868-57a2d4851a1d" relativeResultsDirectory="dac65aa7-71d5-430b-a97c-0d18c2a3a745" />
    <UnitTestResult executionId="83a539f5-9877-4e29-b3dc-0bb1c6521362" testId="35a14347-df23-edeb-cfa6-4e66da20ead5" testName="TestGenerateWorkItemTypeUsages" computerName="TFSBUILD11" duration="00:00:00.0644660" startTime="2015-09-28T09:43:46.2665824-07:00" endTime="2015-09-28T09:43:46.3290868-07:00" testType="13cdc9d9-ddb5-4fa4-a97d-d965ccfc6d4b" outcome="Passed" testListId="8c84fa94-04c1-424b-9868-57a2d4851a1d" relativeResultsDirectory="83a539f5-9877-4e29-b3dc-0bb1c6521362" />
    <UnitTestResult executionId="b7d7f70b-b999-4c2d-9d3b-513ac0a5c8e7" testId="e7b3ab05-1c3a-393d-dd56-27c1451f29bb" testName="TestGenerateWorkItemTypeUsages_RowCountOverCapacity" computerName="TFSBUILD11" duration="00:00:00.0060822" startTime="2015-09-28T09:43:46.3290868-07:00" endTime="2015-09-28T09:43:46.3290868-07:00" testType="13cdc9d9-ddb5-4fa4-a97d-d965ccfc6d4b" outcome="Passed" testListId="8c84fa94-04c1-424b-9868-57a2d4851a1d" relativeResultsDirectory="b7d7f70b-b999-4c2d-9d3b-513ac0a5c8e7" />
    <UnitTestResult executionId="498856ea-e738-453e-889d-2149d592d93a" testId="655feedf-ee1b-fb77-6c60-02ac449b975f" testName="TestGenerateWorkItemTypeUsages_OnlyUniqueFieldsAreAddedToType" computerName="TFSBUILD11" duration="00:00:00.0038857" startTime="2015-09-28T09:43:46.3290868-07:00" endTime="2015-09-28T09:43:46.3447124-07:00" testType="13cdc9d9-ddb5-4fa4-a97d-d965ccfc6d4b" outcome="Passed" testListId="8c84fa94-04c1-424b-9868-57a2d4851a1d" relativeResultsDirectory="498856ea-e738-453e-889d-2149d592d93a" />
    <UnitTestResult executionId="508b3237-de8e-45e1-a72f-24f6684717e7" testId="11ff9bce-ab24-2d48-96b5-33d176eb5596" testName="TestGenerateWorkItemTypeUsages_OnlyCustomFieldsAreAddedToType" computerName="TFSBUILD11" duration="00:00:00.0036394" startTime="2015-09-28T09:43:46.3447124-07:00" endTime="2015-09-28T09:43:46.3447124-07:00" testType="13cdc9d9-ddb5-4fa4-a97d-d965ccfc6d4b" outcome="Passed" testListId="8c84fa94-04c1-424b-9868-57a2d4851a1d" relativeResultsDirectory="508b3237-de8e-45e1-a72f-24f6684717e7" />
    <UnitTestResult executionId="4a1df8b9-442b-4b3e-a13e-fdb73dc63c81" testId="3ac739a7-4551-6809-59d1-970acc0b0ef6" testName="TestGenerateRules" computerName="TFSBUILD11" duration="00:00:00.0119022" startTime="2015-09-28T09:43:46.3447124-07:00" endTime="2015-09-28T09:43:46.3603388-07:00" testType="13cdc9d9-ddb5-4fa4-a97d-d965ccfc6d4b" outcome="Passed" testListId="8c84fa94-04c1-424b-9868-57a2d4851a1d" relativeResultsDirectory="4a1df8b9-442b-4b3e-a13e-fdb73dc63c81" />
    <UnitTestResult executionId="518f392a-f8a7-476a-8a0c-0cd74cc53a54" testId="e59c9e3e-8819-bbb4-916d-0ac9694a3bf4" testName="TestGenerateRules_SameRulesAreFilteredOut" computerName="TFSBUILD11" duration="00:00:00.0774748" startTime="2015-09-28T09:43:46.3603388-07:00" endTime="2015-09-28T09:43:46.4384696-07:00" testType="13cdc9d9-ddb5-4fa4-a97d-d965ccfc6d4b" outcome="Passed" testListId="8c84fa94-04c1-424b-9868-57a2d4851a1d" relativeResultsDirectory="518f392a-f8a7-476a-8a0c-0cd74cc53a54" />
    <UnitTestResult executionId="bee7670d-42ed-4c28-9566-2e5a433ccfa4" testId="3e8bcef1-d98f-1892-071d-8de838815549" testName="TestGenerateRules_RowCountOverCapacity" computerName="TFSBUILD11" duration="00:00:00.1361035" startTime="2015-09-28T09:43:46.4384696-07:00" endTime="2015-09-28T09:43:46.5634782-07:00" testType="13cdc9d9-ddb5-4fa4-a97d-d965ccfc6d4b" outcome="Passed" testListId="8c84fa94-04c1-424b-9868-57a2d4851a1d" relativeResultsDirectory="bee7670d-42ed-4c28-9566-2e5a433ccfa4" />
  </Results>
  <TestDefinitions>
    <UnitTest name="WillThrowValidationExceptionIfNoIdentifierIsReturnedFromIMS" storage="d:\v2.0\a1\_work\dbded102\bin\release.anycpu\tfs.service\ms.tf.workitemtracking.dataaccesslayer.l0.tests\ms.tf.workitemtracking.dataaccesslayer.l0.tests.dll" id="68b872ae-f6be-8f11-8632-e851399f6921">
      <Execution id="006a49bf-d421-45c1-a36d-f1d5af15d28a" />
      <TestMethod codeBase="D:\v2.0\A1\_work\dbded102\bin\Release.AnyCPU\Tfs.Service\MS.TF.WorkItemTracking.DataAccessLayer.L0.Tests\MS.TF.WorkItemTracking.DataAccessLayer.L0.Tests.dll" adapterTypeName="Microsoft.VisualStudio.TestTools.TestTypes.Unit.UnitTestAdapter" className="MS.TF.Test.WITPlatform.UnitTests.DataAccessLayerTests.ProvisioningServiceTests" name="WillThrowValidationExceptionIfNoIdentifierIsReturnedFromIMS" />
    </UnitTest>
    <UnitTest name="GetFilteredDataOneHistoryPoint" storage="d:\v2.0\a1\_work\dbded102\bin\release.anycpu\tfs.service\ms.tf.workitemtracking.dataaccesslayer.l0.tests\ms.tf.workitemtracking.dataaccesslayer.l0.tests.dll" id="13ec038f-f08f-f3fc-b255-2244db249241">
      <Owners>
        <Owner name="witiq" />
      </Owners>
      <Execution id="b583dfd8-99a9-49f8-a657-6a5cf83bab7a" />
      <TestMethod codeBase="D:\v2.0\A1\_work\dbded102\bin\Release.AnyCPU\Tfs.Service\MS.TF.WorkItemTracking.DataAccessLayer.L0.Tests\MS.TF.WorkItemTracking.DataAccessLayer.L0.Tests.dll" adapterTypeName="Microsoft.VisualStudio.TestTools.TestTypes.Unit.UnitTestAdapter" className="MS.TF.Test.DataAccessLayer.Charting.WitProviderInterpreterTests" name="GetFilteredDataOneHistoryPoint" />
    </UnitTest>
    <UnitTest name="GetFilteredDataTwoHistoryPoints" storage="d:\v2.0\a1\_work\dbded102\bin\release.anycpu\tfs.service\ms.tf.workitemtracking.dataaccesslayer.l0.tests\ms.tf.workitemtracking.dataaccesslayer.l0.tests.dll" id="4c4ca2dc-627f-3eb1-5e9d-a6f429756396">
      <Owners>
        <Owner name="witiq" />
      </Owners>
      <Execution id="a78d100d-078b-4728-a06c-cc40d12eda09" />
      <TestMethod codeBase="D:\v2.0\A1\_work\dbded102\bin\Release.AnyCPU\Tfs.Service\MS.TF.WorkItemTracking.DataAccessLayer.L0.Tests\MS.TF.WorkItemTracking.DataAccessLayer.L0.Tests.dll" adapterTypeName="Microsoft.VisualStudio.TestTools.TestTypes.Unit.UnitTestAdapter" className="MS.TF.Test.DataAccessLayer.Charting.WitProviderInterpreterTests" name="GetFilteredDataTwoHistoryPoints" />
    </UnitTest>
    <UnitTest name="SamplePointDateTimePST" storage="d:\v2.0\a1\_work\dbded102\bin\release.anycpu\tfs.service\ms.tf.workitemtracking.dataaccesslayer.l0.tests\ms.tf.workitemtracking.dataaccesslayer.l0.tests.dll" id="7133cad6-8fdb-03f2-1531-873c9df70877">
      <Owners>
        <Owner name="witiq" />
      </Owners>
      <Execution id="4b077832-90dd-480c-9b27-5d21ff7c517d" />
      <TestMethod codeBase="D:\v2.0\A1\_work\dbded102\bin\Release.AnyCPU\Tfs.Service\MS.TF.WorkItemTracking.DataAccessLayer.L0.Tests\MS.TF.WorkItemTracking.DataAccessLayer.L0.Tests.dll" adapterTypeName="Microsoft.VisualStudio.TestTools.TestTypes.Unit.UnitTestAdapter" className="MS.TF.Test.DataAccessLayer.Charting.WitProviderInterpreterTests" name="SamplePointDateTimePST" />
    </UnitTest>
    <UnitTest name="SamplePointSnapshotGroupByString" storage="d:\v2.0\a1\_work\dbded102\bin\release.anycpu\tfs.service\ms.tf.workitemtracking.dataaccesslayer.l0.tests\ms.tf.workitemtracking.dataaccesslayer.l0.tests.dll" id="3f012f2a-0dfb-4686-1759-141b4a7c8b1f">
      <Owners>
        <Owner name="witiq" />
      </Owners>
      <Execution id="54e721d1-002c-4c0e-9b1b-87c3e0b79e34" />
      <TestMethod codeBase="D:\v2.0\A1\_work\dbded102\bin\Release.AnyCPU\Tfs.Service\MS.TF.WorkItemTracking.DataAccessLayer.L0.Tests\MS.TF.WorkItemTracking.DataAccessLayer.L0.Tests.dll" adapterTypeName="Microsoft.VisualStudio.TestTools.TestTypes.Unit.UnitTestAdapter" className="MS.TF.Test.DataAccessLayer.Charting.WitProviderInterpreterTests" name="SamplePointSnapshotGroupByString" />
    </UnitTest>
    <UnitTest name="SamplePointSnapshotGroupByIterationPath" storage="d:\v2.0\a1\_work\dbded102\bin\release.anycpu\tfs.service\ms.tf.workitemtracking.dataaccesslayer.l0.tests\ms.tf.workitemtracking.dataaccesslayer.l0.tests.dll" id="896f1e9e-5e1a-77ef-06da-539354daae81">
      <Owners>
        <Owner name="witiq" />
      </Owners>
      <Execution id="76b1385c-35b4-4daf-bf15-0b7c8524156e" />
      <TestMethod codeBase="D:\v2.0\A1\_work\dbded102\bin\Release.AnyCPU\Tfs.Service\MS.TF.WorkItemTracking.DataAccessLayer.L0.Tests\MS.TF.WorkItemTracking.DataAccessLayer.L0.Tests.dll" adapterTypeName="Microsoft.VisualStudio.TestTools.TestTypes.Unit.UnitTestAdapter" className="MS.TF.Test.DataAccessLayer.Charting.WitProviderInterpreterTests" name="SamplePointSnapshotGroupByIterationPath" />
    </UnitTest>
    <UnitTest name="WillCheckTheSecurityOfTheCurrentContextForCreatingChart" storage="d:\v2.0\a1\_work\dbded102\bin\release.anycpu\tfs.service\ms.tf.workitemtracking.dataaccesslayer.l0.tests\ms.tf.workitemtracking.dataaccesslayer.l0.tests.dll" id="c83e7c92-f52c-9c74-62ec-2b7fedb8eca8">
      <Owners>
        <Owner name="witiq" />
      </Owners>
      <Execution id="e8b4dcea-6e6a-4ae2-98cc-6c0cfc6c3de8" />
      <TestMethod codeBase="D:\v2.0\A1\_work\dbded102\bin\Release.AnyCPU\Tfs.Service\MS.TF.WorkItemTracking.DataAccessLayer.L0.Tests\MS.TF.WorkItemTracking.DataAccessLayer.L0.Tests.dll" adapterTypeName="Microsoft.VisualStudio.TestTools.TestTypes.Unit.UnitTestAdapter" className="MS.TF.Test.DataAccessLayer.Charting.WitSecurityProviderTests" name="WillCheckTheSecurityOfTheCurrentContextForCreatingChart" />
    </UnitTest>
    <UnitTest name="ChartPermissionsFailWithMismatchedQueryIds" storage="d:\v2.0\a1\_work\dbded102\bin\release.anycpu\tfs.service\ms.tf.workitemtracking.dataaccesslayer.l0.tests\ms.tf.workitemtracking.dataaccesslayer.l0.tests.dll" id="62edc96e-606f-dc6a-fa01-8a138f25e40c">
      <Owners>
        <Owner name="witiq" />
      </Owners>
      <Execution id="0daee53b-e589-4047-b2de-1095fa14190c" />
      <TestMethod codeBase="D:\v2.0\A1\_work\dbded102\bin\Release.AnyCPU\Tfs.Service\MS.TF.WorkItemTracking.DataAccessLayer.L0.Tests\MS.TF.WorkItemTracking.DataAccessLayer.L0.Tests.dll" adapterTypeName="Microsoft.VisualStudio.TestTools.TestTypes.Unit.UnitTestAdapter" className="MS.TF.Test.DataAccessLayer.Charting.WitSecurityProviderTests" name="ChartPermissionsFailWithMismatchedQueryIds" />
    </UnitTest>
    <UnitTest name="WillCheckTheSecurityOfTheCurrentContextForEditingChart" storage="d:\v2.0\a1\_work\dbded102\bin\release.anycpu\tfs.service\ms.tf.workitemtracking.dataaccesslayer.l0.tests\ms.tf.workitemtracking.dataaccesslayer.l0.tests.dll" id="4e5429f1-aed6-309f-6e71-376f58ef0e22">
      <Owners>
        <Owner name="witiq" />
      </Owners>
      <Execution id="7e65b7c5-8130-4969-a97f-691cf425944e" />
      <TestMethod codeBase="D:\v2.0\A1\_work\dbded102\bin\Release.AnyCPU\Tfs.Service\MS.TF.WorkItemTracking.DataAccessLayer.L0.Tests\MS.TF.WorkItemTracking.DataAccessLayer.L0.Tests.dll" adapterTypeName="Microsoft.VisualStudio.TestTools.TestTypes.Unit.UnitTestAdapter" className="MS.TF.Test.DataAccessLayer.Charting.WitSecurityProviderTests" name="WillCheckTheSecurityOfTheCurrentContextForEditingChart" />
    </UnitTest>
    <UnitTest name="WillCheckTheSecurityOfTheCurrentContextForDeletingChart" storage="d:\v2.0\a1\_work\dbded102\bin\release.anycpu\tfs.service\ms.tf.workitemtracking.dataaccesslayer.l0.tests\ms.tf.workitemtracking.dataaccesslayer.l0.tests.dll" id="961d838e-c3dc-71e8-dc06-921b3fc7d92c">
      <Owners>
        <Owner name="witiq" />
      </Owners>
      <Execution id="e8e84d39-b840-4aa8-819b-d5b20adfb7b1" />
      <TestMethod codeBase="D:\v2.0\A1\_work\dbded102\bin\Release.AnyCPU\Tfs.Service\MS.TF.WorkItemTracking.DataAccessLayer.L0.Tests\MS.TF.WorkItemTracking.DataAccessLayer.L0.Tests.dll" adapterTypeName="Microsoft.VisualStudio.TestTools.TestTypes.Unit.UnitTestAdapter" className="MS.TF.Test.DataAccessLayer.Charting.WitSecurityProviderTests" name="WillCheckTheSecurityOfTheCurrentContextForDeletingChart" />
    </UnitTest>
    <UnitTest name="WillCheckTheSecurityOfTheCurrentContextForGettingChart" storage="d:\v2.0\a1\_work\dbded102\bin\release.anycpu\tfs.service\ms.tf.workitemtracking.dataaccesslayer.l0.tests\ms.tf.workitemtracking.dataaccesslayer.l0.tests.dll" id="bd827338-899a-00cf-f1e4-521a5a29a9fe">
      <Owners>
        <Owner name="witiq" />
      </Owners>
      <Execution id="b4d731de-bf98-44d2-9aa8-ee41aa5135c3" />
      <TestMethod codeBase="D:\v2.0\A1\_work\dbded102\bin\Release.AnyCPU\Tfs.Service\MS.TF.WorkItemTracking.DataAccessLayer.L0.Tests\MS.TF.WorkItemTracking.DataAccessLayer.L0.Tests.dll" adapterTypeName="Microsoft.VisualStudio.TestTools.TestTypes.Unit.UnitTestAdapter" className="MS.TF.Test.DataAccessLayer.Charting.WitSecurityProviderTests" name="WillCheckTheSecurityOfTheCurrentContextForGettingChart" />
    </UnitTest>
    <UnitTest name="WillBypassSecurityCheckOnAssignedToMeQuery" storage="d:\v2.0\a1\_work\dbded102\bin\release.anycpu\tfs.service\ms.tf.workitemtracking.dataaccesslayer.l0.tests\ms.tf.workitemtracking.dataaccesslayer.l0.tests.dll" id="f98d83a2-fab4-8f00-8c2f-7f063de1d005">
      <Owners>
        <Owner name="witiq" />
      </Owners>
      <Execution id="2342873b-c5e4-45b9-aa92-91a8ad874ef3" />
      <TestMethod codeBase="D:\v2.0\A1\_work\dbded102\bin\Release.AnyCPU\Tfs.Service\MS.TF.WorkItemTracking.DataAccessLayer.L0.Tests\MS.TF.WorkItemTracking.DataAccessLayer.L0.Tests.dll" adapterTypeName="Microsoft.VisualStudio.TestTools.TestTypes.Unit.UnitTestAdapter" className="MS.TF.Test.DataAccessLayer.Charting.WitSecurityProviderTests" name="WillBypassSecurityCheckOnAssignedToMeQuery" />
    </UnitTest>
    <UnitTest name="WillThrowInvalidChartGroupExceptionIfGroupKeyIsNotAGuidOrAssignedToMe" storage="d:\v2.0\a1\_work\dbded102\bin\release.anycpu\tfs.service\ms.tf.workitemtracking.dataaccesslayer.l0.tests\ms.tf.workitemtracking.dataaccesslayer.l0.tests.dll" id="bf98a712-e886-8cf7-f16e-9fa047c44796">
      <Owners>
        <Owner name="witiq" />
      </Owners>
      <Execution id="83e97996-d20c-4a7b-8124-e14cfa2c3554" />
      <TestMethod codeBase="D:\v2.0\A1\_work\dbded102\bin\Release.AnyCPU\Tfs.Service\MS.TF.WorkItemTracking.DataAccessLayer.L0.Tests\MS.TF.WorkItemTracking.DataAccessLayer.L0.Tests.dll" adapterTypeName="Microsoft.VisualStudio.TestTools.TestTypes.Unit.UnitTestAdapter" className="MS.TF.Test.DataAccessLayer.Charting.WitSecurityProviderTests" name="WillThrowInvalidChartGroupExceptionIfGroupKeyIsNotAGuidOrAssignedToMe" />
    </UnitTest>
    <UnitTest name="WillThrowAccessCheckExceptionIfPermissionsAreNotGranted" storage="d:\v2.0\a1\_work\dbded102\bin\release.anycpu\tfs.service\ms.tf.workitemtracking.dataaccesslayer.l0.tests\ms.tf.workitemtracking.dataaccesslayer.l0.tests.dll" id="19a4953b-8fb0-8836-72d8-d4a04512fe82">
      <Owners>
        <Owner name="witiq" />
      </Owners>
      <Execution id="12dd0b0a-5413-40a3-a80f-95cd7e3c2cd5" />
      <TestMethod codeBase="D:\v2.0\A1\_work\dbded102\bin\Release.AnyCPU\Tfs.Service\MS.TF.WorkItemTracking.DataAccessLayer.L0.Tests\MS.TF.WorkItemTracking.DataAccessLayer.L0.Tests.dll" adapterTypeName="Microsoft.VisualStudio.TestTools.TestTypes.Unit.UnitTestAdapter" className="MS.TF.Test.DataAccessLayer.Charting.WitSecurityProviderTests" name="WillThrowAccessCheckExceptionIfPermissionsAreNotGranted" />
    </UnitTest>
    <UnitTest name="WillSetRegistryValueToTrueWhenLinkingMSAToAAD" storage="d:\v2.0\a1\_work\dbded102\bin\release.anycpu\tfs.service\ms.tf.workitemtracking.dataaccesslayer.l0.tests\ms.tf.workitemtracking.dataaccesslayer.l0.tests.dll" id="5794152a-b319-f58c-ef34-d34fb3f4d2f3">
      <Execution id="9596bafd-a79b-46c2-a956-0cc85eded778" />
      <TestMethod codeBase="D:\v2.0\A1\_work\dbded102\bin\Release.AnyCPU\Tfs.Service\MS.TF.WorkItemTracking.DataAccessLayer.L0.Tests\MS.TF.WorkItemTracking.DataAccessLayer.L0.Tests.dll" adapterTypeName="Microsoft.VisualStudio.TestTools.TestTypes.Unit.UnitTestAdapter" className="MS.TF.Test.WorkItemTracking.DataAccessLayer.SyncBaseTests" name="WillSetRegistryValueToTrueWhenLinkingMSAToAAD" />
    </UnitTest>
    <UnitTest name="WillSetRegistryValueToFalseWhenLinkingAADToMSA" storage="d:\v2.0\a1\_work\dbded102\bin\release.anycpu\tfs.service\ms.tf.workitemtracking.dataaccesslayer.l0.tests\ms.tf.workitemtracking.dataaccesslayer.l0.tests.dll" id="382b4ff0-7041-2646-f42b-18efb299cbb3">
      <Execution id="0eedd8b6-37e6-49d2-810a-50fb682e69b2" />
      <TestMethod codeBase="D:\v2.0\A1\_work\dbded102\bin\Release.AnyCPU\Tfs.Service\MS.TF.WorkItemTracking.DataAccessLayer.L0.Tests\MS.TF.WorkItemTracking.DataAccessLayer.L0.Tests.dll" adapterTypeName="Microsoft.VisualStudio.TestTools.TestTypes.Unit.UnitTestAdapter" className="MS.TF.Test.WorkItemTracking.DataAccessLayer.SyncBaseTests" name="WillSetRegistryValueToFalseWhenLinkingAADToMSA" />
    </UnitTest>
    <UnitTest name="NoChangeInAccountLinking" storage="d:\v2.0\a1\_work\dbded102\bin\release.anycpu\tfs.service\ms.tf.workitemtracking.dataaccesslayer.l0.tests\ms.tf.workitemtracking.dataaccesslayer.l0.tests.dll" id="8d9709d4-2e57-c0d6-2657-44acf1bb2241">
      <Execution id="e1457e4b-f145-4d36-9d13-1f236fd5e458" />
      <TestMethod codeBase="D:\v2.0\A1\_work\dbded102\bin\Release.AnyCPU\Tfs.Service\MS.TF.WorkItemTracking.DataAccessLayer.L0.Tests\MS.TF.WorkItemTracking.DataAccessLayer.L0.Tests.dll" adapterTypeName="Microsoft.VisualStudio.TestTools.TestTypes.Unit.UnitTestAdapter" className="MS.TF.Test.WorkItemTracking.DataAccessLayer.SyncBaseTests" name="NoChangeInAccountLinking" />
    </UnitTest>
    <UnitTest name="WillTransformAadNameToTfid" storage="d:\v2.0\a1\_work\dbded102\bin\release.anycpu\tfs.service\ms.tf.workitemtracking.dataaccesslayer.l0.tests\ms.tf.workitemtracking.dataaccesslayer.l0.tests.dll" id="692d3c8d-d684-06c9-4e00-a09ef4062346">
      <Execution id="ebfed2a7-ca35-41d6-95ce-6d1a20401c86" />
      <TestMethod codeBase="D:\v2.0\A1\_work\dbded102\bin\Release.AnyCPU\Tfs.Service\MS.TF.WorkItemTracking.DataAccessLayer.L0.Tests\MS.TF.WorkItemTracking.DataAccessLayer.L0.Tests.dll" adapterTypeName="Microsoft.VisualStudio.TestTools.TestTypes.Unit.UnitTestAdapter" className="MS.TF.Test.WorkItemTracking.DataAccessLayer.WiqlTransformUtilsTests" name="WillTransformAadNameToTfid" />
    </UnitTest>
    <UnitTest name="WillTransformAreaPathtoId" storage="d:\v2.0\a1\_work\dbded102\bin\release.anycpu\tfs.service\ms.tf.workitemtracking.dataaccesslayer.l0.tests\ms.tf.workitemtracking.dataaccesslayer.l0.tests.dll" id="6a220c2a-8cc2-528e-cc08-30bf86f8360a">
      <Execution id="6362a177-babb-4e31-b0ef-577244d82bd2" />
      <TestMethod codeBase="D:\v2.0\A1\_work\dbded102\bin\Release.AnyCPU\Tfs.Service\MS.TF.WorkItemTracking.DataAccessLayer.L0.Tests\MS.TF.WorkItemTracking.DataAccessLayer.L0.Tests.dll" adapterTypeName="Microsoft.VisualStudio.TestTools.TestTypes.Unit.UnitTestAdapter" className="MS.TF.Test.WorkItemTracking.DataAccessLayer.WiqlTransformUtilsTests" name="WillTransformAreaPathtoId" />
    </UnitTest>
    <UnitTest name="WiqlTestWhenAreaPathDonotExists" storage="d:\v2.0\a1\_work\dbded102\bin\release.anycpu\tfs.service\ms.tf.workitemtracking.dataaccesslayer.l0.tests\ms.tf.workitemtracking.dataaccesslayer.l0.tests.dll" id="1b680e48-e271-b23b-a520-a477f7715130">
      <Execution id="f8aab7a7-0e9e-4178-800b-0e4f7dfbebc3" />
      <TestMethod codeBase="D:\v2.0\A1\_work\dbded102\bin\Release.AnyCPU\Tfs.Service\MS.TF.WorkItemTracking.DataAccessLayer.L0.Tests\MS.TF.WorkItemTracking.DataAccessLayer.L0.Tests.dll" adapterTypeName="Microsoft.VisualStudio.TestTools.TestTypes.Unit.UnitTestAdapter" className="MS.TF.Test.WorkItemTracking.DataAccessLayer.WiqlTransformUtilsTests" name="WiqlTestWhenAreaPathDonotExists" />
    </UnitTest>
    <UnitTest name="WiqlTestWhenIterationPathDonotExists" storage="d:\v2.0\a1\_work\dbded102\bin\release.anycpu\tfs.service\ms.tf.workitemtracking.dataaccesslayer.l0.tests\ms.tf.workitemtracking.dataaccesslayer.l0.tests.dll" id="44c7bcf5-1eb4-00e7-58fc-970ed46a0174">
      <Execution id="8e7ce313-fc65-4211-a630-28b807356592" />
      <TestMethod codeBase="D:\v2.0\A1\_work\dbded102\bin\Release.AnyCPU\Tfs.Service\MS.TF.WorkItemTracking.DataAccessLayer.L0.Tests\MS.TF.WorkItemTracking.DataAccessLayer.L0.Tests.dll" adapterTypeName="Microsoft.VisualStudio.TestTools.TestTypes.Unit.UnitTestAdapter" className="MS.TF.Test.WorkItemTracking.DataAccessLayer.WiqlTransformUtilsTests" name="WiqlTestWhenIterationPathDonotExists" />
    </UnitTest>
    <UnitTest name="WillTransformIterationPathtoId" storage="d:\v2.0\a1\_work\dbded102\bin\release.anycpu\tfs.service\ms.tf.workitemtracking.dataaccesslayer.l0.tests\ms.tf.workitemtracking.dataaccesslayer.l0.tests.dll" id="06ec43b4-50f0-e5ea-8826-51de6a56f9d2">
      <Execution id="6152603a-56df-49df-ac86-dfa2432924f1" />
      <TestMethod codeBase="D:\v2.0\A1\_work\dbded102\bin\Release.AnyCPU\Tfs.Service\MS.TF.WorkItemTracking.DataAccessLayer.L0.Tests\MS.TF.WorkItemTracking.DataAccessLayer.L0.Tests.dll" adapterTypeName="Microsoft.VisualStudio.TestTools.TestTypes.Unit.UnitTestAdapter" className="MS.TF.Test.WorkItemTracking.DataAccessLayer.WiqlTransformUtilsTests" name="WillTransformIterationPathtoId" />
    </UnitTest>
    <UnitTest name="WillTransformDisplayNameToTfid" storage="d:\v2.0\a1\_work\dbded102\bin\release.anycpu\tfs.service\ms.tf.workitemtracking.dataaccesslayer.l0.tests\ms.tf.workitemtracking.dataaccesslayer.l0.tests.dll" id="550516b2-ae78-6235-ea81-b19be196660c">
      <Execution id="fc61c95c-1f79-44f0-bdf0-c832782007e8" />
      <TestMethod codeBase="D:\v2.0\A1\_work\dbded102\bin\Release.AnyCPU\Tfs.Service\MS.TF.WorkItemTracking.DataAccessLayer.L0.Tests\MS.TF.WorkItemTracking.DataAccessLayer.L0.Tests.dll" adapterTypeName="Microsoft.VisualStudio.TestTools.TestTypes.Unit.UnitTestAdapter" className="MS.TF.Test.WorkItemTracking.DataAccessLayer.WiqlTransformUtilsTests" name="WillTransformDisplayNameToTfid" />
    </UnitTest>
    <UnitTest name="WillNotTransformDisplayNameToTfidWhenStringOperatorsAreUsed" storage="d:\v2.0\a1\_work\dbded102\bin\release.anycpu\tfs.service\ms.tf.workitemtracking.dataaccesslayer.l0.tests\ms.tf.workitemtracking.dataaccesslayer.l0.tests.dll" id="75c86127-7bc7-5492-29bf-c1be3adc41a4">
      <Execution id="9f20eaed-c36f-47fd-8fd2-491a6e18c8f9" />
      <TestMethod codeBase="D:\v2.0\A1\_work\dbded102\bin\Release.AnyCPU\Tfs.Service\MS.TF.WorkItemTracking.DataAccessLayer.L0.Tests\MS.TF.WorkItemTracking.DataAccessLayer.L0.Tests.dll" adapterTypeName="Microsoft.VisualStudio.TestTools.TestTypes.Unit.UnitTestAdapter" className="MS.TF.Test.WorkItemTracking.DataAccessLayer.WiqlTransformUtilsTests" name="WillNotTransformDisplayNameToTfidWhenStringOperatorsAreUsed" />
    </UnitTest>
    <UnitTest name="WillTransformDisplayNameToSpecialDisplayName" storage="d:\v2.0\a1\_work\dbded102\bin\release.anycpu\tfs.service\ms.tf.workitemtracking.dataaccesslayer.l0.tests\ms.tf.workitemtracking.dataaccesslayer.l0.tests.dll" id="07e9dccb-d4cc-bc87-6e3c-a2a08da1682c">
      <Execution id="cc7cb22e-497f-48d4-8737-4a3efd3a1f7f" />
      <TestMethod codeBase="D:\v2.0\A1\_work\dbded102\bin\Release.AnyCPU\Tfs.Service\MS.TF.WorkItemTracking.DataAccessLayer.L0.Tests\MS.TF.WorkItemTracking.DataAccessLayer.L0.Tests.dll" adapterTypeName="Microsoft.VisualStudio.TestTools.TestTypes.Unit.UnitTestAdapter" className="MS.TF.Test.WorkItemTracking.DataAccessLayer.WiqlTransformUtilsTests" name="WillTransformDisplayNameToSpecialDisplayName" />
    </UnitTest>
    <UnitTest name="WillTransformDisplayNameToSpecialDisplayNameForLegacyMode" storage="d:\v2.0\a1\_work\dbded102\bin\release.anycpu\tfs.service\ms.tf.workitemtracking.dataaccesslayer.l0.tests\ms.tf.workitemtracking.dataaccesslayer.l0.tests.dll" id="a8e781da-f4d5-ffaa-2194-ce485a14b46f">
      <Execution id="a3c076a7-6f06-4f79-bc33-d233bc289ff7" />
      <TestMethod codeBase="D:\v2.0\A1\_work\dbded102\bin\Release.AnyCPU\Tfs.Service\MS.TF.WorkItemTracking.DataAccessLayer.L0.Tests\MS.TF.WorkItemTracking.DataAccessLayer.L0.Tests.dll" adapterTypeName="Microsoft.VisualStudio.TestTools.TestTypes.Unit.UnitTestAdapter" className="MS.TF.Test.WorkItemTracking.DataAccessLayer.WiqlTransformUtilsTests" name="WillTransformDisplayNameToSpecialDisplayNameForLegacyMode" />
    </UnitTest>
    <UnitTest name="CheckPluralName" storage="d:\v2.0\a1\_work\dbded102\bin\release.anycpu\tfs.service\ms.tf.workitemtracking.dataaccesslayer.l0.tests\ms.tf.workitemtracking.dataaccesslayer.l0.tests.dll" id="44a4323c-f754-1c71-9d5b-e3fa0b946390">
      <Owners>
        <Owner name="witiq" />
      </Owners>
      <Execution id="9da6358a-fc91-4469-b380-24abf14ab7f2" />
      <TestMethod codeBase="D:\v2.0\A1\_work\dbded102\bin\Release.AnyCPU\Tfs.Service\MS.TF.WorkItemTracking.DataAccessLayer.L0.Tests\MS.TF.WorkItemTracking.DataAccessLayer.L0.Tests.dll" adapterTypeName="Microsoft.VisualStudio.TestTools.TestTypes.Unit.UnitTestAdapter" className="MS.TF.Test.WorkItemTracking.DataAccessLayer.Charting.WitDataServiceCapabilityProviderTests" name="CheckPluralName" />
    </UnitTest>
    <UnitTest name="OnlyDefaultDateRangesAreSupportedByWIT" storage="d:\v2.0\a1\_work\dbded102\bin\release.anycpu\tfs.service\ms.tf.workitemtracking.dataaccesslayer.l0.tests\ms.tf.workitemtracking.dataaccesslayer.l0.tests.dll" priority="1" id="38bfef56-ec49-d8b3-58d3-78d7e5101b02">
      <Owners>
        <Owner name="witiq" />
      </Owners>
      <Execution id="ce9fc7ca-a713-43cc-a116-0d52dcae4ea5" />
      <TestMethod codeBase="D:\v2.0\A1\_work\dbded102\bin\Release.AnyCPU\Tfs.Service\MS.TF.WorkItemTracking.DataAccessLayer.L0.Tests\MS.TF.WorkItemTracking.DataAccessLayer.L0.Tests.dll" adapterTypeName="Microsoft.VisualStudio.TestTools.TestTypes.Unit.UnitTestAdapter" className="MS.TF.Test.WorkItemTracking.DataAccessLayer.Charting.WitDataServiceCapabilityProviderTests" name="OnlyDefaultDateRangesAreSupportedByWIT" />
    </UnitTest>
    <UnitTest name="VerifySortFilteringAndNamePropagation" storage="d:\v2.0\a1\_work\dbded102\bin\release.anycpu\tfs.service\ms.tf.workitemtracking.dataaccesslayer.l0.tests\ms.tf.workitemtracking.dataaccesslayer.l0.tests.dll" priority="1" id="68877bc1-26e6-bb79-64a3-592cb2230bdc">
      <Owners>
        <Owner name="witiq" />
      </Owners>
      <Execution id="40ee4f74-8401-429c-9d85-9adec9e91c05" />
      <TestMethod codeBase="D:\v2.0\A1\_work\dbded102\bin\Release.AnyCPU\Tfs.Service\MS.TF.WorkItemTracking.DataAccessLayer.L0.Tests\MS.TF.WorkItemTracking.DataAccessLayer.L0.Tests.dll" adapterTypeName="Microsoft.VisualStudio.TestTools.TestTypes.Unit.UnitTestAdapter" className="MS.TF.Test.WorkItemTracking.DataAccessLayer.Charting.WitDataServiceCapabilityProviderTests" name="VerifySortFilteringAndNamePropagation" />
    </UnitTest>
    <UnitTest name="VerifyTypeExclusions" storage="d:\v2.0\a1\_work\dbded102\bin\release.anycpu\tfs.service\ms.tf.workitemtracking.dataaccesslayer.l0.tests\ms.tf.workitemtracking.dataaccesslayer.l0.tests.dll" priority="1" id="3dc82a19-2785-6527-c035-11dac8eb1146">
      <Owners>
        <Owner name="witiq" />
      </Owners>
      <Execution id="eea41084-86a0-434f-99e1-5ab31157f47b" />
      <TestMethod codeBase="D:\v2.0\A1\_work\dbded102\bin\Release.AnyCPU\Tfs.Service\MS.TF.WorkItemTracking.DataAccessLayer.L0.Tests\MS.TF.WorkItemTracking.DataAccessLayer.L0.Tests.dll" adapterTypeName="Microsoft.VisualStudio.TestTools.TestTypes.Unit.UnitTestAdapter" className="MS.TF.Test.WorkItemTracking.DataAccessLayer.Charting.WitDataServiceCapabilityProviderTests" name="VerifyTypeExclusions" />
    </UnitTest>
    <UnitTest name="VerifyExplicitFieldExclusions" storage="d:\v2.0\a1\_work\dbded102\bin\release.anycpu\tfs.service\ms.tf.workitemtracking.dataaccesslayer.l0.tests\ms.tf.workitemtracking.dataaccesslayer.l0.tests.dll" priority="1" id="1217f954-23f6-f2b1-c3b1-5131acf3e0a8">
      <Owners>
        <Owner name="witiq" />
      </Owners>
      <Execution id="e6a8b0cd-d575-47ee-89b2-025a96ed9e01" />
      <TestMethod codeBase="D:\v2.0\A1\_work\dbded102\bin\Release.AnyCPU\Tfs.Service\MS.TF.WorkItemTracking.DataAccessLayer.L0.Tests\MS.TF.WorkItemTracking.DataAccessLayer.L0.Tests.dll" adapterTypeName="Microsoft.VisualStudio.TestTools.TestTypes.Unit.UnitTestAdapter" className="MS.TF.Test.WorkItemTracking.DataAccessLayer.Charting.WitDataServiceCapabilityProviderTests" name="VerifyExplicitFieldExclusions" />
    </UnitTest>
    <UnitTest name="VerifyOnlyWorkItemUsageOnly" storage="d:\v2.0\a1\_work\dbded102\bin\release.anycpu\tfs.service\ms.tf.workitemtracking.dataaccesslayer.l0.tests\ms.tf.workitemtracking.dataaccesslayer.l0.tests.dll" priority="1" id="5064a177-a1c9-1646-d3a7-20796e8064e7">
      <Owners>
        <Owner name="witiq" />
      </Owners>
      <Execution id="6c6a7ef1-dcc9-4037-8e63-36a392b0a47e" />
      <TestMethod codeBase="D:\v2.0\A1\_work\dbded102\bin\Release.AnyCPU\Tfs.Service\MS.TF.WorkItemTracking.DataAccessLayer.L0.Tests\MS.TF.WorkItemTracking.DataAccessLayer.L0.Tests.dll" adapterTypeName="Microsoft.VisualStudio.TestTools.TestTypes.Unit.UnitTestAdapter" className="MS.TF.Test.WorkItemTracking.DataAccessLayer.Charting.WitDataServiceCapabilityProviderTests" name="VerifyOnlyWorkItemUsageOnly" />
    </UnitTest>
    <UnitTest name="IncrementalMetadataRequestCallsDatabase" storage="d:\v2.0\a1\_work\dbded102\bin\release.anycpu\tfs.service\ms.tf.workitemtracking.dataaccesslayer.l0.tests\ms.tf.workitemtracking.dataaccesslayer.l0.tests.dll" id="513884e7-e0d6-32c9-0c0a-cd1ef51bd63c">
      <Execution id="8c68145c-50b7-4cfb-9c82-3233143764b5" />
      <TestMethod codeBase="D:\v2.0\A1\_work\dbded102\bin\Release.AnyCPU\Tfs.Service\MS.TF.WorkItemTracking.DataAccessLayer.L0.Tests\MS.TF.WorkItemTracking.DataAccessLayer.L0.Tests.dll" adapterTypeName="Microsoft.VisualStudio.TestTools.TestTypes.Unit.UnitTestAdapter" className="MS.TF.WorkItemTracking.DataAccessLayer.L0.Tests.DataAccessLayerTests" name="IncrementalMetadataRequestCallsDatabase" />
    </UnitTest>
    <UnitTest name="FullGetMetadataCallGetsFromDatabaseOnCacheMiss" storage="d:\v2.0\a1\_work\dbded102\bin\release.anycpu\tfs.service\ms.tf.workitemtracking.dataaccesslayer.l0.tests\ms.tf.workitemtracking.dataaccesslayer.l0.tests.dll" id="3236165f-8fd5-9f12-3a4d-f76fd7a4482a">
      <Execution id="3b4eb20e-b0db-47e4-bd11-e07d7cfcfb4b" />
      <TestMethod codeBase="D:\v2.0\A1\_work\dbded102\bin\Release.AnyCPU\Tfs.Service\MS.TF.WorkItemTracking.DataAccessLayer.L0.Tests\MS.TF.WorkItemTracking.DataAccessLayer.L0.Tests.dll" adapterTypeName="Microsoft.VisualStudio.TestTools.TestTypes.Unit.UnitTestAdapter" className="MS.TF.WorkItemTracking.DataAccessLayer.L0.Tests.DataAccessLayerTests" name="FullGetMetadataCallGetsFromDatabaseOnCacheMiss" />
    </UnitTest>
    <UnitTest name="FullGetMetadataCallDoesNotGetFromDatabaseOnCacheHit" storage="d:\v2.0\a1\_work\dbded102\bin\release.anycpu\tfs.service\ms.tf.workitemtracking.dataaccesslayer.l0.tests\ms.tf.workitemtracking.dataaccesslayer.l0.tests.dll" id="794f0c49-3a5f-eb25-971c-23245b851725">
      <Execution id="44f7ff7e-5528-4c3a-a530-858a074b289c" />
      <TestMethod codeBase="D:\v2.0\A1\_work\dbded102\bin\Release.AnyCPU\Tfs.Service\MS.TF.WorkItemTracking.DataAccessLayer.L0.Tests\MS.TF.WorkItemTracking.DataAccessLayer.L0.Tests.dll" adapterTypeName="Microsoft.VisualStudio.TestTools.TestTypes.Unit.UnitTestAdapter" className="MS.TF.WorkItemTracking.DataAccessLayer.L0.Tests.DataAccessLayerTests" name="FullGetMetadataCallDoesNotGetFromDatabaseOnCacheHit" />
    </UnitTest>
    <UnitTest name="CreateFromThrowsForNullReader" storage="d:\v2.0\a1\_work\dbded102\bin\release.anycpu\tfs.service\ms.tf.workitemtracking.dataaccesslayer.l0.tests\ms.tf.workitemtracking.dataaccesslayer.l0.tests.dll" id="74360016-4fb4-0c37-118d-2bb518eec6f9">
      <Execution id="df2b9eac-cab3-4b0b-b413-d38bd8c4bd53" />
      <TestMethod codeBase="D:\v2.0\A1\_work\dbded102\bin\Release.AnyCPU\Tfs.Service\MS.TF.WorkItemTracking.DataAccessLayer.L0.Tests\MS.TF.WorkItemTracking.DataAccessLayer.L0.Tests.dll" adapterTypeName="Microsoft.VisualStudio.TestTools.TestTypes.Unit.UnitTestAdapter" className="MS.TF.WorkItemTracking.DataAccessLayer.L0.Tests.PayloadColumnCollectionTests" name="CreateFromThrowsForNullReader" />
    </UnitTest>
    <UnitTest name="ReadXmlThrowsForNullReader" storage="d:\v2.0\a1\_work\dbded102\bin\release.anycpu\tfs.service\ms.tf.workitemtracking.dataaccesslayer.l0.tests\ms.tf.workitemtracking.dataaccesslayer.l0.tests.dll" id="4d390c70-4cf7-9157-c58c-e899df9548dd">
      <Execution id="ca265eef-7856-431a-a1d7-87dda619b566" />
      <TestMethod codeBase="D:\v2.0\A1\_work\dbded102\bin\Release.AnyCPU\Tfs.Service\MS.TF.WorkItemTracking.DataAccessLayer.L0.Tests\MS.TF.WorkItemTracking.DataAccessLayer.L0.Tests.dll" adapterTypeName="Microsoft.VisualStudio.TestTools.TestTypes.Unit.UnitTestAdapter" className="MS.TF.WorkItemTracking.DataAccessLayer.L0.Tests.PayloadColumnCollectionTests" name="ReadXmlThrowsForNullReader" />
    </UnitTest>
    <UnitTest name="CreateFromSetsTable" storage="d:\v2.0\a1\_work\dbded102\bin\release.anycpu\tfs.service\ms.tf.workitemtracking.dataaccesslayer.l0.tests\ms.tf.workitemtracking.dataaccesslayer.l0.tests.dll" id="3f76ade4-3169-34aa-5680-3de0ca39d2c4">
      <Execution id="e0edb25a-8e90-40d6-a5de-f93fac494600" />
      <TestMethod codeBase="D:\v2.0\A1\_work\dbded102\bin\Release.AnyCPU\Tfs.Service\MS.TF.WorkItemTracking.DataAccessLayer.L0.Tests\MS.TF.WorkItemTracking.DataAccessLayer.L0.Tests.dll" adapterTypeName="Microsoft.VisualStudio.TestTools.TestTypes.Unit.UnitTestAdapter" className="MS.TF.WorkItemTracking.DataAccessLayer.L0.Tests.PayloadColumnCollectionTests" name="CreateFromSetsTable" />
    </UnitTest>
    <UnitTest name="ReadXmlClearsExistingColumns" storage="d:\v2.0\a1\_work\dbded102\bin\release.anycpu\tfs.service\ms.tf.workitemtracking.dataaccesslayer.l0.tests\ms.tf.workitemtracking.dataaccesslayer.l0.tests.dll" id="9ecb3862-7541-737a-1af6-ffed86675529">
      <Execution id="c55d73a3-ad97-4c18-9529-892904b4d92b" />
      <TestMethod codeBase="D:\v2.0\A1\_work\dbded102\bin\Release.AnyCPU\Tfs.Service\MS.TF.WorkItemTracking.DataAccessLayer.L0.Tests\MS.TF.WorkItemTracking.DataAccessLayer.L0.Tests.dll" adapterTypeName="Microsoft.VisualStudio.TestTools.TestTypes.Unit.UnitTestAdapter" className="MS.TF.WorkItemTracking.DataAccessLayer.L0.Tests.PayloadColumnCollectionTests" name="ReadXmlClearsExistingColumns" />
    </UnitTest>
    <UnitTest name="ReadXmlHandlesNoColumns" storage="d:\v2.0\a1\_work\dbded102\bin\release.anycpu\tfs.service\ms.tf.workitemtracking.dataaccesslayer.l0.tests\ms.tf.workitemtracking.dataaccesslayer.l0.tests.dll" id="092060b6-39f6-8b5d-aa46-564b1b8ccb1b">
      <Execution id="814ee2d3-382e-4ee5-9530-ab800b1f575d" />
      <TestMethod codeBase="D:\v2.0\A1\_work\dbded102\bin\Release.AnyCPU\Tfs.Service\MS.TF.WorkItemTracking.DataAccessLayer.L0.Tests\MS.TF.WorkItemTracking.DataAccessLayer.L0.Tests.dll" adapterTypeName="Microsoft.VisualStudio.TestTools.TestTypes.Unit.UnitTestAdapter" className="MS.TF.WorkItemTracking.DataAccessLayer.L0.Tests.PayloadColumnCollectionTests" name="ReadXmlHandlesNoColumns" />
    </UnitTest>
    <UnitTest name="ReadXmlThrowsForNullReader" storage="d:\v2.0\a1\_work\dbded102\bin\release.anycpu\tfs.service\ms.tf.workitemtracking.dataaccesslayer.l0.tests\ms.tf.workitemtracking.dataaccesslayer.l0.tests.dll" id="208c08bc-5baf-bf53-8b34-9dde04f1368f">
      <Execution id="ad3561cc-1532-4ca3-9a11-d92f4d1d5466" />
      <TestMethod codeBase="D:\v2.0\A1\_work\dbded102\bin\Release.AnyCPU\Tfs.Service\MS.TF.WorkItemTracking.DataAccessLayer.L0.Tests\MS.TF.WorkItemTracking.DataAccessLayer.L0.Tests.dll" adapterTypeName="Microsoft.VisualStudio.TestTools.TestTypes.Unit.UnitTestAdapter" className="MS.TF.WorkItemTracking.DataAccessLayer.L0.Tests.PayloadColumnTests" name="ReadXmlThrowsForNullReader" />
    </UnitTest>
    <UnitTest name="CreateFromSetsIndex" storage="d:\v2.0\a1\_work\dbded102\bin\release.anycpu\tfs.service\ms.tf.workitemtracking.dataaccesslayer.l0.tests\ms.tf.workitemtracking.dataaccesslayer.l0.tests.dll" id="5c1c470c-5239-5b45-8874-75d95c0ab485">
      <Execution id="cd43be6b-8d66-48cd-8e64-0e251f820259" />
      <TestMethod codeBase="D:\v2.0\A1\_work\dbded102\bin\Release.AnyCPU\Tfs.Service\MS.TF.WorkItemTracking.DataAccessLayer.L0.Tests\MS.TF.WorkItemTracking.DataAccessLayer.L0.Tests.dll" adapterTypeName="Microsoft.VisualStudio.TestTools.TestTypes.Unit.UnitTestAdapter" className="MS.TF.WorkItemTracking.DataAccessLayer.L0.Tests.PayloadColumnTests" name="CreateFromSetsIndex" />
    </UnitTest>
    <UnitTest name="ReadXmlSetsName" storage="d:\v2.0\a1\_work\dbded102\bin\release.anycpu\tfs.service\ms.tf.workitemtracking.dataaccesslayer.l0.tests\ms.tf.workitemtracking.dataaccesslayer.l0.tests.dll" id="4d98d3d2-3f52-56bd-ef06-c43349e18b16">
      <Execution id="99bb5258-cafe-4ddf-aee7-162f9ac7147b" />
      <TestMethod codeBase="D:\v2.0\A1\_work\dbded102\bin\Release.AnyCPU\Tfs.Service\MS.TF.WorkItemTracking.DataAccessLayer.L0.Tests\MS.TF.WorkItemTracking.DataAccessLayer.L0.Tests.dll" adapterTypeName="Microsoft.VisualStudio.TestTools.TestTypes.Unit.UnitTestAdapter" className="MS.TF.WorkItemTracking.DataAccessLayer.L0.Tests.PayloadColumnTests" name="ReadXmlSetsName" />
    </UnitTest>
    <UnitTest name="ReadXmlSetsType" storage="d:\v2.0\a1\_work\dbded102\bin\release.anycpu\tfs.service\ms.tf.workitemtracking.dataaccesslayer.l0.tests\ms.tf.workitemtracking.dataaccesslayer.l0.tests.dll" id="6e9f1833-718d-17cb-ee9d-e5ab7c929b18">
      <Execution id="2145c3f5-b7ad-448a-ae27-457fddbf260d" />
      <TestMethod codeBase="D:\v2.0\A1\_work\dbded102\bin\Release.AnyCPU\Tfs.Service\MS.TF.WorkItemTracking.DataAccessLayer.L0.Tests\MS.TF.WorkItemTracking.DataAccessLayer.L0.Tests.dll" adapterTypeName="Microsoft.VisualStudio.TestTools.TestTypes.Unit.UnitTestAdapter" className="MS.TF.WorkItemTracking.DataAccessLayer.L0.Tests.PayloadColumnTests" name="ReadXmlSetsType" />
    </UnitTest>
    <UnitTest name="ReadXmlThrowsForNullReader" storage="d:\v2.0\a1\_work\dbded102\bin\release.anycpu\tfs.service\ms.tf.workitemtracking.dataaccesslayer.l0.tests\ms.tf.workitemtracking.dataaccesslayer.l0.tests.dll" id="48df079d-9b7c-c025-149d-39ab9db4b1d1">
      <Execution id="2b285abb-0430-476c-a759-6c57c3df1f19" />
      <TestMethod codeBase="D:\v2.0\A1\_work\dbded102\bin\Release.AnyCPU\Tfs.Service\MS.TF.WorkItemTracking.DataAccessLayer.L0.Tests\MS.TF.WorkItemTracking.DataAccessLayer.L0.Tests.dll" adapterTypeName="Microsoft.VisualStudio.TestTools.TestTypes.Unit.UnitTestAdapter" className="MS.TF.WorkItemTracking.DataAccessLayer.L0.Tests.PayloadRowTests" name="ReadXmlThrowsForNullReader" />
    </UnitTest>
    <UnitTest name="CreateFromSetsTable" storage="d:\v2.0\a1\_work\dbded102\bin\release.anycpu\tfs.service\ms.tf.workitemtracking.dataaccesslayer.l0.tests\ms.tf.workitemtracking.dataaccesslayer.l0.tests.dll" id="7637893d-f39b-3578-05fc-3f8e7b99197e">
      <Execution id="f515ba23-97d9-47e3-868a-fd4bc6d7cfa3" />
      <TestMethod codeBase="D:\v2.0\A1\_work\dbded102\bin\Release.AnyCPU\Tfs.Service\MS.TF.WorkItemTracking.DataAccessLayer.L0.Tests\MS.TF.WorkItemTracking.DataAccessLayer.L0.Tests.dll" adapterTypeName="Microsoft.VisualStudio.TestTools.TestTypes.Unit.UnitTestAdapter" className="MS.TF.WorkItemTracking.DataAccessLayer.L0.Tests.PayloadRowTests" name="CreateFromSetsTable" />
    </UnitTest>
    <UnitTest name="ReadXmlReadsValues" storage="d:\v2.0\a1\_work\dbded102\bin\release.anycpu\tfs.service\ms.tf.workitemtracking.dataaccesslayer.l0.tests\ms.tf.workitemtracking.dataaccesslayer.l0.tests.dll" id="86b5adda-ed3c-1e08-b33b-306637ff8b77">
      <Execution id="3077f1c4-8d7e-45a7-b435-68422786f49a" />
      <TestMethod codeBase="D:\v2.0\A1\_work\dbded102\bin\Release.AnyCPU\Tfs.Service\MS.TF.WorkItemTracking.DataAccessLayer.L0.Tests\MS.TF.WorkItemTracking.DataAccessLayer.L0.Tests.dll" adapterTypeName="Microsoft.VisualStudio.TestTools.TestTypes.Unit.UnitTestAdapter" className="MS.TF.WorkItemTracking.DataAccessLayer.L0.Tests.PayloadRowTests" name="ReadXmlReadsValues" />
    </UnitTest>
    <UnitTest name="ReadXmlReadsValuesWithMissing" storage="d:\v2.0\a1\_work\dbded102\bin\release.anycpu\tfs.service\ms.tf.workitemtracking.dataaccesslayer.l0.tests\ms.tf.workitemtracking.dataaccesslayer.l0.tests.dll" id="68fd6dd2-d748-d9b0-fee1-7c65d2a46a05">
      <Execution id="64b27ae6-2054-453e-a8b4-7c0382da3407" />
      <TestMethod codeBase="D:\v2.0\A1\_work\dbded102\bin\Release.AnyCPU\Tfs.Service\MS.TF.WorkItemTracking.DataAccessLayer.L0.Tests\MS.TF.WorkItemTracking.DataAccessLayer.L0.Tests.dll" adapterTypeName="Microsoft.VisualStudio.TestTools.TestTypes.Unit.UnitTestAdapter" className="MS.TF.WorkItemTracking.DataAccessLayer.L0.Tests.PayloadRowTests" name="ReadXmlReadsValuesWithMissing" />
    </UnitTest>
    <UnitTest name="ReadXmlReadsInt16Values" storage="d:\v2.0\a1\_work\dbded102\bin\release.anycpu\tfs.service\ms.tf.workitemtracking.dataaccesslayer.l0.tests\ms.tf.workitemtracking.dataaccesslayer.l0.tests.dll" id="9716cfda-70dc-cb64-e937-418ffb12ec74">
      <Execution id="3686eb96-b371-4ded-8394-46aee01aacc3" />
      <TestMethod codeBase="D:\v2.0\A1\_work\dbded102\bin\Release.AnyCPU\Tfs.Service\MS.TF.WorkItemTracking.DataAccessLayer.L0.Tests\MS.TF.WorkItemTracking.DataAccessLayer.L0.Tests.dll" adapterTypeName="Microsoft.VisualStudio.TestTools.TestTypes.Unit.UnitTestAdapter" className="MS.TF.WorkItemTracking.DataAccessLayer.L0.Tests.PayloadRowTests" name="ReadXmlReadsInt16Values" />
    </UnitTest>
    <UnitTest name="ReadXmlReadsEmptyElementAsEmptyString" storage="d:\v2.0\a1\_work\dbded102\bin\release.anycpu\tfs.service\ms.tf.workitemtracking.dataaccesslayer.l0.tests\ms.tf.workitemtracking.dataaccesslayer.l0.tests.dll" id="e0c74687-12e8-b545-7f97-cd126613e1aa">
      <Execution id="5ea5f23c-b0fe-4025-9c25-d25e09e421e4" />
      <TestMethod codeBase="D:\v2.0\A1\_work\dbded102\bin\Release.AnyCPU\Tfs.Service\MS.TF.WorkItemTracking.DataAccessLayer.L0.Tests\MS.TF.WorkItemTracking.DataAccessLayer.L0.Tests.dll" adapterTypeName="Microsoft.VisualStudio.TestTools.TestTypes.Unit.UnitTestAdapter" className="MS.TF.WorkItemTracking.DataAccessLayer.L0.Tests.PayloadRowTests" name="ReadXmlReadsEmptyElementAsEmptyString" />
    </UnitTest>
    <UnitTest name="ReadXmlReadsDateTimeValues" storage="d:\v2.0\a1\_work\dbded102\bin\release.anycpu\tfs.service\ms.tf.workitemtracking.dataaccesslayer.l0.tests\ms.tf.workitemtracking.dataaccesslayer.l0.tests.dll" id="6ad84880-2805-2c7f-d7e8-06dd4b8793e3">
      <Execution id="c177b1a5-7187-4bd6-bc1c-95a410e00b91" />
      <TestMethod codeBase="D:\v2.0\A1\_work\dbded102\bin\Release.AnyCPU\Tfs.Service\MS.TF.WorkItemTracking.DataAccessLayer.L0.Tests\MS.TF.WorkItemTracking.DataAccessLayer.L0.Tests.dll" adapterTypeName="Microsoft.VisualStudio.TestTools.TestTypes.Unit.UnitTestAdapter" className="MS.TF.WorkItemTracking.DataAccessLayer.L0.Tests.PayloadRowTests" name="ReadXmlReadsDateTimeValues" />
    </UnitTest>
    <UnitTest name="ReadXmlReadsUInt64Values" storage="d:\v2.0\a1\_work\dbded102\bin\release.anycpu\tfs.service\ms.tf.workitemtracking.dataaccesslayer.l0.tests\ms.tf.workitemtracking.dataaccesslayer.l0.tests.dll" id="afbe67ff-1ca4-6e61-44b7-d72e845a762a">
      <Execution id="20a1190d-1f20-4e6d-b60c-d577140122a9" />
      <TestMethod codeBase="D:\v2.0\A1\_work\dbded102\bin\Release.AnyCPU\Tfs.Service\MS.TF.WorkItemTracking.DataAccessLayer.L0.Tests\MS.TF.WorkItemTracking.DataAccessLayer.L0.Tests.dll" adapterTypeName="Microsoft.VisualStudio.TestTools.TestTypes.Unit.UnitTestAdapter" className="MS.TF.WorkItemTracking.DataAccessLayer.L0.Tests.PayloadRowTests" name="ReadXmlReadsUInt64Values" />
    </UnitTest>
    <UnitTest name="ReadXmlReadsDoubleValues" storage="d:\v2.0\a1\_work\dbded102\bin\release.anycpu\tfs.service\ms.tf.workitemtracking.dataaccesslayer.l0.tests\ms.tf.workitemtracking.dataaccesslayer.l0.tests.dll" id="cd65bdc4-17df-7b6e-34e5-c9b9a63151b8">
      <Execution id="4d1c2e33-1b0a-4eaf-9ad5-be0263f9d0f3" />
      <TestMethod codeBase="D:\v2.0\A1\_work\dbded102\bin\Release.AnyCPU\Tfs.Service\MS.TF.WorkItemTracking.DataAccessLayer.L0.Tests\MS.TF.WorkItemTracking.DataAccessLayer.L0.Tests.dll" adapterTypeName="Microsoft.VisualStudio.TestTools.TestTypes.Unit.UnitTestAdapter" className="MS.TF.WorkItemTracking.DataAccessLayer.L0.Tests.PayloadRowTests" name="ReadXmlReadsDoubleValues" />
    </UnitTest>
    <UnitTest name="ReadXmlReadsGuidValues" storage="d:\v2.0\a1\_work\dbded102\bin\release.anycpu\tfs.service\ms.tf.workitemtracking.dataaccesslayer.l0.tests\ms.tf.workitemtracking.dataaccesslayer.l0.tests.dll" id="24e1f5a3-e0a6-6c02-a6b2-0a43454b5602">
      <Execution id="d992ab36-9d6b-47be-95ee-58da8bc72983" />
      <TestMethod codeBase="D:\v2.0\A1\_work\dbded102\bin\Release.AnyCPU\Tfs.Service\MS.TF.WorkItemTracking.DataAccessLayer.L0.Tests\MS.TF.WorkItemTracking.DataAccessLayer.L0.Tests.dll" adapterTypeName="Microsoft.VisualStudio.TestTools.TestTypes.Unit.UnitTestAdapter" className="MS.TF.WorkItemTracking.DataAccessLayer.L0.Tests.PayloadRowTests" name="ReadXmlReadsGuidValues" />
    </UnitTest>
    <UnitTest name="ReadXmlReadsGuidValuesWithTranslation" storage="d:\v2.0\a1\_work\dbded102\bin\release.anycpu\tfs.service\ms.tf.workitemtracking.dataaccesslayer.l0.tests\ms.tf.workitemtracking.dataaccesslayer.l0.tests.dll" id="10abcc33-8b30-9a0a-7691-0bf8f4305da0">
      <Execution id="147e90fb-0c62-4e39-8f0e-0fbd85c11792" />
      <TestMethod codeBase="D:\v2.0\A1\_work\dbded102\bin\Release.AnyCPU\Tfs.Service\MS.TF.WorkItemTracking.DataAccessLayer.L0.Tests\MS.TF.WorkItemTracking.DataAccessLayer.L0.Tests.dll" adapterTypeName="Microsoft.VisualStudio.TestTools.TestTypes.Unit.UnitTestAdapter" className="MS.TF.WorkItemTracking.DataAccessLayer.L0.Tests.PayloadRowTests" name="ReadXmlReadsGuidValuesWithTranslation" />
    </UnitTest>
    <UnitTest name="ReadXmlReadsBoolValuesWithTranslation" storage="d:\v2.0\a1\_work\dbded102\bin\release.anycpu\tfs.service\ms.tf.workitemtracking.dataaccesslayer.l0.tests\ms.tf.workitemtracking.dataaccesslayer.l0.tests.dll" id="678cba7f-f081-9357-eca1-183341c6b66c">
      <Execution id="de0fc2d4-af25-4475-94e7-0f4f2e4504ab" />
      <TestMethod codeBase="D:\v2.0\A1\_work\dbded102\bin\Release.AnyCPU\Tfs.Service\MS.TF.WorkItemTracking.DataAccessLayer.L0.Tests\MS.TF.WorkItemTracking.DataAccessLayer.L0.Tests.dll" adapterTypeName="Microsoft.VisualStudio.TestTools.TestTypes.Unit.UnitTestAdapter" className="MS.TF.WorkItemTracking.DataAccessLayer.L0.Tests.PayloadRowTests" name="ReadXmlReadsBoolValuesWithTranslation" />
    </UnitTest>
    <UnitTest name="ReadXmlThrowsForUnknownDataType" storage="d:\v2.0\a1\_work\dbded102\bin\release.anycpu\tfs.service\ms.tf.workitemtracking.dataaccesslayer.l0.tests\ms.tf.workitemtracking.dataaccesslayer.l0.tests.dll" id="d5478c6c-a73b-9619-5bd6-b3a44889b88f">
      <Execution id="3e202884-670a-4310-8b5a-71aaacad6a4a" />
      <TestMethod codeBase="D:\v2.0\A1\_work\dbded102\bin\Release.AnyCPU\Tfs.Service\MS.TF.WorkItemTracking.DataAccessLayer.L0.Tests\MS.TF.WorkItemTracking.DataAccessLayer.L0.Tests.dll" adapterTypeName="Microsoft.VisualStudio.TestTools.TestTypes.Unit.UnitTestAdapter" className="MS.TF.WorkItemTracking.DataAccessLayer.L0.Tests.PayloadRowTests" name="ReadXmlThrowsForUnknownDataType" />
    </UnitTest>
    <UnitTest name="ThrowsForNullReader" storage="d:\v2.0\a1\_work\dbded102\bin\release.anycpu\tfs.service\ms.tf.workitemtracking.dataaccesslayer.l0.tests\ms.tf.workitemtracking.dataaccesslayer.l0.tests.dll" id="5af640be-32d0-871c-a825-282d4c9c5174">
      <Execution id="47895658-90eb-4a66-907d-943d4738c37b" />
      <TestMethod codeBase="D:\v2.0\A1\_work\dbded102\bin\Release.AnyCPU\Tfs.Service\MS.TF.WorkItemTracking.DataAccessLayer.L0.Tests\MS.TF.WorkItemTracking.DataAccessLayer.L0.Tests.dll" adapterTypeName="Microsoft.VisualStudio.TestTools.TestTypes.Unit.UnitTestAdapter" className="MS.TF.WorkItemTracking.DataAccessLayer.L0.Tests.PayloadTableCollectionTests" name="ThrowsForNullReader" />
    </UnitTest>
    <UnitTest name="ReadsEmptyTableFromXml" storage="d:\v2.0\a1\_work\dbded102\bin\release.anycpu\tfs.service\ms.tf.workitemtracking.dataaccesslayer.l0.tests\ms.tf.workitemtracking.dataaccesslayer.l0.tests.dll" id="1fc85826-4fbe-ae68-2cdd-b297588aad2d">
      <Execution id="3cd186a5-801b-42c6-a33d-6829f12d411b" />
      <TestMethod codeBase="D:\v2.0\A1\_work\dbded102\bin\Release.AnyCPU\Tfs.Service\MS.TF.WorkItemTracking.DataAccessLayer.L0.Tests\MS.TF.WorkItemTracking.DataAccessLayer.L0.Tests.dll" adapterTypeName="Microsoft.VisualStudio.TestTools.TestTypes.Unit.UnitTestAdapter" className="MS.TF.WorkItemTracking.DataAccessLayer.L0.Tests.PayloadTableCollectionTests" name="ReadsEmptyTableFromXml" />
    </UnitTest>
    <UnitTest name="ClearsExistingTablesOnRead" storage="d:\v2.0\a1\_work\dbded102\bin\release.anycpu\tfs.service\ms.tf.workitemtracking.dataaccesslayer.l0.tests\ms.tf.workitemtracking.dataaccesslayer.l0.tests.dll" id="5b88e39c-813e-2162-ad8d-26d59b703f6c">
      <Execution id="4499febe-be6f-4709-a1c1-83707d997125" />
      <TestMethod codeBase="D:\v2.0\A1\_work\dbded102\bin\Release.AnyCPU\Tfs.Service\MS.TF.WorkItemTracking.DataAccessLayer.L0.Tests\MS.TF.WorkItemTracking.DataAccessLayer.L0.Tests.dll" adapterTypeName="Microsoft.VisualStudio.TestTools.TestTypes.Unit.UnitTestAdapter" className="MS.TF.WorkItemTracking.DataAccessLayer.L0.Tests.PayloadTableCollectionTests" name="ClearsExistingTablesOnRead" />
    </UnitTest>
    <UnitTest name="ReadTwoTables" storage="d:\v2.0\a1\_work\dbded102\bin\release.anycpu\tfs.service\ms.tf.workitemtracking.dataaccesslayer.l0.tests\ms.tf.workitemtracking.dataaccesslayer.l0.tests.dll" id="cc754fc1-f1e3-a04e-bf24-f05afc731f57">
      <Execution id="567d2d04-04eb-4f77-932a-0387049684a6" />
      <TestMethod codeBase="D:\v2.0\A1\_work\dbded102\bin\Release.AnyCPU\Tfs.Service\MS.TF.WorkItemTracking.DataAccessLayer.L0.Tests\MS.TF.WorkItemTracking.DataAccessLayer.L0.Tests.dll" adapterTypeName="Microsoft.VisualStudio.TestTools.TestTypes.Unit.UnitTestAdapter" className="MS.TF.WorkItemTracking.DataAccessLayer.L0.Tests.PayloadTableCollectionTests" name="ReadTwoTables" />
    </UnitTest>
    <UnitTest name="ReadXmlThrowsForNullReader" storage="d:\v2.0\a1\_work\dbded102\bin\release.anycpu\tfs.service\ms.tf.workitemtracking.dataaccesslayer.l0.tests\ms.tf.workitemtracking.dataaccesslayer.l0.tests.dll" id="b75c3ca0-6976-df5c-3100-30458e4b12ab">
      <Execution id="6e738cbc-a5ef-49c1-bf7d-8f0cf41734c3" />
      <TestMethod codeBase="D:\v2.0\A1\_work\dbded102\bin\Release.AnyCPU\Tfs.Service\MS.TF.WorkItemTracking.DataAccessLayer.L0.Tests\MS.TF.WorkItemTracking.DataAccessLayer.L0.Tests.dll" adapterTypeName="Microsoft.VisualStudio.TestTools.TestTypes.Unit.UnitTestAdapter" className="MS.TF.WorkItemTracking.DataAccessLayer.L0.Tests.PayloadTableTests" name="ReadXmlThrowsForNullReader" />
    </UnitTest>
    <UnitTest name="CreateFromThrowsForNullReader" storage="d:\v2.0\a1\_work\dbded102\bin\release.anycpu\tfs.service\ms.tf.workitemtracking.dataaccesslayer.l0.tests\ms.tf.workitemtracking.dataaccesslayer.l0.tests.dll" id="4cfed68f-b5de-c234-786a-4cfc3ba71375">
      <Execution id="fe35aa53-c67f-491d-b181-3e896e187465" />
      <TestMethod codeBase="D:\v2.0\A1\_work\dbded102\bin\Release.AnyCPU\Tfs.Service\MS.TF.WorkItemTracking.DataAccessLayer.L0.Tests\MS.TF.WorkItemTracking.DataAccessLayer.L0.Tests.dll" adapterTypeName="Microsoft.VisualStudio.TestTools.TestTypes.Unit.UnitTestAdapter" className="MS.TF.WorkItemTracking.DataAccessLayer.L0.Tests.PayloadTableTests" name="CreateFromThrowsForNullReader" />
    </UnitTest>
    <UnitTest name="CreateFromSetsTablePayload" storage="d:\v2.0\a1\_work\dbded102\bin\release.anycpu\tfs.service\ms.tf.workitemtracking.dataaccesslayer.l0.tests\ms.tf.workitemtracking.dataaccesslayer.l0.tests.dll" id="cd717938-af9a-ce70-f40f-1222b63d969f">
      <Execution id="a8f0957d-0d48-4e81-a82a-06fddaaacfeb" />
      <TestMethod codeBase="D:\v2.0\A1\_work\dbded102\bin\Release.AnyCPU\Tfs.Service\MS.TF.WorkItemTracking.DataAccessLayer.L0.Tests\MS.TF.WorkItemTracking.DataAccessLayer.L0.Tests.dll" adapterTypeName="Microsoft.VisualStudio.TestTools.TestTypes.Unit.UnitTestAdapter" className="MS.TF.WorkItemTracking.DataAccessLayer.L0.Tests.PayloadTableTests" name="CreateFromSetsTablePayload" />
    </UnitTest>
    <UnitTest name="ReadXmlSetsTableName" storage="d:\v2.0\a1\_work\dbded102\bin\release.anycpu\tfs.service\ms.tf.workitemtracking.dataaccesslayer.l0.tests\ms.tf.workitemtracking.dataaccesslayer.l0.tests.dll" id="e2d278aa-c083-d1ec-67cf-13962ad8a123">
      <Execution id="f59e0c94-0016-4562-8da8-1907ca04b529" />
      <TestMethod codeBase="D:\v2.0\A1\_work\dbded102\bin\Release.AnyCPU\Tfs.Service\MS.TF.WorkItemTracking.DataAccessLayer.L0.Tests\MS.TF.WorkItemTracking.DataAccessLayer.L0.Tests.dll" adapterTypeName="Microsoft.VisualStudio.TestTools.TestTypes.Unit.UnitTestAdapter" className="MS.TF.WorkItemTracking.DataAccessLayer.L0.Tests.PayloadTableTests" name="ReadXmlSetsTableName" />
    </UnitTest>
    <UnitTest name="ReadXmlSetFieldIndexMap" storage="d:\v2.0\a1\_work\dbded102\bin\release.anycpu\tfs.service\ms.tf.workitemtracking.dataaccesslayer.l0.tests\ms.tf.workitemtracking.dataaccesslayer.l0.tests.dll" id="8bea611c-0aae-d4af-420c-9bdd3f914482">
      <Execution id="0dc6a40e-d581-4bc1-a654-f23427718e03" />
      <TestMethod codeBase="D:\v2.0\A1\_work\dbded102\bin\Release.AnyCPU\Tfs.Service\MS.TF.WorkItemTracking.DataAccessLayer.L0.Tests\MS.TF.WorkItemTracking.DataAccessLayer.L0.Tests.dll" adapterTypeName="Microsoft.VisualStudio.TestTools.TestTypes.Unit.UnitTestAdapter" className="MS.TF.WorkItemTracking.DataAccessLayer.L0.Tests.PayloadTableTests" name="ReadXmlSetFieldIndexMap" />
    </UnitTest>
    <UnitTest name="ReadXmlReadsAllColumns" storage="d:\v2.0\a1\_work\dbded102\bin\release.anycpu\tfs.service\ms.tf.workitemtracking.dataaccesslayer.l0.tests\ms.tf.workitemtracking.dataaccesslayer.l0.tests.dll" id="055fdddc-a01b-e6d1-b479-ede120e56890">
      <Execution id="6781e7eb-0b3c-4d90-b09d-aef778d7fad1" />
      <TestMethod codeBase="D:\v2.0\A1\_work\dbded102\bin\Release.AnyCPU\Tfs.Service\MS.TF.WorkItemTracking.DataAccessLayer.L0.Tests\MS.TF.WorkItemTracking.DataAccessLayer.L0.Tests.dll" adapterTypeName="Microsoft.VisualStudio.TestTools.TestTypes.Unit.UnitTestAdapter" className="MS.TF.WorkItemTracking.DataAccessLayer.L0.Tests.PayloadTableTests" name="ReadXmlReadsAllColumns" />
    </UnitTest>
    <UnitTest name="ReadXmlReadsAllRows" storage="d:\v2.0\a1\_work\dbded102\bin\release.anycpu\tfs.service\ms.tf.workitemtracking.dataaccesslayer.l0.tests\ms.tf.workitemtracking.dataaccesslayer.l0.tests.dll" id="5efb79b1-8a5e-3442-cc6f-4c49688d465b">
      <Execution id="7092f02f-2283-4648-ab50-0f54b2e34ded" />
      <TestMethod codeBase="D:\v2.0\A1\_work\dbded102\bin\Release.AnyCPU\Tfs.Service\MS.TF.WorkItemTracking.DataAccessLayer.L0.Tests\MS.TF.WorkItemTracking.DataAccessLayer.L0.Tests.dll" adapterTypeName="Microsoft.VisualStudio.TestTools.TestTypes.Unit.UnitTestAdapter" className="MS.TF.WorkItemTracking.DataAccessLayer.L0.Tests.PayloadTableTests" name="ReadXmlReadsAllRows" />
    </UnitTest>
    <UnitTest name="ReadXmlHandlesNoRows" storage="d:\v2.0\a1\_work\dbded102\bin\release.anycpu\tfs.service\ms.tf.workitemtracking.dataaccesslayer.l0.tests\ms.tf.workitemtracking.dataaccesslayer.l0.tests.dll" id="06d50d46-9754-6854-3b7d-0958a9b62372">
      <Execution id="04f913f4-fa03-417a-a84c-b1806245ff33" />
      <TestMethod codeBase="D:\v2.0\A1\_work\dbded102\bin\Release.AnyCPU\Tfs.Service\MS.TF.WorkItemTracking.DataAccessLayer.L0.Tests\MS.TF.WorkItemTracking.DataAccessLayer.L0.Tests.dll" adapterTypeName="Microsoft.VisualStudio.TestTools.TestTypes.Unit.UnitTestAdapter" className="MS.TF.WorkItemTracking.DataAccessLayer.L0.Tests.PayloadTableTests" name="ReadXmlHandlesNoRows" />
    </UnitTest>
    <UnitTest name="ReadXmlClearsExistingColumns" storage="d:\v2.0\a1\_work\dbded102\bin\release.anycpu\tfs.service\ms.tf.workitemtracking.dataaccesslayer.l0.tests\ms.tf.workitemtracking.dataaccesslayer.l0.tests.dll" id="67923dc5-edf5-b00c-9149-9b45738927fc">
      <Execution id="374cf08a-76a5-4198-a183-317cfb7b05ce" />
      <TestMethod codeBase="D:\v2.0\A1\_work\dbded102\bin\Release.AnyCPU\Tfs.Service\MS.TF.WorkItemTracking.DataAccessLayer.L0.Tests\MS.TF.WorkItemTracking.DataAccessLayer.L0.Tests.dll" adapterTypeName="Microsoft.VisualStudio.TestTools.TestTypes.Unit.UnitTestAdapter" className="MS.TF.WorkItemTracking.DataAccessLayer.L0.Tests.PayloadTableTests" name="ReadXmlClearsExistingColumns" />
    </UnitTest>
    <UnitTest name="ReadXmlClearsFieldIndexMap" storage="d:\v2.0\a1\_work\dbded102\bin\release.anycpu\tfs.service\ms.tf.workitemtracking.dataaccesslayer.l0.tests\ms.tf.workitemtracking.dataaccesslayer.l0.tests.dll" id="45e4bdb2-5205-0e35-de51-cfada6f9df2b">
      <Execution id="5f2de8f7-62ea-41b1-ba6b-5226d1d9e021" />
      <TestMethod codeBase="D:\v2.0\A1\_work\dbded102\bin\Release.AnyCPU\Tfs.Service\MS.TF.WorkItemTracking.DataAccessLayer.L0.Tests\MS.TF.WorkItemTracking.DataAccessLayer.L0.Tests.dll" adapterTypeName="Microsoft.VisualStudio.TestTools.TestTypes.Unit.UnitTestAdapter" className="MS.TF.WorkItemTracking.DataAccessLayer.L0.Tests.PayloadTableTests" name="ReadXmlClearsFieldIndexMap" />
    </UnitTest>
    <UnitTest name="ReadXmlClearsRows" storage="d:\v2.0\a1\_work\dbded102\bin\release.anycpu\tfs.service\ms.tf.workitemtracking.dataaccesslayer.l0.tests\ms.tf.workitemtracking.dataaccesslayer.l0.tests.dll" id="fa3c8844-d1fa-8c0f-3259-5c658f1b7a19">
      <Execution id="883d2276-d9a0-41aa-814a-7c067fb6f2ce" />
      <TestMethod codeBase="D:\v2.0\A1\_work\dbded102\bin\Release.AnyCPU\Tfs.Service\MS.TF.WorkItemTracking.DataAccessLayer.L0.Tests\MS.TF.WorkItemTracking.DataAccessLayer.L0.Tests.dll" adapterTypeName="Microsoft.VisualStudio.TestTools.TestTypes.Unit.UnitTestAdapter" className="MS.TF.WorkItemTracking.DataAccessLayer.L0.Tests.PayloadTableTests" name="ReadXmlClearsRows" />
    </UnitTest>
    <UnitTest name="ReadXmlThrowsOnNullReader" storage="d:\v2.0\a1\_work\dbded102\bin\release.anycpu\tfs.service\ms.tf.workitemtracking.dataaccesslayer.l0.tests\ms.tf.workitemtracking.dataaccesslayer.l0.tests.dll" id="5fa5cfd7-5ad3-6d53-450c-cfb78834d7e0">
      <Execution id="9847c05c-7cc3-46f5-8e6a-81e789e3ad81" />
      <TestMethod codeBase="D:\v2.0\A1\_work\dbded102\bin\Release.AnyCPU\Tfs.Service\MS.TF.WorkItemTracking.DataAccessLayer.L0.Tests\MS.TF.WorkItemTracking.DataAccessLayer.L0.Tests.dll" adapterTypeName="Microsoft.VisualStudio.TestTools.TestTypes.Unit.UnitTestAdapter" className="MS.TF.WorkItemTracking.DataAccessLayer.L0.Tests.PayloadTests" name="ReadXmlThrowsOnNullReader" />
    </UnitTest>
    <UnitTest name="ReadXmlFillsFromXml" storage="d:\v2.0\a1\_work\dbded102\bin\release.anycpu\tfs.service\ms.tf.workitemtracking.dataaccesslayer.l0.tests\ms.tf.workitemtracking.dataaccesslayer.l0.tests.dll" id="9de073f1-c6b2-3e10-3fa9-0b7f36e95406">
      <Execution id="a9f72e59-a276-41d4-aabe-dd2027fc91f1" />
      <TestMethod codeBase="D:\v2.0\A1\_work\dbded102\bin\Release.AnyCPU\Tfs.Service\MS.TF.WorkItemTracking.DataAccessLayer.L0.Tests\MS.TF.WorkItemTracking.DataAccessLayer.L0.Tests.dll" adapterTypeName="Microsoft.VisualStudio.TestTools.TestTypes.Unit.UnitTestAdapter" className="MS.TF.WorkItemTracking.DataAccessLayer.L0.Tests.PayloadTests" name="ReadXmlFillsFromXml" />
    </UnitTest>
    <UnitTest name="PayloadStringConstructorDoesNotDeserialize" storage="d:\v2.0\a1\_work\dbded102\bin\release.anycpu\tfs.service\ms.tf.workitemtracking.dataaccesslayer.l0.tests\ms.tf.workitemtracking.dataaccesslayer.l0.tests.dll" id="a95a5fe6-4a33-2f71-1ff3-15c1c6ad743f">
      <Execution id="2a00f185-6ea6-475d-9bc2-c9b6b258b252" />
      <TestMethod codeBase="D:\v2.0\A1\_work\dbded102\bin\Release.AnyCPU\Tfs.Service\MS.TF.WorkItemTracking.DataAccessLayer.L0.Tests\MS.TF.WorkItemTracking.DataAccessLayer.L0.Tests.dll" adapterTypeName="Microsoft.VisualStudio.TestTools.TestTypes.Unit.UnitTestAdapter" className="MS.TF.WorkItemTracking.DataAccessLayer.L0.Tests.PayloadTests" name="PayloadStringConstructorDoesNotDeserialize" />
    </UnitTest>
    <UnitTest name="PayloadStringConstructorDeserializesAfterTablePropertyAccess" storage="d:\v2.0\a1\_work\dbded102\bin\release.anycpu\tfs.service\ms.tf.workitemtracking.dataaccesslayer.l0.tests\ms.tf.workitemtracking.dataaccesslayer.l0.tests.dll" id="12ae3c5a-32db-690f-e0df-80a293b3ecd4">
      <Execution id="0a6ad546-d250-415d-83cd-3bc7f05c7323" />
      <TestMethod codeBase="D:\v2.0\A1\_work\dbded102\bin\Release.AnyCPU\Tfs.Service\MS.TF.WorkItemTracking.DataAccessLayer.L0.Tests\MS.TF.WorkItemTracking.DataAccessLayer.L0.Tests.dll" adapterTypeName="Microsoft.VisualStudio.TestTools.TestTypes.Unit.UnitTestAdapter" className="MS.TF.WorkItemTracking.DataAccessLayer.L0.Tests.PayloadTests" name="PayloadStringConstructorDeserializesAfterTablePropertyAccess" />
    </UnitTest>
    <UnitTest name="PayloadStringConstructorDeserializesAfterTableCountPropertyAccess" storage="d:\v2.0\a1\_work\dbded102\bin\release.anycpu\tfs.service\ms.tf.workitemtracking.dataaccesslayer.l0.tests\ms.tf.workitemtracking.dataaccesslayer.l0.tests.dll" id="46a54aaa-e29e-99f9-8edb-c3ff2fb11e78">
      <Execution id="f52ae199-47b0-45ad-99b4-41ce8df6ac0a" />
      <TestMethod codeBase="D:\v2.0\A1\_work\dbded102\bin\Release.AnyCPU\Tfs.Service\MS.TF.WorkItemTracking.DataAccessLayer.L0.Tests\MS.TF.WorkItemTracking.DataAccessLayer.L0.Tests.dll" adapterTypeName="Microsoft.VisualStudio.TestTools.TestTypes.Unit.UnitTestAdapter" className="MS.TF.WorkItemTracking.DataAccessLayer.L0.Tests.PayloadTests" name="PayloadStringConstructorDeserializesAfterTableCountPropertyAccess" />
    </UnitTest>
    <UnitTest name="PayloadStringConstructorSerializesPassedString" storage="d:\v2.0\a1\_work\dbded102\bin\release.anycpu\tfs.service\ms.tf.workitemtracking.dataaccesslayer.l0.tests\ms.tf.workitemtracking.dataaccesslayer.l0.tests.dll" id="451127d4-d9a5-3b53-928f-db790a44ddc3">
      <Execution id="55027bda-8b76-4465-9362-260bef31fb7d" />
      <TestMethod codeBase="D:\v2.0\A1\_work\dbded102\bin\Release.AnyCPU\Tfs.Service\MS.TF.WorkItemTracking.DataAccessLayer.L0.Tests\MS.TF.WorkItemTracking.DataAccessLayer.L0.Tests.dll" adapterTypeName="Microsoft.VisualStudio.TestTools.TestTypes.Unit.UnitTestAdapter" className="MS.TF.WorkItemTracking.DataAccessLayer.L0.Tests.PayloadTests" name="PayloadStringConstructorSerializesPassedString" />
    </UnitTest>
    <UnitTest name="TestImportLinkType_Retry" storage="d:\v2.0\a1\_work\dbded102\bin\release.anycpu\tfs.service\ms.tf.workitemtracking.dataaccesslayer.l0.tests\ms.tf.workitemtracking.dataaccesslayer.l0.tests.dll" id="f529d8c1-4701-2856-d3f8-88e6418ec04d">
      <Execution id="bb99ee2d-9370-499d-8db0-1a28a946df7c" />
      <TestMethod codeBase="D:\v2.0\A1\_work\dbded102\bin\Release.AnyCPU\Tfs.Service\MS.TF.WorkItemTracking.DataAccessLayer.L0.Tests\MS.TF.WorkItemTracking.DataAccessLayer.L0.Tests.dll" adapterTypeName="Microsoft.VisualStudio.TestTools.TestTypes.Unit.UnitTestAdapter" className="MS.TF.WorkItemTracking.DataAccessLayer.L0.Tests.WitImporterTests" name="TestImportLinkType_Retry" />
    </UnitTest>
    <UnitTest name="TestImportLinkType_RetryExhausted" storage="d:\v2.0\a1\_work\dbded102\bin\release.anycpu\tfs.service\ms.tf.workitemtracking.dataaccesslayer.l0.tests\ms.tf.workitemtracking.dataaccesslayer.l0.tests.dll" id="27846831-6de4-6763-ce73-db7f724b1a29">
      <Execution id="aa50306a-f9d8-4865-ab8e-cc6b9b60ab13" />
      <TestMethod codeBase="D:\v2.0\A1\_work\dbded102\bin\Release.AnyCPU\Tfs.Service\MS.TF.WorkItemTracking.DataAccessLayer.L0.Tests\MS.TF.WorkItemTracking.DataAccessLayer.L0.Tests.dll" adapterTypeName="Microsoft.VisualStudio.TestTools.TestTypes.Unit.UnitTestAdapter" className="MS.TF.WorkItemTracking.DataAccessLayer.L0.Tests.WitImporterTests" name="TestImportLinkType_RetryExhausted" />
    </UnitTest>
    <UnitTest name="TestImportLinkType_UnexpectedException" storage="d:\v2.0\a1\_work\dbded102\bin\release.anycpu\tfs.service\ms.tf.workitemtracking.dataaccesslayer.l0.tests\ms.tf.workitemtracking.dataaccesslayer.l0.tests.dll" id="9417dbcb-c1ec-8104-5774-a4a68d554480">
      <Execution id="8f85de09-6baf-415c-9464-dfb819f152a4" />
      <TestMethod codeBase="D:\v2.0\A1\_work\dbded102\bin\Release.AnyCPU\Tfs.Service\MS.TF.WorkItemTracking.DataAccessLayer.L0.Tests\MS.TF.WorkItemTracking.DataAccessLayer.L0.Tests.dll" adapterTypeName="Microsoft.VisualStudio.TestTools.TestTypes.Unit.UnitTestAdapter" className="MS.TF.WorkItemTracking.DataAccessLayer.L0.Tests.WitImporterTests" name="TestImportLinkType_UnexpectedException" />
    </UnitTest>
    <UnitTest name="TestAdjustCacheStamps_WorkItemTypeUsagesSetToZero" storage="d:\v2.0\a1\_work\dbded102\bin\release.anycpu\tfs.service\ms.tf.workitemtracking.dataaccesslayer.l0.tests\ms.tf.workitemtracking.dataaccesslayer.l0.tests.dll" id="1f3b5f10-2648-53ab-8786-4b1a7cd66277">
      <Execution id="e86bb2ba-789b-4126-8cd5-75c43863f0c2" />
      <TestMethod codeBase="D:\v2.0\A1\_work\dbded102\bin\Release.AnyCPU\Tfs.Service\MS.TF.WorkItemTracking.DataAccessLayer.L0.Tests\MS.TF.WorkItemTracking.DataAccessLayer.L0.Tests.dll" adapterTypeName="Microsoft.VisualStudio.TestTools.TestTypes.Unit.UnitTestAdapter" className="MS.TF.WorkItemTracking.DataAccessLayer.L0.Tests.Compatibility.CompatibilityServiceTests" name="TestAdjustCacheStamps_WorkItemTypeUsagesSetToZero" />
    </UnitTest>
    <UnitTest name="TestAdjustCacheStamps_WorkItemTypeUsagesSetToMaxValue" storage="d:\v2.0\a1\_work\dbded102\bin\release.anycpu\tfs.service\ms.tf.workitemtracking.dataaccesslayer.l0.tests\ms.tf.workitemtracking.dataaccesslayer.l0.tests.dll" id="cffa5e26-508b-c9aa-8890-e77b77d3f0e2">
      <Execution id="02e280b6-aa8d-4a99-92d6-90591d5c329f" />
      <TestMethod codeBase="D:\v2.0\A1\_work\dbded102\bin\Release.AnyCPU\Tfs.Service\MS.TF.WorkItemTracking.DataAccessLayer.L0.Tests\MS.TF.WorkItemTracking.DataAccessLayer.L0.Tests.dll" adapterTypeName="Microsoft.VisualStudio.TestTools.TestTypes.Unit.UnitTestAdapter" className="MS.TF.WorkItemTracking.DataAccessLayer.L0.Tests.Compatibility.CompatibilityServiceTests" name="TestAdjustCacheStamps_WorkItemTypeUsagesSetToMaxValue" />
    </UnitTest>
    <UnitTest name="TestStampDb" storage="d:\v2.0\a1\_work\dbded102\bin\release.anycpu\tfs.service\ms.tf.workitemtracking.dataaccesslayer.l0.tests\ms.tf.workitemtracking.dataaccesslayer.l0.tests.dll" id="7ab97868-4838-86f3-23b0-839971bb68fa">
      <Execution id="34e7edbf-30e3-4086-ad4f-8cd842998401" />
      <TestMethod codeBase="D:\v2.0\A1\_work\dbded102\bin\Release.AnyCPU\Tfs.Service\MS.TF.WorkItemTracking.DataAccessLayer.L0.Tests\MS.TF.WorkItemTracking.DataAccessLayer.L0.Tests.dll" adapterTypeName="Microsoft.VisualStudio.TestTools.TestTypes.Unit.UnitTestAdapter" className="MS.TF.WorkItemTracking.DataAccessLayer.L0.Tests.Compatibility.CompatibilityServiceTests" name="TestStampDb" />
    </UnitTest>
    <UnitTest name="TestGetFormProperties" storage="d:\v2.0\a1\_work\dbded102\bin\release.anycpu\tfs.service\ms.tf.workitemtracking.dataaccesslayer.l0.tests\ms.tf.workitemtracking.dataaccesslayer.l0.tests.dll" id="7942fe78-768c-ea72-fb0c-e21cc052d7f2">
      <Execution id="edc9ae80-679a-47dc-9b8d-0a87825da151" />
      <TestMethod codeBase="D:\v2.0\A1\_work\dbded102\bin\Release.AnyCPU\Tfs.Service\MS.TF.WorkItemTracking.DataAccessLayer.L0.Tests\MS.TF.WorkItemTracking.DataAccessLayer.L0.Tests.dll" adapterTypeName="Microsoft.VisualStudio.TestTools.TestTypes.Unit.UnitTestAdapter" className="MS.TF.WorkItemTracking.DataAccessLayer.L0.Tests.Compatibility.CompatibilityServiceTests" name="TestGetFormProperties" />
    </UnitTest>
    <UnitTest name="TestGetFormProperties_NoValidProject" storage="d:\v2.0\a1\_work\dbded102\bin\release.anycpu\tfs.service\ms.tf.workitemtracking.dataaccesslayer.l0.tests\ms.tf.workitemtracking.dataaccesslayer.l0.tests.dll" id="13a8725e-0169-9c0f-5da7-bb8b8e922454">
      <Execution id="8e7eac09-e96a-4663-832a-a4be7c286e6e" />
      <TestMethod codeBase="D:\v2.0\A1\_work\dbded102\bin\Release.AnyCPU\Tfs.Service\MS.TF.WorkItemTracking.DataAccessLayer.L0.Tests\MS.TF.WorkItemTracking.DataAccessLayer.L0.Tests.dll" adapterTypeName="Microsoft.VisualStudio.TestTools.TestTypes.Unit.UnitTestAdapter" className="MS.TF.WorkItemTracking.DataAccessLayer.L0.Tests.Compatibility.CompatibilityServiceTests" name="TestGetFormProperties_NoValidProject" />
    </UnitTest>
    <UnitTest name="TestGetFormProperties_NoChildProcessProject" storage="d:\v2.0\a1\_work\dbded102\bin\release.anycpu\tfs.service\ms.tf.workitemtracking.dataaccesslayer.l0.tests\ms.tf.workitemtracking.dataaccesslayer.l0.tests.dll" id="043f3723-a157-6e13-09c0-3e739a8f7250">
      <Execution id="3a6ddd49-3259-44da-8a93-3028f33cab96" />
      <TestMethod codeBase="D:\v2.0\A1\_work\dbded102\bin\Release.AnyCPU\Tfs.Service\MS.TF.WorkItemTracking.DataAccessLayer.L0.Tests\MS.TF.WorkItemTracking.DataAccessLayer.L0.Tests.dll" adapterTypeName="Microsoft.VisualStudio.TestTools.TestTypes.Unit.UnitTestAdapter" className="MS.TF.WorkItemTracking.DataAccessLayer.L0.Tests.Compatibility.CompatibilityServiceTests" name="TestGetFormProperties_NoChildProcessProject" />
    </UnitTest>
    <UnitTest name="WillInitializeBucketToConstructorValues" storage="d:\v2.0\a1\_work\dbded102\bin\release.anycpu\tfs.service\ms.tf.workitemtracking.dataaccesslayer.l0.tests\ms.tf.workitemtracking.dataaccesslayer.l0.tests.dll" id="ad51bca7-d74e-f1da-a3c2-8f347d65bb5a">
      <Execution id="4f976f62-b741-487c-a04b-f10420833a95" />
      <TestMethod codeBase="D:\v2.0\A1\_work\dbded102\bin\Release.AnyCPU\Tfs.Service\MS.TF.WorkItemTracking.DataAccessLayer.L0.Tests\MS.TF.WorkItemTracking.DataAccessLayer.L0.Tests.dll" adapterTypeName="Microsoft.VisualStudio.TestTools.TestTypes.Unit.UnitTestAdapter" className="MS.TF.WorkItemTracking.DataAccessLayer.L0.Tests.Compatibility.MetadataBucketTests" name="WillInitializeBucketToConstructorValues" />
    </UnitTest>
    <UnitTest name="TestBucketConstructor_ThrowsArgumentOutOfRangeExceptionForMaskBits_TooSmall" storage="d:\v2.0\a1\_work\dbded102\bin\release.anycpu\tfs.service\ms.tf.workitemtracking.dataaccesslayer.l0.tests\ms.tf.workitemtracking.dataaccesslayer.l0.tests.dll" id="c52f6aa2-4741-1bec-6fcf-220f8c636a58">
      <Execution id="b6705b83-b88b-4842-8277-a7d933a0bc5b" />
      <TestMethod codeBase="D:\v2.0\A1\_work\dbded102\bin\Release.AnyCPU\Tfs.Service\MS.TF.WorkItemTracking.DataAccessLayer.L0.Tests\MS.TF.WorkItemTracking.DataAccessLayer.L0.Tests.dll" adapterTypeName="Microsoft.VisualStudio.TestTools.TestTypes.Unit.UnitTestAdapter" className="MS.TF.WorkItemTracking.DataAccessLayer.L0.Tests.Compatibility.MetadataBucketTests" name="TestBucketConstructor_ThrowsArgumentOutOfRangeExceptionForMaskBits_TooSmall" />
    </UnitTest>
    <UnitTest name="TestBucketConstructor_ThrowsArgumentOutOfRangeExceptionForMaskBits_TooLarge" storage="d:\v2.0\a1\_work\dbded102\bin\release.anycpu\tfs.service\ms.tf.workitemtracking.dataaccesslayer.l0.tests\ms.tf.workitemtracking.dataaccesslayer.l0.tests.dll" id="b0830dc7-2461-86e7-af2e-33d2ce6d83b1">
      <Execution id="b464c2d4-ec3d-4819-a621-fedeb1659689" />
      <TestMethod codeBase="D:\v2.0\A1\_work\dbded102\bin\Release.AnyCPU\Tfs.Service\MS.TF.WorkItemTracking.DataAccessLayer.L0.Tests\MS.TF.WorkItemTracking.DataAccessLayer.L0.Tests.dll" adapterTypeName="Microsoft.VisualStudio.TestTools.TestTypes.Unit.UnitTestAdapter" className="MS.TF.WorkItemTracking.DataAccessLayer.L0.Tests.Compatibility.MetadataBucketTests" name="TestBucketConstructor_ThrowsArgumentOutOfRangeExceptionForMaskBits_TooLarge" />
    </UnitTest>
    <UnitTest name="EnsureBucketCapacityReturnsProperValueForGivenMaskBits" storage="d:\v2.0\a1\_work\dbded102\bin\release.anycpu\tfs.service\ms.tf.workitemtracking.dataaccesslayer.l0.tests\ms.tf.workitemtracking.dataaccesslayer.l0.tests.dll" id="8601b21f-3637-d671-61c7-49327df5af87">
      <Execution id="6e7b6d24-9e67-4233-b2bb-f2bc71fa99c3" />
      <TestMethod codeBase="D:\v2.0\A1\_work\dbded102\bin\Release.AnyCPU\Tfs.Service\MS.TF.WorkItemTracking.DataAccessLayer.L0.Tests\MS.TF.WorkItemTracking.DataAccessLayer.L0.Tests.dll" adapterTypeName="Microsoft.VisualStudio.TestTools.TestTypes.Unit.UnitTestAdapter" className="MS.TF.WorkItemTracking.DataAccessLayer.L0.Tests.Compatibility.MetadataBucketTests" name="EnsureBucketCapacityReturnsProperValueForGivenMaskBits" />
    </UnitTest>
    <UnitTest name="EnsureBucketMaxIdReturnsProperValueForGivenMaskBits" storage="d:\v2.0\a1\_work\dbded102\bin\release.anycpu\tfs.service\ms.tf.workitemtracking.dataaccesslayer.l0.tests\ms.tf.workitemtracking.dataaccesslayer.l0.tests.dll" id="e1737c5d-7817-32bb-5678-f288a06aab41">
      <Execution id="161c850b-f162-4a7c-b701-50903cf89157" />
      <TestMethod codeBase="D:\v2.0\A1\_work\dbded102\bin\Release.AnyCPU\Tfs.Service\MS.TF.WorkItemTracking.DataAccessLayer.L0.Tests\MS.TF.WorkItemTracking.DataAccessLayer.L0.Tests.dll" adapterTypeName="Microsoft.VisualStudio.TestTools.TestTypes.Unit.UnitTestAdapter" className="MS.TF.WorkItemTracking.DataAccessLayer.L0.Tests.Compatibility.MetadataBucketTests" name="EnsureBucketMaxIdReturnsProperValueForGivenMaskBits" />
    </UnitTest>
    <UnitTest name="TestBucketMerge_IdIncrease" storage="d:\v2.0\a1\_work\dbded102\bin\release.anycpu\tfs.service\ms.tf.workitemtracking.dataaccesslayer.l0.tests\ms.tf.workitemtracking.dataaccesslayer.l0.tests.dll" id="64ba4596-701c-8767-8fef-4e2ebf3e99e6">
      <Execution id="18da4747-0375-436e-aef9-54deed2007fe" />
      <TestMethod codeBase="D:\v2.0\A1\_work\dbded102\bin\Release.AnyCPU\Tfs.Service\MS.TF.WorkItemTracking.DataAccessLayer.L0.Tests\MS.TF.WorkItemTracking.DataAccessLayer.L0.Tests.dll" adapterTypeName="Microsoft.VisualStudio.TestTools.TestTypes.Unit.UnitTestAdapter" className="MS.TF.WorkItemTracking.DataAccessLayer.L0.Tests.Compatibility.MetadataBucketTests" name="TestBucketMerge_IdIncrease" />
    </UnitTest>
    <UnitTest name="TestBucketMerge_IdDecrease" storage="d:\v2.0\a1\_work\dbded102\bin\release.anycpu\tfs.service\ms.tf.workitemtracking.dataaccesslayer.l0.tests\ms.tf.workitemtracking.dataaccesslayer.l0.tests.dll" id="0a6afc5f-f3e2-50e0-7040-3cd588f15d92">
      <Execution id="901ce2d8-6255-4313-b46f-a324b474dec7" />
      <TestMethod codeBase="D:\v2.0\A1\_work\dbded102\bin\Release.AnyCPU\Tfs.Service\MS.TF.WorkItemTracking.DataAccessLayer.L0.Tests\MS.TF.WorkItemTracking.DataAccessLayer.L0.Tests.dll" adapterTypeName="Microsoft.VisualStudio.TestTools.TestTypes.Unit.UnitTestAdapter" className="MS.TF.WorkItemTracking.DataAccessLayer.L0.Tests.Compatibility.MetadataBucketTests" name="TestBucketMerge_IdDecrease" />
    </UnitTest>
    <UnitTest name="TestBucketMerge_MaskBitsIncrease" storage="d:\v2.0\a1\_work\dbded102\bin\release.anycpu\tfs.service\ms.tf.workitemtracking.dataaccesslayer.l0.tests\ms.tf.workitemtracking.dataaccesslayer.l0.tests.dll" id="4dbd1339-bfb7-4d43-8c72-674478720e97">
      <Execution id="bdc39f45-0503-4ba6-a39e-564e4721634a" />
      <TestMethod codeBase="D:\v2.0\A1\_work\dbded102\bin\Release.AnyCPU\Tfs.Service\MS.TF.WorkItemTracking.DataAccessLayer.L0.Tests\MS.TF.WorkItemTracking.DataAccessLayer.L0.Tests.dll" adapterTypeName="Microsoft.VisualStudio.TestTools.TestTypes.Unit.UnitTestAdapter" className="MS.TF.WorkItemTracking.DataAccessLayer.L0.Tests.Compatibility.MetadataBucketTests" name="TestBucketMerge_MaskBitsIncrease" />
    </UnitTest>
    <UnitTest name="TestBucketMerge_MaskBitsDecrease" storage="d:\v2.0\a1\_work\dbded102\bin\release.anycpu\tfs.service\ms.tf.workitemtracking.dataaccesslayer.l0.tests\ms.tf.workitemtracking.dataaccesslayer.l0.tests.dll" id="0e00978c-c7a2-6819-4c7e-ddf7445ec62d">
      <Execution id="0d4ed09f-2fb8-49b4-9e14-c9cf80f0ce29" />
      <TestMethod codeBase="D:\v2.0\A1\_work\dbded102\bin\Release.AnyCPU\Tfs.Service\MS.TF.WorkItemTracking.DataAccessLayer.L0.Tests\MS.TF.WorkItemTracking.DataAccessLayer.L0.Tests.dll" adapterTypeName="Microsoft.VisualStudio.TestTools.TestTypes.Unit.UnitTestAdapter" className="MS.TF.WorkItemTracking.DataAccessLayer.L0.Tests.Compatibility.MetadataBucketTests" name="TestBucketMerge_MaskBitsDecrease" />
    </UnitTest>
    <UnitTest name="TestParseBucketId" storage="d:\v2.0\a1\_work\dbded102\bin\release.anycpu\tfs.service\ms.tf.workitemtracking.dataaccesslayer.l0.tests\ms.tf.workitemtracking.dataaccesslayer.l0.tests.dll" id="42d6e4ef-ca84-9fd7-3c28-b2300f82e1f5">
      <Execution id="96b5c799-e8b6-4066-9df9-a192bf964998" />
      <TestMethod codeBase="D:\v2.0\A1\_work\dbded102\bin\Release.AnyCPU\Tfs.Service\MS.TF.WorkItemTracking.DataAccessLayer.L0.Tests\MS.TF.WorkItemTracking.DataAccessLayer.L0.Tests.dll" adapterTypeName="Microsoft.VisualStudio.TestTools.TestTypes.Unit.UnitTestAdapter" className="MS.TF.WorkItemTracking.DataAccessLayer.L0.Tests.Compatibility.MetadataBucketTests" name="TestParseBucketId" />
    </UnitTest>
    <UnitTest name="TestParseLocalId" storage="d:\v2.0\a1\_work\dbded102\bin\release.anycpu\tfs.service\ms.tf.workitemtracking.dataaccesslayer.l0.tests\ms.tf.workitemtracking.dataaccesslayer.l0.tests.dll" id="fd5b9a27-8128-ffce-af91-90a20bd4edbf">
      <Execution id="b36f6f24-6178-49ba-95f5-30e86e9b0c76" />
      <TestMethod codeBase="D:\v2.0\A1\_work\dbded102\bin\Release.AnyCPU\Tfs.Service\MS.TF.WorkItemTracking.DataAccessLayer.L0.Tests\MS.TF.WorkItemTracking.DataAccessLayer.L0.Tests.dll" adapterTypeName="Microsoft.VisualStudio.TestTools.TestTypes.Unit.UnitTestAdapter" className="MS.TF.WorkItemTracking.DataAccessLayer.L0.Tests.Compatibility.MetadataBucketTests" name="TestParseLocalId" />
    </UnitTest>
    <UnitTest name="TestGenerateCacheStamp" storage="d:\v2.0\a1\_work\dbded102\bin\release.anycpu\tfs.service\ms.tf.workitemtracking.dataaccesslayer.l0.tests\ms.tf.workitemtracking.dataaccesslayer.l0.tests.dll" id="dcfaa920-0ad2-9506-2a10-8b37334cb593">
      <Execution id="1dc8dc68-9a44-438c-a433-a496cffc277c" />
      <TestMethod codeBase="D:\v2.0\A1\_work\dbded102\bin\Release.AnyCPU\Tfs.Service\MS.TF.WorkItemTracking.DataAccessLayer.L0.Tests\MS.TF.WorkItemTracking.DataAccessLayer.L0.Tests.dll" adapterTypeName="Microsoft.VisualStudio.TestTools.TestTypes.Unit.UnitTestAdapter" className="MS.TF.WorkItemTracking.DataAccessLayer.L0.Tests.Compatibility.MetadataBucketTests" name="TestGenerateCacheStamp" />
    </UnitTest>
    <UnitTest name="TestGenerateCacheStamp_ThrowsArgumentOutOfRangeExceptionIfOverCapacity" storage="d:\v2.0\a1\_work\dbded102\bin\release.anycpu\tfs.service\ms.tf.workitemtracking.dataaccesslayer.l0.tests\ms.tf.workitemtracking.dataaccesslayer.l0.tests.dll" id="386d536e-5400-fe33-0ec5-a49e8cb34549">
      <Execution id="88f4de2d-31e4-4d8f-8b54-857724ff60fa" />
      <TestMethod codeBase="D:\v2.0\A1\_work\dbded102\bin\Release.AnyCPU\Tfs.Service\MS.TF.WorkItemTracking.DataAccessLayer.L0.Tests\MS.TF.WorkItemTracking.DataAccessLayer.L0.Tests.dll" adapterTypeName="Microsoft.VisualStudio.TestTools.TestTypes.Unit.UnitTestAdapter" className="MS.TF.WorkItemTracking.DataAccessLayer.L0.Tests.Compatibility.MetadataBucketTests" name="TestGenerateCacheStamp_ThrowsArgumentOutOfRangeExceptionIfOverCapacity" />
    </UnitTest>
    <UnitTest name="TestComputeMaskBits" storage="d:\v2.0\a1\_work\dbded102\bin\release.anycpu\tfs.service\ms.tf.workitemtracking.dataaccesslayer.l0.tests\ms.tf.workitemtracking.dataaccesslayer.l0.tests.dll" id="8fc07fbc-c216-f0a8-088e-be4d287d1ffd">
      <Execution id="55a1233b-8773-44d6-a292-6e1f47dff0a1" />
      <TestMethod codeBase="D:\v2.0\A1\_work\dbded102\bin\Release.AnyCPU\Tfs.Service\MS.TF.WorkItemTracking.DataAccessLayer.L0.Tests\MS.TF.WorkItemTracking.DataAccessLayer.L0.Tests.dll" adapterTypeName="Microsoft.VisualStudio.TestTools.TestTypes.Unit.UnitTestAdapter" className="MS.TF.WorkItemTracking.DataAccessLayer.L0.Tests.Compatibility.MetadataBucketTests" name="TestComputeMaskBits" />
    </UnitTest>
    <UnitTest name="TestComputeMaskBits_ThrowsArgumentOutOfRangeExceptionsIfOverCapacity" storage="d:\v2.0\a1\_work\dbded102\bin\release.anycpu\tfs.service\ms.tf.workitemtracking.dataaccesslayer.l0.tests\ms.tf.workitemtracking.dataaccesslayer.l0.tests.dll" id="a6321b48-c880-cfc2-949b-2a41a25254d1">
      <Execution id="7eed7f95-fad5-4db8-b97c-5c1ae1117d56" />
      <TestMethod codeBase="D:\v2.0\A1\_work\dbded102\bin\Release.AnyCPU\Tfs.Service\MS.TF.WorkItemTracking.DataAccessLayer.L0.Tests\MS.TF.WorkItemTracking.DataAccessLayer.L0.Tests.dll" adapterTypeName="Microsoft.VisualStudio.TestTools.TestTypes.Unit.UnitTestAdapter" className="MS.TF.WorkItemTracking.DataAccessLayer.L0.Tests.Compatibility.MetadataBucketTests" name="TestComputeMaskBits_ThrowsArgumentOutOfRangeExceptionsIfOverCapacity" />
    </UnitTest>
    <UnitTest name="TestCreateMetadataInformation_ValuesAreInitialized" storage="d:\v2.0\a1\_work\dbded102\bin\release.anycpu\tfs.service\ms.tf.workitemtracking.dataaccesslayer.l0.tests\ms.tf.workitemtracking.dataaccesslayer.l0.tests.dll" id="80aca594-e7f8-909b-b1dd-843b7316a1f6">
      <Execution id="00190928-d7bb-4c79-b095-4ef1b7aabadf" />
      <TestMethod codeBase="D:\v2.0\A1\_work\dbded102\bin\Release.AnyCPU\Tfs.Service\MS.TF.WorkItemTracking.DataAccessLayer.L0.Tests\MS.TF.WorkItemTracking.DataAccessLayer.L0.Tests.dll" adapterTypeName="Microsoft.VisualStudio.TestTools.TestTypes.Unit.UnitTestAdapter" className="MS.TF.WorkItemTracking.DataAccessLayer.L0.Tests.Compatibility.MetadataInformationTests" name="TestCreateMetadataInformation_ValuesAreInitialized" />
    </UnitTest>
    <UnitTest name="TestMergeMetadataInformation" storage="d:\v2.0\a1\_work\dbded102\bin\release.anycpu\tfs.service\ms.tf.workitemtracking.dataaccesslayer.l0.tests\ms.tf.workitemtracking.dataaccesslayer.l0.tests.dll" id="440eebf6-f3e5-4602-71cd-2ea361918d43">
      <Execution id="94dcaa7f-3ca7-4085-a5a4-d2780fb985ef" />
      <TestMethod codeBase="D:\v2.0\A1\_work\dbded102\bin\Release.AnyCPU\Tfs.Service\MS.TF.WorkItemTracking.DataAccessLayer.L0.Tests\MS.TF.WorkItemTracking.DataAccessLayer.L0.Tests.dll" adapterTypeName="Microsoft.VisualStudio.TestTools.TestTypes.Unit.UnitTestAdapter" className="MS.TF.WorkItemTracking.DataAccessLayer.L0.Tests.Compatibility.MetadataInformationTests" name="TestMergeMetadataInformation" />
    </UnitTest>
    <UnitTest name="TestTransformDefaultRule" storage="d:\v2.0\a1\_work\dbded102\bin\release.anycpu\tfs.service\ms.tf.workitemtracking.dataaccesslayer.l0.tests\ms.tf.workitemtracking.dataaccesslayer.l0.tests.dll" id="b0f8a64e-b53e-9ca2-6f02-8327c1bb8a3d">
      <Execution id="b664864f-c1c7-4a2a-99eb-447c8b80abd1" />
      <TestMethod codeBase="D:\v2.0\A1\_work\dbded102\bin\Release.AnyCPU\Tfs.Service\MS.TF.WorkItemTracking.DataAccessLayer.L0.Tests\MS.TF.WorkItemTracking.DataAccessLayer.L0.Tests.dll" adapterTypeName="Microsoft.VisualStudio.TestTools.TestTypes.Unit.UnitTestAdapter" className="MS.TF.WorkItemTracking.DataAccessLayer.L0.Tests.Compatibility.WorkItemMetadataGeneratorTests" name="TestTransformDefaultRule" />
    </UnitTest>
    <UnitTest name="TestTransformRequiredRule" storage="d:\v2.0\a1\_work\dbded102\bin\release.anycpu\tfs.service\ms.tf.workitemtracking.dataaccesslayer.l0.tests\ms.tf.workitemtracking.dataaccesslayer.l0.tests.dll" id="4a87d8dc-0ad1-085c-a853-671bc50f9d6b">
      <Execution id="dac65aa7-71d5-430b-a97c-0d18c2a3a745" />
      <TestMethod codeBase="D:\v2.0\A1\_work\dbded102\bin\Release.AnyCPU\Tfs.Service\MS.TF.WorkItemTracking.DataAccessLayer.L0.Tests\MS.TF.WorkItemTracking.DataAccessLayer.L0.Tests.dll" adapterTypeName="Microsoft.VisualStudio.TestTools.TestTypes.Unit.UnitTestAdapter" className="MS.TF.WorkItemTracking.DataAccessLayer.L0.Tests.Compatibility.WorkItemMetadataGeneratorTests" name="TestTransformRequiredRule" />
    </UnitTest>
    <UnitTest name="TestGenerateWorkItemTypeUsages" storage="d:\v2.0\a1\_work\dbded102\bin\release.anycpu\tfs.service\ms.tf.workitemtracking.dataaccesslayer.l0.tests\ms.tf.workitemtracking.dataaccesslayer.l0.tests.dll" id="35a14347-df23-edeb-cfa6-4e66da20ead5">
      <Execution id="83a539f5-9877-4e29-b3dc-0bb1c6521362" />
      <TestMethod codeBase="D:\v2.0\A1\_work\dbded102\bin\Release.AnyCPU\Tfs.Service\MS.TF.WorkItemTracking.DataAccessLayer.L0.Tests\MS.TF.WorkItemTracking.DataAccessLayer.L0.Tests.dll" adapterTypeName="Microsoft.VisualStudio.TestTools.TestTypes.Unit.UnitTestAdapter" className="MS.TF.WorkItemTracking.DataAccessLayer.L0.Tests.Compatibility.WorkItemMetadataGeneratorTests" name="TestGenerateWorkItemTypeUsages" />
    </UnitTest>
    <UnitTest name="TestGenerateWorkItemTypeUsages_RowCountOverCapacity" storage="d:\v2.0\a1\_work\dbded102\bin\release.anycpu\tfs.service\ms.tf.workitemtracking.dataaccesslayer.l0.tests\ms.tf.workitemtracking.dataaccesslayer.l0.tests.dll" id="e7b3ab05-1c3a-393d-dd56-27c1451f29bb">
      <Execution id="b7d7f70b-b999-4c2d-9d3b-513ac0a5c8e7" />
      <TestMethod codeBase="D:\v2.0\A1\_work\dbded102\bin\Release.AnyCPU\Tfs.Service\MS.TF.WorkItemTracking.DataAccessLayer.L0.Tests\MS.TF.WorkItemTracking.DataAccessLayer.L0.Tests.dll" adapterTypeName="Microsoft.VisualStudio.TestTools.TestTypes.Unit.UnitTestAdapter" className="MS.TF.WorkItemTracking.DataAccessLayer.L0.Tests.Compatibility.WorkItemMetadataGeneratorTests" name="TestGenerateWorkItemTypeUsages_RowCountOverCapacity" />
    </UnitTest>
    <UnitTest name="TestGenerateWorkItemTypeUsages_OnlyUniqueFieldsAreAddedToType" storage="d:\v2.0\a1\_work\dbded102\bin\release.anycpu\tfs.service\ms.tf.workitemtracking.dataaccesslayer.l0.tests\ms.tf.workitemtracking.dataaccesslayer.l0.tests.dll" id="655feedf-ee1b-fb77-6c60-02ac449b975f">
      <Execution id="498856ea-e738-453e-889d-2149d592d93a" />
      <TestMethod codeBase="D:\v2.0\A1\_work\dbded102\bin\Release.AnyCPU\Tfs.Service\MS.TF.WorkItemTracking.DataAccessLayer.L0.Tests\MS.TF.WorkItemTracking.DataAccessLayer.L0.Tests.dll" adapterTypeName="Microsoft.VisualStudio.TestTools.TestTypes.Unit.UnitTestAdapter" className="MS.TF.WorkItemTracking.DataAccessLayer.L0.Tests.Compatibility.WorkItemMetadataGeneratorTests" name="TestGenerateWorkItemTypeUsages_OnlyUniqueFieldsAreAddedToType" />
    </UnitTest>
    <UnitTest name="TestGenerateWorkItemTypeUsages_OnlyCustomFieldsAreAddedToType" storage="d:\v2.0\a1\_work\dbded102\bin\release.anycpu\tfs.service\ms.tf.workitemtracking.dataaccesslayer.l0.tests\ms.tf.workitemtracking.dataaccesslayer.l0.tests.dll" id="11ff9bce-ab24-2d48-96b5-33d176eb5596">
      <Execution id="508b3237-de8e-45e1-a72f-24f6684717e7" />
      <TestMethod codeBase="D:\v2.0\A1\_work\dbded102\bin\Release.AnyCPU\Tfs.Service\MS.TF.WorkItemTracking.DataAccessLayer.L0.Tests\MS.TF.WorkItemTracking.DataAccessLayer.L0.Tests.dll" adapterTypeName="Microsoft.VisualStudio.TestTools.TestTypes.Unit.UnitTestAdapter" className="MS.TF.WorkItemTracking.DataAccessLayer.L0.Tests.Compatibility.WorkItemMetadataGeneratorTests" name="TestGenerateWorkItemTypeUsages_OnlyCustomFieldsAreAddedToType" />
    </UnitTest>
    <UnitTest name="TestGenerateRules" storage="d:\v2.0\a1\_work\dbded102\bin\release.anycpu\tfs.service\ms.tf.workitemtracking.dataaccesslayer.l0.tests\ms.tf.workitemtracking.dataaccesslayer.l0.tests.dll" id="3ac739a7-4551-6809-59d1-970acc0b0ef6">
      <Execution id="4a1df8b9-442b-4b3e-a13e-fdb73dc63c81" />
      <TestMethod codeBase="D:\v2.0\A1\_work\dbded102\bin\Release.AnyCPU\Tfs.Service\MS.TF.WorkItemTracking.DataAccessLayer.L0.Tests\MS.TF.WorkItemTracking.DataAccessLayer.L0.Tests.dll" adapterTypeName="Microsoft.VisualStudio.TestTools.TestTypes.Unit.UnitTestAdapter" className="MS.TF.WorkItemTracking.DataAccessLayer.L0.Tests.Compatibility.WorkItemMetadataGeneratorTests" name="TestGenerateRules" />
    </UnitTest>
    <UnitTest name="TestGenerateRules_SameRulesAreFilteredOut" storage="d:\v2.0\a1\_work\dbded102\bin\release.anycpu\tfs.service\ms.tf.workitemtracking.dataaccesslayer.l0.tests\ms.tf.workitemtracking.dataaccesslayer.l0.tests.dll" id="e59c9e3e-8819-bbb4-916d-0ac9694a3bf4">
      <Execution id="518f392a-f8a7-476a-8a0c-0cd74cc53a54" />
      <TestMethod codeBase="D:\v2.0\A1\_work\dbded102\bin\Release.AnyCPU\Tfs.Service\MS.TF.WorkItemTracking.DataAccessLayer.L0.Tests\MS.TF.WorkItemTracking.DataAccessLayer.L0.Tests.dll" adapterTypeName="Microsoft.VisualStudio.TestTools.TestTypes.Unit.UnitTestAdapter" className="MS.TF.WorkItemTracking.DataAccessLayer.L0.Tests.Compatibility.WorkItemMetadataGeneratorTests" name="TestGenerateRules_SameRulesAreFilteredOut" />
    </UnitTest>
    <UnitTest name="TestGenerateRules_RowCountOverCapacity" storage="d:\v2.0\a1\_work\dbded102\bin\release.anycpu\tfs.service\ms.tf.workitemtracking.dataaccesslayer.l0.tests\ms.tf.workitemtracking.dataaccesslayer.l0.tests.dll" id="3e8bcef1-d98f-1892-071d-8de838815549">
      <Execution id="bee7670d-42ed-4c28-9566-2e5a433ccfa4" />
      <TestMethod codeBase="D:\v2.0\A1\_work\dbded102\bin\Release.AnyCPU\Tfs.Service\MS.TF.WorkItemTracking.DataAccessLayer.L0.Tests\MS.TF.WorkItemTracking.DataAccessLayer.L0.Tests.dll" adapterTypeName="Microsoft.VisualStudio.TestTools.TestTypes.Unit.UnitTestAdapter" className="MS.TF.WorkItemTracking.DataAccessLayer.L0.Tests.Compatibility.WorkItemMetadataGeneratorTests" name="TestGenerateRules_RowCountOverCapacity" />
    </UnitTest>
  </TestDefinitions>
  <TestEntries>
    <TestEntry testId="68b872ae-f6be-8f11-8632-e851399f6921" executionId="006a49bf-d421-45c1-a36d-f1d5af15d28a" testListId="8c84fa94-04c1-424b-9868-57a2d4851a1d" />
    <TestEntry testId="13ec038f-f08f-f3fc-b255-2244db249241" executionId="b583dfd8-99a9-49f8-a657-6a5cf83bab7a" testListId="8c84fa94-04c1-424b-9868-57a2d4851a1d" />
    <TestEntry testId="4c4ca2dc-627f-3eb1-5e9d-a6f429756396" executionId="a78d100d-078b-4728-a06c-cc40d12eda09" testListId="8c84fa94-04c1-424b-9868-57a2d4851a1d" />
    <TestEntry testId="7133cad6-8fdb-03f2-1531-873c9df70877" executionId="4b077832-90dd-480c-9b27-5d21ff7c517d" testListId="8c84fa94-04c1-424b-9868-57a2d4851a1d" />
    <TestEntry testId="3f012f2a-0dfb-4686-1759-141b4a7c8b1f" executionId="54e721d1-002c-4c0e-9b1b-87c3e0b79e34" testListId="8c84fa94-04c1-424b-9868-57a2d4851a1d" />
    <TestEntry testId="896f1e9e-5e1a-77ef-06da-539354daae81" executionId="76b1385c-35b4-4daf-bf15-0b7c8524156e" testListId="8c84fa94-04c1-424b-9868-57a2d4851a1d" />
    <TestEntry testId="c83e7c92-f52c-9c74-62ec-2b7fedb8eca8" executionId="e8b4dcea-6e6a-4ae2-98cc-6c0cfc6c3de8" testListId="8c84fa94-04c1-424b-9868-57a2d4851a1d" />
    <TestEntry testId="62edc96e-606f-dc6a-fa01-8a138f25e40c" executionId="0daee53b-e589-4047-b2de-1095fa14190c" testListId="8c84fa94-04c1-424b-9868-57a2d4851a1d" />
    <TestEntry testId="4e5429f1-aed6-309f-6e71-376f58ef0e22" executionId="7e65b7c5-8130-4969-a97f-691cf425944e" testListId="8c84fa94-04c1-424b-9868-57a2d4851a1d" />
    <TestEntry testId="961d838e-c3dc-71e8-dc06-921b3fc7d92c" executionId="e8e84d39-b840-4aa8-819b-d5b20adfb7b1" testListId="8c84fa94-04c1-424b-9868-57a2d4851a1d" />
    <TestEntry testId="bd827338-899a-00cf-f1e4-521a5a29a9fe" executionId="b4d731de-bf98-44d2-9aa8-ee41aa5135c3" testListId="8c84fa94-04c1-424b-9868-57a2d4851a1d" />
    <TestEntry testId="f98d83a2-fab4-8f00-8c2f-7f063de1d005" executionId="2342873b-c5e4-45b9-aa92-91a8ad874ef3" testListId="8c84fa94-04c1-424b-9868-57a2d4851a1d" />
    <TestEntry testId="bf98a712-e886-8cf7-f16e-9fa047c44796" executionId="83e97996-d20c-4a7b-8124-e14cfa2c3554" testListId="8c84fa94-04c1-424b-9868-57a2d4851a1d" />
    <TestEntry testId="19a4953b-8fb0-8836-72d8-d4a04512fe82" executionId="12dd0b0a-5413-40a3-a80f-95cd7e3c2cd5" testListId="8c84fa94-04c1-424b-9868-57a2d4851a1d" />
    <TestEntry testId="5794152a-b319-f58c-ef34-d34fb3f4d2f3" executionId="9596bafd-a79b-46c2-a956-0cc85eded778" testListId="8c84fa94-04c1-424b-9868-57a2d4851a1d" />
    <TestEntry testId="382b4ff0-7041-2646-f42b-18efb299cbb3" executionId="0eedd8b6-37e6-49d2-810a-50fb682e69b2" testListId="8c84fa94-04c1-424b-9868-57a2d4851a1d" />
    <TestEntry testId="8d9709d4-2e57-c0d6-2657-44acf1bb2241" executionId="e1457e4b-f145-4d36-9d13-1f236fd5e458" testListId="8c84fa94-04c1-424b-9868-57a2d4851a1d" />
    <TestEntry testId="692d3c8d-d684-06c9-4e00-a09ef4062346" executionId="ebfed2a7-ca35-41d6-95ce-6d1a20401c86" testListId="8c84fa94-04c1-424b-9868-57a2d4851a1d" />
    <TestEntry testId="6a220c2a-8cc2-528e-cc08-30bf86f8360a" executionId="6362a177-babb-4e31-b0ef-577244d82bd2" testListId="8c84fa94-04c1-424b-9868-57a2d4851a1d" />
    <TestEntry testId="1b680e48-e271-b23b-a520-a477f7715130" executionId="f8aab7a7-0e9e-4178-800b-0e4f7dfbebc3" testListId="8c84fa94-04c1-424b-9868-57a2d4851a1d" />
    <TestEntry testId="44c7bcf5-1eb4-00e7-58fc-970ed46a0174" executionId="8e7ce313-fc65-4211-a630-28b807356592" testListId="8c84fa94-04c1-424b-9868-57a2d4851a1d" />
    <TestEntry testId="06ec43b4-50f0-e5ea-8826-51de6a56f9d2" executionId="6152603a-56df-49df-ac86-dfa2432924f1" testListId="8c84fa94-04c1-424b-9868-57a2d4851a1d" />
    <TestEntry testId="550516b2-ae78-6235-ea81-b19be196660c" executionId="fc61c95c-1f79-44f0-bdf0-c832782007e8" testListId="8c84fa94-04c1-424b-9868-57a2d4851a1d" />
    <TestEntry testId="75c86127-7bc7-5492-29bf-c1be3adc41a4" executionId="9f20eaed-c36f-47fd-8fd2-491a6e18c8f9" testListId="8c84fa94-04c1-424b-9868-57a2d4851a1d" />
    <TestEntry testId="07e9dccb-d4cc-bc87-6e3c-a2a08da1682c" executionId="cc7cb22e-497f-48d4-8737-4a3efd3a1f7f" testListId="8c84fa94-04c1-424b-9868-57a2d4851a1d" />
    <TestEntry testId="a8e781da-f4d5-ffaa-2194-ce485a14b46f" executionId="a3c076a7-6f06-4f79-bc33-d233bc289ff7" testListId="8c84fa94-04c1-424b-9868-57a2d4851a1d" />
    <TestEntry testId="44a4323c-f754-1c71-9d5b-e3fa0b946390" executionId="9da6358a-fc91-4469-b380-24abf14ab7f2" testListId="8c84fa94-04c1-424b-9868-57a2d4851a1d" />
    <TestEntry testId="38bfef56-ec49-d8b3-58d3-78d7e5101b02" executionId="ce9fc7ca-a713-43cc-a116-0d52dcae4ea5" testListId="8c84fa94-04c1-424b-9868-57a2d4851a1d" />
    <TestEntry testId="68877bc1-26e6-bb79-64a3-592cb2230bdc" executionId="40ee4f74-8401-429c-9d85-9adec9e91c05" testListId="8c84fa94-04c1-424b-9868-57a2d4851a1d" />
    <TestEntry testId="3dc82a19-2785-6527-c035-11dac8eb1146" executionId="eea41084-86a0-434f-99e1-5ab31157f47b" testListId="8c84fa94-04c1-424b-9868-57a2d4851a1d" />
    <TestEntry testId="1217f954-23f6-f2b1-c3b1-5131acf3e0a8" executionId="e6a8b0cd-d575-47ee-89b2-025a96ed9e01" testListId="8c84fa94-04c1-424b-9868-57a2d4851a1d" />
    <TestEntry testId="5064a177-a1c9-1646-d3a7-20796e8064e7" executionId="6c6a7ef1-dcc9-4037-8e63-36a392b0a47e" testListId="8c84fa94-04c1-424b-9868-57a2d4851a1d" />
    <TestEntry testId="513884e7-e0d6-32c9-0c0a-cd1ef51bd63c" executionId="8c68145c-50b7-4cfb-9c82-3233143764b5" testListId="8c84fa94-04c1-424b-9868-57a2d4851a1d" />
    <TestEntry testId="3236165f-8fd5-9f12-3a4d-f76fd7a4482a" executionId="3b4eb20e-b0db-47e4-bd11-e07d7cfcfb4b" testListId="8c84fa94-04c1-424b-9868-57a2d4851a1d" />
    <TestEntry testId="794f0c49-3a5f-eb25-971c-23245b851725" executionId="44f7ff7e-5528-4c3a-a530-858a074b289c" testListId="8c84fa94-04c1-424b-9868-57a2d4851a1d" />
    <TestEntry testId="74360016-4fb4-0c37-118d-2bb518eec6f9" executionId="df2b9eac-cab3-4b0b-b413-d38bd8c4bd53" testListId="8c84fa94-04c1-424b-9868-57a2d4851a1d" />
    <TestEntry testId="4d390c70-4cf7-9157-c58c-e899df9548dd" executionId="ca265eef-7856-431a-a1d7-87dda619b566" testListId="8c84fa94-04c1-424b-9868-57a2d4851a1d" />
    <TestEntry testId="3f76ade4-3169-34aa-5680-3de0ca39d2c4" executionId="e0edb25a-8e90-40d6-a5de-f93fac494600" testListId="8c84fa94-04c1-424b-9868-57a2d4851a1d" />
    <TestEntry testId="9ecb3862-7541-737a-1af6-ffed86675529" executionId="c55d73a3-ad97-4c18-9529-892904b4d92b" testListId="8c84fa94-04c1-424b-9868-57a2d4851a1d" />
    <TestEntry testId="092060b6-39f6-8b5d-aa46-564b1b8ccb1b" executionId="814ee2d3-382e-4ee5-9530-ab800b1f575d" testListId="8c84fa94-04c1-424b-9868-57a2d4851a1d" />
    <TestEntry testId="208c08bc-5baf-bf53-8b34-9dde04f1368f" executionId="ad3561cc-1532-4ca3-9a11-d92f4d1d5466" testListId="8c84fa94-04c1-424b-9868-57a2d4851a1d" />
    <TestEntry testId="5c1c470c-5239-5b45-8874-75d95c0ab485" executionId="cd43be6b-8d66-48cd-8e64-0e251f820259" testListId="8c84fa94-04c1-424b-9868-57a2d4851a1d" />
    <TestEntry testId="4d98d3d2-3f52-56bd-ef06-c43349e18b16" executionId="99bb5258-cafe-4ddf-aee7-162f9ac7147b" testListId="8c84fa94-04c1-424b-9868-57a2d4851a1d" />
    <TestEntry testId="6e9f1833-718d-17cb-ee9d-e5ab7c929b18" executionId="2145c3f5-b7ad-448a-ae27-457fddbf260d" testListId="8c84fa94-04c1-424b-9868-57a2d4851a1d" />
    <TestEntry testId="48df079d-9b7c-c025-149d-39ab9db4b1d1" executionId="2b285abb-0430-476c-a759-6c57c3df1f19" testListId="8c84fa94-04c1-424b-9868-57a2d4851a1d" />
    <TestEntry testId="7637893d-f39b-3578-05fc-3f8e7b99197e" executionId="f515ba23-97d9-47e3-868a-fd4bc6d7cfa3" testListId="8c84fa94-04c1-424b-9868-57a2d4851a1d" />
    <TestEntry testId="86b5adda-ed3c-1e08-b33b-306637ff8b77" executionId="3077f1c4-8d7e-45a7-b435-68422786f49a" testListId="8c84fa94-04c1-424b-9868-57a2d4851a1d" />
    <TestEntry testId="68fd6dd2-d748-d9b0-fee1-7c65d2a46a05" executionId="64b27ae6-2054-453e-a8b4-7c0382da3407" testListId="8c84fa94-04c1-424b-9868-57a2d4851a1d" />
    <TestEntry testId="9716cfda-70dc-cb64-e937-418ffb12ec74" executionId="3686eb96-b371-4ded-8394-46aee01aacc3" testListId="8c84fa94-04c1-424b-9868-57a2d4851a1d" />
    <TestEntry testId="e0c74687-12e8-b545-7f97-cd126613e1aa" executionId="5ea5f23c-b0fe-4025-9c25-d25e09e421e4" testListId="8c84fa94-04c1-424b-9868-57a2d4851a1d" />
    <TestEntry testId="6ad84880-2805-2c7f-d7e8-06dd4b8793e3" executionId="c177b1a5-7187-4bd6-bc1c-95a410e00b91" testListId="8c84fa94-04c1-424b-9868-57a2d4851a1d" />
    <TestEntry testId="afbe67ff-1ca4-6e61-44b7-d72e845a762a" executionId="20a1190d-1f20-4e6d-b60c-d577140122a9" testListId="8c84fa94-04c1-424b-9868-57a2d4851a1d" />
    <TestEntry testId="cd65bdc4-17df-7b6e-34e5-c9b9a63151b8" executionId="4d1c2e33-1b0a-4eaf-9ad5-be0263f9d0f3" testListId="8c84fa94-04c1-424b-9868-57a2d4851a1d" />
    <TestEntry testId="24e1f5a3-e0a6-6c02-a6b2-0a43454b5602" executionId="d992ab36-9d6b-47be-95ee-58da8bc72983" testListId="8c84fa94-04c1-424b-9868-57a2d4851a1d" />
    <TestEntry testId="10abcc33-8b30-9a0a-7691-0bf8f4305da0" executionId="147e90fb-0c62-4e39-8f0e-0fbd85c11792" testListId="8c84fa94-04c1-424b-9868-57a2d4851a1d" />
    <TestEntry testId="678cba7f-f081-9357-eca1-183341c6b66c" executionId="de0fc2d4-af25-4475-94e7-0f4f2e4504ab" testListId="8c84fa94-04c1-424b-9868-57a2d4851a1d" />
    <TestEntry testId="d5478c6c-a73b-9619-5bd6-b3a44889b88f" executionId="3e202884-670a-4310-8b5a-71aaacad6a4a" testListId="8c84fa94-04c1-424b-9868-57a2d4851a1d" />
    <TestEntry testId="5af640be-32d0-871c-a825-282d4c9c5174" executionId="47895658-90eb-4a66-907d-943d4738c37b" testListId="8c84fa94-04c1-424b-9868-57a2d4851a1d" />
    <TestEntry testId="1fc85826-4fbe-ae68-2cdd-b297588aad2d" executionId="3cd186a5-801b-42c6-a33d-6829f12d411b" testListId="8c84fa94-04c1-424b-9868-57a2d4851a1d" />
    <TestEntry testId="5b88e39c-813e-2162-ad8d-26d59b703f6c" executionId="4499febe-be6f-4709-a1c1-83707d997125" testListId="8c84fa94-04c1-424b-9868-57a2d4851a1d" />
    <TestEntry testId="cc754fc1-f1e3-a04e-bf24-f05afc731f57" executionId="567d2d04-04eb-4f77-932a-0387049684a6" testListId="8c84fa94-04c1-424b-9868-57a2d4851a1d" />
    <TestEntry testId="b75c3ca0-6976-df5c-3100-30458e4b12ab" executionId="6e738cbc-a5ef-49c1-bf7d-8f0cf41734c3" testListId="8c84fa94-04c1-424b-9868-57a2d4851a1d" />
    <TestEntry testId="4cfed68f-b5de-c234-786a-4cfc3ba71375" executionId="fe35aa53-c67f-491d-b181-3e896e187465" testListId="8c84fa94-04c1-424b-9868-57a2d4851a1d" />
    <TestEntry testId="cd717938-af9a-ce70-f40f-1222b63d969f" executionId="a8f0957d-0d48-4e81-a82a-06fddaaacfeb" testListId="8c84fa94-04c1-424b-9868-57a2d4851a1d" />
    <TestEntry testId="e2d278aa-c083-d1ec-67cf-13962ad8a123" executionId="f59e0c94-0016-4562-8da8-1907ca04b529" testListId="8c84fa94-04c1-424b-9868-57a2d4851a1d" />
    <TestEntry testId="8bea611c-0aae-d4af-420c-9bdd3f914482" executionId="0dc6a40e-d581-4bc1-a654-f23427718e03" testListId="8c84fa94-04c1-424b-9868-57a2d4851a1d" />
    <TestEntry testId="055fdddc-a01b-e6d1-b479-ede120e56890" executionId="6781e7eb-0b3c-4d90-b09d-aef778d7fad1" testListId="8c84fa94-04c1-424b-9868-57a2d4851a1d" />
    <TestEntry testId="5efb79b1-8a5e-3442-cc6f-4c49688d465b" executionId="7092f02f-2283-4648-ab50-0f54b2e34ded" testListId="8c84fa94-04c1-424b-9868-57a2d4851a1d" />
    <TestEntry testId="06d50d46-9754-6854-3b7d-0958a9b62372" executionId="04f913f4-fa03-417a-a84c-b1806245ff33" testListId="8c84fa94-04c1-424b-9868-57a2d4851a1d" />
    <TestEntry testId="67923dc5-edf5-b00c-9149-9b45738927fc" executionId="374cf08a-76a5-4198-a183-317cfb7b05ce" testListId="8c84fa94-04c1-424b-9868-57a2d4851a1d" />
    <TestEntry testId="45e4bdb2-5205-0e35-de51-cfada6f9df2b" executionId="5f2de8f7-62ea-41b1-ba6b-5226d1d9e021" testListId="8c84fa94-04c1-424b-9868-57a2d4851a1d" />
    <TestEntry testId="fa3c8844-d1fa-8c0f-3259-5c658f1b7a19" executionId="883d2276-d9a0-41aa-814a-7c067fb6f2ce" testListId="8c84fa94-04c1-424b-9868-57a2d4851a1d" />
    <TestEntry testId="5fa5cfd7-5ad3-6d53-450c-cfb78834d7e0" executionId="9847c05c-7cc3-46f5-8e6a-81e789e3ad81" testListId="8c84fa94-04c1-424b-9868-57a2d4851a1d" />
    <TestEntry testId="9de073f1-c6b2-3e10-3fa9-0b7f36e95406" executionId="a9f72e59-a276-41d4-aabe-dd2027fc91f1" testListId="8c84fa94-04c1-424b-9868-57a2d4851a1d" />
    <TestEntry testId="a95a5fe6-4a33-2f71-1ff3-15c1c6ad743f" executionId="2a00f185-6ea6-475d-9bc2-c9b6b258b252" testListId="8c84fa94-04c1-424b-9868-57a2d4851a1d" />
    <TestEntry testId="12ae3c5a-32db-690f-e0df-80a293b3ecd4" executionId="0a6ad546-d250-415d-83cd-3bc7f05c7323" testListId="8c84fa94-04c1-424b-9868-57a2d4851a1d" />
    <TestEntry testId="46a54aaa-e29e-99f9-8edb-c3ff2fb11e78" executionId="f52ae199-47b0-45ad-99b4-41ce8df6ac0a" testListId="8c84fa94-04c1-424b-9868-57a2d4851a1d" />
    <TestEntry testId="451127d4-d9a5-3b53-928f-db790a44ddc3" executionId="55027bda-8b76-4465-9362-260bef31fb7d" testListId="8c84fa94-04c1-424b-9868-57a2d4851a1d" />
    <TestEntry testId="f529d8c1-4701-2856-d3f8-88e6418ec04d" executionId="bb99ee2d-9370-499d-8db0-1a28a946df7c" testListId="8c84fa94-04c1-424b-9868-57a2d4851a1d" />
    <TestEntry testId="27846831-6de4-6763-ce73-db7f724b1a29" executionId="aa50306a-f9d8-4865-ab8e-cc6b9b60ab13" testListId="8c84fa94-04c1-424b-9868-57a2d4851a1d" />
    <TestEntry testId="9417dbcb-c1ec-8104-5774-a4a68d554480" executionId="8f85de09-6baf-415c-9464-dfb819f152a4" testListId="8c84fa94-04c1-424b-9868-57a2d4851a1d" />
    <TestEntry testId="1f3b5f10-2648-53ab-8786-4b1a7cd66277" executionId="e86bb2ba-789b-4126-8cd5-75c43863f0c2" testListId="8c84fa94-04c1-424b-9868-57a2d4851a1d" />
    <TestEntry testId="cffa5e26-508b-c9aa-8890-e77b77d3f0e2" executionId="02e280b6-aa8d-4a99-92d6-90591d5c329f" testListId="8c84fa94-04c1-424b-9868-57a2d4851a1d" />
    <TestEntry testId="7ab97868-4838-86f3-23b0-839971bb68fa" executionId="34e7edbf-30e3-4086-ad4f-8cd842998401" testListId="8c84fa94-04c1-424b-9868-57a2d4851a1d" />
    <TestEntry testId="7942fe78-768c-ea72-fb0c-e21cc052d7f2" executionId="edc9ae80-679a-47dc-9b8d-0a87825da151" testListId="8c84fa94-04c1-424b-9868-57a2d4851a1d" />
    <TestEntry testId="13a8725e-0169-9c0f-5da7-bb8b8e922454" executionId="8e7eac09-e96a-4663-832a-a4be7c286e6e" testListId="8c84fa94-04c1-424b-9868-57a2d4851a1d" />
    <TestEntry testId="043f3723-a157-6e13-09c0-3e739a8f7250" executionId="3a6ddd49-3259-44da-8a93-3028f33cab96" testListId="8c84fa94-04c1-424b-9868-57a2d4851a1d" />
    <TestEntry testId="ad51bca7-d74e-f1da-a3c2-8f347d65bb5a" executionId="4f976f62-b741-487c-a04b-f10420833a95" testListId="8c84fa94-04c1-424b-9868-57a2d4851a1d" />
    <TestEntry testId="c52f6aa2-4741-1bec-6fcf-220f8c636a58" executionId="b6705b83-b88b-4842-8277-a7d933a0bc5b" testListId="8c84fa94-04c1-424b-9868-57a2d4851a1d" />
    <TestEntry testId="b0830dc7-2461-86e7-af2e-33d2ce6d83b1" executionId="b464c2d4-ec3d-4819-a621-fedeb1659689" testListId="8c84fa94-04c1-424b-9868-57a2d4851a1d" />
    <TestEntry testId="8601b21f-3637-d671-61c7-49327df5af87" executionId="6e7b6d24-9e67-4233-b2bb-f2bc71fa99c3" testListId="8c84fa94-04c1-424b-9868-57a2d4851a1d" />
    <TestEntry testId="e1737c5d-7817-32bb-5678-f288a06aab41" executionId="161c850b-f162-4a7c-b701-50903cf89157" testListId="8c84fa94-04c1-424b-9868-57a2d4851a1d" />
    <TestEntry testId="64ba4596-701c-8767-8fef-4e2ebf3e99e6" executionId="18da4747-0375-436e-aef9-54deed2007fe" testListId="8c84fa94-04c1-424b-9868-57a2d4851a1d" />
    <TestEntry testId="0a6afc5f-f3e2-50e0-7040-3cd588f15d92" executionId="901ce2d8-6255-4313-b46f-a324b474dec7" testListId="8c84fa94-04c1-424b-9868-57a2d4851a1d" />
    <TestEntry testId="4dbd1339-bfb7-4d43-8c72-674478720e97" executionId="bdc39f45-0503-4ba6-a39e-564e4721634a" testListId="8c84fa94-04c1-424b-9868-57a2d4851a1d" />
    <TestEntry testId="0e00978c-c7a2-6819-4c7e-ddf7445ec62d" executionId="0d4ed09f-2fb8-49b4-9e14-c9cf80f0ce29" testListId="8c84fa94-04c1-424b-9868-57a2d4851a1d" />
    <TestEntry testId="42d6e4ef-ca84-9fd7-3c28-b2300f82e1f5" executionId="96b5c799-e8b6-4066-9df9-a192bf964998" testListId="8c84fa94-04c1-424b-9868-57a2d4851a1d" />
    <TestEntry testId="fd5b9a27-8128-ffce-af91-90a20bd4edbf" executionId="b36f6f24-6178-49ba-95f5-30e86e9b0c76" testListId="8c84fa94-04c1-424b-9868-57a2d4851a1d" />
    <TestEntry testId="dcfaa920-0ad2-9506-2a10-8b37334cb593" executionId="1dc8dc68-9a44-438c-a433-a496cffc277c" testListId="8c84fa94-04c1-424b-9868-57a2d4851a1d" />
    <TestEntry testId="386d536e-5400-fe33-0ec5-a49e8cb34549" executionId="88f4de2d-31e4-4d8f-8b54-857724ff60fa" testListId="8c84fa94-04c1-424b-9868-57a2d4851a1d" />
    <TestEntry testId="8fc07fbc-c216-f0a8-088e-be4d287d1ffd" executionId="55a1233b-8773-44d6-a292-6e1f47dff0a1" testListId="8c84fa94-04c1-424b-9868-57a2d4851a1d" />
    <TestEntry testId="a6321b48-c880-cfc2-949b-2a41a25254d1" executionId="7eed7f95-fad5-4db8-b97c-5c1ae1117d56" testListId="8c84fa94-04c1-424b-9868-57a2d4851a1d" />
    <TestEntry testId="80aca594-e7f8-909b-b1dd-843b7316a1f6" executionId="00190928-d7bb-4c79-b095-4ef1b7aabadf" testListId="8c84fa94-04c1-424b-9868-57a2d4851a1d" />
    <TestEntry testId="440eebf6-f3e5-4602-71cd-2ea361918d43" executionId="94dcaa7f-3ca7-4085-a5a4-d2780fb985ef" testListId="8c84fa94-04c1-424b-9868-57a2d4851a1d" />
    <TestEntry testId="b0f8a64e-b53e-9ca2-6f02-8327c1bb8a3d" executionId="b664864f-c1c7-4a2a-99eb-447c8b80abd1" testListId="8c84fa94-04c1-424b-9868-57a2d4851a1d" />
    <TestEntry testId="4a87d8dc-0ad1-085c-a853-671bc50f9d6b" executionId="dac65aa7-71d5-430b-a97c-0d18c2a3a745" testListId="8c84fa94-04c1-424b-9868-57a2d4851a1d" />
    <TestEntry testId="35a14347-df23-edeb-cfa6-4e66da20ead5" executionId="83a539f5-9877-4e29-b3dc-0bb1c6521362" testListId="8c84fa94-04c1-424b-9868-57a2d4851a1d" />
    <TestEntry testId="e7b3ab05-1c3a-393d-dd56-27c1451f29bb" executionId="b7d7f70b-b999-4c2d-9d3b-513ac0a5c8e7" testListId="8c84fa94-04c1-424b-9868-57a2d4851a1d" />
    <TestEntry testId="655feedf-ee1b-fb77-6c60-02ac449b975f" executionId="498856ea-e738-453e-889d-2149d592d93a" testListId="8c84fa94-04c1-424b-9868-57a2d4851a1d" />
    <TestEntry testId="11ff9bce-ab24-2d48-96b5-33d176eb5596" executionId="508b3237-de8e-45e1-a72f-24f6684717e7" testListId="8c84fa94-04c1-424b-9868-57a2d4851a1d" />
    <TestEntry testId="3ac739a7-4551-6809-59d1-970acc0b0ef6" executionId="4a1df8b9-442b-4b3e-a13e-fdb73dc63c81" testListId="8c84fa94-04c1-424b-9868-57a2d4851a1d" />
    <TestEntry testId="e59c9e3e-8819-bbb4-916d-0ac9694a3bf4" executionId="518f392a-f8a7-476a-8a0c-0cd74cc53a54" testListId="8c84fa94-04c1-424b-9868-57a2d4851a1d" />
    <TestEntry testId="3e8bcef1-d98f-1892-071d-8de838815549" executionId="bee7670d-42ed-4c28-9566-2e5a433ccfa4" testListId="8c84fa94-04c1-424b-9868-57a2d4851a1d" />
  </TestEntries>
  <TestLists>
    <TestList name="Results Not in a List" id="8c84fa94-04c1-424b-9868-57a2d4851a1d" />
    <TestList name="All Loaded Results" id="19431567-8539-422a-85d7-44ee4e166bda" />
  </TestLists>
  <ResultSummary outcome="Completed">
    <Counters total="113" executed="111" passed="111" failed="0" error="0" timeout="0" aborted="0" inconclusive="0" passedButRunAborted="0" notRunnable="0" notExecuted="0" disconnected="0" warning="0" completed="0" inProgress="0" pending="0" />
    <Output>
      <StdOut>Test 'IncrementalMetadataRequestCallsDatabase' was skipped in the test run.Test 'FullGetMetadataCallGetsFromDatabaseOnCacheMiss' was skipped in the test run.</StdOut>
    </Output>
  </ResultSummary>
</TestRun>