<?xml version="1.0" encoding="UTF-8"?>
<TestRun id="e5685273-fa21-46c1-9260-7b1407ef2564" name="tfsmladm@TFSBUILD11 2015-09-28 09:43:43" runUser="REDMOND\tfsmladm" xmlns="http://microsoft.com/schemas/VisualStudio/TeamTest/2010">
  <Times creation="2015-09-28T09:43:43.9851699-07:00" queuing="2015-09-28T09:43:43.9851699-07:00" start="2015-09-28T09:43:43.9851699-07:00" finish="2015-09-28T09:43:44.0320488-07:00" />
  <TestSettings name="default" id="a605412a-ee47-483e-bc86-039a0e637571">
    <Execution>
      <TestTypeSpecific />
    </Execution>
    <Deployment runDeploymentRoot="tfsmladm_TFSBUILD11 2015-09-28 09_43_43" />
    <Properties />
  </TestSettings>
  <Results>
    <UnitTestResult executionId="3ade8e8f-7f0a-48b1-b127-86e78da6cda4" testId="f316b3ae-a8b7-7ead-8612-afed9449d9f8" testName="FakeTest" computerName="TFSBUILD11" duration="00:00:00.0032398" startTime="2015-09-28T09:43:43.9070390-07:00" endTime="2015-09-28T09:43:43.9382921-07:00" testType="13cdc9d9-ddb5-4fa4-a97d-d965ccfc6d4b" outcome="Passed" testListId="8c84fa94-04c1-424b-9868-57a2d4851a1d" relativeResultsDirectory="3ade8e8f-7f0a-48b1-b127-86e78da6cda4" />
  </Results>
  <TestDefinitions>
    <UnitTest name="FakeTest" storage="d:\v2.0\a1\_work\dbded102\bin\release.anycpu\vssf.client\vssf.testframework.client.l2.l0.tests\vssf.testframework.client.l2.l0.tests.dll" id="f316b3ae-a8b7-7ead-8612-afed9449d9f8">
      <Owners>
        <Owner name="johnmo" />
      </Owners>
      <Execution id="3ade8e8f-7f0a-48b1-b127-86e78da6cda4" />
      <TestMethod codeBase="D:\v2.0\A1\_work\dbded102\bin\Release.AnyCPU\Vssf.Client\Vssf.TestFramework.Client.L2.L0.Tests\Vssf.TestFramework.Client.L2.L0.Tests.dll" adapterTypeName="Microsoft.VisualStudio.TestTools.TestTypes.Unit.UnitTestAdapter" className="MS.TF.Test.Fuzz.UnitTests.FuzzLibraryTests" name="FakeTest" />
    </UnitTest>
  </TestDefinitions>
  <TestEntries>
    <TestEntry testId="f316b3ae-a8b7-7ead-8612-afed9449d9f8" executionId="3ade8e8f-7f0a-48b1-b127-86e78da6cda4" testListId="8c84fa94-04c1-424b-9868-57a2d4851a1d" />
  </TestEntries>
  <TestLists>
    <TestList name="Results Not in a List" id="8c84fa94-04c1-424b-9868-57a2d4851a1d" />
    <TestList name="All Loaded Results" id="19431567-8539-422a-85d7-44ee4e166bda" />
  </TestLists>
  <ResultSummary outcome="Completed">
    <Counters total="1" executed="1" passed="1" failed="0" error="0" timeout="0" aborted="0" inconclusive="0" passedButRunAborted="0" notRunnable="0" notExecuted="0" disconnected="0" warning="0" completed="0" inProgress="0" pending="0" />
  </ResultSummary>
</TestRun>