<?xml version="1.0" encoding="UTF-8"?>
<TestRun id="61f42243-9edf-4a82-a003-7fa0ac76cd04" name="tfsmladm@TFSBUILD11 2015-09-28 09:45:48" runUser="REDMOND\tfsmladm" xmlns="http://microsoft.com/schemas/VisualStudio/TeamTest/2010">
  <Times creation="2015-09-28T09:45:48.9908191-07:00" queuing="2015-09-28T09:45:48.9908191-07:00" start="2015-09-28T09:45:48.9948205-07:00" finish="2015-09-28T09:45:53.5894736-07:00" />
  <TestSettings name="default" id="c973635a-7602-4b2b-8b3a-6d845fcdec94">
    <Execution>
      <TestTypeSpecific />
    </Execution>
    <Deployment runDeploymentRoot="tfsmladm_TFSBUILD11 2015-09-28 09_45_48" />
    <Properties />
  </TestSettings>
  <Results>
    <UnitTestResult executionId="395b4c13-116a-45a5-9de4-67c30c5266ad" testId="36868de7-9ffb-41ac-87c4-b8f19ee8d399" testName="TFSTests.Mention.Helpers SearchString returns expected highlighted source string" computerName="TFSBUILD11" duration="00:00:00.0260000" startTime="2015-09-28T09:45:49.0368379-07:00" endTime="2015-09-28T09:45:49.0368379-07:00" testType="13cdc9d9-ddb5-4fa4-a97d-d965ccfc6d4b" outcome="Passed" testListId="8c84fa94-04c1-424b-9868-57a2d4851a1d" relativeResultsDirectory="395b4c13-116a-45a5-9de4-67c30c5266ad" />
    <UnitTestResult executionId="4466886f-ac52-433d-98e5-b84f06bc5c12" testId="b1cd16ef-e7c1-4e45-9490-7bea7733b178" testName="TFSTests.Mention.Helpers SearchString returns expected highlighted source number" computerName="TFSBUILD11" duration="00:00:00.0150000" startTime="2015-09-28T09:45:49.0468419-07:00" endTime="2015-09-28T09:45:49.0468419-07:00" testType="13cdc9d9-ddb5-4fa4-a97d-d965ccfc6d4b" outcome="Passed" testListId="8c84fa94-04c1-424b-9868-57a2d4851a1d" relativeResultsDirectory="4466886f-ac52-433d-98e5-b84f06bc5c12" />
    <UnitTestResult executionId="5cdb7a30-65b5-4191-b05c-5567703ab495" testId="933d3afe-91e3-4333-b74b-311894a31beb" testName="TFSTests.Mention.Helpers SearchString returns expected highlighted source with multiple terms" computerName="TFSBUILD11" duration="00:00:00.0140000" startTime="2015-09-28T09:45:49.0468419-07:00" endTime="2015-09-28T09:45:49.0468419-07:00" testType="13cdc9d9-ddb5-4fa4-a97d-d965ccfc6d4b" outcome="Passed" testListId="8c84fa94-04c1-424b-9868-57a2d4851a1d" relativeResultsDirectory="5cdb7a30-65b5-4191-b05c-5567703ab495" />
    <UnitTestResult executionId="9adde443-cafd-4c3e-8224-5b480e929970" testId="5b77dfa9-f991-4c91-a861-842bea2fb4ae" testName="TFSTests.Mention.Helpers SearchString returns expected highlighted source with prefix search" computerName="TFSBUILD11" duration="00:00:00.0140000" startTime="2015-09-28T09:45:49.0468419-07:00" endTime="2015-09-28T09:45:49.0468419-07:00" testType="13cdc9d9-ddb5-4fa4-a97d-d965ccfc6d4b" outcome="Passed" testListId="8c84fa94-04c1-424b-9868-57a2d4851a1d" relativeResultsDirectory="9adde443-cafd-4c3e-8224-5b480e929970" />
    <UnitTestResult executionId="9164a45c-e9fd-4184-8174-71b8405b62f7" testId="abf2e71f-86a7-4315-844f-867e68985011" testName="TFSTests.Mention.Helpers SearchString returns false if term is not found" computerName="TFSBUILD11" duration="00:00:00.0410000" startTime="2015-09-28T09:45:49.0468419-07:00" endTime="2015-09-28T09:45:49.0468419-07:00" testType="13cdc9d9-ddb5-4fa4-a97d-d965ccfc6d4b" outcome="Passed" testListId="8c84fa94-04c1-424b-9868-57a2d4851a1d" relativeResultsDirectory="9164a45c-e9fd-4184-8174-71b8405b62f7" />
    <UnitTestResult executionId="bf5985a1-20bb-4288-a6f9-59295314b23a" testId="55510110-389d-4432-bc7e-6b306f942fb7" testName="TFSTests.Mention.Helpers SearchString returns false for terms which are not found" computerName="TFSBUILD11" duration="00:00:00.0170000" startTime="2015-09-28T09:45:49.0468419-07:00" endTime="2015-09-28T09:45:49.0468419-07:00" testType="13cdc9d9-ddb5-4fa4-a97d-d965ccfc6d4b" outcome="Passed" testListId="8c84fa94-04c1-424b-9868-57a2d4851a1d" relativeResultsDirectory="bf5985a1-20bb-4288-a6f9-59295314b23a" />
    <UnitTestResult executionId="324db043-25ec-40d5-83eb-3268028b92c9" testId="7c013d5f-cc3d-4562-b84d-51ef817f7cf6" testName="TFSTests.Mention.Helpers SearchString returns expected highlighted source with prefix search of one number term and one other term" computerName="TFSBUILD11" duration="00:00:00.0160000" startTime="2015-09-28T09:45:49.0468419-07:00" endTime="2015-09-28T09:45:49.0468419-07:00" testType="13cdc9d9-ddb5-4fa4-a97d-d965ccfc6d4b" outcome="Passed" testListId="8c84fa94-04c1-424b-9868-57a2d4851a1d" relativeResultsDirectory="324db043-25ec-40d5-83eb-3268028b92c9" />
    <UnitTestResult executionId="883cee0e-e36f-4102-ae3d-c2326643d84e" testId="3ef96f7c-216d-4358-b678-77f75e8a0814" testName="TFSTests.Mention.ArtifactsCache Loads artifacts in batches" computerName="TFSBUILD11" duration="00:00:00.0280000" startTime="2015-09-28T09:45:49.0468419-07:00" endTime="2015-09-28T09:45:49.0468419-07:00" testType="13cdc9d9-ddb5-4fa4-a97d-d965ccfc6d4b" outcome="Passed" testListId="8c84fa94-04c1-424b-9868-57a2d4851a1d" relativeResultsDirectory="883cee0e-e36f-4102-ae3d-c2326643d84e" />
    <UnitTestResult executionId="e243d35e-e05c-41f2-887d-bc60021a4c75" testId="9cfd344a-8c83-42ae-85e5-4110183ec3d6" testName="TFSTests.Mention.ArtifactsCache A timeout does not initiate loading artifacts if the artifact which initiated the timer has already been removed from the queue" computerName="TFSBUILD11" duration="00:00:00.0180000" startTime="2015-09-28T09:45:49.0468419-07:00" endTime="2015-09-28T09:45:49.0468419-07:00" testType="13cdc9d9-ddb5-4fa4-a97d-d965ccfc6d4b" outcome="Passed" testListId="8c84fa94-04c1-424b-9868-57a2d4851a1d" relativeResultsDirectory="e243d35e-e05c-41f2-887d-bc60021a4c75" />
    <UnitTestResult executionId="c9ffa7c2-196f-46b3-8315-3cf78baad5d6" testId="f9628f42-2c01-415e-89a7-1e12b18b0528" testName="TFSTests.Mention.Autocomplete.Controls.AutocompleteSessionManager initializes plugins" computerName="TFSBUILD11" duration="00:00:00.0170000" startTime="2015-09-28T09:45:49.1168691-07:00" endTime="2015-09-28T09:45:49.1168691-07:00" testType="13cdc9d9-ddb5-4fa4-a97d-d965ccfc6d4b" outcome="Passed" testListId="8c84fa94-04c1-424b-9868-57a2d4851a1d" relativeResultsDirectory="c9ffa7c2-196f-46b3-8315-3cf78baad5d6" />
    <UnitTestResult executionId="6a6427b8-def0-40c7-9a35-92fa820b9481" testId="31ed3ef7-cad2-4966-bc2d-e6eea4f74c03" testName="TFSTests.Mention.Autocomplete.Controls.AutocompleteSessionManager prefetch calls prefetch on plugins" computerName="TFSBUILD11" duration="00:00:00.0160000" startTime="2015-09-28T09:45:49.1168691-07:00" endTime="2015-09-28T09:45:49.1168691-07:00" testType="13cdc9d9-ddb5-4fa4-a97d-d965ccfc6d4b" outcome="Passed" testListId="8c84fa94-04c1-424b-9868-57a2d4851a1d" relativeResultsDirectory="6a6427b8-def0-40c7-9a35-92fa820b9481" />
    <UnitTestResult executionId="4fed4ce9-6438-49cb-80b4-f2bb3caaca4a" testId="f72384c1-c44b-4166-93bb-9d85a87ce544" testName="TFSTests.Mention.Autocomplete.Controls.AutocompleteSessionManager updateSession closes active plugin if canOpen returns a range" computerName="TFSBUILD11" duration="00:00:00.0220000" startTime="2015-09-28T09:45:49.1178700-07:00" endTime="2015-09-28T09:45:49.1178700-07:00" testType="13cdc9d9-ddb5-4fa4-a97d-d965ccfc6d4b" outcome="Passed" testListId="8c84fa94-04c1-424b-9868-57a2d4851a1d" relativeResultsDirectory="4fed4ce9-6438-49cb-80b4-f2bb3caaca4a" />
    <UnitTestResult executionId="c8dda609-f70c-4742-93b8-ef29ac83868a" testId="a93d1e64-3278-4ee1-a68c-b38fdbbe7cb4" testName="TFSTests.Mention.Autocomplete.Controls.AutocompleteSessionManager updateSession keeps active plugin open if it canOpen and is not superceeded" computerName="TFSBUILD11" duration="00:00:00.0170000" startTime="2015-09-28T09:45:49.1178700-07:00" endTime="2015-09-28T09:45:49.1178700-07:00" testType="13cdc9d9-ddb5-4fa4-a97d-d965ccfc6d4b" outcome="Passed" testListId="8c84fa94-04c1-424b-9868-57a2d4851a1d" relativeResultsDirectory="c8dda609-f70c-4742-93b8-ef29ac83868a" />
    <UnitTestResult executionId="1375a199-3aa5-4038-bfaf-9559df1525bc" testId="7bae46a4-ad16-416e-8d70-b3e67c0e6405" testName="TFSTests.Mention.Autocomplete.Controls.AutocompleteSessionManager updateSession switches active plugin open if it canOpen and but is superceeded" computerName="TFSBUILD11" duration="00:00:00.0170000" startTime="2015-09-28T09:45:49.1178700-07:00" endTime="2015-09-28T09:45:49.1178700-07:00" testType="13cdc9d9-ddb5-4fa4-a97d-d965ccfc6d4b" outcome="Passed" testListId="8c84fa94-04c1-424b-9868-57a2d4851a1d" relativeResultsDirectory="1375a199-3aa5-4038-bfaf-9559df1525bc" />
    <UnitTestResult executionId="da173010-90d7-4fa9-bd82-edb0c8ce1fa9" testId="0ca2ffed-6fe3-49e0-80b2-5ab8d528499d" testName="TFSTests.Mention.Autocomplete.Controls.AutocompleteSessionManager updateSession switches active plugin open if it cannot open and is also superceeded" computerName="TFSBUILD11" duration="00:00:00.0170000" startTime="2015-09-28T09:45:49.1178700-07:00" endTime="2015-09-28T09:45:49.1178700-07:00" testType="13cdc9d9-ddb5-4fa4-a97d-d965ccfc6d4b" outcome="Passed" testListId="8c84fa94-04c1-424b-9868-57a2d4851a1d" relativeResultsDirectory="da173010-90d7-4fa9-bd82-edb0c8ce1fa9" />
    <UnitTestResult executionId="07c0ba2f-d5fe-46f7-844b-cf817734a78c" testId="82526e1c-1cb7-4887-b00e-2906070a9424" testName="TFSTests.Mention.Autocomplete.Controls.AutocompleteSessionManager updateSession activates session and opens plugin if it can open" computerName="TFSBUILD11" duration="00:00:00.0160000" startTime="2015-09-28T09:45:49.1178700-07:00" endTime="2015-09-28T09:45:49.1178700-07:00" testType="13cdc9d9-ddb5-4fa4-a97d-d965ccfc6d4b" outcome="Passed" testListId="8c84fa94-04c1-424b-9868-57a2d4851a1d" relativeResultsDirectory="07c0ba2f-d5fe-46f7-844b-cf817734a78c" />
    <UnitTestResult executionId="775a87a3-9143-497b-9a89-6ea576912e5c" testId="07807e04-0213-4805-82b9-5d2448003c69" testName="TFSTests.Mention.Autocomplete.Controls.AutocompleteSessionManager suggest calls suggest on active plugin" computerName="TFSBUILD11" duration="00:00:00.0160000" startTime="2015-09-28T09:45:49.1178700-07:00" endTime="2015-09-28T09:45:49.1178700-07:00" testType="13cdc9d9-ddb5-4fa4-a97d-d965ccfc6d4b" outcome="Passed" testListId="8c84fa94-04c1-424b-9868-57a2d4851a1d" relativeResultsDirectory="775a87a3-9143-497b-9a89-6ea576912e5c" />
    <UnitTestResult executionId="e0aa2c5d-b242-4d8e-b741-df3b44cd527a" testId="f60892ba-9e54-4cae-ae3c-a9fa35143e7f" testName="TFSTests.Mention.Autocomplete.Controls.AutocompleteEnhancement Autocomplete UI intercepts ENTER events when, and only when active, and prevents other handlers from seeing the event" computerName="TFSBUILD11" duration="00:00:00.0220000" startTime="2015-09-28T09:45:49.1178700-07:00" endTime="2015-09-28T09:45:49.1178700-07:00" testType="13cdc9d9-ddb5-4fa4-a97d-d965ccfc6d4b" outcome="Passed" testListId="8c84fa94-04c1-424b-9868-57a2d4851a1d" relativeResultsDirectory="e0aa2c5d-b242-4d8e-b741-df3b44cd527a" />
    <UnitTestResult executionId="b66f832b-fe51-4856-9874-7e44d04b309e" testId="07353640-4949-465c-9dc3-3b5d81d4bb08" testName="TFSTests.Mention.Autocomplete.Controls.AutocompleteEnhancement Autocomplete UI intercepts ESCAPE events when, and only when active, and prevents other handlers from seeing the event" computerName="TFSBUILD11" duration="00:00:00.0170000" startTime="2015-09-28T09:45:49.2669292-07:00" endTime="2015-09-28T09:45:49.2669292-07:00" testType="13cdc9d9-ddb5-4fa4-a97d-d965ccfc6d4b" outcome="Passed" testListId="8c84fa94-04c1-424b-9868-57a2d4851a1d" relativeResultsDirectory="b66f832b-fe51-4856-9874-7e44d04b309e" />
    <UnitTestResult executionId="b922a406-05db-4e03-811c-a05d020b6054" testId="16b07805-af72-45d4-9c51-c1d8eca1dcf3" testName="TFSTests.Mention.Autocomplete.Controls.AutocompleteEnhancement Autocomplete UI intercepts TAB events when, and only when active, and prevents other handlers from seeing the event" computerName="TFSBUILD11" duration="00:00:00.0170000" startTime="2015-09-28T09:45:49.2669292-07:00" endTime="2015-09-28T09:45:49.2669292-07:00" testType="13cdc9d9-ddb5-4fa4-a97d-d965ccfc6d4b" outcome="Passed" testListId="8c84fa94-04c1-424b-9868-57a2d4851a1d" relativeResultsDirectory="b922a406-05db-4e03-811c-a05d020b6054" />
    <UnitTestResult executionId="35a592f5-77da-419d-a353-d3f18803bc1c" testId="e7e33c90-6eb0-4925-963b-b152947fb101" testName="TFSTests.Mention.Autocomplete.Controls.AutocompleteEnhancement prefetch calls AutocompleteSessionManager.prefetch" computerName="TFSBUILD11" duration="00:00:00.0150000" startTime="2015-09-28T09:45:49.2669292-07:00" endTime="2015-09-28T09:45:49.2669292-07:00" testType="13cdc9d9-ddb5-4fa4-a97d-d965ccfc6d4b" outcome="Passed" testListId="8c84fa94-04c1-424b-9868-57a2d4851a1d" relativeResultsDirectory="35a592f5-77da-419d-a353-d3f18803bc1c" />
    <UnitTestResult executionId="369c5b06-26c1-4be7-84f4-f651a084633e" testId="5b29a722-e66e-4261-9b87-e562a826bfc0" testName="TFSTests.PersonAutocompleteProvider selecting an identity invokes the select and close handlers and adds the identity to the MRU" computerName="TFSBUILD11" duration="00:00:00.0180000" startTime="2015-09-28T09:45:49.2669292-07:00" endTime="2015-09-28T09:45:49.2669292-07:00" testType="13cdc9d9-ddb5-4fa4-a97d-d965ccfc6d4b" outcome="Passed" testListId="8c84fa94-04c1-424b-9868-57a2d4851a1d" relativeResultsDirectory="369c5b06-26c1-4be7-84f4-f651a084633e" />
    <UnitTestResult executionId="62bf3b63-35e2-4038-b4f0-59587e92380d" testId="ec757fc3-bede-4440-8be1-cbf2c50aa7fb" testName="TFSTests.PersonAutocompleteProvider prefetch calls load on identity picker" computerName="TFSBUILD11" duration="00:00:00.0150000" startTime="2015-09-28T09:45:49.2679299-07:00" endTime="2015-09-28T09:45:49.2679299-07:00" testType="13cdc9d9-ddb5-4fa4-a97d-d965ccfc6d4b" outcome="Passed" testListId="8c84fa94-04c1-424b-9868-57a2d4851a1d" relativeResultsDirectory="62bf3b63-35e2-4038-b4f0-59587e92380d" />
    <UnitTestResult executionId="8328eadc-d416-4ade-92b3-95d99165b06d" testId="7e6125b9-c7ed-48f7-b4cf-8d27d3f5a58f" testName="TFSTests.PeopleProvider getBySignInAddress returns identity" computerName="TFSBUILD11" duration="00:00:00.0160000" startTime="2015-09-28T09:45:49.2679299-07:00" endTime="2015-09-28T09:45:49.2679299-07:00" testType="13cdc9d9-ddb5-4fa4-a97d-d965ccfc6d4b" outcome="Passed" testListId="8c84fa94-04c1-424b-9868-57a2d4851a1d" relativeResultsDirectory="8328eadc-d416-4ade-92b3-95d99165b06d" />
    <UnitTestResult executionId="3c41abd1-2f60-4912-9130-1bdb7a15852b" testId="4fba41a4-8eaa-4262-aaa4-3cda95e2a7b0" testName="TFSTests.PeopleProvider _loadPeople loads identities using the Identities Picker Identities Service" computerName="TFSBUILD11" duration="00:00:00.0190000" startTime="2015-09-28T09:45:49.2679299-07:00" endTime="2015-09-28T09:45:49.2679299-07:00" testType="13cdc9d9-ddb5-4fa4-a97d-d965ccfc6d4b" outcome="Passed" testListId="8c84fa94-04c1-424b-9868-57a2d4851a1d" relativeResultsDirectory="3c41abd1-2f60-4912-9130-1bdb7a15852b" />
    <UnitTestResult executionId="232ce3fc-204e-433e-bcfc-78c00dfff413" testId="a0073cfe-2175-48fa-b8b2-bc8be31a10c5" testName="TFSTests.PeopleMentionsRenderingProvider Renders person if sign in address is found" computerName="TFSBUILD11" duration="00:00:00.0170000" startTime="2015-09-28T09:45:49.2679299-07:00" endTime="2015-09-28T09:45:49.2679299-07:00" testType="13cdc9d9-ddb5-4fa4-a97d-d965ccfc6d4b" outcome="Passed" testListId="8c84fa94-04c1-424b-9868-57a2d4851a1d" relativeResultsDirectory="232ce3fc-204e-433e-bcfc-78c00dfff413" />
    <UnitTestResult executionId="0670892f-9fdd-4d6f-a36d-6d864ed29982" testId="8ac3ad4d-37bb-45de-b89a-50a19e815c5b" testName="TFSTests.PeopleMentionParser getMentionTrigger for blank text returns null" computerName="TFSBUILD11" duration="00:00:00.0150000" startTime="2015-09-28T09:45:49.2679299-07:00" endTime="2015-09-28T09:45:49.2679299-07:00" testType="13cdc9d9-ddb5-4fa4-a97d-d965ccfc6d4b" outcome="Passed" testListId="8c84fa94-04c1-424b-9868-57a2d4851a1d" relativeResultsDirectory="0670892f-9fdd-4d6f-a36d-6d864ed29982" />
    <UnitTestResult executionId="93fbd042-b444-407b-929e-58dc6eeae2e8" testId="72fbb69d-a384-451c-bec4-624b20216618" testName="TFSTests.PeopleMentionParser getMentionTrigger for text without trigger returns null" computerName="TFSBUILD11" duration="00:00:00.0150000" startTime="2015-09-28T09:45:49.4035693-07:00" endTime="2015-09-28T09:45:49.4035693-07:00" testType="13cdc9d9-ddb5-4fa4-a97d-d965ccfc6d4b" outcome="Passed" testListId="8c84fa94-04c1-424b-9868-57a2d4851a1d" relativeResultsDirectory="93fbd042-b444-407b-929e-58dc6eeae2e8" />
    <UnitTestResult executionId="ccb11232-d5ba-4944-ad37-439dc2a283f1" testId="6b11c4e9-d9c6-4740-8219-ba3927de0438" testName="TFSTests.PeopleMentionParser getMentionTrigger for text which ends with &quot;@&lt;john@contoso.com&gt;&quot; returns the mention as trigger" computerName="TFSBUILD11" duration="00:00:00.0150000" startTime="2015-09-28T09:45:49.4045695-07:00" endTime="2015-09-28T09:45:49.4045695-07:00" testType="13cdc9d9-ddb5-4fa4-a97d-d965ccfc6d4b" outcome="Passed" testListId="8c84fa94-04c1-424b-9868-57a2d4851a1d" relativeResultsDirectory="ccb11232-d5ba-4944-ad37-439dc2a283f1" />
    <UnitTestResult executionId="83e85011-70be-4fe1-95d7-a0a632941a36" testId="aa02f0d5-03f6-4ec7-9f43-acc4bbd9834e" testName="TFSTests.PeopleMentionParser getMentionTrigger for text which ends with &quot;@&lt;john@contoso.com&gt; &quot; returns null" computerName="TFSBUILD11" duration="00:00:00.0140000" startTime="2015-09-28T09:45:49.4045695-07:00" endTime="2015-09-28T09:45:49.4045695-07:00" testType="13cdc9d9-ddb5-4fa4-a97d-d965ccfc6d4b" outcome="Passed" testListId="8c84fa94-04c1-424b-9868-57a2d4851a1d" relativeResultsDirectory="83e85011-70be-4fe1-95d7-a0a632941a36" />
    <UnitTestResult executionId="81b51741-aa5d-4026-957e-5bcf78ff221e" testId="0338e929-7f8a-44e6-a80f-1b90c21f87d6" testName="TFSTests.PeopleMentionParser getMentionTrigger for text which ends with &quot;@&lt;john@cont&quot; returns the partial mention as trigger" computerName="TFSBUILD11" duration="00:00:00.0150000" startTime="2015-09-28T09:45:49.4045695-07:00" endTime="2015-09-28T09:45:49.4045695-07:00" testType="13cdc9d9-ddb5-4fa4-a97d-d965ccfc6d4b" outcome="Passed" testListId="8c84fa94-04c1-424b-9868-57a2d4851a1d" relativeResultsDirectory="81b51741-aa5d-4026-957e-5bcf78ff221e" />
    <UnitTestResult executionId="e1e1e667-f4b9-405b-97c6-54135f3b5cc2" testId="2f8203f9-6d22-46aa-b382-b9cbdaad884b" testName="TFSTests.PeopleMentionParser getMentionTrigger for text which ends with a single-word trigger returns trigger" computerName="TFSBUILD11" duration="00:00:00.0160000" startTime="2015-09-28T09:45:49.4045695-07:00" endTime="2015-09-28T09:45:49.4045695-07:00" testType="13cdc9d9-ddb5-4fa4-a97d-d965ccfc6d4b" outcome="Passed" testListId="8c84fa94-04c1-424b-9868-57a2d4851a1d" relativeResultsDirectory="e1e1e667-f4b9-405b-97c6-54135f3b5cc2" />
    <UnitTestResult executionId="8b3b7309-5bf8-4eb9-9df1-375b6a82634c" testId="584872fb-0c33-44a1-9dd8-83b738c3fa17" testName="TFSTests.PeopleMentionParser getMentionTrigger for text which end with a multi-word trigger returns trigger if isOpen" computerName="TFSBUILD11" duration="00:00:00.0150000" startTime="2015-09-28T09:45:49.4045695-07:00" endTime="2015-09-28T09:45:49.4045695-07:00" testType="13cdc9d9-ddb5-4fa4-a97d-d965ccfc6d4b" outcome="Passed" testListId="8c84fa94-04c1-424b-9868-57a2d4851a1d" relativeResultsDirectory="8b3b7309-5bf8-4eb9-9df1-375b6a82634c" />
    <UnitTestResult executionId="0330df27-c41f-4aa2-9594-9a657a0a81e5" testId="8b72230e-e1cc-43a5-8f3d-d56312bb1078" testName="TFSTests.PeopleMentionParser getMentionTrigger for text which ends with a multi-word trigger returns null if not isOpen" computerName="TFSBUILD11" duration="00:00:00.0140000" startTime="2015-09-28T09:45:49.4045695-07:00" endTime="2015-09-28T09:45:49.4045695-07:00" testType="13cdc9d9-ddb5-4fa4-a97d-d965ccfc6d4b" outcome="Passed" testListId="8c84fa94-04c1-424b-9868-57a2d4851a1d" relativeResultsDirectory="0330df27-c41f-4aa2-9594-9a657a0a81e5" />
    <UnitTestResult executionId="36ea5d54-f781-480c-9fb4-a3bd37b7f51c" testId="19c5cead-0978-41f1-872b-d17f1d08be86" testName="TFSTests.PeopleMentionParser getMentionTrigger returns last trigger in text" computerName="TFSBUILD11" duration="00:00:00.0140000" startTime="2015-09-28T09:45:49.4045695-07:00" endTime="2015-09-28T09:45:49.4045695-07:00" testType="13cdc9d9-ddb5-4fa4-a97d-d965ccfc6d4b" outcome="Passed" testListId="8c84fa94-04c1-424b-9868-57a2d4851a1d" relativeResultsDirectory="36ea5d54-f781-480c-9fb4-a3bd37b7f51c" />
    <UnitTestResult executionId="bb272814-a87e-4cd6-b085-f37efec786d6" testId="810fcc4a-5071-4d51-a695-e9d34a6c4341" testName="TFSTests.PeopleMentionParser PeopleMentionParser works" computerName="TFSBUILD11" duration="00:00:00.0160000" startTime="2015-09-28T09:45:49.4045695-07:00" endTime="2015-09-28T09:45:49.4045695-07:00" testType="13cdc9d9-ddb5-4fa4-a97d-d965ccfc6d4b" outcome="Passed" testListId="8c84fa94-04c1-424b-9868-57a2d4851a1d" relativeResultsDirectory="bb272814-a87e-4cd6-b085-f37efec786d6" />
    <UnitTestResult executionId="60e4f1a9-13f9-4e79-9247-30ca2e5d9f03" testId="014ff7ac-66da-46ac-82a4-0757192df848" testName="TFSTests.PeopleMentionParser PeopleMentionParser parses mailto: links" computerName="TFSBUILD11" duration="00:00:00.0180000" startTime="2015-09-28T09:45:49.5733287-07:00" endTime="2015-09-28T09:45:49.5733287-07:00" testType="13cdc9d9-ddb5-4fa4-a97d-d965ccfc6d4b" outcome="Passed" testListId="8c84fa94-04c1-424b-9868-57a2d4851a1d" relativeResultsDirectory="60e4f1a9-13f9-4e79-9247-30ca2e5d9f03" />
    <UnitTestResult executionId="a7640917-3be0-4aba-a4ad-5531cb9cad93" testId="23aa4121-d54d-48a7-97dd-a023e6a187bb" testName="TFSTests.PeopleMentionParser PeopleMentionParser rejects non-mailto: links" computerName="TFSBUILD11" duration="00:00:00.0140000" startTime="2015-09-28T09:45:49.5733287-07:00" endTime="2015-09-28T09:45:49.5733287-07:00" testType="13cdc9d9-ddb5-4fa4-a97d-d965ccfc6d4b" outcome="Passed" testListId="8c84fa94-04c1-424b-9868-57a2d4851a1d" relativeResultsDirectory="a7640917-3be0-4aba-a4ad-5531cb9cad93" />
    <UnitTestResult executionId="32c0a150-4c9c-4d6e-84bc-015db7f281e7" testId="0d482585-f431-4f97-87d9-bd30380d8f70" testName="TFSTests.Mention.WorkItems.Helpers searchHighlightedWorkItem returns highlighted workitem if all query terms match" computerName="TFSBUILD11" duration="00:00:00.0160000" startTime="2015-09-28T09:45:49.5733287-07:00" endTime="2015-09-28T09:45:49.5733287-07:00" testType="13cdc9d9-ddb5-4fa4-a97d-d965ccfc6d4b" outcome="Passed" testListId="8c84fa94-04c1-424b-9868-57a2d4851a1d" relativeResultsDirectory="32c0a150-4c9c-4d6e-84bc-015db7f281e7" />
    <UnitTestResult executionId="03bd2542-f283-472a-a955-28aa459a74a0" testId="c6317bdd-1145-4d32-81f1-df19b31a6313" testName="TFSTests.Mention.WorkItems.Helpers searchHighlightedWorkItem returns original workitem if any query term does not match" computerName="TFSBUILD11" duration="00:00:00.0150000" startTime="2015-09-28T09:45:49.5733287-07:00" endTime="2015-09-28T09:45:49.5733287-07:00" testType="13cdc9d9-ddb5-4fa4-a97d-d965ccfc6d4b" outcome="Passed" testListId="8c84fa94-04c1-424b-9868-57a2d4851a1d" relativeResultsDirectory="03bd2542-f283-472a-a955-28aa459a74a0" />
    <UnitTestResult executionId="6e0163b3-97ce-4b91-8e74-43f5e71cadb7" testId="63c52243-cffc-490a-8344-f4a190830a89" testName="TFSTests.Mention.WorkItems WorkItemProcessing works" computerName="TFSBUILD11" duration="00:00:00.0440000" startTime="2015-09-28T09:45:49.5733287-07:00" endTime="2015-09-28T09:45:49.5733287-07:00" testType="13cdc9d9-ddb5-4fa4-a97d-d965ccfc6d4b" outcome="Passed" testListId="8c84fa94-04c1-424b-9868-57a2d4851a1d" relativeResultsDirectory="6e0163b3-97ce-4b91-8e74-43f5e71cadb7" />
    <UnitTestResult executionId="85a5de66-6f9f-4b99-861f-c6e65b50176e" testId="c9827864-9066-41a4-b3e3-d6836abfde5c" testName="TFSTests.Mention.WorkItems WorkItemProvider.search returns expected highlighting" computerName="TFSBUILD11" duration="00:00:00.0180000" startTime="2015-09-28T09:45:49.5733287-07:00" endTime="2015-09-28T09:45:49.5733287-07:00" testType="13cdc9d9-ddb5-4fa4-a97d-d965ccfc6d4b" outcome="Passed" testListId="8c84fa94-04c1-424b-9868-57a2d4851a1d" relativeResultsDirectory="85a5de66-6f9f-4b99-861f-c6e65b50176e" />
    <UnitTestResult executionId="23f8d05e-2529-476f-b59a-3cef4ddd1ff3" testId="a479012d-c869-427e-941f-784348181a12" testName="TFSTests.Mention.WorkItems WorkItemProvider.isValidWorkItemId returns false for id = 0" computerName="TFSBUILD11" duration="00:00:00.0140000" startTime="2015-09-28T09:45:49.5733287-07:00" endTime="2015-09-28T09:45:49.5733287-07:00" testType="13cdc9d9-ddb5-4fa4-a97d-d965ccfc6d4b" outcome="Passed" testListId="8c84fa94-04c1-424b-9868-57a2d4851a1d" relativeResultsDirectory="23f8d05e-2529-476f-b59a-3cef4ddd1ff3" />
    <UnitTestResult executionId="d0df130c-c61f-49b1-80b9-8a7a12d1c872" testId="0b94f98c-6ce0-4484-b620-ca075ec32edd" testName="TFSTests.Mention.WorkItems WorkItemProvider.isValidWorkItemId returns false for id = 2147483648" computerName="TFSBUILD11" duration="00:00:00.0140000" startTime="2015-09-28T09:45:49.5743292-07:00" endTime="2015-09-28T09:45:49.5743292-07:00" testType="13cdc9d9-ddb5-4fa4-a97d-d965ccfc6d4b" outcome="Passed" testListId="8c84fa94-04c1-424b-9868-57a2d4851a1d" relativeResultsDirectory="d0df130c-c61f-49b1-80b9-8a7a12d1c872" />
    <UnitTestResult executionId="0aca7459-b7fb-48c7-b3a1-574010f3156c" testId="4ed0c56f-9773-4a2d-8e67-c5900ec62a93" testName="TFSTests.Mention.WorkItems WorkItemProvider.isValidWorkItemId returns false for id = -1" computerName="TFSBUILD11" duration="00:00:00.0130000" startTime="2015-09-28T09:45:49.5743292-07:00" endTime="2015-09-28T09:45:49.5743292-07:00" testType="13cdc9d9-ddb5-4fa4-a97d-d965ccfc6d4b" outcome="Passed" testListId="8c84fa94-04c1-424b-9868-57a2d4851a1d" relativeResultsDirectory="0aca7459-b7fb-48c7-b3a1-574010f3156c" />
    <UnitTestResult executionId="ea0659b0-ac42-43f3-a749-6d4d79de027e" testId="13bef5cb-b4f0-4899-a0f5-7f021a1409e4" testName="TFSTests.Mention.WorkItems WorkItemProvider.isValidWorkItemId returns true for id = 2" computerName="TFSBUILD11" duration="00:00:00.0140000" startTime="2015-09-28T09:45:51.0852193-07:00" endTime="2015-09-28T09:45:51.0852193-07:00" testType="13cdc9d9-ddb5-4fa4-a97d-d965ccfc6d4b" outcome="Passed" testListId="8c84fa94-04c1-424b-9868-57a2d4851a1d" relativeResultsDirectory="ea0659b0-ac42-43f3-a749-6d4d79de027e" />
    <UnitTestResult executionId="0e06803e-d0ea-4da9-9b0b-8fb7a9e41c96" testId="44f88432-d06c-49a1-bcff-76d8bdc4281e" testName="TFSTests.Mention.WorkItems WorkItemProvider initialization works" computerName="TFSBUILD11" duration="00:00:00.1350000" startTime="2015-09-28T09:45:51.0852193-07:00" endTime="2015-09-28T09:45:51.0852193-07:00" testType="13cdc9d9-ddb5-4fa4-a97d-d965ccfc6d4b" outcome="Passed" testListId="8c84fa94-04c1-424b-9868-57a2d4851a1d" relativeResultsDirectory="0e06803e-d0ea-4da9-9b0b-8fb7a9e41c96" />
    <UnitTestResult executionId="c71f1a0b-0c7e-47b5-a699-4558885e2219" testId="44060642-4a10-46cf-90fa-a6bdc0feac07" testName="TFSTests.Mention.WorkItems getWorkItemColorsProvider gets color data from the server if the local data island doesn't exist" computerName="TFSBUILD11" duration="00:00:00.0150000" startTime="2015-09-28T09:45:51.0852193-07:00" endTime="2015-09-28T09:45:51.0852193-07:00" testType="13cdc9d9-ddb5-4fa4-a97d-d965ccfc6d4b" outcome="Passed" testListId="8c84fa94-04c1-424b-9868-57a2d4851a1d" relativeResultsDirectory="c71f1a0b-0c7e-47b5-a699-4558885e2219" />
    <UnitTestResult executionId="0b2d38ba-d515-4f81-a8a4-e78f9bef1739" testId="e4081e8f-3880-495d-8241-3e89e9d75e88" testName="TFSTests.Mention.WorkItems searchById and search rejects their promises if queryByWiql fails" computerName="TFSBUILD11" duration="00:00:01.0170000" startTime="2015-09-28T09:45:51.0852193-07:00" endTime="2015-09-28T09:45:51.0852193-07:00" testType="13cdc9d9-ddb5-4fa4-a97d-d965ccfc6d4b" outcome="Passed" testListId="8c84fa94-04c1-424b-9868-57a2d4851a1d" relativeResultsDirectory="0b2d38ba-d515-4f81-a8a4-e78f9bef1739" />
    <UnitTestResult executionId="941fb7fd-31fe-43bc-9eb0-0f2ec8603306" testId="d5e7db21-2942-49fb-8896-7980641ee81c" testName="TFSTests.Mention.WorkItems searchById and search rejects their promises if getWorkItems fails" computerName="TFSBUILD11" duration="00:00:01.0260000" startTime="2015-09-28T09:45:52.5849674-07:00" endTime="2015-09-28T09:45:52.5849674-07:00" testType="13cdc9d9-ddb5-4fa4-a97d-d965ccfc6d4b" outcome="Passed" testListId="8c84fa94-04c1-424b-9868-57a2d4851a1d" relativeResultsDirectory="941fb7fd-31fe-43bc-9eb0-0f2ec8603306" />
    <UnitTestResult executionId="91e1cffd-17bb-4f05-9307-cac6fc40af4d" testId="02b9b607-5fc1-4504-becd-e6bdcc163776" testName="TFSTests.Mention.WorkItems searchById and search resolves their promises if queryByWiql and getWorkItems succeed" computerName="TFSBUILD11" duration="00:00:01.0160000" startTime="2015-09-28T09:45:52.9128251-07:00" endTime="2015-09-28T09:45:52.9128251-07:00" testType="13cdc9d9-ddb5-4fa4-a97d-d965ccfc6d4b" outcome="Passed" testListId="8c84fa94-04c1-424b-9868-57a2d4851a1d" relativeResultsDirectory="91e1cffd-17bb-4f05-9307-cac6fc40af4d" />
    <UnitTestResult executionId="399426b4-3172-428b-bc96-37be51ba6811" testId="950c82f5-022f-48e1-9de2-265cf207b0df" testName="TFSTests.Mention.WorkItems.WorkItemByIdAutocompleteProvider prefetch gets instance of WorkItemProvider" computerName="TFSBUILD11" duration="00:00:00.0150000" startTime="2015-09-28T09:45:52.9128251-07:00" endTime="2015-09-28T09:45:52.9128251-07:00" testType="13cdc9d9-ddb5-4fa4-a97d-d965ccfc6d4b" outcome="Passed" testListId="8c84fa94-04c1-424b-9868-57a2d4851a1d" relativeResultsDirectory="399426b4-3172-428b-bc96-37be51ba6811" />
    <UnitTestResult executionId="5037fcd0-5dc5-4c66-aaf8-f3d44be500a3" testId="0770a77d-7707-4d27-b649-332886dd9f55" testName="TFSTests.Mention.WorkItems.WorkItemByIdAutocompleteProvider canOpen returns a range when autocomplete is close if text before selection is '#'" computerName="TFSBUILD11" duration="00:00:00.0140000" startTime="2015-09-28T09:45:52.9128251-07:00" endTime="2015-09-28T09:45:52.9128251-07:00" testType="13cdc9d9-ddb5-4fa4-a97d-d965ccfc6d4b" outcome="Passed" testListId="8c84fa94-04c1-424b-9868-57a2d4851a1d" relativeResultsDirectory="5037fcd0-5dc5-4c66-aaf8-f3d44be500a3" />
    <UnitTestResult executionId="134fdf1c-a744-4cc4-902f-ed6dc48cd92d" testId="0fa56091-f152-4434-a716-936450065e64" testName="TFSTests.Mention.WorkItems.WorkItemByIdAutocompleteProvider canOpen returns a range when autocomplete is close if text before selection is 'foo bar #'" computerName="TFSBUILD11" duration="00:00:00.0140000" startTime="2015-09-28T09:45:52.9128251-07:00" endTime="2015-09-28T09:45:52.9128251-07:00" testType="13cdc9d9-ddb5-4fa4-a97d-d965ccfc6d4b" outcome="Passed" testListId="8c84fa94-04c1-424b-9868-57a2d4851a1d" relativeResultsDirectory="134fdf1c-a744-4cc4-902f-ed6dc48cd92d" />
    <UnitTestResult executionId="f2160079-45f8-4de9-97e0-3621d3de10c5" testId="f3210817-0026-40db-9aa9-446b47baf3e9" testName="TFSTests.Mention.WorkItems.WorkItemByIdAutocompleteProvider canOpen returns nothing when autocomplete is close if text before selection is 'foo bar#'" computerName="TFSBUILD11" duration="00:00:00.0140000" startTime="2015-09-28T09:45:52.9138227-07:00" endTime="2015-09-28T09:45:52.9138227-07:00" testType="13cdc9d9-ddb5-4fa4-a97d-d965ccfc6d4b" outcome="Passed" testListId="8c84fa94-04c1-424b-9868-57a2d4851a1d" relativeResultsDirectory="f2160079-45f8-4de9-97e0-3621d3de10c5" />
    <UnitTestResult executionId="9dfba3fc-4259-4e5b-a3e4-6576641ebf7d" testId="03bbd3ad-9dfd-47ca-99d6-7ee5fbc58312" testName="TFSTests.Mention.WorkItems.WorkItemByIdAutocompleteProvider canOpen returns a range when autocomplete is close if text before selection is '#234'" computerName="TFSBUILD11" duration="00:00:00.0140000" startTime="2015-09-28T09:45:52.9138227-07:00" endTime="2015-09-28T09:45:52.9138227-07:00" testType="13cdc9d9-ddb5-4fa4-a97d-d965ccfc6d4b" outcome="Passed" testListId="8c84fa94-04c1-424b-9868-57a2d4851a1d" relativeResultsDirectory="9dfba3fc-4259-4e5b-a3e4-6576641ebf7d" />
    <UnitTestResult executionId="b8ad93bd-1647-4e18-80cd-c95c446c8c4f" testId="eb1b61bf-2a3c-4033-86a3-f86cf232a2c2" testName="TFSTests.Mention.WorkItems.WorkItemByIdAutocompleteProvider canOpen returns nothing when autocomplete is close if text before selection is '#234 '" computerName="TFSBUILD11" duration="00:00:00.0140000" startTime="2015-09-28T09:45:52.9138227-07:00" endTime="2015-09-28T09:45:52.9138227-07:00" testType="13cdc9d9-ddb5-4fa4-a97d-d965ccfc6d4b" outcome="Passed" testListId="8c84fa94-04c1-424b-9868-57a2d4851a1d" relativeResultsDirectory="b8ad93bd-1647-4e18-80cd-c95c446c8c4f" />
    <UnitTestResult executionId="71567a93-bd71-46ac-8cd8-247abdb9dd74" testId="f264e988-95c5-453c-8cef-fa242546ec9b" testName="TFSTests.Mention.WorkItems.WorkItemByIdAutocompleteProvider canOpen returns a range when autocomplete is close if text before selection is '#234a'" computerName="TFSBUILD11" duration="00:00:00.0140000" startTime="2015-09-28T09:45:52.9138227-07:00" endTime="2015-09-28T09:45:52.9138227-07:00" testType="13cdc9d9-ddb5-4fa4-a97d-d965ccfc6d4b" outcome="Passed" testListId="8c84fa94-04c1-424b-9868-57a2d4851a1d" relativeResultsDirectory="71567a93-bd71-46ac-8cd8-247abdb9dd74" />
    <UnitTestResult executionId="45ac11c6-2853-4378-a482-2ae293c7822d" testId="00c4e19d-4ef3-4566-ad95-431d0f86f6cd" testName="TFSTests.Mention.WorkItems.WorkItemByIdAutocompleteProvider canOpen returns nothing when autocomplete is close if text before selection is ''" computerName="TFSBUILD11" duration="00:00:00.0140000" startTime="2015-09-28T09:45:52.9138227-07:00" endTime="2015-09-28T09:45:52.9138227-07:00" testType="13cdc9d9-ddb5-4fa4-a97d-d965ccfc6d4b" outcome="Passed" testListId="8c84fa94-04c1-424b-9868-57a2d4851a1d" relativeResultsDirectory="45ac11c6-2853-4378-a482-2ae293c7822d" />
    <UnitTestResult executionId="023ed317-11c8-404e-a572-9a4df10b5a31" testId="e9d5de47-71c0-4528-905d-af349b32ed6c" testName="TFSTests.Mention.WorkItems.WorkItemByIdAutocompleteProvider canOpen returns nothing when autocomplete is close if text before selection is 'foo'" computerName="TFSBUILD11" duration="00:00:00.0140000" startTime="2015-09-28T09:45:53.0469516-07:00" endTime="2015-09-28T09:45:53.0469516-07:00" testType="13cdc9d9-ddb5-4fa4-a97d-d965ccfc6d4b" outcome="Passed" testListId="8c84fa94-04c1-424b-9868-57a2d4851a1d" relativeResultsDirectory="023ed317-11c8-404e-a572-9a4df10b5a31" />
    <UnitTestResult executionId="8ee257d6-7dfe-41d6-a93e-b2afc68a070e" testId="b05e737f-f5f3-428e-bba8-0206cb68b2db" testName="TFSTests.Mention.WorkItems.WorkItemByIdAutocompleteProvider canOpen returns nothing when autocomplete is open if text before selection is '#foo  '" computerName="TFSBUILD11" duration="00:00:00.0140000" startTime="2015-09-28T09:45:53.0469516-07:00" endTime="2015-09-28T09:45:53.0469516-07:00" testType="13cdc9d9-ddb5-4fa4-a97d-d965ccfc6d4b" outcome="Passed" testListId="8c84fa94-04c1-424b-9868-57a2d4851a1d" relativeResultsDirectory="8ee257d6-7dfe-41d6-a93e-b2afc68a070e" />
    <UnitTestResult executionId="0b77ae9b-49dc-4f9d-8561-6f87dc492fbc" testId="512d84ac-11e0-4395-b121-fb1ae036f6c0" testName="TFSTests.Mention.WorkItems.WorkItemByIdAutocompleteProvider canOpen returns nothing when autocomplete is open if text before selection is '#foo1 bar2 foo3 bar4 foo5 bar6'" computerName="TFSBUILD11" duration="00:00:00.0150000" startTime="2015-09-28T09:45:53.0469516-07:00" endTime="2015-09-28T09:45:53.0469516-07:00" testType="13cdc9d9-ddb5-4fa4-a97d-d965ccfc6d4b" outcome="Passed" testListId="8c84fa94-04c1-424b-9868-57a2d4851a1d" relativeResultsDirectory="0b77ae9b-49dc-4f9d-8561-6f87dc492fbc" />
    <UnitTestResult executionId="458a0031-e29a-49ae-a889-0ed50ba91021" testId="ab30bae9-efa5-4d89-80e4-b18913365cf6" testName="TFSTests.Mention.WorkItems.WorkItemByIdAutocompleteProvider canOpen returns a range when autocomplete is open if text before selection is '#foo1 '" computerName="TFSBUILD11" duration="00:00:00.0140000" startTime="2015-09-28T09:45:53.0469516-07:00" endTime="2015-09-28T09:45:53.0469516-07:00" testType="13cdc9d9-ddb5-4fa4-a97d-d965ccfc6d4b" outcome="Passed" testListId="8c84fa94-04c1-424b-9868-57a2d4851a1d" relativeResultsDirectory="458a0031-e29a-49ae-a889-0ed50ba91021" />
    <UnitTestResult executionId="c15c344a-b675-4201-8f9e-18c0c7e2a4b4" testId="bdd532c5-329d-4836-8a7a-32e4225fdead" testName="TFSTests.Mention.WorkItems.WorkItemByIdAutocompleteProvider canOpen returns a range when autocomplete is open if text before selection is '#foo!1 bar?2 foo[3 bar-4 foo*5 '" computerName="TFSBUILD11" duration="00:00:00.0140000" startTime="2015-09-28T09:45:53.0469516-07:00" endTime="2015-09-28T09:45:53.0469516-07:00" testType="13cdc9d9-ddb5-4fa4-a97d-d965ccfc6d4b" outcome="Passed" testListId="8c84fa94-04c1-424b-9868-57a2d4851a1d" relativeResultsDirectory="c15c344a-b675-4201-8f9e-18c0c7e2a4b4" />
    <UnitTestResult executionId="7d3b895e-8169-49e8-a6f7-ecc3e40296a6" testId="dae6fc75-dd84-4f6d-a797-2c40d86ed09f" testName="TFSTests.Mention.WorkItems.WorkItemByIdAutocompleteProvider getSuggestions searches by id if text before selection is '#125'" computerName="TFSBUILD11" duration="00:00:00.0160000" startTime="2015-09-28T09:45:53.0469516-07:00" endTime="2015-09-28T09:45:53.0469516-07:00" testType="13cdc9d9-ddb5-4fa4-a97d-d965ccfc6d4b" outcome="Passed" testListId="8c84fa94-04c1-424b-9868-57a2d4851a1d" relativeResultsDirectory="7d3b895e-8169-49e8-a6f7-ecc3e40296a6" />
    <UnitTestResult executionId="ea42c7c3-40da-41da-81f2-68d987c73c3a" testId="5499bb7c-4f52-4877-af3d-4fe272201bd7" testName="TFSTests.Mention.WorkItems.WorkItemByIdAutocompleteProvider getSuggestions searches by id if text before selection is 'foo bar #125'" computerName="TFSBUILD11" duration="00:00:00.0140000" startTime="2015-09-28T09:45:53.0469516-07:00" endTime="2015-09-28T09:45:53.0469516-07:00" testType="13cdc9d9-ddb5-4fa4-a97d-d965ccfc6d4b" outcome="Passed" testListId="8c84fa94-04c1-424b-9868-57a2d4851a1d" relativeResultsDirectory="ea42c7c3-40da-41da-81f2-68d987c73c3a" />
    <UnitTestResult executionId="c4bb875b-8b33-4fd8-ba06-c9bbb6f1c5a3" testId="524606f8-4935-489f-8459-d54e62574391" testName="TFSTests.Mention.WorkItems.WorkItemByIdAutocompleteProvider getSuggestions gets suggestions short-list if text before selection is '#'" computerName="TFSBUILD11" duration="00:00:00.0150000" startTime="2015-09-28T09:45:53.0479517-07:00" endTime="2015-09-28T09:45:53.0469516-07:00" testType="13cdc9d9-ddb5-4fa4-a97d-d965ccfc6d4b" outcome="Passed" testListId="8c84fa94-04c1-424b-9868-57a2d4851a1d" relativeResultsDirectory="c4bb875b-8b33-4fd8-ba06-c9bbb6f1c5a3" />
    <UnitTestResult executionId="f6809a8f-800c-4df6-a016-906457e340ed" testId="167d94a4-f644-4fe3-97c1-91d78ba093f6" testName="TFSTests.Mention.WorkItems.WorkItemByIdAutocompleteProvider getSuggestions gets suggestions short-list if text before selection is 'foo #'" computerName="TFSBUILD11" duration="00:00:00.0150000" startTime="2015-09-28T09:45:53.0479517-07:00" endTime="2015-09-28T09:45:53.0479517-07:00" testType="13cdc9d9-ddb5-4fa4-a97d-d965ccfc6d4b" outcome="Passed" testListId="8c84fa94-04c1-424b-9868-57a2d4851a1d" relativeResultsDirectory="f6809a8f-800c-4df6-a016-906457e340ed" />
    <UnitTestResult executionId="69db84a3-fea6-4649-aad0-6024b394911e" testId="d8b8f8c3-0b84-48c1-a345-20a15f9a5745" testName="TFSTests.Mention.WorkItems.WorkItemByIdAutocompleteProvider getReplacementText in preview mode inserts the suggested id after 'foo #' and selects the added characters" computerName="TFSBUILD11" duration="00:00:00.0150000" startTime="2015-09-28T09:45:53.5727687-07:00" endTime="2015-09-28T09:45:53.5727687-07:00" testType="13cdc9d9-ddb5-4fa4-a97d-d965ccfc6d4b" outcome="Passed" testListId="8c84fa94-04c1-424b-9868-57a2d4851a1d" relativeResultsDirectory="69db84a3-fea6-4649-aad0-6024b394911e" />
    <UnitTestResult executionId="d51ea4c4-62fd-48af-af0a-f091446fae94" testId="74fbf5d9-1205-4b7f-80c6-3da360763703" testName="TFSTests.Mention.WorkItems.WorkItemByIdAutocompleteProvider getReplacementText in preview mode inserts the suggested id after 'foo #4' and selects the added characters" computerName="TFSBUILD11" duration="00:00:00.0150000" startTime="2015-09-28T09:45:53.5727687-07:00" endTime="2015-09-28T09:45:53.5727687-07:00" testType="13cdc9d9-ddb5-4fa4-a97d-d965ccfc6d4b" outcome="Passed" testListId="8c84fa94-04c1-424b-9868-57a2d4851a1d" relativeResultsDirectory="d51ea4c4-62fd-48af-af0a-f091446fae94" />
    <UnitTestResult executionId="93b56a23-9fe0-4eb0-91ce-45baed443ef3" testId="445078c7-84f2-4ef2-ae29-0573770e921e" testName="TFSTests.Mention.WorkItems.WorkItemByIdAutocompleteProvider getReplacementText in preview mode inserts the suggested id after '#4' and selects the added characters" computerName="TFSBUILD11" duration="00:00:00.0140000" startTime="2015-09-28T09:45:53.5727687-07:00" endTime="2015-09-28T09:45:53.5727687-07:00" testType="13cdc9d9-ddb5-4fa4-a97d-d965ccfc6d4b" outcome="Passed" testListId="8c84fa94-04c1-424b-9868-57a2d4851a1d" relativeResultsDirectory="93b56a23-9fe0-4eb0-91ce-45baed443ef3" />
    <UnitTestResult executionId="8e846812-126f-4eee-8efa-d12e3c7ab2b1" testId="7d1f2c59-f9d4-4470-887a-97f056fbac44" testName="TFSTests.Mention.WorkItems.WorkItemByIdAutocompleteProvider getReplacementText in non-preview mode puts the cursor after the insertion" computerName="TFSBUILD11" duration="00:00:00.0140000" startTime="2015-09-28T09:45:53.5727687-07:00" endTime="2015-09-28T09:45:53.5727687-07:00" testType="13cdc9d9-ddb5-4fa4-a97d-d965ccfc6d4b" outcome="Passed" testListId="8c84fa94-04c1-424b-9868-57a2d4851a1d" relativeResultsDirectory="8e846812-126f-4eee-8efa-d12e3c7ab2b1" />
    <UnitTestResult executionId="d5233299-51d3-405f-a921-d76fbb42d085" testId="7f407cc7-3bb5-464c-b76c-23131032cc4c" testName="TFSTests.Mention.WorkItems.WorkItemByIdAutocompleteProvider getReplacementText adds a space after the insertion if there is no word separator character after the insertion" computerName="TFSBUILD11" duration="00:00:00.0140000" startTime="2015-09-28T09:45:53.5727687-07:00" endTime="2015-09-28T09:45:53.5727687-07:00" testType="13cdc9d9-ddb5-4fa4-a97d-d965ccfc6d4b" outcome="Passed" testListId="8c84fa94-04c1-424b-9868-57a2d4851a1d" relativeResultsDirectory="d5233299-51d3-405f-a921-d76fbb42d085" />
    <UnitTestResult executionId="23b863f9-cded-486e-827d-ba3dd8470f0f" testId="6c73db51-1032-41c7-bf78-08501284854c" testName="TFSTests.WorkItemsMentionParser WorkItemsMentionParser works" computerName="TFSBUILD11" duration="00:00:00.0150000" startTime="2015-09-28T09:45:53.5738535-07:00" endTime="2015-09-28T09:45:53.5738535-07:00" testType="13cdc9d9-ddb5-4fa4-a97d-d965ccfc6d4b" outcome="Passed" testListId="8c84fa94-04c1-424b-9868-57a2d4851a1d" relativeResultsDirectory="23b863f9-cded-486e-827d-ba3dd8470f0f" />
    <UnitTestResult executionId="5603ffdc-c10e-4767-bb33-d4440cee1659" testId="cb0457b4-1acd-4b51-93c4-2c139c5e9c6f" testName="TFSTests.WorkItemsMentionParser WorkItemsMentionParser parses work item permalink when host is the same" computerName="TFSBUILD11" duration="00:00:00.0170000" startTime="2015-09-28T09:45:53.5738535-07:00" endTime="2015-09-28T09:45:53.5738535-07:00" testType="13cdc9d9-ddb5-4fa4-a97d-d965ccfc6d4b" outcome="Passed" testListId="8c84fa94-04c1-424b-9868-57a2d4851a1d" relativeResultsDirectory="5603ffdc-c10e-4767-bb33-d4440cee1659" />
    <UnitTestResult executionId="07f4563d-455b-411c-985b-3de19b44c53f" testId="8e1fe641-a8b0-4469-af49-5b7538c1bbba" testName="TFSTests.WorkItemsMentionParser WorkItemsMentionParser rejects invalid link when host is same" computerName="TFSBUILD11" duration="00:00:00.0150000" startTime="2015-09-28T09:45:53.5738535-07:00" endTime="2015-09-28T09:45:53.5738535-07:00" testType="13cdc9d9-ddb5-4fa4-a97d-d965ccfc6d4b" outcome="Passed" testListId="8c84fa94-04c1-424b-9868-57a2d4851a1d" relativeResultsDirectory="07f4563d-455b-411c-985b-3de19b44c53f" />
    <UnitTestResult executionId="4b669887-2c70-420c-b73d-4ce5e94d7529" testId="b996750e-8b38-46a5-bdb8-aa4a6c93ae75" testName="TFSTests.WorkItemsMentionParser WorkItemsMentionParser rejects work item permalink when host is different" computerName="TFSBUILD11" duration="00:00:00.0150000" startTime="2015-09-28T09:45:53.5738535-07:00" endTime="2015-09-28T09:45:53.5738535-07:00" testType="13cdc9d9-ddb5-4fa4-a97d-d965ccfc6d4b" outcome="Passed" testListId="8c84fa94-04c1-424b-9868-57a2d4851a1d" relativeResultsDirectory="4b669887-2c70-420c-b73d-4ce5e94d7529" />
  </Results>
  <TestDefinitions>
    <UnitTest name="TFSTests.Mention.Helpers SearchString returns expected highlighted source string" storage="d:\v2.0\a1\_work\dbded102\vso\tfs\service\webaccess\mention\testscripts\tests\tfstests.mention.helpers.ts" id="36868de7-9ffb-41ac-87c4-b8f19ee8d399">
      <Execution id="395b4c13-116a-45a5-9de4-67c30c5266ad" />
      <TestMethod codeBase="d:\v2.0\a1\_work\dbded102\vso\tfs\service\webaccess\mention\testscripts\tests\tfstests.mention.helpers.ts" adapterTypeName="Microsoft.VisualStudio.TestTools.TestTypes.Unit.UnitTestAdapter" className="d:\v2.0\a1\_work\dbded102\vso\tfs\service\webaccess\mention\testscripts\tests\tfstests.mention.helpers.ts::tfstests.mention" name="TFSTests.Mention.Helpers SearchString returns expected highlighted source string" />
    </UnitTest>
    <UnitTest name="TFSTests.Mention.Helpers SearchString returns expected highlighted source number" storage="d:\v2.0\a1\_work\dbded102\vso\tfs\service\webaccess\mention\testscripts\tests\tfstests.mention.helpers.ts" id="b1cd16ef-e7c1-4e45-9490-7bea7733b178">
      <Execution id="4466886f-ac52-433d-98e5-b84f06bc5c12" />
      <TestMethod codeBase="d:\v2.0\a1\_work\dbded102\vso\tfs\service\webaccess\mention\testscripts\tests\tfstests.mention.helpers.ts" adapterTypeName="Microsoft.VisualStudio.TestTools.TestTypes.Unit.UnitTestAdapter" className="d:\v2.0\a1\_work\dbded102\vso\tfs\service\webaccess\mention\testscripts\tests\tfstests.mention.helpers.ts::tfstests.mention" name="TFSTests.Mention.Helpers SearchString returns expected highlighted source number" />
    </UnitTest>
    <UnitTest name="TFSTests.Mention.Helpers SearchString returns expected highlighted source with multiple terms" storage="d:\v2.0\a1\_work\dbded102\vso\tfs\service\webaccess\mention\testscripts\tests\tfstests.mention.helpers.ts" id="933d3afe-91e3-4333-b74b-311894a31beb">
      <Execution id="5cdb7a30-65b5-4191-b05c-5567703ab495" />
      <TestMethod codeBase="d:\v2.0\a1\_work\dbded102\vso\tfs\service\webaccess\mention\testscripts\tests\tfstests.mention.helpers.ts" adapterTypeName="Microsoft.VisualStudio.TestTools.TestTypes.Unit.UnitTestAdapter" className="d:\v2.0\a1\_work\dbded102\vso\tfs\service\webaccess\mention\testscripts\tests\tfstests.mention.helpers.ts::tfstests.mention" name="TFSTests.Mention.Helpers SearchString returns expected highlighted source with multiple terms" />
    </UnitTest>
    <UnitTest name="TFSTests.Mention.Helpers SearchString returns expected highlighted source with prefix search" storage="d:\v2.0\a1\_work\dbded102\vso\tfs\service\webaccess\mention\testscripts\tests\tfstests.mention.helpers.ts" id="5b77dfa9-f991-4c91-a861-842bea2fb4ae">
      <Execution id="9adde443-cafd-4c3e-8224-5b480e929970" />
      <TestMethod codeBase="d:\v2.0\a1\_work\dbded102\vso\tfs\service\webaccess\mention\testscripts\tests\tfstests.mention.helpers.ts" adapterTypeName="Microsoft.VisualStudio.TestTools.TestTypes.Unit.UnitTestAdapter" className="d:\v2.0\a1\_work\dbded102\vso\tfs\service\webaccess\mention\testscripts\tests\tfstests.mention.helpers.ts::tfstests.mention" name="TFSTests.Mention.Helpers SearchString returns expected highlighted source with prefix search" />
    </UnitTest>
    <UnitTest name="TFSTests.Mention.Helpers SearchString returns false if term is not found" storage="d:\v2.0\a1\_work\dbded102\vso\tfs\service\webaccess\mention\testscripts\tests\tfstests.mention.helpers.ts" id="abf2e71f-86a7-4315-844f-867e68985011">
      <Execution id="9164a45c-e9fd-4184-8174-71b8405b62f7" />
      <TestMethod codeBase="d:\v2.0\a1\_work\dbded102\vso\tfs\service\webaccess\mention\testscripts\tests\tfstests.mention.helpers.ts" adapterTypeName="Microsoft.VisualStudio.TestTools.TestTypes.Unit.UnitTestAdapter" className="d:\v2.0\a1\_work\dbded102\vso\tfs\service\webaccess\mention\testscripts\tests\tfstests.mention.helpers.ts::tfstests.mention" name="TFSTests.Mention.Helpers SearchString returns false if term is not found" />
    </UnitTest>
    <UnitTest name="TFSTests.Mention.Helpers SearchString returns false for terms which are not found" storage="d:\v2.0\a1\_work\dbded102\vso\tfs\service\webaccess\mention\testscripts\tests\tfstests.mention.helpers.ts" id="55510110-389d-4432-bc7e-6b306f942fb7">
      <Execution id="bf5985a1-20bb-4288-a6f9-59295314b23a" />
      <TestMethod codeBase="d:\v2.0\a1\_work\dbded102\vso\tfs\service\webaccess\mention\testscripts\tests\tfstests.mention.helpers.ts" adapterTypeName="Microsoft.VisualStudio.TestTools.TestTypes.Unit.UnitTestAdapter" className="d:\v2.0\a1\_work\dbded102\vso\tfs\service\webaccess\mention\testscripts\tests\tfstests.mention.helpers.ts::tfstests.mention" name="TFSTests.Mention.Helpers SearchString returns false for terms which are not found" />
    </UnitTest>
    <UnitTest name="TFSTests.Mention.Helpers SearchString returns expected highlighted source with prefix search of one number term and one other term" storage="d:\v2.0\a1\_work\dbded102\vso\tfs\service\webaccess\mention\testscripts\tests\tfstests.mention.helpers.ts" id="7c013d5f-cc3d-4562-b84d-51ef817f7cf6">
      <Execution id="324db043-25ec-40d5-83eb-3268028b92c9" />
      <TestMethod codeBase="d:\v2.0\a1\_work\dbded102\vso\tfs\service\webaccess\mention\testscripts\tests\tfstests.mention.helpers.ts" adapterTypeName="Microsoft.VisualStudio.TestTools.TestTypes.Unit.UnitTestAdapter" className="d:\v2.0\a1\_work\dbded102\vso\tfs\service\webaccess\mention\testscripts\tests\tfstests.mention.helpers.ts::tfstests.mention" name="TFSTests.Mention.Helpers SearchString returns expected highlighted source with prefix search of one number term and one other term" />
    </UnitTest>
    <UnitTest name="TFSTests.Mention.ArtifactsCache Loads artifacts in batches" storage="d:\v2.0\a1\_work\dbded102\vso\tfs\service\webaccess\mention\testscripts\tests\tfstests.mention.ts" id="3ef96f7c-216d-4358-b678-77f75e8a0814">
      <Execution id="883cee0e-e36f-4102-ae3d-c2326643d84e" />
      <TestMethod codeBase="d:\v2.0\a1\_work\dbded102\vso\tfs\service\webaccess\mention\testscripts\tests\tfstests.mention.ts" adapterTypeName="Microsoft.VisualStudio.TestTools.TestTypes.Unit.UnitTestAdapter" className="d:\v2.0\a1\_work\dbded102\vso\tfs\service\webaccess\mention\testscripts\tests\tfstests.mention.ts::tfstests.mention" name="TFSTests.Mention.ArtifactsCache Loads artifacts in batches" />
    </UnitTest>
    <UnitTest name="TFSTests.Mention.ArtifactsCache A timeout does not initiate loading artifacts if the artifact which initiated the timer has already been removed from the queue" storage="d:\v2.0\a1\_work\dbded102\vso\tfs\service\webaccess\mention\testscripts\tests\tfstests.mention.ts" id="9cfd344a-8c83-42ae-85e5-4110183ec3d6">
      <Execution id="e243d35e-e05c-41f2-887d-bc60021a4c75" />
      <TestMethod codeBase="d:\v2.0\a1\_work\dbded102\vso\tfs\service\webaccess\mention\testscripts\tests\tfstests.mention.ts" adapterTypeName="Microsoft.VisualStudio.TestTools.TestTypes.Unit.UnitTestAdapter" className="d:\v2.0\a1\_work\dbded102\vso\tfs\service\webaccess\mention\testscripts\tests\tfstests.mention.ts::tfstests.mention" name="TFSTests.Mention.ArtifactsCache A timeout does not initiate loading artifacts if the artifact which initiated the timer has already been removed from the queue" />
    </UnitTest>
    <UnitTest name="TFSTests.Mention.Autocomplete.Controls.AutocompleteSessionManager initializes plugins" storage="d:\v2.0\a1\_work\dbded102\vso\tfs\service\webaccess\mention\testscripts\tests\tfstests.mention.autocomplete.controls.ts" id="f9628f42-2c01-415e-89a7-1e12b18b0528">
      <Execution id="c9ffa7c2-196f-46b3-8315-3cf78baad5d6" />
      <TestMethod codeBase="d:\v2.0\a1\_work\dbded102\vso\tfs\service\webaccess\mention\testscripts\tests\tfstests.mention.autocomplete.controls.ts" adapterTypeName="Microsoft.VisualStudio.TestTools.TestTypes.Unit.UnitTestAdapter" className="d:\v2.0\a1\_work\dbded102\vso\tfs\service\webaccess\mention\testscripts\tests\tfstests.mention.autocomplete.controls.ts::tfstests.mention.autocomplete.controls" name="TFSTests.Mention.Autocomplete.Controls.AutocompleteSessionManager initializes plugins" />
    </UnitTest>
    <UnitTest name="TFSTests.Mention.Autocomplete.Controls.AutocompleteSessionManager prefetch calls prefetch on plugins" storage="d:\v2.0\a1\_work\dbded102\vso\tfs\service\webaccess\mention\testscripts\tests\tfstests.mention.autocomplete.controls.ts" id="31ed3ef7-cad2-4966-bc2d-e6eea4f74c03">
      <Execution id="6a6427b8-def0-40c7-9a35-92fa820b9481" />
      <TestMethod codeBase="d:\v2.0\a1\_work\dbded102\vso\tfs\service\webaccess\mention\testscripts\tests\tfstests.mention.autocomplete.controls.ts" adapterTypeName="Microsoft.VisualStudio.TestTools.TestTypes.Unit.UnitTestAdapter" className="d:\v2.0\a1\_work\dbded102\vso\tfs\service\webaccess\mention\testscripts\tests\tfstests.mention.autocomplete.controls.ts::tfstests.mention.autocomplete.controls" name="TFSTests.Mention.Autocomplete.Controls.AutocompleteSessionManager prefetch calls prefetch on plugins" />
    </UnitTest>
    <UnitTest name="TFSTests.Mention.Autocomplete.Controls.AutocompleteSessionManager updateSession closes active plugin if canOpen returns a range" storage="d:\v2.0\a1\_work\dbded102\vso\tfs\service\webaccess\mention\testscripts\tests\tfstests.mention.autocomplete.controls.ts" id="f72384c1-c44b-4166-93bb-9d85a87ce544">
      <Execution id="4fed4ce9-6438-49cb-80b4-f2bb3caaca4a" />
      <TestMethod codeBase="d:\v2.0\a1\_work\dbded102\vso\tfs\service\webaccess\mention\testscripts\tests\tfstests.mention.autocomplete.controls.ts" adapterTypeName="Microsoft.VisualStudio.TestTools.TestTypes.Unit.UnitTestAdapter" className="d:\v2.0\a1\_work\dbded102\vso\tfs\service\webaccess\mention\testscripts\tests\tfstests.mention.autocomplete.controls.ts::tfstests.mention.autocomplete.controls" name="TFSTests.Mention.Autocomplete.Controls.AutocompleteSessionManager updateSession closes active plugin if canOpen returns a range" />
    </UnitTest>
    <UnitTest name="TFSTests.Mention.Autocomplete.Controls.AutocompleteSessionManager updateSession keeps active plugin open if it canOpen and is not superceeded" storage="d:\v2.0\a1\_work\dbded102\vso\tfs\service\webaccess\mention\testscripts\tests\tfstests.mention.autocomplete.controls.ts" id="a93d1e64-3278-4ee1-a68c-b38fdbbe7cb4">
      <Execution id="c8dda609-f70c-4742-93b8-ef29ac83868a" />
      <TestMethod codeBase="d:\v2.0\a1\_work\dbded102\vso\tfs\service\webaccess\mention\testscripts\tests\tfstests.mention.autocomplete.controls.ts" adapterTypeName="Microsoft.VisualStudio.TestTools.TestTypes.Unit.UnitTestAdapter" className="d:\v2.0\a1\_work\dbded102\vso\tfs\service\webaccess\mention\testscripts\tests\tfstests.mention.autocomplete.controls.ts::tfstests.mention.autocomplete.controls" name="TFSTests.Mention.Autocomplete.Controls.AutocompleteSessionManager updateSession keeps active plugin open if it canOpen and is not superceeded" />
    </UnitTest>
    <UnitTest name="TFSTests.Mention.Autocomplete.Controls.AutocompleteSessionManager updateSession switches active plugin open if it canOpen and but is superceeded" storage="d:\v2.0\a1\_work\dbded102\vso\tfs\service\webaccess\mention\testscripts\tests\tfstests.mention.autocomplete.controls.ts" id="7bae46a4-ad16-416e-8d70-b3e67c0e6405">
      <Execution id="1375a199-3aa5-4038-bfaf-9559df1525bc" />
      <TestMethod codeBase="d:\v2.0\a1\_work\dbded102\vso\tfs\service\webaccess\mention\testscripts\tests\tfstests.mention.autocomplete.controls.ts" adapterTypeName="Microsoft.VisualStudio.TestTools.TestTypes.Unit.UnitTestAdapter" className="d:\v2.0\a1\_work\dbded102\vso\tfs\service\webaccess\mention\testscripts\tests\tfstests.mention.autocomplete.controls.ts::tfstests.mention.autocomplete.controls" name="TFSTests.Mention.Autocomplete.Controls.AutocompleteSessionManager updateSession switches active plugin open if it canOpen and but is superceeded" />
    </UnitTest>
    <UnitTest name="TFSTests.Mention.Autocomplete.Controls.AutocompleteSessionManager updateSession switches active plugin open if it cannot open and is also superceeded" storage="d:\v2.0\a1\_work\dbded102\vso\tfs\service\webaccess\mention\testscripts\tests\tfstests.mention.autocomplete.controls.ts" id="0ca2ffed-6fe3-49e0-80b2-5ab8d528499d">
      <Execution id="da173010-90d7-4fa9-bd82-edb0c8ce1fa9" />
      <TestMethod codeBase="d:\v2.0\a1\_work\dbded102\vso\tfs\service\webaccess\mention\testscripts\tests\tfstests.mention.autocomplete.controls.ts" adapterTypeName="Microsoft.VisualStudio.TestTools.TestTypes.Unit.UnitTestAdapter" className="d:\v2.0\a1\_work\dbded102\vso\tfs\service\webaccess\mention\testscripts\tests\tfstests.mention.autocomplete.controls.ts::tfstests.mention.autocomplete.controls" name="TFSTests.Mention.Autocomplete.Controls.AutocompleteSessionManager updateSession switches active plugin open if it cannot open and is also superceeded" />
    </UnitTest>
    <UnitTest name="TFSTests.Mention.Autocomplete.Controls.AutocompleteSessionManager updateSession activates session and opens plugin if it can open" storage="d:\v2.0\a1\_work\dbded102\vso\tfs\service\webaccess\mention\testscripts\tests\tfstests.mention.autocomplete.controls.ts" id="82526e1c-1cb7-4887-b00e-2906070a9424">
      <Execution id="07c0ba2f-d5fe-46f7-844b-cf817734a78c" />
      <TestMethod codeBase="d:\v2.0\a1\_work\dbded102\vso\tfs\service\webaccess\mention\testscripts\tests\tfstests.mention.autocomplete.controls.ts" adapterTypeName="Microsoft.VisualStudio.TestTools.TestTypes.Unit.UnitTestAdapter" className="d:\v2.0\a1\_work\dbded102\vso\tfs\service\webaccess\mention\testscripts\tests\tfstests.mention.autocomplete.controls.ts::tfstests.mention.autocomplete.controls" name="TFSTests.Mention.Autocomplete.Controls.AutocompleteSessionManager updateSession activates session and opens plugin if it can open" />
    </UnitTest>
    <UnitTest name="TFSTests.Mention.Autocomplete.Controls.AutocompleteSessionManager suggest calls suggest on active plugin" storage="d:\v2.0\a1\_work\dbded102\vso\tfs\service\webaccess\mention\testscripts\tests\tfstests.mention.autocomplete.controls.ts" id="07807e04-0213-4805-82b9-5d2448003c69">
      <Execution id="775a87a3-9143-497b-9a89-6ea576912e5c" />
      <TestMethod codeBase="d:\v2.0\a1\_work\dbded102\vso\tfs\service\webaccess\mention\testscripts\tests\tfstests.mention.autocomplete.controls.ts" adapterTypeName="Microsoft.VisualStudio.TestTools.TestTypes.Unit.UnitTestAdapter" className="d:\v2.0\a1\_work\dbded102\vso\tfs\service\webaccess\mention\testscripts\tests\tfstests.mention.autocomplete.controls.ts::tfstests.mention.autocomplete.controls" name="TFSTests.Mention.Autocomplete.Controls.AutocompleteSessionManager suggest calls suggest on active plugin" />
    </UnitTest>
    <UnitTest name="TFSTests.Mention.Autocomplete.Controls.AutocompleteEnhancement Autocomplete UI intercepts ENTER events when, and only when active, and prevents other handlers from seeing the event" storage="d:\v2.0\a1\_work\dbded102\vso\tfs\service\webaccess\mention\testscripts\tests\tfstests.mention.autocomplete.controls.ts" id="f60892ba-9e54-4cae-ae3c-a9fa35143e7f">
      <Execution id="e0aa2c5d-b242-4d8e-b741-df3b44cd527a" />
      <TestMethod codeBase="d:\v2.0\a1\_work\dbded102\vso\tfs\service\webaccess\mention\testscripts\tests\tfstests.mention.autocomplete.controls.ts" adapterTypeName="Microsoft.VisualStudio.TestTools.TestTypes.Unit.UnitTestAdapter" className="d:\v2.0\a1\_work\dbded102\vso\tfs\service\webaccess\mention\testscripts\tests\tfstests.mention.autocomplete.controls.ts::tfstests.mention.autocomplete.controls" name="TFSTests.Mention.Autocomplete.Controls.AutocompleteEnhancement Autocomplete UI intercepts ENTER events when, and only when active, and prevents other handlers from seeing the event" />
    </UnitTest>
    <UnitTest name="TFSTests.Mention.Autocomplete.Controls.AutocompleteEnhancement Autocomplete UI intercepts ESCAPE events when, and only when active, and prevents other handlers from seeing the event" storage="d:\v2.0\a1\_work\dbded102\vso\tfs\service\webaccess\mention\testscripts\tests\tfstests.mention.autocomplete.controls.ts" id="07353640-4949-465c-9dc3-3b5d81d4bb08">
      <Execution id="b66f832b-fe51-4856-9874-7e44d04b309e" />
      <TestMethod codeBase="d:\v2.0\a1\_work\dbded102\vso\tfs\service\webaccess\mention\testscripts\tests\tfstests.mention.autocomplete.controls.ts" adapterTypeName="Microsoft.VisualStudio.TestTools.TestTypes.Unit.UnitTestAdapter" className="d:\v2.0\a1\_work\dbded102\vso\tfs\service\webaccess\mention\testscripts\tests\tfstests.mention.autocomplete.controls.ts::tfstests.mention.autocomplete.controls" name="TFSTests.Mention.Autocomplete.Controls.AutocompleteEnhancement Autocomplete UI intercepts ESCAPE events when, and only when active, and prevents other handlers from seeing the event" />
    </UnitTest>
    <UnitTest name="TFSTests.Mention.Autocomplete.Controls.AutocompleteEnhancement Autocomplete UI intercepts TAB events when, and only when active, and prevents other handlers from seeing the event" storage="d:\v2.0\a1\_work\dbded102\vso\tfs\service\webaccess\mention\testscripts\tests\tfstests.mention.autocomplete.controls.ts" id="16b07805-af72-45d4-9c51-c1d8eca1dcf3">
      <Execution id="b922a406-05db-4e03-811c-a05d020b6054" />
      <TestMethod codeBase="d:\v2.0\a1\_work\dbded102\vso\tfs\service\webaccess\mention\testscripts\tests\tfstests.mention.autocomplete.controls.ts" adapterTypeName="Microsoft.VisualStudio.TestTools.TestTypes.Unit.UnitTestAdapter" className="d:\v2.0\a1\_work\dbded102\vso\tfs\service\webaccess\mention\testscripts\tests\tfstests.mention.autocomplete.controls.ts::tfstests.mention.autocomplete.controls" name="TFSTests.Mention.Autocomplete.Controls.AutocompleteEnhancement Autocomplete UI intercepts TAB events when, and only when active, and prevents other handlers from seeing the event" />
    </UnitTest>
    <UnitTest name="TFSTests.Mention.Autocomplete.Controls.AutocompleteEnhancement prefetch calls AutocompleteSessionManager.prefetch" storage="d:\v2.0\a1\_work\dbded102\vso\tfs\service\webaccess\mention\testscripts\tests\tfstests.mention.autocomplete.controls.ts" id="e7e33c90-6eb0-4925-963b-b152947fb101">
      <Execution id="35a592f5-77da-419d-a353-d3f18803bc1c" />
      <TestMethod codeBase="d:\v2.0\a1\_work\dbded102\vso\tfs\service\webaccess\mention\testscripts\tests\tfstests.mention.autocomplete.controls.ts" adapterTypeName="Microsoft.VisualStudio.TestTools.TestTypes.Unit.UnitTestAdapter" className="d:\v2.0\a1\_work\dbded102\vso\tfs\service\webaccess\mention\testscripts\tests\tfstests.mention.autocomplete.controls.ts::tfstests.mention.autocomplete.controls.autocompleteenhancement::prefetch calls autocompletesessionmanager" name="TFSTests.Mention.Autocomplete.Controls.AutocompleteEnhancement prefetch calls AutocompleteSessionManager.prefetch" />
    </UnitTest>
    <UnitTest name="TFSTests.PersonAutocompleteProvider selecting an identity invokes the select and close handlers and adds the identity to the MRU" storage="d:\v2.0\a1\_work\dbded102\vso\tfs\service\webaccess\mention\testscripts\tests\tfstests.mention.people.ts" id="5b29a722-e66e-4261-9b87-e562a826bfc0">
      <Execution id="369c5b06-26c1-4be7-84f4-f651a084633e" />
      <TestMethod codeBase="d:\v2.0\a1\_work\dbded102\vso\tfs\service\webaccess\mention\testscripts\tests\tfstests.mention.people.ts" adapterTypeName="Microsoft.VisualStudio.TestTools.TestTypes.Unit.UnitTestAdapter" className="d:\v2.0\a1\_work\dbded102\vso\tfs\service\webaccess\mention\testscripts\tests\tfstests.mention.people.ts::tfstests" name="TFSTests.PersonAutocompleteProvider selecting an identity invokes the select and close handlers and adds the identity to the MRU" />
    </UnitTest>
    <UnitTest name="TFSTests.PersonAutocompleteProvider prefetch calls load on identity picker" storage="d:\v2.0\a1\_work\dbded102\vso\tfs\service\webaccess\mention\testscripts\tests\tfstests.mention.people.ts" id="ec757fc3-bede-4440-8be1-cbf2c50aa7fb">
      <Execution id="62bf3b63-35e2-4038-b4f0-59587e92380d" />
      <TestMethod codeBase="d:\v2.0\a1\_work\dbded102\vso\tfs\service\webaccess\mention\testscripts\tests\tfstests.mention.people.ts" adapterTypeName="Microsoft.VisualStudio.TestTools.TestTypes.Unit.UnitTestAdapter" className="d:\v2.0\a1\_work\dbded102\vso\tfs\service\webaccess\mention\testscripts\tests\tfstests.mention.people.ts::tfstests" name="TFSTests.PersonAutocompleteProvider prefetch calls load on identity picker" />
    </UnitTest>
    <UnitTest name="TFSTests.PeopleProvider getBySignInAddress returns identity" storage="d:\v2.0\a1\_work\dbded102\vso\tfs\service\webaccess\mention\testscripts\tests\tfstests.mention.people.ts" id="7e6125b9-c7ed-48f7-b4cf-8d27d3f5a58f">
      <Execution id="8328eadc-d416-4ade-92b3-95d99165b06d" />
      <TestMethod codeBase="d:\v2.0\a1\_work\dbded102\vso\tfs\service\webaccess\mention\testscripts\tests\tfstests.mention.people.ts" adapterTypeName="Microsoft.VisualStudio.TestTools.TestTypes.Unit.UnitTestAdapter" className="d:\v2.0\a1\_work\dbded102\vso\tfs\service\webaccess\mention\testscripts\tests\tfstests.mention.people.ts::tfstests" name="TFSTests.PeopleProvider getBySignInAddress returns identity" />
    </UnitTest>
    <UnitTest name="TFSTests.PeopleProvider _loadPeople loads identities using the Identities Picker Identities Service" storage="d:\v2.0\a1\_work\dbded102\vso\tfs\service\webaccess\mention\testscripts\tests\tfstests.mention.people.ts" id="4fba41a4-8eaa-4262-aaa4-3cda95e2a7b0">
      <Execution id="3c41abd1-2f60-4912-9130-1bdb7a15852b" />
      <TestMethod codeBase="d:\v2.0\a1\_work\dbded102\vso\tfs\service\webaccess\mention\testscripts\tests\tfstests.mention.people.ts" adapterTypeName="Microsoft.VisualStudio.TestTools.TestTypes.Unit.UnitTestAdapter" className="d:\v2.0\a1\_work\dbded102\vso\tfs\service\webaccess\mention\testscripts\tests\tfstests.mention.people.ts::tfstests" name="TFSTests.PeopleProvider _loadPeople loads identities using the Identities Picker Identities Service" />
    </UnitTest>
    <UnitTest name="TFSTests.PeopleMentionsRenderingProvider Renders person if sign in address is found" storage="d:\v2.0\a1\_work\dbded102\vso\tfs\service\webaccess\mention\testscripts\tests\tfstests.mention.people.ts" id="a0073cfe-2175-48fa-b8b2-bc8be31a10c5">
      <Execution id="232ce3fc-204e-433e-bcfc-78c00dfff413" />
      <TestMethod codeBase="d:\v2.0\a1\_work\dbded102\vso\tfs\service\webaccess\mention\testscripts\tests\tfstests.mention.people.ts" adapterTypeName="Microsoft.VisualStudio.TestTools.TestTypes.Unit.UnitTestAdapter" className="d:\v2.0\a1\_work\dbded102\vso\tfs\service\webaccess\mention\testscripts\tests\tfstests.mention.people.ts::tfstests" name="TFSTests.PeopleMentionsRenderingProvider Renders person if sign in address is found" />
    </UnitTest>
    <UnitTest name="TFSTests.PeopleMentionParser getMentionTrigger for blank text returns null" storage="d:\v2.0\a1\_work\dbded102\vso\tfs\service\webaccess\mention\testscripts\tests\tfstests.mention.people.ts" id="8ac3ad4d-37bb-45de-b89a-50a19e815c5b">
      <Execution id="0670892f-9fdd-4d6f-a36d-6d864ed29982" />
      <TestMethod codeBase="d:\v2.0\a1\_work\dbded102\vso\tfs\service\webaccess\mention\testscripts\tests\tfstests.mention.people.ts" adapterTypeName="Microsoft.VisualStudio.TestTools.TestTypes.Unit.UnitTestAdapter" className="d:\v2.0\a1\_work\dbded102\vso\tfs\service\webaccess\mention\testscripts\tests\tfstests.mention.people.ts::tfstests" name="TFSTests.PeopleMentionParser getMentionTrigger for blank text returns null" />
    </UnitTest>
    <UnitTest name="TFSTests.PeopleMentionParser getMentionTrigger for text without trigger returns null" storage="d:\v2.0\a1\_work\dbded102\vso\tfs\service\webaccess\mention\testscripts\tests\tfstests.mention.people.ts" id="72fbb69d-a384-451c-bec4-624b20216618">
      <Execution id="93fbd042-b444-407b-929e-58dc6eeae2e8" />
      <TestMethod codeBase="d:\v2.0\a1\_work\dbded102\vso\tfs\service\webaccess\mention\testscripts\tests\tfstests.mention.people.ts" adapterTypeName="Microsoft.VisualStudio.TestTools.TestTypes.Unit.UnitTestAdapter" className="d:\v2.0\a1\_work\dbded102\vso\tfs\service\webaccess\mention\testscripts\tests\tfstests.mention.people.ts::tfstests" name="TFSTests.PeopleMentionParser getMentionTrigger for text without trigger returns null" />
    </UnitTest>
    <UnitTest name="TFSTests.PeopleMentionParser getMentionTrigger for text which ends with &quot;@&lt;john@contoso.com&gt;&quot; returns the mention as trigger" storage="d:\v2.0\a1\_work\dbded102\vso\tfs\service\webaccess\mention\testscripts\tests\tfstests.mention.people.ts" id="6b11c4e9-d9c6-4740-8219-ba3927de0438">
      <Execution id="ccb11232-d5ba-4944-ad37-439dc2a283f1" />
      <TestMethod codeBase="d:\v2.0\a1\_work\dbded102\vso\tfs\service\webaccess\mention\testscripts\tests\tfstests.mention.people.ts" adapterTypeName="Microsoft.VisualStudio.TestTools.TestTypes.Unit.UnitTestAdapter" className="d:\v2.0\a1\_work\dbded102\vso\tfs\service\webaccess\mention\testscripts\tests\tfstests.mention.people.ts::tfstests.peoplementionparser::getmentiontrigger for text which ends with &quot;@&lt;john@contoso" name="TFSTests.PeopleMentionParser getMentionTrigger for text which ends with &quot;@&lt;john@contoso.com&gt;&quot; returns the mention as trigger" />
    </UnitTest>
    <UnitTest name="TFSTests.PeopleMentionParser getMentionTrigger for text which ends with &quot;@&lt;john@contoso.com&gt; &quot; returns null" storage="d:\v2.0\a1\_work\dbded102\vso\tfs\service\webaccess\mention\testscripts\tests\tfstests.mention.people.ts" id="aa02f0d5-03f6-4ec7-9f43-acc4bbd9834e">
      <Execution id="83e85011-70be-4fe1-95d7-a0a632941a36" />
      <TestMethod codeBase="d:\v2.0\a1\_work\dbded102\vso\tfs\service\webaccess\mention\testscripts\tests\tfstests.mention.people.ts" adapterTypeName="Microsoft.VisualStudio.TestTools.TestTypes.Unit.UnitTestAdapter" className="d:\v2.0\a1\_work\dbded102\vso\tfs\service\webaccess\mention\testscripts\tests\tfstests.mention.people.ts::tfstests.peoplementionparser::getmentiontrigger for text which ends with &quot;@&lt;john@contoso" name="TFSTests.PeopleMentionParser getMentionTrigger for text which ends with &quot;@&lt;john@contoso.com&gt; &quot; returns null" />
    </UnitTest>
    <UnitTest name="TFSTests.PeopleMentionParser getMentionTrigger for text which ends with &quot;@&lt;john@cont&quot; returns the partial mention as trigger" storage="d:\v2.0\a1\_work\dbded102\vso\tfs\service\webaccess\mention\testscripts\tests\tfstests.mention.people.ts" id="0338e929-7f8a-44e6-a80f-1b90c21f87d6">
      <Execution id="81b51741-aa5d-4026-957e-5bcf78ff221e" />
      <TestMethod codeBase="d:\v2.0\a1\_work\dbded102\vso\tfs\service\webaccess\mention\testscripts\tests\tfstests.mention.people.ts" adapterTypeName="Microsoft.VisualStudio.TestTools.TestTypes.Unit.UnitTestAdapter" className="d:\v2.0\a1\_work\dbded102\vso\tfs\service\webaccess\mention\testscripts\tests\tfstests.mention.people.ts::tfstests" name="TFSTests.PeopleMentionParser getMentionTrigger for text which ends with &quot;@&lt;john@cont&quot; returns the partial mention as trigger" />
    </UnitTest>
    <UnitTest name="TFSTests.PeopleMentionParser getMentionTrigger for text which ends with a single-word trigger returns trigger" storage="d:\v2.0\a1\_work\dbded102\vso\tfs\service\webaccess\mention\testscripts\tests\tfstests.mention.people.ts" id="2f8203f9-6d22-46aa-b382-b9cbdaad884b">
      <Execution id="e1e1e667-f4b9-405b-97c6-54135f3b5cc2" />
      <TestMethod codeBase="d:\v2.0\a1\_work\dbded102\vso\tfs\service\webaccess\mention\testscripts\tests\tfstests.mention.people.ts" adapterTypeName="Microsoft.VisualStudio.TestTools.TestTypes.Unit.UnitTestAdapter" className="d:\v2.0\a1\_work\dbded102\vso\tfs\service\webaccess\mention\testscripts\tests\tfstests.mention.people.ts::tfstests" name="TFSTests.PeopleMentionParser getMentionTrigger for text which ends with a single-word trigger returns trigger" />
    </UnitTest>
    <UnitTest name="TFSTests.PeopleMentionParser getMentionTrigger for text which end with a multi-word trigger returns trigger if isOpen" storage="d:\v2.0\a1\_work\dbded102\vso\tfs\service\webaccess\mention\testscripts\tests\tfstests.mention.people.ts" id="584872fb-0c33-44a1-9dd8-83b738c3fa17">
      <Execution id="8b3b7309-5bf8-4eb9-9df1-375b6a82634c" />
      <TestMethod codeBase="d:\v2.0\a1\_work\dbded102\vso\tfs\service\webaccess\mention\testscripts\tests\tfstests.mention.people.ts" adapterTypeName="Microsoft.VisualStudio.TestTools.TestTypes.Unit.UnitTestAdapter" className="d:\v2.0\a1\_work\dbded102\vso\tfs\service\webaccess\mention\testscripts\tests\tfstests.mention.people.ts::tfstests" name="TFSTests.PeopleMentionParser getMentionTrigger for text which end with a multi-word trigger returns trigger if isOpen" />
    </UnitTest>
    <UnitTest name="TFSTests.PeopleMentionParser getMentionTrigger for text which ends with a multi-word trigger returns null if not isOpen" storage="d:\v2.0\a1\_work\dbded102\vso\tfs\service\webaccess\mention\testscripts\tests\tfstests.mention.people.ts" id="8b72230e-e1cc-43a5-8f3d-d56312bb1078">
      <Execution id="0330df27-c41f-4aa2-9594-9a657a0a81e5" />
      <TestMethod codeBase="d:\v2.0\a1\_work\dbded102\vso\tfs\service\webaccess\mention\testscripts\tests\tfstests.mention.people.ts" adapterTypeName="Microsoft.VisualStudio.TestTools.TestTypes.Unit.UnitTestAdapter" className="d:\v2.0\a1\_work\dbded102\vso\tfs\service\webaccess\mention\testscripts\tests\tfstests.mention.people.ts::tfstests" name="TFSTests.PeopleMentionParser getMentionTrigger for text which ends with a multi-word trigger returns null if not isOpen" />
    </UnitTest>
    <UnitTest name="TFSTests.PeopleMentionParser getMentionTrigger returns last trigger in text" storage="d:\v2.0\a1\_work\dbded102\vso\tfs\service\webaccess\mention\testscripts\tests\tfstests.mention.people.ts" id="19c5cead-0978-41f1-872b-d17f1d08be86">
      <Execution id="36ea5d54-f781-480c-9fb4-a3bd37b7f51c" />
      <TestMethod codeBase="d:\v2.0\a1\_work\dbded102\vso\tfs\service\webaccess\mention\testscripts\tests\tfstests.mention.people.ts" adapterTypeName="Microsoft.VisualStudio.TestTools.TestTypes.Unit.UnitTestAdapter" className="d:\v2.0\a1\_work\dbded102\vso\tfs\service\webaccess\mention\testscripts\tests\tfstests.mention.people.ts::tfstests" name="TFSTests.PeopleMentionParser getMentionTrigger returns last trigger in text" />
    </UnitTest>
    <UnitTest name="TFSTests.PeopleMentionParser PeopleMentionParser works" storage="d:\v2.0\a1\_work\dbded102\vso\tfs\service\webaccess\mention\testscripts\tests\tfstests.mention.people.ts" id="810fcc4a-5071-4d51-a695-e9d34a6c4341">
      <Execution id="bb272814-a87e-4cd6-b085-f37efec786d6" />
      <TestMethod codeBase="d:\v2.0\a1\_work\dbded102\vso\tfs\service\webaccess\mention\testscripts\tests\tfstests.mention.people.ts" adapterTypeName="Microsoft.VisualStudio.TestTools.TestTypes.Unit.UnitTestAdapter" className="d:\v2.0\a1\_work\dbded102\vso\tfs\service\webaccess\mention\testscripts\tests\tfstests.mention.people.ts::tfstests" name="TFSTests.PeopleMentionParser PeopleMentionParser works" />
    </UnitTest>
    <UnitTest name="TFSTests.PeopleMentionParser PeopleMentionParser parses mailto: links" storage="d:\v2.0\a1\_work\dbded102\vso\tfs\service\webaccess\mention\testscripts\tests\tfstests.mention.people.ts" id="014ff7ac-66da-46ac-82a4-0757192df848">
      <Execution id="60e4f1a9-13f9-4e79-9247-30ca2e5d9f03" />
      <TestMethod codeBase="d:\v2.0\a1\_work\dbded102\vso\tfs\service\webaccess\mention\testscripts\tests\tfstests.mention.people.ts" adapterTypeName="Microsoft.VisualStudio.TestTools.TestTypes.Unit.UnitTestAdapter" className="d:\v2.0\a1\_work\dbded102\vso\tfs\service\webaccess\mention\testscripts\tests\tfstests.mention.people.ts::tfstests" name="TFSTests.PeopleMentionParser PeopleMentionParser parses mailto: links" />
    </UnitTest>
    <UnitTest name="TFSTests.PeopleMentionParser PeopleMentionParser rejects non-mailto: links" storage="d:\v2.0\a1\_work\dbded102\vso\tfs\service\webaccess\mention\testscripts\tests\tfstests.mention.people.ts" id="23aa4121-d54d-48a7-97dd-a023e6a187bb">
      <Execution id="a7640917-3be0-4aba-a4ad-5531cb9cad93" />
      <TestMethod codeBase="d:\v2.0\a1\_work\dbded102\vso\tfs\service\webaccess\mention\testscripts\tests\tfstests.mention.people.ts" adapterTypeName="Microsoft.VisualStudio.TestTools.TestTypes.Unit.UnitTestAdapter" className="d:\v2.0\a1\_work\dbded102\vso\tfs\service\webaccess\mention\testscripts\tests\tfstests.mention.people.ts::tfstests" name="TFSTests.PeopleMentionParser PeopleMentionParser rejects non-mailto: links" />
    </UnitTest>
    <UnitTest name="TFSTests.Mention.WorkItems.Helpers searchHighlightedWorkItem returns highlighted workitem if all query terms match" storage="d:\v2.0\a1\_work\dbded102\vso\tfs\service\webaccess\mention\testscripts\tests\tfstests.mention.workitems.ts" id="0d482585-f431-4f97-87d9-bd30380d8f70">
      <Execution id="32c0a150-4c9c-4d6e-84bc-015db7f281e7" />
      <TestMethod codeBase="d:\v2.0\a1\_work\dbded102\vso\tfs\service\webaccess\mention\testscripts\tests\tfstests.mention.workitems.ts" adapterTypeName="Microsoft.VisualStudio.TestTools.TestTypes.Unit.UnitTestAdapter" className="d:\v2.0\a1\_work\dbded102\vso\tfs\service\webaccess\mention\testscripts\tests\tfstests.mention.workitems.ts::tfstests.mention.workitems" name="TFSTests.Mention.WorkItems.Helpers searchHighlightedWorkItem returns highlighted workitem if all query terms match" />
    </UnitTest>
    <UnitTest name="TFSTests.Mention.WorkItems.Helpers searchHighlightedWorkItem returns original workitem if any query term does not match" storage="d:\v2.0\a1\_work\dbded102\vso\tfs\service\webaccess\mention\testscripts\tests\tfstests.mention.workitems.ts" id="c6317bdd-1145-4d32-81f1-df19b31a6313">
      <Execution id="03bd2542-f283-472a-a955-28aa459a74a0" />
      <TestMethod codeBase="d:\v2.0\a1\_work\dbded102\vso\tfs\service\webaccess\mention\testscripts\tests\tfstests.mention.workitems.ts" adapterTypeName="Microsoft.VisualStudio.TestTools.TestTypes.Unit.UnitTestAdapter" className="d:\v2.0\a1\_work\dbded102\vso\tfs\service\webaccess\mention\testscripts\tests\tfstests.mention.workitems.ts::tfstests.mention.workitems" name="TFSTests.Mention.WorkItems.Helpers searchHighlightedWorkItem returns original workitem if any query term does not match" />
    </UnitTest>
    <UnitTest name="TFSTests.Mention.WorkItems WorkItemProcessing works" storage="d:\v2.0\a1\_work\dbded102\vso\tfs\service\webaccess\mention\testscripts\tests\tfstests.mention.workitems.ts" id="63c52243-cffc-490a-8344-f4a190830a89">
      <Execution id="6e0163b3-97ce-4b91-8e74-43f5e71cadb7" />
      <TestMethod codeBase="d:\v2.0\a1\_work\dbded102\vso\tfs\service\webaccess\mention\testscripts\tests\tfstests.mention.workitems.ts" adapterTypeName="Microsoft.VisualStudio.TestTools.TestTypes.Unit.UnitTestAdapter" className="d:\v2.0\a1\_work\dbded102\vso\tfs\service\webaccess\mention\testscripts\tests\tfstests.mention.workitems.ts::tfstests.mention" name="TFSTests.Mention.WorkItems WorkItemProcessing works" />
    </UnitTest>
    <UnitTest name="TFSTests.Mention.WorkItems WorkItemProvider.search returns expected highlighting" storage="d:\v2.0\a1\_work\dbded102\vso\tfs\service\webaccess\mention\testscripts\tests\tfstests.mention.workitems.ts" id="c9827864-9066-41a4-b3e3-d6836abfde5c">
      <Execution id="85a5de66-6f9f-4b99-861f-c6e65b50176e" />
      <TestMethod codeBase="d:\v2.0\a1\_work\dbded102\vso\tfs\service\webaccess\mention\testscripts\tests\tfstests.mention.workitems.ts" adapterTypeName="Microsoft.VisualStudio.TestTools.TestTypes.Unit.UnitTestAdapter" className="d:\v2.0\a1\_work\dbded102\vso\tfs\service\webaccess\mention\testscripts\tests\tfstests.mention.workitems.ts::tfstests.mention.workitems::workitemprovider" name="TFSTests.Mention.WorkItems WorkItemProvider.search returns expected highlighting" />
    </UnitTest>
    <UnitTest name="TFSTests.Mention.WorkItems WorkItemProvider.isValidWorkItemId returns false for id = 0" storage="d:\v2.0\a1\_work\dbded102\vso\tfs\service\webaccess\mention\testscripts\tests\tfstests.mention.workitems.ts" id="a479012d-c869-427e-941f-784348181a12">
      <Execution id="23f8d05e-2529-476f-b59a-3cef4ddd1ff3" />
      <TestMethod codeBase="d:\v2.0\a1\_work\dbded102\vso\tfs\service\webaccess\mention\testscripts\tests\tfstests.mention.workitems.ts" adapterTypeName="Microsoft.VisualStudio.TestTools.TestTypes.Unit.UnitTestAdapter" className="d:\v2.0\a1\_work\dbded102\vso\tfs\service\webaccess\mention\testscripts\tests\tfstests.mention.workitems.ts::tfstests.mention.workitems::workitemprovider" name="TFSTests.Mention.WorkItems WorkItemProvider.isValidWorkItemId returns false for id = 0" />
    </UnitTest>
    <UnitTest name="TFSTests.Mention.WorkItems WorkItemProvider.isValidWorkItemId returns false for id = 2147483648" storage="d:\v2.0\a1\_work\dbded102\vso\tfs\service\webaccess\mention\testscripts\tests\tfstests.mention.workitems.ts" id="0b94f98c-6ce0-4484-b620-ca075ec32edd">
      <Execution id="d0df130c-c61f-49b1-80b9-8a7a12d1c872" />
      <TestMethod codeBase="d:\v2.0\a1\_work\dbded102\vso\tfs\service\webaccess\mention\testscripts\tests\tfstests.mention.workitems.ts" adapterTypeName="Microsoft.VisualStudio.TestTools.TestTypes.Unit.UnitTestAdapter" className="d:\v2.0\a1\_work\dbded102\vso\tfs\service\webaccess\mention\testscripts\tests\tfstests.mention.workitems.ts::tfstests.mention.workitems::workitemprovider" name="TFSTests.Mention.WorkItems WorkItemProvider.isValidWorkItemId returns false for id = 2147483648" />
    </UnitTest>
    <UnitTest name="TFSTests.Mention.WorkItems WorkItemProvider.isValidWorkItemId returns false for id = -1" storage="d:\v2.0\a1\_work\dbded102\vso\tfs\service\webaccess\mention\testscripts\tests\tfstests.mention.workitems.ts" id="4ed0c56f-9773-4a2d-8e67-c5900ec62a93">
      <Execution id="0aca7459-b7fb-48c7-b3a1-574010f3156c" />
      <TestMethod codeBase="d:\v2.0\a1\_work\dbded102\vso\tfs\service\webaccess\mention\testscripts\tests\tfstests.mention.workitems.ts" adapterTypeName="Microsoft.VisualStudio.TestTools.TestTypes.Unit.UnitTestAdapter" className="d:\v2.0\a1\_work\dbded102\vso\tfs\service\webaccess\mention\testscripts\tests\tfstests.mention.workitems.ts::tfstests.mention.workitems::workitemprovider" name="TFSTests.Mention.WorkItems WorkItemProvider.isValidWorkItemId returns false for id = -1" />
    </UnitTest>
    <UnitTest name="TFSTests.Mention.WorkItems WorkItemProvider.isValidWorkItemId returns true for id = 2" storage="d:\v2.0\a1\_work\dbded102\vso\tfs\service\webaccess\mention\testscripts\tests\tfstests.mention.workitems.ts" id="13bef5cb-b4f0-4899-a0f5-7f021a1409e4">
      <Execution id="ea0659b0-ac42-43f3-a749-6d4d79de027e" />
      <TestMethod codeBase="d:\v2.0\a1\_work\dbded102\vso\tfs\service\webaccess\mention\testscripts\tests\tfstests.mention.workitems.ts" adapterTypeName="Microsoft.VisualStudio.TestTools.TestTypes.Unit.UnitTestAdapter" className="d:\v2.0\a1\_work\dbded102\vso\tfs\service\webaccess\mention\testscripts\tests\tfstests.mention.workitems.ts::tfstests.mention.workitems::workitemprovider" name="TFSTests.Mention.WorkItems WorkItemProvider.isValidWorkItemId returns true for id = 2" />
    </UnitTest>
    <UnitTest name="TFSTests.Mention.WorkItems WorkItemProvider initialization works" storage="d:\v2.0\a1\_work\dbded102\vso\tfs\service\webaccess\mention\testscripts\tests\tfstests.mention.workitems.ts" id="44f88432-d06c-49a1-bcff-76d8bdc4281e">
      <Execution id="0e06803e-d0ea-4da9-9b0b-8fb7a9e41c96" />
      <TestMethod codeBase="d:\v2.0\a1\_work\dbded102\vso\tfs\service\webaccess\mention\testscripts\tests\tfstests.mention.workitems.ts" adapterTypeName="Microsoft.VisualStudio.TestTools.TestTypes.Unit.UnitTestAdapter" className="d:\v2.0\a1\_work\dbded102\vso\tfs\service\webaccess\mention\testscripts\tests\tfstests.mention.workitems.ts::tfstests.mention" name="TFSTests.Mention.WorkItems WorkItemProvider initialization works" />
    </UnitTest>
    <UnitTest name="TFSTests.Mention.WorkItems getWorkItemColorsProvider gets color data from the server if the local data island doesn't exist" storage="d:\v2.0\a1\_work\dbded102\vso\tfs\service\webaccess\mention\testscripts\tests\tfstests.mention.workitems.ts" id="44060642-4a10-46cf-90fa-a6bdc0feac07">
      <Execution id="c71f1a0b-0c7e-47b5-a699-4558885e2219" />
      <TestMethod codeBase="d:\v2.0\a1\_work\dbded102\vso\tfs\service\webaccess\mention\testscripts\tests\tfstests.mention.workitems.ts" adapterTypeName="Microsoft.VisualStudio.TestTools.TestTypes.Unit.UnitTestAdapter" className="d:\v2.0\a1\_work\dbded102\vso\tfs\service\webaccess\mention\testscripts\tests\tfstests.mention.workitems.ts::tfstests.mention" name="TFSTests.Mention.WorkItems getWorkItemColorsProvider gets color data from the server if the local data island doesn't exist" />
    </UnitTest>
    <UnitTest name="TFSTests.Mention.WorkItems searchById and search rejects their promises if queryByWiql fails" storage="d:\v2.0\a1\_work\dbded102\vso\tfs\service\webaccess\mention\testscripts\tests\tfstests.mention.workitems.ts" id="e4081e8f-3880-495d-8241-3e89e9d75e88">
      <Execution id="0b2d38ba-d515-4f81-a8a4-e78f9bef1739" />
      <TestMethod codeBase="d:\v2.0\a1\_work\dbded102\vso\tfs\service\webaccess\mention\testscripts\tests\tfstests.mention.workitems.ts" adapterTypeName="Microsoft.VisualStudio.TestTools.TestTypes.Unit.UnitTestAdapter" className="d:\v2.0\a1\_work\dbded102\vso\tfs\service\webaccess\mention\testscripts\tests\tfstests.mention.workitems.ts::tfstests.mention" name="TFSTests.Mention.WorkItems searchById and search rejects their promises if queryByWiql fails" />
    </UnitTest>
    <UnitTest name="TFSTests.Mention.WorkItems searchById and search rejects their promises if getWorkItems fails" storage="d:\v2.0\a1\_work\dbded102\vso\tfs\service\webaccess\mention\testscripts\tests\tfstests.mention.workitems.ts" id="d5e7db21-2942-49fb-8896-7980641ee81c">
      <Execution id="941fb7fd-31fe-43bc-9eb0-0f2ec8603306" />
      <TestMethod codeBase="d:\v2.0\a1\_work\dbded102\vso\tfs\service\webaccess\mention\testscripts\tests\tfstests.mention.workitems.ts" adapterTypeName="Microsoft.VisualStudio.TestTools.TestTypes.Unit.UnitTestAdapter" className="d:\v2.0\a1\_work\dbded102\vso\tfs\service\webaccess\mention\testscripts\tests\tfstests.mention.workitems.ts::tfstests.mention" name="TFSTests.Mention.WorkItems searchById and search rejects their promises if getWorkItems fails" />
    </UnitTest>
    <UnitTest name="TFSTests.Mention.WorkItems searchById and search resolves their promises if queryByWiql and getWorkItems succeed" storage="d:\v2.0\a1\_work\dbded102\vso\tfs\service\webaccess\mention\testscripts\tests\tfstests.mention.workitems.ts" id="02b9b607-5fc1-4504-becd-e6bdcc163776">
      <Execution id="91e1cffd-17bb-4f05-9307-cac6fc40af4d" />
      <TestMethod codeBase="d:\v2.0\a1\_work\dbded102\vso\tfs\service\webaccess\mention\testscripts\tests\tfstests.mention.workitems.ts" adapterTypeName="Microsoft.VisualStudio.TestTools.TestTypes.Unit.UnitTestAdapter" className="d:\v2.0\a1\_work\dbded102\vso\tfs\service\webaccess\mention\testscripts\tests\tfstests.mention.workitems.ts::tfstests.mention" name="TFSTests.Mention.WorkItems searchById and search resolves their promises if queryByWiql and getWorkItems succeed" />
    </UnitTest>
    <UnitTest name="TFSTests.Mention.WorkItems.WorkItemByIdAutocompleteProvider prefetch gets instance of WorkItemProvider" storage="d:\v2.0\a1\_work\dbded102\vso\tfs\service\webaccess\mention\testscripts\tests\tfstests.mention.workitems.ts" id="950c82f5-022f-48e1-9de2-265cf207b0df">
      <Execution id="399426b4-3172-428b-bc96-37be51ba6811" />
      <TestMethod codeBase="d:\v2.0\a1\_work\dbded102\vso\tfs\service\webaccess\mention\testscripts\tests\tfstests.mention.workitems.ts" adapterTypeName="Microsoft.VisualStudio.TestTools.TestTypes.Unit.UnitTestAdapter" className="d:\v2.0\a1\_work\dbded102\vso\tfs\service\webaccess\mention\testscripts\tests\tfstests.mention.workitems.ts::tfstests.mention.workitems" name="TFSTests.Mention.WorkItems.WorkItemByIdAutocompleteProvider prefetch gets instance of WorkItemProvider" />
    </UnitTest>
    <UnitTest name="TFSTests.Mention.WorkItems.WorkItemByIdAutocompleteProvider canOpen returns a range when autocomplete is close if text before selection is '#'" storage="d:\v2.0\a1\_work\dbded102\vso\tfs\service\webaccess\mention\testscripts\tests\tfstests.mention.workitems.ts" id="0770a77d-7707-4d27-b649-332886dd9f55">
      <Execution id="5037fcd0-5dc5-4c66-aaf8-f3d44be500a3" />
      <TestMethod codeBase="d:\v2.0\a1\_work\dbded102\vso\tfs\service\webaccess\mention\testscripts\tests\tfstests.mention.workitems.ts" adapterTypeName="Microsoft.VisualStudio.TestTools.TestTypes.Unit.UnitTestAdapter" className="d:\v2.0\a1\_work\dbded102\vso\tfs\service\webaccess\mention\testscripts\tests\tfstests.mention.workitems.ts::tfstests.mention.workitems" name="TFSTests.Mention.WorkItems.WorkItemByIdAutocompleteProvider canOpen returns a range when autocomplete is close if text before selection is '#'" />
    </UnitTest>
    <UnitTest name="TFSTests.Mention.WorkItems.WorkItemByIdAutocompleteProvider canOpen returns a range when autocomplete is close if text before selection is 'foo bar #'" storage="d:\v2.0\a1\_work\dbded102\vso\tfs\service\webaccess\mention\testscripts\tests\tfstests.mention.workitems.ts" id="0fa56091-f152-4434-a716-936450065e64">
      <Execution id="134fdf1c-a744-4cc4-902f-ed6dc48cd92d" />
      <TestMethod codeBase="d:\v2.0\a1\_work\dbded102\vso\tfs\service\webaccess\mention\testscripts\tests\tfstests.mention.workitems.ts" adapterTypeName="Microsoft.VisualStudio.TestTools.TestTypes.Unit.UnitTestAdapter" className="d:\v2.0\a1\_work\dbded102\vso\tfs\service\webaccess\mention\testscripts\tests\tfstests.mention.workitems.ts::tfstests.mention.workitems" name="TFSTests.Mention.WorkItems.WorkItemByIdAutocompleteProvider canOpen returns a range when autocomplete is close if text before selection is 'foo bar #'" />
    </UnitTest>
    <UnitTest name="TFSTests.Mention.WorkItems.WorkItemByIdAutocompleteProvider canOpen returns nothing when autocomplete is close if text before selection is 'foo bar#'" storage="d:\v2.0\a1\_work\dbded102\vso\tfs\service\webaccess\mention\testscripts\tests\tfstests.mention.workitems.ts" id="f3210817-0026-40db-9aa9-446b47baf3e9">
      <Execution id="f2160079-45f8-4de9-97e0-3621d3de10c5" />
      <TestMethod codeBase="d:\v2.0\a1\_work\dbded102\vso\tfs\service\webaccess\mention\testscripts\tests\tfstests.mention.workitems.ts" adapterTypeName="Microsoft.VisualStudio.TestTools.TestTypes.Unit.UnitTestAdapter" className="d:\v2.0\a1\_work\dbded102\vso\tfs\service\webaccess\mention\testscripts\tests\tfstests.mention.workitems.ts::tfstests.mention.workitems" name="TFSTests.Mention.WorkItems.WorkItemByIdAutocompleteProvider canOpen returns nothing when autocomplete is close if text before selection is 'foo bar#'" />
    </UnitTest>
    <UnitTest name="TFSTests.Mention.WorkItems.WorkItemByIdAutocompleteProvider canOpen returns a range when autocomplete is close if text before selection is '#234'" storage="d:\v2.0\a1\_work\dbded102\vso\tfs\service\webaccess\mention\testscripts\tests\tfstests.mention.workitems.ts" id="03bbd3ad-9dfd-47ca-99d6-7ee5fbc58312">
      <Execution id="9dfba3fc-4259-4e5b-a3e4-6576641ebf7d" />
      <TestMethod codeBase="d:\v2.0\a1\_work\dbded102\vso\tfs\service\webaccess\mention\testscripts\tests\tfstests.mention.workitems.ts" adapterTypeName="Microsoft.VisualStudio.TestTools.TestTypes.Unit.UnitTestAdapter" className="d:\v2.0\a1\_work\dbded102\vso\tfs\service\webaccess\mention\testscripts\tests\tfstests.mention.workitems.ts::tfstests.mention.workitems" name="TFSTests.Mention.WorkItems.WorkItemByIdAutocompleteProvider canOpen returns a range when autocomplete is close if text before selection is '#234'" />
    </UnitTest>
    <UnitTest name="TFSTests.Mention.WorkItems.WorkItemByIdAutocompleteProvider canOpen returns nothing when autocomplete is close if text before selection is '#234 '" storage="d:\v2.0\a1\_work\dbded102\vso\tfs\service\webaccess\mention\testscripts\tests\tfstests.mention.workitems.ts" id="eb1b61bf-2a3c-4033-86a3-f86cf232a2c2">
      <Execution id="b8ad93bd-1647-4e18-80cd-c95c446c8c4f" />
      <TestMethod codeBase="d:\v2.0\a1\_work\dbded102\vso\tfs\service\webaccess\mention\testscripts\tests\tfstests.mention.workitems.ts" adapterTypeName="Microsoft.VisualStudio.TestTools.TestTypes.Unit.UnitTestAdapter" className="d:\v2.0\a1\_work\dbded102\vso\tfs\service\webaccess\mention\testscripts\tests\tfstests.mention.workitems.ts::tfstests.mention.workitems" name="TFSTests.Mention.WorkItems.WorkItemByIdAutocompleteProvider canOpen returns nothing when autocomplete is close if text before selection is '#234 '" />
    </UnitTest>
    <UnitTest name="TFSTests.Mention.WorkItems.WorkItemByIdAutocompleteProvider canOpen returns a range when autocomplete is close if text before selection is '#234a'" storage="d:\v2.0\a1\_work\dbded102\vso\tfs\service\webaccess\mention\testscripts\tests\tfstests.mention.workitems.ts" id="f264e988-95c5-453c-8cef-fa242546ec9b">
      <Execution id="71567a93-bd71-46ac-8cd8-247abdb9dd74" />
      <TestMethod codeBase="d:\v2.0\a1\_work\dbded102\vso\tfs\service\webaccess\mention\testscripts\tests\tfstests.mention.workitems.ts" adapterTypeName="Microsoft.VisualStudio.TestTools.TestTypes.Unit.UnitTestAdapter" className="d:\v2.0\a1\_work\dbded102\vso\tfs\service\webaccess\mention\testscripts\tests\tfstests.mention.workitems.ts::tfstests.mention.workitems" name="TFSTests.Mention.WorkItems.WorkItemByIdAutocompleteProvider canOpen returns a range when autocomplete is close if text before selection is '#234a'" />
    </UnitTest>
    <UnitTest name="TFSTests.Mention.WorkItems.WorkItemByIdAutocompleteProvider canOpen returns nothing when autocomplete is close if text before selection is ''" storage="d:\v2.0\a1\_work\dbded102\vso\tfs\service\webaccess\mention\testscripts\tests\tfstests.mention.workitems.ts" id="00c4e19d-4ef3-4566-ad95-431d0f86f6cd">
      <Execution id="45ac11c6-2853-4378-a482-2ae293c7822d" />
      <TestMethod codeBase="d:\v2.0\a1\_work\dbded102\vso\tfs\service\webaccess\mention\testscripts\tests\tfstests.mention.workitems.ts" adapterTypeName="Microsoft.VisualStudio.TestTools.TestTypes.Unit.UnitTestAdapter" className="d:\v2.0\a1\_work\dbded102\vso\tfs\service\webaccess\mention\testscripts\tests\tfstests.mention.workitems.ts::tfstests.mention.workitems" name="TFSTests.Mention.WorkItems.WorkItemByIdAutocompleteProvider canOpen returns nothing when autocomplete is close if text before selection is ''" />
    </UnitTest>
    <UnitTest name="TFSTests.Mention.WorkItems.WorkItemByIdAutocompleteProvider canOpen returns nothing when autocomplete is close if text before selection is 'foo'" storage="d:\v2.0\a1\_work\dbded102\vso\tfs\service\webaccess\mention\testscripts\tests\tfstests.mention.workitems.ts" id="e9d5de47-71c0-4528-905d-af349b32ed6c">
      <Execution id="023ed317-11c8-404e-a572-9a4df10b5a31" />
      <TestMethod codeBase="d:\v2.0\a1\_work\dbded102\vso\tfs\service\webaccess\mention\testscripts\tests\tfstests.mention.workitems.ts" adapterTypeName="Microsoft.VisualStudio.TestTools.TestTypes.Unit.UnitTestAdapter" className="d:\v2.0\a1\_work\dbded102\vso\tfs\service\webaccess\mention\testscripts\tests\tfstests.mention.workitems.ts::tfstests.mention.workitems" name="TFSTests.Mention.WorkItems.WorkItemByIdAutocompleteProvider canOpen returns nothing when autocomplete is close if text before selection is 'foo'" />
    </UnitTest>
    <UnitTest name="TFSTests.Mention.WorkItems.WorkItemByIdAutocompleteProvider canOpen returns nothing when autocomplete is open if text before selection is '#foo  '" storage="d:\v2.0\a1\_work\dbded102\vso\tfs\service\webaccess\mention\testscripts\tests\tfstests.mention.workitems.ts" id="b05e737f-f5f3-428e-bba8-0206cb68b2db">
      <Execution id="8ee257d6-7dfe-41d6-a93e-b2afc68a070e" />
      <TestMethod codeBase="d:\v2.0\a1\_work\dbded102\vso\tfs\service\webaccess\mention\testscripts\tests\tfstests.mention.workitems.ts" adapterTypeName="Microsoft.VisualStudio.TestTools.TestTypes.Unit.UnitTestAdapter" className="d:\v2.0\a1\_work\dbded102\vso\tfs\service\webaccess\mention\testscripts\tests\tfstests.mention.workitems.ts::tfstests.mention.workitems" name="TFSTests.Mention.WorkItems.WorkItemByIdAutocompleteProvider canOpen returns nothing when autocomplete is open if text before selection is '#foo  '" />
    </UnitTest>
    <UnitTest name="TFSTests.Mention.WorkItems.WorkItemByIdAutocompleteProvider canOpen returns nothing when autocomplete is open if text before selection is '#foo1 bar2 foo3 bar4 foo5 bar6'" storage="d:\v2.0\a1\_work\dbded102\vso\tfs\service\webaccess\mention\testscripts\tests\tfstests.mention.workitems.ts" id="512d84ac-11e0-4395-b121-fb1ae036f6c0">
      <Execution id="0b77ae9b-49dc-4f9d-8561-6f87dc492fbc" />
      <TestMethod codeBase="d:\v2.0\a1\_work\dbded102\vso\tfs\service\webaccess\mention\testscripts\tests\tfstests.mention.workitems.ts" adapterTypeName="Microsoft.VisualStudio.TestTools.TestTypes.Unit.UnitTestAdapter" className="d:\v2.0\a1\_work\dbded102\vso\tfs\service\webaccess\mention\testscripts\tests\tfstests.mention.workitems.ts::tfstests.mention.workitems" name="TFSTests.Mention.WorkItems.WorkItemByIdAutocompleteProvider canOpen returns nothing when autocomplete is open if text before selection is '#foo1 bar2 foo3 bar4 foo5 bar6'" />
    </UnitTest>
    <UnitTest name="TFSTests.Mention.WorkItems.WorkItemByIdAutocompleteProvider canOpen returns a range when autocomplete is open if text before selection is '#foo1 '" storage="d:\v2.0\a1\_work\dbded102\vso\tfs\service\webaccess\mention\testscripts\tests\tfstests.mention.workitems.ts" id="ab30bae9-efa5-4d89-80e4-b18913365cf6">
      <Execution id="458a0031-e29a-49ae-a889-0ed50ba91021" />
      <TestMethod codeBase="d:\v2.0\a1\_work\dbded102\vso\tfs\service\webaccess\mention\testscripts\tests\tfstests.mention.workitems.ts" adapterTypeName="Microsoft.VisualStudio.TestTools.TestTypes.Unit.UnitTestAdapter" className="d:\v2.0\a1\_work\dbded102\vso\tfs\service\webaccess\mention\testscripts\tests\tfstests.mention.workitems.ts::tfstests.mention.workitems" name="TFSTests.Mention.WorkItems.WorkItemByIdAutocompleteProvider canOpen returns a range when autocomplete is open if text before selection is '#foo1 '" />
    </UnitTest>
    <UnitTest name="TFSTests.Mention.WorkItems.WorkItemByIdAutocompleteProvider canOpen returns a range when autocomplete is open if text before selection is '#foo!1 bar?2 foo[3 bar-4 foo*5 '" storage="d:\v2.0\a1\_work\dbded102\vso\tfs\service\webaccess\mention\testscripts\tests\tfstests.mention.workitems.ts" id="bdd532c5-329d-4836-8a7a-32e4225fdead">
      <Execution id="c15c344a-b675-4201-8f9e-18c0c7e2a4b4" />
      <TestMethod codeBase="d:\v2.0\a1\_work\dbded102\vso\tfs\service\webaccess\mention\testscripts\tests\tfstests.mention.workitems.ts" adapterTypeName="Microsoft.VisualStudio.TestTools.TestTypes.Unit.UnitTestAdapter" className="d:\v2.0\a1\_work\dbded102\vso\tfs\service\webaccess\mention\testscripts\tests\tfstests.mention.workitems.ts::tfstests.mention.workitems" name="TFSTests.Mention.WorkItems.WorkItemByIdAutocompleteProvider canOpen returns a range when autocomplete is open if text before selection is '#foo!1 bar?2 foo[3 bar-4 foo*5 '" />
    </UnitTest>
    <UnitTest name="TFSTests.Mention.WorkItems.WorkItemByIdAutocompleteProvider getSuggestions searches by id if text before selection is '#125'" storage="d:\v2.0\a1\_work\dbded102\vso\tfs\service\webaccess\mention\testscripts\tests\tfstests.mention.workitems.ts" id="dae6fc75-dd84-4f6d-a797-2c40d86ed09f">
      <Execution id="7d3b895e-8169-49e8-a6f7-ecc3e40296a6" />
      <TestMethod codeBase="d:\v2.0\a1\_work\dbded102\vso\tfs\service\webaccess\mention\testscripts\tests\tfstests.mention.workitems.ts" adapterTypeName="Microsoft.VisualStudio.TestTools.TestTypes.Unit.UnitTestAdapter" className="d:\v2.0\a1\_work\dbded102\vso\tfs\service\webaccess\mention\testscripts\tests\tfstests.mention.workitems.ts::tfstests.mention.workitems" name="TFSTests.Mention.WorkItems.WorkItemByIdAutocompleteProvider getSuggestions searches by id if text before selection is '#125'" />
    </UnitTest>
    <UnitTest name="TFSTests.Mention.WorkItems.WorkItemByIdAutocompleteProvider getSuggestions searches by id if text before selection is 'foo bar #125'" storage="d:\v2.0\a1\_work\dbded102\vso\tfs\service\webaccess\mention\testscripts\tests\tfstests.mention.workitems.ts" id="5499bb7c-4f52-4877-af3d-4fe272201bd7">
      <Execution id="ea42c7c3-40da-41da-81f2-68d987c73c3a" />
      <TestMethod codeBase="d:\v2.0\a1\_work\dbded102\vso\tfs\service\webaccess\mention\testscripts\tests\tfstests.mention.workitems.ts" adapterTypeName="Microsoft.VisualStudio.TestTools.TestTypes.Unit.UnitTestAdapter" className="d:\v2.0\a1\_work\dbded102\vso\tfs\service\webaccess\mention\testscripts\tests\tfstests.mention.workitems.ts::tfstests.mention.workitems" name="TFSTests.Mention.WorkItems.WorkItemByIdAutocompleteProvider getSuggestions searches by id if text before selection is 'foo bar #125'" />
    </UnitTest>
    <UnitTest name="TFSTests.Mention.WorkItems.WorkItemByIdAutocompleteProvider getSuggestions gets suggestions short-list if text before selection is '#'" storage="d:\v2.0\a1\_work\dbded102\vso\tfs\service\webaccess\mention\testscripts\tests\tfstests.mention.workitems.ts" id="524606f8-4935-489f-8459-d54e62574391">
      <Execution id="c4bb875b-8b33-4fd8-ba06-c9bbb6f1c5a3" />
      <TestMethod codeBase="d:\v2.0\a1\_work\dbded102\vso\tfs\service\webaccess\mention\testscripts\tests\tfstests.mention.workitems.ts" adapterTypeName="Microsoft.VisualStudio.TestTools.TestTypes.Unit.UnitTestAdapter" className="d:\v2.0\a1\_work\dbded102\vso\tfs\service\webaccess\mention\testscripts\tests\tfstests.mention.workitems.ts::tfstests.mention.workitems" name="TFSTests.Mention.WorkItems.WorkItemByIdAutocompleteProvider getSuggestions gets suggestions short-list if text before selection is '#'" />
    </UnitTest>
    <UnitTest name="TFSTests.Mention.WorkItems.WorkItemByIdAutocompleteProvider getSuggestions gets suggestions short-list if text before selection is 'foo #'" storage="d:\v2.0\a1\_work\dbded102\vso\tfs\service\webaccess\mention\testscripts\tests\tfstests.mention.workitems.ts" id="167d94a4-f644-4fe3-97c1-91d78ba093f6">
      <Execution id="f6809a8f-800c-4df6-a016-906457e340ed" />
      <TestMethod codeBase="d:\v2.0\a1\_work\dbded102\vso\tfs\service\webaccess\mention\testscripts\tests\tfstests.mention.workitems.ts" adapterTypeName="Microsoft.VisualStudio.TestTools.TestTypes.Unit.UnitTestAdapter" className="d:\v2.0\a1\_work\dbded102\vso\tfs\service\webaccess\mention\testscripts\tests\tfstests.mention.workitems.ts::tfstests.mention.workitems" name="TFSTests.Mention.WorkItems.WorkItemByIdAutocompleteProvider getSuggestions gets suggestions short-list if text before selection is 'foo #'" />
    </UnitTest>
    <UnitTest name="TFSTests.Mention.WorkItems.WorkItemByIdAutocompleteProvider getReplacementText in preview mode inserts the suggested id after 'foo #' and selects the added characters" storage="d:\v2.0\a1\_work\dbded102\vso\tfs\service\webaccess\mention\testscripts\tests\tfstests.mention.workitems.ts" id="d8b8f8c3-0b84-48c1-a345-20a15f9a5745">
      <Execution id="69db84a3-fea6-4649-aad0-6024b394911e" />
      <TestMethod codeBase="d:\v2.0\a1\_work\dbded102\vso\tfs\service\webaccess\mention\testscripts\tests\tfstests.mention.workitems.ts" adapterTypeName="Microsoft.VisualStudio.TestTools.TestTypes.Unit.UnitTestAdapter" className="d:\v2.0\a1\_work\dbded102\vso\tfs\service\webaccess\mention\testscripts\tests\tfstests.mention.workitems.ts::tfstests.mention.workitems" name="TFSTests.Mention.WorkItems.WorkItemByIdAutocompleteProvider getReplacementText in preview mode inserts the suggested id after 'foo #' and selects the added characters" />
    </UnitTest>
    <UnitTest name="TFSTests.Mention.WorkItems.WorkItemByIdAutocompleteProvider getReplacementText in preview mode inserts the suggested id after 'foo #4' and selects the added characters" storage="d:\v2.0\a1\_work\dbded102\vso\tfs\service\webaccess\mention\testscripts\tests\tfstests.mention.workitems.ts" id="74fbf5d9-1205-4b7f-80c6-3da360763703">
      <Execution id="d51ea4c4-62fd-48af-af0a-f091446fae94" />
      <TestMethod codeBase="d:\v2.0\a1\_work\dbded102\vso\tfs\service\webaccess\mention\testscripts\tests\tfstests.mention.workitems.ts" adapterTypeName="Microsoft.VisualStudio.TestTools.TestTypes.Unit.UnitTestAdapter" className="d:\v2.0\a1\_work\dbded102\vso\tfs\service\webaccess\mention\testscripts\tests\tfstests.mention.workitems.ts::tfstests.mention.workitems" name="TFSTests.Mention.WorkItems.WorkItemByIdAutocompleteProvider getReplacementText in preview mode inserts the suggested id after 'foo #4' and selects the added characters" />
    </UnitTest>
    <UnitTest name="TFSTests.Mention.WorkItems.WorkItemByIdAutocompleteProvider getReplacementText in preview mode inserts the suggested id after '#4' and selects the added characters" storage="d:\v2.0\a1\_work\dbded102\vso\tfs\service\webaccess\mention\testscripts\tests\tfstests.mention.workitems.ts" id="445078c7-84f2-4ef2-ae29-0573770e921e">
      <Execution id="93b56a23-9fe0-4eb0-91ce-45baed443ef3" />
      <TestMethod codeBase="d:\v2.0\a1\_work\dbded102\vso\tfs\service\webaccess\mention\testscripts\tests\tfstests.mention.workitems.ts" adapterTypeName="Microsoft.VisualStudio.TestTools.TestTypes.Unit.UnitTestAdapter" className="d:\v2.0\a1\_work\dbded102\vso\tfs\service\webaccess\mention\testscripts\tests\tfstests.mention.workitems.ts::tfstests.mention.workitems" name="TFSTests.Mention.WorkItems.WorkItemByIdAutocompleteProvider getReplacementText in preview mode inserts the suggested id after '#4' and selects the added characters" />
    </UnitTest>
    <UnitTest name="TFSTests.Mention.WorkItems.WorkItemByIdAutocompleteProvider getReplacementText in non-preview mode puts the cursor after the insertion" storage="d:\v2.0\a1\_work\dbded102\vso\tfs\service\webaccess\mention\testscripts\tests\tfstests.mention.workitems.ts" id="7d1f2c59-f9d4-4470-887a-97f056fbac44">
      <Execution id="8e846812-126f-4eee-8efa-d12e3c7ab2b1" />
      <TestMethod codeBase="d:\v2.0\a1\_work\dbded102\vso\tfs\service\webaccess\mention\testscripts\tests\tfstests.mention.workitems.ts" adapterTypeName="Microsoft.VisualStudio.TestTools.TestTypes.Unit.UnitTestAdapter" className="d:\v2.0\a1\_work\dbded102\vso\tfs\service\webaccess\mention\testscripts\tests\tfstests.mention.workitems.ts::tfstests.mention.workitems" name="TFSTests.Mention.WorkItems.WorkItemByIdAutocompleteProvider getReplacementText in non-preview mode puts the cursor after the insertion" />
    </UnitTest>
    <UnitTest name="TFSTests.Mention.WorkItems.WorkItemByIdAutocompleteProvider getReplacementText adds a space after the insertion if there is no word separator character after the insertion" storage="d:\v2.0\a1\_work\dbded102\vso\tfs\service\webaccess\mention\testscripts\tests\tfstests.mention.workitems.ts" id="7f407cc7-3bb5-464c-b76c-23131032cc4c">
      <Execution id="d5233299-51d3-405f-a921-d76fbb42d085" />
      <TestMethod codeBase="d:\v2.0\a1\_work\dbded102\vso\tfs\service\webaccess\mention\testscripts\tests\tfstests.mention.workitems.ts" adapterTypeName="Microsoft.VisualStudio.TestTools.TestTypes.Unit.UnitTestAdapter" className="d:\v2.0\a1\_work\dbded102\vso\tfs\service\webaccess\mention\testscripts\tests\tfstests.mention.workitems.ts::tfstests.mention.workitems" name="TFSTests.Mention.WorkItems.WorkItemByIdAutocompleteProvider getReplacementText adds a space after the insertion if there is no word separator character after the insertion" />
    </UnitTest>
    <UnitTest name="TFSTests.WorkItemsMentionParser WorkItemsMentionParser works" storage="d:\v2.0\a1\_work\dbded102\vso\tfs\service\webaccess\mention\testscripts\tests\tfstests.mention.workitems.ts" id="6c73db51-1032-41c7-bf78-08501284854c">
      <Execution id="23b863f9-cded-486e-827d-ba3dd8470f0f" />
      <TestMethod codeBase="d:\v2.0\a1\_work\dbded102\vso\tfs\service\webaccess\mention\testscripts\tests\tfstests.mention.workitems.ts" adapterTypeName="Microsoft.VisualStudio.TestTools.TestTypes.Unit.UnitTestAdapter" className="d:\v2.0\a1\_work\dbded102\vso\tfs\service\webaccess\mention\testscripts\tests\tfstests.mention.workitems.ts::tfstests" name="TFSTests.WorkItemsMentionParser WorkItemsMentionParser works" />
    </UnitTest>
    <UnitTest name="TFSTests.WorkItemsMentionParser WorkItemsMentionParser parses work item permalink when host is the same" storage="d:\v2.0\a1\_work\dbded102\vso\tfs\service\webaccess\mention\testscripts\tests\tfstests.mention.workitems.ts" id="cb0457b4-1acd-4b51-93c4-2c139c5e9c6f">
      <Execution id="5603ffdc-c10e-4767-bb33-d4440cee1659" />
      <TestMethod codeBase="d:\v2.0\a1\_work\dbded102\vso\tfs\service\webaccess\mention\testscripts\tests\tfstests.mention.workitems.ts" adapterTypeName="Microsoft.VisualStudio.TestTools.TestTypes.Unit.UnitTestAdapter" className="d:\v2.0\a1\_work\dbded102\vso\tfs\service\webaccess\mention\testscripts\tests\tfstests.mention.workitems.ts::tfstests" name="TFSTests.WorkItemsMentionParser WorkItemsMentionParser parses work item permalink when host is the same" />
    </UnitTest>
    <UnitTest name="TFSTests.WorkItemsMentionParser WorkItemsMentionParser rejects invalid link when host is same" storage="d:\v2.0\a1\_work\dbded102\vso\tfs\service\webaccess\mention\testscripts\tests\tfstests.mention.workitems.ts" id="8e1fe641-a8b0-4469-af49-5b7538c1bbba">
      <Execution id="07f4563d-455b-411c-985b-3de19b44c53f" />
      <TestMethod codeBase="d:\v2.0\a1\_work\dbded102\vso\tfs\service\webaccess\mention\testscripts\tests\tfstests.mention.workitems.ts" adapterTypeName="Microsoft.VisualStudio.TestTools.TestTypes.Unit.UnitTestAdapter" className="d:\v2.0\a1\_work\dbded102\vso\tfs\service\webaccess\mention\testscripts\tests\tfstests.mention.workitems.ts::tfstests" name="TFSTests.WorkItemsMentionParser WorkItemsMentionParser rejects invalid link when host is same" />
    </UnitTest>
    <UnitTest name="TFSTests.WorkItemsMentionParser WorkItemsMentionParser rejects work item permalink when host is different" storage="d:\v2.0\a1\_work\dbded102\vso\tfs\service\webaccess\mention\testscripts\tests\tfstests.mention.workitems.ts" id="b996750e-8b38-46a5-bdb8-aa4a6c93ae75">
      <Execution id="4b669887-2c70-420c-b73d-4ce5e94d7529" />
      <TestMethod codeBase="d:\v2.0\a1\_work\dbded102\vso\tfs\service\webaccess\mention\testscripts\tests\tfstests.mention.workitems.ts" adapterTypeName="Microsoft.VisualStudio.TestTools.TestTypes.Unit.UnitTestAdapter" className="d:\v2.0\a1\_work\dbded102\vso\tfs\service\webaccess\mention\testscripts\tests\tfstests.mention.workitems.ts::tfstests" name="TFSTests.WorkItemsMentionParser WorkItemsMentionParser rejects work item permalink when host is different" />
    </UnitTest>
  </TestDefinitions>
  <TestEntries>
    <TestEntry testId="36868de7-9ffb-41ac-87c4-b8f19ee8d399" executionId="395b4c13-116a-45a5-9de4-67c30c5266ad" testListId="8c84fa94-04c1-424b-9868-57a2d4851a1d" />
    <TestEntry testId="b1cd16ef-e7c1-4e45-9490-7bea7733b178" executionId="4466886f-ac52-433d-98e5-b84f06bc5c12" testListId="8c84fa94-04c1-424b-9868-57a2d4851a1d" />
    <TestEntry testId="933d3afe-91e3-4333-b74b-311894a31beb" executionId="5cdb7a30-65b5-4191-b05c-5567703ab495" testListId="8c84fa94-04c1-424b-9868-57a2d4851a1d" />
    <TestEntry testId="5b77dfa9-f991-4c91-a861-842bea2fb4ae" executionId="9adde443-cafd-4c3e-8224-5b480e929970" testListId="8c84fa94-04c1-424b-9868-57a2d4851a1d" />
    <TestEntry testId="abf2e71f-86a7-4315-844f-867e68985011" executionId="9164a45c-e9fd-4184-8174-71b8405b62f7" testListId="8c84fa94-04c1-424b-9868-57a2d4851a1d" />
    <TestEntry testId="55510110-389d-4432-bc7e-6b306f942fb7" executionId="bf5985a1-20bb-4288-a6f9-59295314b23a" testListId="8c84fa94-04c1-424b-9868-57a2d4851a1d" />
    <TestEntry testId="7c013d5f-cc3d-4562-b84d-51ef817f7cf6" executionId="324db043-25ec-40d5-83eb-3268028b92c9" testListId="8c84fa94-04c1-424b-9868-57a2d4851a1d" />
    <TestEntry testId="3ef96f7c-216d-4358-b678-77f75e8a0814" executionId="883cee0e-e36f-4102-ae3d-c2326643d84e" testListId="8c84fa94-04c1-424b-9868-57a2d4851a1d" />
    <TestEntry testId="9cfd344a-8c83-42ae-85e5-4110183ec3d6" executionId="e243d35e-e05c-41f2-887d-bc60021a4c75" testListId="8c84fa94-04c1-424b-9868-57a2d4851a1d" />
    <TestEntry testId="f9628f42-2c01-415e-89a7-1e12b18b0528" executionId="c9ffa7c2-196f-46b3-8315-3cf78baad5d6" testListId="8c84fa94-04c1-424b-9868-57a2d4851a1d" />
    <TestEntry testId="31ed3ef7-cad2-4966-bc2d-e6eea4f74c03" executionId="6a6427b8-def0-40c7-9a35-92fa820b9481" testListId="8c84fa94-04c1-424b-9868-57a2d4851a1d" />
    <TestEntry testId="f72384c1-c44b-4166-93bb-9d85a87ce544" executionId="4fed4ce9-6438-49cb-80b4-f2bb3caaca4a" testListId="8c84fa94-04c1-424b-9868-57a2d4851a1d" />
    <TestEntry testId="a93d1e64-3278-4ee1-a68c-b38fdbbe7cb4" executionId="c8dda609-f70c-4742-93b8-ef29ac83868a" testListId="8c84fa94-04c1-424b-9868-57a2d4851a1d" />
    <TestEntry testId="7bae46a4-ad16-416e-8d70-b3e67c0e6405" executionId="1375a199-3aa5-4038-bfaf-9559df1525bc" testListId="8c84fa94-04c1-424b-9868-57a2d4851a1d" />
    <TestEntry testId="0ca2ffed-6fe3-49e0-80b2-5ab8d528499d" executionId="da173010-90d7-4fa9-bd82-edb0c8ce1fa9" testListId="8c84fa94-04c1-424b-9868-57a2d4851a1d" />
    <TestEntry testId="82526e1c-1cb7-4887-b00e-2906070a9424" executionId="07c0ba2f-d5fe-46f7-844b-cf817734a78c" testListId="8c84fa94-04c1-424b-9868-57a2d4851a1d" />
    <TestEntry testId="07807e04-0213-4805-82b9-5d2448003c69" executionId="775a87a3-9143-497b-9a89-6ea576912e5c" testListId="8c84fa94-04c1-424b-9868-57a2d4851a1d" />
    <TestEntry testId="f60892ba-9e54-4cae-ae3c-a9fa35143e7f" executionId="e0aa2c5d-b242-4d8e-b741-df3b44cd527a" testListId="8c84fa94-04c1-424b-9868-57a2d4851a1d" />
    <TestEntry testId="07353640-4949-465c-9dc3-3b5d81d4bb08" executionId="b66f832b-fe51-4856-9874-7e44d04b309e" testListId="8c84fa94-04c1-424b-9868-57a2d4851a1d" />
    <TestEntry testId="16b07805-af72-45d4-9c51-c1d8eca1dcf3" executionId="b922a406-05db-4e03-811c-a05d020b6054" testListId="8c84fa94-04c1-424b-9868-57a2d4851a1d" />
    <TestEntry testId="e7e33c90-6eb0-4925-963b-b152947fb101" executionId="35a592f5-77da-419d-a353-d3f18803bc1c" testListId="8c84fa94-04c1-424b-9868-57a2d4851a1d" />
    <TestEntry testId="5b29a722-e66e-4261-9b87-e562a826bfc0" executionId="369c5b06-26c1-4be7-84f4-f651a084633e" testListId="8c84fa94-04c1-424b-9868-57a2d4851a1d" />
    <TestEntry testId="ec757fc3-bede-4440-8be1-cbf2c50aa7fb" executionId="62bf3b63-35e2-4038-b4f0-59587e92380d" testListId="8c84fa94-04c1-424b-9868-57a2d4851a1d" />
    <TestEntry testId="7e6125b9-c7ed-48f7-b4cf-8d27d3f5a58f" executionId="8328eadc-d416-4ade-92b3-95d99165b06d" testListId="8c84fa94-04c1-424b-9868-57a2d4851a1d" />
    <TestEntry testId="4fba41a4-8eaa-4262-aaa4-3cda95e2a7b0" executionId="3c41abd1-2f60-4912-9130-1bdb7a15852b" testListId="8c84fa94-04c1-424b-9868-57a2d4851a1d" />
    <TestEntry testId="a0073cfe-2175-48fa-b8b2-bc8be31a10c5" executionId="232ce3fc-204e-433e-bcfc-78c00dfff413" testListId="8c84fa94-04c1-424b-9868-57a2d4851a1d" />
    <TestEntry testId="8ac3ad4d-37bb-45de-b89a-50a19e815c5b" executionId="0670892f-9fdd-4d6f-a36d-6d864ed29982" testListId="8c84fa94-04c1-424b-9868-57a2d4851a1d" />
    <TestEntry testId="72fbb69d-a384-451c-bec4-624b20216618" executionId="93fbd042-b444-407b-929e-58dc6eeae2e8" testListId="8c84fa94-04c1-424b-9868-57a2d4851a1d" />
    <TestEntry testId="6b11c4e9-d9c6-4740-8219-ba3927de0438" executionId="ccb11232-d5ba-4944-ad37-439dc2a283f1" testListId="8c84fa94-04c1-424b-9868-57a2d4851a1d" />
    <TestEntry testId="aa02f0d5-03f6-4ec7-9f43-acc4bbd9834e" executionId="83e85011-70be-4fe1-95d7-a0a632941a36" testListId="8c84fa94-04c1-424b-9868-57a2d4851a1d" />
    <TestEntry testId="0338e929-7f8a-44e6-a80f-1b90c21f87d6" executionId="81b51741-aa5d-4026-957e-5bcf78ff221e" testListId="8c84fa94-04c1-424b-9868-57a2d4851a1d" />
    <TestEntry testId="2f8203f9-6d22-46aa-b382-b9cbdaad884b" executionId="e1e1e667-f4b9-405b-97c6-54135f3b5cc2" testListId="8c84fa94-04c1-424b-9868-57a2d4851a1d" />
    <TestEntry testId="584872fb-0c33-44a1-9dd8-83b738c3fa17" executionId="8b3b7309-5bf8-4eb9-9df1-375b6a82634c" testListId="8c84fa94-04c1-424b-9868-57a2d4851a1d" />
    <TestEntry testId="8b72230e-e1cc-43a5-8f3d-d56312bb1078" executionId="0330df27-c41f-4aa2-9594-9a657a0a81e5" testListId="8c84fa94-04c1-424b-9868-57a2d4851a1d" />
    <TestEntry testId="19c5cead-0978-41f1-872b-d17f1d08be86" executionId="36ea5d54-f781-480c-9fb4-a3bd37b7f51c" testListId="8c84fa94-04c1-424b-9868-57a2d4851a1d" />
    <TestEntry testId="810fcc4a-5071-4d51-a695-e9d34a6c4341" executionId="bb272814-a87e-4cd6-b085-f37efec786d6" testListId="8c84fa94-04c1-424b-9868-57a2d4851a1d" />
    <TestEntry testId="014ff7ac-66da-46ac-82a4-0757192df848" executionId="60e4f1a9-13f9-4e79-9247-30ca2e5d9f03" testListId="8c84fa94-04c1-424b-9868-57a2d4851a1d" />
    <TestEntry testId="23aa4121-d54d-48a7-97dd-a023e6a187bb" executionId="a7640917-3be0-4aba-a4ad-5531cb9cad93" testListId="8c84fa94-04c1-424b-9868-57a2d4851a1d" />
    <TestEntry testId="0d482585-f431-4f97-87d9-bd30380d8f70" executionId="32c0a150-4c9c-4d6e-84bc-015db7f281e7" testListId="8c84fa94-04c1-424b-9868-57a2d4851a1d" />
    <TestEntry testId="c6317bdd-1145-4d32-81f1-df19b31a6313" executionId="03bd2542-f283-472a-a955-28aa459a74a0" testListId="8c84fa94-04c1-424b-9868-57a2d4851a1d" />
    <TestEntry testId="63c52243-cffc-490a-8344-f4a190830a89" executionId="6e0163b3-97ce-4b91-8e74-43f5e71cadb7" testListId="8c84fa94-04c1-424b-9868-57a2d4851a1d" />
    <TestEntry testId="c9827864-9066-41a4-b3e3-d6836abfde5c" executionId="85a5de66-6f9f-4b99-861f-c6e65b50176e" testListId="8c84fa94-04c1-424b-9868-57a2d4851a1d" />
    <TestEntry testId="a479012d-c869-427e-941f-784348181a12" executionId="23f8d05e-2529-476f-b59a-3cef4ddd1ff3" testListId="8c84fa94-04c1-424b-9868-57a2d4851a1d" />
    <TestEntry testId="0b94f98c-6ce0-4484-b620-ca075ec32edd" executionId="d0df130c-c61f-49b1-80b9-8a7a12d1c872" testListId="8c84fa94-04c1-424b-9868-57a2d4851a1d" />
    <TestEntry testId="4ed0c56f-9773-4a2d-8e67-c5900ec62a93" executionId="0aca7459-b7fb-48c7-b3a1-574010f3156c" testListId="8c84fa94-04c1-424b-9868-57a2d4851a1d" />
    <TestEntry testId="13bef5cb-b4f0-4899-a0f5-7f021a1409e4" executionId="ea0659b0-ac42-43f3-a749-6d4d79de027e" testListId="8c84fa94-04c1-424b-9868-57a2d4851a1d" />
    <TestEntry testId="44f88432-d06c-49a1-bcff-76d8bdc4281e" executionId="0e06803e-d0ea-4da9-9b0b-8fb7a9e41c96" testListId="8c84fa94-04c1-424b-9868-57a2d4851a1d" />
    <TestEntry testId="44060642-4a10-46cf-90fa-a6bdc0feac07" executionId="c71f1a0b-0c7e-47b5-a699-4558885e2219" testListId="8c84fa94-04c1-424b-9868-57a2d4851a1d" />
    <TestEntry testId="e4081e8f-3880-495d-8241-3e89e9d75e88" executionId="0b2d38ba-d515-4f81-a8a4-e78f9bef1739" testListId="8c84fa94-04c1-424b-9868-57a2d4851a1d" />
    <TestEntry testId="d5e7db21-2942-49fb-8896-7980641ee81c" executionId="941fb7fd-31fe-43bc-9eb0-0f2ec8603306" testListId="8c84fa94-04c1-424b-9868-57a2d4851a1d" />
    <TestEntry testId="02b9b607-5fc1-4504-becd-e6bdcc163776" executionId="91e1cffd-17bb-4f05-9307-cac6fc40af4d" testListId="8c84fa94-04c1-424b-9868-57a2d4851a1d" />
    <TestEntry testId="950c82f5-022f-48e1-9de2-265cf207b0df" executionId="399426b4-3172-428b-bc96-37be51ba6811" testListId="8c84fa94-04c1-424b-9868-57a2d4851a1d" />
    <TestEntry testId="0770a77d-7707-4d27-b649-332886dd9f55" executionId="5037fcd0-5dc5-4c66-aaf8-f3d44be500a3" testListId="8c84fa94-04c1-424b-9868-57a2d4851a1d" />
    <TestEntry testId="0fa56091-f152-4434-a716-936450065e64" executionId="134fdf1c-a744-4cc4-902f-ed6dc48cd92d" testListId="8c84fa94-04c1-424b-9868-57a2d4851a1d" />
    <TestEntry testId="f3210817-0026-40db-9aa9-446b47baf3e9" executionId="f2160079-45f8-4de9-97e0-3621d3de10c5" testListId="8c84fa94-04c1-424b-9868-57a2d4851a1d" />
    <TestEntry testId="03bbd3ad-9dfd-47ca-99d6-7ee5fbc58312" executionId="9dfba3fc-4259-4e5b-a3e4-6576641ebf7d" testListId="8c84fa94-04c1-424b-9868-57a2d4851a1d" />
    <TestEntry testId="eb1b61bf-2a3c-4033-86a3-f86cf232a2c2" executionId="b8ad93bd-1647-4e18-80cd-c95c446c8c4f" testListId="8c84fa94-04c1-424b-9868-57a2d4851a1d" />
    <TestEntry testId="f264e988-95c5-453c-8cef-fa242546ec9b" executionId="71567a93-bd71-46ac-8cd8-247abdb9dd74" testListId="8c84fa94-04c1-424b-9868-57a2d4851a1d" />
    <TestEntry testId="00c4e19d-4ef3-4566-ad95-431d0f86f6cd" executionId="45ac11c6-2853-4378-a482-2ae293c7822d" testListId="8c84fa94-04c1-424b-9868-57a2d4851a1d" />
    <TestEntry testId="e9d5de47-71c0-4528-905d-af349b32ed6c" executionId="023ed317-11c8-404e-a572-9a4df10b5a31" testListId="8c84fa94-04c1-424b-9868-57a2d4851a1d" />
    <TestEntry testId="b05e737f-f5f3-428e-bba8-0206cb68b2db" executionId="8ee257d6-7dfe-41d6-a93e-b2afc68a070e" testListId="8c84fa94-04c1-424b-9868-57a2d4851a1d" />
    <TestEntry testId="512d84ac-11e0-4395-b121-fb1ae036f6c0" executionId="0b77ae9b-49dc-4f9d-8561-6f87dc492fbc" testListId="8c84fa94-04c1-424b-9868-57a2d4851a1d" />
    <TestEntry testId="ab30bae9-efa5-4d89-80e4-b18913365cf6" executionId="458a0031-e29a-49ae-a889-0ed50ba91021" testListId="8c84fa94-04c1-424b-9868-57a2d4851a1d" />
    <TestEntry testId="bdd532c5-329d-4836-8a7a-32e4225fdead" executionId="c15c344a-b675-4201-8f9e-18c0c7e2a4b4" testListId="8c84fa94-04c1-424b-9868-57a2d4851a1d" />
    <TestEntry testId="dae6fc75-dd84-4f6d-a797-2c40d86ed09f" executionId="7d3b895e-8169-49e8-a6f7-ecc3e40296a6" testListId="8c84fa94-04c1-424b-9868-57a2d4851a1d" />
    <TestEntry testId="5499bb7c-4f52-4877-af3d-4fe272201bd7" executionId="ea42c7c3-40da-41da-81f2-68d987c73c3a" testListId="8c84fa94-04c1-424b-9868-57a2d4851a1d" />
    <TestEntry testId="524606f8-4935-489f-8459-d54e62574391" executionId="c4bb875b-8b33-4fd8-ba06-c9bbb6f1c5a3" testListId="8c84fa94-04c1-424b-9868-57a2d4851a1d" />
    <TestEntry testId="167d94a4-f644-4fe3-97c1-91d78ba093f6" executionId="f6809a8f-800c-4df6-a016-906457e340ed" testListId="8c84fa94-04c1-424b-9868-57a2d4851a1d" />
    <TestEntry testId="d8b8f8c3-0b84-48c1-a345-20a15f9a5745" executionId="69db84a3-fea6-4649-aad0-6024b394911e" testListId="8c84fa94-04c1-424b-9868-57a2d4851a1d" />
    <TestEntry testId="74fbf5d9-1205-4b7f-80c6-3da360763703" executionId="d51ea4c4-62fd-48af-af0a-f091446fae94" testListId="8c84fa94-04c1-424b-9868-57a2d4851a1d" />
    <TestEntry testId="445078c7-84f2-4ef2-ae29-0573770e921e" executionId="93b56a23-9fe0-4eb0-91ce-45baed443ef3" testListId="8c84fa94-04c1-424b-9868-57a2d4851a1d" />
    <TestEntry testId="7d1f2c59-f9d4-4470-887a-97f056fbac44" executionId="8e846812-126f-4eee-8efa-d12e3c7ab2b1" testListId="8c84fa94-04c1-424b-9868-57a2d4851a1d" />
    <TestEntry testId="7f407cc7-3bb5-464c-b76c-23131032cc4c" executionId="d5233299-51d3-405f-a921-d76fbb42d085" testListId="8c84fa94-04c1-424b-9868-57a2d4851a1d" />
    <TestEntry testId="6c73db51-1032-41c7-bf78-08501284854c" executionId="23b863f9-cded-486e-827d-ba3dd8470f0f" testListId="8c84fa94-04c1-424b-9868-57a2d4851a1d" />
    <TestEntry testId="cb0457b4-1acd-4b51-93c4-2c139c5e9c6f" executionId="5603ffdc-c10e-4767-bb33-d4440cee1659" testListId="8c84fa94-04c1-424b-9868-57a2d4851a1d" />
    <TestEntry testId="8e1fe641-a8b0-4469-af49-5b7538c1bbba" executionId="07f4563d-455b-411c-985b-3de19b44c53f" testListId="8c84fa94-04c1-424b-9868-57a2d4851a1d" />
    <TestEntry testId="b996750e-8b38-46a5-bdb8-aa4a6c93ae75" executionId="4b669887-2c70-420c-b73d-4ce5e94d7529" testListId="8c84fa94-04c1-424b-9868-57a2d4851a1d" />
  </TestEntries>
  <TestLists>
    <TestList name="Results Not in a List" id="8c84fa94-04c1-424b-9868-57a2d4851a1d" />
    <TestList name="All Loaded Results" id="19431567-8539-422a-85d7-44ee4e166bda" />
  </TestLists>
  <ResultSummary outcome="Completed">
    <Counters total="77" executed="77" passed="77" failed="0" error="0" timeout="0" aborted="0" inconclusive="0" passedButRunAborted="0" notRunnable="0" notExecuted="0" disconnected="0" warning="0" completed="0" inProgress="0" pending="0" />
    <Output>
      <StdOut>Log Message: (no stack) fake error from d:\v2.0\a1\_work\dbded102\vso\tfs\service\webaccess\mention\testscripts\tests\TFSTests.Mention.WorkItems.ts
Log Message: at file:///D:/v2.0/A1/_work/dbded102/layout/L1/tfsjstestsclean/vssjstests/Mention/Scripts/TFS.Mention.WorkItems.js:379:47
	at _fulfilled (file:///D:/v2.0/A1/_work/dbded102/layout/L1/tfsjstestsclean/vssjstests/q.js:787:63)
	at file:///D:/v2.0/A1/_work/dbded102/layout/L1/tfsjstestsclean/vssjstests/q.js:816:40
	at promiseDispatch (file:///D:/v2.0/A1/_work/dbded102/layout/L1/tfsjstestsclean/vssjstests/q.js:749:20)
	at file:///D:/v2.0/A1/_work/dbded102/layout/L1/tfsjstestsclean/vssjstests/q.js:509:54
	at flush (file:///D:/v2.0/A1/_work/dbded102/layout/L1/tfsjstestsclean/vssjstests/q.js:108:21) from d:\v2.0\a1\_work\dbded102\vso\tfs\service\webaccess\mention\testscripts\tests\TFSTests.Mention.WorkItems.ts
Log Message: (no stack) fake error from d:\v2.0\a1\_work\dbded102\vso\tfs\service\webaccess\mention\testscripts\tests\TFSTests.Mention.WorkItems.ts
Log Message: (no stack) TFS.WebApi.Exception: An undefined error occurred while attempting to connect to the server. Status code 0: error. from d:\v2.0\a1\_work\dbded102\vso\tfs\service\webaccess\mention\testscripts\tests\TFSTests.Mention.WorkItems.ts
Log Message: at _handleRequestFailure (file:///D:/v2.0/A1/_work/dbded102/layout/L1/tfsjstestsclean/vssjstests/VSS/Ajax.js:116:18)
	at file:///D:/v2.0/A1/_work/dbded102/layout/L1/tfsjstestsclean/vssjstests/VSS/Ajax.js:321:34
	at _rejected (file:///D:/v2.0/A1/_work/dbded102/layout/L1/tfsjstestsclean/vssjstests/q.js:797:32)
	at file:///D:/v2.0/A1/_work/dbded102/layout/L1/tfsjstestsclean/vssjstests/q.js:823:39
	at when (file:///D:/v2.0/A1/_work/dbded102/layout/L1/tfsjstestsclean/vssjstests/q.js:1035:39)
	at promiseDispatch (file:///D:/v2.0/A1/_work/dbded102/layout/L1/tfsjstestsclean/vssjstests/q.js:741:46)
	at file:///D:/v2.0/A1/_work/dbded102/layout/L1/tfsjstestsclean/vssjstests/q.js:557:49
	at flush (file:///D:/v2.0/A1/_work/dbded102/layout/L1/tfsjstestsclean/vssjstests/q.js:108:21) from d:\v2.0\a1\_work\dbded102\vso\tfs\service\webaccess\mention\testscripts\tests\TFSTests.Mention.WorkItems.ts
Log Message: (no stack) TFS.WebApi.Exception: An undefined error occurred while attempting to connect to the server. Status code 0: error. from d:\v2.0\a1\_work\dbded102\vso\tfs\service\webaccess\mention\testscripts\tests\TFSTests.Mention.WorkItems.ts
</StdOut>
    </Output>
  </ResultSummary>
</TestRun>