<?xml version="1.0" encoding="UTF-8"?>
<TestRun id="a9681c14-9eb4-4a24-b7be-3b584e47c8a6" name="tfsmladm@TFSBUILD11 2015-09-28 09:43:17" runUser="REDMOND\tfsmladm" xmlns="http://microsoft.com/schemas/VisualStudio/TeamTest/2010">
  <Times creation="2015-09-28T09:43:17.6551730-07:00" queuing="2015-09-28T09:43:17.6551730-07:00" start="2015-09-28T09:43:17.6551730-07:00" finish="2015-09-28T09:43:18.0927041-07:00" />
  <TestSettings name="default" id="e72b8a1e-1cae-477b-b51d-08ade2bfd446">
    <Execution>
      <TestTypeSpecific />
    </Execution>
    <Deployment runDeploymentRoot="tfsmladm_TFSBUILD11 2015-09-28 09_43_17" />
    <Properties />
  </TestSettings>
  <Results>
    <UnitTestResult executionId="d162537e-86c7-4734-9b9d-14db4ecc0bea" testId="34c56efe-0e22-734e-d3f7-08156dc655fe" testName="NotificationController_PostNotification" computerName="TFSBUILD11" duration="00:00:00.5290482" startTime="2015-09-28T09:43:16.8269882-07:00" endTime="2015-09-28T09:43:17.4051555-07:00" testType="13cdc9d9-ddb5-4fa4-a97d-d965ccfc6d4b" outcome="Passed" testListId="8c84fa94-04c1-424b-9868-57a2d4851a1d" relativeResultsDirectory="d162537e-86c7-4734-9b9d-14db4ecc0bea" />
    <UnitTestResult executionId="4bc415ed-71a9-4014-8deb-f63f9c34386f" testId="974ebb18-36b1-1e6b-1520-327685b51536" testName="SubscriptionsController_GetSubscription" computerName="TFSBUILD11" duration="00:00:00.0953569" startTime="2015-09-28T09:43:17.4364068-07:00" endTime="2015-09-28T09:43:17.5301638-07:00" testType="13cdc9d9-ddb5-4fa4-a97d-d965ccfc6d4b" outcome="Passed" testListId="8c84fa94-04c1-424b-9868-57a2d4851a1d" relativeResultsDirectory="4bc415ed-71a9-4014-8deb-f63f9c34386f" />
    <UnitTestResult executionId="d15d832a-81aa-431f-b665-1f46bc971dc0" testId="d9af9f82-2e9e-4af6-1628-102a65fa78f8" testName="Subscriptions2Controller_GetSubscription" computerName="TFSBUILD11" duration="00:00:00.0130952" startTime="2015-09-28T09:43:17.5301638-07:00" endTime="2015-09-28T09:43:17.5457896-07:00" testType="13cdc9d9-ddb5-4fa4-a97d-d965ccfc6d4b" outcome="Passed" testListId="8c84fa94-04c1-424b-9868-57a2d4851a1d" relativeResultsDirectory="d15d832a-81aa-431f-b665-1f46bc971dc0" />
    <UnitTestResult executionId="53d4d11a-e555-4100-94ef-0bdf0d29e647" testId="97c2e9bb-54dd-d092-426d-644749c85934" testName="ControllerBase_SetupTests" computerName="TFSBUILD11" duration="00:00:00.0222270" startTime="2015-09-28T09:43:17.5457896-07:00" endTime="2015-09-28T09:43:17.5614166-07:00" testType="13cdc9d9-ddb5-4fa4-a97d-d965ccfc6d4b" outcome="Passed" testListId="8c84fa94-04c1-424b-9868-57a2d4851a1d" relativeResultsDirectory="53d4d11a-e555-4100-94ef-0bdf0d29e647" />
    <UnitTestResult executionId="d413122f-c3f3-42cf-a927-75f7b0affd80" testId="1615f901-c815-b801-e77e-8594ad0a4be2" testName="SetValueToCache" computerName="TFSBUILD11" duration="00:00:00.0151693" startTime="2015-09-28T09:43:17.5614166-07:00" endTime="2015-09-28T09:43:17.5770427-07:00" testType="13cdc9d9-ddb5-4fa4-a97d-d965ccfc6d4b" outcome="Passed" testListId="8c84fa94-04c1-424b-9868-57a2d4851a1d" relativeResultsDirectory="d413122f-c3f3-42cf-a927-75f7b0affd80" />
    <UnitTestResult executionId="a1729a9b-4975-4388-94e6-c9b06aa3d94d" testId="8e112385-71d1-b38c-7d27-1536cca02dae" testName="SetValueToCache_Null" computerName="TFSBUILD11" duration="00:00:00.0091155" startTime="2015-09-28T09:43:17.5770427-07:00" endTime="2015-09-28T09:43:17.5926682-07:00" testType="13cdc9d9-ddb5-4fa4-a97d-d965ccfc6d4b" outcome="Passed" testListId="8c84fa94-04c1-424b-9868-57a2d4851a1d" relativeResultsDirectory="a1729a9b-4975-4388-94e6-c9b06aa3d94d" />
    <UnitTestResult executionId="3d894918-1e47-49ba-8e30-c671731e6e82" testId="0eb8facd-b72e-9ce6-b02e-e513fc32bf6d" testName="RemoveValueFromCache" computerName="TFSBUILD11" duration="00:00:00.0095186" startTime="2015-09-28T09:43:17.5926682-07:00" endTime="2015-09-28T09:43:17.5926682-07:00" testType="13cdc9d9-ddb5-4fa4-a97d-d965ccfc6d4b" outcome="Passed" testListId="8c84fa94-04c1-424b-9868-57a2d4851a1d" relativeResultsDirectory="3d894918-1e47-49ba-8e30-c671731e6e82" />
    <UnitTestResult executionId="3f494446-a2a6-4deb-abda-557d08321823" testId="89ab47e1-e5ab-eb26-6b5d-f5a253d280eb" testName="SetValueToCache_FeatureNotEnabled" computerName="TFSBUILD11" duration="00:00:00.0092378" startTime="2015-09-28T09:43:17.5926682-07:00" endTime="2015-09-28T09:43:17.6082946-07:00" testType="13cdc9d9-ddb5-4fa4-a97d-d965ccfc6d4b" outcome="Passed" testListId="8c84fa94-04c1-424b-9868-57a2d4851a1d" relativeResultsDirectory="3f494446-a2a6-4deb-abda-557d08321823" />
    <UnitTestResult executionId="fb029102-2d6d-4811-9ad5-00dea3a1575d" testId="69a87571-0a52-1ce1-6fbe-f9d842ba4bdd" testName="GetValueFromCache_FeatureNotEnabled" computerName="TFSBUILD11" duration="00:00:00.0087312" startTime="2015-09-28T09:43:17.6082946-07:00" endTime="2015-09-28T09:43:17.6082946-07:00" testType="13cdc9d9-ddb5-4fa4-a97d-d965ccfc6d4b" outcome="Passed" testListId="8c84fa94-04c1-424b-9868-57a2d4851a1d" relativeResultsDirectory="fb029102-2d6d-4811-9ad5-00dea3a1575d" />
    <UnitTestResult executionId="286fdd36-7d70-43ef-9f30-3da58eb9621e" testId="bc2fdb5c-750b-08bf-ef9d-05ba844b62c7" testName="PerformActionWithRetriesNoException" computerName="TFSBUILD11" duration="00:00:00.0010751" startTime="2015-09-28T09:43:17.6239207-07:00" endTime="2015-09-28T09:43:17.6239207-07:00" testType="13cdc9d9-ddb5-4fa4-a97d-d965ccfc6d4b" outcome="Passed" testListId="8c84fa94-04c1-424b-9868-57a2d4851a1d" relativeResultsDirectory="286fdd36-7d70-43ef-9f30-3da58eb9621e" />
    <UnitTestResult executionId="c7c6ba47-6e40-42e9-a815-30551358db88" testId="7f4778a5-bac9-7ff7-9b89-c9a76e418a27" testName="PerformActionWithRetries_WithTransinientException" computerName="TFSBUILD11" duration="00:00:00.0086684" startTime="2015-09-28T09:43:17.6239207-07:00" endTime="2015-09-28T09:43:17.6239207-07:00" testType="13cdc9d9-ddb5-4fa4-a97d-d965ccfc6d4b" outcome="Passed" testListId="8c84fa94-04c1-424b-9868-57a2d4851a1d" relativeResultsDirectory="c7c6ba47-6e40-42e9-a815-30551358db88" />
    <UnitTestResult executionId="db527aa3-228d-4bdf-89a9-c92b74514cd8" testId="6b726ce6-ee43-40c4-b59c-f19832a5393e" testName="PerformActionWithRetriesOfT_NoException" computerName="TFSBUILD11" duration="00:00:00.0018611" startTime="2015-09-28T09:43:17.6239207-07:00" endTime="2015-09-28T09:43:17.6395466-07:00" testType="13cdc9d9-ddb5-4fa4-a97d-d965ccfc6d4b" outcome="Passed" testListId="8c84fa94-04c1-424b-9868-57a2d4851a1d" relativeResultsDirectory="db527aa3-228d-4bdf-89a9-c92b74514cd8" />
    <UnitTestResult executionId="f57b62e5-9a7b-437c-be9d-97e433289c8f" testId="546cf2f3-2253-e156-ddd9-79f33c79cf6c" testName="PerformActionWithRetriesOfT__WithNonTransinientException" computerName="TFSBUILD11" duration="00:00:00.0035518" startTime="2015-09-28T09:43:17.6395466-07:00" endTime="2015-09-28T09:43:17.6395466-07:00" testType="13cdc9d9-ddb5-4fa4-a97d-d965ccfc6d4b" outcome="Passed" testListId="8c84fa94-04c1-424b-9868-57a2d4851a1d" relativeResultsDirectory="f57b62e5-9a7b-437c-be9d-97e433289c8f" />
    <UnitTestResult executionId="3c3e9ba2-02ee-40b7-afd3-0b969f84a6b0" testId="7809663a-2e24-0d7c-fe71-3b859d317b20" testName="PerformActionWithRetriesOfT__WithTransinientException" computerName="TFSBUILD11" duration="00:00:00.0003043" startTime="2015-09-28T09:43:17.6395466-07:00" endTime="2015-09-28T09:43:17.6395466-07:00" testType="13cdc9d9-ddb5-4fa4-a97d-d965ccfc6d4b" outcome="Passed" testListId="8c84fa94-04c1-424b-9868-57a2d4851a1d" relativeResultsDirectory="3c3e9ba2-02ee-40b7-afd3-0b969f84a6b0" />
    <UnitTestResult executionId="ce39e5cb-e48c-4a97-80f8-b9796d2f4c53" testId="5d78d070-dd0b-5373-c05b-ac8fe0cce6bd" testName="PerformActionWithRetriesOfT__WithNonTransinientExceptionn_TwoArgs" computerName="TFSBUILD11" duration="00:00:00.0017592" startTime="2015-09-28T09:43:17.6395466-07:00" endTime="2015-09-28T09:43:17.6395466-07:00" testType="13cdc9d9-ddb5-4fa4-a97d-d965ccfc6d4b" outcome="Passed" testListId="8c84fa94-04c1-424b-9868-57a2d4851a1d" relativeResultsDirectory="ce39e5cb-e48c-4a97-80f8-b9796d2f4c53" />
    <UnitTestResult executionId="e54c3220-91ef-496a-9ff0-0e8790458411" testId="351b3dc4-e3c2-3f2d-232a-06d744179dfb" testName="PerformActionWithRetriesOfT__WithSocketException_TwoArgs" computerName="TFSBUILD11" duration="00:00:00.0004061" startTime="2015-09-28T09:43:17.6395466-07:00" endTime="2015-09-28T09:43:17.6395466-07:00" testType="13cdc9d9-ddb5-4fa4-a97d-d965ccfc6d4b" outcome="Passed" testListId="8c84fa94-04c1-424b-9868-57a2d4851a1d" relativeResultsDirectory="e54c3220-91ef-496a-9ff0-0e8790458411" />
    <UnitTestResult executionId="b68a02c0-9c4e-4951-92e8-6869ec0d088e" testId="e92f39a1-0492-77e0-60b5-8aee6b70dcb2" testName="PerformFunctionWithRetriesOfT__WithNoException" computerName="TFSBUILD11" duration="00:00:00.0006516" startTime="2015-09-28T09:43:17.6395466-07:00" endTime="2015-09-28T09:43:17.6395466-07:00" testType="13cdc9d9-ddb5-4fa4-a97d-d965ccfc6d4b" outcome="Passed" testListId="8c84fa94-04c1-424b-9868-57a2d4851a1d" relativeResultsDirectory="b68a02c0-9c4e-4951-92e8-6869ec0d088e" />
    <UnitTestResult executionId="cc95b6d3-55f3-4294-ba00-358a54ecadd8" testId="8252af9b-e05c-c221-fcb2-8c65450e5ee6" testName="PerformFunctionWithRetriesOfT__WithTransinientException" computerName="TFSBUILD11" duration="00:00:00.0003120" startTime="2015-09-28T09:43:17.6395466-07:00" endTime="2015-09-28T09:43:17.6395466-07:00" testType="13cdc9d9-ddb5-4fa4-a97d-d965ccfc6d4b" outcome="Passed" testListId="8c84fa94-04c1-424b-9868-57a2d4851a1d" relativeResultsDirectory="cc95b6d3-55f3-4294-ba00-358a54ecadd8" />
    <UnitTestResult executionId="8e43f2ef-3885-4c38-a8fb-9050205a1656" testId="eede46ed-1cd8-aefa-b37b-24dabd72ebbc" testName="PerformFunctionWithRetriesOfT__WithNoException_TwoArgs" computerName="TFSBUILD11" duration="00:00:00.0006550" startTime="2015-09-28T09:43:17.6395466-07:00" endTime="2015-09-28T09:43:17.6395466-07:00" testType="13cdc9d9-ddb5-4fa4-a97d-d965ccfc6d4b" outcome="Passed" testListId="8c84fa94-04c1-424b-9868-57a2d4851a1d" relativeResultsDirectory="8e43f2ef-3885-4c38-a8fb-9050205a1656" />
    <UnitTestResult executionId="74a3ff55-89ef-49f7-b6d1-59f945cdf028" testId="604995c1-4bd8-b2a1-84f1-4ed0a55a701d" testName="PerformFunctionWithRetriesOfT__WithUnauthorizedAccessException_TwoArgs" computerName="TFSBUILD11" duration="00:00:00.0013348" startTime="2015-09-28T09:43:17.6395466-07:00" endTime="2015-09-28T09:43:17.6395466-07:00" testType="13cdc9d9-ddb5-4fa4-a97d-d965ccfc6d4b" outcome="Passed" testListId="8c84fa94-04c1-424b-9868-57a2d4851a1d" relativeResultsDirectory="74a3ff55-89ef-49f7-b6d1-59f945cdf028" />
    <UnitTestResult executionId="481df2f7-9bb9-4627-9476-943df0cfda8c" testId="b7cdb69d-bcfd-0131-5132-584cf830107f" testName="PerformFunctionWithRetriesOfT__WithNonTransinientException_TwoArgs" computerName="TFSBUILD11" duration="00:00:00.0002696" startTime="2015-09-28T09:43:17.6395466-07:00" endTime="2015-09-28T09:43:17.6395466-07:00" testType="13cdc9d9-ddb5-4fa4-a97d-d965ccfc6d4b" outcome="Passed" testListId="8c84fa94-04c1-424b-9868-57a2d4851a1d" relativeResultsDirectory="481df2f7-9bb9-4627-9476-943df0cfda8c" />
    <UnitTestResult executionId="714f9264-62ed-45b5-90d6-0b4556d25289" testId="b172fd62-2a2d-fc7a-82bf-6d70e0d5b380" testName="PerformFunctionWithRetriesOfT__WithTransinientException_TwoArgs" computerName="TFSBUILD11" duration="00:00:00.0003305" startTime="2015-09-28T09:43:17.6395466-07:00" endTime="2015-09-28T09:43:17.6395466-07:00" testType="13cdc9d9-ddb5-4fa4-a97d-d965ccfc6d4b" outcome="Passed" testListId="8c84fa94-04c1-424b-9868-57a2d4851a1d" relativeResultsDirectory="714f9264-62ed-45b5-90d6-0b4556d25289" />
    <UnitTestResult executionId="4bf41758-0b81-419a-b2df-d8e290f72b18" testId="b8a729d9-eeab-821d-67ce-1ee59042839d" testName="PerformFunctionWithRetriesOfT__WithNoException_TwoArgsAndReturnValue" computerName="TFSBUILD11" duration="00:00:00.0006823" startTime="2015-09-28T09:43:17.6395466-07:00" endTime="2015-09-28T09:43:17.6395466-07:00" testType="13cdc9d9-ddb5-4fa4-a97d-d965ccfc6d4b" outcome="Passed" testListId="8c84fa94-04c1-424b-9868-57a2d4851a1d" relativeResultsDirectory="4bf41758-0b81-419a-b2df-d8e290f72b18" />
    <UnitTestResult executionId="fd156a9f-d82e-4f20-9d60-daf19b23e9c2" testId="b37b0669-645e-40fb-19c5-205cbec2535c" testName="PerformFunctionWithRetriesOfT__WithTransinientException_TwoArgsAndReturnValue" computerName="TFSBUILD11" duration="00:00:00.0003345" startTime="2015-09-28T09:43:17.6395466-07:00" endTime="2015-09-28T09:43:17.6395466-07:00" testType="13cdc9d9-ddb5-4fa4-a97d-d965ccfc6d4b" outcome="Passed" testListId="8c84fa94-04c1-424b-9868-57a2d4851a1d" relativeResultsDirectory="fd156a9f-d82e-4f20-9d60-daf19b23e9c2" />
    <UnitTestResult executionId="c4b810cc-3a35-44a9-88d2-05f207899a2f" testId="4bda2693-aa20-5a70-b598-6d1f1d7d223a" testName="PerformFunctionWithRetriesOfT__WithNoTransinientException_TwoArgsAndReturnValue" computerName="TFSBUILD11" duration="00:00:00.0003532" startTime="2015-09-28T09:43:17.6395466-07:00" endTime="2015-09-28T09:43:17.6395466-07:00" testType="13cdc9d9-ddb5-4fa4-a97d-d965ccfc6d4b" outcome="Passed" testListId="8c84fa94-04c1-424b-9868-57a2d4851a1d" relativeResultsDirectory="c4b810cc-3a35-44a9-88d2-05f207899a2f" />
    <UnitTestResult executionId="cfbf3bf1-84de-4afc-bec1-38640576de26" testId="c87483ba-2aa6-e2bd-601c-7cafb4fc53a5" testName="CreateUrl" computerName="TFSBUILD11" duration="00:00:00.0004275" startTime="2015-09-28T09:43:17.6395466-07:00" endTime="2015-09-28T09:43:17.6395466-07:00" testType="13cdc9d9-ddb5-4fa4-a97d-d965ccfc6d4b" outcome="Passed" testListId="8c84fa94-04c1-424b-9868-57a2d4851a1d" relativeResultsDirectory="cfbf3bf1-84de-4afc-bec1-38640576de26" />
    <UnitTestResult executionId="84dc1984-5dc0-4a7a-bb62-c2658d3f2f4b" testId="0c968abb-b7eb-f7e5-75fb-2740227bfd13" testName="CreateUrlWithTopic" computerName="TFSBUILD11" duration="00:00:00.0003296" startTime="2015-09-28T09:43:17.6395466-07:00" endTime="2015-09-28T09:43:17.6395466-07:00" testType="13cdc9d9-ddb5-4fa4-a97d-d965ccfc6d4b" outcome="Passed" testListId="8c84fa94-04c1-424b-9868-57a2d4851a1d" relativeResultsDirectory="84dc1984-5dc0-4a7a-bb62-c2658d3f2f4b" />
    <UnitTestResult executionId="dc704f8b-d484-4ba0-8e13-3565feb70c1b" testId="1eae5c74-2e0b-7121-b3c9-8fd83c279b7a" testName="CreateUrl_NullTopic" computerName="TFSBUILD11" duration="00:00:00.0017587" startTime="2015-09-28T09:43:17.6395466-07:00" endTime="2015-09-28T09:43:17.6551730-07:00" testType="13cdc9d9-ddb5-4fa4-a97d-d965ccfc6d4b" outcome="Passed" testListId="8c84fa94-04c1-424b-9868-57a2d4851a1d" relativeResultsDirectory="dc704f8b-d484-4ba0-8e13-3565feb70c1b" />
    <UnitTestResult executionId="9b83309f-7d40-4b2b-b278-b0bb463dd2bc" testId="b3fa7212-59b1-b0a2-93db-ea87d2596a1c" testName="CreateUrl_Null" computerName="TFSBUILD11" duration="00:00:00.0002952" startTime="2015-09-28T09:43:17.6551730-07:00" endTime="2015-09-28T09:43:17.6551730-07:00" testType="13cdc9d9-ddb5-4fa4-a97d-d965ccfc6d4b" outcome="Passed" testListId="8c84fa94-04c1-424b-9868-57a2d4851a1d" relativeResultsDirectory="9b83309f-7d40-4b2b-b278-b0bb463dd2bc" />
    <UnitTestResult executionId="b87e7e90-1e4d-438e-ac18-357cfeb11938" testId="d38cc631-d189-19a5-df75-23ef81aabaea" testName="CreateUrl_NullNamespace_Topic_Subscription" computerName="TFSBUILD11" duration="00:00:00.0005290" startTime="2015-09-28T09:43:17.6551730-07:00" endTime="2015-09-28T09:43:17.6551730-07:00" testType="13cdc9d9-ddb5-4fa4-a97d-d965ccfc6d4b" outcome="Passed" testListId="8c84fa94-04c1-424b-9868-57a2d4851a1d" relativeResultsDirectory="b87e7e90-1e4d-438e-ac18-357cfeb11938" />
    <UnitTestResult executionId="4193aa69-01c6-432a-a81c-5b59064c8526" testId="8a587f7e-297e-daf9-ae0a-54f8774de9df" testName="CreateUrlWithTopicAndSubscription" computerName="TFSBUILD11" duration="00:00:00.0001729" startTime="2015-09-28T09:43:17.6551730-07:00" endTime="2015-09-28T09:43:17.6551730-07:00" testType="13cdc9d9-ddb5-4fa4-a97d-d965ccfc6d4b" outcome="Passed" testListId="8c84fa94-04c1-424b-9868-57a2d4851a1d" relativeResultsDirectory="4193aa69-01c6-432a-a81c-5b59064c8526" />
    <UnitTestResult executionId="49bd3f09-8488-4e89-a4e4-14673a8c110d" testId="73cc4fec-7cb3-2a3b-7ab5-f05f96d0cf37" testName="CreateUrl_NameSpace_Topic_Rule_Subscription" computerName="TFSBUILD11" duration="00:00:00.0003635" startTime="2015-09-28T09:43:17.6551730-07:00" endTime="2015-09-28T09:43:17.6551730-07:00" testType="13cdc9d9-ddb5-4fa4-a97d-d965ccfc6d4b" outcome="Passed" testListId="8c84fa94-04c1-424b-9868-57a2d4851a1d" relativeResultsDirectory="49bd3f09-8488-4e89-a4e4-14673a8c110d" />
    <UnitTestResult executionId="e99f7bd3-a852-4d74-b66f-217852afcfc2" testId="b0ed93fa-1d85-0e41-88ef-01c2026b4358" testName="GenrateRandomKey" computerName="TFSBUILD11" duration="00:00:00.0003202" startTime="2015-09-28T09:43:17.6551730-07:00" endTime="2015-09-28T09:43:17.6551730-07:00" testType="13cdc9d9-ddb5-4fa4-a97d-d965ccfc6d4b" outcome="Passed" testListId="8c84fa94-04c1-424b-9868-57a2d4851a1d" relativeResultsDirectory="e99f7bd3-a852-4d74-b66f-217852afcfc2" />
    <UnitTestResult executionId="006a1f32-c6eb-46df-a9de-f3a1797baa22" testId="2cbeec49-0779-5806-9417-c9fc9e61c657" testName="GetSaSToken" computerName="TFSBUILD11" duration="00:00:00.0061633" startTime="2015-09-28T09:43:17.6551730-07:00" endTime="2015-09-28T09:43:17.6551730-07:00" testType="13cdc9d9-ddb5-4fa4-a97d-d965ccfc6d4b" outcome="Passed" testListId="8c84fa94-04c1-424b-9868-57a2d4851a1d" relativeResultsDirectory="006a1f32-c6eb-46df-a9de-f3a1797baa22" />
    <UnitTestResult executionId="b891fe2a-5b08-4f67-9d9f-3693e8c97387" testId="bc93fe4f-7d71-5f19-7b10-2126899383d5" testName="GetErrorMessageFromWebException" computerName="TFSBUILD11" duration="00:00:00.0004644" startTime="2015-09-28T09:43:17.6551730-07:00" endTime="2015-09-28T09:43:17.6551730-07:00" testType="13cdc9d9-ddb5-4fa4-a97d-d965ccfc6d4b" outcome="Passed" testListId="8c84fa94-04c1-424b-9868-57a2d4851a1d" relativeResultsDirectory="b891fe2a-5b08-4f67-9d9f-3693e8c97387" />
    <UnitTestResult executionId="92c27f42-4ee8-46b5-8515-65a405aaaf13" testId="7b3be6be-3e88-3b79-89e4-b9e839030518" testName="FormatXML" computerName="TFSBUILD11" duration="00:00:00.0006451" startTime="2015-09-28T09:43:17.6551730-07:00" endTime="2015-09-28T09:43:17.6551730-07:00" testType="13cdc9d9-ddb5-4fa4-a97d-d965ccfc6d4b" outcome="Passed" testListId="8c84fa94-04c1-424b-9868-57a2d4851a1d" relativeResultsDirectory="92c27f42-4ee8-46b5-8515-65a405aaaf13" />
    <UnitTestResult executionId="c2fbdaa5-5984-418f-86d3-a63d9709854a" testId="22dd4f54-39b2-9a96-df2f-51473a2c1756" testName="FormatXMLNull" computerName="TFSBUILD11" duration="00:00:00.0003669" startTime="2015-09-28T09:43:17.6551730-07:00" endTime="2015-09-28T09:43:17.6551730-07:00" testType="13cdc9d9-ddb5-4fa4-a97d-d965ccfc6d4b" outcome="Passed" testListId="8c84fa94-04c1-424b-9868-57a2d4851a1d" relativeResultsDirectory="c2fbdaa5-5984-418f-86d3-a63d9709854a" />
    <UnitTestResult executionId="7d4d0cd1-8404-49b2-8744-4dafb5a22a25" testId="32b486d8-a00a-342a-af2d-6125a393090d" testName="SharedAccessSignatureUrl" computerName="TFSBUILD11" duration="00:00:00.0002784" startTime="2015-09-28T09:43:17.6551730-07:00" endTime="2015-09-28T09:43:17.6551730-07:00" testType="13cdc9d9-ddb5-4fa4-a97d-d965ccfc6d4b" outcome="Passed" testListId="8c84fa94-04c1-424b-9868-57a2d4851a1d" relativeResultsDirectory="7d4d0cd1-8404-49b2-8744-4dafb5a22a25" />
    <UnitTestResult executionId="5c7714eb-5b9c-4199-8fc7-137121d56cad" testId="f2f0c065-0153-a238-187b-51f419196d0c" testName="GetErrorMessageFromWebException_Null" computerName="TFSBUILD11" duration="00:00:00.0003097" startTime="2015-09-28T09:43:17.6551730-07:00" endTime="2015-09-28T09:43:17.6551730-07:00" testType="13cdc9d9-ddb5-4fa4-a97d-d965ccfc6d4b" outcome="Passed" testListId="8c84fa94-04c1-424b-9868-57a2d4851a1d" relativeResultsDirectory="5c7714eb-5b9c-4199-8fc7-137121d56cad" />
    <UnitTestResult executionId="98cf3d07-c938-4f29-9857-4789f3a8a9f4" testId="c744e54e-f7b4-ccd0-ba90-aab4913d74dd" testName="ClientNotificationServiceResources_MessageFormatting" computerName="TFSBUILD11" duration="00:00:00.0009605" startTime="2015-09-28T09:43:17.6551730-07:00" endTime="2015-09-28T09:43:17.6551730-07:00" testType="13cdc9d9-ddb5-4fa4-a97d-d965ccfc6d4b" outcome="Passed" testListId="8c84fa94-04c1-424b-9868-57a2d4851a1d" relativeResultsDirectory="98cf3d07-c938-4f29-9857-4789f3a8a9f4" />
    <UnitTestResult executionId="a91b16c4-278c-40ce-9922-f2b541ced7ca" testId="00ddb46f-a75d-1609-6358-3733803728c3" testName="GenerateCreateCorrelationFilterRequestBody" computerName="TFSBUILD11" duration="00:00:00.0003638" startTime="2015-09-28T09:43:17.6551730-07:00" endTime="2015-09-28T09:43:17.6551730-07:00" testType="13cdc9d9-ddb5-4fa4-a97d-d965ccfc6d4b" outcome="Passed" testListId="8c84fa94-04c1-424b-9868-57a2d4851a1d" relativeResultsDirectory="a91b16c4-278c-40ce-9922-f2b541ced7ca" />
    <UnitTestResult executionId="2e97c4d7-1a4f-47d5-a732-f37292018730" testId="f665db4c-7cf6-5511-94dc-3ad06b901c17" testName="GenerateCreateCorrelationFilterRequestBody_WithNulls" computerName="TFSBUILD11" duration="00:00:00.0001993" startTime="2015-09-28T09:43:17.6551730-07:00" endTime="2015-09-28T09:43:17.6551730-07:00" testType="13cdc9d9-ddb5-4fa4-a97d-d965ccfc6d4b" outcome="Passed" testListId="8c84fa94-04c1-424b-9868-57a2d4851a1d" relativeResultsDirectory="2e97c4d7-1a4f-47d5-a732-f37292018730" />
    <UnitTestResult executionId="f5760d33-ea62-49d8-83b9-42644142ed4e" testId="0efc309e-750e-19b7-1015-60884af14f3d" testName="GenerateCreateSubscriptionRequestBody" computerName="TFSBUILD11" duration="00:00:00.0003549" startTime="2015-09-28T09:43:17.6551730-07:00" endTime="2015-09-28T09:43:17.6551730-07:00" testType="13cdc9d9-ddb5-4fa4-a97d-d965ccfc6d4b" outcome="Passed" testListId="8c84fa94-04c1-424b-9868-57a2d4851a1d" relativeResultsDirectory="f5760d33-ea62-49d8-83b9-42644142ed4e" />
    <UnitTestResult executionId="8c33f044-2342-4fb0-b9f5-657b6063b91d" testId="a007da35-9c69-d748-e7e4-f01fad280f00" testName="GenerateCreateSubscriptionRequestBody_WithNulls" computerName="TFSBUILD11" duration="00:00:00.0000981" startTime="2015-09-28T09:43:17.6551730-07:00" endTime="2015-09-28T09:43:17.6551730-07:00" testType="13cdc9d9-ddb5-4fa4-a97d-d965ccfc6d4b" outcome="Passed" testListId="8c84fa94-04c1-424b-9868-57a2d4851a1d" relativeResultsDirectory="8c33f044-2342-4fb0-b9f5-657b6063b91d" />
    <UnitTestResult executionId="92ddb532-224b-4a9a-87be-046017a8ab53" testId="ac8ecfdc-379d-4fb9-a3dd-4fc518cf69ee" testName="GenerateTopicCreateOrUpdateRequestBody_WithNulls" computerName="TFSBUILD11" duration="00:00:00.0001993" startTime="2015-09-28T09:43:17.6551730-07:00" endTime="2015-09-28T09:43:17.6551730-07:00" testType="13cdc9d9-ddb5-4fa4-a97d-d965ccfc6d4b" outcome="Passed" testListId="8c84fa94-04c1-424b-9868-57a2d4851a1d" relativeResultsDirectory="92ddb532-224b-4a9a-87be-046017a8ab53" />
    <UnitTestResult executionId="728c6f4b-7992-49b3-8129-c13cabf06a9e" testId="61d62541-d2e2-8790-28ca-154e8e307ade" testName="GenerateTopicCreateOrUpdateRequestBody" computerName="TFSBUILD11" duration="00:00:00.0002881" startTime="2015-09-28T09:43:17.6551730-07:00" endTime="2015-09-28T09:43:17.6707988-07:00" testType="13cdc9d9-ddb5-4fa4-a97d-d965ccfc6d4b" outcome="Passed" testListId="8c84fa94-04c1-424b-9868-57a2d4851a1d" relativeResultsDirectory="728c6f4b-7992-49b3-8129-c13cabf06a9e" />
    <UnitTestResult executionId="b9c547ae-5676-46a1-b585-e1b6f7aa6456" testId="d8a74d03-ab2b-758d-f06d-da25dc6d158a" testName="ServiceStart_MustCallNotificationSettingsManagerStart" computerName="TFSBUILD11" duration="00:00:00.0111752" startTime="2015-09-28T09:43:17.6707988-07:00" endTime="2015-09-28T09:43:17.6707988-07:00" testType="13cdc9d9-ddb5-4fa4-a97d-d965ccfc6d4b" outcome="Passed" testListId="8c84fa94-04c1-424b-9868-57a2d4851a1d" relativeResultsDirectory="b9c547ae-5676-46a1-b585-e1b6f7aa6456" />
    <UnitTestResult executionId="aeae3548-dacd-436c-b7a3-220467f3f709" testId="6e9cc9b7-3490-2126-023d-fe682c8eef78" testName="LoadSettings_Verification" computerName="TFSBUILD11" duration="00:00:00.0586784" startTime="2015-09-28T09:43:17.6707988-07:00" endTime="2015-09-28T09:43:17.7333035-07:00" testType="13cdc9d9-ddb5-4fa4-a97d-d965ccfc6d4b" outcome="Passed" testListId="8c84fa94-04c1-424b-9868-57a2d4851a1d" relativeResultsDirectory="aeae3548-dacd-436c-b7a3-220467f3f709" />
    <UnitTestResult executionId="7b105ff6-f43b-4e96-be26-3f7f6664aa05" testId="0b862974-4081-cb78-3be2-53010ee71beb" testName="Subscribe_Test" computerName="TFSBUILD11" duration="00:00:00.0098010" startTime="2015-09-28T09:43:17.7333035-07:00" endTime="2015-09-28T09:43:17.7489293-07:00" testType="13cdc9d9-ddb5-4fa4-a97d-d965ccfc6d4b" outcome="Passed" testListId="8c84fa94-04c1-424b-9868-57a2d4851a1d" relativeResultsDirectory="7b105ff6-f43b-4e96-be26-3f7f6664aa05" />
    <UnitTestResult executionId="54005789-d22d-408c-95ff-63ab22cc6754" testId="9dd94e16-8bf2-7359-3d1f-80c5a3fb5ef5" testName="Subscribe_TestNegative" computerName="TFSBUILD11" duration="00:00:00.0161899" startTime="2015-09-28T09:43:17.7489293-07:00" endTime="2015-09-28T09:43:17.7645560-07:00" testType="13cdc9d9-ddb5-4fa4-a97d-d965ccfc6d4b" outcome="Passed" testListId="8c84fa94-04c1-424b-9868-57a2d4851a1d" relativeResultsDirectory="54005789-d22d-408c-95ff-63ab22cc6754" />
    <UnitTestResult executionId="81599bb6-43ff-4597-8f9b-e35af573dcb8" testId="60b8b740-fa43-8e65-f7d5-34ea5a92bce2" testName="GetServiceBusHelper_NotKnownNamespace" computerName="TFSBUILD11" duration="00:00:00.0123954" startTime="2015-09-28T09:43:17.7645560-07:00" endTime="2015-09-28T09:43:17.7801819-07:00" testType="13cdc9d9-ddb5-4fa4-a97d-d965ccfc6d4b" outcome="Passed" testListId="8c84fa94-04c1-424b-9868-57a2d4851a1d" relativeResultsDirectory="81599bb6-43ff-4597-8f9b-e35af573dcb8" />
    <UnitTestResult executionId="8895c264-ce17-4033-8b6e-908a717cf2ce" testId="2b6b3258-f43c-f2ba-0e8a-de41a11d5cc7" testName="GetSubscriptionsCircuitBreaker_SucceedsWhenClosed" computerName="TFSBUILD11" duration="00:00:00.0111797" startTime="2015-09-28T09:43:17.7801819-07:00" endTime="2015-09-28T09:43:17.7801819-07:00" testType="13cdc9d9-ddb5-4fa4-a97d-d965ccfc6d4b" outcome="Passed" testListId="8c84fa94-04c1-424b-9868-57a2d4851a1d" relativeResultsDirectory="8895c264-ce17-4033-8b6e-908a717cf2ce" />
    <UnitTestResult executionId="3c82fdcd-e47c-4e46-855a-0db03c0cae16" testId="45cdae9a-94b6-3580-266e-b3a04a41e038" testName="GetSubscriptionsCircuitBreaker_SucceedsWhenDisabled" computerName="TFSBUILD11" duration="00:00:00.1171536" startTime="2015-09-28T09:43:17.7801819-07:00" endTime="2015-09-28T09:43:17.9051907-07:00" testType="13cdc9d9-ddb5-4fa4-a97d-d965ccfc6d4b" outcome="Passed" testListId="8c84fa94-04c1-424b-9868-57a2d4851a1d" relativeResultsDirectory="3c82fdcd-e47c-4e46-855a-0db03c0cae16" />
    <UnitTestResult executionId="ba832611-f21e-42c4-805f-c3d9f681d180" testId="9786b441-3bd4-7ebd-d855-e9b1df2bc19a" testName="GetSubscriptionsCircuitBreaker_StaysOpenAfterFailure" computerName="TFSBUILD11" duration="00:00:00.1143310" startTime="2015-09-28T09:43:17.9051907-07:00" endTime="2015-09-28T09:43:18.0145730-07:00" testType="13cdc9d9-ddb5-4fa4-a97d-d965ccfc6d4b" outcome="Passed" testListId="8c84fa94-04c1-424b-9868-57a2d4851a1d" relativeResultsDirectory="ba832611-f21e-42c4-805f-c3d9f681d180" />
    <UnitTestResult executionId="7e582d38-4963-4f02-a390-b013a692df70" testId="121fe2d5-6e89-3a47-a45e-7fb8e8bf2c09" testName="GetSubscriptionsCircuitBreaker_FailsWhenOpen" computerName="TFSBUILD11" duration="00:00:00.0130204" startTime="2015-09-28T09:43:18.0145730-07:00" endTime="2015-09-28T09:43:18.0301991-07:00" testType="13cdc9d9-ddb5-4fa4-a97d-d965ccfc6d4b" outcome="Passed" testListId="8c84fa94-04c1-424b-9868-57a2d4851a1d" relativeResultsDirectory="7e582d38-4963-4f02-a390-b013a692df70" />
    <UnitTestResult executionId="584a6e45-5067-43e5-935a-2f5b58d218d7" testId="fd1cecef-b57a-9b54-bde6-614f2e1b9f2a" testName="PostNotificationApplicationLevel_Test" computerName="TFSBUILD11" duration="00:00:00.0132090" startTime="2015-09-28T09:43:18.0301991-07:00" endTime="2015-09-28T09:43:18.0458257-07:00" testType="13cdc9d9-ddb5-4fa4-a97d-d965ccfc6d4b" outcome="Passed" testListId="8c84fa94-04c1-424b-9868-57a2d4851a1d" relativeResultsDirectory="584a6e45-5067-43e5-935a-2f5b58d218d7" />
    <UnitTestResult executionId="52924ff4-93cf-4a01-8278-4ba46995fd45" testId="06f1f45e-4d7d-9b16-d10c-2d79d324379b" testName="PostNotificationUserIdentity_Test" computerName="TFSBUILD11" duration="00:00:00.0114181" startTime="2015-09-28T09:43:18.0458257-07:00" endTime="2015-09-28T09:43:18.0614513-07:00" testType="13cdc9d9-ddb5-4fa4-a97d-d965ccfc6d4b" outcome="Passed" testListId="8c84fa94-04c1-424b-9868-57a2d4851a1d" relativeResultsDirectory="52924ff4-93cf-4a01-8278-4ba46995fd45" />
    <UnitTestResult executionId="0bc4ecd6-b029-4d0c-b22e-1772011bd0d7" testId="2c0085a1-f670-7a5e-6923-e213636d9f6d" testName="PostNotification_Test" computerName="TFSBUILD11" duration="00:00:00.0162838" startTime="2015-09-28T09:43:18.0614513-07:00" endTime="2015-09-28T09:43:18.0770777-07:00" testType="13cdc9d9-ddb5-4fa4-a97d-d965ccfc6d4b" outcome="Passed" testListId="8c84fa94-04c1-424b-9868-57a2d4851a1d" relativeResultsDirectory="0bc4ecd6-b029-4d0c-b22e-1772011bd0d7" />
  </Results>
  <TestDefinitions>
    <UnitTest name="NotificationController_PostNotification" storage="d:\v2.0\a1\_work\dbded102\bin\release.anycpu\spsextension.service\ms.vs.services.clientnotification.v2.l0.tests\ms.vs.services.clientnotification.v2.l0.tests.dll" id="34c56efe-0e22-734e-d3f7-08156dc655fe">
      <Execution id="d162537e-86c7-4734-9b9d-14db4ecc0bea" />
      <TestMethod codeBase="D:\v2.0\A1\_work\dbded102\bin\Release.AnyCPU\SpsExtension.Service\MS.VS.Services.ClientNotification.v2.L0.Tests\MS.VS.Services.ClientNotification.v2.L0.Tests.dll" adapterTypeName="Microsoft.VisualStudio.TestTools.TestTypes.Unit.UnitTestAdapter" className="MS.VS.Services.ClientNotification.v2.L0.Tests.PlatformClientNotificationServiceTests+ClientNotificationRestAPITests" name="NotificationController_PostNotification" />
    </UnitTest>
    <UnitTest name="SubscriptionsController_GetSubscription" storage="d:\v2.0\a1\_work\dbded102\bin\release.anycpu\spsextension.service\ms.vs.services.clientnotification.v2.l0.tests\ms.vs.services.clientnotification.v2.l0.tests.dll" id="974ebb18-36b1-1e6b-1520-327685b51536">
      <Execution id="4bc415ed-71a9-4014-8deb-f63f9c34386f" />
      <TestMethod codeBase="D:\v2.0\A1\_work\dbded102\bin\Release.AnyCPU\SpsExtension.Service\MS.VS.Services.ClientNotification.v2.L0.Tests\MS.VS.Services.ClientNotification.v2.L0.Tests.dll" adapterTypeName="Microsoft.VisualStudio.TestTools.TestTypes.Unit.UnitTestAdapter" className="MS.VS.Services.ClientNotification.v2.L0.Tests.PlatformClientNotificationServiceTests+ClientNotificationRestAPITests" name="SubscriptionsController_GetSubscription" />
    </UnitTest>
    <UnitTest name="Subscriptions2Controller_GetSubscription" storage="d:\v2.0\a1\_work\dbded102\bin\release.anycpu\spsextension.service\ms.vs.services.clientnotification.v2.l0.tests\ms.vs.services.clientnotification.v2.l0.tests.dll" id="d9af9f82-2e9e-4af6-1628-102a65fa78f8">
      <Execution id="d15d832a-81aa-431f-b665-1f46bc971dc0" />
      <TestMethod codeBase="D:\v2.0\A1\_work\dbded102\bin\Release.AnyCPU\SpsExtension.Service\MS.VS.Services.ClientNotification.v2.L0.Tests\MS.VS.Services.ClientNotification.v2.L0.Tests.dll" adapterTypeName="Microsoft.VisualStudio.TestTools.TestTypes.Unit.UnitTestAdapter" className="MS.VS.Services.ClientNotification.v2.L0.Tests.PlatformClientNotificationServiceTests+ClientNotificationRestAPITests" name="Subscriptions2Controller_GetSubscription" />
    </UnitTest>
    <UnitTest name="ControllerBase_SetupTests" storage="d:\v2.0\a1\_work\dbded102\bin\release.anycpu\spsextension.service\ms.vs.services.clientnotification.v2.l0.tests\ms.vs.services.clientnotification.v2.l0.tests.dll" id="97c2e9bb-54dd-d092-426d-644749c85934">
      <Execution id="53d4d11a-e555-4100-94ef-0bdf0d29e647" />
      <TestMethod codeBase="D:\v2.0\A1\_work\dbded102\bin\Release.AnyCPU\SpsExtension.Service\MS.VS.Services.ClientNotification.v2.L0.Tests\MS.VS.Services.ClientNotification.v2.L0.Tests.dll" adapterTypeName="Microsoft.VisualStudio.TestTools.TestTypes.Unit.UnitTestAdapter" className="MS.VS.Services.ClientNotification.v2.L0.Tests.PlatformClientNotificationServiceTests+ClientNotificationRestAPITests" name="ControllerBase_SetupTests" />
    </UnitTest>
    <UnitTest name="SetValueToCache" storage="d:\v2.0\a1\_work\dbded102\bin\release.anycpu\spsextension.service\ms.vs.services.clientnotification.v2.l0.tests\ms.vs.services.clientnotification.v2.l0.tests.dll" id="1615f901-c815-b801-e77e-8594ad0a4be2">
      <Execution id="d413122f-c3f3-42cf-a927-75f7b0affd80" />
      <TestMethod codeBase="D:\v2.0\A1\_work\dbded102\bin\Release.AnyCPU\SpsExtension.Service\MS.VS.Services.ClientNotification.v2.L0.Tests\MS.VS.Services.ClientNotification.v2.L0.Tests.dll" adapterTypeName="Microsoft.VisualStudio.TestTools.TestTypes.Unit.UnitTestAdapter" className="MS.VS.Services.ClientNotification.v2.L0.Tests.PlatformClientNotificationServiceTests+ClientNotificationCacheTests" name="SetValueToCache" />
    </UnitTest>
    <UnitTest name="SetValueToCache_Null" storage="d:\v2.0\a1\_work\dbded102\bin\release.anycpu\spsextension.service\ms.vs.services.clientnotification.v2.l0.tests\ms.vs.services.clientnotification.v2.l0.tests.dll" id="8e112385-71d1-b38c-7d27-1536cca02dae">
      <Execution id="a1729a9b-4975-4388-94e6-c9b06aa3d94d" />
      <TestMethod codeBase="D:\v2.0\A1\_work\dbded102\bin\Release.AnyCPU\SpsExtension.Service\MS.VS.Services.ClientNotification.v2.L0.Tests\MS.VS.Services.ClientNotification.v2.L0.Tests.dll" adapterTypeName="Microsoft.VisualStudio.TestTools.TestTypes.Unit.UnitTestAdapter" className="MS.VS.Services.ClientNotification.v2.L0.Tests.PlatformClientNotificationServiceTests+ClientNotificationCacheTests" name="SetValueToCache_Null" />
    </UnitTest>
    <UnitTest name="RemoveValueFromCache" storage="d:\v2.0\a1\_work\dbded102\bin\release.anycpu\spsextension.service\ms.vs.services.clientnotification.v2.l0.tests\ms.vs.services.clientnotification.v2.l0.tests.dll" id="0eb8facd-b72e-9ce6-b02e-e513fc32bf6d">
      <Execution id="3d894918-1e47-49ba-8e30-c671731e6e82" />
      <TestMethod codeBase="D:\v2.0\A1\_work\dbded102\bin\Release.AnyCPU\SpsExtension.Service\MS.VS.Services.ClientNotification.v2.L0.Tests\MS.VS.Services.ClientNotification.v2.L0.Tests.dll" adapterTypeName="Microsoft.VisualStudio.TestTools.TestTypes.Unit.UnitTestAdapter" className="MS.VS.Services.ClientNotification.v2.L0.Tests.PlatformClientNotificationServiceTests+ClientNotificationCacheTests" name="RemoveValueFromCache" />
    </UnitTest>
    <UnitTest name="SetValueToCache_FeatureNotEnabled" storage="d:\v2.0\a1\_work\dbded102\bin\release.anycpu\spsextension.service\ms.vs.services.clientnotification.v2.l0.tests\ms.vs.services.clientnotification.v2.l0.tests.dll" id="89ab47e1-e5ab-eb26-6b5d-f5a253d280eb">
      <Execution id="3f494446-a2a6-4deb-abda-557d08321823" />
      <TestMethod codeBase="D:\v2.0\A1\_work\dbded102\bin\Release.AnyCPU\SpsExtension.Service\MS.VS.Services.ClientNotification.v2.L0.Tests\MS.VS.Services.ClientNotification.v2.L0.Tests.dll" adapterTypeName="Microsoft.VisualStudio.TestTools.TestTypes.Unit.UnitTestAdapter" className="MS.VS.Services.ClientNotification.v2.L0.Tests.PlatformClientNotificationServiceTests+ClientNotificationCacheTests" name="SetValueToCache_FeatureNotEnabled" />
    </UnitTest>
    <UnitTest name="GetValueFromCache_FeatureNotEnabled" storage="d:\v2.0\a1\_work\dbded102\bin\release.anycpu\spsextension.service\ms.vs.services.clientnotification.v2.l0.tests\ms.vs.services.clientnotification.v2.l0.tests.dll" id="69a87571-0a52-1ce1-6fbe-f9d842ba4bdd">
      <Execution id="fb029102-2d6d-4811-9ad5-00dea3a1575d" />
      <TestMethod codeBase="D:\v2.0\A1\_work\dbded102\bin\Release.AnyCPU\SpsExtension.Service\MS.VS.Services.ClientNotification.v2.L0.Tests\MS.VS.Services.ClientNotification.v2.L0.Tests.dll" adapterTypeName="Microsoft.VisualStudio.TestTools.TestTypes.Unit.UnitTestAdapter" className="MS.VS.Services.ClientNotification.v2.L0.Tests.PlatformClientNotificationServiceTests+ClientNotificationCacheTests" name="GetValueFromCache_FeatureNotEnabled" />
    </UnitTest>
    <UnitTest name="PerformActionWithRetriesNoException" storage="d:\v2.0\a1\_work\dbded102\bin\release.anycpu\spsextension.service\ms.vs.services.clientnotification.v2.l0.tests\ms.vs.services.clientnotification.v2.l0.tests.dll" id="bc2fdb5c-750b-08bf-ef9d-05ba844b62c7">
      <Execution id="286fdd36-7d70-43ef-9f30-3da58eb9621e" />
      <TestMethod codeBase="D:\v2.0\A1\_work\dbded102\bin\Release.AnyCPU\SpsExtension.Service\MS.VS.Services.ClientNotification.v2.L0.Tests\MS.VS.Services.ClientNotification.v2.L0.Tests.dll" adapterTypeName="Microsoft.VisualStudio.TestTools.TestTypes.Unit.UnitTestAdapter" className="MS.VS.Services.ClientNotification.v2.L0.Tests.PlatformClientNotificationServiceTests+RetryApiCallTests" name="PerformActionWithRetriesNoException" />
    </UnitTest>
    <UnitTest name="PerformActionWithRetries_WithTransinientException" storage="d:\v2.0\a1\_work\dbded102\bin\release.anycpu\spsextension.service\ms.vs.services.clientnotification.v2.l0.tests\ms.vs.services.clientnotification.v2.l0.tests.dll" id="7f4778a5-bac9-7ff7-9b89-c9a76e418a27">
      <Execution id="c7c6ba47-6e40-42e9-a815-30551358db88" />
      <TestMethod codeBase="D:\v2.0\A1\_work\dbded102\bin\Release.AnyCPU\SpsExtension.Service\MS.VS.Services.ClientNotification.v2.L0.Tests\MS.VS.Services.ClientNotification.v2.L0.Tests.dll" adapterTypeName="Microsoft.VisualStudio.TestTools.TestTypes.Unit.UnitTestAdapter" className="MS.VS.Services.ClientNotification.v2.L0.Tests.PlatformClientNotificationServiceTests+RetryApiCallTests" name="PerformActionWithRetries_WithTransinientException" />
    </UnitTest>
    <UnitTest name="PerformActionWithRetriesOfT_NoException" storage="d:\v2.0\a1\_work\dbded102\bin\release.anycpu\spsextension.service\ms.vs.services.clientnotification.v2.l0.tests\ms.vs.services.clientnotification.v2.l0.tests.dll" id="6b726ce6-ee43-40c4-b59c-f19832a5393e">
      <Execution id="db527aa3-228d-4bdf-89a9-c92b74514cd8" />
      <TestMethod codeBase="D:\v2.0\A1\_work\dbded102\bin\Release.AnyCPU\SpsExtension.Service\MS.VS.Services.ClientNotification.v2.L0.Tests\MS.VS.Services.ClientNotification.v2.L0.Tests.dll" adapterTypeName="Microsoft.VisualStudio.TestTools.TestTypes.Unit.UnitTestAdapter" className="MS.VS.Services.ClientNotification.v2.L0.Tests.PlatformClientNotificationServiceTests+RetryApiCallTests" name="PerformActionWithRetriesOfT_NoException" />
    </UnitTest>
    <UnitTest name="PerformActionWithRetriesOfT__WithNonTransinientException" storage="d:\v2.0\a1\_work\dbded102\bin\release.anycpu\spsextension.service\ms.vs.services.clientnotification.v2.l0.tests\ms.vs.services.clientnotification.v2.l0.tests.dll" id="546cf2f3-2253-e156-ddd9-79f33c79cf6c">
      <Execution id="f57b62e5-9a7b-437c-be9d-97e433289c8f" />
      <TestMethod codeBase="D:\v2.0\A1\_work\dbded102\bin\Release.AnyCPU\SpsExtension.Service\MS.VS.Services.ClientNotification.v2.L0.Tests\MS.VS.Services.ClientNotification.v2.L0.Tests.dll" adapterTypeName="Microsoft.VisualStudio.TestTools.TestTypes.Unit.UnitTestAdapter" className="MS.VS.Services.ClientNotification.v2.L0.Tests.PlatformClientNotificationServiceTests+RetryApiCallTests" name="PerformActionWithRetriesOfT__WithNonTransinientException" />
    </UnitTest>
    <UnitTest name="PerformActionWithRetriesOfT__WithTransinientException" storage="d:\v2.0\a1\_work\dbded102\bin\release.anycpu\spsextension.service\ms.vs.services.clientnotification.v2.l0.tests\ms.vs.services.clientnotification.v2.l0.tests.dll" id="7809663a-2e24-0d7c-fe71-3b859d317b20">
      <Execution id="3c3e9ba2-02ee-40b7-afd3-0b969f84a6b0" />
      <TestMethod codeBase="D:\v2.0\A1\_work\dbded102\bin\Release.AnyCPU\SpsExtension.Service\MS.VS.Services.ClientNotification.v2.L0.Tests\MS.VS.Services.ClientNotification.v2.L0.Tests.dll" adapterTypeName="Microsoft.VisualStudio.TestTools.TestTypes.Unit.UnitTestAdapter" className="MS.VS.Services.ClientNotification.v2.L0.Tests.PlatformClientNotificationServiceTests+RetryApiCallTests" name="PerformActionWithRetriesOfT__WithTransinientException" />
    </UnitTest>
    <UnitTest name="PerformActionWithRetriesOfT__WithNonTransinientExceptionn_TwoArgs" storage="d:\v2.0\a1\_work\dbded102\bin\release.anycpu\spsextension.service\ms.vs.services.clientnotification.v2.l0.tests\ms.vs.services.clientnotification.v2.l0.tests.dll" id="5d78d070-dd0b-5373-c05b-ac8fe0cce6bd">
      <Execution id="ce39e5cb-e48c-4a97-80f8-b9796d2f4c53" />
      <TestMethod codeBase="D:\v2.0\A1\_work\dbded102\bin\Release.AnyCPU\SpsExtension.Service\MS.VS.Services.ClientNotification.v2.L0.Tests\MS.VS.Services.ClientNotification.v2.L0.Tests.dll" adapterTypeName="Microsoft.VisualStudio.TestTools.TestTypes.Unit.UnitTestAdapter" className="MS.VS.Services.ClientNotification.v2.L0.Tests.PlatformClientNotificationServiceTests+RetryApiCallTests" name="PerformActionWithRetriesOfT__WithNonTransinientExceptionn_TwoArgs" />
    </UnitTest>
    <UnitTest name="PerformActionWithRetriesOfT__WithSocketException_TwoArgs" storage="d:\v2.0\a1\_work\dbded102\bin\release.anycpu\spsextension.service\ms.vs.services.clientnotification.v2.l0.tests\ms.vs.services.clientnotification.v2.l0.tests.dll" id="351b3dc4-e3c2-3f2d-232a-06d744179dfb">
      <Execution id="e54c3220-91ef-496a-9ff0-0e8790458411" />
      <TestMethod codeBase="D:\v2.0\A1\_work\dbded102\bin\Release.AnyCPU\SpsExtension.Service\MS.VS.Services.ClientNotification.v2.L0.Tests\MS.VS.Services.ClientNotification.v2.L0.Tests.dll" adapterTypeName="Microsoft.VisualStudio.TestTools.TestTypes.Unit.UnitTestAdapter" className="MS.VS.Services.ClientNotification.v2.L0.Tests.PlatformClientNotificationServiceTests+RetryApiCallTests" name="PerformActionWithRetriesOfT__WithSocketException_TwoArgs" />
    </UnitTest>
    <UnitTest name="PerformFunctionWithRetriesOfT__WithNoException" storage="d:\v2.0\a1\_work\dbded102\bin\release.anycpu\spsextension.service\ms.vs.services.clientnotification.v2.l0.tests\ms.vs.services.clientnotification.v2.l0.tests.dll" id="e92f39a1-0492-77e0-60b5-8aee6b70dcb2">
      <Execution id="b68a02c0-9c4e-4951-92e8-6869ec0d088e" />
      <TestMethod codeBase="D:\v2.0\A1\_work\dbded102\bin\Release.AnyCPU\SpsExtension.Service\MS.VS.Services.ClientNotification.v2.L0.Tests\MS.VS.Services.ClientNotification.v2.L0.Tests.dll" adapterTypeName="Microsoft.VisualStudio.TestTools.TestTypes.Unit.UnitTestAdapter" className="MS.VS.Services.ClientNotification.v2.L0.Tests.PlatformClientNotificationServiceTests+RetryApiCallTests" name="PerformFunctionWithRetriesOfT__WithNoException" />
    </UnitTest>
    <UnitTest name="PerformFunctionWithRetriesOfT__WithTransinientException" storage="d:\v2.0\a1\_work\dbded102\bin\release.anycpu\spsextension.service\ms.vs.services.clientnotification.v2.l0.tests\ms.vs.services.clientnotification.v2.l0.tests.dll" id="8252af9b-e05c-c221-fcb2-8c65450e5ee6">
      <Execution id="cc95b6d3-55f3-4294-ba00-358a54ecadd8" />
      <TestMethod codeBase="D:\v2.0\A1\_work\dbded102\bin\Release.AnyCPU\SpsExtension.Service\MS.VS.Services.ClientNotification.v2.L0.Tests\MS.VS.Services.ClientNotification.v2.L0.Tests.dll" adapterTypeName="Microsoft.VisualStudio.TestTools.TestTypes.Unit.UnitTestAdapter" className="MS.VS.Services.ClientNotification.v2.L0.Tests.PlatformClientNotificationServiceTests+RetryApiCallTests" name="PerformFunctionWithRetriesOfT__WithTransinientException" />
    </UnitTest>
    <UnitTest name="PerformFunctionWithRetriesOfT__WithNoException_TwoArgs" storage="d:\v2.0\a1\_work\dbded102\bin\release.anycpu\spsextension.service\ms.vs.services.clientnotification.v2.l0.tests\ms.vs.services.clientnotification.v2.l0.tests.dll" id="eede46ed-1cd8-aefa-b37b-24dabd72ebbc">
      <Execution id="8e43f2ef-3885-4c38-a8fb-9050205a1656" />
      <TestMethod codeBase="D:\v2.0\A1\_work\dbded102\bin\Release.AnyCPU\SpsExtension.Service\MS.VS.Services.ClientNotification.v2.L0.Tests\MS.VS.Services.ClientNotification.v2.L0.Tests.dll" adapterTypeName="Microsoft.VisualStudio.TestTools.TestTypes.Unit.UnitTestAdapter" className="MS.VS.Services.ClientNotification.v2.L0.Tests.PlatformClientNotificationServiceTests+RetryApiCallTests" name="PerformFunctionWithRetriesOfT__WithNoException_TwoArgs" />
    </UnitTest>
    <UnitTest name="PerformFunctionWithRetriesOfT__WithUnauthorizedAccessException_TwoArgs" storage="d:\v2.0\a1\_work\dbded102\bin\release.anycpu\spsextension.service\ms.vs.services.clientnotification.v2.l0.tests\ms.vs.services.clientnotification.v2.l0.tests.dll" id="604995c1-4bd8-b2a1-84f1-4ed0a55a701d">
      <Execution id="74a3ff55-89ef-49f7-b6d1-59f945cdf028" />
      <TestMethod codeBase="D:\v2.0\A1\_work\dbded102\bin\Release.AnyCPU\SpsExtension.Service\MS.VS.Services.ClientNotification.v2.L0.Tests\MS.VS.Services.ClientNotification.v2.L0.Tests.dll" adapterTypeName="Microsoft.VisualStudio.TestTools.TestTypes.Unit.UnitTestAdapter" className="MS.VS.Services.ClientNotification.v2.L0.Tests.PlatformClientNotificationServiceTests+RetryApiCallTests" name="PerformFunctionWithRetriesOfT__WithUnauthorizedAccessException_TwoArgs" />
    </UnitTest>
    <UnitTest name="PerformFunctionWithRetriesOfT__WithNonTransinientException_TwoArgs" storage="d:\v2.0\a1\_work\dbded102\bin\release.anycpu\spsextension.service\ms.vs.services.clientnotification.v2.l0.tests\ms.vs.services.clientnotification.v2.l0.tests.dll" id="b7cdb69d-bcfd-0131-5132-584cf830107f">
      <Execution id="481df2f7-9bb9-4627-9476-943df0cfda8c" />
      <TestMethod codeBase="D:\v2.0\A1\_work\dbded102\bin\Release.AnyCPU\SpsExtension.Service\MS.VS.Services.ClientNotification.v2.L0.Tests\MS.VS.Services.ClientNotification.v2.L0.Tests.dll" adapterTypeName="Microsoft.VisualStudio.TestTools.TestTypes.Unit.UnitTestAdapter" className="MS.VS.Services.ClientNotification.v2.L0.Tests.PlatformClientNotificationServiceTests+RetryApiCallTests" name="PerformFunctionWithRetriesOfT__WithNonTransinientException_TwoArgs" />
    </UnitTest>
    <UnitTest name="PerformFunctionWithRetriesOfT__WithTransinientException_TwoArgs" storage="d:\v2.0\a1\_work\dbded102\bin\release.anycpu\spsextension.service\ms.vs.services.clientnotification.v2.l0.tests\ms.vs.services.clientnotification.v2.l0.tests.dll" id="b172fd62-2a2d-fc7a-82bf-6d70e0d5b380">
      <Execution id="714f9264-62ed-45b5-90d6-0b4556d25289" />
      <TestMethod codeBase="D:\v2.0\A1\_work\dbded102\bin\Release.AnyCPU\SpsExtension.Service\MS.VS.Services.ClientNotification.v2.L0.Tests\MS.VS.Services.ClientNotification.v2.L0.Tests.dll" adapterTypeName="Microsoft.VisualStudio.TestTools.TestTypes.Unit.UnitTestAdapter" className="MS.VS.Services.ClientNotification.v2.L0.Tests.PlatformClientNotificationServiceTests+RetryApiCallTests" name="PerformFunctionWithRetriesOfT__WithTransinientException_TwoArgs" />
    </UnitTest>
    <UnitTest name="PerformFunctionWithRetriesOfT__WithNoException_TwoArgsAndReturnValue" storage="d:\v2.0\a1\_work\dbded102\bin\release.anycpu\spsextension.service\ms.vs.services.clientnotification.v2.l0.tests\ms.vs.services.clientnotification.v2.l0.tests.dll" id="b8a729d9-eeab-821d-67ce-1ee59042839d">
      <Execution id="4bf41758-0b81-419a-b2df-d8e290f72b18" />
      <TestMethod codeBase="D:\v2.0\A1\_work\dbded102\bin\Release.AnyCPU\SpsExtension.Service\MS.VS.Services.ClientNotification.v2.L0.Tests\MS.VS.Services.ClientNotification.v2.L0.Tests.dll" adapterTypeName="Microsoft.VisualStudio.TestTools.TestTypes.Unit.UnitTestAdapter" className="MS.VS.Services.ClientNotification.v2.L0.Tests.PlatformClientNotificationServiceTests+RetryApiCallTests" name="PerformFunctionWithRetriesOfT__WithNoException_TwoArgsAndReturnValue" />
    </UnitTest>
    <UnitTest name="PerformFunctionWithRetriesOfT__WithTransinientException_TwoArgsAndReturnValue" storage="d:\v2.0\a1\_work\dbded102\bin\release.anycpu\spsextension.service\ms.vs.services.clientnotification.v2.l0.tests\ms.vs.services.clientnotification.v2.l0.tests.dll" id="b37b0669-645e-40fb-19c5-205cbec2535c">
      <Execution id="fd156a9f-d82e-4f20-9d60-daf19b23e9c2" />
      <TestMethod codeBase="D:\v2.0\A1\_work\dbded102\bin\Release.AnyCPU\SpsExtension.Service\MS.VS.Services.ClientNotification.v2.L0.Tests\MS.VS.Services.ClientNotification.v2.L0.Tests.dll" adapterTypeName="Microsoft.VisualStudio.TestTools.TestTypes.Unit.UnitTestAdapter" className="MS.VS.Services.ClientNotification.v2.L0.Tests.PlatformClientNotificationServiceTests+RetryApiCallTests" name="PerformFunctionWithRetriesOfT__WithTransinientException_TwoArgsAndReturnValue" />
    </UnitTest>
    <UnitTest name="PerformFunctionWithRetriesOfT__WithNoTransinientException_TwoArgsAndReturnValue" storage="d:\v2.0\a1\_work\dbded102\bin\release.anycpu\spsextension.service\ms.vs.services.clientnotification.v2.l0.tests\ms.vs.services.clientnotification.v2.l0.tests.dll" id="4bda2693-aa20-5a70-b598-6d1f1d7d223a">
      <Execution id="c4b810cc-3a35-44a9-88d2-05f207899a2f" />
      <TestMethod codeBase="D:\v2.0\A1\_work\dbded102\bin\Release.AnyCPU\SpsExtension.Service\MS.VS.Services.ClientNotification.v2.L0.Tests\MS.VS.Services.ClientNotification.v2.L0.Tests.dll" adapterTypeName="Microsoft.VisualStudio.TestTools.TestTypes.Unit.UnitTestAdapter" className="MS.VS.Services.ClientNotification.v2.L0.Tests.PlatformClientNotificationServiceTests+RetryApiCallTests" name="PerformFunctionWithRetriesOfT__WithNoTransinientException_TwoArgsAndReturnValue" />
    </UnitTest>
    <UnitTest name="CreateUrl" storage="d:\v2.0\a1\_work\dbded102\bin\release.anycpu\spsextension.service\ms.vs.services.clientnotification.v2.l0.tests\ms.vs.services.clientnotification.v2.l0.tests.dll" id="c87483ba-2aa6-e2bd-601c-7cafb4fc53a5">
      <Execution id="cfbf3bf1-84de-4afc-bec1-38640576de26" />
      <TestMethod codeBase="D:\v2.0\A1\_work\dbded102\bin\Release.AnyCPU\SpsExtension.Service\MS.VS.Services.ClientNotification.v2.L0.Tests\MS.VS.Services.ClientNotification.v2.L0.Tests.dll" adapterTypeName="Microsoft.VisualStudio.TestTools.TestTypes.Unit.UnitTestAdapter" className="MS.VS.Services.ClientNotification.v2.L0.Tests.PlatformClientNotificationServiceTests+CommonUtilsTests" name="CreateUrl" />
    </UnitTest>
    <UnitTest name="CreateUrlWithTopic" storage="d:\v2.0\a1\_work\dbded102\bin\release.anycpu\spsextension.service\ms.vs.services.clientnotification.v2.l0.tests\ms.vs.services.clientnotification.v2.l0.tests.dll" id="0c968abb-b7eb-f7e5-75fb-2740227bfd13">
      <Execution id="84dc1984-5dc0-4a7a-bb62-c2658d3f2f4b" />
      <TestMethod codeBase="D:\v2.0\A1\_work\dbded102\bin\Release.AnyCPU\SpsExtension.Service\MS.VS.Services.ClientNotification.v2.L0.Tests\MS.VS.Services.ClientNotification.v2.L0.Tests.dll" adapterTypeName="Microsoft.VisualStudio.TestTools.TestTypes.Unit.UnitTestAdapter" className="MS.VS.Services.ClientNotification.v2.L0.Tests.PlatformClientNotificationServiceTests+CommonUtilsTests" name="CreateUrlWithTopic" />
    </UnitTest>
    <UnitTest name="CreateUrl_NullTopic" storage="d:\v2.0\a1\_work\dbded102\bin\release.anycpu\spsextension.service\ms.vs.services.clientnotification.v2.l0.tests\ms.vs.services.clientnotification.v2.l0.tests.dll" id="1eae5c74-2e0b-7121-b3c9-8fd83c279b7a">
      <Execution id="dc704f8b-d484-4ba0-8e13-3565feb70c1b" />
      <TestMethod codeBase="D:\v2.0\A1\_work\dbded102\bin\Release.AnyCPU\SpsExtension.Service\MS.VS.Services.ClientNotification.v2.L0.Tests\MS.VS.Services.ClientNotification.v2.L0.Tests.dll" adapterTypeName="Microsoft.VisualStudio.TestTools.TestTypes.Unit.UnitTestAdapter" className="MS.VS.Services.ClientNotification.v2.L0.Tests.PlatformClientNotificationServiceTests+CommonUtilsTests" name="CreateUrl_NullTopic" />
    </UnitTest>
    <UnitTest name="CreateUrl_Null" storage="d:\v2.0\a1\_work\dbded102\bin\release.anycpu\spsextension.service\ms.vs.services.clientnotification.v2.l0.tests\ms.vs.services.clientnotification.v2.l0.tests.dll" id="b3fa7212-59b1-b0a2-93db-ea87d2596a1c">
      <Execution id="9b83309f-7d40-4b2b-b278-b0bb463dd2bc" />
      <TestMethod codeBase="D:\v2.0\A1\_work\dbded102\bin\Release.AnyCPU\SpsExtension.Service\MS.VS.Services.ClientNotification.v2.L0.Tests\MS.VS.Services.ClientNotification.v2.L0.Tests.dll" adapterTypeName="Microsoft.VisualStudio.TestTools.TestTypes.Unit.UnitTestAdapter" className="MS.VS.Services.ClientNotification.v2.L0.Tests.PlatformClientNotificationServiceTests+CommonUtilsTests" name="CreateUrl_Null" />
    </UnitTest>
    <UnitTest name="CreateUrl_NullNamespace_Topic_Subscription" storage="d:\v2.0\a1\_work\dbded102\bin\release.anycpu\spsextension.service\ms.vs.services.clientnotification.v2.l0.tests\ms.vs.services.clientnotification.v2.l0.tests.dll" id="d38cc631-d189-19a5-df75-23ef81aabaea">
      <Execution id="b87e7e90-1e4d-438e-ac18-357cfeb11938" />
      <TestMethod codeBase="D:\v2.0\A1\_work\dbded102\bin\Release.AnyCPU\SpsExtension.Service\MS.VS.Services.ClientNotification.v2.L0.Tests\MS.VS.Services.ClientNotification.v2.L0.Tests.dll" adapterTypeName="Microsoft.VisualStudio.TestTools.TestTypes.Unit.UnitTestAdapter" className="MS.VS.Services.ClientNotification.v2.L0.Tests.PlatformClientNotificationServiceTests+CommonUtilsTests" name="CreateUrl_NullNamespace_Topic_Subscription" />
    </UnitTest>
    <UnitTest name="CreateUrlWithTopicAndSubscription" storage="d:\v2.0\a1\_work\dbded102\bin\release.anycpu\spsextension.service\ms.vs.services.clientnotification.v2.l0.tests\ms.vs.services.clientnotification.v2.l0.tests.dll" id="8a587f7e-297e-daf9-ae0a-54f8774de9df">
      <Execution id="4193aa69-01c6-432a-a81c-5b59064c8526" />
      <TestMethod codeBase="D:\v2.0\A1\_work\dbded102\bin\Release.AnyCPU\SpsExtension.Service\MS.VS.Services.ClientNotification.v2.L0.Tests\MS.VS.Services.ClientNotification.v2.L0.Tests.dll" adapterTypeName="Microsoft.VisualStudio.TestTools.TestTypes.Unit.UnitTestAdapter" className="MS.VS.Services.ClientNotification.v2.L0.Tests.PlatformClientNotificationServiceTests+CommonUtilsTests" name="CreateUrlWithTopicAndSubscription" />
    </UnitTest>
    <UnitTest name="CreateUrl_NameSpace_Topic_Rule_Subscription" storage="d:\v2.0\a1\_work\dbded102\bin\release.anycpu\spsextension.service\ms.vs.services.clientnotification.v2.l0.tests\ms.vs.services.clientnotification.v2.l0.tests.dll" id="73cc4fec-7cb3-2a3b-7ab5-f05f96d0cf37">
      <Execution id="49bd3f09-8488-4e89-a4e4-14673a8c110d" />
      <TestMethod codeBase="D:\v2.0\A1\_work\dbded102\bin\Release.AnyCPU\SpsExtension.Service\MS.VS.Services.ClientNotification.v2.L0.Tests\MS.VS.Services.ClientNotification.v2.L0.Tests.dll" adapterTypeName="Microsoft.VisualStudio.TestTools.TestTypes.Unit.UnitTestAdapter" className="MS.VS.Services.ClientNotification.v2.L0.Tests.PlatformClientNotificationServiceTests+CommonUtilsTests" name="CreateUrl_NameSpace_Topic_Rule_Subscription" />
    </UnitTest>
    <UnitTest name="GenrateRandomKey" storage="d:\v2.0\a1\_work\dbded102\bin\release.anycpu\spsextension.service\ms.vs.services.clientnotification.v2.l0.tests\ms.vs.services.clientnotification.v2.l0.tests.dll" id="b0ed93fa-1d85-0e41-88ef-01c2026b4358">
      <Execution id="e99f7bd3-a852-4d74-b66f-217852afcfc2" />
      <TestMethod codeBase="D:\v2.0\A1\_work\dbded102\bin\Release.AnyCPU\SpsExtension.Service\MS.VS.Services.ClientNotification.v2.L0.Tests\MS.VS.Services.ClientNotification.v2.L0.Tests.dll" adapterTypeName="Microsoft.VisualStudio.TestTools.TestTypes.Unit.UnitTestAdapter" className="MS.VS.Services.ClientNotification.v2.L0.Tests.PlatformClientNotificationServiceTests+CommonUtilsTests" name="GenrateRandomKey" />
    </UnitTest>
    <UnitTest name="GetSaSToken" storage="d:\v2.0\a1\_work\dbded102\bin\release.anycpu\spsextension.service\ms.vs.services.clientnotification.v2.l0.tests\ms.vs.services.clientnotification.v2.l0.tests.dll" id="2cbeec49-0779-5806-9417-c9fc9e61c657">
      <Execution id="006a1f32-c6eb-46df-a9de-f3a1797baa22" />
      <TestMethod codeBase="D:\v2.0\A1\_work\dbded102\bin\Release.AnyCPU\SpsExtension.Service\MS.VS.Services.ClientNotification.v2.L0.Tests\MS.VS.Services.ClientNotification.v2.L0.Tests.dll" adapterTypeName="Microsoft.VisualStudio.TestTools.TestTypes.Unit.UnitTestAdapter" className="MS.VS.Services.ClientNotification.v2.L0.Tests.PlatformClientNotificationServiceTests+CommonUtilsTests" name="GetSaSToken" />
    </UnitTest>
    <UnitTest name="GetErrorMessageFromWebException" storage="d:\v2.0\a1\_work\dbded102\bin\release.anycpu\spsextension.service\ms.vs.services.clientnotification.v2.l0.tests\ms.vs.services.clientnotification.v2.l0.tests.dll" id="bc93fe4f-7d71-5f19-7b10-2126899383d5">
      <Execution id="b891fe2a-5b08-4f67-9d9f-3693e8c97387" />
      <TestMethod codeBase="D:\v2.0\A1\_work\dbded102\bin\Release.AnyCPU\SpsExtension.Service\MS.VS.Services.ClientNotification.v2.L0.Tests\MS.VS.Services.ClientNotification.v2.L0.Tests.dll" adapterTypeName="Microsoft.VisualStudio.TestTools.TestTypes.Unit.UnitTestAdapter" className="MS.VS.Services.ClientNotification.v2.L0.Tests.PlatformClientNotificationServiceTests+CommonUtilsTests" name="GetErrorMessageFromWebException" />
    </UnitTest>
    <UnitTest name="FormatXML" storage="d:\v2.0\a1\_work\dbded102\bin\release.anycpu\spsextension.service\ms.vs.services.clientnotification.v2.l0.tests\ms.vs.services.clientnotification.v2.l0.tests.dll" id="7b3be6be-3e88-3b79-89e4-b9e839030518">
      <Execution id="92c27f42-4ee8-46b5-8515-65a405aaaf13" />
      <TestMethod codeBase="D:\v2.0\A1\_work\dbded102\bin\Release.AnyCPU\SpsExtension.Service\MS.VS.Services.ClientNotification.v2.L0.Tests\MS.VS.Services.ClientNotification.v2.L0.Tests.dll" adapterTypeName="Microsoft.VisualStudio.TestTools.TestTypes.Unit.UnitTestAdapter" className="MS.VS.Services.ClientNotification.v2.L0.Tests.PlatformClientNotificationServiceTests+CommonUtilsTests" name="FormatXML" />
    </UnitTest>
    <UnitTest name="FormatXMLNull" storage="d:\v2.0\a1\_work\dbded102\bin\release.anycpu\spsextension.service\ms.vs.services.clientnotification.v2.l0.tests\ms.vs.services.clientnotification.v2.l0.tests.dll" id="22dd4f54-39b2-9a96-df2f-51473a2c1756">
      <Execution id="c2fbdaa5-5984-418f-86d3-a63d9709854a" />
      <TestMethod codeBase="D:\v2.0\A1\_work\dbded102\bin\Release.AnyCPU\SpsExtension.Service\MS.VS.Services.ClientNotification.v2.L0.Tests\MS.VS.Services.ClientNotification.v2.L0.Tests.dll" adapterTypeName="Microsoft.VisualStudio.TestTools.TestTypes.Unit.UnitTestAdapter" className="MS.VS.Services.ClientNotification.v2.L0.Tests.PlatformClientNotificationServiceTests+CommonUtilsTests" name="FormatXMLNull" />
    </UnitTest>
    <UnitTest name="SharedAccessSignatureUrl" storage="d:\v2.0\a1\_work\dbded102\bin\release.anycpu\spsextension.service\ms.vs.services.clientnotification.v2.l0.tests\ms.vs.services.clientnotification.v2.l0.tests.dll" id="32b486d8-a00a-342a-af2d-6125a393090d">
      <Execution id="7d4d0cd1-8404-49b2-8744-4dafb5a22a25" />
      <TestMethod codeBase="D:\v2.0\A1\_work\dbded102\bin\Release.AnyCPU\SpsExtension.Service\MS.VS.Services.ClientNotification.v2.L0.Tests\MS.VS.Services.ClientNotification.v2.L0.Tests.dll" adapterTypeName="Microsoft.VisualStudio.TestTools.TestTypes.Unit.UnitTestAdapter" className="MS.VS.Services.ClientNotification.v2.L0.Tests.PlatformClientNotificationServiceTests+CommonUtilsTests" name="SharedAccessSignatureUrl" />
    </UnitTest>
    <UnitTest name="GetErrorMessageFromWebException_Null" storage="d:\v2.0\a1\_work\dbded102\bin\release.anycpu\spsextension.service\ms.vs.services.clientnotification.v2.l0.tests\ms.vs.services.clientnotification.v2.l0.tests.dll" id="f2f0c065-0153-a238-187b-51f419196d0c">
      <Execution id="5c7714eb-5b9c-4199-8fc7-137121d56cad" />
      <TestMethod codeBase="D:\v2.0\A1\_work\dbded102\bin\Release.AnyCPU\SpsExtension.Service\MS.VS.Services.ClientNotification.v2.L0.Tests\MS.VS.Services.ClientNotification.v2.L0.Tests.dll" adapterTypeName="Microsoft.VisualStudio.TestTools.TestTypes.Unit.UnitTestAdapter" className="MS.VS.Services.ClientNotification.v2.L0.Tests.PlatformClientNotificationServiceTests+CommonUtilsTests" name="GetErrorMessageFromWebException_Null" />
    </UnitTest>
    <UnitTest name="ClientNotificationServiceResources_MessageFormatting" storage="d:\v2.0\a1\_work\dbded102\bin\release.anycpu\spsextension.service\ms.vs.services.clientnotification.v2.l0.tests\ms.vs.services.clientnotification.v2.l0.tests.dll" id="c744e54e-f7b4-ccd0-ba90-aab4913d74dd">
      <Execution id="98cf3d07-c938-4f29-9857-4789f3a8a9f4" />
      <TestMethod codeBase="D:\v2.0\A1\_work\dbded102\bin\Release.AnyCPU\SpsExtension.Service\MS.VS.Services.ClientNotification.v2.L0.Tests\MS.VS.Services.ClientNotification.v2.L0.Tests.dll" adapterTypeName="Microsoft.VisualStudio.TestTools.TestTypes.Unit.UnitTestAdapter" className="MS.VS.Services.ClientNotification.v2.L0.Tests.PlatformClientNotificationServiceTests+CommonUtilsTests" name="ClientNotificationServiceResources_MessageFormatting" />
    </UnitTest>
    <UnitTest name="GenerateCreateCorrelationFilterRequestBody" storage="d:\v2.0\a1\_work\dbded102\bin\release.anycpu\spsextension.service\ms.vs.services.clientnotification.v2.l0.tests\ms.vs.services.clientnotification.v2.l0.tests.dll" id="00ddb46f-a75d-1609-6358-3733803728c3">
      <Execution id="a91b16c4-278c-40ce-9922-f2b541ced7ca" />
      <TestMethod codeBase="D:\v2.0\A1\_work\dbded102\bin\Release.AnyCPU\SpsExtension.Service\MS.VS.Services.ClientNotification.v2.L0.Tests\MS.VS.Services.ClientNotification.v2.L0.Tests.dll" adapterTypeName="Microsoft.VisualStudio.TestTools.TestTypes.Unit.UnitTestAdapter" className="MS.VS.Services.ClientNotification.v2.L0.Tests.PlatformClientNotificationServiceTests+CommonUtilsTests" name="GenerateCreateCorrelationFilterRequestBody" />
    </UnitTest>
    <UnitTest name="GenerateCreateCorrelationFilterRequestBody_WithNulls" storage="d:\v2.0\a1\_work\dbded102\bin\release.anycpu\spsextension.service\ms.vs.services.clientnotification.v2.l0.tests\ms.vs.services.clientnotification.v2.l0.tests.dll" id="f665db4c-7cf6-5511-94dc-3ad06b901c17">
      <Execution id="2e97c4d7-1a4f-47d5-a732-f37292018730" />
      <TestMethod codeBase="D:\v2.0\A1\_work\dbded102\bin\Release.AnyCPU\SpsExtension.Service\MS.VS.Services.ClientNotification.v2.L0.Tests\MS.VS.Services.ClientNotification.v2.L0.Tests.dll" adapterTypeName="Microsoft.VisualStudio.TestTools.TestTypes.Unit.UnitTestAdapter" className="MS.VS.Services.ClientNotification.v2.L0.Tests.PlatformClientNotificationServiceTests+CommonUtilsTests" name="GenerateCreateCorrelationFilterRequestBody_WithNulls" />
    </UnitTest>
    <UnitTest name="GenerateCreateSubscriptionRequestBody" storage="d:\v2.0\a1\_work\dbded102\bin\release.anycpu\spsextension.service\ms.vs.services.clientnotification.v2.l0.tests\ms.vs.services.clientnotification.v2.l0.tests.dll" id="0efc309e-750e-19b7-1015-60884af14f3d">
      <Execution id="f5760d33-ea62-49d8-83b9-42644142ed4e" />
      <TestMethod codeBase="D:\v2.0\A1\_work\dbded102\bin\Release.AnyCPU\SpsExtension.Service\MS.VS.Services.ClientNotification.v2.L0.Tests\MS.VS.Services.ClientNotification.v2.L0.Tests.dll" adapterTypeName="Microsoft.VisualStudio.TestTools.TestTypes.Unit.UnitTestAdapter" className="MS.VS.Services.ClientNotification.v2.L0.Tests.PlatformClientNotificationServiceTests+CommonUtilsTests" name="GenerateCreateSubscriptionRequestBody" />
    </UnitTest>
    <UnitTest name="GenerateCreateSubscriptionRequestBody_WithNulls" storage="d:\v2.0\a1\_work\dbded102\bin\release.anycpu\spsextension.service\ms.vs.services.clientnotification.v2.l0.tests\ms.vs.services.clientnotification.v2.l0.tests.dll" id="a007da35-9c69-d748-e7e4-f01fad280f00">
      <Execution id="8c33f044-2342-4fb0-b9f5-657b6063b91d" />
      <TestMethod codeBase="D:\v2.0\A1\_work\dbded102\bin\Release.AnyCPU\SpsExtension.Service\MS.VS.Services.ClientNotification.v2.L0.Tests\MS.VS.Services.ClientNotification.v2.L0.Tests.dll" adapterTypeName="Microsoft.VisualStudio.TestTools.TestTypes.Unit.UnitTestAdapter" className="MS.VS.Services.ClientNotification.v2.L0.Tests.PlatformClientNotificationServiceTests+CommonUtilsTests" name="GenerateCreateSubscriptionRequestBody_WithNulls" />
    </UnitTest>
    <UnitTest name="GenerateTopicCreateOrUpdateRequestBody_WithNulls" storage="d:\v2.0\a1\_work\dbded102\bin\release.anycpu\spsextension.service\ms.vs.services.clientnotification.v2.l0.tests\ms.vs.services.clientnotification.v2.l0.tests.dll" id="ac8ecfdc-379d-4fb9-a3dd-4fc518cf69ee">
      <Execution id="92ddb532-224b-4a9a-87be-046017a8ab53" />
      <TestMethod codeBase="D:\v2.0\A1\_work\dbded102\bin\Release.AnyCPU\SpsExtension.Service\MS.VS.Services.ClientNotification.v2.L0.Tests\MS.VS.Services.ClientNotification.v2.L0.Tests.dll" adapterTypeName="Microsoft.VisualStudio.TestTools.TestTypes.Unit.UnitTestAdapter" className="MS.VS.Services.ClientNotification.v2.L0.Tests.PlatformClientNotificationServiceTests+CommonUtilsTests" name="GenerateTopicCreateOrUpdateRequestBody_WithNulls" />
    </UnitTest>
    <UnitTest name="GenerateTopicCreateOrUpdateRequestBody" storage="d:\v2.0\a1\_work\dbded102\bin\release.anycpu\spsextension.service\ms.vs.services.clientnotification.v2.l0.tests\ms.vs.services.clientnotification.v2.l0.tests.dll" id="61d62541-d2e2-8790-28ca-154e8e307ade">
      <Execution id="728c6f4b-7992-49b3-8129-c13cabf06a9e" />
      <TestMethod codeBase="D:\v2.0\A1\_work\dbded102\bin\Release.AnyCPU\SpsExtension.Service\MS.VS.Services.ClientNotification.v2.L0.Tests\MS.VS.Services.ClientNotification.v2.L0.Tests.dll" adapterTypeName="Microsoft.VisualStudio.TestTools.TestTypes.Unit.UnitTestAdapter" className="MS.VS.Services.ClientNotification.v2.L0.Tests.PlatformClientNotificationServiceTests+CommonUtilsTests" name="GenerateTopicCreateOrUpdateRequestBody" />
    </UnitTest>
    <UnitTest name="ServiceStart_MustCallNotificationSettingsManagerStart" storage="d:\v2.0\a1\_work\dbded102\bin\release.anycpu\spsextension.service\ms.vs.services.clientnotification.v2.l0.tests\ms.vs.services.clientnotification.v2.l0.tests.dll" id="d8a74d03-ab2b-758d-f06d-da25dc6d158a">
      <Execution id="b9c547ae-5676-46a1-b585-e1b6f7aa6456" />
      <TestMethod codeBase="D:\v2.0\A1\_work\dbded102\bin\Release.AnyCPU\SpsExtension.Service\MS.VS.Services.ClientNotification.v2.L0.Tests\MS.VS.Services.ClientNotification.v2.L0.Tests.dll" adapterTypeName="Microsoft.VisualStudio.TestTools.TestTypes.Unit.UnitTestAdapter" className="MS.VS.Services.ClientNotification.v2.L0.Tests.PlatformClientNotificationServiceTests+ServiceInfrastructure" name="ServiceStart_MustCallNotificationSettingsManagerStart" />
    </UnitTest>
    <UnitTest name="LoadSettings_Verification" storage="d:\v2.0\a1\_work\dbded102\bin\release.anycpu\spsextension.service\ms.vs.services.clientnotification.v2.l0.tests\ms.vs.services.clientnotification.v2.l0.tests.dll" id="6e9cc9b7-3490-2126-023d-fe682c8eef78">
      <Execution id="aeae3548-dacd-436c-b7a3-220467f3f709" />
      <TestMethod codeBase="D:\v2.0\A1\_work\dbded102\bin\Release.AnyCPU\SpsExtension.Service\MS.VS.Services.ClientNotification.v2.L0.Tests\MS.VS.Services.ClientNotification.v2.L0.Tests.dll" adapterTypeName="Microsoft.VisualStudio.TestTools.TestTypes.Unit.UnitTestAdapter" className="MS.VS.Services.ClientNotification.v2.L0.Tests.PlatformClientNotificationServiceTests+ServiceInfrastructure" name="LoadSettings_Verification" />
    </UnitTest>
    <UnitTest name="Subscribe_Test" storage="d:\v2.0\a1\_work\dbded102\bin\release.anycpu\spsextension.service\ms.vs.services.clientnotification.v2.l0.tests\ms.vs.services.clientnotification.v2.l0.tests.dll" id="0b862974-4081-cb78-3be2-53010ee71beb">
      <Execution id="7b105ff6-f43b-4e96-be26-3f7f6664aa05" />
      <TestMethod codeBase="D:\v2.0\A1\_work\dbded102\bin\Release.AnyCPU\SpsExtension.Service\MS.VS.Services.ClientNotification.v2.L0.Tests\MS.VS.Services.ClientNotification.v2.L0.Tests.dll" adapterTypeName="Microsoft.VisualStudio.TestTools.TestTypes.Unit.UnitTestAdapter" className="MS.VS.Services.ClientNotification.v2.L0.Tests.PlatformClientNotificationServiceTests+SubscribeTest" name="Subscribe_Test" />
    </UnitTest>
    <UnitTest name="Subscribe_TestNegative" storage="d:\v2.0\a1\_work\dbded102\bin\release.anycpu\spsextension.service\ms.vs.services.clientnotification.v2.l0.tests\ms.vs.services.clientnotification.v2.l0.tests.dll" id="9dd94e16-8bf2-7359-3d1f-80c5a3fb5ef5">
      <Execution id="54005789-d22d-408c-95ff-63ab22cc6754" />
      <TestMethod codeBase="D:\v2.0\A1\_work\dbded102\bin\Release.AnyCPU\SpsExtension.Service\MS.VS.Services.ClientNotification.v2.L0.Tests\MS.VS.Services.ClientNotification.v2.L0.Tests.dll" adapterTypeName="Microsoft.VisualStudio.TestTools.TestTypes.Unit.UnitTestAdapter" className="MS.VS.Services.ClientNotification.v2.L0.Tests.PlatformClientNotificationServiceTests+SubscribeTest" name="Subscribe_TestNegative" />
    </UnitTest>
    <UnitTest name="GetServiceBusHelper_NotKnownNamespace" storage="d:\v2.0\a1\_work\dbded102\bin\release.anycpu\spsextension.service\ms.vs.services.clientnotification.v2.l0.tests\ms.vs.services.clientnotification.v2.l0.tests.dll" id="60b8b740-fa43-8e65-f7d5-34ea5a92bce2">
      <Execution id="81599bb6-43ff-4597-8f9b-e35af573dcb8" />
      <TestMethod codeBase="D:\v2.0\A1\_work\dbded102\bin\Release.AnyCPU\SpsExtension.Service\MS.VS.Services.ClientNotification.v2.L0.Tests\MS.VS.Services.ClientNotification.v2.L0.Tests.dll" adapterTypeName="Microsoft.VisualStudio.TestTools.TestTypes.Unit.UnitTestAdapter" className="MS.VS.Services.ClientNotification.v2.L0.Tests.PlatformClientNotificationServiceTests+SubscribeTest" name="GetServiceBusHelper_NotKnownNamespace" />
    </UnitTest>
    <UnitTest name="GetSubscriptionsCircuitBreaker_SucceedsWhenClosed" storage="d:\v2.0\a1\_work\dbded102\bin\release.anycpu\spsextension.service\ms.vs.services.clientnotification.v2.l0.tests\ms.vs.services.clientnotification.v2.l0.tests.dll" id="2b6b3258-f43c-f2ba-0e8a-de41a11d5cc7">
      <Execution id="8895c264-ce17-4033-8b6e-908a717cf2ce" />
      <TestMethod codeBase="D:\v2.0\A1\_work\dbded102\bin\Release.AnyCPU\SpsExtension.Service\MS.VS.Services.ClientNotification.v2.L0.Tests\MS.VS.Services.ClientNotification.v2.L0.Tests.dll" adapterTypeName="Microsoft.VisualStudio.TestTools.TestTypes.Unit.UnitTestAdapter" className="MS.VS.Services.ClientNotification.v2.L0.Tests.PlatformClientNotificationServiceTests+GetSubscriptionsCircuitBreakerTests" name="GetSubscriptionsCircuitBreaker_SucceedsWhenClosed" />
    </UnitTest>
    <UnitTest name="GetSubscriptionsCircuitBreaker_SucceedsWhenDisabled" storage="d:\v2.0\a1\_work\dbded102\bin\release.anycpu\spsextension.service\ms.vs.services.clientnotification.v2.l0.tests\ms.vs.services.clientnotification.v2.l0.tests.dll" id="45cdae9a-94b6-3580-266e-b3a04a41e038">
      <Execution id="3c82fdcd-e47c-4e46-855a-0db03c0cae16" />
      <TestMethod codeBase="D:\v2.0\A1\_work\dbded102\bin\Release.AnyCPU\SpsExtension.Service\MS.VS.Services.ClientNotification.v2.L0.Tests\MS.VS.Services.ClientNotification.v2.L0.Tests.dll" adapterTypeName="Microsoft.VisualStudio.TestTools.TestTypes.Unit.UnitTestAdapter" className="MS.VS.Services.ClientNotification.v2.L0.Tests.PlatformClientNotificationServiceTests+GetSubscriptionsCircuitBreakerTests" name="GetSubscriptionsCircuitBreaker_SucceedsWhenDisabled" />
    </UnitTest>
    <UnitTest name="GetSubscriptionsCircuitBreaker_StaysOpenAfterFailure" storage="d:\v2.0\a1\_work\dbded102\bin\release.anycpu\spsextension.service\ms.vs.services.clientnotification.v2.l0.tests\ms.vs.services.clientnotification.v2.l0.tests.dll" id="9786b441-3bd4-7ebd-d855-e9b1df2bc19a">
      <Execution id="ba832611-f21e-42c4-805f-c3d9f681d180" />
      <TestMethod codeBase="D:\v2.0\A1\_work\dbded102\bin\Release.AnyCPU\SpsExtension.Service\MS.VS.Services.ClientNotification.v2.L0.Tests\MS.VS.Services.ClientNotification.v2.L0.Tests.dll" adapterTypeName="Microsoft.VisualStudio.TestTools.TestTypes.Unit.UnitTestAdapter" className="MS.VS.Services.ClientNotification.v2.L0.Tests.PlatformClientNotificationServiceTests+GetSubscriptionsCircuitBreakerTests" name="GetSubscriptionsCircuitBreaker_StaysOpenAfterFailure" />
    </UnitTest>
    <UnitTest name="GetSubscriptionsCircuitBreaker_FailsWhenOpen" storage="d:\v2.0\a1\_work\dbded102\bin\release.anycpu\spsextension.service\ms.vs.services.clientnotification.v2.l0.tests\ms.vs.services.clientnotification.v2.l0.tests.dll" id="121fe2d5-6e89-3a47-a45e-7fb8e8bf2c09">
      <Execution id="7e582d38-4963-4f02-a390-b013a692df70" />
      <TestMethod codeBase="D:\v2.0\A1\_work\dbded102\bin\Release.AnyCPU\SpsExtension.Service\MS.VS.Services.ClientNotification.v2.L0.Tests\MS.VS.Services.ClientNotification.v2.L0.Tests.dll" adapterTypeName="Microsoft.VisualStudio.TestTools.TestTypes.Unit.UnitTestAdapter" className="MS.VS.Services.ClientNotification.v2.L0.Tests.PlatformClientNotificationServiceTests+GetSubscriptionsCircuitBreakerTests" name="GetSubscriptionsCircuitBreaker_FailsWhenOpen" />
    </UnitTest>
    <UnitTest name="PostNotificationApplicationLevel_Test" storage="d:\v2.0\a1\_work\dbded102\bin\release.anycpu\spsextension.service\ms.vs.services.clientnotification.v2.l0.tests\ms.vs.services.clientnotification.v2.l0.tests.dll" id="fd1cecef-b57a-9b54-bde6-614f2e1b9f2a">
      <Execution id="584a6e45-5067-43e5-935a-2f5b58d218d7" />
      <TestMethod codeBase="D:\v2.0\A1\_work\dbded102\bin\Release.AnyCPU\SpsExtension.Service\MS.VS.Services.ClientNotification.v2.L0.Tests\MS.VS.Services.ClientNotification.v2.L0.Tests.dll" adapterTypeName="Microsoft.VisualStudio.TestTools.TestTypes.Unit.UnitTestAdapter" className="MS.VS.Services.ClientNotification.v2.L0.Tests.PlatformClientNotificationServiceTests+PostNotification" name="PostNotificationApplicationLevel_Test" />
    </UnitTest>
    <UnitTest name="PostNotificationUserIdentity_Test" storage="d:\v2.0\a1\_work\dbded102\bin\release.anycpu\spsextension.service\ms.vs.services.clientnotification.v2.l0.tests\ms.vs.services.clientnotification.v2.l0.tests.dll" id="06f1f45e-4d7d-9b16-d10c-2d79d324379b">
      <Execution id="52924ff4-93cf-4a01-8278-4ba46995fd45" />
      <TestMethod codeBase="D:\v2.0\A1\_work\dbded102\bin\Release.AnyCPU\SpsExtension.Service\MS.VS.Services.ClientNotification.v2.L0.Tests\MS.VS.Services.ClientNotification.v2.L0.Tests.dll" adapterTypeName="Microsoft.VisualStudio.TestTools.TestTypes.Unit.UnitTestAdapter" className="MS.VS.Services.ClientNotification.v2.L0.Tests.PlatformClientNotificationServiceTests+PostNotification" name="PostNotificationUserIdentity_Test" />
    </UnitTest>
    <UnitTest name="PostNotification_Test" storage="d:\v2.0\a1\_work\dbded102\bin\release.anycpu\spsextension.service\ms.vs.services.clientnotification.v2.l0.tests\ms.vs.services.clientnotification.v2.l0.tests.dll" id="2c0085a1-f670-7a5e-6923-e213636d9f6d">
      <Execution id="0bc4ecd6-b029-4d0c-b22e-1772011bd0d7" />
      <TestMethod codeBase="D:\v2.0\A1\_work\dbded102\bin\Release.AnyCPU\SpsExtension.Service\MS.VS.Services.ClientNotification.v2.L0.Tests\MS.VS.Services.ClientNotification.v2.L0.Tests.dll" adapterTypeName="Microsoft.VisualStudio.TestTools.TestTypes.Unit.UnitTestAdapter" className="MS.VS.Services.ClientNotification.v2.L0.Tests.PlatformClientNotificationServiceTests+PostNotification" name="PostNotification_Test" />
    </UnitTest>
  </TestDefinitions>
  <TestEntries>
    <TestEntry testId="34c56efe-0e22-734e-d3f7-08156dc655fe" executionId="d162537e-86c7-4734-9b9d-14db4ecc0bea" testListId="8c84fa94-04c1-424b-9868-57a2d4851a1d" />
    <TestEntry testId="974ebb18-36b1-1e6b-1520-327685b51536" executionId="4bc415ed-71a9-4014-8deb-f63f9c34386f" testListId="8c84fa94-04c1-424b-9868-57a2d4851a1d" />
    <TestEntry testId="d9af9f82-2e9e-4af6-1628-102a65fa78f8" executionId="d15d832a-81aa-431f-b665-1f46bc971dc0" testListId="8c84fa94-04c1-424b-9868-57a2d4851a1d" />
    <TestEntry testId="97c2e9bb-54dd-d092-426d-644749c85934" executionId="53d4d11a-e555-4100-94ef-0bdf0d29e647" testListId="8c84fa94-04c1-424b-9868-57a2d4851a1d" />
    <TestEntry testId="1615f901-c815-b801-e77e-8594ad0a4be2" executionId="d413122f-c3f3-42cf-a927-75f7b0affd80" testListId="8c84fa94-04c1-424b-9868-57a2d4851a1d" />
    <TestEntry testId="8e112385-71d1-b38c-7d27-1536cca02dae" executionId="a1729a9b-4975-4388-94e6-c9b06aa3d94d" testListId="8c84fa94-04c1-424b-9868-57a2d4851a1d" />
    <TestEntry testId="0eb8facd-b72e-9ce6-b02e-e513fc32bf6d" executionId="3d894918-1e47-49ba-8e30-c671731e6e82" testListId="8c84fa94-04c1-424b-9868-57a2d4851a1d" />
    <TestEntry testId="89ab47e1-e5ab-eb26-6b5d-f5a253d280eb" executionId="3f494446-a2a6-4deb-abda-557d08321823" testListId="8c84fa94-04c1-424b-9868-57a2d4851a1d" />
    <TestEntry testId="69a87571-0a52-1ce1-6fbe-f9d842ba4bdd" executionId="fb029102-2d6d-4811-9ad5-00dea3a1575d" testListId="8c84fa94-04c1-424b-9868-57a2d4851a1d" />
    <TestEntry testId="bc2fdb5c-750b-08bf-ef9d-05ba844b62c7" executionId="286fdd36-7d70-43ef-9f30-3da58eb9621e" testListId="8c84fa94-04c1-424b-9868-57a2d4851a1d" />
    <TestEntry testId="7f4778a5-bac9-7ff7-9b89-c9a76e418a27" executionId="c7c6ba47-6e40-42e9-a815-30551358db88" testListId="8c84fa94-04c1-424b-9868-57a2d4851a1d" />
    <TestEntry testId="6b726ce6-ee43-40c4-b59c-f19832a5393e" executionId="db527aa3-228d-4bdf-89a9-c92b74514cd8" testListId="8c84fa94-04c1-424b-9868-57a2d4851a1d" />
    <TestEntry testId="546cf2f3-2253-e156-ddd9-79f33c79cf6c" executionId="f57b62e5-9a7b-437c-be9d-97e433289c8f" testListId="8c84fa94-04c1-424b-9868-57a2d4851a1d" />
    <TestEntry testId="7809663a-2e24-0d7c-fe71-3b859d317b20" executionId="3c3e9ba2-02ee-40b7-afd3-0b969f84a6b0" testListId="8c84fa94-04c1-424b-9868-57a2d4851a1d" />
    <TestEntry testId="5d78d070-dd0b-5373-c05b-ac8fe0cce6bd" executionId="ce39e5cb-e48c-4a97-80f8-b9796d2f4c53" testListId="8c84fa94-04c1-424b-9868-57a2d4851a1d" />
    <TestEntry testId="351b3dc4-e3c2-3f2d-232a-06d744179dfb" executionId="e54c3220-91ef-496a-9ff0-0e8790458411" testListId="8c84fa94-04c1-424b-9868-57a2d4851a1d" />
    <TestEntry testId="e92f39a1-0492-77e0-60b5-8aee6b70dcb2" executionId="b68a02c0-9c4e-4951-92e8-6869ec0d088e" testListId="8c84fa94-04c1-424b-9868-57a2d4851a1d" />
    <TestEntry testId="8252af9b-e05c-c221-fcb2-8c65450e5ee6" executionId="cc95b6d3-55f3-4294-ba00-358a54ecadd8" testListId="8c84fa94-04c1-424b-9868-57a2d4851a1d" />
    <TestEntry testId="eede46ed-1cd8-aefa-b37b-24dabd72ebbc" executionId="8e43f2ef-3885-4c38-a8fb-9050205a1656" testListId="8c84fa94-04c1-424b-9868-57a2d4851a1d" />
    <TestEntry testId="604995c1-4bd8-b2a1-84f1-4ed0a55a701d" executionId="74a3ff55-89ef-49f7-b6d1-59f945cdf028" testListId="8c84fa94-04c1-424b-9868-57a2d4851a1d" />
    <TestEntry testId="b7cdb69d-bcfd-0131-5132-584cf830107f" executionId="481df2f7-9bb9-4627-9476-943df0cfda8c" testListId="8c84fa94-04c1-424b-9868-57a2d4851a1d" />
    <TestEntry testId="b172fd62-2a2d-fc7a-82bf-6d70e0d5b380" executionId="714f9264-62ed-45b5-90d6-0b4556d25289" testListId="8c84fa94-04c1-424b-9868-57a2d4851a1d" />
    <TestEntry testId="b8a729d9-eeab-821d-67ce-1ee59042839d" executionId="4bf41758-0b81-419a-b2df-d8e290f72b18" testListId="8c84fa94-04c1-424b-9868-57a2d4851a1d" />
    <TestEntry testId="b37b0669-645e-40fb-19c5-205cbec2535c" executionId="fd156a9f-d82e-4f20-9d60-daf19b23e9c2" testListId="8c84fa94-04c1-424b-9868-57a2d4851a1d" />
    <TestEntry testId="4bda2693-aa20-5a70-b598-6d1f1d7d223a" executionId="c4b810cc-3a35-44a9-88d2-05f207899a2f" testListId="8c84fa94-04c1-424b-9868-57a2d4851a1d" />
    <TestEntry testId="c87483ba-2aa6-e2bd-601c-7cafb4fc53a5" executionId="cfbf3bf1-84de-4afc-bec1-38640576de26" testListId="8c84fa94-04c1-424b-9868-57a2d4851a1d" />
    <TestEntry testId="0c968abb-b7eb-f7e5-75fb-2740227bfd13" executionId="84dc1984-5dc0-4a7a-bb62-c2658d3f2f4b" testListId="8c84fa94-04c1-424b-9868-57a2d4851a1d" />
    <TestEntry testId="1eae5c74-2e0b-7121-b3c9-8fd83c279b7a" executionId="dc704f8b-d484-4ba0-8e13-3565feb70c1b" testListId="8c84fa94-04c1-424b-9868-57a2d4851a1d" />
    <TestEntry testId="b3fa7212-59b1-b0a2-93db-ea87d2596a1c" executionId="9b83309f-7d40-4b2b-b278-b0bb463dd2bc" testListId="8c84fa94-04c1-424b-9868-57a2d4851a1d" />
    <TestEntry testId="d38cc631-d189-19a5-df75-23ef81aabaea" executionId="b87e7e90-1e4d-438e-ac18-357cfeb11938" testListId="8c84fa94-04c1-424b-9868-57a2d4851a1d" />
    <TestEntry testId="8a587f7e-297e-daf9-ae0a-54f8774de9df" executionId="4193aa69-01c6-432a-a81c-5b59064c8526" testListId="8c84fa94-04c1-424b-9868-57a2d4851a1d" />
    <TestEntry testId="73cc4fec-7cb3-2a3b-7ab5-f05f96d0cf37" executionId="49bd3f09-8488-4e89-a4e4-14673a8c110d" testListId="8c84fa94-04c1-424b-9868-57a2d4851a1d" />
    <TestEntry testId="b0ed93fa-1d85-0e41-88ef-01c2026b4358" executionId="e99f7bd3-a852-4d74-b66f-217852afcfc2" testListId="8c84fa94-04c1-424b-9868-57a2d4851a1d" />
    <TestEntry testId="2cbeec49-0779-5806-9417-c9fc9e61c657" executionId="006a1f32-c6eb-46df-a9de-f3a1797baa22" testListId="8c84fa94-04c1-424b-9868-57a2d4851a1d" />
    <TestEntry testId="bc93fe4f-7d71-5f19-7b10-2126899383d5" executionId="b891fe2a-5b08-4f67-9d9f-3693e8c97387" testListId="8c84fa94-04c1-424b-9868-57a2d4851a1d" />
    <TestEntry testId="7b3be6be-3e88-3b79-89e4-b9e839030518" executionId="92c27f42-4ee8-46b5-8515-65a405aaaf13" testListId="8c84fa94-04c1-424b-9868-57a2d4851a1d" />
    <TestEntry testId="22dd4f54-39b2-9a96-df2f-51473a2c1756" executionId="c2fbdaa5-5984-418f-86d3-a63d9709854a" testListId="8c84fa94-04c1-424b-9868-57a2d4851a1d" />
    <TestEntry testId="32b486d8-a00a-342a-af2d-6125a393090d" executionId="7d4d0cd1-8404-49b2-8744-4dafb5a22a25" testListId="8c84fa94-04c1-424b-9868-57a2d4851a1d" />
    <TestEntry testId="f2f0c065-0153-a238-187b-51f419196d0c" executionId="5c7714eb-5b9c-4199-8fc7-137121d56cad" testListId="8c84fa94-04c1-424b-9868-57a2d4851a1d" />
    <TestEntry testId="c744e54e-f7b4-ccd0-ba90-aab4913d74dd" executionId="98cf3d07-c938-4f29-9857-4789f3a8a9f4" testListId="8c84fa94-04c1-424b-9868-57a2d4851a1d" />
    <TestEntry testId="00ddb46f-a75d-1609-6358-3733803728c3" executionId="a91b16c4-278c-40ce-9922-f2b541ced7ca" testListId="8c84fa94-04c1-424b-9868-57a2d4851a1d" />
    <TestEntry testId="f665db4c-7cf6-5511-94dc-3ad06b901c17" executionId="2e97c4d7-1a4f-47d5-a732-f37292018730" testListId="8c84fa94-04c1-424b-9868-57a2d4851a1d" />
    <TestEntry testId="0efc309e-750e-19b7-1015-60884af14f3d" executionId="f5760d33-ea62-49d8-83b9-42644142ed4e" testListId="8c84fa94-04c1-424b-9868-57a2d4851a1d" />
    <TestEntry testId="a007da35-9c69-d748-e7e4-f01fad280f00" executionId="8c33f044-2342-4fb0-b9f5-657b6063b91d" testListId="8c84fa94-04c1-424b-9868-57a2d4851a1d" />
    <TestEntry testId="ac8ecfdc-379d-4fb9-a3dd-4fc518cf69ee" executionId="92ddb532-224b-4a9a-87be-046017a8ab53" testListId="8c84fa94-04c1-424b-9868-57a2d4851a1d" />
    <TestEntry testId="61d62541-d2e2-8790-28ca-154e8e307ade" executionId="728c6f4b-7992-49b3-8129-c13cabf06a9e" testListId="8c84fa94-04c1-424b-9868-57a2d4851a1d" />
    <TestEntry testId="d8a74d03-ab2b-758d-f06d-da25dc6d158a" executionId="b9c547ae-5676-46a1-b585-e1b6f7aa6456" testListId="8c84fa94-04c1-424b-9868-57a2d4851a1d" />
    <TestEntry testId="6e9cc9b7-3490-2126-023d-fe682c8eef78" executionId="aeae3548-dacd-436c-b7a3-220467f3f709" testListId="8c84fa94-04c1-424b-9868-57a2d4851a1d" />
    <TestEntry testId="0b862974-4081-cb78-3be2-53010ee71beb" executionId="7b105ff6-f43b-4e96-be26-3f7f6664aa05" testListId="8c84fa94-04c1-424b-9868-57a2d4851a1d" />
    <TestEntry testId="9dd94e16-8bf2-7359-3d1f-80c5a3fb5ef5" executionId="54005789-d22d-408c-95ff-63ab22cc6754" testListId="8c84fa94-04c1-424b-9868-57a2d4851a1d" />
    <TestEntry testId="60b8b740-fa43-8e65-f7d5-34ea5a92bce2" executionId="81599bb6-43ff-4597-8f9b-e35af573dcb8" testListId="8c84fa94-04c1-424b-9868-57a2d4851a1d" />
    <TestEntry testId="2b6b3258-f43c-f2ba-0e8a-de41a11d5cc7" executionId="8895c264-ce17-4033-8b6e-908a717cf2ce" testListId="8c84fa94-04c1-424b-9868-57a2d4851a1d" />
    <TestEntry testId="45cdae9a-94b6-3580-266e-b3a04a41e038" executionId="3c82fdcd-e47c-4e46-855a-0db03c0cae16" testListId="8c84fa94-04c1-424b-9868-57a2d4851a1d" />
    <TestEntry testId="9786b441-3bd4-7ebd-d855-e9b1df2bc19a" executionId="ba832611-f21e-42c4-805f-c3d9f681d180" testListId="8c84fa94-04c1-424b-9868-57a2d4851a1d" />
    <TestEntry testId="121fe2d5-6e89-3a47-a45e-7fb8e8bf2c09" executionId="7e582d38-4963-4f02-a390-b013a692df70" testListId="8c84fa94-04c1-424b-9868-57a2d4851a1d" />
    <TestEntry testId="fd1cecef-b57a-9b54-bde6-614f2e1b9f2a" executionId="584a6e45-5067-43e5-935a-2f5b58d218d7" testListId="8c84fa94-04c1-424b-9868-57a2d4851a1d" />
    <TestEntry testId="06f1f45e-4d7d-9b16-d10c-2d79d324379b" executionId="52924ff4-93cf-4a01-8278-4ba46995fd45" testListId="8c84fa94-04c1-424b-9868-57a2d4851a1d" />
    <TestEntry testId="2c0085a1-f670-7a5e-6923-e213636d9f6d" executionId="0bc4ecd6-b029-4d0c-b22e-1772011bd0d7" testListId="8c84fa94-04c1-424b-9868-57a2d4851a1d" />
  </TestEntries>
  <TestLists>
    <TestList name="Results Not in a List" id="8c84fa94-04c1-424b-9868-57a2d4851a1d" />
    <TestList name="All Loaded Results" id="19431567-8539-422a-85d7-44ee4e166bda" />
  </TestLists>
  <ResultSummary outcome="Completed">
    <Counters total="58" executed="58" passed="58" failed="0" error="0" timeout="0" aborted="0" inconclusive="0" passedButRunAborted="0" notRunnable="0" notExecuted="0" disconnected="0" warning="0" completed="0" inProgress="0" pending="0" />
  </ResultSummary>
</TestRun>