<?xml version="1.0" encoding="UTF-8"?>
<TestRun id="64853290-0768-4105-a671-909edac2de59" name="tfsmladm@TFSBUILD11 2015-09-28 09:43:22" runUser="REDMOND\tfsmladm" xmlns="http://microsoft.com/schemas/VisualStudio/TeamTest/2010">
  <Times creation="2015-09-28T09:43:22.8899199-07:00" queuing="2015-09-28T09:43:22.8899199-07:00" start="2015-09-28T09:43:22.9055457-07:00" finish="2015-09-28T09:43:22.9524249-07:00" />
  <TestSettings name="default" id="d9195228-bd8e-4051-9acb-da28b5994d73">
    <Execution>
      <TestTypeSpecific />
    </Execution>
    <Deployment runDeploymentRoot="tfsmladm_TFSBUILD11 2015-09-28 09_43_22" />
    <Properties />
  </TestSettings>
  <Results>
    <UnitTestResult executionId="11e3cd66-8196-41f8-ad21-36e89b7a8487" testId="067af3f7-5519-eb78-6a67-a0cd6268e954" testName="Verify_RestEndpoints_NotRegistered_On_Non_SpsHosted_Test" computerName="TFSBUILD11" duration="00:00:00.4092962" startTime="2015-09-28T09:43:22.1242405-07:00" endTime="2015-09-28T09:43:22.5617719-07:00" testType="13cdc9d9-ddb5-4fa4-a97d-d965ccfc6d4b" outcome="Passed" testListId="8c84fa94-04c1-424b-9868-57a2d4851a1d" relativeResultsDirectory="11e3cd66-8196-41f8-ad21-36e89b7a8487" />
    <UnitTestResult executionId="2f15ae3f-fa7a-4802-b701-4cf06f2f0cbb" testId="3f94f5a3-cd13-6196-c22d-caba0abc43c8" testName="Verify_RestEndpoints_Registered_On_Null_RequestContext_Test" computerName="TFSBUILD11" duration="00:00:00.0608769" startTime="2015-09-28T09:43:22.5773980-07:00" endTime="2015-09-28T09:43:22.6399024-07:00" testType="13cdc9d9-ddb5-4fa4-a97d-d965ccfc6d4b" outcome="Passed" testListId="8c84fa94-04c1-424b-9868-57a2d4851a1d" relativeResultsDirectory="2f15ae3f-fa7a-4802-b701-4cf06f2f0cbb" />
    <UnitTestResult executionId="6553a169-2596-4be1-a18a-6338b6a0ee9a" testId="79b3c79e-0d80-3676-ae7b-8dc2a17a3e53" testName="Verify_RestEndpoints_Registered_OnPrem_Test" computerName="TFSBUILD11" duration="00:00:00.0036969" startTime="2015-09-28T09:43:22.6399024-07:00" endTime="2015-09-28T09:43:22.6399024-07:00" testType="13cdc9d9-ddb5-4fa4-a97d-d965ccfc6d4b" outcome="Passed" testListId="8c84fa94-04c1-424b-9868-57a2d4851a1d" relativeResultsDirectory="6553a169-2596-4be1-a18a-6338b6a0ee9a" />
    <UnitTestResult executionId="f8c849cb-7c09-4b96-8f6c-61c7efcdab64" testId="8c99ecd0-7db5-726c-2b6f-c5a065d86b54" testName="Verify_RestEndpoints_Registered_ForSps_Test" computerName="TFSBUILD11" duration="00:00:00.0038197" startTime="2015-09-28T09:43:22.6399024-07:00" endTime="2015-09-28T09:43:22.6399024-07:00" testType="13cdc9d9-ddb5-4fa4-a97d-d965ccfc6d4b" outcome="Passed" testListId="8c84fa94-04c1-424b-9868-57a2d4851a1d" relativeResultsDirectory="f8c849cb-7c09-4b96-8f6c-61c7efcdab64" />
    <UnitTestResult executionId="62d1b970-9d90-45b9-b433-70a40aa579c9" testId="434c6420-a148-3cd8-c778-099e5a802013" testName="Verify_GetIdentityAudit_Called_With_Time_In_Past" computerName="TFSBUILD11" startTime="2015-09-28T09:43:22.6399024-07:00" endTime="2015-09-28T09:43:22.6399024-07:00" testType="13cdc9d9-ddb5-4fa4-a97d-d965ccfc6d4b" outcome="NotExecuted" testListId="8c84fa94-04c1-424b-9868-57a2d4851a1d" relativeResultsDirectory="62d1b970-9d90-45b9-b433-70a40aa579c9" />
    <UnitTestResult executionId="4011886d-c13d-4cb0-98c3-0491972ae9ea" testId="ccc8091a-8598-40a4-7375-11387cf35341" testName="Verify_GetIdentityAudit_and_DeleteIdentityAuditRecords_called_with_max_sequenceId" computerName="TFSBUILD11" duration="00:00:00.1291318" startTime="2015-09-28T09:43:22.6399024-07:00" endTime="2015-09-28T09:43:22.7961630-07:00" testType="13cdc9d9-ddb5-4fa4-a97d-d965ccfc6d4b" outcome="Passed" testListId="8c84fa94-04c1-424b-9868-57a2d4851a1d" relativeResultsDirectory="4011886d-c13d-4cb0-98c3-0491972ae9ea" />
    <UnitTestResult executionId="3f16ddb5-9716-4394-9349-d6e6e4c5b244" testId="2a3f7c03-4006-b13a-9725-744ecc333a64" testName="Verify_all_extensions_process_audit_data" computerName="TFSBUILD11" duration="00:00:00.0131828" startTime="2015-09-28T09:43:22.7961630-07:00" endTime="2015-09-28T09:43:22.8117893-07:00" testType="13cdc9d9-ddb5-4fa4-a97d-d965ccfc6d4b" outcome="Passed" testListId="8c84fa94-04c1-424b-9868-57a2d4851a1d" relativeResultsDirectory="3f16ddb5-9716-4394-9349-d6e6e4c5b244" />
    <UnitTestResult executionId="6a4140f1-f227-4709-b36c-a672832bd280" testId="f2fe55d9-a212-3fe5-016d-022179255612" testName="Verify_cleanup_doesnt_fail_if_extension_throws_exception" computerName="TFSBUILD11" duration="00:00:00.0078560" startTime="2015-09-28T09:43:22.8117893-07:00" endTime="2015-09-28T09:43:22.8430424-07:00" testType="13cdc9d9-ddb5-4fa4-a97d-d965ccfc6d4b" outcome="Passed" testListId="8c84fa94-04c1-424b-9868-57a2d4851a1d" relativeResultsDirectory="6a4140f1-f227-4709-b36c-a672832bd280" />
  </Results>
  <TestDefinitions>
    <UnitTest name="Verify_RestEndpoints_NotRegistered_On_Non_SpsHosted_Test" storage="d:\v2.0\a1\_work\dbded102\bin\release.anycpu\sps.service\ms.vs.services.identity.extensions.l0.tests\ms.vs.services.identity.extensions.l0.tests.dll" id="067af3f7-5519-eb78-6a67-a0cd6268e954">
      <Execution id="11e3cd66-8196-41f8-ad21-36e89b7a8487" />
      <TestMethod codeBase="D:\v2.0\A1\_work\dbded102\bin\Release.AnyCPU\Sps.Service\MS.VS.Services.Identity.Extensions.L0.Tests\MS.VS.Services.Identity.Extensions.L0.Tests.dll" adapterTypeName="Microsoft.VisualStudio.TestTools.TestTypes.Unit.UnitTestAdapter" className="Microsoft.VisualStudio.Services.Identity.RestApiResourceProviderTests" name="Verify_RestEndpoints_NotRegistered_On_Non_SpsHosted_Test" />
    </UnitTest>
    <UnitTest name="Verify_RestEndpoints_Registered_On_Null_RequestContext_Test" storage="d:\v2.0\a1\_work\dbded102\bin\release.anycpu\sps.service\ms.vs.services.identity.extensions.l0.tests\ms.vs.services.identity.extensions.l0.tests.dll" id="3f94f5a3-cd13-6196-c22d-caba0abc43c8">
      <Execution id="2f15ae3f-fa7a-4802-b701-4cf06f2f0cbb" />
      <TestMethod codeBase="D:\v2.0\A1\_work\dbded102\bin\Release.AnyCPU\Sps.Service\MS.VS.Services.Identity.Extensions.L0.Tests\MS.VS.Services.Identity.Extensions.L0.Tests.dll" adapterTypeName="Microsoft.VisualStudio.TestTools.TestTypes.Unit.UnitTestAdapter" className="Microsoft.VisualStudio.Services.Identity.RestApiResourceProviderTests" name="Verify_RestEndpoints_Registered_On_Null_RequestContext_Test" />
    </UnitTest>
    <UnitTest name="Verify_RestEndpoints_Registered_OnPrem_Test" storage="d:\v2.0\a1\_work\dbded102\bin\release.anycpu\sps.service\ms.vs.services.identity.extensions.l0.tests\ms.vs.services.identity.extensions.l0.tests.dll" id="79b3c79e-0d80-3676-ae7b-8dc2a17a3e53">
      <Execution id="6553a169-2596-4be1-a18a-6338b6a0ee9a" />
      <TestMethod codeBase="D:\v2.0\A1\_work\dbded102\bin\Release.AnyCPU\Sps.Service\MS.VS.Services.Identity.Extensions.L0.Tests\MS.VS.Services.Identity.Extensions.L0.Tests.dll" adapterTypeName="Microsoft.VisualStudio.TestTools.TestTypes.Unit.UnitTestAdapter" className="Microsoft.VisualStudio.Services.Identity.RestApiResourceProviderTests" name="Verify_RestEndpoints_Registered_OnPrem_Test" />
    </UnitTest>
    <UnitTest name="Verify_RestEndpoints_Registered_ForSps_Test" storage="d:\v2.0\a1\_work\dbded102\bin\release.anycpu\sps.service\ms.vs.services.identity.extensions.l0.tests\ms.vs.services.identity.extensions.l0.tests.dll" id="8c99ecd0-7db5-726c-2b6f-c5a065d86b54">
      <Execution id="f8c849cb-7c09-4b96-8f6c-61c7efcdab64" />
      <TestMethod codeBase="D:\v2.0\A1\_work\dbded102\bin\Release.AnyCPU\Sps.Service\MS.VS.Services.Identity.Extensions.L0.Tests\MS.VS.Services.Identity.Extensions.L0.Tests.dll" adapterTypeName="Microsoft.VisualStudio.TestTools.TestTypes.Unit.UnitTestAdapter" className="Microsoft.VisualStudio.Services.Identity.RestApiResourceProviderTests" name="Verify_RestEndpoints_Registered_ForSps_Test" />
    </UnitTest>
    <UnitTest name="Verify_GetIdentityAudit_Called_With_Time_In_Past" storage="d:\v2.0\a1\_work\dbded102\bin\release.anycpu\sps.service\ms.vs.services.identity.extensions.l0.tests\ms.vs.services.identity.extensions.l0.tests.dll" id="434c6420-a148-3cd8-c778-099e5a802013">
      <Execution id="62d1b970-9d90-45b9-b433-70a40aa579c9" />
      <TestMethod codeBase="D:\v2.0\A1\_work\dbded102\bin\Release.AnyCPU\Sps.Service\MS.VS.Services.Identity.Extensions.L0.Tests\MS.VS.Services.Identity.Extensions.L0.Tests.dll" adapterTypeName="Microsoft.VisualStudio.TestTools.TestTypes.Unit.UnitTestAdapter" className="MS.VS.Services.Identity.Extensions.L0.Tests.IdentityAuditCleanupJobTests" name="Verify_GetIdentityAudit_Called_With_Time_In_Past" />
    </UnitTest>
    <UnitTest name="Verify_GetIdentityAudit_and_DeleteIdentityAuditRecords_called_with_max_sequenceId" storage="d:\v2.0\a1\_work\dbded102\bin\release.anycpu\sps.service\ms.vs.services.identity.extensions.l0.tests\ms.vs.services.identity.extensions.l0.tests.dll" id="ccc8091a-8598-40a4-7375-11387cf35341">
      <Execution id="4011886d-c13d-4cb0-98c3-0491972ae9ea" />
      <TestMethod codeBase="D:\v2.0\A1\_work\dbded102\bin\Release.AnyCPU\Sps.Service\MS.VS.Services.Identity.Extensions.L0.Tests\MS.VS.Services.Identity.Extensions.L0.Tests.dll" adapterTypeName="Microsoft.VisualStudio.TestTools.TestTypes.Unit.UnitTestAdapter" className="MS.VS.Services.Identity.Extensions.L0.Tests.IdentityAuditCleanupJobTests" name="Verify_GetIdentityAudit_and_DeleteIdentityAuditRecords_called_with_max_sequenceId" />
    </UnitTest>
    <UnitTest name="Verify_all_extensions_process_audit_data" storage="d:\v2.0\a1\_work\dbded102\bin\release.anycpu\sps.service\ms.vs.services.identity.extensions.l0.tests\ms.vs.services.identity.extensions.l0.tests.dll" id="2a3f7c03-4006-b13a-9725-744ecc333a64">
      <Execution id="3f16ddb5-9716-4394-9349-d6e6e4c5b244" />
      <TestMethod codeBase="D:\v2.0\A1\_work\dbded102\bin\Release.AnyCPU\Sps.Service\MS.VS.Services.Identity.Extensions.L0.Tests\MS.VS.Services.Identity.Extensions.L0.Tests.dll" adapterTypeName="Microsoft.VisualStudio.TestTools.TestTypes.Unit.UnitTestAdapter" className="MS.VS.Services.Identity.Extensions.L0.Tests.IdentityAuditCleanupJobTests" name="Verify_all_extensions_process_audit_data" />
    </UnitTest>
    <UnitTest name="Verify_cleanup_doesnt_fail_if_extension_throws_exception" storage="d:\v2.0\a1\_work\dbded102\bin\release.anycpu\sps.service\ms.vs.services.identity.extensions.l0.tests\ms.vs.services.identity.extensions.l0.tests.dll" id="f2fe55d9-a212-3fe5-016d-022179255612">
      <Execution id="6a4140f1-f227-4709-b36c-a672832bd280" />
      <TestMethod codeBase="D:\v2.0\A1\_work\dbded102\bin\Release.AnyCPU\Sps.Service\MS.VS.Services.Identity.Extensions.L0.Tests\MS.VS.Services.Identity.Extensions.L0.Tests.dll" adapterTypeName="Microsoft.VisualStudio.TestTools.TestTypes.Unit.UnitTestAdapter" className="MS.VS.Services.Identity.Extensions.L0.Tests.IdentityAuditCleanupJobTests" name="Verify_cleanup_doesnt_fail_if_extension_throws_exception" />
    </UnitTest>
  </TestDefinitions>
  <TestEntries>
    <TestEntry testId="067af3f7-5519-eb78-6a67-a0cd6268e954" executionId="11e3cd66-8196-41f8-ad21-36e89b7a8487" testListId="8c84fa94-04c1-424b-9868-57a2d4851a1d" />
    <TestEntry testId="3f94f5a3-cd13-6196-c22d-caba0abc43c8" executionId="2f15ae3f-fa7a-4802-b701-4cf06f2f0cbb" testListId="8c84fa94-04c1-424b-9868-57a2d4851a1d" />
    <TestEntry testId="79b3c79e-0d80-3676-ae7b-8dc2a17a3e53" executionId="6553a169-2596-4be1-a18a-6338b6a0ee9a" testListId="8c84fa94-04c1-424b-9868-57a2d4851a1d" />
    <TestEntry testId="8c99ecd0-7db5-726c-2b6f-c5a065d86b54" executionId="f8c849cb-7c09-4b96-8f6c-61c7efcdab64" testListId="8c84fa94-04c1-424b-9868-57a2d4851a1d" />
    <TestEntry testId="434c6420-a148-3cd8-c778-099e5a802013" executionId="62d1b970-9d90-45b9-b433-70a40aa579c9" testListId="8c84fa94-04c1-424b-9868-57a2d4851a1d" />
    <TestEntry testId="ccc8091a-8598-40a4-7375-11387cf35341" executionId="4011886d-c13d-4cb0-98c3-0491972ae9ea" testListId="8c84fa94-04c1-424b-9868-57a2d4851a1d" />
    <TestEntry testId="2a3f7c03-4006-b13a-9725-744ecc333a64" executionId="3f16ddb5-9716-4394-9349-d6e6e4c5b244" testListId="8c84fa94-04c1-424b-9868-57a2d4851a1d" />
    <TestEntry testId="f2fe55d9-a212-3fe5-016d-022179255612" executionId="6a4140f1-f227-4709-b36c-a672832bd280" testListId="8c84fa94-04c1-424b-9868-57a2d4851a1d" />
  </TestEntries>
  <TestLists>
    <TestList name="Results Not in a List" id="8c84fa94-04c1-424b-9868-57a2d4851a1d" />
    <TestList name="All Loaded Results" id="19431567-8539-422a-85d7-44ee4e166bda" />
  </TestLists>
  <ResultSummary outcome="Completed">
    <Counters total="8" executed="7" passed="7" failed="0" error="0" timeout="0" aborted="0" inconclusive="0" passedButRunAborted="0" notRunnable="0" notExecuted="0" disconnected="0" warning="0" completed="0" inProgress="0" pending="0" />
    <Output>
      <StdOut>Test 'Verify_GetIdentityAudit_Called_With_Time_In_Past' was skipped in the test run.</StdOut>
    </Output>
  </ResultSummary>
</TestRun>