<?xml version="1.0" encoding="UTF-8"?>
<TestRun id="c2cbd3bb-c92a-440d-a9bc-d4bc0a9ad860" name="tfsmladm@TFSBUILD11 2015-09-28 09:43:25" runUser="REDMOND\tfsmladm" xmlns="http://microsoft.com/schemas/VisualStudio/TeamTest/2010">
  <Times creation="2015-09-28T09:43:25.3744713-07:00" queuing="2015-09-28T09:43:25.3744713-07:00" start="2015-09-28T09:43:25.3744713-07:00" finish="2015-09-28T09:43:25.4838538-07:00" />
  <TestSettings name="default" id="9885913b-cb7d-4e39-b24e-3b1614b230ef">
    <Execution>
      <TestTypeSpecific />
    </Execution>
    <Deployment runDeploymentRoot="tfsmladm_TFSBUILD11 2015-09-28 09_43_25" />
    <Properties />
  </TestSettings>
  <Results>
    <UnitTestResult executionId="cd1c9223-6869-4a73-a552-529db002241a" testId="a6bfabbf-0d3c-40d4-a1f2-dc8c851b113d" testName="Profile_GetAccountAllNulls" computerName="TFSBUILD11" duration="00:00:00.6618542" startTime="2015-09-28T09:43:24.4212785-07:00" endTime="2015-09-28T09:43:25.1088274-07:00" testType="13cdc9d9-ddb5-4fa4-a97d-d965ccfc6d4b" outcome="Passed" testListId="8c84fa94-04c1-424b-9868-57a2d4851a1d" relativeResultsDirectory="cd1c9223-6869-4a73-a552-529db002241a" />
    <UnitTestResult executionId="164a297e-61b3-4211-8a4a-41039d251183" testId="938a02e4-7007-741c-63a1-10e80c6a316b" testName="Profile_GetAccountFirstScenarioNullWithNoAccounts" computerName="TFSBUILD11" duration="00:00:00.0070172" startTime="2015-09-28T09:43:25.1244541-07:00" endTime="2015-09-28T09:43:25.1400802-07:00" testType="13cdc9d9-ddb5-4fa4-a97d-d965ccfc6d4b" outcome="Passed" testListId="8c84fa94-04c1-424b-9868-57a2d4851a1d" relativeResultsDirectory="164a297e-61b3-4211-8a4a-41039d251183" />
    <UnitTestResult executionId="80e28bf8-1733-46ea-9ce0-4c4986038e62" testId="08569cb5-1d06-b75b-5b2e-a5897f451c36" testName="Profile_GetAccountFirstScenarioNullWithOneAccountAndNoAccountURL" computerName="TFSBUILD11" duration="00:00:00.0060725" startTime="2015-09-28T09:43:25.1400802-07:00" endTime="2015-09-28T09:43:25.1400802-07:00" testType="13cdc9d9-ddb5-4fa4-a97d-d965ccfc6d4b" outcome="Passed" testListId="8c84fa94-04c1-424b-9868-57a2d4851a1d" relativeResultsDirectory="80e28bf8-1733-46ea-9ce0-4c4986038e62" />
    <UnitTestResult executionId="e49c9e0b-f961-4f31-84fa-dda47a6dfdc6" testId="d6cf6100-501b-08a5-593e-50e5f053a9c6" testName="Profile_GetAccountFirstScenarioNullWithOneAccount" computerName="TFSBUILD11" duration="00:00:00.0096639" startTime="2015-09-28T09:43:25.1400802-07:00" endTime="2015-09-28T09:43:25.1557060-07:00" testType="13cdc9d9-ddb5-4fa4-a97d-d965ccfc6d4b" outcome="Passed" testListId="8c84fa94-04c1-424b-9868-57a2d4851a1d" relativeResultsDirectory="e49c9e0b-f961-4f31-84fa-dda47a6dfdc6" />
    <UnitTestResult executionId="e0021165-9ec2-46aa-886b-3a54f05d159a" testId="2e3f5ae7-02e7-b7c5-b44f-1fdd515d7fa2" testName="Profile_GetAccountFirstScenarioTestWithOneAccount" computerName="TFSBUILD11" duration="00:00:00.0056245" startTime="2015-09-28T09:43:25.1557060-07:00" endTime="2015-09-28T09:43:25.1557060-07:00" testType="13cdc9d9-ddb5-4fa4-a97d-d965ccfc6d4b" outcome="Passed" testListId="8c84fa94-04c1-424b-9868-57a2d4851a1d" relativeResultsDirectory="e0021165-9ec2-46aa-886b-3a54f05d159a" />
    <UnitTestResult executionId="fa108977-0f09-4bf1-bc9e-04faeb547f9c" testId="74512ae9-5b63-3db8-4614-016c29a9281a" testName="Profile_GetAccountFirstScenarioTestWithMoreThanOneAccount" computerName="TFSBUILD11" duration="00:00:00.0093855" startTime="2015-09-28T09:43:25.1557060-07:00" endTime="2015-09-28T09:43:25.1713318-07:00" testType="13cdc9d9-ddb5-4fa4-a97d-d965ccfc6d4b" outcome="Passed" testListId="8c84fa94-04c1-424b-9868-57a2d4851a1d" relativeResultsDirectory="fa108977-0f09-4bf1-bc9e-04faeb547f9c" />
    <UnitTestResult executionId="d882cdbc-eb36-4b64-a60b-6a4159573a3d" testId="8df50f32-58e9-8b53-a14a-8234f730bade" testName="Profile_IsInExperiment" computerName="TFSBUILD11" duration="00:00:00.1351077" startTime="2015-09-28T09:43:25.1713318-07:00" endTime="2015-09-28T09:43:25.2963416-07:00" testType="13cdc9d9-ddb5-4fa4-a97d-d965ccfc6d4b" outcome="Passed" testListId="8c84fa94-04c1-424b-9868-57a2d4851a1d" relativeResultsDirectory="d882cdbc-eb36-4b64-a60b-6a4159573a3d" />
    <UnitTestResult executionId="1e572e31-5754-4739-a48e-4107f4dedb2c" testId="4829e2d1-75a2-5743-ca39-85dc89a5b751" testName="Profile_GetExperienceThreshold_NullOrWhiteSpace" computerName="TFSBUILD11" duration="00:00:00.0070948" startTime="2015-09-28T09:43:25.2963416-07:00" endTime="2015-09-28T09:43:25.3119671-07:00" testType="13cdc9d9-ddb5-4fa4-a97d-d965ccfc6d4b" outcome="Passed" testListId="8c84fa94-04c1-424b-9868-57a2d4851a1d" relativeResultsDirectory="1e572e31-5754-4739-a48e-4107f4dedb2c" />
    <UnitTestResult executionId="4530315f-a519-4842-adad-9f0b7709e14f" testId="2f746586-cb8e-58d0-d107-b07e01c611c3" testName="Profile_ShowUnifiedView" computerName="TFSBUILD11" duration="00:00:00.0139775" startTime="2015-09-28T09:43:25.3119671-07:00" endTime="2015-09-28T09:43:25.3275935-07:00" testType="13cdc9d9-ddb5-4fa4-a97d-d965ccfc6d4b" outcome="Passed" testListId="8c84fa94-04c1-424b-9868-57a2d4851a1d" relativeResultsDirectory="4530315f-a519-4842-adad-9f0b7709e14f" />
    <UnitTestResult executionId="9188d142-5526-451e-a532-f833a202c1be" testId="3516fa8c-7f15-1d50-6c09-af81c399a97f" testName="Profile_GetProfileViewModel" computerName="TFSBUILD11" duration="00:00:00.1008965" startTime="2015-09-28T09:43:25.3275935-07:00" endTime="2015-09-28T09:43:25.4369763-07:00" testType="13cdc9d9-ddb5-4fa4-a97d-d965ccfc6d4b" outcome="Passed" testListId="8c84fa94-04c1-424b-9868-57a2d4851a1d" relativeResultsDirectory="9188d142-5526-451e-a532-f833a202c1be" />
    <UnitTestResult executionId="5c6ceba9-9f3c-45ff-b764-f6c19d209f7a" testId="2edf46c9-03cc-e497-8ca3-034353964a8c" testName="Profile_GetAccoutViewModel" computerName="TFSBUILD11" duration="00:00:00.0219582" startTime="2015-09-28T09:43:25.4369763-07:00" endTime="2015-09-28T09:43:25.4526021-07:00" testType="13cdc9d9-ddb5-4fa4-a97d-d965ccfc6d4b" outcome="Passed" testListId="8c84fa94-04c1-424b-9868-57a2d4851a1d" relativeResultsDirectory="5c6ceba9-9f3c-45ff-b764-f6c19d209f7a" />
  </Results>
  <TestDefinitions>
    <UnitTest name="Profile_GetAccountAllNulls" storage="d:\v2.0\a1\_work\dbded102\bin\release.anycpu\sps.service\ms.vs.services.web.profile.l0.tests\ms.vs.services.web.profile.l0.tests.dll" priority="1" id="a6bfabbf-0d3c-40d4-a1f2-dc8c851b113d">
      <Owners>
        <Owner name="vscsaquisition" />
      </Owners>
      <Execution id="cd1c9223-6869-4a73-a552-529db002241a" />
      <TestMethod codeBase="D:\v2.0\A1\_work\dbded102\bin\Release.AnyCPU\Sps.Service\MS.VS.Services.Web.Profile.L0.Tests\MS.VS.Services.Web.Profile.L0.Tests.dll" adapterTypeName="Microsoft.VisualStudio.TestTools.TestTypes.Unit.UnitTestAdapter" className="Microsoft.VisualStudio.Services.Web.Profile.L0.Tests.ProfileControllerTests" name="Profile_GetAccountAllNulls" />
    </UnitTest>
    <UnitTest name="Profile_GetAccountFirstScenarioNullWithNoAccounts" storage="d:\v2.0\a1\_work\dbded102\bin\release.anycpu\sps.service\ms.vs.services.web.profile.l0.tests\ms.vs.services.web.profile.l0.tests.dll" priority="1" id="938a02e4-7007-741c-63a1-10e80c6a316b">
      <Owners>
        <Owner name="vscsaquisition" />
      </Owners>
      <Execution id="164a297e-61b3-4211-8a4a-41039d251183" />
      <TestMethod codeBase="D:\v2.0\A1\_work\dbded102\bin\Release.AnyCPU\Sps.Service\MS.VS.Services.Web.Profile.L0.Tests\MS.VS.Services.Web.Profile.L0.Tests.dll" adapterTypeName="Microsoft.VisualStudio.TestTools.TestTypes.Unit.UnitTestAdapter" className="Microsoft.VisualStudio.Services.Web.Profile.L0.Tests.ProfileControllerTests" name="Profile_GetAccountFirstScenarioNullWithNoAccounts" />
    </UnitTest>
    <UnitTest name="Profile_GetAccountFirstScenarioNullWithOneAccountAndNoAccountURL" storage="d:\v2.0\a1\_work\dbded102\bin\release.anycpu\sps.service\ms.vs.services.web.profile.l0.tests\ms.vs.services.web.profile.l0.tests.dll" priority="1" id="08569cb5-1d06-b75b-5b2e-a5897f451c36">
      <Owners>
        <Owner name="vscsaquisition" />
      </Owners>
      <Execution id="80e28bf8-1733-46ea-9ce0-4c4986038e62" />
      <TestMethod codeBase="D:\v2.0\A1\_work\dbded102\bin\Release.AnyCPU\Sps.Service\MS.VS.Services.Web.Profile.L0.Tests\MS.VS.Services.Web.Profile.L0.Tests.dll" adapterTypeName="Microsoft.VisualStudio.TestTools.TestTypes.Unit.UnitTestAdapter" className="Microsoft.VisualStudio.Services.Web.Profile.L0.Tests.ProfileControllerTests" name="Profile_GetAccountFirstScenarioNullWithOneAccountAndNoAccountURL" />
    </UnitTest>
    <UnitTest name="Profile_GetAccountFirstScenarioNullWithOneAccount" storage="d:\v2.0\a1\_work\dbded102\bin\release.anycpu\sps.service\ms.vs.services.web.profile.l0.tests\ms.vs.services.web.profile.l0.tests.dll" priority="1" id="d6cf6100-501b-08a5-593e-50e5f053a9c6">
      <Owners>
        <Owner name="vscsaquisition" />
      </Owners>
      <Execution id="e49c9e0b-f961-4f31-84fa-dda47a6dfdc6" />
      <TestMethod codeBase="D:\v2.0\A1\_work\dbded102\bin\Release.AnyCPU\Sps.Service\MS.VS.Services.Web.Profile.L0.Tests\MS.VS.Services.Web.Profile.L0.Tests.dll" adapterTypeName="Microsoft.VisualStudio.TestTools.TestTypes.Unit.UnitTestAdapter" className="Microsoft.VisualStudio.Services.Web.Profile.L0.Tests.ProfileControllerTests" name="Profile_GetAccountFirstScenarioNullWithOneAccount" />
    </UnitTest>
    <UnitTest name="Profile_GetAccountFirstScenarioTestWithOneAccount" storage="d:\v2.0\a1\_work\dbded102\bin\release.anycpu\sps.service\ms.vs.services.web.profile.l0.tests\ms.vs.services.web.profile.l0.tests.dll" priority="1" id="2e3f5ae7-02e7-b7c5-b44f-1fdd515d7fa2">
      <Owners>
        <Owner name="vscsaquisition" />
      </Owners>
      <Execution id="e0021165-9ec2-46aa-886b-3a54f05d159a" />
      <TestMethod codeBase="D:\v2.0\A1\_work\dbded102\bin\Release.AnyCPU\Sps.Service\MS.VS.Services.Web.Profile.L0.Tests\MS.VS.Services.Web.Profile.L0.Tests.dll" adapterTypeName="Microsoft.VisualStudio.TestTools.TestTypes.Unit.UnitTestAdapter" className="Microsoft.VisualStudio.Services.Web.Profile.L0.Tests.ProfileControllerTests" name="Profile_GetAccountFirstScenarioTestWithOneAccount" />
    </UnitTest>
    <UnitTest name="Profile_GetAccountFirstScenarioTestWithMoreThanOneAccount" storage="d:\v2.0\a1\_work\dbded102\bin\release.anycpu\sps.service\ms.vs.services.web.profile.l0.tests\ms.vs.services.web.profile.l0.tests.dll" priority="1" id="74512ae9-5b63-3db8-4614-016c29a9281a">
      <Owners>
        <Owner name="vscsaquisition" />
      </Owners>
      <Execution id="fa108977-0f09-4bf1-bc9e-04faeb547f9c" />
      <TestMethod codeBase="D:\v2.0\A1\_work\dbded102\bin\Release.AnyCPU\Sps.Service\MS.VS.Services.Web.Profile.L0.Tests\MS.VS.Services.Web.Profile.L0.Tests.dll" adapterTypeName="Microsoft.VisualStudio.TestTools.TestTypes.Unit.UnitTestAdapter" className="Microsoft.VisualStudio.Services.Web.Profile.L0.Tests.ProfileControllerTests" name="Profile_GetAccountFirstScenarioTestWithMoreThanOneAccount" />
    </UnitTest>
    <UnitTest name="Profile_IsInExperiment" storage="d:\v2.0\a1\_work\dbded102\bin\release.anycpu\sps.service\ms.vs.services.web.profile.l0.tests\ms.vs.services.web.profile.l0.tests.dll" priority="1" id="8df50f32-58e9-8b53-a14a-8234f730bade">
      <Owners>
        <Owner name="vscsaquisition" />
      </Owners>
      <Execution id="d882cdbc-eb36-4b64-a60b-6a4159573a3d" />
      <TestMethod codeBase="D:\v2.0\A1\_work\dbded102\bin\Release.AnyCPU\Sps.Service\MS.VS.Services.Web.Profile.L0.Tests\MS.VS.Services.Web.Profile.L0.Tests.dll" adapterTypeName="Microsoft.VisualStudio.TestTools.TestTypes.Unit.UnitTestAdapter" className="Microsoft.VisualStudio.Services.Web.Profile.L0.Tests.ProfileControllerTests" name="Profile_IsInExperiment" />
    </UnitTest>
    <UnitTest name="Profile_GetExperienceThreshold_NullOrWhiteSpace" storage="d:\v2.0\a1\_work\dbded102\bin\release.anycpu\sps.service\ms.vs.services.web.profile.l0.tests\ms.vs.services.web.profile.l0.tests.dll" priority="1" id="4829e2d1-75a2-5743-ca39-85dc89a5b751">
      <Owners>
        <Owner name="vscsaquisition" />
      </Owners>
      <Execution id="1e572e31-5754-4739-a48e-4107f4dedb2c" />
      <TestMethod codeBase="D:\v2.0\A1\_work\dbded102\bin\Release.AnyCPU\Sps.Service\MS.VS.Services.Web.Profile.L0.Tests\MS.VS.Services.Web.Profile.L0.Tests.dll" adapterTypeName="Microsoft.VisualStudio.TestTools.TestTypes.Unit.UnitTestAdapter" className="Microsoft.VisualStudio.Services.Web.Profile.L0.Tests.ProfileControllerTests" name="Profile_GetExperienceThreshold_NullOrWhiteSpace" />
    </UnitTest>
    <UnitTest name="Profile_ShowUnifiedView" storage="d:\v2.0\a1\_work\dbded102\bin\release.anycpu\sps.service\ms.vs.services.web.profile.l0.tests\ms.vs.services.web.profile.l0.tests.dll" priority="1" id="2f746586-cb8e-58d0-d107-b07e01c611c3">
      <Owners>
        <Owner name="vscsaquisition" />
      </Owners>
      <Execution id="4530315f-a519-4842-adad-9f0b7709e14f" />
      <TestMethod codeBase="D:\v2.0\A1\_work\dbded102\bin\Release.AnyCPU\Sps.Service\MS.VS.Services.Web.Profile.L0.Tests\MS.VS.Services.Web.Profile.L0.Tests.dll" adapterTypeName="Microsoft.VisualStudio.TestTools.TestTypes.Unit.UnitTestAdapter" className="Microsoft.VisualStudio.Services.Web.Profile.L0.Tests.ProfileControllerTests" name="Profile_ShowUnifiedView" />
    </UnitTest>
    <UnitTest name="Profile_GetProfileViewModel" storage="d:\v2.0\a1\_work\dbded102\bin\release.anycpu\sps.service\ms.vs.services.web.profile.l0.tests\ms.vs.services.web.profile.l0.tests.dll" priority="1" id="3516fa8c-7f15-1d50-6c09-af81c399a97f">
      <Owners>
        <Owner name="vscsaquisition" />
      </Owners>
      <Execution id="9188d142-5526-451e-a532-f833a202c1be" />
      <TestMethod codeBase="D:\v2.0\A1\_work\dbded102\bin\Release.AnyCPU\Sps.Service\MS.VS.Services.Web.Profile.L0.Tests\MS.VS.Services.Web.Profile.L0.Tests.dll" adapterTypeName="Microsoft.VisualStudio.TestTools.TestTypes.Unit.UnitTestAdapter" className="Microsoft.VisualStudio.Services.Web.Profile.L0.Tests.ProfileControllerTests" name="Profile_GetProfileViewModel" />
    </UnitTest>
    <UnitTest name="Profile_GetAccoutViewModel" storage="d:\v2.0\a1\_work\dbded102\bin\release.anycpu\sps.service\ms.vs.services.web.profile.l0.tests\ms.vs.services.web.profile.l0.tests.dll" priority="1" id="2edf46c9-03cc-e497-8ca3-034353964a8c">
      <Owners>
        <Owner name="vscsaquisition" />
      </Owners>
      <Execution id="5c6ceba9-9f3c-45ff-b764-f6c19d209f7a" />
      <TestMethod codeBase="D:\v2.0\A1\_work\dbded102\bin\Release.AnyCPU\Sps.Service\MS.VS.Services.Web.Profile.L0.Tests\MS.VS.Services.Web.Profile.L0.Tests.dll" adapterTypeName="Microsoft.VisualStudio.TestTools.TestTypes.Unit.UnitTestAdapter" className="Microsoft.VisualStudio.Services.Web.Profile.L0.Tests.ProfileControllerTests" name="Profile_GetAccoutViewModel" />
    </UnitTest>
  </TestDefinitions>
  <TestEntries>
    <TestEntry testId="a6bfabbf-0d3c-40d4-a1f2-dc8c851b113d" executionId="cd1c9223-6869-4a73-a552-529db002241a" testListId="8c84fa94-04c1-424b-9868-57a2d4851a1d" />
    <TestEntry testId="938a02e4-7007-741c-63a1-10e80c6a316b" executionId="164a297e-61b3-4211-8a4a-41039d251183" testListId="8c84fa94-04c1-424b-9868-57a2d4851a1d" />
    <TestEntry testId="08569cb5-1d06-b75b-5b2e-a5897f451c36" executionId="80e28bf8-1733-46ea-9ce0-4c4986038e62" testListId="8c84fa94-04c1-424b-9868-57a2d4851a1d" />
    <TestEntry testId="d6cf6100-501b-08a5-593e-50e5f053a9c6" executionId="e49c9e0b-f961-4f31-84fa-dda47a6dfdc6" testListId="8c84fa94-04c1-424b-9868-57a2d4851a1d" />
    <TestEntry testId="2e3f5ae7-02e7-b7c5-b44f-1fdd515d7fa2" executionId="e0021165-9ec2-46aa-886b-3a54f05d159a" testListId="8c84fa94-04c1-424b-9868-57a2d4851a1d" />
    <TestEntry testId="74512ae9-5b63-3db8-4614-016c29a9281a" executionId="fa108977-0f09-4bf1-bc9e-04faeb547f9c" testListId="8c84fa94-04c1-424b-9868-57a2d4851a1d" />
    <TestEntry testId="8df50f32-58e9-8b53-a14a-8234f730bade" executionId="d882cdbc-eb36-4b64-a60b-6a4159573a3d" testListId="8c84fa94-04c1-424b-9868-57a2d4851a1d" />
    <TestEntry testId="4829e2d1-75a2-5743-ca39-85dc89a5b751" executionId="1e572e31-5754-4739-a48e-4107f4dedb2c" testListId="8c84fa94-04c1-424b-9868-57a2d4851a1d" />
    <TestEntry testId="2f746586-cb8e-58d0-d107-b07e01c611c3" executionId="4530315f-a519-4842-adad-9f0b7709e14f" testListId="8c84fa94-04c1-424b-9868-57a2d4851a1d" />
    <TestEntry testId="3516fa8c-7f15-1d50-6c09-af81c399a97f" executionId="9188d142-5526-451e-a532-f833a202c1be" testListId="8c84fa94-04c1-424b-9868-57a2d4851a1d" />
    <TestEntry testId="2edf46c9-03cc-e497-8ca3-034353964a8c" executionId="5c6ceba9-9f3c-45ff-b764-f6c19d209f7a" testListId="8c84fa94-04c1-424b-9868-57a2d4851a1d" />
  </TestEntries>
  <TestLists>
    <TestList name="Results Not in a List" id="8c84fa94-04c1-424b-9868-57a2d4851a1d" />
    <TestList name="All Loaded Results" id="19431567-8539-422a-85d7-44ee4e166bda" />
  </TestLists>
  <ResultSummary outcome="Completed">
    <Counters total="11" executed="11" passed="11" failed="0" error="0" timeout="0" aborted="0" inconclusive="0" passedButRunAborted="0" notRunnable="0" notExecuted="0" disconnected="0" warning="0" completed="0" inProgress="0" pending="0" />
  </ResultSummary>
</TestRun>