<?xml version="1.0" encoding="UTF-8"?>
<TestRun id="0c0eae0e-1a83-4184-8f88-4ba110e78443" name="tfsmladm@TFSBUILD11 2015-09-28 09:43:15" runUser="REDMOND\tfsmladm" xmlns="http://microsoft.com/schemas/VisualStudio/TeamTest/2010">
  <Times creation="2015-09-28T09:43:15.6862824-07:00" queuing="2015-09-28T09:43:15.6862824-07:00" start="2015-09-28T09:43:15.6862824-07:00" finish="2015-09-28T09:43:15.7331604-07:00" />
  <TestSettings name="default" id="9461bbf5-f46e-4f72-8d6e-4576e17c5cca">
    <Execution>
      <TestTypeSpecific />
    </Execution>
    <Deployment runDeploymentRoot="tfsmladm_TFSBUILD11 2015-09-28 09_43_15" />
    <Properties />
  </TestSettings>
  <Results>
    <UnitTestResult executionId="c28975ec-11d7-422f-abe0-66faed1b569c" testId="94f3a23b-7a41-fae8-72d0-dc8783190cf1" testName="NormalizePathNames_NormalizesAnalysisTarget" computerName="TFSBUILD11" duration="00:00:00.1537254" startTime="2015-09-28T09:43:15.4206388-07:00" endTime="2015-09-28T09:43:15.6081518-07:00" testType="13cdc9d9-ddb5-4fa4-a97d-d965ccfc6d4b" outcome="Passed" testListId="8c84fa94-04c1-424b-9868-57a2d4851a1d" relativeResultsDirectory="c28975ec-11d7-422f-abe0-66faed1b569c" />
    <UnitTestResult executionId="8614cca9-de96-487e-9e6b-0ea08338455a" testId="bf6fa612-181c-76a0-abcf-36165c71cef9" testName="NormalizePathNames_NormalizesIssueFile" computerName="TFSBUILD11" duration="00:00:00.0013038" startTime="2015-09-28T09:43:15.6237780-07:00" endTime="2015-09-28T09:43:15.6237780-07:00" testType="13cdc9d9-ddb5-4fa4-a97d-d965ccfc6d4b" outcome="Passed" testListId="8c84fa94-04c1-424b-9868-57a2d4851a1d" relativeResultsDirectory="8614cca9-de96-487e-9e6b-0ea08338455a" />
    <UnitTestResult executionId="305eeac2-3e9a-42ca-9307-10abdf6e2e90" testId="7deb124e-fafa-35f7-6c10-d60632040e65" testName="NormalizePathNames_NormalizesExecutionFlow" computerName="TFSBUILD11" duration="00:00:00.0018389" startTime="2015-09-28T09:43:15.6237780-07:00" endTime="2015-09-28T09:43:15.6237780-07:00" testType="13cdc9d9-ddb5-4fa4-a97d-d965ccfc6d4b" outcome="Passed" testListId="8c84fa94-04c1-424b-9868-57a2d4851a1d" relativeResultsDirectory="305eeac2-3e9a-42ca-9307-10abdf6e2e90" />
    <UnitTestResult executionId="a734cb78-45c4-4bca-abb8-de0354e5f32b" testId="3b6bfff0-d8c9-3a52-9b4c-ec3406df2b9a" testName="NormalizePathNames_NormalizesStack" computerName="TFSBUILD11" duration="00:00:00.0014424" startTime="2015-09-28T09:43:15.6237780-07:00" endTime="2015-09-28T09:43:15.6237780-07:00" testType="13cdc9d9-ddb5-4fa4-a97d-d965ccfc6d4b" outcome="Passed" testListId="8c84fa94-04c1-424b-9868-57a2d4851a1d" relativeResultsDirectory="a734cb78-45c4-4bca-abb8-de0354e5f32b" />
    <UnitTestResult executionId="05769f5b-0883-41b0-b419-9ef15a2edfd6" testId="853bb6b5-73c7-44b2-793d-9347bfc799fe" testName="NormalizePathNames_IsCaseInsensitive" computerName="TFSBUILD11" duration="00:00:00.0010737" startTime="2015-09-28T09:43:15.6237780-07:00" endTime="2015-09-28T09:43:15.6237780-07:00" testType="13cdc9d9-ddb5-4fa4-a97d-d965ccfc6d4b" outcome="Passed" testListId="8c84fa94-04c1-424b-9868-57a2d4851a1d" relativeResultsDirectory="05769f5b-0883-41b0-b419-9ef15a2edfd6" />
    <UnitTestResult executionId="f3d0a382-b402-4ec6-ac69-5961cb0ce7a7" testId="3e5571af-8e10-ac2b-9190-a7a0b2c3a929" testName="NormalizePathNames_IgnoresPathsOutsideOfRoot" computerName="TFSBUILD11" duration="00:00:00.0010478" startTime="2015-09-28T09:43:15.6237780-07:00" endTime="2015-09-28T09:43:15.6394046-07:00" testType="13cdc9d9-ddb5-4fa4-a97d-d965ccfc6d4b" outcome="Passed" testListId="8c84fa94-04c1-424b-9868-57a2d4851a1d" relativeResultsDirectory="f3d0a382-b402-4ec6-ac69-5961cb0ce7a7" />
    <UnitTestResult executionId="6ad2c384-4c8f-49cc-bd1c-727d224b67c2" testId="712cfedf-ec92-eae4-5da1-3f5a8fe775b6" testName="NormalizePathNames_IsNotFooledBySubstrings" computerName="TFSBUILD11" duration="00:00:00.0010791" startTime="2015-09-28T09:43:15.6394046-07:00" endTime="2015-09-28T09:43:15.6394046-07:00" testType="13cdc9d9-ddb5-4fa4-a97d-d965ccfc6d4b" outcome="Passed" testListId="8c84fa94-04c1-424b-9868-57a2d4851a1d" relativeResultsDirectory="6ad2c384-4c8f-49cc-bd1c-727d224b67c2" />
    <UnitTestResult executionId="933cdc30-8eaa-4e05-80a7-ca679c7b171f" testId="ec508c76-db2e-e483-9968-731ed2c312b7" testName="NormalizePathNames_HandlesUriEqualToRootPath" computerName="TFSBUILD11" duration="00:00:00.0010308" startTime="2015-09-28T09:43:15.6394046-07:00" endTime="2015-09-28T09:43:15.6394046-07:00" testType="13cdc9d9-ddb5-4fa4-a97d-d965ccfc6d4b" outcome="Passed" testListId="8c84fa94-04c1-424b-9868-57a2d4851a1d" relativeResultsDirectory="933cdc30-8eaa-4e05-80a7-ca679c7b171f" />
    <UnitTestResult executionId="00e4523a-5f47-46a1-9dcc-1f0d33fcda7a" testId="5996e938-2f31-99a0-e991-0245142168b4" testName="NormalizePathNames_HandlesUriEndingIsSlashEqualToRootPath" computerName="TFSBUILD11" duration="00:00:00.0010538" startTime="2015-09-28T09:43:15.6394046-07:00" endTime="2015-09-28T09:43:15.6394046-07:00" testType="13cdc9d9-ddb5-4fa4-a97d-d965ccfc6d4b" outcome="Passed" testListId="8c84fa94-04c1-424b-9868-57a2d4851a1d" relativeResultsDirectory="00e4523a-5f47-46a1-9dcc-1f0d33fcda7a" />
  </Results>
  <TestDefinitions>
    <UnitTest name="NormalizePathNames_NormalizesAnalysisTarget" storage="d:\v2.0\a1\_work\dbded102\bin\release.anycpu\codeanalysis.tools\uploadissuelog.l0.tests\ms.vs.services.codeanalysis.uploadissuelog.l0.tests.dll" id="94f3a23b-7a41-fae8-72d0-dc8783190cf1">
      <Execution id="c28975ec-11d7-422f-abe0-66faed1b569c" />
      <TestMethod codeBase="D:\v2.0\A1\_work\dbded102\bin\Release.AnyCPU\CodeAnalysis.Tools\UploadIssueLog.L0.Tests\MS.VS.Services.CodeAnalysis.UploadIssueLog.L0.Tests.dll" adapterTypeName="Microsoft.VisualStudio.TestTools.TestTypes.Unit.UnitTestAdapter" className="MS.VS.Services.CodeAnalysis.UploadIssueLog.L0.Tests.UploadIssueLogProgramTests" name="NormalizePathNames_NormalizesAnalysisTarget" />
    </UnitTest>
    <UnitTest name="NormalizePathNames_NormalizesIssueFile" storage="d:\v2.0\a1\_work\dbded102\bin\release.anycpu\codeanalysis.tools\uploadissuelog.l0.tests\ms.vs.services.codeanalysis.uploadissuelog.l0.tests.dll" id="bf6fa612-181c-76a0-abcf-36165c71cef9">
      <Execution id="8614cca9-de96-487e-9e6b-0ea08338455a" />
      <TestMethod codeBase="D:\v2.0\A1\_work\dbded102\bin\Release.AnyCPU\CodeAnalysis.Tools\UploadIssueLog.L0.Tests\MS.VS.Services.CodeAnalysis.UploadIssueLog.L0.Tests.dll" adapterTypeName="Microsoft.VisualStudio.TestTools.TestTypes.Unit.UnitTestAdapter" className="MS.VS.Services.CodeAnalysis.UploadIssueLog.L0.Tests.UploadIssueLogProgramTests" name="NormalizePathNames_NormalizesIssueFile" />
    </UnitTest>
    <UnitTest name="NormalizePathNames_NormalizesExecutionFlow" storage="d:\v2.0\a1\_work\dbded102\bin\release.anycpu\codeanalysis.tools\uploadissuelog.l0.tests\ms.vs.services.codeanalysis.uploadissuelog.l0.tests.dll" id="7deb124e-fafa-35f7-6c10-d60632040e65">
      <Execution id="305eeac2-3e9a-42ca-9307-10abdf6e2e90" />
      <TestMethod codeBase="D:\v2.0\A1\_work\dbded102\bin\Release.AnyCPU\CodeAnalysis.Tools\UploadIssueLog.L0.Tests\MS.VS.Services.CodeAnalysis.UploadIssueLog.L0.Tests.dll" adapterTypeName="Microsoft.VisualStudio.TestTools.TestTypes.Unit.UnitTestAdapter" className="MS.VS.Services.CodeAnalysis.UploadIssueLog.L0.Tests.UploadIssueLogProgramTests" name="NormalizePathNames_NormalizesExecutionFlow" />
    </UnitTest>
    <UnitTest name="NormalizePathNames_NormalizesStack" storage="d:\v2.0\a1\_work\dbded102\bin\release.anycpu\codeanalysis.tools\uploadissuelog.l0.tests\ms.vs.services.codeanalysis.uploadissuelog.l0.tests.dll" id="3b6bfff0-d8c9-3a52-9b4c-ec3406df2b9a">
      <Execution id="a734cb78-45c4-4bca-abb8-de0354e5f32b" />
      <TestMethod codeBase="D:\v2.0\A1\_work\dbded102\bin\Release.AnyCPU\CodeAnalysis.Tools\UploadIssueLog.L0.Tests\MS.VS.Services.CodeAnalysis.UploadIssueLog.L0.Tests.dll" adapterTypeName="Microsoft.VisualStudio.TestTools.TestTypes.Unit.UnitTestAdapter" className="MS.VS.Services.CodeAnalysis.UploadIssueLog.L0.Tests.UploadIssueLogProgramTests" name="NormalizePathNames_NormalizesStack" />
    </UnitTest>
    <UnitTest name="NormalizePathNames_IsCaseInsensitive" storage="d:\v2.0\a1\_work\dbded102\bin\release.anycpu\codeanalysis.tools\uploadissuelog.l0.tests\ms.vs.services.codeanalysis.uploadissuelog.l0.tests.dll" id="853bb6b5-73c7-44b2-793d-9347bfc799fe">
      <Execution id="05769f5b-0883-41b0-b419-9ef15a2edfd6" />
      <TestMethod codeBase="D:\v2.0\A1\_work\dbded102\bin\Release.AnyCPU\CodeAnalysis.Tools\UploadIssueLog.L0.Tests\MS.VS.Services.CodeAnalysis.UploadIssueLog.L0.Tests.dll" adapterTypeName="Microsoft.VisualStudio.TestTools.TestTypes.Unit.UnitTestAdapter" className="MS.VS.Services.CodeAnalysis.UploadIssueLog.L0.Tests.UploadIssueLogProgramTests" name="NormalizePathNames_IsCaseInsensitive" />
    </UnitTest>
    <UnitTest name="NormalizePathNames_IgnoresPathsOutsideOfRoot" storage="d:\v2.0\a1\_work\dbded102\bin\release.anycpu\codeanalysis.tools\uploadissuelog.l0.tests\ms.vs.services.codeanalysis.uploadissuelog.l0.tests.dll" id="3e5571af-8e10-ac2b-9190-a7a0b2c3a929">
      <Execution id="f3d0a382-b402-4ec6-ac69-5961cb0ce7a7" />
      <TestMethod codeBase="D:\v2.0\A1\_work\dbded102\bin\Release.AnyCPU\CodeAnalysis.Tools\UploadIssueLog.L0.Tests\MS.VS.Services.CodeAnalysis.UploadIssueLog.L0.Tests.dll" adapterTypeName="Microsoft.VisualStudio.TestTools.TestTypes.Unit.UnitTestAdapter" className="MS.VS.Services.CodeAnalysis.UploadIssueLog.L0.Tests.UploadIssueLogProgramTests" name="NormalizePathNames_IgnoresPathsOutsideOfRoot" />
    </UnitTest>
    <UnitTest name="NormalizePathNames_IsNotFooledBySubstrings" storage="d:\v2.0\a1\_work\dbded102\bin\release.anycpu\codeanalysis.tools\uploadissuelog.l0.tests\ms.vs.services.codeanalysis.uploadissuelog.l0.tests.dll" id="712cfedf-ec92-eae4-5da1-3f5a8fe775b6">
      <Execution id="6ad2c384-4c8f-49cc-bd1c-727d224b67c2" />
      <TestMethod codeBase="D:\v2.0\A1\_work\dbded102\bin\Release.AnyCPU\CodeAnalysis.Tools\UploadIssueLog.L0.Tests\MS.VS.Services.CodeAnalysis.UploadIssueLog.L0.Tests.dll" adapterTypeName="Microsoft.VisualStudio.TestTools.TestTypes.Unit.UnitTestAdapter" className="MS.VS.Services.CodeAnalysis.UploadIssueLog.L0.Tests.UploadIssueLogProgramTests" name="NormalizePathNames_IsNotFooledBySubstrings" />
    </UnitTest>
    <UnitTest name="NormalizePathNames_HandlesUriEqualToRootPath" storage="d:\v2.0\a1\_work\dbded102\bin\release.anycpu\codeanalysis.tools\uploadissuelog.l0.tests\ms.vs.services.codeanalysis.uploadissuelog.l0.tests.dll" id="ec508c76-db2e-e483-9968-731ed2c312b7">
      <Execution id="933cdc30-8eaa-4e05-80a7-ca679c7b171f" />
      <TestMethod codeBase="D:\v2.0\A1\_work\dbded102\bin\Release.AnyCPU\CodeAnalysis.Tools\UploadIssueLog.L0.Tests\MS.VS.Services.CodeAnalysis.UploadIssueLog.L0.Tests.dll" adapterTypeName="Microsoft.VisualStudio.TestTools.TestTypes.Unit.UnitTestAdapter" className="MS.VS.Services.CodeAnalysis.UploadIssueLog.L0.Tests.UploadIssueLogProgramTests" name="NormalizePathNames_HandlesUriEqualToRootPath" />
    </UnitTest>
    <UnitTest name="NormalizePathNames_HandlesUriEndingIsSlashEqualToRootPath" storage="d:\v2.0\a1\_work\dbded102\bin\release.anycpu\codeanalysis.tools\uploadissuelog.l0.tests\ms.vs.services.codeanalysis.uploadissuelog.l0.tests.dll" id="5996e938-2f31-99a0-e991-0245142168b4">
      <Execution id="00e4523a-5f47-46a1-9dcc-1f0d33fcda7a" />
      <TestMethod codeBase="D:\v2.0\A1\_work\dbded102\bin\Release.AnyCPU\CodeAnalysis.Tools\UploadIssueLog.L0.Tests\MS.VS.Services.CodeAnalysis.UploadIssueLog.L0.Tests.dll" adapterTypeName="Microsoft.VisualStudio.TestTools.TestTypes.Unit.UnitTestAdapter" className="MS.VS.Services.CodeAnalysis.UploadIssueLog.L0.Tests.UploadIssueLogProgramTests" name="NormalizePathNames_HandlesUriEndingIsSlashEqualToRootPath" />
    </UnitTest>
  </TestDefinitions>
  <TestEntries>
    <TestEntry testId="94f3a23b-7a41-fae8-72d0-dc8783190cf1" executionId="c28975ec-11d7-422f-abe0-66faed1b569c" testListId="8c84fa94-04c1-424b-9868-57a2d4851a1d" />
    <TestEntry testId="bf6fa612-181c-76a0-abcf-36165c71cef9" executionId="8614cca9-de96-487e-9e6b-0ea08338455a" testListId="8c84fa94-04c1-424b-9868-57a2d4851a1d" />
    <TestEntry testId="7deb124e-fafa-35f7-6c10-d60632040e65" executionId="305eeac2-3e9a-42ca-9307-10abdf6e2e90" testListId="8c84fa94-04c1-424b-9868-57a2d4851a1d" />
    <TestEntry testId="3b6bfff0-d8c9-3a52-9b4c-ec3406df2b9a" executionId="a734cb78-45c4-4bca-abb8-de0354e5f32b" testListId="8c84fa94-04c1-424b-9868-57a2d4851a1d" />
    <TestEntry testId="853bb6b5-73c7-44b2-793d-9347bfc799fe" executionId="05769f5b-0883-41b0-b419-9ef15a2edfd6" testListId="8c84fa94-04c1-424b-9868-57a2d4851a1d" />
    <TestEntry testId="3e5571af-8e10-ac2b-9190-a7a0b2c3a929" executionId="f3d0a382-b402-4ec6-ac69-5961cb0ce7a7" testListId="8c84fa94-04c1-424b-9868-57a2d4851a1d" />
    <TestEntry testId="712cfedf-ec92-eae4-5da1-3f5a8fe775b6" executionId="6ad2c384-4c8f-49cc-bd1c-727d224b67c2" testListId="8c84fa94-04c1-424b-9868-57a2d4851a1d" />
    <TestEntry testId="ec508c76-db2e-e483-9968-731ed2c312b7" executionId="933cdc30-8eaa-4e05-80a7-ca679c7b171f" testListId="8c84fa94-04c1-424b-9868-57a2d4851a1d" />
    <TestEntry testId="5996e938-2f31-99a0-e991-0245142168b4" executionId="00e4523a-5f47-46a1-9dcc-1f0d33fcda7a" testListId="8c84fa94-04c1-424b-9868-57a2d4851a1d" />
  </TestEntries>
  <TestLists>
    <TestList name="Results Not in a List" id="8c84fa94-04c1-424b-9868-57a2d4851a1d" />
    <TestList name="All Loaded Results" id="19431567-8539-422a-85d7-44ee4e166bda" />
  </TestLists>
  <ResultSummary outcome="Completed">
    <Counters total="9" executed="9" passed="9" failed="0" error="0" timeout="0" aborted="0" inconclusive="0" passedButRunAborted="0" notRunnable="0" notExecuted="0" disconnected="0" warning="0" completed="0" inProgress="0" pending="0" />
  </ResultSummary>
</TestRun>