<?xml version="1.0" encoding="UTF-8"?>
<TestRun id="47640276-1eb3-46cd-abaf-d60c8314c3d2" name="tfsmladm@TFSBUILD11 2015-09-28 09:43:16" runUser="REDMOND\tfsmladm" xmlns="http://microsoft.com/schemas/VisualStudio/TeamTest/2010">
  <Times creation="2015-09-28T09:43:16.5925974-07:00" queuing="2015-09-28T09:43:16.5925974-07:00" start="2015-09-28T09:43:16.5925974-07:00" finish="2015-09-28T09:43:16.6394760-07:00" />
  <TestSettings name="default" id="23169732-2c85-42ec-aad5-739bbe42c062">
    <Execution>
      <TestTypeSpecific />
    </Execution>
    <Deployment runDeploymentRoot="tfsmladm_TFSBUILD11 2015-09-28 09_43_16" />
    <Properties />
  </TestSettings>
  <Results>
    <UnitTestResult executionId="80bc7a80-4398-4ba1-b0a8-2c356005a7d8" testId="f6aa7968-8828-2cf7-ae3e-b4f85d611d23" testName="ShsHtmlConverters_HtmlToMarkdown_ConvertEmpty" computerName="TFSBUILD11" duration="00:00:00.0288884" startTime="2015-09-28T09:43:16.4675885-07:00" endTime="2015-09-28T09:43:16.5144669-07:00" testType="13cdc9d9-ddb5-4fa4-a97d-d965ccfc6d4b" outcome="Passed" testListId="8c84fa94-04c1-424b-9868-57a2d4851a1d" relativeResultsDirectory="80bc7a80-4398-4ba1-b0a8-2c356005a7d8" />
    <UnitTestResult executionId="26e50c04-ec08-47dc-a651-6dd250adfcd0" testId="7b8e1585-5190-dff9-6718-be3ef9652d04" testName="ShsHtmlConverters_HtmlToMarkdown_P_WellFormed" computerName="TFSBUILD11" duration="00:00:00.0175223" startTime="2015-09-28T09:43:16.5300924-07:00" endTime="2015-09-28T09:43:16.5457188-07:00" testType="13cdc9d9-ddb5-4fa4-a97d-d965ccfc6d4b" outcome="Passed" testListId="8c84fa94-04c1-424b-9868-57a2d4851a1d" relativeResultsDirectory="26e50c04-ec08-47dc-a651-6dd250adfcd0" />
    <UnitTestResult executionId="2e03387d-50b7-440a-a32d-f396ccb97e26" testId="a473036f-7446-1b70-a1fb-e597a5a71d79" testName="ShsHtmlConverters_HtmlToMarkdown_P_NotWellFormed" computerName="TFSBUILD11" duration="00:00:00.0001675" startTime="2015-09-28T09:43:16.5457188-07:00" endTime="2015-09-28T09:43:16.5457188-07:00" testType="13cdc9d9-ddb5-4fa4-a97d-d965ccfc6d4b" outcome="Passed" testListId="8c84fa94-04c1-424b-9868-57a2d4851a1d" relativeResultsDirectory="2e03387d-50b7-440a-a32d-f396ccb97e26" />
    <UnitTestResult executionId="0fb242ca-4a45-4801-8fbb-e4ce38f1db45" testId="041c02e6-6fe7-1964-d0ba-9a931c7bf9d2" testName="ShsHtmlConverters_HtmlToMarkdown_UL_WellFormed" computerName="TFSBUILD11" duration="00:00:00.0006314" startTime="2015-09-28T09:43:16.5457188-07:00" endTime="2015-09-28T09:43:16.5457188-07:00" testType="13cdc9d9-ddb5-4fa4-a97d-d965ccfc6d4b" outcome="Passed" testListId="8c84fa94-04c1-424b-9868-57a2d4851a1d" relativeResultsDirectory="0fb242ca-4a45-4801-8fbb-e4ce38f1db45" />
    <UnitTestResult executionId="d77c8b92-ab54-411d-895d-703e12486ed4" testId="eb28bd7b-c30e-b3b5-d004-4b3b7ccb2000" testName="ShsHtmlConverters_HtmlToMarkdown_OL_LI_WellFormed" computerName="TFSBUILD11" duration="00:00:00.0001493" startTime="2015-09-28T09:43:16.5457188-07:00" endTime="2015-09-28T09:43:16.5457188-07:00" testType="13cdc9d9-ddb5-4fa4-a97d-d965ccfc6d4b" outcome="Passed" testListId="8c84fa94-04c1-424b-9868-57a2d4851a1d" relativeResultsDirectory="d77c8b92-ab54-411d-895d-703e12486ed4" />
    <UnitTestResult executionId="c5db9176-6dfb-4e5b-a677-55f4e3f4dbec" testId="177438ef-3201-2858-e154-12722fe3576b" testName="ShsHtmlConverters_HtmlToPlainText_ConvertEmpty" computerName="TFSBUILD11" duration="00:00:00.0042467" startTime="2015-09-28T09:43:16.5457188-07:00" endTime="2015-09-28T09:43:16.5613446-07:00" testType="13cdc9d9-ddb5-4fa4-a97d-d965ccfc6d4b" outcome="Passed" testListId="8c84fa94-04c1-424b-9868-57a2d4851a1d" relativeResultsDirectory="c5db9176-6dfb-4e5b-a677-55f4e3f4dbec" />
    <UnitTestResult executionId="8045d27d-9fe2-4f5b-8615-d3271726cf71" testId="2c286904-a91a-082f-2bd0-7bdc813184e6" testName="ShsHtmlConverters_HtmlToPlainText_P_WellFormed" computerName="TFSBUILD11" duration="00:00:00.0001718" startTime="2015-09-28T09:43:16.5613446-07:00" endTime="2015-09-28T09:43:16.5613446-07:00" testType="13cdc9d9-ddb5-4fa4-a97d-d965ccfc6d4b" outcome="Passed" testListId="8c84fa94-04c1-424b-9868-57a2d4851a1d" relativeResultsDirectory="8045d27d-9fe2-4f5b-8615-d3271726cf71" />
    <UnitTestResult executionId="13169d93-969d-4ecd-8e7c-65611661468e" testId="348b4972-4d15-4aa2-7abf-d28cf1b25151" testName="ShsHtmlConverters_HtmlToPlainText_P_NotWellFormed" computerName="TFSBUILD11" duration="00:00:00.0001490" startTime="2015-09-28T09:43:16.5613446-07:00" endTime="2015-09-28T09:43:16.5613446-07:00" testType="13cdc9d9-ddb5-4fa4-a97d-d965ccfc6d4b" outcome="Passed" testListId="8c84fa94-04c1-424b-9868-57a2d4851a1d" relativeResultsDirectory="13169d93-969d-4ecd-8e7c-65611661468e" />
    <UnitTestResult executionId="138506f5-4767-46e9-a4ba-ff2dbc557229" testId="13505789-2b8c-1352-fe34-e3992c14cffa" testName="ShsHtmlConverters_HtmlToPlainText_UL_LI_NotWellFormed" computerName="TFSBUILD11" duration="00:00:00.0003768" startTime="2015-09-28T09:43:16.5613446-07:00" endTime="2015-09-28T09:43:16.5613446-07:00" testType="13cdc9d9-ddb5-4fa4-a97d-d965ccfc6d4b" outcome="Passed" testListId="8c84fa94-04c1-424b-9868-57a2d4851a1d" relativeResultsDirectory="138506f5-4767-46e9-a4ba-ff2dbc557229" />
    <UnitTestResult executionId="ac229b53-60f6-4fff-9338-f83229057349" testId="0f716277-fe0f-a909-bff5-23156262c763" testName="ShsHtmlConverters_HtmlToPlainText_OL_LI_WellFormed" computerName="TFSBUILD11" duration="00:00:00.0002042" startTime="2015-09-28T09:43:16.5613446-07:00" endTime="2015-09-28T09:43:16.5613446-07:00" testType="13cdc9d9-ddb5-4fa4-a97d-d965ccfc6d4b" outcome="Passed" testListId="8c84fa94-04c1-424b-9868-57a2d4851a1d" relativeResultsDirectory="ac229b53-60f6-4fff-9338-f83229057349" />
  </Results>
  <TestDefinitions>
    <UnitTest name="ShsHtmlConverters_HtmlToMarkdown_ConvertEmpty" storage="d:\v2.0\a1\_work\dbded102\bin\release.anycpu\servicehooks.client\ms.vs.services.servicehooks.webapi.l0.tests\ms.vs.services.servicehooks.webapi.l0.tests.dll" priority="1" id="f6aa7968-8828-2cf7-ae3e-b4f85d611d23">
      <Owners>
        <Owner name="jpresto" />
      </Owners>
      <Execution id="80bc7a80-4398-4ba1-b0a8-2c356005a7d8" />
      <TestMethod codeBase="D:\v2.0\A1\_work\dbded102\bin\Release.AnyCPU\ServiceHooks.Client\MS.VS.Services.ServiceHooks.WebApi.L0.Tests\MS.VS.Services.ServiceHooks.WebApi.L0.Tests.dll" adapterTypeName="Microsoft.VisualStudio.TestTools.TestTypes.Unit.UnitTestAdapter" className="MS.VS.Services.ServiceHooks.WebApi.L0.Tests.Helpers.MarkdownMessageUtilityTests" name="ShsHtmlConverters_HtmlToMarkdown_ConvertEmpty" />
    </UnitTest>
    <UnitTest name="ShsHtmlConverters_HtmlToMarkdown_P_WellFormed" storage="d:\v2.0\a1\_work\dbded102\bin\release.anycpu\servicehooks.client\ms.vs.services.servicehooks.webapi.l0.tests\ms.vs.services.servicehooks.webapi.l0.tests.dll" priority="1" id="7b8e1585-5190-dff9-6718-be3ef9652d04">
      <Owners>
        <Owner name="jpresto" />
      </Owners>
      <Execution id="26e50c04-ec08-47dc-a651-6dd250adfcd0" />
      <TestMethod codeBase="D:\v2.0\A1\_work\dbded102\bin\Release.AnyCPU\ServiceHooks.Client\MS.VS.Services.ServiceHooks.WebApi.L0.Tests\MS.VS.Services.ServiceHooks.WebApi.L0.Tests.dll" adapterTypeName="Microsoft.VisualStudio.TestTools.TestTypes.Unit.UnitTestAdapter" className="MS.VS.Services.ServiceHooks.WebApi.L0.Tests.Helpers.MarkdownMessageUtilityTests" name="ShsHtmlConverters_HtmlToMarkdown_P_WellFormed" />
    </UnitTest>
    <UnitTest name="ShsHtmlConverters_HtmlToMarkdown_P_NotWellFormed" storage="d:\v2.0\a1\_work\dbded102\bin\release.anycpu\servicehooks.client\ms.vs.services.servicehooks.webapi.l0.tests\ms.vs.services.servicehooks.webapi.l0.tests.dll" priority="1" id="a473036f-7446-1b70-a1fb-e597a5a71d79">
      <Owners>
        <Owner name="jpresto" />
      </Owners>
      <Execution id="2e03387d-50b7-440a-a32d-f396ccb97e26" />
      <TestMethod codeBase="D:\v2.0\A1\_work\dbded102\bin\Release.AnyCPU\ServiceHooks.Client\MS.VS.Services.ServiceHooks.WebApi.L0.Tests\MS.VS.Services.ServiceHooks.WebApi.L0.Tests.dll" adapterTypeName="Microsoft.VisualStudio.TestTools.TestTypes.Unit.UnitTestAdapter" className="MS.VS.Services.ServiceHooks.WebApi.L0.Tests.Helpers.MarkdownMessageUtilityTests" name="ShsHtmlConverters_HtmlToMarkdown_P_NotWellFormed" />
    </UnitTest>
    <UnitTest name="ShsHtmlConverters_HtmlToMarkdown_UL_WellFormed" storage="d:\v2.0\a1\_work\dbded102\bin\release.anycpu\servicehooks.client\ms.vs.services.servicehooks.webapi.l0.tests\ms.vs.services.servicehooks.webapi.l0.tests.dll" priority="1" id="041c02e6-6fe7-1964-d0ba-9a931c7bf9d2">
      <Owners>
        <Owner name="jpresto" />
      </Owners>
      <Execution id="0fb242ca-4a45-4801-8fbb-e4ce38f1db45" />
      <TestMethod codeBase="D:\v2.0\A1\_work\dbded102\bin\Release.AnyCPU\ServiceHooks.Client\MS.VS.Services.ServiceHooks.WebApi.L0.Tests\MS.VS.Services.ServiceHooks.WebApi.L0.Tests.dll" adapterTypeName="Microsoft.VisualStudio.TestTools.TestTypes.Unit.UnitTestAdapter" className="MS.VS.Services.ServiceHooks.WebApi.L0.Tests.Helpers.MarkdownMessageUtilityTests" name="ShsHtmlConverters_HtmlToMarkdown_UL_WellFormed" />
    </UnitTest>
    <UnitTest name="ShsHtmlConverters_HtmlToMarkdown_OL_LI_WellFormed" storage="d:\v2.0\a1\_work\dbded102\bin\release.anycpu\servicehooks.client\ms.vs.services.servicehooks.webapi.l0.tests\ms.vs.services.servicehooks.webapi.l0.tests.dll" priority="1" id="eb28bd7b-c30e-b3b5-d004-4b3b7ccb2000">
      <Owners>
        <Owner name="jpresto" />
      </Owners>
      <Execution id="d77c8b92-ab54-411d-895d-703e12486ed4" />
      <TestMethod codeBase="D:\v2.0\A1\_work\dbded102\bin\Release.AnyCPU\ServiceHooks.Client\MS.VS.Services.ServiceHooks.WebApi.L0.Tests\MS.VS.Services.ServiceHooks.WebApi.L0.Tests.dll" adapterTypeName="Microsoft.VisualStudio.TestTools.TestTypes.Unit.UnitTestAdapter" className="MS.VS.Services.ServiceHooks.WebApi.L0.Tests.Helpers.MarkdownMessageUtilityTests" name="ShsHtmlConverters_HtmlToMarkdown_OL_LI_WellFormed" />
    </UnitTest>
    <UnitTest name="ShsHtmlConverters_HtmlToPlainText_ConvertEmpty" storage="d:\v2.0\a1\_work\dbded102\bin\release.anycpu\servicehooks.client\ms.vs.services.servicehooks.webapi.l0.tests\ms.vs.services.servicehooks.webapi.l0.tests.dll" priority="1" id="177438ef-3201-2858-e154-12722fe3576b">
      <Owners>
        <Owner name="jpresto" />
      </Owners>
      <Execution id="c5db9176-6dfb-4e5b-a677-55f4e3f4dbec" />
      <TestMethod codeBase="D:\v2.0\A1\_work\dbded102\bin\Release.AnyCPU\ServiceHooks.Client\MS.VS.Services.ServiceHooks.WebApi.L0.Tests\MS.VS.Services.ServiceHooks.WebApi.L0.Tests.dll" adapterTypeName="Microsoft.VisualStudio.TestTools.TestTypes.Unit.UnitTestAdapter" className="MS.VS.Services.ServiceHooks.WebApi.L0.Tests.Helpers.PlainTextMessageUtilityTests" name="ShsHtmlConverters_HtmlToPlainText_ConvertEmpty" />
    </UnitTest>
    <UnitTest name="ShsHtmlConverters_HtmlToPlainText_P_WellFormed" storage="d:\v2.0\a1\_work\dbded102\bin\release.anycpu\servicehooks.client\ms.vs.services.servicehooks.webapi.l0.tests\ms.vs.services.servicehooks.webapi.l0.tests.dll" priority="1" id="2c286904-a91a-082f-2bd0-7bdc813184e6">
      <Owners>
        <Owner name="jpresto" />
      </Owners>
      <Execution id="8045d27d-9fe2-4f5b-8615-d3271726cf71" />
      <TestMethod codeBase="D:\v2.0\A1\_work\dbded102\bin\Release.AnyCPU\ServiceHooks.Client\MS.VS.Services.ServiceHooks.WebApi.L0.Tests\MS.VS.Services.ServiceHooks.WebApi.L0.Tests.dll" adapterTypeName="Microsoft.VisualStudio.TestTools.TestTypes.Unit.UnitTestAdapter" className="MS.VS.Services.ServiceHooks.WebApi.L0.Tests.Helpers.PlainTextMessageUtilityTests" name="ShsHtmlConverters_HtmlToPlainText_P_WellFormed" />
    </UnitTest>
    <UnitTest name="ShsHtmlConverters_HtmlToPlainText_P_NotWellFormed" storage="d:\v2.0\a1\_work\dbded102\bin\release.anycpu\servicehooks.client\ms.vs.services.servicehooks.webapi.l0.tests\ms.vs.services.servicehooks.webapi.l0.tests.dll" priority="1" id="348b4972-4d15-4aa2-7abf-d28cf1b25151">
      <Owners>
        <Owner name="jpresto" />
      </Owners>
      <Execution id="13169d93-969d-4ecd-8e7c-65611661468e" />
      <TestMethod codeBase="D:\v2.0\A1\_work\dbded102\bin\Release.AnyCPU\ServiceHooks.Client\MS.VS.Services.ServiceHooks.WebApi.L0.Tests\MS.VS.Services.ServiceHooks.WebApi.L0.Tests.dll" adapterTypeName="Microsoft.VisualStudio.TestTools.TestTypes.Unit.UnitTestAdapter" className="MS.VS.Services.ServiceHooks.WebApi.L0.Tests.Helpers.PlainTextMessageUtilityTests" name="ShsHtmlConverters_HtmlToPlainText_P_NotWellFormed" />
    </UnitTest>
    <UnitTest name="ShsHtmlConverters_HtmlToPlainText_UL_LI_NotWellFormed" storage="d:\v2.0\a1\_work\dbded102\bin\release.anycpu\servicehooks.client\ms.vs.services.servicehooks.webapi.l0.tests\ms.vs.services.servicehooks.webapi.l0.tests.dll" priority="1" id="13505789-2b8c-1352-fe34-e3992c14cffa">
      <Owners>
        <Owner name="jpresto" />
      </Owners>
      <Execution id="138506f5-4767-46e9-a4ba-ff2dbc557229" />
      <TestMethod codeBase="D:\v2.0\A1\_work\dbded102\bin\Release.AnyCPU\ServiceHooks.Client\MS.VS.Services.ServiceHooks.WebApi.L0.Tests\MS.VS.Services.ServiceHooks.WebApi.L0.Tests.dll" adapterTypeName="Microsoft.VisualStudio.TestTools.TestTypes.Unit.UnitTestAdapter" className="MS.VS.Services.ServiceHooks.WebApi.L0.Tests.Helpers.PlainTextMessageUtilityTests" name="ShsHtmlConverters_HtmlToPlainText_UL_LI_NotWellFormed" />
    </UnitTest>
    <UnitTest name="ShsHtmlConverters_HtmlToPlainText_OL_LI_WellFormed" storage="d:\v2.0\a1\_work\dbded102\bin\release.anycpu\servicehooks.client\ms.vs.services.servicehooks.webapi.l0.tests\ms.vs.services.servicehooks.webapi.l0.tests.dll" priority="1" id="0f716277-fe0f-a909-bff5-23156262c763">
      <Owners>
        <Owner name="jpresto" />
      </Owners>
      <Execution id="ac229b53-60f6-4fff-9338-f83229057349" />
      <TestMethod codeBase="D:\v2.0\A1\_work\dbded102\bin\Release.AnyCPU\ServiceHooks.Client\MS.VS.Services.ServiceHooks.WebApi.L0.Tests\MS.VS.Services.ServiceHooks.WebApi.L0.Tests.dll" adapterTypeName="Microsoft.VisualStudio.TestTools.TestTypes.Unit.UnitTestAdapter" className="MS.VS.Services.ServiceHooks.WebApi.L0.Tests.Helpers.PlainTextMessageUtilityTests" name="ShsHtmlConverters_HtmlToPlainText_OL_LI_WellFormed" />
    </UnitTest>
  </TestDefinitions>
  <TestEntries>
    <TestEntry testId="f6aa7968-8828-2cf7-ae3e-b4f85d611d23" executionId="80bc7a80-4398-4ba1-b0a8-2c356005a7d8" testListId="8c84fa94-04c1-424b-9868-57a2d4851a1d" />
    <TestEntry testId="7b8e1585-5190-dff9-6718-be3ef9652d04" executionId="26e50c04-ec08-47dc-a651-6dd250adfcd0" testListId="8c84fa94-04c1-424b-9868-57a2d4851a1d" />
    <TestEntry testId="a473036f-7446-1b70-a1fb-e597a5a71d79" executionId="2e03387d-50b7-440a-a32d-f396ccb97e26" testListId="8c84fa94-04c1-424b-9868-57a2d4851a1d" />
    <TestEntry testId="041c02e6-6fe7-1964-d0ba-9a931c7bf9d2" executionId="0fb242ca-4a45-4801-8fbb-e4ce38f1db45" testListId="8c84fa94-04c1-424b-9868-57a2d4851a1d" />
    <TestEntry testId="eb28bd7b-c30e-b3b5-d004-4b3b7ccb2000" executionId="d77c8b92-ab54-411d-895d-703e12486ed4" testListId="8c84fa94-04c1-424b-9868-57a2d4851a1d" />
    <TestEntry testId="177438ef-3201-2858-e154-12722fe3576b" executionId="c5db9176-6dfb-4e5b-a677-55f4e3f4dbec" testListId="8c84fa94-04c1-424b-9868-57a2d4851a1d" />
    <TestEntry testId="2c286904-a91a-082f-2bd0-7bdc813184e6" executionId="8045d27d-9fe2-4f5b-8615-d3271726cf71" testListId="8c84fa94-04c1-424b-9868-57a2d4851a1d" />
    <TestEntry testId="348b4972-4d15-4aa2-7abf-d28cf1b25151" executionId="13169d93-969d-4ecd-8e7c-65611661468e" testListId="8c84fa94-04c1-424b-9868-57a2d4851a1d" />
    <TestEntry testId="13505789-2b8c-1352-fe34-e3992c14cffa" executionId="138506f5-4767-46e9-a4ba-ff2dbc557229" testListId="8c84fa94-04c1-424b-9868-57a2d4851a1d" />
    <TestEntry testId="0f716277-fe0f-a909-bff5-23156262c763" executionId="ac229b53-60f6-4fff-9338-f83229057349" testListId="8c84fa94-04c1-424b-9868-57a2d4851a1d" />
  </TestEntries>
  <TestLists>
    <TestList name="Results Not in a List" id="8c84fa94-04c1-424b-9868-57a2d4851a1d" />
    <TestList name="All Loaded Results" id="19431567-8539-422a-85d7-44ee4e166bda" />
  </TestLists>
  <ResultSummary outcome="Completed">
    <Counters total="10" executed="10" passed="10" failed="0" error="0" timeout="0" aborted="0" inconclusive="0" passedButRunAborted="0" notRunnable="0" notExecuted="0" disconnected="0" warning="0" completed="0" inProgress="0" pending="0" />
  </ResultSummary>
</TestRun>