<?xml version="1.0" encoding="UTF-8"?>
<TestRun id="86555773-10cc-4166-93af-8a5de6dcac95" name="tfsmladm@TFSBUILD11 2015-09-28 09:45:50" runUser="REDMOND\tfsmladm" xmlns="http://microsoft.com/schemas/VisualStudio/TeamTest/2010">
  <Times creation="2015-09-28T09:45:50.9933891-07:00" queuing="2015-09-28T09:45:50.9933891-07:00" start="2015-09-28T09:45:51.0003907-07:00" finish="2015-09-28T09:45:53.2702360-07:00" />
  <TestSettings name="default" id="04113835-98e3-47ea-8db9-32bf3752f5e9">
    <Execution>
      <TestTypeSpecific />
    </Execution>
    <Deployment runDeploymentRoot="tfsmladm_TFSBUILD11 2015-09-28 09_45_50" />
    <Properties />
  </TestSettings>
  <Results>
    <UnitTestResult executionId="0e8031de-c507-429c-8c88-0eb8cd5ee140" testId="8f8eb8ff-6e6d-4648-bb1e-8de4ae370971" testName="TFSTests.MyWork.Widget.ProjectAndTeams GetAllProjectsMakesAjaxCall" computerName="TFSBUILD11" duration="00:00:00.0310000" startTime="2015-09-28T09:45:51.0409054-07:00" endTime="2015-09-28T09:45:51.0409054-07:00" testType="13cdc9d9-ddb5-4fa4-a97d-d965ccfc6d4b" outcome="Passed" testListId="8c84fa94-04c1-424b-9868-57a2d4851a1d" relativeResultsDirectory="0e8031de-c507-429c-8c88-0eb8cd5ee140" />
    <UnitTestResult executionId="9875bd12-55cf-4d0a-8ee8-21e8794335c9" testId="944f73d5-9e18-4aa8-b6de-fa5e5ec3fba6" testName="TFSTests.MyWork.Widget.Wit.WitManager ThrowsWhenTfsContextIsNull" computerName="TFSBUILD11" duration="00:00:00.0150000" startTime="2015-09-28T09:45:51.0523013-07:00" endTime="2015-09-28T09:45:51.0523013-07:00" testType="13cdc9d9-ddb5-4fa4-a97d-d965ccfc6d4b" outcome="Passed" testListId="8c84fa94-04c1-424b-9868-57a2d4851a1d" relativeResultsDirectory="9875bd12-55cf-4d0a-8ee8-21e8794335c9" />
    <UnitTestResult executionId="5b705d5e-ef1a-4038-905a-349e5aaf8fc0" testId="82fe08b0-df2b-494f-a4c5-17df38f2088e" testName="TFSTests.MyWork.Widget.Wit.WitManager GetWorkItemsCount_should_return_0_when_workitems_and_relations_are_not_defined" computerName="TFSBUILD11" duration="00:00:00.0200000" startTime="2015-09-28T09:45:51.0532869-07:00" endTime="2015-09-28T09:45:51.0532869-07:00" testType="13cdc9d9-ddb5-4fa4-a97d-d965ccfc6d4b" outcome="Passed" testListId="8c84fa94-04c1-424b-9868-57a2d4851a1d" relativeResultsDirectory="5b705d5e-ef1a-4038-905a-349e5aaf8fc0" />
    <UnitTestResult executionId="33b8504d-bff1-4fd0-9495-20aea9f08ff0" testId="5953826e-ad95-40cd-bed9-3d91769bb5aa" testName="TFSTests.MyWork.Widget.Wit.WitManager GetWorkItemsCount_should_return_0_when_workitems_and_relations_length_are_not_defined" computerName="TFSBUILD11" duration="00:00:00.0150000" startTime="2015-09-28T09:45:51.0532869-07:00" endTime="2015-09-28T09:45:51.0532869-07:00" testType="13cdc9d9-ddb5-4fa4-a97d-d965ccfc6d4b" outcome="Passed" testListId="8c84fa94-04c1-424b-9868-57a2d4851a1d" relativeResultsDirectory="33b8504d-bff1-4fd0-9495-20aea9f08ff0" />
    <UnitTestResult executionId="8af203e2-8ad5-48e4-ac8e-ea993507b3ef" testId="25820008-73ea-48fd-8827-2c6044ed3bb3" testName="TFSTests.MyWork.Widget.Wit.WitManager GetWorkItemsCount_should_return_workitems_length" computerName="TFSBUILD11" duration="00:00:00.0140000" startTime="2015-09-28T09:45:51.0532869-07:00" endTime="2015-09-28T09:45:51.0532869-07:00" testType="13cdc9d9-ddb5-4fa4-a97d-d965ccfc6d4b" outcome="Passed" testListId="8c84fa94-04c1-424b-9868-57a2d4851a1d" relativeResultsDirectory="8af203e2-8ad5-48e4-ac8e-ea993507b3ef" />
    <UnitTestResult executionId="9374e6d9-8b9b-4c93-a845-7f51445e9789" testId="89d1de7c-bee3-4fd8-aaa2-2bfa5a7acdde" testName="TFSTests.MyWork.Widget.Wit.WitManager GetWorkItemsCount_should_return_workitem_relations_length" computerName="TFSBUILD11" duration="00:00:00.0150000" startTime="2015-09-28T09:45:51.0532869-07:00" endTime="2015-09-28T09:45:51.0532869-07:00" testType="13cdc9d9-ddb5-4fa4-a97d-d965ccfc6d4b" outcome="Passed" testListId="8c84fa94-04c1-424b-9868-57a2d4851a1d" relativeResultsDirectory="9374e6d9-8b9b-4c93-a845-7f51445e9789" />
    <UnitTestResult executionId="484b8b03-3345-45fe-a4e8-e19aefae8670" testId="a46b6914-77ec-46aa-842b-5053488678f4" testName="TFSTests.MyWork.Widget.Wit.WitManager GetWorkItemsCount_should_return_workitem_length_even_when_work_item_relations_length_is_provided" computerName="TFSBUILD11" duration="00:00:00.0150000" startTime="2015-09-28T09:45:51.0532869-07:00" endTime="2015-09-28T09:45:51.0532869-07:00" testType="13cdc9d9-ddb5-4fa4-a97d-d965ccfc6d4b" outcome="Passed" testListId="8c84fa94-04c1-424b-9868-57a2d4851a1d" relativeResultsDirectory="484b8b03-3345-45fe-a4e8-e19aefae8670" />
    <UnitTestResult executionId="53a75e42-443e-4f93-b32e-cbdfd16b13c9" testId="6c6718ee-c92f-490c-8b9c-4ba2ee4960a1" testName="TFSTests.MyWork.Widget.Wit.WitManager GetWorkItemsCount_should_return_workitem_length_even_when_work_item_relations_length_is_provided" computerName="TFSBUILD11" duration="00:00:00.0160000" startTime="2015-09-28T09:45:51.0532869-07:00" endTime="2015-09-28T09:45:51.0532869-07:00" testType="13cdc9d9-ddb5-4fa4-a97d-d965ccfc6d4b" outcome="Passed" testListId="8c84fa94-04c1-424b-9868-57a2d4851a1d" relativeResultsDirectory="53a75e42-443e-4f93-b32e-cbdfd16b13c9" />
    <UnitTestResult executionId="64d22581-229b-43e0-bd5c-360129b8e7c2" testId="7da8b181-8273-428e-8e4a-91a6c6a5e55c" testName="TFSTests.MyWork.Widget.Wit.WitManager GetWorkItemsCount_should_reject_promise_when_wit_http_call_to_get_query_fails" computerName="TFSBUILD11" duration="00:00:00.0150000" startTime="2015-09-28T09:45:51.0532869-07:00" endTime="2015-09-28T09:45:51.0532869-07:00" testType="13cdc9d9-ddb5-4fa4-a97d-d965ccfc6d4b" outcome="Passed" testListId="8c84fa94-04c1-424b-9868-57a2d4851a1d" relativeResultsDirectory="64d22581-229b-43e0-bd5c-360129b8e7c2" />
    <UnitTestResult executionId="9f2fe08d-5e5b-4849-befb-6495272ecbd1" testId="90f9cb5b-e6b6-4c97-adb3-225f6d7a8070" testName="TFSTests.MyWork.Widget.PullRequest ThrowsWhenTfsContextIsNull" computerName="TFSBUILD11" duration="00:00:00.0140000" startTime="2015-09-28T09:45:51.1180284-07:00" endTime="2015-09-28T09:45:51.1180284-07:00" testType="13cdc9d9-ddb5-4fa4-a97d-d965ccfc6d4b" outcome="Passed" testListId="8c84fa94-04c1-424b-9868-57a2d4851a1d" relativeResultsDirectory="9f2fe08d-5e5b-4849-befb-6495272ecbd1" />
    <UnitTestResult executionId="d978d536-f64d-47d4-ba3b-779dfb00a070" testId="4e236620-bf62-4084-b3d1-6d23ac4bdb2a" testName="TFSTests.MyWork.Widget.PullRequest PullRequestIfAccountContextSetsTfsContextToDefaultCollection" computerName="TFSBUILD11" duration="00:00:00.0200000" startTime="2015-09-28T09:45:51.1180284-07:00" endTime="2015-09-28T09:45:51.1180284-07:00" testType="13cdc9d9-ddb5-4fa4-a97d-d965ccfc6d4b" outcome="Passed" testListId="8c84fa94-04c1-424b-9868-57a2d4851a1d" relativeResultsDirectory="d978d536-f64d-47d4-ba3b-779dfb00a070" />
    <UnitTestResult executionId="d133b914-d5de-4900-b4ec-29d923bcd0ee" testId="03cc4025-cdf8-4c29-89f6-023bd08e4839" testName="TFSTests.MyWork.Widget.PullRequest GetPullRequestsWithNoActivePullRequest" computerName="TFSBUILD11" duration="00:00:00.0170000" startTime="2015-09-28T09:45:51.1180284-07:00" endTime="2015-09-28T09:45:51.1180284-07:00" testType="13cdc9d9-ddb5-4fa4-a97d-d965ccfc6d4b" outcome="Passed" testListId="8c84fa94-04c1-424b-9868-57a2d4851a1d" relativeResultsDirectory="d133b914-d5de-4900-b4ec-29d923bcd0ee" />
    <UnitTestResult executionId="4d98ec99-447f-4dda-8cd4-02a150fe31be" testId="b41e40aa-2259-49a8-a24b-7b8d855a91e1" testName="TFSTests.MyWork.Widget.PullRequest GetPullRequestsWithOneActivePullRequestBySamePerson" computerName="TFSBUILD11" duration="00:00:00.0190000" startTime="2015-09-28T09:45:51.1180284-07:00" endTime="2015-09-28T09:45:51.1180284-07:00" testType="13cdc9d9-ddb5-4fa4-a97d-d965ccfc6d4b" outcome="Passed" testListId="8c84fa94-04c1-424b-9868-57a2d4851a1d" relativeResultsDirectory="4d98ec99-447f-4dda-8cd4-02a150fe31be" />
    <UnitTestResult executionId="c011e8ed-a67a-4892-9e14-a37eb56871f1" testId="84c4759c-a2e3-4d51-a5bd-b28212fc79e6" testName="TFSTests.MyWork.Widget.PullRequest GetPullRequestsWithOneActivePullRequestWithTotalCheck" computerName="TFSBUILD11" duration="00:00:00.0160000" startTime="2015-09-28T09:45:51.1180284-07:00" endTime="2015-09-28T09:45:51.1180284-07:00" testType="13cdc9d9-ddb5-4fa4-a97d-d965ccfc6d4b" outcome="Passed" testListId="8c84fa94-04c1-424b-9868-57a2d4851a1d" relativeResultsDirectory="c011e8ed-a67a-4892-9e14-a37eb56871f1" />
    <UnitTestResult executionId="f8a8a66e-91e0-46f3-861d-5b4602f04310" testId="16b5fb54-49f7-44d0-af58-f579502337fa" testName="TFSTests.MyWork.Widget.PullRequest GetPullRequestsWithOneActivePullRequestByOneReviewer" computerName="TFSBUILD11" duration="00:00:00.0150000" startTime="2015-09-28T09:45:51.1180284-07:00" endTime="2015-09-28T09:45:51.1180284-07:00" testType="13cdc9d9-ddb5-4fa4-a97d-d965ccfc6d4b" outcome="Passed" testListId="8c84fa94-04c1-424b-9868-57a2d4851a1d" relativeResultsDirectory="f8a8a66e-91e0-46f3-861d-5b4602f04310" />
    <UnitTestResult executionId="f0156723-73fb-4457-aa3f-a838d486f683" testId="0b9aa3f8-b037-461c-8c0f-1810a0ebbe30" testName="TFSTests.MyWork.Widget.PullRequest GetPullRequestsWithMultiplePullRequests" computerName="TFSBUILD11" duration="00:00:00.0170000" startTime="2015-09-28T09:45:51.1180284-07:00" endTime="2015-09-28T09:45:51.1180284-07:00" testType="13cdc9d9-ddb5-4fa4-a97d-d965ccfc6d4b" outcome="Passed" testListId="8c84fa94-04c1-424b-9868-57a2d4851a1d" relativeResultsDirectory="f0156723-73fb-4457-aa3f-a838d486f683" />
    <UnitTestResult executionId="4eb40d74-1348-4fdd-a434-31a2791741c2" testId="f0e84e09-6f48-4b7b-bd48-de1f3932eddf" testName="TFSTests.MyWork.Widget.PullRequest GetPullRequestsWithOnlyOneQueryType" computerName="TFSBUILD11" duration="00:00:00.0160000" startTime="2015-09-28T09:45:51.1190268-07:00" endTime="2015-09-28T09:45:51.1180284-07:00" testType="13cdc9d9-ddb5-4fa4-a97d-d965ccfc6d4b" outcome="Passed" testListId="8c84fa94-04c1-424b-9868-57a2d4851a1d" relativeResultsDirectory="4eb40d74-1348-4fdd-a434-31a2791741c2" />
    <UnitTestResult executionId="47989215-2834-40fb-b9d4-7b15c3b20667" testId="0604f90f-8b6e-4e25-81d3-ea897b1b781e" testName="TFSTests.MyWork.Widget.PullRequest GetPullRequestsWithCountOverThreshold" computerName="TFSBUILD11" duration="00:00:00.0360000" startTime="2015-09-28T09:45:51.1190268-07:00" endTime="2015-09-28T09:45:51.1190268-07:00" testType="13cdc9d9-ddb5-4fa4-a97d-d965ccfc6d4b" outcome="Passed" testListId="8c84fa94-04c1-424b-9868-57a2d4851a1d" relativeResultsDirectory="47989215-2834-40fb-b9d4-7b15c3b20667" />
    <UnitTestResult executionId="a199756b-25b4-497e-8703-07fe121f205f" testId="f9250b52-daae-4b4a-8c48-d78826dda29c" testName="TFSTests.MyWork.Widget.PullRequest PullRequestsGetMinimalVoteStatus" computerName="TFSBUILD11" duration="00:00:00.0150000" startTime="2015-09-28T09:45:51.2829450-07:00" endTime="2015-09-28T09:45:51.2829450-07:00" testType="13cdc9d9-ddb5-4fa4-a97d-d965ccfc6d4b" outcome="Passed" testListId="8c84fa94-04c1-424b-9868-57a2d4851a1d" relativeResultsDirectory="a199756b-25b4-497e-8703-07fe121f205f" />
    <UnitTestResult executionId="a74794c6-75fa-4613-a383-0df1639b7d52" testId="c2b1b745-6782-4a2e-944f-593612f29006" testName="TFSTests.MyWork.Widget.Build ThrowsWhenTfsContextIsNull" computerName="TFSBUILD11" duration="00:00:00.0140000" startTime="2015-09-28T09:45:51.2829450-07:00" endTime="2015-09-28T09:45:51.2829450-07:00" testType="13cdc9d9-ddb5-4fa4-a97d-d965ccfc6d4b" outcome="Passed" testListId="8c84fa94-04c1-424b-9868-57a2d4851a1d" relativeResultsDirectory="a74794c6-75fa-4613-a383-0df1639b7d52" />
    <UnitTestResult executionId="88b840ca-493b-4f4f-8744-0473cfe81aef" testId="e0e21784-8eac-4ee0-81b5-359d45d3c273" testName="TFSTests.MyWork.Widget.Build getProjectTfsContext" computerName="TFSBUILD11" duration="00:00:00.0160000" startTime="2015-09-28T09:45:51.2839454-07:00" endTime="2015-09-28T09:45:51.2839454-07:00" testType="13cdc9d9-ddb5-4fa4-a97d-d965ccfc6d4b" outcome="Passed" testListId="8c84fa94-04c1-424b-9868-57a2d4851a1d" relativeResultsDirectory="88b840ca-493b-4f4f-8744-0473cfe81aef" />
    <UnitTestResult executionId="44bd4562-1522-4c4c-9d7a-048b9775ecc6" testId="1d1f8b3d-f49a-4edb-9b40-148bf2f18a6b" testName="TFSTests.MyWork.Widget.Build beginGetFavoriteBuildsHasNoBuildDefinition" computerName="TFSBUILD11" duration="00:00:00.0160000" startTime="2015-09-28T09:45:51.2839454-07:00" endTime="2015-09-28T09:45:51.2839454-07:00" testType="13cdc9d9-ddb5-4fa4-a97d-d965ccfc6d4b" outcome="Passed" testListId="8c84fa94-04c1-424b-9868-57a2d4851a1d" relativeResultsDirectory="44bd4562-1522-4c4c-9d7a-048b9775ecc6" />
    <UnitTestResult executionId="a4422112-2e92-4e35-9839-6d7466d719d2" testId="47e7bf41-f565-4458-9cf1-7e48fc8c6bdb" testName="TFSTests.MyWork.Widget.Build beginGetFavoriteBuildsHasBuildDefinition" computerName="TFSBUILD11" duration="00:00:00.0180000" startTime="2015-09-28T09:45:51.2839454-07:00" endTime="2015-09-28T09:45:51.2839454-07:00" testType="13cdc9d9-ddb5-4fa4-a97d-d965ccfc6d4b" outcome="Passed" testListId="8c84fa94-04c1-424b-9868-57a2d4851a1d" relativeResultsDirectory="a4422112-2e92-4e35-9839-6d7466d719d2" />
    <UnitTestResult executionId="1f7e6f3d-03e6-470f-981a-b588d308dd37" testId="facb8abb-5ba4-443f-8421-23a6adb6fea7" testName="TFSTests.MyWork.Widget.Build beginGetFavoriteBuildsHasBuildDefinitionsOverThreshold" computerName="TFSBUILD11" duration="00:00:00.0150000" startTime="2015-09-28T09:45:51.2839454-07:00" endTime="2015-09-28T09:45:51.2839454-07:00" testType="13cdc9d9-ddb5-4fa4-a97d-d965ccfc6d4b" outcome="Passed" testListId="8c84fa94-04c1-424b-9868-57a2d4851a1d" relativeResultsDirectory="1f7e6f3d-03e6-470f-981a-b588d308dd37" />
    <UnitTestResult executionId="92b41d31-989d-411f-b909-a3b0b529ef3c" testId="4db3d7cd-640f-40fc-bd76-b9141f74ec3a" testName="TFSTests.MyWork.Widgets.NewsView NewsWidgetTitleIsDisplayed" computerName="TFSBUILD11" duration="00:00:00.0250000" startTime="2015-09-28T09:45:51.2839454-07:00" endTime="2015-09-28T09:45:51.2839454-07:00" testType="13cdc9d9-ddb5-4fa4-a97d-d965ccfc6d4b" outcome="Passed" testListId="8c84fa94-04c1-424b-9868-57a2d4851a1d" relativeResultsDirectory="92b41d31-989d-411f-b909-a3b0b529ef3c" />
    <UnitTestResult executionId="446489b1-2e4b-4e1c-a564-be3e3956c49c" testId="5f704b23-3482-4ed9-aaba-d202513e5762" testName="TFSTests.MyWork.Controls.ProjectSelector MenubarIsInitialized" computerName="TFSBUILD11" duration="00:00:00.0250000" startTime="2015-09-28T09:45:51.2839454-07:00" endTime="2015-09-28T09:45:51.2839454-07:00" testType="13cdc9d9-ddb5-4fa4-a97d-d965ccfc6d4b" outcome="Passed" testListId="8c84fa94-04c1-424b-9868-57a2d4851a1d" relativeResultsDirectory="446489b1-2e4b-4e1c-a564-be3e3956c49c" />
    <UnitTestResult executionId="665d794e-ad9b-4883-95bb-6b10e196ace4" testId="e003a9f7-9ea7-426e-972d-c2f78e4d63e4" testName="TFSTests.MyWork.Controls.ProjectSelector CurrentProjectInfoHasFirstProject" computerName="TFSBUILD11" duration="00:00:00.0180000" startTime="2015-09-28T09:45:51.2839454-07:00" endTime="2015-09-28T09:45:51.2839454-07:00" testType="13cdc9d9-ddb5-4fa4-a97d-d965ccfc6d4b" outcome="Passed" testListId="8c84fa94-04c1-424b-9868-57a2d4851a1d" relativeResultsDirectory="665d794e-ad9b-4883-95bb-6b10e196ace4" />
    <UnitTestResult executionId="2bbc8aad-aae8-4cad-a120-0d3a6bfd4906" testId="65d27fa5-5993-4de6-bee1-12cc1e4fdb1d" testName="TFSTests.MyWork.Controls.ProjectSelector allProjectsDictionaryIsPopulated" computerName="TFSBUILD11" duration="00:00:00.0180000" startTime="2015-09-28T09:45:51.4359537-07:00" endTime="2015-09-28T09:45:51.4359537-07:00" testType="13cdc9d9-ddb5-4fa4-a97d-d965ccfc6d4b" outcome="Passed" testListId="8c84fa94-04c1-424b-9868-57a2d4851a1d" relativeResultsDirectory="2bbc8aad-aae8-4cad-a120-0d3a6bfd4906" />
    <UnitTestResult executionId="11f4390e-32b6-4424-a6a8-03fd5e0dda93" testId="cb4055a2-2c65-4c70-b92d-38dfb7fcf786" testName="TFSTests.MyWork.Controls.ProjectSelector CurrentProjectInfoNullIfAllProjectApiFails" computerName="TFSBUILD11" duration="00:00:00.0160000" startTime="2015-09-28T09:45:51.4359537-07:00" endTime="2015-09-28T09:45:51.4359537-07:00" testType="13cdc9d9-ddb5-4fa4-a97d-d965ccfc6d4b" outcome="Passed" testListId="8c84fa94-04c1-424b-9868-57a2d4851a1d" relativeResultsDirectory="11f4390e-32b6-4424-a6a8-03fd5e0dda93" />
    <UnitTestResult executionId="fb09843b-96bd-4226-ac11-6548afad3e22" testId="4f1b2431-c95a-499d-a003-fe1a2d3123c3" testName="TFSTests.MyWork.Controls.ProjectSelector OnSuccessfulGetAllProjectsMruListApiIsCalled" computerName="TFSBUILD11" duration="00:00:00.0150000" startTime="2015-09-28T09:45:51.4359537-07:00" endTime="2015-09-28T09:45:51.4359537-07:00" testType="13cdc9d9-ddb5-4fa4-a97d-d965ccfc6d4b" outcome="Passed" testListId="8c84fa94-04c1-424b-9868-57a2d4851a1d" relativeResultsDirectory="fb09843b-96bd-4226-ac11-6548afad3e22" />
    <UnitTestResult executionId="f75fc21e-3388-4773-bec4-60f6993f01c0" testId="77dee35b-dcab-4a65-97fd-888e9311dfff" testName="TFSTests.MyWork.Controls.ProjectSelector MruProjectsAreReturned" computerName="TFSBUILD11" duration="00:00:00.0170000" startTime="2015-09-28T09:45:51.4359537-07:00" endTime="2015-09-28T09:45:51.4359537-07:00" testType="13cdc9d9-ddb5-4fa4-a97d-d965ccfc6d4b" outcome="Passed" testListId="8c84fa94-04c1-424b-9868-57a2d4851a1d" relativeResultsDirectory="f75fc21e-3388-4773-bec4-60f6993f01c0" />
    <UnitTestResult executionId="ed9c53a8-e858-4091-a84a-fa5dfb15a715" testId="f77eff51-8615-4dee-84d2-2be9ee8ef329" testName="TFSTests.MyWork.Controls.ProjectSelector OnlyTop5MruProjectsAreReturned" computerName="TFSBUILD11" duration="00:00:00.0180000" startTime="2015-09-28T09:45:51.4359537-07:00" endTime="2015-09-28T09:45:51.4359537-07:00" testType="13cdc9d9-ddb5-4fa4-a97d-d965ccfc6d4b" outcome="Passed" testListId="8c84fa94-04c1-424b-9868-57a2d4851a1d" relativeResultsDirectory="ed9c53a8-e858-4091-a84a-fa5dfb15a715" />
    <UnitTestResult executionId="7b1f55b6-2cfc-4fcf-a424-f2ab5950795a" testId="492dbe76-5bc1-46aa-8c1a-d89fdceb31d7" testName="TFSTests.MyWork.Controls.ProjectSelector OnMruProjectApiFailureTop5AllProjectsAreReturned" computerName="TFSBUILD11" duration="00:00:00.0180000" startTime="2015-09-28T09:45:51.4359537-07:00" endTime="2015-09-28T09:45:51.4359537-07:00" testType="13cdc9d9-ddb5-4fa4-a97d-d965ccfc6d4b" outcome="Passed" testListId="8c84fa94-04c1-424b-9868-57a2d4851a1d" relativeResultsDirectory="7b1f55b6-2cfc-4fcf-a424-f2ab5950795a" />
    <UnitTestResult executionId="b408ea0c-a65e-48d0-97b3-5dbcb011e718" testId="09efdad0-c32e-4e1b-8a9f-936315f76a22" testName="TFSTests.MyWork.Controls.ProjectSelector AllProjectsReturnedByApiAreIncludedAndSorted" computerName="TFSBUILD11" duration="00:00:00.0180000" startTime="2015-09-28T09:45:51.4359537-07:00" endTime="2015-09-28T09:45:51.4359537-07:00" testType="13cdc9d9-ddb5-4fa4-a97d-d965ccfc6d4b" outcome="Passed" testListId="8c84fa94-04c1-424b-9868-57a2d4851a1d" relativeResultsDirectory="b408ea0c-a65e-48d0-97b3-5dbcb011e718" />
    <UnitTestResult executionId="a65913bd-dc7a-4873-92e2-29d18c597d10" testId="75c4f85c-2011-4567-b5ac-28607a7b402c" testName="TFSTests.MyWork.Widgets.MyCode.Grid GridDoesNotHaveHeader" computerName="TFSBUILD11" duration="00:00:00.0150000" startTime="2015-09-28T09:45:51.4359537-07:00" endTime="2015-09-28T09:45:51.4359537-07:00" testType="13cdc9d9-ddb5-4fa4-a97d-d965ccfc6d4b" outcome="Passed" testListId="8c84fa94-04c1-424b-9868-57a2d4851a1d" relativeResultsDirectory="a65913bd-dc7a-4873-92e2-29d18c597d10" />
    <UnitTestResult executionId="85c618d2-d5ab-4c11-9f58-c3c181bd3143" testId="eccd78d0-d08e-42e9-b0f3-8d21c57ff90c" testName="TFSTests.MyWork.Widgets.MyCode.Grid GridHasTextColumn" computerName="TFSBUILD11" duration="00:00:00.0140000" startTime="2015-09-28T09:45:51.4359537-07:00" endTime="2015-09-28T09:45:51.4359537-07:00" testType="13cdc9d9-ddb5-4fa4-a97d-d965ccfc6d4b" outcome="Passed" testListId="8c84fa94-04c1-424b-9868-57a2d4851a1d" relativeResultsDirectory="85c618d2-d5ab-4c11-9f58-c3c181bd3143" />
    <UnitTestResult executionId="36408f60-3134-4b6a-9acf-0c343f8170c4" testId="bb7686e8-a7bd-4f32-a7bf-7d7ff46e420a" testName="TFSTests.MyWork.Widgets.MyCode.Grid GridDoesNotHaveGutter" computerName="TFSBUILD11" duration="00:00:00.0150000" startTime="2015-09-28T09:45:51.6132242-07:00" endTime="2015-09-28T09:45:51.6132242-07:00" testType="13cdc9d9-ddb5-4fa4-a97d-d965ccfc6d4b" outcome="Passed" testListId="8c84fa94-04c1-424b-9868-57a2d4851a1d" relativeResultsDirectory="36408f60-3134-4b6a-9acf-0c343f8170c4" />
    <UnitTestResult executionId="8b511aa9-b14f-4eae-aee6-b54227531827" testId="22d520fd-b632-4389-91e0-a076bd1fc9d9" testName="TFSTests.MyWork.Widgets.MyCode.Grid WhenRowIsClickedFireClickRepoEventWithRowData" computerName="TFSBUILD11" duration="00:00:00.0340000" startTime="2015-09-28T09:45:51.6132242-07:00" endTime="2015-09-28T09:45:51.6132242-07:00" testType="13cdc9d9-ddb5-4fa4-a97d-d965ccfc6d4b" outcome="Passed" testListId="8c84fa94-04c1-424b-9868-57a2d4851a1d" relativeResultsDirectory="8b511aa9-b14f-4eae-aee6-b54227531827" />
    <UnitTestResult executionId="0f1fef1d-7334-4b2c-9b3e-486b7e3bd515" testId="8075d873-09a9-43ac-aede-cecbfd0b81e3" testName="TFSTests.MyWork.Widgets.MyCode.Grid WhenRowIsCtrlClickedFireEventWithBlankTarget" computerName="TFSBUILD11" duration="00:00:00.0170000" startTime="2015-09-28T09:45:51.6132242-07:00" endTime="2015-09-28T09:45:51.6132242-07:00" testType="13cdc9d9-ddb5-4fa4-a97d-d965ccfc6d4b" outcome="Passed" testListId="8c84fa94-04c1-424b-9868-57a2d4851a1d" relativeResultsDirectory="0f1fef1d-7334-4b2c-9b3e-486b7e3bd515" />
    <UnitTestResult executionId="a9083cdd-b006-4fa1-8dbc-692c40c9371a" testId="60271625-911d-4623-8b9c-93a06ce62497" testName="TFSTests.MyWork.Widgets.MyCode.Grid WhenRowIsShiftClickedFireEventWithBlankTargetAndScreenHeightAndWidthFeatures" computerName="TFSBUILD11" duration="00:00:00.0190000" startTime="2015-09-28T09:45:51.6132242-07:00" endTime="2015-09-28T09:45:51.6132242-07:00" testType="13cdc9d9-ddb5-4fa4-a97d-d965ccfc6d4b" outcome="Passed" testListId="8c84fa94-04c1-424b-9868-57a2d4851a1d" relativeResultsDirectory="a9083cdd-b006-4fa1-8dbc-692c40c9371a" />
    <UnitTestResult executionId="5d6eff5f-6283-4f22-af3f-73376d71a653" testId="78bcedc1-6a25-4373-8fdc-8946bc9bc6b3" testName="TFSTests.MyWork.Widgets.MyCodeWidget GridIsInitialized" computerName="TFSBUILD11" duration="00:00:00.0190000" startTime="2015-09-28T09:45:51.6132242-07:00" endTime="2015-09-28T09:45:51.6132242-07:00" testType="13cdc9d9-ddb5-4fa4-a97d-d965ccfc6d4b" outcome="Passed" testListId="8c84fa94-04c1-424b-9868-57a2d4851a1d" relativeResultsDirectory="5d6eff5f-6283-4f22-af3f-73376d71a653" />
    <UnitTestResult executionId="38098ae6-229d-4221-adb9-a1af2ad5aafb" testId="cb8cdd23-f9ae-4aad-962d-7a587116ce71" testName="TFSTests.MyWork.Widgets.MyCodeWidget MenuIsInitialized" computerName="TFSBUILD11" duration="00:00:00.0160000" startTime="2015-09-28T09:45:51.6142244-07:00" endTime="2015-09-28T09:45:51.6142244-07:00" testType="13cdc9d9-ddb5-4fa4-a97d-d965ccfc6d4b" outcome="Passed" testListId="8c84fa94-04c1-424b-9868-57a2d4851a1d" relativeResultsDirectory="38098ae6-229d-4221-adb9-a1af2ad5aafb" />
    <UnitTestResult executionId="53be7aad-f3d5-414d-abb7-e01e70eda358" testId="f67f0f59-91a7-4bc8-8717-e6658f29e809" testName="TFSTests.MyWork.Widgets.MyCodeWidget WhenThereIsNoDataThenDisplayNoResultsMessageInsteadOfGrid" computerName="TFSBUILD11" duration="00:00:00.0200000" startTime="2015-09-28T09:45:51.6142244-07:00" endTime="2015-09-28T09:45:51.6142244-07:00" testType="13cdc9d9-ddb5-4fa4-a97d-d965ccfc6d4b" outcome="Passed" testListId="8c84fa94-04c1-424b-9868-57a2d4851a1d" relativeResultsDirectory="53be7aad-f3d5-414d-abb7-e01e70eda358" />
    <UnitTestResult executionId="b7b4f463-52f5-46a9-8469-59254096d3a8" testId="740fc292-9f2a-40df-b582-421754f20a48" testName="TFSTests.MyWork.Widgets.MyCodeWidget IfThereIsDataThenDisplayIt" computerName="TFSBUILD11" duration="00:00:00.0180000" startTime="2015-09-28T09:45:51.6142244-07:00" endTime="2015-09-28T09:45:51.6142244-07:00" testType="13cdc9d9-ddb5-4fa4-a97d-d965ccfc6d4b" outcome="Passed" testListId="8c84fa94-04c1-424b-9868-57a2d4851a1d" relativeResultsDirectory="b7b4f463-52f5-46a9-8469-59254096d3a8" />
    <UnitTestResult executionId="7b184a72-488f-4cee-bd57-fa2d6199bec8" testId="42e76422-f153-471a-8cf9-b54cfdf8488a" testName="TFSTests.MyWork.Widgets.MyCodeWidget RemoveFromMRUEventTriggersServerCallAndRefresh" computerName="TFSBUILD11" duration="00:00:00.0170000" startTime="2015-09-28T09:45:51.6142244-07:00" endTime="2015-09-28T09:45:51.6142244-07:00" testType="13cdc9d9-ddb5-4fa4-a97d-d965ccfc6d4b" outcome="Passed" testListId="8c84fa94-04c1-424b-9868-57a2d4851a1d" relativeResultsDirectory="7b184a72-488f-4cee-bd57-fa2d6199bec8" />
    <UnitTestResult executionId="f0930827-9303-442a-aae8-906c2bca302f" testId="060662f2-8111-4ba3-87bd-93fe6dd2a1c5" testName="TFSTests.MyWork.Widgets.MyCodeWidget RepoClickEventPublishesTelemetry" computerName="TFSBUILD11" duration="00:00:00.0200000" startTime="2015-09-28T09:45:51.7905343-07:00" endTime="2015-09-28T09:45:51.7905343-07:00" testType="13cdc9d9-ddb5-4fa4-a97d-d965ccfc6d4b" outcome="Passed" testListId="8c84fa94-04c1-424b-9868-57a2d4851a1d" relativeResultsDirectory="f0930827-9303-442a-aae8-906c2bca302f" />
    <UnitTestResult executionId="969f2be6-b29c-46d3-b3bb-da916011bcf4" testId="24be16f0-f97f-4b27-beb8-2ec2ba46a282" testName="TFSTests.MyWork.Widgets.MyCodeWidget RemoveFromMRUEventPublishesTelemetry" computerName="TFSBUILD11" duration="00:00:00.0190000" startTime="2015-09-28T09:45:51.7905343-07:00" endTime="2015-09-28T09:45:51.7905343-07:00" testType="13cdc9d9-ddb5-4fa4-a97d-d965ccfc6d4b" outcome="Passed" testListId="8c84fa94-04c1-424b-9868-57a2d4851a1d" relativeResultsDirectory="969f2be6-b29c-46d3-b3bb-da916011bcf4" />
    <UnitTestResult executionId="95111ff2-adfb-466d-a8f0-5b22a7aca430" testId="f4e35572-6bac-4475-a9a2-722cfce38de2" testName="TFSTests.MyWork.Widgets.ProjectsAndTeamsWidget.Menu MenuHasNewProjectActionIfUserHasPermission" computerName="TFSBUILD11" duration="00:00:00.0200000" startTime="2015-09-28T09:45:51.7905343-07:00" endTime="2015-09-28T09:45:51.7905343-07:00" testType="13cdc9d9-ddb5-4fa4-a97d-d965ccfc6d4b" outcome="Passed" testListId="8c84fa94-04c1-424b-9868-57a2d4851a1d" relativeResultsDirectory="95111ff2-adfb-466d-a8f0-5b22a7aca430" />
    <UnitTestResult executionId="28b37a7a-2bd6-4bbb-a41c-ab669b6c6b4e" testId="8042001c-2443-4f51-9ed8-6d5aa6f67a91" testName="TFSTests.MyWork.Widgets.ProjectsAndTeamsWidget.Menu MenuHidesNewProjectActionIfUserDoesNotHavePermission" computerName="TFSBUILD11" duration="00:00:00.0170000" startTime="2015-09-28T09:45:51.7905343-07:00" endTime="2015-09-28T09:45:51.7905343-07:00" testType="13cdc9d9-ddb5-4fa4-a97d-d965ccfc6d4b" outcome="Passed" testListId="8c84fa94-04c1-424b-9868-57a2d4851a1d" relativeResultsDirectory="28b37a7a-2bd6-4bbb-a41c-ab669b6c6b4e" />
    <UnitTestResult executionId="7a91b6b9-a169-48a0-a316-b03c8673e3d8" testId="6edd9352-42f9-4448-a157-d2a233905b4a" testName="TFSTests.MyWork.Widgets.ProjectsAndTeamsWidget.Menu OnClickNewProjectActionOpensNewProjectDialogIfUserHasPermission" computerName="TFSBUILD11" duration="00:00:00.0250000" startTime="2015-09-28T09:45:51.7915330-07:00" endTime="2015-09-28T09:45:51.7915330-07:00" testType="13cdc9d9-ddb5-4fa4-a97d-d965ccfc6d4b" outcome="Passed" testListId="8c84fa94-04c1-424b-9868-57a2d4851a1d" relativeResultsDirectory="7a91b6b9-a169-48a0-a316-b03c8673e3d8" />
    <UnitTestResult executionId="dce2256c-010f-4b40-896b-73938cc395b1" testId="05898b19-d968-426b-b4e4-d217edb35f39" testName="TFSTests.MyWork.Widgets.ProjectsAndTeamsWidget.Menu NewProjectEventPublishesTelemetry" computerName="TFSBUILD11" duration="00:00:00.0190000" startTime="2015-09-28T09:45:51.7915330-07:00" endTime="2015-09-28T09:45:51.7915330-07:00" testType="13cdc9d9-ddb5-4fa4-a97d-d965ccfc6d4b" outcome="Passed" testListId="8c84fa94-04c1-424b-9868-57a2d4851a1d" relativeResultsDirectory="dce2256c-010f-4b40-896b-73938cc395b1" />
    <UnitTestResult executionId="f19e5fb6-cc32-49c0-bffa-8b1f86e1d71e" testId="8303b963-a5ed-4eec-8568-defea65d33a3" testName="TFSTests.MyWork.Widgets.ProjectsAndTeamsWidget.Menu NewProjectActionDoesNotOpenNewProjectDialogIfUserDoesNotHavePermission" computerName="TFSBUILD11" duration="00:00:00.0190000" startTime="2015-09-28T09:45:51.7915330-07:00" endTime="2015-09-28T09:45:51.7915330-07:00" testType="13cdc9d9-ddb5-4fa4-a97d-d965ccfc6d4b" outcome="Passed" testListId="8c84fa94-04c1-424b-9868-57a2d4851a1d" relativeResultsDirectory="f19e5fb6-cc32-49c0-bffa-8b1f86e1d71e" />
    <UnitTestResult executionId="b2f5542e-bcda-4f23-959c-d5e387c7e08e" testId="b68f77bb-94d0-470a-8a23-2efa0f6ef26e" testName="TFSTests.MyWork.Widgets.ProjectsAndTeamsWidget.Menu MenuHasBrowseProjectAction" computerName="TFSBUILD11" duration="00:00:00.0170000" startTime="2015-09-28T09:45:51.7915330-07:00" endTime="2015-09-28T09:45:51.7915330-07:00" testType="13cdc9d9-ddb5-4fa4-a97d-d965ccfc6d4b" outcome="Passed" testListId="8c84fa94-04c1-424b-9868-57a2d4851a1d" relativeResultsDirectory="b2f5542e-bcda-4f23-959c-d5e387c7e08e" />
    <UnitTestResult executionId="33b60e09-07a2-4de0-a132-25e40d6e0026" testId="95c05409-dc79-4a48-b21b-cbd3df111aff" testName="TFSTests.MyWork.Widgets.ProjectsAndTeamsWidget.Menu OnClickBrowseProjectsActionOpensBrowseDialog" computerName="TFSBUILD11" duration="00:00:00.0170000" startTime="2015-09-28T09:45:51.7915330-07:00" endTime="2015-09-28T09:45:51.7915330-07:00" testType="13cdc9d9-ddb5-4fa4-a97d-d965ccfc6d4b" outcome="Passed" testListId="8c84fa94-04c1-424b-9868-57a2d4851a1d" relativeResultsDirectory="33b60e09-07a2-4de0-a132-25e40d6e0026" />
    <UnitTestResult executionId="7dea2587-717c-4999-b5eb-426c611e4ea9" testId="0e37dbb0-40a7-4af0-aea7-d580269da748" testName="TFSTests.MyWork.Widgets.ProjectsAndTeamsWidget.Menu BrowseProjectsEventPublishesTelemetry" computerName="TFSBUILD11" duration="00:00:00.0180000" startTime="2015-09-28T09:45:51.9520187-07:00" endTime="2015-09-28T09:45:51.9520187-07:00" testType="13cdc9d9-ddb5-4fa4-a97d-d965ccfc6d4b" outcome="Passed" testListId="8c84fa94-04c1-424b-9868-57a2d4851a1d" relativeResultsDirectory="7dea2587-717c-4999-b5eb-426c611e4ea9" />
    <UnitTestResult executionId="e56598b7-8a84-469e-a964-3092050feac3" testId="1ea417cc-549d-42aa-8401-b712c3ce8655" testName="TFSTests.MyWork.Widgets.ProjectsAndTeamsWidget.Grid GridDoesNotHaveHeader" computerName="TFSBUILD11" duration="00:00:00.0140000" startTime="2015-09-28T09:45:51.9520187-07:00" endTime="2015-09-28T09:45:51.9520187-07:00" testType="13cdc9d9-ddb5-4fa4-a97d-d965ccfc6d4b" outcome="Passed" testListId="8c84fa94-04c1-424b-9868-57a2d4851a1d" relativeResultsDirectory="e56598b7-8a84-469e-a964-3092050feac3" />
    <UnitTestResult executionId="f5ed0814-3477-4727-ab62-b6efddf7c93e" testId="83a1389a-1e53-40be-b780-f436b1d85d85" testName="TFSTests.MyWork.Widgets.ProjectsAndTeamsWidget.Grid GridHasTextColumn" computerName="TFSBUILD11" duration="00:00:00.0140000" startTime="2015-09-28T09:45:51.9520187-07:00" endTime="2015-09-28T09:45:51.9520187-07:00" testType="13cdc9d9-ddb5-4fa4-a97d-d965ccfc6d4b" outcome="Passed" testListId="8c84fa94-04c1-424b-9868-57a2d4851a1d" relativeResultsDirectory="f5ed0814-3477-4727-ab62-b6efddf7c93e" />
    <UnitTestResult executionId="9049cae6-2490-4de3-99b6-c4d1be1b1bc8" testId="a3412d02-e28b-4c3c-88e5-7f2677a1c892" testName="TFSTests.MyWork.Widgets.ProjectsAndTeamsWidget.Grid GridDoesNotHaveGutter" computerName="TFSBUILD11" duration="00:00:00.0140000" startTime="2015-09-28T09:45:51.9520187-07:00" endTime="2015-09-28T09:45:51.9520187-07:00" testType="13cdc9d9-ddb5-4fa4-a97d-d965ccfc6d4b" outcome="Passed" testListId="8c84fa94-04c1-424b-9868-57a2d4851a1d" relativeResultsDirectory="9049cae6-2490-4de3-99b6-c4d1be1b1bc8" />
    <UnitTestResult executionId="10c9844d-eeaf-415b-afc1-6e013ed35b9b" testId="cfe4f7cb-ebab-4fc7-a40b-c5bf8a7804b6" testName="TFSTests.MyWork.Widgets.ProjectsAndTeamsWidget.Grid WhenRowIsClickedFireClickProjectEventWithRowData" computerName="TFSBUILD11" duration="00:00:00.0260000" startTime="2015-09-28T09:45:51.9520187-07:00" endTime="2015-09-28T09:45:51.9520187-07:00" testType="13cdc9d9-ddb5-4fa4-a97d-d965ccfc6d4b" outcome="Passed" testListId="8c84fa94-04c1-424b-9868-57a2d4851a1d" relativeResultsDirectory="10c9844d-eeaf-415b-afc1-6e013ed35b9b" />
    <UnitTestResult executionId="e2b6a105-4150-4b36-bb2f-d9f9b9bac8c0" testId="c9d13684-5187-403d-a4b3-da7eec666b15" testName="TFSTests.MyWork.Widgets.ProjectsAndTeamsWidget.Grid WhenRowIsCtrlClickedFireEventWithBlankTarget" computerName="TFSBUILD11" duration="00:00:00.0180000" startTime="2015-09-28T09:45:51.9520187-07:00" endTime="2015-09-28T09:45:51.9520187-07:00" testType="13cdc9d9-ddb5-4fa4-a97d-d965ccfc6d4b" outcome="Passed" testListId="8c84fa94-04c1-424b-9868-57a2d4851a1d" relativeResultsDirectory="e2b6a105-4150-4b36-bb2f-d9f9b9bac8c0" />
    <UnitTestResult executionId="bb6e6267-8edf-4b0d-8890-97d3d9e956ed" testId="bead1b43-f043-4151-8329-ad4439d47ffd" testName="TFSTests.MyWork.Widgets.ProjectsAndTeamsWidget.Grid WhenRowIsShiftClickedFireEventWithBlankTargetAndScreenHeightAndWidthFeatures" computerName="TFSBUILD11" duration="00:00:00.0180000" startTime="2015-09-28T09:45:51.9520187-07:00" endTime="2015-09-28T09:45:51.9520187-07:00" testType="13cdc9d9-ddb5-4fa4-a97d-d965ccfc6d4b" outcome="Passed" testListId="8c84fa94-04c1-424b-9868-57a2d4851a1d" relativeResultsDirectory="bb6e6267-8edf-4b0d-8890-97d3d9e956ed" />
    <UnitTestResult executionId="90041ad0-5f5e-40c1-a006-f9b597389653" testId="688af1ae-8426-4f32-973d-ba9c47cd7568" testName="TFSTests.MyWork.Widgets.ProjectsAndTeamsWidget GridIsInitialized" computerName="TFSBUILD11" duration="00:00:00.0190000" startTime="2015-09-28T09:45:51.9520187-07:00" endTime="2015-09-28T09:45:51.9520187-07:00" testType="13cdc9d9-ddb5-4fa4-a97d-d965ccfc6d4b" outcome="Passed" testListId="8c84fa94-04c1-424b-9868-57a2d4851a1d" relativeResultsDirectory="90041ad0-5f5e-40c1-a006-f9b597389653" />
    <UnitTestResult executionId="7b455177-6108-4d6f-a939-d354be56711a" testId="0b751144-7fd4-4054-bc0b-4ac3ff7b7fa8" testName="TFSTests.MyWork.Widgets.ProjectsAndTeamsWidget MenuIsInitialized" computerName="TFSBUILD11" duration="00:00:00.0170000" startTime="2015-09-28T09:45:51.9520187-07:00" endTime="2015-09-28T09:45:51.9520187-07:00" testType="13cdc9d9-ddb5-4fa4-a97d-d965ccfc6d4b" outcome="Passed" testListId="8c84fa94-04c1-424b-9868-57a2d4851a1d" relativeResultsDirectory="7b455177-6108-4d6f-a939-d354be56711a" />
    <UnitTestResult executionId="f9f58a04-6beb-46db-8892-c205d687efb0" testId="a5050f5b-08ec-4a06-8aa5-42c5412f5021" testName="TFSTests.MyWork.Widgets.ProjectsAndTeamsWidget WhenThereIsNoDataThenDisplayNoResultsMessageInsteadOfGrid" computerName="TFSBUILD11" duration="00:00:00.0210000" startTime="2015-09-28T09:45:52.1276270-07:00" endTime="2015-09-28T09:45:52.1276270-07:00" testType="13cdc9d9-ddb5-4fa4-a97d-d965ccfc6d4b" outcome="Passed" testListId="8c84fa94-04c1-424b-9868-57a2d4851a1d" relativeResultsDirectory="f9f58a04-6beb-46db-8892-c205d687efb0" />
    <UnitTestResult executionId="96f4af3f-61af-4a8b-878c-1ea4f421516e" testId="f851dcc0-9a14-4e73-969a-3a07eed61828" testName="TFSTests.MyWork.Widgets.ProjectsAndTeamsWidget IfThereIsDataThenDisplayIt" computerName="TFSBUILD11" duration="00:00:00.0200000" startTime="2015-09-28T09:45:52.1276270-07:00" endTime="2015-09-28T09:45:52.1276270-07:00" testType="13cdc9d9-ddb5-4fa4-a97d-d965ccfc6d4b" outcome="Passed" testListId="8c84fa94-04c1-424b-9868-57a2d4851a1d" relativeResultsDirectory="96f4af3f-61af-4a8b-878c-1ea4f421516e" />
    <UnitTestResult executionId="ec7d47f0-667a-4225-a3ca-61a25ae44396" testId="fecacae0-5f7c-4252-96ba-6298d3888918" testName="TFSTests.MyWork.Widgets.ProjectsAndTeamsWidget RemoveFromMRUEventTriggersServerCallAndRefresh" computerName="TFSBUILD11" duration="00:00:00.0180000" startTime="2015-09-28T09:45:52.1276270-07:00" endTime="2015-09-28T09:45:52.1276270-07:00" testType="13cdc9d9-ddb5-4fa4-a97d-d965ccfc6d4b" outcome="Passed" testListId="8c84fa94-04c1-424b-9868-57a2d4851a1d" relativeResultsDirectory="ec7d47f0-667a-4225-a3ca-61a25ae44396" />
    <UnitTestResult executionId="8d16a141-93be-4591-a503-206984f97d4b" testId="1c57acea-e4cc-4a00-94ec-b9516bca3a68" testName="TFSTests.MyWork.Widgets.ProjectsAndTeamsWidget ProjectClickEventNavigatesToProject" computerName="TFSBUILD11" duration="00:00:00.0180000" startTime="2015-09-28T09:45:52.1276270-07:00" endTime="2015-09-28T09:45:52.1276270-07:00" testType="13cdc9d9-ddb5-4fa4-a97d-d965ccfc6d4b" outcome="Passed" testListId="8c84fa94-04c1-424b-9868-57a2d4851a1d" relativeResultsDirectory="8d16a141-93be-4591-a503-206984f97d4b" />
    <UnitTestResult executionId="5d7498e2-8435-4d6e-814e-994b711c0995" testId="3876ef6c-d0ee-44d8-bae0-93a5cf5507ed" testName="TFSTests.MyWork.Widgets.ProjectsAndTeamsWidget ProjectClickEventPublishesTelemetry" computerName="TFSBUILD11" duration="00:00:00.0200000" startTime="2015-09-28T09:45:52.1276270-07:00" endTime="2015-09-28T09:45:52.1276270-07:00" testType="13cdc9d9-ddb5-4fa4-a97d-d965ccfc6d4b" outcome="Passed" testListId="8c84fa94-04c1-424b-9868-57a2d4851a1d" relativeResultsDirectory="5d7498e2-8435-4d6e-814e-994b711c0995" />
    <UnitTestResult executionId="e3973cdf-d2ff-4977-8bb5-8e95d7cd6a5a" testId="44e84a2f-e202-4b89-8148-5c687363a18f" testName="TFSTests.MyWork.Widgets.ProjectsAndTeamsWidget RemoveFromMRUEventPublishesTelemetry" computerName="TFSBUILD11" duration="00:00:00.0190000" startTime="2015-09-28T09:45:52.1276270-07:00" endTime="2015-09-28T09:45:52.1276270-07:00" testType="13cdc9d9-ddb5-4fa4-a97d-d965ccfc6d4b" outcome="Passed" testListId="8c84fa94-04c1-424b-9868-57a2d4851a1d" relativeResultsDirectory="e3973cdf-d2ff-4977-8bb5-8e95d7cd6a5a" />
    <UnitTestResult executionId="0a48c7e0-6ef0-4d00-aadc-783301f7f304" testId="41954dd8-67fa-45db-89ad-f3a8ab00762d" testName="TFSTests.MyWork.Widget.Build GridIsInitialized" computerName="TFSBUILD11" duration="00:00:00.0190000" startTime="2015-09-28T09:45:52.1276270-07:00" endTime="2015-09-28T09:45:52.1276270-07:00" testType="13cdc9d9-ddb5-4fa4-a97d-d965ccfc6d4b" outcome="Passed" testListId="8c84fa94-04c1-424b-9868-57a2d4851a1d" relativeResultsDirectory="0a48c7e0-6ef0-4d00-aadc-783301f7f304" />
    <UnitTestResult executionId="2a4c8b92-945e-4d05-9402-ca603f2d2f17" testId="80618827-aa16-4263-9885-4adcf5b01020" testName="TFSTests.MyWork.Widget.Build BuildWidgetRenderCallsGetWidgetSettings" computerName="TFSBUILD11" duration="00:00:00.0160000" startTime="2015-09-28T09:45:52.1276270-07:00" endTime="2015-09-28T09:45:52.1276270-07:00" testType="13cdc9d9-ddb5-4fa4-a97d-d965ccfc6d4b" outcome="Passed" testListId="8c84fa94-04c1-424b-9868-57a2d4851a1d" relativeResultsDirectory="2a4c8b92-945e-4d05-9402-ca603f2d2f17" />
    <UnitTestResult executionId="1d543e19-c83a-4e0d-8e6a-76c4941f5a5e" testId="ee25c33f-d605-4c01-8ca0-f57b0d86758e" testName="TFSTests.MyWork.Widget.Build WhenNoResultsThenDisplayNoResultsMessage" computerName="TFSBUILD11" duration="00:00:00.0190000" startTime="2015-09-28T09:45:52.1276270-07:00" endTime="2015-09-28T09:45:52.1276270-07:00" testType="13cdc9d9-ddb5-4fa4-a97d-d965ccfc6d4b" outcome="Passed" testListId="8c84fa94-04c1-424b-9868-57a2d4851a1d" relativeResultsDirectory="1d543e19-c83a-4e0d-8e6a-76c4941f5a5e" />
    <UnitTestResult executionId="2f2df154-fe1e-4a40-9504-3e5d206a3a4c" testId="58b4f3f9-ce8d-46a5-89c0-619f0b455098" testName="TFSTests.MyWork.Widget.Build TitleAnchorLinkIsEnabledWhenThereAreResults" computerName="TFSBUILD11" duration="00:00:00.0200000" startTime="2015-09-28T09:45:52.3051195-07:00" endTime="2015-09-28T09:45:52.3051195-07:00" testType="13cdc9d9-ddb5-4fa4-a97d-d965ccfc6d4b" outcome="Passed" testListId="8c84fa94-04c1-424b-9868-57a2d4851a1d" relativeResultsDirectory="2f2df154-fe1e-4a40-9504-3e5d206a3a4c" />
    <UnitTestResult executionId="50fcedd4-b2d2-418c-9d1f-316f3284a2cf" testId="245ec163-8d8d-4c5f-88b3-89ecc32b5ffa" testName="TFSTests.MyWork.Widget.Build TitleAnchorLinkIsEnabledWhenNoResults" computerName="TFSBUILD11" duration="00:00:00.0170000" startTime="2015-09-28T09:45:52.3051195-07:00" endTime="2015-09-28T09:45:52.3051195-07:00" testType="13cdc9d9-ddb5-4fa4-a97d-d965ccfc6d4b" outcome="Passed" testListId="8c84fa94-04c1-424b-9868-57a2d4851a1d" relativeResultsDirectory="50fcedd4-b2d2-418c-9d1f-316f3284a2cf" />
    <UnitTestResult executionId="77479b0d-8255-40f3-a2d5-6e31b0d97b37" testId="7201e473-512e-4c91-ab0f-ba1fd4a97ea8" testName="TFSTests.MyWork.Widget.Build ShowMoreAnchorLinkIsEnabledWhenResultsAreOverThreshold" computerName="TFSBUILD11" duration="00:00:00.0200000" startTime="2015-09-28T09:45:52.3051195-07:00" endTime="2015-09-28T09:45:52.3051195-07:00" testType="13cdc9d9-ddb5-4fa4-a97d-d965ccfc6d4b" outcome="Passed" testListId="8c84fa94-04c1-424b-9868-57a2d4851a1d" relativeResultsDirectory="77479b0d-8255-40f3-a2d5-6e31b0d97b37" />
    <UnitTestResult executionId="57ba5722-2962-4395-875e-e4ce5b924766" testId="1c2530e0-6352-4e5e-996c-b52599282bd5" testName="TFSTests.MyWork.Widget.Build GridHasDataColumn" computerName="TFSBUILD11" duration="00:00:00.0140000" startTime="2015-09-28T09:45:52.3051195-07:00" endTime="2015-09-28T09:45:52.3051195-07:00" testType="13cdc9d9-ddb5-4fa4-a97d-d965ccfc6d4b" outcome="Passed" testListId="8c84fa94-04c1-424b-9868-57a2d4851a1d" relativeResultsDirectory="57ba5722-2962-4395-875e-e4ce5b924766" />
    <UnitTestResult executionId="63856483-8684-49c7-a36b-5d430a8d547e" testId="829fac81-e910-48fd-a36a-ac0bef7dfe58" testName="TFSTests.MyWork.Widget.Build GridHasHistogramColumn" computerName="TFSBUILD11" duration="00:00:00.0140000" startTime="2015-09-28T09:45:52.3051195-07:00" endTime="2015-09-28T09:45:52.3051195-07:00" testType="13cdc9d9-ddb5-4fa4-a97d-d965ccfc6d4b" outcome="Passed" testListId="8c84fa94-04c1-424b-9868-57a2d4851a1d" relativeResultsDirectory="63856483-8684-49c7-a36b-5d430a8d547e" />
    <UnitTestResult executionId="bc9c6289-56f3-4847-9a97-76268bb5f848" testId="4f93af9e-ed74-4221-a91f-abc77e3725f1" testName="TFSTests.MyWork.Widgets.PullRequestGrid GridHasIconColumn" computerName="TFSBUILD11" duration="00:00:00.0170000" startTime="2015-09-28T09:45:52.3051195-07:00" endTime="2015-09-28T09:45:52.3051195-07:00" testType="13cdc9d9-ddb5-4fa4-a97d-d965ccfc6d4b" outcome="Passed" testListId="8c84fa94-04c1-424b-9868-57a2d4851a1d" relativeResultsDirectory="bc9c6289-56f3-4847-9a97-76268bb5f848" />
    <UnitTestResult executionId="c5d06d4d-8757-43ac-a457-6b2fdbb33deb" testId="3ffeae72-c83b-4d67-92df-e5badee2bc97" testName="TFSTests.MyWork.Widgets.PullRequestGrid GridHasDataColumn" computerName="TFSBUILD11" duration="00:00:00.0180000" startTime="2015-09-28T09:45:52.3051195-07:00" endTime="2015-09-28T09:45:52.3051195-07:00" testType="13cdc9d9-ddb5-4fa4-a97d-d965ccfc6d4b" outcome="Passed" testListId="8c84fa94-04c1-424b-9868-57a2d4851a1d" relativeResultsDirectory="c5d06d4d-8757-43ac-a457-6b2fdbb33deb" />
    <UnitTestResult executionId="3db1b075-9332-4ac8-ad61-acafa7d04700" testId="79d64fd4-7f15-463f-b5e2-1f25a308babf" testName="TFSTests.MyWork.Widgets.PullRequestGrid LastChangeColumnCallsAgoFunctionForFormatting" computerName="TFSBUILD11" duration="00:00:00.0300000" startTime="2015-09-28T09:45:52.3061200-07:00" endTime="2015-09-28T09:45:52.3061200-07:00" testType="13cdc9d9-ddb5-4fa4-a97d-d965ccfc6d4b" outcome="Passed" testListId="8c84fa94-04c1-424b-9868-57a2d4851a1d" relativeResultsDirectory="3db1b075-9332-4ac8-ad61-acafa7d04700" />
    <UnitTestResult executionId="8f5f75c4-c77d-4739-bd6c-b8b33893b29d" testId="d5a4d8d6-fb6e-45da-9973-54a8fe8eb456" testName="TFSTests.MyWork.Widgets.PullRequestGrid GridUpdateRowSelectionStylesFunctionIsNotExecuted" computerName="TFSBUILD11" duration="00:00:00.0240000" startTime="2015-09-28T09:45:52.3061200-07:00" endTime="2015-09-28T09:45:52.3061200-07:00" testType="13cdc9d9-ddb5-4fa4-a97d-d965ccfc6d4b" outcome="Passed" testListId="8c84fa94-04c1-424b-9868-57a2d4851a1d" relativeResultsDirectory="8f5f75c4-c77d-4739-bd6c-b8b33893b29d" />
    <UnitTestResult executionId="8f36f559-92ac-4ba5-a327-f628052c1659" testId="53e97d73-6b7e-42b3-b9dc-534e6faa27c8" testName="TFSTests.MyWork.Widgets.PullRequestView WidgetRenderCallsGetWidgetSettings" computerName="TFSBUILD11" duration="00:00:00.0240000" startTime="2015-09-28T09:45:52.4865981-07:00" endTime="2015-09-28T09:45:52.4865981-07:00" testType="13cdc9d9-ddb5-4fa4-a97d-d965ccfc6d4b" outcome="Passed" testListId="8c84fa94-04c1-424b-9868-57a2d4851a1d" relativeResultsDirectory="8f36f559-92ac-4ba5-a327-f628052c1659" />
    <UnitTestResult executionId="a1798fe5-14b0-40e5-b8ef-cfa9d619afc1" testId="8c0c864d-9c64-418c-98c5-636289e9846d" testName="TFSTests.MyWork.Widgets.PullRequestView RefreshCallsGetAllProjectsApiWithProjectIdFromSelectorAndQueryTypeAll" computerName="TFSBUILD11" duration="00:00:00.0260000" startTime="2015-09-28T09:45:52.4875987-07:00" endTime="2015-09-28T09:45:52.4875987-07:00" testType="13cdc9d9-ddb5-4fa4-a97d-d965ccfc6d4b" outcome="Passed" testListId="8c84fa94-04c1-424b-9868-57a2d4851a1d" relativeResultsDirectory="a1798fe5-14b0-40e5-b8ef-cfa9d619afc1" />
    <UnitTestResult executionId="1d7e0765-196a-4ae9-be54-5dbf18c1f555" testId="e29b038d-3e52-4a9d-b9b2-4311eaca3049" testName="TFSTests.MyWork.Widgets.PullRequestView WidgetDoesNotCallApiIfThereIsNoRepo" computerName="TFSBUILD11" duration="00:00:00.0180000" startTime="2015-09-28T09:45:52.4875987-07:00" endTime="2015-09-28T09:45:52.4875987-07:00" testType="13cdc9d9-ddb5-4fa4-a97d-d965ccfc6d4b" outcome="Passed" testListId="8c84fa94-04c1-424b-9868-57a2d4851a1d" relativeResultsDirectory="1d7e0765-196a-4ae9-be54-5dbf18c1f555" />
    <UnitTestResult executionId="99a70144-4565-4ab7-bc6e-4046481a8460" testId="da671fe0-d87a-475e-aa36-cca68009a764" testName="TFSTests.MyWork.Widgets.PullRequestView WidgetUpdatesStateOfFilterItems" computerName="TFSBUILD11" duration="00:00:00.0200000" startTime="2015-09-28T09:45:52.4875987-07:00" endTime="2015-09-28T09:45:52.4875987-07:00" testType="13cdc9d9-ddb5-4fa4-a97d-d965ccfc6d4b" outcome="Passed" testListId="8c84fa94-04c1-424b-9868-57a2d4851a1d" relativeResultsDirectory="99a70144-4565-4ab7-bc6e-4046481a8460" />
    <UnitTestResult executionId="1c733721-159c-4e3c-aa3c-da877e87f7af" testId="ebf2231c-50ee-4687-8d57-d38a888925c8" testName="TFSTests.MyWork.Widgets.PullRequestView PullRequestWidgetTitleAnchorIsDisabledWhenNoResultsInViewAll" computerName="TFSBUILD11" duration="00:00:00.0190000" startTime="2015-09-28T09:45:52.4875987-07:00" endTime="2015-09-28T09:45:52.4875987-07:00" testType="13cdc9d9-ddb5-4fa4-a97d-d965ccfc6d4b" outcome="Passed" testListId="8c84fa94-04c1-424b-9868-57a2d4851a1d" relativeResultsDirectory="1c733721-159c-4e3c-aa3c-da877e87f7af" />
    <UnitTestResult executionId="aa3eca62-25bd-4adf-9086-a996021b52ae" testId="3caf30ee-45ef-4fbe-8885-9a2b2bf2f598" testName="TFSTests.MyWork.Widgets.PullRequestView PullRequestWidgetTitleAnchorIsEnabledWhenThereAreResults" computerName="TFSBUILD11" duration="00:00:00.0190000" startTime="2015-09-28T09:45:52.4875987-07:00" endTime="2015-09-28T09:45:52.4875987-07:00" testType="13cdc9d9-ddb5-4fa4-a97d-d965ccfc6d4b" outcome="Passed" testListId="8c84fa94-04c1-424b-9868-57a2d4851a1d" relativeResultsDirectory="aa3eca62-25bd-4adf-9086-a996021b52ae" />
    <UnitTestResult executionId="eaa66759-c69c-4b5c-a31a-ba0e2530e0ce" testId="15b4d715-1edf-4e6e-af13-71727bfef961" testName="TFSTests.MyWork.Widgets.WITWidgetGrid OnSortShouldInitializeFieldsBeforeSorting" computerName="TFSBUILD11" duration="00:00:00.0190000" startTime="2015-09-28T09:45:52.4875987-07:00" endTime="2015-09-28T09:45:52.4875987-07:00" testType="13cdc9d9-ddb5-4fa4-a97d-d965ccfc6d4b" outcome="Passed" testListId="8c84fa94-04c1-424b-9868-57a2d4851a1d" relativeResultsDirectory="eaa66759-c69c-4b5c-a31a-ba0e2530e0ce" />
    <UnitTestResult executionId="b3631ce8-254e-4cc9-b619-c6e20dfc7bd9" testId="eb6ea65f-ba65-4fda-a8ea-b31caf0af5d0" testName="TFSTests.MyWork.Widgets.WITWidgetGrid OnSortShouldNotReinitializeFieldsOnceSorted" computerName="TFSBUILD11" duration="00:00:00.0160000" startTime="2015-09-28T09:45:52.4875987-07:00" endTime="2015-09-28T09:45:52.4875987-07:00" testType="13cdc9d9-ddb5-4fa4-a97d-d965ccfc6d4b" outcome="Passed" testListId="8c84fa94-04c1-424b-9868-57a2d4851a1d" relativeResultsDirectory="b3631ce8-254e-4cc9-b619-c6e20dfc7bd9" />
    <UnitTestResult executionId="0224d298-5856-4282-86ae-ee15ea04c5c8" testId="e3a79336-c725-4075-926d-aad4076db087" testName="TFSTests.MyWork.Widgets.WITWidgetGrid OnSortShouldLogErrorTelemetryWhenInitializeFieldsFail" computerName="TFSBUILD11" duration="00:00:00.0170000" startTime="2015-09-28T09:45:52.4875987-07:00" endTime="2015-09-28T09:45:52.4875987-07:00" testType="13cdc9d9-ddb5-4fa4-a97d-d965ccfc6d4b" outcome="Passed" testListId="8c84fa94-04c1-424b-9868-57a2d4851a1d" relativeResultsDirectory="0224d298-5856-4282-86ae-ee15ea04c5c8" />
    <UnitTestResult executionId="41acdbfe-752f-44e4-b1cf-95fe5b4bdff1" testId="d7870b1e-c69f-47f9-be0f-7324d798970f" testName="TFSTests.MyWork.Widgets.WITWidgetView Initialize_should_set_widget_state_to_unconfigured_when_query_id_is_not_specified" computerName="TFSBUILD11" duration="00:00:00.0320000" startTime="2015-09-28T09:45:53.2546162-07:00" endTime="2015-09-28T09:45:53.2546162-07:00" testType="13cdc9d9-ddb5-4fa4-a97d-d965ccfc6d4b" outcome="Passed" testListId="8c84fa94-04c1-424b-9868-57a2d4851a1d" relativeResultsDirectory="41acdbfe-752f-44e4-b1cf-95fe5b4bdff1" />
    <UnitTestResult executionId="e131cd47-c381-4617-b00b-498c8f31650b" testId="b50145f5-b799-45c9-8cda-0efc70303f6e" testName="TFSTests.MyWork.Widgets.WITWidgetView Initialize_should_set_state_to_failed_when_failed_to_get_query_by_id" computerName="TFSBUILD11" duration="00:00:00.0240000" startTime="2015-09-28T09:45:53.2546162-07:00" endTime="2015-09-28T09:45:53.2546162-07:00" testType="13cdc9d9-ddb5-4fa4-a97d-d965ccfc6d4b" outcome="Passed" testListId="8c84fa94-04c1-424b-9868-57a2d4851a1d" relativeResultsDirectory="e131cd47-c381-4617-b00b-498c8f31650b" />
    <UnitTestResult executionId="c55d798c-71eb-4a95-ad06-f03bfa9711a9" testId="483adb9c-3084-46a9-9c87-0e069bc8b747" testName="TFSTests.MyWork.Widget.WitConfiguration.WitConfigurationViewTests WitConfigurationViewTests - Initialize without option" computerName="TFSBUILD11" duration="00:00:00.0140000" startTime="2015-09-28T09:45:53.2546162-07:00" endTime="2015-09-28T09:45:53.2546162-07:00" testType="13cdc9d9-ddb5-4fa4-a97d-d965ccfc6d4b" outcome="Passed" testListId="8c84fa94-04c1-424b-9868-57a2d4851a1d" relativeResultsDirectory="c55d798c-71eb-4a95-ad06-f03bfa9711a9" />
    <UnitTestResult executionId="9614152f-460f-4cf4-83d2-12775eedccdb" testId="abd59d2f-280d-4cc2-af37-64a4caea1095" testName="TFSTests.MyWork.Widget.WitConfiguration.WitConfigurationViewTests WitConfigurationViewTests - valid settings" computerName="TFSBUILD11" duration="00:00:00.0380000" startTime="2015-09-28T09:45:53.2546162-07:00" endTime="2015-09-28T09:45:53.2546162-07:00" testType="13cdc9d9-ddb5-4fa4-a97d-d965ccfc6d4b" outcome="Passed" testListId="8c84fa94-04c1-424b-9868-57a2d4851a1d" relativeResultsDirectory="9614152f-460f-4cf4-83d2-12775eedccdb" />
    <UnitTestResult executionId="c0c2c517-a725-422b-8930-afa20a608520" testId="d2bd75c3-7b51-4237-b6b4-00c0da1e0cbd" testName="TFSTests.MyWork.Widget.WitConfiguration.WitConfigurationViewTests WitConfigurationViewTests - invalid settings" computerName="TFSBUILD11" duration="00:00:00.0230000" startTime="2015-09-28T09:45:53.2546162-07:00" endTime="2015-09-28T09:45:53.2546162-07:00" testType="13cdc9d9-ddb5-4fa4-a97d-d965ccfc6d4b" outcome="Passed" testListId="8c84fa94-04c1-424b-9868-57a2d4851a1d" relativeResultsDirectory="c0c2c517-a725-422b-8930-afa20a608520" />
    <UnitTestResult executionId="452fce51-dad5-4433-bb13-cf5c4b02d443" testId="afe435af-835c-4e7c-aae7-e6691941e6f4" testName="TFSTests.MyWork.Widget.WitConfiguration.WitConfigurationViewTests WitConfigurationViewTests - SaveValidationCallBack is set" computerName="TFSBUILD11" duration="00:00:00.0170000" startTime="2015-09-28T09:45:53.2546162-07:00" endTime="2015-09-28T09:45:53.2546162-07:00" testType="13cdc9d9-ddb5-4fa4-a97d-d965ccfc6d4b" outcome="Passed" testListId="8c84fa94-04c1-424b-9868-57a2d4851a1d" relativeResultsDirectory="452fce51-dad5-4433-bb13-cf5c4b02d443" />
    <UnitTestResult executionId="4ef562ec-8285-4204-88a7-4ac99f20b107" testId="f1261421-df85-406b-9736-ecc1269db3fb" testName="TFSTests.MyWork.Widget.WitConfiguration.ColumnSelectorTests ColumnSelectorTests - Initialization" computerName="TFSBUILD11" duration="00:00:00.0220000" startTime="2015-09-28T09:45:53.2546162-07:00" endTime="2015-09-28T09:45:53.2546162-07:00" testType="13cdc9d9-ddb5-4fa4-a97d-d965ccfc6d4b" outcome="Passed" testListId="8c84fa94-04c1-424b-9868-57a2d4851a1d" relativeResultsDirectory="4ef562ec-8285-4204-88a7-4ac99f20b107" />
    <UnitTestResult executionId="c69a9864-3e70-4f5a-b34c-690044548dfb" testId="d4e41c44-b67a-4ad7-a861-aa71ae0541b7" testName="TFSTests.MyWork.Widget.WitConfiguration.ColumnSelectorTests ColumnSelectorTests - Initialization with available columns" computerName="TFSBUILD11" duration="00:00:00.0220000" startTime="2015-09-28T09:45:53.2546162-07:00" endTime="2015-09-28T09:45:53.2546162-07:00" testType="13cdc9d9-ddb5-4fa4-a97d-d965ccfc6d4b" outcome="Passed" testListId="8c84fa94-04c1-424b-9868-57a2d4851a1d" relativeResultsDirectory="c69a9864-3e70-4f5a-b34c-690044548dfb" />
    <UnitTestResult executionId="68baaffa-5dae-412a-9113-13ddab8b6fa2" testId="be0ca2b0-d611-461b-87ae-e60db691f58f" testName="TFSTests.MyWork.Widget.WitConfiguration.ColumnSelectorTests ColumnSelectorTests - Initialization with available and selected columns" computerName="TFSBUILD11" duration="00:00:00.0210000" startTime="2015-09-28T09:45:53.2546162-07:00" endTime="2015-09-28T09:45:53.2546162-07:00" testType="13cdc9d9-ddb5-4fa4-a97d-d965ccfc6d4b" outcome="Passed" testListId="8c84fa94-04c1-424b-9868-57a2d4851a1d" relativeResultsDirectory="68baaffa-5dae-412a-9113-13ddab8b6fa2" />
  </Results>
  <TestDefinitions>
    <UnitTest name="TFSTests.MyWork.Widget.ProjectAndTeams GetAllProjectsMakesAjaxCall" storage="d:\v2.0\a1\_work\dbded102\vso\tfs\service\webaccess\mywork\testscripts\tests\tfstests.mywork.widget.projectsandteams.ts" id="8f8eb8ff-6e6d-4648-bb1e-8de4ae370971">
      <Execution id="0e8031de-c507-429c-8c88-0eb8cd5ee140" />
      <TestMethod codeBase="d:\v2.0\a1\_work\dbded102\vso\tfs\service\webaccess\mywork\testscripts\tests\tfstests.mywork.widget.projectsandteams.ts" adapterTypeName="Microsoft.VisualStudio.TestTools.TestTypes.Unit.UnitTestAdapter" className="d:\v2.0\a1\_work\dbded102\vso\tfs\service\webaccess\mywork\testscripts\tests\tfstests.mywork.widget.projectsandteams.ts::tfstests.mywork.widget" name="TFSTests.MyWork.Widget.ProjectAndTeams GetAllProjectsMakesAjaxCall" />
    </UnitTest>
    <UnitTest name="TFSTests.MyWork.Widget.Wit.WitManager ThrowsWhenTfsContextIsNull" storage="d:\v2.0\a1\_work\dbded102\vso\tfs\service\webaccess\mywork\testscripts\tests\tfstests.mywork.widget.build.ts" id="944f73d5-9e18-4aa8-b6de-fa5e5ec3fba6">
      <Execution id="9875bd12-55cf-4d0a-8ee8-21e8794335c9" />
      <TestMethod codeBase="d:\v2.0\a1\_work\dbded102\vso\tfs\service\webaccess\mywork\testscripts\tests\tfstests.mywork.widget.build.ts" adapterTypeName="Microsoft.VisualStudio.TestTools.TestTypes.Unit.UnitTestAdapter" className="d:\v2.0\a1\_work\dbded102\vso\tfs\service\webaccess\mywork\testscripts\tests\tfstests.mywork.widget.build.ts::tfstests.mywork.widget.wit" name="TFSTests.MyWork.Widget.Wit.WitManager ThrowsWhenTfsContextIsNull" />
    </UnitTest>
    <UnitTest name="TFSTests.MyWork.Widget.Wit.WitManager GetWorkItemsCount_should_return_0_when_workitems_and_relations_are_not_defined" storage="d:\v2.0\a1\_work\dbded102\vso\tfs\service\webaccess\mywork\testscripts\tests\tfstests.mywork.widget.wit.ts" id="82fe08b0-df2b-494f-a4c5-17df38f2088e">
      <Execution id="5b705d5e-ef1a-4038-905a-349e5aaf8fc0" />
      <TestMethod codeBase="d:\v2.0\a1\_work\dbded102\vso\tfs\service\webaccess\mywork\testscripts\tests\tfstests.mywork.widget.wit.ts" adapterTypeName="Microsoft.VisualStudio.TestTools.TestTypes.Unit.UnitTestAdapter" className="d:\v2.0\a1\_work\dbded102\vso\tfs\service\webaccess\mywork\testscripts\tests\tfstests.mywork.widget.wit.ts::tfstests.mywork.widget.wit" name="TFSTests.MyWork.Widget.Wit.WitManager GetWorkItemsCount_should_return_0_when_workitems_and_relations_are_not_defined" />
    </UnitTest>
    <UnitTest name="TFSTests.MyWork.Widget.Wit.WitManager GetWorkItemsCount_should_return_0_when_workitems_and_relations_length_are_not_defined" storage="d:\v2.0\a1\_work\dbded102\vso\tfs\service\webaccess\mywork\testscripts\tests\tfstests.mywork.widget.wit.ts" id="5953826e-ad95-40cd-bed9-3d91769bb5aa">
      <Execution id="33b8504d-bff1-4fd0-9495-20aea9f08ff0" />
      <TestMethod codeBase="d:\v2.0\a1\_work\dbded102\vso\tfs\service\webaccess\mywork\testscripts\tests\tfstests.mywork.widget.wit.ts" adapterTypeName="Microsoft.VisualStudio.TestTools.TestTypes.Unit.UnitTestAdapter" className="d:\v2.0\a1\_work\dbded102\vso\tfs\service\webaccess\mywork\testscripts\tests\tfstests.mywork.widget.wit.ts::tfstests.mywork.widget.wit" name="TFSTests.MyWork.Widget.Wit.WitManager GetWorkItemsCount_should_return_0_when_workitems_and_relations_length_are_not_defined" />
    </UnitTest>
    <UnitTest name="TFSTests.MyWork.Widget.Wit.WitManager GetWorkItemsCount_should_return_workitems_length" storage="d:\v2.0\a1\_work\dbded102\vso\tfs\service\webaccess\mywork\testscripts\tests\tfstests.mywork.widget.wit.ts" id="25820008-73ea-48fd-8827-2c6044ed3bb3">
      <Execution id="8af203e2-8ad5-48e4-ac8e-ea993507b3ef" />
      <TestMethod codeBase="d:\v2.0\a1\_work\dbded102\vso\tfs\service\webaccess\mywork\testscripts\tests\tfstests.mywork.widget.wit.ts" adapterTypeName="Microsoft.VisualStudio.TestTools.TestTypes.Unit.UnitTestAdapter" className="d:\v2.0\a1\_work\dbded102\vso\tfs\service\webaccess\mywork\testscripts\tests\tfstests.mywork.widget.wit.ts::tfstests.mywork.widget.wit" name="TFSTests.MyWork.Widget.Wit.WitManager GetWorkItemsCount_should_return_workitems_length" />
    </UnitTest>
    <UnitTest name="TFSTests.MyWork.Widget.Wit.WitManager GetWorkItemsCount_should_return_workitem_relations_length" storage="d:\v2.0\a1\_work\dbded102\vso\tfs\service\webaccess\mywork\testscripts\tests\tfstests.mywork.widget.wit.ts" id="89d1de7c-bee3-4fd8-aaa2-2bfa5a7acdde">
      <Execution id="9374e6d9-8b9b-4c93-a845-7f51445e9789" />
      <TestMethod codeBase="d:\v2.0\a1\_work\dbded102\vso\tfs\service\webaccess\mywork\testscripts\tests\tfstests.mywork.widget.wit.ts" adapterTypeName="Microsoft.VisualStudio.TestTools.TestTypes.Unit.UnitTestAdapter" className="d:\v2.0\a1\_work\dbded102\vso\tfs\service\webaccess\mywork\testscripts\tests\tfstests.mywork.widget.wit.ts::tfstests.mywork.widget.wit" name="TFSTests.MyWork.Widget.Wit.WitManager GetWorkItemsCount_should_return_workitem_relations_length" />
    </UnitTest>
    <UnitTest name="TFSTests.MyWork.Widget.Wit.WitManager GetWorkItemsCount_should_return_workitem_length_even_when_work_item_relations_length_is_provided" storage="d:\v2.0\a1\_work\dbded102\vso\tfs\service\webaccess\mywork\testscripts\tests\tfstests.mywork.widget.wit.ts" id="a46b6914-77ec-46aa-842b-5053488678f4">
      <Execution id="484b8b03-3345-45fe-a4e8-e19aefae8670" />
      <TestMethod codeBase="d:\v2.0\a1\_work\dbded102\vso\tfs\service\webaccess\mywork\testscripts\tests\tfstests.mywork.widget.wit.ts" adapterTypeName="Microsoft.VisualStudio.TestTools.TestTypes.Unit.UnitTestAdapter" className="d:\v2.0\a1\_work\dbded102\vso\tfs\service\webaccess\mywork\testscripts\tests\tfstests.mywork.widget.wit.ts::tfstests.mywork.widget.wit" name="TFSTests.MyWork.Widget.Wit.WitManager GetWorkItemsCount_should_return_workitem_length_even_when_work_item_relations_length_is_provided" />
    </UnitTest>
    <UnitTest name="TFSTests.MyWork.Widget.Wit.WitManager GetWorkItemsCount_should_return_workitem_length_even_when_work_item_relations_length_is_provided" storage="d:\v2.0\a1\_work\dbded102\vso\tfs\service\webaccess\mywork\testscripts\tests\tfstests.mywork.widget.wit.ts" id="6c6718ee-c92f-490c-8b9c-4ba2ee4960a1">
      <Execution id="53a75e42-443e-4f93-b32e-cbdfd16b13c9" />
      <TestMethod codeBase="d:\v2.0\a1\_work\dbded102\vso\tfs\service\webaccess\mywork\testscripts\tests\tfstests.mywork.widget.wit.ts" adapterTypeName="Microsoft.VisualStudio.TestTools.TestTypes.Unit.UnitTestAdapter" className="d:\v2.0\a1\_work\dbded102\vso\tfs\service\webaccess\mywork\testscripts\tests\tfstests.mywork.widget.wit.ts::tfstests.mywork.widget.wit" name="TFSTests.MyWork.Widget.Wit.WitManager GetWorkItemsCount_should_return_workitem_length_even_when_work_item_relations_length_is_provided" />
    </UnitTest>
    <UnitTest name="TFSTests.MyWork.Widget.Wit.WitManager GetWorkItemsCount_should_reject_promise_when_wit_http_call_to_get_query_fails" storage="d:\v2.0\a1\_work\dbded102\vso\tfs\service\webaccess\mywork\testscripts\tests\tfstests.mywork.widget.wit.ts" id="7da8b181-8273-428e-8e4a-91a6c6a5e55c">
      <Execution id="64d22581-229b-43e0-bd5c-360129b8e7c2" />
      <TestMethod codeBase="d:\v2.0\a1\_work\dbded102\vso\tfs\service\webaccess\mywork\testscripts\tests\tfstests.mywork.widget.wit.ts" adapterTypeName="Microsoft.VisualStudio.TestTools.TestTypes.Unit.UnitTestAdapter" className="d:\v2.0\a1\_work\dbded102\vso\tfs\service\webaccess\mywork\testscripts\tests\tfstests.mywork.widget.wit.ts::tfstests.mywork.widget.wit" name="TFSTests.MyWork.Widget.Wit.WitManager GetWorkItemsCount_should_reject_promise_when_wit_http_call_to_get_query_fails" />
    </UnitTest>
    <UnitTest name="TFSTests.MyWork.Widget.PullRequest ThrowsWhenTfsContextIsNull" storage="d:\v2.0\a1\_work\dbded102\vso\tfs\service\webaccess\mywork\testscripts\tests\tfstests.mywork.widget.wit.ts" id="90f9cb5b-e6b6-4c97-adb3-225f6d7a8070">
      <Execution id="9f2fe08d-5e5b-4849-befb-6495272ecbd1" />
      <TestMethod codeBase="d:\v2.0\a1\_work\dbded102\vso\tfs\service\webaccess\mywork\testscripts\tests\tfstests.mywork.widget.wit.ts" adapterTypeName="Microsoft.VisualStudio.TestTools.TestTypes.Unit.UnitTestAdapter" className="d:\v2.0\a1\_work\dbded102\vso\tfs\service\webaccess\mywork\testscripts\tests\tfstests.mywork.widget.wit.ts::tfstests.mywork.widget" name="TFSTests.MyWork.Widget.PullRequest ThrowsWhenTfsContextIsNull" />
    </UnitTest>
    <UnitTest name="TFSTests.MyWork.Widget.PullRequest PullRequestIfAccountContextSetsTfsContextToDefaultCollection" storage="d:\v2.0\a1\_work\dbded102\vso\tfs\service\webaccess\mywork\testscripts\tests\tfstests.mywork.widget.pullrequest.ts" id="4e236620-bf62-4084-b3d1-6d23ac4bdb2a">
      <Execution id="d978d536-f64d-47d4-ba3b-779dfb00a070" />
      <TestMethod codeBase="d:\v2.0\a1\_work\dbded102\vso\tfs\service\webaccess\mywork\testscripts\tests\tfstests.mywork.widget.pullrequest.ts" adapterTypeName="Microsoft.VisualStudio.TestTools.TestTypes.Unit.UnitTestAdapter" className="d:\v2.0\a1\_work\dbded102\vso\tfs\service\webaccess\mywork\testscripts\tests\tfstests.mywork.widget.pullrequest.ts::tfstests.mywork.widget" name="TFSTests.MyWork.Widget.PullRequest PullRequestIfAccountContextSetsTfsContextToDefaultCollection" />
    </UnitTest>
    <UnitTest name="TFSTests.MyWork.Widget.PullRequest GetPullRequestsWithNoActivePullRequest" storage="d:\v2.0\a1\_work\dbded102\vso\tfs\service\webaccess\mywork\testscripts\tests\tfstests.mywork.widget.pullrequest.ts" id="03cc4025-cdf8-4c29-89f6-023bd08e4839">
      <Execution id="d133b914-d5de-4900-b4ec-29d923bcd0ee" />
      <TestMethod codeBase="d:\v2.0\a1\_work\dbded102\vso\tfs\service\webaccess\mywork\testscripts\tests\tfstests.mywork.widget.pullrequest.ts" adapterTypeName="Microsoft.VisualStudio.TestTools.TestTypes.Unit.UnitTestAdapter" className="d:\v2.0\a1\_work\dbded102\vso\tfs\service\webaccess\mywork\testscripts\tests\tfstests.mywork.widget.pullrequest.ts::tfstests.mywork.widget" name="TFSTests.MyWork.Widget.PullRequest GetPullRequestsWithNoActivePullRequest" />
    </UnitTest>
    <UnitTest name="TFSTests.MyWork.Widget.PullRequest GetPullRequestsWithOneActivePullRequestBySamePerson" storage="d:\v2.0\a1\_work\dbded102\vso\tfs\service\webaccess\mywork\testscripts\tests\tfstests.mywork.widget.pullrequest.ts" id="b41e40aa-2259-49a8-a24b-7b8d855a91e1">
      <Execution id="4d98ec99-447f-4dda-8cd4-02a150fe31be" />
      <TestMethod codeBase="d:\v2.0\a1\_work\dbded102\vso\tfs\service\webaccess\mywork\testscripts\tests\tfstests.mywork.widget.pullrequest.ts" adapterTypeName="Microsoft.VisualStudio.TestTools.TestTypes.Unit.UnitTestAdapter" className="d:\v2.0\a1\_work\dbded102\vso\tfs\service\webaccess\mywork\testscripts\tests\tfstests.mywork.widget.pullrequest.ts::tfstests.mywork.widget" name="TFSTests.MyWork.Widget.PullRequest GetPullRequestsWithOneActivePullRequestBySamePerson" />
    </UnitTest>
    <UnitTest name="TFSTests.MyWork.Widget.PullRequest GetPullRequestsWithOneActivePullRequestWithTotalCheck" storage="d:\v2.0\a1\_work\dbded102\vso\tfs\service\webaccess\mywork\testscripts\tests\tfstests.mywork.widget.pullrequest.ts" id="84c4759c-a2e3-4d51-a5bd-b28212fc79e6">
      <Execution id="c011e8ed-a67a-4892-9e14-a37eb56871f1" />
      <TestMethod codeBase="d:\v2.0\a1\_work\dbded102\vso\tfs\service\webaccess\mywork\testscripts\tests\tfstests.mywork.widget.pullrequest.ts" adapterTypeName="Microsoft.VisualStudio.TestTools.TestTypes.Unit.UnitTestAdapter" className="d:\v2.0\a1\_work\dbded102\vso\tfs\service\webaccess\mywork\testscripts\tests\tfstests.mywork.widget.pullrequest.ts::tfstests.mywork.widget" name="TFSTests.MyWork.Widget.PullRequest GetPullRequestsWithOneActivePullRequestWithTotalCheck" />
    </UnitTest>
    <UnitTest name="TFSTests.MyWork.Widget.PullRequest GetPullRequestsWithOneActivePullRequestByOneReviewer" storage="d:\v2.0\a1\_work\dbded102\vso\tfs\service\webaccess\mywork\testscripts\tests\tfstests.mywork.widget.pullrequest.ts" id="16b5fb54-49f7-44d0-af58-f579502337fa">
      <Execution id="f8a8a66e-91e0-46f3-861d-5b4602f04310" />
      <TestMethod codeBase="d:\v2.0\a1\_work\dbded102\vso\tfs\service\webaccess\mywork\testscripts\tests\tfstests.mywork.widget.pullrequest.ts" adapterTypeName="Microsoft.VisualStudio.TestTools.TestTypes.Unit.UnitTestAdapter" className="d:\v2.0\a1\_work\dbded102\vso\tfs\service\webaccess\mywork\testscripts\tests\tfstests.mywork.widget.pullrequest.ts::tfstests.mywork.widget" name="TFSTests.MyWork.Widget.PullRequest GetPullRequestsWithOneActivePullRequestByOneReviewer" />
    </UnitTest>
    <UnitTest name="TFSTests.MyWork.Widget.PullRequest GetPullRequestsWithMultiplePullRequests" storage="d:\v2.0\a1\_work\dbded102\vso\tfs\service\webaccess\mywork\testscripts\tests\tfstests.mywork.widget.pullrequest.ts" id="0b9aa3f8-b037-461c-8c0f-1810a0ebbe30">
      <Execution id="f0156723-73fb-4457-aa3f-a838d486f683" />
      <TestMethod codeBase="d:\v2.0\a1\_work\dbded102\vso\tfs\service\webaccess\mywork\testscripts\tests\tfstests.mywork.widget.pullrequest.ts" adapterTypeName="Microsoft.VisualStudio.TestTools.TestTypes.Unit.UnitTestAdapter" className="d:\v2.0\a1\_work\dbded102\vso\tfs\service\webaccess\mywork\testscripts\tests\tfstests.mywork.widget.pullrequest.ts::tfstests.mywork.widget" name="TFSTests.MyWork.Widget.PullRequest GetPullRequestsWithMultiplePullRequests" />
    </UnitTest>
    <UnitTest name="TFSTests.MyWork.Widget.PullRequest GetPullRequestsWithOnlyOneQueryType" storage="d:\v2.0\a1\_work\dbded102\vso\tfs\service\webaccess\mywork\testscripts\tests\tfstests.mywork.widget.pullrequest.ts" id="f0e84e09-6f48-4b7b-bd48-de1f3932eddf">
      <Execution id="4eb40d74-1348-4fdd-a434-31a2791741c2" />
      <TestMethod codeBase="d:\v2.0\a1\_work\dbded102\vso\tfs\service\webaccess\mywork\testscripts\tests\tfstests.mywork.widget.pullrequest.ts" adapterTypeName="Microsoft.VisualStudio.TestTools.TestTypes.Unit.UnitTestAdapter" className="d:\v2.0\a1\_work\dbded102\vso\tfs\service\webaccess\mywork\testscripts\tests\tfstests.mywork.widget.pullrequest.ts::tfstests.mywork.widget" name="TFSTests.MyWork.Widget.PullRequest GetPullRequestsWithOnlyOneQueryType" />
    </UnitTest>
    <UnitTest name="TFSTests.MyWork.Widget.PullRequest GetPullRequestsWithCountOverThreshold" storage="d:\v2.0\a1\_work\dbded102\vso\tfs\service\webaccess\mywork\testscripts\tests\tfstests.mywork.widget.pullrequest.ts" id="0604f90f-8b6e-4e25-81d3-ea897b1b781e">
      <Execution id="47989215-2834-40fb-b9d4-7b15c3b20667" />
      <TestMethod codeBase="d:\v2.0\a1\_work\dbded102\vso\tfs\service\webaccess\mywork\testscripts\tests\tfstests.mywork.widget.pullrequest.ts" adapterTypeName="Microsoft.VisualStudio.TestTools.TestTypes.Unit.UnitTestAdapter" className="d:\v2.0\a1\_work\dbded102\vso\tfs\service\webaccess\mywork\testscripts\tests\tfstests.mywork.widget.pullrequest.ts::tfstests.mywork.widget" name="TFSTests.MyWork.Widget.PullRequest GetPullRequestsWithCountOverThreshold" />
    </UnitTest>
    <UnitTest name="TFSTests.MyWork.Widget.PullRequest PullRequestsGetMinimalVoteStatus" storage="d:\v2.0\a1\_work\dbded102\vso\tfs\service\webaccess\mywork\testscripts\tests\tfstests.mywork.widget.pullrequest.ts" id="f9250b52-daae-4b4a-8c48-d78826dda29c">
      <Execution id="a199756b-25b4-497e-8703-07fe121f205f" />
      <TestMethod codeBase="d:\v2.0\a1\_work\dbded102\vso\tfs\service\webaccess\mywork\testscripts\tests\tfstests.mywork.widget.pullrequest.ts" adapterTypeName="Microsoft.VisualStudio.TestTools.TestTypes.Unit.UnitTestAdapter" className="d:\v2.0\a1\_work\dbded102\vso\tfs\service\webaccess\mywork\testscripts\tests\tfstests.mywork.widget.pullrequest.ts::tfstests.mywork.widget" name="TFSTests.MyWork.Widget.PullRequest PullRequestsGetMinimalVoteStatus" />
    </UnitTest>
    <UnitTest name="TFSTests.MyWork.Widget.Build ThrowsWhenTfsContextIsNull" storage="d:\v2.0\a1\_work\dbded102\vso\tfs\service\webaccess\mywork\testscripts\tests\tfstests.mywork.widget.pullrequest.ts" id="c2b1b745-6782-4a2e-944f-593612f29006">
      <Execution id="a74794c6-75fa-4613-a383-0df1639b7d52" />
      <TestMethod codeBase="d:\v2.0\a1\_work\dbded102\vso\tfs\service\webaccess\mywork\testscripts\tests\tfstests.mywork.widget.pullrequest.ts" adapterTypeName="Microsoft.VisualStudio.TestTools.TestTypes.Unit.UnitTestAdapter" className="d:\v2.0\a1\_work\dbded102\vso\tfs\service\webaccess\mywork\testscripts\tests\tfstests.mywork.widget.pullrequest.ts::tfstests.mywork.widget" name="TFSTests.MyWork.Widget.Build ThrowsWhenTfsContextIsNull" />
    </UnitTest>
    <UnitTest name="TFSTests.MyWork.Widget.Build getProjectTfsContext" storage="d:\v2.0\a1\_work\dbded102\vso\tfs\service\webaccess\mywork\testscripts\tests\tfstests.mywork.widget.build.ts" id="e0e21784-8eac-4ee0-81b5-359d45d3c273">
      <Execution id="88b840ca-493b-4f4f-8744-0473cfe81aef" />
      <TestMethod codeBase="d:\v2.0\a1\_work\dbded102\vso\tfs\service\webaccess\mywork\testscripts\tests\tfstests.mywork.widget.build.ts" adapterTypeName="Microsoft.VisualStudio.TestTools.TestTypes.Unit.UnitTestAdapter" className="d:\v2.0\a1\_work\dbded102\vso\tfs\service\webaccess\mywork\testscripts\tests\tfstests.mywork.widget.build.ts::tfstests.mywork.widget" name="TFSTests.MyWork.Widget.Build getProjectTfsContext" />
    </UnitTest>
    <UnitTest name="TFSTests.MyWork.Widget.Build beginGetFavoriteBuildsHasNoBuildDefinition" storage="d:\v2.0\a1\_work\dbded102\vso\tfs\service\webaccess\mywork\testscripts\tests\tfstests.mywork.widget.build.ts" id="1d1f8b3d-f49a-4edb-9b40-148bf2f18a6b">
      <Execution id="44bd4562-1522-4c4c-9d7a-048b9775ecc6" />
      <TestMethod codeBase="d:\v2.0\a1\_work\dbded102\vso\tfs\service\webaccess\mywork\testscripts\tests\tfstests.mywork.widget.build.ts" adapterTypeName="Microsoft.VisualStudio.TestTools.TestTypes.Unit.UnitTestAdapter" className="d:\v2.0\a1\_work\dbded102\vso\tfs\service\webaccess\mywork\testscripts\tests\tfstests.mywork.widget.build.ts::tfstests.mywork.widget" name="TFSTests.MyWork.Widget.Build beginGetFavoriteBuildsHasNoBuildDefinition" />
    </UnitTest>
    <UnitTest name="TFSTests.MyWork.Widget.Build beginGetFavoriteBuildsHasBuildDefinition" storage="d:\v2.0\a1\_work\dbded102\vso\tfs\service\webaccess\mywork\testscripts\tests\tfstests.mywork.widget.build.ts" id="47e7bf41-f565-4458-9cf1-7e48fc8c6bdb">
      <Execution id="a4422112-2e92-4e35-9839-6d7466d719d2" />
      <TestMethod codeBase="d:\v2.0\a1\_work\dbded102\vso\tfs\service\webaccess\mywork\testscripts\tests\tfstests.mywork.widget.build.ts" adapterTypeName="Microsoft.VisualStudio.TestTools.TestTypes.Unit.UnitTestAdapter" className="d:\v2.0\a1\_work\dbded102\vso\tfs\service\webaccess\mywork\testscripts\tests\tfstests.mywork.widget.build.ts::tfstests.mywork.widget" name="TFSTests.MyWork.Widget.Build beginGetFavoriteBuildsHasBuildDefinition" />
    </UnitTest>
    <UnitTest name="TFSTests.MyWork.Widget.Build beginGetFavoriteBuildsHasBuildDefinitionsOverThreshold" storage="d:\v2.0\a1\_work\dbded102\vso\tfs\service\webaccess\mywork\testscripts\tests\tfstests.mywork.widget.build.ts" id="facb8abb-5ba4-443f-8421-23a6adb6fea7">
      <Execution id="1f7e6f3d-03e6-470f-981a-b588d308dd37" />
      <TestMethod codeBase="d:\v2.0\a1\_work\dbded102\vso\tfs\service\webaccess\mywork\testscripts\tests\tfstests.mywork.widget.build.ts" adapterTypeName="Microsoft.VisualStudio.TestTools.TestTypes.Unit.UnitTestAdapter" className="d:\v2.0\a1\_work\dbded102\vso\tfs\service\webaccess\mywork\testscripts\tests\tfstests.mywork.widget.build.ts::tfstests.mywork.widget" name="TFSTests.MyWork.Widget.Build beginGetFavoriteBuildsHasBuildDefinitionsOverThreshold" />
    </UnitTest>
    <UnitTest name="TFSTests.MyWork.Widgets.NewsView NewsWidgetTitleIsDisplayed" storage="d:\v2.0\a1\_work\dbded102\vso\tfs\service\webaccess\mywork\testscripts\tests\tfstests.mywork.controls.widget.newsview.ts" id="4db3d7cd-640f-40fc-bd76-b9141f74ec3a">
      <Execution id="92b41d31-989d-411f-b909-a3b0b529ef3c" />
      <TestMethod codeBase="d:\v2.0\a1\_work\dbded102\vso\tfs\service\webaccess\mywork\testscripts\tests\tfstests.mywork.controls.widget.newsview.ts" adapterTypeName="Microsoft.VisualStudio.TestTools.TestTypes.Unit.UnitTestAdapter" className="d:\v2.0\a1\_work\dbded102\vso\tfs\service\webaccess\mywork\testscripts\tests\tfstests.mywork.controls.widget.newsview.ts::tfstests.mywork.widgets" name="TFSTests.MyWork.Widgets.NewsView NewsWidgetTitleIsDisplayed" />
    </UnitTest>
    <UnitTest name="TFSTests.MyWork.Controls.ProjectSelector MenubarIsInitialized" storage="d:\v2.0\a1\_work\dbded102\vso\tfs\service\webaccess\mywork\testscripts\tests\tfstests.mywork.controls.projectselector.ts" id="5f704b23-3482-4ed9-aaba-d202513e5762">
      <Execution id="446489b1-2e4b-4e1c-a564-be3e3956c49c" />
      <TestMethod codeBase="d:\v2.0\a1\_work\dbded102\vso\tfs\service\webaccess\mywork\testscripts\tests\tfstests.mywork.controls.projectselector.ts" adapterTypeName="Microsoft.VisualStudio.TestTools.TestTypes.Unit.UnitTestAdapter" className="d:\v2.0\a1\_work\dbded102\vso\tfs\service\webaccess\mywork\testscripts\tests\tfstests.mywork.controls.projectselector.ts::tfstests.mywork.controls" name="TFSTests.MyWork.Controls.ProjectSelector MenubarIsInitialized" />
    </UnitTest>
    <UnitTest name="TFSTests.MyWork.Controls.ProjectSelector CurrentProjectInfoHasFirstProject" storage="d:\v2.0\a1\_work\dbded102\vso\tfs\service\webaccess\mywork\testscripts\tests\tfstests.mywork.controls.projectselector.ts" id="e003a9f7-9ea7-426e-972d-c2f78e4d63e4">
      <Execution id="665d794e-ad9b-4883-95bb-6b10e196ace4" />
      <TestMethod codeBase="d:\v2.0\a1\_work\dbded102\vso\tfs\service\webaccess\mywork\testscripts\tests\tfstests.mywork.controls.projectselector.ts" adapterTypeName="Microsoft.VisualStudio.TestTools.TestTypes.Unit.UnitTestAdapter" className="d:\v2.0\a1\_work\dbded102\vso\tfs\service\webaccess\mywork\testscripts\tests\tfstests.mywork.controls.projectselector.ts::tfstests.mywork.controls" name="TFSTests.MyWork.Controls.ProjectSelector CurrentProjectInfoHasFirstProject" />
    </UnitTest>
    <UnitTest name="TFSTests.MyWork.Controls.ProjectSelector allProjectsDictionaryIsPopulated" storage="d:\v2.0\a1\_work\dbded102\vso\tfs\service\webaccess\mywork\testscripts\tests\tfstests.mywork.controls.projectselector.ts" id="65d27fa5-5993-4de6-bee1-12cc1e4fdb1d">
      <Execution id="2bbc8aad-aae8-4cad-a120-0d3a6bfd4906" />
      <TestMethod codeBase="d:\v2.0\a1\_work\dbded102\vso\tfs\service\webaccess\mywork\testscripts\tests\tfstests.mywork.controls.projectselector.ts" adapterTypeName="Microsoft.VisualStudio.TestTools.TestTypes.Unit.UnitTestAdapter" className="d:\v2.0\a1\_work\dbded102\vso\tfs\service\webaccess\mywork\testscripts\tests\tfstests.mywork.controls.projectselector.ts::tfstests.mywork.controls" name="TFSTests.MyWork.Controls.ProjectSelector allProjectsDictionaryIsPopulated" />
    </UnitTest>
    <UnitTest name="TFSTests.MyWork.Controls.ProjectSelector CurrentProjectInfoNullIfAllProjectApiFails" storage="d:\v2.0\a1\_work\dbded102\vso\tfs\service\webaccess\mywork\testscripts\tests\tfstests.mywork.controls.projectselector.ts" id="cb4055a2-2c65-4c70-b92d-38dfb7fcf786">
      <Execution id="11f4390e-32b6-4424-a6a8-03fd5e0dda93" />
      <TestMethod codeBase="d:\v2.0\a1\_work\dbded102\vso\tfs\service\webaccess\mywork\testscripts\tests\tfstests.mywork.controls.projectselector.ts" adapterTypeName="Microsoft.VisualStudio.TestTools.TestTypes.Unit.UnitTestAdapter" className="d:\v2.0\a1\_work\dbded102\vso\tfs\service\webaccess\mywork\testscripts\tests\tfstests.mywork.controls.projectselector.ts::tfstests.mywork.controls" name="TFSTests.MyWork.Controls.ProjectSelector CurrentProjectInfoNullIfAllProjectApiFails" />
    </UnitTest>
    <UnitTest name="TFSTests.MyWork.Controls.ProjectSelector OnSuccessfulGetAllProjectsMruListApiIsCalled" storage="d:\v2.0\a1\_work\dbded102\vso\tfs\service\webaccess\mywork\testscripts\tests\tfstests.mywork.controls.projectselector.ts" id="4f1b2431-c95a-499d-a003-fe1a2d3123c3">
      <Execution id="fb09843b-96bd-4226-ac11-6548afad3e22" />
      <TestMethod codeBase="d:\v2.0\a1\_work\dbded102\vso\tfs\service\webaccess\mywork\testscripts\tests\tfstests.mywork.controls.projectselector.ts" adapterTypeName="Microsoft.VisualStudio.TestTools.TestTypes.Unit.UnitTestAdapter" className="d:\v2.0\a1\_work\dbded102\vso\tfs\service\webaccess\mywork\testscripts\tests\tfstests.mywork.controls.projectselector.ts::tfstests.mywork.controls" name="TFSTests.MyWork.Controls.ProjectSelector OnSuccessfulGetAllProjectsMruListApiIsCalled" />
    </UnitTest>
    <UnitTest name="TFSTests.MyWork.Controls.ProjectSelector MruProjectsAreReturned" storage="d:\v2.0\a1\_work\dbded102\vso\tfs\service\webaccess\mywork\testscripts\tests\tfstests.mywork.controls.projectselector.ts" id="77dee35b-dcab-4a65-97fd-888e9311dfff">
      <Execution id="f75fc21e-3388-4773-bec4-60f6993f01c0" />
      <TestMethod codeBase="d:\v2.0\a1\_work\dbded102\vso\tfs\service\webaccess\mywork\testscripts\tests\tfstests.mywork.controls.projectselector.ts" adapterTypeName="Microsoft.VisualStudio.TestTools.TestTypes.Unit.UnitTestAdapter" className="d:\v2.0\a1\_work\dbded102\vso\tfs\service\webaccess\mywork\testscripts\tests\tfstests.mywork.controls.projectselector.ts::tfstests.mywork.controls" name="TFSTests.MyWork.Controls.ProjectSelector MruProjectsAreReturned" />
    </UnitTest>
    <UnitTest name="TFSTests.MyWork.Controls.ProjectSelector OnlyTop5MruProjectsAreReturned" storage="d:\v2.0\a1\_work\dbded102\vso\tfs\service\webaccess\mywork\testscripts\tests\tfstests.mywork.controls.projectselector.ts" id="f77eff51-8615-4dee-84d2-2be9ee8ef329">
      <Execution id="ed9c53a8-e858-4091-a84a-fa5dfb15a715" />
      <TestMethod codeBase="d:\v2.0\a1\_work\dbded102\vso\tfs\service\webaccess\mywork\testscripts\tests\tfstests.mywork.controls.projectselector.ts" adapterTypeName="Microsoft.VisualStudio.TestTools.TestTypes.Unit.UnitTestAdapter" className="d:\v2.0\a1\_work\dbded102\vso\tfs\service\webaccess\mywork\testscripts\tests\tfstests.mywork.controls.projectselector.ts::tfstests.mywork.controls" name="TFSTests.MyWork.Controls.ProjectSelector OnlyTop5MruProjectsAreReturned" />
    </UnitTest>
    <UnitTest name="TFSTests.MyWork.Controls.ProjectSelector OnMruProjectApiFailureTop5AllProjectsAreReturned" storage="d:\v2.0\a1\_work\dbded102\vso\tfs\service\webaccess\mywork\testscripts\tests\tfstests.mywork.controls.projectselector.ts" id="492dbe76-5bc1-46aa-8c1a-d89fdceb31d7">
      <Execution id="7b1f55b6-2cfc-4fcf-a424-f2ab5950795a" />
      <TestMethod codeBase="d:\v2.0\a1\_work\dbded102\vso\tfs\service\webaccess\mywork\testscripts\tests\tfstests.mywork.controls.projectselector.ts" adapterTypeName="Microsoft.VisualStudio.TestTools.TestTypes.Unit.UnitTestAdapter" className="d:\v2.0\a1\_work\dbded102\vso\tfs\service\webaccess\mywork\testscripts\tests\tfstests.mywork.controls.projectselector.ts::tfstests.mywork.controls" name="TFSTests.MyWork.Controls.ProjectSelector OnMruProjectApiFailureTop5AllProjectsAreReturned" />
    </UnitTest>
    <UnitTest name="TFSTests.MyWork.Controls.ProjectSelector AllProjectsReturnedByApiAreIncludedAndSorted" storage="d:\v2.0\a1\_work\dbded102\vso\tfs\service\webaccess\mywork\testscripts\tests\tfstests.mywork.controls.projectselector.ts" id="09efdad0-c32e-4e1b-8a9f-936315f76a22">
      <Execution id="b408ea0c-a65e-48d0-97b3-5dbcb011e718" />
      <TestMethod codeBase="d:\v2.0\a1\_work\dbded102\vso\tfs\service\webaccess\mywork\testscripts\tests\tfstests.mywork.controls.projectselector.ts" adapterTypeName="Microsoft.VisualStudio.TestTools.TestTypes.Unit.UnitTestAdapter" className="d:\v2.0\a1\_work\dbded102\vso\tfs\service\webaccess\mywork\testscripts\tests\tfstests.mywork.controls.projectselector.ts::tfstests.mywork.controls" name="TFSTests.MyWork.Controls.ProjectSelector AllProjectsReturnedByApiAreIncludedAndSorted" />
    </UnitTest>
    <UnitTest name="TFSTests.MyWork.Widgets.MyCode.Grid GridDoesNotHaveHeader" storage="d:\v2.0\a1\_work\dbded102\vso\tfs\service\webaccess\mywork\testscripts\tests\tfstests.mywork.controls.widget.mycodeview.ts" id="75c4f85c-2011-4567-b5ac-28607a7b402c">
      <Execution id="a65913bd-dc7a-4873-92e2-29d18c597d10" />
      <TestMethod codeBase="d:\v2.0\a1\_work\dbded102\vso\tfs\service\webaccess\mywork\testscripts\tests\tfstests.mywork.controls.widget.mycodeview.ts" adapterTypeName="Microsoft.VisualStudio.TestTools.TestTypes.Unit.UnitTestAdapter" className="d:\v2.0\a1\_work\dbded102\vso\tfs\service\webaccess\mywork\testscripts\tests\tfstests.mywork.controls.widget.mycodeview.ts::tfstests.mywork.widgets.mycode" name="TFSTests.MyWork.Widgets.MyCode.Grid GridDoesNotHaveHeader" />
    </UnitTest>
    <UnitTest name="TFSTests.MyWork.Widgets.MyCode.Grid GridHasTextColumn" storage="d:\v2.0\a1\_work\dbded102\vso\tfs\service\webaccess\mywork\testscripts\tests\tfstests.mywork.controls.widget.mycodeview.ts" id="eccd78d0-d08e-42e9-b0f3-8d21c57ff90c">
      <Execution id="85c618d2-d5ab-4c11-9f58-c3c181bd3143" />
      <TestMethod codeBase="d:\v2.0\a1\_work\dbded102\vso\tfs\service\webaccess\mywork\testscripts\tests\tfstests.mywork.controls.widget.mycodeview.ts" adapterTypeName="Microsoft.VisualStudio.TestTools.TestTypes.Unit.UnitTestAdapter" className="d:\v2.0\a1\_work\dbded102\vso\tfs\service\webaccess\mywork\testscripts\tests\tfstests.mywork.controls.widget.mycodeview.ts::tfstests.mywork.widgets.mycode" name="TFSTests.MyWork.Widgets.MyCode.Grid GridHasTextColumn" />
    </UnitTest>
    <UnitTest name="TFSTests.MyWork.Widgets.MyCode.Grid GridDoesNotHaveGutter" storage="d:\v2.0\a1\_work\dbded102\vso\tfs\service\webaccess\mywork\testscripts\tests\tfstests.mywork.controls.widget.mycodeview.ts" id="bb7686e8-a7bd-4f32-a7bf-7d7ff46e420a">
      <Execution id="36408f60-3134-4b6a-9acf-0c343f8170c4" />
      <TestMethod codeBase="d:\v2.0\a1\_work\dbded102\vso\tfs\service\webaccess\mywork\testscripts\tests\tfstests.mywork.controls.widget.mycodeview.ts" adapterTypeName="Microsoft.VisualStudio.TestTools.TestTypes.Unit.UnitTestAdapter" className="d:\v2.0\a1\_work\dbded102\vso\tfs\service\webaccess\mywork\testscripts\tests\tfstests.mywork.controls.widget.mycodeview.ts::tfstests.mywork.widgets.mycode" name="TFSTests.MyWork.Widgets.MyCode.Grid GridDoesNotHaveGutter" />
    </UnitTest>
    <UnitTest name="TFSTests.MyWork.Widgets.MyCode.Grid WhenRowIsClickedFireClickRepoEventWithRowData" storage="d:\v2.0\a1\_work\dbded102\vso\tfs\service\webaccess\mywork\testscripts\tests\tfstests.mywork.controls.widget.mycodeview.ts" id="22d520fd-b632-4389-91e0-a076bd1fc9d9">
      <Execution id="8b511aa9-b14f-4eae-aee6-b54227531827" />
      <TestMethod codeBase="d:\v2.0\a1\_work\dbded102\vso\tfs\service\webaccess\mywork\testscripts\tests\tfstests.mywork.controls.widget.mycodeview.ts" adapterTypeName="Microsoft.VisualStudio.TestTools.TestTypes.Unit.UnitTestAdapter" className="d:\v2.0\a1\_work\dbded102\vso\tfs\service\webaccess\mywork\testscripts\tests\tfstests.mywork.controls.widget.mycodeview.ts::tfstests.mywork.widgets.mycode" name="TFSTests.MyWork.Widgets.MyCode.Grid WhenRowIsClickedFireClickRepoEventWithRowData" />
    </UnitTest>
    <UnitTest name="TFSTests.MyWork.Widgets.MyCode.Grid WhenRowIsCtrlClickedFireEventWithBlankTarget" storage="d:\v2.0\a1\_work\dbded102\vso\tfs\service\webaccess\mywork\testscripts\tests\tfstests.mywork.controls.widget.mycodeview.ts" id="8075d873-09a9-43ac-aede-cecbfd0b81e3">
      <Execution id="0f1fef1d-7334-4b2c-9b3e-486b7e3bd515" />
      <TestMethod codeBase="d:\v2.0\a1\_work\dbded102\vso\tfs\service\webaccess\mywork\testscripts\tests\tfstests.mywork.controls.widget.mycodeview.ts" adapterTypeName="Microsoft.VisualStudio.TestTools.TestTypes.Unit.UnitTestAdapter" className="d:\v2.0\a1\_work\dbded102\vso\tfs\service\webaccess\mywork\testscripts\tests\tfstests.mywork.controls.widget.mycodeview.ts::tfstests.mywork.widgets.mycode" name="TFSTests.MyWork.Widgets.MyCode.Grid WhenRowIsCtrlClickedFireEventWithBlankTarget" />
    </UnitTest>
    <UnitTest name="TFSTests.MyWork.Widgets.MyCode.Grid WhenRowIsShiftClickedFireEventWithBlankTargetAndScreenHeightAndWidthFeatures" storage="d:\v2.0\a1\_work\dbded102\vso\tfs\service\webaccess\mywork\testscripts\tests\tfstests.mywork.controls.widget.mycodeview.ts" id="60271625-911d-4623-8b9c-93a06ce62497">
      <Execution id="a9083cdd-b006-4fa1-8dbc-692c40c9371a" />
      <TestMethod codeBase="d:\v2.0\a1\_work\dbded102\vso\tfs\service\webaccess\mywork\testscripts\tests\tfstests.mywork.controls.widget.mycodeview.ts" adapterTypeName="Microsoft.VisualStudio.TestTools.TestTypes.Unit.UnitTestAdapter" className="d:\v2.0\a1\_work\dbded102\vso\tfs\service\webaccess\mywork\testscripts\tests\tfstests.mywork.controls.widget.mycodeview.ts::tfstests.mywork.widgets.mycode" name="TFSTests.MyWork.Widgets.MyCode.Grid WhenRowIsShiftClickedFireEventWithBlankTargetAndScreenHeightAndWidthFeatures" />
    </UnitTest>
    <UnitTest name="TFSTests.MyWork.Widgets.MyCodeWidget GridIsInitialized" storage="d:\v2.0\a1\_work\dbded102\vso\tfs\service\webaccess\mywork\testscripts\tests\tfstests.mywork.controls.widget.mycodeview.ts" id="78bcedc1-6a25-4373-8fdc-8946bc9bc6b3">
      <Execution id="5d6eff5f-6283-4f22-af3f-73376d71a653" />
      <TestMethod codeBase="d:\v2.0\a1\_work\dbded102\vso\tfs\service\webaccess\mywork\testscripts\tests\tfstests.mywork.controls.widget.mycodeview.ts" adapterTypeName="Microsoft.VisualStudio.TestTools.TestTypes.Unit.UnitTestAdapter" className="d:\v2.0\a1\_work\dbded102\vso\tfs\service\webaccess\mywork\testscripts\tests\tfstests.mywork.controls.widget.mycodeview.ts::tfstests.mywork.widgets" name="TFSTests.MyWork.Widgets.MyCodeWidget GridIsInitialized" />
    </UnitTest>
    <UnitTest name="TFSTests.MyWork.Widgets.MyCodeWidget MenuIsInitialized" storage="d:\v2.0\a1\_work\dbded102\vso\tfs\service\webaccess\mywork\testscripts\tests\tfstests.mywork.controls.widget.mycodeview.ts" id="cb8cdd23-f9ae-4aad-962d-7a587116ce71">
      <Execution id="38098ae6-229d-4221-adb9-a1af2ad5aafb" />
      <TestMethod codeBase="d:\v2.0\a1\_work\dbded102\vso\tfs\service\webaccess\mywork\testscripts\tests\tfstests.mywork.controls.widget.mycodeview.ts" adapterTypeName="Microsoft.VisualStudio.TestTools.TestTypes.Unit.UnitTestAdapter" className="d:\v2.0\a1\_work\dbded102\vso\tfs\service\webaccess\mywork\testscripts\tests\tfstests.mywork.controls.widget.mycodeview.ts::tfstests.mywork.widgets" name="TFSTests.MyWork.Widgets.MyCodeWidget MenuIsInitialized" />
    </UnitTest>
    <UnitTest name="TFSTests.MyWork.Widgets.MyCodeWidget WhenThereIsNoDataThenDisplayNoResultsMessageInsteadOfGrid" storage="d:\v2.0\a1\_work\dbded102\vso\tfs\service\webaccess\mywork\testscripts\tests\tfstests.mywork.controls.widget.mycodeview.ts" id="f67f0f59-91a7-4bc8-8717-e6658f29e809">
      <Execution id="53be7aad-f3d5-414d-abb7-e01e70eda358" />
      <TestMethod codeBase="d:\v2.0\a1\_work\dbded102\vso\tfs\service\webaccess\mywork\testscripts\tests\tfstests.mywork.controls.widget.mycodeview.ts" adapterTypeName="Microsoft.VisualStudio.TestTools.TestTypes.Unit.UnitTestAdapter" className="d:\v2.0\a1\_work\dbded102\vso\tfs\service\webaccess\mywork\testscripts\tests\tfstests.mywork.controls.widget.mycodeview.ts::tfstests.mywork.widgets" name="TFSTests.MyWork.Widgets.MyCodeWidget WhenThereIsNoDataThenDisplayNoResultsMessageInsteadOfGrid" />
    </UnitTest>
    <UnitTest name="TFSTests.MyWork.Widgets.MyCodeWidget IfThereIsDataThenDisplayIt" storage="d:\v2.0\a1\_work\dbded102\vso\tfs\service\webaccess\mywork\testscripts\tests\tfstests.mywork.controls.widget.mycodeview.ts" id="740fc292-9f2a-40df-b582-421754f20a48">
      <Execution id="b7b4f463-52f5-46a9-8469-59254096d3a8" />
      <TestMethod codeBase="d:\v2.0\a1\_work\dbded102\vso\tfs\service\webaccess\mywork\testscripts\tests\tfstests.mywork.controls.widget.mycodeview.ts" adapterTypeName="Microsoft.VisualStudio.TestTools.TestTypes.Unit.UnitTestAdapter" className="d:\v2.0\a1\_work\dbded102\vso\tfs\service\webaccess\mywork\testscripts\tests\tfstests.mywork.controls.widget.mycodeview.ts::tfstests.mywork.widgets" name="TFSTests.MyWork.Widgets.MyCodeWidget IfThereIsDataThenDisplayIt" />
    </UnitTest>
    <UnitTest name="TFSTests.MyWork.Widgets.MyCodeWidget RemoveFromMRUEventTriggersServerCallAndRefresh" storage="d:\v2.0\a1\_work\dbded102\vso\tfs\service\webaccess\mywork\testscripts\tests\tfstests.mywork.controls.widget.mycodeview.ts" id="42e76422-f153-471a-8cf9-b54cfdf8488a">
      <Execution id="7b184a72-488f-4cee-bd57-fa2d6199bec8" />
      <TestMethod codeBase="d:\v2.0\a1\_work\dbded102\vso\tfs\service\webaccess\mywork\testscripts\tests\tfstests.mywork.controls.widget.mycodeview.ts" adapterTypeName="Microsoft.VisualStudio.TestTools.TestTypes.Unit.UnitTestAdapter" className="d:\v2.0\a1\_work\dbded102\vso\tfs\service\webaccess\mywork\testscripts\tests\tfstests.mywork.controls.widget.mycodeview.ts::tfstests.mywork.widgets" name="TFSTests.MyWork.Widgets.MyCodeWidget RemoveFromMRUEventTriggersServerCallAndRefresh" />
    </UnitTest>
    <UnitTest name="TFSTests.MyWork.Widgets.MyCodeWidget RepoClickEventPublishesTelemetry" storage="d:\v2.0\a1\_work\dbded102\vso\tfs\service\webaccess\mywork\testscripts\tests\tfstests.mywork.controls.widget.mycodeview.ts" id="060662f2-8111-4ba3-87bd-93fe6dd2a1c5">
      <Execution id="f0930827-9303-442a-aae8-906c2bca302f" />
      <TestMethod codeBase="d:\v2.0\a1\_work\dbded102\vso\tfs\service\webaccess\mywork\testscripts\tests\tfstests.mywork.controls.widget.mycodeview.ts" adapterTypeName="Microsoft.VisualStudio.TestTools.TestTypes.Unit.UnitTestAdapter" className="d:\v2.0\a1\_work\dbded102\vso\tfs\service\webaccess\mywork\testscripts\tests\tfstests.mywork.controls.widget.mycodeview.ts::tfstests.mywork.widgets" name="TFSTests.MyWork.Widgets.MyCodeWidget RepoClickEventPublishesTelemetry" />
    </UnitTest>
    <UnitTest name="TFSTests.MyWork.Widgets.MyCodeWidget RemoveFromMRUEventPublishesTelemetry" storage="d:\v2.0\a1\_work\dbded102\vso\tfs\service\webaccess\mywork\testscripts\tests\tfstests.mywork.controls.widget.mycodeview.ts" id="24be16f0-f97f-4b27-beb8-2ec2ba46a282">
      <Execution id="969f2be6-b29c-46d3-b3bb-da916011bcf4" />
      <TestMethod codeBase="d:\v2.0\a1\_work\dbded102\vso\tfs\service\webaccess\mywork\testscripts\tests\tfstests.mywork.controls.widget.mycodeview.ts" adapterTypeName="Microsoft.VisualStudio.TestTools.TestTypes.Unit.UnitTestAdapter" className="d:\v2.0\a1\_work\dbded102\vso\tfs\service\webaccess\mywork\testscripts\tests\tfstests.mywork.controls.widget.mycodeview.ts::tfstests.mywork.widgets" name="TFSTests.MyWork.Widgets.MyCodeWidget RemoveFromMRUEventPublishesTelemetry" />
    </UnitTest>
    <UnitTest name="TFSTests.MyWork.Widgets.ProjectsAndTeamsWidget.Menu MenuHasNewProjectActionIfUserHasPermission" storage="d:\v2.0\a1\_work\dbded102\vso\tfs\service\webaccess\mywork\testscripts\tests\tfstests.mywork.controls.widget.mycodeview.ts" id="f4e35572-6bac-4475-a9a2-722cfce38de2">
      <Execution id="95111ff2-adfb-466d-a8f0-5b22a7aca430" />
      <TestMethod codeBase="d:\v2.0\a1\_work\dbded102\vso\tfs\service\webaccess\mywork\testscripts\tests\tfstests.mywork.controls.widget.mycodeview.ts" adapterTypeName="Microsoft.VisualStudio.TestTools.TestTypes.Unit.UnitTestAdapter" className="d:\v2.0\a1\_work\dbded102\vso\tfs\service\webaccess\mywork\testscripts\tests\tfstests.mywork.controls.widget.mycodeview.ts::tfstests.mywork.widgets.projectsandteamswidget" name="TFSTests.MyWork.Widgets.ProjectsAndTeamsWidget.Menu MenuHasNewProjectActionIfUserHasPermission" />
    </UnitTest>
    <UnitTest name="TFSTests.MyWork.Widgets.ProjectsAndTeamsWidget.Menu MenuHidesNewProjectActionIfUserDoesNotHavePermission" storage="d:\v2.0\a1\_work\dbded102\vso\tfs\service\webaccess\mywork\testscripts\tests\tfstests.mywork.controls.widget.projectsandteamsview.ts" id="8042001c-2443-4f51-9ed8-6d5aa6f67a91">
      <Execution id="28b37a7a-2bd6-4bbb-a41c-ab669b6c6b4e" />
      <TestMethod codeBase="d:\v2.0\a1\_work\dbded102\vso\tfs\service\webaccess\mywork\testscripts\tests\tfstests.mywork.controls.widget.projectsandteamsview.ts" adapterTypeName="Microsoft.VisualStudio.TestTools.TestTypes.Unit.UnitTestAdapter" className="d:\v2.0\a1\_work\dbded102\vso\tfs\service\webaccess\mywork\testscripts\tests\tfstests.mywork.controls.widget.projectsandteamsview.ts::tfstests.mywork.widgets.projectsandteamswidget" name="TFSTests.MyWork.Widgets.ProjectsAndTeamsWidget.Menu MenuHidesNewProjectActionIfUserDoesNotHavePermission" />
    </UnitTest>
    <UnitTest name="TFSTests.MyWork.Widgets.ProjectsAndTeamsWidget.Menu OnClickNewProjectActionOpensNewProjectDialogIfUserHasPermission" storage="d:\v2.0\a1\_work\dbded102\vso\tfs\service\webaccess\mywork\testscripts\tests\tfstests.mywork.controls.widget.projectsandteamsview.ts" id="6edd9352-42f9-4448-a157-d2a233905b4a">
      <Execution id="7a91b6b9-a169-48a0-a316-b03c8673e3d8" />
      <TestMethod codeBase="d:\v2.0\a1\_work\dbded102\vso\tfs\service\webaccess\mywork\testscripts\tests\tfstests.mywork.controls.widget.projectsandteamsview.ts" adapterTypeName="Microsoft.VisualStudio.TestTools.TestTypes.Unit.UnitTestAdapter" className="d:\v2.0\a1\_work\dbded102\vso\tfs\service\webaccess\mywork\testscripts\tests\tfstests.mywork.controls.widget.projectsandteamsview.ts::tfstests.mywork.widgets.projectsandteamswidget" name="TFSTests.MyWork.Widgets.ProjectsAndTeamsWidget.Menu OnClickNewProjectActionOpensNewProjectDialogIfUserHasPermission" />
    </UnitTest>
    <UnitTest name="TFSTests.MyWork.Widgets.ProjectsAndTeamsWidget.Menu NewProjectEventPublishesTelemetry" storage="d:\v2.0\a1\_work\dbded102\vso\tfs\service\webaccess\mywork\testscripts\tests\tfstests.mywork.controls.widget.projectsandteamsview.ts" id="05898b19-d968-426b-b4e4-d217edb35f39">
      <Execution id="dce2256c-010f-4b40-896b-73938cc395b1" />
      <TestMethod codeBase="d:\v2.0\a1\_work\dbded102\vso\tfs\service\webaccess\mywork\testscripts\tests\tfstests.mywork.controls.widget.projectsandteamsview.ts" adapterTypeName="Microsoft.VisualStudio.TestTools.TestTypes.Unit.UnitTestAdapter" className="d:\v2.0\a1\_work\dbded102\vso\tfs\service\webaccess\mywork\testscripts\tests\tfstests.mywork.controls.widget.projectsandteamsview.ts::tfstests.mywork.widgets.projectsandteamswidget" name="TFSTests.MyWork.Widgets.ProjectsAndTeamsWidget.Menu NewProjectEventPublishesTelemetry" />
    </UnitTest>
    <UnitTest name="TFSTests.MyWork.Widgets.ProjectsAndTeamsWidget.Menu NewProjectActionDoesNotOpenNewProjectDialogIfUserDoesNotHavePermission" storage="d:\v2.0\a1\_work\dbded102\vso\tfs\service\webaccess\mywork\testscripts\tests\tfstests.mywork.controls.widget.projectsandteamsview.ts" id="8303b963-a5ed-4eec-8568-defea65d33a3">
      <Execution id="f19e5fb6-cc32-49c0-bffa-8b1f86e1d71e" />
      <TestMethod codeBase="d:\v2.0\a1\_work\dbded102\vso\tfs\service\webaccess\mywork\testscripts\tests\tfstests.mywork.controls.widget.projectsandteamsview.ts" adapterTypeName="Microsoft.VisualStudio.TestTools.TestTypes.Unit.UnitTestAdapter" className="d:\v2.0\a1\_work\dbded102\vso\tfs\service\webaccess\mywork\testscripts\tests\tfstests.mywork.controls.widget.projectsandteamsview.ts::tfstests.mywork.widgets.projectsandteamswidget" name="TFSTests.MyWork.Widgets.ProjectsAndTeamsWidget.Menu NewProjectActionDoesNotOpenNewProjectDialogIfUserDoesNotHavePermission" />
    </UnitTest>
    <UnitTest name="TFSTests.MyWork.Widgets.ProjectsAndTeamsWidget.Menu MenuHasBrowseProjectAction" storage="d:\v2.0\a1\_work\dbded102\vso\tfs\service\webaccess\mywork\testscripts\tests\tfstests.mywork.controls.widget.projectsandteamsview.ts" id="b68f77bb-94d0-470a-8a23-2efa0f6ef26e">
      <Execution id="b2f5542e-bcda-4f23-959c-d5e387c7e08e" />
      <TestMethod codeBase="d:\v2.0\a1\_work\dbded102\vso\tfs\service\webaccess\mywork\testscripts\tests\tfstests.mywork.controls.widget.projectsandteamsview.ts" adapterTypeName="Microsoft.VisualStudio.TestTools.TestTypes.Unit.UnitTestAdapter" className="d:\v2.0\a1\_work\dbded102\vso\tfs\service\webaccess\mywork\testscripts\tests\tfstests.mywork.controls.widget.projectsandteamsview.ts::tfstests.mywork.widgets.projectsandteamswidget" name="TFSTests.MyWork.Widgets.ProjectsAndTeamsWidget.Menu MenuHasBrowseProjectAction" />
    </UnitTest>
    <UnitTest name="TFSTests.MyWork.Widgets.ProjectsAndTeamsWidget.Menu OnClickBrowseProjectsActionOpensBrowseDialog" storage="d:\v2.0\a1\_work\dbded102\vso\tfs\service\webaccess\mywork\testscripts\tests\tfstests.mywork.controls.widget.projectsandteamsview.ts" id="95c05409-dc79-4a48-b21b-cbd3df111aff">
      <Execution id="33b60e09-07a2-4de0-a132-25e40d6e0026" />
      <TestMethod codeBase="d:\v2.0\a1\_work\dbded102\vso\tfs\service\webaccess\mywork\testscripts\tests\tfstests.mywork.controls.widget.projectsandteamsview.ts" adapterTypeName="Microsoft.VisualStudio.TestTools.TestTypes.Unit.UnitTestAdapter" className="d:\v2.0\a1\_work\dbded102\vso\tfs\service\webaccess\mywork\testscripts\tests\tfstests.mywork.controls.widget.projectsandteamsview.ts::tfstests.mywork.widgets.projectsandteamswidget" name="TFSTests.MyWork.Widgets.ProjectsAndTeamsWidget.Menu OnClickBrowseProjectsActionOpensBrowseDialog" />
    </UnitTest>
    <UnitTest name="TFSTests.MyWork.Widgets.ProjectsAndTeamsWidget.Menu BrowseProjectsEventPublishesTelemetry" storage="d:\v2.0\a1\_work\dbded102\vso\tfs\service\webaccess\mywork\testscripts\tests\tfstests.mywork.controls.widget.projectsandteamsview.ts" id="0e37dbb0-40a7-4af0-aea7-d580269da748">
      <Execution id="7dea2587-717c-4999-b5eb-426c611e4ea9" />
      <TestMethod codeBase="d:\v2.0\a1\_work\dbded102\vso\tfs\service\webaccess\mywork\testscripts\tests\tfstests.mywork.controls.widget.projectsandteamsview.ts" adapterTypeName="Microsoft.VisualStudio.TestTools.TestTypes.Unit.UnitTestAdapter" className="d:\v2.0\a1\_work\dbded102\vso\tfs\service\webaccess\mywork\testscripts\tests\tfstests.mywork.controls.widget.projectsandteamsview.ts::tfstests.mywork.widgets.projectsandteamswidget" name="TFSTests.MyWork.Widgets.ProjectsAndTeamsWidget.Menu BrowseProjectsEventPublishesTelemetry" />
    </UnitTest>
    <UnitTest name="TFSTests.MyWork.Widgets.ProjectsAndTeamsWidget.Grid GridDoesNotHaveHeader" storage="d:\v2.0\a1\_work\dbded102\vso\tfs\service\webaccess\mywork\testscripts\tests\tfstests.mywork.controls.widget.projectsandteamsview.ts" id="1ea417cc-549d-42aa-8401-b712c3ce8655">
      <Execution id="e56598b7-8a84-469e-a964-3092050feac3" />
      <TestMethod codeBase="d:\v2.0\a1\_work\dbded102\vso\tfs\service\webaccess\mywork\testscripts\tests\tfstests.mywork.controls.widget.projectsandteamsview.ts" adapterTypeName="Microsoft.VisualStudio.TestTools.TestTypes.Unit.UnitTestAdapter" className="d:\v2.0\a1\_work\dbded102\vso\tfs\service\webaccess\mywork\testscripts\tests\tfstests.mywork.controls.widget.projectsandteamsview.ts::tfstests.mywork.widgets.projectsandteamswidget" name="TFSTests.MyWork.Widgets.ProjectsAndTeamsWidget.Grid GridDoesNotHaveHeader" />
    </UnitTest>
    <UnitTest name="TFSTests.MyWork.Widgets.ProjectsAndTeamsWidget.Grid GridHasTextColumn" storage="d:\v2.0\a1\_work\dbded102\vso\tfs\service\webaccess\mywork\testscripts\tests\tfstests.mywork.controls.widget.projectsandteamsview.ts" id="83a1389a-1e53-40be-b780-f436b1d85d85">
      <Execution id="f5ed0814-3477-4727-ab62-b6efddf7c93e" />
      <TestMethod codeBase="d:\v2.0\a1\_work\dbded102\vso\tfs\service\webaccess\mywork\testscripts\tests\tfstests.mywork.controls.widget.projectsandteamsview.ts" adapterTypeName="Microsoft.VisualStudio.TestTools.TestTypes.Unit.UnitTestAdapter" className="d:\v2.0\a1\_work\dbded102\vso\tfs\service\webaccess\mywork\testscripts\tests\tfstests.mywork.controls.widget.projectsandteamsview.ts::tfstests.mywork.widgets.projectsandteamswidget" name="TFSTests.MyWork.Widgets.ProjectsAndTeamsWidget.Grid GridHasTextColumn" />
    </UnitTest>
    <UnitTest name="TFSTests.MyWork.Widgets.ProjectsAndTeamsWidget.Grid GridDoesNotHaveGutter" storage="d:\v2.0\a1\_work\dbded102\vso\tfs\service\webaccess\mywork\testscripts\tests\tfstests.mywork.controls.widget.projectsandteamsview.ts" id="a3412d02-e28b-4c3c-88e5-7f2677a1c892">
      <Execution id="9049cae6-2490-4de3-99b6-c4d1be1b1bc8" />
      <TestMethod codeBase="d:\v2.0\a1\_work\dbded102\vso\tfs\service\webaccess\mywork\testscripts\tests\tfstests.mywork.controls.widget.projectsandteamsview.ts" adapterTypeName="Microsoft.VisualStudio.TestTools.TestTypes.Unit.UnitTestAdapter" className="d:\v2.0\a1\_work\dbded102\vso\tfs\service\webaccess\mywork\testscripts\tests\tfstests.mywork.controls.widget.projectsandteamsview.ts::tfstests.mywork.widgets.projectsandteamswidget" name="TFSTests.MyWork.Widgets.ProjectsAndTeamsWidget.Grid GridDoesNotHaveGutter" />
    </UnitTest>
    <UnitTest name="TFSTests.MyWork.Widgets.ProjectsAndTeamsWidget.Grid WhenRowIsClickedFireClickProjectEventWithRowData" storage="d:\v2.0\a1\_work\dbded102\vso\tfs\service\webaccess\mywork\testscripts\tests\tfstests.mywork.controls.widget.projectsandteamsview.ts" id="cfe4f7cb-ebab-4fc7-a40b-c5bf8a7804b6">
      <Execution id="10c9844d-eeaf-415b-afc1-6e013ed35b9b" />
      <TestMethod codeBase="d:\v2.0\a1\_work\dbded102\vso\tfs\service\webaccess\mywork\testscripts\tests\tfstests.mywork.controls.widget.projectsandteamsview.ts" adapterTypeName="Microsoft.VisualStudio.TestTools.TestTypes.Unit.UnitTestAdapter" className="d:\v2.0\a1\_work\dbded102\vso\tfs\service\webaccess\mywork\testscripts\tests\tfstests.mywork.controls.widget.projectsandteamsview.ts::tfstests.mywork.widgets.projectsandteamswidget" name="TFSTests.MyWork.Widgets.ProjectsAndTeamsWidget.Grid WhenRowIsClickedFireClickProjectEventWithRowData" />
    </UnitTest>
    <UnitTest name="TFSTests.MyWork.Widgets.ProjectsAndTeamsWidget.Grid WhenRowIsCtrlClickedFireEventWithBlankTarget" storage="d:\v2.0\a1\_work\dbded102\vso\tfs\service\webaccess\mywork\testscripts\tests\tfstests.mywork.controls.widget.projectsandteamsview.ts" id="c9d13684-5187-403d-a4b3-da7eec666b15">
      <Execution id="e2b6a105-4150-4b36-bb2f-d9f9b9bac8c0" />
      <TestMethod codeBase="d:\v2.0\a1\_work\dbded102\vso\tfs\service\webaccess\mywork\testscripts\tests\tfstests.mywork.controls.widget.projectsandteamsview.ts" adapterTypeName="Microsoft.VisualStudio.TestTools.TestTypes.Unit.UnitTestAdapter" className="d:\v2.0\a1\_work\dbded102\vso\tfs\service\webaccess\mywork\testscripts\tests\tfstests.mywork.controls.widget.projectsandteamsview.ts::tfstests.mywork.widgets.projectsandteamswidget" name="TFSTests.MyWork.Widgets.ProjectsAndTeamsWidget.Grid WhenRowIsCtrlClickedFireEventWithBlankTarget" />
    </UnitTest>
    <UnitTest name="TFSTests.MyWork.Widgets.ProjectsAndTeamsWidget.Grid WhenRowIsShiftClickedFireEventWithBlankTargetAndScreenHeightAndWidthFeatures" storage="d:\v2.0\a1\_work\dbded102\vso\tfs\service\webaccess\mywork\testscripts\tests\tfstests.mywork.controls.widget.projectsandteamsview.ts" id="bead1b43-f043-4151-8329-ad4439d47ffd">
      <Execution id="bb6e6267-8edf-4b0d-8890-97d3d9e956ed" />
      <TestMethod codeBase="d:\v2.0\a1\_work\dbded102\vso\tfs\service\webaccess\mywork\testscripts\tests\tfstests.mywork.controls.widget.projectsandteamsview.ts" adapterTypeName="Microsoft.VisualStudio.TestTools.TestTypes.Unit.UnitTestAdapter" className="d:\v2.0\a1\_work\dbded102\vso\tfs\service\webaccess\mywork\testscripts\tests\tfstests.mywork.controls.widget.projectsandteamsview.ts::tfstests.mywork.widgets.projectsandteamswidget" name="TFSTests.MyWork.Widgets.ProjectsAndTeamsWidget.Grid WhenRowIsShiftClickedFireEventWithBlankTargetAndScreenHeightAndWidthFeatures" />
    </UnitTest>
    <UnitTest name="TFSTests.MyWork.Widgets.ProjectsAndTeamsWidget GridIsInitialized" storage="d:\v2.0\a1\_work\dbded102\vso\tfs\service\webaccess\mywork\testscripts\tests\tfstests.mywork.controls.widget.projectsandteamsview.ts" id="688af1ae-8426-4f32-973d-ba9c47cd7568">
      <Execution id="90041ad0-5f5e-40c1-a006-f9b597389653" />
      <TestMethod codeBase="d:\v2.0\a1\_work\dbded102\vso\tfs\service\webaccess\mywork\testscripts\tests\tfstests.mywork.controls.widget.projectsandteamsview.ts" adapterTypeName="Microsoft.VisualStudio.TestTools.TestTypes.Unit.UnitTestAdapter" className="d:\v2.0\a1\_work\dbded102\vso\tfs\service\webaccess\mywork\testscripts\tests\tfstests.mywork.controls.widget.projectsandteamsview.ts::tfstests.mywork.widgets" name="TFSTests.MyWork.Widgets.ProjectsAndTeamsWidget GridIsInitialized" />
    </UnitTest>
    <UnitTest name="TFSTests.MyWork.Widgets.ProjectsAndTeamsWidget MenuIsInitialized" storage="d:\v2.0\a1\_work\dbded102\vso\tfs\service\webaccess\mywork\testscripts\tests\tfstests.mywork.controls.widget.projectsandteamsview.ts" id="0b751144-7fd4-4054-bc0b-4ac3ff7b7fa8">
      <Execution id="7b455177-6108-4d6f-a939-d354be56711a" />
      <TestMethod codeBase="d:\v2.0\a1\_work\dbded102\vso\tfs\service\webaccess\mywork\testscripts\tests\tfstests.mywork.controls.widget.projectsandteamsview.ts" adapterTypeName="Microsoft.VisualStudio.TestTools.TestTypes.Unit.UnitTestAdapter" className="d:\v2.0\a1\_work\dbded102\vso\tfs\service\webaccess\mywork\testscripts\tests\tfstests.mywork.controls.widget.projectsandteamsview.ts::tfstests.mywork.widgets" name="TFSTests.MyWork.Widgets.ProjectsAndTeamsWidget MenuIsInitialized" />
    </UnitTest>
    <UnitTest name="TFSTests.MyWork.Widgets.ProjectsAndTeamsWidget WhenThereIsNoDataThenDisplayNoResultsMessageInsteadOfGrid" storage="d:\v2.0\a1\_work\dbded102\vso\tfs\service\webaccess\mywork\testscripts\tests\tfstests.mywork.controls.widget.projectsandteamsview.ts" id="a5050f5b-08ec-4a06-8aa5-42c5412f5021">
      <Execution id="f9f58a04-6beb-46db-8892-c205d687efb0" />
      <TestMethod codeBase="d:\v2.0\a1\_work\dbded102\vso\tfs\service\webaccess\mywork\testscripts\tests\tfstests.mywork.controls.widget.projectsandteamsview.ts" adapterTypeName="Microsoft.VisualStudio.TestTools.TestTypes.Unit.UnitTestAdapter" className="d:\v2.0\a1\_work\dbded102\vso\tfs\service\webaccess\mywork\testscripts\tests\tfstests.mywork.controls.widget.projectsandteamsview.ts::tfstests.mywork.widgets" name="TFSTests.MyWork.Widgets.ProjectsAndTeamsWidget WhenThereIsNoDataThenDisplayNoResultsMessageInsteadOfGrid" />
    </UnitTest>
    <UnitTest name="TFSTests.MyWork.Widgets.ProjectsAndTeamsWidget IfThereIsDataThenDisplayIt" storage="d:\v2.0\a1\_work\dbded102\vso\tfs\service\webaccess\mywork\testscripts\tests\tfstests.mywork.controls.widget.projectsandteamsview.ts" id="f851dcc0-9a14-4e73-969a-3a07eed61828">
      <Execution id="96f4af3f-61af-4a8b-878c-1ea4f421516e" />
      <TestMethod codeBase="d:\v2.0\a1\_work\dbded102\vso\tfs\service\webaccess\mywork\testscripts\tests\tfstests.mywork.controls.widget.projectsandteamsview.ts" adapterTypeName="Microsoft.VisualStudio.TestTools.TestTypes.Unit.UnitTestAdapter" className="d:\v2.0\a1\_work\dbded102\vso\tfs\service\webaccess\mywork\testscripts\tests\tfstests.mywork.controls.widget.projectsandteamsview.ts::tfstests.mywork.widgets" name="TFSTests.MyWork.Widgets.ProjectsAndTeamsWidget IfThereIsDataThenDisplayIt" />
    </UnitTest>
    <UnitTest name="TFSTests.MyWork.Widgets.ProjectsAndTeamsWidget RemoveFromMRUEventTriggersServerCallAndRefresh" storage="d:\v2.0\a1\_work\dbded102\vso\tfs\service\webaccess\mywork\testscripts\tests\tfstests.mywork.controls.widget.projectsandteamsview.ts" id="fecacae0-5f7c-4252-96ba-6298d3888918">
      <Execution id="ec7d47f0-667a-4225-a3ca-61a25ae44396" />
      <TestMethod codeBase="d:\v2.0\a1\_work\dbded102\vso\tfs\service\webaccess\mywork\testscripts\tests\tfstests.mywork.controls.widget.projectsandteamsview.ts" adapterTypeName="Microsoft.VisualStudio.TestTools.TestTypes.Unit.UnitTestAdapter" className="d:\v2.0\a1\_work\dbded102\vso\tfs\service\webaccess\mywork\testscripts\tests\tfstests.mywork.controls.widget.projectsandteamsview.ts::tfstests.mywork.widgets" name="TFSTests.MyWork.Widgets.ProjectsAndTeamsWidget RemoveFromMRUEventTriggersServerCallAndRefresh" />
    </UnitTest>
    <UnitTest name="TFSTests.MyWork.Widgets.ProjectsAndTeamsWidget ProjectClickEventNavigatesToProject" storage="d:\v2.0\a1\_work\dbded102\vso\tfs\service\webaccess\mywork\testscripts\tests\tfstests.mywork.controls.widget.projectsandteamsview.ts" id="1c57acea-e4cc-4a00-94ec-b9516bca3a68">
      <Execution id="8d16a141-93be-4591-a503-206984f97d4b" />
      <TestMethod codeBase="d:\v2.0\a1\_work\dbded102\vso\tfs\service\webaccess\mywork\testscripts\tests\tfstests.mywork.controls.widget.projectsandteamsview.ts" adapterTypeName="Microsoft.VisualStudio.TestTools.TestTypes.Unit.UnitTestAdapter" className="d:\v2.0\a1\_work\dbded102\vso\tfs\service\webaccess\mywork\testscripts\tests\tfstests.mywork.controls.widget.projectsandteamsview.ts::tfstests.mywork.widgets" name="TFSTests.MyWork.Widgets.ProjectsAndTeamsWidget ProjectClickEventNavigatesToProject" />
    </UnitTest>
    <UnitTest name="TFSTests.MyWork.Widgets.ProjectsAndTeamsWidget ProjectClickEventPublishesTelemetry" storage="d:\v2.0\a1\_work\dbded102\vso\tfs\service\webaccess\mywork\testscripts\tests\tfstests.mywork.controls.widget.projectsandteamsview.ts" id="3876ef6c-d0ee-44d8-bae0-93a5cf5507ed">
      <Execution id="5d7498e2-8435-4d6e-814e-994b711c0995" />
      <TestMethod codeBase="d:\v2.0\a1\_work\dbded102\vso\tfs\service\webaccess\mywork\testscripts\tests\tfstests.mywork.controls.widget.projectsandteamsview.ts" adapterTypeName="Microsoft.VisualStudio.TestTools.TestTypes.Unit.UnitTestAdapter" className="d:\v2.0\a1\_work\dbded102\vso\tfs\service\webaccess\mywork\testscripts\tests\tfstests.mywork.controls.widget.projectsandteamsview.ts::tfstests.mywork.widgets" name="TFSTests.MyWork.Widgets.ProjectsAndTeamsWidget ProjectClickEventPublishesTelemetry" />
    </UnitTest>
    <UnitTest name="TFSTests.MyWork.Widgets.ProjectsAndTeamsWidget RemoveFromMRUEventPublishesTelemetry" storage="d:\v2.0\a1\_work\dbded102\vso\tfs\service\webaccess\mywork\testscripts\tests\tfstests.mywork.controls.widget.projectsandteamsview.ts" id="44e84a2f-e202-4b89-8148-5c687363a18f">
      <Execution id="e3973cdf-d2ff-4977-8bb5-8e95d7cd6a5a" />
      <TestMethod codeBase="d:\v2.0\a1\_work\dbded102\vso\tfs\service\webaccess\mywork\testscripts\tests\tfstests.mywork.controls.widget.projectsandteamsview.ts" adapterTypeName="Microsoft.VisualStudio.TestTools.TestTypes.Unit.UnitTestAdapter" className="d:\v2.0\a1\_work\dbded102\vso\tfs\service\webaccess\mywork\testscripts\tests\tfstests.mywork.controls.widget.projectsandteamsview.ts::tfstests.mywork.widgets" name="TFSTests.MyWork.Widgets.ProjectsAndTeamsWidget RemoveFromMRUEventPublishesTelemetry" />
    </UnitTest>
    <UnitTest name="TFSTests.MyWork.Widget.Build GridIsInitialized" storage="d:\v2.0\a1\_work\dbded102\vso\tfs\service\webaccess\mywork\testscripts\tests\tfstests.mywork.controls.widget.projectsandteamsview.ts" id="41954dd8-67fa-45db-89ad-f3a8ab00762d">
      <Execution id="0a48c7e0-6ef0-4d00-aadc-783301f7f304" />
      <TestMethod codeBase="d:\v2.0\a1\_work\dbded102\vso\tfs\service\webaccess\mywork\testscripts\tests\tfstests.mywork.controls.widget.projectsandteamsview.ts" adapterTypeName="Microsoft.VisualStudio.TestTools.TestTypes.Unit.UnitTestAdapter" className="d:\v2.0\a1\_work\dbded102\vso\tfs\service\webaccess\mywork\testscripts\tests\tfstests.mywork.controls.widget.projectsandteamsview.ts::tfstests.mywork.widget" name="TFSTests.MyWork.Widget.Build GridIsInitialized" />
    </UnitTest>
    <UnitTest name="TFSTests.MyWork.Widget.Build BuildWidgetRenderCallsGetWidgetSettings" storage="d:\v2.0\a1\_work\dbded102\vso\tfs\service\webaccess\mywork\testscripts\tests\tfstests.mywork.controls.widget.buildview.ts" id="80618827-aa16-4263-9885-4adcf5b01020">
      <Execution id="2a4c8b92-945e-4d05-9402-ca603f2d2f17" />
      <TestMethod codeBase="d:\v2.0\a1\_work\dbded102\vso\tfs\service\webaccess\mywork\testscripts\tests\tfstests.mywork.controls.widget.buildview.ts" adapterTypeName="Microsoft.VisualStudio.TestTools.TestTypes.Unit.UnitTestAdapter" className="d:\v2.0\a1\_work\dbded102\vso\tfs\service\webaccess\mywork\testscripts\tests\tfstests.mywork.controls.widget.buildview.ts::tfstests.mywork.widget" name="TFSTests.MyWork.Widget.Build BuildWidgetRenderCallsGetWidgetSettings" />
    </UnitTest>
    <UnitTest name="TFSTests.MyWork.Widget.Build WhenNoResultsThenDisplayNoResultsMessage" storage="d:\v2.0\a1\_work\dbded102\vso\tfs\service\webaccess\mywork\testscripts\tests\tfstests.mywork.controls.widget.buildview.ts" id="ee25c33f-d605-4c01-8ca0-f57b0d86758e">
      <Execution id="1d543e19-c83a-4e0d-8e6a-76c4941f5a5e" />
      <TestMethod codeBase="d:\v2.0\a1\_work\dbded102\vso\tfs\service\webaccess\mywork\testscripts\tests\tfstests.mywork.controls.widget.buildview.ts" adapterTypeName="Microsoft.VisualStudio.TestTools.TestTypes.Unit.UnitTestAdapter" className="d:\v2.0\a1\_work\dbded102\vso\tfs\service\webaccess\mywork\testscripts\tests\tfstests.mywork.controls.widget.buildview.ts::tfstests.mywork.widget" name="TFSTests.MyWork.Widget.Build WhenNoResultsThenDisplayNoResultsMessage" />
    </UnitTest>
    <UnitTest name="TFSTests.MyWork.Widget.Build TitleAnchorLinkIsEnabledWhenThereAreResults" storage="d:\v2.0\a1\_work\dbded102\vso\tfs\service\webaccess\mywork\testscripts\tests\tfstests.mywork.controls.widget.buildview.ts" id="58b4f3f9-ce8d-46a5-89c0-619f0b455098">
      <Execution id="2f2df154-fe1e-4a40-9504-3e5d206a3a4c" />
      <TestMethod codeBase="d:\v2.0\a1\_work\dbded102\vso\tfs\service\webaccess\mywork\testscripts\tests\tfstests.mywork.controls.widget.buildview.ts" adapterTypeName="Microsoft.VisualStudio.TestTools.TestTypes.Unit.UnitTestAdapter" className="d:\v2.0\a1\_work\dbded102\vso\tfs\service\webaccess\mywork\testscripts\tests\tfstests.mywork.controls.widget.buildview.ts::tfstests.mywork.widget" name="TFSTests.MyWork.Widget.Build TitleAnchorLinkIsEnabledWhenThereAreResults" />
    </UnitTest>
    <UnitTest name="TFSTests.MyWork.Widget.Build TitleAnchorLinkIsEnabledWhenNoResults" storage="d:\v2.0\a1\_work\dbded102\vso\tfs\service\webaccess\mywork\testscripts\tests\tfstests.mywork.controls.widget.buildview.ts" id="245ec163-8d8d-4c5f-88b3-89ecc32b5ffa">
      <Execution id="50fcedd4-b2d2-418c-9d1f-316f3284a2cf" />
      <TestMethod codeBase="d:\v2.0\a1\_work\dbded102\vso\tfs\service\webaccess\mywork\testscripts\tests\tfstests.mywork.controls.widget.buildview.ts" adapterTypeName="Microsoft.VisualStudio.TestTools.TestTypes.Unit.UnitTestAdapter" className="d:\v2.0\a1\_work\dbded102\vso\tfs\service\webaccess\mywork\testscripts\tests\tfstests.mywork.controls.widget.buildview.ts::tfstests.mywork.widget" name="TFSTests.MyWork.Widget.Build TitleAnchorLinkIsEnabledWhenNoResults" />
    </UnitTest>
    <UnitTest name="TFSTests.MyWork.Widget.Build ShowMoreAnchorLinkIsEnabledWhenResultsAreOverThreshold" storage="d:\v2.0\a1\_work\dbded102\vso\tfs\service\webaccess\mywork\testscripts\tests\tfstests.mywork.controls.widget.buildview.ts" id="7201e473-512e-4c91-ab0f-ba1fd4a97ea8">
      <Execution id="77479b0d-8255-40f3-a2d5-6e31b0d97b37" />
      <TestMethod codeBase="d:\v2.0\a1\_work\dbded102\vso\tfs\service\webaccess\mywork\testscripts\tests\tfstests.mywork.controls.widget.buildview.ts" adapterTypeName="Microsoft.VisualStudio.TestTools.TestTypes.Unit.UnitTestAdapter" className="d:\v2.0\a1\_work\dbded102\vso\tfs\service\webaccess\mywork\testscripts\tests\tfstests.mywork.controls.widget.buildview.ts::tfstests.mywork.widget" name="TFSTests.MyWork.Widget.Build ShowMoreAnchorLinkIsEnabledWhenResultsAreOverThreshold" />
    </UnitTest>
    <UnitTest name="TFSTests.MyWork.Widget.Build GridHasDataColumn" storage="d:\v2.0\a1\_work\dbded102\vso\tfs\service\webaccess\mywork\testscripts\tests\tfstests.mywork.controls.widget.buildview.ts" id="1c2530e0-6352-4e5e-996c-b52599282bd5">
      <Execution id="57ba5722-2962-4395-875e-e4ce5b924766" />
      <TestMethod codeBase="d:\v2.0\a1\_work\dbded102\vso\tfs\service\webaccess\mywork\testscripts\tests\tfstests.mywork.controls.widget.buildview.ts" adapterTypeName="Microsoft.VisualStudio.TestTools.TestTypes.Unit.UnitTestAdapter" className="d:\v2.0\a1\_work\dbded102\vso\tfs\service\webaccess\mywork\testscripts\tests\tfstests.mywork.controls.widget.buildview.ts::tfstests.mywork.widget" name="TFSTests.MyWork.Widget.Build GridHasDataColumn" />
    </UnitTest>
    <UnitTest name="TFSTests.MyWork.Widget.Build GridHasHistogramColumn" storage="d:\v2.0\a1\_work\dbded102\vso\tfs\service\webaccess\mywork\testscripts\tests\tfstests.mywork.controls.widget.buildview.ts" id="829fac81-e910-48fd-a36a-ac0bef7dfe58">
      <Execution id="63856483-8684-49c7-a36b-5d430a8d547e" />
      <TestMethod codeBase="d:\v2.0\a1\_work\dbded102\vso\tfs\service\webaccess\mywork\testscripts\tests\tfstests.mywork.controls.widget.buildview.ts" adapterTypeName="Microsoft.VisualStudio.TestTools.TestTypes.Unit.UnitTestAdapter" className="d:\v2.0\a1\_work\dbded102\vso\tfs\service\webaccess\mywork\testscripts\tests\tfstests.mywork.controls.widget.buildview.ts::tfstests.mywork.widget" name="TFSTests.MyWork.Widget.Build GridHasHistogramColumn" />
    </UnitTest>
    <UnitTest name="TFSTests.MyWork.Widgets.PullRequestGrid GridHasIconColumn" storage="d:\v2.0\a1\_work\dbded102\vso\tfs\service\webaccess\mywork\testscripts\tests\tfstests.mywork.controls.widget.pullrequestview.ts" id="4f93af9e-ed74-4221-a91f-abc77e3725f1">
      <Execution id="bc9c6289-56f3-4847-9a97-76268bb5f848" />
      <TestMethod codeBase="d:\v2.0\a1\_work\dbded102\vso\tfs\service\webaccess\mywork\testscripts\tests\tfstests.mywork.controls.widget.pullrequestview.ts" adapterTypeName="Microsoft.VisualStudio.TestTools.TestTypes.Unit.UnitTestAdapter" className="d:\v2.0\a1\_work\dbded102\vso\tfs\service\webaccess\mywork\testscripts\tests\tfstests.mywork.controls.widget.pullrequestview.ts::tfstests.mywork.widgets" name="TFSTests.MyWork.Widgets.PullRequestGrid GridHasIconColumn" />
    </UnitTest>
    <UnitTest name="TFSTests.MyWork.Widgets.PullRequestGrid GridHasDataColumn" storage="d:\v2.0\a1\_work\dbded102\vso\tfs\service\webaccess\mywork\testscripts\tests\tfstests.mywork.controls.widget.pullrequestview.ts" id="3ffeae72-c83b-4d67-92df-e5badee2bc97">
      <Execution id="c5d06d4d-8757-43ac-a457-6b2fdbb33deb" />
      <TestMethod codeBase="d:\v2.0\a1\_work\dbded102\vso\tfs\service\webaccess\mywork\testscripts\tests\tfstests.mywork.controls.widget.pullrequestview.ts" adapterTypeName="Microsoft.VisualStudio.TestTools.TestTypes.Unit.UnitTestAdapter" className="d:\v2.0\a1\_work\dbded102\vso\tfs\service\webaccess\mywork\testscripts\tests\tfstests.mywork.controls.widget.pullrequestview.ts::tfstests.mywork.widgets" name="TFSTests.MyWork.Widgets.PullRequestGrid GridHasDataColumn" />
    </UnitTest>
    <UnitTest name="TFSTests.MyWork.Widgets.PullRequestGrid LastChangeColumnCallsAgoFunctionForFormatting" storage="d:\v2.0\a1\_work\dbded102\vso\tfs\service\webaccess\mywork\testscripts\tests\tfstests.mywork.controls.widget.pullrequestview.ts" id="79d64fd4-7f15-463f-b5e2-1f25a308babf">
      <Execution id="3db1b075-9332-4ac8-ad61-acafa7d04700" />
      <TestMethod codeBase="d:\v2.0\a1\_work\dbded102\vso\tfs\service\webaccess\mywork\testscripts\tests\tfstests.mywork.controls.widget.pullrequestview.ts" adapterTypeName="Microsoft.VisualStudio.TestTools.TestTypes.Unit.UnitTestAdapter" className="d:\v2.0\a1\_work\dbded102\vso\tfs\service\webaccess\mywork\testscripts\tests\tfstests.mywork.controls.widget.pullrequestview.ts::tfstests.mywork.widgets" name="TFSTests.MyWork.Widgets.PullRequestGrid LastChangeColumnCallsAgoFunctionForFormatting" />
    </UnitTest>
    <UnitTest name="TFSTests.MyWork.Widgets.PullRequestGrid GridUpdateRowSelectionStylesFunctionIsNotExecuted" storage="d:\v2.0\a1\_work\dbded102\vso\tfs\service\webaccess\mywork\testscripts\tests\tfstests.mywork.controls.widget.pullrequestview.ts" id="d5a4d8d6-fb6e-45da-9973-54a8fe8eb456">
      <Execution id="8f5f75c4-c77d-4739-bd6c-b8b33893b29d" />
      <TestMethod codeBase="d:\v2.0\a1\_work\dbded102\vso\tfs\service\webaccess\mywork\testscripts\tests\tfstests.mywork.controls.widget.pullrequestview.ts" adapterTypeName="Microsoft.VisualStudio.TestTools.TestTypes.Unit.UnitTestAdapter" className="d:\v2.0\a1\_work\dbded102\vso\tfs\service\webaccess\mywork\testscripts\tests\tfstests.mywork.controls.widget.pullrequestview.ts::tfstests.mywork.widgets" name="TFSTests.MyWork.Widgets.PullRequestGrid GridUpdateRowSelectionStylesFunctionIsNotExecuted" />
    </UnitTest>
    <UnitTest name="TFSTests.MyWork.Widgets.PullRequestView WidgetRenderCallsGetWidgetSettings" storage="d:\v2.0\a1\_work\dbded102\vso\tfs\service\webaccess\mywork\testscripts\tests\tfstests.mywork.controls.widget.pullrequestview.ts" id="53e97d73-6b7e-42b3-b9dc-534e6faa27c8">
      <Execution id="8f36f559-92ac-4ba5-a327-f628052c1659" />
      <TestMethod codeBase="d:\v2.0\a1\_work\dbded102\vso\tfs\service\webaccess\mywork\testscripts\tests\tfstests.mywork.controls.widget.pullrequestview.ts" adapterTypeName="Microsoft.VisualStudio.TestTools.TestTypes.Unit.UnitTestAdapter" className="d:\v2.0\a1\_work\dbded102\vso\tfs\service\webaccess\mywork\testscripts\tests\tfstests.mywork.controls.widget.pullrequestview.ts::tfstests.mywork.widgets" name="TFSTests.MyWork.Widgets.PullRequestView WidgetRenderCallsGetWidgetSettings" />
    </UnitTest>
    <UnitTest name="TFSTests.MyWork.Widgets.PullRequestView RefreshCallsGetAllProjectsApiWithProjectIdFromSelectorAndQueryTypeAll" storage="d:\v2.0\a1\_work\dbded102\vso\tfs\service\webaccess\mywork\testscripts\tests\tfstests.mywork.controls.widget.pullrequestview.ts" id="8c0c864d-9c64-418c-98c5-636289e9846d">
      <Execution id="a1798fe5-14b0-40e5-b8ef-cfa9d619afc1" />
      <TestMethod codeBase="d:\v2.0\a1\_work\dbded102\vso\tfs\service\webaccess\mywork\testscripts\tests\tfstests.mywork.controls.widget.pullrequestview.ts" adapterTypeName="Microsoft.VisualStudio.TestTools.TestTypes.Unit.UnitTestAdapter" className="d:\v2.0\a1\_work\dbded102\vso\tfs\service\webaccess\mywork\testscripts\tests\tfstests.mywork.controls.widget.pullrequestview.ts::tfstests.mywork.widgets" name="TFSTests.MyWork.Widgets.PullRequestView RefreshCallsGetAllProjectsApiWithProjectIdFromSelectorAndQueryTypeAll" />
    </UnitTest>
    <UnitTest name="TFSTests.MyWork.Widgets.PullRequestView WidgetDoesNotCallApiIfThereIsNoRepo" storage="d:\v2.0\a1\_work\dbded102\vso\tfs\service\webaccess\mywork\testscripts\tests\tfstests.mywork.controls.widget.pullrequestview.ts" id="e29b038d-3e52-4a9d-b9b2-4311eaca3049">
      <Execution id="1d7e0765-196a-4ae9-be54-5dbf18c1f555" />
      <TestMethod codeBase="d:\v2.0\a1\_work\dbded102\vso\tfs\service\webaccess\mywork\testscripts\tests\tfstests.mywork.controls.widget.pullrequestview.ts" adapterTypeName="Microsoft.VisualStudio.TestTools.TestTypes.Unit.UnitTestAdapter" className="d:\v2.0\a1\_work\dbded102\vso\tfs\service\webaccess\mywork\testscripts\tests\tfstests.mywork.controls.widget.pullrequestview.ts::tfstests.mywork.widgets" name="TFSTests.MyWork.Widgets.PullRequestView WidgetDoesNotCallApiIfThereIsNoRepo" />
    </UnitTest>
    <UnitTest name="TFSTests.MyWork.Widgets.PullRequestView WidgetUpdatesStateOfFilterItems" storage="d:\v2.0\a1\_work\dbded102\vso\tfs\service\webaccess\mywork\testscripts\tests\tfstests.mywork.controls.widget.pullrequestview.ts" id="da671fe0-d87a-475e-aa36-cca68009a764">
      <Execution id="99a70144-4565-4ab7-bc6e-4046481a8460" />
      <TestMethod codeBase="d:\v2.0\a1\_work\dbded102\vso\tfs\service\webaccess\mywork\testscripts\tests\tfstests.mywork.controls.widget.pullrequestview.ts" adapterTypeName="Microsoft.VisualStudio.TestTools.TestTypes.Unit.UnitTestAdapter" className="d:\v2.0\a1\_work\dbded102\vso\tfs\service\webaccess\mywork\testscripts\tests\tfstests.mywork.controls.widget.pullrequestview.ts::tfstests.mywork.widgets" name="TFSTests.MyWork.Widgets.PullRequestView WidgetUpdatesStateOfFilterItems" />
    </UnitTest>
    <UnitTest name="TFSTests.MyWork.Widgets.PullRequestView PullRequestWidgetTitleAnchorIsDisabledWhenNoResultsInViewAll" storage="d:\v2.0\a1\_work\dbded102\vso\tfs\service\webaccess\mywork\testscripts\tests\tfstests.mywork.controls.widget.pullrequestview.ts" id="ebf2231c-50ee-4687-8d57-d38a888925c8">
      <Execution id="1c733721-159c-4e3c-aa3c-da877e87f7af" />
      <TestMethod codeBase="d:\v2.0\a1\_work\dbded102\vso\tfs\service\webaccess\mywork\testscripts\tests\tfstests.mywork.controls.widget.pullrequestview.ts" adapterTypeName="Microsoft.VisualStudio.TestTools.TestTypes.Unit.UnitTestAdapter" className="d:\v2.0\a1\_work\dbded102\vso\tfs\service\webaccess\mywork\testscripts\tests\tfstests.mywork.controls.widget.pullrequestview.ts::tfstests.mywork.widgets" name="TFSTests.MyWork.Widgets.PullRequestView PullRequestWidgetTitleAnchorIsDisabledWhenNoResultsInViewAll" />
    </UnitTest>
    <UnitTest name="TFSTests.MyWork.Widgets.PullRequestView PullRequestWidgetTitleAnchorIsEnabledWhenThereAreResults" storage="d:\v2.0\a1\_work\dbded102\vso\tfs\service\webaccess\mywork\testscripts\tests\tfstests.mywork.controls.widget.pullrequestview.ts" id="3caf30ee-45ef-4fbe-8885-9a2b2bf2f598">
      <Execution id="aa3eca62-25bd-4adf-9086-a996021b52ae" />
      <TestMethod codeBase="d:\v2.0\a1\_work\dbded102\vso\tfs\service\webaccess\mywork\testscripts\tests\tfstests.mywork.controls.widget.pullrequestview.ts" adapterTypeName="Microsoft.VisualStudio.TestTools.TestTypes.Unit.UnitTestAdapter" className="d:\v2.0\a1\_work\dbded102\vso\tfs\service\webaccess\mywork\testscripts\tests\tfstests.mywork.controls.widget.pullrequestview.ts::tfstests.mywork.widgets" name="TFSTests.MyWork.Widgets.PullRequestView PullRequestWidgetTitleAnchorIsEnabledWhenThereAreResults" />
    </UnitTest>
    <UnitTest name="TFSTests.MyWork.Widgets.WITWidgetGrid OnSortShouldInitializeFieldsBeforeSorting" storage="d:\v2.0\a1\_work\dbded102\vso\tfs\service\webaccess\mywork\testscripts\tests\tfstests.mywork.controls.widget.witview.ts" id="15b4d715-1edf-4e6e-af13-71727bfef961">
      <Execution id="eaa66759-c69c-4b5c-a31a-ba0e2530e0ce" />
      <TestMethod codeBase="d:\v2.0\a1\_work\dbded102\vso\tfs\service\webaccess\mywork\testscripts\tests\tfstests.mywork.controls.widget.witview.ts" adapterTypeName="Microsoft.VisualStudio.TestTools.TestTypes.Unit.UnitTestAdapter" className="d:\v2.0\a1\_work\dbded102\vso\tfs\service\webaccess\mywork\testscripts\tests\tfstests.mywork.controls.widget.witview.ts::tfstests.mywork.widgets" name="TFSTests.MyWork.Widgets.WITWidgetGrid OnSortShouldInitializeFieldsBeforeSorting" />
    </UnitTest>
    <UnitTest name="TFSTests.MyWork.Widgets.WITWidgetGrid OnSortShouldNotReinitializeFieldsOnceSorted" storage="d:\v2.0\a1\_work\dbded102\vso\tfs\service\webaccess\mywork\testscripts\tests\tfstests.mywork.controls.widget.witview.ts" id="eb6ea65f-ba65-4fda-a8ea-b31caf0af5d0">
      <Execution id="b3631ce8-254e-4cc9-b619-c6e20dfc7bd9" />
      <TestMethod codeBase="d:\v2.0\a1\_work\dbded102\vso\tfs\service\webaccess\mywork\testscripts\tests\tfstests.mywork.controls.widget.witview.ts" adapterTypeName="Microsoft.VisualStudio.TestTools.TestTypes.Unit.UnitTestAdapter" className="d:\v2.0\a1\_work\dbded102\vso\tfs\service\webaccess\mywork\testscripts\tests\tfstests.mywork.controls.widget.witview.ts::tfstests.mywork.widgets" name="TFSTests.MyWork.Widgets.WITWidgetGrid OnSortShouldNotReinitializeFieldsOnceSorted" />
    </UnitTest>
    <UnitTest name="TFSTests.MyWork.Widgets.WITWidgetGrid OnSortShouldLogErrorTelemetryWhenInitializeFieldsFail" storage="d:\v2.0\a1\_work\dbded102\vso\tfs\service\webaccess\mywork\testscripts\tests\tfstests.mywork.controls.widget.witview.ts" id="e3a79336-c725-4075-926d-aad4076db087">
      <Execution id="0224d298-5856-4282-86ae-ee15ea04c5c8" />
      <TestMethod codeBase="d:\v2.0\a1\_work\dbded102\vso\tfs\service\webaccess\mywork\testscripts\tests\tfstests.mywork.controls.widget.witview.ts" adapterTypeName="Microsoft.VisualStudio.TestTools.TestTypes.Unit.UnitTestAdapter" className="d:\v2.0\a1\_work\dbded102\vso\tfs\service\webaccess\mywork\testscripts\tests\tfstests.mywork.controls.widget.witview.ts::tfstests.mywork.widgets" name="TFSTests.MyWork.Widgets.WITWidgetGrid OnSortShouldLogErrorTelemetryWhenInitializeFieldsFail" />
    </UnitTest>
    <UnitTest name="TFSTests.MyWork.Widgets.WITWidgetView Initialize_should_set_widget_state_to_unconfigured_when_query_id_is_not_specified" storage="d:\v2.0\a1\_work\dbded102\vso\tfs\service\webaccess\mywork\testscripts\tests\tfstests.mywork.controls.widget.witview.ts" id="d7870b1e-c69f-47f9-be0f-7324d798970f">
      <Execution id="41acdbfe-752f-44e4-b1cf-95fe5b4bdff1" />
      <TestMethod codeBase="d:\v2.0\a1\_work\dbded102\vso\tfs\service\webaccess\mywork\testscripts\tests\tfstests.mywork.controls.widget.witview.ts" adapterTypeName="Microsoft.VisualStudio.TestTools.TestTypes.Unit.UnitTestAdapter" className="d:\v2.0\a1\_work\dbded102\vso\tfs\service\webaccess\mywork\testscripts\tests\tfstests.mywork.controls.widget.witview.ts::tfstests.mywork.widgets" name="TFSTests.MyWork.Widgets.WITWidgetView Initialize_should_set_widget_state_to_unconfigured_when_query_id_is_not_specified" />
    </UnitTest>
    <UnitTest name="TFSTests.MyWork.Widgets.WITWidgetView Initialize_should_set_state_to_failed_when_failed_to_get_query_by_id" storage="d:\v2.0\a1\_work\dbded102\vso\tfs\service\webaccess\mywork\testscripts\tests\tfstests.mywork.controls.widget.witview.ts" id="b50145f5-b799-45c9-8cda-0efc70303f6e">
      <Execution id="e131cd47-c381-4617-b00b-498c8f31650b" />
      <TestMethod codeBase="d:\v2.0\a1\_work\dbded102\vso\tfs\service\webaccess\mywork\testscripts\tests\tfstests.mywork.controls.widget.witview.ts" adapterTypeName="Microsoft.VisualStudio.TestTools.TestTypes.Unit.UnitTestAdapter" className="d:\v2.0\a1\_work\dbded102\vso\tfs\service\webaccess\mywork\testscripts\tests\tfstests.mywork.controls.widget.witview.ts::tfstests.mywork.widgets" name="TFSTests.MyWork.Widgets.WITWidgetView Initialize_should_set_state_to_failed_when_failed_to_get_query_by_id" />
    </UnitTest>
    <UnitTest name="TFSTests.MyWork.Widget.WitConfiguration.WitConfigurationViewTests WitConfigurationViewTests - Initialize without option" storage="d:\v2.0\a1\_work\dbded102\vso\tfs\service\webaccess\mywork\testscripts\tests\tfstests.mywork.widget.witconfiguration.ts" id="483adb9c-3084-46a9-9c87-0e069bc8b747">
      <Execution id="c55d798c-71eb-4a95-ad06-f03bfa9711a9" />
      <TestMethod codeBase="d:\v2.0\a1\_work\dbded102\vso\tfs\service\webaccess\mywork\testscripts\tests\tfstests.mywork.widget.witconfiguration.ts" adapterTypeName="Microsoft.VisualStudio.TestTools.TestTypes.Unit.UnitTestAdapter" className="d:\v2.0\a1\_work\dbded102\vso\tfs\service\webaccess\mywork\testscripts\tests\tfstests.mywork.widget.witconfiguration.ts::tfstests.mywork.widget.witconfiguration" name="TFSTests.MyWork.Widget.WitConfiguration.WitConfigurationViewTests WitConfigurationViewTests - Initialize without option" />
    </UnitTest>
    <UnitTest name="TFSTests.MyWork.Widget.WitConfiguration.WitConfigurationViewTests WitConfigurationViewTests - valid settings" storage="d:\v2.0\a1\_work\dbded102\vso\tfs\service\webaccess\mywork\testscripts\tests\tfstests.mywork.widget.witconfiguration.ts" id="abd59d2f-280d-4cc2-af37-64a4caea1095">
      <Execution id="9614152f-460f-4cf4-83d2-12775eedccdb" />
      <TestMethod codeBase="d:\v2.0\a1\_work\dbded102\vso\tfs\service\webaccess\mywork\testscripts\tests\tfstests.mywork.widget.witconfiguration.ts" adapterTypeName="Microsoft.VisualStudio.TestTools.TestTypes.Unit.UnitTestAdapter" className="d:\v2.0\a1\_work\dbded102\vso\tfs\service\webaccess\mywork\testscripts\tests\tfstests.mywork.widget.witconfiguration.ts::tfstests.mywork.widget.witconfiguration" name="TFSTests.MyWork.Widget.WitConfiguration.WitConfigurationViewTests WitConfigurationViewTests - valid settings" />
    </UnitTest>
    <UnitTest name="TFSTests.MyWork.Widget.WitConfiguration.WitConfigurationViewTests WitConfigurationViewTests - invalid settings" storage="d:\v2.0\a1\_work\dbded102\vso\tfs\service\webaccess\mywork\testscripts\tests\tfstests.mywork.widget.witconfiguration.ts" id="d2bd75c3-7b51-4237-b6b4-00c0da1e0cbd">
      <Execution id="c0c2c517-a725-422b-8930-afa20a608520" />
      <TestMethod codeBase="d:\v2.0\a1\_work\dbded102\vso\tfs\service\webaccess\mywork\testscripts\tests\tfstests.mywork.widget.witconfiguration.ts" adapterTypeName="Microsoft.VisualStudio.TestTools.TestTypes.Unit.UnitTestAdapter" className="d:\v2.0\a1\_work\dbded102\vso\tfs\service\webaccess\mywork\testscripts\tests\tfstests.mywork.widget.witconfiguration.ts::tfstests.mywork.widget.witconfiguration" name="TFSTests.MyWork.Widget.WitConfiguration.WitConfigurationViewTests WitConfigurationViewTests - invalid settings" />
    </UnitTest>
    <UnitTest name="TFSTests.MyWork.Widget.WitConfiguration.WitConfigurationViewTests WitConfigurationViewTests - SaveValidationCallBack is set" storage="d:\v2.0\a1\_work\dbded102\vso\tfs\service\webaccess\mywork\testscripts\tests\tfstests.mywork.widget.witconfiguration.ts" id="afe435af-835c-4e7c-aae7-e6691941e6f4">
      <Execution id="452fce51-dad5-4433-bb13-cf5c4b02d443" />
      <TestMethod codeBase="d:\v2.0\a1\_work\dbded102\vso\tfs\service\webaccess\mywork\testscripts\tests\tfstests.mywork.widget.witconfiguration.ts" adapterTypeName="Microsoft.VisualStudio.TestTools.TestTypes.Unit.UnitTestAdapter" className="d:\v2.0\a1\_work\dbded102\vso\tfs\service\webaccess\mywork\testscripts\tests\tfstests.mywork.widget.witconfiguration.ts::tfstests.mywork.widget.witconfiguration" name="TFSTests.MyWork.Widget.WitConfiguration.WitConfigurationViewTests WitConfigurationViewTests - SaveValidationCallBack is set" />
    </UnitTest>
    <UnitTest name="TFSTests.MyWork.Widget.WitConfiguration.ColumnSelectorTests ColumnSelectorTests - Initialization" storage="d:\v2.0\a1\_work\dbded102\vso\tfs\service\webaccess\mywork\testscripts\tests\tfstests.mywork.widget.witconfiguration.ts" id="f1261421-df85-406b-9736-ecc1269db3fb">
      <Execution id="4ef562ec-8285-4204-88a7-4ac99f20b107" />
      <TestMethod codeBase="d:\v2.0\a1\_work\dbded102\vso\tfs\service\webaccess\mywork\testscripts\tests\tfstests.mywork.widget.witconfiguration.ts" adapterTypeName="Microsoft.VisualStudio.TestTools.TestTypes.Unit.UnitTestAdapter" className="d:\v2.0\a1\_work\dbded102\vso\tfs\service\webaccess\mywork\testscripts\tests\tfstests.mywork.widget.witconfiguration.ts::tfstests.mywork.widget.witconfiguration" name="TFSTests.MyWork.Widget.WitConfiguration.ColumnSelectorTests ColumnSelectorTests - Initialization" />
    </UnitTest>
    <UnitTest name="TFSTests.MyWork.Widget.WitConfiguration.ColumnSelectorTests ColumnSelectorTests - Initialization with available columns" storage="d:\v2.0\a1\_work\dbded102\vso\tfs\service\webaccess\mywork\testscripts\tests\tfstests.mywork.widget.witconfiguration.ts" id="d4e41c44-b67a-4ad7-a861-aa71ae0541b7">
      <Execution id="c69a9864-3e70-4f5a-b34c-690044548dfb" />
      <TestMethod codeBase="d:\v2.0\a1\_work\dbded102\vso\tfs\service\webaccess\mywork\testscripts\tests\tfstests.mywork.widget.witconfiguration.ts" adapterTypeName="Microsoft.VisualStudio.TestTools.TestTypes.Unit.UnitTestAdapter" className="d:\v2.0\a1\_work\dbded102\vso\tfs\service\webaccess\mywork\testscripts\tests\tfstests.mywork.widget.witconfiguration.ts::tfstests.mywork.widget.witconfiguration" name="TFSTests.MyWork.Widget.WitConfiguration.ColumnSelectorTests ColumnSelectorTests - Initialization with available columns" />
    </UnitTest>
    <UnitTest name="TFSTests.MyWork.Widget.WitConfiguration.ColumnSelectorTests ColumnSelectorTests - Initialization with available and selected columns" storage="d:\v2.0\a1\_work\dbded102\vso\tfs\service\webaccess\mywork\testscripts\tests\tfstests.mywork.widget.witconfiguration.ts" id="be0ca2b0-d611-461b-87ae-e60db691f58f">
      <Execution id="68baaffa-5dae-412a-9113-13ddab8b6fa2" />
      <TestMethod codeBase="d:\v2.0\a1\_work\dbded102\vso\tfs\service\webaccess\mywork\testscripts\tests\tfstests.mywork.widget.witconfiguration.ts" adapterTypeName="Microsoft.VisualStudio.TestTools.TestTypes.Unit.UnitTestAdapter" className="d:\v2.0\a1\_work\dbded102\vso\tfs\service\webaccess\mywork\testscripts\tests\tfstests.mywork.widget.witconfiguration.ts::tfstests.mywork.widget.witconfiguration" name="TFSTests.MyWork.Widget.WitConfiguration.ColumnSelectorTests ColumnSelectorTests - Initialization with available and selected columns" />
    </UnitTest>
  </TestDefinitions>
  <TestEntries>
    <TestEntry testId="8f8eb8ff-6e6d-4648-bb1e-8de4ae370971" executionId="0e8031de-c507-429c-8c88-0eb8cd5ee140" testListId="8c84fa94-04c1-424b-9868-57a2d4851a1d" />
    <TestEntry testId="944f73d5-9e18-4aa8-b6de-fa5e5ec3fba6" executionId="9875bd12-55cf-4d0a-8ee8-21e8794335c9" testListId="8c84fa94-04c1-424b-9868-57a2d4851a1d" />
    <TestEntry testId="82fe08b0-df2b-494f-a4c5-17df38f2088e" executionId="5b705d5e-ef1a-4038-905a-349e5aaf8fc0" testListId="8c84fa94-04c1-424b-9868-57a2d4851a1d" />
    <TestEntry testId="5953826e-ad95-40cd-bed9-3d91769bb5aa" executionId="33b8504d-bff1-4fd0-9495-20aea9f08ff0" testListId="8c84fa94-04c1-424b-9868-57a2d4851a1d" />
    <TestEntry testId="25820008-73ea-48fd-8827-2c6044ed3bb3" executionId="8af203e2-8ad5-48e4-ac8e-ea993507b3ef" testListId="8c84fa94-04c1-424b-9868-57a2d4851a1d" />
    <TestEntry testId="89d1de7c-bee3-4fd8-aaa2-2bfa5a7acdde" executionId="9374e6d9-8b9b-4c93-a845-7f51445e9789" testListId="8c84fa94-04c1-424b-9868-57a2d4851a1d" />
    <TestEntry testId="a46b6914-77ec-46aa-842b-5053488678f4" executionId="484b8b03-3345-45fe-a4e8-e19aefae8670" testListId="8c84fa94-04c1-424b-9868-57a2d4851a1d" />
    <TestEntry testId="6c6718ee-c92f-490c-8b9c-4ba2ee4960a1" executionId="53a75e42-443e-4f93-b32e-cbdfd16b13c9" testListId="8c84fa94-04c1-424b-9868-57a2d4851a1d" />
    <TestEntry testId="7da8b181-8273-428e-8e4a-91a6c6a5e55c" executionId="64d22581-229b-43e0-bd5c-360129b8e7c2" testListId="8c84fa94-04c1-424b-9868-57a2d4851a1d" />
    <TestEntry testId="90f9cb5b-e6b6-4c97-adb3-225f6d7a8070" executionId="9f2fe08d-5e5b-4849-befb-6495272ecbd1" testListId="8c84fa94-04c1-424b-9868-57a2d4851a1d" />
    <TestEntry testId="4e236620-bf62-4084-b3d1-6d23ac4bdb2a" executionId="d978d536-f64d-47d4-ba3b-779dfb00a070" testListId="8c84fa94-04c1-424b-9868-57a2d4851a1d" />
    <TestEntry testId="03cc4025-cdf8-4c29-89f6-023bd08e4839" executionId="d133b914-d5de-4900-b4ec-29d923bcd0ee" testListId="8c84fa94-04c1-424b-9868-57a2d4851a1d" />
    <TestEntry testId="b41e40aa-2259-49a8-a24b-7b8d855a91e1" executionId="4d98ec99-447f-4dda-8cd4-02a150fe31be" testListId="8c84fa94-04c1-424b-9868-57a2d4851a1d" />
    <TestEntry testId="84c4759c-a2e3-4d51-a5bd-b28212fc79e6" executionId="c011e8ed-a67a-4892-9e14-a37eb56871f1" testListId="8c84fa94-04c1-424b-9868-57a2d4851a1d" />
    <TestEntry testId="16b5fb54-49f7-44d0-af58-f579502337fa" executionId="f8a8a66e-91e0-46f3-861d-5b4602f04310" testListId="8c84fa94-04c1-424b-9868-57a2d4851a1d" />
    <TestEntry testId="0b9aa3f8-b037-461c-8c0f-1810a0ebbe30" executionId="f0156723-73fb-4457-aa3f-a838d486f683" testListId="8c84fa94-04c1-424b-9868-57a2d4851a1d" />
    <TestEntry testId="f0e84e09-6f48-4b7b-bd48-de1f3932eddf" executionId="4eb40d74-1348-4fdd-a434-31a2791741c2" testListId="8c84fa94-04c1-424b-9868-57a2d4851a1d" />
    <TestEntry testId="0604f90f-8b6e-4e25-81d3-ea897b1b781e" executionId="47989215-2834-40fb-b9d4-7b15c3b20667" testListId="8c84fa94-04c1-424b-9868-57a2d4851a1d" />
    <TestEntry testId="f9250b52-daae-4b4a-8c48-d78826dda29c" executionId="a199756b-25b4-497e-8703-07fe121f205f" testListId="8c84fa94-04c1-424b-9868-57a2d4851a1d" />
    <TestEntry testId="c2b1b745-6782-4a2e-944f-593612f29006" executionId="a74794c6-75fa-4613-a383-0df1639b7d52" testListId="8c84fa94-04c1-424b-9868-57a2d4851a1d" />
    <TestEntry testId="e0e21784-8eac-4ee0-81b5-359d45d3c273" executionId="88b840ca-493b-4f4f-8744-0473cfe81aef" testListId="8c84fa94-04c1-424b-9868-57a2d4851a1d" />
    <TestEntry testId="1d1f8b3d-f49a-4edb-9b40-148bf2f18a6b" executionId="44bd4562-1522-4c4c-9d7a-048b9775ecc6" testListId="8c84fa94-04c1-424b-9868-57a2d4851a1d" />
    <TestEntry testId="47e7bf41-f565-4458-9cf1-7e48fc8c6bdb" executionId="a4422112-2e92-4e35-9839-6d7466d719d2" testListId="8c84fa94-04c1-424b-9868-57a2d4851a1d" />
    <TestEntry testId="facb8abb-5ba4-443f-8421-23a6adb6fea7" executionId="1f7e6f3d-03e6-470f-981a-b588d308dd37" testListId="8c84fa94-04c1-424b-9868-57a2d4851a1d" />
    <TestEntry testId="4db3d7cd-640f-40fc-bd76-b9141f74ec3a" executionId="92b41d31-989d-411f-b909-a3b0b529ef3c" testListId="8c84fa94-04c1-424b-9868-57a2d4851a1d" />
    <TestEntry testId="5f704b23-3482-4ed9-aaba-d202513e5762" executionId="446489b1-2e4b-4e1c-a564-be3e3956c49c" testListId="8c84fa94-04c1-424b-9868-57a2d4851a1d" />
    <TestEntry testId="e003a9f7-9ea7-426e-972d-c2f78e4d63e4" executionId="665d794e-ad9b-4883-95bb-6b10e196ace4" testListId="8c84fa94-04c1-424b-9868-57a2d4851a1d" />
    <TestEntry testId="65d27fa5-5993-4de6-bee1-12cc1e4fdb1d" executionId="2bbc8aad-aae8-4cad-a120-0d3a6bfd4906" testListId="8c84fa94-04c1-424b-9868-57a2d4851a1d" />
    <TestEntry testId="cb4055a2-2c65-4c70-b92d-38dfb7fcf786" executionId="11f4390e-32b6-4424-a6a8-03fd5e0dda93" testListId="8c84fa94-04c1-424b-9868-57a2d4851a1d" />
    <TestEntry testId="4f1b2431-c95a-499d-a003-fe1a2d3123c3" executionId="fb09843b-96bd-4226-ac11-6548afad3e22" testListId="8c84fa94-04c1-424b-9868-57a2d4851a1d" />
    <TestEntry testId="77dee35b-dcab-4a65-97fd-888e9311dfff" executionId="f75fc21e-3388-4773-bec4-60f6993f01c0" testListId="8c84fa94-04c1-424b-9868-57a2d4851a1d" />
    <TestEntry testId="f77eff51-8615-4dee-84d2-2be9ee8ef329" executionId="ed9c53a8-e858-4091-a84a-fa5dfb15a715" testListId="8c84fa94-04c1-424b-9868-57a2d4851a1d" />
    <TestEntry testId="492dbe76-5bc1-46aa-8c1a-d89fdceb31d7" executionId="7b1f55b6-2cfc-4fcf-a424-f2ab5950795a" testListId="8c84fa94-04c1-424b-9868-57a2d4851a1d" />
    <TestEntry testId="09efdad0-c32e-4e1b-8a9f-936315f76a22" executionId="b408ea0c-a65e-48d0-97b3-5dbcb011e718" testListId="8c84fa94-04c1-424b-9868-57a2d4851a1d" />
    <TestEntry testId="75c4f85c-2011-4567-b5ac-28607a7b402c" executionId="a65913bd-dc7a-4873-92e2-29d18c597d10" testListId="8c84fa94-04c1-424b-9868-57a2d4851a1d" />
    <TestEntry testId="eccd78d0-d08e-42e9-b0f3-8d21c57ff90c" executionId="85c618d2-d5ab-4c11-9f58-c3c181bd3143" testListId="8c84fa94-04c1-424b-9868-57a2d4851a1d" />
    <TestEntry testId="bb7686e8-a7bd-4f32-a7bf-7d7ff46e420a" executionId="36408f60-3134-4b6a-9acf-0c343f8170c4" testListId="8c84fa94-04c1-424b-9868-57a2d4851a1d" />
    <TestEntry testId="22d520fd-b632-4389-91e0-a076bd1fc9d9" executionId="8b511aa9-b14f-4eae-aee6-b54227531827" testListId="8c84fa94-04c1-424b-9868-57a2d4851a1d" />
    <TestEntry testId="8075d873-09a9-43ac-aede-cecbfd0b81e3" executionId="0f1fef1d-7334-4b2c-9b3e-486b7e3bd515" testListId="8c84fa94-04c1-424b-9868-57a2d4851a1d" />
    <TestEntry testId="60271625-911d-4623-8b9c-93a06ce62497" executionId="a9083cdd-b006-4fa1-8dbc-692c40c9371a" testListId="8c84fa94-04c1-424b-9868-57a2d4851a1d" />
    <TestEntry testId="78bcedc1-6a25-4373-8fdc-8946bc9bc6b3" executionId="5d6eff5f-6283-4f22-af3f-73376d71a653" testListId="8c84fa94-04c1-424b-9868-57a2d4851a1d" />
    <TestEntry testId="cb8cdd23-f9ae-4aad-962d-7a587116ce71" executionId="38098ae6-229d-4221-adb9-a1af2ad5aafb" testListId="8c84fa94-04c1-424b-9868-57a2d4851a1d" />
    <TestEntry testId="f67f0f59-91a7-4bc8-8717-e6658f29e809" executionId="53be7aad-f3d5-414d-abb7-e01e70eda358" testListId="8c84fa94-04c1-424b-9868-57a2d4851a1d" />
    <TestEntry testId="740fc292-9f2a-40df-b582-421754f20a48" executionId="b7b4f463-52f5-46a9-8469-59254096d3a8" testListId="8c84fa94-04c1-424b-9868-57a2d4851a1d" />
    <TestEntry testId="42e76422-f153-471a-8cf9-b54cfdf8488a" executionId="7b184a72-488f-4cee-bd57-fa2d6199bec8" testListId="8c84fa94-04c1-424b-9868-57a2d4851a1d" />
    <TestEntry testId="060662f2-8111-4ba3-87bd-93fe6dd2a1c5" executionId="f0930827-9303-442a-aae8-906c2bca302f" testListId="8c84fa94-04c1-424b-9868-57a2d4851a1d" />
    <TestEntry testId="24be16f0-f97f-4b27-beb8-2ec2ba46a282" executionId="969f2be6-b29c-46d3-b3bb-da916011bcf4" testListId="8c84fa94-04c1-424b-9868-57a2d4851a1d" />
    <TestEntry testId="f4e35572-6bac-4475-a9a2-722cfce38de2" executionId="95111ff2-adfb-466d-a8f0-5b22a7aca430" testListId="8c84fa94-04c1-424b-9868-57a2d4851a1d" />
    <TestEntry testId="8042001c-2443-4f51-9ed8-6d5aa6f67a91" executionId="28b37a7a-2bd6-4bbb-a41c-ab669b6c6b4e" testListId="8c84fa94-04c1-424b-9868-57a2d4851a1d" />
    <TestEntry testId="6edd9352-42f9-4448-a157-d2a233905b4a" executionId="7a91b6b9-a169-48a0-a316-b03c8673e3d8" testListId="8c84fa94-04c1-424b-9868-57a2d4851a1d" />
    <TestEntry testId="05898b19-d968-426b-b4e4-d217edb35f39" executionId="dce2256c-010f-4b40-896b-73938cc395b1" testListId="8c84fa94-04c1-424b-9868-57a2d4851a1d" />
    <TestEntry testId="8303b963-a5ed-4eec-8568-defea65d33a3" executionId="f19e5fb6-cc32-49c0-bffa-8b1f86e1d71e" testListId="8c84fa94-04c1-424b-9868-57a2d4851a1d" />
    <TestEntry testId="b68f77bb-94d0-470a-8a23-2efa0f6ef26e" executionId="b2f5542e-bcda-4f23-959c-d5e387c7e08e" testListId="8c84fa94-04c1-424b-9868-57a2d4851a1d" />
    <TestEntry testId="95c05409-dc79-4a48-b21b-cbd3df111aff" executionId="33b60e09-07a2-4de0-a132-25e40d6e0026" testListId="8c84fa94-04c1-424b-9868-57a2d4851a1d" />
    <TestEntry testId="0e37dbb0-40a7-4af0-aea7-d580269da748" executionId="7dea2587-717c-4999-b5eb-426c611e4ea9" testListId="8c84fa94-04c1-424b-9868-57a2d4851a1d" />
    <TestEntry testId="1ea417cc-549d-42aa-8401-b712c3ce8655" executionId="e56598b7-8a84-469e-a964-3092050feac3" testListId="8c84fa94-04c1-424b-9868-57a2d4851a1d" />
    <TestEntry testId="83a1389a-1e53-40be-b780-f436b1d85d85" executionId="f5ed0814-3477-4727-ab62-b6efddf7c93e" testListId="8c84fa94-04c1-424b-9868-57a2d4851a1d" />
    <TestEntry testId="a3412d02-e28b-4c3c-88e5-7f2677a1c892" executionId="9049cae6-2490-4de3-99b6-c4d1be1b1bc8" testListId="8c84fa94-04c1-424b-9868-57a2d4851a1d" />
    <TestEntry testId="cfe4f7cb-ebab-4fc7-a40b-c5bf8a7804b6" executionId="10c9844d-eeaf-415b-afc1-6e013ed35b9b" testListId="8c84fa94-04c1-424b-9868-57a2d4851a1d" />
    <TestEntry testId="c9d13684-5187-403d-a4b3-da7eec666b15" executionId="e2b6a105-4150-4b36-bb2f-d9f9b9bac8c0" testListId="8c84fa94-04c1-424b-9868-57a2d4851a1d" />
    <TestEntry testId="bead1b43-f043-4151-8329-ad4439d47ffd" executionId="bb6e6267-8edf-4b0d-8890-97d3d9e956ed" testListId="8c84fa94-04c1-424b-9868-57a2d4851a1d" />
    <TestEntry testId="688af1ae-8426-4f32-973d-ba9c47cd7568" executionId="90041ad0-5f5e-40c1-a006-f9b597389653" testListId="8c84fa94-04c1-424b-9868-57a2d4851a1d" />
    <TestEntry testId="0b751144-7fd4-4054-bc0b-4ac3ff7b7fa8" executionId="7b455177-6108-4d6f-a939-d354be56711a" testListId="8c84fa94-04c1-424b-9868-57a2d4851a1d" />
    <TestEntry testId="a5050f5b-08ec-4a06-8aa5-42c5412f5021" executionId="f9f58a04-6beb-46db-8892-c205d687efb0" testListId="8c84fa94-04c1-424b-9868-57a2d4851a1d" />
    <TestEntry testId="f851dcc0-9a14-4e73-969a-3a07eed61828" executionId="96f4af3f-61af-4a8b-878c-1ea4f421516e" testListId="8c84fa94-04c1-424b-9868-57a2d4851a1d" />
    <TestEntry testId="fecacae0-5f7c-4252-96ba-6298d3888918" executionId="ec7d47f0-667a-4225-a3ca-61a25ae44396" testListId="8c84fa94-04c1-424b-9868-57a2d4851a1d" />
    <TestEntry testId="1c57acea-e4cc-4a00-94ec-b9516bca3a68" executionId="8d16a141-93be-4591-a503-206984f97d4b" testListId="8c84fa94-04c1-424b-9868-57a2d4851a1d" />
    <TestEntry testId="3876ef6c-d0ee-44d8-bae0-93a5cf5507ed" executionId="5d7498e2-8435-4d6e-814e-994b711c0995" testListId="8c84fa94-04c1-424b-9868-57a2d4851a1d" />
    <TestEntry testId="44e84a2f-e202-4b89-8148-5c687363a18f" executionId="e3973cdf-d2ff-4977-8bb5-8e95d7cd6a5a" testListId="8c84fa94-04c1-424b-9868-57a2d4851a1d" />
    <TestEntry testId="41954dd8-67fa-45db-89ad-f3a8ab00762d" executionId="0a48c7e0-6ef0-4d00-aadc-783301f7f304" testListId="8c84fa94-04c1-424b-9868-57a2d4851a1d" />
    <TestEntry testId="80618827-aa16-4263-9885-4adcf5b01020" executionId="2a4c8b92-945e-4d05-9402-ca603f2d2f17" testListId="8c84fa94-04c1-424b-9868-57a2d4851a1d" />
    <TestEntry testId="ee25c33f-d605-4c01-8ca0-f57b0d86758e" executionId="1d543e19-c83a-4e0d-8e6a-76c4941f5a5e" testListId="8c84fa94-04c1-424b-9868-57a2d4851a1d" />
    <TestEntry testId="58b4f3f9-ce8d-46a5-89c0-619f0b455098" executionId="2f2df154-fe1e-4a40-9504-3e5d206a3a4c" testListId="8c84fa94-04c1-424b-9868-57a2d4851a1d" />
    <TestEntry testId="245ec163-8d8d-4c5f-88b3-89ecc32b5ffa" executionId="50fcedd4-b2d2-418c-9d1f-316f3284a2cf" testListId="8c84fa94-04c1-424b-9868-57a2d4851a1d" />
    <TestEntry testId="7201e473-512e-4c91-ab0f-ba1fd4a97ea8" executionId="77479b0d-8255-40f3-a2d5-6e31b0d97b37" testListId="8c84fa94-04c1-424b-9868-57a2d4851a1d" />
    <TestEntry testId="1c2530e0-6352-4e5e-996c-b52599282bd5" executionId="57ba5722-2962-4395-875e-e4ce5b924766" testListId="8c84fa94-04c1-424b-9868-57a2d4851a1d" />
    <TestEntry testId="829fac81-e910-48fd-a36a-ac0bef7dfe58" executionId="63856483-8684-49c7-a36b-5d430a8d547e" testListId="8c84fa94-04c1-424b-9868-57a2d4851a1d" />
    <TestEntry testId="4f93af9e-ed74-4221-a91f-abc77e3725f1" executionId="bc9c6289-56f3-4847-9a97-76268bb5f848" testListId="8c84fa94-04c1-424b-9868-57a2d4851a1d" />
    <TestEntry testId="3ffeae72-c83b-4d67-92df-e5badee2bc97" executionId="c5d06d4d-8757-43ac-a457-6b2fdbb33deb" testListId="8c84fa94-04c1-424b-9868-57a2d4851a1d" />
    <TestEntry testId="79d64fd4-7f15-463f-b5e2-1f25a308babf" executionId="3db1b075-9332-4ac8-ad61-acafa7d04700" testListId="8c84fa94-04c1-424b-9868-57a2d4851a1d" />
    <TestEntry testId="d5a4d8d6-fb6e-45da-9973-54a8fe8eb456" executionId="8f5f75c4-c77d-4739-bd6c-b8b33893b29d" testListId="8c84fa94-04c1-424b-9868-57a2d4851a1d" />
    <TestEntry testId="53e97d73-6b7e-42b3-b9dc-534e6faa27c8" executionId="8f36f559-92ac-4ba5-a327-f628052c1659" testListId="8c84fa94-04c1-424b-9868-57a2d4851a1d" />
    <TestEntry testId="8c0c864d-9c64-418c-98c5-636289e9846d" executionId="a1798fe5-14b0-40e5-b8ef-cfa9d619afc1" testListId="8c84fa94-04c1-424b-9868-57a2d4851a1d" />
    <TestEntry testId="e29b038d-3e52-4a9d-b9b2-4311eaca3049" executionId="1d7e0765-196a-4ae9-be54-5dbf18c1f555" testListId="8c84fa94-04c1-424b-9868-57a2d4851a1d" />
    <TestEntry testId="da671fe0-d87a-475e-aa36-cca68009a764" executionId="99a70144-4565-4ab7-bc6e-4046481a8460" testListId="8c84fa94-04c1-424b-9868-57a2d4851a1d" />
    <TestEntry testId="ebf2231c-50ee-4687-8d57-d38a888925c8" executionId="1c733721-159c-4e3c-aa3c-da877e87f7af" testListId="8c84fa94-04c1-424b-9868-57a2d4851a1d" />
    <TestEntry testId="3caf30ee-45ef-4fbe-8885-9a2b2bf2f598" executionId="aa3eca62-25bd-4adf-9086-a996021b52ae" testListId="8c84fa94-04c1-424b-9868-57a2d4851a1d" />
    <TestEntry testId="15b4d715-1edf-4e6e-af13-71727bfef961" executionId="eaa66759-c69c-4b5c-a31a-ba0e2530e0ce" testListId="8c84fa94-04c1-424b-9868-57a2d4851a1d" />
    <TestEntry testId="eb6ea65f-ba65-4fda-a8ea-b31caf0af5d0" executionId="b3631ce8-254e-4cc9-b619-c6e20dfc7bd9" testListId="8c84fa94-04c1-424b-9868-57a2d4851a1d" />
    <TestEntry testId="e3a79336-c725-4075-926d-aad4076db087" executionId="0224d298-5856-4282-86ae-ee15ea04c5c8" testListId="8c84fa94-04c1-424b-9868-57a2d4851a1d" />
    <TestEntry testId="d7870b1e-c69f-47f9-be0f-7324d798970f" executionId="41acdbfe-752f-44e4-b1cf-95fe5b4bdff1" testListId="8c84fa94-04c1-424b-9868-57a2d4851a1d" />
    <TestEntry testId="b50145f5-b799-45c9-8cda-0efc70303f6e" executionId="e131cd47-c381-4617-b00b-498c8f31650b" testListId="8c84fa94-04c1-424b-9868-57a2d4851a1d" />
    <TestEntry testId="483adb9c-3084-46a9-9c87-0e069bc8b747" executionId="c55d798c-71eb-4a95-ad06-f03bfa9711a9" testListId="8c84fa94-04c1-424b-9868-57a2d4851a1d" />
    <TestEntry testId="abd59d2f-280d-4cc2-af37-64a4caea1095" executionId="9614152f-460f-4cf4-83d2-12775eedccdb" testListId="8c84fa94-04c1-424b-9868-57a2d4851a1d" />
    <TestEntry testId="d2bd75c3-7b51-4237-b6b4-00c0da1e0cbd" executionId="c0c2c517-a725-422b-8930-afa20a608520" testListId="8c84fa94-04c1-424b-9868-57a2d4851a1d" />
    <TestEntry testId="afe435af-835c-4e7c-aae7-e6691941e6f4" executionId="452fce51-dad5-4433-bb13-cf5c4b02d443" testListId="8c84fa94-04c1-424b-9868-57a2d4851a1d" />
    <TestEntry testId="f1261421-df85-406b-9736-ecc1269db3fb" executionId="4ef562ec-8285-4204-88a7-4ac99f20b107" testListId="8c84fa94-04c1-424b-9868-57a2d4851a1d" />
    <TestEntry testId="d4e41c44-b67a-4ad7-a861-aa71ae0541b7" executionId="c69a9864-3e70-4f5a-b34c-690044548dfb" testListId="8c84fa94-04c1-424b-9868-57a2d4851a1d" />
    <TestEntry testId="be0ca2b0-d611-461b-87ae-e60db691f58f" executionId="68baaffa-5dae-412a-9113-13ddab8b6fa2" testListId="8c84fa94-04c1-424b-9868-57a2d4851a1d" />
  </TestEntries>
  <TestLists>
    <TestList name="Results Not in a List" id="8c84fa94-04c1-424b-9868-57a2d4851a1d" />
    <TestList name="All Loaded Results" id="19431567-8539-422a-85d7-44ee4e166bda" />
  </TestLists>
  <ResultSummary outcome="Completed">
    <Counters total="99" executed="99" passed="99" failed="0" error="0" timeout="0" aborted="0" inconclusive="0" passedButRunAborted="0" notRunnable="0" notExecuted="0" disconnected="0" warning="0" completed="0" inProgress="0" pending="0" />
  </ResultSummary>
</TestRun>