<?xml version="1.0" encoding="UTF-8"?>
<TestRun id="40f86ab1-bcab-4a21-99cb-d4491b908a44" name="tfsmladm@TFSBUILD11 2015-09-28 09:43:14" runUser="REDMOND\tfsmladm" xmlns="http://microsoft.com/schemas/VisualStudio/TeamTest/2010">
  <Times creation="2015-09-28T09:43:14.9831077-07:00" queuing="2015-09-28T09:43:14.9831077-07:00" start="2015-09-28T09:43:14.9831077-07:00" finish="2015-09-28T09:43:15.0299860-07:00" />
  <TestSettings name="default" id="c48f1eef-ac7a-4081-a555-68a0ae1be4eb">
    <Execution>
      <TestTypeSpecific />
    </Execution>
    <Deployment runDeploymentRoot="tfsmladm_TFSBUILD11 2015-09-28 09_43_14" />
    <Properties />
  </TestSettings>
  <Results>
    <UnitTestResult executionId="c1458168-447b-432d-b129-6261e4966782" testId="5465e73b-d647-4048-46a4-bc1d74870c92" testName="SuffleProducesIdenticalResults" computerName="TFSBUILD11" duration="00:00:00.0078714" startTime="2015-09-28T09:43:14.8893507-07:00" endTime="2015-09-28T09:43:14.9206035-07:00" testType="13cdc9d9-ddb5-4fa4-a97d-d965ccfc6d4b" outcome="Passed" testListId="8c84fa94-04c1-424b-9868-57a2d4851a1d" relativeResultsDirectory="c1458168-447b-432d-b129-6261e4966782" />
  </Results>
  <TestDefinitions>
    <UnitTest name="SuffleProducesIdenticalResults" storage="d:\v2.0\a1\_work\dbded102\bin\release.anycpu\common.testframework\common.testframework.l0.utilities.l0.tests\common.testframework.l0.utilities.l0.tests.dll" id="5465e73b-d647-4048-46a4-bc1d74870c92">
      <Owners>
        <Owner name="johnmo" />
      </Owners>
      <Execution id="c1458168-447b-432d-b129-6261e4966782" />
      <TestMethod codeBase="D:\v2.0\A1\_work\dbded102\bin\Release.AnyCPU\Common.TestFramework\Common.TestFramework.L0.Utilities.L0.Tests\Common.TestFramework.L0.Utilities.L0.Tests.dll" adapterTypeName="Microsoft.VisualStudio.TestTools.TestTypes.Unit.UnitTestAdapter" className="Common.TestFramework.L0.Utilities.L0.Tests.SeededRandomTests" name="SuffleProducesIdenticalResults" />
    </UnitTest>
  </TestDefinitions>
  <TestEntries>
    <TestEntry testId="5465e73b-d647-4048-46a4-bc1d74870c92" executionId="c1458168-447b-432d-b129-6261e4966782" testListId="8c84fa94-04c1-424b-9868-57a2d4851a1d" />
  </TestEntries>
  <TestLists>
    <TestList name="Results Not in a List" id="8c84fa94-04c1-424b-9868-57a2d4851a1d" />
    <TestList name="All Loaded Results" id="19431567-8539-422a-85d7-44ee4e166bda" />
  </TestLists>
  <ResultSummary outcome="Completed">
    <Counters total="1" executed="1" passed="1" failed="0" error="0" timeout="0" aborted="0" inconclusive="0" passedButRunAborted="0" notRunnable="0" notExecuted="0" disconnected="0" warning="0" completed="0" inProgress="0" pending="0" />
  </ResultSummary>
</TestRun>