<?xml version="1.0" encoding="UTF-8"?>
<TestRun id="6eeeb93c-faac-4491-8378-50cac39979d4" name="tfsmladm@TFSBUILD11 2015-09-28 09:43:37" runUser="REDMOND\tfsmladm" xmlns="http://microsoft.com/schemas/VisualStudio/TeamTest/2010">
  <Times creation="2015-09-28T09:43:37.7503518-07:00" queuing="2015-09-28T09:43:37.7503518-07:00" start="2015-09-28T09:43:37.7503518-07:00" finish="2015-09-28T09:43:40.5005474-07:00" />
  <TestSettings name="default" id="5007af1f-861b-4111-95bd-46fd12b3a046">
    <Execution>
      <TestTypeSpecific />
    </Execution>
    <Deployment runDeploymentRoot="tfsmladm_TFSBUILD11 2015-09-28 09_43_37" />
    <Properties />
  </TestSettings>
  <Results>
    <UnitTestResult executionId="91d4af5d-29c1-472e-b4bc-8a7855849e47" testId="ddb09df9-ebfc-e19b-435e-5a4abcf2a003" testName="TestUpdateInheritedProcess" computerName="TFSBUILD11" duration="00:00:00.4451253" startTime="2015-09-28T09:43:37.1096813-07:00" endTime="2015-09-28T09:43:37.6253427-07:00" testType="13cdc9d9-ddb5-4fa4-a97d-d965ccfc6d4b" outcome="Passed" testListId="8c84fa94-04c1-424b-9868-57a2d4851a1d" relativeResultsDirectory="91d4af5d-29c1-472e-b4bc-8a7855849e47" />
    <UnitTestResult executionId="621cb67c-b323-4673-a182-f1d3cd7e9aeb" testId="a1fe5337-30df-2b37-2084-68eed9498c1d" testName="TestDoNotUpdateInheritedWhenNameAndDescriptionAreNull" computerName="TFSBUILD11" duration="00:00:00.0074362" startTime="2015-09-28T09:43:37.6409696-07:00" endTime="2015-09-28T09:43:37.6409696-07:00" testType="13cdc9d9-ddb5-4fa4-a97d-d965ccfc6d4b" outcome="Passed" testListId="8c84fa94-04c1-424b-9868-57a2d4851a1d" relativeResultsDirectory="621cb67c-b323-4673-a182-f1d3cd7e9aeb" />
    <UnitTestResult executionId="4375e83f-3ac2-4901-9c01-10aace85d707" testId="0e593137-2e11-1951-e73e-41487aaf9577" testName="TestDoNotUpdateSystemProcess" computerName="TFSBUILD11" duration="00:00:00.0070337" startTime="2015-09-28T09:43:37.6409696-07:00" endTime="2015-09-28T09:43:37.6565952-07:00" testType="13cdc9d9-ddb5-4fa4-a97d-d965ccfc6d4b" outcome="Passed" testListId="8c84fa94-04c1-424b-9868-57a2d4851a1d" relativeResultsDirectory="4375e83f-3ac2-4901-9c01-10aace85d707" />
    <UnitTestResult executionId="bec98e69-2b7f-4bac-8f41-60dcc26b2fde" testId="92a4806a-a749-4129-e8f8-73201bfd0483" testName="TestIsUpdateNeeded_nameAndDesc" computerName="TFSBUILD11" duration="00:00:00.0011949" startTime="2015-09-28T09:43:37.6565952-07:00" endTime="2015-09-28T09:43:37.6565952-07:00" testType="13cdc9d9-ddb5-4fa4-a97d-d965ccfc6d4b" outcome="Passed" testListId="8c84fa94-04c1-424b-9868-57a2d4851a1d" relativeResultsDirectory="bec98e69-2b7f-4bac-8f41-60dcc26b2fde" />
    <UnitTestResult executionId="4c3e9174-f1cd-44a2-939e-c65175767f65" testId="829c7ff0-6a2d-72ec-264d-75c458cfb1bc" testName="TestIsUpdateNeeded_systemProcess" computerName="TFSBUILD11" duration="00:00:00.0007534" startTime="2015-09-28T09:43:37.6565952-07:00" endTime="2015-09-28T09:43:37.6565952-07:00" testType="13cdc9d9-ddb5-4fa4-a97d-d965ccfc6d4b" outcome="Passed" testListId="8c84fa94-04c1-424b-9868-57a2d4851a1d" relativeResultsDirectory="4c3e9174-f1cd-44a2-939e-c65175767f65" />
    <UnitTestResult executionId="16f889fa-d18e-4a67-b745-28e14dd27d95" testId="ed1ee3bf-138e-dbe5-1c0f-c1fcc8aa33a6" testName="TestIsUpdateNeeded_nullName" computerName="TFSBUILD11" duration="00:00:00.0006641" startTime="2015-09-28T09:43:37.6565952-07:00" endTime="2015-09-28T09:43:37.6565952-07:00" testType="13cdc9d9-ddb5-4fa4-a97d-d965ccfc6d4b" outcome="Passed" testListId="8c84fa94-04c1-424b-9868-57a2d4851a1d" relativeResultsDirectory="16f889fa-d18e-4a67-b745-28e14dd27d95" />
    <UnitTestResult executionId="c5c3f369-cbbd-4cff-a6d4-61385495a939" testId="0169ba1d-8f91-54d5-ca30-7d217b704d44" testName="TestIsUpdateNeeded_nullDesc" computerName="TFSBUILD11" duration="00:00:00.0006399" startTime="2015-09-28T09:43:37.6565952-07:00" endTime="2015-09-28T09:43:37.6565952-07:00" testType="13cdc9d9-ddb5-4fa4-a97d-d965ccfc6d4b" outcome="Passed" testListId="8c84fa94-04c1-424b-9868-57a2d4851a1d" relativeResultsDirectory="c5c3f369-cbbd-4cff-a6d4-61385495a939" />
    <UnitTestResult executionId="7a523ad3-f694-493b-81df-c6b3fae8f517" testId="cd08bcb8-7b91-5e6e-f348-fee4fee75d66" testName="TestIsUpdateNeeded_emptyName" computerName="TFSBUILD11" duration="00:00:00.0006655" startTime="2015-09-28T09:43:37.6565952-07:00" endTime="2015-09-28T09:43:37.6565952-07:00" testType="13cdc9d9-ddb5-4fa4-a97d-d965ccfc6d4b" outcome="Passed" testListId="8c84fa94-04c1-424b-9868-57a2d4851a1d" relativeResultsDirectory="7a523ad3-f694-493b-81df-c6b3fae8f517" />
    <UnitTestResult executionId="88a81374-8abc-4f2e-87f2-905e4dfe4762" testId="359b2aeb-eeb0-b0ae-2fec-e8c719c31e66" testName="TestGetActiveEnabled" computerName="TFSBUILD11" duration="00:00:00.0624635" startTime="2015-09-28T09:43:37.6565952-07:00" endTime="2015-09-28T09:43:37.7190996-07:00" testType="13cdc9d9-ddb5-4fa4-a97d-d965ccfc6d4b" outcome="Passed" testListId="8c84fa94-04c1-424b-9868-57a2d4851a1d" relativeResultsDirectory="88a81374-8abc-4f2e-87f2-905e4dfe4762" />
    <UnitTestResult executionId="6f3037c5-3bbf-4d30-95e1-f9c65b3716bc" testId="9acd7bb1-feb6-fb6b-2a61-900ae5308b3c" testName="NoSubscribedProject" computerName="TFSBUILD11" duration="00:00:00.2178092" startTime="2015-09-28T09:43:37.7190996-07:00" endTime="2015-09-28T09:43:37.9378652-07:00" testType="13cdc9d9-ddb5-4fa4-a97d-d965ccfc6d4b" outcome="Passed" testListId="8c84fa94-04c1-424b-9868-57a2d4851a1d" relativeResultsDirectory="6f3037c5-3bbf-4d30-95e1-f9c65b3716bc" />
    <UnitTestResult executionId="87833262-bf2d-485e-8c26-3d4acb068f2c" testId="2e1f49b9-1cad-685b-7334-12b95d917401" testName="ProjectMapToRightTemplate" computerName="TFSBUILD11" duration="00:00:00.0219030" startTime="2015-09-28T09:43:37.9378652-07:00" endTime="2015-09-28T09:43:37.9691180-07:00" testType="13cdc9d9-ddb5-4fa4-a97d-d965ccfc6d4b" outcome="Passed" testListId="8c84fa94-04c1-424b-9868-57a2d4851a1d" relativeResultsDirectory="87833262-bf2d-485e-8c26-3d4acb068f2c" />
    <UnitTestResult executionId="4d941889-39ae-4d9f-a1a4-27afe0f31189" testId="a94fcf41-5f96-0739-3d5f-09751f1fa812" testName="DeploymentLevelTemplateCannotBeEdited" computerName="TFSBUILD11" duration="00:00:00.0206071" startTime="2015-09-28T09:43:37.9691180-07:00" endTime="2015-09-28T09:43:37.9847429-07:00" testType="13cdc9d9-ddb5-4fa4-a97d-d965ccfc6d4b" outcome="Passed" testListId="8c84fa94-04c1-424b-9868-57a2d4851a1d" relativeResultsDirectory="4d941889-39ae-4d9f-a1a4-27afe0f31189" />
    <UnitTestResult executionId="5da5418b-c154-421e-b49c-ded556e46b77" testId="46ca9ce4-3b72-e9f8-60c4-b9800c1ef5fb" testName="CollectionLevelTemplateCannotBeEdited" computerName="TFSBUILD11" duration="00:00:00.0209674" startTime="2015-09-28T09:43:37.9847429-07:00" endTime="2015-09-28T09:43:38.0003696-07:00" testType="13cdc9d9-ddb5-4fa4-a97d-d965ccfc6d4b" outcome="Passed" testListId="8c84fa94-04c1-424b-9868-57a2d4851a1d" relativeResultsDirectory="5da5418b-c154-421e-b49c-ded556e46b77" />
    <UnitTestResult executionId="60ef41f9-b524-49d4-a95f-b6f45ae6c05b" testId="d26e2903-cfab-b826-319c-7d6a393de83a" testName="GetProcessHierarchySortAndChildCount" computerName="TFSBUILD11" duration="00:00:00.0258619" startTime="2015-09-28T09:43:38.0003696-07:00" endTime="2015-09-28T09:43:38.0316221-07:00" testType="13cdc9d9-ddb5-4fa4-a97d-d965ccfc6d4b" outcome="Passed" testListId="8c84fa94-04c1-424b-9868-57a2d4851a1d" relativeResultsDirectory="60ef41f9-b524-49d4-a95f-b6f45ae6c05b" />
    <UnitTestResult executionId="a465ef2c-f101-4fb6-8340-4f6f9807a016" testId="f8f06774-19fc-878e-5971-9c250d55a918" testName="DefaultTemplateBlockedFromDelete" computerName="TFSBUILD11" duration="00:00:00.1240991" startTime="2015-09-28T09:43:38.0316221-07:00" endTime="2015-09-28T09:43:38.1566304-07:00" testType="13cdc9d9-ddb5-4fa4-a97d-d965ccfc6d4b" outcome="Passed" testListId="8c84fa94-04c1-424b-9868-57a2d4851a1d" relativeResultsDirectory="a465ef2c-f101-4fb6-8340-4f6f9807a016" />
    <UnitTestResult executionId="b967caaa-39c8-49a2-938d-4892767cfaa5" testId="6e6ddfeb-15e2-c45a-073a-4b43fbd480ae" testName="TemplateWithSubscribedProjectBlockedFromDelete" computerName="TFSBUILD11" duration="00:00:00.0348199" startTime="2015-09-28T09:43:38.1566304-07:00" endTime="2015-09-28T09:43:38.1878830-07:00" testType="13cdc9d9-ddb5-4fa4-a97d-d965ccfc6d4b" outcome="Passed" testListId="8c84fa94-04c1-424b-9868-57a2d4851a1d" relativeResultsDirectory="b967caaa-39c8-49a2-938d-4892767cfaa5" />
    <UnitTestResult executionId="040ebfcf-65a8-44c8-bb03-7d213146a60b" testId="edc107b4-3656-ed03-a346-afa5eacb3a40" testName="DeploymentTemplateBlocked" computerName="TFSBUILD11" duration="00:00:00.0209780" startTime="2015-09-28T09:43:38.1878830-07:00" endTime="2015-09-28T09:43:38.2035096-07:00" testType="13cdc9d9-ddb5-4fa4-a97d-d965ccfc6d4b" outcome="Passed" testListId="8c84fa94-04c1-424b-9868-57a2d4851a1d" relativeResultsDirectory="040ebfcf-65a8-44c8-bb03-7d213146a60b" />
    <UnitTestResult executionId="4b379ff0-bad9-4a5c-9466-d447abcfe4be" testId="69b8aa66-d21e-32a6-bdac-cb64a8451c16" testName="TemplateStatusNotReadyBlockedFromUpdate" computerName="TFSBUILD11" duration="00:00:00.0248987" startTime="2015-09-28T09:43:38.2035096-07:00" endTime="2015-09-28T09:43:38.2347616-07:00" testType="13cdc9d9-ddb5-4fa4-a97d-d965ccfc6d4b" outcome="Passed" testListId="8c84fa94-04c1-424b-9868-57a2d4851a1d" relativeResultsDirectory="4b379ff0-bad9-4a5c-9466-d447abcfe4be" />
    <UnitTestResult executionId="675b843f-0a66-4014-82d1-eba37434ffa9" testId="60ade810-3e8d-58f4-08f7-7afd54b869d3" testName="ValidationFailuresBlockedFromUpdate" computerName="TFSBUILD11" duration="00:00:00.0265608" startTime="2015-09-28T09:43:38.2347616-07:00" endTime="2015-09-28T09:43:38.2660132-07:00" testType="13cdc9d9-ddb5-4fa4-a97d-d965ccfc6d4b" outcome="Passed" testListId="8c84fa94-04c1-424b-9868-57a2d4851a1d" relativeResultsDirectory="675b843f-0a66-4014-82d1-eba37434ffa9" />
    <UnitTestResult executionId="fd916f43-d5eb-481b-9d63-3aa46d36ce3b" testId="65ff1b76-e0fe-c9ba-8735-083735003ebb" testName="ValidationConfirmsReturnedWithNoUpdate" computerName="TFSBUILD11" duration="00:00:00.0199614" startTime="2015-09-28T09:43:38.2660132-07:00" endTime="2015-09-28T09:43:38.2816396-07:00" testType="13cdc9d9-ddb5-4fa4-a97d-d965ccfc6d4b" outcome="Passed" testListId="8c84fa94-04c1-424b-9868-57a2d4851a1d" relativeResultsDirectory="fd916f43-d5eb-481b-9d63-3aa46d36ce3b" />
    <UnitTestResult executionId="147fccd8-339e-446a-84f2-a1555210ed18" testId="eeb0a5c6-cb70-76f1-3413-d7f102689719" testName="ValidationConfirmedUpdate" computerName="TFSBUILD11" duration="00:00:00.0581707" startTime="2015-09-28T09:43:38.2816396-07:00" endTime="2015-09-28T09:43:38.3441438-07:00" testType="13cdc9d9-ddb5-4fa4-a97d-d965ccfc6d4b" outcome="Passed" testListId="8c84fa94-04c1-424b-9868-57a2d4851a1d" relativeResultsDirectory="147fccd8-339e-446a-84f2-a1555210ed18" />
    <UnitTestResult executionId="39864612-28d4-4978-a515-4ed1c298bbc0" testId="6f4bcfec-be75-8433-a6e9-3a640cd5d390" testName="ValidationConfirmedUpdateWithNoProcessMapping" computerName="TFSBUILD11" duration="00:00:00.0212957" startTime="2015-09-28T09:43:38.3441438-07:00" endTime="2015-09-28T09:43:38.3597702-07:00" testType="13cdc9d9-ddb5-4fa4-a97d-d965ccfc6d4b" outcome="Passed" testListId="8c84fa94-04c1-424b-9868-57a2d4851a1d" relativeResultsDirectory="39864612-28d4-4978-a515-4ed1c298bbc0" />
    <UnitTestResult executionId="7e3d5342-84f0-424a-9801-9735e963604f" testId="90beee6f-9ce5-b67f-cb8f-df643299c0bc" testName="ValidationHandlesTemplateZipWithRootFolder" computerName="TFSBUILD11" duration="00:00:00.0243762" startTime="2015-09-28T09:43:38.3597702-07:00" endTime="2015-09-28T09:43:38.3910221-07:00" testType="13cdc9d9-ddb5-4fa4-a97d-d965ccfc6d4b" outcome="Passed" testListId="8c84fa94-04c1-424b-9868-57a2d4851a1d" relativeResultsDirectory="7e3d5342-84f0-424a-9801-9735e963604f" />
    <UnitTestResult executionId="5321a0d1-1bf3-4d37-80f4-3e77fcc0c4ab" testId="a52136b9-6cdf-4919-b4a8-0805feae70d5" testName="ValidationHandlesTemplateZipWithoutRootFolder" computerName="TFSBUILD11" duration="00:00:00.0599838" startTime="2015-09-28T09:43:38.3910221-07:00" endTime="2015-09-28T09:43:38.4535266-07:00" testType="13cdc9d9-ddb5-4fa4-a97d-d965ccfc6d4b" outcome="Passed" testListId="8c84fa94-04c1-424b-9868-57a2d4851a1d" relativeResultsDirectory="5321a0d1-1bf3-4d37-80f4-3e77fcc0c4ab" />
    <UnitTestResult executionId="bf09d83f-78f4-41cf-9dbb-ab491725c66e" testId="00f92330-999a-6f2b-afee-7de76a3fda53" testName="TestUpdateInheritedInsufficientPermissions" computerName="TFSBUILD11" duration="00:00:00.0676731" startTime="2015-09-28T09:43:38.4535266-07:00" endTime="2015-09-28T09:43:38.5160313-07:00" testType="13cdc9d9-ddb5-4fa4-a97d-d965ccfc6d4b" outcome="Passed" testListId="8c84fa94-04c1-424b-9868-57a2d4851a1d" relativeResultsDirectory="bf09d83f-78f4-41cf-9dbb-ab491725c66e" />
    <UnitTestResult executionId="91dd43e7-4bbf-4fb1-a600-f1da1da17104" testId="84c80f92-75d7-b846-b437-6d3af036ccfe" testName="ExtractThrowsForBadStream" computerName="TFSBUILD11" duration="00:00:00.0206406" startTime="2015-09-28T09:43:38.5160313-07:00" endTime="2015-09-28T09:43:38.5316577-07:00" testType="13cdc9d9-ddb5-4fa4-a97d-d965ccfc6d4b" outcome="Passed" testListId="8c84fa94-04c1-424b-9868-57a2d4851a1d" relativeResultsDirectory="91dd43e7-4bbf-4fb1-a600-f1da1da17104" />
    <UnitTestResult executionId="0b7872fd-94f8-4f09-a3c1-83791843f10e" testId="d06d391f-3951-257d-a828-11e94336a197" testName="ExtractHandlesZipWithRootFolder" computerName="TFSBUILD11" duration="00:00:00.0249565" startTime="2015-09-28T09:43:38.5316577-07:00" endTime="2015-09-28T09:43:38.5629096-07:00" testType="13cdc9d9-ddb5-4fa4-a97d-d965ccfc6d4b" outcome="Passed" testListId="8c84fa94-04c1-424b-9868-57a2d4851a1d" relativeResultsDirectory="0b7872fd-94f8-4f09-a3c1-83791843f10e" />
    <UnitTestResult executionId="269b74bf-adaa-4818-a73a-e03e33537881" testId="0d26ed3b-bb03-be54-0077-dc60244243da" testName="ExtractHandlesZipWithoutRootFolder" computerName="TFSBUILD11" duration="00:00:00.0276138" startTime="2015-09-28T09:43:38.5629096-07:00" endTime="2015-09-28T09:43:38.5941618-07:00" testType="13cdc9d9-ddb5-4fa4-a97d-d965ccfc6d4b" outcome="Passed" testListId="8c84fa94-04c1-424b-9868-57a2d4851a1d" relativeResultsDirectory="269b74bf-adaa-4818-a73a-e03e33537881" />
    <UnitTestResult executionId="27828135-a1ba-4f5b-818c-9e1dcf2535c7" testId="b0623a8d-e76b-7b66-160a-685e51c99257" testName="VerifyFillFieldDescriptionSetsDescription" computerName="TFSBUILD11" duration="00:00:00.0223319" startTime="2015-09-28T09:43:38.5941618-07:00" endTime="2015-09-28T09:43:38.6097885-07:00" testType="13cdc9d9-ddb5-4fa4-a97d-d965ccfc6d4b" outcome="Passed" testListId="8c84fa94-04c1-424b-9868-57a2d4851a1d" relativeResultsDirectory="27828135-a1ba-4f5b-818c-9e1dcf2535c7" />
    <UnitTestResult executionId="88d3920f-414a-43a4-b994-c385461331d5" testId="0a266220-6cbb-ddf5-e0c7-dd20f254b11d" testName="VerifyFillFieldDescriptionSetsHelpText" computerName="TFSBUILD11" duration="00:00:00.0216390" startTime="2015-09-28T09:43:38.6097885-07:00" endTime="2015-09-28T09:43:38.6410402-07:00" testType="13cdc9d9-ddb5-4fa4-a97d-d965ccfc6d4b" outcome="Passed" testListId="8c84fa94-04c1-424b-9868-57a2d4851a1d" relativeResultsDirectory="88d3920f-414a-43a4-b994-c385461331d5" />
    <UnitTestResult executionId="b5e771c8-de8e-4b63-ac67-ee36541b5fd4" testId="9770c0b1-26c0-6abd-e6cc-dd8af81cf7cf" testName="VerifyFillFieldDescriptionSetsNothing" computerName="TFSBUILD11" duration="00:00:00.0208363" startTime="2015-09-28T09:43:38.6410402-07:00" endTime="2015-09-28T09:43:38.6566660-07:00" testType="13cdc9d9-ddb5-4fa4-a97d-d965ccfc6d4b" outcome="Passed" testListId="8c84fa94-04c1-424b-9868-57a2d4851a1d" relativeResultsDirectory="b5e771c8-de8e-4b63-ac67-ee36541b5fd4" />
    <UnitTestResult executionId="bf84ef37-be7f-456a-b210-d33e5073a015" testId="4608300a-3bb9-69aa-6730-2b5a2adaff11" testName="VerifyFillFieldUsageRuleSetsDefaultValue" computerName="TFSBUILD11" duration="00:00:00.0236014" startTime="2015-09-28T09:43:38.6566660-07:00" endTime="2015-09-28T09:43:38.6722930-07:00" testType="13cdc9d9-ddb5-4fa4-a97d-d965ccfc6d4b" outcome="Passed" testListId="8c84fa94-04c1-424b-9868-57a2d4851a1d" relativeResultsDirectory="bf84ef37-be7f-456a-b210-d33e5073a015" />
    <UnitTestResult executionId="d0b62518-2322-4057-b1e9-bd1e6b59327e" testId="7a2665a7-4cc8-a087-673b-4b99e132ce13" testName="VerifyFillFieldUsageRuleSetsReadOnly" computerName="TFSBUILD11" duration="00:00:00.0272943" startTime="2015-09-28T09:43:38.6722930-07:00" endTime="2015-09-28T09:43:38.7035438-07:00" testType="13cdc9d9-ddb5-4fa4-a97d-d965ccfc6d4b" outcome="Passed" testListId="8c84fa94-04c1-424b-9868-57a2d4851a1d" relativeResultsDirectory="d0b62518-2322-4057-b1e9-bd1e6b59327e" />
    <UnitTestResult executionId="04d81520-d358-4b99-887d-b51f89c848d8" testId="55eeb303-046e-f71b-9ed5-5aea1e54363c" testName="VerifyFillFieldUsageRuleSetsRequired" computerName="TFSBUILD11" duration="00:00:00.0312930" startTime="2015-09-28T09:43:38.7035438-07:00" endTime="2015-09-28T09:43:38.7347963-07:00" testType="13cdc9d9-ddb5-4fa4-a97d-d965ccfc6d4b" outcome="Passed" testListId="8c84fa94-04c1-424b-9868-57a2d4851a1d" relativeResultsDirectory="04d81520-d358-4b99-887d-b51f89c848d8" />
    <UnitTestResult executionId="ad4a9aec-54e1-4145-b3c4-e1858b4ff4b2" testId="9969d889-efbf-8b98-a6a7-1db63810a6d1" testName="VerifyFillFieldUsageRuleSetsNothing" computerName="TFSBUILD11" duration="00:00:00.0191823" startTime="2015-09-28T09:43:38.7347963-07:00" endTime="2015-09-28T09:43:38.7504230-07:00" testType="13cdc9d9-ddb5-4fa4-a97d-d965ccfc6d4b" outcome="Passed" testListId="8c84fa94-04c1-424b-9868-57a2d4851a1d" relativeResultsDirectory="ad4a9aec-54e1-4145-b3c4-e1858b4ff4b2" />
    <UnitTestResult executionId="f899d0b7-9065-4df6-beed-37c89ac89ded" testId="e84ab368-af04-783d-3ac1-b0fbd12c89ca" testName="VerifyPopulateWorkItemTypeFieldsAddsNewField" computerName="TFSBUILD11" duration="00:00:00.0260593" startTime="2015-09-28T09:43:38.7504230-07:00" endTime="2015-09-28T09:43:38.7816752-07:00" testType="13cdc9d9-ddb5-4fa4-a97d-d965ccfc6d4b" outcome="Passed" testListId="8c84fa94-04c1-424b-9868-57a2d4851a1d" relativeResultsDirectory="f899d0b7-9065-4df6-beed-37c89ac89ded" />
    <UnitTestResult executionId="04b5d950-4b2e-4895-b495-76f04c72eb63" testId="b3ef7eaa-b307-470d-8957-f7f35aafca0e" testName="VerifyPopulateWorkItemTypeFieldsReusesExistingField" computerName="TFSBUILD11" duration="00:00:00.0259006" startTime="2015-09-28T09:43:38.7816752-07:00" endTime="2015-09-28T09:43:38.8129274-07:00" testType="13cdc9d9-ddb5-4fa4-a97d-d965ccfc6d4b" outcome="Passed" testListId="8c84fa94-04c1-424b-9868-57a2d4851a1d" relativeResultsDirectory="04b5d950-4b2e-4895-b495-76f04c72eb63" />
    <UnitTestResult executionId="99b300c6-4230-4997-a251-0a311022f1c5" testId="1d420b9d-80f8-aabc-376e-75ac9c263d65" testName="VerifyPopulateWorkItemTypeFieldsAddsUsageForNonSystemType" computerName="TFSBUILD11" duration="00:00:00.0226952" startTime="2015-09-28T09:43:38.8129274-07:00" endTime="2015-09-28T09:43:38.8285532-07:00" testType="13cdc9d9-ddb5-4fa4-a97d-d965ccfc6d4b" outcome="Passed" testListId="8c84fa94-04c1-424b-9868-57a2d4851a1d" relativeResultsDirectory="99b300c6-4230-4997-a251-0a311022f1c5" />
    <UnitTestResult executionId="54f856d0-780b-4077-9411-52d4e80ef498" testId="b213842c-ed1d-f52c-b073-ace3efa182a2" testName="VerifyPopulateWorkItemTypeFieldsDoesntAddUsageForSystemType" computerName="TFSBUILD11" duration="00:00:00.0197788" startTime="2015-09-28T09:43:38.8285532-07:00" endTime="2015-09-28T09:43:38.8598057-07:00" testType="13cdc9d9-ddb5-4fa4-a97d-d965ccfc6d4b" outcome="Passed" testListId="8c84fa94-04c1-424b-9868-57a2d4851a1d" relativeResultsDirectory="54f856d0-780b-4077-9411-52d4e80ef498" />
    <UnitTestResult executionId="3a92db25-4cdb-46c6-b1d2-0151d440af3a" testId="1aae9bc3-1789-a7f2-216d-cc53e3889656" testName="VerifyPopulateWorkItemTypeFieldsAddsUsageForSystemTypeWhenHaveRule" computerName="TFSBUILD11" duration="00:00:00.0219570" startTime="2015-09-28T09:43:38.8598057-07:00" endTime="2015-09-28T09:43:38.8754316-07:00" testType="13cdc9d9-ddb5-4fa4-a97d-d965ccfc6d4b" outcome="Passed" testListId="8c84fa94-04c1-424b-9868-57a2d4851a1d" relativeResultsDirectory="3a92db25-4cdb-46c6-b1d2-0151d440af3a" />
    <UnitTestResult executionId="7c2a71fb-1bb6-4b92-9b50-1fefc6a0325f" testId="f16e7a4f-b68d-b716-fa3e-6fd73b888cb7" testName="VerifyGetProcessFieldUsagesCreatesType" computerName="TFSBUILD11" duration="00:00:00.2058210" startTime="2015-09-28T09:43:38.8754316-07:00" endTime="2015-09-28T09:43:39.0785710-07:00" testType="13cdc9d9-ddb5-4fa4-a97d-d965ccfc6d4b" outcome="Passed" testListId="8c84fa94-04c1-424b-9868-57a2d4851a1d" relativeResultsDirectory="7c2a71fb-1bb6-4b92-9b50-1fefc6a0325f" />
    <UnitTestResult executionId="1a7a3b43-dcd2-40d2-8936-8fa5850d7928" testId="dc0d314b-a3f1-c2f5-33fd-56818b9079b4" testName="VerifyProcessNameEmptyIfTeamProjectNotConnectedToProcess" computerName="TFSBUILD11" duration="00:00:00.0739790" startTime="2015-09-28T09:43:39.0785710-07:00" endTime="2015-09-28T09:43:39.1567021-07:00" testType="13cdc9d9-ddb5-4fa4-a97d-d965ccfc6d4b" outcome="Passed" testListId="8c84fa94-04c1-424b-9868-57a2d4851a1d" relativeResultsDirectory="1a7a3b43-dcd2-40d2-8936-8fa5850d7928" />
    <UnitTestResult executionId="ce71cd5d-bd18-45fe-b34e-855a76241a91" testId="cc5ed88a-637b-7d43-ba23-f052f04d5735" testName="VerifyProcessNameForTeamProjectConnectedToProcess" computerName="TFSBUILD11" duration="00:00:00.0218700" startTime="2015-09-28T09:43:39.1567021-07:00" endTime="2015-09-28T09:43:39.1723280-07:00" testType="13cdc9d9-ddb5-4fa4-a97d-d965ccfc6d4b" outcome="Passed" testListId="8c84fa94-04c1-424b-9868-57a2d4851a1d" relativeResultsDirectory="ce71cd5d-bd18-45fe-b34e-855a76241a91" />
    <UnitTestResult executionId="21fa62c3-157b-4cb0-9792-4f7d14312795" testId="f9218628-1eff-89c8-8e4c-779811561fae" testName="SecurityPolicy_TraceReturns_If_RequestAtDeploymentLevel" computerName="TFSBUILD11" duration="00:00:00.7637881" startTime="2015-09-28T09:43:39.1723280-07:00" endTime="2015-09-28T09:43:39.9380077-07:00" testType="13cdc9d9-ddb5-4fa4-a97d-d965ccfc6d4b" outcome="Passed" testListId="8c84fa94-04c1-424b-9868-57a2d4851a1d" relativeResultsDirectory="21fa62c3-157b-4cb0-9792-4f7d14312795" />
    <UnitTestResult executionId="a8832626-a19d-4c0f-90c4-143d669a0e06" testId="5d64e713-d38f-35c7-07e6-02309c98ecef" testName="SecurityPolicy_Returns_If_RequestOnPremise" computerName="TFSBUILD11" duration="00:00:00.0366520" startTime="2015-09-28T09:43:39.9380077-07:00" endTime="2015-09-28T09:43:39.9848852-07:00" testType="13cdc9d9-ddb5-4fa4-a97d-d965ccfc6d4b" outcome="Passed" testListId="8c84fa94-04c1-424b-9868-57a2d4851a1d" relativeResultsDirectory="a8832626-a19d-4c0f-90c4-143d669a0e06" />
    <UnitTestResult executionId="25ceb782-e9bb-4fc0-abc1-7de125716e0c" testId="74dbedbf-8ad8-8b67-82b7-71488ee65e25" testName="SecurityPolicy_TraceReturns_If_MemberIdsInvalid" computerName="TFSBUILD11" duration="00:00:00.0343724" startTime="2015-09-28T09:43:39.9848852-07:00" endTime="2015-09-28T09:43:40.0161377-07:00" testType="13cdc9d9-ddb5-4fa4-a97d-d965ccfc6d4b" outcome="Passed" testListId="8c84fa94-04c1-424b-9868-57a2d4851a1d" relativeResultsDirectory="25ceb782-e9bb-4fc0-abc1-7de125716e0c" />
    <UnitTestResult executionId="fd317f9f-2bf5-453f-9a70-612bfd3557a7" testId="c4dced55-fc50-133f-5fc7-4340fdc52abf" testName="AccountPolicy_Returns_If_GroupIsNotAccountAdmin" computerName="TFSBUILD11" duration="00:00:00.0513296" startTime="2015-09-28T09:43:40.0161377-07:00" endTime="2015-09-28T09:43:40.0630157-07:00" testType="13cdc9d9-ddb5-4fa4-a97d-d965ccfc6d4b" outcome="Passed" testListId="8c84fa94-04c1-424b-9868-57a2d4851a1d" relativeResultsDirectory="fd317f9f-2bf5-453f-9a70-612bfd3557a7" />
    <UnitTestResult executionId="26230253-a2f2-4d12-b0ae-6f9185a0a31b" testId="b7661e54-a26f-0a26-7b31-fd2ecfd0fd36" testName="AccountPolicy_TraceReturns_If_UniqueAccountOwnerNotFound" computerName="TFSBUILD11" duration="00:00:00.0476804" startTime="2015-09-28T09:43:40.0630157-07:00" endTime="2015-09-28T09:43:40.1098946-07:00" testType="13cdc9d9-ddb5-4fa4-a97d-d965ccfc6d4b" outcome="Passed" testListId="8c84fa94-04c1-424b-9868-57a2d4851a1d" relativeResultsDirectory="26230253-a2f2-4d12-b0ae-6f9185a0a31b" />
    <UnitTestResult executionId="986396b7-2112-4dba-b3b2-3faf7f6490f4" testId="68d21ac7-3b20-aebc-c4b2-b7b422925b69" testName="AccountPolicy_Returns_If_AccountOwnerNotBeingRemoved" computerName="TFSBUILD11" duration="00:00:00.0421676" startTime="2015-09-28T09:43:40.1098946-07:00" endTime="2015-09-28T09:43:40.1567738-07:00" testType="13cdc9d9-ddb5-4fa4-a97d-d965ccfc6d4b" outcome="Passed" testListId="8c84fa94-04c1-424b-9868-57a2d4851a1d" relativeResultsDirectory="986396b7-2112-4dba-b3b2-3faf7f6490f4" />
    <UnitTestResult executionId="550736c4-ae01-4b8a-ae63-89dae2ce4621" testId="1e7f761c-c834-179a-06fa-4166e0f2d116" testName="AccountPolicy_Throws_If_AccountOwnerBeingRemoved" computerName="TFSBUILD11" duration="00:00:00.0296967" startTime="2015-09-28T09:43:40.1567738-07:00" endTime="2015-09-28T09:43:40.1880252-07:00" testType="13cdc9d9-ddb5-4fa4-a97d-d965ccfc6d4b" outcome="Passed" testListId="8c84fa94-04c1-424b-9868-57a2d4851a1d" relativeResultsDirectory="550736c4-ae01-4b8a-ae63-89dae2ce4621" />
    <UnitTestResult executionId="cc672f36-5785-430f-813d-2316f7914b70" testId="5754a741-9b0c-d6e7-807e-17a135d9ccfc" testName="IdentityDeletionPolicy_Throws_If_EndpointGroupBeingRemoved" computerName="TFSBUILD11" duration="00:00:00.1064952" startTime="2015-09-28T09:43:40.1880252-07:00" endTime="2015-09-28T09:43:40.2974074-07:00" testType="13cdc9d9-ddb5-4fa4-a97d-d965ccfc6d4b" outcome="Passed" testListId="8c84fa94-04c1-424b-9868-57a2d4851a1d" relativeResultsDirectory="cc672f36-5785-430f-813d-2316f7914b70" />
    <UnitTestResult executionId="d9e844be-434b-49f0-bf9f-be4de87551f0" testId="4b53b646-37bc-a060-c60a-347de6306c35" testName="CollectionPolicy_TraceReturns_If_RequestNotCollectionLevel" computerName="TFSBUILD11" duration="00:00:00.0306007" startTime="2015-09-28T09:43:40.2974074-07:00" endTime="2015-09-28T09:43:40.3286596-07:00" testType="13cdc9d9-ddb5-4fa4-a97d-d965ccfc6d4b" outcome="Passed" testListId="8c84fa94-04c1-424b-9868-57a2d4851a1d" relativeResultsDirectory="d9e844be-434b-49f0-bf9f-be4de87551f0" />
    <UnitTestResult executionId="118e22fc-df57-471b-bb1e-c5bf6c5c69d1" testId="fbbce7a7-6e9a-c923-c734-694997e7ca51" testName="CollectionPolicy_TraceReturns_If_UniqueAccountAdminGroupNotFound" computerName="TFSBUILD11" duration="00:00:00.0357372" startTime="2015-09-28T09:43:40.3286596-07:00" endTime="2015-09-28T09:43:40.3599124-07:00" testType="13cdc9d9-ddb5-4fa4-a97d-d965ccfc6d4b" outcome="Passed" testListId="8c84fa94-04c1-424b-9868-57a2d4851a1d" relativeResultsDirectory="118e22fc-df57-471b-bb1e-c5bf6c5c69d1" />
    <UnitTestResult executionId="94f93c1f-c183-4c7c-888b-033970a7d56b" testId="91531a68-e587-6043-3ea8-f9b63121937b" testName="CollectionPolicy_Returns_If_AccountAdminGroupNotBeingRemoved" computerName="TFSBUILD11" duration="00:00:00.0421386" startTime="2015-09-28T09:43:40.3599124-07:00" endTime="2015-09-28T09:43:40.4067904-07:00" testType="13cdc9d9-ddb5-4fa4-a97d-d965ccfc6d4b" outcome="Passed" testListId="8c84fa94-04c1-424b-9868-57a2d4851a1d" relativeResultsDirectory="94f93c1f-c183-4c7c-888b-033970a7d56b" />
    <UnitTestResult executionId="43f5cc53-963a-45c4-aeeb-cb7493272360" testId="69afb328-ead1-3827-0581-7a96827ae13a" testName="CollectionPolicy_Returns_If_GroupDoesNotMatchCollectionAdminGroup" computerName="TFSBUILD11" duration="00:00:00.0347522" startTime="2015-09-28T09:43:40.4067904-07:00" endTime="2015-09-28T09:43:40.4380424-07:00" testType="13cdc9d9-ddb5-4fa4-a97d-d965ccfc6d4b" outcome="Passed" testListId="8c84fa94-04c1-424b-9868-57a2d4851a1d" relativeResultsDirectory="43f5cc53-963a-45c4-aeeb-cb7493272360" />
    <UnitTestResult executionId="ca1dd1d8-8999-4c84-8b36-2f7a282c0eb3" testId="97f5dac4-f781-ee4e-c374-3b5b45485106" testName="CollectionPolicy_Throws_If_GroupMatchesCollectionAdminGroup" computerName="TFSBUILD11" duration="00:00:00.0361883" startTime="2015-09-28T09:43:40.4380424-07:00" endTime="2015-09-28T09:43:40.4692949-07:00" testType="13cdc9d9-ddb5-4fa4-a97d-d965ccfc6d4b" outcome="Passed" testListId="8c84fa94-04c1-424b-9868-57a2d4851a1d" relativeResultsDirectory="ca1dd1d8-8999-4c84-8b36-2f7a282c0eb3" />
  </Results>
  <TestDefinitions>
    <UnitTest name="TestUpdateInheritedProcess" storage="d:\v2.0\a1\_work\dbded102\bin\release.anycpu\tfs.service\ms.tf.server.webaccess.admin.l0.tests\ms.tf.server.webaccess.admin.l0.tests.dll" id="ddb09df9-ebfc-e19b-435e-5a4abcf2a003">
      <Execution id="91d4af5d-29c1-472e-b4bc-8a7855849e47" />
      <TestMethod codeBase="D:\v2.0\A1\_work\dbded102\bin\Release.AnyCPU\Tfs.Service\MS.TF.Server.WebAccess.Admin.L0.Tests\MS.TF.Server.WebAccess.Admin.L0.Tests.dll" adapterTypeName="Microsoft.VisualStudio.TestTools.TestTypes.Unit.UnitTestAdapter" className="MS.TF.Server.WebAccess.Admin.L0.Tests.APIProcessControllerTests" name="TestUpdateInheritedProcess" />
    </UnitTest>
    <UnitTest name="TestDoNotUpdateInheritedWhenNameAndDescriptionAreNull" storage="d:\v2.0\a1\_work\dbded102\bin\release.anycpu\tfs.service\ms.tf.server.webaccess.admin.l0.tests\ms.tf.server.webaccess.admin.l0.tests.dll" id="a1fe5337-30df-2b37-2084-68eed9498c1d">
      <Execution id="621cb67c-b323-4673-a182-f1d3cd7e9aeb" />
      <TestMethod codeBase="D:\v2.0\A1\_work\dbded102\bin\Release.AnyCPU\Tfs.Service\MS.TF.Server.WebAccess.Admin.L0.Tests\MS.TF.Server.WebAccess.Admin.L0.Tests.dll" adapterTypeName="Microsoft.VisualStudio.TestTools.TestTypes.Unit.UnitTestAdapter" className="MS.TF.Server.WebAccess.Admin.L0.Tests.APIProcessControllerTests" name="TestDoNotUpdateInheritedWhenNameAndDescriptionAreNull" />
    </UnitTest>
    <UnitTest name="TestDoNotUpdateSystemProcess" storage="d:\v2.0\a1\_work\dbded102\bin\release.anycpu\tfs.service\ms.tf.server.webaccess.admin.l0.tests\ms.tf.server.webaccess.admin.l0.tests.dll" id="0e593137-2e11-1951-e73e-41487aaf9577">
      <Execution id="4375e83f-3ac2-4901-9c01-10aace85d707" />
      <TestMethod codeBase="D:\v2.0\A1\_work\dbded102\bin\Release.AnyCPU\Tfs.Service\MS.TF.Server.WebAccess.Admin.L0.Tests\MS.TF.Server.WebAccess.Admin.L0.Tests.dll" adapterTypeName="Microsoft.VisualStudio.TestTools.TestTypes.Unit.UnitTestAdapter" className="MS.TF.Server.WebAccess.Admin.L0.Tests.APIProcessControllerTests" name="TestDoNotUpdateSystemProcess" />
    </UnitTest>
    <UnitTest name="TestIsUpdateNeeded_nameAndDesc" storage="d:\v2.0\a1\_work\dbded102\bin\release.anycpu\tfs.service\ms.tf.server.webaccess.admin.l0.tests\ms.tf.server.webaccess.admin.l0.tests.dll" id="92a4806a-a749-4129-e8f8-73201bfd0483">
      <Execution id="bec98e69-2b7f-4bac-8f41-60dcc26b2fde" />
      <TestMethod codeBase="D:\v2.0\A1\_work\dbded102\bin\Release.AnyCPU\Tfs.Service\MS.TF.Server.WebAccess.Admin.L0.Tests\MS.TF.Server.WebAccess.Admin.L0.Tests.dll" adapterTypeName="Microsoft.VisualStudio.TestTools.TestTypes.Unit.UnitTestAdapter" className="MS.TF.Server.WebAccess.Admin.L0.Tests.APIProcessControllerTests" name="TestIsUpdateNeeded_nameAndDesc" />
    </UnitTest>
    <UnitTest name="TestIsUpdateNeeded_systemProcess" storage="d:\v2.0\a1\_work\dbded102\bin\release.anycpu\tfs.service\ms.tf.server.webaccess.admin.l0.tests\ms.tf.server.webaccess.admin.l0.tests.dll" id="829c7ff0-6a2d-72ec-264d-75c458cfb1bc">
      <Execution id="4c3e9174-f1cd-44a2-939e-c65175767f65" />
      <TestMethod codeBase="D:\v2.0\A1\_work\dbded102\bin\Release.AnyCPU\Tfs.Service\MS.TF.Server.WebAccess.Admin.L0.Tests\MS.TF.Server.WebAccess.Admin.L0.Tests.dll" adapterTypeName="Microsoft.VisualStudio.TestTools.TestTypes.Unit.UnitTestAdapter" className="MS.TF.Server.WebAccess.Admin.L0.Tests.APIProcessControllerTests" name="TestIsUpdateNeeded_systemProcess" />
    </UnitTest>
    <UnitTest name="TestIsUpdateNeeded_nullName" storage="d:\v2.0\a1\_work\dbded102\bin\release.anycpu\tfs.service\ms.tf.server.webaccess.admin.l0.tests\ms.tf.server.webaccess.admin.l0.tests.dll" id="ed1ee3bf-138e-dbe5-1c0f-c1fcc8aa33a6">
      <Execution id="16f889fa-d18e-4a67-b745-28e14dd27d95" />
      <TestMethod codeBase="D:\v2.0\A1\_work\dbded102\bin\Release.AnyCPU\Tfs.Service\MS.TF.Server.WebAccess.Admin.L0.Tests\MS.TF.Server.WebAccess.Admin.L0.Tests.dll" adapterTypeName="Microsoft.VisualStudio.TestTools.TestTypes.Unit.UnitTestAdapter" className="MS.TF.Server.WebAccess.Admin.L0.Tests.APIProcessControllerTests" name="TestIsUpdateNeeded_nullName" />
    </UnitTest>
    <UnitTest name="TestIsUpdateNeeded_nullDesc" storage="d:\v2.0\a1\_work\dbded102\bin\release.anycpu\tfs.service\ms.tf.server.webaccess.admin.l0.tests\ms.tf.server.webaccess.admin.l0.tests.dll" id="0169ba1d-8f91-54d5-ca30-7d217b704d44">
      <Execution id="c5c3f369-cbbd-4cff-a6d4-61385495a939" />
      <TestMethod codeBase="D:\v2.0\A1\_work\dbded102\bin\Release.AnyCPU\Tfs.Service\MS.TF.Server.WebAccess.Admin.L0.Tests\MS.TF.Server.WebAccess.Admin.L0.Tests.dll" adapterTypeName="Microsoft.VisualStudio.TestTools.TestTypes.Unit.UnitTestAdapter" className="MS.TF.Server.WebAccess.Admin.L0.Tests.APIProcessControllerTests" name="TestIsUpdateNeeded_nullDesc" />
    </UnitTest>
    <UnitTest name="TestIsUpdateNeeded_emptyName" storage="d:\v2.0\a1\_work\dbded102\bin\release.anycpu\tfs.service\ms.tf.server.webaccess.admin.l0.tests\ms.tf.server.webaccess.admin.l0.tests.dll" id="cd08bcb8-7b91-5e6e-f348-fee4fee75d66">
      <Execution id="7a523ad3-f694-493b-81df-c6b3fae8f517" />
      <TestMethod codeBase="D:\v2.0\A1\_work\dbded102\bin\Release.AnyCPU\Tfs.Service\MS.TF.Server.WebAccess.Admin.L0.Tests\MS.TF.Server.WebAccess.Admin.L0.Tests.dll" adapterTypeName="Microsoft.VisualStudio.TestTools.TestTypes.Unit.UnitTestAdapter" className="MS.TF.Server.WebAccess.Admin.L0.Tests.APIProcessControllerTests" name="TestIsUpdateNeeded_emptyName" />
    </UnitTest>
    <UnitTest name="TestGetActiveEnabled" storage="d:\v2.0\a1\_work\dbded102\bin\release.anycpu\tfs.service\ms.tf.server.webaccess.admin.l0.tests\ms.tf.server.webaccess.admin.l0.tests.dll" id="359b2aeb-eeb0-b0ae-2fec-e8c719c31e66">
      <Execution id="88a81374-8abc-4f2e-87f2-905e4dfe4762" />
      <TestMethod codeBase="D:\v2.0\A1\_work\dbded102\bin\Release.AnyCPU\Tfs.Service\MS.TF.Server.WebAccess.Admin.L0.Tests\MS.TF.Server.WebAccess.Admin.L0.Tests.dll" adapterTypeName="Microsoft.VisualStudio.TestTools.TestTypes.Unit.UnitTestAdapter" className="MS.TF.Server.WebAccess.Admin.L0.Tests.ApiProjectControllerTests" name="TestGetActiveEnabled" />
    </UnitTest>
    <UnitTest name="NoSubscribedProject" storage="d:\v2.0\a1\_work\dbded102\bin\release.anycpu\tfs.service\ms.tf.server.webaccess.admin.l0.tests\ms.tf.server.webaccess.admin.l0.tests.dll" id="9acd7bb1-feb6-fb6b-2a61-900ae5308b3c">
      <Execution id="6f3037c5-3bbf-4d30-95e1-f9c65b3716bc" />
      <TestMethod codeBase="D:\v2.0\A1\_work\dbded102\bin\Release.AnyCPU\Tfs.Service\MS.TF.Server.WebAccess.Admin.L0.Tests\MS.TF.Server.WebAccess.Admin.L0.Tests.dll" adapterTypeName="Microsoft.VisualStudio.TestTools.TestTypes.Unit.UnitTestAdapter" className="MS.TF.Server.WebAccess.Admin.L0.Tests.ProcessServiceTests" name="NoSubscribedProject" />
    </UnitTest>
    <UnitTest name="ProjectMapToRightTemplate" storage="d:\v2.0\a1\_work\dbded102\bin\release.anycpu\tfs.service\ms.tf.server.webaccess.admin.l0.tests\ms.tf.server.webaccess.admin.l0.tests.dll" id="2e1f49b9-1cad-685b-7334-12b95d917401">
      <Execution id="87833262-bf2d-485e-8c26-3d4acb068f2c" />
      <TestMethod codeBase="D:\v2.0\A1\_work\dbded102\bin\Release.AnyCPU\Tfs.Service\MS.TF.Server.WebAccess.Admin.L0.Tests\MS.TF.Server.WebAccess.Admin.L0.Tests.dll" adapterTypeName="Microsoft.VisualStudio.TestTools.TestTypes.Unit.UnitTestAdapter" className="MS.TF.Server.WebAccess.Admin.L0.Tests.ProcessServiceTests" name="ProjectMapToRightTemplate" />
    </UnitTest>
    <UnitTest name="DeploymentLevelTemplateCannotBeEdited" storage="d:\v2.0\a1\_work\dbded102\bin\release.anycpu\tfs.service\ms.tf.server.webaccess.admin.l0.tests\ms.tf.server.webaccess.admin.l0.tests.dll" id="a94fcf41-5f96-0739-3d5f-09751f1fa812">
      <Execution id="4d941889-39ae-4d9f-a1a4-27afe0f31189" />
      <TestMethod codeBase="D:\v2.0\A1\_work\dbded102\bin\Release.AnyCPU\Tfs.Service\MS.TF.Server.WebAccess.Admin.L0.Tests\MS.TF.Server.WebAccess.Admin.L0.Tests.dll" adapterTypeName="Microsoft.VisualStudio.TestTools.TestTypes.Unit.UnitTestAdapter" className="MS.TF.Server.WebAccess.Admin.L0.Tests.ProcessServiceTests" name="DeploymentLevelTemplateCannotBeEdited" />
    </UnitTest>
    <UnitTest name="CollectionLevelTemplateCannotBeEdited" storage="d:\v2.0\a1\_work\dbded102\bin\release.anycpu\tfs.service\ms.tf.server.webaccess.admin.l0.tests\ms.tf.server.webaccess.admin.l0.tests.dll" id="46ca9ce4-3b72-e9f8-60c4-b9800c1ef5fb">
      <Execution id="5da5418b-c154-421e-b49c-ded556e46b77" />
      <TestMethod codeBase="D:\v2.0\A1\_work\dbded102\bin\Release.AnyCPU\Tfs.Service\MS.TF.Server.WebAccess.Admin.L0.Tests\MS.TF.Server.WebAccess.Admin.L0.Tests.dll" adapterTypeName="Microsoft.VisualStudio.TestTools.TestTypes.Unit.UnitTestAdapter" className="MS.TF.Server.WebAccess.Admin.L0.Tests.ProcessServiceTests" name="CollectionLevelTemplateCannotBeEdited" />
    </UnitTest>
    <UnitTest name="GetProcessHierarchySortAndChildCount" storage="d:\v2.0\a1\_work\dbded102\bin\release.anycpu\tfs.service\ms.tf.server.webaccess.admin.l0.tests\ms.tf.server.webaccess.admin.l0.tests.dll" id="d26e2903-cfab-b826-319c-7d6a393de83a">
      <Execution id="60ef41f9-b524-49d4-a95f-b6f45ae6c05b" />
      <TestMethod codeBase="D:\v2.0\A1\_work\dbded102\bin\Release.AnyCPU\Tfs.Service\MS.TF.Server.WebAccess.Admin.L0.Tests\MS.TF.Server.WebAccess.Admin.L0.Tests.dll" adapterTypeName="Microsoft.VisualStudio.TestTools.TestTypes.Unit.UnitTestAdapter" className="MS.TF.Server.WebAccess.Admin.L0.Tests.ProcessServiceTests" name="GetProcessHierarchySortAndChildCount" />
    </UnitTest>
    <UnitTest name="DefaultTemplateBlockedFromDelete" storage="d:\v2.0\a1\_work\dbded102\bin\release.anycpu\tfs.service\ms.tf.server.webaccess.admin.l0.tests\ms.tf.server.webaccess.admin.l0.tests.dll" id="f8f06774-19fc-878e-5971-9c250d55a918">
      <Execution id="a465ef2c-f101-4fb6-8340-4f6f9807a016" />
      <TestMethod codeBase="D:\v2.0\A1\_work\dbded102\bin\Release.AnyCPU\Tfs.Service\MS.TF.Server.WebAccess.Admin.L0.Tests\MS.TF.Server.WebAccess.Admin.L0.Tests.dll" adapterTypeName="Microsoft.VisualStudio.TestTools.TestTypes.Unit.UnitTestAdapter" className="MS.TF.Server.WebAccess.Admin.L0.Tests.ProcessServiceTests" name="DefaultTemplateBlockedFromDelete" />
    </UnitTest>
    <UnitTest name="TemplateWithSubscribedProjectBlockedFromDelete" storage="d:\v2.0\a1\_work\dbded102\bin\release.anycpu\tfs.service\ms.tf.server.webaccess.admin.l0.tests\ms.tf.server.webaccess.admin.l0.tests.dll" id="6e6ddfeb-15e2-c45a-073a-4b43fbd480ae">
      <Execution id="b967caaa-39c8-49a2-938d-4892767cfaa5" />
      <TestMethod codeBase="D:\v2.0\A1\_work\dbded102\bin\Release.AnyCPU\Tfs.Service\MS.TF.Server.WebAccess.Admin.L0.Tests\MS.TF.Server.WebAccess.Admin.L0.Tests.dll" adapterTypeName="Microsoft.VisualStudio.TestTools.TestTypes.Unit.UnitTestAdapter" className="MS.TF.Server.WebAccess.Admin.L0.Tests.ProcessServiceTests" name="TemplateWithSubscribedProjectBlockedFromDelete" />
    </UnitTest>
    <UnitTest name="DeploymentTemplateBlocked" storage="d:\v2.0\a1\_work\dbded102\bin\release.anycpu\tfs.service\ms.tf.server.webaccess.admin.l0.tests\ms.tf.server.webaccess.admin.l0.tests.dll" id="edc107b4-3656-ed03-a346-afa5eacb3a40">
      <Execution id="040ebfcf-65a8-44c8-bb03-7d213146a60b" />
      <TestMethod codeBase="D:\v2.0\A1\_work\dbded102\bin\Release.AnyCPU\Tfs.Service\MS.TF.Server.WebAccess.Admin.L0.Tests\MS.TF.Server.WebAccess.Admin.L0.Tests.dll" adapterTypeName="Microsoft.VisualStudio.TestTools.TestTypes.Unit.UnitTestAdapter" className="MS.TF.Server.WebAccess.Admin.L0.Tests.ProcessServiceTests" name="DeploymentTemplateBlocked" />
    </UnitTest>
    <UnitTest name="TemplateStatusNotReadyBlockedFromUpdate" storage="d:\v2.0\a1\_work\dbded102\bin\release.anycpu\tfs.service\ms.tf.server.webaccess.admin.l0.tests\ms.tf.server.webaccess.admin.l0.tests.dll" id="69b8aa66-d21e-32a6-bdac-cb64a8451c16">
      <Execution id="4b379ff0-bad9-4a5c-9466-d447abcfe4be" />
      <TestMethod codeBase="D:\v2.0\A1\_work\dbded102\bin\Release.AnyCPU\Tfs.Service\MS.TF.Server.WebAccess.Admin.L0.Tests\MS.TF.Server.WebAccess.Admin.L0.Tests.dll" adapterTypeName="Microsoft.VisualStudio.TestTools.TestTypes.Unit.UnitTestAdapter" className="MS.TF.Server.WebAccess.Admin.L0.Tests.ProcessServiceTests" name="TemplateStatusNotReadyBlockedFromUpdate" />
    </UnitTest>
    <UnitTest name="ValidationFailuresBlockedFromUpdate" storage="d:\v2.0\a1\_work\dbded102\bin\release.anycpu\tfs.service\ms.tf.server.webaccess.admin.l0.tests\ms.tf.server.webaccess.admin.l0.tests.dll" id="60ade810-3e8d-58f4-08f7-7afd54b869d3">
      <Execution id="675b843f-0a66-4014-82d1-eba37434ffa9" />
      <TestMethod codeBase="D:\v2.0\A1\_work\dbded102\bin\Release.AnyCPU\Tfs.Service\MS.TF.Server.WebAccess.Admin.L0.Tests\MS.TF.Server.WebAccess.Admin.L0.Tests.dll" adapterTypeName="Microsoft.VisualStudio.TestTools.TestTypes.Unit.UnitTestAdapter" className="MS.TF.Server.WebAccess.Admin.L0.Tests.ProcessServiceTests" name="ValidationFailuresBlockedFromUpdate" />
    </UnitTest>
    <UnitTest name="ValidationConfirmsReturnedWithNoUpdate" storage="d:\v2.0\a1\_work\dbded102\bin\release.anycpu\tfs.service\ms.tf.server.webaccess.admin.l0.tests\ms.tf.server.webaccess.admin.l0.tests.dll" id="65ff1b76-e0fe-c9ba-8735-083735003ebb">
      <Execution id="fd916f43-d5eb-481b-9d63-3aa46d36ce3b" />
      <TestMethod codeBase="D:\v2.0\A1\_work\dbded102\bin\Release.AnyCPU\Tfs.Service\MS.TF.Server.WebAccess.Admin.L0.Tests\MS.TF.Server.WebAccess.Admin.L0.Tests.dll" adapterTypeName="Microsoft.VisualStudio.TestTools.TestTypes.Unit.UnitTestAdapter" className="MS.TF.Server.WebAccess.Admin.L0.Tests.ProcessServiceTests" name="ValidationConfirmsReturnedWithNoUpdate" />
    </UnitTest>
    <UnitTest name="ValidationConfirmedUpdate" storage="d:\v2.0\a1\_work\dbded102\bin\release.anycpu\tfs.service\ms.tf.server.webaccess.admin.l0.tests\ms.tf.server.webaccess.admin.l0.tests.dll" id="eeb0a5c6-cb70-76f1-3413-d7f102689719">
      <Execution id="147fccd8-339e-446a-84f2-a1555210ed18" />
      <TestMethod codeBase="D:\v2.0\A1\_work\dbded102\bin\Release.AnyCPU\Tfs.Service\MS.TF.Server.WebAccess.Admin.L0.Tests\MS.TF.Server.WebAccess.Admin.L0.Tests.dll" adapterTypeName="Microsoft.VisualStudio.TestTools.TestTypes.Unit.UnitTestAdapter" className="MS.TF.Server.WebAccess.Admin.L0.Tests.ProcessServiceTests" name="ValidationConfirmedUpdate" />
    </UnitTest>
    <UnitTest name="ValidationConfirmedUpdateWithNoProcessMapping" storage="d:\v2.0\a1\_work\dbded102\bin\release.anycpu\tfs.service\ms.tf.server.webaccess.admin.l0.tests\ms.tf.server.webaccess.admin.l0.tests.dll" id="6f4bcfec-be75-8433-a6e9-3a640cd5d390">
      <Execution id="39864612-28d4-4978-a515-4ed1c298bbc0" />
      <TestMethod codeBase="D:\v2.0\A1\_work\dbded102\bin\Release.AnyCPU\Tfs.Service\MS.TF.Server.WebAccess.Admin.L0.Tests\MS.TF.Server.WebAccess.Admin.L0.Tests.dll" adapterTypeName="Microsoft.VisualStudio.TestTools.TestTypes.Unit.UnitTestAdapter" className="MS.TF.Server.WebAccess.Admin.L0.Tests.ProcessServiceTests" name="ValidationConfirmedUpdateWithNoProcessMapping" />
    </UnitTest>
    <UnitTest name="ValidationHandlesTemplateZipWithRootFolder" storage="d:\v2.0\a1\_work\dbded102\bin\release.anycpu\tfs.service\ms.tf.server.webaccess.admin.l0.tests\ms.tf.server.webaccess.admin.l0.tests.dll" id="90beee6f-9ce5-b67f-cb8f-df643299c0bc">
      <Execution id="7e3d5342-84f0-424a-9801-9735e963604f" />
      <TestMethod codeBase="D:\v2.0\A1\_work\dbded102\bin\Release.AnyCPU\Tfs.Service\MS.TF.Server.WebAccess.Admin.L0.Tests\MS.TF.Server.WebAccess.Admin.L0.Tests.dll" adapterTypeName="Microsoft.VisualStudio.TestTools.TestTypes.Unit.UnitTestAdapter" className="MS.TF.Server.WebAccess.Admin.L0.Tests.ProcessServiceTests" name="ValidationHandlesTemplateZipWithRootFolder" />
    </UnitTest>
    <UnitTest name="ValidationHandlesTemplateZipWithoutRootFolder" storage="d:\v2.0\a1\_work\dbded102\bin\release.anycpu\tfs.service\ms.tf.server.webaccess.admin.l0.tests\ms.tf.server.webaccess.admin.l0.tests.dll" id="a52136b9-6cdf-4919-b4a8-0805feae70d5">
      <Execution id="5321a0d1-1bf3-4d37-80f4-3e77fcc0c4ab" />
      <TestMethod codeBase="D:\v2.0\A1\_work\dbded102\bin\Release.AnyCPU\Tfs.Service\MS.TF.Server.WebAccess.Admin.L0.Tests\MS.TF.Server.WebAccess.Admin.L0.Tests.dll" adapterTypeName="Microsoft.VisualStudio.TestTools.TestTypes.Unit.UnitTestAdapter" className="MS.TF.Server.WebAccess.Admin.L0.Tests.ProcessServiceTests" name="ValidationHandlesTemplateZipWithoutRootFolder" />
    </UnitTest>
    <UnitTest name="TestUpdateInheritedInsufficientPermissions" storage="d:\v2.0\a1\_work\dbded102\bin\release.anycpu\tfs.service\ms.tf.server.webaccess.admin.l0.tests\ms.tf.server.webaccess.admin.l0.tests.dll" id="00f92330-999a-6f2b-afee-7de76a3fda53">
      <Execution id="bf09d83f-78f4-41cf-9dbb-ab491725c66e" />
      <TestMethod codeBase="D:\v2.0\A1\_work\dbded102\bin\Release.AnyCPU\Tfs.Service\MS.TF.Server.WebAccess.Admin.L0.Tests\MS.TF.Server.WebAccess.Admin.L0.Tests.dll" adapterTypeName="Microsoft.VisualStudio.TestTools.TestTypes.Unit.UnitTestAdapter" className="MS.TF.Server.WebAccess.Admin.L0.Tests.ProcessServiceTests" name="TestUpdateInheritedInsufficientPermissions" />
    </UnitTest>
    <UnitTest name="ExtractThrowsForBadStream" storage="d:\v2.0\a1\_work\dbded102\bin\release.anycpu\tfs.service\ms.tf.server.webaccess.admin.l0.tests\ms.tf.server.webaccess.admin.l0.tests.dll" id="84c80f92-75d7-b846-b437-6d3af036ccfe">
      <Execution id="91dd43e7-4bbf-4fb1-a600-f1da1da17104" />
      <TestMethod codeBase="D:\v2.0\A1\_work\dbded102\bin\Release.AnyCPU\Tfs.Service\MS.TF.Server.WebAccess.Admin.L0.Tests\MS.TF.Server.WebAccess.Admin.L0.Tests.dll" adapterTypeName="Microsoft.VisualStudio.TestTools.TestTypes.Unit.UnitTestAdapter" className="MS.TF.Server.WebAccess.Admin.L0.Tests.ProcessServiceTests" name="ExtractThrowsForBadStream" />
    </UnitTest>
    <UnitTest name="ExtractHandlesZipWithRootFolder" storage="d:\v2.0\a1\_work\dbded102\bin\release.anycpu\tfs.service\ms.tf.server.webaccess.admin.l0.tests\ms.tf.server.webaccess.admin.l0.tests.dll" id="d06d391f-3951-257d-a828-11e94336a197">
      <Execution id="0b7872fd-94f8-4f09-a3c1-83791843f10e" />
      <TestMethod codeBase="D:\v2.0\A1\_work\dbded102\bin\Release.AnyCPU\Tfs.Service\MS.TF.Server.WebAccess.Admin.L0.Tests\MS.TF.Server.WebAccess.Admin.L0.Tests.dll" adapterTypeName="Microsoft.VisualStudio.TestTools.TestTypes.Unit.UnitTestAdapter" className="MS.TF.Server.WebAccess.Admin.L0.Tests.ProcessServiceTests" name="ExtractHandlesZipWithRootFolder" />
    </UnitTest>
    <UnitTest name="ExtractHandlesZipWithoutRootFolder" storage="d:\v2.0\a1\_work\dbded102\bin\release.anycpu\tfs.service\ms.tf.server.webaccess.admin.l0.tests\ms.tf.server.webaccess.admin.l0.tests.dll" id="0d26ed3b-bb03-be54-0077-dc60244243da">
      <Execution id="269b74bf-adaa-4818-a73a-e03e33537881" />
      <TestMethod codeBase="D:\v2.0\A1\_work\dbded102\bin\Release.AnyCPU\Tfs.Service\MS.TF.Server.WebAccess.Admin.L0.Tests\MS.TF.Server.WebAccess.Admin.L0.Tests.dll" adapterTypeName="Microsoft.VisualStudio.TestTools.TestTypes.Unit.UnitTestAdapter" className="MS.TF.Server.WebAccess.Admin.L0.Tests.ProcessServiceTests" name="ExtractHandlesZipWithoutRootFolder" />
    </UnitTest>
    <UnitTest name="VerifyFillFieldDescriptionSetsDescription" storage="d:\v2.0\a1\_work\dbded102\bin\release.anycpu\tfs.service\ms.tf.server.webaccess.admin.l0.tests\ms.tf.server.webaccess.admin.l0.tests.dll" id="b0623a8d-e76b-7b66-160a-685e51c99257">
      <Execution id="27828135-a1ba-4f5b-818c-9e1dcf2535c7" />
      <TestMethod codeBase="D:\v2.0\A1\_work\dbded102\bin\Release.AnyCPU\Tfs.Service\MS.TF.Server.WebAccess.Admin.L0.Tests\MS.TF.Server.WebAccess.Admin.L0.Tests.dll" adapterTypeName="Microsoft.VisualStudio.TestTools.TestTypes.Unit.UnitTestAdapter" className="MS.TF.Server.WebAccess.Admin.L0.Tests.ProcessServiceTests" name="VerifyFillFieldDescriptionSetsDescription" />
    </UnitTest>
    <UnitTest name="VerifyFillFieldDescriptionSetsHelpText" storage="d:\v2.0\a1\_work\dbded102\bin\release.anycpu\tfs.service\ms.tf.server.webaccess.admin.l0.tests\ms.tf.server.webaccess.admin.l0.tests.dll" id="0a266220-6cbb-ddf5-e0c7-dd20f254b11d">
      <Execution id="88d3920f-414a-43a4-b994-c385461331d5" />
      <TestMethod codeBase="D:\v2.0\A1\_work\dbded102\bin\Release.AnyCPU\Tfs.Service\MS.TF.Server.WebAccess.Admin.L0.Tests\MS.TF.Server.WebAccess.Admin.L0.Tests.dll" adapterTypeName="Microsoft.VisualStudio.TestTools.TestTypes.Unit.UnitTestAdapter" className="MS.TF.Server.WebAccess.Admin.L0.Tests.ProcessServiceTests" name="VerifyFillFieldDescriptionSetsHelpText" />
    </UnitTest>
    <UnitTest name="VerifyFillFieldDescriptionSetsNothing" storage="d:\v2.0\a1\_work\dbded102\bin\release.anycpu\tfs.service\ms.tf.server.webaccess.admin.l0.tests\ms.tf.server.webaccess.admin.l0.tests.dll" id="9770c0b1-26c0-6abd-e6cc-dd8af81cf7cf">
      <Execution id="b5e771c8-de8e-4b63-ac67-ee36541b5fd4" />
      <TestMethod codeBase="D:\v2.0\A1\_work\dbded102\bin\Release.AnyCPU\Tfs.Service\MS.TF.Server.WebAccess.Admin.L0.Tests\MS.TF.Server.WebAccess.Admin.L0.Tests.dll" adapterTypeName="Microsoft.VisualStudio.TestTools.TestTypes.Unit.UnitTestAdapter" className="MS.TF.Server.WebAccess.Admin.L0.Tests.ProcessServiceTests" name="VerifyFillFieldDescriptionSetsNothing" />
    </UnitTest>
    <UnitTest name="VerifyFillFieldUsageRuleSetsDefaultValue" storage="d:\v2.0\a1\_work\dbded102\bin\release.anycpu\tfs.service\ms.tf.server.webaccess.admin.l0.tests\ms.tf.server.webaccess.admin.l0.tests.dll" id="4608300a-3bb9-69aa-6730-2b5a2adaff11">
      <Execution id="bf84ef37-be7f-456a-b210-d33e5073a015" />
      <TestMethod codeBase="D:\v2.0\A1\_work\dbded102\bin\Release.AnyCPU\Tfs.Service\MS.TF.Server.WebAccess.Admin.L0.Tests\MS.TF.Server.WebAccess.Admin.L0.Tests.dll" adapterTypeName="Microsoft.VisualStudio.TestTools.TestTypes.Unit.UnitTestAdapter" className="MS.TF.Server.WebAccess.Admin.L0.Tests.ProcessServiceTests" name="VerifyFillFieldUsageRuleSetsDefaultValue" />
    </UnitTest>
    <UnitTest name="VerifyFillFieldUsageRuleSetsReadOnly" storage="d:\v2.0\a1\_work\dbded102\bin\release.anycpu\tfs.service\ms.tf.server.webaccess.admin.l0.tests\ms.tf.server.webaccess.admin.l0.tests.dll" id="7a2665a7-4cc8-a087-673b-4b99e132ce13">
      <Execution id="d0b62518-2322-4057-b1e9-bd1e6b59327e" />
      <TestMethod codeBase="D:\v2.0\A1\_work\dbded102\bin\Release.AnyCPU\Tfs.Service\MS.TF.Server.WebAccess.Admin.L0.Tests\MS.TF.Server.WebAccess.Admin.L0.Tests.dll" adapterTypeName="Microsoft.VisualStudio.TestTools.TestTypes.Unit.UnitTestAdapter" className="MS.TF.Server.WebAccess.Admin.L0.Tests.ProcessServiceTests" name="VerifyFillFieldUsageRuleSetsReadOnly" />
    </UnitTest>
    <UnitTest name="VerifyFillFieldUsageRuleSetsRequired" storage="d:\v2.0\a1\_work\dbded102\bin\release.anycpu\tfs.service\ms.tf.server.webaccess.admin.l0.tests\ms.tf.server.webaccess.admin.l0.tests.dll" id="55eeb303-046e-f71b-9ed5-5aea1e54363c">
      <Execution id="04d81520-d358-4b99-887d-b51f89c848d8" />
      <TestMethod codeBase="D:\v2.0\A1\_work\dbded102\bin\Release.AnyCPU\Tfs.Service\MS.TF.Server.WebAccess.Admin.L0.Tests\MS.TF.Server.WebAccess.Admin.L0.Tests.dll" adapterTypeName="Microsoft.VisualStudio.TestTools.TestTypes.Unit.UnitTestAdapter" className="MS.TF.Server.WebAccess.Admin.L0.Tests.ProcessServiceTests" name="VerifyFillFieldUsageRuleSetsRequired" />
    </UnitTest>
    <UnitTest name="VerifyFillFieldUsageRuleSetsNothing" storage="d:\v2.0\a1\_work\dbded102\bin\release.anycpu\tfs.service\ms.tf.server.webaccess.admin.l0.tests\ms.tf.server.webaccess.admin.l0.tests.dll" id="9969d889-efbf-8b98-a6a7-1db63810a6d1">
      <Execution id="ad4a9aec-54e1-4145-b3c4-e1858b4ff4b2" />
      <TestMethod codeBase="D:\v2.0\A1\_work\dbded102\bin\Release.AnyCPU\Tfs.Service\MS.TF.Server.WebAccess.Admin.L0.Tests\MS.TF.Server.WebAccess.Admin.L0.Tests.dll" adapterTypeName="Microsoft.VisualStudio.TestTools.TestTypes.Unit.UnitTestAdapter" className="MS.TF.Server.WebAccess.Admin.L0.Tests.ProcessServiceTests" name="VerifyFillFieldUsageRuleSetsNothing" />
    </UnitTest>
    <UnitTest name="VerifyPopulateWorkItemTypeFieldsAddsNewField" storage="d:\v2.0\a1\_work\dbded102\bin\release.anycpu\tfs.service\ms.tf.server.webaccess.admin.l0.tests\ms.tf.server.webaccess.admin.l0.tests.dll" id="e84ab368-af04-783d-3ac1-b0fbd12c89ca">
      <Execution id="f899d0b7-9065-4df6-beed-37c89ac89ded" />
      <TestMethod codeBase="D:\v2.0\A1\_work\dbded102\bin\Release.AnyCPU\Tfs.Service\MS.TF.Server.WebAccess.Admin.L0.Tests\MS.TF.Server.WebAccess.Admin.L0.Tests.dll" adapterTypeName="Microsoft.VisualStudio.TestTools.TestTypes.Unit.UnitTestAdapter" className="MS.TF.Server.WebAccess.Admin.L0.Tests.ProcessServiceTests" name="VerifyPopulateWorkItemTypeFieldsAddsNewField" />
    </UnitTest>
    <UnitTest name="VerifyPopulateWorkItemTypeFieldsReusesExistingField" storage="d:\v2.0\a1\_work\dbded102\bin\release.anycpu\tfs.service\ms.tf.server.webaccess.admin.l0.tests\ms.tf.server.webaccess.admin.l0.tests.dll" id="b3ef7eaa-b307-470d-8957-f7f35aafca0e">
      <Execution id="04b5d950-4b2e-4895-b495-76f04c72eb63" />
      <TestMethod codeBase="D:\v2.0\A1\_work\dbded102\bin\Release.AnyCPU\Tfs.Service\MS.TF.Server.WebAccess.Admin.L0.Tests\MS.TF.Server.WebAccess.Admin.L0.Tests.dll" adapterTypeName="Microsoft.VisualStudio.TestTools.TestTypes.Unit.UnitTestAdapter" className="MS.TF.Server.WebAccess.Admin.L0.Tests.ProcessServiceTests" name="VerifyPopulateWorkItemTypeFieldsReusesExistingField" />
    </UnitTest>
    <UnitTest name="VerifyPopulateWorkItemTypeFieldsAddsUsageForNonSystemType" storage="d:\v2.0\a1\_work\dbded102\bin\release.anycpu\tfs.service\ms.tf.server.webaccess.admin.l0.tests\ms.tf.server.webaccess.admin.l0.tests.dll" id="1d420b9d-80f8-aabc-376e-75ac9c263d65">
      <Execution id="99b300c6-4230-4997-a251-0a311022f1c5" />
      <TestMethod codeBase="D:\v2.0\A1\_work\dbded102\bin\Release.AnyCPU\Tfs.Service\MS.TF.Server.WebAccess.Admin.L0.Tests\MS.TF.Server.WebAccess.Admin.L0.Tests.dll" adapterTypeName="Microsoft.VisualStudio.TestTools.TestTypes.Unit.UnitTestAdapter" className="MS.TF.Server.WebAccess.Admin.L0.Tests.ProcessServiceTests" name="VerifyPopulateWorkItemTypeFieldsAddsUsageForNonSystemType" />
    </UnitTest>
    <UnitTest name="VerifyPopulateWorkItemTypeFieldsDoesntAddUsageForSystemType" storage="d:\v2.0\a1\_work\dbded102\bin\release.anycpu\tfs.service\ms.tf.server.webaccess.admin.l0.tests\ms.tf.server.webaccess.admin.l0.tests.dll" id="b213842c-ed1d-f52c-b073-ace3efa182a2">
      <Execution id="54f856d0-780b-4077-9411-52d4e80ef498" />
      <TestMethod codeBase="D:\v2.0\A1\_work\dbded102\bin\Release.AnyCPU\Tfs.Service\MS.TF.Server.WebAccess.Admin.L0.Tests\MS.TF.Server.WebAccess.Admin.L0.Tests.dll" adapterTypeName="Microsoft.VisualStudio.TestTools.TestTypes.Unit.UnitTestAdapter" className="MS.TF.Server.WebAccess.Admin.L0.Tests.ProcessServiceTests" name="VerifyPopulateWorkItemTypeFieldsDoesntAddUsageForSystemType" />
    </UnitTest>
    <UnitTest name="VerifyPopulateWorkItemTypeFieldsAddsUsageForSystemTypeWhenHaveRule" storage="d:\v2.0\a1\_work\dbded102\bin\release.anycpu\tfs.service\ms.tf.server.webaccess.admin.l0.tests\ms.tf.server.webaccess.admin.l0.tests.dll" id="1aae9bc3-1789-a7f2-216d-cc53e3889656">
      <Execution id="3a92db25-4cdb-46c6-b1d2-0151d440af3a" />
      <TestMethod codeBase="D:\v2.0\A1\_work\dbded102\bin\Release.AnyCPU\Tfs.Service\MS.TF.Server.WebAccess.Admin.L0.Tests\MS.TF.Server.WebAccess.Admin.L0.Tests.dll" adapterTypeName="Microsoft.VisualStudio.TestTools.TestTypes.Unit.UnitTestAdapter" className="MS.TF.Server.WebAccess.Admin.L0.Tests.ProcessServiceTests" name="VerifyPopulateWorkItemTypeFieldsAddsUsageForSystemTypeWhenHaveRule" />
    </UnitTest>
    <UnitTest name="VerifyGetProcessFieldUsagesCreatesType" storage="d:\v2.0\a1\_work\dbded102\bin\release.anycpu\tfs.service\ms.tf.server.webaccess.admin.l0.tests\ms.tf.server.webaccess.admin.l0.tests.dll" id="f16e7a4f-b68d-b716-fa3e-6fd73b888cb7">
      <Execution id="7c2a71fb-1bb6-4b92-9b50-1fefc6a0325f" />
      <TestMethod codeBase="D:\v2.0\A1\_work\dbded102\bin\Release.AnyCPU\Tfs.Service\MS.TF.Server.WebAccess.Admin.L0.Tests\MS.TF.Server.WebAccess.Admin.L0.Tests.dll" adapterTypeName="Microsoft.VisualStudio.TestTools.TestTypes.Unit.UnitTestAdapter" className="MS.TF.Server.WebAccess.Admin.L0.Tests.ProcessServiceTests" name="VerifyGetProcessFieldUsagesCreatesType" />
    </UnitTest>
    <UnitTest name="VerifyProcessNameEmptyIfTeamProjectNotConnectedToProcess" storage="d:\v2.0\a1\_work\dbded102\bin\release.anycpu\tfs.service\ms.tf.server.webaccess.admin.l0.tests\ms.tf.server.webaccess.admin.l0.tests.dll" id="dc0d314b-a3f1-c2f5-33fd-56818b9079b4">
      <Execution id="1a7a3b43-dcd2-40d2-8936-8fa5850d7928" />
      <TestMethod codeBase="D:\v2.0\A1\_work\dbded102\bin\Release.AnyCPU\Tfs.Service\MS.TF.Server.WebAccess.Admin.L0.Tests\MS.TF.Server.WebAccess.Admin.L0.Tests.dll" adapterTypeName="Microsoft.VisualStudio.TestTools.TestTypes.Unit.UnitTestAdapter" className="MS.TF.Server.WebAccess.Admin.L0.Tests.TeamProjectModelTests" name="VerifyProcessNameEmptyIfTeamProjectNotConnectedToProcess" />
    </UnitTest>
    <UnitTest name="VerifyProcessNameForTeamProjectConnectedToProcess" storage="d:\v2.0\a1\_work\dbded102\bin\release.anycpu\tfs.service\ms.tf.server.webaccess.admin.l0.tests\ms.tf.server.webaccess.admin.l0.tests.dll" id="cc5ed88a-637b-7d43-ba23-f052f04d5735">
      <Execution id="ce71cd5d-bd18-45fe-b34e-855a76241a91" />
      <TestMethod codeBase="D:\v2.0\A1\_work\dbded102\bin\Release.AnyCPU\Tfs.Service\MS.TF.Server.WebAccess.Admin.L0.Tests\MS.TF.Server.WebAccess.Admin.L0.Tests.dll" adapterTypeName="Microsoft.VisualStudio.TestTools.TestTypes.Unit.UnitTestAdapter" className="MS.TF.Server.WebAccess.Admin.L0.Tests.TeamProjectModelTests" name="VerifyProcessNameForTeamProjectConnectedToProcess" />
    </UnitTest>
    <UnitTest name="SecurityPolicy_TraceReturns_If_RequestAtDeploymentLevel" storage="d:\v2.0\a1\_work\dbded102\bin\release.anycpu\tfs.service\ms.tf.server.webaccess.admin.l0.tests\ms.tf.server.webaccess.admin.l0.tests.dll" id="f9218628-1eff-89c8-8e4c-779811561fae">
      <Owners>
        <Owner name="vscsauthztest" />
      </Owners>
      <Execution id="21fa62c3-157b-4cb0-9792-4f7d14312795" />
      <TestMethod codeBase="D:\v2.0\A1\_work\dbded102\bin\Release.AnyCPU\Tfs.Service\MS.TF.Server.WebAccess.Admin.L0.Tests\MS.TF.Server.WebAccess.Admin.L0.Tests.dll" adapterTypeName="Microsoft.VisualStudio.TestTools.TestTypes.Unit.UnitTestAdapter" className="MS.TF.Server.WebAccess.Admin.L0.Tests.IdentityControllerTests" name="SecurityPolicy_TraceReturns_If_RequestAtDeploymentLevel" />
    </UnitTest>
    <UnitTest name="SecurityPolicy_Returns_If_RequestOnPremise" storage="d:\v2.0\a1\_work\dbded102\bin\release.anycpu\tfs.service\ms.tf.server.webaccess.admin.l0.tests\ms.tf.server.webaccess.admin.l0.tests.dll" id="5d64e713-d38f-35c7-07e6-02309c98ecef">
      <Owners>
        <Owner name="vscsauthztest" />
      </Owners>
      <Execution id="a8832626-a19d-4c0f-90c4-143d669a0e06" />
      <TestMethod codeBase="D:\v2.0\A1\_work\dbded102\bin\Release.AnyCPU\Tfs.Service\MS.TF.Server.WebAccess.Admin.L0.Tests\MS.TF.Server.WebAccess.Admin.L0.Tests.dll" adapterTypeName="Microsoft.VisualStudio.TestTools.TestTypes.Unit.UnitTestAdapter" className="MS.TF.Server.WebAccess.Admin.L0.Tests.IdentityControllerTests" name="SecurityPolicy_Returns_If_RequestOnPremise" />
    </UnitTest>
    <UnitTest name="SecurityPolicy_TraceReturns_If_MemberIdsInvalid" storage="d:\v2.0\a1\_work\dbded102\bin\release.anycpu\tfs.service\ms.tf.server.webaccess.admin.l0.tests\ms.tf.server.webaccess.admin.l0.tests.dll" id="74dbedbf-8ad8-8b67-82b7-71488ee65e25">
      <Owners>
        <Owner name="vscsauthztest" />
      </Owners>
      <Execution id="25ceb782-e9bb-4fc0-abc1-7de125716e0c" />
      <TestMethod codeBase="D:\v2.0\A1\_work\dbded102\bin\Release.AnyCPU\Tfs.Service\MS.TF.Server.WebAccess.Admin.L0.Tests\MS.TF.Server.WebAccess.Admin.L0.Tests.dll" adapterTypeName="Microsoft.VisualStudio.TestTools.TestTypes.Unit.UnitTestAdapter" className="MS.TF.Server.WebAccess.Admin.L0.Tests.IdentityControllerTests" name="SecurityPolicy_TraceReturns_If_MemberIdsInvalid" />
    </UnitTest>
    <UnitTest name="AccountPolicy_Returns_If_GroupIsNotAccountAdmin" storage="d:\v2.0\a1\_work\dbded102\bin\release.anycpu\tfs.service\ms.tf.server.webaccess.admin.l0.tests\ms.tf.server.webaccess.admin.l0.tests.dll" id="c4dced55-fc50-133f-5fc7-4340fdc52abf">
      <Owners>
        <Owner name="vscsauthztest" />
      </Owners>
      <Execution id="fd317f9f-2bf5-453f-9a70-612bfd3557a7" />
      <TestMethod codeBase="D:\v2.0\A1\_work\dbded102\bin\Release.AnyCPU\Tfs.Service\MS.TF.Server.WebAccess.Admin.L0.Tests\MS.TF.Server.WebAccess.Admin.L0.Tests.dll" adapterTypeName="Microsoft.VisualStudio.TestTools.TestTypes.Unit.UnitTestAdapter" className="MS.TF.Server.WebAccess.Admin.L0.Tests.IdentityControllerTests" name="AccountPolicy_Returns_If_GroupIsNotAccountAdmin" />
    </UnitTest>
    <UnitTest name="AccountPolicy_TraceReturns_If_UniqueAccountOwnerNotFound" storage="d:\v2.0\a1\_work\dbded102\bin\release.anycpu\tfs.service\ms.tf.server.webaccess.admin.l0.tests\ms.tf.server.webaccess.admin.l0.tests.dll" id="b7661e54-a26f-0a26-7b31-fd2ecfd0fd36">
      <Owners>
        <Owner name="vscsauthztest" />
      </Owners>
      <Execution id="26230253-a2f2-4d12-b0ae-6f9185a0a31b" />
      <TestMethod codeBase="D:\v2.0\A1\_work\dbded102\bin\Release.AnyCPU\Tfs.Service\MS.TF.Server.WebAccess.Admin.L0.Tests\MS.TF.Server.WebAccess.Admin.L0.Tests.dll" adapterTypeName="Microsoft.VisualStudio.TestTools.TestTypes.Unit.UnitTestAdapter" className="MS.TF.Server.WebAccess.Admin.L0.Tests.IdentityControllerTests" name="AccountPolicy_TraceReturns_If_UniqueAccountOwnerNotFound" />
    </UnitTest>
    <UnitTest name="AccountPolicy_Returns_If_AccountOwnerNotBeingRemoved" storage="d:\v2.0\a1\_work\dbded102\bin\release.anycpu\tfs.service\ms.tf.server.webaccess.admin.l0.tests\ms.tf.server.webaccess.admin.l0.tests.dll" id="68d21ac7-3b20-aebc-c4b2-b7b422925b69">
      <Owners>
        <Owner name="vscsauthztest" />
      </Owners>
      <Execution id="986396b7-2112-4dba-b3b2-3faf7f6490f4" />
      <TestMethod codeBase="D:\v2.0\A1\_work\dbded102\bin\Release.AnyCPU\Tfs.Service\MS.TF.Server.WebAccess.Admin.L0.Tests\MS.TF.Server.WebAccess.Admin.L0.Tests.dll" adapterTypeName="Microsoft.VisualStudio.TestTools.TestTypes.Unit.UnitTestAdapter" className="MS.TF.Server.WebAccess.Admin.L0.Tests.IdentityControllerTests" name="AccountPolicy_Returns_If_AccountOwnerNotBeingRemoved" />
    </UnitTest>
    <UnitTest name="AccountPolicy_Throws_If_AccountOwnerBeingRemoved" storage="d:\v2.0\a1\_work\dbded102\bin\release.anycpu\tfs.service\ms.tf.server.webaccess.admin.l0.tests\ms.tf.server.webaccess.admin.l0.tests.dll" id="1e7f761c-c834-179a-06fa-4166e0f2d116">
      <Owners>
        <Owner name="vscsauthztest" />
      </Owners>
      <Execution id="550736c4-ae01-4b8a-ae63-89dae2ce4621" />
      <TestMethod codeBase="D:\v2.0\A1\_work\dbded102\bin\Release.AnyCPU\Tfs.Service\MS.TF.Server.WebAccess.Admin.L0.Tests\MS.TF.Server.WebAccess.Admin.L0.Tests.dll" adapterTypeName="Microsoft.VisualStudio.TestTools.TestTypes.Unit.UnitTestAdapter" className="MS.TF.Server.WebAccess.Admin.L0.Tests.IdentityControllerTests" name="AccountPolicy_Throws_If_AccountOwnerBeingRemoved" />
    </UnitTest>
    <UnitTest name="IdentityDeletionPolicy_Throws_If_EndpointGroupBeingRemoved" storage="d:\v2.0\a1\_work\dbded102\bin\release.anycpu\tfs.service\ms.tf.server.webaccess.admin.l0.tests\ms.tf.server.webaccess.admin.l0.tests.dll" id="5754a741-9b0c-d6e7-807e-17a135d9ccfc">
      <Owners>
        <Owner name="ReleaseMangementTeam" />
      </Owners>
      <Execution id="cc672f36-5785-430f-813d-2316f7914b70" />
      <TestMethod codeBase="D:\v2.0\A1\_work\dbded102\bin\Release.AnyCPU\Tfs.Service\MS.TF.Server.WebAccess.Admin.L0.Tests\MS.TF.Server.WebAccess.Admin.L0.Tests.dll" adapterTypeName="Microsoft.VisualStudio.TestTools.TestTypes.Unit.UnitTestAdapter" className="MS.TF.Server.WebAccess.Admin.L0.Tests.IdentityControllerTests" name="IdentityDeletionPolicy_Throws_If_EndpointGroupBeingRemoved" />
    </UnitTest>
    <UnitTest name="CollectionPolicy_TraceReturns_If_RequestNotCollectionLevel" storage="d:\v2.0\a1\_work\dbded102\bin\release.anycpu\tfs.service\ms.tf.server.webaccess.admin.l0.tests\ms.tf.server.webaccess.admin.l0.tests.dll" id="4b53b646-37bc-a060-c60a-347de6306c35">
      <Owners>
        <Owner name="vscsauthztest" />
      </Owners>
      <Execution id="d9e844be-434b-49f0-bf9f-be4de87551f0" />
      <TestMethod codeBase="D:\v2.0\A1\_work\dbded102\bin\Release.AnyCPU\Tfs.Service\MS.TF.Server.WebAccess.Admin.L0.Tests\MS.TF.Server.WebAccess.Admin.L0.Tests.dll" adapterTypeName="Microsoft.VisualStudio.TestTools.TestTypes.Unit.UnitTestAdapter" className="MS.TF.Server.WebAccess.Admin.L0.Tests.IdentityControllerTests" name="CollectionPolicy_TraceReturns_If_RequestNotCollectionLevel" />
    </UnitTest>
    <UnitTest name="CollectionPolicy_TraceReturns_If_UniqueAccountAdminGroupNotFound" storage="d:\v2.0\a1\_work\dbded102\bin\release.anycpu\tfs.service\ms.tf.server.webaccess.admin.l0.tests\ms.tf.server.webaccess.admin.l0.tests.dll" id="fbbce7a7-6e9a-c923-c734-694997e7ca51">
      <Owners>
        <Owner name="vscsauthztest" />
      </Owners>
      <Execution id="118e22fc-df57-471b-bb1e-c5bf6c5c69d1" />
      <TestMethod codeBase="D:\v2.0\A1\_work\dbded102\bin\Release.AnyCPU\Tfs.Service\MS.TF.Server.WebAccess.Admin.L0.Tests\MS.TF.Server.WebAccess.Admin.L0.Tests.dll" adapterTypeName="Microsoft.VisualStudio.TestTools.TestTypes.Unit.UnitTestAdapter" className="MS.TF.Server.WebAccess.Admin.L0.Tests.IdentityControllerTests" name="CollectionPolicy_TraceReturns_If_UniqueAccountAdminGroupNotFound" />
    </UnitTest>
    <UnitTest name="CollectionPolicy_Returns_If_AccountAdminGroupNotBeingRemoved" storage="d:\v2.0\a1\_work\dbded102\bin\release.anycpu\tfs.service\ms.tf.server.webaccess.admin.l0.tests\ms.tf.server.webaccess.admin.l0.tests.dll" id="91531a68-e587-6043-3ea8-f9b63121937b">
      <Owners>
        <Owner name="vscsauthztest" />
      </Owners>
      <Execution id="94f93c1f-c183-4c7c-888b-033970a7d56b" />
      <TestMethod codeBase="D:\v2.0\A1\_work\dbded102\bin\Release.AnyCPU\Tfs.Service\MS.TF.Server.WebAccess.Admin.L0.Tests\MS.TF.Server.WebAccess.Admin.L0.Tests.dll" adapterTypeName="Microsoft.VisualStudio.TestTools.TestTypes.Unit.UnitTestAdapter" className="MS.TF.Server.WebAccess.Admin.L0.Tests.IdentityControllerTests" name="CollectionPolicy_Returns_If_AccountAdminGroupNotBeingRemoved" />
    </UnitTest>
    <UnitTest name="CollectionPolicy_Returns_If_GroupDoesNotMatchCollectionAdminGroup" storage="d:\v2.0\a1\_work\dbded102\bin\release.anycpu\tfs.service\ms.tf.server.webaccess.admin.l0.tests\ms.tf.server.webaccess.admin.l0.tests.dll" id="69afb328-ead1-3827-0581-7a96827ae13a">
      <Owners>
        <Owner name="vscsauthztest" />
      </Owners>
      <Execution id="43f5cc53-963a-45c4-aeeb-cb7493272360" />
      <TestMethod codeBase="D:\v2.0\A1\_work\dbded102\bin\Release.AnyCPU\Tfs.Service\MS.TF.Server.WebAccess.Admin.L0.Tests\MS.TF.Server.WebAccess.Admin.L0.Tests.dll" adapterTypeName="Microsoft.VisualStudio.TestTools.TestTypes.Unit.UnitTestAdapter" className="MS.TF.Server.WebAccess.Admin.L0.Tests.IdentityControllerTests" name="CollectionPolicy_Returns_If_GroupDoesNotMatchCollectionAdminGroup" />
    </UnitTest>
    <UnitTest name="CollectionPolicy_Throws_If_GroupMatchesCollectionAdminGroup" storage="d:\v2.0\a1\_work\dbded102\bin\release.anycpu\tfs.service\ms.tf.server.webaccess.admin.l0.tests\ms.tf.server.webaccess.admin.l0.tests.dll" id="97f5dac4-f781-ee4e-c374-3b5b45485106">
      <Owners>
        <Owner name="vscsauthztest" />
      </Owners>
      <Execution id="ca1dd1d8-8999-4c84-8b36-2f7a282c0eb3" />
      <TestMethod codeBase="D:\v2.0\A1\_work\dbded102\bin\Release.AnyCPU\Tfs.Service\MS.TF.Server.WebAccess.Admin.L0.Tests\MS.TF.Server.WebAccess.Admin.L0.Tests.dll" adapterTypeName="Microsoft.VisualStudio.TestTools.TestTypes.Unit.UnitTestAdapter" className="MS.TF.Server.WebAccess.Admin.L0.Tests.IdentityControllerTests" name="CollectionPolicy_Throws_If_GroupMatchesCollectionAdminGroup" />
    </UnitTest>
  </TestDefinitions>
  <TestEntries>
    <TestEntry testId="ddb09df9-ebfc-e19b-435e-5a4abcf2a003" executionId="91d4af5d-29c1-472e-b4bc-8a7855849e47" testListId="8c84fa94-04c1-424b-9868-57a2d4851a1d" />
    <TestEntry testId="a1fe5337-30df-2b37-2084-68eed9498c1d" executionId="621cb67c-b323-4673-a182-f1d3cd7e9aeb" testListId="8c84fa94-04c1-424b-9868-57a2d4851a1d" />
    <TestEntry testId="0e593137-2e11-1951-e73e-41487aaf9577" executionId="4375e83f-3ac2-4901-9c01-10aace85d707" testListId="8c84fa94-04c1-424b-9868-57a2d4851a1d" />
    <TestEntry testId="92a4806a-a749-4129-e8f8-73201bfd0483" executionId="bec98e69-2b7f-4bac-8f41-60dcc26b2fde" testListId="8c84fa94-04c1-424b-9868-57a2d4851a1d" />
    <TestEntry testId="829c7ff0-6a2d-72ec-264d-75c458cfb1bc" executionId="4c3e9174-f1cd-44a2-939e-c65175767f65" testListId="8c84fa94-04c1-424b-9868-57a2d4851a1d" />
    <TestEntry testId="ed1ee3bf-138e-dbe5-1c0f-c1fcc8aa33a6" executionId="16f889fa-d18e-4a67-b745-28e14dd27d95" testListId="8c84fa94-04c1-424b-9868-57a2d4851a1d" />
    <TestEntry testId="0169ba1d-8f91-54d5-ca30-7d217b704d44" executionId="c5c3f369-cbbd-4cff-a6d4-61385495a939" testListId="8c84fa94-04c1-424b-9868-57a2d4851a1d" />
    <TestEntry testId="cd08bcb8-7b91-5e6e-f348-fee4fee75d66" executionId="7a523ad3-f694-493b-81df-c6b3fae8f517" testListId="8c84fa94-04c1-424b-9868-57a2d4851a1d" />
    <TestEntry testId="359b2aeb-eeb0-b0ae-2fec-e8c719c31e66" executionId="88a81374-8abc-4f2e-87f2-905e4dfe4762" testListId="8c84fa94-04c1-424b-9868-57a2d4851a1d" />
    <TestEntry testId="9acd7bb1-feb6-fb6b-2a61-900ae5308b3c" executionId="6f3037c5-3bbf-4d30-95e1-f9c65b3716bc" testListId="8c84fa94-04c1-424b-9868-57a2d4851a1d" />
    <TestEntry testId="2e1f49b9-1cad-685b-7334-12b95d917401" executionId="87833262-bf2d-485e-8c26-3d4acb068f2c" testListId="8c84fa94-04c1-424b-9868-57a2d4851a1d" />
    <TestEntry testId="a94fcf41-5f96-0739-3d5f-09751f1fa812" executionId="4d941889-39ae-4d9f-a1a4-27afe0f31189" testListId="8c84fa94-04c1-424b-9868-57a2d4851a1d" />
    <TestEntry testId="46ca9ce4-3b72-e9f8-60c4-b9800c1ef5fb" executionId="5da5418b-c154-421e-b49c-ded556e46b77" testListId="8c84fa94-04c1-424b-9868-57a2d4851a1d" />
    <TestEntry testId="d26e2903-cfab-b826-319c-7d6a393de83a" executionId="60ef41f9-b524-49d4-a95f-b6f45ae6c05b" testListId="8c84fa94-04c1-424b-9868-57a2d4851a1d" />
    <TestEntry testId="f8f06774-19fc-878e-5971-9c250d55a918" executionId="a465ef2c-f101-4fb6-8340-4f6f9807a016" testListId="8c84fa94-04c1-424b-9868-57a2d4851a1d" />
    <TestEntry testId="6e6ddfeb-15e2-c45a-073a-4b43fbd480ae" executionId="b967caaa-39c8-49a2-938d-4892767cfaa5" testListId="8c84fa94-04c1-424b-9868-57a2d4851a1d" />
    <TestEntry testId="edc107b4-3656-ed03-a346-afa5eacb3a40" executionId="040ebfcf-65a8-44c8-bb03-7d213146a60b" testListId="8c84fa94-04c1-424b-9868-57a2d4851a1d" />
    <TestEntry testId="69b8aa66-d21e-32a6-bdac-cb64a8451c16" executionId="4b379ff0-bad9-4a5c-9466-d447abcfe4be" testListId="8c84fa94-04c1-424b-9868-57a2d4851a1d" />
    <TestEntry testId="60ade810-3e8d-58f4-08f7-7afd54b869d3" executionId="675b843f-0a66-4014-82d1-eba37434ffa9" testListId="8c84fa94-04c1-424b-9868-57a2d4851a1d" />
    <TestEntry testId="65ff1b76-e0fe-c9ba-8735-083735003ebb" executionId="fd916f43-d5eb-481b-9d63-3aa46d36ce3b" testListId="8c84fa94-04c1-424b-9868-57a2d4851a1d" />
    <TestEntry testId="eeb0a5c6-cb70-76f1-3413-d7f102689719" executionId="147fccd8-339e-446a-84f2-a1555210ed18" testListId="8c84fa94-04c1-424b-9868-57a2d4851a1d" />
    <TestEntry testId="6f4bcfec-be75-8433-a6e9-3a640cd5d390" executionId="39864612-28d4-4978-a515-4ed1c298bbc0" testListId="8c84fa94-04c1-424b-9868-57a2d4851a1d" />
    <TestEntry testId="90beee6f-9ce5-b67f-cb8f-df643299c0bc" executionId="7e3d5342-84f0-424a-9801-9735e963604f" testListId="8c84fa94-04c1-424b-9868-57a2d4851a1d" />
    <TestEntry testId="a52136b9-6cdf-4919-b4a8-0805feae70d5" executionId="5321a0d1-1bf3-4d37-80f4-3e77fcc0c4ab" testListId="8c84fa94-04c1-424b-9868-57a2d4851a1d" />
    <TestEntry testId="00f92330-999a-6f2b-afee-7de76a3fda53" executionId="bf09d83f-78f4-41cf-9dbb-ab491725c66e" testListId="8c84fa94-04c1-424b-9868-57a2d4851a1d" />
    <TestEntry testId="84c80f92-75d7-b846-b437-6d3af036ccfe" executionId="91dd43e7-4bbf-4fb1-a600-f1da1da17104" testListId="8c84fa94-04c1-424b-9868-57a2d4851a1d" />
    <TestEntry testId="d06d391f-3951-257d-a828-11e94336a197" executionId="0b7872fd-94f8-4f09-a3c1-83791843f10e" testListId="8c84fa94-04c1-424b-9868-57a2d4851a1d" />
    <TestEntry testId="0d26ed3b-bb03-be54-0077-dc60244243da" executionId="269b74bf-adaa-4818-a73a-e03e33537881" testListId="8c84fa94-04c1-424b-9868-57a2d4851a1d" />
    <TestEntry testId="b0623a8d-e76b-7b66-160a-685e51c99257" executionId="27828135-a1ba-4f5b-818c-9e1dcf2535c7" testListId="8c84fa94-04c1-424b-9868-57a2d4851a1d" />
    <TestEntry testId="0a266220-6cbb-ddf5-e0c7-dd20f254b11d" executionId="88d3920f-414a-43a4-b994-c385461331d5" testListId="8c84fa94-04c1-424b-9868-57a2d4851a1d" />
    <TestEntry testId="9770c0b1-26c0-6abd-e6cc-dd8af81cf7cf" executionId="b5e771c8-de8e-4b63-ac67-ee36541b5fd4" testListId="8c84fa94-04c1-424b-9868-57a2d4851a1d" />
    <TestEntry testId="4608300a-3bb9-69aa-6730-2b5a2adaff11" executionId="bf84ef37-be7f-456a-b210-d33e5073a015" testListId="8c84fa94-04c1-424b-9868-57a2d4851a1d" />
    <TestEntry testId="7a2665a7-4cc8-a087-673b-4b99e132ce13" executionId="d0b62518-2322-4057-b1e9-bd1e6b59327e" testListId="8c84fa94-04c1-424b-9868-57a2d4851a1d" />
    <TestEntry testId="55eeb303-046e-f71b-9ed5-5aea1e54363c" executionId="04d81520-d358-4b99-887d-b51f89c848d8" testListId="8c84fa94-04c1-424b-9868-57a2d4851a1d" />
    <TestEntry testId="9969d889-efbf-8b98-a6a7-1db63810a6d1" executionId="ad4a9aec-54e1-4145-b3c4-e1858b4ff4b2" testListId="8c84fa94-04c1-424b-9868-57a2d4851a1d" />
    <TestEntry testId="e84ab368-af04-783d-3ac1-b0fbd12c89ca" executionId="f899d0b7-9065-4df6-beed-37c89ac89ded" testListId="8c84fa94-04c1-424b-9868-57a2d4851a1d" />
    <TestEntry testId="b3ef7eaa-b307-470d-8957-f7f35aafca0e" executionId="04b5d950-4b2e-4895-b495-76f04c72eb63" testListId="8c84fa94-04c1-424b-9868-57a2d4851a1d" />
    <TestEntry testId="1d420b9d-80f8-aabc-376e-75ac9c263d65" executionId="99b300c6-4230-4997-a251-0a311022f1c5" testListId="8c84fa94-04c1-424b-9868-57a2d4851a1d" />
    <TestEntry testId="b213842c-ed1d-f52c-b073-ace3efa182a2" executionId="54f856d0-780b-4077-9411-52d4e80ef498" testListId="8c84fa94-04c1-424b-9868-57a2d4851a1d" />
    <TestEntry testId="1aae9bc3-1789-a7f2-216d-cc53e3889656" executionId="3a92db25-4cdb-46c6-b1d2-0151d440af3a" testListId="8c84fa94-04c1-424b-9868-57a2d4851a1d" />
    <TestEntry testId="f16e7a4f-b68d-b716-fa3e-6fd73b888cb7" executionId="7c2a71fb-1bb6-4b92-9b50-1fefc6a0325f" testListId="8c84fa94-04c1-424b-9868-57a2d4851a1d" />
    <TestEntry testId="dc0d314b-a3f1-c2f5-33fd-56818b9079b4" executionId="1a7a3b43-dcd2-40d2-8936-8fa5850d7928" testListId="8c84fa94-04c1-424b-9868-57a2d4851a1d" />
    <TestEntry testId="cc5ed88a-637b-7d43-ba23-f052f04d5735" executionId="ce71cd5d-bd18-45fe-b34e-855a76241a91" testListId="8c84fa94-04c1-424b-9868-57a2d4851a1d" />
    <TestEntry testId="f9218628-1eff-89c8-8e4c-779811561fae" executionId="21fa62c3-157b-4cb0-9792-4f7d14312795" testListId="8c84fa94-04c1-424b-9868-57a2d4851a1d" />
    <TestEntry testId="5d64e713-d38f-35c7-07e6-02309c98ecef" executionId="a8832626-a19d-4c0f-90c4-143d669a0e06" testListId="8c84fa94-04c1-424b-9868-57a2d4851a1d" />
    <TestEntry testId="74dbedbf-8ad8-8b67-82b7-71488ee65e25" executionId="25ceb782-e9bb-4fc0-abc1-7de125716e0c" testListId="8c84fa94-04c1-424b-9868-57a2d4851a1d" />
    <TestEntry testId="c4dced55-fc50-133f-5fc7-4340fdc52abf" executionId="fd317f9f-2bf5-453f-9a70-612bfd3557a7" testListId="8c84fa94-04c1-424b-9868-57a2d4851a1d" />
    <TestEntry testId="b7661e54-a26f-0a26-7b31-fd2ecfd0fd36" executionId="26230253-a2f2-4d12-b0ae-6f9185a0a31b" testListId="8c84fa94-04c1-424b-9868-57a2d4851a1d" />
    <TestEntry testId="68d21ac7-3b20-aebc-c4b2-b7b422925b69" executionId="986396b7-2112-4dba-b3b2-3faf7f6490f4" testListId="8c84fa94-04c1-424b-9868-57a2d4851a1d" />
    <TestEntry testId="1e7f761c-c834-179a-06fa-4166e0f2d116" executionId="550736c4-ae01-4b8a-ae63-89dae2ce4621" testListId="8c84fa94-04c1-424b-9868-57a2d4851a1d" />
    <TestEntry testId="5754a741-9b0c-d6e7-807e-17a135d9ccfc" executionId="cc672f36-5785-430f-813d-2316f7914b70" testListId="8c84fa94-04c1-424b-9868-57a2d4851a1d" />
    <TestEntry testId="4b53b646-37bc-a060-c60a-347de6306c35" executionId="d9e844be-434b-49f0-bf9f-be4de87551f0" testListId="8c84fa94-04c1-424b-9868-57a2d4851a1d" />
    <TestEntry testId="fbbce7a7-6e9a-c923-c734-694997e7ca51" executionId="118e22fc-df57-471b-bb1e-c5bf6c5c69d1" testListId="8c84fa94-04c1-424b-9868-57a2d4851a1d" />
    <TestEntry testId="91531a68-e587-6043-3ea8-f9b63121937b" executionId="94f93c1f-c183-4c7c-888b-033970a7d56b" testListId="8c84fa94-04c1-424b-9868-57a2d4851a1d" />
    <TestEntry testId="69afb328-ead1-3827-0581-7a96827ae13a" executionId="43f5cc53-963a-45c4-aeeb-cb7493272360" testListId="8c84fa94-04c1-424b-9868-57a2d4851a1d" />
    <TestEntry testId="97f5dac4-f781-ee4e-c374-3b5b45485106" executionId="ca1dd1d8-8999-4c84-8b36-2f7a282c0eb3" testListId="8c84fa94-04c1-424b-9868-57a2d4851a1d" />
  </TestEntries>
  <TestLists>
    <TestList name="Results Not in a List" id="8c84fa94-04c1-424b-9868-57a2d4851a1d" />
    <TestList name="All Loaded Results" id="19431567-8539-422a-85d7-44ee4e166bda" />
  </TestLists>
  <ResultSummary outcome="Completed">
    <Counters total="56" executed="56" passed="56" failed="0" error="0" timeout="0" aborted="0" inconclusive="0" passedButRunAborted="0" notRunnable="0" notExecuted="0" disconnected="0" warning="0" completed="0" inProgress="0" pending="0" />
  </ResultSummary>
</TestRun>