<?xml version="1.0" encoding="UTF-8"?>
<TestRun id="cbca5d42-76aa-4d48-8200-1bd88c9f053c" name="tfsmladm@TFSBUILD11 2015-09-28 09:46:04" runUser="REDMOND\tfsmladm" xmlns="http://microsoft.com/schemas/VisualStudio/TeamTest/2010">
  <Times creation="2015-09-28T09:46:04.6242739-07:00" queuing="2015-09-28T09:46:04.6242739-07:00" start="2015-09-28T09:46:04.6322771-07:00" finish="2015-09-28T09:46:06.6803102-07:00" />
  <TestSettings name="default" id="4d98a9bc-00bf-41ed-8907-e293bc959b7f">
    <Execution>
      <TestTypeSpecific />
    </Execution>
    <Deployment runDeploymentRoot="tfsmladm_TFSBUILD11 2015-09-28 09_46_04" />
    <Properties />
  </TestSettings>
  <Results>
    <UnitTestResult executionId="a384d2c9-f62e-49a3-85c5-488764a96cf4" testId="4c6bba3a-7357-4380-a4a8-82373183a4e4" testName="FeaturesTests.Engagement.QuickStart.FSM.StateMachineTests constructor" computerName="TFSBUILD11" duration="00:00:00.0260000" startTime="2015-09-28T09:46:04.6711068-07:00" endTime="2015-09-28T09:46:04.6711068-07:00" testType="13cdc9d9-ddb5-4fa4-a97d-d965ccfc6d4b" outcome="Passed" testListId="8c84fa94-04c1-424b-9868-57a2d4851a1d" relativeResultsDirectory="a384d2c9-f62e-49a3-85c5-488764a96cf4" />
    <UnitTestResult executionId="d17a6eff-f0c3-4b1a-84d1-77d8aca3bdf3" testId="16c09960-2ed8-4f42-a1ba-6627322c6787" testName="FeaturesTests.Engagement.QuickStart.FSM.StateMachineTests getId returns the ID" computerName="TFSBUILD11" duration="00:00:00.0150000" startTime="2015-09-28T09:46:04.6881807-07:00" endTime="2015-09-28T09:46:04.6881807-07:00" testType="13cdc9d9-ddb5-4fa4-a97d-d965ccfc6d4b" outcome="Passed" testListId="8c84fa94-04c1-424b-9868-57a2d4851a1d" relativeResultsDirectory="d17a6eff-f0c3-4b1a-84d1-77d8aca3bdf3" />
    <UnitTestResult executionId="c7339ac1-a24b-4deb-a3f8-08275fef26fb" testId="3ad1dd0b-8127-4b93-bf68-8baeeb528807" testName="FeaturesTests.Engagement.QuickStart.FSM.StateMachineTests getCurrentState returns the current state" computerName="TFSBUILD11" duration="00:00:00.0180000" startTime="2015-09-28T09:46:04.6891814-07:00" endTime="2015-09-28T09:46:04.6891814-07:00" testType="13cdc9d9-ddb5-4fa4-a97d-d965ccfc6d4b" outcome="Passed" testListId="8c84fa94-04c1-424b-9868-57a2d4851a1d" relativeResultsDirectory="c7339ac1-a24b-4deb-a3f8-08275fef26fb" />
    <UnitTestResult executionId="25acc104-773a-42f7-a983-a8e338329492" testId="24b36336-f917-42ea-9a50-912634b58fb7" testName="FeaturesTests.Engagement.QuickStart.FSM.StateMachineTests getCurrentState returns null when created" computerName="TFSBUILD11" duration="00:00:00.0140000" startTime="2015-09-28T09:46:04.6891814-07:00" endTime="2015-09-28T09:46:04.6891814-07:00" testType="13cdc9d9-ddb5-4fa4-a97d-d965ccfc6d4b" outcome="Passed" testListId="8c84fa94-04c1-424b-9868-57a2d4851a1d" relativeResultsDirectory="25acc104-773a-42f7-a983-a8e338329492" />
    <UnitTestResult executionId="f36f2e12-4ece-4116-af27-2731240250f8" testId="6a914259-8e40-4c1f-8d95-5cb07b8f0f24" testName="FeaturesTests.Engagement.QuickStart.FSM.StateMachineTests addState adds the state" computerName="TFSBUILD11" duration="00:00:00.0210000" startTime="2015-09-28T09:46:04.6891814-07:00" endTime="2015-09-28T09:46:04.6891814-07:00" testType="13cdc9d9-ddb5-4fa4-a97d-d965ccfc6d4b" outcome="Passed" testListId="8c84fa94-04c1-424b-9868-57a2d4851a1d" relativeResultsDirectory="f36f2e12-4ece-4116-af27-2731240250f8" />
    <UnitTestResult executionId="c9d17843-aa8a-410b-ad02-3ddeb2a5dfdd" testId="0e78929d-78b2-41ab-95b2-d4cdcd9e8b51" testName="FeaturesTests.Engagement.QuickStart.FSM.StateMachineTests addState sets the state parent" computerName="TFSBUILD11" duration="00:00:00.0160000" startTime="2015-09-28T09:46:04.6891814-07:00" endTime="2015-09-28T09:46:04.6891814-07:00" testType="13cdc9d9-ddb5-4fa4-a97d-d965ccfc6d4b" outcome="Passed" testListId="8c84fa94-04c1-424b-9868-57a2d4851a1d" relativeResultsDirectory="c9d17843-aa8a-410b-ad02-3ddeb2a5dfdd" />
    <UnitTestResult executionId="6805ad31-3141-49ba-a398-983a076dfdc6" testId="642111dc-1b29-4fea-8d3b-cf70b17d6aac" testName="FeaturesTests.Engagement.QuickStart.FSM.StateMachineTests addState sets the current state if not set" computerName="TFSBUILD11" duration="00:00:00.0160000" startTime="2015-09-28T09:46:04.6891814-07:00" endTime="2015-09-28T09:46:04.6891814-07:00" testType="13cdc9d9-ddb5-4fa4-a97d-d965ccfc6d4b" outcome="Passed" testListId="8c84fa94-04c1-424b-9868-57a2d4851a1d" relativeResultsDirectory="6805ad31-3141-49ba-a398-983a076dfdc6" />
    <UnitTestResult executionId="7abc363a-ec26-4043-90d5-b8d7540954dc" testId="8999e6a4-1b88-43ba-971d-75cb4f2d60ad" testName="FeaturesTests.Engagement.QuickStart.FSM.StateMachineTests addState doesn't change the current state if currentState has been set" computerName="TFSBUILD11" duration="00:00:00.0200000" startTime="2015-09-28T09:46:04.6891814-07:00" endTime="2015-09-28T09:46:04.6891814-07:00" testType="13cdc9d9-ddb5-4fa4-a97d-d965ccfc6d4b" outcome="Passed" testListId="8c84fa94-04c1-424b-9868-57a2d4851a1d" relativeResultsDirectory="7abc363a-ec26-4043-90d5-b8d7540954dc" />
    <UnitTestResult executionId="4a029c3e-c629-4aa9-a20c-7177b025caff" testId="195266c2-1a66-438d-95ed-4c01a1d4702f" testName="FeaturesTests.Engagement.QuickStart.FSM.StateMachineTests getState returns the correct state if added" computerName="TFSBUILD11" duration="00:00:00.0180000" startTime="2015-09-28T09:46:04.6891814-07:00" endTime="2015-09-28T09:46:04.6891814-07:00" testType="13cdc9d9-ddb5-4fa4-a97d-d965ccfc6d4b" outcome="Passed" testListId="8c84fa94-04c1-424b-9868-57a2d4851a1d" relativeResultsDirectory="4a029c3e-c629-4aa9-a20c-7177b025caff" />
    <UnitTestResult executionId="d82602a2-6b64-43ad-a577-e113e7fd6a3f" testId="5b0132d0-2f6f-4e4e-933d-5f6cc1f77515" testName="FeaturesTests.Engagement.QuickStart.FSM.StateMachineTests getState returns null if stateId not found or invalid" computerName="TFSBUILD11" duration="00:00:00.0160000" startTime="2015-09-28T09:46:04.7477669-07:00" endTime="2015-09-28T09:46:04.7477669-07:00" testType="13cdc9d9-ddb5-4fa4-a97d-d965ccfc6d4b" outcome="Passed" testListId="8c84fa94-04c1-424b-9868-57a2d4851a1d" relativeResultsDirectory="d82602a2-6b64-43ad-a577-e113e7fd6a3f" />
    <UnitTestResult executionId="47e1368e-a03a-4de5-aacb-853d7b4af312" testId="e7a13a4c-af34-4c1d-b490-48c8b819c1d1" testName="FeaturesTests.Engagement.QuickStart.FSM.StateMachineTests addTransition adds the transition" computerName="TFSBUILD11" duration="00:00:00.0200000" startTime="2015-09-28T09:46:04.7477669-07:00" endTime="2015-09-28T09:46:04.7477669-07:00" testType="13cdc9d9-ddb5-4fa4-a97d-d965ccfc6d4b" outcome="Passed" testListId="8c84fa94-04c1-424b-9868-57a2d4851a1d" relativeResultsDirectory="47e1368e-a03a-4de5-aacb-853d7b4af312" />
    <UnitTestResult executionId="8f00cada-e31e-4031-96eb-1a5f261b3cfc" testId="b2f9dae8-b010-4981-a0db-c170a3de1c9c" testName="FeaturesTests.Engagement.QuickStart.FSM.StateMachineTests addTransition fails silently if arguments are invalid" computerName="TFSBUILD11" duration="00:00:00.0140000" startTime="2015-09-28T09:46:04.7487662-07:00" endTime="2015-09-28T09:46:04.7487662-07:00" testType="13cdc9d9-ddb5-4fa4-a97d-d965ccfc6d4b" outcome="Passed" testListId="8c84fa94-04c1-424b-9868-57a2d4851a1d" relativeResultsDirectory="8f00cada-e31e-4031-96eb-1a5f261b3cfc" />
    <UnitTestResult executionId="a417c42c-37c7-4a49-89f2-c04c8f83a7dc" testId="15bd4a58-8d34-436d-9592-09f476d29100" testName="FeaturesTests.Engagement.QuickStart.FSM.StateMachineTests getTransition returns target state if transition exists" computerName="TFSBUILD11" duration="00:00:00.0140000" startTime="2015-09-28T09:46:04.7487662-07:00" endTime="2015-09-28T09:46:04.7487662-07:00" testType="13cdc9d9-ddb5-4fa4-a97d-d965ccfc6d4b" outcome="Passed" testListId="8c84fa94-04c1-424b-9868-57a2d4851a1d" relativeResultsDirectory="a417c42c-37c7-4a49-89f2-c04c8f83a7dc" />
    <UnitTestResult executionId="a37351b8-cb5a-4747-8e41-57069dc580d5" testId="2b00ded5-cc7f-4f3d-8060-6ad1555ee896" testName="FeaturesTests.Engagement.QuickStart.FSM.StateMachineTests getTransition returns null if transition not exist" computerName="TFSBUILD11" duration="00:00:00.0140000" startTime="2015-09-28T09:46:04.7487662-07:00" endTime="2015-09-28T09:46:04.7487662-07:00" testType="13cdc9d9-ddb5-4fa4-a97d-d965ccfc6d4b" outcome="Passed" testListId="8c84fa94-04c1-424b-9868-57a2d4851a1d" relativeResultsDirectory="a37351b8-cb5a-4747-8e41-57069dc580d5" />
    <UnitTestResult executionId="009a614c-eac4-4309-98b9-30bff02f357e" testId="41a49195-c935-4dc5-a9f4-bb8f3d57a8c2" testName="FeaturesTests.Engagement.QuickStart.FSM.StateMachineTests getTransition returns null when no transition added" computerName="TFSBUILD11" duration="00:00:00.0140000" startTime="2015-09-28T09:46:04.7487662-07:00" endTime="2015-09-28T09:46:04.7487662-07:00" testType="13cdc9d9-ddb5-4fa4-a97d-d965ccfc6d4b" outcome="Passed" testListId="8c84fa94-04c1-424b-9868-57a2d4851a1d" relativeResultsDirectory="009a614c-eac4-4309-98b9-30bff02f357e" />
    <UnitTestResult executionId="5cdc5ea9-d77e-4253-ab11-fdf33b392011" testId="9d7f974f-9e77-4bc4-ac22-f4e57d24932d" testName="FeaturesTests.Engagement.QuickStart.FSM.StateMachineTests fire does nothing when inactive" computerName="TFSBUILD11" duration="00:00:00.0250000" startTime="2015-09-28T09:46:04.7487662-07:00" endTime="2015-09-28T09:46:04.7487662-07:00" testType="13cdc9d9-ddb5-4fa4-a97d-d965ccfc6d4b" outcome="Passed" testListId="8c84fa94-04c1-424b-9868-57a2d4851a1d" relativeResultsDirectory="5cdc5ea9-d77e-4253-ab11-fdf33b392011" />
    <UnitTestResult executionId="873cc95d-ffb7-4f90-b324-c231c97a0eb6" testId="b1cce29d-ddf8-4f5a-9aa0-4fc5f5b68a3b" testName="FeaturesTests.Engagement.QuickStart.FSM.StateMachineTests fire performs the transition when active" computerName="TFSBUILD11" duration="00:00:00.0210000" startTime="2015-09-28T09:46:04.7487662-07:00" endTime="2015-09-28T09:46:04.7487662-07:00" testType="13cdc9d9-ddb5-4fa4-a97d-d965ccfc6d4b" outcome="Passed" testListId="8c84fa94-04c1-424b-9868-57a2d4851a1d" relativeResultsDirectory="873cc95d-ffb7-4f90-b324-c231c97a0eb6" />
    <UnitTestResult executionId="7b85cdc8-f743-4fb1-9f63-221e2512b291" testId="a8dd2ccb-4899-465f-a218-03dfc799252d" testName="FeaturesTests.Engagement.QuickStart.FSM.StateMachineTests fire does nothing if transition not found" computerName="TFSBUILD11" duration="00:00:00.0200000" startTime="2015-09-28T09:46:04.7487662-07:00" endTime="2015-09-28T09:46:04.7487662-07:00" testType="13cdc9d9-ddb5-4fa4-a97d-d965ccfc6d4b" outcome="Passed" testListId="8c84fa94-04c1-424b-9868-57a2d4851a1d" relativeResultsDirectory="7b85cdc8-f743-4fb1-9f63-221e2512b291" />
    <UnitTestResult executionId="b8bce895-81f3-4986-a3a6-debc2e0c911c" testId="bfd0440e-4de5-4d58-b286-32bf41c79410" testName="FeaturesTests.Engagement.QuickStart.FSM.StateMachineTests transition with loop" computerName="TFSBUILD11" duration="00:00:00.0210000" startTime="2015-09-28T09:46:04.9142144-07:00" endTime="2015-09-28T09:46:04.9142144-07:00" testType="13cdc9d9-ddb5-4fa4-a97d-d965ccfc6d4b" outcome="Passed" testListId="8c84fa94-04c1-424b-9868-57a2d4851a1d" relativeResultsDirectory="b8bce895-81f3-4986-a3a6-debc2e0c911c" />
    <UnitTestResult executionId="a596c239-7e99-4ee8-9350-19cec0dd1857" testId="ed031eb7-c132-4b73-a21c-5a636b00a7b9" testName="FeaturesTests.Engagement.QuickStart.FSM.StateMachineTests transition with branch" computerName="TFSBUILD11" duration="00:00:00.0260000" startTime="2015-09-28T09:46:04.9142144-07:00" endTime="2015-09-28T09:46:04.9142144-07:00" testType="13cdc9d9-ddb5-4fa4-a97d-d965ccfc6d4b" outcome="Passed" testListId="8c84fa94-04c1-424b-9868-57a2d4851a1d" relativeResultsDirectory="a596c239-7e99-4ee8-9350-19cec0dd1857" />
    <UnitTestResult executionId="ae136085-d141-43f7-91d8-6168897c7dbc" testId="f3406776-9f99-4240-8bde-9c25e7a32576" testName="FeaturesTests.Engagement.QuickStart.FSM.StateMachineTests transition to same state" computerName="TFSBUILD11" duration="00:00:00.0170000" startTime="2015-09-28T09:46:04.9142144-07:00" endTime="2015-09-28T09:46:04.9142144-07:00" testType="13cdc9d9-ddb5-4fa4-a97d-d965ccfc6d4b" outcome="Passed" testListId="8c84fa94-04c1-424b-9868-57a2d4851a1d" relativeResultsDirectory="ae136085-d141-43f7-91d8-6168897c7dbc" />
    <UnitTestResult executionId="606fcc3e-4576-473c-ba6c-fb02b1a08924" testId="1546bda3-74c2-4cb6-af8e-e5e1f4e9a4ea" testName="FeaturesTests.Engagement.QuickStart.FSM.StateMachineTests isActive" computerName="TFSBUILD11" duration="00:00:00.0180000" startTime="2015-09-28T09:46:04.9142144-07:00" endTime="2015-09-28T09:46:04.9142144-07:00" testType="13cdc9d9-ddb5-4fa4-a97d-d965ccfc6d4b" outcome="Passed" testListId="8c84fa94-04c1-424b-9868-57a2d4851a1d" relativeResultsDirectory="606fcc3e-4576-473c-ba6c-fb02b1a08924" />
    <UnitTestResult executionId="27a2bf73-9749-481b-a512-99e96e278ad7" testId="884d1bd4-005b-46fb-9631-a63abbccd15f" testName="FeaturesTests.Engagement.QuickStart.FSM.StateMachineTests start sets active status" computerName="TFSBUILD11" duration="00:00:00.0180000" startTime="2015-09-28T09:46:04.9142144-07:00" endTime="2015-09-28T09:46:04.9142144-07:00" testType="13cdc9d9-ddb5-4fa4-a97d-d965ccfc6d4b" outcome="Passed" testListId="8c84fa94-04c1-424b-9868-57a2d4851a1d" relativeResultsDirectory="27a2bf73-9749-481b-a512-99e96e278ad7" />
    <UnitTestResult executionId="f57e4913-0911-4490-ba82-acab2b34f433" testId="824ef76b-8f09-4571-853b-36f3d5411539" testName="FeaturesTests.Engagement.QuickStart.FSM.StateMachineTests start enters the current state" computerName="TFSBUILD11" duration="00:00:00.0170000" startTime="2015-09-28T09:46:04.9162166-07:00" endTime="2015-09-28T09:46:04.9162166-07:00" testType="13cdc9d9-ddb5-4fa4-a97d-d965ccfc6d4b" outcome="Passed" testListId="8c84fa94-04c1-424b-9868-57a2d4851a1d" relativeResultsDirectory="f57e4913-0911-4490-ba82-acab2b34f433" />
    <UnitTestResult executionId="f2f0a8da-b1ca-4701-9be5-fd2e19b434ae" testId="51520e10-f485-4253-a145-e68d3bfad48b" testName="FeaturesTests.Engagement.QuickStart.FSM.StateMachineTests start does nothing when no state is added" computerName="TFSBUILD11" duration="00:00:00.0150000" startTime="2015-09-28T09:46:04.9162166-07:00" endTime="2015-09-28T09:46:04.9162166-07:00" testType="13cdc9d9-ddb5-4fa4-a97d-d965ccfc6d4b" outcome="Passed" testListId="8c84fa94-04c1-424b-9868-57a2d4851a1d" relativeResultsDirectory="f2f0a8da-b1ca-4701-9be5-fd2e19b434ae" />
    <UnitTestResult executionId="67873267-d8f2-4252-a8c5-9fecf897799b" testId="16a86ab9-e62d-4a0e-b884-3d1e6b6775dd" testName="FeaturesTests.Engagement.QuickStart.FSM.StateMachineTests start twice does nothing" computerName="TFSBUILD11" duration="00:00:00.0180000" startTime="2015-09-28T09:46:04.9162166-07:00" endTime="2015-09-28T09:46:04.9162166-07:00" testType="13cdc9d9-ddb5-4fa4-a97d-d965ccfc6d4b" outcome="Passed" testListId="8c84fa94-04c1-424b-9868-57a2d4851a1d" relativeResultsDirectory="67873267-d8f2-4252-a8c5-9fecf897799b" />
    <UnitTestResult executionId="a5f3aa0c-9969-4029-8fd7-83f337e81785" testId="ed634e34-51ca-4986-825f-9c233c166ec6" testName="FeaturesTests.Engagement.QuickStart.FSM.StateMachineTests stop fails silently when not started" computerName="TFSBUILD11" duration="00:00:00.0140000" startTime="2015-09-28T09:46:04.9172168-07:00" endTime="2015-09-28T09:46:04.9172168-07:00" testType="13cdc9d9-ddb5-4fa4-a97d-d965ccfc6d4b" outcome="Passed" testListId="8c84fa94-04c1-424b-9868-57a2d4851a1d" relativeResultsDirectory="a5f3aa0c-9969-4029-8fd7-83f337e81785" />
    <UnitTestResult executionId="7cb89304-f4f8-49a0-a645-02f8bac82b60" testId="227157c8-b003-4a08-9bc5-aa96d68119a6" testName="FeaturesTests.Engagement.QuickStart.FSM.StateMachineTests stop sets inactive status" computerName="TFSBUILD11" duration="00:00:00.0180000" startTime="2015-09-28T09:46:05.0696268-07:00" endTime="2015-09-28T09:46:05.0696268-07:00" testType="13cdc9d9-ddb5-4fa4-a97d-d965ccfc6d4b" outcome="Passed" testListId="8c84fa94-04c1-424b-9868-57a2d4851a1d" relativeResultsDirectory="7cb89304-f4f8-49a0-a645-02f8bac82b60" />
    <UnitTestResult executionId="892c43d1-f559-4536-af84-b33104416cef" testId="ac7068ef-51a0-4f08-aa4c-8ec1aa5b1c7d" testName="FeaturesTests.Engagement.QuickStart.FSM.StateMachineTests stop exits the current state" computerName="TFSBUILD11" duration="00:00:00.0190000" startTime="2015-09-28T09:46:05.0696268-07:00" endTime="2015-09-28T09:46:05.0696268-07:00" testType="13cdc9d9-ddb5-4fa4-a97d-d965ccfc6d4b" outcome="Passed" testListId="8c84fa94-04c1-424b-9868-57a2d4851a1d" relativeResultsDirectory="892c43d1-f559-4536-af84-b33104416cef" />
    <UnitTestResult executionId="581930fd-73ac-416f-9b11-2197f31686ed" testId="420b19d2-6abf-4b87-a225-5f2b867aca06" testName="FeaturesTests.Engagement.QuickStart.FSM.StateMachineTests stop twice does nothing" computerName="TFSBUILD11" duration="00:00:00.0180000" startTime="2015-09-28T09:46:05.0696268-07:00" endTime="2015-09-28T09:46:05.0696268-07:00" testType="13cdc9d9-ddb5-4fa4-a97d-d965ccfc6d4b" outcome="Passed" testListId="8c84fa94-04c1-424b-9868-57a2d4851a1d" relativeResultsDirectory="581930fd-73ac-416f-9b11-2197f31686ed" />
    <UnitTestResult executionId="4ef802ee-7c51-459b-8afd-250523aea104" testId="1a7fee8a-0236-47f2-a8c7-c13b8e3a91ef" testName="FeaturesTests.Engagement.QuickStart.FSM.StateTests getId" computerName="TFSBUILD11" duration="00:00:00.0140000" startTime="2015-09-28T09:46:05.0696268-07:00" endTime="2015-09-28T09:46:05.0696268-07:00" testType="13cdc9d9-ddb5-4fa4-a97d-d965ccfc6d4b" outcome="Passed" testListId="8c84fa94-04c1-424b-9868-57a2d4851a1d" relativeResultsDirectory="4ef802ee-7c51-459b-8afd-250523aea104" />
    <UnitTestResult executionId="26e43b50-a6ce-435b-9acc-87d3cc4dde30" testId="46c48497-7262-4bc6-9862-ead8ec8c0df4" testName="FeaturesTests.Engagement.QuickStart.FSM.StateTests enter" computerName="TFSBUILD11" duration="00:00:00.0160000" startTime="2015-09-28T09:46:05.0706278-07:00" endTime="2015-09-28T09:46:05.0706278-07:00" testType="13cdc9d9-ddb5-4fa4-a97d-d965ccfc6d4b" outcome="Passed" testListId="8c84fa94-04c1-424b-9868-57a2d4851a1d" relativeResultsDirectory="26e43b50-a6ce-435b-9acc-87d3cc4dde30" />
    <UnitTestResult executionId="71b3528e-65a0-4a30-9a0f-7ec49ffebb6b" testId="5ec7ea3b-a92f-4768-a800-8e17f8fed618" testName="FeaturesTests.Engagement.QuickStart.FSM.StateTests enter doesn't do anything if parent is not set" computerName="TFSBUILD11" duration="00:00:00.0150000" startTime="2015-09-28T09:46:05.0706278-07:00" endTime="2015-09-28T09:46:05.0706278-07:00" testType="13cdc9d9-ddb5-4fa4-a97d-d965ccfc6d4b" outcome="Passed" testListId="8c84fa94-04c1-424b-9868-57a2d4851a1d" relativeResultsDirectory="71b3528e-65a0-4a30-9a0f-7ec49ffebb6b" />
    <UnitTestResult executionId="1cf06b10-370c-4e3f-91ce-474a8d0f83ac" testId="9dd499da-a636-4bf9-9702-154a05ccc255" testName="FeaturesTests.Engagement.QuickStart.FSM.StateTests enter doesn't do anything if the state is already active" computerName="TFSBUILD11" duration="00:00:00.0180000" startTime="2015-09-28T09:46:05.0706278-07:00" endTime="2015-09-28T09:46:05.0706278-07:00" testType="13cdc9d9-ddb5-4fa4-a97d-d965ccfc6d4b" outcome="Passed" testListId="8c84fa94-04c1-424b-9868-57a2d4851a1d" relativeResultsDirectory="1cf06b10-370c-4e3f-91ce-474a8d0f83ac" />
    <UnitTestResult executionId="d3bdb4aa-7ce1-4d7d-9d9d-2db46251ce37" testId="4f3aca2c-58b3-4846-abfe-5375bef4cb0c" testName="FeaturesTests.Engagement.QuickStart.FSM.StateTests enter executes all actions" computerName="TFSBUILD11" duration="00:00:00.0180000" startTime="2015-09-28T09:46:05.0706278-07:00" endTime="2015-09-28T09:46:05.0706278-07:00" testType="13cdc9d9-ddb5-4fa4-a97d-d965ccfc6d4b" outcome="Passed" testListId="8c84fa94-04c1-424b-9868-57a2d4851a1d" relativeResultsDirectory="d3bdb4aa-7ce1-4d7d-9d9d-2db46251ce37" />
    <UnitTestResult executionId="1544a345-30e2-42ec-a1b1-312c2a8904f3" testId="5b2fa7cd-be7a-4b01-97fc-899141a921ab" testName="FeaturesTests.Engagement.QuickStart.FSM.StateTests entry actions are executed in the order of their priority" computerName="TFSBUILD11" duration="00:00:00.0190000" startTime="2015-09-28T09:46:05.0706278-07:00" endTime="2015-09-28T09:46:05.0706278-07:00" testType="13cdc9d9-ddb5-4fa4-a97d-d965ccfc6d4b" outcome="Passed" testListId="8c84fa94-04c1-424b-9868-57a2d4851a1d" relativeResultsDirectory="1544a345-30e2-42ec-a1b1-312c2a8904f3" />
    <UnitTestResult executionId="be3e4f64-0e9a-47e8-bf7c-dbcc3f2984a5" testId="e5e82ead-9799-4691-96e9-f93e1bba7e95" testName="FeaturesTests.Engagement.QuickStart.FSM.StateTests entry actions of the same priority are executed in order of added" computerName="TFSBUILD11" duration="00:00:00.0160000" startTime="2015-09-28T09:46:05.2155980-07:00" endTime="2015-09-28T09:46:05.2155980-07:00" testType="13cdc9d9-ddb5-4fa4-a97d-d965ccfc6d4b" outcome="Passed" testListId="8c84fa94-04c1-424b-9868-57a2d4851a1d" relativeResultsDirectory="be3e4f64-0e9a-47e8-bf7c-dbcc3f2984a5" />
    <UnitTestResult executionId="d5a02ecf-cf49-4b89-8444-93349f3ee9f6" testId="54494514-d6d3-4f5c-8358-b47345ebad01" testName="FeaturesTests.Engagement.QuickStart.FSM.StateTests entry actions default priority is 100" computerName="TFSBUILD11" duration="00:00:00.0160000" startTime="2015-09-28T09:46:05.2155980-07:00" endTime="2015-09-28T09:46:05.2155980-07:00" testType="13cdc9d9-ddb5-4fa4-a97d-d965ccfc6d4b" outcome="Passed" testListId="8c84fa94-04c1-424b-9868-57a2d4851a1d" relativeResultsDirectory="d5a02ecf-cf49-4b89-8444-93349f3ee9f6" />
    <UnitTestResult executionId="ce1d0051-bbf8-45e6-81c6-24abc9638302" testId="f7883fa3-28c4-4535-a6b3-42f26b7d8bbb" testName="FeaturesTests.Engagement.QuickStart.FSM.StateTests enter executes SynchronousAction actions" computerName="TFSBUILD11" duration="00:00:00.0160000" startTime="2015-09-28T09:46:05.2155980-07:00" endTime="2015-09-28T09:46:05.2155980-07:00" testType="13cdc9d9-ddb5-4fa4-a97d-d965ccfc6d4b" outcome="Passed" testListId="8c84fa94-04c1-424b-9868-57a2d4851a1d" relativeResultsDirectory="ce1d0051-bbf8-45e6-81c6-24abc9638302" />
    <UnitTestResult executionId="9dc67336-5806-4ce1-a13c-66a18b416da9" testId="bd406db3-dc23-4419-b7c2-213622a619a1" testName="FeaturesTests.Engagement.QuickStart.FSM.StateTests enter executes AsynchronousAction actions" computerName="TFSBUILD11" duration="00:00:00.0170000" startTime="2015-09-28T09:46:05.2155980-07:00" endTime="2015-09-28T09:46:05.2155980-07:00" testType="13cdc9d9-ddb5-4fa4-a97d-d965ccfc6d4b" outcome="Passed" testListId="8c84fa94-04c1-424b-9868-57a2d4851a1d" relativeResultsDirectory="9dc67336-5806-4ce1-a13c-66a18b416da9" />
    <UnitTestResult executionId="366e5322-0fcf-4a6b-adc9-1c47e2fdcebd" testId="e69ea360-9dfe-4553-8b4b-6ba57afdac7d" testName="FeaturesTests.Engagement.QuickStart.FSM.StateTests enter only sets state active when async function actions are completed." computerName="TFSBUILD11" duration="00:00:00.0160000" startTime="2015-09-28T09:46:05.2155980-07:00" endTime="2015-09-28T09:46:05.2155980-07:00" testType="13cdc9d9-ddb5-4fa4-a97d-d965ccfc6d4b" outcome="Passed" testListId="8c84fa94-04c1-424b-9868-57a2d4851a1d" relativeResultsDirectory="366e5322-0fcf-4a6b-adc9-1c47e2fdcebd" />
    <UnitTestResult executionId="5c002663-27d8-45ad-b48e-d5907210d579" testId="0f0c212d-b109-421d-99bd-fc138a1f56b2" testName="FeaturesTests.Engagement.QuickStart.FSM.StateTests enter only sets state active when async actions are completed." computerName="TFSBUILD11" duration="00:00:00.0160000" startTime="2015-09-28T09:46:05.2155980-07:00" endTime="2015-09-28T09:46:05.2155980-07:00" testType="13cdc9d9-ddb5-4fa4-a97d-d965ccfc6d4b" outcome="Passed" testListId="8c84fa94-04c1-424b-9868-57a2d4851a1d" relativeResultsDirectory="5c002663-27d8-45ad-b48e-d5907210d579" />
    <UnitTestResult executionId="7a78b500-1ef2-4220-83f9-95db2d986dae" testId="cf7a95e9-0316-43de-9d91-324d69eee098" testName="FeaturesTests.Engagement.QuickStart.FSM.StateTests enter only sets state active when all async actions are completed." computerName="TFSBUILD11" duration="00:00:00.0160000" startTime="2015-09-28T09:46:05.2165984-07:00" endTime="2015-09-28T09:46:05.2165984-07:00" testType="13cdc9d9-ddb5-4fa4-a97d-d965ccfc6d4b" outcome="Passed" testListId="8c84fa94-04c1-424b-9868-57a2d4851a1d" relativeResultsDirectory="7a78b500-1ef2-4220-83f9-95db2d986dae" />
    <UnitTestResult executionId="18ef0637-2c8a-4fb6-8dcf-bb58b06e8252" testId="54063827-aed4-4bc8-8b22-7a3e431ff3cf" testName="FeaturesTests.Engagement.QuickStart.FSM.StateTests exit" computerName="TFSBUILD11" duration="00:00:00.0160000" startTime="2015-09-28T09:46:05.2165984-07:00" endTime="2015-09-28T09:46:05.2165984-07:00" testType="13cdc9d9-ddb5-4fa4-a97d-d965ccfc6d4b" outcome="Passed" testListId="8c84fa94-04c1-424b-9868-57a2d4851a1d" relativeResultsDirectory="18ef0637-2c8a-4fb6-8dcf-bb58b06e8252" />
    <UnitTestResult executionId="a23f213a-59bd-41a8-884b-c550c0f23ec0" testId="cb8d668b-5e03-43a0-9575-1f048b8f0750" testName="FeaturesTests.Engagement.QuickStart.FSM.StateTests exit doesn't do anything if parent is not set" computerName="TFSBUILD11" duration="00:00:00.0150000" startTime="2015-09-28T09:46:05.2165984-07:00" endTime="2015-09-28T09:46:05.2165984-07:00" testType="13cdc9d9-ddb5-4fa4-a97d-d965ccfc6d4b" outcome="Passed" testListId="8c84fa94-04c1-424b-9868-57a2d4851a1d" relativeResultsDirectory="a23f213a-59bd-41a8-884b-c550c0f23ec0" />
    <UnitTestResult executionId="fb521d47-26b3-491b-a1c0-bddadae84fcd" testId="234e369e-3c1e-4e1d-a6ee-fbee2cca0070" testName="FeaturesTests.Engagement.QuickStart.FSM.StateTests exit doesn't do anything of the state is not active" computerName="TFSBUILD11" duration="00:00:00.0150000" startTime="2015-09-28T09:46:05.3646845-07:00" endTime="2015-09-28T09:46:05.3646845-07:00" testType="13cdc9d9-ddb5-4fa4-a97d-d965ccfc6d4b" outcome="Passed" testListId="8c84fa94-04c1-424b-9868-57a2d4851a1d" relativeResultsDirectory="fb521d47-26b3-491b-a1c0-bddadae84fcd" />
    <UnitTestResult executionId="1fb64c39-9e66-4908-9cb2-0f6baf661cb0" testId="fe0ace90-08b5-4eb8-b2be-c51d3a0723d7" testName="FeaturesTests.Engagement.QuickStart.FSM.StateTests exit executes all actions" computerName="TFSBUILD11" duration="00:00:00.0180000" startTime="2015-09-28T09:46:05.3651351-07:00" endTime="2015-09-28T09:46:05.3651351-07:00" testType="13cdc9d9-ddb5-4fa4-a97d-d965ccfc6d4b" outcome="Passed" testListId="8c84fa94-04c1-424b-9868-57a2d4851a1d" relativeResultsDirectory="1fb64c39-9e66-4908-9cb2-0f6baf661cb0" />
    <UnitTestResult executionId="c4e551ea-b6ce-46df-af55-d2163ad5add1" testId="d78607d2-5774-466e-805e-43c7d215b137" testName="FeaturesTests.Engagement.QuickStart.FSM.StateTests exit actions are executed in the order of their priority" computerName="TFSBUILD11" duration="00:00:00.0160000" startTime="2015-09-28T09:46:05.3651351-07:00" endTime="2015-09-28T09:46:05.3651351-07:00" testType="13cdc9d9-ddb5-4fa4-a97d-d965ccfc6d4b" outcome="Passed" testListId="8c84fa94-04c1-424b-9868-57a2d4851a1d" relativeResultsDirectory="c4e551ea-b6ce-46df-af55-d2163ad5add1" />
    <UnitTestResult executionId="6424f373-7474-4ab3-8ca1-26301c568977" testId="f919c071-5ef4-445a-8c0a-48542c8c67c9" testName="FeaturesTests.Engagement.QuickStart.FSM.StateTests exit actions of the same priority are executed in order of added" computerName="TFSBUILD11" duration="00:00:00.0170000" startTime="2015-09-28T09:46:05.3651351-07:00" endTime="2015-09-28T09:46:05.3651351-07:00" testType="13cdc9d9-ddb5-4fa4-a97d-d965ccfc6d4b" outcome="Passed" testListId="8c84fa94-04c1-424b-9868-57a2d4851a1d" relativeResultsDirectory="6424f373-7474-4ab3-8ca1-26301c568977" />
    <UnitTestResult executionId="0a84354c-ae24-429b-8b54-de3290847fdf" testId="eea180d2-dfc0-44c2-bb2b-0454fd7f03bb" testName="FeaturesTests.Engagement.QuickStart.FSM.StateTests exit actions default priority is 100" computerName="TFSBUILD11" duration="00:00:00.0160000" startTime="2015-09-28T09:46:05.3651351-07:00" endTime="2015-09-28T09:46:05.3651351-07:00" testType="13cdc9d9-ddb5-4fa4-a97d-d965ccfc6d4b" outcome="Passed" testListId="8c84fa94-04c1-424b-9868-57a2d4851a1d" relativeResultsDirectory="0a84354c-ae24-429b-8b54-de3290847fdf" />
    <UnitTestResult executionId="4aeea105-09c6-4632-b229-a5d098325675" testId="1a02cd34-822a-4167-bce0-c28b41966e9c" testName="FeaturesTests.Engagement.QuickStart.FSM.StateTests exit executes SynchronousAction actions" computerName="TFSBUILD11" duration="00:00:00.0160000" startTime="2015-09-28T09:46:05.3651351-07:00" endTime="2015-09-28T09:46:05.3651351-07:00" testType="13cdc9d9-ddb5-4fa4-a97d-d965ccfc6d4b" outcome="Passed" testListId="8c84fa94-04c1-424b-9868-57a2d4851a1d" relativeResultsDirectory="4aeea105-09c6-4632-b229-a5d098325675" />
    <UnitTestResult executionId="c6e076c3-107c-45e4-b6b8-9beadab9a7f5" testId="43576e93-ef10-4f3c-95b5-a1115f09352b" testName="FeaturesTests.Engagement.QuickStart.FSM.StateTests exit executes AsynchronousAction actions" computerName="TFSBUILD11" duration="00:00:00.0160000" startTime="2015-09-28T09:46:05.3651351-07:00" endTime="2015-09-28T09:46:05.3651351-07:00" testType="13cdc9d9-ddb5-4fa4-a97d-d965ccfc6d4b" outcome="Passed" testListId="8c84fa94-04c1-424b-9868-57a2d4851a1d" relativeResultsDirectory="c6e076c3-107c-45e4-b6b8-9beadab9a7f5" />
    <UnitTestResult executionId="f47197c7-e3ab-404a-9a5f-02c10e2fdf50" testId="83766d70-6fc8-40aa-941d-cfc32d360154" testName="FeaturesTests.Engagement.QuickStart.FSM.StateTests exit only sets state inactive when async function actions are completed" computerName="TFSBUILD11" duration="00:00:00.0160000" startTime="2015-09-28T09:46:05.3651351-07:00" endTime="2015-09-28T09:46:05.3651351-07:00" testType="13cdc9d9-ddb5-4fa4-a97d-d965ccfc6d4b" outcome="Passed" testListId="8c84fa94-04c1-424b-9868-57a2d4851a1d" relativeResultsDirectory="f47197c7-e3ab-404a-9a5f-02c10e2fdf50" />
    <UnitTestResult executionId="0d574565-f091-4137-9915-dc2ebf10c380" testId="ba27a3df-617c-4d3a-8a54-05fd5f9f83ab" testName="FeaturesTests.Engagement.QuickStart.FSM.StateTests addEnterActions" computerName="TFSBUILD11" duration="00:00:00.0170000" startTime="2015-09-28T09:46:05.3651351-07:00" endTime="2015-09-28T09:46:05.3651351-07:00" testType="13cdc9d9-ddb5-4fa4-a97d-d965ccfc6d4b" outcome="Passed" testListId="8c84fa94-04c1-424b-9868-57a2d4851a1d" relativeResultsDirectory="0d574565-f091-4137-9915-dc2ebf10c380" />
    <UnitTestResult executionId="23d5f0fa-3923-42e3-904d-878f6f860ab5" testId="82f17b9e-02cf-4c76-88f0-5b4c329a3b9c" testName="FeaturesTests.Engagement.QuickStart.FSM.StateTests addExitActions" computerName="TFSBUILD11" duration="00:00:00.0160000" startTime="2015-09-28T09:46:05.5118605-07:00" endTime="2015-09-28T09:46:05.5118605-07:00" testType="13cdc9d9-ddb5-4fa4-a97d-d965ccfc6d4b" outcome="Passed" testListId="8c84fa94-04c1-424b-9868-57a2d4851a1d" relativeResultsDirectory="23d5f0fa-3923-42e3-904d-878f6f860ab5" />
    <UnitTestResult executionId="22e6d6b9-28db-4445-87d9-5cbeef4a1da6" testId="6ece63e3-5342-4bdd-ab0f-c9565c732448" testName="FeaturesTests.Engagement.QuickStart.FSM.StateTests setParent" computerName="TFSBUILD11" duration="00:00:00.0220000" startTime="2015-09-28T09:46:05.5118605-07:00" endTime="2015-09-28T09:46:05.5118605-07:00" testType="13cdc9d9-ddb5-4fa4-a97d-d965ccfc6d4b" outcome="Passed" testListId="8c84fa94-04c1-424b-9868-57a2d4851a1d" relativeResultsDirectory="22e6d6b9-28db-4445-87d9-5cbeef4a1da6" />
    <UnitTestResult executionId="c67f2662-fb7e-4c54-b936-8a05826320c3" testId="b83ab5da-0e59-4d02-9687-2808bcd4ee57" testName="FeaturesTests.Engagement.QuickStart.States.ConditionStateUnitTests evaluate() evaluates all synchronous conditions" computerName="TFSBUILD11" duration="00:00:00.0170000" startTime="2015-09-28T09:46:05.5118605-07:00" endTime="2015-09-28T09:46:05.5118605-07:00" testType="13cdc9d9-ddb5-4fa4-a97d-d965ccfc6d4b" outcome="Passed" testListId="8c84fa94-04c1-424b-9868-57a2d4851a1d" relativeResultsDirectory="c67f2662-fb7e-4c54-b936-8a05826320c3" />
    <UnitTestResult executionId="e9fc5115-eb3d-4346-8a5f-dba3403c4643" testId="7ce7b256-8597-4fa7-8951-4a09107f549c" testName="FeaturesTests.Engagement.QuickStart.States.ConditionStateUnitTests evaluate() evaluates all asynchronous conditions" computerName="TFSBUILD11" duration="00:00:00.0160000" startTime="2015-09-28T09:46:05.5118605-07:00" endTime="2015-09-28T09:46:05.5118605-07:00" testType="13cdc9d9-ddb5-4fa4-a97d-d965ccfc6d4b" outcome="Passed" testListId="8c84fa94-04c1-424b-9868-57a2d4851a1d" relativeResultsDirectory="e9fc5115-eb3d-4346-8a5f-dba3403c4643" />
    <UnitTestResult executionId="2c8371e5-7e94-4f05-97d8-129f1e8dfb00" testId="b1552bb2-85c5-4ea1-9c44-fdf641e63581" testName="FeaturesTests.Engagement.QuickStart.States.ConditionStateUnitTests evaluate() passes condition arguments to the condition evaluation" computerName="TFSBUILD11" duration="00:00:00.0150000" startTime="2015-09-28T09:46:05.5118605-07:00" endTime="2015-09-28T09:46:05.5118605-07:00" testType="13cdc9d9-ddb5-4fa4-a97d-d965ccfc6d4b" outcome="Passed" testListId="8c84fa94-04c1-424b-9868-57a2d4851a1d" relativeResultsDirectory="2c8371e5-7e94-4f05-97d8-129f1e8dfb00" />
    <UnitTestResult executionId="4398ebbc-869a-4ee6-8f24-7ae8684f06f5" testId="296694c1-edb4-4528-b695-c50c2ab83369" testName="FeaturesTests.Engagement.QuickStart.States.ConditionStateUnitTests evaluate() fails early on the synchronous conditions" computerName="TFSBUILD11" duration="00:00:00.0150000" startTime="2015-09-28T09:46:05.5118605-07:00" endTime="2015-09-28T09:46:05.5118605-07:00" testType="13cdc9d9-ddb5-4fa4-a97d-d965ccfc6d4b" outcome="Passed" testListId="8c84fa94-04c1-424b-9868-57a2d4851a1d" relativeResultsDirectory="4398ebbc-869a-4ee6-8f24-7ae8684f06f5" />
    <UnitTestResult executionId="5a1092bc-a754-47da-a328-a183a95d6a44" testId="db357284-0776-41f3-a316-6913d99aa44c" testName="FeaturesTests.Engagement.QuickStart.States.ConditionStateUnitTests evaluate() resolves to true if all conditions are true" computerName="TFSBUILD11" duration="00:00:00.0140000" startTime="2015-09-28T09:46:05.5118605-07:00" endTime="2015-09-28T09:46:05.5118605-07:00" testType="13cdc9d9-ddb5-4fa4-a97d-d965ccfc6d4b" outcome="Passed" testListId="8c84fa94-04c1-424b-9868-57a2d4851a1d" relativeResultsDirectory="5a1092bc-a754-47da-a328-a183a95d6a44" />
    <UnitTestResult executionId="f005db78-518c-4ef8-a20e-8ed94f88c410" testId="2fe1fee6-89eb-44ee-a8e6-ae09837c1291" testName="FeaturesTests.Engagement.QuickStart.States.ConditionStateUnitTests evaluate() resolves to true if asynchronous conditions are true" computerName="TFSBUILD11" duration="00:00:00.0150000" startTime="2015-09-28T09:46:05.5118605-07:00" endTime="2015-09-28T09:46:05.5118605-07:00" testType="13cdc9d9-ddb5-4fa4-a97d-d965ccfc6d4b" outcome="Passed" testListId="8c84fa94-04c1-424b-9868-57a2d4851a1d" relativeResultsDirectory="f005db78-518c-4ef8-a20e-8ed94f88c410" />
    <UnitTestResult executionId="41f45e21-7258-445c-a56d-b05190a10c7c" testId="d1cb97ea-5471-443c-bbe2-4a7e9e051f6a" testName="FeaturesTests.Engagement.QuickStart.States.ConditionStateUnitTests evaluate() only resolves when all asynchronous conditions declared as AsyncConditions are evaluated" computerName="TFSBUILD11" duration="00:00:00.0140000" startTime="2015-09-28T09:46:05.5128609-07:00" endTime="2015-09-28T09:46:05.5128609-07:00" testType="13cdc9d9-ddb5-4fa4-a97d-d965ccfc6d4b" outcome="Passed" testListId="8c84fa94-04c1-424b-9868-57a2d4851a1d" relativeResultsDirectory="41f45e21-7258-445c-a56d-b05190a10c7c" />
    <UnitTestResult executionId="9407831e-4ab1-4a8d-ab7e-3173fc45f06b" testId="59e75969-2f1f-4386-93ea-f8b8ec346489" testName="FeaturesTests.Engagement.QuickStart.States.ConditionStateUnitTests evaluate() only resolves when all asynchronous conditions declared as ConditionDescriptor are evaluated" computerName="TFSBUILD11" duration="00:00:00.0150000" startTime="2015-09-28T09:46:05.6628750-07:00" endTime="2015-09-28T09:46:05.6628750-07:00" testType="13cdc9d9-ddb5-4fa4-a97d-d965ccfc6d4b" outcome="Passed" testListId="8c84fa94-04c1-424b-9868-57a2d4851a1d" relativeResultsDirectory="9407831e-4ab1-4a8d-ab7e-3173fc45f06b" />
    <UnitTestResult executionId="eb2c77ea-6253-4a93-838f-133d323968df" testId="fd490033-f0d2-4079-bd81-26832318e8cf" testName="FeaturesTests.Engagement.QuickStart.States.ConditionStateUnitTests evaluate() resolves to false if conditions are false" computerName="TFSBUILD11" duration="00:00:00.0150000" startTime="2015-09-28T09:46:05.6628750-07:00" endTime="2015-09-28T09:46:05.6628750-07:00" testType="13cdc9d9-ddb5-4fa4-a97d-d965ccfc6d4b" outcome="Passed" testListId="8c84fa94-04c1-424b-9868-57a2d4851a1d" relativeResultsDirectory="eb2c77ea-6253-4a93-838f-133d323968df" />
    <UnitTestResult executionId="0b49c2cd-830d-4f72-aa1c-fa614fe4896e" testId="016714ce-6e6e-4de9-a724-8bc25b7eee5f" testName="FeaturesTests.Engagement.QuickStart.States.ConditionStateUnitTests evaluate() resolves to false if asynchronous conditions are false" computerName="TFSBUILD11" duration="00:00:00.0140000" startTime="2015-09-28T09:46:05.6628750-07:00" endTime="2015-09-28T09:46:05.6628750-07:00" testType="13cdc9d9-ddb5-4fa4-a97d-d965ccfc6d4b" outcome="Passed" testListId="8c84fa94-04c1-424b-9868-57a2d4851a1d" relativeResultsDirectory="0b49c2cd-830d-4f72-aa1c-fa614fe4896e" />
    <UnitTestResult executionId="49b67cc1-61ee-4ebe-9c91-98c22fad0d7c" testId="920e07c5-54fd-4a51-8325-1fd64d383351" testName="FeaturesTests.Engagement.QuickStart.States.ConditionStateUnitTests evaluate() rejected if asynchronous conditions have error" computerName="TFSBUILD11" duration="00:00:00.0140000" startTime="2015-09-28T09:46:05.6628750-07:00" endTime="2015-09-28T09:46:05.6628750-07:00" testType="13cdc9d9-ddb5-4fa4-a97d-d965ccfc6d4b" outcome="Passed" testListId="8c84fa94-04c1-424b-9868-57a2d4851a1d" relativeResultsDirectory="49b67cc1-61ee-4ebe-9c91-98c22fad0d7c" />
    <UnitTestResult executionId="ec42f3ee-1931-4f2f-90c7-3af10c5b8cb2" testId="5fc6348f-ff9e-4d9e-9daf-022ca076f89b" testName="FeaturesTests.Engagement.QuickStart.States.ConditionStateUnitTests evaluate() returns true if no condition is given" computerName="TFSBUILD11" duration="00:00:00.0140000" startTime="2015-09-28T09:46:05.6628750-07:00" endTime="2015-09-28T09:46:05.6628750-07:00" testType="13cdc9d9-ddb5-4fa4-a97d-d965ccfc6d4b" outcome="Passed" testListId="8c84fa94-04c1-424b-9868-57a2d4851a1d" relativeResultsDirectory="ec42f3ee-1931-4f2f-90c7-3af10c5b8cb2" />
    <UnitTestResult executionId="05888624-0be1-4908-898e-282faa6bd06e" testId="a4d777c2-6699-450f-ac24-cf9185396b90" testName="FeaturesTests.Engagement.QuickStart.Core.QuickStartUnitTests construct with ID" computerName="TFSBUILD11" duration="00:00:00.0310000" startTime="2015-09-28T09:46:05.6628750-07:00" endTime="2015-09-28T09:46:05.6628750-07:00" testType="13cdc9d9-ddb5-4fa4-a97d-d965ccfc6d4b" outcome="Passed" testListId="8c84fa94-04c1-424b-9868-57a2d4851a1d" relativeResultsDirectory="05888624-0be1-4908-898e-282faa6bd06e" />
    <UnitTestResult executionId="bdf0fc27-8c93-4d69-ab39-df321581cea1" testId="5dd80b9a-3e96-453c-92fb-78139dbeb0e6" testName="FeaturesTests.Engagement.QuickStart.Core.QuickStartUnitTests getId returns ID when enabled" computerName="TFSBUILD11" duration="00:00:00.0140000" startTime="2015-09-28T09:46:05.6628750-07:00" endTime="2015-09-28T09:46:05.6628750-07:00" testType="13cdc9d9-ddb5-4fa4-a97d-d965ccfc6d4b" outcome="Passed" testListId="8c84fa94-04c1-424b-9868-57a2d4851a1d" relativeResultsDirectory="bdf0fc27-8c93-4d69-ab39-df321581cea1" />
    <UnitTestResult executionId="57c2177a-fed6-439e-9658-b858034ed003" testId="5b0ed2c7-772c-421c-8e05-c14d798c1b83" testName="FeaturesTests.Engagement.QuickStart.Core.QuickStartUnitTests getId returns ID when disabled" computerName="TFSBUILD11" duration="00:00:00.0150000" startTime="2015-09-28T09:46:05.6628750-07:00" endTime="2015-09-28T09:46:05.6628750-07:00" testType="13cdc9d9-ddb5-4fa4-a97d-d965ccfc6d4b" outcome="Passed" testListId="8c84fa94-04c1-424b-9868-57a2d4851a1d" relativeResultsDirectory="57c2177a-fed6-439e-9658-b858034ed003" />
    <UnitTestResult executionId="0a9b3b57-1964-42be-a60f-67176bc868b2" testId="223a6511-4638-4e0a-9b14-fbc058a0552d" testName="FeaturesTests.Engagement.QuickStart.Core.QuickStartUnitTests getCurrentState returns current state when enabled" computerName="TFSBUILD11" duration="00:00:00.0160000" startTime="2015-09-28T09:46:05.6628750-07:00" endTime="2015-09-28T09:46:05.6628750-07:00" testType="13cdc9d9-ddb5-4fa4-a97d-d965ccfc6d4b" outcome="Passed" testListId="8c84fa94-04c1-424b-9868-57a2d4851a1d" relativeResultsDirectory="0a9b3b57-1964-42be-a60f-67176bc868b2" />
    <UnitTestResult executionId="ba8e9393-8bc1-400d-b03f-5ba7dd6973b5" testId="ba10979f-3a11-42e3-a879-34cab6403de9" testName="FeaturesTests.Engagement.QuickStart.Core.QuickStartUnitTests getCurrentState returns null when disabled" computerName="TFSBUILD11" duration="00:00:00.0170000" startTime="2015-09-28T09:46:05.8236723-07:00" endTime="2015-09-28T09:46:05.8236723-07:00" testType="13cdc9d9-ddb5-4fa4-a97d-d965ccfc6d4b" outcome="Passed" testListId="8c84fa94-04c1-424b-9868-57a2d4851a1d" relativeResultsDirectory="ba8e9393-8bc1-400d-b03f-5ba7dd6973b5" />
    <UnitTestResult executionId="04e2e326-9c83-4cd4-8d4e-12f47d6b545e" testId="cd944dfc-7d2d-4f81-993e-b23e61f7844f" testName="FeaturesTests.Engagement.QuickStart.Core.QuickStartUnitTests addState adds the state when enabled" computerName="TFSBUILD11" duration="00:00:00.0170000" startTime="2015-09-28T09:46:05.8236723-07:00" endTime="2015-09-28T09:46:05.8236723-07:00" testType="13cdc9d9-ddb5-4fa4-a97d-d965ccfc6d4b" outcome="Passed" testListId="8c84fa94-04c1-424b-9868-57a2d4851a1d" relativeResultsDirectory="04e2e326-9c83-4cd4-8d4e-12f47d6b545e" />
    <UnitTestResult executionId="f16e61d8-f56f-47b8-9850-62440a9e5517" testId="0e799ec6-c218-44f1-8b87-0019367d6354" testName="FeaturesTests.Engagement.QuickStart.Core.QuickStartUnitTests addState doesn't add the state when disabled" computerName="TFSBUILD11" duration="00:00:00.0160000" startTime="2015-09-28T09:46:05.8236723-07:00" endTime="2015-09-28T09:46:05.8236723-07:00" testType="13cdc9d9-ddb5-4fa4-a97d-d965ccfc6d4b" outcome="Passed" testListId="8c84fa94-04c1-424b-9868-57a2d4851a1d" relativeResultsDirectory="f16e61d8-f56f-47b8-9850-62440a9e5517" />
    <UnitTestResult executionId="1dcd6d62-72dc-4110-80e6-c1bc680dc1fc" testId="40f57528-4300-4b65-84a4-93a6fabca9e1" testName="FeaturesTests.Engagement.QuickStart.Core.QuickStartUnitTests addTransition adds the transition when enabled" computerName="TFSBUILD11" duration="00:00:00.0140000" startTime="2015-09-28T09:46:05.8246730-07:00" endTime="2015-09-28T09:46:05.8236723-07:00" testType="13cdc9d9-ddb5-4fa4-a97d-d965ccfc6d4b" outcome="Passed" testListId="8c84fa94-04c1-424b-9868-57a2d4851a1d" relativeResultsDirectory="1dcd6d62-72dc-4110-80e6-c1bc680dc1fc" />
    <UnitTestResult executionId="4b7f352a-40a3-45b5-b1c0-cad70e008252" testId="9df07e36-3b3a-4d0c-90c9-165cc3ce1185" testName="FeaturesTests.Engagement.QuickStart.Core.QuickStartUnitTests addTransition doesn't add the transition when disabled" computerName="TFSBUILD11" duration="00:00:00.0140000" startTime="2015-09-28T09:46:05.8246730-07:00" endTime="2015-09-28T09:46:05.8246730-07:00" testType="13cdc9d9-ddb5-4fa4-a97d-d965ccfc6d4b" outcome="Passed" testListId="8c84fa94-04c1-424b-9868-57a2d4851a1d" relativeResultsDirectory="4b7f352a-40a3-45b5-b1c0-cad70e008252" />
    <UnitTestResult executionId="7885f7fc-a93f-4614-81de-a128e38935b4" testId="cfb41085-599c-45e3-8676-fce4fe80ca78" testName="FeaturesTests.Engagement.QuickStart.Core.QuickStartUnitTests fire performs the transition when enabled" computerName="TFSBUILD11" duration="00:00:00.0200000" startTime="2015-09-28T09:46:05.8246730-07:00" endTime="2015-09-28T09:46:05.8246730-07:00" testType="13cdc9d9-ddb5-4fa4-a97d-d965ccfc6d4b" outcome="Passed" testListId="8c84fa94-04c1-424b-9868-57a2d4851a1d" relativeResultsDirectory="7885f7fc-a93f-4614-81de-a128e38935b4" />
    <UnitTestResult executionId="a1d778f1-7951-422a-9c96-b3dd5ce67789" testId="083eea96-5db7-4a96-bd85-3e4174ee3583" testName="FeaturesTests.Engagement.QuickStart.Core.QuickStartUnitTests fire doesn't perform the transition when disabled" computerName="TFSBUILD11" duration="00:00:00.0220000" startTime="2015-09-28T09:46:05.8246730-07:00" endTime="2015-09-28T09:46:05.8246730-07:00" testType="13cdc9d9-ddb5-4fa4-a97d-d965ccfc6d4b" outcome="Passed" testListId="8c84fa94-04c1-424b-9868-57a2d4851a1d" relativeResultsDirectory="a1d778f1-7951-422a-9c96-b3dd5ce67789" />
    <UnitTestResult executionId="4a2ed309-9e93-4ec5-8ba3-0cc1b06e3b54" testId="e23f2428-b175-407a-9cdc-25c49c345b0f" testName="FeaturesTests.Engagement.QuickStart.Core.QuickStartUnitTests start puts to active when enabled" computerName="TFSBUILD11" duration="00:00:00.0170000" startTime="2015-09-28T09:46:05.8246730-07:00" endTime="2015-09-28T09:46:05.8246730-07:00" testType="13cdc9d9-ddb5-4fa4-a97d-d965ccfc6d4b" outcome="Passed" testListId="8c84fa94-04c1-424b-9868-57a2d4851a1d" relativeResultsDirectory="4a2ed309-9e93-4ec5-8ba3-0cc1b06e3b54" />
    <UnitTestResult executionId="566e5e6e-9f1a-4750-8c47-73d98fb4d98c" testId="07f22659-307a-4122-9fc4-8fd784b56b2c" testName="FeaturesTests.Engagement.QuickStart.Core.QuickStartUnitTests start doesn't put to active when disabled" computerName="TFSBUILD11" duration="00:00:00.0170000" startTime="2015-09-28T09:46:05.8246730-07:00" endTime="2015-09-28T09:46:05.8246730-07:00" testType="13cdc9d9-ddb5-4fa4-a97d-d965ccfc6d4b" outcome="Passed" testListId="8c84fa94-04c1-424b-9868-57a2d4851a1d" relativeResultsDirectory="566e5e6e-9f1a-4750-8c47-73d98fb4d98c" />
    <UnitTestResult executionId="2601038f-f090-490d-9dc0-84de3bb5c967" testId="19104e05-4077-40cf-b495-d891f61eb3e6" testName="FeaturesTests.Engagement.QuickStart.Core.QuickStartUnitTests stop puts to inactive when enabled" computerName="TFSBUILD11" duration="00:00:00.0170000" startTime="2015-09-28T09:46:05.9689044-07:00" endTime="2015-09-28T09:46:05.9689044-07:00" testType="13cdc9d9-ddb5-4fa4-a97d-d965ccfc6d4b" outcome="Passed" testListId="8c84fa94-04c1-424b-9868-57a2d4851a1d" relativeResultsDirectory="2601038f-f090-490d-9dc0-84de3bb5c967" />
    <UnitTestResult executionId="b27ddeb8-80c7-4788-a7d8-75d95e028dbb" testId="85eecd32-f405-4ba6-9512-67db879427a2" testName="FeaturesTests.Engagement.QuickStart.Core.QuickStartUnitTests stop doesn't put to inactive when disabled" computerName="TFSBUILD11" duration="00:00:00.0170000" startTime="2015-09-28T09:46:05.9689044-07:00" endTime="2015-09-28T09:46:05.9689044-07:00" testType="13cdc9d9-ddb5-4fa4-a97d-d965ccfc6d4b" outcome="Passed" testListId="8c84fa94-04c1-424b-9868-57a2d4851a1d" relativeResultsDirectory="b27ddeb8-80c7-4788-a7d8-75d95e028dbb" />
    <UnitTestResult executionId="e90c7c17-6014-4e6b-a469-7efadd2ee532" testId="75525ef3-f1e5-4275-bdd3-9985c6398bc1" testName="FeaturesTests.Engagement.QuickStart.Core.QuickStartUnitTests setContext sets the context when enabled" computerName="TFSBUILD11" duration="00:00:00.0150000" startTime="2015-09-28T09:46:05.9699051-07:00" endTime="2015-09-28T09:46:05.9699051-07:00" testType="13cdc9d9-ddb5-4fa4-a97d-d965ccfc6d4b" outcome="Passed" testListId="8c84fa94-04c1-424b-9868-57a2d4851a1d" relativeResultsDirectory="e90c7c17-6014-4e6b-a469-7efadd2ee532" />
    <UnitTestResult executionId="3dfbaf80-27e1-4712-b3b9-1b149fb66ca4" testId="ed6d1bd0-67d2-4d0f-ab92-6d37dda353f1" testName="FeaturesTests.Engagement.QuickStart.Core.QuickStartUnitTests setContext doesn't set the context when disabled" computerName="TFSBUILD11" duration="00:00:00.0160000" startTime="2015-09-28T09:46:05.9699051-07:00" endTime="2015-09-28T09:46:05.9699051-07:00" testType="13cdc9d9-ddb5-4fa4-a97d-d965ccfc6d4b" outcome="Passed" testListId="8c84fa94-04c1-424b-9868-57a2d4851a1d" relativeResultsDirectory="3dfbaf80-27e1-4712-b3b9-1b149fb66ca4" />
    <UnitTestResult executionId="85ab2104-4107-4c92-bd8c-7d815545843a" testId="158460ef-bf7c-4246-86ff-a6925c9a9684" testName="FeaturesTests.Engagement.QuickStart.Core.QuickStartUnitTests getContext doesn't return the context when disabled" computerName="TFSBUILD11" duration="00:00:00.0150000" startTime="2015-09-28T09:46:05.9699051-07:00" endTime="2015-09-28T09:46:05.9699051-07:00" testType="13cdc9d9-ddb5-4fa4-a97d-d965ccfc6d4b" outcome="Passed" testListId="8c84fa94-04c1-424b-9868-57a2d4851a1d" relativeResultsDirectory="85ab2104-4107-4c92-bd8c-7d815545843a" />
    <UnitTestResult executionId="505c5ec7-4413-4e6a-917c-77d4a402865a" testId="ba1542df-a990-4247-8417-791ac99a0e59" testName="FeaturesTests.Engagement.QuickStart.Core.QuickStartUnitTests build doesn't add any state or transition when disabled" computerName="TFSBUILD11" duration="00:00:00.0150000" startTime="2015-09-28T09:46:05.9699051-07:00" endTime="2015-09-28T09:46:05.9699051-07:00" testType="13cdc9d9-ddb5-4fa4-a97d-d965ccfc6d4b" outcome="Passed" testListId="8c84fa94-04c1-424b-9868-57a2d4851a1d" relativeResultsDirectory="505c5ec7-4413-4e6a-917c-77d4a402865a" />
    <UnitTestResult executionId="1a14bef7-002e-4958-a25a-0cb46ab56f92" testId="3c6b479c-215f-4b1d-88be-f3820d58e98f" testName="FeaturesTests.Engagement.QuickStart.Core.QuickStartUnitTests build adds states and transitions when enabled" computerName="TFSBUILD11" duration="00:00:00.0170000" startTime="2015-09-28T09:46:05.9699051-07:00" endTime="2015-09-28T09:46:05.9699051-07:00" testType="13cdc9d9-ddb5-4fa4-a97d-d965ccfc6d4b" outcome="Passed" testListId="8c84fa94-04c1-424b-9868-57a2d4851a1d" relativeResultsDirectory="1a14bef7-002e-4958-a25a-0cb46ab56f92" />
    <UnitTestResult executionId="2e6ae669-67ce-4947-9b5b-dfd8e075afd0" testId="05f2355e-13cc-4f43-b529-91dd978b063b" testName="FeaturesTests.Engagement.QuickStart.Core.QuickStarUnitTests construct with model" computerName="TFSBUILD11" duration="00:00:00.0160000" startTime="2015-09-28T09:46:05.9699051-07:00" endTime="2015-09-28T09:46:05.9699051-07:00" testType="13cdc9d9-ddb5-4fa4-a97d-d965ccfc6d4b" outcome="Passed" testListId="8c84fa94-04c1-424b-9868-57a2d4851a1d" relativeResultsDirectory="2e6ae669-67ce-4947-9b5b-dfd8e075afd0" />
    <UnitTestResult executionId="6a476626-86c6-4b97-84dc-2f61b781c47b" testId="2df3c884-2672-4424-94bb-9dee78a98f27" testName="FeaturesTests.Engagement.QuickStart.Core.QuickStarUnitTests transition declaration using event binder" computerName="TFSBUILD11" duration="00:00:00.0160000" startTime="2015-09-28T09:46:05.9699051-07:00" endTime="2015-09-28T09:46:05.9699051-07:00" testType="13cdc9d9-ddb5-4fa4-a97d-d965ccfc6d4b" outcome="Passed" testListId="8c84fa94-04c1-424b-9868-57a2d4851a1d" relativeResultsDirectory="6a476626-86c6-4b97-84dc-2f61b781c47b" />
    <UnitTestResult executionId="4ec99660-7ced-499f-91e2-61fc81bcb8e7" testId="63c21b7f-3cb5-4610-b4c4-7e5f901a345d" testName="FeaturesTests.Engagement.QuickStart.Core.QuickStarUnitTests transition declaration with multiple event binders" computerName="TFSBUILD11" duration="00:00:00.0160000" startTime="2015-09-28T09:46:06.1740633-07:00" endTime="2015-09-28T09:46:06.1740633-07:00" testType="13cdc9d9-ddb5-4fa4-a97d-d965ccfc6d4b" outcome="Passed" testListId="8c84fa94-04c1-424b-9868-57a2d4851a1d" relativeResultsDirectory="4ec99660-7ced-499f-91e2-61fc81bcb8e7" />
    <UnitTestResult executionId="83bbd317-e33e-4851-952e-f47499e1243d" testId="4c347d4f-a935-438b-b5be-b2b8336a82ae" testName="FeaturesTests.Engagement.QuickStart.Core.QuickStarUnitTests using an event binder with multiple transitions" computerName="TFSBUILD11" duration="00:00:00.0160000" startTime="2015-09-28T09:46:06.1740633-07:00" endTime="2015-09-28T09:46:06.1740633-07:00" testType="13cdc9d9-ddb5-4fa4-a97d-d965ccfc6d4b" outcome="Passed" testListId="8c84fa94-04c1-424b-9868-57a2d4851a1d" relativeResultsDirectory="83bbd317-e33e-4851-952e-f47499e1243d" />
    <UnitTestResult executionId="de899e9c-4c6d-41c2-a8dc-e808e15180e6" testId="ffcbb735-6d76-4e34-b64f-7fc15629d499" testName="FeaturesTests.Engagement.QuickStart.Core.QuickStarUnitTests only bind and unbind external events during state transition" computerName="TFSBUILD11" duration="00:00:00.0160000" startTime="2015-09-28T09:46:06.1740633-07:00" endTime="2015-09-28T09:46:06.1740633-07:00" testType="13cdc9d9-ddb5-4fa4-a97d-d965ccfc6d4b" outcome="Passed" testListId="8c84fa94-04c1-424b-9868-57a2d4851a1d" relativeResultsDirectory="de899e9c-4c6d-41c2-a8dc-e808e15180e6" />
    <UnitTestResult executionId="0aad192e-ee8d-4966-a5c6-68d097d3ec94" testId="0258fb36-5176-48e1-a17b-bae77d1f786a" testName="FeaturesTests.Engagement.QuickStart.Core.QuickStarUnitTests build sets the correct parent QuickStart to the states" computerName="TFSBUILD11" duration="00:00:00.0510000" startTime="2015-09-28T09:46:06.1740633-07:00" endTime="2015-09-28T09:46:06.1740633-07:00" testType="13cdc9d9-ddb5-4fa4-a97d-d965ccfc6d4b" outcome="Passed" testListId="8c84fa94-04c1-424b-9868-57a2d4851a1d" relativeResultsDirectory="0aad192e-ee8d-4966-a5c6-68d097d3ec94" />
    <UnitTestResult executionId="3b65c0e3-f433-41ac-a479-16484f152dac" testId="d494ae9c-b826-4653-a08e-3059154e9cfa" testName="FeaturesTests.Engagement.QuickStart.Core.QuickStarUnitTests QuickStart with loop states" computerName="TFSBUILD11" duration="00:00:00.0160000" startTime="2015-09-28T09:46:06.1750640-07:00" endTime="2015-09-28T09:46:06.1750640-07:00" testType="13cdc9d9-ddb5-4fa4-a97d-d965ccfc6d4b" outcome="Passed" testListId="8c84fa94-04c1-424b-9868-57a2d4851a1d" relativeResultsDirectory="3b65c0e3-f433-41ac-a479-16484f152dac" />
    <UnitTestResult executionId="42a0eea4-0848-4a41-ac0c-1dcade29da07" testId="78ae2de4-6f2b-4104-b8c4-ac548d0bc35c" testName="FeaturesTests.Engagement.QuickStart.Core.QuickStartStateTests enter executes mainEntryAction" computerName="TFSBUILD11" duration="00:00:00.0310000" startTime="2015-09-28T09:46:06.1750640-07:00" endTime="2015-09-28T09:46:06.1750640-07:00" testType="13cdc9d9-ddb5-4fa4-a97d-d965ccfc6d4b" outcome="Passed" testListId="8c84fa94-04c1-424b-9868-57a2d4851a1d" relativeResultsDirectory="42a0eea4-0848-4a41-ac0c-1dcade29da07" />
    <UnitTestResult executionId="2f124b8e-1ada-413a-86ec-7f0c9ac7ecc7" testId="d115ba00-b67f-45e5-b68b-63013e5e8576" testName="FeaturesTests.Engagement.QuickStart.Core.QuickStartStateTests exit executes mainExitAction" computerName="TFSBUILD11" duration="00:00:00.0180000" startTime="2015-09-28T09:46:06.1750640-07:00" endTime="2015-09-28T09:46:06.1750640-07:00" testType="13cdc9d9-ddb5-4fa4-a97d-d965ccfc6d4b" outcome="Passed" testListId="8c84fa94-04c1-424b-9868-57a2d4851a1d" relativeResultsDirectory="2f124b8e-1ada-413a-86ec-7f0c9ac7ecc7" />
    <UnitTestResult executionId="38f46cfc-cb17-470a-aab2-17885f52f306" testId="3b7895e9-98f6-412b-adaa-1f65c58d9109" testName="FeaturesTests.Engagement.QuickStart.Core.QuickStartStateTests mainEntryAction is executed after other entry actions given in the model" computerName="TFSBUILD11" duration="00:00:00.0190000" startTime="2015-09-28T09:46:06.1750640-07:00" endTime="2015-09-28T09:46:06.1750640-07:00" testType="13cdc9d9-ddb5-4fa4-a97d-d965ccfc6d4b" outcome="Passed" testListId="8c84fa94-04c1-424b-9868-57a2d4851a1d" relativeResultsDirectory="38f46cfc-cb17-470a-aab2-17885f52f306" />
    <UnitTestResult executionId="d5ab706a-75fe-4526-bda1-98b56204dcc6" testId="9456965d-1850-4ae1-ab1f-44d752ea747e" testName="FeaturesTests.Engagement.QuickStart.Core.QuickStartStateTests mainExitAction is executed after other exit actions given in the model" computerName="TFSBUILD11" duration="00:00:00.0190000" startTime="2015-09-28T09:46:06.1750640-07:00" endTime="2015-09-28T09:46:06.1750640-07:00" testType="13cdc9d9-ddb5-4fa4-a97d-d965ccfc6d4b" outcome="Passed" testListId="8c84fa94-04c1-424b-9868-57a2d4851a1d" relativeResultsDirectory="d5ab706a-75fe-4526-bda1-98b56204dcc6" />
    <UnitTestResult executionId="39332431-baaa-4bcd-b309-45c068fc5cc3" testId="e2587b2a-9e97-4794-b6c8-7e1507f1b2d7" testName="FeaturesTests.Engagement.QuickStart.Core.QuickStartStateTests getParent returns the QuickStart object passed into setParent" computerName="TFSBUILD11" duration="00:00:00.0240000" startTime="2015-09-28T09:46:06.3415849-07:00" endTime="2015-09-28T09:46:06.3415849-07:00" testType="13cdc9d9-ddb5-4fa4-a97d-d965ccfc6d4b" outcome="Passed" testListId="8c84fa94-04c1-424b-9868-57a2d4851a1d" relativeResultsDirectory="39332431-baaa-4bcd-b309-45c068fc5cc3" />
    <UnitTestResult executionId="c54399b1-4744-48e4-8896-1e6c7d378a5a" testId="d20d09af-49b6-4a5b-859c-d4f75142e592" testName="FeaturesTests.Engagement.QuickStart.Core.QuickStartStateTests log telemetry on entry when specified" computerName="TFSBUILD11" duration="00:00:00.0180000" startTime="2015-09-28T09:46:06.3415849-07:00" endTime="2015-09-28T09:46:06.3415849-07:00" testType="13cdc9d9-ddb5-4fa4-a97d-d965ccfc6d4b" outcome="Passed" testListId="8c84fa94-04c1-424b-9868-57a2d4851a1d" relativeResultsDirectory="c54399b1-4744-48e4-8896-1e6c7d378a5a" />
    <UnitTestResult executionId="7a45dcab-76eb-4cda-b387-1ac23a7beb1d" testId="415c470b-1dd0-4093-bc79-2c3073055f3b" testName="FeaturesTests.Engagement.QuickStart.Core.QuickStartStateTests log telemetry on exit when specified" computerName="TFSBUILD11" duration="00:00:00.0170000" startTime="2015-09-28T09:46:06.3415849-07:00" endTime="2015-09-28T09:46:06.3415849-07:00" testType="13cdc9d9-ddb5-4fa4-a97d-d965ccfc6d4b" outcome="Passed" testListId="8c84fa94-04c1-424b-9868-57a2d4851a1d" relativeResultsDirectory="7a45dcab-76eb-4cda-b387-1ac23a7beb1d" />
    <UnitTestResult executionId="5c1e6c45-0517-4530-8189-b0632ef40ef8" testId="b944e1dc-69d9-4768-a382-9d86c683d608" testName="FeaturesTests.Engagement.QuickStart.Core.QuickStartStateTests does not log telemetry on entry when not specified" computerName="TFSBUILD11" duration="00:00:00.0180000" startTime="2015-09-28T09:46:06.3415849-07:00" endTime="2015-09-28T09:46:06.3415849-07:00" testType="13cdc9d9-ddb5-4fa4-a97d-d965ccfc6d4b" outcome="Passed" testListId="8c84fa94-04c1-424b-9868-57a2d4851a1d" relativeResultsDirectory="5c1e6c45-0517-4530-8189-b0632ef40ef8" />
    <UnitTestResult executionId="e02820c3-2d7c-4892-bb03-8279fad0934c" testId="bea0ad1f-f73a-47df-ae0d-156d06da5c77" testName="FeaturesTests.Engagement.QuickStart.Core.QuickStartStateTests does not log telemetry on exit when not specified" computerName="TFSBUILD11" duration="00:00:00.0180000" startTime="2015-09-28T09:46:06.3415849-07:00" endTime="2015-09-28T09:46:06.3415849-07:00" testType="13cdc9d9-ddb5-4fa4-a97d-d965ccfc6d4b" outcome="Passed" testListId="8c84fa94-04c1-424b-9868-57a2d4851a1d" relativeResultsDirectory="e02820c3-2d7c-4892-bb03-8279fad0934c" />
    <UnitTestResult executionId="2e19cfff-a63b-4a9f-9897-71ad8eedfaa4" testId="615317b2-3976-48ed-9bf8-abe5f030f2d3" testName="FeaturesTests.Engagement.QuickStart.States.UIStateUnitTests mainEntryAction creates the UI control" computerName="TFSBUILD11" duration="00:00:00.0180000" startTime="2015-09-28T09:46:06.3415849-07:00" endTime="2015-09-28T09:46:06.3415849-07:00" testType="13cdc9d9-ddb5-4fa4-a97d-d965ccfc6d4b" outcome="Passed" testListId="8c84fa94-04c1-424b-9868-57a2d4851a1d" relativeResultsDirectory="2e19cfff-a63b-4a9f-9897-71ad8eedfaa4" />
    <UnitTestResult executionId="274f9738-996c-4223-9f80-23401902caba" testId="f3298e9b-55ba-4036-8f8b-2845100fbf20" testName="FeaturesTests.Engagement.QuickStart.States.UIStateUnitTests mainEntryAction passes the UI model when creating the control" computerName="TFSBUILD11" duration="00:00:00.0160000" startTime="2015-09-28T09:46:06.3415849-07:00" endTime="2015-09-28T09:46:06.3415849-07:00" testType="13cdc9d9-ddb5-4fa4-a97d-d965ccfc6d4b" outcome="Passed" testListId="8c84fa94-04c1-424b-9868-57a2d4851a1d" relativeResultsDirectory="274f9738-996c-4223-9f80-23401902caba" />
    <UnitTestResult executionId="0ce7d0f9-edbf-4436-888c-f6f0bc522902" testId="e466f218-5385-45c5-aedd-63995e321050" testName="FeaturesTests.Engagement.QuickStart.States.UIStateUnitTests mainEntryAction shows the UI control" computerName="TFSBUILD11" duration="00:00:00.0170000" startTime="2015-09-28T09:46:06.3415849-07:00" endTime="2015-09-28T09:46:06.3415849-07:00" testType="13cdc9d9-ddb5-4fa4-a97d-d965ccfc6d4b" outcome="Passed" testListId="8c84fa94-04c1-424b-9868-57a2d4851a1d" relativeResultsDirectory="0ce7d0f9-edbf-4436-888c-f6f0bc522902" />
    <UnitTestResult executionId="7acbe550-70ce-49d1-a146-c7e030213573" testId="f0f80d54-5bff-4013-beea-3445781b6c75" testName="FeaturesTests.Engagement.QuickStart.States.UIStateUnitTests mainEntryAction registers action events" computerName="TFSBUILD11" duration="00:00:00.0170000" startTime="2015-09-28T09:46:06.3415849-07:00" endTime="2015-09-28T09:46:06.3415849-07:00" testType="13cdc9d9-ddb5-4fa4-a97d-d965ccfc6d4b" outcome="Passed" testListId="8c84fa94-04c1-424b-9868-57a2d4851a1d" relativeResultsDirectory="7acbe550-70ce-49d1-a146-c7e030213573" />
    <UnitTestResult executionId="b3ca65b6-ff44-485c-84ed-80ed30d1e70a" testId="ea6f2d81-fb68-4812-85a7-71e5de499bb7" testName="FeaturesTests.Engagement.QuickStart.States.UIStateUnitTests onActionPerformed fires action events" computerName="TFSBUILD11" duration="00:00:00.0160000" startTime="2015-09-28T09:46:06.6733052-07:00" endTime="2015-09-28T09:46:06.6733052-07:00" testType="13cdc9d9-ddb5-4fa4-a97d-d965ccfc6d4b" outcome="Passed" testListId="8c84fa94-04c1-424b-9868-57a2d4851a1d" relativeResultsDirectory="b3ca65b6-ff44-485c-84ed-80ed30d1e70a" />
    <UnitTestResult executionId="2818c94c-986e-40f4-9b13-7b2bfd997378" testId="9442897f-630f-41bd-b1be-0666004a2376" testName="FeaturesTests.Engagement.QuickStart.States.UIStateUnitTests onActionPerformed publishes telemetry" computerName="TFSBUILD11" duration="00:00:00.0150000" startTime="2015-09-28T09:46:06.6733052-07:00" endTime="2015-09-28T09:46:06.6733052-07:00" testType="13cdc9d9-ddb5-4fa4-a97d-d965ccfc6d4b" outcome="Passed" testListId="8c84fa94-04c1-424b-9868-57a2d4851a1d" relativeResultsDirectory="2818c94c-986e-40f4-9b13-7b2bfd997378" />
    <UnitTestResult executionId="74bd0bb6-246a-437a-b6d5-520992220a99" testId="06d5e3af-92e9-4853-850a-69fecb33bc30" testName="FeaturesTests.Engagement.QuickStart.States.UIStateUnitTests mainExitAction hides the control" computerName="TFSBUILD11" duration="00:00:00.0160000" startTime="2015-09-28T09:46:06.6733052-07:00" endTime="2015-09-28T09:46:06.6733052-07:00" testType="13cdc9d9-ddb5-4fa4-a97d-d965ccfc6d4b" outcome="Passed" testListId="8c84fa94-04c1-424b-9868-57a2d4851a1d" relativeResultsDirectory="74bd0bb6-246a-437a-b6d5-520992220a99" />
    <UnitTestResult executionId="607c9d2d-2755-4375-969b-2968f697b393" testId="2d3df2f9-27d0-4972-a314-ee78ddd33c61" testName="FeaturesTests.Engagement.QuickStart.States.UIStateUnitTests enter UIState log telemetry by default" computerName="TFSBUILD11" duration="00:00:00.0190000" startTime="2015-09-28T09:46:06.6733052-07:00" endTime="2015-09-28T09:46:06.6733052-07:00" testType="13cdc9d9-ddb5-4fa4-a97d-d965ccfc6d4b" outcome="Passed" testListId="8c84fa94-04c1-424b-9868-57a2d4851a1d" relativeResultsDirectory="607c9d2d-2755-4375-969b-2968f697b393" />
    <UnitTestResult executionId="33006498-e1ac-4f24-9018-0b79b4ebca5e" testId="5e7d4422-5468-4b59-ae2e-f52cb74e93c0" testName="FeaturesTests.Engagement.QuickStart.States.UIStateUnitTests publishTelemetry action logs state ID" computerName="TFSBUILD11" duration="00:00:00.0150000" startTime="2015-09-28T09:46:06.6733052-07:00" endTime="2015-09-28T09:46:06.6733052-07:00" testType="13cdc9d9-ddb5-4fa4-a97d-d965ccfc6d4b" outcome="Passed" testListId="8c84fa94-04c1-424b-9868-57a2d4851a1d" relativeResultsDirectory="33006498-e1ac-4f24-9018-0b79b4ebca5e" />
    <UnitTestResult executionId="0802fb83-1c8b-4ea8-96d6-2224a2fe639e" testId="3489e7b6-6764-465f-8ea0-2851d339d0ee" testName="FeaturesTests.Engagement.QuickStart.States.ConditionStateUnitTests enter fires TRUE_EVENT if conditions are evaluated to true" computerName="TFSBUILD11" duration="00:00:00.0150000" startTime="2015-09-28T09:46:06.6733052-07:00" endTime="2015-09-28T09:46:06.6733052-07:00" testType="13cdc9d9-ddb5-4fa4-a97d-d965ccfc6d4b" outcome="Passed" testListId="8c84fa94-04c1-424b-9868-57a2d4851a1d" relativeResultsDirectory="0802fb83-1c8b-4ea8-96d6-2224a2fe639e" />
    <UnitTestResult executionId="ed91bbdb-0ba6-41d8-adb2-14bc7e276bb7" testId="d9edc7d3-7e49-4ef4-a0ac-205292fd9eba" testName="FeaturesTests.Engagement.QuickStart.States.ConditionStateUnitTests enter fires FALSE_EVENT if conditions are evaluated to false" computerName="TFSBUILD11" duration="00:00:00.0140000" startTime="2015-09-28T09:46:06.6733052-07:00" endTime="2015-09-28T09:46:06.6733052-07:00" testType="13cdc9d9-ddb5-4fa4-a97d-d965ccfc6d4b" outcome="Passed" testListId="8c84fa94-04c1-424b-9868-57a2d4851a1d" relativeResultsDirectory="ed91bbdb-0ba6-41d8-adb2-14bc7e276bb7" />
    <UnitTestResult executionId="43421e78-0f5a-46a1-81fb-63afd6659dca" testId="d4a37cb7-a050-48c6-85d4-855556a11a0b" testName="FeaturesTests.Engagement.QuickStart.States.ConditionStateUnitTests enter fires FALSE_EVENT if conditions have errors" computerName="TFSBUILD11" duration="00:00:00.0140000" startTime="2015-09-28T09:46:06.6733052-07:00" endTime="2015-09-28T09:46:06.6733052-07:00" testType="13cdc9d9-ddb5-4fa4-a97d-d965ccfc6d4b" outcome="Passed" testListId="8c84fa94-04c1-424b-9868-57a2d4851a1d" relativeResultsDirectory="43421e78-0f5a-46a1-81fb-63afd6659dca" />
    <UnitTestResult executionId="ec6bbd0e-5939-4322-b006-ca5a41ee5331" testId="00441b95-17f5-4ac6-97dc-cd0d518561cb" testName="FeaturesTests.Engagement.QuickStart.States.ConditionStateUnitTests enter does not fire event if asynchronous conditions have not completed" computerName="TFSBUILD11" duration="00:00:00.0150000" startTime="2015-09-28T09:46:06.6733052-07:00" endTime="2015-09-28T09:46:06.6733052-07:00" testType="13cdc9d9-ddb5-4fa4-a97d-d965ccfc6d4b" outcome="Passed" testListId="8c84fa94-04c1-424b-9868-57a2d4851a1d" relativeResultsDirectory="ec6bbd0e-5939-4322-b006-ca5a41ee5331" />
  </Results>
  <TestDefinitions>
    <UnitTest name="FeaturesTests.Engagement.QuickStart.FSM.StateMachineTests constructor" storage="d:\v2.0\a1\_work\dbded102\vso\vssf\webplatform\features\scripts\featurestests\tests\engagement\quickstart\featurestests.quickstart.fsm.ts" id="4c6bba3a-7357-4380-a4a8-82373183a4e4">
      <Execution id="a384d2c9-f62e-49a3-85c5-488764a96cf4" />
      <TestMethod codeBase="d:\v2.0\a1\_work\dbded102\vso\vssf\webplatform\features\scripts\featurestests\tests\engagement\quickstart\featurestests.quickstart.fsm.ts" adapterTypeName="Microsoft.VisualStudio.TestTools.TestTypes.Unit.UnitTestAdapter" className="d:\v2.0\a1\_work\dbded102\vso\vssf\webplatform\features\scripts\featurestests\tests\engagement\quickstart\featurestests.quickstart.fsm.ts::featurestests.engagement.quickstart.fsm" name="FeaturesTests.Engagement.QuickStart.FSM.StateMachineTests constructor" />
    </UnitTest>
    <UnitTest name="FeaturesTests.Engagement.QuickStart.FSM.StateMachineTests getId returns the ID" storage="d:\v2.0\a1\_work\dbded102\vso\vssf\webplatform\features\scripts\featurestests\tests\engagement\quickstart\featurestests.quickstart.fsm.ts" id="16c09960-2ed8-4f42-a1ba-6627322c6787">
      <Execution id="d17a6eff-f0c3-4b1a-84d1-77d8aca3bdf3" />
      <TestMethod codeBase="d:\v2.0\a1\_work\dbded102\vso\vssf\webplatform\features\scripts\featurestests\tests\engagement\quickstart\featurestests.quickstart.fsm.ts" adapterTypeName="Microsoft.VisualStudio.TestTools.TestTypes.Unit.UnitTestAdapter" className="d:\v2.0\a1\_work\dbded102\vso\vssf\webplatform\features\scripts\featurestests\tests\engagement\quickstart\featurestests.quickstart.fsm.ts::featurestests.engagement.quickstart.fsm" name="FeaturesTests.Engagement.QuickStart.FSM.StateMachineTests getId returns the ID" />
    </UnitTest>
    <UnitTest name="FeaturesTests.Engagement.QuickStart.FSM.StateMachineTests getCurrentState returns the current state" storage="d:\v2.0\a1\_work\dbded102\vso\vssf\webplatform\features\scripts\featurestests\tests\engagement\quickstart\featurestests.quickstart.fsm.ts" id="3ad1dd0b-8127-4b93-bf68-8baeeb528807">
      <Execution id="c7339ac1-a24b-4deb-a3f8-08275fef26fb" />
      <TestMethod codeBase="d:\v2.0\a1\_work\dbded102\vso\vssf\webplatform\features\scripts\featurestests\tests\engagement\quickstart\featurestests.quickstart.fsm.ts" adapterTypeName="Microsoft.VisualStudio.TestTools.TestTypes.Unit.UnitTestAdapter" className="d:\v2.0\a1\_work\dbded102\vso\vssf\webplatform\features\scripts\featurestests\tests\engagement\quickstart\featurestests.quickstart.fsm.ts::featurestests.engagement.quickstart.fsm" name="FeaturesTests.Engagement.QuickStart.FSM.StateMachineTests getCurrentState returns the current state" />
    </UnitTest>
    <UnitTest name="FeaturesTests.Engagement.QuickStart.FSM.StateMachineTests getCurrentState returns null when created" storage="d:\v2.0\a1\_work\dbded102\vso\vssf\webplatform\features\scripts\featurestests\tests\engagement\quickstart\featurestests.quickstart.fsm.ts" id="24b36336-f917-42ea-9a50-912634b58fb7">
      <Execution id="25acc104-773a-42f7-a983-a8e338329492" />
      <TestMethod codeBase="d:\v2.0\a1\_work\dbded102\vso\vssf\webplatform\features\scripts\featurestests\tests\engagement\quickstart\featurestests.quickstart.fsm.ts" adapterTypeName="Microsoft.VisualStudio.TestTools.TestTypes.Unit.UnitTestAdapter" className="d:\v2.0\a1\_work\dbded102\vso\vssf\webplatform\features\scripts\featurestests\tests\engagement\quickstart\featurestests.quickstart.fsm.ts::featurestests.engagement.quickstart.fsm" name="FeaturesTests.Engagement.QuickStart.FSM.StateMachineTests getCurrentState returns null when created" />
    </UnitTest>
    <UnitTest name="FeaturesTests.Engagement.QuickStart.FSM.StateMachineTests addState adds the state" storage="d:\v2.0\a1\_work\dbded102\vso\vssf\webplatform\features\scripts\featurestests\tests\engagement\quickstart\featurestests.quickstart.fsm.ts" id="6a914259-8e40-4c1f-8d95-5cb07b8f0f24">
      <Execution id="f36f2e12-4ece-4116-af27-2731240250f8" />
      <TestMethod codeBase="d:\v2.0\a1\_work\dbded102\vso\vssf\webplatform\features\scripts\featurestests\tests\engagement\quickstart\featurestests.quickstart.fsm.ts" adapterTypeName="Microsoft.VisualStudio.TestTools.TestTypes.Unit.UnitTestAdapter" className="d:\v2.0\a1\_work\dbded102\vso\vssf\webplatform\features\scripts\featurestests\tests\engagement\quickstart\featurestests.quickstart.fsm.ts::featurestests.engagement.quickstart.fsm" name="FeaturesTests.Engagement.QuickStart.FSM.StateMachineTests addState adds the state" />
    </UnitTest>
    <UnitTest name="FeaturesTests.Engagement.QuickStart.FSM.StateMachineTests addState sets the state parent" storage="d:\v2.0\a1\_work\dbded102\vso\vssf\webplatform\features\scripts\featurestests\tests\engagement\quickstart\featurestests.quickstart.fsm.ts" id="0e78929d-78b2-41ab-95b2-d4cdcd9e8b51">
      <Execution id="c9d17843-aa8a-410b-ad02-3ddeb2a5dfdd" />
      <TestMethod codeBase="d:\v2.0\a1\_work\dbded102\vso\vssf\webplatform\features\scripts\featurestests\tests\engagement\quickstart\featurestests.quickstart.fsm.ts" adapterTypeName="Microsoft.VisualStudio.TestTools.TestTypes.Unit.UnitTestAdapter" className="d:\v2.0\a1\_work\dbded102\vso\vssf\webplatform\features\scripts\featurestests\tests\engagement\quickstart\featurestests.quickstart.fsm.ts::featurestests.engagement.quickstart.fsm" name="FeaturesTests.Engagement.QuickStart.FSM.StateMachineTests addState sets the state parent" />
    </UnitTest>
    <UnitTest name="FeaturesTests.Engagement.QuickStart.FSM.StateMachineTests addState sets the current state if not set" storage="d:\v2.0\a1\_work\dbded102\vso\vssf\webplatform\features\scripts\featurestests\tests\engagement\quickstart\featurestests.quickstart.fsm.ts" id="642111dc-1b29-4fea-8d3b-cf70b17d6aac">
      <Execution id="6805ad31-3141-49ba-a398-983a076dfdc6" />
      <TestMethod codeBase="d:\v2.0\a1\_work\dbded102\vso\vssf\webplatform\features\scripts\featurestests\tests\engagement\quickstart\featurestests.quickstart.fsm.ts" adapterTypeName="Microsoft.VisualStudio.TestTools.TestTypes.Unit.UnitTestAdapter" className="d:\v2.0\a1\_work\dbded102\vso\vssf\webplatform\features\scripts\featurestests\tests\engagement\quickstart\featurestests.quickstart.fsm.ts::featurestests.engagement.quickstart.fsm" name="FeaturesTests.Engagement.QuickStart.FSM.StateMachineTests addState sets the current state if not set" />
    </UnitTest>
    <UnitTest name="FeaturesTests.Engagement.QuickStart.FSM.StateMachineTests addState doesn't change the current state if currentState has been set" storage="d:\v2.0\a1\_work\dbded102\vso\vssf\webplatform\features\scripts\featurestests\tests\engagement\quickstart\featurestests.quickstart.fsm.ts" id="8999e6a4-1b88-43ba-971d-75cb4f2d60ad">
      <Execution id="7abc363a-ec26-4043-90d5-b8d7540954dc" />
      <TestMethod codeBase="d:\v2.0\a1\_work\dbded102\vso\vssf\webplatform\features\scripts\featurestests\tests\engagement\quickstart\featurestests.quickstart.fsm.ts" adapterTypeName="Microsoft.VisualStudio.TestTools.TestTypes.Unit.UnitTestAdapter" className="d:\v2.0\a1\_work\dbded102\vso\vssf\webplatform\features\scripts\featurestests\tests\engagement\quickstart\featurestests.quickstart.fsm.ts::featurestests.engagement.quickstart.fsm" name="FeaturesTests.Engagement.QuickStart.FSM.StateMachineTests addState doesn't change the current state if currentState has been set" />
    </UnitTest>
    <UnitTest name="FeaturesTests.Engagement.QuickStart.FSM.StateMachineTests getState returns the correct state if added" storage="d:\v2.0\a1\_work\dbded102\vso\vssf\webplatform\features\scripts\featurestests\tests\engagement\quickstart\featurestests.quickstart.fsm.ts" id="195266c2-1a66-438d-95ed-4c01a1d4702f">
      <Execution id="4a029c3e-c629-4aa9-a20c-7177b025caff" />
      <TestMethod codeBase="d:\v2.0\a1\_work\dbded102\vso\vssf\webplatform\features\scripts\featurestests\tests\engagement\quickstart\featurestests.quickstart.fsm.ts" adapterTypeName="Microsoft.VisualStudio.TestTools.TestTypes.Unit.UnitTestAdapter" className="d:\v2.0\a1\_work\dbded102\vso\vssf\webplatform\features\scripts\featurestests\tests\engagement\quickstart\featurestests.quickstart.fsm.ts::featurestests.engagement.quickstart.fsm" name="FeaturesTests.Engagement.QuickStart.FSM.StateMachineTests getState returns the correct state if added" />
    </UnitTest>
    <UnitTest name="FeaturesTests.Engagement.QuickStart.FSM.StateMachineTests getState returns null if stateId not found or invalid" storage="d:\v2.0\a1\_work\dbded102\vso\vssf\webplatform\features\scripts\featurestests\tests\engagement\quickstart\featurestests.quickstart.fsm.ts" id="5b0132d0-2f6f-4e4e-933d-5f6cc1f77515">
      <Execution id="d82602a2-6b64-43ad-a577-e113e7fd6a3f" />
      <TestMethod codeBase="d:\v2.0\a1\_work\dbded102\vso\vssf\webplatform\features\scripts\featurestests\tests\engagement\quickstart\featurestests.quickstart.fsm.ts" adapterTypeName="Microsoft.VisualStudio.TestTools.TestTypes.Unit.UnitTestAdapter" className="d:\v2.0\a1\_work\dbded102\vso\vssf\webplatform\features\scripts\featurestests\tests\engagement\quickstart\featurestests.quickstart.fsm.ts::featurestests.engagement.quickstart.fsm" name="FeaturesTests.Engagement.QuickStart.FSM.StateMachineTests getState returns null if stateId not found or invalid" />
    </UnitTest>
    <UnitTest name="FeaturesTests.Engagement.QuickStart.FSM.StateMachineTests addTransition adds the transition" storage="d:\v2.0\a1\_work\dbded102\vso\vssf\webplatform\features\scripts\featurestests\tests\engagement\quickstart\featurestests.quickstart.fsm.ts" id="e7a13a4c-af34-4c1d-b490-48c8b819c1d1">
      <Execution id="47e1368e-a03a-4de5-aacb-853d7b4af312" />
      <TestMethod codeBase="d:\v2.0\a1\_work\dbded102\vso\vssf\webplatform\features\scripts\featurestests\tests\engagement\quickstart\featurestests.quickstart.fsm.ts" adapterTypeName="Microsoft.VisualStudio.TestTools.TestTypes.Unit.UnitTestAdapter" className="d:\v2.0\a1\_work\dbded102\vso\vssf\webplatform\features\scripts\featurestests\tests\engagement\quickstart\featurestests.quickstart.fsm.ts::featurestests.engagement.quickstart.fsm" name="FeaturesTests.Engagement.QuickStart.FSM.StateMachineTests addTransition adds the transition" />
    </UnitTest>
    <UnitTest name="FeaturesTests.Engagement.QuickStart.FSM.StateMachineTests addTransition fails silently if arguments are invalid" storage="d:\v2.0\a1\_work\dbded102\vso\vssf\webplatform\features\scripts\featurestests\tests\engagement\quickstart\featurestests.quickstart.fsm.ts" id="b2f9dae8-b010-4981-a0db-c170a3de1c9c">
      <Execution id="8f00cada-e31e-4031-96eb-1a5f261b3cfc" />
      <TestMethod codeBase="d:\v2.0\a1\_work\dbded102\vso\vssf\webplatform\features\scripts\featurestests\tests\engagement\quickstart\featurestests.quickstart.fsm.ts" adapterTypeName="Microsoft.VisualStudio.TestTools.TestTypes.Unit.UnitTestAdapter" className="d:\v2.0\a1\_work\dbded102\vso\vssf\webplatform\features\scripts\featurestests\tests\engagement\quickstart\featurestests.quickstart.fsm.ts::featurestests.engagement.quickstart.fsm" name="FeaturesTests.Engagement.QuickStart.FSM.StateMachineTests addTransition fails silently if arguments are invalid" />
    </UnitTest>
    <UnitTest name="FeaturesTests.Engagement.QuickStart.FSM.StateMachineTests getTransition returns target state if transition exists" storage="d:\v2.0\a1\_work\dbded102\vso\vssf\webplatform\features\scripts\featurestests\tests\engagement\quickstart\featurestests.quickstart.fsm.ts" id="15bd4a58-8d34-436d-9592-09f476d29100">
      <Execution id="a417c42c-37c7-4a49-89f2-c04c8f83a7dc" />
      <TestMethod codeBase="d:\v2.0\a1\_work\dbded102\vso\vssf\webplatform\features\scripts\featurestests\tests\engagement\quickstart\featurestests.quickstart.fsm.ts" adapterTypeName="Microsoft.VisualStudio.TestTools.TestTypes.Unit.UnitTestAdapter" className="d:\v2.0\a1\_work\dbded102\vso\vssf\webplatform\features\scripts\featurestests\tests\engagement\quickstart\featurestests.quickstart.fsm.ts::featurestests.engagement.quickstart.fsm" name="FeaturesTests.Engagement.QuickStart.FSM.StateMachineTests getTransition returns target state if transition exists" />
    </UnitTest>
    <UnitTest name="FeaturesTests.Engagement.QuickStart.FSM.StateMachineTests getTransition returns null if transition not exist" storage="d:\v2.0\a1\_work\dbded102\vso\vssf\webplatform\features\scripts\featurestests\tests\engagement\quickstart\featurestests.quickstart.fsm.ts" id="2b00ded5-cc7f-4f3d-8060-6ad1555ee896">
      <Execution id="a37351b8-cb5a-4747-8e41-57069dc580d5" />
      <TestMethod codeBase="d:\v2.0\a1\_work\dbded102\vso\vssf\webplatform\features\scripts\featurestests\tests\engagement\quickstart\featurestests.quickstart.fsm.ts" adapterTypeName="Microsoft.VisualStudio.TestTools.TestTypes.Unit.UnitTestAdapter" className="d:\v2.0\a1\_work\dbded102\vso\vssf\webplatform\features\scripts\featurestests\tests\engagement\quickstart\featurestests.quickstart.fsm.ts::featurestests.engagement.quickstart.fsm" name="FeaturesTests.Engagement.QuickStart.FSM.StateMachineTests getTransition returns null if transition not exist" />
    </UnitTest>
    <UnitTest name="FeaturesTests.Engagement.QuickStart.FSM.StateMachineTests getTransition returns null when no transition added" storage="d:\v2.0\a1\_work\dbded102\vso\vssf\webplatform\features\scripts\featurestests\tests\engagement\quickstart\featurestests.quickstart.fsm.ts" id="41a49195-c935-4dc5-a9f4-bb8f3d57a8c2">
      <Execution id="009a614c-eac4-4309-98b9-30bff02f357e" />
      <TestMethod codeBase="d:\v2.0\a1\_work\dbded102\vso\vssf\webplatform\features\scripts\featurestests\tests\engagement\quickstart\featurestests.quickstart.fsm.ts" adapterTypeName="Microsoft.VisualStudio.TestTools.TestTypes.Unit.UnitTestAdapter" className="d:\v2.0\a1\_work\dbded102\vso\vssf\webplatform\features\scripts\featurestests\tests\engagement\quickstart\featurestests.quickstart.fsm.ts::featurestests.engagement.quickstart.fsm" name="FeaturesTests.Engagement.QuickStart.FSM.StateMachineTests getTransition returns null when no transition added" />
    </UnitTest>
    <UnitTest name="FeaturesTests.Engagement.QuickStart.FSM.StateMachineTests fire does nothing when inactive" storage="d:\v2.0\a1\_work\dbded102\vso\vssf\webplatform\features\scripts\featurestests\tests\engagement\quickstart\featurestests.quickstart.fsm.ts" id="9d7f974f-9e77-4bc4-ac22-f4e57d24932d">
      <Execution id="5cdc5ea9-d77e-4253-ab11-fdf33b392011" />
      <TestMethod codeBase="d:\v2.0\a1\_work\dbded102\vso\vssf\webplatform\features\scripts\featurestests\tests\engagement\quickstart\featurestests.quickstart.fsm.ts" adapterTypeName="Microsoft.VisualStudio.TestTools.TestTypes.Unit.UnitTestAdapter" className="d:\v2.0\a1\_work\dbded102\vso\vssf\webplatform\features\scripts\featurestests\tests\engagement\quickstart\featurestests.quickstart.fsm.ts::featurestests.engagement.quickstart.fsm" name="FeaturesTests.Engagement.QuickStart.FSM.StateMachineTests fire does nothing when inactive" />
    </UnitTest>
    <UnitTest name="FeaturesTests.Engagement.QuickStart.FSM.StateMachineTests fire performs the transition when active" storage="d:\v2.0\a1\_work\dbded102\vso\vssf\webplatform\features\scripts\featurestests\tests\engagement\quickstart\featurestests.quickstart.fsm.ts" id="b1cce29d-ddf8-4f5a-9aa0-4fc5f5b68a3b">
      <Execution id="873cc95d-ffb7-4f90-b324-c231c97a0eb6" />
      <TestMethod codeBase="d:\v2.0\a1\_work\dbded102\vso\vssf\webplatform\features\scripts\featurestests\tests\engagement\quickstart\featurestests.quickstart.fsm.ts" adapterTypeName="Microsoft.VisualStudio.TestTools.TestTypes.Unit.UnitTestAdapter" className="d:\v2.0\a1\_work\dbded102\vso\vssf\webplatform\features\scripts\featurestests\tests\engagement\quickstart\featurestests.quickstart.fsm.ts::featurestests.engagement.quickstart.fsm" name="FeaturesTests.Engagement.QuickStart.FSM.StateMachineTests fire performs the transition when active" />
    </UnitTest>
    <UnitTest name="FeaturesTests.Engagement.QuickStart.FSM.StateMachineTests fire does nothing if transition not found" storage="d:\v2.0\a1\_work\dbded102\vso\vssf\webplatform\features\scripts\featurestests\tests\engagement\quickstart\featurestests.quickstart.fsm.ts" id="a8dd2ccb-4899-465f-a218-03dfc799252d">
      <Execution id="7b85cdc8-f743-4fb1-9f63-221e2512b291" />
      <TestMethod codeBase="d:\v2.0\a1\_work\dbded102\vso\vssf\webplatform\features\scripts\featurestests\tests\engagement\quickstart\featurestests.quickstart.fsm.ts" adapterTypeName="Microsoft.VisualStudio.TestTools.TestTypes.Unit.UnitTestAdapter" className="d:\v2.0\a1\_work\dbded102\vso\vssf\webplatform\features\scripts\featurestests\tests\engagement\quickstart\featurestests.quickstart.fsm.ts::featurestests.engagement.quickstart.fsm" name="FeaturesTests.Engagement.QuickStart.FSM.StateMachineTests fire does nothing if transition not found" />
    </UnitTest>
    <UnitTest name="FeaturesTests.Engagement.QuickStart.FSM.StateMachineTests transition with loop" storage="d:\v2.0\a1\_work\dbded102\vso\vssf\webplatform\features\scripts\featurestests\tests\engagement\quickstart\featurestests.quickstart.fsm.ts" id="bfd0440e-4de5-4d58-b286-32bf41c79410">
      <Execution id="b8bce895-81f3-4986-a3a6-debc2e0c911c" />
      <TestMethod codeBase="d:\v2.0\a1\_work\dbded102\vso\vssf\webplatform\features\scripts\featurestests\tests\engagement\quickstart\featurestests.quickstart.fsm.ts" adapterTypeName="Microsoft.VisualStudio.TestTools.TestTypes.Unit.UnitTestAdapter" className="d:\v2.0\a1\_work\dbded102\vso\vssf\webplatform\features\scripts\featurestests\tests\engagement\quickstart\featurestests.quickstart.fsm.ts::featurestests.engagement.quickstart.fsm" name="FeaturesTests.Engagement.QuickStart.FSM.StateMachineTests transition with loop" />
    </UnitTest>
    <UnitTest name="FeaturesTests.Engagement.QuickStart.FSM.StateMachineTests transition with branch" storage="d:\v2.0\a1\_work\dbded102\vso\vssf\webplatform\features\scripts\featurestests\tests\engagement\quickstart\featurestests.quickstart.fsm.ts" id="ed031eb7-c132-4b73-a21c-5a636b00a7b9">
      <Execution id="a596c239-7e99-4ee8-9350-19cec0dd1857" />
      <TestMethod codeBase="d:\v2.0\a1\_work\dbded102\vso\vssf\webplatform\features\scripts\featurestests\tests\engagement\quickstart\featurestests.quickstart.fsm.ts" adapterTypeName="Microsoft.VisualStudio.TestTools.TestTypes.Unit.UnitTestAdapter" className="d:\v2.0\a1\_work\dbded102\vso\vssf\webplatform\features\scripts\featurestests\tests\engagement\quickstart\featurestests.quickstart.fsm.ts::featurestests.engagement.quickstart.fsm" name="FeaturesTests.Engagement.QuickStart.FSM.StateMachineTests transition with branch" />
    </UnitTest>
    <UnitTest name="FeaturesTests.Engagement.QuickStart.FSM.StateMachineTests transition to same state" storage="d:\v2.0\a1\_work\dbded102\vso\vssf\webplatform\features\scripts\featurestests\tests\engagement\quickstart\featurestests.quickstart.fsm.ts" id="f3406776-9f99-4240-8bde-9c25e7a32576">
      <Execution id="ae136085-d141-43f7-91d8-6168897c7dbc" />
      <TestMethod codeBase="d:\v2.0\a1\_work\dbded102\vso\vssf\webplatform\features\scripts\featurestests\tests\engagement\quickstart\featurestests.quickstart.fsm.ts" adapterTypeName="Microsoft.VisualStudio.TestTools.TestTypes.Unit.UnitTestAdapter" className="d:\v2.0\a1\_work\dbded102\vso\vssf\webplatform\features\scripts\featurestests\tests\engagement\quickstart\featurestests.quickstart.fsm.ts::featurestests.engagement.quickstart.fsm" name="FeaturesTests.Engagement.QuickStart.FSM.StateMachineTests transition to same state" />
    </UnitTest>
    <UnitTest name="FeaturesTests.Engagement.QuickStart.FSM.StateMachineTests isActive" storage="d:\v2.0\a1\_work\dbded102\vso\vssf\webplatform\features\scripts\featurestests\tests\engagement\quickstart\featurestests.quickstart.fsm.ts" id="1546bda3-74c2-4cb6-af8e-e5e1f4e9a4ea">
      <Execution id="606fcc3e-4576-473c-ba6c-fb02b1a08924" />
      <TestMethod codeBase="d:\v2.0\a1\_work\dbded102\vso\vssf\webplatform\features\scripts\featurestests\tests\engagement\quickstart\featurestests.quickstart.fsm.ts" adapterTypeName="Microsoft.VisualStudio.TestTools.TestTypes.Unit.UnitTestAdapter" className="d:\v2.0\a1\_work\dbded102\vso\vssf\webplatform\features\scripts\featurestests\tests\engagement\quickstart\featurestests.quickstart.fsm.ts::featurestests.engagement.quickstart.fsm" name="FeaturesTests.Engagement.QuickStart.FSM.StateMachineTests isActive" />
    </UnitTest>
    <UnitTest name="FeaturesTests.Engagement.QuickStart.FSM.StateMachineTests start sets active status" storage="d:\v2.0\a1\_work\dbded102\vso\vssf\webplatform\features\scripts\featurestests\tests\engagement\quickstart\featurestests.quickstart.fsm.ts" id="884d1bd4-005b-46fb-9631-a63abbccd15f">
      <Execution id="27a2bf73-9749-481b-a512-99e96e278ad7" />
      <TestMethod codeBase="d:\v2.0\a1\_work\dbded102\vso\vssf\webplatform\features\scripts\featurestests\tests\engagement\quickstart\featurestests.quickstart.fsm.ts" adapterTypeName="Microsoft.VisualStudio.TestTools.TestTypes.Unit.UnitTestAdapter" className="d:\v2.0\a1\_work\dbded102\vso\vssf\webplatform\features\scripts\featurestests\tests\engagement\quickstart\featurestests.quickstart.fsm.ts::featurestests.engagement.quickstart.fsm" name="FeaturesTests.Engagement.QuickStart.FSM.StateMachineTests start sets active status" />
    </UnitTest>
    <UnitTest name="FeaturesTests.Engagement.QuickStart.FSM.StateMachineTests start enters the current state" storage="d:\v2.0\a1\_work\dbded102\vso\vssf\webplatform\features\scripts\featurestests\tests\engagement\quickstart\featurestests.quickstart.fsm.ts" id="824ef76b-8f09-4571-853b-36f3d5411539">
      <Execution id="f57e4913-0911-4490-ba82-acab2b34f433" />
      <TestMethod codeBase="d:\v2.0\a1\_work\dbded102\vso\vssf\webplatform\features\scripts\featurestests\tests\engagement\quickstart\featurestests.quickstart.fsm.ts" adapterTypeName="Microsoft.VisualStudio.TestTools.TestTypes.Unit.UnitTestAdapter" className="d:\v2.0\a1\_work\dbded102\vso\vssf\webplatform\features\scripts\featurestests\tests\engagement\quickstart\featurestests.quickstart.fsm.ts::featurestests.engagement.quickstart.fsm" name="FeaturesTests.Engagement.QuickStart.FSM.StateMachineTests start enters the current state" />
    </UnitTest>
    <UnitTest name="FeaturesTests.Engagement.QuickStart.FSM.StateMachineTests start does nothing when no state is added" storage="d:\v2.0\a1\_work\dbded102\vso\vssf\webplatform\features\scripts\featurestests\tests\engagement\quickstart\featurestests.quickstart.fsm.ts" id="51520e10-f485-4253-a145-e68d3bfad48b">
      <Execution id="f2f0a8da-b1ca-4701-9be5-fd2e19b434ae" />
      <TestMethod codeBase="d:\v2.0\a1\_work\dbded102\vso\vssf\webplatform\features\scripts\featurestests\tests\engagement\quickstart\featurestests.quickstart.fsm.ts" adapterTypeName="Microsoft.VisualStudio.TestTools.TestTypes.Unit.UnitTestAdapter" className="d:\v2.0\a1\_work\dbded102\vso\vssf\webplatform\features\scripts\featurestests\tests\engagement\quickstart\featurestests.quickstart.fsm.ts::featurestests.engagement.quickstart.fsm" name="FeaturesTests.Engagement.QuickStart.FSM.StateMachineTests start does nothing when no state is added" />
    </UnitTest>
    <UnitTest name="FeaturesTests.Engagement.QuickStart.FSM.StateMachineTests start twice does nothing" storage="d:\v2.0\a1\_work\dbded102\vso\vssf\webplatform\features\scripts\featurestests\tests\engagement\quickstart\featurestests.quickstart.fsm.ts" id="16a86ab9-e62d-4a0e-b884-3d1e6b6775dd">
      <Execution id="67873267-d8f2-4252-a8c5-9fecf897799b" />
      <TestMethod codeBase="d:\v2.0\a1\_work\dbded102\vso\vssf\webplatform\features\scripts\featurestests\tests\engagement\quickstart\featurestests.quickstart.fsm.ts" adapterTypeName="Microsoft.VisualStudio.TestTools.TestTypes.Unit.UnitTestAdapter" className="d:\v2.0\a1\_work\dbded102\vso\vssf\webplatform\features\scripts\featurestests\tests\engagement\quickstart\featurestests.quickstart.fsm.ts::featurestests.engagement.quickstart.fsm" name="FeaturesTests.Engagement.QuickStart.FSM.StateMachineTests start twice does nothing" />
    </UnitTest>
    <UnitTest name="FeaturesTests.Engagement.QuickStart.FSM.StateMachineTests stop fails silently when not started" storage="d:\v2.0\a1\_work\dbded102\vso\vssf\webplatform\features\scripts\featurestests\tests\engagement\quickstart\featurestests.quickstart.fsm.ts" id="ed634e34-51ca-4986-825f-9c233c166ec6">
      <Execution id="a5f3aa0c-9969-4029-8fd7-83f337e81785" />
      <TestMethod codeBase="d:\v2.0\a1\_work\dbded102\vso\vssf\webplatform\features\scripts\featurestests\tests\engagement\quickstart\featurestests.quickstart.fsm.ts" adapterTypeName="Microsoft.VisualStudio.TestTools.TestTypes.Unit.UnitTestAdapter" className="d:\v2.0\a1\_work\dbded102\vso\vssf\webplatform\features\scripts\featurestests\tests\engagement\quickstart\featurestests.quickstart.fsm.ts::featurestests.engagement.quickstart.fsm" name="FeaturesTests.Engagement.QuickStart.FSM.StateMachineTests stop fails silently when not started" />
    </UnitTest>
    <UnitTest name="FeaturesTests.Engagement.QuickStart.FSM.StateMachineTests stop sets inactive status" storage="d:\v2.0\a1\_work\dbded102\vso\vssf\webplatform\features\scripts\featurestests\tests\engagement\quickstart\featurestests.quickstart.fsm.ts" id="227157c8-b003-4a08-9bc5-aa96d68119a6">
      <Execution id="7cb89304-f4f8-49a0-a645-02f8bac82b60" />
      <TestMethod codeBase="d:\v2.0\a1\_work\dbded102\vso\vssf\webplatform\features\scripts\featurestests\tests\engagement\quickstart\featurestests.quickstart.fsm.ts" adapterTypeName="Microsoft.VisualStudio.TestTools.TestTypes.Unit.UnitTestAdapter" className="d:\v2.0\a1\_work\dbded102\vso\vssf\webplatform\features\scripts\featurestests\tests\engagement\quickstart\featurestests.quickstart.fsm.ts::featurestests.engagement.quickstart.fsm" name="FeaturesTests.Engagement.QuickStart.FSM.StateMachineTests stop sets inactive status" />
    </UnitTest>
    <UnitTest name="FeaturesTests.Engagement.QuickStart.FSM.StateMachineTests stop exits the current state" storage="d:\v2.0\a1\_work\dbded102\vso\vssf\webplatform\features\scripts\featurestests\tests\engagement\quickstart\featurestests.quickstart.fsm.ts" id="ac7068ef-51a0-4f08-aa4c-8ec1aa5b1c7d">
      <Execution id="892c43d1-f559-4536-af84-b33104416cef" />
      <TestMethod codeBase="d:\v2.0\a1\_work\dbded102\vso\vssf\webplatform\features\scripts\featurestests\tests\engagement\quickstart\featurestests.quickstart.fsm.ts" adapterTypeName="Microsoft.VisualStudio.TestTools.TestTypes.Unit.UnitTestAdapter" className="d:\v2.0\a1\_work\dbded102\vso\vssf\webplatform\features\scripts\featurestests\tests\engagement\quickstart\featurestests.quickstart.fsm.ts::featurestests.engagement.quickstart.fsm" name="FeaturesTests.Engagement.QuickStart.FSM.StateMachineTests stop exits the current state" />
    </UnitTest>
    <UnitTest name="FeaturesTests.Engagement.QuickStart.FSM.StateMachineTests stop twice does nothing" storage="d:\v2.0\a1\_work\dbded102\vso\vssf\webplatform\features\scripts\featurestests\tests\engagement\quickstart\featurestests.quickstart.fsm.ts" id="420b19d2-6abf-4b87-a225-5f2b867aca06">
      <Execution id="581930fd-73ac-416f-9b11-2197f31686ed" />
      <TestMethod codeBase="d:\v2.0\a1\_work\dbded102\vso\vssf\webplatform\features\scripts\featurestests\tests\engagement\quickstart\featurestests.quickstart.fsm.ts" adapterTypeName="Microsoft.VisualStudio.TestTools.TestTypes.Unit.UnitTestAdapter" className="d:\v2.0\a1\_work\dbded102\vso\vssf\webplatform\features\scripts\featurestests\tests\engagement\quickstart\featurestests.quickstart.fsm.ts::featurestests.engagement.quickstart.fsm" name="FeaturesTests.Engagement.QuickStart.FSM.StateMachineTests stop twice does nothing" />
    </UnitTest>
    <UnitTest name="FeaturesTests.Engagement.QuickStart.FSM.StateTests getId" storage="d:\v2.0\a1\_work\dbded102\vso\vssf\webplatform\features\scripts\featurestests\tests\engagement\quickstart\featurestests.quickstart.fsm.ts" id="1a7fee8a-0236-47f2-a8c7-c13b8e3a91ef">
      <Execution id="4ef802ee-7c51-459b-8afd-250523aea104" />
      <TestMethod codeBase="d:\v2.0\a1\_work\dbded102\vso\vssf\webplatform\features\scripts\featurestests\tests\engagement\quickstart\featurestests.quickstart.fsm.ts" adapterTypeName="Microsoft.VisualStudio.TestTools.TestTypes.Unit.UnitTestAdapter" className="d:\v2.0\a1\_work\dbded102\vso\vssf\webplatform\features\scripts\featurestests\tests\engagement\quickstart\featurestests.quickstart.fsm.ts::featurestests.engagement.quickstart.fsm" name="FeaturesTests.Engagement.QuickStart.FSM.StateTests getId" />
    </UnitTest>
    <UnitTest name="FeaturesTests.Engagement.QuickStart.FSM.StateTests enter" storage="d:\v2.0\a1\_work\dbded102\vso\vssf\webplatform\features\scripts\featurestests\tests\engagement\quickstart\featurestests.quickstart.fsm.ts" id="46c48497-7262-4bc6-9862-ead8ec8c0df4">
      <Execution id="26e43b50-a6ce-435b-9acc-87d3cc4dde30" />
      <TestMethod codeBase="d:\v2.0\a1\_work\dbded102\vso\vssf\webplatform\features\scripts\featurestests\tests\engagement\quickstart\featurestests.quickstart.fsm.ts" adapterTypeName="Microsoft.VisualStudio.TestTools.TestTypes.Unit.UnitTestAdapter" className="d:\v2.0\a1\_work\dbded102\vso\vssf\webplatform\features\scripts\featurestests\tests\engagement\quickstart\featurestests.quickstart.fsm.ts::featurestests.engagement.quickstart.fsm" name="FeaturesTests.Engagement.QuickStart.FSM.StateTests enter" />
    </UnitTest>
    <UnitTest name="FeaturesTests.Engagement.QuickStart.FSM.StateTests enter doesn't do anything if parent is not set" storage="d:\v2.0\a1\_work\dbded102\vso\vssf\webplatform\features\scripts\featurestests\tests\engagement\quickstart\featurestests.quickstart.fsm.ts" id="5ec7ea3b-a92f-4768-a800-8e17f8fed618">
      <Execution id="71b3528e-65a0-4a30-9a0f-7ec49ffebb6b" />
      <TestMethod codeBase="d:\v2.0\a1\_work\dbded102\vso\vssf\webplatform\features\scripts\featurestests\tests\engagement\quickstart\featurestests.quickstart.fsm.ts" adapterTypeName="Microsoft.VisualStudio.TestTools.TestTypes.Unit.UnitTestAdapter" className="d:\v2.0\a1\_work\dbded102\vso\vssf\webplatform\features\scripts\featurestests\tests\engagement\quickstart\featurestests.quickstart.fsm.ts::featurestests.engagement.quickstart.fsm" name="FeaturesTests.Engagement.QuickStart.FSM.StateTests enter doesn't do anything if parent is not set" />
    </UnitTest>
    <UnitTest name="FeaturesTests.Engagement.QuickStart.FSM.StateTests enter doesn't do anything if the state is already active" storage="d:\v2.0\a1\_work\dbded102\vso\vssf\webplatform\features\scripts\featurestests\tests\engagement\quickstart\featurestests.quickstart.fsm.ts" id="9dd499da-a636-4bf9-9702-154a05ccc255">
      <Execution id="1cf06b10-370c-4e3f-91ce-474a8d0f83ac" />
      <TestMethod codeBase="d:\v2.0\a1\_work\dbded102\vso\vssf\webplatform\features\scripts\featurestests\tests\engagement\quickstart\featurestests.quickstart.fsm.ts" adapterTypeName="Microsoft.VisualStudio.TestTools.TestTypes.Unit.UnitTestAdapter" className="d:\v2.0\a1\_work\dbded102\vso\vssf\webplatform\features\scripts\featurestests\tests\engagement\quickstart\featurestests.quickstart.fsm.ts::featurestests.engagement.quickstart.fsm" name="FeaturesTests.Engagement.QuickStart.FSM.StateTests enter doesn't do anything if the state is already active" />
    </UnitTest>
    <UnitTest name="FeaturesTests.Engagement.QuickStart.FSM.StateTests enter executes all actions" storage="d:\v2.0\a1\_work\dbded102\vso\vssf\webplatform\features\scripts\featurestests\tests\engagement\quickstart\featurestests.quickstart.fsm.ts" id="4f3aca2c-58b3-4846-abfe-5375bef4cb0c">
      <Execution id="d3bdb4aa-7ce1-4d7d-9d9d-2db46251ce37" />
      <TestMethod codeBase="d:\v2.0\a1\_work\dbded102\vso\vssf\webplatform\features\scripts\featurestests\tests\engagement\quickstart\featurestests.quickstart.fsm.ts" adapterTypeName="Microsoft.VisualStudio.TestTools.TestTypes.Unit.UnitTestAdapter" className="d:\v2.0\a1\_work\dbded102\vso\vssf\webplatform\features\scripts\featurestests\tests\engagement\quickstart\featurestests.quickstart.fsm.ts::featurestests.engagement.quickstart.fsm" name="FeaturesTests.Engagement.QuickStart.FSM.StateTests enter executes all actions" />
    </UnitTest>
    <UnitTest name="FeaturesTests.Engagement.QuickStart.FSM.StateTests entry actions are executed in the order of their priority" storage="d:\v2.0\a1\_work\dbded102\vso\vssf\webplatform\features\scripts\featurestests\tests\engagement\quickstart\featurestests.quickstart.fsm.ts" id="5b2fa7cd-be7a-4b01-97fc-899141a921ab">
      <Execution id="1544a345-30e2-42ec-a1b1-312c2a8904f3" />
      <TestMethod codeBase="d:\v2.0\a1\_work\dbded102\vso\vssf\webplatform\features\scripts\featurestests\tests\engagement\quickstart\featurestests.quickstart.fsm.ts" adapterTypeName="Microsoft.VisualStudio.TestTools.TestTypes.Unit.UnitTestAdapter" className="d:\v2.0\a1\_work\dbded102\vso\vssf\webplatform\features\scripts\featurestests\tests\engagement\quickstart\featurestests.quickstart.fsm.ts::featurestests.engagement.quickstart.fsm" name="FeaturesTests.Engagement.QuickStart.FSM.StateTests entry actions are executed in the order of their priority" />
    </UnitTest>
    <UnitTest name="FeaturesTests.Engagement.QuickStart.FSM.StateTests entry actions of the same priority are executed in order of added" storage="d:\v2.0\a1\_work\dbded102\vso\vssf\webplatform\features\scripts\featurestests\tests\engagement\quickstart\featurestests.quickstart.fsm.ts" id="e5e82ead-9799-4691-96e9-f93e1bba7e95">
      <Execution id="be3e4f64-0e9a-47e8-bf7c-dbcc3f2984a5" />
      <TestMethod codeBase="d:\v2.0\a1\_work\dbded102\vso\vssf\webplatform\features\scripts\featurestests\tests\engagement\quickstart\featurestests.quickstart.fsm.ts" adapterTypeName="Microsoft.VisualStudio.TestTools.TestTypes.Unit.UnitTestAdapter" className="d:\v2.0\a1\_work\dbded102\vso\vssf\webplatform\features\scripts\featurestests\tests\engagement\quickstart\featurestests.quickstart.fsm.ts::featurestests.engagement.quickstart.fsm" name="FeaturesTests.Engagement.QuickStart.FSM.StateTests entry actions of the same priority are executed in order of added" />
    </UnitTest>
    <UnitTest name="FeaturesTests.Engagement.QuickStart.FSM.StateTests entry actions default priority is 100" storage="d:\v2.0\a1\_work\dbded102\vso\vssf\webplatform\features\scripts\featurestests\tests\engagement\quickstart\featurestests.quickstart.fsm.ts" id="54494514-d6d3-4f5c-8358-b47345ebad01">
      <Execution id="d5a02ecf-cf49-4b89-8444-93349f3ee9f6" />
      <TestMethod codeBase="d:\v2.0\a1\_work\dbded102\vso\vssf\webplatform\features\scripts\featurestests\tests\engagement\quickstart\featurestests.quickstart.fsm.ts" adapterTypeName="Microsoft.VisualStudio.TestTools.TestTypes.Unit.UnitTestAdapter" className="d:\v2.0\a1\_work\dbded102\vso\vssf\webplatform\features\scripts\featurestests\tests\engagement\quickstart\featurestests.quickstart.fsm.ts::featurestests.engagement.quickstart.fsm" name="FeaturesTests.Engagement.QuickStart.FSM.StateTests entry actions default priority is 100" />
    </UnitTest>
    <UnitTest name="FeaturesTests.Engagement.QuickStart.FSM.StateTests enter executes SynchronousAction actions" storage="d:\v2.0\a1\_work\dbded102\vso\vssf\webplatform\features\scripts\featurestests\tests\engagement\quickstart\featurestests.quickstart.fsm.ts" id="f7883fa3-28c4-4535-a6b3-42f26b7d8bbb">
      <Execution id="ce1d0051-bbf8-45e6-81c6-24abc9638302" />
      <TestMethod codeBase="d:\v2.0\a1\_work\dbded102\vso\vssf\webplatform\features\scripts\featurestests\tests\engagement\quickstart\featurestests.quickstart.fsm.ts" adapterTypeName="Microsoft.VisualStudio.TestTools.TestTypes.Unit.UnitTestAdapter" className="d:\v2.0\a1\_work\dbded102\vso\vssf\webplatform\features\scripts\featurestests\tests\engagement\quickstart\featurestests.quickstart.fsm.ts::featurestests.engagement.quickstart.fsm" name="FeaturesTests.Engagement.QuickStart.FSM.StateTests enter executes SynchronousAction actions" />
    </UnitTest>
    <UnitTest name="FeaturesTests.Engagement.QuickStart.FSM.StateTests enter executes AsynchronousAction actions" storage="d:\v2.0\a1\_work\dbded102\vso\vssf\webplatform\features\scripts\featurestests\tests\engagement\quickstart\featurestests.quickstart.fsm.ts" id="bd406db3-dc23-4419-b7c2-213622a619a1">
      <Execution id="9dc67336-5806-4ce1-a13c-66a18b416da9" />
      <TestMethod codeBase="d:\v2.0\a1\_work\dbded102\vso\vssf\webplatform\features\scripts\featurestests\tests\engagement\quickstart\featurestests.quickstart.fsm.ts" adapterTypeName="Microsoft.VisualStudio.TestTools.TestTypes.Unit.UnitTestAdapter" className="d:\v2.0\a1\_work\dbded102\vso\vssf\webplatform\features\scripts\featurestests\tests\engagement\quickstart\featurestests.quickstart.fsm.ts::featurestests.engagement.quickstart.fsm" name="FeaturesTests.Engagement.QuickStart.FSM.StateTests enter executes AsynchronousAction actions" />
    </UnitTest>
    <UnitTest name="FeaturesTests.Engagement.QuickStart.FSM.StateTests enter only sets state active when async function actions are completed." storage="d:\v2.0\a1\_work\dbded102\vso\vssf\webplatform\features\scripts\featurestests\tests\engagement\quickstart\featurestests.quickstart.fsm.ts" id="e69ea360-9dfe-4553-8b4b-6ba57afdac7d">
      <Execution id="366e5322-0fcf-4a6b-adc9-1c47e2fdcebd" />
      <TestMethod codeBase="d:\v2.0\a1\_work\dbded102\vso\vssf\webplatform\features\scripts\featurestests\tests\engagement\quickstart\featurestests.quickstart.fsm.ts" adapterTypeName="Microsoft.VisualStudio.TestTools.TestTypes.Unit.UnitTestAdapter" className="d:\v2.0\a1\_work\dbded102\vso\vssf\webplatform\features\scripts\featurestests\tests\engagement\quickstart\featurestests.quickstart.fsm.ts::featurestests.engagement.quickstart.fsm.statetests::enter only sets state active when async function actions are completed" name="FeaturesTests.Engagement.QuickStart.FSM.StateTests enter only sets state active when async function actions are completed." />
    </UnitTest>
    <UnitTest name="FeaturesTests.Engagement.QuickStart.FSM.StateTests enter only sets state active when async actions are completed." storage="d:\v2.0\a1\_work\dbded102\vso\vssf\webplatform\features\scripts\featurestests\tests\engagement\quickstart\featurestests.quickstart.fsm.ts" id="0f0c212d-b109-421d-99bd-fc138a1f56b2">
      <Execution id="5c002663-27d8-45ad-b48e-d5907210d579" />
      <TestMethod codeBase="d:\v2.0\a1\_work\dbded102\vso\vssf\webplatform\features\scripts\featurestests\tests\engagement\quickstart\featurestests.quickstart.fsm.ts" adapterTypeName="Microsoft.VisualStudio.TestTools.TestTypes.Unit.UnitTestAdapter" className="d:\v2.0\a1\_work\dbded102\vso\vssf\webplatform\features\scripts\featurestests\tests\engagement\quickstart\featurestests.quickstart.fsm.ts::featurestests.engagement.quickstart.fsm.statetests::enter only sets state active when async actions are completed" name="FeaturesTests.Engagement.QuickStart.FSM.StateTests enter only sets state active when async actions are completed." />
    </UnitTest>
    <UnitTest name="FeaturesTests.Engagement.QuickStart.FSM.StateTests enter only sets state active when all async actions are completed." storage="d:\v2.0\a1\_work\dbded102\vso\vssf\webplatform\features\scripts\featurestests\tests\engagement\quickstart\featurestests.quickstart.fsm.ts" id="cf7a95e9-0316-43de-9d91-324d69eee098">
      <Execution id="7a78b500-1ef2-4220-83f9-95db2d986dae" />
      <TestMethod codeBase="d:\v2.0\a1\_work\dbded102\vso\vssf\webplatform\features\scripts\featurestests\tests\engagement\quickstart\featurestests.quickstart.fsm.ts" adapterTypeName="Microsoft.VisualStudio.TestTools.TestTypes.Unit.UnitTestAdapter" className="d:\v2.0\a1\_work\dbded102\vso\vssf\webplatform\features\scripts\featurestests\tests\engagement\quickstart\featurestests.quickstart.fsm.ts::featurestests.engagement.quickstart.fsm.statetests::enter only sets state active when all async actions are completed" name="FeaturesTests.Engagement.QuickStart.FSM.StateTests enter only sets state active when all async actions are completed." />
    </UnitTest>
    <UnitTest name="FeaturesTests.Engagement.QuickStart.FSM.StateTests exit" storage="d:\v2.0\a1\_work\dbded102\vso\vssf\webplatform\features\scripts\featurestests\tests\engagement\quickstart\featurestests.quickstart.fsm.ts" id="54063827-aed4-4bc8-8b22-7a3e431ff3cf">
      <Execution id="18ef0637-2c8a-4fb6-8dcf-bb58b06e8252" />
      <TestMethod codeBase="d:\v2.0\a1\_work\dbded102\vso\vssf\webplatform\features\scripts\featurestests\tests\engagement\quickstart\featurestests.quickstart.fsm.ts" adapterTypeName="Microsoft.VisualStudio.TestTools.TestTypes.Unit.UnitTestAdapter" className="d:\v2.0\a1\_work\dbded102\vso\vssf\webplatform\features\scripts\featurestests\tests\engagement\quickstart\featurestests.quickstart.fsm.ts::featurestests.engagement.quickstart.fsm" name="FeaturesTests.Engagement.QuickStart.FSM.StateTests exit" />
    </UnitTest>
    <UnitTest name="FeaturesTests.Engagement.QuickStart.FSM.StateTests exit doesn't do anything if parent is not set" storage="d:\v2.0\a1\_work\dbded102\vso\vssf\webplatform\features\scripts\featurestests\tests\engagement\quickstart\featurestests.quickstart.fsm.ts" id="cb8d668b-5e03-43a0-9575-1f048b8f0750">
      <Execution id="a23f213a-59bd-41a8-884b-c550c0f23ec0" />
      <TestMethod codeBase="d:\v2.0\a1\_work\dbded102\vso\vssf\webplatform\features\scripts\featurestests\tests\engagement\quickstart\featurestests.quickstart.fsm.ts" adapterTypeName="Microsoft.VisualStudio.TestTools.TestTypes.Unit.UnitTestAdapter" className="d:\v2.0\a1\_work\dbded102\vso\vssf\webplatform\features\scripts\featurestests\tests\engagement\quickstart\featurestests.quickstart.fsm.ts::featurestests.engagement.quickstart.fsm" name="FeaturesTests.Engagement.QuickStart.FSM.StateTests exit doesn't do anything if parent is not set" />
    </UnitTest>
    <UnitTest name="FeaturesTests.Engagement.QuickStart.FSM.StateTests exit doesn't do anything of the state is not active" storage="d:\v2.0\a1\_work\dbded102\vso\vssf\webplatform\features\scripts\featurestests\tests\engagement\quickstart\featurestests.quickstart.fsm.ts" id="234e369e-3c1e-4e1d-a6ee-fbee2cca0070">
      <Execution id="fb521d47-26b3-491b-a1c0-bddadae84fcd" />
      <TestMethod codeBase="d:\v2.0\a1\_work\dbded102\vso\vssf\webplatform\features\scripts\featurestests\tests\engagement\quickstart\featurestests.quickstart.fsm.ts" adapterTypeName="Microsoft.VisualStudio.TestTools.TestTypes.Unit.UnitTestAdapter" className="d:\v2.0\a1\_work\dbded102\vso\vssf\webplatform\features\scripts\featurestests\tests\engagement\quickstart\featurestests.quickstart.fsm.ts::featurestests.engagement.quickstart.fsm" name="FeaturesTests.Engagement.QuickStart.FSM.StateTests exit doesn't do anything of the state is not active" />
    </UnitTest>
    <UnitTest name="FeaturesTests.Engagement.QuickStart.FSM.StateTests exit executes all actions" storage="d:\v2.0\a1\_work\dbded102\vso\vssf\webplatform\features\scripts\featurestests\tests\engagement\quickstart\featurestests.quickstart.fsm.ts" id="fe0ace90-08b5-4eb8-b2be-c51d3a0723d7">
      <Execution id="1fb64c39-9e66-4908-9cb2-0f6baf661cb0" />
      <TestMethod codeBase="d:\v2.0\a1\_work\dbded102\vso\vssf\webplatform\features\scripts\featurestests\tests\engagement\quickstart\featurestests.quickstart.fsm.ts" adapterTypeName="Microsoft.VisualStudio.TestTools.TestTypes.Unit.UnitTestAdapter" className="d:\v2.0\a1\_work\dbded102\vso\vssf\webplatform\features\scripts\featurestests\tests\engagement\quickstart\featurestests.quickstart.fsm.ts::featurestests.engagement.quickstart.fsm" name="FeaturesTests.Engagement.QuickStart.FSM.StateTests exit executes all actions" />
    </UnitTest>
    <UnitTest name="FeaturesTests.Engagement.QuickStart.FSM.StateTests exit actions are executed in the order of their priority" storage="d:\v2.0\a1\_work\dbded102\vso\vssf\webplatform\features\scripts\featurestests\tests\engagement\quickstart\featurestests.quickstart.fsm.ts" id="d78607d2-5774-466e-805e-43c7d215b137">
      <Execution id="c4e551ea-b6ce-46df-af55-d2163ad5add1" />
      <TestMethod codeBase="d:\v2.0\a1\_work\dbded102\vso\vssf\webplatform\features\scripts\featurestests\tests\engagement\quickstart\featurestests.quickstart.fsm.ts" adapterTypeName="Microsoft.VisualStudio.TestTools.TestTypes.Unit.UnitTestAdapter" className="d:\v2.0\a1\_work\dbded102\vso\vssf\webplatform\features\scripts\featurestests\tests\engagement\quickstart\featurestests.quickstart.fsm.ts::featurestests.engagement.quickstart.fsm" name="FeaturesTests.Engagement.QuickStart.FSM.StateTests exit actions are executed in the order of their priority" />
    </UnitTest>
    <UnitTest name="FeaturesTests.Engagement.QuickStart.FSM.StateTests exit actions of the same priority are executed in order of added" storage="d:\v2.0\a1\_work\dbded102\vso\vssf\webplatform\features\scripts\featurestests\tests\engagement\quickstart\featurestests.quickstart.fsm.ts" id="f919c071-5ef4-445a-8c0a-48542c8c67c9">
      <Execution id="6424f373-7474-4ab3-8ca1-26301c568977" />
      <TestMethod codeBase="d:\v2.0\a1\_work\dbded102\vso\vssf\webplatform\features\scripts\featurestests\tests\engagement\quickstart\featurestests.quickstart.fsm.ts" adapterTypeName="Microsoft.VisualStudio.TestTools.TestTypes.Unit.UnitTestAdapter" className="d:\v2.0\a1\_work\dbded102\vso\vssf\webplatform\features\scripts\featurestests\tests\engagement\quickstart\featurestests.quickstart.fsm.ts::featurestests.engagement.quickstart.fsm" name="FeaturesTests.Engagement.QuickStart.FSM.StateTests exit actions of the same priority are executed in order of added" />
    </UnitTest>
    <UnitTest name="FeaturesTests.Engagement.QuickStart.FSM.StateTests exit actions default priority is 100" storage="d:\v2.0\a1\_work\dbded102\vso\vssf\webplatform\features\scripts\featurestests\tests\engagement\quickstart\featurestests.quickstart.fsm.ts" id="eea180d2-dfc0-44c2-bb2b-0454fd7f03bb">
      <Execution id="0a84354c-ae24-429b-8b54-de3290847fdf" />
      <TestMethod codeBase="d:\v2.0\a1\_work\dbded102\vso\vssf\webplatform\features\scripts\featurestests\tests\engagement\quickstart\featurestests.quickstart.fsm.ts" adapterTypeName="Microsoft.VisualStudio.TestTools.TestTypes.Unit.UnitTestAdapter" className="d:\v2.0\a1\_work\dbded102\vso\vssf\webplatform\features\scripts\featurestests\tests\engagement\quickstart\featurestests.quickstart.fsm.ts::featurestests.engagement.quickstart.fsm" name="FeaturesTests.Engagement.QuickStart.FSM.StateTests exit actions default priority is 100" />
    </UnitTest>
    <UnitTest name="FeaturesTests.Engagement.QuickStart.FSM.StateTests exit executes SynchronousAction actions" storage="d:\v2.0\a1\_work\dbded102\vso\vssf\webplatform\features\scripts\featurestests\tests\engagement\quickstart\featurestests.quickstart.fsm.ts" id="1a02cd34-822a-4167-bce0-c28b41966e9c">
      <Execution id="4aeea105-09c6-4632-b229-a5d098325675" />
      <TestMethod codeBase="d:\v2.0\a1\_work\dbded102\vso\vssf\webplatform\features\scripts\featurestests\tests\engagement\quickstart\featurestests.quickstart.fsm.ts" adapterTypeName="Microsoft.VisualStudio.TestTools.TestTypes.Unit.UnitTestAdapter" className="d:\v2.0\a1\_work\dbded102\vso\vssf\webplatform\features\scripts\featurestests\tests\engagement\quickstart\featurestests.quickstart.fsm.ts::featurestests.engagement.quickstart.fsm" name="FeaturesTests.Engagement.QuickStart.FSM.StateTests exit executes SynchronousAction actions" />
    </UnitTest>
    <UnitTest name="FeaturesTests.Engagement.QuickStart.FSM.StateTests exit executes AsynchronousAction actions" storage="d:\v2.0\a1\_work\dbded102\vso\vssf\webplatform\features\scripts\featurestests\tests\engagement\quickstart\featurestests.quickstart.fsm.ts" id="43576e93-ef10-4f3c-95b5-a1115f09352b">
      <Execution id="c6e076c3-107c-45e4-b6b8-9beadab9a7f5" />
      <TestMethod codeBase="d:\v2.0\a1\_work\dbded102\vso\vssf\webplatform\features\scripts\featurestests\tests\engagement\quickstart\featurestests.quickstart.fsm.ts" adapterTypeName="Microsoft.VisualStudio.TestTools.TestTypes.Unit.UnitTestAdapter" className="d:\v2.0\a1\_work\dbded102\vso\vssf\webplatform\features\scripts\featurestests\tests\engagement\quickstart\featurestests.quickstart.fsm.ts::featurestests.engagement.quickstart.fsm" name="FeaturesTests.Engagement.QuickStart.FSM.StateTests exit executes AsynchronousAction actions" />
    </UnitTest>
    <UnitTest name="FeaturesTests.Engagement.QuickStart.FSM.StateTests exit only sets state inactive when async function actions are completed" storage="d:\v2.0\a1\_work\dbded102\vso\vssf\webplatform\features\scripts\featurestests\tests\engagement\quickstart\featurestests.quickstart.fsm.ts" id="83766d70-6fc8-40aa-941d-cfc32d360154">
      <Execution id="f47197c7-e3ab-404a-9a5f-02c10e2fdf50" />
      <TestMethod codeBase="d:\v2.0\a1\_work\dbded102\vso\vssf\webplatform\features\scripts\featurestests\tests\engagement\quickstart\featurestests.quickstart.fsm.ts" adapterTypeName="Microsoft.VisualStudio.TestTools.TestTypes.Unit.UnitTestAdapter" className="d:\v2.0\a1\_work\dbded102\vso\vssf\webplatform\features\scripts\featurestests\tests\engagement\quickstart\featurestests.quickstart.fsm.ts::featurestests.engagement.quickstart.fsm" name="FeaturesTests.Engagement.QuickStart.FSM.StateTests exit only sets state inactive when async function actions are completed" />
    </UnitTest>
    <UnitTest name="FeaturesTests.Engagement.QuickStart.FSM.StateTests addEnterActions" storage="d:\v2.0\a1\_work\dbded102\vso\vssf\webplatform\features\scripts\featurestests\tests\engagement\quickstart\featurestests.quickstart.fsm.ts" id="ba27a3df-617c-4d3a-8a54-05fd5f9f83ab">
      <Execution id="0d574565-f091-4137-9915-dc2ebf10c380" />
      <TestMethod codeBase="d:\v2.0\a1\_work\dbded102\vso\vssf\webplatform\features\scripts\featurestests\tests\engagement\quickstart\featurestests.quickstart.fsm.ts" adapterTypeName="Microsoft.VisualStudio.TestTools.TestTypes.Unit.UnitTestAdapter" className="d:\v2.0\a1\_work\dbded102\vso\vssf\webplatform\features\scripts\featurestests\tests\engagement\quickstart\featurestests.quickstart.fsm.ts::featurestests.engagement.quickstart.fsm" name="FeaturesTests.Engagement.QuickStart.FSM.StateTests addEnterActions" />
    </UnitTest>
    <UnitTest name="FeaturesTests.Engagement.QuickStart.FSM.StateTests addExitActions" storage="d:\v2.0\a1\_work\dbded102\vso\vssf\webplatform\features\scripts\featurestests\tests\engagement\quickstart\featurestests.quickstart.fsm.ts" id="82f17b9e-02cf-4c76-88f0-5b4c329a3b9c">
      <Execution id="23d5f0fa-3923-42e3-904d-878f6f860ab5" />
      <TestMethod codeBase="d:\v2.0\a1\_work\dbded102\vso\vssf\webplatform\features\scripts\featurestests\tests\engagement\quickstart\featurestests.quickstart.fsm.ts" adapterTypeName="Microsoft.VisualStudio.TestTools.TestTypes.Unit.UnitTestAdapter" className="d:\v2.0\a1\_work\dbded102\vso\vssf\webplatform\features\scripts\featurestests\tests\engagement\quickstart\featurestests.quickstart.fsm.ts::featurestests.engagement.quickstart.fsm" name="FeaturesTests.Engagement.QuickStart.FSM.StateTests addExitActions" />
    </UnitTest>
    <UnitTest name="FeaturesTests.Engagement.QuickStart.FSM.StateTests setParent" storage="d:\v2.0\a1\_work\dbded102\vso\vssf\webplatform\features\scripts\featurestests\tests\engagement\quickstart\featurestests.quickstart.fsm.ts" id="6ece63e3-5342-4bdd-ab0f-c9565c732448">
      <Execution id="22e6d6b9-28db-4445-87d9-5cbeef4a1da6" />
      <TestMethod codeBase="d:\v2.0\a1\_work\dbded102\vso\vssf\webplatform\features\scripts\featurestests\tests\engagement\quickstart\featurestests.quickstart.fsm.ts" adapterTypeName="Microsoft.VisualStudio.TestTools.TestTypes.Unit.UnitTestAdapter" className="d:\v2.0\a1\_work\dbded102\vso\vssf\webplatform\features\scripts\featurestests\tests\engagement\quickstart\featurestests.quickstart.fsm.ts::featurestests.engagement.quickstart.fsm" name="FeaturesTests.Engagement.QuickStart.FSM.StateTests setParent" />
    </UnitTest>
    <UnitTest name="FeaturesTests.Engagement.QuickStart.States.ConditionStateUnitTests evaluate() evaluates all synchronous conditions" storage="d:\v2.0\a1\_work\dbded102\vso\vssf\webplatform\features\scripts\featurestests\tests\engagement\quickstart\featurestests.quickstart.conditions.ts" id="b83ab5da-0e59-4d02-9687-2808bcd4ee57">
      <Execution id="c67f2662-fb7e-4c54-b936-8a05826320c3" />
      <TestMethod codeBase="d:\v2.0\a1\_work\dbded102\vso\vssf\webplatform\features\scripts\featurestests\tests\engagement\quickstart\featurestests.quickstart.conditions.ts" adapterTypeName="Microsoft.VisualStudio.TestTools.TestTypes.Unit.UnitTestAdapter" className="d:\v2.0\a1\_work\dbded102\vso\vssf\webplatform\features\scripts\featurestests\tests\engagement\quickstart\featurestests.quickstart.conditions.ts::featurestests.engagement.quickstart.states" name="FeaturesTests.Engagement.QuickStart.States.ConditionStateUnitTests evaluate() evaluates all synchronous conditions" />
    </UnitTest>
    <UnitTest name="FeaturesTests.Engagement.QuickStart.States.ConditionStateUnitTests evaluate() evaluates all asynchronous conditions" storage="d:\v2.0\a1\_work\dbded102\vso\vssf\webplatform\features\scripts\featurestests\tests\engagement\quickstart\featurestests.quickstart.conditions.ts" id="7ce7b256-8597-4fa7-8951-4a09107f549c">
      <Execution id="e9fc5115-eb3d-4346-8a5f-dba3403c4643" />
      <TestMethod codeBase="d:\v2.0\a1\_work\dbded102\vso\vssf\webplatform\features\scripts\featurestests\tests\engagement\quickstart\featurestests.quickstart.conditions.ts" adapterTypeName="Microsoft.VisualStudio.TestTools.TestTypes.Unit.UnitTestAdapter" className="d:\v2.0\a1\_work\dbded102\vso\vssf\webplatform\features\scripts\featurestests\tests\engagement\quickstart\featurestests.quickstart.conditions.ts::featurestests.engagement.quickstart.states" name="FeaturesTests.Engagement.QuickStart.States.ConditionStateUnitTests evaluate() evaluates all asynchronous conditions" />
    </UnitTest>
    <UnitTest name="FeaturesTests.Engagement.QuickStart.States.ConditionStateUnitTests evaluate() passes condition arguments to the condition evaluation" storage="d:\v2.0\a1\_work\dbded102\vso\vssf\webplatform\features\scripts\featurestests\tests\engagement\quickstart\featurestests.quickstart.conditions.ts" id="b1552bb2-85c5-4ea1-9c44-fdf641e63581">
      <Execution id="2c8371e5-7e94-4f05-97d8-129f1e8dfb00" />
      <TestMethod codeBase="d:\v2.0\a1\_work\dbded102\vso\vssf\webplatform\features\scripts\featurestests\tests\engagement\quickstart\featurestests.quickstart.conditions.ts" adapterTypeName="Microsoft.VisualStudio.TestTools.TestTypes.Unit.UnitTestAdapter" className="d:\v2.0\a1\_work\dbded102\vso\vssf\webplatform\features\scripts\featurestests\tests\engagement\quickstart\featurestests.quickstart.conditions.ts::featurestests.engagement.quickstart.states" name="FeaturesTests.Engagement.QuickStart.States.ConditionStateUnitTests evaluate() passes condition arguments to the condition evaluation" />
    </UnitTest>
    <UnitTest name="FeaturesTests.Engagement.QuickStart.States.ConditionStateUnitTests evaluate() fails early on the synchronous conditions" storage="d:\v2.0\a1\_work\dbded102\vso\vssf\webplatform\features\scripts\featurestests\tests\engagement\quickstart\featurestests.quickstart.conditions.ts" id="296694c1-edb4-4528-b695-c50c2ab83369">
      <Execution id="4398ebbc-869a-4ee6-8f24-7ae8684f06f5" />
      <TestMethod codeBase="d:\v2.0\a1\_work\dbded102\vso\vssf\webplatform\features\scripts\featurestests\tests\engagement\quickstart\featurestests.quickstart.conditions.ts" adapterTypeName="Microsoft.VisualStudio.TestTools.TestTypes.Unit.UnitTestAdapter" className="d:\v2.0\a1\_work\dbded102\vso\vssf\webplatform\features\scripts\featurestests\tests\engagement\quickstart\featurestests.quickstart.conditions.ts::featurestests.engagement.quickstart.states" name="FeaturesTests.Engagement.QuickStart.States.ConditionStateUnitTests evaluate() fails early on the synchronous conditions" />
    </UnitTest>
    <UnitTest name="FeaturesTests.Engagement.QuickStart.States.ConditionStateUnitTests evaluate() resolves to true if all conditions are true" storage="d:\v2.0\a1\_work\dbded102\vso\vssf\webplatform\features\scripts\featurestests\tests\engagement\quickstart\featurestests.quickstart.conditions.ts" id="db357284-0776-41f3-a316-6913d99aa44c">
      <Execution id="5a1092bc-a754-47da-a328-a183a95d6a44" />
      <TestMethod codeBase="d:\v2.0\a1\_work\dbded102\vso\vssf\webplatform\features\scripts\featurestests\tests\engagement\quickstart\featurestests.quickstart.conditions.ts" adapterTypeName="Microsoft.VisualStudio.TestTools.TestTypes.Unit.UnitTestAdapter" className="d:\v2.0\a1\_work\dbded102\vso\vssf\webplatform\features\scripts\featurestests\tests\engagement\quickstart\featurestests.quickstart.conditions.ts::featurestests.engagement.quickstart.states" name="FeaturesTests.Engagement.QuickStart.States.ConditionStateUnitTests evaluate() resolves to true if all conditions are true" />
    </UnitTest>
    <UnitTest name="FeaturesTests.Engagement.QuickStart.States.ConditionStateUnitTests evaluate() resolves to true if asynchronous conditions are true" storage="d:\v2.0\a1\_work\dbded102\vso\vssf\webplatform\features\scripts\featurestests\tests\engagement\quickstart\featurestests.quickstart.conditions.ts" id="2fe1fee6-89eb-44ee-a8e6-ae09837c1291">
      <Execution id="f005db78-518c-4ef8-a20e-8ed94f88c410" />
      <TestMethod codeBase="d:\v2.0\a1\_work\dbded102\vso\vssf\webplatform\features\scripts\featurestests\tests\engagement\quickstart\featurestests.quickstart.conditions.ts" adapterTypeName="Microsoft.VisualStudio.TestTools.TestTypes.Unit.UnitTestAdapter" className="d:\v2.0\a1\_work\dbded102\vso\vssf\webplatform\features\scripts\featurestests\tests\engagement\quickstart\featurestests.quickstart.conditions.ts::featurestests.engagement.quickstart.states" name="FeaturesTests.Engagement.QuickStart.States.ConditionStateUnitTests evaluate() resolves to true if asynchronous conditions are true" />
    </UnitTest>
    <UnitTest name="FeaturesTests.Engagement.QuickStart.States.ConditionStateUnitTests evaluate() only resolves when all asynchronous conditions declared as AsyncConditions are evaluated" storage="d:\v2.0\a1\_work\dbded102\vso\vssf\webplatform\features\scripts\featurestests\tests\engagement\quickstart\featurestests.quickstart.conditions.ts" id="d1cb97ea-5471-443c-bbe2-4a7e9e051f6a">
      <Execution id="41f45e21-7258-445c-a56d-b05190a10c7c" />
      <TestMethod codeBase="d:\v2.0\a1\_work\dbded102\vso\vssf\webplatform\features\scripts\featurestests\tests\engagement\quickstart\featurestests.quickstart.conditions.ts" adapterTypeName="Microsoft.VisualStudio.TestTools.TestTypes.Unit.UnitTestAdapter" className="d:\v2.0\a1\_work\dbded102\vso\vssf\webplatform\features\scripts\featurestests\tests\engagement\quickstart\featurestests.quickstart.conditions.ts::featurestests.engagement.quickstart.states" name="FeaturesTests.Engagement.QuickStart.States.ConditionStateUnitTests evaluate() only resolves when all asynchronous conditions declared as AsyncConditions are evaluated" />
    </UnitTest>
    <UnitTest name="FeaturesTests.Engagement.QuickStart.States.ConditionStateUnitTests evaluate() only resolves when all asynchronous conditions declared as ConditionDescriptor are evaluated" storage="d:\v2.0\a1\_work\dbded102\vso\vssf\webplatform\features\scripts\featurestests\tests\engagement\quickstart\featurestests.quickstart.conditions.ts" id="59e75969-2f1f-4386-93ea-f8b8ec346489">
      <Execution id="9407831e-4ab1-4a8d-ab7e-3173fc45f06b" />
      <TestMethod codeBase="d:\v2.0\a1\_work\dbded102\vso\vssf\webplatform\features\scripts\featurestests\tests\engagement\quickstart\featurestests.quickstart.conditions.ts" adapterTypeName="Microsoft.VisualStudio.TestTools.TestTypes.Unit.UnitTestAdapter" className="d:\v2.0\a1\_work\dbded102\vso\vssf\webplatform\features\scripts\featurestests\tests\engagement\quickstart\featurestests.quickstart.conditions.ts::featurestests.engagement.quickstart.states" name="FeaturesTests.Engagement.QuickStart.States.ConditionStateUnitTests evaluate() only resolves when all asynchronous conditions declared as ConditionDescriptor are evaluated" />
    </UnitTest>
    <UnitTest name="FeaturesTests.Engagement.QuickStart.States.ConditionStateUnitTests evaluate() resolves to false if conditions are false" storage="d:\v2.0\a1\_work\dbded102\vso\vssf\webplatform\features\scripts\featurestests\tests\engagement\quickstart\featurestests.quickstart.conditions.ts" id="fd490033-f0d2-4079-bd81-26832318e8cf">
      <Execution id="eb2c77ea-6253-4a93-838f-133d323968df" />
      <TestMethod codeBase="d:\v2.0\a1\_work\dbded102\vso\vssf\webplatform\features\scripts\featurestests\tests\engagement\quickstart\featurestests.quickstart.conditions.ts" adapterTypeName="Microsoft.VisualStudio.TestTools.TestTypes.Unit.UnitTestAdapter" className="d:\v2.0\a1\_work\dbded102\vso\vssf\webplatform\features\scripts\featurestests\tests\engagement\quickstart\featurestests.quickstart.conditions.ts::featurestests.engagement.quickstart.states" name="FeaturesTests.Engagement.QuickStart.States.ConditionStateUnitTests evaluate() resolves to false if conditions are false" />
    </UnitTest>
    <UnitTest name="FeaturesTests.Engagement.QuickStart.States.ConditionStateUnitTests evaluate() resolves to false if asynchronous conditions are false" storage="d:\v2.0\a1\_work\dbded102\vso\vssf\webplatform\features\scripts\featurestests\tests\engagement\quickstart\featurestests.quickstart.conditions.ts" id="016714ce-6e6e-4de9-a724-8bc25b7eee5f">
      <Execution id="0b49c2cd-830d-4f72-aa1c-fa614fe4896e" />
      <TestMethod codeBase="d:\v2.0\a1\_work\dbded102\vso\vssf\webplatform\features\scripts\featurestests\tests\engagement\quickstart\featurestests.quickstart.conditions.ts" adapterTypeName="Microsoft.VisualStudio.TestTools.TestTypes.Unit.UnitTestAdapter" className="d:\v2.0\a1\_work\dbded102\vso\vssf\webplatform\features\scripts\featurestests\tests\engagement\quickstart\featurestests.quickstart.conditions.ts::featurestests.engagement.quickstart.states" name="FeaturesTests.Engagement.QuickStart.States.ConditionStateUnitTests evaluate() resolves to false if asynchronous conditions are false" />
    </UnitTest>
    <UnitTest name="FeaturesTests.Engagement.QuickStart.States.ConditionStateUnitTests evaluate() rejected if asynchronous conditions have error" storage="d:\v2.0\a1\_work\dbded102\vso\vssf\webplatform\features\scripts\featurestests\tests\engagement\quickstart\featurestests.quickstart.conditions.ts" id="920e07c5-54fd-4a51-8325-1fd64d383351">
      <Execution id="49b67cc1-61ee-4ebe-9c91-98c22fad0d7c" />
      <TestMethod codeBase="d:\v2.0\a1\_work\dbded102\vso\vssf\webplatform\features\scripts\featurestests\tests\engagement\quickstart\featurestests.quickstart.conditions.ts" adapterTypeName="Microsoft.VisualStudio.TestTools.TestTypes.Unit.UnitTestAdapter" className="d:\v2.0\a1\_work\dbded102\vso\vssf\webplatform\features\scripts\featurestests\tests\engagement\quickstart\featurestests.quickstart.conditions.ts::featurestests.engagement.quickstart.states" name="FeaturesTests.Engagement.QuickStart.States.ConditionStateUnitTests evaluate() rejected if asynchronous conditions have error" />
    </UnitTest>
    <UnitTest name="FeaturesTests.Engagement.QuickStart.States.ConditionStateUnitTests evaluate() returns true if no condition is given" storage="d:\v2.0\a1\_work\dbded102\vso\vssf\webplatform\features\scripts\featurestests\tests\engagement\quickstart\featurestests.quickstart.conditions.ts" id="5fc6348f-ff9e-4d9e-9daf-022ca076f89b">
      <Execution id="ec42f3ee-1931-4f2f-90c7-3af10c5b8cb2" />
      <TestMethod codeBase="d:\v2.0\a1\_work\dbded102\vso\vssf\webplatform\features\scripts\featurestests\tests\engagement\quickstart\featurestests.quickstart.conditions.ts" adapterTypeName="Microsoft.VisualStudio.TestTools.TestTypes.Unit.UnitTestAdapter" className="d:\v2.0\a1\_work\dbded102\vso\vssf\webplatform\features\scripts\featurestests\tests\engagement\quickstart\featurestests.quickstart.conditions.ts::featurestests.engagement.quickstart.states" name="FeaturesTests.Engagement.QuickStart.States.ConditionStateUnitTests evaluate() returns true if no condition is given" />
    </UnitTest>
    <UnitTest name="FeaturesTests.Engagement.QuickStart.Core.QuickStartUnitTests construct with ID" storage="d:\v2.0\a1\_work\dbded102\vso\vssf\webplatform\features\scripts\featurestests\tests\engagement\quickstart\featurestests.quickstart.core.ts" id="a4d777c2-6699-450f-ac24-cf9185396b90">
      <Execution id="05888624-0be1-4908-898e-282faa6bd06e" />
      <TestMethod codeBase="d:\v2.0\a1\_work\dbded102\vso\vssf\webplatform\features\scripts\featurestests\tests\engagement\quickstart\featurestests.quickstart.core.ts" adapterTypeName="Microsoft.VisualStudio.TestTools.TestTypes.Unit.UnitTestAdapter" className="d:\v2.0\a1\_work\dbded102\vso\vssf\webplatform\features\scripts\featurestests\tests\engagement\quickstart\featurestests.quickstart.core.ts::featurestests.engagement.quickstart.core" name="FeaturesTests.Engagement.QuickStart.Core.QuickStartUnitTests construct with ID" />
    </UnitTest>
    <UnitTest name="FeaturesTests.Engagement.QuickStart.Core.QuickStartUnitTests getId returns ID when enabled" storage="d:\v2.0\a1\_work\dbded102\vso\vssf\webplatform\features\scripts\featurestests\tests\engagement\quickstart\featurestests.quickstart.core.ts" id="5dd80b9a-3e96-453c-92fb-78139dbeb0e6">
      <Execution id="bdf0fc27-8c93-4d69-ab39-df321581cea1" />
      <TestMethod codeBase="d:\v2.0\a1\_work\dbded102\vso\vssf\webplatform\features\scripts\featurestests\tests\engagement\quickstart\featurestests.quickstart.core.ts" adapterTypeName="Microsoft.VisualStudio.TestTools.TestTypes.Unit.UnitTestAdapter" className="d:\v2.0\a1\_work\dbded102\vso\vssf\webplatform\features\scripts\featurestests\tests\engagement\quickstart\featurestests.quickstart.core.ts::featurestests.engagement.quickstart.core" name="FeaturesTests.Engagement.QuickStart.Core.QuickStartUnitTests getId returns ID when enabled" />
    </UnitTest>
    <UnitTest name="FeaturesTests.Engagement.QuickStart.Core.QuickStartUnitTests getId returns ID when disabled" storage="d:\v2.0\a1\_work\dbded102\vso\vssf\webplatform\features\scripts\featurestests\tests\engagement\quickstart\featurestests.quickstart.core.ts" id="5b0ed2c7-772c-421c-8e05-c14d798c1b83">
      <Execution id="57c2177a-fed6-439e-9658-b858034ed003" />
      <TestMethod codeBase="d:\v2.0\a1\_work\dbded102\vso\vssf\webplatform\features\scripts\featurestests\tests\engagement\quickstart\featurestests.quickstart.core.ts" adapterTypeName="Microsoft.VisualStudio.TestTools.TestTypes.Unit.UnitTestAdapter" className="d:\v2.0\a1\_work\dbded102\vso\vssf\webplatform\features\scripts\featurestests\tests\engagement\quickstart\featurestests.quickstart.core.ts::featurestests.engagement.quickstart.core" name="FeaturesTests.Engagement.QuickStart.Core.QuickStartUnitTests getId returns ID when disabled" />
    </UnitTest>
    <UnitTest name="FeaturesTests.Engagement.QuickStart.Core.QuickStartUnitTests getCurrentState returns current state when enabled" storage="d:\v2.0\a1\_work\dbded102\vso\vssf\webplatform\features\scripts\featurestests\tests\engagement\quickstart\featurestests.quickstart.core.ts" id="223a6511-4638-4e0a-9b14-fbc058a0552d">
      <Execution id="0a9b3b57-1964-42be-a60f-67176bc868b2" />
      <TestMethod codeBase="d:\v2.0\a1\_work\dbded102\vso\vssf\webplatform\features\scripts\featurestests\tests\engagement\quickstart\featurestests.quickstart.core.ts" adapterTypeName="Microsoft.VisualStudio.TestTools.TestTypes.Unit.UnitTestAdapter" className="d:\v2.0\a1\_work\dbded102\vso\vssf\webplatform\features\scripts\featurestests\tests\engagement\quickstart\featurestests.quickstart.core.ts::featurestests.engagement.quickstart.core" name="FeaturesTests.Engagement.QuickStart.Core.QuickStartUnitTests getCurrentState returns current state when enabled" />
    </UnitTest>
    <UnitTest name="FeaturesTests.Engagement.QuickStart.Core.QuickStartUnitTests getCurrentState returns null when disabled" storage="d:\v2.0\a1\_work\dbded102\vso\vssf\webplatform\features\scripts\featurestests\tests\engagement\quickstart\featurestests.quickstart.core.ts" id="ba10979f-3a11-42e3-a879-34cab6403de9">
      <Execution id="ba8e9393-8bc1-400d-b03f-5ba7dd6973b5" />
      <TestMethod codeBase="d:\v2.0\a1\_work\dbded102\vso\vssf\webplatform\features\scripts\featurestests\tests\engagement\quickstart\featurestests.quickstart.core.ts" adapterTypeName="Microsoft.VisualStudio.TestTools.TestTypes.Unit.UnitTestAdapter" className="d:\v2.0\a1\_work\dbded102\vso\vssf\webplatform\features\scripts\featurestests\tests\engagement\quickstart\featurestests.quickstart.core.ts::featurestests.engagement.quickstart.core" name="FeaturesTests.Engagement.QuickStart.Core.QuickStartUnitTests getCurrentState returns null when disabled" />
    </UnitTest>
    <UnitTest name="FeaturesTests.Engagement.QuickStart.Core.QuickStartUnitTests addState adds the state when enabled" storage="d:\v2.0\a1\_work\dbded102\vso\vssf\webplatform\features\scripts\featurestests\tests\engagement\quickstart\featurestests.quickstart.core.ts" id="cd944dfc-7d2d-4f81-993e-b23e61f7844f">
      <Execution id="04e2e326-9c83-4cd4-8d4e-12f47d6b545e" />
      <TestMethod codeBase="d:\v2.0\a1\_work\dbded102\vso\vssf\webplatform\features\scripts\featurestests\tests\engagement\quickstart\featurestests.quickstart.core.ts" adapterTypeName="Microsoft.VisualStudio.TestTools.TestTypes.Unit.UnitTestAdapter" className="d:\v2.0\a1\_work\dbded102\vso\vssf\webplatform\features\scripts\featurestests\tests\engagement\quickstart\featurestests.quickstart.core.ts::featurestests.engagement.quickstart.core" name="FeaturesTests.Engagement.QuickStart.Core.QuickStartUnitTests addState adds the state when enabled" />
    </UnitTest>
    <UnitTest name="FeaturesTests.Engagement.QuickStart.Core.QuickStartUnitTests addState doesn't add the state when disabled" storage="d:\v2.0\a1\_work\dbded102\vso\vssf\webplatform\features\scripts\featurestests\tests\engagement\quickstart\featurestests.quickstart.core.ts" id="0e799ec6-c218-44f1-8b87-0019367d6354">
      <Execution id="f16e61d8-f56f-47b8-9850-62440a9e5517" />
      <TestMethod codeBase="d:\v2.0\a1\_work\dbded102\vso\vssf\webplatform\features\scripts\featurestests\tests\engagement\quickstart\featurestests.quickstart.core.ts" adapterTypeName="Microsoft.VisualStudio.TestTools.TestTypes.Unit.UnitTestAdapter" className="d:\v2.0\a1\_work\dbded102\vso\vssf\webplatform\features\scripts\featurestests\tests\engagement\quickstart\featurestests.quickstart.core.ts::featurestests.engagement.quickstart.core" name="FeaturesTests.Engagement.QuickStart.Core.QuickStartUnitTests addState doesn't add the state when disabled" />
    </UnitTest>
    <UnitTest name="FeaturesTests.Engagement.QuickStart.Core.QuickStartUnitTests addTransition adds the transition when enabled" storage="d:\v2.0\a1\_work\dbded102\vso\vssf\webplatform\features\scripts\featurestests\tests\engagement\quickstart\featurestests.quickstart.core.ts" id="40f57528-4300-4b65-84a4-93a6fabca9e1">
      <Execution id="1dcd6d62-72dc-4110-80e6-c1bc680dc1fc" />
      <TestMethod codeBase="d:\v2.0\a1\_work\dbded102\vso\vssf\webplatform\features\scripts\featurestests\tests\engagement\quickstart\featurestests.quickstart.core.ts" adapterTypeName="Microsoft.VisualStudio.TestTools.TestTypes.Unit.UnitTestAdapter" className="d:\v2.0\a1\_work\dbded102\vso\vssf\webplatform\features\scripts\featurestests\tests\engagement\quickstart\featurestests.quickstart.core.ts::featurestests.engagement.quickstart.core" name="FeaturesTests.Engagement.QuickStart.Core.QuickStartUnitTests addTransition adds the transition when enabled" />
    </UnitTest>
    <UnitTest name="FeaturesTests.Engagement.QuickStart.Core.QuickStartUnitTests addTransition doesn't add the transition when disabled" storage="d:\v2.0\a1\_work\dbded102\vso\vssf\webplatform\features\scripts\featurestests\tests\engagement\quickstart\featurestests.quickstart.core.ts" id="9df07e36-3b3a-4d0c-90c9-165cc3ce1185">
      <Execution id="4b7f352a-40a3-45b5-b1c0-cad70e008252" />
      <TestMethod codeBase="d:\v2.0\a1\_work\dbded102\vso\vssf\webplatform\features\scripts\featurestests\tests\engagement\quickstart\featurestests.quickstart.core.ts" adapterTypeName="Microsoft.VisualStudio.TestTools.TestTypes.Unit.UnitTestAdapter" className="d:\v2.0\a1\_work\dbded102\vso\vssf\webplatform\features\scripts\featurestests\tests\engagement\quickstart\featurestests.quickstart.core.ts::featurestests.engagement.quickstart.core" name="FeaturesTests.Engagement.QuickStart.Core.QuickStartUnitTests addTransition doesn't add the transition when disabled" />
    </UnitTest>
    <UnitTest name="FeaturesTests.Engagement.QuickStart.Core.QuickStartUnitTests fire performs the transition when enabled" storage="d:\v2.0\a1\_work\dbded102\vso\vssf\webplatform\features\scripts\featurestests\tests\engagement\quickstart\featurestests.quickstart.core.ts" id="cfb41085-599c-45e3-8676-fce4fe80ca78">
      <Execution id="7885f7fc-a93f-4614-81de-a128e38935b4" />
      <TestMethod codeBase="d:\v2.0\a1\_work\dbded102\vso\vssf\webplatform\features\scripts\featurestests\tests\engagement\quickstart\featurestests.quickstart.core.ts" adapterTypeName="Microsoft.VisualStudio.TestTools.TestTypes.Unit.UnitTestAdapter" className="d:\v2.0\a1\_work\dbded102\vso\vssf\webplatform\features\scripts\featurestests\tests\engagement\quickstart\featurestests.quickstart.core.ts::featurestests.engagement.quickstart.core" name="FeaturesTests.Engagement.QuickStart.Core.QuickStartUnitTests fire performs the transition when enabled" />
    </UnitTest>
    <UnitTest name="FeaturesTests.Engagement.QuickStart.Core.QuickStartUnitTests fire doesn't perform the transition when disabled" storage="d:\v2.0\a1\_work\dbded102\vso\vssf\webplatform\features\scripts\featurestests\tests\engagement\quickstart\featurestests.quickstart.core.ts" id="083eea96-5db7-4a96-bd85-3e4174ee3583">
      <Execution id="a1d778f1-7951-422a-9c96-b3dd5ce67789" />
      <TestMethod codeBase="d:\v2.0\a1\_work\dbded102\vso\vssf\webplatform\features\scripts\featurestests\tests\engagement\quickstart\featurestests.quickstart.core.ts" adapterTypeName="Microsoft.VisualStudio.TestTools.TestTypes.Unit.UnitTestAdapter" className="d:\v2.0\a1\_work\dbded102\vso\vssf\webplatform\features\scripts\featurestests\tests\engagement\quickstart\featurestests.quickstart.core.ts::featurestests.engagement.quickstart.core" name="FeaturesTests.Engagement.QuickStart.Core.QuickStartUnitTests fire doesn't perform the transition when disabled" />
    </UnitTest>
    <UnitTest name="FeaturesTests.Engagement.QuickStart.Core.QuickStartUnitTests start puts to active when enabled" storage="d:\v2.0\a1\_work\dbded102\vso\vssf\webplatform\features\scripts\featurestests\tests\engagement\quickstart\featurestests.quickstart.core.ts" id="e23f2428-b175-407a-9cdc-25c49c345b0f">
      <Execution id="4a2ed309-9e93-4ec5-8ba3-0cc1b06e3b54" />
      <TestMethod codeBase="d:\v2.0\a1\_work\dbded102\vso\vssf\webplatform\features\scripts\featurestests\tests\engagement\quickstart\featurestests.quickstart.core.ts" adapterTypeName="Microsoft.VisualStudio.TestTools.TestTypes.Unit.UnitTestAdapter" className="d:\v2.0\a1\_work\dbded102\vso\vssf\webplatform\features\scripts\featurestests\tests\engagement\quickstart\featurestests.quickstart.core.ts::featurestests.engagement.quickstart.core" name="FeaturesTests.Engagement.QuickStart.Core.QuickStartUnitTests start puts to active when enabled" />
    </UnitTest>
    <UnitTest name="FeaturesTests.Engagement.QuickStart.Core.QuickStartUnitTests start doesn't put to active when disabled" storage="d:\v2.0\a1\_work\dbded102\vso\vssf\webplatform\features\scripts\featurestests\tests\engagement\quickstart\featurestests.quickstart.core.ts" id="07f22659-307a-4122-9fc4-8fd784b56b2c">
      <Execution id="566e5e6e-9f1a-4750-8c47-73d98fb4d98c" />
      <TestMethod codeBase="d:\v2.0\a1\_work\dbded102\vso\vssf\webplatform\features\scripts\featurestests\tests\engagement\quickstart\featurestests.quickstart.core.ts" adapterTypeName="Microsoft.VisualStudio.TestTools.TestTypes.Unit.UnitTestAdapter" className="d:\v2.0\a1\_work\dbded102\vso\vssf\webplatform\features\scripts\featurestests\tests\engagement\quickstart\featurestests.quickstart.core.ts::featurestests.engagement.quickstart.core" name="FeaturesTests.Engagement.QuickStart.Core.QuickStartUnitTests start doesn't put to active when disabled" />
    </UnitTest>
    <UnitTest name="FeaturesTests.Engagement.QuickStart.Core.QuickStartUnitTests stop puts to inactive when enabled" storage="d:\v2.0\a1\_work\dbded102\vso\vssf\webplatform\features\scripts\featurestests\tests\engagement\quickstart\featurestests.quickstart.core.ts" id="19104e05-4077-40cf-b495-d891f61eb3e6">
      <Execution id="2601038f-f090-490d-9dc0-84de3bb5c967" />
      <TestMethod codeBase="d:\v2.0\a1\_work\dbded102\vso\vssf\webplatform\features\scripts\featurestests\tests\engagement\quickstart\featurestests.quickstart.core.ts" adapterTypeName="Microsoft.VisualStudio.TestTools.TestTypes.Unit.UnitTestAdapter" className="d:\v2.0\a1\_work\dbded102\vso\vssf\webplatform\features\scripts\featurestests\tests\engagement\quickstart\featurestests.quickstart.core.ts::featurestests.engagement.quickstart.core" name="FeaturesTests.Engagement.QuickStart.Core.QuickStartUnitTests stop puts to inactive when enabled" />
    </UnitTest>
    <UnitTest name="FeaturesTests.Engagement.QuickStart.Core.QuickStartUnitTests stop doesn't put to inactive when disabled" storage="d:\v2.0\a1\_work\dbded102\vso\vssf\webplatform\features\scripts\featurestests\tests\engagement\quickstart\featurestests.quickstart.core.ts" id="85eecd32-f405-4ba6-9512-67db879427a2">
      <Execution id="b27ddeb8-80c7-4788-a7d8-75d95e028dbb" />
      <TestMethod codeBase="d:\v2.0\a1\_work\dbded102\vso\vssf\webplatform\features\scripts\featurestests\tests\engagement\quickstart\featurestests.quickstart.core.ts" adapterTypeName="Microsoft.VisualStudio.TestTools.TestTypes.Unit.UnitTestAdapter" className="d:\v2.0\a1\_work\dbded102\vso\vssf\webplatform\features\scripts\featurestests\tests\engagement\quickstart\featurestests.quickstart.core.ts::featurestests.engagement.quickstart.core" name="FeaturesTests.Engagement.QuickStart.Core.QuickStartUnitTests stop doesn't put to inactive when disabled" />
    </UnitTest>
    <UnitTest name="FeaturesTests.Engagement.QuickStart.Core.QuickStartUnitTests setContext sets the context when enabled" storage="d:\v2.0\a1\_work\dbded102\vso\vssf\webplatform\features\scripts\featurestests\tests\engagement\quickstart\featurestests.quickstart.core.ts" id="75525ef3-f1e5-4275-bdd3-9985c6398bc1">
      <Execution id="e90c7c17-6014-4e6b-a469-7efadd2ee532" />
      <TestMethod codeBase="d:\v2.0\a1\_work\dbded102\vso\vssf\webplatform\features\scripts\featurestests\tests\engagement\quickstart\featurestests.quickstart.core.ts" adapterTypeName="Microsoft.VisualStudio.TestTools.TestTypes.Unit.UnitTestAdapter" className="d:\v2.0\a1\_work\dbded102\vso\vssf\webplatform\features\scripts\featurestests\tests\engagement\quickstart\featurestests.quickstart.core.ts::featurestests.engagement.quickstart.core" name="FeaturesTests.Engagement.QuickStart.Core.QuickStartUnitTests setContext sets the context when enabled" />
    </UnitTest>
    <UnitTest name="FeaturesTests.Engagement.QuickStart.Core.QuickStartUnitTests setContext doesn't set the context when disabled" storage="d:\v2.0\a1\_work\dbded102\vso\vssf\webplatform\features\scripts\featurestests\tests\engagement\quickstart\featurestests.quickstart.core.ts" id="ed6d1bd0-67d2-4d0f-ab92-6d37dda353f1">
      <Execution id="3dfbaf80-27e1-4712-b3b9-1b149fb66ca4" />
      <TestMethod codeBase="d:\v2.0\a1\_work\dbded102\vso\vssf\webplatform\features\scripts\featurestests\tests\engagement\quickstart\featurestests.quickstart.core.ts" adapterTypeName="Microsoft.VisualStudio.TestTools.TestTypes.Unit.UnitTestAdapter" className="d:\v2.0\a1\_work\dbded102\vso\vssf\webplatform\features\scripts\featurestests\tests\engagement\quickstart\featurestests.quickstart.core.ts::featurestests.engagement.quickstart.core" name="FeaturesTests.Engagement.QuickStart.Core.QuickStartUnitTests setContext doesn't set the context when disabled" />
    </UnitTest>
    <UnitTest name="FeaturesTests.Engagement.QuickStart.Core.QuickStartUnitTests getContext doesn't return the context when disabled" storage="d:\v2.0\a1\_work\dbded102\vso\vssf\webplatform\features\scripts\featurestests\tests\engagement\quickstart\featurestests.quickstart.core.ts" id="158460ef-bf7c-4246-86ff-a6925c9a9684">
      <Execution id="85ab2104-4107-4c92-bd8c-7d815545843a" />
      <TestMethod codeBase="d:\v2.0\a1\_work\dbded102\vso\vssf\webplatform\features\scripts\featurestests\tests\engagement\quickstart\featurestests.quickstart.core.ts" adapterTypeName="Microsoft.VisualStudio.TestTools.TestTypes.Unit.UnitTestAdapter" className="d:\v2.0\a1\_work\dbded102\vso\vssf\webplatform\features\scripts\featurestests\tests\engagement\quickstart\featurestests.quickstart.core.ts::featurestests.engagement.quickstart.core" name="FeaturesTests.Engagement.QuickStart.Core.QuickStartUnitTests getContext doesn't return the context when disabled" />
    </UnitTest>
    <UnitTest name="FeaturesTests.Engagement.QuickStart.Core.QuickStartUnitTests build doesn't add any state or transition when disabled" storage="d:\v2.0\a1\_work\dbded102\vso\vssf\webplatform\features\scripts\featurestests\tests\engagement\quickstart\featurestests.quickstart.core.ts" id="ba1542df-a990-4247-8417-791ac99a0e59">
      <Execution id="505c5ec7-4413-4e6a-917c-77d4a402865a" />
      <TestMethod codeBase="d:\v2.0\a1\_work\dbded102\vso\vssf\webplatform\features\scripts\featurestests\tests\engagement\quickstart\featurestests.quickstart.core.ts" adapterTypeName="Microsoft.VisualStudio.TestTools.TestTypes.Unit.UnitTestAdapter" className="d:\v2.0\a1\_work\dbded102\vso\vssf\webplatform\features\scripts\featurestests\tests\engagement\quickstart\featurestests.quickstart.core.ts::featurestests.engagement.quickstart.core" name="FeaturesTests.Engagement.QuickStart.Core.QuickStartUnitTests build doesn't add any state or transition when disabled" />
    </UnitTest>
    <UnitTest name="FeaturesTests.Engagement.QuickStart.Core.QuickStartUnitTests build adds states and transitions when enabled" storage="d:\v2.0\a1\_work\dbded102\vso\vssf\webplatform\features\scripts\featurestests\tests\engagement\quickstart\featurestests.quickstart.core.ts" id="3c6b479c-215f-4b1d-88be-f3820d58e98f">
      <Execution id="1a14bef7-002e-4958-a25a-0cb46ab56f92" />
      <TestMethod codeBase="d:\v2.0\a1\_work\dbded102\vso\vssf\webplatform\features\scripts\featurestests\tests\engagement\quickstart\featurestests.quickstart.core.ts" adapterTypeName="Microsoft.VisualStudio.TestTools.TestTypes.Unit.UnitTestAdapter" className="d:\v2.0\a1\_work\dbded102\vso\vssf\webplatform\features\scripts\featurestests\tests\engagement\quickstart\featurestests.quickstart.core.ts::featurestests.engagement.quickstart.core" name="FeaturesTests.Engagement.QuickStart.Core.QuickStartUnitTests build adds states and transitions when enabled" />
    </UnitTest>
    <UnitTest name="FeaturesTests.Engagement.QuickStart.Core.QuickStarUnitTests construct with model" storage="d:\v2.0\a1\_work\dbded102\vso\vssf\webplatform\features\scripts\featurestests\tests\engagement\quickstart\featurestests.quickstart.core.ts" id="05f2355e-13cc-4f43-b529-91dd978b063b">
      <Execution id="2e6ae669-67ce-4947-9b5b-dfd8e075afd0" />
      <TestMethod codeBase="d:\v2.0\a1\_work\dbded102\vso\vssf\webplatform\features\scripts\featurestests\tests\engagement\quickstart\featurestests.quickstart.core.ts" adapterTypeName="Microsoft.VisualStudio.TestTools.TestTypes.Unit.UnitTestAdapter" className="d:\v2.0\a1\_work\dbded102\vso\vssf\webplatform\features\scripts\featurestests\tests\engagement\quickstart\featurestests.quickstart.core.ts::featurestests.engagement.quickstart.core" name="FeaturesTests.Engagement.QuickStart.Core.QuickStarUnitTests construct with model" />
    </UnitTest>
    <UnitTest name="FeaturesTests.Engagement.QuickStart.Core.QuickStarUnitTests transition declaration using event binder" storage="d:\v2.0\a1\_work\dbded102\vso\vssf\webplatform\features\scripts\featurestests\tests\engagement\quickstart\featurestests.quickstart.core.ts" id="2df3c884-2672-4424-94bb-9dee78a98f27">
      <Execution id="6a476626-86c6-4b97-84dc-2f61b781c47b" />
      <TestMethod codeBase="d:\v2.0\a1\_work\dbded102\vso\vssf\webplatform\features\scripts\featurestests\tests\engagement\quickstart\featurestests.quickstart.core.ts" adapterTypeName="Microsoft.VisualStudio.TestTools.TestTypes.Unit.UnitTestAdapter" className="d:\v2.0\a1\_work\dbded102\vso\vssf\webplatform\features\scripts\featurestests\tests\engagement\quickstart\featurestests.quickstart.core.ts::featurestests.engagement.quickstart.core" name="FeaturesTests.Engagement.QuickStart.Core.QuickStarUnitTests transition declaration using event binder" />
    </UnitTest>
    <UnitTest name="FeaturesTests.Engagement.QuickStart.Core.QuickStarUnitTests transition declaration with multiple event binders" storage="d:\v2.0\a1\_work\dbded102\vso\vssf\webplatform\features\scripts\featurestests\tests\engagement\quickstart\featurestests.quickstart.core.ts" id="63c21b7f-3cb5-4610-b4c4-7e5f901a345d">
      <Execution id="4ec99660-7ced-499f-91e2-61fc81bcb8e7" />
      <TestMethod codeBase="d:\v2.0\a1\_work\dbded102\vso\vssf\webplatform\features\scripts\featurestests\tests\engagement\quickstart\featurestests.quickstart.core.ts" adapterTypeName="Microsoft.VisualStudio.TestTools.TestTypes.Unit.UnitTestAdapter" className="d:\v2.0\a1\_work\dbded102\vso\vssf\webplatform\features\scripts\featurestests\tests\engagement\quickstart\featurestests.quickstart.core.ts::featurestests.engagement.quickstart.core" name="FeaturesTests.Engagement.QuickStart.Core.QuickStarUnitTests transition declaration with multiple event binders" />
    </UnitTest>
    <UnitTest name="FeaturesTests.Engagement.QuickStart.Core.QuickStarUnitTests using an event binder with multiple transitions" storage="d:\v2.0\a1\_work\dbded102\vso\vssf\webplatform\features\scripts\featurestests\tests\engagement\quickstart\featurestests.quickstart.core.ts" id="4c347d4f-a935-438b-b5be-b2b8336a82ae">
      <Execution id="83bbd317-e33e-4851-952e-f47499e1243d" />
      <TestMethod codeBase="d:\v2.0\a1\_work\dbded102\vso\vssf\webplatform\features\scripts\featurestests\tests\engagement\quickstart\featurestests.quickstart.core.ts" adapterTypeName="Microsoft.VisualStudio.TestTools.TestTypes.Unit.UnitTestAdapter" className="d:\v2.0\a1\_work\dbded102\vso\vssf\webplatform\features\scripts\featurestests\tests\engagement\quickstart\featurestests.quickstart.core.ts::featurestests.engagement.quickstart.core" name="FeaturesTests.Engagement.QuickStart.Core.QuickStarUnitTests using an event binder with multiple transitions" />
    </UnitTest>
    <UnitTest name="FeaturesTests.Engagement.QuickStart.Core.QuickStarUnitTests only bind and unbind external events during state transition" storage="d:\v2.0\a1\_work\dbded102\vso\vssf\webplatform\features\scripts\featurestests\tests\engagement\quickstart\featurestests.quickstart.core.ts" id="ffcbb735-6d76-4e34-b64f-7fc15629d499">
      <Execution id="de899e9c-4c6d-41c2-a8dc-e808e15180e6" />
      <TestMethod codeBase="d:\v2.0\a1\_work\dbded102\vso\vssf\webplatform\features\scripts\featurestests\tests\engagement\quickstart\featurestests.quickstart.core.ts" adapterTypeName="Microsoft.VisualStudio.TestTools.TestTypes.Unit.UnitTestAdapter" className="d:\v2.0\a1\_work\dbded102\vso\vssf\webplatform\features\scripts\featurestests\tests\engagement\quickstart\featurestests.quickstart.core.ts::featurestests.engagement.quickstart.core" name="FeaturesTests.Engagement.QuickStart.Core.QuickStarUnitTests only bind and unbind external events during state transition" />
    </UnitTest>
    <UnitTest name="FeaturesTests.Engagement.QuickStart.Core.QuickStarUnitTests build sets the correct parent QuickStart to the states" storage="d:\v2.0\a1\_work\dbded102\vso\vssf\webplatform\features\scripts\featurestests\tests\engagement\quickstart\featurestests.quickstart.core.ts" id="0258fb36-5176-48e1-a17b-bae77d1f786a">
      <Execution id="0aad192e-ee8d-4966-a5c6-68d097d3ec94" />
      <TestMethod codeBase="d:\v2.0\a1\_work\dbded102\vso\vssf\webplatform\features\scripts\featurestests\tests\engagement\quickstart\featurestests.quickstart.core.ts" adapterTypeName="Microsoft.VisualStudio.TestTools.TestTypes.Unit.UnitTestAdapter" className="d:\v2.0\a1\_work\dbded102\vso\vssf\webplatform\features\scripts\featurestests\tests\engagement\quickstart\featurestests.quickstart.core.ts::featurestests.engagement.quickstart.core" name="FeaturesTests.Engagement.QuickStart.Core.QuickStarUnitTests build sets the correct parent QuickStart to the states" />
    </UnitTest>
    <UnitTest name="FeaturesTests.Engagement.QuickStart.Core.QuickStarUnitTests QuickStart with loop states" storage="d:\v2.0\a1\_work\dbded102\vso\vssf\webplatform\features\scripts\featurestests\tests\engagement\quickstart\featurestests.quickstart.core.ts" id="d494ae9c-b826-4653-a08e-3059154e9cfa">
      <Execution id="3b65c0e3-f433-41ac-a479-16484f152dac" />
      <TestMethod codeBase="d:\v2.0\a1\_work\dbded102\vso\vssf\webplatform\features\scripts\featurestests\tests\engagement\quickstart\featurestests.quickstart.core.ts" adapterTypeName="Microsoft.VisualStudio.TestTools.TestTypes.Unit.UnitTestAdapter" className="d:\v2.0\a1\_work\dbded102\vso\vssf\webplatform\features\scripts\featurestests\tests\engagement\quickstart\featurestests.quickstart.core.ts::featurestests.engagement.quickstart.core" name="FeaturesTests.Engagement.QuickStart.Core.QuickStarUnitTests QuickStart with loop states" />
    </UnitTest>
    <UnitTest name="FeaturesTests.Engagement.QuickStart.Core.QuickStartStateTests enter executes mainEntryAction" storage="d:\v2.0\a1\_work\dbded102\vso\vssf\webplatform\features\scripts\featurestests\tests\engagement\quickstart\featurestests.quickstart.core.ts" id="78ae2de4-6f2b-4104-b8c4-ac548d0bc35c">
      <Execution id="42a0eea4-0848-4a41-ac0c-1dcade29da07" />
      <TestMethod codeBase="d:\v2.0\a1\_work\dbded102\vso\vssf\webplatform\features\scripts\featurestests\tests\engagement\quickstart\featurestests.quickstart.core.ts" adapterTypeName="Microsoft.VisualStudio.TestTools.TestTypes.Unit.UnitTestAdapter" className="d:\v2.0\a1\_work\dbded102\vso\vssf\webplatform\features\scripts\featurestests\tests\engagement\quickstart\featurestests.quickstart.core.ts::featurestests.engagement.quickstart.core" name="FeaturesTests.Engagement.QuickStart.Core.QuickStartStateTests enter executes mainEntryAction" />
    </UnitTest>
    <UnitTest name="FeaturesTests.Engagement.QuickStart.Core.QuickStartStateTests exit executes mainExitAction" storage="d:\v2.0\a1\_work\dbded102\vso\vssf\webplatform\features\scripts\featurestests\tests\engagement\quickstart\featurestests.quickstart.core.ts" id="d115ba00-b67f-45e5-b68b-63013e5e8576">
      <Execution id="2f124b8e-1ada-413a-86ec-7f0c9ac7ecc7" />
      <TestMethod codeBase="d:\v2.0\a1\_work\dbded102\vso\vssf\webplatform\features\scripts\featurestests\tests\engagement\quickstart\featurestests.quickstart.core.ts" adapterTypeName="Microsoft.VisualStudio.TestTools.TestTypes.Unit.UnitTestAdapter" className="d:\v2.0\a1\_work\dbded102\vso\vssf\webplatform\features\scripts\featurestests\tests\engagement\quickstart\featurestests.quickstart.core.ts::featurestests.engagement.quickstart.core" name="FeaturesTests.Engagement.QuickStart.Core.QuickStartStateTests exit executes mainExitAction" />
    </UnitTest>
    <UnitTest name="FeaturesTests.Engagement.QuickStart.Core.QuickStartStateTests mainEntryAction is executed after other entry actions given in the model" storage="d:\v2.0\a1\_work\dbded102\vso\vssf\webplatform\features\scripts\featurestests\tests\engagement\quickstart\featurestests.quickstart.core.ts" id="3b7895e9-98f6-412b-adaa-1f65c58d9109">
      <Execution id="38f46cfc-cb17-470a-aab2-17885f52f306" />
      <TestMethod codeBase="d:\v2.0\a1\_work\dbded102\vso\vssf\webplatform\features\scripts\featurestests\tests\engagement\quickstart\featurestests.quickstart.core.ts" adapterTypeName="Microsoft.VisualStudio.TestTools.TestTypes.Unit.UnitTestAdapter" className="d:\v2.0\a1\_work\dbded102\vso\vssf\webplatform\features\scripts\featurestests\tests\engagement\quickstart\featurestests.quickstart.core.ts::featurestests.engagement.quickstart.core" name="FeaturesTests.Engagement.QuickStart.Core.QuickStartStateTests mainEntryAction is executed after other entry actions given in the model" />
    </UnitTest>
    <UnitTest name="FeaturesTests.Engagement.QuickStart.Core.QuickStartStateTests mainExitAction is executed after other exit actions given in the model" storage="d:\v2.0\a1\_work\dbded102\vso\vssf\webplatform\features\scripts\featurestests\tests\engagement\quickstart\featurestests.quickstart.core.ts" id="9456965d-1850-4ae1-ab1f-44d752ea747e">
      <Execution id="d5ab706a-75fe-4526-bda1-98b56204dcc6" />
      <TestMethod codeBase="d:\v2.0\a1\_work\dbded102\vso\vssf\webplatform\features\scripts\featurestests\tests\engagement\quickstart\featurestests.quickstart.core.ts" adapterTypeName="Microsoft.VisualStudio.TestTools.TestTypes.Unit.UnitTestAdapter" className="d:\v2.0\a1\_work\dbded102\vso\vssf\webplatform\features\scripts\featurestests\tests\engagement\quickstart\featurestests.quickstart.core.ts::featurestests.engagement.quickstart.core" name="FeaturesTests.Engagement.QuickStart.Core.QuickStartStateTests mainExitAction is executed after other exit actions given in the model" />
    </UnitTest>
    <UnitTest name="FeaturesTests.Engagement.QuickStart.Core.QuickStartStateTests getParent returns the QuickStart object passed into setParent" storage="d:\v2.0\a1\_work\dbded102\vso\vssf\webplatform\features\scripts\featurestests\tests\engagement\quickstart\featurestests.quickstart.core.ts" id="e2587b2a-9e97-4794-b6c8-7e1507f1b2d7">
      <Execution id="39332431-baaa-4bcd-b309-45c068fc5cc3" />
      <TestMethod codeBase="d:\v2.0\a1\_work\dbded102\vso\vssf\webplatform\features\scripts\featurestests\tests\engagement\quickstart\featurestests.quickstart.core.ts" adapterTypeName="Microsoft.VisualStudio.TestTools.TestTypes.Unit.UnitTestAdapter" className="d:\v2.0\a1\_work\dbded102\vso\vssf\webplatform\features\scripts\featurestests\tests\engagement\quickstart\featurestests.quickstart.core.ts::featurestests.engagement.quickstart.core" name="FeaturesTests.Engagement.QuickStart.Core.QuickStartStateTests getParent returns the QuickStart object passed into setParent" />
    </UnitTest>
    <UnitTest name="FeaturesTests.Engagement.QuickStart.Core.QuickStartStateTests log telemetry on entry when specified" storage="d:\v2.0\a1\_work\dbded102\vso\vssf\webplatform\features\scripts\featurestests\tests\engagement\quickstart\featurestests.quickstart.core.ts" id="d20d09af-49b6-4a5b-859c-d4f75142e592">
      <Execution id="c54399b1-4744-48e4-8896-1e6c7d378a5a" />
      <TestMethod codeBase="d:\v2.0\a1\_work\dbded102\vso\vssf\webplatform\features\scripts\featurestests\tests\engagement\quickstart\featurestests.quickstart.core.ts" adapterTypeName="Microsoft.VisualStudio.TestTools.TestTypes.Unit.UnitTestAdapter" className="d:\v2.0\a1\_work\dbded102\vso\vssf\webplatform\features\scripts\featurestests\tests\engagement\quickstart\featurestests.quickstart.core.ts::featurestests.engagement.quickstart.core" name="FeaturesTests.Engagement.QuickStart.Core.QuickStartStateTests log telemetry on entry when specified" />
    </UnitTest>
    <UnitTest name="FeaturesTests.Engagement.QuickStart.Core.QuickStartStateTests log telemetry on exit when specified" storage="d:\v2.0\a1\_work\dbded102\vso\vssf\webplatform\features\scripts\featurestests\tests\engagement\quickstart\featurestests.quickstart.core.ts" id="415c470b-1dd0-4093-bc79-2c3073055f3b">
      <Execution id="7a45dcab-76eb-4cda-b387-1ac23a7beb1d" />
      <TestMethod codeBase="d:\v2.0\a1\_work\dbded102\vso\vssf\webplatform\features\scripts\featurestests\tests\engagement\quickstart\featurestests.quickstart.core.ts" adapterTypeName="Microsoft.VisualStudio.TestTools.TestTypes.Unit.UnitTestAdapter" className="d:\v2.0\a1\_work\dbded102\vso\vssf\webplatform\features\scripts\featurestests\tests\engagement\quickstart\featurestests.quickstart.core.ts::featurestests.engagement.quickstart.core" name="FeaturesTests.Engagement.QuickStart.Core.QuickStartStateTests log telemetry on exit when specified" />
    </UnitTest>
    <UnitTest name="FeaturesTests.Engagement.QuickStart.Core.QuickStartStateTests does not log telemetry on entry when not specified" storage="d:\v2.0\a1\_work\dbded102\vso\vssf\webplatform\features\scripts\featurestests\tests\engagement\quickstart\featurestests.quickstart.core.ts" id="b944e1dc-69d9-4768-a382-9d86c683d608">
      <Execution id="5c1e6c45-0517-4530-8189-b0632ef40ef8" />
      <TestMethod codeBase="d:\v2.0\a1\_work\dbded102\vso\vssf\webplatform\features\scripts\featurestests\tests\engagement\quickstart\featurestests.quickstart.core.ts" adapterTypeName="Microsoft.VisualStudio.TestTools.TestTypes.Unit.UnitTestAdapter" className="d:\v2.0\a1\_work\dbded102\vso\vssf\webplatform\features\scripts\featurestests\tests\engagement\quickstart\featurestests.quickstart.core.ts::featurestests.engagement.quickstart.core" name="FeaturesTests.Engagement.QuickStart.Core.QuickStartStateTests does not log telemetry on entry when not specified" />
    </UnitTest>
    <UnitTest name="FeaturesTests.Engagement.QuickStart.Core.QuickStartStateTests does not log telemetry on exit when not specified" storage="d:\v2.0\a1\_work\dbded102\vso\vssf\webplatform\features\scripts\featurestests\tests\engagement\quickstart\featurestests.quickstart.core.ts" id="bea0ad1f-f73a-47df-ae0d-156d06da5c77">
      <Execution id="e02820c3-2d7c-4892-bb03-8279fad0934c" />
      <TestMethod codeBase="d:\v2.0\a1\_work\dbded102\vso\vssf\webplatform\features\scripts\featurestests\tests\engagement\quickstart\featurestests.quickstart.core.ts" adapterTypeName="Microsoft.VisualStudio.TestTools.TestTypes.Unit.UnitTestAdapter" className="d:\v2.0\a1\_work\dbded102\vso\vssf\webplatform\features\scripts\featurestests\tests\engagement\quickstart\featurestests.quickstart.core.ts::featurestests.engagement.quickstart.core" name="FeaturesTests.Engagement.QuickStart.Core.QuickStartStateTests does not log telemetry on exit when not specified" />
    </UnitTest>
    <UnitTest name="FeaturesTests.Engagement.QuickStart.States.UIStateUnitTests mainEntryAction creates the UI control" storage="d:\v2.0\a1\_work\dbded102\vso\vssf\webplatform\features\scripts\featurestests\tests\engagement\quickstart\featurestests.quickstart.states.ts" id="615317b2-3976-48ed-9bf8-abe5f030f2d3">
      <Execution id="2e19cfff-a63b-4a9f-9897-71ad8eedfaa4" />
      <TestMethod codeBase="d:\v2.0\a1\_work\dbded102\vso\vssf\webplatform\features\scripts\featurestests\tests\engagement\quickstart\featurestests.quickstart.states.ts" adapterTypeName="Microsoft.VisualStudio.TestTools.TestTypes.Unit.UnitTestAdapter" className="d:\v2.0\a1\_work\dbded102\vso\vssf\webplatform\features\scripts\featurestests\tests\engagement\quickstart\featurestests.quickstart.states.ts::featurestests.engagement.quickstart.states" name="FeaturesTests.Engagement.QuickStart.States.UIStateUnitTests mainEntryAction creates the UI control" />
    </UnitTest>
    <UnitTest name="FeaturesTests.Engagement.QuickStart.States.UIStateUnitTests mainEntryAction passes the UI model when creating the control" storage="d:\v2.0\a1\_work\dbded102\vso\vssf\webplatform\features\scripts\featurestests\tests\engagement\quickstart\featurestests.quickstart.states.ts" id="f3298e9b-55ba-4036-8f8b-2845100fbf20">
      <Execution id="274f9738-996c-4223-9f80-23401902caba" />
      <TestMethod codeBase="d:\v2.0\a1\_work\dbded102\vso\vssf\webplatform\features\scripts\featurestests\tests\engagement\quickstart\featurestests.quickstart.states.ts" adapterTypeName="Microsoft.VisualStudio.TestTools.TestTypes.Unit.UnitTestAdapter" className="d:\v2.0\a1\_work\dbded102\vso\vssf\webplatform\features\scripts\featurestests\tests\engagement\quickstart\featurestests.quickstart.states.ts::featurestests.engagement.quickstart.states" name="FeaturesTests.Engagement.QuickStart.States.UIStateUnitTests mainEntryAction passes the UI model when creating the control" />
    </UnitTest>
    <UnitTest name="FeaturesTests.Engagement.QuickStart.States.UIStateUnitTests mainEntryAction shows the UI control" storage="d:\v2.0\a1\_work\dbded102\vso\vssf\webplatform\features\scripts\featurestests\tests\engagement\quickstart\featurestests.quickstart.states.ts" id="e466f218-5385-45c5-aedd-63995e321050">
      <Execution id="0ce7d0f9-edbf-4436-888c-f6f0bc522902" />
      <TestMethod codeBase="d:\v2.0\a1\_work\dbded102\vso\vssf\webplatform\features\scripts\featurestests\tests\engagement\quickstart\featurestests.quickstart.states.ts" adapterTypeName="Microsoft.VisualStudio.TestTools.TestTypes.Unit.UnitTestAdapter" className="d:\v2.0\a1\_work\dbded102\vso\vssf\webplatform\features\scripts\featurestests\tests\engagement\quickstart\featurestests.quickstart.states.ts::featurestests.engagement.quickstart.states" name="FeaturesTests.Engagement.QuickStart.States.UIStateUnitTests mainEntryAction shows the UI control" />
    </UnitTest>
    <UnitTest name="FeaturesTests.Engagement.QuickStart.States.UIStateUnitTests mainEntryAction registers action events" storage="d:\v2.0\a1\_work\dbded102\vso\vssf\webplatform\features\scripts\featurestests\tests\engagement\quickstart\featurestests.quickstart.states.ts" id="f0f80d54-5bff-4013-beea-3445781b6c75">
      <Execution id="7acbe550-70ce-49d1-a146-c7e030213573" />
      <TestMethod codeBase="d:\v2.0\a1\_work\dbded102\vso\vssf\webplatform\features\scripts\featurestests\tests\engagement\quickstart\featurestests.quickstart.states.ts" adapterTypeName="Microsoft.VisualStudio.TestTools.TestTypes.Unit.UnitTestAdapter" className="d:\v2.0\a1\_work\dbded102\vso\vssf\webplatform\features\scripts\featurestests\tests\engagement\quickstart\featurestests.quickstart.states.ts::featurestests.engagement.quickstart.states" name="FeaturesTests.Engagement.QuickStart.States.UIStateUnitTests mainEntryAction registers action events" />
    </UnitTest>
    <UnitTest name="FeaturesTests.Engagement.QuickStart.States.UIStateUnitTests onActionPerformed fires action events" storage="d:\v2.0\a1\_work\dbded102\vso\vssf\webplatform\features\scripts\featurestests\tests\engagement\quickstart\featurestests.quickstart.states.ts" id="ea6f2d81-fb68-4812-85a7-71e5de499bb7">
      <Execution id="b3ca65b6-ff44-485c-84ed-80ed30d1e70a" />
      <TestMethod codeBase="d:\v2.0\a1\_work\dbded102\vso\vssf\webplatform\features\scripts\featurestests\tests\engagement\quickstart\featurestests.quickstart.states.ts" adapterTypeName="Microsoft.VisualStudio.TestTools.TestTypes.Unit.UnitTestAdapter" className="d:\v2.0\a1\_work\dbded102\vso\vssf\webplatform\features\scripts\featurestests\tests\engagement\quickstart\featurestests.quickstart.states.ts::featurestests.engagement.quickstart.states" name="FeaturesTests.Engagement.QuickStart.States.UIStateUnitTests onActionPerformed fires action events" />
    </UnitTest>
    <UnitTest name="FeaturesTests.Engagement.QuickStart.States.UIStateUnitTests onActionPerformed publishes telemetry" storage="d:\v2.0\a1\_work\dbded102\vso\vssf\webplatform\features\scripts\featurestests\tests\engagement\quickstart\featurestests.quickstart.states.ts" id="9442897f-630f-41bd-b1be-0666004a2376">
      <Execution id="2818c94c-986e-40f4-9b13-7b2bfd997378" />
      <TestMethod codeBase="d:\v2.0\a1\_work\dbded102\vso\vssf\webplatform\features\scripts\featurestests\tests\engagement\quickstart\featurestests.quickstart.states.ts" adapterTypeName="Microsoft.VisualStudio.TestTools.TestTypes.Unit.UnitTestAdapter" className="d:\v2.0\a1\_work\dbded102\vso\vssf\webplatform\features\scripts\featurestests\tests\engagement\quickstart\featurestests.quickstart.states.ts::featurestests.engagement.quickstart.states" name="FeaturesTests.Engagement.QuickStart.States.UIStateUnitTests onActionPerformed publishes telemetry" />
    </UnitTest>
    <UnitTest name="FeaturesTests.Engagement.QuickStart.States.UIStateUnitTests mainExitAction hides the control" storage="d:\v2.0\a1\_work\dbded102\vso\vssf\webplatform\features\scripts\featurestests\tests\engagement\quickstart\featurestests.quickstart.states.ts" id="06d5e3af-92e9-4853-850a-69fecb33bc30">
      <Execution id="74bd0bb6-246a-437a-b6d5-520992220a99" />
      <TestMethod codeBase="d:\v2.0\a1\_work\dbded102\vso\vssf\webplatform\features\scripts\featurestests\tests\engagement\quickstart\featurestests.quickstart.states.ts" adapterTypeName="Microsoft.VisualStudio.TestTools.TestTypes.Unit.UnitTestAdapter" className="d:\v2.0\a1\_work\dbded102\vso\vssf\webplatform\features\scripts\featurestests\tests\engagement\quickstart\featurestests.quickstart.states.ts::featurestests.engagement.quickstart.states" name="FeaturesTests.Engagement.QuickStart.States.UIStateUnitTests mainExitAction hides the control" />
    </UnitTest>
    <UnitTest name="FeaturesTests.Engagement.QuickStart.States.UIStateUnitTests enter UIState log telemetry by default" storage="d:\v2.0\a1\_work\dbded102\vso\vssf\webplatform\features\scripts\featurestests\tests\engagement\quickstart\featurestests.quickstart.states.ts" id="2d3df2f9-27d0-4972-a314-ee78ddd33c61">
      <Execution id="607c9d2d-2755-4375-969b-2968f697b393" />
      <TestMethod codeBase="d:\v2.0\a1\_work\dbded102\vso\vssf\webplatform\features\scripts\featurestests\tests\engagement\quickstart\featurestests.quickstart.states.ts" adapterTypeName="Microsoft.VisualStudio.TestTools.TestTypes.Unit.UnitTestAdapter" className="d:\v2.0\a1\_work\dbded102\vso\vssf\webplatform\features\scripts\featurestests\tests\engagement\quickstart\featurestests.quickstart.states.ts::featurestests.engagement.quickstart.states" name="FeaturesTests.Engagement.QuickStart.States.UIStateUnitTests enter UIState log telemetry by default" />
    </UnitTest>
    <UnitTest name="FeaturesTests.Engagement.QuickStart.States.UIStateUnitTests publishTelemetry action logs state ID" storage="d:\v2.0\a1\_work\dbded102\vso\vssf\webplatform\features\scripts\featurestests\tests\engagement\quickstart\featurestests.quickstart.states.ts" id="5e7d4422-5468-4b59-ae2e-f52cb74e93c0">
      <Execution id="33006498-e1ac-4f24-9018-0b79b4ebca5e" />
      <TestMethod codeBase="d:\v2.0\a1\_work\dbded102\vso\vssf\webplatform\features\scripts\featurestests\tests\engagement\quickstart\featurestests.quickstart.states.ts" adapterTypeName="Microsoft.VisualStudio.TestTools.TestTypes.Unit.UnitTestAdapter" className="d:\v2.0\a1\_work\dbded102\vso\vssf\webplatform\features\scripts\featurestests\tests\engagement\quickstart\featurestests.quickstart.states.ts::featurestests.engagement.quickstart.states" name="FeaturesTests.Engagement.QuickStart.States.UIStateUnitTests publishTelemetry action logs state ID" />
    </UnitTest>
    <UnitTest name="FeaturesTests.Engagement.QuickStart.States.ConditionStateUnitTests enter fires TRUE_EVENT if conditions are evaluated to true" storage="d:\v2.0\a1\_work\dbded102\vso\vssf\webplatform\features\scripts\featurestests\tests\engagement\quickstart\featurestests.quickstart.states.ts" id="3489e7b6-6764-465f-8ea0-2851d339d0ee">
      <Execution id="0802fb83-1c8b-4ea8-96d6-2224a2fe639e" />
      <TestMethod codeBase="d:\v2.0\a1\_work\dbded102\vso\vssf\webplatform\features\scripts\featurestests\tests\engagement\quickstart\featurestests.quickstart.states.ts" adapterTypeName="Microsoft.VisualStudio.TestTools.TestTypes.Unit.UnitTestAdapter" className="d:\v2.0\a1\_work\dbded102\vso\vssf\webplatform\features\scripts\featurestests\tests\engagement\quickstart\featurestests.quickstart.states.ts::featurestests.engagement.quickstart.states" name="FeaturesTests.Engagement.QuickStart.States.ConditionStateUnitTests enter fires TRUE_EVENT if conditions are evaluated to true" />
    </UnitTest>
    <UnitTest name="FeaturesTests.Engagement.QuickStart.States.ConditionStateUnitTests enter fires FALSE_EVENT if conditions are evaluated to false" storage="d:\v2.0\a1\_work\dbded102\vso\vssf\webplatform\features\scripts\featurestests\tests\engagement\quickstart\featurestests.quickstart.states.ts" id="d9edc7d3-7e49-4ef4-a0ac-205292fd9eba">
      <Execution id="ed91bbdb-0ba6-41d8-adb2-14bc7e276bb7" />
      <TestMethod codeBase="d:\v2.0\a1\_work\dbded102\vso\vssf\webplatform\features\scripts\featurestests\tests\engagement\quickstart\featurestests.quickstart.states.ts" adapterTypeName="Microsoft.VisualStudio.TestTools.TestTypes.Unit.UnitTestAdapter" className="d:\v2.0\a1\_work\dbded102\vso\vssf\webplatform\features\scripts\featurestests\tests\engagement\quickstart\featurestests.quickstart.states.ts::featurestests.engagement.quickstart.states" name="FeaturesTests.Engagement.QuickStart.States.ConditionStateUnitTests enter fires FALSE_EVENT if conditions are evaluated to false" />
    </UnitTest>
    <UnitTest name="FeaturesTests.Engagement.QuickStart.States.ConditionStateUnitTests enter fires FALSE_EVENT if conditions have errors" storage="d:\v2.0\a1\_work\dbded102\vso\vssf\webplatform\features\scripts\featurestests\tests\engagement\quickstart\featurestests.quickstart.states.ts" id="d4a37cb7-a050-48c6-85d4-855556a11a0b">
      <Execution id="43421e78-0f5a-46a1-81fb-63afd6659dca" />
      <TestMethod codeBase="d:\v2.0\a1\_work\dbded102\vso\vssf\webplatform\features\scripts\featurestests\tests\engagement\quickstart\featurestests.quickstart.states.ts" adapterTypeName="Microsoft.VisualStudio.TestTools.TestTypes.Unit.UnitTestAdapter" className="d:\v2.0\a1\_work\dbded102\vso\vssf\webplatform\features\scripts\featurestests\tests\engagement\quickstart\featurestests.quickstart.states.ts::featurestests.engagement.quickstart.states" name="FeaturesTests.Engagement.QuickStart.States.ConditionStateUnitTests enter fires FALSE_EVENT if conditions have errors" />
    </UnitTest>
    <UnitTest name="FeaturesTests.Engagement.QuickStart.States.ConditionStateUnitTests enter does not fire event if asynchronous conditions have not completed" storage="d:\v2.0\a1\_work\dbded102\vso\vssf\webplatform\features\scripts\featurestests\tests\engagement\quickstart\featurestests.quickstart.states.ts" id="00441b95-17f5-4ac6-97dc-cd0d518561cb">
      <Execution id="ec6bbd0e-5939-4322-b006-ca5a41ee5331" />
      <TestMethod codeBase="d:\v2.0\a1\_work\dbded102\vso\vssf\webplatform\features\scripts\featurestests\tests\engagement\quickstart\featurestests.quickstart.states.ts" adapterTypeName="Microsoft.VisualStudio.TestTools.TestTypes.Unit.UnitTestAdapter" className="d:\v2.0\a1\_work\dbded102\vso\vssf\webplatform\features\scripts\featurestests\tests\engagement\quickstart\featurestests.quickstart.states.ts::featurestests.engagement.quickstart.states" name="FeaturesTests.Engagement.QuickStart.States.ConditionStateUnitTests enter does not fire event if asynchronous conditions have not completed" />
    </UnitTest>
  </TestDefinitions>
  <TestEntries>
    <TestEntry testId="4c6bba3a-7357-4380-a4a8-82373183a4e4" executionId="a384d2c9-f62e-49a3-85c5-488764a96cf4" testListId="8c84fa94-04c1-424b-9868-57a2d4851a1d" />
    <TestEntry testId="16c09960-2ed8-4f42-a1ba-6627322c6787" executionId="d17a6eff-f0c3-4b1a-84d1-77d8aca3bdf3" testListId="8c84fa94-04c1-424b-9868-57a2d4851a1d" />
    <TestEntry testId="3ad1dd0b-8127-4b93-bf68-8baeeb528807" executionId="c7339ac1-a24b-4deb-a3f8-08275fef26fb" testListId="8c84fa94-04c1-424b-9868-57a2d4851a1d" />
    <TestEntry testId="24b36336-f917-42ea-9a50-912634b58fb7" executionId="25acc104-773a-42f7-a983-a8e338329492" testListId="8c84fa94-04c1-424b-9868-57a2d4851a1d" />
    <TestEntry testId="6a914259-8e40-4c1f-8d95-5cb07b8f0f24" executionId="f36f2e12-4ece-4116-af27-2731240250f8" testListId="8c84fa94-04c1-424b-9868-57a2d4851a1d" />
    <TestEntry testId="0e78929d-78b2-41ab-95b2-d4cdcd9e8b51" executionId="c9d17843-aa8a-410b-ad02-3ddeb2a5dfdd" testListId="8c84fa94-04c1-424b-9868-57a2d4851a1d" />
    <TestEntry testId="642111dc-1b29-4fea-8d3b-cf70b17d6aac" executionId="6805ad31-3141-49ba-a398-983a076dfdc6" testListId="8c84fa94-04c1-424b-9868-57a2d4851a1d" />
    <TestEntry testId="8999e6a4-1b88-43ba-971d-75cb4f2d60ad" executionId="7abc363a-ec26-4043-90d5-b8d7540954dc" testListId="8c84fa94-04c1-424b-9868-57a2d4851a1d" />
    <TestEntry testId="195266c2-1a66-438d-95ed-4c01a1d4702f" executionId="4a029c3e-c629-4aa9-a20c-7177b025caff" testListId="8c84fa94-04c1-424b-9868-57a2d4851a1d" />
    <TestEntry testId="5b0132d0-2f6f-4e4e-933d-5f6cc1f77515" executionId="d82602a2-6b64-43ad-a577-e113e7fd6a3f" testListId="8c84fa94-04c1-424b-9868-57a2d4851a1d" />
    <TestEntry testId="e7a13a4c-af34-4c1d-b490-48c8b819c1d1" executionId="47e1368e-a03a-4de5-aacb-853d7b4af312" testListId="8c84fa94-04c1-424b-9868-57a2d4851a1d" />
    <TestEntry testId="b2f9dae8-b010-4981-a0db-c170a3de1c9c" executionId="8f00cada-e31e-4031-96eb-1a5f261b3cfc" testListId="8c84fa94-04c1-424b-9868-57a2d4851a1d" />
    <TestEntry testId="15bd4a58-8d34-436d-9592-09f476d29100" executionId="a417c42c-37c7-4a49-89f2-c04c8f83a7dc" testListId="8c84fa94-04c1-424b-9868-57a2d4851a1d" />
    <TestEntry testId="2b00ded5-cc7f-4f3d-8060-6ad1555ee896" executionId="a37351b8-cb5a-4747-8e41-57069dc580d5" testListId="8c84fa94-04c1-424b-9868-57a2d4851a1d" />
    <TestEntry testId="41a49195-c935-4dc5-a9f4-bb8f3d57a8c2" executionId="009a614c-eac4-4309-98b9-30bff02f357e" testListId="8c84fa94-04c1-424b-9868-57a2d4851a1d" />
    <TestEntry testId="9d7f974f-9e77-4bc4-ac22-f4e57d24932d" executionId="5cdc5ea9-d77e-4253-ab11-fdf33b392011" testListId="8c84fa94-04c1-424b-9868-57a2d4851a1d" />
    <TestEntry testId="b1cce29d-ddf8-4f5a-9aa0-4fc5f5b68a3b" executionId="873cc95d-ffb7-4f90-b324-c231c97a0eb6" testListId="8c84fa94-04c1-424b-9868-57a2d4851a1d" />
    <TestEntry testId="a8dd2ccb-4899-465f-a218-03dfc799252d" executionId="7b85cdc8-f743-4fb1-9f63-221e2512b291" testListId="8c84fa94-04c1-424b-9868-57a2d4851a1d" />
    <TestEntry testId="bfd0440e-4de5-4d58-b286-32bf41c79410" executionId="b8bce895-81f3-4986-a3a6-debc2e0c911c" testListId="8c84fa94-04c1-424b-9868-57a2d4851a1d" />
    <TestEntry testId="ed031eb7-c132-4b73-a21c-5a636b00a7b9" executionId="a596c239-7e99-4ee8-9350-19cec0dd1857" testListId="8c84fa94-04c1-424b-9868-57a2d4851a1d" />
    <TestEntry testId="f3406776-9f99-4240-8bde-9c25e7a32576" executionId="ae136085-d141-43f7-91d8-6168897c7dbc" testListId="8c84fa94-04c1-424b-9868-57a2d4851a1d" />
    <TestEntry testId="1546bda3-74c2-4cb6-af8e-e5e1f4e9a4ea" executionId="606fcc3e-4576-473c-ba6c-fb02b1a08924" testListId="8c84fa94-04c1-424b-9868-57a2d4851a1d" />
    <TestEntry testId="884d1bd4-005b-46fb-9631-a63abbccd15f" executionId="27a2bf73-9749-481b-a512-99e96e278ad7" testListId="8c84fa94-04c1-424b-9868-57a2d4851a1d" />
    <TestEntry testId="824ef76b-8f09-4571-853b-36f3d5411539" executionId="f57e4913-0911-4490-ba82-acab2b34f433" testListId="8c84fa94-04c1-424b-9868-57a2d4851a1d" />
    <TestEntry testId="51520e10-f485-4253-a145-e68d3bfad48b" executionId="f2f0a8da-b1ca-4701-9be5-fd2e19b434ae" testListId="8c84fa94-04c1-424b-9868-57a2d4851a1d" />
    <TestEntry testId="16a86ab9-e62d-4a0e-b884-3d1e6b6775dd" executionId="67873267-d8f2-4252-a8c5-9fecf897799b" testListId="8c84fa94-04c1-424b-9868-57a2d4851a1d" />
    <TestEntry testId="ed634e34-51ca-4986-825f-9c233c166ec6" executionId="a5f3aa0c-9969-4029-8fd7-83f337e81785" testListId="8c84fa94-04c1-424b-9868-57a2d4851a1d" />
    <TestEntry testId="227157c8-b003-4a08-9bc5-aa96d68119a6" executionId="7cb89304-f4f8-49a0-a645-02f8bac82b60" testListId="8c84fa94-04c1-424b-9868-57a2d4851a1d" />
    <TestEntry testId="ac7068ef-51a0-4f08-aa4c-8ec1aa5b1c7d" executionId="892c43d1-f559-4536-af84-b33104416cef" testListId="8c84fa94-04c1-424b-9868-57a2d4851a1d" />
    <TestEntry testId="420b19d2-6abf-4b87-a225-5f2b867aca06" executionId="581930fd-73ac-416f-9b11-2197f31686ed" testListId="8c84fa94-04c1-424b-9868-57a2d4851a1d" />
    <TestEntry testId="1a7fee8a-0236-47f2-a8c7-c13b8e3a91ef" executionId="4ef802ee-7c51-459b-8afd-250523aea104" testListId="8c84fa94-04c1-424b-9868-57a2d4851a1d" />
    <TestEntry testId="46c48497-7262-4bc6-9862-ead8ec8c0df4" executionId="26e43b50-a6ce-435b-9acc-87d3cc4dde30" testListId="8c84fa94-04c1-424b-9868-57a2d4851a1d" />
    <TestEntry testId="5ec7ea3b-a92f-4768-a800-8e17f8fed618" executionId="71b3528e-65a0-4a30-9a0f-7ec49ffebb6b" testListId="8c84fa94-04c1-424b-9868-57a2d4851a1d" />
    <TestEntry testId="9dd499da-a636-4bf9-9702-154a05ccc255" executionId="1cf06b10-370c-4e3f-91ce-474a8d0f83ac" testListId="8c84fa94-04c1-424b-9868-57a2d4851a1d" />
    <TestEntry testId="4f3aca2c-58b3-4846-abfe-5375bef4cb0c" executionId="d3bdb4aa-7ce1-4d7d-9d9d-2db46251ce37" testListId="8c84fa94-04c1-424b-9868-57a2d4851a1d" />
    <TestEntry testId="5b2fa7cd-be7a-4b01-97fc-899141a921ab" executionId="1544a345-30e2-42ec-a1b1-312c2a8904f3" testListId="8c84fa94-04c1-424b-9868-57a2d4851a1d" />
    <TestEntry testId="e5e82ead-9799-4691-96e9-f93e1bba7e95" executionId="be3e4f64-0e9a-47e8-bf7c-dbcc3f2984a5" testListId="8c84fa94-04c1-424b-9868-57a2d4851a1d" />
    <TestEntry testId="54494514-d6d3-4f5c-8358-b47345ebad01" executionId="d5a02ecf-cf49-4b89-8444-93349f3ee9f6" testListId="8c84fa94-04c1-424b-9868-57a2d4851a1d" />
    <TestEntry testId="f7883fa3-28c4-4535-a6b3-42f26b7d8bbb" executionId="ce1d0051-bbf8-45e6-81c6-24abc9638302" testListId="8c84fa94-04c1-424b-9868-57a2d4851a1d" />
    <TestEntry testId="bd406db3-dc23-4419-b7c2-213622a619a1" executionId="9dc67336-5806-4ce1-a13c-66a18b416da9" testListId="8c84fa94-04c1-424b-9868-57a2d4851a1d" />
    <TestEntry testId="e69ea360-9dfe-4553-8b4b-6ba57afdac7d" executionId="366e5322-0fcf-4a6b-adc9-1c47e2fdcebd" testListId="8c84fa94-04c1-424b-9868-57a2d4851a1d" />
    <TestEntry testId="0f0c212d-b109-421d-99bd-fc138a1f56b2" executionId="5c002663-27d8-45ad-b48e-d5907210d579" testListId="8c84fa94-04c1-424b-9868-57a2d4851a1d" />
    <TestEntry testId="cf7a95e9-0316-43de-9d91-324d69eee098" executionId="7a78b500-1ef2-4220-83f9-95db2d986dae" testListId="8c84fa94-04c1-424b-9868-57a2d4851a1d" />
    <TestEntry testId="54063827-aed4-4bc8-8b22-7a3e431ff3cf" executionId="18ef0637-2c8a-4fb6-8dcf-bb58b06e8252" testListId="8c84fa94-04c1-424b-9868-57a2d4851a1d" />
    <TestEntry testId="cb8d668b-5e03-43a0-9575-1f048b8f0750" executionId="a23f213a-59bd-41a8-884b-c550c0f23ec0" testListId="8c84fa94-04c1-424b-9868-57a2d4851a1d" />
    <TestEntry testId="234e369e-3c1e-4e1d-a6ee-fbee2cca0070" executionId="fb521d47-26b3-491b-a1c0-bddadae84fcd" testListId="8c84fa94-04c1-424b-9868-57a2d4851a1d" />
    <TestEntry testId="fe0ace90-08b5-4eb8-b2be-c51d3a0723d7" executionId="1fb64c39-9e66-4908-9cb2-0f6baf661cb0" testListId="8c84fa94-04c1-424b-9868-57a2d4851a1d" />
    <TestEntry testId="d78607d2-5774-466e-805e-43c7d215b137" executionId="c4e551ea-b6ce-46df-af55-d2163ad5add1" testListId="8c84fa94-04c1-424b-9868-57a2d4851a1d" />
    <TestEntry testId="f919c071-5ef4-445a-8c0a-48542c8c67c9" executionId="6424f373-7474-4ab3-8ca1-26301c568977" testListId="8c84fa94-04c1-424b-9868-57a2d4851a1d" />
    <TestEntry testId="eea180d2-dfc0-44c2-bb2b-0454fd7f03bb" executionId="0a84354c-ae24-429b-8b54-de3290847fdf" testListId="8c84fa94-04c1-424b-9868-57a2d4851a1d" />
    <TestEntry testId="1a02cd34-822a-4167-bce0-c28b41966e9c" executionId="4aeea105-09c6-4632-b229-a5d098325675" testListId="8c84fa94-04c1-424b-9868-57a2d4851a1d" />
    <TestEntry testId="43576e93-ef10-4f3c-95b5-a1115f09352b" executionId="c6e076c3-107c-45e4-b6b8-9beadab9a7f5" testListId="8c84fa94-04c1-424b-9868-57a2d4851a1d" />
    <TestEntry testId="83766d70-6fc8-40aa-941d-cfc32d360154" executionId="f47197c7-e3ab-404a-9a5f-02c10e2fdf50" testListId="8c84fa94-04c1-424b-9868-57a2d4851a1d" />
    <TestEntry testId="ba27a3df-617c-4d3a-8a54-05fd5f9f83ab" executionId="0d574565-f091-4137-9915-dc2ebf10c380" testListId="8c84fa94-04c1-424b-9868-57a2d4851a1d" />
    <TestEntry testId="82f17b9e-02cf-4c76-88f0-5b4c329a3b9c" executionId="23d5f0fa-3923-42e3-904d-878f6f860ab5" testListId="8c84fa94-04c1-424b-9868-57a2d4851a1d" />
    <TestEntry testId="6ece63e3-5342-4bdd-ab0f-c9565c732448" executionId="22e6d6b9-28db-4445-87d9-5cbeef4a1da6" testListId="8c84fa94-04c1-424b-9868-57a2d4851a1d" />
    <TestEntry testId="b83ab5da-0e59-4d02-9687-2808bcd4ee57" executionId="c67f2662-fb7e-4c54-b936-8a05826320c3" testListId="8c84fa94-04c1-424b-9868-57a2d4851a1d" />
    <TestEntry testId="7ce7b256-8597-4fa7-8951-4a09107f549c" executionId="e9fc5115-eb3d-4346-8a5f-dba3403c4643" testListId="8c84fa94-04c1-424b-9868-57a2d4851a1d" />
    <TestEntry testId="b1552bb2-85c5-4ea1-9c44-fdf641e63581" executionId="2c8371e5-7e94-4f05-97d8-129f1e8dfb00" testListId="8c84fa94-04c1-424b-9868-57a2d4851a1d" />
    <TestEntry testId="296694c1-edb4-4528-b695-c50c2ab83369" executionId="4398ebbc-869a-4ee6-8f24-7ae8684f06f5" testListId="8c84fa94-04c1-424b-9868-57a2d4851a1d" />
    <TestEntry testId="db357284-0776-41f3-a316-6913d99aa44c" executionId="5a1092bc-a754-47da-a328-a183a95d6a44" testListId="8c84fa94-04c1-424b-9868-57a2d4851a1d" />
    <TestEntry testId="2fe1fee6-89eb-44ee-a8e6-ae09837c1291" executionId="f005db78-518c-4ef8-a20e-8ed94f88c410" testListId="8c84fa94-04c1-424b-9868-57a2d4851a1d" />
    <TestEntry testId="d1cb97ea-5471-443c-bbe2-4a7e9e051f6a" executionId="41f45e21-7258-445c-a56d-b05190a10c7c" testListId="8c84fa94-04c1-424b-9868-57a2d4851a1d" />
    <TestEntry testId="59e75969-2f1f-4386-93ea-f8b8ec346489" executionId="9407831e-4ab1-4a8d-ab7e-3173fc45f06b" testListId="8c84fa94-04c1-424b-9868-57a2d4851a1d" />
    <TestEntry testId="fd490033-f0d2-4079-bd81-26832318e8cf" executionId="eb2c77ea-6253-4a93-838f-133d323968df" testListId="8c84fa94-04c1-424b-9868-57a2d4851a1d" />
    <TestEntry testId="016714ce-6e6e-4de9-a724-8bc25b7eee5f" executionId="0b49c2cd-830d-4f72-aa1c-fa614fe4896e" testListId="8c84fa94-04c1-424b-9868-57a2d4851a1d" />
    <TestEntry testId="920e07c5-54fd-4a51-8325-1fd64d383351" executionId="49b67cc1-61ee-4ebe-9c91-98c22fad0d7c" testListId="8c84fa94-04c1-424b-9868-57a2d4851a1d" />
    <TestEntry testId="5fc6348f-ff9e-4d9e-9daf-022ca076f89b" executionId="ec42f3ee-1931-4f2f-90c7-3af10c5b8cb2" testListId="8c84fa94-04c1-424b-9868-57a2d4851a1d" />
    <TestEntry testId="a4d777c2-6699-450f-ac24-cf9185396b90" executionId="05888624-0be1-4908-898e-282faa6bd06e" testListId="8c84fa94-04c1-424b-9868-57a2d4851a1d" />
    <TestEntry testId="5dd80b9a-3e96-453c-92fb-78139dbeb0e6" executionId="bdf0fc27-8c93-4d69-ab39-df321581cea1" testListId="8c84fa94-04c1-424b-9868-57a2d4851a1d" />
    <TestEntry testId="5b0ed2c7-772c-421c-8e05-c14d798c1b83" executionId="57c2177a-fed6-439e-9658-b858034ed003" testListId="8c84fa94-04c1-424b-9868-57a2d4851a1d" />
    <TestEntry testId="223a6511-4638-4e0a-9b14-fbc058a0552d" executionId="0a9b3b57-1964-42be-a60f-67176bc868b2" testListId="8c84fa94-04c1-424b-9868-57a2d4851a1d" />
    <TestEntry testId="ba10979f-3a11-42e3-a879-34cab6403de9" executionId="ba8e9393-8bc1-400d-b03f-5ba7dd6973b5" testListId="8c84fa94-04c1-424b-9868-57a2d4851a1d" />
    <TestEntry testId="cd944dfc-7d2d-4f81-993e-b23e61f7844f" executionId="04e2e326-9c83-4cd4-8d4e-12f47d6b545e" testListId="8c84fa94-04c1-424b-9868-57a2d4851a1d" />
    <TestEntry testId="0e799ec6-c218-44f1-8b87-0019367d6354" executionId="f16e61d8-f56f-47b8-9850-62440a9e5517" testListId="8c84fa94-04c1-424b-9868-57a2d4851a1d" />
    <TestEntry testId="40f57528-4300-4b65-84a4-93a6fabca9e1" executionId="1dcd6d62-72dc-4110-80e6-c1bc680dc1fc" testListId="8c84fa94-04c1-424b-9868-57a2d4851a1d" />
    <TestEntry testId="9df07e36-3b3a-4d0c-90c9-165cc3ce1185" executionId="4b7f352a-40a3-45b5-b1c0-cad70e008252" testListId="8c84fa94-04c1-424b-9868-57a2d4851a1d" />
    <TestEntry testId="cfb41085-599c-45e3-8676-fce4fe80ca78" executionId="7885f7fc-a93f-4614-81de-a128e38935b4" testListId="8c84fa94-04c1-424b-9868-57a2d4851a1d" />
    <TestEntry testId="083eea96-5db7-4a96-bd85-3e4174ee3583" executionId="a1d778f1-7951-422a-9c96-b3dd5ce67789" testListId="8c84fa94-04c1-424b-9868-57a2d4851a1d" />
    <TestEntry testId="e23f2428-b175-407a-9cdc-25c49c345b0f" executionId="4a2ed309-9e93-4ec5-8ba3-0cc1b06e3b54" testListId="8c84fa94-04c1-424b-9868-57a2d4851a1d" />
    <TestEntry testId="07f22659-307a-4122-9fc4-8fd784b56b2c" executionId="566e5e6e-9f1a-4750-8c47-73d98fb4d98c" testListId="8c84fa94-04c1-424b-9868-57a2d4851a1d" />
    <TestEntry testId="19104e05-4077-40cf-b495-d891f61eb3e6" executionId="2601038f-f090-490d-9dc0-84de3bb5c967" testListId="8c84fa94-04c1-424b-9868-57a2d4851a1d" />
    <TestEntry testId="85eecd32-f405-4ba6-9512-67db879427a2" executionId="b27ddeb8-80c7-4788-a7d8-75d95e028dbb" testListId="8c84fa94-04c1-424b-9868-57a2d4851a1d" />
    <TestEntry testId="75525ef3-f1e5-4275-bdd3-9985c6398bc1" executionId="e90c7c17-6014-4e6b-a469-7efadd2ee532" testListId="8c84fa94-04c1-424b-9868-57a2d4851a1d" />
    <TestEntry testId="ed6d1bd0-67d2-4d0f-ab92-6d37dda353f1" executionId="3dfbaf80-27e1-4712-b3b9-1b149fb66ca4" testListId="8c84fa94-04c1-424b-9868-57a2d4851a1d" />
    <TestEntry testId="158460ef-bf7c-4246-86ff-a6925c9a9684" executionId="85ab2104-4107-4c92-bd8c-7d815545843a" testListId="8c84fa94-04c1-424b-9868-57a2d4851a1d" />
    <TestEntry testId="ba1542df-a990-4247-8417-791ac99a0e59" executionId="505c5ec7-4413-4e6a-917c-77d4a402865a" testListId="8c84fa94-04c1-424b-9868-57a2d4851a1d" />
    <TestEntry testId="3c6b479c-215f-4b1d-88be-f3820d58e98f" executionId="1a14bef7-002e-4958-a25a-0cb46ab56f92" testListId="8c84fa94-04c1-424b-9868-57a2d4851a1d" />
    <TestEntry testId="05f2355e-13cc-4f43-b529-91dd978b063b" executionId="2e6ae669-67ce-4947-9b5b-dfd8e075afd0" testListId="8c84fa94-04c1-424b-9868-57a2d4851a1d" />
    <TestEntry testId="2df3c884-2672-4424-94bb-9dee78a98f27" executionId="6a476626-86c6-4b97-84dc-2f61b781c47b" testListId="8c84fa94-04c1-424b-9868-57a2d4851a1d" />
    <TestEntry testId="63c21b7f-3cb5-4610-b4c4-7e5f901a345d" executionId="4ec99660-7ced-499f-91e2-61fc81bcb8e7" testListId="8c84fa94-04c1-424b-9868-57a2d4851a1d" />
    <TestEntry testId="4c347d4f-a935-438b-b5be-b2b8336a82ae" executionId="83bbd317-e33e-4851-952e-f47499e1243d" testListId="8c84fa94-04c1-424b-9868-57a2d4851a1d" />
    <TestEntry testId="ffcbb735-6d76-4e34-b64f-7fc15629d499" executionId="de899e9c-4c6d-41c2-a8dc-e808e15180e6" testListId="8c84fa94-04c1-424b-9868-57a2d4851a1d" />
    <TestEntry testId="0258fb36-5176-48e1-a17b-bae77d1f786a" executionId="0aad192e-ee8d-4966-a5c6-68d097d3ec94" testListId="8c84fa94-04c1-424b-9868-57a2d4851a1d" />
    <TestEntry testId="d494ae9c-b826-4653-a08e-3059154e9cfa" executionId="3b65c0e3-f433-41ac-a479-16484f152dac" testListId="8c84fa94-04c1-424b-9868-57a2d4851a1d" />
    <TestEntry testId="78ae2de4-6f2b-4104-b8c4-ac548d0bc35c" executionId="42a0eea4-0848-4a41-ac0c-1dcade29da07" testListId="8c84fa94-04c1-424b-9868-57a2d4851a1d" />
    <TestEntry testId="d115ba00-b67f-45e5-b68b-63013e5e8576" executionId="2f124b8e-1ada-413a-86ec-7f0c9ac7ecc7" testListId="8c84fa94-04c1-424b-9868-57a2d4851a1d" />
    <TestEntry testId="3b7895e9-98f6-412b-adaa-1f65c58d9109" executionId="38f46cfc-cb17-470a-aab2-17885f52f306" testListId="8c84fa94-04c1-424b-9868-57a2d4851a1d" />
    <TestEntry testId="9456965d-1850-4ae1-ab1f-44d752ea747e" executionId="d5ab706a-75fe-4526-bda1-98b56204dcc6" testListId="8c84fa94-04c1-424b-9868-57a2d4851a1d" />
    <TestEntry testId="e2587b2a-9e97-4794-b6c8-7e1507f1b2d7" executionId="39332431-baaa-4bcd-b309-45c068fc5cc3" testListId="8c84fa94-04c1-424b-9868-57a2d4851a1d" />
    <TestEntry testId="d20d09af-49b6-4a5b-859c-d4f75142e592" executionId="c54399b1-4744-48e4-8896-1e6c7d378a5a" testListId="8c84fa94-04c1-424b-9868-57a2d4851a1d" />
    <TestEntry testId="415c470b-1dd0-4093-bc79-2c3073055f3b" executionId="7a45dcab-76eb-4cda-b387-1ac23a7beb1d" testListId="8c84fa94-04c1-424b-9868-57a2d4851a1d" />
    <TestEntry testId="b944e1dc-69d9-4768-a382-9d86c683d608" executionId="5c1e6c45-0517-4530-8189-b0632ef40ef8" testListId="8c84fa94-04c1-424b-9868-57a2d4851a1d" />
    <TestEntry testId="bea0ad1f-f73a-47df-ae0d-156d06da5c77" executionId="e02820c3-2d7c-4892-bb03-8279fad0934c" testListId="8c84fa94-04c1-424b-9868-57a2d4851a1d" />
    <TestEntry testId="615317b2-3976-48ed-9bf8-abe5f030f2d3" executionId="2e19cfff-a63b-4a9f-9897-71ad8eedfaa4" testListId="8c84fa94-04c1-424b-9868-57a2d4851a1d" />
    <TestEntry testId="f3298e9b-55ba-4036-8f8b-2845100fbf20" executionId="274f9738-996c-4223-9f80-23401902caba" testListId="8c84fa94-04c1-424b-9868-57a2d4851a1d" />
    <TestEntry testId="e466f218-5385-45c5-aedd-63995e321050" executionId="0ce7d0f9-edbf-4436-888c-f6f0bc522902" testListId="8c84fa94-04c1-424b-9868-57a2d4851a1d" />
    <TestEntry testId="f0f80d54-5bff-4013-beea-3445781b6c75" executionId="7acbe550-70ce-49d1-a146-c7e030213573" testListId="8c84fa94-04c1-424b-9868-57a2d4851a1d" />
    <TestEntry testId="ea6f2d81-fb68-4812-85a7-71e5de499bb7" executionId="b3ca65b6-ff44-485c-84ed-80ed30d1e70a" testListId="8c84fa94-04c1-424b-9868-57a2d4851a1d" />
    <TestEntry testId="9442897f-630f-41bd-b1be-0666004a2376" executionId="2818c94c-986e-40f4-9b13-7b2bfd997378" testListId="8c84fa94-04c1-424b-9868-57a2d4851a1d" />
    <TestEntry testId="06d5e3af-92e9-4853-850a-69fecb33bc30" executionId="74bd0bb6-246a-437a-b6d5-520992220a99" testListId="8c84fa94-04c1-424b-9868-57a2d4851a1d" />
    <TestEntry testId="2d3df2f9-27d0-4972-a314-ee78ddd33c61" executionId="607c9d2d-2755-4375-969b-2968f697b393" testListId="8c84fa94-04c1-424b-9868-57a2d4851a1d" />
    <TestEntry testId="5e7d4422-5468-4b59-ae2e-f52cb74e93c0" executionId="33006498-e1ac-4f24-9018-0b79b4ebca5e" testListId="8c84fa94-04c1-424b-9868-57a2d4851a1d" />
    <TestEntry testId="3489e7b6-6764-465f-8ea0-2851d339d0ee" executionId="0802fb83-1c8b-4ea8-96d6-2224a2fe639e" testListId="8c84fa94-04c1-424b-9868-57a2d4851a1d" />
    <TestEntry testId="d9edc7d3-7e49-4ef4-a0ac-205292fd9eba" executionId="ed91bbdb-0ba6-41d8-adb2-14bc7e276bb7" testListId="8c84fa94-04c1-424b-9868-57a2d4851a1d" />
    <TestEntry testId="d4a37cb7-a050-48c6-85d4-855556a11a0b" executionId="43421e78-0f5a-46a1-81fb-63afd6659dca" testListId="8c84fa94-04c1-424b-9868-57a2d4851a1d" />
    <TestEntry testId="00441b95-17f5-4ac6-97dc-cd0d518561cb" executionId="ec6bbd0e-5939-4322-b006-ca5a41ee5331" testListId="8c84fa94-04c1-424b-9868-57a2d4851a1d" />
  </TestEntries>
  <TestLists>
    <TestList name="Results Not in a List" id="8c84fa94-04c1-424b-9868-57a2d4851a1d" />
    <TestList name="All Loaded Results" id="19431567-8539-422a-85d7-44ee4e166bda" />
  </TestLists>
  <ResultSummary outcome="Completed">
    <Counters total="117" executed="117" passed="117" failed="0" error="0" timeout="0" aborted="0" inconclusive="0" passedButRunAborted="0" notRunnable="0" notExecuted="0" disconnected="0" warning="0" completed="0" inProgress="0" pending="0" />
  </ResultSummary>
</TestRun>