<?xml version="1.0" encoding="UTF-8"?>
<TestRun id="5630901a-a7e1-4b44-b55e-a75c13d7461d" name="tfsmladm@TFSBUILD11 2015-09-28 09:43:17" runUser="REDMOND\tfsmladm" xmlns="http://microsoft.com/schemas/VisualStudio/TeamTest/2010">
  <Times creation="2015-09-28T09:43:17.3426502-07:00" queuing="2015-09-28T09:43:17.3426502-07:00" start="2015-09-28T09:43:17.3582771-07:00" finish="2015-09-28T09:43:17.6707988-07:00" />
  <TestSettings name="default" id="88235331-3a46-4a7b-9a44-cedca5bb6412">
    <Execution>
      <TestTypeSpecific />
    </Execution>
    <Deployment runDeploymentRoot="tfsmladm_TFSBUILD11 2015-09-28 09_43_17" />
    <Properties />
  </TestSettings>
  <Results>
    <UnitTestResult executionId="e18b4a0b-68d6-4112-b3e8-71ab2a7a104a" testId="72445d2a-ca6b-8baf-32e6-b06e9817b59a" testName="RestRunExtensions_AddsResourceReferenceUrls" computerName="TFSBUILD11" duration="00:00:00.0860923" startTime="2015-09-28T09:43:16.9676241-07:00" endTime="2015-09-28T09:43:17.1238846-07:00" testType="13cdc9d9-ddb5-4fa4-a97d-d965ccfc6d4b" outcome="Passed" testListId="8c84fa94-04c1-424b-9868-57a2d4851a1d" relativeResultsDirectory="e18b4a0b-68d6-4112-b3e8-71ab2a7a104a" />
    <UnitTestResult executionId="ea1be122-be09-4c99-b02b-4923fdf5c59d" testId="2b649fbb-b597-2c85-dcf3-bc7f040fe890" testName="RestRunExtensions_AddsStructuralLinks" computerName="TFSBUILD11" duration="00:00:00.0023438" startTime="2015-09-28T09:43:17.1395113-07:00" endTime="2015-09-28T09:43:17.1395113-07:00" testType="13cdc9d9-ddb5-4fa4-a97d-d965ccfc6d4b" outcome="Passed" testListId="8c84fa94-04c1-424b-9868-57a2d4851a1d" relativeResultsDirectory="ea1be122-be09-4c99-b02b-4923fdf5c59d" />
    <UnitTestResult executionId="fd31567c-03bf-467f-a07f-2408075d904c" testId="39dc41fe-fc24-ffb8-990d-6f6b27dcad0d" testName="IssueLogValidator_AcceptsValidIssueLogWithEmptyIssuesList" computerName="TFSBUILD11" duration="00:00:00.1178032" startTime="2015-09-28T09:43:17.1395113-07:00" endTime="2015-09-28T09:43:17.2645196-07:00" testType="13cdc9d9-ddb5-4fa4-a97d-d965ccfc6d4b" outcome="Passed" testListId="8c84fa94-04c1-424b-9868-57a2d4851a1d" relativeResultsDirectory="fd31567c-03bf-467f-a07f-2408075d904c" />
    <UnitTestResult executionId="9d10844c-9687-4a7e-a1f2-536e4830d1ec" testId="f341c938-191e-4d47-96a9-219169d3267b" testName="IssueLogValidator_ThrowsExceptionForNullIssueLog" computerName="TFSBUILD11" duration="00:00:00.0363937" startTime="2015-09-28T09:43:17.2645196-07:00" endTime="2015-09-28T09:43:17.2957718-07:00" testType="13cdc9d9-ddb5-4fa4-a97d-d965ccfc6d4b" outcome="Passed" testListId="8c84fa94-04c1-424b-9868-57a2d4851a1d" relativeResultsDirectory="9d10844c-9687-4a7e-a1f2-536e4830d1ec" />
    <UnitTestResult executionId="48288b47-d643-420a-893d-0f35587366cf" testId="e3a51c9a-e96b-9399-5a83-ba126a407499" testName="IssueLogValidator_ThrowsExceptionForMissingIssues" computerName="TFSBUILD11" duration="00:00:00.0016952" startTime="2015-09-28T09:43:17.2957718-07:00" endTime="2015-09-28T09:43:17.2957718-07:00" testType="13cdc9d9-ddb5-4fa4-a97d-d965ccfc6d4b" outcome="Passed" testListId="8c84fa94-04c1-424b-9868-57a2d4851a1d" relativeResultsDirectory="48288b47-d643-420a-893d-0f35587366cf" />
    <UnitTestResult executionId="95efd9d0-6991-4d00-96e0-c7ee27578b0d" testId="f2941c1f-0e28-8703-16ad-31ceded92ee6" testName="IssueLogValidator_ThrowsExceptionForMissingToolInfo" computerName="TFSBUILD11" duration="00:00:00.0005373" startTime="2015-09-28T09:43:17.2957718-07:00" endTime="2015-09-28T09:43:17.2957718-07:00" testType="13cdc9d9-ddb5-4fa4-a97d-d965ccfc6d4b" outcome="Passed" testListId="8c84fa94-04c1-424b-9868-57a2d4851a1d" relativeResultsDirectory="95efd9d0-6991-4d00-96e0-c7ee27578b0d" />
    <UnitTestResult executionId="3f8d7599-0bc2-4750-8189-3585ca4a173f" testId="13cf7f5d-a856-8187-293a-14eb1399e327" testName="IssueLogValidator_ThrowsExceptionForMissingToolName" computerName="TFSBUILD11" duration="00:00:00.0005654" startTime="2015-09-28T09:43:17.2957718-07:00" endTime="2015-09-28T09:43:17.2957718-07:00" testType="13cdc9d9-ddb5-4fa4-a97d-d965ccfc6d4b" outcome="Passed" testListId="8c84fa94-04c1-424b-9868-57a2d4851a1d" relativeResultsDirectory="3f8d7599-0bc2-4750-8189-3585ca4a173f" />
    <UnitTestResult executionId="a018b970-6852-4ff3-aa9c-34c42f42dc3b" testId="be2c3728-b1fc-248c-eede-bbaefb5cad96" testName="IssueLogValidator_AcceptsMinRequiredIssueLog" computerName="TFSBUILD11" duration="00:00:00.0086459" startTime="2015-09-28T09:43:17.2957718-07:00" endTime="2015-09-28T09:43:17.3113985-07:00" testType="13cdc9d9-ddb5-4fa4-a97d-d965ccfc6d4b" outcome="Passed" testListId="8c84fa94-04c1-424b-9868-57a2d4851a1d" relativeResultsDirectory="a018b970-6852-4ff3-aa9c-34c42f42dc3b" />
    <UnitTestResult executionId="bde74df8-099e-432d-8f40-62534aa5551d" testId="3288187b-d973-1ef4-cf17-4e060086e1a7" testName="IssueLogValidator_AcceptsIssueWithoutFingerprint" computerName="TFSBUILD11" duration="00:00:00.0003973" startTime="2015-09-28T09:43:17.3113985-07:00" endTime="2015-09-28T09:43:17.3113985-07:00" testType="13cdc9d9-ddb5-4fa4-a97d-d965ccfc6d4b" outcome="Passed" testListId="8c84fa94-04c1-424b-9868-57a2d4851a1d" relativeResultsDirectory="bde74df8-099e-432d-8f40-62534aa5551d" />
    <UnitTestResult executionId="6c714358-5f21-41ec-89e8-8ca4b8911054" testId="cab3a00c-80b0-df06-3ec9-b133f2f7766c" testName="IssueLogValidator_ThrowsExceptionForInvalidRuleId" computerName="TFSBUILD11" duration="00:00:00.0013164" startTime="2015-09-28T09:43:17.3113985-07:00" endTime="2015-09-28T09:43:17.3113985-07:00" testType="13cdc9d9-ddb5-4fa4-a97d-d965ccfc6d4b" outcome="Passed" testListId="8c84fa94-04c1-424b-9868-57a2d4851a1d" relativeResultsDirectory="6c714358-5f21-41ec-89e8-8ca4b8911054" />
    <UnitTestResult executionId="cca8a457-45f0-4da5-a937-bf354fe27d87" testId="b297df5a-2d0b-3998-07ee-954e1883ef0c" testName="IssueLogValidator_ThrowsExceptionForInvalidFullMessage" computerName="TFSBUILD11" duration="00:00:00.0008055" startTime="2015-09-28T09:43:17.3113985-07:00" endTime="2015-09-28T09:43:17.3270243-07:00" testType="13cdc9d9-ddb5-4fa4-a97d-d965ccfc6d4b" outcome="Passed" testListId="8c84fa94-04c1-424b-9868-57a2d4851a1d" relativeResultsDirectory="cca8a457-45f0-4da5-a937-bf354fe27d87" />
    <UnitTestResult executionId="30fbfca3-de52-40f8-a525-9228be9bbc83" testId="cfd5f4e8-18d0-89fd-36e4-6cd07db1f97c" testName="IssueLogValidator_AcceptsIssueWithoutLocation" computerName="TFSBUILD11" duration="00:00:00.0004260" startTime="2015-09-28T09:43:17.3270243-07:00" endTime="2015-09-28T09:43:17.3270243-07:00" testType="13cdc9d9-ddb5-4fa4-a97d-d965ccfc6d4b" outcome="Passed" testListId="8c84fa94-04c1-424b-9868-57a2d4851a1d" relativeResultsDirectory="30fbfca3-de52-40f8-a525-9228be9bbc83" />
    <UnitTestResult executionId="33dc6f67-11ff-49ff-baab-d18d2c20d4a5" testId="510d3d8b-d755-33ab-3227-0a3898244fa9" testName="IssueLogValidator_AcceptsLocationWithOnlyAnalysisTarget" computerName="TFSBUILD11" duration="00:00:00.0005142" startTime="2015-09-28T09:43:17.3270243-07:00" endTime="2015-09-28T09:43:17.3270243-07:00" testType="13cdc9d9-ddb5-4fa4-a97d-d965ccfc6d4b" outcome="Passed" testListId="8c84fa94-04c1-424b-9868-57a2d4851a1d" relativeResultsDirectory="33dc6f67-11ff-49ff-baab-d18d2c20d4a5" />
    <UnitTestResult executionId="2802b784-b144-4998-9bb1-147c16d503ea" testId="6bee0e2c-bee9-469b-d470-f7868b15b97e" testName="IssueLogValidator_AcceptsLocationWithOnlyIssueFile" computerName="TFSBUILD11" duration="00:00:00.0006695" startTime="2015-09-28T09:43:17.3270243-07:00" endTime="2015-09-28T09:43:17.3270243-07:00" testType="13cdc9d9-ddb5-4fa4-a97d-d965ccfc6d4b" outcome="Passed" testListId="8c84fa94-04c1-424b-9868-57a2d4851a1d" relativeResultsDirectory="2802b784-b144-4998-9bb1-147c16d503ea" />
    <UnitTestResult executionId="fee5171f-433b-457b-8c19-c811fd950643" testId="f407f16f-c282-eaed-17dd-8c34a2f3a45a" testName="IssueLogValidator_AcceptsLocationWithBothAnalysisTargetAndIssueFile" computerName="TFSBUILD11" duration="00:00:00.0005455" startTime="2015-09-28T09:43:17.3270243-07:00" endTime="2015-09-28T09:43:17.3270243-07:00" testType="13cdc9d9-ddb5-4fa4-a97d-d965ccfc6d4b" outcome="Passed" testListId="8c84fa94-04c1-424b-9868-57a2d4851a1d" relativeResultsDirectory="fee5171f-433b-457b-8c19-c811fd950643" />
    <UnitTestResult executionId="26ea304b-99bb-478e-a814-da9aa527993e" testId="7e5f4015-8e05-8582-154c-04f2d1344cce" testName="IssueLogValidator_ThrowsExceptionIfAnalysisTargetAndIssueFileAreMissing" computerName="TFSBUILD11" duration="00:00:00.0005842" startTime="2015-09-28T09:43:17.3270243-07:00" endTime="2015-09-28T09:43:17.3270243-07:00" testType="13cdc9d9-ddb5-4fa4-a97d-d965ccfc6d4b" outcome="Passed" testListId="8c84fa94-04c1-424b-9868-57a2d4851a1d" relativeResultsDirectory="26ea304b-99bb-478e-a814-da9aa527993e" />
    <UnitTestResult executionId="dd3db1d4-d866-4cd0-9139-6f58cc5f8056" testId="89c509fc-12aa-360b-a605-5f1d3dd8b49d" testName="IssueLogValidator_ThrowsExceptionForAnalysisTargetWithNoComponents" computerName="TFSBUILD11" duration="00:00:00.0005028" startTime="2015-09-28T09:43:17.3270243-07:00" endTime="2015-09-28T09:43:17.3270243-07:00" testType="13cdc9d9-ddb5-4fa4-a97d-d965ccfc6d4b" outcome="Passed" testListId="8c84fa94-04c1-424b-9868-57a2d4851a1d" relativeResultsDirectory="dd3db1d4-d866-4cd0-9139-6f58cc5f8056" />
    <UnitTestResult executionId="37c94290-92a9-456a-964f-8d48ea66e488" testId="92778b14-c5a9-fbad-d33c-7a893fc2cee5" testName="IssueLogValidator_AcceptsIssueFileWithComponents" computerName="TFSBUILD11" duration="00:00:00.0005452" startTime="2015-09-28T09:43:17.3270243-07:00" endTime="2015-09-28T09:43:17.3270243-07:00" testType="13cdc9d9-ddb5-4fa4-a97d-d965ccfc6d4b" outcome="Passed" testListId="8c84fa94-04c1-424b-9868-57a2d4851a1d" relativeResultsDirectory="37c94290-92a9-456a-964f-8d48ea66e488" />
    <UnitTestResult executionId="6ae6ab47-44cf-47fc-8e96-dc48b39650b7" testId="aa15e918-b3e2-aba8-6a08-f3aec1852807" testName="IssueLogValidator_ThrowsExceptionForIssueFileWithNoComponents" computerName="TFSBUILD11" duration="00:00:00.0005339" startTime="2015-09-28T09:43:17.3270243-07:00" endTime="2015-09-28T09:43:17.3270243-07:00" testType="13cdc9d9-ddb5-4fa4-a97d-d965ccfc6d4b" outcome="Passed" testListId="8c84fa94-04c1-424b-9868-57a2d4851a1d" relativeResultsDirectory="6ae6ab47-44cf-47fc-8e96-dc48b39650b7" />
    <UnitTestResult executionId="226c9123-8d35-4544-b6e7-c1a366cb1a94" testId="7eb4f93c-b417-9a05-cea2-e6c4e3cf9321" testName="IssueLogValidator_ThrowsExceptionForInvalidPhysicalLocationComponentUri" computerName="TFSBUILD11" duration="00:00:00.0010618" startTime="2015-09-28T09:43:17.3270243-07:00" endTime="2015-09-28T09:43:17.3270243-07:00" testType="13cdc9d9-ddb5-4fa4-a97d-d965ccfc6d4b" outcome="Passed" testListId="8c84fa94-04c1-424b-9868-57a2d4851a1d" relativeResultsDirectory="226c9123-8d35-4544-b6e7-c1a366cb1a94" />
    <UnitTestResult executionId="c817edef-ba01-4c6c-b779-cf36dcc50bb5" testId="4d29c185-fd10-9d0d-e708-0be66b9a598e" testName="IssueLogValidator_AcceptsRegionOnAnyPhysicalComponent" computerName="TFSBUILD11" duration="00:00:00.0006920" startTime="2015-09-28T09:43:17.3270243-07:00" endTime="2015-09-28T09:43:17.3270243-07:00" testType="13cdc9d9-ddb5-4fa4-a97d-d965ccfc6d4b" outcome="Passed" testListId="8c84fa94-04c1-424b-9868-57a2d4851a1d" relativeResultsDirectory="c817edef-ba01-4c6c-b779-cf36dcc50bb5" />
    <UnitTestResult executionId="0894d58e-2d87-499b-9a52-6fe07963859a" testId="7582f681-992b-45c0-39cb-3fe8ea6b974f" testName="IssueLogValidator_AcceptsLocationWithoutRegion" computerName="TFSBUILD11" duration="00:00:00.0004659" startTime="2015-09-28T09:43:17.3270243-07:00" endTime="2015-09-28T09:43:17.3270243-07:00" testType="13cdc9d9-ddb5-4fa4-a97d-d965ccfc6d4b" outcome="Passed" testListId="8c84fa94-04c1-424b-9868-57a2d4851a1d" relativeResultsDirectory="0894d58e-2d87-499b-9a52-6fe07963859a" />
    <UnitTestResult executionId="c4d8a8a8-1208-4c15-933e-23235778146c" testId="2b639535-6fe7-84fe-5e56-daca44925cca" testName="IssueLogValidator_ThrowsExceptionForInvalidRegion" computerName="TFSBUILD11" duration="00:00:00.0037006" startTime="2015-09-28T09:43:17.3270243-07:00" endTime="2015-09-28T09:43:17.3270243-07:00" testType="13cdc9d9-ddb5-4fa4-a97d-d965ccfc6d4b" outcome="Passed" testListId="8c84fa94-04c1-424b-9868-57a2d4851a1d" relativeResultsDirectory="c4d8a8a8-1208-4c15-933e-23235778146c" />
    <UnitTestResult executionId="7ed47048-919c-41b8-9a33-7fcef65c45de" testId="6da2fe01-4f64-f3ce-f1ac-bbf09f2b0f43" testName="IssueLogValidator_AcceptsValidRegion" computerName="TFSBUILD11" duration="00:00:00.0005304" startTime="2015-09-28T09:43:17.3270243-07:00" endTime="2015-09-28T09:43:17.3270243-07:00" testType="13cdc9d9-ddb5-4fa4-a97d-d965ccfc6d4b" outcome="Passed" testListId="8c84fa94-04c1-424b-9868-57a2d4851a1d" relativeResultsDirectory="7ed47048-919c-41b8-9a33-7fcef65c45de" />
    <UnitTestResult executionId="b2a49c60-3db6-441a-8069-6a25d4014704" testId="dac388da-51a4-e4ef-7d63-41f815e58726" testName="IssueLogValidator_AcceptsRegionEvenIfAllMembersAreZero" computerName="TFSBUILD11" duration="00:00:00.0005296" startTime="2015-09-28T09:43:17.3270243-07:00" endTime="2015-09-28T09:43:17.3270243-07:00" testType="13cdc9d9-ddb5-4fa4-a97d-d965ccfc6d4b" outcome="Passed" testListId="8c84fa94-04c1-424b-9868-57a2d4851a1d" relativeResultsDirectory="b2a49c60-3db6-441a-8069-6a25d4014704" />
    <UnitTestResult executionId="ec2a67b7-529a-4228-aafb-9d8e36309cc4" testId="f7c14a7c-f869-e279-78ff-3998fa0b7261" testName="IssueLogValidator_AcceptsIssueWithoutExecutionFlow" computerName="TFSBUILD11" duration="00:00:00.0003384" startTime="2015-09-28T09:43:17.3270243-07:00" endTime="2015-09-28T09:43:17.3270243-07:00" testType="13cdc9d9-ddb5-4fa4-a97d-d965ccfc6d4b" outcome="Passed" testListId="8c84fa94-04c1-424b-9868-57a2d4851a1d" relativeResultsDirectory="ec2a67b7-529a-4228-aafb-9d8e36309cc4" />
    <UnitTestResult executionId="b847daf5-9a2c-4b57-998f-12a3efb21659" testId="c7061965-fe85-af7d-46db-743b7a53caa6" testName="IssueLogValidator_AcceptsIssueWithMultipleExecutionFlowsAndStacks" computerName="TFSBUILD11" duration="00:00:00.0013895" startTime="2015-09-28T09:43:17.3270243-07:00" endTime="2015-09-28T09:43:17.3426502-07:00" testType="13cdc9d9-ddb5-4fa4-a97d-d965ccfc6d4b" outcome="Passed" testListId="8c84fa94-04c1-424b-9868-57a2d4851a1d" relativeResultsDirectory="b847daf5-9a2c-4b57-998f-12a3efb21659" />
    <UnitTestResult executionId="8c9098cc-1d89-4a2a-8180-ccd8a7182e52" testId="7903e960-9ade-09e4-4645-17b66cf58b1d" testName="IssueLogValidator_ThrowsExceptionForInvalidExecutionFlowAmongMultipleExecutionFlows" computerName="TFSBUILD11" duration="00:00:00.0005467" startTime="2015-09-28T09:43:17.3426502-07:00" endTime="2015-09-28T09:43:17.3426502-07:00" testType="13cdc9d9-ddb5-4fa4-a97d-d965ccfc6d4b" outcome="Passed" testListId="8c84fa94-04c1-424b-9868-57a2d4851a1d" relativeResultsDirectory="8c9098cc-1d89-4a2a-8180-ccd8a7182e52" />
    <UnitTestResult executionId="b544c75b-1f85-4ac7-8bca-21d4ff5814f5" testId="8a564fd8-9f9d-d0ac-8527-74b8cdee588e" testName="IssueLogValidator_ThrowsExceptionForInvalidStackAmongMultipleStacks" computerName="TFSBUILD11" duration="00:00:00.0008399" startTime="2015-09-28T09:43:17.3426502-07:00" endTime="2015-09-28T09:43:17.3426502-07:00" testType="13cdc9d9-ddb5-4fa4-a97d-d965ccfc6d4b" outcome="Passed" testListId="8c84fa94-04c1-424b-9868-57a2d4851a1d" relativeResultsDirectory="b544c75b-1f85-4ac7-8bca-21d4ff5814f5" />
    <UnitTestResult executionId="7b46295b-d39e-4ff6-9db9-f6a6d6968a71" testId="3d6e6a8b-01ff-4b42-498f-d20434fbed49" testName="IssueLogValidator_ThrowsExceptionForExecutionFlowWithoutEntries" computerName="TFSBUILD11" duration="00:00:00.0005088" startTime="2015-09-28T09:43:17.3426502-07:00" endTime="2015-09-28T09:43:17.3426502-07:00" testType="13cdc9d9-ddb5-4fa4-a97d-d965ccfc6d4b" outcome="Passed" testListId="8c84fa94-04c1-424b-9868-57a2d4851a1d" relativeResultsDirectory="7b46295b-d39e-4ff6-9db9-f6a6d6968a71" />
    <UnitTestResult executionId="5f8d6d2d-90c1-4263-92cd-5cca16f1d021" testId="13c33ada-e2d1-f671-334b-7cceab32ae92" testName="IssueLogValidator_ThrowsExceptionForExecutionFlowEntryWithoutPhysicalLocation" computerName="TFSBUILD11" duration="00:00:00.0016139" startTime="2015-09-28T09:43:17.3426502-07:00" endTime="2015-09-28T09:43:17.3426502-07:00" testType="13cdc9d9-ddb5-4fa4-a97d-d965ccfc6d4b" outcome="Passed" testListId="8c84fa94-04c1-424b-9868-57a2d4851a1d" relativeResultsDirectory="5f8d6d2d-90c1-4263-92cd-5cca16f1d021" />
    <UnitTestResult executionId="686b3fcd-a3da-4541-8461-f883d0e4d039" testId="354ad866-c1b4-7e52-6b74-4582d5216603" testName="IssueLogValidator_ThrowsExceptionForExecutionFlowEntryWithInvalidPhysicalLocation" computerName="TFSBUILD11" duration="00:00:00.0011420" startTime="2015-09-28T09:43:17.3426502-07:00" endTime="2015-09-28T09:43:17.3426502-07:00" testType="13cdc9d9-ddb5-4fa4-a97d-d965ccfc6d4b" outcome="Passed" testListId="8c84fa94-04c1-424b-9868-57a2d4851a1d" relativeResultsDirectory="686b3fcd-a3da-4541-8461-f883d0e4d039" />
    <UnitTestResult executionId="6799d13d-919e-402a-8236-7e99d817de1b" testId="4775078a-f485-3e01-1364-757da0759987" testName="IssueLogValidator_ThrowsExceptionForExecutionFlowEntryWithInvalidLocationUri" computerName="TFSBUILD11" duration="00:00:00.0012430" startTime="2015-09-28T09:43:17.3426502-07:00" endTime="2015-09-28T09:43:17.3426502-07:00" testType="13cdc9d9-ddb5-4fa4-a97d-d965ccfc6d4b" outcome="Passed" testListId="8c84fa94-04c1-424b-9868-57a2d4851a1d" relativeResultsDirectory="6799d13d-919e-402a-8236-7e99d817de1b" />
    <UnitTestResult executionId="2026233f-6ebe-4dd2-8fc2-fae03bf85401" testId="df801e31-1351-423c-af74-dc21d8c95506" testName="IssueLogValidator_AcceptsExecutionFlowEntryLocationWithoutRegion" computerName="TFSBUILD11" duration="00:00:00.0005740" startTime="2015-09-28T09:43:17.3426502-07:00" endTime="2015-09-28T09:43:17.3426502-07:00" testType="13cdc9d9-ddb5-4fa4-a97d-d965ccfc6d4b" outcome="Passed" testListId="8c84fa94-04c1-424b-9868-57a2d4851a1d" relativeResultsDirectory="2026233f-6ebe-4dd2-8fc2-fae03bf85401" />
    <UnitTestResult executionId="4a53013f-523c-44ca-9063-24b8d22406cb" testId="69d84e34-d86d-a2d3-ece6-e0c376b6cf57" testName="IssueLogValidator_ThrowsExceptionForInvalidExecutionFlowEntryRegion" computerName="TFSBUILD11" duration="00:00:00.0040757" startTime="2015-09-28T09:43:17.3426502-07:00" endTime="2015-09-28T09:43:17.3426502-07:00" testType="13cdc9d9-ddb5-4fa4-a97d-d965ccfc6d4b" outcome="Passed" testListId="8c84fa94-04c1-424b-9868-57a2d4851a1d" relativeResultsDirectory="4a53013f-523c-44ca-9063-24b8d22406cb" />
    <UnitTestResult executionId="fcc19243-ff75-444e-8569-ad4c4df340d4" testId="b2b620dc-bd45-53be-c1e0-cc1e6ba7f2d9" testName="IssueLogValidator_AcceptsValidExecutionFlowEntryRegion" computerName="TFSBUILD11" duration="00:00:00.0006650" startTime="2015-09-28T09:43:17.3426502-07:00" endTime="2015-09-28T09:43:17.3426502-07:00" testType="13cdc9d9-ddb5-4fa4-a97d-d965ccfc6d4b" outcome="Passed" testListId="8c84fa94-04c1-424b-9868-57a2d4851a1d" relativeResultsDirectory="fcc19243-ff75-444e-8569-ad4c4df340d4" />
    <UnitTestResult executionId="db00f143-85a6-4765-bf2b-0e84d23bf1c1" testId="acd3e017-a0dc-e00c-dc8d-4da5a45a7211" testName="IssueLogValidator_AcceptsIssueWithoutProperties" computerName="TFSBUILD11" duration="00:00:00.0004144" startTime="2015-09-28T09:43:17.3426502-07:00" endTime="2015-09-28T09:43:17.3426502-07:00" testType="13cdc9d9-ddb5-4fa4-a97d-d965ccfc6d4b" outcome="Passed" testListId="8c84fa94-04c1-424b-9868-57a2d4851a1d" relativeResultsDirectory="db00f143-85a6-4765-bf2b-0e84d23bf1c1" />
    <UnitTestResult executionId="6a866836-6efb-4c55-ae00-1c8a1e9b84cd" testId="7f30dae8-4cec-fbba-dc4e-ca100c7fc8cb" testName="IssueLogValidator_ThrowsExceptionForIssuePropertyWithInvalidKey" computerName="TFSBUILD11" duration="00:00:00.0006960" startTime="2015-09-28T09:43:17.3426502-07:00" endTime="2015-09-28T09:43:17.3426502-07:00" testType="13cdc9d9-ddb5-4fa4-a97d-d965ccfc6d4b" outcome="Passed" testListId="8c84fa94-04c1-424b-9868-57a2d4851a1d" relativeResultsDirectory="6a866836-6efb-4c55-ae00-1c8a1e9b84cd" />
    <UnitTestResult executionId="0a0e3bd5-e33c-400f-a5bd-d3384a257806" testId="0d5d469e-7787-5670-53f4-19387186a84a" testName="IssueLogValidator_ThrowsExceptionForIssuePropertyWithInvalidValue" computerName="TFSBUILD11" duration="00:00:00.0011605" startTime="2015-09-28T09:43:17.3426502-07:00" endTime="2015-09-28T09:43:17.3582771-07:00" testType="13cdc9d9-ddb5-4fa4-a97d-d965ccfc6d4b" outcome="Passed" testListId="8c84fa94-04c1-424b-9868-57a2d4851a1d" relativeResultsDirectory="0a0e3bd5-e33c-400f-a5bd-d3384a257806" />
    <UnitTestResult executionId="b5ff87c7-9fb3-4cdc-b165-74f9ca27caa3" testId="cc63f966-be56-c186-8a66-42a14c6f3f39" testName="RunValidator_AcceptsEmptyRun" computerName="TFSBUILD11" duration="00:00:00.0006980" startTime="2015-09-28T09:43:17.3582771-07:00" endTime="2015-09-28T09:43:17.3582771-07:00" testType="13cdc9d9-ddb5-4fa4-a97d-d965ccfc6d4b" outcome="Passed" testListId="8c84fa94-04c1-424b-9868-57a2d4851a1d" relativeResultsDirectory="b5ff87c7-9fb3-4cdc-b165-74f9ca27caa3" />
    <UnitTestResult executionId="ae1816d5-6f85-4c81-8517-32f89dc6f9ec" testId="bf609fb3-485a-4dad-196f-bbfea37a481f" testName="RunValidator_ThrowsExceptionForNullRun" computerName="TFSBUILD11" duration="00:00:00.0013061" startTime="2015-09-28T09:43:17.3582771-07:00" endTime="2015-09-28T09:43:17.3582771-07:00" testType="13cdc9d9-ddb5-4fa4-a97d-d965ccfc6d4b" outcome="Passed" testListId="8c84fa94-04c1-424b-9868-57a2d4851a1d" relativeResultsDirectory="ae1816d5-6f85-4c81-8517-32f89dc6f9ec" />
    <UnitTestResult executionId="ac29a8ce-3b25-429c-bbef-4fcd7053ab22" testId="7f0ed2c4-e14a-f4d4-9373-33e12ce20bd8" testName="RunValidator_AcceptsRunWithEmptyProperties" computerName="TFSBUILD11" duration="00:00:00.0009634" startTime="2015-09-28T09:43:17.3582771-07:00" endTime="2015-09-28T09:43:17.3582771-07:00" testType="13cdc9d9-ddb5-4fa4-a97d-d965ccfc6d4b" outcome="Passed" testListId="8c84fa94-04c1-424b-9868-57a2d4851a1d" relativeResultsDirectory="ac29a8ce-3b25-429c-bbef-4fcd7053ab22" />
    <UnitTestResult executionId="f0c11a87-9970-41f9-8222-72dfd83f0b06" testId="bac8e1c0-2063-731e-2d88-50c7dd5f9b59" testName="RunValidator_AcceptsRunWithEmptyRepository" computerName="TFSBUILD11" duration="00:00:00.0003788" startTime="2015-09-28T09:43:17.3582771-07:00" endTime="2015-09-28T09:43:17.3582771-07:00" testType="13cdc9d9-ddb5-4fa4-a97d-d965ccfc6d4b" outcome="Passed" testListId="8c84fa94-04c1-424b-9868-57a2d4851a1d" relativeResultsDirectory="f0c11a87-9970-41f9-8222-72dfd83f0b06" />
    <UnitTestResult executionId="9ffba873-5be1-4cef-b514-8da14b85731d" testId="03949fc1-ae57-fb62-62b5-be6101a3e7a6" testName="RunValidator_AcceptsRunWithValidGitRepository" computerName="TFSBUILD11" duration="00:00:00.0004013" startTime="2015-09-28T09:43:17.3582771-07:00" endTime="2015-09-28T09:43:17.3582771-07:00" testType="13cdc9d9-ddb5-4fa4-a97d-d965ccfc6d4b" outcome="Passed" testListId="8c84fa94-04c1-424b-9868-57a2d4851a1d" relativeResultsDirectory="9ffba873-5be1-4cef-b514-8da14b85731d" />
    <UnitTestResult executionId="561d6de5-bd5a-4f77-93bb-8bfa4b3ae8f9" testId="37176a66-1208-aa5a-6d82-7489ef5fc369" testName="RunValidator_ThrowsExceptionForGitRepositoryWithoutId" computerName="TFSBUILD11" duration="00:00:00.0005393" startTime="2015-09-28T09:43:17.3582771-07:00" endTime="2015-09-28T09:43:17.3582771-07:00" testType="13cdc9d9-ddb5-4fa4-a97d-d965ccfc6d4b" outcome="Passed" testListId="8c84fa94-04c1-424b-9868-57a2d4851a1d" relativeResultsDirectory="561d6de5-bd5a-4f77-93bb-8bfa4b3ae8f9" />
    <UnitTestResult executionId="2bdfe046-9241-428c-aac6-76ab682c5250" testId="46ece6f2-9b6a-bcc2-eeaa-be3d90a4d87d" testName="RunValidator_ThrowsExceptionForGitRepositoryWithInvalidId" computerName="TFSBUILD11" duration="00:00:00.0004858" startTime="2015-09-28T09:43:17.3582771-07:00" endTime="2015-09-28T09:43:17.3582771-07:00" testType="13cdc9d9-ddb5-4fa4-a97d-d965ccfc6d4b" outcome="Passed" testListId="8c84fa94-04c1-424b-9868-57a2d4851a1d" relativeResultsDirectory="2bdfe046-9241-428c-aac6-76ab682c5250" />
    <UnitTestResult executionId="38225421-488b-4940-be48-8da0f7ff7896" testId="70a15c4f-98b7-969e-99dc-ff6bb90c1522" testName="RunValidator_ThrowsExceptionForNoneTypeRepositoryWithId" computerName="TFSBUILD11" duration="00:00:00.0005970" startTime="2015-09-28T09:43:17.3582771-07:00" endTime="2015-09-28T09:43:17.3582771-07:00" testType="13cdc9d9-ddb5-4fa4-a97d-d965ccfc6d4b" outcome="Passed" testListId="8c84fa94-04c1-424b-9868-57a2d4851a1d" relativeResultsDirectory="38225421-488b-4940-be48-8da0f7ff7896" />
    <UnitTestResult executionId="0a73693d-7351-464c-856d-5a2de8289fc0" testId="c7f7200f-9ed9-4b6a-5924-0b8a0d5c649c" testName="RunValidator_AcceptsCommitWithRepository" computerName="TFSBUILD11" duration="00:00:00.0004323" startTime="2015-09-28T09:43:17.3582771-07:00" endTime="2015-09-28T09:43:17.3582771-07:00" testType="13cdc9d9-ddb5-4fa4-a97d-d965ccfc6d4b" outcome="Passed" testListId="8c84fa94-04c1-424b-9868-57a2d4851a1d" relativeResultsDirectory="0a73693d-7351-464c-856d-5a2de8289fc0" />
    <UnitTestResult executionId="a7e7d121-9e31-49b0-975d-86bf023568d6" testId="638bcf15-cf82-4a6e-ace6-693349ad8638" testName="RunValidator_ThrowsExceptionForCommitWithWhitespaceId" computerName="TFSBUILD11" duration="00:00:00.0006303" startTime="2015-09-28T09:43:17.3582771-07:00" endTime="2015-09-28T09:43:17.3582771-07:00" testType="13cdc9d9-ddb5-4fa4-a97d-d965ccfc6d4b" outcome="Passed" testListId="8c84fa94-04c1-424b-9868-57a2d4851a1d" relativeResultsDirectory="a7e7d121-9e31-49b0-975d-86bf023568d6" />
    <UnitTestResult executionId="5c6068e5-5465-4520-a388-a23e6029d56a" testId="0a1987c0-4284-827e-6cb3-d5b8fa408a12" testName="RunValidator_ThrowsExceptionForCommitWithoutRepository" computerName="TFSBUILD11" duration="00:00:00.0005464" startTime="2015-09-28T09:43:17.3582771-07:00" endTime="2015-09-28T09:43:17.3582771-07:00" testType="13cdc9d9-ddb5-4fa4-a97d-d965ccfc6d4b" outcome="Passed" testListId="8c84fa94-04c1-424b-9868-57a2d4851a1d" relativeResultsDirectory="5c6068e5-5465-4520-a388-a23e6029d56a" />
    <UnitTestResult executionId="475e6803-84c8-4f0a-9bd8-f35e03f2430b" testId="c5a14af1-e9bb-0611-2f87-5e7de8d8cf83" testName="RunValidator_AcceptsValidTfsBuild" computerName="TFSBUILD11" duration="00:00:00.0003629" startTime="2015-09-28T09:43:17.3582771-07:00" endTime="2015-09-28T09:43:17.3582771-07:00" testType="13cdc9d9-ddb5-4fa4-a97d-d965ccfc6d4b" outcome="Passed" testListId="8c84fa94-04c1-424b-9868-57a2d4851a1d" relativeResultsDirectory="475e6803-84c8-4f0a-9bd8-f35e03f2430b" />
    <UnitTestResult executionId="8d60672c-beb4-46fb-bd94-e2fd4bdf1c3d" testId="d1171da6-5dd5-b0ac-cd9b-561a2be39835" testName="RunValidator_ThrowsExceptionForTfsBuildWithoutId" computerName="TFSBUILD11" duration="00:00:00.0005174" startTime="2015-09-28T09:43:17.3582771-07:00" endTime="2015-09-28T09:43:17.3582771-07:00" testType="13cdc9d9-ddb5-4fa4-a97d-d965ccfc6d4b" outcome="Passed" testListId="8c84fa94-04c1-424b-9868-57a2d4851a1d" relativeResultsDirectory="8d60672c-beb4-46fb-bd94-e2fd4bdf1c3d" />
    <UnitTestResult executionId="6d592adf-cfc3-40b8-b505-b8b605b11fc8" testId="f0a7b429-5779-c1d6-360e-44c401e98136" testName="RunValidator_ThrowsExceptionForTfsBuildWithInvalidId" computerName="TFSBUILD11" duration="00:00:00.0004573" startTime="2015-09-28T09:43:17.3582771-07:00" endTime="2015-09-28T09:43:17.3582771-07:00" testType="13cdc9d9-ddb5-4fa4-a97d-d965ccfc6d4b" outcome="Passed" testListId="8c84fa94-04c1-424b-9868-57a2d4851a1d" relativeResultsDirectory="6d592adf-cfc3-40b8-b505-b8b605b11fc8" />
    <UnitTestResult executionId="031bcb08-18d5-45dd-b76d-9568a242a085" testId="a0bbd29e-b938-ecc8-221f-0e75c853d82e" testName="RunValidator_ThrowsExceptionForUnsupportedBuildType" computerName="TFSBUILD11" duration="00:00:00.0005526" startTime="2015-09-28T09:43:17.3582771-07:00" endTime="2015-09-28T09:43:17.3582771-07:00" testType="13cdc9d9-ddb5-4fa4-a97d-d965ccfc6d4b" outcome="Passed" testListId="8c84fa94-04c1-424b-9868-57a2d4851a1d" relativeResultsDirectory="031bcb08-18d5-45dd-b76d-9568a242a085" />
    <UnitTestResult executionId="ef3e8ba0-be35-4e5d-b503-157a6d1ea388" testId="72d3274d-b19e-55e6-bc20-fd6ba89fcc0a" testName="RunValidator_ThrowsExceptionForBuildIdWithoutBuildType" computerName="TFSBUILD11" duration="00:00:00.0005105" startTime="2015-09-28T09:43:17.3582771-07:00" endTime="2015-09-28T09:43:17.3582771-07:00" testType="13cdc9d9-ddb5-4fa4-a97d-d965ccfc6d4b" outcome="Passed" testListId="8c84fa94-04c1-424b-9868-57a2d4851a1d" relativeResultsDirectory="ef3e8ba0-be35-4e5d-b503-157a6d1ea388" />
    <UnitTestResult executionId="ba290ce6-2744-4350-bdab-9ed778e9645d" testId="90a66768-a4bf-4f65-1c19-475f4de60096" testName="StoreIssuesJobDataConverter_ToJobAcceptsValidArguments" computerName="TFSBUILD11" duration="00:00:00.0030500" startTime="2015-09-28T09:43:17.3582771-07:00" endTime="2015-09-28T09:43:17.3739030-07:00" testType="13cdc9d9-ddb5-4fa4-a97d-d965ccfc6d4b" outcome="Passed" testListId="8c84fa94-04c1-424b-9868-57a2d4851a1d" relativeResultsDirectory="ba290ce6-2744-4350-bdab-9ed778e9645d" />
    <UnitTestResult executionId="68ead5ad-7f6a-4039-8808-845876743132" testId="fe9e384b-e736-91e1-ecff-0b4400b9d5a5" testName="StoreIssuesJobDataConverter_ToJobThrowsExceptionForInvalidRunId" computerName="TFSBUILD11" duration="00:00:00.0019945" startTime="2015-09-28T09:43:17.3739030-07:00" endTime="2015-09-28T09:43:17.3739030-07:00" testType="13cdc9d9-ddb5-4fa4-a97d-d965ccfc6d4b" outcome="Passed" testListId="8c84fa94-04c1-424b-9868-57a2d4851a1d" relativeResultsDirectory="68ead5ad-7f6a-4039-8808-845876743132" />
    <UnitTestResult executionId="e8abbe9f-6dfd-4280-b41a-4c45ed715b9d" testId="63a0737a-9271-c777-ad3c-a9758a0cd1b2" testName="StoreIssuesJobDataConverter_ToJobThrowsExceptionForNullFilePath" computerName="TFSBUILD11" duration="00:00:00.0004184" startTime="2015-09-28T09:43:17.3739030-07:00" endTime="2015-09-28T09:43:17.3739030-07:00" testType="13cdc9d9-ddb5-4fa4-a97d-d965ccfc6d4b" outcome="Passed" testListId="8c84fa94-04c1-424b-9868-57a2d4851a1d" relativeResultsDirectory="e8abbe9f-6dfd-4280-b41a-4c45ed715b9d" />
    <UnitTestResult executionId="8477ad2b-c0a6-48a3-8ccd-dc76e56837ec" testId="c829c799-2193-2492-0537-bdf018ba8977" testName="StoreIssuesJobDataConverter_ToJobThrowsExceptionForEmptyFilePath" computerName="TFSBUILD11" duration="00:00:00.0003973" startTime="2015-09-28T09:43:17.3739030-07:00" endTime="2015-09-28T09:43:17.3739030-07:00" testType="13cdc9d9-ddb5-4fa4-a97d-d965ccfc6d4b" outcome="Passed" testListId="8c84fa94-04c1-424b-9868-57a2d4851a1d" relativeResultsDirectory="8477ad2b-c0a6-48a3-8ccd-dc76e56837ec" />
    <UnitTestResult executionId="65b27c54-1a06-4f74-ae77-50652f902e7e" testId="a7c99561-8180-d2e7-f61f-e8ebbeadc7a8" testName="StoreIssuesJobDataConverter_ToJobThrowsExceptionForWhitespaceFilePath" computerName="TFSBUILD11" duration="00:00:00.0003899" startTime="2015-09-28T09:43:17.3739030-07:00" endTime="2015-09-28T09:43:17.3739030-07:00" testType="13cdc9d9-ddb5-4fa4-a97d-d965ccfc6d4b" outcome="Passed" testListId="8c84fa94-04c1-424b-9868-57a2d4851a1d" relativeResultsDirectory="65b27c54-1a06-4f74-ae77-50652f902e7e" />
    <UnitTestResult executionId="5ba913e2-6e1f-47f1-82b5-b4b6cd7a0646" testId="8c3d62a2-bd0b-e0c9-75de-9c6da63553ec" testName="StoreIssuesJobDataConverter_FromJobAcceptsValidJobData" computerName="TFSBUILD11" duration="00:00:00.0017988" startTime="2015-09-28T09:43:17.3739030-07:00" endTime="2015-09-28T09:43:17.3739030-07:00" testType="13cdc9d9-ddb5-4fa4-a97d-d965ccfc6d4b" outcome="Passed" testListId="8c84fa94-04c1-424b-9868-57a2d4851a1d" relativeResultsDirectory="5ba913e2-6e1f-47f1-82b5-b4b6cd7a0646" />
    <UnitTestResult executionId="0c8e55e1-b2d7-4c6f-8449-6151b0b7db5b" testId="f0d4ca70-ed8d-f22c-6f8d-49cf2fe39e3d" testName="StoreIssuesJobDataConverter_FromJobThrowsExceptionForNullXmlNode" computerName="TFSBUILD11" duration="00:00:00.0012728" startTime="2015-09-28T09:43:17.3739030-07:00" endTime="2015-09-28T09:43:17.3739030-07:00" testType="13cdc9d9-ddb5-4fa4-a97d-d965ccfc6d4b" outcome="Passed" testListId="8c84fa94-04c1-424b-9868-57a2d4851a1d" relativeResultsDirectory="0c8e55e1-b2d7-4c6f-8449-6151b0b7db5b" />
    <UnitTestResult executionId="a3ea9a80-8c1b-47ae-8713-183e0a583ff0" testId="0fadb739-5405-021c-60e9-23072e744d43" testName="StoreIssuesJobDataConverter_FromJobThrowsExceptionForInvalidRootNode" computerName="TFSBUILD11" duration="00:00:00.0007492" startTime="2015-09-28T09:43:17.3739030-07:00" endTime="2015-09-28T09:43:17.3739030-07:00" testType="13cdc9d9-ddb5-4fa4-a97d-d965ccfc6d4b" outcome="Passed" testListId="8c84fa94-04c1-424b-9868-57a2d4851a1d" relativeResultsDirectory="a3ea9a80-8c1b-47ae-8713-183e0a583ff0" />
    <UnitTestResult executionId="64839a71-c905-4b9b-962b-d6063abeb9a2" testId="c946699d-1149-3bb4-bb45-094e36fc6a13" testName="StoreIssuesJobDataConverter_FromJobThrowsExceptionForInvalidChildNodeType" computerName="TFSBUILD11" duration="00:00:00.0007039" startTime="2015-09-28T09:43:17.3739030-07:00" endTime="2015-09-28T09:43:17.3739030-07:00" testType="13cdc9d9-ddb5-4fa4-a97d-d965ccfc6d4b" outcome="Passed" testListId="8c84fa94-04c1-424b-9868-57a2d4851a1d" relativeResultsDirectory="64839a71-c905-4b9b-962b-d6063abeb9a2" />
    <UnitTestResult executionId="a8c301db-be12-413f-9f74-d605520f603b" testId="2b666fcc-53cd-fe77-1bb5-166836bc734d" testName="StoreIssuesJobDataConverter_FromJobThrowsExceptionForInvalidChildNodeName" computerName="TFSBUILD11" duration="00:00:00.0007062" startTime="2015-09-28T09:43:17.3739030-07:00" endTime="2015-09-28T09:43:17.3739030-07:00" testType="13cdc9d9-ddb5-4fa4-a97d-d965ccfc6d4b" outcome="Passed" testListId="8c84fa94-04c1-424b-9868-57a2d4851a1d" relativeResultsDirectory="a8c301db-be12-413f-9f74-d605520f603b" />
    <UnitTestResult executionId="78719c45-cde7-4281-8bf0-b1f061941242" testId="3e1e5a6f-d802-f6d2-e59e-e9a345b0e7f2" testName="StoreIssuesJobDataConverter_FromJobThrowsExceptionForMissingRunId" computerName="TFSBUILD11" duration="00:00:00.0006121" startTime="2015-09-28T09:43:17.3739030-07:00" endTime="2015-09-28T09:43:17.3739030-07:00" testType="13cdc9d9-ddb5-4fa4-a97d-d965ccfc6d4b" outcome="Passed" testListId="8c84fa94-04c1-424b-9868-57a2d4851a1d" relativeResultsDirectory="78719c45-cde7-4281-8bf0-b1f061941242" />
    <UnitTestResult executionId="9ebeb3c2-531b-40ba-ad05-61b4bffea71a" testId="2086a9b8-2a1f-e34d-3005-7abc7fa9b6d1" testName="StoreIssuesJobDataConverter_FromJobThrowsExceptionForMissingLogFilePath" computerName="TFSBUILD11" duration="00:00:00.0006126" startTime="2015-09-28T09:43:17.3739030-07:00" endTime="2015-09-28T09:43:17.3739030-07:00" testType="13cdc9d9-ddb5-4fa4-a97d-d965ccfc6d4b" outcome="Passed" testListId="8c84fa94-04c1-424b-9868-57a2d4851a1d" relativeResultsDirectory="9ebeb3c2-531b-40ba-ad05-61b4bffea71a" />
    <UnitTestResult executionId="3d2d1b85-9b38-4b26-bc17-d5f17a193394" testId="d30030d6-12ea-1ba7-26ab-d710388a228a" testName="StoreIssuesJobDataConverter_FromJobThrowsExceptionForInvalidRunId" computerName="TFSBUILD11" duration="00:00:00.0007372" startTime="2015-09-28T09:43:17.3739030-07:00" endTime="2015-09-28T09:43:17.3739030-07:00" testType="13cdc9d9-ddb5-4fa4-a97d-d965ccfc6d4b" outcome="Passed" testListId="8c84fa94-04c1-424b-9868-57a2d4851a1d" relativeResultsDirectory="3d2d1b85-9b38-4b26-bc17-d5f17a193394" />
    <UnitTestResult executionId="ee1be5e2-2b14-45d4-9f86-21bad510e2c5" testId="2ad72c20-73c0-35e1-8c84-be74830fa18b" testName="SqlIssueConverter_CanConvertFromIssue" computerName="TFSBUILD11" duration="00:00:00.0290858" startTime="2015-09-28T09:43:17.3739030-07:00" endTime="2015-09-28T09:43:17.4051555-07:00" testType="13cdc9d9-ddb5-4fa4-a97d-d965ccfc6d4b" outcome="Passed" testListId="8c84fa94-04c1-424b-9868-57a2d4851a1d" relativeResultsDirectory="ee1be5e2-2b14-45d4-9f86-21bad510e2c5" />
    <UnitTestResult executionId="712b3690-be77-4d43-8658-d5ad5d95b41f" testId="c53e1c42-38d1-00ba-9b97-217f69ea7547" testName="SqlIssueConverter_CanConvertFromIssueWithOneLocation" computerName="TFSBUILD11" duration="00:00:00.0059269" startTime="2015-09-28T09:43:17.4051555-07:00" endTime="2015-09-28T09:43:17.4207816-07:00" testType="13cdc9d9-ddb5-4fa4-a97d-d965ccfc6d4b" outcome="Passed" testListId="8c84fa94-04c1-424b-9868-57a2d4851a1d" relativeResultsDirectory="712b3690-be77-4d43-8658-d5ad5d95b41f" />
    <UnitTestResult executionId="af4d2917-cad7-4699-bc20-28f2cfa5331c" testId="091d7909-8e61-197f-cc8c-b091f5ba3a3d" testName="SqlIssueConverter_CanConvertFromIssueWithTwoLocations" computerName="TFSBUILD11" duration="00:00:00.0063357" startTime="2015-09-28T09:43:17.4207816-07:00" endTime="2015-09-28T09:43:17.4207816-07:00" testType="13cdc9d9-ddb5-4fa4-a97d-d965ccfc6d4b" outcome="Passed" testListId="8c84fa94-04c1-424b-9868-57a2d4851a1d" relativeResultsDirectory="af4d2917-cad7-4699-bc20-28f2cfa5331c" />
    <UnitTestResult executionId="54dac94a-ba00-4b20-8b4a-4a933c4df155" testId="60e31f74-3e84-07de-260a-3cbf790055f3" testName="SqlIssueConverter_CanConvertFromIssueWithNestedLocations" computerName="TFSBUILD11" duration="00:00:00.0032847" startTime="2015-09-28T09:43:17.4207816-07:00" endTime="2015-09-28T09:43:17.4207816-07:00" testType="13cdc9d9-ddb5-4fa4-a97d-d965ccfc6d4b" outcome="Passed" testListId="8c84fa94-04c1-424b-9868-57a2d4851a1d" relativeResultsDirectory="54dac94a-ba00-4b20-8b4a-4a933c4df155" />
    <UnitTestResult executionId="2a786e09-b298-4f5b-a7c0-1bc7e64e44c4" testId="f92c7dd5-2fb7-00fd-e2fd-0b5989095a63" testName="SqlIssueConverter_CanConvertFromIssueWithLocationMimeType" computerName="TFSBUILD11" duration="00:00:00.0006943" startTime="2015-09-28T09:43:17.4207816-07:00" endTime="2015-09-28T09:43:17.4207816-07:00" testType="13cdc9d9-ddb5-4fa4-a97d-d965ccfc6d4b" outcome="Passed" testListId="8c84fa94-04c1-424b-9868-57a2d4851a1d" relativeResultsDirectory="2a786e09-b298-4f5b-a7c0-1bc7e64e44c4" />
    <UnitTestResult executionId="f75ec943-fa1b-4a2c-bc81-af937c24adf2" testId="d0ee85cd-3e85-f5c8-7e53-393053fa7565" testName="SqlIssueConverter_CanConvertFromIssueWithLocationFullyQualifiedLogicalName" computerName="TFSBUILD11" duration="00:00:00.0008686" startTime="2015-09-28T09:43:17.4207816-07:00" endTime="2015-09-28T09:43:17.4207816-07:00" testType="13cdc9d9-ddb5-4fa4-a97d-d965ccfc6d4b" outcome="Passed" testListId="8c84fa94-04c1-424b-9868-57a2d4851a1d" relativeResultsDirectory="f75ec943-fa1b-4a2c-bc81-af937c24adf2" />
    <UnitTestResult executionId="ada08744-8d32-4234-867d-23bb7e783b29" testId="416920d5-35e7-ef97-54ab-b0c2b612008e" testName="SqlIssueConverter_CanConvertFromIssueWithPhysicalLocations" computerName="TFSBUILD11" duration="00:00:00.0063189" startTime="2015-09-28T09:43:17.4207816-07:00" endTime="2015-09-28T09:43:17.4364068-07:00" testType="13cdc9d9-ddb5-4fa4-a97d-d965ccfc6d4b" outcome="Passed" testListId="8c84fa94-04c1-424b-9868-57a2d4851a1d" relativeResultsDirectory="ada08744-8d32-4234-867d-23bb7e783b29" />
    <UnitTestResult executionId="4cc9b3f1-fcd3-41fb-96e3-0e06d6d2d9d7" testId="c7f7b577-985f-fab5-0d2f-c8e2d1937b54" testName="SqlIssueConverter_CanConvertFromIssueWithLocationProperties" computerName="TFSBUILD11" duration="00:00:00.0035273" startTime="2015-09-28T09:43:17.4364068-07:00" endTime="2015-09-28T09:43:17.4364068-07:00" testType="13cdc9d9-ddb5-4fa4-a97d-d965ccfc6d4b" outcome="Passed" testListId="8c84fa94-04c1-424b-9868-57a2d4851a1d" relativeResultsDirectory="4cc9b3f1-fcd3-41fb-96e3-0e06d6d2d9d7" />
    <UnitTestResult executionId="38877866-c285-4f3f-bd74-beae28341c72" testId="abfc5e97-e570-ce5b-8f65-83841d0bdfd5" testName="SqlIssueConverter_CanConvertFromIssueWithLocationWithPromotedProperties" computerName="TFSBUILD11" duration="00:00:00.0015874" startTime="2015-09-28T09:43:17.4364068-07:00" endTime="2015-09-28T09:43:17.4364068-07:00" testType="13cdc9d9-ddb5-4fa4-a97d-d965ccfc6d4b" outcome="Passed" testListId="8c84fa94-04c1-424b-9868-57a2d4851a1d" relativeResultsDirectory="38877866-c285-4f3f-bd74-beae28341c72" />
    <UnitTestResult executionId="c833ea69-82c7-4017-91b7-034b6d8de9a0" testId="b4e2df8a-0eaa-28fc-3ac4-3b8585239d2f" testName="SqlIssueConverter_DoesNotPromoteNonIntegerFunctionLine" computerName="TFSBUILD11" duration="00:00:00.0014591" startTime="2015-09-28T09:43:17.4364068-07:00" endTime="2015-09-28T09:43:17.4364068-07:00" testType="13cdc9d9-ddb5-4fa4-a97d-d965ccfc6d4b" outcome="Passed" testListId="8c84fa94-04c1-424b-9868-57a2d4851a1d" relativeResultsDirectory="c833ea69-82c7-4017-91b7-034b6d8de9a0" />
    <UnitTestResult executionId="b6abd614-336b-410f-ae90-c904af7428ff" testId="bbed88ae-e530-1193-e7c5-93319e54ae51" testName="SqlIssueConverter_CanConvertFromIssueWithAnalysisTargetAndIssueFile" computerName="TFSBUILD11" duration="00:00:00.0021796" startTime="2015-09-28T09:43:17.4364068-07:00" endTime="2015-09-28T09:43:17.4364068-07:00" testType="13cdc9d9-ddb5-4fa4-a97d-d965ccfc6d4b" outcome="Passed" testListId="8c84fa94-04c1-424b-9868-57a2d4851a1d" relativeResultsDirectory="b6abd614-336b-410f-ae90-c904af7428ff" />
    <UnitTestResult executionId="8daaf66b-4fff-4472-95cf-471dfee62432" testId="fee092f1-0abb-97cb-bc19-b91f4608f27d" testName="SqlIssueConverter_CanConvertFromIssueWithIssueProperties" computerName="TFSBUILD11" duration="00:00:00.0008430" startTime="2015-09-28T09:43:17.4364068-07:00" endTime="2015-09-28T09:43:17.4364068-07:00" testType="13cdc9d9-ddb5-4fa4-a97d-d965ccfc6d4b" outcome="Passed" testListId="8c84fa94-04c1-424b-9868-57a2d4851a1d" relativeResultsDirectory="8daaf66b-4fff-4472-95cf-471dfee62432" />
    <UnitTestResult executionId="3663a2f9-a0e6-4bb4-8716-00227d9281c8" testId="1f94efe5-206b-6fa5-ff1a-6aacdbd1d495" testName="SqlIssueConverter_CanConvertFromIssueWithExecutionFlow" computerName="TFSBUILD11" duration="00:00:00.0013425" startTime="2015-09-28T09:43:17.4364068-07:00" endTime="2015-09-28T09:43:17.4520335-07:00" testType="13cdc9d9-ddb5-4fa4-a97d-d965ccfc6d4b" outcome="Passed" testListId="8c84fa94-04c1-424b-9868-57a2d4851a1d" relativeResultsDirectory="3663a2f9-a0e6-4bb4-8716-00227d9281c8" />
    <UnitTestResult executionId="4bf18cd1-65f8-471c-9eb8-6db1d2cfda9b" testId="e305afa7-47c8-10f8-615b-658dbd3aba94" testName="SqlIssueConverter_CanConvertFromIssueWithMultipleExecutionFlowsAndStacks" computerName="TFSBUILD11" duration="00:00:00.0005327" startTime="2015-09-28T09:43:17.4520335-07:00" endTime="2015-09-28T09:43:17.4520335-07:00" testType="13cdc9d9-ddb5-4fa4-a97d-d965ccfc6d4b" outcome="Passed" testListId="8c84fa94-04c1-424b-9868-57a2d4851a1d" relativeResultsDirectory="4bf18cd1-65f8-471c-9eb8-6db1d2cfda9b" />
    <UnitTestResult executionId="d7e4a9b5-e8d4-48b2-8e9d-cba8195a709a" testId="3ef6c65a-4c86-4949-cfdd-c4dbc1d5f6e1" testName="SqlIssueConverter_CanConvertFromIssueWithMultipleStacksAndNoExecutionFlows" computerName="TFSBUILD11" duration="00:00:00.0004363" startTime="2015-09-28T09:43:17.4520335-07:00" endTime="2015-09-28T09:43:17.4520335-07:00" testType="13cdc9d9-ddb5-4fa4-a97d-d965ccfc6d4b" outcome="Passed" testListId="8c84fa94-04c1-424b-9868-57a2d4851a1d" relativeResultsDirectory="d7e4a9b5-e8d4-48b2-8e9d-cba8195a709a" />
    <UnitTestResult executionId="996a650f-451f-4f97-885e-a01810414368" testId="7dd4567a-1fbf-be42-443a-3d1a9b486683" testName="SqlIssueConverter_CanConvertFromIssueWithExecutionFlowWithMultipleEntries" computerName="TFSBUILD11" duration="00:00:00.0004320" startTime="2015-09-28T09:43:17.4520335-07:00" endTime="2015-09-28T09:43:17.4520335-07:00" testType="13cdc9d9-ddb5-4fa4-a97d-d965ccfc6d4b" outcome="Passed" testListId="8c84fa94-04c1-424b-9868-57a2d4851a1d" relativeResultsDirectory="996a650f-451f-4f97-885e-a01810414368" />
    <UnitTestResult executionId="7f4d80c1-0645-4bfe-91cf-f1848e63dd81" testId="ca6adb74-8d8d-4c91-b394-68547379a18f" testName="SqlIssueConverter_CanConvertFromIssueWithExecutionFlowEntryWithMultipleLocations" computerName="TFSBUILD11" duration="00:00:00.0004312" startTime="2015-09-28T09:43:17.4520335-07:00" endTime="2015-09-28T09:43:17.4520335-07:00" testType="13cdc9d9-ddb5-4fa4-a97d-d965ccfc6d4b" outcome="Passed" testListId="8c84fa94-04c1-424b-9868-57a2d4851a1d" relativeResultsDirectory="7f4d80c1-0645-4bfe-91cf-f1848e63dd81" />
    <UnitTestResult executionId="fc26ea27-9f9b-44cf-867b-61d9a427945b" testId="069444fb-2a2c-e505-4855-ad669c66967d" testName="SqlIssueConverter_CanConvertToIssue" computerName="TFSBUILD11" duration="00:00:00.0073230" startTime="2015-09-28T09:43:17.4520335-07:00" endTime="2015-09-28T09:43:17.4520335-07:00" testType="13cdc9d9-ddb5-4fa4-a97d-d965ccfc6d4b" outcome="Passed" testListId="8c84fa94-04c1-424b-9868-57a2d4851a1d" relativeResultsDirectory="fc26ea27-9f9b-44cf-867b-61d9a427945b" />
    <UnitTestResult executionId="93fed2dd-7d71-4bf4-8596-da0552d7b1d7" testId="50a41f95-13fb-e930-cb16-a6323b30e725" testName="SqlIssueConverter_CanConvertToIssueWithOneLocation" computerName="TFSBUILD11" duration="00:00:00.0052750" startTime="2015-09-28T09:43:17.4520335-07:00" endTime="2015-09-28T09:43:17.4676593-07:00" testType="13cdc9d9-ddb5-4fa4-a97d-d965ccfc6d4b" outcome="Passed" testListId="8c84fa94-04c1-424b-9868-57a2d4851a1d" relativeResultsDirectory="93fed2dd-7d71-4bf4-8596-da0552d7b1d7" />
    <UnitTestResult executionId="487951b8-ad28-4631-9bb9-4865a53040d4" testId="a1a8883b-9228-2ce7-f8af-5b3583ee773f" testName="SqlIssueConverter_CanConvertToIssueWithTwoLocations" computerName="TFSBUILD11" duration="00:00:00.0083763" startTime="2015-09-28T09:43:17.4676593-07:00" endTime="2015-09-28T09:43:17.4676593-07:00" testType="13cdc9d9-ddb5-4fa4-a97d-d965ccfc6d4b" outcome="Passed" testListId="8c84fa94-04c1-424b-9868-57a2d4851a1d" relativeResultsDirectory="487951b8-ad28-4631-9bb9-4865a53040d4" />
    <UnitTestResult executionId="045db86f-aefe-4c24-8153-dc312df8f89a" testId="993f478b-a0aa-3835-d016-601f28594716" testName="SqlIssueConverter_CanConvertToIssueWithNestedLocations" computerName="TFSBUILD11" duration="00:00:00.0017544" startTime="2015-09-28T09:43:17.4676593-07:00" endTime="2015-09-28T09:43:17.4676593-07:00" testType="13cdc9d9-ddb5-4fa4-a97d-d965ccfc6d4b" outcome="Passed" testListId="8c84fa94-04c1-424b-9868-57a2d4851a1d" relativeResultsDirectory="045db86f-aefe-4c24-8153-dc312df8f89a" />
    <UnitTestResult executionId="2b541256-f76c-4c35-a34d-4b08b716a61a" testId="92cf0b5c-02af-62e0-4a96-952a0e1c01e2" testName="SqlIssueConverter_CanConvertToIssueWithPhysicalLocations" computerName="TFSBUILD11" duration="00:00:00.0036735" startTime="2015-09-28T09:43:17.4676593-07:00" endTime="2015-09-28T09:43:17.4676593-07:00" testType="13cdc9d9-ddb5-4fa4-a97d-d965ccfc6d4b" outcome="Passed" testListId="8c84fa94-04c1-424b-9868-57a2d4851a1d" relativeResultsDirectory="2b541256-f76c-4c35-a34d-4b08b716a61a" />
    <UnitTestResult executionId="34650ce4-1b9e-4149-9f15-1ce6eee90988" testId="ff518c89-6559-87ec-eda7-b93691b6c5d6" testName="SqlIssueConverter_CanConvertToIssueWithLocationFullyQualifiedLogicalName" computerName="TFSBUILD11" duration="00:00:00.0045138" startTime="2015-09-28T09:43:17.4676593-07:00" endTime="2015-09-28T09:43:17.4832863-07:00" testType="13cdc9d9-ddb5-4fa4-a97d-d965ccfc6d4b" outcome="Passed" testListId="8c84fa94-04c1-424b-9868-57a2d4851a1d" relativeResultsDirectory="34650ce4-1b9e-4149-9f15-1ce6eee90988" />
    <UnitTestResult executionId="0f9e861b-247f-4db2-80e0-273381bdccde" testId="cbf65baf-a70a-7f33-adab-ac373776aa15" testName="SqlIssueConverter_CanConvertToIssueWithLocationProperties" computerName="TFSBUILD11" duration="00:00:00.0044944" startTime="2015-09-28T09:43:17.4832863-07:00" endTime="2015-09-28T09:43:17.4832863-07:00" testType="13cdc9d9-ddb5-4fa4-a97d-d965ccfc6d4b" outcome="Passed" testListId="8c84fa94-04c1-424b-9868-57a2d4851a1d" relativeResultsDirectory="0f9e861b-247f-4db2-80e0-273381bdccde" />
    <UnitTestResult executionId="8bf36363-ea6d-4dd7-b765-30a4d76620ab" testId="582ddde4-1e48-69bf-a2e6-866bdf728fac" testName="SqlIssueConverter_CanConvertToIssueWithAnalysisTargetAndIssueFile" computerName="TFSBUILD11" duration="00:00:00.0015249" startTime="2015-09-28T09:43:17.4832863-07:00" endTime="2015-09-28T09:43:17.4832863-07:00" testType="13cdc9d9-ddb5-4fa4-a97d-d965ccfc6d4b" outcome="Passed" testListId="8c84fa94-04c1-424b-9868-57a2d4851a1d" relativeResultsDirectory="8bf36363-ea6d-4dd7-b765-30a4d76620ab" />
    <UnitTestResult executionId="9ad75565-ec38-4824-b4ba-dc7f06c77f29" testId="f2c2865a-025e-f52d-0f07-1b6c48d1280f" testName="SqlIssueConverter_CanConvertToIssueWithMultipleLocationsAnalysisTargetsAndIssueFiles" computerName="TFSBUILD11" duration="00:00:00.0034924" startTime="2015-09-28T09:43:17.4832863-07:00" endTime="2015-09-28T09:43:17.4832863-07:00" testType="13cdc9d9-ddb5-4fa4-a97d-d965ccfc6d4b" outcome="Passed" testListId="8c84fa94-04c1-424b-9868-57a2d4851a1d" relativeResultsDirectory="9ad75565-ec38-4824-b4ba-dc7f06c77f29" />
    <UnitTestResult executionId="8d44fb6b-e58d-4eff-899b-06ad17e1ae53" testId="31befaf4-c8ea-b49c-5ec3-1d57de9974a7" testName="SqlIssueConverter_CanConvertToIssueWithIssueProperties" computerName="TFSBUILD11" duration="00:00:00.0050730" startTime="2015-09-28T09:43:17.4832863-07:00" endTime="2015-09-28T09:43:17.4989113-07:00" testType="13cdc9d9-ddb5-4fa4-a97d-d965ccfc6d4b" outcome="Passed" testListId="8c84fa94-04c1-424b-9868-57a2d4851a1d" relativeResultsDirectory="8d44fb6b-e58d-4eff-899b-06ad17e1ae53" />
    <UnitTestResult executionId="655fd09f-f607-4b5d-b288-9b288ad77a2c" testId="08e27b65-57bf-4f27-a044-819fa5b63187" testName="SqlIssueConverter_TakesFirstIssueWhenMultipleExistWithSameFingerprint" computerName="TFSBUILD11" duration="00:00:00.0003905" startTime="2015-09-28T09:43:17.4989113-07:00" endTime="2015-09-28T09:43:17.4989113-07:00" testType="13cdc9d9-ddb5-4fa4-a97d-d965ccfc6d4b" outcome="Passed" testListId="8c84fa94-04c1-424b-9868-57a2d4851a1d" relativeResultsDirectory="655fd09f-f607-4b5d-b288-9b288ad77a2c" />
    <UnitTestResult executionId="64c1839b-7db2-4aee-ba3b-f429b658966b" testId="d4b4b0d0-8bcd-d16e-04d7-4bd36b5aafec" testName="SqlIssueConverter_CreatedIssueIdsStartAtZeroAndIncrement" computerName="TFSBUILD11" duration="00:00:00.0029934" startTime="2015-09-28T09:43:17.4989113-07:00" endTime="2015-09-28T09:43:17.4989113-07:00" testType="13cdc9d9-ddb5-4fa4-a97d-d965ccfc6d4b" outcome="Passed" testListId="8c84fa94-04c1-424b-9868-57a2d4851a1d" relativeResultsDirectory="64c1839b-7db2-4aee-ba3b-f429b658966b" />
    <UnitTestResult executionId="f418997b-fad2-4433-a4da-97fd1c8d5e7e" testId="dcb75401-bb4f-ccac-9ff3-5bdd68c88090" testName="SqlIssueDiffConverter_CanConvertToIssueDiffs" computerName="TFSBUILD11" duration="00:00:00.0095009" startTime="2015-09-28T09:43:17.4989113-07:00" endTime="2015-09-28T09:43:17.5145377-07:00" testType="13cdc9d9-ddb5-4fa4-a97d-d965ccfc6d4b" outcome="Passed" testListId="8c84fa94-04c1-424b-9868-57a2d4851a1d" relativeResultsDirectory="f418997b-fad2-4433-a4da-97fd1c8d5e7e" />
    <UnitTestResult executionId="1eddafe6-d976-4b2a-b531-ac23dfe23498" testId="f73eab93-1c0f-3ea6-582b-bfbe7c53cabf" testName="SqlIssueDiffConverter_ThrowsExceptionWhenIssueIsMissingForIssueDiff" computerName="TFSBUILD11" duration="00:00:00.0014190" startTime="2015-09-28T09:43:17.5145377-07:00" endTime="2015-09-28T09:43:17.5145377-07:00" testType="13cdc9d9-ddb5-4fa4-a97d-d965ccfc6d4b" outcome="Passed" testListId="8c84fa94-04c1-424b-9868-57a2d4851a1d" relativeResultsDirectory="1eddafe6-d976-4b2a-b531-ac23dfe23498" />
    <UnitTestResult executionId="381ef271-b79f-486a-8b59-4bc0b1f68f69" testId="90b2b02e-f075-8ec6-23dd-1314261fd846" testName="SqlIssueDiffConverter_ThrowsExceptionWhenIssueDiffIsMissingForIssue" computerName="TFSBUILD11" duration="00:00:00.0005290" startTime="2015-09-28T09:43:17.5145377-07:00" endTime="2015-09-28T09:43:17.5145377-07:00" testType="13cdc9d9-ddb5-4fa4-a97d-d965ccfc6d4b" outcome="Passed" testListId="8c84fa94-04c1-424b-9868-57a2d4851a1d" relativeResultsDirectory="381ef271-b79f-486a-8b59-4bc0b1f68f69" />
  </Results>
  <TestDefinitions>
    <UnitTest name="RestRunExtensions_AddsResourceReferenceUrls" storage="d:\v2.0\a1\_work\dbded102\bin\release.anycpu\codeanalysis.service\ms.vs.services.codeanalysis.server.issuemanagement.l0.tests\ms.vs.services.codeanalysis.server.issuemanagement.l0.tests.dll" id="72445d2a-ca6b-8baf-32e6-b06e9817b59a">
      <Execution id="e18b4a0b-68d6-4112-b3e8-71ab2a7a104a" />
      <TestMethod codeBase="D:\v2.0\A1\_work\dbded102\bin\Release.AnyCPU\CodeAnalysis.Service\MS.VS.Services.CodeAnalysis.Server.IssueManagement.L0.Tests\MS.VS.Services.CodeAnalysis.Server.IssueManagement.L0.Tests.dll" adapterTypeName="Microsoft.VisualStudio.TestTools.TestTypes.Unit.UnitTestAdapter" className="MS.VS.Services.CodeAnalysis.Server.IssueManagement.L0.Tests.REST.RestRunExtensionsTests" name="RestRunExtensions_AddsResourceReferenceUrls" />
    </UnitTest>
    <UnitTest name="RestRunExtensions_AddsStructuralLinks" storage="d:\v2.0\a1\_work\dbded102\bin\release.anycpu\codeanalysis.service\ms.vs.services.codeanalysis.server.issuemanagement.l0.tests\ms.vs.services.codeanalysis.server.issuemanagement.l0.tests.dll" id="2b649fbb-b597-2c85-dcf3-bc7f040fe890">
      <Execution id="ea1be122-be09-4c99-b02b-4923fdf5c59d" />
      <TestMethod codeBase="D:\v2.0\A1\_work\dbded102\bin\Release.AnyCPU\CodeAnalysis.Service\MS.VS.Services.CodeAnalysis.Server.IssueManagement.L0.Tests\MS.VS.Services.CodeAnalysis.Server.IssueManagement.L0.Tests.dll" adapterTypeName="Microsoft.VisualStudio.TestTools.TestTypes.Unit.UnitTestAdapter" className="MS.VS.Services.CodeAnalysis.Server.IssueManagement.L0.Tests.REST.RestRunExtensionsTests" name="RestRunExtensions_AddsStructuralLinks" />
    </UnitTest>
    <UnitTest name="IssueLogValidator_AcceptsValidIssueLogWithEmptyIssuesList" storage="d:\v2.0\a1\_work\dbded102\bin\release.anycpu\codeanalysis.service\ms.vs.services.codeanalysis.server.issuemanagement.l0.tests\ms.vs.services.codeanalysis.server.issuemanagement.l0.tests.dll" id="39dc41fe-fc24-ffb8-990d-6f6b27dcad0d">
      <Execution id="fd31567c-03bf-467f-a07f-2408075d904c" />
      <TestMethod codeBase="D:\v2.0\A1\_work\dbded102\bin\Release.AnyCPU\CodeAnalysis.Service\MS.VS.Services.CodeAnalysis.Server.IssueManagement.L0.Tests\MS.VS.Services.CodeAnalysis.Server.IssueManagement.L0.Tests.dll" adapterTypeName="Microsoft.VisualStudio.TestTools.TestTypes.Unit.UnitTestAdapter" className="MS.VS.Services.CodeAnalysis.Server.IssueManagement.L0.Tests.Framework.IssueLogValidatorTests" name="IssueLogValidator_AcceptsValidIssueLogWithEmptyIssuesList" />
    </UnitTest>
    <UnitTest name="IssueLogValidator_ThrowsExceptionForNullIssueLog" storage="d:\v2.0\a1\_work\dbded102\bin\release.anycpu\codeanalysis.service\ms.vs.services.codeanalysis.server.issuemanagement.l0.tests\ms.vs.services.codeanalysis.server.issuemanagement.l0.tests.dll" id="f341c938-191e-4d47-96a9-219169d3267b">
      <Execution id="9d10844c-9687-4a7e-a1f2-536e4830d1ec" />
      <TestMethod codeBase="D:\v2.0\A1\_work\dbded102\bin\Release.AnyCPU\CodeAnalysis.Service\MS.VS.Services.CodeAnalysis.Server.IssueManagement.L0.Tests\MS.VS.Services.CodeAnalysis.Server.IssueManagement.L0.Tests.dll" adapterTypeName="Microsoft.VisualStudio.TestTools.TestTypes.Unit.UnitTestAdapter" className="MS.VS.Services.CodeAnalysis.Server.IssueManagement.L0.Tests.Framework.IssueLogValidatorTests" name="IssueLogValidator_ThrowsExceptionForNullIssueLog" />
    </UnitTest>
    <UnitTest name="IssueLogValidator_ThrowsExceptionForMissingIssues" storage="d:\v2.0\a1\_work\dbded102\bin\release.anycpu\codeanalysis.service\ms.vs.services.codeanalysis.server.issuemanagement.l0.tests\ms.vs.services.codeanalysis.server.issuemanagement.l0.tests.dll" id="e3a51c9a-e96b-9399-5a83-ba126a407499">
      <Execution id="48288b47-d643-420a-893d-0f35587366cf" />
      <TestMethod codeBase="D:\v2.0\A1\_work\dbded102\bin\Release.AnyCPU\CodeAnalysis.Service\MS.VS.Services.CodeAnalysis.Server.IssueManagement.L0.Tests\MS.VS.Services.CodeAnalysis.Server.IssueManagement.L0.Tests.dll" adapterTypeName="Microsoft.VisualStudio.TestTools.TestTypes.Unit.UnitTestAdapter" className="MS.VS.Services.CodeAnalysis.Server.IssueManagement.L0.Tests.Framework.IssueLogValidatorTests" name="IssueLogValidator_ThrowsExceptionForMissingIssues" />
    </UnitTest>
    <UnitTest name="IssueLogValidator_ThrowsExceptionForMissingToolInfo" storage="d:\v2.0\a1\_work\dbded102\bin\release.anycpu\codeanalysis.service\ms.vs.services.codeanalysis.server.issuemanagement.l0.tests\ms.vs.services.codeanalysis.server.issuemanagement.l0.tests.dll" id="f2941c1f-0e28-8703-16ad-31ceded92ee6">
      <Execution id="95efd9d0-6991-4d00-96e0-c7ee27578b0d" />
      <TestMethod codeBase="D:\v2.0\A1\_work\dbded102\bin\Release.AnyCPU\CodeAnalysis.Service\MS.VS.Services.CodeAnalysis.Server.IssueManagement.L0.Tests\MS.VS.Services.CodeAnalysis.Server.IssueManagement.L0.Tests.dll" adapterTypeName="Microsoft.VisualStudio.TestTools.TestTypes.Unit.UnitTestAdapter" className="MS.VS.Services.CodeAnalysis.Server.IssueManagement.L0.Tests.Framework.IssueLogValidatorTests" name="IssueLogValidator_ThrowsExceptionForMissingToolInfo" />
    </UnitTest>
    <UnitTest name="IssueLogValidator_ThrowsExceptionForMissingToolName" storage="d:\v2.0\a1\_work\dbded102\bin\release.anycpu\codeanalysis.service\ms.vs.services.codeanalysis.server.issuemanagement.l0.tests\ms.vs.services.codeanalysis.server.issuemanagement.l0.tests.dll" id="13cf7f5d-a856-8187-293a-14eb1399e327">
      <Execution id="3f8d7599-0bc2-4750-8189-3585ca4a173f" />
      <TestMethod codeBase="D:\v2.0\A1\_work\dbded102\bin\Release.AnyCPU\CodeAnalysis.Service\MS.VS.Services.CodeAnalysis.Server.IssueManagement.L0.Tests\MS.VS.Services.CodeAnalysis.Server.IssueManagement.L0.Tests.dll" adapterTypeName="Microsoft.VisualStudio.TestTools.TestTypes.Unit.UnitTestAdapter" className="MS.VS.Services.CodeAnalysis.Server.IssueManagement.L0.Tests.Framework.IssueLogValidatorTests" name="IssueLogValidator_ThrowsExceptionForMissingToolName" />
    </UnitTest>
    <UnitTest name="IssueLogValidator_AcceptsMinRequiredIssueLog" storage="d:\v2.0\a1\_work\dbded102\bin\release.anycpu\codeanalysis.service\ms.vs.services.codeanalysis.server.issuemanagement.l0.tests\ms.vs.services.codeanalysis.server.issuemanagement.l0.tests.dll" id="be2c3728-b1fc-248c-eede-bbaefb5cad96">
      <Execution id="a018b970-6852-4ff3-aa9c-34c42f42dc3b" />
      <TestMethod codeBase="D:\v2.0\A1\_work\dbded102\bin\Release.AnyCPU\CodeAnalysis.Service\MS.VS.Services.CodeAnalysis.Server.IssueManagement.L0.Tests\MS.VS.Services.CodeAnalysis.Server.IssueManagement.L0.Tests.dll" adapterTypeName="Microsoft.VisualStudio.TestTools.TestTypes.Unit.UnitTestAdapter" className="MS.VS.Services.CodeAnalysis.Server.IssueManagement.L0.Tests.Framework.IssueLogValidatorTests" name="IssueLogValidator_AcceptsMinRequiredIssueLog" />
    </UnitTest>
    <UnitTest name="IssueLogValidator_AcceptsIssueWithoutFingerprint" storage="d:\v2.0\a1\_work\dbded102\bin\release.anycpu\codeanalysis.service\ms.vs.services.codeanalysis.server.issuemanagement.l0.tests\ms.vs.services.codeanalysis.server.issuemanagement.l0.tests.dll" id="3288187b-d973-1ef4-cf17-4e060086e1a7">
      <Execution id="bde74df8-099e-432d-8f40-62534aa5551d" />
      <TestMethod codeBase="D:\v2.0\A1\_work\dbded102\bin\Release.AnyCPU\CodeAnalysis.Service\MS.VS.Services.CodeAnalysis.Server.IssueManagement.L0.Tests\MS.VS.Services.CodeAnalysis.Server.IssueManagement.L0.Tests.dll" adapterTypeName="Microsoft.VisualStudio.TestTools.TestTypes.Unit.UnitTestAdapter" className="MS.VS.Services.CodeAnalysis.Server.IssueManagement.L0.Tests.Framework.IssueLogValidatorTests" name="IssueLogValidator_AcceptsIssueWithoutFingerprint" />
    </UnitTest>
    <UnitTest name="IssueLogValidator_ThrowsExceptionForInvalidRuleId" storage="d:\v2.0\a1\_work\dbded102\bin\release.anycpu\codeanalysis.service\ms.vs.services.codeanalysis.server.issuemanagement.l0.tests\ms.vs.services.codeanalysis.server.issuemanagement.l0.tests.dll" id="cab3a00c-80b0-df06-3ec9-b133f2f7766c">
      <Execution id="6c714358-5f21-41ec-89e8-8ca4b8911054" />
      <TestMethod codeBase="D:\v2.0\A1\_work\dbded102\bin\Release.AnyCPU\CodeAnalysis.Service\MS.VS.Services.CodeAnalysis.Server.IssueManagement.L0.Tests\MS.VS.Services.CodeAnalysis.Server.IssueManagement.L0.Tests.dll" adapterTypeName="Microsoft.VisualStudio.TestTools.TestTypes.Unit.UnitTestAdapter" className="MS.VS.Services.CodeAnalysis.Server.IssueManagement.L0.Tests.Framework.IssueLogValidatorTests" name="IssueLogValidator_ThrowsExceptionForInvalidRuleId" />
    </UnitTest>
    <UnitTest name="IssueLogValidator_ThrowsExceptionForInvalidFullMessage" storage="d:\v2.0\a1\_work\dbded102\bin\release.anycpu\codeanalysis.service\ms.vs.services.codeanalysis.server.issuemanagement.l0.tests\ms.vs.services.codeanalysis.server.issuemanagement.l0.tests.dll" id="b297df5a-2d0b-3998-07ee-954e1883ef0c">
      <Execution id="cca8a457-45f0-4da5-a937-bf354fe27d87" />
      <TestMethod codeBase="D:\v2.0\A1\_work\dbded102\bin\Release.AnyCPU\CodeAnalysis.Service\MS.VS.Services.CodeAnalysis.Server.IssueManagement.L0.Tests\MS.VS.Services.CodeAnalysis.Server.IssueManagement.L0.Tests.dll" adapterTypeName="Microsoft.VisualStudio.TestTools.TestTypes.Unit.UnitTestAdapter" className="MS.VS.Services.CodeAnalysis.Server.IssueManagement.L0.Tests.Framework.IssueLogValidatorTests" name="IssueLogValidator_ThrowsExceptionForInvalidFullMessage" />
    </UnitTest>
    <UnitTest name="IssueLogValidator_AcceptsIssueWithoutLocation" storage="d:\v2.0\a1\_work\dbded102\bin\release.anycpu\codeanalysis.service\ms.vs.services.codeanalysis.server.issuemanagement.l0.tests\ms.vs.services.codeanalysis.server.issuemanagement.l0.tests.dll" id="cfd5f4e8-18d0-89fd-36e4-6cd07db1f97c">
      <Execution id="30fbfca3-de52-40f8-a525-9228be9bbc83" />
      <TestMethod codeBase="D:\v2.0\A1\_work\dbded102\bin\Release.AnyCPU\CodeAnalysis.Service\MS.VS.Services.CodeAnalysis.Server.IssueManagement.L0.Tests\MS.VS.Services.CodeAnalysis.Server.IssueManagement.L0.Tests.dll" adapterTypeName="Microsoft.VisualStudio.TestTools.TestTypes.Unit.UnitTestAdapter" className="MS.VS.Services.CodeAnalysis.Server.IssueManagement.L0.Tests.Framework.IssueLogValidatorTests" name="IssueLogValidator_AcceptsIssueWithoutLocation" />
    </UnitTest>
    <UnitTest name="IssueLogValidator_AcceptsLocationWithOnlyAnalysisTarget" storage="d:\v2.0\a1\_work\dbded102\bin\release.anycpu\codeanalysis.service\ms.vs.services.codeanalysis.server.issuemanagement.l0.tests\ms.vs.services.codeanalysis.server.issuemanagement.l0.tests.dll" id="510d3d8b-d755-33ab-3227-0a3898244fa9">
      <Execution id="33dc6f67-11ff-49ff-baab-d18d2c20d4a5" />
      <TestMethod codeBase="D:\v2.0\A1\_work\dbded102\bin\Release.AnyCPU\CodeAnalysis.Service\MS.VS.Services.CodeAnalysis.Server.IssueManagement.L0.Tests\MS.VS.Services.CodeAnalysis.Server.IssueManagement.L0.Tests.dll" adapterTypeName="Microsoft.VisualStudio.TestTools.TestTypes.Unit.UnitTestAdapter" className="MS.VS.Services.CodeAnalysis.Server.IssueManagement.L0.Tests.Framework.IssueLogValidatorTests" name="IssueLogValidator_AcceptsLocationWithOnlyAnalysisTarget" />
    </UnitTest>
    <UnitTest name="IssueLogValidator_AcceptsLocationWithOnlyIssueFile" storage="d:\v2.0\a1\_work\dbded102\bin\release.anycpu\codeanalysis.service\ms.vs.services.codeanalysis.server.issuemanagement.l0.tests\ms.vs.services.codeanalysis.server.issuemanagement.l0.tests.dll" id="6bee0e2c-bee9-469b-d470-f7868b15b97e">
      <Execution id="2802b784-b144-4998-9bb1-147c16d503ea" />
      <TestMethod codeBase="D:\v2.0\A1\_work\dbded102\bin\Release.AnyCPU\CodeAnalysis.Service\MS.VS.Services.CodeAnalysis.Server.IssueManagement.L0.Tests\MS.VS.Services.CodeAnalysis.Server.IssueManagement.L0.Tests.dll" adapterTypeName="Microsoft.VisualStudio.TestTools.TestTypes.Unit.UnitTestAdapter" className="MS.VS.Services.CodeAnalysis.Server.IssueManagement.L0.Tests.Framework.IssueLogValidatorTests" name="IssueLogValidator_AcceptsLocationWithOnlyIssueFile" />
    </UnitTest>
    <UnitTest name="IssueLogValidator_AcceptsLocationWithBothAnalysisTargetAndIssueFile" storage="d:\v2.0\a1\_work\dbded102\bin\release.anycpu\codeanalysis.service\ms.vs.services.codeanalysis.server.issuemanagement.l0.tests\ms.vs.services.codeanalysis.server.issuemanagement.l0.tests.dll" id="f407f16f-c282-eaed-17dd-8c34a2f3a45a">
      <Execution id="fee5171f-433b-457b-8c19-c811fd950643" />
      <TestMethod codeBase="D:\v2.0\A1\_work\dbded102\bin\Release.AnyCPU\CodeAnalysis.Service\MS.VS.Services.CodeAnalysis.Server.IssueManagement.L0.Tests\MS.VS.Services.CodeAnalysis.Server.IssueManagement.L0.Tests.dll" adapterTypeName="Microsoft.VisualStudio.TestTools.TestTypes.Unit.UnitTestAdapter" className="MS.VS.Services.CodeAnalysis.Server.IssueManagement.L0.Tests.Framework.IssueLogValidatorTests" name="IssueLogValidator_AcceptsLocationWithBothAnalysisTargetAndIssueFile" />
    </UnitTest>
    <UnitTest name="IssueLogValidator_ThrowsExceptionIfAnalysisTargetAndIssueFileAreMissing" storage="d:\v2.0\a1\_work\dbded102\bin\release.anycpu\codeanalysis.service\ms.vs.services.codeanalysis.server.issuemanagement.l0.tests\ms.vs.services.codeanalysis.server.issuemanagement.l0.tests.dll" id="7e5f4015-8e05-8582-154c-04f2d1344cce">
      <Execution id="26ea304b-99bb-478e-a814-da9aa527993e" />
      <TestMethod codeBase="D:\v2.0\A1\_work\dbded102\bin\Release.AnyCPU\CodeAnalysis.Service\MS.VS.Services.CodeAnalysis.Server.IssueManagement.L0.Tests\MS.VS.Services.CodeAnalysis.Server.IssueManagement.L0.Tests.dll" adapterTypeName="Microsoft.VisualStudio.TestTools.TestTypes.Unit.UnitTestAdapter" className="MS.VS.Services.CodeAnalysis.Server.IssueManagement.L0.Tests.Framework.IssueLogValidatorTests" name="IssueLogValidator_ThrowsExceptionIfAnalysisTargetAndIssueFileAreMissing" />
    </UnitTest>
    <UnitTest name="IssueLogValidator_ThrowsExceptionForAnalysisTargetWithNoComponents" storage="d:\v2.0\a1\_work\dbded102\bin\release.anycpu\codeanalysis.service\ms.vs.services.codeanalysis.server.issuemanagement.l0.tests\ms.vs.services.codeanalysis.server.issuemanagement.l0.tests.dll" id="89c509fc-12aa-360b-a605-5f1d3dd8b49d">
      <Execution id="dd3db1d4-d866-4cd0-9139-6f58cc5f8056" />
      <TestMethod codeBase="D:\v2.0\A1\_work\dbded102\bin\Release.AnyCPU\CodeAnalysis.Service\MS.VS.Services.CodeAnalysis.Server.IssueManagement.L0.Tests\MS.VS.Services.CodeAnalysis.Server.IssueManagement.L0.Tests.dll" adapterTypeName="Microsoft.VisualStudio.TestTools.TestTypes.Unit.UnitTestAdapter" className="MS.VS.Services.CodeAnalysis.Server.IssueManagement.L0.Tests.Framework.IssueLogValidatorTests" name="IssueLogValidator_ThrowsExceptionForAnalysisTargetWithNoComponents" />
    </UnitTest>
    <UnitTest name="IssueLogValidator_AcceptsIssueFileWithComponents" storage="d:\v2.0\a1\_work\dbded102\bin\release.anycpu\codeanalysis.service\ms.vs.services.codeanalysis.server.issuemanagement.l0.tests\ms.vs.services.codeanalysis.server.issuemanagement.l0.tests.dll" id="92778b14-c5a9-fbad-d33c-7a893fc2cee5">
      <Execution id="37c94290-92a9-456a-964f-8d48ea66e488" />
      <TestMethod codeBase="D:\v2.0\A1\_work\dbded102\bin\Release.AnyCPU\CodeAnalysis.Service\MS.VS.Services.CodeAnalysis.Server.IssueManagement.L0.Tests\MS.VS.Services.CodeAnalysis.Server.IssueManagement.L0.Tests.dll" adapterTypeName="Microsoft.VisualStudio.TestTools.TestTypes.Unit.UnitTestAdapter" className="MS.VS.Services.CodeAnalysis.Server.IssueManagement.L0.Tests.Framework.IssueLogValidatorTests" name="IssueLogValidator_AcceptsIssueFileWithComponents" />
    </UnitTest>
    <UnitTest name="IssueLogValidator_ThrowsExceptionForIssueFileWithNoComponents" storage="d:\v2.0\a1\_work\dbded102\bin\release.anycpu\codeanalysis.service\ms.vs.services.codeanalysis.server.issuemanagement.l0.tests\ms.vs.services.codeanalysis.server.issuemanagement.l0.tests.dll" id="aa15e918-b3e2-aba8-6a08-f3aec1852807">
      <Execution id="6ae6ab47-44cf-47fc-8e96-dc48b39650b7" />
      <TestMethod codeBase="D:\v2.0\A1\_work\dbded102\bin\Release.AnyCPU\CodeAnalysis.Service\MS.VS.Services.CodeAnalysis.Server.IssueManagement.L0.Tests\MS.VS.Services.CodeAnalysis.Server.IssueManagement.L0.Tests.dll" adapterTypeName="Microsoft.VisualStudio.TestTools.TestTypes.Unit.UnitTestAdapter" className="MS.VS.Services.CodeAnalysis.Server.IssueManagement.L0.Tests.Framework.IssueLogValidatorTests" name="IssueLogValidator_ThrowsExceptionForIssueFileWithNoComponents" />
    </UnitTest>
    <UnitTest name="IssueLogValidator_ThrowsExceptionForInvalidPhysicalLocationComponentUri" storage="d:\v2.0\a1\_work\dbded102\bin\release.anycpu\codeanalysis.service\ms.vs.services.codeanalysis.server.issuemanagement.l0.tests\ms.vs.services.codeanalysis.server.issuemanagement.l0.tests.dll" id="7eb4f93c-b417-9a05-cea2-e6c4e3cf9321">
      <Execution id="226c9123-8d35-4544-b6e7-c1a366cb1a94" />
      <TestMethod codeBase="D:\v2.0\A1\_work\dbded102\bin\Release.AnyCPU\CodeAnalysis.Service\MS.VS.Services.CodeAnalysis.Server.IssueManagement.L0.Tests\MS.VS.Services.CodeAnalysis.Server.IssueManagement.L0.Tests.dll" adapterTypeName="Microsoft.VisualStudio.TestTools.TestTypes.Unit.UnitTestAdapter" className="MS.VS.Services.CodeAnalysis.Server.IssueManagement.L0.Tests.Framework.IssueLogValidatorTests" name="IssueLogValidator_ThrowsExceptionForInvalidPhysicalLocationComponentUri" />
    </UnitTest>
    <UnitTest name="IssueLogValidator_AcceptsRegionOnAnyPhysicalComponent" storage="d:\v2.0\a1\_work\dbded102\bin\release.anycpu\codeanalysis.service\ms.vs.services.codeanalysis.server.issuemanagement.l0.tests\ms.vs.services.codeanalysis.server.issuemanagement.l0.tests.dll" id="4d29c185-fd10-9d0d-e708-0be66b9a598e">
      <Execution id="c817edef-ba01-4c6c-b779-cf36dcc50bb5" />
      <TestMethod codeBase="D:\v2.0\A1\_work\dbded102\bin\Release.AnyCPU\CodeAnalysis.Service\MS.VS.Services.CodeAnalysis.Server.IssueManagement.L0.Tests\MS.VS.Services.CodeAnalysis.Server.IssueManagement.L0.Tests.dll" adapterTypeName="Microsoft.VisualStudio.TestTools.TestTypes.Unit.UnitTestAdapter" className="MS.VS.Services.CodeAnalysis.Server.IssueManagement.L0.Tests.Framework.IssueLogValidatorTests" name="IssueLogValidator_AcceptsRegionOnAnyPhysicalComponent" />
    </UnitTest>
    <UnitTest name="IssueLogValidator_AcceptsLocationWithoutRegion" storage="d:\v2.0\a1\_work\dbded102\bin\release.anycpu\codeanalysis.service\ms.vs.services.codeanalysis.server.issuemanagement.l0.tests\ms.vs.services.codeanalysis.server.issuemanagement.l0.tests.dll" id="7582f681-992b-45c0-39cb-3fe8ea6b974f">
      <Execution id="0894d58e-2d87-499b-9a52-6fe07963859a" />
      <TestMethod codeBase="D:\v2.0\A1\_work\dbded102\bin\Release.AnyCPU\CodeAnalysis.Service\MS.VS.Services.CodeAnalysis.Server.IssueManagement.L0.Tests\MS.VS.Services.CodeAnalysis.Server.IssueManagement.L0.Tests.dll" adapterTypeName="Microsoft.VisualStudio.TestTools.TestTypes.Unit.UnitTestAdapter" className="MS.VS.Services.CodeAnalysis.Server.IssueManagement.L0.Tests.Framework.IssueLogValidatorTests" name="IssueLogValidator_AcceptsLocationWithoutRegion" />
    </UnitTest>
    <UnitTest name="IssueLogValidator_ThrowsExceptionForInvalidRegion" storage="d:\v2.0\a1\_work\dbded102\bin\release.anycpu\codeanalysis.service\ms.vs.services.codeanalysis.server.issuemanagement.l0.tests\ms.vs.services.codeanalysis.server.issuemanagement.l0.tests.dll" id="2b639535-6fe7-84fe-5e56-daca44925cca">
      <Execution id="c4d8a8a8-1208-4c15-933e-23235778146c" />
      <TestMethod codeBase="D:\v2.0\A1\_work\dbded102\bin\Release.AnyCPU\CodeAnalysis.Service\MS.VS.Services.CodeAnalysis.Server.IssueManagement.L0.Tests\MS.VS.Services.CodeAnalysis.Server.IssueManagement.L0.Tests.dll" adapterTypeName="Microsoft.VisualStudio.TestTools.TestTypes.Unit.UnitTestAdapter" className="MS.VS.Services.CodeAnalysis.Server.IssueManagement.L0.Tests.Framework.IssueLogValidatorTests" name="IssueLogValidator_ThrowsExceptionForInvalidRegion" />
    </UnitTest>
    <UnitTest name="IssueLogValidator_AcceptsValidRegion" storage="d:\v2.0\a1\_work\dbded102\bin\release.anycpu\codeanalysis.service\ms.vs.services.codeanalysis.server.issuemanagement.l0.tests\ms.vs.services.codeanalysis.server.issuemanagement.l0.tests.dll" id="6da2fe01-4f64-f3ce-f1ac-bbf09f2b0f43">
      <Execution id="7ed47048-919c-41b8-9a33-7fcef65c45de" />
      <TestMethod codeBase="D:\v2.0\A1\_work\dbded102\bin\Release.AnyCPU\CodeAnalysis.Service\MS.VS.Services.CodeAnalysis.Server.IssueManagement.L0.Tests\MS.VS.Services.CodeAnalysis.Server.IssueManagement.L0.Tests.dll" adapterTypeName="Microsoft.VisualStudio.TestTools.TestTypes.Unit.UnitTestAdapter" className="MS.VS.Services.CodeAnalysis.Server.IssueManagement.L0.Tests.Framework.IssueLogValidatorTests" name="IssueLogValidator_AcceptsValidRegion" />
    </UnitTest>
    <UnitTest name="IssueLogValidator_AcceptsRegionEvenIfAllMembersAreZero" storage="d:\v2.0\a1\_work\dbded102\bin\release.anycpu\codeanalysis.service\ms.vs.services.codeanalysis.server.issuemanagement.l0.tests\ms.vs.services.codeanalysis.server.issuemanagement.l0.tests.dll" id="dac388da-51a4-e4ef-7d63-41f815e58726">
      <Execution id="b2a49c60-3db6-441a-8069-6a25d4014704" />
      <TestMethod codeBase="D:\v2.0\A1\_work\dbded102\bin\Release.AnyCPU\CodeAnalysis.Service\MS.VS.Services.CodeAnalysis.Server.IssueManagement.L0.Tests\MS.VS.Services.CodeAnalysis.Server.IssueManagement.L0.Tests.dll" adapterTypeName="Microsoft.VisualStudio.TestTools.TestTypes.Unit.UnitTestAdapter" className="MS.VS.Services.CodeAnalysis.Server.IssueManagement.L0.Tests.Framework.IssueLogValidatorTests" name="IssueLogValidator_AcceptsRegionEvenIfAllMembersAreZero" />
    </UnitTest>
    <UnitTest name="IssueLogValidator_AcceptsIssueWithoutExecutionFlow" storage="d:\v2.0\a1\_work\dbded102\bin\release.anycpu\codeanalysis.service\ms.vs.services.codeanalysis.server.issuemanagement.l0.tests\ms.vs.services.codeanalysis.server.issuemanagement.l0.tests.dll" id="f7c14a7c-f869-e279-78ff-3998fa0b7261">
      <Execution id="ec2a67b7-529a-4228-aafb-9d8e36309cc4" />
      <TestMethod codeBase="D:\v2.0\A1\_work\dbded102\bin\Release.AnyCPU\CodeAnalysis.Service\MS.VS.Services.CodeAnalysis.Server.IssueManagement.L0.Tests\MS.VS.Services.CodeAnalysis.Server.IssueManagement.L0.Tests.dll" adapterTypeName="Microsoft.VisualStudio.TestTools.TestTypes.Unit.UnitTestAdapter" className="MS.VS.Services.CodeAnalysis.Server.IssueManagement.L0.Tests.Framework.IssueLogValidatorTests" name="IssueLogValidator_AcceptsIssueWithoutExecutionFlow" />
    </UnitTest>
    <UnitTest name="IssueLogValidator_AcceptsIssueWithMultipleExecutionFlowsAndStacks" storage="d:\v2.0\a1\_work\dbded102\bin\release.anycpu\codeanalysis.service\ms.vs.services.codeanalysis.server.issuemanagement.l0.tests\ms.vs.services.codeanalysis.server.issuemanagement.l0.tests.dll" id="c7061965-fe85-af7d-46db-743b7a53caa6">
      <Execution id="b847daf5-9a2c-4b57-998f-12a3efb21659" />
      <TestMethod codeBase="D:\v2.0\A1\_work\dbded102\bin\Release.AnyCPU\CodeAnalysis.Service\MS.VS.Services.CodeAnalysis.Server.IssueManagement.L0.Tests\MS.VS.Services.CodeAnalysis.Server.IssueManagement.L0.Tests.dll" adapterTypeName="Microsoft.VisualStudio.TestTools.TestTypes.Unit.UnitTestAdapter" className="MS.VS.Services.CodeAnalysis.Server.IssueManagement.L0.Tests.Framework.IssueLogValidatorTests" name="IssueLogValidator_AcceptsIssueWithMultipleExecutionFlowsAndStacks" />
    </UnitTest>
    <UnitTest name="IssueLogValidator_ThrowsExceptionForInvalidExecutionFlowAmongMultipleExecutionFlows" storage="d:\v2.0\a1\_work\dbded102\bin\release.anycpu\codeanalysis.service\ms.vs.services.codeanalysis.server.issuemanagement.l0.tests\ms.vs.services.codeanalysis.server.issuemanagement.l0.tests.dll" id="7903e960-9ade-09e4-4645-17b66cf58b1d">
      <Execution id="8c9098cc-1d89-4a2a-8180-ccd8a7182e52" />
      <TestMethod codeBase="D:\v2.0\A1\_work\dbded102\bin\Release.AnyCPU\CodeAnalysis.Service\MS.VS.Services.CodeAnalysis.Server.IssueManagement.L0.Tests\MS.VS.Services.CodeAnalysis.Server.IssueManagement.L0.Tests.dll" adapterTypeName="Microsoft.VisualStudio.TestTools.TestTypes.Unit.UnitTestAdapter" className="MS.VS.Services.CodeAnalysis.Server.IssueManagement.L0.Tests.Framework.IssueLogValidatorTests" name="IssueLogValidator_ThrowsExceptionForInvalidExecutionFlowAmongMultipleExecutionFlows" />
    </UnitTest>
    <UnitTest name="IssueLogValidator_ThrowsExceptionForInvalidStackAmongMultipleStacks" storage="d:\v2.0\a1\_work\dbded102\bin\release.anycpu\codeanalysis.service\ms.vs.services.codeanalysis.server.issuemanagement.l0.tests\ms.vs.services.codeanalysis.server.issuemanagement.l0.tests.dll" id="8a564fd8-9f9d-d0ac-8527-74b8cdee588e">
      <Execution id="b544c75b-1f85-4ac7-8bca-21d4ff5814f5" />
      <TestMethod codeBase="D:\v2.0\A1\_work\dbded102\bin\Release.AnyCPU\CodeAnalysis.Service\MS.VS.Services.CodeAnalysis.Server.IssueManagement.L0.Tests\MS.VS.Services.CodeAnalysis.Server.IssueManagement.L0.Tests.dll" adapterTypeName="Microsoft.VisualStudio.TestTools.TestTypes.Unit.UnitTestAdapter" className="MS.VS.Services.CodeAnalysis.Server.IssueManagement.L0.Tests.Framework.IssueLogValidatorTests" name="IssueLogValidator_ThrowsExceptionForInvalidStackAmongMultipleStacks" />
    </UnitTest>
    <UnitTest name="IssueLogValidator_ThrowsExceptionForExecutionFlowWithoutEntries" storage="d:\v2.0\a1\_work\dbded102\bin\release.anycpu\codeanalysis.service\ms.vs.services.codeanalysis.server.issuemanagement.l0.tests\ms.vs.services.codeanalysis.server.issuemanagement.l0.tests.dll" id="3d6e6a8b-01ff-4b42-498f-d20434fbed49">
      <Execution id="7b46295b-d39e-4ff6-9db9-f6a6d6968a71" />
      <TestMethod codeBase="D:\v2.0\A1\_work\dbded102\bin\Release.AnyCPU\CodeAnalysis.Service\MS.VS.Services.CodeAnalysis.Server.IssueManagement.L0.Tests\MS.VS.Services.CodeAnalysis.Server.IssueManagement.L0.Tests.dll" adapterTypeName="Microsoft.VisualStudio.TestTools.TestTypes.Unit.UnitTestAdapter" className="MS.VS.Services.CodeAnalysis.Server.IssueManagement.L0.Tests.Framework.IssueLogValidatorTests" name="IssueLogValidator_ThrowsExceptionForExecutionFlowWithoutEntries" />
    </UnitTest>
    <UnitTest name="IssueLogValidator_ThrowsExceptionForExecutionFlowEntryWithoutPhysicalLocation" storage="d:\v2.0\a1\_work\dbded102\bin\release.anycpu\codeanalysis.service\ms.vs.services.codeanalysis.server.issuemanagement.l0.tests\ms.vs.services.codeanalysis.server.issuemanagement.l0.tests.dll" id="13c33ada-e2d1-f671-334b-7cceab32ae92">
      <Execution id="5f8d6d2d-90c1-4263-92cd-5cca16f1d021" />
      <TestMethod codeBase="D:\v2.0\A1\_work\dbded102\bin\Release.AnyCPU\CodeAnalysis.Service\MS.VS.Services.CodeAnalysis.Server.IssueManagement.L0.Tests\MS.VS.Services.CodeAnalysis.Server.IssueManagement.L0.Tests.dll" adapterTypeName="Microsoft.VisualStudio.TestTools.TestTypes.Unit.UnitTestAdapter" className="MS.VS.Services.CodeAnalysis.Server.IssueManagement.L0.Tests.Framework.IssueLogValidatorTests" name="IssueLogValidator_ThrowsExceptionForExecutionFlowEntryWithoutPhysicalLocation" />
    </UnitTest>
    <UnitTest name="IssueLogValidator_ThrowsExceptionForExecutionFlowEntryWithInvalidPhysicalLocation" storage="d:\v2.0\a1\_work\dbded102\bin\release.anycpu\codeanalysis.service\ms.vs.services.codeanalysis.server.issuemanagement.l0.tests\ms.vs.services.codeanalysis.server.issuemanagement.l0.tests.dll" id="354ad866-c1b4-7e52-6b74-4582d5216603">
      <Execution id="686b3fcd-a3da-4541-8461-f883d0e4d039" />
      <TestMethod codeBase="D:\v2.0\A1\_work\dbded102\bin\Release.AnyCPU\CodeAnalysis.Service\MS.VS.Services.CodeAnalysis.Server.IssueManagement.L0.Tests\MS.VS.Services.CodeAnalysis.Server.IssueManagement.L0.Tests.dll" adapterTypeName="Microsoft.VisualStudio.TestTools.TestTypes.Unit.UnitTestAdapter" className="MS.VS.Services.CodeAnalysis.Server.IssueManagement.L0.Tests.Framework.IssueLogValidatorTests" name="IssueLogValidator_ThrowsExceptionForExecutionFlowEntryWithInvalidPhysicalLocation" />
    </UnitTest>
    <UnitTest name="IssueLogValidator_ThrowsExceptionForExecutionFlowEntryWithInvalidLocationUri" storage="d:\v2.0\a1\_work\dbded102\bin\release.anycpu\codeanalysis.service\ms.vs.services.codeanalysis.server.issuemanagement.l0.tests\ms.vs.services.codeanalysis.server.issuemanagement.l0.tests.dll" id="4775078a-f485-3e01-1364-757da0759987">
      <Execution id="6799d13d-919e-402a-8236-7e99d817de1b" />
      <TestMethod codeBase="D:\v2.0\A1\_work\dbded102\bin\Release.AnyCPU\CodeAnalysis.Service\MS.VS.Services.CodeAnalysis.Server.IssueManagement.L0.Tests\MS.VS.Services.CodeAnalysis.Server.IssueManagement.L0.Tests.dll" adapterTypeName="Microsoft.VisualStudio.TestTools.TestTypes.Unit.UnitTestAdapter" className="MS.VS.Services.CodeAnalysis.Server.IssueManagement.L0.Tests.Framework.IssueLogValidatorTests" name="IssueLogValidator_ThrowsExceptionForExecutionFlowEntryWithInvalidLocationUri" />
    </UnitTest>
    <UnitTest name="IssueLogValidator_AcceptsExecutionFlowEntryLocationWithoutRegion" storage="d:\v2.0\a1\_work\dbded102\bin\release.anycpu\codeanalysis.service\ms.vs.services.codeanalysis.server.issuemanagement.l0.tests\ms.vs.services.codeanalysis.server.issuemanagement.l0.tests.dll" id="df801e31-1351-423c-af74-dc21d8c95506">
      <Execution id="2026233f-6ebe-4dd2-8fc2-fae03bf85401" />
      <TestMethod codeBase="D:\v2.0\A1\_work\dbded102\bin\Release.AnyCPU\CodeAnalysis.Service\MS.VS.Services.CodeAnalysis.Server.IssueManagement.L0.Tests\MS.VS.Services.CodeAnalysis.Server.IssueManagement.L0.Tests.dll" adapterTypeName="Microsoft.VisualStudio.TestTools.TestTypes.Unit.UnitTestAdapter" className="MS.VS.Services.CodeAnalysis.Server.IssueManagement.L0.Tests.Framework.IssueLogValidatorTests" name="IssueLogValidator_AcceptsExecutionFlowEntryLocationWithoutRegion" />
    </UnitTest>
    <UnitTest name="IssueLogValidator_ThrowsExceptionForInvalidExecutionFlowEntryRegion" storage="d:\v2.0\a1\_work\dbded102\bin\release.anycpu\codeanalysis.service\ms.vs.services.codeanalysis.server.issuemanagement.l0.tests\ms.vs.services.codeanalysis.server.issuemanagement.l0.tests.dll" id="69d84e34-d86d-a2d3-ece6-e0c376b6cf57">
      <Execution id="4a53013f-523c-44ca-9063-24b8d22406cb" />
      <TestMethod codeBase="D:\v2.0\A1\_work\dbded102\bin\Release.AnyCPU\CodeAnalysis.Service\MS.VS.Services.CodeAnalysis.Server.IssueManagement.L0.Tests\MS.VS.Services.CodeAnalysis.Server.IssueManagement.L0.Tests.dll" adapterTypeName="Microsoft.VisualStudio.TestTools.TestTypes.Unit.UnitTestAdapter" className="MS.VS.Services.CodeAnalysis.Server.IssueManagement.L0.Tests.Framework.IssueLogValidatorTests" name="IssueLogValidator_ThrowsExceptionForInvalidExecutionFlowEntryRegion" />
    </UnitTest>
    <UnitTest name="IssueLogValidator_AcceptsValidExecutionFlowEntryRegion" storage="d:\v2.0\a1\_work\dbded102\bin\release.anycpu\codeanalysis.service\ms.vs.services.codeanalysis.server.issuemanagement.l0.tests\ms.vs.services.codeanalysis.server.issuemanagement.l0.tests.dll" id="b2b620dc-bd45-53be-c1e0-cc1e6ba7f2d9">
      <Execution id="fcc19243-ff75-444e-8569-ad4c4df340d4" />
      <TestMethod codeBase="D:\v2.0\A1\_work\dbded102\bin\Release.AnyCPU\CodeAnalysis.Service\MS.VS.Services.CodeAnalysis.Server.IssueManagement.L0.Tests\MS.VS.Services.CodeAnalysis.Server.IssueManagement.L0.Tests.dll" adapterTypeName="Microsoft.VisualStudio.TestTools.TestTypes.Unit.UnitTestAdapter" className="MS.VS.Services.CodeAnalysis.Server.IssueManagement.L0.Tests.Framework.IssueLogValidatorTests" name="IssueLogValidator_AcceptsValidExecutionFlowEntryRegion" />
    </UnitTest>
    <UnitTest name="IssueLogValidator_AcceptsIssueWithoutProperties" storage="d:\v2.0\a1\_work\dbded102\bin\release.anycpu\codeanalysis.service\ms.vs.services.codeanalysis.server.issuemanagement.l0.tests\ms.vs.services.codeanalysis.server.issuemanagement.l0.tests.dll" id="acd3e017-a0dc-e00c-dc8d-4da5a45a7211">
      <Execution id="db00f143-85a6-4765-bf2b-0e84d23bf1c1" />
      <TestMethod codeBase="D:\v2.0\A1\_work\dbded102\bin\Release.AnyCPU\CodeAnalysis.Service\MS.VS.Services.CodeAnalysis.Server.IssueManagement.L0.Tests\MS.VS.Services.CodeAnalysis.Server.IssueManagement.L0.Tests.dll" adapterTypeName="Microsoft.VisualStudio.TestTools.TestTypes.Unit.UnitTestAdapter" className="MS.VS.Services.CodeAnalysis.Server.IssueManagement.L0.Tests.Framework.IssueLogValidatorTests" name="IssueLogValidator_AcceptsIssueWithoutProperties" />
    </UnitTest>
    <UnitTest name="IssueLogValidator_ThrowsExceptionForIssuePropertyWithInvalidKey" storage="d:\v2.0\a1\_work\dbded102\bin\release.anycpu\codeanalysis.service\ms.vs.services.codeanalysis.server.issuemanagement.l0.tests\ms.vs.services.codeanalysis.server.issuemanagement.l0.tests.dll" id="7f30dae8-4cec-fbba-dc4e-ca100c7fc8cb">
      <Execution id="6a866836-6efb-4c55-ae00-1c8a1e9b84cd" />
      <TestMethod codeBase="D:\v2.0\A1\_work\dbded102\bin\Release.AnyCPU\CodeAnalysis.Service\MS.VS.Services.CodeAnalysis.Server.IssueManagement.L0.Tests\MS.VS.Services.CodeAnalysis.Server.IssueManagement.L0.Tests.dll" adapterTypeName="Microsoft.VisualStudio.TestTools.TestTypes.Unit.UnitTestAdapter" className="MS.VS.Services.CodeAnalysis.Server.IssueManagement.L0.Tests.Framework.IssueLogValidatorTests" name="IssueLogValidator_ThrowsExceptionForIssuePropertyWithInvalidKey" />
    </UnitTest>
    <UnitTest name="IssueLogValidator_ThrowsExceptionForIssuePropertyWithInvalidValue" storage="d:\v2.0\a1\_work\dbded102\bin\release.anycpu\codeanalysis.service\ms.vs.services.codeanalysis.server.issuemanagement.l0.tests\ms.vs.services.codeanalysis.server.issuemanagement.l0.tests.dll" id="0d5d469e-7787-5670-53f4-19387186a84a">
      <Execution id="0a0e3bd5-e33c-400f-a5bd-d3384a257806" />
      <TestMethod codeBase="D:\v2.0\A1\_work\dbded102\bin\Release.AnyCPU\CodeAnalysis.Service\MS.VS.Services.CodeAnalysis.Server.IssueManagement.L0.Tests\MS.VS.Services.CodeAnalysis.Server.IssueManagement.L0.Tests.dll" adapterTypeName="Microsoft.VisualStudio.TestTools.TestTypes.Unit.UnitTestAdapter" className="MS.VS.Services.CodeAnalysis.Server.IssueManagement.L0.Tests.Framework.IssueLogValidatorTests" name="IssueLogValidator_ThrowsExceptionForIssuePropertyWithInvalidValue" />
    </UnitTest>
    <UnitTest name="RunValidator_AcceptsEmptyRun" storage="d:\v2.0\a1\_work\dbded102\bin\release.anycpu\codeanalysis.service\ms.vs.services.codeanalysis.server.issuemanagement.l0.tests\ms.vs.services.codeanalysis.server.issuemanagement.l0.tests.dll" id="cc63f966-be56-c186-8a66-42a14c6f3f39">
      <Execution id="b5ff87c7-9fb3-4cdc-b165-74f9ca27caa3" />
      <TestMethod codeBase="D:\v2.0\A1\_work\dbded102\bin\Release.AnyCPU\CodeAnalysis.Service\MS.VS.Services.CodeAnalysis.Server.IssueManagement.L0.Tests\MS.VS.Services.CodeAnalysis.Server.IssueManagement.L0.Tests.dll" adapterTypeName="Microsoft.VisualStudio.TestTools.TestTypes.Unit.UnitTestAdapter" className="MS.VS.Services.CodeAnalysis.Server.IssueManagement.L0.Tests.Framework.RunValidatorTests" name="RunValidator_AcceptsEmptyRun" />
    </UnitTest>
    <UnitTest name="RunValidator_ThrowsExceptionForNullRun" storage="d:\v2.0\a1\_work\dbded102\bin\release.anycpu\codeanalysis.service\ms.vs.services.codeanalysis.server.issuemanagement.l0.tests\ms.vs.services.codeanalysis.server.issuemanagement.l0.tests.dll" id="bf609fb3-485a-4dad-196f-bbfea37a481f">
      <Execution id="ae1816d5-6f85-4c81-8517-32f89dc6f9ec" />
      <TestMethod codeBase="D:\v2.0\A1\_work\dbded102\bin\Release.AnyCPU\CodeAnalysis.Service\MS.VS.Services.CodeAnalysis.Server.IssueManagement.L0.Tests\MS.VS.Services.CodeAnalysis.Server.IssueManagement.L0.Tests.dll" adapterTypeName="Microsoft.VisualStudio.TestTools.TestTypes.Unit.UnitTestAdapter" className="MS.VS.Services.CodeAnalysis.Server.IssueManagement.L0.Tests.Framework.RunValidatorTests" name="RunValidator_ThrowsExceptionForNullRun" />
    </UnitTest>
    <UnitTest name="RunValidator_AcceptsRunWithEmptyProperties" storage="d:\v2.0\a1\_work\dbded102\bin\release.anycpu\codeanalysis.service\ms.vs.services.codeanalysis.server.issuemanagement.l0.tests\ms.vs.services.codeanalysis.server.issuemanagement.l0.tests.dll" id="7f0ed2c4-e14a-f4d4-9373-33e12ce20bd8">
      <Execution id="ac29a8ce-3b25-429c-bbef-4fcd7053ab22" />
      <TestMethod codeBase="D:\v2.0\A1\_work\dbded102\bin\Release.AnyCPU\CodeAnalysis.Service\MS.VS.Services.CodeAnalysis.Server.IssueManagement.L0.Tests\MS.VS.Services.CodeAnalysis.Server.IssueManagement.L0.Tests.dll" adapterTypeName="Microsoft.VisualStudio.TestTools.TestTypes.Unit.UnitTestAdapter" className="MS.VS.Services.CodeAnalysis.Server.IssueManagement.L0.Tests.Framework.RunValidatorTests" name="RunValidator_AcceptsRunWithEmptyProperties" />
    </UnitTest>
    <UnitTest name="RunValidator_AcceptsRunWithEmptyRepository" storage="d:\v2.0\a1\_work\dbded102\bin\release.anycpu\codeanalysis.service\ms.vs.services.codeanalysis.server.issuemanagement.l0.tests\ms.vs.services.codeanalysis.server.issuemanagement.l0.tests.dll" id="bac8e1c0-2063-731e-2d88-50c7dd5f9b59">
      <Execution id="f0c11a87-9970-41f9-8222-72dfd83f0b06" />
      <TestMethod codeBase="D:\v2.0\A1\_work\dbded102\bin\Release.AnyCPU\CodeAnalysis.Service\MS.VS.Services.CodeAnalysis.Server.IssueManagement.L0.Tests\MS.VS.Services.CodeAnalysis.Server.IssueManagement.L0.Tests.dll" adapterTypeName="Microsoft.VisualStudio.TestTools.TestTypes.Unit.UnitTestAdapter" className="MS.VS.Services.CodeAnalysis.Server.IssueManagement.L0.Tests.Framework.RunValidatorTests" name="RunValidator_AcceptsRunWithEmptyRepository" />
    </UnitTest>
    <UnitTest name="RunValidator_AcceptsRunWithValidGitRepository" storage="d:\v2.0\a1\_work\dbded102\bin\release.anycpu\codeanalysis.service\ms.vs.services.codeanalysis.server.issuemanagement.l0.tests\ms.vs.services.codeanalysis.server.issuemanagement.l0.tests.dll" id="03949fc1-ae57-fb62-62b5-be6101a3e7a6">
      <Execution id="9ffba873-5be1-4cef-b514-8da14b85731d" />
      <TestMethod codeBase="D:\v2.0\A1\_work\dbded102\bin\Release.AnyCPU\CodeAnalysis.Service\MS.VS.Services.CodeAnalysis.Server.IssueManagement.L0.Tests\MS.VS.Services.CodeAnalysis.Server.IssueManagement.L0.Tests.dll" adapterTypeName="Microsoft.VisualStudio.TestTools.TestTypes.Unit.UnitTestAdapter" className="MS.VS.Services.CodeAnalysis.Server.IssueManagement.L0.Tests.Framework.RunValidatorTests" name="RunValidator_AcceptsRunWithValidGitRepository" />
    </UnitTest>
    <UnitTest name="RunValidator_ThrowsExceptionForGitRepositoryWithoutId" storage="d:\v2.0\a1\_work\dbded102\bin\release.anycpu\codeanalysis.service\ms.vs.services.codeanalysis.server.issuemanagement.l0.tests\ms.vs.services.codeanalysis.server.issuemanagement.l0.tests.dll" id="37176a66-1208-aa5a-6d82-7489ef5fc369">
      <Execution id="561d6de5-bd5a-4f77-93bb-8bfa4b3ae8f9" />
      <TestMethod codeBase="D:\v2.0\A1\_work\dbded102\bin\Release.AnyCPU\CodeAnalysis.Service\MS.VS.Services.CodeAnalysis.Server.IssueManagement.L0.Tests\MS.VS.Services.CodeAnalysis.Server.IssueManagement.L0.Tests.dll" adapterTypeName="Microsoft.VisualStudio.TestTools.TestTypes.Unit.UnitTestAdapter" className="MS.VS.Services.CodeAnalysis.Server.IssueManagement.L0.Tests.Framework.RunValidatorTests" name="RunValidator_ThrowsExceptionForGitRepositoryWithoutId" />
    </UnitTest>
    <UnitTest name="RunValidator_ThrowsExceptionForGitRepositoryWithInvalidId" storage="d:\v2.0\a1\_work\dbded102\bin\release.anycpu\codeanalysis.service\ms.vs.services.codeanalysis.server.issuemanagement.l0.tests\ms.vs.services.codeanalysis.server.issuemanagement.l0.tests.dll" id="46ece6f2-9b6a-bcc2-eeaa-be3d90a4d87d">
      <Execution id="2bdfe046-9241-428c-aac6-76ab682c5250" />
      <TestMethod codeBase="D:\v2.0\A1\_work\dbded102\bin\Release.AnyCPU\CodeAnalysis.Service\MS.VS.Services.CodeAnalysis.Server.IssueManagement.L0.Tests\MS.VS.Services.CodeAnalysis.Server.IssueManagement.L0.Tests.dll" adapterTypeName="Microsoft.VisualStudio.TestTools.TestTypes.Unit.UnitTestAdapter" className="MS.VS.Services.CodeAnalysis.Server.IssueManagement.L0.Tests.Framework.RunValidatorTests" name="RunValidator_ThrowsExceptionForGitRepositoryWithInvalidId" />
    </UnitTest>
    <UnitTest name="RunValidator_ThrowsExceptionForNoneTypeRepositoryWithId" storage="d:\v2.0\a1\_work\dbded102\bin\release.anycpu\codeanalysis.service\ms.vs.services.codeanalysis.server.issuemanagement.l0.tests\ms.vs.services.codeanalysis.server.issuemanagement.l0.tests.dll" id="70a15c4f-98b7-969e-99dc-ff6bb90c1522">
      <Execution id="38225421-488b-4940-be48-8da0f7ff7896" />
      <TestMethod codeBase="D:\v2.0\A1\_work\dbded102\bin\Release.AnyCPU\CodeAnalysis.Service\MS.VS.Services.CodeAnalysis.Server.IssueManagement.L0.Tests\MS.VS.Services.CodeAnalysis.Server.IssueManagement.L0.Tests.dll" adapterTypeName="Microsoft.VisualStudio.TestTools.TestTypes.Unit.UnitTestAdapter" className="MS.VS.Services.CodeAnalysis.Server.IssueManagement.L0.Tests.Framework.RunValidatorTests" name="RunValidator_ThrowsExceptionForNoneTypeRepositoryWithId" />
    </UnitTest>
    <UnitTest name="RunValidator_AcceptsCommitWithRepository" storage="d:\v2.0\a1\_work\dbded102\bin\release.anycpu\codeanalysis.service\ms.vs.services.codeanalysis.server.issuemanagement.l0.tests\ms.vs.services.codeanalysis.server.issuemanagement.l0.tests.dll" id="c7f7200f-9ed9-4b6a-5924-0b8a0d5c649c">
      <Execution id="0a73693d-7351-464c-856d-5a2de8289fc0" />
      <TestMethod codeBase="D:\v2.0\A1\_work\dbded102\bin\Release.AnyCPU\CodeAnalysis.Service\MS.VS.Services.CodeAnalysis.Server.IssueManagement.L0.Tests\MS.VS.Services.CodeAnalysis.Server.IssueManagement.L0.Tests.dll" adapterTypeName="Microsoft.VisualStudio.TestTools.TestTypes.Unit.UnitTestAdapter" className="MS.VS.Services.CodeAnalysis.Server.IssueManagement.L0.Tests.Framework.RunValidatorTests" name="RunValidator_AcceptsCommitWithRepository" />
    </UnitTest>
    <UnitTest name="RunValidator_ThrowsExceptionForCommitWithWhitespaceId" storage="d:\v2.0\a1\_work\dbded102\bin\release.anycpu\codeanalysis.service\ms.vs.services.codeanalysis.server.issuemanagement.l0.tests\ms.vs.services.codeanalysis.server.issuemanagement.l0.tests.dll" id="638bcf15-cf82-4a6e-ace6-693349ad8638">
      <Execution id="a7e7d121-9e31-49b0-975d-86bf023568d6" />
      <TestMethod codeBase="D:\v2.0\A1\_work\dbded102\bin\Release.AnyCPU\CodeAnalysis.Service\MS.VS.Services.CodeAnalysis.Server.IssueManagement.L0.Tests\MS.VS.Services.CodeAnalysis.Server.IssueManagement.L0.Tests.dll" adapterTypeName="Microsoft.VisualStudio.TestTools.TestTypes.Unit.UnitTestAdapter" className="MS.VS.Services.CodeAnalysis.Server.IssueManagement.L0.Tests.Framework.RunValidatorTests" name="RunValidator_ThrowsExceptionForCommitWithWhitespaceId" />
    </UnitTest>
    <UnitTest name="RunValidator_ThrowsExceptionForCommitWithoutRepository" storage="d:\v2.0\a1\_work\dbded102\bin\release.anycpu\codeanalysis.service\ms.vs.services.codeanalysis.server.issuemanagement.l0.tests\ms.vs.services.codeanalysis.server.issuemanagement.l0.tests.dll" id="0a1987c0-4284-827e-6cb3-d5b8fa408a12">
      <Execution id="5c6068e5-5465-4520-a388-a23e6029d56a" />
      <TestMethod codeBase="D:\v2.0\A1\_work\dbded102\bin\Release.AnyCPU\CodeAnalysis.Service\MS.VS.Services.CodeAnalysis.Server.IssueManagement.L0.Tests\MS.VS.Services.CodeAnalysis.Server.IssueManagement.L0.Tests.dll" adapterTypeName="Microsoft.VisualStudio.TestTools.TestTypes.Unit.UnitTestAdapter" className="MS.VS.Services.CodeAnalysis.Server.IssueManagement.L0.Tests.Framework.RunValidatorTests" name="RunValidator_ThrowsExceptionForCommitWithoutRepository" />
    </UnitTest>
    <UnitTest name="RunValidator_AcceptsValidTfsBuild" storage="d:\v2.0\a1\_work\dbded102\bin\release.anycpu\codeanalysis.service\ms.vs.services.codeanalysis.server.issuemanagement.l0.tests\ms.vs.services.codeanalysis.server.issuemanagement.l0.tests.dll" id="c5a14af1-e9bb-0611-2f87-5e7de8d8cf83">
      <Execution id="475e6803-84c8-4f0a-9bd8-f35e03f2430b" />
      <TestMethod codeBase="D:\v2.0\A1\_work\dbded102\bin\Release.AnyCPU\CodeAnalysis.Service\MS.VS.Services.CodeAnalysis.Server.IssueManagement.L0.Tests\MS.VS.Services.CodeAnalysis.Server.IssueManagement.L0.Tests.dll" adapterTypeName="Microsoft.VisualStudio.TestTools.TestTypes.Unit.UnitTestAdapter" className="MS.VS.Services.CodeAnalysis.Server.IssueManagement.L0.Tests.Framework.RunValidatorTests" name="RunValidator_AcceptsValidTfsBuild" />
    </UnitTest>
    <UnitTest name="RunValidator_ThrowsExceptionForTfsBuildWithoutId" storage="d:\v2.0\a1\_work\dbded102\bin\release.anycpu\codeanalysis.service\ms.vs.services.codeanalysis.server.issuemanagement.l0.tests\ms.vs.services.codeanalysis.server.issuemanagement.l0.tests.dll" id="d1171da6-5dd5-b0ac-cd9b-561a2be39835">
      <Execution id="8d60672c-beb4-46fb-bd94-e2fd4bdf1c3d" />
      <TestMethod codeBase="D:\v2.0\A1\_work\dbded102\bin\Release.AnyCPU\CodeAnalysis.Service\MS.VS.Services.CodeAnalysis.Server.IssueManagement.L0.Tests\MS.VS.Services.CodeAnalysis.Server.IssueManagement.L0.Tests.dll" adapterTypeName="Microsoft.VisualStudio.TestTools.TestTypes.Unit.UnitTestAdapter" className="MS.VS.Services.CodeAnalysis.Server.IssueManagement.L0.Tests.Framework.RunValidatorTests" name="RunValidator_ThrowsExceptionForTfsBuildWithoutId" />
    </UnitTest>
    <UnitTest name="RunValidator_ThrowsExceptionForTfsBuildWithInvalidId" storage="d:\v2.0\a1\_work\dbded102\bin\release.anycpu\codeanalysis.service\ms.vs.services.codeanalysis.server.issuemanagement.l0.tests\ms.vs.services.codeanalysis.server.issuemanagement.l0.tests.dll" id="f0a7b429-5779-c1d6-360e-44c401e98136">
      <Execution id="6d592adf-cfc3-40b8-b505-b8b605b11fc8" />
      <TestMethod codeBase="D:\v2.0\A1\_work\dbded102\bin\Release.AnyCPU\CodeAnalysis.Service\MS.VS.Services.CodeAnalysis.Server.IssueManagement.L0.Tests\MS.VS.Services.CodeAnalysis.Server.IssueManagement.L0.Tests.dll" adapterTypeName="Microsoft.VisualStudio.TestTools.TestTypes.Unit.UnitTestAdapter" className="MS.VS.Services.CodeAnalysis.Server.IssueManagement.L0.Tests.Framework.RunValidatorTests" name="RunValidator_ThrowsExceptionForTfsBuildWithInvalidId" />
    </UnitTest>
    <UnitTest name="RunValidator_ThrowsExceptionForUnsupportedBuildType" storage="d:\v2.0\a1\_work\dbded102\bin\release.anycpu\codeanalysis.service\ms.vs.services.codeanalysis.server.issuemanagement.l0.tests\ms.vs.services.codeanalysis.server.issuemanagement.l0.tests.dll" id="a0bbd29e-b938-ecc8-221f-0e75c853d82e">
      <Execution id="031bcb08-18d5-45dd-b76d-9568a242a085" />
      <TestMethod codeBase="D:\v2.0\A1\_work\dbded102\bin\Release.AnyCPU\CodeAnalysis.Service\MS.VS.Services.CodeAnalysis.Server.IssueManagement.L0.Tests\MS.VS.Services.CodeAnalysis.Server.IssueManagement.L0.Tests.dll" adapterTypeName="Microsoft.VisualStudio.TestTools.TestTypes.Unit.UnitTestAdapter" className="MS.VS.Services.CodeAnalysis.Server.IssueManagement.L0.Tests.Framework.RunValidatorTests" name="RunValidator_ThrowsExceptionForUnsupportedBuildType" />
    </UnitTest>
    <UnitTest name="RunValidator_ThrowsExceptionForBuildIdWithoutBuildType" storage="d:\v2.0\a1\_work\dbded102\bin\release.anycpu\codeanalysis.service\ms.vs.services.codeanalysis.server.issuemanagement.l0.tests\ms.vs.services.codeanalysis.server.issuemanagement.l0.tests.dll" id="72d3274d-b19e-55e6-bc20-fd6ba89fcc0a">
      <Execution id="ef3e8ba0-be35-4e5d-b503-157a6d1ea388" />
      <TestMethod codeBase="D:\v2.0\A1\_work\dbded102\bin\Release.AnyCPU\CodeAnalysis.Service\MS.VS.Services.CodeAnalysis.Server.IssueManagement.L0.Tests\MS.VS.Services.CodeAnalysis.Server.IssueManagement.L0.Tests.dll" adapterTypeName="Microsoft.VisualStudio.TestTools.TestTypes.Unit.UnitTestAdapter" className="MS.VS.Services.CodeAnalysis.Server.IssueManagement.L0.Tests.Framework.RunValidatorTests" name="RunValidator_ThrowsExceptionForBuildIdWithoutBuildType" />
    </UnitTest>
    <UnitTest name="StoreIssuesJobDataConverter_ToJobAcceptsValidArguments" storage="d:\v2.0\a1\_work\dbded102\bin\release.anycpu\codeanalysis.service\ms.vs.services.codeanalysis.server.issuemanagement.l0.tests\ms.vs.services.codeanalysis.server.issuemanagement.l0.tests.dll" id="90a66768-a4bf-4f65-1c19-475f4de60096">
      <Execution id="ba290ce6-2744-4350-bdab-9ed778e9645d" />
      <TestMethod codeBase="D:\v2.0\A1\_work\dbded102\bin\Release.AnyCPU\CodeAnalysis.Service\MS.VS.Services.CodeAnalysis.Server.IssueManagement.L0.Tests\MS.VS.Services.CodeAnalysis.Server.IssueManagement.L0.Tests.dll" adapterTypeName="Microsoft.VisualStudio.TestTools.TestTypes.Unit.UnitTestAdapter" className="MS.VS.Services.CodeAnalysis.Server.IssueManagement.L0.Tests.Framework.StoreIssuesJobDataConverterTests" name="StoreIssuesJobDataConverter_ToJobAcceptsValidArguments" />
    </UnitTest>
    <UnitTest name="StoreIssuesJobDataConverter_ToJobThrowsExceptionForInvalidRunId" storage="d:\v2.0\a1\_work\dbded102\bin\release.anycpu\codeanalysis.service\ms.vs.services.codeanalysis.server.issuemanagement.l0.tests\ms.vs.services.codeanalysis.server.issuemanagement.l0.tests.dll" id="fe9e384b-e736-91e1-ecff-0b4400b9d5a5">
      <Execution id="68ead5ad-7f6a-4039-8808-845876743132" />
      <TestMethod codeBase="D:\v2.0\A1\_work\dbded102\bin\Release.AnyCPU\CodeAnalysis.Service\MS.VS.Services.CodeAnalysis.Server.IssueManagement.L0.Tests\MS.VS.Services.CodeAnalysis.Server.IssueManagement.L0.Tests.dll" adapterTypeName="Microsoft.VisualStudio.TestTools.TestTypes.Unit.UnitTestAdapter" className="MS.VS.Services.CodeAnalysis.Server.IssueManagement.L0.Tests.Framework.StoreIssuesJobDataConverterTests" name="StoreIssuesJobDataConverter_ToJobThrowsExceptionForInvalidRunId" />
    </UnitTest>
    <UnitTest name="StoreIssuesJobDataConverter_ToJobThrowsExceptionForNullFilePath" storage="d:\v2.0\a1\_work\dbded102\bin\release.anycpu\codeanalysis.service\ms.vs.services.codeanalysis.server.issuemanagement.l0.tests\ms.vs.services.codeanalysis.server.issuemanagement.l0.tests.dll" id="63a0737a-9271-c777-ad3c-a9758a0cd1b2">
      <Execution id="e8abbe9f-6dfd-4280-b41a-4c45ed715b9d" />
      <TestMethod codeBase="D:\v2.0\A1\_work\dbded102\bin\Release.AnyCPU\CodeAnalysis.Service\MS.VS.Services.CodeAnalysis.Server.IssueManagement.L0.Tests\MS.VS.Services.CodeAnalysis.Server.IssueManagement.L0.Tests.dll" adapterTypeName="Microsoft.VisualStudio.TestTools.TestTypes.Unit.UnitTestAdapter" className="MS.VS.Services.CodeAnalysis.Server.IssueManagement.L0.Tests.Framework.StoreIssuesJobDataConverterTests" name="StoreIssuesJobDataConverter_ToJobThrowsExceptionForNullFilePath" />
    </UnitTest>
    <UnitTest name="StoreIssuesJobDataConverter_ToJobThrowsExceptionForEmptyFilePath" storage="d:\v2.0\a1\_work\dbded102\bin\release.anycpu\codeanalysis.service\ms.vs.services.codeanalysis.server.issuemanagement.l0.tests\ms.vs.services.codeanalysis.server.issuemanagement.l0.tests.dll" id="c829c799-2193-2492-0537-bdf018ba8977">
      <Execution id="8477ad2b-c0a6-48a3-8ccd-dc76e56837ec" />
      <TestMethod codeBase="D:\v2.0\A1\_work\dbded102\bin\Release.AnyCPU\CodeAnalysis.Service\MS.VS.Services.CodeAnalysis.Server.IssueManagement.L0.Tests\MS.VS.Services.CodeAnalysis.Server.IssueManagement.L0.Tests.dll" adapterTypeName="Microsoft.VisualStudio.TestTools.TestTypes.Unit.UnitTestAdapter" className="MS.VS.Services.CodeAnalysis.Server.IssueManagement.L0.Tests.Framework.StoreIssuesJobDataConverterTests" name="StoreIssuesJobDataConverter_ToJobThrowsExceptionForEmptyFilePath" />
    </UnitTest>
    <UnitTest name="StoreIssuesJobDataConverter_ToJobThrowsExceptionForWhitespaceFilePath" storage="d:\v2.0\a1\_work\dbded102\bin\release.anycpu\codeanalysis.service\ms.vs.services.codeanalysis.server.issuemanagement.l0.tests\ms.vs.services.codeanalysis.server.issuemanagement.l0.tests.dll" id="a7c99561-8180-d2e7-f61f-e8ebbeadc7a8">
      <Execution id="65b27c54-1a06-4f74-ae77-50652f902e7e" />
      <TestMethod codeBase="D:\v2.0\A1\_work\dbded102\bin\Release.AnyCPU\CodeAnalysis.Service\MS.VS.Services.CodeAnalysis.Server.IssueManagement.L0.Tests\MS.VS.Services.CodeAnalysis.Server.IssueManagement.L0.Tests.dll" adapterTypeName="Microsoft.VisualStudio.TestTools.TestTypes.Unit.UnitTestAdapter" className="MS.VS.Services.CodeAnalysis.Server.IssueManagement.L0.Tests.Framework.StoreIssuesJobDataConverterTests" name="StoreIssuesJobDataConverter_ToJobThrowsExceptionForWhitespaceFilePath" />
    </UnitTest>
    <UnitTest name="StoreIssuesJobDataConverter_FromJobAcceptsValidJobData" storage="d:\v2.0\a1\_work\dbded102\bin\release.anycpu\codeanalysis.service\ms.vs.services.codeanalysis.server.issuemanagement.l0.tests\ms.vs.services.codeanalysis.server.issuemanagement.l0.tests.dll" id="8c3d62a2-bd0b-e0c9-75de-9c6da63553ec">
      <Execution id="5ba913e2-6e1f-47f1-82b5-b4b6cd7a0646" />
      <TestMethod codeBase="D:\v2.0\A1\_work\dbded102\bin\Release.AnyCPU\CodeAnalysis.Service\MS.VS.Services.CodeAnalysis.Server.IssueManagement.L0.Tests\MS.VS.Services.CodeAnalysis.Server.IssueManagement.L0.Tests.dll" adapterTypeName="Microsoft.VisualStudio.TestTools.TestTypes.Unit.UnitTestAdapter" className="MS.VS.Services.CodeAnalysis.Server.IssueManagement.L0.Tests.Framework.StoreIssuesJobDataConverterTests" name="StoreIssuesJobDataConverter_FromJobAcceptsValidJobData" />
    </UnitTest>
    <UnitTest name="StoreIssuesJobDataConverter_FromJobThrowsExceptionForNullXmlNode" storage="d:\v2.0\a1\_work\dbded102\bin\release.anycpu\codeanalysis.service\ms.vs.services.codeanalysis.server.issuemanagement.l0.tests\ms.vs.services.codeanalysis.server.issuemanagement.l0.tests.dll" id="f0d4ca70-ed8d-f22c-6f8d-49cf2fe39e3d">
      <Execution id="0c8e55e1-b2d7-4c6f-8449-6151b0b7db5b" />
      <TestMethod codeBase="D:\v2.0\A1\_work\dbded102\bin\Release.AnyCPU\CodeAnalysis.Service\MS.VS.Services.CodeAnalysis.Server.IssueManagement.L0.Tests\MS.VS.Services.CodeAnalysis.Server.IssueManagement.L0.Tests.dll" adapterTypeName="Microsoft.VisualStudio.TestTools.TestTypes.Unit.UnitTestAdapter" className="MS.VS.Services.CodeAnalysis.Server.IssueManagement.L0.Tests.Framework.StoreIssuesJobDataConverterTests" name="StoreIssuesJobDataConverter_FromJobThrowsExceptionForNullXmlNode" />
    </UnitTest>
    <UnitTest name="StoreIssuesJobDataConverter_FromJobThrowsExceptionForInvalidRootNode" storage="d:\v2.0\a1\_work\dbded102\bin\release.anycpu\codeanalysis.service\ms.vs.services.codeanalysis.server.issuemanagement.l0.tests\ms.vs.services.codeanalysis.server.issuemanagement.l0.tests.dll" id="0fadb739-5405-021c-60e9-23072e744d43">
      <Execution id="a3ea9a80-8c1b-47ae-8713-183e0a583ff0" />
      <TestMethod codeBase="D:\v2.0\A1\_work\dbded102\bin\Release.AnyCPU\CodeAnalysis.Service\MS.VS.Services.CodeAnalysis.Server.IssueManagement.L0.Tests\MS.VS.Services.CodeAnalysis.Server.IssueManagement.L0.Tests.dll" adapterTypeName="Microsoft.VisualStudio.TestTools.TestTypes.Unit.UnitTestAdapter" className="MS.VS.Services.CodeAnalysis.Server.IssueManagement.L0.Tests.Framework.StoreIssuesJobDataConverterTests" name="StoreIssuesJobDataConverter_FromJobThrowsExceptionForInvalidRootNode" />
    </UnitTest>
    <UnitTest name="StoreIssuesJobDataConverter_FromJobThrowsExceptionForInvalidChildNodeType" storage="d:\v2.0\a1\_work\dbded102\bin\release.anycpu\codeanalysis.service\ms.vs.services.codeanalysis.server.issuemanagement.l0.tests\ms.vs.services.codeanalysis.server.issuemanagement.l0.tests.dll" id="c946699d-1149-3bb4-bb45-094e36fc6a13">
      <Execution id="64839a71-c905-4b9b-962b-d6063abeb9a2" />
      <TestMethod codeBase="D:\v2.0\A1\_work\dbded102\bin\Release.AnyCPU\CodeAnalysis.Service\MS.VS.Services.CodeAnalysis.Server.IssueManagement.L0.Tests\MS.VS.Services.CodeAnalysis.Server.IssueManagement.L0.Tests.dll" adapterTypeName="Microsoft.VisualStudio.TestTools.TestTypes.Unit.UnitTestAdapter" className="MS.VS.Services.CodeAnalysis.Server.IssueManagement.L0.Tests.Framework.StoreIssuesJobDataConverterTests" name="StoreIssuesJobDataConverter_FromJobThrowsExceptionForInvalidChildNodeType" />
    </UnitTest>
    <UnitTest name="StoreIssuesJobDataConverter_FromJobThrowsExceptionForInvalidChildNodeName" storage="d:\v2.0\a1\_work\dbded102\bin\release.anycpu\codeanalysis.service\ms.vs.services.codeanalysis.server.issuemanagement.l0.tests\ms.vs.services.codeanalysis.server.issuemanagement.l0.tests.dll" id="2b666fcc-53cd-fe77-1bb5-166836bc734d">
      <Execution id="a8c301db-be12-413f-9f74-d605520f603b" />
      <TestMethod codeBase="D:\v2.0\A1\_work\dbded102\bin\Release.AnyCPU\CodeAnalysis.Service\MS.VS.Services.CodeAnalysis.Server.IssueManagement.L0.Tests\MS.VS.Services.CodeAnalysis.Server.IssueManagement.L0.Tests.dll" adapterTypeName="Microsoft.VisualStudio.TestTools.TestTypes.Unit.UnitTestAdapter" className="MS.VS.Services.CodeAnalysis.Server.IssueManagement.L0.Tests.Framework.StoreIssuesJobDataConverterTests" name="StoreIssuesJobDataConverter_FromJobThrowsExceptionForInvalidChildNodeName" />
    </UnitTest>
    <UnitTest name="StoreIssuesJobDataConverter_FromJobThrowsExceptionForMissingRunId" storage="d:\v2.0\a1\_work\dbded102\bin\release.anycpu\codeanalysis.service\ms.vs.services.codeanalysis.server.issuemanagement.l0.tests\ms.vs.services.codeanalysis.server.issuemanagement.l0.tests.dll" id="3e1e5a6f-d802-f6d2-e59e-e9a345b0e7f2">
      <Execution id="78719c45-cde7-4281-8bf0-b1f061941242" />
      <TestMethod codeBase="D:\v2.0\A1\_work\dbded102\bin\Release.AnyCPU\CodeAnalysis.Service\MS.VS.Services.CodeAnalysis.Server.IssueManagement.L0.Tests\MS.VS.Services.CodeAnalysis.Server.IssueManagement.L0.Tests.dll" adapterTypeName="Microsoft.VisualStudio.TestTools.TestTypes.Unit.UnitTestAdapter" className="MS.VS.Services.CodeAnalysis.Server.IssueManagement.L0.Tests.Framework.StoreIssuesJobDataConverterTests" name="StoreIssuesJobDataConverter_FromJobThrowsExceptionForMissingRunId" />
    </UnitTest>
    <UnitTest name="StoreIssuesJobDataConverter_FromJobThrowsExceptionForMissingLogFilePath" storage="d:\v2.0\a1\_work\dbded102\bin\release.anycpu\codeanalysis.service\ms.vs.services.codeanalysis.server.issuemanagement.l0.tests\ms.vs.services.codeanalysis.server.issuemanagement.l0.tests.dll" id="2086a9b8-2a1f-e34d-3005-7abc7fa9b6d1">
      <Execution id="9ebeb3c2-531b-40ba-ad05-61b4bffea71a" />
      <TestMethod codeBase="D:\v2.0\A1\_work\dbded102\bin\Release.AnyCPU\CodeAnalysis.Service\MS.VS.Services.CodeAnalysis.Server.IssueManagement.L0.Tests\MS.VS.Services.CodeAnalysis.Server.IssueManagement.L0.Tests.dll" adapterTypeName="Microsoft.VisualStudio.TestTools.TestTypes.Unit.UnitTestAdapter" className="MS.VS.Services.CodeAnalysis.Server.IssueManagement.L0.Tests.Framework.StoreIssuesJobDataConverterTests" name="StoreIssuesJobDataConverter_FromJobThrowsExceptionForMissingLogFilePath" />
    </UnitTest>
    <UnitTest name="StoreIssuesJobDataConverter_FromJobThrowsExceptionForInvalidRunId" storage="d:\v2.0\a1\_work\dbded102\bin\release.anycpu\codeanalysis.service\ms.vs.services.codeanalysis.server.issuemanagement.l0.tests\ms.vs.services.codeanalysis.server.issuemanagement.l0.tests.dll" id="d30030d6-12ea-1ba7-26ab-d710388a228a">
      <Execution id="3d2d1b85-9b38-4b26-bc17-d5f17a193394" />
      <TestMethod codeBase="D:\v2.0\A1\_work\dbded102\bin\Release.AnyCPU\CodeAnalysis.Service\MS.VS.Services.CodeAnalysis.Server.IssueManagement.L0.Tests\MS.VS.Services.CodeAnalysis.Server.IssueManagement.L0.Tests.dll" adapterTypeName="Microsoft.VisualStudio.TestTools.TestTypes.Unit.UnitTestAdapter" className="MS.VS.Services.CodeAnalysis.Server.IssueManagement.L0.Tests.Framework.StoreIssuesJobDataConverterTests" name="StoreIssuesJobDataConverter_FromJobThrowsExceptionForInvalidRunId" />
    </UnitTest>
    <UnitTest name="SqlIssueConverter_CanConvertFromIssue" storage="d:\v2.0\a1\_work\dbded102\bin\release.anycpu\codeanalysis.service\ms.vs.services.codeanalysis.server.issuemanagement.l0.tests\ms.vs.services.codeanalysis.server.issuemanagement.l0.tests.dll" id="2ad72c20-73c0-35e1-8c84-be74830fa18b">
      <Execution id="ee1be5e2-2b14-45d4-9f86-21bad510e2c5" />
      <TestMethod codeBase="D:\v2.0\A1\_work\dbded102\bin\Release.AnyCPU\CodeAnalysis.Service\MS.VS.Services.CodeAnalysis.Server.IssueManagement.L0.Tests\MS.VS.Services.CodeAnalysis.Server.IssueManagement.L0.Tests.dll" adapterTypeName="Microsoft.VisualStudio.TestTools.TestTypes.Unit.UnitTestAdapter" className="MS.VS.Services.CodeAnalysis.Server.IssueManagement.L0.Tests.Framework.Sql.SqlIssueConverterTests" name="SqlIssueConverter_CanConvertFromIssue" />
    </UnitTest>
    <UnitTest name="SqlIssueConverter_CanConvertFromIssueWithOneLocation" storage="d:\v2.0\a1\_work\dbded102\bin\release.anycpu\codeanalysis.service\ms.vs.services.codeanalysis.server.issuemanagement.l0.tests\ms.vs.services.codeanalysis.server.issuemanagement.l0.tests.dll" id="c53e1c42-38d1-00ba-9b97-217f69ea7547">
      <Execution id="712b3690-be77-4d43-8658-d5ad5d95b41f" />
      <TestMethod codeBase="D:\v2.0\A1\_work\dbded102\bin\Release.AnyCPU\CodeAnalysis.Service\MS.VS.Services.CodeAnalysis.Server.IssueManagement.L0.Tests\MS.VS.Services.CodeAnalysis.Server.IssueManagement.L0.Tests.dll" adapterTypeName="Microsoft.VisualStudio.TestTools.TestTypes.Unit.UnitTestAdapter" className="MS.VS.Services.CodeAnalysis.Server.IssueManagement.L0.Tests.Framework.Sql.SqlIssueConverterTests" name="SqlIssueConverter_CanConvertFromIssueWithOneLocation" />
    </UnitTest>
    <UnitTest name="SqlIssueConverter_CanConvertFromIssueWithTwoLocations" storage="d:\v2.0\a1\_work\dbded102\bin\release.anycpu\codeanalysis.service\ms.vs.services.codeanalysis.server.issuemanagement.l0.tests\ms.vs.services.codeanalysis.server.issuemanagement.l0.tests.dll" id="091d7909-8e61-197f-cc8c-b091f5ba3a3d">
      <Execution id="af4d2917-cad7-4699-bc20-28f2cfa5331c" />
      <TestMethod codeBase="D:\v2.0\A1\_work\dbded102\bin\Release.AnyCPU\CodeAnalysis.Service\MS.VS.Services.CodeAnalysis.Server.IssueManagement.L0.Tests\MS.VS.Services.CodeAnalysis.Server.IssueManagement.L0.Tests.dll" adapterTypeName="Microsoft.VisualStudio.TestTools.TestTypes.Unit.UnitTestAdapter" className="MS.VS.Services.CodeAnalysis.Server.IssueManagement.L0.Tests.Framework.Sql.SqlIssueConverterTests" name="SqlIssueConverter_CanConvertFromIssueWithTwoLocations" />
    </UnitTest>
    <UnitTest name="SqlIssueConverter_CanConvertFromIssueWithNestedLocations" storage="d:\v2.0\a1\_work\dbded102\bin\release.anycpu\codeanalysis.service\ms.vs.services.codeanalysis.server.issuemanagement.l0.tests\ms.vs.services.codeanalysis.server.issuemanagement.l0.tests.dll" id="60e31f74-3e84-07de-260a-3cbf790055f3">
      <Execution id="54dac94a-ba00-4b20-8b4a-4a933c4df155" />
      <TestMethod codeBase="D:\v2.0\A1\_work\dbded102\bin\Release.AnyCPU\CodeAnalysis.Service\MS.VS.Services.CodeAnalysis.Server.IssueManagement.L0.Tests\MS.VS.Services.CodeAnalysis.Server.IssueManagement.L0.Tests.dll" adapterTypeName="Microsoft.VisualStudio.TestTools.TestTypes.Unit.UnitTestAdapter" className="MS.VS.Services.CodeAnalysis.Server.IssueManagement.L0.Tests.Framework.Sql.SqlIssueConverterTests" name="SqlIssueConverter_CanConvertFromIssueWithNestedLocations" />
    </UnitTest>
    <UnitTest name="SqlIssueConverter_CanConvertFromIssueWithLocationMimeType" storage="d:\v2.0\a1\_work\dbded102\bin\release.anycpu\codeanalysis.service\ms.vs.services.codeanalysis.server.issuemanagement.l0.tests\ms.vs.services.codeanalysis.server.issuemanagement.l0.tests.dll" id="f92c7dd5-2fb7-00fd-e2fd-0b5989095a63">
      <Execution id="2a786e09-b298-4f5b-a7c0-1bc7e64e44c4" />
      <TestMethod codeBase="D:\v2.0\A1\_work\dbded102\bin\Release.AnyCPU\CodeAnalysis.Service\MS.VS.Services.CodeAnalysis.Server.IssueManagement.L0.Tests\MS.VS.Services.CodeAnalysis.Server.IssueManagement.L0.Tests.dll" adapterTypeName="Microsoft.VisualStudio.TestTools.TestTypes.Unit.UnitTestAdapter" className="MS.VS.Services.CodeAnalysis.Server.IssueManagement.L0.Tests.Framework.Sql.SqlIssueConverterTests" name="SqlIssueConverter_CanConvertFromIssueWithLocationMimeType" />
    </UnitTest>
    <UnitTest name="SqlIssueConverter_CanConvertFromIssueWithLocationFullyQualifiedLogicalName" storage="d:\v2.0\a1\_work\dbded102\bin\release.anycpu\codeanalysis.service\ms.vs.services.codeanalysis.server.issuemanagement.l0.tests\ms.vs.services.codeanalysis.server.issuemanagement.l0.tests.dll" id="d0ee85cd-3e85-f5c8-7e53-393053fa7565">
      <Execution id="f75ec943-fa1b-4a2c-bc81-af937c24adf2" />
      <TestMethod codeBase="D:\v2.0\A1\_work\dbded102\bin\Release.AnyCPU\CodeAnalysis.Service\MS.VS.Services.CodeAnalysis.Server.IssueManagement.L0.Tests\MS.VS.Services.CodeAnalysis.Server.IssueManagement.L0.Tests.dll" adapterTypeName="Microsoft.VisualStudio.TestTools.TestTypes.Unit.UnitTestAdapter" className="MS.VS.Services.CodeAnalysis.Server.IssueManagement.L0.Tests.Framework.Sql.SqlIssueConverterTests" name="SqlIssueConverter_CanConvertFromIssueWithLocationFullyQualifiedLogicalName" />
    </UnitTest>
    <UnitTest name="SqlIssueConverter_CanConvertFromIssueWithPhysicalLocations" storage="d:\v2.0\a1\_work\dbded102\bin\release.anycpu\codeanalysis.service\ms.vs.services.codeanalysis.server.issuemanagement.l0.tests\ms.vs.services.codeanalysis.server.issuemanagement.l0.tests.dll" id="416920d5-35e7-ef97-54ab-b0c2b612008e">
      <Execution id="ada08744-8d32-4234-867d-23bb7e783b29" />
      <TestMethod codeBase="D:\v2.0\A1\_work\dbded102\bin\Release.AnyCPU\CodeAnalysis.Service\MS.VS.Services.CodeAnalysis.Server.IssueManagement.L0.Tests\MS.VS.Services.CodeAnalysis.Server.IssueManagement.L0.Tests.dll" adapterTypeName="Microsoft.VisualStudio.TestTools.TestTypes.Unit.UnitTestAdapter" className="MS.VS.Services.CodeAnalysis.Server.IssueManagement.L0.Tests.Framework.Sql.SqlIssueConverterTests" name="SqlIssueConverter_CanConvertFromIssueWithPhysicalLocations" />
    </UnitTest>
    <UnitTest name="SqlIssueConverter_CanConvertFromIssueWithLocationProperties" storage="d:\v2.0\a1\_work\dbded102\bin\release.anycpu\codeanalysis.service\ms.vs.services.codeanalysis.server.issuemanagement.l0.tests\ms.vs.services.codeanalysis.server.issuemanagement.l0.tests.dll" id="c7f7b577-985f-fab5-0d2f-c8e2d1937b54">
      <Execution id="4cc9b3f1-fcd3-41fb-96e3-0e06d6d2d9d7" />
      <TestMethod codeBase="D:\v2.0\A1\_work\dbded102\bin\Release.AnyCPU\CodeAnalysis.Service\MS.VS.Services.CodeAnalysis.Server.IssueManagement.L0.Tests\MS.VS.Services.CodeAnalysis.Server.IssueManagement.L0.Tests.dll" adapterTypeName="Microsoft.VisualStudio.TestTools.TestTypes.Unit.UnitTestAdapter" className="MS.VS.Services.CodeAnalysis.Server.IssueManagement.L0.Tests.Framework.Sql.SqlIssueConverterTests" name="SqlIssueConverter_CanConvertFromIssueWithLocationProperties" />
    </UnitTest>
    <UnitTest name="SqlIssueConverter_CanConvertFromIssueWithLocationWithPromotedProperties" storage="d:\v2.0\a1\_work\dbded102\bin\release.anycpu\codeanalysis.service\ms.vs.services.codeanalysis.server.issuemanagement.l0.tests\ms.vs.services.codeanalysis.server.issuemanagement.l0.tests.dll" id="abfc5e97-e570-ce5b-8f65-83841d0bdfd5">
      <Execution id="38877866-c285-4f3f-bd74-beae28341c72" />
      <TestMethod codeBase="D:\v2.0\A1\_work\dbded102\bin\Release.AnyCPU\CodeAnalysis.Service\MS.VS.Services.CodeAnalysis.Server.IssueManagement.L0.Tests\MS.VS.Services.CodeAnalysis.Server.IssueManagement.L0.Tests.dll" adapterTypeName="Microsoft.VisualStudio.TestTools.TestTypes.Unit.UnitTestAdapter" className="MS.VS.Services.CodeAnalysis.Server.IssueManagement.L0.Tests.Framework.Sql.SqlIssueConverterTests" name="SqlIssueConverter_CanConvertFromIssueWithLocationWithPromotedProperties" />
    </UnitTest>
    <UnitTest name="SqlIssueConverter_DoesNotPromoteNonIntegerFunctionLine" storage="d:\v2.0\a1\_work\dbded102\bin\release.anycpu\codeanalysis.service\ms.vs.services.codeanalysis.server.issuemanagement.l0.tests\ms.vs.services.codeanalysis.server.issuemanagement.l0.tests.dll" id="b4e2df8a-0eaa-28fc-3ac4-3b8585239d2f">
      <Execution id="c833ea69-82c7-4017-91b7-034b6d8de9a0" />
      <TestMethod codeBase="D:\v2.0\A1\_work\dbded102\bin\Release.AnyCPU\CodeAnalysis.Service\MS.VS.Services.CodeAnalysis.Server.IssueManagement.L0.Tests\MS.VS.Services.CodeAnalysis.Server.IssueManagement.L0.Tests.dll" adapterTypeName="Microsoft.VisualStudio.TestTools.TestTypes.Unit.UnitTestAdapter" className="MS.VS.Services.CodeAnalysis.Server.IssueManagement.L0.Tests.Framework.Sql.SqlIssueConverterTests" name="SqlIssueConverter_DoesNotPromoteNonIntegerFunctionLine" />
    </UnitTest>
    <UnitTest name="SqlIssueConverter_CanConvertFromIssueWithAnalysisTargetAndIssueFile" storage="d:\v2.0\a1\_work\dbded102\bin\release.anycpu\codeanalysis.service\ms.vs.services.codeanalysis.server.issuemanagement.l0.tests\ms.vs.services.codeanalysis.server.issuemanagement.l0.tests.dll" id="bbed88ae-e530-1193-e7c5-93319e54ae51">
      <Execution id="b6abd614-336b-410f-ae90-c904af7428ff" />
      <TestMethod codeBase="D:\v2.0\A1\_work\dbded102\bin\Release.AnyCPU\CodeAnalysis.Service\MS.VS.Services.CodeAnalysis.Server.IssueManagement.L0.Tests\MS.VS.Services.CodeAnalysis.Server.IssueManagement.L0.Tests.dll" adapterTypeName="Microsoft.VisualStudio.TestTools.TestTypes.Unit.UnitTestAdapter" className="MS.VS.Services.CodeAnalysis.Server.IssueManagement.L0.Tests.Framework.Sql.SqlIssueConverterTests" name="SqlIssueConverter_CanConvertFromIssueWithAnalysisTargetAndIssueFile" />
    </UnitTest>
    <UnitTest name="SqlIssueConverter_CanConvertFromIssueWithIssueProperties" storage="d:\v2.0\a1\_work\dbded102\bin\release.anycpu\codeanalysis.service\ms.vs.services.codeanalysis.server.issuemanagement.l0.tests\ms.vs.services.codeanalysis.server.issuemanagement.l0.tests.dll" id="fee092f1-0abb-97cb-bc19-b91f4608f27d">
      <Execution id="8daaf66b-4fff-4472-95cf-471dfee62432" />
      <TestMethod codeBase="D:\v2.0\A1\_work\dbded102\bin\Release.AnyCPU\CodeAnalysis.Service\MS.VS.Services.CodeAnalysis.Server.IssueManagement.L0.Tests\MS.VS.Services.CodeAnalysis.Server.IssueManagement.L0.Tests.dll" adapterTypeName="Microsoft.VisualStudio.TestTools.TestTypes.Unit.UnitTestAdapter" className="MS.VS.Services.CodeAnalysis.Server.IssueManagement.L0.Tests.Framework.Sql.SqlIssueConverterTests" name="SqlIssueConverter_CanConvertFromIssueWithIssueProperties" />
    </UnitTest>
    <UnitTest name="SqlIssueConverter_CanConvertFromIssueWithExecutionFlow" storage="d:\v2.0\a1\_work\dbded102\bin\release.anycpu\codeanalysis.service\ms.vs.services.codeanalysis.server.issuemanagement.l0.tests\ms.vs.services.codeanalysis.server.issuemanagement.l0.tests.dll" id="1f94efe5-206b-6fa5-ff1a-6aacdbd1d495">
      <Execution id="3663a2f9-a0e6-4bb4-8716-00227d9281c8" />
      <TestMethod codeBase="D:\v2.0\A1\_work\dbded102\bin\Release.AnyCPU\CodeAnalysis.Service\MS.VS.Services.CodeAnalysis.Server.IssueManagement.L0.Tests\MS.VS.Services.CodeAnalysis.Server.IssueManagement.L0.Tests.dll" adapterTypeName="Microsoft.VisualStudio.TestTools.TestTypes.Unit.UnitTestAdapter" className="MS.VS.Services.CodeAnalysis.Server.IssueManagement.L0.Tests.Framework.Sql.SqlIssueConverterTests" name="SqlIssueConverter_CanConvertFromIssueWithExecutionFlow" />
    </UnitTest>
    <UnitTest name="SqlIssueConverter_CanConvertFromIssueWithMultipleExecutionFlowsAndStacks" storage="d:\v2.0\a1\_work\dbded102\bin\release.anycpu\codeanalysis.service\ms.vs.services.codeanalysis.server.issuemanagement.l0.tests\ms.vs.services.codeanalysis.server.issuemanagement.l0.tests.dll" id="e305afa7-47c8-10f8-615b-658dbd3aba94">
      <Execution id="4bf18cd1-65f8-471c-9eb8-6db1d2cfda9b" />
      <TestMethod codeBase="D:\v2.0\A1\_work\dbded102\bin\Release.AnyCPU\CodeAnalysis.Service\MS.VS.Services.CodeAnalysis.Server.IssueManagement.L0.Tests\MS.VS.Services.CodeAnalysis.Server.IssueManagement.L0.Tests.dll" adapterTypeName="Microsoft.VisualStudio.TestTools.TestTypes.Unit.UnitTestAdapter" className="MS.VS.Services.CodeAnalysis.Server.IssueManagement.L0.Tests.Framework.Sql.SqlIssueConverterTests" name="SqlIssueConverter_CanConvertFromIssueWithMultipleExecutionFlowsAndStacks" />
    </UnitTest>
    <UnitTest name="SqlIssueConverter_CanConvertFromIssueWithMultipleStacksAndNoExecutionFlows" storage="d:\v2.0\a1\_work\dbded102\bin\release.anycpu\codeanalysis.service\ms.vs.services.codeanalysis.server.issuemanagement.l0.tests\ms.vs.services.codeanalysis.server.issuemanagement.l0.tests.dll" id="3ef6c65a-4c86-4949-cfdd-c4dbc1d5f6e1">
      <Execution id="d7e4a9b5-e8d4-48b2-8e9d-cba8195a709a" />
      <TestMethod codeBase="D:\v2.0\A1\_work\dbded102\bin\Release.AnyCPU\CodeAnalysis.Service\MS.VS.Services.CodeAnalysis.Server.IssueManagement.L0.Tests\MS.VS.Services.CodeAnalysis.Server.IssueManagement.L0.Tests.dll" adapterTypeName="Microsoft.VisualStudio.TestTools.TestTypes.Unit.UnitTestAdapter" className="MS.VS.Services.CodeAnalysis.Server.IssueManagement.L0.Tests.Framework.Sql.SqlIssueConverterTests" name="SqlIssueConverter_CanConvertFromIssueWithMultipleStacksAndNoExecutionFlows" />
    </UnitTest>
    <UnitTest name="SqlIssueConverter_CanConvertFromIssueWithExecutionFlowWithMultipleEntries" storage="d:\v2.0\a1\_work\dbded102\bin\release.anycpu\codeanalysis.service\ms.vs.services.codeanalysis.server.issuemanagement.l0.tests\ms.vs.services.codeanalysis.server.issuemanagement.l0.tests.dll" id="7dd4567a-1fbf-be42-443a-3d1a9b486683">
      <Execution id="996a650f-451f-4f97-885e-a01810414368" />
      <TestMethod codeBase="D:\v2.0\A1\_work\dbded102\bin\Release.AnyCPU\CodeAnalysis.Service\MS.VS.Services.CodeAnalysis.Server.IssueManagement.L0.Tests\MS.VS.Services.CodeAnalysis.Server.IssueManagement.L0.Tests.dll" adapterTypeName="Microsoft.VisualStudio.TestTools.TestTypes.Unit.UnitTestAdapter" className="MS.VS.Services.CodeAnalysis.Server.IssueManagement.L0.Tests.Framework.Sql.SqlIssueConverterTests" name="SqlIssueConverter_CanConvertFromIssueWithExecutionFlowWithMultipleEntries" />
    </UnitTest>
    <UnitTest name="SqlIssueConverter_CanConvertFromIssueWithExecutionFlowEntryWithMultipleLocations" storage="d:\v2.0\a1\_work\dbded102\bin\release.anycpu\codeanalysis.service\ms.vs.services.codeanalysis.server.issuemanagement.l0.tests\ms.vs.services.codeanalysis.server.issuemanagement.l0.tests.dll" id="ca6adb74-8d8d-4c91-b394-68547379a18f">
      <Execution id="7f4d80c1-0645-4bfe-91cf-f1848e63dd81" />
      <TestMethod codeBase="D:\v2.0\A1\_work\dbded102\bin\Release.AnyCPU\CodeAnalysis.Service\MS.VS.Services.CodeAnalysis.Server.IssueManagement.L0.Tests\MS.VS.Services.CodeAnalysis.Server.IssueManagement.L0.Tests.dll" adapterTypeName="Microsoft.VisualStudio.TestTools.TestTypes.Unit.UnitTestAdapter" className="MS.VS.Services.CodeAnalysis.Server.IssueManagement.L0.Tests.Framework.Sql.SqlIssueConverterTests" name="SqlIssueConverter_CanConvertFromIssueWithExecutionFlowEntryWithMultipleLocations" />
    </UnitTest>
    <UnitTest name="SqlIssueConverter_CanConvertToIssue" storage="d:\v2.0\a1\_work\dbded102\bin\release.anycpu\codeanalysis.service\ms.vs.services.codeanalysis.server.issuemanagement.l0.tests\ms.vs.services.codeanalysis.server.issuemanagement.l0.tests.dll" id="069444fb-2a2c-e505-4855-ad669c66967d">
      <Execution id="fc26ea27-9f9b-44cf-867b-61d9a427945b" />
      <TestMethod codeBase="D:\v2.0\A1\_work\dbded102\bin\Release.AnyCPU\CodeAnalysis.Service\MS.VS.Services.CodeAnalysis.Server.IssueManagement.L0.Tests\MS.VS.Services.CodeAnalysis.Server.IssueManagement.L0.Tests.dll" adapterTypeName="Microsoft.VisualStudio.TestTools.TestTypes.Unit.UnitTestAdapter" className="MS.VS.Services.CodeAnalysis.Server.IssueManagement.L0.Tests.Framework.Sql.SqlIssueConverterTests" name="SqlIssueConverter_CanConvertToIssue" />
    </UnitTest>
    <UnitTest name="SqlIssueConverter_CanConvertToIssueWithOneLocation" storage="d:\v2.0\a1\_work\dbded102\bin\release.anycpu\codeanalysis.service\ms.vs.services.codeanalysis.server.issuemanagement.l0.tests\ms.vs.services.codeanalysis.server.issuemanagement.l0.tests.dll" id="50a41f95-13fb-e930-cb16-a6323b30e725">
      <Execution id="93fed2dd-7d71-4bf4-8596-da0552d7b1d7" />
      <TestMethod codeBase="D:\v2.0\A1\_work\dbded102\bin\Release.AnyCPU\CodeAnalysis.Service\MS.VS.Services.CodeAnalysis.Server.IssueManagement.L0.Tests\MS.VS.Services.CodeAnalysis.Server.IssueManagement.L0.Tests.dll" adapterTypeName="Microsoft.VisualStudio.TestTools.TestTypes.Unit.UnitTestAdapter" className="MS.VS.Services.CodeAnalysis.Server.IssueManagement.L0.Tests.Framework.Sql.SqlIssueConverterTests" name="SqlIssueConverter_CanConvertToIssueWithOneLocation" />
    </UnitTest>
    <UnitTest name="SqlIssueConverter_CanConvertToIssueWithTwoLocations" storage="d:\v2.0\a1\_work\dbded102\bin\release.anycpu\codeanalysis.service\ms.vs.services.codeanalysis.server.issuemanagement.l0.tests\ms.vs.services.codeanalysis.server.issuemanagement.l0.tests.dll" id="a1a8883b-9228-2ce7-f8af-5b3583ee773f">
      <Execution id="487951b8-ad28-4631-9bb9-4865a53040d4" />
      <TestMethod codeBase="D:\v2.0\A1\_work\dbded102\bin\Release.AnyCPU\CodeAnalysis.Service\MS.VS.Services.CodeAnalysis.Server.IssueManagement.L0.Tests\MS.VS.Services.CodeAnalysis.Server.IssueManagement.L0.Tests.dll" adapterTypeName="Microsoft.VisualStudio.TestTools.TestTypes.Unit.UnitTestAdapter" className="MS.VS.Services.CodeAnalysis.Server.IssueManagement.L0.Tests.Framework.Sql.SqlIssueConverterTests" name="SqlIssueConverter_CanConvertToIssueWithTwoLocations" />
    </UnitTest>
    <UnitTest name="SqlIssueConverter_CanConvertToIssueWithNestedLocations" storage="d:\v2.0\a1\_work\dbded102\bin\release.anycpu\codeanalysis.service\ms.vs.services.codeanalysis.server.issuemanagement.l0.tests\ms.vs.services.codeanalysis.server.issuemanagement.l0.tests.dll" id="993f478b-a0aa-3835-d016-601f28594716">
      <Execution id="045db86f-aefe-4c24-8153-dc312df8f89a" />
      <TestMethod codeBase="D:\v2.0\A1\_work\dbded102\bin\Release.AnyCPU\CodeAnalysis.Service\MS.VS.Services.CodeAnalysis.Server.IssueManagement.L0.Tests\MS.VS.Services.CodeAnalysis.Server.IssueManagement.L0.Tests.dll" adapterTypeName="Microsoft.VisualStudio.TestTools.TestTypes.Unit.UnitTestAdapter" className="MS.VS.Services.CodeAnalysis.Server.IssueManagement.L0.Tests.Framework.Sql.SqlIssueConverterTests" name="SqlIssueConverter_CanConvertToIssueWithNestedLocations" />
    </UnitTest>
    <UnitTest name="SqlIssueConverter_CanConvertToIssueWithPhysicalLocations" storage="d:\v2.0\a1\_work\dbded102\bin\release.anycpu\codeanalysis.service\ms.vs.services.codeanalysis.server.issuemanagement.l0.tests\ms.vs.services.codeanalysis.server.issuemanagement.l0.tests.dll" id="92cf0b5c-02af-62e0-4a96-952a0e1c01e2">
      <Execution id="2b541256-f76c-4c35-a34d-4b08b716a61a" />
      <TestMethod codeBase="D:\v2.0\A1\_work\dbded102\bin\Release.AnyCPU\CodeAnalysis.Service\MS.VS.Services.CodeAnalysis.Server.IssueManagement.L0.Tests\MS.VS.Services.CodeAnalysis.Server.IssueManagement.L0.Tests.dll" adapterTypeName="Microsoft.VisualStudio.TestTools.TestTypes.Unit.UnitTestAdapter" className="MS.VS.Services.CodeAnalysis.Server.IssueManagement.L0.Tests.Framework.Sql.SqlIssueConverterTests" name="SqlIssueConverter_CanConvertToIssueWithPhysicalLocations" />
    </UnitTest>
    <UnitTest name="SqlIssueConverter_CanConvertToIssueWithLocationFullyQualifiedLogicalName" storage="d:\v2.0\a1\_work\dbded102\bin\release.anycpu\codeanalysis.service\ms.vs.services.codeanalysis.server.issuemanagement.l0.tests\ms.vs.services.codeanalysis.server.issuemanagement.l0.tests.dll" id="ff518c89-6559-87ec-eda7-b93691b6c5d6">
      <Execution id="34650ce4-1b9e-4149-9f15-1ce6eee90988" />
      <TestMethod codeBase="D:\v2.0\A1\_work\dbded102\bin\Release.AnyCPU\CodeAnalysis.Service\MS.VS.Services.CodeAnalysis.Server.IssueManagement.L0.Tests\MS.VS.Services.CodeAnalysis.Server.IssueManagement.L0.Tests.dll" adapterTypeName="Microsoft.VisualStudio.TestTools.TestTypes.Unit.UnitTestAdapter" className="MS.VS.Services.CodeAnalysis.Server.IssueManagement.L0.Tests.Framework.Sql.SqlIssueConverterTests" name="SqlIssueConverter_CanConvertToIssueWithLocationFullyQualifiedLogicalName" />
    </UnitTest>
    <UnitTest name="SqlIssueConverter_CanConvertToIssueWithLocationProperties" storage="d:\v2.0\a1\_work\dbded102\bin\release.anycpu\codeanalysis.service\ms.vs.services.codeanalysis.server.issuemanagement.l0.tests\ms.vs.services.codeanalysis.server.issuemanagement.l0.tests.dll" id="cbf65baf-a70a-7f33-adab-ac373776aa15">
      <Execution id="0f9e861b-247f-4db2-80e0-273381bdccde" />
      <TestMethod codeBase="D:\v2.0\A1\_work\dbded102\bin\Release.AnyCPU\CodeAnalysis.Service\MS.VS.Services.CodeAnalysis.Server.IssueManagement.L0.Tests\MS.VS.Services.CodeAnalysis.Server.IssueManagement.L0.Tests.dll" adapterTypeName="Microsoft.VisualStudio.TestTools.TestTypes.Unit.UnitTestAdapter" className="MS.VS.Services.CodeAnalysis.Server.IssueManagement.L0.Tests.Framework.Sql.SqlIssueConverterTests" name="SqlIssueConverter_CanConvertToIssueWithLocationProperties" />
    </UnitTest>
    <UnitTest name="SqlIssueConverter_CanConvertToIssueWithAnalysisTargetAndIssueFile" storage="d:\v2.0\a1\_work\dbded102\bin\release.anycpu\codeanalysis.service\ms.vs.services.codeanalysis.server.issuemanagement.l0.tests\ms.vs.services.codeanalysis.server.issuemanagement.l0.tests.dll" id="582ddde4-1e48-69bf-a2e6-866bdf728fac">
      <Execution id="8bf36363-ea6d-4dd7-b765-30a4d76620ab" />
      <TestMethod codeBase="D:\v2.0\A1\_work\dbded102\bin\Release.AnyCPU\CodeAnalysis.Service\MS.VS.Services.CodeAnalysis.Server.IssueManagement.L0.Tests\MS.VS.Services.CodeAnalysis.Server.IssueManagement.L0.Tests.dll" adapterTypeName="Microsoft.VisualStudio.TestTools.TestTypes.Unit.UnitTestAdapter" className="MS.VS.Services.CodeAnalysis.Server.IssueManagement.L0.Tests.Framework.Sql.SqlIssueConverterTests" name="SqlIssueConverter_CanConvertToIssueWithAnalysisTargetAndIssueFile" />
    </UnitTest>
    <UnitTest name="SqlIssueConverter_CanConvertToIssueWithMultipleLocationsAnalysisTargetsAndIssueFiles" storage="d:\v2.0\a1\_work\dbded102\bin\release.anycpu\codeanalysis.service\ms.vs.services.codeanalysis.server.issuemanagement.l0.tests\ms.vs.services.codeanalysis.server.issuemanagement.l0.tests.dll" id="f2c2865a-025e-f52d-0f07-1b6c48d1280f">
      <Execution id="9ad75565-ec38-4824-b4ba-dc7f06c77f29" />
      <TestMethod codeBase="D:\v2.0\A1\_work\dbded102\bin\Release.AnyCPU\CodeAnalysis.Service\MS.VS.Services.CodeAnalysis.Server.IssueManagement.L0.Tests\MS.VS.Services.CodeAnalysis.Server.IssueManagement.L0.Tests.dll" adapterTypeName="Microsoft.VisualStudio.TestTools.TestTypes.Unit.UnitTestAdapter" className="MS.VS.Services.CodeAnalysis.Server.IssueManagement.L0.Tests.Framework.Sql.SqlIssueConverterTests" name="SqlIssueConverter_CanConvertToIssueWithMultipleLocationsAnalysisTargetsAndIssueFiles" />
    </UnitTest>
    <UnitTest name="SqlIssueConverter_CanConvertToIssueWithIssueProperties" storage="d:\v2.0\a1\_work\dbded102\bin\release.anycpu\codeanalysis.service\ms.vs.services.codeanalysis.server.issuemanagement.l0.tests\ms.vs.services.codeanalysis.server.issuemanagement.l0.tests.dll" id="31befaf4-c8ea-b49c-5ec3-1d57de9974a7">
      <Execution id="8d44fb6b-e58d-4eff-899b-06ad17e1ae53" />
      <TestMethod codeBase="D:\v2.0\A1\_work\dbded102\bin\Release.AnyCPU\CodeAnalysis.Service\MS.VS.Services.CodeAnalysis.Server.IssueManagement.L0.Tests\MS.VS.Services.CodeAnalysis.Server.IssueManagement.L0.Tests.dll" adapterTypeName="Microsoft.VisualStudio.TestTools.TestTypes.Unit.UnitTestAdapter" className="MS.VS.Services.CodeAnalysis.Server.IssueManagement.L0.Tests.Framework.Sql.SqlIssueConverterTests" name="SqlIssueConverter_CanConvertToIssueWithIssueProperties" />
    </UnitTest>
    <UnitTest name="SqlIssueConverter_TakesFirstIssueWhenMultipleExistWithSameFingerprint" storage="d:\v2.0\a1\_work\dbded102\bin\release.anycpu\codeanalysis.service\ms.vs.services.codeanalysis.server.issuemanagement.l0.tests\ms.vs.services.codeanalysis.server.issuemanagement.l0.tests.dll" id="08e27b65-57bf-4f27-a044-819fa5b63187">
      <Execution id="655fd09f-f607-4b5d-b288-9b288ad77a2c" />
      <TestMethod codeBase="D:\v2.0\A1\_work\dbded102\bin\Release.AnyCPU\CodeAnalysis.Service\MS.VS.Services.CodeAnalysis.Server.IssueManagement.L0.Tests\MS.VS.Services.CodeAnalysis.Server.IssueManagement.L0.Tests.dll" adapterTypeName="Microsoft.VisualStudio.TestTools.TestTypes.Unit.UnitTestAdapter" className="MS.VS.Services.CodeAnalysis.Server.IssueManagement.L0.Tests.Framework.Sql.SqlIssueConverterTests" name="SqlIssueConverter_TakesFirstIssueWhenMultipleExistWithSameFingerprint" />
    </UnitTest>
    <UnitTest name="SqlIssueConverter_CreatedIssueIdsStartAtZeroAndIncrement" storage="d:\v2.0\a1\_work\dbded102\bin\release.anycpu\codeanalysis.service\ms.vs.services.codeanalysis.server.issuemanagement.l0.tests\ms.vs.services.codeanalysis.server.issuemanagement.l0.tests.dll" id="d4b4b0d0-8bcd-d16e-04d7-4bd36b5aafec">
      <Execution id="64c1839b-7db2-4aee-ba3b-f429b658966b" />
      <TestMethod codeBase="D:\v2.0\A1\_work\dbded102\bin\Release.AnyCPU\CodeAnalysis.Service\MS.VS.Services.CodeAnalysis.Server.IssueManagement.L0.Tests\MS.VS.Services.CodeAnalysis.Server.IssueManagement.L0.Tests.dll" adapterTypeName="Microsoft.VisualStudio.TestTools.TestTypes.Unit.UnitTestAdapter" className="MS.VS.Services.CodeAnalysis.Server.IssueManagement.L0.Tests.Framework.Sql.SqlIssueConverterTests" name="SqlIssueConverter_CreatedIssueIdsStartAtZeroAndIncrement" />
    </UnitTest>
    <UnitTest name="SqlIssueDiffConverter_CanConvertToIssueDiffs" storage="d:\v2.0\a1\_work\dbded102\bin\release.anycpu\codeanalysis.service\ms.vs.services.codeanalysis.server.issuemanagement.l0.tests\ms.vs.services.codeanalysis.server.issuemanagement.l0.tests.dll" id="dcb75401-bb4f-ccac-9ff3-5bdd68c88090">
      <Execution id="f418997b-fad2-4433-a4da-97fd1c8d5e7e" />
      <TestMethod codeBase="D:\v2.0\A1\_work\dbded102\bin\Release.AnyCPU\CodeAnalysis.Service\MS.VS.Services.CodeAnalysis.Server.IssueManagement.L0.Tests\MS.VS.Services.CodeAnalysis.Server.IssueManagement.L0.Tests.dll" adapterTypeName="Microsoft.VisualStudio.TestTools.TestTypes.Unit.UnitTestAdapter" className="MS.VS.Services.CodeAnalysis.Server.IssueManagement.L0.Tests.Framework.Sql.SqlIssueDiffConverterTests" name="SqlIssueDiffConverter_CanConvertToIssueDiffs" />
    </UnitTest>
    <UnitTest name="SqlIssueDiffConverter_ThrowsExceptionWhenIssueIsMissingForIssueDiff" storage="d:\v2.0\a1\_work\dbded102\bin\release.anycpu\codeanalysis.service\ms.vs.services.codeanalysis.server.issuemanagement.l0.tests\ms.vs.services.codeanalysis.server.issuemanagement.l0.tests.dll" id="f73eab93-1c0f-3ea6-582b-bfbe7c53cabf">
      <Execution id="1eddafe6-d976-4b2a-b531-ac23dfe23498" />
      <TestMethod codeBase="D:\v2.0\A1\_work\dbded102\bin\Release.AnyCPU\CodeAnalysis.Service\MS.VS.Services.CodeAnalysis.Server.IssueManagement.L0.Tests\MS.VS.Services.CodeAnalysis.Server.IssueManagement.L0.Tests.dll" adapterTypeName="Microsoft.VisualStudio.TestTools.TestTypes.Unit.UnitTestAdapter" className="MS.VS.Services.CodeAnalysis.Server.IssueManagement.L0.Tests.Framework.Sql.SqlIssueDiffConverterTests" name="SqlIssueDiffConverter_ThrowsExceptionWhenIssueIsMissingForIssueDiff" />
    </UnitTest>
    <UnitTest name="SqlIssueDiffConverter_ThrowsExceptionWhenIssueDiffIsMissingForIssue" storage="d:\v2.0\a1\_work\dbded102\bin\release.anycpu\codeanalysis.service\ms.vs.services.codeanalysis.server.issuemanagement.l0.tests\ms.vs.services.codeanalysis.server.issuemanagement.l0.tests.dll" id="90b2b02e-f075-8ec6-23dd-1314261fd846">
      <Execution id="381ef271-b79f-486a-8b59-4bc0b1f68f69" />
      <TestMethod codeBase="D:\v2.0\A1\_work\dbded102\bin\Release.AnyCPU\CodeAnalysis.Service\MS.VS.Services.CodeAnalysis.Server.IssueManagement.L0.Tests\MS.VS.Services.CodeAnalysis.Server.IssueManagement.L0.Tests.dll" adapterTypeName="Microsoft.VisualStudio.TestTools.TestTypes.Unit.UnitTestAdapter" className="MS.VS.Services.CodeAnalysis.Server.IssueManagement.L0.Tests.Framework.Sql.SqlIssueDiffConverterTests" name="SqlIssueDiffConverter_ThrowsExceptionWhenIssueDiffIsMissingForIssue" />
    </UnitTest>
  </TestDefinitions>
  <TestEntries>
    <TestEntry testId="72445d2a-ca6b-8baf-32e6-b06e9817b59a" executionId="e18b4a0b-68d6-4112-b3e8-71ab2a7a104a" testListId="8c84fa94-04c1-424b-9868-57a2d4851a1d" />
    <TestEntry testId="2b649fbb-b597-2c85-dcf3-bc7f040fe890" executionId="ea1be122-be09-4c99-b02b-4923fdf5c59d" testListId="8c84fa94-04c1-424b-9868-57a2d4851a1d" />
    <TestEntry testId="39dc41fe-fc24-ffb8-990d-6f6b27dcad0d" executionId="fd31567c-03bf-467f-a07f-2408075d904c" testListId="8c84fa94-04c1-424b-9868-57a2d4851a1d" />
    <TestEntry testId="f341c938-191e-4d47-96a9-219169d3267b" executionId="9d10844c-9687-4a7e-a1f2-536e4830d1ec" testListId="8c84fa94-04c1-424b-9868-57a2d4851a1d" />
    <TestEntry testId="e3a51c9a-e96b-9399-5a83-ba126a407499" executionId="48288b47-d643-420a-893d-0f35587366cf" testListId="8c84fa94-04c1-424b-9868-57a2d4851a1d" />
    <TestEntry testId="f2941c1f-0e28-8703-16ad-31ceded92ee6" executionId="95efd9d0-6991-4d00-96e0-c7ee27578b0d" testListId="8c84fa94-04c1-424b-9868-57a2d4851a1d" />
    <TestEntry testId="13cf7f5d-a856-8187-293a-14eb1399e327" executionId="3f8d7599-0bc2-4750-8189-3585ca4a173f" testListId="8c84fa94-04c1-424b-9868-57a2d4851a1d" />
    <TestEntry testId="be2c3728-b1fc-248c-eede-bbaefb5cad96" executionId="a018b970-6852-4ff3-aa9c-34c42f42dc3b" testListId="8c84fa94-04c1-424b-9868-57a2d4851a1d" />
    <TestEntry testId="3288187b-d973-1ef4-cf17-4e060086e1a7" executionId="bde74df8-099e-432d-8f40-62534aa5551d" testListId="8c84fa94-04c1-424b-9868-57a2d4851a1d" />
    <TestEntry testId="cab3a00c-80b0-df06-3ec9-b133f2f7766c" executionId="6c714358-5f21-41ec-89e8-8ca4b8911054" testListId="8c84fa94-04c1-424b-9868-57a2d4851a1d" />
    <TestEntry testId="b297df5a-2d0b-3998-07ee-954e1883ef0c" executionId="cca8a457-45f0-4da5-a937-bf354fe27d87" testListId="8c84fa94-04c1-424b-9868-57a2d4851a1d" />
    <TestEntry testId="cfd5f4e8-18d0-89fd-36e4-6cd07db1f97c" executionId="30fbfca3-de52-40f8-a525-9228be9bbc83" testListId="8c84fa94-04c1-424b-9868-57a2d4851a1d" />
    <TestEntry testId="510d3d8b-d755-33ab-3227-0a3898244fa9" executionId="33dc6f67-11ff-49ff-baab-d18d2c20d4a5" testListId="8c84fa94-04c1-424b-9868-57a2d4851a1d" />
    <TestEntry testId="6bee0e2c-bee9-469b-d470-f7868b15b97e" executionId="2802b784-b144-4998-9bb1-147c16d503ea" testListId="8c84fa94-04c1-424b-9868-57a2d4851a1d" />
    <TestEntry testId="f407f16f-c282-eaed-17dd-8c34a2f3a45a" executionId="fee5171f-433b-457b-8c19-c811fd950643" testListId="8c84fa94-04c1-424b-9868-57a2d4851a1d" />
    <TestEntry testId="7e5f4015-8e05-8582-154c-04f2d1344cce" executionId="26ea304b-99bb-478e-a814-da9aa527993e" testListId="8c84fa94-04c1-424b-9868-57a2d4851a1d" />
    <TestEntry testId="89c509fc-12aa-360b-a605-5f1d3dd8b49d" executionId="dd3db1d4-d866-4cd0-9139-6f58cc5f8056" testListId="8c84fa94-04c1-424b-9868-57a2d4851a1d" />
    <TestEntry testId="92778b14-c5a9-fbad-d33c-7a893fc2cee5" executionId="37c94290-92a9-456a-964f-8d48ea66e488" testListId="8c84fa94-04c1-424b-9868-57a2d4851a1d" />
    <TestEntry testId="aa15e918-b3e2-aba8-6a08-f3aec1852807" executionId="6ae6ab47-44cf-47fc-8e96-dc48b39650b7" testListId="8c84fa94-04c1-424b-9868-57a2d4851a1d" />
    <TestEntry testId="7eb4f93c-b417-9a05-cea2-e6c4e3cf9321" executionId="226c9123-8d35-4544-b6e7-c1a366cb1a94" testListId="8c84fa94-04c1-424b-9868-57a2d4851a1d" />
    <TestEntry testId="4d29c185-fd10-9d0d-e708-0be66b9a598e" executionId="c817edef-ba01-4c6c-b779-cf36dcc50bb5" testListId="8c84fa94-04c1-424b-9868-57a2d4851a1d" />
    <TestEntry testId="7582f681-992b-45c0-39cb-3fe8ea6b974f" executionId="0894d58e-2d87-499b-9a52-6fe07963859a" testListId="8c84fa94-04c1-424b-9868-57a2d4851a1d" />
    <TestEntry testId="2b639535-6fe7-84fe-5e56-daca44925cca" executionId="c4d8a8a8-1208-4c15-933e-23235778146c" testListId="8c84fa94-04c1-424b-9868-57a2d4851a1d" />
    <TestEntry testId="6da2fe01-4f64-f3ce-f1ac-bbf09f2b0f43" executionId="7ed47048-919c-41b8-9a33-7fcef65c45de" testListId="8c84fa94-04c1-424b-9868-57a2d4851a1d" />
    <TestEntry testId="dac388da-51a4-e4ef-7d63-41f815e58726" executionId="b2a49c60-3db6-441a-8069-6a25d4014704" testListId="8c84fa94-04c1-424b-9868-57a2d4851a1d" />
    <TestEntry testId="f7c14a7c-f869-e279-78ff-3998fa0b7261" executionId="ec2a67b7-529a-4228-aafb-9d8e36309cc4" testListId="8c84fa94-04c1-424b-9868-57a2d4851a1d" />
    <TestEntry testId="c7061965-fe85-af7d-46db-743b7a53caa6" executionId="b847daf5-9a2c-4b57-998f-12a3efb21659" testListId="8c84fa94-04c1-424b-9868-57a2d4851a1d" />
    <TestEntry testId="7903e960-9ade-09e4-4645-17b66cf58b1d" executionId="8c9098cc-1d89-4a2a-8180-ccd8a7182e52" testListId="8c84fa94-04c1-424b-9868-57a2d4851a1d" />
    <TestEntry testId="8a564fd8-9f9d-d0ac-8527-74b8cdee588e" executionId="b544c75b-1f85-4ac7-8bca-21d4ff5814f5" testListId="8c84fa94-04c1-424b-9868-57a2d4851a1d" />
    <TestEntry testId="3d6e6a8b-01ff-4b42-498f-d20434fbed49" executionId="7b46295b-d39e-4ff6-9db9-f6a6d6968a71" testListId="8c84fa94-04c1-424b-9868-57a2d4851a1d" />
    <TestEntry testId="13c33ada-e2d1-f671-334b-7cceab32ae92" executionId="5f8d6d2d-90c1-4263-92cd-5cca16f1d021" testListId="8c84fa94-04c1-424b-9868-57a2d4851a1d" />
    <TestEntry testId="354ad866-c1b4-7e52-6b74-4582d5216603" executionId="686b3fcd-a3da-4541-8461-f883d0e4d039" testListId="8c84fa94-04c1-424b-9868-57a2d4851a1d" />
    <TestEntry testId="4775078a-f485-3e01-1364-757da0759987" executionId="6799d13d-919e-402a-8236-7e99d817de1b" testListId="8c84fa94-04c1-424b-9868-57a2d4851a1d" />
    <TestEntry testId="df801e31-1351-423c-af74-dc21d8c95506" executionId="2026233f-6ebe-4dd2-8fc2-fae03bf85401" testListId="8c84fa94-04c1-424b-9868-57a2d4851a1d" />
    <TestEntry testId="69d84e34-d86d-a2d3-ece6-e0c376b6cf57" executionId="4a53013f-523c-44ca-9063-24b8d22406cb" testListId="8c84fa94-04c1-424b-9868-57a2d4851a1d" />
    <TestEntry testId="b2b620dc-bd45-53be-c1e0-cc1e6ba7f2d9" executionId="fcc19243-ff75-444e-8569-ad4c4df340d4" testListId="8c84fa94-04c1-424b-9868-57a2d4851a1d" />
    <TestEntry testId="acd3e017-a0dc-e00c-dc8d-4da5a45a7211" executionId="db00f143-85a6-4765-bf2b-0e84d23bf1c1" testListId="8c84fa94-04c1-424b-9868-57a2d4851a1d" />
    <TestEntry testId="7f30dae8-4cec-fbba-dc4e-ca100c7fc8cb" executionId="6a866836-6efb-4c55-ae00-1c8a1e9b84cd" testListId="8c84fa94-04c1-424b-9868-57a2d4851a1d" />
    <TestEntry testId="0d5d469e-7787-5670-53f4-19387186a84a" executionId="0a0e3bd5-e33c-400f-a5bd-d3384a257806" testListId="8c84fa94-04c1-424b-9868-57a2d4851a1d" />
    <TestEntry testId="cc63f966-be56-c186-8a66-42a14c6f3f39" executionId="b5ff87c7-9fb3-4cdc-b165-74f9ca27caa3" testListId="8c84fa94-04c1-424b-9868-57a2d4851a1d" />
    <TestEntry testId="bf609fb3-485a-4dad-196f-bbfea37a481f" executionId="ae1816d5-6f85-4c81-8517-32f89dc6f9ec" testListId="8c84fa94-04c1-424b-9868-57a2d4851a1d" />
    <TestEntry testId="7f0ed2c4-e14a-f4d4-9373-33e12ce20bd8" executionId="ac29a8ce-3b25-429c-bbef-4fcd7053ab22" testListId="8c84fa94-04c1-424b-9868-57a2d4851a1d" />
    <TestEntry testId="bac8e1c0-2063-731e-2d88-50c7dd5f9b59" executionId="f0c11a87-9970-41f9-8222-72dfd83f0b06" testListId="8c84fa94-04c1-424b-9868-57a2d4851a1d" />
    <TestEntry testId="03949fc1-ae57-fb62-62b5-be6101a3e7a6" executionId="9ffba873-5be1-4cef-b514-8da14b85731d" testListId="8c84fa94-04c1-424b-9868-57a2d4851a1d" />
    <TestEntry testId="37176a66-1208-aa5a-6d82-7489ef5fc369" executionId="561d6de5-bd5a-4f77-93bb-8bfa4b3ae8f9" testListId="8c84fa94-04c1-424b-9868-57a2d4851a1d" />
    <TestEntry testId="46ece6f2-9b6a-bcc2-eeaa-be3d90a4d87d" executionId="2bdfe046-9241-428c-aac6-76ab682c5250" testListId="8c84fa94-04c1-424b-9868-57a2d4851a1d" />
    <TestEntry testId="70a15c4f-98b7-969e-99dc-ff6bb90c1522" executionId="38225421-488b-4940-be48-8da0f7ff7896" testListId="8c84fa94-04c1-424b-9868-57a2d4851a1d" />
    <TestEntry testId="c7f7200f-9ed9-4b6a-5924-0b8a0d5c649c" executionId="0a73693d-7351-464c-856d-5a2de8289fc0" testListId="8c84fa94-04c1-424b-9868-57a2d4851a1d" />
    <TestEntry testId="638bcf15-cf82-4a6e-ace6-693349ad8638" executionId="a7e7d121-9e31-49b0-975d-86bf023568d6" testListId="8c84fa94-04c1-424b-9868-57a2d4851a1d" />
    <TestEntry testId="0a1987c0-4284-827e-6cb3-d5b8fa408a12" executionId="5c6068e5-5465-4520-a388-a23e6029d56a" testListId="8c84fa94-04c1-424b-9868-57a2d4851a1d" />
    <TestEntry testId="c5a14af1-e9bb-0611-2f87-5e7de8d8cf83" executionId="475e6803-84c8-4f0a-9bd8-f35e03f2430b" testListId="8c84fa94-04c1-424b-9868-57a2d4851a1d" />
    <TestEntry testId="d1171da6-5dd5-b0ac-cd9b-561a2be39835" executionId="8d60672c-beb4-46fb-bd94-e2fd4bdf1c3d" testListId="8c84fa94-04c1-424b-9868-57a2d4851a1d" />
    <TestEntry testId="f0a7b429-5779-c1d6-360e-44c401e98136" executionId="6d592adf-cfc3-40b8-b505-b8b605b11fc8" testListId="8c84fa94-04c1-424b-9868-57a2d4851a1d" />
    <TestEntry testId="a0bbd29e-b938-ecc8-221f-0e75c853d82e" executionId="031bcb08-18d5-45dd-b76d-9568a242a085" testListId="8c84fa94-04c1-424b-9868-57a2d4851a1d" />
    <TestEntry testId="72d3274d-b19e-55e6-bc20-fd6ba89fcc0a" executionId="ef3e8ba0-be35-4e5d-b503-157a6d1ea388" testListId="8c84fa94-04c1-424b-9868-57a2d4851a1d" />
    <TestEntry testId="90a66768-a4bf-4f65-1c19-475f4de60096" executionId="ba290ce6-2744-4350-bdab-9ed778e9645d" testListId="8c84fa94-04c1-424b-9868-57a2d4851a1d" />
    <TestEntry testId="fe9e384b-e736-91e1-ecff-0b4400b9d5a5" executionId="68ead5ad-7f6a-4039-8808-845876743132" testListId="8c84fa94-04c1-424b-9868-57a2d4851a1d" />
    <TestEntry testId="63a0737a-9271-c777-ad3c-a9758a0cd1b2" executionId="e8abbe9f-6dfd-4280-b41a-4c45ed715b9d" testListId="8c84fa94-04c1-424b-9868-57a2d4851a1d" />
    <TestEntry testId="c829c799-2193-2492-0537-bdf018ba8977" executionId="8477ad2b-c0a6-48a3-8ccd-dc76e56837ec" testListId="8c84fa94-04c1-424b-9868-57a2d4851a1d" />
    <TestEntry testId="a7c99561-8180-d2e7-f61f-e8ebbeadc7a8" executionId="65b27c54-1a06-4f74-ae77-50652f902e7e" testListId="8c84fa94-04c1-424b-9868-57a2d4851a1d" />
    <TestEntry testId="8c3d62a2-bd0b-e0c9-75de-9c6da63553ec" executionId="5ba913e2-6e1f-47f1-82b5-b4b6cd7a0646" testListId="8c84fa94-04c1-424b-9868-57a2d4851a1d" />
    <TestEntry testId="f0d4ca70-ed8d-f22c-6f8d-49cf2fe39e3d" executionId="0c8e55e1-b2d7-4c6f-8449-6151b0b7db5b" testListId="8c84fa94-04c1-424b-9868-57a2d4851a1d" />
    <TestEntry testId="0fadb739-5405-021c-60e9-23072e744d43" executionId="a3ea9a80-8c1b-47ae-8713-183e0a583ff0" testListId="8c84fa94-04c1-424b-9868-57a2d4851a1d" />
    <TestEntry testId="c946699d-1149-3bb4-bb45-094e36fc6a13" executionId="64839a71-c905-4b9b-962b-d6063abeb9a2" testListId="8c84fa94-04c1-424b-9868-57a2d4851a1d" />
    <TestEntry testId="2b666fcc-53cd-fe77-1bb5-166836bc734d" executionId="a8c301db-be12-413f-9f74-d605520f603b" testListId="8c84fa94-04c1-424b-9868-57a2d4851a1d" />
    <TestEntry testId="3e1e5a6f-d802-f6d2-e59e-e9a345b0e7f2" executionId="78719c45-cde7-4281-8bf0-b1f061941242" testListId="8c84fa94-04c1-424b-9868-57a2d4851a1d" />
    <TestEntry testId="2086a9b8-2a1f-e34d-3005-7abc7fa9b6d1" executionId="9ebeb3c2-531b-40ba-ad05-61b4bffea71a" testListId="8c84fa94-04c1-424b-9868-57a2d4851a1d" />
    <TestEntry testId="d30030d6-12ea-1ba7-26ab-d710388a228a" executionId="3d2d1b85-9b38-4b26-bc17-d5f17a193394" testListId="8c84fa94-04c1-424b-9868-57a2d4851a1d" />
    <TestEntry testId="2ad72c20-73c0-35e1-8c84-be74830fa18b" executionId="ee1be5e2-2b14-45d4-9f86-21bad510e2c5" testListId="8c84fa94-04c1-424b-9868-57a2d4851a1d" />
    <TestEntry testId="c53e1c42-38d1-00ba-9b97-217f69ea7547" executionId="712b3690-be77-4d43-8658-d5ad5d95b41f" testListId="8c84fa94-04c1-424b-9868-57a2d4851a1d" />
    <TestEntry testId="091d7909-8e61-197f-cc8c-b091f5ba3a3d" executionId="af4d2917-cad7-4699-bc20-28f2cfa5331c" testListId="8c84fa94-04c1-424b-9868-57a2d4851a1d" />
    <TestEntry testId="60e31f74-3e84-07de-260a-3cbf790055f3" executionId="54dac94a-ba00-4b20-8b4a-4a933c4df155" testListId="8c84fa94-04c1-424b-9868-57a2d4851a1d" />
    <TestEntry testId="f92c7dd5-2fb7-00fd-e2fd-0b5989095a63" executionId="2a786e09-b298-4f5b-a7c0-1bc7e64e44c4" testListId="8c84fa94-04c1-424b-9868-57a2d4851a1d" />
    <TestEntry testId="d0ee85cd-3e85-f5c8-7e53-393053fa7565" executionId="f75ec943-fa1b-4a2c-bc81-af937c24adf2" testListId="8c84fa94-04c1-424b-9868-57a2d4851a1d" />
    <TestEntry testId="416920d5-35e7-ef97-54ab-b0c2b612008e" executionId="ada08744-8d32-4234-867d-23bb7e783b29" testListId="8c84fa94-04c1-424b-9868-57a2d4851a1d" />
    <TestEntry testId="c7f7b577-985f-fab5-0d2f-c8e2d1937b54" executionId="4cc9b3f1-fcd3-41fb-96e3-0e06d6d2d9d7" testListId="8c84fa94-04c1-424b-9868-57a2d4851a1d" />
    <TestEntry testId="abfc5e97-e570-ce5b-8f65-83841d0bdfd5" executionId="38877866-c285-4f3f-bd74-beae28341c72" testListId="8c84fa94-04c1-424b-9868-57a2d4851a1d" />
    <TestEntry testId="b4e2df8a-0eaa-28fc-3ac4-3b8585239d2f" executionId="c833ea69-82c7-4017-91b7-034b6d8de9a0" testListId="8c84fa94-04c1-424b-9868-57a2d4851a1d" />
    <TestEntry testId="bbed88ae-e530-1193-e7c5-93319e54ae51" executionId="b6abd614-336b-410f-ae90-c904af7428ff" testListId="8c84fa94-04c1-424b-9868-57a2d4851a1d" />
    <TestEntry testId="fee092f1-0abb-97cb-bc19-b91f4608f27d" executionId="8daaf66b-4fff-4472-95cf-471dfee62432" testListId="8c84fa94-04c1-424b-9868-57a2d4851a1d" />
    <TestEntry testId="1f94efe5-206b-6fa5-ff1a-6aacdbd1d495" executionId="3663a2f9-a0e6-4bb4-8716-00227d9281c8" testListId="8c84fa94-04c1-424b-9868-57a2d4851a1d" />
    <TestEntry testId="e305afa7-47c8-10f8-615b-658dbd3aba94" executionId="4bf18cd1-65f8-471c-9eb8-6db1d2cfda9b" testListId="8c84fa94-04c1-424b-9868-57a2d4851a1d" />
    <TestEntry testId="3ef6c65a-4c86-4949-cfdd-c4dbc1d5f6e1" executionId="d7e4a9b5-e8d4-48b2-8e9d-cba8195a709a" testListId="8c84fa94-04c1-424b-9868-57a2d4851a1d" />
    <TestEntry testId="7dd4567a-1fbf-be42-443a-3d1a9b486683" executionId="996a650f-451f-4f97-885e-a01810414368" testListId="8c84fa94-04c1-424b-9868-57a2d4851a1d" />
    <TestEntry testId="ca6adb74-8d8d-4c91-b394-68547379a18f" executionId="7f4d80c1-0645-4bfe-91cf-f1848e63dd81" testListId="8c84fa94-04c1-424b-9868-57a2d4851a1d" />
    <TestEntry testId="069444fb-2a2c-e505-4855-ad669c66967d" executionId="fc26ea27-9f9b-44cf-867b-61d9a427945b" testListId="8c84fa94-04c1-424b-9868-57a2d4851a1d" />
    <TestEntry testId="50a41f95-13fb-e930-cb16-a6323b30e725" executionId="93fed2dd-7d71-4bf4-8596-da0552d7b1d7" testListId="8c84fa94-04c1-424b-9868-57a2d4851a1d" />
    <TestEntry testId="a1a8883b-9228-2ce7-f8af-5b3583ee773f" executionId="487951b8-ad28-4631-9bb9-4865a53040d4" testListId="8c84fa94-04c1-424b-9868-57a2d4851a1d" />
    <TestEntry testId="993f478b-a0aa-3835-d016-601f28594716" executionId="045db86f-aefe-4c24-8153-dc312df8f89a" testListId="8c84fa94-04c1-424b-9868-57a2d4851a1d" />
    <TestEntry testId="92cf0b5c-02af-62e0-4a96-952a0e1c01e2" executionId="2b541256-f76c-4c35-a34d-4b08b716a61a" testListId="8c84fa94-04c1-424b-9868-57a2d4851a1d" />
    <TestEntry testId="ff518c89-6559-87ec-eda7-b93691b6c5d6" executionId="34650ce4-1b9e-4149-9f15-1ce6eee90988" testListId="8c84fa94-04c1-424b-9868-57a2d4851a1d" />
    <TestEntry testId="cbf65baf-a70a-7f33-adab-ac373776aa15" executionId="0f9e861b-247f-4db2-80e0-273381bdccde" testListId="8c84fa94-04c1-424b-9868-57a2d4851a1d" />
    <TestEntry testId="582ddde4-1e48-69bf-a2e6-866bdf728fac" executionId="8bf36363-ea6d-4dd7-b765-30a4d76620ab" testListId="8c84fa94-04c1-424b-9868-57a2d4851a1d" />
    <TestEntry testId="f2c2865a-025e-f52d-0f07-1b6c48d1280f" executionId="9ad75565-ec38-4824-b4ba-dc7f06c77f29" testListId="8c84fa94-04c1-424b-9868-57a2d4851a1d" />
    <TestEntry testId="31befaf4-c8ea-b49c-5ec3-1d57de9974a7" executionId="8d44fb6b-e58d-4eff-899b-06ad17e1ae53" testListId="8c84fa94-04c1-424b-9868-57a2d4851a1d" />
    <TestEntry testId="08e27b65-57bf-4f27-a044-819fa5b63187" executionId="655fd09f-f607-4b5d-b288-9b288ad77a2c" testListId="8c84fa94-04c1-424b-9868-57a2d4851a1d" />
    <TestEntry testId="d4b4b0d0-8bcd-d16e-04d7-4bd36b5aafec" executionId="64c1839b-7db2-4aee-ba3b-f429b658966b" testListId="8c84fa94-04c1-424b-9868-57a2d4851a1d" />
    <TestEntry testId="dcb75401-bb4f-ccac-9ff3-5bdd68c88090" executionId="f418997b-fad2-4433-a4da-97fd1c8d5e7e" testListId="8c84fa94-04c1-424b-9868-57a2d4851a1d" />
    <TestEntry testId="f73eab93-1c0f-3ea6-582b-bfbe7c53cabf" executionId="1eddafe6-d976-4b2a-b531-ac23dfe23498" testListId="8c84fa94-04c1-424b-9868-57a2d4851a1d" />
    <TestEntry testId="90b2b02e-f075-8ec6-23dd-1314261fd846" executionId="381ef271-b79f-486a-8b59-4bc0b1f68f69" testListId="8c84fa94-04c1-424b-9868-57a2d4851a1d" />
  </TestEntries>
  <TestLists>
    <TestList name="Results Not in a List" id="8c84fa94-04c1-424b-9868-57a2d4851a1d" />
    <TestList name="All Loaded Results" id="19431567-8539-422a-85d7-44ee4e166bda" />
  </TestLists>
  <ResultSummary outcome="Completed">
    <Counters total="100" executed="100" passed="100" failed="0" error="0" timeout="0" aborted="0" inconclusive="0" passedButRunAborted="0" notRunnable="0" notExecuted="0" disconnected="0" warning="0" completed="0" inProgress="0" pending="0" />
  </ResultSummary>
</TestRun>