<?xml version="1.0" encoding="UTF-8"?>
<TestRun id="d45b7005-299c-4d67-acd5-e83f9b847ad9" name="tfsmladm@TFSBUILD11 2015-09-28 09:45:54" runUser="REDMOND\tfsmladm" xmlns="http://microsoft.com/schemas/VisualStudio/TeamTest/2010">
  <Times creation="2015-09-28T09:45:54.6620608-07:00" queuing="2015-09-28T09:45:54.6620608-07:00" start="2015-09-28T09:45:54.6650617-07:00" finish="2015-09-28T09:45:57.4816413-07:00" />
  <TestSettings name="default" id="28b34434-f684-4305-b9e5-9980fa8c30f5">
    <Execution>
      <TestTypeSpecific />
    </Execution>
    <Deployment runDeploymentRoot="tfsmladm_TFSBUILD11 2015-09-28 09_45_54" />
    <Properties />
  </TestSettings>
  <Results>
    <UnitTestResult executionId="1faddfe4-af33-4933-b939-ba60a93ca345" testId="f70fe6ce-6d5a-42e0-b384-70235c493566" testName="TFSTests.CKEditor.Loader makeCKEditorAsyncCallsSafe prevents exceptions in CKEditor.tools.setTimeout" computerName="TFSBUILD11" duration="00:00:00.0490000" startTime="2015-09-28T09:45:54.6955280-07:00" endTime="2015-09-28T09:45:54.6955280-07:00" testType="13cdc9d9-ddb5-4fa4-a97d-d965ccfc6d4b" outcome="Passed" testListId="8c84fa94-04c1-424b-9868-57a2d4851a1d" relativeResultsDirectory="1faddfe4-af33-4933-b939-ba60a93ca345" />
    <UnitTestResult executionId="c9efac23-bf77-4c3e-b2b0-c0270b3ae105" testId="b0df9698-6314-4f8d-a367-5f44d073b32c" testName="TFSTests.CKEditor.Loader makeCKEditorAsyncCallsSafe passes through this pointer and arguments as is to CKEditor.tools.setTimeout" computerName="TFSBUILD11" duration="00:00:00.0180000" startTime="2015-09-28T09:45:54.7035315-07:00" endTime="2015-09-28T09:45:54.7035315-07:00" testType="13cdc9d9-ddb5-4fa4-a97d-d965ccfc6d4b" outcome="Passed" testListId="8c84fa94-04c1-424b-9868-57a2d4851a1d" relativeResultsDirectory="c9efac23-bf77-4c3e-b2b0-c0270b3ae105" />
    <UnitTestResult executionId="69e95064-a07d-45e1-8140-47e67fc276fb" testId="a1e05b20-6225-4feb-b446-5fc6e17bf825" testName="VSSTests.Core.OperationQueue queuedOperationsNotStartedUntilPriorOperationsComplete" computerName="TFSBUILD11" duration="00:00:00.0950000" startTime="2015-09-28T09:45:54.7037536-07:00" endTime="2015-09-28T09:45:54.7037536-07:00" testType="13cdc9d9-ddb5-4fa4-a97d-d965ccfc6d4b" outcome="Passed" testListId="8c84fa94-04c1-424b-9868-57a2d4851a1d" relativeResultsDirectory="69e95064-a07d-45e1-8140-47e67fc276fb" />
    <UnitTestResult executionId="869a44d5-e0c9-4fae-b643-dc64184401fd" testId="8ea4f61b-5669-4451-ae7f-bded33bf1fe1" testName="VSSTests.TFS.Core.AnchorLinkUtils findAnchorInContainer_searchesOnlyWithinContainer" computerName="TFSBUILD11" duration="00:00:00.0150000" startTime="2015-09-28T09:45:54.7037536-07:00" endTime="2015-09-28T09:45:54.7037536-07:00" testType="13cdc9d9-ddb5-4fa4-a97d-d965ccfc6d4b" outcome="Passed" testListId="8c84fa94-04c1-424b-9868-57a2d4851a1d" relativeResultsDirectory="869a44d5-e0c9-4fae-b643-dc64184401fd" />
    <UnitTestResult executionId="ee5c478a-e3a7-499b-b059-f8a99065bcb6" testId="e172dbf0-30dd-4fa3-a89b-86604b44eba3" testName="VSSTests.TFS.Core.AnchorLinkUtils findAnchorInContainer_prioritizesTheFirstIdMatchOverOtherIdMatchesOrNameMatches" computerName="TFSBUILD11" duration="00:00:00.0150000" startTime="2015-09-28T09:45:54.7037536-07:00" endTime="2015-09-28T09:45:54.7037536-07:00" testType="13cdc9d9-ddb5-4fa4-a97d-d965ccfc6d4b" outcome="Passed" testListId="8c84fa94-04c1-424b-9868-57a2d4851a1d" relativeResultsDirectory="ee5c478a-e3a7-499b-b059-f8a99065bcb6" />
    <UnitTestResult executionId="7c1671db-3144-4a82-8765-09b9bbf90f4f" testId="4a52e6f0-9249-403e-93db-aada15956723" testName="VSSTests.TFS.Core.AnchorLinkUtils findAnchorInContainer_prioritizesTheFirstNameMatchOverOtherNameMatches" computerName="TFSBUILD11" duration="00:00:00.0140000" startTime="2015-09-28T09:45:54.7037536-07:00" endTime="2015-09-28T09:45:54.7037536-07:00" testType="13cdc9d9-ddb5-4fa4-a97d-d965ccfc6d4b" outcome="Passed" testListId="8c84fa94-04c1-424b-9868-57a2d4851a1d" relativeResultsDirectory="7c1671db-3144-4a82-8765-09b9bbf90f4f" />
    <UnitTestResult executionId="905dfbf5-8f9f-4284-bcfc-b85d94c455b1" testId="d3937da7-14e6-4a48-b1bf-add2b426b0be" testName="VSSTests.TFS.Core.AnchorLinkUtils findAnchorInContainer_returnsTheContainerIfThereAreNoIdOrNameMatchesAndNameEqualsTop" computerName="TFSBUILD11" duration="00:00:00.0150000" startTime="2015-09-28T09:45:54.7037536-07:00" endTime="2015-09-28T09:45:54.7037536-07:00" testType="13cdc9d9-ddb5-4fa4-a97d-d965ccfc6d4b" outcome="Passed" testListId="8c84fa94-04c1-424b-9868-57a2d4851a1d" relativeResultsDirectory="905dfbf5-8f9f-4284-bcfc-b85d94c455b1" />
    <UnitTestResult executionId="e0ee26a9-3038-4abb-bb10-39a8e35e7740" testId="ed7fcca9-bcf5-4d21-bf53-c01c4b6a330f" testName="VSSTests.TFS.Core.AnchorLinkUtils findAnchorInContainer_returnsNullIfThereAreNoIdOrNameMatchesAndNameDoesNotEqualTop" computerName="TFSBUILD11" duration="00:00:00.0140000" startTime="2015-09-28T09:45:54.7037536-07:00" endTime="2015-09-28T09:45:54.7037536-07:00" testType="13cdc9d9-ddb5-4fa4-a97d-d965ccfc6d4b" outcome="Passed" testListId="8c84fa94-04c1-424b-9868-57a2d4851a1d" relativeResultsDirectory="e0ee26a9-3038-4abb-bb10-39a8e35e7740" />
    <UnitTestResult executionId="464815bf-b2c5-4203-817d-0fd366795c01" testId="2d215125-8324-41b0-846a-cd7641b213c8" testName="TFSTests.TFS.Core.Utils.NewGuidTests NewGuid_ReturnsCorrectGUID" computerName="TFSBUILD11" duration="00:00:00.0140000" startTime="2015-09-28T09:45:54.7037536-07:00" endTime="2015-09-28T09:45:54.7037536-07:00" testType="13cdc9d9-ddb5-4fa4-a97d-d965ccfc6d4b" outcome="Passed" testListId="8c84fa94-04c1-424b-9868-57a2d4851a1d" relativeResultsDirectory="464815bf-b2c5-4203-817d-0fd366795c01" />
    <UnitTestResult executionId="31f4b4ba-5bd0-4656-8ab9-1c9806f18987" testId="efe23e68-26b7-4ba7-af50-aca8481b6b94" testName="TfsTests.OM.FavoriteStore findByData Base Case" computerName="TFSBUILD11" duration="00:00:00.0200000" startTime="2015-09-28T09:45:54.7998099-07:00" endTime="2015-09-28T09:45:54.7998099-07:00" testType="13cdc9d9-ddb5-4fa4-a97d-d965ccfc6d4b" outcome="Passed" testListId="8c84fa94-04c1-424b-9868-57a2d4851a1d" relativeResultsDirectory="31f4b4ba-5bd0-4656-8ab9-1c9806f18987" />
    <UnitTestResult executionId="3220b81d-b962-45e9-b56b-4bbbc103a0c3" testId="96a06d38-820d-4b9a-ac30-343a4b50dc99" testName="TfsTests.OM.FavoriteStore beginRefresh base case" computerName="TFSBUILD11" duration="00:00:00.0160000" startTime="2015-09-28T09:45:54.7998099-07:00" endTime="2015-09-28T09:45:54.7998099-07:00" testType="13cdc9d9-ddb5-4fa4-a97d-d965ccfc6d4b" outcome="Passed" testListId="8c84fa94-04c1-424b-9868-57a2d4851a1d" relativeResultsDirectory="3220b81d-b962-45e9-b56b-4bbbc103a0c3" />
    <UnitTestResult executionId="62852410-d530-491e-9766-d494124a8161" testId="907b1863-f496-40e2-8094-edbd649879c8" testName="TfsTests.OM.FavoriteStore beginDeleteItems nop" computerName="TFSBUILD11" duration="00:00:00.0140000" startTime="2015-09-28T09:45:54.7998099-07:00" endTime="2015-09-28T09:45:54.7998099-07:00" testType="13cdc9d9-ddb5-4fa4-a97d-d965ccfc6d4b" outcome="Passed" testListId="8c84fa94-04c1-424b-9868-57a2d4851a1d" relativeResultsDirectory="62852410-d530-491e-9766-d494124a8161" />
    <UnitTestResult executionId="be4c7dd3-8a0a-4735-b395-f378f31c2752" testId="b19f3f5c-8de8-420f-ae71-115260f4d899" testName="TfsTests.OM.FavoriteStore beginDeleteItems base case" computerName="TFSBUILD11" duration="00:00:00.0150000" startTime="2015-09-28T09:45:54.7998099-07:00" endTime="2015-09-28T09:45:54.7998099-07:00" testType="13cdc9d9-ddb5-4fa4-a97d-d965ccfc6d4b" outcome="Passed" testListId="8c84fa94-04c1-424b-9868-57a2d4851a1d" relativeResultsDirectory="be4c7dd3-8a0a-4735-b395-f378f31c2752" />
    <UnitTestResult executionId="38f11fe4-c69e-4aad-95b7-2c2c31b4c3ac" testId="cd74a301-05c2-41df-a081-64f794ba947a" testName="TfsTests.OM.FavoriteStore beginUpdateItems base case" computerName="TFSBUILD11" duration="00:00:00.0170000" startTime="2015-09-28T09:45:54.7998099-07:00" endTime="2015-09-28T09:45:54.7998099-07:00" testType="13cdc9d9-ddb5-4fa4-a97d-d965ccfc6d4b" outcome="Passed" testListId="8c84fa94-04c1-424b-9868-57a2d4851a1d" relativeResultsDirectory="38f11fe4-c69e-4aad-95b7-2c2c31b4c3ac" />
    <UnitTestResult executionId="b1d599b5-2056-4779-91dd-4c994e20a4d8" testId="0e24fdbb-e6ba-4241-9636-5ada4b2b5a35" testName="TfsTests.OM.PinStore Pin store Base Case - Postive check of Edit permission" computerName="TFSBUILD11" duration="00:00:00.0160000" startTime="2015-09-28T09:45:54.7998099-07:00" endTime="2015-09-28T09:45:54.7998099-07:00" testType="13cdc9d9-ddb5-4fa4-a97d-d965ccfc6d4b" outcome="Passed" testListId="8c84fa94-04c1-424b-9868-57a2d4851a1d" relativeResultsDirectory="b1d599b5-2056-4779-91dd-4c994e20a4d8" />
    <UnitTestResult executionId="4a52fc0d-1a89-49b4-8308-f2920adf4bee" testId="82a5eb3c-0532-4b6e-9f20-156ac348b262" testName="TfsTests.OM.PinStore Negative check of edit permission" computerName="TFSBUILD11" duration="00:00:00.0140000" startTime="2015-09-28T09:45:54.7998099-07:00" endTime="2015-09-28T09:45:54.7998099-07:00" testType="13cdc9d9-ddb5-4fa4-a97d-d965ccfc6d4b" outcome="Passed" testListId="8c84fa94-04c1-424b-9868-57a2d4851a1d" relativeResultsDirectory="4a52fc0d-1a89-49b4-8308-f2920adf4bee" />
    <UnitTestResult executionId="20127a87-fcb7-4cfe-9503-a75e9d462119" testId="9202b2b4-5474-43e3-8fd0-fb6ed8bf9a5b" testName="TfsTests.OM.TagService ensureServerCallIsMadeWhenCacheIsEmpty" computerName="TFSBUILD11" duration="00:00:00.0260000" startTime="2015-09-28T09:45:54.7998099-07:00" endTime="2015-09-28T09:45:54.7998099-07:00" testType="13cdc9d9-ddb5-4fa4-a97d-d965ccfc6d4b" outcome="Passed" testListId="8c84fa94-04c1-424b-9868-57a2d4851a1d" relativeResultsDirectory="20127a87-fcb7-4cfe-9503-a75e9d462119" />
    <UnitTestResult executionId="02ec9791-ba4a-403e-9b37-d969555ed6a7" testId="4a4c5191-f63b-49f6-bcf7-70104a05bdbd" testName="TfsTests.OM.TagService ensureServerCallIsNotMadeWhenCacheHasData" computerName="TFSBUILD11" duration="00:00:00.0250000" startTime="2015-09-28T09:45:54.8008106-07:00" endTime="2015-09-28T09:45:54.8008106-07:00" testType="13cdc9d9-ddb5-4fa4-a97d-d965ccfc6d4b" outcome="Passed" testListId="8c84fa94-04c1-424b-9868-57a2d4851a1d" relativeResultsDirectory="02ec9791-ba4a-403e-9b37-d969555ed6a7" />
    <UnitTestResult executionId="db38d211-c529-4733-b244-4cd1d2b64f46" testId="4bb13ca8-0f99-4d43-bdb2-33ccac1941a9" testName="TfsTests.OM.TagService ensureServerCallIsNotMadeWhenCacheHasEmptyData" computerName="TFSBUILD11" duration="00:00:00.0250000" startTime="2015-09-28T09:45:54.9549946-07:00" endTime="2015-09-28T09:45:54.9549946-07:00" testType="13cdc9d9-ddb5-4fa4-a97d-d965ccfc6d4b" outcome="Passed" testListId="8c84fa94-04c1-424b-9868-57a2d4851a1d" relativeResultsDirectory="db38d211-c529-4733-b244-4cd1d2b64f46" />
    <UnitTestResult executionId="d9d91967-6f16-484d-a0db-4e69a39c5a39" testId="8863895c-a029-4a9a-a716-0964c35d985c" testName="TfsTests.OM.WebSettingsService KeyGenerationWorksWithUserScope" computerName="TFSBUILD11" duration="00:00:00.0190000" startTime="2015-09-28T09:45:54.9549946-07:00" endTime="2015-09-28T09:45:54.9549946-07:00" testType="13cdc9d9-ddb5-4fa4-a97d-d965ccfc6d4b" outcome="Passed" testListId="8c84fa94-04c1-424b-9868-57a2d4851a1d" relativeResultsDirectory="d9d91967-6f16-484d-a0db-4e69a39c5a39" />
    <UnitTestResult executionId="59d878b5-28ef-484c-9ff6-cf3d03a1158d" testId="30caa934-4fc3-411d-9a37-767980cb8e35" testName="TfsTests.OM.WebSettingsService WriteLocalSettingWorksWithNullOrUndefinedValue" computerName="TFSBUILD11" duration="00:00:00.0150000" startTime="2015-09-28T09:45:54.9549946-07:00" endTime="2015-09-28T09:45:54.9549946-07:00" testType="13cdc9d9-ddb5-4fa4-a97d-d965ccfc6d4b" outcome="Passed" testListId="8c84fa94-04c1-424b-9868-57a2d4851a1d" relativeResultsDirectory="59d878b5-28ef-484c-9ff6-cf3d03a1158d" />
    <UnitTestResult executionId="1a57cc10-1e55-455f-83a7-44bf5dc763a3" testId="994a97aa-5e47-40bd-a0eb-f3d1a58ab384" testName="TfsTests.OM.WebSettingsService KeyGenerationWorksWithTeamScope" computerName="TFSBUILD11" duration="00:00:00.0150000" startTime="2015-09-28T09:45:54.9549946-07:00" endTime="2015-09-28T09:45:54.9549946-07:00" testType="13cdc9d9-ddb5-4fa4-a97d-d965ccfc6d4b" outcome="Passed" testListId="8c84fa94-04c1-424b-9868-57a2d4851a1d" relativeResultsDirectory="1a57cc10-1e55-455f-83a7-44bf5dc763a3" />
    <UnitTestResult executionId="1c1784f2-2ee3-4ab2-8bf5-70c447321ba8" testId="77bc1b47-d2c9-4679-90cc-8646640786be" testName="TfsTests.OM.WebSettingsService KeyGenerationWorksWithUserTeamScope" computerName="TFSBUILD11" duration="00:00:00.0150000" startTime="2015-09-28T09:45:54.9549946-07:00" endTime="2015-09-28T09:45:54.9549946-07:00" testType="13cdc9d9-ddb5-4fa4-a97d-d965ccfc6d4b" outcome="Passed" testListId="8c84fa94-04c1-424b-9868-57a2d4851a1d" relativeResultsDirectory="1c1784f2-2ee3-4ab2-8bf5-70c447321ba8" />
    <UnitTestResult executionId="fef32587-bf01-4d0d-9fbd-6538cde495bc" testId="b21d30b0-ac14-427f-a9c3-710d5e94a9d9" testName="TfsTests.OM.WebSettingsService KeyGenerationWorksWithProjectScope" computerName="TFSBUILD11" duration="00:00:00.0140000" startTime="2015-09-28T09:45:54.9549946-07:00" endTime="2015-09-28T09:45:54.9549946-07:00" testType="13cdc9d9-ddb5-4fa4-a97d-d965ccfc6d4b" outcome="Passed" testListId="8c84fa94-04c1-424b-9868-57a2d4851a1d" relativeResultsDirectory="fef32587-bf01-4d0d-9fbd-6538cde495bc" />
    <UnitTestResult executionId="b2b1cd0a-ca6e-49c6-8783-de74dbaaccb7" testId="3cfc3753-6e73-4245-b275-2594a5a93048" testName="TFSTests.marked Marked base link transformation works" computerName="TFSBUILD11" duration="00:00:00.0180000" startTime="2015-09-28T09:45:54.9549946-07:00" endTime="2015-09-28T09:45:54.9549946-07:00" testType="13cdc9d9-ddb5-4fa4-a97d-d965ccfc6d4b" outcome="Passed" testListId="8c84fa94-04c1-424b-9868-57a2d4851a1d" relativeResultsDirectory="b2b1cd0a-ca6e-49c6-8783-de74dbaaccb7" />
    <UnitTestResult executionId="0ee4acc2-ea74-485b-ac08-2db17c776543" testId="16e4cf1e-abd5-4070-9e1a-17c6c672f58f" testName="TFSTests.marked Marked base image transformation works" computerName="TFSBUILD11" duration="00:00:00.0150000" startTime="2015-09-28T09:45:54.9549946-07:00" endTime="2015-09-28T09:45:54.9549946-07:00" testType="13cdc9d9-ddb5-4fa4-a97d-d965ccfc6d4b" outcome="Passed" testListId="8c84fa94-04c1-424b-9868-57a2d4851a1d" relativeResultsDirectory="0ee4acc2-ea74-485b-ac08-2db17c776543" />
    <UnitTestResult executionId="09b1a1dc-df43-4263-98e3-0f59f625f0fc" testId="24213c07-d8ec-4808-8fc9-0895f088e6f7" testName="TFSTests.marked-tfs-extensions Marked renders absolute external links to target a new window" computerName="TFSBUILD11" duration="00:00:00.0150000" startTime="2015-09-28T09:45:54.9549946-07:00" endTime="2015-09-28T09:45:54.9549946-07:00" testType="13cdc9d9-ddb5-4fa4-a97d-d965ccfc6d4b" outcome="Passed" testListId="8c84fa94-04c1-424b-9868-57a2d4851a1d" relativeResultsDirectory="09b1a1dc-df43-4263-98e3-0f59f625f0fc" />
    <UnitTestResult executionId="8284e6e7-b443-4f05-b62e-a94da67a0773" testId="89738dd8-8230-4a15-ba73-393cae578352" testName="TFSTests.marked-tfs-extensions Marked renders internal absolute external links in the same window" computerName="TFSBUILD11" duration="00:00:00.0140000" startTime="2015-09-28T09:45:55.0884260-07:00" endTime="2015-09-28T09:45:55.0884260-07:00" testType="13cdc9d9-ddb5-4fa4-a97d-d965ccfc6d4b" outcome="Passed" testListId="8c84fa94-04c1-424b-9868-57a2d4851a1d" relativeResultsDirectory="8284e6e7-b443-4f05-b62e-a94da67a0773" />
    <UnitTestResult executionId="fbb25c9b-ef92-4148-bbcd-56df311ddd3a" testId="d6343c17-02da-447b-957a-e4a32fe9040a" testName="TFSTests.marked-tfs-extensions Marked can sanitize links" computerName="TFSBUILD11" duration="00:00:00.0140000" startTime="2015-09-28T09:45:55.0884260-07:00" endTime="2015-09-28T09:45:55.0884260-07:00" testType="13cdc9d9-ddb5-4fa4-a97d-d965ccfc6d4b" outcome="Passed" testListId="8c84fa94-04c1-424b-9868-57a2d4851a1d" relativeResultsDirectory="fbb25c9b-ef92-4148-bbcd-56df311ddd3a" />
    <UnitTestResult executionId="e89336b0-809f-4b4a-afc6-0439b7540588" testId="5e8c79eb-cd7c-460a-8fd2-470c0112dcd3" testName="TFSTests.marked-tfs-extensions Marked will call link renderer if relative link" computerName="TFSBUILD11" duration="00:00:00.0140000" startTime="2015-09-28T09:45:55.0884260-07:00" endTime="2015-09-28T09:45:55.0884260-07:00" testType="13cdc9d9-ddb5-4fa4-a97d-d965ccfc6d4b" outcome="Passed" testListId="8c84fa94-04c1-424b-9868-57a2d4851a1d" relativeResultsDirectory="e89336b0-809f-4b4a-afc6-0439b7540588" />
    <UnitTestResult executionId="28626b25-f235-46cc-811c-0e926779c644" testId="d2040270-8337-4702-90f0-1df7410ad84d" testName="TFSTests.marked-tfs-extensions Marked renders external links with icon and title" computerName="TFSBUILD11" duration="00:00:00.0140000" startTime="2015-09-28T09:45:55.0884260-07:00" endTime="2015-09-28T09:45:55.0884260-07:00" testType="13cdc9d9-ddb5-4fa4-a97d-d965ccfc6d4b" outcome="Passed" testListId="8c84fa94-04c1-424b-9868-57a2d4851a1d" relativeResultsDirectory="28626b25-f235-46cc-811c-0e926779c644" />
    <UnitTestResult executionId="4c531c43-a73d-422b-9c6f-e6860fbfebf9" testId="3dedeab2-499f-4700-90f6-609b73423262" testName="TFSTests.marked-tfs-extensions Marked renders internal links without external link icon" computerName="TFSBUILD11" duration="00:00:00.0140000" startTime="2015-09-28T09:45:55.0884260-07:00" endTime="2015-09-28T09:45:55.0884260-07:00" testType="13cdc9d9-ddb5-4fa4-a97d-d965ccfc6d4b" outcome="Passed" testListId="8c84fa94-04c1-424b-9868-57a2d4851a1d" relativeResultsDirectory="4c531c43-a73d-422b-9c6f-e6860fbfebf9" />
    <UnitTestResult executionId="e9e6f051-5de9-4d61-9a63-83eb449df328" testId="d840ec57-4f2a-497b-8fdd-32407869159b" testName="TFSTests.marked-tfs-extensions Marked will call image renderer on image tag" computerName="TFSBUILD11" duration="00:00:00.0150000" startTime="2015-09-28T09:45:55.0884260-07:00" endTime="2015-09-28T09:45:55.0884260-07:00" testType="13cdc9d9-ddb5-4fa4-a97d-d965ccfc6d4b" outcome="Passed" testListId="8c84fa94-04c1-424b-9868-57a2d4851a1d" relativeResultsDirectory="e9e6f051-5de9-4d61-9a63-83eb449df328" />
    <UnitTestResult executionId="fe691b6e-f490-444d-a539-f64a10d2d431" testId="7baa94ef-79da-4299-a7ff-167cab656f72" testName="TFSTests.marked-tfs-extensions Marked will return same image path if image renderer is not present" computerName="TFSBUILD11" duration="00:00:00.0140000" startTime="2015-09-28T09:45:55.0884260-07:00" endTime="2015-09-28T09:45:55.0884260-07:00" testType="13cdc9d9-ddb5-4fa4-a97d-d965ccfc6d4b" outcome="Passed" testListId="8c84fa94-04c1-424b-9868-57a2d4851a1d" relativeResultsDirectory="fe691b6e-f490-444d-a539-f64a10d2d431" />
    <UnitTestResult executionId="df8cb595-e33e-42cf-9a99-2d4eca5a72be" testId="a3940715-84d7-4a33-8135-251abf29f2d3" testName="TFSTests.RichText When ExtraPluginModules are specified for CKEditorAdapter, Then the specified modules are passed to require and to CKEditor config" computerName="TFSBUILD11" duration="00:00:00.0190000" startTime="2015-09-28T09:45:55.0884260-07:00" endTime="2015-09-28T09:45:55.0884260-07:00" testType="13cdc9d9-ddb5-4fa4-a97d-d965ccfc6d4b" outcome="Passed" testListId="8c84fa94-04c1-424b-9868-57a2d4851a1d" relativeResultsDirectory="df8cb595-e33e-42cf-9a99-2d4eca5a72be" />
    <UnitTestResult executionId="f6caddec-bbe3-410c-a7f2-6c9f275159e1" testId="d0059eea-36dd-4e43-9dc2-082d0847bc14" testName="TFSTests.RichText.EventHandlers WhenHandlersAreRegisteredForAnEventName_ThenOnNeverBeforeSeenEventNameIsCalledOnceForEventName" computerName="TFSBUILD11" duration="00:00:00.0140000" startTime="2015-09-28T09:45:55.0884260-07:00" endTime="2015-09-28T09:45:55.0884260-07:00" testType="13cdc9d9-ddb5-4fa4-a97d-d965ccfc6d4b" outcome="Passed" testListId="8c84fa94-04c1-424b-9868-57a2d4851a1d" relativeResultsDirectory="f6caddec-bbe3-410c-a7f2-6c9f275159e1" />
    <UnitTestResult executionId="b33fa907-1775-4d0b-b737-e3fc044f18fd" testId="9b52611a-527b-499f-ad0a-63074ad28980" testName="TFSTests.RichText.EventHandlers WhenInvokeHandlersIsCalled_ThenRegisteredHandlersForTheEventNameAreCalled" computerName="TFSBUILD11" duration="00:00:00.0150000" startTime="2015-09-28T09:45:55.2736636-07:00" endTime="2015-09-28T09:45:55.2736636-07:00" testType="13cdc9d9-ddb5-4fa4-a97d-d965ccfc6d4b" outcome="Passed" testListId="8c84fa94-04c1-424b-9868-57a2d4851a1d" relativeResultsDirectory="b33fa907-1775-4d0b-b737-e3fc044f18fd" />
    <UnitTestResult executionId="87fef367-f523-4247-9b19-09ba8524940d" testId="4eaefd77-c57a-4d89-955e-476d83cd0ad4" testName="TFSTests.RichText.EventHandlers GivenHandlersAreRegistered_WhenClearHandlersIsCalledAndInvokeHandlersIsCalled_ThenHandlersForTheEventNameAreNotCalled" computerName="TFSBUILD11" duration="00:00:00.0140000" startTime="2015-09-28T09:45:55.2736636-07:00" endTime="2015-09-28T09:45:55.2736636-07:00" testType="13cdc9d9-ddb5-4fa4-a97d-d965ccfc6d4b" outcome="Passed" testListId="8c84fa94-04c1-424b-9868-57a2d4851a1d" relativeResultsDirectory="87fef367-f523-4247-9b19-09ba8524940d" />
    <UnitTestResult executionId="859a4fcb-b5ad-4a90-b7ed-fc5b9112f55c" testId="bbf36406-8628-4c9f-9d3f-8f4ff123e282" testName="TFSTests.RichText.ElementCssClassesManager Given element does not exist and css classes were toggled, When element is created and reapplyCssClasses() is invoked, Then css classes are added to the element" computerName="TFSBUILD11" duration="00:00:00.0140000" startTime="2015-09-28T09:45:55.2736636-07:00" endTime="2015-09-28T09:45:55.2736636-07:00" testType="13cdc9d9-ddb5-4fa4-a97d-d965ccfc6d4b" outcome="Passed" testListId="8c84fa94-04c1-424b-9868-57a2d4851a1d" relativeResultsDirectory="859a4fcb-b5ad-4a90-b7ed-fc5b9112f55c" />
    <UnitTestResult executionId="2f149c7e-dcd2-4433-830f-ca4307622b03" testId="dd7c105a-f27d-4ca5-8c19-85abc0913925" testName="TFSTests.RichText.ElementCssClassesManager Given element exists, When css classes were toggled, Then css class changes are immediately applied to the element" computerName="TFSBUILD11" duration="00:00:00.0150000" startTime="2015-09-28T09:45:55.2736636-07:00" endTime="2015-09-28T09:45:55.2736636-07:00" testType="13cdc9d9-ddb5-4fa4-a97d-d965ccfc6d4b" outcome="Passed" testListId="8c84fa94-04c1-424b-9868-57a2d4851a1d" relativeResultsDirectory="2f149c7e-dcd2-4433-830f-ca4307622b03" />
    <UnitTestResult executionId="7918ed08-a23b-4818-8377-d3b0c8c0abdd" testId="fab8789d-e7f3-4e5a-ab90-2d6109d94cea" testName="TFSTests.RichText.CKEditorAsyncWrapper WhenInitializeIsCalled_ThenCKEditorIsInstantiatedWithTheProvidedElementAndConfig" computerName="TFSBUILD11" duration="00:00:00.0380000" startTime="2015-09-28T09:45:55.2736636-07:00" endTime="2015-09-28T09:45:55.2736636-07:00" testType="13cdc9d9-ddb5-4fa4-a97d-d965ccfc6d4b" outcome="Passed" testListId="8c84fa94-04c1-424b-9868-57a2d4851a1d" relativeResultsDirectory="7918ed08-a23b-4818-8377-d3b0c8c0abdd" />
    <UnitTestResult executionId="0366ffc8-4e08-4a23-be5e-5970f8ec9924" testId="2d273ca4-8b2f-4402-bd82-2a78a78fc84c" testName="TFSTests.RichText.CKEditorAsyncWrapper GivenIsNotInitialized_WhenAnEventHandlerIsRegistered_ThenItWillBeCalledWhenCKEditorFiresThatEvent" computerName="TFSBUILD11" duration="00:00:00.0230000" startTime="2015-09-28T09:45:55.2736636-07:00" endTime="2015-09-28T09:45:55.2736636-07:00" testType="13cdc9d9-ddb5-4fa4-a97d-d965ccfc6d4b" outcome="Passed" testListId="8c84fa94-04c1-424b-9868-57a2d4851a1d" relativeResultsDirectory="0366ffc8-4e08-4a23-be5e-5970f8ec9924" />
    <UnitTestResult executionId="4f6186b4-1fcc-4c65-a1db-f7520d178c6a" testId="adfe2c0f-1625-49e7-9597-ab7125ab6d00" testName="TFSTests.RichText.CKEditorAsyncWrapper GivenIsInitialized_WhenAnEventHandlerIsRegistered_ThenItWillBeCalledWhenCKEditorFiresThatEvent" computerName="TFSBUILD11" duration="00:00:00.0220000" startTime="2015-09-28T09:45:55.2736636-07:00" endTime="2015-09-28T09:45:55.2736636-07:00" testType="13cdc9d9-ddb5-4fa4-a97d-d965ccfc6d4b" outcome="Passed" testListId="8c84fa94-04c1-424b-9868-57a2d4851a1d" relativeResultsDirectory="4f6186b4-1fcc-4c65-a1db-f7520d178c6a" />
    <UnitTestResult executionId="cabff700-f378-40c9-9877-8c8339c5b6bb" testId="563d9dab-8c99-410e-99d5-87d27635cef3" testName="TFSTests.RichText.CKEditorAsyncWrapper GivenIsNotInitialized_WhenGetValueIsCalled_ThenItReturnsNull" computerName="TFSBUILD11" duration="00:00:00.0160000" startTime="2015-09-28T09:45:55.2736636-07:00" endTime="2015-09-28T09:45:55.2736636-07:00" testType="13cdc9d9-ddb5-4fa4-a97d-d965ccfc6d4b" outcome="Passed" testListId="8c84fa94-04c1-424b-9868-57a2d4851a1d" relativeResultsDirectory="cabff700-f378-40c9-9877-8c8339c5b6bb" />
    <UnitTestResult executionId="c4fa34e2-1222-42d2-90a3-7990e00b5bdb" testId="182e75c8-0cec-4629-ac0f-ed08a3038f73" testName="TFSTests.RichText.CKEditorAsyncWrapper GivenIsInitialized_WhenGetValueIsCalled_ThenItGetsValueFromCKEditor" computerName="TFSBUILD11" duration="00:00:00.0220000" startTime="2015-09-28T09:45:55.2736636-07:00" endTime="2015-09-28T09:45:55.2736636-07:00" testType="13cdc9d9-ddb5-4fa4-a97d-d965ccfc6d4b" outcome="Passed" testListId="8c84fa94-04c1-424b-9868-57a2d4851a1d" relativeResultsDirectory="c4fa34e2-1222-42d2-90a3-7990e00b5bdb" />
    <UnitTestResult executionId="d4560f9f-94ba-4c81-bcf3-42602e95e121" testId="72b85ce0-c212-4fc9-929e-5f5c07821643" testName="TFSTests.RichText.CKEditorAsyncWrapper GivenIsNotInitialized_WhenGetValueIsCalled_ThenItReturnsNull" computerName="TFSBUILD11" duration="00:00:00.0160000" startTime="2015-09-28T09:45:55.4645611-07:00" endTime="2015-09-28T09:45:55.4645611-07:00" testType="13cdc9d9-ddb5-4fa4-a97d-d965ccfc6d4b" outcome="Passed" testListId="8c84fa94-04c1-424b-9868-57a2d4851a1d" relativeResultsDirectory="d4560f9f-94ba-4c81-bcf3-42602e95e121" />
    <UnitTestResult executionId="b7e39115-09dd-4262-8ba9-2d0d4fe26bd7" testId="38477bc7-f727-4378-8ed8-465e35e39fb9" testName="TFSTests.RichText.CKEditorAsyncWrapper GivenIsNotInitialized_WhenSetValueIsCalled_ThenItDoesNothing" computerName="TFSBUILD11" duration="00:00:00.0160000" startTime="2015-09-28T09:45:55.4645611-07:00" endTime="2015-09-28T09:45:55.4645611-07:00" testType="13cdc9d9-ddb5-4fa4-a97d-d965ccfc6d4b" outcome="Passed" testListId="8c84fa94-04c1-424b-9868-57a2d4851a1d" relativeResultsDirectory="b7e39115-09dd-4262-8ba9-2d0d4fe26bd7" />
    <UnitTestResult executionId="79e32717-4772-46f7-aa78-20469f96ea71" testId="39e3db34-b916-450c-aee3-bb32d8d5cc5e" testName="TFSTests.RichText.CKEditorAsyncWrapper GivenIsInitialized_WhenSetValueIsCalled_ThenItSetsTheValueOfCKEditor" computerName="TFSBUILD11" duration="00:00:00.0300000" startTime="2015-09-28T09:45:55.4645611-07:00" endTime="2015-09-28T09:45:55.4645611-07:00" testType="13cdc9d9-ddb5-4fa4-a97d-d965ccfc6d4b" outcome="Passed" testListId="8c84fa94-04c1-424b-9868-57a2d4851a1d" relativeResultsDirectory="79e32717-4772-46f7-aa78-20469f96ea71" />
    <UnitTestResult executionId="61df1af9-ac3f-4703-890a-4aa06757fda6" testId="9ff3a32e-6b86-4b14-9336-cbe90dbce7db" testName="TFSTests.RichText.CKEditorAsyncWrapper GivenIsNotInitialized_WhenIsReadOnlyIsSetAndThenRead_ThenTheValueReadIsTheValueWhichWasSet" computerName="TFSBUILD11" duration="00:00:00.0150000" startTime="2015-09-28T09:45:55.4645611-07:00" endTime="2015-09-28T09:45:55.4645611-07:00" testType="13cdc9d9-ddb5-4fa4-a97d-d965ccfc6d4b" outcome="Passed" testListId="8c84fa94-04c1-424b-9868-57a2d4851a1d" relativeResultsDirectory="61df1af9-ac3f-4703-890a-4aa06757fda6" />
    <UnitTestResult executionId="f456c022-6199-493c-9dc1-3328bdab8432" testId="715adb64-8ca6-45dc-a6a4-d199121a0237" testName="TFSTests.RichText.CKEditorAsyncWrapper GivenIsNotInitialized_WhenIsReadOnlyIsSetToTrue_ThenTheSettingIsAppliedToCKEditor" computerName="TFSBUILD11" duration="00:00:00.0220000" startTime="2015-09-28T09:45:55.4645611-07:00" endTime="2015-09-28T09:45:55.4645611-07:00" testType="13cdc9d9-ddb5-4fa4-a97d-d965ccfc6d4b" outcome="Passed" testListId="8c84fa94-04c1-424b-9868-57a2d4851a1d" relativeResultsDirectory="f456c022-6199-493c-9dc1-3328bdab8432" />
    <UnitTestResult executionId="f3075703-7d31-4c51-93e6-b3633a9fac16" testId="51476e41-e03f-4abb-86e2-b129d419aaf1" testName="TFSTests.RichText.CKEditorAsyncWrapper GivenIsNotInitialized_WhenIsReadOnlyIsSetToFalse_ThenTheSettingIsAppliedToCKEditor" computerName="TFSBUILD11" duration="00:00:00.0220000" startTime="2015-09-28T09:45:55.4645611-07:00" endTime="2015-09-28T09:45:55.4645611-07:00" testType="13cdc9d9-ddb5-4fa4-a97d-d965ccfc6d4b" outcome="Passed" testListId="8c84fa94-04c1-424b-9868-57a2d4851a1d" relativeResultsDirectory="f3075703-7d31-4c51-93e6-b3633a9fac16" />
    <UnitTestResult executionId="e362b27e-934f-47ec-af04-ebfe94932ebd" testId="f1afa840-18d5-4f83-b65d-ebcc65936095" testName="TFSTests.RichText.CKEditorAsyncWrapper GivenIsInitialized_WhenGetIsReadOnlyIsCalled_ItReturnsCKEditorsReadOnlyState" computerName="TFSBUILD11" duration="00:00:00.0220000" startTime="2015-09-28T09:45:55.4645611-07:00" endTime="2015-09-28T09:45:55.4645611-07:00" testType="13cdc9d9-ddb5-4fa4-a97d-d965ccfc6d4b" outcome="Passed" testListId="8c84fa94-04c1-424b-9868-57a2d4851a1d" relativeResultsDirectory="e362b27e-934f-47ec-af04-ebfe94932ebd" />
    <UnitTestResult executionId="21a8191e-9ea3-41fc-aade-0dd6261a4c74" testId="52a9cdae-d3c9-4fb9-9849-5eef8663899a" testName="TFSTests.RichText.CKEditorAsyncWrapper GivenIsInitialized_WhenSetIsReadOnlyIsCalled_ThenItSetsCKEditorsReadOnlyState" computerName="TFSBUILD11" duration="00:00:00.0220000" startTime="2015-09-28T09:45:55.4645611-07:00" endTime="2015-09-28T09:45:55.4645611-07:00" testType="13cdc9d9-ddb5-4fa4-a97d-d965ccfc6d4b" outcome="Passed" testListId="8c84fa94-04c1-424b-9868-57a2d4851a1d" relativeResultsDirectory="21a8191e-9ea3-41fc-aade-0dd6261a4c74" />
    <UnitTestResult executionId="f77096bd-972b-4911-b0b1-d1e8d756023d" testId="54e15567-a6d9-4d10-8468-edc7a03da28a" testName="TFSTests.RichText.CKEditorAsyncWrapper WhenSetDisableDoubleClickDialogsIsSetToTrue_ThenDoubleClickDialogsAreDisabled" computerName="TFSBUILD11" duration="00:00:00.0220000" startTime="2015-09-28T09:45:55.4645611-07:00" endTime="2015-09-28T09:45:55.4645611-07:00" testType="13cdc9d9-ddb5-4fa4-a97d-d965ccfc6d4b" outcome="Passed" testListId="8c84fa94-04c1-424b-9868-57a2d4851a1d" relativeResultsDirectory="f77096bd-972b-4911-b0b1-d1e8d756023d" />
    <UnitTestResult executionId="fe8ad1e0-23ad-43ad-a632-da3bf9350407" testId="bc925586-9b63-4aa7-8cd6-8f7c80b4cb22" testName="TFSTests.RichText.CKEditorAsyncWrapper WhenSetDisableDoubleClickDialogsIsSetToFalse_ThenDoubleClickDialogsAreNotDisabled" computerName="TFSBUILD11" duration="00:00:00.0220000" startTime="2015-09-28T09:45:55.6449559-07:00" endTime="2015-09-28T09:45:55.6449559-07:00" testType="13cdc9d9-ddb5-4fa4-a97d-d965ccfc6d4b" outcome="Passed" testListId="8c84fa94-04c1-424b-9868-57a2d4851a1d" relativeResultsDirectory="fe8ad1e0-23ad-43ad-a632-da3bf9350407" />
    <UnitTestResult executionId="93a4d97b-3fef-415e-953a-1cbda1bd6279" testId="c886307c-de71-49f0-90e3-2d8e00a11961" testName="TFSTests.RichText.CKEditorAsyncWrapper GivenIsNotInitialized_WhenFocusIsCalled_ThenItDoesNothing" computerName="TFSBUILD11" duration="00:00:00.0160000" startTime="2015-09-28T09:45:55.6449559-07:00" endTime="2015-09-28T09:45:55.6449559-07:00" testType="13cdc9d9-ddb5-4fa4-a97d-d965ccfc6d4b" outcome="Passed" testListId="8c84fa94-04c1-424b-9868-57a2d4851a1d" relativeResultsDirectory="93a4d97b-3fef-415e-953a-1cbda1bd6279" />
    <UnitTestResult executionId="d7c49ce1-fe83-4f2c-9fde-23bf4cdd968c" testId="3cd19133-71e8-4d3d-834a-b6028ec69135" testName="TFSTests.RichText.CKEditorAsyncWrapper GivenIsInitialized_WhenFocusIsCalled_ThenCKEditorIsFocusedAndTheFocusEventIsFired" computerName="TFSBUILD11" duration="00:00:00.0230000" startTime="2015-09-28T09:45:55.6449559-07:00" endTime="2015-09-28T09:45:55.6449559-07:00" testType="13cdc9d9-ddb5-4fa4-a97d-d965ccfc6d4b" outcome="Passed" testListId="8c84fa94-04c1-424b-9868-57a2d4851a1d" relativeResultsDirectory="d7c49ce1-fe83-4f2c-9fde-23bf4cdd968c" />
    <UnitTestResult executionId="6d5a479e-c571-418d-a9ae-7233c7d8b512" testId="3899855e-12e1-424c-b174-ea214e347880" testName="TFSTests.RichText.CKEditorAsyncWrapper GivenIsNotInitialized_WhenInsertHtmlIsCalled_ThenItReturnsFalse" computerName="TFSBUILD11" duration="00:00:00.0160000" startTime="2015-09-28T09:45:55.6449559-07:00" endTime="2015-09-28T09:45:55.6449559-07:00" testType="13cdc9d9-ddb5-4fa4-a97d-d965ccfc6d4b" outcome="Passed" testListId="8c84fa94-04c1-424b-9868-57a2d4851a1d" relativeResultsDirectory="6d5a479e-c571-418d-a9ae-7233c7d8b512" />
    <UnitTestResult executionId="3f6ea1f3-65ce-4f3a-b84d-8ea171ec28ae" testId="fecaced4-12eb-4a53-ae30-e43230334ac3" testName="TFSTests.RichText.CKEditorAsyncWrapper GivenIsInitialized_WheninsertHtmlIsCalled_ThenItInsertsTheElementAndReturnsTrue" computerName="TFSBUILD11" duration="00:00:00.0240000" startTime="2015-09-28T09:45:55.6449559-07:00" endTime="2015-09-28T09:45:55.6449559-07:00" testType="13cdc9d9-ddb5-4fa4-a97d-d965ccfc6d4b" outcome="Passed" testListId="8c84fa94-04c1-424b-9868-57a2d4851a1d" relativeResultsDirectory="3f6ea1f3-65ce-4f3a-b84d-8ea171ec28ae" />
    <UnitTestResult executionId="52e4e222-7a39-48ce-857b-ec3fa85f763b" testId="4fd8397c-3156-4bbe-b953-a2eec9998dd4" testName="TFSTests.RichText.CKEditorAsyncWrapper GivenIsNotInitialized_WhenExecCommandIsCalled_ThenItDoesNothing" computerName="TFSBUILD11" duration="00:00:00.0160000" startTime="2015-09-28T09:45:55.6449559-07:00" endTime="2015-09-28T09:45:55.6449559-07:00" testType="13cdc9d9-ddb5-4fa4-a97d-d965ccfc6d4b" outcome="Passed" testListId="8c84fa94-04c1-424b-9868-57a2d4851a1d" relativeResultsDirectory="52e4e222-7a39-48ce-857b-ec3fa85f763b" />
    <UnitTestResult executionId="41852a91-25dc-46e3-a1f3-ac14cd84973c" testId="8849e8d3-c07a-4b01-8edb-8b81d538b821" testName="TFSTests.RichText.CKEditorAsyncWrapper GivenIsInitialized_WhenExecCommandIsCalled_ThenItExecutesTheCommand" computerName="TFSBUILD11" duration="00:00:00.0220000" startTime="2015-09-28T09:45:55.6449559-07:00" endTime="2015-09-28T09:45:55.6449559-07:00" testType="13cdc9d9-ddb5-4fa4-a97d-d965ccfc6d4b" outcome="Passed" testListId="8c84fa94-04c1-424b-9868-57a2d4851a1d" relativeResultsDirectory="41852a91-25dc-46e3-a1f3-ac14cd84973c" />
    <UnitTestResult executionId="a6c04542-bed3-4eeb-8df3-7bee058c88da" testId="6f45db84-b4e0-4e14-977f-9bad9a3fa4d4" testName="TFSTests.RichText.CKEditorAsyncWrapper GivenIsNotInitialized_WhenGetSelectionIsCalled_ThenItReturnsNull" computerName="TFSBUILD11" duration="00:00:00.0160000" startTime="2015-09-28T09:45:55.6449559-07:00" endTime="2015-09-28T09:45:55.6449559-07:00" testType="13cdc9d9-ddb5-4fa4-a97d-d965ccfc6d4b" outcome="Passed" testListId="8c84fa94-04c1-424b-9868-57a2d4851a1d" relativeResultsDirectory="a6c04542-bed3-4eeb-8df3-7bee058c88da" />
    <UnitTestResult executionId="0c973966-939e-431e-a80a-b7ca90b9c2ad" testId="a79955d5-f3a6-46d4-ae29-50756ad73f86" testName="TFSTests.RichText.CKEditorAsyncWrapper GivenIsInitialized_WhenGetSelectionIsCalled_ThenItReturnsTheSelection" computerName="TFSBUILD11" duration="00:00:00.0220000" startTime="2015-09-28T09:45:55.6449559-07:00" endTime="2015-09-28T09:45:55.6449559-07:00" testType="13cdc9d9-ddb5-4fa4-a97d-d965ccfc6d4b" outcome="Passed" testListId="8c84fa94-04c1-424b-9868-57a2d4851a1d" relativeResultsDirectory="0c973966-939e-431e-a80a-b7ca90b9c2ad" />
    <UnitTestResult executionId="8d2bb531-6669-4eb5-87f7-d1dba0c559f6" testId="af8c1c9a-2f7f-4253-99b2-f8ad2eb7f344" testName="TFSTests.RichText.CKEditorAsyncWrapper GivenIsNotInitialized_WhenGetDocumentIsCalled_ThenItReturnsNull" computerName="TFSBUILD11" duration="00:00:00.0170000" startTime="2015-09-28T09:45:55.8210270-07:00" endTime="2015-09-28T09:45:55.8210270-07:00" testType="13cdc9d9-ddb5-4fa4-a97d-d965ccfc6d4b" outcome="Passed" testListId="8c84fa94-04c1-424b-9868-57a2d4851a1d" relativeResultsDirectory="8d2bb531-6669-4eb5-87f7-d1dba0c559f6" />
    <UnitTestResult executionId="e5ce8f8a-3630-456e-8914-06cc6d4b9faf" testId="8cf235be-da26-4f56-8e8a-4584f18532fc" testName="TFSTests.RichText.CKEditorAsyncWrapper GivenIsInitialized_WhenGetDocumentIsCalled_ThenItGetsTheDocument" computerName="TFSBUILD11" duration="00:00:00.0210000" startTime="2015-09-28T09:45:55.8210270-07:00" endTime="2015-09-28T09:45:55.8210270-07:00" testType="13cdc9d9-ddb5-4fa4-a97d-d965ccfc6d4b" outcome="Passed" testListId="8c84fa94-04c1-424b-9868-57a2d4851a1d" relativeResultsDirectory="e5ce8f8a-3630-456e-8914-06cc6d4b9faf" />
    <UnitTestResult executionId="566fcf8c-e12b-4b90-8c07-86304209fb42" testId="db44d2be-6c6d-4fd6-87b6-946929a97afa" testName="TFSTests.RichText.CKEditorAsyncWrapper GivenIsNotInitialized_WhenGetWindowIsCalled_ThenItReturnsNull" computerName="TFSBUILD11" duration="00:00:00.0160000" startTime="2015-09-28T09:45:55.8210270-07:00" endTime="2015-09-28T09:45:55.8210270-07:00" testType="13cdc9d9-ddb5-4fa4-a97d-d965ccfc6d4b" outcome="Passed" testListId="8c84fa94-04c1-424b-9868-57a2d4851a1d" relativeResultsDirectory="566fcf8c-e12b-4b90-8c07-86304209fb42" />
    <UnitTestResult executionId="d7eae52a-896a-4de8-bc86-ca7f7df2d9ea" testId="8914ca7f-e54c-4f12-bb8a-bff3f3734c82" testName="TFSTests.RichText.CKEditorAsyncWrapper GivenIsInitialized_WhenGetWindowIsCalled_ThenItGetsTheWindow" computerName="TFSBUILD11" duration="00:00:00.0220000" startTime="2015-09-28T09:45:55.8210270-07:00" endTime="2015-09-28T09:45:55.8210270-07:00" testType="13cdc9d9-ddb5-4fa4-a97d-d965ccfc6d4b" outcome="Passed" testListId="8c84fa94-04c1-424b-9868-57a2d4851a1d" relativeResultsDirectory="d7eae52a-896a-4de8-bc86-ca7f7df2d9ea" />
    <UnitTestResult executionId="35c574c1-a0cc-4d7d-9457-4bc49f6d623c" testId="63f3dfe7-c5b5-49e2-9605-dfbaf08f4318" testName="TFSTests.RichText.CKEditorAsyncWrapper GivenIsNotInitialized_WhenGetContainerIsCalled_ThenItReturnsNull" computerName="TFSBUILD11" duration="00:00:00.0160000" startTime="2015-09-28T09:45:55.8210270-07:00" endTime="2015-09-28T09:45:55.8210270-07:00" testType="13cdc9d9-ddb5-4fa4-a97d-d965ccfc6d4b" outcome="Passed" testListId="8c84fa94-04c1-424b-9868-57a2d4851a1d" relativeResultsDirectory="35c574c1-a0cc-4d7d-9457-4bc49f6d623c" />
    <UnitTestResult executionId="29744d6c-b675-40ef-9597-70690522ab77" testId="7fad43ca-8958-4acd-8904-85a8438b2921" testName="TFSTests.RichText.CKEditorAsyncWrapper GivenIsInitialized_WhenGetContainerIsCalled_ThenItGetsTheContainer" computerName="TFSBUILD11" duration="00:00:00.0230000" startTime="2015-09-28T09:45:55.8210270-07:00" endTime="2015-09-28T09:45:55.8210270-07:00" testType="13cdc9d9-ddb5-4fa4-a97d-d965ccfc6d4b" outcome="Passed" testListId="8c84fa94-04c1-424b-9868-57a2d4851a1d" relativeResultsDirectory="29744d6c-b675-40ef-9597-70690522ab77" />
    <UnitTestResult executionId="a443648e-364f-477a-afab-a9273e41ffe9" testId="f93a98b4-a21d-4f8b-86e5-d9063ac99422" testName="TFSTests.RichText.CKEditorAsyncWrapper GivenIsNotDisposed_WhenDisposeIsCalled_ThenItDestroysCKEditor" computerName="TFSBUILD11" duration="00:00:00.0220000" startTime="2015-09-28T09:45:55.8210270-07:00" endTime="2015-09-28T09:45:55.8210270-07:00" testType="13cdc9d9-ddb5-4fa4-a97d-d965ccfc6d4b" outcome="Passed" testListId="8c84fa94-04c1-424b-9868-57a2d4851a1d" relativeResultsDirectory="a443648e-364f-477a-afab-a9273e41ffe9" />
    <UnitTestResult executionId="68f0e1d3-c774-4108-b69a-34d24b7f87ec" testId="6bb4fbcf-dfa5-48ee-a120-8320f9e841f7" testName="TFSTests.RichText.CKEditorAsyncWrapper GivenIsNotInitialized_WhenDisposeIsCalled_ThenItDoesNothing" computerName="TFSBUILD11" duration="00:00:00.0160000" startTime="2015-09-28T09:45:55.8210270-07:00" endTime="2015-09-28T09:45:55.8210270-07:00" testType="13cdc9d9-ddb5-4fa4-a97d-d965ccfc6d4b" outcome="Passed" testListId="8c84fa94-04c1-424b-9868-57a2d4851a1d" relativeResultsDirectory="68f0e1d3-c774-4108-b69a-34d24b7f87ec" />
    <UnitTestResult executionId="58b2f71c-038b-433c-8bf7-d300bd2af3c2" testId="b5a4898f-ab22-459c-9836-deb2daa40632" testName="TFSTests.RichText.CKEditorAsyncWrapper GivenIsDisposed_WhenDisposeIsCalled_ThenItDoesNothing" computerName="TFSBUILD11" duration="00:00:00.0210000" startTime="2015-09-28T09:45:55.8210270-07:00" endTime="2015-09-28T09:45:55.8210270-07:00" testType="13cdc9d9-ddb5-4fa4-a97d-d965ccfc6d4b" outcome="Passed" testListId="8c84fa94-04c1-424b-9868-57a2d4851a1d" relativeResultsDirectory="58b2f71c-038b-433c-8bf7-d300bd2af3c2" />
    <UnitTestResult executionId="427c20dd-2138-4491-af17-ad3cfecc7310" testId="d0530d09-9596-4751-9a0e-a0a26931fd00" testName="TFSTests.RichText.CKEditorAdapter WhenDisposeIsCalled_ThenDisposesEditor" computerName="TFSBUILD11" duration="00:00:00.0180000" startTime="2015-09-28T09:45:55.9963823-07:00" endTime="2015-09-28T09:45:55.9963823-07:00" testType="13cdc9d9-ddb5-4fa4-a97d-d965ccfc6d4b" outcome="Passed" testListId="8c84fa94-04c1-424b-9868-57a2d4851a1d" relativeResultsDirectory="427c20dd-2138-4491-af17-ad3cfecc7310" />
    <UnitTestResult executionId="bb841ddd-4182-4b4a-ad01-5bd8ee7df5fd" testId="11d76f5f-bb5a-4d98-bf8a-97cbf6006eb1" testName="TFSTests.RichText.CKEditorAdapter GivenSetValueHasBeenCalled_WhenGetValueIsCalledImmediatelyAfter_ThenTheValueWhichWasPassedToSetValueIsReturned" computerName="TFSBUILD11" duration="00:00:00.0170000" startTime="2015-09-28T09:45:55.9963823-07:00" endTime="2015-09-28T09:45:55.9963823-07:00" testType="13cdc9d9-ddb5-4fa4-a97d-d965ccfc6d4b" outcome="Passed" testListId="8c84fa94-04c1-424b-9868-57a2d4851a1d" relativeResultsDirectory="bb841ddd-4182-4b4a-ad01-5bd8ee7df5fd" />
    <UnitTestResult executionId="8fcf9706-a3ce-40c2-8ea7-82ba965f911b" testId="36deaf35-a1de-4b67-98aa-0a5b02b54a51" testName="TFSTests.RichText.CKEditorAdapter GivenInBetweenEditorsSetValueBeingCalledAndTheContentDomEvent_WhenGetValueIsCalled_ThenTheValueWhichWasPassedToSetValueIsReturned" computerName="TFSBUILD11" duration="00:00:00.0290000" startTime="2015-09-28T09:45:55.9963823-07:00" endTime="2015-09-28T09:45:55.9963823-07:00" testType="13cdc9d9-ddb5-4fa4-a97d-d965ccfc6d4b" outcome="Passed" testListId="8c84fa94-04c1-424b-9868-57a2d4851a1d" relativeResultsDirectory="8fcf9706-a3ce-40c2-8ea7-82ba965f911b" />
    <UnitTestResult executionId="58d143d4-758a-44ff-a4a3-47aa1c54ca87" testId="cfb279fd-8784-43d8-ace4-86462e89f5cf" testName="TFSTests.RichText.CKEditorAdapter GivenAValueHasBeenFullyLoaded_WhenGetValueIsCalled_ThenTheEditorsValueIsReturned" computerName="TFSBUILD11" duration="00:00:00.0180000" startTime="2015-09-28T09:45:55.9963823-07:00" endTime="2015-09-28T09:45:55.9963823-07:00" testType="13cdc9d9-ddb5-4fa4-a97d-d965ccfc6d4b" outcome="Passed" testListId="8c84fa94-04c1-424b-9868-57a2d4851a1d" relativeResultsDirectory="58d143d4-758a-44ff-a4a3-47aa1c54ca87" />
    <UnitTestResult executionId="297b1596-c7fe-4ea2-98b3-b5d93efab696" testId="a0fe8046-ee00-406e-9c27-2efa47e634d0" testName="TFSTests.RichText.CKEditorAdapter GivenEditorIsNotReady_WhenOnceReadyIsCalled_ThenHandlerIsInvokedAfterEditorIsReady" computerName="TFSBUILD11" duration="00:00:00.0180000" startTime="2015-09-28T09:45:55.9963823-07:00" endTime="2015-09-28T09:45:55.9963823-07:00" testType="13cdc9d9-ddb5-4fa4-a97d-d965ccfc6d4b" outcome="Passed" testListId="8c84fa94-04c1-424b-9868-57a2d4851a1d" relativeResultsDirectory="297b1596-c7fe-4ea2-98b3-b5d93efab696" />
    <UnitTestResult executionId="8e754f9c-7459-46a7-a87c-5759f67c8ae3" testId="f8a935af-69fb-4c43-9b31-f1ad145bce0f" testName="TFSTests.RichText.CKEditorAdapter GivenEditorIsReady_WhenOnceReadyIsCalled_ThenHandlerIsInvoked" computerName="TFSBUILD11" duration="00:00:00.0180000" startTime="2015-09-28T09:45:55.9963823-07:00" endTime="2015-09-28T09:45:55.9963823-07:00" testType="13cdc9d9-ddb5-4fa4-a97d-d965ccfc6d4b" outcome="Passed" testListId="8c84fa94-04c1-424b-9868-57a2d4851a1d" relativeResultsDirectory="8e754f9c-7459-46a7-a87c-5759f67c8ae3" />
    <UnitTestResult executionId="84034b83-0305-4067-a9dd-e5c47614f22f" testId="3d3a9564-693c-4707-9403-dacbb9232567" testName="TFSTests.RichText.CKEditorAdapter Given editor is not ready and there is a ready handler which calls setValue, When that handler is invoked, Then all subsequent handlers are only invoked when the editor is ready again" computerName="TFSBUILD11" duration="00:00:00.0180000" startTime="2015-09-28T09:45:55.9963823-07:00" endTime="2015-09-28T09:45:55.9963823-07:00" testType="13cdc9d9-ddb5-4fa4-a97d-d965ccfc6d4b" outcome="Passed" testListId="8c84fa94-04c1-424b-9868-57a2d4851a1d" relativeResultsDirectory="84034b83-0305-4067-a9dd-e5c47614f22f" />
    <UnitTestResult executionId="a8577d2f-434a-4dcf-ab17-c4f219d5dafd" testId="85e1f0bf-0950-4270-96b5-a39d8330dd88" testName="TFSTests.RichText.CKEditorAdapter WhenOnBlurIsCalled_ThenHandlerIsAttachedToTheBlurEvent" computerName="TFSBUILD11" duration="00:00:00.0180000" startTime="2015-09-28T09:45:55.9963823-07:00" endTime="2015-09-28T09:45:55.9963823-07:00" testType="13cdc9d9-ddb5-4fa4-a97d-d965ccfc6d4b" outcome="Passed" testListId="8c84fa94-04c1-424b-9868-57a2d4851a1d" relativeResultsDirectory="a8577d2f-434a-4dcf-ab17-c4f219d5dafd" />
    <UnitTestResult executionId="530eaff7-07e7-4ca5-b301-a5adeecd6b83" testId="10a2fa65-c033-43e2-8fa0-6addc499483c" testName="TFSTests.RichText.CKEditorAdapter WhenOffBlurIsCalled_ThenBlurEventHandlersAreRemoved" computerName="TFSBUILD11" duration="00:00:00.0170000" startTime="2015-09-28T09:45:55.9963823-07:00" endTime="2015-09-28T09:45:55.9963823-07:00" testType="13cdc9d9-ddb5-4fa4-a97d-d965ccfc6d4b" outcome="Passed" testListId="8c84fa94-04c1-424b-9868-57a2d4851a1d" relativeResultsDirectory="530eaff7-07e7-4ca5-b301-a5adeecd6b83" />
    <UnitTestResult executionId="6da4262a-8285-40a0-9f5c-517f37ec7aac" testId="60e8fd39-761e-4c04-a229-90cb23d396e5" testName="TFSTests.RichText.CKEditorAdapter WhenOnFocusIsCalled_ThenHandlerIsAttachedToTheFocusEvent" computerName="TFSBUILD11" duration="00:00:00.0170000" startTime="2015-09-28T09:45:56.1724989-07:00" endTime="2015-09-28T09:45:56.1724989-07:00" testType="13cdc9d9-ddb5-4fa4-a97d-d965ccfc6d4b" outcome="Passed" testListId="8c84fa94-04c1-424b-9868-57a2d4851a1d" relativeResultsDirectory="6da4262a-8285-40a0-9f5c-517f37ec7aac" />
    <UnitTestResult executionId="3caa0437-cbb4-454c-9384-fe320fbbd12f" testId="f7f6ca3f-b5e2-42c2-80bd-a11e9b188de4" testName="TFSTests.RichText.CKEditorAdapter WhenOffFocusIsCalled_ThenFocusEventHandlersAreRemoved" computerName="TFSBUILD11" duration="00:00:00.0170000" startTime="2015-09-28T09:45:56.1724989-07:00" endTime="2015-09-28T09:45:56.1724989-07:00" testType="13cdc9d9-ddb5-4fa4-a97d-d965ccfc6d4b" outcome="Passed" testListId="8c84fa94-04c1-424b-9868-57a2d4851a1d" relativeResultsDirectory="3caa0437-cbb4-454c-9384-fe320fbbd12f" />
    <UnitTestResult executionId="30e88996-06ff-4351-a482-2dfe2d5da4c6" testId="3a535ccb-3762-4640-948b-f2c6fe5b7092" testName="TFSTests.RichText.CKEditorAdapter WhenBodyOnIsCalled_ThenHandlerIsAttachedToTheBodyEvent" computerName="TFSBUILD11" duration="00:00:00.0210000" startTime="2015-09-28T09:45:56.1724989-07:00" endTime="2015-09-28T09:45:56.1724989-07:00" testType="13cdc9d9-ddb5-4fa4-a97d-d965ccfc6d4b" outcome="Passed" testListId="8c84fa94-04c1-424b-9868-57a2d4851a1d" relativeResultsDirectory="30e88996-06ff-4351-a482-2dfe2d5da4c6" />
    <UnitTestResult executionId="004268af-0d7a-4a8f-9309-fef9b295dd9c" testId="e2b991d0-0177-4fb2-ae2b-b8c5903aa644" testName="TFSTests.RichText.CKEditorAdapter WhenBodyOffIsCalled_ThenTheBodyEventHandlersAreRemoved" computerName="TFSBUILD11" duration="00:00:00.0190000" startTime="2015-09-28T09:45:56.1724989-07:00" endTime="2015-09-28T09:45:56.1724989-07:00" testType="13cdc9d9-ddb5-4fa4-a97d-d965ccfc6d4b" outcome="Passed" testListId="8c84fa94-04c1-424b-9868-57a2d4851a1d" relativeResultsDirectory="004268af-0d7a-4a8f-9309-fef9b295dd9c" />
    <UnitTestResult executionId="e5c4719c-9a13-4404-a282-58dca720cbd7" testId="bed82b39-07e8-4dba-83a0-ec3381329b1c" testName="TFSTests.RichText.CKEditorAdapter WhenAnchorOnIsCalled_ThenHandlerIsAttachedToTheAnchorEvent" computerName="TFSBUILD11" duration="00:00:00.0210000" startTime="2015-09-28T09:45:56.1724989-07:00" endTime="2015-09-28T09:45:56.1724989-07:00" testType="13cdc9d9-ddb5-4fa4-a97d-d965ccfc6d4b" outcome="Passed" testListId="8c84fa94-04c1-424b-9868-57a2d4851a1d" relativeResultsDirectory="e5c4719c-9a13-4404-a282-58dca720cbd7" />
    <UnitTestResult executionId="f045031b-e2c8-46ae-aa61-662bc4ff274a" testId="467484c4-c923-4941-b48c-96107c749325" testName="TFSTests.RichText.CKEditorAdapter WhenAnchorOffIsCalled_ThenTheAnchorEventHandlersAreRemoved" computerName="TFSBUILD11" duration="00:00:00.0190000" startTime="2015-09-28T09:45:56.1724989-07:00" endTime="2015-09-28T09:45:56.1724989-07:00" testType="13cdc9d9-ddb5-4fa4-a97d-d965ccfc6d4b" outcome="Passed" testListId="8c84fa94-04c1-424b-9868-57a2d4851a1d" relativeResultsDirectory="f045031b-e2c8-46ae-aa61-662bc4ff274a" />
    <UnitTestResult executionId="2b4fdb56-0b1a-4f54-80ef-2553c3d06e78" testId="d7bfd5c0-aecd-46eb-af61-d3ff8501f6fc" testName="TFSTests.RichText.CKEditorAdapter WhenSetIsReadOnlyIsCalled_ThenItSetsTheReadOnlyState" computerName="TFSBUILD11" duration="00:00:00.0190000" startTime="2015-09-28T09:45:56.1724989-07:00" endTime="2015-09-28T09:45:56.1724989-07:00" testType="13cdc9d9-ddb5-4fa4-a97d-d965ccfc6d4b" outcome="Passed" testListId="8c84fa94-04c1-424b-9868-57a2d4851a1d" relativeResultsDirectory="2b4fdb56-0b1a-4f54-80ef-2553c3d06e78" />
    <UnitTestResult executionId="a957502a-1631-4453-aa0e-0d297a72657c" testId="bc812c3a-063d-4eda-9dbc-a16d2508e35b" testName="TFSTests.RichText.CKEditorAdapter WhenInsertImageIsCalled_ThenItInsertsTheImage" computerName="TFSBUILD11" duration="00:00:00.0200000" startTime="2015-09-28T09:45:56.1724989-07:00" endTime="2015-09-28T09:45:56.1724989-07:00" testType="13cdc9d9-ddb5-4fa4-a97d-d965ccfc6d4b" outcome="Passed" testListId="8c84fa94-04c1-424b-9868-57a2d4851a1d" relativeResultsDirectory="a957502a-1631-4453-aa0e-0d297a72657c" />
    <UnitTestResult executionId="115061ca-9951-45a9-b9be-d1f586e37337" testId="c43d3263-9b12-4019-a78b-cba577ce95fd" testName="TFSTests.RichText.CKEditorAdapter WhenInsertLinkIsCalled_ThenItInsertsTheLink" computerName="TFSBUILD11" duration="00:00:00.0190000" startTime="2015-09-28T09:45:56.1724989-07:00" endTime="2015-09-28T09:45:56.1724989-07:00" testType="13cdc9d9-ddb5-4fa4-a97d-d965ccfc6d4b" outcome="Passed" testListId="8c84fa94-04c1-424b-9868-57a2d4851a1d" relativeResultsDirectory="115061ca-9951-45a9-b9be-d1f586e37337" />
    <UnitTestResult executionId="6c68ae8b-238c-4a36-9522-87d67963182a" testId="54ae552b-f779-4777-b224-296bb0468394" testName="TFSTests.RichText.CKEditorAdapter GivenEditorDocumentDoesNotExist_WhenUnlinkIsCalled_ThenItDoesNothing" computerName="TFSBUILD11" duration="00:00:00.0190000" startTime="2015-09-28T09:45:56.3489362-07:00" endTime="2015-09-28T09:45:56.3489362-07:00" testType="13cdc9d9-ddb5-4fa4-a97d-d965ccfc6d4b" outcome="Passed" testListId="8c84fa94-04c1-424b-9868-57a2d4851a1d" relativeResultsDirectory="6c68ae8b-238c-4a36-9522-87d67963182a" />
    <UnitTestResult executionId="b489f266-7c0a-4204-8347-563945533ecb" testId="b7bd8a48-e852-4689-ab0a-d040ec56673c" testName="TFSTests.RichText.CKEditorAdapter GivenEditorDocumentExists_WhenUnlinkIsCalled_ThenItExecutesTheUnlinkCommand" computerName="TFSBUILD11" duration="00:00:00.0170000" startTime="2015-09-28T09:45:56.3489362-07:00" endTime="2015-09-28T09:45:56.3489362-07:00" testType="13cdc9d9-ddb5-4fa4-a97d-d965ccfc6d4b" outcome="Passed" testListId="8c84fa94-04c1-424b-9868-57a2d4851a1d" relativeResultsDirectory="b489f266-7c0a-4204-8347-563945533ecb" />
    <UnitTestResult executionId="4c827568-a1e2-4302-b461-bcef2bac3fbf" testId="e6764aaf-ea37-4566-b164-ef7589fc531a" testName="TFSTests.RichText.CKEditorAdapter GivenEditorDocumentDoesNotExist_WhenGetDocumentIsCalled_ThenItReturnsNull" computerName="TFSBUILD11" duration="00:00:00.0190000" startTime="2015-09-28T09:45:56.3489362-07:00" endTime="2015-09-28T09:45:56.3489362-07:00" testType="13cdc9d9-ddb5-4fa4-a97d-d965ccfc6d4b" outcome="Passed" testListId="8c84fa94-04c1-424b-9868-57a2d4851a1d" relativeResultsDirectory="4c827568-a1e2-4302-b461-bcef2bac3fbf" />
    <UnitTestResult executionId="1473b5bc-0783-489e-89f3-835d7a2d77ce" testId="1b4bf6bc-8cdd-4244-ba4d-d332dfe2f2d1" testName="TFSTests.RichText.CKEditorAdapter GivenEditorDocumentExists_WhenGetDocumentIsCalled_ThenItReturnsTheDocument" computerName="TFSBUILD11" duration="00:00:00.0190000" startTime="2015-09-28T09:45:56.3489362-07:00" endTime="2015-09-28T09:45:56.3489362-07:00" testType="13cdc9d9-ddb5-4fa4-a97d-d965ccfc6d4b" outcome="Passed" testListId="8c84fa94-04c1-424b-9868-57a2d4851a1d" relativeResultsDirectory="1473b5bc-0783-489e-89f3-835d7a2d77ce" />
    <UnitTestResult executionId="15ba4bdf-75c2-490b-bdc7-89ff4e8b6933" testId="2ef9d163-58bc-44fd-838e-81aadca26af1" testName="TFSTests.RichText.CKEditorAdapter GivenEditorWindowDoesNotExist_WhenGetWindowIsCalled_ThenItReturnsNull" computerName="TFSBUILD11" duration="00:00:00.0200000" startTime="2015-09-28T09:45:56.3489362-07:00" endTime="2015-09-28T09:45:56.3489362-07:00" testType="13cdc9d9-ddb5-4fa4-a97d-d965ccfc6d4b" outcome="Passed" testListId="8c84fa94-04c1-424b-9868-57a2d4851a1d" relativeResultsDirectory="15ba4bdf-75c2-490b-bdc7-89ff4e8b6933" />
    <UnitTestResult executionId="862ba082-fae6-4331-9662-1a51030ff91f" testId="c29a308e-5933-4ffc-a259-cf1d00a5a12d" testName="TFSTests.RichText.CKEditorAdapter GivenEditorWindowExists_WhenGetWindowIsCalled_ThenItReturnsTheWindow" computerName="TFSBUILD11" duration="00:00:00.0190000" startTime="2015-09-28T09:45:56.3489362-07:00" endTime="2015-09-28T09:45:56.3489362-07:00" testType="13cdc9d9-ddb5-4fa4-a97d-d965ccfc6d4b" outcome="Passed" testListId="8c84fa94-04c1-424b-9868-57a2d4851a1d" relativeResultsDirectory="862ba082-fae6-4331-9662-1a51030ff91f" />
    <UnitTestResult executionId="3bc03f45-d831-4d15-afcb-f98a338625e4" testId="e8ca268c-703f-4e2d-ad07-5014c92132a3" testName="TFSTests.RichText.CKEditorAdapter WhenFocusIsCalled_ThenItFocusesTheEditor" computerName="TFSBUILD11" duration="00:00:00.0190000" startTime="2015-09-28T09:45:56.3489362-07:00" endTime="2015-09-28T09:45:56.3489362-07:00" testType="13cdc9d9-ddb5-4fa4-a97d-d965ccfc6d4b" outcome="Passed" testListId="8c84fa94-04c1-424b-9868-57a2d4851a1d" relativeResultsDirectory="3bc03f45-d831-4d15-afcb-f98a338625e4" />
    <UnitTestResult executionId="e86031b9-7246-491b-94a1-905d638623de" testId="e1111fa4-5ad7-4d30-b01c-d6c1edcf52d4" testName="TFSTests.RichText.CKEditorAdapter WhenExecCommandIsCalled_ThenItMapsTheCommandToACKEditorCommandAndThenExecutesIt" computerName="TFSBUILD11" duration="00:00:00.0190000" startTime="2015-09-28T09:45:56.3489362-07:00" endTime="2015-09-28T09:45:56.3489362-07:00" testType="13cdc9d9-ddb5-4fa4-a97d-d965ccfc6d4b" outcome="Passed" testListId="8c84fa94-04c1-424b-9868-57a2d4851a1d" relativeResultsDirectory="e86031b9-7246-491b-94a1-905d638623de" />
    <UnitTestResult executionId="f3b6b4f8-6bf6-4454-acd4-67e3f9c9b545" testId="98374e23-77a9-4ace-90ee-2a643d64fcb0" testName="TFSTests.RichText.CKEditorAdapter GivenToggleBodyClassWasCalledToTurnOnAClass_WhenTheEditorContentDomEventFires_ThenTheClassIsAddedToTheBody" computerName="TFSBUILD11" duration="00:00:00.0200000" startTime="2015-09-28T09:45:56.3489362-07:00" endTime="2015-09-28T09:45:56.3489362-07:00" testType="13cdc9d9-ddb5-4fa4-a97d-d965ccfc6d4b" outcome="Passed" testListId="8c84fa94-04c1-424b-9868-57a2d4851a1d" relativeResultsDirectory="f3b6b4f8-6bf6-4454-acd4-67e3f9c9b545" />
    <UnitTestResult executionId="2cf10abb-e594-4364-a551-3c08291baaae" testId="baf4891d-10f1-4837-ac20-541687d84103" testName="TFSTests.RichText.CKEditorAdapter GivenToggleIFrameClassWasCalledToTurnOnAClass_WhenTheEditorLoadedEventFires_ThenTheClassIsAddedToTheIFrame" computerName="TFSBUILD11" duration="00:00:00.0220000" startTime="2015-09-28T09:45:56.5228285-07:00" endTime="2015-09-28T09:45:56.5228285-07:00" testType="13cdc9d9-ddb5-4fa4-a97d-d965ccfc6d4b" outcome="Passed" testListId="8c84fa94-04c1-424b-9868-57a2d4851a1d" relativeResultsDirectory="2cf10abb-e594-4364-a551-3c08291baaae" />
    <UnitTestResult executionId="c58542eb-20c6-4dee-bdf0-8cf6d9afba95" testId="e7c5a262-65d9-407f-9828-b8c0424703b5" testName="TFSTests.RichText.CKEditorAdapter WhenInitializeEditorIsCalled_ThenEditorIsInitialized" computerName="TFSBUILD11" duration="00:00:00.0400000" startTime="2015-09-28T09:45:56.5228285-07:00" endTime="2015-09-28T09:45:56.5228285-07:00" testType="13cdc9d9-ddb5-4fa4-a97d-d965ccfc6d4b" outcome="Passed" testListId="8c84fa94-04c1-424b-9868-57a2d4851a1d" relativeResultsDirectory="c58542eb-20c6-4dee-bdf0-8cf6d9afba95" />
    <UnitTestResult executionId="d0d7796b-65fc-46b0-b717-f1e9e9557fc8" testId="6bf2d23a-7d55-4620-b6f6-5a050f2b8819" testName="TFSTests.RichText.CKEditorAdapter When SetValue is called, Then ScrollPosition is saved and restored" computerName="TFSBUILD11" duration="00:00:00.0190000" startTime="2015-09-28T09:45:56.5228285-07:00" endTime="2015-09-28T09:45:56.5228285-07:00" testType="13cdc9d9-ddb5-4fa4-a97d-d965ccfc6d4b" outcome="Passed" testListId="8c84fa94-04c1-424b-9868-57a2d4851a1d" relativeResultsDirectory="d0d7796b-65fc-46b0-b717-f1e9e9557fc8" />
    <UnitTestResult executionId="33feab09-e891-488d-8400-0a0f1dbc23d3" testId="031f85a8-434d-4b2f-8d14-0130d8b916bc" testName="TfsTests.OM.IdentityMru TestUnionMruListSort" computerName="TFSBUILD11" duration="00:00:00.0150000" startTime="2015-09-28T09:45:56.5228285-07:00" endTime="2015-09-28T09:45:56.5228285-07:00" testType="13cdc9d9-ddb5-4fa4-a97d-d965ccfc6d4b" outcome="Passed" testListId="8c84fa94-04c1-424b-9868-57a2d4851a1d" relativeResultsDirectory="33feab09-e891-488d-8400-0a0f1dbc23d3" />
    <UnitTestResult executionId="6cb4d3b2-68a3-4106-8910-5727ebcef820" testId="c8baefb3-c665-46c3-93be-d73dd83dcda7" testName="TfsTests.OM.IdentityMru TestUnionMruListsNoCommonItemNoSort" computerName="TFSBUILD11" duration="00:00:00.0140000" startTime="2015-09-28T09:45:56.5228285-07:00" endTime="2015-09-28T09:45:56.5228285-07:00" testType="13cdc9d9-ddb5-4fa4-a97d-d965ccfc6d4b" outcome="Passed" testListId="8c84fa94-04c1-424b-9868-57a2d4851a1d" relativeResultsDirectory="6cb4d3b2-68a3-4106-8910-5727ebcef820" />
    <UnitTestResult executionId="6b09b343-228b-4a87-85e8-b3bdaab1c2dc" testId="b1e7430f-addb-469a-b9aa-dfcdf040d008" testName="TfsTests.OM.IdentityMru TestUnionMruListsCommonItemNoSort" computerName="TFSBUILD11" duration="00:00:00.0140000" startTime="2015-09-28T09:45:56.5228285-07:00" endTime="2015-09-28T09:45:56.5228285-07:00" testType="13cdc9d9-ddb5-4fa4-a97d-d965ccfc6d4b" outcome="Passed" testListId="8c84fa94-04c1-424b-9868-57a2d4851a1d" relativeResultsDirectory="6b09b343-228b-4a87-85e8-b3bdaab1c2dc" />
    <UnitTestResult executionId="64ae2834-2f51-4045-b4d8-7f825e416d62" testId="27b5d4ee-96c7-4bfe-996c-88a9e07283a9" testName="TfsTests.OM.IdentityMru TestSubtractMruListsNoCommonItemNoSort" computerName="TFSBUILD11" duration="00:00:00.0140000" startTime="2015-09-28T09:45:56.5228285-07:00" endTime="2015-09-28T09:45:56.5228285-07:00" testType="13cdc9d9-ddb5-4fa4-a97d-d965ccfc6d4b" outcome="Passed" testListId="8c84fa94-04c1-424b-9868-57a2d4851a1d" relativeResultsDirectory="64ae2834-2f51-4045-b4d8-7f825e416d62" />
    <UnitTestResult executionId="412ecbed-7434-4e3e-bb3f-94747898d356" testId="31fc29fc-5188-41b6-97e6-6149169e1ae3" testName="TfsTests.OM.IdentityMru TestSubtractMruListsCommonItemNoSort" computerName="TFSBUILD11" duration="00:00:00.0140000" startTime="2015-09-28T09:45:56.5228285-07:00" endTime="2015-09-28T09:45:56.5228285-07:00" testType="13cdc9d9-ddb5-4fa4-a97d-d965ccfc6d4b" outcome="Passed" testListId="8c84fa94-04c1-424b-9868-57a2d4851a1d" relativeResultsDirectory="412ecbed-7434-4e3e-bb3f-94747898d356" />
    <UnitTestResult executionId="f70fedd6-6e71-4c3b-88dd-f47aef440bc0" testId="777ecb6d-333b-412f-9a9f-3c3f8ca27fc6" testName="TfsTests.OM.IdentityMru TestIsItemInMru" computerName="TFSBUILD11" duration="00:00:00.0150000" startTime="2015-09-28T09:45:56.5228285-07:00" endTime="2015-09-28T09:45:56.5228285-07:00" testType="13cdc9d9-ddb5-4fa4-a97d-d965ccfc6d4b" outcome="Passed" testListId="8c84fa94-04c1-424b-9868-57a2d4851a1d" relativeResultsDirectory="f70fedd6-6e71-4c3b-88dd-f47aef440bc0" />
    <UnitTestResult executionId="7a05787d-71c6-4ca2-a5d1-9f4ca09131b3" testId="01cfce44-5c76-460a-a3c5-205a8a08300c" testName="TFSTests.ContentRendering WillRegisterMarkdownExtensionToFactory" computerName="TFSBUILD11" duration="00:00:00.0140000" startTime="2015-09-28T09:45:56.6719167-07:00" endTime="2015-09-28T09:45:56.6719167-07:00" testType="13cdc9d9-ddb5-4fa4-a97d-d965ccfc6d4b" outcome="Passed" testListId="8c84fa94-04c1-424b-9868-57a2d4851a1d" relativeResultsDirectory="7a05787d-71c6-4ca2-a5d1-9f4ca09131b3" />
    <UnitTestResult executionId="6452a180-d5e8-464f-bc6f-c68d6a582520" testId="1a960efe-f058-4d1c-aba0-2d3e8e86f10a" testName="TFSTests.ContentRendering WillRegisterMarkdownMimeTypeToFactory" computerName="TFSBUILD11" duration="00:00:00.0140000" startTime="2015-09-28T09:45:56.6719167-07:00" endTime="2015-09-28T09:45:56.6719167-07:00" testType="13cdc9d9-ddb5-4fa4-a97d-d965ccfc6d4b" outcome="Passed" testListId="8c84fa94-04c1-424b-9868-57a2d4851a1d" relativeResultsDirectory="6452a180-d5e8-464f-bc6f-c68d6a582520" />
    <UnitTestResult executionId="a8d8a00e-fe8c-4b5c-824c-a2d02dae9cfb" testId="d953d7cc-52cf-48dc-964a-491a2b998fbc" testName="TFSTests.ContentRendering WillRenderWithMarkdownAndDefaultOptions" computerName="TFSBUILD11" duration="00:00:00.0200000" startTime="2015-09-28T09:45:56.6719167-07:00" endTime="2015-09-28T09:45:56.6719167-07:00" testType="13cdc9d9-ddb5-4fa4-a97d-d965ccfc6d4b" outcome="Passed" testListId="8c84fa94-04c1-424b-9868-57a2d4851a1d" relativeResultsDirectory="a8d8a00e-fe8c-4b5c-824c-a2d02dae9cfb" />
    <UnitTestResult executionId="969bdcc1-c153-477e-be86-4a826a59bde4" testId="a4415e93-0434-417b-a918-24be298856f2" testName="TFSTests.ContentRendering WillApplyLinkTransformerOption" computerName="TFSBUILD11" duration="00:00:00.0160000" startTime="2015-09-28T09:45:56.6719167-07:00" endTime="2015-09-28T09:45:56.6719167-07:00" testType="13cdc9d9-ddb5-4fa4-a97d-d965ccfc6d4b" outcome="Passed" testListId="8c84fa94-04c1-424b-9868-57a2d4851a1d" relativeResultsDirectory="969bdcc1-c153-477e-be86-4a826a59bde4" />
    <UnitTestResult executionId="906b1c74-3981-4ea0-b543-e60475a6e740" testId="3b339672-f51a-4775-ab56-0713f441791d" testName="TFSTests.ContentRendering WillApplyImageTransformerOption" computerName="TFSBUILD11" duration="00:00:00.0150000" startTime="2015-09-28T09:45:56.6719167-07:00" endTime="2015-09-28T09:45:56.6719167-07:00" testType="13cdc9d9-ddb5-4fa4-a97d-d965ccfc6d4b" outcome="Passed" testListId="8c84fa94-04c1-424b-9868-57a2d4851a1d" relativeResultsDirectory="906b1c74-3981-4ea0-b543-e60475a6e740" />
    <UnitTestResult executionId="a96e5f44-5789-4fda-b83c-acc9289010f2" testId="ec2a4a08-4cfc-4b05-a636-a03aa668c224" testName="TFSTests.ContentRendering WillApplyLinkClickHandlerOption" computerName="TFSBUILD11" duration="00:00:00.0150000" startTime="2015-09-28T09:45:56.6719167-07:00" endTime="2015-09-28T09:45:56.6719167-07:00" testType="13cdc9d9-ddb5-4fa4-a97d-d965ccfc6d4b" outcome="Passed" testListId="8c84fa94-04c1-424b-9868-57a2d4851a1d" relativeResultsDirectory="a96e5f44-5789-4fda-b83c-acc9289010f2" />
    <UnitTestResult executionId="7b18dd9d-8806-4d73-9f1a-6644a3c723a8" testId="288cb8c2-0966-4c4d-bd40-011389dacd29" testName="TFSTests.TFS.Host.UI NothingHappensWhenNoHubSelected" computerName="TFSBUILD11" duration="00:00:00.0160000" startTime="2015-09-28T09:45:56.6719167-07:00" endTime="2015-09-28T09:45:56.6719167-07:00" testType="13cdc9d9-ddb5-4fa4-a97d-d965ccfc6d4b" outcome="Passed" testListId="8c84fa94-04c1-424b-9868-57a2d4851a1d" relativeResultsDirectory="7b18dd9d-8806-4d73-9f1a-6644a3c723a8" />
    <UnitTestResult executionId="c65e2c7d-5caa-474d-bee3-a2ede3a4ebc6" testId="43420c1a-d8d7-4c7d-a186-3f6992c38a15" testName="TFSTests.TFS.Host.UI MruSavedWhenHubSelected" computerName="TFSBUILD11" duration="00:00:00.0170000" startTime="2015-09-28T09:45:56.6719167-07:00" endTime="2015-09-28T09:45:56.6719167-07:00" testType="13cdc9d9-ddb5-4fa4-a97d-d965ccfc6d4b" outcome="Passed" testListId="8c84fa94-04c1-424b-9868-57a2d4851a1d" relativeResultsDirectory="c65e2c7d-5caa-474d-bee3-a2ede3a4ebc6" />
    <UnitTestResult executionId="d7e9dabf-eb75-4ea4-9e2e-a6ae4cc285f6" testId="cf8bc8fd-f832-458d-b41b-861e2a4c14e4" testName="TFSTests.TFS.Host.UI FirstHubMruSavedWhenMultipleHubsSelected" computerName="TFSBUILD11" duration="00:00:00.0160000" startTime="2015-09-28T09:45:56.6729182-07:00" endTime="2015-09-28T09:45:56.6729182-07:00" testType="13cdc9d9-ddb5-4fa4-a97d-d965ccfc6d4b" outcome="Passed" testListId="8c84fa94-04c1-424b-9868-57a2d4851a1d" relativeResultsDirectory="d7e9dabf-eb75-4ea4-9e2e-a6ae4cc285f6" />
    <UnitTestResult executionId="7df6910f-2135-4fe8-bcd7-edcc4b9d02d3" testId="6eaaa5cf-ca0c-4196-ba27-045f6bf9563e" testName="VSSTests.UI.Controls.CheckboxSelectionGrid initializedCorrectlyWithCheckedItems" computerName="TFSBUILD11" duration="00:00:00.0420000" startTime="2015-09-28T09:45:56.9166814-07:00" endTime="2015-09-28T09:45:56.9166814-07:00" testType="13cdc9d9-ddb5-4fa4-a97d-d965ccfc6d4b" outcome="Passed" testListId="8c84fa94-04c1-424b-9868-57a2d4851a1d" relativeResultsDirectory="7df6910f-2135-4fe8-bcd7-edcc4b9d02d3" />
    <UnitTestResult executionId="f384a99e-5bb6-4c71-b42a-3b781205164f" testId="1071477a-d8ef-4577-85ca-c1cee0573bf6" testName="VSSTests.UI.Controls.CheckboxSelectionGrid checkedAndUncheckedItemCheckbox" computerName="TFSBUILD11" duration="00:00:00.0250000" startTime="2015-09-28T09:45:56.9166814-07:00" endTime="2015-09-28T09:45:56.9166814-07:00" testType="13cdc9d9-ddb5-4fa4-a97d-d965ccfc6d4b" outcome="Passed" testListId="8c84fa94-04c1-424b-9868-57a2d4851a1d" relativeResultsDirectory="f384a99e-5bb6-4c71-b42a-3b781205164f" />
    <UnitTestResult executionId="6e71bab0-a06d-48e1-8d73-b120f01493f0" testId="3af02e2d-4377-421b-a950-690777076945" testName="VSSTests.UI.Controls.CheckboxSelectionGrid keyboardSelectAndUnselectItemCheckbox" computerName="TFSBUILD11" duration="00:00:00.0250000" startTime="2015-09-28T09:45:56.9166814-07:00" endTime="2015-09-28T09:45:56.9166814-07:00" testType="13cdc9d9-ddb5-4fa4-a97d-d965ccfc6d4b" outcome="Passed" testListId="8c84fa94-04c1-424b-9868-57a2d4851a1d" relativeResultsDirectory="6e71bab0-a06d-48e1-8d73-b120f01493f0" />
    <UnitTestResult executionId="06704f24-ad88-4321-98fb-400764c0d2a4" testId="48e0e904-cdb9-4469-a08a-649fe1f175a9" testName="VSSTests.UI.Controls.CheckboxSelectionGrid checkedAndUncheckedHeaderCheckbox" computerName="TFSBUILD11" duration="00:00:00.0220000" startTime="2015-09-28T09:45:56.9166814-07:00" endTime="2015-09-28T09:45:56.9166814-07:00" testType="13cdc9d9-ddb5-4fa4-a97d-d965ccfc6d4b" outcome="Passed" testListId="8c84fa94-04c1-424b-9868-57a2d4851a1d" relativeResultsDirectory="06704f24-ad88-4321-98fb-400764c0d2a4" />
    <UnitTestResult executionId="f6b0a587-2227-4cdb-9263-ccb38d02fa2b" testId="3788006b-c13a-4ddd-b5b8-c8cb92128e26" testName="VSSTests.UI.Controls.CheckboxSelectionGrid setCheckboxState" computerName="TFSBUILD11" duration="00:00:00.0260000" startTime="2015-09-28T09:45:56.9176827-07:00" endTime="2015-09-28T09:45:56.9176827-07:00" testType="13cdc9d9-ddb5-4fa4-a97d-d965ccfc6d4b" outcome="Passed" testListId="8c84fa94-04c1-424b-9868-57a2d4851a1d" relativeResultsDirectory="f6b0a587-2227-4cdb-9263-ccb38d02fa2b" />
    <UnitTestResult executionId="a6deeb89-c81b-4d1f-96a5-f344d5fc19a5" testId="8510b080-c9fe-48b9-8bd1-f24ced9ab346" testName="TfsTests.UI.Controls.IdentityPickerTests TestIdentitySelectionAlreadyExisting" computerName="TFSBUILD11" duration="00:00:00.0310000" startTime="2015-09-28T09:45:56.9176827-07:00" endTime="2015-09-28T09:45:56.9176827-07:00" testType="13cdc9d9-ddb5-4fa4-a97d-d965ccfc6d4b" outcome="Passed" testListId="8c84fa94-04c1-424b-9868-57a2d4851a1d" relativeResultsDirectory="a6deeb89-c81b-4d1f-96a5-f344d5fc19a5" />
    <UnitTestResult executionId="b85818c4-d270-4351-8ddd-d9253027fa38" testId="f4d99074-23b0-4f6f-8aa1-d29706d1e139" testName="TfsTests.UI.Controls.IdentityPickerTests TestIdentitySelectionNotAlreadyExisting" computerName="TFSBUILD11" duration="00:00:00.0220000" startTime="2015-09-28T09:45:56.9176827-07:00" endTime="2015-09-28T09:45:56.9176827-07:00" testType="13cdc9d9-ddb5-4fa4-a97d-d965ccfc6d4b" outcome="Passed" testListId="8c84fa94-04c1-424b-9868-57a2d4851a1d" relativeResultsDirectory="b85818c4-d270-4351-8ddd-d9253027fa38" />
    <UnitTestResult executionId="dbf220bc-a6cd-4e3f-834c-59f87a085ac6" testId="6d1bbd01-3374-4941-88ee-855c49c9779c" testName="TfsTests.UI.Controls.IdentityPickerTests TestIdentityRegExSearchDisplayName" computerName="TFSBUILD11" duration="00:00:00.0210000" startTime="2015-09-28T09:45:56.9176827-07:00" endTime="2015-09-28T09:45:56.9176827-07:00" testType="13cdc9d9-ddb5-4fa4-a97d-d965ccfc6d4b" outcome="Passed" testListId="8c84fa94-04c1-424b-9868-57a2d4851a1d" relativeResultsDirectory="dbf220bc-a6cd-4e3f-834c-59f87a085ac6" />
    <UnitTestResult executionId="901bb559-2b24-45b9-89ac-7d53a6904434" testId="48b9aa15-14b2-4363-8e84-a6d79f13c0cc" testName="TfsTests.UI.Controls.IdentityPickerTests TestIdentityUnfilteredDropdownContents" computerName="TFSBUILD11" duration="00:00:00.0230000" startTime="2015-09-28T09:45:56.9176827-07:00" endTime="2015-09-28T09:45:56.9176827-07:00" testType="13cdc9d9-ddb5-4fa4-a97d-d965ccfc6d4b" outcome="Passed" testListId="8c84fa94-04c1-424b-9868-57a2d4851a1d" relativeResultsDirectory="901bb559-2b24-45b9-89ac-7d53a6904434" />
    <UnitTestResult executionId="896528b3-3a0a-4619-a16f-53bdcb1dcb4f" testId="889a64a9-0733-47a3-a815-86d8d0ca5475" testName="TfsTests.UI.Controls.IdentityPickerTests TestIdentityRegExSearchAlias" computerName="TFSBUILD11" duration="00:00:00.0220000" startTime="2015-09-28T09:45:57.1756858-07:00" endTime="2015-09-28T09:45:57.1756858-07:00" testType="13cdc9d9-ddb5-4fa4-a97d-d965ccfc6d4b" outcome="Passed" testListId="8c84fa94-04c1-424b-9868-57a2d4851a1d" relativeResultsDirectory="896528b3-3a0a-4619-a16f-53bdcb1dcb4f" />
    <UnitTestResult executionId="eab2ad7a-3a89-4005-9dcb-7c0b59b35840" testId="7bc9e3db-e8d5-4b99-8685-024b55b47786" testName="TfsTests.UI.Controls.IdentityPickerTests TestIdentityPickerDropup" computerName="TFSBUILD11" duration="00:00:00.0410000" startTime="2015-09-28T09:45:57.1756858-07:00" endTime="2015-09-28T09:45:57.1756858-07:00" testType="13cdc9d9-ddb5-4fa4-a97d-d965ccfc6d4b" outcome="Passed" testListId="8c84fa94-04c1-424b-9868-57a2d4851a1d" relativeResultsDirectory="eab2ad7a-3a89-4005-9dcb-7c0b59b35840" />
    <UnitTestResult executionId="fc8ea685-6822-4acc-aed4-304536b592da" testId="f1e93eaa-3f2e-4e93-9291-b50b9f0a8a50" testName="TfsTests.UI.Controls.IdentityPickerTests TestIdentityPickerPopupSelection" computerName="TFSBUILD11" duration="00:00:00.0290000" startTime="2015-09-28T09:45:57.1756858-07:00" endTime="2015-09-28T09:45:57.1756858-07:00" testType="13cdc9d9-ddb5-4fa4-a97d-d965ccfc6d4b" outcome="Passed" testListId="8c84fa94-04c1-424b-9868-57a2d4851a1d" relativeResultsDirectory="fc8ea685-6822-4acc-aed4-304536b592da" />
    <UnitTestResult executionId="7f95e14a-38c7-4479-add5-8b0b3ec1f217" testId="4ba56249-f93a-47a2-8477-faec0f638d01" testName="TfsTests.UI.Controls.IdentityPickerTests TestIdentityPickerUnsetImage" computerName="TFSBUILD11" duration="00:00:00.0220000" startTime="2015-09-28T09:45:57.1756858-07:00" endTime="2015-09-28T09:45:57.1756858-07:00" testType="13cdc9d9-ddb5-4fa4-a97d-d965ccfc6d4b" outcome="Passed" testListId="8c84fa94-04c1-424b-9868-57a2d4851a1d" relativeResultsDirectory="7f95e14a-38c7-4479-add5-8b0b3ec1f217" />
    <UnitTestResult executionId="83d4fd42-3691-417e-86b1-21ae7d6e68a0" testId="c0a522af-1615-481e-adab-9aa2a7523f55" testName="TfsTests.UI.Controls.MultipleIdentityPickerTests TestSelectedIdentities" computerName="TFSBUILD11" duration="00:00:00.0240000" startTime="2015-09-28T09:45:57.1756858-07:00" endTime="2015-09-28T09:45:57.1756858-07:00" testType="13cdc9d9-ddb5-4fa4-a97d-d965ccfc6d4b" outcome="Passed" testListId="8c84fa94-04c1-424b-9868-57a2d4851a1d" relativeResultsDirectory="83d4fd42-3691-417e-86b1-21ae7d6e68a0" />
    <UnitTestResult executionId="967799cb-487d-4036-bbd3-7bedcbb4df5f" testId="0b0e9af1-81b7-48d8-b841-99f7bfe81536" testName="TfsTests.UI.Controls.MultipleIdentityPickerTests TestRemoveSelection" computerName="TFSBUILD11" duration="00:00:00.0350000" startTime="2015-09-28T09:45:57.1766859-07:00" endTime="2015-09-28T09:45:57.1766859-07:00" testType="13cdc9d9-ddb5-4fa4-a97d-d965ccfc6d4b" outcome="Passed" testListId="8c84fa94-04c1-424b-9868-57a2d4851a1d" relativeResultsDirectory="967799cb-487d-4036-bbd3-7bedcbb4df5f" />
    <UnitTestResult executionId="62054cee-9a97-4394-916f-7475c0381a4f" testId="c35c1d52-9664-40c6-b797-2e746a048ff5" testName="TFSTests.Hosts.UI.AccountHomeView.TeamProjectMruListTests ProjectsAreAddedToTheMruList" computerName="TFSBUILD11" duration="00:00:00.0370000" startTime="2015-09-28T09:45:57.1766859-07:00" endTime="2015-09-28T09:45:57.1766859-07:00" testType="13cdc9d9-ddb5-4fa4-a97d-d965ccfc6d4b" outcome="Passed" testListId="8c84fa94-04c1-424b-9868-57a2d4851a1d" relativeResultsDirectory="62054cee-9a97-4394-916f-7475c0381a4f" />
    <UnitTestResult executionId="f6bbe2a3-ac3a-469a-bad9-9a45f505c71d" testId="592ec64f-0650-4213-b379-e858995d9aa1" testName="TFSTests.Hosts.UI.AccountHomeView.TeamProjectMruListTests NewButtonIsNotAddToMruControlWhenUserDoesntHavePerms" computerName="TFSBUILD11" duration="00:00:00.0210000" startTime="2015-09-28T09:45:57.1766859-07:00" endTime="2015-09-28T09:45:57.1766859-07:00" testType="13cdc9d9-ddb5-4fa4-a97d-d965ccfc6d4b" outcome="Passed" testListId="8c84fa94-04c1-424b-9868-57a2d4851a1d" relativeResultsDirectory="f6bbe2a3-ac3a-469a-bad9-9a45f505c71d" />
    <UnitTestResult executionId="d14b0be1-c1ac-4360-83f4-4fd31b25fa83" testId="c5ec1771-6b19-4a49-8a38-5554f1d258dd" testName="TFSTests.Hosts.UI.AccountHomeView.NewsControlTests NewsAreRenderedInTheNewsControl" computerName="TFSBUILD11" duration="00:00:00.0220000" startTime="2015-09-28T09:45:57.1766859-07:00" endTime="2015-09-28T09:45:57.1766859-07:00" testType="13cdc9d9-ddb5-4fa4-a97d-d965ccfc6d4b" outcome="Passed" testListId="8c84fa94-04c1-424b-9868-57a2d4851a1d" relativeResultsDirectory="d14b0be1-c1ac-4360-83f4-4fd31b25fa83" />
    <UnitTestResult executionId="49809fd0-6c47-4a58-9d09-859aba124dd5" testId="8719953b-938f-4a46-9118-e4f594dbfe06" testName="TFSTests.Hosts.UI.AccountHomeView.NewsControlTests NewsControlIsRemovedWhenThereIsNoNews" computerName="TFSBUILD11" duration="00:00:00.0200000" startTime="2015-09-28T09:45:57.4776388-07:00" endTime="2015-09-28T09:45:57.4776388-07:00" testType="13cdc9d9-ddb5-4fa4-a97d-d965ccfc6d4b" outcome="Passed" testListId="8c84fa94-04c1-424b-9868-57a2d4851a1d" relativeResultsDirectory="49809fd0-6c47-4a58-9d09-859aba124dd5" />
    <UnitTestResult executionId="c617be2a-3c77-4a5a-9933-ec1eea796de7" testId="767cecae-c285-4c33-bb41-c965508106ab" testName="TFSTests.Hosts.UI.AccountHomeView.AboutTFSTests TilesAreAddedToTheAboutTFS" computerName="TFSBUILD11" duration="00:00:00.0290000" startTime="2015-09-28T09:45:57.4776388-07:00" endTime="2015-09-28T09:45:57.4776388-07:00" testType="13cdc9d9-ddb5-4fa4-a97d-d965ccfc6d4b" outcome="Passed" testListId="8c84fa94-04c1-424b-9868-57a2d4851a1d" relativeResultsDirectory="c617be2a-3c77-4a5a-9933-ec1eea796de7" />
    <UnitTestResult executionId="51c1425c-a74c-4aae-9520-a616be6d0842" testId="a4e2fa97-3195-4353-9a9d-edfc04d5636c" testName="TFSTests.Hosts.UI.AccountHomeView.VSLinksListTests LinksAreAddedToTheVsLinksList" computerName="TFSBUILD11" duration="00:00:00.0200000" startTime="2015-09-28T09:45:57.4776388-07:00" endTime="2015-09-28T09:45:57.4776388-07:00" testType="13cdc9d9-ddb5-4fa4-a97d-d965ccfc6d4b" outcome="Passed" testListId="8c84fa94-04c1-424b-9868-57a2d4851a1d" relativeResultsDirectory="51c1425c-a74c-4aae-9520-a616be6d0842" />
    <UnitTestResult executionId="3fe681e7-f8e1-415d-b464-efa78b3fb2f4" testId="3f5ff062-7a82-48fd-9b77-d503599718b4" testName="TFSTests.Hosts.UI.TeamHomeView.HowToTests TilesAreAddedToTheHowTo" computerName="TFSBUILD11" duration="00:00:00.0190000" startTime="2015-09-28T09:45:57.4776388-07:00" endTime="2015-09-28T09:45:57.4776388-07:00" testType="13cdc9d9-ddb5-4fa4-a97d-d965ccfc6d4b" outcome="Passed" testListId="8c84fa94-04c1-424b-9868-57a2d4851a1d" relativeResultsDirectory="3fe681e7-f8e1-415d-b464-efa78b3fb2f4" />
    <UnitTestResult executionId="4208be60-3081-4445-b1ca-dc51e0975ae0" testId="19e9ebb8-3d06-47a0-95bc-8707af267faa" testName="TFSTests.Hosts.UI.TeamHomeView.TeamWorkTests LinksShowupUnderTeamWork" computerName="TFSBUILD11" duration="00:00:00.0200000" startTime="2015-09-28T09:45:57.4776388-07:00" endTime="2015-09-28T09:45:57.4776388-07:00" testType="13cdc9d9-ddb5-4fa4-a97d-d965ccfc6d4b" outcome="Passed" testListId="8c84fa94-04c1-424b-9868-57a2d4851a1d" relativeResultsDirectory="4208be60-3081-4445-b1ca-dc51e0975ae0" />
    <UnitTestResult executionId="02c2a38d-2499-43e9-942f-57ff21afb4f4" testId="ff47d9fb-f9d1-466b-b0a3-ad653372e5b6" testName="TFSTests.Hosts.UI.TeamHomeView.TeamWorkTests FlagOffQueriesLinkUnderTeamWork" computerName="TFSBUILD11" duration="00:00:00.0170000" startTime="2015-09-28T09:45:57.4776388-07:00" endTime="2015-09-28T09:45:57.4776388-07:00" testType="13cdc9d9-ddb5-4fa4-a97d-d965ccfc6d4b" outcome="Passed" testListId="8c84fa94-04c1-424b-9868-57a2d4851a1d" relativeResultsDirectory="02c2a38d-2499-43e9-942f-57ff21afb4f4" />
    <UnitTestResult executionId="de65fa24-e1e0-456c-8a90-f283244c3d73" testId="0b604310-f682-436e-a588-97ad01c53178" testName="TFSTests.Hosts.UI.TeamHomeView.VSLinksListTests LinksAreAddedToTheVsLinksList" computerName="TFSBUILD11" duration="00:00:00.0200000" startTime="2015-09-28T09:45:57.4776388-07:00" endTime="2015-09-28T09:45:57.4776388-07:00" testType="13cdc9d9-ddb5-4fa4-a97d-d965ccfc6d4b" outcome="Passed" testListId="8c84fa94-04c1-424b-9868-57a2d4851a1d" relativeResultsDirectory="de65fa24-e1e0-456c-8a90-f283244c3d73" />
  </Results>
  <TestDefinitions>
    <UnitTest name="TFSTests.CKEditor.Loader makeCKEditorAsyncCallsSafe prevents exceptions in CKEditor.tools.setTimeout" storage="d:\v2.0\a1\_work\dbded102\vso\tfs\service\webaccess\presentation\testscripts\common\tests\tfstests.ckeditor.loader.ts" id="f70fe6ce-6d5a-42e0-b384-70235c493566">
      <Execution id="1faddfe4-af33-4933-b939-ba60a93ca345" />
      <TestMethod codeBase="d:\v2.0\a1\_work\dbded102\vso\tfs\service\webaccess\presentation\testscripts\common\tests\tfstests.ckeditor.loader.ts" adapterTypeName="Microsoft.VisualStudio.TestTools.TestTypes.Unit.UnitTestAdapter" className="d:\v2.0\a1\_work\dbded102\vso\tfs\service\webaccess\presentation\testscripts\common\tests\tfstests.ckeditor.loader.ts::tfstests.ckeditor.loader::makeckeditorasynccallssafe prevents exceptions in ckeditor.tools" name="TFSTests.CKEditor.Loader makeCKEditorAsyncCallsSafe prevents exceptions in CKEditor.tools.setTimeout" />
    </UnitTest>
    <UnitTest name="TFSTests.CKEditor.Loader makeCKEditorAsyncCallsSafe passes through this pointer and arguments as is to CKEditor.tools.setTimeout" storage="d:\v2.0\a1\_work\dbded102\vso\tfs\service\webaccess\presentation\testscripts\common\tests\tfstests.ckeditor.loader.ts" id="b0df9698-6314-4f8d-a367-5f44d073b32c">
      <Execution id="c9efac23-bf77-4c3e-b2b0-c0270b3ae105" />
      <TestMethod codeBase="d:\v2.0\a1\_work\dbded102\vso\tfs\service\webaccess\presentation\testscripts\common\tests\tfstests.ckeditor.loader.ts" adapterTypeName="Microsoft.VisualStudio.TestTools.TestTypes.Unit.UnitTestAdapter" className="d:\v2.0\a1\_work\dbded102\vso\tfs\service\webaccess\presentation\testscripts\common\tests\tfstests.ckeditor.loader.ts::tfstests.ckeditor.loader::makeckeditorasynccallssafe passes through this pointer and arguments as is to ckeditor.tools" name="TFSTests.CKEditor.Loader makeCKEditorAsyncCallsSafe passes through this pointer and arguments as is to CKEditor.tools.setTimeout" />
    </UnitTest>
    <UnitTest name="VSSTests.Core.OperationQueue queuedOperationsNotStartedUntilPriorOperationsComplete" storage="d:\v2.0\a1\_work\dbded102\vso\tfs\service\webaccess\presentation\testscripts\common\tests\tfstests.core.ts" id="a1e05b20-6225-4feb-b446-5fc6e17bf825">
      <Execution id="69e95064-a07d-45e1-8140-47e67fc276fb" />
      <TestMethod codeBase="d:\v2.0\a1\_work\dbded102\vso\tfs\service\webaccess\presentation\testscripts\common\tests\tfstests.core.ts" adapterTypeName="Microsoft.VisualStudio.TestTools.TestTypes.Unit.UnitTestAdapter" className="d:\v2.0\a1\_work\dbded102\vso\tfs\service\webaccess\presentation\testscripts\common\tests\tfstests.core.ts::vsstests.core" name="VSSTests.Core.OperationQueue queuedOperationsNotStartedUntilPriorOperationsComplete" />
    </UnitTest>
    <UnitTest name="VSSTests.TFS.Core.AnchorLinkUtils findAnchorInContainer_searchesOnlyWithinContainer" storage="d:\v2.0\a1\_work\dbded102\vso\tfs\service\webaccess\presentation\testscripts\common\tests\tfstests.core.ts" id="8ea4f61b-5669-4451-ae7f-bded33bf1fe1">
      <Execution id="869a44d5-e0c9-4fae-b643-dc64184401fd" />
      <TestMethod codeBase="d:\v2.0\a1\_work\dbded102\vso\tfs\service\webaccess\presentation\testscripts\common\tests\tfstests.core.ts" adapterTypeName="Microsoft.VisualStudio.TestTools.TestTypes.Unit.UnitTestAdapter" className="d:\v2.0\a1\_work\dbded102\vso\tfs\service\webaccess\presentation\testscripts\common\tests\tfstests.core.ts::vsstests.tfs.core" name="VSSTests.TFS.Core.AnchorLinkUtils findAnchorInContainer_searchesOnlyWithinContainer" />
    </UnitTest>
    <UnitTest name="VSSTests.TFS.Core.AnchorLinkUtils findAnchorInContainer_prioritizesTheFirstIdMatchOverOtherIdMatchesOrNameMatches" storage="d:\v2.0\a1\_work\dbded102\vso\tfs\service\webaccess\presentation\testscripts\common\tests\tfstests.core.ts" id="e172dbf0-30dd-4fa3-a89b-86604b44eba3">
      <Execution id="ee5c478a-e3a7-499b-b059-f8a99065bcb6" />
      <TestMethod codeBase="d:\v2.0\a1\_work\dbded102\vso\tfs\service\webaccess\presentation\testscripts\common\tests\tfstests.core.ts" adapterTypeName="Microsoft.VisualStudio.TestTools.TestTypes.Unit.UnitTestAdapter" className="d:\v2.0\a1\_work\dbded102\vso\tfs\service\webaccess\presentation\testscripts\common\tests\tfstests.core.ts::vsstests.tfs.core" name="VSSTests.TFS.Core.AnchorLinkUtils findAnchorInContainer_prioritizesTheFirstIdMatchOverOtherIdMatchesOrNameMatches" />
    </UnitTest>
    <UnitTest name="VSSTests.TFS.Core.AnchorLinkUtils findAnchorInContainer_prioritizesTheFirstNameMatchOverOtherNameMatches" storage="d:\v2.0\a1\_work\dbded102\vso\tfs\service\webaccess\presentation\testscripts\common\tests\tfstests.core.ts" id="4a52e6f0-9249-403e-93db-aada15956723">
      <Execution id="7c1671db-3144-4a82-8765-09b9bbf90f4f" />
      <TestMethod codeBase="d:\v2.0\a1\_work\dbded102\vso\tfs\service\webaccess\presentation\testscripts\common\tests\tfstests.core.ts" adapterTypeName="Microsoft.VisualStudio.TestTools.TestTypes.Unit.UnitTestAdapter" className="d:\v2.0\a1\_work\dbded102\vso\tfs\service\webaccess\presentation\testscripts\common\tests\tfstests.core.ts::vsstests.tfs.core" name="VSSTests.TFS.Core.AnchorLinkUtils findAnchorInContainer_prioritizesTheFirstNameMatchOverOtherNameMatches" />
    </UnitTest>
    <UnitTest name="VSSTests.TFS.Core.AnchorLinkUtils findAnchorInContainer_returnsTheContainerIfThereAreNoIdOrNameMatchesAndNameEqualsTop" storage="d:\v2.0\a1\_work\dbded102\vso\tfs\service\webaccess\presentation\testscripts\common\tests\tfstests.core.ts" id="d3937da7-14e6-4a48-b1bf-add2b426b0be">
      <Execution id="905dfbf5-8f9f-4284-bcfc-b85d94c455b1" />
      <TestMethod codeBase="d:\v2.0\a1\_work\dbded102\vso\tfs\service\webaccess\presentation\testscripts\common\tests\tfstests.core.ts" adapterTypeName="Microsoft.VisualStudio.TestTools.TestTypes.Unit.UnitTestAdapter" className="d:\v2.0\a1\_work\dbded102\vso\tfs\service\webaccess\presentation\testscripts\common\tests\tfstests.core.ts::vsstests.tfs.core" name="VSSTests.TFS.Core.AnchorLinkUtils findAnchorInContainer_returnsTheContainerIfThereAreNoIdOrNameMatchesAndNameEqualsTop" />
    </UnitTest>
    <UnitTest name="VSSTests.TFS.Core.AnchorLinkUtils findAnchorInContainer_returnsNullIfThereAreNoIdOrNameMatchesAndNameDoesNotEqualTop" storage="d:\v2.0\a1\_work\dbded102\vso\tfs\service\webaccess\presentation\testscripts\common\tests\tfstests.core.ts" id="ed7fcca9-bcf5-4d21-bf53-c01c4b6a330f">
      <Execution id="e0ee26a9-3038-4abb-bb10-39a8e35e7740" />
      <TestMethod codeBase="d:\v2.0\a1\_work\dbded102\vso\tfs\service\webaccess\presentation\testscripts\common\tests\tfstests.core.ts" adapterTypeName="Microsoft.VisualStudio.TestTools.TestTypes.Unit.UnitTestAdapter" className="d:\v2.0\a1\_work\dbded102\vso\tfs\service\webaccess\presentation\testscripts\common\tests\tfstests.core.ts::vsstests.tfs.core" name="VSSTests.TFS.Core.AnchorLinkUtils findAnchorInContainer_returnsNullIfThereAreNoIdOrNameMatchesAndNameDoesNotEqualTop" />
    </UnitTest>
    <UnitTest name="TFSTests.TFS.Core.Utils.NewGuidTests NewGuid_ReturnsCorrectGUID" storage="d:\v2.0\a1\_work\dbded102\vso\tfs\service\webaccess\presentation\testscripts\common\tests\tfstests.core.ts" id="2d215125-8324-41b0-846a-cd7641b213c8">
      <Execution id="464815bf-b2c5-4203-817d-0fd366795c01" />
      <TestMethod codeBase="d:\v2.0\a1\_work\dbded102\vso\tfs\service\webaccess\presentation\testscripts\common\tests\tfstests.core.ts" adapterTypeName="Microsoft.VisualStudio.TestTools.TestTypes.Unit.UnitTestAdapter" className="d:\v2.0\a1\_work\dbded102\vso\tfs\service\webaccess\presentation\testscripts\common\tests\tfstests.core.ts::tfstests.tfs.core.utils" name="TFSTests.TFS.Core.Utils.NewGuidTests NewGuid_ReturnsCorrectGUID" />
    </UnitTest>
    <UnitTest name="TfsTests.OM.FavoriteStore findByData Base Case" storage="d:\v2.0\a1\_work\dbded102\vso\tfs\service\webaccess\presentation\testscripts\common\tests\tfstests.om.favoritestore.ts" id="efe23e68-26b7-4ba7-af50-aca8481b6b94">
      <Execution id="31f4b4ba-5bd0-4656-8ab9-1c9806f18987" />
      <TestMethod codeBase="d:\v2.0\a1\_work\dbded102\vso\tfs\service\webaccess\presentation\testscripts\common\tests\tfstests.om.favoritestore.ts" adapterTypeName="Microsoft.VisualStudio.TestTools.TestTypes.Unit.UnitTestAdapter" className="d:\v2.0\a1\_work\dbded102\vso\tfs\service\webaccess\presentation\testscripts\common\tests\tfstests.om.favoritestore.ts::tfstests.om" name="TfsTests.OM.FavoriteStore findByData Base Case" />
    </UnitTest>
    <UnitTest name="TfsTests.OM.FavoriteStore beginRefresh base case" storage="d:\v2.0\a1\_work\dbded102\vso\tfs\service\webaccess\presentation\testscripts\common\tests\tfstests.om.favoritestore.ts" id="96a06d38-820d-4b9a-ac30-343a4b50dc99">
      <Execution id="3220b81d-b962-45e9-b56b-4bbbc103a0c3" />
      <TestMethod codeBase="d:\v2.0\a1\_work\dbded102\vso\tfs\service\webaccess\presentation\testscripts\common\tests\tfstests.om.favoritestore.ts" adapterTypeName="Microsoft.VisualStudio.TestTools.TestTypes.Unit.UnitTestAdapter" className="d:\v2.0\a1\_work\dbded102\vso\tfs\service\webaccess\presentation\testscripts\common\tests\tfstests.om.favoritestore.ts::tfstests.om" name="TfsTests.OM.FavoriteStore beginRefresh base case" />
    </UnitTest>
    <UnitTest name="TfsTests.OM.FavoriteStore beginDeleteItems nop" storage="d:\v2.0\a1\_work\dbded102\vso\tfs\service\webaccess\presentation\testscripts\common\tests\tfstests.om.favoritestore.ts" id="907b1863-f496-40e2-8094-edbd649879c8">
      <Execution id="62852410-d530-491e-9766-d494124a8161" />
      <TestMethod codeBase="d:\v2.0\a1\_work\dbded102\vso\tfs\service\webaccess\presentation\testscripts\common\tests\tfstests.om.favoritestore.ts" adapterTypeName="Microsoft.VisualStudio.TestTools.TestTypes.Unit.UnitTestAdapter" className="d:\v2.0\a1\_work\dbded102\vso\tfs\service\webaccess\presentation\testscripts\common\tests\tfstests.om.favoritestore.ts::tfstests.om" name="TfsTests.OM.FavoriteStore beginDeleteItems nop" />
    </UnitTest>
    <UnitTest name="TfsTests.OM.FavoriteStore beginDeleteItems base case" storage="d:\v2.0\a1\_work\dbded102\vso\tfs\service\webaccess\presentation\testscripts\common\tests\tfstests.om.favoritestore.ts" id="b19f3f5c-8de8-420f-ae71-115260f4d899">
      <Execution id="be4c7dd3-8a0a-4735-b395-f378f31c2752" />
      <TestMethod codeBase="d:\v2.0\a1\_work\dbded102\vso\tfs\service\webaccess\presentation\testscripts\common\tests\tfstests.om.favoritestore.ts" adapterTypeName="Microsoft.VisualStudio.TestTools.TestTypes.Unit.UnitTestAdapter" className="d:\v2.0\a1\_work\dbded102\vso\tfs\service\webaccess\presentation\testscripts\common\tests\tfstests.om.favoritestore.ts::tfstests.om" name="TfsTests.OM.FavoriteStore beginDeleteItems base case" />
    </UnitTest>
    <UnitTest name="TfsTests.OM.FavoriteStore beginUpdateItems base case" storage="d:\v2.0\a1\_work\dbded102\vso\tfs\service\webaccess\presentation\testscripts\common\tests\tfstests.om.favoritestore.ts" id="cd74a301-05c2-41df-a081-64f794ba947a">
      <Execution id="38f11fe4-c69e-4aad-95b7-2c2c31b4c3ac" />
      <TestMethod codeBase="d:\v2.0\a1\_work\dbded102\vso\tfs\service\webaccess\presentation\testscripts\common\tests\tfstests.om.favoritestore.ts" adapterTypeName="Microsoft.VisualStudio.TestTools.TestTypes.Unit.UnitTestAdapter" className="d:\v2.0\a1\_work\dbded102\vso\tfs\service\webaccess\presentation\testscripts\common\tests\tfstests.om.favoritestore.ts::tfstests.om" name="TfsTests.OM.FavoriteStore beginUpdateItems base case" />
    </UnitTest>
    <UnitTest name="TfsTests.OM.PinStore Pin store Base Case - Postive check of Edit permission" storage="d:\v2.0\a1\_work\dbded102\vso\tfs\service\webaccess\presentation\testscripts\common\tests\tfstests.om.favoritestore.ts" id="0e24fdbb-e6ba-4241-9636-5ada4b2b5a35">
      <Execution id="b1d599b5-2056-4779-91dd-4c994e20a4d8" />
      <TestMethod codeBase="d:\v2.0\a1\_work\dbded102\vso\tfs\service\webaccess\presentation\testscripts\common\tests\tfstests.om.favoritestore.ts" adapterTypeName="Microsoft.VisualStudio.TestTools.TestTypes.Unit.UnitTestAdapter" className="d:\v2.0\a1\_work\dbded102\vso\tfs\service\webaccess\presentation\testscripts\common\tests\tfstests.om.favoritestore.ts::tfstests.om" name="TfsTests.OM.PinStore Pin store Base Case - Postive check of Edit permission" />
    </UnitTest>
    <UnitTest name="TfsTests.OM.PinStore Negative check of edit permission" storage="d:\v2.0\a1\_work\dbded102\vso\tfs\service\webaccess\presentation\testscripts\common\tests\tfstests.om.favoritestore.ts" id="82a5eb3c-0532-4b6e-9f20-156ac348b262">
      <Execution id="4a52fc0d-1a89-49b4-8308-f2920adf4bee" />
      <TestMethod codeBase="d:\v2.0\a1\_work\dbded102\vso\tfs\service\webaccess\presentation\testscripts\common\tests\tfstests.om.favoritestore.ts" adapterTypeName="Microsoft.VisualStudio.TestTools.TestTypes.Unit.UnitTestAdapter" className="d:\v2.0\a1\_work\dbded102\vso\tfs\service\webaccess\presentation\testscripts\common\tests\tfstests.om.favoritestore.ts::tfstests.om" name="TfsTests.OM.PinStore Negative check of edit permission" />
    </UnitTest>
    <UnitTest name="TfsTests.OM.TagService ensureServerCallIsMadeWhenCacheIsEmpty" storage="d:\v2.0\a1\_work\dbded102\vso\tfs\service\webaccess\presentation\testscripts\common\tests\tfstests.om.tagservice.ts" id="9202b2b4-5474-43e3-8fd0-fb6ed8bf9a5b">
      <Execution id="20127a87-fcb7-4cfe-9503-a75e9d462119" />
      <TestMethod codeBase="d:\v2.0\a1\_work\dbded102\vso\tfs\service\webaccess\presentation\testscripts\common\tests\tfstests.om.tagservice.ts" adapterTypeName="Microsoft.VisualStudio.TestTools.TestTypes.Unit.UnitTestAdapter" className="d:\v2.0\a1\_work\dbded102\vso\tfs\service\webaccess\presentation\testscripts\common\tests\tfstests.om.tagservice.ts::tfstests.om" name="TfsTests.OM.TagService ensureServerCallIsMadeWhenCacheIsEmpty" />
    </UnitTest>
    <UnitTest name="TfsTests.OM.TagService ensureServerCallIsNotMadeWhenCacheHasData" storage="d:\v2.0\a1\_work\dbded102\vso\tfs\service\webaccess\presentation\testscripts\common\tests\tfstests.om.tagservice.ts" id="4a4c5191-f63b-49f6-bcf7-70104a05bdbd">
      <Execution id="02ec9791-ba4a-403e-9b37-d969555ed6a7" />
      <TestMethod codeBase="d:\v2.0\a1\_work\dbded102\vso\tfs\service\webaccess\presentation\testscripts\common\tests\tfstests.om.tagservice.ts" adapterTypeName="Microsoft.VisualStudio.TestTools.TestTypes.Unit.UnitTestAdapter" className="d:\v2.0\a1\_work\dbded102\vso\tfs\service\webaccess\presentation\testscripts\common\tests\tfstests.om.tagservice.ts::tfstests.om" name="TfsTests.OM.TagService ensureServerCallIsNotMadeWhenCacheHasData" />
    </UnitTest>
    <UnitTest name="TfsTests.OM.TagService ensureServerCallIsNotMadeWhenCacheHasEmptyData" storage="d:\v2.0\a1\_work\dbded102\vso\tfs\service\webaccess\presentation\testscripts\common\tests\tfstests.om.tagservice.ts" id="4bb13ca8-0f99-4d43-bdb2-33ccac1941a9">
      <Execution id="db38d211-c529-4733-b244-4cd1d2b64f46" />
      <TestMethod codeBase="d:\v2.0\a1\_work\dbded102\vso\tfs\service\webaccess\presentation\testscripts\common\tests\tfstests.om.tagservice.ts" adapterTypeName="Microsoft.VisualStudio.TestTools.TestTypes.Unit.UnitTestAdapter" className="d:\v2.0\a1\_work\dbded102\vso\tfs\service\webaccess\presentation\testscripts\common\tests\tfstests.om.tagservice.ts::tfstests.om" name="TfsTests.OM.TagService ensureServerCallIsNotMadeWhenCacheHasEmptyData" />
    </UnitTest>
    <UnitTest name="TfsTests.OM.WebSettingsService KeyGenerationWorksWithUserScope" storage="d:\v2.0\a1\_work\dbded102\vso\tfs\service\webaccess\presentation\testscripts\common\tests\tfstests.om.websettings.ts" id="8863895c-a029-4a9a-a716-0964c35d985c">
      <Execution id="d9d91967-6f16-484d-a0db-4e69a39c5a39" />
      <TestMethod codeBase="d:\v2.0\a1\_work\dbded102\vso\tfs\service\webaccess\presentation\testscripts\common\tests\tfstests.om.websettings.ts" adapterTypeName="Microsoft.VisualStudio.TestTools.TestTypes.Unit.UnitTestAdapter" className="d:\v2.0\a1\_work\dbded102\vso\tfs\service\webaccess\presentation\testscripts\common\tests\tfstests.om.websettings.ts::tfstests.om" name="TfsTests.OM.WebSettingsService KeyGenerationWorksWithUserScope" />
    </UnitTest>
    <UnitTest name="TfsTests.OM.WebSettingsService WriteLocalSettingWorksWithNullOrUndefinedValue" storage="d:\v2.0\a1\_work\dbded102\vso\tfs\service\webaccess\presentation\testscripts\common\tests\tfstests.om.websettings.ts" id="30caa934-4fc3-411d-9a37-767980cb8e35">
      <Execution id="59d878b5-28ef-484c-9ff6-cf3d03a1158d" />
      <TestMethod codeBase="d:\v2.0\a1\_work\dbded102\vso\tfs\service\webaccess\presentation\testscripts\common\tests\tfstests.om.websettings.ts" adapterTypeName="Microsoft.VisualStudio.TestTools.TestTypes.Unit.UnitTestAdapter" className="d:\v2.0\a1\_work\dbded102\vso\tfs\service\webaccess\presentation\testscripts\common\tests\tfstests.om.websettings.ts::tfstests.om" name="TfsTests.OM.WebSettingsService WriteLocalSettingWorksWithNullOrUndefinedValue" />
    </UnitTest>
    <UnitTest name="TfsTests.OM.WebSettingsService KeyGenerationWorksWithTeamScope" storage="d:\v2.0\a1\_work\dbded102\vso\tfs\service\webaccess\presentation\testscripts\common\tests\tfstests.om.websettings.ts" id="994a97aa-5e47-40bd-a0eb-f3d1a58ab384">
      <Execution id="1a57cc10-1e55-455f-83a7-44bf5dc763a3" />
      <TestMethod codeBase="d:\v2.0\a1\_work\dbded102\vso\tfs\service\webaccess\presentation\testscripts\common\tests\tfstests.om.websettings.ts" adapterTypeName="Microsoft.VisualStudio.TestTools.TestTypes.Unit.UnitTestAdapter" className="d:\v2.0\a1\_work\dbded102\vso\tfs\service\webaccess\presentation\testscripts\common\tests\tfstests.om.websettings.ts::tfstests.om" name="TfsTests.OM.WebSettingsService KeyGenerationWorksWithTeamScope" />
    </UnitTest>
    <UnitTest name="TfsTests.OM.WebSettingsService KeyGenerationWorksWithUserTeamScope" storage="d:\v2.0\a1\_work\dbded102\vso\tfs\service\webaccess\presentation\testscripts\common\tests\tfstests.om.websettings.ts" id="77bc1b47-d2c9-4679-90cc-8646640786be">
      <Execution id="1c1784f2-2ee3-4ab2-8bf5-70c447321ba8" />
      <TestMethod codeBase="d:\v2.0\a1\_work\dbded102\vso\tfs\service\webaccess\presentation\testscripts\common\tests\tfstests.om.websettings.ts" adapterTypeName="Microsoft.VisualStudio.TestTools.TestTypes.Unit.UnitTestAdapter" className="d:\v2.0\a1\_work\dbded102\vso\tfs\service\webaccess\presentation\testscripts\common\tests\tfstests.om.websettings.ts::tfstests.om" name="TfsTests.OM.WebSettingsService KeyGenerationWorksWithUserTeamScope" />
    </UnitTest>
    <UnitTest name="TfsTests.OM.WebSettingsService KeyGenerationWorksWithProjectScope" storage="d:\v2.0\a1\_work\dbded102\vso\tfs\service\webaccess\presentation\testscripts\common\tests\tfstests.om.websettings.ts" id="b21d30b0-ac14-427f-a9c3-710d5e94a9d9">
      <Execution id="fef32587-bf01-4d0d-9fbd-6538cde495bc" />
      <TestMethod codeBase="d:\v2.0\a1\_work\dbded102\vso\tfs\service\webaccess\presentation\testscripts\common\tests\tfstests.om.websettings.ts" adapterTypeName="Microsoft.VisualStudio.TestTools.TestTypes.Unit.UnitTestAdapter" className="d:\v2.0\a1\_work\dbded102\vso\tfs\service\webaccess\presentation\testscripts\common\tests\tfstests.om.websettings.ts::tfstests.om" name="TfsTests.OM.WebSettingsService KeyGenerationWorksWithProjectScope" />
    </UnitTest>
    <UnitTest name="TFSTests.marked Marked base link transformation works" storage="d:\v2.0\a1\_work\dbded102\vso\tfs\service\webaccess\presentation\testscripts\common\tests\tfstests.marked.ts" id="3cfc3753-6e73-4245-b275-2594a5a93048">
      <Execution id="b2b1cd0a-ca6e-49c6-8783-de74dbaaccb7" />
      <TestMethod codeBase="d:\v2.0\a1\_work\dbded102\vso\tfs\service\webaccess\presentation\testscripts\common\tests\tfstests.marked.ts" adapterTypeName="Microsoft.VisualStudio.TestTools.TestTypes.Unit.UnitTestAdapter" className="d:\v2.0\a1\_work\dbded102\vso\tfs\service\webaccess\presentation\testscripts\common\tests\tfstests.marked.ts::tfstests" name="TFSTests.marked Marked base link transformation works" />
    </UnitTest>
    <UnitTest name="TFSTests.marked Marked base image transformation works" storage="d:\v2.0\a1\_work\dbded102\vso\tfs\service\webaccess\presentation\testscripts\common\tests\tfstests.marked.ts" id="16e4cf1e-abd5-4070-9e1a-17c6c672f58f">
      <Execution id="0ee4acc2-ea74-485b-ac08-2db17c776543" />
      <TestMethod codeBase="d:\v2.0\a1\_work\dbded102\vso\tfs\service\webaccess\presentation\testscripts\common\tests\tfstests.marked.ts" adapterTypeName="Microsoft.VisualStudio.TestTools.TestTypes.Unit.UnitTestAdapter" className="d:\v2.0\a1\_work\dbded102\vso\tfs\service\webaccess\presentation\testscripts\common\tests\tfstests.marked.ts::tfstests" name="TFSTests.marked Marked base image transformation works" />
    </UnitTest>
    <UnitTest name="TFSTests.marked-tfs-extensions Marked renders absolute external links to target a new window" storage="d:\v2.0\a1\_work\dbded102\vso\tfs\service\webaccess\presentation\testscripts\common\tests\tfstests.marked-tfs-extensions.ts" id="24213c07-d8ec-4808-8fc9-0895f088e6f7">
      <Execution id="09b1a1dc-df43-4263-98e3-0f59f625f0fc" />
      <TestMethod codeBase="d:\v2.0\a1\_work\dbded102\vso\tfs\service\webaccess\presentation\testscripts\common\tests\tfstests.marked-tfs-extensions.ts" adapterTypeName="Microsoft.VisualStudio.TestTools.TestTypes.Unit.UnitTestAdapter" className="d:\v2.0\a1\_work\dbded102\vso\tfs\service\webaccess\presentation\testscripts\common\tests\tfstests.marked-tfs-extensions.ts::tfstests" name="TFSTests.marked-tfs-extensions Marked renders absolute external links to target a new window" />
    </UnitTest>
    <UnitTest name="TFSTests.marked-tfs-extensions Marked renders internal absolute external links in the same window" storage="d:\v2.0\a1\_work\dbded102\vso\tfs\service\webaccess\presentation\testscripts\common\tests\tfstests.marked-tfs-extensions.ts" id="89738dd8-8230-4a15-ba73-393cae578352">
      <Execution id="8284e6e7-b443-4f05-b62e-a94da67a0773" />
      <TestMethod codeBase="d:\v2.0\a1\_work\dbded102\vso\tfs\service\webaccess\presentation\testscripts\common\tests\tfstests.marked-tfs-extensions.ts" adapterTypeName="Microsoft.VisualStudio.TestTools.TestTypes.Unit.UnitTestAdapter" className="d:\v2.0\a1\_work\dbded102\vso\tfs\service\webaccess\presentation\testscripts\common\tests\tfstests.marked-tfs-extensions.ts::tfstests" name="TFSTests.marked-tfs-extensions Marked renders internal absolute external links in the same window" />
    </UnitTest>
    <UnitTest name="TFSTests.marked-tfs-extensions Marked can sanitize links" storage="d:\v2.0\a1\_work\dbded102\vso\tfs\service\webaccess\presentation\testscripts\common\tests\tfstests.marked-tfs-extensions.ts" id="d6343c17-02da-447b-957a-e4a32fe9040a">
      <Execution id="fbb25c9b-ef92-4148-bbcd-56df311ddd3a" />
      <TestMethod codeBase="d:\v2.0\a1\_work\dbded102\vso\tfs\service\webaccess\presentation\testscripts\common\tests\tfstests.marked-tfs-extensions.ts" adapterTypeName="Microsoft.VisualStudio.TestTools.TestTypes.Unit.UnitTestAdapter" className="d:\v2.0\a1\_work\dbded102\vso\tfs\service\webaccess\presentation\testscripts\common\tests\tfstests.marked-tfs-extensions.ts::tfstests" name="TFSTests.marked-tfs-extensions Marked can sanitize links" />
    </UnitTest>
    <UnitTest name="TFSTests.marked-tfs-extensions Marked will call link renderer if relative link" storage="d:\v2.0\a1\_work\dbded102\vso\tfs\service\webaccess\presentation\testscripts\common\tests\tfstests.marked-tfs-extensions.ts" id="5e8c79eb-cd7c-460a-8fd2-470c0112dcd3">
      <Execution id="e89336b0-809f-4b4a-afc6-0439b7540588" />
      <TestMethod codeBase="d:\v2.0\a1\_work\dbded102\vso\tfs\service\webaccess\presentation\testscripts\common\tests\tfstests.marked-tfs-extensions.ts" adapterTypeName="Microsoft.VisualStudio.TestTools.TestTypes.Unit.UnitTestAdapter" className="d:\v2.0\a1\_work\dbded102\vso\tfs\service\webaccess\presentation\testscripts\common\tests\tfstests.marked-tfs-extensions.ts::tfstests" name="TFSTests.marked-tfs-extensions Marked will call link renderer if relative link" />
    </UnitTest>
    <UnitTest name="TFSTests.marked-tfs-extensions Marked renders external links with icon and title" storage="d:\v2.0\a1\_work\dbded102\vso\tfs\service\webaccess\presentation\testscripts\common\tests\tfstests.marked-tfs-extensions.ts" id="d2040270-8337-4702-90f0-1df7410ad84d">
      <Execution id="28626b25-f235-46cc-811c-0e926779c644" />
      <TestMethod codeBase="d:\v2.0\a1\_work\dbded102\vso\tfs\service\webaccess\presentation\testscripts\common\tests\tfstests.marked-tfs-extensions.ts" adapterTypeName="Microsoft.VisualStudio.TestTools.TestTypes.Unit.UnitTestAdapter" className="d:\v2.0\a1\_work\dbded102\vso\tfs\service\webaccess\presentation\testscripts\common\tests\tfstests.marked-tfs-extensions.ts::tfstests" name="TFSTests.marked-tfs-extensions Marked renders external links with icon and title" />
    </UnitTest>
    <UnitTest name="TFSTests.marked-tfs-extensions Marked renders internal links without external link icon" storage="d:\v2.0\a1\_work\dbded102\vso\tfs\service\webaccess\presentation\testscripts\common\tests\tfstests.marked-tfs-extensions.ts" id="3dedeab2-499f-4700-90f6-609b73423262">
      <Execution id="4c531c43-a73d-422b-9c6f-e6860fbfebf9" />
      <TestMethod codeBase="d:\v2.0\a1\_work\dbded102\vso\tfs\service\webaccess\presentation\testscripts\common\tests\tfstests.marked-tfs-extensions.ts" adapterTypeName="Microsoft.VisualStudio.TestTools.TestTypes.Unit.UnitTestAdapter" className="d:\v2.0\a1\_work\dbded102\vso\tfs\service\webaccess\presentation\testscripts\common\tests\tfstests.marked-tfs-extensions.ts::tfstests" name="TFSTests.marked-tfs-extensions Marked renders internal links without external link icon" />
    </UnitTest>
    <UnitTest name="TFSTests.marked-tfs-extensions Marked will call image renderer on image tag" storage="d:\v2.0\a1\_work\dbded102\vso\tfs\service\webaccess\presentation\testscripts\common\tests\tfstests.marked-tfs-extensions.ts" id="d840ec57-4f2a-497b-8fdd-32407869159b">
      <Execution id="e9e6f051-5de9-4d61-9a63-83eb449df328" />
      <TestMethod codeBase="d:\v2.0\a1\_work\dbded102\vso\tfs\service\webaccess\presentation\testscripts\common\tests\tfstests.marked-tfs-extensions.ts" adapterTypeName="Microsoft.VisualStudio.TestTools.TestTypes.Unit.UnitTestAdapter" className="d:\v2.0\a1\_work\dbded102\vso\tfs\service\webaccess\presentation\testscripts\common\tests\tfstests.marked-tfs-extensions.ts::tfstests" name="TFSTests.marked-tfs-extensions Marked will call image renderer on image tag" />
    </UnitTest>
    <UnitTest name="TFSTests.marked-tfs-extensions Marked will return same image path if image renderer is not present" storage="d:\v2.0\a1\_work\dbded102\vso\tfs\service\webaccess\presentation\testscripts\common\tests\tfstests.marked-tfs-extensions.ts" id="7baa94ef-79da-4299-a7ff-167cab656f72">
      <Execution id="fe691b6e-f490-444d-a539-f64a10d2d431" />
      <TestMethod codeBase="d:\v2.0\a1\_work\dbded102\vso\tfs\service\webaccess\presentation\testscripts\common\tests\tfstests.marked-tfs-extensions.ts" adapterTypeName="Microsoft.VisualStudio.TestTools.TestTypes.Unit.UnitTestAdapter" className="d:\v2.0\a1\_work\dbded102\vso\tfs\service\webaccess\presentation\testscripts\common\tests\tfstests.marked-tfs-extensions.ts::tfstests" name="TFSTests.marked-tfs-extensions Marked will return same image path if image renderer is not present" />
    </UnitTest>
    <UnitTest name="TFSTests.RichText When ExtraPluginModules are specified for CKEditorAdapter, Then the specified modules are passed to require and to CKEditor config" storage="d:\v2.0\a1\_work\dbded102\vso\tfs\service\webaccess\presentation\testscripts\common\tests\tfstests.richtext.ts" id="a3940715-84d7-4a33-8135-251abf29f2d3">
      <Execution id="df8cb595-e33e-42cf-9a99-2d4eca5a72be" />
      <TestMethod codeBase="d:\v2.0\a1\_work\dbded102\vso\tfs\service\webaccess\presentation\testscripts\common\tests\tfstests.richtext.ts" adapterTypeName="Microsoft.VisualStudio.TestTools.TestTypes.Unit.UnitTestAdapter" className="d:\v2.0\a1\_work\dbded102\vso\tfs\service\webaccess\presentation\testscripts\common\tests\tfstests.richtext.ts::tfstests" name="TFSTests.RichText When ExtraPluginModules are specified for CKEditorAdapter, Then the specified modules are passed to require and to CKEditor config" />
    </UnitTest>
    <UnitTest name="TFSTests.RichText.EventHandlers WhenHandlersAreRegisteredForAnEventName_ThenOnNeverBeforeSeenEventNameIsCalledOnceForEventName" storage="d:\v2.0\a1\_work\dbded102\vso\tfs\service\webaccess\presentation\testscripts\common\tests\tfstests.richtext.ts" id="d0059eea-36dd-4e43-9dc2-082d0847bc14">
      <Execution id="f6caddec-bbe3-410c-a7f2-6c9f275159e1" />
      <TestMethod codeBase="d:\v2.0\a1\_work\dbded102\vso\tfs\service\webaccess\presentation\testscripts\common\tests\tfstests.richtext.ts" adapterTypeName="Microsoft.VisualStudio.TestTools.TestTypes.Unit.UnitTestAdapter" className="d:\v2.0\a1\_work\dbded102\vso\tfs\service\webaccess\presentation\testscripts\common\tests\tfstests.richtext.ts::tfstests.richtext" name="TFSTests.RichText.EventHandlers WhenHandlersAreRegisteredForAnEventName_ThenOnNeverBeforeSeenEventNameIsCalledOnceForEventName" />
    </UnitTest>
    <UnitTest name="TFSTests.RichText.EventHandlers WhenInvokeHandlersIsCalled_ThenRegisteredHandlersForTheEventNameAreCalled" storage="d:\v2.0\a1\_work\dbded102\vso\tfs\service\webaccess\presentation\testscripts\common\tests\tfstests.richtext.ts" id="9b52611a-527b-499f-ad0a-63074ad28980">
      <Execution id="b33fa907-1775-4d0b-b737-e3fc044f18fd" />
      <TestMethod codeBase="d:\v2.0\a1\_work\dbded102\vso\tfs\service\webaccess\presentation\testscripts\common\tests\tfstests.richtext.ts" adapterTypeName="Microsoft.VisualStudio.TestTools.TestTypes.Unit.UnitTestAdapter" className="d:\v2.0\a1\_work\dbded102\vso\tfs\service\webaccess\presentation\testscripts\common\tests\tfstests.richtext.ts::tfstests.richtext" name="TFSTests.RichText.EventHandlers WhenInvokeHandlersIsCalled_ThenRegisteredHandlersForTheEventNameAreCalled" />
    </UnitTest>
    <UnitTest name="TFSTests.RichText.EventHandlers GivenHandlersAreRegistered_WhenClearHandlersIsCalledAndInvokeHandlersIsCalled_ThenHandlersForTheEventNameAreNotCalled" storage="d:\v2.0\a1\_work\dbded102\vso\tfs\service\webaccess\presentation\testscripts\common\tests\tfstests.richtext.ts" id="4eaefd77-c57a-4d89-955e-476d83cd0ad4">
      <Execution id="87fef367-f523-4247-9b19-09ba8524940d" />
      <TestMethod codeBase="d:\v2.0\a1\_work\dbded102\vso\tfs\service\webaccess\presentation\testscripts\common\tests\tfstests.richtext.ts" adapterTypeName="Microsoft.VisualStudio.TestTools.TestTypes.Unit.UnitTestAdapter" className="d:\v2.0\a1\_work\dbded102\vso\tfs\service\webaccess\presentation\testscripts\common\tests\tfstests.richtext.ts::tfstests.richtext" name="TFSTests.RichText.EventHandlers GivenHandlersAreRegistered_WhenClearHandlersIsCalledAndInvokeHandlersIsCalled_ThenHandlersForTheEventNameAreNotCalled" />
    </UnitTest>
    <UnitTest name="TFSTests.RichText.ElementCssClassesManager Given element does not exist and css classes were toggled, When element is created and reapplyCssClasses() is invoked, Then css classes are added to the element" storage="d:\v2.0\a1\_work\dbded102\vso\tfs\service\webaccess\presentation\testscripts\common\tests\tfstests.richtext.ts" id="bbf36406-8628-4c9f-9d3f-8f4ff123e282">
      <Execution id="859a4fcb-b5ad-4a90-b7ed-fc5b9112f55c" />
      <TestMethod codeBase="d:\v2.0\a1\_work\dbded102\vso\tfs\service\webaccess\presentation\testscripts\common\tests\tfstests.richtext.ts" adapterTypeName="Microsoft.VisualStudio.TestTools.TestTypes.Unit.UnitTestAdapter" className="d:\v2.0\a1\_work\dbded102\vso\tfs\service\webaccess\presentation\testscripts\common\tests\tfstests.richtext.ts::tfstests.richtext" name="TFSTests.RichText.ElementCssClassesManager Given element does not exist and css classes were toggled, When element is created and reapplyCssClasses() is invoked, Then css classes are added to the element" />
    </UnitTest>
    <UnitTest name="TFSTests.RichText.ElementCssClassesManager Given element exists, When css classes were toggled, Then css class changes are immediately applied to the element" storage="d:\v2.0\a1\_work\dbded102\vso\tfs\service\webaccess\presentation\testscripts\common\tests\tfstests.richtext.ts" id="dd7c105a-f27d-4ca5-8c19-85abc0913925">
      <Execution id="2f149c7e-dcd2-4433-830f-ca4307622b03" />
      <TestMethod codeBase="d:\v2.0\a1\_work\dbded102\vso\tfs\service\webaccess\presentation\testscripts\common\tests\tfstests.richtext.ts" adapterTypeName="Microsoft.VisualStudio.TestTools.TestTypes.Unit.UnitTestAdapter" className="d:\v2.0\a1\_work\dbded102\vso\tfs\service\webaccess\presentation\testscripts\common\tests\tfstests.richtext.ts::tfstests.richtext" name="TFSTests.RichText.ElementCssClassesManager Given element exists, When css classes were toggled, Then css class changes are immediately applied to the element" />
    </UnitTest>
    <UnitTest name="TFSTests.RichText.CKEditorAsyncWrapper WhenInitializeIsCalled_ThenCKEditorIsInstantiatedWithTheProvidedElementAndConfig" storage="d:\v2.0\a1\_work\dbded102\vso\tfs\service\webaccess\presentation\testscripts\common\tests\tfstests.richtext.ts" id="fab8789d-e7f3-4e5a-ab90-2d6109d94cea">
      <Execution id="7918ed08-a23b-4818-8377-d3b0c8c0abdd" />
      <TestMethod codeBase="d:\v2.0\a1\_work\dbded102\vso\tfs\service\webaccess\presentation\testscripts\common\tests\tfstests.richtext.ts" adapterTypeName="Microsoft.VisualStudio.TestTools.TestTypes.Unit.UnitTestAdapter" className="d:\v2.0\a1\_work\dbded102\vso\tfs\service\webaccess\presentation\testscripts\common\tests\tfstests.richtext.ts::tfstests.richtext" name="TFSTests.RichText.CKEditorAsyncWrapper WhenInitializeIsCalled_ThenCKEditorIsInstantiatedWithTheProvidedElementAndConfig" />
    </UnitTest>
    <UnitTest name="TFSTests.RichText.CKEditorAsyncWrapper GivenIsNotInitialized_WhenAnEventHandlerIsRegistered_ThenItWillBeCalledWhenCKEditorFiresThatEvent" storage="d:\v2.0\a1\_work\dbded102\vso\tfs\service\webaccess\presentation\testscripts\common\tests\tfstests.richtext.ts" id="2d273ca4-8b2f-4402-bd82-2a78a78fc84c">
      <Execution id="0366ffc8-4e08-4a23-be5e-5970f8ec9924" />
      <TestMethod codeBase="d:\v2.0\a1\_work\dbded102\vso\tfs\service\webaccess\presentation\testscripts\common\tests\tfstests.richtext.ts" adapterTypeName="Microsoft.VisualStudio.TestTools.TestTypes.Unit.UnitTestAdapter" className="d:\v2.0\a1\_work\dbded102\vso\tfs\service\webaccess\presentation\testscripts\common\tests\tfstests.richtext.ts::tfstests.richtext" name="TFSTests.RichText.CKEditorAsyncWrapper GivenIsNotInitialized_WhenAnEventHandlerIsRegistered_ThenItWillBeCalledWhenCKEditorFiresThatEvent" />
    </UnitTest>
    <UnitTest name="TFSTests.RichText.CKEditorAsyncWrapper GivenIsInitialized_WhenAnEventHandlerIsRegistered_ThenItWillBeCalledWhenCKEditorFiresThatEvent" storage="d:\v2.0\a1\_work\dbded102\vso\tfs\service\webaccess\presentation\testscripts\common\tests\tfstests.richtext.ts" id="adfe2c0f-1625-49e7-9597-ab7125ab6d00">
      <Execution id="4f6186b4-1fcc-4c65-a1db-f7520d178c6a" />
      <TestMethod codeBase="d:\v2.0\a1\_work\dbded102\vso\tfs\service\webaccess\presentation\testscripts\common\tests\tfstests.richtext.ts" adapterTypeName="Microsoft.VisualStudio.TestTools.TestTypes.Unit.UnitTestAdapter" className="d:\v2.0\a1\_work\dbded102\vso\tfs\service\webaccess\presentation\testscripts\common\tests\tfstests.richtext.ts::tfstests.richtext" name="TFSTests.RichText.CKEditorAsyncWrapper GivenIsInitialized_WhenAnEventHandlerIsRegistered_ThenItWillBeCalledWhenCKEditorFiresThatEvent" />
    </UnitTest>
    <UnitTest name="TFSTests.RichText.CKEditorAsyncWrapper GivenIsNotInitialized_WhenGetValueIsCalled_ThenItReturnsNull" storage="d:\v2.0\a1\_work\dbded102\vso\tfs\service\webaccess\presentation\testscripts\common\tests\tfstests.richtext.ts" id="563d9dab-8c99-410e-99d5-87d27635cef3">
      <Execution id="cabff700-f378-40c9-9877-8c8339c5b6bb" />
      <TestMethod codeBase="d:\v2.0\a1\_work\dbded102\vso\tfs\service\webaccess\presentation\testscripts\common\tests\tfstests.richtext.ts" adapterTypeName="Microsoft.VisualStudio.TestTools.TestTypes.Unit.UnitTestAdapter" className="d:\v2.0\a1\_work\dbded102\vso\tfs\service\webaccess\presentation\testscripts\common\tests\tfstests.richtext.ts::tfstests.richtext" name="TFSTests.RichText.CKEditorAsyncWrapper GivenIsNotInitialized_WhenGetValueIsCalled_ThenItReturnsNull" />
    </UnitTest>
    <UnitTest name="TFSTests.RichText.CKEditorAsyncWrapper GivenIsInitialized_WhenGetValueIsCalled_ThenItGetsValueFromCKEditor" storage="d:\v2.0\a1\_work\dbded102\vso\tfs\service\webaccess\presentation\testscripts\common\tests\tfstests.richtext.ts" id="182e75c8-0cec-4629-ac0f-ed08a3038f73">
      <Execution id="c4fa34e2-1222-42d2-90a3-7990e00b5bdb" />
      <TestMethod codeBase="d:\v2.0\a1\_work\dbded102\vso\tfs\service\webaccess\presentation\testscripts\common\tests\tfstests.richtext.ts" adapterTypeName="Microsoft.VisualStudio.TestTools.TestTypes.Unit.UnitTestAdapter" className="d:\v2.0\a1\_work\dbded102\vso\tfs\service\webaccess\presentation\testscripts\common\tests\tfstests.richtext.ts::tfstests.richtext" name="TFSTests.RichText.CKEditorAsyncWrapper GivenIsInitialized_WhenGetValueIsCalled_ThenItGetsValueFromCKEditor" />
    </UnitTest>
    <UnitTest name="TFSTests.RichText.CKEditorAsyncWrapper GivenIsNotInitialized_WhenGetValueIsCalled_ThenItReturnsNull" storage="d:\v2.0\a1\_work\dbded102\vso\tfs\service\webaccess\presentation\testscripts\common\tests\tfstests.richtext.ts" id="72b85ce0-c212-4fc9-929e-5f5c07821643">
      <Execution id="d4560f9f-94ba-4c81-bcf3-42602e95e121" />
      <TestMethod codeBase="d:\v2.0\a1\_work\dbded102\vso\tfs\service\webaccess\presentation\testscripts\common\tests\tfstests.richtext.ts" adapterTypeName="Microsoft.VisualStudio.TestTools.TestTypes.Unit.UnitTestAdapter" className="d:\v2.0\a1\_work\dbded102\vso\tfs\service\webaccess\presentation\testscripts\common\tests\tfstests.richtext.ts::tfstests.richtext" name="TFSTests.RichText.CKEditorAsyncWrapper GivenIsNotInitialized_WhenGetValueIsCalled_ThenItReturnsNull" />
    </UnitTest>
    <UnitTest name="TFSTests.RichText.CKEditorAsyncWrapper GivenIsNotInitialized_WhenSetValueIsCalled_ThenItDoesNothing" storage="d:\v2.0\a1\_work\dbded102\vso\tfs\service\webaccess\presentation\testscripts\common\tests\tfstests.richtext.ts" id="38477bc7-f727-4378-8ed8-465e35e39fb9">
      <Execution id="b7e39115-09dd-4262-8ba9-2d0d4fe26bd7" />
      <TestMethod codeBase="d:\v2.0\a1\_work\dbded102\vso\tfs\service\webaccess\presentation\testscripts\common\tests\tfstests.richtext.ts" adapterTypeName="Microsoft.VisualStudio.TestTools.TestTypes.Unit.UnitTestAdapter" className="d:\v2.0\a1\_work\dbded102\vso\tfs\service\webaccess\presentation\testscripts\common\tests\tfstests.richtext.ts::tfstests.richtext" name="TFSTests.RichText.CKEditorAsyncWrapper GivenIsNotInitialized_WhenSetValueIsCalled_ThenItDoesNothing" />
    </UnitTest>
    <UnitTest name="TFSTests.RichText.CKEditorAsyncWrapper GivenIsInitialized_WhenSetValueIsCalled_ThenItSetsTheValueOfCKEditor" storage="d:\v2.0\a1\_work\dbded102\vso\tfs\service\webaccess\presentation\testscripts\common\tests\tfstests.richtext.ts" id="39e3db34-b916-450c-aee3-bb32d8d5cc5e">
      <Execution id="79e32717-4772-46f7-aa78-20469f96ea71" />
      <TestMethod codeBase="d:\v2.0\a1\_work\dbded102\vso\tfs\service\webaccess\presentation\testscripts\common\tests\tfstests.richtext.ts" adapterTypeName="Microsoft.VisualStudio.TestTools.TestTypes.Unit.UnitTestAdapter" className="d:\v2.0\a1\_work\dbded102\vso\tfs\service\webaccess\presentation\testscripts\common\tests\tfstests.richtext.ts::tfstests.richtext" name="TFSTests.RichText.CKEditorAsyncWrapper GivenIsInitialized_WhenSetValueIsCalled_ThenItSetsTheValueOfCKEditor" />
    </UnitTest>
    <UnitTest name="TFSTests.RichText.CKEditorAsyncWrapper GivenIsNotInitialized_WhenIsReadOnlyIsSetAndThenRead_ThenTheValueReadIsTheValueWhichWasSet" storage="d:\v2.0\a1\_work\dbded102\vso\tfs\service\webaccess\presentation\testscripts\common\tests\tfstests.richtext.ts" id="9ff3a32e-6b86-4b14-9336-cbe90dbce7db">
      <Execution id="61df1af9-ac3f-4703-890a-4aa06757fda6" />
      <TestMethod codeBase="d:\v2.0\a1\_work\dbded102\vso\tfs\service\webaccess\presentation\testscripts\common\tests\tfstests.richtext.ts" adapterTypeName="Microsoft.VisualStudio.TestTools.TestTypes.Unit.UnitTestAdapter" className="d:\v2.0\a1\_work\dbded102\vso\tfs\service\webaccess\presentation\testscripts\common\tests\tfstests.richtext.ts::tfstests.richtext" name="TFSTests.RichText.CKEditorAsyncWrapper GivenIsNotInitialized_WhenIsReadOnlyIsSetAndThenRead_ThenTheValueReadIsTheValueWhichWasSet" />
    </UnitTest>
    <UnitTest name="TFSTests.RichText.CKEditorAsyncWrapper GivenIsNotInitialized_WhenIsReadOnlyIsSetToTrue_ThenTheSettingIsAppliedToCKEditor" storage="d:\v2.0\a1\_work\dbded102\vso\tfs\service\webaccess\presentation\testscripts\common\tests\tfstests.richtext.ts" id="715adb64-8ca6-45dc-a6a4-d199121a0237">
      <Execution id="f456c022-6199-493c-9dc1-3328bdab8432" />
      <TestMethod codeBase="d:\v2.0\a1\_work\dbded102\vso\tfs\service\webaccess\presentation\testscripts\common\tests\tfstests.richtext.ts" adapterTypeName="Microsoft.VisualStudio.TestTools.TestTypes.Unit.UnitTestAdapter" className="d:\v2.0\a1\_work\dbded102\vso\tfs\service\webaccess\presentation\testscripts\common\tests\tfstests.richtext.ts::tfstests.richtext" name="TFSTests.RichText.CKEditorAsyncWrapper GivenIsNotInitialized_WhenIsReadOnlyIsSetToTrue_ThenTheSettingIsAppliedToCKEditor" />
    </UnitTest>
    <UnitTest name="TFSTests.RichText.CKEditorAsyncWrapper GivenIsNotInitialized_WhenIsReadOnlyIsSetToFalse_ThenTheSettingIsAppliedToCKEditor" storage="d:\v2.0\a1\_work\dbded102\vso\tfs\service\webaccess\presentation\testscripts\common\tests\tfstests.richtext.ts" id="51476e41-e03f-4abb-86e2-b129d419aaf1">
      <Execution id="f3075703-7d31-4c51-93e6-b3633a9fac16" />
      <TestMethod codeBase="d:\v2.0\a1\_work\dbded102\vso\tfs\service\webaccess\presentation\testscripts\common\tests\tfstests.richtext.ts" adapterTypeName="Microsoft.VisualStudio.TestTools.TestTypes.Unit.UnitTestAdapter" className="d:\v2.0\a1\_work\dbded102\vso\tfs\service\webaccess\presentation\testscripts\common\tests\tfstests.richtext.ts::tfstests.richtext" name="TFSTests.RichText.CKEditorAsyncWrapper GivenIsNotInitialized_WhenIsReadOnlyIsSetToFalse_ThenTheSettingIsAppliedToCKEditor" />
    </UnitTest>
    <UnitTest name="TFSTests.RichText.CKEditorAsyncWrapper GivenIsInitialized_WhenGetIsReadOnlyIsCalled_ItReturnsCKEditorsReadOnlyState" storage="d:\v2.0\a1\_work\dbded102\vso\tfs\service\webaccess\presentation\testscripts\common\tests\tfstests.richtext.ts" id="f1afa840-18d5-4f83-b65d-ebcc65936095">
      <Execution id="e362b27e-934f-47ec-af04-ebfe94932ebd" />
      <TestMethod codeBase="d:\v2.0\a1\_work\dbded102\vso\tfs\service\webaccess\presentation\testscripts\common\tests\tfstests.richtext.ts" adapterTypeName="Microsoft.VisualStudio.TestTools.TestTypes.Unit.UnitTestAdapter" className="d:\v2.0\a1\_work\dbded102\vso\tfs\service\webaccess\presentation\testscripts\common\tests\tfstests.richtext.ts::tfstests.richtext" name="TFSTests.RichText.CKEditorAsyncWrapper GivenIsInitialized_WhenGetIsReadOnlyIsCalled_ItReturnsCKEditorsReadOnlyState" />
    </UnitTest>
    <UnitTest name="TFSTests.RichText.CKEditorAsyncWrapper GivenIsInitialized_WhenSetIsReadOnlyIsCalled_ThenItSetsCKEditorsReadOnlyState" storage="d:\v2.0\a1\_work\dbded102\vso\tfs\service\webaccess\presentation\testscripts\common\tests\tfstests.richtext.ts" id="52a9cdae-d3c9-4fb9-9849-5eef8663899a">
      <Execution id="21a8191e-9ea3-41fc-aade-0dd6261a4c74" />
      <TestMethod codeBase="d:\v2.0\a1\_work\dbded102\vso\tfs\service\webaccess\presentation\testscripts\common\tests\tfstests.richtext.ts" adapterTypeName="Microsoft.VisualStudio.TestTools.TestTypes.Unit.UnitTestAdapter" className="d:\v2.0\a1\_work\dbded102\vso\tfs\service\webaccess\presentation\testscripts\common\tests\tfstests.richtext.ts::tfstests.richtext" name="TFSTests.RichText.CKEditorAsyncWrapper GivenIsInitialized_WhenSetIsReadOnlyIsCalled_ThenItSetsCKEditorsReadOnlyState" />
    </UnitTest>
    <UnitTest name="TFSTests.RichText.CKEditorAsyncWrapper WhenSetDisableDoubleClickDialogsIsSetToTrue_ThenDoubleClickDialogsAreDisabled" storage="d:\v2.0\a1\_work\dbded102\vso\tfs\service\webaccess\presentation\testscripts\common\tests\tfstests.richtext.ts" id="54e15567-a6d9-4d10-8468-edc7a03da28a">
      <Execution id="f77096bd-972b-4911-b0b1-d1e8d756023d" />
      <TestMethod codeBase="d:\v2.0\a1\_work\dbded102\vso\tfs\service\webaccess\presentation\testscripts\common\tests\tfstests.richtext.ts" adapterTypeName="Microsoft.VisualStudio.TestTools.TestTypes.Unit.UnitTestAdapter" className="d:\v2.0\a1\_work\dbded102\vso\tfs\service\webaccess\presentation\testscripts\common\tests\tfstests.richtext.ts::tfstests.richtext" name="TFSTests.RichText.CKEditorAsyncWrapper WhenSetDisableDoubleClickDialogsIsSetToTrue_ThenDoubleClickDialogsAreDisabled" />
    </UnitTest>
    <UnitTest name="TFSTests.RichText.CKEditorAsyncWrapper WhenSetDisableDoubleClickDialogsIsSetToFalse_ThenDoubleClickDialogsAreNotDisabled" storage="d:\v2.0\a1\_work\dbded102\vso\tfs\service\webaccess\presentation\testscripts\common\tests\tfstests.richtext.ts" id="bc925586-9b63-4aa7-8cd6-8f7c80b4cb22">
      <Execution id="fe8ad1e0-23ad-43ad-a632-da3bf9350407" />
      <TestMethod codeBase="d:\v2.0\a1\_work\dbded102\vso\tfs\service\webaccess\presentation\testscripts\common\tests\tfstests.richtext.ts" adapterTypeName="Microsoft.VisualStudio.TestTools.TestTypes.Unit.UnitTestAdapter" className="d:\v2.0\a1\_work\dbded102\vso\tfs\service\webaccess\presentation\testscripts\common\tests\tfstests.richtext.ts::tfstests.richtext" name="TFSTests.RichText.CKEditorAsyncWrapper WhenSetDisableDoubleClickDialogsIsSetToFalse_ThenDoubleClickDialogsAreNotDisabled" />
    </UnitTest>
    <UnitTest name="TFSTests.RichText.CKEditorAsyncWrapper GivenIsNotInitialized_WhenFocusIsCalled_ThenItDoesNothing" storage="d:\v2.0\a1\_work\dbded102\vso\tfs\service\webaccess\presentation\testscripts\common\tests\tfstests.richtext.ts" id="c886307c-de71-49f0-90e3-2d8e00a11961">
      <Execution id="93a4d97b-3fef-415e-953a-1cbda1bd6279" />
      <TestMethod codeBase="d:\v2.0\a1\_work\dbded102\vso\tfs\service\webaccess\presentation\testscripts\common\tests\tfstests.richtext.ts" adapterTypeName="Microsoft.VisualStudio.TestTools.TestTypes.Unit.UnitTestAdapter" className="d:\v2.0\a1\_work\dbded102\vso\tfs\service\webaccess\presentation\testscripts\common\tests\tfstests.richtext.ts::tfstests.richtext" name="TFSTests.RichText.CKEditorAsyncWrapper GivenIsNotInitialized_WhenFocusIsCalled_ThenItDoesNothing" />
    </UnitTest>
    <UnitTest name="TFSTests.RichText.CKEditorAsyncWrapper GivenIsInitialized_WhenFocusIsCalled_ThenCKEditorIsFocusedAndTheFocusEventIsFired" storage="d:\v2.0\a1\_work\dbded102\vso\tfs\service\webaccess\presentation\testscripts\common\tests\tfstests.richtext.ts" id="3cd19133-71e8-4d3d-834a-b6028ec69135">
      <Execution id="d7c49ce1-fe83-4f2c-9fde-23bf4cdd968c" />
      <TestMethod codeBase="d:\v2.0\a1\_work\dbded102\vso\tfs\service\webaccess\presentation\testscripts\common\tests\tfstests.richtext.ts" adapterTypeName="Microsoft.VisualStudio.TestTools.TestTypes.Unit.UnitTestAdapter" className="d:\v2.0\a1\_work\dbded102\vso\tfs\service\webaccess\presentation\testscripts\common\tests\tfstests.richtext.ts::tfstests.richtext" name="TFSTests.RichText.CKEditorAsyncWrapper GivenIsInitialized_WhenFocusIsCalled_ThenCKEditorIsFocusedAndTheFocusEventIsFired" />
    </UnitTest>
    <UnitTest name="TFSTests.RichText.CKEditorAsyncWrapper GivenIsNotInitialized_WhenInsertHtmlIsCalled_ThenItReturnsFalse" storage="d:\v2.0\a1\_work\dbded102\vso\tfs\service\webaccess\presentation\testscripts\common\tests\tfstests.richtext.ts" id="3899855e-12e1-424c-b174-ea214e347880">
      <Execution id="6d5a479e-c571-418d-a9ae-7233c7d8b512" />
      <TestMethod codeBase="d:\v2.0\a1\_work\dbded102\vso\tfs\service\webaccess\presentation\testscripts\common\tests\tfstests.richtext.ts" adapterTypeName="Microsoft.VisualStudio.TestTools.TestTypes.Unit.UnitTestAdapter" className="d:\v2.0\a1\_work\dbded102\vso\tfs\service\webaccess\presentation\testscripts\common\tests\tfstests.richtext.ts::tfstests.richtext" name="TFSTests.RichText.CKEditorAsyncWrapper GivenIsNotInitialized_WhenInsertHtmlIsCalled_ThenItReturnsFalse" />
    </UnitTest>
    <UnitTest name="TFSTests.RichText.CKEditorAsyncWrapper GivenIsInitialized_WheninsertHtmlIsCalled_ThenItInsertsTheElementAndReturnsTrue" storage="d:\v2.0\a1\_work\dbded102\vso\tfs\service\webaccess\presentation\testscripts\common\tests\tfstests.richtext.ts" id="fecaced4-12eb-4a53-ae30-e43230334ac3">
      <Execution id="3f6ea1f3-65ce-4f3a-b84d-8ea171ec28ae" />
      <TestMethod codeBase="d:\v2.0\a1\_work\dbded102\vso\tfs\service\webaccess\presentation\testscripts\common\tests\tfstests.richtext.ts" adapterTypeName="Microsoft.VisualStudio.TestTools.TestTypes.Unit.UnitTestAdapter" className="d:\v2.0\a1\_work\dbded102\vso\tfs\service\webaccess\presentation\testscripts\common\tests\tfstests.richtext.ts::tfstests.richtext" name="TFSTests.RichText.CKEditorAsyncWrapper GivenIsInitialized_WheninsertHtmlIsCalled_ThenItInsertsTheElementAndReturnsTrue" />
    </UnitTest>
    <UnitTest name="TFSTests.RichText.CKEditorAsyncWrapper GivenIsNotInitialized_WhenExecCommandIsCalled_ThenItDoesNothing" storage="d:\v2.0\a1\_work\dbded102\vso\tfs\service\webaccess\presentation\testscripts\common\tests\tfstests.richtext.ts" id="4fd8397c-3156-4bbe-b953-a2eec9998dd4">
      <Execution id="52e4e222-7a39-48ce-857b-ec3fa85f763b" />
      <TestMethod codeBase="d:\v2.0\a1\_work\dbded102\vso\tfs\service\webaccess\presentation\testscripts\common\tests\tfstests.richtext.ts" adapterTypeName="Microsoft.VisualStudio.TestTools.TestTypes.Unit.UnitTestAdapter" className="d:\v2.0\a1\_work\dbded102\vso\tfs\service\webaccess\presentation\testscripts\common\tests\tfstests.richtext.ts::tfstests.richtext" name="TFSTests.RichText.CKEditorAsyncWrapper GivenIsNotInitialized_WhenExecCommandIsCalled_ThenItDoesNothing" />
    </UnitTest>
    <UnitTest name="TFSTests.RichText.CKEditorAsyncWrapper GivenIsInitialized_WhenExecCommandIsCalled_ThenItExecutesTheCommand" storage="d:\v2.0\a1\_work\dbded102\vso\tfs\service\webaccess\presentation\testscripts\common\tests\tfstests.richtext.ts" id="8849e8d3-c07a-4b01-8edb-8b81d538b821">
      <Execution id="41852a91-25dc-46e3-a1f3-ac14cd84973c" />
      <TestMethod codeBase="d:\v2.0\a1\_work\dbded102\vso\tfs\service\webaccess\presentation\testscripts\common\tests\tfstests.richtext.ts" adapterTypeName="Microsoft.VisualStudio.TestTools.TestTypes.Unit.UnitTestAdapter" className="d:\v2.0\a1\_work\dbded102\vso\tfs\service\webaccess\presentation\testscripts\common\tests\tfstests.richtext.ts::tfstests.richtext" name="TFSTests.RichText.CKEditorAsyncWrapper GivenIsInitialized_WhenExecCommandIsCalled_ThenItExecutesTheCommand" />
    </UnitTest>
    <UnitTest name="TFSTests.RichText.CKEditorAsyncWrapper GivenIsNotInitialized_WhenGetSelectionIsCalled_ThenItReturnsNull" storage="d:\v2.0\a1\_work\dbded102\vso\tfs\service\webaccess\presentation\testscripts\common\tests\tfstests.richtext.ts" id="6f45db84-b4e0-4e14-977f-9bad9a3fa4d4">
      <Execution id="a6c04542-bed3-4eeb-8df3-7bee058c88da" />
      <TestMethod codeBase="d:\v2.0\a1\_work\dbded102\vso\tfs\service\webaccess\presentation\testscripts\common\tests\tfstests.richtext.ts" adapterTypeName="Microsoft.VisualStudio.TestTools.TestTypes.Unit.UnitTestAdapter" className="d:\v2.0\a1\_work\dbded102\vso\tfs\service\webaccess\presentation\testscripts\common\tests\tfstests.richtext.ts::tfstests.richtext" name="TFSTests.RichText.CKEditorAsyncWrapper GivenIsNotInitialized_WhenGetSelectionIsCalled_ThenItReturnsNull" />
    </UnitTest>
    <UnitTest name="TFSTests.RichText.CKEditorAsyncWrapper GivenIsInitialized_WhenGetSelectionIsCalled_ThenItReturnsTheSelection" storage="d:\v2.0\a1\_work\dbded102\vso\tfs\service\webaccess\presentation\testscripts\common\tests\tfstests.richtext.ts" id="a79955d5-f3a6-46d4-ae29-50756ad73f86">
      <Execution id="0c973966-939e-431e-a80a-b7ca90b9c2ad" />
      <TestMethod codeBase="d:\v2.0\a1\_work\dbded102\vso\tfs\service\webaccess\presentation\testscripts\common\tests\tfstests.richtext.ts" adapterTypeName="Microsoft.VisualStudio.TestTools.TestTypes.Unit.UnitTestAdapter" className="d:\v2.0\a1\_work\dbded102\vso\tfs\service\webaccess\presentation\testscripts\common\tests\tfstests.richtext.ts::tfstests.richtext" name="TFSTests.RichText.CKEditorAsyncWrapper GivenIsInitialized_WhenGetSelectionIsCalled_ThenItReturnsTheSelection" />
    </UnitTest>
    <UnitTest name="TFSTests.RichText.CKEditorAsyncWrapper GivenIsNotInitialized_WhenGetDocumentIsCalled_ThenItReturnsNull" storage="d:\v2.0\a1\_work\dbded102\vso\tfs\service\webaccess\presentation\testscripts\common\tests\tfstests.richtext.ts" id="af8c1c9a-2f7f-4253-99b2-f8ad2eb7f344">
      <Execution id="8d2bb531-6669-4eb5-87f7-d1dba0c559f6" />
      <TestMethod codeBase="d:\v2.0\a1\_work\dbded102\vso\tfs\service\webaccess\presentation\testscripts\common\tests\tfstests.richtext.ts" adapterTypeName="Microsoft.VisualStudio.TestTools.TestTypes.Unit.UnitTestAdapter" className="d:\v2.0\a1\_work\dbded102\vso\tfs\service\webaccess\presentation\testscripts\common\tests\tfstests.richtext.ts::tfstests.richtext" name="TFSTests.RichText.CKEditorAsyncWrapper GivenIsNotInitialized_WhenGetDocumentIsCalled_ThenItReturnsNull" />
    </UnitTest>
    <UnitTest name="TFSTests.RichText.CKEditorAsyncWrapper GivenIsInitialized_WhenGetDocumentIsCalled_ThenItGetsTheDocument" storage="d:\v2.0\a1\_work\dbded102\vso\tfs\service\webaccess\presentation\testscripts\common\tests\tfstests.richtext.ts" id="8cf235be-da26-4f56-8e8a-4584f18532fc">
      <Execution id="e5ce8f8a-3630-456e-8914-06cc6d4b9faf" />
      <TestMethod codeBase="d:\v2.0\a1\_work\dbded102\vso\tfs\service\webaccess\presentation\testscripts\common\tests\tfstests.richtext.ts" adapterTypeName="Microsoft.VisualStudio.TestTools.TestTypes.Unit.UnitTestAdapter" className="d:\v2.0\a1\_work\dbded102\vso\tfs\service\webaccess\presentation\testscripts\common\tests\tfstests.richtext.ts::tfstests.richtext" name="TFSTests.RichText.CKEditorAsyncWrapper GivenIsInitialized_WhenGetDocumentIsCalled_ThenItGetsTheDocument" />
    </UnitTest>
    <UnitTest name="TFSTests.RichText.CKEditorAsyncWrapper GivenIsNotInitialized_WhenGetWindowIsCalled_ThenItReturnsNull" storage="d:\v2.0\a1\_work\dbded102\vso\tfs\service\webaccess\presentation\testscripts\common\tests\tfstests.richtext.ts" id="db44d2be-6c6d-4fd6-87b6-946929a97afa">
      <Execution id="566fcf8c-e12b-4b90-8c07-86304209fb42" />
      <TestMethod codeBase="d:\v2.0\a1\_work\dbded102\vso\tfs\service\webaccess\presentation\testscripts\common\tests\tfstests.richtext.ts" adapterTypeName="Microsoft.VisualStudio.TestTools.TestTypes.Unit.UnitTestAdapter" className="d:\v2.0\a1\_work\dbded102\vso\tfs\service\webaccess\presentation\testscripts\common\tests\tfstests.richtext.ts::tfstests.richtext" name="TFSTests.RichText.CKEditorAsyncWrapper GivenIsNotInitialized_WhenGetWindowIsCalled_ThenItReturnsNull" />
    </UnitTest>
    <UnitTest name="TFSTests.RichText.CKEditorAsyncWrapper GivenIsInitialized_WhenGetWindowIsCalled_ThenItGetsTheWindow" storage="d:\v2.0\a1\_work\dbded102\vso\tfs\service\webaccess\presentation\testscripts\common\tests\tfstests.richtext.ts" id="8914ca7f-e54c-4f12-bb8a-bff3f3734c82">
      <Execution id="d7eae52a-896a-4de8-bc86-ca7f7df2d9ea" />
      <TestMethod codeBase="d:\v2.0\a1\_work\dbded102\vso\tfs\service\webaccess\presentation\testscripts\common\tests\tfstests.richtext.ts" adapterTypeName="Microsoft.VisualStudio.TestTools.TestTypes.Unit.UnitTestAdapter" className="d:\v2.0\a1\_work\dbded102\vso\tfs\service\webaccess\presentation\testscripts\common\tests\tfstests.richtext.ts::tfstests.richtext" name="TFSTests.RichText.CKEditorAsyncWrapper GivenIsInitialized_WhenGetWindowIsCalled_ThenItGetsTheWindow" />
    </UnitTest>
    <UnitTest name="TFSTests.RichText.CKEditorAsyncWrapper GivenIsNotInitialized_WhenGetContainerIsCalled_ThenItReturnsNull" storage="d:\v2.0\a1\_work\dbded102\vso\tfs\service\webaccess\presentation\testscripts\common\tests\tfstests.richtext.ts" id="63f3dfe7-c5b5-49e2-9605-dfbaf08f4318">
      <Execution id="35c574c1-a0cc-4d7d-9457-4bc49f6d623c" />
      <TestMethod codeBase="d:\v2.0\a1\_work\dbded102\vso\tfs\service\webaccess\presentation\testscripts\common\tests\tfstests.richtext.ts" adapterTypeName="Microsoft.VisualStudio.TestTools.TestTypes.Unit.UnitTestAdapter" className="d:\v2.0\a1\_work\dbded102\vso\tfs\service\webaccess\presentation\testscripts\common\tests\tfstests.richtext.ts::tfstests.richtext" name="TFSTests.RichText.CKEditorAsyncWrapper GivenIsNotInitialized_WhenGetContainerIsCalled_ThenItReturnsNull" />
    </UnitTest>
    <UnitTest name="TFSTests.RichText.CKEditorAsyncWrapper GivenIsInitialized_WhenGetContainerIsCalled_ThenItGetsTheContainer" storage="d:\v2.0\a1\_work\dbded102\vso\tfs\service\webaccess\presentation\testscripts\common\tests\tfstests.richtext.ts" id="7fad43ca-8958-4acd-8904-85a8438b2921">
      <Execution id="29744d6c-b675-40ef-9597-70690522ab77" />
      <TestMethod codeBase="d:\v2.0\a1\_work\dbded102\vso\tfs\service\webaccess\presentation\testscripts\common\tests\tfstests.richtext.ts" adapterTypeName="Microsoft.VisualStudio.TestTools.TestTypes.Unit.UnitTestAdapter" className="d:\v2.0\a1\_work\dbded102\vso\tfs\service\webaccess\presentation\testscripts\common\tests\tfstests.richtext.ts::tfstests.richtext" name="TFSTests.RichText.CKEditorAsyncWrapper GivenIsInitialized_WhenGetContainerIsCalled_ThenItGetsTheContainer" />
    </UnitTest>
    <UnitTest name="TFSTests.RichText.CKEditorAsyncWrapper GivenIsNotDisposed_WhenDisposeIsCalled_ThenItDestroysCKEditor" storage="d:\v2.0\a1\_work\dbded102\vso\tfs\service\webaccess\presentation\testscripts\common\tests\tfstests.richtext.ts" id="f93a98b4-a21d-4f8b-86e5-d9063ac99422">
      <Execution id="a443648e-364f-477a-afab-a9273e41ffe9" />
      <TestMethod codeBase="d:\v2.0\a1\_work\dbded102\vso\tfs\service\webaccess\presentation\testscripts\common\tests\tfstests.richtext.ts" adapterTypeName="Microsoft.VisualStudio.TestTools.TestTypes.Unit.UnitTestAdapter" className="d:\v2.0\a1\_work\dbded102\vso\tfs\service\webaccess\presentation\testscripts\common\tests\tfstests.richtext.ts::tfstests.richtext" name="TFSTests.RichText.CKEditorAsyncWrapper GivenIsNotDisposed_WhenDisposeIsCalled_ThenItDestroysCKEditor" />
    </UnitTest>
    <UnitTest name="TFSTests.RichText.CKEditorAsyncWrapper GivenIsNotInitialized_WhenDisposeIsCalled_ThenItDoesNothing" storage="d:\v2.0\a1\_work\dbded102\vso\tfs\service\webaccess\presentation\testscripts\common\tests\tfstests.richtext.ts" id="6bb4fbcf-dfa5-48ee-a120-8320f9e841f7">
      <Execution id="68f0e1d3-c774-4108-b69a-34d24b7f87ec" />
      <TestMethod codeBase="d:\v2.0\a1\_work\dbded102\vso\tfs\service\webaccess\presentation\testscripts\common\tests\tfstests.richtext.ts" adapterTypeName="Microsoft.VisualStudio.TestTools.TestTypes.Unit.UnitTestAdapter" className="d:\v2.0\a1\_work\dbded102\vso\tfs\service\webaccess\presentation\testscripts\common\tests\tfstests.richtext.ts::tfstests.richtext" name="TFSTests.RichText.CKEditorAsyncWrapper GivenIsNotInitialized_WhenDisposeIsCalled_ThenItDoesNothing" />
    </UnitTest>
    <UnitTest name="TFSTests.RichText.CKEditorAsyncWrapper GivenIsDisposed_WhenDisposeIsCalled_ThenItDoesNothing" storage="d:\v2.0\a1\_work\dbded102\vso\tfs\service\webaccess\presentation\testscripts\common\tests\tfstests.richtext.ts" id="b5a4898f-ab22-459c-9836-deb2daa40632">
      <Execution id="58b2f71c-038b-433c-8bf7-d300bd2af3c2" />
      <TestMethod codeBase="d:\v2.0\a1\_work\dbded102\vso\tfs\service\webaccess\presentation\testscripts\common\tests\tfstests.richtext.ts" adapterTypeName="Microsoft.VisualStudio.TestTools.TestTypes.Unit.UnitTestAdapter" className="d:\v2.0\a1\_work\dbded102\vso\tfs\service\webaccess\presentation\testscripts\common\tests\tfstests.richtext.ts::tfstests.richtext" name="TFSTests.RichText.CKEditorAsyncWrapper GivenIsDisposed_WhenDisposeIsCalled_ThenItDoesNothing" />
    </UnitTest>
    <UnitTest name="TFSTests.RichText.CKEditorAdapter WhenDisposeIsCalled_ThenDisposesEditor" storage="d:\v2.0\a1\_work\dbded102\vso\tfs\service\webaccess\presentation\testscripts\common\tests\tfstests.richtext.ts" id="d0530d09-9596-4751-9a0e-a0a26931fd00">
      <Execution id="427c20dd-2138-4491-af17-ad3cfecc7310" />
      <TestMethod codeBase="d:\v2.0\a1\_work\dbded102\vso\tfs\service\webaccess\presentation\testscripts\common\tests\tfstests.richtext.ts" adapterTypeName="Microsoft.VisualStudio.TestTools.TestTypes.Unit.UnitTestAdapter" className="d:\v2.0\a1\_work\dbded102\vso\tfs\service\webaccess\presentation\testscripts\common\tests\tfstests.richtext.ts::tfstests.richtext" name="TFSTests.RichText.CKEditorAdapter WhenDisposeIsCalled_ThenDisposesEditor" />
    </UnitTest>
    <UnitTest name="TFSTests.RichText.CKEditorAdapter GivenSetValueHasBeenCalled_WhenGetValueIsCalledImmediatelyAfter_ThenTheValueWhichWasPassedToSetValueIsReturned" storage="d:\v2.0\a1\_work\dbded102\vso\tfs\service\webaccess\presentation\testscripts\common\tests\tfstests.richtext.ts" id="11d76f5f-bb5a-4d98-bf8a-97cbf6006eb1">
      <Execution id="bb841ddd-4182-4b4a-ad01-5bd8ee7df5fd" />
      <TestMethod codeBase="d:\v2.0\a1\_work\dbded102\vso\tfs\service\webaccess\presentation\testscripts\common\tests\tfstests.richtext.ts" adapterTypeName="Microsoft.VisualStudio.TestTools.TestTypes.Unit.UnitTestAdapter" className="d:\v2.0\a1\_work\dbded102\vso\tfs\service\webaccess\presentation\testscripts\common\tests\tfstests.richtext.ts::tfstests.richtext" name="TFSTests.RichText.CKEditorAdapter GivenSetValueHasBeenCalled_WhenGetValueIsCalledImmediatelyAfter_ThenTheValueWhichWasPassedToSetValueIsReturned" />
    </UnitTest>
    <UnitTest name="TFSTests.RichText.CKEditorAdapter GivenInBetweenEditorsSetValueBeingCalledAndTheContentDomEvent_WhenGetValueIsCalled_ThenTheValueWhichWasPassedToSetValueIsReturned" storage="d:\v2.0\a1\_work\dbded102\vso\tfs\service\webaccess\presentation\testscripts\common\tests\tfstests.richtext.ts" id="36deaf35-a1de-4b67-98aa-0a5b02b54a51">
      <Execution id="8fcf9706-a3ce-40c2-8ea7-82ba965f911b" />
      <TestMethod codeBase="d:\v2.0\a1\_work\dbded102\vso\tfs\service\webaccess\presentation\testscripts\common\tests\tfstests.richtext.ts" adapterTypeName="Microsoft.VisualStudio.TestTools.TestTypes.Unit.UnitTestAdapter" className="d:\v2.0\a1\_work\dbded102\vso\tfs\service\webaccess\presentation\testscripts\common\tests\tfstests.richtext.ts::tfstests.richtext" name="TFSTests.RichText.CKEditorAdapter GivenInBetweenEditorsSetValueBeingCalledAndTheContentDomEvent_WhenGetValueIsCalled_ThenTheValueWhichWasPassedToSetValueIsReturned" />
    </UnitTest>
    <UnitTest name="TFSTests.RichText.CKEditorAdapter GivenAValueHasBeenFullyLoaded_WhenGetValueIsCalled_ThenTheEditorsValueIsReturned" storage="d:\v2.0\a1\_work\dbded102\vso\tfs\service\webaccess\presentation\testscripts\common\tests\tfstests.richtext.ts" id="cfb279fd-8784-43d8-ace4-86462e89f5cf">
      <Execution id="58d143d4-758a-44ff-a4a3-47aa1c54ca87" />
      <TestMethod codeBase="d:\v2.0\a1\_work\dbded102\vso\tfs\service\webaccess\presentation\testscripts\common\tests\tfstests.richtext.ts" adapterTypeName="Microsoft.VisualStudio.TestTools.TestTypes.Unit.UnitTestAdapter" className="d:\v2.0\a1\_work\dbded102\vso\tfs\service\webaccess\presentation\testscripts\common\tests\tfstests.richtext.ts::tfstests.richtext" name="TFSTests.RichText.CKEditorAdapter GivenAValueHasBeenFullyLoaded_WhenGetValueIsCalled_ThenTheEditorsValueIsReturned" />
    </UnitTest>
    <UnitTest name="TFSTests.RichText.CKEditorAdapter GivenEditorIsNotReady_WhenOnceReadyIsCalled_ThenHandlerIsInvokedAfterEditorIsReady" storage="d:\v2.0\a1\_work\dbded102\vso\tfs\service\webaccess\presentation\testscripts\common\tests\tfstests.richtext.ts" id="a0fe8046-ee00-406e-9c27-2efa47e634d0">
      <Execution id="297b1596-c7fe-4ea2-98b3-b5d93efab696" />
      <TestMethod codeBase="d:\v2.0\a1\_work\dbded102\vso\tfs\service\webaccess\presentation\testscripts\common\tests\tfstests.richtext.ts" adapterTypeName="Microsoft.VisualStudio.TestTools.TestTypes.Unit.UnitTestAdapter" className="d:\v2.0\a1\_work\dbded102\vso\tfs\service\webaccess\presentation\testscripts\common\tests\tfstests.richtext.ts::tfstests.richtext" name="TFSTests.RichText.CKEditorAdapter GivenEditorIsNotReady_WhenOnceReadyIsCalled_ThenHandlerIsInvokedAfterEditorIsReady" />
    </UnitTest>
    <UnitTest name="TFSTests.RichText.CKEditorAdapter GivenEditorIsReady_WhenOnceReadyIsCalled_ThenHandlerIsInvoked" storage="d:\v2.0\a1\_work\dbded102\vso\tfs\service\webaccess\presentation\testscripts\common\tests\tfstests.richtext.ts" id="f8a935af-69fb-4c43-9b31-f1ad145bce0f">
      <Execution id="8e754f9c-7459-46a7-a87c-5759f67c8ae3" />
      <TestMethod codeBase="d:\v2.0\a1\_work\dbded102\vso\tfs\service\webaccess\presentation\testscripts\common\tests\tfstests.richtext.ts" adapterTypeName="Microsoft.VisualStudio.TestTools.TestTypes.Unit.UnitTestAdapter" className="d:\v2.0\a1\_work\dbded102\vso\tfs\service\webaccess\presentation\testscripts\common\tests\tfstests.richtext.ts::tfstests.richtext" name="TFSTests.RichText.CKEditorAdapter GivenEditorIsReady_WhenOnceReadyIsCalled_ThenHandlerIsInvoked" />
    </UnitTest>
    <UnitTest name="TFSTests.RichText.CKEditorAdapter Given editor is not ready and there is a ready handler which calls setValue, When that handler is invoked, Then all subsequent handlers are only invoked when the editor is ready again" storage="d:\v2.0\a1\_work\dbded102\vso\tfs\service\webaccess\presentation\testscripts\common\tests\tfstests.richtext.ts" id="3d3a9564-693c-4707-9403-dacbb9232567">
      <Execution id="84034b83-0305-4067-a9dd-e5c47614f22f" />
      <TestMethod codeBase="d:\v2.0\a1\_work\dbded102\vso\tfs\service\webaccess\presentation\testscripts\common\tests\tfstests.richtext.ts" adapterTypeName="Microsoft.VisualStudio.TestTools.TestTypes.Unit.UnitTestAdapter" className="d:\v2.0\a1\_work\dbded102\vso\tfs\service\webaccess\presentation\testscripts\common\tests\tfstests.richtext.ts::tfstests.richtext" name="TFSTests.RichText.CKEditorAdapter Given editor is not ready and there is a ready handler which calls setValue, When that handler is invoked, Then all subsequent handlers are only invoked when the editor is ready again" />
    </UnitTest>
    <UnitTest name="TFSTests.RichText.CKEditorAdapter WhenOnBlurIsCalled_ThenHandlerIsAttachedToTheBlurEvent" storage="d:\v2.0\a1\_work\dbded102\vso\tfs\service\webaccess\presentation\testscripts\common\tests\tfstests.richtext.ts" id="85e1f0bf-0950-4270-96b5-a39d8330dd88">
      <Execution id="a8577d2f-434a-4dcf-ab17-c4f219d5dafd" />
      <TestMethod codeBase="d:\v2.0\a1\_work\dbded102\vso\tfs\service\webaccess\presentation\testscripts\common\tests\tfstests.richtext.ts" adapterTypeName="Microsoft.VisualStudio.TestTools.TestTypes.Unit.UnitTestAdapter" className="d:\v2.0\a1\_work\dbded102\vso\tfs\service\webaccess\presentation\testscripts\common\tests\tfstests.richtext.ts::tfstests.richtext" name="TFSTests.RichText.CKEditorAdapter WhenOnBlurIsCalled_ThenHandlerIsAttachedToTheBlurEvent" />
    </UnitTest>
    <UnitTest name="TFSTests.RichText.CKEditorAdapter WhenOffBlurIsCalled_ThenBlurEventHandlersAreRemoved" storage="d:\v2.0\a1\_work\dbded102\vso\tfs\service\webaccess\presentation\testscripts\common\tests\tfstests.richtext.ts" id="10a2fa65-c033-43e2-8fa0-6addc499483c">
      <Execution id="530eaff7-07e7-4ca5-b301-a5adeecd6b83" />
      <TestMethod codeBase="d:\v2.0\a1\_work\dbded102\vso\tfs\service\webaccess\presentation\testscripts\common\tests\tfstests.richtext.ts" adapterTypeName="Microsoft.VisualStudio.TestTools.TestTypes.Unit.UnitTestAdapter" className="d:\v2.0\a1\_work\dbded102\vso\tfs\service\webaccess\presentation\testscripts\common\tests\tfstests.richtext.ts::tfstests.richtext" name="TFSTests.RichText.CKEditorAdapter WhenOffBlurIsCalled_ThenBlurEventHandlersAreRemoved" />
    </UnitTest>
    <UnitTest name="TFSTests.RichText.CKEditorAdapter WhenOnFocusIsCalled_ThenHandlerIsAttachedToTheFocusEvent" storage="d:\v2.0\a1\_work\dbded102\vso\tfs\service\webaccess\presentation\testscripts\common\tests\tfstests.richtext.ts" id="60e8fd39-761e-4c04-a229-90cb23d396e5">
      <Execution id="6da4262a-8285-40a0-9f5c-517f37ec7aac" />
      <TestMethod codeBase="d:\v2.0\a1\_work\dbded102\vso\tfs\service\webaccess\presentation\testscripts\common\tests\tfstests.richtext.ts" adapterTypeName="Microsoft.VisualStudio.TestTools.TestTypes.Unit.UnitTestAdapter" className="d:\v2.0\a1\_work\dbded102\vso\tfs\service\webaccess\presentation\testscripts\common\tests\tfstests.richtext.ts::tfstests.richtext" name="TFSTests.RichText.CKEditorAdapter WhenOnFocusIsCalled_ThenHandlerIsAttachedToTheFocusEvent" />
    </UnitTest>
    <UnitTest name="TFSTests.RichText.CKEditorAdapter WhenOffFocusIsCalled_ThenFocusEventHandlersAreRemoved" storage="d:\v2.0\a1\_work\dbded102\vso\tfs\service\webaccess\presentation\testscripts\common\tests\tfstests.richtext.ts" id="f7f6ca3f-b5e2-42c2-80bd-a11e9b188de4">
      <Execution id="3caa0437-cbb4-454c-9384-fe320fbbd12f" />
      <TestMethod codeBase="d:\v2.0\a1\_work\dbded102\vso\tfs\service\webaccess\presentation\testscripts\common\tests\tfstests.richtext.ts" adapterTypeName="Microsoft.VisualStudio.TestTools.TestTypes.Unit.UnitTestAdapter" className="d:\v2.0\a1\_work\dbded102\vso\tfs\service\webaccess\presentation\testscripts\common\tests\tfstests.richtext.ts::tfstests.richtext" name="TFSTests.RichText.CKEditorAdapter WhenOffFocusIsCalled_ThenFocusEventHandlersAreRemoved" />
    </UnitTest>
    <UnitTest name="TFSTests.RichText.CKEditorAdapter WhenBodyOnIsCalled_ThenHandlerIsAttachedToTheBodyEvent" storage="d:\v2.0\a1\_work\dbded102\vso\tfs\service\webaccess\presentation\testscripts\common\tests\tfstests.richtext.ts" id="3a535ccb-3762-4640-948b-f2c6fe5b7092">
      <Execution id="30e88996-06ff-4351-a482-2dfe2d5da4c6" />
      <TestMethod codeBase="d:\v2.0\a1\_work\dbded102\vso\tfs\service\webaccess\presentation\testscripts\common\tests\tfstests.richtext.ts" adapterTypeName="Microsoft.VisualStudio.TestTools.TestTypes.Unit.UnitTestAdapter" className="d:\v2.0\a1\_work\dbded102\vso\tfs\service\webaccess\presentation\testscripts\common\tests\tfstests.richtext.ts::tfstests.richtext" name="TFSTests.RichText.CKEditorAdapter WhenBodyOnIsCalled_ThenHandlerIsAttachedToTheBodyEvent" />
    </UnitTest>
    <UnitTest name="TFSTests.RichText.CKEditorAdapter WhenBodyOffIsCalled_ThenTheBodyEventHandlersAreRemoved" storage="d:\v2.0\a1\_work\dbded102\vso\tfs\service\webaccess\presentation\testscripts\common\tests\tfstests.richtext.ts" id="e2b991d0-0177-4fb2-ae2b-b8c5903aa644">
      <Execution id="004268af-0d7a-4a8f-9309-fef9b295dd9c" />
      <TestMethod codeBase="d:\v2.0\a1\_work\dbded102\vso\tfs\service\webaccess\presentation\testscripts\common\tests\tfstests.richtext.ts" adapterTypeName="Microsoft.VisualStudio.TestTools.TestTypes.Unit.UnitTestAdapter" className="d:\v2.0\a1\_work\dbded102\vso\tfs\service\webaccess\presentation\testscripts\common\tests\tfstests.richtext.ts::tfstests.richtext" name="TFSTests.RichText.CKEditorAdapter WhenBodyOffIsCalled_ThenTheBodyEventHandlersAreRemoved" />
    </UnitTest>
    <UnitTest name="TFSTests.RichText.CKEditorAdapter WhenAnchorOnIsCalled_ThenHandlerIsAttachedToTheAnchorEvent" storage="d:\v2.0\a1\_work\dbded102\vso\tfs\service\webaccess\presentation\testscripts\common\tests\tfstests.richtext.ts" id="bed82b39-07e8-4dba-83a0-ec3381329b1c">
      <Execution id="e5c4719c-9a13-4404-a282-58dca720cbd7" />
      <TestMethod codeBase="d:\v2.0\a1\_work\dbded102\vso\tfs\service\webaccess\presentation\testscripts\common\tests\tfstests.richtext.ts" adapterTypeName="Microsoft.VisualStudio.TestTools.TestTypes.Unit.UnitTestAdapter" className="d:\v2.0\a1\_work\dbded102\vso\tfs\service\webaccess\presentation\testscripts\common\tests\tfstests.richtext.ts::tfstests.richtext" name="TFSTests.RichText.CKEditorAdapter WhenAnchorOnIsCalled_ThenHandlerIsAttachedToTheAnchorEvent" />
    </UnitTest>
    <UnitTest name="TFSTests.RichText.CKEditorAdapter WhenAnchorOffIsCalled_ThenTheAnchorEventHandlersAreRemoved" storage="d:\v2.0\a1\_work\dbded102\vso\tfs\service\webaccess\presentation\testscripts\common\tests\tfstests.richtext.ts" id="467484c4-c923-4941-b48c-96107c749325">
      <Execution id="f045031b-e2c8-46ae-aa61-662bc4ff274a" />
      <TestMethod codeBase="d:\v2.0\a1\_work\dbded102\vso\tfs\service\webaccess\presentation\testscripts\common\tests\tfstests.richtext.ts" adapterTypeName="Microsoft.VisualStudio.TestTools.TestTypes.Unit.UnitTestAdapter" className="d:\v2.0\a1\_work\dbded102\vso\tfs\service\webaccess\presentation\testscripts\common\tests\tfstests.richtext.ts::tfstests.richtext" name="TFSTests.RichText.CKEditorAdapter WhenAnchorOffIsCalled_ThenTheAnchorEventHandlersAreRemoved" />
    </UnitTest>
    <UnitTest name="TFSTests.RichText.CKEditorAdapter WhenSetIsReadOnlyIsCalled_ThenItSetsTheReadOnlyState" storage="d:\v2.0\a1\_work\dbded102\vso\tfs\service\webaccess\presentation\testscripts\common\tests\tfstests.richtext.ts" id="d7bfd5c0-aecd-46eb-af61-d3ff8501f6fc">
      <Execution id="2b4fdb56-0b1a-4f54-80ef-2553c3d06e78" />
      <TestMethod codeBase="d:\v2.0\a1\_work\dbded102\vso\tfs\service\webaccess\presentation\testscripts\common\tests\tfstests.richtext.ts" adapterTypeName="Microsoft.VisualStudio.TestTools.TestTypes.Unit.UnitTestAdapter" className="d:\v2.0\a1\_work\dbded102\vso\tfs\service\webaccess\presentation\testscripts\common\tests\tfstests.richtext.ts::tfstests.richtext" name="TFSTests.RichText.CKEditorAdapter WhenSetIsReadOnlyIsCalled_ThenItSetsTheReadOnlyState" />
    </UnitTest>
    <UnitTest name="TFSTests.RichText.CKEditorAdapter WhenInsertImageIsCalled_ThenItInsertsTheImage" storage="d:\v2.0\a1\_work\dbded102\vso\tfs\service\webaccess\presentation\testscripts\common\tests\tfstests.richtext.ts" id="bc812c3a-063d-4eda-9dbc-a16d2508e35b">
      <Execution id="a957502a-1631-4453-aa0e-0d297a72657c" />
      <TestMethod codeBase="d:\v2.0\a1\_work\dbded102\vso\tfs\service\webaccess\presentation\testscripts\common\tests\tfstests.richtext.ts" adapterTypeName="Microsoft.VisualStudio.TestTools.TestTypes.Unit.UnitTestAdapter" className="d:\v2.0\a1\_work\dbded102\vso\tfs\service\webaccess\presentation\testscripts\common\tests\tfstests.richtext.ts::tfstests.richtext" name="TFSTests.RichText.CKEditorAdapter WhenInsertImageIsCalled_ThenItInsertsTheImage" />
    </UnitTest>
    <UnitTest name="TFSTests.RichText.CKEditorAdapter WhenInsertLinkIsCalled_ThenItInsertsTheLink" storage="d:\v2.0\a1\_work\dbded102\vso\tfs\service\webaccess\presentation\testscripts\common\tests\tfstests.richtext.ts" id="c43d3263-9b12-4019-a78b-cba577ce95fd">
      <Execution id="115061ca-9951-45a9-b9be-d1f586e37337" />
      <TestMethod codeBase="d:\v2.0\a1\_work\dbded102\vso\tfs\service\webaccess\presentation\testscripts\common\tests\tfstests.richtext.ts" adapterTypeName="Microsoft.VisualStudio.TestTools.TestTypes.Unit.UnitTestAdapter" className="d:\v2.0\a1\_work\dbded102\vso\tfs\service\webaccess\presentation\testscripts\common\tests\tfstests.richtext.ts::tfstests.richtext" name="TFSTests.RichText.CKEditorAdapter WhenInsertLinkIsCalled_ThenItInsertsTheLink" />
    </UnitTest>
    <UnitTest name="TFSTests.RichText.CKEditorAdapter GivenEditorDocumentDoesNotExist_WhenUnlinkIsCalled_ThenItDoesNothing" storage="d:\v2.0\a1\_work\dbded102\vso\tfs\service\webaccess\presentation\testscripts\common\tests\tfstests.richtext.ts" id="54ae552b-f779-4777-b224-296bb0468394">
      <Execution id="6c68ae8b-238c-4a36-9522-87d67963182a" />
      <TestMethod codeBase="d:\v2.0\a1\_work\dbded102\vso\tfs\service\webaccess\presentation\testscripts\common\tests\tfstests.richtext.ts" adapterTypeName="Microsoft.VisualStudio.TestTools.TestTypes.Unit.UnitTestAdapter" className="d:\v2.0\a1\_work\dbded102\vso\tfs\service\webaccess\presentation\testscripts\common\tests\tfstests.richtext.ts::tfstests.richtext" name="TFSTests.RichText.CKEditorAdapter GivenEditorDocumentDoesNotExist_WhenUnlinkIsCalled_ThenItDoesNothing" />
    </UnitTest>
    <UnitTest name="TFSTests.RichText.CKEditorAdapter GivenEditorDocumentExists_WhenUnlinkIsCalled_ThenItExecutesTheUnlinkCommand" storage="d:\v2.0\a1\_work\dbded102\vso\tfs\service\webaccess\presentation\testscripts\common\tests\tfstests.richtext.ts" id="b7bd8a48-e852-4689-ab0a-d040ec56673c">
      <Execution id="b489f266-7c0a-4204-8347-563945533ecb" />
      <TestMethod codeBase="d:\v2.0\a1\_work\dbded102\vso\tfs\service\webaccess\presentation\testscripts\common\tests\tfstests.richtext.ts" adapterTypeName="Microsoft.VisualStudio.TestTools.TestTypes.Unit.UnitTestAdapter" className="d:\v2.0\a1\_work\dbded102\vso\tfs\service\webaccess\presentation\testscripts\common\tests\tfstests.richtext.ts::tfstests.richtext" name="TFSTests.RichText.CKEditorAdapter GivenEditorDocumentExists_WhenUnlinkIsCalled_ThenItExecutesTheUnlinkCommand" />
    </UnitTest>
    <UnitTest name="TFSTests.RichText.CKEditorAdapter GivenEditorDocumentDoesNotExist_WhenGetDocumentIsCalled_ThenItReturnsNull" storage="d:\v2.0\a1\_work\dbded102\vso\tfs\service\webaccess\presentation\testscripts\common\tests\tfstests.richtext.ts" id="e6764aaf-ea37-4566-b164-ef7589fc531a">
      <Execution id="4c827568-a1e2-4302-b461-bcef2bac3fbf" />
      <TestMethod codeBase="d:\v2.0\a1\_work\dbded102\vso\tfs\service\webaccess\presentation\testscripts\common\tests\tfstests.richtext.ts" adapterTypeName="Microsoft.VisualStudio.TestTools.TestTypes.Unit.UnitTestAdapter" className="d:\v2.0\a1\_work\dbded102\vso\tfs\service\webaccess\presentation\testscripts\common\tests\tfstests.richtext.ts::tfstests.richtext" name="TFSTests.RichText.CKEditorAdapter GivenEditorDocumentDoesNotExist_WhenGetDocumentIsCalled_ThenItReturnsNull" />
    </UnitTest>
    <UnitTest name="TFSTests.RichText.CKEditorAdapter GivenEditorDocumentExists_WhenGetDocumentIsCalled_ThenItReturnsTheDocument" storage="d:\v2.0\a1\_work\dbded102\vso\tfs\service\webaccess\presentation\testscripts\common\tests\tfstests.richtext.ts" id="1b4bf6bc-8cdd-4244-ba4d-d332dfe2f2d1">
      <Execution id="1473b5bc-0783-489e-89f3-835d7a2d77ce" />
      <TestMethod codeBase="d:\v2.0\a1\_work\dbded102\vso\tfs\service\webaccess\presentation\testscripts\common\tests\tfstests.richtext.ts" adapterTypeName="Microsoft.VisualStudio.TestTools.TestTypes.Unit.UnitTestAdapter" className="d:\v2.0\a1\_work\dbded102\vso\tfs\service\webaccess\presentation\testscripts\common\tests\tfstests.richtext.ts::tfstests.richtext" name="TFSTests.RichText.CKEditorAdapter GivenEditorDocumentExists_WhenGetDocumentIsCalled_ThenItReturnsTheDocument" />
    </UnitTest>
    <UnitTest name="TFSTests.RichText.CKEditorAdapter GivenEditorWindowDoesNotExist_WhenGetWindowIsCalled_ThenItReturnsNull" storage="d:\v2.0\a1\_work\dbded102\vso\tfs\service\webaccess\presentation\testscripts\common\tests\tfstests.richtext.ts" id="2ef9d163-58bc-44fd-838e-81aadca26af1">
      <Execution id="15ba4bdf-75c2-490b-bdc7-89ff4e8b6933" />
      <TestMethod codeBase="d:\v2.0\a1\_work\dbded102\vso\tfs\service\webaccess\presentation\testscripts\common\tests\tfstests.richtext.ts" adapterTypeName="Microsoft.VisualStudio.TestTools.TestTypes.Unit.UnitTestAdapter" className="d:\v2.0\a1\_work\dbded102\vso\tfs\service\webaccess\presentation\testscripts\common\tests\tfstests.richtext.ts::tfstests.richtext" name="TFSTests.RichText.CKEditorAdapter GivenEditorWindowDoesNotExist_WhenGetWindowIsCalled_ThenItReturnsNull" />
    </UnitTest>
    <UnitTest name="TFSTests.RichText.CKEditorAdapter GivenEditorWindowExists_WhenGetWindowIsCalled_ThenItReturnsTheWindow" storage="d:\v2.0\a1\_work\dbded102\vso\tfs\service\webaccess\presentation\testscripts\common\tests\tfstests.richtext.ts" id="c29a308e-5933-4ffc-a259-cf1d00a5a12d">
      <Execution id="862ba082-fae6-4331-9662-1a51030ff91f" />
      <TestMethod codeBase="d:\v2.0\a1\_work\dbded102\vso\tfs\service\webaccess\presentation\testscripts\common\tests\tfstests.richtext.ts" adapterTypeName="Microsoft.VisualStudio.TestTools.TestTypes.Unit.UnitTestAdapter" className="d:\v2.0\a1\_work\dbded102\vso\tfs\service\webaccess\presentation\testscripts\common\tests\tfstests.richtext.ts::tfstests.richtext" name="TFSTests.RichText.CKEditorAdapter GivenEditorWindowExists_WhenGetWindowIsCalled_ThenItReturnsTheWindow" />
    </UnitTest>
    <UnitTest name="TFSTests.RichText.CKEditorAdapter WhenFocusIsCalled_ThenItFocusesTheEditor" storage="d:\v2.0\a1\_work\dbded102\vso\tfs\service\webaccess\presentation\testscripts\common\tests\tfstests.richtext.ts" id="e8ca268c-703f-4e2d-ad07-5014c92132a3">
      <Execution id="3bc03f45-d831-4d15-afcb-f98a338625e4" />
      <TestMethod codeBase="d:\v2.0\a1\_work\dbded102\vso\tfs\service\webaccess\presentation\testscripts\common\tests\tfstests.richtext.ts" adapterTypeName="Microsoft.VisualStudio.TestTools.TestTypes.Unit.UnitTestAdapter" className="d:\v2.0\a1\_work\dbded102\vso\tfs\service\webaccess\presentation\testscripts\common\tests\tfstests.richtext.ts::tfstests.richtext" name="TFSTests.RichText.CKEditorAdapter WhenFocusIsCalled_ThenItFocusesTheEditor" />
    </UnitTest>
    <UnitTest name="TFSTests.RichText.CKEditorAdapter WhenExecCommandIsCalled_ThenItMapsTheCommandToACKEditorCommandAndThenExecutesIt" storage="d:\v2.0\a1\_work\dbded102\vso\tfs\service\webaccess\presentation\testscripts\common\tests\tfstests.richtext.ts" id="e1111fa4-5ad7-4d30-b01c-d6c1edcf52d4">
      <Execution id="e86031b9-7246-491b-94a1-905d638623de" />
      <TestMethod codeBase="d:\v2.0\a1\_work\dbded102\vso\tfs\service\webaccess\presentation\testscripts\common\tests\tfstests.richtext.ts" adapterTypeName="Microsoft.VisualStudio.TestTools.TestTypes.Unit.UnitTestAdapter" className="d:\v2.0\a1\_work\dbded102\vso\tfs\service\webaccess\presentation\testscripts\common\tests\tfstests.richtext.ts::tfstests.richtext" name="TFSTests.RichText.CKEditorAdapter WhenExecCommandIsCalled_ThenItMapsTheCommandToACKEditorCommandAndThenExecutesIt" />
    </UnitTest>
    <UnitTest name="TFSTests.RichText.CKEditorAdapter GivenToggleBodyClassWasCalledToTurnOnAClass_WhenTheEditorContentDomEventFires_ThenTheClassIsAddedToTheBody" storage="d:\v2.0\a1\_work\dbded102\vso\tfs\service\webaccess\presentation\testscripts\common\tests\tfstests.richtext.ts" id="98374e23-77a9-4ace-90ee-2a643d64fcb0">
      <Execution id="f3b6b4f8-6bf6-4454-acd4-67e3f9c9b545" />
      <TestMethod codeBase="d:\v2.0\a1\_work\dbded102\vso\tfs\service\webaccess\presentation\testscripts\common\tests\tfstests.richtext.ts" adapterTypeName="Microsoft.VisualStudio.TestTools.TestTypes.Unit.UnitTestAdapter" className="d:\v2.0\a1\_work\dbded102\vso\tfs\service\webaccess\presentation\testscripts\common\tests\tfstests.richtext.ts::tfstests.richtext" name="TFSTests.RichText.CKEditorAdapter GivenToggleBodyClassWasCalledToTurnOnAClass_WhenTheEditorContentDomEventFires_ThenTheClassIsAddedToTheBody" />
    </UnitTest>
    <UnitTest name="TFSTests.RichText.CKEditorAdapter GivenToggleIFrameClassWasCalledToTurnOnAClass_WhenTheEditorLoadedEventFires_ThenTheClassIsAddedToTheIFrame" storage="d:\v2.0\a1\_work\dbded102\vso\tfs\service\webaccess\presentation\testscripts\common\tests\tfstests.richtext.ts" id="baf4891d-10f1-4837-ac20-541687d84103">
      <Execution id="2cf10abb-e594-4364-a551-3c08291baaae" />
      <TestMethod codeBase="d:\v2.0\a1\_work\dbded102\vso\tfs\service\webaccess\presentation\testscripts\common\tests\tfstests.richtext.ts" adapterTypeName="Microsoft.VisualStudio.TestTools.TestTypes.Unit.UnitTestAdapter" className="d:\v2.0\a1\_work\dbded102\vso\tfs\service\webaccess\presentation\testscripts\common\tests\tfstests.richtext.ts::tfstests.richtext" name="TFSTests.RichText.CKEditorAdapter GivenToggleIFrameClassWasCalledToTurnOnAClass_WhenTheEditorLoadedEventFires_ThenTheClassIsAddedToTheIFrame" />
    </UnitTest>
    <UnitTest name="TFSTests.RichText.CKEditorAdapter WhenInitializeEditorIsCalled_ThenEditorIsInitialized" storage="d:\v2.0\a1\_work\dbded102\vso\tfs\service\webaccess\presentation\testscripts\common\tests\tfstests.richtext.ts" id="e7c5a262-65d9-407f-9828-b8c0424703b5">
      <Execution id="c58542eb-20c6-4dee-bdf0-8cf6d9afba95" />
      <TestMethod codeBase="d:\v2.0\a1\_work\dbded102\vso\tfs\service\webaccess\presentation\testscripts\common\tests\tfstests.richtext.ts" adapterTypeName="Microsoft.VisualStudio.TestTools.TestTypes.Unit.UnitTestAdapter" className="d:\v2.0\a1\_work\dbded102\vso\tfs\service\webaccess\presentation\testscripts\common\tests\tfstests.richtext.ts::tfstests.richtext" name="TFSTests.RichText.CKEditorAdapter WhenInitializeEditorIsCalled_ThenEditorIsInitialized" />
    </UnitTest>
    <UnitTest name="TFSTests.RichText.CKEditorAdapter When SetValue is called, Then ScrollPosition is saved and restored" storage="d:\v2.0\a1\_work\dbded102\vso\tfs\service\webaccess\presentation\testscripts\common\tests\tfstests.richtext.ts" id="6bf2d23a-7d55-4620-b6f6-5a050f2b8819">
      <Execution id="d0d7796b-65fc-46b0-b717-f1e9e9557fc8" />
      <TestMethod codeBase="d:\v2.0\a1\_work\dbded102\vso\tfs\service\webaccess\presentation\testscripts\common\tests\tfstests.richtext.ts" adapterTypeName="Microsoft.VisualStudio.TestTools.TestTypes.Unit.UnitTestAdapter" className="d:\v2.0\a1\_work\dbded102\vso\tfs\service\webaccess\presentation\testscripts\common\tests\tfstests.richtext.ts::tfstests.richtext" name="TFSTests.RichText.CKEditorAdapter When SetValue is called, Then ScrollPosition is saved and restored" />
    </UnitTest>
    <UnitTest name="TfsTests.OM.IdentityMru TestUnionMruListSort" storage="d:\v2.0\a1\_work\dbded102\vso\tfs\service\webaccess\presentation\testscripts\common\tests\tfstests.om.identitymru.ts" id="031f85a8-434d-4b2f-8d14-0130d8b916bc">
      <Execution id="33feab09-e891-488d-8400-0a0f1dbc23d3" />
      <TestMethod codeBase="d:\v2.0\a1\_work\dbded102\vso\tfs\service\webaccess\presentation\testscripts\common\tests\tfstests.om.identitymru.ts" adapterTypeName="Microsoft.VisualStudio.TestTools.TestTypes.Unit.UnitTestAdapter" className="d:\v2.0\a1\_work\dbded102\vso\tfs\service\webaccess\presentation\testscripts\common\tests\tfstests.om.identitymru.ts::tfstests.om" name="TfsTests.OM.IdentityMru TestUnionMruListSort" />
    </UnitTest>
    <UnitTest name="TfsTests.OM.IdentityMru TestUnionMruListsNoCommonItemNoSort" storage="d:\v2.0\a1\_work\dbded102\vso\tfs\service\webaccess\presentation\testscripts\common\tests\tfstests.om.identitymru.ts" id="c8baefb3-c665-46c3-93be-d73dd83dcda7">
      <Execution id="6cb4d3b2-68a3-4106-8910-5727ebcef820" />
      <TestMethod codeBase="d:\v2.0\a1\_work\dbded102\vso\tfs\service\webaccess\presentation\testscripts\common\tests\tfstests.om.identitymru.ts" adapterTypeName="Microsoft.VisualStudio.TestTools.TestTypes.Unit.UnitTestAdapter" className="d:\v2.0\a1\_work\dbded102\vso\tfs\service\webaccess\presentation\testscripts\common\tests\tfstests.om.identitymru.ts::tfstests.om" name="TfsTests.OM.IdentityMru TestUnionMruListsNoCommonItemNoSort" />
    </UnitTest>
    <UnitTest name="TfsTests.OM.IdentityMru TestUnionMruListsCommonItemNoSort" storage="d:\v2.0\a1\_work\dbded102\vso\tfs\service\webaccess\presentation\testscripts\common\tests\tfstests.om.identitymru.ts" id="b1e7430f-addb-469a-b9aa-dfcdf040d008">
      <Execution id="6b09b343-228b-4a87-85e8-b3bdaab1c2dc" />
      <TestMethod codeBase="d:\v2.0\a1\_work\dbded102\vso\tfs\service\webaccess\presentation\testscripts\common\tests\tfstests.om.identitymru.ts" adapterTypeName="Microsoft.VisualStudio.TestTools.TestTypes.Unit.UnitTestAdapter" className="d:\v2.0\a1\_work\dbded102\vso\tfs\service\webaccess\presentation\testscripts\common\tests\tfstests.om.identitymru.ts::tfstests.om" name="TfsTests.OM.IdentityMru TestUnionMruListsCommonItemNoSort" />
    </UnitTest>
    <UnitTest name="TfsTests.OM.IdentityMru TestSubtractMruListsNoCommonItemNoSort" storage="d:\v2.0\a1\_work\dbded102\vso\tfs\service\webaccess\presentation\testscripts\common\tests\tfstests.om.identitymru.ts" id="27b5d4ee-96c7-4bfe-996c-88a9e07283a9">
      <Execution id="64ae2834-2f51-4045-b4d8-7f825e416d62" />
      <TestMethod codeBase="d:\v2.0\a1\_work\dbded102\vso\tfs\service\webaccess\presentation\testscripts\common\tests\tfstests.om.identitymru.ts" adapterTypeName="Microsoft.VisualStudio.TestTools.TestTypes.Unit.UnitTestAdapter" className="d:\v2.0\a1\_work\dbded102\vso\tfs\service\webaccess\presentation\testscripts\common\tests\tfstests.om.identitymru.ts::tfstests.om" name="TfsTests.OM.IdentityMru TestSubtractMruListsNoCommonItemNoSort" />
    </UnitTest>
    <UnitTest name="TfsTests.OM.IdentityMru TestSubtractMruListsCommonItemNoSort" storage="d:\v2.0\a1\_work\dbded102\vso\tfs\service\webaccess\presentation\testscripts\common\tests\tfstests.om.identitymru.ts" id="31fc29fc-5188-41b6-97e6-6149169e1ae3">
      <Execution id="412ecbed-7434-4e3e-bb3f-94747898d356" />
      <TestMethod codeBase="d:\v2.0\a1\_work\dbded102\vso\tfs\service\webaccess\presentation\testscripts\common\tests\tfstests.om.identitymru.ts" adapterTypeName="Microsoft.VisualStudio.TestTools.TestTypes.Unit.UnitTestAdapter" className="d:\v2.0\a1\_work\dbded102\vso\tfs\service\webaccess\presentation\testscripts\common\tests\tfstests.om.identitymru.ts::tfstests.om" name="TfsTests.OM.IdentityMru TestSubtractMruListsCommonItemNoSort" />
    </UnitTest>
    <UnitTest name="TfsTests.OM.IdentityMru TestIsItemInMru" storage="d:\v2.0\a1\_work\dbded102\vso\tfs\service\webaccess\presentation\testscripts\common\tests\tfstests.om.identitymru.ts" id="777ecb6d-333b-412f-9a9f-3c3f8ca27fc6">
      <Execution id="f70fedd6-6e71-4c3b-88dd-f47aef440bc0" />
      <TestMethod codeBase="d:\v2.0\a1\_work\dbded102\vso\tfs\service\webaccess\presentation\testscripts\common\tests\tfstests.om.identitymru.ts" adapterTypeName="Microsoft.VisualStudio.TestTools.TestTypes.Unit.UnitTestAdapter" className="d:\v2.0\a1\_work\dbded102\vso\tfs\service\webaccess\presentation\testscripts\common\tests\tfstests.om.identitymru.ts::tfstests.om" name="TfsTests.OM.IdentityMru TestIsItemInMru" />
    </UnitTest>
    <UnitTest name="TFSTests.ContentRendering WillRegisterMarkdownExtensionToFactory" storage="d:\v2.0\a1\_work\dbded102\vso\tfs\service\webaccess\presentation\testscripts\common\tests\tfstests.contentrendering.ts" id="01cfce44-5c76-460a-a3c5-205a8a08300c">
      <Execution id="7a05787d-71c6-4ca2-a5d1-9f4ca09131b3" />
      <TestMethod codeBase="d:\v2.0\a1\_work\dbded102\vso\tfs\service\webaccess\presentation\testscripts\common\tests\tfstests.contentrendering.ts" adapterTypeName="Microsoft.VisualStudio.TestTools.TestTypes.Unit.UnitTestAdapter" className="d:\v2.0\a1\_work\dbded102\vso\tfs\service\webaccess\presentation\testscripts\common\tests\tfstests.contentrendering.ts::tfstests" name="TFSTests.ContentRendering WillRegisterMarkdownExtensionToFactory" />
    </UnitTest>
    <UnitTest name="TFSTests.ContentRendering WillRegisterMarkdownMimeTypeToFactory" storage="d:\v2.0\a1\_work\dbded102\vso\tfs\service\webaccess\presentation\testscripts\common\tests\tfstests.contentrendering.ts" id="1a960efe-f058-4d1c-aba0-2d3e8e86f10a">
      <Execution id="6452a180-d5e8-464f-bc6f-c68d6a582520" />
      <TestMethod codeBase="d:\v2.0\a1\_work\dbded102\vso\tfs\service\webaccess\presentation\testscripts\common\tests\tfstests.contentrendering.ts" adapterTypeName="Microsoft.VisualStudio.TestTools.TestTypes.Unit.UnitTestAdapter" className="d:\v2.0\a1\_work\dbded102\vso\tfs\service\webaccess\presentation\testscripts\common\tests\tfstests.contentrendering.ts::tfstests" name="TFSTests.ContentRendering WillRegisterMarkdownMimeTypeToFactory" />
    </UnitTest>
    <UnitTest name="TFSTests.ContentRendering WillRenderWithMarkdownAndDefaultOptions" storage="d:\v2.0\a1\_work\dbded102\vso\tfs\service\webaccess\presentation\testscripts\common\tests\tfstests.contentrendering.ts" id="d953d7cc-52cf-48dc-964a-491a2b998fbc">
      <Execution id="a8d8a00e-fe8c-4b5c-824c-a2d02dae9cfb" />
      <TestMethod codeBase="d:\v2.0\a1\_work\dbded102\vso\tfs\service\webaccess\presentation\testscripts\common\tests\tfstests.contentrendering.ts" adapterTypeName="Microsoft.VisualStudio.TestTools.TestTypes.Unit.UnitTestAdapter" className="d:\v2.0\a1\_work\dbded102\vso\tfs\service\webaccess\presentation\testscripts\common\tests\tfstests.contentrendering.ts::tfstests" name="TFSTests.ContentRendering WillRenderWithMarkdownAndDefaultOptions" />
    </UnitTest>
    <UnitTest name="TFSTests.ContentRendering WillApplyLinkTransformerOption" storage="d:\v2.0\a1\_work\dbded102\vso\tfs\service\webaccess\presentation\testscripts\common\tests\tfstests.contentrendering.ts" id="a4415e93-0434-417b-a918-24be298856f2">
      <Execution id="969bdcc1-c153-477e-be86-4a826a59bde4" />
      <TestMethod codeBase="d:\v2.0\a1\_work\dbded102\vso\tfs\service\webaccess\presentation\testscripts\common\tests\tfstests.contentrendering.ts" adapterTypeName="Microsoft.VisualStudio.TestTools.TestTypes.Unit.UnitTestAdapter" className="d:\v2.0\a1\_work\dbded102\vso\tfs\service\webaccess\presentation\testscripts\common\tests\tfstests.contentrendering.ts::tfstests" name="TFSTests.ContentRendering WillApplyLinkTransformerOption" />
    </UnitTest>
    <UnitTest name="TFSTests.ContentRendering WillApplyImageTransformerOption" storage="d:\v2.0\a1\_work\dbded102\vso\tfs\service\webaccess\presentation\testscripts\common\tests\tfstests.contentrendering.ts" id="3b339672-f51a-4775-ab56-0713f441791d">
      <Execution id="906b1c74-3981-4ea0-b543-e60475a6e740" />
      <TestMethod codeBase="d:\v2.0\a1\_work\dbded102\vso\tfs\service\webaccess\presentation\testscripts\common\tests\tfstests.contentrendering.ts" adapterTypeName="Microsoft.VisualStudio.TestTools.TestTypes.Unit.UnitTestAdapter" className="d:\v2.0\a1\_work\dbded102\vso\tfs\service\webaccess\presentation\testscripts\common\tests\tfstests.contentrendering.ts::tfstests" name="TFSTests.ContentRendering WillApplyImageTransformerOption" />
    </UnitTest>
    <UnitTest name="TFSTests.ContentRendering WillApplyLinkClickHandlerOption" storage="d:\v2.0\a1\_work\dbded102\vso\tfs\service\webaccess\presentation\testscripts\common\tests\tfstests.contentrendering.ts" id="ec2a4a08-4cfc-4b05-a636-a03aa668c224">
      <Execution id="a96e5f44-5789-4fda-b83c-acc9289010f2" />
      <TestMethod codeBase="d:\v2.0\a1\_work\dbded102\vso\tfs\service\webaccess\presentation\testscripts\common\tests\tfstests.contentrendering.ts" adapterTypeName="Microsoft.VisualStudio.TestTools.TestTypes.Unit.UnitTestAdapter" className="d:\v2.0\a1\_work\dbded102\vso\tfs\service\webaccess\presentation\testscripts\common\tests\tfstests.contentrendering.ts::tfstests" name="TFSTests.ContentRendering WillApplyLinkClickHandlerOption" />
    </UnitTest>
    <UnitTest name="TFSTests.TFS.Host.UI NothingHappensWhenNoHubSelected" storage="d:\v2.0\a1\_work\dbded102\vso\tfs\service\webaccess\presentation\testscripts\common\tests\tfstests.host.ui.ts" id="288cb8c2-0966-4c4d-bd40-011389dacd29">
      <Execution id="7b18dd9d-8806-4d73-9f1a-6644a3c723a8" />
      <TestMethod codeBase="d:\v2.0\a1\_work\dbded102\vso\tfs\service\webaccess\presentation\testscripts\common\tests\tfstests.host.ui.ts" adapterTypeName="Microsoft.VisualStudio.TestTools.TestTypes.Unit.UnitTestAdapter" className="d:\v2.0\a1\_work\dbded102\vso\tfs\service\webaccess\presentation\testscripts\common\tests\tfstests.host.ui.ts::tfstests.tfs.host" name="TFSTests.TFS.Host.UI NothingHappensWhenNoHubSelected" />
    </UnitTest>
    <UnitTest name="TFSTests.TFS.Host.UI MruSavedWhenHubSelected" storage="d:\v2.0\a1\_work\dbded102\vso\tfs\service\webaccess\presentation\testscripts\common\tests\tfstests.host.ui.ts" id="43420c1a-d8d7-4c7d-a186-3f6992c38a15">
      <Execution id="c65e2c7d-5caa-474d-bee3-a2ede3a4ebc6" />
      <TestMethod codeBase="d:\v2.0\a1\_work\dbded102\vso\tfs\service\webaccess\presentation\testscripts\common\tests\tfstests.host.ui.ts" adapterTypeName="Microsoft.VisualStudio.TestTools.TestTypes.Unit.UnitTestAdapter" className="d:\v2.0\a1\_work\dbded102\vso\tfs\service\webaccess\presentation\testscripts\common\tests\tfstests.host.ui.ts::tfstests.tfs.host" name="TFSTests.TFS.Host.UI MruSavedWhenHubSelected" />
    </UnitTest>
    <UnitTest name="TFSTests.TFS.Host.UI FirstHubMruSavedWhenMultipleHubsSelected" storage="d:\v2.0\a1\_work\dbded102\vso\tfs\service\webaccess\presentation\testscripts\common\tests\tfstests.host.ui.ts" id="cf8bc8fd-f832-458d-b41b-861e2a4c14e4">
      <Execution id="d7e9dabf-eb75-4ea4-9e2e-a6ae4cc285f6" />
      <TestMethod codeBase="d:\v2.0\a1\_work\dbded102\vso\tfs\service\webaccess\presentation\testscripts\common\tests\tfstests.host.ui.ts" adapterTypeName="Microsoft.VisualStudio.TestTools.TestTypes.Unit.UnitTestAdapter" className="d:\v2.0\a1\_work\dbded102\vso\tfs\service\webaccess\presentation\testscripts\common\tests\tfstests.host.ui.ts::tfstests.tfs.host" name="TFSTests.TFS.Host.UI FirstHubMruSavedWhenMultipleHubsSelected" />
    </UnitTest>
    <UnitTest name="VSSTests.UI.Controls.CheckboxSelectionGrid initializedCorrectlyWithCheckedItems" storage="d:\v2.0\a1\_work\dbded102\vso\tfs\service\webaccess\presentation\testscripts\common\tests\tfstests.ui.controls.checkboxselectiongrid.ts" id="6eaaa5cf-ca0c-4196-ba27-045f6bf9563e">
      <Execution id="7df6910f-2135-4fe8-bcd7-edcc4b9d02d3" />
      <TestMethod codeBase="d:\v2.0\a1\_work\dbded102\vso\tfs\service\webaccess\presentation\testscripts\common\tests\tfstests.ui.controls.checkboxselectiongrid.ts" adapterTypeName="Microsoft.VisualStudio.TestTools.TestTypes.Unit.UnitTestAdapter" className="d:\v2.0\a1\_work\dbded102\vso\tfs\service\webaccess\presentation\testscripts\common\tests\tfstests.ui.controls.checkboxselectiongrid.ts::vsstests.ui.controls" name="VSSTests.UI.Controls.CheckboxSelectionGrid initializedCorrectlyWithCheckedItems" />
    </UnitTest>
    <UnitTest name="VSSTests.UI.Controls.CheckboxSelectionGrid checkedAndUncheckedItemCheckbox" storage="d:\v2.0\a1\_work\dbded102\vso\tfs\service\webaccess\presentation\testscripts\common\tests\tfstests.ui.controls.checkboxselectiongrid.ts" id="1071477a-d8ef-4577-85ca-c1cee0573bf6">
      <Execution id="f384a99e-5bb6-4c71-b42a-3b781205164f" />
      <TestMethod codeBase="d:\v2.0\a1\_work\dbded102\vso\tfs\service\webaccess\presentation\testscripts\common\tests\tfstests.ui.controls.checkboxselectiongrid.ts" adapterTypeName="Microsoft.VisualStudio.TestTools.TestTypes.Unit.UnitTestAdapter" className="d:\v2.0\a1\_work\dbded102\vso\tfs\service\webaccess\presentation\testscripts\common\tests\tfstests.ui.controls.checkboxselectiongrid.ts::vsstests.ui.controls" name="VSSTests.UI.Controls.CheckboxSelectionGrid checkedAndUncheckedItemCheckbox" />
    </UnitTest>
    <UnitTest name="VSSTests.UI.Controls.CheckboxSelectionGrid keyboardSelectAndUnselectItemCheckbox" storage="d:\v2.0\a1\_work\dbded102\vso\tfs\service\webaccess\presentation\testscripts\common\tests\tfstests.ui.controls.checkboxselectiongrid.ts" id="3af02e2d-4377-421b-a950-690777076945">
      <Execution id="6e71bab0-a06d-48e1-8d73-b120f01493f0" />
      <TestMethod codeBase="d:\v2.0\a1\_work\dbded102\vso\tfs\service\webaccess\presentation\testscripts\common\tests\tfstests.ui.controls.checkboxselectiongrid.ts" adapterTypeName="Microsoft.VisualStudio.TestTools.TestTypes.Unit.UnitTestAdapter" className="d:\v2.0\a1\_work\dbded102\vso\tfs\service\webaccess\presentation\testscripts\common\tests\tfstests.ui.controls.checkboxselectiongrid.ts::vsstests.ui.controls" name="VSSTests.UI.Controls.CheckboxSelectionGrid keyboardSelectAndUnselectItemCheckbox" />
    </UnitTest>
    <UnitTest name="VSSTests.UI.Controls.CheckboxSelectionGrid checkedAndUncheckedHeaderCheckbox" storage="d:\v2.0\a1\_work\dbded102\vso\tfs\service\webaccess\presentation\testscripts\common\tests\tfstests.ui.controls.checkboxselectiongrid.ts" id="48e0e904-cdb9-4469-a08a-649fe1f175a9">
      <Execution id="06704f24-ad88-4321-98fb-400764c0d2a4" />
      <TestMethod codeBase="d:\v2.0\a1\_work\dbded102\vso\tfs\service\webaccess\presentation\testscripts\common\tests\tfstests.ui.controls.checkboxselectiongrid.ts" adapterTypeName="Microsoft.VisualStudio.TestTools.TestTypes.Unit.UnitTestAdapter" className="d:\v2.0\a1\_work\dbded102\vso\tfs\service\webaccess\presentation\testscripts\common\tests\tfstests.ui.controls.checkboxselectiongrid.ts::vsstests.ui.controls" name="VSSTests.UI.Controls.CheckboxSelectionGrid checkedAndUncheckedHeaderCheckbox" />
    </UnitTest>
    <UnitTest name="VSSTests.UI.Controls.CheckboxSelectionGrid setCheckboxState" storage="d:\v2.0\a1\_work\dbded102\vso\tfs\service\webaccess\presentation\testscripts\common\tests\tfstests.ui.controls.checkboxselectiongrid.ts" id="3788006b-c13a-4ddd-b5b8-c8cb92128e26">
      <Execution id="f6b0a587-2227-4cdb-9263-ccb38d02fa2b" />
      <TestMethod codeBase="d:\v2.0\a1\_work\dbded102\vso\tfs\service\webaccess\presentation\testscripts\common\tests\tfstests.ui.controls.checkboxselectiongrid.ts" adapterTypeName="Microsoft.VisualStudio.TestTools.TestTypes.Unit.UnitTestAdapter" className="d:\v2.0\a1\_work\dbded102\vso\tfs\service\webaccess\presentation\testscripts\common\tests\tfstests.ui.controls.checkboxselectiongrid.ts::vsstests.ui.controls" name="VSSTests.UI.Controls.CheckboxSelectionGrid setCheckboxState" />
    </UnitTest>
    <UnitTest name="TfsTests.UI.Controls.IdentityPickerTests TestIdentitySelectionAlreadyExisting" storage="d:\v2.0\a1\_work\dbded102\vso\tfs\service\webaccess\presentation\testscripts\common\tests\tfstests.ui.controls.identitypicker.ts" id="8510b080-c9fe-48b9-8bd1-f24ced9ab346">
      <Execution id="a6deeb89-c81b-4d1f-96a5-f344d5fc19a5" />
      <TestMethod codeBase="d:\v2.0\a1\_work\dbded102\vso\tfs\service\webaccess\presentation\testscripts\common\tests\tfstests.ui.controls.identitypicker.ts" adapterTypeName="Microsoft.VisualStudio.TestTools.TestTypes.Unit.UnitTestAdapter" className="d:\v2.0\a1\_work\dbded102\vso\tfs\service\webaccess\presentation\testscripts\common\tests\tfstests.ui.controls.identitypicker.ts::tfstests.ui.controls" name="TfsTests.UI.Controls.IdentityPickerTests TestIdentitySelectionAlreadyExisting" />
    </UnitTest>
    <UnitTest name="TfsTests.UI.Controls.IdentityPickerTests TestIdentitySelectionNotAlreadyExisting" storage="d:\v2.0\a1\_work\dbded102\vso\tfs\service\webaccess\presentation\testscripts\common\tests\tfstests.ui.controls.identitypicker.ts" id="f4d99074-23b0-4f6f-8aa1-d29706d1e139">
      <Execution id="b85818c4-d270-4351-8ddd-d9253027fa38" />
      <TestMethod codeBase="d:\v2.0\a1\_work\dbded102\vso\tfs\service\webaccess\presentation\testscripts\common\tests\tfstests.ui.controls.identitypicker.ts" adapterTypeName="Microsoft.VisualStudio.TestTools.TestTypes.Unit.UnitTestAdapter" className="d:\v2.0\a1\_work\dbded102\vso\tfs\service\webaccess\presentation\testscripts\common\tests\tfstests.ui.controls.identitypicker.ts::tfstests.ui.controls" name="TfsTests.UI.Controls.IdentityPickerTests TestIdentitySelectionNotAlreadyExisting" />
    </UnitTest>
    <UnitTest name="TfsTests.UI.Controls.IdentityPickerTests TestIdentityRegExSearchDisplayName" storage="d:\v2.0\a1\_work\dbded102\vso\tfs\service\webaccess\presentation\testscripts\common\tests\tfstests.ui.controls.identitypicker.ts" id="6d1bbd01-3374-4941-88ee-855c49c9779c">
      <Execution id="dbf220bc-a6cd-4e3f-834c-59f87a085ac6" />
      <TestMethod codeBase="d:\v2.0\a1\_work\dbded102\vso\tfs\service\webaccess\presentation\testscripts\common\tests\tfstests.ui.controls.identitypicker.ts" adapterTypeName="Microsoft.VisualStudio.TestTools.TestTypes.Unit.UnitTestAdapter" className="d:\v2.0\a1\_work\dbded102\vso\tfs\service\webaccess\presentation\testscripts\common\tests\tfstests.ui.controls.identitypicker.ts::tfstests.ui.controls" name="TfsTests.UI.Controls.IdentityPickerTests TestIdentityRegExSearchDisplayName" />
    </UnitTest>
    <UnitTest name="TfsTests.UI.Controls.IdentityPickerTests TestIdentityUnfilteredDropdownContents" storage="d:\v2.0\a1\_work\dbded102\vso\tfs\service\webaccess\presentation\testscripts\common\tests\tfstests.ui.controls.identitypicker.ts" id="48b9aa15-14b2-4363-8e84-a6d79f13c0cc">
      <Execution id="901bb559-2b24-45b9-89ac-7d53a6904434" />
      <TestMethod codeBase="d:\v2.0\a1\_work\dbded102\vso\tfs\service\webaccess\presentation\testscripts\common\tests\tfstests.ui.controls.identitypicker.ts" adapterTypeName="Microsoft.VisualStudio.TestTools.TestTypes.Unit.UnitTestAdapter" className="d:\v2.0\a1\_work\dbded102\vso\tfs\service\webaccess\presentation\testscripts\common\tests\tfstests.ui.controls.identitypicker.ts::tfstests.ui.controls" name="TfsTests.UI.Controls.IdentityPickerTests TestIdentityUnfilteredDropdownContents" />
    </UnitTest>
    <UnitTest name="TfsTests.UI.Controls.IdentityPickerTests TestIdentityRegExSearchAlias" storage="d:\v2.0\a1\_work\dbded102\vso\tfs\service\webaccess\presentation\testscripts\common\tests\tfstests.ui.controls.identitypicker.ts" id="889a64a9-0733-47a3-a815-86d8d0ca5475">
      <Execution id="896528b3-3a0a-4619-a16f-53bdcb1dcb4f" />
      <TestMethod codeBase="d:\v2.0\a1\_work\dbded102\vso\tfs\service\webaccess\presentation\testscripts\common\tests\tfstests.ui.controls.identitypicker.ts" adapterTypeName="Microsoft.VisualStudio.TestTools.TestTypes.Unit.UnitTestAdapter" className="d:\v2.0\a1\_work\dbded102\vso\tfs\service\webaccess\presentation\testscripts\common\tests\tfstests.ui.controls.identitypicker.ts::tfstests.ui.controls" name="TfsTests.UI.Controls.IdentityPickerTests TestIdentityRegExSearchAlias" />
    </UnitTest>
    <UnitTest name="TfsTests.UI.Controls.IdentityPickerTests TestIdentityPickerDropup" storage="d:\v2.0\a1\_work\dbded102\vso\tfs\service\webaccess\presentation\testscripts\common\tests\tfstests.ui.controls.identitypicker.ts" id="7bc9e3db-e8d5-4b99-8685-024b55b47786">
      <Execution id="eab2ad7a-3a89-4005-9dcb-7c0b59b35840" />
      <TestMethod codeBase="d:\v2.0\a1\_work\dbded102\vso\tfs\service\webaccess\presentation\testscripts\common\tests\tfstests.ui.controls.identitypicker.ts" adapterTypeName="Microsoft.VisualStudio.TestTools.TestTypes.Unit.UnitTestAdapter" className="d:\v2.0\a1\_work\dbded102\vso\tfs\service\webaccess\presentation\testscripts\common\tests\tfstests.ui.controls.identitypicker.ts::tfstests.ui.controls" name="TfsTests.UI.Controls.IdentityPickerTests TestIdentityPickerDropup" />
    </UnitTest>
    <UnitTest name="TfsTests.UI.Controls.IdentityPickerTests TestIdentityPickerPopupSelection" storage="d:\v2.0\a1\_work\dbded102\vso\tfs\service\webaccess\presentation\testscripts\common\tests\tfstests.ui.controls.identitypicker.ts" id="f1e93eaa-3f2e-4e93-9291-b50b9f0a8a50">
      <Execution id="fc8ea685-6822-4acc-aed4-304536b592da" />
      <TestMethod codeBase="d:\v2.0\a1\_work\dbded102\vso\tfs\service\webaccess\presentation\testscripts\common\tests\tfstests.ui.controls.identitypicker.ts" adapterTypeName="Microsoft.VisualStudio.TestTools.TestTypes.Unit.UnitTestAdapter" className="d:\v2.0\a1\_work\dbded102\vso\tfs\service\webaccess\presentation\testscripts\common\tests\tfstests.ui.controls.identitypicker.ts::tfstests.ui.controls" name="TfsTests.UI.Controls.IdentityPickerTests TestIdentityPickerPopupSelection" />
    </UnitTest>
    <UnitTest name="TfsTests.UI.Controls.IdentityPickerTests TestIdentityPickerUnsetImage" storage="d:\v2.0\a1\_work\dbded102\vso\tfs\service\webaccess\presentation\testscripts\common\tests\tfstests.ui.controls.identitypicker.ts" id="4ba56249-f93a-47a2-8477-faec0f638d01">
      <Execution id="7f95e14a-38c7-4479-add5-8b0b3ec1f217" />
      <TestMethod codeBase="d:\v2.0\a1\_work\dbded102\vso\tfs\service\webaccess\presentation\testscripts\common\tests\tfstests.ui.controls.identitypicker.ts" adapterTypeName="Microsoft.VisualStudio.TestTools.TestTypes.Unit.UnitTestAdapter" className="d:\v2.0\a1\_work\dbded102\vso\tfs\service\webaccess\presentation\testscripts\common\tests\tfstests.ui.controls.identitypicker.ts::tfstests.ui.controls" name="TfsTests.UI.Controls.IdentityPickerTests TestIdentityPickerUnsetImage" />
    </UnitTest>
    <UnitTest name="TfsTests.UI.Controls.MultipleIdentityPickerTests TestSelectedIdentities" storage="d:\v2.0\a1\_work\dbded102\vso\tfs\service\webaccess\presentation\testscripts\common\tests\tfstests.ui.controls.identitypicker.ts" id="c0a522af-1615-481e-adab-9aa2a7523f55">
      <Execution id="83d4fd42-3691-417e-86b1-21ae7d6e68a0" />
      <TestMethod codeBase="d:\v2.0\a1\_work\dbded102\vso\tfs\service\webaccess\presentation\testscripts\common\tests\tfstests.ui.controls.identitypicker.ts" adapterTypeName="Microsoft.VisualStudio.TestTools.TestTypes.Unit.UnitTestAdapter" className="d:\v2.0\a1\_work\dbded102\vso\tfs\service\webaccess\presentation\testscripts\common\tests\tfstests.ui.controls.identitypicker.ts::tfstests.ui.controls" name="TfsTests.UI.Controls.MultipleIdentityPickerTests TestSelectedIdentities" />
    </UnitTest>
    <UnitTest name="TfsTests.UI.Controls.MultipleIdentityPickerTests TestRemoveSelection" storage="d:\v2.0\a1\_work\dbded102\vso\tfs\service\webaccess\presentation\testscripts\common\tests\tfstests.ui.controls.identitypicker.ts" id="0b0e9af1-81b7-48d8-b841-99f7bfe81536">
      <Execution id="967799cb-487d-4036-bbd3-7bedcbb4df5f" />
      <TestMethod codeBase="d:\v2.0\a1\_work\dbded102\vso\tfs\service\webaccess\presentation\testscripts\common\tests\tfstests.ui.controls.identitypicker.ts" adapterTypeName="Microsoft.VisualStudio.TestTools.TestTypes.Unit.UnitTestAdapter" className="d:\v2.0\a1\_work\dbded102\vso\tfs\service\webaccess\presentation\testscripts\common\tests\tfstests.ui.controls.identitypicker.ts::tfstests.ui.controls" name="TfsTests.UI.Controls.MultipleIdentityPickerTests TestRemoveSelection" />
    </UnitTest>
    <UnitTest name="TFSTests.Hosts.UI.AccountHomeView.TeamProjectMruListTests ProjectsAreAddedToTheMruList" storage="d:\v2.0\a1\_work\dbded102\vso\tfs\service\webaccess\presentation\testscripts\common\tests\tfstests.host.ui.accounthomeview.ts" id="c35c1d52-9664-40c6-b797-2e746a048ff5">
      <Execution id="62054cee-9a97-4394-916f-7475c0381a4f" />
      <TestMethod codeBase="d:\v2.0\a1\_work\dbded102\vso\tfs\service\webaccess\presentation\testscripts\common\tests\tfstests.host.ui.accounthomeview.ts" adapterTypeName="Microsoft.VisualStudio.TestTools.TestTypes.Unit.UnitTestAdapter" className="d:\v2.0\a1\_work\dbded102\vso\tfs\service\webaccess\presentation\testscripts\common\tests\tfstests.host.ui.accounthomeview.ts::tfstests.hosts.ui.accounthomeview" name="TFSTests.Hosts.UI.AccountHomeView.TeamProjectMruListTests ProjectsAreAddedToTheMruList" />
    </UnitTest>
    <UnitTest name="TFSTests.Hosts.UI.AccountHomeView.TeamProjectMruListTests NewButtonIsNotAddToMruControlWhenUserDoesntHavePerms" storage="d:\v2.0\a1\_work\dbded102\vso\tfs\service\webaccess\presentation\testscripts\common\tests\tfstests.host.ui.accounthomeview.ts" id="592ec64f-0650-4213-b379-e858995d9aa1">
      <Execution id="f6bbe2a3-ac3a-469a-bad9-9a45f505c71d" />
      <TestMethod codeBase="d:\v2.0\a1\_work\dbded102\vso\tfs\service\webaccess\presentation\testscripts\common\tests\tfstests.host.ui.accounthomeview.ts" adapterTypeName="Microsoft.VisualStudio.TestTools.TestTypes.Unit.UnitTestAdapter" className="d:\v2.0\a1\_work\dbded102\vso\tfs\service\webaccess\presentation\testscripts\common\tests\tfstests.host.ui.accounthomeview.ts::tfstests.hosts.ui.accounthomeview" name="TFSTests.Hosts.UI.AccountHomeView.TeamProjectMruListTests NewButtonIsNotAddToMruControlWhenUserDoesntHavePerms" />
    </UnitTest>
    <UnitTest name="TFSTests.Hosts.UI.AccountHomeView.NewsControlTests NewsAreRenderedInTheNewsControl" storage="d:\v2.0\a1\_work\dbded102\vso\tfs\service\webaccess\presentation\testscripts\common\tests\tfstests.host.ui.accounthomeview.ts" id="c5ec1771-6b19-4a49-8a38-5554f1d258dd">
      <Execution id="d14b0be1-c1ac-4360-83f4-4fd31b25fa83" />
      <TestMethod codeBase="d:\v2.0\a1\_work\dbded102\vso\tfs\service\webaccess\presentation\testscripts\common\tests\tfstests.host.ui.accounthomeview.ts" adapterTypeName="Microsoft.VisualStudio.TestTools.TestTypes.Unit.UnitTestAdapter" className="d:\v2.0\a1\_work\dbded102\vso\tfs\service\webaccess\presentation\testscripts\common\tests\tfstests.host.ui.accounthomeview.ts::tfstests.hosts.ui.accounthomeview" name="TFSTests.Hosts.UI.AccountHomeView.NewsControlTests NewsAreRenderedInTheNewsControl" />
    </UnitTest>
    <UnitTest name="TFSTests.Hosts.UI.AccountHomeView.NewsControlTests NewsControlIsRemovedWhenThereIsNoNews" storage="d:\v2.0\a1\_work\dbded102\vso\tfs\service\webaccess\presentation\testscripts\common\tests\tfstests.host.ui.accounthomeview.ts" id="8719953b-938f-4a46-9118-e4f594dbfe06">
      <Execution id="49809fd0-6c47-4a58-9d09-859aba124dd5" />
      <TestMethod codeBase="d:\v2.0\a1\_work\dbded102\vso\tfs\service\webaccess\presentation\testscripts\common\tests\tfstests.host.ui.accounthomeview.ts" adapterTypeName="Microsoft.VisualStudio.TestTools.TestTypes.Unit.UnitTestAdapter" className="d:\v2.0\a1\_work\dbded102\vso\tfs\service\webaccess\presentation\testscripts\common\tests\tfstests.host.ui.accounthomeview.ts::tfstests.hosts.ui.accounthomeview" name="TFSTests.Hosts.UI.AccountHomeView.NewsControlTests NewsControlIsRemovedWhenThereIsNoNews" />
    </UnitTest>
    <UnitTest name="TFSTests.Hosts.UI.AccountHomeView.AboutTFSTests TilesAreAddedToTheAboutTFS" storage="d:\v2.0\a1\_work\dbded102\vso\tfs\service\webaccess\presentation\testscripts\common\tests\tfstests.host.ui.accounthomeview.ts" id="767cecae-c285-4c33-bb41-c965508106ab">
      <Execution id="c617be2a-3c77-4a5a-9933-ec1eea796de7" />
      <TestMethod codeBase="d:\v2.0\a1\_work\dbded102\vso\tfs\service\webaccess\presentation\testscripts\common\tests\tfstests.host.ui.accounthomeview.ts" adapterTypeName="Microsoft.VisualStudio.TestTools.TestTypes.Unit.UnitTestAdapter" className="d:\v2.0\a1\_work\dbded102\vso\tfs\service\webaccess\presentation\testscripts\common\tests\tfstests.host.ui.accounthomeview.ts::tfstests.hosts.ui.accounthomeview" name="TFSTests.Hosts.UI.AccountHomeView.AboutTFSTests TilesAreAddedToTheAboutTFS" />
    </UnitTest>
    <UnitTest name="TFSTests.Hosts.UI.AccountHomeView.VSLinksListTests LinksAreAddedToTheVsLinksList" storage="d:\v2.0\a1\_work\dbded102\vso\tfs\service\webaccess\presentation\testscripts\common\tests\tfstests.host.ui.accounthomeview.ts" id="a4e2fa97-3195-4353-9a9d-edfc04d5636c">
      <Execution id="51c1425c-a74c-4aae-9520-a616be6d0842" />
      <TestMethod codeBase="d:\v2.0\a1\_work\dbded102\vso\tfs\service\webaccess\presentation\testscripts\common\tests\tfstests.host.ui.accounthomeview.ts" adapterTypeName="Microsoft.VisualStudio.TestTools.TestTypes.Unit.UnitTestAdapter" className="d:\v2.0\a1\_work\dbded102\vso\tfs\service\webaccess\presentation\testscripts\common\tests\tfstests.host.ui.accounthomeview.ts::tfstests.hosts.ui.accounthomeview" name="TFSTests.Hosts.UI.AccountHomeView.VSLinksListTests LinksAreAddedToTheVsLinksList" />
    </UnitTest>
    <UnitTest name="TFSTests.Hosts.UI.TeamHomeView.HowToTests TilesAreAddedToTheHowTo" storage="d:\v2.0\a1\_work\dbded102\vso\tfs\service\webaccess\presentation\testscripts\common\tests\tfstests.host.ui.teamhomeview.ts" id="3f5ff062-7a82-48fd-9b77-d503599718b4">
      <Execution id="3fe681e7-f8e1-415d-b464-efa78b3fb2f4" />
      <TestMethod codeBase="d:\v2.0\a1\_work\dbded102\vso\tfs\service\webaccess\presentation\testscripts\common\tests\tfstests.host.ui.teamhomeview.ts" adapterTypeName="Microsoft.VisualStudio.TestTools.TestTypes.Unit.UnitTestAdapter" className="d:\v2.0\a1\_work\dbded102\vso\tfs\service\webaccess\presentation\testscripts\common\tests\tfstests.host.ui.teamhomeview.ts::tfstests.hosts.ui.teamhomeview" name="TFSTests.Hosts.UI.TeamHomeView.HowToTests TilesAreAddedToTheHowTo" />
    </UnitTest>
    <UnitTest name="TFSTests.Hosts.UI.TeamHomeView.TeamWorkTests LinksShowupUnderTeamWork" storage="d:\v2.0\a1\_work\dbded102\vso\tfs\service\webaccess\presentation\testscripts\common\tests\tfstests.host.ui.teamhomeview.ts" id="19e9ebb8-3d06-47a0-95bc-8707af267faa">
      <Execution id="4208be60-3081-4445-b1ca-dc51e0975ae0" />
      <TestMethod codeBase="d:\v2.0\a1\_work\dbded102\vso\tfs\service\webaccess\presentation\testscripts\common\tests\tfstests.host.ui.teamhomeview.ts" adapterTypeName="Microsoft.VisualStudio.TestTools.TestTypes.Unit.UnitTestAdapter" className="d:\v2.0\a1\_work\dbded102\vso\tfs\service\webaccess\presentation\testscripts\common\tests\tfstests.host.ui.teamhomeview.ts::tfstests.hosts.ui.teamhomeview" name="TFSTests.Hosts.UI.TeamHomeView.TeamWorkTests LinksShowupUnderTeamWork" />
    </UnitTest>
    <UnitTest name="TFSTests.Hosts.UI.TeamHomeView.TeamWorkTests FlagOffQueriesLinkUnderTeamWork" storage="d:\v2.0\a1\_work\dbded102\vso\tfs\service\webaccess\presentation\testscripts\common\tests\tfstests.host.ui.teamhomeview.ts" id="ff47d9fb-f9d1-466b-b0a3-ad653372e5b6">
      <Execution id="02c2a38d-2499-43e9-942f-57ff21afb4f4" />
      <TestMethod codeBase="d:\v2.0\a1\_work\dbded102\vso\tfs\service\webaccess\presentation\testscripts\common\tests\tfstests.host.ui.teamhomeview.ts" adapterTypeName="Microsoft.VisualStudio.TestTools.TestTypes.Unit.UnitTestAdapter" className="d:\v2.0\a1\_work\dbded102\vso\tfs\service\webaccess\presentation\testscripts\common\tests\tfstests.host.ui.teamhomeview.ts::tfstests.hosts.ui.teamhomeview" name="TFSTests.Hosts.UI.TeamHomeView.TeamWorkTests FlagOffQueriesLinkUnderTeamWork" />
    </UnitTest>
    <UnitTest name="TFSTests.Hosts.UI.TeamHomeView.VSLinksListTests LinksAreAddedToTheVsLinksList" storage="d:\v2.0\a1\_work\dbded102\vso\tfs\service\webaccess\presentation\testscripts\common\tests\tfstests.host.ui.teamhomeview.ts" id="0b604310-f682-436e-a588-97ad01c53178">
      <Execution id="de65fa24-e1e0-456c-8a90-f283244c3d73" />
      <TestMethod codeBase="d:\v2.0\a1\_work\dbded102\vso\tfs\service\webaccess\presentation\testscripts\common\tests\tfstests.host.ui.teamhomeview.ts" adapterTypeName="Microsoft.VisualStudio.TestTools.TestTypes.Unit.UnitTestAdapter" className="d:\v2.0\a1\_work\dbded102\vso\tfs\service\webaccess\presentation\testscripts\common\tests\tfstests.host.ui.teamhomeview.ts::tfstests.hosts.ui.teamhomeview" name="TFSTests.Hosts.UI.TeamHomeView.VSLinksListTests LinksAreAddedToTheVsLinksList" />
    </UnitTest>
  </TestDefinitions>
  <TestEntries>
    <TestEntry testId="f70fe6ce-6d5a-42e0-b384-70235c493566" executionId="1faddfe4-af33-4933-b939-ba60a93ca345" testListId="8c84fa94-04c1-424b-9868-57a2d4851a1d" />
    <TestEntry testId="b0df9698-6314-4f8d-a367-5f44d073b32c" executionId="c9efac23-bf77-4c3e-b2b0-c0270b3ae105" testListId="8c84fa94-04c1-424b-9868-57a2d4851a1d" />
    <TestEntry testId="a1e05b20-6225-4feb-b446-5fc6e17bf825" executionId="69e95064-a07d-45e1-8140-47e67fc276fb" testListId="8c84fa94-04c1-424b-9868-57a2d4851a1d" />
    <TestEntry testId="8ea4f61b-5669-4451-ae7f-bded33bf1fe1" executionId="869a44d5-e0c9-4fae-b643-dc64184401fd" testListId="8c84fa94-04c1-424b-9868-57a2d4851a1d" />
    <TestEntry testId="e172dbf0-30dd-4fa3-a89b-86604b44eba3" executionId="ee5c478a-e3a7-499b-b059-f8a99065bcb6" testListId="8c84fa94-04c1-424b-9868-57a2d4851a1d" />
    <TestEntry testId="4a52e6f0-9249-403e-93db-aada15956723" executionId="7c1671db-3144-4a82-8765-09b9bbf90f4f" testListId="8c84fa94-04c1-424b-9868-57a2d4851a1d" />
    <TestEntry testId="d3937da7-14e6-4a48-b1bf-add2b426b0be" executionId="905dfbf5-8f9f-4284-bcfc-b85d94c455b1" testListId="8c84fa94-04c1-424b-9868-57a2d4851a1d" />
    <TestEntry testId="ed7fcca9-bcf5-4d21-bf53-c01c4b6a330f" executionId="e0ee26a9-3038-4abb-bb10-39a8e35e7740" testListId="8c84fa94-04c1-424b-9868-57a2d4851a1d" />
    <TestEntry testId="2d215125-8324-41b0-846a-cd7641b213c8" executionId="464815bf-b2c5-4203-817d-0fd366795c01" testListId="8c84fa94-04c1-424b-9868-57a2d4851a1d" />
    <TestEntry testId="efe23e68-26b7-4ba7-af50-aca8481b6b94" executionId="31f4b4ba-5bd0-4656-8ab9-1c9806f18987" testListId="8c84fa94-04c1-424b-9868-57a2d4851a1d" />
    <TestEntry testId="96a06d38-820d-4b9a-ac30-343a4b50dc99" executionId="3220b81d-b962-45e9-b56b-4bbbc103a0c3" testListId="8c84fa94-04c1-424b-9868-57a2d4851a1d" />
    <TestEntry testId="907b1863-f496-40e2-8094-edbd649879c8" executionId="62852410-d530-491e-9766-d494124a8161" testListId="8c84fa94-04c1-424b-9868-57a2d4851a1d" />
    <TestEntry testId="b19f3f5c-8de8-420f-ae71-115260f4d899" executionId="be4c7dd3-8a0a-4735-b395-f378f31c2752" testListId="8c84fa94-04c1-424b-9868-57a2d4851a1d" />
    <TestEntry testId="cd74a301-05c2-41df-a081-64f794ba947a" executionId="38f11fe4-c69e-4aad-95b7-2c2c31b4c3ac" testListId="8c84fa94-04c1-424b-9868-57a2d4851a1d" />
    <TestEntry testId="0e24fdbb-e6ba-4241-9636-5ada4b2b5a35" executionId="b1d599b5-2056-4779-91dd-4c994e20a4d8" testListId="8c84fa94-04c1-424b-9868-57a2d4851a1d" />
    <TestEntry testId="82a5eb3c-0532-4b6e-9f20-156ac348b262" executionId="4a52fc0d-1a89-49b4-8308-f2920adf4bee" testListId="8c84fa94-04c1-424b-9868-57a2d4851a1d" />
    <TestEntry testId="9202b2b4-5474-43e3-8fd0-fb6ed8bf9a5b" executionId="20127a87-fcb7-4cfe-9503-a75e9d462119" testListId="8c84fa94-04c1-424b-9868-57a2d4851a1d" />
    <TestEntry testId="4a4c5191-f63b-49f6-bcf7-70104a05bdbd" executionId="02ec9791-ba4a-403e-9b37-d969555ed6a7" testListId="8c84fa94-04c1-424b-9868-57a2d4851a1d" />
    <TestEntry testId="4bb13ca8-0f99-4d43-bdb2-33ccac1941a9" executionId="db38d211-c529-4733-b244-4cd1d2b64f46" testListId="8c84fa94-04c1-424b-9868-57a2d4851a1d" />
    <TestEntry testId="8863895c-a029-4a9a-a716-0964c35d985c" executionId="d9d91967-6f16-484d-a0db-4e69a39c5a39" testListId="8c84fa94-04c1-424b-9868-57a2d4851a1d" />
    <TestEntry testId="30caa934-4fc3-411d-9a37-767980cb8e35" executionId="59d878b5-28ef-484c-9ff6-cf3d03a1158d" testListId="8c84fa94-04c1-424b-9868-57a2d4851a1d" />
    <TestEntry testId="994a97aa-5e47-40bd-a0eb-f3d1a58ab384" executionId="1a57cc10-1e55-455f-83a7-44bf5dc763a3" testListId="8c84fa94-04c1-424b-9868-57a2d4851a1d" />
    <TestEntry testId="77bc1b47-d2c9-4679-90cc-8646640786be" executionId="1c1784f2-2ee3-4ab2-8bf5-70c447321ba8" testListId="8c84fa94-04c1-424b-9868-57a2d4851a1d" />
    <TestEntry testId="b21d30b0-ac14-427f-a9c3-710d5e94a9d9" executionId="fef32587-bf01-4d0d-9fbd-6538cde495bc" testListId="8c84fa94-04c1-424b-9868-57a2d4851a1d" />
    <TestEntry testId="3cfc3753-6e73-4245-b275-2594a5a93048" executionId="b2b1cd0a-ca6e-49c6-8783-de74dbaaccb7" testListId="8c84fa94-04c1-424b-9868-57a2d4851a1d" />
    <TestEntry testId="16e4cf1e-abd5-4070-9e1a-17c6c672f58f" executionId="0ee4acc2-ea74-485b-ac08-2db17c776543" testListId="8c84fa94-04c1-424b-9868-57a2d4851a1d" />
    <TestEntry testId="24213c07-d8ec-4808-8fc9-0895f088e6f7" executionId="09b1a1dc-df43-4263-98e3-0f59f625f0fc" testListId="8c84fa94-04c1-424b-9868-57a2d4851a1d" />
    <TestEntry testId="89738dd8-8230-4a15-ba73-393cae578352" executionId="8284e6e7-b443-4f05-b62e-a94da67a0773" testListId="8c84fa94-04c1-424b-9868-57a2d4851a1d" />
    <TestEntry testId="d6343c17-02da-447b-957a-e4a32fe9040a" executionId="fbb25c9b-ef92-4148-bbcd-56df311ddd3a" testListId="8c84fa94-04c1-424b-9868-57a2d4851a1d" />
    <TestEntry testId="5e8c79eb-cd7c-460a-8fd2-470c0112dcd3" executionId="e89336b0-809f-4b4a-afc6-0439b7540588" testListId="8c84fa94-04c1-424b-9868-57a2d4851a1d" />
    <TestEntry testId="d2040270-8337-4702-90f0-1df7410ad84d" executionId="28626b25-f235-46cc-811c-0e926779c644" testListId="8c84fa94-04c1-424b-9868-57a2d4851a1d" />
    <TestEntry testId="3dedeab2-499f-4700-90f6-609b73423262" executionId="4c531c43-a73d-422b-9c6f-e6860fbfebf9" testListId="8c84fa94-04c1-424b-9868-57a2d4851a1d" />
    <TestEntry testId="d840ec57-4f2a-497b-8fdd-32407869159b" executionId="e9e6f051-5de9-4d61-9a63-83eb449df328" testListId="8c84fa94-04c1-424b-9868-57a2d4851a1d" />
    <TestEntry testId="7baa94ef-79da-4299-a7ff-167cab656f72" executionId="fe691b6e-f490-444d-a539-f64a10d2d431" testListId="8c84fa94-04c1-424b-9868-57a2d4851a1d" />
    <TestEntry testId="a3940715-84d7-4a33-8135-251abf29f2d3" executionId="df8cb595-e33e-42cf-9a99-2d4eca5a72be" testListId="8c84fa94-04c1-424b-9868-57a2d4851a1d" />
    <TestEntry testId="d0059eea-36dd-4e43-9dc2-082d0847bc14" executionId="f6caddec-bbe3-410c-a7f2-6c9f275159e1" testListId="8c84fa94-04c1-424b-9868-57a2d4851a1d" />
    <TestEntry testId="9b52611a-527b-499f-ad0a-63074ad28980" executionId="b33fa907-1775-4d0b-b737-e3fc044f18fd" testListId="8c84fa94-04c1-424b-9868-57a2d4851a1d" />
    <TestEntry testId="4eaefd77-c57a-4d89-955e-476d83cd0ad4" executionId="87fef367-f523-4247-9b19-09ba8524940d" testListId="8c84fa94-04c1-424b-9868-57a2d4851a1d" />
    <TestEntry testId="bbf36406-8628-4c9f-9d3f-8f4ff123e282" executionId="859a4fcb-b5ad-4a90-b7ed-fc5b9112f55c" testListId="8c84fa94-04c1-424b-9868-57a2d4851a1d" />
    <TestEntry testId="dd7c105a-f27d-4ca5-8c19-85abc0913925" executionId="2f149c7e-dcd2-4433-830f-ca4307622b03" testListId="8c84fa94-04c1-424b-9868-57a2d4851a1d" />
    <TestEntry testId="fab8789d-e7f3-4e5a-ab90-2d6109d94cea" executionId="7918ed08-a23b-4818-8377-d3b0c8c0abdd" testListId="8c84fa94-04c1-424b-9868-57a2d4851a1d" />
    <TestEntry testId="2d273ca4-8b2f-4402-bd82-2a78a78fc84c" executionId="0366ffc8-4e08-4a23-be5e-5970f8ec9924" testListId="8c84fa94-04c1-424b-9868-57a2d4851a1d" />
    <TestEntry testId="adfe2c0f-1625-49e7-9597-ab7125ab6d00" executionId="4f6186b4-1fcc-4c65-a1db-f7520d178c6a" testListId="8c84fa94-04c1-424b-9868-57a2d4851a1d" />
    <TestEntry testId="563d9dab-8c99-410e-99d5-87d27635cef3" executionId="cabff700-f378-40c9-9877-8c8339c5b6bb" testListId="8c84fa94-04c1-424b-9868-57a2d4851a1d" />
    <TestEntry testId="182e75c8-0cec-4629-ac0f-ed08a3038f73" executionId="c4fa34e2-1222-42d2-90a3-7990e00b5bdb" testListId="8c84fa94-04c1-424b-9868-57a2d4851a1d" />
    <TestEntry testId="72b85ce0-c212-4fc9-929e-5f5c07821643" executionId="d4560f9f-94ba-4c81-bcf3-42602e95e121" testListId="8c84fa94-04c1-424b-9868-57a2d4851a1d" />
    <TestEntry testId="38477bc7-f727-4378-8ed8-465e35e39fb9" executionId="b7e39115-09dd-4262-8ba9-2d0d4fe26bd7" testListId="8c84fa94-04c1-424b-9868-57a2d4851a1d" />
    <TestEntry testId="39e3db34-b916-450c-aee3-bb32d8d5cc5e" executionId="79e32717-4772-46f7-aa78-20469f96ea71" testListId="8c84fa94-04c1-424b-9868-57a2d4851a1d" />
    <TestEntry testId="9ff3a32e-6b86-4b14-9336-cbe90dbce7db" executionId="61df1af9-ac3f-4703-890a-4aa06757fda6" testListId="8c84fa94-04c1-424b-9868-57a2d4851a1d" />
    <TestEntry testId="715adb64-8ca6-45dc-a6a4-d199121a0237" executionId="f456c022-6199-493c-9dc1-3328bdab8432" testListId="8c84fa94-04c1-424b-9868-57a2d4851a1d" />
    <TestEntry testId="51476e41-e03f-4abb-86e2-b129d419aaf1" executionId="f3075703-7d31-4c51-93e6-b3633a9fac16" testListId="8c84fa94-04c1-424b-9868-57a2d4851a1d" />
    <TestEntry testId="f1afa840-18d5-4f83-b65d-ebcc65936095" executionId="e362b27e-934f-47ec-af04-ebfe94932ebd" testListId="8c84fa94-04c1-424b-9868-57a2d4851a1d" />
    <TestEntry testId="52a9cdae-d3c9-4fb9-9849-5eef8663899a" executionId="21a8191e-9ea3-41fc-aade-0dd6261a4c74" testListId="8c84fa94-04c1-424b-9868-57a2d4851a1d" />
    <TestEntry testId="54e15567-a6d9-4d10-8468-edc7a03da28a" executionId="f77096bd-972b-4911-b0b1-d1e8d756023d" testListId="8c84fa94-04c1-424b-9868-57a2d4851a1d" />
    <TestEntry testId="bc925586-9b63-4aa7-8cd6-8f7c80b4cb22" executionId="fe8ad1e0-23ad-43ad-a632-da3bf9350407" testListId="8c84fa94-04c1-424b-9868-57a2d4851a1d" />
    <TestEntry testId="c886307c-de71-49f0-90e3-2d8e00a11961" executionId="93a4d97b-3fef-415e-953a-1cbda1bd6279" testListId="8c84fa94-04c1-424b-9868-57a2d4851a1d" />
    <TestEntry testId="3cd19133-71e8-4d3d-834a-b6028ec69135" executionId="d7c49ce1-fe83-4f2c-9fde-23bf4cdd968c" testListId="8c84fa94-04c1-424b-9868-57a2d4851a1d" />
    <TestEntry testId="3899855e-12e1-424c-b174-ea214e347880" executionId="6d5a479e-c571-418d-a9ae-7233c7d8b512" testListId="8c84fa94-04c1-424b-9868-57a2d4851a1d" />
    <TestEntry testId="fecaced4-12eb-4a53-ae30-e43230334ac3" executionId="3f6ea1f3-65ce-4f3a-b84d-8ea171ec28ae" testListId="8c84fa94-04c1-424b-9868-57a2d4851a1d" />
    <TestEntry testId="4fd8397c-3156-4bbe-b953-a2eec9998dd4" executionId="52e4e222-7a39-48ce-857b-ec3fa85f763b" testListId="8c84fa94-04c1-424b-9868-57a2d4851a1d" />
    <TestEntry testId="8849e8d3-c07a-4b01-8edb-8b81d538b821" executionId="41852a91-25dc-46e3-a1f3-ac14cd84973c" testListId="8c84fa94-04c1-424b-9868-57a2d4851a1d" />
    <TestEntry testId="6f45db84-b4e0-4e14-977f-9bad9a3fa4d4" executionId="a6c04542-bed3-4eeb-8df3-7bee058c88da" testListId="8c84fa94-04c1-424b-9868-57a2d4851a1d" />
    <TestEntry testId="a79955d5-f3a6-46d4-ae29-50756ad73f86" executionId="0c973966-939e-431e-a80a-b7ca90b9c2ad" testListId="8c84fa94-04c1-424b-9868-57a2d4851a1d" />
    <TestEntry testId="af8c1c9a-2f7f-4253-99b2-f8ad2eb7f344" executionId="8d2bb531-6669-4eb5-87f7-d1dba0c559f6" testListId="8c84fa94-04c1-424b-9868-57a2d4851a1d" />
    <TestEntry testId="8cf235be-da26-4f56-8e8a-4584f18532fc" executionId="e5ce8f8a-3630-456e-8914-06cc6d4b9faf" testListId="8c84fa94-04c1-424b-9868-57a2d4851a1d" />
    <TestEntry testId="db44d2be-6c6d-4fd6-87b6-946929a97afa" executionId="566fcf8c-e12b-4b90-8c07-86304209fb42" testListId="8c84fa94-04c1-424b-9868-57a2d4851a1d" />
    <TestEntry testId="8914ca7f-e54c-4f12-bb8a-bff3f3734c82" executionId="d7eae52a-896a-4de8-bc86-ca7f7df2d9ea" testListId="8c84fa94-04c1-424b-9868-57a2d4851a1d" />
    <TestEntry testId="63f3dfe7-c5b5-49e2-9605-dfbaf08f4318" executionId="35c574c1-a0cc-4d7d-9457-4bc49f6d623c" testListId="8c84fa94-04c1-424b-9868-57a2d4851a1d" />
    <TestEntry testId="7fad43ca-8958-4acd-8904-85a8438b2921" executionId="29744d6c-b675-40ef-9597-70690522ab77" testListId="8c84fa94-04c1-424b-9868-57a2d4851a1d" />
    <TestEntry testId="f93a98b4-a21d-4f8b-86e5-d9063ac99422" executionId="a443648e-364f-477a-afab-a9273e41ffe9" testListId="8c84fa94-04c1-424b-9868-57a2d4851a1d" />
    <TestEntry testId="6bb4fbcf-dfa5-48ee-a120-8320f9e841f7" executionId="68f0e1d3-c774-4108-b69a-34d24b7f87ec" testListId="8c84fa94-04c1-424b-9868-57a2d4851a1d" />
    <TestEntry testId="b5a4898f-ab22-459c-9836-deb2daa40632" executionId="58b2f71c-038b-433c-8bf7-d300bd2af3c2" testListId="8c84fa94-04c1-424b-9868-57a2d4851a1d" />
    <TestEntry testId="d0530d09-9596-4751-9a0e-a0a26931fd00" executionId="427c20dd-2138-4491-af17-ad3cfecc7310" testListId="8c84fa94-04c1-424b-9868-57a2d4851a1d" />
    <TestEntry testId="11d76f5f-bb5a-4d98-bf8a-97cbf6006eb1" executionId="bb841ddd-4182-4b4a-ad01-5bd8ee7df5fd" testListId="8c84fa94-04c1-424b-9868-57a2d4851a1d" />
    <TestEntry testId="36deaf35-a1de-4b67-98aa-0a5b02b54a51" executionId="8fcf9706-a3ce-40c2-8ea7-82ba965f911b" testListId="8c84fa94-04c1-424b-9868-57a2d4851a1d" />
    <TestEntry testId="cfb279fd-8784-43d8-ace4-86462e89f5cf" executionId="58d143d4-758a-44ff-a4a3-47aa1c54ca87" testListId="8c84fa94-04c1-424b-9868-57a2d4851a1d" />
    <TestEntry testId="a0fe8046-ee00-406e-9c27-2efa47e634d0" executionId="297b1596-c7fe-4ea2-98b3-b5d93efab696" testListId="8c84fa94-04c1-424b-9868-57a2d4851a1d" />
    <TestEntry testId="f8a935af-69fb-4c43-9b31-f1ad145bce0f" executionId="8e754f9c-7459-46a7-a87c-5759f67c8ae3" testListId="8c84fa94-04c1-424b-9868-57a2d4851a1d" />
    <TestEntry testId="3d3a9564-693c-4707-9403-dacbb9232567" executionId="84034b83-0305-4067-a9dd-e5c47614f22f" testListId="8c84fa94-04c1-424b-9868-57a2d4851a1d" />
    <TestEntry testId="85e1f0bf-0950-4270-96b5-a39d8330dd88" executionId="a8577d2f-434a-4dcf-ab17-c4f219d5dafd" testListId="8c84fa94-04c1-424b-9868-57a2d4851a1d" />
    <TestEntry testId="10a2fa65-c033-43e2-8fa0-6addc499483c" executionId="530eaff7-07e7-4ca5-b301-a5adeecd6b83" testListId="8c84fa94-04c1-424b-9868-57a2d4851a1d" />
    <TestEntry testId="60e8fd39-761e-4c04-a229-90cb23d396e5" executionId="6da4262a-8285-40a0-9f5c-517f37ec7aac" testListId="8c84fa94-04c1-424b-9868-57a2d4851a1d" />
    <TestEntry testId="f7f6ca3f-b5e2-42c2-80bd-a11e9b188de4" executionId="3caa0437-cbb4-454c-9384-fe320fbbd12f" testListId="8c84fa94-04c1-424b-9868-57a2d4851a1d" />
    <TestEntry testId="3a535ccb-3762-4640-948b-f2c6fe5b7092" executionId="30e88996-06ff-4351-a482-2dfe2d5da4c6" testListId="8c84fa94-04c1-424b-9868-57a2d4851a1d" />
    <TestEntry testId="e2b991d0-0177-4fb2-ae2b-b8c5903aa644" executionId="004268af-0d7a-4a8f-9309-fef9b295dd9c" testListId="8c84fa94-04c1-424b-9868-57a2d4851a1d" />
    <TestEntry testId="bed82b39-07e8-4dba-83a0-ec3381329b1c" executionId="e5c4719c-9a13-4404-a282-58dca720cbd7" testListId="8c84fa94-04c1-424b-9868-57a2d4851a1d" />
    <TestEntry testId="467484c4-c923-4941-b48c-96107c749325" executionId="f045031b-e2c8-46ae-aa61-662bc4ff274a" testListId="8c84fa94-04c1-424b-9868-57a2d4851a1d" />
    <TestEntry testId="d7bfd5c0-aecd-46eb-af61-d3ff8501f6fc" executionId="2b4fdb56-0b1a-4f54-80ef-2553c3d06e78" testListId="8c84fa94-04c1-424b-9868-57a2d4851a1d" />
    <TestEntry testId="bc812c3a-063d-4eda-9dbc-a16d2508e35b" executionId="a957502a-1631-4453-aa0e-0d297a72657c" testListId="8c84fa94-04c1-424b-9868-57a2d4851a1d" />
    <TestEntry testId="c43d3263-9b12-4019-a78b-cba577ce95fd" executionId="115061ca-9951-45a9-b9be-d1f586e37337" testListId="8c84fa94-04c1-424b-9868-57a2d4851a1d" />
    <TestEntry testId="54ae552b-f779-4777-b224-296bb0468394" executionId="6c68ae8b-238c-4a36-9522-87d67963182a" testListId="8c84fa94-04c1-424b-9868-57a2d4851a1d" />
    <TestEntry testId="b7bd8a48-e852-4689-ab0a-d040ec56673c" executionId="b489f266-7c0a-4204-8347-563945533ecb" testListId="8c84fa94-04c1-424b-9868-57a2d4851a1d" />
    <TestEntry testId="e6764aaf-ea37-4566-b164-ef7589fc531a" executionId="4c827568-a1e2-4302-b461-bcef2bac3fbf" testListId="8c84fa94-04c1-424b-9868-57a2d4851a1d" />
    <TestEntry testId="1b4bf6bc-8cdd-4244-ba4d-d332dfe2f2d1" executionId="1473b5bc-0783-489e-89f3-835d7a2d77ce" testListId="8c84fa94-04c1-424b-9868-57a2d4851a1d" />
    <TestEntry testId="2ef9d163-58bc-44fd-838e-81aadca26af1" executionId="15ba4bdf-75c2-490b-bdc7-89ff4e8b6933" testListId="8c84fa94-04c1-424b-9868-57a2d4851a1d" />
    <TestEntry testId="c29a308e-5933-4ffc-a259-cf1d00a5a12d" executionId="862ba082-fae6-4331-9662-1a51030ff91f" testListId="8c84fa94-04c1-424b-9868-57a2d4851a1d" />
    <TestEntry testId="e8ca268c-703f-4e2d-ad07-5014c92132a3" executionId="3bc03f45-d831-4d15-afcb-f98a338625e4" testListId="8c84fa94-04c1-424b-9868-57a2d4851a1d" />
    <TestEntry testId="e1111fa4-5ad7-4d30-b01c-d6c1edcf52d4" executionId="e86031b9-7246-491b-94a1-905d638623de" testListId="8c84fa94-04c1-424b-9868-57a2d4851a1d" />
    <TestEntry testId="98374e23-77a9-4ace-90ee-2a643d64fcb0" executionId="f3b6b4f8-6bf6-4454-acd4-67e3f9c9b545" testListId="8c84fa94-04c1-424b-9868-57a2d4851a1d" />
    <TestEntry testId="baf4891d-10f1-4837-ac20-541687d84103" executionId="2cf10abb-e594-4364-a551-3c08291baaae" testListId="8c84fa94-04c1-424b-9868-57a2d4851a1d" />
    <TestEntry testId="e7c5a262-65d9-407f-9828-b8c0424703b5" executionId="c58542eb-20c6-4dee-bdf0-8cf6d9afba95" testListId="8c84fa94-04c1-424b-9868-57a2d4851a1d" />
    <TestEntry testId="6bf2d23a-7d55-4620-b6f6-5a050f2b8819" executionId="d0d7796b-65fc-46b0-b717-f1e9e9557fc8" testListId="8c84fa94-04c1-424b-9868-57a2d4851a1d" />
    <TestEntry testId="031f85a8-434d-4b2f-8d14-0130d8b916bc" executionId="33feab09-e891-488d-8400-0a0f1dbc23d3" testListId="8c84fa94-04c1-424b-9868-57a2d4851a1d" />
    <TestEntry testId="c8baefb3-c665-46c3-93be-d73dd83dcda7" executionId="6cb4d3b2-68a3-4106-8910-5727ebcef820" testListId="8c84fa94-04c1-424b-9868-57a2d4851a1d" />
    <TestEntry testId="b1e7430f-addb-469a-b9aa-dfcdf040d008" executionId="6b09b343-228b-4a87-85e8-b3bdaab1c2dc" testListId="8c84fa94-04c1-424b-9868-57a2d4851a1d" />
    <TestEntry testId="27b5d4ee-96c7-4bfe-996c-88a9e07283a9" executionId="64ae2834-2f51-4045-b4d8-7f825e416d62" testListId="8c84fa94-04c1-424b-9868-57a2d4851a1d" />
    <TestEntry testId="31fc29fc-5188-41b6-97e6-6149169e1ae3" executionId="412ecbed-7434-4e3e-bb3f-94747898d356" testListId="8c84fa94-04c1-424b-9868-57a2d4851a1d" />
    <TestEntry testId="777ecb6d-333b-412f-9a9f-3c3f8ca27fc6" executionId="f70fedd6-6e71-4c3b-88dd-f47aef440bc0" testListId="8c84fa94-04c1-424b-9868-57a2d4851a1d" />
    <TestEntry testId="01cfce44-5c76-460a-a3c5-205a8a08300c" executionId="7a05787d-71c6-4ca2-a5d1-9f4ca09131b3" testListId="8c84fa94-04c1-424b-9868-57a2d4851a1d" />
    <TestEntry testId="1a960efe-f058-4d1c-aba0-2d3e8e86f10a" executionId="6452a180-d5e8-464f-bc6f-c68d6a582520" testListId="8c84fa94-04c1-424b-9868-57a2d4851a1d" />
    <TestEntry testId="d953d7cc-52cf-48dc-964a-491a2b998fbc" executionId="a8d8a00e-fe8c-4b5c-824c-a2d02dae9cfb" testListId="8c84fa94-04c1-424b-9868-57a2d4851a1d" />
    <TestEntry testId="a4415e93-0434-417b-a918-24be298856f2" executionId="969bdcc1-c153-477e-be86-4a826a59bde4" testListId="8c84fa94-04c1-424b-9868-57a2d4851a1d" />
    <TestEntry testId="3b339672-f51a-4775-ab56-0713f441791d" executionId="906b1c74-3981-4ea0-b543-e60475a6e740" testListId="8c84fa94-04c1-424b-9868-57a2d4851a1d" />
    <TestEntry testId="ec2a4a08-4cfc-4b05-a636-a03aa668c224" executionId="a96e5f44-5789-4fda-b83c-acc9289010f2" testListId="8c84fa94-04c1-424b-9868-57a2d4851a1d" />
    <TestEntry testId="288cb8c2-0966-4c4d-bd40-011389dacd29" executionId="7b18dd9d-8806-4d73-9f1a-6644a3c723a8" testListId="8c84fa94-04c1-424b-9868-57a2d4851a1d" />
    <TestEntry testId="43420c1a-d8d7-4c7d-a186-3f6992c38a15" executionId="c65e2c7d-5caa-474d-bee3-a2ede3a4ebc6" testListId="8c84fa94-04c1-424b-9868-57a2d4851a1d" />
    <TestEntry testId="cf8bc8fd-f832-458d-b41b-861e2a4c14e4" executionId="d7e9dabf-eb75-4ea4-9e2e-a6ae4cc285f6" testListId="8c84fa94-04c1-424b-9868-57a2d4851a1d" />
    <TestEntry testId="6eaaa5cf-ca0c-4196-ba27-045f6bf9563e" executionId="7df6910f-2135-4fe8-bcd7-edcc4b9d02d3" testListId="8c84fa94-04c1-424b-9868-57a2d4851a1d" />
    <TestEntry testId="1071477a-d8ef-4577-85ca-c1cee0573bf6" executionId="f384a99e-5bb6-4c71-b42a-3b781205164f" testListId="8c84fa94-04c1-424b-9868-57a2d4851a1d" />
    <TestEntry testId="3af02e2d-4377-421b-a950-690777076945" executionId="6e71bab0-a06d-48e1-8d73-b120f01493f0" testListId="8c84fa94-04c1-424b-9868-57a2d4851a1d" />
    <TestEntry testId="48e0e904-cdb9-4469-a08a-649fe1f175a9" executionId="06704f24-ad88-4321-98fb-400764c0d2a4" testListId="8c84fa94-04c1-424b-9868-57a2d4851a1d" />
    <TestEntry testId="3788006b-c13a-4ddd-b5b8-c8cb92128e26" executionId="f6b0a587-2227-4cdb-9263-ccb38d02fa2b" testListId="8c84fa94-04c1-424b-9868-57a2d4851a1d" />
    <TestEntry testId="8510b080-c9fe-48b9-8bd1-f24ced9ab346" executionId="a6deeb89-c81b-4d1f-96a5-f344d5fc19a5" testListId="8c84fa94-04c1-424b-9868-57a2d4851a1d" />
    <TestEntry testId="f4d99074-23b0-4f6f-8aa1-d29706d1e139" executionId="b85818c4-d270-4351-8ddd-d9253027fa38" testListId="8c84fa94-04c1-424b-9868-57a2d4851a1d" />
    <TestEntry testId="6d1bbd01-3374-4941-88ee-855c49c9779c" executionId="dbf220bc-a6cd-4e3f-834c-59f87a085ac6" testListId="8c84fa94-04c1-424b-9868-57a2d4851a1d" />
    <TestEntry testId="48b9aa15-14b2-4363-8e84-a6d79f13c0cc" executionId="901bb559-2b24-45b9-89ac-7d53a6904434" testListId="8c84fa94-04c1-424b-9868-57a2d4851a1d" />
    <TestEntry testId="889a64a9-0733-47a3-a815-86d8d0ca5475" executionId="896528b3-3a0a-4619-a16f-53bdcb1dcb4f" testListId="8c84fa94-04c1-424b-9868-57a2d4851a1d" />
    <TestEntry testId="7bc9e3db-e8d5-4b99-8685-024b55b47786" executionId="eab2ad7a-3a89-4005-9dcb-7c0b59b35840" testListId="8c84fa94-04c1-424b-9868-57a2d4851a1d" />
    <TestEntry testId="f1e93eaa-3f2e-4e93-9291-b50b9f0a8a50" executionId="fc8ea685-6822-4acc-aed4-304536b592da" testListId="8c84fa94-04c1-424b-9868-57a2d4851a1d" />
    <TestEntry testId="4ba56249-f93a-47a2-8477-faec0f638d01" executionId="7f95e14a-38c7-4479-add5-8b0b3ec1f217" testListId="8c84fa94-04c1-424b-9868-57a2d4851a1d" />
    <TestEntry testId="c0a522af-1615-481e-adab-9aa2a7523f55" executionId="83d4fd42-3691-417e-86b1-21ae7d6e68a0" testListId="8c84fa94-04c1-424b-9868-57a2d4851a1d" />
    <TestEntry testId="0b0e9af1-81b7-48d8-b841-99f7bfe81536" executionId="967799cb-487d-4036-bbd3-7bedcbb4df5f" testListId="8c84fa94-04c1-424b-9868-57a2d4851a1d" />
    <TestEntry testId="c35c1d52-9664-40c6-b797-2e746a048ff5" executionId="62054cee-9a97-4394-916f-7475c0381a4f" testListId="8c84fa94-04c1-424b-9868-57a2d4851a1d" />
    <TestEntry testId="592ec64f-0650-4213-b379-e858995d9aa1" executionId="f6bbe2a3-ac3a-469a-bad9-9a45f505c71d" testListId="8c84fa94-04c1-424b-9868-57a2d4851a1d" />
    <TestEntry testId="c5ec1771-6b19-4a49-8a38-5554f1d258dd" executionId="d14b0be1-c1ac-4360-83f4-4fd31b25fa83" testListId="8c84fa94-04c1-424b-9868-57a2d4851a1d" />
    <TestEntry testId="8719953b-938f-4a46-9118-e4f594dbfe06" executionId="49809fd0-6c47-4a58-9d09-859aba124dd5" testListId="8c84fa94-04c1-424b-9868-57a2d4851a1d" />
    <TestEntry testId="767cecae-c285-4c33-bb41-c965508106ab" executionId="c617be2a-3c77-4a5a-9933-ec1eea796de7" testListId="8c84fa94-04c1-424b-9868-57a2d4851a1d" />
    <TestEntry testId="a4e2fa97-3195-4353-9a9d-edfc04d5636c" executionId="51c1425c-a74c-4aae-9520-a616be6d0842" testListId="8c84fa94-04c1-424b-9868-57a2d4851a1d" />
    <TestEntry testId="3f5ff062-7a82-48fd-9b77-d503599718b4" executionId="3fe681e7-f8e1-415d-b464-efa78b3fb2f4" testListId="8c84fa94-04c1-424b-9868-57a2d4851a1d" />
    <TestEntry testId="19e9ebb8-3d06-47a0-95bc-8707af267faa" executionId="4208be60-3081-4445-b1ca-dc51e0975ae0" testListId="8c84fa94-04c1-424b-9868-57a2d4851a1d" />
    <TestEntry testId="ff47d9fb-f9d1-466b-b0a3-ad653372e5b6" executionId="02c2a38d-2499-43e9-942f-57ff21afb4f4" testListId="8c84fa94-04c1-424b-9868-57a2d4851a1d" />
    <TestEntry testId="0b604310-f682-436e-a588-97ad01c53178" executionId="de65fa24-e1e0-456c-8a90-f283244c3d73" testListId="8c84fa94-04c1-424b-9868-57a2d4851a1d" />
  </TestEntries>
  <TestLists>
    <TestList name="Results Not in a List" id="8c84fa94-04c1-424b-9868-57a2d4851a1d" />
    <TestList name="All Loaded Results" id="19431567-8539-422a-85d7-44ee4e166bda" />
  </TestLists>
  <ResultSummary outcome="Completed">
    <Counters total="142" executed="142" passed="142" failed="0" error="0" timeout="0" aborted="0" inconclusive="0" passedButRunAborted="0" notRunnable="0" notExecuted="0" disconnected="0" warning="0" completed="0" inProgress="0" pending="0" />
    <Output>
      <StdOut>Log Message: No _ckeditor instance. from d:\v2.0\a1\_work\dbded102\vso\tfs\service\webaccess\presentation\testscripts\common\tests\TfsTests.RichText.ts
Log Message: No _ckeditor instance. from d:\v2.0\a1\_work\dbded102\vso\tfs\service\webaccess\presentation\testscripts\common\tests\TfsTests.RichText.ts
Log Message: No _ckeditor instance. from d:\v2.0\a1\_work\dbded102\vso\tfs\service\webaccess\presentation\testscripts\common\tests\TfsTests.RichText.ts
Log Message: No _ckeditor instance. from d:\v2.0\a1\_work\dbded102\vso\tfs\service\webaccess\presentation\testscripts\common\tests\TfsTests.RichText.ts
Log Message: No _ckeditor instance. from d:\v2.0\a1\_work\dbded102\vso\tfs\service\webaccess\presentation\testscripts\common\tests\TfsTests.RichText.ts
Log Message: No _ckeditor instance. from d:\v2.0\a1\_work\dbded102\vso\tfs\service\webaccess\presentation\testscripts\common\tests\TfsTests.RichText.ts
Log Message: No _ckeditor instance. from d:\v2.0\a1\_work\dbded102\vso\tfs\service\webaccess\presentation\testscripts\common\tests\TfsTests.RichText.ts
Log Message: No _ckeditor instance. from d:\v2.0\a1\_work\dbded102\vso\tfs\service\webaccess\presentation\testscripts\common\tests\TfsTests.RichText.ts
Log Message: No _ckeditor instance. from d:\v2.0\a1\_work\dbded102\vso\tfs\service\webaccess\presentation\testscripts\common\tests\TfsTests.RichText.ts
Log Message: No _ckeditor instance. from d:\v2.0\a1\_work\dbded102\vso\tfs\service\webaccess\presentation\testscripts\common\tests\TfsTests.RichText.ts
Log Message: No _ckeditor instance. from d:\v2.0\a1\_work\dbded102\vso\tfs\service\webaccess\presentation\testscripts\common\tests\TfsTests.RichText.ts
Log Message: No _ckeditor instance. from d:\v2.0\a1\_work\dbded102\vso\tfs\service\webaccess\presentation\testscripts\common\tests\TfsTests.RichText.ts
Log Message: No _ckeditor instance. from d:\v2.0\a1\_work\dbded102\vso\tfs\service\webaccess\presentation\testscripts\common\tests\TfsTests.RichText.ts
Log Message: No _ckeditor instance. from d:\v2.0\a1\_work\dbded102\vso\tfs\service\webaccess\presentation\testscripts\common\tests\TfsTests.RichText.ts
Log Message: No _ckeditor instance. from d:\v2.0\a1\_work\dbded102\vso\tfs\service\webaccess\presentation\testscripts\common\tests\TfsTests.RichText.ts
Log Message: No _ckeditor instance. from d:\v2.0\a1\_work\dbded102\vso\tfs\service\webaccess\presentation\testscripts\common\tests\TfsTests.RichText.ts
Log Message: No _ckeditor instance. from d:\v2.0\a1\_work\dbded102\vso\tfs\service\webaccess\presentation\testscripts\common\tests\TfsTests.RichText.ts
Log Message: calledOnce: true from d:\v2.0\a1\_work\dbded102\vso\tfs\service\webaccess\presentation\testscripts\common\tests\TFSTests.Host.UI.ts
Log Message: callCount: 1 from d:\v2.0\a1\_work\dbded102\vso\tfs\service\webaccess\presentation\testscripts\common\tests\TFSTests.Host.UI.ts
</StdOut>
    </Output>
  </ResultSummary>
</TestRun>